<?xml version="1.0" encoding="UTF-8"?>
<testsuites tests="80" failures="33" errors="33" skipped="0">
  <testsuite timestamp="2025-06-01T16:16:10" time="728.591" tests="8" failures="1" errors="1" skipped="0">
    <properties>
      <property name="specId" value="0"/>
      <property name="suiteName" value="Stock increase - with WHM US125587"/>
      <property name="capabilities" value="chrome.136_0_7103_93.windows"/>
      <property name="file" value="file:///D:/a/1/s/test/specs/HTR/stock-increase.spec.js"/>
    </properties>
    <testcase classname="chrome.136_0_7103_93.windows.Stock_increase_-_with_WHM_US125587" name="Should create a new WHM yard" time="116.271">
      <system-out><![CDATA[
COMMAND: POST /session/80b25485da4cce0461fa749928cde446/window/fullscreen - {}
RESULT: {}
COMMAND: POST /session/80b25485da4cce0461fa749928cde446/execute/async - {"script":"<script> [1562 bytes]","args":[{"selector":{"controlType":"sap.m.GenericTile","properties":{"header":"Manage Yards"}},"wdio_ui5_key":"sapm.GenericTile{\"header\":\"Manage Yards\"}"}]}
RESULT: {"script":"<script> [1562 bytes]","args":[{"selector":{"controlType":"sap.m.GenericTile","properties":{"header":"Manage Yards"}},"wdio_ui5_key":"sapm.GenericTile{\"header\":\"Manage Yards\"}"}]}
RESULT: undefined
COMMAND: POST /session/80b25485da4cce0461fa749928cde446/element - {"using":"xpath","value":"//*[@id=\"__tile41\"]"}
RESULT: {"using":"xpath","value":"//*[@id=\"__tile41\"]"}
COMMAND: POST /session/80b25485da4cce0461fa749928cde446/element/f.499FA332C3249B1FB6786AFDCB682F30.d.C69170F6E43CB9E36C62E83F0B9C88B7.e.128/click - {}
RESULT: {}
COMMAND: GET /session/80b25485da4cce0461fa749928cde446/screenshot - {}
RESULT: {}
COMMAND: POST /session/80b25485da4cce0461fa749928cde446/elements - {"using":"xpath","value":"//span[text()='Error']"}
RESULT: {"using":"xpath","value":"//span[text()='Error']"}
COMMAND: POST /session/80b25485da4cce0461fa749928cde446/element - {"using":"xpath","value":"//button[@data-kt=\"addNewYardOverflowToolbarButton\"]"}
RESULT: {"using":"xpath","value":"//button[@data-kt=\"addNewYardOverflowToolbarButton\"]"}
COMMAND: POST /session/80b25485da4cce0461fa749928cde446/elements - {"using":"xpath","value":"//button[@data-kt=\"addNewYardOverflowToolbarButton\"]"}
RESULT: {"using":"xpath","value":"//button[@data-kt=\"addNewYardOverflowToolbarButton\"]"}
COMMAND: POST /session/80b25485da4cce0461fa749928cde446/execute/sync - {"script":"<script> [8489 bytes]","args":[{"element-6066-11e4-a52e-4f735466cecf":"f.499FA332C3249B1FB6786AFDCB682F30.d.C69170F6E43CB9E36C62E83F0B9C88B7.e.257","ELEMENT":"f.499FA332C3249B1FB6786AFDCB682F30.d.C69170F6E43CB9E36C62E83F0B9C88B7.e.257"}]}
RESULT: {"script":"<script> [8489 bytes]","args":[{"element-6066-11e4-a52e-4f735466cecf":"f.499FA332C3249B1FB6786AFDCB682F30.d.C69170F6E43CB9E36C62E83F0B9C88B7.e.257","ELEMENT":"f.499FA332C3249B1FB6786AFDCB682F30.d.C69170F6E43CB9E36C62E83F0B9C88B7.e.257"}]}
COMMAND: GET /session/80b25485da4cce0461fa749928cde446/element/f.499FA332C3249B1FB6786AFDCB682F30.d.C69170F6E43CB9E36C62E83F0B9C88B7.e.257/enabled - {}
COMMAND: GET /session/80b25485da4cce0461fa749928cde446/screenshot - {}
RESULT: {}
COMMAND: POST /session/80b25485da4cce0461fa749928cde446/execute/sync - {"script":"<script> [8489 bytes]","args":[{"element-6066-11e4-a52e-4f735466cecf":"f.499FA332C3249B1FB6786AFDCB682F30.d.C69170F6E43CB9E36C62E83F0B9C88B7.e.257","ELEMENT":"f.499FA332C3249B1FB6786AFDCB682F30.d.C69170F6E43CB9E36C62E83F0B9C88B7.e.257"}]}
COMMAND: GET /session/80b25485da4cce0461fa749928cde446/screenshot - {}
RESULT: {}
RESULT: {}
RESULT: {"script":"<script> [8489 bytes]","args":[{"element-6066-11e4-a52e-4f735466cecf":"f.499FA332C3249B1FB6786AFDCB682F30.d.C69170F6E43CB9E36C62E83F0B9C88B7.e.257","ELEMENT":"f.499FA332C3249B1FB6786AFDCB682F30.d.C69170F6E43CB9E36C62E83F0B9C88B7.e.257"}]}
COMMAND: POST /session/80b25485da4cce0461fa749928cde446/execute/sync - {"script":"<script> [5351 bytes]","args":[{"element-6066-11e4-a52e-4f735466cecf":"f.499FA332C3249B1FB6786AFDCB682F30.d.C69170F6E43CB9E36C62E83F0B9C88B7.e.257","ELEMENT":"f.499FA332C3249B1FB6786AFDCB682F30.d.C69170F6E43CB9E36C62E83F0B9C88B7.e.257"}]}
COMMAND: GET /session/80b25485da4cce0461fa749928cde446/screenshot - {}
RESULT: {"script":"<script> [5351 bytes]","args":[{"element-6066-11e4-a52e-4f735466cecf":"f.499FA332C3249B1FB6786AFDCB682F30.d.C69170F6E43CB9E36C62E83F0B9C88B7.e.257","ELEMENT":"f.499FA332C3249B1FB6786AFDCB682F30.d.C69170F6E43CB9E36C62E83F0B9C88B7.e.257"}]}
COMMAND: POST /session/80b25485da4cce0461fa749928cde446/element/f.499FA332C3249B1FB6786AFDCB682F30.d.C69170F6E43CB9E36C62E83F0B9C88B7.e.257/click - {}
COMMAND: GET /session/80b25485da4cce0461fa749928cde446/screenshot - {}
RESULT: {}
RESULT: {}
COMMAND: GET /session/80b25485da4cce0461fa749928cde446/screenshot - {}
RESULT: {}
RESULT: {}
COMMAND: POST /session/80b25485da4cce0461fa749928cde446/element - {"using":"xpath","value":"//input[@id=\"application-manageyards-display-component---NewYard--yardId-inner\"]"}
RESULT: {"using":"xpath","value":"//input[@id=\"application-manageyards-display-component---NewYard--yardId-inner\"]"}
COMMAND: POST /session/80b25485da4cce0461fa749928cde446/element - {"using":"xpath","value":"//input[@id=\"application-manageyards-display-component---NewYard--yardId-inner\"]"}
RESULT: {"using":"xpath","value":"//input[@id=\"application-manageyards-display-component---NewYard--yardId-inner\"]"}
COMMAND: POST /session/80b25485da4cce0461fa749928cde446/execute/async - {"script":"<script> [1562 bytes]","args":[{"selector":{"id":"application-manageyards-display-component---NewYard--addressDetailDetailsName1","interaction":{"idSuffix":"inner"}},"wdio_ui5_key":"applicationmanageyards-display-component---NewYard--addressDetailDetailsName1"}]}
RESULT: {"script":"<script> [1562 bytes]","args":[{"selector":{"id":"application-manageyards-display-component---NewYard--addressDetailDetailsName1","interaction":{"idSuffix":"inner"}},"wdio_ui5_key":"applicationmanageyards-display-component---NewYard--addressDetailDetailsName1"}]}
RESULT: undefined
COMMAND: POST /session/80b25485da4cce0461fa749928cde446/execute/async - {"script":"<script> [776 bytes]","args":[{"enterText":"Warehouse Managed WDIO","selector":{"id":"application-manageyards-display-component---NewYard--addressDetailDetailsName1","interaction":{"idSuffix":"inner"}},"clearTextFirst":true,"interactionType":"ENTER_TEXT"}]}
RESULT: {"script":"<script> [776 bytes]","args":[{"enterText":"Warehouse Managed WDIO","selector":{"id":"application-manageyards-display-component---NewYard--addressDetailDetailsName1","interaction":{"idSuffix":"inner"}},"clearTextFirst":true,"interactionType":"ENTER_TEXT"}]}
COMMAND: POST /session/80b25485da4cce0461fa749928cde446/execute/async - {"script":"<script> [1562 bytes]","args":[{"selector":{"id":"application-manageyards-display-component---NewYard--addressDetailDetailsLanguage-arrow"},"wdio_ui5_key":"applicationmanageyards-display-component---NewYard--addressDetailDetailsLanguage-arrow"}]}
RESULT: {"script":"<script> [1562 bytes]","args":[{"selector":{"id":"application-manageyards-display-component---NewYard--addressDetailDetailsLanguage-arrow"},"wdio_ui5_key":"applicationmanageyards-display-component---NewYard--addressDetailDetailsLanguage-arrow"}]}
RESULT: undefined
COMMAND: POST /session/80b25485da4cce0461fa749928cde446/element - {"using":"xpath","value":"//*[@id=\"application-manageyards-display-component---NewYard--addressDetailDetailsLanguage-arrow\"]"}
RESULT: {"using":"xpath","value":"//*[@id=\"application-manageyards-display-component---NewYard--addressDetailDetailsLanguage-arrow\"]"}
COMMAND: POST /session/80b25485da4cce0461fa749928cde446/element/f.499FA332C3249B1FB6786AFDCB682F30.d.C69170F6E43CB9E36C62E83F0B9C88B7.e.694/click - {}
RESULT: {}
COMMAND: POST /session/80b25485da4cce0461fa749928cde446/element - {"using":"xpath","value":"//span[contains(text(), \"English\")]"}
COMMAND: GET /session/80b25485da4cce0461fa749928cde446/screenshot - {}
RESULT: {"using":"xpath","value":"//span[contains(text(), \"English\")]"}
COMMAND: POST /session/80b25485da4cce0461fa749928cde446/element/f.499FA332C3249B1FB6786AFDCB682F30.d.C69170F6E43CB9E36C62E83F0B9C88B7.e.695/click - {}
RESULT: {}
RESULT: {}
COMMAND: POST /session/80b25485da4cce0461fa749928cde446/execute/async - {"script":"<script> [1562 bytes]","args":[{"selector":{"id":"application-manageyards-display-component---NewYard--addressDetailDetailsCity1","interaction":{"idSuffix":"inner"}},"wdio_ui5_key":"applicationmanageyards-display-component---NewYard--addressDetailDetailsCity1"}]}
COMMAND: GET /session/80b25485da4cce0461fa749928cde446/screenshot - {}
RESULT: {"script":"<script> [1562 bytes]","args":[{"selector":{"id":"application-manageyards-display-component---NewYard--addressDetailDetailsCity1","interaction":{"idSuffix":"inner"}},"wdio_ui5_key":"applicationmanageyards-display-component---NewYard--addressDetailDetailsCity1"}]}
RESULT: undefined
COMMAND: POST /session/80b25485da4cce0461fa749928cde446/execute/async - {"script":"<script> [776 bytes]","args":[{"enterText":"Rosario","selector":{"id":"application-manageyards-display-component---NewYard--addressDetailDetailsCity1","interaction":{"idSuffix":"inner"}},"clearTextFirst":true,"interactionType":"ENTER_TEXT"}]}
RESULT: {}
RESULT: {"script":"<script> [776 bytes]","args":[{"enterText":"Rosario","selector":{"id":"application-manageyards-display-component---NewYard--addressDetailDetailsCity1","interaction":{"idSuffix":"inner"}},"clearTextFirst":true,"interactionType":"ENTER_TEXT"}]}
COMMAND: POST /session/80b25485da4cce0461fa749928cde446/execute/async - {"script":"<script> [1562 bytes]","args":[{"selector":{"id":"application-manageyards-display-component---NewYard--addressDetailDetailsCountry-arrow"},"wdio_ui5_key":"applicationmanageyards-display-component---NewYard--addressDetailDetailsCountry-arrow"}]}
RESULT: {"script":"<script> [1562 bytes]","args":[{"selector":{"id":"application-manageyards-display-component---NewYard--addressDetailDetailsCountry-arrow"},"wdio_ui5_key":"applicationmanageyards-display-component---NewYard--addressDetailDetailsCountry-arrow"}]}
RESULT: undefined
COMMAND: POST /session/80b25485da4cce0461fa749928cde446/element - {"using":"xpath","value":"//*[@id=\"application-manageyards-display-component---NewYard--addressDetailDetailsCountry-arrow\"]"}
RESULT: {"using":"xpath","value":"//*[@id=\"application-manageyards-display-component---NewYard--addressDetailDetailsCountry-arrow\"]"}
COMMAND: POST /session/80b25485da4cce0461fa749928cde446/element/f.499FA332C3249B1FB6786AFDCB682F30.d.C69170F6E43CB9E36C62E83F0B9C88B7.e.697/click - {}
RESULT: {}
COMMAND: POST /session/80b25485da4cce0461fa749928cde446/element - {"using":"xpath","value":"//span[contains(text(), \"Argentina\")]"}
COMMAND: GET /session/80b25485da4cce0461fa749928cde446/screenshot - {}
RESULT: {"using":"xpath","value":"//span[contains(text(), \"Argentina\")]"}
COMMAND: POST /session/80b25485da4cce0461fa749928cde446/element/f.499FA332C3249B1FB6786AFDCB682F30.d.C69170F6E43CB9E36C62E83F0B9C88B7.e.698/click - {}
RESULT: {}
RESULT: {}
COMMAND: POST /session/80b25485da4cce0461fa749928cde446/execute/async - {"script":"<script> [1562 bytes]","args":[{"selector":{"id":"application-manageyards-display-component---NewYard--addressEditDetailsCostObjectCstType-arrow"},"wdio_ui5_key":"applicationmanageyards-display-component---NewYard--addressEditDetailsCostObjectCstType-arrow"}]}
COMMAND: GET /session/80b25485da4cce0461fa749928cde446/screenshot - {}
RESULT: {"script":"<script> [1562 bytes]","args":[{"selector":{"id":"application-manageyards-display-component---NewYard--addressEditDetailsCostObjectCstType-arrow"},"wdio_ui5_key":"applicationmanageyards-display-component---NewYard--addressEditDetailsCostObjectCstType-arrow"}]}
RESULT: undefined
COMMAND: POST /session/80b25485da4cce0461fa749928cde446/element - {"using":"xpath","value":"//*[@id=\"application-manageyards-display-component---NewYard--addressEditDetailsCostObjectCstType-arrow\"]"}
RESULT: {}
RESULT: {"using":"xpath","value":"//*[@id=\"application-manageyards-display-component---NewYard--addressEditDetailsCostObjectCstType-arrow\"]"}
COMMAND: POST /session/80b25485da4cce0461fa749928cde446/element/f.499FA332C3249B1FB6786AFDCB682F30.d.C69170F6E43CB9E36C62E83F0B9C88B7.e.700/click - {}
RESULT: {}
COMMAND: POST /session/80b25485da4cce0461fa749928cde446/element - {"using":"xpath","value":"//span[contains(text(), \"Cost Center\")]"}
COMMAND: GET /session/80b25485da4cce0461fa749928cde446/screenshot - {}
RESULT: {"using":"xpath","value":"//span[contains(text(), \"Cost Center\")]"}
COMMAND: POST /session/80b25485da4cce0461fa749928cde446/element/f.499FA332C3249B1FB6786AFDCB682F30.d.C69170F6E43CB9E36C62E83F0B9C88B7.e.701/click - {}
RESULT: {}
RESULT: {}
COMMAND: GET /session/80b25485da4cce0461fa749928cde446/screenshot - {}
RESULT: {}
COMMAND: POST /session/80b25485da4cce0461fa749928cde446/element - {"using":"xpath","value":"//span[@id=\"application-manageyards-display-component---NewYard--addressNewCostObjectCstID-vhi\"]"}
RESULT: {"using":"xpath","value":"//span[@id=\"application-manageyards-display-component---NewYard--addressNewCostObjectCstID-vhi\"]"}
COMMAND: POST /session/80b25485da4cce0461fa749928cde446/execute/sync - {"script":"<script> [8489 bytes]","args":[{"element-6066-11e4-a52e-4f735466cecf":"f.499FA332C3249B1FB6786AFDCB682F30.d.C69170F6E43CB9E36C62E83F0B9C88B7.e.705","ELEMENT":"f.499FA332C3249B1FB6786AFDCB682F30.d.C69170F6E43CB9E36C62E83F0B9C88B7.e.705"}]}
RESULT: {"script":"<script> [8489 bytes]","args":[{"element-6066-11e4-a52e-4f735466cecf":"f.499FA332C3249B1FB6786AFDCB682F30.d.C69170F6E43CB9E36C62E83F0B9C88B7.e.705","ELEMENT":"f.499FA332C3249B1FB6786AFDCB682F30.d.C69170F6E43CB9E36C62E83F0B9C88B7.e.705"}]}
COMMAND: POST /session/80b25485da4cce0461fa749928cde446/execute/async - {"script":"<script> [1562 bytes]","args":[{"selector":{"id":"application-manageyards-display-component---NewYard--addressNewCostObjectCstID-vhi"},"wdio_ui5_key":"applicationmanageyards-display-component---NewYard--addressNewCostObjectCstID-vhi"}]}
COMMAND: GET /session/80b25485da4cce0461fa749928cde446/screenshot - {}
RESULT: {"script":"<script> [1562 bytes]","args":[{"selector":{"id":"application-manageyards-display-component---NewYard--addressNewCostObjectCstID-vhi"},"wdio_ui5_key":"applicationmanageyards-display-component---NewYard--addressNewCostObjectCstID-vhi"}]}
RESULT: undefined
COMMAND: POST /session/80b25485da4cce0461fa749928cde446/element - {"using":"xpath","value":"//*[@id=\"application-manageyards-display-component---NewYard--addressNewCostObjectCstID-vhi\"]"}
RESULT: {}
RESULT: {"using":"xpath","value":"//*[@id=\"application-manageyards-display-component---NewYard--addressNewCostObjectCstID-vhi\"]"}
COMMAND: POST /session/80b25485da4cce0461fa749928cde446/element/f.499FA332C3249B1FB6786AFDCB682F30.d.C69170F6E43CB9E36C62E83F0B9C88B7.e.705/click - {}
RESULT: {}
COMMAND: GET /session/80b25485da4cce0461fa749928cde446/screenshot - {}
RESULT: {}
COMMAND: POST /session/80b25485da4cce0461fa749928cde446/execute/async - {"script":"<script> [1562 bytes]","args":[{"selector":{"controlType":"sap.m.SearchField","properties":{"placeholder":"Search"},"searchOpenDialogs":true,"interaction":{"idSuffix":"I"}},"wdio_ui5_key":"sapm.SearchField{\"placeholder\":\"Search\"}"}]}
RESULT: {"script":"<script> [1562 bytes]","args":[{"selector":{"controlType":"sap.m.SearchField","properties":{"placeholder":"Search"},"searchOpenDialogs":true,"interaction":{"idSuffix":"I"}},"wdio_ui5_key":"sapm.SearchField{\"placeholder\":\"Search\"}"}]}
RESULT: undefined
COMMAND: POST /session/80b25485da4cce0461fa749928cde446/execute/async - {"script":"<script> [776 bytes]","args":[{"enterText":"bauh_b","selector":{"controlType":"sap.m.SearchField","properties":{"placeholder":"Search"},"searchOpenDialogs":true,"interaction":{"idSuffix":"I"}},"clearTextFirst":true,"interactionType":"ENTER_TEXT"}]}
RESULT: {"script":"<script> [776 bytes]","args":[{"enterText":"bauh_b","selector":{"controlType":"sap.m.SearchField","properties":{"placeholder":"Search"},"searchOpenDialogs":true,"interaction":{"idSuffix":"I"}},"clearTextFirst":true,"interactionType":"ENTER_TEXT"}]}
COMMAND: POST /session/80b25485da4cce0461fa749928cde446/actions - {"actions":[{"id":"action1","type":"key","parameters":{},"actions":[{"type":"keyDown","value":""},{"type":"pause","duration":10},{"type":"keyUp","value":""}]}]}
RESULT: {"actions":[{"id":"action1","type":"key","parameters":{},"actions":[{"type":"keyDown","value":""},{"type":"pause","duration":10},{"type":"keyUp","value":""}]}]}
COMMAND: GET /session/80b25485da4cce0461fa749928cde446/screenshot - {}
RESULT: {}
COMMAND: POST /session/80b25485da4cce0461fa749928cde446/element - {"using":"xpath","value":"//span[contains(text(), \"Demo Yard\")]"}
RESULT: {"using":"xpath","value":"//span[contains(text(), \"Demo Yard\")]"}
COMMAND: POST /session/80b25485da4cce0461fa749928cde446/element/f.499FA332C3249B1FB6786AFDCB682F30.d.C69170F6E43CB9E36C62E83F0B9C88B7.e.747/click - {}
RESULT: {}
COMMAND: GET /session/80b25485da4cce0461fa749928cde446/screenshot - {}
RESULT: {}
COMMAND: POST /session/80b25485da4cce0461fa749928cde446/element - {"using":"xpath","value":"//bdi[contains(text(), \"OK\")]"}
RESULT: {"using":"xpath","value":"//bdi[contains(text(), \"OK\")]"}
COMMAND: POST /session/80b25485da4cce0461fa749928cde446/element/f.499FA332C3249B1FB6786AFDCB682F30.d.C69170F6E43CB9E36C62E83F0B9C88B7.e.748/click - {}
RESULT: {}
COMMAND: GET /session/80b25485da4cce0461fa749928cde446/screenshot - {}
RESULT: {}
COMMAND: POST /session/80b25485da4cce0461fa749928cde446/execute/async - {"script":"<script> [1562 bytes]","args":[{"selector":{"id":"application-manageyards-display-component---NewYard--addressEditDetailsCurrency-arrow"},"wdio_ui5_key":"applicationmanageyards-display-component---NewYard--addressEditDetailsCurrency-arrow"}]}
RESULT: {"script":"<script> [1562 bytes]","args":[{"selector":{"id":"application-manageyards-display-component---NewYard--addressEditDetailsCurrency-arrow"},"wdio_ui5_key":"applicationmanageyards-display-component---NewYard--addressEditDetailsCurrency-arrow"}]}
RESULT: undefined
COMMAND: POST /session/80b25485da4cce0461fa749928cde446/element - {"using":"xpath","value":"//*[@id=\"application-manageyards-display-component---NewYard--addressEditDetailsCurrency-arrow\"]"}
RESULT: {"using":"xpath","value":"//*[@id=\"application-manageyards-display-component---NewYard--addressEditDetailsCurrency-arrow\"]"}
COMMAND: POST /session/80b25485da4cce0461fa749928cde446/element/f.499FA332C3249B1FB6786AFDCB682F30.d.C69170F6E43CB9E36C62E83F0B9C88B7.e.751/click - {}
RESULT: {}
COMMAND: POST /session/80b25485da4cce0461fa749928cde446/element - {"using":"xpath","value":"//span[contains(text(), \"Euro\")]"}
COMMAND: GET /session/80b25485da4cce0461fa749928cde446/screenshot - {}
RESULT: {"using":"xpath","value":"//span[contains(text(), \"Euro\")]"}
COMMAND: POST /session/80b25485da4cce0461fa749928cde446/element/f.499FA332C3249B1FB6786AFDCB682F30.d.C69170F6E43CB9E36C62E83F0B9C88B7.e.752/click - {}
RESULT: {}
RESULT: {}
COMMAND: POST /session/80b25485da4cce0461fa749928cde446/execute/async - {"script":"<script> [1562 bytes]","args":[{"selector":{"controlType":"sap.m.Input","viewName":"etm.portal.ui.manageyards.view.New","viewId":"application-manageyards-display-component---NewYard","bindingPath":{"path":"","propertyPath":"/CONTROLLING_AREA","modelName":"NewYardModel"},"interaction":{"idSuffix":"inner"}},"wdio_ui5_key":"etmportal.ui.manageyards.view.Newsap.m.Input{\"path\":\"\",\"propertyPath\":\"/CONTROLLING_AREA\",\"modelName\":\"NewYardModel\"}"}]}
COMMAND: GET /session/80b25485da4cce0461fa749928cde446/screenshot - {}
RESULT: {"script":"<script> [1562 bytes]","args":[{"selector":{"controlType":"sap.m.Input","viewName":"etm.portal.ui.manageyards.view.New","viewId":"application-manageyards-display-component---NewYard","bindingPath":{"path":"","propertyPath":"/CONTROLLING_AREA","modelName":"NewYardModel"},"interaction":{"idSuffix":"inner"}},"wdio_ui5_key":"etmportal.ui.manageyards.view.Newsap.m.Input{\"path\":\"\",\"propertyPath\":\"/CONTROLLING_AREA\",\"modelName\":\"NewYardModel\"}"}]}
RESULT: undefined
COMMAND: POST /session/80b25485da4cce0461fa749928cde446/execute/async - {"script":"<script> [776 bytes]","args":[{"enterText":"Z001","selector":{"controlType":"sap.m.Input","viewName":"etm.portal.ui.manageyards.view.New","viewId":"application-manageyards-display-component---NewYard","bindingPath":{"path":"","propertyPath":"/CONTROLLING_AREA","modelName":"NewYardModel"},"interaction":{"idSuffix":"inner"}},"clearTextFirst":true,"interactionType":"ENTER_TEXT"}]}
RESULT: {}
RESULT: {"script":"<script> [776 bytes]","args":[{"enterText":"Z001","selector":{"controlType":"sap.m.Input","viewName":"etm.portal.ui.manageyards.view.New","viewId":"application-manageyards-display-component---NewYard","bindingPath":{"path":"","propertyPath":"/CONTROLLING_AREA","modelName":"NewYardModel"},"interaction":{"idSuffix":"inner"}},"clearTextFirst":true,"interactionType":"ENTER_TEXT"}]}
COMMAND: POST /session/80b25485da4cce0461fa749928cde446/execute/async - {"script":"<script> [1562 bytes]","args":[{"selector":{"id":"application-manageyards-display-component---NewYard--companyCodeComboBox","interaction":{"idSuffix":"inner"}},"wdio_ui5_key":"applicationmanageyards-display-component---NewYard--companyCodeComboBox"}]}
RESULT: {"script":"<script> [1562 bytes]","args":[{"selector":{"id":"application-manageyards-display-component---NewYard--companyCodeComboBox","interaction":{"idSuffix":"inner"}},"wdio_ui5_key":"applicationmanageyards-display-component---NewYard--companyCodeComboBox"}]}
RESULT: undefined
COMMAND: POST /session/80b25485da4cce0461fa749928cde446/execute/async - {"script":"<script> [776 bytes]","args":[{"enterText":"1000","selector":{"id":"application-manageyards-display-component---NewYard--companyCodeComboBox","interaction":{"idSuffix":"inner"}},"clearTextFirst":true,"interactionType":"ENTER_TEXT"}]}
RESULT: {"script":"<script> [776 bytes]","args":[{"enterText":"1000","selector":{"id":"application-manageyards-display-component---NewYard--companyCodeComboBox","interaction":{"idSuffix":"inner"}},"clearTextFirst":true,"interactionType":"ENTER_TEXT"}]}
COMMAND: POST /session/80b25485da4cce0461fa749928cde446/execute/async - {"script":"<script> [1562 bytes]","args":[{"selector":{"controlType":"sap.m.Input","viewName":"etm.portal.ui.manageyards.view.New","viewId":"application-manageyards-display-component---NewYard","bindingPath":{"path":"","propertyPath":"/PLANT","modelName":"NewYardModel"},"interaction":{"idSuffix":"inner"}},"wdio_ui5_key":"etmportal.ui.manageyards.view.Newsap.m.Input{\"path\":\"\",\"propertyPath\":\"/PLANT\",\"modelName\":\"NewYardModel\"}"}]}
RESULT: {"script":"<script> [1562 bytes]","args":[{"selector":{"controlType":"sap.m.Input","viewName":"etm.portal.ui.manageyards.view.New","viewId":"application-manageyards-display-component---NewYard","bindingPath":{"path":"","propertyPath":"/PLANT","modelName":"NewYardModel"},"interaction":{"idSuffix":"inner"}},"wdio_ui5_key":"etmportal.ui.manageyards.view.Newsap.m.Input{\"path\":\"\",\"propertyPath\":\"/PLANT\",\"modelName\":\"NewYardModel\"}"}]}
RESULT: undefined
COMMAND: POST /session/80b25485da4cce0461fa749928cde446/execute/async - {"script":"<script> [776 bytes]","args":[{"enterText":"1001","selector":{"controlType":"sap.m.Input","viewName":"etm.portal.ui.manageyards.view.New","viewId":"application-manageyards-display-component---NewYard","bindingPath":{"path":"","propertyPath":"/PLANT","modelName":"NewYardModel"},"interaction":{"idSuffix":"inner"}},"clearTextFirst":true,"interactionType":"ENTER_TEXT"}]}
RESULT: {"script":"<script> [776 bytes]","args":[{"enterText":"1001","selector":{"controlType":"sap.m.Input","viewName":"etm.portal.ui.manageyards.view.New","viewId":"application-manageyards-display-component---NewYard","bindingPath":{"path":"","propertyPath":"/PLANT","modelName":"NewYardModel"},"interaction":{"idSuffix":"inner"}},"clearTextFirst":true,"interactionType":"ENTER_TEXT"}]}
COMMAND: POST /session/80b25485da4cce0461fa749928cde446/execute/async - {"script":"<script> [1562 bytes]","args":[{"selector":{"controlType":"sap.m.Input","viewName":"etm.portal.ui.manageyards.view.New","viewId":"application-manageyards-display-component---NewYard","bindingPath":{"path":"","propertyPath":"/SALES_AREA_VKORG","modelName":"NewYardModel"},"interaction":{"idSuffix":"inner"}},"wdio_ui5_key":"etmportal.ui.manageyards.view.Newsap.m.Input{\"path\":\"\",\"propertyPath\":\"/SALES_AREA_VKORG\",\"modelName\":\"NewYardModel\"}"}]}
RESULT: {"script":"<script> [1562 bytes]","args":[{"selector":{"controlType":"sap.m.Input","viewName":"etm.portal.ui.manageyards.view.New","viewId":"application-manageyards-display-component---NewYard","bindingPath":{"path":"","propertyPath":"/SALES_AREA_VKORG","modelName":"NewYardModel"},"interaction":{"idSuffix":"inner"}},"wdio_ui5_key":"etmportal.ui.manageyards.view.Newsap.m.Input{\"path\":\"\",\"propertyPath\":\"/SALES_AREA_VKORG\",\"modelName\":\"NewYardModel\"}"}]}
RESULT: undefined
COMMAND: POST /session/80b25485da4cce0461fa749928cde446/execute/async - {"script":"<script> [776 bytes]","args":[{"enterText":"C002","selector":{"controlType":"sap.m.Input","viewName":"etm.portal.ui.manageyards.view.New","viewId":"application-manageyards-display-component---NewYard","bindingPath":{"path":"","propertyPath":"/SALES_AREA_VKORG","modelName":"NewYardModel"},"interaction":{"idSuffix":"inner"}},"clearTextFirst":true,"interactionType":"ENTER_TEXT"}]}
RESULT: {"script":"<script> [776 bytes]","args":[{"enterText":"C002","selector":{"controlType":"sap.m.Input","viewName":"etm.portal.ui.manageyards.view.New","viewId":"application-manageyards-display-component---NewYard","bindingPath":{"path":"","propertyPath":"/SALES_AREA_VKORG","modelName":"NewYardModel"},"interaction":{"idSuffix":"inner"}},"clearTextFirst":true,"interactionType":"ENTER_TEXT"}]}
COMMAND: POST /session/80b25485da4cce0461fa749928cde446/execute/async - {"script":"<script> [1562 bytes]","args":[{"selector":{"controlType":"sap.m.Input","viewName":"etm.portal.ui.manageyards.view.New","viewId":"application-manageyards-display-component---NewYard","bindingPath":{"path":"","propertyPath":"/SALES_AREA_VTWEG","modelName":"NewYardModel"},"interaction":{"idSuffix":"inner"}},"wdio_ui5_key":"etmportal.ui.manageyards.view.Newsap.m.Input{\"path\":\"\",\"propertyPath\":\"/SALES_AREA_VTWEG\",\"modelName\":\"NewYardModel\"}"}]}
RESULT: {"script":"<script> [1562 bytes]","args":[{"selector":{"controlType":"sap.m.Input","viewName":"etm.portal.ui.manageyards.view.New","viewId":"application-manageyards-display-component---NewYard","bindingPath":{"path":"","propertyPath":"/SALES_AREA_VTWEG","modelName":"NewYardModel"},"interaction":{"idSuffix":"inner"}},"wdio_ui5_key":"etmportal.ui.manageyards.view.Newsap.m.Input{\"path\":\"\",\"propertyPath\":\"/SALES_AREA_VTWEG\",\"modelName\":\"NewYardModel\"}"}]}
RESULT: undefined
COMMAND: POST /session/80b25485da4cce0461fa749928cde446/execute/async - {"script":"<script> [776 bytes]","args":[{"enterText":"C2","selector":{"controlType":"sap.m.Input","viewName":"etm.portal.ui.manageyards.view.New","viewId":"application-manageyards-display-component---NewYard","bindingPath":{"path":"","propertyPath":"/SALES_AREA_VTWEG","modelName":"NewYardModel"},"interaction":{"idSuffix":"inner"}},"clearTextFirst":true,"interactionType":"ENTER_TEXT"}]}
RESULT: {"script":"<script> [776 bytes]","args":[{"enterText":"C2","selector":{"controlType":"sap.m.Input","viewName":"etm.portal.ui.manageyards.view.New","viewId":"application-manageyards-display-component---NewYard","bindingPath":{"path":"","propertyPath":"/SALES_AREA_VTWEG","modelName":"NewYardModel"},"interaction":{"idSuffix":"inner"}},"clearTextFirst":true,"interactionType":"ENTER_TEXT"}]}
COMMAND: POST /session/80b25485da4cce0461fa749928cde446/execute/async - {"script":"<script> [1562 bytes]","args":[{"selector":{"controlType":"sap.m.Input","viewName":"etm.portal.ui.manageyards.view.New","viewId":"application-manageyards-display-component---NewYard","bindingPath":{"path":"","propertyPath":"/SALES_AREA_SPART","modelName":"NewYardModel"},"interaction":{"idSuffix":"inner"}},"wdio_ui5_key":"etmportal.ui.manageyards.view.Newsap.m.Input{\"path\":\"\",\"propertyPath\":\"/SALES_AREA_SPART\",\"modelName\":\"NewYardModel\"}"}]}
RESULT: {"script":"<script> [1562 bytes]","args":[{"selector":{"controlType":"sap.m.Input","viewName":"etm.portal.ui.manageyards.view.New","viewId":"application-manageyards-display-component---NewYard","bindingPath":{"path":"","propertyPath":"/SALES_AREA_SPART","modelName":"NewYardModel"},"interaction":{"idSuffix":"inner"}},"wdio_ui5_key":"etmportal.ui.manageyards.view.Newsap.m.Input{\"path\":\"\",\"propertyPath\":\"/SALES_AREA_SPART\",\"modelName\":\"NewYardModel\"}"}]}
RESULT: undefined
COMMAND: POST /session/80b25485da4cce0461fa749928cde446/execute/async - {"script":"<script> [776 bytes]","args":[{"enterText":"C2","selector":{"controlType":"sap.m.Input","viewName":"etm.portal.ui.manageyards.view.New","viewId":"application-manageyards-display-component---NewYard","bindingPath":{"path":"","propertyPath":"/SALES_AREA_SPART","modelName":"NewYardModel"},"interaction":{"idSuffix":"inner"}},"clearTextFirst":true,"interactionType":"ENTER_TEXT"}]}
RESULT: {"script":"<script> [776 bytes]","args":[{"enterText":"C2","selector":{"controlType":"sap.m.Input","viewName":"etm.portal.ui.manageyards.view.New","viewId":"application-manageyards-display-component---NewYard","bindingPath":{"path":"","propertyPath":"/SALES_AREA_SPART","modelName":"NewYardModel"},"interaction":{"idSuffix":"inner"}},"clearTextFirst":true,"interactionType":"ENTER_TEXT"}]}
COMMAND: POST /session/80b25485da4cce0461fa749928cde446/execute/async - {"script":"<script> [1562 bytes]","args":[{"selector":{"controlType":"sap.m.Input","viewName":"etm.portal.ui.manageyards.view.New","viewId":"application-manageyards-display-component---NewYard","bindingPath":{"path":"","propertyPath":"/SHIP_POINT","modelName":"NewYardModel"},"interaction":{"idSuffix":"inner"}},"wdio_ui5_key":"etmportal.ui.manageyards.view.Newsap.m.Input{\"path\":\"\",\"propertyPath\":\"/SHIP_POINT\",\"modelName\":\"NewYardModel\"}"}]}
RESULT: {"script":"<script> [1562 bytes]","args":[{"selector":{"controlType":"sap.m.Input","viewName":"etm.portal.ui.manageyards.view.New","viewId":"application-manageyards-display-component---NewYard","bindingPath":{"path":"","propertyPath":"/SHIP_POINT","modelName":"NewYardModel"},"interaction":{"idSuffix":"inner"}},"wdio_ui5_key":"etmportal.ui.manageyards.view.Newsap.m.Input{\"path\":\"\",\"propertyPath\":\"/SHIP_POINT\",\"modelName\":\"NewYardModel\"}"}]}
RESULT: undefined
COMMAND: POST /session/80b25485da4cce0461fa749928cde446/execute/async - {"script":"<script> [776 bytes]","args":[{"enterText":"1710","selector":{"controlType":"sap.m.Input","viewName":"etm.portal.ui.manageyards.view.New","viewId":"application-manageyards-display-component---NewYard","bindingPath":{"path":"","propertyPath":"/SHIP_POINT","modelName":"NewYardModel"},"interaction":{"idSuffix":"inner"}},"clearTextFirst":true,"interactionType":"ENTER_TEXT"}]}
RESULT: {"script":"<script> [776 bytes]","args":[{"enterText":"1710","selector":{"controlType":"sap.m.Input","viewName":"etm.portal.ui.manageyards.view.New","viewId":"application-manageyards-display-component---NewYard","bindingPath":{"path":"","propertyPath":"/SHIP_POINT","modelName":"NewYardModel"},"interaction":{"idSuffix":"inner"}},"clearTextFirst":true,"interactionType":"ENTER_TEXT"}]}
COMMAND: POST /session/80b25485da4cce0461fa749928cde446/execute/async - {"script":"<script> [1562 bytes]","args":[{"selector":{"controlType":"sap.m.Input","viewName":"etm.portal.ui.manageyards.view.New","viewId":"application-manageyards-display-component---NewYard","bindingPath":{"path":"","propertyPath":"/DELIVERY_TYPE","modelName":"NewYardModel"},"interaction":{"idSuffix":"inner"}},"wdio_ui5_key":"etmportal.ui.manageyards.view.Newsap.m.Input{\"path\":\"\",\"propertyPath\":\"/DELIVERY_TYPE\",\"modelName\":\"NewYardModel\"}"}]}
RESULT: {"script":"<script> [1562 bytes]","args":[{"selector":{"controlType":"sap.m.Input","viewName":"etm.portal.ui.manageyards.view.New","viewId":"application-manageyards-display-component---NewYard","bindingPath":{"path":"","propertyPath":"/DELIVERY_TYPE","modelName":"NewYardModel"},"interaction":{"idSuffix":"inner"}},"wdio_ui5_key":"etmportal.ui.manageyards.view.Newsap.m.Input{\"path\":\"\",\"propertyPath\":\"/DELIVERY_TYPE\",\"modelName\":\"NewYardModel\"}"}]}
RESULT: undefined
COMMAND: POST /session/80b25485da4cce0461fa749928cde446/execute/async - {"script":"<script> [776 bytes]","args":[{"enterText":"ZL01","selector":{"controlType":"sap.m.Input","viewName":"etm.portal.ui.manageyards.view.New","viewId":"application-manageyards-display-component---NewYard","bindingPath":{"path":"","propertyPath":"/DELIVERY_TYPE","modelName":"NewYardModel"},"interaction":{"idSuffix":"inner"}},"clearTextFirst":true,"interactionType":"ENTER_TEXT"}]}
RESULT: {"script":"<script> [776 bytes]","args":[{"enterText":"ZL01","selector":{"controlType":"sap.m.Input","viewName":"etm.portal.ui.manageyards.view.New","viewId":"application-manageyards-display-component---NewYard","bindingPath":{"path":"","propertyPath":"/DELIVERY_TYPE","modelName":"NewYardModel"},"interaction":{"idSuffix":"inner"}},"clearTextFirst":true,"interactionType":"ENTER_TEXT"}]}
COMMAND: POST /session/80b25485da4cce0461fa749928cde446/execute/async - {"script":"<script> [1562 bytes]","args":[{"selector":{"controlType":"sap.m.Input","viewName":"etm.portal.ui.manageyards.view.New","viewId":"application-manageyards-display-component---NewYard","bindingPath":{"path":"","propertyPath":"/AUART","modelName":"NewYardModel"},"interaction":{"idSuffix":"inner"}},"wdio_ui5_key":"etmportal.ui.manageyards.view.Newsap.m.Input{\"path\":\"\",\"propertyPath\":\"/AUART\",\"modelName\":\"NewYardModel\"}"}]}
RESULT: {"script":"<script> [1562 bytes]","args":[{"selector":{"controlType":"sap.m.Input","viewName":"etm.portal.ui.manageyards.view.New","viewId":"application-manageyards-display-component---NewYard","bindingPath":{"path":"","propertyPath":"/AUART","modelName":"NewYardModel"},"interaction":{"idSuffix":"inner"}},"wdio_ui5_key":"etmportal.ui.manageyards.view.Newsap.m.Input{\"path\":\"\",\"propertyPath\":\"/AUART\",\"modelName\":\"NewYardModel\"}"}]}
RESULT: undefined
COMMAND: POST /session/80b25485da4cce0461fa749928cde446/execute/async - {"script":"<script> [776 bytes]","args":[{"enterText":"TA","selector":{"controlType":"sap.m.Input","viewName":"etm.portal.ui.manageyards.view.New","viewId":"application-manageyards-display-component---NewYard","bindingPath":{"path":"","propertyPath":"/AUART","modelName":"NewYardModel"},"interaction":{"idSuffix":"inner"}},"clearTextFirst":true,"interactionType":"ENTER_TEXT"}]}
RESULT: {"script":"<script> [776 bytes]","args":[{"enterText":"TA","selector":{"controlType":"sap.m.Input","viewName":"etm.portal.ui.manageyards.view.New","viewId":"application-manageyards-display-component---NewYard","bindingPath":{"path":"","propertyPath":"/AUART","modelName":"NewYardModel"},"interaction":{"idSuffix":"inner"}},"clearTextFirst":true,"interactionType":"ENTER_TEXT"}]}
COMMAND: POST /session/80b25485da4cce0461fa749928cde446/execute/async - {"script":"<script> [1562 bytes]","args":[{"selector":{"id":"application-manageyards-display-component---NewYard--whmCheckBox","interaction":{"idSuffix":"CbBg"}},"wdio_ui5_key":"applicationmanageyards-display-component---NewYard--whmCheckBox"}]}
RESULT: {"script":"<script> [1562 bytes]","args":[{"selector":{"id":"application-manageyards-display-component---NewYard--whmCheckBox","interaction":{"idSuffix":"CbBg"}},"wdio_ui5_key":"applicationmanageyards-display-component---NewYard--whmCheckBox"}]}
RESULT: undefined
COMMAND: POST /session/80b25485da4cce0461fa749928cde446/element - {"using":"xpath","value":"//*[@id=\"application-manageyards-display-component---NewYard--whmCheckBox\"]"}
RESULT: {"using":"xpath","value":"//*[@id=\"application-manageyards-display-component---NewYard--whmCheckBox\"]"}
COMMAND: POST /session/80b25485da4cce0461fa749928cde446/element/f.499FA332C3249B1FB6786AFDCB682F30.d.C69170F6E43CB9E36C62E83F0B9C88B7.e.772/click - {}
RESULT: {}
COMMAND: GET /session/80b25485da4cce0461fa749928cde446/screenshot - {}
RESULT: {}
COMMAND: POST /session/80b25485da4cce0461fa749928cde446/element - {"using":"xpath","value":"//button[@data-kt=\"newYardSaveButton\"]"}
RESULT: {"using":"xpath","value":"//button[@data-kt=\"newYardSaveButton\"]"}
COMMAND: POST /session/80b25485da4cce0461fa749928cde446/element/f.499FA332C3249B1FB6786AFDCB682F30.d.C69170F6E43CB9E36C62E83F0B9C88B7.e.662/click - {}
RESULT: {}
COMMAND: GET /session/80b25485da4cce0461fa749928cde446/screenshot - {}
RESULT: {}
COMMAND: POST /session/80b25485da4cce0461fa749928cde446/element - {"using":"xpath","value":"//header[contains(@id, 'ObjectPageLayout-headerTitle')]/div[1]/div[2]/div[1]/span[1]"}
RESULT: {"using":"xpath","value":"//header[contains(@id, 'ObjectPageLayout-headerTitle')]/div[1]/div[2]/div[1]/span[1]"}
COMMAND: POST /session/80b25485da4cce0461fa749928cde446/elements - {"using":"xpath","value":"//header[contains(@id, 'ObjectPageLayout-headerTitle')]/div[1]/div[2]/div[1]/span[1]"}
RESULT: {"using":"xpath","value":"//header[contains(@id, 'ObjectPageLayout-headerTitle')]/div[1]/div[2]/div[1]/span[1]"}
COMMAND: POST /session/80b25485da4cce0461fa749928cde446/execute/sync - {"script":"<script> [56 bytes]","args":[{"element-6066-11e4-a52e-4f735466cecf":"f.499FA332C3249B1FB6786AFDCB682F30.d.C69170F6E43CB9E36C62E83F0B9C88B7.e.971","ELEMENT":"f.499FA332C3249B1FB6786AFDCB682F30.d.C69170F6E43CB9E36C62E83F0B9C88B7.e.971"}]}
RESULT: {"script":"<script> [56 bytes]","args":[{"element-6066-11e4-a52e-4f735466cecf":"f.499FA332C3249B1FB6786AFDCB682F30.d.C69170F6E43CB9E36C62E83F0B9C88B7.e.971","ELEMENT":"f.499FA332C3249B1FB6786AFDCB682F30.d.C69170F6E43CB9E36C62E83F0B9C88B7.e.971"}]}
COMMAND: GET /session/80b25485da4cce0461fa749928cde446/screenshot - {}
RESULT: {}
COMMAND: POST /session/80b25485da4cce0461fa749928cde446/element - {"using":"css selector","value":"#shell-header-logo"}
RESULT: {"using":"css selector","value":"#shell-header-logo"}
COMMAND: POST /session/80b25485da4cce0461fa749928cde446/element/f.499FA332C3249B1FB6786AFDCB682F30.d.C69170F6E43CB9E36C62E83F0B9C88B7.e.226/click - {}
RESULT: {}
COMMAND: GET /session/80b25485da4cce0461fa749928cde446/screenshot - {}
RESULT: {}
COMMAND: POST /session/80b25485da4cce0461fa749928cde446/execute/sync - {"script":"<script> [299 bytes]","args":[["getModel","getResource"]]}
RESULT: {"script":"<script> [299 bytes]","args":[["getModel","getResource"]]}
COMMAND: GET /session/80b25485da4cce0461fa749928cde446/screenshot - {}
]]></system-out>
    </testcase>
    <testcase classname="chrome.136_0_7103_93.windows.Stock_increase_-_with_WHM_US125587" name="Should create a new external WHM partner" time="96.596">
      <system-out><![CDATA[
COMMAND: POST /session/80b25485da4cce0461fa749928cde446/window/fullscreen - {}
RESULT: {}
RESULT: {}
COMMAND: POST /session/80b25485da4cce0461fa749928cde446/execute/async - {"script":"<script> [1562 bytes]","args":[{"selector":{"controlType":"sap.m.GenericTile","properties":{"header":"Manage Partners"}},"wdio_ui5_key":"sapm.GenericTile{\"header\":\"Manage Partners\"}"}]}
RESULT: {"script":"<script> [1562 bytes]","args":[{"selector":{"controlType":"sap.m.GenericTile","properties":{"header":"Manage Partners"}},"wdio_ui5_key":"sapm.GenericTile{\"header\":\"Manage Partners\"}"}]}
RESULT: undefined
COMMAND: POST /session/80b25485da4cce0461fa749928cde446/element - {"using":"xpath","value":"//*[@id=\"__tile38\"]"}
RESULT: {"using":"xpath","value":"//*[@id=\"__tile38\"]"}
COMMAND: POST /session/80b25485da4cce0461fa749928cde446/element/f.499FA332C3249B1FB6786AFDCB682F30.d.C69170F6E43CB9E36C62E83F0B9C88B7.e.119/click - {}
RESULT: {}
COMMAND: GET /session/80b25485da4cce0461fa749928cde446/screenshot - {}
RESULT: {}
COMMAND: POST /session/80b25485da4cce0461fa749928cde446/elements - {"using":"xpath","value":"//span[text()='Error']"}
RESULT: {"using":"xpath","value":"//span[text()='Error']"}
COMMAND: POST /session/80b25485da4cce0461fa749928cde446/element - {"using":"xpath","value":"//button[@data-kt=\"addButton\"]"}
RESULT: {"using":"xpath","value":"//button[@data-kt=\"addButton\"]"}
COMMAND: POST /session/80b25485da4cce0461fa749928cde446/elements - {"using":"xpath","value":"//button[@data-kt=\"addButton\"]"}
RESULT: {"using":"xpath","value":"//button[@data-kt=\"addButton\"]"}
COMMAND: POST /session/80b25485da4cce0461fa749928cde446/execute/sync - {"script":"<script> [8489 bytes]","args":[{"element-6066-11e4-a52e-4f735466cecf":"f.499FA332C3249B1FB6786AFDCB682F30.d.C69170F6E43CB9E36C62E83F0B9C88B7.e.1020","ELEMENT":"f.499FA332C3249B1FB6786AFDCB682F30.d.C69170F6E43CB9E36C62E83F0B9C88B7.e.1020"}]}
RESULT: {"script":"<script> [8489 bytes]","args":[{"element-6066-11e4-a52e-4f735466cecf":"f.499FA332C3249B1FB6786AFDCB682F30.d.C69170F6E43CB9E36C62E83F0B9C88B7.e.1020","ELEMENT":"f.499FA332C3249B1FB6786AFDCB682F30.d.C69170F6E43CB9E36C62E83F0B9C88B7.e.1020"}]}
COMMAND: GET /session/80b25485da4cce0461fa749928cde446/element/f.499FA332C3249B1FB6786AFDCB682F30.d.C69170F6E43CB9E36C62E83F0B9C88B7.e.1020/enabled - {}
COMMAND: GET /session/80b25485da4cce0461fa749928cde446/screenshot - {}
RESULT: {}
COMMAND: POST /session/80b25485da4cce0461fa749928cde446/execute/sync - {"script":"<script> [8489 bytes]","args":[{"element-6066-11e4-a52e-4f735466cecf":"f.499FA332C3249B1FB6786AFDCB682F30.d.C69170F6E43CB9E36C62E83F0B9C88B7.e.1020","ELEMENT":"f.499FA332C3249B1FB6786AFDCB682F30.d.C69170F6E43CB9E36C62E83F0B9C88B7.e.1020"}]}
COMMAND: GET /session/80b25485da4cce0461fa749928cde446/screenshot - {}
RESULT: {}
RESULT: {"script":"<script> [8489 bytes]","args":[{"element-6066-11e4-a52e-4f735466cecf":"f.499FA332C3249B1FB6786AFDCB682F30.d.C69170F6E43CB9E36C62E83F0B9C88B7.e.1020","ELEMENT":"f.499FA332C3249B1FB6786AFDCB682F30.d.C69170F6E43CB9E36C62E83F0B9C88B7.e.1020"}]}
COMMAND: POST /session/80b25485da4cce0461fa749928cde446/execute/sync - {"script":"<script> [5351 bytes]","args":[{"element-6066-11e4-a52e-4f735466cecf":"f.499FA332C3249B1FB6786AFDCB682F30.d.C69170F6E43CB9E36C62E83F0B9C88B7.e.1020","ELEMENT":"f.499FA332C3249B1FB6786AFDCB682F30.d.C69170F6E43CB9E36C62E83F0B9C88B7.e.1020"}]}
COMMAND: GET /session/80b25485da4cce0461fa749928cde446/screenshot - {}
RESULT: {}
RESULT: {"script":"<script> [5351 bytes]","args":[{"element-6066-11e4-a52e-4f735466cecf":"f.499FA332C3249B1FB6786AFDCB682F30.d.C69170F6E43CB9E36C62E83F0B9C88B7.e.1020","ELEMENT":"f.499FA332C3249B1FB6786AFDCB682F30.d.C69170F6E43CB9E36C62E83F0B9C88B7.e.1020"}]}
COMMAND: POST /session/80b25485da4cce0461fa749928cde446/element/f.499FA332C3249B1FB6786AFDCB682F30.d.C69170F6E43CB9E36C62E83F0B9C88B7.e.1020/click - {}
COMMAND: GET /session/80b25485da4cce0461fa749928cde446/screenshot - {}
RESULT: {}
RESULT: {}
COMMAND: GET /session/80b25485da4cce0461fa749928cde446/screenshot - {}
COMMAND: POST /session/80b25485da4cce0461fa749928cde446/execute/async - {"script":"<script> [1562 bytes]","args":[{"selector":{"id":"application-managepartners-display-component---NewPartner--addressDetailDetailsName1","interaction":{"idSuffix":"inner"}},"wdio_ui5_key":"applicationmanagepartners-display-component---NewPartner--addressDetailDetailsName1"}]}
RESULT: {}
RESULT: {}
RESULT: {"script":"<script> [1562 bytes]","args":[{"selector":{"id":"application-managepartners-display-component---NewPartner--addressDetailDetailsName1","interaction":{"idSuffix":"inner"}},"wdio_ui5_key":"applicationmanagepartners-display-component---NewPartner--addressDetailDetailsName1"}]}
RESULT: undefined
COMMAND: POST /session/80b25485da4cce0461fa749928cde446/execute/async - {"script":"<script> [776 bytes]","args":[{"enterText":"External Partner WDIO","selector":{"id":"application-managepartners-display-component---NewPartner--addressDetailDetailsName1","interaction":{"idSuffix":"inner"}},"clearTextFirst":true,"interactionType":"ENTER_TEXT"}]}
RESULT: {"script":"<script> [776 bytes]","args":[{"enterText":"External Partner WDIO","selector":{"id":"application-managepartners-display-component---NewPartner--addressDetailDetailsName1","interaction":{"idSuffix":"inner"}},"clearTextFirst":true,"interactionType":"ENTER_TEXT"}]}
COMMAND: POST /session/80b25485da4cce0461fa749928cde446/execute/async - {"script":"<script> [1562 bytes]","args":[{"selector":{"id":"application-managepartners-display-component---NewPartner--addressDetailDetailsLanguage-arrow"},"wdio_ui5_key":"applicationmanagepartners-display-component---NewPartner--addressDetailDetailsLanguage-arrow"}]}
RESULT: {"script":"<script> [1562 bytes]","args":[{"selector":{"id":"application-managepartners-display-component---NewPartner--addressDetailDetailsLanguage-arrow"},"wdio_ui5_key":"applicationmanagepartners-display-component---NewPartner--addressDetailDetailsLanguage-arrow"}]}
RESULT: undefined
COMMAND: POST /session/80b25485da4cce0461fa749928cde446/element - {"using":"xpath","value":"//*[@id=\"application-managepartners-display-component---NewPartner--addressDetailDetailsLanguage-arrow\"]"}
RESULT: {"using":"xpath","value":"//*[@id=\"application-managepartners-display-component---NewPartner--addressDetailDetailsLanguage-arrow\"]"}
COMMAND: POST /session/80b25485da4cce0461fa749928cde446/element/f.499FA332C3249B1FB6786AFDCB682F30.d.C69170F6E43CB9E36C62E83F0B9C88B7.e.1468/click - {}
RESULT: {}
COMMAND: POST /session/80b25485da4cce0461fa749928cde446/element - {"using":"xpath","value":"//span[contains(text(), \"English\")]"}
COMMAND: GET /session/80b25485da4cce0461fa749928cde446/screenshot - {}
RESULT: {"using":"xpath","value":"//span[contains(text(), \"English\")]"}
COMMAND: POST /session/80b25485da4cce0461fa749928cde446/element/f.499FA332C3249B1FB6786AFDCB682F30.d.C69170F6E43CB9E36C62E83F0B9C88B7.e.1469/click - {}
RESULT: {}
RESULT: {}
COMMAND: GET /session/80b25485da4cce0461fa749928cde446/screenshot - {}
RESULT: {}
COMMAND: POST /session/80b25485da4cce0461fa749928cde446/execute/async - {"script":"<script> [1562 bytes]","args":[{"selector":{"id":"application-managepartners-display-component---NewPartner--addressDetailDetailsCity1","interaction":{"idSuffix":"inner"}},"wdio_ui5_key":"applicationmanagepartners-display-component---NewPartner--addressDetailDetailsCity1"}]}
RESULT: {"script":"<script> [1562 bytes]","args":[{"selector":{"id":"application-managepartners-display-component---NewPartner--addressDetailDetailsCity1","interaction":{"idSuffix":"inner"}},"wdio_ui5_key":"applicationmanagepartners-display-component---NewPartner--addressDetailDetailsCity1"}]}
RESULT: undefined
COMMAND: POST /session/80b25485da4cce0461fa749928cde446/execute/async - {"script":"<script> [776 bytes]","args":[{"enterText":"Rosario","selector":{"id":"application-managepartners-display-component---NewPartner--addressDetailDetailsCity1","interaction":{"idSuffix":"inner"}},"clearTextFirst":true,"interactionType":"ENTER_TEXT"}]}
RESULT: {"script":"<script> [776 bytes]","args":[{"enterText":"Rosario","selector":{"id":"application-managepartners-display-component---NewPartner--addressDetailDetailsCity1","interaction":{"idSuffix":"inner"}},"clearTextFirst":true,"interactionType":"ENTER_TEXT"}]}
COMMAND: POST /session/80b25485da4cce0461fa749928cde446/execute/async - {"script":"<script> [1562 bytes]","args":[{"selector":{"id":"application-managepartners-display-component---NewPartner--addressDetailDetailsCountry-arrow"},"wdio_ui5_key":"applicationmanagepartners-display-component---NewPartner--addressDetailDetailsCountry-arrow"}]}
RESULT: {"script":"<script> [1562 bytes]","args":[{"selector":{"id":"application-managepartners-display-component---NewPartner--addressDetailDetailsCountry-arrow"},"wdio_ui5_key":"applicationmanagepartners-display-component---NewPartner--addressDetailDetailsCountry-arrow"}]}
RESULT: undefined
COMMAND: POST /session/80b25485da4cce0461fa749928cde446/element - {"using":"xpath","value":"//*[@id=\"application-managepartners-display-component---NewPartner--addressDetailDetailsCountry-arrow\"]"}
RESULT: {"using":"xpath","value":"//*[@id=\"application-managepartners-display-component---NewPartner--addressDetailDetailsCountry-arrow\"]"}
COMMAND: POST /session/80b25485da4cce0461fa749928cde446/element/f.499FA332C3249B1FB6786AFDCB682F30.d.C69170F6E43CB9E36C62E83F0B9C88B7.e.1455/click - {}
RESULT: {}
COMMAND: POST /session/80b25485da4cce0461fa749928cde446/element - {"using":"xpath","value":"//span[contains(text(), \"Argentina\")]"}
COMMAND: GET /session/80b25485da4cce0461fa749928cde446/screenshot - {}
RESULT: {"using":"xpath","value":"//span[contains(text(), \"Argentina\")]"}
COMMAND: POST /session/80b25485da4cce0461fa749928cde446/element/f.499FA332C3249B1FB6786AFDCB682F30.d.C69170F6E43CB9E36C62E83F0B9C88B7.e.1471/click - {}
RESULT: {}
RESULT: {}
COMMAND: GET /session/80b25485da4cce0461fa749928cde446/screenshot - {}
RESULT: {}
COMMAND: POST /session/80b25485da4cce0461fa749928cde446/element - {"using":"xpath","value":"//bdi[contains(text(), \"Commercial\")]"}
RESULT: {"using":"xpath","value":"//bdi[contains(text(), \"Commercial\")]"}
COMMAND: POST /session/80b25485da4cce0461fa749928cde446/element/f.499FA332C3249B1FB6786AFDCB682F30.d.C69170F6E43CB9E36C62E83F0B9C88B7.e.1472/click - {}
RESULT: {}
COMMAND: GET /session/80b25485da4cce0461fa749928cde446/screenshot - {}
RESULT: {}
COMMAND: POST /session/80b25485da4cce0461fa749928cde446/execute/async - {"script":"<script> [1562 bytes]","args":[{"selector":{"id":"application-managepartners-display-component---NewPartner--partnerDetailInternal-arrow"},"wdio_ui5_key":"applicationmanagepartners-display-component---NewPartner--partnerDetailInternal-arrow"}]}
RESULT: {"script":"<script> [1562 bytes]","args":[{"selector":{"id":"application-managepartners-display-component---NewPartner--partnerDetailInternal-arrow"},"wdio_ui5_key":"applicationmanagepartners-display-component---NewPartner--partnerDetailInternal-arrow"}]}
RESULT: undefined
COMMAND: POST /session/80b25485da4cce0461fa749928cde446/element - {"using":"xpath","value":"//*[@id=\"application-managepartners-display-component---NewPartner--partnerDetailInternal-arrow\"]"}
RESULT: {"using":"xpath","value":"//*[@id=\"application-managepartners-display-component---NewPartner--partnerDetailInternal-arrow\"]"}
COMMAND: POST /session/80b25485da4cce0461fa749928cde446/element/f.499FA332C3249B1FB6786AFDCB682F30.d.C69170F6E43CB9E36C62E83F0B9C88B7.e.1478/click - {}
RESULT: {}
COMMAND: POST /session/80b25485da4cce0461fa749928cde446/element - {"using":"xpath","value":"//span[contains(text(), \"External partner\")]"}
COMMAND: GET /session/80b25485da4cce0461fa749928cde446/screenshot - {}
RESULT: {"using":"xpath","value":"//span[contains(text(), \"External partner\")]"}
COMMAND: POST /session/80b25485da4cce0461fa749928cde446/element/f.499FA332C3249B1FB6786AFDCB682F30.d.C69170F6E43CB9E36C62E83F0B9C88B7.e.1479/click - {}
RESULT: {}
RESULT: {}
COMMAND: POST /session/80b25485da4cce0461fa749928cde446/execute/async - {"script":"<script> [1562 bytes]","args":[{"selector":{"id":"application-managepartners-display-component---NewPartner--partnerDetailsCurrency-arrow"},"wdio_ui5_key":"applicationmanagepartners-display-component---NewPartner--partnerDetailsCurrency-arrow"}]}
COMMAND: GET /session/80b25485da4cce0461fa749928cde446/screenshot - {}
RESULT: {"script":"<script> [1562 bytes]","args":[{"selector":{"id":"application-managepartners-display-component---NewPartner--partnerDetailsCurrency-arrow"},"wdio_ui5_key":"applicationmanagepartners-display-component---NewPartner--partnerDetailsCurrency-arrow"}]}
RESULT: undefined
COMMAND: POST /session/80b25485da4cce0461fa749928cde446/element - {"using":"xpath","value":"//*[@id=\"application-managepartners-display-component---NewPartner--partnerDetailsCurrency-arrow\"]"}
RESULT: {}
RESULT: {"using":"xpath","value":"//*[@id=\"application-managepartners-display-component---NewPartner--partnerDetailsCurrency-arrow\"]"}
COMMAND: POST /session/80b25485da4cce0461fa749928cde446/element/f.499FA332C3249B1FB6786AFDCB682F30.d.C69170F6E43CB9E36C62E83F0B9C88B7.e.1484/click - {}
RESULT: {}
COMMAND: POST /session/80b25485da4cce0461fa749928cde446/element - {"using":"xpath","value":"//span[contains(text(), \"US Dollar\")]"}
COMMAND: GET /session/80b25485da4cce0461fa749928cde446/screenshot - {}
RESULT: {"using":"xpath","value":"//span[contains(text(), \"US Dollar\")]"}
COMMAND: POST /session/80b25485da4cce0461fa749928cde446/element/f.499FA332C3249B1FB6786AFDCB682F30.d.C69170F6E43CB9E36C62E83F0B9C88B7.e.1485/click - {}
RESULT: {}
RESULT: {}
COMMAND: GET /session/80b25485da4cce0461fa749928cde446/screenshot - {}
RESULT: {}
COMMAND: POST /session/80b25485da4cce0461fa749928cde446/element - {"using":"xpath","value":"//input[@id=\"application-managepartners-display-component---NewPartner--companyCodeComboBox-inner\"]"}
RESULT: {"using":"xpath","value":"//input[@id=\"application-managepartners-display-component---NewPartner--companyCodeComboBox-inner\"]"}
COMMAND: POST /session/80b25485da4cce0461fa749928cde446/element/f.499FA332C3249B1FB6786AFDCB682F30.d.C69170F6E43CB9E36C62E83F0B9C88B7.e.1323/clear - {}
RESULT: {}
COMMAND: POST /session/80b25485da4cce0461fa749928cde446/element/f.499FA332C3249B1FB6786AFDCB682F30.d.C69170F6E43CB9E36C62E83F0B9C88B7.e.1323/value - {"text":"C002"}
COMMAND: GET /session/80b25485da4cce0461fa749928cde446/screenshot - {}
RESULT: {"text":"C002"}
COMMAND: GET /session/80b25485da4cce0461fa749928cde446/screenshot - {}
RESULT: {}
RESULT: {}
COMMAND: POST /session/80b25485da4cce0461fa749928cde446/element - {"using":"xpath","value":"//li[.//span[text()= \"C002\"]]"}
RESULT: {"using":"xpath","value":"//li[.//span[text()= \"C002\"]]"}
COMMAND: POST /session/80b25485da4cce0461fa749928cde446/element/f.499FA332C3249B1FB6786AFDCB682F30.d.C69170F6E43CB9E36C62E83F0B9C88B7.e.1489/click - {}
RESULT: {}
COMMAND: GET /session/80b25485da4cce0461fa749928cde446/screenshot - {}
RESULT: {}
COMMAND: POST /session/80b25485da4cce0461fa749928cde446/execute/async - {"script":"<script> [1562 bytes]","args":[{"selector":{"controlType":"sap.ui.core.Icon","viewName":"etm.portal.ui.managepartners.view.NewPartner","viewId":"application-managepartners-display-component---NewPartner","properties":{"src":{"regex":{"source":"slim\\-arrow\\-down"}}},"ancestor":{"controlType":"sap.m.ComboBox","viewName":"etm.portal.ui.managepartners.view.NewPartner","viewId":"application-managepartners-display-component---NewPartner","bindingPath":{"path":"","propertyPath":"/CATALOG","modelName":"oNewPartnerModel"}}},"wdio_ui5_key":"etmportal.ui.managepartners.view.NewPartnersap.ui.core.Icon{\"src\":{\"regex\":{\"source\":\"slim\\\\-arrow\\\\-down\"}}}{\"controlType\":\"sap.m.ComboBox\",\"viewName\":\"etm.portal.ui.managepartners.view.NewPartner\",\"viewId\":\"application-managepartners-display-component---NewPartner\",\"bindingPath\":{\"path\":\"\",\"propertyPath\":\"/CATALOG\",\"modelName\":\"oNewPartnerModel\"}}"}]}
RESULT: {"script":"<script> [1562 bytes]","args":[{"selector":{"controlType":"sap.ui.core.Icon","viewName":"etm.portal.ui.managepartners.view.NewPartner","viewId":"application-managepartners-display-component---NewPartner","properties":{"src":{"regex":{"source":"slim\\-arrow\\-down"}}},"ancestor":{"controlType":"sap.m.ComboBox","viewName":"etm.portal.ui.managepartners.view.NewPartner","viewId":"application-managepartners-display-component---NewPartner","bindingPath":{"path":"","propertyPath":"/CATALOG","modelName":"oNewPartnerModel"}}},"wdio_ui5_key":"etmportal.ui.managepartners.view.NewPartnersap.ui.core.Icon{\"src\":{\"regex\":{\"source\":\"slim\\\\-arrow\\\\-down\"}}}{\"controlType\":\"sap.m.ComboBox\",\"viewName\":\"etm.portal.ui.managepartners.view.NewPartner\",\"viewId\":\"application-managepartners-display-component---NewPartner\",\"bindingPath\":{\"path\":\"\",\"propertyPath\":\"/CATALOG\",\"modelName\":\"oNewPartnerModel\"}}"}]}
RESULT: undefined
COMMAND: POST /session/80b25485da4cce0461fa749928cde446/element - {"using":"xpath","value":"//*[@id=\"__box22-arrow\"]"}
RESULT: {"using":"xpath","value":"//*[@id=\"__box22-arrow\"]"}
COMMAND: POST /session/80b25485da4cce0461fa749928cde446/element/f.499FA332C3249B1FB6786AFDCB682F30.d.C69170F6E43CB9E36C62E83F0B9C88B7.e.1456/click - {}
RESULT: {}
COMMAND: GET /session/80b25485da4cce0461fa749928cde446/screenshot - {}
RESULT: {}
COMMAND: POST /session/80b25485da4cce0461fa749928cde446/element - {"using":"xpath","value":"//ul[contains(@id,\"popup-list-listUl\")]//li[.//span[text()= \"Webshop Catalog\"]]"}
RESULT: {"using":"xpath","value":"//ul[contains(@id,\"popup-list-listUl\")]//li[.//span[text()= \"Webshop Catalog\"]]"}
COMMAND: POST /session/80b25485da4cce0461fa749928cde446/element/f.499FA332C3249B1FB6786AFDCB682F30.d.C69170F6E43CB9E36C62E83F0B9C88B7.e.1491/click - {}
RESULT: {}
COMMAND: GET /session/80b25485da4cce0461fa749928cde446/screenshot - {}
RESULT: {}
COMMAND: POST /session/80b25485da4cce0461fa749928cde446/execute/async - {"script":"<script> [1562 bytes]","args":[{"selector":{"id":"application-managepartners-display-component---NewPartner--btnAddTableRow-img"},"wdio_ui5_key":"applicationmanagepartners-display-component---NewPartner--btnAddTableRow-img"}]}
RESULT: {"script":"<script> [1562 bytes]","args":[{"selector":{"id":"application-managepartners-display-component---NewPartner--btnAddTableRow-img"},"wdio_ui5_key":"applicationmanagepartners-display-component---NewPartner--btnAddTableRow-img"}]}
RESULT: undefined
COMMAND: POST /session/80b25485da4cce0461fa749928cde446/element - {"using":"xpath","value":"//*[@id=\"application-managepartners-display-component---NewPartner--btnAddTableRow-img\"]"}
RESULT: {"using":"xpath","value":"//*[@id=\"application-managepartners-display-component---NewPartner--btnAddTableRow-img\"]"}
COMMAND: POST /session/80b25485da4cce0461fa749928cde446/element/f.499FA332C3249B1FB6786AFDCB682F30.d.C69170F6E43CB9E36C62E83F0B9C88B7.e.1492/click - {}
RESULT: {}
COMMAND: GET /session/80b25485da4cce0461fa749928cde446/screenshot - {}
RESULT: {}
COMMAND: POST /session/80b25485da4cce0461fa749928cde446/element - {"using":"xpath","value":"//input[@id=\"application-managepartners-display-component---NewPartner--assignmentYard-application-managepartners-display-component---NewPartner--assignmentsTable-0-inner\"]"}
RESULT: {"using":"xpath","value":"//input[@id=\"application-managepartners-display-component---NewPartner--assignmentYard-application-managepartners-display-component---NewPartner--assignmentsTable-0-inner\"]"}
COMMAND: POST /session/80b25485da4cce0461fa749928cde446/element/f.499FA332C3249B1FB6786AFDCB682F30.d.C69170F6E43CB9E36C62E83F0B9C88B7.e.1495/clear - {}
RESULT: {}
COMMAND: POST /session/80b25485da4cce0461fa749928cde446/element/f.499FA332C3249B1FB6786AFDCB682F30.d.C69170F6E43CB9E36C62E83F0B9C88B7.e.1495/value - {"text":"548"}
COMMAND: GET /session/80b25485da4cce0461fa749928cde446/screenshot - {}
RESULT: {"text":"548"}
COMMAND: GET /session/80b25485da4cce0461fa749928cde446/screenshot - {}
RESULT: {}
RESULT: {}
COMMAND: POST /session/80b25485da4cce0461fa749928cde446/element - {"using":"xpath","value":"//li[.//span[text()='548']]"}
RESULT: {"using":"xpath","value":"//li[.//span[text()='548']]"}
COMMAND: POST /session/80b25485da4cce0461fa749928cde446/element/f.499FA332C3249B1FB6786AFDCB682F30.d.C69170F6E43CB9E36C62E83F0B9C88B7.e.1503/click - {}
RESULT: {}
COMMAND: GET /session/80b25485da4cce0461fa749928cde446/screenshot - {}
RESULT: {}
COMMAND: POST /session/80b25485da4cce0461fa749928cde446/actions - {"actions":[{"id":"action2","type":"key","parameters":{},"actions":[{"type":"keyDown","value":""},{"type":"pause","duration":10},{"type":"keyUp","value":""}]}]}
RESULT: {"actions":[{"id":"action2","type":"key","parameters":{},"actions":[{"type":"keyDown","value":""},{"type":"pause","duration":10},{"type":"keyUp","value":""}]}]}
COMMAND: POST /session/80b25485da4cce0461fa749928cde446/element - {"using":"xpath","value":"//td[contains(@id, \"assignmentsTable-0-cell2\")]/div/div"}
COMMAND: GET /session/80b25485da4cce0461fa749928cde446/screenshot - {}
RESULT: {"using":"xpath","value":"//td[contains(@id, \"assignmentsTable-0-cell2\")]/div/div"}
COMMAND: POST /session/80b25485da4cce0461fa749928cde446/element/f.499FA332C3249B1FB6786AFDCB682F30.d.C69170F6E43CB9E36C62E83F0B9C88B7.e.1506/click - {}
RESULT: {}
RESULT: {}
COMMAND: GET /session/80b25485da4cce0461fa749928cde446/screenshot - {}
RESULT: {}
COMMAND: POST /session/80b25485da4cce0461fa749928cde446/element - {"using":"xpath","value":"//button[@data-kt=\"saveButton\"]"}
RESULT: {"using":"xpath","value":"//button[@data-kt=\"saveButton\"]"}
COMMAND: POST /session/80b25485da4cce0461fa749928cde446/element/f.499FA332C3249B1FB6786AFDCB682F30.d.C69170F6E43CB9E36C62E83F0B9C88B7.e.1405/click - {}
RESULT: {}
COMMAND: GET /session/80b25485da4cce0461fa749928cde446/screenshot - {}
RESULT: {}
COMMAND: POST /session/80b25485da4cce0461fa749928cde446/element - {"using":"xpath","value":"//header[contains(@id, 'ObjectPageLayout-headerTitle')]/div[1]/div[2]/div[2]/span[1]"}
RESULT: {"using":"xpath","value":"//header[contains(@id, 'ObjectPageLayout-headerTitle')]/div[1]/div[2]/div[2]/span[1]"}
COMMAND: POST /session/80b25485da4cce0461fa749928cde446/elements - {"using":"xpath","value":"//header[contains(@id, 'ObjectPageLayout-headerTitle')]/div[1]/div[2]/div[2]/span[1]"}
RESULT: {"using":"xpath","value":"//header[contains(@id, 'ObjectPageLayout-headerTitle')]/div[1]/div[2]/div[2]/span[1]"}
COMMAND: POST /session/80b25485da4cce0461fa749928cde446/execute/sync - {"script":"<script> [56 bytes]","args":[{"element-6066-11e4-a52e-4f735466cecf":"f.499FA332C3249B1FB6786AFDCB682F30.d.C69170F6E43CB9E36C62E83F0B9C88B7.e.1669","ELEMENT":"f.499FA332C3249B1FB6786AFDCB682F30.d.C69170F6E43CB9E36C62E83F0B9C88B7.e.1669"}]}
RESULT: {"script":"<script> [56 bytes]","args":[{"element-6066-11e4-a52e-4f735466cecf":"f.499FA332C3249B1FB6786AFDCB682F30.d.C69170F6E43CB9E36C62E83F0B9C88B7.e.1669","ELEMENT":"f.499FA332C3249B1FB6786AFDCB682F30.d.C69170F6E43CB9E36C62E83F0B9C88B7.e.1669"}]}
COMMAND: POST /session/80b25485da4cce0461fa749928cde446/element - {"using":"css selector","value":"#shell-header-logo"}
COMMAND: GET /session/80b25485da4cce0461fa749928cde446/screenshot - {}
RESULT: {"using":"css selector","value":"#shell-header-logo"}
COMMAND: POST /session/80b25485da4cce0461fa749928cde446/element/f.499FA332C3249B1FB6786AFDCB682F30.d.C69170F6E43CB9E36C62E83F0B9C88B7.e.975/click - {}
RESULT: {}
RESULT: {}
COMMAND: GET /session/80b25485da4cce0461fa749928cde446/screenshot - {}
RESULT: {}
COMMAND: POST /session/80b25485da4cce0461fa749928cde446/execute/sync - {"script":"<script> [299 bytes]","args":[["getModel","getResource"]]}
RESULT: {"script":"<script> [299 bytes]","args":[["getModel","getResource"]]}
]]></system-out>
    </testcase>
    <testcase classname="chrome.136_0_7103_93.windows.Stock_increase_-_with_WHM_US125587" name="Should create a new WHM site" time="92.763">
      <system-out><![CDATA[
COMMAND: POST /session/80b25485da4cce0461fa749928cde446/execute/async - {"script":"<script> [1562 bytes]","args":[{"selector":{"controlType":"sap.m.GenericTile","properties":{"header":"Manage Sites"}},"wdio_ui5_key":"sapm.GenericTile{\"header\":\"Manage Sites\"}"}]}
COMMAND: GET /session/80b25485da4cce0461fa749928cde446/screenshot - {}
RESULT: {"script":"<script> [1562 bytes]","args":[{"selector":{"controlType":"sap.m.GenericTile","properties":{"header":"Manage Sites"}},"wdio_ui5_key":"sapm.GenericTile{\"header\":\"Manage Sites\"}"}]}
RESULT: undefined
COMMAND: POST /session/80b25485da4cce0461fa749928cde446/element - {"using":"xpath","value":"//*[@id=\"__tile40\"]"}
RESULT: {}
RESULT: {"using":"xpath","value":"//*[@id=\"__tile40\"]"}
COMMAND: POST /session/80b25485da4cce0461fa749928cde446/element/f.499FA332C3249B1FB6786AFDCB682F30.d.C69170F6E43CB9E36C62E83F0B9C88B7.e.125/click - {}
RESULT: {}
COMMAND: GET /session/80b25485da4cce0461fa749928cde446/screenshot - {}
RESULT: {}
COMMAND: POST /session/80b25485da4cce0461fa749928cde446/elements - {"using":"xpath","value":"//span[text()='Error']"}
RESULT: {"using":"xpath","value":"//span[text()='Error']"}
COMMAND: POST /session/80b25485da4cce0461fa749928cde446/element - {"using":"xpath","value":"//button[@data-kt=\"addOverflowToolbarButton\"]"}
RESULT: {"using":"xpath","value":"//button[@data-kt=\"addOverflowToolbarButton\"]"}
COMMAND: POST /session/80b25485da4cce0461fa749928cde446/elements - {"using":"xpath","value":"//button[@data-kt=\"addOverflowToolbarButton\"]"}
RESULT: {"using":"xpath","value":"//button[@data-kt=\"addOverflowToolbarButton\"]"}
COMMAND: POST /session/80b25485da4cce0461fa749928cde446/execute/sync - {"script":"<script> [8489 bytes]","args":[{"element-6066-11e4-a52e-4f735466cecf":"f.499FA332C3249B1FB6786AFDCB682F30.d.C69170F6E43CB9E36C62E83F0B9C88B7.e.1716","ELEMENT":"f.499FA332C3249B1FB6786AFDCB682F30.d.C69170F6E43CB9E36C62E83F0B9C88B7.e.1716"}]}
RESULT: {"script":"<script> [8489 bytes]","args":[{"element-6066-11e4-a52e-4f735466cecf":"f.499FA332C3249B1FB6786AFDCB682F30.d.C69170F6E43CB9E36C62E83F0B9C88B7.e.1716","ELEMENT":"f.499FA332C3249B1FB6786AFDCB682F30.d.C69170F6E43CB9E36C62E83F0B9C88B7.e.1716"}]}
COMMAND: GET /session/80b25485da4cce0461fa749928cde446/element/f.499FA332C3249B1FB6786AFDCB682F30.d.C69170F6E43CB9E36C62E83F0B9C88B7.e.1716/enabled - {}
COMMAND: GET /session/80b25485da4cce0461fa749928cde446/screenshot - {}
RESULT: {}
COMMAND: POST /session/80b25485da4cce0461fa749928cde446/execute/sync - {"script":"<script> [8489 bytes]","args":[{"element-6066-11e4-a52e-4f735466cecf":"f.499FA332C3249B1FB6786AFDCB682F30.d.C69170F6E43CB9E36C62E83F0B9C88B7.e.1716","ELEMENT":"f.499FA332C3249B1FB6786AFDCB682F30.d.C69170F6E43CB9E36C62E83F0B9C88B7.e.1716"}]}
COMMAND: GET /session/80b25485da4cce0461fa749928cde446/screenshot - {}
RESULT: {}
RESULT: {"script":"<script> [8489 bytes]","args":[{"element-6066-11e4-a52e-4f735466cecf":"f.499FA332C3249B1FB6786AFDCB682F30.d.C69170F6E43CB9E36C62E83F0B9C88B7.e.1716","ELEMENT":"f.499FA332C3249B1FB6786AFDCB682F30.d.C69170F6E43CB9E36C62E83F0B9C88B7.e.1716"}]}
COMMAND: POST /session/80b25485da4cce0461fa749928cde446/execute/sync - {"script":"<script> [5351 bytes]","args":[{"element-6066-11e4-a52e-4f735466cecf":"f.499FA332C3249B1FB6786AFDCB682F30.d.C69170F6E43CB9E36C62E83F0B9C88B7.e.1716","ELEMENT":"f.499FA332C3249B1FB6786AFDCB682F30.d.C69170F6E43CB9E36C62E83F0B9C88B7.e.1716"}]}
COMMAND: GET /session/80b25485da4cce0461fa749928cde446/screenshot - {}
RESULT: {}
RESULT: {"script":"<script> [5351 bytes]","args":[{"element-6066-11e4-a52e-4f735466cecf":"f.499FA332C3249B1FB6786AFDCB682F30.d.C69170F6E43CB9E36C62E83F0B9C88B7.e.1716","ELEMENT":"f.499FA332C3249B1FB6786AFDCB682F30.d.C69170F6E43CB9E36C62E83F0B9C88B7.e.1716"}]}
COMMAND: POST /session/80b25485da4cce0461fa749928cde446/element/f.499FA332C3249B1FB6786AFDCB682F30.d.C69170F6E43CB9E36C62E83F0B9C88B7.e.1716/click - {}
COMMAND: GET /session/80b25485da4cce0461fa749928cde446/screenshot - {}
RESULT: {}
RESULT: {}
COMMAND: GET /session/80b25485da4cce0461fa749928cde446/screenshot - {}
COMMAND: POST /session/80b25485da4cce0461fa749928cde446/element - {"using":"xpath","value":"//input[@id=\"application-managesites-display-component---NewSite--siteId-inner\"]"}
RESULT: {}
RESULT: {}
RESULT: {"using":"xpath","value":"//input[@id=\"application-managesites-display-component---NewSite--siteId-inner\"]"}
COMMAND: POST /session/80b25485da4cce0461fa749928cde446/element - {"using":"xpath","value":"//input[@id=\"application-managesites-display-component---NewSite--siteId-inner\"]"}
RESULT: {"using":"xpath","value":"//input[@id=\"application-managesites-display-component---NewSite--siteId-inner\"]"}
COMMAND: POST /session/80b25485da4cce0461fa749928cde446/execute/async - {"script":"<script> [1562 bytes]","args":[{"selector":{"id":"application-managesites-display-component---NewSite--addressDetailDetailsName1","interaction":{"idSuffix":"inner"}},"wdio_ui5_key":"applicationmanagesites-display-component---NewSite--addressDetailDetailsName1"}]}
RESULT: {"script":"<script> [1562 bytes]","args":[{"selector":{"id":"application-managesites-display-component---NewSite--addressDetailDetailsName1","interaction":{"idSuffix":"inner"}},"wdio_ui5_key":"applicationmanagesites-display-component---NewSite--addressDetailDetailsName1"}]}
RESULT: undefined
COMMAND: POST /session/80b25485da4cce0461fa749928cde446/execute/async - {"script":"<script> [776 bytes]","args":[{"enterText":"Warehouse Managed Site WDIO","selector":{"id":"application-managesites-display-component---NewSite--addressDetailDetailsName1","interaction":{"idSuffix":"inner"}},"clearTextFirst":true,"interactionType":"ENTER_TEXT"}]}
RESULT: {"script":"<script> [776 bytes]","args":[{"enterText":"Warehouse Managed Site WDIO","selector":{"id":"application-managesites-display-component---NewSite--addressDetailDetailsName1","interaction":{"idSuffix":"inner"}},"clearTextFirst":true,"interactionType":"ENTER_TEXT"}]}
COMMAND: POST /session/80b25485da4cce0461fa749928cde446/execute/async - {"script":"<script> [1562 bytes]","args":[{"selector":{"id":"application-managesites-display-component---NewSite--addressDetailDetailsLanguage-arrow"},"wdio_ui5_key":"applicationmanagesites-display-component---NewSite--addressDetailDetailsLanguage-arrow"}]}
RESULT: {"script":"<script> [1562 bytes]","args":[{"selector":{"id":"application-managesites-display-component---NewSite--addressDetailDetailsLanguage-arrow"},"wdio_ui5_key":"applicationmanagesites-display-component---NewSite--addressDetailDetailsLanguage-arrow"}]}
RESULT: undefined
COMMAND: POST /session/80b25485da4cce0461fa749928cde446/element - {"using":"xpath","value":"//*[@id=\"application-managesites-display-component---NewSite--addressDetailDetailsLanguage-arrow\"]"}
RESULT: {"using":"xpath","value":"//*[@id=\"application-managesites-display-component---NewSite--addressDetailDetailsLanguage-arrow\"]"}
COMMAND: POST /session/80b25485da4cce0461fa749928cde446/element/f.499FA332C3249B1FB6786AFDCB682F30.d.C69170F6E43CB9E36C62E83F0B9C88B7.e.2128/click - {}
RESULT: {}
COMMAND: POST /session/80b25485da4cce0461fa749928cde446/element - {"using":"xpath","value":"//span[contains(text(), \"English\")]"}
COMMAND: GET /session/80b25485da4cce0461fa749928cde446/screenshot - {}
RESULT: {"using":"xpath","value":"//span[contains(text(), \"English\")]"}
COMMAND: POST /session/80b25485da4cce0461fa749928cde446/element/f.499FA332C3249B1FB6786AFDCB682F30.d.C69170F6E43CB9E36C62E83F0B9C88B7.e.2129/click - {}
RESULT: {}
RESULT: {}
COMMAND: POST /session/80b25485da4cce0461fa749928cde446/execute/async - {"script":"<script> [1562 bytes]","args":[{"selector":{"id":"application-managesites-display-component---NewSite--addressDetailDetailsCity1","interaction":{"idSuffix":"inner"}},"wdio_ui5_key":"applicationmanagesites-display-component---NewSite--addressDetailDetailsCity1"}]}
COMMAND: GET /session/80b25485da4cce0461fa749928cde446/screenshot - {}
RESULT: {"script":"<script> [1562 bytes]","args":[{"selector":{"id":"application-managesites-display-component---NewSite--addressDetailDetailsCity1","interaction":{"idSuffix":"inner"}},"wdio_ui5_key":"applicationmanagesites-display-component---NewSite--addressDetailDetailsCity1"}]}
RESULT: undefined
COMMAND: POST /session/80b25485da4cce0461fa749928cde446/execute/async - {"script":"<script> [776 bytes]","args":[{"enterText":"Rosario","selector":{"id":"application-managesites-display-component---NewSite--addressDetailDetailsCity1","interaction":{"idSuffix":"inner"}},"clearTextFirst":true,"interactionType":"ENTER_TEXT"}]}
RESULT: {}
RESULT: {"script":"<script> [776 bytes]","args":[{"enterText":"Rosario","selector":{"id":"application-managesites-display-component---NewSite--addressDetailDetailsCity1","interaction":{"idSuffix":"inner"}},"clearTextFirst":true,"interactionType":"ENTER_TEXT"}]}
COMMAND: POST /session/80b25485da4cce0461fa749928cde446/execute/async - {"script":"<script> [1562 bytes]","args":[{"selector":{"id":"application-managesites-display-component---NewSite--addressDetailDetailsCountry-arrow"},"wdio_ui5_key":"applicationmanagesites-display-component---NewSite--addressDetailDetailsCountry-arrow"}]}
RESULT: {"script":"<script> [1562 bytes]","args":[{"selector":{"id":"application-managesites-display-component---NewSite--addressDetailDetailsCountry-arrow"},"wdio_ui5_key":"applicationmanagesites-display-component---NewSite--addressDetailDetailsCountry-arrow"}]}
RESULT: undefined
COMMAND: POST /session/80b25485da4cce0461fa749928cde446/element - {"using":"xpath","value":"//*[@id=\"application-managesites-display-component---NewSite--addressDetailDetailsCountry-arrow\"]"}
RESULT: {"using":"xpath","value":"//*[@id=\"application-managesites-display-component---NewSite--addressDetailDetailsCountry-arrow\"]"}
COMMAND: POST /session/80b25485da4cce0461fa749928cde446/element/f.499FA332C3249B1FB6786AFDCB682F30.d.C69170F6E43CB9E36C62E83F0B9C88B7.e.2131/click - {}
RESULT: {}
COMMAND: POST /session/80b25485da4cce0461fa749928cde446/element - {"using":"xpath","value":"//span[contains(text(), \"Argentina\")]"}
COMMAND: GET /session/80b25485da4cce0461fa749928cde446/screenshot - {}
RESULT: {"using":"xpath","value":"//span[contains(text(), \"Argentina\")]"}
COMMAND: POST /session/80b25485da4cce0461fa749928cde446/element/f.499FA332C3249B1FB6786AFDCB682F30.d.C69170F6E43CB9E36C62E83F0B9C88B7.e.2132/click - {}
RESULT: {}
RESULT: {}
COMMAND: GET /session/80b25485da4cce0461fa749928cde446/screenshot - {}
RESULT: {}
COMMAND: POST /session/80b25485da4cce0461fa749928cde446/execute/async - {"script":"<script> [1562 bytes]","args":[{"selector":{"id":"application-managesites-display-component---NewSite--addressEditDetailsCostObjectCstType-arrow"},"wdio_ui5_key":"applicationmanagesites-display-component---NewSite--addressEditDetailsCostObjectCstType-arrow"}]}
RESULT: {"script":"<script> [1562 bytes]","args":[{"selector":{"id":"application-managesites-display-component---NewSite--addressEditDetailsCostObjectCstType-arrow"},"wdio_ui5_key":"applicationmanagesites-display-component---NewSite--addressEditDetailsCostObjectCstType-arrow"}]}
RESULT: undefined
COMMAND: POST /session/80b25485da4cce0461fa749928cde446/element - {"using":"xpath","value":"//*[@id=\"application-managesites-display-component---NewSite--addressEditDetailsCostObjectCstType-arrow\"]"}
RESULT: {"using":"xpath","value":"//*[@id=\"application-managesites-display-component---NewSite--addressEditDetailsCostObjectCstType-arrow\"]"}
COMMAND: POST /session/80b25485da4cce0461fa749928cde446/element/f.499FA332C3249B1FB6786AFDCB682F30.d.C69170F6E43CB9E36C62E83F0B9C88B7.e.2134/click - {}
RESULT: {}
COMMAND: POST /session/80b25485da4cce0461fa749928cde446/element - {"using":"xpath","value":"//span[contains(text(), \"Cost Center\")]"}
COMMAND: GET /session/80b25485da4cce0461fa749928cde446/screenshot - {}
RESULT: {"using":"xpath","value":"//span[contains(text(), \"Cost Center\")]"}
COMMAND: POST /session/80b25485da4cce0461fa749928cde446/element/f.499FA332C3249B1FB6786AFDCB682F30.d.C69170F6E43CB9E36C62E83F0B9C88B7.e.2135/click - {}
RESULT: {}
RESULT: {}
COMMAND: GET /session/80b25485da4cce0461fa749928cde446/screenshot - {}
RESULT: {}
COMMAND: POST /session/80b25485da4cce0461fa749928cde446/element - {"using":"xpath","value":"//span[@id=\"application-managesites-display-component---NewSite--addressNewCostObjectCstID-vhi\"]"}
RESULT: {"using":"xpath","value":"//span[@id=\"application-managesites-display-component---NewSite--addressNewCostObjectCstID-vhi\"]"}
COMMAND: POST /session/80b25485da4cce0461fa749928cde446/execute/sync - {"script":"<script> [8489 bytes]","args":[{"element-6066-11e4-a52e-4f735466cecf":"f.499FA332C3249B1FB6786AFDCB682F30.d.C69170F6E43CB9E36C62E83F0B9C88B7.e.2140","ELEMENT":"f.499FA332C3249B1FB6786AFDCB682F30.d.C69170F6E43CB9E36C62E83F0B9C88B7.e.2140"}]}
RESULT: {"script":"<script> [8489 bytes]","args":[{"element-6066-11e4-a52e-4f735466cecf":"f.499FA332C3249B1FB6786AFDCB682F30.d.C69170F6E43CB9E36C62E83F0B9C88B7.e.2140","ELEMENT":"f.499FA332C3249B1FB6786AFDCB682F30.d.C69170F6E43CB9E36C62E83F0B9C88B7.e.2140"}]}
COMMAND: POST /session/80b25485da4cce0461fa749928cde446/execute/async - {"script":"<script> [1562 bytes]","args":[{"selector":{"id":"application-managesites-display-component---NewSite--addressNewCostObjectCstID-vhi"},"wdio_ui5_key":"applicationmanagesites-display-component---NewSite--addressNewCostObjectCstID-vhi"}]}
COMMAND: GET /session/80b25485da4cce0461fa749928cde446/screenshot - {}
RESULT: {"script":"<script> [1562 bytes]","args":[{"selector":{"id":"application-managesites-display-component---NewSite--addressNewCostObjectCstID-vhi"},"wdio_ui5_key":"applicationmanagesites-display-component---NewSite--addressNewCostObjectCstID-vhi"}]}
RESULT: undefined
COMMAND: POST /session/80b25485da4cce0461fa749928cde446/element - {"using":"xpath","value":"//*[@id=\"application-managesites-display-component---NewSite--addressNewCostObjectCstID-vhi\"]"}
RESULT: {}
RESULT: {"using":"xpath","value":"//*[@id=\"application-managesites-display-component---NewSite--addressNewCostObjectCstID-vhi\"]"}
COMMAND: POST /session/80b25485da4cce0461fa749928cde446/element/f.499FA332C3249B1FB6786AFDCB682F30.d.C69170F6E43CB9E36C62E83F0B9C88B7.e.2140/click - {}
RESULT: {}
COMMAND: GET /session/80b25485da4cce0461fa749928cde446/screenshot - {}
RESULT: {}
RESULT: undefined
COMMAND: POST /session/80b25485da4cce0461fa749928cde446/execute/async - {"script":"<script> [776 bytes]","args":[{"enterText":"10001013","selector":{"controlType":"sap.m.SearchField","properties":{"placeholder":"Search"},"searchOpenDialogs":true,"interaction":{"idSuffix":"I"}},"clearTextFirst":true,"interactionType":"ENTER_TEXT"}]}
RESULT: {"script":"<script> [776 bytes]","args":[{"enterText":"10001013","selector":{"controlType":"sap.m.SearchField","properties":{"placeholder":"Search"},"searchOpenDialogs":true,"interaction":{"idSuffix":"I"}},"clearTextFirst":true,"interactionType":"ENTER_TEXT"}]}
COMMAND: POST /session/80b25485da4cce0461fa749928cde446/actions - {"actions":[{"id":"action3","type":"key","parameters":{},"actions":[{"type":"keyDown","value":""},{"type":"pause","duration":10},{"type":"keyUp","value":""}]}]}
RESULT: {"actions":[{"id":"action3","type":"key","parameters":{},"actions":[{"type":"keyDown","value":""},{"type":"pause","duration":10},{"type":"keyUp","value":""}]}]}
COMMAND: GET /session/80b25485da4cce0461fa749928cde446/screenshot - {}
RESULT: {}
COMMAND: POST /session/80b25485da4cce0461fa749928cde446/element - {"using":"xpath","value":"//span[contains(text(), \"General Management\")]"}
RESULT: {"using":"xpath","value":"//span[contains(text(), \"General Management\")]"}
COMMAND: POST /session/80b25485da4cce0461fa749928cde446/element/f.499FA332C3249B1FB6786AFDCB682F30.d.C69170F6E43CB9E36C62E83F0B9C88B7.e.2179/click - {}
RESULT: {}
COMMAND: GET /session/80b25485da4cce0461fa749928cde446/screenshot - {}
RESULT: {}
COMMAND: POST /session/80b25485da4cce0461fa749928cde446/element - {"using":"xpath","value":"//bdi[contains(text(), \"OK\")]"}
RESULT: {"using":"xpath","value":"//bdi[contains(text(), \"OK\")]"}
COMMAND: POST /session/80b25485da4cce0461fa749928cde446/element/f.499FA332C3249B1FB6786AFDCB682F30.d.C69170F6E43CB9E36C62E83F0B9C88B7.e.2180/click - {}
RESULT: {}
COMMAND: GET /session/80b25485da4cce0461fa749928cde446/screenshot - {}
RESULT: {}
COMMAND: POST /session/80b25485da4cce0461fa749928cde446/element - {"using":"xpath","value":"//input[@id=\"application-managesites-display-component---NewSite--addressDetailDetailsCalendar-inner\"]"}
RESULT: {"using":"xpath","value":"//input[@id=\"application-managesites-display-component---NewSite--addressDetailDetailsCalendar-inner\"]"}
COMMAND: POST /session/80b25485da4cce0461fa749928cde446/element/f.499FA332C3249B1FB6786AFDCB682F30.d.C69170F6E43CB9E36C62E83F0B9C88B7.e.1922/clear - {}
RESULT: {}
COMMAND: POST /session/80b25485da4cce0461fa749928cde446/element/f.499FA332C3249B1FB6786AFDCB682F30.d.C69170F6E43CB9E36C62E83F0B9C88B7.e.1922/value - {"text":"Unit"}
COMMAND: GET /session/80b25485da4cce0461fa749928cde446/screenshot - {}
RESULT: {"text":"Unit"}
COMMAND: GET /session/80b25485da4cce0461fa749928cde446/screenshot - {}
RESULT: {}
RESULT: {}
COMMAND: POST /session/80b25485da4cce0461fa749928cde446/actions - {"actions":[{"id":"action4","type":"key","parameters":{},"actions":[{"type":"keyDown","value":""},{"type":"pause","duration":10},{"type":"keyUp","value":""}]}]}
RESULT: {"actions":[{"id":"action4","type":"key","parameters":{},"actions":[{"type":"keyDown","value":""},{"type":"pause","duration":10},{"type":"keyUp","value":""}]}]}
COMMAND: POST /session/80b25485da4cce0461fa749928cde446/element - {"using":"xpath","value":"//input[@id=\"application-managesites-display-component---NewSite--addressDetailDetailsYard-inner\"]"}
COMMAND: GET /session/80b25485da4cce0461fa749928cde446/screenshot - {}
RESULT: {"using":"xpath","value":"//input[@id=\"application-managesites-display-component---NewSite--addressDetailDetailsYard-inner\"]"}
COMMAND: POST /session/80b25485da4cce0461fa749928cde446/element/f.499FA332C3249B1FB6786AFDCB682F30.d.C69170F6E43CB9E36C62E83F0B9C88B7.e.1923/clear - {}
RESULT: {}
RESULT: {}
COMMAND: POST /session/80b25485da4cce0461fa749928cde446/element/f.499FA332C3249B1FB6786AFDCB682F30.d.C69170F6E43CB9E36C62E83F0B9C88B7.e.1923/value - {"text":"548"}
COMMAND: GET /session/80b25485da4cce0461fa749928cde446/screenshot - {}
RESULT: {"text":"548"}
COMMAND: GET /session/80b25485da4cce0461fa749928cde446/screenshot - {}
RESULT: {}
RESULT: {}
COMMAND: POST /session/80b25485da4cce0461fa749928cde446/element - {"using":"xpath","value":"//li[.//span[text()='548']]"}
RESULT: {"using":"xpath","value":"//li[.//span[text()='548']]"}
COMMAND: POST /session/80b25485da4cce0461fa749928cde446/element/f.499FA332C3249B1FB6786AFDCB682F30.d.C69170F6E43CB9E36C62E83F0B9C88B7.e.2188/click - {}
RESULT: {}
COMMAND: GET /session/80b25485da4cce0461fa749928cde446/screenshot - {}
RESULT: {}
COMMAND: POST /session/80b25485da4cce0461fa749928cde446/element - {"using":"xpath","value":"//input[@id=\"application-managesites-display-component---NewSite--addressDetailDetailsPartner-inner\"]"}
RESULT: {"using":"xpath","value":"//input[@id=\"application-managesites-display-component---NewSite--addressDetailDetailsPartner-inner\"]"}
COMMAND: POST /session/80b25485da4cce0461fa749928cde446/element - {"using":"xpath","value":"//input[@id=\"application-managesites-display-component---NewSite--addressDetailDetailsPartner-inner\"]"}
RESULT: {"using":"xpath","value":"//input[@id=\"application-managesites-display-component---NewSite--addressDetailDetailsPartner-inner\"]"}
COMMAND: POST /session/80b25485da4cce0461fa749928cde446/execute/async - {"script":"<script> [1562 bytes]","args":[{"selector":{"id":"application-managesites-display-component---NewSite--siteWhmCheckBox-label","interaction":{"idSuffix":"bdi"}},"wdio_ui5_key":"applicationmanagesites-display-component---NewSite--siteWhmCheckBox-label"}]}
RESULT: {"script":"<script> [1562 bytes]","args":[{"selector":{"id":"application-managesites-display-component---NewSite--siteWhmCheckBox-label","interaction":{"idSuffix":"bdi"}},"wdio_ui5_key":"applicationmanagesites-display-component---NewSite--siteWhmCheckBox-label"}]}
RESULT: undefined
COMMAND: POST /session/80b25485da4cce0461fa749928cde446/element - {"using":"xpath","value":"//*[@id=\"application-managesites-display-component---NewSite--siteWhmCheckBox-label\"]"}
RESULT: {"using":"xpath","value":"//*[@id=\"application-managesites-display-component---NewSite--siteWhmCheckBox-label\"]"}
COMMAND: POST /session/80b25485da4cce0461fa749928cde446/element/f.499FA332C3249B1FB6786AFDCB682F30.d.C69170F6E43CB9E36C62E83F0B9C88B7.e.2190/click - {}
RESULT: {}
COMMAND: GET /session/80b25485da4cce0461fa749928cde446/screenshot - {}
RESULT: {}
COMMAND: POST /session/80b25485da4cce0461fa749928cde446/element - {"using":"xpath","value":"//button[@data-kt=\"saveButton\"]"}
RESULT: {"using":"xpath","value":"//button[@data-kt=\"saveButton\"]"}
COMMAND: POST /session/80b25485da4cce0461fa749928cde446/element/f.499FA332C3249B1FB6786AFDCB682F30.d.C69170F6E43CB9E36C62E83F0B9C88B7.e.2114/click - {}
RESULT: {}
COMMAND: GET /session/80b25485da4cce0461fa749928cde446/screenshot - {}
RESULT: {}
COMMAND: POST /session/80b25485da4cce0461fa749928cde446/element - {"using":"xpath","value":"//header[contains(@id, 'ObjectPageLayout-headerTitle')]/div[1]/div[2]/div[2]/span[1]"}
RESULT: {"using":"xpath","value":"//header[contains(@id, 'ObjectPageLayout-headerTitle')]/div[1]/div[2]/div[2]/span[1]"}
COMMAND: POST /session/80b25485da4cce0461fa749928cde446/elements - {"using":"xpath","value":"//header[contains(@id, 'ObjectPageLayout-headerTitle')]/div[1]/div[2]/div[2]/span[1]"}
RESULT: {"using":"xpath","value":"//header[contains(@id, 'ObjectPageLayout-headerTitle')]/div[1]/div[2]/div[2]/span[1]"}
COMMAND: POST /session/80b25485da4cce0461fa749928cde446/execute/sync - {"script":"<script> [56 bytes]","args":[{"element-6066-11e4-a52e-4f735466cecf":"f.499FA332C3249B1FB6786AFDCB682F30.d.C69170F6E43CB9E36C62E83F0B9C88B7.e.2396","ELEMENT":"f.499FA332C3249B1FB6786AFDCB682F30.d.C69170F6E43CB9E36C62E83F0B9C88B7.e.2396"}]}
RESULT: {"script":"<script> [56 bytes]","args":[{"element-6066-11e4-a52e-4f735466cecf":"f.499FA332C3249B1FB6786AFDCB682F30.d.C69170F6E43CB9E36C62E83F0B9C88B7.e.2396","ELEMENT":"f.499FA332C3249B1FB6786AFDCB682F30.d.C69170F6E43CB9E36C62E83F0B9C88B7.e.2396"}]}
COMMAND: POST /session/80b25485da4cce0461fa749928cde446/element - {"using":"css selector","value":"#shell-header-logo"}
COMMAND: GET /session/80b25485da4cce0461fa749928cde446/screenshot - {}
RESULT: {"using":"css selector","value":"#shell-header-logo"}
COMMAND: POST /session/80b25485da4cce0461fa749928cde446/element/f.499FA332C3249B1FB6786AFDCB682F30.d.C69170F6E43CB9E36C62E83F0B9C88B7.e.1674/click - {}
RESULT: {}
RESULT: {}
COMMAND: GET /session/80b25485da4cce0461fa749928cde446/screenshot - {}
RESULT: {}
COMMAND: POST /session/80b25485da4cce0461fa749928cde446/execute/sync - {"script":"<script> [299 bytes]","args":[["getModel","getResource"]]}
RESULT: {"script":"<script> [299 bytes]","args":[["getModel","getResource"]]}
]]></system-out>
    </testcase>
    <testcase classname="chrome.136_0_7103_93.windows.Stock_increase_-_with_WHM_US125587" name="Should create a new material" time="115.748">
      <system-out><![CDATA[
COMMAND: POST /session/80b25485da4cce0461fa749928cde446/execute/async - {"script":"<script> [1562 bytes]","args":[{"selector":{"controlType":"sap.m.GenericTile","properties":{"header":"Manage Resources"}},"wdio_ui5_key":"sapm.GenericTile{\"header\":\"Manage Resources\"}"}]}
COMMAND: GET /session/80b25485da4cce0461fa749928cde446/screenshot - {}
RESULT: {"script":"<script> [1562 bytes]","args":[{"selector":{"controlType":"sap.m.GenericTile","properties":{"header":"Manage Resources"}},"wdio_ui5_key":"sapm.GenericTile{\"header\":\"Manage Resources\"}"}]}
RESULT: undefined
COMMAND: POST /session/80b25485da4cce0461fa749928cde446/element - {"using":"xpath","value":"//*[@id=\"__tile39\"]"}
RESULT: {}
RESULT: {"using":"xpath","value":"//*[@id=\"__tile39\"]"}
COMMAND: POST /session/80b25485da4cce0461fa749928cde446/element/f.499FA332C3249B1FB6786AFDCB682F30.d.C69170F6E43CB9E36C62E83F0B9C88B7.e.122/click - {}
RESULT: {}
COMMAND: GET /session/80b25485da4cce0461fa749928cde446/screenshot - {}
RESULT: {}
COMMAND: POST /session/80b25485da4cce0461fa749928cde446/elements - {"using":"xpath","value":"//span[text()='Error']"}
RESULT: {"using":"xpath","value":"//span[text()='Error']"}
COMMAND: POST /session/80b25485da4cce0461fa749928cde446/element - {"using":"xpath","value":"//button[@data-kt=\"addNewRUOverflowToolbarButton\"]"}
RESULT: {"using":"xpath","value":"//button[@data-kt=\"addNewRUOverflowToolbarButton\"]"}
COMMAND: POST /session/80b25485da4cce0461fa749928cde446/elements - {"using":"xpath","value":"//button[@data-kt=\"addNewRUOverflowToolbarButton\"]"}
RESULT: {"using":"xpath","value":"//button[@data-kt=\"addNewRUOverflowToolbarButton\"]"}
COMMAND: POST /session/80b25485da4cce0461fa749928cde446/execute/sync - {"script":"<script> [8489 bytes]","args":[{"element-6066-11e4-a52e-4f735466cecf":"f.499FA332C3249B1FB6786AFDCB682F30.d.C69170F6E43CB9E36C62E83F0B9C88B7.e.2429","ELEMENT":"f.499FA332C3249B1FB6786AFDCB682F30.d.C69170F6E43CB9E36C62E83F0B9C88B7.e.2429"}]}
RESULT: {"script":"<script> [8489 bytes]","args":[{"element-6066-11e4-a52e-4f735466cecf":"f.499FA332C3249B1FB6786AFDCB682F30.d.C69170F6E43CB9E36C62E83F0B9C88B7.e.2429","ELEMENT":"f.499FA332C3249B1FB6786AFDCB682F30.d.C69170F6E43CB9E36C62E83F0B9C88B7.e.2429"}]}
COMMAND: GET /session/80b25485da4cce0461fa749928cde446/element/f.499FA332C3249B1FB6786AFDCB682F30.d.C69170F6E43CB9E36C62E83F0B9C88B7.e.2429/enabled - {}
COMMAND: GET /session/80b25485da4cce0461fa749928cde446/screenshot - {}
RESULT: {}
COMMAND: POST /session/80b25485da4cce0461fa749928cde446/execute/sync - {"script":"<script> [8489 bytes]","args":[{"element-6066-11e4-a52e-4f735466cecf":"f.499FA332C3249B1FB6786AFDCB682F30.d.C69170F6E43CB9E36C62E83F0B9C88B7.e.2429","ELEMENT":"f.499FA332C3249B1FB6786AFDCB682F30.d.C69170F6E43CB9E36C62E83F0B9C88B7.e.2429"}]}
COMMAND: GET /session/80b25485da4cce0461fa749928cde446/screenshot - {}
RESULT: {}
RESULT: {"script":"<script> [8489 bytes]","args":[{"element-6066-11e4-a52e-4f735466cecf":"f.499FA332C3249B1FB6786AFDCB682F30.d.C69170F6E43CB9E36C62E83F0B9C88B7.e.2429","ELEMENT":"f.499FA332C3249B1FB6786AFDCB682F30.d.C69170F6E43CB9E36C62E83F0B9C88B7.e.2429"}]}
COMMAND: POST /session/80b25485da4cce0461fa749928cde446/execute/sync - {"script":"<script> [5351 bytes]","args":[{"element-6066-11e4-a52e-4f735466cecf":"f.499FA332C3249B1FB6786AFDCB682F30.d.C69170F6E43CB9E36C62E83F0B9C88B7.e.2429","ELEMENT":"f.499FA332C3249B1FB6786AFDCB682F30.d.C69170F6E43CB9E36C62E83F0B9C88B7.e.2429"}]}
COMMAND: GET /session/80b25485da4cce0461fa749928cde446/screenshot - {}
RESULT: {}
RESULT: {"script":"<script> [5351 bytes]","args":[{"element-6066-11e4-a52e-4f735466cecf":"f.499FA332C3249B1FB6786AFDCB682F30.d.C69170F6E43CB9E36C62E83F0B9C88B7.e.2429","ELEMENT":"f.499FA332C3249B1FB6786AFDCB682F30.d.C69170F6E43CB9E36C62E83F0B9C88B7.e.2429"}]}
COMMAND: POST /session/80b25485da4cce0461fa749928cde446/element/f.499FA332C3249B1FB6786AFDCB682F30.d.C69170F6E43CB9E36C62E83F0B9C88B7.e.2429/click - {}
COMMAND: GET /session/80b25485da4cce0461fa749928cde446/screenshot - {}
RESULT: {}
RESULT: {}
COMMAND: GET /session/80b25485da4cce0461fa749928cde446/screenshot - {}
RESULT: {}
RESULT: {}
COMMAND: POST /session/80b25485da4cce0461fa749928cde446/execute/async - {"script":"<script> [1562 bytes]","args":[{"selector":{"id":"application-manageresources-display-component---newResourceUnit--TYPE-arrow"},"wdio_ui5_key":"applicationmanageresources-display-component---newResourceUnit--TYPE-arrow"}]}
RESULT: {"script":"<script> [1562 bytes]","args":[{"selector":{"id":"application-manageresources-display-component---newResourceUnit--TYPE-arrow"},"wdio_ui5_key":"applicationmanageresources-display-component---newResourceUnit--TYPE-arrow"}]}
RESULT: undefined
COMMAND: POST /session/80b25485da4cce0461fa749928cde446/element - {"using":"xpath","value":"//*[@id=\"application-manageresources-display-component---newResourceUnit--TYPE-arrow\"]"}
RESULT: {"using":"xpath","value":"//*[@id=\"application-manageresources-display-component---newResourceUnit--TYPE-arrow\"]"}
COMMAND: POST /session/80b25485da4cce0461fa749928cde446/element/f.499FA332C3249B1FB6786AFDCB682F30.d.C69170F6E43CB9E36C62E83F0B9C88B7.e.2796/click - {}
RESULT: {}
COMMAND: POST /session/80b25485da4cce0461fa749928cde446/element - {"using":"xpath","value":"//input[@id=\"application-manageresources-display-component---newResourceUnit--TYPE-inner\"]"}
COMMAND: GET /session/80b25485da4cce0461fa749928cde446/screenshot - {}
RESULT: {"using":"xpath","value":"//input[@id=\"application-manageresources-display-component---newResourceUnit--TYPE-inner\"]"}
COMMAND: POST /session/80b25485da4cce0461fa749928cde446/element/f.499FA332C3249B1FB6786AFDCB682F30.d.C69170F6E43CB9E36C62E83F0B9C88B7.e.2778/clear - {}
RESULT: {}
RESULT: {}
COMMAND: POST /session/80b25485da4cce0461fa749928cde446/element/f.499FA332C3249B1FB6786AFDCB682F30.d.C69170F6E43CB9E36C62E83F0B9C88B7.e.2778/value - {"text":"Material"}
COMMAND: GET /session/80b25485da4cce0461fa749928cde446/screenshot - {}
RESULT: {"text":"Material"}
COMMAND: GET /session/80b25485da4cce0461fa749928cde446/screenshot - {}
RESULT: {}
RESULT: {}
COMMAND: POST /session/80b25485da4cce0461fa749928cde446/actions - {"actions":[{"id":"action5","type":"key","parameters":{},"actions":[{"type":"keyDown","value":""},{"type":"pause","duration":10},{"type":"keyUp","value":""}]}]}
RESULT: {"actions":[{"id":"action5","type":"key","parameters":{},"actions":[{"type":"keyDown","value":""},{"type":"pause","duration":10},{"type":"keyUp","value":""}]}]}
COMMAND: POST /session/80b25485da4cce0461fa749928cde446/execute/async - {"script":"<script> [1562 bytes]","args":[{"selector":{"id":"application-manageresources-display-component---newResourceUnit--SHORT_TEXT","interaction":{"idSuffix":"inner"}},"wdio_ui5_key":"applicationmanageresources-display-component---newResourceUnit--SHORT_TEXT"}]}
COMMAND: GET /session/80b25485da4cce0461fa749928cde446/screenshot - {}
RESULT: {"script":"<script> [1562 bytes]","args":[{"selector":{"id":"application-manageresources-display-component---newResourceUnit--SHORT_TEXT","interaction":{"idSuffix":"inner"}},"wdio_ui5_key":"applicationmanageresources-display-component---newResourceUnit--SHORT_TEXT"}]}
RESULT: undefined
COMMAND: POST /session/80b25485da4cce0461fa749928cde446/execute/async - {"script":"<script> [776 bytes]","args":[{"enterText":"Cement WDIO","selector":{"id":"application-manageresources-display-component---newResourceUnit--SHORT_TEXT","interaction":{"idSuffix":"inner"}},"clearTextFirst":true,"interactionType":"ENTER_TEXT"}]}
RESULT: {}
RESULT: {"script":"<script> [776 bytes]","args":[{"enterText":"Cement WDIO","selector":{"id":"application-manageresources-display-component---newResourceUnit--SHORT_TEXT","interaction":{"idSuffix":"inner"}},"clearTextFirst":true,"interactionType":"ENTER_TEXT"}]}
COMMAND: POST /session/80b25485da4cce0461fa749928cde446/execute/async - {"script":"<script> [1562 bytes]","args":[{"selector":{"id":"application-manageresources-display-component---newResourceUnit--BASE_UNIT_OF_MEASURE","interaction":{"idSuffix":"inner"}},"wdio_ui5_key":"applicationmanageresources-display-component---newResourceUnit--BASE_UNIT_OF_MEASURE"}]}
RESULT: {"script":"<script> [1562 bytes]","args":[{"selector":{"id":"application-manageresources-display-component---newResourceUnit--BASE_UNIT_OF_MEASURE","interaction":{"idSuffix":"inner"}},"wdio_ui5_key":"applicationmanageresources-display-component---newResourceUnit--BASE_UNIT_OF_MEASURE"}]}
RESULT: undefined
COMMAND: POST /session/80b25485da4cce0461fa749928cde446/execute/async - {"script":"<script> [776 bytes]","args":[{"enterText":"Piece","selector":{"id":"application-manageresources-display-component---newResourceUnit--BASE_UNIT_OF_MEASURE","interaction":{"idSuffix":"inner"}},"clearTextFirst":true,"interactionType":"ENTER_TEXT"}]}
RESULT: {"script":"<script> [776 bytes]","args":[{"enterText":"Piece","selector":{"id":"application-manageresources-display-component---newResourceUnit--BASE_UNIT_OF_MEASURE","interaction":{"idSuffix":"inner"}},"clearTextFirst":true,"interactionType":"ENTER_TEXT"}]}
COMMAND: POST /session/80b25485da4cce0461fa749928cde446/execute/async - {"script":"<script> [1562 bytes]","args":[{"selector":{"id":"application-manageresources-display-component---newResourceUnit--WEIGHT_UNIT","interaction":{"idSuffix":"inner"}},"wdio_ui5_key":"applicationmanageresources-display-component---newResourceUnit--WEIGHT_UNIT"}]}
RESULT: {"script":"<script> [1562 bytes]","args":[{"selector":{"id":"application-manageresources-display-component---newResourceUnit--WEIGHT_UNIT","interaction":{"idSuffix":"inner"}},"wdio_ui5_key":"applicationmanageresources-display-component---newResourceUnit--WEIGHT_UNIT"}]}
RESULT: undefined
COMMAND: POST /session/80b25485da4cce0461fa749928cde446/execute/async - {"script":"<script> [776 bytes]","args":[{"enterText":"Gram","selector":{"id":"application-manageresources-display-component---newResourceUnit--WEIGHT_UNIT","interaction":{"idSuffix":"inner"}},"clearTextFirst":true,"interactionType":"ENTER_TEXT"}]}
RESULT: {"script":"<script> [776 bytes]","args":[{"enterText":"Gram","selector":{"id":"application-manageresources-display-component---newResourceUnit--WEIGHT_UNIT","interaction":{"idSuffix":"inner"}},"clearTextFirst":true,"interactionType":"ENTER_TEXT"}]}
COMMAND: POST /session/80b25485da4cce0461fa749928cde446/execute/async - {"script":"<script> [1562 bytes]","args":[{"selector":{"id":"application-manageresources-display-component---newResourceUnit--DIMENSION_UNIT","interaction":{"idSuffix":"inner"}},"wdio_ui5_key":"applicationmanageresources-display-component---newResourceUnit--DIMENSION_UNIT"}]}
RESULT: {"script":"<script> [1562 bytes]","args":[{"selector":{"id":"application-manageresources-display-component---newResourceUnit--DIMENSION_UNIT","interaction":{"idSuffix":"inner"}},"wdio_ui5_key":"applicationmanageresources-display-component---newResourceUnit--DIMENSION_UNIT"}]}
RESULT: undefined
COMMAND: POST /session/80b25485da4cce0461fa749928cde446/execute/async - {"script":"<script> [776 bytes]","args":[{"enterText":"Meter","selector":{"id":"application-manageresources-display-component---newResourceUnit--DIMENSION_UNIT","interaction":{"idSuffix":"inner"}},"clearTextFirst":true,"interactionType":"ENTER_TEXT"}]}
RESULT: {"script":"<script> [776 bytes]","args":[{"enterText":"Meter","selector":{"id":"application-manageresources-display-component---newResourceUnit--DIMENSION_UNIT","interaction":{"idSuffix":"inner"}},"clearTextFirst":true,"interactionType":"ENTER_TEXT"}]}
COMMAND: POST /session/80b25485da4cce0461fa749928cde446/execute/async - {"script":"<script> [1562 bytes]","args":[{"selector":{"id":"application-manageresources-display-component---newResourceUnit--newRRUPage-anchBar-application-manageresources-display-component---newResourceUnit--control-anchor","interaction":{"idSuffix":"BDI-content"}},"wdio_ui5_key":"applicationmanageresources-display-component---newResourceUnit--newRRUPage-anchBar-application-manageresources-display-component---newResourceUnit--control-anchor"}]}
RESULT: {"script":"<script> [1562 bytes]","args":[{"selector":{"id":"application-manageresources-display-component---newResourceUnit--newRRUPage-anchBar-application-manageresources-display-component---newResourceUnit--control-anchor","interaction":{"idSuffix":"BDI-content"}},"wdio_ui5_key":"applicationmanageresources-display-component---newResourceUnit--newRRUPage-anchBar-application-manageresources-display-component---newResourceUnit--control-anchor"}]}
RESULT: undefined
COMMAND: POST /session/80b25485da4cce0461fa749928cde446/element - {"using":"xpath","value":"//*[@id=\"application-manageresources-display-component---newResourceUnit--newRRUPage-anchBar-application-manageresources-display-component---newResourceUnit--control-anchor\"]"}
RESULT: {"using":"xpath","value":"//*[@id=\"application-manageresources-display-component---newResourceUnit--newRRUPage-anchBar-application-manageresources-display-component---newResourceUnit--control-anchor\"]"}
COMMAND: POST /session/80b25485da4cce0461fa749928cde446/element/f.499FA332C3249B1FB6786AFDCB682F30.d.C69170F6E43CB9E36C62E83F0B9C88B7.e.2927/click - {}
RESULT: {}
COMMAND: POST /session/80b25485da4cce0461fa749928cde446/execute/async - {"script":"<script> [1562 bytes]","args":[{"selector":{"id":"application-manageresources-display-component---newResourceUnit--PLANNING_GROUP","interaction":{"idSuffix":"inner"}},"wdio_ui5_key":"applicationmanageresources-display-component---newResourceUnit--PLANNING_GROUP"}]}
COMMAND: GET /session/80b25485da4cce0461fa749928cde446/screenshot - {}
RESULT: {"script":"<script> [1562 bytes]","args":[{"selector":{"id":"application-manageresources-display-component---newResourceUnit--PLANNING_GROUP","interaction":{"idSuffix":"inner"}},"wdio_ui5_key":"applicationmanageresources-display-component---newResourceUnit--PLANNING_GROUP"}]}
RESULT: undefined
COMMAND: POST /session/80b25485da4cce0461fa749928cde446/execute/async - {"script":"<script> [776 bytes]","args":[{"enterText":"Material","selector":{"id":"application-manageresources-display-component---newResourceUnit--PLANNING_GROUP","interaction":{"idSuffix":"inner"}},"clearTextFirst":true,"interactionType":"ENTER_TEXT"}]}
RESULT: {}
RESULT: {"script":"<script> [776 bytes]","args":[{"enterText":"Material","selector":{"id":"application-manageresources-display-component---newResourceUnit--PLANNING_GROUP","interaction":{"idSuffix":"inner"}},"clearTextFirst":true,"interactionType":"ENTER_TEXT"}]}
COMMAND: POST /session/80b25485da4cce0461fa749928cde446/execute/async - {"script":"<script> [1562 bytes]","args":[{"selector":{"id":"application-manageresources-display-component---newResourceUnit--PLANNING_INDICATOR","interaction":{"idSuffix":"inner"}},"wdio_ui5_key":"applicationmanageresources-display-component---newResourceUnit--PLANNING_INDICATOR"}]}
RESULT: {"script":"<script> [1562 bytes]","args":[{"selector":{"id":"application-manageresources-display-component---newResourceUnit--PLANNING_INDICATOR","interaction":{"idSuffix":"inner"}},"wdio_ui5_key":"applicationmanageresources-display-component---newResourceUnit--PLANNING_INDICATOR"}]}
RESULT: undefined
COMMAND: POST /session/80b25485da4cce0461fa749928cde446/execute/async - {"script":"<script> [776 bytes]","args":[{"enterText":"10 - infinite","selector":{"id":"application-manageresources-display-component---newResourceUnit--PLANNING_INDICATOR","interaction":{"idSuffix":"inner"}},"clearTextFirst":true,"interactionType":"ENTER_TEXT"}]}
RESULT: {"script":"<script> [776 bytes]","args":[{"enterText":"10 - infinite","selector":{"id":"application-manageresources-display-component---newResourceUnit--PLANNING_INDICATOR","interaction":{"idSuffix":"inner"}},"clearTextFirst":true,"interactionType":"ENTER_TEXT"}]}
COMMAND: POST /session/80b25485da4cce0461fa749928cde446/element - {"using":"css selector","value":"#application-manageresources-display-component---newResourceUnit--btnAddTimeSegment"}
RESULT: {"using":"css selector","value":"#application-manageresources-display-component---newResourceUnit--btnAddTimeSegment"}
COMMAND: GET /session/80b25485da4cce0461fa749928cde446/element/f.499FA332C3249B1FB6786AFDCB682F30.d.C69170F6E43CB9E36C62E83F0B9C88B7.e.2937/rect - {}
RESULT: {}
COMMAND: GET /session/80b25485da4cce0461fa749928cde446/window/rect - {}
RESULT: {}
COMMAND: POST /session/80b25485da4cce0461fa749928cde446/execute/sync - {"script":"<script> [92 bytes]","args":[]}
RESULT: {"script":"<script> [92 bytes]","args":[]}
COMMAND: POST /session/80b25485da4cce0461fa749928cde446/actions - {"actions":[{"id":"action6","type":"wheel","parameters":{},"actions":[{"type":"scroll","x":-1888,"y":-32,"deltaX":0,"deltaY":0,"duration":0,"origin":{"element-6066-11e4-a52e-4f735466cecf":"f.499FA332C3249B1FB6786AFDCB682F30.d.C69170F6E43CB9E36C62E83F0B9C88B7.e.2937"}}]}]}
COMMAND: GET /session/80b25485da4cce0461fa749928cde446/screenshot - {}
RESULT: {}
COMMAND: POST /session/80b25485da4cce0461fa749928cde446/execute/sync - {"script":"<script> [79 bytes]","args":[{"element-6066-11e4-a52e-4f735466cecf":"f.499FA332C3249B1FB6786AFDCB682F30.d.C69170F6E43CB9E36C62E83F0B9C88B7.e.2937","ELEMENT":"f.499FA332C3249B1FB6786AFDCB682F30.d.C69170F6E43CB9E36C62E83F0B9C88B7.e.2937"},{"block":"start","inline":"nearest"}]}
RESULT: {"script":"<script> [79 bytes]","args":[{"element-6066-11e4-a52e-4f735466cecf":"f.499FA332C3249B1FB6786AFDCB682F30.d.C69170F6E43CB9E36C62E83F0B9C88B7.e.2937","ELEMENT":"f.499FA332C3249B1FB6786AFDCB682F30.d.C69170F6E43CB9E36C62E83F0B9C88B7.e.2937"},{"block":"start","inline":"nearest"}]}
COMMAND: POST /session/80b25485da4cce0461fa749928cde446/execute/async - {"script":"<script> [1562 bytes]","args":[{"selector":{"id":"application-manageresources-display-component---newResourceUnit--btnAddTimeSegment","interaction":{"idSuffix":"inner"}},"wdio_ui5_key":"applicationmanageresources-display-component---newResourceUnit--btnAddTimeSegment"}]}
COMMAND: GET /session/80b25485da4cce0461fa749928cde446/screenshot - {}
RESULT: {"script":"<script> [1562 bytes]","args":[{"selector":{"id":"application-manageresources-display-component---newResourceUnit--btnAddTimeSegment","interaction":{"idSuffix":"inner"}},"wdio_ui5_key":"applicationmanageresources-display-component---newResourceUnit--btnAddTimeSegment"}]}
RESULT: undefined
COMMAND: POST /session/80b25485da4cce0461fa749928cde446/element - {"using":"xpath","value":"//*[@id=\"application-manageresources-display-component---newResourceUnit--btnAddTimeSegment\"]"}
RESULT: {}
RESULT: {"using":"xpath","value":"//*[@id=\"application-manageresources-display-component---newResourceUnit--btnAddTimeSegment\"]"}
COMMAND: POST /session/80b25485da4cce0461fa749928cde446/element/f.499FA332C3249B1FB6786AFDCB682F30.d.C69170F6E43CB9E36C62E83F0B9C88B7.e.2937/click - {}
RESULT: {}
COMMAND: GET /session/80b25485da4cce0461fa749928cde446/screenshot - {}
RESULT: {}
COMMAND: POST /session/80b25485da4cce0461fa749928cde446/element - {"using":"xpath","value":"//input[@id=\"application-manageresources-display-component---newResourceUnit--idRuTSAdmin-application-manageresources-display-component---newResourceUnit--RUTimeSegment-0-inner\"]"}
RESULT: {"using":"xpath","value":"//input[@id=\"application-manageresources-display-component---newResourceUnit--idRuTSAdmin-application-manageresources-display-component---newResourceUnit--RUTimeSegment-0-inner\"]"}
COMMAND: POST /session/80b25485da4cce0461fa749928cde446/element/f.499FA332C3249B1FB6786AFDCB682F30.d.C69170F6E43CB9E36C62E83F0B9C88B7.e.2942/clear - {}
RESULT: {}
COMMAND: POST /session/80b25485da4cce0461fa749928cde446/element/f.499FA332C3249B1FB6786AFDCB682F30.d.C69170F6E43CB9E36C62E83F0B9C88B7.e.2942/value - {"text":"548"}
COMMAND: GET /session/80b25485da4cce0461fa749928cde446/screenshot - {}
RESULT: {"text":"548"}
COMMAND: GET /session/80b25485da4cce0461fa749928cde446/screenshot - {}
RESULT: {}
RESULT: {}
COMMAND: POST /session/80b25485da4cce0461fa749928cde446/element - {"using":"xpath","value":"//li[.//span[text()='548']]"}
RESULT: {"using":"xpath","value":"//li[.//span[text()='548']]"}
COMMAND: POST /session/80b25485da4cce0461fa749928cde446/element/f.499FA332C3249B1FB6786AFDCB682F30.d.C69170F6E43CB9E36C62E83F0B9C88B7.e.2951/click - {}
RESULT: {}
COMMAND: GET /session/80b25485da4cce0461fa749928cde446/screenshot - {}
RESULT: {}
COMMAND: POST /session/80b25485da4cce0461fa749928cde446/element - {"using":"xpath","value":"(//span[contains(@id, \"-application-manageresources-display-component---newResourceUnit--RUTimeSegment-0-arrow\")])[2]"}
RESULT: {"using":"xpath","value":"(//span[contains(@id, \"-application-manageresources-display-component---newResourceUnit--RUTimeSegment-0-arrow\")])[2]"}
COMMAND: POST /session/80b25485da4cce0461fa749928cde446/element/f.499FA332C3249B1FB6786AFDCB682F30.d.C69170F6E43CB9E36C62E83F0B9C88B7.e.2952/click - {}
RESULT: {}
COMMAND: POST /session/80b25485da4cce0461fa749928cde446/element - {"using":"xpath","value":"//span[contains(text(), \"PM Order\")]"}
COMMAND: GET /session/80b25485da4cce0461fa749928cde446/screenshot - {}
RESULT: {"using":"xpath","value":"//span[contains(text(), \"PM Order\")]"}
COMMAND: POST /session/80b25485da4cce0461fa749928cde446/element/f.499FA332C3249B1FB6786AFDCB682F30.d.C69170F6E43CB9E36C62E83F0B9C88B7.e.2953/click - {}
RESULT: {}
RESULT: {}
COMMAND: GET /session/80b25485da4cce0461fa749928cde446/screenshot - {}
RESULT: {}
COMMAND: POST /session/80b25485da4cce0461fa749928cde446/element - {"using":"xpath","value":"//td/div/div/div/span[contains(@id, \"newResourceUnit--RUTimeSegment-0-vhi\")][1]"}
RESULT: {"using":"xpath","value":"//td/div/div/div/span[contains(@id, \"newResourceUnit--RUTimeSegment-0-vhi\")][1]"}
COMMAND: GET /session/80b25485da4cce0461fa749928cde446/element/f.499FA332C3249B1FB6786AFDCB682F30.d.C69170F6E43CB9E36C62E83F0B9C88B7.e.2957/rect - {}
RESULT: {}
COMMAND: GET /session/80b25485da4cce0461fa749928cde446/window/rect - {}
RESULT: {}
COMMAND: POST /session/80b25485da4cce0461fa749928cde446/execute/sync - {"script":"<script> [92 bytes]","args":[]}
RESULT: {"script":"<script> [92 bytes]","args":[]}
COMMAND: POST /session/80b25485da4cce0461fa749928cde446/actions - {"actions":[{"id":"action7","type":"wheel","parameters":{},"actions":[{"type":"scroll","x":-1888,"y":-24,"deltaX":0,"deltaY":0,"duration":0,"origin":{"element-6066-11e4-a52e-4f735466cecf":"f.499FA332C3249B1FB6786AFDCB682F30.d.C69170F6E43CB9E36C62E83F0B9C88B7.e.2957"}}]}]}
COMMAND: GET /session/80b25485da4cce0461fa749928cde446/screenshot - {}
RESULT: {}
COMMAND: POST /session/80b25485da4cce0461fa749928cde446/execute/sync - {"script":"<script> [79 bytes]","args":[{"element-6066-11e4-a52e-4f735466cecf":"f.499FA332C3249B1FB6786AFDCB682F30.d.C69170F6E43CB9E36C62E83F0B9C88B7.e.2957","ELEMENT":"f.499FA332C3249B1FB6786AFDCB682F30.d.C69170F6E43CB9E36C62E83F0B9C88B7.e.2957"},{"block":"start","inline":"nearest"}]}
RESULT: {"script":"<script> [79 bytes]","args":[{"element-6066-11e4-a52e-4f735466cecf":"f.499FA332C3249B1FB6786AFDCB682F30.d.C69170F6E43CB9E36C62E83F0B9C88B7.e.2957","ELEMENT":"f.499FA332C3249B1FB6786AFDCB682F30.d.C69170F6E43CB9E36C62E83F0B9C88B7.e.2957"},{"block":"start","inline":"nearest"}]}
COMMAND: GET /session/80b25485da4cce0461fa749928cde446/screenshot - {}
RESULT: {}
COMMAND: POST /session/80b25485da4cce0461fa749928cde446/element/f.499FA332C3249B1FB6786AFDCB682F30.d.C69170F6E43CB9E36C62E83F0B9C88B7.e.2957/click - {}
RESULT: {}
COMMAND: GET /session/80b25485da4cce0461fa749928cde446/screenshot - {}
RESULT: {}
RESULT: undefined
COMMAND: POST /session/80b25485da4cce0461fa749928cde446/execute/async - {"script":"<script> [776 bytes]","args":[{"enterText":"4000360","selector":{"controlType":"sap.m.SearchField","properties":{"placeholder":"Search"},"searchOpenDialogs":true,"interaction":{"idSuffix":"I"}},"clearTextFirst":true,"interactionType":"ENTER_TEXT"}]}
RESULT: {"script":"<script> [776 bytes]","args":[{"enterText":"4000360","selector":{"controlType":"sap.m.SearchField","properties":{"placeholder":"Search"},"searchOpenDialogs":true,"interaction":{"idSuffix":"I"}},"clearTextFirst":true,"interactionType":"ENTER_TEXT"}]}
COMMAND: POST /session/80b25485da4cce0461fa749928cde446/actions - {"actions":[{"id":"action8","type":"key","parameters":{},"actions":[{"type":"keyDown","value":""},{"type":"pause","duration":10},{"type":"keyUp","value":""}]}]}
RESULT: {"actions":[{"id":"action8","type":"key","parameters":{},"actions":[{"type":"keyDown","value":""},{"type":"pause","duration":10},{"type":"keyUp","value":""}]}]}
COMMAND: GET /session/80b25485da4cce0461fa749928cde446/screenshot - {}
RESULT: {}
COMMAND: POST /session/80b25485da4cce0461fa749928cde446/element - {"using":"xpath","value":"//td/div/span[contains(text(), \"BGL Vehicles\")]"}
RESULT: {"using":"xpath","value":"//td/div/span[contains(text(), \"BGL Vehicles\")]"}
COMMAND: POST /session/80b25485da4cce0461fa749928cde446/element/f.499FA332C3249B1FB6786AFDCB682F30.d.C69170F6E43CB9E36C62E83F0B9C88B7.e.2977/click - {}
RESULT: {}
COMMAND: GET /session/80b25485da4cce0461fa749928cde446/screenshot - {}
RESULT: {}
COMMAND: POST /session/80b25485da4cce0461fa749928cde446/element - {"using":"xpath","value":"//bdi[contains(text(), \"OK\")]"}
RESULT: {"using":"xpath","value":"//bdi[contains(text(), \"OK\")]"}
COMMAND: POST /session/80b25485da4cce0461fa749928cde446/element/f.499FA332C3249B1FB6786AFDCB682F30.d.C69170F6E43CB9E36C62E83F0B9C88B7.e.2978/click - {}
RESULT: {}
COMMAND: GET /session/80b25485da4cce0461fa749928cde446/screenshot - {}
RESULT: {}
COMMAND: POST /session/80b25485da4cce0461fa749928cde446/element - {"using":"xpath","value":"//label[contains(@class, 'sapMLabelRequired') and .//bdi[contains(text(), 'Planned Retirement')]]"}
RESULT: {"using":"xpath","value":"//label[contains(@class, 'sapMLabelRequired') and .//bdi[contains(text(), 'Planned Retirement')]]"}
COMMAND: POST /session/80b25485da4cce0461fa749928cde446/elements - {"using":"xpath","value":"//label[contains(@class, 'sapMLabelRequired') and .//bdi[contains(text(), 'Planned Retirement')]]"}
RESULT: {"using":"xpath","value":"//label[contains(@class, 'sapMLabelRequired') and .//bdi[contains(text(), 'Planned Retirement')]]"}
COMMAND: POST /session/80b25485da4cce0461fa749928cde446/element - {"using":"xpath","value":"//button[@data-kt=\"resourceUnitSaveButton\"]"}
RESULT: {"using":"xpath","value":"//button[@data-kt=\"resourceUnitSaveButton\"]"}
COMMAND: POST /session/80b25485da4cce0461fa749928cde446/element/f.499FA332C3249B1FB6786AFDCB682F30.d.C69170F6E43CB9E36C62E83F0B9C88B7.e.2814/click - {}
RESULT: {}
COMMAND: GET /session/80b25485da4cce0461fa749928cde446/screenshot - {}
RESULT: {}
COMMAND: POST /session/80b25485da4cce0461fa749928cde446/element - {"using":"xpath","value":"//bdi[contains(text(), \"Close\")]"}
RESULT: {"using":"xpath","value":"//bdi[contains(text(), \"Close\")]"}
COMMAND: POST /session/80b25485da4cce0461fa749928cde446/element/f.499FA332C3249B1FB6786AFDCB682F30.d.C69170F6E43CB9E36C62E83F0B9C88B7.e.2984/click - {}
RESULT: {}
COMMAND: GET /session/80b25485da4cce0461fa749928cde446/screenshot - {}
RESULT: {}
COMMAND: POST /session/80b25485da4cce0461fa749928cde446/element - {"using":"xpath","value":"//header[contains(@id, 'detailRruPage-headerTitle')]/div[1]/div[2]/div[2]/span[1]"}
RESULT: {"using":"xpath","value":"//header[contains(@id, 'detailRruPage-headerTitle')]/div[1]/div[2]/div[2]/span[1]"}
COMMAND: POST /session/80b25485da4cce0461fa749928cde446/elements - {"using":"xpath","value":"//header[contains(@id, 'detailRruPage-headerTitle')]/div[1]/div[2]/div[2]/span[1]"}
RESULT: {"using":"xpath","value":"//header[contains(@id, 'detailRruPage-headerTitle')]/div[1]/div[2]/div[2]/span[1]"}
COMMAND: POST /session/80b25485da4cce0461fa749928cde446/execute/sync - {"script":"<script> [56 bytes]","args":[{"element-6066-11e4-a52e-4f735466cecf":"f.499FA332C3249B1FB6786AFDCB682F30.d.C69170F6E43CB9E36C62E83F0B9C88B7.e.3014","ELEMENT":"f.499FA332C3249B1FB6786AFDCB682F30.d.C69170F6E43CB9E36C62E83F0B9C88B7.e.3014"}]}
RESULT: {"script":"<script> [56 bytes]","args":[{"element-6066-11e4-a52e-4f735466cecf":"f.499FA332C3249B1FB6786AFDCB682F30.d.C69170F6E43CB9E36C62E83F0B9C88B7.e.3014","ELEMENT":"f.499FA332C3249B1FB6786AFDCB682F30.d.C69170F6E43CB9E36C62E83F0B9C88B7.e.3014"}]}
COMMAND: POST /session/80b25485da4cce0461fa749928cde446/element - {"using":"css selector","value":"#shell-header-logo"}
COMMAND: GET /session/80b25485da4cce0461fa749928cde446/screenshot - {}
RESULT: {"using":"css selector","value":"#shell-header-logo"}
COMMAND: POST /session/80b25485da4cce0461fa749928cde446/element/f.499FA332C3249B1FB6786AFDCB682F30.d.C69170F6E43CB9E36C62E83F0B9C88B7.e.2401/click - {}
RESULT: {}
RESULT: {}
COMMAND: GET /session/80b25485da4cce0461fa749928cde446/screenshot - {}
RESULT: {}
]]></system-out>
    </testcase>
    <testcase classname="chrome.136_0_7103_93.windows.Stock_increase_-_with_WHM_US125587" name="Bin Status Report Should Create New Organization yard" time="81.244">
      <system-out><![CDATA[
COMMAND: POST /session/80b25485da4cce0461fa749928cde446/execute/async - {"script":"<script> [1562 bytes]","args":[{"selector":{"controlType":"sap.m.GenericTile","properties":{"header":"Bin Status Report"}},"wdio_ui5_key":"sapm.GenericTile{\"header\":\"Bin Status Report\"}"}]}
RESULT: {"script":"<script> [1562 bytes]","args":[{"selector":{"controlType":"sap.m.GenericTile","properties":{"header":"Bin Status Report"}},"wdio_ui5_key":"sapm.GenericTile{\"header\":\"Bin Status Report\"}"}]}
RESULT: undefined
COMMAND: POST /session/80b25485da4cce0461fa749928cde446/element - {"using":"xpath","value":"//*[@id=\"__tile104\"]"}
RESULT: {"using":"xpath","value":"//*[@id=\"__tile104\"]"}
COMMAND: POST /session/80b25485da4cce0461fa749928cde446/element/f.499FA332C3249B1FB6786AFDCB682F30.d.C69170F6E43CB9E36C62E83F0B9C88B7.e.3016/click - {}
RESULT: {}
COMMAND: GET /session/80b25485da4cce0461fa749928cde446/screenshot - {}
RESULT: {}
COMMAND: POST /session/80b25485da4cce0461fa749928cde446/elements - {"using":"xpath","value":"//span[text()='Error']"}
RESULT: {"using":"xpath","value":"//span[text()='Error']"}
COMMAND: POST /session/80b25485da4cce0461fa749928cde446/element - {"using":"xpath","value":"//button[@id=\"application-binstatusreport-display-component---warehousing--createOrgBtn\"]"}
RESULT: {"using":"xpath","value":"//button[@id=\"application-binstatusreport-display-component---warehousing--createOrgBtn\"]"}
COMMAND: POST /session/80b25485da4cce0461fa749928cde446/elements - {"using":"xpath","value":"//button[@id=\"application-binstatusreport-display-component---warehousing--createOrgBtn\"]"}
RESULT: {"using":"xpath","value":"//button[@id=\"application-binstatusreport-display-component---warehousing--createOrgBtn\"]"}
COMMAND: POST /session/80b25485da4cce0461fa749928cde446/execute/sync - {"script":"<script> [8489 bytes]","args":[{"element-6066-11e4-a52e-4f735466cecf":"f.499FA332C3249B1FB6786AFDCB682F30.d.C69170F6E43CB9E36C62E83F0B9C88B7.e.3076","ELEMENT":"f.499FA332C3249B1FB6786AFDCB682F30.d.C69170F6E43CB9E36C62E83F0B9C88B7.e.3076"}]}
RESULT: {"script":"<script> [8489 bytes]","args":[{"element-6066-11e4-a52e-4f735466cecf":"f.499FA332C3249B1FB6786AFDCB682F30.d.C69170F6E43CB9E36C62E83F0B9C88B7.e.3076","ELEMENT":"f.499FA332C3249B1FB6786AFDCB682F30.d.C69170F6E43CB9E36C62E83F0B9C88B7.e.3076"}]}
COMMAND: GET /session/80b25485da4cce0461fa749928cde446/element/f.499FA332C3249B1FB6786AFDCB682F30.d.C69170F6E43CB9E36C62E83F0B9C88B7.e.3076/enabled - {}
COMMAND: GET /session/80b25485da4cce0461fa749928cde446/screenshot - {}
RESULT: {}
COMMAND: POST /session/80b25485da4cce0461fa749928cde446/execute/sync - {"script":"<script> [8489 bytes]","args":[{"element-6066-11e4-a52e-4f735466cecf":"f.499FA332C3249B1FB6786AFDCB682F30.d.C69170F6E43CB9E36C62E83F0B9C88B7.e.3076","ELEMENT":"f.499FA332C3249B1FB6786AFDCB682F30.d.C69170F6E43CB9E36C62E83F0B9C88B7.e.3076"}]}
COMMAND: GET /session/80b25485da4cce0461fa749928cde446/screenshot - {}
RESULT: {}
RESULT: {"script":"<script> [8489 bytes]","args":[{"element-6066-11e4-a52e-4f735466cecf":"f.499FA332C3249B1FB6786AFDCB682F30.d.C69170F6E43CB9E36C62E83F0B9C88B7.e.3076","ELEMENT":"f.499FA332C3249B1FB6786AFDCB682F30.d.C69170F6E43CB9E36C62E83F0B9C88B7.e.3076"}]}
COMMAND: POST /session/80b25485da4cce0461fa749928cde446/execute/sync - {"script":"<script> [5351 bytes]","args":[{"element-6066-11e4-a52e-4f735466cecf":"f.499FA332C3249B1FB6786AFDCB682F30.d.C69170F6E43CB9E36C62E83F0B9C88B7.e.3076","ELEMENT":"f.499FA332C3249B1FB6786AFDCB682F30.d.C69170F6E43CB9E36C62E83F0B9C88B7.e.3076"}]}
COMMAND: GET /session/80b25485da4cce0461fa749928cde446/screenshot - {}
RESULT: {}
RESULT: {"script":"<script> [5351 bytes]","args":[{"element-6066-11e4-a52e-4f735466cecf":"f.499FA332C3249B1FB6786AFDCB682F30.d.C69170F6E43CB9E36C62E83F0B9C88B7.e.3076","ELEMENT":"f.499FA332C3249B1FB6786AFDCB682F30.d.C69170F6E43CB9E36C62E83F0B9C88B7.e.3076"}]}
COMMAND: GET /session/80b25485da4cce0461fa749928cde446/screenshot - {}
RESULT: {}
RESULT: {}
COMMAND: POST /session/80b25485da4cce0461fa749928cde446/element/f.499FA332C3249B1FB6786AFDCB682F30.d.C69170F6E43CB9E36C62E83F0B9C88B7.e.3076/click - {}
RESULT: {}
COMMAND: GET /session/80b25485da4cce0461fa749928cde446/screenshot - {}
RESULT: {}
COMMAND: POST /session/80b25485da4cce0461fa749928cde446/execute/async - {"script":"<script> [1562 bytes]","args":[{"selector":{"id":"createOrganizationPop--sectionInput","searchOpenDialogs":true,"interaction":{"idSuffix":"inner"}},"wdio_ui5_key":"createOrganizationPopsectionInput"}]}
RESULT: {"script":"<script> [1562 bytes]","args":[{"selector":{"id":"createOrganizationPop--sectionInput","searchOpenDialogs":true,"interaction":{"idSuffix":"inner"}},"wdio_ui5_key":"createOrganizationPopsectionInput"}]}
RESULT: undefined
COMMAND: POST /session/80b25485da4cce0461fa749928cde446/execute/async - {"script":"<script> [776 bytes]","args":[{"enterText":"WDIO-548","selector":{"id":"createOrganizationPop--sectionInput","searchOpenDialogs":true,"interaction":{"idSuffix":"inner"}},"clearTextFirst":true,"interactionType":"ENTER_TEXT"}]}
RESULT: {"script":"<script> [776 bytes]","args":[{"enterText":"WDIO-548","selector":{"id":"createOrganizationPop--sectionInput","searchOpenDialogs":true,"interaction":{"idSuffix":"inner"}},"clearTextFirst":true,"interactionType":"ENTER_TEXT"}]}
COMMAND: POST /session/80b25485da4cce0461fa749928cde446/execute/async - {"script":"<script> [1562 bytes]","args":[{"selector":{"id":"createOrganizationPop--descriptionInput","searchOpenDialogs":true,"interaction":{"idSuffix":"inner"}},"wdio_ui5_key":"createOrganizationPopdescriptionInput"}]}
RESULT: {"script":"<script> [1562 bytes]","args":[{"selector":{"id":"createOrganizationPop--descriptionInput","searchOpenDialogs":true,"interaction":{"idSuffix":"inner"}},"wdio_ui5_key":"createOrganizationPopdescriptionInput"}]}
RESULT: undefined
COMMAND: POST /session/80b25485da4cce0461fa749928cde446/execute/async - {"script":"<script> [776 bytes]","args":[{"enterText":"Shipping-548","selector":{"id":"createOrganizationPop--descriptionInput","searchOpenDialogs":true,"interaction":{"idSuffix":"inner"}},"clearTextFirst":true,"interactionType":"ENTER_TEXT"}]}
RESULT: {"script":"<script> [776 bytes]","args":[{"enterText":"Shipping-548","selector":{"id":"createOrganizationPop--descriptionInput","searchOpenDialogs":true,"interaction":{"idSuffix":"inner"}},"clearTextFirst":true,"interactionType":"ENTER_TEXT"}]}
COMMAND: POST /session/80b25485da4cce0461fa749928cde446/element - {"using":"css selector","value":"#createOrganizationPop--yardOrg-inner"}
RESULT: {"using":"css selector","value":"#createOrganizationPop--yardOrg-inner"}
COMMAND: POST /session/80b25485da4cce0461fa749928cde446/element/f.499FA332C3249B1FB6786AFDCB682F30.d.C69170F6E43CB9E36C62E83F0B9C88B7.e.3379/clear - {}
RESULT: {}
COMMAND: POST /session/80b25485da4cce0461fa749928cde446/element/f.499FA332C3249B1FB6786AFDCB682F30.d.C69170F6E43CB9E36C62E83F0B9C88B7.e.3379/value - {"text":"548"}
COMMAND: GET /session/80b25485da4cce0461fa749928cde446/screenshot - {}
RESULT: {"text":"548"}
COMMAND: GET /session/80b25485da4cce0461fa749928cde446/screenshot - {}
RESULT: {}
RESULT: {}
COMMAND: POST /session/80b25485da4cce0461fa749928cde446/actions - {"actions":[{"id":"action9","type":"key","parameters":{},"actions":[{"type":"keyDown","value":""},{"type":"pause","duration":10},{"type":"keyUp","value":""}]}]}
RESULT: {"actions":[{"id":"action9","type":"key","parameters":{},"actions":[{"type":"keyDown","value":""},{"type":"pause","duration":10},{"type":"keyUp","value":""}]}]}
COMMAND: POST /session/80b25485da4cce0461fa749928cde446/execute/async - {"script":"<script> [1562 bytes]","args":[{"selector":{"id":"createOrganizationPop--grZone","searchOpenDialogs":true,"interaction":{"idSuffix":"CbBg"}},"wdio_ui5_key":"createOrganizationPopgrZone"}]}
COMMAND: GET /session/80b25485da4cce0461fa749928cde446/screenshot - {}
RESULT: {"script":"<script> [1562 bytes]","args":[{"selector":{"id":"createOrganizationPop--grZone","searchOpenDialogs":true,"interaction":{"idSuffix":"CbBg"}},"wdio_ui5_key":"createOrganizationPopgrZone"}]}
RESULT: undefined
COMMAND: POST /session/80b25485da4cce0461fa749928cde446/element - {"using":"xpath","value":"//*[@id=\"createOrganizationPop--grZone\"]"}
RESULT: {}
RESULT: {"using":"xpath","value":"//*[@id=\"createOrganizationPop--grZone\"]"}
COMMAND: POST /session/80b25485da4cce0461fa749928cde446/element/f.499FA332C3249B1FB6786AFDCB682F30.d.C69170F6E43CB9E36C62E83F0B9C88B7.e.3401/click - {}
RESULT: {}
COMMAND: GET /session/80b25485da4cce0461fa749928cde446/screenshot - {}
RESULT: {}
COMMAND: POST /session/80b25485da4cce0461fa749928cde446/execute/async - {"script":"<script> [1562 bytes]","args":[{"selector":{"id":"createOrganizationPop--giZone","searchOpenDialogs":true,"interaction":{"idSuffix":"CbBg"}},"wdio_ui5_key":"createOrganizationPopgiZone"}]}
RESULT: {"script":"<script> [1562 bytes]","args":[{"selector":{"id":"createOrganizationPop--giZone","searchOpenDialogs":true,"interaction":{"idSuffix":"CbBg"}},"wdio_ui5_key":"createOrganizationPopgiZone"}]}
RESULT: undefined
COMMAND: POST /session/80b25485da4cce0461fa749928cde446/element - {"using":"xpath","value":"//*[@id=\"createOrganizationPop--giZone\"]"}
RESULT: {"using":"xpath","value":"//*[@id=\"createOrganizationPop--giZone\"]"}
COMMAND: POST /session/80b25485da4cce0461fa749928cde446/element/f.499FA332C3249B1FB6786AFDCB682F30.d.C69170F6E43CB9E36C62E83F0B9C88B7.e.3403/click - {}
RESULT: {}
COMMAND: GET /session/80b25485da4cce0461fa749928cde446/screenshot - {}
RESULT: {}
COMMAND: POST /session/80b25485da4cce0461fa749928cde446/execute/async - {"script":"<script> [1562 bytes]","args":[{"selector":{"id":"createOrganizationPop--binNoInput","searchOpenDialogs":true,"interaction":{"idSuffix":"inner"}},"wdio_ui5_key":"createOrganizationPopbinNoInput"}]}
RESULT: {"script":"<script> [1562 bytes]","args":[{"selector":{"id":"createOrganizationPop--binNoInput","searchOpenDialogs":true,"interaction":{"idSuffix":"inner"}},"wdio_ui5_key":"createOrganizationPopbinNoInput"}]}
RESULT: undefined
COMMAND: POST /session/80b25485da4cce0461fa749928cde446/execute/async - {"script":"<script> [776 bytes]","args":[{"enterText":"Bin-Wd","selector":{"id":"createOrganizationPop--binNoInput","searchOpenDialogs":true,"interaction":{"idSuffix":"inner"}},"clearTextFirst":true,"interactionType":"ENTER_TEXT"}]}
RESULT: {"script":"<script> [776 bytes]","args":[{"enterText":"Bin-Wd","selector":{"id":"createOrganizationPop--binNoInput","searchOpenDialogs":true,"interaction":{"idSuffix":"inner"}},"clearTextFirst":true,"interactionType":"ENTER_TEXT"}]}
COMMAND: POST /session/80b25485da4cce0461fa749928cde446/execute/async - {"script":"<script> [1562 bytes]","args":[{"selector":{"id":"createOrganizationPop--descriptionId","searchOpenDialogs":true,"interaction":{"idSuffix":"inner"}},"wdio_ui5_key":"createOrganizationPopdescriptionId"}]}
RESULT: {"script":"<script> [1562 bytes]","args":[{"selector":{"id":"createOrganizationPop--descriptionId","searchOpenDialogs":true,"interaction":{"idSuffix":"inner"}},"wdio_ui5_key":"createOrganizationPopdescriptionId"}]}
RESULT: undefined
COMMAND: POST /session/80b25485da4cce0461fa749928cde446/execute/async - {"script":"<script> [776 bytes]","args":[{"enterText":"Shipping-Wd","selector":{"id":"createOrganizationPop--descriptionId","searchOpenDialogs":true,"interaction":{"idSuffix":"inner"}},"clearTextFirst":true,"interactionType":"ENTER_TEXT"}]}
RESULT: {"script":"<script> [776 bytes]","args":[{"enterText":"Shipping-Wd","selector":{"id":"createOrganizationPop--descriptionId","searchOpenDialogs":true,"interaction":{"idSuffix":"inner"}},"clearTextFirst":true,"interactionType":"ENTER_TEXT"}]}
COMMAND: POST /session/80b25485da4cce0461fa749928cde446/execute/async - {"script":"<script> [1562 bytes]","args":[{"selector":{"controlType":"sap.m.CheckBox","viewName":"etm.portal.ui.binstatusreport.view.MasterWareBins","viewId":"application-binstatusreport-display-component---warehousing","bindingPath":{"path":"","propertyPath":"/ZONE","modelName":"newBin"},"searchOpenDialogs":true,"interaction":{"idSuffix":"CbBg"}},"wdio_ui5_key":"etmportal.ui.binstatusreport.view.MasterWareBinssap.m.CheckBox{\"path\":\"\",\"propertyPath\":\"/ZONE\",\"modelName\":\"newBin\"}"}]}
RESULT: {"script":"<script> [1562 bytes]","args":[{"selector":{"controlType":"sap.m.CheckBox","viewName":"etm.portal.ui.binstatusreport.view.MasterWareBins","viewId":"application-binstatusreport-display-component---warehousing","bindingPath":{"path":"","propertyPath":"/ZONE","modelName":"newBin"},"searchOpenDialogs":true,"interaction":{"idSuffix":"CbBg"}},"wdio_ui5_key":"etmportal.ui.binstatusreport.view.MasterWareBinssap.m.CheckBox{\"path\":\"\",\"propertyPath\":\"/ZONE\",\"modelName\":\"newBin\"}"}]}
RESULT: undefined
COMMAND: POST /session/80b25485da4cce0461fa749928cde446/element - {"using":"xpath","value":"//*[@id=\"__box56\"]"}
RESULT: {"using":"xpath","value":"//*[@id=\"__box56\"]"}
COMMAND: POST /session/80b25485da4cce0461fa749928cde446/element/f.499FA332C3249B1FB6786AFDCB682F30.d.C69170F6E43CB9E36C62E83F0B9C88B7.e.3426/click - {}
RESULT: {}
COMMAND: GET /session/80b25485da4cce0461fa749928cde446/screenshot - {}
RESULT: {}
COMMAND: POST /session/80b25485da4cce0461fa749928cde446/execute/async - {"script":"<script> [1562 bytes]","args":[{"selector":{"id":"createOrganizationPop--binTypesCB","searchOpenDialogs":true,"interaction":{"idSuffix":"inner"}},"wdio_ui5_key":"createOrganizationPopbinTypesCB"}]}
RESULT: {"script":"<script> [1562 bytes]","args":[{"selector":{"id":"createOrganizationPop--binTypesCB","searchOpenDialogs":true,"interaction":{"idSuffix":"inner"}},"wdio_ui5_key":"createOrganizationPopbinTypesCB"}]}
RESULT: undefined
COMMAND: POST /session/80b25485da4cce0461fa749928cde446/execute/async - {"script":"<script> [776 bytes]","args":[{"enterText":"1 - General / No capacity check","selector":{"id":"createOrganizationPop--binTypesCB","searchOpenDialogs":true,"interaction":{"idSuffix":"inner"}},"clearTextFirst":true,"interactionType":"ENTER_TEXT"}]}
RESULT: {"script":"<script> [776 bytes]","args":[{"enterText":"1 - General / No capacity check","selector":{"id":"createOrganizationPop--binTypesCB","searchOpenDialogs":true,"interaction":{"idSuffix":"inner"}},"clearTextFirst":true,"interactionType":"ENTER_TEXT"}]}
COMMAND: POST /session/80b25485da4cce0461fa749928cde446/actions - {"actions":[{"id":"action10","type":"key","parameters":{},"actions":[{"type":"keyDown","value":""},{"type":"pause","duration":10},{"type":"keyUp","value":""}]}]}
RESULT: {"actions":[{"id":"action10","type":"key","parameters":{},"actions":[{"type":"keyDown","value":""},{"type":"pause","duration":10},{"type":"keyUp","value":""}]}]}
COMMAND: GET /session/80b25485da4cce0461fa749928cde446/screenshot - {}
RESULT: {}
COMMAND: POST /session/80b25485da4cce0461fa749928cde446/execute/async - {"script":"<script> [1562 bytes]","args":[{"selector":{"id":"createOrganizationPop--finishBtn","searchOpenDialogs":true,"interaction":{"idSuffix":"BDI-content"}},"wdio_ui5_key":"createOrganizationPopfinishBtn"}]}
RESULT: {"script":"<script> [1562 bytes]","args":[{"selector":{"id":"createOrganizationPop--finishBtn","searchOpenDialogs":true,"interaction":{"idSuffix":"BDI-content"}},"wdio_ui5_key":"createOrganizationPopfinishBtn"}]}
RESULT: undefined
COMMAND: POST /session/80b25485da4cce0461fa749928cde446/element - {"using":"xpath","value":"//*[@id=\"createOrganizationPop--finishBtn\"]"}
RESULT: {"using":"xpath","value":"//*[@id=\"createOrganizationPop--finishBtn\"]"}
COMMAND: POST /session/80b25485da4cce0461fa749928cde446/element/f.499FA332C3249B1FB6786AFDCB682F30.d.C69170F6E43CB9E36C62E83F0B9C88B7.e.3437/click - {}
RESULT: {}
COMMAND: GET /session/80b25485da4cce0461fa749928cde446/screenshot - {}
RESULT: {}
COMMAND: POST /session/80b25485da4cce0461fa749928cde446/element - {"using":"css selector","value":"#shell-header-logo"}
RESULT: {"using":"css selector","value":"#shell-header-logo"}
COMMAND: POST /session/80b25485da4cce0461fa749928cde446/element/f.499FA332C3249B1FB6786AFDCB682F30.d.C69170F6E43CB9E36C62E83F0B9C88B7.e.3023/click - {}
RESULT: {}
COMMAND: GET /session/80b25485da4cce0461fa749928cde446/screenshot - {}
RESULT: {}
]]></system-out>
    </testcase>
    <testcase classname="chrome.136_0_7103_93.windows.Stock_increase_-_with_WHM_US125587" name="Bin Status Report Should Create New Organization for Site" time="65.793">
      <system-out><![CDATA[
RESULT: undefined
COMMAND: POST /session/80b25485da4cce0461fa749928cde446/element - {"using":"xpath","value":"//*[@id=\"__tile104\"]"}
RESULT: {"using":"xpath","value":"//*[@id=\"__tile104\"]"}
COMMAND: POST /session/80b25485da4cce0461fa749928cde446/element/f.499FA332C3249B1FB6786AFDCB682F30.d.C69170F6E43CB9E36C62E83F0B9C88B7.e.3016/click - {}
RESULT: {}
COMMAND: GET /session/80b25485da4cce0461fa749928cde446/screenshot - {}
RESULT: {}
COMMAND: POST /session/80b25485da4cce0461fa749928cde446/elements - {"using":"xpath","value":"//span[text()='Error']"}
RESULT: {"using":"xpath","value":"//span[text()='Error']"}
COMMAND: POST /session/80b25485da4cce0461fa749928cde446/element - {"using":"xpath","value":"//button[@id=\"application-binstatusreport-display-component---warehousing--createOrgBtn\"]"}
RESULT: {"using":"xpath","value":"//button[@id=\"application-binstatusreport-display-component---warehousing--createOrgBtn\"]"}
COMMAND: POST /session/80b25485da4cce0461fa749928cde446/elements - {"using":"xpath","value":"//button[@id=\"application-binstatusreport-display-component---warehousing--createOrgBtn\"]"}
RESULT: {"using":"xpath","value":"//button[@id=\"application-binstatusreport-display-component---warehousing--createOrgBtn\"]"}
COMMAND: POST /session/80b25485da4cce0461fa749928cde446/execute/sync - {"script":"<script> [8489 bytes]","args":[{"element-6066-11e4-a52e-4f735466cecf":"f.499FA332C3249B1FB6786AFDCB682F30.d.C69170F6E43CB9E36C62E83F0B9C88B7.e.3500","ELEMENT":"f.499FA332C3249B1FB6786AFDCB682F30.d.C69170F6E43CB9E36C62E83F0B9C88B7.e.3500"}]}
RESULT: {"script":"<script> [8489 bytes]","args":[{"element-6066-11e4-a52e-4f735466cecf":"f.499FA332C3249B1FB6786AFDCB682F30.d.C69170F6E43CB9E36C62E83F0B9C88B7.e.3500","ELEMENT":"f.499FA332C3249B1FB6786AFDCB682F30.d.C69170F6E43CB9E36C62E83F0B9C88B7.e.3500"}]}
COMMAND: GET /session/80b25485da4cce0461fa749928cde446/element/f.499FA332C3249B1FB6786AFDCB682F30.d.C69170F6E43CB9E36C62E83F0B9C88B7.e.3500/enabled - {}
COMMAND: GET /session/80b25485da4cce0461fa749928cde446/screenshot - {}
RESULT: {}
COMMAND: POST /session/80b25485da4cce0461fa749928cde446/execute/sync - {"script":"<script> [8489 bytes]","args":[{"element-6066-11e4-a52e-4f735466cecf":"f.499FA332C3249B1FB6786AFDCB682F30.d.C69170F6E43CB9E36C62E83F0B9C88B7.e.3500","ELEMENT":"f.499FA332C3249B1FB6786AFDCB682F30.d.C69170F6E43CB9E36C62E83F0B9C88B7.e.3500"}]}
COMMAND: GET /session/80b25485da4cce0461fa749928cde446/screenshot - {}
RESULT: {}
RESULT: {"script":"<script> [8489 bytes]","args":[{"element-6066-11e4-a52e-4f735466cecf":"f.499FA332C3249B1FB6786AFDCB682F30.d.C69170F6E43CB9E36C62E83F0B9C88B7.e.3500","ELEMENT":"f.499FA332C3249B1FB6786AFDCB682F30.d.C69170F6E43CB9E36C62E83F0B9C88B7.e.3500"}]}
COMMAND: POST /session/80b25485da4cce0461fa749928cde446/execute/sync - {"script":"<script> [5351 bytes]","args":[{"element-6066-11e4-a52e-4f735466cecf":"f.499FA332C3249B1FB6786AFDCB682F30.d.C69170F6E43CB9E36C62E83F0B9C88B7.e.3500","ELEMENT":"f.499FA332C3249B1FB6786AFDCB682F30.d.C69170F6E43CB9E36C62E83F0B9C88B7.e.3500"}]}
COMMAND: GET /session/80b25485da4cce0461fa749928cde446/screenshot - {}
RESULT: {}
RESULT: {"script":"<script> [5351 bytes]","args":[{"element-6066-11e4-a52e-4f735466cecf":"f.499FA332C3249B1FB6786AFDCB682F30.d.C69170F6E43CB9E36C62E83F0B9C88B7.e.3500","ELEMENT":"f.499FA332C3249B1FB6786AFDCB682F30.d.C69170F6E43CB9E36C62E83F0B9C88B7.e.3500"}]}
COMMAND: GET /session/80b25485da4cce0461fa749928cde446/screenshot - {}
RESULT: {}
RESULT: {}
COMMAND: POST /session/80b25485da4cce0461fa749928cde446/element/f.499FA332C3249B1FB6786AFDCB682F30.d.C69170F6E43CB9E36C62E83F0B9C88B7.e.3500/click - {}
RESULT: {}
COMMAND: GET /session/80b25485da4cce0461fa749928cde446/screenshot - {}
RESULT: {}
RESULT: undefined
COMMAND: POST /session/80b25485da4cce0461fa749928cde446/execute/async - {"script":"<script> [776 bytes]","args":[{"enterText":"2298","selector":{"id":"createOrganizationPop--sectionInput","searchOpenDialogs":true,"interaction":{"idSuffix":"inner"}},"clearTextFirst":true,"interactionType":"ENTER_TEXT"}]}
RESULT: {"script":"<script> [776 bytes]","args":[{"enterText":"2298","selector":{"id":"createOrganizationPop--sectionInput","searchOpenDialogs":true,"interaction":{"idSuffix":"inner"}},"clearTextFirst":true,"interactionType":"ENTER_TEXT"}]}
RESULT: undefined
COMMAND: POST /session/80b25485da4cce0461fa749928cde446/execute/async - {"script":"<script> [776 bytes]","args":[{"enterText":"WDIO-2298","selector":{"id":"createOrganizationPop--descriptionInput","searchOpenDialogs":true,"interaction":{"idSuffix":"inner"}},"clearTextFirst":true,"interactionType":"ENTER_TEXT"}]}
RESULT: {"script":"<script> [776 bytes]","args":[{"enterText":"WDIO-2298","selector":{"id":"createOrganizationPop--descriptionInput","searchOpenDialogs":true,"interaction":{"idSuffix":"inner"}},"clearTextFirst":true,"interactionType":"ENTER_TEXT"}]}
COMMAND: POST /session/80b25485da4cce0461fa749928cde446/element - {"using":"css selector","value":"#createOrganizationPop--siteOrg-inner"}
RESULT: {"using":"css selector","value":"#createOrganizationPop--siteOrg-inner"}
COMMAND: POST /session/80b25485da4cce0461fa749928cde446/element/f.499FA332C3249B1FB6786AFDCB682F30.d.C69170F6E43CB9E36C62E83F0B9C88B7.e.3518/clear - {}
RESULT: {}
COMMAND: POST /session/80b25485da4cce0461fa749928cde446/element/f.499FA332C3249B1FB6786AFDCB682F30.d.C69170F6E43CB9E36C62E83F0B9C88B7.e.3518/value - {"text":"2298"}
COMMAND: GET /session/80b25485da4cce0461fa749928cde446/screenshot - {}
RESULT: {"text":"2298"}
COMMAND: GET /session/80b25485da4cce0461fa749928cde446/screenshot - {}
RESULT: {}
RESULT: {}
COMMAND: POST /session/80b25485da4cce0461fa749928cde446/actions - {"actions":[{"id":"action11","type":"key","parameters":{},"actions":[{"type":"keyDown","value":""},{"type":"pause","duration":10},{"type":"keyUp","value":""}]}]}
RESULT: {"actions":[{"id":"action11","type":"key","parameters":{},"actions":[{"type":"keyDown","value":""},{"type":"pause","duration":10},{"type":"keyUp","value":""}]}]}
RESULT: undefined
COMMAND: POST /session/80b25485da4cce0461fa749928cde446/element - {"using":"xpath","value":"//*[@id=\"createOrganizationPop--giZone\"]"}
COMMAND: GET /session/80b25485da4cce0461fa749928cde446/screenshot - {}
RESULT: {"using":"xpath","value":"//*[@id=\"createOrganizationPop--giZone\"]"}
COMMAND: POST /session/80b25485da4cce0461fa749928cde446/element/f.499FA332C3249B1FB6786AFDCB682F30.d.C69170F6E43CB9E36C62E83F0B9C88B7.e.3556/click - {}
RESULT: {}
RESULT: {}
COMMAND: GET /session/80b25485da4cce0461fa749928cde446/screenshot - {}
RESULT: {}
RESULT: undefined
COMMAND: POST /session/80b25485da4cce0461fa749928cde446/execute/async - {"script":"<script> [776 bytes]","args":[{"enterText":"WD-BIN","selector":{"id":"createOrganizationPop--binNoInput","searchOpenDialogs":true,"interaction":{"idSuffix":"inner"}},"clearTextFirst":true,"interactionType":"ENTER_TEXT"}]}
RESULT: {"script":"<script> [776 bytes]","args":[{"enterText":"WD-BIN","selector":{"id":"createOrganizationPop--binNoInput","searchOpenDialogs":true,"interaction":{"idSuffix":"inner"}},"clearTextFirst":true,"interactionType":"ENTER_TEXT"}]}
RESULT: undefined
COMMAND: POST /session/80b25485da4cce0461fa749928cde446/execute/async - {"script":"<script> [776 bytes]","args":[{"enterText":"WD-BIN","selector":{"id":"createOrganizationPop--descriptionId","searchOpenDialogs":true,"interaction":{"idSuffix":"inner"}},"clearTextFirst":true,"interactionType":"ENTER_TEXT"}]}
RESULT: {"script":"<script> [776 bytes]","args":[{"enterText":"WD-BIN","selector":{"id":"createOrganizationPop--descriptionId","searchOpenDialogs":true,"interaction":{"idSuffix":"inner"}},"clearTextFirst":true,"interactionType":"ENTER_TEXT"}]}
COMMAND: POST /session/80b25485da4cce0461fa749928cde446/execute/async - {"script":"<script> [1562 bytes]","args":[{"selector":{"controlType":"sap.m.CheckBox","viewName":"etm.portal.ui.binstatusreport.view.MasterWareBins","viewId":"application-binstatusreport-display-component---warehousing","bindingPath":{"propertyPath":"/ZONE","modelName":"newBin"},"searchOpenDialogs":true,"interaction":{"idSuffix":"CbBg"}},"wdio_ui5_key":"etmportal.ui.binstatusreport.view.MasterWareBinssap.m.CheckBox{\"propertyPath\":\"/ZONE\",\"modelName\":\"newBin\"}"}]}
RESULT: {"script":"<script> [1562 bytes]","args":[{"selector":{"controlType":"sap.m.CheckBox","viewName":"etm.portal.ui.binstatusreport.view.MasterWareBins","viewId":"application-binstatusreport-display-component---warehousing","bindingPath":{"propertyPath":"/ZONE","modelName":"newBin"},"searchOpenDialogs":true,"interaction":{"idSuffix":"CbBg"}},"wdio_ui5_key":"etmportal.ui.binstatusreport.view.MasterWareBinssap.m.CheckBox{\"propertyPath\":\"/ZONE\",\"modelName\":\"newBin\"}"}]}
RESULT: undefined
COMMAND: POST /session/80b25485da4cce0461fa749928cde446/element - {"using":"xpath","value":"//*[@id=\"__box68\"]"}
RESULT: {"using":"xpath","value":"//*[@id=\"__box68\"]"}
COMMAND: POST /session/80b25485da4cce0461fa749928cde446/element/f.499FA332C3249B1FB6786AFDCB682F30.d.C69170F6E43CB9E36C62E83F0B9C88B7.e.3578/click - {}
RESULT: {}
COMMAND: GET /session/80b25485da4cce0461fa749928cde446/screenshot - {}
RESULT: {}
RESULT: undefined
COMMAND: POST /session/80b25485da4cce0461fa749928cde446/execute/async - {"script":"<script> [776 bytes]","args":[{"enterText":"1 - General / No capacity check","selector":{"id":"createOrganizationPop--binTypesCB","searchOpenDialogs":true,"interaction":{"idSuffix":"inner"}},"clearTextFirst":true,"interactionType":"ENTER_TEXT"}]}
RESULT: {"script":"<script> [776 bytes]","args":[{"enterText":"1 - General / No capacity check","selector":{"id":"createOrganizationPop--binTypesCB","searchOpenDialogs":true,"interaction":{"idSuffix":"inner"}},"clearTextFirst":true,"interactionType":"ENTER_TEXT"}]}
COMMAND: POST /session/80b25485da4cce0461fa749928cde446/execute/async - {"script":"<script> [1562 bytes]","args":[{"selector":{"id":"createOrganizationPop--capacityId","searchOpenDialogs":true,"interaction":{"idSuffix":"inner"}},"wdio_ui5_key":"createOrganizationPopcapacityId"}]}
RESULT: {"script":"<script> [1562 bytes]","args":[{"selector":{"id":"createOrganizationPop--capacityId","searchOpenDialogs":true,"interaction":{"idSuffix":"inner"}},"wdio_ui5_key":"createOrganizationPopcapacityId"}]}
RESULT: undefined
COMMAND: POST /session/80b25485da4cce0461fa749928cde446/actions - {"actions":[{"id":"action12","type":"key","parameters":{},"actions":[{"type":"keyDown","value":""},{"type":"pause","duration":10},{"type":"keyUp","value":""}]}]}
RESULT: {"actions":[{"id":"action12","type":"key","parameters":{},"actions":[{"type":"keyDown","value":""},{"type":"pause","duration":10},{"type":"keyUp","value":""}]}]}
COMMAND: GET /session/80b25485da4cce0461fa749928cde446/screenshot - {}
RESULT: {}
RESULT: undefined
COMMAND: POST /session/80b25485da4cce0461fa749928cde446/element - {"using":"xpath","value":"//*[@id=\"createOrganizationPop--finishBtn\"]"}
RESULT: {"using":"xpath","value":"//*[@id=\"createOrganizationPop--finishBtn\"]"}
COMMAND: POST /session/80b25485da4cce0461fa749928cde446/element/f.499FA332C3249B1FB6786AFDCB682F30.d.C69170F6E43CB9E36C62E83F0B9C88B7.e.3592/click - {}
RESULT: {}
COMMAND: GET /session/80b25485da4cce0461fa749928cde446/screenshot - {}
RESULT: {}
COMMAND: POST /session/80b25485da4cce0461fa749928cde446/element - {"using":"css selector","value":"#shell-header-logo"}
RESULT: {"using":"css selector","value":"#shell-header-logo"}
COMMAND: POST /session/80b25485da4cce0461fa749928cde446/element/f.499FA332C3249B1FB6786AFDCB682F30.d.C69170F6E43CB9E36C62E83F0B9C88B7.e.3446/click - {}
RESULT: {}
COMMAND: GET /session/80b25485da4cce0461fa749928cde446/screenshot - {}
RESULT: {}
]]></system-out>
    </testcase>
    <testcase classname="chrome.136_0_7103_93.windows.Stock_increase_-_with_WHM_US125587" name="Create a Warehouse Movement for created yard" time="44.803">
      <system-out><![CDATA[
COMMAND: POST /session/80b25485da4cce0461fa749928cde446/execute/async - {"script":"<script> [1562 bytes]","args":[{"selector":{"controlType":"sap.m.GenericTile","properties":{"header":"Manage Warehouse Movements"}},"wdio_ui5_key":"sapm.GenericTile{\"header\":\"Manage Warehouse Movements\"}"}]}
RESULT: {"script":"<script> [1562 bytes]","args":[{"selector":{"controlType":"sap.m.GenericTile","properties":{"header":"Manage Warehouse Movements"}},"wdio_ui5_key":"sapm.GenericTile{\"header\":\"Manage Warehouse Movements\"}"}]}
RESULT: undefined
COMMAND: POST /session/80b25485da4cce0461fa749928cde446/element - {"using":"xpath","value":"//*[@id=\"__tile105\"]"}
RESULT: {"using":"xpath","value":"//*[@id=\"__tile105\"]"}
COMMAND: POST /session/80b25485da4cce0461fa749928cde446/element/f.499FA332C3249B1FB6786AFDCB682F30.d.C69170F6E43CB9E36C62E83F0B9C88B7.e.3603/click - {}
RESULT: {}
COMMAND: GET /session/80b25485da4cce0461fa749928cde446/screenshot - {}
RESULT: {}
COMMAND: POST /session/80b25485da4cce0461fa749928cde446/elements - {"using":"xpath","value":"//span[text()='Error']"}
RESULT: {"using":"xpath","value":"//span[text()='Error']"}
COMMAND: POST /session/80b25485da4cce0461fa749928cde446/element - {"using":"xpath","value":"//input[@id='application-warehousemovements-display-component---warehouseMovements--smartFilterBar-filterItemControl_BASIC-YARD-inner']"}
RESULT: {"using":"xpath","value":"//input[@id='application-warehousemovements-display-component---warehouseMovements--smartFilterBar-filterItemControl_BASIC-YARD-inner']"}
COMMAND: POST /session/80b25485da4cce0461fa749928cde446/elements - {"using":"xpath","value":"//input[@id='application-warehousemovements-display-component---warehouseMovements--smartFilterBar-filterItemControl_BASIC-YARD-inner']"}
RESULT: {"using":"xpath","value":"//input[@id='application-warehousemovements-display-component---warehouseMovements--smartFilterBar-filterItemControl_BASIC-YARD-inner']"}
COMMAND: POST /session/80b25485da4cce0461fa749928cde446/execute/sync - {"script":"<script> [8489 bytes]","args":[{"element-6066-11e4-a52e-4f735466cecf":"f.499FA332C3249B1FB6786AFDCB682F30.d.C69170F6E43CB9E36C62E83F0B9C88B7.e.3626","ELEMENT":"f.499FA332C3249B1FB6786AFDCB682F30.d.C69170F6E43CB9E36C62E83F0B9C88B7.e.3626"}]}
RESULT: {"script":"<script> [8489 bytes]","args":[{"element-6066-11e4-a52e-4f735466cecf":"f.499FA332C3249B1FB6786AFDCB682F30.d.C69170F6E43CB9E36C62E83F0B9C88B7.e.3626","ELEMENT":"f.499FA332C3249B1FB6786AFDCB682F30.d.C69170F6E43CB9E36C62E83F0B9C88B7.e.3626"}]}
COMMAND: GET /session/80b25485da4cce0461fa749928cde446/element/f.499FA332C3249B1FB6786AFDCB682F30.d.C69170F6E43CB9E36C62E83F0B9C88B7.e.3626/enabled - {}
COMMAND: GET /session/80b25485da4cce0461fa749928cde446/screenshot - {}
RESULT: {}
COMMAND: POST /session/80b25485da4cce0461fa749928cde446/execute/sync - {"script":"<script> [8489 bytes]","args":[{"element-6066-11e4-a52e-4f735466cecf":"f.499FA332C3249B1FB6786AFDCB682F30.d.C69170F6E43CB9E36C62E83F0B9C88B7.e.3626","ELEMENT":"f.499FA332C3249B1FB6786AFDCB682F30.d.C69170F6E43CB9E36C62E83F0B9C88B7.e.3626"}]}
COMMAND: GET /session/80b25485da4cce0461fa749928cde446/screenshot - {}
RESULT: {}
RESULT: {"script":"<script> [8489 bytes]","args":[{"element-6066-11e4-a52e-4f735466cecf":"f.499FA332C3249B1FB6786AFDCB682F30.d.C69170F6E43CB9E36C62E83F0B9C88B7.e.3626","ELEMENT":"f.499FA332C3249B1FB6786AFDCB682F30.d.C69170F6E43CB9E36C62E83F0B9C88B7.e.3626"}]}
COMMAND: POST /session/80b25485da4cce0461fa749928cde446/execute/sync - {"script":"<script> [5351 bytes]","args":[{"element-6066-11e4-a52e-4f735466cecf":"f.499FA332C3249B1FB6786AFDCB682F30.d.C69170F6E43CB9E36C62E83F0B9C88B7.e.3626","ELEMENT":"f.499FA332C3249B1FB6786AFDCB682F30.d.C69170F6E43CB9E36C62E83F0B9C88B7.e.3626"}]}
COMMAND: GET /session/80b25485da4cce0461fa749928cde446/screenshot - {}
RESULT: {}
RESULT: {"script":"<script> [5351 bytes]","args":[{"element-6066-11e4-a52e-4f735466cecf":"f.499FA332C3249B1FB6786AFDCB682F30.d.C69170F6E43CB9E36C62E83F0B9C88B7.e.3626","ELEMENT":"f.499FA332C3249B1FB6786AFDCB682F30.d.C69170F6E43CB9E36C62E83F0B9C88B7.e.3626"}]}
COMMAND: GET /session/80b25485da4cce0461fa749928cde446/screenshot - {}
RESULT: {}
RESULT: {}
COMMAND: POST /session/80b25485da4cce0461fa749928cde446/element/f.499FA332C3249B1FB6786AFDCB682F30.d.C69170F6E43CB9E36C62E83F0B9C88B7.e.3626/clear - {}
RESULT: {}
COMMAND: POST /session/80b25485da4cce0461fa749928cde446/element/f.499FA332C3249B1FB6786AFDCB682F30.d.C69170F6E43CB9E36C62E83F0B9C88B7.e.3626/value - {"text":"548"}
COMMAND: GET /session/80b25485da4cce0461fa749928cde446/screenshot - {}
RESULT: {"text":"548"}
COMMAND: POST /session/80b25485da4cce0461fa749928cde446/actions - {"actions":[{"id":"action13","type":"key","parameters":{},"actions":[{"type":"keyDown","value":""},{"type":"pause","duration":10},{"type":"keyUp","value":""}]}]}
COMMAND: GET /session/80b25485da4cce0461fa749928cde446/screenshot - {}
RESULT: {}
RESULT: {"actions":[{"id":"action13","type":"key","parameters":{},"actions":[{"type":"keyDown","value":""},{"type":"pause","duration":10},{"type":"keyUp","value":""}]}]}
COMMAND: GET /session/80b25485da4cce0461fa749928cde446/screenshot - {}
RESULT: {}
RESULT: {}
COMMAND: POST /session/80b25485da4cce0461fa749928cde446/element - {"using":"xpath","value":"//button[contains(@data-kt, \"MasterMovementAddOverflowToolbarButton\")]"}
RESULT: {"using":"xpath","value":"//button[contains(@data-kt, \"MasterMovementAddOverflowToolbarButton\")]"}
COMMAND: POST /session/80b25485da4cce0461fa749928cde446/element/f.499FA332C3249B1FB6786AFDCB682F30.d.C69170F6E43CB9E36C62E83F0B9C88B7.e.3650/click - {}
RESULT: {}
COMMAND: GET /session/80b25485da4cce0461fa749928cde446/screenshot - {}
RESULT: {}
COMMAND: POST /session/80b25485da4cce0461fa749928cde446/element - {"using":"xpath","value":"//*[@id=\"application-warehousemovements-display-component---addMovement--sectionsList-arrow\"]"}
RESULT: {"using":"xpath","value":"//*[@id=\"application-warehousemovements-display-component---addMovement--sectionsList-arrow\"]"}
COMMAND: POST /session/80b25485da4cce0461fa749928cde446/element/f.499FA332C3249B1FB6786AFDCB682F30.d.C69170F6E43CB9E36C62E83F0B9C88B7.e.3952/click - {}
RESULT: {}
COMMAND: POST /session/80b25485da4cce0461fa749928cde446/actions - {"actions":[{"id":"action14","type":"key","parameters":{},"actions":[{"type":"keyDown","value":""},{"type":"pause","duration":10},{"type":"keyUp","value":""}]}]}
COMMAND: GET /session/80b25485da4cce0461fa749928cde446/screenshot - {}
RESULT: {"actions":[{"id":"action14","type":"key","parameters":{},"actions":[{"type":"keyDown","value":""},{"type":"pause","duration":10},{"type":"keyUp","value":""}]}]}
COMMAND: GET /session/80b25485da4cce0461fa749928cde446/screenshot - {}
RESULT: {}
RESULT: {}
COMMAND: POST /session/80b25485da4cce0461fa749928cde446/actions - {"actions":[{"id":"action15","type":"key","parameters":{},"actions":[{"type":"keyDown","value":""},{"type":"pause","duration":10},{"type":"keyUp","value":""}]}]}
RESULT: {"actions":[{"id":"action15","type":"key","parameters":{},"actions":[{"type":"keyDown","value":""},{"type":"pause","duration":10},{"type":"keyUp","value":""}]}]}
COMMAND: GET /session/80b25485da4cce0461fa749928cde446/screenshot - {}
RESULT: {}
COMMAND: POST /session/80b25485da4cce0461fa749928cde446/element - {"using":"xpath","value":"//*[@id=\"application-warehousemovements-display-component---addMovement--saveMovementBtn-BDI-content\" and text()=\"Save\"]"}
RESULT: {"using":"xpath","value":"//*[@id=\"application-warehousemovements-display-component---addMovement--saveMovementBtn-BDI-content\" and text()=\"Save\"]"}
COMMAND: POST /session/80b25485da4cce0461fa749928cde446/element/f.499FA332C3249B1FB6786AFDCB682F30.d.C69170F6E43CB9E36C62E83F0B9C88B7.e.3953/click - {}
RESULT: {}
COMMAND: GET /session/80b25485da4cce0461fa749928cde446/screenshot - {}
RESULT: {}
COMMAND: POST /session/80b25485da4cce0461fa749928cde446/element - {"using":"css selector","value":"#shell-header-logo"}
RESULT: {"using":"css selector","value":"#shell-header-logo"}
COMMAND: POST /session/80b25485da4cce0461fa749928cde446/element/f.499FA332C3249B1FB6786AFDCB682F30.d.C69170F6E43CB9E36C62E83F0B9C88B7.e.3606/click - {}
RESULT: {}
COMMAND: GET /session/80b25485da4cce0461fa749928cde446/screenshot - {}
RESULT: {}
]]></system-out>
    </testcase>
    <testcase classname="chrome.136_0_7103_93.windows.Stock_increase_-_with_WHM_US125587" name="Should do a stock increase handover" time="101.316">
      <failure/>
      <error message="Can't call click on element with selector &quot;//li[.//span[contains(text(),'548 -')]]&quot; because element wasn't found"/>
      <system-out><![CDATA[
COMMAND: POST /session/80b25485da4cce0461fa749928cde446/execute/async - {"script":"<script> [1562 bytes]","args":[{"selector":{"controlType":"sap.m.GenericTile","properties":{"header":"Manage Handovers"}},"wdio_ui5_key":"sapm.GenericTile{\"header\":\"Manage Handovers\"}"}]}
RESULT: {"script":"<script> [1562 bytes]","args":[{"selector":{"controlType":"sap.m.GenericTile","properties":{"header":"Manage Handovers"}},"wdio_ui5_key":"sapm.GenericTile{\"header\":\"Manage Handovers\"}"}]}
RESULT: undefined
COMMAND: POST /session/80b25485da4cce0461fa749928cde446/element - {"using":"xpath","value":"//*[@id=\"__tile132\"]"}
RESULT: {"using":"xpath","value":"//*[@id=\"__tile132\"]"}
COMMAND: POST /session/80b25485da4cce0461fa749928cde446/element/f.499FA332C3249B1FB6786AFDCB682F30.d.C69170F6E43CB9E36C62E83F0B9C88B7.e.198/click - {}
RESULT: {}
COMMAND: GET /session/80b25485da4cce0461fa749928cde446/screenshot - {}
RESULT: {}
COMMAND: POST /session/80b25485da4cce0461fa749928cde446/elements - {"using":"xpath","value":"//span[text()='Error']"}
RESULT: {"using":"xpath","value":"//span[text()='Error']"}
COMMAND: POST /session/80b25485da4cce0461fa749928cde446/element - {"using":"xpath","value":"//button[@data-kt=\"masterHOAddButton\"]"}
RESULT: {"using":"xpath","value":"//button[@data-kt=\"masterHOAddButton\"]"}
COMMAND: POST /session/80b25485da4cce0461fa749928cde446/elements - {"using":"xpath","value":"//button[@data-kt=\"masterHOAddButton\"]"}
RESULT: {"using":"xpath","value":"//button[@data-kt=\"masterHOAddButton\"]"}
COMMAND: POST /session/80b25485da4cce0461fa749928cde446/execute/sync - {"script":"<script> [8489 bytes]","args":[{"element-6066-11e4-a52e-4f735466cecf":"f.499FA332C3249B1FB6786AFDCB682F30.d.C69170F6E43CB9E36C62E83F0B9C88B7.e.4054","ELEMENT":"f.499FA332C3249B1FB6786AFDCB682F30.d.C69170F6E43CB9E36C62E83F0B9C88B7.e.4054"}]}
RESULT: {"script":"<script> [8489 bytes]","args":[{"element-6066-11e4-a52e-4f735466cecf":"f.499FA332C3249B1FB6786AFDCB682F30.d.C69170F6E43CB9E36C62E83F0B9C88B7.e.4054","ELEMENT":"f.499FA332C3249B1FB6786AFDCB682F30.d.C69170F6E43CB9E36C62E83F0B9C88B7.e.4054"}]}
COMMAND: GET /session/80b25485da4cce0461fa749928cde446/element/f.499FA332C3249B1FB6786AFDCB682F30.d.C69170F6E43CB9E36C62E83F0B9C88B7.e.4054/enabled - {}
COMMAND: GET /session/80b25485da4cce0461fa749928cde446/screenshot - {}
RESULT: {}
COMMAND: POST /session/80b25485da4cce0461fa749928cde446/execute/sync - {"script":"<script> [8489 bytes]","args":[{"element-6066-11e4-a52e-4f735466cecf":"f.499FA332C3249B1FB6786AFDCB682F30.d.C69170F6E43CB9E36C62E83F0B9C88B7.e.4054","ELEMENT":"f.499FA332C3249B1FB6786AFDCB682F30.d.C69170F6E43CB9E36C62E83F0B9C88B7.e.4054"}]}
COMMAND: GET /session/80b25485da4cce0461fa749928cde446/screenshot - {}
RESULT: {}
RESULT: {"script":"<script> [8489 bytes]","args":[{"element-6066-11e4-a52e-4f735466cecf":"f.499FA332C3249B1FB6786AFDCB682F30.d.C69170F6E43CB9E36C62E83F0B9C88B7.e.4054","ELEMENT":"f.499FA332C3249B1FB6786AFDCB682F30.d.C69170F6E43CB9E36C62E83F0B9C88B7.e.4054"}]}
COMMAND: POST /session/80b25485da4cce0461fa749928cde446/execute/sync - {"script":"<script> [5351 bytes]","args":[{"element-6066-11e4-a52e-4f735466cecf":"f.499FA332C3249B1FB6786AFDCB682F30.d.C69170F6E43CB9E36C62E83F0B9C88B7.e.4054","ELEMENT":"f.499FA332C3249B1FB6786AFDCB682F30.d.C69170F6E43CB9E36C62E83F0B9C88B7.e.4054"}]}
COMMAND: GET /session/80b25485da4cce0461fa749928cde446/screenshot - {}
RESULT: {}
RESULT: {"script":"<script> [5351 bytes]","args":[{"element-6066-11e4-a52e-4f735466cecf":"f.499FA332C3249B1FB6786AFDCB682F30.d.C69170F6E43CB9E36C62E83F0B9C88B7.e.4054","ELEMENT":"f.499FA332C3249B1FB6786AFDCB682F30.d.C69170F6E43CB9E36C62E83F0B9C88B7.e.4054"}]}
COMMAND: POST /session/80b25485da4cce0461fa749928cde446/element/f.499FA332C3249B1FB6786AFDCB682F30.d.C69170F6E43CB9E36C62E83F0B9C88B7.e.4054/click - {}
COMMAND: GET /session/80b25485da4cce0461fa749928cde446/screenshot - {}
RESULT: {}
RESULT: {}
COMMAND: GET /session/80b25485da4cce0461fa749928cde446/screenshot - {}
COMMAND: POST /session/80b25485da4cce0461fa749928cde446/element - {"using":"xpath","value":"//span[contains(@id ,\"AddNewHO--typeSelect-arrow\")]"}
RESULT: {}
RESULT: {}
RESULT: {"using":"xpath","value":"//span[contains(@id ,\"AddNewHO--typeSelect-arrow\")]"}
COMMAND: POST /session/80b25485da4cce0461fa749928cde446/element/f.499FA332C3249B1FB6786AFDCB682F30.d.C69170F6E43CB9E36C62E83F0B9C88B7.e.4418/click - {}
RESULT: {}
COMMAND: GET /session/80b25485da4cce0461fa749928cde446/screenshot - {}
RESULT: {}
COMMAND: POST /session/80b25485da4cce0461fa749928cde446/element - {"using":"xpath","value":"(//li[contains(text(), \"stock increase yard\")])[1]"}
RESULT: {"using":"xpath","value":"(//li[contains(text(), \"stock increase yard\")])[1]"}
COMMAND: POST /session/80b25485da4cce0461fa749928cde446/element/f.499FA332C3249B1FB6786AFDCB682F30.d.C69170F6E43CB9E36C62E83F0B9C88B7.e.4419/click - {}
RESULT: {}
COMMAND: GET /session/80b25485da4cce0461fa749928cde446/screenshot - {}
RESULT: {}
COMMAND: POST /session/80b25485da4cce0461fa749928cde446/execute/async - {"script":"<script> [1562 bytes]","args":[{"selector":{"id":"application-managehandovers-display-component---AddNewHO--dueDate","interaction":{"idSuffix":"inner"}},"wdio_ui5_key":"applicationmanagehandovers-display-component---AddNewHO--dueDate"}]}
RESULT: {"script":"<script> [1562 bytes]","args":[{"selector":{"id":"application-managehandovers-display-component---AddNewHO--dueDate","interaction":{"idSuffix":"inner"}},"wdio_ui5_key":"applicationmanagehandovers-display-component---AddNewHO--dueDate"}]}
RESULT: undefined
COMMAND: POST /session/80b25485da4cce0461fa749928cde446/execute/async - {"script":"<script> [6424 bytes]","args":[{"element-6066-11e4-a52e-4f735466cecf":"f.499FA332C3249B1FB6786AFDCB682F30.d.C69170F6E43CB9E36C62E83F0B9C88B7.e.4421"},"setValue",["6/1/25"]]}
RESULT: {"script":"<script> [6424 bytes]","args":[{"element-6066-11e4-a52e-4f735466cecf":"f.499FA332C3249B1FB6786AFDCB682F30.d.C69170F6E43CB9E36C62E83F0B9C88B7.e.4421"},"setValue",["6/1/25"]]}
COMMAND: POST /session/80b25485da4cce0461fa749928cde446/element - {"using":"xpath","value":"//input[@id=\"generalSectionFrg--receiveYard-inner\"]"}
RESULT: {"using":"xpath","value":"//input[@id=\"generalSectionFrg--receiveYard-inner\"]"}
COMMAND: POST /session/80b25485da4cce0461fa749928cde446/element/f.499FA332C3249B1FB6786AFDCB682F30.d.C69170F6E43CB9E36C62E83F0B9C88B7.e.4427/clear - {}
RESULT: {}
COMMAND: POST /session/80b25485da4cce0461fa749928cde446/element/f.499FA332C3249B1FB6786AFDCB682F30.d.C69170F6E43CB9E36C62E83F0B9C88B7.e.4427/value - {"text":"548"}
COMMAND: GET /session/80b25485da4cce0461fa749928cde446/screenshot - {}
RESULT: {"text":"548"}
COMMAND: GET /session/80b25485da4cce0461fa749928cde446/screenshot - {}
RESULT: {}
RESULT: {}
COMMAND: POST /session/80b25485da4cce0461fa749928cde446/element - {"using":"xpath","value":"//li[.//span[contains(text(),'548 -')]]"}
RESULT: {"using":"xpath","value":"//li[.//span[contains(text(),'548 -')]]"}
COMMAND: POST /session/80b25485da4cce0461fa749928cde446/elements - {"using":"xpath","value":"//li[.//span[contains(text(),'548 -')]]"}
RESULT: {"using":"xpath","value":"//li[.//span[contains(text(),'548 -')]]"}
COMMAND: POST /session/80b25485da4cce0461fa749928cde446/elements - {"using":"xpath","value":"//li[.//span[contains(text(),'548 -')]]"}
RESULT: {"using":"xpath","value":"//li[.//span[contains(text(),'548 -')]]"}
COMMAND: POST /session/80b25485da4cce0461fa749928cde446/elements - {"using":"xpath","value":"//li[.//span[contains(text(),'548 -')]]"}
RESULT: {"using":"xpath","value":"//li[.//span[contains(text(),'548 -')]]"}
COMMAND: POST /session/80b25485da4cce0461fa749928cde446/elements - {"using":"xpath","value":"//li[.//span[contains(text(),'548 -')]]"}
RESULT: {"using":"xpath","value":"//li[.//span[contains(text(),'548 -')]]"}
COMMAND: POST /session/80b25485da4cce0461fa749928cde446/elements - {"using":"xpath","value":"//li[.//span[contains(text(),'548 -')]]"}
RESULT: {"using":"xpath","value":"//li[.//span[contains(text(),'548 -')]]"}
COMMAND: POST /session/80b25485da4cce0461fa749928cde446/elements - {"using":"xpath","value":"//li[.//span[contains(text(),'548 -')]]"}
RESULT: {"using":"xpath","value":"//li[.//span[contains(text(),'548 -')]]"}
COMMAND: POST /session/80b25485da4cce0461fa749928cde446/elements - {"using":"xpath","value":"//li[.//span[contains(text(),'548 -')]]"}
RESULT: {"using":"xpath","value":"//li[.//span[contains(text(),'548 -')]]"}
COMMAND: POST /session/80b25485da4cce0461fa749928cde446/elements - {"using":"xpath","value":"//li[.//span[contains(text(),'548 -')]]"}
RESULT: {"using":"xpath","value":"//li[.//span[contains(text(),'548 -')]]"}
COMMAND: POST /session/80b25485da4cce0461fa749928cde446/elements - {"using":"xpath","value":"//li[.//span[contains(text(),'548 -')]]"}
RESULT: {"using":"xpath","value":"//li[.//span[contains(text(),'548 -')]]"}
COMMAND: POST /session/80b25485da4cce0461fa749928cde446/elements - {"using":"xpath","value":"//li[.//span[contains(text(),'548 -')]]"}
RESULT: {"using":"xpath","value":"//li[.//span[contains(text(),'548 -')]]"}
COMMAND: POST /session/80b25485da4cce0461fa749928cde446/elements - {"using":"xpath","value":"//li[.//span[contains(text(),'548 -')]]"}
RESULT: {"using":"xpath","value":"//li[.//span[contains(text(),'548 -')]]"}
COMMAND: POST /session/80b25485da4cce0461fa749928cde446/elements - {"using":"xpath","value":"//li[.//span[contains(text(),'548 -')]]"}
RESULT: {"using":"xpath","value":"//li[.//span[contains(text(),'548 -')]]"}
COMMAND: POST /session/80b25485da4cce0461fa749928cde446/elements - {"using":"xpath","value":"//li[.//span[contains(text(),'548 -')]]"}
RESULT: {"using":"xpath","value":"//li[.//span[contains(text(),'548 -')]]"}
COMMAND: POST /session/80b25485da4cce0461fa749928cde446/elements - {"using":"xpath","value":"//li[.//span[contains(text(),'548 -')]]"}
RESULT: {"using":"xpath","value":"//li[.//span[contains(text(),'548 -')]]"}
COMMAND: POST /session/80b25485da4cce0461fa749928cde446/elements - {"using":"xpath","value":"//li[.//span[contains(text(),'548 -')]]"}
RESULT: {"using":"xpath","value":"//li[.//span[contains(text(),'548 -')]]"}
COMMAND: POST /session/80b25485da4cce0461fa749928cde446/elements - {"using":"xpath","value":"//li[.//span[contains(text(),'548 -')]]"}
RESULT: {"using":"xpath","value":"//li[.//span[contains(text(),'548 -')]]"}
COMMAND: POST /session/80b25485da4cce0461fa749928cde446/elements - {"using":"xpath","value":"//li[.//span[contains(text(),'548 -')]]"}
RESULT: {"using":"xpath","value":"//li[.//span[contains(text(),'548 -')]]"}
COMMAND: POST /session/80b25485da4cce0461fa749928cde446/elements - {"using":"xpath","value":"//li[.//span[contains(text(),'548 -')]]"}
RESULT: {"using":"xpath","value":"//li[.//span[contains(text(),'548 -')]]"}
COMMAND: POST /session/80b25485da4cce0461fa749928cde446/elements - {"using":"xpath","value":"//li[.//span[contains(text(),'548 -')]]"}
RESULT: {"using":"xpath","value":"//li[.//span[contains(text(),'548 -')]]"}
COMMAND: POST /session/80b25485da4cce0461fa749928cde446/elements - {"using":"xpath","value":"//li[.//span[contains(text(),'548 -')]]"}
RESULT: {"using":"xpath","value":"//li[.//span[contains(text(),'548 -')]]"}
COMMAND: POST /session/80b25485da4cce0461fa749928cde446/elements - {"using":"xpath","value":"//li[.//span[contains(text(),'548 -')]]"}
RESULT: {"using":"xpath","value":"//li[.//span[contains(text(),'548 -')]]"}
COMMAND: POST /session/80b25485da4cce0461fa749928cde446/elements - {"using":"xpath","value":"//li[.//span[contains(text(),'548 -')]]"}
RESULT: {"using":"xpath","value":"//li[.//span[contains(text(),'548 -')]]"}
COMMAND: POST /session/80b25485da4cce0461fa749928cde446/elements - {"using":"xpath","value":"//li[.//span[contains(text(),'548 -')]]"}
RESULT: {"using":"xpath","value":"//li[.//span[contains(text(),'548 -')]]"}
COMMAND: POST /session/80b25485da4cce0461fa749928cde446/elements - {"using":"xpath","value":"//li[.//span[contains(text(),'548 -')]]"}
RESULT: {"using":"xpath","value":"//li[.//span[contains(text(),'548 -')]]"}
COMMAND: POST /session/80b25485da4cce0461fa749928cde446/elements - {"using":"xpath","value":"//li[.//span[contains(text(),'548 -')]]"}
RESULT: {"using":"xpath","value":"//li[.//span[contains(text(),'548 -')]]"}
COMMAND: POST /session/80b25485da4cce0461fa749928cde446/elements - {"using":"xpath","value":"//li[.//span[contains(text(),'548 -')]]"}
RESULT: {"using":"xpath","value":"//li[.//span[contains(text(),'548 -')]]"}
COMMAND: POST /session/80b25485da4cce0461fa749928cde446/elements - {"using":"xpath","value":"//li[.//span[contains(text(),'548 -')]]"}
RESULT: {"using":"xpath","value":"//li[.//span[contains(text(),'548 -')]]"}
COMMAND: POST /session/80b25485da4cce0461fa749928cde446/elements - {"using":"xpath","value":"//li[.//span[contains(text(),'548 -')]]"}
RESULT: {"using":"xpath","value":"//li[.//span[contains(text(),'548 -')]]"}
COMMAND: POST /session/80b25485da4cce0461fa749928cde446/elements - {"using":"xpath","value":"//li[.//span[contains(text(),'548 -')]]"}
RESULT: {"using":"xpath","value":"//li[.//span[contains(text(),'548 -')]]"}
COMMAND: POST /session/80b25485da4cce0461fa749928cde446/elements - {"using":"xpath","value":"//li[.//span[contains(text(),'548 -')]]"}
RESULT: {"using":"xpath","value":"//li[.//span[contains(text(),'548 -')]]"}
COMMAND: POST /session/80b25485da4cce0461fa749928cde446/elements - {"using":"xpath","value":"//li[.//span[contains(text(),'548 -')]]"}
RESULT: {"using":"xpath","value":"//li[.//span[contains(text(),'548 -')]]"}
COMMAND: POST /session/80b25485da4cce0461fa749928cde446/elements - {"using":"xpath","value":"//li[.//span[contains(text(),'548 -')]]"}
RESULT: {"using":"xpath","value":"//li[.//span[contains(text(),'548 -')]]"}
COMMAND: POST /session/80b25485da4cce0461fa749928cde446/elements - {"using":"xpath","value":"//li[.//span[contains(text(),'548 -')]]"}
RESULT: {"using":"xpath","value":"//li[.//span[contains(text(),'548 -')]]"}
COMMAND: POST /session/80b25485da4cce0461fa749928cde446/elements - {"using":"xpath","value":"//li[.//span[contains(text(),'548 -')]]"}
RESULT: {"using":"xpath","value":"//li[.//span[contains(text(),'548 -')]]"}
COMMAND: POST /session/80b25485da4cce0461fa749928cde446/elements - {"using":"xpath","value":"//li[.//span[contains(text(),'548 -')]]"}
RESULT: {"using":"xpath","value":"//li[.//span[contains(text(),'548 -')]]"}
COMMAND: POST /session/80b25485da4cce0461fa749928cde446/elements - {"using":"xpath","value":"//li[.//span[contains(text(),'548 -')]]"}
RESULT: {"using":"xpath","value":"//li[.//span[contains(text(),'548 -')]]"}
COMMAND: POST /session/80b25485da4cce0461fa749928cde446/elements - {"using":"xpath","value":"//li[.//span[contains(text(),'548 -')]]"}
RESULT: {"using":"xpath","value":"//li[.//span[contains(text(),'548 -')]]"}
COMMAND: POST /session/80b25485da4cce0461fa749928cde446/elements - {"using":"xpath","value":"//li[.//span[contains(text(),'548 -')]]"}
RESULT: {"using":"xpath","value":"//li[.//span[contains(text(),'548 -')]]"}
COMMAND: POST /session/80b25485da4cce0461fa749928cde446/elements - {"using":"xpath","value":"//li[.//span[contains(text(),'548 -')]]"}
RESULT: {"using":"xpath","value":"//li[.//span[contains(text(),'548 -')]]"}
COMMAND: POST /session/80b25485da4cce0461fa749928cde446/elements - {"using":"xpath","value":"//li[.//span[contains(text(),'548 -')]]"}
RESULT: {"using":"xpath","value":"//li[.//span[contains(text(),'548 -')]]"}
COMMAND: POST /session/80b25485da4cce0461fa749928cde446/elements - {"using":"xpath","value":"//li[.//span[contains(text(),'548 -')]]"}
RESULT: {"using":"xpath","value":"//li[.//span[contains(text(),'548 -')]]"}
COMMAND: POST /session/80b25485da4cce0461fa749928cde446/elements - {"using":"xpath","value":"//li[.//span[contains(text(),'548 -')]]"}
RESULT: {"using":"xpath","value":"//li[.//span[contains(text(),'548 -')]]"}
COMMAND: POST /session/80b25485da4cce0461fa749928cde446/elements - {"using":"xpath","value":"//li[.//span[contains(text(),'548 -')]]"}
RESULT: {"using":"xpath","value":"//li[.//span[contains(text(),'548 -')]]"}
COMMAND: POST /session/80b25485da4cce0461fa749928cde446/elements - {"using":"xpath","value":"//li[.//span[contains(text(),'548 -')]]"}
RESULT: {"using":"xpath","value":"//li[.//span[contains(text(),'548 -')]]"}
COMMAND: POST /session/80b25485da4cce0461fa749928cde446/elements - {"using":"xpath","value":"//li[.//span[contains(text(),'548 -')]]"}
RESULT: {"using":"xpath","value":"//li[.//span[contains(text(),'548 -')]]"}
COMMAND: POST /session/80b25485da4cce0461fa749928cde446/elements - {"using":"xpath","value":"//li[.//span[contains(text(),'548 -')]]"}
RESULT: {"using":"xpath","value":"//li[.//span[contains(text(),'548 -')]]"}
COMMAND: POST /session/80b25485da4cce0461fa749928cde446/elements - {"using":"xpath","value":"//li[.//span[contains(text(),'548 -')]]"}
RESULT: {"using":"xpath","value":"//li[.//span[contains(text(),'548 -')]]"}
COMMAND: POST /session/80b25485da4cce0461fa749928cde446/elements - {"using":"xpath","value":"//li[.//span[contains(text(),'548 -')]]"}
RESULT: {"using":"xpath","value":"//li[.//span[contains(text(),'548 -')]]"}
COMMAND: POST /session/80b25485da4cce0461fa749928cde446/elements - {"using":"xpath","value":"//li[.//span[contains(text(),'548 -')]]"}
RESULT: {"using":"xpath","value":"//li[.//span[contains(text(),'548 -')]]"}
COMMAND: POST /session/80b25485da4cce0461fa749928cde446/elements - {"using":"xpath","value":"//li[.//span[contains(text(),'548 -')]]"}
RESULT: {"using":"xpath","value":"//li[.//span[contains(text(),'548 -')]]"}
COMMAND: POST /session/80b25485da4cce0461fa749928cde446/elements - {"using":"xpath","value":"//li[.//span[contains(text(),'548 -')]]"}
RESULT: {"using":"xpath","value":"//li[.//span[contains(text(),'548 -')]]"}
COMMAND: POST /session/80b25485da4cce0461fa749928cde446/elements - {"using":"xpath","value":"//li[.//span[contains(text(),'548 -')]]"}
RESULT: {"using":"xpath","value":"//li[.//span[contains(text(),'548 -')]]"}
COMMAND: POST /session/80b25485da4cce0461fa749928cde446/elements - {"using":"xpath","value":"//li[.//span[contains(text(),'548 -')]]"}
RESULT: {"using":"xpath","value":"//li[.//span[contains(text(),'548 -')]]"}
COMMAND: POST /session/80b25485da4cce0461fa749928cde446/elements - {"using":"xpath","value":"//li[.//span[contains(text(),'548 -')]]"}
RESULT: {"using":"xpath","value":"//li[.//span[contains(text(),'548 -')]]"}
COMMAND: POST /session/80b25485da4cce0461fa749928cde446/elements - {"using":"xpath","value":"//li[.//span[contains(text(),'548 -')]]"}
RESULT: {"using":"xpath","value":"//li[.//span[contains(text(),'548 -')]]"}
COMMAND: POST /session/80b25485da4cce0461fa749928cde446/elements - {"using":"xpath","value":"//li[.//span[contains(text(),'548 -')]]"}
RESULT: {"using":"xpath","value":"//li[.//span[contains(text(),'548 -')]]"}
COMMAND: POST /session/80b25485da4cce0461fa749928cde446/elements - {"using":"xpath","value":"//li[.//span[contains(text(),'548 -')]]"}
RESULT: {"using":"xpath","value":"//li[.//span[contains(text(),'548 -')]]"}
COMMAND: POST /session/80b25485da4cce0461fa749928cde446/elements - {"using":"xpath","value":"//li[.//span[contains(text(),'548 -')]]"}
RESULT: {"using":"xpath","value":"//li[.//span[contains(text(),'548 -')]]"}
COMMAND: POST /session/80b25485da4cce0461fa749928cde446/elements - {"using":"xpath","value":"//li[.//span[contains(text(),'548 -')]]"}
RESULT: {"using":"xpath","value":"//li[.//span[contains(text(),'548 -')]]"}
COMMAND: POST /session/80b25485da4cce0461fa749928cde446/elements - {"using":"xpath","value":"//li[.//span[contains(text(),'548 -')]]"}
RESULT: {"using":"xpath","value":"//li[.//span[contains(text(),'548 -')]]"}
COMMAND: POST /session/80b25485da4cce0461fa749928cde446/elements - {"using":"xpath","value":"//li[.//span[contains(text(),'548 -')]]"}
RESULT: {"using":"xpath","value":"//li[.//span[contains(text(),'548 -')]]"}
COMMAND: POST /session/80b25485da4cce0461fa749928cde446/elements - {"using":"xpath","value":"//li[.//span[contains(text(),'548 -')]]"}
RESULT: {"using":"xpath","value":"//li[.//span[contains(text(),'548 -')]]"}
COMMAND: POST /session/80b25485da4cce0461fa749928cde446/elements - {"using":"xpath","value":"//li[.//span[contains(text(),'548 -')]]"}
RESULT: {"using":"xpath","value":"//li[.//span[contains(text(),'548 -')]]"}
COMMAND: POST /session/80b25485da4cce0461fa749928cde446/elements - {"using":"xpath","value":"//li[.//span[contains(text(),'548 -')]]"}
RESULT: {"using":"xpath","value":"//li[.//span[contains(text(),'548 -')]]"}
COMMAND: POST /session/80b25485da4cce0461fa749928cde446/elements - {"using":"xpath","value":"//li[.//span[contains(text(),'548 -')]]"}
RESULT: {"using":"xpath","value":"//li[.//span[contains(text(),'548 -')]]"}
COMMAND: POST /session/80b25485da4cce0461fa749928cde446/elements - {"using":"xpath","value":"//li[.//span[contains(text(),'548 -')]]"}
RESULT: {"using":"xpath","value":"//li[.//span[contains(text(),'548 -')]]"}
COMMAND: POST /session/80b25485da4cce0461fa749928cde446/elements - {"using":"xpath","value":"//li[.//span[contains(text(),'548 -')]]"}
RESULT: {"using":"xpath","value":"//li[.//span[contains(text(),'548 -')]]"}
COMMAND: POST /session/80b25485da4cce0461fa749928cde446/elements - {"using":"xpath","value":"//li[.//span[contains(text(),'548 -')]]"}
RESULT: {"using":"xpath","value":"//li[.//span[contains(text(),'548 -')]]"}
COMMAND: POST /session/80b25485da4cce0461fa749928cde446/elements - {"using":"xpath","value":"//li[.//span[contains(text(),'548 -')]]"}
RESULT: {"using":"xpath","value":"//li[.//span[contains(text(),'548 -')]]"}
COMMAND: POST /session/80b25485da4cce0461fa749928cde446/elements - {"using":"xpath","value":"//li[.//span[contains(text(),'548 -')]]"}
RESULT: {"using":"xpath","value":"//li[.//span[contains(text(),'548 -')]]"}
COMMAND: POST /session/80b25485da4cce0461fa749928cde446/elements - {"using":"xpath","value":"//li[.//span[contains(text(),'548 -')]]"}
RESULT: {"using":"xpath","value":"//li[.//span[contains(text(),'548 -')]]"}
COMMAND: POST /session/80b25485da4cce0461fa749928cde446/elements - {"using":"xpath","value":"//li[.//span[contains(text(),'548 -')]]"}
RESULT: {"using":"xpath","value":"//li[.//span[contains(text(),'548 -')]]"}
COMMAND: POST /session/80b25485da4cce0461fa749928cde446/elements - {"using":"xpath","value":"//li[.//span[contains(text(),'548 -')]]"}
RESULT: {"using":"xpath","value":"//li[.//span[contains(text(),'548 -')]]"}
COMMAND: POST /session/80b25485da4cce0461fa749928cde446/elements - {"using":"xpath","value":"//li[.//span[contains(text(),'548 -')]]"}
RESULT: {"using":"xpath","value":"//li[.//span[contains(text(),'548 -')]]"}
COMMAND: POST /session/80b25485da4cce0461fa749928cde446/elements - {"using":"xpath","value":"//li[.//span[contains(text(),'548 -')]]"}
RESULT: {"using":"xpath","value":"//li[.//span[contains(text(),'548 -')]]"}
COMMAND: POST /session/80b25485da4cce0461fa749928cde446/elements - {"using":"xpath","value":"//li[.//span[contains(text(),'548 -')]]"}
RESULT: {"using":"xpath","value":"//li[.//span[contains(text(),'548 -')]]"}
COMMAND: POST /session/80b25485da4cce0461fa749928cde446/elements - {"using":"xpath","value":"//li[.//span[contains(text(),'548 -')]]"}
RESULT: {"using":"xpath","value":"//li[.//span[contains(text(),'548 -')]]"}
COMMAND: POST /session/80b25485da4cce0461fa749928cde446/elements - {"using":"xpath","value":"//li[.//span[contains(text(),'548 -')]]"}
RESULT: {"using":"xpath","value":"//li[.//span[contains(text(),'548 -')]]"}
COMMAND: POST /session/80b25485da4cce0461fa749928cde446/elements - {"using":"xpath","value":"//li[.//span[contains(text(),'548 -')]]"}
RESULT: {"using":"xpath","value":"//li[.//span[contains(text(),'548 -')]]"}
COMMAND: POST /session/80b25485da4cce0461fa749928cde446/elements - {"using":"xpath","value":"//li[.//span[contains(text(),'548 -')]]"}
RESULT: {"using":"xpath","value":"//li[.//span[contains(text(),'548 -')]]"}
COMMAND: POST /session/80b25485da4cce0461fa749928cde446/elements - {"using":"xpath","value":"//li[.//span[contains(text(),'548 -')]]"}
RESULT: {"using":"xpath","value":"//li[.//span[contains(text(),'548 -')]]"}
COMMAND: POST /session/80b25485da4cce0461fa749928cde446/elements - {"using":"xpath","value":"//li[.//span[contains(text(),'548 -')]]"}
RESULT: {"using":"xpath","value":"//li[.//span[contains(text(),'548 -')]]"}
COMMAND: POST /session/80b25485da4cce0461fa749928cde446/elements - {"using":"xpath","value":"//li[.//span[contains(text(),'548 -')]]"}
RESULT: {"using":"xpath","value":"//li[.//span[contains(text(),'548 -')]]"}
COMMAND: POST /session/80b25485da4cce0461fa749928cde446/elements - {"using":"xpath","value":"//li[.//span[contains(text(),'548 -')]]"}
RESULT: {"using":"xpath","value":"//li[.//span[contains(text(),'548 -')]]"}
COMMAND: POST /session/80b25485da4cce0461fa749928cde446/elements - {"using":"xpath","value":"//li[.//span[contains(text(),'548 -')]]"}
RESULT: {"using":"xpath","value":"//li[.//span[contains(text(),'548 -')]]"}
COMMAND: POST /session/80b25485da4cce0461fa749928cde446/elements - {"using":"xpath","value":"//li[.//span[contains(text(),'548 -')]]"}
RESULT: {"using":"xpath","value":"//li[.//span[contains(text(),'548 -')]]"}
COMMAND: POST /session/80b25485da4cce0461fa749928cde446/elements - {"using":"xpath","value":"//li[.//span[contains(text(),'548 -')]]"}
RESULT: {"using":"xpath","value":"//li[.//span[contains(text(),'548 -')]]"}
COMMAND: POST /session/80b25485da4cce0461fa749928cde446/elements - {"using":"xpath","value":"//li[.//span[contains(text(),'548 -')]]"}
RESULT: {"using":"xpath","value":"//li[.//span[contains(text(),'548 -')]]"}
COMMAND: POST /session/80b25485da4cce0461fa749928cde446/elements - {"using":"xpath","value":"//li[.//span[contains(text(),'548 -')]]"}
RESULT: {"using":"xpath","value":"//li[.//span[contains(text(),'548 -')]]"}
COMMAND: POST /session/80b25485da4cce0461fa749928cde446/elements - {"using":"xpath","value":"//li[.//span[contains(text(),'548 -')]]"}
RESULT: {"using":"xpath","value":"//li[.//span[contains(text(),'548 -')]]"}
COMMAND: POST /session/80b25485da4cce0461fa749928cde446/elements - {"using":"xpath","value":"//li[.//span[contains(text(),'548 -')]]"}
RESULT: {"using":"xpath","value":"//li[.//span[contains(text(),'548 -')]]"}
COMMAND: POST /session/80b25485da4cce0461fa749928cde446/elements - {"using":"xpath","value":"//li[.//span[contains(text(),'548 -')]]"}
RESULT: {"using":"xpath","value":"//li[.//span[contains(text(),'548 -')]]"}
COMMAND: POST /session/80b25485da4cce0461fa749928cde446/elements - {"using":"xpath","value":"//li[.//span[contains(text(),'548 -')]]"}
RESULT: {"using":"xpath","value":"//li[.//span[contains(text(),'548 -')]]"}
COMMAND: POST /session/80b25485da4cce0461fa749928cde446/elements - {"using":"xpath","value":"//li[.//span[contains(text(),'548 -')]]"}
RESULT: {"using":"xpath","value":"//li[.//span[contains(text(),'548 -')]]"}
COMMAND: POST /session/80b25485da4cce0461fa749928cde446/elements - {"using":"xpath","value":"//li[.//span[contains(text(),'548 -')]]"}
RESULT: {"using":"xpath","value":"//li[.//span[contains(text(),'548 -')]]"}
COMMAND: POST /session/80b25485da4cce0461fa749928cde446/elements - {"using":"xpath","value":"//li[.//span[contains(text(),'548 -')]]"}
RESULT: {"using":"xpath","value":"//li[.//span[contains(text(),'548 -')]]"}
COMMAND: POST /session/80b25485da4cce0461fa749928cde446/elements - {"using":"xpath","value":"//li[.//span[contains(text(),'548 -')]]"}
RESULT: {"using":"xpath","value":"//li[.//span[contains(text(),'548 -')]]"}
COMMAND: POST /session/80b25485da4cce0461fa749928cde446/elements - {"using":"xpath","value":"//li[.//span[contains(text(),'548 -')]]"}
RESULT: {"using":"xpath","value":"//li[.//span[contains(text(),'548 -')]]"}
COMMAND: POST /session/80b25485da4cce0461fa749928cde446/elements - {"using":"xpath","value":"//li[.//span[contains(text(),'548 -')]]"}
RESULT: {"using":"xpath","value":"//li[.//span[contains(text(),'548 -')]]"}
COMMAND: POST /session/80b25485da4cce0461fa749928cde446/elements - {"using":"xpath","value":"//li[.//span[contains(text(),'548 -')]]"}
RESULT: {"using":"xpath","value":"//li[.//span[contains(text(),'548 -')]]"}
COMMAND: POST /session/80b25485da4cce0461fa749928cde446/elements - {"using":"xpath","value":"//li[.//span[contains(text(),'548 -')]]"}
RESULT: {"using":"xpath","value":"//li[.//span[contains(text(),'548 -')]]"}
COMMAND: POST /session/80b25485da4cce0461fa749928cde446/elements - {"using":"xpath","value":"//li[.//span[contains(text(),'548 -')]]"}
RESULT: {"using":"xpath","value":"//li[.//span[contains(text(),'548 -')]]"}
COMMAND: POST /session/80b25485da4cce0461fa749928cde446/elements - {"using":"xpath","value":"//li[.//span[contains(text(),'548 -')]]"}
RESULT: {"using":"xpath","value":"//li[.//span[contains(text(),'548 -')]]"}
COMMAND: POST /session/80b25485da4cce0461fa749928cde446/elements - {"using":"xpath","value":"//li[.//span[contains(text(),'548 -')]]"}
RESULT: {"using":"xpath","value":"//li[.//span[contains(text(),'548 -')]]"}
COMMAND: POST /session/80b25485da4cce0461fa749928cde446/elements - {"using":"xpath","value":"//li[.//span[contains(text(),'548 -')]]"}
RESULT: {"using":"xpath","value":"//li[.//span[contains(text(),'548 -')]]"}
COMMAND: POST /session/80b25485da4cce0461fa749928cde446/elements - {"using":"xpath","value":"//li[.//span[contains(text(),'548 -')]]"}
RESULT: {"using":"xpath","value":"//li[.//span[contains(text(),'548 -')]]"}
COMMAND: POST /session/80b25485da4cce0461fa749928cde446/elements - {"using":"xpath","value":"//li[.//span[contains(text(),'548 -')]]"}
RESULT: {"using":"xpath","value":"//li[.//span[contains(text(),'548 -')]]"}
COMMAND: POST /session/80b25485da4cce0461fa749928cde446/elements - {"using":"xpath","value":"//li[.//span[contains(text(),'548 -')]]"}
RESULT: {"using":"xpath","value":"//li[.//span[contains(text(),'548 -')]]"}
COMMAND: POST /session/80b25485da4cce0461fa749928cde446/elements - {"using":"xpath","value":"//li[.//span[contains(text(),'548 -')]]"}
RESULT: {"using":"xpath","value":"//li[.//span[contains(text(),'548 -')]]"}
COMMAND: POST /session/80b25485da4cce0461fa749928cde446/elements - {"using":"xpath","value":"//li[.//span[contains(text(),'548 -')]]"}
RESULT: {"using":"xpath","value":"//li[.//span[contains(text(),'548 -')]]"}
COMMAND: POST /session/80b25485da4cce0461fa749928cde446/elements - {"using":"xpath","value":"//li[.//span[contains(text(),'548 -')]]"}
RESULT: {"using":"xpath","value":"//li[.//span[contains(text(),'548 -')]]"}
COMMAND: POST /session/80b25485da4cce0461fa749928cde446/elements - {"using":"xpath","value":"//li[.//span[contains(text(),'548 -')]]"}
RESULT: {"using":"xpath","value":"//li[.//span[contains(text(),'548 -')]]"}
COMMAND: POST /session/80b25485da4cce0461fa749928cde446/elements - {"using":"xpath","value":"//li[.//span[contains(text(),'548 -')]]"}
RESULT: {"using":"xpath","value":"//li[.//span[contains(text(),'548 -')]]"}
COMMAND: POST /session/80b25485da4cce0461fa749928cde446/elements - {"using":"xpath","value":"//li[.//span[contains(text(),'548 -')]]"}
RESULT: {"using":"xpath","value":"//li[.//span[contains(text(),'548 -')]]"}
COMMAND: POST /session/80b25485da4cce0461fa749928cde446/elements - {"using":"xpath","value":"//li[.//span[contains(text(),'548 -')]]"}
RESULT: {"using":"xpath","value":"//li[.//span[contains(text(),'548 -')]]"}
COMMAND: POST /session/80b25485da4cce0461fa749928cde446/elements - {"using":"xpath","value":"//li[.//span[contains(text(),'548 -')]]"}
RESULT: {"using":"xpath","value":"//li[.//span[contains(text(),'548 -')]]"}
COMMAND: POST /session/80b25485da4cce0461fa749928cde446/elements - {"using":"xpath","value":"//li[.//span[contains(text(),'548 -')]]"}
RESULT: {"using":"xpath","value":"//li[.//span[contains(text(),'548 -')]]"}
COMMAND: POST /session/80b25485da4cce0461fa749928cde446/elements - {"using":"xpath","value":"//li[.//span[contains(text(),'548 -')]]"}
RESULT: {"using":"xpath","value":"//li[.//span[contains(text(),'548 -')]]"}
COMMAND: POST /session/80b25485da4cce0461fa749928cde446/elements - {"using":"xpath","value":"//li[.//span[contains(text(),'548 -')]]"}
RESULT: {"using":"xpath","value":"//li[.//span[contains(text(),'548 -')]]"}
COMMAND: POST /session/80b25485da4cce0461fa749928cde446/elements - {"using":"xpath","value":"//li[.//span[contains(text(),'548 -')]]"}
RESULT: {"using":"xpath","value":"//li[.//span[contains(text(),'548 -')]]"}
COMMAND: POST /session/80b25485da4cce0461fa749928cde446/elements - {"using":"xpath","value":"//li[.//span[contains(text(),'548 -')]]"}
COMMAND: GET /session/80b25485da4cce0461fa749928cde446/screenshot - {}
RESULT: {"using":"xpath","value":"//li[.//span[contains(text(),'548 -')]]"}
RESULT: {}
COMMAND: POST /session/80b25485da4cce0461fa749928cde446/element - {"using":"css selector","value":"#j_username"}
COMMAND: POST /session/80b25485da4cce0461fa749928cde446/url - {"url":"https://qa-testing-00-live-etm-ui.cfapps.eu10-004.hana.ondemand.com/"}
COMMAND: GET /session/80b25485da4cce0461fa749928cde446/screenshot - {}
COMMAND: GET /session/80b25485da4cce0461fa749928cde446/screenshot - {}
RESULT: {"using":"css selector","value":"#j_username"}
COMMAND: POST /session/80b25485da4cce0461fa749928cde446/element - {"using":"css selector","value":"#j_username"}
RESULT: {"url":"https://qa-testing-00-live-etm-ui.cfapps.eu10-004.hana.ondemand.com/"}
RESULT: undefined
COMMAND: GET /session/80b25485da4cce0461fa749928cde446/screenshot - {}
RESULT: {}
RESULT: {}
RESULT: {"using":"css selector","value":"#j_username"}
COMMAND: POST /session/80b25485da4cce0461fa749928cde446/element - {"using":"css selector","value":"#shell-header-logo"}
RESULT: {}
RESULT: {"using":"css selector","value":"#shell-header-logo"}
COMMAND: POST /session/80b25485da4cce0461fa749928cde446/execute/sync - {"script":"<script> [8489 bytes]","args":[{"element-6066-11e4-a52e-4f735466cecf":"f.499FA332C3249B1FB6786AFDCB682F30.d.22031618C72C9DCB83FDABEFC2355E2C.e.4522","ELEMENT":"f.499FA332C3249B1FB6786AFDCB682F30.d.22031618C72C9DCB83FDABEFC2355E2C.e.4522"}]}
RESULT: {"script":"<script> [8489 bytes]","args":[{"element-6066-11e4-a52e-4f735466cecf":"f.499FA332C3249B1FB6786AFDCB682F30.d.22031618C72C9DCB83FDABEFC2355E2C.e.4522","ELEMENT":"f.499FA332C3249B1FB6786AFDCB682F30.d.22031618C72C9DCB83FDABEFC2355E2C.e.4522"}]}
COMMAND: POST /session/80b25485da4cce0461fa749928cde446/element - {"using":"css selector","value":"#shell-header-logo"}
COMMAND: GET /session/80b25485da4cce0461fa749928cde446/screenshot - {}
RESULT: {"using":"css selector","value":"#shell-header-logo"}
COMMAND: POST /session/80b25485da4cce0461fa749928cde446/execute/sync - {"script":"<script> [8489 bytes]","args":[{"element-6066-11e4-a52e-4f735466cecf":"f.499FA332C3249B1FB6786AFDCB682F30.d.22031618C72C9DCB83FDABEFC2355E2C.e.4522","ELEMENT":"f.499FA332C3249B1FB6786AFDCB682F30.d.22031618C72C9DCB83FDABEFC2355E2C.e.4522"}]}
RESULT: {}
RESULT: {"script":"<script> [8489 bytes]","args":[{"element-6066-11e4-a52e-4f735466cecf":"f.499FA332C3249B1FB6786AFDCB682F30.d.22031618C72C9DCB83FDABEFC2355E2C.e.4522","ELEMENT":"f.499FA332C3249B1FB6786AFDCB682F30.d.22031618C72C9DCB83FDABEFC2355E2C.e.4522"}]}
COMMAND: POST /session/80b25485da4cce0461fa749928cde446/execute/sync - {"script":"<script> [5351 bytes]","args":[{"element-6066-11e4-a52e-4f735466cecf":"f.499FA332C3249B1FB6786AFDCB682F30.d.22031618C72C9DCB83FDABEFC2355E2C.e.4522","ELEMENT":"f.499FA332C3249B1FB6786AFDCB682F30.d.22031618C72C9DCB83FDABEFC2355E2C.e.4522"}]}
COMMAND: GET /session/80b25485da4cce0461fa749928cde446/screenshot - {}
RESULT: {"script":"<script> [5351 bytes]","args":[{"element-6066-11e4-a52e-4f735466cecf":"f.499FA332C3249B1FB6786AFDCB682F30.d.22031618C72C9DCB83FDABEFC2355E2C.e.4522","ELEMENT":"f.499FA332C3249B1FB6786AFDCB682F30.d.22031618C72C9DCB83FDABEFC2355E2C.e.4522"}]}
COMMAND: POST /session/80b25485da4cce0461fa749928cde446/element - {"using":"css selector","value":"#shell-header-logo"}
COMMAND: GET /session/80b25485da4cce0461fa749928cde446/screenshot - {}
RESULT: {}
RESULT: {"using":"css selector","value":"#shell-header-logo"}
COMMAND: POST /session/80b25485da4cce0461fa749928cde446/element/f.499FA332C3249B1FB6786AFDCB682F30.d.22031618C72C9DCB83FDABEFC2355E2C.e.4522/click - {}
RESULT: {}
RESULT: {}
COMMAND: GET /session/80b25485da4cce0461fa749928cde446/screenshot - {}
RESULT: {}
COMMAND: POST /session/80b25485da4cce0461fa749928cde446/execute/async - {"script":"<script> [189 bytes]","args":[]}
RESULT: {"script":"<script> [189 bytes]","args":[]}
COMMAND: POST /session/80b25485da4cce0461fa749928cde446/execute/async - {"script":"<script> [123 bytes]","args":[]}
RESULT: {"script":"<script> [123 bytes]","args":[]}
COMMAND: POST /session/80b25485da4cce0461fa749928cde446/timeouts - {"script":"<number>"}
RESULT: {"script":"<number>"}
COMMAND: GET /session/80b25485da4cce0461fa749928cde446/timeouts - {}
RESULT: {}
RESULT: undefined
COMMAND: POST /session/80b25485da4cce0461fa749928cde446/execute/async - {"script":"<script> [2676 bytes]","args":[]}
RESULT: {"script":"<script> [2676 bytes]","args":[]}
COMMAND: POST /session/80b25485da4cce0461fa749928cde446/execute/async - {"script":"<script> [2342 bytes]","args":[{"protocol":"http","hostname":"0.0.0.0","path":"/","capabilities":{"browserName":"chrome","goog:chromeOptions":{"binary":"C:\\Program Files\\Google\\Chrome\\Application\\chrome.exe","args":["--start-maximized"]}},"logLevel":"warn","connectionRetryTimeout":120000,"connectionRetryCount":3,"logLevels":{},"enableDirectConnect":true,"strictSSL":true,"_":"65 more keys: [\"cacheDir\",\"port\",\"requestedCapabilities\",\"automationProtocol\",\"baseUrl\",\"waitforInterval\",\"waitforTimeout\",\"onReload\",\"beforeCommand\",\"afterCommand\",\"rootDir\",\"specs\",\"suites\",\"exclude\",\"groupLogsByTestSpec\",\"excludeDriverLogs\",\"bail\",\"framework\",\"reporters\",\"services\",\"maxInstances\",\"maxInstancesPerCapability\",\"injectGlobals\",\"filesToWatch\",\"execArgv\",\"runnerEnv\",\"runner\",\"shard\",\"specFileRetries\",\"specFileRetriesDelay\",\"specFileRetriesDeferred\",\"reporterSyncInterval\",\"reporterSyncTimeout\",\"cucumberFeaturesWithLineNumbers\",\"autoCompileOpts\",\"mochaOpts\",\"jasmineOpts\",\"cucumberOpts\",\"onPrepare\",\"onWorkerStart\",\"onWorkerEnd\",\"before\",\"beforeSession\",\"beforeSuite\",\"beforeHook\",\"beforeTest\",\"afterTest\",\"afterHook\",\"afterSuite\",\"afterSession\",\"after\",\"onComplete\",\"beforeAssertion\",\"afterAssertion\",\"beforeFeature\",\"beforeScenario\",\"beforeStep\",\"afterStep\",\"afterScenario\",\"afterFeature\",\"_\",\"suite\",\"$0\",\"ignoredWorkerServices\",\"wdi5\"]"}]}
RESULT: {"script":"<script> [2342 bytes]","args":[{"protocol":"http","hostname":"0.0.0.0","path":"/","capabilities":{"browserName":"chrome","goog:chromeOptions":{"binary":"C:\\Program Files\\Google\\Chrome\\Application\\chrome.exe","args":["--start-maximized"]}},"logLevel":"warn","connectionRetryTimeout":120000,"connectionRetryCount":3,"logLevels":{},"enableDirectConnect":true,"strictSSL":true,"_":"65 more keys: [\"cacheDir\",\"port\",\"requestedCapabilities\",\"automationProtocol\",\"baseUrl\",\"waitforInterval\",\"waitforTimeout\",\"onReload\",\"beforeCommand\",\"afterCommand\",\"rootDir\",\"specs\",\"suites\",\"exclude\",\"groupLogsByTestSpec\",\"excludeDriverLogs\",\"bail\",\"framework\",\"reporters\",\"services\",\"maxInstances\",\"maxInstancesPerCapability\",\"injectGlobals\",\"filesToWatch\",\"execArgv\",\"runnerEnv\",\"runner\",\"shard\",\"specFileRetries\",\"specFileRetriesDelay\",\"specFileRetriesDeferred\",\"reporterSyncInterval\",\"reporterSyncTimeout\",\"cucumberFeaturesWithLineNumbers\",\"autoCompileOpts\",\"mochaOpts\",\"jasmineOpts\",\"cucumberOpts\",\"onPrepare\",\"onWorkerStart\",\"onWorkerEnd\",\"before\",\"beforeSession\",\"beforeSuite\",\"beforeHook\",\"beforeTest\",\"afterTest\",\"afterHook\",\"afterSuite\",\"afterSession\",\"after\",\"onComplete\",\"beforeAssertion\",\"afterAssertion\",\"beforeFeature\",\"beforeScenario\",\"beforeStep\",\"afterStep\",\"afterScenario\",\"afterFeature\",\"_\",\"suite\",\"$0\",\"ignoredWorkerServices\",\"wdi5\"]"}]}
COMMAND: POST /session/80b25485da4cce0461fa749928cde446/execute/async - {"script":"<script> [21126 bytes]","args":[35000]}
RESULT: {"script":"<script> [21126 bytes]","args":[35000]}
COMMAND: POST /session/80b25485da4cce0461fa749928cde446/window/maximize - {}
RESULT: {}
COMMAND: POST /session/80b25485da4cce0461fa749928cde446/execute/async - {"script":"<script> [1562 bytes]","args":[{"selector":{"id":"shell-header","interaction":{"idSuffix":"icon"}},"wdio_ui5_key":"shellheader"}]}
COMMAND: GET /session/80b25485da4cce0461fa749928cde446/screenshot - {}
RESULT: {"script":"<script> [1562 bytes]","args":[{"selector":{"id":"shell-header","interaction":{"idSuffix":"icon"}},"wdio_ui5_key":"shellheader"}]}
RESULT: undefined
COMMAND: POST /session/80b25485da4cce0461fa749928cde446/window/fullscreen - {}
RESULT: {}
RESULT: {}
]]></system-out>
      <system-err><![CDATA[
Error: Can't call click on element with selector "//li[.//span[contains(text(),'548 -')]]" because element wasn't found
    at async UtilsPrerequisites.stockIncrease (D:\a\1\s\test\specs\BTS\prerequisites-and-utils-functions.js:1638:9)
    at async Context.<anonymous> (D:\a\1\s\test\specs\HTR\stock-increase.spec.js:105:9)
]]></system-err>
    </testcase>
  </testsuite>
  <testsuite timestamp="2025-06-01T16:28:18" time="130.879" tests="6" failures="0" errors="0" skipped="0">
    <properties>
      <property name="specId" value="0"/>
      <property name="suiteName" value="Provide to Site w/ warehouse management w/ clarification US115878"/>
      <property name="capabilities" value="chrome.136_0_7103_93.windows"/>
      <property name="file" value="file:///D:/a/1/s/test/specs/HTR/provide-to-site-w-warehouse-w-clarification.spec.js"/>
    </properties>
    <testcase classname="chrome.136_0_7103_93.windows.Provide_to_Site_w/_warehouse_management_w/_clarification_US115878" name="Should create a new WHM yard" time="0.014">
      <system-out><![CDATA[
COMMAND: POST /session/80b25485da4cce0461fa749928cde446/window/fullscreen - {}
RESULT: {}
]]></system-out>
    </testcase>
    <testcase classname="chrome.136_0_7103_93.windows.Provide_to_Site_w/_warehouse_management_w/_clarification_US115878" name="Should create a new external WHM partner" time="0.004"/>
    <testcase classname="chrome.136_0_7103_93.windows.Provide_to_Site_w/_warehouse_management_w/_clarification_US115878" name="Should create a new WHM site" time="0.005"/>
    <testcase classname="chrome.136_0_7103_93.windows.Provide_to_Site_w/_warehouse_management_w/_clarification_US115878" name="Should create a new material" time="118.334">
      <system-out><![CDATA[
COMMAND: POST /session/80b25485da4cce0461fa749928cde446/execute/async - {"script":"<script> [1562 bytes]","args":[{"selector":{"controlType":"sap.m.GenericTile","properties":{"header":"Manage Resources"}},"wdio_ui5_key":"sapm.GenericTile{\"header\":\"Manage Resources\"}"}]}
RESULT: {"script":"<script> [1562 bytes]","args":[{"selector":{"controlType":"sap.m.GenericTile","properties":{"header":"Manage Resources"}},"wdio_ui5_key":"sapm.GenericTile{\"header\":\"Manage Resources\"}"}]}
RESULT: undefined
COMMAND: POST /session/80b25485da4cce0461fa749928cde446/element - {"using":"xpath","value":"//*[@id=\"__tile50\"]"}
RESULT: {"using":"xpath","value":"//*[@id=\"__tile50\"]"}
COMMAND: POST /session/80b25485da4cce0461fa749928cde446/element/f.499FA332C3249B1FB6786AFDCB682F30.d.22031618C72C9DCB83FDABEFC2355E2C.e.4543/click - {}
RESULT: {}
COMMAND: GET /session/80b25485da4cce0461fa749928cde446/screenshot - {}
RESULT: {}
COMMAND: POST /session/80b25485da4cce0461fa749928cde446/elements - {"using":"xpath","value":"//span[text()='Error']"}
RESULT: {"using":"xpath","value":"//span[text()='Error']"}
COMMAND: POST /session/80b25485da4cce0461fa749928cde446/element - {"using":"xpath","value":"//button[@data-kt=\"addNewRUOverflowToolbarButton\"]"}
RESULT: {"using":"xpath","value":"//button[@data-kt=\"addNewRUOverflowToolbarButton\"]"}
COMMAND: POST /session/80b25485da4cce0461fa749928cde446/elements - {"using":"xpath","value":"//button[@data-kt=\"addNewRUOverflowToolbarButton\"]"}
RESULT: {"using":"xpath","value":"//button[@data-kt=\"addNewRUOverflowToolbarButton\"]"}
COMMAND: POST /session/80b25485da4cce0461fa749928cde446/execute/sync - {"script":"<script> [8489 bytes]","args":[{"element-6066-11e4-a52e-4f735466cecf":"f.499FA332C3249B1FB6786AFDCB682F30.d.22031618C72C9DCB83FDABEFC2355E2C.e.4655","ELEMENT":"f.499FA332C3249B1FB6786AFDCB682F30.d.22031618C72C9DCB83FDABEFC2355E2C.e.4655"}]}
RESULT: {"script":"<script> [8489 bytes]","args":[{"element-6066-11e4-a52e-4f735466cecf":"f.499FA332C3249B1FB6786AFDCB682F30.d.22031618C72C9DCB83FDABEFC2355E2C.e.4655","ELEMENT":"f.499FA332C3249B1FB6786AFDCB682F30.d.22031618C72C9DCB83FDABEFC2355E2C.e.4655"}]}
COMMAND: GET /session/80b25485da4cce0461fa749928cde446/element/f.499FA332C3249B1FB6786AFDCB682F30.d.22031618C72C9DCB83FDABEFC2355E2C.e.4655/enabled - {}
COMMAND: GET /session/80b25485da4cce0461fa749928cde446/screenshot - {}
RESULT: {}
COMMAND: POST /session/80b25485da4cce0461fa749928cde446/execute/sync - {"script":"<script> [8489 bytes]","args":[{"element-6066-11e4-a52e-4f735466cecf":"f.499FA332C3249B1FB6786AFDCB682F30.d.22031618C72C9DCB83FDABEFC2355E2C.e.4655","ELEMENT":"f.499FA332C3249B1FB6786AFDCB682F30.d.22031618C72C9DCB83FDABEFC2355E2C.e.4655"}]}
COMMAND: GET /session/80b25485da4cce0461fa749928cde446/screenshot - {}
RESULT: {}
RESULT: {"script":"<script> [8489 bytes]","args":[{"element-6066-11e4-a52e-4f735466cecf":"f.499FA332C3249B1FB6786AFDCB682F30.d.22031618C72C9DCB83FDABEFC2355E2C.e.4655","ELEMENT":"f.499FA332C3249B1FB6786AFDCB682F30.d.22031618C72C9DCB83FDABEFC2355E2C.e.4655"}]}
COMMAND: POST /session/80b25485da4cce0461fa749928cde446/execute/sync - {"script":"<script> [5351 bytes]","args":[{"element-6066-11e4-a52e-4f735466cecf":"f.499FA332C3249B1FB6786AFDCB682F30.d.22031618C72C9DCB83FDABEFC2355E2C.e.4655","ELEMENT":"f.499FA332C3249B1FB6786AFDCB682F30.d.22031618C72C9DCB83FDABEFC2355E2C.e.4655"}]}
COMMAND: GET /session/80b25485da4cce0461fa749928cde446/screenshot - {}
RESULT: {}
RESULT: {"script":"<script> [5351 bytes]","args":[{"element-6066-11e4-a52e-4f735466cecf":"f.499FA332C3249B1FB6786AFDCB682F30.d.22031618C72C9DCB83FDABEFC2355E2C.e.4655","ELEMENT":"f.499FA332C3249B1FB6786AFDCB682F30.d.22031618C72C9DCB83FDABEFC2355E2C.e.4655"}]}
COMMAND: POST /session/80b25485da4cce0461fa749928cde446/element/f.499FA332C3249B1FB6786AFDCB682F30.d.22031618C72C9DCB83FDABEFC2355E2C.e.4655/click - {}
COMMAND: GET /session/80b25485da4cce0461fa749928cde446/screenshot - {}
RESULT: {}
RESULT: {}
COMMAND: GET /session/80b25485da4cce0461fa749928cde446/screenshot - {}
RESULT: {}
RESULT: {}
COMMAND: POST /session/80b25485da4cce0461fa749928cde446/execute/async - {"script":"<script> [1562 bytes]","args":[{"selector":{"id":"application-manageresources-display-component---newResourceUnit--TYPE-arrow"},"wdio_ui5_key":"applicationmanageresources-display-component---newResourceUnit--TYPE-arrow"}]}
RESULT: {"script":"<script> [1562 bytes]","args":[{"selector":{"id":"application-manageresources-display-component---newResourceUnit--TYPE-arrow"},"wdio_ui5_key":"applicationmanageresources-display-component---newResourceUnit--TYPE-arrow"}]}
RESULT: undefined
COMMAND: POST /session/80b25485da4cce0461fa749928cde446/element - {"using":"xpath","value":"//*[@id=\"application-manageresources-display-component---newResourceUnit--TYPE-arrow\"]"}
RESULT: {"using":"xpath","value":"//*[@id=\"application-manageresources-display-component---newResourceUnit--TYPE-arrow\"]"}
COMMAND: POST /session/80b25485da4cce0461fa749928cde446/element/f.499FA332C3249B1FB6786AFDCB682F30.d.22031618C72C9DCB83FDABEFC2355E2C.e.5015/click - {}
RESULT: {}
COMMAND: POST /session/80b25485da4cce0461fa749928cde446/element - {"using":"xpath","value":"//input[@id=\"application-manageresources-display-component---newResourceUnit--TYPE-inner\"]"}
COMMAND: GET /session/80b25485da4cce0461fa749928cde446/screenshot - {}
RESULT: {"using":"xpath","value":"//input[@id=\"application-manageresources-display-component---newResourceUnit--TYPE-inner\"]"}
COMMAND: POST /session/80b25485da4cce0461fa749928cde446/element/f.499FA332C3249B1FB6786AFDCB682F30.d.22031618C72C9DCB83FDABEFC2355E2C.e.4994/clear - {}
RESULT: {}
RESULT: {}
COMMAND: POST /session/80b25485da4cce0461fa749928cde446/element/f.499FA332C3249B1FB6786AFDCB682F30.d.22031618C72C9DCB83FDABEFC2355E2C.e.4994/value - {"text":"Material"}
COMMAND: GET /session/80b25485da4cce0461fa749928cde446/screenshot - {}
RESULT: {"text":"Material"}
COMMAND: GET /session/80b25485da4cce0461fa749928cde446/screenshot - {}
RESULT: {}
RESULT: {}
COMMAND: POST /session/80b25485da4cce0461fa749928cde446/actions - {"actions":[{"id":"action16","type":"key","parameters":{},"actions":[{"type":"keyDown","value":""},{"type":"pause","duration":10},{"type":"keyUp","value":""}]}]}
RESULT: {"actions":[{"id":"action16","type":"key","parameters":{},"actions":[{"type":"keyDown","value":""},{"type":"pause","duration":10},{"type":"keyUp","value":""}]}]}
COMMAND: POST /session/80b25485da4cce0461fa749928cde446/execute/async - {"script":"<script> [1562 bytes]","args":[{"selector":{"id":"application-manageresources-display-component---newResourceUnit--SHORT_TEXT","interaction":{"idSuffix":"inner"}},"wdio_ui5_key":"applicationmanageresources-display-component---newResourceUnit--SHORT_TEXT"}]}
COMMAND: GET /session/80b25485da4cce0461fa749928cde446/screenshot - {}
RESULT: {"script":"<script> [1562 bytes]","args":[{"selector":{"id":"application-manageresources-display-component---newResourceUnit--SHORT_TEXT","interaction":{"idSuffix":"inner"}},"wdio_ui5_key":"applicationmanageresources-display-component---newResourceUnit--SHORT_TEXT"}]}
RESULT: undefined
COMMAND: POST /session/80b25485da4cce0461fa749928cde446/execute/async - {"script":"<script> [776 bytes]","args":[{"enterText":"Cement WDIO","selector":{"id":"application-manageresources-display-component---newResourceUnit--SHORT_TEXT","interaction":{"idSuffix":"inner"}},"clearTextFirst":true,"interactionType":"ENTER_TEXT"}]}
RESULT: {}
RESULT: {"script":"<script> [776 bytes]","args":[{"enterText":"Cement WDIO","selector":{"id":"application-manageresources-display-component---newResourceUnit--SHORT_TEXT","interaction":{"idSuffix":"inner"}},"clearTextFirst":true,"interactionType":"ENTER_TEXT"}]}
COMMAND: POST /session/80b25485da4cce0461fa749928cde446/execute/async - {"script":"<script> [1562 bytes]","args":[{"selector":{"id":"application-manageresources-display-component---newResourceUnit--BASE_UNIT_OF_MEASURE","interaction":{"idSuffix":"inner"}},"wdio_ui5_key":"applicationmanageresources-display-component---newResourceUnit--BASE_UNIT_OF_MEASURE"}]}
RESULT: {"script":"<script> [1562 bytes]","args":[{"selector":{"id":"application-manageresources-display-component---newResourceUnit--BASE_UNIT_OF_MEASURE","interaction":{"idSuffix":"inner"}},"wdio_ui5_key":"applicationmanageresources-display-component---newResourceUnit--BASE_UNIT_OF_MEASURE"}]}
RESULT: undefined
COMMAND: POST /session/80b25485da4cce0461fa749928cde446/execute/async - {"script":"<script> [776 bytes]","args":[{"enterText":"Piece","selector":{"id":"application-manageresources-display-component---newResourceUnit--BASE_UNIT_OF_MEASURE","interaction":{"idSuffix":"inner"}},"clearTextFirst":true,"interactionType":"ENTER_TEXT"}]}
RESULT: {"script":"<script> [776 bytes]","args":[{"enterText":"Piece","selector":{"id":"application-manageresources-display-component---newResourceUnit--BASE_UNIT_OF_MEASURE","interaction":{"idSuffix":"inner"}},"clearTextFirst":true,"interactionType":"ENTER_TEXT"}]}
COMMAND: POST /session/80b25485da4cce0461fa749928cde446/execute/async - {"script":"<script> [1562 bytes]","args":[{"selector":{"id":"application-manageresources-display-component---newResourceUnit--WEIGHT_UNIT","interaction":{"idSuffix":"inner"}},"wdio_ui5_key":"applicationmanageresources-display-component---newResourceUnit--WEIGHT_UNIT"}]}
RESULT: {"script":"<script> [1562 bytes]","args":[{"selector":{"id":"application-manageresources-display-component---newResourceUnit--WEIGHT_UNIT","interaction":{"idSuffix":"inner"}},"wdio_ui5_key":"applicationmanageresources-display-component---newResourceUnit--WEIGHT_UNIT"}]}
RESULT: undefined
COMMAND: POST /session/80b25485da4cce0461fa749928cde446/execute/async - {"script":"<script> [776 bytes]","args":[{"enterText":"Gram","selector":{"id":"application-manageresources-display-component---newResourceUnit--WEIGHT_UNIT","interaction":{"idSuffix":"inner"}},"clearTextFirst":true,"interactionType":"ENTER_TEXT"}]}
RESULT: {"script":"<script> [776 bytes]","args":[{"enterText":"Gram","selector":{"id":"application-manageresources-display-component---newResourceUnit--WEIGHT_UNIT","interaction":{"idSuffix":"inner"}},"clearTextFirst":true,"interactionType":"ENTER_TEXT"}]}
COMMAND: POST /session/80b25485da4cce0461fa749928cde446/execute/async - {"script":"<script> [1562 bytes]","args":[{"selector":{"id":"application-manageresources-display-component---newResourceUnit--DIMENSION_UNIT","interaction":{"idSuffix":"inner"}},"wdio_ui5_key":"applicationmanageresources-display-component---newResourceUnit--DIMENSION_UNIT"}]}
RESULT: {"script":"<script> [1562 bytes]","args":[{"selector":{"id":"application-manageresources-display-component---newResourceUnit--DIMENSION_UNIT","interaction":{"idSuffix":"inner"}},"wdio_ui5_key":"applicationmanageresources-display-component---newResourceUnit--DIMENSION_UNIT"}]}
RESULT: undefined
COMMAND: POST /session/80b25485da4cce0461fa749928cde446/execute/async - {"script":"<script> [776 bytes]","args":[{"enterText":"Meter","selector":{"id":"application-manageresources-display-component---newResourceUnit--DIMENSION_UNIT","interaction":{"idSuffix":"inner"}},"clearTextFirst":true,"interactionType":"ENTER_TEXT"}]}
RESULT: {"script":"<script> [776 bytes]","args":[{"enterText":"Meter","selector":{"id":"application-manageresources-display-component---newResourceUnit--DIMENSION_UNIT","interaction":{"idSuffix":"inner"}},"clearTextFirst":true,"interactionType":"ENTER_TEXT"}]}
COMMAND: POST /session/80b25485da4cce0461fa749928cde446/execute/async - {"script":"<script> [1562 bytes]","args":[{"selector":{"id":"application-manageresources-display-component---newResourceUnit--newRRUPage-anchBar-application-manageresources-display-component---newResourceUnit--control-anchor","interaction":{"idSuffix":"BDI-content"}},"wdio_ui5_key":"applicationmanageresources-display-component---newResourceUnit--newRRUPage-anchBar-application-manageresources-display-component---newResourceUnit--control-anchor"}]}
RESULT: {"script":"<script> [1562 bytes]","args":[{"selector":{"id":"application-manageresources-display-component---newResourceUnit--newRRUPage-anchBar-application-manageresources-display-component---newResourceUnit--control-anchor","interaction":{"idSuffix":"BDI-content"}},"wdio_ui5_key":"applicationmanageresources-display-component---newResourceUnit--newRRUPage-anchBar-application-manageresources-display-component---newResourceUnit--control-anchor"}]}
RESULT: undefined
COMMAND: POST /session/80b25485da4cce0461fa749928cde446/element - {"using":"xpath","value":"//*[@id=\"application-manageresources-display-component---newResourceUnit--newRRUPage-anchBar-application-manageresources-display-component---newResourceUnit--control-anchor\"]"}
RESULT: {"using":"xpath","value":"//*[@id=\"application-manageresources-display-component---newResourceUnit--newRRUPage-anchBar-application-manageresources-display-component---newResourceUnit--control-anchor\"]"}
COMMAND: POST /session/80b25485da4cce0461fa749928cde446/element/f.499FA332C3249B1FB6786AFDCB682F30.d.22031618C72C9DCB83FDABEFC2355E2C.e.5147/click - {}
RESULT: {}
COMMAND: POST /session/80b25485da4cce0461fa749928cde446/execute/async - {"script":"<script> [1562 bytes]","args":[{"selector":{"id":"application-manageresources-display-component---newResourceUnit--PLANNING_GROUP","interaction":{"idSuffix":"inner"}},"wdio_ui5_key":"applicationmanageresources-display-component---newResourceUnit--PLANNING_GROUP"}]}
COMMAND: GET /session/80b25485da4cce0461fa749928cde446/screenshot - {}
RESULT: {"script":"<script> [1562 bytes]","args":[{"selector":{"id":"application-manageresources-display-component---newResourceUnit--PLANNING_GROUP","interaction":{"idSuffix":"inner"}},"wdio_ui5_key":"applicationmanageresources-display-component---newResourceUnit--PLANNING_GROUP"}]}
RESULT: undefined
COMMAND: POST /session/80b25485da4cce0461fa749928cde446/execute/async - {"script":"<script> [776 bytes]","args":[{"enterText":"Material","selector":{"id":"application-manageresources-display-component---newResourceUnit--PLANNING_GROUP","interaction":{"idSuffix":"inner"}},"clearTextFirst":true,"interactionType":"ENTER_TEXT"}]}
RESULT: {}
RESULT: {"script":"<script> [776 bytes]","args":[{"enterText":"Material","selector":{"id":"application-manageresources-display-component---newResourceUnit--PLANNING_GROUP","interaction":{"idSuffix":"inner"}},"clearTextFirst":true,"interactionType":"ENTER_TEXT"}]}
COMMAND: POST /session/80b25485da4cce0461fa749928cde446/execute/async - {"script":"<script> [1562 bytes]","args":[{"selector":{"id":"application-manageresources-display-component---newResourceUnit--PLANNING_INDICATOR","interaction":{"idSuffix":"inner"}},"wdio_ui5_key":"applicationmanageresources-display-component---newResourceUnit--PLANNING_INDICATOR"}]}
RESULT: {"script":"<script> [1562 bytes]","args":[{"selector":{"id":"application-manageresources-display-component---newResourceUnit--PLANNING_INDICATOR","interaction":{"idSuffix":"inner"}},"wdio_ui5_key":"applicationmanageresources-display-component---newResourceUnit--PLANNING_INDICATOR"}]}
RESULT: undefined
COMMAND: POST /session/80b25485da4cce0461fa749928cde446/execute/async - {"script":"<script> [776 bytes]","args":[{"enterText":"10 - infinite","selector":{"id":"application-manageresources-display-component---newResourceUnit--PLANNING_INDICATOR","interaction":{"idSuffix":"inner"}},"clearTextFirst":true,"interactionType":"ENTER_TEXT"}]}
RESULT: {"script":"<script> [776 bytes]","args":[{"enterText":"10 - infinite","selector":{"id":"application-manageresources-display-component---newResourceUnit--PLANNING_INDICATOR","interaction":{"idSuffix":"inner"}},"clearTextFirst":true,"interactionType":"ENTER_TEXT"}]}
COMMAND: POST /session/80b25485da4cce0461fa749928cde446/element - {"using":"css selector","value":"#application-manageresources-display-component---newResourceUnit--btnAddTimeSegment"}
RESULT: {"using":"css selector","value":"#application-manageresources-display-component---newResourceUnit--btnAddTimeSegment"}
COMMAND: GET /session/80b25485da4cce0461fa749928cde446/element/f.499FA332C3249B1FB6786AFDCB682F30.d.22031618C72C9DCB83FDABEFC2355E2C.e.5155/rect - {}
RESULT: {}
COMMAND: GET /session/80b25485da4cce0461fa749928cde446/window/rect - {}
RESULT: {}
COMMAND: POST /session/80b25485da4cce0461fa749928cde446/execute/sync - {"script":"<script> [92 bytes]","args":[]}
RESULT: {"script":"<script> [92 bytes]","args":[]}
COMMAND: POST /session/80b25485da4cce0461fa749928cde446/actions - {"actions":[{"id":"action17","type":"wheel","parameters":{},"actions":[{"type":"scroll","x":-1888,"y":-32,"deltaX":0,"deltaY":0,"duration":0,"origin":{"element-6066-11e4-a52e-4f735466cecf":"f.499FA332C3249B1FB6786AFDCB682F30.d.22031618C72C9DCB83FDABEFC2355E2C.e.5155"}}]}]}
COMMAND: GET /session/80b25485da4cce0461fa749928cde446/screenshot - {}
RESULT: {}
COMMAND: POST /session/80b25485da4cce0461fa749928cde446/execute/sync - {"script":"<script> [79 bytes]","args":[{"element-6066-11e4-a52e-4f735466cecf":"f.499FA332C3249B1FB6786AFDCB682F30.d.22031618C72C9DCB83FDABEFC2355E2C.e.5155","ELEMENT":"f.499FA332C3249B1FB6786AFDCB682F30.d.22031618C72C9DCB83FDABEFC2355E2C.e.5155"},{"block":"start","inline":"nearest"}]}
RESULT: {"script":"<script> [79 bytes]","args":[{"element-6066-11e4-a52e-4f735466cecf":"f.499FA332C3249B1FB6786AFDCB682F30.d.22031618C72C9DCB83FDABEFC2355E2C.e.5155","ELEMENT":"f.499FA332C3249B1FB6786AFDCB682F30.d.22031618C72C9DCB83FDABEFC2355E2C.e.5155"},{"block":"start","inline":"nearest"}]}
COMMAND: POST /session/80b25485da4cce0461fa749928cde446/execute/async - {"script":"<script> [1562 bytes]","args":[{"selector":{"id":"application-manageresources-display-component---newResourceUnit--btnAddTimeSegment","interaction":{"idSuffix":"inner"}},"wdio_ui5_key":"applicationmanageresources-display-component---newResourceUnit--btnAddTimeSegment"}]}
COMMAND: GET /session/80b25485da4cce0461fa749928cde446/screenshot - {}
RESULT: {"script":"<script> [1562 bytes]","args":[{"selector":{"id":"application-manageresources-display-component---newResourceUnit--btnAddTimeSegment","interaction":{"idSuffix":"inner"}},"wdio_ui5_key":"applicationmanageresources-display-component---newResourceUnit--btnAddTimeSegment"}]}
RESULT: undefined
COMMAND: POST /session/80b25485da4cce0461fa749928cde446/element - {"using":"xpath","value":"//*[@id=\"application-manageresources-display-component---newResourceUnit--btnAddTimeSegment\"]"}
RESULT: {}
RESULT: {"using":"xpath","value":"//*[@id=\"application-manageresources-display-component---newResourceUnit--btnAddTimeSegment\"]"}
COMMAND: POST /session/80b25485da4cce0461fa749928cde446/element/f.499FA332C3249B1FB6786AFDCB682F30.d.22031618C72C9DCB83FDABEFC2355E2C.e.5155/click - {}
RESULT: {}
COMMAND: GET /session/80b25485da4cce0461fa749928cde446/screenshot - {}
RESULT: {}
COMMAND: POST /session/80b25485da4cce0461fa749928cde446/element - {"using":"xpath","value":"//input[@id=\"application-manageresources-display-component---newResourceUnit--idRuTSAdmin-application-manageresources-display-component---newResourceUnit--RUTimeSegment-0-inner\"]"}
RESULT: {"using":"xpath","value":"//input[@id=\"application-manageresources-display-component---newResourceUnit--idRuTSAdmin-application-manageresources-display-component---newResourceUnit--RUTimeSegment-0-inner\"]"}
COMMAND: POST /session/80b25485da4cce0461fa749928cde446/element/f.499FA332C3249B1FB6786AFDCB682F30.d.22031618C72C9DCB83FDABEFC2355E2C.e.5160/clear - {}
RESULT: {}
COMMAND: POST /session/80b25485da4cce0461fa749928cde446/element/f.499FA332C3249B1FB6786AFDCB682F30.d.22031618C72C9DCB83FDABEFC2355E2C.e.5160/value - {"text":"548"}
COMMAND: GET /session/80b25485da4cce0461fa749928cde446/screenshot - {}
RESULT: {"text":"548"}
COMMAND: GET /session/80b25485da4cce0461fa749928cde446/screenshot - {}
RESULT: {}
RESULT: {}
COMMAND: POST /session/80b25485da4cce0461fa749928cde446/element - {"using":"xpath","value":"//li[.//span[text()='548']]"}
RESULT: {"using":"xpath","value":"//li[.//span[text()='548']]"}
COMMAND: POST /session/80b25485da4cce0461fa749928cde446/element/f.499FA332C3249B1FB6786AFDCB682F30.d.22031618C72C9DCB83FDABEFC2355E2C.e.5169/click - {}
RESULT: {}
COMMAND: GET /session/80b25485da4cce0461fa749928cde446/screenshot - {}
RESULT: {}
COMMAND: POST /session/80b25485da4cce0461fa749928cde446/element - {"using":"xpath","value":"(//span[contains(@id, \"-application-manageresources-display-component---newResourceUnit--RUTimeSegment-0-arrow\")])[2]"}
RESULT: {"using":"xpath","value":"(//span[contains(@id, \"-application-manageresources-display-component---newResourceUnit--RUTimeSegment-0-arrow\")])[2]"}
COMMAND: POST /session/80b25485da4cce0461fa749928cde446/element/f.499FA332C3249B1FB6786AFDCB682F30.d.22031618C72C9DCB83FDABEFC2355E2C.e.5170/click - {}
RESULT: {}
COMMAND: POST /session/80b25485da4cce0461fa749928cde446/element - {"using":"xpath","value":"//span[contains(text(), \"PM Order\")]"}
COMMAND: GET /session/80b25485da4cce0461fa749928cde446/screenshot - {}
RESULT: {"using":"xpath","value":"//span[contains(text(), \"PM Order\")]"}
COMMAND: POST /session/80b25485da4cce0461fa749928cde446/element/f.499FA332C3249B1FB6786AFDCB682F30.d.22031618C72C9DCB83FDABEFC2355E2C.e.5171/click - {}
RESULT: {}
RESULT: {}
COMMAND: GET /session/80b25485da4cce0461fa749928cde446/screenshot - {}
RESULT: {}
COMMAND: POST /session/80b25485da4cce0461fa749928cde446/element - {"using":"xpath","value":"//td/div/div/div/span[contains(@id, \"newResourceUnit--RUTimeSegment-0-vhi\")][1]"}
RESULT: {"using":"xpath","value":"//td/div/div/div/span[contains(@id, \"newResourceUnit--RUTimeSegment-0-vhi\")][1]"}
COMMAND: GET /session/80b25485da4cce0461fa749928cde446/element/f.499FA332C3249B1FB6786AFDCB682F30.d.22031618C72C9DCB83FDABEFC2355E2C.e.5175/rect - {}
RESULT: {}
COMMAND: GET /session/80b25485da4cce0461fa749928cde446/window/rect - {}
RESULT: {}
COMMAND: POST /session/80b25485da4cce0461fa749928cde446/execute/sync - {"script":"<script> [92 bytes]","args":[]}
RESULT: {"script":"<script> [92 bytes]","args":[]}
COMMAND: POST /session/80b25485da4cce0461fa749928cde446/actions - {"actions":[{"id":"action18","type":"wheel","parameters":{},"actions":[{"type":"scroll","x":-1888,"y":-24,"deltaX":0,"deltaY":0,"duration":0,"origin":{"element-6066-11e4-a52e-4f735466cecf":"f.499FA332C3249B1FB6786AFDCB682F30.d.22031618C72C9DCB83FDABEFC2355E2C.e.5175"}}]}]}
COMMAND: GET /session/80b25485da4cce0461fa749928cde446/screenshot - {}
RESULT: {}
COMMAND: POST /session/80b25485da4cce0461fa749928cde446/execute/sync - {"script":"<script> [79 bytes]","args":[{"element-6066-11e4-a52e-4f735466cecf":"f.499FA332C3249B1FB6786AFDCB682F30.d.22031618C72C9DCB83FDABEFC2355E2C.e.5175","ELEMENT":"f.499FA332C3249B1FB6786AFDCB682F30.d.22031618C72C9DCB83FDABEFC2355E2C.e.5175"},{"block":"start","inline":"nearest"}]}
RESULT: {"script":"<script> [79 bytes]","args":[{"element-6066-11e4-a52e-4f735466cecf":"f.499FA332C3249B1FB6786AFDCB682F30.d.22031618C72C9DCB83FDABEFC2355E2C.e.5175","ELEMENT":"f.499FA332C3249B1FB6786AFDCB682F30.d.22031618C72C9DCB83FDABEFC2355E2C.e.5175"},{"block":"start","inline":"nearest"}]}
COMMAND: GET /session/80b25485da4cce0461fa749928cde446/screenshot - {}
RESULT: {}
COMMAND: POST /session/80b25485da4cce0461fa749928cde446/element/f.499FA332C3249B1FB6786AFDCB682F30.d.22031618C72C9DCB83FDABEFC2355E2C.e.5175/click - {}
RESULT: {}
COMMAND: GET /session/80b25485da4cce0461fa749928cde446/screenshot - {}
RESULT: {}
COMMAND: POST /session/80b25485da4cce0461fa749928cde446/execute/async - {"script":"<script> [1562 bytes]","args":[{"selector":{"controlType":"sap.m.SearchField","properties":{"placeholder":"Search"},"searchOpenDialogs":true,"interaction":{"idSuffix":"I"}},"wdio_ui5_key":"sapm.SearchField{\"placeholder\":\"Search\"}"}]}
RESULT: {"script":"<script> [1562 bytes]","args":[{"selector":{"controlType":"sap.m.SearchField","properties":{"placeholder":"Search"},"searchOpenDialogs":true,"interaction":{"idSuffix":"I"}},"wdio_ui5_key":"sapm.SearchField{\"placeholder\":\"Search\"}"}]}
RESULT: undefined
COMMAND: POST /session/80b25485da4cce0461fa749928cde446/execute/async - {"script":"<script> [776 bytes]","args":[{"enterText":"4000360","selector":{"controlType":"sap.m.SearchField","properties":{"placeholder":"Search"},"searchOpenDialogs":true,"interaction":{"idSuffix":"I"}},"clearTextFirst":true,"interactionType":"ENTER_TEXT"}]}
RESULT: {"script":"<script> [776 bytes]","args":[{"enterText":"4000360","selector":{"controlType":"sap.m.SearchField","properties":{"placeholder":"Search"},"searchOpenDialogs":true,"interaction":{"idSuffix":"I"}},"clearTextFirst":true,"interactionType":"ENTER_TEXT"}]}
COMMAND: POST /session/80b25485da4cce0461fa749928cde446/actions - {"actions":[{"id":"action19","type":"key","parameters":{},"actions":[{"type":"keyDown","value":""},{"type":"pause","duration":10},{"type":"keyUp","value":""}]}]}
RESULT: {"actions":[{"id":"action19","type":"key","parameters":{},"actions":[{"type":"keyDown","value":""},{"type":"pause","duration":10},{"type":"keyUp","value":""}]}]}
COMMAND: GET /session/80b25485da4cce0461fa749928cde446/screenshot - {}
RESULT: {}
COMMAND: POST /session/80b25485da4cce0461fa749928cde446/element - {"using":"xpath","value":"//td/div/span[contains(text(), \"BGL Vehicles\")]"}
RESULT: {"using":"xpath","value":"//td/div/span[contains(text(), \"BGL Vehicles\")]"}
COMMAND: POST /session/80b25485da4cce0461fa749928cde446/element/f.499FA332C3249B1FB6786AFDCB682F30.d.22031618C72C9DCB83FDABEFC2355E2C.e.5197/click - {}
RESULT: {}
COMMAND: GET /session/80b25485da4cce0461fa749928cde446/screenshot - {}
RESULT: {}
COMMAND: POST /session/80b25485da4cce0461fa749928cde446/element - {"using":"xpath","value":"//bdi[contains(text(), \"OK\")]"}
RESULT: {"using":"xpath","value":"//bdi[contains(text(), \"OK\")]"}
COMMAND: POST /session/80b25485da4cce0461fa749928cde446/element/f.499FA332C3249B1FB6786AFDCB682F30.d.22031618C72C9DCB83FDABEFC2355E2C.e.5198/click - {}
RESULT: {}
COMMAND: GET /session/80b25485da4cce0461fa749928cde446/screenshot - {}
RESULT: {}
COMMAND: POST /session/80b25485da4cce0461fa749928cde446/element - {"using":"xpath","value":"//label[contains(@class, 'sapMLabelRequired') and .//bdi[contains(text(), 'Planned Retirement')]]"}
RESULT: {"using":"xpath","value":"//label[contains(@class, 'sapMLabelRequired') and .//bdi[contains(text(), 'Planned Retirement')]]"}
COMMAND: POST /session/80b25485da4cce0461fa749928cde446/elements - {"using":"xpath","value":"//label[contains(@class, 'sapMLabelRequired') and .//bdi[contains(text(), 'Planned Retirement')]]"}
RESULT: {"using":"xpath","value":"//label[contains(@class, 'sapMLabelRequired') and .//bdi[contains(text(), 'Planned Retirement')]]"}
COMMAND: POST /session/80b25485da4cce0461fa749928cde446/element - {"using":"xpath","value":"//button[@data-kt=\"resourceUnitSaveButton\"]"}
RESULT: {"using":"xpath","value":"//button[@data-kt=\"resourceUnitSaveButton\"]"}
COMMAND: POST /session/80b25485da4cce0461fa749928cde446/element/f.499FA332C3249B1FB6786AFDCB682F30.d.22031618C72C9DCB83FDABEFC2355E2C.e.5033/click - {}
RESULT: {}
COMMAND: GET /session/80b25485da4cce0461fa749928cde446/screenshot - {}
RESULT: {}
COMMAND: POST /session/80b25485da4cce0461fa749928cde446/element - {"using":"xpath","value":"//bdi[contains(text(), \"Close\")]"}
RESULT: {"using":"xpath","value":"//bdi[contains(text(), \"Close\")]"}
COMMAND: POST /session/80b25485da4cce0461fa749928cde446/element/f.499FA332C3249B1FB6786AFDCB682F30.d.22031618C72C9DCB83FDABEFC2355E2C.e.5205/click - {}
RESULT: {}
COMMAND: GET /session/80b25485da4cce0461fa749928cde446/screenshot - {}
RESULT: {}
COMMAND: POST /session/80b25485da4cce0461fa749928cde446/element - {"using":"xpath","value":"//header[contains(@id, 'detailRruPage-headerTitle')]/div[1]/div[2]/div[2]/span[1]"}
RESULT: {"using":"xpath","value":"//header[contains(@id, 'detailRruPage-headerTitle')]/div[1]/div[2]/div[2]/span[1]"}
COMMAND: POST /session/80b25485da4cce0461fa749928cde446/elements - {"using":"xpath","value":"//header[contains(@id, 'detailRruPage-headerTitle')]/div[1]/div[2]/div[2]/span[1]"}
RESULT: {"using":"xpath","value":"//header[contains(@id, 'detailRruPage-headerTitle')]/div[1]/div[2]/div[2]/span[1]"}
COMMAND: POST /session/80b25485da4cce0461fa749928cde446/execute/sync - {"script":"<script> [56 bytes]","args":[{"element-6066-11e4-a52e-4f735466cecf":"f.499FA332C3249B1FB6786AFDCB682F30.d.22031618C72C9DCB83FDABEFC2355E2C.e.5231","ELEMENT":"f.499FA332C3249B1FB6786AFDCB682F30.d.22031618C72C9DCB83FDABEFC2355E2C.e.5231"}]}
RESULT: {"script":"<script> [56 bytes]","args":[{"element-6066-11e4-a52e-4f735466cecf":"f.499FA332C3249B1FB6786AFDCB682F30.d.22031618C72C9DCB83FDABEFC2355E2C.e.5231","ELEMENT":"f.499FA332C3249B1FB6786AFDCB682F30.d.22031618C72C9DCB83FDABEFC2355E2C.e.5231"}]}
COMMAND: POST /session/80b25485da4cce0461fa749928cde446/element - {"using":"css selector","value":"#shell-header-logo"}
COMMAND: GET /session/80b25485da4cce0461fa749928cde446/screenshot - {}
RESULT: {"using":"css selector","value":"#shell-header-logo"}
COMMAND: POST /session/80b25485da4cce0461fa749928cde446/element/f.499FA332C3249B1FB6786AFDCB682F30.d.22031618C72C9DCB83FDABEFC2355E2C.e.4522/click - {}
RESULT: {}
RESULT: {}
COMMAND: GET /session/80b25485da4cce0461fa749928cde446/screenshot - {}
RESULT: {}
]]></system-out>
    </testcase>
    <testcase classname="chrome.136_0_7103_93.windows.Provide_to_Site_w/_warehouse_management_w/_clarification_US115878" name="Bin Status Report Should Create New Organization yard" time="0.005"/>
    <testcase classname="chrome.136_0_7103_93.windows.Provide_to_Site_w/_warehouse_management_w/_clarification_US115878" name="Bin Status Report Should Create New Organization for Site" time="0.004"/>
  </testsuite>
  <testsuite timestamp="2025-06-01T16:30:29" time="439.62" tests="6" failures="6" errors="6" skipped="0">
    <properties>
      <property name="specId" value="0"/>
      <property name="suiteName" value="Provide to Site w/ warehouse management w clarification"/>
      <property name="capabilities" value="chrome.136_0_7103_93.windows"/>
      <property name="file" value="file:///D:/a/1/s/test/specs/HTR/provide-to-site-w-warehouse-w-clarification.spec.js"/>
    </properties>
    <testcase classname="chrome.136_0_7103_93.windows.Provide_to_Site_w/_warehouse_management_w_clarification" name="Should do a stock increase handover" time="91.556">
      <failure/>
      <error message="Can't call click on element with selector &quot;//li[.//span[contains(text(),'548 -')]]&quot; because element wasn't found"/>
      <system-out><![CDATA[
COMMAND: POST /session/80b25485da4cce0461fa749928cde446/execute/async - {"script":"<script> [1562 bytes]","args":[{"selector":{"controlType":"sap.m.GenericTile","properties":{"header":"Manage Handovers"}},"wdio_ui5_key":"sapm.GenericTile{\"header\":\"Manage Handovers\"}"}]}
RESULT: {"script":"<script> [1562 bytes]","args":[{"selector":{"controlType":"sap.m.GenericTile","properties":{"header":"Manage Handovers"}},"wdio_ui5_key":"sapm.GenericTile{\"header\":\"Manage Handovers\"}"}]}
RESULT: undefined
COMMAND: POST /session/80b25485da4cce0461fa749928cde446/element - {"using":"xpath","value":"//*[@id=\"__tile132\"]"}
RESULT: {"using":"xpath","value":"//*[@id=\"__tile132\"]"}
COMMAND: POST /session/80b25485da4cce0461fa749928cde446/element/f.499FA332C3249B1FB6786AFDCB682F30.d.22031618C72C9DCB83FDABEFC2355E2C.e.4560/click - {}
RESULT: {}
COMMAND: GET /session/80b25485da4cce0461fa749928cde446/screenshot - {}
COMMAND: POST /session/80b25485da4cce0461fa749928cde446/elements - {"using":"xpath","value":"//span[text()='Error']"}
RESULT: {}
RESULT: {"using":"xpath","value":"//span[text()='Error']"}
COMMAND: POST /session/80b25485da4cce0461fa749928cde446/element - {"using":"xpath","value":"//button[@data-kt=\"masterHOAddButton\"]"}
RESULT: {"using":"xpath","value":"//button[@data-kt=\"masterHOAddButton\"]"}
COMMAND: POST /session/80b25485da4cce0461fa749928cde446/elements - {"using":"xpath","value":"//button[@data-kt=\"masterHOAddButton\"]"}
RESULT: {"using":"xpath","value":"//button[@data-kt=\"masterHOAddButton\"]"}
COMMAND: POST /session/80b25485da4cce0461fa749928cde446/execute/sync - {"script":"<script> [8489 bytes]","args":[{"element-6066-11e4-a52e-4f735466cecf":"f.499FA332C3249B1FB6786AFDCB682F30.d.22031618C72C9DCB83FDABEFC2355E2C.e.5271","ELEMENT":"f.499FA332C3249B1FB6786AFDCB682F30.d.22031618C72C9DCB83FDABEFC2355E2C.e.5271"}]}
RESULT: {"script":"<script> [8489 bytes]","args":[{"element-6066-11e4-a52e-4f735466cecf":"f.499FA332C3249B1FB6786AFDCB682F30.d.22031618C72C9DCB83FDABEFC2355E2C.e.5271","ELEMENT":"f.499FA332C3249B1FB6786AFDCB682F30.d.22031618C72C9DCB83FDABEFC2355E2C.e.5271"}]}
COMMAND: GET /session/80b25485da4cce0461fa749928cde446/element/f.499FA332C3249B1FB6786AFDCB682F30.d.22031618C72C9DCB83FDABEFC2355E2C.e.5271/enabled - {}
COMMAND: GET /session/80b25485da4cce0461fa749928cde446/screenshot - {}
RESULT: {}
COMMAND: POST /session/80b25485da4cce0461fa749928cde446/execute/sync - {"script":"<script> [8489 bytes]","args":[{"element-6066-11e4-a52e-4f735466cecf":"f.499FA332C3249B1FB6786AFDCB682F30.d.22031618C72C9DCB83FDABEFC2355E2C.e.5271","ELEMENT":"f.499FA332C3249B1FB6786AFDCB682F30.d.22031618C72C9DCB83FDABEFC2355E2C.e.5271"}]}
COMMAND: GET /session/80b25485da4cce0461fa749928cde446/screenshot - {}
RESULT: {}
RESULT: {"script":"<script> [8489 bytes]","args":[{"element-6066-11e4-a52e-4f735466cecf":"f.499FA332C3249B1FB6786AFDCB682F30.d.22031618C72C9DCB83FDABEFC2355E2C.e.5271","ELEMENT":"f.499FA332C3249B1FB6786AFDCB682F30.d.22031618C72C9DCB83FDABEFC2355E2C.e.5271"}]}
COMMAND: POST /session/80b25485da4cce0461fa749928cde446/execute/sync - {"script":"<script> [5351 bytes]","args":[{"element-6066-11e4-a52e-4f735466cecf":"f.499FA332C3249B1FB6786AFDCB682F30.d.22031618C72C9DCB83FDABEFC2355E2C.e.5271","ELEMENT":"f.499FA332C3249B1FB6786AFDCB682F30.d.22031618C72C9DCB83FDABEFC2355E2C.e.5271"}]}
COMMAND: GET /session/80b25485da4cce0461fa749928cde446/screenshot - {}
RESULT: {}
RESULT: {"script":"<script> [5351 bytes]","args":[{"element-6066-11e4-a52e-4f735466cecf":"f.499FA332C3249B1FB6786AFDCB682F30.d.22031618C72C9DCB83FDABEFC2355E2C.e.5271","ELEMENT":"f.499FA332C3249B1FB6786AFDCB682F30.d.22031618C72C9DCB83FDABEFC2355E2C.e.5271"}]}
COMMAND: POST /session/80b25485da4cce0461fa749928cde446/element/f.499FA332C3249B1FB6786AFDCB682F30.d.22031618C72C9DCB83FDABEFC2355E2C.e.5271/click - {}
COMMAND: GET /session/80b25485da4cce0461fa749928cde446/screenshot - {}
RESULT: {}
RESULT: {}
COMMAND: GET /session/80b25485da4cce0461fa749928cde446/screenshot - {}
RESULT: {}
COMMAND: POST /session/80b25485da4cce0461fa749928cde446/element - {"using":"xpath","value":"//span[contains(@id ,\"AddNewHO--typeSelect-arrow\")]"}
RESULT: {}
RESULT: {"using":"xpath","value":"//span[contains(@id ,\"AddNewHO--typeSelect-arrow\")]"}
COMMAND: POST /session/80b25485da4cce0461fa749928cde446/element/f.499FA332C3249B1FB6786AFDCB682F30.d.22031618C72C9DCB83FDABEFC2355E2C.e.5622/click - {}
RESULT: {}
COMMAND: GET /session/80b25485da4cce0461fa749928cde446/screenshot - {}
RESULT: {}
COMMAND: POST /session/80b25485da4cce0461fa749928cde446/element - {"using":"xpath","value":"(//li[contains(text(), \"stock increase yard\")])[1]"}
RESULT: {"using":"xpath","value":"(//li[contains(text(), \"stock increase yard\")])[1]"}
COMMAND: POST /session/80b25485da4cce0461fa749928cde446/element/f.499FA332C3249B1FB6786AFDCB682F30.d.22031618C72C9DCB83FDABEFC2355E2C.e.5623/click - {}
RESULT: {}
COMMAND: GET /session/80b25485da4cce0461fa749928cde446/screenshot - {}
RESULT: {}
COMMAND: POST /session/80b25485da4cce0461fa749928cde446/execute/async - {"script":"<script> [1562 bytes]","args":[{"selector":{"id":"application-managehandovers-display-component---AddNewHO--dueDate","interaction":{"idSuffix":"inner"}},"wdio_ui5_key":"applicationmanagehandovers-display-component---AddNewHO--dueDate"}]}
RESULT: {"script":"<script> [1562 bytes]","args":[{"selector":{"id":"application-managehandovers-display-component---AddNewHO--dueDate","interaction":{"idSuffix":"inner"}},"wdio_ui5_key":"applicationmanagehandovers-display-component---AddNewHO--dueDate"}]}
RESULT: undefined
COMMAND: POST /session/80b25485da4cce0461fa749928cde446/execute/async - {"script":"<script> [6424 bytes]","args":[{"element-6066-11e4-a52e-4f735466cecf":"f.499FA332C3249B1FB6786AFDCB682F30.d.22031618C72C9DCB83FDABEFC2355E2C.e.5625"},"setValue",["6/1/25"]]}
RESULT: {"script":"<script> [6424 bytes]","args":[{"element-6066-11e4-a52e-4f735466cecf":"f.499FA332C3249B1FB6786AFDCB682F30.d.22031618C72C9DCB83FDABEFC2355E2C.e.5625"},"setValue",["6/1/25"]]}
COMMAND: POST /session/80b25485da4cce0461fa749928cde446/element - {"using":"xpath","value":"//input[@id=\"generalSectionFrg--receiveYard-inner\"]"}
RESULT: {"using":"xpath","value":"//input[@id=\"generalSectionFrg--receiveYard-inner\"]"}
COMMAND: POST /session/80b25485da4cce0461fa749928cde446/element/f.499FA332C3249B1FB6786AFDCB682F30.d.22031618C72C9DCB83FDABEFC2355E2C.e.5631/clear - {}
RESULT: {}
COMMAND: POST /session/80b25485da4cce0461fa749928cde446/element/f.499FA332C3249B1FB6786AFDCB682F30.d.22031618C72C9DCB83FDABEFC2355E2C.e.5631/value - {"text":"548"}
COMMAND: GET /session/80b25485da4cce0461fa749928cde446/screenshot - {}
RESULT: {"text":"548"}
COMMAND: GET /session/80b25485da4cce0461fa749928cde446/screenshot - {}
RESULT: {}
RESULT: {}
COMMAND: POST /session/80b25485da4cce0461fa749928cde446/element - {"using":"xpath","value":"//li[.//span[contains(text(),'548 -')]]"}
RESULT: {"using":"xpath","value":"//li[.//span[contains(text(),'548 -')]]"}
COMMAND: POST /session/80b25485da4cce0461fa749928cde446/elements - {"using":"xpath","value":"//li[.//span[contains(text(),'548 -')]]"}
RESULT: {"using":"xpath","value":"//li[.//span[contains(text(),'548 -')]]"}
COMMAND: POST /session/80b25485da4cce0461fa749928cde446/elements - {"using":"xpath","value":"//li[.//span[contains(text(),'548 -')]]"}
RESULT: {"using":"xpath","value":"//li[.//span[contains(text(),'548 -')]]"}
COMMAND: POST /session/80b25485da4cce0461fa749928cde446/elements - {"using":"xpath","value":"//li[.//span[contains(text(),'548 -')]]"}
RESULT: {"using":"xpath","value":"//li[.//span[contains(text(),'548 -')]]"}
COMMAND: POST /session/80b25485da4cce0461fa749928cde446/elements - {"using":"xpath","value":"//li[.//span[contains(text(),'548 -')]]"}
RESULT: {"using":"xpath","value":"//li[.//span[contains(text(),'548 -')]]"}
COMMAND: POST /session/80b25485da4cce0461fa749928cde446/elements - {"using":"xpath","value":"//li[.//span[contains(text(),'548 -')]]"}
RESULT: {"using":"xpath","value":"//li[.//span[contains(text(),'548 -')]]"}
COMMAND: POST /session/80b25485da4cce0461fa749928cde446/elements - {"using":"xpath","value":"//li[.//span[contains(text(),'548 -')]]"}
RESULT: {"using":"xpath","value":"//li[.//span[contains(text(),'548 -')]]"}
COMMAND: POST /session/80b25485da4cce0461fa749928cde446/elements - {"using":"xpath","value":"//li[.//span[contains(text(),'548 -')]]"}
RESULT: {"using":"xpath","value":"//li[.//span[contains(text(),'548 -')]]"}
COMMAND: POST /session/80b25485da4cce0461fa749928cde446/elements - {"using":"xpath","value":"//li[.//span[contains(text(),'548 -')]]"}
RESULT: {"using":"xpath","value":"//li[.//span[contains(text(),'548 -')]]"}
COMMAND: POST /session/80b25485da4cce0461fa749928cde446/elements - {"using":"xpath","value":"//li[.//span[contains(text(),'548 -')]]"}
RESULT: {"using":"xpath","value":"//li[.//span[contains(text(),'548 -')]]"}
COMMAND: POST /session/80b25485da4cce0461fa749928cde446/elements - {"using":"xpath","value":"//li[.//span[contains(text(),'548 -')]]"}
RESULT: {"using":"xpath","value":"//li[.//span[contains(text(),'548 -')]]"}
COMMAND: POST /session/80b25485da4cce0461fa749928cde446/elements - {"using":"xpath","value":"//li[.//span[contains(text(),'548 -')]]"}
RESULT: {"using":"xpath","value":"//li[.//span[contains(text(),'548 -')]]"}
COMMAND: POST /session/80b25485da4cce0461fa749928cde446/elements - {"using":"xpath","value":"//li[.//span[contains(text(),'548 -')]]"}
RESULT: {"using":"xpath","value":"//li[.//span[contains(text(),'548 -')]]"}
COMMAND: POST /session/80b25485da4cce0461fa749928cde446/elements - {"using":"xpath","value":"//li[.//span[contains(text(),'548 -')]]"}
RESULT: {"using":"xpath","value":"//li[.//span[contains(text(),'548 -')]]"}
COMMAND: POST /session/80b25485da4cce0461fa749928cde446/elements - {"using":"xpath","value":"//li[.//span[contains(text(),'548 -')]]"}
RESULT: {"using":"xpath","value":"//li[.//span[contains(text(),'548 -')]]"}
COMMAND: POST /session/80b25485da4cce0461fa749928cde446/elements - {"using":"xpath","value":"//li[.//span[contains(text(),'548 -')]]"}
RESULT: {"using":"xpath","value":"//li[.//span[contains(text(),'548 -')]]"}
COMMAND: POST /session/80b25485da4cce0461fa749928cde446/elements - {"using":"xpath","value":"//li[.//span[contains(text(),'548 -')]]"}
RESULT: {"using":"xpath","value":"//li[.//span[contains(text(),'548 -')]]"}
COMMAND: POST /session/80b25485da4cce0461fa749928cde446/elements - {"using":"xpath","value":"//li[.//span[contains(text(),'548 -')]]"}
RESULT: {"using":"xpath","value":"//li[.//span[contains(text(),'548 -')]]"}
COMMAND: POST /session/80b25485da4cce0461fa749928cde446/elements - {"using":"xpath","value":"//li[.//span[contains(text(),'548 -')]]"}
RESULT: {"using":"xpath","value":"//li[.//span[contains(text(),'548 -')]]"}
COMMAND: POST /session/80b25485da4cce0461fa749928cde446/elements - {"using":"xpath","value":"//li[.//span[contains(text(),'548 -')]]"}
RESULT: {"using":"xpath","value":"//li[.//span[contains(text(),'548 -')]]"}
COMMAND: POST /session/80b25485da4cce0461fa749928cde446/elements - {"using":"xpath","value":"//li[.//span[contains(text(),'548 -')]]"}
RESULT: {"using":"xpath","value":"//li[.//span[contains(text(),'548 -')]]"}
COMMAND: POST /session/80b25485da4cce0461fa749928cde446/elements - {"using":"xpath","value":"//li[.//span[contains(text(),'548 -')]]"}
RESULT: {"using":"xpath","value":"//li[.//span[contains(text(),'548 -')]]"}
COMMAND: POST /session/80b25485da4cce0461fa749928cde446/elements - {"using":"xpath","value":"//li[.//span[contains(text(),'548 -')]]"}
RESULT: {"using":"xpath","value":"//li[.//span[contains(text(),'548 -')]]"}
COMMAND: POST /session/80b25485da4cce0461fa749928cde446/elements - {"using":"xpath","value":"//li[.//span[contains(text(),'548 -')]]"}
RESULT: {"using":"xpath","value":"//li[.//span[contains(text(),'548 -')]]"}
COMMAND: POST /session/80b25485da4cce0461fa749928cde446/elements - {"using":"xpath","value":"//li[.//span[contains(text(),'548 -')]]"}
RESULT: {"using":"xpath","value":"//li[.//span[contains(text(),'548 -')]]"}
COMMAND: POST /session/80b25485da4cce0461fa749928cde446/elements - {"using":"xpath","value":"//li[.//span[contains(text(),'548 -')]]"}
RESULT: {"using":"xpath","value":"//li[.//span[contains(text(),'548 -')]]"}
COMMAND: POST /session/80b25485da4cce0461fa749928cde446/elements - {"using":"xpath","value":"//li[.//span[contains(text(),'548 -')]]"}
RESULT: {"using":"xpath","value":"//li[.//span[contains(text(),'548 -')]]"}
COMMAND: POST /session/80b25485da4cce0461fa749928cde446/elements - {"using":"xpath","value":"//li[.//span[contains(text(),'548 -')]]"}
RESULT: {"using":"xpath","value":"//li[.//span[contains(text(),'548 -')]]"}
COMMAND: POST /session/80b25485da4cce0461fa749928cde446/elements - {"using":"xpath","value":"//li[.//span[contains(text(),'548 -')]]"}
RESULT: {"using":"xpath","value":"//li[.//span[contains(text(),'548 -')]]"}
COMMAND: POST /session/80b25485da4cce0461fa749928cde446/elements - {"using":"xpath","value":"//li[.//span[contains(text(),'548 -')]]"}
RESULT: {"using":"xpath","value":"//li[.//span[contains(text(),'548 -')]]"}
COMMAND: POST /session/80b25485da4cce0461fa749928cde446/elements - {"using":"xpath","value":"//li[.//span[contains(text(),'548 -')]]"}
RESULT: {"using":"xpath","value":"//li[.//span[contains(text(),'548 -')]]"}
COMMAND: POST /session/80b25485da4cce0461fa749928cde446/elements - {"using":"xpath","value":"//li[.//span[contains(text(),'548 -')]]"}
RESULT: {"using":"xpath","value":"//li[.//span[contains(text(),'548 -')]]"}
COMMAND: POST /session/80b25485da4cce0461fa749928cde446/elements - {"using":"xpath","value":"//li[.//span[contains(text(),'548 -')]]"}
RESULT: {"using":"xpath","value":"//li[.//span[contains(text(),'548 -')]]"}
COMMAND: POST /session/80b25485da4cce0461fa749928cde446/elements - {"using":"xpath","value":"//li[.//span[contains(text(),'548 -')]]"}
RESULT: {"using":"xpath","value":"//li[.//span[contains(text(),'548 -')]]"}
COMMAND: POST /session/80b25485da4cce0461fa749928cde446/elements - {"using":"xpath","value":"//li[.//span[contains(text(),'548 -')]]"}
RESULT: {"using":"xpath","value":"//li[.//span[contains(text(),'548 -')]]"}
COMMAND: POST /session/80b25485da4cce0461fa749928cde446/elements - {"using":"xpath","value":"//li[.//span[contains(text(),'548 -')]]"}
RESULT: {"using":"xpath","value":"//li[.//span[contains(text(),'548 -')]]"}
COMMAND: POST /session/80b25485da4cce0461fa749928cde446/elements - {"using":"xpath","value":"//li[.//span[contains(text(),'548 -')]]"}
RESULT: {"using":"xpath","value":"//li[.//span[contains(text(),'548 -')]]"}
COMMAND: POST /session/80b25485da4cce0461fa749928cde446/elements - {"using":"xpath","value":"//li[.//span[contains(text(),'548 -')]]"}
RESULT: {"using":"xpath","value":"//li[.//span[contains(text(),'548 -')]]"}
COMMAND: POST /session/80b25485da4cce0461fa749928cde446/elements - {"using":"xpath","value":"//li[.//span[contains(text(),'548 -')]]"}
RESULT: {"using":"xpath","value":"//li[.//span[contains(text(),'548 -')]]"}
COMMAND: POST /session/80b25485da4cce0461fa749928cde446/elements - {"using":"xpath","value":"//li[.//span[contains(text(),'548 -')]]"}
RESULT: {"using":"xpath","value":"//li[.//span[contains(text(),'548 -')]]"}
COMMAND: POST /session/80b25485da4cce0461fa749928cde446/elements - {"using":"xpath","value":"//li[.//span[contains(text(),'548 -')]]"}
RESULT: {"using":"xpath","value":"//li[.//span[contains(text(),'548 -')]]"}
COMMAND: POST /session/80b25485da4cce0461fa749928cde446/elements - {"using":"xpath","value":"//li[.//span[contains(text(),'548 -')]]"}
RESULT: {"using":"xpath","value":"//li[.//span[contains(text(),'548 -')]]"}
COMMAND: POST /session/80b25485da4cce0461fa749928cde446/elements - {"using":"xpath","value":"//li[.//span[contains(text(),'548 -')]]"}
RESULT: {"using":"xpath","value":"//li[.//span[contains(text(),'548 -')]]"}
COMMAND: POST /session/80b25485da4cce0461fa749928cde446/elements - {"using":"xpath","value":"//li[.//span[contains(text(),'548 -')]]"}
RESULT: {"using":"xpath","value":"//li[.//span[contains(text(),'548 -')]]"}
COMMAND: POST /session/80b25485da4cce0461fa749928cde446/elements - {"using":"xpath","value":"//li[.//span[contains(text(),'548 -')]]"}
RESULT: {"using":"xpath","value":"//li[.//span[contains(text(),'548 -')]]"}
COMMAND: POST /session/80b25485da4cce0461fa749928cde446/elements - {"using":"xpath","value":"//li[.//span[contains(text(),'548 -')]]"}
RESULT: {"using":"xpath","value":"//li[.//span[contains(text(),'548 -')]]"}
COMMAND: POST /session/80b25485da4cce0461fa749928cde446/elements - {"using":"xpath","value":"//li[.//span[contains(text(),'548 -')]]"}
RESULT: {"using":"xpath","value":"//li[.//span[contains(text(),'548 -')]]"}
COMMAND: POST /session/80b25485da4cce0461fa749928cde446/elements - {"using":"xpath","value":"//li[.//span[contains(text(),'548 -')]]"}
RESULT: {"using":"xpath","value":"//li[.//span[contains(text(),'548 -')]]"}
COMMAND: POST /session/80b25485da4cce0461fa749928cde446/elements - {"using":"xpath","value":"//li[.//span[contains(text(),'548 -')]]"}
RESULT: {"using":"xpath","value":"//li[.//span[contains(text(),'548 -')]]"}
COMMAND: POST /session/80b25485da4cce0461fa749928cde446/elements - {"using":"xpath","value":"//li[.//span[contains(text(),'548 -')]]"}
RESULT: {"using":"xpath","value":"//li[.//span[contains(text(),'548 -')]]"}
COMMAND: POST /session/80b25485da4cce0461fa749928cde446/elements - {"using":"xpath","value":"//li[.//span[contains(text(),'548 -')]]"}
RESULT: {"using":"xpath","value":"//li[.//span[contains(text(),'548 -')]]"}
COMMAND: POST /session/80b25485da4cce0461fa749928cde446/elements - {"using":"xpath","value":"//li[.//span[contains(text(),'548 -')]]"}
RESULT: {"using":"xpath","value":"//li[.//span[contains(text(),'548 -')]]"}
COMMAND: POST /session/80b25485da4cce0461fa749928cde446/elements - {"using":"xpath","value":"//li[.//span[contains(text(),'548 -')]]"}
RESULT: {"using":"xpath","value":"//li[.//span[contains(text(),'548 -')]]"}
COMMAND: POST /session/80b25485da4cce0461fa749928cde446/elements - {"using":"xpath","value":"//li[.//span[contains(text(),'548 -')]]"}
RESULT: {"using":"xpath","value":"//li[.//span[contains(text(),'548 -')]]"}
COMMAND: POST /session/80b25485da4cce0461fa749928cde446/elements - {"using":"xpath","value":"//li[.//span[contains(text(),'548 -')]]"}
RESULT: {"using":"xpath","value":"//li[.//span[contains(text(),'548 -')]]"}
COMMAND: POST /session/80b25485da4cce0461fa749928cde446/elements - {"using":"xpath","value":"//li[.//span[contains(text(),'548 -')]]"}
RESULT: {"using":"xpath","value":"//li[.//span[contains(text(),'548 -')]]"}
COMMAND: POST /session/80b25485da4cce0461fa749928cde446/elements - {"using":"xpath","value":"//li[.//span[contains(text(),'548 -')]]"}
RESULT: {"using":"xpath","value":"//li[.//span[contains(text(),'548 -')]]"}
COMMAND: POST /session/80b25485da4cce0461fa749928cde446/elements - {"using":"xpath","value":"//li[.//span[contains(text(),'548 -')]]"}
RESULT: {"using":"xpath","value":"//li[.//span[contains(text(),'548 -')]]"}
COMMAND: POST /session/80b25485da4cce0461fa749928cde446/elements - {"using":"xpath","value":"//li[.//span[contains(text(),'548 -')]]"}
RESULT: {"using":"xpath","value":"//li[.//span[contains(text(),'548 -')]]"}
COMMAND: POST /session/80b25485da4cce0461fa749928cde446/elements - {"using":"xpath","value":"//li[.//span[contains(text(),'548 -')]]"}
RESULT: {"using":"xpath","value":"//li[.//span[contains(text(),'548 -')]]"}
COMMAND: POST /session/80b25485da4cce0461fa749928cde446/elements - {"using":"xpath","value":"//li[.//span[contains(text(),'548 -')]]"}
RESULT: {"using":"xpath","value":"//li[.//span[contains(text(),'548 -')]]"}
COMMAND: POST /session/80b25485da4cce0461fa749928cde446/elements - {"using":"xpath","value":"//li[.//span[contains(text(),'548 -')]]"}
RESULT: {"using":"xpath","value":"//li[.//span[contains(text(),'548 -')]]"}
COMMAND: POST /session/80b25485da4cce0461fa749928cde446/elements - {"using":"xpath","value":"//li[.//span[contains(text(),'548 -')]]"}
RESULT: {"using":"xpath","value":"//li[.//span[contains(text(),'548 -')]]"}
COMMAND: POST /session/80b25485da4cce0461fa749928cde446/elements - {"using":"xpath","value":"//li[.//span[contains(text(),'548 -')]]"}
RESULT: {"using":"xpath","value":"//li[.//span[contains(text(),'548 -')]]"}
COMMAND: POST /session/80b25485da4cce0461fa749928cde446/elements - {"using":"xpath","value":"//li[.//span[contains(text(),'548 -')]]"}
RESULT: {"using":"xpath","value":"//li[.//span[contains(text(),'548 -')]]"}
COMMAND: POST /session/80b25485da4cce0461fa749928cde446/elements - {"using":"xpath","value":"//li[.//span[contains(text(),'548 -')]]"}
RESULT: {"using":"xpath","value":"//li[.//span[contains(text(),'548 -')]]"}
COMMAND: POST /session/80b25485da4cce0461fa749928cde446/elements - {"using":"xpath","value":"//li[.//span[contains(text(),'548 -')]]"}
RESULT: {"using":"xpath","value":"//li[.//span[contains(text(),'548 -')]]"}
COMMAND: POST /session/80b25485da4cce0461fa749928cde446/elements - {"using":"xpath","value":"//li[.//span[contains(text(),'548 -')]]"}
RESULT: {"using":"xpath","value":"//li[.//span[contains(text(),'548 -')]]"}
COMMAND: POST /session/80b25485da4cce0461fa749928cde446/elements - {"using":"xpath","value":"//li[.//span[contains(text(),'548 -')]]"}
RESULT: {"using":"xpath","value":"//li[.//span[contains(text(),'548 -')]]"}
COMMAND: POST /session/80b25485da4cce0461fa749928cde446/elements - {"using":"xpath","value":"//li[.//span[contains(text(),'548 -')]]"}
RESULT: {"using":"xpath","value":"//li[.//span[contains(text(),'548 -')]]"}
COMMAND: POST /session/80b25485da4cce0461fa749928cde446/elements - {"using":"xpath","value":"//li[.//span[contains(text(),'548 -')]]"}
RESULT: {"using":"xpath","value":"//li[.//span[contains(text(),'548 -')]]"}
COMMAND: POST /session/80b25485da4cce0461fa749928cde446/elements - {"using":"xpath","value":"//li[.//span[contains(text(),'548 -')]]"}
RESULT: {"using":"xpath","value":"//li[.//span[contains(text(),'548 -')]]"}
COMMAND: POST /session/80b25485da4cce0461fa749928cde446/elements - {"using":"xpath","value":"//li[.//span[contains(text(),'548 -')]]"}
RESULT: {"using":"xpath","value":"//li[.//span[contains(text(),'548 -')]]"}
COMMAND: POST /session/80b25485da4cce0461fa749928cde446/elements - {"using":"xpath","value":"//li[.//span[contains(text(),'548 -')]]"}
RESULT: {"using":"xpath","value":"//li[.//span[contains(text(),'548 -')]]"}
COMMAND: POST /session/80b25485da4cce0461fa749928cde446/elements - {"using":"xpath","value":"//li[.//span[contains(text(),'548 -')]]"}
RESULT: {"using":"xpath","value":"//li[.//span[contains(text(),'548 -')]]"}
COMMAND: POST /session/80b25485da4cce0461fa749928cde446/elements - {"using":"xpath","value":"//li[.//span[contains(text(),'548 -')]]"}
RESULT: {"using":"xpath","value":"//li[.//span[contains(text(),'548 -')]]"}
COMMAND: POST /session/80b25485da4cce0461fa749928cde446/elements - {"using":"xpath","value":"//li[.//span[contains(text(),'548 -')]]"}
RESULT: {"using":"xpath","value":"//li[.//span[contains(text(),'548 -')]]"}
COMMAND: POST /session/80b25485da4cce0461fa749928cde446/elements - {"using":"xpath","value":"//li[.//span[contains(text(),'548 -')]]"}
RESULT: {"using":"xpath","value":"//li[.//span[contains(text(),'548 -')]]"}
COMMAND: POST /session/80b25485da4cce0461fa749928cde446/elements - {"using":"xpath","value":"//li[.//span[contains(text(),'548 -')]]"}
RESULT: {"using":"xpath","value":"//li[.//span[contains(text(),'548 -')]]"}
COMMAND: POST /session/80b25485da4cce0461fa749928cde446/elements - {"using":"xpath","value":"//li[.//span[contains(text(),'548 -')]]"}
RESULT: {"using":"xpath","value":"//li[.//span[contains(text(),'548 -')]]"}
COMMAND: POST /session/80b25485da4cce0461fa749928cde446/elements - {"using":"xpath","value":"//li[.//span[contains(text(),'548 -')]]"}
RESULT: {"using":"xpath","value":"//li[.//span[contains(text(),'548 -')]]"}
COMMAND: POST /session/80b25485da4cce0461fa749928cde446/elements - {"using":"xpath","value":"//li[.//span[contains(text(),'548 -')]]"}
RESULT: {"using":"xpath","value":"//li[.//span[contains(text(),'548 -')]]"}
COMMAND: POST /session/80b25485da4cce0461fa749928cde446/elements - {"using":"xpath","value":"//li[.//span[contains(text(),'548 -')]]"}
RESULT: {"using":"xpath","value":"//li[.//span[contains(text(),'548 -')]]"}
COMMAND: POST /session/80b25485da4cce0461fa749928cde446/elements - {"using":"xpath","value":"//li[.//span[contains(text(),'548 -')]]"}
RESULT: {"using":"xpath","value":"//li[.//span[contains(text(),'548 -')]]"}
COMMAND: POST /session/80b25485da4cce0461fa749928cde446/elements - {"using":"xpath","value":"//li[.//span[contains(text(),'548 -')]]"}
RESULT: {"using":"xpath","value":"//li[.//span[contains(text(),'548 -')]]"}
COMMAND: POST /session/80b25485da4cce0461fa749928cde446/elements - {"using":"xpath","value":"//li[.//span[contains(text(),'548 -')]]"}
RESULT: {"using":"xpath","value":"//li[.//span[contains(text(),'548 -')]]"}
COMMAND: POST /session/80b25485da4cce0461fa749928cde446/elements - {"using":"xpath","value":"//li[.//span[contains(text(),'548 -')]]"}
RESULT: {"using":"xpath","value":"//li[.//span[contains(text(),'548 -')]]"}
COMMAND: POST /session/80b25485da4cce0461fa749928cde446/elements - {"using":"xpath","value":"//li[.//span[contains(text(),'548 -')]]"}
RESULT: {"using":"xpath","value":"//li[.//span[contains(text(),'548 -')]]"}
COMMAND: POST /session/80b25485da4cce0461fa749928cde446/elements - {"using":"xpath","value":"//li[.//span[contains(text(),'548 -')]]"}
RESULT: {"using":"xpath","value":"//li[.//span[contains(text(),'548 -')]]"}
COMMAND: POST /session/80b25485da4cce0461fa749928cde446/elements - {"using":"xpath","value":"//li[.//span[contains(text(),'548 -')]]"}
RESULT: {"using":"xpath","value":"//li[.//span[contains(text(),'548 -')]]"}
COMMAND: POST /session/80b25485da4cce0461fa749928cde446/elements - {"using":"xpath","value":"//li[.//span[contains(text(),'548 -')]]"}
RESULT: {"using":"xpath","value":"//li[.//span[contains(text(),'548 -')]]"}
COMMAND: POST /session/80b25485da4cce0461fa749928cde446/elements - {"using":"xpath","value":"//li[.//span[contains(text(),'548 -')]]"}
RESULT: {"using":"xpath","value":"//li[.//span[contains(text(),'548 -')]]"}
COMMAND: POST /session/80b25485da4cce0461fa749928cde446/elements - {"using":"xpath","value":"//li[.//span[contains(text(),'548 -')]]"}
RESULT: {"using":"xpath","value":"//li[.//span[contains(text(),'548 -')]]"}
COMMAND: POST /session/80b25485da4cce0461fa749928cde446/elements - {"using":"xpath","value":"//li[.//span[contains(text(),'548 -')]]"}
RESULT: {"using":"xpath","value":"//li[.//span[contains(text(),'548 -')]]"}
COMMAND: POST /session/80b25485da4cce0461fa749928cde446/elements - {"using":"xpath","value":"//li[.//span[contains(text(),'548 -')]]"}
RESULT: {"using":"xpath","value":"//li[.//span[contains(text(),'548 -')]]"}
COMMAND: POST /session/80b25485da4cce0461fa749928cde446/elements - {"using":"xpath","value":"//li[.//span[contains(text(),'548 -')]]"}
RESULT: {"using":"xpath","value":"//li[.//span[contains(text(),'548 -')]]"}
COMMAND: POST /session/80b25485da4cce0461fa749928cde446/elements - {"using":"xpath","value":"//li[.//span[contains(text(),'548 -')]]"}
RESULT: {"using":"xpath","value":"//li[.//span[contains(text(),'548 -')]]"}
COMMAND: POST /session/80b25485da4cce0461fa749928cde446/elements - {"using":"xpath","value":"//li[.//span[contains(text(),'548 -')]]"}
RESULT: {"using":"xpath","value":"//li[.//span[contains(text(),'548 -')]]"}
COMMAND: POST /session/80b25485da4cce0461fa749928cde446/elements - {"using":"xpath","value":"//li[.//span[contains(text(),'548 -')]]"}
RESULT: {"using":"xpath","value":"//li[.//span[contains(text(),'548 -')]]"}
COMMAND: POST /session/80b25485da4cce0461fa749928cde446/elements - {"using":"xpath","value":"//li[.//span[contains(text(),'548 -')]]"}
RESULT: {"using":"xpath","value":"//li[.//span[contains(text(),'548 -')]]"}
COMMAND: POST /session/80b25485da4cce0461fa749928cde446/elements - {"using":"xpath","value":"//li[.//span[contains(text(),'548 -')]]"}
RESULT: {"using":"xpath","value":"//li[.//span[contains(text(),'548 -')]]"}
COMMAND: POST /session/80b25485da4cce0461fa749928cde446/elements - {"using":"xpath","value":"//li[.//span[contains(text(),'548 -')]]"}
RESULT: {"using":"xpath","value":"//li[.//span[contains(text(),'548 -')]]"}
COMMAND: POST /session/80b25485da4cce0461fa749928cde446/elements - {"using":"xpath","value":"//li[.//span[contains(text(),'548 -')]]"}
RESULT: {"using":"xpath","value":"//li[.//span[contains(text(),'548 -')]]"}
COMMAND: POST /session/80b25485da4cce0461fa749928cde446/elements - {"using":"xpath","value":"//li[.//span[contains(text(),'548 -')]]"}
RESULT: {"using":"xpath","value":"//li[.//span[contains(text(),'548 -')]]"}
COMMAND: POST /session/80b25485da4cce0461fa749928cde446/elements - {"using":"xpath","value":"//li[.//span[contains(text(),'548 -')]]"}
RESULT: {"using":"xpath","value":"//li[.//span[contains(text(),'548 -')]]"}
COMMAND: POST /session/80b25485da4cce0461fa749928cde446/elements - {"using":"xpath","value":"//li[.//span[contains(text(),'548 -')]]"}
RESULT: {"using":"xpath","value":"//li[.//span[contains(text(),'548 -')]]"}
COMMAND: POST /session/80b25485da4cce0461fa749928cde446/elements - {"using":"xpath","value":"//li[.//span[contains(text(),'548 -')]]"}
RESULT: {"using":"xpath","value":"//li[.//span[contains(text(),'548 -')]]"}
COMMAND: POST /session/80b25485da4cce0461fa749928cde446/elements - {"using":"xpath","value":"//li[.//span[contains(text(),'548 -')]]"}
RESULT: {"using":"xpath","value":"//li[.//span[contains(text(),'548 -')]]"}
COMMAND: POST /session/80b25485da4cce0461fa749928cde446/elements - {"using":"xpath","value":"//li[.//span[contains(text(),'548 -')]]"}
RESULT: {"using":"xpath","value":"//li[.//span[contains(text(),'548 -')]]"}
COMMAND: POST /session/80b25485da4cce0461fa749928cde446/elements - {"using":"xpath","value":"//li[.//span[contains(text(),'548 -')]]"}
RESULT: {"using":"xpath","value":"//li[.//span[contains(text(),'548 -')]]"}
COMMAND: POST /session/80b25485da4cce0461fa749928cde446/elements - {"using":"xpath","value":"//li[.//span[contains(text(),'548 -')]]"}
RESULT: {"using":"xpath","value":"//li[.//span[contains(text(),'548 -')]]"}
COMMAND: POST /session/80b25485da4cce0461fa749928cde446/elements - {"using":"xpath","value":"//li[.//span[contains(text(),'548 -')]]"}
RESULT: {"using":"xpath","value":"//li[.//span[contains(text(),'548 -')]]"}
COMMAND: POST /session/80b25485da4cce0461fa749928cde446/elements - {"using":"xpath","value":"//li[.//span[contains(text(),'548 -')]]"}
RESULT: {"using":"xpath","value":"//li[.//span[contains(text(),'548 -')]]"}
COMMAND: POST /session/80b25485da4cce0461fa749928cde446/elements - {"using":"xpath","value":"//li[.//span[contains(text(),'548 -')]]"}
RESULT: {"using":"xpath","value":"//li[.//span[contains(text(),'548 -')]]"}
COMMAND: POST /session/80b25485da4cce0461fa749928cde446/elements - {"using":"xpath","value":"//li[.//span[contains(text(),'548 -')]]"}
RESULT: {"using":"xpath","value":"//li[.//span[contains(text(),'548 -')]]"}
COMMAND: POST /session/80b25485da4cce0461fa749928cde446/elements - {"using":"xpath","value":"//li[.//span[contains(text(),'548 -')]]"}
RESULT: {"using":"xpath","value":"//li[.//span[contains(text(),'548 -')]]"}
COMMAND: POST /session/80b25485da4cce0461fa749928cde446/elements - {"using":"xpath","value":"//li[.//span[contains(text(),'548 -')]]"}
RESULT: {"using":"xpath","value":"//li[.//span[contains(text(),'548 -')]]"}
COMMAND: POST /session/80b25485da4cce0461fa749928cde446/elements - {"using":"xpath","value":"//li[.//span[contains(text(),'548 -')]]"}
RESULT: {"using":"xpath","value":"//li[.//span[contains(text(),'548 -')]]"}
COMMAND: POST /session/80b25485da4cce0461fa749928cde446/elements - {"using":"xpath","value":"//li[.//span[contains(text(),'548 -')]]"}
RESULT: {"using":"xpath","value":"//li[.//span[contains(text(),'548 -')]]"}
COMMAND: POST /session/80b25485da4cce0461fa749928cde446/elements - {"using":"xpath","value":"//li[.//span[contains(text(),'548 -')]]"}
RESULT: {"using":"xpath","value":"//li[.//span[contains(text(),'548 -')]]"}
COMMAND: POST /session/80b25485da4cce0461fa749928cde446/elements - {"using":"xpath","value":"//li[.//span[contains(text(),'548 -')]]"}
RESULT: {"using":"xpath","value":"//li[.//span[contains(text(),'548 -')]]"}
COMMAND: GET /session/80b25485da4cce0461fa749928cde446/screenshot - {}
RESULT: {}
]]></system-out>
      <system-err><![CDATA[
Error: Can't call click on element with selector "//li[.//span[contains(text(),'548 -')]]" because element wasn't found
    at async UtilsPrerequisites.stockIncrease (D:\a\1\s\test\specs\BTS\prerequisites-and-utils-functions.js:1638:9)
    at async Context.<anonymous> (D:\a\1\s\test\specs\HTR\provide-to-site-w-warehouse-w-clarification.spec.js:70:9)
]]></system-err>
    </testcase>
    <testcase classname="chrome.136_0_7103_93.windows.Provide_to_Site_w/_warehouse_management_w_clarification" name="Should create a new contract" time="59.955">
      <failure/>
      <error message="element (&quot;//button[@data-kt=&quot;addButton&quot;]&quot;) still not existing after 45000ms"/>
      <system-out><![CDATA[
COMMAND: POST /session/80b25485da4cce0461fa749928cde446/execute/async - {"script":"<script> [1562 bytes]","args":[{"selector":{"controlType":"sap.m.GenericTile","properties":{"header":"Manage Contracts"}},"wdio_ui5_key":"sapm.GenericTile{\"header\":\"Manage Contracts\"}"}]}
COMMAND: GET /session/80b25485da4cce0461fa749928cde446/screenshot - {}
RESULT: {"script":"<script> [1562 bytes]","args":[{"selector":{"controlType":"sap.m.GenericTile","properties":{"header":"Manage Contracts"}},"wdio_ui5_key":"sapm.GenericTile{\"header\":\"Manage Contracts\"}"}]}
RESULT: undefined
RESULT: {}
COMMAND: POST /session/80b25485da4cce0461fa749928cde446/elements - {"using":"xpath","value":"//span[text()='Error']"}
RESULT: {"using":"xpath","value":"//span[text()='Error']"}
COMMAND: POST /session/80b25485da4cce0461fa749928cde446/element - {"using":"xpath","value":"//button[@data-kt=\"addButton\"]"}
RESULT: {"using":"xpath","value":"//button[@data-kt=\"addButton\"]"}
COMMAND: POST /session/80b25485da4cce0461fa749928cde446/elements - {"using":"xpath","value":"//button[@data-kt=\"addButton\"]"}
RESULT: {"using":"xpath","value":"//button[@data-kt=\"addButton\"]"}
COMMAND: POST /session/80b25485da4cce0461fa749928cde446/elements - {"using":"xpath","value":"//button[@data-kt=\"addButton\"]"}
RESULT: {"using":"xpath","value":"//button[@data-kt=\"addButton\"]"}
COMMAND: POST /session/80b25485da4cce0461fa749928cde446/elements - {"using":"xpath","value":"//button[@data-kt=\"addButton\"]"}
RESULT: {"using":"xpath","value":"//button[@data-kt=\"addButton\"]"}
COMMAND: POST /session/80b25485da4cce0461fa749928cde446/elements - {"using":"xpath","value":"//button[@data-kt=\"addButton\"]"}
RESULT: {"using":"xpath","value":"//button[@data-kt=\"addButton\"]"}
COMMAND: POST /session/80b25485da4cce0461fa749928cde446/elements - {"using":"xpath","value":"//button[@data-kt=\"addButton\"]"}
RESULT: {"using":"xpath","value":"//button[@data-kt=\"addButton\"]"}
COMMAND: POST /session/80b25485da4cce0461fa749928cde446/elements - {"using":"xpath","value":"//button[@data-kt=\"addButton\"]"}
RESULT: {"using":"xpath","value":"//button[@data-kt=\"addButton\"]"}
COMMAND: POST /session/80b25485da4cce0461fa749928cde446/elements - {"using":"xpath","value":"//button[@data-kt=\"addButton\"]"}
RESULT: {"using":"xpath","value":"//button[@data-kt=\"addButton\"]"}
COMMAND: POST /session/80b25485da4cce0461fa749928cde446/elements - {"using":"xpath","value":"//button[@data-kt=\"addButton\"]"}
RESULT: {"using":"xpath","value":"//button[@data-kt=\"addButton\"]"}
COMMAND: POST /session/80b25485da4cce0461fa749928cde446/elements - {"using":"xpath","value":"//button[@data-kt=\"addButton\"]"}
RESULT: {"using":"xpath","value":"//button[@data-kt=\"addButton\"]"}
COMMAND: POST /session/80b25485da4cce0461fa749928cde446/elements - {"using":"xpath","value":"//button[@data-kt=\"addButton\"]"}
RESULT: {"using":"xpath","value":"//button[@data-kt=\"addButton\"]"}
COMMAND: POST /session/80b25485da4cce0461fa749928cde446/elements - {"using":"xpath","value":"//button[@data-kt=\"addButton\"]"}
RESULT: {"using":"xpath","value":"//button[@data-kt=\"addButton\"]"}
COMMAND: POST /session/80b25485da4cce0461fa749928cde446/elements - {"using":"xpath","value":"//button[@data-kt=\"addButton\"]"}
RESULT: {"using":"xpath","value":"//button[@data-kt=\"addButton\"]"}
COMMAND: POST /session/80b25485da4cce0461fa749928cde446/elements - {"using":"xpath","value":"//button[@data-kt=\"addButton\"]"}
RESULT: {"using":"xpath","value":"//button[@data-kt=\"addButton\"]"}
COMMAND: POST /session/80b25485da4cce0461fa749928cde446/elements - {"using":"xpath","value":"//button[@data-kt=\"addButton\"]"}
RESULT: {"using":"xpath","value":"//button[@data-kt=\"addButton\"]"}
COMMAND: POST /session/80b25485da4cce0461fa749928cde446/elements - {"using":"xpath","value":"//button[@data-kt=\"addButton\"]"}
RESULT: {"using":"xpath","value":"//button[@data-kt=\"addButton\"]"}
COMMAND: POST /session/80b25485da4cce0461fa749928cde446/elements - {"using":"xpath","value":"//button[@data-kt=\"addButton\"]"}
RESULT: {"using":"xpath","value":"//button[@data-kt=\"addButton\"]"}
COMMAND: POST /session/80b25485da4cce0461fa749928cde446/elements - {"using":"xpath","value":"//button[@data-kt=\"addButton\"]"}
RESULT: {"using":"xpath","value":"//button[@data-kt=\"addButton\"]"}
COMMAND: POST /session/80b25485da4cce0461fa749928cde446/elements - {"using":"xpath","value":"//button[@data-kt=\"addButton\"]"}
RESULT: {"using":"xpath","value":"//button[@data-kt=\"addButton\"]"}
COMMAND: POST /session/80b25485da4cce0461fa749928cde446/elements - {"using":"xpath","value":"//button[@data-kt=\"addButton\"]"}
RESULT: {"using":"xpath","value":"//button[@data-kt=\"addButton\"]"}
COMMAND: POST /session/80b25485da4cce0461fa749928cde446/elements - {"using":"xpath","value":"//button[@data-kt=\"addButton\"]"}
RESULT: {"using":"xpath","value":"//button[@data-kt=\"addButton\"]"}
COMMAND: POST /session/80b25485da4cce0461fa749928cde446/elements - {"using":"xpath","value":"//button[@data-kt=\"addButton\"]"}
RESULT: {"using":"xpath","value":"//button[@data-kt=\"addButton\"]"}
COMMAND: POST /session/80b25485da4cce0461fa749928cde446/elements - {"using":"xpath","value":"//button[@data-kt=\"addButton\"]"}
RESULT: {"using":"xpath","value":"//button[@data-kt=\"addButton\"]"}
COMMAND: POST /session/80b25485da4cce0461fa749928cde446/elements - {"using":"xpath","value":"//button[@data-kt=\"addButton\"]"}
RESULT: {"using":"xpath","value":"//button[@data-kt=\"addButton\"]"}
COMMAND: POST /session/80b25485da4cce0461fa749928cde446/elements - {"using":"xpath","value":"//button[@data-kt=\"addButton\"]"}
RESULT: {"using":"xpath","value":"//button[@data-kt=\"addButton\"]"}
COMMAND: POST /session/80b25485da4cce0461fa749928cde446/elements - {"using":"xpath","value":"//button[@data-kt=\"addButton\"]"}
RESULT: {"using":"xpath","value":"//button[@data-kt=\"addButton\"]"}
COMMAND: POST /session/80b25485da4cce0461fa749928cde446/elements - {"using":"xpath","value":"//button[@data-kt=\"addButton\"]"}
RESULT: {"using":"xpath","value":"//button[@data-kt=\"addButton\"]"}
COMMAND: POST /session/80b25485da4cce0461fa749928cde446/elements - {"using":"xpath","value":"//button[@data-kt=\"addButton\"]"}
RESULT: {"using":"xpath","value":"//button[@data-kt=\"addButton\"]"}
COMMAND: POST /session/80b25485da4cce0461fa749928cde446/elements - {"using":"xpath","value":"//button[@data-kt=\"addButton\"]"}
RESULT: {"using":"xpath","value":"//button[@data-kt=\"addButton\"]"}
COMMAND: POST /session/80b25485da4cce0461fa749928cde446/elements - {"using":"xpath","value":"//button[@data-kt=\"addButton\"]"}
RESULT: {"using":"xpath","value":"//button[@data-kt=\"addButton\"]"}
COMMAND: POST /session/80b25485da4cce0461fa749928cde446/elements - {"using":"xpath","value":"//button[@data-kt=\"addButton\"]"}
RESULT: {"using":"xpath","value":"//button[@data-kt=\"addButton\"]"}
COMMAND: POST /session/80b25485da4cce0461fa749928cde446/elements - {"using":"xpath","value":"//button[@data-kt=\"addButton\"]"}
RESULT: {"using":"xpath","value":"//button[@data-kt=\"addButton\"]"}
COMMAND: POST /session/80b25485da4cce0461fa749928cde446/elements - {"using":"xpath","value":"//button[@data-kt=\"addButton\"]"}
RESULT: {"using":"xpath","value":"//button[@data-kt=\"addButton\"]"}
COMMAND: POST /session/80b25485da4cce0461fa749928cde446/elements - {"using":"xpath","value":"//button[@data-kt=\"addButton\"]"}
RESULT: {"using":"xpath","value":"//button[@data-kt=\"addButton\"]"}
COMMAND: POST /session/80b25485da4cce0461fa749928cde446/elements - {"using":"xpath","value":"//button[@data-kt=\"addButton\"]"}
RESULT: {"using":"xpath","value":"//button[@data-kt=\"addButton\"]"}
COMMAND: POST /session/80b25485da4cce0461fa749928cde446/elements - {"using":"xpath","value":"//button[@data-kt=\"addButton\"]"}
RESULT: {"using":"xpath","value":"//button[@data-kt=\"addButton\"]"}
COMMAND: POST /session/80b25485da4cce0461fa749928cde446/elements - {"using":"xpath","value":"//button[@data-kt=\"addButton\"]"}
RESULT: {"using":"xpath","value":"//button[@data-kt=\"addButton\"]"}
COMMAND: POST /session/80b25485da4cce0461fa749928cde446/elements - {"using":"xpath","value":"//button[@data-kt=\"addButton\"]"}
RESULT: {"using":"xpath","value":"//button[@data-kt=\"addButton\"]"}
COMMAND: POST /session/80b25485da4cce0461fa749928cde446/elements - {"using":"xpath","value":"//button[@data-kt=\"addButton\"]"}
RESULT: {"using":"xpath","value":"//button[@data-kt=\"addButton\"]"}
COMMAND: POST /session/80b25485da4cce0461fa749928cde446/elements - {"using":"xpath","value":"//button[@data-kt=\"addButton\"]"}
RESULT: {"using":"xpath","value":"//button[@data-kt=\"addButton\"]"}
COMMAND: POST /session/80b25485da4cce0461fa749928cde446/elements - {"using":"xpath","value":"//button[@data-kt=\"addButton\"]"}
RESULT: {"using":"xpath","value":"//button[@data-kt=\"addButton\"]"}
COMMAND: POST /session/80b25485da4cce0461fa749928cde446/elements - {"using":"xpath","value":"//button[@data-kt=\"addButton\"]"}
RESULT: {"using":"xpath","value":"//button[@data-kt=\"addButton\"]"}
COMMAND: POST /session/80b25485da4cce0461fa749928cde446/elements - {"using":"xpath","value":"//button[@data-kt=\"addButton\"]"}
RESULT: {"using":"xpath","value":"//button[@data-kt=\"addButton\"]"}
COMMAND: POST /session/80b25485da4cce0461fa749928cde446/elements - {"using":"xpath","value":"//button[@data-kt=\"addButton\"]"}
RESULT: {"using":"xpath","value":"//button[@data-kt=\"addButton\"]"}
COMMAND: POST /session/80b25485da4cce0461fa749928cde446/elements - {"using":"xpath","value":"//button[@data-kt=\"addButton\"]"}
RESULT: {"using":"xpath","value":"//button[@data-kt=\"addButton\"]"}
COMMAND: POST /session/80b25485da4cce0461fa749928cde446/elements - {"using":"xpath","value":"//button[@data-kt=\"addButton\"]"}
RESULT: {"using":"xpath","value":"//button[@data-kt=\"addButton\"]"}
COMMAND: POST /session/80b25485da4cce0461fa749928cde446/elements - {"using":"xpath","value":"//button[@data-kt=\"addButton\"]"}
RESULT: {"using":"xpath","value":"//button[@data-kt=\"addButton\"]"}
COMMAND: POST /session/80b25485da4cce0461fa749928cde446/elements - {"using":"xpath","value":"//button[@data-kt=\"addButton\"]"}
RESULT: {"using":"xpath","value":"//button[@data-kt=\"addButton\"]"}
COMMAND: POST /session/80b25485da4cce0461fa749928cde446/elements - {"using":"xpath","value":"//button[@data-kt=\"addButton\"]"}
RESULT: {"using":"xpath","value":"//button[@data-kt=\"addButton\"]"}
COMMAND: POST /session/80b25485da4cce0461fa749928cde446/elements - {"using":"xpath","value":"//button[@data-kt=\"addButton\"]"}
RESULT: {"using":"xpath","value":"//button[@data-kt=\"addButton\"]"}
COMMAND: POST /session/80b25485da4cce0461fa749928cde446/elements - {"using":"xpath","value":"//button[@data-kt=\"addButton\"]"}
RESULT: {"using":"xpath","value":"//button[@data-kt=\"addButton\"]"}
COMMAND: POST /session/80b25485da4cce0461fa749928cde446/elements - {"using":"xpath","value":"//button[@data-kt=\"addButton\"]"}
RESULT: {"using":"xpath","value":"//button[@data-kt=\"addButton\"]"}
COMMAND: POST /session/80b25485da4cce0461fa749928cde446/elements - {"using":"xpath","value":"//button[@data-kt=\"addButton\"]"}
RESULT: {"using":"xpath","value":"//button[@data-kt=\"addButton\"]"}
COMMAND: POST /session/80b25485da4cce0461fa749928cde446/elements - {"using":"xpath","value":"//button[@data-kt=\"addButton\"]"}
RESULT: {"using":"xpath","value":"//button[@data-kt=\"addButton\"]"}
COMMAND: POST /session/80b25485da4cce0461fa749928cde446/elements - {"using":"xpath","value":"//button[@data-kt=\"addButton\"]"}
RESULT: {"using":"xpath","value":"//button[@data-kt=\"addButton\"]"}
COMMAND: POST /session/80b25485da4cce0461fa749928cde446/elements - {"using":"xpath","value":"//button[@data-kt=\"addButton\"]"}
RESULT: {"using":"xpath","value":"//button[@data-kt=\"addButton\"]"}
COMMAND: POST /session/80b25485da4cce0461fa749928cde446/elements - {"using":"xpath","value":"//button[@data-kt=\"addButton\"]"}
RESULT: {"using":"xpath","value":"//button[@data-kt=\"addButton\"]"}
COMMAND: POST /session/80b25485da4cce0461fa749928cde446/elements - {"using":"xpath","value":"//button[@data-kt=\"addButton\"]"}
RESULT: {"using":"xpath","value":"//button[@data-kt=\"addButton\"]"}
COMMAND: POST /session/80b25485da4cce0461fa749928cde446/elements - {"using":"xpath","value":"//button[@data-kt=\"addButton\"]"}
RESULT: {"using":"xpath","value":"//button[@data-kt=\"addButton\"]"}
COMMAND: POST /session/80b25485da4cce0461fa749928cde446/elements - {"using":"xpath","value":"//button[@data-kt=\"addButton\"]"}
RESULT: {"using":"xpath","value":"//button[@data-kt=\"addButton\"]"}
COMMAND: POST /session/80b25485da4cce0461fa749928cde446/elements - {"using":"xpath","value":"//button[@data-kt=\"addButton\"]"}
RESULT: {"using":"xpath","value":"//button[@data-kt=\"addButton\"]"}
COMMAND: POST /session/80b25485da4cce0461fa749928cde446/elements - {"using":"xpath","value":"//button[@data-kt=\"addButton\"]"}
RESULT: {"using":"xpath","value":"//button[@data-kt=\"addButton\"]"}
COMMAND: POST /session/80b25485da4cce0461fa749928cde446/elements - {"using":"xpath","value":"//button[@data-kt=\"addButton\"]"}
RESULT: {"using":"xpath","value":"//button[@data-kt=\"addButton\"]"}
COMMAND: POST /session/80b25485da4cce0461fa749928cde446/elements - {"using":"xpath","value":"//button[@data-kt=\"addButton\"]"}
RESULT: {"using":"xpath","value":"//button[@data-kt=\"addButton\"]"}
COMMAND: POST /session/80b25485da4cce0461fa749928cde446/elements - {"using":"xpath","value":"//button[@data-kt=\"addButton\"]"}
RESULT: {"using":"xpath","value":"//button[@data-kt=\"addButton\"]"}
COMMAND: POST /session/80b25485da4cce0461fa749928cde446/elements - {"using":"xpath","value":"//button[@data-kt=\"addButton\"]"}
RESULT: {"using":"xpath","value":"//button[@data-kt=\"addButton\"]"}
COMMAND: POST /session/80b25485da4cce0461fa749928cde446/elements - {"using":"xpath","value":"//button[@data-kt=\"addButton\"]"}
RESULT: {"using":"xpath","value":"//button[@data-kt=\"addButton\"]"}
COMMAND: POST /session/80b25485da4cce0461fa749928cde446/elements - {"using":"xpath","value":"//button[@data-kt=\"addButton\"]"}
RESULT: {"using":"xpath","value":"//button[@data-kt=\"addButton\"]"}
COMMAND: POST /session/80b25485da4cce0461fa749928cde446/elements - {"using":"xpath","value":"//button[@data-kt=\"addButton\"]"}
RESULT: {"using":"xpath","value":"//button[@data-kt=\"addButton\"]"}
COMMAND: POST /session/80b25485da4cce0461fa749928cde446/elements - {"using":"xpath","value":"//button[@data-kt=\"addButton\"]"}
RESULT: {"using":"xpath","value":"//button[@data-kt=\"addButton\"]"}
COMMAND: POST /session/80b25485da4cce0461fa749928cde446/elements - {"using":"xpath","value":"//button[@data-kt=\"addButton\"]"}
RESULT: {"using":"xpath","value":"//button[@data-kt=\"addButton\"]"}
COMMAND: POST /session/80b25485da4cce0461fa749928cde446/elements - {"using":"xpath","value":"//button[@data-kt=\"addButton\"]"}
RESULT: {"using":"xpath","value":"//button[@data-kt=\"addButton\"]"}
COMMAND: POST /session/80b25485da4cce0461fa749928cde446/elements - {"using":"xpath","value":"//button[@data-kt=\"addButton\"]"}
RESULT: {"using":"xpath","value":"//button[@data-kt=\"addButton\"]"}
COMMAND: POST /session/80b25485da4cce0461fa749928cde446/elements - {"using":"xpath","value":"//button[@data-kt=\"addButton\"]"}
RESULT: {"using":"xpath","value":"//button[@data-kt=\"addButton\"]"}
COMMAND: POST /session/80b25485da4cce0461fa749928cde446/elements - {"using":"xpath","value":"//button[@data-kt=\"addButton\"]"}
RESULT: {"using":"xpath","value":"//button[@data-kt=\"addButton\"]"}
COMMAND: POST /session/80b25485da4cce0461fa749928cde446/elements - {"using":"xpath","value":"//button[@data-kt=\"addButton\"]"}
RESULT: {"using":"xpath","value":"//button[@data-kt=\"addButton\"]"}
COMMAND: POST /session/80b25485da4cce0461fa749928cde446/elements - {"using":"xpath","value":"//button[@data-kt=\"addButton\"]"}
RESULT: {"using":"xpath","value":"//button[@data-kt=\"addButton\"]"}
COMMAND: POST /session/80b25485da4cce0461fa749928cde446/elements - {"using":"xpath","value":"//button[@data-kt=\"addButton\"]"}
RESULT: {"using":"xpath","value":"//button[@data-kt=\"addButton\"]"}
COMMAND: POST /session/80b25485da4cce0461fa749928cde446/elements - {"using":"xpath","value":"//button[@data-kt=\"addButton\"]"}
RESULT: {"using":"xpath","value":"//button[@data-kt=\"addButton\"]"}
COMMAND: POST /session/80b25485da4cce0461fa749928cde446/elements - {"using":"xpath","value":"//button[@data-kt=\"addButton\"]"}
RESULT: {"using":"xpath","value":"//button[@data-kt=\"addButton\"]"}
COMMAND: POST /session/80b25485da4cce0461fa749928cde446/elements - {"using":"xpath","value":"//button[@data-kt=\"addButton\"]"}
RESULT: {"using":"xpath","value":"//button[@data-kt=\"addButton\"]"}
COMMAND: POST /session/80b25485da4cce0461fa749928cde446/elements - {"using":"xpath","value":"//button[@data-kt=\"addButton\"]"}
RESULT: {"using":"xpath","value":"//button[@data-kt=\"addButton\"]"}
COMMAND: POST /session/80b25485da4cce0461fa749928cde446/elements - {"using":"xpath","value":"//button[@data-kt=\"addButton\"]"}
RESULT: {"using":"xpath","value":"//button[@data-kt=\"addButton\"]"}
COMMAND: POST /session/80b25485da4cce0461fa749928cde446/elements - {"using":"xpath","value":"//button[@data-kt=\"addButton\"]"}
RESULT: {"using":"xpath","value":"//button[@data-kt=\"addButton\"]"}
COMMAND: POST /session/80b25485da4cce0461fa749928cde446/elements - {"using":"xpath","value":"//button[@data-kt=\"addButton\"]"}
RESULT: {"using":"xpath","value":"//button[@data-kt=\"addButton\"]"}
COMMAND: POST /session/80b25485da4cce0461fa749928cde446/elements - {"using":"xpath","value":"//button[@data-kt=\"addButton\"]"}
RESULT: {"using":"xpath","value":"//button[@data-kt=\"addButton\"]"}
COMMAND: POST /session/80b25485da4cce0461fa749928cde446/elements - {"using":"xpath","value":"//button[@data-kt=\"addButton\"]"}
RESULT: {"using":"xpath","value":"//button[@data-kt=\"addButton\"]"}
COMMAND: POST /session/80b25485da4cce0461fa749928cde446/elements - {"using":"xpath","value":"//button[@data-kt=\"addButton\"]"}
RESULT: {"using":"xpath","value":"//button[@data-kt=\"addButton\"]"}
COMMAND: POST /session/80b25485da4cce0461fa749928cde446/elements - {"using":"xpath","value":"//button[@data-kt=\"addButton\"]"}
RESULT: {"using":"xpath","value":"//button[@data-kt=\"addButton\"]"}
COMMAND: POST /session/80b25485da4cce0461fa749928cde446/elements - {"using":"xpath","value":"//button[@data-kt=\"addButton\"]"}
RESULT: {"using":"xpath","value":"//button[@data-kt=\"addButton\"]"}
COMMAND: POST /session/80b25485da4cce0461fa749928cde446/elements - {"using":"xpath","value":"//button[@data-kt=\"addButton\"]"}
RESULT: {"using":"xpath","value":"//button[@data-kt=\"addButton\"]"}
COMMAND: POST /session/80b25485da4cce0461fa749928cde446/elements - {"using":"xpath","value":"//button[@data-kt=\"addButton\"]"}
COMMAND: GET /session/80b25485da4cce0461fa749928cde446/screenshot - {}
RESULT: {"using":"xpath","value":"//button[@data-kt=\"addButton\"]"}
RESULT: {}
]]></system-out>
      <system-err><![CDATA[
Error: element ("//button[@data-kt="addButton"]") still not existing after 45000ms
    at async UtilsPrerequisites.contractCreation (D:\a\1\s\test\specs\BTS\prerequisites-and-utils-functions.js:1741:9)
    at async Context.<anonymous> (D:\a\1\s\test\specs\HTR\provide-to-site-w-warehouse-w-clarification.spec.js:74:49)
]]></system-err>
    </testcase>
    <testcase classname="chrome.136_0_7103_93.windows.Provide_to_Site_w/_warehouse_management_w_clarification" name="Should add equipment to the contract" time="60.54">
      <failure/>
      <error message="Can't call click on element with selector &quot;//button[@data-kt=&quot;contractDetailEditBtnButton&quot;]&quot; because element wasn't found"/>
      <system-out><![CDATA[
COMMAND: POST /session/80b25485da4cce0461fa749928cde446/element - {"using":"xpath","value":"//button[@data-kt=\"contractDetailEditBtnButton\"]"}
COMMAND: GET /session/80b25485da4cce0461fa749928cde446/screenshot - {}
RESULT: {"using":"xpath","value":"//button[@data-kt=\"contractDetailEditBtnButton\"]"}
COMMAND: POST /session/80b25485da4cce0461fa749928cde446/elements - {"using":"xpath","value":"//button[@data-kt=\"contractDetailEditBtnButton\"]"}
RESULT: {}
RESULT: {"using":"xpath","value":"//button[@data-kt=\"contractDetailEditBtnButton\"]"}
COMMAND: POST /session/80b25485da4cce0461fa749928cde446/elements - {"using":"xpath","value":"//button[@data-kt=\"contractDetailEditBtnButton\"]"}
RESULT: {"using":"xpath","value":"//button[@data-kt=\"contractDetailEditBtnButton\"]"}
COMMAND: POST /session/80b25485da4cce0461fa749928cde446/elements - {"using":"xpath","value":"//button[@data-kt=\"contractDetailEditBtnButton\"]"}
RESULT: {"using":"xpath","value":"//button[@data-kt=\"contractDetailEditBtnButton\"]"}
COMMAND: POST /session/80b25485da4cce0461fa749928cde446/elements - {"using":"xpath","value":"//button[@data-kt=\"contractDetailEditBtnButton\"]"}
RESULT: {"using":"xpath","value":"//button[@data-kt=\"contractDetailEditBtnButton\"]"}
COMMAND: POST /session/80b25485da4cce0461fa749928cde446/elements - {"using":"xpath","value":"//button[@data-kt=\"contractDetailEditBtnButton\"]"}
RESULT: {"using":"xpath","value":"//button[@data-kt=\"contractDetailEditBtnButton\"]"}
COMMAND: POST /session/80b25485da4cce0461fa749928cde446/elements - {"using":"xpath","value":"//button[@data-kt=\"contractDetailEditBtnButton\"]"}
RESULT: {"using":"xpath","value":"//button[@data-kt=\"contractDetailEditBtnButton\"]"}
COMMAND: POST /session/80b25485da4cce0461fa749928cde446/elements - {"using":"xpath","value":"//button[@data-kt=\"contractDetailEditBtnButton\"]"}
RESULT: {"using":"xpath","value":"//button[@data-kt=\"contractDetailEditBtnButton\"]"}
COMMAND: POST /session/80b25485da4cce0461fa749928cde446/elements - {"using":"xpath","value":"//button[@data-kt=\"contractDetailEditBtnButton\"]"}
RESULT: {"using":"xpath","value":"//button[@data-kt=\"contractDetailEditBtnButton\"]"}
COMMAND: POST /session/80b25485da4cce0461fa749928cde446/elements - {"using":"xpath","value":"//button[@data-kt=\"contractDetailEditBtnButton\"]"}
RESULT: {"using":"xpath","value":"//button[@data-kt=\"contractDetailEditBtnButton\"]"}
COMMAND: POST /session/80b25485da4cce0461fa749928cde446/elements - {"using":"xpath","value":"//button[@data-kt=\"contractDetailEditBtnButton\"]"}
RESULT: {"using":"xpath","value":"//button[@data-kt=\"contractDetailEditBtnButton\"]"}
COMMAND: POST /session/80b25485da4cce0461fa749928cde446/elements - {"using":"xpath","value":"//button[@data-kt=\"contractDetailEditBtnButton\"]"}
RESULT: {"using":"xpath","value":"//button[@data-kt=\"contractDetailEditBtnButton\"]"}
COMMAND: POST /session/80b25485da4cce0461fa749928cde446/elements - {"using":"xpath","value":"//button[@data-kt=\"contractDetailEditBtnButton\"]"}
RESULT: {"using":"xpath","value":"//button[@data-kt=\"contractDetailEditBtnButton\"]"}
COMMAND: POST /session/80b25485da4cce0461fa749928cde446/elements - {"using":"xpath","value":"//button[@data-kt=\"contractDetailEditBtnButton\"]"}
RESULT: {"using":"xpath","value":"//button[@data-kt=\"contractDetailEditBtnButton\"]"}
COMMAND: POST /session/80b25485da4cce0461fa749928cde446/elements - {"using":"xpath","value":"//button[@data-kt=\"contractDetailEditBtnButton\"]"}
RESULT: {"using":"xpath","value":"//button[@data-kt=\"contractDetailEditBtnButton\"]"}
COMMAND: POST /session/80b25485da4cce0461fa749928cde446/elements - {"using":"xpath","value":"//button[@data-kt=\"contractDetailEditBtnButton\"]"}
RESULT: {"using":"xpath","value":"//button[@data-kt=\"contractDetailEditBtnButton\"]"}
COMMAND: POST /session/80b25485da4cce0461fa749928cde446/elements - {"using":"xpath","value":"//button[@data-kt=\"contractDetailEditBtnButton\"]"}
RESULT: {"using":"xpath","value":"//button[@data-kt=\"contractDetailEditBtnButton\"]"}
COMMAND: POST /session/80b25485da4cce0461fa749928cde446/elements - {"using":"xpath","value":"//button[@data-kt=\"contractDetailEditBtnButton\"]"}
RESULT: {"using":"xpath","value":"//button[@data-kt=\"contractDetailEditBtnButton\"]"}
COMMAND: POST /session/80b25485da4cce0461fa749928cde446/elements - {"using":"xpath","value":"//button[@data-kt=\"contractDetailEditBtnButton\"]"}
RESULT: {"using":"xpath","value":"//button[@data-kt=\"contractDetailEditBtnButton\"]"}
COMMAND: POST /session/80b25485da4cce0461fa749928cde446/elements - {"using":"xpath","value":"//button[@data-kt=\"contractDetailEditBtnButton\"]"}
RESULT: {"using":"xpath","value":"//button[@data-kt=\"contractDetailEditBtnButton\"]"}
COMMAND: POST /session/80b25485da4cce0461fa749928cde446/elements - {"using":"xpath","value":"//button[@data-kt=\"contractDetailEditBtnButton\"]"}
RESULT: {"using":"xpath","value":"//button[@data-kt=\"contractDetailEditBtnButton\"]"}
COMMAND: POST /session/80b25485da4cce0461fa749928cde446/elements - {"using":"xpath","value":"//button[@data-kt=\"contractDetailEditBtnButton\"]"}
RESULT: {"using":"xpath","value":"//button[@data-kt=\"contractDetailEditBtnButton\"]"}
COMMAND: POST /session/80b25485da4cce0461fa749928cde446/elements - {"using":"xpath","value":"//button[@data-kt=\"contractDetailEditBtnButton\"]"}
RESULT: {"using":"xpath","value":"//button[@data-kt=\"contractDetailEditBtnButton\"]"}
COMMAND: POST /session/80b25485da4cce0461fa749928cde446/elements - {"using":"xpath","value":"//button[@data-kt=\"contractDetailEditBtnButton\"]"}
RESULT: {"using":"xpath","value":"//button[@data-kt=\"contractDetailEditBtnButton\"]"}
COMMAND: POST /session/80b25485da4cce0461fa749928cde446/elements - {"using":"xpath","value":"//button[@data-kt=\"contractDetailEditBtnButton\"]"}
RESULT: {"using":"xpath","value":"//button[@data-kt=\"contractDetailEditBtnButton\"]"}
COMMAND: POST /session/80b25485da4cce0461fa749928cde446/elements - {"using":"xpath","value":"//button[@data-kt=\"contractDetailEditBtnButton\"]"}
RESULT: {"using":"xpath","value":"//button[@data-kt=\"contractDetailEditBtnButton\"]"}
COMMAND: POST /session/80b25485da4cce0461fa749928cde446/elements - {"using":"xpath","value":"//button[@data-kt=\"contractDetailEditBtnButton\"]"}
RESULT: {"using":"xpath","value":"//button[@data-kt=\"contractDetailEditBtnButton\"]"}
COMMAND: POST /session/80b25485da4cce0461fa749928cde446/elements - {"using":"xpath","value":"//button[@data-kt=\"contractDetailEditBtnButton\"]"}
RESULT: {"using":"xpath","value":"//button[@data-kt=\"contractDetailEditBtnButton\"]"}
COMMAND: POST /session/80b25485da4cce0461fa749928cde446/elements - {"using":"xpath","value":"//button[@data-kt=\"contractDetailEditBtnButton\"]"}
RESULT: {"using":"xpath","value":"//button[@data-kt=\"contractDetailEditBtnButton\"]"}
COMMAND: POST /session/80b25485da4cce0461fa749928cde446/elements - {"using":"xpath","value":"//button[@data-kt=\"contractDetailEditBtnButton\"]"}
RESULT: {"using":"xpath","value":"//button[@data-kt=\"contractDetailEditBtnButton\"]"}
COMMAND: POST /session/80b25485da4cce0461fa749928cde446/elements - {"using":"xpath","value":"//button[@data-kt=\"contractDetailEditBtnButton\"]"}
RESULT: {"using":"xpath","value":"//button[@data-kt=\"contractDetailEditBtnButton\"]"}
COMMAND: POST /session/80b25485da4cce0461fa749928cde446/elements - {"using":"xpath","value":"//button[@data-kt=\"contractDetailEditBtnButton\"]"}
RESULT: {"using":"xpath","value":"//button[@data-kt=\"contractDetailEditBtnButton\"]"}
COMMAND: POST /session/80b25485da4cce0461fa749928cde446/elements - {"using":"xpath","value":"//button[@data-kt=\"contractDetailEditBtnButton\"]"}
RESULT: {"using":"xpath","value":"//button[@data-kt=\"contractDetailEditBtnButton\"]"}
COMMAND: POST /session/80b25485da4cce0461fa749928cde446/elements - {"using":"xpath","value":"//button[@data-kt=\"contractDetailEditBtnButton\"]"}
RESULT: {"using":"xpath","value":"//button[@data-kt=\"contractDetailEditBtnButton\"]"}
COMMAND: POST /session/80b25485da4cce0461fa749928cde446/elements - {"using":"xpath","value":"//button[@data-kt=\"contractDetailEditBtnButton\"]"}
RESULT: {"using":"xpath","value":"//button[@data-kt=\"contractDetailEditBtnButton\"]"}
COMMAND: POST /session/80b25485da4cce0461fa749928cde446/elements - {"using":"xpath","value":"//button[@data-kt=\"contractDetailEditBtnButton\"]"}
RESULT: {"using":"xpath","value":"//button[@data-kt=\"contractDetailEditBtnButton\"]"}
COMMAND: POST /session/80b25485da4cce0461fa749928cde446/elements - {"using":"xpath","value":"//button[@data-kt=\"contractDetailEditBtnButton\"]"}
RESULT: {"using":"xpath","value":"//button[@data-kt=\"contractDetailEditBtnButton\"]"}
COMMAND: POST /session/80b25485da4cce0461fa749928cde446/elements - {"using":"xpath","value":"//button[@data-kt=\"contractDetailEditBtnButton\"]"}
RESULT: {"using":"xpath","value":"//button[@data-kt=\"contractDetailEditBtnButton\"]"}
COMMAND: POST /session/80b25485da4cce0461fa749928cde446/elements - {"using":"xpath","value":"//button[@data-kt=\"contractDetailEditBtnButton\"]"}
RESULT: {"using":"xpath","value":"//button[@data-kt=\"contractDetailEditBtnButton\"]"}
COMMAND: POST /session/80b25485da4cce0461fa749928cde446/elements - {"using":"xpath","value":"//button[@data-kt=\"contractDetailEditBtnButton\"]"}
RESULT: {"using":"xpath","value":"//button[@data-kt=\"contractDetailEditBtnButton\"]"}
COMMAND: POST /session/80b25485da4cce0461fa749928cde446/elements - {"using":"xpath","value":"//button[@data-kt=\"contractDetailEditBtnButton\"]"}
RESULT: {"using":"xpath","value":"//button[@data-kt=\"contractDetailEditBtnButton\"]"}
COMMAND: POST /session/80b25485da4cce0461fa749928cde446/elements - {"using":"xpath","value":"//button[@data-kt=\"contractDetailEditBtnButton\"]"}
RESULT: {"using":"xpath","value":"//button[@data-kt=\"contractDetailEditBtnButton\"]"}
COMMAND: POST /session/80b25485da4cce0461fa749928cde446/elements - {"using":"xpath","value":"//button[@data-kt=\"contractDetailEditBtnButton\"]"}
RESULT: {"using":"xpath","value":"//button[@data-kt=\"contractDetailEditBtnButton\"]"}
COMMAND: POST /session/80b25485da4cce0461fa749928cde446/elements - {"using":"xpath","value":"//button[@data-kt=\"contractDetailEditBtnButton\"]"}
RESULT: {"using":"xpath","value":"//button[@data-kt=\"contractDetailEditBtnButton\"]"}
COMMAND: POST /session/80b25485da4cce0461fa749928cde446/elements - {"using":"xpath","value":"//button[@data-kt=\"contractDetailEditBtnButton\"]"}
RESULT: {"using":"xpath","value":"//button[@data-kt=\"contractDetailEditBtnButton\"]"}
COMMAND: POST /session/80b25485da4cce0461fa749928cde446/elements - {"using":"xpath","value":"//button[@data-kt=\"contractDetailEditBtnButton\"]"}
RESULT: {"using":"xpath","value":"//button[@data-kt=\"contractDetailEditBtnButton\"]"}
COMMAND: POST /session/80b25485da4cce0461fa749928cde446/elements - {"using":"xpath","value":"//button[@data-kt=\"contractDetailEditBtnButton\"]"}
RESULT: {"using":"xpath","value":"//button[@data-kt=\"contractDetailEditBtnButton\"]"}
COMMAND: POST /session/80b25485da4cce0461fa749928cde446/elements - {"using":"xpath","value":"//button[@data-kt=\"contractDetailEditBtnButton\"]"}
RESULT: {"using":"xpath","value":"//button[@data-kt=\"contractDetailEditBtnButton\"]"}
COMMAND: POST /session/80b25485da4cce0461fa749928cde446/elements - {"using":"xpath","value":"//button[@data-kt=\"contractDetailEditBtnButton\"]"}
RESULT: {"using":"xpath","value":"//button[@data-kt=\"contractDetailEditBtnButton\"]"}
COMMAND: POST /session/80b25485da4cce0461fa749928cde446/elements - {"using":"xpath","value":"//button[@data-kt=\"contractDetailEditBtnButton\"]"}
RESULT: {"using":"xpath","value":"//button[@data-kt=\"contractDetailEditBtnButton\"]"}
COMMAND: POST /session/80b25485da4cce0461fa749928cde446/elements - {"using":"xpath","value":"//button[@data-kt=\"contractDetailEditBtnButton\"]"}
RESULT: {"using":"xpath","value":"//button[@data-kt=\"contractDetailEditBtnButton\"]"}
COMMAND: POST /session/80b25485da4cce0461fa749928cde446/elements - {"using":"xpath","value":"//button[@data-kt=\"contractDetailEditBtnButton\"]"}
RESULT: {"using":"xpath","value":"//button[@data-kt=\"contractDetailEditBtnButton\"]"}
COMMAND: POST /session/80b25485da4cce0461fa749928cde446/elements - {"using":"xpath","value":"//button[@data-kt=\"contractDetailEditBtnButton\"]"}
RESULT: {"using":"xpath","value":"//button[@data-kt=\"contractDetailEditBtnButton\"]"}
COMMAND: POST /session/80b25485da4cce0461fa749928cde446/elements - {"using":"xpath","value":"//button[@data-kt=\"contractDetailEditBtnButton\"]"}
RESULT: {"using":"xpath","value":"//button[@data-kt=\"contractDetailEditBtnButton\"]"}
COMMAND: POST /session/80b25485da4cce0461fa749928cde446/elements - {"using":"xpath","value":"//button[@data-kt=\"contractDetailEditBtnButton\"]"}
RESULT: {"using":"xpath","value":"//button[@data-kt=\"contractDetailEditBtnButton\"]"}
COMMAND: POST /session/80b25485da4cce0461fa749928cde446/elements - {"using":"xpath","value":"//button[@data-kt=\"contractDetailEditBtnButton\"]"}
RESULT: {"using":"xpath","value":"//button[@data-kt=\"contractDetailEditBtnButton\"]"}
COMMAND: POST /session/80b25485da4cce0461fa749928cde446/elements - {"using":"xpath","value":"//button[@data-kt=\"contractDetailEditBtnButton\"]"}
RESULT: {"using":"xpath","value":"//button[@data-kt=\"contractDetailEditBtnButton\"]"}
COMMAND: POST /session/80b25485da4cce0461fa749928cde446/elements - {"using":"xpath","value":"//button[@data-kt=\"contractDetailEditBtnButton\"]"}
RESULT: {"using":"xpath","value":"//button[@data-kt=\"contractDetailEditBtnButton\"]"}
COMMAND: POST /session/80b25485da4cce0461fa749928cde446/elements - {"using":"xpath","value":"//button[@data-kt=\"contractDetailEditBtnButton\"]"}
RESULT: {"using":"xpath","value":"//button[@data-kt=\"contractDetailEditBtnButton\"]"}
COMMAND: POST /session/80b25485da4cce0461fa749928cde446/elements - {"using":"xpath","value":"//button[@data-kt=\"contractDetailEditBtnButton\"]"}
RESULT: {"using":"xpath","value":"//button[@data-kt=\"contractDetailEditBtnButton\"]"}
COMMAND: POST /session/80b25485da4cce0461fa749928cde446/elements - {"using":"xpath","value":"//button[@data-kt=\"contractDetailEditBtnButton\"]"}
RESULT: {"using":"xpath","value":"//button[@data-kt=\"contractDetailEditBtnButton\"]"}
COMMAND: POST /session/80b25485da4cce0461fa749928cde446/elements - {"using":"xpath","value":"//button[@data-kt=\"contractDetailEditBtnButton\"]"}
RESULT: {"using":"xpath","value":"//button[@data-kt=\"contractDetailEditBtnButton\"]"}
COMMAND: POST /session/80b25485da4cce0461fa749928cde446/elements - {"using":"xpath","value":"//button[@data-kt=\"contractDetailEditBtnButton\"]"}
RESULT: {"using":"xpath","value":"//button[@data-kt=\"contractDetailEditBtnButton\"]"}
COMMAND: POST /session/80b25485da4cce0461fa749928cde446/elements - {"using":"xpath","value":"//button[@data-kt=\"contractDetailEditBtnButton\"]"}
RESULT: {"using":"xpath","value":"//button[@data-kt=\"contractDetailEditBtnButton\"]"}
COMMAND: POST /session/80b25485da4cce0461fa749928cde446/elements - {"using":"xpath","value":"//button[@data-kt=\"contractDetailEditBtnButton\"]"}
RESULT: {"using":"xpath","value":"//button[@data-kt=\"contractDetailEditBtnButton\"]"}
COMMAND: POST /session/80b25485da4cce0461fa749928cde446/elements - {"using":"xpath","value":"//button[@data-kt=\"contractDetailEditBtnButton\"]"}
RESULT: {"using":"xpath","value":"//button[@data-kt=\"contractDetailEditBtnButton\"]"}
COMMAND: POST /session/80b25485da4cce0461fa749928cde446/elements - {"using":"xpath","value":"//button[@data-kt=\"contractDetailEditBtnButton\"]"}
RESULT: {"using":"xpath","value":"//button[@data-kt=\"contractDetailEditBtnButton\"]"}
COMMAND: POST /session/80b25485da4cce0461fa749928cde446/elements - {"using":"xpath","value":"//button[@data-kt=\"contractDetailEditBtnButton\"]"}
RESULT: {"using":"xpath","value":"//button[@data-kt=\"contractDetailEditBtnButton\"]"}
COMMAND: POST /session/80b25485da4cce0461fa749928cde446/elements - {"using":"xpath","value":"//button[@data-kt=\"contractDetailEditBtnButton\"]"}
RESULT: {"using":"xpath","value":"//button[@data-kt=\"contractDetailEditBtnButton\"]"}
COMMAND: POST /session/80b25485da4cce0461fa749928cde446/elements - {"using":"xpath","value":"//button[@data-kt=\"contractDetailEditBtnButton\"]"}
RESULT: {"using":"xpath","value":"//button[@data-kt=\"contractDetailEditBtnButton\"]"}
COMMAND: POST /session/80b25485da4cce0461fa749928cde446/elements - {"using":"xpath","value":"//button[@data-kt=\"contractDetailEditBtnButton\"]"}
RESULT: {"using":"xpath","value":"//button[@data-kt=\"contractDetailEditBtnButton\"]"}
COMMAND: POST /session/80b25485da4cce0461fa749928cde446/elements - {"using":"xpath","value":"//button[@data-kt=\"contractDetailEditBtnButton\"]"}
RESULT: {"using":"xpath","value":"//button[@data-kt=\"contractDetailEditBtnButton\"]"}
COMMAND: POST /session/80b25485da4cce0461fa749928cde446/elements - {"using":"xpath","value":"//button[@data-kt=\"contractDetailEditBtnButton\"]"}
RESULT: {"using":"xpath","value":"//button[@data-kt=\"contractDetailEditBtnButton\"]"}
COMMAND: POST /session/80b25485da4cce0461fa749928cde446/elements - {"using":"xpath","value":"//button[@data-kt=\"contractDetailEditBtnButton\"]"}
RESULT: {"using":"xpath","value":"//button[@data-kt=\"contractDetailEditBtnButton\"]"}
COMMAND: POST /session/80b25485da4cce0461fa749928cde446/elements - {"using":"xpath","value":"//button[@data-kt=\"contractDetailEditBtnButton\"]"}
RESULT: {"using":"xpath","value":"//button[@data-kt=\"contractDetailEditBtnButton\"]"}
COMMAND: POST /session/80b25485da4cce0461fa749928cde446/elements - {"using":"xpath","value":"//button[@data-kt=\"contractDetailEditBtnButton\"]"}
RESULT: {"using":"xpath","value":"//button[@data-kt=\"contractDetailEditBtnButton\"]"}
COMMAND: POST /session/80b25485da4cce0461fa749928cde446/elements - {"using":"xpath","value":"//button[@data-kt=\"contractDetailEditBtnButton\"]"}
RESULT: {"using":"xpath","value":"//button[@data-kt=\"contractDetailEditBtnButton\"]"}
COMMAND: POST /session/80b25485da4cce0461fa749928cde446/elements - {"using":"xpath","value":"//button[@data-kt=\"contractDetailEditBtnButton\"]"}
RESULT: {"using":"xpath","value":"//button[@data-kt=\"contractDetailEditBtnButton\"]"}
COMMAND: POST /session/80b25485da4cce0461fa749928cde446/elements - {"using":"xpath","value":"//button[@data-kt=\"contractDetailEditBtnButton\"]"}
RESULT: {"using":"xpath","value":"//button[@data-kt=\"contractDetailEditBtnButton\"]"}
COMMAND: POST /session/80b25485da4cce0461fa749928cde446/elements - {"using":"xpath","value":"//button[@data-kt=\"contractDetailEditBtnButton\"]"}
RESULT: {"using":"xpath","value":"//button[@data-kt=\"contractDetailEditBtnButton\"]"}
COMMAND: POST /session/80b25485da4cce0461fa749928cde446/elements - {"using":"xpath","value":"//button[@data-kt=\"contractDetailEditBtnButton\"]"}
RESULT: {"using":"xpath","value":"//button[@data-kt=\"contractDetailEditBtnButton\"]"}
COMMAND: POST /session/80b25485da4cce0461fa749928cde446/elements - {"using":"xpath","value":"//button[@data-kt=\"contractDetailEditBtnButton\"]"}
RESULT: {"using":"xpath","value":"//button[@data-kt=\"contractDetailEditBtnButton\"]"}
COMMAND: POST /session/80b25485da4cce0461fa749928cde446/elements - {"using":"xpath","value":"//button[@data-kt=\"contractDetailEditBtnButton\"]"}
RESULT: {"using":"xpath","value":"//button[@data-kt=\"contractDetailEditBtnButton\"]"}
COMMAND: POST /session/80b25485da4cce0461fa749928cde446/elements - {"using":"xpath","value":"//button[@data-kt=\"contractDetailEditBtnButton\"]"}
RESULT: {"using":"xpath","value":"//button[@data-kt=\"contractDetailEditBtnButton\"]"}
COMMAND: POST /session/80b25485da4cce0461fa749928cde446/elements - {"using":"xpath","value":"//button[@data-kt=\"contractDetailEditBtnButton\"]"}
RESULT: {"using":"xpath","value":"//button[@data-kt=\"contractDetailEditBtnButton\"]"}
COMMAND: POST /session/80b25485da4cce0461fa749928cde446/elements - {"using":"xpath","value":"//button[@data-kt=\"contractDetailEditBtnButton\"]"}
RESULT: {"using":"xpath","value":"//button[@data-kt=\"contractDetailEditBtnButton\"]"}
COMMAND: POST /session/80b25485da4cce0461fa749928cde446/elements - {"using":"xpath","value":"//button[@data-kt=\"contractDetailEditBtnButton\"]"}
RESULT: {"using":"xpath","value":"//button[@data-kt=\"contractDetailEditBtnButton\"]"}
COMMAND: POST /session/80b25485da4cce0461fa749928cde446/elements - {"using":"xpath","value":"//button[@data-kt=\"contractDetailEditBtnButton\"]"}
RESULT: {"using":"xpath","value":"//button[@data-kt=\"contractDetailEditBtnButton\"]"}
COMMAND: POST /session/80b25485da4cce0461fa749928cde446/elements - {"using":"xpath","value":"//button[@data-kt=\"contractDetailEditBtnButton\"]"}
RESULT: {"using":"xpath","value":"//button[@data-kt=\"contractDetailEditBtnButton\"]"}
COMMAND: POST /session/80b25485da4cce0461fa749928cde446/elements - {"using":"xpath","value":"//button[@data-kt=\"contractDetailEditBtnButton\"]"}
RESULT: {"using":"xpath","value":"//button[@data-kt=\"contractDetailEditBtnButton\"]"}
COMMAND: POST /session/80b25485da4cce0461fa749928cde446/elements - {"using":"xpath","value":"//button[@data-kt=\"contractDetailEditBtnButton\"]"}
RESULT: {"using":"xpath","value":"//button[@data-kt=\"contractDetailEditBtnButton\"]"}
COMMAND: POST /session/80b25485da4cce0461fa749928cde446/elements - {"using":"xpath","value":"//button[@data-kt=\"contractDetailEditBtnButton\"]"}
RESULT: {"using":"xpath","value":"//button[@data-kt=\"contractDetailEditBtnButton\"]"}
COMMAND: POST /session/80b25485da4cce0461fa749928cde446/elements - {"using":"xpath","value":"//button[@data-kt=\"contractDetailEditBtnButton\"]"}
RESULT: {"using":"xpath","value":"//button[@data-kt=\"contractDetailEditBtnButton\"]"}
COMMAND: POST /session/80b25485da4cce0461fa749928cde446/elements - {"using":"xpath","value":"//button[@data-kt=\"contractDetailEditBtnButton\"]"}
RESULT: {"using":"xpath","value":"//button[@data-kt=\"contractDetailEditBtnButton\"]"}
COMMAND: POST /session/80b25485da4cce0461fa749928cde446/elements - {"using":"xpath","value":"//button[@data-kt=\"contractDetailEditBtnButton\"]"}
RESULT: {"using":"xpath","value":"//button[@data-kt=\"contractDetailEditBtnButton\"]"}
COMMAND: POST /session/80b25485da4cce0461fa749928cde446/elements - {"using":"xpath","value":"//button[@data-kt=\"contractDetailEditBtnButton\"]"}
RESULT: {"using":"xpath","value":"//button[@data-kt=\"contractDetailEditBtnButton\"]"}
COMMAND: POST /session/80b25485da4cce0461fa749928cde446/elements - {"using":"xpath","value":"//button[@data-kt=\"contractDetailEditBtnButton\"]"}
RESULT: {"using":"xpath","value":"//button[@data-kt=\"contractDetailEditBtnButton\"]"}
COMMAND: POST /session/80b25485da4cce0461fa749928cde446/elements - {"using":"xpath","value":"//button[@data-kt=\"contractDetailEditBtnButton\"]"}
RESULT: {"using":"xpath","value":"//button[@data-kt=\"contractDetailEditBtnButton\"]"}
COMMAND: POST /session/80b25485da4cce0461fa749928cde446/elements - {"using":"xpath","value":"//button[@data-kt=\"contractDetailEditBtnButton\"]"}
RESULT: {"using":"xpath","value":"//button[@data-kt=\"contractDetailEditBtnButton\"]"}
COMMAND: POST /session/80b25485da4cce0461fa749928cde446/elements - {"using":"xpath","value":"//button[@data-kt=\"contractDetailEditBtnButton\"]"}
RESULT: {"using":"xpath","value":"//button[@data-kt=\"contractDetailEditBtnButton\"]"}
COMMAND: POST /session/80b25485da4cce0461fa749928cde446/elements - {"using":"xpath","value":"//button[@data-kt=\"contractDetailEditBtnButton\"]"}
RESULT: {"using":"xpath","value":"//button[@data-kt=\"contractDetailEditBtnButton\"]"}
COMMAND: POST /session/80b25485da4cce0461fa749928cde446/elements - {"using":"xpath","value":"//button[@data-kt=\"contractDetailEditBtnButton\"]"}
RESULT: {"using":"xpath","value":"//button[@data-kt=\"contractDetailEditBtnButton\"]"}
COMMAND: POST /session/80b25485da4cce0461fa749928cde446/elements - {"using":"xpath","value":"//button[@data-kt=\"contractDetailEditBtnButton\"]"}
RESULT: {"using":"xpath","value":"//button[@data-kt=\"contractDetailEditBtnButton\"]"}
COMMAND: POST /session/80b25485da4cce0461fa749928cde446/elements - {"using":"xpath","value":"//button[@data-kt=\"contractDetailEditBtnButton\"]"}
RESULT: {"using":"xpath","value":"//button[@data-kt=\"contractDetailEditBtnButton\"]"}
COMMAND: POST /session/80b25485da4cce0461fa749928cde446/elements - {"using":"xpath","value":"//button[@data-kt=\"contractDetailEditBtnButton\"]"}
RESULT: {"using":"xpath","value":"//button[@data-kt=\"contractDetailEditBtnButton\"]"}
COMMAND: POST /session/80b25485da4cce0461fa749928cde446/elements - {"using":"xpath","value":"//button[@data-kt=\"contractDetailEditBtnButton\"]"}
RESULT: {"using":"xpath","value":"//button[@data-kt=\"contractDetailEditBtnButton\"]"}
COMMAND: POST /session/80b25485da4cce0461fa749928cde446/elements - {"using":"xpath","value":"//button[@data-kt=\"contractDetailEditBtnButton\"]"}
RESULT: {"using":"xpath","value":"//button[@data-kt=\"contractDetailEditBtnButton\"]"}
COMMAND: POST /session/80b25485da4cce0461fa749928cde446/elements - {"using":"xpath","value":"//button[@data-kt=\"contractDetailEditBtnButton\"]"}
RESULT: {"using":"xpath","value":"//button[@data-kt=\"contractDetailEditBtnButton\"]"}
COMMAND: POST /session/80b25485da4cce0461fa749928cde446/elements - {"using":"xpath","value":"//button[@data-kt=\"contractDetailEditBtnButton\"]"}
RESULT: {"using":"xpath","value":"//button[@data-kt=\"contractDetailEditBtnButton\"]"}
COMMAND: POST /session/80b25485da4cce0461fa749928cde446/elements - {"using":"xpath","value":"//button[@data-kt=\"contractDetailEditBtnButton\"]"}
RESULT: {"using":"xpath","value":"//button[@data-kt=\"contractDetailEditBtnButton\"]"}
COMMAND: POST /session/80b25485da4cce0461fa749928cde446/elements - {"using":"xpath","value":"//button[@data-kt=\"contractDetailEditBtnButton\"]"}
RESULT: {"using":"xpath","value":"//button[@data-kt=\"contractDetailEditBtnButton\"]"}
COMMAND: POST /session/80b25485da4cce0461fa749928cde446/elements - {"using":"xpath","value":"//button[@data-kt=\"contractDetailEditBtnButton\"]"}
RESULT: {"using":"xpath","value":"//button[@data-kt=\"contractDetailEditBtnButton\"]"}
COMMAND: POST /session/80b25485da4cce0461fa749928cde446/elements - {"using":"xpath","value":"//button[@data-kt=\"contractDetailEditBtnButton\"]"}
RESULT: {"using":"xpath","value":"//button[@data-kt=\"contractDetailEditBtnButton\"]"}
COMMAND: POST /session/80b25485da4cce0461fa749928cde446/elements - {"using":"xpath","value":"//button[@data-kt=\"contractDetailEditBtnButton\"]"}
RESULT: {"using":"xpath","value":"//button[@data-kt=\"contractDetailEditBtnButton\"]"}
COMMAND: POST /session/80b25485da4cce0461fa749928cde446/elements - {"using":"xpath","value":"//button[@data-kt=\"contractDetailEditBtnButton\"]"}
RESULT: {"using":"xpath","value":"//button[@data-kt=\"contractDetailEditBtnButton\"]"}
COMMAND: POST /session/80b25485da4cce0461fa749928cde446/elements - {"using":"xpath","value":"//button[@data-kt=\"contractDetailEditBtnButton\"]"}
RESULT: {"using":"xpath","value":"//button[@data-kt=\"contractDetailEditBtnButton\"]"}
COMMAND: POST /session/80b25485da4cce0461fa749928cde446/elements - {"using":"xpath","value":"//button[@data-kt=\"contractDetailEditBtnButton\"]"}
RESULT: {"using":"xpath","value":"//button[@data-kt=\"contractDetailEditBtnButton\"]"}
COMMAND: POST /session/80b25485da4cce0461fa749928cde446/elements - {"using":"xpath","value":"//button[@data-kt=\"contractDetailEditBtnButton\"]"}
RESULT: {"using":"xpath","value":"//button[@data-kt=\"contractDetailEditBtnButton\"]"}
COMMAND: POST /session/80b25485da4cce0461fa749928cde446/elements - {"using":"xpath","value":"//button[@data-kt=\"contractDetailEditBtnButton\"]"}
RESULT: {"using":"xpath","value":"//button[@data-kt=\"contractDetailEditBtnButton\"]"}
COMMAND: POST /session/80b25485da4cce0461fa749928cde446/elements - {"using":"xpath","value":"//button[@data-kt=\"contractDetailEditBtnButton\"]"}
RESULT: {"using":"xpath","value":"//button[@data-kt=\"contractDetailEditBtnButton\"]"}
COMMAND: POST /session/80b25485da4cce0461fa749928cde446/elements - {"using":"xpath","value":"//button[@data-kt=\"contractDetailEditBtnButton\"]"}
RESULT: {"using":"xpath","value":"//button[@data-kt=\"contractDetailEditBtnButton\"]"}
COMMAND: POST /session/80b25485da4cce0461fa749928cde446/elements - {"using":"xpath","value":"//button[@data-kt=\"contractDetailEditBtnButton\"]"}
RESULT: {"using":"xpath","value":"//button[@data-kt=\"contractDetailEditBtnButton\"]"}
COMMAND: GET /session/80b25485da4cce0461fa749928cde446/screenshot - {}
RESULT: {}
]]></system-out>
      <system-err><![CDATA[
Error: Can't call click on element with selector "//button[@data-kt="contractDetailEditBtnButton"]" because element wasn't found
    at async UtilsPrerequisites.addItemToContract (D:\a\1\s\test\specs\BTS\prerequisites-and-utils-functions.js:1852:9)
    at async Context.<anonymous> (D:\a\1\s\test\specs\HTR\provide-to-site-w-warehouse-w-clarification.spec.js:78:9)
]]></system-err>
    </testcase>
    <testcase classname="chrome.136_0_7103_93.windows.Provide_to_Site_w/_warehouse_management_w_clarification" name="Should provide to site" time="60.416">
      <failure/>
      <error message="Can't call click on element with selector &quot;//button[@data-kt=&quot;provideButton&quot;]&quot; because element wasn't found"/>
      <system-out><![CDATA[
COMMAND: POST /session/80b25485da4cce0461fa749928cde446/element - {"using":"xpath","value":"//button[@data-kt=\"provideButton\"]"}
COMMAND: GET /session/80b25485da4cce0461fa749928cde446/screenshot - {}
RESULT: {"using":"xpath","value":"//button[@data-kt=\"provideButton\"]"}
COMMAND: POST /session/80b25485da4cce0461fa749928cde446/elements - {"using":"xpath","value":"//button[@data-kt=\"provideButton\"]"}
RESULT: {}
RESULT: {"using":"xpath","value":"//button[@data-kt=\"provideButton\"]"}
COMMAND: POST /session/80b25485da4cce0461fa749928cde446/elements - {"using":"xpath","value":"//button[@data-kt=\"provideButton\"]"}
RESULT: {"using":"xpath","value":"//button[@data-kt=\"provideButton\"]"}
COMMAND: POST /session/80b25485da4cce0461fa749928cde446/elements - {"using":"xpath","value":"//button[@data-kt=\"provideButton\"]"}
RESULT: {"using":"xpath","value":"//button[@data-kt=\"provideButton\"]"}
COMMAND: POST /session/80b25485da4cce0461fa749928cde446/elements - {"using":"xpath","value":"//button[@data-kt=\"provideButton\"]"}
RESULT: {"using":"xpath","value":"//button[@data-kt=\"provideButton\"]"}
COMMAND: POST /session/80b25485da4cce0461fa749928cde446/elements - {"using":"xpath","value":"//button[@data-kt=\"provideButton\"]"}
RESULT: {"using":"xpath","value":"//button[@data-kt=\"provideButton\"]"}
COMMAND: POST /session/80b25485da4cce0461fa749928cde446/elements - {"using":"xpath","value":"//button[@data-kt=\"provideButton\"]"}
RESULT: {"using":"xpath","value":"//button[@data-kt=\"provideButton\"]"}
COMMAND: POST /session/80b25485da4cce0461fa749928cde446/elements - {"using":"xpath","value":"//button[@data-kt=\"provideButton\"]"}
RESULT: {"using":"xpath","value":"//button[@data-kt=\"provideButton\"]"}
COMMAND: POST /session/80b25485da4cce0461fa749928cde446/elements - {"using":"xpath","value":"//button[@data-kt=\"provideButton\"]"}
RESULT: {"using":"xpath","value":"//button[@data-kt=\"provideButton\"]"}
COMMAND: POST /session/80b25485da4cce0461fa749928cde446/elements - {"using":"xpath","value":"//button[@data-kt=\"provideButton\"]"}
RESULT: {"using":"xpath","value":"//button[@data-kt=\"provideButton\"]"}
COMMAND: POST /session/80b25485da4cce0461fa749928cde446/elements - {"using":"xpath","value":"//button[@data-kt=\"provideButton\"]"}
RESULT: {"using":"xpath","value":"//button[@data-kt=\"provideButton\"]"}
COMMAND: POST /session/80b25485da4cce0461fa749928cde446/elements - {"using":"xpath","value":"//button[@data-kt=\"provideButton\"]"}
RESULT: {"using":"xpath","value":"//button[@data-kt=\"provideButton\"]"}
COMMAND: POST /session/80b25485da4cce0461fa749928cde446/elements - {"using":"xpath","value":"//button[@data-kt=\"provideButton\"]"}
RESULT: {"using":"xpath","value":"//button[@data-kt=\"provideButton\"]"}
COMMAND: POST /session/80b25485da4cce0461fa749928cde446/elements - {"using":"xpath","value":"//button[@data-kt=\"provideButton\"]"}
RESULT: {"using":"xpath","value":"//button[@data-kt=\"provideButton\"]"}
COMMAND: POST /session/80b25485da4cce0461fa749928cde446/elements - {"using":"xpath","value":"//button[@data-kt=\"provideButton\"]"}
RESULT: {"using":"xpath","value":"//button[@data-kt=\"provideButton\"]"}
COMMAND: POST /session/80b25485da4cce0461fa749928cde446/elements - {"using":"xpath","value":"//button[@data-kt=\"provideButton\"]"}
RESULT: {"using":"xpath","value":"//button[@data-kt=\"provideButton\"]"}
COMMAND: POST /session/80b25485da4cce0461fa749928cde446/elements - {"using":"xpath","value":"//button[@data-kt=\"provideButton\"]"}
RESULT: {"using":"xpath","value":"//button[@data-kt=\"provideButton\"]"}
COMMAND: POST /session/80b25485da4cce0461fa749928cde446/elements - {"using":"xpath","value":"//button[@data-kt=\"provideButton\"]"}
RESULT: {"using":"xpath","value":"//button[@data-kt=\"provideButton\"]"}
COMMAND: POST /session/80b25485da4cce0461fa749928cde446/elements - {"using":"xpath","value":"//button[@data-kt=\"provideButton\"]"}
RESULT: {"using":"xpath","value":"//button[@data-kt=\"provideButton\"]"}
COMMAND: POST /session/80b25485da4cce0461fa749928cde446/elements - {"using":"xpath","value":"//button[@data-kt=\"provideButton\"]"}
RESULT: {"using":"xpath","value":"//button[@data-kt=\"provideButton\"]"}
COMMAND: POST /session/80b25485da4cce0461fa749928cde446/elements - {"using":"xpath","value":"//button[@data-kt=\"provideButton\"]"}
RESULT: {"using":"xpath","value":"//button[@data-kt=\"provideButton\"]"}
COMMAND: POST /session/80b25485da4cce0461fa749928cde446/elements - {"using":"xpath","value":"//button[@data-kt=\"provideButton\"]"}
RESULT: {"using":"xpath","value":"//button[@data-kt=\"provideButton\"]"}
COMMAND: POST /session/80b25485da4cce0461fa749928cde446/elements - {"using":"xpath","value":"//button[@data-kt=\"provideButton\"]"}
RESULT: {"using":"xpath","value":"//button[@data-kt=\"provideButton\"]"}
COMMAND: POST /session/80b25485da4cce0461fa749928cde446/elements - {"using":"xpath","value":"//button[@data-kt=\"provideButton\"]"}
RESULT: {"using":"xpath","value":"//button[@data-kt=\"provideButton\"]"}
COMMAND: POST /session/80b25485da4cce0461fa749928cde446/elements - {"using":"xpath","value":"//button[@data-kt=\"provideButton\"]"}
RESULT: {"using":"xpath","value":"//button[@data-kt=\"provideButton\"]"}
COMMAND: POST /session/80b25485da4cce0461fa749928cde446/elements - {"using":"xpath","value":"//button[@data-kt=\"provideButton\"]"}
RESULT: {"using":"xpath","value":"//button[@data-kt=\"provideButton\"]"}
COMMAND: POST /session/80b25485da4cce0461fa749928cde446/elements - {"using":"xpath","value":"//button[@data-kt=\"provideButton\"]"}
RESULT: {"using":"xpath","value":"//button[@data-kt=\"provideButton\"]"}
COMMAND: POST /session/80b25485da4cce0461fa749928cde446/elements - {"using":"xpath","value":"//button[@data-kt=\"provideButton\"]"}
RESULT: {"using":"xpath","value":"//button[@data-kt=\"provideButton\"]"}
COMMAND: POST /session/80b25485da4cce0461fa749928cde446/elements - {"using":"xpath","value":"//button[@data-kt=\"provideButton\"]"}
RESULT: {"using":"xpath","value":"//button[@data-kt=\"provideButton\"]"}
COMMAND: POST /session/80b25485da4cce0461fa749928cde446/elements - {"using":"xpath","value":"//button[@data-kt=\"provideButton\"]"}
RESULT: {"using":"xpath","value":"//button[@data-kt=\"provideButton\"]"}
COMMAND: POST /session/80b25485da4cce0461fa749928cde446/elements - {"using":"xpath","value":"//button[@data-kt=\"provideButton\"]"}
RESULT: {"using":"xpath","value":"//button[@data-kt=\"provideButton\"]"}
COMMAND: POST /session/80b25485da4cce0461fa749928cde446/elements - {"using":"xpath","value":"//button[@data-kt=\"provideButton\"]"}
RESULT: {"using":"xpath","value":"//button[@data-kt=\"provideButton\"]"}
COMMAND: POST /session/80b25485da4cce0461fa749928cde446/elements - {"using":"xpath","value":"//button[@data-kt=\"provideButton\"]"}
RESULT: {"using":"xpath","value":"//button[@data-kt=\"provideButton\"]"}
COMMAND: POST /session/80b25485da4cce0461fa749928cde446/elements - {"using":"xpath","value":"//button[@data-kt=\"provideButton\"]"}
RESULT: {"using":"xpath","value":"//button[@data-kt=\"provideButton\"]"}
COMMAND: POST /session/80b25485da4cce0461fa749928cde446/elements - {"using":"xpath","value":"//button[@data-kt=\"provideButton\"]"}
RESULT: {"using":"xpath","value":"//button[@data-kt=\"provideButton\"]"}
COMMAND: POST /session/80b25485da4cce0461fa749928cde446/elements - {"using":"xpath","value":"//button[@data-kt=\"provideButton\"]"}
RESULT: {"using":"xpath","value":"//button[@data-kt=\"provideButton\"]"}
COMMAND: POST /session/80b25485da4cce0461fa749928cde446/elements - {"using":"xpath","value":"//button[@data-kt=\"provideButton\"]"}
RESULT: {"using":"xpath","value":"//button[@data-kt=\"provideButton\"]"}
COMMAND: POST /session/80b25485da4cce0461fa749928cde446/elements - {"using":"xpath","value":"//button[@data-kt=\"provideButton\"]"}
RESULT: {"using":"xpath","value":"//button[@data-kt=\"provideButton\"]"}
COMMAND: POST /session/80b25485da4cce0461fa749928cde446/elements - {"using":"xpath","value":"//button[@data-kt=\"provideButton\"]"}
RESULT: {"using":"xpath","value":"//button[@data-kt=\"provideButton\"]"}
COMMAND: POST /session/80b25485da4cce0461fa749928cde446/elements - {"using":"xpath","value":"//button[@data-kt=\"provideButton\"]"}
RESULT: {"using":"xpath","value":"//button[@data-kt=\"provideButton\"]"}
COMMAND: POST /session/80b25485da4cce0461fa749928cde446/elements - {"using":"xpath","value":"//button[@data-kt=\"provideButton\"]"}
RESULT: {"using":"xpath","value":"//button[@data-kt=\"provideButton\"]"}
COMMAND: POST /session/80b25485da4cce0461fa749928cde446/elements - {"using":"xpath","value":"//button[@data-kt=\"provideButton\"]"}
RESULT: {"using":"xpath","value":"//button[@data-kt=\"provideButton\"]"}
COMMAND: POST /session/80b25485da4cce0461fa749928cde446/elements - {"using":"xpath","value":"//button[@data-kt=\"provideButton\"]"}
RESULT: {"using":"xpath","value":"//button[@data-kt=\"provideButton\"]"}
COMMAND: POST /session/80b25485da4cce0461fa749928cde446/elements - {"using":"xpath","value":"//button[@data-kt=\"provideButton\"]"}
RESULT: {"using":"xpath","value":"//button[@data-kt=\"provideButton\"]"}
COMMAND: POST /session/80b25485da4cce0461fa749928cde446/elements - {"using":"xpath","value":"//button[@data-kt=\"provideButton\"]"}
RESULT: {"using":"xpath","value":"//button[@data-kt=\"provideButton\"]"}
COMMAND: POST /session/80b25485da4cce0461fa749928cde446/elements - {"using":"xpath","value":"//button[@data-kt=\"provideButton\"]"}
RESULT: {"using":"xpath","value":"//button[@data-kt=\"provideButton\"]"}
COMMAND: POST /session/80b25485da4cce0461fa749928cde446/elements - {"using":"xpath","value":"//button[@data-kt=\"provideButton\"]"}
RESULT: {"using":"xpath","value":"//button[@data-kt=\"provideButton\"]"}
COMMAND: POST /session/80b25485da4cce0461fa749928cde446/elements - {"using":"xpath","value":"//button[@data-kt=\"provideButton\"]"}
RESULT: {"using":"xpath","value":"//button[@data-kt=\"provideButton\"]"}
COMMAND: POST /session/80b25485da4cce0461fa749928cde446/elements - {"using":"xpath","value":"//button[@data-kt=\"provideButton\"]"}
RESULT: {"using":"xpath","value":"//button[@data-kt=\"provideButton\"]"}
COMMAND: POST /session/80b25485da4cce0461fa749928cde446/elements - {"using":"xpath","value":"//button[@data-kt=\"provideButton\"]"}
RESULT: {"using":"xpath","value":"//button[@data-kt=\"provideButton\"]"}
COMMAND: POST /session/80b25485da4cce0461fa749928cde446/elements - {"using":"xpath","value":"//button[@data-kt=\"provideButton\"]"}
RESULT: {"using":"xpath","value":"//button[@data-kt=\"provideButton\"]"}
COMMAND: POST /session/80b25485da4cce0461fa749928cde446/elements - {"using":"xpath","value":"//button[@data-kt=\"provideButton\"]"}
RESULT: {"using":"xpath","value":"//button[@data-kt=\"provideButton\"]"}
COMMAND: POST /session/80b25485da4cce0461fa749928cde446/elements - {"using":"xpath","value":"//button[@data-kt=\"provideButton\"]"}
RESULT: {"using":"xpath","value":"//button[@data-kt=\"provideButton\"]"}
COMMAND: POST /session/80b25485da4cce0461fa749928cde446/elements - {"using":"xpath","value":"//button[@data-kt=\"provideButton\"]"}
RESULT: {"using":"xpath","value":"//button[@data-kt=\"provideButton\"]"}
COMMAND: POST /session/80b25485da4cce0461fa749928cde446/elements - {"using":"xpath","value":"//button[@data-kt=\"provideButton\"]"}
RESULT: {"using":"xpath","value":"//button[@data-kt=\"provideButton\"]"}
COMMAND: POST /session/80b25485da4cce0461fa749928cde446/elements - {"using":"xpath","value":"//button[@data-kt=\"provideButton\"]"}
RESULT: {"using":"xpath","value":"//button[@data-kt=\"provideButton\"]"}
COMMAND: POST /session/80b25485da4cce0461fa749928cde446/elements - {"using":"xpath","value":"//button[@data-kt=\"provideButton\"]"}
RESULT: {"using":"xpath","value":"//button[@data-kt=\"provideButton\"]"}
COMMAND: POST /session/80b25485da4cce0461fa749928cde446/elements - {"using":"xpath","value":"//button[@data-kt=\"provideButton\"]"}
RESULT: {"using":"xpath","value":"//button[@data-kt=\"provideButton\"]"}
COMMAND: POST /session/80b25485da4cce0461fa749928cde446/elements - {"using":"xpath","value":"//button[@data-kt=\"provideButton\"]"}
RESULT: {"using":"xpath","value":"//button[@data-kt=\"provideButton\"]"}
COMMAND: POST /session/80b25485da4cce0461fa749928cde446/elements - {"using":"xpath","value":"//button[@data-kt=\"provideButton\"]"}
RESULT: {"using":"xpath","value":"//button[@data-kt=\"provideButton\"]"}
COMMAND: POST /session/80b25485da4cce0461fa749928cde446/elements - {"using":"xpath","value":"//button[@data-kt=\"provideButton\"]"}
RESULT: {"using":"xpath","value":"//button[@data-kt=\"provideButton\"]"}
COMMAND: POST /session/80b25485da4cce0461fa749928cde446/elements - {"using":"xpath","value":"//button[@data-kt=\"provideButton\"]"}
RESULT: {"using":"xpath","value":"//button[@data-kt=\"provideButton\"]"}
COMMAND: POST /session/80b25485da4cce0461fa749928cde446/elements - {"using":"xpath","value":"//button[@data-kt=\"provideButton\"]"}
RESULT: {"using":"xpath","value":"//button[@data-kt=\"provideButton\"]"}
COMMAND: POST /session/80b25485da4cce0461fa749928cde446/elements - {"using":"xpath","value":"//button[@data-kt=\"provideButton\"]"}
RESULT: {"using":"xpath","value":"//button[@data-kt=\"provideButton\"]"}
COMMAND: POST /session/80b25485da4cce0461fa749928cde446/elements - {"using":"xpath","value":"//button[@data-kt=\"provideButton\"]"}
RESULT: {"using":"xpath","value":"//button[@data-kt=\"provideButton\"]"}
COMMAND: POST /session/80b25485da4cce0461fa749928cde446/elements - {"using":"xpath","value":"//button[@data-kt=\"provideButton\"]"}
RESULT: {"using":"xpath","value":"//button[@data-kt=\"provideButton\"]"}
COMMAND: POST /session/80b25485da4cce0461fa749928cde446/elements - {"using":"xpath","value":"//button[@data-kt=\"provideButton\"]"}
RESULT: {"using":"xpath","value":"//button[@data-kt=\"provideButton\"]"}
COMMAND: POST /session/80b25485da4cce0461fa749928cde446/elements - {"using":"xpath","value":"//button[@data-kt=\"provideButton\"]"}
RESULT: {"using":"xpath","value":"//button[@data-kt=\"provideButton\"]"}
COMMAND: POST /session/80b25485da4cce0461fa749928cde446/elements - {"using":"xpath","value":"//button[@data-kt=\"provideButton\"]"}
RESULT: {"using":"xpath","value":"//button[@data-kt=\"provideButton\"]"}
COMMAND: POST /session/80b25485da4cce0461fa749928cde446/elements - {"using":"xpath","value":"//button[@data-kt=\"provideButton\"]"}
RESULT: {"using":"xpath","value":"//button[@data-kt=\"provideButton\"]"}
COMMAND: POST /session/80b25485da4cce0461fa749928cde446/elements - {"using":"xpath","value":"//button[@data-kt=\"provideButton\"]"}
RESULT: {"using":"xpath","value":"//button[@data-kt=\"provideButton\"]"}
COMMAND: POST /session/80b25485da4cce0461fa749928cde446/elements - {"using":"xpath","value":"//button[@data-kt=\"provideButton\"]"}
RESULT: {"using":"xpath","value":"//button[@data-kt=\"provideButton\"]"}
COMMAND: POST /session/80b25485da4cce0461fa749928cde446/elements - {"using":"xpath","value":"//button[@data-kt=\"provideButton\"]"}
RESULT: {"using":"xpath","value":"//button[@data-kt=\"provideButton\"]"}
COMMAND: POST /session/80b25485da4cce0461fa749928cde446/elements - {"using":"xpath","value":"//button[@data-kt=\"provideButton\"]"}
RESULT: {"using":"xpath","value":"//button[@data-kt=\"provideButton\"]"}
COMMAND: POST /session/80b25485da4cce0461fa749928cde446/elements - {"using":"xpath","value":"//button[@data-kt=\"provideButton\"]"}
RESULT: {"using":"xpath","value":"//button[@data-kt=\"provideButton\"]"}
COMMAND: POST /session/80b25485da4cce0461fa749928cde446/elements - {"using":"xpath","value":"//button[@data-kt=\"provideButton\"]"}
RESULT: {"using":"xpath","value":"//button[@data-kt=\"provideButton\"]"}
COMMAND: POST /session/80b25485da4cce0461fa749928cde446/elements - {"using":"xpath","value":"//button[@data-kt=\"provideButton\"]"}
RESULT: {"using":"xpath","value":"//button[@data-kt=\"provideButton\"]"}
COMMAND: POST /session/80b25485da4cce0461fa749928cde446/elements - {"using":"xpath","value":"//button[@data-kt=\"provideButton\"]"}
RESULT: {"using":"xpath","value":"//button[@data-kt=\"provideButton\"]"}
COMMAND: POST /session/80b25485da4cce0461fa749928cde446/elements - {"using":"xpath","value":"//button[@data-kt=\"provideButton\"]"}
RESULT: {"using":"xpath","value":"//button[@data-kt=\"provideButton\"]"}
COMMAND: POST /session/80b25485da4cce0461fa749928cde446/elements - {"using":"xpath","value":"//button[@data-kt=\"provideButton\"]"}
RESULT: {"using":"xpath","value":"//button[@data-kt=\"provideButton\"]"}
COMMAND: POST /session/80b25485da4cce0461fa749928cde446/elements - {"using":"xpath","value":"//button[@data-kt=\"provideButton\"]"}
RESULT: {"using":"xpath","value":"//button[@data-kt=\"provideButton\"]"}
COMMAND: POST /session/80b25485da4cce0461fa749928cde446/elements - {"using":"xpath","value":"//button[@data-kt=\"provideButton\"]"}
RESULT: {"using":"xpath","value":"//button[@data-kt=\"provideButton\"]"}
COMMAND: POST /session/80b25485da4cce0461fa749928cde446/elements - {"using":"xpath","value":"//button[@data-kt=\"provideButton\"]"}
RESULT: {"using":"xpath","value":"//button[@data-kt=\"provideButton\"]"}
COMMAND: POST /session/80b25485da4cce0461fa749928cde446/elements - {"using":"xpath","value":"//button[@data-kt=\"provideButton\"]"}
RESULT: {"using":"xpath","value":"//button[@data-kt=\"provideButton\"]"}
COMMAND: POST /session/80b25485da4cce0461fa749928cde446/elements - {"using":"xpath","value":"//button[@data-kt=\"provideButton\"]"}
RESULT: {"using":"xpath","value":"//button[@data-kt=\"provideButton\"]"}
COMMAND: POST /session/80b25485da4cce0461fa749928cde446/elements - {"using":"xpath","value":"//button[@data-kt=\"provideButton\"]"}
RESULT: {"using":"xpath","value":"//button[@data-kt=\"provideButton\"]"}
COMMAND: POST /session/80b25485da4cce0461fa749928cde446/elements - {"using":"xpath","value":"//button[@data-kt=\"provideButton\"]"}
RESULT: {"using":"xpath","value":"//button[@data-kt=\"provideButton\"]"}
COMMAND: POST /session/80b25485da4cce0461fa749928cde446/elements - {"using":"xpath","value":"//button[@data-kt=\"provideButton\"]"}
RESULT: {"using":"xpath","value":"//button[@data-kt=\"provideButton\"]"}
COMMAND: POST /session/80b25485da4cce0461fa749928cde446/elements - {"using":"xpath","value":"//button[@data-kt=\"provideButton\"]"}
RESULT: {"using":"xpath","value":"//button[@data-kt=\"provideButton\"]"}
COMMAND: POST /session/80b25485da4cce0461fa749928cde446/elements - {"using":"xpath","value":"//button[@data-kt=\"provideButton\"]"}
RESULT: {"using":"xpath","value":"//button[@data-kt=\"provideButton\"]"}
COMMAND: POST /session/80b25485da4cce0461fa749928cde446/elements - {"using":"xpath","value":"//button[@data-kt=\"provideButton\"]"}
RESULT: {"using":"xpath","value":"//button[@data-kt=\"provideButton\"]"}
COMMAND: POST /session/80b25485da4cce0461fa749928cde446/elements - {"using":"xpath","value":"//button[@data-kt=\"provideButton\"]"}
RESULT: {"using":"xpath","value":"//button[@data-kt=\"provideButton\"]"}
COMMAND: POST /session/80b25485da4cce0461fa749928cde446/elements - {"using":"xpath","value":"//button[@data-kt=\"provideButton\"]"}
RESULT: {"using":"xpath","value":"//button[@data-kt=\"provideButton\"]"}
COMMAND: POST /session/80b25485da4cce0461fa749928cde446/elements - {"using":"xpath","value":"//button[@data-kt=\"provideButton\"]"}
RESULT: {"using":"xpath","value":"//button[@data-kt=\"provideButton\"]"}
COMMAND: POST /session/80b25485da4cce0461fa749928cde446/elements - {"using":"xpath","value":"//button[@data-kt=\"provideButton\"]"}
RESULT: {"using":"xpath","value":"//button[@data-kt=\"provideButton\"]"}
COMMAND: POST /session/80b25485da4cce0461fa749928cde446/elements - {"using":"xpath","value":"//button[@data-kt=\"provideButton\"]"}
RESULT: {"using":"xpath","value":"//button[@data-kt=\"provideButton\"]"}
COMMAND: POST /session/80b25485da4cce0461fa749928cde446/elements - {"using":"xpath","value":"//button[@data-kt=\"provideButton\"]"}
RESULT: {"using":"xpath","value":"//button[@data-kt=\"provideButton\"]"}
COMMAND: POST /session/80b25485da4cce0461fa749928cde446/elements - {"using":"xpath","value":"//button[@data-kt=\"provideButton\"]"}
RESULT: {"using":"xpath","value":"//button[@data-kt=\"provideButton\"]"}
COMMAND: POST /session/80b25485da4cce0461fa749928cde446/elements - {"using":"xpath","value":"//button[@data-kt=\"provideButton\"]"}
RESULT: {"using":"xpath","value":"//button[@data-kt=\"provideButton\"]"}
COMMAND: POST /session/80b25485da4cce0461fa749928cde446/elements - {"using":"xpath","value":"//button[@data-kt=\"provideButton\"]"}
RESULT: {"using":"xpath","value":"//button[@data-kt=\"provideButton\"]"}
COMMAND: POST /session/80b25485da4cce0461fa749928cde446/elements - {"using":"xpath","value":"//button[@data-kt=\"provideButton\"]"}
RESULT: {"using":"xpath","value":"//button[@data-kt=\"provideButton\"]"}
COMMAND: POST /session/80b25485da4cce0461fa749928cde446/elements - {"using":"xpath","value":"//button[@data-kt=\"provideButton\"]"}
RESULT: {"using":"xpath","value":"//button[@data-kt=\"provideButton\"]"}
COMMAND: POST /session/80b25485da4cce0461fa749928cde446/elements - {"using":"xpath","value":"//button[@data-kt=\"provideButton\"]"}
RESULT: {"using":"xpath","value":"//button[@data-kt=\"provideButton\"]"}
COMMAND: POST /session/80b25485da4cce0461fa749928cde446/elements - {"using":"xpath","value":"//button[@data-kt=\"provideButton\"]"}
RESULT: {"using":"xpath","value":"//button[@data-kt=\"provideButton\"]"}
COMMAND: POST /session/80b25485da4cce0461fa749928cde446/elements - {"using":"xpath","value":"//button[@data-kt=\"provideButton\"]"}
RESULT: {"using":"xpath","value":"//button[@data-kt=\"provideButton\"]"}
COMMAND: POST /session/80b25485da4cce0461fa749928cde446/elements - {"using":"xpath","value":"//button[@data-kt=\"provideButton\"]"}
RESULT: {"using":"xpath","value":"//button[@data-kt=\"provideButton\"]"}
COMMAND: POST /session/80b25485da4cce0461fa749928cde446/elements - {"using":"xpath","value":"//button[@data-kt=\"provideButton\"]"}
RESULT: {"using":"xpath","value":"//button[@data-kt=\"provideButton\"]"}
COMMAND: POST /session/80b25485da4cce0461fa749928cde446/elements - {"using":"xpath","value":"//button[@data-kt=\"provideButton\"]"}
RESULT: {"using":"xpath","value":"//button[@data-kt=\"provideButton\"]"}
COMMAND: POST /session/80b25485da4cce0461fa749928cde446/elements - {"using":"xpath","value":"//button[@data-kt=\"provideButton\"]"}
RESULT: {"using":"xpath","value":"//button[@data-kt=\"provideButton\"]"}
COMMAND: POST /session/80b25485da4cce0461fa749928cde446/elements - {"using":"xpath","value":"//button[@data-kt=\"provideButton\"]"}
RESULT: {"using":"xpath","value":"//button[@data-kt=\"provideButton\"]"}
COMMAND: POST /session/80b25485da4cce0461fa749928cde446/elements - {"using":"xpath","value":"//button[@data-kt=\"provideButton\"]"}
RESULT: {"using":"xpath","value":"//button[@data-kt=\"provideButton\"]"}
COMMAND: POST /session/80b25485da4cce0461fa749928cde446/elements - {"using":"xpath","value":"//button[@data-kt=\"provideButton\"]"}
RESULT: {"using":"xpath","value":"//button[@data-kt=\"provideButton\"]"}
COMMAND: POST /session/80b25485da4cce0461fa749928cde446/elements - {"using":"xpath","value":"//button[@data-kt=\"provideButton\"]"}
RESULT: {"using":"xpath","value":"//button[@data-kt=\"provideButton\"]"}
COMMAND: POST /session/80b25485da4cce0461fa749928cde446/elements - {"using":"xpath","value":"//button[@data-kt=\"provideButton\"]"}
RESULT: {"using":"xpath","value":"//button[@data-kt=\"provideButton\"]"}
COMMAND: POST /session/80b25485da4cce0461fa749928cde446/elements - {"using":"xpath","value":"//button[@data-kt=\"provideButton\"]"}
RESULT: {"using":"xpath","value":"//button[@data-kt=\"provideButton\"]"}
COMMAND: POST /session/80b25485da4cce0461fa749928cde446/elements - {"using":"xpath","value":"//button[@data-kt=\"provideButton\"]"}
RESULT: {"using":"xpath","value":"//button[@data-kt=\"provideButton\"]"}
COMMAND: POST /session/80b25485da4cce0461fa749928cde446/elements - {"using":"xpath","value":"//button[@data-kt=\"provideButton\"]"}
RESULT: {"using":"xpath","value":"//button[@data-kt=\"provideButton\"]"}
COMMAND: POST /session/80b25485da4cce0461fa749928cde446/elements - {"using":"xpath","value":"//button[@data-kt=\"provideButton\"]"}
RESULT: {"using":"xpath","value":"//button[@data-kt=\"provideButton\"]"}
COMMAND: POST /session/80b25485da4cce0461fa749928cde446/elements - {"using":"xpath","value":"//button[@data-kt=\"provideButton\"]"}
RESULT: {"using":"xpath","value":"//button[@data-kt=\"provideButton\"]"}
COMMAND: POST /session/80b25485da4cce0461fa749928cde446/elements - {"using":"xpath","value":"//button[@data-kt=\"provideButton\"]"}
RESULT: {"using":"xpath","value":"//button[@data-kt=\"provideButton\"]"}
COMMAND: POST /session/80b25485da4cce0461fa749928cde446/elements - {"using":"xpath","value":"//button[@data-kt=\"provideButton\"]"}
RESULT: {"using":"xpath","value":"//button[@data-kt=\"provideButton\"]"}
COMMAND: POST /session/80b25485da4cce0461fa749928cde446/elements - {"using":"xpath","value":"//button[@data-kt=\"provideButton\"]"}
COMMAND: GET /session/80b25485da4cce0461fa749928cde446/screenshot - {}
RESULT: {"using":"xpath","value":"//button[@data-kt=\"provideButton\"]"}
RESULT: {}
]]></system-out>
      <system-err><![CDATA[
Error: Can't call click on element with selector "//button[@data-kt="provideButton"]" because element wasn't found
    at async Context.<anonymous> (D:\a\1\s\test\specs\HTR\provide-to-site-w-warehouse-w-clarification.spec.js:83:9)
]]></system-err>
    </testcase>
    <testcase classname="chrome.136_0_7103_93.windows.Provide_to_Site_w/_warehouse_management_w_clarification" name="Should test for Handover Execution" time="78.76">
      <failure/>
      <error message="element (&quot;//section[contains(@id,&quot;FC-NoHead&quot;)]/div[1]/div[5]/div[2]/span&quot;) still not existing after 45000ms"/>
      <system-out><![CDATA[
COMMAND: POST /session/80b25485da4cce0461fa749928cde446/execute/async - {"script":"<script> [1562 bytes]","args":[{"selector":{"controlType":"sap.m.Link","viewName":"etm.portal.ui.managehandovers.view.DetailExecuteHO","bindingPath":{"path":"","propertyPath":"/wmDoc","modelName":"warehouseMovModel"}},"wdio_ui5_key":"etmportal.ui.managehandovers.view.DetailExecuteHOsap.m.Link{\"path\":\"\",\"propertyPath\":\"/wmDoc\",\"modelName\":\"warehouseMovModel\"}"}]}
COMMAND: GET /session/80b25485da4cce0461fa749928cde446/screenshot - {}
RESULT: {"script":"<script> [1562 bytes]","args":[{"selector":{"controlType":"sap.m.Link","viewName":"etm.portal.ui.managehandovers.view.DetailExecuteHO","bindingPath":{"path":"","propertyPath":"/wmDoc","modelName":"warehouseMovModel"}},"wdio_ui5_key":"etmportal.ui.managehandovers.view.DetailExecuteHOsap.m.Link{\"path\":\"\",\"propertyPath\":\"/wmDoc\",\"modelName\":\"warehouseMovModel\"}"}]}
RESULT: undefined
RESULT: {}
COMMAND: POST /session/80b25485da4cce0461fa749928cde446/execute/async - {"script":"<script> [1562 bytes]","args":[{"selector":{"controlType":"sap.m.Link","viewName":"etm.portal.ui.managehandovers.view.DetailExecuteHO","properties":{"text":"Warehouse Overview"},"searchOpenDialogs":true},"wdio_ui5_key":"etmportal.ui.managehandovers.view.DetailExecuteHOsap.m.Link{\"text\":\"Warehouse Overview\"}"}]}
RESULT: {"script":"<script> [1562 bytes]","args":[{"selector":{"controlType":"sap.m.Link","viewName":"etm.portal.ui.managehandovers.view.DetailExecuteHO","properties":{"text":"Warehouse Overview"},"searchOpenDialogs":true},"wdio_ui5_key":"etmportal.ui.managehandovers.view.DetailExecuteHOsap.m.Link{\"text\":\"Warehouse Overview\"}"}]}
RESULT: undefined
COMMAND: POST /session/80b25485da4cce0461fa749928cde446/execute/async - {"script":"<script> [1562 bytes]","args":[{"selector":{"controlType":"sap.m.Button","viewName":"etm.portal.ui.warehousemovements.view.DisplayMovement","viewId":"application-warehousemovements-display-component---displayMovement","i18NText":{"propertyName":"text","key":"execution"},"interaction":{"idSuffix":"BDI-content"}},"wdio_ui5_key":"etmportal.ui.warehousemovements.view.DisplayMovementsap.m.Button{\"propertyName\":\"text\",\"key\":\"execution\"}"}]}
RESULT: {"script":"<script> [1562 bytes]","args":[{"selector":{"controlType":"sap.m.Button","viewName":"etm.portal.ui.warehousemovements.view.DisplayMovement","viewId":"application-warehousemovements-display-component---displayMovement","i18NText":{"propertyName":"text","key":"execution"},"interaction":{"idSuffix":"BDI-content"}},"wdio_ui5_key":"etmportal.ui.warehousemovements.view.DisplayMovementsap.m.Button{\"propertyName\":\"text\",\"key\":\"execution\"}"}]}
RESULT: undefined
COMMAND: POST /session/80b25485da4cce0461fa749928cde446/execute/async - {"script":"<script> [1562 bytes]","args":[{"selector":{"controlType":"sap.m.Button","viewName":"etm.portal.ui.warehousemovements.view.ExecuteMovement","viewId":"application-warehousemovements-display-component---executeMovement","properties":{"text":"Items"},"interaction":{"idSuffix":"BDI-content"}},"wdio_ui5_key":"etmportal.ui.warehousemovements.view.ExecuteMovementsap.m.Button{\"text\":\"Items\"}"}]}
RESULT: {"script":"<script> [1562 bytes]","args":[{"selector":{"controlType":"sap.m.Button","viewName":"etm.portal.ui.warehousemovements.view.ExecuteMovement","viewId":"application-warehousemovements-display-component---executeMovement","properties":{"text":"Items"},"interaction":{"idSuffix":"BDI-content"}},"wdio_ui5_key":"etmportal.ui.warehousemovements.view.ExecuteMovementsap.m.Button{\"text\":\"Items\"}"}]}
RESULT: undefined
COMMAND: POST /session/80b25485da4cce0461fa749928cde446/execute/async - {"script":"<script> [1562 bytes]","args":[{"selector":{"controlType":"sap.m.ToggleButton","viewName":"etm.portal.ui.warehousemovements.view.ExecuteMovement","viewId":"application-warehousemovements-display-component---executeMovement","bindingPath":{"propertyPath":"STATUS","modelName":"catalogModel"},"interaction":{"idSuffix":"BDI-content"}},"wdio_ui5_key":"etmportal.ui.warehousemovements.view.ExecuteMovementsap.m.ToggleButton{\"propertyPath\":\"STATUS\",\"modelName\":\"catalogModel\"}"}]}
RESULT: {"script":"<script> [1562 bytes]","args":[{"selector":{"controlType":"sap.m.ToggleButton","viewName":"etm.portal.ui.warehousemovements.view.ExecuteMovement","viewId":"application-warehousemovements-display-component---executeMovement","bindingPath":{"propertyPath":"STATUS","modelName":"catalogModel"},"interaction":{"idSuffix":"BDI-content"}},"wdio_ui5_key":"etmportal.ui.warehousemovements.view.ExecuteMovementsap.m.ToggleButton{\"propertyPath\":\"STATUS\",\"modelName\":\"catalogModel\"}"}]}
RESULT: undefined
RESULT: undefined
COMMAND: POST /session/80b25485da4cce0461fa749928cde446/element - {"using":"xpath","value":"//section[contains(@id,\"FC-NoHead\")]/div[1]/div[5]/div[2]/span"}
RESULT: {"using":"xpath","value":"//section[contains(@id,\"FC-NoHead\")]/div[1]/div[5]/div[2]/span"}
COMMAND: POST /session/80b25485da4cce0461fa749928cde446/elements - {"using":"xpath","value":"//section[contains(@id,\"FC-NoHead\")]/div[1]/div[5]/div[2]/span"}
RESULT: {"using":"xpath","value":"//section[contains(@id,\"FC-NoHead\")]/div[1]/div[5]/div[2]/span"}
COMMAND: POST /session/80b25485da4cce0461fa749928cde446/elements - {"using":"xpath","value":"//section[contains(@id,\"FC-NoHead\")]/div[1]/div[5]/div[2]/span"}
RESULT: {"using":"xpath","value":"//section[contains(@id,\"FC-NoHead\")]/div[1]/div[5]/div[2]/span"}
COMMAND: POST /session/80b25485da4cce0461fa749928cde446/elements - {"using":"xpath","value":"//section[contains(@id,\"FC-NoHead\")]/div[1]/div[5]/div[2]/span"}
RESULT: {"using":"xpath","value":"//section[contains(@id,\"FC-NoHead\")]/div[1]/div[5]/div[2]/span"}
COMMAND: POST /session/80b25485da4cce0461fa749928cde446/elements - {"using":"xpath","value":"//section[contains(@id,\"FC-NoHead\")]/div[1]/div[5]/div[2]/span"}
RESULT: {"using":"xpath","value":"//section[contains(@id,\"FC-NoHead\")]/div[1]/div[5]/div[2]/span"}
COMMAND: POST /session/80b25485da4cce0461fa749928cde446/elements - {"using":"xpath","value":"//section[contains(@id,\"FC-NoHead\")]/div[1]/div[5]/div[2]/span"}
RESULT: {"using":"xpath","value":"//section[contains(@id,\"FC-NoHead\")]/div[1]/div[5]/div[2]/span"}
COMMAND: POST /session/80b25485da4cce0461fa749928cde446/elements - {"using":"xpath","value":"//section[contains(@id,\"FC-NoHead\")]/div[1]/div[5]/div[2]/span"}
RESULT: {"using":"xpath","value":"//section[contains(@id,\"FC-NoHead\")]/div[1]/div[5]/div[2]/span"}
COMMAND: POST /session/80b25485da4cce0461fa749928cde446/elements - {"using":"xpath","value":"//section[contains(@id,\"FC-NoHead\")]/div[1]/div[5]/div[2]/span"}
RESULT: {"using":"xpath","value":"//section[contains(@id,\"FC-NoHead\")]/div[1]/div[5]/div[2]/span"}
COMMAND: POST /session/80b25485da4cce0461fa749928cde446/elements - {"using":"xpath","value":"//section[contains(@id,\"FC-NoHead\")]/div[1]/div[5]/div[2]/span"}
RESULT: {"using":"xpath","value":"//section[contains(@id,\"FC-NoHead\")]/div[1]/div[5]/div[2]/span"}
COMMAND: POST /session/80b25485da4cce0461fa749928cde446/elements - {"using":"xpath","value":"//section[contains(@id,\"FC-NoHead\")]/div[1]/div[5]/div[2]/span"}
RESULT: {"using":"xpath","value":"//section[contains(@id,\"FC-NoHead\")]/div[1]/div[5]/div[2]/span"}
COMMAND: POST /session/80b25485da4cce0461fa749928cde446/elements - {"using":"xpath","value":"//section[contains(@id,\"FC-NoHead\")]/div[1]/div[5]/div[2]/span"}
RESULT: {"using":"xpath","value":"//section[contains(@id,\"FC-NoHead\")]/div[1]/div[5]/div[2]/span"}
COMMAND: POST /session/80b25485da4cce0461fa749928cde446/elements - {"using":"xpath","value":"//section[contains(@id,\"FC-NoHead\")]/div[1]/div[5]/div[2]/span"}
RESULT: {"using":"xpath","value":"//section[contains(@id,\"FC-NoHead\")]/div[1]/div[5]/div[2]/span"}
COMMAND: POST /session/80b25485da4cce0461fa749928cde446/elements - {"using":"xpath","value":"//section[contains(@id,\"FC-NoHead\")]/div[1]/div[5]/div[2]/span"}
RESULT: {"using":"xpath","value":"//section[contains(@id,\"FC-NoHead\")]/div[1]/div[5]/div[2]/span"}
COMMAND: POST /session/80b25485da4cce0461fa749928cde446/elements - {"using":"xpath","value":"//section[contains(@id,\"FC-NoHead\")]/div[1]/div[5]/div[2]/span"}
RESULT: {"using":"xpath","value":"//section[contains(@id,\"FC-NoHead\")]/div[1]/div[5]/div[2]/span"}
COMMAND: POST /session/80b25485da4cce0461fa749928cde446/elements - {"using":"xpath","value":"//section[contains(@id,\"FC-NoHead\")]/div[1]/div[5]/div[2]/span"}
RESULT: {"using":"xpath","value":"//section[contains(@id,\"FC-NoHead\")]/div[1]/div[5]/div[2]/span"}
COMMAND: POST /session/80b25485da4cce0461fa749928cde446/elements - {"using":"xpath","value":"//section[contains(@id,\"FC-NoHead\")]/div[1]/div[5]/div[2]/span"}
RESULT: {"using":"xpath","value":"//section[contains(@id,\"FC-NoHead\")]/div[1]/div[5]/div[2]/span"}
COMMAND: POST /session/80b25485da4cce0461fa749928cde446/elements - {"using":"xpath","value":"//section[contains(@id,\"FC-NoHead\")]/div[1]/div[5]/div[2]/span"}
RESULT: {"using":"xpath","value":"//section[contains(@id,\"FC-NoHead\")]/div[1]/div[5]/div[2]/span"}
COMMAND: POST /session/80b25485da4cce0461fa749928cde446/elements - {"using":"xpath","value":"//section[contains(@id,\"FC-NoHead\")]/div[1]/div[5]/div[2]/span"}
RESULT: {"using":"xpath","value":"//section[contains(@id,\"FC-NoHead\")]/div[1]/div[5]/div[2]/span"}
COMMAND: POST /session/80b25485da4cce0461fa749928cde446/elements - {"using":"xpath","value":"//section[contains(@id,\"FC-NoHead\")]/div[1]/div[5]/div[2]/span"}
RESULT: {"using":"xpath","value":"//section[contains(@id,\"FC-NoHead\")]/div[1]/div[5]/div[2]/span"}
COMMAND: POST /session/80b25485da4cce0461fa749928cde446/elements - {"using":"xpath","value":"//section[contains(@id,\"FC-NoHead\")]/div[1]/div[5]/div[2]/span"}
RESULT: {"using":"xpath","value":"//section[contains(@id,\"FC-NoHead\")]/div[1]/div[5]/div[2]/span"}
COMMAND: POST /session/80b25485da4cce0461fa749928cde446/elements - {"using":"xpath","value":"//section[contains(@id,\"FC-NoHead\")]/div[1]/div[5]/div[2]/span"}
RESULT: {"using":"xpath","value":"//section[contains(@id,\"FC-NoHead\")]/div[1]/div[5]/div[2]/span"}
COMMAND: POST /session/80b25485da4cce0461fa749928cde446/elements - {"using":"xpath","value":"//section[contains(@id,\"FC-NoHead\")]/div[1]/div[5]/div[2]/span"}
RESULT: {"using":"xpath","value":"//section[contains(@id,\"FC-NoHead\")]/div[1]/div[5]/div[2]/span"}
COMMAND: POST /session/80b25485da4cce0461fa749928cde446/elements - {"using":"xpath","value":"//section[contains(@id,\"FC-NoHead\")]/div[1]/div[5]/div[2]/span"}
RESULT: {"using":"xpath","value":"//section[contains(@id,\"FC-NoHead\")]/div[1]/div[5]/div[2]/span"}
COMMAND: POST /session/80b25485da4cce0461fa749928cde446/elements - {"using":"xpath","value":"//section[contains(@id,\"FC-NoHead\")]/div[1]/div[5]/div[2]/span"}
RESULT: {"using":"xpath","value":"//section[contains(@id,\"FC-NoHead\")]/div[1]/div[5]/div[2]/span"}
COMMAND: POST /session/80b25485da4cce0461fa749928cde446/elements - {"using":"xpath","value":"//section[contains(@id,\"FC-NoHead\")]/div[1]/div[5]/div[2]/span"}
RESULT: {"using":"xpath","value":"//section[contains(@id,\"FC-NoHead\")]/div[1]/div[5]/div[2]/span"}
COMMAND: POST /session/80b25485da4cce0461fa749928cde446/elements - {"using":"xpath","value":"//section[contains(@id,\"FC-NoHead\")]/div[1]/div[5]/div[2]/span"}
RESULT: {"using":"xpath","value":"//section[contains(@id,\"FC-NoHead\")]/div[1]/div[5]/div[2]/span"}
COMMAND: POST /session/80b25485da4cce0461fa749928cde446/elements - {"using":"xpath","value":"//section[contains(@id,\"FC-NoHead\")]/div[1]/div[5]/div[2]/span"}
RESULT: {"using":"xpath","value":"//section[contains(@id,\"FC-NoHead\")]/div[1]/div[5]/div[2]/span"}
COMMAND: POST /session/80b25485da4cce0461fa749928cde446/elements - {"using":"xpath","value":"//section[contains(@id,\"FC-NoHead\")]/div[1]/div[5]/div[2]/span"}
RESULT: {"using":"xpath","value":"//section[contains(@id,\"FC-NoHead\")]/div[1]/div[5]/div[2]/span"}
COMMAND: POST /session/80b25485da4cce0461fa749928cde446/elements - {"using":"xpath","value":"//section[contains(@id,\"FC-NoHead\")]/div[1]/div[5]/div[2]/span"}
RESULT: {"using":"xpath","value":"//section[contains(@id,\"FC-NoHead\")]/div[1]/div[5]/div[2]/span"}
COMMAND: POST /session/80b25485da4cce0461fa749928cde446/elements - {"using":"xpath","value":"//section[contains(@id,\"FC-NoHead\")]/div[1]/div[5]/div[2]/span"}
RESULT: {"using":"xpath","value":"//section[contains(@id,\"FC-NoHead\")]/div[1]/div[5]/div[2]/span"}
COMMAND: POST /session/80b25485da4cce0461fa749928cde446/elements - {"using":"xpath","value":"//section[contains(@id,\"FC-NoHead\")]/div[1]/div[5]/div[2]/span"}
RESULT: {"using":"xpath","value":"//section[contains(@id,\"FC-NoHead\")]/div[1]/div[5]/div[2]/span"}
COMMAND: POST /session/80b25485da4cce0461fa749928cde446/elements - {"using":"xpath","value":"//section[contains(@id,\"FC-NoHead\")]/div[1]/div[5]/div[2]/span"}
RESULT: {"using":"xpath","value":"//section[contains(@id,\"FC-NoHead\")]/div[1]/div[5]/div[2]/span"}
COMMAND: POST /session/80b25485da4cce0461fa749928cde446/elements - {"using":"xpath","value":"//section[contains(@id,\"FC-NoHead\")]/div[1]/div[5]/div[2]/span"}
RESULT: {"using":"xpath","value":"//section[contains(@id,\"FC-NoHead\")]/div[1]/div[5]/div[2]/span"}
COMMAND: POST /session/80b25485da4cce0461fa749928cde446/elements - {"using":"xpath","value":"//section[contains(@id,\"FC-NoHead\")]/div[1]/div[5]/div[2]/span"}
RESULT: {"using":"xpath","value":"//section[contains(@id,\"FC-NoHead\")]/div[1]/div[5]/div[2]/span"}
COMMAND: POST /session/80b25485da4cce0461fa749928cde446/elements - {"using":"xpath","value":"//section[contains(@id,\"FC-NoHead\")]/div[1]/div[5]/div[2]/span"}
RESULT: {"using":"xpath","value":"//section[contains(@id,\"FC-NoHead\")]/div[1]/div[5]/div[2]/span"}
COMMAND: POST /session/80b25485da4cce0461fa749928cde446/elements - {"using":"xpath","value":"//section[contains(@id,\"FC-NoHead\")]/div[1]/div[5]/div[2]/span"}
RESULT: {"using":"xpath","value":"//section[contains(@id,\"FC-NoHead\")]/div[1]/div[5]/div[2]/span"}
COMMAND: POST /session/80b25485da4cce0461fa749928cde446/elements - {"using":"xpath","value":"//section[contains(@id,\"FC-NoHead\")]/div[1]/div[5]/div[2]/span"}
RESULT: {"using":"xpath","value":"//section[contains(@id,\"FC-NoHead\")]/div[1]/div[5]/div[2]/span"}
COMMAND: POST /session/80b25485da4cce0461fa749928cde446/elements - {"using":"xpath","value":"//section[contains(@id,\"FC-NoHead\")]/div[1]/div[5]/div[2]/span"}
RESULT: {"using":"xpath","value":"//section[contains(@id,\"FC-NoHead\")]/div[1]/div[5]/div[2]/span"}
COMMAND: POST /session/80b25485da4cce0461fa749928cde446/elements - {"using":"xpath","value":"//section[contains(@id,\"FC-NoHead\")]/div[1]/div[5]/div[2]/span"}
RESULT: {"using":"xpath","value":"//section[contains(@id,\"FC-NoHead\")]/div[1]/div[5]/div[2]/span"}
COMMAND: POST /session/80b25485da4cce0461fa749928cde446/elements - {"using":"xpath","value":"//section[contains(@id,\"FC-NoHead\")]/div[1]/div[5]/div[2]/span"}
RESULT: {"using":"xpath","value":"//section[contains(@id,\"FC-NoHead\")]/div[1]/div[5]/div[2]/span"}
COMMAND: POST /session/80b25485da4cce0461fa749928cde446/elements - {"using":"xpath","value":"//section[contains(@id,\"FC-NoHead\")]/div[1]/div[5]/div[2]/span"}
RESULT: {"using":"xpath","value":"//section[contains(@id,\"FC-NoHead\")]/div[1]/div[5]/div[2]/span"}
COMMAND: POST /session/80b25485da4cce0461fa749928cde446/elements - {"using":"xpath","value":"//section[contains(@id,\"FC-NoHead\")]/div[1]/div[5]/div[2]/span"}
RESULT: {"using":"xpath","value":"//section[contains(@id,\"FC-NoHead\")]/div[1]/div[5]/div[2]/span"}
COMMAND: POST /session/80b25485da4cce0461fa749928cde446/elements - {"using":"xpath","value":"//section[contains(@id,\"FC-NoHead\")]/div[1]/div[5]/div[2]/span"}
RESULT: {"using":"xpath","value":"//section[contains(@id,\"FC-NoHead\")]/div[1]/div[5]/div[2]/span"}
COMMAND: POST /session/80b25485da4cce0461fa749928cde446/elements - {"using":"xpath","value":"//section[contains(@id,\"FC-NoHead\")]/div[1]/div[5]/div[2]/span"}
RESULT: {"using":"xpath","value":"//section[contains(@id,\"FC-NoHead\")]/div[1]/div[5]/div[2]/span"}
COMMAND: POST /session/80b25485da4cce0461fa749928cde446/elements - {"using":"xpath","value":"//section[contains(@id,\"FC-NoHead\")]/div[1]/div[5]/div[2]/span"}
RESULT: {"using":"xpath","value":"//section[contains(@id,\"FC-NoHead\")]/div[1]/div[5]/div[2]/span"}
COMMAND: POST /session/80b25485da4cce0461fa749928cde446/elements - {"using":"xpath","value":"//section[contains(@id,\"FC-NoHead\")]/div[1]/div[5]/div[2]/span"}
RESULT: {"using":"xpath","value":"//section[contains(@id,\"FC-NoHead\")]/div[1]/div[5]/div[2]/span"}
COMMAND: POST /session/80b25485da4cce0461fa749928cde446/elements - {"using":"xpath","value":"//section[contains(@id,\"FC-NoHead\")]/div[1]/div[5]/div[2]/span"}
RESULT: {"using":"xpath","value":"//section[contains(@id,\"FC-NoHead\")]/div[1]/div[5]/div[2]/span"}
COMMAND: POST /session/80b25485da4cce0461fa749928cde446/elements - {"using":"xpath","value":"//section[contains(@id,\"FC-NoHead\")]/div[1]/div[5]/div[2]/span"}
RESULT: {"using":"xpath","value":"//section[contains(@id,\"FC-NoHead\")]/div[1]/div[5]/div[2]/span"}
COMMAND: POST /session/80b25485da4cce0461fa749928cde446/elements - {"using":"xpath","value":"//section[contains(@id,\"FC-NoHead\")]/div[1]/div[5]/div[2]/span"}
RESULT: {"using":"xpath","value":"//section[contains(@id,\"FC-NoHead\")]/div[1]/div[5]/div[2]/span"}
COMMAND: POST /session/80b25485da4cce0461fa749928cde446/elements - {"using":"xpath","value":"//section[contains(@id,\"FC-NoHead\")]/div[1]/div[5]/div[2]/span"}
RESULT: {"using":"xpath","value":"//section[contains(@id,\"FC-NoHead\")]/div[1]/div[5]/div[2]/span"}
COMMAND: POST /session/80b25485da4cce0461fa749928cde446/elements - {"using":"xpath","value":"//section[contains(@id,\"FC-NoHead\")]/div[1]/div[5]/div[2]/span"}
RESULT: {"using":"xpath","value":"//section[contains(@id,\"FC-NoHead\")]/div[1]/div[5]/div[2]/span"}
COMMAND: POST /session/80b25485da4cce0461fa749928cde446/elements - {"using":"xpath","value":"//section[contains(@id,\"FC-NoHead\")]/div[1]/div[5]/div[2]/span"}
RESULT: {"using":"xpath","value":"//section[contains(@id,\"FC-NoHead\")]/div[1]/div[5]/div[2]/span"}
COMMAND: POST /session/80b25485da4cce0461fa749928cde446/elements - {"using":"xpath","value":"//section[contains(@id,\"FC-NoHead\")]/div[1]/div[5]/div[2]/span"}
RESULT: {"using":"xpath","value":"//section[contains(@id,\"FC-NoHead\")]/div[1]/div[5]/div[2]/span"}
COMMAND: POST /session/80b25485da4cce0461fa749928cde446/elements - {"using":"xpath","value":"//section[contains(@id,\"FC-NoHead\")]/div[1]/div[5]/div[2]/span"}
RESULT: {"using":"xpath","value":"//section[contains(@id,\"FC-NoHead\")]/div[1]/div[5]/div[2]/span"}
COMMAND: POST /session/80b25485da4cce0461fa749928cde446/elements - {"using":"xpath","value":"//section[contains(@id,\"FC-NoHead\")]/div[1]/div[5]/div[2]/span"}
RESULT: {"using":"xpath","value":"//section[contains(@id,\"FC-NoHead\")]/div[1]/div[5]/div[2]/span"}
COMMAND: POST /session/80b25485da4cce0461fa749928cde446/elements - {"using":"xpath","value":"//section[contains(@id,\"FC-NoHead\")]/div[1]/div[5]/div[2]/span"}
RESULT: {"using":"xpath","value":"//section[contains(@id,\"FC-NoHead\")]/div[1]/div[5]/div[2]/span"}
COMMAND: POST /session/80b25485da4cce0461fa749928cde446/elements - {"using":"xpath","value":"//section[contains(@id,\"FC-NoHead\")]/div[1]/div[5]/div[2]/span"}
RESULT: {"using":"xpath","value":"//section[contains(@id,\"FC-NoHead\")]/div[1]/div[5]/div[2]/span"}
COMMAND: POST /session/80b25485da4cce0461fa749928cde446/elements - {"using":"xpath","value":"//section[contains(@id,\"FC-NoHead\")]/div[1]/div[5]/div[2]/span"}
RESULT: {"using":"xpath","value":"//section[contains(@id,\"FC-NoHead\")]/div[1]/div[5]/div[2]/span"}
COMMAND: POST /session/80b25485da4cce0461fa749928cde446/elements - {"using":"xpath","value":"//section[contains(@id,\"FC-NoHead\")]/div[1]/div[5]/div[2]/span"}
RESULT: {"using":"xpath","value":"//section[contains(@id,\"FC-NoHead\")]/div[1]/div[5]/div[2]/span"}
COMMAND: POST /session/80b25485da4cce0461fa749928cde446/elements - {"using":"xpath","value":"//section[contains(@id,\"FC-NoHead\")]/div[1]/div[5]/div[2]/span"}
RESULT: {"using":"xpath","value":"//section[contains(@id,\"FC-NoHead\")]/div[1]/div[5]/div[2]/span"}
COMMAND: POST /session/80b25485da4cce0461fa749928cde446/elements - {"using":"xpath","value":"//section[contains(@id,\"FC-NoHead\")]/div[1]/div[5]/div[2]/span"}
RESULT: {"using":"xpath","value":"//section[contains(@id,\"FC-NoHead\")]/div[1]/div[5]/div[2]/span"}
COMMAND: POST /session/80b25485da4cce0461fa749928cde446/elements - {"using":"xpath","value":"//section[contains(@id,\"FC-NoHead\")]/div[1]/div[5]/div[2]/span"}
RESULT: {"using":"xpath","value":"//section[contains(@id,\"FC-NoHead\")]/div[1]/div[5]/div[2]/span"}
COMMAND: POST /session/80b25485da4cce0461fa749928cde446/elements - {"using":"xpath","value":"//section[contains(@id,\"FC-NoHead\")]/div[1]/div[5]/div[2]/span"}
RESULT: {"using":"xpath","value":"//section[contains(@id,\"FC-NoHead\")]/div[1]/div[5]/div[2]/span"}
COMMAND: POST /session/80b25485da4cce0461fa749928cde446/elements - {"using":"xpath","value":"//section[contains(@id,\"FC-NoHead\")]/div[1]/div[5]/div[2]/span"}
RESULT: {"using":"xpath","value":"//section[contains(@id,\"FC-NoHead\")]/div[1]/div[5]/div[2]/span"}
COMMAND: POST /session/80b25485da4cce0461fa749928cde446/elements - {"using":"xpath","value":"//section[contains(@id,\"FC-NoHead\")]/div[1]/div[5]/div[2]/span"}
RESULT: {"using":"xpath","value":"//section[contains(@id,\"FC-NoHead\")]/div[1]/div[5]/div[2]/span"}
COMMAND: POST /session/80b25485da4cce0461fa749928cde446/elements - {"using":"xpath","value":"//section[contains(@id,\"FC-NoHead\")]/div[1]/div[5]/div[2]/span"}
RESULT: {"using":"xpath","value":"//section[contains(@id,\"FC-NoHead\")]/div[1]/div[5]/div[2]/span"}
COMMAND: POST /session/80b25485da4cce0461fa749928cde446/elements - {"using":"xpath","value":"//section[contains(@id,\"FC-NoHead\")]/div[1]/div[5]/div[2]/span"}
RESULT: {"using":"xpath","value":"//section[contains(@id,\"FC-NoHead\")]/div[1]/div[5]/div[2]/span"}
COMMAND: POST /session/80b25485da4cce0461fa749928cde446/elements - {"using":"xpath","value":"//section[contains(@id,\"FC-NoHead\")]/div[1]/div[5]/div[2]/span"}
RESULT: {"using":"xpath","value":"//section[contains(@id,\"FC-NoHead\")]/div[1]/div[5]/div[2]/span"}
COMMAND: POST /session/80b25485da4cce0461fa749928cde446/elements - {"using":"xpath","value":"//section[contains(@id,\"FC-NoHead\")]/div[1]/div[5]/div[2]/span"}
RESULT: {"using":"xpath","value":"//section[contains(@id,\"FC-NoHead\")]/div[1]/div[5]/div[2]/span"}
COMMAND: POST /session/80b25485da4cce0461fa749928cde446/elements - {"using":"xpath","value":"//section[contains(@id,\"FC-NoHead\")]/div[1]/div[5]/div[2]/span"}
RESULT: {"using":"xpath","value":"//section[contains(@id,\"FC-NoHead\")]/div[1]/div[5]/div[2]/span"}
COMMAND: POST /session/80b25485da4cce0461fa749928cde446/elements - {"using":"xpath","value":"//section[contains(@id,\"FC-NoHead\")]/div[1]/div[5]/div[2]/span"}
RESULT: {"using":"xpath","value":"//section[contains(@id,\"FC-NoHead\")]/div[1]/div[5]/div[2]/span"}
COMMAND: POST /session/80b25485da4cce0461fa749928cde446/elements - {"using":"xpath","value":"//section[contains(@id,\"FC-NoHead\")]/div[1]/div[5]/div[2]/span"}
RESULT: {"using":"xpath","value":"//section[contains(@id,\"FC-NoHead\")]/div[1]/div[5]/div[2]/span"}
COMMAND: POST /session/80b25485da4cce0461fa749928cde446/elements - {"using":"xpath","value":"//section[contains(@id,\"FC-NoHead\")]/div[1]/div[5]/div[2]/span"}
RESULT: {"using":"xpath","value":"//section[contains(@id,\"FC-NoHead\")]/div[1]/div[5]/div[2]/span"}
COMMAND: POST /session/80b25485da4cce0461fa749928cde446/elements - {"using":"xpath","value":"//section[contains(@id,\"FC-NoHead\")]/div[1]/div[5]/div[2]/span"}
RESULT: {"using":"xpath","value":"//section[contains(@id,\"FC-NoHead\")]/div[1]/div[5]/div[2]/span"}
COMMAND: POST /session/80b25485da4cce0461fa749928cde446/elements - {"using":"xpath","value":"//section[contains(@id,\"FC-NoHead\")]/div[1]/div[5]/div[2]/span"}
RESULT: {"using":"xpath","value":"//section[contains(@id,\"FC-NoHead\")]/div[1]/div[5]/div[2]/span"}
COMMAND: POST /session/80b25485da4cce0461fa749928cde446/elements - {"using":"xpath","value":"//section[contains(@id,\"FC-NoHead\")]/div[1]/div[5]/div[2]/span"}
RESULT: {"using":"xpath","value":"//section[contains(@id,\"FC-NoHead\")]/div[1]/div[5]/div[2]/span"}
COMMAND: POST /session/80b25485da4cce0461fa749928cde446/elements - {"using":"xpath","value":"//section[contains(@id,\"FC-NoHead\")]/div[1]/div[5]/div[2]/span"}
RESULT: {"using":"xpath","value":"//section[contains(@id,\"FC-NoHead\")]/div[1]/div[5]/div[2]/span"}
COMMAND: POST /session/80b25485da4cce0461fa749928cde446/elements - {"using":"xpath","value":"//section[contains(@id,\"FC-NoHead\")]/div[1]/div[5]/div[2]/span"}
RESULT: {"using":"xpath","value":"//section[contains(@id,\"FC-NoHead\")]/div[1]/div[5]/div[2]/span"}
COMMAND: POST /session/80b25485da4cce0461fa749928cde446/elements - {"using":"xpath","value":"//section[contains(@id,\"FC-NoHead\")]/div[1]/div[5]/div[2]/span"}
RESULT: {"using":"xpath","value":"//section[contains(@id,\"FC-NoHead\")]/div[1]/div[5]/div[2]/span"}
COMMAND: POST /session/80b25485da4cce0461fa749928cde446/elements - {"using":"xpath","value":"//section[contains(@id,\"FC-NoHead\")]/div[1]/div[5]/div[2]/span"}
RESULT: {"using":"xpath","value":"//section[contains(@id,\"FC-NoHead\")]/div[1]/div[5]/div[2]/span"}
COMMAND: POST /session/80b25485da4cce0461fa749928cde446/elements - {"using":"xpath","value":"//section[contains(@id,\"FC-NoHead\")]/div[1]/div[5]/div[2]/span"}
RESULT: {"using":"xpath","value":"//section[contains(@id,\"FC-NoHead\")]/div[1]/div[5]/div[2]/span"}
COMMAND: POST /session/80b25485da4cce0461fa749928cde446/elements - {"using":"xpath","value":"//section[contains(@id,\"FC-NoHead\")]/div[1]/div[5]/div[2]/span"}
RESULT: {"using":"xpath","value":"//section[contains(@id,\"FC-NoHead\")]/div[1]/div[5]/div[2]/span"}
COMMAND: POST /session/80b25485da4cce0461fa749928cde446/elements - {"using":"xpath","value":"//section[contains(@id,\"FC-NoHead\")]/div[1]/div[5]/div[2]/span"}
RESULT: {"using":"xpath","value":"//section[contains(@id,\"FC-NoHead\")]/div[1]/div[5]/div[2]/span"}
COMMAND: POST /session/80b25485da4cce0461fa749928cde446/elements - {"using":"xpath","value":"//section[contains(@id,\"FC-NoHead\")]/div[1]/div[5]/div[2]/span"}
RESULT: {"using":"xpath","value":"//section[contains(@id,\"FC-NoHead\")]/div[1]/div[5]/div[2]/span"}
COMMAND: POST /session/80b25485da4cce0461fa749928cde446/elements - {"using":"xpath","value":"//section[contains(@id,\"FC-NoHead\")]/div[1]/div[5]/div[2]/span"}
RESULT: {"using":"xpath","value":"//section[contains(@id,\"FC-NoHead\")]/div[1]/div[5]/div[2]/span"}
COMMAND: POST /session/80b25485da4cce0461fa749928cde446/elements - {"using":"xpath","value":"//section[contains(@id,\"FC-NoHead\")]/div[1]/div[5]/div[2]/span"}
RESULT: {"using":"xpath","value":"//section[contains(@id,\"FC-NoHead\")]/div[1]/div[5]/div[2]/span"}
COMMAND: POST /session/80b25485da4cce0461fa749928cde446/elements - {"using":"xpath","value":"//section[contains(@id,\"FC-NoHead\")]/div[1]/div[5]/div[2]/span"}
RESULT: {"using":"xpath","value":"//section[contains(@id,\"FC-NoHead\")]/div[1]/div[5]/div[2]/span"}
COMMAND: POST /session/80b25485da4cce0461fa749928cde446/elements - {"using":"xpath","value":"//section[contains(@id,\"FC-NoHead\")]/div[1]/div[5]/div[2]/span"}
RESULT: {"using":"xpath","value":"//section[contains(@id,\"FC-NoHead\")]/div[1]/div[5]/div[2]/span"}
COMMAND: POST /session/80b25485da4cce0461fa749928cde446/elements - {"using":"xpath","value":"//section[contains(@id,\"FC-NoHead\")]/div[1]/div[5]/div[2]/span"}
RESULT: {"using":"xpath","value":"//section[contains(@id,\"FC-NoHead\")]/div[1]/div[5]/div[2]/span"}
COMMAND: POST /session/80b25485da4cce0461fa749928cde446/elements - {"using":"xpath","value":"//section[contains(@id,\"FC-NoHead\")]/div[1]/div[5]/div[2]/span"}
RESULT: {"using":"xpath","value":"//section[contains(@id,\"FC-NoHead\")]/div[1]/div[5]/div[2]/span"}
COMMAND: POST /session/80b25485da4cce0461fa749928cde446/elements - {"using":"xpath","value":"//section[contains(@id,\"FC-NoHead\")]/div[1]/div[5]/div[2]/span"}
RESULT: {"using":"xpath","value":"//section[contains(@id,\"FC-NoHead\")]/div[1]/div[5]/div[2]/span"}
COMMAND: POST /session/80b25485da4cce0461fa749928cde446/elements - {"using":"xpath","value":"//section[contains(@id,\"FC-NoHead\")]/div[1]/div[5]/div[2]/span"}
COMMAND: GET /session/80b25485da4cce0461fa749928cde446/screenshot - {}
RESULT: {"using":"xpath","value":"//section[contains(@id,\"FC-NoHead\")]/div[1]/div[5]/div[2]/span"}
RESULT: {}
]]></system-out>
      <system-err><![CDATA[
Error: element ("//section[contains(@id,"FC-NoHead")]/div[1]/div[5]/div[2]/span") still not existing after 45000ms
    at async Context.<anonymous> (D:\a\1\s\test\specs\HTR\provide-to-site-w-warehouse-w-clarification.spec.js:219:9)
]]></system-err>
    </testcase>
    <testcase classname="chrome.136_0_7103_93.windows.Provide_to_Site_w/_warehouse_management_w_clarification" name="Should test for Clarification" time="88.37">
      <failure/>
      <error message="Can't call click on element with selector &quot;//span[(text() = 'null' or . = 'null')]&quot; because element wasn't found"/>
      <system-out><![CDATA[
RESULT: undefined
COMMAND: POST /session/80b25485da4cce0461fa749928cde446/element - {"using":"xpath","value":"//*[@id=\"__tile132\"]"}
COMMAND: GET /session/80b25485da4cce0461fa749928cde446/screenshot - {}
RESULT: {"using":"xpath","value":"//*[@id=\"__tile132\"]"}
COMMAND: POST /session/80b25485da4cce0461fa749928cde446/element/f.499FA332C3249B1FB6786AFDCB682F30.d.22031618C72C9DCB83FDABEFC2355E2C.e.4560/click - {}
RESULT: {}
COMMAND: POST /session/80b25485da4cce0461fa749928cde446/elements - {"using":"xpath","value":"//span[text()='Error']"}
RESULT: {"using":"xpath","value":"//span[text()='Error']"}
COMMAND: POST /session/80b25485da4cce0461fa749928cde446/execute/async - {"script":"<script> [1562 bytes]","args":[{"selector":{"controlType":"sap.m.SearchField","viewName":"etm.portal.ui.managehandovers.view.MasterHO","bindingPath":{"propertyPath":"/_BASIC_SEARCH_FIELD","modelName":"fi1t3rM0d31"},"interaction":{"idSuffix":"I"}},"wdio_ui5_key":"etmportal.ui.managehandovers.view.MasterHOsap.m.SearchField{\"propertyPath\":\"/_BASIC_SEARCH_FIELD\",\"modelName\":\"fi1t3rM0d31\"}"}]}
RESULT: {"script":"<script> [1562 bytes]","args":[{"selector":{"controlType":"sap.m.SearchField","viewName":"etm.portal.ui.managehandovers.view.MasterHO","bindingPath":{"propertyPath":"/_BASIC_SEARCH_FIELD","modelName":"fi1t3rM0d31"},"interaction":{"idSuffix":"I"}},"wdio_ui5_key":"etmportal.ui.managehandovers.view.MasterHOsap.m.SearchField{\"propertyPath\":\"/_BASIC_SEARCH_FIELD\",\"modelName\":\"fi1t3rM0d31\"}"}]}
RESULT: undefined
COMMAND: POST /session/80b25485da4cce0461fa749928cde446/execute/async - {"script":"<script> [776 bytes]","args":[{"enterText":null,"selector":{"controlType":"sap.m.SearchField","viewName":"etm.portal.ui.managehandovers.view.MasterHO","bindingPath":{"propertyPath":"/_BASIC_SEARCH_FIELD","modelName":"fi1t3rM0d31"},"interaction":{"idSuffix":"I"}},"clearTextFirst":true,"interactionType":"ENTER_TEXT"}]}
RESULT: {"script":"<script> [776 bytes]","args":[{"enterText":null,"selector":{"controlType":"sap.m.SearchField","viewName":"etm.portal.ui.managehandovers.view.MasterHO","bindingPath":{"propertyPath":"/_BASIC_SEARCH_FIELD","modelName":"fi1t3rM0d31"},"interaction":{"idSuffix":"I"}},"clearTextFirst":true,"interactionType":"ENTER_TEXT"}]}
COMMAND: POST /session/80b25485da4cce0461fa749928cde446/actions - {"actions":[{"id":"action20","type":"key","parameters":{},"actions":[{"type":"keyDown","value":""},{"type":"pause","duration":10},{"type":"keyUp","value":""}]}]}
RESULT: {"actions":[{"id":"action20","type":"key","parameters":{},"actions":[{"type":"keyDown","value":""},{"type":"pause","duration":10},{"type":"keyUp","value":""}]}]}
COMMAND: GET /session/80b25485da4cce0461fa749928cde446/screenshot - {}
RESULT: {}
COMMAND: POST /session/80b25485da4cce0461fa749928cde446/element - {"using":"xpath","value":"//span[(text() = 'null' or . = 'null')]"}
RESULT: {"using":"xpath","value":"//span[(text() = 'null' or . = 'null')]"}
COMMAND: POST /session/80b25485da4cce0461fa749928cde446/elements - {"using":"xpath","value":"//span[(text() = 'null' or . = 'null')]"}
RESULT: {"using":"xpath","value":"//span[(text() = 'null' or . = 'null')]"}
COMMAND: POST /session/80b25485da4cce0461fa749928cde446/elements - {"using":"xpath","value":"//span[(text() = 'null' or . = 'null')]"}
RESULT: {"using":"xpath","value":"//span[(text() = 'null' or . = 'null')]"}
COMMAND: POST /session/80b25485da4cce0461fa749928cde446/elements - {"using":"xpath","value":"//span[(text() = 'null' or . = 'null')]"}
RESULT: {"using":"xpath","value":"//span[(text() = 'null' or . = 'null')]"}
COMMAND: POST /session/80b25485da4cce0461fa749928cde446/elements - {"using":"xpath","value":"//span[(text() = 'null' or . = 'null')]"}
RESULT: {"using":"xpath","value":"//span[(text() = 'null' or . = 'null')]"}
COMMAND: POST /session/80b25485da4cce0461fa749928cde446/elements - {"using":"xpath","value":"//span[(text() = 'null' or . = 'null')]"}
RESULT: {"using":"xpath","value":"//span[(text() = 'null' or . = 'null')]"}
COMMAND: POST /session/80b25485da4cce0461fa749928cde446/elements - {"using":"xpath","value":"//span[(text() = 'null' or . = 'null')]"}
RESULT: {"using":"xpath","value":"//span[(text() = 'null' or . = 'null')]"}
COMMAND: POST /session/80b25485da4cce0461fa749928cde446/elements - {"using":"xpath","value":"//span[(text() = 'null' or . = 'null')]"}
RESULT: {"using":"xpath","value":"//span[(text() = 'null' or . = 'null')]"}
COMMAND: POST /session/80b25485da4cce0461fa749928cde446/elements - {"using":"xpath","value":"//span[(text() = 'null' or . = 'null')]"}
RESULT: {"using":"xpath","value":"//span[(text() = 'null' or . = 'null')]"}
COMMAND: POST /session/80b25485da4cce0461fa749928cde446/elements - {"using":"xpath","value":"//span[(text() = 'null' or . = 'null')]"}
RESULT: {"using":"xpath","value":"//span[(text() = 'null' or . = 'null')]"}
COMMAND: POST /session/80b25485da4cce0461fa749928cde446/elements - {"using":"xpath","value":"//span[(text() = 'null' or . = 'null')]"}
RESULT: {"using":"xpath","value":"//span[(text() = 'null' or . = 'null')]"}
COMMAND: POST /session/80b25485da4cce0461fa749928cde446/elements - {"using":"xpath","value":"//span[(text() = 'null' or . = 'null')]"}
RESULT: {"using":"xpath","value":"//span[(text() = 'null' or . = 'null')]"}
COMMAND: POST /session/80b25485da4cce0461fa749928cde446/elements - {"using":"xpath","value":"//span[(text() = 'null' or . = 'null')]"}
RESULT: {"using":"xpath","value":"//span[(text() = 'null' or . = 'null')]"}
COMMAND: POST /session/80b25485da4cce0461fa749928cde446/elements - {"using":"xpath","value":"//span[(text() = 'null' or . = 'null')]"}
RESULT: {"using":"xpath","value":"//span[(text() = 'null' or . = 'null')]"}
COMMAND: POST /session/80b25485da4cce0461fa749928cde446/elements - {"using":"xpath","value":"//span[(text() = 'null' or . = 'null')]"}
RESULT: {"using":"xpath","value":"//span[(text() = 'null' or . = 'null')]"}
COMMAND: POST /session/80b25485da4cce0461fa749928cde446/elements - {"using":"xpath","value":"//span[(text() = 'null' or . = 'null')]"}
RESULT: {"using":"xpath","value":"//span[(text() = 'null' or . = 'null')]"}
COMMAND: POST /session/80b25485da4cce0461fa749928cde446/elements - {"using":"xpath","value":"//span[(text() = 'null' or . = 'null')]"}
RESULT: {"using":"xpath","value":"//span[(text() = 'null' or . = 'null')]"}
COMMAND: POST /session/80b25485da4cce0461fa749928cde446/elements - {"using":"xpath","value":"//span[(text() = 'null' or . = 'null')]"}
RESULT: {"using":"xpath","value":"//span[(text() = 'null' or . = 'null')]"}
COMMAND: POST /session/80b25485da4cce0461fa749928cde446/elements - {"using":"xpath","value":"//span[(text() = 'null' or . = 'null')]"}
RESULT: {"using":"xpath","value":"//span[(text() = 'null' or . = 'null')]"}
COMMAND: POST /session/80b25485da4cce0461fa749928cde446/elements - {"using":"xpath","value":"//span[(text() = 'null' or . = 'null')]"}
RESULT: {"using":"xpath","value":"//span[(text() = 'null' or . = 'null')]"}
COMMAND: POST /session/80b25485da4cce0461fa749928cde446/elements - {"using":"xpath","value":"//span[(text() = 'null' or . = 'null')]"}
RESULT: {"using":"xpath","value":"//span[(text() = 'null' or . = 'null')]"}
COMMAND: POST /session/80b25485da4cce0461fa749928cde446/elements - {"using":"xpath","value":"//span[(text() = 'null' or . = 'null')]"}
RESULT: {"using":"xpath","value":"//span[(text() = 'null' or . = 'null')]"}
COMMAND: POST /session/80b25485da4cce0461fa749928cde446/elements - {"using":"xpath","value":"//span[(text() = 'null' or . = 'null')]"}
RESULT: {"using":"xpath","value":"//span[(text() = 'null' or . = 'null')]"}
COMMAND: POST /session/80b25485da4cce0461fa749928cde446/elements - {"using":"xpath","value":"//span[(text() = 'null' or . = 'null')]"}
RESULT: {"using":"xpath","value":"//span[(text() = 'null' or . = 'null')]"}
COMMAND: POST /session/80b25485da4cce0461fa749928cde446/elements - {"using":"xpath","value":"//span[(text() = 'null' or . = 'null')]"}
RESULT: {"using":"xpath","value":"//span[(text() = 'null' or . = 'null')]"}
COMMAND: POST /session/80b25485da4cce0461fa749928cde446/elements - {"using":"xpath","value":"//span[(text() = 'null' or . = 'null')]"}
RESULT: {"using":"xpath","value":"//span[(text() = 'null' or . = 'null')]"}
COMMAND: POST /session/80b25485da4cce0461fa749928cde446/elements - {"using":"xpath","value":"//span[(text() = 'null' or . = 'null')]"}
RESULT: {"using":"xpath","value":"//span[(text() = 'null' or . = 'null')]"}
COMMAND: POST /session/80b25485da4cce0461fa749928cde446/elements - {"using":"xpath","value":"//span[(text() = 'null' or . = 'null')]"}
RESULT: {"using":"xpath","value":"//span[(text() = 'null' or . = 'null')]"}
COMMAND: POST /session/80b25485da4cce0461fa749928cde446/elements - {"using":"xpath","value":"//span[(text() = 'null' or . = 'null')]"}
RESULT: {"using":"xpath","value":"//span[(text() = 'null' or . = 'null')]"}
COMMAND: POST /session/80b25485da4cce0461fa749928cde446/elements - {"using":"xpath","value":"//span[(text() = 'null' or . = 'null')]"}
RESULT: {"using":"xpath","value":"//span[(text() = 'null' or . = 'null')]"}
COMMAND: POST /session/80b25485da4cce0461fa749928cde446/elements - {"using":"xpath","value":"//span[(text() = 'null' or . = 'null')]"}
RESULT: {"using":"xpath","value":"//span[(text() = 'null' or . = 'null')]"}
COMMAND: POST /session/80b25485da4cce0461fa749928cde446/elements - {"using":"xpath","value":"//span[(text() = 'null' or . = 'null')]"}
RESULT: {"using":"xpath","value":"//span[(text() = 'null' or . = 'null')]"}
COMMAND: POST /session/80b25485da4cce0461fa749928cde446/elements - {"using":"xpath","value":"//span[(text() = 'null' or . = 'null')]"}
RESULT: {"using":"xpath","value":"//span[(text() = 'null' or . = 'null')]"}
COMMAND: POST /session/80b25485da4cce0461fa749928cde446/elements - {"using":"xpath","value":"//span[(text() = 'null' or . = 'null')]"}
RESULT: {"using":"xpath","value":"//span[(text() = 'null' or . = 'null')]"}
COMMAND: POST /session/80b25485da4cce0461fa749928cde446/elements - {"using":"xpath","value":"//span[(text() = 'null' or . = 'null')]"}
RESULT: {"using":"xpath","value":"//span[(text() = 'null' or . = 'null')]"}
COMMAND: POST /session/80b25485da4cce0461fa749928cde446/elements - {"using":"xpath","value":"//span[(text() = 'null' or . = 'null')]"}
RESULT: {"using":"xpath","value":"//span[(text() = 'null' or . = 'null')]"}
COMMAND: POST /session/80b25485da4cce0461fa749928cde446/elements - {"using":"xpath","value":"//span[(text() = 'null' or . = 'null')]"}
RESULT: {"using":"xpath","value":"//span[(text() = 'null' or . = 'null')]"}
COMMAND: POST /session/80b25485da4cce0461fa749928cde446/elements - {"using":"xpath","value":"//span[(text() = 'null' or . = 'null')]"}
RESULT: {"using":"xpath","value":"//span[(text() = 'null' or . = 'null')]"}
COMMAND: POST /session/80b25485da4cce0461fa749928cde446/elements - {"using":"xpath","value":"//span[(text() = 'null' or . = 'null')]"}
RESULT: {"using":"xpath","value":"//span[(text() = 'null' or . = 'null')]"}
COMMAND: POST /session/80b25485da4cce0461fa749928cde446/elements - {"using":"xpath","value":"//span[(text() = 'null' or . = 'null')]"}
RESULT: {"using":"xpath","value":"//span[(text() = 'null' or . = 'null')]"}
COMMAND: POST /session/80b25485da4cce0461fa749928cde446/elements - {"using":"xpath","value":"//span[(text() = 'null' or . = 'null')]"}
RESULT: {"using":"xpath","value":"//span[(text() = 'null' or . = 'null')]"}
COMMAND: POST /session/80b25485da4cce0461fa749928cde446/elements - {"using":"xpath","value":"//span[(text() = 'null' or . = 'null')]"}
RESULT: {"using":"xpath","value":"//span[(text() = 'null' or . = 'null')]"}
COMMAND: POST /session/80b25485da4cce0461fa749928cde446/elements - {"using":"xpath","value":"//span[(text() = 'null' or . = 'null')]"}
RESULT: {"using":"xpath","value":"//span[(text() = 'null' or . = 'null')]"}
COMMAND: POST /session/80b25485da4cce0461fa749928cde446/elements - {"using":"xpath","value":"//span[(text() = 'null' or . = 'null')]"}
RESULT: {"using":"xpath","value":"//span[(text() = 'null' or . = 'null')]"}
COMMAND: POST /session/80b25485da4cce0461fa749928cde446/elements - {"using":"xpath","value":"//span[(text() = 'null' or . = 'null')]"}
RESULT: {"using":"xpath","value":"//span[(text() = 'null' or . = 'null')]"}
COMMAND: POST /session/80b25485da4cce0461fa749928cde446/elements - {"using":"xpath","value":"//span[(text() = 'null' or . = 'null')]"}
RESULT: {"using":"xpath","value":"//span[(text() = 'null' or . = 'null')]"}
COMMAND: POST /session/80b25485da4cce0461fa749928cde446/elements - {"using":"xpath","value":"//span[(text() = 'null' or . = 'null')]"}
RESULT: {"using":"xpath","value":"//span[(text() = 'null' or . = 'null')]"}
COMMAND: POST /session/80b25485da4cce0461fa749928cde446/elements - {"using":"xpath","value":"//span[(text() = 'null' or . = 'null')]"}
RESULT: {"using":"xpath","value":"//span[(text() = 'null' or . = 'null')]"}
COMMAND: POST /session/80b25485da4cce0461fa749928cde446/elements - {"using":"xpath","value":"//span[(text() = 'null' or . = 'null')]"}
RESULT: {"using":"xpath","value":"//span[(text() = 'null' or . = 'null')]"}
COMMAND: POST /session/80b25485da4cce0461fa749928cde446/elements - {"using":"xpath","value":"//span[(text() = 'null' or . = 'null')]"}
RESULT: {"using":"xpath","value":"//span[(text() = 'null' or . = 'null')]"}
COMMAND: POST /session/80b25485da4cce0461fa749928cde446/elements - {"using":"xpath","value":"//span[(text() = 'null' or . = 'null')]"}
RESULT: {"using":"xpath","value":"//span[(text() = 'null' or . = 'null')]"}
COMMAND: POST /session/80b25485da4cce0461fa749928cde446/elements - {"using":"xpath","value":"//span[(text() = 'null' or . = 'null')]"}
RESULT: {"using":"xpath","value":"//span[(text() = 'null' or . = 'null')]"}
COMMAND: POST /session/80b25485da4cce0461fa749928cde446/elements - {"using":"xpath","value":"//span[(text() = 'null' or . = 'null')]"}
RESULT: {"using":"xpath","value":"//span[(text() = 'null' or . = 'null')]"}
COMMAND: POST /session/80b25485da4cce0461fa749928cde446/elements - {"using":"xpath","value":"//span[(text() = 'null' or . = 'null')]"}
RESULT: {"using":"xpath","value":"//span[(text() = 'null' or . = 'null')]"}
COMMAND: POST /session/80b25485da4cce0461fa749928cde446/elements - {"using":"xpath","value":"//span[(text() = 'null' or . = 'null')]"}
RESULT: {"using":"xpath","value":"//span[(text() = 'null' or . = 'null')]"}
COMMAND: POST /session/80b25485da4cce0461fa749928cde446/elements - {"using":"xpath","value":"//span[(text() = 'null' or . = 'null')]"}
RESULT: {"using":"xpath","value":"//span[(text() = 'null' or . = 'null')]"}
COMMAND: POST /session/80b25485da4cce0461fa749928cde446/elements - {"using":"xpath","value":"//span[(text() = 'null' or . = 'null')]"}
RESULT: {"using":"xpath","value":"//span[(text() = 'null' or . = 'null')]"}
COMMAND: POST /session/80b25485da4cce0461fa749928cde446/elements - {"using":"xpath","value":"//span[(text() = 'null' or . = 'null')]"}
RESULT: {"using":"xpath","value":"//span[(text() = 'null' or . = 'null')]"}
COMMAND: POST /session/80b25485da4cce0461fa749928cde446/elements - {"using":"xpath","value":"//span[(text() = 'null' or . = 'null')]"}
RESULT: {"using":"xpath","value":"//span[(text() = 'null' or . = 'null')]"}
COMMAND: POST /session/80b25485da4cce0461fa749928cde446/elements - {"using":"xpath","value":"//span[(text() = 'null' or . = 'null')]"}
RESULT: {"using":"xpath","value":"//span[(text() = 'null' or . = 'null')]"}
COMMAND: POST /session/80b25485da4cce0461fa749928cde446/elements - {"using":"xpath","value":"//span[(text() = 'null' or . = 'null')]"}
RESULT: {"using":"xpath","value":"//span[(text() = 'null' or . = 'null')]"}
COMMAND: POST /session/80b25485da4cce0461fa749928cde446/elements - {"using":"xpath","value":"//span[(text() = 'null' or . = 'null')]"}
RESULT: {"using":"xpath","value":"//span[(text() = 'null' or . = 'null')]"}
COMMAND: POST /session/80b25485da4cce0461fa749928cde446/elements - {"using":"xpath","value":"//span[(text() = 'null' or . = 'null')]"}
RESULT: {"using":"xpath","value":"//span[(text() = 'null' or . = 'null')]"}
COMMAND: POST /session/80b25485da4cce0461fa749928cde446/elements - {"using":"xpath","value":"//span[(text() = 'null' or . = 'null')]"}
RESULT: {"using":"xpath","value":"//span[(text() = 'null' or . = 'null')]"}
COMMAND: POST /session/80b25485da4cce0461fa749928cde446/elements - {"using":"xpath","value":"//span[(text() = 'null' or . = 'null')]"}
RESULT: {"using":"xpath","value":"//span[(text() = 'null' or . = 'null')]"}
COMMAND: POST /session/80b25485da4cce0461fa749928cde446/elements - {"using":"xpath","value":"//span[(text() = 'null' or . = 'null')]"}
RESULT: {"using":"xpath","value":"//span[(text() = 'null' or . = 'null')]"}
COMMAND: POST /session/80b25485da4cce0461fa749928cde446/elements - {"using":"xpath","value":"//span[(text() = 'null' or . = 'null')]"}
RESULT: {"using":"xpath","value":"//span[(text() = 'null' or . = 'null')]"}
COMMAND: POST /session/80b25485da4cce0461fa749928cde446/elements - {"using":"xpath","value":"//span[(text() = 'null' or . = 'null')]"}
RESULT: {"using":"xpath","value":"//span[(text() = 'null' or . = 'null')]"}
COMMAND: POST /session/80b25485da4cce0461fa749928cde446/elements - {"using":"xpath","value":"//span[(text() = 'null' or . = 'null')]"}
RESULT: {"using":"xpath","value":"//span[(text() = 'null' or . = 'null')]"}
COMMAND: POST /session/80b25485da4cce0461fa749928cde446/elements - {"using":"xpath","value":"//span[(text() = 'null' or . = 'null')]"}
RESULT: {"using":"xpath","value":"//span[(text() = 'null' or . = 'null')]"}
COMMAND: POST /session/80b25485da4cce0461fa749928cde446/elements - {"using":"xpath","value":"//span[(text() = 'null' or . = 'null')]"}
RESULT: {"using":"xpath","value":"//span[(text() = 'null' or . = 'null')]"}
COMMAND: POST /session/80b25485da4cce0461fa749928cde446/elements - {"using":"xpath","value":"//span[(text() = 'null' or . = 'null')]"}
RESULT: {"using":"xpath","value":"//span[(text() = 'null' or . = 'null')]"}
COMMAND: POST /session/80b25485da4cce0461fa749928cde446/elements - {"using":"xpath","value":"//span[(text() = 'null' or . = 'null')]"}
RESULT: {"using":"xpath","value":"//span[(text() = 'null' or . = 'null')]"}
COMMAND: POST /session/80b25485da4cce0461fa749928cde446/elements - {"using":"xpath","value":"//span[(text() = 'null' or . = 'null')]"}
RESULT: {"using":"xpath","value":"//span[(text() = 'null' or . = 'null')]"}
COMMAND: POST /session/80b25485da4cce0461fa749928cde446/elements - {"using":"xpath","value":"//span[(text() = 'null' or . = 'null')]"}
RESULT: {"using":"xpath","value":"//span[(text() = 'null' or . = 'null')]"}
COMMAND: POST /session/80b25485da4cce0461fa749928cde446/elements - {"using":"xpath","value":"//span[(text() = 'null' or . = 'null')]"}
RESULT: {"using":"xpath","value":"//span[(text() = 'null' or . = 'null')]"}
COMMAND: POST /session/80b25485da4cce0461fa749928cde446/elements - {"using":"xpath","value":"//span[(text() = 'null' or . = 'null')]"}
RESULT: {"using":"xpath","value":"//span[(text() = 'null' or . = 'null')]"}
COMMAND: POST /session/80b25485da4cce0461fa749928cde446/elements - {"using":"xpath","value":"//span[(text() = 'null' or . = 'null')]"}
RESULT: {"using":"xpath","value":"//span[(text() = 'null' or . = 'null')]"}
COMMAND: POST /session/80b25485da4cce0461fa749928cde446/elements - {"using":"xpath","value":"//span[(text() = 'null' or . = 'null')]"}
RESULT: {"using":"xpath","value":"//span[(text() = 'null' or . = 'null')]"}
COMMAND: POST /session/80b25485da4cce0461fa749928cde446/elements - {"using":"xpath","value":"//span[(text() = 'null' or . = 'null')]"}
RESULT: {"using":"xpath","value":"//span[(text() = 'null' or . = 'null')]"}
COMMAND: POST /session/80b25485da4cce0461fa749928cde446/elements - {"using":"xpath","value":"//span[(text() = 'null' or . = 'null')]"}
RESULT: {"using":"xpath","value":"//span[(text() = 'null' or . = 'null')]"}
COMMAND: POST /session/80b25485da4cce0461fa749928cde446/elements - {"using":"xpath","value":"//span[(text() = 'null' or . = 'null')]"}
RESULT: {"using":"xpath","value":"//span[(text() = 'null' or . = 'null')]"}
COMMAND: POST /session/80b25485da4cce0461fa749928cde446/elements - {"using":"xpath","value":"//span[(text() = 'null' or . = 'null')]"}
RESULT: {"using":"xpath","value":"//span[(text() = 'null' or . = 'null')]"}
COMMAND: POST /session/80b25485da4cce0461fa749928cde446/elements - {"using":"xpath","value":"//span[(text() = 'null' or . = 'null')]"}
RESULT: {"using":"xpath","value":"//span[(text() = 'null' or . = 'null')]"}
COMMAND: POST /session/80b25485da4cce0461fa749928cde446/elements - {"using":"xpath","value":"//span[(text() = 'null' or . = 'null')]"}
RESULT: {"using":"xpath","value":"//span[(text() = 'null' or . = 'null')]"}
COMMAND: POST /session/80b25485da4cce0461fa749928cde446/elements - {"using":"xpath","value":"//span[(text() = 'null' or . = 'null')]"}
RESULT: {"using":"xpath","value":"//span[(text() = 'null' or . = 'null')]"}
COMMAND: POST /session/80b25485da4cce0461fa749928cde446/elements - {"using":"xpath","value":"//span[(text() = 'null' or . = 'null')]"}
RESULT: {"using":"xpath","value":"//span[(text() = 'null' or . = 'null')]"}
COMMAND: POST /session/80b25485da4cce0461fa749928cde446/elements - {"using":"xpath","value":"//span[(text() = 'null' or . = 'null')]"}
RESULT: {"using":"xpath","value":"//span[(text() = 'null' or . = 'null')]"}
COMMAND: POST /session/80b25485da4cce0461fa749928cde446/elements - {"using":"xpath","value":"//span[(text() = 'null' or . = 'null')]"}
RESULT: {"using":"xpath","value":"//span[(text() = 'null' or . = 'null')]"}
COMMAND: POST /session/80b25485da4cce0461fa749928cde446/elements - {"using":"xpath","value":"//span[(text() = 'null' or . = 'null')]"}
RESULT: {"using":"xpath","value":"//span[(text() = 'null' or . = 'null')]"}
COMMAND: POST /session/80b25485da4cce0461fa749928cde446/elements - {"using":"xpath","value":"//span[(text() = 'null' or . = 'null')]"}
RESULT: {"using":"xpath","value":"//span[(text() = 'null' or . = 'null')]"}
COMMAND: POST /session/80b25485da4cce0461fa749928cde446/elements - {"using":"xpath","value":"//span[(text() = 'null' or . = 'null')]"}
RESULT: {"using":"xpath","value":"//span[(text() = 'null' or . = 'null')]"}
COMMAND: POST /session/80b25485da4cce0461fa749928cde446/elements - {"using":"xpath","value":"//span[(text() = 'null' or . = 'null')]"}
RESULT: {"using":"xpath","value":"//span[(text() = 'null' or . = 'null')]"}
COMMAND: POST /session/80b25485da4cce0461fa749928cde446/elements - {"using":"xpath","value":"//span[(text() = 'null' or . = 'null')]"}
RESULT: {"using":"xpath","value":"//span[(text() = 'null' or . = 'null')]"}
COMMAND: POST /session/80b25485da4cce0461fa749928cde446/elements - {"using":"xpath","value":"//span[(text() = 'null' or . = 'null')]"}
RESULT: {"using":"xpath","value":"//span[(text() = 'null' or . = 'null')]"}
COMMAND: POST /session/80b25485da4cce0461fa749928cde446/elements - {"using":"xpath","value":"//span[(text() = 'null' or . = 'null')]"}
RESULT: {"using":"xpath","value":"//span[(text() = 'null' or . = 'null')]"}
COMMAND: POST /session/80b25485da4cce0461fa749928cde446/elements - {"using":"xpath","value":"//span[(text() = 'null' or . = 'null')]"}
RESULT: {"using":"xpath","value":"//span[(text() = 'null' or . = 'null')]"}
COMMAND: POST /session/80b25485da4cce0461fa749928cde446/elements - {"using":"xpath","value":"//span[(text() = 'null' or . = 'null')]"}
RESULT: {"using":"xpath","value":"//span[(text() = 'null' or . = 'null')]"}
COMMAND: POST /session/80b25485da4cce0461fa749928cde446/elements - {"using":"xpath","value":"//span[(text() = 'null' or . = 'null')]"}
RESULT: {"using":"xpath","value":"//span[(text() = 'null' or . = 'null')]"}
COMMAND: POST /session/80b25485da4cce0461fa749928cde446/elements - {"using":"xpath","value":"//span[(text() = 'null' or . = 'null')]"}
RESULT: {"using":"xpath","value":"//span[(text() = 'null' or . = 'null')]"}
COMMAND: POST /session/80b25485da4cce0461fa749928cde446/elements - {"using":"xpath","value":"//span[(text() = 'null' or . = 'null')]"}
RESULT: {"using":"xpath","value":"//span[(text() = 'null' or . = 'null')]"}
COMMAND: POST /session/80b25485da4cce0461fa749928cde446/elements - {"using":"xpath","value":"//span[(text() = 'null' or . = 'null')]"}
RESULT: {"using":"xpath","value":"//span[(text() = 'null' or . = 'null')]"}
COMMAND: POST /session/80b25485da4cce0461fa749928cde446/elements - {"using":"xpath","value":"//span[(text() = 'null' or . = 'null')]"}
RESULT: {"using":"xpath","value":"//span[(text() = 'null' or . = 'null')]"}
COMMAND: POST /session/80b25485da4cce0461fa749928cde446/elements - {"using":"xpath","value":"//span[(text() = 'null' or . = 'null')]"}
RESULT: {"using":"xpath","value":"//span[(text() = 'null' or . = 'null')]"}
COMMAND: POST /session/80b25485da4cce0461fa749928cde446/elements - {"using":"xpath","value":"//span[(text() = 'null' or . = 'null')]"}
RESULT: {"using":"xpath","value":"//span[(text() = 'null' or . = 'null')]"}
COMMAND: POST /session/80b25485da4cce0461fa749928cde446/elements - {"using":"xpath","value":"//span[(text() = 'null' or . = 'null')]"}
RESULT: {"using":"xpath","value":"//span[(text() = 'null' or . = 'null')]"}
COMMAND: POST /session/80b25485da4cce0461fa749928cde446/elements - {"using":"xpath","value":"//span[(text() = 'null' or . = 'null')]"}
RESULT: {"using":"xpath","value":"//span[(text() = 'null' or . = 'null')]"}
COMMAND: POST /session/80b25485da4cce0461fa749928cde446/elements - {"using":"xpath","value":"//span[(text() = 'null' or . = 'null')]"}
RESULT: {"using":"xpath","value":"//span[(text() = 'null' or . = 'null')]"}
COMMAND: POST /session/80b25485da4cce0461fa749928cde446/elements - {"using":"xpath","value":"//span[(text() = 'null' or . = 'null')]"}
RESULT: {"using":"xpath","value":"//span[(text() = 'null' or . = 'null')]"}
COMMAND: POST /session/80b25485da4cce0461fa749928cde446/elements - {"using":"xpath","value":"//span[(text() = 'null' or . = 'null')]"}
RESULT: {"using":"xpath","value":"//span[(text() = 'null' or . = 'null')]"}
COMMAND: POST /session/80b25485da4cce0461fa749928cde446/elements - {"using":"xpath","value":"//span[(text() = 'null' or . = 'null')]"}
RESULT: {"using":"xpath","value":"//span[(text() = 'null' or . = 'null')]"}
COMMAND: POST /session/80b25485da4cce0461fa749928cde446/elements - {"using":"xpath","value":"//span[(text() = 'null' or . = 'null')]"}
RESULT: {"using":"xpath","value":"//span[(text() = 'null' or . = 'null')]"}
COMMAND: POST /session/80b25485da4cce0461fa749928cde446/elements - {"using":"xpath","value":"//span[(text() = 'null' or . = 'null')]"}
RESULT: {"using":"xpath","value":"//span[(text() = 'null' or . = 'null')]"}
COMMAND: POST /session/80b25485da4cce0461fa749928cde446/elements - {"using":"xpath","value":"//span[(text() = 'null' or . = 'null')]"}
RESULT: {"using":"xpath","value":"//span[(text() = 'null' or . = 'null')]"}
COMMAND: POST /session/80b25485da4cce0461fa749928cde446/elements - {"using":"xpath","value":"//span[(text() = 'null' or . = 'null')]"}
RESULT: {"using":"xpath","value":"//span[(text() = 'null' or . = 'null')]"}
COMMAND: POST /session/80b25485da4cce0461fa749928cde446/elements - {"using":"xpath","value":"//span[(text() = 'null' or . = 'null')]"}
RESULT: {"using":"xpath","value":"//span[(text() = 'null' or . = 'null')]"}
COMMAND: POST /session/80b25485da4cce0461fa749928cde446/elements - {"using":"xpath","value":"//span[(text() = 'null' or . = 'null')]"}
RESULT: {"using":"xpath","value":"//span[(text() = 'null' or . = 'null')]"}
COMMAND: POST /session/80b25485da4cce0461fa749928cde446/elements - {"using":"xpath","value":"//span[(text() = 'null' or . = 'null')]"}
RESULT: {"using":"xpath","value":"//span[(text() = 'null' or . = 'null')]"}
COMMAND: POST /session/80b25485da4cce0461fa749928cde446/elements - {"using":"xpath","value":"//span[(text() = 'null' or . = 'null')]"}
RESULT: {"using":"xpath","value":"//span[(text() = 'null' or . = 'null')]"}
COMMAND: POST /session/80b25485da4cce0461fa749928cde446/elements - {"using":"xpath","value":"//span[(text() = 'null' or . = 'null')]"}
RESULT: {"using":"xpath","value":"//span[(text() = 'null' or . = 'null')]"}
COMMAND: POST /session/80b25485da4cce0461fa749928cde446/elements - {"using":"xpath","value":"//span[(text() = 'null' or . = 'null')]"}
RESULT: {"using":"xpath","value":"//span[(text() = 'null' or . = 'null')]"}
COMMAND: POST /session/80b25485da4cce0461fa749928cde446/elements - {"using":"xpath","value":"//span[(text() = 'null' or . = 'null')]"}
COMMAND: GET /session/80b25485da4cce0461fa749928cde446/screenshot - {}
RESULT: {"using":"xpath","value":"//span[(text() = 'null' or . = 'null')]"}
RESULT: {}
COMMAND: POST /session/80b25485da4cce0461fa749928cde446/element - {"using":"css selector","value":"#j_username"}
COMMAND: POST /session/80b25485da4cce0461fa749928cde446/url - {"url":"https://qa-testing-00-live-etm-ui.cfapps.eu10-004.hana.ondemand.com/"}
COMMAND: GET /session/80b25485da4cce0461fa749928cde446/screenshot - {}
COMMAND: GET /session/80b25485da4cce0461fa749928cde446/screenshot - {}
RESULT: {"using":"css selector","value":"#j_username"}
COMMAND: POST /session/80b25485da4cce0461fa749928cde446/element - {"using":"css selector","value":"#j_username"}
RESULT: {"url":"https://qa-testing-00-live-etm-ui.cfapps.eu10-004.hana.ondemand.com/"}
RESULT: undefined
COMMAND: GET /session/80b25485da4cce0461fa749928cde446/screenshot - {}
RESULT: {}
RESULT: {}
RESULT: {"using":"css selector","value":"#j_username"}
COMMAND: POST /session/80b25485da4cce0461fa749928cde446/element - {"using":"css selector","value":"#shell-header-logo"}
RESULT: {}
RESULT: {"using":"css selector","value":"#shell-header-logo"}
COMMAND: POST /session/80b25485da4cce0461fa749928cde446/execute/sync - {"script":"<script> [8489 bytes]","args":[{"element-6066-11e4-a52e-4f735466cecf":"f.499FA332C3249B1FB6786AFDCB682F30.d.B9E845DA43488EB12DC423BD2E2D79B7.e.5663","ELEMENT":"f.499FA332C3249B1FB6786AFDCB682F30.d.B9E845DA43488EB12DC423BD2E2D79B7.e.5663"}]}
RESULT: {"script":"<script> [8489 bytes]","args":[{"element-6066-11e4-a52e-4f735466cecf":"f.499FA332C3249B1FB6786AFDCB682F30.d.B9E845DA43488EB12DC423BD2E2D79B7.e.5663","ELEMENT":"f.499FA332C3249B1FB6786AFDCB682F30.d.B9E845DA43488EB12DC423BD2E2D79B7.e.5663"}]}
COMMAND: POST /session/80b25485da4cce0461fa749928cde446/element - {"using":"css selector","value":"#shell-header-logo"}
COMMAND: GET /session/80b25485da4cce0461fa749928cde446/screenshot - {}
RESULT: {"using":"css selector","value":"#shell-header-logo"}
COMMAND: POST /session/80b25485da4cce0461fa749928cde446/execute/sync - {"script":"<script> [8489 bytes]","args":[{"element-6066-11e4-a52e-4f735466cecf":"f.499FA332C3249B1FB6786AFDCB682F30.d.B9E845DA43488EB12DC423BD2E2D79B7.e.5663","ELEMENT":"f.499FA332C3249B1FB6786AFDCB682F30.d.B9E845DA43488EB12DC423BD2E2D79B7.e.5663"}]}
RESULT: {}
RESULT: {"script":"<script> [8489 bytes]","args":[{"element-6066-11e4-a52e-4f735466cecf":"f.499FA332C3249B1FB6786AFDCB682F30.d.B9E845DA43488EB12DC423BD2E2D79B7.e.5663","ELEMENT":"f.499FA332C3249B1FB6786AFDCB682F30.d.B9E845DA43488EB12DC423BD2E2D79B7.e.5663"}]}
COMMAND: POST /session/80b25485da4cce0461fa749928cde446/execute/sync - {"script":"<script> [5351 bytes]","args":[{"element-6066-11e4-a52e-4f735466cecf":"f.499FA332C3249B1FB6786AFDCB682F30.d.B9E845DA43488EB12DC423BD2E2D79B7.e.5663","ELEMENT":"f.499FA332C3249B1FB6786AFDCB682F30.d.B9E845DA43488EB12DC423BD2E2D79B7.e.5663"}]}
COMMAND: GET /session/80b25485da4cce0461fa749928cde446/screenshot - {}
RESULT: {"script":"<script> [5351 bytes]","args":[{"element-6066-11e4-a52e-4f735466cecf":"f.499FA332C3249B1FB6786AFDCB682F30.d.B9E845DA43488EB12DC423BD2E2D79B7.e.5663","ELEMENT":"f.499FA332C3249B1FB6786AFDCB682F30.d.B9E845DA43488EB12DC423BD2E2D79B7.e.5663"}]}
COMMAND: POST /session/80b25485da4cce0461fa749928cde446/element - {"using":"css selector","value":"#shell-header-logo"}
COMMAND: GET /session/80b25485da4cce0461fa749928cde446/screenshot - {}
RESULT: {}
RESULT: {"using":"css selector","value":"#shell-header-logo"}
COMMAND: POST /session/80b25485da4cce0461fa749928cde446/element/f.499FA332C3249B1FB6786AFDCB682F30.d.B9E845DA43488EB12DC423BD2E2D79B7.e.5663/click - {}
RESULT: {}
RESULT: {}
COMMAND: GET /session/80b25485da4cce0461fa749928cde446/screenshot - {}
RESULT: {}
COMMAND: POST /session/80b25485da4cce0461fa749928cde446/execute/async - {"script":"<script> [189 bytes]","args":[]}
RESULT: {"script":"<script> [189 bytes]","args":[]}
COMMAND: POST /session/80b25485da4cce0461fa749928cde446/execute/async - {"script":"<script> [123 bytes]","args":[]}
RESULT: {"script":"<script> [123 bytes]","args":[]}
COMMAND: POST /session/80b25485da4cce0461fa749928cde446/timeouts - {"script":"<number>"}
RESULT: {"script":"<number>"}
COMMAND: GET /session/80b25485da4cce0461fa749928cde446/timeouts - {}
RESULT: {}
RESULT: undefined
COMMAND: POST /session/80b25485da4cce0461fa749928cde446/execute/async - {"script":"<script> [2676 bytes]","args":[]}
RESULT: {"script":"<script> [2676 bytes]","args":[]}
COMMAND: POST /session/80b25485da4cce0461fa749928cde446/execute/async - {"script":"<script> [2342 bytes]","args":[{"protocol":"http","hostname":"0.0.0.0","path":"/","capabilities":{"browserName":"chrome","goog:chromeOptions":{"binary":"C:\\Program Files\\Google\\Chrome\\Application\\chrome.exe","args":["--start-maximized"]}},"logLevel":"warn","connectionRetryTimeout":120000,"connectionRetryCount":3,"logLevels":{},"enableDirectConnect":true,"strictSSL":true,"_":"65 more keys: [\"cacheDir\",\"port\",\"requestedCapabilities\",\"automationProtocol\",\"baseUrl\",\"waitforInterval\",\"waitforTimeout\",\"onReload\",\"beforeCommand\",\"afterCommand\",\"rootDir\",\"specs\",\"suites\",\"exclude\",\"groupLogsByTestSpec\",\"excludeDriverLogs\",\"bail\",\"framework\",\"reporters\",\"services\",\"maxInstances\",\"maxInstancesPerCapability\",\"injectGlobals\",\"filesToWatch\",\"execArgv\",\"runnerEnv\",\"runner\",\"shard\",\"specFileRetries\",\"specFileRetriesDelay\",\"specFileRetriesDeferred\",\"reporterSyncInterval\",\"reporterSyncTimeout\",\"cucumberFeaturesWithLineNumbers\",\"autoCompileOpts\",\"mochaOpts\",\"jasmineOpts\",\"cucumberOpts\",\"onPrepare\",\"onWorkerStart\",\"onWorkerEnd\",\"before\",\"beforeSession\",\"beforeSuite\",\"beforeHook\",\"beforeTest\",\"afterTest\",\"afterHook\",\"afterSuite\",\"afterSession\",\"after\",\"onComplete\",\"beforeAssertion\",\"afterAssertion\",\"beforeFeature\",\"beforeScenario\",\"beforeStep\",\"afterStep\",\"afterScenario\",\"afterFeature\",\"_\",\"suite\",\"$0\",\"ignoredWorkerServices\",\"wdi5\"]"}]}
RESULT: {"script":"<script> [2342 bytes]","args":[{"protocol":"http","hostname":"0.0.0.0","path":"/","capabilities":{"browserName":"chrome","goog:chromeOptions":{"binary":"C:\\Program Files\\Google\\Chrome\\Application\\chrome.exe","args":["--start-maximized"]}},"logLevel":"warn","connectionRetryTimeout":120000,"connectionRetryCount":3,"logLevels":{},"enableDirectConnect":true,"strictSSL":true,"_":"65 more keys: [\"cacheDir\",\"port\",\"requestedCapabilities\",\"automationProtocol\",\"baseUrl\",\"waitforInterval\",\"waitforTimeout\",\"onReload\",\"beforeCommand\",\"afterCommand\",\"rootDir\",\"specs\",\"suites\",\"exclude\",\"groupLogsByTestSpec\",\"excludeDriverLogs\",\"bail\",\"framework\",\"reporters\",\"services\",\"maxInstances\",\"maxInstancesPerCapability\",\"injectGlobals\",\"filesToWatch\",\"execArgv\",\"runnerEnv\",\"runner\",\"shard\",\"specFileRetries\",\"specFileRetriesDelay\",\"specFileRetriesDeferred\",\"reporterSyncInterval\",\"reporterSyncTimeout\",\"cucumberFeaturesWithLineNumbers\",\"autoCompileOpts\",\"mochaOpts\",\"jasmineOpts\",\"cucumberOpts\",\"onPrepare\",\"onWorkerStart\",\"onWorkerEnd\",\"before\",\"beforeSession\",\"beforeSuite\",\"beforeHook\",\"beforeTest\",\"afterTest\",\"afterHook\",\"afterSuite\",\"afterSession\",\"after\",\"onComplete\",\"beforeAssertion\",\"afterAssertion\",\"beforeFeature\",\"beforeScenario\",\"beforeStep\",\"afterStep\",\"afterScenario\",\"afterFeature\",\"_\",\"suite\",\"$0\",\"ignoredWorkerServices\",\"wdi5\"]"}]}
COMMAND: POST /session/80b25485da4cce0461fa749928cde446/execute/async - {"script":"<script> [21126 bytes]","args":[35000]}
RESULT: {"script":"<script> [21126 bytes]","args":[35000]}
COMMAND: POST /session/80b25485da4cce0461fa749928cde446/window/maximize - {}
RESULT: {}
COMMAND: POST /session/80b25485da4cce0461fa749928cde446/execute/async - {"script":"<script> [1562 bytes]","args":[{"selector":{"id":"shell-header","interaction":{"idSuffix":"icon"}},"wdio_ui5_key":"shellheader"}]}
COMMAND: GET /session/80b25485da4cce0461fa749928cde446/screenshot - {}
RESULT: {"script":"<script> [1562 bytes]","args":[{"selector":{"id":"shell-header","interaction":{"idSuffix":"icon"}},"wdio_ui5_key":"shellheader"}]}
RESULT: undefined
COMMAND: POST /session/80b25485da4cce0461fa749928cde446/window/fullscreen - {}
RESULT: {}
RESULT: {}
]]></system-out>
      <system-err><![CDATA[
Error: Can't call click on element with selector "//span[(text() = 'null' or . = 'null')]" because element wasn't found
    at async Context.<anonymous> (D:\a\1\s\test\specs\HTR\provide-to-site-w-warehouse-w-clarification.spec.js:381:9)
]]></system-err>
    </testcase>
  </testsuite>
  <testsuite timestamp="2025-06-01T16:37:49" time="141.227" tests="6" failures="0" errors="0" skipped="0">
    <properties>
      <property name="specId" value="0"/>
      <property name="suiteName" value="Provide to Site w/ warehouse management w/o clarification US113782 "/>
      <property name="capabilities" value="chrome.136_0_7103_93.windows"/>
      <property name="file" value="file:///D:/a/1/s/test/specs/HTR/provide-to-site-w-warehouse-wo-clarification.spec.js"/>
    </properties>
    <testcase classname="chrome.136_0_7103_93.windows.Provide_to_Site_w/_warehouse_management_w/o_clarification_US113782_" name="Should create a new WHM yard" time="0.013">
      <system-out><![CDATA[
COMMAND: POST /session/80b25485da4cce0461fa749928cde446/window/fullscreen - {}
RESULT: {}
]]></system-out>
    </testcase>
    <testcase classname="chrome.136_0_7103_93.windows.Provide_to_Site_w/_warehouse_management_w/o_clarification_US113782_" name="Should create a new external WHM partner" time="0.003"/>
    <testcase classname="chrome.136_0_7103_93.windows.Provide_to_Site_w/_warehouse_management_w/o_clarification_US113782_" name="Should create a new WHM site" time="0.003"/>
    <testcase classname="chrome.136_0_7103_93.windows.Provide_to_Site_w/_warehouse_management_w/o_clarification_US113782_" name="Should create a new material" time="125.345">
      <system-out><![CDATA[
COMMAND: POST /session/80b25485da4cce0461fa749928cde446/execute/async - {"script":"<script> [1562 bytes]","args":[{"selector":{"controlType":"sap.m.GenericTile","properties":{"header":"Manage Resources"}},"wdio_ui5_key":"sapm.GenericTile{\"header\":\"Manage Resources\"}"}]}
RESULT: {"script":"<script> [1562 bytes]","args":[{"selector":{"controlType":"sap.m.GenericTile","properties":{"header":"Manage Resources"}},"wdio_ui5_key":"sapm.GenericTile{\"header\":\"Manage Resources\"}"}]}
RESULT: undefined
COMMAND: POST /session/80b25485da4cce0461fa749928cde446/element - {"using":"xpath","value":"//*[@id=\"__tile31\"]"}
RESULT: {"using":"xpath","value":"//*[@id=\"__tile31\"]"}
COMMAND: POST /session/80b25485da4cce0461fa749928cde446/element/f.499FA332C3249B1FB6786AFDCB682F30.d.B9E845DA43488EB12DC423BD2E2D79B7.e.5679/click - {}
RESULT: {}
COMMAND: GET /session/80b25485da4cce0461fa749928cde446/screenshot - {}
RESULT: {}
COMMAND: POST /session/80b25485da4cce0461fa749928cde446/elements - {"using":"xpath","value":"//span[text()='Error']"}
RESULT: {"using":"xpath","value":"//span[text()='Error']"}
COMMAND: POST /session/80b25485da4cce0461fa749928cde446/element - {"using":"xpath","value":"//button[@data-kt=\"addNewRUOverflowToolbarButton\"]"}
RESULT: {"using":"xpath","value":"//button[@data-kt=\"addNewRUOverflowToolbarButton\"]"}
COMMAND: POST /session/80b25485da4cce0461fa749928cde446/elements - {"using":"xpath","value":"//button[@data-kt=\"addNewRUOverflowToolbarButton\"]"}
RESULT: {"using":"xpath","value":"//button[@data-kt=\"addNewRUOverflowToolbarButton\"]"}
COMMAND: POST /session/80b25485da4cce0461fa749928cde446/execute/sync - {"script":"<script> [8489 bytes]","args":[{"element-6066-11e4-a52e-4f735466cecf":"f.499FA332C3249B1FB6786AFDCB682F30.d.B9E845DA43488EB12DC423BD2E2D79B7.e.5821","ELEMENT":"f.499FA332C3249B1FB6786AFDCB682F30.d.B9E845DA43488EB12DC423BD2E2D79B7.e.5821"}]}
RESULT: {"script":"<script> [8489 bytes]","args":[{"element-6066-11e4-a52e-4f735466cecf":"f.499FA332C3249B1FB6786AFDCB682F30.d.B9E845DA43488EB12DC423BD2E2D79B7.e.5821","ELEMENT":"f.499FA332C3249B1FB6786AFDCB682F30.d.B9E845DA43488EB12DC423BD2E2D79B7.e.5821"}]}
COMMAND: GET /session/80b25485da4cce0461fa749928cde446/element/f.499FA332C3249B1FB6786AFDCB682F30.d.B9E845DA43488EB12DC423BD2E2D79B7.e.5821/enabled - {}
COMMAND: GET /session/80b25485da4cce0461fa749928cde446/screenshot - {}
RESULT: {}
COMMAND: POST /session/80b25485da4cce0461fa749928cde446/execute/sync - {"script":"<script> [8489 bytes]","args":[{"element-6066-11e4-a52e-4f735466cecf":"f.499FA332C3249B1FB6786AFDCB682F30.d.B9E845DA43488EB12DC423BD2E2D79B7.e.5821","ELEMENT":"f.499FA332C3249B1FB6786AFDCB682F30.d.B9E845DA43488EB12DC423BD2E2D79B7.e.5821"}]}
COMMAND: GET /session/80b25485da4cce0461fa749928cde446/screenshot - {}
RESULT: {}
RESULT: {"script":"<script> [8489 bytes]","args":[{"element-6066-11e4-a52e-4f735466cecf":"f.499FA332C3249B1FB6786AFDCB682F30.d.B9E845DA43488EB12DC423BD2E2D79B7.e.5821","ELEMENT":"f.499FA332C3249B1FB6786AFDCB682F30.d.B9E845DA43488EB12DC423BD2E2D79B7.e.5821"}]}
COMMAND: POST /session/80b25485da4cce0461fa749928cde446/execute/sync - {"script":"<script> [5351 bytes]","args":[{"element-6066-11e4-a52e-4f735466cecf":"f.499FA332C3249B1FB6786AFDCB682F30.d.B9E845DA43488EB12DC423BD2E2D79B7.e.5821","ELEMENT":"f.499FA332C3249B1FB6786AFDCB682F30.d.B9E845DA43488EB12DC423BD2E2D79B7.e.5821"}]}
COMMAND: GET /session/80b25485da4cce0461fa749928cde446/screenshot - {}
RESULT: {}
RESULT: {"script":"<script> [5351 bytes]","args":[{"element-6066-11e4-a52e-4f735466cecf":"f.499FA332C3249B1FB6786AFDCB682F30.d.B9E845DA43488EB12DC423BD2E2D79B7.e.5821","ELEMENT":"f.499FA332C3249B1FB6786AFDCB682F30.d.B9E845DA43488EB12DC423BD2E2D79B7.e.5821"}]}
COMMAND: POST /session/80b25485da4cce0461fa749928cde446/element/f.499FA332C3249B1FB6786AFDCB682F30.d.B9E845DA43488EB12DC423BD2E2D79B7.e.5821/click - {}
COMMAND: GET /session/80b25485da4cce0461fa749928cde446/screenshot - {}
RESULT: {}
RESULT: {}
COMMAND: GET /session/80b25485da4cce0461fa749928cde446/screenshot - {}
RESULT: {}
RESULT: {}
COMMAND: POST /session/80b25485da4cce0461fa749928cde446/execute/async - {"script":"<script> [1562 bytes]","args":[{"selector":{"id":"application-manageresources-display-component---newResourceUnit--TYPE-arrow"},"wdio_ui5_key":"applicationmanageresources-display-component---newResourceUnit--TYPE-arrow"}]}
RESULT: {"script":"<script> [1562 bytes]","args":[{"selector":{"id":"application-manageresources-display-component---newResourceUnit--TYPE-arrow"},"wdio_ui5_key":"applicationmanageresources-display-component---newResourceUnit--TYPE-arrow"}]}
RESULT: undefined
COMMAND: POST /session/80b25485da4cce0461fa749928cde446/element - {"using":"xpath","value":"//*[@id=\"application-manageresources-display-component---newResourceUnit--TYPE-arrow\"]"}
RESULT: {"using":"xpath","value":"//*[@id=\"application-manageresources-display-component---newResourceUnit--TYPE-arrow\"]"}
COMMAND: POST /session/80b25485da4cce0461fa749928cde446/element/f.499FA332C3249B1FB6786AFDCB682F30.d.B9E845DA43488EB12DC423BD2E2D79B7.e.6178/click - {}
RESULT: {}
COMMAND: POST /session/80b25485da4cce0461fa749928cde446/element - {"using":"xpath","value":"//input[@id=\"application-manageresources-display-component---newResourceUnit--TYPE-inner\"]"}
COMMAND: GET /session/80b25485da4cce0461fa749928cde446/screenshot - {}
RESULT: {"using":"xpath","value":"//input[@id=\"application-manageresources-display-component---newResourceUnit--TYPE-inner\"]"}
COMMAND: POST /session/80b25485da4cce0461fa749928cde446/element/f.499FA332C3249B1FB6786AFDCB682F30.d.B9E845DA43488EB12DC423BD2E2D79B7.e.6159/clear - {}
RESULT: {}
RESULT: {}
COMMAND: POST /session/80b25485da4cce0461fa749928cde446/element/f.499FA332C3249B1FB6786AFDCB682F30.d.B9E845DA43488EB12DC423BD2E2D79B7.e.6159/value - {"text":"Material"}
COMMAND: GET /session/80b25485da4cce0461fa749928cde446/screenshot - {}
RESULT: {"text":"Material"}
COMMAND: GET /session/80b25485da4cce0461fa749928cde446/screenshot - {}
RESULT: {}
RESULT: {}
COMMAND: POST /session/80b25485da4cce0461fa749928cde446/actions - {"actions":[{"id":"action21","type":"key","parameters":{},"actions":[{"type":"keyDown","value":""},{"type":"pause","duration":10},{"type":"keyUp","value":""}]}]}
RESULT: {"actions":[{"id":"action21","type":"key","parameters":{},"actions":[{"type":"keyDown","value":""},{"type":"pause","duration":10},{"type":"keyUp","value":""}]}]}
COMMAND: POST /session/80b25485da4cce0461fa749928cde446/execute/async - {"script":"<script> [1562 bytes]","args":[{"selector":{"id":"application-manageresources-display-component---newResourceUnit--SHORT_TEXT","interaction":{"idSuffix":"inner"}},"wdio_ui5_key":"applicationmanageresources-display-component---newResourceUnit--SHORT_TEXT"}]}
COMMAND: GET /session/80b25485da4cce0461fa749928cde446/screenshot - {}
RESULT: {"script":"<script> [1562 bytes]","args":[{"selector":{"id":"application-manageresources-display-component---newResourceUnit--SHORT_TEXT","interaction":{"idSuffix":"inner"}},"wdio_ui5_key":"applicationmanageresources-display-component---newResourceUnit--SHORT_TEXT"}]}
RESULT: undefined
COMMAND: POST /session/80b25485da4cce0461fa749928cde446/execute/async - {"script":"<script> [776 bytes]","args":[{"enterText":"Cement WDIO","selector":{"id":"application-manageresources-display-component---newResourceUnit--SHORT_TEXT","interaction":{"idSuffix":"inner"}},"clearTextFirst":true,"interactionType":"ENTER_TEXT"}]}
RESULT: {}
RESULT: {"script":"<script> [776 bytes]","args":[{"enterText":"Cement WDIO","selector":{"id":"application-manageresources-display-component---newResourceUnit--SHORT_TEXT","interaction":{"idSuffix":"inner"}},"clearTextFirst":true,"interactionType":"ENTER_TEXT"}]}
COMMAND: POST /session/80b25485da4cce0461fa749928cde446/execute/async - {"script":"<script> [1562 bytes]","args":[{"selector":{"id":"application-manageresources-display-component---newResourceUnit--BASE_UNIT_OF_MEASURE","interaction":{"idSuffix":"inner"}},"wdio_ui5_key":"applicationmanageresources-display-component---newResourceUnit--BASE_UNIT_OF_MEASURE"}]}
RESULT: {"script":"<script> [1562 bytes]","args":[{"selector":{"id":"application-manageresources-display-component---newResourceUnit--BASE_UNIT_OF_MEASURE","interaction":{"idSuffix":"inner"}},"wdio_ui5_key":"applicationmanageresources-display-component---newResourceUnit--BASE_UNIT_OF_MEASURE"}]}
RESULT: undefined
COMMAND: POST /session/80b25485da4cce0461fa749928cde446/execute/async - {"script":"<script> [776 bytes]","args":[{"enterText":"Piece","selector":{"id":"application-manageresources-display-component---newResourceUnit--BASE_UNIT_OF_MEASURE","interaction":{"idSuffix":"inner"}},"clearTextFirst":true,"interactionType":"ENTER_TEXT"}]}
RESULT: {"script":"<script> [776 bytes]","args":[{"enterText":"Piece","selector":{"id":"application-manageresources-display-component---newResourceUnit--BASE_UNIT_OF_MEASURE","interaction":{"idSuffix":"inner"}},"clearTextFirst":true,"interactionType":"ENTER_TEXT"}]}
COMMAND: POST /session/80b25485da4cce0461fa749928cde446/execute/async - {"script":"<script> [1562 bytes]","args":[{"selector":{"id":"application-manageresources-display-component---newResourceUnit--WEIGHT_UNIT","interaction":{"idSuffix":"inner"}},"wdio_ui5_key":"applicationmanageresources-display-component---newResourceUnit--WEIGHT_UNIT"}]}
RESULT: {"script":"<script> [1562 bytes]","args":[{"selector":{"id":"application-manageresources-display-component---newResourceUnit--WEIGHT_UNIT","interaction":{"idSuffix":"inner"}},"wdio_ui5_key":"applicationmanageresources-display-component---newResourceUnit--WEIGHT_UNIT"}]}
RESULT: undefined
COMMAND: POST /session/80b25485da4cce0461fa749928cde446/execute/async - {"script":"<script> [776 bytes]","args":[{"enterText":"Gram","selector":{"id":"application-manageresources-display-component---newResourceUnit--WEIGHT_UNIT","interaction":{"idSuffix":"inner"}},"clearTextFirst":true,"interactionType":"ENTER_TEXT"}]}
RESULT: {"script":"<script> [776 bytes]","args":[{"enterText":"Gram","selector":{"id":"application-manageresources-display-component---newResourceUnit--WEIGHT_UNIT","interaction":{"idSuffix":"inner"}},"clearTextFirst":true,"interactionType":"ENTER_TEXT"}]}
COMMAND: POST /session/80b25485da4cce0461fa749928cde446/execute/async - {"script":"<script> [1562 bytes]","args":[{"selector":{"id":"application-manageresources-display-component---newResourceUnit--DIMENSION_UNIT","interaction":{"idSuffix":"inner"}},"wdio_ui5_key":"applicationmanageresources-display-component---newResourceUnit--DIMENSION_UNIT"}]}
RESULT: {"script":"<script> [1562 bytes]","args":[{"selector":{"id":"application-manageresources-display-component---newResourceUnit--DIMENSION_UNIT","interaction":{"idSuffix":"inner"}},"wdio_ui5_key":"applicationmanageresources-display-component---newResourceUnit--DIMENSION_UNIT"}]}
RESULT: undefined
COMMAND: POST /session/80b25485da4cce0461fa749928cde446/execute/async - {"script":"<script> [776 bytes]","args":[{"enterText":"Meter","selector":{"id":"application-manageresources-display-component---newResourceUnit--DIMENSION_UNIT","interaction":{"idSuffix":"inner"}},"clearTextFirst":true,"interactionType":"ENTER_TEXT"}]}
RESULT: {"script":"<script> [776 bytes]","args":[{"enterText":"Meter","selector":{"id":"application-manageresources-display-component---newResourceUnit--DIMENSION_UNIT","interaction":{"idSuffix":"inner"}},"clearTextFirst":true,"interactionType":"ENTER_TEXT"}]}
COMMAND: POST /session/80b25485da4cce0461fa749928cde446/execute/async - {"script":"<script> [1562 bytes]","args":[{"selector":{"id":"application-manageresources-display-component---newResourceUnit--newRRUPage-anchBar-application-manageresources-display-component---newResourceUnit--control-anchor","interaction":{"idSuffix":"BDI-content"}},"wdio_ui5_key":"applicationmanageresources-display-component---newResourceUnit--newRRUPage-anchBar-application-manageresources-display-component---newResourceUnit--control-anchor"}]}
RESULT: {"script":"<script> [1562 bytes]","args":[{"selector":{"id":"application-manageresources-display-component---newResourceUnit--newRRUPage-anchBar-application-manageresources-display-component---newResourceUnit--control-anchor","interaction":{"idSuffix":"BDI-content"}},"wdio_ui5_key":"applicationmanageresources-display-component---newResourceUnit--newRRUPage-anchBar-application-manageresources-display-component---newResourceUnit--control-anchor"}]}
RESULT: undefined
COMMAND: POST /session/80b25485da4cce0461fa749928cde446/element - {"using":"xpath","value":"//*[@id=\"application-manageresources-display-component---newResourceUnit--newRRUPage-anchBar-application-manageresources-display-component---newResourceUnit--control-anchor\"]"}
RESULT: {"using":"xpath","value":"//*[@id=\"application-manageresources-display-component---newResourceUnit--newRRUPage-anchBar-application-manageresources-display-component---newResourceUnit--control-anchor\"]"}
COMMAND: POST /session/80b25485da4cce0461fa749928cde446/element/f.499FA332C3249B1FB6786AFDCB682F30.d.B9E845DA43488EB12DC423BD2E2D79B7.e.6311/click - {}
RESULT: {}
COMMAND: POST /session/80b25485da4cce0461fa749928cde446/execute/async - {"script":"<script> [1562 bytes]","args":[{"selector":{"id":"application-manageresources-display-component---newResourceUnit--PLANNING_GROUP","interaction":{"idSuffix":"inner"}},"wdio_ui5_key":"applicationmanageresources-display-component---newResourceUnit--PLANNING_GROUP"}]}
COMMAND: GET /session/80b25485da4cce0461fa749928cde446/screenshot - {}
RESULT: {"script":"<script> [1562 bytes]","args":[{"selector":{"id":"application-manageresources-display-component---newResourceUnit--PLANNING_GROUP","interaction":{"idSuffix":"inner"}},"wdio_ui5_key":"applicationmanageresources-display-component---newResourceUnit--PLANNING_GROUP"}]}
RESULT: undefined
COMMAND: POST /session/80b25485da4cce0461fa749928cde446/execute/async - {"script":"<script> [776 bytes]","args":[{"enterText":"Material","selector":{"id":"application-manageresources-display-component---newResourceUnit--PLANNING_GROUP","interaction":{"idSuffix":"inner"}},"clearTextFirst":true,"interactionType":"ENTER_TEXT"}]}
RESULT: {}
RESULT: {"script":"<script> [776 bytes]","args":[{"enterText":"Material","selector":{"id":"application-manageresources-display-component---newResourceUnit--PLANNING_GROUP","interaction":{"idSuffix":"inner"}},"clearTextFirst":true,"interactionType":"ENTER_TEXT"}]}
COMMAND: POST /session/80b25485da4cce0461fa749928cde446/execute/async - {"script":"<script> [1562 bytes]","args":[{"selector":{"id":"application-manageresources-display-component---newResourceUnit--PLANNING_INDICATOR","interaction":{"idSuffix":"inner"}},"wdio_ui5_key":"applicationmanageresources-display-component---newResourceUnit--PLANNING_INDICATOR"}]}
RESULT: {"script":"<script> [1562 bytes]","args":[{"selector":{"id":"application-manageresources-display-component---newResourceUnit--PLANNING_INDICATOR","interaction":{"idSuffix":"inner"}},"wdio_ui5_key":"applicationmanageresources-display-component---newResourceUnit--PLANNING_INDICATOR"}]}
RESULT: undefined
COMMAND: POST /session/80b25485da4cce0461fa749928cde446/execute/async - {"script":"<script> [776 bytes]","args":[{"enterText":"10 - infinite","selector":{"id":"application-manageresources-display-component---newResourceUnit--PLANNING_INDICATOR","interaction":{"idSuffix":"inner"}},"clearTextFirst":true,"interactionType":"ENTER_TEXT"}]}
RESULT: {"script":"<script> [776 bytes]","args":[{"enterText":"10 - infinite","selector":{"id":"application-manageresources-display-component---newResourceUnit--PLANNING_INDICATOR","interaction":{"idSuffix":"inner"}},"clearTextFirst":true,"interactionType":"ENTER_TEXT"}]}
COMMAND: POST /session/80b25485da4cce0461fa749928cde446/element - {"using":"css selector","value":"#application-manageresources-display-component---newResourceUnit--btnAddTimeSegment"}
RESULT: {"using":"css selector","value":"#application-manageresources-display-component---newResourceUnit--btnAddTimeSegment"}
COMMAND: GET /session/80b25485da4cce0461fa749928cde446/element/f.499FA332C3249B1FB6786AFDCB682F30.d.B9E845DA43488EB12DC423BD2E2D79B7.e.6321/rect - {}
RESULT: {}
COMMAND: GET /session/80b25485da4cce0461fa749928cde446/window/rect - {}
RESULT: {}
COMMAND: POST /session/80b25485da4cce0461fa749928cde446/execute/sync - {"script":"<script> [92 bytes]","args":[]}
RESULT: {"script":"<script> [92 bytes]","args":[]}
COMMAND: POST /session/80b25485da4cce0461fa749928cde446/actions - {"actions":[{"id":"action22","type":"wheel","parameters":{},"actions":[{"type":"scroll","x":-1888,"y":-32,"deltaX":0,"deltaY":0,"duration":0,"origin":{"element-6066-11e4-a52e-4f735466cecf":"f.499FA332C3249B1FB6786AFDCB682F30.d.B9E845DA43488EB12DC423BD2E2D79B7.e.6321"}}]}]}
COMMAND: GET /session/80b25485da4cce0461fa749928cde446/screenshot - {}
RESULT: {}
COMMAND: POST /session/80b25485da4cce0461fa749928cde446/execute/sync - {"script":"<script> [79 bytes]","args":[{"element-6066-11e4-a52e-4f735466cecf":"f.499FA332C3249B1FB6786AFDCB682F30.d.B9E845DA43488EB12DC423BD2E2D79B7.e.6321","ELEMENT":"f.499FA332C3249B1FB6786AFDCB682F30.d.B9E845DA43488EB12DC423BD2E2D79B7.e.6321"},{"block":"start","inline":"nearest"}]}
RESULT: {"script":"<script> [79 bytes]","args":[{"element-6066-11e4-a52e-4f735466cecf":"f.499FA332C3249B1FB6786AFDCB682F30.d.B9E845DA43488EB12DC423BD2E2D79B7.e.6321","ELEMENT":"f.499FA332C3249B1FB6786AFDCB682F30.d.B9E845DA43488EB12DC423BD2E2D79B7.e.6321"},{"block":"start","inline":"nearest"}]}
COMMAND: POST /session/80b25485da4cce0461fa749928cde446/execute/async - {"script":"<script> [1562 bytes]","args":[{"selector":{"id":"application-manageresources-display-component---newResourceUnit--btnAddTimeSegment","interaction":{"idSuffix":"inner"}},"wdio_ui5_key":"applicationmanageresources-display-component---newResourceUnit--btnAddTimeSegment"}]}
COMMAND: GET /session/80b25485da4cce0461fa749928cde446/screenshot - {}
RESULT: {"script":"<script> [1562 bytes]","args":[{"selector":{"id":"application-manageresources-display-component---newResourceUnit--btnAddTimeSegment","interaction":{"idSuffix":"inner"}},"wdio_ui5_key":"applicationmanageresources-display-component---newResourceUnit--btnAddTimeSegment"}]}
RESULT: undefined
COMMAND: POST /session/80b25485da4cce0461fa749928cde446/element - {"using":"xpath","value":"//*[@id=\"application-manageresources-display-component---newResourceUnit--btnAddTimeSegment\"]"}
RESULT: {}
RESULT: {"using":"xpath","value":"//*[@id=\"application-manageresources-display-component---newResourceUnit--btnAddTimeSegment\"]"}
COMMAND: POST /session/80b25485da4cce0461fa749928cde446/element/f.499FA332C3249B1FB6786AFDCB682F30.d.B9E845DA43488EB12DC423BD2E2D79B7.e.6321/click - {}
RESULT: {}
COMMAND: GET /session/80b25485da4cce0461fa749928cde446/screenshot - {}
RESULT: {}
COMMAND: POST /session/80b25485da4cce0461fa749928cde446/element - {"using":"xpath","value":"//input[@id=\"application-manageresources-display-component---newResourceUnit--idRuTSAdmin-application-manageresources-display-component---newResourceUnit--RUTimeSegment-0-inner\"]"}
RESULT: {"using":"xpath","value":"//input[@id=\"application-manageresources-display-component---newResourceUnit--idRuTSAdmin-application-manageresources-display-component---newResourceUnit--RUTimeSegment-0-inner\"]"}
COMMAND: POST /session/80b25485da4cce0461fa749928cde446/element/f.499FA332C3249B1FB6786AFDCB682F30.d.B9E845DA43488EB12DC423BD2E2D79B7.e.6326/clear - {}
RESULT: {}
COMMAND: POST /session/80b25485da4cce0461fa749928cde446/element/f.499FA332C3249B1FB6786AFDCB682F30.d.B9E845DA43488EB12DC423BD2E2D79B7.e.6326/value - {"text":"548"}
COMMAND: GET /session/80b25485da4cce0461fa749928cde446/screenshot - {}
RESULT: {"text":"548"}
COMMAND: GET /session/80b25485da4cce0461fa749928cde446/screenshot - {}
RESULT: {}
RESULT: {}
COMMAND: POST /session/80b25485da4cce0461fa749928cde446/element - {"using":"xpath","value":"//li[.//span[text()='548']]"}
RESULT: {"using":"xpath","value":"//li[.//span[text()='548']]"}
COMMAND: POST /session/80b25485da4cce0461fa749928cde446/element/f.499FA332C3249B1FB6786AFDCB682F30.d.B9E845DA43488EB12DC423BD2E2D79B7.e.6336/click - {}
RESULT: {}
COMMAND: GET /session/80b25485da4cce0461fa749928cde446/screenshot - {}
RESULT: {}
COMMAND: POST /session/80b25485da4cce0461fa749928cde446/element - {"using":"xpath","value":"(//span[contains(@id, \"-application-manageresources-display-component---newResourceUnit--RUTimeSegment-0-arrow\")])[2]"}
RESULT: {"using":"xpath","value":"(//span[contains(@id, \"-application-manageresources-display-component---newResourceUnit--RUTimeSegment-0-arrow\")])[2]"}
COMMAND: POST /session/80b25485da4cce0461fa749928cde446/element/f.499FA332C3249B1FB6786AFDCB682F30.d.B9E845DA43488EB12DC423BD2E2D79B7.e.6337/click - {}
RESULT: {}
COMMAND: POST /session/80b25485da4cce0461fa749928cde446/element - {"using":"xpath","value":"//span[contains(text(), \"PM Order\")]"}
COMMAND: GET /session/80b25485da4cce0461fa749928cde446/screenshot - {}
RESULT: {"using":"xpath","value":"//span[contains(text(), \"PM Order\")]"}
COMMAND: POST /session/80b25485da4cce0461fa749928cde446/element/f.499FA332C3249B1FB6786AFDCB682F30.d.B9E845DA43488EB12DC423BD2E2D79B7.e.6338/click - {}
RESULT: {}
RESULT: {}
COMMAND: GET /session/80b25485da4cce0461fa749928cde446/screenshot - {}
RESULT: {}
COMMAND: POST /session/80b25485da4cce0461fa749928cde446/element - {"using":"xpath","value":"//td/div/div/div/span[contains(@id, \"newResourceUnit--RUTimeSegment-0-vhi\")][1]"}
RESULT: {"using":"xpath","value":"//td/div/div/div/span[contains(@id, \"newResourceUnit--RUTimeSegment-0-vhi\")][1]"}
COMMAND: GET /session/80b25485da4cce0461fa749928cde446/element/f.499FA332C3249B1FB6786AFDCB682F30.d.B9E845DA43488EB12DC423BD2E2D79B7.e.6342/rect - {}
RESULT: {}
COMMAND: GET /session/80b25485da4cce0461fa749928cde446/window/rect - {}
RESULT: {}
COMMAND: POST /session/80b25485da4cce0461fa749928cde446/execute/sync - {"script":"<script> [92 bytes]","args":[]}
RESULT: {"script":"<script> [92 bytes]","args":[]}
COMMAND: POST /session/80b25485da4cce0461fa749928cde446/actions - {"actions":[{"id":"action23","type":"wheel","parameters":{},"actions":[{"type":"scroll","x":-1888,"y":-24,"deltaX":0,"deltaY":0,"duration":0,"origin":{"element-6066-11e4-a52e-4f735466cecf":"f.499FA332C3249B1FB6786AFDCB682F30.d.B9E845DA43488EB12DC423BD2E2D79B7.e.6342"}}]}]}
COMMAND: GET /session/80b25485da4cce0461fa749928cde446/screenshot - {}
RESULT: {}
COMMAND: POST /session/80b25485da4cce0461fa749928cde446/execute/sync - {"script":"<script> [79 bytes]","args":[{"element-6066-11e4-a52e-4f735466cecf":"f.499FA332C3249B1FB6786AFDCB682F30.d.B9E845DA43488EB12DC423BD2E2D79B7.e.6342","ELEMENT":"f.499FA332C3249B1FB6786AFDCB682F30.d.B9E845DA43488EB12DC423BD2E2D79B7.e.6342"},{"block":"start","inline":"nearest"}]}
RESULT: {"script":"<script> [79 bytes]","args":[{"element-6066-11e4-a52e-4f735466cecf":"f.499FA332C3249B1FB6786AFDCB682F30.d.B9E845DA43488EB12DC423BD2E2D79B7.e.6342","ELEMENT":"f.499FA332C3249B1FB6786AFDCB682F30.d.B9E845DA43488EB12DC423BD2E2D79B7.e.6342"},{"block":"start","inline":"nearest"}]}
COMMAND: GET /session/80b25485da4cce0461fa749928cde446/screenshot - {}
RESULT: {}
COMMAND: POST /session/80b25485da4cce0461fa749928cde446/element/f.499FA332C3249B1FB6786AFDCB682F30.d.B9E845DA43488EB12DC423BD2E2D79B7.e.6342/click - {}
RESULT: {}
COMMAND: GET /session/80b25485da4cce0461fa749928cde446/screenshot - {}
RESULT: {}
COMMAND: POST /session/80b25485da4cce0461fa749928cde446/execute/async - {"script":"<script> [1562 bytes]","args":[{"selector":{"controlType":"sap.m.SearchField","properties":{"placeholder":"Search"},"searchOpenDialogs":true,"interaction":{"idSuffix":"I"}},"wdio_ui5_key":"sapm.SearchField{\"placeholder\":\"Search\"}"}]}
RESULT: {"script":"<script> [1562 bytes]","args":[{"selector":{"controlType":"sap.m.SearchField","properties":{"placeholder":"Search"},"searchOpenDialogs":true,"interaction":{"idSuffix":"I"}},"wdio_ui5_key":"sapm.SearchField{\"placeholder\":\"Search\"}"}]}
RESULT: undefined
COMMAND: POST /session/80b25485da4cce0461fa749928cde446/execute/async - {"script":"<script> [776 bytes]","args":[{"enterText":"4000360","selector":{"controlType":"sap.m.SearchField","properties":{"placeholder":"Search"},"searchOpenDialogs":true,"interaction":{"idSuffix":"I"}},"clearTextFirst":true,"interactionType":"ENTER_TEXT"}]}
RESULT: {"script":"<script> [776 bytes]","args":[{"enterText":"4000360","selector":{"controlType":"sap.m.SearchField","properties":{"placeholder":"Search"},"searchOpenDialogs":true,"interaction":{"idSuffix":"I"}},"clearTextFirst":true,"interactionType":"ENTER_TEXT"}]}
COMMAND: POST /session/80b25485da4cce0461fa749928cde446/actions - {"actions":[{"id":"action24","type":"key","parameters":{},"actions":[{"type":"keyDown","value":""},{"type":"pause","duration":10},{"type":"keyUp","value":""}]}]}
RESULT: {"actions":[{"id":"action24","type":"key","parameters":{},"actions":[{"type":"keyDown","value":""},{"type":"pause","duration":10},{"type":"keyUp","value":""}]}]}
COMMAND: GET /session/80b25485da4cce0461fa749928cde446/screenshot - {}
RESULT: {}
COMMAND: POST /session/80b25485da4cce0461fa749928cde446/element - {"using":"xpath","value":"//td/div/span[contains(text(), \"BGL Vehicles\")]"}
RESULT: {"using":"xpath","value":"//td/div/span[contains(text(), \"BGL Vehicles\")]"}
COMMAND: POST /session/80b25485da4cce0461fa749928cde446/element/f.499FA332C3249B1FB6786AFDCB682F30.d.B9E845DA43488EB12DC423BD2E2D79B7.e.6363/click - {}
RESULT: {}
COMMAND: GET /session/80b25485da4cce0461fa749928cde446/screenshot - {}
RESULT: {}
COMMAND: POST /session/80b25485da4cce0461fa749928cde446/element - {"using":"xpath","value":"//bdi[contains(text(), \"OK\")]"}
RESULT: {"using":"xpath","value":"//bdi[contains(text(), \"OK\")]"}
COMMAND: POST /session/80b25485da4cce0461fa749928cde446/element/f.499FA332C3249B1FB6786AFDCB682F30.d.B9E845DA43488EB12DC423BD2E2D79B7.e.6364/click - {}
RESULT: {}
COMMAND: GET /session/80b25485da4cce0461fa749928cde446/screenshot - {}
RESULT: {}
COMMAND: POST /session/80b25485da4cce0461fa749928cde446/element - {"using":"xpath","value":"//label[contains(@class, 'sapMLabelRequired') and .//bdi[contains(text(), 'Planned Retirement')]]"}
RESULT: {"using":"xpath","value":"//label[contains(@class, 'sapMLabelRequired') and .//bdi[contains(text(), 'Planned Retirement')]]"}
COMMAND: POST /session/80b25485da4cce0461fa749928cde446/elements - {"using":"xpath","value":"//label[contains(@class, 'sapMLabelRequired') and .//bdi[contains(text(), 'Planned Retirement')]]"}
RESULT: {"using":"xpath","value":"//label[contains(@class, 'sapMLabelRequired') and .//bdi[contains(text(), 'Planned Retirement')]]"}
COMMAND: POST /session/80b25485da4cce0461fa749928cde446/element - {"using":"xpath","value":"//button[@data-kt=\"resourceUnitSaveButton\"]"}
RESULT: {"using":"xpath","value":"//button[@data-kt=\"resourceUnitSaveButton\"]"}
COMMAND: POST /session/80b25485da4cce0461fa749928cde446/element/f.499FA332C3249B1FB6786AFDCB682F30.d.B9E845DA43488EB12DC423BD2E2D79B7.e.6198/click - {}
RESULT: {}
COMMAND: GET /session/80b25485da4cce0461fa749928cde446/screenshot - {}
RESULT: {}
COMMAND: POST /session/80b25485da4cce0461fa749928cde446/element - {"using":"xpath","value":"//bdi[contains(text(), \"Close\")]"}
RESULT: {"using":"xpath","value":"//bdi[contains(text(), \"Close\")]"}
COMMAND: POST /session/80b25485da4cce0461fa749928cde446/element/f.499FA332C3249B1FB6786AFDCB682F30.d.B9E845DA43488EB12DC423BD2E2D79B7.e.6370/click - {}
RESULT: {}
COMMAND: GET /session/80b25485da4cce0461fa749928cde446/screenshot - {}
RESULT: {}
COMMAND: POST /session/80b25485da4cce0461fa749928cde446/element - {"using":"xpath","value":"//header[contains(@id, 'detailRruPage-headerTitle')]/div[1]/div[2]/div[2]/span[1]"}
RESULT: {"using":"xpath","value":"//header[contains(@id, 'detailRruPage-headerTitle')]/div[1]/div[2]/div[2]/span[1]"}
COMMAND: POST /session/80b25485da4cce0461fa749928cde446/elements - {"using":"xpath","value":"//header[contains(@id, 'detailRruPage-headerTitle')]/div[1]/div[2]/div[2]/span[1]"}
RESULT: {"using":"xpath","value":"//header[contains(@id, 'detailRruPage-headerTitle')]/div[1]/div[2]/div[2]/span[1]"}
COMMAND: POST /session/80b25485da4cce0461fa749928cde446/execute/sync - {"script":"<script> [56 bytes]","args":[{"element-6066-11e4-a52e-4f735466cecf":"f.499FA332C3249B1FB6786AFDCB682F30.d.B9E845DA43488EB12DC423BD2E2D79B7.e.6406","ELEMENT":"f.499FA332C3249B1FB6786AFDCB682F30.d.B9E845DA43488EB12DC423BD2E2D79B7.e.6406"}]}
RESULT: {"script":"<script> [56 bytes]","args":[{"element-6066-11e4-a52e-4f735466cecf":"f.499FA332C3249B1FB6786AFDCB682F30.d.B9E845DA43488EB12DC423BD2E2D79B7.e.6406","ELEMENT":"f.499FA332C3249B1FB6786AFDCB682F30.d.B9E845DA43488EB12DC423BD2E2D79B7.e.6406"}]}
COMMAND: POST /session/80b25485da4cce0461fa749928cde446/element - {"using":"css selector","value":"#shell-header-logo"}
COMMAND: GET /session/80b25485da4cce0461fa749928cde446/screenshot - {}
RESULT: {"using":"css selector","value":"#shell-header-logo"}
COMMAND: POST /session/80b25485da4cce0461fa749928cde446/element/f.499FA332C3249B1FB6786AFDCB682F30.d.B9E845DA43488EB12DC423BD2E2D79B7.e.5663/click - {}
RESULT: {}
RESULT: {}
COMMAND: GET /session/80b25485da4cce0461fa749928cde446/screenshot - {}
RESULT: {}
]]></system-out>
    </testcase>
    <testcase classname="chrome.136_0_7103_93.windows.Provide_to_Site_w/_warehouse_management_w/o_clarification_US113782_" name="Bin Status Report Should Create New Organization yard" time="0.004"/>
    <testcase classname="chrome.136_0_7103_93.windows.Provide_to_Site_w/_warehouse_management_w/o_clarification_US113782_" name="Bin Status Report Should Create New Organization for Site" time="0.004"/>
  </testsuite>
  <testsuite timestamp="2025-06-01T16:40:10" time="306.486" tests="5" failures="5" errors="5" skipped="0">
    <properties>
      <property name="specId" value="0"/>
      <property name="suiteName" value="Provide to Site w/ warehouse management wo clarification"/>
      <property name="capabilities" value="chrome.136_0_7103_93.windows"/>
      <property name="file" value="file:///D:/a/1/s/test/specs/HTR/provide-to-site-w-warehouse-wo-clarification.spec.js"/>
    </properties>
    <testcase classname="chrome.136_0_7103_93.windows.Provide_to_Site_w/_warehouse_management_wo_clarification" name="Should do a stock increase handover" time="90.905">
      <failure/>
      <error message="Can't call click on element with selector &quot;//li[.//span[contains(text(),'548 -')]]&quot; because element wasn't found"/>
      <system-out><![CDATA[
COMMAND: POST /session/80b25485da4cce0461fa749928cde446/execute/async - {"script":"<script> [1562 bytes]","args":[{"selector":{"controlType":"sap.m.GenericTile","properties":{"header":"Manage Handovers"}},"wdio_ui5_key":"sapm.GenericTile{\"header\":\"Manage Handovers\"}"}]}
RESULT: {"script":"<script> [1562 bytes]","args":[{"selector":{"controlType":"sap.m.GenericTile","properties":{"header":"Manage Handovers"}},"wdio_ui5_key":"sapm.GenericTile{\"header\":\"Manage Handovers\"}"}]}
RESULT: undefined
COMMAND: POST /session/80b25485da4cce0461fa749928cde446/element - {"using":"xpath","value":"//*[@id=\"__tile132\"]"}
RESULT: {"using":"xpath","value":"//*[@id=\"__tile132\"]"}
COMMAND: POST /session/80b25485da4cce0461fa749928cde446/element/f.499FA332C3249B1FB6786AFDCB682F30.d.B9E845DA43488EB12DC423BD2E2D79B7.e.5706/click - {}
RESULT: {}
COMMAND: GET /session/80b25485da4cce0461fa749928cde446/screenshot - {}
RESULT: {}
COMMAND: POST /session/80b25485da4cce0461fa749928cde446/elements - {"using":"xpath","value":"//span[text()='Error']"}
RESULT: {"using":"xpath","value":"//span[text()='Error']"}
COMMAND: POST /session/80b25485da4cce0461fa749928cde446/element - {"using":"xpath","value":"//button[@data-kt=\"masterHOAddButton\"]"}
RESULT: {"using":"xpath","value":"//button[@data-kt=\"masterHOAddButton\"]"}
COMMAND: POST /session/80b25485da4cce0461fa749928cde446/elements - {"using":"xpath","value":"//button[@data-kt=\"masterHOAddButton\"]"}
RESULT: {"using":"xpath","value":"//button[@data-kt=\"masterHOAddButton\"]"}
COMMAND: POST /session/80b25485da4cce0461fa749928cde446/execute/sync - {"script":"<script> [8489 bytes]","args":[{"element-6066-11e4-a52e-4f735466cecf":"f.499FA332C3249B1FB6786AFDCB682F30.d.B9E845DA43488EB12DC423BD2E2D79B7.e.6446","ELEMENT":"f.499FA332C3249B1FB6786AFDCB682F30.d.B9E845DA43488EB12DC423BD2E2D79B7.e.6446"}]}
RESULT: {"script":"<script> [8489 bytes]","args":[{"element-6066-11e4-a52e-4f735466cecf":"f.499FA332C3249B1FB6786AFDCB682F30.d.B9E845DA43488EB12DC423BD2E2D79B7.e.6446","ELEMENT":"f.499FA332C3249B1FB6786AFDCB682F30.d.B9E845DA43488EB12DC423BD2E2D79B7.e.6446"}]}
COMMAND: GET /session/80b25485da4cce0461fa749928cde446/element/f.499FA332C3249B1FB6786AFDCB682F30.d.B9E845DA43488EB12DC423BD2E2D79B7.e.6446/enabled - {}
RESULT: {}
COMMAND: POST /session/80b25485da4cce0461fa749928cde446/execute/sync - {"script":"<script> [8489 bytes]","args":[{"element-6066-11e4-a52e-4f735466cecf":"f.499FA332C3249B1FB6786AFDCB682F30.d.B9E845DA43488EB12DC423BD2E2D79B7.e.6446","ELEMENT":"f.499FA332C3249B1FB6786AFDCB682F30.d.B9E845DA43488EB12DC423BD2E2D79B7.e.6446"}]}
RESULT: {"script":"<script> [8489 bytes]","args":[{"element-6066-11e4-a52e-4f735466cecf":"f.499FA332C3249B1FB6786AFDCB682F30.d.B9E845DA43488EB12DC423BD2E2D79B7.e.6446","ELEMENT":"f.499FA332C3249B1FB6786AFDCB682F30.d.B9E845DA43488EB12DC423BD2E2D79B7.e.6446"}]}
COMMAND: POST /session/80b25485da4cce0461fa749928cde446/execute/sync - {"script":"<script> [5351 bytes]","args":[{"element-6066-11e4-a52e-4f735466cecf":"f.499FA332C3249B1FB6786AFDCB682F30.d.B9E845DA43488EB12DC423BD2E2D79B7.e.6446","ELEMENT":"f.499FA332C3249B1FB6786AFDCB682F30.d.B9E845DA43488EB12DC423BD2E2D79B7.e.6446"}]}
RESULT: {"script":"<script> [5351 bytes]","args":[{"element-6066-11e4-a52e-4f735466cecf":"f.499FA332C3249B1FB6786AFDCB682F30.d.B9E845DA43488EB12DC423BD2E2D79B7.e.6446","ELEMENT":"f.499FA332C3249B1FB6786AFDCB682F30.d.B9E845DA43488EB12DC423BD2E2D79B7.e.6446"}]}
COMMAND: POST /session/80b25485da4cce0461fa749928cde446/element/f.499FA332C3249B1FB6786AFDCB682F30.d.B9E845DA43488EB12DC423BD2E2D79B7.e.6446/click - {}
RESULT: {}
COMMAND: GET /session/80b25485da4cce0461fa749928cde446/screenshot - {}
COMMAND: GET /session/80b25485da4cce0461fa749928cde446/screenshot - {}
COMMAND: GET /session/80b25485da4cce0461fa749928cde446/screenshot - {}
COMMAND: GET /session/80b25485da4cce0461fa749928cde446/screenshot - {}
COMMAND: GET /session/80b25485da4cce0461fa749928cde446/screenshot - {}
RESULT: {}
RESULT: {}
RESULT: {}
RESULT: {}
RESULT: {}
COMMAND: POST /session/80b25485da4cce0461fa749928cde446/element - {"using":"xpath","value":"//span[contains(@id ,\"AddNewHO--typeSelect-arrow\")]"}
RESULT: {"using":"xpath","value":"//span[contains(@id ,\"AddNewHO--typeSelect-arrow\")]"}
COMMAND: POST /session/80b25485da4cce0461fa749928cde446/element/f.499FA332C3249B1FB6786AFDCB682F30.d.B9E845DA43488EB12DC423BD2E2D79B7.e.6809/click - {}
RESULT: {}
COMMAND: GET /session/80b25485da4cce0461fa749928cde446/screenshot - {}
RESULT: {}
COMMAND: POST /session/80b25485da4cce0461fa749928cde446/element - {"using":"xpath","value":"(//li[contains(text(), \"stock increase yard\")])[1]"}
RESULT: {"using":"xpath","value":"(//li[contains(text(), \"stock increase yard\")])[1]"}
COMMAND: POST /session/80b25485da4cce0461fa749928cde446/element/f.499FA332C3249B1FB6786AFDCB682F30.d.B9E845DA43488EB12DC423BD2E2D79B7.e.6810/click - {}
RESULT: {}
COMMAND: GET /session/80b25485da4cce0461fa749928cde446/screenshot - {}
RESULT: {}
COMMAND: POST /session/80b25485da4cce0461fa749928cde446/execute/async - {"script":"<script> [1562 bytes]","args":[{"selector":{"id":"application-managehandovers-display-component---AddNewHO--dueDate","interaction":{"idSuffix":"inner"}},"wdio_ui5_key":"applicationmanagehandovers-display-component---AddNewHO--dueDate"}]}
RESULT: {"script":"<script> [1562 bytes]","args":[{"selector":{"id":"application-managehandovers-display-component---AddNewHO--dueDate","interaction":{"idSuffix":"inner"}},"wdio_ui5_key":"applicationmanagehandovers-display-component---AddNewHO--dueDate"}]}
RESULT: undefined
COMMAND: POST /session/80b25485da4cce0461fa749928cde446/execute/async - {"script":"<script> [6424 bytes]","args":[{"element-6066-11e4-a52e-4f735466cecf":"f.499FA332C3249B1FB6786AFDCB682F30.d.B9E845DA43488EB12DC423BD2E2D79B7.e.6812"},"setValue",["6/1/25"]]}
RESULT: {"script":"<script> [6424 bytes]","args":[{"element-6066-11e4-a52e-4f735466cecf":"f.499FA332C3249B1FB6786AFDCB682F30.d.B9E845DA43488EB12DC423BD2E2D79B7.e.6812"},"setValue",["6/1/25"]]}
COMMAND: POST /session/80b25485da4cce0461fa749928cde446/element - {"using":"xpath","value":"//input[@id=\"generalSectionFrg--receiveYard-inner\"]"}
RESULT: {"using":"xpath","value":"//input[@id=\"generalSectionFrg--receiveYard-inner\"]"}
COMMAND: POST /session/80b25485da4cce0461fa749928cde446/element/f.499FA332C3249B1FB6786AFDCB682F30.d.B9E845DA43488EB12DC423BD2E2D79B7.e.6818/clear - {}
RESULT: {}
COMMAND: POST /session/80b25485da4cce0461fa749928cde446/element/f.499FA332C3249B1FB6786AFDCB682F30.d.B9E845DA43488EB12DC423BD2E2D79B7.e.6818/value - {"text":"548"}
COMMAND: GET /session/80b25485da4cce0461fa749928cde446/screenshot - {}
RESULT: {"text":"548"}
COMMAND: GET /session/80b25485da4cce0461fa749928cde446/screenshot - {}
RESULT: {}
RESULT: {}
COMMAND: POST /session/80b25485da4cce0461fa749928cde446/element - {"using":"xpath","value":"//li[.//span[contains(text(),'548 -')]]"}
RESULT: {"using":"xpath","value":"//li[.//span[contains(text(),'548 -')]]"}
COMMAND: POST /session/80b25485da4cce0461fa749928cde446/elements - {"using":"xpath","value":"//li[.//span[contains(text(),'548 -')]]"}
RESULT: {"using":"xpath","value":"//li[.//span[contains(text(),'548 -')]]"}
COMMAND: POST /session/80b25485da4cce0461fa749928cde446/elements - {"using":"xpath","value":"//li[.//span[contains(text(),'548 -')]]"}
RESULT: {"using":"xpath","value":"//li[.//span[contains(text(),'548 -')]]"}
COMMAND: POST /session/80b25485da4cce0461fa749928cde446/elements - {"using":"xpath","value":"//li[.//span[contains(text(),'548 -')]]"}
RESULT: {"using":"xpath","value":"//li[.//span[contains(text(),'548 -')]]"}
COMMAND: POST /session/80b25485da4cce0461fa749928cde446/elements - {"using":"xpath","value":"//li[.//span[contains(text(),'548 -')]]"}
RESULT: {"using":"xpath","value":"//li[.//span[contains(text(),'548 -')]]"}
COMMAND: POST /session/80b25485da4cce0461fa749928cde446/elements - {"using":"xpath","value":"//li[.//span[contains(text(),'548 -')]]"}
RESULT: {"using":"xpath","value":"//li[.//span[contains(text(),'548 -')]]"}
COMMAND: POST /session/80b25485da4cce0461fa749928cde446/elements - {"using":"xpath","value":"//li[.//span[contains(text(),'548 -')]]"}
RESULT: {"using":"xpath","value":"//li[.//span[contains(text(),'548 -')]]"}
COMMAND: POST /session/80b25485da4cce0461fa749928cde446/elements - {"using":"xpath","value":"//li[.//span[contains(text(),'548 -')]]"}
RESULT: {"using":"xpath","value":"//li[.//span[contains(text(),'548 -')]]"}
COMMAND: POST /session/80b25485da4cce0461fa749928cde446/elements - {"using":"xpath","value":"//li[.//span[contains(text(),'548 -')]]"}
RESULT: {"using":"xpath","value":"//li[.//span[contains(text(),'548 -')]]"}
COMMAND: POST /session/80b25485da4cce0461fa749928cde446/elements - {"using":"xpath","value":"//li[.//span[contains(text(),'548 -')]]"}
RESULT: {"using":"xpath","value":"//li[.//span[contains(text(),'548 -')]]"}
COMMAND: POST /session/80b25485da4cce0461fa749928cde446/elements - {"using":"xpath","value":"//li[.//span[contains(text(),'548 -')]]"}
RESULT: {"using":"xpath","value":"//li[.//span[contains(text(),'548 -')]]"}
COMMAND: POST /session/80b25485da4cce0461fa749928cde446/elements - {"using":"xpath","value":"//li[.//span[contains(text(),'548 -')]]"}
RESULT: {"using":"xpath","value":"//li[.//span[contains(text(),'548 -')]]"}
COMMAND: POST /session/80b25485da4cce0461fa749928cde446/elements - {"using":"xpath","value":"//li[.//span[contains(text(),'548 -')]]"}
RESULT: {"using":"xpath","value":"//li[.//span[contains(text(),'548 -')]]"}
COMMAND: POST /session/80b25485da4cce0461fa749928cde446/elements - {"using":"xpath","value":"//li[.//span[contains(text(),'548 -')]]"}
RESULT: {"using":"xpath","value":"//li[.//span[contains(text(),'548 -')]]"}
COMMAND: POST /session/80b25485da4cce0461fa749928cde446/elements - {"using":"xpath","value":"//li[.//span[contains(text(),'548 -')]]"}
RESULT: {"using":"xpath","value":"//li[.//span[contains(text(),'548 -')]]"}
COMMAND: POST /session/80b25485da4cce0461fa749928cde446/elements - {"using":"xpath","value":"//li[.//span[contains(text(),'548 -')]]"}
RESULT: {"using":"xpath","value":"//li[.//span[contains(text(),'548 -')]]"}
COMMAND: POST /session/80b25485da4cce0461fa749928cde446/elements - {"using":"xpath","value":"//li[.//span[contains(text(),'548 -')]]"}
RESULT: {"using":"xpath","value":"//li[.//span[contains(text(),'548 -')]]"}
COMMAND: POST /session/80b25485da4cce0461fa749928cde446/elements - {"using":"xpath","value":"//li[.//span[contains(text(),'548 -')]]"}
RESULT: {"using":"xpath","value":"//li[.//span[contains(text(),'548 -')]]"}
COMMAND: POST /session/80b25485da4cce0461fa749928cde446/elements - {"using":"xpath","value":"//li[.//span[contains(text(),'548 -')]]"}
RESULT: {"using":"xpath","value":"//li[.//span[contains(text(),'548 -')]]"}
COMMAND: POST /session/80b25485da4cce0461fa749928cde446/elements - {"using":"xpath","value":"//li[.//span[contains(text(),'548 -')]]"}
RESULT: {"using":"xpath","value":"//li[.//span[contains(text(),'548 -')]]"}
COMMAND: POST /session/80b25485da4cce0461fa749928cde446/elements - {"using":"xpath","value":"//li[.//span[contains(text(),'548 -')]]"}
RESULT: {"using":"xpath","value":"//li[.//span[contains(text(),'548 -')]]"}
COMMAND: POST /session/80b25485da4cce0461fa749928cde446/elements - {"using":"xpath","value":"//li[.//span[contains(text(),'548 -')]]"}
RESULT: {"using":"xpath","value":"//li[.//span[contains(text(),'548 -')]]"}
COMMAND: POST /session/80b25485da4cce0461fa749928cde446/elements - {"using":"xpath","value":"//li[.//span[contains(text(),'548 -')]]"}
RESULT: {"using":"xpath","value":"//li[.//span[contains(text(),'548 -')]]"}
COMMAND: POST /session/80b25485da4cce0461fa749928cde446/elements - {"using":"xpath","value":"//li[.//span[contains(text(),'548 -')]]"}
RESULT: {"using":"xpath","value":"//li[.//span[contains(text(),'548 -')]]"}
COMMAND: POST /session/80b25485da4cce0461fa749928cde446/elements - {"using":"xpath","value":"//li[.//span[contains(text(),'548 -')]]"}
RESULT: {"using":"xpath","value":"//li[.//span[contains(text(),'548 -')]]"}
COMMAND: POST /session/80b25485da4cce0461fa749928cde446/elements - {"using":"xpath","value":"//li[.//span[contains(text(),'548 -')]]"}
RESULT: {"using":"xpath","value":"//li[.//span[contains(text(),'548 -')]]"}
COMMAND: POST /session/80b25485da4cce0461fa749928cde446/elements - {"using":"xpath","value":"//li[.//span[contains(text(),'548 -')]]"}
RESULT: {"using":"xpath","value":"//li[.//span[contains(text(),'548 -')]]"}
COMMAND: POST /session/80b25485da4cce0461fa749928cde446/elements - {"using":"xpath","value":"//li[.//span[contains(text(),'548 -')]]"}
RESULT: {"using":"xpath","value":"//li[.//span[contains(text(),'548 -')]]"}
COMMAND: POST /session/80b25485da4cce0461fa749928cde446/elements - {"using":"xpath","value":"//li[.//span[contains(text(),'548 -')]]"}
RESULT: {"using":"xpath","value":"//li[.//span[contains(text(),'548 -')]]"}
COMMAND: POST /session/80b25485da4cce0461fa749928cde446/elements - {"using":"xpath","value":"//li[.//span[contains(text(),'548 -')]]"}
RESULT: {"using":"xpath","value":"//li[.//span[contains(text(),'548 -')]]"}
COMMAND: POST /session/80b25485da4cce0461fa749928cde446/elements - {"using":"xpath","value":"//li[.//span[contains(text(),'548 -')]]"}
RESULT: {"using":"xpath","value":"//li[.//span[contains(text(),'548 -')]]"}
COMMAND: POST /session/80b25485da4cce0461fa749928cde446/elements - {"using":"xpath","value":"//li[.//span[contains(text(),'548 -')]]"}
RESULT: {"using":"xpath","value":"//li[.//span[contains(text(),'548 -')]]"}
COMMAND: POST /session/80b25485da4cce0461fa749928cde446/elements - {"using":"xpath","value":"//li[.//span[contains(text(),'548 -')]]"}
RESULT: {"using":"xpath","value":"//li[.//span[contains(text(),'548 -')]]"}
COMMAND: POST /session/80b25485da4cce0461fa749928cde446/elements - {"using":"xpath","value":"//li[.//span[contains(text(),'548 -')]]"}
RESULT: {"using":"xpath","value":"//li[.//span[contains(text(),'548 -')]]"}
COMMAND: POST /session/80b25485da4cce0461fa749928cde446/elements - {"using":"xpath","value":"//li[.//span[contains(text(),'548 -')]]"}
RESULT: {"using":"xpath","value":"//li[.//span[contains(text(),'548 -')]]"}
COMMAND: POST /session/80b25485da4cce0461fa749928cde446/elements - {"using":"xpath","value":"//li[.//span[contains(text(),'548 -')]]"}
RESULT: {"using":"xpath","value":"//li[.//span[contains(text(),'548 -')]]"}
COMMAND: POST /session/80b25485da4cce0461fa749928cde446/elements - {"using":"xpath","value":"//li[.//span[contains(text(),'548 -')]]"}
RESULT: {"using":"xpath","value":"//li[.//span[contains(text(),'548 -')]]"}
COMMAND: POST /session/80b25485da4cce0461fa749928cde446/elements - {"using":"xpath","value":"//li[.//span[contains(text(),'548 -')]]"}
RESULT: {"using":"xpath","value":"//li[.//span[contains(text(),'548 -')]]"}
COMMAND: POST /session/80b25485da4cce0461fa749928cde446/elements - {"using":"xpath","value":"//li[.//span[contains(text(),'548 -')]]"}
RESULT: {"using":"xpath","value":"//li[.//span[contains(text(),'548 -')]]"}
COMMAND: POST /session/80b25485da4cce0461fa749928cde446/elements - {"using":"xpath","value":"//li[.//span[contains(text(),'548 -')]]"}
RESULT: {"using":"xpath","value":"//li[.//span[contains(text(),'548 -')]]"}
COMMAND: POST /session/80b25485da4cce0461fa749928cde446/elements - {"using":"xpath","value":"//li[.//span[contains(text(),'548 -')]]"}
RESULT: {"using":"xpath","value":"//li[.//span[contains(text(),'548 -')]]"}
COMMAND: POST /session/80b25485da4cce0461fa749928cde446/elements - {"using":"xpath","value":"//li[.//span[contains(text(),'548 -')]]"}
RESULT: {"using":"xpath","value":"//li[.//span[contains(text(),'548 -')]]"}
COMMAND: POST /session/80b25485da4cce0461fa749928cde446/elements - {"using":"xpath","value":"//li[.//span[contains(text(),'548 -')]]"}
RESULT: {"using":"xpath","value":"//li[.//span[contains(text(),'548 -')]]"}
COMMAND: POST /session/80b25485da4cce0461fa749928cde446/elements - {"using":"xpath","value":"//li[.//span[contains(text(),'548 -')]]"}
RESULT: {"using":"xpath","value":"//li[.//span[contains(text(),'548 -')]]"}
COMMAND: POST /session/80b25485da4cce0461fa749928cde446/elements - {"using":"xpath","value":"//li[.//span[contains(text(),'548 -')]]"}
RESULT: {"using":"xpath","value":"//li[.//span[contains(text(),'548 -')]]"}
COMMAND: POST /session/80b25485da4cce0461fa749928cde446/elements - {"using":"xpath","value":"//li[.//span[contains(text(),'548 -')]]"}
RESULT: {"using":"xpath","value":"//li[.//span[contains(text(),'548 -')]]"}
COMMAND: POST /session/80b25485da4cce0461fa749928cde446/elements - {"using":"xpath","value":"//li[.//span[contains(text(),'548 -')]]"}
RESULT: {"using":"xpath","value":"//li[.//span[contains(text(),'548 -')]]"}
COMMAND: POST /session/80b25485da4cce0461fa749928cde446/elements - {"using":"xpath","value":"//li[.//span[contains(text(),'548 -')]]"}
RESULT: {"using":"xpath","value":"//li[.//span[contains(text(),'548 -')]]"}
COMMAND: POST /session/80b25485da4cce0461fa749928cde446/elements - {"using":"xpath","value":"//li[.//span[contains(text(),'548 -')]]"}
RESULT: {"using":"xpath","value":"//li[.//span[contains(text(),'548 -')]]"}
COMMAND: POST /session/80b25485da4cce0461fa749928cde446/elements - {"using":"xpath","value":"//li[.//span[contains(text(),'548 -')]]"}
RESULT: {"using":"xpath","value":"//li[.//span[contains(text(),'548 -')]]"}
COMMAND: POST /session/80b25485da4cce0461fa749928cde446/elements - {"using":"xpath","value":"//li[.//span[contains(text(),'548 -')]]"}
RESULT: {"using":"xpath","value":"//li[.//span[contains(text(),'548 -')]]"}
COMMAND: POST /session/80b25485da4cce0461fa749928cde446/elements - {"using":"xpath","value":"//li[.//span[contains(text(),'548 -')]]"}
RESULT: {"using":"xpath","value":"//li[.//span[contains(text(),'548 -')]]"}
COMMAND: POST /session/80b25485da4cce0461fa749928cde446/elements - {"using":"xpath","value":"//li[.//span[contains(text(),'548 -')]]"}
RESULT: {"using":"xpath","value":"//li[.//span[contains(text(),'548 -')]]"}
COMMAND: POST /session/80b25485da4cce0461fa749928cde446/elements - {"using":"xpath","value":"//li[.//span[contains(text(),'548 -')]]"}
RESULT: {"using":"xpath","value":"//li[.//span[contains(text(),'548 -')]]"}
COMMAND: POST /session/80b25485da4cce0461fa749928cde446/elements - {"using":"xpath","value":"//li[.//span[contains(text(),'548 -')]]"}
RESULT: {"using":"xpath","value":"//li[.//span[contains(text(),'548 -')]]"}
COMMAND: POST /session/80b25485da4cce0461fa749928cde446/elements - {"using":"xpath","value":"//li[.//span[contains(text(),'548 -')]]"}
RESULT: {"using":"xpath","value":"//li[.//span[contains(text(),'548 -')]]"}
COMMAND: POST /session/80b25485da4cce0461fa749928cde446/elements - {"using":"xpath","value":"//li[.//span[contains(text(),'548 -')]]"}
RESULT: {"using":"xpath","value":"//li[.//span[contains(text(),'548 -')]]"}
COMMAND: POST /session/80b25485da4cce0461fa749928cde446/elements - {"using":"xpath","value":"//li[.//span[contains(text(),'548 -')]]"}
RESULT: {"using":"xpath","value":"//li[.//span[contains(text(),'548 -')]]"}
COMMAND: POST /session/80b25485da4cce0461fa749928cde446/elements - {"using":"xpath","value":"//li[.//span[contains(text(),'548 -')]]"}
RESULT: {"using":"xpath","value":"//li[.//span[contains(text(),'548 -')]]"}
COMMAND: POST /session/80b25485da4cce0461fa749928cde446/elements - {"using":"xpath","value":"//li[.//span[contains(text(),'548 -')]]"}
RESULT: {"using":"xpath","value":"//li[.//span[contains(text(),'548 -')]]"}
COMMAND: POST /session/80b25485da4cce0461fa749928cde446/elements - {"using":"xpath","value":"//li[.//span[contains(text(),'548 -')]]"}
RESULT: {"using":"xpath","value":"//li[.//span[contains(text(),'548 -')]]"}
COMMAND: POST /session/80b25485da4cce0461fa749928cde446/elements - {"using":"xpath","value":"//li[.//span[contains(text(),'548 -')]]"}
RESULT: {"using":"xpath","value":"//li[.//span[contains(text(),'548 -')]]"}
COMMAND: POST /session/80b25485da4cce0461fa749928cde446/elements - {"using":"xpath","value":"//li[.//span[contains(text(),'548 -')]]"}
RESULT: {"using":"xpath","value":"//li[.//span[contains(text(),'548 -')]]"}
COMMAND: POST /session/80b25485da4cce0461fa749928cde446/elements - {"using":"xpath","value":"//li[.//span[contains(text(),'548 -')]]"}
RESULT: {"using":"xpath","value":"//li[.//span[contains(text(),'548 -')]]"}
COMMAND: POST /session/80b25485da4cce0461fa749928cde446/elements - {"using":"xpath","value":"//li[.//span[contains(text(),'548 -')]]"}
RESULT: {"using":"xpath","value":"//li[.//span[contains(text(),'548 -')]]"}
COMMAND: POST /session/80b25485da4cce0461fa749928cde446/elements - {"using":"xpath","value":"//li[.//span[contains(text(),'548 -')]]"}
RESULT: {"using":"xpath","value":"//li[.//span[contains(text(),'548 -')]]"}
COMMAND: POST /session/80b25485da4cce0461fa749928cde446/elements - {"using":"xpath","value":"//li[.//span[contains(text(),'548 -')]]"}
RESULT: {"using":"xpath","value":"//li[.//span[contains(text(),'548 -')]]"}
COMMAND: POST /session/80b25485da4cce0461fa749928cde446/elements - {"using":"xpath","value":"//li[.//span[contains(text(),'548 -')]]"}
RESULT: {"using":"xpath","value":"//li[.//span[contains(text(),'548 -')]]"}
COMMAND: POST /session/80b25485da4cce0461fa749928cde446/elements - {"using":"xpath","value":"//li[.//span[contains(text(),'548 -')]]"}
RESULT: {"using":"xpath","value":"//li[.//span[contains(text(),'548 -')]]"}
COMMAND: POST /session/80b25485da4cce0461fa749928cde446/elements - {"using":"xpath","value":"//li[.//span[contains(text(),'548 -')]]"}
RESULT: {"using":"xpath","value":"//li[.//span[contains(text(),'548 -')]]"}
COMMAND: POST /session/80b25485da4cce0461fa749928cde446/elements - {"using":"xpath","value":"//li[.//span[contains(text(),'548 -')]]"}
RESULT: {"using":"xpath","value":"//li[.//span[contains(text(),'548 -')]]"}
COMMAND: POST /session/80b25485da4cce0461fa749928cde446/elements - {"using":"xpath","value":"//li[.//span[contains(text(),'548 -')]]"}
RESULT: {"using":"xpath","value":"//li[.//span[contains(text(),'548 -')]]"}
COMMAND: POST /session/80b25485da4cce0461fa749928cde446/elements - {"using":"xpath","value":"//li[.//span[contains(text(),'548 -')]]"}
RESULT: {"using":"xpath","value":"//li[.//span[contains(text(),'548 -')]]"}
COMMAND: POST /session/80b25485da4cce0461fa749928cde446/elements - {"using":"xpath","value":"//li[.//span[contains(text(),'548 -')]]"}
RESULT: {"using":"xpath","value":"//li[.//span[contains(text(),'548 -')]]"}
COMMAND: POST /session/80b25485da4cce0461fa749928cde446/elements - {"using":"xpath","value":"//li[.//span[contains(text(),'548 -')]]"}
RESULT: {"using":"xpath","value":"//li[.//span[contains(text(),'548 -')]]"}
COMMAND: POST /session/80b25485da4cce0461fa749928cde446/elements - {"using":"xpath","value":"//li[.//span[contains(text(),'548 -')]]"}
RESULT: {"using":"xpath","value":"//li[.//span[contains(text(),'548 -')]]"}
COMMAND: POST /session/80b25485da4cce0461fa749928cde446/elements - {"using":"xpath","value":"//li[.//span[contains(text(),'548 -')]]"}
RESULT: {"using":"xpath","value":"//li[.//span[contains(text(),'548 -')]]"}
COMMAND: POST /session/80b25485da4cce0461fa749928cde446/elements - {"using":"xpath","value":"//li[.//span[contains(text(),'548 -')]]"}
RESULT: {"using":"xpath","value":"//li[.//span[contains(text(),'548 -')]]"}
COMMAND: POST /session/80b25485da4cce0461fa749928cde446/elements - {"using":"xpath","value":"//li[.//span[contains(text(),'548 -')]]"}
RESULT: {"using":"xpath","value":"//li[.//span[contains(text(),'548 -')]]"}
COMMAND: POST /session/80b25485da4cce0461fa749928cde446/elements - {"using":"xpath","value":"//li[.//span[contains(text(),'548 -')]]"}
RESULT: {"using":"xpath","value":"//li[.//span[contains(text(),'548 -')]]"}
COMMAND: POST /session/80b25485da4cce0461fa749928cde446/elements - {"using":"xpath","value":"//li[.//span[contains(text(),'548 -')]]"}
RESULT: {"using":"xpath","value":"//li[.//span[contains(text(),'548 -')]]"}
COMMAND: POST /session/80b25485da4cce0461fa749928cde446/elements - {"using":"xpath","value":"//li[.//span[contains(text(),'548 -')]]"}
RESULT: {"using":"xpath","value":"//li[.//span[contains(text(),'548 -')]]"}
COMMAND: POST /session/80b25485da4cce0461fa749928cde446/elements - {"using":"xpath","value":"//li[.//span[contains(text(),'548 -')]]"}
RESULT: {"using":"xpath","value":"//li[.//span[contains(text(),'548 -')]]"}
COMMAND: POST /session/80b25485da4cce0461fa749928cde446/elements - {"using":"xpath","value":"//li[.//span[contains(text(),'548 -')]]"}
RESULT: {"using":"xpath","value":"//li[.//span[contains(text(),'548 -')]]"}
COMMAND: POST /session/80b25485da4cce0461fa749928cde446/elements - {"using":"xpath","value":"//li[.//span[contains(text(),'548 -')]]"}
RESULT: {"using":"xpath","value":"//li[.//span[contains(text(),'548 -')]]"}
COMMAND: POST /session/80b25485da4cce0461fa749928cde446/elements - {"using":"xpath","value":"//li[.//span[contains(text(),'548 -')]]"}
RESULT: {"using":"xpath","value":"//li[.//span[contains(text(),'548 -')]]"}
COMMAND: POST /session/80b25485da4cce0461fa749928cde446/elements - {"using":"xpath","value":"//li[.//span[contains(text(),'548 -')]]"}
RESULT: {"using":"xpath","value":"//li[.//span[contains(text(),'548 -')]]"}
COMMAND: POST /session/80b25485da4cce0461fa749928cde446/elements - {"using":"xpath","value":"//li[.//span[contains(text(),'548 -')]]"}
RESULT: {"using":"xpath","value":"//li[.//span[contains(text(),'548 -')]]"}
COMMAND: POST /session/80b25485da4cce0461fa749928cde446/elements - {"using":"xpath","value":"//li[.//span[contains(text(),'548 -')]]"}
RESULT: {"using":"xpath","value":"//li[.//span[contains(text(),'548 -')]]"}
COMMAND: POST /session/80b25485da4cce0461fa749928cde446/elements - {"using":"xpath","value":"//li[.//span[contains(text(),'548 -')]]"}
RESULT: {"using":"xpath","value":"//li[.//span[contains(text(),'548 -')]]"}
COMMAND: POST /session/80b25485da4cce0461fa749928cde446/elements - {"using":"xpath","value":"//li[.//span[contains(text(),'548 -')]]"}
RESULT: {"using":"xpath","value":"//li[.//span[contains(text(),'548 -')]]"}
COMMAND: POST /session/80b25485da4cce0461fa749928cde446/elements - {"using":"xpath","value":"//li[.//span[contains(text(),'548 -')]]"}
RESULT: {"using":"xpath","value":"//li[.//span[contains(text(),'548 -')]]"}
COMMAND: POST /session/80b25485da4cce0461fa749928cde446/elements - {"using":"xpath","value":"//li[.//span[contains(text(),'548 -')]]"}
RESULT: {"using":"xpath","value":"//li[.//span[contains(text(),'548 -')]]"}
COMMAND: POST /session/80b25485da4cce0461fa749928cde446/elements - {"using":"xpath","value":"//li[.//span[contains(text(),'548 -')]]"}
RESULT: {"using":"xpath","value":"//li[.//span[contains(text(),'548 -')]]"}
COMMAND: POST /session/80b25485da4cce0461fa749928cde446/elements - {"using":"xpath","value":"//li[.//span[contains(text(),'548 -')]]"}
RESULT: {"using":"xpath","value":"//li[.//span[contains(text(),'548 -')]]"}
COMMAND: POST /session/80b25485da4cce0461fa749928cde446/elements - {"using":"xpath","value":"//li[.//span[contains(text(),'548 -')]]"}
RESULT: {"using":"xpath","value":"//li[.//span[contains(text(),'548 -')]]"}
COMMAND: POST /session/80b25485da4cce0461fa749928cde446/elements - {"using":"xpath","value":"//li[.//span[contains(text(),'548 -')]]"}
RESULT: {"using":"xpath","value":"//li[.//span[contains(text(),'548 -')]]"}
COMMAND: POST /session/80b25485da4cce0461fa749928cde446/elements - {"using":"xpath","value":"//li[.//span[contains(text(),'548 -')]]"}
RESULT: {"using":"xpath","value":"//li[.//span[contains(text(),'548 -')]]"}
COMMAND: POST /session/80b25485da4cce0461fa749928cde446/elements - {"using":"xpath","value":"//li[.//span[contains(text(),'548 -')]]"}
RESULT: {"using":"xpath","value":"//li[.//span[contains(text(),'548 -')]]"}
COMMAND: POST /session/80b25485da4cce0461fa749928cde446/elements - {"using":"xpath","value":"//li[.//span[contains(text(),'548 -')]]"}
RESULT: {"using":"xpath","value":"//li[.//span[contains(text(),'548 -')]]"}
COMMAND: POST /session/80b25485da4cce0461fa749928cde446/elements - {"using":"xpath","value":"//li[.//span[contains(text(),'548 -')]]"}
RESULT: {"using":"xpath","value":"//li[.//span[contains(text(),'548 -')]]"}
COMMAND: POST /session/80b25485da4cce0461fa749928cde446/elements - {"using":"xpath","value":"//li[.//span[contains(text(),'548 -')]]"}
RESULT: {"using":"xpath","value":"//li[.//span[contains(text(),'548 -')]]"}
COMMAND: POST /session/80b25485da4cce0461fa749928cde446/elements - {"using":"xpath","value":"//li[.//span[contains(text(),'548 -')]]"}
RESULT: {"using":"xpath","value":"//li[.//span[contains(text(),'548 -')]]"}
COMMAND: POST /session/80b25485da4cce0461fa749928cde446/elements - {"using":"xpath","value":"//li[.//span[contains(text(),'548 -')]]"}
RESULT: {"using":"xpath","value":"//li[.//span[contains(text(),'548 -')]]"}
COMMAND: POST /session/80b25485da4cce0461fa749928cde446/elements - {"using":"xpath","value":"//li[.//span[contains(text(),'548 -')]]"}
RESULT: {"using":"xpath","value":"//li[.//span[contains(text(),'548 -')]]"}
COMMAND: POST /session/80b25485da4cce0461fa749928cde446/elements - {"using":"xpath","value":"//li[.//span[contains(text(),'548 -')]]"}
RESULT: {"using":"xpath","value":"//li[.//span[contains(text(),'548 -')]]"}
COMMAND: POST /session/80b25485da4cce0461fa749928cde446/elements - {"using":"xpath","value":"//li[.//span[contains(text(),'548 -')]]"}
RESULT: {"using":"xpath","value":"//li[.//span[contains(text(),'548 -')]]"}
COMMAND: POST /session/80b25485da4cce0461fa749928cde446/elements - {"using":"xpath","value":"//li[.//span[contains(text(),'548 -')]]"}
RESULT: {"using":"xpath","value":"//li[.//span[contains(text(),'548 -')]]"}
COMMAND: POST /session/80b25485da4cce0461fa749928cde446/elements - {"using":"xpath","value":"//li[.//span[contains(text(),'548 -')]]"}
RESULT: {"using":"xpath","value":"//li[.//span[contains(text(),'548 -')]]"}
COMMAND: POST /session/80b25485da4cce0461fa749928cde446/elements - {"using":"xpath","value":"//li[.//span[contains(text(),'548 -')]]"}
RESULT: {"using":"xpath","value":"//li[.//span[contains(text(),'548 -')]]"}
COMMAND: POST /session/80b25485da4cce0461fa749928cde446/elements - {"using":"xpath","value":"//li[.//span[contains(text(),'548 -')]]"}
RESULT: {"using":"xpath","value":"//li[.//span[contains(text(),'548 -')]]"}
COMMAND: POST /session/80b25485da4cce0461fa749928cde446/elements - {"using":"xpath","value":"//li[.//span[contains(text(),'548 -')]]"}
RESULT: {"using":"xpath","value":"//li[.//span[contains(text(),'548 -')]]"}
COMMAND: POST /session/80b25485da4cce0461fa749928cde446/elements - {"using":"xpath","value":"//li[.//span[contains(text(),'548 -')]]"}
RESULT: {"using":"xpath","value":"//li[.//span[contains(text(),'548 -')]]"}
COMMAND: POST /session/80b25485da4cce0461fa749928cde446/elements - {"using":"xpath","value":"//li[.//span[contains(text(),'548 -')]]"}
RESULT: {"using":"xpath","value":"//li[.//span[contains(text(),'548 -')]]"}
COMMAND: POST /session/80b25485da4cce0461fa749928cde446/elements - {"using":"xpath","value":"//li[.//span[contains(text(),'548 -')]]"}
RESULT: {"using":"xpath","value":"//li[.//span[contains(text(),'548 -')]]"}
COMMAND: POST /session/80b25485da4cce0461fa749928cde446/elements - {"using":"xpath","value":"//li[.//span[contains(text(),'548 -')]]"}
RESULT: {"using":"xpath","value":"//li[.//span[contains(text(),'548 -')]]"}
COMMAND: POST /session/80b25485da4cce0461fa749928cde446/elements - {"using":"xpath","value":"//li[.//span[contains(text(),'548 -')]]"}
RESULT: {"using":"xpath","value":"//li[.//span[contains(text(),'548 -')]]"}
COMMAND: POST /session/80b25485da4cce0461fa749928cde446/elements - {"using":"xpath","value":"//li[.//span[contains(text(),'548 -')]]"}
RESULT: {"using":"xpath","value":"//li[.//span[contains(text(),'548 -')]]"}
COMMAND: POST /session/80b25485da4cce0461fa749928cde446/elements - {"using":"xpath","value":"//li[.//span[contains(text(),'548 -')]]"}
RESULT: {"using":"xpath","value":"//li[.//span[contains(text(),'548 -')]]"}
COMMAND: POST /session/80b25485da4cce0461fa749928cde446/elements - {"using":"xpath","value":"//li[.//span[contains(text(),'548 -')]]"}
RESULT: {"using":"xpath","value":"//li[.//span[contains(text(),'548 -')]]"}
COMMAND: POST /session/80b25485da4cce0461fa749928cde446/elements - {"using":"xpath","value":"//li[.//span[contains(text(),'548 -')]]"}
RESULT: {"using":"xpath","value":"//li[.//span[contains(text(),'548 -')]]"}
COMMAND: POST /session/80b25485da4cce0461fa749928cde446/elements - {"using":"xpath","value":"//li[.//span[contains(text(),'548 -')]]"}
COMMAND: GET /session/80b25485da4cce0461fa749928cde446/screenshot - {}
RESULT: {"using":"xpath","value":"//li[.//span[contains(text(),'548 -')]]"}
RESULT: {}
COMMAND: GET /session/80b25485da4cce0461fa749928cde446/screenshot - {}
]]></system-out>
      <system-err><![CDATA[
Error: Can't call click on element with selector "//li[.//span[contains(text(),'548 -')]]" because element wasn't found
    at async UtilsPrerequisites.stockIncrease (D:\a\1\s\test\specs\BTS\prerequisites-and-utils-functions.js:1638:9)
    at async Context.<anonymous> (D:\a\1\s\test\specs\HTR\provide-to-site-w-warehouse-wo-clarification.spec.js:70:9)
]]></system-err>
    </testcase>
    <testcase classname="chrome.136_0_7103_93.windows.Provide_to_Site_w/_warehouse_management_wo_clarification" name="Should create a new contract" time="60.394">
      <failure/>
      <error message="element (&quot;//button[@data-kt=&quot;addButton&quot;]&quot;) still not existing after 45000ms"/>
      <system-out><![CDATA[
COMMAND: POST /session/80b25485da4cce0461fa749928cde446/execute/async - {"script":"<script> [1562 bytes]","args":[{"selector":{"controlType":"sap.m.GenericTile","properties":{"header":"Manage Contracts"}},"wdio_ui5_key":"sapm.GenericTile{\"header\":\"Manage Contracts\"}"}]}
RESULT: {}
RESULT: {"script":"<script> [1562 bytes]","args":[{"selector":{"controlType":"sap.m.GenericTile","properties":{"header":"Manage Contracts"}},"wdio_ui5_key":"sapm.GenericTile{\"header\":\"Manage Contracts\"}"}]}
RESULT: undefined
COMMAND: POST /session/80b25485da4cce0461fa749928cde446/elements - {"using":"xpath","value":"//span[text()='Error']"}
RESULT: {"using":"xpath","value":"//span[text()='Error']"}
COMMAND: POST /session/80b25485da4cce0461fa749928cde446/element - {"using":"xpath","value":"//button[@data-kt=\"addButton\"]"}
RESULT: {"using":"xpath","value":"//button[@data-kt=\"addButton\"]"}
COMMAND: POST /session/80b25485da4cce0461fa749928cde446/elements - {"using":"xpath","value":"//button[@data-kt=\"addButton\"]"}
RESULT: {"using":"xpath","value":"//button[@data-kt=\"addButton\"]"}
COMMAND: POST /session/80b25485da4cce0461fa749928cde446/elements - {"using":"xpath","value":"//button[@data-kt=\"addButton\"]"}
RESULT: {"using":"xpath","value":"//button[@data-kt=\"addButton\"]"}
COMMAND: POST /session/80b25485da4cce0461fa749928cde446/elements - {"using":"xpath","value":"//button[@data-kt=\"addButton\"]"}
RESULT: {"using":"xpath","value":"//button[@data-kt=\"addButton\"]"}
COMMAND: POST /session/80b25485da4cce0461fa749928cde446/elements - {"using":"xpath","value":"//button[@data-kt=\"addButton\"]"}
RESULT: {"using":"xpath","value":"//button[@data-kt=\"addButton\"]"}
COMMAND: POST /session/80b25485da4cce0461fa749928cde446/elements - {"using":"xpath","value":"//button[@data-kt=\"addButton\"]"}
RESULT: {"using":"xpath","value":"//button[@data-kt=\"addButton\"]"}
COMMAND: POST /session/80b25485da4cce0461fa749928cde446/elements - {"using":"xpath","value":"//button[@data-kt=\"addButton\"]"}
RESULT: {"using":"xpath","value":"//button[@data-kt=\"addButton\"]"}
COMMAND: POST /session/80b25485da4cce0461fa749928cde446/elements - {"using":"xpath","value":"//button[@data-kt=\"addButton\"]"}
RESULT: {"using":"xpath","value":"//button[@data-kt=\"addButton\"]"}
COMMAND: POST /session/80b25485da4cce0461fa749928cde446/elements - {"using":"xpath","value":"//button[@data-kt=\"addButton\"]"}
RESULT: {"using":"xpath","value":"//button[@data-kt=\"addButton\"]"}
COMMAND: POST /session/80b25485da4cce0461fa749928cde446/elements - {"using":"xpath","value":"//button[@data-kt=\"addButton\"]"}
RESULT: {"using":"xpath","value":"//button[@data-kt=\"addButton\"]"}
COMMAND: POST /session/80b25485da4cce0461fa749928cde446/elements - {"using":"xpath","value":"//button[@data-kt=\"addButton\"]"}
RESULT: {"using":"xpath","value":"//button[@data-kt=\"addButton\"]"}
COMMAND: POST /session/80b25485da4cce0461fa749928cde446/elements - {"using":"xpath","value":"//button[@data-kt=\"addButton\"]"}
RESULT: {"using":"xpath","value":"//button[@data-kt=\"addButton\"]"}
COMMAND: POST /session/80b25485da4cce0461fa749928cde446/elements - {"using":"xpath","value":"//button[@data-kt=\"addButton\"]"}
RESULT: {"using":"xpath","value":"//button[@data-kt=\"addButton\"]"}
COMMAND: POST /session/80b25485da4cce0461fa749928cde446/elements - {"using":"xpath","value":"//button[@data-kt=\"addButton\"]"}
RESULT: {"using":"xpath","value":"//button[@data-kt=\"addButton\"]"}
COMMAND: POST /session/80b25485da4cce0461fa749928cde446/elements - {"using":"xpath","value":"//button[@data-kt=\"addButton\"]"}
RESULT: {"using":"xpath","value":"//button[@data-kt=\"addButton\"]"}
COMMAND: POST /session/80b25485da4cce0461fa749928cde446/elements - {"using":"xpath","value":"//button[@data-kt=\"addButton\"]"}
RESULT: {"using":"xpath","value":"//button[@data-kt=\"addButton\"]"}
COMMAND: POST /session/80b25485da4cce0461fa749928cde446/elements - {"using":"xpath","value":"//button[@data-kt=\"addButton\"]"}
RESULT: {"using":"xpath","value":"//button[@data-kt=\"addButton\"]"}
COMMAND: POST /session/80b25485da4cce0461fa749928cde446/elements - {"using":"xpath","value":"//button[@data-kt=\"addButton\"]"}
RESULT: {"using":"xpath","value":"//button[@data-kt=\"addButton\"]"}
COMMAND: POST /session/80b25485da4cce0461fa749928cde446/elements - {"using":"xpath","value":"//button[@data-kt=\"addButton\"]"}
RESULT: {"using":"xpath","value":"//button[@data-kt=\"addButton\"]"}
COMMAND: POST /session/80b25485da4cce0461fa749928cde446/elements - {"using":"xpath","value":"//button[@data-kt=\"addButton\"]"}
RESULT: {"using":"xpath","value":"//button[@data-kt=\"addButton\"]"}
COMMAND: POST /session/80b25485da4cce0461fa749928cde446/elements - {"using":"xpath","value":"//button[@data-kt=\"addButton\"]"}
RESULT: {"using":"xpath","value":"//button[@data-kt=\"addButton\"]"}
COMMAND: POST /session/80b25485da4cce0461fa749928cde446/elements - {"using":"xpath","value":"//button[@data-kt=\"addButton\"]"}
RESULT: {"using":"xpath","value":"//button[@data-kt=\"addButton\"]"}
COMMAND: POST /session/80b25485da4cce0461fa749928cde446/elements - {"using":"xpath","value":"//button[@data-kt=\"addButton\"]"}
RESULT: {"using":"xpath","value":"//button[@data-kt=\"addButton\"]"}
COMMAND: POST /session/80b25485da4cce0461fa749928cde446/elements - {"using":"xpath","value":"//button[@data-kt=\"addButton\"]"}
RESULT: {"using":"xpath","value":"//button[@data-kt=\"addButton\"]"}
COMMAND: POST /session/80b25485da4cce0461fa749928cde446/elements - {"using":"xpath","value":"//button[@data-kt=\"addButton\"]"}
RESULT: {"using":"xpath","value":"//button[@data-kt=\"addButton\"]"}
COMMAND: POST /session/80b25485da4cce0461fa749928cde446/elements - {"using":"xpath","value":"//button[@data-kt=\"addButton\"]"}
RESULT: {"using":"xpath","value":"//button[@data-kt=\"addButton\"]"}
COMMAND: POST /session/80b25485da4cce0461fa749928cde446/elements - {"using":"xpath","value":"//button[@data-kt=\"addButton\"]"}
RESULT: {"using":"xpath","value":"//button[@data-kt=\"addButton\"]"}
COMMAND: POST /session/80b25485da4cce0461fa749928cde446/elements - {"using":"xpath","value":"//button[@data-kt=\"addButton\"]"}
RESULT: {"using":"xpath","value":"//button[@data-kt=\"addButton\"]"}
COMMAND: POST /session/80b25485da4cce0461fa749928cde446/elements - {"using":"xpath","value":"//button[@data-kt=\"addButton\"]"}
RESULT: {"using":"xpath","value":"//button[@data-kt=\"addButton\"]"}
COMMAND: POST /session/80b25485da4cce0461fa749928cde446/elements - {"using":"xpath","value":"//button[@data-kt=\"addButton\"]"}
RESULT: {"using":"xpath","value":"//button[@data-kt=\"addButton\"]"}
COMMAND: POST /session/80b25485da4cce0461fa749928cde446/elements - {"using":"xpath","value":"//button[@data-kt=\"addButton\"]"}
RESULT: {"using":"xpath","value":"//button[@data-kt=\"addButton\"]"}
COMMAND: POST /session/80b25485da4cce0461fa749928cde446/elements - {"using":"xpath","value":"//button[@data-kt=\"addButton\"]"}
RESULT: {"using":"xpath","value":"//button[@data-kt=\"addButton\"]"}
COMMAND: POST /session/80b25485da4cce0461fa749928cde446/elements - {"using":"xpath","value":"//button[@data-kt=\"addButton\"]"}
RESULT: {"using":"xpath","value":"//button[@data-kt=\"addButton\"]"}
COMMAND: POST /session/80b25485da4cce0461fa749928cde446/elements - {"using":"xpath","value":"//button[@data-kt=\"addButton\"]"}
RESULT: {"using":"xpath","value":"//button[@data-kt=\"addButton\"]"}
COMMAND: POST /session/80b25485da4cce0461fa749928cde446/elements - {"using":"xpath","value":"//button[@data-kt=\"addButton\"]"}
RESULT: {"using":"xpath","value":"//button[@data-kt=\"addButton\"]"}
COMMAND: POST /session/80b25485da4cce0461fa749928cde446/elements - {"using":"xpath","value":"//button[@data-kt=\"addButton\"]"}
RESULT: {"using":"xpath","value":"//button[@data-kt=\"addButton\"]"}
COMMAND: POST /session/80b25485da4cce0461fa749928cde446/elements - {"using":"xpath","value":"//button[@data-kt=\"addButton\"]"}
RESULT: {"using":"xpath","value":"//button[@data-kt=\"addButton\"]"}
COMMAND: POST /session/80b25485da4cce0461fa749928cde446/elements - {"using":"xpath","value":"//button[@data-kt=\"addButton\"]"}
RESULT: {"using":"xpath","value":"//button[@data-kt=\"addButton\"]"}
COMMAND: POST /session/80b25485da4cce0461fa749928cde446/elements - {"using":"xpath","value":"//button[@data-kt=\"addButton\"]"}
RESULT: {"using":"xpath","value":"//button[@data-kt=\"addButton\"]"}
COMMAND: POST /session/80b25485da4cce0461fa749928cde446/elements - {"using":"xpath","value":"//button[@data-kt=\"addButton\"]"}
RESULT: {"using":"xpath","value":"//button[@data-kt=\"addButton\"]"}
COMMAND: POST /session/80b25485da4cce0461fa749928cde446/elements - {"using":"xpath","value":"//button[@data-kt=\"addButton\"]"}
RESULT: {"using":"xpath","value":"//button[@data-kt=\"addButton\"]"}
COMMAND: POST /session/80b25485da4cce0461fa749928cde446/elements - {"using":"xpath","value":"//button[@data-kt=\"addButton\"]"}
RESULT: {"using":"xpath","value":"//button[@data-kt=\"addButton\"]"}
COMMAND: POST /session/80b25485da4cce0461fa749928cde446/elements - {"using":"xpath","value":"//button[@data-kt=\"addButton\"]"}
RESULT: {"using":"xpath","value":"//button[@data-kt=\"addButton\"]"}
COMMAND: POST /session/80b25485da4cce0461fa749928cde446/elements - {"using":"xpath","value":"//button[@data-kt=\"addButton\"]"}
RESULT: {"using":"xpath","value":"//button[@data-kt=\"addButton\"]"}
COMMAND: POST /session/80b25485da4cce0461fa749928cde446/elements - {"using":"xpath","value":"//button[@data-kt=\"addButton\"]"}
RESULT: {"using":"xpath","value":"//button[@data-kt=\"addButton\"]"}
COMMAND: POST /session/80b25485da4cce0461fa749928cde446/elements - {"using":"xpath","value":"//button[@data-kt=\"addButton\"]"}
RESULT: {"using":"xpath","value":"//button[@data-kt=\"addButton\"]"}
COMMAND: POST /session/80b25485da4cce0461fa749928cde446/elements - {"using":"xpath","value":"//button[@data-kt=\"addButton\"]"}
RESULT: {"using":"xpath","value":"//button[@data-kt=\"addButton\"]"}
COMMAND: POST /session/80b25485da4cce0461fa749928cde446/elements - {"using":"xpath","value":"//button[@data-kt=\"addButton\"]"}
RESULT: {"using":"xpath","value":"//button[@data-kt=\"addButton\"]"}
COMMAND: POST /session/80b25485da4cce0461fa749928cde446/elements - {"using":"xpath","value":"//button[@data-kt=\"addButton\"]"}
RESULT: {"using":"xpath","value":"//button[@data-kt=\"addButton\"]"}
COMMAND: POST /session/80b25485da4cce0461fa749928cde446/elements - {"using":"xpath","value":"//button[@data-kt=\"addButton\"]"}
RESULT: {"using":"xpath","value":"//button[@data-kt=\"addButton\"]"}
COMMAND: POST /session/80b25485da4cce0461fa749928cde446/elements - {"using":"xpath","value":"//button[@data-kt=\"addButton\"]"}
RESULT: {"using":"xpath","value":"//button[@data-kt=\"addButton\"]"}
COMMAND: POST /session/80b25485da4cce0461fa749928cde446/elements - {"using":"xpath","value":"//button[@data-kt=\"addButton\"]"}
RESULT: {"using":"xpath","value":"//button[@data-kt=\"addButton\"]"}
COMMAND: POST /session/80b25485da4cce0461fa749928cde446/elements - {"using":"xpath","value":"//button[@data-kt=\"addButton\"]"}
RESULT: {"using":"xpath","value":"//button[@data-kt=\"addButton\"]"}
COMMAND: POST /session/80b25485da4cce0461fa749928cde446/elements - {"using":"xpath","value":"//button[@data-kt=\"addButton\"]"}
RESULT: {"using":"xpath","value":"//button[@data-kt=\"addButton\"]"}
COMMAND: POST /session/80b25485da4cce0461fa749928cde446/elements - {"using":"xpath","value":"//button[@data-kt=\"addButton\"]"}
RESULT: {"using":"xpath","value":"//button[@data-kt=\"addButton\"]"}
COMMAND: POST /session/80b25485da4cce0461fa749928cde446/elements - {"using":"xpath","value":"//button[@data-kt=\"addButton\"]"}
RESULT: {"using":"xpath","value":"//button[@data-kt=\"addButton\"]"}
COMMAND: POST /session/80b25485da4cce0461fa749928cde446/elements - {"using":"xpath","value":"//button[@data-kt=\"addButton\"]"}
RESULT: {"using":"xpath","value":"//button[@data-kt=\"addButton\"]"}
COMMAND: POST /session/80b25485da4cce0461fa749928cde446/elements - {"using":"xpath","value":"//button[@data-kt=\"addButton\"]"}
RESULT: {"using":"xpath","value":"//button[@data-kt=\"addButton\"]"}
COMMAND: POST /session/80b25485da4cce0461fa749928cde446/elements - {"using":"xpath","value":"//button[@data-kt=\"addButton\"]"}
RESULT: {"using":"xpath","value":"//button[@data-kt=\"addButton\"]"}
COMMAND: POST /session/80b25485da4cce0461fa749928cde446/elements - {"using":"xpath","value":"//button[@data-kt=\"addButton\"]"}
RESULT: {"using":"xpath","value":"//button[@data-kt=\"addButton\"]"}
COMMAND: POST /session/80b25485da4cce0461fa749928cde446/elements - {"using":"xpath","value":"//button[@data-kt=\"addButton\"]"}
RESULT: {"using":"xpath","value":"//button[@data-kt=\"addButton\"]"}
COMMAND: POST /session/80b25485da4cce0461fa749928cde446/elements - {"using":"xpath","value":"//button[@data-kt=\"addButton\"]"}
RESULT: {"using":"xpath","value":"//button[@data-kt=\"addButton\"]"}
COMMAND: POST /session/80b25485da4cce0461fa749928cde446/elements - {"using":"xpath","value":"//button[@data-kt=\"addButton\"]"}
RESULT: {"using":"xpath","value":"//button[@data-kt=\"addButton\"]"}
COMMAND: POST /session/80b25485da4cce0461fa749928cde446/elements - {"using":"xpath","value":"//button[@data-kt=\"addButton\"]"}
RESULT: {"using":"xpath","value":"//button[@data-kt=\"addButton\"]"}
COMMAND: POST /session/80b25485da4cce0461fa749928cde446/elements - {"using":"xpath","value":"//button[@data-kt=\"addButton\"]"}
RESULT: {"using":"xpath","value":"//button[@data-kt=\"addButton\"]"}
COMMAND: POST /session/80b25485da4cce0461fa749928cde446/elements - {"using":"xpath","value":"//button[@data-kt=\"addButton\"]"}
RESULT: {"using":"xpath","value":"//button[@data-kt=\"addButton\"]"}
COMMAND: POST /session/80b25485da4cce0461fa749928cde446/elements - {"using":"xpath","value":"//button[@data-kt=\"addButton\"]"}
RESULT: {"using":"xpath","value":"//button[@data-kt=\"addButton\"]"}
COMMAND: POST /session/80b25485da4cce0461fa749928cde446/elements - {"using":"xpath","value":"//button[@data-kt=\"addButton\"]"}
RESULT: {"using":"xpath","value":"//button[@data-kt=\"addButton\"]"}
COMMAND: POST /session/80b25485da4cce0461fa749928cde446/elements - {"using":"xpath","value":"//button[@data-kt=\"addButton\"]"}
RESULT: {"using":"xpath","value":"//button[@data-kt=\"addButton\"]"}
COMMAND: POST /session/80b25485da4cce0461fa749928cde446/elements - {"using":"xpath","value":"//button[@data-kt=\"addButton\"]"}
RESULT: {"using":"xpath","value":"//button[@data-kt=\"addButton\"]"}
COMMAND: POST /session/80b25485da4cce0461fa749928cde446/elements - {"using":"xpath","value":"//button[@data-kt=\"addButton\"]"}
RESULT: {"using":"xpath","value":"//button[@data-kt=\"addButton\"]"}
COMMAND: POST /session/80b25485da4cce0461fa749928cde446/elements - {"using":"xpath","value":"//button[@data-kt=\"addButton\"]"}
RESULT: {"using":"xpath","value":"//button[@data-kt=\"addButton\"]"}
COMMAND: POST /session/80b25485da4cce0461fa749928cde446/elements - {"using":"xpath","value":"//button[@data-kt=\"addButton\"]"}
RESULT: {"using":"xpath","value":"//button[@data-kt=\"addButton\"]"}
COMMAND: POST /session/80b25485da4cce0461fa749928cde446/elements - {"using":"xpath","value":"//button[@data-kt=\"addButton\"]"}
RESULT: {"using":"xpath","value":"//button[@data-kt=\"addButton\"]"}
COMMAND: POST /session/80b25485da4cce0461fa749928cde446/elements - {"using":"xpath","value":"//button[@data-kt=\"addButton\"]"}
RESULT: {"using":"xpath","value":"//button[@data-kt=\"addButton\"]"}
COMMAND: POST /session/80b25485da4cce0461fa749928cde446/elements - {"using":"xpath","value":"//button[@data-kt=\"addButton\"]"}
RESULT: {"using":"xpath","value":"//button[@data-kt=\"addButton\"]"}
COMMAND: POST /session/80b25485da4cce0461fa749928cde446/elements - {"using":"xpath","value":"//button[@data-kt=\"addButton\"]"}
RESULT: {"using":"xpath","value":"//button[@data-kt=\"addButton\"]"}
COMMAND: POST /session/80b25485da4cce0461fa749928cde446/elements - {"using":"xpath","value":"//button[@data-kt=\"addButton\"]"}
RESULT: {"using":"xpath","value":"//button[@data-kt=\"addButton\"]"}
COMMAND: POST /session/80b25485da4cce0461fa749928cde446/elements - {"using":"xpath","value":"//button[@data-kt=\"addButton\"]"}
RESULT: {"using":"xpath","value":"//button[@data-kt=\"addButton\"]"}
COMMAND: POST /session/80b25485da4cce0461fa749928cde446/elements - {"using":"xpath","value":"//button[@data-kt=\"addButton\"]"}
RESULT: {"using":"xpath","value":"//button[@data-kt=\"addButton\"]"}
COMMAND: POST /session/80b25485da4cce0461fa749928cde446/elements - {"using":"xpath","value":"//button[@data-kt=\"addButton\"]"}
RESULT: {"using":"xpath","value":"//button[@data-kt=\"addButton\"]"}
COMMAND: POST /session/80b25485da4cce0461fa749928cde446/elements - {"using":"xpath","value":"//button[@data-kt=\"addButton\"]"}
RESULT: {"using":"xpath","value":"//button[@data-kt=\"addButton\"]"}
COMMAND: POST /session/80b25485da4cce0461fa749928cde446/elements - {"using":"xpath","value":"//button[@data-kt=\"addButton\"]"}
RESULT: {"using":"xpath","value":"//button[@data-kt=\"addButton\"]"}
COMMAND: POST /session/80b25485da4cce0461fa749928cde446/elements - {"using":"xpath","value":"//button[@data-kt=\"addButton\"]"}
RESULT: {"using":"xpath","value":"//button[@data-kt=\"addButton\"]"}
COMMAND: POST /session/80b25485da4cce0461fa749928cde446/elements - {"using":"xpath","value":"//button[@data-kt=\"addButton\"]"}
RESULT: {"using":"xpath","value":"//button[@data-kt=\"addButton\"]"}
COMMAND: POST /session/80b25485da4cce0461fa749928cde446/elements - {"using":"xpath","value":"//button[@data-kt=\"addButton\"]"}
RESULT: {"using":"xpath","value":"//button[@data-kt=\"addButton\"]"}
COMMAND: POST /session/80b25485da4cce0461fa749928cde446/elements - {"using":"xpath","value":"//button[@data-kt=\"addButton\"]"}
RESULT: {"using":"xpath","value":"//button[@data-kt=\"addButton\"]"}
COMMAND: POST /session/80b25485da4cce0461fa749928cde446/elements - {"using":"xpath","value":"//button[@data-kt=\"addButton\"]"}
RESULT: {"using":"xpath","value":"//button[@data-kt=\"addButton\"]"}
COMMAND: POST /session/80b25485da4cce0461fa749928cde446/elements - {"using":"xpath","value":"//button[@data-kt=\"addButton\"]"}
RESULT: {"using":"xpath","value":"//button[@data-kt=\"addButton\"]"}
COMMAND: POST /session/80b25485da4cce0461fa749928cde446/elements - {"using":"xpath","value":"//button[@data-kt=\"addButton\"]"}
RESULT: {"using":"xpath","value":"//button[@data-kt=\"addButton\"]"}
COMMAND: POST /session/80b25485da4cce0461fa749928cde446/elements - {"using":"xpath","value":"//button[@data-kt=\"addButton\"]"}
RESULT: {"using":"xpath","value":"//button[@data-kt=\"addButton\"]"}
COMMAND: GET /session/80b25485da4cce0461fa749928cde446/screenshot - {}
RESULT: {}
]]></system-out>
      <system-err><![CDATA[
Error: element ("//button[@data-kt="addButton"]") still not existing after 45000ms
    at async UtilsPrerequisites.contractCreation (D:\a\1\s\test\specs\BTS\prerequisites-and-utils-functions.js:1741:9)
    at async Context.<anonymous> (D:\a\1\s\test\specs\HTR\provide-to-site-w-warehouse-wo-clarification.spec.js:74:49)
]]></system-err>
    </testcase>
    <testcase classname="chrome.136_0_7103_93.windows.Provide_to_Site_w/_warehouse_management_wo_clarification" name="Should add equipment to the contract" time="60.365">
      <failure/>
      <error message="Can't call click on element with selector &quot;//button[@data-kt=&quot;contractDetailEditBtnButton&quot;]&quot; because element wasn't found"/>
      <system-out><![CDATA[
COMMAND: POST /session/80b25485da4cce0461fa749928cde446/element - {"using":"xpath","value":"//button[@data-kt=\"contractDetailEditBtnButton\"]"}
COMMAND: GET /session/80b25485da4cce0461fa749928cde446/screenshot - {}
RESULT: {"using":"xpath","value":"//button[@data-kt=\"contractDetailEditBtnButton\"]"}
COMMAND: POST /session/80b25485da4cce0461fa749928cde446/elements - {"using":"xpath","value":"//button[@data-kt=\"contractDetailEditBtnButton\"]"}
RESULT: {}
RESULT: {"using":"xpath","value":"//button[@data-kt=\"contractDetailEditBtnButton\"]"}
COMMAND: POST /session/80b25485da4cce0461fa749928cde446/elements - {"using":"xpath","value":"//button[@data-kt=\"contractDetailEditBtnButton\"]"}
RESULT: {"using":"xpath","value":"//button[@data-kt=\"contractDetailEditBtnButton\"]"}
COMMAND: POST /session/80b25485da4cce0461fa749928cde446/elements - {"using":"xpath","value":"//button[@data-kt=\"contractDetailEditBtnButton\"]"}
RESULT: {"using":"xpath","value":"//button[@data-kt=\"contractDetailEditBtnButton\"]"}
COMMAND: POST /session/80b25485da4cce0461fa749928cde446/elements - {"using":"xpath","value":"//button[@data-kt=\"contractDetailEditBtnButton\"]"}
RESULT: {"using":"xpath","value":"//button[@data-kt=\"contractDetailEditBtnButton\"]"}
COMMAND: POST /session/80b25485da4cce0461fa749928cde446/elements - {"using":"xpath","value":"//button[@data-kt=\"contractDetailEditBtnButton\"]"}
RESULT: {"using":"xpath","value":"//button[@data-kt=\"contractDetailEditBtnButton\"]"}
COMMAND: POST /session/80b25485da4cce0461fa749928cde446/elements - {"using":"xpath","value":"//button[@data-kt=\"contractDetailEditBtnButton\"]"}
RESULT: {"using":"xpath","value":"//button[@data-kt=\"contractDetailEditBtnButton\"]"}
COMMAND: POST /session/80b25485da4cce0461fa749928cde446/elements - {"using":"xpath","value":"//button[@data-kt=\"contractDetailEditBtnButton\"]"}
RESULT: {"using":"xpath","value":"//button[@data-kt=\"contractDetailEditBtnButton\"]"}
COMMAND: POST /session/80b25485da4cce0461fa749928cde446/elements - {"using":"xpath","value":"//button[@data-kt=\"contractDetailEditBtnButton\"]"}
RESULT: {"using":"xpath","value":"//button[@data-kt=\"contractDetailEditBtnButton\"]"}
COMMAND: POST /session/80b25485da4cce0461fa749928cde446/elements - {"using":"xpath","value":"//button[@data-kt=\"contractDetailEditBtnButton\"]"}
RESULT: {"using":"xpath","value":"//button[@data-kt=\"contractDetailEditBtnButton\"]"}
COMMAND: POST /session/80b25485da4cce0461fa749928cde446/elements - {"using":"xpath","value":"//button[@data-kt=\"contractDetailEditBtnButton\"]"}
RESULT: {"using":"xpath","value":"//button[@data-kt=\"contractDetailEditBtnButton\"]"}
COMMAND: POST /session/80b25485da4cce0461fa749928cde446/elements - {"using":"xpath","value":"//button[@data-kt=\"contractDetailEditBtnButton\"]"}
RESULT: {"using":"xpath","value":"//button[@data-kt=\"contractDetailEditBtnButton\"]"}
COMMAND: POST /session/80b25485da4cce0461fa749928cde446/elements - {"using":"xpath","value":"//button[@data-kt=\"contractDetailEditBtnButton\"]"}
RESULT: {"using":"xpath","value":"//button[@data-kt=\"contractDetailEditBtnButton\"]"}
COMMAND: POST /session/80b25485da4cce0461fa749928cde446/elements - {"using":"xpath","value":"//button[@data-kt=\"contractDetailEditBtnButton\"]"}
RESULT: {"using":"xpath","value":"//button[@data-kt=\"contractDetailEditBtnButton\"]"}
COMMAND: POST /session/80b25485da4cce0461fa749928cde446/elements - {"using":"xpath","value":"//button[@data-kt=\"contractDetailEditBtnButton\"]"}
RESULT: {"using":"xpath","value":"//button[@data-kt=\"contractDetailEditBtnButton\"]"}
COMMAND: POST /session/80b25485da4cce0461fa749928cde446/elements - {"using":"xpath","value":"//button[@data-kt=\"contractDetailEditBtnButton\"]"}
RESULT: {"using":"xpath","value":"//button[@data-kt=\"contractDetailEditBtnButton\"]"}
COMMAND: POST /session/80b25485da4cce0461fa749928cde446/elements - {"using":"xpath","value":"//button[@data-kt=\"contractDetailEditBtnButton\"]"}
RESULT: {"using":"xpath","value":"//button[@data-kt=\"contractDetailEditBtnButton\"]"}
COMMAND: POST /session/80b25485da4cce0461fa749928cde446/elements - {"using":"xpath","value":"//button[@data-kt=\"contractDetailEditBtnButton\"]"}
RESULT: {"using":"xpath","value":"//button[@data-kt=\"contractDetailEditBtnButton\"]"}
COMMAND: POST /session/80b25485da4cce0461fa749928cde446/elements - {"using":"xpath","value":"//button[@data-kt=\"contractDetailEditBtnButton\"]"}
RESULT: {"using":"xpath","value":"//button[@data-kt=\"contractDetailEditBtnButton\"]"}
COMMAND: POST /session/80b25485da4cce0461fa749928cde446/elements - {"using":"xpath","value":"//button[@data-kt=\"contractDetailEditBtnButton\"]"}
RESULT: {"using":"xpath","value":"//button[@data-kt=\"contractDetailEditBtnButton\"]"}
COMMAND: POST /session/80b25485da4cce0461fa749928cde446/elements - {"using":"xpath","value":"//button[@data-kt=\"contractDetailEditBtnButton\"]"}
RESULT: {"using":"xpath","value":"//button[@data-kt=\"contractDetailEditBtnButton\"]"}
COMMAND: POST /session/80b25485da4cce0461fa749928cde446/elements - {"using":"xpath","value":"//button[@data-kt=\"contractDetailEditBtnButton\"]"}
RESULT: {"using":"xpath","value":"//button[@data-kt=\"contractDetailEditBtnButton\"]"}
COMMAND: POST /session/80b25485da4cce0461fa749928cde446/elements - {"using":"xpath","value":"//button[@data-kt=\"contractDetailEditBtnButton\"]"}
RESULT: {"using":"xpath","value":"//button[@data-kt=\"contractDetailEditBtnButton\"]"}
COMMAND: POST /session/80b25485da4cce0461fa749928cde446/elements - {"using":"xpath","value":"//button[@data-kt=\"contractDetailEditBtnButton\"]"}
RESULT: {"using":"xpath","value":"//button[@data-kt=\"contractDetailEditBtnButton\"]"}
COMMAND: POST /session/80b25485da4cce0461fa749928cde446/elements - {"using":"xpath","value":"//button[@data-kt=\"contractDetailEditBtnButton\"]"}
RESULT: {"using":"xpath","value":"//button[@data-kt=\"contractDetailEditBtnButton\"]"}
COMMAND: POST /session/80b25485da4cce0461fa749928cde446/elements - {"using":"xpath","value":"//button[@data-kt=\"contractDetailEditBtnButton\"]"}
RESULT: {"using":"xpath","value":"//button[@data-kt=\"contractDetailEditBtnButton\"]"}
COMMAND: POST /session/80b25485da4cce0461fa749928cde446/elements - {"using":"xpath","value":"//button[@data-kt=\"contractDetailEditBtnButton\"]"}
RESULT: {"using":"xpath","value":"//button[@data-kt=\"contractDetailEditBtnButton\"]"}
COMMAND: POST /session/80b25485da4cce0461fa749928cde446/elements - {"using":"xpath","value":"//button[@data-kt=\"contractDetailEditBtnButton\"]"}
RESULT: {"using":"xpath","value":"//button[@data-kt=\"contractDetailEditBtnButton\"]"}
COMMAND: POST /session/80b25485da4cce0461fa749928cde446/elements - {"using":"xpath","value":"//button[@data-kt=\"contractDetailEditBtnButton\"]"}
RESULT: {"using":"xpath","value":"//button[@data-kt=\"contractDetailEditBtnButton\"]"}
COMMAND: POST /session/80b25485da4cce0461fa749928cde446/elements - {"using":"xpath","value":"//button[@data-kt=\"contractDetailEditBtnButton\"]"}
RESULT: {"using":"xpath","value":"//button[@data-kt=\"contractDetailEditBtnButton\"]"}
COMMAND: POST /session/80b25485da4cce0461fa749928cde446/elements - {"using":"xpath","value":"//button[@data-kt=\"contractDetailEditBtnButton\"]"}
RESULT: {"using":"xpath","value":"//button[@data-kt=\"contractDetailEditBtnButton\"]"}
COMMAND: POST /session/80b25485da4cce0461fa749928cde446/elements - {"using":"xpath","value":"//button[@data-kt=\"contractDetailEditBtnButton\"]"}
RESULT: {"using":"xpath","value":"//button[@data-kt=\"contractDetailEditBtnButton\"]"}
COMMAND: POST /session/80b25485da4cce0461fa749928cde446/elements - {"using":"xpath","value":"//button[@data-kt=\"contractDetailEditBtnButton\"]"}
RESULT: {"using":"xpath","value":"//button[@data-kt=\"contractDetailEditBtnButton\"]"}
COMMAND: POST /session/80b25485da4cce0461fa749928cde446/elements - {"using":"xpath","value":"//button[@data-kt=\"contractDetailEditBtnButton\"]"}
RESULT: {"using":"xpath","value":"//button[@data-kt=\"contractDetailEditBtnButton\"]"}
COMMAND: POST /session/80b25485da4cce0461fa749928cde446/elements - {"using":"xpath","value":"//button[@data-kt=\"contractDetailEditBtnButton\"]"}
RESULT: {"using":"xpath","value":"//button[@data-kt=\"contractDetailEditBtnButton\"]"}
COMMAND: POST /session/80b25485da4cce0461fa749928cde446/elements - {"using":"xpath","value":"//button[@data-kt=\"contractDetailEditBtnButton\"]"}
RESULT: {"using":"xpath","value":"//button[@data-kt=\"contractDetailEditBtnButton\"]"}
COMMAND: POST /session/80b25485da4cce0461fa749928cde446/elements - {"using":"xpath","value":"//button[@data-kt=\"contractDetailEditBtnButton\"]"}
RESULT: {"using":"xpath","value":"//button[@data-kt=\"contractDetailEditBtnButton\"]"}
COMMAND: POST /session/80b25485da4cce0461fa749928cde446/elements - {"using":"xpath","value":"//button[@data-kt=\"contractDetailEditBtnButton\"]"}
RESULT: {"using":"xpath","value":"//button[@data-kt=\"contractDetailEditBtnButton\"]"}
COMMAND: POST /session/80b25485da4cce0461fa749928cde446/elements - {"using":"xpath","value":"//button[@data-kt=\"contractDetailEditBtnButton\"]"}
RESULT: {"using":"xpath","value":"//button[@data-kt=\"contractDetailEditBtnButton\"]"}
COMMAND: POST /session/80b25485da4cce0461fa749928cde446/elements - {"using":"xpath","value":"//button[@data-kt=\"contractDetailEditBtnButton\"]"}
RESULT: {"using":"xpath","value":"//button[@data-kt=\"contractDetailEditBtnButton\"]"}
COMMAND: POST /session/80b25485da4cce0461fa749928cde446/elements - {"using":"xpath","value":"//button[@data-kt=\"contractDetailEditBtnButton\"]"}
RESULT: {"using":"xpath","value":"//button[@data-kt=\"contractDetailEditBtnButton\"]"}
COMMAND: POST /session/80b25485da4cce0461fa749928cde446/elements - {"using":"xpath","value":"//button[@data-kt=\"contractDetailEditBtnButton\"]"}
RESULT: {"using":"xpath","value":"//button[@data-kt=\"contractDetailEditBtnButton\"]"}
COMMAND: POST /session/80b25485da4cce0461fa749928cde446/elements - {"using":"xpath","value":"//button[@data-kt=\"contractDetailEditBtnButton\"]"}
RESULT: {"using":"xpath","value":"//button[@data-kt=\"contractDetailEditBtnButton\"]"}
COMMAND: POST /session/80b25485da4cce0461fa749928cde446/elements - {"using":"xpath","value":"//button[@data-kt=\"contractDetailEditBtnButton\"]"}
RESULT: {"using":"xpath","value":"//button[@data-kt=\"contractDetailEditBtnButton\"]"}
COMMAND: POST /session/80b25485da4cce0461fa749928cde446/elements - {"using":"xpath","value":"//button[@data-kt=\"contractDetailEditBtnButton\"]"}
RESULT: {"using":"xpath","value":"//button[@data-kt=\"contractDetailEditBtnButton\"]"}
COMMAND: POST /session/80b25485da4cce0461fa749928cde446/elements - {"using":"xpath","value":"//button[@data-kt=\"contractDetailEditBtnButton\"]"}
RESULT: {"using":"xpath","value":"//button[@data-kt=\"contractDetailEditBtnButton\"]"}
COMMAND: POST /session/80b25485da4cce0461fa749928cde446/elements - {"using":"xpath","value":"//button[@data-kt=\"contractDetailEditBtnButton\"]"}
RESULT: {"using":"xpath","value":"//button[@data-kt=\"contractDetailEditBtnButton\"]"}
COMMAND: POST /session/80b25485da4cce0461fa749928cde446/elements - {"using":"xpath","value":"//button[@data-kt=\"contractDetailEditBtnButton\"]"}
RESULT: {"using":"xpath","value":"//button[@data-kt=\"contractDetailEditBtnButton\"]"}
COMMAND: POST /session/80b25485da4cce0461fa749928cde446/elements - {"using":"xpath","value":"//button[@data-kt=\"contractDetailEditBtnButton\"]"}
RESULT: {"using":"xpath","value":"//button[@data-kt=\"contractDetailEditBtnButton\"]"}
COMMAND: POST /session/80b25485da4cce0461fa749928cde446/elements - {"using":"xpath","value":"//button[@data-kt=\"contractDetailEditBtnButton\"]"}
RESULT: {"using":"xpath","value":"//button[@data-kt=\"contractDetailEditBtnButton\"]"}
COMMAND: POST /session/80b25485da4cce0461fa749928cde446/elements - {"using":"xpath","value":"//button[@data-kt=\"contractDetailEditBtnButton\"]"}
RESULT: {"using":"xpath","value":"//button[@data-kt=\"contractDetailEditBtnButton\"]"}
COMMAND: POST /session/80b25485da4cce0461fa749928cde446/elements - {"using":"xpath","value":"//button[@data-kt=\"contractDetailEditBtnButton\"]"}
RESULT: {"using":"xpath","value":"//button[@data-kt=\"contractDetailEditBtnButton\"]"}
COMMAND: POST /session/80b25485da4cce0461fa749928cde446/elements - {"using":"xpath","value":"//button[@data-kt=\"contractDetailEditBtnButton\"]"}
RESULT: {"using":"xpath","value":"//button[@data-kt=\"contractDetailEditBtnButton\"]"}
COMMAND: POST /session/80b25485da4cce0461fa749928cde446/elements - {"using":"xpath","value":"//button[@data-kt=\"contractDetailEditBtnButton\"]"}
RESULT: {"using":"xpath","value":"//button[@data-kt=\"contractDetailEditBtnButton\"]"}
COMMAND: POST /session/80b25485da4cce0461fa749928cde446/elements - {"using":"xpath","value":"//button[@data-kt=\"contractDetailEditBtnButton\"]"}
RESULT: {"using":"xpath","value":"//button[@data-kt=\"contractDetailEditBtnButton\"]"}
COMMAND: POST /session/80b25485da4cce0461fa749928cde446/elements - {"using":"xpath","value":"//button[@data-kt=\"contractDetailEditBtnButton\"]"}
RESULT: {"using":"xpath","value":"//button[@data-kt=\"contractDetailEditBtnButton\"]"}
COMMAND: POST /session/80b25485da4cce0461fa749928cde446/elements - {"using":"xpath","value":"//button[@data-kt=\"contractDetailEditBtnButton\"]"}
RESULT: {"using":"xpath","value":"//button[@data-kt=\"contractDetailEditBtnButton\"]"}
COMMAND: POST /session/80b25485da4cce0461fa749928cde446/elements - {"using":"xpath","value":"//button[@data-kt=\"contractDetailEditBtnButton\"]"}
RESULT: {"using":"xpath","value":"//button[@data-kt=\"contractDetailEditBtnButton\"]"}
COMMAND: POST /session/80b25485da4cce0461fa749928cde446/elements - {"using":"xpath","value":"//button[@data-kt=\"contractDetailEditBtnButton\"]"}
RESULT: {"using":"xpath","value":"//button[@data-kt=\"contractDetailEditBtnButton\"]"}
COMMAND: POST /session/80b25485da4cce0461fa749928cde446/elements - {"using":"xpath","value":"//button[@data-kt=\"contractDetailEditBtnButton\"]"}
RESULT: {"using":"xpath","value":"//button[@data-kt=\"contractDetailEditBtnButton\"]"}
COMMAND: POST /session/80b25485da4cce0461fa749928cde446/elements - {"using":"xpath","value":"//button[@data-kt=\"contractDetailEditBtnButton\"]"}
RESULT: {"using":"xpath","value":"//button[@data-kt=\"contractDetailEditBtnButton\"]"}
COMMAND: POST /session/80b25485da4cce0461fa749928cde446/elements - {"using":"xpath","value":"//button[@data-kt=\"contractDetailEditBtnButton\"]"}
RESULT: {"using":"xpath","value":"//button[@data-kt=\"contractDetailEditBtnButton\"]"}
COMMAND: POST /session/80b25485da4cce0461fa749928cde446/elements - {"using":"xpath","value":"//button[@data-kt=\"contractDetailEditBtnButton\"]"}
RESULT: {"using":"xpath","value":"//button[@data-kt=\"contractDetailEditBtnButton\"]"}
COMMAND: POST /session/80b25485da4cce0461fa749928cde446/elements - {"using":"xpath","value":"//button[@data-kt=\"contractDetailEditBtnButton\"]"}
RESULT: {"using":"xpath","value":"//button[@data-kt=\"contractDetailEditBtnButton\"]"}
COMMAND: POST /session/80b25485da4cce0461fa749928cde446/elements - {"using":"xpath","value":"//button[@data-kt=\"contractDetailEditBtnButton\"]"}
RESULT: {"using":"xpath","value":"//button[@data-kt=\"contractDetailEditBtnButton\"]"}
COMMAND: POST /session/80b25485da4cce0461fa749928cde446/elements - {"using":"xpath","value":"//button[@data-kt=\"contractDetailEditBtnButton\"]"}
RESULT: {"using":"xpath","value":"//button[@data-kt=\"contractDetailEditBtnButton\"]"}
COMMAND: POST /session/80b25485da4cce0461fa749928cde446/elements - {"using":"xpath","value":"//button[@data-kt=\"contractDetailEditBtnButton\"]"}
RESULT: {"using":"xpath","value":"//button[@data-kt=\"contractDetailEditBtnButton\"]"}
COMMAND: POST /session/80b25485da4cce0461fa749928cde446/elements - {"using":"xpath","value":"//button[@data-kt=\"contractDetailEditBtnButton\"]"}
RESULT: {"using":"xpath","value":"//button[@data-kt=\"contractDetailEditBtnButton\"]"}
COMMAND: POST /session/80b25485da4cce0461fa749928cde446/elements - {"using":"xpath","value":"//button[@data-kt=\"contractDetailEditBtnButton\"]"}
RESULT: {"using":"xpath","value":"//button[@data-kt=\"contractDetailEditBtnButton\"]"}
COMMAND: POST /session/80b25485da4cce0461fa749928cde446/elements - {"using":"xpath","value":"//button[@data-kt=\"contractDetailEditBtnButton\"]"}
RESULT: {"using":"xpath","value":"//button[@data-kt=\"contractDetailEditBtnButton\"]"}
COMMAND: POST /session/80b25485da4cce0461fa749928cde446/elements - {"using":"xpath","value":"//button[@data-kt=\"contractDetailEditBtnButton\"]"}
RESULT: {"using":"xpath","value":"//button[@data-kt=\"contractDetailEditBtnButton\"]"}
COMMAND: POST /session/80b25485da4cce0461fa749928cde446/elements - {"using":"xpath","value":"//button[@data-kt=\"contractDetailEditBtnButton\"]"}
RESULT: {"using":"xpath","value":"//button[@data-kt=\"contractDetailEditBtnButton\"]"}
COMMAND: POST /session/80b25485da4cce0461fa749928cde446/elements - {"using":"xpath","value":"//button[@data-kt=\"contractDetailEditBtnButton\"]"}
RESULT: {"using":"xpath","value":"//button[@data-kt=\"contractDetailEditBtnButton\"]"}
COMMAND: POST /session/80b25485da4cce0461fa749928cde446/elements - {"using":"xpath","value":"//button[@data-kt=\"contractDetailEditBtnButton\"]"}
RESULT: {"using":"xpath","value":"//button[@data-kt=\"contractDetailEditBtnButton\"]"}
COMMAND: POST /session/80b25485da4cce0461fa749928cde446/elements - {"using":"xpath","value":"//button[@data-kt=\"contractDetailEditBtnButton\"]"}
RESULT: {"using":"xpath","value":"//button[@data-kt=\"contractDetailEditBtnButton\"]"}
COMMAND: POST /session/80b25485da4cce0461fa749928cde446/elements - {"using":"xpath","value":"//button[@data-kt=\"contractDetailEditBtnButton\"]"}
RESULT: {"using":"xpath","value":"//button[@data-kt=\"contractDetailEditBtnButton\"]"}
COMMAND: POST /session/80b25485da4cce0461fa749928cde446/elements - {"using":"xpath","value":"//button[@data-kt=\"contractDetailEditBtnButton\"]"}
RESULT: {"using":"xpath","value":"//button[@data-kt=\"contractDetailEditBtnButton\"]"}
COMMAND: POST /session/80b25485da4cce0461fa749928cde446/elements - {"using":"xpath","value":"//button[@data-kt=\"contractDetailEditBtnButton\"]"}
RESULT: {"using":"xpath","value":"//button[@data-kt=\"contractDetailEditBtnButton\"]"}
COMMAND: POST /session/80b25485da4cce0461fa749928cde446/elements - {"using":"xpath","value":"//button[@data-kt=\"contractDetailEditBtnButton\"]"}
RESULT: {"using":"xpath","value":"//button[@data-kt=\"contractDetailEditBtnButton\"]"}
COMMAND: POST /session/80b25485da4cce0461fa749928cde446/elements - {"using":"xpath","value":"//button[@data-kt=\"contractDetailEditBtnButton\"]"}
RESULT: {"using":"xpath","value":"//button[@data-kt=\"contractDetailEditBtnButton\"]"}
COMMAND: POST /session/80b25485da4cce0461fa749928cde446/elements - {"using":"xpath","value":"//button[@data-kt=\"contractDetailEditBtnButton\"]"}
RESULT: {"using":"xpath","value":"//button[@data-kt=\"contractDetailEditBtnButton\"]"}
COMMAND: POST /session/80b25485da4cce0461fa749928cde446/elements - {"using":"xpath","value":"//button[@data-kt=\"contractDetailEditBtnButton\"]"}
RESULT: {"using":"xpath","value":"//button[@data-kt=\"contractDetailEditBtnButton\"]"}
COMMAND: POST /session/80b25485da4cce0461fa749928cde446/elements - {"using":"xpath","value":"//button[@data-kt=\"contractDetailEditBtnButton\"]"}
RESULT: {"using":"xpath","value":"//button[@data-kt=\"contractDetailEditBtnButton\"]"}
COMMAND: POST /session/80b25485da4cce0461fa749928cde446/elements - {"using":"xpath","value":"//button[@data-kt=\"contractDetailEditBtnButton\"]"}
RESULT: {"using":"xpath","value":"//button[@data-kt=\"contractDetailEditBtnButton\"]"}
COMMAND: POST /session/80b25485da4cce0461fa749928cde446/elements - {"using":"xpath","value":"//button[@data-kt=\"contractDetailEditBtnButton\"]"}
RESULT: {"using":"xpath","value":"//button[@data-kt=\"contractDetailEditBtnButton\"]"}
COMMAND: POST /session/80b25485da4cce0461fa749928cde446/elements - {"using":"xpath","value":"//button[@data-kt=\"contractDetailEditBtnButton\"]"}
RESULT: {"using":"xpath","value":"//button[@data-kt=\"contractDetailEditBtnButton\"]"}
COMMAND: POST /session/80b25485da4cce0461fa749928cde446/elements - {"using":"xpath","value":"//button[@data-kt=\"contractDetailEditBtnButton\"]"}
RESULT: {"using":"xpath","value":"//button[@data-kt=\"contractDetailEditBtnButton\"]"}
COMMAND: POST /session/80b25485da4cce0461fa749928cde446/elements - {"using":"xpath","value":"//button[@data-kt=\"contractDetailEditBtnButton\"]"}
RESULT: {"using":"xpath","value":"//button[@data-kt=\"contractDetailEditBtnButton\"]"}
COMMAND: POST /session/80b25485da4cce0461fa749928cde446/elements - {"using":"xpath","value":"//button[@data-kt=\"contractDetailEditBtnButton\"]"}
RESULT: {"using":"xpath","value":"//button[@data-kt=\"contractDetailEditBtnButton\"]"}
COMMAND: POST /session/80b25485da4cce0461fa749928cde446/elements - {"using":"xpath","value":"//button[@data-kt=\"contractDetailEditBtnButton\"]"}
RESULT: {"using":"xpath","value":"//button[@data-kt=\"contractDetailEditBtnButton\"]"}
COMMAND: POST /session/80b25485da4cce0461fa749928cde446/elements - {"using":"xpath","value":"//button[@data-kt=\"contractDetailEditBtnButton\"]"}
RESULT: {"using":"xpath","value":"//button[@data-kt=\"contractDetailEditBtnButton\"]"}
COMMAND: POST /session/80b25485da4cce0461fa749928cde446/elements - {"using":"xpath","value":"//button[@data-kt=\"contractDetailEditBtnButton\"]"}
RESULT: {"using":"xpath","value":"//button[@data-kt=\"contractDetailEditBtnButton\"]"}
COMMAND: POST /session/80b25485da4cce0461fa749928cde446/elements - {"using":"xpath","value":"//button[@data-kt=\"contractDetailEditBtnButton\"]"}
RESULT: {"using":"xpath","value":"//button[@data-kt=\"contractDetailEditBtnButton\"]"}
COMMAND: POST /session/80b25485da4cce0461fa749928cde446/elements - {"using":"xpath","value":"//button[@data-kt=\"contractDetailEditBtnButton\"]"}
RESULT: {"using":"xpath","value":"//button[@data-kt=\"contractDetailEditBtnButton\"]"}
COMMAND: POST /session/80b25485da4cce0461fa749928cde446/elements - {"using":"xpath","value":"//button[@data-kt=\"contractDetailEditBtnButton\"]"}
RESULT: {"using":"xpath","value":"//button[@data-kt=\"contractDetailEditBtnButton\"]"}
COMMAND: POST /session/80b25485da4cce0461fa749928cde446/elements - {"using":"xpath","value":"//button[@data-kt=\"contractDetailEditBtnButton\"]"}
RESULT: {"using":"xpath","value":"//button[@data-kt=\"contractDetailEditBtnButton\"]"}
COMMAND: POST /session/80b25485da4cce0461fa749928cde446/elements - {"using":"xpath","value":"//button[@data-kt=\"contractDetailEditBtnButton\"]"}
RESULT: {"using":"xpath","value":"//button[@data-kt=\"contractDetailEditBtnButton\"]"}
COMMAND: POST /session/80b25485da4cce0461fa749928cde446/elements - {"using":"xpath","value":"//button[@data-kt=\"contractDetailEditBtnButton\"]"}
RESULT: {"using":"xpath","value":"//button[@data-kt=\"contractDetailEditBtnButton\"]"}
COMMAND: POST /session/80b25485da4cce0461fa749928cde446/elements - {"using":"xpath","value":"//button[@data-kt=\"contractDetailEditBtnButton\"]"}
RESULT: {"using":"xpath","value":"//button[@data-kt=\"contractDetailEditBtnButton\"]"}
COMMAND: POST /session/80b25485da4cce0461fa749928cde446/elements - {"using":"xpath","value":"//button[@data-kt=\"contractDetailEditBtnButton\"]"}
RESULT: {"using":"xpath","value":"//button[@data-kt=\"contractDetailEditBtnButton\"]"}
COMMAND: POST /session/80b25485da4cce0461fa749928cde446/elements - {"using":"xpath","value":"//button[@data-kt=\"contractDetailEditBtnButton\"]"}
RESULT: {"using":"xpath","value":"//button[@data-kt=\"contractDetailEditBtnButton\"]"}
COMMAND: POST /session/80b25485da4cce0461fa749928cde446/elements - {"using":"xpath","value":"//button[@data-kt=\"contractDetailEditBtnButton\"]"}
RESULT: {"using":"xpath","value":"//button[@data-kt=\"contractDetailEditBtnButton\"]"}
COMMAND: POST /session/80b25485da4cce0461fa749928cde446/elements - {"using":"xpath","value":"//button[@data-kt=\"contractDetailEditBtnButton\"]"}
RESULT: {"using":"xpath","value":"//button[@data-kt=\"contractDetailEditBtnButton\"]"}
COMMAND: POST /session/80b25485da4cce0461fa749928cde446/elements - {"using":"xpath","value":"//button[@data-kt=\"contractDetailEditBtnButton\"]"}
RESULT: {"using":"xpath","value":"//button[@data-kt=\"contractDetailEditBtnButton\"]"}
COMMAND: POST /session/80b25485da4cce0461fa749928cde446/elements - {"using":"xpath","value":"//button[@data-kt=\"contractDetailEditBtnButton\"]"}
RESULT: {"using":"xpath","value":"//button[@data-kt=\"contractDetailEditBtnButton\"]"}
COMMAND: POST /session/80b25485da4cce0461fa749928cde446/elements - {"using":"xpath","value":"//button[@data-kt=\"contractDetailEditBtnButton\"]"}
RESULT: {"using":"xpath","value":"//button[@data-kt=\"contractDetailEditBtnButton\"]"}
COMMAND: POST /session/80b25485da4cce0461fa749928cde446/elements - {"using":"xpath","value":"//button[@data-kt=\"contractDetailEditBtnButton\"]"}
RESULT: {"using":"xpath","value":"//button[@data-kt=\"contractDetailEditBtnButton\"]"}
COMMAND: POST /session/80b25485da4cce0461fa749928cde446/elements - {"using":"xpath","value":"//button[@data-kt=\"contractDetailEditBtnButton\"]"}
RESULT: {"using":"xpath","value":"//button[@data-kt=\"contractDetailEditBtnButton\"]"}
COMMAND: POST /session/80b25485da4cce0461fa749928cde446/elements - {"using":"xpath","value":"//button[@data-kt=\"contractDetailEditBtnButton\"]"}
RESULT: {"using":"xpath","value":"//button[@data-kt=\"contractDetailEditBtnButton\"]"}
COMMAND: POST /session/80b25485da4cce0461fa749928cde446/elements - {"using":"xpath","value":"//button[@data-kt=\"contractDetailEditBtnButton\"]"}
RESULT: {"using":"xpath","value":"//button[@data-kt=\"contractDetailEditBtnButton\"]"}
COMMAND: POST /session/80b25485da4cce0461fa749928cde446/elements - {"using":"xpath","value":"//button[@data-kt=\"contractDetailEditBtnButton\"]"}
RESULT: {"using":"xpath","value":"//button[@data-kt=\"contractDetailEditBtnButton\"]"}
COMMAND: POST /session/80b25485da4cce0461fa749928cde446/elements - {"using":"xpath","value":"//button[@data-kt=\"contractDetailEditBtnButton\"]"}
RESULT: {"using":"xpath","value":"//button[@data-kt=\"contractDetailEditBtnButton\"]"}
COMMAND: POST /session/80b25485da4cce0461fa749928cde446/elements - {"using":"xpath","value":"//button[@data-kt=\"contractDetailEditBtnButton\"]"}
RESULT: {"using":"xpath","value":"//button[@data-kt=\"contractDetailEditBtnButton\"]"}
COMMAND: POST /session/80b25485da4cce0461fa749928cde446/elements - {"using":"xpath","value":"//button[@data-kt=\"contractDetailEditBtnButton\"]"}
RESULT: {"using":"xpath","value":"//button[@data-kt=\"contractDetailEditBtnButton\"]"}
COMMAND: POST /session/80b25485da4cce0461fa749928cde446/elements - {"using":"xpath","value":"//button[@data-kt=\"contractDetailEditBtnButton\"]"}
RESULT: {"using":"xpath","value":"//button[@data-kt=\"contractDetailEditBtnButton\"]"}
COMMAND: POST /session/80b25485da4cce0461fa749928cde446/elements - {"using":"xpath","value":"//button[@data-kt=\"contractDetailEditBtnButton\"]"}
RESULT: {"using":"xpath","value":"//button[@data-kt=\"contractDetailEditBtnButton\"]"}
COMMAND: POST /session/80b25485da4cce0461fa749928cde446/elements - {"using":"xpath","value":"//button[@data-kt=\"contractDetailEditBtnButton\"]"}
RESULT: {"using":"xpath","value":"//button[@data-kt=\"contractDetailEditBtnButton\"]"}
COMMAND: POST /session/80b25485da4cce0461fa749928cde446/elements - {"using":"xpath","value":"//button[@data-kt=\"contractDetailEditBtnButton\"]"}
RESULT: {"using":"xpath","value":"//button[@data-kt=\"contractDetailEditBtnButton\"]"}
COMMAND: POST /session/80b25485da4cce0461fa749928cde446/elements - {"using":"xpath","value":"//button[@data-kt=\"contractDetailEditBtnButton\"]"}
RESULT: {"using":"xpath","value":"//button[@data-kt=\"contractDetailEditBtnButton\"]"}
COMMAND: POST /session/80b25485da4cce0461fa749928cde446/elements - {"using":"xpath","value":"//button[@data-kt=\"contractDetailEditBtnButton\"]"}
RESULT: {"using":"xpath","value":"//button[@data-kt=\"contractDetailEditBtnButton\"]"}
COMMAND: POST /session/80b25485da4cce0461fa749928cde446/elements - {"using":"xpath","value":"//button[@data-kt=\"contractDetailEditBtnButton\"]"}
RESULT: {"using":"xpath","value":"//button[@data-kt=\"contractDetailEditBtnButton\"]"}
COMMAND: POST /session/80b25485da4cce0461fa749928cde446/elements - {"using":"xpath","value":"//button[@data-kt=\"contractDetailEditBtnButton\"]"}
COMMAND: GET /session/80b25485da4cce0461fa749928cde446/screenshot - {}
RESULT: {"using":"xpath","value":"//button[@data-kt=\"contractDetailEditBtnButton\"]"}
RESULT: {}
]]></system-out>
      <system-err><![CDATA[
Error: Can't call click on element with selector "//button[@data-kt="contractDetailEditBtnButton"]" because element wasn't found
    at async UtilsPrerequisites.addItemToContract (D:\a\1\s\test\specs\BTS\prerequisites-and-utils-functions.js:1852:9)
    at async Context.<anonymous> (D:\a\1\s\test\specs\HTR\provide-to-site-w-warehouse-wo-clarification.spec.js:78:9)
]]></system-err>
    </testcase>
    <testcase classname="chrome.136_0_7103_93.windows.Provide_to_Site_w/_warehouse_management_wo_clarification" name="Should provide to site" time="60.744">
      <failure/>
      <error message="Can't call click on element with selector &quot;//button[@data-kt=&quot;provideButton&quot;]&quot; because element wasn't found"/>
      <system-out><![CDATA[
COMMAND: GET /session/80b25485da4cce0461fa749928cde446/screenshot - {}
COMMAND: POST /session/80b25485da4cce0461fa749928cde446/element - {"using":"xpath","value":"//button[@data-kt=\"provideButton\"]"}
RESULT: {}
RESULT: {"using":"xpath","value":"//button[@data-kt=\"provideButton\"]"}
COMMAND: POST /session/80b25485da4cce0461fa749928cde446/elements - {"using":"xpath","value":"//button[@data-kt=\"provideButton\"]"}
RESULT: {"using":"xpath","value":"//button[@data-kt=\"provideButton\"]"}
COMMAND: POST /session/80b25485da4cce0461fa749928cde446/elements - {"using":"xpath","value":"//button[@data-kt=\"provideButton\"]"}
RESULT: {"using":"xpath","value":"//button[@data-kt=\"provideButton\"]"}
COMMAND: POST /session/80b25485da4cce0461fa749928cde446/elements - {"using":"xpath","value":"//button[@data-kt=\"provideButton\"]"}
RESULT: {"using":"xpath","value":"//button[@data-kt=\"provideButton\"]"}
COMMAND: POST /session/80b25485da4cce0461fa749928cde446/elements - {"using":"xpath","value":"//button[@data-kt=\"provideButton\"]"}
RESULT: {"using":"xpath","value":"//button[@data-kt=\"provideButton\"]"}
COMMAND: POST /session/80b25485da4cce0461fa749928cde446/elements - {"using":"xpath","value":"//button[@data-kt=\"provideButton\"]"}
RESULT: {"using":"xpath","value":"//button[@data-kt=\"provideButton\"]"}
COMMAND: POST /session/80b25485da4cce0461fa749928cde446/elements - {"using":"xpath","value":"//button[@data-kt=\"provideButton\"]"}
RESULT: {"using":"xpath","value":"//button[@data-kt=\"provideButton\"]"}
COMMAND: POST /session/80b25485da4cce0461fa749928cde446/elements - {"using":"xpath","value":"//button[@data-kt=\"provideButton\"]"}
RESULT: {"using":"xpath","value":"//button[@data-kt=\"provideButton\"]"}
COMMAND: POST /session/80b25485da4cce0461fa749928cde446/elements - {"using":"xpath","value":"//button[@data-kt=\"provideButton\"]"}
RESULT: {"using":"xpath","value":"//button[@data-kt=\"provideButton\"]"}
COMMAND: POST /session/80b25485da4cce0461fa749928cde446/elements - {"using":"xpath","value":"//button[@data-kt=\"provideButton\"]"}
RESULT: {"using":"xpath","value":"//button[@data-kt=\"provideButton\"]"}
COMMAND: POST /session/80b25485da4cce0461fa749928cde446/elements - {"using":"xpath","value":"//button[@data-kt=\"provideButton\"]"}
RESULT: {"using":"xpath","value":"//button[@data-kt=\"provideButton\"]"}
COMMAND: POST /session/80b25485da4cce0461fa749928cde446/elements - {"using":"xpath","value":"//button[@data-kt=\"provideButton\"]"}
RESULT: {"using":"xpath","value":"//button[@data-kt=\"provideButton\"]"}
COMMAND: POST /session/80b25485da4cce0461fa749928cde446/elements - {"using":"xpath","value":"//button[@data-kt=\"provideButton\"]"}
RESULT: {"using":"xpath","value":"//button[@data-kt=\"provideButton\"]"}
COMMAND: POST /session/80b25485da4cce0461fa749928cde446/elements - {"using":"xpath","value":"//button[@data-kt=\"provideButton\"]"}
RESULT: {"using":"xpath","value":"//button[@data-kt=\"provideButton\"]"}
COMMAND: POST /session/80b25485da4cce0461fa749928cde446/elements - {"using":"xpath","value":"//button[@data-kt=\"provideButton\"]"}
RESULT: {"using":"xpath","value":"//button[@data-kt=\"provideButton\"]"}
COMMAND: POST /session/80b25485da4cce0461fa749928cde446/elements - {"using":"xpath","value":"//button[@data-kt=\"provideButton\"]"}
RESULT: {"using":"xpath","value":"//button[@data-kt=\"provideButton\"]"}
COMMAND: POST /session/80b25485da4cce0461fa749928cde446/elements - {"using":"xpath","value":"//button[@data-kt=\"provideButton\"]"}
RESULT: {"using":"xpath","value":"//button[@data-kt=\"provideButton\"]"}
COMMAND: POST /session/80b25485da4cce0461fa749928cde446/elements - {"using":"xpath","value":"//button[@data-kt=\"provideButton\"]"}
RESULT: {"using":"xpath","value":"//button[@data-kt=\"provideButton\"]"}
COMMAND: POST /session/80b25485da4cce0461fa749928cde446/elements - {"using":"xpath","value":"//button[@data-kt=\"provideButton\"]"}
RESULT: {"using":"xpath","value":"//button[@data-kt=\"provideButton\"]"}
COMMAND: POST /session/80b25485da4cce0461fa749928cde446/elements - {"using":"xpath","value":"//button[@data-kt=\"provideButton\"]"}
RESULT: {"using":"xpath","value":"//button[@data-kt=\"provideButton\"]"}
COMMAND: POST /session/80b25485da4cce0461fa749928cde446/elements - {"using":"xpath","value":"//button[@data-kt=\"provideButton\"]"}
RESULT: {"using":"xpath","value":"//button[@data-kt=\"provideButton\"]"}
COMMAND: POST /session/80b25485da4cce0461fa749928cde446/elements - {"using":"xpath","value":"//button[@data-kt=\"provideButton\"]"}
RESULT: {"using":"xpath","value":"//button[@data-kt=\"provideButton\"]"}
COMMAND: POST /session/80b25485da4cce0461fa749928cde446/elements - {"using":"xpath","value":"//button[@data-kt=\"provideButton\"]"}
RESULT: {"using":"xpath","value":"//button[@data-kt=\"provideButton\"]"}
COMMAND: POST /session/80b25485da4cce0461fa749928cde446/elements - {"using":"xpath","value":"//button[@data-kt=\"provideButton\"]"}
RESULT: {"using":"xpath","value":"//button[@data-kt=\"provideButton\"]"}
COMMAND: POST /session/80b25485da4cce0461fa749928cde446/elements - {"using":"xpath","value":"//button[@data-kt=\"provideButton\"]"}
RESULT: {"using":"xpath","value":"//button[@data-kt=\"provideButton\"]"}
COMMAND: POST /session/80b25485da4cce0461fa749928cde446/elements - {"using":"xpath","value":"//button[@data-kt=\"provideButton\"]"}
RESULT: {"using":"xpath","value":"//button[@data-kt=\"provideButton\"]"}
COMMAND: POST /session/80b25485da4cce0461fa749928cde446/elements - {"using":"xpath","value":"//button[@data-kt=\"provideButton\"]"}
RESULT: {"using":"xpath","value":"//button[@data-kt=\"provideButton\"]"}
COMMAND: POST /session/80b25485da4cce0461fa749928cde446/elements - {"using":"xpath","value":"//button[@data-kt=\"provideButton\"]"}
RESULT: {"using":"xpath","value":"//button[@data-kt=\"provideButton\"]"}
COMMAND: POST /session/80b25485da4cce0461fa749928cde446/elements - {"using":"xpath","value":"//button[@data-kt=\"provideButton\"]"}
RESULT: {"using":"xpath","value":"//button[@data-kt=\"provideButton\"]"}
COMMAND: POST /session/80b25485da4cce0461fa749928cde446/elements - {"using":"xpath","value":"//button[@data-kt=\"provideButton\"]"}
RESULT: {"using":"xpath","value":"//button[@data-kt=\"provideButton\"]"}
COMMAND: POST /session/80b25485da4cce0461fa749928cde446/elements - {"using":"xpath","value":"//button[@data-kt=\"provideButton\"]"}
RESULT: {"using":"xpath","value":"//button[@data-kt=\"provideButton\"]"}
COMMAND: POST /session/80b25485da4cce0461fa749928cde446/elements - {"using":"xpath","value":"//button[@data-kt=\"provideButton\"]"}
RESULT: {"using":"xpath","value":"//button[@data-kt=\"provideButton\"]"}
COMMAND: POST /session/80b25485da4cce0461fa749928cde446/elements - {"using":"xpath","value":"//button[@data-kt=\"provideButton\"]"}
RESULT: {"using":"xpath","value":"//button[@data-kt=\"provideButton\"]"}
COMMAND: POST /session/80b25485da4cce0461fa749928cde446/elements - {"using":"xpath","value":"//button[@data-kt=\"provideButton\"]"}
RESULT: {"using":"xpath","value":"//button[@data-kt=\"provideButton\"]"}
COMMAND: POST /session/80b25485da4cce0461fa749928cde446/elements - {"using":"xpath","value":"//button[@data-kt=\"provideButton\"]"}
RESULT: {"using":"xpath","value":"//button[@data-kt=\"provideButton\"]"}
COMMAND: POST /session/80b25485da4cce0461fa749928cde446/elements - {"using":"xpath","value":"//button[@data-kt=\"provideButton\"]"}
RESULT: {"using":"xpath","value":"//button[@data-kt=\"provideButton\"]"}
COMMAND: POST /session/80b25485da4cce0461fa749928cde446/elements - {"using":"xpath","value":"//button[@data-kt=\"provideButton\"]"}
RESULT: {"using":"xpath","value":"//button[@data-kt=\"provideButton\"]"}
COMMAND: POST /session/80b25485da4cce0461fa749928cde446/elements - {"using":"xpath","value":"//button[@data-kt=\"provideButton\"]"}
RESULT: {"using":"xpath","value":"//button[@data-kt=\"provideButton\"]"}
COMMAND: POST /session/80b25485da4cce0461fa749928cde446/elements - {"using":"xpath","value":"//button[@data-kt=\"provideButton\"]"}
RESULT: {"using":"xpath","value":"//button[@data-kt=\"provideButton\"]"}
COMMAND: POST /session/80b25485da4cce0461fa749928cde446/elements - {"using":"xpath","value":"//button[@data-kt=\"provideButton\"]"}
RESULT: {"using":"xpath","value":"//button[@data-kt=\"provideButton\"]"}
COMMAND: POST /session/80b25485da4cce0461fa749928cde446/elements - {"using":"xpath","value":"//button[@data-kt=\"provideButton\"]"}
RESULT: {"using":"xpath","value":"//button[@data-kt=\"provideButton\"]"}
COMMAND: POST /session/80b25485da4cce0461fa749928cde446/elements - {"using":"xpath","value":"//button[@data-kt=\"provideButton\"]"}
RESULT: {"using":"xpath","value":"//button[@data-kt=\"provideButton\"]"}
COMMAND: POST /session/80b25485da4cce0461fa749928cde446/elements - {"using":"xpath","value":"//button[@data-kt=\"provideButton\"]"}
RESULT: {"using":"xpath","value":"//button[@data-kt=\"provideButton\"]"}
COMMAND: POST /session/80b25485da4cce0461fa749928cde446/elements - {"using":"xpath","value":"//button[@data-kt=\"provideButton\"]"}
RESULT: {"using":"xpath","value":"//button[@data-kt=\"provideButton\"]"}
COMMAND: POST /session/80b25485da4cce0461fa749928cde446/elements - {"using":"xpath","value":"//button[@data-kt=\"provideButton\"]"}
RESULT: {"using":"xpath","value":"//button[@data-kt=\"provideButton\"]"}
COMMAND: POST /session/80b25485da4cce0461fa749928cde446/elements - {"using":"xpath","value":"//button[@data-kt=\"provideButton\"]"}
RESULT: {"using":"xpath","value":"//button[@data-kt=\"provideButton\"]"}
COMMAND: POST /session/80b25485da4cce0461fa749928cde446/elements - {"using":"xpath","value":"//button[@data-kt=\"provideButton\"]"}
RESULT: {"using":"xpath","value":"//button[@data-kt=\"provideButton\"]"}
COMMAND: POST /session/80b25485da4cce0461fa749928cde446/elements - {"using":"xpath","value":"//button[@data-kt=\"provideButton\"]"}
RESULT: {"using":"xpath","value":"//button[@data-kt=\"provideButton\"]"}
COMMAND: POST /session/80b25485da4cce0461fa749928cde446/elements - {"using":"xpath","value":"//button[@data-kt=\"provideButton\"]"}
RESULT: {"using":"xpath","value":"//button[@data-kt=\"provideButton\"]"}
COMMAND: POST /session/80b25485da4cce0461fa749928cde446/elements - {"using":"xpath","value":"//button[@data-kt=\"provideButton\"]"}
RESULT: {"using":"xpath","value":"//button[@data-kt=\"provideButton\"]"}
COMMAND: POST /session/80b25485da4cce0461fa749928cde446/elements - {"using":"xpath","value":"//button[@data-kt=\"provideButton\"]"}
RESULT: {"using":"xpath","value":"//button[@data-kt=\"provideButton\"]"}
COMMAND: POST /session/80b25485da4cce0461fa749928cde446/elements - {"using":"xpath","value":"//button[@data-kt=\"provideButton\"]"}
RESULT: {"using":"xpath","value":"//button[@data-kt=\"provideButton\"]"}
COMMAND: POST /session/80b25485da4cce0461fa749928cde446/elements - {"using":"xpath","value":"//button[@data-kt=\"provideButton\"]"}
RESULT: {"using":"xpath","value":"//button[@data-kt=\"provideButton\"]"}
COMMAND: POST /session/80b25485da4cce0461fa749928cde446/elements - {"using":"xpath","value":"//button[@data-kt=\"provideButton\"]"}
RESULT: {"using":"xpath","value":"//button[@data-kt=\"provideButton\"]"}
COMMAND: POST /session/80b25485da4cce0461fa749928cde446/elements - {"using":"xpath","value":"//button[@data-kt=\"provideButton\"]"}
RESULT: {"using":"xpath","value":"//button[@data-kt=\"provideButton\"]"}
COMMAND: POST /session/80b25485da4cce0461fa749928cde446/elements - {"using":"xpath","value":"//button[@data-kt=\"provideButton\"]"}
RESULT: {"using":"xpath","value":"//button[@data-kt=\"provideButton\"]"}
COMMAND: POST /session/80b25485da4cce0461fa749928cde446/elements - {"using":"xpath","value":"//button[@data-kt=\"provideButton\"]"}
RESULT: {"using":"xpath","value":"//button[@data-kt=\"provideButton\"]"}
COMMAND: POST /session/80b25485da4cce0461fa749928cde446/elements - {"using":"xpath","value":"//button[@data-kt=\"provideButton\"]"}
RESULT: {"using":"xpath","value":"//button[@data-kt=\"provideButton\"]"}
COMMAND: POST /session/80b25485da4cce0461fa749928cde446/elements - {"using":"xpath","value":"//button[@data-kt=\"provideButton\"]"}
RESULT: {"using":"xpath","value":"//button[@data-kt=\"provideButton\"]"}
COMMAND: POST /session/80b25485da4cce0461fa749928cde446/elements - {"using":"xpath","value":"//button[@data-kt=\"provideButton\"]"}
RESULT: {"using":"xpath","value":"//button[@data-kt=\"provideButton\"]"}
COMMAND: POST /session/80b25485da4cce0461fa749928cde446/elements - {"using":"xpath","value":"//button[@data-kt=\"provideButton\"]"}
RESULT: {"using":"xpath","value":"//button[@data-kt=\"provideButton\"]"}
COMMAND: POST /session/80b25485da4cce0461fa749928cde446/elements - {"using":"xpath","value":"//button[@data-kt=\"provideButton\"]"}
RESULT: {"using":"xpath","value":"//button[@data-kt=\"provideButton\"]"}
COMMAND: POST /session/80b25485da4cce0461fa749928cde446/elements - {"using":"xpath","value":"//button[@data-kt=\"provideButton\"]"}
RESULT: {"using":"xpath","value":"//button[@data-kt=\"provideButton\"]"}
COMMAND: POST /session/80b25485da4cce0461fa749928cde446/elements - {"using":"xpath","value":"//button[@data-kt=\"provideButton\"]"}
RESULT: {"using":"xpath","value":"//button[@data-kt=\"provideButton\"]"}
COMMAND: POST /session/80b25485da4cce0461fa749928cde446/elements - {"using":"xpath","value":"//button[@data-kt=\"provideButton\"]"}
RESULT: {"using":"xpath","value":"//button[@data-kt=\"provideButton\"]"}
COMMAND: POST /session/80b25485da4cce0461fa749928cde446/elements - {"using":"xpath","value":"//button[@data-kt=\"provideButton\"]"}
RESULT: {"using":"xpath","value":"//button[@data-kt=\"provideButton\"]"}
COMMAND: POST /session/80b25485da4cce0461fa749928cde446/elements - {"using":"xpath","value":"//button[@data-kt=\"provideButton\"]"}
RESULT: {"using":"xpath","value":"//button[@data-kt=\"provideButton\"]"}
COMMAND: POST /session/80b25485da4cce0461fa749928cde446/elements - {"using":"xpath","value":"//button[@data-kt=\"provideButton\"]"}
RESULT: {"using":"xpath","value":"//button[@data-kt=\"provideButton\"]"}
COMMAND: POST /session/80b25485da4cce0461fa749928cde446/elements - {"using":"xpath","value":"//button[@data-kt=\"provideButton\"]"}
RESULT: {"using":"xpath","value":"//button[@data-kt=\"provideButton\"]"}
COMMAND: POST /session/80b25485da4cce0461fa749928cde446/elements - {"using":"xpath","value":"//button[@data-kt=\"provideButton\"]"}
RESULT: {"using":"xpath","value":"//button[@data-kt=\"provideButton\"]"}
COMMAND: POST /session/80b25485da4cce0461fa749928cde446/elements - {"using":"xpath","value":"//button[@data-kt=\"provideButton\"]"}
RESULT: {"using":"xpath","value":"//button[@data-kt=\"provideButton\"]"}
COMMAND: POST /session/80b25485da4cce0461fa749928cde446/elements - {"using":"xpath","value":"//button[@data-kt=\"provideButton\"]"}
RESULT: {"using":"xpath","value":"//button[@data-kt=\"provideButton\"]"}
COMMAND: POST /session/80b25485da4cce0461fa749928cde446/elements - {"using":"xpath","value":"//button[@data-kt=\"provideButton\"]"}
RESULT: {"using":"xpath","value":"//button[@data-kt=\"provideButton\"]"}
COMMAND: POST /session/80b25485da4cce0461fa749928cde446/elements - {"using":"xpath","value":"//button[@data-kt=\"provideButton\"]"}
RESULT: {"using":"xpath","value":"//button[@data-kt=\"provideButton\"]"}
COMMAND: POST /session/80b25485da4cce0461fa749928cde446/elements - {"using":"xpath","value":"//button[@data-kt=\"provideButton\"]"}
RESULT: {"using":"xpath","value":"//button[@data-kt=\"provideButton\"]"}
COMMAND: POST /session/80b25485da4cce0461fa749928cde446/elements - {"using":"xpath","value":"//button[@data-kt=\"provideButton\"]"}
RESULT: {"using":"xpath","value":"//button[@data-kt=\"provideButton\"]"}
COMMAND: POST /session/80b25485da4cce0461fa749928cde446/elements - {"using":"xpath","value":"//button[@data-kt=\"provideButton\"]"}
RESULT: {"using":"xpath","value":"//button[@data-kt=\"provideButton\"]"}
COMMAND: POST /session/80b25485da4cce0461fa749928cde446/elements - {"using":"xpath","value":"//button[@data-kt=\"provideButton\"]"}
RESULT: {"using":"xpath","value":"//button[@data-kt=\"provideButton\"]"}
COMMAND: POST /session/80b25485da4cce0461fa749928cde446/elements - {"using":"xpath","value":"//button[@data-kt=\"provideButton\"]"}
RESULT: {"using":"xpath","value":"//button[@data-kt=\"provideButton\"]"}
COMMAND: POST /session/80b25485da4cce0461fa749928cde446/elements - {"using":"xpath","value":"//button[@data-kt=\"provideButton\"]"}
RESULT: {"using":"xpath","value":"//button[@data-kt=\"provideButton\"]"}
COMMAND: POST /session/80b25485da4cce0461fa749928cde446/elements - {"using":"xpath","value":"//button[@data-kt=\"provideButton\"]"}
RESULT: {"using":"xpath","value":"//button[@data-kt=\"provideButton\"]"}
COMMAND: POST /session/80b25485da4cce0461fa749928cde446/elements - {"using":"xpath","value":"//button[@data-kt=\"provideButton\"]"}
RESULT: {"using":"xpath","value":"//button[@data-kt=\"provideButton\"]"}
COMMAND: POST /session/80b25485da4cce0461fa749928cde446/elements - {"using":"xpath","value":"//button[@data-kt=\"provideButton\"]"}
RESULT: {"using":"xpath","value":"//button[@data-kt=\"provideButton\"]"}
COMMAND: POST /session/80b25485da4cce0461fa749928cde446/elements - {"using":"xpath","value":"//button[@data-kt=\"provideButton\"]"}
RESULT: {"using":"xpath","value":"//button[@data-kt=\"provideButton\"]"}
COMMAND: POST /session/80b25485da4cce0461fa749928cde446/elements - {"using":"xpath","value":"//button[@data-kt=\"provideButton\"]"}
RESULT: {"using":"xpath","value":"//button[@data-kt=\"provideButton\"]"}
COMMAND: POST /session/80b25485da4cce0461fa749928cde446/elements - {"using":"xpath","value":"//button[@data-kt=\"provideButton\"]"}
RESULT: {"using":"xpath","value":"//button[@data-kt=\"provideButton\"]"}
COMMAND: POST /session/80b25485da4cce0461fa749928cde446/elements - {"using":"xpath","value":"//button[@data-kt=\"provideButton\"]"}
RESULT: {"using":"xpath","value":"//button[@data-kt=\"provideButton\"]"}
COMMAND: POST /session/80b25485da4cce0461fa749928cde446/elements - {"using":"xpath","value":"//button[@data-kt=\"provideButton\"]"}
RESULT: {"using":"xpath","value":"//button[@data-kt=\"provideButton\"]"}
COMMAND: POST /session/80b25485da4cce0461fa749928cde446/elements - {"using":"xpath","value":"//button[@data-kt=\"provideButton\"]"}
RESULT: {"using":"xpath","value":"//button[@data-kt=\"provideButton\"]"}
COMMAND: POST /session/80b25485da4cce0461fa749928cde446/elements - {"using":"xpath","value":"//button[@data-kt=\"provideButton\"]"}
RESULT: {"using":"xpath","value":"//button[@data-kt=\"provideButton\"]"}
COMMAND: POST /session/80b25485da4cce0461fa749928cde446/elements - {"using":"xpath","value":"//button[@data-kt=\"provideButton\"]"}
RESULT: {"using":"xpath","value":"//button[@data-kt=\"provideButton\"]"}
COMMAND: POST /session/80b25485da4cce0461fa749928cde446/elements - {"using":"xpath","value":"//button[@data-kt=\"provideButton\"]"}
RESULT: {"using":"xpath","value":"//button[@data-kt=\"provideButton\"]"}
COMMAND: POST /session/80b25485da4cce0461fa749928cde446/elements - {"using":"xpath","value":"//button[@data-kt=\"provideButton\"]"}
RESULT: {"using":"xpath","value":"//button[@data-kt=\"provideButton\"]"}
COMMAND: POST /session/80b25485da4cce0461fa749928cde446/elements - {"using":"xpath","value":"//button[@data-kt=\"provideButton\"]"}
RESULT: {"using":"xpath","value":"//button[@data-kt=\"provideButton\"]"}
COMMAND: POST /session/80b25485da4cce0461fa749928cde446/elements - {"using":"xpath","value":"//button[@data-kt=\"provideButton\"]"}
RESULT: {"using":"xpath","value":"//button[@data-kt=\"provideButton\"]"}
COMMAND: POST /session/80b25485da4cce0461fa749928cde446/elements - {"using":"xpath","value":"//button[@data-kt=\"provideButton\"]"}
RESULT: {"using":"xpath","value":"//button[@data-kt=\"provideButton\"]"}
COMMAND: POST /session/80b25485da4cce0461fa749928cde446/elements - {"using":"xpath","value":"//button[@data-kt=\"provideButton\"]"}
RESULT: {"using":"xpath","value":"//button[@data-kt=\"provideButton\"]"}
COMMAND: POST /session/80b25485da4cce0461fa749928cde446/elements - {"using":"xpath","value":"//button[@data-kt=\"provideButton\"]"}
RESULT: {"using":"xpath","value":"//button[@data-kt=\"provideButton\"]"}
COMMAND: POST /session/80b25485da4cce0461fa749928cde446/elements - {"using":"xpath","value":"//button[@data-kt=\"provideButton\"]"}
RESULT: {"using":"xpath","value":"//button[@data-kt=\"provideButton\"]"}
COMMAND: POST /session/80b25485da4cce0461fa749928cde446/elements - {"using":"xpath","value":"//button[@data-kt=\"provideButton\"]"}
RESULT: {"using":"xpath","value":"//button[@data-kt=\"provideButton\"]"}
COMMAND: POST /session/80b25485da4cce0461fa749928cde446/elements - {"using":"xpath","value":"//button[@data-kt=\"provideButton\"]"}
RESULT: {"using":"xpath","value":"//button[@data-kt=\"provideButton\"]"}
COMMAND: POST /session/80b25485da4cce0461fa749928cde446/elements - {"using":"xpath","value":"//button[@data-kt=\"provideButton\"]"}
RESULT: {"using":"xpath","value":"//button[@data-kt=\"provideButton\"]"}
COMMAND: POST /session/80b25485da4cce0461fa749928cde446/elements - {"using":"xpath","value":"//button[@data-kt=\"provideButton\"]"}
RESULT: {"using":"xpath","value":"//button[@data-kt=\"provideButton\"]"}
COMMAND: POST /session/80b25485da4cce0461fa749928cde446/elements - {"using":"xpath","value":"//button[@data-kt=\"provideButton\"]"}
RESULT: {"using":"xpath","value":"//button[@data-kt=\"provideButton\"]"}
COMMAND: POST /session/80b25485da4cce0461fa749928cde446/elements - {"using":"xpath","value":"//button[@data-kt=\"provideButton\"]"}
RESULT: {"using":"xpath","value":"//button[@data-kt=\"provideButton\"]"}
COMMAND: POST /session/80b25485da4cce0461fa749928cde446/elements - {"using":"xpath","value":"//button[@data-kt=\"provideButton\"]"}
RESULT: {"using":"xpath","value":"//button[@data-kt=\"provideButton\"]"}
COMMAND: POST /session/80b25485da4cce0461fa749928cde446/elements - {"using":"xpath","value":"//button[@data-kt=\"provideButton\"]"}
RESULT: {"using":"xpath","value":"//button[@data-kt=\"provideButton\"]"}
COMMAND: POST /session/80b25485da4cce0461fa749928cde446/elements - {"using":"xpath","value":"//button[@data-kt=\"provideButton\"]"}
RESULT: {"using":"xpath","value":"//button[@data-kt=\"provideButton\"]"}
COMMAND: POST /session/80b25485da4cce0461fa749928cde446/elements - {"using":"xpath","value":"//button[@data-kt=\"provideButton\"]"}
RESULT: {"using":"xpath","value":"//button[@data-kt=\"provideButton\"]"}
COMMAND: POST /session/80b25485da4cce0461fa749928cde446/elements - {"using":"xpath","value":"//button[@data-kt=\"provideButton\"]"}
RESULT: {"using":"xpath","value":"//button[@data-kt=\"provideButton\"]"}
COMMAND: POST /session/80b25485da4cce0461fa749928cde446/elements - {"using":"xpath","value":"//button[@data-kt=\"provideButton\"]"}
RESULT: {"using":"xpath","value":"//button[@data-kt=\"provideButton\"]"}
COMMAND: POST /session/80b25485da4cce0461fa749928cde446/elements - {"using":"xpath","value":"//button[@data-kt=\"provideButton\"]"}
RESULT: {"using":"xpath","value":"//button[@data-kt=\"provideButton\"]"}
COMMAND: POST /session/80b25485da4cce0461fa749928cde446/elements - {"using":"xpath","value":"//button[@data-kt=\"provideButton\"]"}
RESULT: {"using":"xpath","value":"//button[@data-kt=\"provideButton\"]"}
COMMAND: POST /session/80b25485da4cce0461fa749928cde446/elements - {"using":"xpath","value":"//button[@data-kt=\"provideButton\"]"}
RESULT: {"using":"xpath","value":"//button[@data-kt=\"provideButton\"]"}
COMMAND: POST /session/80b25485da4cce0461fa749928cde446/elements - {"using":"xpath","value":"//button[@data-kt=\"provideButton\"]"}
RESULT: {"using":"xpath","value":"//button[@data-kt=\"provideButton\"]"}
COMMAND: POST /session/80b25485da4cce0461fa749928cde446/elements - {"using":"xpath","value":"//button[@data-kt=\"provideButton\"]"}
RESULT: {"using":"xpath","value":"//button[@data-kt=\"provideButton\"]"}
COMMAND: POST /session/80b25485da4cce0461fa749928cde446/elements - {"using":"xpath","value":"//button[@data-kt=\"provideButton\"]"}
RESULT: {"using":"xpath","value":"//button[@data-kt=\"provideButton\"]"}
COMMAND: POST /session/80b25485da4cce0461fa749928cde446/elements - {"using":"xpath","value":"//button[@data-kt=\"provideButton\"]"}
RESULT: {"using":"xpath","value":"//button[@data-kt=\"provideButton\"]"}
COMMAND: POST /session/80b25485da4cce0461fa749928cde446/elements - {"using":"xpath","value":"//button[@data-kt=\"provideButton\"]"}
RESULT: {"using":"xpath","value":"//button[@data-kt=\"provideButton\"]"}
COMMAND: POST /session/80b25485da4cce0461fa749928cde446/elements - {"using":"xpath","value":"//button[@data-kt=\"provideButton\"]"}
RESULT: {"using":"xpath","value":"//button[@data-kt=\"provideButton\"]"}
COMMAND: POST /session/80b25485da4cce0461fa749928cde446/elements - {"using":"xpath","value":"//button[@data-kt=\"provideButton\"]"}
RESULT: {"using":"xpath","value":"//button[@data-kt=\"provideButton\"]"}
COMMAND: POST /session/80b25485da4cce0461fa749928cde446/elements - {"using":"xpath","value":"//button[@data-kt=\"provideButton\"]"}
COMMAND: GET /session/80b25485da4cce0461fa749928cde446/screenshot - {}
RESULT: {"using":"xpath","value":"//button[@data-kt=\"provideButton\"]"}
RESULT: {}
]]></system-out>
      <system-err><![CDATA[
Error: Can't call click on element with selector "//button[@data-kt="provideButton"]" because element wasn't found
    at async Context.<anonymous> (D:\a\1\s\test\specs\HTR\provide-to-site-w-warehouse-wo-clarification.spec.js:83:9)
]]></system-err>
    </testcase>
    <testcase classname="chrome.136_0_7103_93.windows.Provide_to_Site_w/_warehouse_management_wo_clarification" name="Should Test for Handover Execution" time="34.061">
      <failure/>
      <error message="expect(received).toEqual(expected) // deep equality&#xA;&#xA;Expected: &quot;stored&quot;&#xA;Received: undefined"/>
      <system-out><![CDATA[
COMMAND: POST /session/80b25485da4cce0461fa749928cde446/execute/async - {"script":"<script> [1562 bytes]","args":[{"selector":{"controlType":"sap.m.Link","viewName":"etm.portal.ui.managehandovers.view.DetailExecuteHO","bindingPath":{"path":"","propertyPath":"/wmDoc","modelName":"warehouseMovModel"}},"wdio_ui5_key":"etmportal.ui.managehandovers.view.DetailExecuteHOsap.m.Link{\"path\":\"\",\"propertyPath\":\"/wmDoc\",\"modelName\":\"warehouseMovModel\"}"}]}
COMMAND: GET /session/80b25485da4cce0461fa749928cde446/screenshot - {}
RESULT: {"script":"<script> [1562 bytes]","args":[{"selector":{"controlType":"sap.m.Link","viewName":"etm.portal.ui.managehandovers.view.DetailExecuteHO","bindingPath":{"path":"","propertyPath":"/wmDoc","modelName":"warehouseMovModel"}},"wdio_ui5_key":"etmportal.ui.managehandovers.view.DetailExecuteHOsap.m.Link{\"path\":\"\",\"propertyPath\":\"/wmDoc\",\"modelName\":\"warehouseMovModel\"}"}]}
RESULT: undefined
RESULT: {}
COMMAND: POST /session/80b25485da4cce0461fa749928cde446/execute/async - {"script":"<script> [1562 bytes]","args":[{"selector":{"controlType":"sap.m.Link","viewName":"etm.portal.ui.managehandovers.view.DetailExecuteHO","properties":{"text":"Warehouse Overview"},"searchOpenDialogs":true},"wdio_ui5_key":"etmportal.ui.managehandovers.view.DetailExecuteHOsap.m.Link{\"text\":\"Warehouse Overview\"}"}]}
RESULT: {"script":"<script> [1562 bytes]","args":[{"selector":{"controlType":"sap.m.Link","viewName":"etm.portal.ui.managehandovers.view.DetailExecuteHO","properties":{"text":"Warehouse Overview"},"searchOpenDialogs":true},"wdio_ui5_key":"etmportal.ui.managehandovers.view.DetailExecuteHOsap.m.Link{\"text\":\"Warehouse Overview\"}"}]}
RESULT: undefined
COMMAND: POST /session/80b25485da4cce0461fa749928cde446/execute/async - {"script":"<script> [1562 bytes]","args":[{"selector":{"controlType":"sap.m.Button","viewName":"etm.portal.ui.warehousemovements.view.DisplayMovement","viewId":"application-warehousemovements-display-component---displayMovement","i18NText":{"propertyName":"text","key":"execution"},"interaction":{"idSuffix":"BDI-content"}},"wdio_ui5_key":"etmportal.ui.warehousemovements.view.DisplayMovementsap.m.Button{\"propertyName\":\"text\",\"key\":\"execution\"}"}]}
RESULT: {"script":"<script> [1562 bytes]","args":[{"selector":{"controlType":"sap.m.Button","viewName":"etm.portal.ui.warehousemovements.view.DisplayMovement","viewId":"application-warehousemovements-display-component---displayMovement","i18NText":{"propertyName":"text","key":"execution"},"interaction":{"idSuffix":"BDI-content"}},"wdio_ui5_key":"etmportal.ui.warehousemovements.view.DisplayMovementsap.m.Button{\"propertyName\":\"text\",\"key\":\"execution\"}"}]}
RESULT: undefined
COMMAND: POST /session/80b25485da4cce0461fa749928cde446/execute/async - {"script":"<script> [1562 bytes]","args":[{"selector":{"controlType":"sap.m.Button","viewName":"etm.portal.ui.warehousemovements.view.ExecuteMovement","viewId":"application-warehousemovements-display-component---executeMovement","properties":{"text":"Items"},"interaction":{"idSuffix":"BDI-content"}},"wdio_ui5_key":"etmportal.ui.warehousemovements.view.ExecuteMovementsap.m.Button{\"text\":\"Items\"}"}]}
RESULT: {"script":"<script> [1562 bytes]","args":[{"selector":{"controlType":"sap.m.Button","viewName":"etm.portal.ui.warehousemovements.view.ExecuteMovement","viewId":"application-warehousemovements-display-component---executeMovement","properties":{"text":"Items"},"interaction":{"idSuffix":"BDI-content"}},"wdio_ui5_key":"etmportal.ui.warehousemovements.view.ExecuteMovementsap.m.Button{\"text\":\"Items\"}"}]}
RESULT: undefined
COMMAND: POST /session/80b25485da4cce0461fa749928cde446/execute/async - {"script":"<script> [1562 bytes]","args":[{"selector":{"controlType":"sap.m.ToggleButton","viewName":"etm.portal.ui.warehousemovements.view.ExecuteMovement","viewId":"application-warehousemovements-display-component---executeMovement","bindingPath":{"propertyPath":"STATUS","modelName":"catalogModel"},"interaction":{"idSuffix":"BDI-content"}},"wdio_ui5_key":"etmportal.ui.warehousemovements.view.ExecuteMovementsap.m.ToggleButton{\"propertyPath\":\"STATUS\",\"modelName\":\"catalogModel\"}"}]}
RESULT: {"script":"<script> [1562 bytes]","args":[{"selector":{"controlType":"sap.m.ToggleButton","viewName":"etm.portal.ui.warehousemovements.view.ExecuteMovement","viewId":"application-warehousemovements-display-component---executeMovement","bindingPath":{"propertyPath":"STATUS","modelName":"catalogModel"},"interaction":{"idSuffix":"BDI-content"}},"wdio_ui5_key":"etmportal.ui.warehousemovements.view.ExecuteMovementsap.m.ToggleButton{\"propertyPath\":\"STATUS\",\"modelName\":\"catalogModel\"}"}]}
RESULT: undefined
RESULT: undefined
RESULT: undefined
COMMAND: GET /session/80b25485da4cce0461fa749928cde446/screenshot - {}
RESULT: {}
COMMAND: POST /session/80b25485da4cce0461fa749928cde446/element - {"using":"css selector","value":"#j_username"}
COMMAND: POST /session/80b25485da4cce0461fa749928cde446/url - {"url":"https://qa-testing-00-live-etm-ui.cfapps.eu10-004.hana.ondemand.com/"}
COMMAND: GET /session/80b25485da4cce0461fa749928cde446/screenshot - {}
COMMAND: GET /session/80b25485da4cce0461fa749928cde446/screenshot - {}
RESULT: {"using":"css selector","value":"#j_username"}
COMMAND: POST /session/80b25485da4cce0461fa749928cde446/element - {"using":"css selector","value":"#j_username"}
RESULT: {"url":"https://qa-testing-00-live-etm-ui.cfapps.eu10-004.hana.ondemand.com/"}
RESULT: undefined
COMMAND: GET /session/80b25485da4cce0461fa749928cde446/screenshot - {}
RESULT: {}
RESULT: {}
RESULT: {"using":"css selector","value":"#j_username"}
COMMAND: POST /session/80b25485da4cce0461fa749928cde446/element - {"using":"css selector","value":"#shell-header-logo"}
RESULT: {}
RESULT: {"using":"css selector","value":"#shell-header-logo"}
COMMAND: POST /session/80b25485da4cce0461fa749928cde446/execute/sync - {"script":"<script> [8489 bytes]","args":[{"element-6066-11e4-a52e-4f735466cecf":"f.499FA332C3249B1FB6786AFDCB682F30.d.5E95D5839D55B53BBEA8AC9AFE2488E0.e.6849","ELEMENT":"f.499FA332C3249B1FB6786AFDCB682F30.d.5E95D5839D55B53BBEA8AC9AFE2488E0.e.6849"}]}
RESULT: {"script":"<script> [8489 bytes]","args":[{"element-6066-11e4-a52e-4f735466cecf":"f.499FA332C3249B1FB6786AFDCB682F30.d.5E95D5839D55B53BBEA8AC9AFE2488E0.e.6849","ELEMENT":"f.499FA332C3249B1FB6786AFDCB682F30.d.5E95D5839D55B53BBEA8AC9AFE2488E0.e.6849"}]}
COMMAND: POST /session/80b25485da4cce0461fa749928cde446/element - {"using":"css selector","value":"#shell-header-logo"}
COMMAND: GET /session/80b25485da4cce0461fa749928cde446/screenshot - {}
RESULT: {"using":"css selector","value":"#shell-header-logo"}
COMMAND: POST /session/80b25485da4cce0461fa749928cde446/execute/sync - {"script":"<script> [8489 bytes]","args":[{"element-6066-11e4-a52e-4f735466cecf":"f.499FA332C3249B1FB6786AFDCB682F30.d.5E95D5839D55B53BBEA8AC9AFE2488E0.e.6849","ELEMENT":"f.499FA332C3249B1FB6786AFDCB682F30.d.5E95D5839D55B53BBEA8AC9AFE2488E0.e.6849"}]}
RESULT: {}
RESULT: {"script":"<script> [8489 bytes]","args":[{"element-6066-11e4-a52e-4f735466cecf":"f.499FA332C3249B1FB6786AFDCB682F30.d.5E95D5839D55B53BBEA8AC9AFE2488E0.e.6849","ELEMENT":"f.499FA332C3249B1FB6786AFDCB682F30.d.5E95D5839D55B53BBEA8AC9AFE2488E0.e.6849"}]}
COMMAND: POST /session/80b25485da4cce0461fa749928cde446/execute/sync - {"script":"<script> [5351 bytes]","args":[{"element-6066-11e4-a52e-4f735466cecf":"f.499FA332C3249B1FB6786AFDCB682F30.d.5E95D5839D55B53BBEA8AC9AFE2488E0.e.6849","ELEMENT":"f.499FA332C3249B1FB6786AFDCB682F30.d.5E95D5839D55B53BBEA8AC9AFE2488E0.e.6849"}]}
COMMAND: GET /session/80b25485da4cce0461fa749928cde446/screenshot - {}
RESULT: {"script":"<script> [5351 bytes]","args":[{"element-6066-11e4-a52e-4f735466cecf":"f.499FA332C3249B1FB6786AFDCB682F30.d.5E95D5839D55B53BBEA8AC9AFE2488E0.e.6849","ELEMENT":"f.499FA332C3249B1FB6786AFDCB682F30.d.5E95D5839D55B53BBEA8AC9AFE2488E0.e.6849"}]}
COMMAND: POST /session/80b25485da4cce0461fa749928cde446/element - {"using":"css selector","value":"#shell-header-logo"}
COMMAND: GET /session/80b25485da4cce0461fa749928cde446/screenshot - {}
RESULT: {}
RESULT: {"using":"css selector","value":"#shell-header-logo"}
COMMAND: POST /session/80b25485da4cce0461fa749928cde446/element/f.499FA332C3249B1FB6786AFDCB682F30.d.5E95D5839D55B53BBEA8AC9AFE2488E0.e.6849/click - {}
RESULT: {}
RESULT: {}
COMMAND: GET /session/80b25485da4cce0461fa749928cde446/screenshot - {}
RESULT: {}
COMMAND: POST /session/80b25485da4cce0461fa749928cde446/execute/async - {"script":"<script> [189 bytes]","args":[]}
RESULT: {"script":"<script> [189 bytes]","args":[]}
COMMAND: POST /session/80b25485da4cce0461fa749928cde446/execute/async - {"script":"<script> [123 bytes]","args":[]}
RESULT: {"script":"<script> [123 bytes]","args":[]}
COMMAND: POST /session/80b25485da4cce0461fa749928cde446/timeouts - {"script":"<number>"}
RESULT: {"script":"<number>"}
COMMAND: GET /session/80b25485da4cce0461fa749928cde446/timeouts - {}
RESULT: {}
RESULT: undefined
COMMAND: POST /session/80b25485da4cce0461fa749928cde446/execute/async - {"script":"<script> [2676 bytes]","args":[]}
RESULT: {"script":"<script> [2676 bytes]","args":[]}
COMMAND: POST /session/80b25485da4cce0461fa749928cde446/execute/async - {"script":"<script> [2342 bytes]","args":[{"protocol":"http","hostname":"0.0.0.0","path":"/","capabilities":{"browserName":"chrome","goog:chromeOptions":{"binary":"C:\\Program Files\\Google\\Chrome\\Application\\chrome.exe","args":["--start-maximized"]}},"logLevel":"warn","connectionRetryTimeout":120000,"connectionRetryCount":3,"logLevels":{},"enableDirectConnect":true,"strictSSL":true,"_":"65 more keys: [\"cacheDir\",\"port\",\"requestedCapabilities\",\"automationProtocol\",\"baseUrl\",\"waitforInterval\",\"waitforTimeout\",\"onReload\",\"beforeCommand\",\"afterCommand\",\"rootDir\",\"specs\",\"suites\",\"exclude\",\"groupLogsByTestSpec\",\"excludeDriverLogs\",\"bail\",\"framework\",\"reporters\",\"services\",\"maxInstances\",\"maxInstancesPerCapability\",\"injectGlobals\",\"filesToWatch\",\"execArgv\",\"runnerEnv\",\"runner\",\"shard\",\"specFileRetries\",\"specFileRetriesDelay\",\"specFileRetriesDeferred\",\"reporterSyncInterval\",\"reporterSyncTimeout\",\"cucumberFeaturesWithLineNumbers\",\"autoCompileOpts\",\"mochaOpts\",\"jasmineOpts\",\"cucumberOpts\",\"onPrepare\",\"onWorkerStart\",\"onWorkerEnd\",\"before\",\"beforeSession\",\"beforeSuite\",\"beforeHook\",\"beforeTest\",\"afterTest\",\"afterHook\",\"afterSuite\",\"afterSession\",\"after\",\"onComplete\",\"beforeAssertion\",\"afterAssertion\",\"beforeFeature\",\"beforeScenario\",\"beforeStep\",\"afterStep\",\"afterScenario\",\"afterFeature\",\"_\",\"suite\",\"$0\",\"ignoredWorkerServices\",\"wdi5\"]"}]}
RESULT: {"script":"<script> [2342 bytes]","args":[{"protocol":"http","hostname":"0.0.0.0","path":"/","capabilities":{"browserName":"chrome","goog:chromeOptions":{"binary":"C:\\Program Files\\Google\\Chrome\\Application\\chrome.exe","args":["--start-maximized"]}},"logLevel":"warn","connectionRetryTimeout":120000,"connectionRetryCount":3,"logLevels":{},"enableDirectConnect":true,"strictSSL":true,"_":"65 more keys: [\"cacheDir\",\"port\",\"requestedCapabilities\",\"automationProtocol\",\"baseUrl\",\"waitforInterval\",\"waitforTimeout\",\"onReload\",\"beforeCommand\",\"afterCommand\",\"rootDir\",\"specs\",\"suites\",\"exclude\",\"groupLogsByTestSpec\",\"excludeDriverLogs\",\"bail\",\"framework\",\"reporters\",\"services\",\"maxInstances\",\"maxInstancesPerCapability\",\"injectGlobals\",\"filesToWatch\",\"execArgv\",\"runnerEnv\",\"runner\",\"shard\",\"specFileRetries\",\"specFileRetriesDelay\",\"specFileRetriesDeferred\",\"reporterSyncInterval\",\"reporterSyncTimeout\",\"cucumberFeaturesWithLineNumbers\",\"autoCompileOpts\",\"mochaOpts\",\"jasmineOpts\",\"cucumberOpts\",\"onPrepare\",\"onWorkerStart\",\"onWorkerEnd\",\"before\",\"beforeSession\",\"beforeSuite\",\"beforeHook\",\"beforeTest\",\"afterTest\",\"afterHook\",\"afterSuite\",\"afterSession\",\"after\",\"onComplete\",\"beforeAssertion\",\"afterAssertion\",\"beforeFeature\",\"beforeScenario\",\"beforeStep\",\"afterStep\",\"afterScenario\",\"afterFeature\",\"_\",\"suite\",\"$0\",\"ignoredWorkerServices\",\"wdi5\"]"}]}
COMMAND: POST /session/80b25485da4cce0461fa749928cde446/execute/async - {"script":"<script> [21126 bytes]","args":[35000]}
RESULT: {"script":"<script> [21126 bytes]","args":[35000]}
COMMAND: POST /session/80b25485da4cce0461fa749928cde446/window/maximize - {}
RESULT: {}
COMMAND: POST /session/80b25485da4cce0461fa749928cde446/execute/async - {"script":"<script> [1562 bytes]","args":[{"selector":{"id":"shell-header","interaction":{"idSuffix":"icon"}},"wdio_ui5_key":"shellheader"}]}
COMMAND: GET /session/80b25485da4cce0461fa749928cde446/screenshot - {}
RESULT: {"script":"<script> [1562 bytes]","args":[{"selector":{"id":"shell-header","interaction":{"idSuffix":"icon"}},"wdio_ui5_key":"shellheader"}]}
RESULT: undefined
COMMAND: POST /session/80b25485da4cce0461fa749928cde446/window/fullscreen - {}
RESULT: {}
RESULT: {}
]]></system-out>
      <system-err><![CDATA[
Error: expect(received).toEqual(expected) // deep equality

Expected: "stored"
Received: undefined
    at Context.<anonymous> (D:\a\1\s\test\specs\HTR\provide-to-site-w-warehouse-wo-clarification.spec.js:229:28)
]]></system-err>
    </testcase>
  </testsuite>
  <testsuite timestamp="2025-06-01T16:45:16" time="431.557" tests="4" failures="0" errors="0" skipped="0">
    <properties>
      <property name="specId" value="0"/>
      <property name="suiteName" value="Provide to Site w/o warehouse management w/ clarification US116605"/>
      <property name="capabilities" value="chrome.136_0_7103_93.windows"/>
      <property name="file" value="file:///D:/a/1/s/test/specs/HTR/provide-to-site-wo-warehouse-w-clarification.spec.js"/>
    </properties>
    <testcase classname="chrome.136_0_7103_93.windows.Provide_to_Site_w/o_warehouse_management_w/_clarification_US116605" name="Should create a new yard" time="112.173">
      <system-out><![CDATA[
COMMAND: POST /session/80b25485da4cce0461fa749928cde446/window/fullscreen - {}
RESULT: {}
COMMAND: POST /session/80b25485da4cce0461fa749928cde446/execute/async - {"script":"<script> [1562 bytes]","args":[{"selector":{"controlType":"sap.m.GenericTile","properties":{"header":"Manage Yards"}},"wdio_ui5_key":"sapm.GenericTile{\"header\":\"Manage Yards\"}"}]}
RESULT: {"script":"<script> [1562 bytes]","args":[{"selector":{"controlType":"sap.m.GenericTile","properties":{"header":"Manage Yards"}},"wdio_ui5_key":"sapm.GenericTile{\"header\":\"Manage Yards\"}"}]}
RESULT: undefined
COMMAND: POST /session/80b25485da4cce0461fa749928cde446/element - {"using":"xpath","value":"//*[@id=\"__tile33\"]"}
RESULT: {"using":"xpath","value":"//*[@id=\"__tile33\"]"}
COMMAND: POST /session/80b25485da4cce0461fa749928cde446/element/f.499FA332C3249B1FB6786AFDCB682F30.d.5E95D5839D55B53BBEA8AC9AFE2488E0.e.6871/click - {}
RESULT: {}
COMMAND: GET /session/80b25485da4cce0461fa749928cde446/screenshot - {}
RESULT: {}
COMMAND: POST /session/80b25485da4cce0461fa749928cde446/elements - {"using":"xpath","value":"//span[text()='Error']"}
RESULT: {"using":"xpath","value":"//span[text()='Error']"}
COMMAND: POST /session/80b25485da4cce0461fa749928cde446/element - {"using":"xpath","value":"//button[@data-kt=\"addNewYardOverflowToolbarButton\"]"}
RESULT: {"using":"xpath","value":"//button[@data-kt=\"addNewYardOverflowToolbarButton\"]"}
COMMAND: POST /session/80b25485da4cce0461fa749928cde446/elements - {"using":"xpath","value":"//button[@data-kt=\"addNewYardOverflowToolbarButton\"]"}
RESULT: {"using":"xpath","value":"//button[@data-kt=\"addNewYardOverflowToolbarButton\"]"}
COMMAND: POST /session/80b25485da4cce0461fa749928cde446/execute/sync - {"script":"<script> [8489 bytes]","args":[{"element-6066-11e4-a52e-4f735466cecf":"f.499FA332C3249B1FB6786AFDCB682F30.d.5E95D5839D55B53BBEA8AC9AFE2488E0.e.7006","ELEMENT":"f.499FA332C3249B1FB6786AFDCB682F30.d.5E95D5839D55B53BBEA8AC9AFE2488E0.e.7006"}]}
RESULT: {"script":"<script> [8489 bytes]","args":[{"element-6066-11e4-a52e-4f735466cecf":"f.499FA332C3249B1FB6786AFDCB682F30.d.5E95D5839D55B53BBEA8AC9AFE2488E0.e.7006","ELEMENT":"f.499FA332C3249B1FB6786AFDCB682F30.d.5E95D5839D55B53BBEA8AC9AFE2488E0.e.7006"}]}
COMMAND: GET /session/80b25485da4cce0461fa749928cde446/element/f.499FA332C3249B1FB6786AFDCB682F30.d.5E95D5839D55B53BBEA8AC9AFE2488E0.e.7006/enabled - {}
COMMAND: GET /session/80b25485da4cce0461fa749928cde446/screenshot - {}
RESULT: {}
COMMAND: POST /session/80b25485da4cce0461fa749928cde446/execute/sync - {"script":"<script> [8489 bytes]","args":[{"element-6066-11e4-a52e-4f735466cecf":"f.499FA332C3249B1FB6786AFDCB682F30.d.5E95D5839D55B53BBEA8AC9AFE2488E0.e.7006","ELEMENT":"f.499FA332C3249B1FB6786AFDCB682F30.d.5E95D5839D55B53BBEA8AC9AFE2488E0.e.7006"}]}
COMMAND: GET /session/80b25485da4cce0461fa749928cde446/screenshot - {}
RESULT: {}
RESULT: {"script":"<script> [8489 bytes]","args":[{"element-6066-11e4-a52e-4f735466cecf":"f.499FA332C3249B1FB6786AFDCB682F30.d.5E95D5839D55B53BBEA8AC9AFE2488E0.e.7006","ELEMENT":"f.499FA332C3249B1FB6786AFDCB682F30.d.5E95D5839D55B53BBEA8AC9AFE2488E0.e.7006"}]}
COMMAND: POST /session/80b25485da4cce0461fa749928cde446/execute/sync - {"script":"<script> [5351 bytes]","args":[{"element-6066-11e4-a52e-4f735466cecf":"f.499FA332C3249B1FB6786AFDCB682F30.d.5E95D5839D55B53BBEA8AC9AFE2488E0.e.7006","ELEMENT":"f.499FA332C3249B1FB6786AFDCB682F30.d.5E95D5839D55B53BBEA8AC9AFE2488E0.e.7006"}]}
COMMAND: GET /session/80b25485da4cce0461fa749928cde446/screenshot - {}
RESULT: {}
RESULT: {"script":"<script> [5351 bytes]","args":[{"element-6066-11e4-a52e-4f735466cecf":"f.499FA332C3249B1FB6786AFDCB682F30.d.5E95D5839D55B53BBEA8AC9AFE2488E0.e.7006","ELEMENT":"f.499FA332C3249B1FB6786AFDCB682F30.d.5E95D5839D55B53BBEA8AC9AFE2488E0.e.7006"}]}
COMMAND: POST /session/80b25485da4cce0461fa749928cde446/element/f.499FA332C3249B1FB6786AFDCB682F30.d.5E95D5839D55B53BBEA8AC9AFE2488E0.e.7006/click - {}
COMMAND: GET /session/80b25485da4cce0461fa749928cde446/screenshot - {}
RESULT: {}
RESULT: {}
COMMAND: GET /session/80b25485da4cce0461fa749928cde446/screenshot - {}
COMMAND: POST /session/80b25485da4cce0461fa749928cde446/element - {"using":"xpath","value":"//input[@id=\"application-manageyards-display-component---NewYard--yardId-inner\"]"}
RESULT: {}
RESULT: {}
RESULT: {"using":"xpath","value":"//input[@id=\"application-manageyards-display-component---NewYard--yardId-inner\"]"}
COMMAND: POST /session/80b25485da4cce0461fa749928cde446/element - {"using":"xpath","value":"//input[@id=\"application-manageyards-display-component---NewYard--yardId-inner\"]"}
RESULT: {"using":"xpath","value":"//input[@id=\"application-manageyards-display-component---NewYard--yardId-inner\"]"}
COMMAND: POST /session/80b25485da4cce0461fa749928cde446/execute/async - {"script":"<script> [1562 bytes]","args":[{"selector":{"id":"application-manageyards-display-component---NewYard--addressDetailDetailsName1","interaction":{"idSuffix":"inner"}},"wdio_ui5_key":"applicationmanageyards-display-component---NewYard--addressDetailDetailsName1"}]}
RESULT: {"script":"<script> [1562 bytes]","args":[{"selector":{"id":"application-manageyards-display-component---NewYard--addressDetailDetailsName1","interaction":{"idSuffix":"inner"}},"wdio_ui5_key":"applicationmanageyards-display-component---NewYard--addressDetailDetailsName1"}]}
RESULT: undefined
COMMAND: POST /session/80b25485da4cce0461fa749928cde446/execute/async - {"script":"<script> [776 bytes]","args":[{"enterText":"Other Yard WDIO","selector":{"id":"application-manageyards-display-component---NewYard--addressDetailDetailsName1","interaction":{"idSuffix":"inner"}},"clearTextFirst":true,"interactionType":"ENTER_TEXT"}]}
RESULT: {"script":"<script> [776 bytes]","args":[{"enterText":"Other Yard WDIO","selector":{"id":"application-manageyards-display-component---NewYard--addressDetailDetailsName1","interaction":{"idSuffix":"inner"}},"clearTextFirst":true,"interactionType":"ENTER_TEXT"}]}
COMMAND: POST /session/80b25485da4cce0461fa749928cde446/execute/async - {"script":"<script> [1562 bytes]","args":[{"selector":{"id":"application-manageyards-display-component---NewYard--addressDetailDetailsLanguage-arrow"},"wdio_ui5_key":"applicationmanageyards-display-component---NewYard--addressDetailDetailsLanguage-arrow"}]}
RESULT: {"script":"<script> [1562 bytes]","args":[{"selector":{"id":"application-manageyards-display-component---NewYard--addressDetailDetailsLanguage-arrow"},"wdio_ui5_key":"applicationmanageyards-display-component---NewYard--addressDetailDetailsLanguage-arrow"}]}
RESULT: undefined
COMMAND: POST /session/80b25485da4cce0461fa749928cde446/element - {"using":"xpath","value":"//*[@id=\"application-manageyards-display-component---NewYard--addressDetailDetailsLanguage-arrow\"]"}
RESULT: {"using":"xpath","value":"//*[@id=\"application-manageyards-display-component---NewYard--addressDetailDetailsLanguage-arrow\"]"}
COMMAND: POST /session/80b25485da4cce0461fa749928cde446/element/f.499FA332C3249B1FB6786AFDCB682F30.d.5E95D5839D55B53BBEA8AC9AFE2488E0.e.7415/click - {}
RESULT: {}
COMMAND: POST /session/80b25485da4cce0461fa749928cde446/element - {"using":"xpath","value":"//span[contains(text(), \"English\")]"}
COMMAND: GET /session/80b25485da4cce0461fa749928cde446/screenshot - {}
RESULT: {"using":"xpath","value":"//span[contains(text(), \"English\")]"}
COMMAND: POST /session/80b25485da4cce0461fa749928cde446/element/f.499FA332C3249B1FB6786AFDCB682F30.d.5E95D5839D55B53BBEA8AC9AFE2488E0.e.7416/click - {}
RESULT: {}
RESULT: {}
COMMAND: POST /session/80b25485da4cce0461fa749928cde446/execute/async - {"script":"<script> [1562 bytes]","args":[{"selector":{"id":"application-manageyards-display-component---NewYard--addressDetailDetailsCity1","interaction":{"idSuffix":"inner"}},"wdio_ui5_key":"applicationmanageyards-display-component---NewYard--addressDetailDetailsCity1"}]}
COMMAND: GET /session/80b25485da4cce0461fa749928cde446/screenshot - {}
RESULT: {"script":"<script> [1562 bytes]","args":[{"selector":{"id":"application-manageyards-display-component---NewYard--addressDetailDetailsCity1","interaction":{"idSuffix":"inner"}},"wdio_ui5_key":"applicationmanageyards-display-component---NewYard--addressDetailDetailsCity1"}]}
RESULT: undefined
COMMAND: POST /session/80b25485da4cce0461fa749928cde446/execute/async - {"script":"<script> [776 bytes]","args":[{"enterText":"Rosario","selector":{"id":"application-manageyards-display-component---NewYard--addressDetailDetailsCity1","interaction":{"idSuffix":"inner"}},"clearTextFirst":true,"interactionType":"ENTER_TEXT"}]}
RESULT: {}
RESULT: {"script":"<script> [776 bytes]","args":[{"enterText":"Rosario","selector":{"id":"application-manageyards-display-component---NewYard--addressDetailDetailsCity1","interaction":{"idSuffix":"inner"}},"clearTextFirst":true,"interactionType":"ENTER_TEXT"}]}
COMMAND: POST /session/80b25485da4cce0461fa749928cde446/execute/async - {"script":"<script> [1562 bytes]","args":[{"selector":{"id":"application-manageyards-display-component---NewYard--addressDetailDetailsCountry-arrow"},"wdio_ui5_key":"applicationmanageyards-display-component---NewYard--addressDetailDetailsCountry-arrow"}]}
RESULT: {"script":"<script> [1562 bytes]","args":[{"selector":{"id":"application-manageyards-display-component---NewYard--addressDetailDetailsCountry-arrow"},"wdio_ui5_key":"applicationmanageyards-display-component---NewYard--addressDetailDetailsCountry-arrow"}]}
RESULT: undefined
COMMAND: POST /session/80b25485da4cce0461fa749928cde446/element - {"using":"xpath","value":"//*[@id=\"application-manageyards-display-component---NewYard--addressDetailDetailsCountry-arrow\"]"}
RESULT: {"using":"xpath","value":"//*[@id=\"application-manageyards-display-component---NewYard--addressDetailDetailsCountry-arrow\"]"}
COMMAND: POST /session/80b25485da4cce0461fa749928cde446/element/f.499FA332C3249B1FB6786AFDCB682F30.d.5E95D5839D55B53BBEA8AC9AFE2488E0.e.7418/click - {}
RESULT: {}
COMMAND: POST /session/80b25485da4cce0461fa749928cde446/element - {"using":"xpath","value":"//span[contains(text(), \"Argentina\")]"}
COMMAND: GET /session/80b25485da4cce0461fa749928cde446/screenshot - {}
RESULT: {"using":"xpath","value":"//span[contains(text(), \"Argentina\")]"}
COMMAND: POST /session/80b25485da4cce0461fa749928cde446/element/f.499FA332C3249B1FB6786AFDCB682F30.d.5E95D5839D55B53BBEA8AC9AFE2488E0.e.7420/click - {}
RESULT: {}
RESULT: {}
COMMAND: POST /session/80b25485da4cce0461fa749928cde446/execute/async - {"script":"<script> [1562 bytes]","args":[{"selector":{"id":"application-manageyards-display-component---NewYard--addressEditDetailsCostObjectCstType-arrow"},"wdio_ui5_key":"applicationmanageyards-display-component---NewYard--addressEditDetailsCostObjectCstType-arrow"}]}
COMMAND: GET /session/80b25485da4cce0461fa749928cde446/screenshot - {}
RESULT: {"script":"<script> [1562 bytes]","args":[{"selector":{"id":"application-manageyards-display-component---NewYard--addressEditDetailsCostObjectCstType-arrow"},"wdio_ui5_key":"applicationmanageyards-display-component---NewYard--addressEditDetailsCostObjectCstType-arrow"}]}
RESULT: undefined
COMMAND: POST /session/80b25485da4cce0461fa749928cde446/element - {"using":"xpath","value":"//*[@id=\"application-manageyards-display-component---NewYard--addressEditDetailsCostObjectCstType-arrow\"]"}
RESULT: {}
RESULT: {"using":"xpath","value":"//*[@id=\"application-manageyards-display-component---NewYard--addressEditDetailsCostObjectCstType-arrow\"]"}
COMMAND: POST /session/80b25485da4cce0461fa749928cde446/element/f.499FA332C3249B1FB6786AFDCB682F30.d.5E95D5839D55B53BBEA8AC9AFE2488E0.e.7421/click - {}
RESULT: {}
COMMAND: POST /session/80b25485da4cce0461fa749928cde446/element - {"using":"xpath","value":"//span[contains(text(), \"Cost Center\")]"}
COMMAND: GET /session/80b25485da4cce0461fa749928cde446/screenshot - {}
RESULT: {"using":"xpath","value":"//span[contains(text(), \"Cost Center\")]"}
COMMAND: POST /session/80b25485da4cce0461fa749928cde446/element/f.499FA332C3249B1FB6786AFDCB682F30.d.5E95D5839D55B53BBEA8AC9AFE2488E0.e.7422/click - {}
RESULT: {}
RESULT: {}
COMMAND: GET /session/80b25485da4cce0461fa749928cde446/screenshot - {}
RESULT: {}
COMMAND: POST /session/80b25485da4cce0461fa749928cde446/element - {"using":"xpath","value":"//span[@id=\"application-manageyards-display-component---NewYard--addressNewCostObjectCstID-vhi\"]"}
RESULT: {"using":"xpath","value":"//span[@id=\"application-manageyards-display-component---NewYard--addressNewCostObjectCstID-vhi\"]"}
COMMAND: POST /session/80b25485da4cce0461fa749928cde446/execute/sync - {"script":"<script> [8489 bytes]","args":[{"element-6066-11e4-a52e-4f735466cecf":"f.499FA332C3249B1FB6786AFDCB682F30.d.5E95D5839D55B53BBEA8AC9AFE2488E0.e.7426","ELEMENT":"f.499FA332C3249B1FB6786AFDCB682F30.d.5E95D5839D55B53BBEA8AC9AFE2488E0.e.7426"}]}
RESULT: {"script":"<script> [8489 bytes]","args":[{"element-6066-11e4-a52e-4f735466cecf":"f.499FA332C3249B1FB6786AFDCB682F30.d.5E95D5839D55B53BBEA8AC9AFE2488E0.e.7426","ELEMENT":"f.499FA332C3249B1FB6786AFDCB682F30.d.5E95D5839D55B53BBEA8AC9AFE2488E0.e.7426"}]}
COMMAND: POST /session/80b25485da4cce0461fa749928cde446/execute/async - {"script":"<script> [1562 bytes]","args":[{"selector":{"id":"application-manageyards-display-component---NewYard--addressNewCostObjectCstID-vhi"},"wdio_ui5_key":"applicationmanageyards-display-component---NewYard--addressNewCostObjectCstID-vhi"}]}
COMMAND: GET /session/80b25485da4cce0461fa749928cde446/screenshot - {}
RESULT: {"script":"<script> [1562 bytes]","args":[{"selector":{"id":"application-manageyards-display-component---NewYard--addressNewCostObjectCstID-vhi"},"wdio_ui5_key":"applicationmanageyards-display-component---NewYard--addressNewCostObjectCstID-vhi"}]}
RESULT: undefined
COMMAND: POST /session/80b25485da4cce0461fa749928cde446/element - {"using":"xpath","value":"//*[@id=\"application-manageyards-display-component---NewYard--addressNewCostObjectCstID-vhi\"]"}
RESULT: {}
RESULT: {"using":"xpath","value":"//*[@id=\"application-manageyards-display-component---NewYard--addressNewCostObjectCstID-vhi\"]"}
COMMAND: POST /session/80b25485da4cce0461fa749928cde446/element/f.499FA332C3249B1FB6786AFDCB682F30.d.5E95D5839D55B53BBEA8AC9AFE2488E0.e.7426/click - {}
RESULT: {}
COMMAND: GET /session/80b25485da4cce0461fa749928cde446/screenshot - {}
RESULT: {}
COMMAND: POST /session/80b25485da4cce0461fa749928cde446/execute/async - {"script":"<script> [1562 bytes]","args":[{"selector":{"controlType":"sap.m.SearchField","properties":{"placeholder":"Search"},"searchOpenDialogs":true,"interaction":{"idSuffix":"I"}},"wdio_ui5_key":"sapm.SearchField{\"placeholder\":\"Search\"}"}]}
RESULT: {"script":"<script> [1562 bytes]","args":[{"selector":{"controlType":"sap.m.SearchField","properties":{"placeholder":"Search"},"searchOpenDialogs":true,"interaction":{"idSuffix":"I"}},"wdio_ui5_key":"sapm.SearchField{\"placeholder\":\"Search\"}"}]}
RESULT: undefined
COMMAND: POST /session/80b25485da4cce0461fa749928cde446/execute/async - {"script":"<script> [776 bytes]","args":[{"enterText":"bauh_b","selector":{"controlType":"sap.m.SearchField","properties":{"placeholder":"Search"},"searchOpenDialogs":true,"interaction":{"idSuffix":"I"}},"clearTextFirst":true,"interactionType":"ENTER_TEXT"}]}
RESULT: {"script":"<script> [776 bytes]","args":[{"enterText":"bauh_b","selector":{"controlType":"sap.m.SearchField","properties":{"placeholder":"Search"},"searchOpenDialogs":true,"interaction":{"idSuffix":"I"}},"clearTextFirst":true,"interactionType":"ENTER_TEXT"}]}
COMMAND: POST /session/80b25485da4cce0461fa749928cde446/actions - {"actions":[{"id":"action25","type":"key","parameters":{},"actions":[{"type":"keyDown","value":""},{"type":"pause","duration":10},{"type":"keyUp","value":""}]}]}
RESULT: {"actions":[{"id":"action25","type":"key","parameters":{},"actions":[{"type":"keyDown","value":""},{"type":"pause","duration":10},{"type":"keyUp","value":""}]}]}
COMMAND: GET /session/80b25485da4cce0461fa749928cde446/screenshot - {}
RESULT: {}
COMMAND: POST /session/80b25485da4cce0461fa749928cde446/element - {"using":"xpath","value":"//span[contains(text(), \"Demo Yard\")]"}
RESULT: {"using":"xpath","value":"//span[contains(text(), \"Demo Yard\")]"}
COMMAND: POST /session/80b25485da4cce0461fa749928cde446/element/f.499FA332C3249B1FB6786AFDCB682F30.d.5E95D5839D55B53BBEA8AC9AFE2488E0.e.7469/click - {}
RESULT: {}
COMMAND: GET /session/80b25485da4cce0461fa749928cde446/screenshot - {}
RESULT: {}
COMMAND: POST /session/80b25485da4cce0461fa749928cde446/element - {"using":"xpath","value":"//bdi[contains(text(), \"OK\")]"}
RESULT: {"using":"xpath","value":"//bdi[contains(text(), \"OK\")]"}
COMMAND: POST /session/80b25485da4cce0461fa749928cde446/element/f.499FA332C3249B1FB6786AFDCB682F30.d.5E95D5839D55B53BBEA8AC9AFE2488E0.e.7470/click - {}
RESULT: {}
COMMAND: GET /session/80b25485da4cce0461fa749928cde446/screenshot - {}
RESULT: {}
COMMAND: POST /session/80b25485da4cce0461fa749928cde446/execute/async - {"script":"<script> [1562 bytes]","args":[{"selector":{"id":"application-manageyards-display-component---NewYard--addressEditDetailsCurrency-arrow"},"wdio_ui5_key":"applicationmanageyards-display-component---NewYard--addressEditDetailsCurrency-arrow"}]}
RESULT: {"script":"<script> [1562 bytes]","args":[{"selector":{"id":"application-manageyards-display-component---NewYard--addressEditDetailsCurrency-arrow"},"wdio_ui5_key":"applicationmanageyards-display-component---NewYard--addressEditDetailsCurrency-arrow"}]}
RESULT: undefined
COMMAND: POST /session/80b25485da4cce0461fa749928cde446/element - {"using":"xpath","value":"//*[@id=\"application-manageyards-display-component---NewYard--addressEditDetailsCurrency-arrow\"]"}
RESULT: {"using":"xpath","value":"//*[@id=\"application-manageyards-display-component---NewYard--addressEditDetailsCurrency-arrow\"]"}
COMMAND: POST /session/80b25485da4cce0461fa749928cde446/element/f.499FA332C3249B1FB6786AFDCB682F30.d.5E95D5839D55B53BBEA8AC9AFE2488E0.e.7473/click - {}
RESULT: {}
COMMAND: POST /session/80b25485da4cce0461fa749928cde446/element - {"using":"xpath","value":"//span[contains(text(), \"Euro\")]"}
COMMAND: GET /session/80b25485da4cce0461fa749928cde446/screenshot - {}
RESULT: {"using":"xpath","value":"//span[contains(text(), \"Euro\")]"}
COMMAND: POST /session/80b25485da4cce0461fa749928cde446/element/f.499FA332C3249B1FB6786AFDCB682F30.d.5E95D5839D55B53BBEA8AC9AFE2488E0.e.7474/click - {}
RESULT: {}
RESULT: {}
COMMAND: POST /session/80b25485da4cce0461fa749928cde446/execute/async - {"script":"<script> [1562 bytes]","args":[{"selector":{"controlType":"sap.m.Input","viewName":"etm.portal.ui.manageyards.view.New","viewId":"application-manageyards-display-component---NewYard","bindingPath":{"path":"","propertyPath":"/CONTROLLING_AREA","modelName":"NewYardModel"},"interaction":{"idSuffix":"inner"}},"wdio_ui5_key":"etmportal.ui.manageyards.view.Newsap.m.Input{\"path\":\"\",\"propertyPath\":\"/CONTROLLING_AREA\",\"modelName\":\"NewYardModel\"}"}]}
COMMAND: GET /session/80b25485da4cce0461fa749928cde446/screenshot - {}
RESULT: {"script":"<script> [1562 bytes]","args":[{"selector":{"controlType":"sap.m.Input","viewName":"etm.portal.ui.manageyards.view.New","viewId":"application-manageyards-display-component---NewYard","bindingPath":{"path":"","propertyPath":"/CONTROLLING_AREA","modelName":"NewYardModel"},"interaction":{"idSuffix":"inner"}},"wdio_ui5_key":"etmportal.ui.manageyards.view.Newsap.m.Input{\"path\":\"\",\"propertyPath\":\"/CONTROLLING_AREA\",\"modelName\":\"NewYardModel\"}"}]}
RESULT: undefined
COMMAND: POST /session/80b25485da4cce0461fa749928cde446/execute/async - {"script":"<script> [776 bytes]","args":[{"enterText":"Z001","selector":{"controlType":"sap.m.Input","viewName":"etm.portal.ui.manageyards.view.New","viewId":"application-manageyards-display-component---NewYard","bindingPath":{"path":"","propertyPath":"/CONTROLLING_AREA","modelName":"NewYardModel"},"interaction":{"idSuffix":"inner"}},"clearTextFirst":true,"interactionType":"ENTER_TEXT"}]}
RESULT: {}
RESULT: {"script":"<script> [776 bytes]","args":[{"enterText":"Z001","selector":{"controlType":"sap.m.Input","viewName":"etm.portal.ui.manageyards.view.New","viewId":"application-manageyards-display-component---NewYard","bindingPath":{"path":"","propertyPath":"/CONTROLLING_AREA","modelName":"NewYardModel"},"interaction":{"idSuffix":"inner"}},"clearTextFirst":true,"interactionType":"ENTER_TEXT"}]}
COMMAND: POST /session/80b25485da4cce0461fa749928cde446/execute/async - {"script":"<script> [1562 bytes]","args":[{"selector":{"id":"application-manageyards-display-component---NewYard--companyCodeComboBox","interaction":{"idSuffix":"inner"}},"wdio_ui5_key":"applicationmanageyards-display-component---NewYard--companyCodeComboBox"}]}
RESULT: {"script":"<script> [1562 bytes]","args":[{"selector":{"id":"application-manageyards-display-component---NewYard--companyCodeComboBox","interaction":{"idSuffix":"inner"}},"wdio_ui5_key":"applicationmanageyards-display-component---NewYard--companyCodeComboBox"}]}
RESULT: undefined
COMMAND: POST /session/80b25485da4cce0461fa749928cde446/execute/async - {"script":"<script> [776 bytes]","args":[{"enterText":"1000","selector":{"id":"application-manageyards-display-component---NewYard--companyCodeComboBox","interaction":{"idSuffix":"inner"}},"clearTextFirst":true,"interactionType":"ENTER_TEXT"}]}
RESULT: {"script":"<script> [776 bytes]","args":[{"enterText":"1000","selector":{"id":"application-manageyards-display-component---NewYard--companyCodeComboBox","interaction":{"idSuffix":"inner"}},"clearTextFirst":true,"interactionType":"ENTER_TEXT"}]}
COMMAND: POST /session/80b25485da4cce0461fa749928cde446/execute/async - {"script":"<script> [1562 bytes]","args":[{"selector":{"controlType":"sap.m.Input","viewName":"etm.portal.ui.manageyards.view.New","viewId":"application-manageyards-display-component---NewYard","bindingPath":{"path":"","propertyPath":"/PLANT","modelName":"NewYardModel"},"interaction":{"idSuffix":"inner"}},"wdio_ui5_key":"etmportal.ui.manageyards.view.Newsap.m.Input{\"path\":\"\",\"propertyPath\":\"/PLANT\",\"modelName\":\"NewYardModel\"}"}]}
RESULT: {"script":"<script> [1562 bytes]","args":[{"selector":{"controlType":"sap.m.Input","viewName":"etm.portal.ui.manageyards.view.New","viewId":"application-manageyards-display-component---NewYard","bindingPath":{"path":"","propertyPath":"/PLANT","modelName":"NewYardModel"},"interaction":{"idSuffix":"inner"}},"wdio_ui5_key":"etmportal.ui.manageyards.view.Newsap.m.Input{\"path\":\"\",\"propertyPath\":\"/PLANT\",\"modelName\":\"NewYardModel\"}"}]}
RESULT: undefined
COMMAND: POST /session/80b25485da4cce0461fa749928cde446/execute/async - {"script":"<script> [776 bytes]","args":[{"enterText":"1001","selector":{"controlType":"sap.m.Input","viewName":"etm.portal.ui.manageyards.view.New","viewId":"application-manageyards-display-component---NewYard","bindingPath":{"path":"","propertyPath":"/PLANT","modelName":"NewYardModel"},"interaction":{"idSuffix":"inner"}},"clearTextFirst":true,"interactionType":"ENTER_TEXT"}]}
RESULT: {"script":"<script> [776 bytes]","args":[{"enterText":"1001","selector":{"controlType":"sap.m.Input","viewName":"etm.portal.ui.manageyards.view.New","viewId":"application-manageyards-display-component---NewYard","bindingPath":{"path":"","propertyPath":"/PLANT","modelName":"NewYardModel"},"interaction":{"idSuffix":"inner"}},"clearTextFirst":true,"interactionType":"ENTER_TEXT"}]}
COMMAND: POST /session/80b25485da4cce0461fa749928cde446/execute/async - {"script":"<script> [1562 bytes]","args":[{"selector":{"controlType":"sap.m.Input","viewName":"etm.portal.ui.manageyards.view.New","viewId":"application-manageyards-display-component---NewYard","bindingPath":{"path":"","propertyPath":"/SALES_AREA_VKORG","modelName":"NewYardModel"},"interaction":{"idSuffix":"inner"}},"wdio_ui5_key":"etmportal.ui.manageyards.view.Newsap.m.Input{\"path\":\"\",\"propertyPath\":\"/SALES_AREA_VKORG\",\"modelName\":\"NewYardModel\"}"}]}
RESULT: {"script":"<script> [1562 bytes]","args":[{"selector":{"controlType":"sap.m.Input","viewName":"etm.portal.ui.manageyards.view.New","viewId":"application-manageyards-display-component---NewYard","bindingPath":{"path":"","propertyPath":"/SALES_AREA_VKORG","modelName":"NewYardModel"},"interaction":{"idSuffix":"inner"}},"wdio_ui5_key":"etmportal.ui.manageyards.view.Newsap.m.Input{\"path\":\"\",\"propertyPath\":\"/SALES_AREA_VKORG\",\"modelName\":\"NewYardModel\"}"}]}
RESULT: undefined
COMMAND: POST /session/80b25485da4cce0461fa749928cde446/execute/async - {"script":"<script> [776 bytes]","args":[{"enterText":"C002","selector":{"controlType":"sap.m.Input","viewName":"etm.portal.ui.manageyards.view.New","viewId":"application-manageyards-display-component---NewYard","bindingPath":{"path":"","propertyPath":"/SALES_AREA_VKORG","modelName":"NewYardModel"},"interaction":{"idSuffix":"inner"}},"clearTextFirst":true,"interactionType":"ENTER_TEXT"}]}
RESULT: {"script":"<script> [776 bytes]","args":[{"enterText":"C002","selector":{"controlType":"sap.m.Input","viewName":"etm.portal.ui.manageyards.view.New","viewId":"application-manageyards-display-component---NewYard","bindingPath":{"path":"","propertyPath":"/SALES_AREA_VKORG","modelName":"NewYardModel"},"interaction":{"idSuffix":"inner"}},"clearTextFirst":true,"interactionType":"ENTER_TEXT"}]}
COMMAND: POST /session/80b25485da4cce0461fa749928cde446/execute/async - {"script":"<script> [1562 bytes]","args":[{"selector":{"controlType":"sap.m.Input","viewName":"etm.portal.ui.manageyards.view.New","viewId":"application-manageyards-display-component---NewYard","bindingPath":{"path":"","propertyPath":"/SALES_AREA_VTWEG","modelName":"NewYardModel"},"interaction":{"idSuffix":"inner"}},"wdio_ui5_key":"etmportal.ui.manageyards.view.Newsap.m.Input{\"path\":\"\",\"propertyPath\":\"/SALES_AREA_VTWEG\",\"modelName\":\"NewYardModel\"}"}]}
RESULT: {"script":"<script> [1562 bytes]","args":[{"selector":{"controlType":"sap.m.Input","viewName":"etm.portal.ui.manageyards.view.New","viewId":"application-manageyards-display-component---NewYard","bindingPath":{"path":"","propertyPath":"/SALES_AREA_VTWEG","modelName":"NewYardModel"},"interaction":{"idSuffix":"inner"}},"wdio_ui5_key":"etmportal.ui.manageyards.view.Newsap.m.Input{\"path\":\"\",\"propertyPath\":\"/SALES_AREA_VTWEG\",\"modelName\":\"NewYardModel\"}"}]}
RESULT: undefined
COMMAND: POST /session/80b25485da4cce0461fa749928cde446/execute/async - {"script":"<script> [776 bytes]","args":[{"enterText":"C2","selector":{"controlType":"sap.m.Input","viewName":"etm.portal.ui.manageyards.view.New","viewId":"application-manageyards-display-component---NewYard","bindingPath":{"path":"","propertyPath":"/SALES_AREA_VTWEG","modelName":"NewYardModel"},"interaction":{"idSuffix":"inner"}},"clearTextFirst":true,"interactionType":"ENTER_TEXT"}]}
RESULT: {"script":"<script> [776 bytes]","args":[{"enterText":"C2","selector":{"controlType":"sap.m.Input","viewName":"etm.portal.ui.manageyards.view.New","viewId":"application-manageyards-display-component---NewYard","bindingPath":{"path":"","propertyPath":"/SALES_AREA_VTWEG","modelName":"NewYardModel"},"interaction":{"idSuffix":"inner"}},"clearTextFirst":true,"interactionType":"ENTER_TEXT"}]}
COMMAND: POST /session/80b25485da4cce0461fa749928cde446/execute/async - {"script":"<script> [1562 bytes]","args":[{"selector":{"controlType":"sap.m.Input","viewName":"etm.portal.ui.manageyards.view.New","viewId":"application-manageyards-display-component---NewYard","bindingPath":{"path":"","propertyPath":"/SALES_AREA_SPART","modelName":"NewYardModel"},"interaction":{"idSuffix":"inner"}},"wdio_ui5_key":"etmportal.ui.manageyards.view.Newsap.m.Input{\"path\":\"\",\"propertyPath\":\"/SALES_AREA_SPART\",\"modelName\":\"NewYardModel\"}"}]}
RESULT: {"script":"<script> [1562 bytes]","args":[{"selector":{"controlType":"sap.m.Input","viewName":"etm.portal.ui.manageyards.view.New","viewId":"application-manageyards-display-component---NewYard","bindingPath":{"path":"","propertyPath":"/SALES_AREA_SPART","modelName":"NewYardModel"},"interaction":{"idSuffix":"inner"}},"wdio_ui5_key":"etmportal.ui.manageyards.view.Newsap.m.Input{\"path\":\"\",\"propertyPath\":\"/SALES_AREA_SPART\",\"modelName\":\"NewYardModel\"}"}]}
RESULT: undefined
COMMAND: POST /session/80b25485da4cce0461fa749928cde446/execute/async - {"script":"<script> [776 bytes]","args":[{"enterText":"C2","selector":{"controlType":"sap.m.Input","viewName":"etm.portal.ui.manageyards.view.New","viewId":"application-manageyards-display-component---NewYard","bindingPath":{"path":"","propertyPath":"/SALES_AREA_SPART","modelName":"NewYardModel"},"interaction":{"idSuffix":"inner"}},"clearTextFirst":true,"interactionType":"ENTER_TEXT"}]}
RESULT: {"script":"<script> [776 bytes]","args":[{"enterText":"C2","selector":{"controlType":"sap.m.Input","viewName":"etm.portal.ui.manageyards.view.New","viewId":"application-manageyards-display-component---NewYard","bindingPath":{"path":"","propertyPath":"/SALES_AREA_SPART","modelName":"NewYardModel"},"interaction":{"idSuffix":"inner"}},"clearTextFirst":true,"interactionType":"ENTER_TEXT"}]}
COMMAND: POST /session/80b25485da4cce0461fa749928cde446/execute/async - {"script":"<script> [1562 bytes]","args":[{"selector":{"controlType":"sap.m.Input","viewName":"etm.portal.ui.manageyards.view.New","viewId":"application-manageyards-display-component---NewYard","bindingPath":{"path":"","propertyPath":"/SHIP_POINT","modelName":"NewYardModel"},"interaction":{"idSuffix":"inner"}},"wdio_ui5_key":"etmportal.ui.manageyards.view.Newsap.m.Input{\"path\":\"\",\"propertyPath\":\"/SHIP_POINT\",\"modelName\":\"NewYardModel\"}"}]}
RESULT: {"script":"<script> [1562 bytes]","args":[{"selector":{"controlType":"sap.m.Input","viewName":"etm.portal.ui.manageyards.view.New","viewId":"application-manageyards-display-component---NewYard","bindingPath":{"path":"","propertyPath":"/SHIP_POINT","modelName":"NewYardModel"},"interaction":{"idSuffix":"inner"}},"wdio_ui5_key":"etmportal.ui.manageyards.view.Newsap.m.Input{\"path\":\"\",\"propertyPath\":\"/SHIP_POINT\",\"modelName\":\"NewYardModel\"}"}]}
RESULT: undefined
COMMAND: POST /session/80b25485da4cce0461fa749928cde446/execute/async - {"script":"<script> [776 bytes]","args":[{"enterText":"1710","selector":{"controlType":"sap.m.Input","viewName":"etm.portal.ui.manageyards.view.New","viewId":"application-manageyards-display-component---NewYard","bindingPath":{"path":"","propertyPath":"/SHIP_POINT","modelName":"NewYardModel"},"interaction":{"idSuffix":"inner"}},"clearTextFirst":true,"interactionType":"ENTER_TEXT"}]}
RESULT: {"script":"<script> [776 bytes]","args":[{"enterText":"1710","selector":{"controlType":"sap.m.Input","viewName":"etm.portal.ui.manageyards.view.New","viewId":"application-manageyards-display-component---NewYard","bindingPath":{"path":"","propertyPath":"/SHIP_POINT","modelName":"NewYardModel"},"interaction":{"idSuffix":"inner"}},"clearTextFirst":true,"interactionType":"ENTER_TEXT"}]}
COMMAND: POST /session/80b25485da4cce0461fa749928cde446/execute/async - {"script":"<script> [1562 bytes]","args":[{"selector":{"controlType":"sap.m.Input","viewName":"etm.portal.ui.manageyards.view.New","viewId":"application-manageyards-display-component---NewYard","bindingPath":{"path":"","propertyPath":"/DELIVERY_TYPE","modelName":"NewYardModel"},"interaction":{"idSuffix":"inner"}},"wdio_ui5_key":"etmportal.ui.manageyards.view.Newsap.m.Input{\"path\":\"\",\"propertyPath\":\"/DELIVERY_TYPE\",\"modelName\":\"NewYardModel\"}"}]}
RESULT: {"script":"<script> [1562 bytes]","args":[{"selector":{"controlType":"sap.m.Input","viewName":"etm.portal.ui.manageyards.view.New","viewId":"application-manageyards-display-component---NewYard","bindingPath":{"path":"","propertyPath":"/DELIVERY_TYPE","modelName":"NewYardModel"},"interaction":{"idSuffix":"inner"}},"wdio_ui5_key":"etmportal.ui.manageyards.view.Newsap.m.Input{\"path\":\"\",\"propertyPath\":\"/DELIVERY_TYPE\",\"modelName\":\"NewYardModel\"}"}]}
RESULT: undefined
COMMAND: POST /session/80b25485da4cce0461fa749928cde446/execute/async - {"script":"<script> [776 bytes]","args":[{"enterText":"ZL01","selector":{"controlType":"sap.m.Input","viewName":"etm.portal.ui.manageyards.view.New","viewId":"application-manageyards-display-component---NewYard","bindingPath":{"path":"","propertyPath":"/DELIVERY_TYPE","modelName":"NewYardModel"},"interaction":{"idSuffix":"inner"}},"clearTextFirst":true,"interactionType":"ENTER_TEXT"}]}
RESULT: {"script":"<script> [776 bytes]","args":[{"enterText":"ZL01","selector":{"controlType":"sap.m.Input","viewName":"etm.portal.ui.manageyards.view.New","viewId":"application-manageyards-display-component---NewYard","bindingPath":{"path":"","propertyPath":"/DELIVERY_TYPE","modelName":"NewYardModel"},"interaction":{"idSuffix":"inner"}},"clearTextFirst":true,"interactionType":"ENTER_TEXT"}]}
COMMAND: POST /session/80b25485da4cce0461fa749928cde446/execute/async - {"script":"<script> [1562 bytes]","args":[{"selector":{"controlType":"sap.m.Input","viewName":"etm.portal.ui.manageyards.view.New","viewId":"application-manageyards-display-component---NewYard","bindingPath":{"path":"","propertyPath":"/AUART","modelName":"NewYardModel"},"interaction":{"idSuffix":"inner"}},"wdio_ui5_key":"etmportal.ui.manageyards.view.Newsap.m.Input{\"path\":\"\",\"propertyPath\":\"/AUART\",\"modelName\":\"NewYardModel\"}"}]}
RESULT: {"script":"<script> [1562 bytes]","args":[{"selector":{"controlType":"sap.m.Input","viewName":"etm.portal.ui.manageyards.view.New","viewId":"application-manageyards-display-component---NewYard","bindingPath":{"path":"","propertyPath":"/AUART","modelName":"NewYardModel"},"interaction":{"idSuffix":"inner"}},"wdio_ui5_key":"etmportal.ui.manageyards.view.Newsap.m.Input{\"path\":\"\",\"propertyPath\":\"/AUART\",\"modelName\":\"NewYardModel\"}"}]}
RESULT: undefined
COMMAND: POST /session/80b25485da4cce0461fa749928cde446/execute/async - {"script":"<script> [776 bytes]","args":[{"enterText":"TA","selector":{"controlType":"sap.m.Input","viewName":"etm.portal.ui.manageyards.view.New","viewId":"application-manageyards-display-component---NewYard","bindingPath":{"path":"","propertyPath":"/AUART","modelName":"NewYardModel"},"interaction":{"idSuffix":"inner"}},"clearTextFirst":true,"interactionType":"ENTER_TEXT"}]}
RESULT: {"script":"<script> [776 bytes]","args":[{"enterText":"TA","selector":{"controlType":"sap.m.Input","viewName":"etm.portal.ui.manageyards.view.New","viewId":"application-manageyards-display-component---NewYard","bindingPath":{"path":"","propertyPath":"/AUART","modelName":"NewYardModel"},"interaction":{"idSuffix":"inner"}},"clearTextFirst":true,"interactionType":"ENTER_TEXT"}]}
COMMAND: POST /session/80b25485da4cce0461fa749928cde446/element - {"using":"xpath","value":"//button[@data-kt=\"newYardSaveButton\"]"}
RESULT: {"using":"xpath","value":"//button[@data-kt=\"newYardSaveButton\"]"}
COMMAND: POST /session/80b25485da4cce0461fa749928cde446/element/f.499FA332C3249B1FB6786AFDCB682F30.d.5E95D5839D55B53BBEA8AC9AFE2488E0.e.7409/click - {}
RESULT: {}
COMMAND: GET /session/80b25485da4cce0461fa749928cde446/screenshot - {}
RESULT: {}
COMMAND: POST /session/80b25485da4cce0461fa749928cde446/element - {"using":"xpath","value":"//header[contains(@id, 'ObjectPageLayout-headerTitle')]/div[1]/div[2]/div[1]/span[1]"}
RESULT: {"using":"xpath","value":"//header[contains(@id, 'ObjectPageLayout-headerTitle')]/div[1]/div[2]/div[1]/span[1]"}
COMMAND: POST /session/80b25485da4cce0461fa749928cde446/elements - {"using":"xpath","value":"//header[contains(@id, 'ObjectPageLayout-headerTitle')]/div[1]/div[2]/div[1]/span[1]"}
RESULT: {"using":"xpath","value":"//header[contains(@id, 'ObjectPageLayout-headerTitle')]/div[1]/div[2]/div[1]/span[1]"}
COMMAND: POST /session/80b25485da4cce0461fa749928cde446/execute/sync - {"script":"<script> [56 bytes]","args":[{"element-6066-11e4-a52e-4f735466cecf":"f.499FA332C3249B1FB6786AFDCB682F30.d.5E95D5839D55B53BBEA8AC9AFE2488E0.e.7693","ELEMENT":"f.499FA332C3249B1FB6786AFDCB682F30.d.5E95D5839D55B53BBEA8AC9AFE2488E0.e.7693"}]}
RESULT: {"script":"<script> [56 bytes]","args":[{"element-6066-11e4-a52e-4f735466cecf":"f.499FA332C3249B1FB6786AFDCB682F30.d.5E95D5839D55B53BBEA8AC9AFE2488E0.e.7693","ELEMENT":"f.499FA332C3249B1FB6786AFDCB682F30.d.5E95D5839D55B53BBEA8AC9AFE2488E0.e.7693"}]}
COMMAND: GET /session/80b25485da4cce0461fa749928cde446/screenshot - {}
RESULT: {}
COMMAND: POST /session/80b25485da4cce0461fa749928cde446/element - {"using":"css selector","value":"#shell-header-logo"}
RESULT: {"using":"css selector","value":"#shell-header-logo"}
COMMAND: POST /session/80b25485da4cce0461fa749928cde446/element/f.499FA332C3249B1FB6786AFDCB682F30.d.5E95D5839D55B53BBEA8AC9AFE2488E0.e.6849/click - {}
RESULT: {}
COMMAND: GET /session/80b25485da4cce0461fa749928cde446/screenshot - {}
RESULT: {}
COMMAND: POST /session/80b25485da4cce0461fa749928cde446/execute/sync - {"script":"<script> [299 bytes]","args":[["getModel","getResource"]]}
RESULT: {"script":"<script> [299 bytes]","args":[["getModel","getResource"]]}
]]></system-out>
    </testcase>
    <testcase classname="chrome.136_0_7103_93.windows.Provide_to_Site_w/o_warehouse_management_w/_clarification_US116605" name="Should create a new external partner" time="95.977">
      <system-out><![CDATA[
COMMAND: POST /session/80b25485da4cce0461fa749928cde446/window/fullscreen - {}
COMMAND: GET /session/80b25485da4cce0461fa749928cde446/screenshot - {}
RESULT: {}
COMMAND: POST /session/80b25485da4cce0461fa749928cde446/execute/async - {"script":"<script> [1562 bytes]","args":[{"selector":{"controlType":"sap.m.GenericTile","properties":{"header":"Manage Partners"}},"wdio_ui5_key":"sapm.GenericTile{\"header\":\"Manage Partners\"}"}]}
RESULT: {}
RESULT: {"script":"<script> [1562 bytes]","args":[{"selector":{"controlType":"sap.m.GenericTile","properties":{"header":"Manage Partners"}},"wdio_ui5_key":"sapm.GenericTile{\"header\":\"Manage Partners\"}"}]}
RESULT: undefined
COMMAND: POST /session/80b25485da4cce0461fa749928cde446/element - {"using":"xpath","value":"//*[@id=\"__tile30\"]"}
RESULT: {"using":"xpath","value":"//*[@id=\"__tile30\"]"}
COMMAND: POST /session/80b25485da4cce0461fa749928cde446/element/f.499FA332C3249B1FB6786AFDCB682F30.d.5E95D5839D55B53BBEA8AC9AFE2488E0.e.6862/click - {}
RESULT: {}
COMMAND: GET /session/80b25485da4cce0461fa749928cde446/screenshot - {}
RESULT: {}
COMMAND: POST /session/80b25485da4cce0461fa749928cde446/elements - {"using":"xpath","value":"//span[text()='Error']"}
RESULT: {"using":"xpath","value":"//span[text()='Error']"}
COMMAND: POST /session/80b25485da4cce0461fa749928cde446/element - {"using":"xpath","value":"//button[@data-kt=\"addButton\"]"}
RESULT: {"using":"xpath","value":"//button[@data-kt=\"addButton\"]"}
COMMAND: POST /session/80b25485da4cce0461fa749928cde446/elements - {"using":"xpath","value":"//button[@data-kt=\"addButton\"]"}
RESULT: {"using":"xpath","value":"//button[@data-kt=\"addButton\"]"}
COMMAND: POST /session/80b25485da4cce0461fa749928cde446/execute/sync - {"script":"<script> [8489 bytes]","args":[{"element-6066-11e4-a52e-4f735466cecf":"f.499FA332C3249B1FB6786AFDCB682F30.d.5E95D5839D55B53BBEA8AC9AFE2488E0.e.7743","ELEMENT":"f.499FA332C3249B1FB6786AFDCB682F30.d.5E95D5839D55B53BBEA8AC9AFE2488E0.e.7743"}]}
RESULT: {"script":"<script> [8489 bytes]","args":[{"element-6066-11e4-a52e-4f735466cecf":"f.499FA332C3249B1FB6786AFDCB682F30.d.5E95D5839D55B53BBEA8AC9AFE2488E0.e.7743","ELEMENT":"f.499FA332C3249B1FB6786AFDCB682F30.d.5E95D5839D55B53BBEA8AC9AFE2488E0.e.7743"}]}
COMMAND: GET /session/80b25485da4cce0461fa749928cde446/element/f.499FA332C3249B1FB6786AFDCB682F30.d.5E95D5839D55B53BBEA8AC9AFE2488E0.e.7743/enabled - {}
COMMAND: GET /session/80b25485da4cce0461fa749928cde446/screenshot - {}
RESULT: {}
COMMAND: POST /session/80b25485da4cce0461fa749928cde446/execute/sync - {"script":"<script> [8489 bytes]","args":[{"element-6066-11e4-a52e-4f735466cecf":"f.499FA332C3249B1FB6786AFDCB682F30.d.5E95D5839D55B53BBEA8AC9AFE2488E0.e.7743","ELEMENT":"f.499FA332C3249B1FB6786AFDCB682F30.d.5E95D5839D55B53BBEA8AC9AFE2488E0.e.7743"}]}
COMMAND: GET /session/80b25485da4cce0461fa749928cde446/screenshot - {}
RESULT: {}
RESULT: {"script":"<script> [8489 bytes]","args":[{"element-6066-11e4-a52e-4f735466cecf":"f.499FA332C3249B1FB6786AFDCB682F30.d.5E95D5839D55B53BBEA8AC9AFE2488E0.e.7743","ELEMENT":"f.499FA332C3249B1FB6786AFDCB682F30.d.5E95D5839D55B53BBEA8AC9AFE2488E0.e.7743"}]}
COMMAND: POST /session/80b25485da4cce0461fa749928cde446/execute/sync - {"script":"<script> [5351 bytes]","args":[{"element-6066-11e4-a52e-4f735466cecf":"f.499FA332C3249B1FB6786AFDCB682F30.d.5E95D5839D55B53BBEA8AC9AFE2488E0.e.7743","ELEMENT":"f.499FA332C3249B1FB6786AFDCB682F30.d.5E95D5839D55B53BBEA8AC9AFE2488E0.e.7743"}]}
COMMAND: GET /session/80b25485da4cce0461fa749928cde446/screenshot - {}
RESULT: {}
RESULT: {"script":"<script> [5351 bytes]","args":[{"element-6066-11e4-a52e-4f735466cecf":"f.499FA332C3249B1FB6786AFDCB682F30.d.5E95D5839D55B53BBEA8AC9AFE2488E0.e.7743","ELEMENT":"f.499FA332C3249B1FB6786AFDCB682F30.d.5E95D5839D55B53BBEA8AC9AFE2488E0.e.7743"}]}
COMMAND: POST /session/80b25485da4cce0461fa749928cde446/element/f.499FA332C3249B1FB6786AFDCB682F30.d.5E95D5839D55B53BBEA8AC9AFE2488E0.e.7743/click - {}
COMMAND: GET /session/80b25485da4cce0461fa749928cde446/screenshot - {}
RESULT: {}
RESULT: {}
COMMAND: GET /session/80b25485da4cce0461fa749928cde446/screenshot - {}
COMMAND: POST /session/80b25485da4cce0461fa749928cde446/execute/async - {"script":"<script> [1562 bytes]","args":[{"selector":{"id":"application-managepartners-display-component---NewPartner--addressDetailDetailsName1","interaction":{"idSuffix":"inner"}},"wdio_ui5_key":"applicationmanagepartners-display-component---NewPartner--addressDetailDetailsName1"}]}
RESULT: {}
RESULT: {}
RESULT: {"script":"<script> [1562 bytes]","args":[{"selector":{"id":"application-managepartners-display-component---NewPartner--addressDetailDetailsName1","interaction":{"idSuffix":"inner"}},"wdio_ui5_key":"applicationmanagepartners-display-component---NewPartner--addressDetailDetailsName1"}]}
RESULT: undefined
COMMAND: POST /session/80b25485da4cce0461fa749928cde446/execute/async - {"script":"<script> [776 bytes]","args":[{"enterText":"External Partner WDIO","selector":{"id":"application-managepartners-display-component---NewPartner--addressDetailDetailsName1","interaction":{"idSuffix":"inner"}},"clearTextFirst":true,"interactionType":"ENTER_TEXT"}]}
RESULT: {"script":"<script> [776 bytes]","args":[{"enterText":"External Partner WDIO","selector":{"id":"application-managepartners-display-component---NewPartner--addressDetailDetailsName1","interaction":{"idSuffix":"inner"}},"clearTextFirst":true,"interactionType":"ENTER_TEXT"}]}
COMMAND: POST /session/80b25485da4cce0461fa749928cde446/execute/async - {"script":"<script> [1562 bytes]","args":[{"selector":{"id":"application-managepartners-display-component---NewPartner--addressDetailDetailsLanguage-arrow"},"wdio_ui5_key":"applicationmanagepartners-display-component---NewPartner--addressDetailDetailsLanguage-arrow"}]}
RESULT: {"script":"<script> [1562 bytes]","args":[{"selector":{"id":"application-managepartners-display-component---NewPartner--addressDetailDetailsLanguage-arrow"},"wdio_ui5_key":"applicationmanagepartners-display-component---NewPartner--addressDetailDetailsLanguage-arrow"}]}
RESULT: undefined
COMMAND: POST /session/80b25485da4cce0461fa749928cde446/element - {"using":"xpath","value":"//*[@id=\"application-managepartners-display-component---NewPartner--addressDetailDetailsLanguage-arrow\"]"}
RESULT: {"using":"xpath","value":"//*[@id=\"application-managepartners-display-component---NewPartner--addressDetailDetailsLanguage-arrow\"]"}
COMMAND: POST /session/80b25485da4cce0461fa749928cde446/element/f.499FA332C3249B1FB6786AFDCB682F30.d.5E95D5839D55B53BBEA8AC9AFE2488E0.e.8186/click - {}
RESULT: {}
COMMAND: POST /session/80b25485da4cce0461fa749928cde446/element - {"using":"xpath","value":"//span[contains(text(), \"English\")]"}
COMMAND: GET /session/80b25485da4cce0461fa749928cde446/screenshot - {}
RESULT: {"using":"xpath","value":"//span[contains(text(), \"English\")]"}
COMMAND: POST /session/80b25485da4cce0461fa749928cde446/element/f.499FA332C3249B1FB6786AFDCB682F30.d.5E95D5839D55B53BBEA8AC9AFE2488E0.e.8187/click - {}
RESULT: {}
RESULT: {}
COMMAND: GET /session/80b25485da4cce0461fa749928cde446/screenshot - {}
RESULT: {}
COMMAND: POST /session/80b25485da4cce0461fa749928cde446/execute/async - {"script":"<script> [1562 bytes]","args":[{"selector":{"id":"application-managepartners-display-component---NewPartner--addressDetailDetailsCity1","interaction":{"idSuffix":"inner"}},"wdio_ui5_key":"applicationmanagepartners-display-component---NewPartner--addressDetailDetailsCity1"}]}
RESULT: {"script":"<script> [1562 bytes]","args":[{"selector":{"id":"application-managepartners-display-component---NewPartner--addressDetailDetailsCity1","interaction":{"idSuffix":"inner"}},"wdio_ui5_key":"applicationmanagepartners-display-component---NewPartner--addressDetailDetailsCity1"}]}
RESULT: undefined
COMMAND: POST /session/80b25485da4cce0461fa749928cde446/execute/async - {"script":"<script> [776 bytes]","args":[{"enterText":"Rosario","selector":{"id":"application-managepartners-display-component---NewPartner--addressDetailDetailsCity1","interaction":{"idSuffix":"inner"}},"clearTextFirst":true,"interactionType":"ENTER_TEXT"}]}
RESULT: {"script":"<script> [776 bytes]","args":[{"enterText":"Rosario","selector":{"id":"application-managepartners-display-component---NewPartner--addressDetailDetailsCity1","interaction":{"idSuffix":"inner"}},"clearTextFirst":true,"interactionType":"ENTER_TEXT"}]}
COMMAND: POST /session/80b25485da4cce0461fa749928cde446/execute/async - {"script":"<script> [1562 bytes]","args":[{"selector":{"id":"application-managepartners-display-component---NewPartner--addressDetailDetailsCountry-arrow"},"wdio_ui5_key":"applicationmanagepartners-display-component---NewPartner--addressDetailDetailsCountry-arrow"}]}
RESULT: {"script":"<script> [1562 bytes]","args":[{"selector":{"id":"application-managepartners-display-component---NewPartner--addressDetailDetailsCountry-arrow"},"wdio_ui5_key":"applicationmanagepartners-display-component---NewPartner--addressDetailDetailsCountry-arrow"}]}
RESULT: undefined
COMMAND: POST /session/80b25485da4cce0461fa749928cde446/element - {"using":"xpath","value":"//*[@id=\"application-managepartners-display-component---NewPartner--addressDetailDetailsCountry-arrow\"]"}
RESULT: {"using":"xpath","value":"//*[@id=\"application-managepartners-display-component---NewPartner--addressDetailDetailsCountry-arrow\"]"}
COMMAND: POST /session/80b25485da4cce0461fa749928cde446/element/f.499FA332C3249B1FB6786AFDCB682F30.d.5E95D5839D55B53BBEA8AC9AFE2488E0.e.8173/click - {}
RESULT: {}
COMMAND: POST /session/80b25485da4cce0461fa749928cde446/element - {"using":"xpath","value":"//span[contains(text(), \"Argentina\")]"}
COMMAND: GET /session/80b25485da4cce0461fa749928cde446/screenshot - {}
RESULT: {"using":"xpath","value":"//span[contains(text(), \"Argentina\")]"}
COMMAND: POST /session/80b25485da4cce0461fa749928cde446/element/f.499FA332C3249B1FB6786AFDCB682F30.d.5E95D5839D55B53BBEA8AC9AFE2488E0.e.8189/click - {}
RESULT: {}
RESULT: {}
COMMAND: GET /session/80b25485da4cce0461fa749928cde446/screenshot - {}
RESULT: {}
COMMAND: POST /session/80b25485da4cce0461fa749928cde446/element - {"using":"xpath","value":"//bdi[contains(text(), \"Commercial\")]"}
RESULT: {"using":"xpath","value":"//bdi[contains(text(), \"Commercial\")]"}
COMMAND: POST /session/80b25485da4cce0461fa749928cde446/element/f.499FA332C3249B1FB6786AFDCB682F30.d.5E95D5839D55B53BBEA8AC9AFE2488E0.e.8190/click - {}
RESULT: {}
COMMAND: GET /session/80b25485da4cce0461fa749928cde446/screenshot - {}
RESULT: {}
COMMAND: POST /session/80b25485da4cce0461fa749928cde446/execute/async - {"script":"<script> [1562 bytes]","args":[{"selector":{"id":"application-managepartners-display-component---NewPartner--partnerDetailInternal-arrow"},"wdio_ui5_key":"applicationmanagepartners-display-component---NewPartner--partnerDetailInternal-arrow"}]}
RESULT: {"script":"<script> [1562 bytes]","args":[{"selector":{"id":"application-managepartners-display-component---NewPartner--partnerDetailInternal-arrow"},"wdio_ui5_key":"applicationmanagepartners-display-component---NewPartner--partnerDetailInternal-arrow"}]}
RESULT: undefined
COMMAND: POST /session/80b25485da4cce0461fa749928cde446/element - {"using":"xpath","value":"//*[@id=\"application-managepartners-display-component---NewPartner--partnerDetailInternal-arrow\"]"}
RESULT: {"using":"xpath","value":"//*[@id=\"application-managepartners-display-component---NewPartner--partnerDetailInternal-arrow\"]"}
COMMAND: POST /session/80b25485da4cce0461fa749928cde446/element/f.499FA332C3249B1FB6786AFDCB682F30.d.5E95D5839D55B53BBEA8AC9AFE2488E0.e.8196/click - {}
RESULT: {}
COMMAND: POST /session/80b25485da4cce0461fa749928cde446/element - {"using":"xpath","value":"//span[contains(text(), \"External partner\")]"}
COMMAND: GET /session/80b25485da4cce0461fa749928cde446/screenshot - {}
RESULT: {"using":"xpath","value":"//span[contains(text(), \"External partner\")]"}
COMMAND: POST /session/80b25485da4cce0461fa749928cde446/element/f.499FA332C3249B1FB6786AFDCB682F30.d.5E95D5839D55B53BBEA8AC9AFE2488E0.e.8197/click - {}
RESULT: {}
RESULT: {}
COMMAND: POST /session/80b25485da4cce0461fa749928cde446/execute/async - {"script":"<script> [1562 bytes]","args":[{"selector":{"id":"application-managepartners-display-component---NewPartner--partnerDetailsCurrency-arrow"},"wdio_ui5_key":"applicationmanagepartners-display-component---NewPartner--partnerDetailsCurrency-arrow"}]}
COMMAND: GET /session/80b25485da4cce0461fa749928cde446/screenshot - {}
RESULT: {"script":"<script> [1562 bytes]","args":[{"selector":{"id":"application-managepartners-display-component---NewPartner--partnerDetailsCurrency-arrow"},"wdio_ui5_key":"applicationmanagepartners-display-component---NewPartner--partnerDetailsCurrency-arrow"}]}
RESULT: undefined
COMMAND: POST /session/80b25485da4cce0461fa749928cde446/element - {"using":"xpath","value":"//*[@id=\"application-managepartners-display-component---NewPartner--partnerDetailsCurrency-arrow\"]"}
RESULT: {}
RESULT: {"using":"xpath","value":"//*[@id=\"application-managepartners-display-component---NewPartner--partnerDetailsCurrency-arrow\"]"}
COMMAND: POST /session/80b25485da4cce0461fa749928cde446/element/f.499FA332C3249B1FB6786AFDCB682F30.d.5E95D5839D55B53BBEA8AC9AFE2488E0.e.8202/click - {}
RESULT: {}
COMMAND: POST /session/80b25485da4cce0461fa749928cde446/element - {"using":"xpath","value":"//span[contains(text(), \"US Dollar\")]"}
COMMAND: GET /session/80b25485da4cce0461fa749928cde446/screenshot - {}
RESULT: {"using":"xpath","value":"//span[contains(text(), \"US Dollar\")]"}
COMMAND: POST /session/80b25485da4cce0461fa749928cde446/element/f.499FA332C3249B1FB6786AFDCB682F30.d.5E95D5839D55B53BBEA8AC9AFE2488E0.e.8203/click - {}
RESULT: {}
RESULT: {}
COMMAND: GET /session/80b25485da4cce0461fa749928cde446/screenshot - {}
RESULT: {}
COMMAND: POST /session/80b25485da4cce0461fa749928cde446/element - {"using":"xpath","value":"//input[@id=\"application-managepartners-display-component---NewPartner--companyCodeComboBox-inner\"]"}
RESULT: {"using":"xpath","value":"//input[@id=\"application-managepartners-display-component---NewPartner--companyCodeComboBox-inner\"]"}
COMMAND: POST /session/80b25485da4cce0461fa749928cde446/element/f.499FA332C3249B1FB6786AFDCB682F30.d.5E95D5839D55B53BBEA8AC9AFE2488E0.e.8044/clear - {}
RESULT: {}
COMMAND: POST /session/80b25485da4cce0461fa749928cde446/element/f.499FA332C3249B1FB6786AFDCB682F30.d.5E95D5839D55B53BBEA8AC9AFE2488E0.e.8044/value - {"text":"C002"}
COMMAND: GET /session/80b25485da4cce0461fa749928cde446/screenshot - {}
RESULT: {"text":"C002"}
COMMAND: GET /session/80b25485da4cce0461fa749928cde446/screenshot - {}
RESULT: {}
RESULT: {}
COMMAND: POST /session/80b25485da4cce0461fa749928cde446/element - {"using":"xpath","value":"//li[.//span[text()= \"C002\"]]"}
RESULT: {"using":"xpath","value":"//li[.//span[text()= \"C002\"]]"}
COMMAND: POST /session/80b25485da4cce0461fa749928cde446/element/f.499FA332C3249B1FB6786AFDCB682F30.d.5E95D5839D55B53BBEA8AC9AFE2488E0.e.8207/click - {}
RESULT: {}
COMMAND: GET /session/80b25485da4cce0461fa749928cde446/screenshot - {}
RESULT: {}
COMMAND: POST /session/80b25485da4cce0461fa749928cde446/execute/async - {"script":"<script> [1562 bytes]","args":[{"selector":{"controlType":"sap.ui.core.Icon","viewName":"etm.portal.ui.managepartners.view.NewPartner","viewId":"application-managepartners-display-component---NewPartner","properties":{"src":{"regex":{"source":"slim\\-arrow\\-down"}}},"ancestor":{"controlType":"sap.m.ComboBox","viewName":"etm.portal.ui.managepartners.view.NewPartner","viewId":"application-managepartners-display-component---NewPartner","bindingPath":{"path":"","propertyPath":"/CATALOG","modelName":"oNewPartnerModel"}}},"wdio_ui5_key":"etmportal.ui.managepartners.view.NewPartnersap.ui.core.Icon{\"src\":{\"regex\":{\"source\":\"slim\\\\-arrow\\\\-down\"}}}{\"controlType\":\"sap.m.ComboBox\",\"viewName\":\"etm.portal.ui.managepartners.view.NewPartner\",\"viewId\":\"application-managepartners-display-component---NewPartner\",\"bindingPath\":{\"path\":\"\",\"propertyPath\":\"/CATALOG\",\"modelName\":\"oNewPartnerModel\"}}"}]}
RESULT: {"script":"<script> [1562 bytes]","args":[{"selector":{"controlType":"sap.ui.core.Icon","viewName":"etm.portal.ui.managepartners.view.NewPartner","viewId":"application-managepartners-display-component---NewPartner","properties":{"src":{"regex":{"source":"slim\\-arrow\\-down"}}},"ancestor":{"controlType":"sap.m.ComboBox","viewName":"etm.portal.ui.managepartners.view.NewPartner","viewId":"application-managepartners-display-component---NewPartner","bindingPath":{"path":"","propertyPath":"/CATALOG","modelName":"oNewPartnerModel"}}},"wdio_ui5_key":"etmportal.ui.managepartners.view.NewPartnersap.ui.core.Icon{\"src\":{\"regex\":{\"source\":\"slim\\\\-arrow\\\\-down\"}}}{\"controlType\":\"sap.m.ComboBox\",\"viewName\":\"etm.portal.ui.managepartners.view.NewPartner\",\"viewId\":\"application-managepartners-display-component---NewPartner\",\"bindingPath\":{\"path\":\"\",\"propertyPath\":\"/CATALOG\",\"modelName\":\"oNewPartnerModel\"}}"}]}
RESULT: undefined
COMMAND: POST /session/80b25485da4cce0461fa749928cde446/element - {"using":"xpath","value":"//*[@id=\"__box21-arrow\"]"}
RESULT: {"using":"xpath","value":"//*[@id=\"__box21-arrow\"]"}
COMMAND: POST /session/80b25485da4cce0461fa749928cde446/element/f.499FA332C3249B1FB6786AFDCB682F30.d.5E95D5839D55B53BBEA8AC9AFE2488E0.e.8174/click - {}
RESULT: {}
COMMAND: GET /session/80b25485da4cce0461fa749928cde446/screenshot - {}
RESULT: {}
COMMAND: POST /session/80b25485da4cce0461fa749928cde446/element - {"using":"xpath","value":"//ul[contains(@id,\"popup-list-listUl\")]//li[.//span[text()= \"Webshop Catalog\"]]"}
RESULT: {"using":"xpath","value":"//ul[contains(@id,\"popup-list-listUl\")]//li[.//span[text()= \"Webshop Catalog\"]]"}
COMMAND: POST /session/80b25485da4cce0461fa749928cde446/element/f.499FA332C3249B1FB6786AFDCB682F30.d.5E95D5839D55B53BBEA8AC9AFE2488E0.e.8209/click - {}
RESULT: {}
COMMAND: GET /session/80b25485da4cce0461fa749928cde446/screenshot - {}
RESULT: {}
COMMAND: POST /session/80b25485da4cce0461fa749928cde446/execute/async - {"script":"<script> [1562 bytes]","args":[{"selector":{"id":"application-managepartners-display-component---NewPartner--btnAddTableRow-img"},"wdio_ui5_key":"applicationmanagepartners-display-component---NewPartner--btnAddTableRow-img"}]}
RESULT: {"script":"<script> [1562 bytes]","args":[{"selector":{"id":"application-managepartners-display-component---NewPartner--btnAddTableRow-img"},"wdio_ui5_key":"applicationmanagepartners-display-component---NewPartner--btnAddTableRow-img"}]}
RESULT: undefined
COMMAND: POST /session/80b25485da4cce0461fa749928cde446/element - {"using":"xpath","value":"//*[@id=\"application-managepartners-display-component---NewPartner--btnAddTableRow-img\"]"}
RESULT: {"using":"xpath","value":"//*[@id=\"application-managepartners-display-component---NewPartner--btnAddTableRow-img\"]"}
COMMAND: POST /session/80b25485da4cce0461fa749928cde446/element/f.499FA332C3249B1FB6786AFDCB682F30.d.5E95D5839D55B53BBEA8AC9AFE2488E0.e.8210/click - {}
RESULT: {}
COMMAND: GET /session/80b25485da4cce0461fa749928cde446/screenshot - {}
RESULT: {}
COMMAND: POST /session/80b25485da4cce0461fa749928cde446/element - {"using":"xpath","value":"//input[@id=\"application-managepartners-display-component---NewPartner--assignmentYard-application-managepartners-display-component---NewPartner--assignmentsTable-0-inner\"]"}
RESULT: {"using":"xpath","value":"//input[@id=\"application-managepartners-display-component---NewPartner--assignmentYard-application-managepartners-display-component---NewPartner--assignmentsTable-0-inner\"]"}
COMMAND: POST /session/80b25485da4cce0461fa749928cde446/element/f.499FA332C3249B1FB6786AFDCB682F30.d.5E95D5839D55B53BBEA8AC9AFE2488E0.e.8213/clear - {}
RESULT: {}
COMMAND: POST /session/80b25485da4cce0461fa749928cde446/element/f.499FA332C3249B1FB6786AFDCB682F30.d.5E95D5839D55B53BBEA8AC9AFE2488E0.e.8213/value - {"text":"552"}
COMMAND: GET /session/80b25485da4cce0461fa749928cde446/screenshot - {}
RESULT: {"text":"552"}
COMMAND: GET /session/80b25485da4cce0461fa749928cde446/screenshot - {}
RESULT: {}
RESULT: {}
COMMAND: POST /session/80b25485da4cce0461fa749928cde446/element - {"using":"xpath","value":"//li[.//span[text()='552']]"}
RESULT: {"using":"xpath","value":"//li[.//span[text()='552']]"}
COMMAND: POST /session/80b25485da4cce0461fa749928cde446/element/f.499FA332C3249B1FB6786AFDCB682F30.d.5E95D5839D55B53BBEA8AC9AFE2488E0.e.8220/click - {}
RESULT: {}
COMMAND: GET /session/80b25485da4cce0461fa749928cde446/screenshot - {}
RESULT: {}
COMMAND: POST /session/80b25485da4cce0461fa749928cde446/actions - {"actions":[{"id":"action26","type":"key","parameters":{},"actions":[{"type":"keyDown","value":""},{"type":"pause","duration":10},{"type":"keyUp","value":""}]}]}
RESULT: {"actions":[{"id":"action26","type":"key","parameters":{},"actions":[{"type":"keyDown","value":""},{"type":"pause","duration":10},{"type":"keyUp","value":""}]}]}
COMMAND: POST /session/80b25485da4cce0461fa749928cde446/element - {"using":"xpath","value":"//td[contains(@id, \"assignmentsTable-0-cell2\")]/div/div"}
COMMAND: GET /session/80b25485da4cce0461fa749928cde446/screenshot - {}
RESULT: {"using":"xpath","value":"//td[contains(@id, \"assignmentsTable-0-cell2\")]/div/div"}
COMMAND: POST /session/80b25485da4cce0461fa749928cde446/element/f.499FA332C3249B1FB6786AFDCB682F30.d.5E95D5839D55B53BBEA8AC9AFE2488E0.e.8223/click - {}
RESULT: {}
RESULT: {}
COMMAND: GET /session/80b25485da4cce0461fa749928cde446/screenshot - {}
RESULT: {}
COMMAND: POST /session/80b25485da4cce0461fa749928cde446/element - {"using":"xpath","value":"//button[@data-kt=\"saveButton\"]"}
RESULT: {"using":"xpath","value":"//button[@data-kt=\"saveButton\"]"}
COMMAND: POST /session/80b25485da4cce0461fa749928cde446/element/f.499FA332C3249B1FB6786AFDCB682F30.d.5E95D5839D55B53BBEA8AC9AFE2488E0.e.8123/click - {}
RESULT: {}
COMMAND: GET /session/80b25485da4cce0461fa749928cde446/screenshot - {}
RESULT: {}
COMMAND: POST /session/80b25485da4cce0461fa749928cde446/element - {"using":"xpath","value":"//header[contains(@id, 'ObjectPageLayout-headerTitle')]/div[1]/div[2]/div[2]/span[1]"}
RESULT: {"using":"xpath","value":"//header[contains(@id, 'ObjectPageLayout-headerTitle')]/div[1]/div[2]/div[2]/span[1]"}
COMMAND: POST /session/80b25485da4cce0461fa749928cde446/elements - {"using":"xpath","value":"//header[contains(@id, 'ObjectPageLayout-headerTitle')]/div[1]/div[2]/div[2]/span[1]"}
RESULT: {"using":"xpath","value":"//header[contains(@id, 'ObjectPageLayout-headerTitle')]/div[1]/div[2]/div[2]/span[1]"}
COMMAND: POST /session/80b25485da4cce0461fa749928cde446/execute/sync - {"script":"<script> [56 bytes]","args":[{"element-6066-11e4-a52e-4f735466cecf":"f.499FA332C3249B1FB6786AFDCB682F30.d.5E95D5839D55B53BBEA8AC9AFE2488E0.e.8386","ELEMENT":"f.499FA332C3249B1FB6786AFDCB682F30.d.5E95D5839D55B53BBEA8AC9AFE2488E0.e.8386"}]}
RESULT: {"script":"<script> [56 bytes]","args":[{"element-6066-11e4-a52e-4f735466cecf":"f.499FA332C3249B1FB6786AFDCB682F30.d.5E95D5839D55B53BBEA8AC9AFE2488E0.e.8386","ELEMENT":"f.499FA332C3249B1FB6786AFDCB682F30.d.5E95D5839D55B53BBEA8AC9AFE2488E0.e.8386"}]}
COMMAND: POST /session/80b25485da4cce0461fa749928cde446/element - {"using":"css selector","value":"#shell-header-logo"}
COMMAND: GET /session/80b25485da4cce0461fa749928cde446/screenshot - {}
RESULT: {"using":"css selector","value":"#shell-header-logo"}
COMMAND: POST /session/80b25485da4cce0461fa749928cde446/element/f.499FA332C3249B1FB6786AFDCB682F30.d.5E95D5839D55B53BBEA8AC9AFE2488E0.e.7699/click - {}
RESULT: {}
RESULT: {}
COMMAND: GET /session/80b25485da4cce0461fa749928cde446/screenshot - {}
RESULT: {}
COMMAND: POST /session/80b25485da4cce0461fa749928cde446/execute/sync - {"script":"<script> [299 bytes]","args":[["getModel","getResource"]]}
RESULT: {"script":"<script> [299 bytes]","args":[["getModel","getResource"]]}
COMMAND: GET /session/80b25485da4cce0461fa749928cde446/screenshot - {}
]]></system-out>
    </testcase>
    <testcase classname="chrome.136_0_7103_93.windows.Provide_to_Site_w/o_warehouse_management_w/_clarification_US116605" name="Should create a new site" time="95.28">
      <system-out><![CDATA[
COMMAND: POST /session/80b25485da4cce0461fa749928cde446/execute/async - {"script":"<script> [1562 bytes]","args":[{"selector":{"controlType":"sap.m.GenericTile","properties":{"header":"Manage Sites"}},"wdio_ui5_key":"sapm.GenericTile{\"header\":\"Manage Sites\"}"}]}
RESULT: {}
RESULT: {"script":"<script> [1562 bytes]","args":[{"selector":{"controlType":"sap.m.GenericTile","properties":{"header":"Manage Sites"}},"wdio_ui5_key":"sapm.GenericTile{\"header\":\"Manage Sites\"}"}]}
RESULT: undefined
COMMAND: POST /session/80b25485da4cce0461fa749928cde446/element - {"using":"xpath","value":"//*[@id=\"__tile32\"]"}
RESULT: {"using":"xpath","value":"//*[@id=\"__tile32\"]"}
COMMAND: POST /session/80b25485da4cce0461fa749928cde446/element/f.499FA332C3249B1FB6786AFDCB682F30.d.5E95D5839D55B53BBEA8AC9AFE2488E0.e.6868/click - {}
RESULT: {}
COMMAND: GET /session/80b25485da4cce0461fa749928cde446/screenshot - {}
RESULT: {}
COMMAND: POST /session/80b25485da4cce0461fa749928cde446/elements - {"using":"xpath","value":"//span[text()='Error']"}
RESULT: {"using":"xpath","value":"//span[text()='Error']"}
COMMAND: POST /session/80b25485da4cce0461fa749928cde446/element - {"using":"xpath","value":"//button[@data-kt=\"addOverflowToolbarButton\"]"}
RESULT: {"using":"xpath","value":"//button[@data-kt=\"addOverflowToolbarButton\"]"}
COMMAND: POST /session/80b25485da4cce0461fa749928cde446/elements - {"using":"xpath","value":"//button[@data-kt=\"addOverflowToolbarButton\"]"}
RESULT: {"using":"xpath","value":"//button[@data-kt=\"addOverflowToolbarButton\"]"}
COMMAND: POST /session/80b25485da4cce0461fa749928cde446/execute/sync - {"script":"<script> [8489 bytes]","args":[{"element-6066-11e4-a52e-4f735466cecf":"f.499FA332C3249B1FB6786AFDCB682F30.d.5E95D5839D55B53BBEA8AC9AFE2488E0.e.8432","ELEMENT":"f.499FA332C3249B1FB6786AFDCB682F30.d.5E95D5839D55B53BBEA8AC9AFE2488E0.e.8432"}]}
RESULT: {"script":"<script> [8489 bytes]","args":[{"element-6066-11e4-a52e-4f735466cecf":"f.499FA332C3249B1FB6786AFDCB682F30.d.5E95D5839D55B53BBEA8AC9AFE2488E0.e.8432","ELEMENT":"f.499FA332C3249B1FB6786AFDCB682F30.d.5E95D5839D55B53BBEA8AC9AFE2488E0.e.8432"}]}
COMMAND: GET /session/80b25485da4cce0461fa749928cde446/element/f.499FA332C3249B1FB6786AFDCB682F30.d.5E95D5839D55B53BBEA8AC9AFE2488E0.e.8432/enabled - {}
COMMAND: GET /session/80b25485da4cce0461fa749928cde446/screenshot - {}
RESULT: {}
COMMAND: POST /session/80b25485da4cce0461fa749928cde446/execute/sync - {"script":"<script> [8489 bytes]","args":[{"element-6066-11e4-a52e-4f735466cecf":"f.499FA332C3249B1FB6786AFDCB682F30.d.5E95D5839D55B53BBEA8AC9AFE2488E0.e.8432","ELEMENT":"f.499FA332C3249B1FB6786AFDCB682F30.d.5E95D5839D55B53BBEA8AC9AFE2488E0.e.8432"}]}
COMMAND: GET /session/80b25485da4cce0461fa749928cde446/screenshot - {}
RESULT: {}
RESULT: {"script":"<script> [8489 bytes]","args":[{"element-6066-11e4-a52e-4f735466cecf":"f.499FA332C3249B1FB6786AFDCB682F30.d.5E95D5839D55B53BBEA8AC9AFE2488E0.e.8432","ELEMENT":"f.499FA332C3249B1FB6786AFDCB682F30.d.5E95D5839D55B53BBEA8AC9AFE2488E0.e.8432"}]}
COMMAND: POST /session/80b25485da4cce0461fa749928cde446/execute/sync - {"script":"<script> [5351 bytes]","args":[{"element-6066-11e4-a52e-4f735466cecf":"f.499FA332C3249B1FB6786AFDCB682F30.d.5E95D5839D55B53BBEA8AC9AFE2488E0.e.8432","ELEMENT":"f.499FA332C3249B1FB6786AFDCB682F30.d.5E95D5839D55B53BBEA8AC9AFE2488E0.e.8432"}]}
COMMAND: GET /session/80b25485da4cce0461fa749928cde446/screenshot - {}
RESULT: {}
RESULT: {"script":"<script> [5351 bytes]","args":[{"element-6066-11e4-a52e-4f735466cecf":"f.499FA332C3249B1FB6786AFDCB682F30.d.5E95D5839D55B53BBEA8AC9AFE2488E0.e.8432","ELEMENT":"f.499FA332C3249B1FB6786AFDCB682F30.d.5E95D5839D55B53BBEA8AC9AFE2488E0.e.8432"}]}
COMMAND: POST /session/80b25485da4cce0461fa749928cde446/element/f.499FA332C3249B1FB6786AFDCB682F30.d.5E95D5839D55B53BBEA8AC9AFE2488E0.e.8432/click - {}
COMMAND: GET /session/80b25485da4cce0461fa749928cde446/screenshot - {}
RESULT: {}
RESULT: {}
COMMAND: GET /session/80b25485da4cce0461fa749928cde446/screenshot - {}
COMMAND: POST /session/80b25485da4cce0461fa749928cde446/element - {"using":"xpath","value":"//input[@id=\"application-managesites-display-component---NewSite--siteId-inner\"]"}
RESULT: {}
RESULT: {}
RESULT: {"using":"xpath","value":"//input[@id=\"application-managesites-display-component---NewSite--siteId-inner\"]"}
COMMAND: POST /session/80b25485da4cce0461fa749928cde446/element - {"using":"xpath","value":"//input[@id=\"application-managesites-display-component---NewSite--siteId-inner\"]"}
RESULT: {"using":"xpath","value":"//input[@id=\"application-managesites-display-component---NewSite--siteId-inner\"]"}
COMMAND: POST /session/80b25485da4cce0461fa749928cde446/execute/async - {"script":"<script> [1562 bytes]","args":[{"selector":{"id":"application-managesites-display-component---NewSite--addressDetailDetailsName1","interaction":{"idSuffix":"inner"}},"wdio_ui5_key":"applicationmanagesites-display-component---NewSite--addressDetailDetailsName1"}]}
RESULT: {"script":"<script> [1562 bytes]","args":[{"selector":{"id":"application-managesites-display-component---NewSite--addressDetailDetailsName1","interaction":{"idSuffix":"inner"}},"wdio_ui5_key":"applicationmanagesites-display-component---NewSite--addressDetailDetailsName1"}]}
RESULT: undefined
COMMAND: POST /session/80b25485da4cce0461fa749928cde446/execute/async - {"script":"<script> [776 bytes]","args":[{"enterText":"Other Type Site WDIO","selector":{"id":"application-managesites-display-component---NewSite--addressDetailDetailsName1","interaction":{"idSuffix":"inner"}},"clearTextFirst":true,"interactionType":"ENTER_TEXT"}]}
RESULT: {"script":"<script> [776 bytes]","args":[{"enterText":"Other Type Site WDIO","selector":{"id":"application-managesites-display-component---NewSite--addressDetailDetailsName1","interaction":{"idSuffix":"inner"}},"clearTextFirst":true,"interactionType":"ENTER_TEXT"}]}
COMMAND: POST /session/80b25485da4cce0461fa749928cde446/execute/async - {"script":"<script> [1562 bytes]","args":[{"selector":{"id":"application-managesites-display-component---NewSite--addressDetailDetailsLanguage-arrow"},"wdio_ui5_key":"applicationmanagesites-display-component---NewSite--addressDetailDetailsLanguage-arrow"}]}
RESULT: {"script":"<script> [1562 bytes]","args":[{"selector":{"id":"application-managesites-display-component---NewSite--addressDetailDetailsLanguage-arrow"},"wdio_ui5_key":"applicationmanagesites-display-component---NewSite--addressDetailDetailsLanguage-arrow"}]}
RESULT: undefined
COMMAND: POST /session/80b25485da4cce0461fa749928cde446/element - {"using":"xpath","value":"//*[@id=\"application-managesites-display-component---NewSite--addressDetailDetailsLanguage-arrow\"]"}
RESULT: {"using":"xpath","value":"//*[@id=\"application-managesites-display-component---NewSite--addressDetailDetailsLanguage-arrow\"]"}
COMMAND: POST /session/80b25485da4cce0461fa749928cde446/element/f.499FA332C3249B1FB6786AFDCB682F30.d.5E95D5839D55B53BBEA8AC9AFE2488E0.e.9061/click - {}
RESULT: {}
COMMAND: POST /session/80b25485da4cce0461fa749928cde446/element - {"using":"xpath","value":"//span[contains(text(), \"English\")]"}
COMMAND: GET /session/80b25485da4cce0461fa749928cde446/screenshot - {}
RESULT: {"using":"xpath","value":"//span[contains(text(), \"English\")]"}
COMMAND: POST /session/80b25485da4cce0461fa749928cde446/element/f.499FA332C3249B1FB6786AFDCB682F30.d.5E95D5839D55B53BBEA8AC9AFE2488E0.e.9062/click - {}
RESULT: {}
RESULT: {}
COMMAND: POST /session/80b25485da4cce0461fa749928cde446/execute/async - {"script":"<script> [1562 bytes]","args":[{"selector":{"id":"application-managesites-display-component---NewSite--addressDetailDetailsCity1","interaction":{"idSuffix":"inner"}},"wdio_ui5_key":"applicationmanagesites-display-component---NewSite--addressDetailDetailsCity1"}]}
COMMAND: GET /session/80b25485da4cce0461fa749928cde446/screenshot - {}
RESULT: {"script":"<script> [1562 bytes]","args":[{"selector":{"id":"application-managesites-display-component---NewSite--addressDetailDetailsCity1","interaction":{"idSuffix":"inner"}},"wdio_ui5_key":"applicationmanagesites-display-component---NewSite--addressDetailDetailsCity1"}]}
RESULT: undefined
COMMAND: POST /session/80b25485da4cce0461fa749928cde446/execute/async - {"script":"<script> [776 bytes]","args":[{"enterText":"Rosario","selector":{"id":"application-managesites-display-component---NewSite--addressDetailDetailsCity1","interaction":{"idSuffix":"inner"}},"clearTextFirst":true,"interactionType":"ENTER_TEXT"}]}
RESULT: {}
RESULT: {"script":"<script> [776 bytes]","args":[{"enterText":"Rosario","selector":{"id":"application-managesites-display-component---NewSite--addressDetailDetailsCity1","interaction":{"idSuffix":"inner"}},"clearTextFirst":true,"interactionType":"ENTER_TEXT"}]}
COMMAND: POST /session/80b25485da4cce0461fa749928cde446/execute/async - {"script":"<script> [1562 bytes]","args":[{"selector":{"id":"application-managesites-display-component---NewSite--addressDetailDetailsCountry-arrow"},"wdio_ui5_key":"applicationmanagesites-display-component---NewSite--addressDetailDetailsCountry-arrow"}]}
RESULT: {"script":"<script> [1562 bytes]","args":[{"selector":{"id":"application-managesites-display-component---NewSite--addressDetailDetailsCountry-arrow"},"wdio_ui5_key":"applicationmanagesites-display-component---NewSite--addressDetailDetailsCountry-arrow"}]}
RESULT: undefined
COMMAND: POST /session/80b25485da4cce0461fa749928cde446/element - {"using":"xpath","value":"//*[@id=\"application-managesites-display-component---NewSite--addressDetailDetailsCountry-arrow\"]"}
RESULT: {"using":"xpath","value":"//*[@id=\"application-managesites-display-component---NewSite--addressDetailDetailsCountry-arrow\"]"}
COMMAND: POST /session/80b25485da4cce0461fa749928cde446/element/f.499FA332C3249B1FB6786AFDCB682F30.d.5E95D5839D55B53BBEA8AC9AFE2488E0.e.9064/click - {}
RESULT: {}
COMMAND: POST /session/80b25485da4cce0461fa749928cde446/element - {"using":"xpath","value":"//span[contains(text(), \"Argentina\")]"}
COMMAND: GET /session/80b25485da4cce0461fa749928cde446/screenshot - {}
RESULT: {"using":"xpath","value":"//span[contains(text(), \"Argentina\")]"}
COMMAND: POST /session/80b25485da4cce0461fa749928cde446/element/f.499FA332C3249B1FB6786AFDCB682F30.d.5E95D5839D55B53BBEA8AC9AFE2488E0.e.9065/click - {}
RESULT: {}
RESULT: {}
COMMAND: GET /session/80b25485da4cce0461fa749928cde446/screenshot - {}
RESULT: {}
COMMAND: POST /session/80b25485da4cce0461fa749928cde446/execute/async - {"script":"<script> [1562 bytes]","args":[{"selector":{"id":"application-managesites-display-component---NewSite--addressEditDetailsCostObjectCstType-arrow"},"wdio_ui5_key":"applicationmanagesites-display-component---NewSite--addressEditDetailsCostObjectCstType-arrow"}]}
RESULT: {"script":"<script> [1562 bytes]","args":[{"selector":{"id":"application-managesites-display-component---NewSite--addressEditDetailsCostObjectCstType-arrow"},"wdio_ui5_key":"applicationmanagesites-display-component---NewSite--addressEditDetailsCostObjectCstType-arrow"}]}
RESULT: undefined
COMMAND: POST /session/80b25485da4cce0461fa749928cde446/element - {"using":"xpath","value":"//*[@id=\"application-managesites-display-component---NewSite--addressEditDetailsCostObjectCstType-arrow\"]"}
RESULT: {"using":"xpath","value":"//*[@id=\"application-managesites-display-component---NewSite--addressEditDetailsCostObjectCstType-arrow\"]"}
COMMAND: POST /session/80b25485da4cce0461fa749928cde446/element/f.499FA332C3249B1FB6786AFDCB682F30.d.5E95D5839D55B53BBEA8AC9AFE2488E0.e.9066/click - {}
RESULT: {}
COMMAND: POST /session/80b25485da4cce0461fa749928cde446/element - {"using":"xpath","value":"//span[contains(text(), \"Cost Center\")]"}
COMMAND: GET /session/80b25485da4cce0461fa749928cde446/screenshot - {}
RESULT: {"using":"xpath","value":"//span[contains(text(), \"Cost Center\")]"}
COMMAND: POST /session/80b25485da4cce0461fa749928cde446/element/f.499FA332C3249B1FB6786AFDCB682F30.d.5E95D5839D55B53BBEA8AC9AFE2488E0.e.9067/click - {}
RESULT: {}
RESULT: {}
COMMAND: GET /session/80b25485da4cce0461fa749928cde446/screenshot - {}
RESULT: {}
COMMAND: POST /session/80b25485da4cce0461fa749928cde446/element - {"using":"xpath","value":"//span[@id=\"application-managesites-display-component---NewSite--addressNewCostObjectCstID-vhi\"]"}
RESULT: {"using":"xpath","value":"//span[@id=\"application-managesites-display-component---NewSite--addressNewCostObjectCstID-vhi\"]"}
COMMAND: POST /session/80b25485da4cce0461fa749928cde446/execute/sync - {"script":"<script> [8489 bytes]","args":[{"element-6066-11e4-a52e-4f735466cecf":"f.499FA332C3249B1FB6786AFDCB682F30.d.5E95D5839D55B53BBEA8AC9AFE2488E0.e.9072","ELEMENT":"f.499FA332C3249B1FB6786AFDCB682F30.d.5E95D5839D55B53BBEA8AC9AFE2488E0.e.9072"}]}
RESULT: {"script":"<script> [8489 bytes]","args":[{"element-6066-11e4-a52e-4f735466cecf":"f.499FA332C3249B1FB6786AFDCB682F30.d.5E95D5839D55B53BBEA8AC9AFE2488E0.e.9072","ELEMENT":"f.499FA332C3249B1FB6786AFDCB682F30.d.5E95D5839D55B53BBEA8AC9AFE2488E0.e.9072"}]}
COMMAND: POST /session/80b25485da4cce0461fa749928cde446/execute/async - {"script":"<script> [1562 bytes]","args":[{"selector":{"id":"application-managesites-display-component---NewSite--addressNewCostObjectCstID-vhi"},"wdio_ui5_key":"applicationmanagesites-display-component---NewSite--addressNewCostObjectCstID-vhi"}]}
COMMAND: GET /session/80b25485da4cce0461fa749928cde446/screenshot - {}
RESULT: {"script":"<script> [1562 bytes]","args":[{"selector":{"id":"application-managesites-display-component---NewSite--addressNewCostObjectCstID-vhi"},"wdio_ui5_key":"applicationmanagesites-display-component---NewSite--addressNewCostObjectCstID-vhi"}]}
RESULT: undefined
COMMAND: POST /session/80b25485da4cce0461fa749928cde446/element - {"using":"xpath","value":"//*[@id=\"application-managesites-display-component---NewSite--addressNewCostObjectCstID-vhi\"]"}
RESULT: {}
RESULT: {"using":"xpath","value":"//*[@id=\"application-managesites-display-component---NewSite--addressNewCostObjectCstID-vhi\"]"}
COMMAND: POST /session/80b25485da4cce0461fa749928cde446/element/f.499FA332C3249B1FB6786AFDCB682F30.d.5E95D5839D55B53BBEA8AC9AFE2488E0.e.9072/click - {}
RESULT: {}
COMMAND: GET /session/80b25485da4cce0461fa749928cde446/screenshot - {}
RESULT: {}
RESULT: undefined
COMMAND: POST /session/80b25485da4cce0461fa749928cde446/execute/async - {"script":"<script> [776 bytes]","args":[{"enterText":"10001013","selector":{"controlType":"sap.m.SearchField","properties":{"placeholder":"Search"},"searchOpenDialogs":true,"interaction":{"idSuffix":"I"}},"clearTextFirst":true,"interactionType":"ENTER_TEXT"}]}
RESULT: {"script":"<script> [776 bytes]","args":[{"enterText":"10001013","selector":{"controlType":"sap.m.SearchField","properties":{"placeholder":"Search"},"searchOpenDialogs":true,"interaction":{"idSuffix":"I"}},"clearTextFirst":true,"interactionType":"ENTER_TEXT"}]}
COMMAND: POST /session/80b25485da4cce0461fa749928cde446/actions - {"actions":[{"id":"action27","type":"key","parameters":{},"actions":[{"type":"keyDown","value":""},{"type":"pause","duration":10},{"type":"keyUp","value":""}]}]}
RESULT: {"actions":[{"id":"action27","type":"key","parameters":{},"actions":[{"type":"keyDown","value":""},{"type":"pause","duration":10},{"type":"keyUp","value":""}]}]}
COMMAND: GET /session/80b25485da4cce0461fa749928cde446/screenshot - {}
RESULT: {}
COMMAND: POST /session/80b25485da4cce0461fa749928cde446/element - {"using":"xpath","value":"//span[contains(text(), \"General Management\")]"}
RESULT: {"using":"xpath","value":"//span[contains(text(), \"General Management\")]"}
COMMAND: POST /session/80b25485da4cce0461fa749928cde446/element/f.499FA332C3249B1FB6786AFDCB682F30.d.5E95D5839D55B53BBEA8AC9AFE2488E0.e.9110/click - {}
RESULT: {}
COMMAND: GET /session/80b25485da4cce0461fa749928cde446/screenshot - {}
RESULT: {}
COMMAND: POST /session/80b25485da4cce0461fa749928cde446/element - {"using":"xpath","value":"//bdi[contains(text(), \"OK\")]"}
RESULT: {"using":"xpath","value":"//bdi[contains(text(), \"OK\")]"}
COMMAND: POST /session/80b25485da4cce0461fa749928cde446/element/f.499FA332C3249B1FB6786AFDCB682F30.d.5E95D5839D55B53BBEA8AC9AFE2488E0.e.9111/click - {}
RESULT: {}
COMMAND: GET /session/80b25485da4cce0461fa749928cde446/screenshot - {}
RESULT: {}
COMMAND: POST /session/80b25485da4cce0461fa749928cde446/element - {"using":"xpath","value":"//input[@id=\"application-managesites-display-component---NewSite--addressDetailDetailsCalendar-inner\"]"}
RESULT: {"using":"xpath","value":"//input[@id=\"application-managesites-display-component---NewSite--addressDetailDetailsCalendar-inner\"]"}
COMMAND: POST /session/80b25485da4cce0461fa749928cde446/element/f.499FA332C3249B1FB6786AFDCB682F30.d.5E95D5839D55B53BBEA8AC9AFE2488E0.e.8850/clear - {}
RESULT: {}
COMMAND: POST /session/80b25485da4cce0461fa749928cde446/element/f.499FA332C3249B1FB6786AFDCB682F30.d.5E95D5839D55B53BBEA8AC9AFE2488E0.e.8850/value - {"text":"Unit"}
COMMAND: GET /session/80b25485da4cce0461fa749928cde446/screenshot - {}
RESULT: {"text":"Unit"}
COMMAND: GET /session/80b25485da4cce0461fa749928cde446/screenshot - {}
RESULT: {}
RESULT: {}
COMMAND: POST /session/80b25485da4cce0461fa749928cde446/actions - {"actions":[{"id":"action28","type":"key","parameters":{},"actions":[{"type":"keyDown","value":""},{"type":"pause","duration":10},{"type":"keyUp","value":""}]}]}
RESULT: {"actions":[{"id":"action28","type":"key","parameters":{},"actions":[{"type":"keyDown","value":""},{"type":"pause","duration":10},{"type":"keyUp","value":""}]}]}
COMMAND: POST /session/80b25485da4cce0461fa749928cde446/element - {"using":"xpath","value":"//input[@id=\"application-managesites-display-component---NewSite--addressDetailDetailsYard-inner\"]"}
COMMAND: GET /session/80b25485da4cce0461fa749928cde446/screenshot - {}
RESULT: {"using":"xpath","value":"//input[@id=\"application-managesites-display-component---NewSite--addressDetailDetailsYard-inner\"]"}
COMMAND: POST /session/80b25485da4cce0461fa749928cde446/element/f.499FA332C3249B1FB6786AFDCB682F30.d.5E95D5839D55B53BBEA8AC9AFE2488E0.e.8851/clear - {}
RESULT: {}
RESULT: {}
COMMAND: POST /session/80b25485da4cce0461fa749928cde446/element/f.499FA332C3249B1FB6786AFDCB682F30.d.5E95D5839D55B53BBEA8AC9AFE2488E0.e.8851/value - {"text":"552"}
COMMAND: GET /session/80b25485da4cce0461fa749928cde446/screenshot - {}
RESULT: {"text":"552"}
COMMAND: GET /session/80b25485da4cce0461fa749928cde446/screenshot - {}
RESULT: {}
RESULT: {}
COMMAND: POST /session/80b25485da4cce0461fa749928cde446/element - {"using":"xpath","value":"//li[.//span[text()='552']]"}
RESULT: {"using":"xpath","value":"//li[.//span[text()='552']]"}
COMMAND: POST /session/80b25485da4cce0461fa749928cde446/element/f.499FA332C3249B1FB6786AFDCB682F30.d.5E95D5839D55B53BBEA8AC9AFE2488E0.e.9119/click - {}
RESULT: {}
COMMAND: GET /session/80b25485da4cce0461fa749928cde446/screenshot - {}
RESULT: {}
COMMAND: POST /session/80b25485da4cce0461fa749928cde446/element - {"using":"xpath","value":"//input[@id=\"application-managesites-display-component---NewSite--addressDetailDetailsPartner-inner\"]"}
RESULT: {"using":"xpath","value":"//input[@id=\"application-managesites-display-component---NewSite--addressDetailDetailsPartner-inner\"]"}
COMMAND: POST /session/80b25485da4cce0461fa749928cde446/element - {"using":"xpath","value":"//input[@id=\"application-managesites-display-component---NewSite--addressDetailDetailsPartner-inner\"]"}
RESULT: {"using":"xpath","value":"//input[@id=\"application-managesites-display-component---NewSite--addressDetailDetailsPartner-inner\"]"}
COMMAND: POST /session/80b25485da4cce0461fa749928cde446/element - {"using":"xpath","value":"//button[@data-kt=\"saveButton\"]"}
RESULT: {"using":"xpath","value":"//button[@data-kt=\"saveButton\"]"}
COMMAND: POST /session/80b25485da4cce0461fa749928cde446/element/f.499FA332C3249B1FB6786AFDCB682F30.d.5E95D5839D55B53BBEA8AC9AFE2488E0.e.9046/click - {}
RESULT: {}
COMMAND: GET /session/80b25485da4cce0461fa749928cde446/screenshot - {}
RESULT: {}
COMMAND: POST /session/80b25485da4cce0461fa749928cde446/element - {"using":"xpath","value":"//header[contains(@id, 'ObjectPageLayout-headerTitle')]/div[1]/div[2]/div[2]/span[1]"}
RESULT: {"using":"xpath","value":"//header[contains(@id, 'ObjectPageLayout-headerTitle')]/div[1]/div[2]/div[2]/span[1]"}
COMMAND: POST /session/80b25485da4cce0461fa749928cde446/elements - {"using":"xpath","value":"//header[contains(@id, 'ObjectPageLayout-headerTitle')]/div[1]/div[2]/div[2]/span[1]"}
RESULT: {"using":"xpath","value":"//header[contains(@id, 'ObjectPageLayout-headerTitle')]/div[1]/div[2]/div[2]/span[1]"}
COMMAND: POST /session/80b25485da4cce0461fa749928cde446/execute/sync - {"script":"<script> [56 bytes]","args":[{"element-6066-11e4-a52e-4f735466cecf":"f.499FA332C3249B1FB6786AFDCB682F30.d.5E95D5839D55B53BBEA8AC9AFE2488E0.e.9322","ELEMENT":"f.499FA332C3249B1FB6786AFDCB682F30.d.5E95D5839D55B53BBEA8AC9AFE2488E0.e.9322"}]}
RESULT: {"script":"<script> [56 bytes]","args":[{"element-6066-11e4-a52e-4f735466cecf":"f.499FA332C3249B1FB6786AFDCB682F30.d.5E95D5839D55B53BBEA8AC9AFE2488E0.e.9322","ELEMENT":"f.499FA332C3249B1FB6786AFDCB682F30.d.5E95D5839D55B53BBEA8AC9AFE2488E0.e.9322"}]}
COMMAND: POST /session/80b25485da4cce0461fa749928cde446/element - {"using":"css selector","value":"#shell-header-logo"}
COMMAND: GET /session/80b25485da4cce0461fa749928cde446/screenshot - {}
RESULT: {"using":"css selector","value":"#shell-header-logo"}
COMMAND: POST /session/80b25485da4cce0461fa749928cde446/element/f.499FA332C3249B1FB6786AFDCB682F30.d.5E95D5839D55B53BBEA8AC9AFE2488E0.e.8390/click - {}
RESULT: {}
RESULT: {}
COMMAND: GET /session/80b25485da4cce0461fa749928cde446/screenshot - {}
RESULT: {}
COMMAND: POST /session/80b25485da4cce0461fa749928cde446/execute/sync - {"script":"<script> [299 bytes]","args":[["getModel","getResource"]]}
RESULT: {"script":"<script> [299 bytes]","args":[["getModel","getResource"]]}
]]></system-out>
    </testcase>
    <testcase classname="chrome.136_0_7103_93.windows.Provide_to_Site_w/o_warehouse_management_w/_clarification_US116605" name="Should create a new material" time="111.338">
      <system-out><![CDATA[
COMMAND: POST /session/80b25485da4cce0461fa749928cde446/execute/async - {"script":"<script> [1562 bytes]","args":[{"selector":{"controlType":"sap.m.GenericTile","properties":{"header":"Manage Resources"}},"wdio_ui5_key":"sapm.GenericTile{\"header\":\"Manage Resources\"}"}]}
COMMAND: GET /session/80b25485da4cce0461fa749928cde446/screenshot - {}
RESULT: {"script":"<script> [1562 bytes]","args":[{"selector":{"controlType":"sap.m.GenericTile","properties":{"header":"Manage Resources"}},"wdio_ui5_key":"sapm.GenericTile{\"header\":\"Manage Resources\"}"}]}
RESULT: undefined
COMMAND: POST /session/80b25485da4cce0461fa749928cde446/element - {"using":"xpath","value":"//*[@id=\"__tile31\"]"}
RESULT: {}
RESULT: {"using":"xpath","value":"//*[@id=\"__tile31\"]"}
COMMAND: POST /session/80b25485da4cce0461fa749928cde446/element/f.499FA332C3249B1FB6786AFDCB682F30.d.5E95D5839D55B53BBEA8AC9AFE2488E0.e.6865/click - {}
RESULT: {}
COMMAND: GET /session/80b25485da4cce0461fa749928cde446/screenshot - {}
RESULT: {}
COMMAND: POST /session/80b25485da4cce0461fa749928cde446/elements - {"using":"xpath","value":"//span[text()='Error']"}
RESULT: {"using":"xpath","value":"//span[text()='Error']"}
COMMAND: POST /session/80b25485da4cce0461fa749928cde446/element - {"using":"xpath","value":"//button[@data-kt=\"addNewRUOverflowToolbarButton\"]"}
RESULT: {"using":"xpath","value":"//button[@data-kt=\"addNewRUOverflowToolbarButton\"]"}
COMMAND: POST /session/80b25485da4cce0461fa749928cde446/elements - {"using":"xpath","value":"//button[@data-kt=\"addNewRUOverflowToolbarButton\"]"}
RESULT: {"using":"xpath","value":"//button[@data-kt=\"addNewRUOverflowToolbarButton\"]"}
COMMAND: POST /session/80b25485da4cce0461fa749928cde446/execute/sync - {"script":"<script> [8489 bytes]","args":[{"element-6066-11e4-a52e-4f735466cecf":"f.499FA332C3249B1FB6786AFDCB682F30.d.5E95D5839D55B53BBEA8AC9AFE2488E0.e.9364","ELEMENT":"f.499FA332C3249B1FB6786AFDCB682F30.d.5E95D5839D55B53BBEA8AC9AFE2488E0.e.9364"}]}
RESULT: {"script":"<script> [8489 bytes]","args":[{"element-6066-11e4-a52e-4f735466cecf":"f.499FA332C3249B1FB6786AFDCB682F30.d.5E95D5839D55B53BBEA8AC9AFE2488E0.e.9364","ELEMENT":"f.499FA332C3249B1FB6786AFDCB682F30.d.5E95D5839D55B53BBEA8AC9AFE2488E0.e.9364"}]}
COMMAND: GET /session/80b25485da4cce0461fa749928cde446/element/f.499FA332C3249B1FB6786AFDCB682F30.d.5E95D5839D55B53BBEA8AC9AFE2488E0.e.9364/enabled - {}
COMMAND: GET /session/80b25485da4cce0461fa749928cde446/screenshot - {}
RESULT: {}
COMMAND: POST /session/80b25485da4cce0461fa749928cde446/execute/sync - {"script":"<script> [8489 bytes]","args":[{"element-6066-11e4-a52e-4f735466cecf":"f.499FA332C3249B1FB6786AFDCB682F30.d.5E95D5839D55B53BBEA8AC9AFE2488E0.e.9364","ELEMENT":"f.499FA332C3249B1FB6786AFDCB682F30.d.5E95D5839D55B53BBEA8AC9AFE2488E0.e.9364"}]}
COMMAND: GET /session/80b25485da4cce0461fa749928cde446/screenshot - {}
RESULT: {}
RESULT: {"script":"<script> [8489 bytes]","args":[{"element-6066-11e4-a52e-4f735466cecf":"f.499FA332C3249B1FB6786AFDCB682F30.d.5E95D5839D55B53BBEA8AC9AFE2488E0.e.9364","ELEMENT":"f.499FA332C3249B1FB6786AFDCB682F30.d.5E95D5839D55B53BBEA8AC9AFE2488E0.e.9364"}]}
COMMAND: POST /session/80b25485da4cce0461fa749928cde446/execute/sync - {"script":"<script> [5351 bytes]","args":[{"element-6066-11e4-a52e-4f735466cecf":"f.499FA332C3249B1FB6786AFDCB682F30.d.5E95D5839D55B53BBEA8AC9AFE2488E0.e.9364","ELEMENT":"f.499FA332C3249B1FB6786AFDCB682F30.d.5E95D5839D55B53BBEA8AC9AFE2488E0.e.9364"}]}
COMMAND: GET /session/80b25485da4cce0461fa749928cde446/screenshot - {}
RESULT: {}
RESULT: {"script":"<script> [5351 bytes]","args":[{"element-6066-11e4-a52e-4f735466cecf":"f.499FA332C3249B1FB6786AFDCB682F30.d.5E95D5839D55B53BBEA8AC9AFE2488E0.e.9364","ELEMENT":"f.499FA332C3249B1FB6786AFDCB682F30.d.5E95D5839D55B53BBEA8AC9AFE2488E0.e.9364"}]}
COMMAND: POST /session/80b25485da4cce0461fa749928cde446/element/f.499FA332C3249B1FB6786AFDCB682F30.d.5E95D5839D55B53BBEA8AC9AFE2488E0.e.9364/click - {}
COMMAND: GET /session/80b25485da4cce0461fa749928cde446/screenshot - {}
RESULT: {}
RESULT: {}
COMMAND: GET /session/80b25485da4cce0461fa749928cde446/screenshot - {}
COMMAND: POST /session/80b25485da4cce0461fa749928cde446/execute/async - {"script":"<script> [1562 bytes]","args":[{"selector":{"id":"application-manageresources-display-component---newResourceUnit--TYPE-arrow"},"wdio_ui5_key":"applicationmanageresources-display-component---newResourceUnit--TYPE-arrow"}]}
RESULT: {}
RESULT: {}
RESULT: {"script":"<script> [1562 bytes]","args":[{"selector":{"id":"application-manageresources-display-component---newResourceUnit--TYPE-arrow"},"wdio_ui5_key":"applicationmanageresources-display-component---newResourceUnit--TYPE-arrow"}]}
RESULT: undefined
COMMAND: POST /session/80b25485da4cce0461fa749928cde446/element - {"using":"xpath","value":"//*[@id=\"application-manageresources-display-component---newResourceUnit--TYPE-arrow\"]"}
RESULT: {"using":"xpath","value":"//*[@id=\"application-manageresources-display-component---newResourceUnit--TYPE-arrow\"]"}
COMMAND: POST /session/80b25485da4cce0461fa749928cde446/element/f.499FA332C3249B1FB6786AFDCB682F30.d.5E95D5839D55B53BBEA8AC9AFE2488E0.e.9724/click - {}
RESULT: {}
COMMAND: POST /session/80b25485da4cce0461fa749928cde446/element - {"using":"xpath","value":"//input[@id=\"application-manageresources-display-component---newResourceUnit--TYPE-inner\"]"}
COMMAND: GET /session/80b25485da4cce0461fa749928cde446/screenshot - {}
RESULT: {"using":"xpath","value":"//input[@id=\"application-manageresources-display-component---newResourceUnit--TYPE-inner\"]"}
COMMAND: POST /session/80b25485da4cce0461fa749928cde446/element/f.499FA332C3249B1FB6786AFDCB682F30.d.5E95D5839D55B53BBEA8AC9AFE2488E0.e.9707/clear - {}
RESULT: {}
RESULT: {}
COMMAND: POST /session/80b25485da4cce0461fa749928cde446/element/f.499FA332C3249B1FB6786AFDCB682F30.d.5E95D5839D55B53BBEA8AC9AFE2488E0.e.9707/value - {"text":"Material"}
COMMAND: GET /session/80b25485da4cce0461fa749928cde446/screenshot - {}
RESULT: {"text":"Material"}
COMMAND: GET /session/80b25485da4cce0461fa749928cde446/screenshot - {}
RESULT: {}
RESULT: {}
COMMAND: POST /session/80b25485da4cce0461fa749928cde446/actions - {"actions":[{"id":"action29","type":"key","parameters":{},"actions":[{"type":"keyDown","value":""},{"type":"pause","duration":10},{"type":"keyUp","value":""}]}]}
RESULT: {"actions":[{"id":"action29","type":"key","parameters":{},"actions":[{"type":"keyDown","value":""},{"type":"pause","duration":10},{"type":"keyUp","value":""}]}]}
COMMAND: POST /session/80b25485da4cce0461fa749928cde446/execute/async - {"script":"<script> [1562 bytes]","args":[{"selector":{"id":"application-manageresources-display-component---newResourceUnit--SHORT_TEXT","interaction":{"idSuffix":"inner"}},"wdio_ui5_key":"applicationmanageresources-display-component---newResourceUnit--SHORT_TEXT"}]}
COMMAND: GET /session/80b25485da4cce0461fa749928cde446/screenshot - {}
RESULT: {"script":"<script> [1562 bytes]","args":[{"selector":{"id":"application-manageresources-display-component---newResourceUnit--SHORT_TEXT","interaction":{"idSuffix":"inner"}},"wdio_ui5_key":"applicationmanageresources-display-component---newResourceUnit--SHORT_TEXT"}]}
RESULT: undefined
COMMAND: POST /session/80b25485da4cce0461fa749928cde446/execute/async - {"script":"<script> [776 bytes]","args":[{"enterText":"Cement WDIO","selector":{"id":"application-manageresources-display-component---newResourceUnit--SHORT_TEXT","interaction":{"idSuffix":"inner"}},"clearTextFirst":true,"interactionType":"ENTER_TEXT"}]}
RESULT: {}
RESULT: {"script":"<script> [776 bytes]","args":[{"enterText":"Cement WDIO","selector":{"id":"application-manageresources-display-component---newResourceUnit--SHORT_TEXT","interaction":{"idSuffix":"inner"}},"clearTextFirst":true,"interactionType":"ENTER_TEXT"}]}
COMMAND: POST /session/80b25485da4cce0461fa749928cde446/execute/async - {"script":"<script> [1562 bytes]","args":[{"selector":{"id":"application-manageresources-display-component---newResourceUnit--BASE_UNIT_OF_MEASURE","interaction":{"idSuffix":"inner"}},"wdio_ui5_key":"applicationmanageresources-display-component---newResourceUnit--BASE_UNIT_OF_MEASURE"}]}
RESULT: {"script":"<script> [1562 bytes]","args":[{"selector":{"id":"application-manageresources-display-component---newResourceUnit--BASE_UNIT_OF_MEASURE","interaction":{"idSuffix":"inner"}},"wdio_ui5_key":"applicationmanageresources-display-component---newResourceUnit--BASE_UNIT_OF_MEASURE"}]}
RESULT: undefined
COMMAND: POST /session/80b25485da4cce0461fa749928cde446/execute/async - {"script":"<script> [776 bytes]","args":[{"enterText":"Piece","selector":{"id":"application-manageresources-display-component---newResourceUnit--BASE_UNIT_OF_MEASURE","interaction":{"idSuffix":"inner"}},"clearTextFirst":true,"interactionType":"ENTER_TEXT"}]}
RESULT: {"script":"<script> [776 bytes]","args":[{"enterText":"Piece","selector":{"id":"application-manageresources-display-component---newResourceUnit--BASE_UNIT_OF_MEASURE","interaction":{"idSuffix":"inner"}},"clearTextFirst":true,"interactionType":"ENTER_TEXT"}]}
COMMAND: POST /session/80b25485da4cce0461fa749928cde446/execute/async - {"script":"<script> [1562 bytes]","args":[{"selector":{"id":"application-manageresources-display-component---newResourceUnit--WEIGHT_UNIT","interaction":{"idSuffix":"inner"}},"wdio_ui5_key":"applicationmanageresources-display-component---newResourceUnit--WEIGHT_UNIT"}]}
RESULT: {"script":"<script> [1562 bytes]","args":[{"selector":{"id":"application-manageresources-display-component---newResourceUnit--WEIGHT_UNIT","interaction":{"idSuffix":"inner"}},"wdio_ui5_key":"applicationmanageresources-display-component---newResourceUnit--WEIGHT_UNIT"}]}
RESULT: undefined
COMMAND: POST /session/80b25485da4cce0461fa749928cde446/execute/async - {"script":"<script> [776 bytes]","args":[{"enterText":"Gram","selector":{"id":"application-manageresources-display-component---newResourceUnit--WEIGHT_UNIT","interaction":{"idSuffix":"inner"}},"clearTextFirst":true,"interactionType":"ENTER_TEXT"}]}
RESULT: {"script":"<script> [776 bytes]","args":[{"enterText":"Gram","selector":{"id":"application-manageresources-display-component---newResourceUnit--WEIGHT_UNIT","interaction":{"idSuffix":"inner"}},"clearTextFirst":true,"interactionType":"ENTER_TEXT"}]}
COMMAND: POST /session/80b25485da4cce0461fa749928cde446/execute/async - {"script":"<script> [1562 bytes]","args":[{"selector":{"id":"application-manageresources-display-component---newResourceUnit--DIMENSION_UNIT","interaction":{"idSuffix":"inner"}},"wdio_ui5_key":"applicationmanageresources-display-component---newResourceUnit--DIMENSION_UNIT"}]}
RESULT: {"script":"<script> [1562 bytes]","args":[{"selector":{"id":"application-manageresources-display-component---newResourceUnit--DIMENSION_UNIT","interaction":{"idSuffix":"inner"}},"wdio_ui5_key":"applicationmanageresources-display-component---newResourceUnit--DIMENSION_UNIT"}]}
RESULT: undefined
COMMAND: POST /session/80b25485da4cce0461fa749928cde446/execute/async - {"script":"<script> [776 bytes]","args":[{"enterText":"Meter","selector":{"id":"application-manageresources-display-component---newResourceUnit--DIMENSION_UNIT","interaction":{"idSuffix":"inner"}},"clearTextFirst":true,"interactionType":"ENTER_TEXT"}]}
RESULT: {"script":"<script> [776 bytes]","args":[{"enterText":"Meter","selector":{"id":"application-manageresources-display-component---newResourceUnit--DIMENSION_UNIT","interaction":{"idSuffix":"inner"}},"clearTextFirst":true,"interactionType":"ENTER_TEXT"}]}
COMMAND: POST /session/80b25485da4cce0461fa749928cde446/execute/async - {"script":"<script> [1562 bytes]","args":[{"selector":{"id":"application-manageresources-display-component---newResourceUnit--newRRUPage-anchBar-application-manageresources-display-component---newResourceUnit--control-anchor","interaction":{"idSuffix":"BDI-content"}},"wdio_ui5_key":"applicationmanageresources-display-component---newResourceUnit--newRRUPage-anchBar-application-manageresources-display-component---newResourceUnit--control-anchor"}]}
RESULT: {"script":"<script> [1562 bytes]","args":[{"selector":{"id":"application-manageresources-display-component---newResourceUnit--newRRUPage-anchBar-application-manageresources-display-component---newResourceUnit--control-anchor","interaction":{"idSuffix":"BDI-content"}},"wdio_ui5_key":"applicationmanageresources-display-component---newResourceUnit--newRRUPage-anchBar-application-manageresources-display-component---newResourceUnit--control-anchor"}]}
RESULT: undefined
COMMAND: POST /session/80b25485da4cce0461fa749928cde446/element - {"using":"xpath","value":"//*[@id=\"application-manageresources-display-component---newResourceUnit--newRRUPage-anchBar-application-manageresources-display-component---newResourceUnit--control-anchor\"]"}
RESULT: {"using":"xpath","value":"//*[@id=\"application-manageresources-display-component---newResourceUnit--newRRUPage-anchBar-application-manageresources-display-component---newResourceUnit--control-anchor\"]"}
COMMAND: POST /session/80b25485da4cce0461fa749928cde446/element/f.499FA332C3249B1FB6786AFDCB682F30.d.5E95D5839D55B53BBEA8AC9AFE2488E0.e.9854/click - {}
RESULT: {}
COMMAND: POST /session/80b25485da4cce0461fa749928cde446/execute/async - {"script":"<script> [1562 bytes]","args":[{"selector":{"id":"application-manageresources-display-component---newResourceUnit--PLANNING_GROUP","interaction":{"idSuffix":"inner"}},"wdio_ui5_key":"applicationmanageresources-display-component---newResourceUnit--PLANNING_GROUP"}]}
COMMAND: GET /session/80b25485da4cce0461fa749928cde446/screenshot - {}
RESULT: {"script":"<script> [1562 bytes]","args":[{"selector":{"id":"application-manageresources-display-component---newResourceUnit--PLANNING_GROUP","interaction":{"idSuffix":"inner"}},"wdio_ui5_key":"applicationmanageresources-display-component---newResourceUnit--PLANNING_GROUP"}]}
RESULT: undefined
COMMAND: POST /session/80b25485da4cce0461fa749928cde446/execute/async - {"script":"<script> [776 bytes]","args":[{"enterText":"Material","selector":{"id":"application-manageresources-display-component---newResourceUnit--PLANNING_GROUP","interaction":{"idSuffix":"inner"}},"clearTextFirst":true,"interactionType":"ENTER_TEXT"}]}
RESULT: {}
RESULT: {"script":"<script> [776 bytes]","args":[{"enterText":"Material","selector":{"id":"application-manageresources-display-component---newResourceUnit--PLANNING_GROUP","interaction":{"idSuffix":"inner"}},"clearTextFirst":true,"interactionType":"ENTER_TEXT"}]}
COMMAND: POST /session/80b25485da4cce0461fa749928cde446/execute/async - {"script":"<script> [1562 bytes]","args":[{"selector":{"id":"application-manageresources-display-component---newResourceUnit--PLANNING_INDICATOR","interaction":{"idSuffix":"inner"}},"wdio_ui5_key":"applicationmanageresources-display-component---newResourceUnit--PLANNING_INDICATOR"}]}
RESULT: {"script":"<script> [1562 bytes]","args":[{"selector":{"id":"application-manageresources-display-component---newResourceUnit--PLANNING_INDICATOR","interaction":{"idSuffix":"inner"}},"wdio_ui5_key":"applicationmanageresources-display-component---newResourceUnit--PLANNING_INDICATOR"}]}
RESULT: undefined
COMMAND: POST /session/80b25485da4cce0461fa749928cde446/execute/async - {"script":"<script> [776 bytes]","args":[{"enterText":"10 - infinite","selector":{"id":"application-manageresources-display-component---newResourceUnit--PLANNING_INDICATOR","interaction":{"idSuffix":"inner"}},"clearTextFirst":true,"interactionType":"ENTER_TEXT"}]}
RESULT: {"script":"<script> [776 bytes]","args":[{"enterText":"10 - infinite","selector":{"id":"application-manageresources-display-component---newResourceUnit--PLANNING_INDICATOR","interaction":{"idSuffix":"inner"}},"clearTextFirst":true,"interactionType":"ENTER_TEXT"}]}
COMMAND: POST /session/80b25485da4cce0461fa749928cde446/element - {"using":"css selector","value":"#application-manageresources-display-component---newResourceUnit--btnAddTimeSegment"}
RESULT: {"using":"css selector","value":"#application-manageresources-display-component---newResourceUnit--btnAddTimeSegment"}
COMMAND: GET /session/80b25485da4cce0461fa749928cde446/element/f.499FA332C3249B1FB6786AFDCB682F30.d.5E95D5839D55B53BBEA8AC9AFE2488E0.e.9864/rect - {}
RESULT: {}
COMMAND: GET /session/80b25485da4cce0461fa749928cde446/window/rect - {}
RESULT: {}
COMMAND: POST /session/80b25485da4cce0461fa749928cde446/execute/sync - {"script":"<script> [92 bytes]","args":[]}
RESULT: {"script":"<script> [92 bytes]","args":[]}
COMMAND: POST /session/80b25485da4cce0461fa749928cde446/actions - {"actions":[{"id":"action30","type":"wheel","parameters":{},"actions":[{"type":"scroll","x":-1888,"y":-32,"deltaX":0,"deltaY":0,"duration":0,"origin":{"element-6066-11e4-a52e-4f735466cecf":"f.499FA332C3249B1FB6786AFDCB682F30.d.5E95D5839D55B53BBEA8AC9AFE2488E0.e.9864"}}]}]}
COMMAND: GET /session/80b25485da4cce0461fa749928cde446/screenshot - {}
RESULT: {}
COMMAND: POST /session/80b25485da4cce0461fa749928cde446/execute/sync - {"script":"<script> [79 bytes]","args":[{"element-6066-11e4-a52e-4f735466cecf":"f.499FA332C3249B1FB6786AFDCB682F30.d.5E95D5839D55B53BBEA8AC9AFE2488E0.e.9864","ELEMENT":"f.499FA332C3249B1FB6786AFDCB682F30.d.5E95D5839D55B53BBEA8AC9AFE2488E0.e.9864"},{"block":"start","inline":"nearest"}]}
RESULT: {"script":"<script> [79 bytes]","args":[{"element-6066-11e4-a52e-4f735466cecf":"f.499FA332C3249B1FB6786AFDCB682F30.d.5E95D5839D55B53BBEA8AC9AFE2488E0.e.9864","ELEMENT":"f.499FA332C3249B1FB6786AFDCB682F30.d.5E95D5839D55B53BBEA8AC9AFE2488E0.e.9864"},{"block":"start","inline":"nearest"}]}
COMMAND: POST /session/80b25485da4cce0461fa749928cde446/execute/async - {"script":"<script> [1562 bytes]","args":[{"selector":{"id":"application-manageresources-display-component---newResourceUnit--btnAddTimeSegment","interaction":{"idSuffix":"inner"}},"wdio_ui5_key":"applicationmanageresources-display-component---newResourceUnit--btnAddTimeSegment"}]}
COMMAND: GET /session/80b25485da4cce0461fa749928cde446/screenshot - {}
RESULT: {"script":"<script> [1562 bytes]","args":[{"selector":{"id":"application-manageresources-display-component---newResourceUnit--btnAddTimeSegment","interaction":{"idSuffix":"inner"}},"wdio_ui5_key":"applicationmanageresources-display-component---newResourceUnit--btnAddTimeSegment"}]}
RESULT: undefined
COMMAND: POST /session/80b25485da4cce0461fa749928cde446/element - {"using":"xpath","value":"//*[@id=\"application-manageresources-display-component---newResourceUnit--btnAddTimeSegment\"]"}
RESULT: {}
RESULT: {"using":"xpath","value":"//*[@id=\"application-manageresources-display-component---newResourceUnit--btnAddTimeSegment\"]"}
COMMAND: POST /session/80b25485da4cce0461fa749928cde446/element/f.499FA332C3249B1FB6786AFDCB682F30.d.5E95D5839D55B53BBEA8AC9AFE2488E0.e.9864/click - {}
RESULT: {}
COMMAND: GET /session/80b25485da4cce0461fa749928cde446/screenshot - {}
RESULT: {}
COMMAND: POST /session/80b25485da4cce0461fa749928cde446/element - {"using":"xpath","value":"//input[@id=\"application-manageresources-display-component---newResourceUnit--idRuTSAdmin-application-manageresources-display-component---newResourceUnit--RUTimeSegment-0-inner\"]"}
RESULT: {"using":"xpath","value":"//input[@id=\"application-manageresources-display-component---newResourceUnit--idRuTSAdmin-application-manageresources-display-component---newResourceUnit--RUTimeSegment-0-inner\"]"}
COMMAND: POST /session/80b25485da4cce0461fa749928cde446/element/f.499FA332C3249B1FB6786AFDCB682F30.d.5E95D5839D55B53BBEA8AC9AFE2488E0.e.9869/clear - {}
RESULT: {}
COMMAND: POST /session/80b25485da4cce0461fa749928cde446/element/f.499FA332C3249B1FB6786AFDCB682F30.d.5E95D5839D55B53BBEA8AC9AFE2488E0.e.9869/value - {"text":"552"}
COMMAND: GET /session/80b25485da4cce0461fa749928cde446/screenshot - {}
RESULT: {"text":"552"}
COMMAND: GET /session/80b25485da4cce0461fa749928cde446/screenshot - {}
RESULT: {}
RESULT: {}
COMMAND: POST /session/80b25485da4cce0461fa749928cde446/element - {"using":"xpath","value":"//li[.//span[text()='552']]"}
RESULT: {"using":"xpath","value":"//li[.//span[text()='552']]"}
COMMAND: POST /session/80b25485da4cce0461fa749928cde446/element/f.499FA332C3249B1FB6786AFDCB682F30.d.5E95D5839D55B53BBEA8AC9AFE2488E0.e.9878/click - {}
RESULT: {}
COMMAND: GET /session/80b25485da4cce0461fa749928cde446/screenshot - {}
RESULT: {}
COMMAND: POST /session/80b25485da4cce0461fa749928cde446/element - {"using":"xpath","value":"(//span[contains(@id, \"-application-manageresources-display-component---newResourceUnit--RUTimeSegment-0-arrow\")])[2]"}
RESULT: {"using":"xpath","value":"(//span[contains(@id, \"-application-manageresources-display-component---newResourceUnit--RUTimeSegment-0-arrow\")])[2]"}
COMMAND: POST /session/80b25485da4cce0461fa749928cde446/element/f.499FA332C3249B1FB6786AFDCB682F30.d.5E95D5839D55B53BBEA8AC9AFE2488E0.e.9879/click - {}
RESULT: {}
COMMAND: POST /session/80b25485da4cce0461fa749928cde446/element - {"using":"xpath","value":"//span[contains(text(), \"PM Order\")]"}
COMMAND: GET /session/80b25485da4cce0461fa749928cde446/screenshot - {}
RESULT: {"using":"xpath","value":"//span[contains(text(), \"PM Order\")]"}
COMMAND: POST /session/80b25485da4cce0461fa749928cde446/element/f.499FA332C3249B1FB6786AFDCB682F30.d.5E95D5839D55B53BBEA8AC9AFE2488E0.e.9880/click - {}
RESULT: {}
RESULT: {}
COMMAND: GET /session/80b25485da4cce0461fa749928cde446/screenshot - {}
RESULT: {}
COMMAND: POST /session/80b25485da4cce0461fa749928cde446/element - {"using":"xpath","value":"//td/div/div/div/span[contains(@id, \"newResourceUnit--RUTimeSegment-0-vhi\")][1]"}
RESULT: {"using":"xpath","value":"//td/div/div/div/span[contains(@id, \"newResourceUnit--RUTimeSegment-0-vhi\")][1]"}
COMMAND: GET /session/80b25485da4cce0461fa749928cde446/element/f.499FA332C3249B1FB6786AFDCB682F30.d.5E95D5839D55B53BBEA8AC9AFE2488E0.e.9884/rect - {}
RESULT: {}
COMMAND: GET /session/80b25485da4cce0461fa749928cde446/window/rect - {}
RESULT: {}
COMMAND: POST /session/80b25485da4cce0461fa749928cde446/execute/sync - {"script":"<script> [92 bytes]","args":[]}
RESULT: {"script":"<script> [92 bytes]","args":[]}
COMMAND: POST /session/80b25485da4cce0461fa749928cde446/actions - {"actions":[{"id":"action31","type":"wheel","parameters":{},"actions":[{"type":"scroll","x":-1888,"y":-24,"deltaX":0,"deltaY":0,"duration":0,"origin":{"element-6066-11e4-a52e-4f735466cecf":"f.499FA332C3249B1FB6786AFDCB682F30.d.5E95D5839D55B53BBEA8AC9AFE2488E0.e.9884"}}]}]}
COMMAND: GET /session/80b25485da4cce0461fa749928cde446/screenshot - {}
RESULT: {}
COMMAND: POST /session/80b25485da4cce0461fa749928cde446/execute/sync - {"script":"<script> [79 bytes]","args":[{"element-6066-11e4-a52e-4f735466cecf":"f.499FA332C3249B1FB6786AFDCB682F30.d.5E95D5839D55B53BBEA8AC9AFE2488E0.e.9884","ELEMENT":"f.499FA332C3249B1FB6786AFDCB682F30.d.5E95D5839D55B53BBEA8AC9AFE2488E0.e.9884"},{"block":"start","inline":"nearest"}]}
RESULT: {"script":"<script> [79 bytes]","args":[{"element-6066-11e4-a52e-4f735466cecf":"f.499FA332C3249B1FB6786AFDCB682F30.d.5E95D5839D55B53BBEA8AC9AFE2488E0.e.9884","ELEMENT":"f.499FA332C3249B1FB6786AFDCB682F30.d.5E95D5839D55B53BBEA8AC9AFE2488E0.e.9884"},{"block":"start","inline":"nearest"}]}
COMMAND: GET /session/80b25485da4cce0461fa749928cde446/screenshot - {}
RESULT: {}
COMMAND: POST /session/80b25485da4cce0461fa749928cde446/element/f.499FA332C3249B1FB6786AFDCB682F30.d.5E95D5839D55B53BBEA8AC9AFE2488E0.e.9884/click - {}
RESULT: {}
COMMAND: GET /session/80b25485da4cce0461fa749928cde446/screenshot - {}
RESULT: {}
RESULT: undefined
COMMAND: POST /session/80b25485da4cce0461fa749928cde446/execute/async - {"script":"<script> [776 bytes]","args":[{"enterText":"4000360","selector":{"controlType":"sap.m.SearchField","properties":{"placeholder":"Search"},"searchOpenDialogs":true,"interaction":{"idSuffix":"I"}},"clearTextFirst":true,"interactionType":"ENTER_TEXT"}]}
RESULT: {"script":"<script> [776 bytes]","args":[{"enterText":"4000360","selector":{"controlType":"sap.m.SearchField","properties":{"placeholder":"Search"},"searchOpenDialogs":true,"interaction":{"idSuffix":"I"}},"clearTextFirst":true,"interactionType":"ENTER_TEXT"}]}
COMMAND: POST /session/80b25485da4cce0461fa749928cde446/actions - {"actions":[{"id":"action32","type":"key","parameters":{},"actions":[{"type":"keyDown","value":""},{"type":"pause","duration":10},{"type":"keyUp","value":""}]}]}
RESULT: {"actions":[{"id":"action32","type":"key","parameters":{},"actions":[{"type":"keyDown","value":""},{"type":"pause","duration":10},{"type":"keyUp","value":""}]}]}
COMMAND: GET /session/80b25485da4cce0461fa749928cde446/screenshot - {}
RESULT: {}
COMMAND: POST /session/80b25485da4cce0461fa749928cde446/element - {"using":"xpath","value":"//td/div/span[contains(text(), \"BGL Vehicles\")]"}
RESULT: {"using":"xpath","value":"//td/div/span[contains(text(), \"BGL Vehicles\")]"}
COMMAND: POST /session/80b25485da4cce0461fa749928cde446/element/f.499FA332C3249B1FB6786AFDCB682F30.d.5E95D5839D55B53BBEA8AC9AFE2488E0.e.9904/click - {}
RESULT: {}
COMMAND: GET /session/80b25485da4cce0461fa749928cde446/screenshot - {}
RESULT: {}
COMMAND: POST /session/80b25485da4cce0461fa749928cde446/element - {"using":"xpath","value":"//bdi[contains(text(), \"OK\")]"}
RESULT: {"using":"xpath","value":"//bdi[contains(text(), \"OK\")]"}
COMMAND: POST /session/80b25485da4cce0461fa749928cde446/element/f.499FA332C3249B1FB6786AFDCB682F30.d.5E95D5839D55B53BBEA8AC9AFE2488E0.e.9905/click - {}
RESULT: {}
COMMAND: GET /session/80b25485da4cce0461fa749928cde446/screenshot - {}
RESULT: {}
COMMAND: POST /session/80b25485da4cce0461fa749928cde446/element - {"using":"xpath","value":"//label[contains(@class, 'sapMLabelRequired') and .//bdi[contains(text(), 'Planned Retirement')]]"}
RESULT: {"using":"xpath","value":"//label[contains(@class, 'sapMLabelRequired') and .//bdi[contains(text(), 'Planned Retirement')]]"}
COMMAND: POST /session/80b25485da4cce0461fa749928cde446/elements - {"using":"xpath","value":"//label[contains(@class, 'sapMLabelRequired') and .//bdi[contains(text(), 'Planned Retirement')]]"}
RESULT: {"using":"xpath","value":"//label[contains(@class, 'sapMLabelRequired') and .//bdi[contains(text(), 'Planned Retirement')]]"}
COMMAND: POST /session/80b25485da4cce0461fa749928cde446/element - {"using":"xpath","value":"//button[@data-kt=\"resourceUnitSaveButton\"]"}
RESULT: {"using":"xpath","value":"//button[@data-kt=\"resourceUnitSaveButton\"]"}
COMMAND: POST /session/80b25485da4cce0461fa749928cde446/element/f.499FA332C3249B1FB6786AFDCB682F30.d.5E95D5839D55B53BBEA8AC9AFE2488E0.e.9741/click - {}
RESULT: {}
COMMAND: GET /session/80b25485da4cce0461fa749928cde446/screenshot - {}
RESULT: {}
COMMAND: POST /session/80b25485da4cce0461fa749928cde446/element - {"using":"xpath","value":"//bdi[contains(text(), \"Close\")]"}
RESULT: {"using":"xpath","value":"//bdi[contains(text(), \"Close\")]"}
COMMAND: POST /session/80b25485da4cce0461fa749928cde446/element/f.499FA332C3249B1FB6786AFDCB682F30.d.5E95D5839D55B53BBEA8AC9AFE2488E0.e.9911/click - {}
RESULT: {}
COMMAND: GET /session/80b25485da4cce0461fa749928cde446/screenshot - {}
RESULT: {}
COMMAND: POST /session/80b25485da4cce0461fa749928cde446/element - {"using":"xpath","value":"//header[contains(@id, 'detailRruPage-headerTitle')]/div[1]/div[2]/div[2]/span[1]"}
RESULT: {"using":"xpath","value":"//header[contains(@id, 'detailRruPage-headerTitle')]/div[1]/div[2]/div[2]/span[1]"}
COMMAND: POST /session/80b25485da4cce0461fa749928cde446/elements - {"using":"xpath","value":"//header[contains(@id, 'detailRruPage-headerTitle')]/div[1]/div[2]/div[2]/span[1]"}
RESULT: {"using":"xpath","value":"//header[contains(@id, 'detailRruPage-headerTitle')]/div[1]/div[2]/div[2]/span[1]"}
COMMAND: POST /session/80b25485da4cce0461fa749928cde446/execute/sync - {"script":"<script> [56 bytes]","args":[{"element-6066-11e4-a52e-4f735466cecf":"f.499FA332C3249B1FB6786AFDCB682F30.d.5E95D5839D55B53BBEA8AC9AFE2488E0.e.9939","ELEMENT":"f.499FA332C3249B1FB6786AFDCB682F30.d.5E95D5839D55B53BBEA8AC9AFE2488E0.e.9939"}]}
RESULT: {"script":"<script> [56 bytes]","args":[{"element-6066-11e4-a52e-4f735466cecf":"f.499FA332C3249B1FB6786AFDCB682F30.d.5E95D5839D55B53BBEA8AC9AFE2488E0.e.9939","ELEMENT":"f.499FA332C3249B1FB6786AFDCB682F30.d.5E95D5839D55B53BBEA8AC9AFE2488E0.e.9939"}]}
COMMAND: POST /session/80b25485da4cce0461fa749928cde446/element - {"using":"css selector","value":"#shell-header-logo"}
COMMAND: GET /session/80b25485da4cce0461fa749928cde446/screenshot - {}
RESULT: {"using":"css selector","value":"#shell-header-logo"}
COMMAND: POST /session/80b25485da4cce0461fa749928cde446/element/f.499FA332C3249B1FB6786AFDCB682F30.d.5E95D5839D55B53BBEA8AC9AFE2488E0.e.9325/click - {}
RESULT: {}
RESULT: {}
COMMAND: GET /session/80b25485da4cce0461fa749928cde446/screenshot - {}
RESULT: {}
]]></system-out>
    </testcase>
  </testsuite>
  <testsuite timestamp="2025-06-01T16:52:28" time="283.295" tests="6" failures="4" errors="4" skipped="0">
    <properties>
      <property name="specId" value="0"/>
      <property name="suiteName" value="Provide to Site w/o warehouse management w clarification"/>
      <property name="capabilities" value="chrome.136_0_7103_93.windows"/>
      <property name="file" value="file:///D:/a/1/s/test/specs/HTR/provide-to-site-wo-warehouse-w-clarification.spec.js"/>
    </properties>
    <testcase classname="chrome.136_0_7103_93.windows.Provide_to_Site_w/o_warehouse_management_w_clarification" name="Should do a stock increase handover" time="90.237">
      <failure/>
      <error message="Can't call click on element with selector &quot;//li[.//span[contains(text(),'552 -')]]&quot; because element wasn't found"/>
      <system-out><![CDATA[
COMMAND: POST /session/80b25485da4cce0461fa749928cde446/execute/async - {"script":"<script> [1562 bytes]","args":[{"selector":{"controlType":"sap.m.GenericTile","properties":{"header":"Manage Handovers"}},"wdio_ui5_key":"sapm.GenericTile{\"header\":\"Manage Handovers\"}"}]}
RESULT: {"script":"<script> [1562 bytes]","args":[{"selector":{"controlType":"sap.m.GenericTile","properties":{"header":"Manage Handovers"}},"wdio_ui5_key":"sapm.GenericTile{\"header\":\"Manage Handovers\"}"}]}
RESULT: undefined
COMMAND: POST /session/80b25485da4cce0461fa749928cde446/element - {"using":"xpath","value":"//*[@id=\"__tile132\"]"}
RESULT: {"using":"xpath","value":"//*[@id=\"__tile132\"]"}
COMMAND: POST /session/80b25485da4cce0461fa749928cde446/element/f.499FA332C3249B1FB6786AFDCB682F30.d.5E95D5839D55B53BBEA8AC9AFE2488E0.e.6892/click - {}
RESULT: {}
COMMAND: GET /session/80b25485da4cce0461fa749928cde446/screenshot - {}
RESULT: {}
COMMAND: POST /session/80b25485da4cce0461fa749928cde446/elements - {"using":"xpath","value":"//span[text()='Error']"}
RESULT: {"using":"xpath","value":"//span[text()='Error']"}
COMMAND: POST /session/80b25485da4cce0461fa749928cde446/element - {"using":"xpath","value":"//button[@data-kt=\"masterHOAddButton\"]"}
RESULT: {"using":"xpath","value":"//button[@data-kt=\"masterHOAddButton\"]"}
COMMAND: POST /session/80b25485da4cce0461fa749928cde446/elements - {"using":"xpath","value":"//button[@data-kt=\"masterHOAddButton\"]"}
RESULT: {"using":"xpath","value":"//button[@data-kt=\"masterHOAddButton\"]"}
COMMAND: POST /session/80b25485da4cce0461fa749928cde446/execute/sync - {"script":"<script> [8489 bytes]","args":[{"element-6066-11e4-a52e-4f735466cecf":"f.499FA332C3249B1FB6786AFDCB682F30.d.5E95D5839D55B53BBEA8AC9AFE2488E0.e.9981","ELEMENT":"f.499FA332C3249B1FB6786AFDCB682F30.d.5E95D5839D55B53BBEA8AC9AFE2488E0.e.9981"}]}
RESULT: {"script":"<script> [8489 bytes]","args":[{"element-6066-11e4-a52e-4f735466cecf":"f.499FA332C3249B1FB6786AFDCB682F30.d.5E95D5839D55B53BBEA8AC9AFE2488E0.e.9981","ELEMENT":"f.499FA332C3249B1FB6786AFDCB682F30.d.5E95D5839D55B53BBEA8AC9AFE2488E0.e.9981"}]}
COMMAND: GET /session/80b25485da4cce0461fa749928cde446/element/f.499FA332C3249B1FB6786AFDCB682F30.d.5E95D5839D55B53BBEA8AC9AFE2488E0.e.9981/enabled - {}
COMMAND: GET /session/80b25485da4cce0461fa749928cde446/screenshot - {}
RESULT: {}
COMMAND: POST /session/80b25485da4cce0461fa749928cde446/execute/sync - {"script":"<script> [8489 bytes]","args":[{"element-6066-11e4-a52e-4f735466cecf":"f.499FA332C3249B1FB6786AFDCB682F30.d.5E95D5839D55B53BBEA8AC9AFE2488E0.e.9981","ELEMENT":"f.499FA332C3249B1FB6786AFDCB682F30.d.5E95D5839D55B53BBEA8AC9AFE2488E0.e.9981"}]}
COMMAND: GET /session/80b25485da4cce0461fa749928cde446/screenshot - {}
RESULT: {}
RESULT: {"script":"<script> [8489 bytes]","args":[{"element-6066-11e4-a52e-4f735466cecf":"f.499FA332C3249B1FB6786AFDCB682F30.d.5E95D5839D55B53BBEA8AC9AFE2488E0.e.9981","ELEMENT":"f.499FA332C3249B1FB6786AFDCB682F30.d.5E95D5839D55B53BBEA8AC9AFE2488E0.e.9981"}]}
COMMAND: POST /session/80b25485da4cce0461fa749928cde446/execute/sync - {"script":"<script> [5351 bytes]","args":[{"element-6066-11e4-a52e-4f735466cecf":"f.499FA332C3249B1FB6786AFDCB682F30.d.5E95D5839D55B53BBEA8AC9AFE2488E0.e.9981","ELEMENT":"f.499FA332C3249B1FB6786AFDCB682F30.d.5E95D5839D55B53BBEA8AC9AFE2488E0.e.9981"}]}
COMMAND: GET /session/80b25485da4cce0461fa749928cde446/screenshot - {}
RESULT: {}
RESULT: {"script":"<script> [5351 bytes]","args":[{"element-6066-11e4-a52e-4f735466cecf":"f.499FA332C3249B1FB6786AFDCB682F30.d.5E95D5839D55B53BBEA8AC9AFE2488E0.e.9981","ELEMENT":"f.499FA332C3249B1FB6786AFDCB682F30.d.5E95D5839D55B53BBEA8AC9AFE2488E0.e.9981"}]}
COMMAND: POST /session/80b25485da4cce0461fa749928cde446/element/f.499FA332C3249B1FB6786AFDCB682F30.d.5E95D5839D55B53BBEA8AC9AFE2488E0.e.9981/click - {}
COMMAND: GET /session/80b25485da4cce0461fa749928cde446/screenshot - {}
RESULT: {}
RESULT: {}
COMMAND: GET /session/80b25485da4cce0461fa749928cde446/screenshot - {}
RESULT: {}
COMMAND: POST /session/80b25485da4cce0461fa749928cde446/element - {"using":"xpath","value":"//span[contains(@id ,\"AddNewHO--typeSelect-arrow\")]"}
RESULT: {}
RESULT: {"using":"xpath","value":"//span[contains(@id ,\"AddNewHO--typeSelect-arrow\")]"}
COMMAND: POST /session/80b25485da4cce0461fa749928cde446/element/f.499FA332C3249B1FB6786AFDCB682F30.d.5E95D5839D55B53BBEA8AC9AFE2488E0.e.10337/click - {}
RESULT: {}
COMMAND: GET /session/80b25485da4cce0461fa749928cde446/screenshot - {}
RESULT: {}
COMMAND: POST /session/80b25485da4cce0461fa749928cde446/element - {"using":"xpath","value":"(//li[contains(text(), \"stock increase yard\")])[1]"}
RESULT: {"using":"xpath","value":"(//li[contains(text(), \"stock increase yard\")])[1]"}
COMMAND: POST /session/80b25485da4cce0461fa749928cde446/element/f.499FA332C3249B1FB6786AFDCB682F30.d.5E95D5839D55B53BBEA8AC9AFE2488E0.e.10338/click - {}
RESULT: {}
COMMAND: GET /session/80b25485da4cce0461fa749928cde446/screenshot - {}
RESULT: {}
COMMAND: POST /session/80b25485da4cce0461fa749928cde446/execute/async - {"script":"<script> [1562 bytes]","args":[{"selector":{"id":"application-managehandovers-display-component---AddNewHO--dueDate","interaction":{"idSuffix":"inner"}},"wdio_ui5_key":"applicationmanagehandovers-display-component---AddNewHO--dueDate"}]}
RESULT: {"script":"<script> [1562 bytes]","args":[{"selector":{"id":"application-managehandovers-display-component---AddNewHO--dueDate","interaction":{"idSuffix":"inner"}},"wdio_ui5_key":"applicationmanagehandovers-display-component---AddNewHO--dueDate"}]}
RESULT: undefined
COMMAND: POST /session/80b25485da4cce0461fa749928cde446/execute/async - {"script":"<script> [6424 bytes]","args":[{"element-6066-11e4-a52e-4f735466cecf":"f.499FA332C3249B1FB6786AFDCB682F30.d.5E95D5839D55B53BBEA8AC9AFE2488E0.e.10340"},"setValue",["6/1/25"]]}
RESULT: {"script":"<script> [6424 bytes]","args":[{"element-6066-11e4-a52e-4f735466cecf":"f.499FA332C3249B1FB6786AFDCB682F30.d.5E95D5839D55B53BBEA8AC9AFE2488E0.e.10340"},"setValue",["6/1/25"]]}
COMMAND: POST /session/80b25485da4cce0461fa749928cde446/element - {"using":"xpath","value":"//input[@id=\"generalSectionFrg--receiveYard-inner\"]"}
RESULT: {"using":"xpath","value":"//input[@id=\"generalSectionFrg--receiveYard-inner\"]"}
COMMAND: POST /session/80b25485da4cce0461fa749928cde446/element/f.499FA332C3249B1FB6786AFDCB682F30.d.5E95D5839D55B53BBEA8AC9AFE2488E0.e.10346/clear - {}
RESULT: {}
COMMAND: POST /session/80b25485da4cce0461fa749928cde446/element/f.499FA332C3249B1FB6786AFDCB682F30.d.5E95D5839D55B53BBEA8AC9AFE2488E0.e.10346/value - {"text":"552"}
COMMAND: GET /session/80b25485da4cce0461fa749928cde446/screenshot - {}
RESULT: {"text":"552"}
COMMAND: GET /session/80b25485da4cce0461fa749928cde446/screenshot - {}
RESULT: {}
RESULT: {}
COMMAND: POST /session/80b25485da4cce0461fa749928cde446/element - {"using":"xpath","value":"//li[.//span[contains(text(),'552 -')]]"}
RESULT: {"using":"xpath","value":"//li[.//span[contains(text(),'552 -')]]"}
COMMAND: POST /session/80b25485da4cce0461fa749928cde446/elements - {"using":"xpath","value":"//li[.//span[contains(text(),'552 -')]]"}
RESULT: {"using":"xpath","value":"//li[.//span[contains(text(),'552 -')]]"}
COMMAND: POST /session/80b25485da4cce0461fa749928cde446/elements - {"using":"xpath","value":"//li[.//span[contains(text(),'552 -')]]"}
RESULT: {"using":"xpath","value":"//li[.//span[contains(text(),'552 -')]]"}
COMMAND: POST /session/80b25485da4cce0461fa749928cde446/elements - {"using":"xpath","value":"//li[.//span[contains(text(),'552 -')]]"}
RESULT: {"using":"xpath","value":"//li[.//span[contains(text(),'552 -')]]"}
COMMAND: POST /session/80b25485da4cce0461fa749928cde446/elements - {"using":"xpath","value":"//li[.//span[contains(text(),'552 -')]]"}
RESULT: {"using":"xpath","value":"//li[.//span[contains(text(),'552 -')]]"}
COMMAND: POST /session/80b25485da4cce0461fa749928cde446/elements - {"using":"xpath","value":"//li[.//span[contains(text(),'552 -')]]"}
RESULT: {"using":"xpath","value":"//li[.//span[contains(text(),'552 -')]]"}
COMMAND: POST /session/80b25485da4cce0461fa749928cde446/elements - {"using":"xpath","value":"//li[.//span[contains(text(),'552 -')]]"}
RESULT: {"using":"xpath","value":"//li[.//span[contains(text(),'552 -')]]"}
COMMAND: POST /session/80b25485da4cce0461fa749928cde446/elements - {"using":"xpath","value":"//li[.//span[contains(text(),'552 -')]]"}
RESULT: {"using":"xpath","value":"//li[.//span[contains(text(),'552 -')]]"}
COMMAND: POST /session/80b25485da4cce0461fa749928cde446/elements - {"using":"xpath","value":"//li[.//span[contains(text(),'552 -')]]"}
RESULT: {"using":"xpath","value":"//li[.//span[contains(text(),'552 -')]]"}
COMMAND: POST /session/80b25485da4cce0461fa749928cde446/elements - {"using":"xpath","value":"//li[.//span[contains(text(),'552 -')]]"}
RESULT: {"using":"xpath","value":"//li[.//span[contains(text(),'552 -')]]"}
COMMAND: POST /session/80b25485da4cce0461fa749928cde446/elements - {"using":"xpath","value":"//li[.//span[contains(text(),'552 -')]]"}
RESULT: {"using":"xpath","value":"//li[.//span[contains(text(),'552 -')]]"}
COMMAND: POST /session/80b25485da4cce0461fa749928cde446/elements - {"using":"xpath","value":"//li[.//span[contains(text(),'552 -')]]"}
RESULT: {"using":"xpath","value":"//li[.//span[contains(text(),'552 -')]]"}
COMMAND: POST /session/80b25485da4cce0461fa749928cde446/elements - {"using":"xpath","value":"//li[.//span[contains(text(),'552 -')]]"}
RESULT: {"using":"xpath","value":"//li[.//span[contains(text(),'552 -')]]"}
COMMAND: POST /session/80b25485da4cce0461fa749928cde446/elements - {"using":"xpath","value":"//li[.//span[contains(text(),'552 -')]]"}
RESULT: {"using":"xpath","value":"//li[.//span[contains(text(),'552 -')]]"}
COMMAND: POST /session/80b25485da4cce0461fa749928cde446/elements - {"using":"xpath","value":"//li[.//span[contains(text(),'552 -')]]"}
RESULT: {"using":"xpath","value":"//li[.//span[contains(text(),'552 -')]]"}
COMMAND: POST /session/80b25485da4cce0461fa749928cde446/elements - {"using":"xpath","value":"//li[.//span[contains(text(),'552 -')]]"}
RESULT: {"using":"xpath","value":"//li[.//span[contains(text(),'552 -')]]"}
COMMAND: POST /session/80b25485da4cce0461fa749928cde446/elements - {"using":"xpath","value":"//li[.//span[contains(text(),'552 -')]]"}
RESULT: {"using":"xpath","value":"//li[.//span[contains(text(),'552 -')]]"}
COMMAND: POST /session/80b25485da4cce0461fa749928cde446/elements - {"using":"xpath","value":"//li[.//span[contains(text(),'552 -')]]"}
RESULT: {"using":"xpath","value":"//li[.//span[contains(text(),'552 -')]]"}
COMMAND: POST /session/80b25485da4cce0461fa749928cde446/elements - {"using":"xpath","value":"//li[.//span[contains(text(),'552 -')]]"}
RESULT: {"using":"xpath","value":"//li[.//span[contains(text(),'552 -')]]"}
COMMAND: POST /session/80b25485da4cce0461fa749928cde446/elements - {"using":"xpath","value":"//li[.//span[contains(text(),'552 -')]]"}
RESULT: {"using":"xpath","value":"//li[.//span[contains(text(),'552 -')]]"}
COMMAND: POST /session/80b25485da4cce0461fa749928cde446/elements - {"using":"xpath","value":"//li[.//span[contains(text(),'552 -')]]"}
RESULT: {"using":"xpath","value":"//li[.//span[contains(text(),'552 -')]]"}
COMMAND: POST /session/80b25485da4cce0461fa749928cde446/elements - {"using":"xpath","value":"//li[.//span[contains(text(),'552 -')]]"}
RESULT: {"using":"xpath","value":"//li[.//span[contains(text(),'552 -')]]"}
COMMAND: POST /session/80b25485da4cce0461fa749928cde446/elements - {"using":"xpath","value":"//li[.//span[contains(text(),'552 -')]]"}
RESULT: {"using":"xpath","value":"//li[.//span[contains(text(),'552 -')]]"}
COMMAND: POST /session/80b25485da4cce0461fa749928cde446/elements - {"using":"xpath","value":"//li[.//span[contains(text(),'552 -')]]"}
RESULT: {"using":"xpath","value":"//li[.//span[contains(text(),'552 -')]]"}
COMMAND: POST /session/80b25485da4cce0461fa749928cde446/elements - {"using":"xpath","value":"//li[.//span[contains(text(),'552 -')]]"}
RESULT: {"using":"xpath","value":"//li[.//span[contains(text(),'552 -')]]"}
COMMAND: POST /session/80b25485da4cce0461fa749928cde446/elements - {"using":"xpath","value":"//li[.//span[contains(text(),'552 -')]]"}
RESULT: {"using":"xpath","value":"//li[.//span[contains(text(),'552 -')]]"}
COMMAND: POST /session/80b25485da4cce0461fa749928cde446/elements - {"using":"xpath","value":"//li[.//span[contains(text(),'552 -')]]"}
RESULT: {"using":"xpath","value":"//li[.//span[contains(text(),'552 -')]]"}
COMMAND: POST /session/80b25485da4cce0461fa749928cde446/elements - {"using":"xpath","value":"//li[.//span[contains(text(),'552 -')]]"}
RESULT: {"using":"xpath","value":"//li[.//span[contains(text(),'552 -')]]"}
COMMAND: POST /session/80b25485da4cce0461fa749928cde446/elements - {"using":"xpath","value":"//li[.//span[contains(text(),'552 -')]]"}
RESULT: {"using":"xpath","value":"//li[.//span[contains(text(),'552 -')]]"}
COMMAND: POST /session/80b25485da4cce0461fa749928cde446/elements - {"using":"xpath","value":"//li[.//span[contains(text(),'552 -')]]"}
RESULT: {"using":"xpath","value":"//li[.//span[contains(text(),'552 -')]]"}
COMMAND: POST /session/80b25485da4cce0461fa749928cde446/elements - {"using":"xpath","value":"//li[.//span[contains(text(),'552 -')]]"}
RESULT: {"using":"xpath","value":"//li[.//span[contains(text(),'552 -')]]"}
COMMAND: POST /session/80b25485da4cce0461fa749928cde446/elements - {"using":"xpath","value":"//li[.//span[contains(text(),'552 -')]]"}
RESULT: {"using":"xpath","value":"//li[.//span[contains(text(),'552 -')]]"}
COMMAND: POST /session/80b25485da4cce0461fa749928cde446/elements - {"using":"xpath","value":"//li[.//span[contains(text(),'552 -')]]"}
RESULT: {"using":"xpath","value":"//li[.//span[contains(text(),'552 -')]]"}
COMMAND: POST /session/80b25485da4cce0461fa749928cde446/elements - {"using":"xpath","value":"//li[.//span[contains(text(),'552 -')]]"}
RESULT: {"using":"xpath","value":"//li[.//span[contains(text(),'552 -')]]"}
COMMAND: POST /session/80b25485da4cce0461fa749928cde446/elements - {"using":"xpath","value":"//li[.//span[contains(text(),'552 -')]]"}
RESULT: {"using":"xpath","value":"//li[.//span[contains(text(),'552 -')]]"}
COMMAND: POST /session/80b25485da4cce0461fa749928cde446/elements - {"using":"xpath","value":"//li[.//span[contains(text(),'552 -')]]"}
RESULT: {"using":"xpath","value":"//li[.//span[contains(text(),'552 -')]]"}
COMMAND: POST /session/80b25485da4cce0461fa749928cde446/elements - {"using":"xpath","value":"//li[.//span[contains(text(),'552 -')]]"}
RESULT: {"using":"xpath","value":"//li[.//span[contains(text(),'552 -')]]"}
COMMAND: POST /session/80b25485da4cce0461fa749928cde446/elements - {"using":"xpath","value":"//li[.//span[contains(text(),'552 -')]]"}
RESULT: {"using":"xpath","value":"//li[.//span[contains(text(),'552 -')]]"}
COMMAND: POST /session/80b25485da4cce0461fa749928cde446/elements - {"using":"xpath","value":"//li[.//span[contains(text(),'552 -')]]"}
RESULT: {"using":"xpath","value":"//li[.//span[contains(text(),'552 -')]]"}
COMMAND: POST /session/80b25485da4cce0461fa749928cde446/elements - {"using":"xpath","value":"//li[.//span[contains(text(),'552 -')]]"}
RESULT: {"using":"xpath","value":"//li[.//span[contains(text(),'552 -')]]"}
COMMAND: POST /session/80b25485da4cce0461fa749928cde446/elements - {"using":"xpath","value":"//li[.//span[contains(text(),'552 -')]]"}
RESULT: {"using":"xpath","value":"//li[.//span[contains(text(),'552 -')]]"}
COMMAND: POST /session/80b25485da4cce0461fa749928cde446/elements - {"using":"xpath","value":"//li[.//span[contains(text(),'552 -')]]"}
RESULT: {"using":"xpath","value":"//li[.//span[contains(text(),'552 -')]]"}
COMMAND: POST /session/80b25485da4cce0461fa749928cde446/elements - {"using":"xpath","value":"//li[.//span[contains(text(),'552 -')]]"}
RESULT: {"using":"xpath","value":"//li[.//span[contains(text(),'552 -')]]"}
COMMAND: POST /session/80b25485da4cce0461fa749928cde446/elements - {"using":"xpath","value":"//li[.//span[contains(text(),'552 -')]]"}
RESULT: {"using":"xpath","value":"//li[.//span[contains(text(),'552 -')]]"}
COMMAND: POST /session/80b25485da4cce0461fa749928cde446/elements - {"using":"xpath","value":"//li[.//span[contains(text(),'552 -')]]"}
RESULT: {"using":"xpath","value":"//li[.//span[contains(text(),'552 -')]]"}
COMMAND: POST /session/80b25485da4cce0461fa749928cde446/elements - {"using":"xpath","value":"//li[.//span[contains(text(),'552 -')]]"}
RESULT: {"using":"xpath","value":"//li[.//span[contains(text(),'552 -')]]"}
COMMAND: POST /session/80b25485da4cce0461fa749928cde446/elements - {"using":"xpath","value":"//li[.//span[contains(text(),'552 -')]]"}
RESULT: {"using":"xpath","value":"//li[.//span[contains(text(),'552 -')]]"}
COMMAND: POST /session/80b25485da4cce0461fa749928cde446/elements - {"using":"xpath","value":"//li[.//span[contains(text(),'552 -')]]"}
RESULT: {"using":"xpath","value":"//li[.//span[contains(text(),'552 -')]]"}
COMMAND: POST /session/80b25485da4cce0461fa749928cde446/elements - {"using":"xpath","value":"//li[.//span[contains(text(),'552 -')]]"}
RESULT: {"using":"xpath","value":"//li[.//span[contains(text(),'552 -')]]"}
COMMAND: POST /session/80b25485da4cce0461fa749928cde446/elements - {"using":"xpath","value":"//li[.//span[contains(text(),'552 -')]]"}
RESULT: {"using":"xpath","value":"//li[.//span[contains(text(),'552 -')]]"}
COMMAND: POST /session/80b25485da4cce0461fa749928cde446/elements - {"using":"xpath","value":"//li[.//span[contains(text(),'552 -')]]"}
RESULT: {"using":"xpath","value":"//li[.//span[contains(text(),'552 -')]]"}
COMMAND: POST /session/80b25485da4cce0461fa749928cde446/elements - {"using":"xpath","value":"//li[.//span[contains(text(),'552 -')]]"}
RESULT: {"using":"xpath","value":"//li[.//span[contains(text(),'552 -')]]"}
COMMAND: POST /session/80b25485da4cce0461fa749928cde446/elements - {"using":"xpath","value":"//li[.//span[contains(text(),'552 -')]]"}
RESULT: {"using":"xpath","value":"//li[.//span[contains(text(),'552 -')]]"}
COMMAND: POST /session/80b25485da4cce0461fa749928cde446/elements - {"using":"xpath","value":"//li[.//span[contains(text(),'552 -')]]"}
RESULT: {"using":"xpath","value":"//li[.//span[contains(text(),'552 -')]]"}
COMMAND: POST /session/80b25485da4cce0461fa749928cde446/elements - {"using":"xpath","value":"//li[.//span[contains(text(),'552 -')]]"}
RESULT: {"using":"xpath","value":"//li[.//span[contains(text(),'552 -')]]"}
COMMAND: POST /session/80b25485da4cce0461fa749928cde446/elements - {"using":"xpath","value":"//li[.//span[contains(text(),'552 -')]]"}
RESULT: {"using":"xpath","value":"//li[.//span[contains(text(),'552 -')]]"}
COMMAND: POST /session/80b25485da4cce0461fa749928cde446/elements - {"using":"xpath","value":"//li[.//span[contains(text(),'552 -')]]"}
RESULT: {"using":"xpath","value":"//li[.//span[contains(text(),'552 -')]]"}
COMMAND: POST /session/80b25485da4cce0461fa749928cde446/elements - {"using":"xpath","value":"//li[.//span[contains(text(),'552 -')]]"}
RESULT: {"using":"xpath","value":"//li[.//span[contains(text(),'552 -')]]"}
COMMAND: POST /session/80b25485da4cce0461fa749928cde446/elements - {"using":"xpath","value":"//li[.//span[contains(text(),'552 -')]]"}
RESULT: {"using":"xpath","value":"//li[.//span[contains(text(),'552 -')]]"}
COMMAND: POST /session/80b25485da4cce0461fa749928cde446/elements - {"using":"xpath","value":"//li[.//span[contains(text(),'552 -')]]"}
RESULT: {"using":"xpath","value":"//li[.//span[contains(text(),'552 -')]]"}
COMMAND: POST /session/80b25485da4cce0461fa749928cde446/elements - {"using":"xpath","value":"//li[.//span[contains(text(),'552 -')]]"}
RESULT: {"using":"xpath","value":"//li[.//span[contains(text(),'552 -')]]"}
COMMAND: POST /session/80b25485da4cce0461fa749928cde446/elements - {"using":"xpath","value":"//li[.//span[contains(text(),'552 -')]]"}
RESULT: {"using":"xpath","value":"//li[.//span[contains(text(),'552 -')]]"}
COMMAND: POST /session/80b25485da4cce0461fa749928cde446/elements - {"using":"xpath","value":"//li[.//span[contains(text(),'552 -')]]"}
RESULT: {"using":"xpath","value":"//li[.//span[contains(text(),'552 -')]]"}
COMMAND: POST /session/80b25485da4cce0461fa749928cde446/elements - {"using":"xpath","value":"//li[.//span[contains(text(),'552 -')]]"}
RESULT: {"using":"xpath","value":"//li[.//span[contains(text(),'552 -')]]"}
COMMAND: POST /session/80b25485da4cce0461fa749928cde446/elements - {"using":"xpath","value":"//li[.//span[contains(text(),'552 -')]]"}
RESULT: {"using":"xpath","value":"//li[.//span[contains(text(),'552 -')]]"}
COMMAND: POST /session/80b25485da4cce0461fa749928cde446/elements - {"using":"xpath","value":"//li[.//span[contains(text(),'552 -')]]"}
RESULT: {"using":"xpath","value":"//li[.//span[contains(text(),'552 -')]]"}
COMMAND: POST /session/80b25485da4cce0461fa749928cde446/elements - {"using":"xpath","value":"//li[.//span[contains(text(),'552 -')]]"}
RESULT: {"using":"xpath","value":"//li[.//span[contains(text(),'552 -')]]"}
COMMAND: POST /session/80b25485da4cce0461fa749928cde446/elements - {"using":"xpath","value":"//li[.//span[contains(text(),'552 -')]]"}
RESULT: {"using":"xpath","value":"//li[.//span[contains(text(),'552 -')]]"}
COMMAND: POST /session/80b25485da4cce0461fa749928cde446/elements - {"using":"xpath","value":"//li[.//span[contains(text(),'552 -')]]"}
RESULT: {"using":"xpath","value":"//li[.//span[contains(text(),'552 -')]]"}
COMMAND: POST /session/80b25485da4cce0461fa749928cde446/elements - {"using":"xpath","value":"//li[.//span[contains(text(),'552 -')]]"}
RESULT: {"using":"xpath","value":"//li[.//span[contains(text(),'552 -')]]"}
COMMAND: POST /session/80b25485da4cce0461fa749928cde446/elements - {"using":"xpath","value":"//li[.//span[contains(text(),'552 -')]]"}
RESULT: {"using":"xpath","value":"//li[.//span[contains(text(),'552 -')]]"}
COMMAND: POST /session/80b25485da4cce0461fa749928cde446/elements - {"using":"xpath","value":"//li[.//span[contains(text(),'552 -')]]"}
RESULT: {"using":"xpath","value":"//li[.//span[contains(text(),'552 -')]]"}
COMMAND: POST /session/80b25485da4cce0461fa749928cde446/elements - {"using":"xpath","value":"//li[.//span[contains(text(),'552 -')]]"}
RESULT: {"using":"xpath","value":"//li[.//span[contains(text(),'552 -')]]"}
COMMAND: POST /session/80b25485da4cce0461fa749928cde446/elements - {"using":"xpath","value":"//li[.//span[contains(text(),'552 -')]]"}
RESULT: {"using":"xpath","value":"//li[.//span[contains(text(),'552 -')]]"}
COMMAND: POST /session/80b25485da4cce0461fa749928cde446/elements - {"using":"xpath","value":"//li[.//span[contains(text(),'552 -')]]"}
RESULT: {"using":"xpath","value":"//li[.//span[contains(text(),'552 -')]]"}
COMMAND: POST /session/80b25485da4cce0461fa749928cde446/elements - {"using":"xpath","value":"//li[.//span[contains(text(),'552 -')]]"}
RESULT: {"using":"xpath","value":"//li[.//span[contains(text(),'552 -')]]"}
COMMAND: POST /session/80b25485da4cce0461fa749928cde446/elements - {"using":"xpath","value":"//li[.//span[contains(text(),'552 -')]]"}
RESULT: {"using":"xpath","value":"//li[.//span[contains(text(),'552 -')]]"}
COMMAND: POST /session/80b25485da4cce0461fa749928cde446/elements - {"using":"xpath","value":"//li[.//span[contains(text(),'552 -')]]"}
RESULT: {"using":"xpath","value":"//li[.//span[contains(text(),'552 -')]]"}
COMMAND: POST /session/80b25485da4cce0461fa749928cde446/elements - {"using":"xpath","value":"//li[.//span[contains(text(),'552 -')]]"}
RESULT: {"using":"xpath","value":"//li[.//span[contains(text(),'552 -')]]"}
COMMAND: POST /session/80b25485da4cce0461fa749928cde446/elements - {"using":"xpath","value":"//li[.//span[contains(text(),'552 -')]]"}
RESULT: {"using":"xpath","value":"//li[.//span[contains(text(),'552 -')]]"}
COMMAND: POST /session/80b25485da4cce0461fa749928cde446/elements - {"using":"xpath","value":"//li[.//span[contains(text(),'552 -')]]"}
RESULT: {"using":"xpath","value":"//li[.//span[contains(text(),'552 -')]]"}
COMMAND: POST /session/80b25485da4cce0461fa749928cde446/elements - {"using":"xpath","value":"//li[.//span[contains(text(),'552 -')]]"}
RESULT: {"using":"xpath","value":"//li[.//span[contains(text(),'552 -')]]"}
COMMAND: POST /session/80b25485da4cce0461fa749928cde446/elements - {"using":"xpath","value":"//li[.//span[contains(text(),'552 -')]]"}
RESULT: {"using":"xpath","value":"//li[.//span[contains(text(),'552 -')]]"}
COMMAND: POST /session/80b25485da4cce0461fa749928cde446/elements - {"using":"xpath","value":"//li[.//span[contains(text(),'552 -')]]"}
RESULT: {"using":"xpath","value":"//li[.//span[contains(text(),'552 -')]]"}
COMMAND: POST /session/80b25485da4cce0461fa749928cde446/elements - {"using":"xpath","value":"//li[.//span[contains(text(),'552 -')]]"}
RESULT: {"using":"xpath","value":"//li[.//span[contains(text(),'552 -')]]"}
COMMAND: POST /session/80b25485da4cce0461fa749928cde446/elements - {"using":"xpath","value":"//li[.//span[contains(text(),'552 -')]]"}
RESULT: {"using":"xpath","value":"//li[.//span[contains(text(),'552 -')]]"}
COMMAND: POST /session/80b25485da4cce0461fa749928cde446/elements - {"using":"xpath","value":"//li[.//span[contains(text(),'552 -')]]"}
RESULT: {"using":"xpath","value":"//li[.//span[contains(text(),'552 -')]]"}
COMMAND: POST /session/80b25485da4cce0461fa749928cde446/elements - {"using":"xpath","value":"//li[.//span[contains(text(),'552 -')]]"}
RESULT: {"using":"xpath","value":"//li[.//span[contains(text(),'552 -')]]"}
COMMAND: POST /session/80b25485da4cce0461fa749928cde446/elements - {"using":"xpath","value":"//li[.//span[contains(text(),'552 -')]]"}
RESULT: {"using":"xpath","value":"//li[.//span[contains(text(),'552 -')]]"}
COMMAND: POST /session/80b25485da4cce0461fa749928cde446/elements - {"using":"xpath","value":"//li[.//span[contains(text(),'552 -')]]"}
RESULT: {"using":"xpath","value":"//li[.//span[contains(text(),'552 -')]]"}
COMMAND: POST /session/80b25485da4cce0461fa749928cde446/elements - {"using":"xpath","value":"//li[.//span[contains(text(),'552 -')]]"}
RESULT: {"using":"xpath","value":"//li[.//span[contains(text(),'552 -')]]"}
COMMAND: POST /session/80b25485da4cce0461fa749928cde446/elements - {"using":"xpath","value":"//li[.//span[contains(text(),'552 -')]]"}
RESULT: {"using":"xpath","value":"//li[.//span[contains(text(),'552 -')]]"}
COMMAND: POST /session/80b25485da4cce0461fa749928cde446/elements - {"using":"xpath","value":"//li[.//span[contains(text(),'552 -')]]"}
RESULT: {"using":"xpath","value":"//li[.//span[contains(text(),'552 -')]]"}
COMMAND: POST /session/80b25485da4cce0461fa749928cde446/elements - {"using":"xpath","value":"//li[.//span[contains(text(),'552 -')]]"}
RESULT: {"using":"xpath","value":"//li[.//span[contains(text(),'552 -')]]"}
COMMAND: POST /session/80b25485da4cce0461fa749928cde446/elements - {"using":"xpath","value":"//li[.//span[contains(text(),'552 -')]]"}
RESULT: {"using":"xpath","value":"//li[.//span[contains(text(),'552 -')]]"}
COMMAND: POST /session/80b25485da4cce0461fa749928cde446/elements - {"using":"xpath","value":"//li[.//span[contains(text(),'552 -')]]"}
RESULT: {"using":"xpath","value":"//li[.//span[contains(text(),'552 -')]]"}
COMMAND: POST /session/80b25485da4cce0461fa749928cde446/elements - {"using":"xpath","value":"//li[.//span[contains(text(),'552 -')]]"}
RESULT: {"using":"xpath","value":"//li[.//span[contains(text(),'552 -')]]"}
COMMAND: POST /session/80b25485da4cce0461fa749928cde446/elements - {"using":"xpath","value":"//li[.//span[contains(text(),'552 -')]]"}
RESULT: {"using":"xpath","value":"//li[.//span[contains(text(),'552 -')]]"}
COMMAND: POST /session/80b25485da4cce0461fa749928cde446/elements - {"using":"xpath","value":"//li[.//span[contains(text(),'552 -')]]"}
RESULT: {"using":"xpath","value":"//li[.//span[contains(text(),'552 -')]]"}
COMMAND: POST /session/80b25485da4cce0461fa749928cde446/elements - {"using":"xpath","value":"//li[.//span[contains(text(),'552 -')]]"}
RESULT: {"using":"xpath","value":"//li[.//span[contains(text(),'552 -')]]"}
COMMAND: POST /session/80b25485da4cce0461fa749928cde446/elements - {"using":"xpath","value":"//li[.//span[contains(text(),'552 -')]]"}
RESULT: {"using":"xpath","value":"//li[.//span[contains(text(),'552 -')]]"}
COMMAND: POST /session/80b25485da4cce0461fa749928cde446/elements - {"using":"xpath","value":"//li[.//span[contains(text(),'552 -')]]"}
RESULT: {"using":"xpath","value":"//li[.//span[contains(text(),'552 -')]]"}
COMMAND: POST /session/80b25485da4cce0461fa749928cde446/elements - {"using":"xpath","value":"//li[.//span[contains(text(),'552 -')]]"}
RESULT: {"using":"xpath","value":"//li[.//span[contains(text(),'552 -')]]"}
COMMAND: POST /session/80b25485da4cce0461fa749928cde446/elements - {"using":"xpath","value":"//li[.//span[contains(text(),'552 -')]]"}
RESULT: {"using":"xpath","value":"//li[.//span[contains(text(),'552 -')]]"}
COMMAND: POST /session/80b25485da4cce0461fa749928cde446/elements - {"using":"xpath","value":"//li[.//span[contains(text(),'552 -')]]"}
RESULT: {"using":"xpath","value":"//li[.//span[contains(text(),'552 -')]]"}
COMMAND: POST /session/80b25485da4cce0461fa749928cde446/elements - {"using":"xpath","value":"//li[.//span[contains(text(),'552 -')]]"}
RESULT: {"using":"xpath","value":"//li[.//span[contains(text(),'552 -')]]"}
COMMAND: POST /session/80b25485da4cce0461fa749928cde446/elements - {"using":"xpath","value":"//li[.//span[contains(text(),'552 -')]]"}
RESULT: {"using":"xpath","value":"//li[.//span[contains(text(),'552 -')]]"}
COMMAND: POST /session/80b25485da4cce0461fa749928cde446/elements - {"using":"xpath","value":"//li[.//span[contains(text(),'552 -')]]"}
RESULT: {"using":"xpath","value":"//li[.//span[contains(text(),'552 -')]]"}
COMMAND: POST /session/80b25485da4cce0461fa749928cde446/elements - {"using":"xpath","value":"//li[.//span[contains(text(),'552 -')]]"}
RESULT: {"using":"xpath","value":"//li[.//span[contains(text(),'552 -')]]"}
COMMAND: POST /session/80b25485da4cce0461fa749928cde446/elements - {"using":"xpath","value":"//li[.//span[contains(text(),'552 -')]]"}
RESULT: {"using":"xpath","value":"//li[.//span[contains(text(),'552 -')]]"}
COMMAND: POST /session/80b25485da4cce0461fa749928cde446/elements - {"using":"xpath","value":"//li[.//span[contains(text(),'552 -')]]"}
RESULT: {"using":"xpath","value":"//li[.//span[contains(text(),'552 -')]]"}
COMMAND: POST /session/80b25485da4cce0461fa749928cde446/elements - {"using":"xpath","value":"//li[.//span[contains(text(),'552 -')]]"}
RESULT: {"using":"xpath","value":"//li[.//span[contains(text(),'552 -')]]"}
COMMAND: POST /session/80b25485da4cce0461fa749928cde446/elements - {"using":"xpath","value":"//li[.//span[contains(text(),'552 -')]]"}
RESULT: {"using":"xpath","value":"//li[.//span[contains(text(),'552 -')]]"}
COMMAND: POST /session/80b25485da4cce0461fa749928cde446/elements - {"using":"xpath","value":"//li[.//span[contains(text(),'552 -')]]"}
RESULT: {"using":"xpath","value":"//li[.//span[contains(text(),'552 -')]]"}
COMMAND: POST /session/80b25485da4cce0461fa749928cde446/elements - {"using":"xpath","value":"//li[.//span[contains(text(),'552 -')]]"}
RESULT: {"using":"xpath","value":"//li[.//span[contains(text(),'552 -')]]"}
COMMAND: POST /session/80b25485da4cce0461fa749928cde446/elements - {"using":"xpath","value":"//li[.//span[contains(text(),'552 -')]]"}
RESULT: {"using":"xpath","value":"//li[.//span[contains(text(),'552 -')]]"}
COMMAND: POST /session/80b25485da4cce0461fa749928cde446/elements - {"using":"xpath","value":"//li[.//span[contains(text(),'552 -')]]"}
RESULT: {"using":"xpath","value":"//li[.//span[contains(text(),'552 -')]]"}
COMMAND: POST /session/80b25485da4cce0461fa749928cde446/elements - {"using":"xpath","value":"//li[.//span[contains(text(),'552 -')]]"}
RESULT: {"using":"xpath","value":"//li[.//span[contains(text(),'552 -')]]"}
COMMAND: POST /session/80b25485da4cce0461fa749928cde446/elements - {"using":"xpath","value":"//li[.//span[contains(text(),'552 -')]]"}
RESULT: {"using":"xpath","value":"//li[.//span[contains(text(),'552 -')]]"}
COMMAND: POST /session/80b25485da4cce0461fa749928cde446/elements - {"using":"xpath","value":"//li[.//span[contains(text(),'552 -')]]"}
RESULT: {"using":"xpath","value":"//li[.//span[contains(text(),'552 -')]]"}
COMMAND: POST /session/80b25485da4cce0461fa749928cde446/elements - {"using":"xpath","value":"//li[.//span[contains(text(),'552 -')]]"}
RESULT: {"using":"xpath","value":"//li[.//span[contains(text(),'552 -')]]"}
COMMAND: POST /session/80b25485da4cce0461fa749928cde446/elements - {"using":"xpath","value":"//li[.//span[contains(text(),'552 -')]]"}
COMMAND: GET /session/80b25485da4cce0461fa749928cde446/screenshot - {}
RESULT: {"using":"xpath","value":"//li[.//span[contains(text(),'552 -')]]"}
RESULT: {}
]]></system-out>
      <system-err><![CDATA[
Error: Can't call click on element with selector "//li[.//span[contains(text(),'552 -')]]" because element wasn't found
    at async UtilsPrerequisites.stockIncrease (D:\a\1\s\test\specs\BTS\prerequisites-and-utils-functions.js:1638:9)
    at async Context.<anonymous> (D:\a\1\s\test\specs\HTR\provide-to-site-wo-warehouse-w-clarification.spec.js:55:9)
]]></system-err>
    </testcase>
    <testcase classname="chrome.136_0_7103_93.windows.Provide_to_Site_w/o_warehouse_management_w_clarification" name="Should create a new contract" time="60.065">
      <failure/>
      <error message="element (&quot;//button[@data-kt=&quot;addButton&quot;]&quot;) still not existing after 45000ms"/>
      <system-out><![CDATA[
COMMAND: POST /session/80b25485da4cce0461fa749928cde446/execute/async - {"script":"<script> [1562 bytes]","args":[{"selector":{"controlType":"sap.m.GenericTile","properties":{"header":"Manage Contracts"}},"wdio_ui5_key":"sapm.GenericTile{\"header\":\"Manage Contracts\"}"}]}
COMMAND: GET /session/80b25485da4cce0461fa749928cde446/screenshot - {}
RESULT: {"script":"<script> [1562 bytes]","args":[{"selector":{"controlType":"sap.m.GenericTile","properties":{"header":"Manage Contracts"}},"wdio_ui5_key":"sapm.GenericTile{\"header\":\"Manage Contracts\"}"}]}
RESULT: undefined
RESULT: {}
COMMAND: POST /session/80b25485da4cce0461fa749928cde446/elements - {"using":"xpath","value":"//span[text()='Error']"}
RESULT: {"using":"xpath","value":"//span[text()='Error']"}
COMMAND: POST /session/80b25485da4cce0461fa749928cde446/element - {"using":"xpath","value":"//button[@data-kt=\"addButton\"]"}
RESULT: {"using":"xpath","value":"//button[@data-kt=\"addButton\"]"}
COMMAND: POST /session/80b25485da4cce0461fa749928cde446/elements - {"using":"xpath","value":"//button[@data-kt=\"addButton\"]"}
RESULT: {"using":"xpath","value":"//button[@data-kt=\"addButton\"]"}
COMMAND: POST /session/80b25485da4cce0461fa749928cde446/elements - {"using":"xpath","value":"//button[@data-kt=\"addButton\"]"}
RESULT: {"using":"xpath","value":"//button[@data-kt=\"addButton\"]"}
COMMAND: POST /session/80b25485da4cce0461fa749928cde446/elements - {"using":"xpath","value":"//button[@data-kt=\"addButton\"]"}
RESULT: {"using":"xpath","value":"//button[@data-kt=\"addButton\"]"}
COMMAND: POST /session/80b25485da4cce0461fa749928cde446/elements - {"using":"xpath","value":"//button[@data-kt=\"addButton\"]"}
RESULT: {"using":"xpath","value":"//button[@data-kt=\"addButton\"]"}
COMMAND: POST /session/80b25485da4cce0461fa749928cde446/elements - {"using":"xpath","value":"//button[@data-kt=\"addButton\"]"}
RESULT: {"using":"xpath","value":"//button[@data-kt=\"addButton\"]"}
COMMAND: POST /session/80b25485da4cce0461fa749928cde446/elements - {"using":"xpath","value":"//button[@data-kt=\"addButton\"]"}
RESULT: {"using":"xpath","value":"//button[@data-kt=\"addButton\"]"}
COMMAND: POST /session/80b25485da4cce0461fa749928cde446/elements - {"using":"xpath","value":"//button[@data-kt=\"addButton\"]"}
RESULT: {"using":"xpath","value":"//button[@data-kt=\"addButton\"]"}
COMMAND: POST /session/80b25485da4cce0461fa749928cde446/elements - {"using":"xpath","value":"//button[@data-kt=\"addButton\"]"}
RESULT: {"using":"xpath","value":"//button[@data-kt=\"addButton\"]"}
COMMAND: POST /session/80b25485da4cce0461fa749928cde446/elements - {"using":"xpath","value":"//button[@data-kt=\"addButton\"]"}
RESULT: {"using":"xpath","value":"//button[@data-kt=\"addButton\"]"}
COMMAND: POST /session/80b25485da4cce0461fa749928cde446/elements - {"using":"xpath","value":"//button[@data-kt=\"addButton\"]"}
RESULT: {"using":"xpath","value":"//button[@data-kt=\"addButton\"]"}
COMMAND: POST /session/80b25485da4cce0461fa749928cde446/elements - {"using":"xpath","value":"//button[@data-kt=\"addButton\"]"}
RESULT: {"using":"xpath","value":"//button[@data-kt=\"addButton\"]"}
COMMAND: POST /session/80b25485da4cce0461fa749928cde446/elements - {"using":"xpath","value":"//button[@data-kt=\"addButton\"]"}
RESULT: {"using":"xpath","value":"//button[@data-kt=\"addButton\"]"}
COMMAND: POST /session/80b25485da4cce0461fa749928cde446/elements - {"using":"xpath","value":"//button[@data-kt=\"addButton\"]"}
RESULT: {"using":"xpath","value":"//button[@data-kt=\"addButton\"]"}
COMMAND: POST /session/80b25485da4cce0461fa749928cde446/elements - {"using":"xpath","value":"//button[@data-kt=\"addButton\"]"}
RESULT: {"using":"xpath","value":"//button[@data-kt=\"addButton\"]"}
COMMAND: POST /session/80b25485da4cce0461fa749928cde446/elements - {"using":"xpath","value":"//button[@data-kt=\"addButton\"]"}
RESULT: {"using":"xpath","value":"//button[@data-kt=\"addButton\"]"}
COMMAND: POST /session/80b25485da4cce0461fa749928cde446/elements - {"using":"xpath","value":"//button[@data-kt=\"addButton\"]"}
RESULT: {"using":"xpath","value":"//button[@data-kt=\"addButton\"]"}
COMMAND: POST /session/80b25485da4cce0461fa749928cde446/elements - {"using":"xpath","value":"//button[@data-kt=\"addButton\"]"}
RESULT: {"using":"xpath","value":"//button[@data-kt=\"addButton\"]"}
COMMAND: POST /session/80b25485da4cce0461fa749928cde446/elements - {"using":"xpath","value":"//button[@data-kt=\"addButton\"]"}
RESULT: {"using":"xpath","value":"//button[@data-kt=\"addButton\"]"}
COMMAND: POST /session/80b25485da4cce0461fa749928cde446/elements - {"using":"xpath","value":"//button[@data-kt=\"addButton\"]"}
RESULT: {"using":"xpath","value":"//button[@data-kt=\"addButton\"]"}
COMMAND: POST /session/80b25485da4cce0461fa749928cde446/elements - {"using":"xpath","value":"//button[@data-kt=\"addButton\"]"}
RESULT: {"using":"xpath","value":"//button[@data-kt=\"addButton\"]"}
COMMAND: POST /session/80b25485da4cce0461fa749928cde446/elements - {"using":"xpath","value":"//button[@data-kt=\"addButton\"]"}
RESULT: {"using":"xpath","value":"//button[@data-kt=\"addButton\"]"}
COMMAND: POST /session/80b25485da4cce0461fa749928cde446/elements - {"using":"xpath","value":"//button[@data-kt=\"addButton\"]"}
RESULT: {"using":"xpath","value":"//button[@data-kt=\"addButton\"]"}
COMMAND: POST /session/80b25485da4cce0461fa749928cde446/elements - {"using":"xpath","value":"//button[@data-kt=\"addButton\"]"}
RESULT: {"using":"xpath","value":"//button[@data-kt=\"addButton\"]"}
COMMAND: POST /session/80b25485da4cce0461fa749928cde446/elements - {"using":"xpath","value":"//button[@data-kt=\"addButton\"]"}
RESULT: {"using":"xpath","value":"//button[@data-kt=\"addButton\"]"}
COMMAND: POST /session/80b25485da4cce0461fa749928cde446/elements - {"using":"xpath","value":"//button[@data-kt=\"addButton\"]"}
RESULT: {"using":"xpath","value":"//button[@data-kt=\"addButton\"]"}
COMMAND: POST /session/80b25485da4cce0461fa749928cde446/elements - {"using":"xpath","value":"//button[@data-kt=\"addButton\"]"}
RESULT: {"using":"xpath","value":"//button[@data-kt=\"addButton\"]"}
COMMAND: POST /session/80b25485da4cce0461fa749928cde446/elements - {"using":"xpath","value":"//button[@data-kt=\"addButton\"]"}
RESULT: {"using":"xpath","value":"//button[@data-kt=\"addButton\"]"}
COMMAND: POST /session/80b25485da4cce0461fa749928cde446/elements - {"using":"xpath","value":"//button[@data-kt=\"addButton\"]"}
RESULT: {"using":"xpath","value":"//button[@data-kt=\"addButton\"]"}
COMMAND: POST /session/80b25485da4cce0461fa749928cde446/elements - {"using":"xpath","value":"//button[@data-kt=\"addButton\"]"}
RESULT: {"using":"xpath","value":"//button[@data-kt=\"addButton\"]"}
COMMAND: POST /session/80b25485da4cce0461fa749928cde446/elements - {"using":"xpath","value":"//button[@data-kt=\"addButton\"]"}
RESULT: {"using":"xpath","value":"//button[@data-kt=\"addButton\"]"}
COMMAND: POST /session/80b25485da4cce0461fa749928cde446/elements - {"using":"xpath","value":"//button[@data-kt=\"addButton\"]"}
RESULT: {"using":"xpath","value":"//button[@data-kt=\"addButton\"]"}
COMMAND: POST /session/80b25485da4cce0461fa749928cde446/elements - {"using":"xpath","value":"//button[@data-kt=\"addButton\"]"}
RESULT: {"using":"xpath","value":"//button[@data-kt=\"addButton\"]"}
COMMAND: POST /session/80b25485da4cce0461fa749928cde446/elements - {"using":"xpath","value":"//button[@data-kt=\"addButton\"]"}
RESULT: {"using":"xpath","value":"//button[@data-kt=\"addButton\"]"}
COMMAND: POST /session/80b25485da4cce0461fa749928cde446/elements - {"using":"xpath","value":"//button[@data-kt=\"addButton\"]"}
RESULT: {"using":"xpath","value":"//button[@data-kt=\"addButton\"]"}
COMMAND: POST /session/80b25485da4cce0461fa749928cde446/elements - {"using":"xpath","value":"//button[@data-kt=\"addButton\"]"}
RESULT: {"using":"xpath","value":"//button[@data-kt=\"addButton\"]"}
COMMAND: POST /session/80b25485da4cce0461fa749928cde446/elements - {"using":"xpath","value":"//button[@data-kt=\"addButton\"]"}
RESULT: {"using":"xpath","value":"//button[@data-kt=\"addButton\"]"}
COMMAND: POST /session/80b25485da4cce0461fa749928cde446/elements - {"using":"xpath","value":"//button[@data-kt=\"addButton\"]"}
RESULT: {"using":"xpath","value":"//button[@data-kt=\"addButton\"]"}
COMMAND: POST /session/80b25485da4cce0461fa749928cde446/elements - {"using":"xpath","value":"//button[@data-kt=\"addButton\"]"}
RESULT: {"using":"xpath","value":"//button[@data-kt=\"addButton\"]"}
COMMAND: POST /session/80b25485da4cce0461fa749928cde446/elements - {"using":"xpath","value":"//button[@data-kt=\"addButton\"]"}
RESULT: {"using":"xpath","value":"//button[@data-kt=\"addButton\"]"}
COMMAND: POST /session/80b25485da4cce0461fa749928cde446/elements - {"using":"xpath","value":"//button[@data-kt=\"addButton\"]"}
RESULT: {"using":"xpath","value":"//button[@data-kt=\"addButton\"]"}
COMMAND: POST /session/80b25485da4cce0461fa749928cde446/elements - {"using":"xpath","value":"//button[@data-kt=\"addButton\"]"}
RESULT: {"using":"xpath","value":"//button[@data-kt=\"addButton\"]"}
COMMAND: POST /session/80b25485da4cce0461fa749928cde446/elements - {"using":"xpath","value":"//button[@data-kt=\"addButton\"]"}
RESULT: {"using":"xpath","value":"//button[@data-kt=\"addButton\"]"}
COMMAND: POST /session/80b25485da4cce0461fa749928cde446/elements - {"using":"xpath","value":"//button[@data-kt=\"addButton\"]"}
RESULT: {"using":"xpath","value":"//button[@data-kt=\"addButton\"]"}
COMMAND: POST /session/80b25485da4cce0461fa749928cde446/elements - {"using":"xpath","value":"//button[@data-kt=\"addButton\"]"}
RESULT: {"using":"xpath","value":"//button[@data-kt=\"addButton\"]"}
COMMAND: POST /session/80b25485da4cce0461fa749928cde446/elements - {"using":"xpath","value":"//button[@data-kt=\"addButton\"]"}
RESULT: {"using":"xpath","value":"//button[@data-kt=\"addButton\"]"}
COMMAND: POST /session/80b25485da4cce0461fa749928cde446/elements - {"using":"xpath","value":"//button[@data-kt=\"addButton\"]"}
RESULT: {"using":"xpath","value":"//button[@data-kt=\"addButton\"]"}
COMMAND: POST /session/80b25485da4cce0461fa749928cde446/elements - {"using":"xpath","value":"//button[@data-kt=\"addButton\"]"}
RESULT: {"using":"xpath","value":"//button[@data-kt=\"addButton\"]"}
COMMAND: POST /session/80b25485da4cce0461fa749928cde446/elements - {"using":"xpath","value":"//button[@data-kt=\"addButton\"]"}
RESULT: {"using":"xpath","value":"//button[@data-kt=\"addButton\"]"}
COMMAND: POST /session/80b25485da4cce0461fa749928cde446/elements - {"using":"xpath","value":"//button[@data-kt=\"addButton\"]"}
RESULT: {"using":"xpath","value":"//button[@data-kt=\"addButton\"]"}
COMMAND: POST /session/80b25485da4cce0461fa749928cde446/elements - {"using":"xpath","value":"//button[@data-kt=\"addButton\"]"}
RESULT: {"using":"xpath","value":"//button[@data-kt=\"addButton\"]"}
COMMAND: POST /session/80b25485da4cce0461fa749928cde446/elements - {"using":"xpath","value":"//button[@data-kt=\"addButton\"]"}
RESULT: {"using":"xpath","value":"//button[@data-kt=\"addButton\"]"}
COMMAND: POST /session/80b25485da4cce0461fa749928cde446/elements - {"using":"xpath","value":"//button[@data-kt=\"addButton\"]"}
RESULT: {"using":"xpath","value":"//button[@data-kt=\"addButton\"]"}
COMMAND: POST /session/80b25485da4cce0461fa749928cde446/elements - {"using":"xpath","value":"//button[@data-kt=\"addButton\"]"}
RESULT: {"using":"xpath","value":"//button[@data-kt=\"addButton\"]"}
COMMAND: POST /session/80b25485da4cce0461fa749928cde446/elements - {"using":"xpath","value":"//button[@data-kt=\"addButton\"]"}
RESULT: {"using":"xpath","value":"//button[@data-kt=\"addButton\"]"}
COMMAND: POST /session/80b25485da4cce0461fa749928cde446/elements - {"using":"xpath","value":"//button[@data-kt=\"addButton\"]"}
RESULT: {"using":"xpath","value":"//button[@data-kt=\"addButton\"]"}
COMMAND: POST /session/80b25485da4cce0461fa749928cde446/elements - {"using":"xpath","value":"//button[@data-kt=\"addButton\"]"}
RESULT: {"using":"xpath","value":"//button[@data-kt=\"addButton\"]"}
COMMAND: POST /session/80b25485da4cce0461fa749928cde446/elements - {"using":"xpath","value":"//button[@data-kt=\"addButton\"]"}
RESULT: {"using":"xpath","value":"//button[@data-kt=\"addButton\"]"}
COMMAND: POST /session/80b25485da4cce0461fa749928cde446/elements - {"using":"xpath","value":"//button[@data-kt=\"addButton\"]"}
RESULT: {"using":"xpath","value":"//button[@data-kt=\"addButton\"]"}
COMMAND: POST /session/80b25485da4cce0461fa749928cde446/elements - {"using":"xpath","value":"//button[@data-kt=\"addButton\"]"}
RESULT: {"using":"xpath","value":"//button[@data-kt=\"addButton\"]"}
COMMAND: POST /session/80b25485da4cce0461fa749928cde446/elements - {"using":"xpath","value":"//button[@data-kt=\"addButton\"]"}
RESULT: {"using":"xpath","value":"//button[@data-kt=\"addButton\"]"}
COMMAND: POST /session/80b25485da4cce0461fa749928cde446/elements - {"using":"xpath","value":"//button[@data-kt=\"addButton\"]"}
RESULT: {"using":"xpath","value":"//button[@data-kt=\"addButton\"]"}
COMMAND: POST /session/80b25485da4cce0461fa749928cde446/elements - {"using":"xpath","value":"//button[@data-kt=\"addButton\"]"}
RESULT: {"using":"xpath","value":"//button[@data-kt=\"addButton\"]"}
COMMAND: POST /session/80b25485da4cce0461fa749928cde446/elements - {"using":"xpath","value":"//button[@data-kt=\"addButton\"]"}
RESULT: {"using":"xpath","value":"//button[@data-kt=\"addButton\"]"}
COMMAND: POST /session/80b25485da4cce0461fa749928cde446/elements - {"using":"xpath","value":"//button[@data-kt=\"addButton\"]"}
RESULT: {"using":"xpath","value":"//button[@data-kt=\"addButton\"]"}
COMMAND: POST /session/80b25485da4cce0461fa749928cde446/elements - {"using":"xpath","value":"//button[@data-kt=\"addButton\"]"}
RESULT: {"using":"xpath","value":"//button[@data-kt=\"addButton\"]"}
COMMAND: POST /session/80b25485da4cce0461fa749928cde446/elements - {"using":"xpath","value":"//button[@data-kt=\"addButton\"]"}
RESULT: {"using":"xpath","value":"//button[@data-kt=\"addButton\"]"}
COMMAND: POST /session/80b25485da4cce0461fa749928cde446/elements - {"using":"xpath","value":"//button[@data-kt=\"addButton\"]"}
RESULT: {"using":"xpath","value":"//button[@data-kt=\"addButton\"]"}
COMMAND: POST /session/80b25485da4cce0461fa749928cde446/elements - {"using":"xpath","value":"//button[@data-kt=\"addButton\"]"}
RESULT: {"using":"xpath","value":"//button[@data-kt=\"addButton\"]"}
COMMAND: POST /session/80b25485da4cce0461fa749928cde446/elements - {"using":"xpath","value":"//button[@data-kt=\"addButton\"]"}
RESULT: {"using":"xpath","value":"//button[@data-kt=\"addButton\"]"}
COMMAND: POST /session/80b25485da4cce0461fa749928cde446/elements - {"using":"xpath","value":"//button[@data-kt=\"addButton\"]"}
RESULT: {"using":"xpath","value":"//button[@data-kt=\"addButton\"]"}
COMMAND: POST /session/80b25485da4cce0461fa749928cde446/elements - {"using":"xpath","value":"//button[@data-kt=\"addButton\"]"}
RESULT: {"using":"xpath","value":"//button[@data-kt=\"addButton\"]"}
COMMAND: POST /session/80b25485da4cce0461fa749928cde446/elements - {"using":"xpath","value":"//button[@data-kt=\"addButton\"]"}
RESULT: {"using":"xpath","value":"//button[@data-kt=\"addButton\"]"}
COMMAND: POST /session/80b25485da4cce0461fa749928cde446/elements - {"using":"xpath","value":"//button[@data-kt=\"addButton\"]"}
RESULT: {"using":"xpath","value":"//button[@data-kt=\"addButton\"]"}
COMMAND: POST /session/80b25485da4cce0461fa749928cde446/elements - {"using":"xpath","value":"//button[@data-kt=\"addButton\"]"}
RESULT: {"using":"xpath","value":"//button[@data-kt=\"addButton\"]"}
COMMAND: POST /session/80b25485da4cce0461fa749928cde446/elements - {"using":"xpath","value":"//button[@data-kt=\"addButton\"]"}
RESULT: {"using":"xpath","value":"//button[@data-kt=\"addButton\"]"}
COMMAND: POST /session/80b25485da4cce0461fa749928cde446/elements - {"using":"xpath","value":"//button[@data-kt=\"addButton\"]"}
RESULT: {"using":"xpath","value":"//button[@data-kt=\"addButton\"]"}
COMMAND: POST /session/80b25485da4cce0461fa749928cde446/elements - {"using":"xpath","value":"//button[@data-kt=\"addButton\"]"}
RESULT: {"using":"xpath","value":"//button[@data-kt=\"addButton\"]"}
COMMAND: POST /session/80b25485da4cce0461fa749928cde446/elements - {"using":"xpath","value":"//button[@data-kt=\"addButton\"]"}
RESULT: {"using":"xpath","value":"//button[@data-kt=\"addButton\"]"}
COMMAND: POST /session/80b25485da4cce0461fa749928cde446/elements - {"using":"xpath","value":"//button[@data-kt=\"addButton\"]"}
RESULT: {"using":"xpath","value":"//button[@data-kt=\"addButton\"]"}
COMMAND: POST /session/80b25485da4cce0461fa749928cde446/elements - {"using":"xpath","value":"//button[@data-kt=\"addButton\"]"}
RESULT: {"using":"xpath","value":"//button[@data-kt=\"addButton\"]"}
COMMAND: POST /session/80b25485da4cce0461fa749928cde446/elements - {"using":"xpath","value":"//button[@data-kt=\"addButton\"]"}
RESULT: {"using":"xpath","value":"//button[@data-kt=\"addButton\"]"}
COMMAND: POST /session/80b25485da4cce0461fa749928cde446/elements - {"using":"xpath","value":"//button[@data-kt=\"addButton\"]"}
RESULT: {"using":"xpath","value":"//button[@data-kt=\"addButton\"]"}
COMMAND: POST /session/80b25485da4cce0461fa749928cde446/elements - {"using":"xpath","value":"//button[@data-kt=\"addButton\"]"}
RESULT: {"using":"xpath","value":"//button[@data-kt=\"addButton\"]"}
COMMAND: POST /session/80b25485da4cce0461fa749928cde446/elements - {"using":"xpath","value":"//button[@data-kt=\"addButton\"]"}
RESULT: {"using":"xpath","value":"//button[@data-kt=\"addButton\"]"}
COMMAND: POST /session/80b25485da4cce0461fa749928cde446/elements - {"using":"xpath","value":"//button[@data-kt=\"addButton\"]"}
RESULT: {"using":"xpath","value":"//button[@data-kt=\"addButton\"]"}
COMMAND: POST /session/80b25485da4cce0461fa749928cde446/elements - {"using":"xpath","value":"//button[@data-kt=\"addButton\"]"}
RESULT: {"using":"xpath","value":"//button[@data-kt=\"addButton\"]"}
COMMAND: POST /session/80b25485da4cce0461fa749928cde446/elements - {"using":"xpath","value":"//button[@data-kt=\"addButton\"]"}
RESULT: {"using":"xpath","value":"//button[@data-kt=\"addButton\"]"}
COMMAND: POST /session/80b25485da4cce0461fa749928cde446/elements - {"using":"xpath","value":"//button[@data-kt=\"addButton\"]"}
RESULT: {"using":"xpath","value":"//button[@data-kt=\"addButton\"]"}
COMMAND: POST /session/80b25485da4cce0461fa749928cde446/elements - {"using":"xpath","value":"//button[@data-kt=\"addButton\"]"}
RESULT: {"using":"xpath","value":"//button[@data-kt=\"addButton\"]"}
COMMAND: POST /session/80b25485da4cce0461fa749928cde446/elements - {"using":"xpath","value":"//button[@data-kt=\"addButton\"]"}
RESULT: {"using":"xpath","value":"//button[@data-kt=\"addButton\"]"}
COMMAND: GET /session/80b25485da4cce0461fa749928cde446/screenshot - {}
RESULT: {}
]]></system-out>
      <system-err><![CDATA[
Error: element ("//button[@data-kt="addButton"]") still not existing after 45000ms
    at async UtilsPrerequisites.contractCreation (D:\a\1\s\test\specs\BTS\prerequisites-and-utils-functions.js:1741:9)
    at async Context.<anonymous> (D:\a\1\s\test\specs\HTR\provide-to-site-wo-warehouse-w-clarification.spec.js:59:49)
]]></system-err>
    </testcase>
    <testcase classname="chrome.136_0_7103_93.windows.Provide_to_Site_w/o_warehouse_management_w_clarification" name="Should add equipment to the contract" time="60.62">
      <failure/>
      <error message="Can't call click on element with selector &quot;//button[@data-kt=&quot;contractDetailEditBtnButton&quot;]&quot; because element wasn't found"/>
      <system-out><![CDATA[
COMMAND: GET /session/80b25485da4cce0461fa749928cde446/screenshot - {}
COMMAND: POST /session/80b25485da4cce0461fa749928cde446/element - {"using":"xpath","value":"//button[@data-kt=\"contractDetailEditBtnButton\"]"}
RESULT: {"using":"xpath","value":"//button[@data-kt=\"contractDetailEditBtnButton\"]"}
COMMAND: POST /session/80b25485da4cce0461fa749928cde446/elements - {"using":"xpath","value":"//button[@data-kt=\"contractDetailEditBtnButton\"]"}
RESULT: {}
RESULT: {"using":"xpath","value":"//button[@data-kt=\"contractDetailEditBtnButton\"]"}
COMMAND: POST /session/80b25485da4cce0461fa749928cde446/elements - {"using":"xpath","value":"//button[@data-kt=\"contractDetailEditBtnButton\"]"}
RESULT: {"using":"xpath","value":"//button[@data-kt=\"contractDetailEditBtnButton\"]"}
COMMAND: POST /session/80b25485da4cce0461fa749928cde446/elements - {"using":"xpath","value":"//button[@data-kt=\"contractDetailEditBtnButton\"]"}
RESULT: {"using":"xpath","value":"//button[@data-kt=\"contractDetailEditBtnButton\"]"}
COMMAND: POST /session/80b25485da4cce0461fa749928cde446/elements - {"using":"xpath","value":"//button[@data-kt=\"contractDetailEditBtnButton\"]"}
RESULT: {"using":"xpath","value":"//button[@data-kt=\"contractDetailEditBtnButton\"]"}
COMMAND: POST /session/80b25485da4cce0461fa749928cde446/elements - {"using":"xpath","value":"//button[@data-kt=\"contractDetailEditBtnButton\"]"}
RESULT: {"using":"xpath","value":"//button[@data-kt=\"contractDetailEditBtnButton\"]"}
COMMAND: POST /session/80b25485da4cce0461fa749928cde446/elements - {"using":"xpath","value":"//button[@data-kt=\"contractDetailEditBtnButton\"]"}
RESULT: {"using":"xpath","value":"//button[@data-kt=\"contractDetailEditBtnButton\"]"}
COMMAND: POST /session/80b25485da4cce0461fa749928cde446/elements - {"using":"xpath","value":"//button[@data-kt=\"contractDetailEditBtnButton\"]"}
RESULT: {"using":"xpath","value":"//button[@data-kt=\"contractDetailEditBtnButton\"]"}
COMMAND: POST /session/80b25485da4cce0461fa749928cde446/elements - {"using":"xpath","value":"//button[@data-kt=\"contractDetailEditBtnButton\"]"}
RESULT: {"using":"xpath","value":"//button[@data-kt=\"contractDetailEditBtnButton\"]"}
COMMAND: POST /session/80b25485da4cce0461fa749928cde446/elements - {"using":"xpath","value":"//button[@data-kt=\"contractDetailEditBtnButton\"]"}
RESULT: {"using":"xpath","value":"//button[@data-kt=\"contractDetailEditBtnButton\"]"}
COMMAND: POST /session/80b25485da4cce0461fa749928cde446/elements - {"using":"xpath","value":"//button[@data-kt=\"contractDetailEditBtnButton\"]"}
RESULT: {"using":"xpath","value":"//button[@data-kt=\"contractDetailEditBtnButton\"]"}
COMMAND: POST /session/80b25485da4cce0461fa749928cde446/elements - {"using":"xpath","value":"//button[@data-kt=\"contractDetailEditBtnButton\"]"}
RESULT: {"using":"xpath","value":"//button[@data-kt=\"contractDetailEditBtnButton\"]"}
COMMAND: POST /session/80b25485da4cce0461fa749928cde446/elements - {"using":"xpath","value":"//button[@data-kt=\"contractDetailEditBtnButton\"]"}
RESULT: {"using":"xpath","value":"//button[@data-kt=\"contractDetailEditBtnButton\"]"}
COMMAND: POST /session/80b25485da4cce0461fa749928cde446/elements - {"using":"xpath","value":"//button[@data-kt=\"contractDetailEditBtnButton\"]"}
RESULT: {"using":"xpath","value":"//button[@data-kt=\"contractDetailEditBtnButton\"]"}
COMMAND: POST /session/80b25485da4cce0461fa749928cde446/elements - {"using":"xpath","value":"//button[@data-kt=\"contractDetailEditBtnButton\"]"}
RESULT: {"using":"xpath","value":"//button[@data-kt=\"contractDetailEditBtnButton\"]"}
COMMAND: POST /session/80b25485da4cce0461fa749928cde446/elements - {"using":"xpath","value":"//button[@data-kt=\"contractDetailEditBtnButton\"]"}
RESULT: {"using":"xpath","value":"//button[@data-kt=\"contractDetailEditBtnButton\"]"}
COMMAND: POST /session/80b25485da4cce0461fa749928cde446/elements - {"using":"xpath","value":"//button[@data-kt=\"contractDetailEditBtnButton\"]"}
RESULT: {"using":"xpath","value":"//button[@data-kt=\"contractDetailEditBtnButton\"]"}
COMMAND: POST /session/80b25485da4cce0461fa749928cde446/elements - {"using":"xpath","value":"//button[@data-kt=\"contractDetailEditBtnButton\"]"}
RESULT: {"using":"xpath","value":"//button[@data-kt=\"contractDetailEditBtnButton\"]"}
COMMAND: POST /session/80b25485da4cce0461fa749928cde446/elements - {"using":"xpath","value":"//button[@data-kt=\"contractDetailEditBtnButton\"]"}
RESULT: {"using":"xpath","value":"//button[@data-kt=\"contractDetailEditBtnButton\"]"}
COMMAND: POST /session/80b25485da4cce0461fa749928cde446/elements - {"using":"xpath","value":"//button[@data-kt=\"contractDetailEditBtnButton\"]"}
RESULT: {"using":"xpath","value":"//button[@data-kt=\"contractDetailEditBtnButton\"]"}
COMMAND: POST /session/80b25485da4cce0461fa749928cde446/elements - {"using":"xpath","value":"//button[@data-kt=\"contractDetailEditBtnButton\"]"}
RESULT: {"using":"xpath","value":"//button[@data-kt=\"contractDetailEditBtnButton\"]"}
COMMAND: POST /session/80b25485da4cce0461fa749928cde446/elements - {"using":"xpath","value":"//button[@data-kt=\"contractDetailEditBtnButton\"]"}
RESULT: {"using":"xpath","value":"//button[@data-kt=\"contractDetailEditBtnButton\"]"}
COMMAND: POST /session/80b25485da4cce0461fa749928cde446/elements - {"using":"xpath","value":"//button[@data-kt=\"contractDetailEditBtnButton\"]"}
RESULT: {"using":"xpath","value":"//button[@data-kt=\"contractDetailEditBtnButton\"]"}
COMMAND: POST /session/80b25485da4cce0461fa749928cde446/elements - {"using":"xpath","value":"//button[@data-kt=\"contractDetailEditBtnButton\"]"}
RESULT: {"using":"xpath","value":"//button[@data-kt=\"contractDetailEditBtnButton\"]"}
COMMAND: POST /session/80b25485da4cce0461fa749928cde446/elements - {"using":"xpath","value":"//button[@data-kt=\"contractDetailEditBtnButton\"]"}
RESULT: {"using":"xpath","value":"//button[@data-kt=\"contractDetailEditBtnButton\"]"}
COMMAND: POST /session/80b25485da4cce0461fa749928cde446/elements - {"using":"xpath","value":"//button[@data-kt=\"contractDetailEditBtnButton\"]"}
RESULT: {"using":"xpath","value":"//button[@data-kt=\"contractDetailEditBtnButton\"]"}
COMMAND: POST /session/80b25485da4cce0461fa749928cde446/elements - {"using":"xpath","value":"//button[@data-kt=\"contractDetailEditBtnButton\"]"}
RESULT: {"using":"xpath","value":"//button[@data-kt=\"contractDetailEditBtnButton\"]"}
COMMAND: POST /session/80b25485da4cce0461fa749928cde446/elements - {"using":"xpath","value":"//button[@data-kt=\"contractDetailEditBtnButton\"]"}
RESULT: {"using":"xpath","value":"//button[@data-kt=\"contractDetailEditBtnButton\"]"}
COMMAND: POST /session/80b25485da4cce0461fa749928cde446/elements - {"using":"xpath","value":"//button[@data-kt=\"contractDetailEditBtnButton\"]"}
RESULT: {"using":"xpath","value":"//button[@data-kt=\"contractDetailEditBtnButton\"]"}
COMMAND: POST /session/80b25485da4cce0461fa749928cde446/elements - {"using":"xpath","value":"//button[@data-kt=\"contractDetailEditBtnButton\"]"}
RESULT: {"using":"xpath","value":"//button[@data-kt=\"contractDetailEditBtnButton\"]"}
COMMAND: POST /session/80b25485da4cce0461fa749928cde446/elements - {"using":"xpath","value":"//button[@data-kt=\"contractDetailEditBtnButton\"]"}
RESULT: {"using":"xpath","value":"//button[@data-kt=\"contractDetailEditBtnButton\"]"}
COMMAND: POST /session/80b25485da4cce0461fa749928cde446/elements - {"using":"xpath","value":"//button[@data-kt=\"contractDetailEditBtnButton\"]"}
RESULT: {"using":"xpath","value":"//button[@data-kt=\"contractDetailEditBtnButton\"]"}
COMMAND: POST /session/80b25485da4cce0461fa749928cde446/elements - {"using":"xpath","value":"//button[@data-kt=\"contractDetailEditBtnButton\"]"}
RESULT: {"using":"xpath","value":"//button[@data-kt=\"contractDetailEditBtnButton\"]"}
COMMAND: POST /session/80b25485da4cce0461fa749928cde446/elements - {"using":"xpath","value":"//button[@data-kt=\"contractDetailEditBtnButton\"]"}
RESULT: {"using":"xpath","value":"//button[@data-kt=\"contractDetailEditBtnButton\"]"}
COMMAND: POST /session/80b25485da4cce0461fa749928cde446/elements - {"using":"xpath","value":"//button[@data-kt=\"contractDetailEditBtnButton\"]"}
RESULT: {"using":"xpath","value":"//button[@data-kt=\"contractDetailEditBtnButton\"]"}
COMMAND: POST /session/80b25485da4cce0461fa749928cde446/elements - {"using":"xpath","value":"//button[@data-kt=\"contractDetailEditBtnButton\"]"}
RESULT: {"using":"xpath","value":"//button[@data-kt=\"contractDetailEditBtnButton\"]"}
COMMAND: POST /session/80b25485da4cce0461fa749928cde446/elements - {"using":"xpath","value":"//button[@data-kt=\"contractDetailEditBtnButton\"]"}
RESULT: {"using":"xpath","value":"//button[@data-kt=\"contractDetailEditBtnButton\"]"}
COMMAND: POST /session/80b25485da4cce0461fa749928cde446/elements - {"using":"xpath","value":"//button[@data-kt=\"contractDetailEditBtnButton\"]"}
RESULT: {"using":"xpath","value":"//button[@data-kt=\"contractDetailEditBtnButton\"]"}
COMMAND: POST /session/80b25485da4cce0461fa749928cde446/elements - {"using":"xpath","value":"//button[@data-kt=\"contractDetailEditBtnButton\"]"}
RESULT: {"using":"xpath","value":"//button[@data-kt=\"contractDetailEditBtnButton\"]"}
COMMAND: POST /session/80b25485da4cce0461fa749928cde446/elements - {"using":"xpath","value":"//button[@data-kt=\"contractDetailEditBtnButton\"]"}
RESULT: {"using":"xpath","value":"//button[@data-kt=\"contractDetailEditBtnButton\"]"}
COMMAND: POST /session/80b25485da4cce0461fa749928cde446/elements - {"using":"xpath","value":"//button[@data-kt=\"contractDetailEditBtnButton\"]"}
RESULT: {"using":"xpath","value":"//button[@data-kt=\"contractDetailEditBtnButton\"]"}
COMMAND: POST /session/80b25485da4cce0461fa749928cde446/elements - {"using":"xpath","value":"//button[@data-kt=\"contractDetailEditBtnButton\"]"}
RESULT: {"using":"xpath","value":"//button[@data-kt=\"contractDetailEditBtnButton\"]"}
COMMAND: POST /session/80b25485da4cce0461fa749928cde446/elements - {"using":"xpath","value":"//button[@data-kt=\"contractDetailEditBtnButton\"]"}
RESULT: {"using":"xpath","value":"//button[@data-kt=\"contractDetailEditBtnButton\"]"}
COMMAND: POST /session/80b25485da4cce0461fa749928cde446/elements - {"using":"xpath","value":"//button[@data-kt=\"contractDetailEditBtnButton\"]"}
RESULT: {"using":"xpath","value":"//button[@data-kt=\"contractDetailEditBtnButton\"]"}
COMMAND: POST /session/80b25485da4cce0461fa749928cde446/elements - {"using":"xpath","value":"//button[@data-kt=\"contractDetailEditBtnButton\"]"}
RESULT: {"using":"xpath","value":"//button[@data-kt=\"contractDetailEditBtnButton\"]"}
COMMAND: POST /session/80b25485da4cce0461fa749928cde446/elements - {"using":"xpath","value":"//button[@data-kt=\"contractDetailEditBtnButton\"]"}
RESULT: {"using":"xpath","value":"//button[@data-kt=\"contractDetailEditBtnButton\"]"}
COMMAND: POST /session/80b25485da4cce0461fa749928cde446/elements - {"using":"xpath","value":"//button[@data-kt=\"contractDetailEditBtnButton\"]"}
RESULT: {"using":"xpath","value":"//button[@data-kt=\"contractDetailEditBtnButton\"]"}
COMMAND: POST /session/80b25485da4cce0461fa749928cde446/elements - {"using":"xpath","value":"//button[@data-kt=\"contractDetailEditBtnButton\"]"}
RESULT: {"using":"xpath","value":"//button[@data-kt=\"contractDetailEditBtnButton\"]"}
COMMAND: POST /session/80b25485da4cce0461fa749928cde446/elements - {"using":"xpath","value":"//button[@data-kt=\"contractDetailEditBtnButton\"]"}
RESULT: {"using":"xpath","value":"//button[@data-kt=\"contractDetailEditBtnButton\"]"}
COMMAND: POST /session/80b25485da4cce0461fa749928cde446/elements - {"using":"xpath","value":"//button[@data-kt=\"contractDetailEditBtnButton\"]"}
RESULT: {"using":"xpath","value":"//button[@data-kt=\"contractDetailEditBtnButton\"]"}
COMMAND: POST /session/80b25485da4cce0461fa749928cde446/elements - {"using":"xpath","value":"//button[@data-kt=\"contractDetailEditBtnButton\"]"}
RESULT: {"using":"xpath","value":"//button[@data-kt=\"contractDetailEditBtnButton\"]"}
COMMAND: POST /session/80b25485da4cce0461fa749928cde446/elements - {"using":"xpath","value":"//button[@data-kt=\"contractDetailEditBtnButton\"]"}
RESULT: {"using":"xpath","value":"//button[@data-kt=\"contractDetailEditBtnButton\"]"}
COMMAND: POST /session/80b25485da4cce0461fa749928cde446/elements - {"using":"xpath","value":"//button[@data-kt=\"contractDetailEditBtnButton\"]"}
RESULT: {"using":"xpath","value":"//button[@data-kt=\"contractDetailEditBtnButton\"]"}
COMMAND: POST /session/80b25485da4cce0461fa749928cde446/elements - {"using":"xpath","value":"//button[@data-kt=\"contractDetailEditBtnButton\"]"}
RESULT: {"using":"xpath","value":"//button[@data-kt=\"contractDetailEditBtnButton\"]"}
COMMAND: POST /session/80b25485da4cce0461fa749928cde446/elements - {"using":"xpath","value":"//button[@data-kt=\"contractDetailEditBtnButton\"]"}
RESULT: {"using":"xpath","value":"//button[@data-kt=\"contractDetailEditBtnButton\"]"}
COMMAND: POST /session/80b25485da4cce0461fa749928cde446/elements - {"using":"xpath","value":"//button[@data-kt=\"contractDetailEditBtnButton\"]"}
RESULT: {"using":"xpath","value":"//button[@data-kt=\"contractDetailEditBtnButton\"]"}
COMMAND: POST /session/80b25485da4cce0461fa749928cde446/elements - {"using":"xpath","value":"//button[@data-kt=\"contractDetailEditBtnButton\"]"}
RESULT: {"using":"xpath","value":"//button[@data-kt=\"contractDetailEditBtnButton\"]"}
COMMAND: POST /session/80b25485da4cce0461fa749928cde446/elements - {"using":"xpath","value":"//button[@data-kt=\"contractDetailEditBtnButton\"]"}
RESULT: {"using":"xpath","value":"//button[@data-kt=\"contractDetailEditBtnButton\"]"}
COMMAND: POST /session/80b25485da4cce0461fa749928cde446/elements - {"using":"xpath","value":"//button[@data-kt=\"contractDetailEditBtnButton\"]"}
RESULT: {"using":"xpath","value":"//button[@data-kt=\"contractDetailEditBtnButton\"]"}
COMMAND: POST /session/80b25485da4cce0461fa749928cde446/elements - {"using":"xpath","value":"//button[@data-kt=\"contractDetailEditBtnButton\"]"}
RESULT: {"using":"xpath","value":"//button[@data-kt=\"contractDetailEditBtnButton\"]"}
COMMAND: POST /session/80b25485da4cce0461fa749928cde446/elements - {"using":"xpath","value":"//button[@data-kt=\"contractDetailEditBtnButton\"]"}
RESULT: {"using":"xpath","value":"//button[@data-kt=\"contractDetailEditBtnButton\"]"}
COMMAND: POST /session/80b25485da4cce0461fa749928cde446/elements - {"using":"xpath","value":"//button[@data-kt=\"contractDetailEditBtnButton\"]"}
RESULT: {"using":"xpath","value":"//button[@data-kt=\"contractDetailEditBtnButton\"]"}
COMMAND: POST /session/80b25485da4cce0461fa749928cde446/elements - {"using":"xpath","value":"//button[@data-kt=\"contractDetailEditBtnButton\"]"}
RESULT: {"using":"xpath","value":"//button[@data-kt=\"contractDetailEditBtnButton\"]"}
COMMAND: POST /session/80b25485da4cce0461fa749928cde446/elements - {"using":"xpath","value":"//button[@data-kt=\"contractDetailEditBtnButton\"]"}
RESULT: {"using":"xpath","value":"//button[@data-kt=\"contractDetailEditBtnButton\"]"}
COMMAND: POST /session/80b25485da4cce0461fa749928cde446/elements - {"using":"xpath","value":"//button[@data-kt=\"contractDetailEditBtnButton\"]"}
RESULT: {"using":"xpath","value":"//button[@data-kt=\"contractDetailEditBtnButton\"]"}
COMMAND: POST /session/80b25485da4cce0461fa749928cde446/elements - {"using":"xpath","value":"//button[@data-kt=\"contractDetailEditBtnButton\"]"}
RESULT: {"using":"xpath","value":"//button[@data-kt=\"contractDetailEditBtnButton\"]"}
COMMAND: POST /session/80b25485da4cce0461fa749928cde446/elements - {"using":"xpath","value":"//button[@data-kt=\"contractDetailEditBtnButton\"]"}
RESULT: {"using":"xpath","value":"//button[@data-kt=\"contractDetailEditBtnButton\"]"}
COMMAND: POST /session/80b25485da4cce0461fa749928cde446/elements - {"using":"xpath","value":"//button[@data-kt=\"contractDetailEditBtnButton\"]"}
RESULT: {"using":"xpath","value":"//button[@data-kt=\"contractDetailEditBtnButton\"]"}
COMMAND: POST /session/80b25485da4cce0461fa749928cde446/elements - {"using":"xpath","value":"//button[@data-kt=\"contractDetailEditBtnButton\"]"}
RESULT: {"using":"xpath","value":"//button[@data-kt=\"contractDetailEditBtnButton\"]"}
COMMAND: POST /session/80b25485da4cce0461fa749928cde446/elements - {"using":"xpath","value":"//button[@data-kt=\"contractDetailEditBtnButton\"]"}
RESULT: {"using":"xpath","value":"//button[@data-kt=\"contractDetailEditBtnButton\"]"}
COMMAND: POST /session/80b25485da4cce0461fa749928cde446/elements - {"using":"xpath","value":"//button[@data-kt=\"contractDetailEditBtnButton\"]"}
RESULT: {"using":"xpath","value":"//button[@data-kt=\"contractDetailEditBtnButton\"]"}
COMMAND: POST /session/80b25485da4cce0461fa749928cde446/elements - {"using":"xpath","value":"//button[@data-kt=\"contractDetailEditBtnButton\"]"}
RESULT: {"using":"xpath","value":"//button[@data-kt=\"contractDetailEditBtnButton\"]"}
COMMAND: POST /session/80b25485da4cce0461fa749928cde446/elements - {"using":"xpath","value":"//button[@data-kt=\"contractDetailEditBtnButton\"]"}
RESULT: {"using":"xpath","value":"//button[@data-kt=\"contractDetailEditBtnButton\"]"}
COMMAND: POST /session/80b25485da4cce0461fa749928cde446/elements - {"using":"xpath","value":"//button[@data-kt=\"contractDetailEditBtnButton\"]"}
RESULT: {"using":"xpath","value":"//button[@data-kt=\"contractDetailEditBtnButton\"]"}
COMMAND: POST /session/80b25485da4cce0461fa749928cde446/elements - {"using":"xpath","value":"//button[@data-kt=\"contractDetailEditBtnButton\"]"}
RESULT: {"using":"xpath","value":"//button[@data-kt=\"contractDetailEditBtnButton\"]"}
COMMAND: POST /session/80b25485da4cce0461fa749928cde446/elements - {"using":"xpath","value":"//button[@data-kt=\"contractDetailEditBtnButton\"]"}
RESULT: {"using":"xpath","value":"//button[@data-kt=\"contractDetailEditBtnButton\"]"}
COMMAND: POST /session/80b25485da4cce0461fa749928cde446/elements - {"using":"xpath","value":"//button[@data-kt=\"contractDetailEditBtnButton\"]"}
RESULT: {"using":"xpath","value":"//button[@data-kt=\"contractDetailEditBtnButton\"]"}
COMMAND: POST /session/80b25485da4cce0461fa749928cde446/elements - {"using":"xpath","value":"//button[@data-kt=\"contractDetailEditBtnButton\"]"}
RESULT: {"using":"xpath","value":"//button[@data-kt=\"contractDetailEditBtnButton\"]"}
COMMAND: POST /session/80b25485da4cce0461fa749928cde446/elements - {"using":"xpath","value":"//button[@data-kt=\"contractDetailEditBtnButton\"]"}
RESULT: {"using":"xpath","value":"//button[@data-kt=\"contractDetailEditBtnButton\"]"}
COMMAND: POST /session/80b25485da4cce0461fa749928cde446/elements - {"using":"xpath","value":"//button[@data-kt=\"contractDetailEditBtnButton\"]"}
RESULT: {"using":"xpath","value":"//button[@data-kt=\"contractDetailEditBtnButton\"]"}
COMMAND: POST /session/80b25485da4cce0461fa749928cde446/elements - {"using":"xpath","value":"//button[@data-kt=\"contractDetailEditBtnButton\"]"}
RESULT: {"using":"xpath","value":"//button[@data-kt=\"contractDetailEditBtnButton\"]"}
COMMAND: POST /session/80b25485da4cce0461fa749928cde446/elements - {"using":"xpath","value":"//button[@data-kt=\"contractDetailEditBtnButton\"]"}
RESULT: {"using":"xpath","value":"//button[@data-kt=\"contractDetailEditBtnButton\"]"}
COMMAND: POST /session/80b25485da4cce0461fa749928cde446/elements - {"using":"xpath","value":"//button[@data-kt=\"contractDetailEditBtnButton\"]"}
RESULT: {"using":"xpath","value":"//button[@data-kt=\"contractDetailEditBtnButton\"]"}
COMMAND: POST /session/80b25485da4cce0461fa749928cde446/elements - {"using":"xpath","value":"//button[@data-kt=\"contractDetailEditBtnButton\"]"}
RESULT: {"using":"xpath","value":"//button[@data-kt=\"contractDetailEditBtnButton\"]"}
COMMAND: POST /session/80b25485da4cce0461fa749928cde446/elements - {"using":"xpath","value":"//button[@data-kt=\"contractDetailEditBtnButton\"]"}
RESULT: {"using":"xpath","value":"//button[@data-kt=\"contractDetailEditBtnButton\"]"}
COMMAND: POST /session/80b25485da4cce0461fa749928cde446/elements - {"using":"xpath","value":"//button[@data-kt=\"contractDetailEditBtnButton\"]"}
RESULT: {"using":"xpath","value":"//button[@data-kt=\"contractDetailEditBtnButton\"]"}
COMMAND: POST /session/80b25485da4cce0461fa749928cde446/elements - {"using":"xpath","value":"//button[@data-kt=\"contractDetailEditBtnButton\"]"}
RESULT: {"using":"xpath","value":"//button[@data-kt=\"contractDetailEditBtnButton\"]"}
COMMAND: POST /session/80b25485da4cce0461fa749928cde446/elements - {"using":"xpath","value":"//button[@data-kt=\"contractDetailEditBtnButton\"]"}
RESULT: {"using":"xpath","value":"//button[@data-kt=\"contractDetailEditBtnButton\"]"}
COMMAND: POST /session/80b25485da4cce0461fa749928cde446/elements - {"using":"xpath","value":"//button[@data-kt=\"contractDetailEditBtnButton\"]"}
RESULT: {"using":"xpath","value":"//button[@data-kt=\"contractDetailEditBtnButton\"]"}
COMMAND: POST /session/80b25485da4cce0461fa749928cde446/elements - {"using":"xpath","value":"//button[@data-kt=\"contractDetailEditBtnButton\"]"}
RESULT: {"using":"xpath","value":"//button[@data-kt=\"contractDetailEditBtnButton\"]"}
COMMAND: POST /session/80b25485da4cce0461fa749928cde446/elements - {"using":"xpath","value":"//button[@data-kt=\"contractDetailEditBtnButton\"]"}
RESULT: {"using":"xpath","value":"//button[@data-kt=\"contractDetailEditBtnButton\"]"}
COMMAND: POST /session/80b25485da4cce0461fa749928cde446/elements - {"using":"xpath","value":"//button[@data-kt=\"contractDetailEditBtnButton\"]"}
RESULT: {"using":"xpath","value":"//button[@data-kt=\"contractDetailEditBtnButton\"]"}
COMMAND: POST /session/80b25485da4cce0461fa749928cde446/elements - {"using":"xpath","value":"//button[@data-kt=\"contractDetailEditBtnButton\"]"}
RESULT: {"using":"xpath","value":"//button[@data-kt=\"contractDetailEditBtnButton\"]"}
COMMAND: POST /session/80b25485da4cce0461fa749928cde446/elements - {"using":"xpath","value":"//button[@data-kt=\"contractDetailEditBtnButton\"]"}
RESULT: {"using":"xpath","value":"//button[@data-kt=\"contractDetailEditBtnButton\"]"}
COMMAND: POST /session/80b25485da4cce0461fa749928cde446/elements - {"using":"xpath","value":"//button[@data-kt=\"contractDetailEditBtnButton\"]"}
RESULT: {"using":"xpath","value":"//button[@data-kt=\"contractDetailEditBtnButton\"]"}
COMMAND: POST /session/80b25485da4cce0461fa749928cde446/elements - {"using":"xpath","value":"//button[@data-kt=\"contractDetailEditBtnButton\"]"}
RESULT: {"using":"xpath","value":"//button[@data-kt=\"contractDetailEditBtnButton\"]"}
COMMAND: POST /session/80b25485da4cce0461fa749928cde446/elements - {"using":"xpath","value":"//button[@data-kt=\"contractDetailEditBtnButton\"]"}
RESULT: {"using":"xpath","value":"//button[@data-kt=\"contractDetailEditBtnButton\"]"}
COMMAND: POST /session/80b25485da4cce0461fa749928cde446/elements - {"using":"xpath","value":"//button[@data-kt=\"contractDetailEditBtnButton\"]"}
RESULT: {"using":"xpath","value":"//button[@data-kt=\"contractDetailEditBtnButton\"]"}
COMMAND: POST /session/80b25485da4cce0461fa749928cde446/elements - {"using":"xpath","value":"//button[@data-kt=\"contractDetailEditBtnButton\"]"}
RESULT: {"using":"xpath","value":"//button[@data-kt=\"contractDetailEditBtnButton\"]"}
COMMAND: POST /session/80b25485da4cce0461fa749928cde446/elements - {"using":"xpath","value":"//button[@data-kt=\"contractDetailEditBtnButton\"]"}
RESULT: {"using":"xpath","value":"//button[@data-kt=\"contractDetailEditBtnButton\"]"}
COMMAND: POST /session/80b25485da4cce0461fa749928cde446/elements - {"using":"xpath","value":"//button[@data-kt=\"contractDetailEditBtnButton\"]"}
RESULT: {"using":"xpath","value":"//button[@data-kt=\"contractDetailEditBtnButton\"]"}
COMMAND: POST /session/80b25485da4cce0461fa749928cde446/elements - {"using":"xpath","value":"//button[@data-kt=\"contractDetailEditBtnButton\"]"}
RESULT: {"using":"xpath","value":"//button[@data-kt=\"contractDetailEditBtnButton\"]"}
COMMAND: POST /session/80b25485da4cce0461fa749928cde446/elements - {"using":"xpath","value":"//button[@data-kt=\"contractDetailEditBtnButton\"]"}
RESULT: {"using":"xpath","value":"//button[@data-kt=\"contractDetailEditBtnButton\"]"}
COMMAND: POST /session/80b25485da4cce0461fa749928cde446/elements - {"using":"xpath","value":"//button[@data-kt=\"contractDetailEditBtnButton\"]"}
RESULT: {"using":"xpath","value":"//button[@data-kt=\"contractDetailEditBtnButton\"]"}
COMMAND: POST /session/80b25485da4cce0461fa749928cde446/elements - {"using":"xpath","value":"//button[@data-kt=\"contractDetailEditBtnButton\"]"}
RESULT: {"using":"xpath","value":"//button[@data-kt=\"contractDetailEditBtnButton\"]"}
COMMAND: POST /session/80b25485da4cce0461fa749928cde446/elements - {"using":"xpath","value":"//button[@data-kt=\"contractDetailEditBtnButton\"]"}
RESULT: {"using":"xpath","value":"//button[@data-kt=\"contractDetailEditBtnButton\"]"}
COMMAND: POST /session/80b25485da4cce0461fa749928cde446/elements - {"using":"xpath","value":"//button[@data-kt=\"contractDetailEditBtnButton\"]"}
RESULT: {"using":"xpath","value":"//button[@data-kt=\"contractDetailEditBtnButton\"]"}
COMMAND: POST /session/80b25485da4cce0461fa749928cde446/elements - {"using":"xpath","value":"//button[@data-kt=\"contractDetailEditBtnButton\"]"}
RESULT: {"using":"xpath","value":"//button[@data-kt=\"contractDetailEditBtnButton\"]"}
COMMAND: POST /session/80b25485da4cce0461fa749928cde446/elements - {"using":"xpath","value":"//button[@data-kt=\"contractDetailEditBtnButton\"]"}
RESULT: {"using":"xpath","value":"//button[@data-kt=\"contractDetailEditBtnButton\"]"}
COMMAND: POST /session/80b25485da4cce0461fa749928cde446/elements - {"using":"xpath","value":"//button[@data-kt=\"contractDetailEditBtnButton\"]"}
RESULT: {"using":"xpath","value":"//button[@data-kt=\"contractDetailEditBtnButton\"]"}
COMMAND: POST /session/80b25485da4cce0461fa749928cde446/elements - {"using":"xpath","value":"//button[@data-kt=\"contractDetailEditBtnButton\"]"}
RESULT: {"using":"xpath","value":"//button[@data-kt=\"contractDetailEditBtnButton\"]"}
COMMAND: POST /session/80b25485da4cce0461fa749928cde446/elements - {"using":"xpath","value":"//button[@data-kt=\"contractDetailEditBtnButton\"]"}
RESULT: {"using":"xpath","value":"//button[@data-kt=\"contractDetailEditBtnButton\"]"}
COMMAND: POST /session/80b25485da4cce0461fa749928cde446/elements - {"using":"xpath","value":"//button[@data-kt=\"contractDetailEditBtnButton\"]"}
RESULT: {"using":"xpath","value":"//button[@data-kt=\"contractDetailEditBtnButton\"]"}
COMMAND: POST /session/80b25485da4cce0461fa749928cde446/elements - {"using":"xpath","value":"//button[@data-kt=\"contractDetailEditBtnButton\"]"}
RESULT: {"using":"xpath","value":"//button[@data-kt=\"contractDetailEditBtnButton\"]"}
COMMAND: POST /session/80b25485da4cce0461fa749928cde446/elements - {"using":"xpath","value":"//button[@data-kt=\"contractDetailEditBtnButton\"]"}
RESULT: {"using":"xpath","value":"//button[@data-kt=\"contractDetailEditBtnButton\"]"}
COMMAND: POST /session/80b25485da4cce0461fa749928cde446/elements - {"using":"xpath","value":"//button[@data-kt=\"contractDetailEditBtnButton\"]"}
RESULT: {"using":"xpath","value":"//button[@data-kt=\"contractDetailEditBtnButton\"]"}
COMMAND: POST /session/80b25485da4cce0461fa749928cde446/elements - {"using":"xpath","value":"//button[@data-kt=\"contractDetailEditBtnButton\"]"}
RESULT: {"using":"xpath","value":"//button[@data-kt=\"contractDetailEditBtnButton\"]"}
COMMAND: POST /session/80b25485da4cce0461fa749928cde446/elements - {"using":"xpath","value":"//button[@data-kt=\"contractDetailEditBtnButton\"]"}
RESULT: {"using":"xpath","value":"//button[@data-kt=\"contractDetailEditBtnButton\"]"}
COMMAND: POST /session/80b25485da4cce0461fa749928cde446/elements - {"using":"xpath","value":"//button[@data-kt=\"contractDetailEditBtnButton\"]"}
RESULT: {"using":"xpath","value":"//button[@data-kt=\"contractDetailEditBtnButton\"]"}
COMMAND: POST /session/80b25485da4cce0461fa749928cde446/elements - {"using":"xpath","value":"//button[@data-kt=\"contractDetailEditBtnButton\"]"}
RESULT: {"using":"xpath","value":"//button[@data-kt=\"contractDetailEditBtnButton\"]"}
COMMAND: POST /session/80b25485da4cce0461fa749928cde446/elements - {"using":"xpath","value":"//button[@data-kt=\"contractDetailEditBtnButton\"]"}
RESULT: {"using":"xpath","value":"//button[@data-kt=\"contractDetailEditBtnButton\"]"}
COMMAND: POST /session/80b25485da4cce0461fa749928cde446/elements - {"using":"xpath","value":"//button[@data-kt=\"contractDetailEditBtnButton\"]"}
COMMAND: GET /session/80b25485da4cce0461fa749928cde446/screenshot - {}
RESULT: {"using":"xpath","value":"//button[@data-kt=\"contractDetailEditBtnButton\"]"}
RESULT: {}
]]></system-out>
      <system-err><![CDATA[
Error: Can't call click on element with selector "//button[@data-kt="contractDetailEditBtnButton"]" because element wasn't found
    at async UtilsPrerequisites.addItemToContract (D:\a\1\s\test\specs\BTS\prerequisites-and-utils-functions.js:1852:9)
    at async Context.<anonymous> (D:\a\1\s\test\specs\HTR\provide-to-site-wo-warehouse-w-clarification.spec.js:63:9)
]]></system-err>
    </testcase>
    <testcase classname="chrome.136_0_7103_93.windows.Provide_to_Site_w/o_warehouse_management_w_clarification" name="Should do provide to site" time="60.43">
      <failure/>
      <error message="Can't call click on element with selector &quot;//button[@data-kt=&quot;provideButton&quot;]&quot; because element wasn't found"/>
      <system-out><![CDATA[
COMMAND: POST /session/80b25485da4cce0461fa749928cde446/element - {"using":"xpath","value":"//button[@data-kt=\"provideButton\"]"}
COMMAND: GET /session/80b25485da4cce0461fa749928cde446/screenshot - {}
RESULT: {"using":"xpath","value":"//button[@data-kt=\"provideButton\"]"}
COMMAND: POST /session/80b25485da4cce0461fa749928cde446/elements - {"using":"xpath","value":"//button[@data-kt=\"provideButton\"]"}
RESULT: {}
RESULT: {"using":"xpath","value":"//button[@data-kt=\"provideButton\"]"}
COMMAND: POST /session/80b25485da4cce0461fa749928cde446/elements - {"using":"xpath","value":"//button[@data-kt=\"provideButton\"]"}
RESULT: {"using":"xpath","value":"//button[@data-kt=\"provideButton\"]"}
COMMAND: POST /session/80b25485da4cce0461fa749928cde446/elements - {"using":"xpath","value":"//button[@data-kt=\"provideButton\"]"}
RESULT: {"using":"xpath","value":"//button[@data-kt=\"provideButton\"]"}
COMMAND: POST /session/80b25485da4cce0461fa749928cde446/elements - {"using":"xpath","value":"//button[@data-kt=\"provideButton\"]"}
RESULT: {"using":"xpath","value":"//button[@data-kt=\"provideButton\"]"}
COMMAND: POST /session/80b25485da4cce0461fa749928cde446/elements - {"using":"xpath","value":"//button[@data-kt=\"provideButton\"]"}
RESULT: {"using":"xpath","value":"//button[@data-kt=\"provideButton\"]"}
COMMAND: POST /session/80b25485da4cce0461fa749928cde446/elements - {"using":"xpath","value":"//button[@data-kt=\"provideButton\"]"}
RESULT: {"using":"xpath","value":"//button[@data-kt=\"provideButton\"]"}
COMMAND: POST /session/80b25485da4cce0461fa749928cde446/elements - {"using":"xpath","value":"//button[@data-kt=\"provideButton\"]"}
RESULT: {"using":"xpath","value":"//button[@data-kt=\"provideButton\"]"}
COMMAND: POST /session/80b25485da4cce0461fa749928cde446/elements - {"using":"xpath","value":"//button[@data-kt=\"provideButton\"]"}
RESULT: {"using":"xpath","value":"//button[@data-kt=\"provideButton\"]"}
COMMAND: POST /session/80b25485da4cce0461fa749928cde446/elements - {"using":"xpath","value":"//button[@data-kt=\"provideButton\"]"}
RESULT: {"using":"xpath","value":"//button[@data-kt=\"provideButton\"]"}
COMMAND: POST /session/80b25485da4cce0461fa749928cde446/elements - {"using":"xpath","value":"//button[@data-kt=\"provideButton\"]"}
RESULT: {"using":"xpath","value":"//button[@data-kt=\"provideButton\"]"}
COMMAND: POST /session/80b25485da4cce0461fa749928cde446/elements - {"using":"xpath","value":"//button[@data-kt=\"provideButton\"]"}
RESULT: {"using":"xpath","value":"//button[@data-kt=\"provideButton\"]"}
COMMAND: POST /session/80b25485da4cce0461fa749928cde446/elements - {"using":"xpath","value":"//button[@data-kt=\"provideButton\"]"}
RESULT: {"using":"xpath","value":"//button[@data-kt=\"provideButton\"]"}
COMMAND: POST /session/80b25485da4cce0461fa749928cde446/elements - {"using":"xpath","value":"//button[@data-kt=\"provideButton\"]"}
RESULT: {"using":"xpath","value":"//button[@data-kt=\"provideButton\"]"}
COMMAND: POST /session/80b25485da4cce0461fa749928cde446/elements - {"using":"xpath","value":"//button[@data-kt=\"provideButton\"]"}
RESULT: {"using":"xpath","value":"//button[@data-kt=\"provideButton\"]"}
COMMAND: POST /session/80b25485da4cce0461fa749928cde446/elements - {"using":"xpath","value":"//button[@data-kt=\"provideButton\"]"}
RESULT: {"using":"xpath","value":"//button[@data-kt=\"provideButton\"]"}
COMMAND: POST /session/80b25485da4cce0461fa749928cde446/elements - {"using":"xpath","value":"//button[@data-kt=\"provideButton\"]"}
RESULT: {"using":"xpath","value":"//button[@data-kt=\"provideButton\"]"}
COMMAND: POST /session/80b25485da4cce0461fa749928cde446/elements - {"using":"xpath","value":"//button[@data-kt=\"provideButton\"]"}
RESULT: {"using":"xpath","value":"//button[@data-kt=\"provideButton\"]"}
COMMAND: POST /session/80b25485da4cce0461fa749928cde446/elements - {"using":"xpath","value":"//button[@data-kt=\"provideButton\"]"}
RESULT: {"using":"xpath","value":"//button[@data-kt=\"provideButton\"]"}
COMMAND: POST /session/80b25485da4cce0461fa749928cde446/elements - {"using":"xpath","value":"//button[@data-kt=\"provideButton\"]"}
RESULT: {"using":"xpath","value":"//button[@data-kt=\"provideButton\"]"}
COMMAND: POST /session/80b25485da4cce0461fa749928cde446/elements - {"using":"xpath","value":"//button[@data-kt=\"provideButton\"]"}
RESULT: {"using":"xpath","value":"//button[@data-kt=\"provideButton\"]"}
COMMAND: POST /session/80b25485da4cce0461fa749928cde446/elements - {"using":"xpath","value":"//button[@data-kt=\"provideButton\"]"}
RESULT: {"using":"xpath","value":"//button[@data-kt=\"provideButton\"]"}
COMMAND: POST /session/80b25485da4cce0461fa749928cde446/elements - {"using":"xpath","value":"//button[@data-kt=\"provideButton\"]"}
RESULT: {"using":"xpath","value":"//button[@data-kt=\"provideButton\"]"}
COMMAND: POST /session/80b25485da4cce0461fa749928cde446/elements - {"using":"xpath","value":"//button[@data-kt=\"provideButton\"]"}
RESULT: {"using":"xpath","value":"//button[@data-kt=\"provideButton\"]"}
COMMAND: POST /session/80b25485da4cce0461fa749928cde446/elements - {"using":"xpath","value":"//button[@data-kt=\"provideButton\"]"}
RESULT: {"using":"xpath","value":"//button[@data-kt=\"provideButton\"]"}
COMMAND: POST /session/80b25485da4cce0461fa749928cde446/elements - {"using":"xpath","value":"//button[@data-kt=\"provideButton\"]"}
RESULT: {"using":"xpath","value":"//button[@data-kt=\"provideButton\"]"}
COMMAND: POST /session/80b25485da4cce0461fa749928cde446/elements - {"using":"xpath","value":"//button[@data-kt=\"provideButton\"]"}
RESULT: {"using":"xpath","value":"//button[@data-kt=\"provideButton\"]"}
COMMAND: POST /session/80b25485da4cce0461fa749928cde446/elements - {"using":"xpath","value":"//button[@data-kt=\"provideButton\"]"}
RESULT: {"using":"xpath","value":"//button[@data-kt=\"provideButton\"]"}
COMMAND: POST /session/80b25485da4cce0461fa749928cde446/elements - {"using":"xpath","value":"//button[@data-kt=\"provideButton\"]"}
RESULT: {"using":"xpath","value":"//button[@data-kt=\"provideButton\"]"}
COMMAND: POST /session/80b25485da4cce0461fa749928cde446/elements - {"using":"xpath","value":"//button[@data-kt=\"provideButton\"]"}
RESULT: {"using":"xpath","value":"//button[@data-kt=\"provideButton\"]"}
COMMAND: POST /session/80b25485da4cce0461fa749928cde446/elements - {"using":"xpath","value":"//button[@data-kt=\"provideButton\"]"}
RESULT: {"using":"xpath","value":"//button[@data-kt=\"provideButton\"]"}
COMMAND: POST /session/80b25485da4cce0461fa749928cde446/elements - {"using":"xpath","value":"//button[@data-kt=\"provideButton\"]"}
RESULT: {"using":"xpath","value":"//button[@data-kt=\"provideButton\"]"}
COMMAND: POST /session/80b25485da4cce0461fa749928cde446/elements - {"using":"xpath","value":"//button[@data-kt=\"provideButton\"]"}
RESULT: {"using":"xpath","value":"//button[@data-kt=\"provideButton\"]"}
COMMAND: POST /session/80b25485da4cce0461fa749928cde446/elements - {"using":"xpath","value":"//button[@data-kt=\"provideButton\"]"}
RESULT: {"using":"xpath","value":"//button[@data-kt=\"provideButton\"]"}
COMMAND: POST /session/80b25485da4cce0461fa749928cde446/elements - {"using":"xpath","value":"//button[@data-kt=\"provideButton\"]"}
RESULT: {"using":"xpath","value":"//button[@data-kt=\"provideButton\"]"}
COMMAND: POST /session/80b25485da4cce0461fa749928cde446/elements - {"using":"xpath","value":"//button[@data-kt=\"provideButton\"]"}
RESULT: {"using":"xpath","value":"//button[@data-kt=\"provideButton\"]"}
COMMAND: POST /session/80b25485da4cce0461fa749928cde446/elements - {"using":"xpath","value":"//button[@data-kt=\"provideButton\"]"}
RESULT: {"using":"xpath","value":"//button[@data-kt=\"provideButton\"]"}
COMMAND: POST /session/80b25485da4cce0461fa749928cde446/elements - {"using":"xpath","value":"//button[@data-kt=\"provideButton\"]"}
RESULT: {"using":"xpath","value":"//button[@data-kt=\"provideButton\"]"}
COMMAND: POST /session/80b25485da4cce0461fa749928cde446/elements - {"using":"xpath","value":"//button[@data-kt=\"provideButton\"]"}
RESULT: {"using":"xpath","value":"//button[@data-kt=\"provideButton\"]"}
COMMAND: POST /session/80b25485da4cce0461fa749928cde446/elements - {"using":"xpath","value":"//button[@data-kt=\"provideButton\"]"}
RESULT: {"using":"xpath","value":"//button[@data-kt=\"provideButton\"]"}
COMMAND: POST /session/80b25485da4cce0461fa749928cde446/elements - {"using":"xpath","value":"//button[@data-kt=\"provideButton\"]"}
RESULT: {"using":"xpath","value":"//button[@data-kt=\"provideButton\"]"}
COMMAND: POST /session/80b25485da4cce0461fa749928cde446/elements - {"using":"xpath","value":"//button[@data-kt=\"provideButton\"]"}
RESULT: {"using":"xpath","value":"//button[@data-kt=\"provideButton\"]"}
COMMAND: POST /session/80b25485da4cce0461fa749928cde446/elements - {"using":"xpath","value":"//button[@data-kt=\"provideButton\"]"}
RESULT: {"using":"xpath","value":"//button[@data-kt=\"provideButton\"]"}
COMMAND: POST /session/80b25485da4cce0461fa749928cde446/elements - {"using":"xpath","value":"//button[@data-kt=\"provideButton\"]"}
RESULT: {"using":"xpath","value":"//button[@data-kt=\"provideButton\"]"}
COMMAND: POST /session/80b25485da4cce0461fa749928cde446/elements - {"using":"xpath","value":"//button[@data-kt=\"provideButton\"]"}
RESULT: {"using":"xpath","value":"//button[@data-kt=\"provideButton\"]"}
COMMAND: POST /session/80b25485da4cce0461fa749928cde446/elements - {"using":"xpath","value":"//button[@data-kt=\"provideButton\"]"}
RESULT: {"using":"xpath","value":"//button[@data-kt=\"provideButton\"]"}
COMMAND: POST /session/80b25485da4cce0461fa749928cde446/elements - {"using":"xpath","value":"//button[@data-kt=\"provideButton\"]"}
RESULT: {"using":"xpath","value":"//button[@data-kt=\"provideButton\"]"}
COMMAND: POST /session/80b25485da4cce0461fa749928cde446/elements - {"using":"xpath","value":"//button[@data-kt=\"provideButton\"]"}
RESULT: {"using":"xpath","value":"//button[@data-kt=\"provideButton\"]"}
COMMAND: POST /session/80b25485da4cce0461fa749928cde446/elements - {"using":"xpath","value":"//button[@data-kt=\"provideButton\"]"}
RESULT: {"using":"xpath","value":"//button[@data-kt=\"provideButton\"]"}
COMMAND: POST /session/80b25485da4cce0461fa749928cde446/elements - {"using":"xpath","value":"//button[@data-kt=\"provideButton\"]"}
RESULT: {"using":"xpath","value":"//button[@data-kt=\"provideButton\"]"}
COMMAND: POST /session/80b25485da4cce0461fa749928cde446/elements - {"using":"xpath","value":"//button[@data-kt=\"provideButton\"]"}
RESULT: {"using":"xpath","value":"//button[@data-kt=\"provideButton\"]"}
COMMAND: POST /session/80b25485da4cce0461fa749928cde446/elements - {"using":"xpath","value":"//button[@data-kt=\"provideButton\"]"}
RESULT: {"using":"xpath","value":"//button[@data-kt=\"provideButton\"]"}
COMMAND: POST /session/80b25485da4cce0461fa749928cde446/elements - {"using":"xpath","value":"//button[@data-kt=\"provideButton\"]"}
RESULT: {"using":"xpath","value":"//button[@data-kt=\"provideButton\"]"}
COMMAND: POST /session/80b25485da4cce0461fa749928cde446/elements - {"using":"xpath","value":"//button[@data-kt=\"provideButton\"]"}
RESULT: {"using":"xpath","value":"//button[@data-kt=\"provideButton\"]"}
COMMAND: POST /session/80b25485da4cce0461fa749928cde446/elements - {"using":"xpath","value":"//button[@data-kt=\"provideButton\"]"}
RESULT: {"using":"xpath","value":"//button[@data-kt=\"provideButton\"]"}
COMMAND: POST /session/80b25485da4cce0461fa749928cde446/elements - {"using":"xpath","value":"//button[@data-kt=\"provideButton\"]"}
RESULT: {"using":"xpath","value":"//button[@data-kt=\"provideButton\"]"}
COMMAND: POST /session/80b25485da4cce0461fa749928cde446/elements - {"using":"xpath","value":"//button[@data-kt=\"provideButton\"]"}
RESULT: {"using":"xpath","value":"//button[@data-kt=\"provideButton\"]"}
COMMAND: POST /session/80b25485da4cce0461fa749928cde446/elements - {"using":"xpath","value":"//button[@data-kt=\"provideButton\"]"}
RESULT: {"using":"xpath","value":"//button[@data-kt=\"provideButton\"]"}
COMMAND: POST /session/80b25485da4cce0461fa749928cde446/elements - {"using":"xpath","value":"//button[@data-kt=\"provideButton\"]"}
RESULT: {"using":"xpath","value":"//button[@data-kt=\"provideButton\"]"}
COMMAND: POST /session/80b25485da4cce0461fa749928cde446/elements - {"using":"xpath","value":"//button[@data-kt=\"provideButton\"]"}
RESULT: {"using":"xpath","value":"//button[@data-kt=\"provideButton\"]"}
COMMAND: POST /session/80b25485da4cce0461fa749928cde446/elements - {"using":"xpath","value":"//button[@data-kt=\"provideButton\"]"}
RESULT: {"using":"xpath","value":"//button[@data-kt=\"provideButton\"]"}
COMMAND: POST /session/80b25485da4cce0461fa749928cde446/elements - {"using":"xpath","value":"//button[@data-kt=\"provideButton\"]"}
RESULT: {"using":"xpath","value":"//button[@data-kt=\"provideButton\"]"}
COMMAND: POST /session/80b25485da4cce0461fa749928cde446/elements - {"using":"xpath","value":"//button[@data-kt=\"provideButton\"]"}
RESULT: {"using":"xpath","value":"//button[@data-kt=\"provideButton\"]"}
COMMAND: POST /session/80b25485da4cce0461fa749928cde446/elements - {"using":"xpath","value":"//button[@data-kt=\"provideButton\"]"}
RESULT: {"using":"xpath","value":"//button[@data-kt=\"provideButton\"]"}
COMMAND: POST /session/80b25485da4cce0461fa749928cde446/elements - {"using":"xpath","value":"//button[@data-kt=\"provideButton\"]"}
RESULT: {"using":"xpath","value":"//button[@data-kt=\"provideButton\"]"}
COMMAND: POST /session/80b25485da4cce0461fa749928cde446/elements - {"using":"xpath","value":"//button[@data-kt=\"provideButton\"]"}
RESULT: {"using":"xpath","value":"//button[@data-kt=\"provideButton\"]"}
COMMAND: POST /session/80b25485da4cce0461fa749928cde446/elements - {"using":"xpath","value":"//button[@data-kt=\"provideButton\"]"}
RESULT: {"using":"xpath","value":"//button[@data-kt=\"provideButton\"]"}
COMMAND: POST /session/80b25485da4cce0461fa749928cde446/elements - {"using":"xpath","value":"//button[@data-kt=\"provideButton\"]"}
RESULT: {"using":"xpath","value":"//button[@data-kt=\"provideButton\"]"}
COMMAND: POST /session/80b25485da4cce0461fa749928cde446/elements - {"using":"xpath","value":"//button[@data-kt=\"provideButton\"]"}
RESULT: {"using":"xpath","value":"//button[@data-kt=\"provideButton\"]"}
COMMAND: POST /session/80b25485da4cce0461fa749928cde446/elements - {"using":"xpath","value":"//button[@data-kt=\"provideButton\"]"}
RESULT: {"using":"xpath","value":"//button[@data-kt=\"provideButton\"]"}
COMMAND: POST /session/80b25485da4cce0461fa749928cde446/elements - {"using":"xpath","value":"//button[@data-kt=\"provideButton\"]"}
RESULT: {"using":"xpath","value":"//button[@data-kt=\"provideButton\"]"}
COMMAND: POST /session/80b25485da4cce0461fa749928cde446/elements - {"using":"xpath","value":"//button[@data-kt=\"provideButton\"]"}
RESULT: {"using":"xpath","value":"//button[@data-kt=\"provideButton\"]"}
COMMAND: POST /session/80b25485da4cce0461fa749928cde446/elements - {"using":"xpath","value":"//button[@data-kt=\"provideButton\"]"}
RESULT: {"using":"xpath","value":"//button[@data-kt=\"provideButton\"]"}
COMMAND: POST /session/80b25485da4cce0461fa749928cde446/elements - {"using":"xpath","value":"//button[@data-kt=\"provideButton\"]"}
RESULT: {"using":"xpath","value":"//button[@data-kt=\"provideButton\"]"}
COMMAND: POST /session/80b25485da4cce0461fa749928cde446/elements - {"using":"xpath","value":"//button[@data-kt=\"provideButton\"]"}
RESULT: {"using":"xpath","value":"//button[@data-kt=\"provideButton\"]"}
COMMAND: POST /session/80b25485da4cce0461fa749928cde446/elements - {"using":"xpath","value":"//button[@data-kt=\"provideButton\"]"}
RESULT: {"using":"xpath","value":"//button[@data-kt=\"provideButton\"]"}
COMMAND: POST /session/80b25485da4cce0461fa749928cde446/elements - {"using":"xpath","value":"//button[@data-kt=\"provideButton\"]"}
RESULT: {"using":"xpath","value":"//button[@data-kt=\"provideButton\"]"}
COMMAND: POST /session/80b25485da4cce0461fa749928cde446/elements - {"using":"xpath","value":"//button[@data-kt=\"provideButton\"]"}
RESULT: {"using":"xpath","value":"//button[@data-kt=\"provideButton\"]"}
COMMAND: POST /session/80b25485da4cce0461fa749928cde446/elements - {"using":"xpath","value":"//button[@data-kt=\"provideButton\"]"}
RESULT: {"using":"xpath","value":"//button[@data-kt=\"provideButton\"]"}
COMMAND: POST /session/80b25485da4cce0461fa749928cde446/elements - {"using":"xpath","value":"//button[@data-kt=\"provideButton\"]"}
RESULT: {"using":"xpath","value":"//button[@data-kt=\"provideButton\"]"}
COMMAND: POST /session/80b25485da4cce0461fa749928cde446/elements - {"using":"xpath","value":"//button[@data-kt=\"provideButton\"]"}
RESULT: {"using":"xpath","value":"//button[@data-kt=\"provideButton\"]"}
COMMAND: POST /session/80b25485da4cce0461fa749928cde446/elements - {"using":"xpath","value":"//button[@data-kt=\"provideButton\"]"}
RESULT: {"using":"xpath","value":"//button[@data-kt=\"provideButton\"]"}
COMMAND: POST /session/80b25485da4cce0461fa749928cde446/elements - {"using":"xpath","value":"//button[@data-kt=\"provideButton\"]"}
RESULT: {"using":"xpath","value":"//button[@data-kt=\"provideButton\"]"}
COMMAND: POST /session/80b25485da4cce0461fa749928cde446/elements - {"using":"xpath","value":"//button[@data-kt=\"provideButton\"]"}
RESULT: {"using":"xpath","value":"//button[@data-kt=\"provideButton\"]"}
COMMAND: POST /session/80b25485da4cce0461fa749928cde446/elements - {"using":"xpath","value":"//button[@data-kt=\"provideButton\"]"}
RESULT: {"using":"xpath","value":"//button[@data-kt=\"provideButton\"]"}
COMMAND: POST /session/80b25485da4cce0461fa749928cde446/elements - {"using":"xpath","value":"//button[@data-kt=\"provideButton\"]"}
RESULT: {"using":"xpath","value":"//button[@data-kt=\"provideButton\"]"}
COMMAND: POST /session/80b25485da4cce0461fa749928cde446/elements - {"using":"xpath","value":"//button[@data-kt=\"provideButton\"]"}
RESULT: {"using":"xpath","value":"//button[@data-kt=\"provideButton\"]"}
COMMAND: POST /session/80b25485da4cce0461fa749928cde446/elements - {"using":"xpath","value":"//button[@data-kt=\"provideButton\"]"}
RESULT: {"using":"xpath","value":"//button[@data-kt=\"provideButton\"]"}
COMMAND: POST /session/80b25485da4cce0461fa749928cde446/elements - {"using":"xpath","value":"//button[@data-kt=\"provideButton\"]"}
RESULT: {"using":"xpath","value":"//button[@data-kt=\"provideButton\"]"}
COMMAND: POST /session/80b25485da4cce0461fa749928cde446/elements - {"using":"xpath","value":"//button[@data-kt=\"provideButton\"]"}
RESULT: {"using":"xpath","value":"//button[@data-kt=\"provideButton\"]"}
COMMAND: POST /session/80b25485da4cce0461fa749928cde446/elements - {"using":"xpath","value":"//button[@data-kt=\"provideButton\"]"}
RESULT: {"using":"xpath","value":"//button[@data-kt=\"provideButton\"]"}
COMMAND: POST /session/80b25485da4cce0461fa749928cde446/elements - {"using":"xpath","value":"//button[@data-kt=\"provideButton\"]"}
RESULT: {"using":"xpath","value":"//button[@data-kt=\"provideButton\"]"}
COMMAND: POST /session/80b25485da4cce0461fa749928cde446/elements - {"using":"xpath","value":"//button[@data-kt=\"provideButton\"]"}
RESULT: {"using":"xpath","value":"//button[@data-kt=\"provideButton\"]"}
COMMAND: POST /session/80b25485da4cce0461fa749928cde446/elements - {"using":"xpath","value":"//button[@data-kt=\"provideButton\"]"}
RESULT: {"using":"xpath","value":"//button[@data-kt=\"provideButton\"]"}
COMMAND: POST /session/80b25485da4cce0461fa749928cde446/elements - {"using":"xpath","value":"//button[@data-kt=\"provideButton\"]"}
RESULT: {"using":"xpath","value":"//button[@data-kt=\"provideButton\"]"}
COMMAND: POST /session/80b25485da4cce0461fa749928cde446/elements - {"using":"xpath","value":"//button[@data-kt=\"provideButton\"]"}
RESULT: {"using":"xpath","value":"//button[@data-kt=\"provideButton\"]"}
COMMAND: POST /session/80b25485da4cce0461fa749928cde446/elements - {"using":"xpath","value":"//button[@data-kt=\"provideButton\"]"}
RESULT: {"using":"xpath","value":"//button[@data-kt=\"provideButton\"]"}
COMMAND: POST /session/80b25485da4cce0461fa749928cde446/elements - {"using":"xpath","value":"//button[@data-kt=\"provideButton\"]"}
RESULT: {"using":"xpath","value":"//button[@data-kt=\"provideButton\"]"}
COMMAND: POST /session/80b25485da4cce0461fa749928cde446/elements - {"using":"xpath","value":"//button[@data-kt=\"provideButton\"]"}
RESULT: {"using":"xpath","value":"//button[@data-kt=\"provideButton\"]"}
COMMAND: POST /session/80b25485da4cce0461fa749928cde446/elements - {"using":"xpath","value":"//button[@data-kt=\"provideButton\"]"}
RESULT: {"using":"xpath","value":"//button[@data-kt=\"provideButton\"]"}
COMMAND: POST /session/80b25485da4cce0461fa749928cde446/elements - {"using":"xpath","value":"//button[@data-kt=\"provideButton\"]"}
RESULT: {"using":"xpath","value":"//button[@data-kt=\"provideButton\"]"}
COMMAND: POST /session/80b25485da4cce0461fa749928cde446/elements - {"using":"xpath","value":"//button[@data-kt=\"provideButton\"]"}
RESULT: {"using":"xpath","value":"//button[@data-kt=\"provideButton\"]"}
COMMAND: POST /session/80b25485da4cce0461fa749928cde446/elements - {"using":"xpath","value":"//button[@data-kt=\"provideButton\"]"}
RESULT: {"using":"xpath","value":"//button[@data-kt=\"provideButton\"]"}
COMMAND: POST /session/80b25485da4cce0461fa749928cde446/elements - {"using":"xpath","value":"//button[@data-kt=\"provideButton\"]"}
RESULT: {"using":"xpath","value":"//button[@data-kt=\"provideButton\"]"}
COMMAND: POST /session/80b25485da4cce0461fa749928cde446/elements - {"using":"xpath","value":"//button[@data-kt=\"provideButton\"]"}
RESULT: {"using":"xpath","value":"//button[@data-kt=\"provideButton\"]"}
COMMAND: POST /session/80b25485da4cce0461fa749928cde446/elements - {"using":"xpath","value":"//button[@data-kt=\"provideButton\"]"}
RESULT: {"using":"xpath","value":"//button[@data-kt=\"provideButton\"]"}
COMMAND: POST /session/80b25485da4cce0461fa749928cde446/elements - {"using":"xpath","value":"//button[@data-kt=\"provideButton\"]"}
RESULT: {"using":"xpath","value":"//button[@data-kt=\"provideButton\"]"}
COMMAND: POST /session/80b25485da4cce0461fa749928cde446/elements - {"using":"xpath","value":"//button[@data-kt=\"provideButton\"]"}
RESULT: {"using":"xpath","value":"//button[@data-kt=\"provideButton\"]"}
COMMAND: POST /session/80b25485da4cce0461fa749928cde446/elements - {"using":"xpath","value":"//button[@data-kt=\"provideButton\"]"}
RESULT: {"using":"xpath","value":"//button[@data-kt=\"provideButton\"]"}
COMMAND: POST /session/80b25485da4cce0461fa749928cde446/elements - {"using":"xpath","value":"//button[@data-kt=\"provideButton\"]"}
RESULT: {"using":"xpath","value":"//button[@data-kt=\"provideButton\"]"}
COMMAND: POST /session/80b25485da4cce0461fa749928cde446/elements - {"using":"xpath","value":"//button[@data-kt=\"provideButton\"]"}
RESULT: {"using":"xpath","value":"//button[@data-kt=\"provideButton\"]"}
COMMAND: POST /session/80b25485da4cce0461fa749928cde446/elements - {"using":"xpath","value":"//button[@data-kt=\"provideButton\"]"}
RESULT: {"using":"xpath","value":"//button[@data-kt=\"provideButton\"]"}
COMMAND: POST /session/80b25485da4cce0461fa749928cde446/elements - {"using":"xpath","value":"//button[@data-kt=\"provideButton\"]"}
RESULT: {"using":"xpath","value":"//button[@data-kt=\"provideButton\"]"}
COMMAND: POST /session/80b25485da4cce0461fa749928cde446/elements - {"using":"xpath","value":"//button[@data-kt=\"provideButton\"]"}
RESULT: {"using":"xpath","value":"//button[@data-kt=\"provideButton\"]"}
COMMAND: POST /session/80b25485da4cce0461fa749928cde446/elements - {"using":"xpath","value":"//button[@data-kt=\"provideButton\"]"}
RESULT: {"using":"xpath","value":"//button[@data-kt=\"provideButton\"]"}
COMMAND: POST /session/80b25485da4cce0461fa749928cde446/elements - {"using":"xpath","value":"//button[@data-kt=\"provideButton\"]"}
RESULT: {"using":"xpath","value":"//button[@data-kt=\"provideButton\"]"}
COMMAND: POST /session/80b25485da4cce0461fa749928cde446/elements - {"using":"xpath","value":"//button[@data-kt=\"provideButton\"]"}
RESULT: {"using":"xpath","value":"//button[@data-kt=\"provideButton\"]"}
COMMAND: POST /session/80b25485da4cce0461fa749928cde446/elements - {"using":"xpath","value":"//button[@data-kt=\"provideButton\"]"}
RESULT: {"using":"xpath","value":"//button[@data-kt=\"provideButton\"]"}
COMMAND: POST /session/80b25485da4cce0461fa749928cde446/elements - {"using":"xpath","value":"//button[@data-kt=\"provideButton\"]"}
RESULT: {"using":"xpath","value":"//button[@data-kt=\"provideButton\"]"}
COMMAND: POST /session/80b25485da4cce0461fa749928cde446/elements - {"using":"xpath","value":"//button[@data-kt=\"provideButton\"]"}
RESULT: {"using":"xpath","value":"//button[@data-kt=\"provideButton\"]"}
COMMAND: POST /session/80b25485da4cce0461fa749928cde446/elements - {"using":"xpath","value":"//button[@data-kt=\"provideButton\"]"}
RESULT: {"using":"xpath","value":"//button[@data-kt=\"provideButton\"]"}
COMMAND: POST /session/80b25485da4cce0461fa749928cde446/elements - {"using":"xpath","value":"//button[@data-kt=\"provideButton\"]"}
COMMAND: GET /session/80b25485da4cce0461fa749928cde446/screenshot - {}
RESULT: {"using":"xpath","value":"//button[@data-kt=\"provideButton\"]"}
RESULT: {}
]]></system-out>
      <system-err><![CDATA[
Error: Can't call click on element with selector "//button[@data-kt="provideButton"]" because element wasn't found
    at async Context.<anonymous> (D:\a\1\s\test\specs\HTR\provide-to-site-wo-warehouse-w-clarification.spec.js:68:9)
]]></system-err>
    </testcase>
    <testcase classname="chrome.136_0_7103_93.windows.Provide_to_Site_w/o_warehouse_management_w_clarification" name="Should Test for Handover Execution" time="11.924">
      <system-out><![CDATA[
COMMAND: POST /session/80b25485da4cce0461fa749928cde446/element - {"using":"xpath","value":"(//span[contains(@id, \"imgNav\")])[1]"}
COMMAND: GET /session/80b25485da4cce0461fa749928cde446/screenshot - {}
RESULT: {"using":"xpath","value":"(//span[contains(@id, \"imgNav\")])[1]"}
COMMAND: POST /session/80b25485da4cce0461fa749928cde446/element/f.499FA332C3249B1FB6786AFDCB682F30.d.5E95D5839D55B53BBEA8AC9AFE2488E0.e.10039/click - {}
RESULT: {}
RESULT: {}
COMMAND: GET /session/80b25485da4cce0461fa749928cde446/screenshot - {}
RESULT: {}
COMMAND: POST /session/80b25485da4cce0461fa749928cde446/element - {"using":"css selector","value":"#shell-header-logo"}
RESULT: {"using":"css selector","value":"#shell-header-logo"}
COMMAND: POST /session/80b25485da4cce0461fa749928cde446/element/f.499FA332C3249B1FB6786AFDCB682F30.d.5E95D5839D55B53BBEA8AC9AFE2488E0.e.9942/click - {}
RESULT: {}
COMMAND: GET /session/80b25485da4cce0461fa749928cde446/screenshot - {}
RESULT: {}
]]></system-out>
    </testcase>
    <testcase classname="chrome.136_0_7103_93.windows.Provide_to_Site_w/o_warehouse_management_w_clarification" name="Should test for Clarification" time="0.004">
      <system-out><![CDATA[
COMMAND: POST /session/80b25485da4cce0461fa749928cde446/element - {"using":"css selector","value":"#j_username"}
COMMAND: POST /session/80b25485da4cce0461fa749928cde446/url - {"url":"https://qa-testing-00-live-etm-ui.cfapps.eu10-004.hana.ondemand.com/"}
COMMAND: GET /session/80b25485da4cce0461fa749928cde446/screenshot - {}
RESULT: {"using":"css selector","value":"#j_username"}
COMMAND: POST /session/80b25485da4cce0461fa749928cde446/element - {"using":"css selector","value":"#j_username"}
RESULT: {"url":"https://qa-testing-00-live-etm-ui.cfapps.eu10-004.hana.ondemand.com/"}
RESULT: undefined
COMMAND: GET /session/80b25485da4cce0461fa749928cde446/screenshot - {}
RESULT: {}
RESULT: {"using":"css selector","value":"#j_username"}
COMMAND: POST /session/80b25485da4cce0461fa749928cde446/element - {"using":"css selector","value":"#shell-header-logo"}
RESULT: {}
RESULT: {"using":"css selector","value":"#shell-header-logo"}
COMMAND: POST /session/80b25485da4cce0461fa749928cde446/execute/sync - {"script":"<script> [8489 bytes]","args":[{"element-6066-11e4-a52e-4f735466cecf":"f.499FA332C3249B1FB6786AFDCB682F30.d.DC9F8673E45B2E22B92B3FD27338CEF6.e.10394","ELEMENT":"f.499FA332C3249B1FB6786AFDCB682F30.d.DC9F8673E45B2E22B92B3FD27338CEF6.e.10394"}]}
RESULT: {"script":"<script> [8489 bytes]","args":[{"element-6066-11e4-a52e-4f735466cecf":"f.499FA332C3249B1FB6786AFDCB682F30.d.DC9F8673E45B2E22B92B3FD27338CEF6.e.10394","ELEMENT":"f.499FA332C3249B1FB6786AFDCB682F30.d.DC9F8673E45B2E22B92B3FD27338CEF6.e.10394"}]}
COMMAND: POST /session/80b25485da4cce0461fa749928cde446/element - {"using":"css selector","value":"#shell-header-logo"}
COMMAND: GET /session/80b25485da4cce0461fa749928cde446/screenshot - {}
RESULT: {"using":"css selector","value":"#shell-header-logo"}
COMMAND: POST /session/80b25485da4cce0461fa749928cde446/execute/sync - {"script":"<script> [8489 bytes]","args":[{"element-6066-11e4-a52e-4f735466cecf":"f.499FA332C3249B1FB6786AFDCB682F30.d.DC9F8673E45B2E22B92B3FD27338CEF6.e.10394","ELEMENT":"f.499FA332C3249B1FB6786AFDCB682F30.d.DC9F8673E45B2E22B92B3FD27338CEF6.e.10394"}]}
RESULT: {}
RESULT: {"script":"<script> [8489 bytes]","args":[{"element-6066-11e4-a52e-4f735466cecf":"f.499FA332C3249B1FB6786AFDCB682F30.d.DC9F8673E45B2E22B92B3FD27338CEF6.e.10394","ELEMENT":"f.499FA332C3249B1FB6786AFDCB682F30.d.DC9F8673E45B2E22B92B3FD27338CEF6.e.10394"}]}
COMMAND: POST /session/80b25485da4cce0461fa749928cde446/execute/sync - {"script":"<script> [5351 bytes]","args":[{"element-6066-11e4-a52e-4f735466cecf":"f.499FA332C3249B1FB6786AFDCB682F30.d.DC9F8673E45B2E22B92B3FD27338CEF6.e.10394","ELEMENT":"f.499FA332C3249B1FB6786AFDCB682F30.d.DC9F8673E45B2E22B92B3FD27338CEF6.e.10394"}]}
COMMAND: GET /session/80b25485da4cce0461fa749928cde446/screenshot - {}
RESULT: {}
RESULT: {"script":"<script> [5351 bytes]","args":[{"element-6066-11e4-a52e-4f735466cecf":"f.499FA332C3249B1FB6786AFDCB682F30.d.DC9F8673E45B2E22B92B3FD27338CEF6.e.10394","ELEMENT":"f.499FA332C3249B1FB6786AFDCB682F30.d.DC9F8673E45B2E22B92B3FD27338CEF6.e.10394"}]}
COMMAND: POST /session/80b25485da4cce0461fa749928cde446/element - {"using":"css selector","value":"#shell-header-logo"}
COMMAND: GET /session/80b25485da4cce0461fa749928cde446/screenshot - {}
RESULT: {"using":"css selector","value":"#shell-header-logo"}
COMMAND: POST /session/80b25485da4cce0461fa749928cde446/element/f.499FA332C3249B1FB6786AFDCB682F30.d.DC9F8673E45B2E22B92B3FD27338CEF6.e.10394/click - {}
RESULT: {}
RESULT: {}
COMMAND: GET /session/80b25485da4cce0461fa749928cde446/screenshot - {}
RESULT: {}
COMMAND: POST /session/80b25485da4cce0461fa749928cde446/execute/async - {"script":"<script> [189 bytes]","args":[]}
RESULT: {"script":"<script> [189 bytes]","args":[]}
COMMAND: POST /session/80b25485da4cce0461fa749928cde446/execute/async - {"script":"<script> [123 bytes]","args":[]}
RESULT: {"script":"<script> [123 bytes]","args":[]}
COMMAND: POST /session/80b25485da4cce0461fa749928cde446/timeouts - {"script":"<number>"}
RESULT: {"script":"<number>"}
COMMAND: GET /session/80b25485da4cce0461fa749928cde446/timeouts - {}
RESULT: {}
RESULT: undefined
COMMAND: POST /session/80b25485da4cce0461fa749928cde446/execute/async - {"script":"<script> [2676 bytes]","args":[]}
RESULT: {"script":"<script> [2676 bytes]","args":[]}
COMMAND: POST /session/80b25485da4cce0461fa749928cde446/execute/async - {"script":"<script> [2342 bytes]","args":[{"protocol":"http","hostname":"0.0.0.0","path":"/","capabilities":{"browserName":"chrome","goog:chromeOptions":{"binary":"C:\\Program Files\\Google\\Chrome\\Application\\chrome.exe","args":["--start-maximized"]}},"logLevel":"warn","connectionRetryTimeout":120000,"connectionRetryCount":3,"logLevels":{},"enableDirectConnect":true,"strictSSL":true,"_":"65 more keys: [\"cacheDir\",\"port\",\"requestedCapabilities\",\"automationProtocol\",\"baseUrl\",\"waitforInterval\",\"waitforTimeout\",\"onReload\",\"beforeCommand\",\"afterCommand\",\"rootDir\",\"specs\",\"suites\",\"exclude\",\"groupLogsByTestSpec\",\"excludeDriverLogs\",\"bail\",\"framework\",\"reporters\",\"services\",\"maxInstances\",\"maxInstancesPerCapability\",\"injectGlobals\",\"filesToWatch\",\"execArgv\",\"runnerEnv\",\"runner\",\"shard\",\"specFileRetries\",\"specFileRetriesDelay\",\"specFileRetriesDeferred\",\"reporterSyncInterval\",\"reporterSyncTimeout\",\"cucumberFeaturesWithLineNumbers\",\"autoCompileOpts\",\"mochaOpts\",\"jasmineOpts\",\"cucumberOpts\",\"onPrepare\",\"onWorkerStart\",\"onWorkerEnd\",\"before\",\"beforeSession\",\"beforeSuite\",\"beforeHook\",\"beforeTest\",\"afterTest\",\"afterHook\",\"afterSuite\",\"afterSession\",\"after\",\"onComplete\",\"beforeAssertion\",\"afterAssertion\",\"beforeFeature\",\"beforeScenario\",\"beforeStep\",\"afterStep\",\"afterScenario\",\"afterFeature\",\"_\",\"suite\",\"$0\",\"ignoredWorkerServices\",\"wdi5\"]"}]}
RESULT: {"script":"<script> [2342 bytes]","args":[{"protocol":"http","hostname":"0.0.0.0","path":"/","capabilities":{"browserName":"chrome","goog:chromeOptions":{"binary":"C:\\Program Files\\Google\\Chrome\\Application\\chrome.exe","args":["--start-maximized"]}},"logLevel":"warn","connectionRetryTimeout":120000,"connectionRetryCount":3,"logLevels":{},"enableDirectConnect":true,"strictSSL":true,"_":"65 more keys: [\"cacheDir\",\"port\",\"requestedCapabilities\",\"automationProtocol\",\"baseUrl\",\"waitforInterval\",\"waitforTimeout\",\"onReload\",\"beforeCommand\",\"afterCommand\",\"rootDir\",\"specs\",\"suites\",\"exclude\",\"groupLogsByTestSpec\",\"excludeDriverLogs\",\"bail\",\"framework\",\"reporters\",\"services\",\"maxInstances\",\"maxInstancesPerCapability\",\"injectGlobals\",\"filesToWatch\",\"execArgv\",\"runnerEnv\",\"runner\",\"shard\",\"specFileRetries\",\"specFileRetriesDelay\",\"specFileRetriesDeferred\",\"reporterSyncInterval\",\"reporterSyncTimeout\",\"cucumberFeaturesWithLineNumbers\",\"autoCompileOpts\",\"mochaOpts\",\"jasmineOpts\",\"cucumberOpts\",\"onPrepare\",\"onWorkerStart\",\"onWorkerEnd\",\"before\",\"beforeSession\",\"beforeSuite\",\"beforeHook\",\"beforeTest\",\"afterTest\",\"afterHook\",\"afterSuite\",\"afterSession\",\"after\",\"onComplete\",\"beforeAssertion\",\"afterAssertion\",\"beforeFeature\",\"beforeScenario\",\"beforeStep\",\"afterStep\",\"afterScenario\",\"afterFeature\",\"_\",\"suite\",\"$0\",\"ignoredWorkerServices\",\"wdi5\"]"}]}
COMMAND: POST /session/80b25485da4cce0461fa749928cde446/execute/async - {"script":"<script> [21126 bytes]","args":[35000]}
RESULT: {"script":"<script> [21126 bytes]","args":[35000]}
COMMAND: POST /session/80b25485da4cce0461fa749928cde446/window/maximize - {}
RESULT: {}
COMMAND: POST /session/80b25485da4cce0461fa749928cde446/execute/async - {"script":"<script> [1562 bytes]","args":[{"selector":{"id":"shell-header","interaction":{"idSuffix":"icon"}},"wdio_ui5_key":"shellheader"}]}
COMMAND: GET /session/80b25485da4cce0461fa749928cde446/screenshot - {}
RESULT: {"script":"<script> [1562 bytes]","args":[{"selector":{"id":"shell-header","interaction":{"idSuffix":"icon"}},"wdio_ui5_key":"shellheader"}]}
RESULT: undefined
COMMAND: POST /session/80b25485da4cce0461fa749928cde446/window/fullscreen - {}
RESULT: {}
RESULT: {}
]]></system-out>
    </testcase>
  </testsuite>
  <testsuite timestamp="2025-06-01T16:57:11" time="134.865" tests="4" failures="0" errors="0" skipped="0">
    <properties>
      <property name="specId" value="0"/>
      <property name="suiteName" value="Provide to Site w/o warehouse management w/o clarification US116612"/>
      <property name="capabilities" value="chrome.136_0_7103_93.windows"/>
      <property name="file" value="file:///D:/a/1/s/test/specs/HTR/provide-to-site-wo-warehouse-wo-clarification.spec.js"/>
    </properties>
    <testcase classname="chrome.136_0_7103_93.windows.Provide_to_Site_w/o_warehouse_management_w/o_clarification_US116612" name="Should create a new yard" time="0.063">
      <system-out><![CDATA[
COMMAND: POST /session/80b25485da4cce0461fa749928cde446/window/fullscreen - {}
RESULT: {}
]]></system-out>
    </testcase>
    <testcase classname="chrome.136_0_7103_93.windows.Provide_to_Site_w/o_warehouse_management_w/o_clarification_US116612" name="Should create a new external partner" time="0.004"/>
    <testcase classname="chrome.136_0_7103_93.windows.Provide_to_Site_w/o_warehouse_management_w/o_clarification_US116612" name="Should create a new site" time="0.004"/>
    <testcase classname="chrome.136_0_7103_93.windows.Provide_to_Site_w/o_warehouse_management_w/o_clarification_US116612" name="Should create a new material" time="117.385">
      <system-out><![CDATA[
COMMAND: POST /session/80b25485da4cce0461fa749928cde446/execute/async - {"script":"<script> [1562 bytes]","args":[{"selector":{"controlType":"sap.m.GenericTile","properties":{"header":"Manage Resources"}},"wdio_ui5_key":"sapm.GenericTile{\"header\":\"Manage Resources\"}"}]}
RESULT: {"script":"<script> [1562 bytes]","args":[{"selector":{"controlType":"sap.m.GenericTile","properties":{"header":"Manage Resources"}},"wdio_ui5_key":"sapm.GenericTile{\"header\":\"Manage Resources\"}"}]}
RESULT: undefined
COMMAND: POST /session/80b25485da4cce0461fa749928cde446/element - {"using":"xpath","value":"//*[@id=\"__tile31\"]"}
RESULT: {"using":"xpath","value":"//*[@id=\"__tile31\"]"}
COMMAND: POST /session/80b25485da4cce0461fa749928cde446/element/f.499FA332C3249B1FB6786AFDCB682F30.d.DC9F8673E45B2E22B92B3FD27338CEF6.e.10417/click - {}
RESULT: {}
COMMAND: GET /session/80b25485da4cce0461fa749928cde446/screenshot - {}
RESULT: {}
COMMAND: POST /session/80b25485da4cce0461fa749928cde446/elements - {"using":"xpath","value":"//span[text()='Error']"}
RESULT: {"using":"xpath","value":"//span[text()='Error']"}
COMMAND: POST /session/80b25485da4cce0461fa749928cde446/element - {"using":"xpath","value":"//button[@data-kt=\"addNewRUOverflowToolbarButton\"]"}
RESULT: {"using":"xpath","value":"//button[@data-kt=\"addNewRUOverflowToolbarButton\"]"}
COMMAND: POST /session/80b25485da4cce0461fa749928cde446/elements - {"using":"xpath","value":"//button[@data-kt=\"addNewRUOverflowToolbarButton\"]"}
RESULT: {"using":"xpath","value":"//button[@data-kt=\"addNewRUOverflowToolbarButton\"]"}
COMMAND: POST /session/80b25485da4cce0461fa749928cde446/elements - {"using":"xpath","value":"//button[@data-kt=\"addNewRUOverflowToolbarButton\"]"}
RESULT: {"using":"xpath","value":"//button[@data-kt=\"addNewRUOverflowToolbarButton\"]"}
COMMAND: POST /session/80b25485da4cce0461fa749928cde446/elements - {"using":"xpath","value":"//button[@data-kt=\"addNewRUOverflowToolbarButton\"]"}
RESULT: {"using":"xpath","value":"//button[@data-kt=\"addNewRUOverflowToolbarButton\"]"}
COMMAND: POST /session/80b25485da4cce0461fa749928cde446/elements - {"using":"xpath","value":"//button[@data-kt=\"addNewRUOverflowToolbarButton\"]"}
RESULT: {"using":"xpath","value":"//button[@data-kt=\"addNewRUOverflowToolbarButton\"]"}
COMMAND: POST /session/80b25485da4cce0461fa749928cde446/elements - {"using":"xpath","value":"//button[@data-kt=\"addNewRUOverflowToolbarButton\"]"}
RESULT: {"using":"xpath","value":"//button[@data-kt=\"addNewRUOverflowToolbarButton\"]"}
COMMAND: POST /session/80b25485da4cce0461fa749928cde446/elements - {"using":"xpath","value":"//button[@data-kt=\"addNewRUOverflowToolbarButton\"]"}
RESULT: {"using":"xpath","value":"//button[@data-kt=\"addNewRUOverflowToolbarButton\"]"}
COMMAND: POST /session/80b25485da4cce0461fa749928cde446/elements - {"using":"xpath","value":"//button[@data-kt=\"addNewRUOverflowToolbarButton\"]"}
RESULT: {"using":"xpath","value":"//button[@data-kt=\"addNewRUOverflowToolbarButton\"]"}
COMMAND: POST /session/80b25485da4cce0461fa749928cde446/element - {"using":"xpath","value":"//button[@data-kt=\"addNewRUOverflowToolbarButton\"]"}
RESULT: {"using":"xpath","value":"//button[@data-kt=\"addNewRUOverflowToolbarButton\"]"}
COMMAND: POST /session/80b25485da4cce0461fa749928cde446/execute/sync - {"script":"<script> [8489 bytes]","args":[{"element-6066-11e4-a52e-4f735466cecf":"f.499FA332C3249B1FB6786AFDCB682F30.d.DC9F8673E45B2E22B92B3FD27338CEF6.e.10545","ELEMENT":"f.499FA332C3249B1FB6786AFDCB682F30.d.DC9F8673E45B2E22B92B3FD27338CEF6.e.10545"}]}
RESULT: {"script":"<script> [8489 bytes]","args":[{"element-6066-11e4-a52e-4f735466cecf":"f.499FA332C3249B1FB6786AFDCB682F30.d.DC9F8673E45B2E22B92B3FD27338CEF6.e.10545","ELEMENT":"f.499FA332C3249B1FB6786AFDCB682F30.d.DC9F8673E45B2E22B92B3FD27338CEF6.e.10545"}]}
COMMAND: GET /session/80b25485da4cce0461fa749928cde446/element/f.499FA332C3249B1FB6786AFDCB682F30.d.DC9F8673E45B2E22B92B3FD27338CEF6.e.10545/enabled - {}
COMMAND: GET /session/80b25485da4cce0461fa749928cde446/screenshot - {}
RESULT: {}
COMMAND: POST /session/80b25485da4cce0461fa749928cde446/execute/sync - {"script":"<script> [8489 bytes]","args":[{"element-6066-11e4-a52e-4f735466cecf":"f.499FA332C3249B1FB6786AFDCB682F30.d.DC9F8673E45B2E22B92B3FD27338CEF6.e.10545","ELEMENT":"f.499FA332C3249B1FB6786AFDCB682F30.d.DC9F8673E45B2E22B92B3FD27338CEF6.e.10545"}]}
COMMAND: GET /session/80b25485da4cce0461fa749928cde446/screenshot - {}
RESULT: {}
RESULT: {"script":"<script> [8489 bytes]","args":[{"element-6066-11e4-a52e-4f735466cecf":"f.499FA332C3249B1FB6786AFDCB682F30.d.DC9F8673E45B2E22B92B3FD27338CEF6.e.10545","ELEMENT":"f.499FA332C3249B1FB6786AFDCB682F30.d.DC9F8673E45B2E22B92B3FD27338CEF6.e.10545"}]}
COMMAND: POST /session/80b25485da4cce0461fa749928cde446/execute/sync - {"script":"<script> [5351 bytes]","args":[{"element-6066-11e4-a52e-4f735466cecf":"f.499FA332C3249B1FB6786AFDCB682F30.d.DC9F8673E45B2E22B92B3FD27338CEF6.e.10545","ELEMENT":"f.499FA332C3249B1FB6786AFDCB682F30.d.DC9F8673E45B2E22B92B3FD27338CEF6.e.10545"}]}
COMMAND: GET /session/80b25485da4cce0461fa749928cde446/screenshot - {}
RESULT: {}
RESULT: {"script":"<script> [5351 bytes]","args":[{"element-6066-11e4-a52e-4f735466cecf":"f.499FA332C3249B1FB6786AFDCB682F30.d.DC9F8673E45B2E22B92B3FD27338CEF6.e.10545","ELEMENT":"f.499FA332C3249B1FB6786AFDCB682F30.d.DC9F8673E45B2E22B92B3FD27338CEF6.e.10545"}]}
COMMAND: POST /session/80b25485da4cce0461fa749928cde446/element/f.499FA332C3249B1FB6786AFDCB682F30.d.DC9F8673E45B2E22B92B3FD27338CEF6.e.10545/click - {}
COMMAND: GET /session/80b25485da4cce0461fa749928cde446/screenshot - {}
RESULT: {}
RESULT: {}
COMMAND: GET /session/80b25485da4cce0461fa749928cde446/screenshot - {}
RESULT: {}
RESULT: {}
COMMAND: POST /session/80b25485da4cce0461fa749928cde446/execute/async - {"script":"<script> [1562 bytes]","args":[{"selector":{"id":"application-manageresources-display-component---newResourceUnit--TYPE-arrow"},"wdio_ui5_key":"applicationmanageresources-display-component---newResourceUnit--TYPE-arrow"}]}
RESULT: {"script":"<script> [1562 bytes]","args":[{"selector":{"id":"application-manageresources-display-component---newResourceUnit--TYPE-arrow"},"wdio_ui5_key":"applicationmanageresources-display-component---newResourceUnit--TYPE-arrow"}]}
RESULT: undefined
COMMAND: POST /session/80b25485da4cce0461fa749928cde446/element - {"using":"xpath","value":"//*[@id=\"application-manageresources-display-component---newResourceUnit--TYPE-arrow\"]"}
RESULT: {"using":"xpath","value":"//*[@id=\"application-manageresources-display-component---newResourceUnit--TYPE-arrow\"]"}
COMMAND: POST /session/80b25485da4cce0461fa749928cde446/element/f.499FA332C3249B1FB6786AFDCB682F30.d.DC9F8673E45B2E22B92B3FD27338CEF6.e.10920/click - {}
RESULT: {}
COMMAND: POST /session/80b25485da4cce0461fa749928cde446/element - {"using":"xpath","value":"//input[@id=\"application-manageresources-display-component---newResourceUnit--TYPE-inner\"]"}
COMMAND: GET /session/80b25485da4cce0461fa749928cde446/screenshot - {}
RESULT: {"using":"xpath","value":"//input[@id=\"application-manageresources-display-component---newResourceUnit--TYPE-inner\"]"}
COMMAND: POST /session/80b25485da4cce0461fa749928cde446/element/f.499FA332C3249B1FB6786AFDCB682F30.d.DC9F8673E45B2E22B92B3FD27338CEF6.e.10896/clear - {}
RESULT: {}
RESULT: {}
COMMAND: POST /session/80b25485da4cce0461fa749928cde446/element/f.499FA332C3249B1FB6786AFDCB682F30.d.DC9F8673E45B2E22B92B3FD27338CEF6.e.10896/value - {"text":"Material"}
COMMAND: GET /session/80b25485da4cce0461fa749928cde446/screenshot - {}
RESULT: {"text":"Material"}
COMMAND: GET /session/80b25485da4cce0461fa749928cde446/screenshot - {}
RESULT: {}
RESULT: {}
COMMAND: POST /session/80b25485da4cce0461fa749928cde446/actions - {"actions":[{"id":"action33","type":"key","parameters":{},"actions":[{"type":"keyDown","value":""},{"type":"pause","duration":10},{"type":"keyUp","value":""}]}]}
RESULT: {"actions":[{"id":"action33","type":"key","parameters":{},"actions":[{"type":"keyDown","value":""},{"type":"pause","duration":10},{"type":"keyUp","value":""}]}]}
COMMAND: POST /session/80b25485da4cce0461fa749928cde446/execute/async - {"script":"<script> [1562 bytes]","args":[{"selector":{"id":"application-manageresources-display-component---newResourceUnit--SHORT_TEXT","interaction":{"idSuffix":"inner"}},"wdio_ui5_key":"applicationmanageresources-display-component---newResourceUnit--SHORT_TEXT"}]}
COMMAND: GET /session/80b25485da4cce0461fa749928cde446/screenshot - {}
RESULT: {"script":"<script> [1562 bytes]","args":[{"selector":{"id":"application-manageresources-display-component---newResourceUnit--SHORT_TEXT","interaction":{"idSuffix":"inner"}},"wdio_ui5_key":"applicationmanageresources-display-component---newResourceUnit--SHORT_TEXT"}]}
RESULT: undefined
COMMAND: POST /session/80b25485da4cce0461fa749928cde446/execute/async - {"script":"<script> [776 bytes]","args":[{"enterText":"Cement WDIO","selector":{"id":"application-manageresources-display-component---newResourceUnit--SHORT_TEXT","interaction":{"idSuffix":"inner"}},"clearTextFirst":true,"interactionType":"ENTER_TEXT"}]}
RESULT: {}
RESULT: {"script":"<script> [776 bytes]","args":[{"enterText":"Cement WDIO","selector":{"id":"application-manageresources-display-component---newResourceUnit--SHORT_TEXT","interaction":{"idSuffix":"inner"}},"clearTextFirst":true,"interactionType":"ENTER_TEXT"}]}
COMMAND: POST /session/80b25485da4cce0461fa749928cde446/execute/async - {"script":"<script> [1562 bytes]","args":[{"selector":{"id":"application-manageresources-display-component---newResourceUnit--BASE_UNIT_OF_MEASURE","interaction":{"idSuffix":"inner"}},"wdio_ui5_key":"applicationmanageresources-display-component---newResourceUnit--BASE_UNIT_OF_MEASURE"}]}
RESULT: {"script":"<script> [1562 bytes]","args":[{"selector":{"id":"application-manageresources-display-component---newResourceUnit--BASE_UNIT_OF_MEASURE","interaction":{"idSuffix":"inner"}},"wdio_ui5_key":"applicationmanageresources-display-component---newResourceUnit--BASE_UNIT_OF_MEASURE"}]}
RESULT: undefined
COMMAND: POST /session/80b25485da4cce0461fa749928cde446/execute/async - {"script":"<script> [776 bytes]","args":[{"enterText":"Piece","selector":{"id":"application-manageresources-display-component---newResourceUnit--BASE_UNIT_OF_MEASURE","interaction":{"idSuffix":"inner"}},"clearTextFirst":true,"interactionType":"ENTER_TEXT"}]}
RESULT: {"script":"<script> [776 bytes]","args":[{"enterText":"Piece","selector":{"id":"application-manageresources-display-component---newResourceUnit--BASE_UNIT_OF_MEASURE","interaction":{"idSuffix":"inner"}},"clearTextFirst":true,"interactionType":"ENTER_TEXT"}]}
COMMAND: POST /session/80b25485da4cce0461fa749928cde446/execute/async - {"script":"<script> [1562 bytes]","args":[{"selector":{"id":"application-manageresources-display-component---newResourceUnit--WEIGHT_UNIT","interaction":{"idSuffix":"inner"}},"wdio_ui5_key":"applicationmanageresources-display-component---newResourceUnit--WEIGHT_UNIT"}]}
RESULT: {"script":"<script> [1562 bytes]","args":[{"selector":{"id":"application-manageresources-display-component---newResourceUnit--WEIGHT_UNIT","interaction":{"idSuffix":"inner"}},"wdio_ui5_key":"applicationmanageresources-display-component---newResourceUnit--WEIGHT_UNIT"}]}
RESULT: undefined
COMMAND: POST /session/80b25485da4cce0461fa749928cde446/execute/async - {"script":"<script> [776 bytes]","args":[{"enterText":"Gram","selector":{"id":"application-manageresources-display-component---newResourceUnit--WEIGHT_UNIT","interaction":{"idSuffix":"inner"}},"clearTextFirst":true,"interactionType":"ENTER_TEXT"}]}
RESULT: {"script":"<script> [776 bytes]","args":[{"enterText":"Gram","selector":{"id":"application-manageresources-display-component---newResourceUnit--WEIGHT_UNIT","interaction":{"idSuffix":"inner"}},"clearTextFirst":true,"interactionType":"ENTER_TEXT"}]}
COMMAND: POST /session/80b25485da4cce0461fa749928cde446/execute/async - {"script":"<script> [1562 bytes]","args":[{"selector":{"id":"application-manageresources-display-component---newResourceUnit--DIMENSION_UNIT","interaction":{"idSuffix":"inner"}},"wdio_ui5_key":"applicationmanageresources-display-component---newResourceUnit--DIMENSION_UNIT"}]}
RESULT: {"script":"<script> [1562 bytes]","args":[{"selector":{"id":"application-manageresources-display-component---newResourceUnit--DIMENSION_UNIT","interaction":{"idSuffix":"inner"}},"wdio_ui5_key":"applicationmanageresources-display-component---newResourceUnit--DIMENSION_UNIT"}]}
RESULT: undefined
COMMAND: POST /session/80b25485da4cce0461fa749928cde446/execute/async - {"script":"<script> [776 bytes]","args":[{"enterText":"Meter","selector":{"id":"application-manageresources-display-component---newResourceUnit--DIMENSION_UNIT","interaction":{"idSuffix":"inner"}},"clearTextFirst":true,"interactionType":"ENTER_TEXT"}]}
RESULT: {"script":"<script> [776 bytes]","args":[{"enterText":"Meter","selector":{"id":"application-manageresources-display-component---newResourceUnit--DIMENSION_UNIT","interaction":{"idSuffix":"inner"}},"clearTextFirst":true,"interactionType":"ENTER_TEXT"}]}
COMMAND: POST /session/80b25485da4cce0461fa749928cde446/execute/async - {"script":"<script> [1562 bytes]","args":[{"selector":{"id":"application-manageresources-display-component---newResourceUnit--newRRUPage-anchBar-application-manageresources-display-component---newResourceUnit--control-anchor","interaction":{"idSuffix":"BDI-content"}},"wdio_ui5_key":"applicationmanageresources-display-component---newResourceUnit--newRRUPage-anchBar-application-manageresources-display-component---newResourceUnit--control-anchor"}]}
RESULT: {"script":"<script> [1562 bytes]","args":[{"selector":{"id":"application-manageresources-display-component---newResourceUnit--newRRUPage-anchBar-application-manageresources-display-component---newResourceUnit--control-anchor","interaction":{"idSuffix":"BDI-content"}},"wdio_ui5_key":"applicationmanageresources-display-component---newResourceUnit--newRRUPage-anchBar-application-manageresources-display-component---newResourceUnit--control-anchor"}]}
RESULT: undefined
COMMAND: POST /session/80b25485da4cce0461fa749928cde446/element - {"using":"xpath","value":"//*[@id=\"application-manageresources-display-component---newResourceUnit--newRRUPage-anchBar-application-manageresources-display-component---newResourceUnit--control-anchor\"]"}
RESULT: {"using":"xpath","value":"//*[@id=\"application-manageresources-display-component---newResourceUnit--newRRUPage-anchBar-application-manageresources-display-component---newResourceUnit--control-anchor\"]"}
COMMAND: POST /session/80b25485da4cce0461fa749928cde446/element/f.499FA332C3249B1FB6786AFDCB682F30.d.DC9F8673E45B2E22B92B3FD27338CEF6.e.11052/click - {}
RESULT: {}
COMMAND: POST /session/80b25485da4cce0461fa749928cde446/execute/async - {"script":"<script> [1562 bytes]","args":[{"selector":{"id":"application-manageresources-display-component---newResourceUnit--PLANNING_GROUP","interaction":{"idSuffix":"inner"}},"wdio_ui5_key":"applicationmanageresources-display-component---newResourceUnit--PLANNING_GROUP"}]}
COMMAND: GET /session/80b25485da4cce0461fa749928cde446/screenshot - {}
RESULT: {"script":"<script> [1562 bytes]","args":[{"selector":{"id":"application-manageresources-display-component---newResourceUnit--PLANNING_GROUP","interaction":{"idSuffix":"inner"}},"wdio_ui5_key":"applicationmanageresources-display-component---newResourceUnit--PLANNING_GROUP"}]}
RESULT: undefined
COMMAND: POST /session/80b25485da4cce0461fa749928cde446/execute/async - {"script":"<script> [776 bytes]","args":[{"enterText":"Material","selector":{"id":"application-manageresources-display-component---newResourceUnit--PLANNING_GROUP","interaction":{"idSuffix":"inner"}},"clearTextFirst":true,"interactionType":"ENTER_TEXT"}]}
RESULT: {}
RESULT: {"script":"<script> [776 bytes]","args":[{"enterText":"Material","selector":{"id":"application-manageresources-display-component---newResourceUnit--PLANNING_GROUP","interaction":{"idSuffix":"inner"}},"clearTextFirst":true,"interactionType":"ENTER_TEXT"}]}
COMMAND: POST /session/80b25485da4cce0461fa749928cde446/execute/async - {"script":"<script> [1562 bytes]","args":[{"selector":{"id":"application-manageresources-display-component---newResourceUnit--PLANNING_INDICATOR","interaction":{"idSuffix":"inner"}},"wdio_ui5_key":"applicationmanageresources-display-component---newResourceUnit--PLANNING_INDICATOR"}]}
RESULT: {"script":"<script> [1562 bytes]","args":[{"selector":{"id":"application-manageresources-display-component---newResourceUnit--PLANNING_INDICATOR","interaction":{"idSuffix":"inner"}},"wdio_ui5_key":"applicationmanageresources-display-component---newResourceUnit--PLANNING_INDICATOR"}]}
RESULT: undefined
COMMAND: POST /session/80b25485da4cce0461fa749928cde446/execute/async - {"script":"<script> [776 bytes]","args":[{"enterText":"10 - infinite","selector":{"id":"application-manageresources-display-component---newResourceUnit--PLANNING_INDICATOR","interaction":{"idSuffix":"inner"}},"clearTextFirst":true,"interactionType":"ENTER_TEXT"}]}
RESULT: {"script":"<script> [776 bytes]","args":[{"enterText":"10 - infinite","selector":{"id":"application-manageresources-display-component---newResourceUnit--PLANNING_INDICATOR","interaction":{"idSuffix":"inner"}},"clearTextFirst":true,"interactionType":"ENTER_TEXT"}]}
COMMAND: POST /session/80b25485da4cce0461fa749928cde446/element - {"using":"css selector","value":"#application-manageresources-display-component---newResourceUnit--btnAddTimeSegment"}
RESULT: {"using":"css selector","value":"#application-manageresources-display-component---newResourceUnit--btnAddTimeSegment"}
COMMAND: GET /session/80b25485da4cce0461fa749928cde446/element/f.499FA332C3249B1FB6786AFDCB682F30.d.DC9F8673E45B2E22B92B3FD27338CEF6.e.11062/rect - {}
RESULT: {}
COMMAND: GET /session/80b25485da4cce0461fa749928cde446/window/rect - {}
RESULT: {}
COMMAND: POST /session/80b25485da4cce0461fa749928cde446/execute/sync - {"script":"<script> [92 bytes]","args":[]}
RESULT: {"script":"<script> [92 bytes]","args":[]}
COMMAND: POST /session/80b25485da4cce0461fa749928cde446/actions - {"actions":[{"id":"action34","type":"wheel","parameters":{},"actions":[{"type":"scroll","x":-1888,"y":-32,"deltaX":0,"deltaY":0,"duration":0,"origin":{"element-6066-11e4-a52e-4f735466cecf":"f.499FA332C3249B1FB6786AFDCB682F30.d.DC9F8673E45B2E22B92B3FD27338CEF6.e.11062"}}]}]}
COMMAND: GET /session/80b25485da4cce0461fa749928cde446/screenshot - {}
RESULT: {}
COMMAND: POST /session/80b25485da4cce0461fa749928cde446/execute/sync - {"script":"<script> [79 bytes]","args":[{"element-6066-11e4-a52e-4f735466cecf":"f.499FA332C3249B1FB6786AFDCB682F30.d.DC9F8673E45B2E22B92B3FD27338CEF6.e.11062","ELEMENT":"f.499FA332C3249B1FB6786AFDCB682F30.d.DC9F8673E45B2E22B92B3FD27338CEF6.e.11062"},{"block":"start","inline":"nearest"}]}
RESULT: {"script":"<script> [79 bytes]","args":[{"element-6066-11e4-a52e-4f735466cecf":"f.499FA332C3249B1FB6786AFDCB682F30.d.DC9F8673E45B2E22B92B3FD27338CEF6.e.11062","ELEMENT":"f.499FA332C3249B1FB6786AFDCB682F30.d.DC9F8673E45B2E22B92B3FD27338CEF6.e.11062"},{"block":"start","inline":"nearest"}]}
COMMAND: POST /session/80b25485da4cce0461fa749928cde446/execute/async - {"script":"<script> [1562 bytes]","args":[{"selector":{"id":"application-manageresources-display-component---newResourceUnit--btnAddTimeSegment","interaction":{"idSuffix":"inner"}},"wdio_ui5_key":"applicationmanageresources-display-component---newResourceUnit--btnAddTimeSegment"}]}
COMMAND: GET /session/80b25485da4cce0461fa749928cde446/screenshot - {}
RESULT: {"script":"<script> [1562 bytes]","args":[{"selector":{"id":"application-manageresources-display-component---newResourceUnit--btnAddTimeSegment","interaction":{"idSuffix":"inner"}},"wdio_ui5_key":"applicationmanageresources-display-component---newResourceUnit--btnAddTimeSegment"}]}
RESULT: undefined
COMMAND: POST /session/80b25485da4cce0461fa749928cde446/element - {"using":"xpath","value":"//*[@id=\"application-manageresources-display-component---newResourceUnit--btnAddTimeSegment\"]"}
RESULT: {}
RESULT: {"using":"xpath","value":"//*[@id=\"application-manageresources-display-component---newResourceUnit--btnAddTimeSegment\"]"}
COMMAND: POST /session/80b25485da4cce0461fa749928cde446/element/f.499FA332C3249B1FB6786AFDCB682F30.d.DC9F8673E45B2E22B92B3FD27338CEF6.e.11062/click - {}
RESULT: {}
COMMAND: GET /session/80b25485da4cce0461fa749928cde446/screenshot - {}
RESULT: {}
COMMAND: POST /session/80b25485da4cce0461fa749928cde446/element - {"using":"xpath","value":"//input[@id=\"application-manageresources-display-component---newResourceUnit--idRuTSAdmin-application-manageresources-display-component---newResourceUnit--RUTimeSegment-0-inner\"]"}
RESULT: {"using":"xpath","value":"//input[@id=\"application-manageresources-display-component---newResourceUnit--idRuTSAdmin-application-manageresources-display-component---newResourceUnit--RUTimeSegment-0-inner\"]"}
COMMAND: POST /session/80b25485da4cce0461fa749928cde446/element/f.499FA332C3249B1FB6786AFDCB682F30.d.DC9F8673E45B2E22B92B3FD27338CEF6.e.11067/clear - {}
RESULT: {}
COMMAND: POST /session/80b25485da4cce0461fa749928cde446/element/f.499FA332C3249B1FB6786AFDCB682F30.d.DC9F8673E45B2E22B92B3FD27338CEF6.e.11067/value - {"text":"552"}
COMMAND: GET /session/80b25485da4cce0461fa749928cde446/screenshot - {}
RESULT: {"text":"552"}
COMMAND: GET /session/80b25485da4cce0461fa749928cde446/screenshot - {}
RESULT: {}
RESULT: {}
COMMAND: POST /session/80b25485da4cce0461fa749928cde446/element - {"using":"xpath","value":"//li[.//span[text()='552']]"}
RESULT: {"using":"xpath","value":"//li[.//span[text()='552']]"}
COMMAND: POST /session/80b25485da4cce0461fa749928cde446/element/f.499FA332C3249B1FB6786AFDCB682F30.d.DC9F8673E45B2E22B92B3FD27338CEF6.e.11076/click - {}
RESULT: {}
COMMAND: GET /session/80b25485da4cce0461fa749928cde446/screenshot - {}
RESULT: {}
COMMAND: POST /session/80b25485da4cce0461fa749928cde446/element - {"using":"xpath","value":"(//span[contains(@id, \"-application-manageresources-display-component---newResourceUnit--RUTimeSegment-0-arrow\")])[2]"}
RESULT: {"using":"xpath","value":"(//span[contains(@id, \"-application-manageresources-display-component---newResourceUnit--RUTimeSegment-0-arrow\")])[2]"}
COMMAND: POST /session/80b25485da4cce0461fa749928cde446/element/f.499FA332C3249B1FB6786AFDCB682F30.d.DC9F8673E45B2E22B92B3FD27338CEF6.e.11077/click - {}
RESULT: {}
COMMAND: POST /session/80b25485da4cce0461fa749928cde446/element - {"using":"xpath","value":"//span[contains(text(), \"PM Order\")]"}
COMMAND: GET /session/80b25485da4cce0461fa749928cde446/screenshot - {}
RESULT: {"using":"xpath","value":"//span[contains(text(), \"PM Order\")]"}
COMMAND: POST /session/80b25485da4cce0461fa749928cde446/element/f.499FA332C3249B1FB6786AFDCB682F30.d.DC9F8673E45B2E22B92B3FD27338CEF6.e.11078/click - {}
RESULT: {}
RESULT: {}
COMMAND: GET /session/80b25485da4cce0461fa749928cde446/screenshot - {}
RESULT: {}
COMMAND: POST /session/80b25485da4cce0461fa749928cde446/element - {"using":"xpath","value":"//td/div/div/div/span[contains(@id, \"newResourceUnit--RUTimeSegment-0-vhi\")][1]"}
RESULT: {"using":"xpath","value":"//td/div/div/div/span[contains(@id, \"newResourceUnit--RUTimeSegment-0-vhi\")][1]"}
COMMAND: GET /session/80b25485da4cce0461fa749928cde446/element/f.499FA332C3249B1FB6786AFDCB682F30.d.DC9F8673E45B2E22B92B3FD27338CEF6.e.11082/rect - {}
RESULT: {}
COMMAND: GET /session/80b25485da4cce0461fa749928cde446/window/rect - {}
RESULT: {}
COMMAND: POST /session/80b25485da4cce0461fa749928cde446/execute/sync - {"script":"<script> [92 bytes]","args":[]}
RESULT: {"script":"<script> [92 bytes]","args":[]}
COMMAND: POST /session/80b25485da4cce0461fa749928cde446/actions - {"actions":[{"id":"action35","type":"wheel","parameters":{},"actions":[{"type":"scroll","x":-1888,"y":-24,"deltaX":0,"deltaY":0,"duration":0,"origin":{"element-6066-11e4-a52e-4f735466cecf":"f.499FA332C3249B1FB6786AFDCB682F30.d.DC9F8673E45B2E22B92B3FD27338CEF6.e.11082"}}]}]}
COMMAND: GET /session/80b25485da4cce0461fa749928cde446/screenshot - {}
RESULT: {}
COMMAND: POST /session/80b25485da4cce0461fa749928cde446/execute/sync - {"script":"<script> [79 bytes]","args":[{"element-6066-11e4-a52e-4f735466cecf":"f.499FA332C3249B1FB6786AFDCB682F30.d.DC9F8673E45B2E22B92B3FD27338CEF6.e.11082","ELEMENT":"f.499FA332C3249B1FB6786AFDCB682F30.d.DC9F8673E45B2E22B92B3FD27338CEF6.e.11082"},{"block":"start","inline":"nearest"}]}
RESULT: {"script":"<script> [79 bytes]","args":[{"element-6066-11e4-a52e-4f735466cecf":"f.499FA332C3249B1FB6786AFDCB682F30.d.DC9F8673E45B2E22B92B3FD27338CEF6.e.11082","ELEMENT":"f.499FA332C3249B1FB6786AFDCB682F30.d.DC9F8673E45B2E22B92B3FD27338CEF6.e.11082"},{"block":"start","inline":"nearest"}]}
COMMAND: GET /session/80b25485da4cce0461fa749928cde446/screenshot - {}
RESULT: {}
COMMAND: POST /session/80b25485da4cce0461fa749928cde446/element/f.499FA332C3249B1FB6786AFDCB682F30.d.DC9F8673E45B2E22B92B3FD27338CEF6.e.11082/click - {}
RESULT: {}
COMMAND: GET /session/80b25485da4cce0461fa749928cde446/screenshot - {}
RESULT: {}
COMMAND: POST /session/80b25485da4cce0461fa749928cde446/execute/async - {"script":"<script> [1562 bytes]","args":[{"selector":{"controlType":"sap.m.SearchField","properties":{"placeholder":"Search"},"searchOpenDialogs":true,"interaction":{"idSuffix":"I"}},"wdio_ui5_key":"sapm.SearchField{\"placeholder\":\"Search\"}"}]}
RESULT: {"script":"<script> [1562 bytes]","args":[{"selector":{"controlType":"sap.m.SearchField","properties":{"placeholder":"Search"},"searchOpenDialogs":true,"interaction":{"idSuffix":"I"}},"wdio_ui5_key":"sapm.SearchField{\"placeholder\":\"Search\"}"}]}
RESULT: undefined
COMMAND: POST /session/80b25485da4cce0461fa749928cde446/execute/async - {"script":"<script> [776 bytes]","args":[{"enterText":"4000360","selector":{"controlType":"sap.m.SearchField","properties":{"placeholder":"Search"},"searchOpenDialogs":true,"interaction":{"idSuffix":"I"}},"clearTextFirst":true,"interactionType":"ENTER_TEXT"}]}
RESULT: {"script":"<script> [776 bytes]","args":[{"enterText":"4000360","selector":{"controlType":"sap.m.SearchField","properties":{"placeholder":"Search"},"searchOpenDialogs":true,"interaction":{"idSuffix":"I"}},"clearTextFirst":true,"interactionType":"ENTER_TEXT"}]}
COMMAND: POST /session/80b25485da4cce0461fa749928cde446/actions - {"actions":[{"id":"action36","type":"key","parameters":{},"actions":[{"type":"keyDown","value":""},{"type":"pause","duration":10},{"type":"keyUp","value":""}]}]}
RESULT: {"actions":[{"id":"action36","type":"key","parameters":{},"actions":[{"type":"keyDown","value":""},{"type":"pause","duration":10},{"type":"keyUp","value":""}]}]}
COMMAND: GET /session/80b25485da4cce0461fa749928cde446/screenshot - {}
RESULT: {}
COMMAND: POST /session/80b25485da4cce0461fa749928cde446/element - {"using":"xpath","value":"//td/div/span[contains(text(), \"BGL Vehicles\")]"}
RESULT: {"using":"xpath","value":"//td/div/span[contains(text(), \"BGL Vehicles\")]"}
COMMAND: POST /session/80b25485da4cce0461fa749928cde446/element/f.499FA332C3249B1FB6786AFDCB682F30.d.DC9F8673E45B2E22B92B3FD27338CEF6.e.11104/click - {}
RESULT: {}
COMMAND: GET /session/80b25485da4cce0461fa749928cde446/screenshot - {}
RESULT: {}
COMMAND: POST /session/80b25485da4cce0461fa749928cde446/element - {"using":"xpath","value":"//bdi[contains(text(), \"OK\")]"}
RESULT: {"using":"xpath","value":"//bdi[contains(text(), \"OK\")]"}
COMMAND: POST /session/80b25485da4cce0461fa749928cde446/element/f.499FA332C3249B1FB6786AFDCB682F30.d.DC9F8673E45B2E22B92B3FD27338CEF6.e.11105/click - {}
RESULT: {}
COMMAND: GET /session/80b25485da4cce0461fa749928cde446/screenshot - {}
RESULT: {}
COMMAND: POST /session/80b25485da4cce0461fa749928cde446/element - {"using":"xpath","value":"//label[contains(@class, 'sapMLabelRequired') and .//bdi[contains(text(), 'Planned Retirement')]]"}
RESULT: {"using":"xpath","value":"//label[contains(@class, 'sapMLabelRequired') and .//bdi[contains(text(), 'Planned Retirement')]]"}
COMMAND: POST /session/80b25485da4cce0461fa749928cde446/elements - {"using":"xpath","value":"//label[contains(@class, 'sapMLabelRequired') and .//bdi[contains(text(), 'Planned Retirement')]]"}
RESULT: {"using":"xpath","value":"//label[contains(@class, 'sapMLabelRequired') and .//bdi[contains(text(), 'Planned Retirement')]]"}
COMMAND: POST /session/80b25485da4cce0461fa749928cde446/element - {"using":"xpath","value":"//button[@data-kt=\"resourceUnitSaveButton\"]"}
RESULT: {"using":"xpath","value":"//button[@data-kt=\"resourceUnitSaveButton\"]"}
COMMAND: POST /session/80b25485da4cce0461fa749928cde446/element/f.499FA332C3249B1FB6786AFDCB682F30.d.DC9F8673E45B2E22B92B3FD27338CEF6.e.10939/click - {}
RESULT: {}
COMMAND: GET /session/80b25485da4cce0461fa749928cde446/screenshot - {}
RESULT: {}
COMMAND: POST /session/80b25485da4cce0461fa749928cde446/element - {"using":"xpath","value":"//bdi[contains(text(), \"Close\")]"}
RESULT: {"using":"xpath","value":"//bdi[contains(text(), \"Close\")]"}
COMMAND: POST /session/80b25485da4cce0461fa749928cde446/element/f.499FA332C3249B1FB6786AFDCB682F30.d.DC9F8673E45B2E22B92B3FD27338CEF6.e.11111/click - {}
RESULT: {}
COMMAND: GET /session/80b25485da4cce0461fa749928cde446/screenshot - {}
RESULT: {}
COMMAND: POST /session/80b25485da4cce0461fa749928cde446/element - {"using":"xpath","value":"//header[contains(@id, 'detailRruPage-headerTitle')]/div[1]/div[2]/div[2]/span[1]"}
RESULT: {"using":"xpath","value":"//header[contains(@id, 'detailRruPage-headerTitle')]/div[1]/div[2]/div[2]/span[1]"}
COMMAND: POST /session/80b25485da4cce0461fa749928cde446/elements - {"using":"xpath","value":"//header[contains(@id, 'detailRruPage-headerTitle')]/div[1]/div[2]/div[2]/span[1]"}
RESULT: {"using":"xpath","value":"//header[contains(@id, 'detailRruPage-headerTitle')]/div[1]/div[2]/div[2]/span[1]"}
COMMAND: POST /session/80b25485da4cce0461fa749928cde446/execute/sync - {"script":"<script> [56 bytes]","args":[{"element-6066-11e4-a52e-4f735466cecf":"f.499FA332C3249B1FB6786AFDCB682F30.d.DC9F8673E45B2E22B92B3FD27338CEF6.e.11141","ELEMENT":"f.499FA332C3249B1FB6786AFDCB682F30.d.DC9F8673E45B2E22B92B3FD27338CEF6.e.11141"}]}
RESULT: {"script":"<script> [56 bytes]","args":[{"element-6066-11e4-a52e-4f735466cecf":"f.499FA332C3249B1FB6786AFDCB682F30.d.DC9F8673E45B2E22B92B3FD27338CEF6.e.11141","ELEMENT":"f.499FA332C3249B1FB6786AFDCB682F30.d.DC9F8673E45B2E22B92B3FD27338CEF6.e.11141"}]}
COMMAND: POST /session/80b25485da4cce0461fa749928cde446/element - {"using":"css selector","value":"#shell-header-logo"}
COMMAND: GET /session/80b25485da4cce0461fa749928cde446/screenshot - {}
RESULT: {"using":"css selector","value":"#shell-header-logo"}
COMMAND: POST /session/80b25485da4cce0461fa749928cde446/element/f.499FA332C3249B1FB6786AFDCB682F30.d.DC9F8673E45B2E22B92B3FD27338CEF6.e.10394/click - {}
RESULT: {}
RESULT: {}
COMMAND: GET /session/80b25485da4cce0461fa749928cde446/screenshot - {}
RESULT: {}
]]></system-out>
    </testcase>
  </testsuite>
  <testsuite timestamp="2025-06-01T16:59:26" time="285.507" tests="6" failures="4" errors="4" skipped="0">
    <properties>
      <property name="specId" value="0"/>
      <property name="suiteName" value="Provide to Site w/o warehouse management w/o clarification"/>
      <property name="capabilities" value="chrome.136_0_7103_93.windows"/>
      <property name="file" value="file:///D:/a/1/s/test/specs/HTR/provide-to-site-wo-warehouse-wo-clarification.spec.js"/>
    </properties>
    <testcase classname="chrome.136_0_7103_93.windows.Provide_to_Site_w/o_warehouse_management_w/o_clarification" name="Should do a stock increase handover" time="90.808">
      <failure/>
      <error message="Can't call click on element with selector &quot;//li[.//span[contains(text(),'552 -')]]&quot; because element wasn't found"/>
      <system-out><![CDATA[
COMMAND: POST /session/80b25485da4cce0461fa749928cde446/execute/async - {"script":"<script> [1562 bytes]","args":[{"selector":{"controlType":"sap.m.GenericTile","properties":{"header":"Manage Handovers"}},"wdio_ui5_key":"sapm.GenericTile{\"header\":\"Manage Handovers\"}"}]}
RESULT: {"script":"<script> [1562 bytes]","args":[{"selector":{"controlType":"sap.m.GenericTile","properties":{"header":"Manage Handovers"}},"wdio_ui5_key":"sapm.GenericTile{\"header\":\"Manage Handovers\"}"}]}
RESULT: undefined
COMMAND: POST /session/80b25485da4cce0461fa749928cde446/element - {"using":"xpath","value":"//*[@id=\"__tile132\"]"}
RESULT: {"using":"xpath","value":"//*[@id=\"__tile132\"]"}
COMMAND: POST /session/80b25485da4cce0461fa749928cde446/element/f.499FA332C3249B1FB6786AFDCB682F30.d.DC9F8673E45B2E22B92B3FD27338CEF6.e.10444/click - {}
RESULT: {}
COMMAND: GET /session/80b25485da4cce0461fa749928cde446/screenshot - {}
RESULT: {}
COMMAND: POST /session/80b25485da4cce0461fa749928cde446/elements - {"using":"xpath","value":"//span[text()='Error']"}
RESULT: {"using":"xpath","value":"//span[text()='Error']"}
COMMAND: POST /session/80b25485da4cce0461fa749928cde446/element - {"using":"xpath","value":"//button[@data-kt=\"masterHOAddButton\"]"}
RESULT: {"using":"xpath","value":"//button[@data-kt=\"masterHOAddButton\"]"}
COMMAND: POST /session/80b25485da4cce0461fa749928cde446/elements - {"using":"xpath","value":"//button[@data-kt=\"masterHOAddButton\"]"}
RESULT: {"using":"xpath","value":"//button[@data-kt=\"masterHOAddButton\"]"}
COMMAND: POST /session/80b25485da4cce0461fa749928cde446/execute/sync - {"script":"<script> [8489 bytes]","args":[{"element-6066-11e4-a52e-4f735466cecf":"f.499FA332C3249B1FB6786AFDCB682F30.d.DC9F8673E45B2E22B92B3FD27338CEF6.e.11182","ELEMENT":"f.499FA332C3249B1FB6786AFDCB682F30.d.DC9F8673E45B2E22B92B3FD27338CEF6.e.11182"}]}
RESULT: {"script":"<script> [8489 bytes]","args":[{"element-6066-11e4-a52e-4f735466cecf":"f.499FA332C3249B1FB6786AFDCB682F30.d.DC9F8673E45B2E22B92B3FD27338CEF6.e.11182","ELEMENT":"f.499FA332C3249B1FB6786AFDCB682F30.d.DC9F8673E45B2E22B92B3FD27338CEF6.e.11182"}]}
COMMAND: GET /session/80b25485da4cce0461fa749928cde446/element/f.499FA332C3249B1FB6786AFDCB682F30.d.DC9F8673E45B2E22B92B3FD27338CEF6.e.11182/enabled - {}
COMMAND: GET /session/80b25485da4cce0461fa749928cde446/screenshot - {}
RESULT: {}
COMMAND: POST /session/80b25485da4cce0461fa749928cde446/execute/sync - {"script":"<script> [8489 bytes]","args":[{"element-6066-11e4-a52e-4f735466cecf":"f.499FA332C3249B1FB6786AFDCB682F30.d.DC9F8673E45B2E22B92B3FD27338CEF6.e.11182","ELEMENT":"f.499FA332C3249B1FB6786AFDCB682F30.d.DC9F8673E45B2E22B92B3FD27338CEF6.e.11182"}]}
COMMAND: GET /session/80b25485da4cce0461fa749928cde446/screenshot - {}
RESULT: {}
RESULT: {"script":"<script> [8489 bytes]","args":[{"element-6066-11e4-a52e-4f735466cecf":"f.499FA332C3249B1FB6786AFDCB682F30.d.DC9F8673E45B2E22B92B3FD27338CEF6.e.11182","ELEMENT":"f.499FA332C3249B1FB6786AFDCB682F30.d.DC9F8673E45B2E22B92B3FD27338CEF6.e.11182"}]}
COMMAND: POST /session/80b25485da4cce0461fa749928cde446/execute/sync - {"script":"<script> [5351 bytes]","args":[{"element-6066-11e4-a52e-4f735466cecf":"f.499FA332C3249B1FB6786AFDCB682F30.d.DC9F8673E45B2E22B92B3FD27338CEF6.e.11182","ELEMENT":"f.499FA332C3249B1FB6786AFDCB682F30.d.DC9F8673E45B2E22B92B3FD27338CEF6.e.11182"}]}
COMMAND: GET /session/80b25485da4cce0461fa749928cde446/screenshot - {}
RESULT: {}
RESULT: {"script":"<script> [5351 bytes]","args":[{"element-6066-11e4-a52e-4f735466cecf":"f.499FA332C3249B1FB6786AFDCB682F30.d.DC9F8673E45B2E22B92B3FD27338CEF6.e.11182","ELEMENT":"f.499FA332C3249B1FB6786AFDCB682F30.d.DC9F8673E45B2E22B92B3FD27338CEF6.e.11182"}]}
COMMAND: POST /session/80b25485da4cce0461fa749928cde446/element/f.499FA332C3249B1FB6786AFDCB682F30.d.DC9F8673E45B2E22B92B3FD27338CEF6.e.11182/click - {}
COMMAND: GET /session/80b25485da4cce0461fa749928cde446/screenshot - {}
RESULT: {}
RESULT: {}
COMMAND: GET /session/80b25485da4cce0461fa749928cde446/screenshot - {}
RESULT: {}
RESULT: {}
COMMAND: POST /session/80b25485da4cce0461fa749928cde446/element - {"using":"xpath","value":"//span[contains(@id ,\"AddNewHO--typeSelect-arrow\")]"}
RESULT: {"using":"xpath","value":"//span[contains(@id ,\"AddNewHO--typeSelect-arrow\")]"}
COMMAND: POST /session/80b25485da4cce0461fa749928cde446/element/f.499FA332C3249B1FB6786AFDCB682F30.d.DC9F8673E45B2E22B92B3FD27338CEF6.e.11533/click - {}
RESULT: {}
COMMAND: GET /session/80b25485da4cce0461fa749928cde446/screenshot - {}
RESULT: {}
COMMAND: POST /session/80b25485da4cce0461fa749928cde446/element - {"using":"xpath","value":"(//li[contains(text(), \"stock increase yard\")])[1]"}
RESULT: {"using":"xpath","value":"(//li[contains(text(), \"stock increase yard\")])[1]"}
COMMAND: POST /session/80b25485da4cce0461fa749928cde446/element/f.499FA332C3249B1FB6786AFDCB682F30.d.DC9F8673E45B2E22B92B3FD27338CEF6.e.11534/click - {}
RESULT: {}
COMMAND: GET /session/80b25485da4cce0461fa749928cde446/screenshot - {}
RESULT: {}
COMMAND: POST /session/80b25485da4cce0461fa749928cde446/execute/async - {"script":"<script> [1562 bytes]","args":[{"selector":{"id":"application-managehandovers-display-component---AddNewHO--dueDate","interaction":{"idSuffix":"inner"}},"wdio_ui5_key":"applicationmanagehandovers-display-component---AddNewHO--dueDate"}]}
RESULT: {"script":"<script> [1562 bytes]","args":[{"selector":{"id":"application-managehandovers-display-component---AddNewHO--dueDate","interaction":{"idSuffix":"inner"}},"wdio_ui5_key":"applicationmanagehandovers-display-component---AddNewHO--dueDate"}]}
RESULT: undefined
COMMAND: POST /session/80b25485da4cce0461fa749928cde446/execute/async - {"script":"<script> [6424 bytes]","args":[{"element-6066-11e4-a52e-4f735466cecf":"f.499FA332C3249B1FB6786AFDCB682F30.d.DC9F8673E45B2E22B92B3FD27338CEF6.e.11536"},"setValue",["6/1/25"]]}
RESULT: {"script":"<script> [6424 bytes]","args":[{"element-6066-11e4-a52e-4f735466cecf":"f.499FA332C3249B1FB6786AFDCB682F30.d.DC9F8673E45B2E22B92B3FD27338CEF6.e.11536"},"setValue",["6/1/25"]]}
COMMAND: POST /session/80b25485da4cce0461fa749928cde446/element - {"using":"xpath","value":"//input[@id=\"generalSectionFrg--receiveYard-inner\"]"}
RESULT: {"using":"xpath","value":"//input[@id=\"generalSectionFrg--receiveYard-inner\"]"}
COMMAND: POST /session/80b25485da4cce0461fa749928cde446/element/f.499FA332C3249B1FB6786AFDCB682F30.d.DC9F8673E45B2E22B92B3FD27338CEF6.e.11542/clear - {}
RESULT: {}
COMMAND: POST /session/80b25485da4cce0461fa749928cde446/element/f.499FA332C3249B1FB6786AFDCB682F30.d.DC9F8673E45B2E22B92B3FD27338CEF6.e.11542/value - {"text":"552"}
COMMAND: GET /session/80b25485da4cce0461fa749928cde446/screenshot - {}
RESULT: {"text":"552"}
COMMAND: GET /session/80b25485da4cce0461fa749928cde446/screenshot - {}
RESULT: {}
RESULT: {}
COMMAND: POST /session/80b25485da4cce0461fa749928cde446/element - {"using":"xpath","value":"//li[.//span[contains(text(),'552 -')]]"}
RESULT: {"using":"xpath","value":"//li[.//span[contains(text(),'552 -')]]"}
COMMAND: POST /session/80b25485da4cce0461fa749928cde446/elements - {"using":"xpath","value":"//li[.//span[contains(text(),'552 -')]]"}
RESULT: {"using":"xpath","value":"//li[.//span[contains(text(),'552 -')]]"}
COMMAND: POST /session/80b25485da4cce0461fa749928cde446/elements - {"using":"xpath","value":"//li[.//span[contains(text(),'552 -')]]"}
RESULT: {"using":"xpath","value":"//li[.//span[contains(text(),'552 -')]]"}
COMMAND: POST /session/80b25485da4cce0461fa749928cde446/elements - {"using":"xpath","value":"//li[.//span[contains(text(),'552 -')]]"}
RESULT: {"using":"xpath","value":"//li[.//span[contains(text(),'552 -')]]"}
COMMAND: POST /session/80b25485da4cce0461fa749928cde446/elements - {"using":"xpath","value":"//li[.//span[contains(text(),'552 -')]]"}
RESULT: {"using":"xpath","value":"//li[.//span[contains(text(),'552 -')]]"}
COMMAND: POST /session/80b25485da4cce0461fa749928cde446/elements - {"using":"xpath","value":"//li[.//span[contains(text(),'552 -')]]"}
RESULT: {"using":"xpath","value":"//li[.//span[contains(text(),'552 -')]]"}
COMMAND: POST /session/80b25485da4cce0461fa749928cde446/elements - {"using":"xpath","value":"//li[.//span[contains(text(),'552 -')]]"}
RESULT: {"using":"xpath","value":"//li[.//span[contains(text(),'552 -')]]"}
COMMAND: POST /session/80b25485da4cce0461fa749928cde446/elements - {"using":"xpath","value":"//li[.//span[contains(text(),'552 -')]]"}
RESULT: {"using":"xpath","value":"//li[.//span[contains(text(),'552 -')]]"}
COMMAND: POST /session/80b25485da4cce0461fa749928cde446/elements - {"using":"xpath","value":"//li[.//span[contains(text(),'552 -')]]"}
RESULT: {"using":"xpath","value":"//li[.//span[contains(text(),'552 -')]]"}
COMMAND: POST /session/80b25485da4cce0461fa749928cde446/elements - {"using":"xpath","value":"//li[.//span[contains(text(),'552 -')]]"}
RESULT: {"using":"xpath","value":"//li[.//span[contains(text(),'552 -')]]"}
COMMAND: POST /session/80b25485da4cce0461fa749928cde446/elements - {"using":"xpath","value":"//li[.//span[contains(text(),'552 -')]]"}
RESULT: {"using":"xpath","value":"//li[.//span[contains(text(),'552 -')]]"}
COMMAND: POST /session/80b25485da4cce0461fa749928cde446/elements - {"using":"xpath","value":"//li[.//span[contains(text(),'552 -')]]"}
RESULT: {"using":"xpath","value":"//li[.//span[contains(text(),'552 -')]]"}
COMMAND: POST /session/80b25485da4cce0461fa749928cde446/elements - {"using":"xpath","value":"//li[.//span[contains(text(),'552 -')]]"}
RESULT: {"using":"xpath","value":"//li[.//span[contains(text(),'552 -')]]"}
COMMAND: POST /session/80b25485da4cce0461fa749928cde446/elements - {"using":"xpath","value":"//li[.//span[contains(text(),'552 -')]]"}
RESULT: {"using":"xpath","value":"//li[.//span[contains(text(),'552 -')]]"}
COMMAND: POST /session/80b25485da4cce0461fa749928cde446/elements - {"using":"xpath","value":"//li[.//span[contains(text(),'552 -')]]"}
RESULT: {"using":"xpath","value":"//li[.//span[contains(text(),'552 -')]]"}
COMMAND: POST /session/80b25485da4cce0461fa749928cde446/elements - {"using":"xpath","value":"//li[.//span[contains(text(),'552 -')]]"}
RESULT: {"using":"xpath","value":"//li[.//span[contains(text(),'552 -')]]"}
COMMAND: POST /session/80b25485da4cce0461fa749928cde446/elements - {"using":"xpath","value":"//li[.//span[contains(text(),'552 -')]]"}
RESULT: {"using":"xpath","value":"//li[.//span[contains(text(),'552 -')]]"}
COMMAND: POST /session/80b25485da4cce0461fa749928cde446/elements - {"using":"xpath","value":"//li[.//span[contains(text(),'552 -')]]"}
RESULT: {"using":"xpath","value":"//li[.//span[contains(text(),'552 -')]]"}
COMMAND: POST /session/80b25485da4cce0461fa749928cde446/elements - {"using":"xpath","value":"//li[.//span[contains(text(),'552 -')]]"}
RESULT: {"using":"xpath","value":"//li[.//span[contains(text(),'552 -')]]"}
COMMAND: POST /session/80b25485da4cce0461fa749928cde446/elements - {"using":"xpath","value":"//li[.//span[contains(text(),'552 -')]]"}
RESULT: {"using":"xpath","value":"//li[.//span[contains(text(),'552 -')]]"}
COMMAND: POST /session/80b25485da4cce0461fa749928cde446/elements - {"using":"xpath","value":"//li[.//span[contains(text(),'552 -')]]"}
RESULT: {"using":"xpath","value":"//li[.//span[contains(text(),'552 -')]]"}
COMMAND: POST /session/80b25485da4cce0461fa749928cde446/elements - {"using":"xpath","value":"//li[.//span[contains(text(),'552 -')]]"}
RESULT: {"using":"xpath","value":"//li[.//span[contains(text(),'552 -')]]"}
COMMAND: POST /session/80b25485da4cce0461fa749928cde446/elements - {"using":"xpath","value":"//li[.//span[contains(text(),'552 -')]]"}
RESULT: {"using":"xpath","value":"//li[.//span[contains(text(),'552 -')]]"}
COMMAND: POST /session/80b25485da4cce0461fa749928cde446/elements - {"using":"xpath","value":"//li[.//span[contains(text(),'552 -')]]"}
RESULT: {"using":"xpath","value":"//li[.//span[contains(text(),'552 -')]]"}
COMMAND: POST /session/80b25485da4cce0461fa749928cde446/elements - {"using":"xpath","value":"//li[.//span[contains(text(),'552 -')]]"}
RESULT: {"using":"xpath","value":"//li[.//span[contains(text(),'552 -')]]"}
COMMAND: POST /session/80b25485da4cce0461fa749928cde446/elements - {"using":"xpath","value":"//li[.//span[contains(text(),'552 -')]]"}
RESULT: {"using":"xpath","value":"//li[.//span[contains(text(),'552 -')]]"}
COMMAND: POST /session/80b25485da4cce0461fa749928cde446/elements - {"using":"xpath","value":"//li[.//span[contains(text(),'552 -')]]"}
RESULT: {"using":"xpath","value":"//li[.//span[contains(text(),'552 -')]]"}
COMMAND: POST /session/80b25485da4cce0461fa749928cde446/elements - {"using":"xpath","value":"//li[.//span[contains(text(),'552 -')]]"}
RESULT: {"using":"xpath","value":"//li[.//span[contains(text(),'552 -')]]"}
COMMAND: POST /session/80b25485da4cce0461fa749928cde446/elements - {"using":"xpath","value":"//li[.//span[contains(text(),'552 -')]]"}
RESULT: {"using":"xpath","value":"//li[.//span[contains(text(),'552 -')]]"}
COMMAND: POST /session/80b25485da4cce0461fa749928cde446/elements - {"using":"xpath","value":"//li[.//span[contains(text(),'552 -')]]"}
RESULT: {"using":"xpath","value":"//li[.//span[contains(text(),'552 -')]]"}
COMMAND: POST /session/80b25485da4cce0461fa749928cde446/elements - {"using":"xpath","value":"//li[.//span[contains(text(),'552 -')]]"}
RESULT: {"using":"xpath","value":"//li[.//span[contains(text(),'552 -')]]"}
COMMAND: POST /session/80b25485da4cce0461fa749928cde446/elements - {"using":"xpath","value":"//li[.//span[contains(text(),'552 -')]]"}
RESULT: {"using":"xpath","value":"//li[.//span[contains(text(),'552 -')]]"}
COMMAND: POST /session/80b25485da4cce0461fa749928cde446/elements - {"using":"xpath","value":"//li[.//span[contains(text(),'552 -')]]"}
RESULT: {"using":"xpath","value":"//li[.//span[contains(text(),'552 -')]]"}
COMMAND: POST /session/80b25485da4cce0461fa749928cde446/elements - {"using":"xpath","value":"//li[.//span[contains(text(),'552 -')]]"}
RESULT: {"using":"xpath","value":"//li[.//span[contains(text(),'552 -')]]"}
COMMAND: POST /session/80b25485da4cce0461fa749928cde446/elements - {"using":"xpath","value":"//li[.//span[contains(text(),'552 -')]]"}
RESULT: {"using":"xpath","value":"//li[.//span[contains(text(),'552 -')]]"}
COMMAND: POST /session/80b25485da4cce0461fa749928cde446/elements - {"using":"xpath","value":"//li[.//span[contains(text(),'552 -')]]"}
RESULT: {"using":"xpath","value":"//li[.//span[contains(text(),'552 -')]]"}
COMMAND: POST /session/80b25485da4cce0461fa749928cde446/elements - {"using":"xpath","value":"//li[.//span[contains(text(),'552 -')]]"}
RESULT: {"using":"xpath","value":"//li[.//span[contains(text(),'552 -')]]"}
COMMAND: POST /session/80b25485da4cce0461fa749928cde446/elements - {"using":"xpath","value":"//li[.//span[contains(text(),'552 -')]]"}
RESULT: {"using":"xpath","value":"//li[.//span[contains(text(),'552 -')]]"}
COMMAND: POST /session/80b25485da4cce0461fa749928cde446/elements - {"using":"xpath","value":"//li[.//span[contains(text(),'552 -')]]"}
RESULT: {"using":"xpath","value":"//li[.//span[contains(text(),'552 -')]]"}
COMMAND: POST /session/80b25485da4cce0461fa749928cde446/elements - {"using":"xpath","value":"//li[.//span[contains(text(),'552 -')]]"}
RESULT: {"using":"xpath","value":"//li[.//span[contains(text(),'552 -')]]"}
COMMAND: POST /session/80b25485da4cce0461fa749928cde446/elements - {"using":"xpath","value":"//li[.//span[contains(text(),'552 -')]]"}
RESULT: {"using":"xpath","value":"//li[.//span[contains(text(),'552 -')]]"}
COMMAND: POST /session/80b25485da4cce0461fa749928cde446/elements - {"using":"xpath","value":"//li[.//span[contains(text(),'552 -')]]"}
RESULT: {"using":"xpath","value":"//li[.//span[contains(text(),'552 -')]]"}
COMMAND: POST /session/80b25485da4cce0461fa749928cde446/elements - {"using":"xpath","value":"//li[.//span[contains(text(),'552 -')]]"}
RESULT: {"using":"xpath","value":"//li[.//span[contains(text(),'552 -')]]"}
COMMAND: POST /session/80b25485da4cce0461fa749928cde446/elements - {"using":"xpath","value":"//li[.//span[contains(text(),'552 -')]]"}
RESULT: {"using":"xpath","value":"//li[.//span[contains(text(),'552 -')]]"}
COMMAND: POST /session/80b25485da4cce0461fa749928cde446/elements - {"using":"xpath","value":"//li[.//span[contains(text(),'552 -')]]"}
RESULT: {"using":"xpath","value":"//li[.//span[contains(text(),'552 -')]]"}
COMMAND: POST /session/80b25485da4cce0461fa749928cde446/elements - {"using":"xpath","value":"//li[.//span[contains(text(),'552 -')]]"}
RESULT: {"using":"xpath","value":"//li[.//span[contains(text(),'552 -')]]"}
COMMAND: POST /session/80b25485da4cce0461fa749928cde446/elements - {"using":"xpath","value":"//li[.//span[contains(text(),'552 -')]]"}
RESULT: {"using":"xpath","value":"//li[.//span[contains(text(),'552 -')]]"}
COMMAND: POST /session/80b25485da4cce0461fa749928cde446/elements - {"using":"xpath","value":"//li[.//span[contains(text(),'552 -')]]"}
RESULT: {"using":"xpath","value":"//li[.//span[contains(text(),'552 -')]]"}
COMMAND: POST /session/80b25485da4cce0461fa749928cde446/elements - {"using":"xpath","value":"//li[.//span[contains(text(),'552 -')]]"}
RESULT: {"using":"xpath","value":"//li[.//span[contains(text(),'552 -')]]"}
COMMAND: POST /session/80b25485da4cce0461fa749928cde446/elements - {"using":"xpath","value":"//li[.//span[contains(text(),'552 -')]]"}
RESULT: {"using":"xpath","value":"//li[.//span[contains(text(),'552 -')]]"}
COMMAND: POST /session/80b25485da4cce0461fa749928cde446/elements - {"using":"xpath","value":"//li[.//span[contains(text(),'552 -')]]"}
RESULT: {"using":"xpath","value":"//li[.//span[contains(text(),'552 -')]]"}
COMMAND: POST /session/80b25485da4cce0461fa749928cde446/elements - {"using":"xpath","value":"//li[.//span[contains(text(),'552 -')]]"}
RESULT: {"using":"xpath","value":"//li[.//span[contains(text(),'552 -')]]"}
COMMAND: POST /session/80b25485da4cce0461fa749928cde446/elements - {"using":"xpath","value":"//li[.//span[contains(text(),'552 -')]]"}
RESULT: {"using":"xpath","value":"//li[.//span[contains(text(),'552 -')]]"}
COMMAND: POST /session/80b25485da4cce0461fa749928cde446/elements - {"using":"xpath","value":"//li[.//span[contains(text(),'552 -')]]"}
RESULT: {"using":"xpath","value":"//li[.//span[contains(text(),'552 -')]]"}
COMMAND: POST /session/80b25485da4cce0461fa749928cde446/elements - {"using":"xpath","value":"//li[.//span[contains(text(),'552 -')]]"}
RESULT: {"using":"xpath","value":"//li[.//span[contains(text(),'552 -')]]"}
COMMAND: POST /session/80b25485da4cce0461fa749928cde446/elements - {"using":"xpath","value":"//li[.//span[contains(text(),'552 -')]]"}
RESULT: {"using":"xpath","value":"//li[.//span[contains(text(),'552 -')]]"}
COMMAND: POST /session/80b25485da4cce0461fa749928cde446/elements - {"using":"xpath","value":"//li[.//span[contains(text(),'552 -')]]"}
RESULT: {"using":"xpath","value":"//li[.//span[contains(text(),'552 -')]]"}
COMMAND: POST /session/80b25485da4cce0461fa749928cde446/elements - {"using":"xpath","value":"//li[.//span[contains(text(),'552 -')]]"}
RESULT: {"using":"xpath","value":"//li[.//span[contains(text(),'552 -')]]"}
COMMAND: POST /session/80b25485da4cce0461fa749928cde446/elements - {"using":"xpath","value":"//li[.//span[contains(text(),'552 -')]]"}
RESULT: {"using":"xpath","value":"//li[.//span[contains(text(),'552 -')]]"}
COMMAND: POST /session/80b25485da4cce0461fa749928cde446/elements - {"using":"xpath","value":"//li[.//span[contains(text(),'552 -')]]"}
RESULT: {"using":"xpath","value":"//li[.//span[contains(text(),'552 -')]]"}
COMMAND: POST /session/80b25485da4cce0461fa749928cde446/elements - {"using":"xpath","value":"//li[.//span[contains(text(),'552 -')]]"}
RESULT: {"using":"xpath","value":"//li[.//span[contains(text(),'552 -')]]"}
COMMAND: POST /session/80b25485da4cce0461fa749928cde446/elements - {"using":"xpath","value":"//li[.//span[contains(text(),'552 -')]]"}
RESULT: {"using":"xpath","value":"//li[.//span[contains(text(),'552 -')]]"}
COMMAND: POST /session/80b25485da4cce0461fa749928cde446/elements - {"using":"xpath","value":"//li[.//span[contains(text(),'552 -')]]"}
RESULT: {"using":"xpath","value":"//li[.//span[contains(text(),'552 -')]]"}
COMMAND: POST /session/80b25485da4cce0461fa749928cde446/elements - {"using":"xpath","value":"//li[.//span[contains(text(),'552 -')]]"}
RESULT: {"using":"xpath","value":"//li[.//span[contains(text(),'552 -')]]"}
COMMAND: POST /session/80b25485da4cce0461fa749928cde446/elements - {"using":"xpath","value":"//li[.//span[contains(text(),'552 -')]]"}
RESULT: {"using":"xpath","value":"//li[.//span[contains(text(),'552 -')]]"}
COMMAND: POST /session/80b25485da4cce0461fa749928cde446/elements - {"using":"xpath","value":"//li[.//span[contains(text(),'552 -')]]"}
RESULT: {"using":"xpath","value":"//li[.//span[contains(text(),'552 -')]]"}
COMMAND: POST /session/80b25485da4cce0461fa749928cde446/elements - {"using":"xpath","value":"//li[.//span[contains(text(),'552 -')]]"}
RESULT: {"using":"xpath","value":"//li[.//span[contains(text(),'552 -')]]"}
COMMAND: POST /session/80b25485da4cce0461fa749928cde446/elements - {"using":"xpath","value":"//li[.//span[contains(text(),'552 -')]]"}
RESULT: {"using":"xpath","value":"//li[.//span[contains(text(),'552 -')]]"}
COMMAND: POST /session/80b25485da4cce0461fa749928cde446/elements - {"using":"xpath","value":"//li[.//span[contains(text(),'552 -')]]"}
RESULT: {"using":"xpath","value":"//li[.//span[contains(text(),'552 -')]]"}
COMMAND: POST /session/80b25485da4cce0461fa749928cde446/elements - {"using":"xpath","value":"//li[.//span[contains(text(),'552 -')]]"}
RESULT: {"using":"xpath","value":"//li[.//span[contains(text(),'552 -')]]"}
COMMAND: POST /session/80b25485da4cce0461fa749928cde446/elements - {"using":"xpath","value":"//li[.//span[contains(text(),'552 -')]]"}
RESULT: {"using":"xpath","value":"//li[.//span[contains(text(),'552 -')]]"}
COMMAND: POST /session/80b25485da4cce0461fa749928cde446/elements - {"using":"xpath","value":"//li[.//span[contains(text(),'552 -')]]"}
RESULT: {"using":"xpath","value":"//li[.//span[contains(text(),'552 -')]]"}
COMMAND: POST /session/80b25485da4cce0461fa749928cde446/elements - {"using":"xpath","value":"//li[.//span[contains(text(),'552 -')]]"}
RESULT: {"using":"xpath","value":"//li[.//span[contains(text(),'552 -')]]"}
COMMAND: POST /session/80b25485da4cce0461fa749928cde446/elements - {"using":"xpath","value":"//li[.//span[contains(text(),'552 -')]]"}
RESULT: {"using":"xpath","value":"//li[.//span[contains(text(),'552 -')]]"}
COMMAND: POST /session/80b25485da4cce0461fa749928cde446/elements - {"using":"xpath","value":"//li[.//span[contains(text(),'552 -')]]"}
RESULT: {"using":"xpath","value":"//li[.//span[contains(text(),'552 -')]]"}
COMMAND: POST /session/80b25485da4cce0461fa749928cde446/elements - {"using":"xpath","value":"//li[.//span[contains(text(),'552 -')]]"}
RESULT: {"using":"xpath","value":"//li[.//span[contains(text(),'552 -')]]"}
COMMAND: POST /session/80b25485da4cce0461fa749928cde446/elements - {"using":"xpath","value":"//li[.//span[contains(text(),'552 -')]]"}
RESULT: {"using":"xpath","value":"//li[.//span[contains(text(),'552 -')]]"}
COMMAND: POST /session/80b25485da4cce0461fa749928cde446/elements - {"using":"xpath","value":"//li[.//span[contains(text(),'552 -')]]"}
RESULT: {"using":"xpath","value":"//li[.//span[contains(text(),'552 -')]]"}
COMMAND: POST /session/80b25485da4cce0461fa749928cde446/elements - {"using":"xpath","value":"//li[.//span[contains(text(),'552 -')]]"}
RESULT: {"using":"xpath","value":"//li[.//span[contains(text(),'552 -')]]"}
COMMAND: POST /session/80b25485da4cce0461fa749928cde446/elements - {"using":"xpath","value":"//li[.//span[contains(text(),'552 -')]]"}
RESULT: {"using":"xpath","value":"//li[.//span[contains(text(),'552 -')]]"}
COMMAND: POST /session/80b25485da4cce0461fa749928cde446/elements - {"using":"xpath","value":"//li[.//span[contains(text(),'552 -')]]"}
RESULT: {"using":"xpath","value":"//li[.//span[contains(text(),'552 -')]]"}
COMMAND: POST /session/80b25485da4cce0461fa749928cde446/elements - {"using":"xpath","value":"//li[.//span[contains(text(),'552 -')]]"}
RESULT: {"using":"xpath","value":"//li[.//span[contains(text(),'552 -')]]"}
COMMAND: POST /session/80b25485da4cce0461fa749928cde446/elements - {"using":"xpath","value":"//li[.//span[contains(text(),'552 -')]]"}
RESULT: {"using":"xpath","value":"//li[.//span[contains(text(),'552 -')]]"}
COMMAND: POST /session/80b25485da4cce0461fa749928cde446/elements - {"using":"xpath","value":"//li[.//span[contains(text(),'552 -')]]"}
RESULT: {"using":"xpath","value":"//li[.//span[contains(text(),'552 -')]]"}
COMMAND: POST /session/80b25485da4cce0461fa749928cde446/elements - {"using":"xpath","value":"//li[.//span[contains(text(),'552 -')]]"}
RESULT: {"using":"xpath","value":"//li[.//span[contains(text(),'552 -')]]"}
COMMAND: POST /session/80b25485da4cce0461fa749928cde446/elements - {"using":"xpath","value":"//li[.//span[contains(text(),'552 -')]]"}
RESULT: {"using":"xpath","value":"//li[.//span[contains(text(),'552 -')]]"}
COMMAND: POST /session/80b25485da4cce0461fa749928cde446/elements - {"using":"xpath","value":"//li[.//span[contains(text(),'552 -')]]"}
RESULT: {"using":"xpath","value":"//li[.//span[contains(text(),'552 -')]]"}
COMMAND: POST /session/80b25485da4cce0461fa749928cde446/elements - {"using":"xpath","value":"//li[.//span[contains(text(),'552 -')]]"}
RESULT: {"using":"xpath","value":"//li[.//span[contains(text(),'552 -')]]"}
COMMAND: POST /session/80b25485da4cce0461fa749928cde446/elements - {"using":"xpath","value":"//li[.//span[contains(text(),'552 -')]]"}
RESULT: {"using":"xpath","value":"//li[.//span[contains(text(),'552 -')]]"}
COMMAND: POST /session/80b25485da4cce0461fa749928cde446/elements - {"using":"xpath","value":"//li[.//span[contains(text(),'552 -')]]"}
RESULT: {"using":"xpath","value":"//li[.//span[contains(text(),'552 -')]]"}
COMMAND: POST /session/80b25485da4cce0461fa749928cde446/elements - {"using":"xpath","value":"//li[.//span[contains(text(),'552 -')]]"}
RESULT: {"using":"xpath","value":"//li[.//span[contains(text(),'552 -')]]"}
COMMAND: POST /session/80b25485da4cce0461fa749928cde446/elements - {"using":"xpath","value":"//li[.//span[contains(text(),'552 -')]]"}
RESULT: {"using":"xpath","value":"//li[.//span[contains(text(),'552 -')]]"}
COMMAND: POST /session/80b25485da4cce0461fa749928cde446/elements - {"using":"xpath","value":"//li[.//span[contains(text(),'552 -')]]"}
RESULT: {"using":"xpath","value":"//li[.//span[contains(text(),'552 -')]]"}
COMMAND: POST /session/80b25485da4cce0461fa749928cde446/elements - {"using":"xpath","value":"//li[.//span[contains(text(),'552 -')]]"}
RESULT: {"using":"xpath","value":"//li[.//span[contains(text(),'552 -')]]"}
COMMAND: POST /session/80b25485da4cce0461fa749928cde446/elements - {"using":"xpath","value":"//li[.//span[contains(text(),'552 -')]]"}
RESULT: {"using":"xpath","value":"//li[.//span[contains(text(),'552 -')]]"}
COMMAND: POST /session/80b25485da4cce0461fa749928cde446/elements - {"using":"xpath","value":"//li[.//span[contains(text(),'552 -')]]"}
RESULT: {"using":"xpath","value":"//li[.//span[contains(text(),'552 -')]]"}
COMMAND: POST /session/80b25485da4cce0461fa749928cde446/elements - {"using":"xpath","value":"//li[.//span[contains(text(),'552 -')]]"}
RESULT: {"using":"xpath","value":"//li[.//span[contains(text(),'552 -')]]"}
COMMAND: POST /session/80b25485da4cce0461fa749928cde446/elements - {"using":"xpath","value":"//li[.//span[contains(text(),'552 -')]]"}
RESULT: {"using":"xpath","value":"//li[.//span[contains(text(),'552 -')]]"}
COMMAND: POST /session/80b25485da4cce0461fa749928cde446/elements - {"using":"xpath","value":"//li[.//span[contains(text(),'552 -')]]"}
RESULT: {"using":"xpath","value":"//li[.//span[contains(text(),'552 -')]]"}
COMMAND: POST /session/80b25485da4cce0461fa749928cde446/elements - {"using":"xpath","value":"//li[.//span[contains(text(),'552 -')]]"}
RESULT: {"using":"xpath","value":"//li[.//span[contains(text(),'552 -')]]"}
COMMAND: POST /session/80b25485da4cce0461fa749928cde446/elements - {"using":"xpath","value":"//li[.//span[contains(text(),'552 -')]]"}
RESULT: {"using":"xpath","value":"//li[.//span[contains(text(),'552 -')]]"}
COMMAND: POST /session/80b25485da4cce0461fa749928cde446/elements - {"using":"xpath","value":"//li[.//span[contains(text(),'552 -')]]"}
RESULT: {"using":"xpath","value":"//li[.//span[contains(text(),'552 -')]]"}
COMMAND: POST /session/80b25485da4cce0461fa749928cde446/elements - {"using":"xpath","value":"//li[.//span[contains(text(),'552 -')]]"}
RESULT: {"using":"xpath","value":"//li[.//span[contains(text(),'552 -')]]"}
COMMAND: POST /session/80b25485da4cce0461fa749928cde446/elements - {"using":"xpath","value":"//li[.//span[contains(text(),'552 -')]]"}
RESULT: {"using":"xpath","value":"//li[.//span[contains(text(),'552 -')]]"}
COMMAND: POST /session/80b25485da4cce0461fa749928cde446/elements - {"using":"xpath","value":"//li[.//span[contains(text(),'552 -')]]"}
RESULT: {"using":"xpath","value":"//li[.//span[contains(text(),'552 -')]]"}
COMMAND: POST /session/80b25485da4cce0461fa749928cde446/elements - {"using":"xpath","value":"//li[.//span[contains(text(),'552 -')]]"}
RESULT: {"using":"xpath","value":"//li[.//span[contains(text(),'552 -')]]"}
COMMAND: POST /session/80b25485da4cce0461fa749928cde446/elements - {"using":"xpath","value":"//li[.//span[contains(text(),'552 -')]]"}
RESULT: {"using":"xpath","value":"//li[.//span[contains(text(),'552 -')]]"}
COMMAND: POST /session/80b25485da4cce0461fa749928cde446/elements - {"using":"xpath","value":"//li[.//span[contains(text(),'552 -')]]"}
RESULT: {"using":"xpath","value":"//li[.//span[contains(text(),'552 -')]]"}
COMMAND: POST /session/80b25485da4cce0461fa749928cde446/elements - {"using":"xpath","value":"//li[.//span[contains(text(),'552 -')]]"}
RESULT: {"using":"xpath","value":"//li[.//span[contains(text(),'552 -')]]"}
COMMAND: POST /session/80b25485da4cce0461fa749928cde446/elements - {"using":"xpath","value":"//li[.//span[contains(text(),'552 -')]]"}
RESULT: {"using":"xpath","value":"//li[.//span[contains(text(),'552 -')]]"}
COMMAND: POST /session/80b25485da4cce0461fa749928cde446/elements - {"using":"xpath","value":"//li[.//span[contains(text(),'552 -')]]"}
RESULT: {"using":"xpath","value":"//li[.//span[contains(text(),'552 -')]]"}
COMMAND: POST /session/80b25485da4cce0461fa749928cde446/elements - {"using":"xpath","value":"//li[.//span[contains(text(),'552 -')]]"}
RESULT: {"using":"xpath","value":"//li[.//span[contains(text(),'552 -')]]"}
COMMAND: POST /session/80b25485da4cce0461fa749928cde446/elements - {"using":"xpath","value":"//li[.//span[contains(text(),'552 -')]]"}
RESULT: {"using":"xpath","value":"//li[.//span[contains(text(),'552 -')]]"}
COMMAND: POST /session/80b25485da4cce0461fa749928cde446/elements - {"using":"xpath","value":"//li[.//span[contains(text(),'552 -')]]"}
RESULT: {"using":"xpath","value":"//li[.//span[contains(text(),'552 -')]]"}
COMMAND: POST /session/80b25485da4cce0461fa749928cde446/elements - {"using":"xpath","value":"//li[.//span[contains(text(),'552 -')]]"}
RESULT: {"using":"xpath","value":"//li[.//span[contains(text(),'552 -')]]"}
COMMAND: POST /session/80b25485da4cce0461fa749928cde446/elements - {"using":"xpath","value":"//li[.//span[contains(text(),'552 -')]]"}
RESULT: {"using":"xpath","value":"//li[.//span[contains(text(),'552 -')]]"}
COMMAND: POST /session/80b25485da4cce0461fa749928cde446/elements - {"using":"xpath","value":"//li[.//span[contains(text(),'552 -')]]"}
RESULT: {"using":"xpath","value":"//li[.//span[contains(text(),'552 -')]]"}
COMMAND: POST /session/80b25485da4cce0461fa749928cde446/elements - {"using":"xpath","value":"//li[.//span[contains(text(),'552 -')]]"}
RESULT: {"using":"xpath","value":"//li[.//span[contains(text(),'552 -')]]"}
COMMAND: POST /session/80b25485da4cce0461fa749928cde446/elements - {"using":"xpath","value":"//li[.//span[contains(text(),'552 -')]]"}
RESULT: {"using":"xpath","value":"//li[.//span[contains(text(),'552 -')]]"}
COMMAND: POST /session/80b25485da4cce0461fa749928cde446/elements - {"using":"xpath","value":"//li[.//span[contains(text(),'552 -')]]"}
RESULT: {"using":"xpath","value":"//li[.//span[contains(text(),'552 -')]]"}
COMMAND: POST /session/80b25485da4cce0461fa749928cde446/elements - {"using":"xpath","value":"//li[.//span[contains(text(),'552 -')]]"}
RESULT: {"using":"xpath","value":"//li[.//span[contains(text(),'552 -')]]"}
COMMAND: POST /session/80b25485da4cce0461fa749928cde446/elements - {"using":"xpath","value":"//li[.//span[contains(text(),'552 -')]]"}
COMMAND: GET /session/80b25485da4cce0461fa749928cde446/screenshot - {}
RESULT: {"using":"xpath","value":"//li[.//span[contains(text(),'552 -')]]"}
RESULT: {}
]]></system-out>
      <system-err><![CDATA[
Error: Can't call click on element with selector "//li[.//span[contains(text(),'552 -')]]" because element wasn't found
    at async UtilsPrerequisites.stockIncrease (D:\a\1\s\test\specs\BTS\prerequisites-and-utils-functions.js:1638:9)
    at async Context.<anonymous> (D:\a\1\s\test\specs\HTR\provide-to-site-wo-warehouse-wo-clarification.spec.js:57:9)
]]></system-err>
    </testcase>
    <testcase classname="chrome.136_0_7103_93.windows.Provide_to_Site_w/o_warehouse_management_w/o_clarification" name="Should create a new contract" time="59.945">
      <failure/>
      <error message="element (&quot;//button[@data-kt=&quot;addButton&quot;]&quot;) still not existing after 45000ms"/>
      <system-out><![CDATA[
COMMAND: POST /session/80b25485da4cce0461fa749928cde446/execute/async - {"script":"<script> [1562 bytes]","args":[{"selector":{"controlType":"sap.m.GenericTile","properties":{"header":"Manage Contracts"}},"wdio_ui5_key":"sapm.GenericTile{\"header\":\"Manage Contracts\"}"}]}
COMMAND: GET /session/80b25485da4cce0461fa749928cde446/screenshot - {}
RESULT: {"script":"<script> [1562 bytes]","args":[{"selector":{"controlType":"sap.m.GenericTile","properties":{"header":"Manage Contracts"}},"wdio_ui5_key":"sapm.GenericTile{\"header\":\"Manage Contracts\"}"}]}
RESULT: undefined
RESULT: {}
COMMAND: POST /session/80b25485da4cce0461fa749928cde446/elements - {"using":"xpath","value":"//span[text()='Error']"}
RESULT: {"using":"xpath","value":"//span[text()='Error']"}
COMMAND: POST /session/80b25485da4cce0461fa749928cde446/element - {"using":"xpath","value":"//button[@data-kt=\"addButton\"]"}
RESULT: {"using":"xpath","value":"//button[@data-kt=\"addButton\"]"}
COMMAND: POST /session/80b25485da4cce0461fa749928cde446/elements - {"using":"xpath","value":"//button[@data-kt=\"addButton\"]"}
RESULT: {"using":"xpath","value":"//button[@data-kt=\"addButton\"]"}
COMMAND: POST /session/80b25485da4cce0461fa749928cde446/elements - {"using":"xpath","value":"//button[@data-kt=\"addButton\"]"}
RESULT: {"using":"xpath","value":"//button[@data-kt=\"addButton\"]"}
COMMAND: POST /session/80b25485da4cce0461fa749928cde446/elements - {"using":"xpath","value":"//button[@data-kt=\"addButton\"]"}
RESULT: {"using":"xpath","value":"//button[@data-kt=\"addButton\"]"}
COMMAND: POST /session/80b25485da4cce0461fa749928cde446/elements - {"using":"xpath","value":"//button[@data-kt=\"addButton\"]"}
RESULT: {"using":"xpath","value":"//button[@data-kt=\"addButton\"]"}
COMMAND: POST /session/80b25485da4cce0461fa749928cde446/elements - {"using":"xpath","value":"//button[@data-kt=\"addButton\"]"}
RESULT: {"using":"xpath","value":"//button[@data-kt=\"addButton\"]"}
COMMAND: POST /session/80b25485da4cce0461fa749928cde446/elements - {"using":"xpath","value":"//button[@data-kt=\"addButton\"]"}
RESULT: {"using":"xpath","value":"//button[@data-kt=\"addButton\"]"}
COMMAND: POST /session/80b25485da4cce0461fa749928cde446/elements - {"using":"xpath","value":"//button[@data-kt=\"addButton\"]"}
RESULT: {"using":"xpath","value":"//button[@data-kt=\"addButton\"]"}
COMMAND: POST /session/80b25485da4cce0461fa749928cde446/elements - {"using":"xpath","value":"//button[@data-kt=\"addButton\"]"}
RESULT: {"using":"xpath","value":"//button[@data-kt=\"addButton\"]"}
COMMAND: POST /session/80b25485da4cce0461fa749928cde446/elements - {"using":"xpath","value":"//button[@data-kt=\"addButton\"]"}
RESULT: {"using":"xpath","value":"//button[@data-kt=\"addButton\"]"}
COMMAND: POST /session/80b25485da4cce0461fa749928cde446/elements - {"using":"xpath","value":"//button[@data-kt=\"addButton\"]"}
RESULT: {"using":"xpath","value":"//button[@data-kt=\"addButton\"]"}
COMMAND: POST /session/80b25485da4cce0461fa749928cde446/elements - {"using":"xpath","value":"//button[@data-kt=\"addButton\"]"}
RESULT: {"using":"xpath","value":"//button[@data-kt=\"addButton\"]"}
COMMAND: POST /session/80b25485da4cce0461fa749928cde446/elements - {"using":"xpath","value":"//button[@data-kt=\"addButton\"]"}
RESULT: {"using":"xpath","value":"//button[@data-kt=\"addButton\"]"}
COMMAND: POST /session/80b25485da4cce0461fa749928cde446/elements - {"using":"xpath","value":"//button[@data-kt=\"addButton\"]"}
RESULT: {"using":"xpath","value":"//button[@data-kt=\"addButton\"]"}
COMMAND: POST /session/80b25485da4cce0461fa749928cde446/elements - {"using":"xpath","value":"//button[@data-kt=\"addButton\"]"}
RESULT: {"using":"xpath","value":"//button[@data-kt=\"addButton\"]"}
COMMAND: POST /session/80b25485da4cce0461fa749928cde446/elements - {"using":"xpath","value":"//button[@data-kt=\"addButton\"]"}
RESULT: {"using":"xpath","value":"//button[@data-kt=\"addButton\"]"}
COMMAND: POST /session/80b25485da4cce0461fa749928cde446/elements - {"using":"xpath","value":"//button[@data-kt=\"addButton\"]"}
RESULT: {"using":"xpath","value":"//button[@data-kt=\"addButton\"]"}
COMMAND: POST /session/80b25485da4cce0461fa749928cde446/elements - {"using":"xpath","value":"//button[@data-kt=\"addButton\"]"}
RESULT: {"using":"xpath","value":"//button[@data-kt=\"addButton\"]"}
COMMAND: POST /session/80b25485da4cce0461fa749928cde446/elements - {"using":"xpath","value":"//button[@data-kt=\"addButton\"]"}
RESULT: {"using":"xpath","value":"//button[@data-kt=\"addButton\"]"}
COMMAND: POST /session/80b25485da4cce0461fa749928cde446/elements - {"using":"xpath","value":"//button[@data-kt=\"addButton\"]"}
RESULT: {"using":"xpath","value":"//button[@data-kt=\"addButton\"]"}
COMMAND: POST /session/80b25485da4cce0461fa749928cde446/elements - {"using":"xpath","value":"//button[@data-kt=\"addButton\"]"}
RESULT: {"using":"xpath","value":"//button[@data-kt=\"addButton\"]"}
COMMAND: POST /session/80b25485da4cce0461fa749928cde446/elements - {"using":"xpath","value":"//button[@data-kt=\"addButton\"]"}
RESULT: {"using":"xpath","value":"//button[@data-kt=\"addButton\"]"}
COMMAND: POST /session/80b25485da4cce0461fa749928cde446/elements - {"using":"xpath","value":"//button[@data-kt=\"addButton\"]"}
RESULT: {"using":"xpath","value":"//button[@data-kt=\"addButton\"]"}
COMMAND: POST /session/80b25485da4cce0461fa749928cde446/elements - {"using":"xpath","value":"//button[@data-kt=\"addButton\"]"}
RESULT: {"using":"xpath","value":"//button[@data-kt=\"addButton\"]"}
COMMAND: POST /session/80b25485da4cce0461fa749928cde446/elements - {"using":"xpath","value":"//button[@data-kt=\"addButton\"]"}
RESULT: {"using":"xpath","value":"//button[@data-kt=\"addButton\"]"}
COMMAND: POST /session/80b25485da4cce0461fa749928cde446/elements - {"using":"xpath","value":"//button[@data-kt=\"addButton\"]"}
RESULT: {"using":"xpath","value":"//button[@data-kt=\"addButton\"]"}
COMMAND: POST /session/80b25485da4cce0461fa749928cde446/elements - {"using":"xpath","value":"//button[@data-kt=\"addButton\"]"}
RESULT: {"using":"xpath","value":"//button[@data-kt=\"addButton\"]"}
COMMAND: POST /session/80b25485da4cce0461fa749928cde446/elements - {"using":"xpath","value":"//button[@data-kt=\"addButton\"]"}
RESULT: {"using":"xpath","value":"//button[@data-kt=\"addButton\"]"}
COMMAND: POST /session/80b25485da4cce0461fa749928cde446/elements - {"using":"xpath","value":"//button[@data-kt=\"addButton\"]"}
RESULT: {"using":"xpath","value":"//button[@data-kt=\"addButton\"]"}
COMMAND: POST /session/80b25485da4cce0461fa749928cde446/elements - {"using":"xpath","value":"//button[@data-kt=\"addButton\"]"}
RESULT: {"using":"xpath","value":"//button[@data-kt=\"addButton\"]"}
COMMAND: POST /session/80b25485da4cce0461fa749928cde446/elements - {"using":"xpath","value":"//button[@data-kt=\"addButton\"]"}
RESULT: {"using":"xpath","value":"//button[@data-kt=\"addButton\"]"}
COMMAND: POST /session/80b25485da4cce0461fa749928cde446/elements - {"using":"xpath","value":"//button[@data-kt=\"addButton\"]"}
RESULT: {"using":"xpath","value":"//button[@data-kt=\"addButton\"]"}
COMMAND: POST /session/80b25485da4cce0461fa749928cde446/elements - {"using":"xpath","value":"//button[@data-kt=\"addButton\"]"}
RESULT: {"using":"xpath","value":"//button[@data-kt=\"addButton\"]"}
COMMAND: POST /session/80b25485da4cce0461fa749928cde446/elements - {"using":"xpath","value":"//button[@data-kt=\"addButton\"]"}
RESULT: {"using":"xpath","value":"//button[@data-kt=\"addButton\"]"}
COMMAND: POST /session/80b25485da4cce0461fa749928cde446/elements - {"using":"xpath","value":"//button[@data-kt=\"addButton\"]"}
RESULT: {"using":"xpath","value":"//button[@data-kt=\"addButton\"]"}
COMMAND: POST /session/80b25485da4cce0461fa749928cde446/elements - {"using":"xpath","value":"//button[@data-kt=\"addButton\"]"}
RESULT: {"using":"xpath","value":"//button[@data-kt=\"addButton\"]"}
COMMAND: POST /session/80b25485da4cce0461fa749928cde446/elements - {"using":"xpath","value":"//button[@data-kt=\"addButton\"]"}
RESULT: {"using":"xpath","value":"//button[@data-kt=\"addButton\"]"}
COMMAND: POST /session/80b25485da4cce0461fa749928cde446/elements - {"using":"xpath","value":"//button[@data-kt=\"addButton\"]"}
RESULT: {"using":"xpath","value":"//button[@data-kt=\"addButton\"]"}
COMMAND: POST /session/80b25485da4cce0461fa749928cde446/elements - {"using":"xpath","value":"//button[@data-kt=\"addButton\"]"}
RESULT: {"using":"xpath","value":"//button[@data-kt=\"addButton\"]"}
COMMAND: POST /session/80b25485da4cce0461fa749928cde446/elements - {"using":"xpath","value":"//button[@data-kt=\"addButton\"]"}
RESULT: {"using":"xpath","value":"//button[@data-kt=\"addButton\"]"}
COMMAND: POST /session/80b25485da4cce0461fa749928cde446/elements - {"using":"xpath","value":"//button[@data-kt=\"addButton\"]"}
RESULT: {"using":"xpath","value":"//button[@data-kt=\"addButton\"]"}
COMMAND: POST /session/80b25485da4cce0461fa749928cde446/elements - {"using":"xpath","value":"//button[@data-kt=\"addButton\"]"}
RESULT: {"using":"xpath","value":"//button[@data-kt=\"addButton\"]"}
COMMAND: POST /session/80b25485da4cce0461fa749928cde446/elements - {"using":"xpath","value":"//button[@data-kt=\"addButton\"]"}
RESULT: {"using":"xpath","value":"//button[@data-kt=\"addButton\"]"}
COMMAND: POST /session/80b25485da4cce0461fa749928cde446/elements - {"using":"xpath","value":"//button[@data-kt=\"addButton\"]"}
RESULT: {"using":"xpath","value":"//button[@data-kt=\"addButton\"]"}
COMMAND: POST /session/80b25485da4cce0461fa749928cde446/elements - {"using":"xpath","value":"//button[@data-kt=\"addButton\"]"}
RESULT: {"using":"xpath","value":"//button[@data-kt=\"addButton\"]"}
COMMAND: POST /session/80b25485da4cce0461fa749928cde446/elements - {"using":"xpath","value":"//button[@data-kt=\"addButton\"]"}
RESULT: {"using":"xpath","value":"//button[@data-kt=\"addButton\"]"}
COMMAND: POST /session/80b25485da4cce0461fa749928cde446/elements - {"using":"xpath","value":"//button[@data-kt=\"addButton\"]"}
RESULT: {"using":"xpath","value":"//button[@data-kt=\"addButton\"]"}
COMMAND: POST /session/80b25485da4cce0461fa749928cde446/elements - {"using":"xpath","value":"//button[@data-kt=\"addButton\"]"}
RESULT: {"using":"xpath","value":"//button[@data-kt=\"addButton\"]"}
COMMAND: POST /session/80b25485da4cce0461fa749928cde446/elements - {"using":"xpath","value":"//button[@data-kt=\"addButton\"]"}
RESULT: {"using":"xpath","value":"//button[@data-kt=\"addButton\"]"}
COMMAND: POST /session/80b25485da4cce0461fa749928cde446/elements - {"using":"xpath","value":"//button[@data-kt=\"addButton\"]"}
RESULT: {"using":"xpath","value":"//button[@data-kt=\"addButton\"]"}
COMMAND: POST /session/80b25485da4cce0461fa749928cde446/elements - {"using":"xpath","value":"//button[@data-kt=\"addButton\"]"}
RESULT: {"using":"xpath","value":"//button[@data-kt=\"addButton\"]"}
COMMAND: POST /session/80b25485da4cce0461fa749928cde446/elements - {"using":"xpath","value":"//button[@data-kt=\"addButton\"]"}
RESULT: {"using":"xpath","value":"//button[@data-kt=\"addButton\"]"}
COMMAND: POST /session/80b25485da4cce0461fa749928cde446/elements - {"using":"xpath","value":"//button[@data-kt=\"addButton\"]"}
RESULT: {"using":"xpath","value":"//button[@data-kt=\"addButton\"]"}
COMMAND: POST /session/80b25485da4cce0461fa749928cde446/elements - {"using":"xpath","value":"//button[@data-kt=\"addButton\"]"}
RESULT: {"using":"xpath","value":"//button[@data-kt=\"addButton\"]"}
COMMAND: POST /session/80b25485da4cce0461fa749928cde446/elements - {"using":"xpath","value":"//button[@data-kt=\"addButton\"]"}
RESULT: {"using":"xpath","value":"//button[@data-kt=\"addButton\"]"}
COMMAND: POST /session/80b25485da4cce0461fa749928cde446/elements - {"using":"xpath","value":"//button[@data-kt=\"addButton\"]"}
RESULT: {"using":"xpath","value":"//button[@data-kt=\"addButton\"]"}
COMMAND: POST /session/80b25485da4cce0461fa749928cde446/elements - {"using":"xpath","value":"//button[@data-kt=\"addButton\"]"}
RESULT: {"using":"xpath","value":"//button[@data-kt=\"addButton\"]"}
COMMAND: POST /session/80b25485da4cce0461fa749928cde446/elements - {"using":"xpath","value":"//button[@data-kt=\"addButton\"]"}
RESULT: {"using":"xpath","value":"//button[@data-kt=\"addButton\"]"}
COMMAND: POST /session/80b25485da4cce0461fa749928cde446/elements - {"using":"xpath","value":"//button[@data-kt=\"addButton\"]"}
RESULT: {"using":"xpath","value":"//button[@data-kt=\"addButton\"]"}
COMMAND: POST /session/80b25485da4cce0461fa749928cde446/elements - {"using":"xpath","value":"//button[@data-kt=\"addButton\"]"}
RESULT: {"using":"xpath","value":"//button[@data-kt=\"addButton\"]"}
COMMAND: POST /session/80b25485da4cce0461fa749928cde446/elements - {"using":"xpath","value":"//button[@data-kt=\"addButton\"]"}
RESULT: {"using":"xpath","value":"//button[@data-kt=\"addButton\"]"}
COMMAND: POST /session/80b25485da4cce0461fa749928cde446/elements - {"using":"xpath","value":"//button[@data-kt=\"addButton\"]"}
RESULT: {"using":"xpath","value":"//button[@data-kt=\"addButton\"]"}
COMMAND: POST /session/80b25485da4cce0461fa749928cde446/elements - {"using":"xpath","value":"//button[@data-kt=\"addButton\"]"}
RESULT: {"using":"xpath","value":"//button[@data-kt=\"addButton\"]"}
COMMAND: POST /session/80b25485da4cce0461fa749928cde446/elements - {"using":"xpath","value":"//button[@data-kt=\"addButton\"]"}
RESULT: {"using":"xpath","value":"//button[@data-kt=\"addButton\"]"}
COMMAND: POST /session/80b25485da4cce0461fa749928cde446/elements - {"using":"xpath","value":"//button[@data-kt=\"addButton\"]"}
RESULT: {"using":"xpath","value":"//button[@data-kt=\"addButton\"]"}
COMMAND: POST /session/80b25485da4cce0461fa749928cde446/elements - {"using":"xpath","value":"//button[@data-kt=\"addButton\"]"}
RESULT: {"using":"xpath","value":"//button[@data-kt=\"addButton\"]"}
COMMAND: POST /session/80b25485da4cce0461fa749928cde446/elements - {"using":"xpath","value":"//button[@data-kt=\"addButton\"]"}
RESULT: {"using":"xpath","value":"//button[@data-kt=\"addButton\"]"}
COMMAND: POST /session/80b25485da4cce0461fa749928cde446/elements - {"using":"xpath","value":"//button[@data-kt=\"addButton\"]"}
RESULT: {"using":"xpath","value":"//button[@data-kt=\"addButton\"]"}
COMMAND: POST /session/80b25485da4cce0461fa749928cde446/elements - {"using":"xpath","value":"//button[@data-kt=\"addButton\"]"}
RESULT: {"using":"xpath","value":"//button[@data-kt=\"addButton\"]"}
COMMAND: POST /session/80b25485da4cce0461fa749928cde446/elements - {"using":"xpath","value":"//button[@data-kt=\"addButton\"]"}
RESULT: {"using":"xpath","value":"//button[@data-kt=\"addButton\"]"}
COMMAND: POST /session/80b25485da4cce0461fa749928cde446/elements - {"using":"xpath","value":"//button[@data-kt=\"addButton\"]"}
RESULT: {"using":"xpath","value":"//button[@data-kt=\"addButton\"]"}
COMMAND: POST /session/80b25485da4cce0461fa749928cde446/elements - {"using":"xpath","value":"//button[@data-kt=\"addButton\"]"}
RESULT: {"using":"xpath","value":"//button[@data-kt=\"addButton\"]"}
COMMAND: POST /session/80b25485da4cce0461fa749928cde446/elements - {"using":"xpath","value":"//button[@data-kt=\"addButton\"]"}
RESULT: {"using":"xpath","value":"//button[@data-kt=\"addButton\"]"}
COMMAND: POST /session/80b25485da4cce0461fa749928cde446/elements - {"using":"xpath","value":"//button[@data-kt=\"addButton\"]"}
RESULT: {"using":"xpath","value":"//button[@data-kt=\"addButton\"]"}
COMMAND: POST /session/80b25485da4cce0461fa749928cde446/elements - {"using":"xpath","value":"//button[@data-kt=\"addButton\"]"}
RESULT: {"using":"xpath","value":"//button[@data-kt=\"addButton\"]"}
COMMAND: POST /session/80b25485da4cce0461fa749928cde446/elements - {"using":"xpath","value":"//button[@data-kt=\"addButton\"]"}
RESULT: {"using":"xpath","value":"//button[@data-kt=\"addButton\"]"}
COMMAND: POST /session/80b25485da4cce0461fa749928cde446/elements - {"using":"xpath","value":"//button[@data-kt=\"addButton\"]"}
RESULT: {"using":"xpath","value":"//button[@data-kt=\"addButton\"]"}
COMMAND: POST /session/80b25485da4cce0461fa749928cde446/elements - {"using":"xpath","value":"//button[@data-kt=\"addButton\"]"}
RESULT: {"using":"xpath","value":"//button[@data-kt=\"addButton\"]"}
COMMAND: POST /session/80b25485da4cce0461fa749928cde446/elements - {"using":"xpath","value":"//button[@data-kt=\"addButton\"]"}
RESULT: {"using":"xpath","value":"//button[@data-kt=\"addButton\"]"}
COMMAND: POST /session/80b25485da4cce0461fa749928cde446/elements - {"using":"xpath","value":"//button[@data-kt=\"addButton\"]"}
RESULT: {"using":"xpath","value":"//button[@data-kt=\"addButton\"]"}
COMMAND: POST /session/80b25485da4cce0461fa749928cde446/elements - {"using":"xpath","value":"//button[@data-kt=\"addButton\"]"}
RESULT: {"using":"xpath","value":"//button[@data-kt=\"addButton\"]"}
COMMAND: POST /session/80b25485da4cce0461fa749928cde446/elements - {"using":"xpath","value":"//button[@data-kt=\"addButton\"]"}
RESULT: {"using":"xpath","value":"//button[@data-kt=\"addButton\"]"}
COMMAND: POST /session/80b25485da4cce0461fa749928cde446/elements - {"using":"xpath","value":"//button[@data-kt=\"addButton\"]"}
RESULT: {"using":"xpath","value":"//button[@data-kt=\"addButton\"]"}
COMMAND: POST /session/80b25485da4cce0461fa749928cde446/elements - {"using":"xpath","value":"//button[@data-kt=\"addButton\"]"}
RESULT: {"using":"xpath","value":"//button[@data-kt=\"addButton\"]"}
COMMAND: POST /session/80b25485da4cce0461fa749928cde446/elements - {"using":"xpath","value":"//button[@data-kt=\"addButton\"]"}
RESULT: {"using":"xpath","value":"//button[@data-kt=\"addButton\"]"}
COMMAND: POST /session/80b25485da4cce0461fa749928cde446/elements - {"using":"xpath","value":"//button[@data-kt=\"addButton\"]"}
RESULT: {"using":"xpath","value":"//button[@data-kt=\"addButton\"]"}
COMMAND: POST /session/80b25485da4cce0461fa749928cde446/elements - {"using":"xpath","value":"//button[@data-kt=\"addButton\"]"}
RESULT: {"using":"xpath","value":"//button[@data-kt=\"addButton\"]"}
COMMAND: POST /session/80b25485da4cce0461fa749928cde446/elements - {"using":"xpath","value":"//button[@data-kt=\"addButton\"]"}
RESULT: {"using":"xpath","value":"//button[@data-kt=\"addButton\"]"}
COMMAND: POST /session/80b25485da4cce0461fa749928cde446/elements - {"using":"xpath","value":"//button[@data-kt=\"addButton\"]"}
RESULT: {"using":"xpath","value":"//button[@data-kt=\"addButton\"]"}
COMMAND: POST /session/80b25485da4cce0461fa749928cde446/elements - {"using":"xpath","value":"//button[@data-kt=\"addButton\"]"}
RESULT: {"using":"xpath","value":"//button[@data-kt=\"addButton\"]"}
COMMAND: POST /session/80b25485da4cce0461fa749928cde446/elements - {"using":"xpath","value":"//button[@data-kt=\"addButton\"]"}
RESULT: {"using":"xpath","value":"//button[@data-kt=\"addButton\"]"}
COMMAND: POST /session/80b25485da4cce0461fa749928cde446/elements - {"using":"xpath","value":"//button[@data-kt=\"addButton\"]"}
COMMAND: GET /session/80b25485da4cce0461fa749928cde446/screenshot - {}
RESULT: {"using":"xpath","value":"//button[@data-kt=\"addButton\"]"}
RESULT: {}
]]></system-out>
      <system-err><![CDATA[
Error: element ("//button[@data-kt="addButton"]") still not existing after 45000ms
    at async UtilsPrerequisites.contractCreation (D:\a\1\s\test\specs\BTS\prerequisites-and-utils-functions.js:1741:9)
    at async Context.<anonymous> (D:\a\1\s\test\specs\HTR\provide-to-site-wo-warehouse-wo-clarification.spec.js:61:49)
]]></system-err>
    </testcase>
    <testcase classname="chrome.136_0_7103_93.windows.Provide_to_Site_w/o_warehouse_management_w/o_clarification" name="Should add equipment to the contract" time="60.543">
      <failure/>
      <error message="Can't call click on element with selector &quot;//button[@data-kt=&quot;contractDetailEditBtnButton&quot;]&quot; because element wasn't found"/>
      <system-out><![CDATA[
COMMAND: POST /session/80b25485da4cce0461fa749928cde446/element - {"using":"xpath","value":"//button[@data-kt=\"contractDetailEditBtnButton\"]"}
COMMAND: GET /session/80b25485da4cce0461fa749928cde446/screenshot - {}
RESULT: {"using":"xpath","value":"//button[@data-kt=\"contractDetailEditBtnButton\"]"}
COMMAND: POST /session/80b25485da4cce0461fa749928cde446/elements - {"using":"xpath","value":"//button[@data-kt=\"contractDetailEditBtnButton\"]"}
RESULT: {}
RESULT: {"using":"xpath","value":"//button[@data-kt=\"contractDetailEditBtnButton\"]"}
COMMAND: POST /session/80b25485da4cce0461fa749928cde446/elements - {"using":"xpath","value":"//button[@data-kt=\"contractDetailEditBtnButton\"]"}
RESULT: {"using":"xpath","value":"//button[@data-kt=\"contractDetailEditBtnButton\"]"}
COMMAND: POST /session/80b25485da4cce0461fa749928cde446/elements - {"using":"xpath","value":"//button[@data-kt=\"contractDetailEditBtnButton\"]"}
RESULT: {"using":"xpath","value":"//button[@data-kt=\"contractDetailEditBtnButton\"]"}
COMMAND: POST /session/80b25485da4cce0461fa749928cde446/elements - {"using":"xpath","value":"//button[@data-kt=\"contractDetailEditBtnButton\"]"}
RESULT: {"using":"xpath","value":"//button[@data-kt=\"contractDetailEditBtnButton\"]"}
COMMAND: POST /session/80b25485da4cce0461fa749928cde446/elements - {"using":"xpath","value":"//button[@data-kt=\"contractDetailEditBtnButton\"]"}
RESULT: {"using":"xpath","value":"//button[@data-kt=\"contractDetailEditBtnButton\"]"}
COMMAND: POST /session/80b25485da4cce0461fa749928cde446/elements - {"using":"xpath","value":"//button[@data-kt=\"contractDetailEditBtnButton\"]"}
RESULT: {"using":"xpath","value":"//button[@data-kt=\"contractDetailEditBtnButton\"]"}
COMMAND: POST /session/80b25485da4cce0461fa749928cde446/elements - {"using":"xpath","value":"//button[@data-kt=\"contractDetailEditBtnButton\"]"}
RESULT: {"using":"xpath","value":"//button[@data-kt=\"contractDetailEditBtnButton\"]"}
COMMAND: POST /session/80b25485da4cce0461fa749928cde446/elements - {"using":"xpath","value":"//button[@data-kt=\"contractDetailEditBtnButton\"]"}
RESULT: {"using":"xpath","value":"//button[@data-kt=\"contractDetailEditBtnButton\"]"}
COMMAND: POST /session/80b25485da4cce0461fa749928cde446/elements - {"using":"xpath","value":"//button[@data-kt=\"contractDetailEditBtnButton\"]"}
RESULT: {"using":"xpath","value":"//button[@data-kt=\"contractDetailEditBtnButton\"]"}
COMMAND: POST /session/80b25485da4cce0461fa749928cde446/elements - {"using":"xpath","value":"//button[@data-kt=\"contractDetailEditBtnButton\"]"}
RESULT: {"using":"xpath","value":"//button[@data-kt=\"contractDetailEditBtnButton\"]"}
COMMAND: POST /session/80b25485da4cce0461fa749928cde446/elements - {"using":"xpath","value":"//button[@data-kt=\"contractDetailEditBtnButton\"]"}
RESULT: {"using":"xpath","value":"//button[@data-kt=\"contractDetailEditBtnButton\"]"}
COMMAND: POST /session/80b25485da4cce0461fa749928cde446/elements - {"using":"xpath","value":"//button[@data-kt=\"contractDetailEditBtnButton\"]"}
RESULT: {"using":"xpath","value":"//button[@data-kt=\"contractDetailEditBtnButton\"]"}
COMMAND: POST /session/80b25485da4cce0461fa749928cde446/elements - {"using":"xpath","value":"//button[@data-kt=\"contractDetailEditBtnButton\"]"}
RESULT: {"using":"xpath","value":"//button[@data-kt=\"contractDetailEditBtnButton\"]"}
COMMAND: POST /session/80b25485da4cce0461fa749928cde446/elements - {"using":"xpath","value":"//button[@data-kt=\"contractDetailEditBtnButton\"]"}
RESULT: {"using":"xpath","value":"//button[@data-kt=\"contractDetailEditBtnButton\"]"}
COMMAND: POST /session/80b25485da4cce0461fa749928cde446/elements - {"using":"xpath","value":"//button[@data-kt=\"contractDetailEditBtnButton\"]"}
RESULT: {"using":"xpath","value":"//button[@data-kt=\"contractDetailEditBtnButton\"]"}
COMMAND: POST /session/80b25485da4cce0461fa749928cde446/elements - {"using":"xpath","value":"//button[@data-kt=\"contractDetailEditBtnButton\"]"}
RESULT: {"using":"xpath","value":"//button[@data-kt=\"contractDetailEditBtnButton\"]"}
COMMAND: POST /session/80b25485da4cce0461fa749928cde446/elements - {"using":"xpath","value":"//button[@data-kt=\"contractDetailEditBtnButton\"]"}
RESULT: {"using":"xpath","value":"//button[@data-kt=\"contractDetailEditBtnButton\"]"}
COMMAND: POST /session/80b25485da4cce0461fa749928cde446/elements - {"using":"xpath","value":"//button[@data-kt=\"contractDetailEditBtnButton\"]"}
RESULT: {"using":"xpath","value":"//button[@data-kt=\"contractDetailEditBtnButton\"]"}
COMMAND: POST /session/80b25485da4cce0461fa749928cde446/elements - {"using":"xpath","value":"//button[@data-kt=\"contractDetailEditBtnButton\"]"}
RESULT: {"using":"xpath","value":"//button[@data-kt=\"contractDetailEditBtnButton\"]"}
COMMAND: POST /session/80b25485da4cce0461fa749928cde446/elements - {"using":"xpath","value":"//button[@data-kt=\"contractDetailEditBtnButton\"]"}
RESULT: {"using":"xpath","value":"//button[@data-kt=\"contractDetailEditBtnButton\"]"}
COMMAND: POST /session/80b25485da4cce0461fa749928cde446/elements - {"using":"xpath","value":"//button[@data-kt=\"contractDetailEditBtnButton\"]"}
RESULT: {"using":"xpath","value":"//button[@data-kt=\"contractDetailEditBtnButton\"]"}
COMMAND: POST /session/80b25485da4cce0461fa749928cde446/elements - {"using":"xpath","value":"//button[@data-kt=\"contractDetailEditBtnButton\"]"}
RESULT: {"using":"xpath","value":"//button[@data-kt=\"contractDetailEditBtnButton\"]"}
COMMAND: POST /session/80b25485da4cce0461fa749928cde446/elements - {"using":"xpath","value":"//button[@data-kt=\"contractDetailEditBtnButton\"]"}
RESULT: {"using":"xpath","value":"//button[@data-kt=\"contractDetailEditBtnButton\"]"}
COMMAND: POST /session/80b25485da4cce0461fa749928cde446/elements - {"using":"xpath","value":"//button[@data-kt=\"contractDetailEditBtnButton\"]"}
RESULT: {"using":"xpath","value":"//button[@data-kt=\"contractDetailEditBtnButton\"]"}
COMMAND: POST /session/80b25485da4cce0461fa749928cde446/elements - {"using":"xpath","value":"//button[@data-kt=\"contractDetailEditBtnButton\"]"}
RESULT: {"using":"xpath","value":"//button[@data-kt=\"contractDetailEditBtnButton\"]"}
COMMAND: POST /session/80b25485da4cce0461fa749928cde446/elements - {"using":"xpath","value":"//button[@data-kt=\"contractDetailEditBtnButton\"]"}
RESULT: {"using":"xpath","value":"//button[@data-kt=\"contractDetailEditBtnButton\"]"}
COMMAND: POST /session/80b25485da4cce0461fa749928cde446/elements - {"using":"xpath","value":"//button[@data-kt=\"contractDetailEditBtnButton\"]"}
RESULT: {"using":"xpath","value":"//button[@data-kt=\"contractDetailEditBtnButton\"]"}
COMMAND: POST /session/80b25485da4cce0461fa749928cde446/elements - {"using":"xpath","value":"//button[@data-kt=\"contractDetailEditBtnButton\"]"}
RESULT: {"using":"xpath","value":"//button[@data-kt=\"contractDetailEditBtnButton\"]"}
COMMAND: POST /session/80b25485da4cce0461fa749928cde446/elements - {"using":"xpath","value":"//button[@data-kt=\"contractDetailEditBtnButton\"]"}
RESULT: {"using":"xpath","value":"//button[@data-kt=\"contractDetailEditBtnButton\"]"}
COMMAND: POST /session/80b25485da4cce0461fa749928cde446/elements - {"using":"xpath","value":"//button[@data-kt=\"contractDetailEditBtnButton\"]"}
RESULT: {"using":"xpath","value":"//button[@data-kt=\"contractDetailEditBtnButton\"]"}
COMMAND: POST /session/80b25485da4cce0461fa749928cde446/elements - {"using":"xpath","value":"//button[@data-kt=\"contractDetailEditBtnButton\"]"}
RESULT: {"using":"xpath","value":"//button[@data-kt=\"contractDetailEditBtnButton\"]"}
COMMAND: POST /session/80b25485da4cce0461fa749928cde446/elements - {"using":"xpath","value":"//button[@data-kt=\"contractDetailEditBtnButton\"]"}
RESULT: {"using":"xpath","value":"//button[@data-kt=\"contractDetailEditBtnButton\"]"}
COMMAND: POST /session/80b25485da4cce0461fa749928cde446/elements - {"using":"xpath","value":"//button[@data-kt=\"contractDetailEditBtnButton\"]"}
RESULT: {"using":"xpath","value":"//button[@data-kt=\"contractDetailEditBtnButton\"]"}
COMMAND: POST /session/80b25485da4cce0461fa749928cde446/elements - {"using":"xpath","value":"//button[@data-kt=\"contractDetailEditBtnButton\"]"}
RESULT: {"using":"xpath","value":"//button[@data-kt=\"contractDetailEditBtnButton\"]"}
COMMAND: POST /session/80b25485da4cce0461fa749928cde446/elements - {"using":"xpath","value":"//button[@data-kt=\"contractDetailEditBtnButton\"]"}
RESULT: {"using":"xpath","value":"//button[@data-kt=\"contractDetailEditBtnButton\"]"}
COMMAND: POST /session/80b25485da4cce0461fa749928cde446/elements - {"using":"xpath","value":"//button[@data-kt=\"contractDetailEditBtnButton\"]"}
RESULT: {"using":"xpath","value":"//button[@data-kt=\"contractDetailEditBtnButton\"]"}
COMMAND: POST /session/80b25485da4cce0461fa749928cde446/elements - {"using":"xpath","value":"//button[@data-kt=\"contractDetailEditBtnButton\"]"}
RESULT: {"using":"xpath","value":"//button[@data-kt=\"contractDetailEditBtnButton\"]"}
COMMAND: POST /session/80b25485da4cce0461fa749928cde446/elements - {"using":"xpath","value":"//button[@data-kt=\"contractDetailEditBtnButton\"]"}
RESULT: {"using":"xpath","value":"//button[@data-kt=\"contractDetailEditBtnButton\"]"}
COMMAND: POST /session/80b25485da4cce0461fa749928cde446/elements - {"using":"xpath","value":"//button[@data-kt=\"contractDetailEditBtnButton\"]"}
RESULT: {"using":"xpath","value":"//button[@data-kt=\"contractDetailEditBtnButton\"]"}
COMMAND: POST /session/80b25485da4cce0461fa749928cde446/elements - {"using":"xpath","value":"//button[@data-kt=\"contractDetailEditBtnButton\"]"}
RESULT: {"using":"xpath","value":"//button[@data-kt=\"contractDetailEditBtnButton\"]"}
COMMAND: POST /session/80b25485da4cce0461fa749928cde446/elements - {"using":"xpath","value":"//button[@data-kt=\"contractDetailEditBtnButton\"]"}
RESULT: {"using":"xpath","value":"//button[@data-kt=\"contractDetailEditBtnButton\"]"}
COMMAND: POST /session/80b25485da4cce0461fa749928cde446/elements - {"using":"xpath","value":"//button[@data-kt=\"contractDetailEditBtnButton\"]"}
RESULT: {"using":"xpath","value":"//button[@data-kt=\"contractDetailEditBtnButton\"]"}
COMMAND: POST /session/80b25485da4cce0461fa749928cde446/elements - {"using":"xpath","value":"//button[@data-kt=\"contractDetailEditBtnButton\"]"}
RESULT: {"using":"xpath","value":"//button[@data-kt=\"contractDetailEditBtnButton\"]"}
COMMAND: POST /session/80b25485da4cce0461fa749928cde446/elements - {"using":"xpath","value":"//button[@data-kt=\"contractDetailEditBtnButton\"]"}
RESULT: {"using":"xpath","value":"//button[@data-kt=\"contractDetailEditBtnButton\"]"}
COMMAND: POST /session/80b25485da4cce0461fa749928cde446/elements - {"using":"xpath","value":"//button[@data-kt=\"contractDetailEditBtnButton\"]"}
RESULT: {"using":"xpath","value":"//button[@data-kt=\"contractDetailEditBtnButton\"]"}
COMMAND: POST /session/80b25485da4cce0461fa749928cde446/elements - {"using":"xpath","value":"//button[@data-kt=\"contractDetailEditBtnButton\"]"}
RESULT: {"using":"xpath","value":"//button[@data-kt=\"contractDetailEditBtnButton\"]"}
COMMAND: POST /session/80b25485da4cce0461fa749928cde446/elements - {"using":"xpath","value":"//button[@data-kt=\"contractDetailEditBtnButton\"]"}
RESULT: {"using":"xpath","value":"//button[@data-kt=\"contractDetailEditBtnButton\"]"}
COMMAND: POST /session/80b25485da4cce0461fa749928cde446/elements - {"using":"xpath","value":"//button[@data-kt=\"contractDetailEditBtnButton\"]"}
RESULT: {"using":"xpath","value":"//button[@data-kt=\"contractDetailEditBtnButton\"]"}
COMMAND: POST /session/80b25485da4cce0461fa749928cde446/elements - {"using":"xpath","value":"//button[@data-kt=\"contractDetailEditBtnButton\"]"}
RESULT: {"using":"xpath","value":"//button[@data-kt=\"contractDetailEditBtnButton\"]"}
COMMAND: POST /session/80b25485da4cce0461fa749928cde446/elements - {"using":"xpath","value":"//button[@data-kt=\"contractDetailEditBtnButton\"]"}
RESULT: {"using":"xpath","value":"//button[@data-kt=\"contractDetailEditBtnButton\"]"}
COMMAND: POST /session/80b25485da4cce0461fa749928cde446/elements - {"using":"xpath","value":"//button[@data-kt=\"contractDetailEditBtnButton\"]"}
RESULT: {"using":"xpath","value":"//button[@data-kt=\"contractDetailEditBtnButton\"]"}
COMMAND: POST /session/80b25485da4cce0461fa749928cde446/elements - {"using":"xpath","value":"//button[@data-kt=\"contractDetailEditBtnButton\"]"}
RESULT: {"using":"xpath","value":"//button[@data-kt=\"contractDetailEditBtnButton\"]"}
COMMAND: POST /session/80b25485da4cce0461fa749928cde446/elements - {"using":"xpath","value":"//button[@data-kt=\"contractDetailEditBtnButton\"]"}
RESULT: {"using":"xpath","value":"//button[@data-kt=\"contractDetailEditBtnButton\"]"}
COMMAND: POST /session/80b25485da4cce0461fa749928cde446/elements - {"using":"xpath","value":"//button[@data-kt=\"contractDetailEditBtnButton\"]"}
RESULT: {"using":"xpath","value":"//button[@data-kt=\"contractDetailEditBtnButton\"]"}
COMMAND: POST /session/80b25485da4cce0461fa749928cde446/elements - {"using":"xpath","value":"//button[@data-kt=\"contractDetailEditBtnButton\"]"}
RESULT: {"using":"xpath","value":"//button[@data-kt=\"contractDetailEditBtnButton\"]"}
COMMAND: POST /session/80b25485da4cce0461fa749928cde446/elements - {"using":"xpath","value":"//button[@data-kt=\"contractDetailEditBtnButton\"]"}
RESULT: {"using":"xpath","value":"//button[@data-kt=\"contractDetailEditBtnButton\"]"}
COMMAND: POST /session/80b25485da4cce0461fa749928cde446/elements - {"using":"xpath","value":"//button[@data-kt=\"contractDetailEditBtnButton\"]"}
RESULT: {"using":"xpath","value":"//button[@data-kt=\"contractDetailEditBtnButton\"]"}
COMMAND: POST /session/80b25485da4cce0461fa749928cde446/elements - {"using":"xpath","value":"//button[@data-kt=\"contractDetailEditBtnButton\"]"}
RESULT: {"using":"xpath","value":"//button[@data-kt=\"contractDetailEditBtnButton\"]"}
COMMAND: POST /session/80b25485da4cce0461fa749928cde446/elements - {"using":"xpath","value":"//button[@data-kt=\"contractDetailEditBtnButton\"]"}
RESULT: {"using":"xpath","value":"//button[@data-kt=\"contractDetailEditBtnButton\"]"}
COMMAND: POST /session/80b25485da4cce0461fa749928cde446/elements - {"using":"xpath","value":"//button[@data-kt=\"contractDetailEditBtnButton\"]"}
RESULT: {"using":"xpath","value":"//button[@data-kt=\"contractDetailEditBtnButton\"]"}
COMMAND: POST /session/80b25485da4cce0461fa749928cde446/elements - {"using":"xpath","value":"//button[@data-kt=\"contractDetailEditBtnButton\"]"}
RESULT: {"using":"xpath","value":"//button[@data-kt=\"contractDetailEditBtnButton\"]"}
COMMAND: POST /session/80b25485da4cce0461fa749928cde446/elements - {"using":"xpath","value":"//button[@data-kt=\"contractDetailEditBtnButton\"]"}
RESULT: {"using":"xpath","value":"//button[@data-kt=\"contractDetailEditBtnButton\"]"}
COMMAND: POST /session/80b25485da4cce0461fa749928cde446/elements - {"using":"xpath","value":"//button[@data-kt=\"contractDetailEditBtnButton\"]"}
RESULT: {"using":"xpath","value":"//button[@data-kt=\"contractDetailEditBtnButton\"]"}
COMMAND: POST /session/80b25485da4cce0461fa749928cde446/elements - {"using":"xpath","value":"//button[@data-kt=\"contractDetailEditBtnButton\"]"}
RESULT: {"using":"xpath","value":"//button[@data-kt=\"contractDetailEditBtnButton\"]"}
COMMAND: POST /session/80b25485da4cce0461fa749928cde446/elements - {"using":"xpath","value":"//button[@data-kt=\"contractDetailEditBtnButton\"]"}
RESULT: {"using":"xpath","value":"//button[@data-kt=\"contractDetailEditBtnButton\"]"}
COMMAND: POST /session/80b25485da4cce0461fa749928cde446/elements - {"using":"xpath","value":"//button[@data-kt=\"contractDetailEditBtnButton\"]"}
RESULT: {"using":"xpath","value":"//button[@data-kt=\"contractDetailEditBtnButton\"]"}
COMMAND: POST /session/80b25485da4cce0461fa749928cde446/elements - {"using":"xpath","value":"//button[@data-kt=\"contractDetailEditBtnButton\"]"}
RESULT: {"using":"xpath","value":"//button[@data-kt=\"contractDetailEditBtnButton\"]"}
COMMAND: POST /session/80b25485da4cce0461fa749928cde446/elements - {"using":"xpath","value":"//button[@data-kt=\"contractDetailEditBtnButton\"]"}
RESULT: {"using":"xpath","value":"//button[@data-kt=\"contractDetailEditBtnButton\"]"}
COMMAND: POST /session/80b25485da4cce0461fa749928cde446/elements - {"using":"xpath","value":"//button[@data-kt=\"contractDetailEditBtnButton\"]"}
RESULT: {"using":"xpath","value":"//button[@data-kt=\"contractDetailEditBtnButton\"]"}
COMMAND: POST /session/80b25485da4cce0461fa749928cde446/elements - {"using":"xpath","value":"//button[@data-kt=\"contractDetailEditBtnButton\"]"}
RESULT: {"using":"xpath","value":"//button[@data-kt=\"contractDetailEditBtnButton\"]"}
COMMAND: POST /session/80b25485da4cce0461fa749928cde446/elements - {"using":"xpath","value":"//button[@data-kt=\"contractDetailEditBtnButton\"]"}
RESULT: {"using":"xpath","value":"//button[@data-kt=\"contractDetailEditBtnButton\"]"}
COMMAND: POST /session/80b25485da4cce0461fa749928cde446/elements - {"using":"xpath","value":"//button[@data-kt=\"contractDetailEditBtnButton\"]"}
RESULT: {"using":"xpath","value":"//button[@data-kt=\"contractDetailEditBtnButton\"]"}
COMMAND: POST /session/80b25485da4cce0461fa749928cde446/elements - {"using":"xpath","value":"//button[@data-kt=\"contractDetailEditBtnButton\"]"}
RESULT: {"using":"xpath","value":"//button[@data-kt=\"contractDetailEditBtnButton\"]"}
COMMAND: POST /session/80b25485da4cce0461fa749928cde446/elements - {"using":"xpath","value":"//button[@data-kt=\"contractDetailEditBtnButton\"]"}
RESULT: {"using":"xpath","value":"//button[@data-kt=\"contractDetailEditBtnButton\"]"}
COMMAND: POST /session/80b25485da4cce0461fa749928cde446/elements - {"using":"xpath","value":"//button[@data-kt=\"contractDetailEditBtnButton\"]"}
RESULT: {"using":"xpath","value":"//button[@data-kt=\"contractDetailEditBtnButton\"]"}
COMMAND: POST /session/80b25485da4cce0461fa749928cde446/elements - {"using":"xpath","value":"//button[@data-kt=\"contractDetailEditBtnButton\"]"}
RESULT: {"using":"xpath","value":"//button[@data-kt=\"contractDetailEditBtnButton\"]"}
COMMAND: POST /session/80b25485da4cce0461fa749928cde446/elements - {"using":"xpath","value":"//button[@data-kt=\"contractDetailEditBtnButton\"]"}
RESULT: {"using":"xpath","value":"//button[@data-kt=\"contractDetailEditBtnButton\"]"}
COMMAND: POST /session/80b25485da4cce0461fa749928cde446/elements - {"using":"xpath","value":"//button[@data-kt=\"contractDetailEditBtnButton\"]"}
RESULT: {"using":"xpath","value":"//button[@data-kt=\"contractDetailEditBtnButton\"]"}
COMMAND: POST /session/80b25485da4cce0461fa749928cde446/elements - {"using":"xpath","value":"//button[@data-kt=\"contractDetailEditBtnButton\"]"}
RESULT: {"using":"xpath","value":"//button[@data-kt=\"contractDetailEditBtnButton\"]"}
COMMAND: POST /session/80b25485da4cce0461fa749928cde446/elements - {"using":"xpath","value":"//button[@data-kt=\"contractDetailEditBtnButton\"]"}
RESULT: {"using":"xpath","value":"//button[@data-kt=\"contractDetailEditBtnButton\"]"}
COMMAND: POST /session/80b25485da4cce0461fa749928cde446/elements - {"using":"xpath","value":"//button[@data-kt=\"contractDetailEditBtnButton\"]"}
RESULT: {"using":"xpath","value":"//button[@data-kt=\"contractDetailEditBtnButton\"]"}
COMMAND: POST /session/80b25485da4cce0461fa749928cde446/elements - {"using":"xpath","value":"//button[@data-kt=\"contractDetailEditBtnButton\"]"}
RESULT: {"using":"xpath","value":"//button[@data-kt=\"contractDetailEditBtnButton\"]"}
COMMAND: POST /session/80b25485da4cce0461fa749928cde446/elements - {"using":"xpath","value":"//button[@data-kt=\"contractDetailEditBtnButton\"]"}
RESULT: {"using":"xpath","value":"//button[@data-kt=\"contractDetailEditBtnButton\"]"}
COMMAND: POST /session/80b25485da4cce0461fa749928cde446/elements - {"using":"xpath","value":"//button[@data-kt=\"contractDetailEditBtnButton\"]"}
RESULT: {"using":"xpath","value":"//button[@data-kt=\"contractDetailEditBtnButton\"]"}
COMMAND: POST /session/80b25485da4cce0461fa749928cde446/elements - {"using":"xpath","value":"//button[@data-kt=\"contractDetailEditBtnButton\"]"}
RESULT: {"using":"xpath","value":"//button[@data-kt=\"contractDetailEditBtnButton\"]"}
COMMAND: POST /session/80b25485da4cce0461fa749928cde446/elements - {"using":"xpath","value":"//button[@data-kt=\"contractDetailEditBtnButton\"]"}
RESULT: {"using":"xpath","value":"//button[@data-kt=\"contractDetailEditBtnButton\"]"}
COMMAND: POST /session/80b25485da4cce0461fa749928cde446/elements - {"using":"xpath","value":"//button[@data-kt=\"contractDetailEditBtnButton\"]"}
RESULT: {"using":"xpath","value":"//button[@data-kt=\"contractDetailEditBtnButton\"]"}
COMMAND: POST /session/80b25485da4cce0461fa749928cde446/elements - {"using":"xpath","value":"//button[@data-kt=\"contractDetailEditBtnButton\"]"}
RESULT: {"using":"xpath","value":"//button[@data-kt=\"contractDetailEditBtnButton\"]"}
COMMAND: POST /session/80b25485da4cce0461fa749928cde446/elements - {"using":"xpath","value":"//button[@data-kt=\"contractDetailEditBtnButton\"]"}
RESULT: {"using":"xpath","value":"//button[@data-kt=\"contractDetailEditBtnButton\"]"}
COMMAND: POST /session/80b25485da4cce0461fa749928cde446/elements - {"using":"xpath","value":"//button[@data-kt=\"contractDetailEditBtnButton\"]"}
RESULT: {"using":"xpath","value":"//button[@data-kt=\"contractDetailEditBtnButton\"]"}
COMMAND: POST /session/80b25485da4cce0461fa749928cde446/elements - {"using":"xpath","value":"//button[@data-kt=\"contractDetailEditBtnButton\"]"}
RESULT: {"using":"xpath","value":"//button[@data-kt=\"contractDetailEditBtnButton\"]"}
COMMAND: POST /session/80b25485da4cce0461fa749928cde446/elements - {"using":"xpath","value":"//button[@data-kt=\"contractDetailEditBtnButton\"]"}
RESULT: {"using":"xpath","value":"//button[@data-kt=\"contractDetailEditBtnButton\"]"}
COMMAND: POST /session/80b25485da4cce0461fa749928cde446/elements - {"using":"xpath","value":"//button[@data-kt=\"contractDetailEditBtnButton\"]"}
RESULT: {"using":"xpath","value":"//button[@data-kt=\"contractDetailEditBtnButton\"]"}
COMMAND: POST /session/80b25485da4cce0461fa749928cde446/elements - {"using":"xpath","value":"//button[@data-kt=\"contractDetailEditBtnButton\"]"}
RESULT: {"using":"xpath","value":"//button[@data-kt=\"contractDetailEditBtnButton\"]"}
COMMAND: POST /session/80b25485da4cce0461fa749928cde446/elements - {"using":"xpath","value":"//button[@data-kt=\"contractDetailEditBtnButton\"]"}
RESULT: {"using":"xpath","value":"//button[@data-kt=\"contractDetailEditBtnButton\"]"}
COMMAND: POST /session/80b25485da4cce0461fa749928cde446/elements - {"using":"xpath","value":"//button[@data-kt=\"contractDetailEditBtnButton\"]"}
RESULT: {"using":"xpath","value":"//button[@data-kt=\"contractDetailEditBtnButton\"]"}
COMMAND: POST /session/80b25485da4cce0461fa749928cde446/elements - {"using":"xpath","value":"//button[@data-kt=\"contractDetailEditBtnButton\"]"}
RESULT: {"using":"xpath","value":"//button[@data-kt=\"contractDetailEditBtnButton\"]"}
COMMAND: POST /session/80b25485da4cce0461fa749928cde446/elements - {"using":"xpath","value":"//button[@data-kt=\"contractDetailEditBtnButton\"]"}
RESULT: {"using":"xpath","value":"//button[@data-kt=\"contractDetailEditBtnButton\"]"}
COMMAND: POST /session/80b25485da4cce0461fa749928cde446/elements - {"using":"xpath","value":"//button[@data-kt=\"contractDetailEditBtnButton\"]"}
RESULT: {"using":"xpath","value":"//button[@data-kt=\"contractDetailEditBtnButton\"]"}
COMMAND: POST /session/80b25485da4cce0461fa749928cde446/elements - {"using":"xpath","value":"//button[@data-kt=\"contractDetailEditBtnButton\"]"}
RESULT: {"using":"xpath","value":"//button[@data-kt=\"contractDetailEditBtnButton\"]"}
COMMAND: POST /session/80b25485da4cce0461fa749928cde446/elements - {"using":"xpath","value":"//button[@data-kt=\"contractDetailEditBtnButton\"]"}
RESULT: {"using":"xpath","value":"//button[@data-kt=\"contractDetailEditBtnButton\"]"}
COMMAND: POST /session/80b25485da4cce0461fa749928cde446/elements - {"using":"xpath","value":"//button[@data-kt=\"contractDetailEditBtnButton\"]"}
RESULT: {"using":"xpath","value":"//button[@data-kt=\"contractDetailEditBtnButton\"]"}
COMMAND: POST /session/80b25485da4cce0461fa749928cde446/elements - {"using":"xpath","value":"//button[@data-kt=\"contractDetailEditBtnButton\"]"}
RESULT: {"using":"xpath","value":"//button[@data-kt=\"contractDetailEditBtnButton\"]"}
COMMAND: POST /session/80b25485da4cce0461fa749928cde446/elements - {"using":"xpath","value":"//button[@data-kt=\"contractDetailEditBtnButton\"]"}
RESULT: {"using":"xpath","value":"//button[@data-kt=\"contractDetailEditBtnButton\"]"}
COMMAND: POST /session/80b25485da4cce0461fa749928cde446/elements - {"using":"xpath","value":"//button[@data-kt=\"contractDetailEditBtnButton\"]"}
RESULT: {"using":"xpath","value":"//button[@data-kt=\"contractDetailEditBtnButton\"]"}
COMMAND: POST /session/80b25485da4cce0461fa749928cde446/elements - {"using":"xpath","value":"//button[@data-kt=\"contractDetailEditBtnButton\"]"}
RESULT: {"using":"xpath","value":"//button[@data-kt=\"contractDetailEditBtnButton\"]"}
COMMAND: POST /session/80b25485da4cce0461fa749928cde446/elements - {"using":"xpath","value":"//button[@data-kt=\"contractDetailEditBtnButton\"]"}
RESULT: {"using":"xpath","value":"//button[@data-kt=\"contractDetailEditBtnButton\"]"}
COMMAND: POST /session/80b25485da4cce0461fa749928cde446/elements - {"using":"xpath","value":"//button[@data-kt=\"contractDetailEditBtnButton\"]"}
RESULT: {"using":"xpath","value":"//button[@data-kt=\"contractDetailEditBtnButton\"]"}
COMMAND: POST /session/80b25485da4cce0461fa749928cde446/elements - {"using":"xpath","value":"//button[@data-kt=\"contractDetailEditBtnButton\"]"}
RESULT: {"using":"xpath","value":"//button[@data-kt=\"contractDetailEditBtnButton\"]"}
COMMAND: POST /session/80b25485da4cce0461fa749928cde446/elements - {"using":"xpath","value":"//button[@data-kt=\"contractDetailEditBtnButton\"]"}
RESULT: {"using":"xpath","value":"//button[@data-kt=\"contractDetailEditBtnButton\"]"}
COMMAND: POST /session/80b25485da4cce0461fa749928cde446/elements - {"using":"xpath","value":"//button[@data-kt=\"contractDetailEditBtnButton\"]"}
RESULT: {"using":"xpath","value":"//button[@data-kt=\"contractDetailEditBtnButton\"]"}
COMMAND: POST /session/80b25485da4cce0461fa749928cde446/elements - {"using":"xpath","value":"//button[@data-kt=\"contractDetailEditBtnButton\"]"}
RESULT: {"using":"xpath","value":"//button[@data-kt=\"contractDetailEditBtnButton\"]"}
COMMAND: POST /session/80b25485da4cce0461fa749928cde446/elements - {"using":"xpath","value":"//button[@data-kt=\"contractDetailEditBtnButton\"]"}
RESULT: {"using":"xpath","value":"//button[@data-kt=\"contractDetailEditBtnButton\"]"}
COMMAND: POST /session/80b25485da4cce0461fa749928cde446/elements - {"using":"xpath","value":"//button[@data-kt=\"contractDetailEditBtnButton\"]"}
RESULT: {"using":"xpath","value":"//button[@data-kt=\"contractDetailEditBtnButton\"]"}
COMMAND: POST /session/80b25485da4cce0461fa749928cde446/elements - {"using":"xpath","value":"//button[@data-kt=\"contractDetailEditBtnButton\"]"}
RESULT: {"using":"xpath","value":"//button[@data-kt=\"contractDetailEditBtnButton\"]"}
COMMAND: POST /session/80b25485da4cce0461fa749928cde446/elements - {"using":"xpath","value":"//button[@data-kt=\"contractDetailEditBtnButton\"]"}
RESULT: {"using":"xpath","value":"//button[@data-kt=\"contractDetailEditBtnButton\"]"}
COMMAND: POST /session/80b25485da4cce0461fa749928cde446/elements - {"using":"xpath","value":"//button[@data-kt=\"contractDetailEditBtnButton\"]"}
RESULT: {"using":"xpath","value":"//button[@data-kt=\"contractDetailEditBtnButton\"]"}
COMMAND: POST /session/80b25485da4cce0461fa749928cde446/elements - {"using":"xpath","value":"//button[@data-kt=\"contractDetailEditBtnButton\"]"}
RESULT: {"using":"xpath","value":"//button[@data-kt=\"contractDetailEditBtnButton\"]"}
COMMAND: POST /session/80b25485da4cce0461fa749928cde446/elements - {"using":"xpath","value":"//button[@data-kt=\"contractDetailEditBtnButton\"]"}
RESULT: {"using":"xpath","value":"//button[@data-kt=\"contractDetailEditBtnButton\"]"}
COMMAND: POST /session/80b25485da4cce0461fa749928cde446/elements - {"using":"xpath","value":"//button[@data-kt=\"contractDetailEditBtnButton\"]"}
RESULT: {"using":"xpath","value":"//button[@data-kt=\"contractDetailEditBtnButton\"]"}
COMMAND: POST /session/80b25485da4cce0461fa749928cde446/elements - {"using":"xpath","value":"//button[@data-kt=\"contractDetailEditBtnButton\"]"}
COMMAND: GET /session/80b25485da4cce0461fa749928cde446/screenshot - {}
RESULT: {"using":"xpath","value":"//button[@data-kt=\"contractDetailEditBtnButton\"]"}
RESULT: {}
]]></system-out>
      <system-err><![CDATA[
Error: Can't call click on element with selector "//button[@data-kt="contractDetailEditBtnButton"]" because element wasn't found
    at async UtilsPrerequisites.addItemToContract (D:\a\1\s\test\specs\BTS\prerequisites-and-utils-functions.js:1852:9)
    at async Context.<anonymous> (D:\a\1\s\test\specs\HTR\provide-to-site-wo-warehouse-wo-clarification.spec.js:65:9)
]]></system-err>
    </testcase>
    <testcase classname="chrome.136_0_7103_93.windows.Provide_to_Site_w/o_warehouse_management_w/o_clarification" name="Should do provide to site" time="60.422">
      <failure/>
      <error message="Can't call click on element with selector &quot;//button[@data-kt=&quot;provideButton&quot;]&quot; because element wasn't found"/>
      <system-out><![CDATA[
COMMAND: POST /session/80b25485da4cce0461fa749928cde446/element - {"using":"xpath","value":"//button[@data-kt=\"provideButton\"]"}
COMMAND: GET /session/80b25485da4cce0461fa749928cde446/screenshot - {}
RESULT: {"using":"xpath","value":"//button[@data-kt=\"provideButton\"]"}
COMMAND: POST /session/80b25485da4cce0461fa749928cde446/elements - {"using":"xpath","value":"//button[@data-kt=\"provideButton\"]"}
RESULT: {}
RESULT: {"using":"xpath","value":"//button[@data-kt=\"provideButton\"]"}
COMMAND: POST /session/80b25485da4cce0461fa749928cde446/elements - {"using":"xpath","value":"//button[@data-kt=\"provideButton\"]"}
RESULT: {"using":"xpath","value":"//button[@data-kt=\"provideButton\"]"}
COMMAND: POST /session/80b25485da4cce0461fa749928cde446/elements - {"using":"xpath","value":"//button[@data-kt=\"provideButton\"]"}
RESULT: {"using":"xpath","value":"//button[@data-kt=\"provideButton\"]"}
COMMAND: POST /session/80b25485da4cce0461fa749928cde446/elements - {"using":"xpath","value":"//button[@data-kt=\"provideButton\"]"}
RESULT: {"using":"xpath","value":"//button[@data-kt=\"provideButton\"]"}
COMMAND: POST /session/80b25485da4cce0461fa749928cde446/elements - {"using":"xpath","value":"//button[@data-kt=\"provideButton\"]"}
RESULT: {"using":"xpath","value":"//button[@data-kt=\"provideButton\"]"}
COMMAND: POST /session/80b25485da4cce0461fa749928cde446/elements - {"using":"xpath","value":"//button[@data-kt=\"provideButton\"]"}
RESULT: {"using":"xpath","value":"//button[@data-kt=\"provideButton\"]"}
COMMAND: POST /session/80b25485da4cce0461fa749928cde446/elements - {"using":"xpath","value":"//button[@data-kt=\"provideButton\"]"}
RESULT: {"using":"xpath","value":"//button[@data-kt=\"provideButton\"]"}
COMMAND: POST /session/80b25485da4cce0461fa749928cde446/elements - {"using":"xpath","value":"//button[@data-kt=\"provideButton\"]"}
RESULT: {"using":"xpath","value":"//button[@data-kt=\"provideButton\"]"}
COMMAND: POST /session/80b25485da4cce0461fa749928cde446/elements - {"using":"xpath","value":"//button[@data-kt=\"provideButton\"]"}
RESULT: {"using":"xpath","value":"//button[@data-kt=\"provideButton\"]"}
COMMAND: POST /session/80b25485da4cce0461fa749928cde446/elements - {"using":"xpath","value":"//button[@data-kt=\"provideButton\"]"}
RESULT: {"using":"xpath","value":"//button[@data-kt=\"provideButton\"]"}
COMMAND: POST /session/80b25485da4cce0461fa749928cde446/elements - {"using":"xpath","value":"//button[@data-kt=\"provideButton\"]"}
RESULT: {"using":"xpath","value":"//button[@data-kt=\"provideButton\"]"}
COMMAND: POST /session/80b25485da4cce0461fa749928cde446/elements - {"using":"xpath","value":"//button[@data-kt=\"provideButton\"]"}
RESULT: {"using":"xpath","value":"//button[@data-kt=\"provideButton\"]"}
COMMAND: POST /session/80b25485da4cce0461fa749928cde446/elements - {"using":"xpath","value":"//button[@data-kt=\"provideButton\"]"}
RESULT: {"using":"xpath","value":"//button[@data-kt=\"provideButton\"]"}
COMMAND: POST /session/80b25485da4cce0461fa749928cde446/elements - {"using":"xpath","value":"//button[@data-kt=\"provideButton\"]"}
RESULT: {"using":"xpath","value":"//button[@data-kt=\"provideButton\"]"}
COMMAND: POST /session/80b25485da4cce0461fa749928cde446/elements - {"using":"xpath","value":"//button[@data-kt=\"provideButton\"]"}
RESULT: {"using":"xpath","value":"//button[@data-kt=\"provideButton\"]"}
COMMAND: POST /session/80b25485da4cce0461fa749928cde446/elements - {"using":"xpath","value":"//button[@data-kt=\"provideButton\"]"}
RESULT: {"using":"xpath","value":"//button[@data-kt=\"provideButton\"]"}
COMMAND: POST /session/80b25485da4cce0461fa749928cde446/elements - {"using":"xpath","value":"//button[@data-kt=\"provideButton\"]"}
RESULT: {"using":"xpath","value":"//button[@data-kt=\"provideButton\"]"}
COMMAND: POST /session/80b25485da4cce0461fa749928cde446/elements - {"using":"xpath","value":"//button[@data-kt=\"provideButton\"]"}
RESULT: {"using":"xpath","value":"//button[@data-kt=\"provideButton\"]"}
COMMAND: POST /session/80b25485da4cce0461fa749928cde446/elements - {"using":"xpath","value":"//button[@data-kt=\"provideButton\"]"}
RESULT: {"using":"xpath","value":"//button[@data-kt=\"provideButton\"]"}
COMMAND: POST /session/80b25485da4cce0461fa749928cde446/elements - {"using":"xpath","value":"//button[@data-kt=\"provideButton\"]"}
RESULT: {"using":"xpath","value":"//button[@data-kt=\"provideButton\"]"}
COMMAND: POST /session/80b25485da4cce0461fa749928cde446/elements - {"using":"xpath","value":"//button[@data-kt=\"provideButton\"]"}
RESULT: {"using":"xpath","value":"//button[@data-kt=\"provideButton\"]"}
COMMAND: POST /session/80b25485da4cce0461fa749928cde446/elements - {"using":"xpath","value":"//button[@data-kt=\"provideButton\"]"}
RESULT: {"using":"xpath","value":"//button[@data-kt=\"provideButton\"]"}
COMMAND: POST /session/80b25485da4cce0461fa749928cde446/elements - {"using":"xpath","value":"//button[@data-kt=\"provideButton\"]"}
RESULT: {"using":"xpath","value":"//button[@data-kt=\"provideButton\"]"}
COMMAND: POST /session/80b25485da4cce0461fa749928cde446/elements - {"using":"xpath","value":"//button[@data-kt=\"provideButton\"]"}
RESULT: {"using":"xpath","value":"//button[@data-kt=\"provideButton\"]"}
COMMAND: POST /session/80b25485da4cce0461fa749928cde446/elements - {"using":"xpath","value":"//button[@data-kt=\"provideButton\"]"}
RESULT: {"using":"xpath","value":"//button[@data-kt=\"provideButton\"]"}
COMMAND: POST /session/80b25485da4cce0461fa749928cde446/elements - {"using":"xpath","value":"//button[@data-kt=\"provideButton\"]"}
RESULT: {"using":"xpath","value":"//button[@data-kt=\"provideButton\"]"}
COMMAND: POST /session/80b25485da4cce0461fa749928cde446/elements - {"using":"xpath","value":"//button[@data-kt=\"provideButton\"]"}
RESULT: {"using":"xpath","value":"//button[@data-kt=\"provideButton\"]"}
COMMAND: POST /session/80b25485da4cce0461fa749928cde446/elements - {"using":"xpath","value":"//button[@data-kt=\"provideButton\"]"}
RESULT: {"using":"xpath","value":"//button[@data-kt=\"provideButton\"]"}
COMMAND: POST /session/80b25485da4cce0461fa749928cde446/elements - {"using":"xpath","value":"//button[@data-kt=\"provideButton\"]"}
RESULT: {"using":"xpath","value":"//button[@data-kt=\"provideButton\"]"}
COMMAND: POST /session/80b25485da4cce0461fa749928cde446/elements - {"using":"xpath","value":"//button[@data-kt=\"provideButton\"]"}
RESULT: {"using":"xpath","value":"//button[@data-kt=\"provideButton\"]"}
COMMAND: POST /session/80b25485da4cce0461fa749928cde446/elements - {"using":"xpath","value":"//button[@data-kt=\"provideButton\"]"}
RESULT: {"using":"xpath","value":"//button[@data-kt=\"provideButton\"]"}
COMMAND: POST /session/80b25485da4cce0461fa749928cde446/elements - {"using":"xpath","value":"//button[@data-kt=\"provideButton\"]"}
RESULT: {"using":"xpath","value":"//button[@data-kt=\"provideButton\"]"}
COMMAND: POST /session/80b25485da4cce0461fa749928cde446/elements - {"using":"xpath","value":"//button[@data-kt=\"provideButton\"]"}
RESULT: {"using":"xpath","value":"//button[@data-kt=\"provideButton\"]"}
COMMAND: POST /session/80b25485da4cce0461fa749928cde446/elements - {"using":"xpath","value":"//button[@data-kt=\"provideButton\"]"}
RESULT: {"using":"xpath","value":"//button[@data-kt=\"provideButton\"]"}
COMMAND: POST /session/80b25485da4cce0461fa749928cde446/elements - {"using":"xpath","value":"//button[@data-kt=\"provideButton\"]"}
RESULT: {"using":"xpath","value":"//button[@data-kt=\"provideButton\"]"}
COMMAND: POST /session/80b25485da4cce0461fa749928cde446/elements - {"using":"xpath","value":"//button[@data-kt=\"provideButton\"]"}
RESULT: {"using":"xpath","value":"//button[@data-kt=\"provideButton\"]"}
COMMAND: POST /session/80b25485da4cce0461fa749928cde446/elements - {"using":"xpath","value":"//button[@data-kt=\"provideButton\"]"}
RESULT: {"using":"xpath","value":"//button[@data-kt=\"provideButton\"]"}
COMMAND: POST /session/80b25485da4cce0461fa749928cde446/elements - {"using":"xpath","value":"//button[@data-kt=\"provideButton\"]"}
RESULT: {"using":"xpath","value":"//button[@data-kt=\"provideButton\"]"}
COMMAND: POST /session/80b25485da4cce0461fa749928cde446/elements - {"using":"xpath","value":"//button[@data-kt=\"provideButton\"]"}
RESULT: {"using":"xpath","value":"//button[@data-kt=\"provideButton\"]"}
COMMAND: POST /session/80b25485da4cce0461fa749928cde446/elements - {"using":"xpath","value":"//button[@data-kt=\"provideButton\"]"}
RESULT: {"using":"xpath","value":"//button[@data-kt=\"provideButton\"]"}
COMMAND: POST /session/80b25485da4cce0461fa749928cde446/elements - {"using":"xpath","value":"//button[@data-kt=\"provideButton\"]"}
RESULT: {"using":"xpath","value":"//button[@data-kt=\"provideButton\"]"}
COMMAND: POST /session/80b25485da4cce0461fa749928cde446/elements - {"using":"xpath","value":"//button[@data-kt=\"provideButton\"]"}
RESULT: {"using":"xpath","value":"//button[@data-kt=\"provideButton\"]"}
COMMAND: POST /session/80b25485da4cce0461fa749928cde446/elements - {"using":"xpath","value":"//button[@data-kt=\"provideButton\"]"}
RESULT: {"using":"xpath","value":"//button[@data-kt=\"provideButton\"]"}
COMMAND: POST /session/80b25485da4cce0461fa749928cde446/elements - {"using":"xpath","value":"//button[@data-kt=\"provideButton\"]"}
RESULT: {"using":"xpath","value":"//button[@data-kt=\"provideButton\"]"}
COMMAND: POST /session/80b25485da4cce0461fa749928cde446/elements - {"using":"xpath","value":"//button[@data-kt=\"provideButton\"]"}
RESULT: {"using":"xpath","value":"//button[@data-kt=\"provideButton\"]"}
COMMAND: POST /session/80b25485da4cce0461fa749928cde446/elements - {"using":"xpath","value":"//button[@data-kt=\"provideButton\"]"}
RESULT: {"using":"xpath","value":"//button[@data-kt=\"provideButton\"]"}
COMMAND: POST /session/80b25485da4cce0461fa749928cde446/elements - {"using":"xpath","value":"//button[@data-kt=\"provideButton\"]"}
RESULT: {"using":"xpath","value":"//button[@data-kt=\"provideButton\"]"}
COMMAND: POST /session/80b25485da4cce0461fa749928cde446/elements - {"using":"xpath","value":"//button[@data-kt=\"provideButton\"]"}
RESULT: {"using":"xpath","value":"//button[@data-kt=\"provideButton\"]"}
COMMAND: POST /session/80b25485da4cce0461fa749928cde446/elements - {"using":"xpath","value":"//button[@data-kt=\"provideButton\"]"}
RESULT: {"using":"xpath","value":"//button[@data-kt=\"provideButton\"]"}
COMMAND: POST /session/80b25485da4cce0461fa749928cde446/elements - {"using":"xpath","value":"//button[@data-kt=\"provideButton\"]"}
RESULT: {"using":"xpath","value":"//button[@data-kt=\"provideButton\"]"}
COMMAND: POST /session/80b25485da4cce0461fa749928cde446/elements - {"using":"xpath","value":"//button[@data-kt=\"provideButton\"]"}
RESULT: {"using":"xpath","value":"//button[@data-kt=\"provideButton\"]"}
COMMAND: POST /session/80b25485da4cce0461fa749928cde446/elements - {"using":"xpath","value":"//button[@data-kt=\"provideButton\"]"}
RESULT: {"using":"xpath","value":"//button[@data-kt=\"provideButton\"]"}
COMMAND: POST /session/80b25485da4cce0461fa749928cde446/elements - {"using":"xpath","value":"//button[@data-kt=\"provideButton\"]"}
RESULT: {"using":"xpath","value":"//button[@data-kt=\"provideButton\"]"}
COMMAND: POST /session/80b25485da4cce0461fa749928cde446/elements - {"using":"xpath","value":"//button[@data-kt=\"provideButton\"]"}
RESULT: {"using":"xpath","value":"//button[@data-kt=\"provideButton\"]"}
COMMAND: POST /session/80b25485da4cce0461fa749928cde446/elements - {"using":"xpath","value":"//button[@data-kt=\"provideButton\"]"}
RESULT: {"using":"xpath","value":"//button[@data-kt=\"provideButton\"]"}
COMMAND: POST /session/80b25485da4cce0461fa749928cde446/elements - {"using":"xpath","value":"//button[@data-kt=\"provideButton\"]"}
RESULT: {"using":"xpath","value":"//button[@data-kt=\"provideButton\"]"}
COMMAND: POST /session/80b25485da4cce0461fa749928cde446/elements - {"using":"xpath","value":"//button[@data-kt=\"provideButton\"]"}
RESULT: {"using":"xpath","value":"//button[@data-kt=\"provideButton\"]"}
COMMAND: POST /session/80b25485da4cce0461fa749928cde446/elements - {"using":"xpath","value":"//button[@data-kt=\"provideButton\"]"}
RESULT: {"using":"xpath","value":"//button[@data-kt=\"provideButton\"]"}
COMMAND: POST /session/80b25485da4cce0461fa749928cde446/elements - {"using":"xpath","value":"//button[@data-kt=\"provideButton\"]"}
RESULT: {"using":"xpath","value":"//button[@data-kt=\"provideButton\"]"}
COMMAND: POST /session/80b25485da4cce0461fa749928cde446/elements - {"using":"xpath","value":"//button[@data-kt=\"provideButton\"]"}
RESULT: {"using":"xpath","value":"//button[@data-kt=\"provideButton\"]"}
COMMAND: POST /session/80b25485da4cce0461fa749928cde446/elements - {"using":"xpath","value":"//button[@data-kt=\"provideButton\"]"}
RESULT: {"using":"xpath","value":"//button[@data-kt=\"provideButton\"]"}
COMMAND: POST /session/80b25485da4cce0461fa749928cde446/elements - {"using":"xpath","value":"//button[@data-kt=\"provideButton\"]"}
RESULT: {"using":"xpath","value":"//button[@data-kt=\"provideButton\"]"}
COMMAND: POST /session/80b25485da4cce0461fa749928cde446/elements - {"using":"xpath","value":"//button[@data-kt=\"provideButton\"]"}
RESULT: {"using":"xpath","value":"//button[@data-kt=\"provideButton\"]"}
COMMAND: POST /session/80b25485da4cce0461fa749928cde446/elements - {"using":"xpath","value":"//button[@data-kt=\"provideButton\"]"}
RESULT: {"using":"xpath","value":"//button[@data-kt=\"provideButton\"]"}
COMMAND: POST /session/80b25485da4cce0461fa749928cde446/elements - {"using":"xpath","value":"//button[@data-kt=\"provideButton\"]"}
RESULT: {"using":"xpath","value":"//button[@data-kt=\"provideButton\"]"}
COMMAND: POST /session/80b25485da4cce0461fa749928cde446/elements - {"using":"xpath","value":"//button[@data-kt=\"provideButton\"]"}
RESULT: {"using":"xpath","value":"//button[@data-kt=\"provideButton\"]"}
COMMAND: POST /session/80b25485da4cce0461fa749928cde446/elements - {"using":"xpath","value":"//button[@data-kt=\"provideButton\"]"}
RESULT: {"using":"xpath","value":"//button[@data-kt=\"provideButton\"]"}
COMMAND: POST /session/80b25485da4cce0461fa749928cde446/elements - {"using":"xpath","value":"//button[@data-kt=\"provideButton\"]"}
RESULT: {"using":"xpath","value":"//button[@data-kt=\"provideButton\"]"}
COMMAND: POST /session/80b25485da4cce0461fa749928cde446/elements - {"using":"xpath","value":"//button[@data-kt=\"provideButton\"]"}
RESULT: {"using":"xpath","value":"//button[@data-kt=\"provideButton\"]"}
COMMAND: POST /session/80b25485da4cce0461fa749928cde446/elements - {"using":"xpath","value":"//button[@data-kt=\"provideButton\"]"}
RESULT: {"using":"xpath","value":"//button[@data-kt=\"provideButton\"]"}
COMMAND: POST /session/80b25485da4cce0461fa749928cde446/elements - {"using":"xpath","value":"//button[@data-kt=\"provideButton\"]"}
RESULT: {"using":"xpath","value":"//button[@data-kt=\"provideButton\"]"}
COMMAND: POST /session/80b25485da4cce0461fa749928cde446/elements - {"using":"xpath","value":"//button[@data-kt=\"provideButton\"]"}
RESULT: {"using":"xpath","value":"//button[@data-kt=\"provideButton\"]"}
COMMAND: POST /session/80b25485da4cce0461fa749928cde446/elements - {"using":"xpath","value":"//button[@data-kt=\"provideButton\"]"}
RESULT: {"using":"xpath","value":"//button[@data-kt=\"provideButton\"]"}
COMMAND: POST /session/80b25485da4cce0461fa749928cde446/elements - {"using":"xpath","value":"//button[@data-kt=\"provideButton\"]"}
RESULT: {"using":"xpath","value":"//button[@data-kt=\"provideButton\"]"}
COMMAND: POST /session/80b25485da4cce0461fa749928cde446/elements - {"using":"xpath","value":"//button[@data-kt=\"provideButton\"]"}
RESULT: {"using":"xpath","value":"//button[@data-kt=\"provideButton\"]"}
COMMAND: POST /session/80b25485da4cce0461fa749928cde446/elements - {"using":"xpath","value":"//button[@data-kt=\"provideButton\"]"}
RESULT: {"using":"xpath","value":"//button[@data-kt=\"provideButton\"]"}
COMMAND: POST /session/80b25485da4cce0461fa749928cde446/elements - {"using":"xpath","value":"//button[@data-kt=\"provideButton\"]"}
RESULT: {"using":"xpath","value":"//button[@data-kt=\"provideButton\"]"}
COMMAND: POST /session/80b25485da4cce0461fa749928cde446/elements - {"using":"xpath","value":"//button[@data-kt=\"provideButton\"]"}
RESULT: {"using":"xpath","value":"//button[@data-kt=\"provideButton\"]"}
COMMAND: POST /session/80b25485da4cce0461fa749928cde446/elements - {"using":"xpath","value":"//button[@data-kt=\"provideButton\"]"}
RESULT: {"using":"xpath","value":"//button[@data-kt=\"provideButton\"]"}
COMMAND: POST /session/80b25485da4cce0461fa749928cde446/elements - {"using":"xpath","value":"//button[@data-kt=\"provideButton\"]"}
RESULT: {"using":"xpath","value":"//button[@data-kt=\"provideButton\"]"}
COMMAND: POST /session/80b25485da4cce0461fa749928cde446/elements - {"using":"xpath","value":"//button[@data-kt=\"provideButton\"]"}
RESULT: {"using":"xpath","value":"//button[@data-kt=\"provideButton\"]"}
COMMAND: POST /session/80b25485da4cce0461fa749928cde446/elements - {"using":"xpath","value":"//button[@data-kt=\"provideButton\"]"}
RESULT: {"using":"xpath","value":"//button[@data-kt=\"provideButton\"]"}
COMMAND: POST /session/80b25485da4cce0461fa749928cde446/elements - {"using":"xpath","value":"//button[@data-kt=\"provideButton\"]"}
RESULT: {"using":"xpath","value":"//button[@data-kt=\"provideButton\"]"}
COMMAND: POST /session/80b25485da4cce0461fa749928cde446/elements - {"using":"xpath","value":"//button[@data-kt=\"provideButton\"]"}
RESULT: {"using":"xpath","value":"//button[@data-kt=\"provideButton\"]"}
COMMAND: POST /session/80b25485da4cce0461fa749928cde446/elements - {"using":"xpath","value":"//button[@data-kt=\"provideButton\"]"}
RESULT: {"using":"xpath","value":"//button[@data-kt=\"provideButton\"]"}
COMMAND: POST /session/80b25485da4cce0461fa749928cde446/elements - {"using":"xpath","value":"//button[@data-kt=\"provideButton\"]"}
RESULT: {"using":"xpath","value":"//button[@data-kt=\"provideButton\"]"}
COMMAND: POST /session/80b25485da4cce0461fa749928cde446/elements - {"using":"xpath","value":"//button[@data-kt=\"provideButton\"]"}
RESULT: {"using":"xpath","value":"//button[@data-kt=\"provideButton\"]"}
COMMAND: POST /session/80b25485da4cce0461fa749928cde446/elements - {"using":"xpath","value":"//button[@data-kt=\"provideButton\"]"}
RESULT: {"using":"xpath","value":"//button[@data-kt=\"provideButton\"]"}
COMMAND: POST /session/80b25485da4cce0461fa749928cde446/elements - {"using":"xpath","value":"//button[@data-kt=\"provideButton\"]"}
RESULT: {"using":"xpath","value":"//button[@data-kt=\"provideButton\"]"}
COMMAND: POST /session/80b25485da4cce0461fa749928cde446/elements - {"using":"xpath","value":"//button[@data-kt=\"provideButton\"]"}
RESULT: {"using":"xpath","value":"//button[@data-kt=\"provideButton\"]"}
COMMAND: POST /session/80b25485da4cce0461fa749928cde446/elements - {"using":"xpath","value":"//button[@data-kt=\"provideButton\"]"}
RESULT: {"using":"xpath","value":"//button[@data-kt=\"provideButton\"]"}
COMMAND: POST /session/80b25485da4cce0461fa749928cde446/elements - {"using":"xpath","value":"//button[@data-kt=\"provideButton\"]"}
RESULT: {"using":"xpath","value":"//button[@data-kt=\"provideButton\"]"}
COMMAND: POST /session/80b25485da4cce0461fa749928cde446/elements - {"using":"xpath","value":"//button[@data-kt=\"provideButton\"]"}
RESULT: {"using":"xpath","value":"//button[@data-kt=\"provideButton\"]"}
COMMAND: POST /session/80b25485da4cce0461fa749928cde446/elements - {"using":"xpath","value":"//button[@data-kt=\"provideButton\"]"}
RESULT: {"using":"xpath","value":"//button[@data-kt=\"provideButton\"]"}
COMMAND: POST /session/80b25485da4cce0461fa749928cde446/elements - {"using":"xpath","value":"//button[@data-kt=\"provideButton\"]"}
RESULT: {"using":"xpath","value":"//button[@data-kt=\"provideButton\"]"}
COMMAND: POST /session/80b25485da4cce0461fa749928cde446/elements - {"using":"xpath","value":"//button[@data-kt=\"provideButton\"]"}
RESULT: {"using":"xpath","value":"//button[@data-kt=\"provideButton\"]"}
COMMAND: POST /session/80b25485da4cce0461fa749928cde446/elements - {"using":"xpath","value":"//button[@data-kt=\"provideButton\"]"}
RESULT: {"using":"xpath","value":"//button[@data-kt=\"provideButton\"]"}
COMMAND: POST /session/80b25485da4cce0461fa749928cde446/elements - {"using":"xpath","value":"//button[@data-kt=\"provideButton\"]"}
RESULT: {"using":"xpath","value":"//button[@data-kt=\"provideButton\"]"}
COMMAND: POST /session/80b25485da4cce0461fa749928cde446/elements - {"using":"xpath","value":"//button[@data-kt=\"provideButton\"]"}
RESULT: {"using":"xpath","value":"//button[@data-kt=\"provideButton\"]"}
COMMAND: POST /session/80b25485da4cce0461fa749928cde446/elements - {"using":"xpath","value":"//button[@data-kt=\"provideButton\"]"}
RESULT: {"using":"xpath","value":"//button[@data-kt=\"provideButton\"]"}
COMMAND: POST /session/80b25485da4cce0461fa749928cde446/elements - {"using":"xpath","value":"//button[@data-kt=\"provideButton\"]"}
RESULT: {"using":"xpath","value":"//button[@data-kt=\"provideButton\"]"}
COMMAND: POST /session/80b25485da4cce0461fa749928cde446/elements - {"using":"xpath","value":"//button[@data-kt=\"provideButton\"]"}
RESULT: {"using":"xpath","value":"//button[@data-kt=\"provideButton\"]"}
COMMAND: POST /session/80b25485da4cce0461fa749928cde446/elements - {"using":"xpath","value":"//button[@data-kt=\"provideButton\"]"}
RESULT: {"using":"xpath","value":"//button[@data-kt=\"provideButton\"]"}
COMMAND: POST /session/80b25485da4cce0461fa749928cde446/elements - {"using":"xpath","value":"//button[@data-kt=\"provideButton\"]"}
RESULT: {"using":"xpath","value":"//button[@data-kt=\"provideButton\"]"}
COMMAND: POST /session/80b25485da4cce0461fa749928cde446/elements - {"using":"xpath","value":"//button[@data-kt=\"provideButton\"]"}
RESULT: {"using":"xpath","value":"//button[@data-kt=\"provideButton\"]"}
COMMAND: POST /session/80b25485da4cce0461fa749928cde446/elements - {"using":"xpath","value":"//button[@data-kt=\"provideButton\"]"}
RESULT: {"using":"xpath","value":"//button[@data-kt=\"provideButton\"]"}
COMMAND: POST /session/80b25485da4cce0461fa749928cde446/elements - {"using":"xpath","value":"//button[@data-kt=\"provideButton\"]"}
RESULT: {"using":"xpath","value":"//button[@data-kt=\"provideButton\"]"}
COMMAND: POST /session/80b25485da4cce0461fa749928cde446/elements - {"using":"xpath","value":"//button[@data-kt=\"provideButton\"]"}
RESULT: {"using":"xpath","value":"//button[@data-kt=\"provideButton\"]"}
COMMAND: POST /session/80b25485da4cce0461fa749928cde446/elements - {"using":"xpath","value":"//button[@data-kt=\"provideButton\"]"}
RESULT: {"using":"xpath","value":"//button[@data-kt=\"provideButton\"]"}
COMMAND: POST /session/80b25485da4cce0461fa749928cde446/elements - {"using":"xpath","value":"//button[@data-kt=\"provideButton\"]"}
RESULT: {"using":"xpath","value":"//button[@data-kt=\"provideButton\"]"}
COMMAND: POST /session/80b25485da4cce0461fa749928cde446/elements - {"using":"xpath","value":"//button[@data-kt=\"provideButton\"]"}
RESULT: {"using":"xpath","value":"//button[@data-kt=\"provideButton\"]"}
COMMAND: POST /session/80b25485da4cce0461fa749928cde446/elements - {"using":"xpath","value":"//button[@data-kt=\"provideButton\"]"}
RESULT: {"using":"xpath","value":"//button[@data-kt=\"provideButton\"]"}
COMMAND: POST /session/80b25485da4cce0461fa749928cde446/elements - {"using":"xpath","value":"//button[@data-kt=\"provideButton\"]"}
RESULT: {"using":"xpath","value":"//button[@data-kt=\"provideButton\"]"}
COMMAND: POST /session/80b25485da4cce0461fa749928cde446/elements - {"using":"xpath","value":"//button[@data-kt=\"provideButton\"]"}
RESULT: {"using":"xpath","value":"//button[@data-kt=\"provideButton\"]"}
COMMAND: POST /session/80b25485da4cce0461fa749928cde446/elements - {"using":"xpath","value":"//button[@data-kt=\"provideButton\"]"}
RESULT: {"using":"xpath","value":"//button[@data-kt=\"provideButton\"]"}
COMMAND: POST /session/80b25485da4cce0461fa749928cde446/elements - {"using":"xpath","value":"//button[@data-kt=\"provideButton\"]"}
RESULT: {"using":"xpath","value":"//button[@data-kt=\"provideButton\"]"}
COMMAND: POST /session/80b25485da4cce0461fa749928cde446/elements - {"using":"xpath","value":"//button[@data-kt=\"provideButton\"]"}
RESULT: {"using":"xpath","value":"//button[@data-kt=\"provideButton\"]"}
COMMAND: POST /session/80b25485da4cce0461fa749928cde446/elements - {"using":"xpath","value":"//button[@data-kt=\"provideButton\"]"}
RESULT: {"using":"xpath","value":"//button[@data-kt=\"provideButton\"]"}
COMMAND: POST /session/80b25485da4cce0461fa749928cde446/elements - {"using":"xpath","value":"//button[@data-kt=\"provideButton\"]"}
RESULT: {"using":"xpath","value":"//button[@data-kt=\"provideButton\"]"}
COMMAND: POST /session/80b25485da4cce0461fa749928cde446/elements - {"using":"xpath","value":"//button[@data-kt=\"provideButton\"]"}
RESULT: {"using":"xpath","value":"//button[@data-kt=\"provideButton\"]"}
COMMAND: GET /session/80b25485da4cce0461fa749928cde446/screenshot - {}
RESULT: {}
]]></system-out>
      <system-err><![CDATA[
Error: Can't call click on element with selector "//button[@data-kt="provideButton"]" because element wasn't found
    at async Context.<anonymous> (D:\a\1\s\test\specs\HTR\provide-to-site-wo-warehouse-wo-clarification.spec.js:70:9)
]]></system-err>
    </testcase>
    <testcase classname="chrome.136_0_7103_93.windows.Provide_to_Site_w/o_warehouse_management_w/o_clarification" name="Should Test for Handover Execution" time="13.773">
      <system-out><![CDATA[
COMMAND: POST /session/80b25485da4cce0461fa749928cde446/element - {"using":"xpath","value":"(//span[contains(@id, \"imgNav\")])[1]"}
COMMAND: GET /session/80b25485da4cce0461fa749928cde446/screenshot - {}
RESULT: {"using":"xpath","value":"(//span[contains(@id, \"imgNav\")])[1]"}
COMMAND: POST /session/80b25485da4cce0461fa749928cde446/element/f.499FA332C3249B1FB6786AFDCB682F30.d.DC9F8673E45B2E22B92B3FD27338CEF6.e.11237/click - {}
RESULT: {}
RESULT: {}
COMMAND: GET /session/80b25485da4cce0461fa749928cde446/screenshot - {}
RESULT: {}
COMMAND: POST /session/80b25485da4cce0461fa749928cde446/element - {"using":"css selector","value":"#shell-header-logo"}
RESULT: {"using":"css selector","value":"#shell-header-logo"}
COMMAND: POST /session/80b25485da4cce0461fa749928cde446/element/f.499FA332C3249B1FB6786AFDCB682F30.d.DC9F8673E45B2E22B92B3FD27338CEF6.e.11144/click - {}
RESULT: {}
COMMAND: GET /session/80b25485da4cce0461fa749928cde446/screenshot - {}
RESULT: {}
]]></system-out>
    </testcase>
    <testcase classname="chrome.136_0_7103_93.windows.Provide_to_Site_w/o_warehouse_management_w/o_clarification" name="Should test for Clarification" time="0.004">
      <system-out><![CDATA[
COMMAND: POST /session/80b25485da4cce0461fa749928cde446/element - {"using":"css selector","value":"#j_username"}
COMMAND: POST /session/80b25485da4cce0461fa749928cde446/url - {"url":"https://qa-testing-00-live-etm-ui.cfapps.eu10-004.hana.ondemand.com/"}
COMMAND: GET /session/80b25485da4cce0461fa749928cde446/screenshot - {}
RESULT: {"using":"css selector","value":"#j_username"}
COMMAND: POST /session/80b25485da4cce0461fa749928cde446/element - {"using":"css selector","value":"#j_username"}
RESULT: {"url":"https://qa-testing-00-live-etm-ui.cfapps.eu10-004.hana.ondemand.com/"}
RESULT: undefined
COMMAND: GET /session/80b25485da4cce0461fa749928cde446/screenshot - {}
RESULT: {}
RESULT: {"using":"css selector","value":"#j_username"}
COMMAND: POST /session/80b25485da4cce0461fa749928cde446/element - {"using":"css selector","value":"#shell-header-logo"}
RESULT: {}
RESULT: {"using":"css selector","value":"#shell-header-logo"}
COMMAND: POST /session/80b25485da4cce0461fa749928cde446/execute/sync - {"script":"<script> [8489 bytes]","args":[{"element-6066-11e4-a52e-4f735466cecf":"f.499FA332C3249B1FB6786AFDCB682F30.d.9CD944BAEF4E2EF145E60729FD0E04D9.e.11591","ELEMENT":"f.499FA332C3249B1FB6786AFDCB682F30.d.9CD944BAEF4E2EF145E60729FD0E04D9.e.11591"}]}
RESULT: {"script":"<script> [8489 bytes]","args":[{"element-6066-11e4-a52e-4f735466cecf":"f.499FA332C3249B1FB6786AFDCB682F30.d.9CD944BAEF4E2EF145E60729FD0E04D9.e.11591","ELEMENT":"f.499FA332C3249B1FB6786AFDCB682F30.d.9CD944BAEF4E2EF145E60729FD0E04D9.e.11591"}]}
COMMAND: POST /session/80b25485da4cce0461fa749928cde446/element - {"using":"css selector","value":"#shell-header-logo"}
COMMAND: GET /session/80b25485da4cce0461fa749928cde446/screenshot - {}
RESULT: {"using":"css selector","value":"#shell-header-logo"}
COMMAND: POST /session/80b25485da4cce0461fa749928cde446/execute/sync - {"script":"<script> [8489 bytes]","args":[{"element-6066-11e4-a52e-4f735466cecf":"f.499FA332C3249B1FB6786AFDCB682F30.d.9CD944BAEF4E2EF145E60729FD0E04D9.e.11591","ELEMENT":"f.499FA332C3249B1FB6786AFDCB682F30.d.9CD944BAEF4E2EF145E60729FD0E04D9.e.11591"}]}
RESULT: {}
RESULT: {"script":"<script> [8489 bytes]","args":[{"element-6066-11e4-a52e-4f735466cecf":"f.499FA332C3249B1FB6786AFDCB682F30.d.9CD944BAEF4E2EF145E60729FD0E04D9.e.11591","ELEMENT":"f.499FA332C3249B1FB6786AFDCB682F30.d.9CD944BAEF4E2EF145E60729FD0E04D9.e.11591"}]}
COMMAND: POST /session/80b25485da4cce0461fa749928cde446/execute/sync - {"script":"<script> [5351 bytes]","args":[{"element-6066-11e4-a52e-4f735466cecf":"f.499FA332C3249B1FB6786AFDCB682F30.d.9CD944BAEF4E2EF145E60729FD0E04D9.e.11591","ELEMENT":"f.499FA332C3249B1FB6786AFDCB682F30.d.9CD944BAEF4E2EF145E60729FD0E04D9.e.11591"}]}
COMMAND: GET /session/80b25485da4cce0461fa749928cde446/screenshot - {}
RESULT: {"script":"<script> [5351 bytes]","args":[{"element-6066-11e4-a52e-4f735466cecf":"f.499FA332C3249B1FB6786AFDCB682F30.d.9CD944BAEF4E2EF145E60729FD0E04D9.e.11591","ELEMENT":"f.499FA332C3249B1FB6786AFDCB682F30.d.9CD944BAEF4E2EF145E60729FD0E04D9.e.11591"}]}
COMMAND: POST /session/80b25485da4cce0461fa749928cde446/element - {"using":"css selector","value":"#shell-header-logo"}
COMMAND: GET /session/80b25485da4cce0461fa749928cde446/screenshot - {}
RESULT: {}
RESULT: {"using":"css selector","value":"#shell-header-logo"}
COMMAND: POST /session/80b25485da4cce0461fa749928cde446/element/f.499FA332C3249B1FB6786AFDCB682F30.d.9CD944BAEF4E2EF145E60729FD0E04D9.e.11591/click - {}
RESULT: {}
RESULT: {}
COMMAND: GET /session/80b25485da4cce0461fa749928cde446/screenshot - {}
RESULT: {}
COMMAND: POST /session/80b25485da4cce0461fa749928cde446/execute/async - {"script":"<script> [189 bytes]","args":[]}
RESULT: {"script":"<script> [189 bytes]","args":[]}
COMMAND: POST /session/80b25485da4cce0461fa749928cde446/execute/async - {"script":"<script> [123 bytes]","args":[]}
RESULT: {"script":"<script> [123 bytes]","args":[]}
COMMAND: POST /session/80b25485da4cce0461fa749928cde446/timeouts - {"script":"<number>"}
RESULT: {"script":"<number>"}
COMMAND: GET /session/80b25485da4cce0461fa749928cde446/timeouts - {}
RESULT: {}
RESULT: undefined
COMMAND: POST /session/80b25485da4cce0461fa749928cde446/execute/async - {"script":"<script> [2676 bytes]","args":[]}
RESULT: {"script":"<script> [2676 bytes]","args":[]}
COMMAND: POST /session/80b25485da4cce0461fa749928cde446/execute/async - {"script":"<script> [2342 bytes]","args":[{"protocol":"http","hostname":"0.0.0.0","path":"/","capabilities":{"browserName":"chrome","goog:chromeOptions":{"binary":"C:\\Program Files\\Google\\Chrome\\Application\\chrome.exe","args":["--start-maximized"]}},"logLevel":"warn","connectionRetryTimeout":120000,"connectionRetryCount":3,"logLevels":{},"enableDirectConnect":true,"strictSSL":true,"_":"65 more keys: [\"cacheDir\",\"port\",\"requestedCapabilities\",\"automationProtocol\",\"baseUrl\",\"waitforInterval\",\"waitforTimeout\",\"onReload\",\"beforeCommand\",\"afterCommand\",\"rootDir\",\"specs\",\"suites\",\"exclude\",\"groupLogsByTestSpec\",\"excludeDriverLogs\",\"bail\",\"framework\",\"reporters\",\"services\",\"maxInstances\",\"maxInstancesPerCapability\",\"injectGlobals\",\"filesToWatch\",\"execArgv\",\"runnerEnv\",\"runner\",\"shard\",\"specFileRetries\",\"specFileRetriesDelay\",\"specFileRetriesDeferred\",\"reporterSyncInterval\",\"reporterSyncTimeout\",\"cucumberFeaturesWithLineNumbers\",\"autoCompileOpts\",\"mochaOpts\",\"jasmineOpts\",\"cucumberOpts\",\"onPrepare\",\"onWorkerStart\",\"onWorkerEnd\",\"before\",\"beforeSession\",\"beforeSuite\",\"beforeHook\",\"beforeTest\",\"afterTest\",\"afterHook\",\"afterSuite\",\"afterSession\",\"after\",\"onComplete\",\"beforeAssertion\",\"afterAssertion\",\"beforeFeature\",\"beforeScenario\",\"beforeStep\",\"afterStep\",\"afterScenario\",\"afterFeature\",\"_\",\"suite\",\"$0\",\"ignoredWorkerServices\",\"wdi5\"]"}]}
RESULT: {"script":"<script> [2342 bytes]","args":[{"protocol":"http","hostname":"0.0.0.0","path":"/","capabilities":{"browserName":"chrome","goog:chromeOptions":{"binary":"C:\\Program Files\\Google\\Chrome\\Application\\chrome.exe","args":["--start-maximized"]}},"logLevel":"warn","connectionRetryTimeout":120000,"connectionRetryCount":3,"logLevels":{},"enableDirectConnect":true,"strictSSL":true,"_":"65 more keys: [\"cacheDir\",\"port\",\"requestedCapabilities\",\"automationProtocol\",\"baseUrl\",\"waitforInterval\",\"waitforTimeout\",\"onReload\",\"beforeCommand\",\"afterCommand\",\"rootDir\",\"specs\",\"suites\",\"exclude\",\"groupLogsByTestSpec\",\"excludeDriverLogs\",\"bail\",\"framework\",\"reporters\",\"services\",\"maxInstances\",\"maxInstancesPerCapability\",\"injectGlobals\",\"filesToWatch\",\"execArgv\",\"runnerEnv\",\"runner\",\"shard\",\"specFileRetries\",\"specFileRetriesDelay\",\"specFileRetriesDeferred\",\"reporterSyncInterval\",\"reporterSyncTimeout\",\"cucumberFeaturesWithLineNumbers\",\"autoCompileOpts\",\"mochaOpts\",\"jasmineOpts\",\"cucumberOpts\",\"onPrepare\",\"onWorkerStart\",\"onWorkerEnd\",\"before\",\"beforeSession\",\"beforeSuite\",\"beforeHook\",\"beforeTest\",\"afterTest\",\"afterHook\",\"afterSuite\",\"afterSession\",\"after\",\"onComplete\",\"beforeAssertion\",\"afterAssertion\",\"beforeFeature\",\"beforeScenario\",\"beforeStep\",\"afterStep\",\"afterScenario\",\"afterFeature\",\"_\",\"suite\",\"$0\",\"ignoredWorkerServices\",\"wdi5\"]"}]}
COMMAND: POST /session/80b25485da4cce0461fa749928cde446/execute/async - {"script":"<script> [21126 bytes]","args":[35000]}
RESULT: {"script":"<script> [21126 bytes]","args":[35000]}
COMMAND: POST /session/80b25485da4cce0461fa749928cde446/window/maximize - {}
RESULT: {}
COMMAND: POST /session/80b25485da4cce0461fa749928cde446/execute/async - {"script":"<script> [1562 bytes]","args":[{"selector":{"id":"shell-header","interaction":{"idSuffix":"icon"}},"wdio_ui5_key":"shellheader"}]}
COMMAND: GET /session/80b25485da4cce0461fa749928cde446/screenshot - {}
RESULT: {"script":"<script> [1562 bytes]","args":[{"selector":{"id":"shell-header","interaction":{"idSuffix":"icon"}},"wdio_ui5_key":"shellheader"}]}
RESULT: undefined
COMMAND: POST /session/80b25485da4cce0461fa749928cde446/refresh - {}
RESULT: {}
RESULT: {}
COMMAND: GET /session/80b25485da4cce0461fa749928cde446/screenshot - {}
RESULT: {}
COMMAND: POST /session/80b25485da4cce0461fa749928cde446/refresh - {}
RESULT: {}
COMMAND: GET /session/80b25485da4cce0461fa749928cde446/screenshot - {}
RESULT: {}
COMMAND: POST /session/80b25485da4cce0461fa749928cde446/window/fullscreen - {}
RESULT: {}
COMMAND: POST /session/80b25485da4cce0461fa749928cde446/execute/async - {"script":"<script> [189 bytes]","args":[]}
RESULT: {"script":"<script> [189 bytes]","args":[]}
COMMAND: POST /session/80b25485da4cce0461fa749928cde446/execute/async - {"script":"<script> [123 bytes]","args":[]}
RESULT: {"script":"<script> [123 bytes]","args":[]}
COMMAND: POST /session/80b25485da4cce0461fa749928cde446/timeouts - {"script":"<number>"}
RESULT: {"script":"<number>"}
COMMAND: GET /session/80b25485da4cce0461fa749928cde446/timeouts - {}
RESULT: {}
RESULT: undefined
COMMAND: POST /session/80b25485da4cce0461fa749928cde446/execute/async - {"script":"<script> [2676 bytes]","args":[]}
RESULT: {"script":"<script> [2676 bytes]","args":[]}
COMMAND: POST /session/80b25485da4cce0461fa749928cde446/execute/async - {"script":"<script> [2342 bytes]","args":[{"protocol":"http","hostname":"0.0.0.0","path":"/","capabilities":{"browserName":"chrome","goog:chromeOptions":{"binary":"C:\\Program Files\\Google\\Chrome\\Application\\chrome.exe","args":["--start-maximized"]}},"logLevel":"warn","connectionRetryTimeout":120000,"connectionRetryCount":3,"logLevels":{},"enableDirectConnect":true,"strictSSL":true,"_":"65 more keys: [\"cacheDir\",\"port\",\"requestedCapabilities\",\"automationProtocol\",\"baseUrl\",\"waitforInterval\",\"waitforTimeout\",\"onReload\",\"beforeCommand\",\"afterCommand\",\"rootDir\",\"specs\",\"suites\",\"exclude\",\"groupLogsByTestSpec\",\"excludeDriverLogs\",\"bail\",\"framework\",\"reporters\",\"services\",\"maxInstances\",\"maxInstancesPerCapability\",\"injectGlobals\",\"filesToWatch\",\"execArgv\",\"runnerEnv\",\"runner\",\"shard\",\"specFileRetries\",\"specFileRetriesDelay\",\"specFileRetriesDeferred\",\"reporterSyncInterval\",\"reporterSyncTimeout\",\"cucumberFeaturesWithLineNumbers\",\"autoCompileOpts\",\"mochaOpts\",\"jasmineOpts\",\"cucumberOpts\",\"onPrepare\",\"onWorkerStart\",\"onWorkerEnd\",\"before\",\"beforeSession\",\"beforeSuite\",\"beforeHook\",\"beforeTest\",\"afterTest\",\"afterHook\",\"afterSuite\",\"afterSession\",\"after\",\"onComplete\",\"beforeAssertion\",\"afterAssertion\",\"beforeFeature\",\"beforeScenario\",\"beforeStep\",\"afterStep\",\"afterScenario\",\"afterFeature\",\"_\",\"suite\",\"$0\",\"ignoredWorkerServices\",\"wdi5\"]"}]}
RESULT: {"script":"<script> [2342 bytes]","args":[{"protocol":"http","hostname":"0.0.0.0","path":"/","capabilities":{"browserName":"chrome","goog:chromeOptions":{"binary":"C:\\Program Files\\Google\\Chrome\\Application\\chrome.exe","args":["--start-maximized"]}},"logLevel":"warn","connectionRetryTimeout":120000,"connectionRetryCount":3,"logLevels":{},"enableDirectConnect":true,"strictSSL":true,"_":"65 more keys: [\"cacheDir\",\"port\",\"requestedCapabilities\",\"automationProtocol\",\"baseUrl\",\"waitforInterval\",\"waitforTimeout\",\"onReload\",\"beforeCommand\",\"afterCommand\",\"rootDir\",\"specs\",\"suites\",\"exclude\",\"groupLogsByTestSpec\",\"excludeDriverLogs\",\"bail\",\"framework\",\"reporters\",\"services\",\"maxInstances\",\"maxInstancesPerCapability\",\"injectGlobals\",\"filesToWatch\",\"execArgv\",\"runnerEnv\",\"runner\",\"shard\",\"specFileRetries\",\"specFileRetriesDelay\",\"specFileRetriesDeferred\",\"reporterSyncInterval\",\"reporterSyncTimeout\",\"cucumberFeaturesWithLineNumbers\",\"autoCompileOpts\",\"mochaOpts\",\"jasmineOpts\",\"cucumberOpts\",\"onPrepare\",\"onWorkerStart\",\"onWorkerEnd\",\"before\",\"beforeSession\",\"beforeSuite\",\"beforeHook\",\"beforeTest\",\"afterTest\",\"afterHook\",\"afterSuite\",\"afterSession\",\"after\",\"onComplete\",\"beforeAssertion\",\"afterAssertion\",\"beforeFeature\",\"beforeScenario\",\"beforeStep\",\"afterStep\",\"afterScenario\",\"afterFeature\",\"_\",\"suite\",\"$0\",\"ignoredWorkerServices\",\"wdi5\"]"}]}
COMMAND: POST /session/80b25485da4cce0461fa749928cde446/execute/async - {"script":"<script> [21126 bytes]","args":[35000]}
RESULT: {"script":"<script> [21126 bytes]","args":[35000]}
]]></system-out>
    </testcase>
  </testsuite>
  <testsuite timestamp="2025-06-01T17:04:12" time="160.693" tests="6" failures="0" errors="0" skipped="0">
    <properties>
      <property name="specId" value="0"/>
      <property name="suiteName" value="Return from Site w/ warehouse management w/ clarification US125588"/>
      <property name="capabilities" value="chrome.136_0_7103_93.windows"/>
      <property name="file" value="file:///D:/a/1/s/test/specs/HTR/return-from-site-w-warehouse-management-w-clarification.spec.js"/>
    </properties>
    <testcase classname="chrome.136_0_7103_93.windows.Return_from_Site_w/_warehouse_management_w/_clarification_US125588" name="Should create a new WHM yard" time="0.009">
      <system-out><![CDATA[
COMMAND: POST /session/80b25485da4cce0461fa749928cde446/window/fullscreen - {}
RESULT: {}
]]></system-out>
    </testcase>
    <testcase classname="chrome.136_0_7103_93.windows.Return_from_Site_w/_warehouse_management_w/_clarification_US125588" name="Should create a new external WHM partner" time="0.003"/>
    <testcase classname="chrome.136_0_7103_93.windows.Return_from_Site_w/_warehouse_management_w/_clarification_US125588" name="Should create a new WHM site" time="0.003"/>
    <testcase classname="chrome.136_0_7103_93.windows.Return_from_Site_w/_warehouse_management_w/_clarification_US125588" name="Should create a new material" time="113.432">
      <system-out><![CDATA[
COMMAND: POST /session/80b25485da4cce0461fa749928cde446/execute/async - {"script":"<script> [1562 bytes]","args":[{"selector":{"controlType":"sap.m.GenericTile","properties":{"header":"Manage Resources"}},"wdio_ui5_key":"sapm.GenericTile{\"header\":\"Manage Resources\"}"}]}
RESULT: {"script":"<script> [1562 bytes]","args":[{"selector":{"controlType":"sap.m.GenericTile","properties":{"header":"Manage Resources"}},"wdio_ui5_key":"sapm.GenericTile{\"header\":\"Manage Resources\"}"}]}
RESULT: undefined
COMMAND: POST /session/80b25485da4cce0461fa749928cde446/element - {"using":"xpath","value":"//*[@id=\"__tile39\"]"}
RESULT: {"using":"xpath","value":"//*[@id=\"__tile39\"]"}
COMMAND: POST /session/80b25485da4cce0461fa749928cde446/element/f.499FA332C3249B1FB6786AFDCB682F30.d.687364815CC01A368976C86D3FFEB15E.e.11736/click - {}
RESULT: {}
COMMAND: GET /session/80b25485da4cce0461fa749928cde446/screenshot - {}
RESULT: {}
COMMAND: POST /session/80b25485da4cce0461fa749928cde446/elements - {"using":"xpath","value":"//span[text()='Error']"}
RESULT: {"using":"xpath","value":"//span[text()='Error']"}
COMMAND: POST /session/80b25485da4cce0461fa749928cde446/element - {"using":"xpath","value":"//button[@data-kt=\"addNewRUOverflowToolbarButton\"]"}
RESULT: {"using":"xpath","value":"//button[@data-kt=\"addNewRUOverflowToolbarButton\"]"}
COMMAND: POST /session/80b25485da4cce0461fa749928cde446/elements - {"using":"xpath","value":"//button[@data-kt=\"addNewRUOverflowToolbarButton\"]"}
RESULT: {"using":"xpath","value":"//button[@data-kt=\"addNewRUOverflowToolbarButton\"]"}
COMMAND: POST /session/80b25485da4cce0461fa749928cde446/elements - {"using":"xpath","value":"//button[@data-kt=\"addNewRUOverflowToolbarButton\"]"}
RESULT: {"using":"xpath","value":"//button[@data-kt=\"addNewRUOverflowToolbarButton\"]"}
COMMAND: POST /session/80b25485da4cce0461fa749928cde446/elements - {"using":"xpath","value":"//button[@data-kt=\"addNewRUOverflowToolbarButton\"]"}
RESULT: {"using":"xpath","value":"//button[@data-kt=\"addNewRUOverflowToolbarButton\"]"}
COMMAND: POST /session/80b25485da4cce0461fa749928cde446/elements - {"using":"xpath","value":"//button[@data-kt=\"addNewRUOverflowToolbarButton\"]"}
RESULT: {"using":"xpath","value":"//button[@data-kt=\"addNewRUOverflowToolbarButton\"]"}
COMMAND: POST /session/80b25485da4cce0461fa749928cde446/element - {"using":"xpath","value":"//button[@data-kt=\"addNewRUOverflowToolbarButton\"]"}
RESULT: {"using":"xpath","value":"//button[@data-kt=\"addNewRUOverflowToolbarButton\"]"}
COMMAND: POST /session/80b25485da4cce0461fa749928cde446/execute/sync - {"script":"<script> [8489 bytes]","args":[{"element-6066-11e4-a52e-4f735466cecf":"f.499FA332C3249B1FB6786AFDCB682F30.d.687364815CC01A368976C86D3FFEB15E.e.11866","ELEMENT":"f.499FA332C3249B1FB6786AFDCB682F30.d.687364815CC01A368976C86D3FFEB15E.e.11866"}]}
RESULT: {"script":"<script> [8489 bytes]","args":[{"element-6066-11e4-a52e-4f735466cecf":"f.499FA332C3249B1FB6786AFDCB682F30.d.687364815CC01A368976C86D3FFEB15E.e.11866","ELEMENT":"f.499FA332C3249B1FB6786AFDCB682F30.d.687364815CC01A368976C86D3FFEB15E.e.11866"}]}
COMMAND: GET /session/80b25485da4cce0461fa749928cde446/element/f.499FA332C3249B1FB6786AFDCB682F30.d.687364815CC01A368976C86D3FFEB15E.e.11866/enabled - {}
COMMAND: GET /session/80b25485da4cce0461fa749928cde446/screenshot - {}
RESULT: {}
COMMAND: POST /session/80b25485da4cce0461fa749928cde446/execute/sync - {"script":"<script> [8489 bytes]","args":[{"element-6066-11e4-a52e-4f735466cecf":"f.499FA332C3249B1FB6786AFDCB682F30.d.687364815CC01A368976C86D3FFEB15E.e.11866","ELEMENT":"f.499FA332C3249B1FB6786AFDCB682F30.d.687364815CC01A368976C86D3FFEB15E.e.11866"}]}
COMMAND: GET /session/80b25485da4cce0461fa749928cde446/screenshot - {}
RESULT: {}
RESULT: {"script":"<script> [8489 bytes]","args":[{"element-6066-11e4-a52e-4f735466cecf":"f.499FA332C3249B1FB6786AFDCB682F30.d.687364815CC01A368976C86D3FFEB15E.e.11866","ELEMENT":"f.499FA332C3249B1FB6786AFDCB682F30.d.687364815CC01A368976C86D3FFEB15E.e.11866"}]}
COMMAND: POST /session/80b25485da4cce0461fa749928cde446/execute/sync - {"script":"<script> [5351 bytes]","args":[{"element-6066-11e4-a52e-4f735466cecf":"f.499FA332C3249B1FB6786AFDCB682F30.d.687364815CC01A368976C86D3FFEB15E.e.11866","ELEMENT":"f.499FA332C3249B1FB6786AFDCB682F30.d.687364815CC01A368976C86D3FFEB15E.e.11866"}]}
COMMAND: GET /session/80b25485da4cce0461fa749928cde446/screenshot - {}
RESULT: {}
RESULT: {"script":"<script> [5351 bytes]","args":[{"element-6066-11e4-a52e-4f735466cecf":"f.499FA332C3249B1FB6786AFDCB682F30.d.687364815CC01A368976C86D3FFEB15E.e.11866","ELEMENT":"f.499FA332C3249B1FB6786AFDCB682F30.d.687364815CC01A368976C86D3FFEB15E.e.11866"}]}
COMMAND: POST /session/80b25485da4cce0461fa749928cde446/element/f.499FA332C3249B1FB6786AFDCB682F30.d.687364815CC01A368976C86D3FFEB15E.e.11866/click - {}
COMMAND: GET /session/80b25485da4cce0461fa749928cde446/screenshot - {}
RESULT: {}
RESULT: {}
COMMAND: GET /session/80b25485da4cce0461fa749928cde446/screenshot - {}
RESULT: {}
RESULT: {}
COMMAND: POST /session/80b25485da4cce0461fa749928cde446/execute/async - {"script":"<script> [1562 bytes]","args":[{"selector":{"id":"application-manageresources-display-component---newResourceUnit--TYPE-arrow"},"wdio_ui5_key":"applicationmanageresources-display-component---newResourceUnit--TYPE-arrow"}]}
RESULT: {"script":"<script> [1562 bytes]","args":[{"selector":{"id":"application-manageresources-display-component---newResourceUnit--TYPE-arrow"},"wdio_ui5_key":"applicationmanageresources-display-component---newResourceUnit--TYPE-arrow"}]}
RESULT: undefined
COMMAND: POST /session/80b25485da4cce0461fa749928cde446/element - {"using":"xpath","value":"//*[@id=\"application-manageresources-display-component---newResourceUnit--TYPE-arrow\"]"}
RESULT: {"using":"xpath","value":"//*[@id=\"application-manageresources-display-component---newResourceUnit--TYPE-arrow\"]"}
COMMAND: POST /session/80b25485da4cce0461fa749928cde446/element/f.499FA332C3249B1FB6786AFDCB682F30.d.687364815CC01A368976C86D3FFEB15E.e.12238/click - {}
RESULT: {}
COMMAND: POST /session/80b25485da4cce0461fa749928cde446/element - {"using":"xpath","value":"//input[@id=\"application-manageresources-display-component---newResourceUnit--TYPE-inner\"]"}
COMMAND: GET /session/80b25485da4cce0461fa749928cde446/screenshot - {}
RESULT: {"using":"xpath","value":"//input[@id=\"application-manageresources-display-component---newResourceUnit--TYPE-inner\"]"}
COMMAND: POST /session/80b25485da4cce0461fa749928cde446/element/f.499FA332C3249B1FB6786AFDCB682F30.d.687364815CC01A368976C86D3FFEB15E.e.12217/clear - {}
RESULT: {}
RESULT: {}
COMMAND: POST /session/80b25485da4cce0461fa749928cde446/element/f.499FA332C3249B1FB6786AFDCB682F30.d.687364815CC01A368976C86D3FFEB15E.e.12217/value - {"text":"Material"}
COMMAND: GET /session/80b25485da4cce0461fa749928cde446/screenshot - {}
RESULT: {"text":"Material"}
COMMAND: GET /session/80b25485da4cce0461fa749928cde446/screenshot - {}
RESULT: {}
RESULT: {}
COMMAND: POST /session/80b25485da4cce0461fa749928cde446/actions - {"actions":[{"id":"action37","type":"key","parameters":{},"actions":[{"type":"keyDown","value":""},{"type":"pause","duration":10},{"type":"keyUp","value":""}]}]}
RESULT: {"actions":[{"id":"action37","type":"key","parameters":{},"actions":[{"type":"keyDown","value":""},{"type":"pause","duration":10},{"type":"keyUp","value":""}]}]}
COMMAND: POST /session/80b25485da4cce0461fa749928cde446/execute/async - {"script":"<script> [1562 bytes]","args":[{"selector":{"id":"application-manageresources-display-component---newResourceUnit--SHORT_TEXT","interaction":{"idSuffix":"inner"}},"wdio_ui5_key":"applicationmanageresources-display-component---newResourceUnit--SHORT_TEXT"}]}
COMMAND: GET /session/80b25485da4cce0461fa749928cde446/screenshot - {}
RESULT: {"script":"<script> [1562 bytes]","args":[{"selector":{"id":"application-manageresources-display-component---newResourceUnit--SHORT_TEXT","interaction":{"idSuffix":"inner"}},"wdio_ui5_key":"applicationmanageresources-display-component---newResourceUnit--SHORT_TEXT"}]}
RESULT: undefined
COMMAND: POST /session/80b25485da4cce0461fa749928cde446/execute/async - {"script":"<script> [776 bytes]","args":[{"enterText":"Cement WDIO","selector":{"id":"application-manageresources-display-component---newResourceUnit--SHORT_TEXT","interaction":{"idSuffix":"inner"}},"clearTextFirst":true,"interactionType":"ENTER_TEXT"}]}
RESULT: {}
RESULT: {"script":"<script> [776 bytes]","args":[{"enterText":"Cement WDIO","selector":{"id":"application-manageresources-display-component---newResourceUnit--SHORT_TEXT","interaction":{"idSuffix":"inner"}},"clearTextFirst":true,"interactionType":"ENTER_TEXT"}]}
COMMAND: POST /session/80b25485da4cce0461fa749928cde446/execute/async - {"script":"<script> [1562 bytes]","args":[{"selector":{"id":"application-manageresources-display-component---newResourceUnit--BASE_UNIT_OF_MEASURE","interaction":{"idSuffix":"inner"}},"wdio_ui5_key":"applicationmanageresources-display-component---newResourceUnit--BASE_UNIT_OF_MEASURE"}]}
RESULT: {"script":"<script> [1562 bytes]","args":[{"selector":{"id":"application-manageresources-display-component---newResourceUnit--BASE_UNIT_OF_MEASURE","interaction":{"idSuffix":"inner"}},"wdio_ui5_key":"applicationmanageresources-display-component---newResourceUnit--BASE_UNIT_OF_MEASURE"}]}
RESULT: undefined
COMMAND: POST /session/80b25485da4cce0461fa749928cde446/execute/async - {"script":"<script> [776 bytes]","args":[{"enterText":"Piece","selector":{"id":"application-manageresources-display-component---newResourceUnit--BASE_UNIT_OF_MEASURE","interaction":{"idSuffix":"inner"}},"clearTextFirst":true,"interactionType":"ENTER_TEXT"}]}
RESULT: {"script":"<script> [776 bytes]","args":[{"enterText":"Piece","selector":{"id":"application-manageresources-display-component---newResourceUnit--BASE_UNIT_OF_MEASURE","interaction":{"idSuffix":"inner"}},"clearTextFirst":true,"interactionType":"ENTER_TEXT"}]}
COMMAND: POST /session/80b25485da4cce0461fa749928cde446/execute/async - {"script":"<script> [1562 bytes]","args":[{"selector":{"id":"application-manageresources-display-component---newResourceUnit--WEIGHT_UNIT","interaction":{"idSuffix":"inner"}},"wdio_ui5_key":"applicationmanageresources-display-component---newResourceUnit--WEIGHT_UNIT"}]}
RESULT: {"script":"<script> [1562 bytes]","args":[{"selector":{"id":"application-manageresources-display-component---newResourceUnit--WEIGHT_UNIT","interaction":{"idSuffix":"inner"}},"wdio_ui5_key":"applicationmanageresources-display-component---newResourceUnit--WEIGHT_UNIT"}]}
RESULT: undefined
COMMAND: POST /session/80b25485da4cce0461fa749928cde446/execute/async - {"script":"<script> [776 bytes]","args":[{"enterText":"Gram","selector":{"id":"application-manageresources-display-component---newResourceUnit--WEIGHT_UNIT","interaction":{"idSuffix":"inner"}},"clearTextFirst":true,"interactionType":"ENTER_TEXT"}]}
RESULT: {"script":"<script> [776 bytes]","args":[{"enterText":"Gram","selector":{"id":"application-manageresources-display-component---newResourceUnit--WEIGHT_UNIT","interaction":{"idSuffix":"inner"}},"clearTextFirst":true,"interactionType":"ENTER_TEXT"}]}
COMMAND: POST /session/80b25485da4cce0461fa749928cde446/execute/async - {"script":"<script> [1562 bytes]","args":[{"selector":{"id":"application-manageresources-display-component---newResourceUnit--DIMENSION_UNIT","interaction":{"idSuffix":"inner"}},"wdio_ui5_key":"applicationmanageresources-display-component---newResourceUnit--DIMENSION_UNIT"}]}
RESULT: {"script":"<script> [1562 bytes]","args":[{"selector":{"id":"application-manageresources-display-component---newResourceUnit--DIMENSION_UNIT","interaction":{"idSuffix":"inner"}},"wdio_ui5_key":"applicationmanageresources-display-component---newResourceUnit--DIMENSION_UNIT"}]}
RESULT: undefined
COMMAND: POST /session/80b25485da4cce0461fa749928cde446/execute/async - {"script":"<script> [776 bytes]","args":[{"enterText":"Meter","selector":{"id":"application-manageresources-display-component---newResourceUnit--DIMENSION_UNIT","interaction":{"idSuffix":"inner"}},"clearTextFirst":true,"interactionType":"ENTER_TEXT"}]}
RESULT: {"script":"<script> [776 bytes]","args":[{"enterText":"Meter","selector":{"id":"application-manageresources-display-component---newResourceUnit--DIMENSION_UNIT","interaction":{"idSuffix":"inner"}},"clearTextFirst":true,"interactionType":"ENTER_TEXT"}]}
COMMAND: POST /session/80b25485da4cce0461fa749928cde446/execute/async - {"script":"<script> [1562 bytes]","args":[{"selector":{"id":"application-manageresources-display-component---newResourceUnit--newRRUPage-anchBar-application-manageresources-display-component---newResourceUnit--control-anchor","interaction":{"idSuffix":"BDI-content"}},"wdio_ui5_key":"applicationmanageresources-display-component---newResourceUnit--newRRUPage-anchBar-application-manageresources-display-component---newResourceUnit--control-anchor"}]}
RESULT: {"script":"<script> [1562 bytes]","args":[{"selector":{"id":"application-manageresources-display-component---newResourceUnit--newRRUPage-anchBar-application-manageresources-display-component---newResourceUnit--control-anchor","interaction":{"idSuffix":"BDI-content"}},"wdio_ui5_key":"applicationmanageresources-display-component---newResourceUnit--newRRUPage-anchBar-application-manageresources-display-component---newResourceUnit--control-anchor"}]}
RESULT: undefined
COMMAND: POST /session/80b25485da4cce0461fa749928cde446/element - {"using":"xpath","value":"//*[@id=\"application-manageresources-display-component---newResourceUnit--newRRUPage-anchBar-application-manageresources-display-component---newResourceUnit--control-anchor\"]"}
RESULT: {"using":"xpath","value":"//*[@id=\"application-manageresources-display-component---newResourceUnit--newRRUPage-anchBar-application-manageresources-display-component---newResourceUnit--control-anchor\"]"}
COMMAND: POST /session/80b25485da4cce0461fa749928cde446/element/f.499FA332C3249B1FB6786AFDCB682F30.d.687364815CC01A368976C86D3FFEB15E.e.12369/click - {}
RESULT: {}
COMMAND: POST /session/80b25485da4cce0461fa749928cde446/execute/async - {"script":"<script> [1562 bytes]","args":[{"selector":{"id":"application-manageresources-display-component---newResourceUnit--PLANNING_GROUP","interaction":{"idSuffix":"inner"}},"wdio_ui5_key":"applicationmanageresources-display-component---newResourceUnit--PLANNING_GROUP"}]}
COMMAND: GET /session/80b25485da4cce0461fa749928cde446/screenshot - {}
RESULT: {"script":"<script> [1562 bytes]","args":[{"selector":{"id":"application-manageresources-display-component---newResourceUnit--PLANNING_GROUP","interaction":{"idSuffix":"inner"}},"wdio_ui5_key":"applicationmanageresources-display-component---newResourceUnit--PLANNING_GROUP"}]}
RESULT: undefined
COMMAND: POST /session/80b25485da4cce0461fa749928cde446/execute/async - {"script":"<script> [776 bytes]","args":[{"enterText":"Material","selector":{"id":"application-manageresources-display-component---newResourceUnit--PLANNING_GROUP","interaction":{"idSuffix":"inner"}},"clearTextFirst":true,"interactionType":"ENTER_TEXT"}]}
RESULT: {}
RESULT: {"script":"<script> [776 bytes]","args":[{"enterText":"Material","selector":{"id":"application-manageresources-display-component---newResourceUnit--PLANNING_GROUP","interaction":{"idSuffix":"inner"}},"clearTextFirst":true,"interactionType":"ENTER_TEXT"}]}
COMMAND: POST /session/80b25485da4cce0461fa749928cde446/execute/async - {"script":"<script> [1562 bytes]","args":[{"selector":{"id":"application-manageresources-display-component---newResourceUnit--PLANNING_INDICATOR","interaction":{"idSuffix":"inner"}},"wdio_ui5_key":"applicationmanageresources-display-component---newResourceUnit--PLANNING_INDICATOR"}]}
RESULT: {"script":"<script> [1562 bytes]","args":[{"selector":{"id":"application-manageresources-display-component---newResourceUnit--PLANNING_INDICATOR","interaction":{"idSuffix":"inner"}},"wdio_ui5_key":"applicationmanageresources-display-component---newResourceUnit--PLANNING_INDICATOR"}]}
RESULT: undefined
COMMAND: POST /session/80b25485da4cce0461fa749928cde446/execute/async - {"script":"<script> [776 bytes]","args":[{"enterText":"10 - infinite","selector":{"id":"application-manageresources-display-component---newResourceUnit--PLANNING_INDICATOR","interaction":{"idSuffix":"inner"}},"clearTextFirst":true,"interactionType":"ENTER_TEXT"}]}
RESULT: {"script":"<script> [776 bytes]","args":[{"enterText":"10 - infinite","selector":{"id":"application-manageresources-display-component---newResourceUnit--PLANNING_INDICATOR","interaction":{"idSuffix":"inner"}},"clearTextFirst":true,"interactionType":"ENTER_TEXT"}]}
COMMAND: POST /session/80b25485da4cce0461fa749928cde446/element - {"using":"css selector","value":"#application-manageresources-display-component---newResourceUnit--btnAddTimeSegment"}
RESULT: {"using":"css selector","value":"#application-manageresources-display-component---newResourceUnit--btnAddTimeSegment"}
COMMAND: GET /session/80b25485da4cce0461fa749928cde446/element/f.499FA332C3249B1FB6786AFDCB682F30.d.687364815CC01A368976C86D3FFEB15E.e.12378/rect - {}
RESULT: {}
COMMAND: GET /session/80b25485da4cce0461fa749928cde446/window/rect - {}
RESULT: {}
COMMAND: POST /session/80b25485da4cce0461fa749928cde446/execute/sync - {"script":"<script> [92 bytes]","args":[]}
RESULT: {"script":"<script> [92 bytes]","args":[]}
COMMAND: POST /session/80b25485da4cce0461fa749928cde446/actions - {"actions":[{"id":"action38","type":"wheel","parameters":{},"actions":[{"type":"scroll","x":-1888,"y":-32,"deltaX":0,"deltaY":0,"duration":0,"origin":{"element-6066-11e4-a52e-4f735466cecf":"f.499FA332C3249B1FB6786AFDCB682F30.d.687364815CC01A368976C86D3FFEB15E.e.12378"}}]}]}
COMMAND: GET /session/80b25485da4cce0461fa749928cde446/screenshot - {}
RESULT: {}
COMMAND: POST /session/80b25485da4cce0461fa749928cde446/execute/sync - {"script":"<script> [79 bytes]","args":[{"element-6066-11e4-a52e-4f735466cecf":"f.499FA332C3249B1FB6786AFDCB682F30.d.687364815CC01A368976C86D3FFEB15E.e.12378","ELEMENT":"f.499FA332C3249B1FB6786AFDCB682F30.d.687364815CC01A368976C86D3FFEB15E.e.12378"},{"block":"start","inline":"nearest"}]}
RESULT: {"script":"<script> [79 bytes]","args":[{"element-6066-11e4-a52e-4f735466cecf":"f.499FA332C3249B1FB6786AFDCB682F30.d.687364815CC01A368976C86D3FFEB15E.e.12378","ELEMENT":"f.499FA332C3249B1FB6786AFDCB682F30.d.687364815CC01A368976C86D3FFEB15E.e.12378"},{"block":"start","inline":"nearest"}]}
COMMAND: POST /session/80b25485da4cce0461fa749928cde446/execute/async - {"script":"<script> [1562 bytes]","args":[{"selector":{"id":"application-manageresources-display-component---newResourceUnit--btnAddTimeSegment","interaction":{"idSuffix":"inner"}},"wdio_ui5_key":"applicationmanageresources-display-component---newResourceUnit--btnAddTimeSegment"}]}
COMMAND: GET /session/80b25485da4cce0461fa749928cde446/screenshot - {}
RESULT: {"script":"<script> [1562 bytes]","args":[{"selector":{"id":"application-manageresources-display-component---newResourceUnit--btnAddTimeSegment","interaction":{"idSuffix":"inner"}},"wdio_ui5_key":"applicationmanageresources-display-component---newResourceUnit--btnAddTimeSegment"}]}
RESULT: undefined
COMMAND: POST /session/80b25485da4cce0461fa749928cde446/element - {"using":"xpath","value":"//*[@id=\"application-manageresources-display-component---newResourceUnit--btnAddTimeSegment\"]"}
RESULT: {}
RESULT: {"using":"xpath","value":"//*[@id=\"application-manageresources-display-component---newResourceUnit--btnAddTimeSegment\"]"}
COMMAND: POST /session/80b25485da4cce0461fa749928cde446/element/f.499FA332C3249B1FB6786AFDCB682F30.d.687364815CC01A368976C86D3FFEB15E.e.12378/click - {}
RESULT: {}
COMMAND: GET /session/80b25485da4cce0461fa749928cde446/screenshot - {}
RESULT: {}
COMMAND: POST /session/80b25485da4cce0461fa749928cde446/element - {"using":"xpath","value":"//input[@id=\"application-manageresources-display-component---newResourceUnit--idRuTSAdmin-application-manageresources-display-component---newResourceUnit--RUTimeSegment-0-inner\"]"}
RESULT: {"using":"xpath","value":"//input[@id=\"application-manageresources-display-component---newResourceUnit--idRuTSAdmin-application-manageresources-display-component---newResourceUnit--RUTimeSegment-0-inner\"]"}
COMMAND: POST /session/80b25485da4cce0461fa749928cde446/element/f.499FA332C3249B1FB6786AFDCB682F30.d.687364815CC01A368976C86D3FFEB15E.e.12383/clear - {}
RESULT: {}
COMMAND: POST /session/80b25485da4cce0461fa749928cde446/element/f.499FA332C3249B1FB6786AFDCB682F30.d.687364815CC01A368976C86D3FFEB15E.e.12383/value - {"text":"548"}
COMMAND: GET /session/80b25485da4cce0461fa749928cde446/screenshot - {}
RESULT: {"text":"548"}
COMMAND: GET /session/80b25485da4cce0461fa749928cde446/screenshot - {}
RESULT: {}
RESULT: {}
COMMAND: POST /session/80b25485da4cce0461fa749928cde446/element - {"using":"xpath","value":"//li[.//span[text()='548']]"}
RESULT: {"using":"xpath","value":"//li[.//span[text()='548']]"}
COMMAND: POST /session/80b25485da4cce0461fa749928cde446/element/f.499FA332C3249B1FB6786AFDCB682F30.d.687364815CC01A368976C86D3FFEB15E.e.12392/click - {}
RESULT: {}
COMMAND: GET /session/80b25485da4cce0461fa749928cde446/screenshot - {}
RESULT: {}
COMMAND: POST /session/80b25485da4cce0461fa749928cde446/element - {"using":"xpath","value":"(//span[contains(@id, \"-application-manageresources-display-component---newResourceUnit--RUTimeSegment-0-arrow\")])[2]"}
RESULT: {"using":"xpath","value":"(//span[contains(@id, \"-application-manageresources-display-component---newResourceUnit--RUTimeSegment-0-arrow\")])[2]"}
COMMAND: POST /session/80b25485da4cce0461fa749928cde446/element/f.499FA332C3249B1FB6786AFDCB682F30.d.687364815CC01A368976C86D3FFEB15E.e.12393/click - {}
RESULT: {}
COMMAND: POST /session/80b25485da4cce0461fa749928cde446/element - {"using":"xpath","value":"//span[contains(text(), \"PM Order\")]"}
COMMAND: GET /session/80b25485da4cce0461fa749928cde446/screenshot - {}
RESULT: {"using":"xpath","value":"//span[contains(text(), \"PM Order\")]"}
COMMAND: POST /session/80b25485da4cce0461fa749928cde446/element/f.499FA332C3249B1FB6786AFDCB682F30.d.687364815CC01A368976C86D3FFEB15E.e.12394/click - {}
RESULT: {}
RESULT: {}
COMMAND: GET /session/80b25485da4cce0461fa749928cde446/screenshot - {}
RESULT: {}
COMMAND: POST /session/80b25485da4cce0461fa749928cde446/element - {"using":"xpath","value":"//td/div/div/div/span[contains(@id, \"newResourceUnit--RUTimeSegment-0-vhi\")][1]"}
RESULT: {"using":"xpath","value":"//td/div/div/div/span[contains(@id, \"newResourceUnit--RUTimeSegment-0-vhi\")][1]"}
COMMAND: GET /session/80b25485da4cce0461fa749928cde446/element/f.499FA332C3249B1FB6786AFDCB682F30.d.687364815CC01A368976C86D3FFEB15E.e.12398/rect - {}
RESULT: {}
COMMAND: GET /session/80b25485da4cce0461fa749928cde446/window/rect - {}
RESULT: {}
COMMAND: POST /session/80b25485da4cce0461fa749928cde446/execute/sync - {"script":"<script> [92 bytes]","args":[]}
RESULT: {"script":"<script> [92 bytes]","args":[]}
COMMAND: POST /session/80b25485da4cce0461fa749928cde446/actions - {"actions":[{"id":"action39","type":"wheel","parameters":{},"actions":[{"type":"scroll","x":-1888,"y":-24,"deltaX":0,"deltaY":0,"duration":0,"origin":{"element-6066-11e4-a52e-4f735466cecf":"f.499FA332C3249B1FB6786AFDCB682F30.d.687364815CC01A368976C86D3FFEB15E.e.12398"}}]}]}
COMMAND: GET /session/80b25485da4cce0461fa749928cde446/screenshot - {}
RESULT: {}
COMMAND: POST /session/80b25485da4cce0461fa749928cde446/execute/sync - {"script":"<script> [79 bytes]","args":[{"element-6066-11e4-a52e-4f735466cecf":"f.499FA332C3249B1FB6786AFDCB682F30.d.687364815CC01A368976C86D3FFEB15E.e.12398","ELEMENT":"f.499FA332C3249B1FB6786AFDCB682F30.d.687364815CC01A368976C86D3FFEB15E.e.12398"},{"block":"start","inline":"nearest"}]}
RESULT: {"script":"<script> [79 bytes]","args":[{"element-6066-11e4-a52e-4f735466cecf":"f.499FA332C3249B1FB6786AFDCB682F30.d.687364815CC01A368976C86D3FFEB15E.e.12398","ELEMENT":"f.499FA332C3249B1FB6786AFDCB682F30.d.687364815CC01A368976C86D3FFEB15E.e.12398"},{"block":"start","inline":"nearest"}]}
COMMAND: GET /session/80b25485da4cce0461fa749928cde446/screenshot - {}
RESULT: {}
COMMAND: POST /session/80b25485da4cce0461fa749928cde446/element/f.499FA332C3249B1FB6786AFDCB682F30.d.687364815CC01A368976C86D3FFEB15E.e.12398/click - {}
RESULT: {}
COMMAND: GET /session/80b25485da4cce0461fa749928cde446/screenshot - {}
RESULT: {}
COMMAND: POST /session/80b25485da4cce0461fa749928cde446/execute/async - {"script":"<script> [1562 bytes]","args":[{"selector":{"controlType":"sap.m.SearchField","properties":{"placeholder":"Search"},"searchOpenDialogs":true,"interaction":{"idSuffix":"I"}},"wdio_ui5_key":"sapm.SearchField{\"placeholder\":\"Search\"}"}]}
RESULT: {"script":"<script> [1562 bytes]","args":[{"selector":{"controlType":"sap.m.SearchField","properties":{"placeholder":"Search"},"searchOpenDialogs":true,"interaction":{"idSuffix":"I"}},"wdio_ui5_key":"sapm.SearchField{\"placeholder\":\"Search\"}"}]}
RESULT: undefined
COMMAND: POST /session/80b25485da4cce0461fa749928cde446/execute/async - {"script":"<script> [776 bytes]","args":[{"enterText":"4000360","selector":{"controlType":"sap.m.SearchField","properties":{"placeholder":"Search"},"searchOpenDialogs":true,"interaction":{"idSuffix":"I"}},"clearTextFirst":true,"interactionType":"ENTER_TEXT"}]}
RESULT: {"script":"<script> [776 bytes]","args":[{"enterText":"4000360","selector":{"controlType":"sap.m.SearchField","properties":{"placeholder":"Search"},"searchOpenDialogs":true,"interaction":{"idSuffix":"I"}},"clearTextFirst":true,"interactionType":"ENTER_TEXT"}]}
COMMAND: POST /session/80b25485da4cce0461fa749928cde446/actions - {"actions":[{"id":"action40","type":"key","parameters":{},"actions":[{"type":"keyDown","value":""},{"type":"pause","duration":10},{"type":"keyUp","value":""}]}]}
RESULT: {"actions":[{"id":"action40","type":"key","parameters":{},"actions":[{"type":"keyDown","value":""},{"type":"pause","duration":10},{"type":"keyUp","value":""}]}]}
COMMAND: GET /session/80b25485da4cce0461fa749928cde446/screenshot - {}
RESULT: {}
COMMAND: POST /session/80b25485da4cce0461fa749928cde446/element - {"using":"xpath","value":"//td/div/span[contains(text(), \"BGL Vehicles\")]"}
RESULT: {"using":"xpath","value":"//td/div/span[contains(text(), \"BGL Vehicles\")]"}
COMMAND: POST /session/80b25485da4cce0461fa749928cde446/element/f.499FA332C3249B1FB6786AFDCB682F30.d.687364815CC01A368976C86D3FFEB15E.e.12420/click - {}
RESULT: {}
COMMAND: GET /session/80b25485da4cce0461fa749928cde446/screenshot - {}
RESULT: {}
COMMAND: POST /session/80b25485da4cce0461fa749928cde446/element - {"using":"xpath","value":"//bdi[contains(text(), \"OK\")]"}
RESULT: {"using":"xpath","value":"//bdi[contains(text(), \"OK\")]"}
COMMAND: POST /session/80b25485da4cce0461fa749928cde446/element/f.499FA332C3249B1FB6786AFDCB682F30.d.687364815CC01A368976C86D3FFEB15E.e.12421/click - {}
RESULT: {}
COMMAND: GET /session/80b25485da4cce0461fa749928cde446/screenshot - {}
RESULT: {}
COMMAND: POST /session/80b25485da4cce0461fa749928cde446/element - {"using":"xpath","value":"//label[contains(@class, 'sapMLabelRequired') and .//bdi[contains(text(), 'Planned Retirement')]]"}
RESULT: {"using":"xpath","value":"//label[contains(@class, 'sapMLabelRequired') and .//bdi[contains(text(), 'Planned Retirement')]]"}
COMMAND: POST /session/80b25485da4cce0461fa749928cde446/elements - {"using":"xpath","value":"//label[contains(@class, 'sapMLabelRequired') and .//bdi[contains(text(), 'Planned Retirement')]]"}
RESULT: {"using":"xpath","value":"//label[contains(@class, 'sapMLabelRequired') and .//bdi[contains(text(), 'Planned Retirement')]]"}
COMMAND: POST /session/80b25485da4cce0461fa749928cde446/element - {"using":"xpath","value":"//button[@data-kt=\"resourceUnitSaveButton\"]"}
RESULT: {"using":"xpath","value":"//button[@data-kt=\"resourceUnitSaveButton\"]"}
COMMAND: POST /session/80b25485da4cce0461fa749928cde446/element/f.499FA332C3249B1FB6786AFDCB682F30.d.687364815CC01A368976C86D3FFEB15E.e.12255/click - {}
RESULT: {}
COMMAND: GET /session/80b25485da4cce0461fa749928cde446/screenshot - {}
RESULT: {}
COMMAND: POST /session/80b25485da4cce0461fa749928cde446/element - {"using":"xpath","value":"//bdi[contains(text(), \"Close\")]"}
RESULT: {"using":"xpath","value":"//bdi[contains(text(), \"Close\")]"}
COMMAND: POST /session/80b25485da4cce0461fa749928cde446/element/f.499FA332C3249B1FB6786AFDCB682F30.d.687364815CC01A368976C86D3FFEB15E.e.12427/click - {}
RESULT: {}
COMMAND: GET /session/80b25485da4cce0461fa749928cde446/screenshot - {}
RESULT: {}
COMMAND: POST /session/80b25485da4cce0461fa749928cde446/element - {"using":"xpath","value":"//header[contains(@id, 'detailRruPage-headerTitle')]/div[1]/div[2]/div[2]/span[1]"}
RESULT: {"using":"xpath","value":"//header[contains(@id, 'detailRruPage-headerTitle')]/div[1]/div[2]/div[2]/span[1]"}
COMMAND: POST /session/80b25485da4cce0461fa749928cde446/elements - {"using":"xpath","value":"//header[contains(@id, 'detailRruPage-headerTitle')]/div[1]/div[2]/div[2]/span[1]"}
RESULT: {"using":"xpath","value":"//header[contains(@id, 'detailRruPage-headerTitle')]/div[1]/div[2]/div[2]/span[1]"}
COMMAND: POST /session/80b25485da4cce0461fa749928cde446/execute/sync - {"script":"<script> [56 bytes]","args":[{"element-6066-11e4-a52e-4f735466cecf":"f.499FA332C3249B1FB6786AFDCB682F30.d.687364815CC01A368976C86D3FFEB15E.e.12461","ELEMENT":"f.499FA332C3249B1FB6786AFDCB682F30.d.687364815CC01A368976C86D3FFEB15E.e.12461"}]}
RESULT: {"script":"<script> [56 bytes]","args":[{"element-6066-11e4-a52e-4f735466cecf":"f.499FA332C3249B1FB6786AFDCB682F30.d.687364815CC01A368976C86D3FFEB15E.e.12461","ELEMENT":"f.499FA332C3249B1FB6786AFDCB682F30.d.687364815CC01A368976C86D3FFEB15E.e.12461"}]}
COMMAND: POST /session/80b25485da4cce0461fa749928cde446/element - {"using":"css selector","value":"#shell-header-logo"}
COMMAND: GET /session/80b25485da4cce0461fa749928cde446/screenshot - {}
RESULT: {"using":"css selector","value":"#shell-header-logo"}
COMMAND: POST /session/80b25485da4cce0461fa749928cde446/element/f.499FA332C3249B1FB6786AFDCB682F30.d.687364815CC01A368976C86D3FFEB15E.e.11837/click - {}
RESULT: {}
RESULT: {}
COMMAND: GET /session/80b25485da4cce0461fa749928cde446/screenshot - {}
RESULT: {}
]]></system-out>
    </testcase>
    <testcase classname="chrome.136_0_7103_93.windows.Return_from_Site_w/_warehouse_management_w/_clarification_US125588" name="Bin Status Report Should Create New Organization yard" time="0.008"/>
    <testcase classname="chrome.136_0_7103_93.windows.Return_from_Site_w/_warehouse_management_w/_clarification_US125588" name="Bin Status Report Should Create New Organization for Site" time="0.004"/>
  </testsuite>
  <testsuite timestamp="2025-06-01T17:06:52" time="502.393" tests="7" failures="7" errors="7" skipped="0">
    <properties>
      <property name="specId" value="0"/>
      <property name="suiteName" value="Return from Site w/ warehouse management w clarification"/>
      <property name="capabilities" value="chrome.136_0_7103_93.windows"/>
      <property name="file" value="file:///D:/a/1/s/test/specs/HTR/return-from-site-w-warehouse-management-w-clarification.spec.js"/>
    </properties>
    <testcase classname="chrome.136_0_7103_93.windows.Return_from_Site_w/_warehouse_management_w_clarification" name="Should do a stock increase handover" time="93.508">
      <failure/>
      <error message="Can't call click on element with selector &quot;//li[.//span[contains(text(),'548 -')]]&quot; because element wasn't found"/>
      <system-out><![CDATA[
COMMAND: POST /session/80b25485da4cce0461fa749928cde446/execute/async - {"script":"<script> [1562 bytes]","args":[{"selector":{"controlType":"sap.m.GenericTile","properties":{"header":"Manage Handovers"}},"wdio_ui5_key":"sapm.GenericTile{\"header\":\"Manage Handovers\"}"}]}
RESULT: {"script":"<script> [1562 bytes]","args":[{"selector":{"controlType":"sap.m.GenericTile","properties":{"header":"Manage Handovers"}},"wdio_ui5_key":"sapm.GenericTile{\"header\":\"Manage Handovers\"}"}]}
RESULT: undefined
COMMAND: POST /session/80b25485da4cce0461fa749928cde446/element - {"using":"xpath","value":"//*[@id=\"__tile132\"]"}
RESULT: {"using":"xpath","value":"//*[@id=\"__tile132\"]"}
COMMAND: POST /session/80b25485da4cce0461fa749928cde446/element/f.499FA332C3249B1FB6786AFDCB682F30.d.687364815CC01A368976C86D3FFEB15E.e.11812/click - {}
RESULT: {}
COMMAND: GET /session/80b25485da4cce0461fa749928cde446/screenshot - {}
RESULT: {}
COMMAND: POST /session/80b25485da4cce0461fa749928cde446/elements - {"using":"xpath","value":"//span[text()='Error']"}
RESULT: {"using":"xpath","value":"//span[text()='Error']"}
COMMAND: POST /session/80b25485da4cce0461fa749928cde446/element - {"using":"xpath","value":"//button[@data-kt=\"masterHOAddButton\"]"}
RESULT: {"using":"xpath","value":"//button[@data-kt=\"masterHOAddButton\"]"}
COMMAND: POST /session/80b25485da4cce0461fa749928cde446/elements - {"using":"xpath","value":"//button[@data-kt=\"masterHOAddButton\"]"}
RESULT: {"using":"xpath","value":"//button[@data-kt=\"masterHOAddButton\"]"}
COMMAND: POST /session/80b25485da4cce0461fa749928cde446/execute/sync - {"script":"<script> [8489 bytes]","args":[{"element-6066-11e4-a52e-4f735466cecf":"f.499FA332C3249B1FB6786AFDCB682F30.d.687364815CC01A368976C86D3FFEB15E.e.12498","ELEMENT":"f.499FA332C3249B1FB6786AFDCB682F30.d.687364815CC01A368976C86D3FFEB15E.e.12498"}]}
RESULT: {"script":"<script> [8489 bytes]","args":[{"element-6066-11e4-a52e-4f735466cecf":"f.499FA332C3249B1FB6786AFDCB682F30.d.687364815CC01A368976C86D3FFEB15E.e.12498","ELEMENT":"f.499FA332C3249B1FB6786AFDCB682F30.d.687364815CC01A368976C86D3FFEB15E.e.12498"}]}
COMMAND: GET /session/80b25485da4cce0461fa749928cde446/element/f.499FA332C3249B1FB6786AFDCB682F30.d.687364815CC01A368976C86D3FFEB15E.e.12498/enabled - {}
COMMAND: GET /session/80b25485da4cce0461fa749928cde446/screenshot - {}
RESULT: {}
COMMAND: POST /session/80b25485da4cce0461fa749928cde446/execute/sync - {"script":"<script> [8489 bytes]","args":[{"element-6066-11e4-a52e-4f735466cecf":"f.499FA332C3249B1FB6786AFDCB682F30.d.687364815CC01A368976C86D3FFEB15E.e.12498","ELEMENT":"f.499FA332C3249B1FB6786AFDCB682F30.d.687364815CC01A368976C86D3FFEB15E.e.12498"}]}
COMMAND: GET /session/80b25485da4cce0461fa749928cde446/screenshot - {}
RESULT: {}
RESULT: {"script":"<script> [8489 bytes]","args":[{"element-6066-11e4-a52e-4f735466cecf":"f.499FA332C3249B1FB6786AFDCB682F30.d.687364815CC01A368976C86D3FFEB15E.e.12498","ELEMENT":"f.499FA332C3249B1FB6786AFDCB682F30.d.687364815CC01A368976C86D3FFEB15E.e.12498"}]}
COMMAND: POST /session/80b25485da4cce0461fa749928cde446/execute/sync - {"script":"<script> [5351 bytes]","args":[{"element-6066-11e4-a52e-4f735466cecf":"f.499FA332C3249B1FB6786AFDCB682F30.d.687364815CC01A368976C86D3FFEB15E.e.12498","ELEMENT":"f.499FA332C3249B1FB6786AFDCB682F30.d.687364815CC01A368976C86D3FFEB15E.e.12498"}]}
COMMAND: GET /session/80b25485da4cce0461fa749928cde446/screenshot - {}
RESULT: {}
RESULT: {"script":"<script> [5351 bytes]","args":[{"element-6066-11e4-a52e-4f735466cecf":"f.499FA332C3249B1FB6786AFDCB682F30.d.687364815CC01A368976C86D3FFEB15E.e.12498","ELEMENT":"f.499FA332C3249B1FB6786AFDCB682F30.d.687364815CC01A368976C86D3FFEB15E.e.12498"}]}
COMMAND: POST /session/80b25485da4cce0461fa749928cde446/element/f.499FA332C3249B1FB6786AFDCB682F30.d.687364815CC01A368976C86D3FFEB15E.e.12498/click - {}
COMMAND: GET /session/80b25485da4cce0461fa749928cde446/screenshot - {}
RESULT: {}
RESULT: {}
RESULT: {}
COMMAND: GET /session/80b25485da4cce0461fa749928cde446/screenshot - {}
RESULT: {}
COMMAND: POST /session/80b25485da4cce0461fa749928cde446/element - {"using":"xpath","value":"//span[contains(@id ,\"AddNewHO--typeSelect-arrow\")]"}
RESULT: {"using":"xpath","value":"//span[contains(@id ,\"AddNewHO--typeSelect-arrow\")]"}
COMMAND: POST /session/80b25485da4cce0461fa749928cde446/element/f.499FA332C3249B1FB6786AFDCB682F30.d.687364815CC01A368976C86D3FFEB15E.e.12864/click - {}
RESULT: {}
COMMAND: GET /session/80b25485da4cce0461fa749928cde446/screenshot - {}
RESULT: {}
COMMAND: POST /session/80b25485da4cce0461fa749928cde446/element - {"using":"xpath","value":"(//li[contains(text(), \"stock increase yard\")])[1]"}
RESULT: {"using":"xpath","value":"(//li[contains(text(), \"stock increase yard\")])[1]"}
COMMAND: POST /session/80b25485da4cce0461fa749928cde446/element/f.499FA332C3249B1FB6786AFDCB682F30.d.687364815CC01A368976C86D3FFEB15E.e.12865/click - {}
RESULT: {}
COMMAND: GET /session/80b25485da4cce0461fa749928cde446/screenshot - {}
RESULT: {}
COMMAND: POST /session/80b25485da4cce0461fa749928cde446/execute/async - {"script":"<script> [1562 bytes]","args":[{"selector":{"id":"application-managehandovers-display-component---AddNewHO--dueDate","interaction":{"idSuffix":"inner"}},"wdio_ui5_key":"applicationmanagehandovers-display-component---AddNewHO--dueDate"}]}
RESULT: {"script":"<script> [1562 bytes]","args":[{"selector":{"id":"application-managehandovers-display-component---AddNewHO--dueDate","interaction":{"idSuffix":"inner"}},"wdio_ui5_key":"applicationmanagehandovers-display-component---AddNewHO--dueDate"}]}
RESULT: undefined
COMMAND: POST /session/80b25485da4cce0461fa749928cde446/execute/async - {"script":"<script> [6424 bytes]","args":[{"element-6066-11e4-a52e-4f735466cecf":"f.499FA332C3249B1FB6786AFDCB682F30.d.687364815CC01A368976C86D3FFEB15E.e.12867"},"setValue",["6/1/25"]]}
RESULT: {"script":"<script> [6424 bytes]","args":[{"element-6066-11e4-a52e-4f735466cecf":"f.499FA332C3249B1FB6786AFDCB682F30.d.687364815CC01A368976C86D3FFEB15E.e.12867"},"setValue",["6/1/25"]]}
COMMAND: POST /session/80b25485da4cce0461fa749928cde446/element - {"using":"xpath","value":"//input[@id=\"generalSectionFrg--receiveYard-inner\"]"}
RESULT: {"using":"xpath","value":"//input[@id=\"generalSectionFrg--receiveYard-inner\"]"}
COMMAND: POST /session/80b25485da4cce0461fa749928cde446/element/f.499FA332C3249B1FB6786AFDCB682F30.d.687364815CC01A368976C86D3FFEB15E.e.12873/clear - {}
RESULT: {}
COMMAND: POST /session/80b25485da4cce0461fa749928cde446/element/f.499FA332C3249B1FB6786AFDCB682F30.d.687364815CC01A368976C86D3FFEB15E.e.12873/value - {"text":"548"}
COMMAND: GET /session/80b25485da4cce0461fa749928cde446/screenshot - {}
RESULT: {"text":"548"}
COMMAND: GET /session/80b25485da4cce0461fa749928cde446/screenshot - {}
RESULT: {}
RESULT: {}
COMMAND: POST /session/80b25485da4cce0461fa749928cde446/element - {"using":"xpath","value":"//li[.//span[contains(text(),'548 -')]]"}
RESULT: {"using":"xpath","value":"//li[.//span[contains(text(),'548 -')]]"}
COMMAND: POST /session/80b25485da4cce0461fa749928cde446/elements - {"using":"xpath","value":"//li[.//span[contains(text(),'548 -')]]"}
RESULT: {"using":"xpath","value":"//li[.//span[contains(text(),'548 -')]]"}
COMMAND: POST /session/80b25485da4cce0461fa749928cde446/elements - {"using":"xpath","value":"//li[.//span[contains(text(),'548 -')]]"}
RESULT: {"using":"xpath","value":"//li[.//span[contains(text(),'548 -')]]"}
COMMAND: POST /session/80b25485da4cce0461fa749928cde446/elements - {"using":"xpath","value":"//li[.//span[contains(text(),'548 -')]]"}
RESULT: {"using":"xpath","value":"//li[.//span[contains(text(),'548 -')]]"}
COMMAND: POST /session/80b25485da4cce0461fa749928cde446/elements - {"using":"xpath","value":"//li[.//span[contains(text(),'548 -')]]"}
RESULT: {"using":"xpath","value":"//li[.//span[contains(text(),'548 -')]]"}
COMMAND: POST /session/80b25485da4cce0461fa749928cde446/elements - {"using":"xpath","value":"//li[.//span[contains(text(),'548 -')]]"}
RESULT: {"using":"xpath","value":"//li[.//span[contains(text(),'548 -')]]"}
COMMAND: POST /session/80b25485da4cce0461fa749928cde446/elements - {"using":"xpath","value":"//li[.//span[contains(text(),'548 -')]]"}
RESULT: {"using":"xpath","value":"//li[.//span[contains(text(),'548 -')]]"}
COMMAND: POST /session/80b25485da4cce0461fa749928cde446/elements - {"using":"xpath","value":"//li[.//span[contains(text(),'548 -')]]"}
RESULT: {"using":"xpath","value":"//li[.//span[contains(text(),'548 -')]]"}
COMMAND: POST /session/80b25485da4cce0461fa749928cde446/elements - {"using":"xpath","value":"//li[.//span[contains(text(),'548 -')]]"}
RESULT: {"using":"xpath","value":"//li[.//span[contains(text(),'548 -')]]"}
COMMAND: POST /session/80b25485da4cce0461fa749928cde446/elements - {"using":"xpath","value":"//li[.//span[contains(text(),'548 -')]]"}
RESULT: {"using":"xpath","value":"//li[.//span[contains(text(),'548 -')]]"}
COMMAND: POST /session/80b25485da4cce0461fa749928cde446/elements - {"using":"xpath","value":"//li[.//span[contains(text(),'548 -')]]"}
RESULT: {"using":"xpath","value":"//li[.//span[contains(text(),'548 -')]]"}
COMMAND: POST /session/80b25485da4cce0461fa749928cde446/elements - {"using":"xpath","value":"//li[.//span[contains(text(),'548 -')]]"}
RESULT: {"using":"xpath","value":"//li[.//span[contains(text(),'548 -')]]"}
COMMAND: POST /session/80b25485da4cce0461fa749928cde446/elements - {"using":"xpath","value":"//li[.//span[contains(text(),'548 -')]]"}
RESULT: {"using":"xpath","value":"//li[.//span[contains(text(),'548 -')]]"}
COMMAND: POST /session/80b25485da4cce0461fa749928cde446/elements - {"using":"xpath","value":"//li[.//span[contains(text(),'548 -')]]"}
RESULT: {"using":"xpath","value":"//li[.//span[contains(text(),'548 -')]]"}
COMMAND: POST /session/80b25485da4cce0461fa749928cde446/elements - {"using":"xpath","value":"//li[.//span[contains(text(),'548 -')]]"}
RESULT: {"using":"xpath","value":"//li[.//span[contains(text(),'548 -')]]"}
COMMAND: POST /session/80b25485da4cce0461fa749928cde446/elements - {"using":"xpath","value":"//li[.//span[contains(text(),'548 -')]]"}
RESULT: {"using":"xpath","value":"//li[.//span[contains(text(),'548 -')]]"}
COMMAND: POST /session/80b25485da4cce0461fa749928cde446/elements - {"using":"xpath","value":"//li[.//span[contains(text(),'548 -')]]"}
RESULT: {"using":"xpath","value":"//li[.//span[contains(text(),'548 -')]]"}
COMMAND: POST /session/80b25485da4cce0461fa749928cde446/elements - {"using":"xpath","value":"//li[.//span[contains(text(),'548 -')]]"}
RESULT: {"using":"xpath","value":"//li[.//span[contains(text(),'548 -')]]"}
COMMAND: POST /session/80b25485da4cce0461fa749928cde446/elements - {"using":"xpath","value":"//li[.//span[contains(text(),'548 -')]]"}
RESULT: {"using":"xpath","value":"//li[.//span[contains(text(),'548 -')]]"}
COMMAND: POST /session/80b25485da4cce0461fa749928cde446/elements - {"using":"xpath","value":"//li[.//span[contains(text(),'548 -')]]"}
RESULT: {"using":"xpath","value":"//li[.//span[contains(text(),'548 -')]]"}
COMMAND: POST /session/80b25485da4cce0461fa749928cde446/elements - {"using":"xpath","value":"//li[.//span[contains(text(),'548 -')]]"}
RESULT: {"using":"xpath","value":"//li[.//span[contains(text(),'548 -')]]"}
COMMAND: POST /session/80b25485da4cce0461fa749928cde446/elements - {"using":"xpath","value":"//li[.//span[contains(text(),'548 -')]]"}
RESULT: {"using":"xpath","value":"//li[.//span[contains(text(),'548 -')]]"}
COMMAND: POST /session/80b25485da4cce0461fa749928cde446/elements - {"using":"xpath","value":"//li[.//span[contains(text(),'548 -')]]"}
RESULT: {"using":"xpath","value":"//li[.//span[contains(text(),'548 -')]]"}
COMMAND: POST /session/80b25485da4cce0461fa749928cde446/elements - {"using":"xpath","value":"//li[.//span[contains(text(),'548 -')]]"}
RESULT: {"using":"xpath","value":"//li[.//span[contains(text(),'548 -')]]"}
COMMAND: POST /session/80b25485da4cce0461fa749928cde446/elements - {"using":"xpath","value":"//li[.//span[contains(text(),'548 -')]]"}
RESULT: {"using":"xpath","value":"//li[.//span[contains(text(),'548 -')]]"}
COMMAND: POST /session/80b25485da4cce0461fa749928cde446/elements - {"using":"xpath","value":"//li[.//span[contains(text(),'548 -')]]"}
RESULT: {"using":"xpath","value":"//li[.//span[contains(text(),'548 -')]]"}
COMMAND: POST /session/80b25485da4cce0461fa749928cde446/elements - {"using":"xpath","value":"//li[.//span[contains(text(),'548 -')]]"}
RESULT: {"using":"xpath","value":"//li[.//span[contains(text(),'548 -')]]"}
COMMAND: POST /session/80b25485da4cce0461fa749928cde446/elements - {"using":"xpath","value":"//li[.//span[contains(text(),'548 -')]]"}
RESULT: {"using":"xpath","value":"//li[.//span[contains(text(),'548 -')]]"}
COMMAND: POST /session/80b25485da4cce0461fa749928cde446/elements - {"using":"xpath","value":"//li[.//span[contains(text(),'548 -')]]"}
RESULT: {"using":"xpath","value":"//li[.//span[contains(text(),'548 -')]]"}
COMMAND: POST /session/80b25485da4cce0461fa749928cde446/elements - {"using":"xpath","value":"//li[.//span[contains(text(),'548 -')]]"}
RESULT: {"using":"xpath","value":"//li[.//span[contains(text(),'548 -')]]"}
COMMAND: POST /session/80b25485da4cce0461fa749928cde446/elements - {"using":"xpath","value":"//li[.//span[contains(text(),'548 -')]]"}
RESULT: {"using":"xpath","value":"//li[.//span[contains(text(),'548 -')]]"}
COMMAND: POST /session/80b25485da4cce0461fa749928cde446/elements - {"using":"xpath","value":"//li[.//span[contains(text(),'548 -')]]"}
RESULT: {"using":"xpath","value":"//li[.//span[contains(text(),'548 -')]]"}
COMMAND: POST /session/80b25485da4cce0461fa749928cde446/elements - {"using":"xpath","value":"//li[.//span[contains(text(),'548 -')]]"}
RESULT: {"using":"xpath","value":"//li[.//span[contains(text(),'548 -')]]"}
COMMAND: POST /session/80b25485da4cce0461fa749928cde446/elements - {"using":"xpath","value":"//li[.//span[contains(text(),'548 -')]]"}
RESULT: {"using":"xpath","value":"//li[.//span[contains(text(),'548 -')]]"}
COMMAND: POST /session/80b25485da4cce0461fa749928cde446/elements - {"using":"xpath","value":"//li[.//span[contains(text(),'548 -')]]"}
RESULT: {"using":"xpath","value":"//li[.//span[contains(text(),'548 -')]]"}
COMMAND: POST /session/80b25485da4cce0461fa749928cde446/elements - {"using":"xpath","value":"//li[.//span[contains(text(),'548 -')]]"}
RESULT: {"using":"xpath","value":"//li[.//span[contains(text(),'548 -')]]"}
COMMAND: POST /session/80b25485da4cce0461fa749928cde446/elements - {"using":"xpath","value":"//li[.//span[contains(text(),'548 -')]]"}
RESULT: {"using":"xpath","value":"//li[.//span[contains(text(),'548 -')]]"}
COMMAND: POST /session/80b25485da4cce0461fa749928cde446/elements - {"using":"xpath","value":"//li[.//span[contains(text(),'548 -')]]"}
RESULT: {"using":"xpath","value":"//li[.//span[contains(text(),'548 -')]]"}
COMMAND: POST /session/80b25485da4cce0461fa749928cde446/elements - {"using":"xpath","value":"//li[.//span[contains(text(),'548 -')]]"}
RESULT: {"using":"xpath","value":"//li[.//span[contains(text(),'548 -')]]"}
COMMAND: POST /session/80b25485da4cce0461fa749928cde446/elements - {"using":"xpath","value":"//li[.//span[contains(text(),'548 -')]]"}
RESULT: {"using":"xpath","value":"//li[.//span[contains(text(),'548 -')]]"}
COMMAND: POST /session/80b25485da4cce0461fa749928cde446/elements - {"using":"xpath","value":"//li[.//span[contains(text(),'548 -')]]"}
RESULT: {"using":"xpath","value":"//li[.//span[contains(text(),'548 -')]]"}
COMMAND: POST /session/80b25485da4cce0461fa749928cde446/elements - {"using":"xpath","value":"//li[.//span[contains(text(),'548 -')]]"}
RESULT: {"using":"xpath","value":"//li[.//span[contains(text(),'548 -')]]"}
COMMAND: POST /session/80b25485da4cce0461fa749928cde446/elements - {"using":"xpath","value":"//li[.//span[contains(text(),'548 -')]]"}
RESULT: {"using":"xpath","value":"//li[.//span[contains(text(),'548 -')]]"}
COMMAND: POST /session/80b25485da4cce0461fa749928cde446/elements - {"using":"xpath","value":"//li[.//span[contains(text(),'548 -')]]"}
RESULT: {"using":"xpath","value":"//li[.//span[contains(text(),'548 -')]]"}
COMMAND: POST /session/80b25485da4cce0461fa749928cde446/elements - {"using":"xpath","value":"//li[.//span[contains(text(),'548 -')]]"}
RESULT: {"using":"xpath","value":"//li[.//span[contains(text(),'548 -')]]"}
COMMAND: POST /session/80b25485da4cce0461fa749928cde446/elements - {"using":"xpath","value":"//li[.//span[contains(text(),'548 -')]]"}
RESULT: {"using":"xpath","value":"//li[.//span[contains(text(),'548 -')]]"}
COMMAND: POST /session/80b25485da4cce0461fa749928cde446/elements - {"using":"xpath","value":"//li[.//span[contains(text(),'548 -')]]"}
RESULT: {"using":"xpath","value":"//li[.//span[contains(text(),'548 -')]]"}
COMMAND: POST /session/80b25485da4cce0461fa749928cde446/elements - {"using":"xpath","value":"//li[.//span[contains(text(),'548 -')]]"}
RESULT: {"using":"xpath","value":"//li[.//span[contains(text(),'548 -')]]"}
COMMAND: POST /session/80b25485da4cce0461fa749928cde446/elements - {"using":"xpath","value":"//li[.//span[contains(text(),'548 -')]]"}
RESULT: {"using":"xpath","value":"//li[.//span[contains(text(),'548 -')]]"}
COMMAND: POST /session/80b25485da4cce0461fa749928cde446/elements - {"using":"xpath","value":"//li[.//span[contains(text(),'548 -')]]"}
RESULT: {"using":"xpath","value":"//li[.//span[contains(text(),'548 -')]]"}
COMMAND: POST /session/80b25485da4cce0461fa749928cde446/elements - {"using":"xpath","value":"//li[.//span[contains(text(),'548 -')]]"}
RESULT: {"using":"xpath","value":"//li[.//span[contains(text(),'548 -')]]"}
COMMAND: POST /session/80b25485da4cce0461fa749928cde446/elements - {"using":"xpath","value":"//li[.//span[contains(text(),'548 -')]]"}
RESULT: {"using":"xpath","value":"//li[.//span[contains(text(),'548 -')]]"}
COMMAND: POST /session/80b25485da4cce0461fa749928cde446/elements - {"using":"xpath","value":"//li[.//span[contains(text(),'548 -')]]"}
RESULT: {"using":"xpath","value":"//li[.//span[contains(text(),'548 -')]]"}
COMMAND: POST /session/80b25485da4cce0461fa749928cde446/elements - {"using":"xpath","value":"//li[.//span[contains(text(),'548 -')]]"}
RESULT: {"using":"xpath","value":"//li[.//span[contains(text(),'548 -')]]"}
COMMAND: POST /session/80b25485da4cce0461fa749928cde446/elements - {"using":"xpath","value":"//li[.//span[contains(text(),'548 -')]]"}
RESULT: {"using":"xpath","value":"//li[.//span[contains(text(),'548 -')]]"}
COMMAND: POST /session/80b25485da4cce0461fa749928cde446/elements - {"using":"xpath","value":"//li[.//span[contains(text(),'548 -')]]"}
RESULT: {"using":"xpath","value":"//li[.//span[contains(text(),'548 -')]]"}
COMMAND: POST /session/80b25485da4cce0461fa749928cde446/elements - {"using":"xpath","value":"//li[.//span[contains(text(),'548 -')]]"}
RESULT: {"using":"xpath","value":"//li[.//span[contains(text(),'548 -')]]"}
COMMAND: POST /session/80b25485da4cce0461fa749928cde446/elements - {"using":"xpath","value":"//li[.//span[contains(text(),'548 -')]]"}
RESULT: {"using":"xpath","value":"//li[.//span[contains(text(),'548 -')]]"}
COMMAND: POST /session/80b25485da4cce0461fa749928cde446/elements - {"using":"xpath","value":"//li[.//span[contains(text(),'548 -')]]"}
RESULT: {"using":"xpath","value":"//li[.//span[contains(text(),'548 -')]]"}
COMMAND: POST /session/80b25485da4cce0461fa749928cde446/elements - {"using":"xpath","value":"//li[.//span[contains(text(),'548 -')]]"}
RESULT: {"using":"xpath","value":"//li[.//span[contains(text(),'548 -')]]"}
COMMAND: POST /session/80b25485da4cce0461fa749928cde446/elements - {"using":"xpath","value":"//li[.//span[contains(text(),'548 -')]]"}
RESULT: {"using":"xpath","value":"//li[.//span[contains(text(),'548 -')]]"}
COMMAND: POST /session/80b25485da4cce0461fa749928cde446/elements - {"using":"xpath","value":"//li[.//span[contains(text(),'548 -')]]"}
RESULT: {"using":"xpath","value":"//li[.//span[contains(text(),'548 -')]]"}
COMMAND: POST /session/80b25485da4cce0461fa749928cde446/elements - {"using":"xpath","value":"//li[.//span[contains(text(),'548 -')]]"}
RESULT: {"using":"xpath","value":"//li[.//span[contains(text(),'548 -')]]"}
COMMAND: POST /session/80b25485da4cce0461fa749928cde446/elements - {"using":"xpath","value":"//li[.//span[contains(text(),'548 -')]]"}
RESULT: {"using":"xpath","value":"//li[.//span[contains(text(),'548 -')]]"}
COMMAND: POST /session/80b25485da4cce0461fa749928cde446/elements - {"using":"xpath","value":"//li[.//span[contains(text(),'548 -')]]"}
RESULT: {"using":"xpath","value":"//li[.//span[contains(text(),'548 -')]]"}
COMMAND: POST /session/80b25485da4cce0461fa749928cde446/elements - {"using":"xpath","value":"//li[.//span[contains(text(),'548 -')]]"}
RESULT: {"using":"xpath","value":"//li[.//span[contains(text(),'548 -')]]"}
COMMAND: POST /session/80b25485da4cce0461fa749928cde446/elements - {"using":"xpath","value":"//li[.//span[contains(text(),'548 -')]]"}
RESULT: {"using":"xpath","value":"//li[.//span[contains(text(),'548 -')]]"}
COMMAND: POST /session/80b25485da4cce0461fa749928cde446/elements - {"using":"xpath","value":"//li[.//span[contains(text(),'548 -')]]"}
RESULT: {"using":"xpath","value":"//li[.//span[contains(text(),'548 -')]]"}
COMMAND: POST /session/80b25485da4cce0461fa749928cde446/elements - {"using":"xpath","value":"//li[.//span[contains(text(),'548 -')]]"}
RESULT: {"using":"xpath","value":"//li[.//span[contains(text(),'548 -')]]"}
COMMAND: POST /session/80b25485da4cce0461fa749928cde446/elements - {"using":"xpath","value":"//li[.//span[contains(text(),'548 -')]]"}
RESULT: {"using":"xpath","value":"//li[.//span[contains(text(),'548 -')]]"}
COMMAND: POST /session/80b25485da4cce0461fa749928cde446/elements - {"using":"xpath","value":"//li[.//span[contains(text(),'548 -')]]"}
RESULT: {"using":"xpath","value":"//li[.//span[contains(text(),'548 -')]]"}
COMMAND: POST /session/80b25485da4cce0461fa749928cde446/elements - {"using":"xpath","value":"//li[.//span[contains(text(),'548 -')]]"}
RESULT: {"using":"xpath","value":"//li[.//span[contains(text(),'548 -')]]"}
COMMAND: POST /session/80b25485da4cce0461fa749928cde446/elements - {"using":"xpath","value":"//li[.//span[contains(text(),'548 -')]]"}
RESULT: {"using":"xpath","value":"//li[.//span[contains(text(),'548 -')]]"}
COMMAND: POST /session/80b25485da4cce0461fa749928cde446/elements - {"using":"xpath","value":"//li[.//span[contains(text(),'548 -')]]"}
RESULT: {"using":"xpath","value":"//li[.//span[contains(text(),'548 -')]]"}
COMMAND: POST /session/80b25485da4cce0461fa749928cde446/elements - {"using":"xpath","value":"//li[.//span[contains(text(),'548 -')]]"}
RESULT: {"using":"xpath","value":"//li[.//span[contains(text(),'548 -')]]"}
COMMAND: POST /session/80b25485da4cce0461fa749928cde446/elements - {"using":"xpath","value":"//li[.//span[contains(text(),'548 -')]]"}
RESULT: {"using":"xpath","value":"//li[.//span[contains(text(),'548 -')]]"}
COMMAND: POST /session/80b25485da4cce0461fa749928cde446/elements - {"using":"xpath","value":"//li[.//span[contains(text(),'548 -')]]"}
RESULT: {"using":"xpath","value":"//li[.//span[contains(text(),'548 -')]]"}
COMMAND: POST /session/80b25485da4cce0461fa749928cde446/elements - {"using":"xpath","value":"//li[.//span[contains(text(),'548 -')]]"}
RESULT: {"using":"xpath","value":"//li[.//span[contains(text(),'548 -')]]"}
COMMAND: POST /session/80b25485da4cce0461fa749928cde446/elements - {"using":"xpath","value":"//li[.//span[contains(text(),'548 -')]]"}
RESULT: {"using":"xpath","value":"//li[.//span[contains(text(),'548 -')]]"}
COMMAND: POST /session/80b25485da4cce0461fa749928cde446/elements - {"using":"xpath","value":"//li[.//span[contains(text(),'548 -')]]"}
RESULT: {"using":"xpath","value":"//li[.//span[contains(text(),'548 -')]]"}
COMMAND: POST /session/80b25485da4cce0461fa749928cde446/elements - {"using":"xpath","value":"//li[.//span[contains(text(),'548 -')]]"}
RESULT: {"using":"xpath","value":"//li[.//span[contains(text(),'548 -')]]"}
COMMAND: POST /session/80b25485da4cce0461fa749928cde446/elements - {"using":"xpath","value":"//li[.//span[contains(text(),'548 -')]]"}
RESULT: {"using":"xpath","value":"//li[.//span[contains(text(),'548 -')]]"}
COMMAND: POST /session/80b25485da4cce0461fa749928cde446/elements - {"using":"xpath","value":"//li[.//span[contains(text(),'548 -')]]"}
RESULT: {"using":"xpath","value":"//li[.//span[contains(text(),'548 -')]]"}
COMMAND: POST /session/80b25485da4cce0461fa749928cde446/elements - {"using":"xpath","value":"//li[.//span[contains(text(),'548 -')]]"}
RESULT: {"using":"xpath","value":"//li[.//span[contains(text(),'548 -')]]"}
COMMAND: POST /session/80b25485da4cce0461fa749928cde446/elements - {"using":"xpath","value":"//li[.//span[contains(text(),'548 -')]]"}
RESULT: {"using":"xpath","value":"//li[.//span[contains(text(),'548 -')]]"}
COMMAND: POST /session/80b25485da4cce0461fa749928cde446/elements - {"using":"xpath","value":"//li[.//span[contains(text(),'548 -')]]"}
RESULT: {"using":"xpath","value":"//li[.//span[contains(text(),'548 -')]]"}
COMMAND: POST /session/80b25485da4cce0461fa749928cde446/elements - {"using":"xpath","value":"//li[.//span[contains(text(),'548 -')]]"}
RESULT: {"using":"xpath","value":"//li[.//span[contains(text(),'548 -')]]"}
COMMAND: POST /session/80b25485da4cce0461fa749928cde446/elements - {"using":"xpath","value":"//li[.//span[contains(text(),'548 -')]]"}
RESULT: {"using":"xpath","value":"//li[.//span[contains(text(),'548 -')]]"}
COMMAND: POST /session/80b25485da4cce0461fa749928cde446/elements - {"using":"xpath","value":"//li[.//span[contains(text(),'548 -')]]"}
RESULT: {"using":"xpath","value":"//li[.//span[contains(text(),'548 -')]]"}
COMMAND: POST /session/80b25485da4cce0461fa749928cde446/elements - {"using":"xpath","value":"//li[.//span[contains(text(),'548 -')]]"}
RESULT: {"using":"xpath","value":"//li[.//span[contains(text(),'548 -')]]"}
COMMAND: POST /session/80b25485da4cce0461fa749928cde446/elements - {"using":"xpath","value":"//li[.//span[contains(text(),'548 -')]]"}
RESULT: {"using":"xpath","value":"//li[.//span[contains(text(),'548 -')]]"}
COMMAND: POST /session/80b25485da4cce0461fa749928cde446/elements - {"using":"xpath","value":"//li[.//span[contains(text(),'548 -')]]"}
RESULT: {"using":"xpath","value":"//li[.//span[contains(text(),'548 -')]]"}
COMMAND: POST /session/80b25485da4cce0461fa749928cde446/elements - {"using":"xpath","value":"//li[.//span[contains(text(),'548 -')]]"}
RESULT: {"using":"xpath","value":"//li[.//span[contains(text(),'548 -')]]"}
COMMAND: POST /session/80b25485da4cce0461fa749928cde446/elements - {"using":"xpath","value":"//li[.//span[contains(text(),'548 -')]]"}
RESULT: {"using":"xpath","value":"//li[.//span[contains(text(),'548 -')]]"}
COMMAND: POST /session/80b25485da4cce0461fa749928cde446/elements - {"using":"xpath","value":"//li[.//span[contains(text(),'548 -')]]"}
RESULT: {"using":"xpath","value":"//li[.//span[contains(text(),'548 -')]]"}
COMMAND: POST /session/80b25485da4cce0461fa749928cde446/elements - {"using":"xpath","value":"//li[.//span[contains(text(),'548 -')]]"}
RESULT: {"using":"xpath","value":"//li[.//span[contains(text(),'548 -')]]"}
COMMAND: POST /session/80b25485da4cce0461fa749928cde446/elements - {"using":"xpath","value":"//li[.//span[contains(text(),'548 -')]]"}
RESULT: {"using":"xpath","value":"//li[.//span[contains(text(),'548 -')]]"}
COMMAND: POST /session/80b25485da4cce0461fa749928cde446/elements - {"using":"xpath","value":"//li[.//span[contains(text(),'548 -')]]"}
RESULT: {"using":"xpath","value":"//li[.//span[contains(text(),'548 -')]]"}
COMMAND: POST /session/80b25485da4cce0461fa749928cde446/elements - {"using":"xpath","value":"//li[.//span[contains(text(),'548 -')]]"}
RESULT: {"using":"xpath","value":"//li[.//span[contains(text(),'548 -')]]"}
COMMAND: POST /session/80b25485da4cce0461fa749928cde446/elements - {"using":"xpath","value":"//li[.//span[contains(text(),'548 -')]]"}
RESULT: {"using":"xpath","value":"//li[.//span[contains(text(),'548 -')]]"}
COMMAND: POST /session/80b25485da4cce0461fa749928cde446/elements - {"using":"xpath","value":"//li[.//span[contains(text(),'548 -')]]"}
RESULT: {"using":"xpath","value":"//li[.//span[contains(text(),'548 -')]]"}
COMMAND: POST /session/80b25485da4cce0461fa749928cde446/elements - {"using":"xpath","value":"//li[.//span[contains(text(),'548 -')]]"}
RESULT: {"using":"xpath","value":"//li[.//span[contains(text(),'548 -')]]"}
COMMAND: POST /session/80b25485da4cce0461fa749928cde446/elements - {"using":"xpath","value":"//li[.//span[contains(text(),'548 -')]]"}
RESULT: {"using":"xpath","value":"//li[.//span[contains(text(),'548 -')]]"}
COMMAND: POST /session/80b25485da4cce0461fa749928cde446/elements - {"using":"xpath","value":"//li[.//span[contains(text(),'548 -')]]"}
RESULT: {"using":"xpath","value":"//li[.//span[contains(text(),'548 -')]]"}
COMMAND: POST /session/80b25485da4cce0461fa749928cde446/elements - {"using":"xpath","value":"//li[.//span[contains(text(),'548 -')]]"}
RESULT: {"using":"xpath","value":"//li[.//span[contains(text(),'548 -')]]"}
COMMAND: POST /session/80b25485da4cce0461fa749928cde446/elements - {"using":"xpath","value":"//li[.//span[contains(text(),'548 -')]]"}
RESULT: {"using":"xpath","value":"//li[.//span[contains(text(),'548 -')]]"}
COMMAND: POST /session/80b25485da4cce0461fa749928cde446/elements - {"using":"xpath","value":"//li[.//span[contains(text(),'548 -')]]"}
RESULT: {"using":"xpath","value":"//li[.//span[contains(text(),'548 -')]]"}
COMMAND: POST /session/80b25485da4cce0461fa749928cde446/elements - {"using":"xpath","value":"//li[.//span[contains(text(),'548 -')]]"}
RESULT: {"using":"xpath","value":"//li[.//span[contains(text(),'548 -')]]"}
COMMAND: POST /session/80b25485da4cce0461fa749928cde446/elements - {"using":"xpath","value":"//li[.//span[contains(text(),'548 -')]]"}
RESULT: {"using":"xpath","value":"//li[.//span[contains(text(),'548 -')]]"}
COMMAND: POST /session/80b25485da4cce0461fa749928cde446/elements - {"using":"xpath","value":"//li[.//span[contains(text(),'548 -')]]"}
RESULT: {"using":"xpath","value":"//li[.//span[contains(text(),'548 -')]]"}
COMMAND: POST /session/80b25485da4cce0461fa749928cde446/elements - {"using":"xpath","value":"//li[.//span[contains(text(),'548 -')]]"}
RESULT: {"using":"xpath","value":"//li[.//span[contains(text(),'548 -')]]"}
COMMAND: POST /session/80b25485da4cce0461fa749928cde446/elements - {"using":"xpath","value":"//li[.//span[contains(text(),'548 -')]]"}
RESULT: {"using":"xpath","value":"//li[.//span[contains(text(),'548 -')]]"}
COMMAND: POST /session/80b25485da4cce0461fa749928cde446/elements - {"using":"xpath","value":"//li[.//span[contains(text(),'548 -')]]"}
RESULT: {"using":"xpath","value":"//li[.//span[contains(text(),'548 -')]]"}
COMMAND: POST /session/80b25485da4cce0461fa749928cde446/elements - {"using":"xpath","value":"//li[.//span[contains(text(),'548 -')]]"}
RESULT: {"using":"xpath","value":"//li[.//span[contains(text(),'548 -')]]"}
COMMAND: POST /session/80b25485da4cce0461fa749928cde446/elements - {"using":"xpath","value":"//li[.//span[contains(text(),'548 -')]]"}
RESULT: {"using":"xpath","value":"//li[.//span[contains(text(),'548 -')]]"}
COMMAND: POST /session/80b25485da4cce0461fa749928cde446/elements - {"using":"xpath","value":"//li[.//span[contains(text(),'548 -')]]"}
RESULT: {"using":"xpath","value":"//li[.//span[contains(text(),'548 -')]]"}
COMMAND: POST /session/80b25485da4cce0461fa749928cde446/elements - {"using":"xpath","value":"//li[.//span[contains(text(),'548 -')]]"}
RESULT: {"using":"xpath","value":"//li[.//span[contains(text(),'548 -')]]"}
COMMAND: POST /session/80b25485da4cce0461fa749928cde446/elements - {"using":"xpath","value":"//li[.//span[contains(text(),'548 -')]]"}
RESULT: {"using":"xpath","value":"//li[.//span[contains(text(),'548 -')]]"}
COMMAND: POST /session/80b25485da4cce0461fa749928cde446/elements - {"using":"xpath","value":"//li[.//span[contains(text(),'548 -')]]"}
RESULT: {"using":"xpath","value":"//li[.//span[contains(text(),'548 -')]]"}
COMMAND: POST /session/80b25485da4cce0461fa749928cde446/elements - {"using":"xpath","value":"//li[.//span[contains(text(),'548 -')]]"}
RESULT: {"using":"xpath","value":"//li[.//span[contains(text(),'548 -')]]"}
COMMAND: POST /session/80b25485da4cce0461fa749928cde446/elements - {"using":"xpath","value":"//li[.//span[contains(text(),'548 -')]]"}
RESULT: {"using":"xpath","value":"//li[.//span[contains(text(),'548 -')]]"}
COMMAND: POST /session/80b25485da4cce0461fa749928cde446/elements - {"using":"xpath","value":"//li[.//span[contains(text(),'548 -')]]"}
COMMAND: GET /session/80b25485da4cce0461fa749928cde446/screenshot - {}
RESULT: {"using":"xpath","value":"//li[.//span[contains(text(),'548 -')]]"}
RESULT: {}
COMMAND: GET /session/80b25485da4cce0461fa749928cde446/screenshot - {}
]]></system-out>
      <system-err><![CDATA[
Error: Can't call click on element with selector "//li[.//span[contains(text(),'548 -')]]" because element wasn't found
    at async UtilsPrerequisites.stockIncrease (D:\a\1\s\test\specs\BTS\prerequisites-and-utils-functions.js:1638:9)
    at async Context.<anonymous> (D:\a\1\s\test\specs\HTR\return-from-site-w-warehouse-management-w-clarification.spec.js:70:9)
]]></system-err>
    </testcase>
    <testcase classname="chrome.136_0_7103_93.windows.Return_from_Site_w/_warehouse_management_w_clarification" name="Should create a new contract" time="60.544">
      <failure/>
      <error message="element (&quot;//button[@data-kt=&quot;addButton&quot;]&quot;) still not existing after 45000ms"/>
      <system-out><![CDATA[
COMMAND: POST /session/80b25485da4cce0461fa749928cde446/execute/async - {"script":"<script> [1562 bytes]","args":[{"selector":{"controlType":"sap.m.GenericTile","properties":{"header":"Manage Contracts"}},"wdio_ui5_key":"sapm.GenericTile{\"header\":\"Manage Contracts\"}"}]}
RESULT: {}
RESULT: {"script":"<script> [1562 bytes]","args":[{"selector":{"controlType":"sap.m.GenericTile","properties":{"header":"Manage Contracts"}},"wdio_ui5_key":"sapm.GenericTile{\"header\":\"Manage Contracts\"}"}]}
RESULT: undefined
COMMAND: POST /session/80b25485da4cce0461fa749928cde446/elements - {"using":"xpath","value":"//span[text()='Error']"}
RESULT: {"using":"xpath","value":"//span[text()='Error']"}
COMMAND: POST /session/80b25485da4cce0461fa749928cde446/element - {"using":"xpath","value":"//button[@data-kt=\"addButton\"]"}
RESULT: {"using":"xpath","value":"//button[@data-kt=\"addButton\"]"}
COMMAND: POST /session/80b25485da4cce0461fa749928cde446/elements - {"using":"xpath","value":"//button[@data-kt=\"addButton\"]"}
RESULT: {"using":"xpath","value":"//button[@data-kt=\"addButton\"]"}
COMMAND: POST /session/80b25485da4cce0461fa749928cde446/elements - {"using":"xpath","value":"//button[@data-kt=\"addButton\"]"}
RESULT: {"using":"xpath","value":"//button[@data-kt=\"addButton\"]"}
COMMAND: POST /session/80b25485da4cce0461fa749928cde446/elements - {"using":"xpath","value":"//button[@data-kt=\"addButton\"]"}
RESULT: {"using":"xpath","value":"//button[@data-kt=\"addButton\"]"}
COMMAND: POST /session/80b25485da4cce0461fa749928cde446/elements - {"using":"xpath","value":"//button[@data-kt=\"addButton\"]"}
RESULT: {"using":"xpath","value":"//button[@data-kt=\"addButton\"]"}
COMMAND: POST /session/80b25485da4cce0461fa749928cde446/elements - {"using":"xpath","value":"//button[@data-kt=\"addButton\"]"}
RESULT: {"using":"xpath","value":"//button[@data-kt=\"addButton\"]"}
COMMAND: POST /session/80b25485da4cce0461fa749928cde446/elements - {"using":"xpath","value":"//button[@data-kt=\"addButton\"]"}
RESULT: {"using":"xpath","value":"//button[@data-kt=\"addButton\"]"}
COMMAND: POST /session/80b25485da4cce0461fa749928cde446/elements - {"using":"xpath","value":"//button[@data-kt=\"addButton\"]"}
RESULT: {"using":"xpath","value":"//button[@data-kt=\"addButton\"]"}
COMMAND: POST /session/80b25485da4cce0461fa749928cde446/elements - {"using":"xpath","value":"//button[@data-kt=\"addButton\"]"}
RESULT: {"using":"xpath","value":"//button[@data-kt=\"addButton\"]"}
COMMAND: POST /session/80b25485da4cce0461fa749928cde446/elements - {"using":"xpath","value":"//button[@data-kt=\"addButton\"]"}
RESULT: {"using":"xpath","value":"//button[@data-kt=\"addButton\"]"}
COMMAND: POST /session/80b25485da4cce0461fa749928cde446/elements - {"using":"xpath","value":"//button[@data-kt=\"addButton\"]"}
RESULT: {"using":"xpath","value":"//button[@data-kt=\"addButton\"]"}
COMMAND: POST /session/80b25485da4cce0461fa749928cde446/elements - {"using":"xpath","value":"//button[@data-kt=\"addButton\"]"}
RESULT: {"using":"xpath","value":"//button[@data-kt=\"addButton\"]"}
COMMAND: POST /session/80b25485da4cce0461fa749928cde446/elements - {"using":"xpath","value":"//button[@data-kt=\"addButton\"]"}
RESULT: {"using":"xpath","value":"//button[@data-kt=\"addButton\"]"}
COMMAND: POST /session/80b25485da4cce0461fa749928cde446/elements - {"using":"xpath","value":"//button[@data-kt=\"addButton\"]"}
RESULT: {"using":"xpath","value":"//button[@data-kt=\"addButton\"]"}
COMMAND: POST /session/80b25485da4cce0461fa749928cde446/elements - {"using":"xpath","value":"//button[@data-kt=\"addButton\"]"}
RESULT: {"using":"xpath","value":"//button[@data-kt=\"addButton\"]"}
COMMAND: POST /session/80b25485da4cce0461fa749928cde446/elements - {"using":"xpath","value":"//button[@data-kt=\"addButton\"]"}
RESULT: {"using":"xpath","value":"//button[@data-kt=\"addButton\"]"}
COMMAND: POST /session/80b25485da4cce0461fa749928cde446/elements - {"using":"xpath","value":"//button[@data-kt=\"addButton\"]"}
RESULT: {"using":"xpath","value":"//button[@data-kt=\"addButton\"]"}
COMMAND: POST /session/80b25485da4cce0461fa749928cde446/elements - {"using":"xpath","value":"//button[@data-kt=\"addButton\"]"}
RESULT: {"using":"xpath","value":"//button[@data-kt=\"addButton\"]"}
COMMAND: POST /session/80b25485da4cce0461fa749928cde446/elements - {"using":"xpath","value":"//button[@data-kt=\"addButton\"]"}
RESULT: {"using":"xpath","value":"//button[@data-kt=\"addButton\"]"}
COMMAND: POST /session/80b25485da4cce0461fa749928cde446/elements - {"using":"xpath","value":"//button[@data-kt=\"addButton\"]"}
RESULT: {"using":"xpath","value":"//button[@data-kt=\"addButton\"]"}
COMMAND: POST /session/80b25485da4cce0461fa749928cde446/elements - {"using":"xpath","value":"//button[@data-kt=\"addButton\"]"}
RESULT: {"using":"xpath","value":"//button[@data-kt=\"addButton\"]"}
COMMAND: POST /session/80b25485da4cce0461fa749928cde446/elements - {"using":"xpath","value":"//button[@data-kt=\"addButton\"]"}
RESULT: {"using":"xpath","value":"//button[@data-kt=\"addButton\"]"}
COMMAND: POST /session/80b25485da4cce0461fa749928cde446/elements - {"using":"xpath","value":"//button[@data-kt=\"addButton\"]"}
RESULT: {"using":"xpath","value":"//button[@data-kt=\"addButton\"]"}
COMMAND: POST /session/80b25485da4cce0461fa749928cde446/elements - {"using":"xpath","value":"//button[@data-kt=\"addButton\"]"}
RESULT: {"using":"xpath","value":"//button[@data-kt=\"addButton\"]"}
COMMAND: POST /session/80b25485da4cce0461fa749928cde446/elements - {"using":"xpath","value":"//button[@data-kt=\"addButton\"]"}
RESULT: {"using":"xpath","value":"//button[@data-kt=\"addButton\"]"}
COMMAND: POST /session/80b25485da4cce0461fa749928cde446/elements - {"using":"xpath","value":"//button[@data-kt=\"addButton\"]"}
RESULT: {"using":"xpath","value":"//button[@data-kt=\"addButton\"]"}
COMMAND: POST /session/80b25485da4cce0461fa749928cde446/elements - {"using":"xpath","value":"//button[@data-kt=\"addButton\"]"}
RESULT: {"using":"xpath","value":"//button[@data-kt=\"addButton\"]"}
COMMAND: POST /session/80b25485da4cce0461fa749928cde446/elements - {"using":"xpath","value":"//button[@data-kt=\"addButton\"]"}
RESULT: {"using":"xpath","value":"//button[@data-kt=\"addButton\"]"}
COMMAND: POST /session/80b25485da4cce0461fa749928cde446/elements - {"using":"xpath","value":"//button[@data-kt=\"addButton\"]"}
RESULT: {"using":"xpath","value":"//button[@data-kt=\"addButton\"]"}
COMMAND: POST /session/80b25485da4cce0461fa749928cde446/elements - {"using":"xpath","value":"//button[@data-kt=\"addButton\"]"}
RESULT: {"using":"xpath","value":"//button[@data-kt=\"addButton\"]"}
COMMAND: POST /session/80b25485da4cce0461fa749928cde446/elements - {"using":"xpath","value":"//button[@data-kt=\"addButton\"]"}
RESULT: {"using":"xpath","value":"//button[@data-kt=\"addButton\"]"}
COMMAND: POST /session/80b25485da4cce0461fa749928cde446/elements - {"using":"xpath","value":"//button[@data-kt=\"addButton\"]"}
RESULT: {"using":"xpath","value":"//button[@data-kt=\"addButton\"]"}
COMMAND: POST /session/80b25485da4cce0461fa749928cde446/elements - {"using":"xpath","value":"//button[@data-kt=\"addButton\"]"}
RESULT: {"using":"xpath","value":"//button[@data-kt=\"addButton\"]"}
COMMAND: POST /session/80b25485da4cce0461fa749928cde446/elements - {"using":"xpath","value":"//button[@data-kt=\"addButton\"]"}
RESULT: {"using":"xpath","value":"//button[@data-kt=\"addButton\"]"}
COMMAND: POST /session/80b25485da4cce0461fa749928cde446/elements - {"using":"xpath","value":"//button[@data-kt=\"addButton\"]"}
RESULT: {"using":"xpath","value":"//button[@data-kt=\"addButton\"]"}
COMMAND: POST /session/80b25485da4cce0461fa749928cde446/elements - {"using":"xpath","value":"//button[@data-kt=\"addButton\"]"}
RESULT: {"using":"xpath","value":"//button[@data-kt=\"addButton\"]"}
COMMAND: POST /session/80b25485da4cce0461fa749928cde446/elements - {"using":"xpath","value":"//button[@data-kt=\"addButton\"]"}
RESULT: {"using":"xpath","value":"//button[@data-kt=\"addButton\"]"}
COMMAND: POST /session/80b25485da4cce0461fa749928cde446/elements - {"using":"xpath","value":"//button[@data-kt=\"addButton\"]"}
RESULT: {"using":"xpath","value":"//button[@data-kt=\"addButton\"]"}
COMMAND: POST /session/80b25485da4cce0461fa749928cde446/elements - {"using":"xpath","value":"//button[@data-kt=\"addButton\"]"}
RESULT: {"using":"xpath","value":"//button[@data-kt=\"addButton\"]"}
COMMAND: POST /session/80b25485da4cce0461fa749928cde446/elements - {"using":"xpath","value":"//button[@data-kt=\"addButton\"]"}
RESULT: {"using":"xpath","value":"//button[@data-kt=\"addButton\"]"}
COMMAND: POST /session/80b25485da4cce0461fa749928cde446/elements - {"using":"xpath","value":"//button[@data-kt=\"addButton\"]"}
RESULT: {"using":"xpath","value":"//button[@data-kt=\"addButton\"]"}
COMMAND: POST /session/80b25485da4cce0461fa749928cde446/elements - {"using":"xpath","value":"//button[@data-kt=\"addButton\"]"}
RESULT: {"using":"xpath","value":"//button[@data-kt=\"addButton\"]"}
COMMAND: POST /session/80b25485da4cce0461fa749928cde446/elements - {"using":"xpath","value":"//button[@data-kt=\"addButton\"]"}
RESULT: {"using":"xpath","value":"//button[@data-kt=\"addButton\"]"}
COMMAND: POST /session/80b25485da4cce0461fa749928cde446/elements - {"using":"xpath","value":"//button[@data-kt=\"addButton\"]"}
RESULT: {"using":"xpath","value":"//button[@data-kt=\"addButton\"]"}
COMMAND: POST /session/80b25485da4cce0461fa749928cde446/elements - {"using":"xpath","value":"//button[@data-kt=\"addButton\"]"}
RESULT: {"using":"xpath","value":"//button[@data-kt=\"addButton\"]"}
COMMAND: POST /session/80b25485da4cce0461fa749928cde446/elements - {"using":"xpath","value":"//button[@data-kt=\"addButton\"]"}
RESULT: {"using":"xpath","value":"//button[@data-kt=\"addButton\"]"}
COMMAND: POST /session/80b25485da4cce0461fa749928cde446/elements - {"using":"xpath","value":"//button[@data-kt=\"addButton\"]"}
RESULT: {"using":"xpath","value":"//button[@data-kt=\"addButton\"]"}
COMMAND: POST /session/80b25485da4cce0461fa749928cde446/elements - {"using":"xpath","value":"//button[@data-kt=\"addButton\"]"}
RESULT: {"using":"xpath","value":"//button[@data-kt=\"addButton\"]"}
COMMAND: POST /session/80b25485da4cce0461fa749928cde446/elements - {"using":"xpath","value":"//button[@data-kt=\"addButton\"]"}
RESULT: {"using":"xpath","value":"//button[@data-kt=\"addButton\"]"}
COMMAND: POST /session/80b25485da4cce0461fa749928cde446/elements - {"using":"xpath","value":"//button[@data-kt=\"addButton\"]"}
RESULT: {"using":"xpath","value":"//button[@data-kt=\"addButton\"]"}
COMMAND: POST /session/80b25485da4cce0461fa749928cde446/elements - {"using":"xpath","value":"//button[@data-kt=\"addButton\"]"}
RESULT: {"using":"xpath","value":"//button[@data-kt=\"addButton\"]"}
COMMAND: POST /session/80b25485da4cce0461fa749928cde446/elements - {"using":"xpath","value":"//button[@data-kt=\"addButton\"]"}
RESULT: {"using":"xpath","value":"//button[@data-kt=\"addButton\"]"}
COMMAND: POST /session/80b25485da4cce0461fa749928cde446/elements - {"using":"xpath","value":"//button[@data-kt=\"addButton\"]"}
RESULT: {"using":"xpath","value":"//button[@data-kt=\"addButton\"]"}
COMMAND: POST /session/80b25485da4cce0461fa749928cde446/elements - {"using":"xpath","value":"//button[@data-kt=\"addButton\"]"}
RESULT: {"using":"xpath","value":"//button[@data-kt=\"addButton\"]"}
COMMAND: POST /session/80b25485da4cce0461fa749928cde446/elements - {"using":"xpath","value":"//button[@data-kt=\"addButton\"]"}
RESULT: {"using":"xpath","value":"//button[@data-kt=\"addButton\"]"}
COMMAND: POST /session/80b25485da4cce0461fa749928cde446/elements - {"using":"xpath","value":"//button[@data-kt=\"addButton\"]"}
RESULT: {"using":"xpath","value":"//button[@data-kt=\"addButton\"]"}
COMMAND: POST /session/80b25485da4cce0461fa749928cde446/elements - {"using":"xpath","value":"//button[@data-kt=\"addButton\"]"}
RESULT: {"using":"xpath","value":"//button[@data-kt=\"addButton\"]"}
COMMAND: POST /session/80b25485da4cce0461fa749928cde446/elements - {"using":"xpath","value":"//button[@data-kt=\"addButton\"]"}
RESULT: {"using":"xpath","value":"//button[@data-kt=\"addButton\"]"}
COMMAND: POST /session/80b25485da4cce0461fa749928cde446/elements - {"using":"xpath","value":"//button[@data-kt=\"addButton\"]"}
RESULT: {"using":"xpath","value":"//button[@data-kt=\"addButton\"]"}
COMMAND: POST /session/80b25485da4cce0461fa749928cde446/elements - {"using":"xpath","value":"//button[@data-kt=\"addButton\"]"}
RESULT: {"using":"xpath","value":"//button[@data-kt=\"addButton\"]"}
COMMAND: POST /session/80b25485da4cce0461fa749928cde446/elements - {"using":"xpath","value":"//button[@data-kt=\"addButton\"]"}
RESULT: {"using":"xpath","value":"//button[@data-kt=\"addButton\"]"}
COMMAND: POST /session/80b25485da4cce0461fa749928cde446/elements - {"using":"xpath","value":"//button[@data-kt=\"addButton\"]"}
RESULT: {"using":"xpath","value":"//button[@data-kt=\"addButton\"]"}
COMMAND: POST /session/80b25485da4cce0461fa749928cde446/elements - {"using":"xpath","value":"//button[@data-kt=\"addButton\"]"}
RESULT: {"using":"xpath","value":"//button[@data-kt=\"addButton\"]"}
COMMAND: POST /session/80b25485da4cce0461fa749928cde446/elements - {"using":"xpath","value":"//button[@data-kt=\"addButton\"]"}
RESULT: {"using":"xpath","value":"//button[@data-kt=\"addButton\"]"}
COMMAND: POST /session/80b25485da4cce0461fa749928cde446/elements - {"using":"xpath","value":"//button[@data-kt=\"addButton\"]"}
RESULT: {"using":"xpath","value":"//button[@data-kt=\"addButton\"]"}
COMMAND: POST /session/80b25485da4cce0461fa749928cde446/elements - {"using":"xpath","value":"//button[@data-kt=\"addButton\"]"}
RESULT: {"using":"xpath","value":"//button[@data-kt=\"addButton\"]"}
COMMAND: POST /session/80b25485da4cce0461fa749928cde446/elements - {"using":"xpath","value":"//button[@data-kt=\"addButton\"]"}
RESULT: {"using":"xpath","value":"//button[@data-kt=\"addButton\"]"}
COMMAND: POST /session/80b25485da4cce0461fa749928cde446/elements - {"using":"xpath","value":"//button[@data-kt=\"addButton\"]"}
RESULT: {"using":"xpath","value":"//button[@data-kt=\"addButton\"]"}
COMMAND: POST /session/80b25485da4cce0461fa749928cde446/elements - {"using":"xpath","value":"//button[@data-kt=\"addButton\"]"}
RESULT: {"using":"xpath","value":"//button[@data-kt=\"addButton\"]"}
COMMAND: POST /session/80b25485da4cce0461fa749928cde446/elements - {"using":"xpath","value":"//button[@data-kt=\"addButton\"]"}
RESULT: {"using":"xpath","value":"//button[@data-kt=\"addButton\"]"}
COMMAND: POST /session/80b25485da4cce0461fa749928cde446/elements - {"using":"xpath","value":"//button[@data-kt=\"addButton\"]"}
RESULT: {"using":"xpath","value":"//button[@data-kt=\"addButton\"]"}
COMMAND: POST /session/80b25485da4cce0461fa749928cde446/elements - {"using":"xpath","value":"//button[@data-kt=\"addButton\"]"}
RESULT: {"using":"xpath","value":"//button[@data-kt=\"addButton\"]"}
COMMAND: POST /session/80b25485da4cce0461fa749928cde446/elements - {"using":"xpath","value":"//button[@data-kt=\"addButton\"]"}
RESULT: {"using":"xpath","value":"//button[@data-kt=\"addButton\"]"}
COMMAND: POST /session/80b25485da4cce0461fa749928cde446/elements - {"using":"xpath","value":"//button[@data-kt=\"addButton\"]"}
RESULT: {"using":"xpath","value":"//button[@data-kt=\"addButton\"]"}
COMMAND: POST /session/80b25485da4cce0461fa749928cde446/elements - {"using":"xpath","value":"//button[@data-kt=\"addButton\"]"}
RESULT: {"using":"xpath","value":"//button[@data-kt=\"addButton\"]"}
COMMAND: POST /session/80b25485da4cce0461fa749928cde446/elements - {"using":"xpath","value":"//button[@data-kt=\"addButton\"]"}
RESULT: {"using":"xpath","value":"//button[@data-kt=\"addButton\"]"}
COMMAND: POST /session/80b25485da4cce0461fa749928cde446/elements - {"using":"xpath","value":"//button[@data-kt=\"addButton\"]"}
RESULT: {"using":"xpath","value":"//button[@data-kt=\"addButton\"]"}
COMMAND: POST /session/80b25485da4cce0461fa749928cde446/elements - {"using":"xpath","value":"//button[@data-kt=\"addButton\"]"}
RESULT: {"using":"xpath","value":"//button[@data-kt=\"addButton\"]"}
COMMAND: POST /session/80b25485da4cce0461fa749928cde446/elements - {"using":"xpath","value":"//button[@data-kt=\"addButton\"]"}
RESULT: {"using":"xpath","value":"//button[@data-kt=\"addButton\"]"}
COMMAND: POST /session/80b25485da4cce0461fa749928cde446/elements - {"using":"xpath","value":"//button[@data-kt=\"addButton\"]"}
RESULT: {"using":"xpath","value":"//button[@data-kt=\"addButton\"]"}
COMMAND: POST /session/80b25485da4cce0461fa749928cde446/elements - {"using":"xpath","value":"//button[@data-kt=\"addButton\"]"}
RESULT: {"using":"xpath","value":"//button[@data-kt=\"addButton\"]"}
COMMAND: POST /session/80b25485da4cce0461fa749928cde446/elements - {"using":"xpath","value":"//button[@data-kt=\"addButton\"]"}
RESULT: {"using":"xpath","value":"//button[@data-kt=\"addButton\"]"}
COMMAND: POST /session/80b25485da4cce0461fa749928cde446/elements - {"using":"xpath","value":"//button[@data-kt=\"addButton\"]"}
RESULT: {"using":"xpath","value":"//button[@data-kt=\"addButton\"]"}
COMMAND: POST /session/80b25485da4cce0461fa749928cde446/elements - {"using":"xpath","value":"//button[@data-kt=\"addButton\"]"}
RESULT: {"using":"xpath","value":"//button[@data-kt=\"addButton\"]"}
COMMAND: POST /session/80b25485da4cce0461fa749928cde446/elements - {"using":"xpath","value":"//button[@data-kt=\"addButton\"]"}
RESULT: {"using":"xpath","value":"//button[@data-kt=\"addButton\"]"}
COMMAND: POST /session/80b25485da4cce0461fa749928cde446/elements - {"using":"xpath","value":"//button[@data-kt=\"addButton\"]"}
RESULT: {"using":"xpath","value":"//button[@data-kt=\"addButton\"]"}
COMMAND: POST /session/80b25485da4cce0461fa749928cde446/elements - {"using":"xpath","value":"//button[@data-kt=\"addButton\"]"}
RESULT: {"using":"xpath","value":"//button[@data-kt=\"addButton\"]"}
COMMAND: POST /session/80b25485da4cce0461fa749928cde446/elements - {"using":"xpath","value":"//button[@data-kt=\"addButton\"]"}
RESULT: {"using":"xpath","value":"//button[@data-kt=\"addButton\"]"}
COMMAND: POST /session/80b25485da4cce0461fa749928cde446/elements - {"using":"xpath","value":"//button[@data-kt=\"addButton\"]"}
RESULT: {"using":"xpath","value":"//button[@data-kt=\"addButton\"]"}
COMMAND: POST /session/80b25485da4cce0461fa749928cde446/elements - {"using":"xpath","value":"//button[@data-kt=\"addButton\"]"}
RESULT: {"using":"xpath","value":"//button[@data-kt=\"addButton\"]"}
COMMAND: POST /session/80b25485da4cce0461fa749928cde446/elements - {"using":"xpath","value":"//button[@data-kt=\"addButton\"]"}
RESULT: {"using":"xpath","value":"//button[@data-kt=\"addButton\"]"}
COMMAND: POST /session/80b25485da4cce0461fa749928cde446/elements - {"using":"xpath","value":"//button[@data-kt=\"addButton\"]"}
COMMAND: GET /session/80b25485da4cce0461fa749928cde446/screenshot - {}
RESULT: {"using":"xpath","value":"//button[@data-kt=\"addButton\"]"}
RESULT: {}
]]></system-out>
      <system-err><![CDATA[
Error: element ("//button[@data-kt="addButton"]") still not existing after 45000ms
    at async UtilsPrerequisites.contractCreation (D:\a\1\s\test\specs\BTS\prerequisites-and-utils-functions.js:1741:9)
    at async Context.<anonymous> (D:\a\1\s\test\specs\HTR\return-from-site-w-warehouse-management-w-clarification.spec.js:74:49)
]]></system-err>
    </testcase>
    <testcase classname="chrome.136_0_7103_93.windows.Return_from_Site_w/_warehouse_management_w_clarification" name="Should add equipment to the contract" time="60.371">
      <failure/>
      <error message="Can't call click on element with selector &quot;//button[@data-kt=&quot;contractDetailEditBtnButton&quot;]&quot; because element wasn't found"/>
      <system-out><![CDATA[
COMMAND: POST /session/80b25485da4cce0461fa749928cde446/element - {"using":"xpath","value":"//button[@data-kt=\"contractDetailEditBtnButton\"]"}
COMMAND: GET /session/80b25485da4cce0461fa749928cde446/screenshot - {}
RESULT: {"using":"xpath","value":"//button[@data-kt=\"contractDetailEditBtnButton\"]"}
COMMAND: POST /session/80b25485da4cce0461fa749928cde446/elements - {"using":"xpath","value":"//button[@data-kt=\"contractDetailEditBtnButton\"]"}
RESULT: {}
RESULT: {"using":"xpath","value":"//button[@data-kt=\"contractDetailEditBtnButton\"]"}
COMMAND: POST /session/80b25485da4cce0461fa749928cde446/elements - {"using":"xpath","value":"//button[@data-kt=\"contractDetailEditBtnButton\"]"}
RESULT: {"using":"xpath","value":"//button[@data-kt=\"contractDetailEditBtnButton\"]"}
COMMAND: POST /session/80b25485da4cce0461fa749928cde446/elements - {"using":"xpath","value":"//button[@data-kt=\"contractDetailEditBtnButton\"]"}
RESULT: {"using":"xpath","value":"//button[@data-kt=\"contractDetailEditBtnButton\"]"}
COMMAND: POST /session/80b25485da4cce0461fa749928cde446/elements - {"using":"xpath","value":"//button[@data-kt=\"contractDetailEditBtnButton\"]"}
RESULT: {"using":"xpath","value":"//button[@data-kt=\"contractDetailEditBtnButton\"]"}
COMMAND: POST /session/80b25485da4cce0461fa749928cde446/elements - {"using":"xpath","value":"//button[@data-kt=\"contractDetailEditBtnButton\"]"}
RESULT: {"using":"xpath","value":"//button[@data-kt=\"contractDetailEditBtnButton\"]"}
COMMAND: POST /session/80b25485da4cce0461fa749928cde446/elements - {"using":"xpath","value":"//button[@data-kt=\"contractDetailEditBtnButton\"]"}
RESULT: {"using":"xpath","value":"//button[@data-kt=\"contractDetailEditBtnButton\"]"}
COMMAND: POST /session/80b25485da4cce0461fa749928cde446/elements - {"using":"xpath","value":"//button[@data-kt=\"contractDetailEditBtnButton\"]"}
RESULT: {"using":"xpath","value":"//button[@data-kt=\"contractDetailEditBtnButton\"]"}
COMMAND: POST /session/80b25485da4cce0461fa749928cde446/elements - {"using":"xpath","value":"//button[@data-kt=\"contractDetailEditBtnButton\"]"}
RESULT: {"using":"xpath","value":"//button[@data-kt=\"contractDetailEditBtnButton\"]"}
COMMAND: POST /session/80b25485da4cce0461fa749928cde446/elements - {"using":"xpath","value":"//button[@data-kt=\"contractDetailEditBtnButton\"]"}
RESULT: {"using":"xpath","value":"//button[@data-kt=\"contractDetailEditBtnButton\"]"}
COMMAND: POST /session/80b25485da4cce0461fa749928cde446/elements - {"using":"xpath","value":"//button[@data-kt=\"contractDetailEditBtnButton\"]"}
RESULT: {"using":"xpath","value":"//button[@data-kt=\"contractDetailEditBtnButton\"]"}
COMMAND: POST /session/80b25485da4cce0461fa749928cde446/elements - {"using":"xpath","value":"//button[@data-kt=\"contractDetailEditBtnButton\"]"}
RESULT: {"using":"xpath","value":"//button[@data-kt=\"contractDetailEditBtnButton\"]"}
COMMAND: POST /session/80b25485da4cce0461fa749928cde446/elements - {"using":"xpath","value":"//button[@data-kt=\"contractDetailEditBtnButton\"]"}
RESULT: {"using":"xpath","value":"//button[@data-kt=\"contractDetailEditBtnButton\"]"}
COMMAND: POST /session/80b25485da4cce0461fa749928cde446/elements - {"using":"xpath","value":"//button[@data-kt=\"contractDetailEditBtnButton\"]"}
RESULT: {"using":"xpath","value":"//button[@data-kt=\"contractDetailEditBtnButton\"]"}
COMMAND: POST /session/80b25485da4cce0461fa749928cde446/elements - {"using":"xpath","value":"//button[@data-kt=\"contractDetailEditBtnButton\"]"}
RESULT: {"using":"xpath","value":"//button[@data-kt=\"contractDetailEditBtnButton\"]"}
COMMAND: POST /session/80b25485da4cce0461fa749928cde446/elements - {"using":"xpath","value":"//button[@data-kt=\"contractDetailEditBtnButton\"]"}
RESULT: {"using":"xpath","value":"//button[@data-kt=\"contractDetailEditBtnButton\"]"}
COMMAND: POST /session/80b25485da4cce0461fa749928cde446/elements - {"using":"xpath","value":"//button[@data-kt=\"contractDetailEditBtnButton\"]"}
RESULT: {"using":"xpath","value":"//button[@data-kt=\"contractDetailEditBtnButton\"]"}
COMMAND: POST /session/80b25485da4cce0461fa749928cde446/elements - {"using":"xpath","value":"//button[@data-kt=\"contractDetailEditBtnButton\"]"}
RESULT: {"using":"xpath","value":"//button[@data-kt=\"contractDetailEditBtnButton\"]"}
COMMAND: POST /session/80b25485da4cce0461fa749928cde446/elements - {"using":"xpath","value":"//button[@data-kt=\"contractDetailEditBtnButton\"]"}
RESULT: {"using":"xpath","value":"//button[@data-kt=\"contractDetailEditBtnButton\"]"}
COMMAND: POST /session/80b25485da4cce0461fa749928cde446/elements - {"using":"xpath","value":"//button[@data-kt=\"contractDetailEditBtnButton\"]"}
RESULT: {"using":"xpath","value":"//button[@data-kt=\"contractDetailEditBtnButton\"]"}
COMMAND: POST /session/80b25485da4cce0461fa749928cde446/elements - {"using":"xpath","value":"//button[@data-kt=\"contractDetailEditBtnButton\"]"}
RESULT: {"using":"xpath","value":"//button[@data-kt=\"contractDetailEditBtnButton\"]"}
COMMAND: POST /session/80b25485da4cce0461fa749928cde446/elements - {"using":"xpath","value":"//button[@data-kt=\"contractDetailEditBtnButton\"]"}
RESULT: {"using":"xpath","value":"//button[@data-kt=\"contractDetailEditBtnButton\"]"}
COMMAND: POST /session/80b25485da4cce0461fa749928cde446/elements - {"using":"xpath","value":"//button[@data-kt=\"contractDetailEditBtnButton\"]"}
RESULT: {"using":"xpath","value":"//button[@data-kt=\"contractDetailEditBtnButton\"]"}
COMMAND: POST /session/80b25485da4cce0461fa749928cde446/elements - {"using":"xpath","value":"//button[@data-kt=\"contractDetailEditBtnButton\"]"}
RESULT: {"using":"xpath","value":"//button[@data-kt=\"contractDetailEditBtnButton\"]"}
COMMAND: POST /session/80b25485da4cce0461fa749928cde446/elements - {"using":"xpath","value":"//button[@data-kt=\"contractDetailEditBtnButton\"]"}
RESULT: {"using":"xpath","value":"//button[@data-kt=\"contractDetailEditBtnButton\"]"}
COMMAND: POST /session/80b25485da4cce0461fa749928cde446/elements - {"using":"xpath","value":"//button[@data-kt=\"contractDetailEditBtnButton\"]"}
RESULT: {"using":"xpath","value":"//button[@data-kt=\"contractDetailEditBtnButton\"]"}
COMMAND: POST /session/80b25485da4cce0461fa749928cde446/elements - {"using":"xpath","value":"//button[@data-kt=\"contractDetailEditBtnButton\"]"}
RESULT: {"using":"xpath","value":"//button[@data-kt=\"contractDetailEditBtnButton\"]"}
COMMAND: POST /session/80b25485da4cce0461fa749928cde446/elements - {"using":"xpath","value":"//button[@data-kt=\"contractDetailEditBtnButton\"]"}
RESULT: {"using":"xpath","value":"//button[@data-kt=\"contractDetailEditBtnButton\"]"}
COMMAND: POST /session/80b25485da4cce0461fa749928cde446/elements - {"using":"xpath","value":"//button[@data-kt=\"contractDetailEditBtnButton\"]"}
RESULT: {"using":"xpath","value":"//button[@data-kt=\"contractDetailEditBtnButton\"]"}
COMMAND: POST /session/80b25485da4cce0461fa749928cde446/elements - {"using":"xpath","value":"//button[@data-kt=\"contractDetailEditBtnButton\"]"}
RESULT: {"using":"xpath","value":"//button[@data-kt=\"contractDetailEditBtnButton\"]"}
COMMAND: POST /session/80b25485da4cce0461fa749928cde446/elements - {"using":"xpath","value":"//button[@data-kt=\"contractDetailEditBtnButton\"]"}
RESULT: {"using":"xpath","value":"//button[@data-kt=\"contractDetailEditBtnButton\"]"}
COMMAND: POST /session/80b25485da4cce0461fa749928cde446/elements - {"using":"xpath","value":"//button[@data-kt=\"contractDetailEditBtnButton\"]"}
RESULT: {"using":"xpath","value":"//button[@data-kt=\"contractDetailEditBtnButton\"]"}
COMMAND: POST /session/80b25485da4cce0461fa749928cde446/elements - {"using":"xpath","value":"//button[@data-kt=\"contractDetailEditBtnButton\"]"}
RESULT: {"using":"xpath","value":"//button[@data-kt=\"contractDetailEditBtnButton\"]"}
COMMAND: POST /session/80b25485da4cce0461fa749928cde446/elements - {"using":"xpath","value":"//button[@data-kt=\"contractDetailEditBtnButton\"]"}
RESULT: {"using":"xpath","value":"//button[@data-kt=\"contractDetailEditBtnButton\"]"}
COMMAND: POST /session/80b25485da4cce0461fa749928cde446/elements - {"using":"xpath","value":"//button[@data-kt=\"contractDetailEditBtnButton\"]"}
RESULT: {"using":"xpath","value":"//button[@data-kt=\"contractDetailEditBtnButton\"]"}
COMMAND: POST /session/80b25485da4cce0461fa749928cde446/elements - {"using":"xpath","value":"//button[@data-kt=\"contractDetailEditBtnButton\"]"}
RESULT: {"using":"xpath","value":"//button[@data-kt=\"contractDetailEditBtnButton\"]"}
COMMAND: POST /session/80b25485da4cce0461fa749928cde446/elements - {"using":"xpath","value":"//button[@data-kt=\"contractDetailEditBtnButton\"]"}
RESULT: {"using":"xpath","value":"//button[@data-kt=\"contractDetailEditBtnButton\"]"}
COMMAND: POST /session/80b25485da4cce0461fa749928cde446/elements - {"using":"xpath","value":"//button[@data-kt=\"contractDetailEditBtnButton\"]"}
RESULT: {"using":"xpath","value":"//button[@data-kt=\"contractDetailEditBtnButton\"]"}
COMMAND: POST /session/80b25485da4cce0461fa749928cde446/elements - {"using":"xpath","value":"//button[@data-kt=\"contractDetailEditBtnButton\"]"}
RESULT: {"using":"xpath","value":"//button[@data-kt=\"contractDetailEditBtnButton\"]"}
COMMAND: POST /session/80b25485da4cce0461fa749928cde446/elements - {"using":"xpath","value":"//button[@data-kt=\"contractDetailEditBtnButton\"]"}
RESULT: {"using":"xpath","value":"//button[@data-kt=\"contractDetailEditBtnButton\"]"}
COMMAND: POST /session/80b25485da4cce0461fa749928cde446/elements - {"using":"xpath","value":"//button[@data-kt=\"contractDetailEditBtnButton\"]"}
RESULT: {"using":"xpath","value":"//button[@data-kt=\"contractDetailEditBtnButton\"]"}
COMMAND: POST /session/80b25485da4cce0461fa749928cde446/elements - {"using":"xpath","value":"//button[@data-kt=\"contractDetailEditBtnButton\"]"}
RESULT: {"using":"xpath","value":"//button[@data-kt=\"contractDetailEditBtnButton\"]"}
COMMAND: POST /session/80b25485da4cce0461fa749928cde446/elements - {"using":"xpath","value":"//button[@data-kt=\"contractDetailEditBtnButton\"]"}
RESULT: {"using":"xpath","value":"//button[@data-kt=\"contractDetailEditBtnButton\"]"}
COMMAND: POST /session/80b25485da4cce0461fa749928cde446/elements - {"using":"xpath","value":"//button[@data-kt=\"contractDetailEditBtnButton\"]"}
RESULT: {"using":"xpath","value":"//button[@data-kt=\"contractDetailEditBtnButton\"]"}
COMMAND: POST /session/80b25485da4cce0461fa749928cde446/elements - {"using":"xpath","value":"//button[@data-kt=\"contractDetailEditBtnButton\"]"}
RESULT: {"using":"xpath","value":"//button[@data-kt=\"contractDetailEditBtnButton\"]"}
COMMAND: POST /session/80b25485da4cce0461fa749928cde446/elements - {"using":"xpath","value":"//button[@data-kt=\"contractDetailEditBtnButton\"]"}
RESULT: {"using":"xpath","value":"//button[@data-kt=\"contractDetailEditBtnButton\"]"}
COMMAND: POST /session/80b25485da4cce0461fa749928cde446/elements - {"using":"xpath","value":"//button[@data-kt=\"contractDetailEditBtnButton\"]"}
RESULT: {"using":"xpath","value":"//button[@data-kt=\"contractDetailEditBtnButton\"]"}
COMMAND: POST /session/80b25485da4cce0461fa749928cde446/elements - {"using":"xpath","value":"//button[@data-kt=\"contractDetailEditBtnButton\"]"}
RESULT: {"using":"xpath","value":"//button[@data-kt=\"contractDetailEditBtnButton\"]"}
COMMAND: POST /session/80b25485da4cce0461fa749928cde446/elements - {"using":"xpath","value":"//button[@data-kt=\"contractDetailEditBtnButton\"]"}
RESULT: {"using":"xpath","value":"//button[@data-kt=\"contractDetailEditBtnButton\"]"}
COMMAND: POST /session/80b25485da4cce0461fa749928cde446/elements - {"using":"xpath","value":"//button[@data-kt=\"contractDetailEditBtnButton\"]"}
RESULT: {"using":"xpath","value":"//button[@data-kt=\"contractDetailEditBtnButton\"]"}
COMMAND: POST /session/80b25485da4cce0461fa749928cde446/elements - {"using":"xpath","value":"//button[@data-kt=\"contractDetailEditBtnButton\"]"}
RESULT: {"using":"xpath","value":"//button[@data-kt=\"contractDetailEditBtnButton\"]"}
COMMAND: POST /session/80b25485da4cce0461fa749928cde446/elements - {"using":"xpath","value":"//button[@data-kt=\"contractDetailEditBtnButton\"]"}
RESULT: {"using":"xpath","value":"//button[@data-kt=\"contractDetailEditBtnButton\"]"}
COMMAND: POST /session/80b25485da4cce0461fa749928cde446/elements - {"using":"xpath","value":"//button[@data-kt=\"contractDetailEditBtnButton\"]"}
RESULT: {"using":"xpath","value":"//button[@data-kt=\"contractDetailEditBtnButton\"]"}
COMMAND: POST /session/80b25485da4cce0461fa749928cde446/elements - {"using":"xpath","value":"//button[@data-kt=\"contractDetailEditBtnButton\"]"}
RESULT: {"using":"xpath","value":"//button[@data-kt=\"contractDetailEditBtnButton\"]"}
COMMAND: POST /session/80b25485da4cce0461fa749928cde446/elements - {"using":"xpath","value":"//button[@data-kt=\"contractDetailEditBtnButton\"]"}
RESULT: {"using":"xpath","value":"//button[@data-kt=\"contractDetailEditBtnButton\"]"}
COMMAND: POST /session/80b25485da4cce0461fa749928cde446/elements - {"using":"xpath","value":"//button[@data-kt=\"contractDetailEditBtnButton\"]"}
RESULT: {"using":"xpath","value":"//button[@data-kt=\"contractDetailEditBtnButton\"]"}
COMMAND: POST /session/80b25485da4cce0461fa749928cde446/elements - {"using":"xpath","value":"//button[@data-kt=\"contractDetailEditBtnButton\"]"}
RESULT: {"using":"xpath","value":"//button[@data-kt=\"contractDetailEditBtnButton\"]"}
COMMAND: POST /session/80b25485da4cce0461fa749928cde446/elements - {"using":"xpath","value":"//button[@data-kt=\"contractDetailEditBtnButton\"]"}
RESULT: {"using":"xpath","value":"//button[@data-kt=\"contractDetailEditBtnButton\"]"}
COMMAND: POST /session/80b25485da4cce0461fa749928cde446/elements - {"using":"xpath","value":"//button[@data-kt=\"contractDetailEditBtnButton\"]"}
RESULT: {"using":"xpath","value":"//button[@data-kt=\"contractDetailEditBtnButton\"]"}
COMMAND: POST /session/80b25485da4cce0461fa749928cde446/elements - {"using":"xpath","value":"//button[@data-kt=\"contractDetailEditBtnButton\"]"}
RESULT: {"using":"xpath","value":"//button[@data-kt=\"contractDetailEditBtnButton\"]"}
COMMAND: POST /session/80b25485da4cce0461fa749928cde446/elements - {"using":"xpath","value":"//button[@data-kt=\"contractDetailEditBtnButton\"]"}
RESULT: {"using":"xpath","value":"//button[@data-kt=\"contractDetailEditBtnButton\"]"}
COMMAND: POST /session/80b25485da4cce0461fa749928cde446/elements - {"using":"xpath","value":"//button[@data-kt=\"contractDetailEditBtnButton\"]"}
RESULT: {"using":"xpath","value":"//button[@data-kt=\"contractDetailEditBtnButton\"]"}
COMMAND: POST /session/80b25485da4cce0461fa749928cde446/elements - {"using":"xpath","value":"//button[@data-kt=\"contractDetailEditBtnButton\"]"}
RESULT: {"using":"xpath","value":"//button[@data-kt=\"contractDetailEditBtnButton\"]"}
COMMAND: POST /session/80b25485da4cce0461fa749928cde446/elements - {"using":"xpath","value":"//button[@data-kt=\"contractDetailEditBtnButton\"]"}
RESULT: {"using":"xpath","value":"//button[@data-kt=\"contractDetailEditBtnButton\"]"}
COMMAND: POST /session/80b25485da4cce0461fa749928cde446/elements - {"using":"xpath","value":"//button[@data-kt=\"contractDetailEditBtnButton\"]"}
RESULT: {"using":"xpath","value":"//button[@data-kt=\"contractDetailEditBtnButton\"]"}
COMMAND: POST /session/80b25485da4cce0461fa749928cde446/elements - {"using":"xpath","value":"//button[@data-kt=\"contractDetailEditBtnButton\"]"}
RESULT: {"using":"xpath","value":"//button[@data-kt=\"contractDetailEditBtnButton\"]"}
COMMAND: POST /session/80b25485da4cce0461fa749928cde446/elements - {"using":"xpath","value":"//button[@data-kt=\"contractDetailEditBtnButton\"]"}
RESULT: {"using":"xpath","value":"//button[@data-kt=\"contractDetailEditBtnButton\"]"}
COMMAND: POST /session/80b25485da4cce0461fa749928cde446/elements - {"using":"xpath","value":"//button[@data-kt=\"contractDetailEditBtnButton\"]"}
RESULT: {"using":"xpath","value":"//button[@data-kt=\"contractDetailEditBtnButton\"]"}
COMMAND: POST /session/80b25485da4cce0461fa749928cde446/elements - {"using":"xpath","value":"//button[@data-kt=\"contractDetailEditBtnButton\"]"}
RESULT: {"using":"xpath","value":"//button[@data-kt=\"contractDetailEditBtnButton\"]"}
COMMAND: POST /session/80b25485da4cce0461fa749928cde446/elements - {"using":"xpath","value":"//button[@data-kt=\"contractDetailEditBtnButton\"]"}
RESULT: {"using":"xpath","value":"//button[@data-kt=\"contractDetailEditBtnButton\"]"}
COMMAND: POST /session/80b25485da4cce0461fa749928cde446/elements - {"using":"xpath","value":"//button[@data-kt=\"contractDetailEditBtnButton\"]"}
RESULT: {"using":"xpath","value":"//button[@data-kt=\"contractDetailEditBtnButton\"]"}
COMMAND: POST /session/80b25485da4cce0461fa749928cde446/elements - {"using":"xpath","value":"//button[@data-kt=\"contractDetailEditBtnButton\"]"}
RESULT: {"using":"xpath","value":"//button[@data-kt=\"contractDetailEditBtnButton\"]"}
COMMAND: POST /session/80b25485da4cce0461fa749928cde446/elements - {"using":"xpath","value":"//button[@data-kt=\"contractDetailEditBtnButton\"]"}
RESULT: {"using":"xpath","value":"//button[@data-kt=\"contractDetailEditBtnButton\"]"}
COMMAND: POST /session/80b25485da4cce0461fa749928cde446/elements - {"using":"xpath","value":"//button[@data-kt=\"contractDetailEditBtnButton\"]"}
RESULT: {"using":"xpath","value":"//button[@data-kt=\"contractDetailEditBtnButton\"]"}
COMMAND: POST /session/80b25485da4cce0461fa749928cde446/elements - {"using":"xpath","value":"//button[@data-kt=\"contractDetailEditBtnButton\"]"}
RESULT: {"using":"xpath","value":"//button[@data-kt=\"contractDetailEditBtnButton\"]"}
COMMAND: POST /session/80b25485da4cce0461fa749928cde446/elements - {"using":"xpath","value":"//button[@data-kt=\"contractDetailEditBtnButton\"]"}
RESULT: {"using":"xpath","value":"//button[@data-kt=\"contractDetailEditBtnButton\"]"}
COMMAND: POST /session/80b25485da4cce0461fa749928cde446/elements - {"using":"xpath","value":"//button[@data-kt=\"contractDetailEditBtnButton\"]"}
RESULT: {"using":"xpath","value":"//button[@data-kt=\"contractDetailEditBtnButton\"]"}
COMMAND: POST /session/80b25485da4cce0461fa749928cde446/elements - {"using":"xpath","value":"//button[@data-kt=\"contractDetailEditBtnButton\"]"}
RESULT: {"using":"xpath","value":"//button[@data-kt=\"contractDetailEditBtnButton\"]"}
COMMAND: POST /session/80b25485da4cce0461fa749928cde446/elements - {"using":"xpath","value":"//button[@data-kt=\"contractDetailEditBtnButton\"]"}
RESULT: {"using":"xpath","value":"//button[@data-kt=\"contractDetailEditBtnButton\"]"}
COMMAND: POST /session/80b25485da4cce0461fa749928cde446/elements - {"using":"xpath","value":"//button[@data-kt=\"contractDetailEditBtnButton\"]"}
RESULT: {"using":"xpath","value":"//button[@data-kt=\"contractDetailEditBtnButton\"]"}
COMMAND: POST /session/80b25485da4cce0461fa749928cde446/elements - {"using":"xpath","value":"//button[@data-kt=\"contractDetailEditBtnButton\"]"}
RESULT: {"using":"xpath","value":"//button[@data-kt=\"contractDetailEditBtnButton\"]"}
COMMAND: POST /session/80b25485da4cce0461fa749928cde446/elements - {"using":"xpath","value":"//button[@data-kt=\"contractDetailEditBtnButton\"]"}
RESULT: {"using":"xpath","value":"//button[@data-kt=\"contractDetailEditBtnButton\"]"}
COMMAND: POST /session/80b25485da4cce0461fa749928cde446/elements - {"using":"xpath","value":"//button[@data-kt=\"contractDetailEditBtnButton\"]"}
RESULT: {"using":"xpath","value":"//button[@data-kt=\"contractDetailEditBtnButton\"]"}
COMMAND: POST /session/80b25485da4cce0461fa749928cde446/elements - {"using":"xpath","value":"//button[@data-kt=\"contractDetailEditBtnButton\"]"}
RESULT: {"using":"xpath","value":"//button[@data-kt=\"contractDetailEditBtnButton\"]"}
COMMAND: POST /session/80b25485da4cce0461fa749928cde446/elements - {"using":"xpath","value":"//button[@data-kt=\"contractDetailEditBtnButton\"]"}
RESULT: {"using":"xpath","value":"//button[@data-kt=\"contractDetailEditBtnButton\"]"}
COMMAND: POST /session/80b25485da4cce0461fa749928cde446/elements - {"using":"xpath","value":"//button[@data-kt=\"contractDetailEditBtnButton\"]"}
RESULT: {"using":"xpath","value":"//button[@data-kt=\"contractDetailEditBtnButton\"]"}
COMMAND: POST /session/80b25485da4cce0461fa749928cde446/elements - {"using":"xpath","value":"//button[@data-kt=\"contractDetailEditBtnButton\"]"}
RESULT: {"using":"xpath","value":"//button[@data-kt=\"contractDetailEditBtnButton\"]"}
COMMAND: POST /session/80b25485da4cce0461fa749928cde446/elements - {"using":"xpath","value":"//button[@data-kt=\"contractDetailEditBtnButton\"]"}
RESULT: {"using":"xpath","value":"//button[@data-kt=\"contractDetailEditBtnButton\"]"}
COMMAND: POST /session/80b25485da4cce0461fa749928cde446/elements - {"using":"xpath","value":"//button[@data-kt=\"contractDetailEditBtnButton\"]"}
RESULT: {"using":"xpath","value":"//button[@data-kt=\"contractDetailEditBtnButton\"]"}
COMMAND: POST /session/80b25485da4cce0461fa749928cde446/elements - {"using":"xpath","value":"//button[@data-kt=\"contractDetailEditBtnButton\"]"}
RESULT: {"using":"xpath","value":"//button[@data-kt=\"contractDetailEditBtnButton\"]"}
COMMAND: POST /session/80b25485da4cce0461fa749928cde446/elements - {"using":"xpath","value":"//button[@data-kt=\"contractDetailEditBtnButton\"]"}
RESULT: {"using":"xpath","value":"//button[@data-kt=\"contractDetailEditBtnButton\"]"}
COMMAND: POST /session/80b25485da4cce0461fa749928cde446/elements - {"using":"xpath","value":"//button[@data-kt=\"contractDetailEditBtnButton\"]"}
RESULT: {"using":"xpath","value":"//button[@data-kt=\"contractDetailEditBtnButton\"]"}
COMMAND: POST /session/80b25485da4cce0461fa749928cde446/elements - {"using":"xpath","value":"//button[@data-kt=\"contractDetailEditBtnButton\"]"}
RESULT: {"using":"xpath","value":"//button[@data-kt=\"contractDetailEditBtnButton\"]"}
COMMAND: POST /session/80b25485da4cce0461fa749928cde446/elements - {"using":"xpath","value":"//button[@data-kt=\"contractDetailEditBtnButton\"]"}
RESULT: {"using":"xpath","value":"//button[@data-kt=\"contractDetailEditBtnButton\"]"}
COMMAND: POST /session/80b25485da4cce0461fa749928cde446/elements - {"using":"xpath","value":"//button[@data-kt=\"contractDetailEditBtnButton\"]"}
RESULT: {"using":"xpath","value":"//button[@data-kt=\"contractDetailEditBtnButton\"]"}
COMMAND: POST /session/80b25485da4cce0461fa749928cde446/elements - {"using":"xpath","value":"//button[@data-kt=\"contractDetailEditBtnButton\"]"}
RESULT: {"using":"xpath","value":"//button[@data-kt=\"contractDetailEditBtnButton\"]"}
COMMAND: POST /session/80b25485da4cce0461fa749928cde446/elements - {"using":"xpath","value":"//button[@data-kt=\"contractDetailEditBtnButton\"]"}
RESULT: {"using":"xpath","value":"//button[@data-kt=\"contractDetailEditBtnButton\"]"}
COMMAND: POST /session/80b25485da4cce0461fa749928cde446/elements - {"using":"xpath","value":"//button[@data-kt=\"contractDetailEditBtnButton\"]"}
RESULT: {"using":"xpath","value":"//button[@data-kt=\"contractDetailEditBtnButton\"]"}
COMMAND: POST /session/80b25485da4cce0461fa749928cde446/elements - {"using":"xpath","value":"//button[@data-kt=\"contractDetailEditBtnButton\"]"}
RESULT: {"using":"xpath","value":"//button[@data-kt=\"contractDetailEditBtnButton\"]"}
COMMAND: POST /session/80b25485da4cce0461fa749928cde446/elements - {"using":"xpath","value":"//button[@data-kt=\"contractDetailEditBtnButton\"]"}
RESULT: {"using":"xpath","value":"//button[@data-kt=\"contractDetailEditBtnButton\"]"}
COMMAND: POST /session/80b25485da4cce0461fa749928cde446/elements - {"using":"xpath","value":"//button[@data-kt=\"contractDetailEditBtnButton\"]"}
RESULT: {"using":"xpath","value":"//button[@data-kt=\"contractDetailEditBtnButton\"]"}
COMMAND: POST /session/80b25485da4cce0461fa749928cde446/elements - {"using":"xpath","value":"//button[@data-kt=\"contractDetailEditBtnButton\"]"}
RESULT: {"using":"xpath","value":"//button[@data-kt=\"contractDetailEditBtnButton\"]"}
COMMAND: POST /session/80b25485da4cce0461fa749928cde446/elements - {"using":"xpath","value":"//button[@data-kt=\"contractDetailEditBtnButton\"]"}
RESULT: {"using":"xpath","value":"//button[@data-kt=\"contractDetailEditBtnButton\"]"}
COMMAND: POST /session/80b25485da4cce0461fa749928cde446/elements - {"using":"xpath","value":"//button[@data-kt=\"contractDetailEditBtnButton\"]"}
RESULT: {"using":"xpath","value":"//button[@data-kt=\"contractDetailEditBtnButton\"]"}
COMMAND: POST /session/80b25485da4cce0461fa749928cde446/elements - {"using":"xpath","value":"//button[@data-kt=\"contractDetailEditBtnButton\"]"}
RESULT: {"using":"xpath","value":"//button[@data-kt=\"contractDetailEditBtnButton\"]"}
COMMAND: POST /session/80b25485da4cce0461fa749928cde446/elements - {"using":"xpath","value":"//button[@data-kt=\"contractDetailEditBtnButton\"]"}
RESULT: {"using":"xpath","value":"//button[@data-kt=\"contractDetailEditBtnButton\"]"}
COMMAND: POST /session/80b25485da4cce0461fa749928cde446/elements - {"using":"xpath","value":"//button[@data-kt=\"contractDetailEditBtnButton\"]"}
RESULT: {"using":"xpath","value":"//button[@data-kt=\"contractDetailEditBtnButton\"]"}
COMMAND: POST /session/80b25485da4cce0461fa749928cde446/elements - {"using":"xpath","value":"//button[@data-kt=\"contractDetailEditBtnButton\"]"}
RESULT: {"using":"xpath","value":"//button[@data-kt=\"contractDetailEditBtnButton\"]"}
COMMAND: POST /session/80b25485da4cce0461fa749928cde446/elements - {"using":"xpath","value":"//button[@data-kt=\"contractDetailEditBtnButton\"]"}
RESULT: {"using":"xpath","value":"//button[@data-kt=\"contractDetailEditBtnButton\"]"}
COMMAND: POST /session/80b25485da4cce0461fa749928cde446/elements - {"using":"xpath","value":"//button[@data-kt=\"contractDetailEditBtnButton\"]"}
RESULT: {"using":"xpath","value":"//button[@data-kt=\"contractDetailEditBtnButton\"]"}
COMMAND: POST /session/80b25485da4cce0461fa749928cde446/elements - {"using":"xpath","value":"//button[@data-kt=\"contractDetailEditBtnButton\"]"}
RESULT: {"using":"xpath","value":"//button[@data-kt=\"contractDetailEditBtnButton\"]"}
COMMAND: POST /session/80b25485da4cce0461fa749928cde446/elements - {"using":"xpath","value":"//button[@data-kt=\"contractDetailEditBtnButton\"]"}
RESULT: {"using":"xpath","value":"//button[@data-kt=\"contractDetailEditBtnButton\"]"}
COMMAND: POST /session/80b25485da4cce0461fa749928cde446/elements - {"using":"xpath","value":"//button[@data-kt=\"contractDetailEditBtnButton\"]"}
RESULT: {"using":"xpath","value":"//button[@data-kt=\"contractDetailEditBtnButton\"]"}
COMMAND: POST /session/80b25485da4cce0461fa749928cde446/elements - {"using":"xpath","value":"//button[@data-kt=\"contractDetailEditBtnButton\"]"}
RESULT: {"using":"xpath","value":"//button[@data-kt=\"contractDetailEditBtnButton\"]"}
COMMAND: POST /session/80b25485da4cce0461fa749928cde446/elements - {"using":"xpath","value":"//button[@data-kt=\"contractDetailEditBtnButton\"]"}
RESULT: {"using":"xpath","value":"//button[@data-kt=\"contractDetailEditBtnButton\"]"}
COMMAND: POST /session/80b25485da4cce0461fa749928cde446/elements - {"using":"xpath","value":"//button[@data-kt=\"contractDetailEditBtnButton\"]"}
RESULT: {"using":"xpath","value":"//button[@data-kt=\"contractDetailEditBtnButton\"]"}
COMMAND: POST /session/80b25485da4cce0461fa749928cde446/elements - {"using":"xpath","value":"//button[@data-kt=\"contractDetailEditBtnButton\"]"}
RESULT: {"using":"xpath","value":"//button[@data-kt=\"contractDetailEditBtnButton\"]"}
COMMAND: POST /session/80b25485da4cce0461fa749928cde446/elements - {"using":"xpath","value":"//button[@data-kt=\"contractDetailEditBtnButton\"]"}
RESULT: {"using":"xpath","value":"//button[@data-kt=\"contractDetailEditBtnButton\"]"}
COMMAND: POST /session/80b25485da4cce0461fa749928cde446/elements - {"using":"xpath","value":"//button[@data-kt=\"contractDetailEditBtnButton\"]"}
RESULT: {"using":"xpath","value":"//button[@data-kt=\"contractDetailEditBtnButton\"]"}
COMMAND: POST /session/80b25485da4cce0461fa749928cde446/elements - {"using":"xpath","value":"//button[@data-kt=\"contractDetailEditBtnButton\"]"}
RESULT: {"using":"xpath","value":"//button[@data-kt=\"contractDetailEditBtnButton\"]"}
COMMAND: POST /session/80b25485da4cce0461fa749928cde446/elements - {"using":"xpath","value":"//button[@data-kt=\"contractDetailEditBtnButton\"]"}
RESULT: {"using":"xpath","value":"//button[@data-kt=\"contractDetailEditBtnButton\"]"}
COMMAND: GET /session/80b25485da4cce0461fa749928cde446/screenshot - {}
RESULT: {}
]]></system-out>
      <system-err><![CDATA[
Error: Can't call click on element with selector "//button[@data-kt="contractDetailEditBtnButton"]" because element wasn't found
    at async UtilsPrerequisites.addItemToContract (D:\a\1\s\test\specs\BTS\prerequisites-and-utils-functions.js:1852:9)
    at async Context.<anonymous> (D:\a\1\s\test\specs\HTR\return-from-site-w-warehouse-management-w-clarification.spec.js:78:9)
]]></system-err>
    </testcase>
    <testcase classname="chrome.136_0_7103_93.windows.Return_from_Site_w/_warehouse_management_w_clarification" name="Should provide to site" time="60.383">
      <failure/>
      <error message="Can't call click on element with selector &quot;//button[@data-kt=&quot;provideButton&quot;]&quot; because element wasn't found"/>
      <system-out><![CDATA[
COMMAND: POST /session/80b25485da4cce0461fa749928cde446/element - {"using":"xpath","value":"//button[@data-kt=\"provideButton\"]"}
COMMAND: GET /session/80b25485da4cce0461fa749928cde446/screenshot - {}
RESULT: {"using":"xpath","value":"//button[@data-kt=\"provideButton\"]"}
COMMAND: POST /session/80b25485da4cce0461fa749928cde446/elements - {"using":"xpath","value":"//button[@data-kt=\"provideButton\"]"}
RESULT: {}
RESULT: {"using":"xpath","value":"//button[@data-kt=\"provideButton\"]"}
COMMAND: POST /session/80b25485da4cce0461fa749928cde446/elements - {"using":"xpath","value":"//button[@data-kt=\"provideButton\"]"}
RESULT: {"using":"xpath","value":"//button[@data-kt=\"provideButton\"]"}
COMMAND: POST /session/80b25485da4cce0461fa749928cde446/elements - {"using":"xpath","value":"//button[@data-kt=\"provideButton\"]"}
RESULT: {"using":"xpath","value":"//button[@data-kt=\"provideButton\"]"}
COMMAND: POST /session/80b25485da4cce0461fa749928cde446/elements - {"using":"xpath","value":"//button[@data-kt=\"provideButton\"]"}
RESULT: {"using":"xpath","value":"//button[@data-kt=\"provideButton\"]"}
COMMAND: POST /session/80b25485da4cce0461fa749928cde446/elements - {"using":"xpath","value":"//button[@data-kt=\"provideButton\"]"}
RESULT: {"using":"xpath","value":"//button[@data-kt=\"provideButton\"]"}
COMMAND: POST /session/80b25485da4cce0461fa749928cde446/elements - {"using":"xpath","value":"//button[@data-kt=\"provideButton\"]"}
RESULT: {"using":"xpath","value":"//button[@data-kt=\"provideButton\"]"}
COMMAND: POST /session/80b25485da4cce0461fa749928cde446/elements - {"using":"xpath","value":"//button[@data-kt=\"provideButton\"]"}
RESULT: {"using":"xpath","value":"//button[@data-kt=\"provideButton\"]"}
COMMAND: POST /session/80b25485da4cce0461fa749928cde446/elements - {"using":"xpath","value":"//button[@data-kt=\"provideButton\"]"}
RESULT: {"using":"xpath","value":"//button[@data-kt=\"provideButton\"]"}
COMMAND: POST /session/80b25485da4cce0461fa749928cde446/elements - {"using":"xpath","value":"//button[@data-kt=\"provideButton\"]"}
RESULT: {"using":"xpath","value":"//button[@data-kt=\"provideButton\"]"}
COMMAND: POST /session/80b25485da4cce0461fa749928cde446/elements - {"using":"xpath","value":"//button[@data-kt=\"provideButton\"]"}
RESULT: {"using":"xpath","value":"//button[@data-kt=\"provideButton\"]"}
COMMAND: POST /session/80b25485da4cce0461fa749928cde446/elements - {"using":"xpath","value":"//button[@data-kt=\"provideButton\"]"}
RESULT: {"using":"xpath","value":"//button[@data-kt=\"provideButton\"]"}
COMMAND: POST /session/80b25485da4cce0461fa749928cde446/elements - {"using":"xpath","value":"//button[@data-kt=\"provideButton\"]"}
RESULT: {"using":"xpath","value":"//button[@data-kt=\"provideButton\"]"}
COMMAND: POST /session/80b25485da4cce0461fa749928cde446/elements - {"using":"xpath","value":"//button[@data-kt=\"provideButton\"]"}
RESULT: {"using":"xpath","value":"//button[@data-kt=\"provideButton\"]"}
COMMAND: POST /session/80b25485da4cce0461fa749928cde446/elements - {"using":"xpath","value":"//button[@data-kt=\"provideButton\"]"}
RESULT: {"using":"xpath","value":"//button[@data-kt=\"provideButton\"]"}
COMMAND: POST /session/80b25485da4cce0461fa749928cde446/elements - {"using":"xpath","value":"//button[@data-kt=\"provideButton\"]"}
RESULT: {"using":"xpath","value":"//button[@data-kt=\"provideButton\"]"}
COMMAND: POST /session/80b25485da4cce0461fa749928cde446/elements - {"using":"xpath","value":"//button[@data-kt=\"provideButton\"]"}
RESULT: {"using":"xpath","value":"//button[@data-kt=\"provideButton\"]"}
COMMAND: POST /session/80b25485da4cce0461fa749928cde446/elements - {"using":"xpath","value":"//button[@data-kt=\"provideButton\"]"}
RESULT: {"using":"xpath","value":"//button[@data-kt=\"provideButton\"]"}
COMMAND: POST /session/80b25485da4cce0461fa749928cde446/elements - {"using":"xpath","value":"//button[@data-kt=\"provideButton\"]"}
RESULT: {"using":"xpath","value":"//button[@data-kt=\"provideButton\"]"}
COMMAND: POST /session/80b25485da4cce0461fa749928cde446/elements - {"using":"xpath","value":"//button[@data-kt=\"provideButton\"]"}
RESULT: {"using":"xpath","value":"//button[@data-kt=\"provideButton\"]"}
COMMAND: POST /session/80b25485da4cce0461fa749928cde446/elements - {"using":"xpath","value":"//button[@data-kt=\"provideButton\"]"}
RESULT: {"using":"xpath","value":"//button[@data-kt=\"provideButton\"]"}
COMMAND: POST /session/80b25485da4cce0461fa749928cde446/elements - {"using":"xpath","value":"//button[@data-kt=\"provideButton\"]"}
RESULT: {"using":"xpath","value":"//button[@data-kt=\"provideButton\"]"}
COMMAND: POST /session/80b25485da4cce0461fa749928cde446/elements - {"using":"xpath","value":"//button[@data-kt=\"provideButton\"]"}
RESULT: {"using":"xpath","value":"//button[@data-kt=\"provideButton\"]"}
COMMAND: POST /session/80b25485da4cce0461fa749928cde446/elements - {"using":"xpath","value":"//button[@data-kt=\"provideButton\"]"}
RESULT: {"using":"xpath","value":"//button[@data-kt=\"provideButton\"]"}
COMMAND: POST /session/80b25485da4cce0461fa749928cde446/elements - {"using":"xpath","value":"//button[@data-kt=\"provideButton\"]"}
RESULT: {"using":"xpath","value":"//button[@data-kt=\"provideButton\"]"}
COMMAND: POST /session/80b25485da4cce0461fa749928cde446/elements - {"using":"xpath","value":"//button[@data-kt=\"provideButton\"]"}
RESULT: {"using":"xpath","value":"//button[@data-kt=\"provideButton\"]"}
COMMAND: POST /session/80b25485da4cce0461fa749928cde446/elements - {"using":"xpath","value":"//button[@data-kt=\"provideButton\"]"}
RESULT: {"using":"xpath","value":"//button[@data-kt=\"provideButton\"]"}
COMMAND: POST /session/80b25485da4cce0461fa749928cde446/elements - {"using":"xpath","value":"//button[@data-kt=\"provideButton\"]"}
RESULT: {"using":"xpath","value":"//button[@data-kt=\"provideButton\"]"}
COMMAND: POST /session/80b25485da4cce0461fa749928cde446/elements - {"using":"xpath","value":"//button[@data-kt=\"provideButton\"]"}
RESULT: {"using":"xpath","value":"//button[@data-kt=\"provideButton\"]"}
COMMAND: POST /session/80b25485da4cce0461fa749928cde446/elements - {"using":"xpath","value":"//button[@data-kt=\"provideButton\"]"}
RESULT: {"using":"xpath","value":"//button[@data-kt=\"provideButton\"]"}
COMMAND: POST /session/80b25485da4cce0461fa749928cde446/elements - {"using":"xpath","value":"//button[@data-kt=\"provideButton\"]"}
RESULT: {"using":"xpath","value":"//button[@data-kt=\"provideButton\"]"}
COMMAND: POST /session/80b25485da4cce0461fa749928cde446/elements - {"using":"xpath","value":"//button[@data-kt=\"provideButton\"]"}
RESULT: {"using":"xpath","value":"//button[@data-kt=\"provideButton\"]"}
COMMAND: POST /session/80b25485da4cce0461fa749928cde446/elements - {"using":"xpath","value":"//button[@data-kt=\"provideButton\"]"}
RESULT: {"using":"xpath","value":"//button[@data-kt=\"provideButton\"]"}
COMMAND: POST /session/80b25485da4cce0461fa749928cde446/elements - {"using":"xpath","value":"//button[@data-kt=\"provideButton\"]"}
RESULT: {"using":"xpath","value":"//button[@data-kt=\"provideButton\"]"}
COMMAND: POST /session/80b25485da4cce0461fa749928cde446/elements - {"using":"xpath","value":"//button[@data-kt=\"provideButton\"]"}
RESULT: {"using":"xpath","value":"//button[@data-kt=\"provideButton\"]"}
COMMAND: POST /session/80b25485da4cce0461fa749928cde446/elements - {"using":"xpath","value":"//button[@data-kt=\"provideButton\"]"}
RESULT: {"using":"xpath","value":"//button[@data-kt=\"provideButton\"]"}
COMMAND: POST /session/80b25485da4cce0461fa749928cde446/elements - {"using":"xpath","value":"//button[@data-kt=\"provideButton\"]"}
RESULT: {"using":"xpath","value":"//button[@data-kt=\"provideButton\"]"}
COMMAND: POST /session/80b25485da4cce0461fa749928cde446/elements - {"using":"xpath","value":"//button[@data-kt=\"provideButton\"]"}
RESULT: {"using":"xpath","value":"//button[@data-kt=\"provideButton\"]"}
COMMAND: POST /session/80b25485da4cce0461fa749928cde446/elements - {"using":"xpath","value":"//button[@data-kt=\"provideButton\"]"}
RESULT: {"using":"xpath","value":"//button[@data-kt=\"provideButton\"]"}
COMMAND: POST /session/80b25485da4cce0461fa749928cde446/elements - {"using":"xpath","value":"//button[@data-kt=\"provideButton\"]"}
RESULT: {"using":"xpath","value":"//button[@data-kt=\"provideButton\"]"}
COMMAND: POST /session/80b25485da4cce0461fa749928cde446/elements - {"using":"xpath","value":"//button[@data-kt=\"provideButton\"]"}
RESULT: {"using":"xpath","value":"//button[@data-kt=\"provideButton\"]"}
COMMAND: POST /session/80b25485da4cce0461fa749928cde446/elements - {"using":"xpath","value":"//button[@data-kt=\"provideButton\"]"}
RESULT: {"using":"xpath","value":"//button[@data-kt=\"provideButton\"]"}
COMMAND: POST /session/80b25485da4cce0461fa749928cde446/elements - {"using":"xpath","value":"//button[@data-kt=\"provideButton\"]"}
RESULT: {"using":"xpath","value":"//button[@data-kt=\"provideButton\"]"}
COMMAND: POST /session/80b25485da4cce0461fa749928cde446/elements - {"using":"xpath","value":"//button[@data-kt=\"provideButton\"]"}
RESULT: {"using":"xpath","value":"//button[@data-kt=\"provideButton\"]"}
COMMAND: POST /session/80b25485da4cce0461fa749928cde446/elements - {"using":"xpath","value":"//button[@data-kt=\"provideButton\"]"}
RESULT: {"using":"xpath","value":"//button[@data-kt=\"provideButton\"]"}
COMMAND: POST /session/80b25485da4cce0461fa749928cde446/elements - {"using":"xpath","value":"//button[@data-kt=\"provideButton\"]"}
RESULT: {"using":"xpath","value":"//button[@data-kt=\"provideButton\"]"}
COMMAND: POST /session/80b25485da4cce0461fa749928cde446/elements - {"using":"xpath","value":"//button[@data-kt=\"provideButton\"]"}
RESULT: {"using":"xpath","value":"//button[@data-kt=\"provideButton\"]"}
COMMAND: POST /session/80b25485da4cce0461fa749928cde446/elements - {"using":"xpath","value":"//button[@data-kt=\"provideButton\"]"}
RESULT: {"using":"xpath","value":"//button[@data-kt=\"provideButton\"]"}
COMMAND: POST /session/80b25485da4cce0461fa749928cde446/elements - {"using":"xpath","value":"//button[@data-kt=\"provideButton\"]"}
RESULT: {"using":"xpath","value":"//button[@data-kt=\"provideButton\"]"}
COMMAND: POST /session/80b25485da4cce0461fa749928cde446/elements - {"using":"xpath","value":"//button[@data-kt=\"provideButton\"]"}
RESULT: {"using":"xpath","value":"//button[@data-kt=\"provideButton\"]"}
COMMAND: POST /session/80b25485da4cce0461fa749928cde446/elements - {"using":"xpath","value":"//button[@data-kt=\"provideButton\"]"}
RESULT: {"using":"xpath","value":"//button[@data-kt=\"provideButton\"]"}
COMMAND: POST /session/80b25485da4cce0461fa749928cde446/elements - {"using":"xpath","value":"//button[@data-kt=\"provideButton\"]"}
RESULT: {"using":"xpath","value":"//button[@data-kt=\"provideButton\"]"}
COMMAND: POST /session/80b25485da4cce0461fa749928cde446/elements - {"using":"xpath","value":"//button[@data-kt=\"provideButton\"]"}
RESULT: {"using":"xpath","value":"//button[@data-kt=\"provideButton\"]"}
COMMAND: POST /session/80b25485da4cce0461fa749928cde446/elements - {"using":"xpath","value":"//button[@data-kt=\"provideButton\"]"}
RESULT: {"using":"xpath","value":"//button[@data-kt=\"provideButton\"]"}
COMMAND: POST /session/80b25485da4cce0461fa749928cde446/elements - {"using":"xpath","value":"//button[@data-kt=\"provideButton\"]"}
RESULT: {"using":"xpath","value":"//button[@data-kt=\"provideButton\"]"}
COMMAND: POST /session/80b25485da4cce0461fa749928cde446/elements - {"using":"xpath","value":"//button[@data-kt=\"provideButton\"]"}
RESULT: {"using":"xpath","value":"//button[@data-kt=\"provideButton\"]"}
COMMAND: POST /session/80b25485da4cce0461fa749928cde446/elements - {"using":"xpath","value":"//button[@data-kt=\"provideButton\"]"}
RESULT: {"using":"xpath","value":"//button[@data-kt=\"provideButton\"]"}
COMMAND: POST /session/80b25485da4cce0461fa749928cde446/elements - {"using":"xpath","value":"//button[@data-kt=\"provideButton\"]"}
RESULT: {"using":"xpath","value":"//button[@data-kt=\"provideButton\"]"}
COMMAND: POST /session/80b25485da4cce0461fa749928cde446/elements - {"using":"xpath","value":"//button[@data-kt=\"provideButton\"]"}
RESULT: {"using":"xpath","value":"//button[@data-kt=\"provideButton\"]"}
COMMAND: POST /session/80b25485da4cce0461fa749928cde446/elements - {"using":"xpath","value":"//button[@data-kt=\"provideButton\"]"}
RESULT: {"using":"xpath","value":"//button[@data-kt=\"provideButton\"]"}
COMMAND: POST /session/80b25485da4cce0461fa749928cde446/elements - {"using":"xpath","value":"//button[@data-kt=\"provideButton\"]"}
RESULT: {"using":"xpath","value":"//button[@data-kt=\"provideButton\"]"}
COMMAND: POST /session/80b25485da4cce0461fa749928cde446/elements - {"using":"xpath","value":"//button[@data-kt=\"provideButton\"]"}
RESULT: {"using":"xpath","value":"//button[@data-kt=\"provideButton\"]"}
COMMAND: POST /session/80b25485da4cce0461fa749928cde446/elements - {"using":"xpath","value":"//button[@data-kt=\"provideButton\"]"}
RESULT: {"using":"xpath","value":"//button[@data-kt=\"provideButton\"]"}
COMMAND: POST /session/80b25485da4cce0461fa749928cde446/elements - {"using":"xpath","value":"//button[@data-kt=\"provideButton\"]"}
RESULT: {"using":"xpath","value":"//button[@data-kt=\"provideButton\"]"}
COMMAND: POST /session/80b25485da4cce0461fa749928cde446/elements - {"using":"xpath","value":"//button[@data-kt=\"provideButton\"]"}
RESULT: {"using":"xpath","value":"//button[@data-kt=\"provideButton\"]"}
COMMAND: POST /session/80b25485da4cce0461fa749928cde446/elements - {"using":"xpath","value":"//button[@data-kt=\"provideButton\"]"}
RESULT: {"using":"xpath","value":"//button[@data-kt=\"provideButton\"]"}
COMMAND: POST /session/80b25485da4cce0461fa749928cde446/elements - {"using":"xpath","value":"//button[@data-kt=\"provideButton\"]"}
RESULT: {"using":"xpath","value":"//button[@data-kt=\"provideButton\"]"}
COMMAND: POST /session/80b25485da4cce0461fa749928cde446/elements - {"using":"xpath","value":"//button[@data-kt=\"provideButton\"]"}
RESULT: {"using":"xpath","value":"//button[@data-kt=\"provideButton\"]"}
COMMAND: POST /session/80b25485da4cce0461fa749928cde446/elements - {"using":"xpath","value":"//button[@data-kt=\"provideButton\"]"}
RESULT: {"using":"xpath","value":"//button[@data-kt=\"provideButton\"]"}
COMMAND: POST /session/80b25485da4cce0461fa749928cde446/elements - {"using":"xpath","value":"//button[@data-kt=\"provideButton\"]"}
RESULT: {"using":"xpath","value":"//button[@data-kt=\"provideButton\"]"}
COMMAND: POST /session/80b25485da4cce0461fa749928cde446/elements - {"using":"xpath","value":"//button[@data-kt=\"provideButton\"]"}
RESULT: {"using":"xpath","value":"//button[@data-kt=\"provideButton\"]"}
COMMAND: POST /session/80b25485da4cce0461fa749928cde446/elements - {"using":"xpath","value":"//button[@data-kt=\"provideButton\"]"}
RESULT: {"using":"xpath","value":"//button[@data-kt=\"provideButton\"]"}
COMMAND: POST /session/80b25485da4cce0461fa749928cde446/elements - {"using":"xpath","value":"//button[@data-kt=\"provideButton\"]"}
RESULT: {"using":"xpath","value":"//button[@data-kt=\"provideButton\"]"}
COMMAND: POST /session/80b25485da4cce0461fa749928cde446/elements - {"using":"xpath","value":"//button[@data-kt=\"provideButton\"]"}
RESULT: {"using":"xpath","value":"//button[@data-kt=\"provideButton\"]"}
COMMAND: POST /session/80b25485da4cce0461fa749928cde446/elements - {"using":"xpath","value":"//button[@data-kt=\"provideButton\"]"}
RESULT: {"using":"xpath","value":"//button[@data-kt=\"provideButton\"]"}
COMMAND: POST /session/80b25485da4cce0461fa749928cde446/elements - {"using":"xpath","value":"//button[@data-kt=\"provideButton\"]"}
RESULT: {"using":"xpath","value":"//button[@data-kt=\"provideButton\"]"}
COMMAND: POST /session/80b25485da4cce0461fa749928cde446/elements - {"using":"xpath","value":"//button[@data-kt=\"provideButton\"]"}
RESULT: {"using":"xpath","value":"//button[@data-kt=\"provideButton\"]"}
COMMAND: POST /session/80b25485da4cce0461fa749928cde446/elements - {"using":"xpath","value":"//button[@data-kt=\"provideButton\"]"}
RESULT: {"using":"xpath","value":"//button[@data-kt=\"provideButton\"]"}
COMMAND: POST /session/80b25485da4cce0461fa749928cde446/elements - {"using":"xpath","value":"//button[@data-kt=\"provideButton\"]"}
RESULT: {"using":"xpath","value":"//button[@data-kt=\"provideButton\"]"}
COMMAND: POST /session/80b25485da4cce0461fa749928cde446/elements - {"using":"xpath","value":"//button[@data-kt=\"provideButton\"]"}
RESULT: {"using":"xpath","value":"//button[@data-kt=\"provideButton\"]"}
COMMAND: POST /session/80b25485da4cce0461fa749928cde446/elements - {"using":"xpath","value":"//button[@data-kt=\"provideButton\"]"}
RESULT: {"using":"xpath","value":"//button[@data-kt=\"provideButton\"]"}
COMMAND: POST /session/80b25485da4cce0461fa749928cde446/elements - {"using":"xpath","value":"//button[@data-kt=\"provideButton\"]"}
RESULT: {"using":"xpath","value":"//button[@data-kt=\"provideButton\"]"}
COMMAND: POST /session/80b25485da4cce0461fa749928cde446/elements - {"using":"xpath","value":"//button[@data-kt=\"provideButton\"]"}
RESULT: {"using":"xpath","value":"//button[@data-kt=\"provideButton\"]"}
COMMAND: POST /session/80b25485da4cce0461fa749928cde446/elements - {"using":"xpath","value":"//button[@data-kt=\"provideButton\"]"}
RESULT: {"using":"xpath","value":"//button[@data-kt=\"provideButton\"]"}
COMMAND: POST /session/80b25485da4cce0461fa749928cde446/elements - {"using":"xpath","value":"//button[@data-kt=\"provideButton\"]"}
RESULT: {"using":"xpath","value":"//button[@data-kt=\"provideButton\"]"}
COMMAND: POST /session/80b25485da4cce0461fa749928cde446/elements - {"using":"xpath","value":"//button[@data-kt=\"provideButton\"]"}
RESULT: {"using":"xpath","value":"//button[@data-kt=\"provideButton\"]"}
COMMAND: POST /session/80b25485da4cce0461fa749928cde446/elements - {"using":"xpath","value":"//button[@data-kt=\"provideButton\"]"}
RESULT: {"using":"xpath","value":"//button[@data-kt=\"provideButton\"]"}
COMMAND: POST /session/80b25485da4cce0461fa749928cde446/elements - {"using":"xpath","value":"//button[@data-kt=\"provideButton\"]"}
RESULT: {"using":"xpath","value":"//button[@data-kt=\"provideButton\"]"}
COMMAND: POST /session/80b25485da4cce0461fa749928cde446/elements - {"using":"xpath","value":"//button[@data-kt=\"provideButton\"]"}
RESULT: {"using":"xpath","value":"//button[@data-kt=\"provideButton\"]"}
COMMAND: POST /session/80b25485da4cce0461fa749928cde446/elements - {"using":"xpath","value":"//button[@data-kt=\"provideButton\"]"}
RESULT: {"using":"xpath","value":"//button[@data-kt=\"provideButton\"]"}
COMMAND: POST /session/80b25485da4cce0461fa749928cde446/elements - {"using":"xpath","value":"//button[@data-kt=\"provideButton\"]"}
RESULT: {"using":"xpath","value":"//button[@data-kt=\"provideButton\"]"}
COMMAND: POST /session/80b25485da4cce0461fa749928cde446/elements - {"using":"xpath","value":"//button[@data-kt=\"provideButton\"]"}
RESULT: {"using":"xpath","value":"//button[@data-kt=\"provideButton\"]"}
COMMAND: POST /session/80b25485da4cce0461fa749928cde446/elements - {"using":"xpath","value":"//button[@data-kt=\"provideButton\"]"}
RESULT: {"using":"xpath","value":"//button[@data-kt=\"provideButton\"]"}
COMMAND: POST /session/80b25485da4cce0461fa749928cde446/elements - {"using":"xpath","value":"//button[@data-kt=\"provideButton\"]"}
RESULT: {"using":"xpath","value":"//button[@data-kt=\"provideButton\"]"}
COMMAND: POST /session/80b25485da4cce0461fa749928cde446/elements - {"using":"xpath","value":"//button[@data-kt=\"provideButton\"]"}
RESULT: {"using":"xpath","value":"//button[@data-kt=\"provideButton\"]"}
COMMAND: POST /session/80b25485da4cce0461fa749928cde446/elements - {"using":"xpath","value":"//button[@data-kt=\"provideButton\"]"}
RESULT: {"using":"xpath","value":"//button[@data-kt=\"provideButton\"]"}
COMMAND: POST /session/80b25485da4cce0461fa749928cde446/elements - {"using":"xpath","value":"//button[@data-kt=\"provideButton\"]"}
RESULT: {"using":"xpath","value":"//button[@data-kt=\"provideButton\"]"}
COMMAND: POST /session/80b25485da4cce0461fa749928cde446/elements - {"using":"xpath","value":"//button[@data-kt=\"provideButton\"]"}
RESULT: {"using":"xpath","value":"//button[@data-kt=\"provideButton\"]"}
COMMAND: POST /session/80b25485da4cce0461fa749928cde446/elements - {"using":"xpath","value":"//button[@data-kt=\"provideButton\"]"}
RESULT: {"using":"xpath","value":"//button[@data-kt=\"provideButton\"]"}
COMMAND: POST /session/80b25485da4cce0461fa749928cde446/elements - {"using":"xpath","value":"//button[@data-kt=\"provideButton\"]"}
RESULT: {"using":"xpath","value":"//button[@data-kt=\"provideButton\"]"}
COMMAND: POST /session/80b25485da4cce0461fa749928cde446/elements - {"using":"xpath","value":"//button[@data-kt=\"provideButton\"]"}
RESULT: {"using":"xpath","value":"//button[@data-kt=\"provideButton\"]"}
COMMAND: POST /session/80b25485da4cce0461fa749928cde446/elements - {"using":"xpath","value":"//button[@data-kt=\"provideButton\"]"}
RESULT: {"using":"xpath","value":"//button[@data-kt=\"provideButton\"]"}
COMMAND: POST /session/80b25485da4cce0461fa749928cde446/elements - {"using":"xpath","value":"//button[@data-kt=\"provideButton\"]"}
RESULT: {"using":"xpath","value":"//button[@data-kt=\"provideButton\"]"}
COMMAND: POST /session/80b25485da4cce0461fa749928cde446/elements - {"using":"xpath","value":"//button[@data-kt=\"provideButton\"]"}
RESULT: {"using":"xpath","value":"//button[@data-kt=\"provideButton\"]"}
COMMAND: POST /session/80b25485da4cce0461fa749928cde446/elements - {"using":"xpath","value":"//button[@data-kt=\"provideButton\"]"}
RESULT: {"using":"xpath","value":"//button[@data-kt=\"provideButton\"]"}
COMMAND: POST /session/80b25485da4cce0461fa749928cde446/elements - {"using":"xpath","value":"//button[@data-kt=\"provideButton\"]"}
RESULT: {"using":"xpath","value":"//button[@data-kt=\"provideButton\"]"}
COMMAND: POST /session/80b25485da4cce0461fa749928cde446/elements - {"using":"xpath","value":"//button[@data-kt=\"provideButton\"]"}
RESULT: {"using":"xpath","value":"//button[@data-kt=\"provideButton\"]"}
COMMAND: POST /session/80b25485da4cce0461fa749928cde446/elements - {"using":"xpath","value":"//button[@data-kt=\"provideButton\"]"}
RESULT: {"using":"xpath","value":"//button[@data-kt=\"provideButton\"]"}
COMMAND: POST /session/80b25485da4cce0461fa749928cde446/elements - {"using":"xpath","value":"//button[@data-kt=\"provideButton\"]"}
RESULT: {"using":"xpath","value":"//button[@data-kt=\"provideButton\"]"}
COMMAND: POST /session/80b25485da4cce0461fa749928cde446/elements - {"using":"xpath","value":"//button[@data-kt=\"provideButton\"]"}
RESULT: {"using":"xpath","value":"//button[@data-kt=\"provideButton\"]"}
COMMAND: POST /session/80b25485da4cce0461fa749928cde446/elements - {"using":"xpath","value":"//button[@data-kt=\"provideButton\"]"}
RESULT: {"using":"xpath","value":"//button[@data-kt=\"provideButton\"]"}
COMMAND: POST /session/80b25485da4cce0461fa749928cde446/elements - {"using":"xpath","value":"//button[@data-kt=\"provideButton\"]"}
RESULT: {"using":"xpath","value":"//button[@data-kt=\"provideButton\"]"}
COMMAND: POST /session/80b25485da4cce0461fa749928cde446/elements - {"using":"xpath","value":"//button[@data-kt=\"provideButton\"]"}
RESULT: {"using":"xpath","value":"//button[@data-kt=\"provideButton\"]"}
COMMAND: POST /session/80b25485da4cce0461fa749928cde446/elements - {"using":"xpath","value":"//button[@data-kt=\"provideButton\"]"}
RESULT: {"using":"xpath","value":"//button[@data-kt=\"provideButton\"]"}
COMMAND: POST /session/80b25485da4cce0461fa749928cde446/elements - {"using":"xpath","value":"//button[@data-kt=\"provideButton\"]"}
RESULT: {"using":"xpath","value":"//button[@data-kt=\"provideButton\"]"}
COMMAND: POST /session/80b25485da4cce0461fa749928cde446/elements - {"using":"xpath","value":"//button[@data-kt=\"provideButton\"]"}
RESULT: {"using":"xpath","value":"//button[@data-kt=\"provideButton\"]"}
COMMAND: POST /session/80b25485da4cce0461fa749928cde446/elements - {"using":"xpath","value":"//button[@data-kt=\"provideButton\"]"}
RESULT: {"using":"xpath","value":"//button[@data-kt=\"provideButton\"]"}
COMMAND: POST /session/80b25485da4cce0461fa749928cde446/elements - {"using":"xpath","value":"//button[@data-kt=\"provideButton\"]"}
RESULT: {"using":"xpath","value":"//button[@data-kt=\"provideButton\"]"}
COMMAND: POST /session/80b25485da4cce0461fa749928cde446/elements - {"using":"xpath","value":"//button[@data-kt=\"provideButton\"]"}
RESULT: {"using":"xpath","value":"//button[@data-kt=\"provideButton\"]"}
COMMAND: POST /session/80b25485da4cce0461fa749928cde446/elements - {"using":"xpath","value":"//button[@data-kt=\"provideButton\"]"}
RESULT: {"using":"xpath","value":"//button[@data-kt=\"provideButton\"]"}
COMMAND: POST /session/80b25485da4cce0461fa749928cde446/elements - {"using":"xpath","value":"//button[@data-kt=\"provideButton\"]"}
RESULT: {"using":"xpath","value":"//button[@data-kt=\"provideButton\"]"}
COMMAND: POST /session/80b25485da4cce0461fa749928cde446/elements - {"using":"xpath","value":"//button[@data-kt=\"provideButton\"]"}
COMMAND: GET /session/80b25485da4cce0461fa749928cde446/screenshot - {}
RESULT: {"using":"xpath","value":"//button[@data-kt=\"provideButton\"]"}
RESULT: {}
]]></system-out>
      <system-err><![CDATA[
Error: Can't call click on element with selector "//button[@data-kt="provideButton"]" because element wasn't found
    at async Context.<anonymous> (D:\a\1\s\test\specs\HTR\return-from-site-w-warehouse-management-w-clarification.spec.js:83:9)
]]></system-err>
    </testcase>
    <testcase classname="chrome.136_0_7103_93.windows.Return_from_Site_w/_warehouse_management_w_clarification" name="Should test for Handover Execution" time="78.737">
      <failure/>
      <error message="element (&quot;//section[contains(@id,&quot;FC-NoHead&quot;)]/div[1]/div[5]/div[2]/span&quot;) still not existing after 45000ms"/>
      <system-out><![CDATA[
COMMAND: GET /session/80b25485da4cce0461fa749928cde446/screenshot - {}
COMMAND: POST /session/80b25485da4cce0461fa749928cde446/execute/async - {"script":"<script> [1562 bytes]","args":[{"selector":{"controlType":"sap.m.Link","viewName":"etm.portal.ui.managehandovers.view.DetailExecuteHO","bindingPath":{"path":"","propertyPath":"/wmDoc","modelName":"warehouseMovModel"}},"wdio_ui5_key":"etmportal.ui.managehandovers.view.DetailExecuteHOsap.m.Link{\"path\":\"\",\"propertyPath\":\"/wmDoc\",\"modelName\":\"warehouseMovModel\"}"}]}
RESULT: {"script":"<script> [1562 bytes]","args":[{"selector":{"controlType":"sap.m.Link","viewName":"etm.portal.ui.managehandovers.view.DetailExecuteHO","bindingPath":{"path":"","propertyPath":"/wmDoc","modelName":"warehouseMovModel"}},"wdio_ui5_key":"etmportal.ui.managehandovers.view.DetailExecuteHOsap.m.Link{\"path\":\"\",\"propertyPath\":\"/wmDoc\",\"modelName\":\"warehouseMovModel\"}"}]}
RESULT: undefined
RESULT: {}
COMMAND: POST /session/80b25485da4cce0461fa749928cde446/execute/async - {"script":"<script> [1562 bytes]","args":[{"selector":{"controlType":"sap.m.Link","viewName":"etm.portal.ui.managehandovers.view.DetailExecuteHO","properties":{"text":"Warehouse Overview"},"searchOpenDialogs":true},"wdio_ui5_key":"etmportal.ui.managehandovers.view.DetailExecuteHOsap.m.Link{\"text\":\"Warehouse Overview\"}"}]}
RESULT: {"script":"<script> [1562 bytes]","args":[{"selector":{"controlType":"sap.m.Link","viewName":"etm.portal.ui.managehandovers.view.DetailExecuteHO","properties":{"text":"Warehouse Overview"},"searchOpenDialogs":true},"wdio_ui5_key":"etmportal.ui.managehandovers.view.DetailExecuteHOsap.m.Link{\"text\":\"Warehouse Overview\"}"}]}
RESULT: undefined
COMMAND: POST /session/80b25485da4cce0461fa749928cde446/execute/async - {"script":"<script> [1562 bytes]","args":[{"selector":{"controlType":"sap.m.Button","viewName":"etm.portal.ui.warehousemovements.view.DisplayMovement","viewId":"application-warehousemovements-display-component---displayMovement","i18NText":{"propertyName":"text","key":"execution"},"interaction":{"idSuffix":"BDI-content"}},"wdio_ui5_key":"etmportal.ui.warehousemovements.view.DisplayMovementsap.m.Button{\"propertyName\":\"text\",\"key\":\"execution\"}"}]}
RESULT: {"script":"<script> [1562 bytes]","args":[{"selector":{"controlType":"sap.m.Button","viewName":"etm.portal.ui.warehousemovements.view.DisplayMovement","viewId":"application-warehousemovements-display-component---displayMovement","i18NText":{"propertyName":"text","key":"execution"},"interaction":{"idSuffix":"BDI-content"}},"wdio_ui5_key":"etmportal.ui.warehousemovements.view.DisplayMovementsap.m.Button{\"propertyName\":\"text\",\"key\":\"execution\"}"}]}
RESULT: undefined
COMMAND: POST /session/80b25485da4cce0461fa749928cde446/execute/async - {"script":"<script> [1562 bytes]","args":[{"selector":{"controlType":"sap.m.Button","viewName":"etm.portal.ui.warehousemovements.view.ExecuteMovement","viewId":"application-warehousemovements-display-component---executeMovement","properties":{"text":"Items"},"interaction":{"idSuffix":"BDI-content"}},"wdio_ui5_key":"etmportal.ui.warehousemovements.view.ExecuteMovementsap.m.Button{\"text\":\"Items\"}"}]}
RESULT: {"script":"<script> [1562 bytes]","args":[{"selector":{"controlType":"sap.m.Button","viewName":"etm.portal.ui.warehousemovements.view.ExecuteMovement","viewId":"application-warehousemovements-display-component---executeMovement","properties":{"text":"Items"},"interaction":{"idSuffix":"BDI-content"}},"wdio_ui5_key":"etmportal.ui.warehousemovements.view.ExecuteMovementsap.m.Button{\"text\":\"Items\"}"}]}
RESULT: undefined
COMMAND: POST /session/80b25485da4cce0461fa749928cde446/execute/async - {"script":"<script> [1562 bytes]","args":[{"selector":{"controlType":"sap.m.ToggleButton","viewName":"etm.portal.ui.warehousemovements.view.ExecuteMovement","viewId":"application-warehousemovements-display-component---executeMovement","bindingPath":{"propertyPath":"STATUS","modelName":"catalogModel"},"interaction":{"idSuffix":"BDI-content"}},"wdio_ui5_key":"etmportal.ui.warehousemovements.view.ExecuteMovementsap.m.ToggleButton{\"propertyPath\":\"STATUS\",\"modelName\":\"catalogModel\"}"}]}
RESULT: {"script":"<script> [1562 bytes]","args":[{"selector":{"controlType":"sap.m.ToggleButton","viewName":"etm.portal.ui.warehousemovements.view.ExecuteMovement","viewId":"application-warehousemovements-display-component---executeMovement","bindingPath":{"propertyPath":"STATUS","modelName":"catalogModel"},"interaction":{"idSuffix":"BDI-content"}},"wdio_ui5_key":"etmportal.ui.warehousemovements.view.ExecuteMovementsap.m.ToggleButton{\"propertyPath\":\"STATUS\",\"modelName\":\"catalogModel\"}"}]}
RESULT: undefined
RESULT: undefined
COMMAND: POST /session/80b25485da4cce0461fa749928cde446/element - {"using":"xpath","value":"//section[contains(@id,\"FC-NoHead\")]/div[1]/div[5]/div[2]/span"}
RESULT: {"using":"xpath","value":"//section[contains(@id,\"FC-NoHead\")]/div[1]/div[5]/div[2]/span"}
COMMAND: POST /session/80b25485da4cce0461fa749928cde446/elements - {"using":"xpath","value":"//section[contains(@id,\"FC-NoHead\")]/div[1]/div[5]/div[2]/span"}
RESULT: {"using":"xpath","value":"//section[contains(@id,\"FC-NoHead\")]/div[1]/div[5]/div[2]/span"}
COMMAND: POST /session/80b25485da4cce0461fa749928cde446/elements - {"using":"xpath","value":"//section[contains(@id,\"FC-NoHead\")]/div[1]/div[5]/div[2]/span"}
RESULT: {"using":"xpath","value":"//section[contains(@id,\"FC-NoHead\")]/div[1]/div[5]/div[2]/span"}
COMMAND: POST /session/80b25485da4cce0461fa749928cde446/elements - {"using":"xpath","value":"//section[contains(@id,\"FC-NoHead\")]/div[1]/div[5]/div[2]/span"}
RESULT: {"using":"xpath","value":"//section[contains(@id,\"FC-NoHead\")]/div[1]/div[5]/div[2]/span"}
COMMAND: POST /session/80b25485da4cce0461fa749928cde446/elements - {"using":"xpath","value":"//section[contains(@id,\"FC-NoHead\")]/div[1]/div[5]/div[2]/span"}
RESULT: {"using":"xpath","value":"//section[contains(@id,\"FC-NoHead\")]/div[1]/div[5]/div[2]/span"}
COMMAND: POST /session/80b25485da4cce0461fa749928cde446/elements - {"using":"xpath","value":"//section[contains(@id,\"FC-NoHead\")]/div[1]/div[5]/div[2]/span"}
RESULT: {"using":"xpath","value":"//section[contains(@id,\"FC-NoHead\")]/div[1]/div[5]/div[2]/span"}
COMMAND: POST /session/80b25485da4cce0461fa749928cde446/elements - {"using":"xpath","value":"//section[contains(@id,\"FC-NoHead\")]/div[1]/div[5]/div[2]/span"}
RESULT: {"using":"xpath","value":"//section[contains(@id,\"FC-NoHead\")]/div[1]/div[5]/div[2]/span"}
COMMAND: POST /session/80b25485da4cce0461fa749928cde446/elements - {"using":"xpath","value":"//section[contains(@id,\"FC-NoHead\")]/div[1]/div[5]/div[2]/span"}
RESULT: {"using":"xpath","value":"//section[contains(@id,\"FC-NoHead\")]/div[1]/div[5]/div[2]/span"}
COMMAND: POST /session/80b25485da4cce0461fa749928cde446/elements - {"using":"xpath","value":"//section[contains(@id,\"FC-NoHead\")]/div[1]/div[5]/div[2]/span"}
RESULT: {"using":"xpath","value":"//section[contains(@id,\"FC-NoHead\")]/div[1]/div[5]/div[2]/span"}
COMMAND: POST /session/80b25485da4cce0461fa749928cde446/elements - {"using":"xpath","value":"//section[contains(@id,\"FC-NoHead\")]/div[1]/div[5]/div[2]/span"}
RESULT: {"using":"xpath","value":"//section[contains(@id,\"FC-NoHead\")]/div[1]/div[5]/div[2]/span"}
COMMAND: POST /session/80b25485da4cce0461fa749928cde446/elements - {"using":"xpath","value":"//section[contains(@id,\"FC-NoHead\")]/div[1]/div[5]/div[2]/span"}
RESULT: {"using":"xpath","value":"//section[contains(@id,\"FC-NoHead\")]/div[1]/div[5]/div[2]/span"}
COMMAND: POST /session/80b25485da4cce0461fa749928cde446/elements - {"using":"xpath","value":"//section[contains(@id,\"FC-NoHead\")]/div[1]/div[5]/div[2]/span"}
RESULT: {"using":"xpath","value":"//section[contains(@id,\"FC-NoHead\")]/div[1]/div[5]/div[2]/span"}
COMMAND: POST /session/80b25485da4cce0461fa749928cde446/elements - {"using":"xpath","value":"//section[contains(@id,\"FC-NoHead\")]/div[1]/div[5]/div[2]/span"}
RESULT: {"using":"xpath","value":"//section[contains(@id,\"FC-NoHead\")]/div[1]/div[5]/div[2]/span"}
COMMAND: POST /session/80b25485da4cce0461fa749928cde446/elements - {"using":"xpath","value":"//section[contains(@id,\"FC-NoHead\")]/div[1]/div[5]/div[2]/span"}
RESULT: {"using":"xpath","value":"//section[contains(@id,\"FC-NoHead\")]/div[1]/div[5]/div[2]/span"}
COMMAND: POST /session/80b25485da4cce0461fa749928cde446/elements - {"using":"xpath","value":"//section[contains(@id,\"FC-NoHead\")]/div[1]/div[5]/div[2]/span"}
RESULT: {"using":"xpath","value":"//section[contains(@id,\"FC-NoHead\")]/div[1]/div[5]/div[2]/span"}
COMMAND: POST /session/80b25485da4cce0461fa749928cde446/elements - {"using":"xpath","value":"//section[contains(@id,\"FC-NoHead\")]/div[1]/div[5]/div[2]/span"}
RESULT: {"using":"xpath","value":"//section[contains(@id,\"FC-NoHead\")]/div[1]/div[5]/div[2]/span"}
COMMAND: POST /session/80b25485da4cce0461fa749928cde446/elements - {"using":"xpath","value":"//section[contains(@id,\"FC-NoHead\")]/div[1]/div[5]/div[2]/span"}
RESULT: {"using":"xpath","value":"//section[contains(@id,\"FC-NoHead\")]/div[1]/div[5]/div[2]/span"}
COMMAND: POST /session/80b25485da4cce0461fa749928cde446/elements - {"using":"xpath","value":"//section[contains(@id,\"FC-NoHead\")]/div[1]/div[5]/div[2]/span"}
RESULT: {"using":"xpath","value":"//section[contains(@id,\"FC-NoHead\")]/div[1]/div[5]/div[2]/span"}
COMMAND: POST /session/80b25485da4cce0461fa749928cde446/elements - {"using":"xpath","value":"//section[contains(@id,\"FC-NoHead\")]/div[1]/div[5]/div[2]/span"}
RESULT: {"using":"xpath","value":"//section[contains(@id,\"FC-NoHead\")]/div[1]/div[5]/div[2]/span"}
COMMAND: POST /session/80b25485da4cce0461fa749928cde446/elements - {"using":"xpath","value":"//section[contains(@id,\"FC-NoHead\")]/div[1]/div[5]/div[2]/span"}
RESULT: {"using":"xpath","value":"//section[contains(@id,\"FC-NoHead\")]/div[1]/div[5]/div[2]/span"}
COMMAND: POST /session/80b25485da4cce0461fa749928cde446/elements - {"using":"xpath","value":"//section[contains(@id,\"FC-NoHead\")]/div[1]/div[5]/div[2]/span"}
RESULT: {"using":"xpath","value":"//section[contains(@id,\"FC-NoHead\")]/div[1]/div[5]/div[2]/span"}
COMMAND: POST /session/80b25485da4cce0461fa749928cde446/elements - {"using":"xpath","value":"//section[contains(@id,\"FC-NoHead\")]/div[1]/div[5]/div[2]/span"}
RESULT: {"using":"xpath","value":"//section[contains(@id,\"FC-NoHead\")]/div[1]/div[5]/div[2]/span"}
COMMAND: POST /session/80b25485da4cce0461fa749928cde446/elements - {"using":"xpath","value":"//section[contains(@id,\"FC-NoHead\")]/div[1]/div[5]/div[2]/span"}
RESULT: {"using":"xpath","value":"//section[contains(@id,\"FC-NoHead\")]/div[1]/div[5]/div[2]/span"}
COMMAND: POST /session/80b25485da4cce0461fa749928cde446/elements - {"using":"xpath","value":"//section[contains(@id,\"FC-NoHead\")]/div[1]/div[5]/div[2]/span"}
RESULT: {"using":"xpath","value":"//section[contains(@id,\"FC-NoHead\")]/div[1]/div[5]/div[2]/span"}
COMMAND: POST /session/80b25485da4cce0461fa749928cde446/elements - {"using":"xpath","value":"//section[contains(@id,\"FC-NoHead\")]/div[1]/div[5]/div[2]/span"}
RESULT: {"using":"xpath","value":"//section[contains(@id,\"FC-NoHead\")]/div[1]/div[5]/div[2]/span"}
COMMAND: POST /session/80b25485da4cce0461fa749928cde446/elements - {"using":"xpath","value":"//section[contains(@id,\"FC-NoHead\")]/div[1]/div[5]/div[2]/span"}
RESULT: {"using":"xpath","value":"//section[contains(@id,\"FC-NoHead\")]/div[1]/div[5]/div[2]/span"}
COMMAND: POST /session/80b25485da4cce0461fa749928cde446/elements - {"using":"xpath","value":"//section[contains(@id,\"FC-NoHead\")]/div[1]/div[5]/div[2]/span"}
RESULT: {"using":"xpath","value":"//section[contains(@id,\"FC-NoHead\")]/div[1]/div[5]/div[2]/span"}
COMMAND: POST /session/80b25485da4cce0461fa749928cde446/elements - {"using":"xpath","value":"//section[contains(@id,\"FC-NoHead\")]/div[1]/div[5]/div[2]/span"}
RESULT: {"using":"xpath","value":"//section[contains(@id,\"FC-NoHead\")]/div[1]/div[5]/div[2]/span"}
COMMAND: POST /session/80b25485da4cce0461fa749928cde446/elements - {"using":"xpath","value":"//section[contains(@id,\"FC-NoHead\")]/div[1]/div[5]/div[2]/span"}
RESULT: {"using":"xpath","value":"//section[contains(@id,\"FC-NoHead\")]/div[1]/div[5]/div[2]/span"}
COMMAND: POST /session/80b25485da4cce0461fa749928cde446/elements - {"using":"xpath","value":"//section[contains(@id,\"FC-NoHead\")]/div[1]/div[5]/div[2]/span"}
RESULT: {"using":"xpath","value":"//section[contains(@id,\"FC-NoHead\")]/div[1]/div[5]/div[2]/span"}
COMMAND: POST /session/80b25485da4cce0461fa749928cde446/elements - {"using":"xpath","value":"//section[contains(@id,\"FC-NoHead\")]/div[1]/div[5]/div[2]/span"}
RESULT: {"using":"xpath","value":"//section[contains(@id,\"FC-NoHead\")]/div[1]/div[5]/div[2]/span"}
COMMAND: POST /session/80b25485da4cce0461fa749928cde446/elements - {"using":"xpath","value":"//section[contains(@id,\"FC-NoHead\")]/div[1]/div[5]/div[2]/span"}
RESULT: {"using":"xpath","value":"//section[contains(@id,\"FC-NoHead\")]/div[1]/div[5]/div[2]/span"}
COMMAND: POST /session/80b25485da4cce0461fa749928cde446/elements - {"using":"xpath","value":"//section[contains(@id,\"FC-NoHead\")]/div[1]/div[5]/div[2]/span"}
RESULT: {"using":"xpath","value":"//section[contains(@id,\"FC-NoHead\")]/div[1]/div[5]/div[2]/span"}
COMMAND: POST /session/80b25485da4cce0461fa749928cde446/elements - {"using":"xpath","value":"//section[contains(@id,\"FC-NoHead\")]/div[1]/div[5]/div[2]/span"}
RESULT: {"using":"xpath","value":"//section[contains(@id,\"FC-NoHead\")]/div[1]/div[5]/div[2]/span"}
COMMAND: POST /session/80b25485da4cce0461fa749928cde446/elements - {"using":"xpath","value":"//section[contains(@id,\"FC-NoHead\")]/div[1]/div[5]/div[2]/span"}
RESULT: {"using":"xpath","value":"//section[contains(@id,\"FC-NoHead\")]/div[1]/div[5]/div[2]/span"}
COMMAND: POST /session/80b25485da4cce0461fa749928cde446/elements - {"using":"xpath","value":"//section[contains(@id,\"FC-NoHead\")]/div[1]/div[5]/div[2]/span"}
RESULT: {"using":"xpath","value":"//section[contains(@id,\"FC-NoHead\")]/div[1]/div[5]/div[2]/span"}
COMMAND: POST /session/80b25485da4cce0461fa749928cde446/elements - {"using":"xpath","value":"//section[contains(@id,\"FC-NoHead\")]/div[1]/div[5]/div[2]/span"}
RESULT: {"using":"xpath","value":"//section[contains(@id,\"FC-NoHead\")]/div[1]/div[5]/div[2]/span"}
COMMAND: POST /session/80b25485da4cce0461fa749928cde446/elements - {"using":"xpath","value":"//section[contains(@id,\"FC-NoHead\")]/div[1]/div[5]/div[2]/span"}
RESULT: {"using":"xpath","value":"//section[contains(@id,\"FC-NoHead\")]/div[1]/div[5]/div[2]/span"}
COMMAND: POST /session/80b25485da4cce0461fa749928cde446/elements - {"using":"xpath","value":"//section[contains(@id,\"FC-NoHead\")]/div[1]/div[5]/div[2]/span"}
RESULT: {"using":"xpath","value":"//section[contains(@id,\"FC-NoHead\")]/div[1]/div[5]/div[2]/span"}
COMMAND: POST /session/80b25485da4cce0461fa749928cde446/elements - {"using":"xpath","value":"//section[contains(@id,\"FC-NoHead\")]/div[1]/div[5]/div[2]/span"}
RESULT: {"using":"xpath","value":"//section[contains(@id,\"FC-NoHead\")]/div[1]/div[5]/div[2]/span"}
COMMAND: POST /session/80b25485da4cce0461fa749928cde446/elements - {"using":"xpath","value":"//section[contains(@id,\"FC-NoHead\")]/div[1]/div[5]/div[2]/span"}
RESULT: {"using":"xpath","value":"//section[contains(@id,\"FC-NoHead\")]/div[1]/div[5]/div[2]/span"}
COMMAND: POST /session/80b25485da4cce0461fa749928cde446/elements - {"using":"xpath","value":"//section[contains(@id,\"FC-NoHead\")]/div[1]/div[5]/div[2]/span"}
RESULT: {"using":"xpath","value":"//section[contains(@id,\"FC-NoHead\")]/div[1]/div[5]/div[2]/span"}
COMMAND: POST /session/80b25485da4cce0461fa749928cde446/elements - {"using":"xpath","value":"//section[contains(@id,\"FC-NoHead\")]/div[1]/div[5]/div[2]/span"}
RESULT: {"using":"xpath","value":"//section[contains(@id,\"FC-NoHead\")]/div[1]/div[5]/div[2]/span"}
COMMAND: POST /session/80b25485da4cce0461fa749928cde446/elements - {"using":"xpath","value":"//section[contains(@id,\"FC-NoHead\")]/div[1]/div[5]/div[2]/span"}
RESULT: {"using":"xpath","value":"//section[contains(@id,\"FC-NoHead\")]/div[1]/div[5]/div[2]/span"}
COMMAND: POST /session/80b25485da4cce0461fa749928cde446/elements - {"using":"xpath","value":"//section[contains(@id,\"FC-NoHead\")]/div[1]/div[5]/div[2]/span"}
RESULT: {"using":"xpath","value":"//section[contains(@id,\"FC-NoHead\")]/div[1]/div[5]/div[2]/span"}
COMMAND: POST /session/80b25485da4cce0461fa749928cde446/elements - {"using":"xpath","value":"//section[contains(@id,\"FC-NoHead\")]/div[1]/div[5]/div[2]/span"}
RESULT: {"using":"xpath","value":"//section[contains(@id,\"FC-NoHead\")]/div[1]/div[5]/div[2]/span"}
COMMAND: POST /session/80b25485da4cce0461fa749928cde446/elements - {"using":"xpath","value":"//section[contains(@id,\"FC-NoHead\")]/div[1]/div[5]/div[2]/span"}
RESULT: {"using":"xpath","value":"//section[contains(@id,\"FC-NoHead\")]/div[1]/div[5]/div[2]/span"}
COMMAND: POST /session/80b25485da4cce0461fa749928cde446/elements - {"using":"xpath","value":"//section[contains(@id,\"FC-NoHead\")]/div[1]/div[5]/div[2]/span"}
RESULT: {"using":"xpath","value":"//section[contains(@id,\"FC-NoHead\")]/div[1]/div[5]/div[2]/span"}
COMMAND: POST /session/80b25485da4cce0461fa749928cde446/elements - {"using":"xpath","value":"//section[contains(@id,\"FC-NoHead\")]/div[1]/div[5]/div[2]/span"}
RESULT: {"using":"xpath","value":"//section[contains(@id,\"FC-NoHead\")]/div[1]/div[5]/div[2]/span"}
COMMAND: POST /session/80b25485da4cce0461fa749928cde446/elements - {"using":"xpath","value":"//section[contains(@id,\"FC-NoHead\")]/div[1]/div[5]/div[2]/span"}
RESULT: {"using":"xpath","value":"//section[contains(@id,\"FC-NoHead\")]/div[1]/div[5]/div[2]/span"}
COMMAND: POST /session/80b25485da4cce0461fa749928cde446/elements - {"using":"xpath","value":"//section[contains(@id,\"FC-NoHead\")]/div[1]/div[5]/div[2]/span"}
RESULT: {"using":"xpath","value":"//section[contains(@id,\"FC-NoHead\")]/div[1]/div[5]/div[2]/span"}
COMMAND: POST /session/80b25485da4cce0461fa749928cde446/elements - {"using":"xpath","value":"//section[contains(@id,\"FC-NoHead\")]/div[1]/div[5]/div[2]/span"}
RESULT: {"using":"xpath","value":"//section[contains(@id,\"FC-NoHead\")]/div[1]/div[5]/div[2]/span"}
COMMAND: POST /session/80b25485da4cce0461fa749928cde446/elements - {"using":"xpath","value":"//section[contains(@id,\"FC-NoHead\")]/div[1]/div[5]/div[2]/span"}
RESULT: {"using":"xpath","value":"//section[contains(@id,\"FC-NoHead\")]/div[1]/div[5]/div[2]/span"}
COMMAND: POST /session/80b25485da4cce0461fa749928cde446/elements - {"using":"xpath","value":"//section[contains(@id,\"FC-NoHead\")]/div[1]/div[5]/div[2]/span"}
RESULT: {"using":"xpath","value":"//section[contains(@id,\"FC-NoHead\")]/div[1]/div[5]/div[2]/span"}
COMMAND: POST /session/80b25485da4cce0461fa749928cde446/elements - {"using":"xpath","value":"//section[contains(@id,\"FC-NoHead\")]/div[1]/div[5]/div[2]/span"}
RESULT: {"using":"xpath","value":"//section[contains(@id,\"FC-NoHead\")]/div[1]/div[5]/div[2]/span"}
COMMAND: POST /session/80b25485da4cce0461fa749928cde446/elements - {"using":"xpath","value":"//section[contains(@id,\"FC-NoHead\")]/div[1]/div[5]/div[2]/span"}
RESULT: {"using":"xpath","value":"//section[contains(@id,\"FC-NoHead\")]/div[1]/div[5]/div[2]/span"}
COMMAND: POST /session/80b25485da4cce0461fa749928cde446/elements - {"using":"xpath","value":"//section[contains(@id,\"FC-NoHead\")]/div[1]/div[5]/div[2]/span"}
RESULT: {"using":"xpath","value":"//section[contains(@id,\"FC-NoHead\")]/div[1]/div[5]/div[2]/span"}
COMMAND: POST /session/80b25485da4cce0461fa749928cde446/elements - {"using":"xpath","value":"//section[contains(@id,\"FC-NoHead\")]/div[1]/div[5]/div[2]/span"}
RESULT: {"using":"xpath","value":"//section[contains(@id,\"FC-NoHead\")]/div[1]/div[5]/div[2]/span"}
COMMAND: POST /session/80b25485da4cce0461fa749928cde446/elements - {"using":"xpath","value":"//section[contains(@id,\"FC-NoHead\")]/div[1]/div[5]/div[2]/span"}
RESULT: {"using":"xpath","value":"//section[contains(@id,\"FC-NoHead\")]/div[1]/div[5]/div[2]/span"}
COMMAND: POST /session/80b25485da4cce0461fa749928cde446/elements - {"using":"xpath","value":"//section[contains(@id,\"FC-NoHead\")]/div[1]/div[5]/div[2]/span"}
RESULT: {"using":"xpath","value":"//section[contains(@id,\"FC-NoHead\")]/div[1]/div[5]/div[2]/span"}
COMMAND: POST /session/80b25485da4cce0461fa749928cde446/elements - {"using":"xpath","value":"//section[contains(@id,\"FC-NoHead\")]/div[1]/div[5]/div[2]/span"}
RESULT: {"using":"xpath","value":"//section[contains(@id,\"FC-NoHead\")]/div[1]/div[5]/div[2]/span"}
COMMAND: POST /session/80b25485da4cce0461fa749928cde446/elements - {"using":"xpath","value":"//section[contains(@id,\"FC-NoHead\")]/div[1]/div[5]/div[2]/span"}
RESULT: {"using":"xpath","value":"//section[contains(@id,\"FC-NoHead\")]/div[1]/div[5]/div[2]/span"}
COMMAND: POST /session/80b25485da4cce0461fa749928cde446/elements - {"using":"xpath","value":"//section[contains(@id,\"FC-NoHead\")]/div[1]/div[5]/div[2]/span"}
RESULT: {"using":"xpath","value":"//section[contains(@id,\"FC-NoHead\")]/div[1]/div[5]/div[2]/span"}
COMMAND: POST /session/80b25485da4cce0461fa749928cde446/elements - {"using":"xpath","value":"//section[contains(@id,\"FC-NoHead\")]/div[1]/div[5]/div[2]/span"}
RESULT: {"using":"xpath","value":"//section[contains(@id,\"FC-NoHead\")]/div[1]/div[5]/div[2]/span"}
COMMAND: POST /session/80b25485da4cce0461fa749928cde446/elements - {"using":"xpath","value":"//section[contains(@id,\"FC-NoHead\")]/div[1]/div[5]/div[2]/span"}
RESULT: {"using":"xpath","value":"//section[contains(@id,\"FC-NoHead\")]/div[1]/div[5]/div[2]/span"}
COMMAND: POST /session/80b25485da4cce0461fa749928cde446/elements - {"using":"xpath","value":"//section[contains(@id,\"FC-NoHead\")]/div[1]/div[5]/div[2]/span"}
RESULT: {"using":"xpath","value":"//section[contains(@id,\"FC-NoHead\")]/div[1]/div[5]/div[2]/span"}
COMMAND: POST /session/80b25485da4cce0461fa749928cde446/elements - {"using":"xpath","value":"//section[contains(@id,\"FC-NoHead\")]/div[1]/div[5]/div[2]/span"}
RESULT: {"using":"xpath","value":"//section[contains(@id,\"FC-NoHead\")]/div[1]/div[5]/div[2]/span"}
COMMAND: POST /session/80b25485da4cce0461fa749928cde446/elements - {"using":"xpath","value":"//section[contains(@id,\"FC-NoHead\")]/div[1]/div[5]/div[2]/span"}
RESULT: {"using":"xpath","value":"//section[contains(@id,\"FC-NoHead\")]/div[1]/div[5]/div[2]/span"}
COMMAND: POST /session/80b25485da4cce0461fa749928cde446/elements - {"using":"xpath","value":"//section[contains(@id,\"FC-NoHead\")]/div[1]/div[5]/div[2]/span"}
RESULT: {"using":"xpath","value":"//section[contains(@id,\"FC-NoHead\")]/div[1]/div[5]/div[2]/span"}
COMMAND: POST /session/80b25485da4cce0461fa749928cde446/elements - {"using":"xpath","value":"//section[contains(@id,\"FC-NoHead\")]/div[1]/div[5]/div[2]/span"}
RESULT: {"using":"xpath","value":"//section[contains(@id,\"FC-NoHead\")]/div[1]/div[5]/div[2]/span"}
COMMAND: POST /session/80b25485da4cce0461fa749928cde446/elements - {"using":"xpath","value":"//section[contains(@id,\"FC-NoHead\")]/div[1]/div[5]/div[2]/span"}
RESULT: {"using":"xpath","value":"//section[contains(@id,\"FC-NoHead\")]/div[1]/div[5]/div[2]/span"}
COMMAND: POST /session/80b25485da4cce0461fa749928cde446/elements - {"using":"xpath","value":"//section[contains(@id,\"FC-NoHead\")]/div[1]/div[5]/div[2]/span"}
RESULT: {"using":"xpath","value":"//section[contains(@id,\"FC-NoHead\")]/div[1]/div[5]/div[2]/span"}
COMMAND: POST /session/80b25485da4cce0461fa749928cde446/elements - {"using":"xpath","value":"//section[contains(@id,\"FC-NoHead\")]/div[1]/div[5]/div[2]/span"}
RESULT: {"using":"xpath","value":"//section[contains(@id,\"FC-NoHead\")]/div[1]/div[5]/div[2]/span"}
COMMAND: POST /session/80b25485da4cce0461fa749928cde446/elements - {"using":"xpath","value":"//section[contains(@id,\"FC-NoHead\")]/div[1]/div[5]/div[2]/span"}
RESULT: {"using":"xpath","value":"//section[contains(@id,\"FC-NoHead\")]/div[1]/div[5]/div[2]/span"}
COMMAND: POST /session/80b25485da4cce0461fa749928cde446/elements - {"using":"xpath","value":"//section[contains(@id,\"FC-NoHead\")]/div[1]/div[5]/div[2]/span"}
RESULT: {"using":"xpath","value":"//section[contains(@id,\"FC-NoHead\")]/div[1]/div[5]/div[2]/span"}
COMMAND: POST /session/80b25485da4cce0461fa749928cde446/elements - {"using":"xpath","value":"//section[contains(@id,\"FC-NoHead\")]/div[1]/div[5]/div[2]/span"}
RESULT: {"using":"xpath","value":"//section[contains(@id,\"FC-NoHead\")]/div[1]/div[5]/div[2]/span"}
COMMAND: POST /session/80b25485da4cce0461fa749928cde446/elements - {"using":"xpath","value":"//section[contains(@id,\"FC-NoHead\")]/div[1]/div[5]/div[2]/span"}
RESULT: {"using":"xpath","value":"//section[contains(@id,\"FC-NoHead\")]/div[1]/div[5]/div[2]/span"}
COMMAND: POST /session/80b25485da4cce0461fa749928cde446/elements - {"using":"xpath","value":"//section[contains(@id,\"FC-NoHead\")]/div[1]/div[5]/div[2]/span"}
RESULT: {"using":"xpath","value":"//section[contains(@id,\"FC-NoHead\")]/div[1]/div[5]/div[2]/span"}
COMMAND: POST /session/80b25485da4cce0461fa749928cde446/elements - {"using":"xpath","value":"//section[contains(@id,\"FC-NoHead\")]/div[1]/div[5]/div[2]/span"}
RESULT: {"using":"xpath","value":"//section[contains(@id,\"FC-NoHead\")]/div[1]/div[5]/div[2]/span"}
COMMAND: POST /session/80b25485da4cce0461fa749928cde446/elements - {"using":"xpath","value":"//section[contains(@id,\"FC-NoHead\")]/div[1]/div[5]/div[2]/span"}
RESULT: {"using":"xpath","value":"//section[contains(@id,\"FC-NoHead\")]/div[1]/div[5]/div[2]/span"}
COMMAND: POST /session/80b25485da4cce0461fa749928cde446/elements - {"using":"xpath","value":"//section[contains(@id,\"FC-NoHead\")]/div[1]/div[5]/div[2]/span"}
RESULT: {"using":"xpath","value":"//section[contains(@id,\"FC-NoHead\")]/div[1]/div[5]/div[2]/span"}
COMMAND: POST /session/80b25485da4cce0461fa749928cde446/elements - {"using":"xpath","value":"//section[contains(@id,\"FC-NoHead\")]/div[1]/div[5]/div[2]/span"}
RESULT: {"using":"xpath","value":"//section[contains(@id,\"FC-NoHead\")]/div[1]/div[5]/div[2]/span"}
COMMAND: POST /session/80b25485da4cce0461fa749928cde446/elements - {"using":"xpath","value":"//section[contains(@id,\"FC-NoHead\")]/div[1]/div[5]/div[2]/span"}
RESULT: {"using":"xpath","value":"//section[contains(@id,\"FC-NoHead\")]/div[1]/div[5]/div[2]/span"}
COMMAND: POST /session/80b25485da4cce0461fa749928cde446/elements - {"using":"xpath","value":"//section[contains(@id,\"FC-NoHead\")]/div[1]/div[5]/div[2]/span"}
RESULT: {"using":"xpath","value":"//section[contains(@id,\"FC-NoHead\")]/div[1]/div[5]/div[2]/span"}
COMMAND: POST /session/80b25485da4cce0461fa749928cde446/elements - {"using":"xpath","value":"//section[contains(@id,\"FC-NoHead\")]/div[1]/div[5]/div[2]/span"}
RESULT: {"using":"xpath","value":"//section[contains(@id,\"FC-NoHead\")]/div[1]/div[5]/div[2]/span"}
COMMAND: POST /session/80b25485da4cce0461fa749928cde446/elements - {"using":"xpath","value":"//section[contains(@id,\"FC-NoHead\")]/div[1]/div[5]/div[2]/span"}
RESULT: {"using":"xpath","value":"//section[contains(@id,\"FC-NoHead\")]/div[1]/div[5]/div[2]/span"}
COMMAND: POST /session/80b25485da4cce0461fa749928cde446/elements - {"using":"xpath","value":"//section[contains(@id,\"FC-NoHead\")]/div[1]/div[5]/div[2]/span"}
RESULT: {"using":"xpath","value":"//section[contains(@id,\"FC-NoHead\")]/div[1]/div[5]/div[2]/span"}
COMMAND: POST /session/80b25485da4cce0461fa749928cde446/elements - {"using":"xpath","value":"//section[contains(@id,\"FC-NoHead\")]/div[1]/div[5]/div[2]/span"}
RESULT: {"using":"xpath","value":"//section[contains(@id,\"FC-NoHead\")]/div[1]/div[5]/div[2]/span"}
COMMAND: POST /session/80b25485da4cce0461fa749928cde446/elements - {"using":"xpath","value":"//section[contains(@id,\"FC-NoHead\")]/div[1]/div[5]/div[2]/span"}
RESULT: {"using":"xpath","value":"//section[contains(@id,\"FC-NoHead\")]/div[1]/div[5]/div[2]/span"}
COMMAND: POST /session/80b25485da4cce0461fa749928cde446/elements - {"using":"xpath","value":"//section[contains(@id,\"FC-NoHead\")]/div[1]/div[5]/div[2]/span"}
RESULT: {"using":"xpath","value":"//section[contains(@id,\"FC-NoHead\")]/div[1]/div[5]/div[2]/span"}
COMMAND: POST /session/80b25485da4cce0461fa749928cde446/elements - {"using":"xpath","value":"//section[contains(@id,\"FC-NoHead\")]/div[1]/div[5]/div[2]/span"}
RESULT: {"using":"xpath","value":"//section[contains(@id,\"FC-NoHead\")]/div[1]/div[5]/div[2]/span"}
COMMAND: POST /session/80b25485da4cce0461fa749928cde446/elements - {"using":"xpath","value":"//section[contains(@id,\"FC-NoHead\")]/div[1]/div[5]/div[2]/span"}
COMMAND: GET /session/80b25485da4cce0461fa749928cde446/screenshot - {}
RESULT: {"using":"xpath","value":"//section[contains(@id,\"FC-NoHead\")]/div[1]/div[5]/div[2]/span"}
RESULT: {}
]]></system-out>
      <system-err><![CDATA[
Error: element ("//section[contains(@id,"FC-NoHead")]/div[1]/div[5]/div[2]/span") still not existing after 45000ms
    at async Context.<anonymous> (D:\a\1\s\test\specs\HTR\return-from-site-w-warehouse-management-w-clarification.spec.js:219:9)
]]></system-err>
    </testcase>
    <testcase classname="chrome.136_0_7103_93.windows.Return_from_Site_w/_warehouse_management_w_clarification" name="Should test for Clarification" time="88.377">
      <failure/>
      <error message="Can't call click on element with selector &quot;//span[(text() = 'null' or . = 'null')]&quot; because element wasn't found"/>
      <system-out><![CDATA[
RESULT: undefined
COMMAND: POST /session/80b25485da4cce0461fa749928cde446/element - {"using":"xpath","value":"//*[@id=\"__tile132\"]"}
COMMAND: GET /session/80b25485da4cce0461fa749928cde446/screenshot - {}
RESULT: {"using":"xpath","value":"//*[@id=\"__tile132\"]"}
COMMAND: POST /session/80b25485da4cce0461fa749928cde446/element/f.499FA332C3249B1FB6786AFDCB682F30.d.687364815CC01A368976C86D3FFEB15E.e.11812/click - {}
RESULT: {}
COMMAND: POST /session/80b25485da4cce0461fa749928cde446/elements - {"using":"xpath","value":"//span[text()='Error']"}
RESULT: {"using":"xpath","value":"//span[text()='Error']"}
COMMAND: POST /session/80b25485da4cce0461fa749928cde446/execute/async - {"script":"<script> [1562 bytes]","args":[{"selector":{"controlType":"sap.m.SearchField","viewName":"etm.portal.ui.managehandovers.view.MasterHO","bindingPath":{"propertyPath":"/_BASIC_SEARCH_FIELD","modelName":"fi1t3rM0d31"},"interaction":{"idSuffix":"I"}},"wdio_ui5_key":"etmportal.ui.managehandovers.view.MasterHOsap.m.SearchField{\"propertyPath\":\"/_BASIC_SEARCH_FIELD\",\"modelName\":\"fi1t3rM0d31\"}"}]}
RESULT: {"script":"<script> [1562 bytes]","args":[{"selector":{"controlType":"sap.m.SearchField","viewName":"etm.portal.ui.managehandovers.view.MasterHO","bindingPath":{"propertyPath":"/_BASIC_SEARCH_FIELD","modelName":"fi1t3rM0d31"},"interaction":{"idSuffix":"I"}},"wdio_ui5_key":"etmportal.ui.managehandovers.view.MasterHOsap.m.SearchField{\"propertyPath\":\"/_BASIC_SEARCH_FIELD\",\"modelName\":\"fi1t3rM0d31\"}"}]}
RESULT: undefined
COMMAND: POST /session/80b25485da4cce0461fa749928cde446/execute/async - {"script":"<script> [776 bytes]","args":[{"enterText":null,"selector":{"controlType":"sap.m.SearchField","viewName":"etm.portal.ui.managehandovers.view.MasterHO","bindingPath":{"propertyPath":"/_BASIC_SEARCH_FIELD","modelName":"fi1t3rM0d31"},"interaction":{"idSuffix":"I"}},"clearTextFirst":true,"interactionType":"ENTER_TEXT"}]}
RESULT: {"script":"<script> [776 bytes]","args":[{"enterText":null,"selector":{"controlType":"sap.m.SearchField","viewName":"etm.portal.ui.managehandovers.view.MasterHO","bindingPath":{"propertyPath":"/_BASIC_SEARCH_FIELD","modelName":"fi1t3rM0d31"},"interaction":{"idSuffix":"I"}},"clearTextFirst":true,"interactionType":"ENTER_TEXT"}]}
COMMAND: POST /session/80b25485da4cce0461fa749928cde446/actions - {"actions":[{"id":"action41","type":"key","parameters":{},"actions":[{"type":"keyDown","value":""},{"type":"pause","duration":10},{"type":"keyUp","value":""}]}]}
RESULT: {"actions":[{"id":"action41","type":"key","parameters":{},"actions":[{"type":"keyDown","value":""},{"type":"pause","duration":10},{"type":"keyUp","value":""}]}]}
COMMAND: GET /session/80b25485da4cce0461fa749928cde446/screenshot - {}
RESULT: {}
COMMAND: POST /session/80b25485da4cce0461fa749928cde446/element - {"using":"xpath","value":"//span[(text() = 'null' or . = 'null')]"}
RESULT: {"using":"xpath","value":"//span[(text() = 'null' or . = 'null')]"}
COMMAND: POST /session/80b25485da4cce0461fa749928cde446/elements - {"using":"xpath","value":"//span[(text() = 'null' or . = 'null')]"}
RESULT: {"using":"xpath","value":"//span[(text() = 'null' or . = 'null')]"}
COMMAND: POST /session/80b25485da4cce0461fa749928cde446/elements - {"using":"xpath","value":"//span[(text() = 'null' or . = 'null')]"}
RESULT: {"using":"xpath","value":"//span[(text() = 'null' or . = 'null')]"}
COMMAND: POST /session/80b25485da4cce0461fa749928cde446/elements - {"using":"xpath","value":"//span[(text() = 'null' or . = 'null')]"}
RESULT: {"using":"xpath","value":"//span[(text() = 'null' or . = 'null')]"}
COMMAND: POST /session/80b25485da4cce0461fa749928cde446/elements - {"using":"xpath","value":"//span[(text() = 'null' or . = 'null')]"}
RESULT: {"using":"xpath","value":"//span[(text() = 'null' or . = 'null')]"}
COMMAND: POST /session/80b25485da4cce0461fa749928cde446/elements - {"using":"xpath","value":"//span[(text() = 'null' or . = 'null')]"}
RESULT: {"using":"xpath","value":"//span[(text() = 'null' or . = 'null')]"}
COMMAND: POST /session/80b25485da4cce0461fa749928cde446/elements - {"using":"xpath","value":"//span[(text() = 'null' or . = 'null')]"}
RESULT: {"using":"xpath","value":"//span[(text() = 'null' or . = 'null')]"}
COMMAND: POST /session/80b25485da4cce0461fa749928cde446/elements - {"using":"xpath","value":"//span[(text() = 'null' or . = 'null')]"}
RESULT: {"using":"xpath","value":"//span[(text() = 'null' or . = 'null')]"}
COMMAND: POST /session/80b25485da4cce0461fa749928cde446/elements - {"using":"xpath","value":"//span[(text() = 'null' or . = 'null')]"}
RESULT: {"using":"xpath","value":"//span[(text() = 'null' or . = 'null')]"}
COMMAND: POST /session/80b25485da4cce0461fa749928cde446/elements - {"using":"xpath","value":"//span[(text() = 'null' or . = 'null')]"}
RESULT: {"using":"xpath","value":"//span[(text() = 'null' or . = 'null')]"}
COMMAND: POST /session/80b25485da4cce0461fa749928cde446/elements - {"using":"xpath","value":"//span[(text() = 'null' or . = 'null')]"}
RESULT: {"using":"xpath","value":"//span[(text() = 'null' or . = 'null')]"}
COMMAND: POST /session/80b25485da4cce0461fa749928cde446/elements - {"using":"xpath","value":"//span[(text() = 'null' or . = 'null')]"}
RESULT: {"using":"xpath","value":"//span[(text() = 'null' or . = 'null')]"}
COMMAND: POST /session/80b25485da4cce0461fa749928cde446/elements - {"using":"xpath","value":"//span[(text() = 'null' or . = 'null')]"}
RESULT: {"using":"xpath","value":"//span[(text() = 'null' or . = 'null')]"}
COMMAND: POST /session/80b25485da4cce0461fa749928cde446/elements - {"using":"xpath","value":"//span[(text() = 'null' or . = 'null')]"}
RESULT: {"using":"xpath","value":"//span[(text() = 'null' or . = 'null')]"}
COMMAND: POST /session/80b25485da4cce0461fa749928cde446/elements - {"using":"xpath","value":"//span[(text() = 'null' or . = 'null')]"}
RESULT: {"using":"xpath","value":"//span[(text() = 'null' or . = 'null')]"}
COMMAND: POST /session/80b25485da4cce0461fa749928cde446/elements - {"using":"xpath","value":"//span[(text() = 'null' or . = 'null')]"}
RESULT: {"using":"xpath","value":"//span[(text() = 'null' or . = 'null')]"}
COMMAND: POST /session/80b25485da4cce0461fa749928cde446/elements - {"using":"xpath","value":"//span[(text() = 'null' or . = 'null')]"}
RESULT: {"using":"xpath","value":"//span[(text() = 'null' or . = 'null')]"}
COMMAND: POST /session/80b25485da4cce0461fa749928cde446/elements - {"using":"xpath","value":"//span[(text() = 'null' or . = 'null')]"}
RESULT: {"using":"xpath","value":"//span[(text() = 'null' or . = 'null')]"}
COMMAND: POST /session/80b25485da4cce0461fa749928cde446/elements - {"using":"xpath","value":"//span[(text() = 'null' or . = 'null')]"}
RESULT: {"using":"xpath","value":"//span[(text() = 'null' or . = 'null')]"}
COMMAND: POST /session/80b25485da4cce0461fa749928cde446/elements - {"using":"xpath","value":"//span[(text() = 'null' or . = 'null')]"}
RESULT: {"using":"xpath","value":"//span[(text() = 'null' or . = 'null')]"}
COMMAND: POST /session/80b25485da4cce0461fa749928cde446/elements - {"using":"xpath","value":"//span[(text() = 'null' or . = 'null')]"}
RESULT: {"using":"xpath","value":"//span[(text() = 'null' or . = 'null')]"}
COMMAND: POST /session/80b25485da4cce0461fa749928cde446/elements - {"using":"xpath","value":"//span[(text() = 'null' or . = 'null')]"}
RESULT: {"using":"xpath","value":"//span[(text() = 'null' or . = 'null')]"}
COMMAND: POST /session/80b25485da4cce0461fa749928cde446/elements - {"using":"xpath","value":"//span[(text() = 'null' or . = 'null')]"}
RESULT: {"using":"xpath","value":"//span[(text() = 'null' or . = 'null')]"}
COMMAND: POST /session/80b25485da4cce0461fa749928cde446/elements - {"using":"xpath","value":"//span[(text() = 'null' or . = 'null')]"}
RESULT: {"using":"xpath","value":"//span[(text() = 'null' or . = 'null')]"}
COMMAND: POST /session/80b25485da4cce0461fa749928cde446/elements - {"using":"xpath","value":"//span[(text() = 'null' or . = 'null')]"}
RESULT: {"using":"xpath","value":"//span[(text() = 'null' or . = 'null')]"}
COMMAND: POST /session/80b25485da4cce0461fa749928cde446/elements - {"using":"xpath","value":"//span[(text() = 'null' or . = 'null')]"}
RESULT: {"using":"xpath","value":"//span[(text() = 'null' or . = 'null')]"}
COMMAND: POST /session/80b25485da4cce0461fa749928cde446/elements - {"using":"xpath","value":"//span[(text() = 'null' or . = 'null')]"}
RESULT: {"using":"xpath","value":"//span[(text() = 'null' or . = 'null')]"}
COMMAND: POST /session/80b25485da4cce0461fa749928cde446/elements - {"using":"xpath","value":"//span[(text() = 'null' or . = 'null')]"}
RESULT: {"using":"xpath","value":"//span[(text() = 'null' or . = 'null')]"}
COMMAND: POST /session/80b25485da4cce0461fa749928cde446/elements - {"using":"xpath","value":"//span[(text() = 'null' or . = 'null')]"}
RESULT: {"using":"xpath","value":"//span[(text() = 'null' or . = 'null')]"}
COMMAND: POST /session/80b25485da4cce0461fa749928cde446/elements - {"using":"xpath","value":"//span[(text() = 'null' or . = 'null')]"}
RESULT: {"using":"xpath","value":"//span[(text() = 'null' or . = 'null')]"}
COMMAND: POST /session/80b25485da4cce0461fa749928cde446/elements - {"using":"xpath","value":"//span[(text() = 'null' or . = 'null')]"}
RESULT: {"using":"xpath","value":"//span[(text() = 'null' or . = 'null')]"}
COMMAND: POST /session/80b25485da4cce0461fa749928cde446/elements - {"using":"xpath","value":"//span[(text() = 'null' or . = 'null')]"}
RESULT: {"using":"xpath","value":"//span[(text() = 'null' or . = 'null')]"}
COMMAND: POST /session/80b25485da4cce0461fa749928cde446/elements - {"using":"xpath","value":"//span[(text() = 'null' or . = 'null')]"}
RESULT: {"using":"xpath","value":"//span[(text() = 'null' or . = 'null')]"}
COMMAND: POST /session/80b25485da4cce0461fa749928cde446/elements - {"using":"xpath","value":"//span[(text() = 'null' or . = 'null')]"}
RESULT: {"using":"xpath","value":"//span[(text() = 'null' or . = 'null')]"}
COMMAND: POST /session/80b25485da4cce0461fa749928cde446/elements - {"using":"xpath","value":"//span[(text() = 'null' or . = 'null')]"}
RESULT: {"using":"xpath","value":"//span[(text() = 'null' or . = 'null')]"}
COMMAND: POST /session/80b25485da4cce0461fa749928cde446/elements - {"using":"xpath","value":"//span[(text() = 'null' or . = 'null')]"}
RESULT: {"using":"xpath","value":"//span[(text() = 'null' or . = 'null')]"}
COMMAND: POST /session/80b25485da4cce0461fa749928cde446/elements - {"using":"xpath","value":"//span[(text() = 'null' or . = 'null')]"}
RESULT: {"using":"xpath","value":"//span[(text() = 'null' or . = 'null')]"}
COMMAND: POST /session/80b25485da4cce0461fa749928cde446/elements - {"using":"xpath","value":"//span[(text() = 'null' or . = 'null')]"}
RESULT: {"using":"xpath","value":"//span[(text() = 'null' or . = 'null')]"}
COMMAND: POST /session/80b25485da4cce0461fa749928cde446/elements - {"using":"xpath","value":"//span[(text() = 'null' or . = 'null')]"}
RESULT: {"using":"xpath","value":"//span[(text() = 'null' or . = 'null')]"}
COMMAND: POST /session/80b25485da4cce0461fa749928cde446/elements - {"using":"xpath","value":"//span[(text() = 'null' or . = 'null')]"}
RESULT: {"using":"xpath","value":"//span[(text() = 'null' or . = 'null')]"}
COMMAND: POST /session/80b25485da4cce0461fa749928cde446/elements - {"using":"xpath","value":"//span[(text() = 'null' or . = 'null')]"}
RESULT: {"using":"xpath","value":"//span[(text() = 'null' or . = 'null')]"}
COMMAND: POST /session/80b25485da4cce0461fa749928cde446/elements - {"using":"xpath","value":"//span[(text() = 'null' or . = 'null')]"}
RESULT: {"using":"xpath","value":"//span[(text() = 'null' or . = 'null')]"}
COMMAND: POST /session/80b25485da4cce0461fa749928cde446/elements - {"using":"xpath","value":"//span[(text() = 'null' or . = 'null')]"}
RESULT: {"using":"xpath","value":"//span[(text() = 'null' or . = 'null')]"}
COMMAND: POST /session/80b25485da4cce0461fa749928cde446/elements - {"using":"xpath","value":"//span[(text() = 'null' or . = 'null')]"}
RESULT: {"using":"xpath","value":"//span[(text() = 'null' or . = 'null')]"}
COMMAND: POST /session/80b25485da4cce0461fa749928cde446/elements - {"using":"xpath","value":"//span[(text() = 'null' or . = 'null')]"}
RESULT: {"using":"xpath","value":"//span[(text() = 'null' or . = 'null')]"}
COMMAND: POST /session/80b25485da4cce0461fa749928cde446/elements - {"using":"xpath","value":"//span[(text() = 'null' or . = 'null')]"}
RESULT: {"using":"xpath","value":"//span[(text() = 'null' or . = 'null')]"}
COMMAND: POST /session/80b25485da4cce0461fa749928cde446/elements - {"using":"xpath","value":"//span[(text() = 'null' or . = 'null')]"}
RESULT: {"using":"xpath","value":"//span[(text() = 'null' or . = 'null')]"}
COMMAND: POST /session/80b25485da4cce0461fa749928cde446/elements - {"using":"xpath","value":"//span[(text() = 'null' or . = 'null')]"}
RESULT: {"using":"xpath","value":"//span[(text() = 'null' or . = 'null')]"}
COMMAND: POST /session/80b25485da4cce0461fa749928cde446/elements - {"using":"xpath","value":"//span[(text() = 'null' or . = 'null')]"}
RESULT: {"using":"xpath","value":"//span[(text() = 'null' or . = 'null')]"}
COMMAND: POST /session/80b25485da4cce0461fa749928cde446/elements - {"using":"xpath","value":"//span[(text() = 'null' or . = 'null')]"}
RESULT: {"using":"xpath","value":"//span[(text() = 'null' or . = 'null')]"}
COMMAND: POST /session/80b25485da4cce0461fa749928cde446/elements - {"using":"xpath","value":"//span[(text() = 'null' or . = 'null')]"}
RESULT: {"using":"xpath","value":"//span[(text() = 'null' or . = 'null')]"}
COMMAND: POST /session/80b25485da4cce0461fa749928cde446/elements - {"using":"xpath","value":"//span[(text() = 'null' or . = 'null')]"}
RESULT: {"using":"xpath","value":"//span[(text() = 'null' or . = 'null')]"}
COMMAND: POST /session/80b25485da4cce0461fa749928cde446/elements - {"using":"xpath","value":"//span[(text() = 'null' or . = 'null')]"}
RESULT: {"using":"xpath","value":"//span[(text() = 'null' or . = 'null')]"}
COMMAND: POST /session/80b25485da4cce0461fa749928cde446/elements - {"using":"xpath","value":"//span[(text() = 'null' or . = 'null')]"}
RESULT: {"using":"xpath","value":"//span[(text() = 'null' or . = 'null')]"}
COMMAND: POST /session/80b25485da4cce0461fa749928cde446/elements - {"using":"xpath","value":"//span[(text() = 'null' or . = 'null')]"}
RESULT: {"using":"xpath","value":"//span[(text() = 'null' or . = 'null')]"}
COMMAND: POST /session/80b25485da4cce0461fa749928cde446/elements - {"using":"xpath","value":"//span[(text() = 'null' or . = 'null')]"}
RESULT: {"using":"xpath","value":"//span[(text() = 'null' or . = 'null')]"}
COMMAND: POST /session/80b25485da4cce0461fa749928cde446/elements - {"using":"xpath","value":"//span[(text() = 'null' or . = 'null')]"}
RESULT: {"using":"xpath","value":"//span[(text() = 'null' or . = 'null')]"}
COMMAND: POST /session/80b25485da4cce0461fa749928cde446/elements - {"using":"xpath","value":"//span[(text() = 'null' or . = 'null')]"}
RESULT: {"using":"xpath","value":"//span[(text() = 'null' or . = 'null')]"}
COMMAND: POST /session/80b25485da4cce0461fa749928cde446/elements - {"using":"xpath","value":"//span[(text() = 'null' or . = 'null')]"}
RESULT: {"using":"xpath","value":"//span[(text() = 'null' or . = 'null')]"}
COMMAND: POST /session/80b25485da4cce0461fa749928cde446/elements - {"using":"xpath","value":"//span[(text() = 'null' or . = 'null')]"}
RESULT: {"using":"xpath","value":"//span[(text() = 'null' or . = 'null')]"}
COMMAND: POST /session/80b25485da4cce0461fa749928cde446/elements - {"using":"xpath","value":"//span[(text() = 'null' or . = 'null')]"}
RESULT: {"using":"xpath","value":"//span[(text() = 'null' or . = 'null')]"}
COMMAND: POST /session/80b25485da4cce0461fa749928cde446/elements - {"using":"xpath","value":"//span[(text() = 'null' or . = 'null')]"}
RESULT: {"using":"xpath","value":"//span[(text() = 'null' or . = 'null')]"}
COMMAND: POST /session/80b25485da4cce0461fa749928cde446/elements - {"using":"xpath","value":"//span[(text() = 'null' or . = 'null')]"}
RESULT: {"using":"xpath","value":"//span[(text() = 'null' or . = 'null')]"}
COMMAND: POST /session/80b25485da4cce0461fa749928cde446/elements - {"using":"xpath","value":"//span[(text() = 'null' or . = 'null')]"}
RESULT: {"using":"xpath","value":"//span[(text() = 'null' or . = 'null')]"}
COMMAND: POST /session/80b25485da4cce0461fa749928cde446/elements - {"using":"xpath","value":"//span[(text() = 'null' or . = 'null')]"}
RESULT: {"using":"xpath","value":"//span[(text() = 'null' or . = 'null')]"}
COMMAND: POST /session/80b25485da4cce0461fa749928cde446/elements - {"using":"xpath","value":"//span[(text() = 'null' or . = 'null')]"}
RESULT: {"using":"xpath","value":"//span[(text() = 'null' or . = 'null')]"}
COMMAND: POST /session/80b25485da4cce0461fa749928cde446/elements - {"using":"xpath","value":"//span[(text() = 'null' or . = 'null')]"}
RESULT: {"using":"xpath","value":"//span[(text() = 'null' or . = 'null')]"}
COMMAND: POST /session/80b25485da4cce0461fa749928cde446/elements - {"using":"xpath","value":"//span[(text() = 'null' or . = 'null')]"}
RESULT: {"using":"xpath","value":"//span[(text() = 'null' or . = 'null')]"}
COMMAND: POST /session/80b25485da4cce0461fa749928cde446/elements - {"using":"xpath","value":"//span[(text() = 'null' or . = 'null')]"}
RESULT: {"using":"xpath","value":"//span[(text() = 'null' or . = 'null')]"}
COMMAND: POST /session/80b25485da4cce0461fa749928cde446/elements - {"using":"xpath","value":"//span[(text() = 'null' or . = 'null')]"}
RESULT: {"using":"xpath","value":"//span[(text() = 'null' or . = 'null')]"}
COMMAND: POST /session/80b25485da4cce0461fa749928cde446/elements - {"using":"xpath","value":"//span[(text() = 'null' or . = 'null')]"}
RESULT: {"using":"xpath","value":"//span[(text() = 'null' or . = 'null')]"}
COMMAND: POST /session/80b25485da4cce0461fa749928cde446/elements - {"using":"xpath","value":"//span[(text() = 'null' or . = 'null')]"}
RESULT: {"using":"xpath","value":"//span[(text() = 'null' or . = 'null')]"}
COMMAND: POST /session/80b25485da4cce0461fa749928cde446/elements - {"using":"xpath","value":"//span[(text() = 'null' or . = 'null')]"}
RESULT: {"using":"xpath","value":"//span[(text() = 'null' or . = 'null')]"}
COMMAND: POST /session/80b25485da4cce0461fa749928cde446/elements - {"using":"xpath","value":"//span[(text() = 'null' or . = 'null')]"}
RESULT: {"using":"xpath","value":"//span[(text() = 'null' or . = 'null')]"}
COMMAND: POST /session/80b25485da4cce0461fa749928cde446/elements - {"using":"xpath","value":"//span[(text() = 'null' or . = 'null')]"}
RESULT: {"using":"xpath","value":"//span[(text() = 'null' or . = 'null')]"}
COMMAND: POST /session/80b25485da4cce0461fa749928cde446/elements - {"using":"xpath","value":"//span[(text() = 'null' or . = 'null')]"}
RESULT: {"using":"xpath","value":"//span[(text() = 'null' or . = 'null')]"}
COMMAND: POST /session/80b25485da4cce0461fa749928cde446/elements - {"using":"xpath","value":"//span[(text() = 'null' or . = 'null')]"}
RESULT: {"using":"xpath","value":"//span[(text() = 'null' or . = 'null')]"}
COMMAND: POST /session/80b25485da4cce0461fa749928cde446/elements - {"using":"xpath","value":"//span[(text() = 'null' or . = 'null')]"}
RESULT: {"using":"xpath","value":"//span[(text() = 'null' or . = 'null')]"}
COMMAND: POST /session/80b25485da4cce0461fa749928cde446/elements - {"using":"xpath","value":"//span[(text() = 'null' or . = 'null')]"}
RESULT: {"using":"xpath","value":"//span[(text() = 'null' or . = 'null')]"}
COMMAND: POST /session/80b25485da4cce0461fa749928cde446/elements - {"using":"xpath","value":"//span[(text() = 'null' or . = 'null')]"}
RESULT: {"using":"xpath","value":"//span[(text() = 'null' or . = 'null')]"}
COMMAND: POST /session/80b25485da4cce0461fa749928cde446/elements - {"using":"xpath","value":"//span[(text() = 'null' or . = 'null')]"}
RESULT: {"using":"xpath","value":"//span[(text() = 'null' or . = 'null')]"}
COMMAND: POST /session/80b25485da4cce0461fa749928cde446/elements - {"using":"xpath","value":"//span[(text() = 'null' or . = 'null')]"}
RESULT: {"using":"xpath","value":"//span[(text() = 'null' or . = 'null')]"}
COMMAND: POST /session/80b25485da4cce0461fa749928cde446/elements - {"using":"xpath","value":"//span[(text() = 'null' or . = 'null')]"}
RESULT: {"using":"xpath","value":"//span[(text() = 'null' or . = 'null')]"}
COMMAND: POST /session/80b25485da4cce0461fa749928cde446/elements - {"using":"xpath","value":"//span[(text() = 'null' or . = 'null')]"}
RESULT: {"using":"xpath","value":"//span[(text() = 'null' or . = 'null')]"}
COMMAND: POST /session/80b25485da4cce0461fa749928cde446/elements - {"using":"xpath","value":"//span[(text() = 'null' or . = 'null')]"}
RESULT: {"using":"xpath","value":"//span[(text() = 'null' or . = 'null')]"}
COMMAND: POST /session/80b25485da4cce0461fa749928cde446/elements - {"using":"xpath","value":"//span[(text() = 'null' or . = 'null')]"}
RESULT: {"using":"xpath","value":"//span[(text() = 'null' or . = 'null')]"}
COMMAND: POST /session/80b25485da4cce0461fa749928cde446/elements - {"using":"xpath","value":"//span[(text() = 'null' or . = 'null')]"}
RESULT: {"using":"xpath","value":"//span[(text() = 'null' or . = 'null')]"}
COMMAND: POST /session/80b25485da4cce0461fa749928cde446/elements - {"using":"xpath","value":"//span[(text() = 'null' or . = 'null')]"}
RESULT: {"using":"xpath","value":"//span[(text() = 'null' or . = 'null')]"}
COMMAND: POST /session/80b25485da4cce0461fa749928cde446/elements - {"using":"xpath","value":"//span[(text() = 'null' or . = 'null')]"}
RESULT: {"using":"xpath","value":"//span[(text() = 'null' or . = 'null')]"}
COMMAND: POST /session/80b25485da4cce0461fa749928cde446/elements - {"using":"xpath","value":"//span[(text() = 'null' or . = 'null')]"}
RESULT: {"using":"xpath","value":"//span[(text() = 'null' or . = 'null')]"}
COMMAND: POST /session/80b25485da4cce0461fa749928cde446/elements - {"using":"xpath","value":"//span[(text() = 'null' or . = 'null')]"}
RESULT: {"using":"xpath","value":"//span[(text() = 'null' or . = 'null')]"}
COMMAND: POST /session/80b25485da4cce0461fa749928cde446/elements - {"using":"xpath","value":"//span[(text() = 'null' or . = 'null')]"}
RESULT: {"using":"xpath","value":"//span[(text() = 'null' or . = 'null')]"}
COMMAND: POST /session/80b25485da4cce0461fa749928cde446/elements - {"using":"xpath","value":"//span[(text() = 'null' or . = 'null')]"}
RESULT: {"using":"xpath","value":"//span[(text() = 'null' or . = 'null')]"}
COMMAND: POST /session/80b25485da4cce0461fa749928cde446/elements - {"using":"xpath","value":"//span[(text() = 'null' or . = 'null')]"}
RESULT: {"using":"xpath","value":"//span[(text() = 'null' or . = 'null')]"}
COMMAND: POST /session/80b25485da4cce0461fa749928cde446/elements - {"using":"xpath","value":"//span[(text() = 'null' or . = 'null')]"}
RESULT: {"using":"xpath","value":"//span[(text() = 'null' or . = 'null')]"}
COMMAND: POST /session/80b25485da4cce0461fa749928cde446/elements - {"using":"xpath","value":"//span[(text() = 'null' or . = 'null')]"}
RESULT: {"using":"xpath","value":"//span[(text() = 'null' or . = 'null')]"}
COMMAND: POST /session/80b25485da4cce0461fa749928cde446/elements - {"using":"xpath","value":"//span[(text() = 'null' or . = 'null')]"}
RESULT: {"using":"xpath","value":"//span[(text() = 'null' or . = 'null')]"}
COMMAND: POST /session/80b25485da4cce0461fa749928cde446/elements - {"using":"xpath","value":"//span[(text() = 'null' or . = 'null')]"}
RESULT: {"using":"xpath","value":"//span[(text() = 'null' or . = 'null')]"}
COMMAND: POST /session/80b25485da4cce0461fa749928cde446/elements - {"using":"xpath","value":"//span[(text() = 'null' or . = 'null')]"}
RESULT: {"using":"xpath","value":"//span[(text() = 'null' or . = 'null')]"}
COMMAND: POST /session/80b25485da4cce0461fa749928cde446/elements - {"using":"xpath","value":"//span[(text() = 'null' or . = 'null')]"}
RESULT: {"using":"xpath","value":"//span[(text() = 'null' or . = 'null')]"}
COMMAND: POST /session/80b25485da4cce0461fa749928cde446/elements - {"using":"xpath","value":"//span[(text() = 'null' or . = 'null')]"}
RESULT: {"using":"xpath","value":"//span[(text() = 'null' or . = 'null')]"}
COMMAND: POST /session/80b25485da4cce0461fa749928cde446/elements - {"using":"xpath","value":"//span[(text() = 'null' or . = 'null')]"}
RESULT: {"using":"xpath","value":"//span[(text() = 'null' or . = 'null')]"}
COMMAND: POST /session/80b25485da4cce0461fa749928cde446/elements - {"using":"xpath","value":"//span[(text() = 'null' or . = 'null')]"}
RESULT: {"using":"xpath","value":"//span[(text() = 'null' or . = 'null')]"}
COMMAND: POST /session/80b25485da4cce0461fa749928cde446/elements - {"using":"xpath","value":"//span[(text() = 'null' or . = 'null')]"}
RESULT: {"using":"xpath","value":"//span[(text() = 'null' or . = 'null')]"}
COMMAND: POST /session/80b25485da4cce0461fa749928cde446/elements - {"using":"xpath","value":"//span[(text() = 'null' or . = 'null')]"}
RESULT: {"using":"xpath","value":"//span[(text() = 'null' or . = 'null')]"}
COMMAND: POST /session/80b25485da4cce0461fa749928cde446/elements - {"using":"xpath","value":"//span[(text() = 'null' or . = 'null')]"}
RESULT: {"using":"xpath","value":"//span[(text() = 'null' or . = 'null')]"}
COMMAND: POST /session/80b25485da4cce0461fa749928cde446/elements - {"using":"xpath","value":"//span[(text() = 'null' or . = 'null')]"}
RESULT: {"using":"xpath","value":"//span[(text() = 'null' or . = 'null')]"}
COMMAND: POST /session/80b25485da4cce0461fa749928cde446/elements - {"using":"xpath","value":"//span[(text() = 'null' or . = 'null')]"}
RESULT: {"using":"xpath","value":"//span[(text() = 'null' or . = 'null')]"}
COMMAND: POST /session/80b25485da4cce0461fa749928cde446/elements - {"using":"xpath","value":"//span[(text() = 'null' or . = 'null')]"}
RESULT: {"using":"xpath","value":"//span[(text() = 'null' or . = 'null')]"}
COMMAND: POST /session/80b25485da4cce0461fa749928cde446/elements - {"using":"xpath","value":"//span[(text() = 'null' or . = 'null')]"}
RESULT: {"using":"xpath","value":"//span[(text() = 'null' or . = 'null')]"}
COMMAND: POST /session/80b25485da4cce0461fa749928cde446/elements - {"using":"xpath","value":"//span[(text() = 'null' or . = 'null')]"}
RESULT: {"using":"xpath","value":"//span[(text() = 'null' or . = 'null')]"}
COMMAND: POST /session/80b25485da4cce0461fa749928cde446/elements - {"using":"xpath","value":"//span[(text() = 'null' or . = 'null')]"}
RESULT: {"using":"xpath","value":"//span[(text() = 'null' or . = 'null')]"}
COMMAND: POST /session/80b25485da4cce0461fa749928cde446/elements - {"using":"xpath","value":"//span[(text() = 'null' or . = 'null')]"}
RESULT: {"using":"xpath","value":"//span[(text() = 'null' or . = 'null')]"}
COMMAND: POST /session/80b25485da4cce0461fa749928cde446/elements - {"using":"xpath","value":"//span[(text() = 'null' or . = 'null')]"}
RESULT: {"using":"xpath","value":"//span[(text() = 'null' or . = 'null')]"}
COMMAND: POST /session/80b25485da4cce0461fa749928cde446/elements - {"using":"xpath","value":"//span[(text() = 'null' or . = 'null')]"}
RESULT: {"using":"xpath","value":"//span[(text() = 'null' or . = 'null')]"}
COMMAND: POST /session/80b25485da4cce0461fa749928cde446/elements - {"using":"xpath","value":"//span[(text() = 'null' or . = 'null')]"}
RESULT: {"using":"xpath","value":"//span[(text() = 'null' or . = 'null')]"}
COMMAND: POST /session/80b25485da4cce0461fa749928cde446/elements - {"using":"xpath","value":"//span[(text() = 'null' or . = 'null')]"}
RESULT: {"using":"xpath","value":"//span[(text() = 'null' or . = 'null')]"}
COMMAND: POST /session/80b25485da4cce0461fa749928cde446/elements - {"using":"xpath","value":"//span[(text() = 'null' or . = 'null')]"}
RESULT: {"using":"xpath","value":"//span[(text() = 'null' or . = 'null')]"}
COMMAND: POST /session/80b25485da4cce0461fa749928cde446/elements - {"using":"xpath","value":"//span[(text() = 'null' or . = 'null')]"}
RESULT: {"using":"xpath","value":"//span[(text() = 'null' or . = 'null')]"}
COMMAND: POST /session/80b25485da4cce0461fa749928cde446/elements - {"using":"xpath","value":"//span[(text() = 'null' or . = 'null')]"}
RESULT: {"using":"xpath","value":"//span[(text() = 'null' or . = 'null')]"}
COMMAND: POST /session/80b25485da4cce0461fa749928cde446/elements - {"using":"xpath","value":"//span[(text() = 'null' or . = 'null')]"}
RESULT: {"using":"xpath","value":"//span[(text() = 'null' or . = 'null')]"}
COMMAND: GET /session/80b25485da4cce0461fa749928cde446/screenshot - {}
RESULT: {}
COMMAND: GET /session/80b25485da4cce0461fa749928cde446/screenshot - {}
]]></system-out>
      <system-err><![CDATA[
Error: Can't call click on element with selector "//span[(text() = 'null' or . = 'null')]" because element wasn't found
    at async Context.<anonymous> (D:\a\1\s\test\specs\HTR\return-from-site-w-warehouse-management-w-clarification.spec.js:381:9)
]]></system-err>
    </testcase>
    <testcase classname="chrome.136_0_7103_93.windows.Return_from_Site_w/_warehouse_management_w_clarification" name="Should do a return to site from the contracts screen in one step" time="60.449">
      <failure/>
      <error message="element (&quot;//button[@data-kt=&quot;addButton&quot;]&quot;) still not existing after 45000ms"/>
      <system-out><![CDATA[
RESULT: undefined
RESULT: {}
COMMAND: POST /session/80b25485da4cce0461fa749928cde446/elements - {"using":"xpath","value":"//span[text()='Error']"}
RESULT: {"using":"xpath","value":"//span[text()='Error']"}
COMMAND: POST /session/80b25485da4cce0461fa749928cde446/element - {"using":"xpath","value":"//button[@data-kt=\"addButton\"]"}
RESULT: {"using":"xpath","value":"//button[@data-kt=\"addButton\"]"}
COMMAND: POST /session/80b25485da4cce0461fa749928cde446/elements - {"using":"xpath","value":"//button[@data-kt=\"addButton\"]"}
RESULT: {"using":"xpath","value":"//button[@data-kt=\"addButton\"]"}
COMMAND: POST /session/80b25485da4cce0461fa749928cde446/elements - {"using":"xpath","value":"//button[@data-kt=\"addButton\"]"}
RESULT: {"using":"xpath","value":"//button[@data-kt=\"addButton\"]"}
COMMAND: POST /session/80b25485da4cce0461fa749928cde446/elements - {"using":"xpath","value":"//button[@data-kt=\"addButton\"]"}
RESULT: {"using":"xpath","value":"//button[@data-kt=\"addButton\"]"}
COMMAND: POST /session/80b25485da4cce0461fa749928cde446/elements - {"using":"xpath","value":"//button[@data-kt=\"addButton\"]"}
RESULT: {"using":"xpath","value":"//button[@data-kt=\"addButton\"]"}
COMMAND: POST /session/80b25485da4cce0461fa749928cde446/elements - {"using":"xpath","value":"//button[@data-kt=\"addButton\"]"}
RESULT: {"using":"xpath","value":"//button[@data-kt=\"addButton\"]"}
COMMAND: POST /session/80b25485da4cce0461fa749928cde446/elements - {"using":"xpath","value":"//button[@data-kt=\"addButton\"]"}
RESULT: {"using":"xpath","value":"//button[@data-kt=\"addButton\"]"}
COMMAND: POST /session/80b25485da4cce0461fa749928cde446/elements - {"using":"xpath","value":"//button[@data-kt=\"addButton\"]"}
RESULT: {"using":"xpath","value":"//button[@data-kt=\"addButton\"]"}
COMMAND: POST /session/80b25485da4cce0461fa749928cde446/elements - {"using":"xpath","value":"//button[@data-kt=\"addButton\"]"}
RESULT: {"using":"xpath","value":"//button[@data-kt=\"addButton\"]"}
COMMAND: POST /session/80b25485da4cce0461fa749928cde446/elements - {"using":"xpath","value":"//button[@data-kt=\"addButton\"]"}
RESULT: {"using":"xpath","value":"//button[@data-kt=\"addButton\"]"}
COMMAND: POST /session/80b25485da4cce0461fa749928cde446/elements - {"using":"xpath","value":"//button[@data-kt=\"addButton\"]"}
RESULT: {"using":"xpath","value":"//button[@data-kt=\"addButton\"]"}
COMMAND: POST /session/80b25485da4cce0461fa749928cde446/elements - {"using":"xpath","value":"//button[@data-kt=\"addButton\"]"}
RESULT: {"using":"xpath","value":"//button[@data-kt=\"addButton\"]"}
COMMAND: POST /session/80b25485da4cce0461fa749928cde446/elements - {"using":"xpath","value":"//button[@data-kt=\"addButton\"]"}
RESULT: {"using":"xpath","value":"//button[@data-kt=\"addButton\"]"}
COMMAND: POST /session/80b25485da4cce0461fa749928cde446/elements - {"using":"xpath","value":"//button[@data-kt=\"addButton\"]"}
RESULT: {"using":"xpath","value":"//button[@data-kt=\"addButton\"]"}
COMMAND: POST /session/80b25485da4cce0461fa749928cde446/elements - {"using":"xpath","value":"//button[@data-kt=\"addButton\"]"}
RESULT: {"using":"xpath","value":"//button[@data-kt=\"addButton\"]"}
COMMAND: POST /session/80b25485da4cce0461fa749928cde446/elements - {"using":"xpath","value":"//button[@data-kt=\"addButton\"]"}
RESULT: {"using":"xpath","value":"//button[@data-kt=\"addButton\"]"}
COMMAND: POST /session/80b25485da4cce0461fa749928cde446/elements - {"using":"xpath","value":"//button[@data-kt=\"addButton\"]"}
RESULT: {"using":"xpath","value":"//button[@data-kt=\"addButton\"]"}
COMMAND: POST /session/80b25485da4cce0461fa749928cde446/elements - {"using":"xpath","value":"//button[@data-kt=\"addButton\"]"}
RESULT: {"using":"xpath","value":"//button[@data-kt=\"addButton\"]"}
COMMAND: POST /session/80b25485da4cce0461fa749928cde446/elements - {"using":"xpath","value":"//button[@data-kt=\"addButton\"]"}
RESULT: {"using":"xpath","value":"//button[@data-kt=\"addButton\"]"}
COMMAND: POST /session/80b25485da4cce0461fa749928cde446/elements - {"using":"xpath","value":"//button[@data-kt=\"addButton\"]"}
RESULT: {"using":"xpath","value":"//button[@data-kt=\"addButton\"]"}
COMMAND: POST /session/80b25485da4cce0461fa749928cde446/elements - {"using":"xpath","value":"//button[@data-kt=\"addButton\"]"}
RESULT: {"using":"xpath","value":"//button[@data-kt=\"addButton\"]"}
COMMAND: POST /session/80b25485da4cce0461fa749928cde446/elements - {"using":"xpath","value":"//button[@data-kt=\"addButton\"]"}
RESULT: {"using":"xpath","value":"//button[@data-kt=\"addButton\"]"}
COMMAND: POST /session/80b25485da4cce0461fa749928cde446/elements - {"using":"xpath","value":"//button[@data-kt=\"addButton\"]"}
RESULT: {"using":"xpath","value":"//button[@data-kt=\"addButton\"]"}
COMMAND: POST /session/80b25485da4cce0461fa749928cde446/elements - {"using":"xpath","value":"//button[@data-kt=\"addButton\"]"}
RESULT: {"using":"xpath","value":"//button[@data-kt=\"addButton\"]"}
COMMAND: POST /session/80b25485da4cce0461fa749928cde446/elements - {"using":"xpath","value":"//button[@data-kt=\"addButton\"]"}
RESULT: {"using":"xpath","value":"//button[@data-kt=\"addButton\"]"}
COMMAND: POST /session/80b25485da4cce0461fa749928cde446/elements - {"using":"xpath","value":"//button[@data-kt=\"addButton\"]"}
RESULT: {"using":"xpath","value":"//button[@data-kt=\"addButton\"]"}
COMMAND: POST /session/80b25485da4cce0461fa749928cde446/elements - {"using":"xpath","value":"//button[@data-kt=\"addButton\"]"}
RESULT: {"using":"xpath","value":"//button[@data-kt=\"addButton\"]"}
COMMAND: POST /session/80b25485da4cce0461fa749928cde446/elements - {"using":"xpath","value":"//button[@data-kt=\"addButton\"]"}
RESULT: {"using":"xpath","value":"//button[@data-kt=\"addButton\"]"}
COMMAND: POST /session/80b25485da4cce0461fa749928cde446/elements - {"using":"xpath","value":"//button[@data-kt=\"addButton\"]"}
RESULT: {"using":"xpath","value":"//button[@data-kt=\"addButton\"]"}
COMMAND: POST /session/80b25485da4cce0461fa749928cde446/elements - {"using":"xpath","value":"//button[@data-kt=\"addButton\"]"}
RESULT: {"using":"xpath","value":"//button[@data-kt=\"addButton\"]"}
COMMAND: POST /session/80b25485da4cce0461fa749928cde446/elements - {"using":"xpath","value":"//button[@data-kt=\"addButton\"]"}
RESULT: {"using":"xpath","value":"//button[@data-kt=\"addButton\"]"}
COMMAND: POST /session/80b25485da4cce0461fa749928cde446/elements - {"using":"xpath","value":"//button[@data-kt=\"addButton\"]"}
RESULT: {"using":"xpath","value":"//button[@data-kt=\"addButton\"]"}
COMMAND: POST /session/80b25485da4cce0461fa749928cde446/elements - {"using":"xpath","value":"//button[@data-kt=\"addButton\"]"}
RESULT: {"using":"xpath","value":"//button[@data-kt=\"addButton\"]"}
COMMAND: POST /session/80b25485da4cce0461fa749928cde446/elements - {"using":"xpath","value":"//button[@data-kt=\"addButton\"]"}
RESULT: {"using":"xpath","value":"//button[@data-kt=\"addButton\"]"}
COMMAND: POST /session/80b25485da4cce0461fa749928cde446/elements - {"using":"xpath","value":"//button[@data-kt=\"addButton\"]"}
RESULT: {"using":"xpath","value":"//button[@data-kt=\"addButton\"]"}
COMMAND: POST /session/80b25485da4cce0461fa749928cde446/elements - {"using":"xpath","value":"//button[@data-kt=\"addButton\"]"}
RESULT: {"using":"xpath","value":"//button[@data-kt=\"addButton\"]"}
COMMAND: POST /session/80b25485da4cce0461fa749928cde446/elements - {"using":"xpath","value":"//button[@data-kt=\"addButton\"]"}
RESULT: {"using":"xpath","value":"//button[@data-kt=\"addButton\"]"}
COMMAND: POST /session/80b25485da4cce0461fa749928cde446/elements - {"using":"xpath","value":"//button[@data-kt=\"addButton\"]"}
RESULT: {"using":"xpath","value":"//button[@data-kt=\"addButton\"]"}
COMMAND: POST /session/80b25485da4cce0461fa749928cde446/elements - {"using":"xpath","value":"//button[@data-kt=\"addButton\"]"}
RESULT: {"using":"xpath","value":"//button[@data-kt=\"addButton\"]"}
COMMAND: POST /session/80b25485da4cce0461fa749928cde446/elements - {"using":"xpath","value":"//button[@data-kt=\"addButton\"]"}
RESULT: {"using":"xpath","value":"//button[@data-kt=\"addButton\"]"}
COMMAND: POST /session/80b25485da4cce0461fa749928cde446/elements - {"using":"xpath","value":"//button[@data-kt=\"addButton\"]"}
RESULT: {"using":"xpath","value":"//button[@data-kt=\"addButton\"]"}
COMMAND: POST /session/80b25485da4cce0461fa749928cde446/elements - {"using":"xpath","value":"//button[@data-kt=\"addButton\"]"}
RESULT: {"using":"xpath","value":"//button[@data-kt=\"addButton\"]"}
COMMAND: POST /session/80b25485da4cce0461fa749928cde446/elements - {"using":"xpath","value":"//button[@data-kt=\"addButton\"]"}
RESULT: {"using":"xpath","value":"//button[@data-kt=\"addButton\"]"}
COMMAND: POST /session/80b25485da4cce0461fa749928cde446/elements - {"using":"xpath","value":"//button[@data-kt=\"addButton\"]"}
RESULT: {"using":"xpath","value":"//button[@data-kt=\"addButton\"]"}
COMMAND: POST /session/80b25485da4cce0461fa749928cde446/elements - {"using":"xpath","value":"//button[@data-kt=\"addButton\"]"}
RESULT: {"using":"xpath","value":"//button[@data-kt=\"addButton\"]"}
COMMAND: POST /session/80b25485da4cce0461fa749928cde446/elements - {"using":"xpath","value":"//button[@data-kt=\"addButton\"]"}
RESULT: {"using":"xpath","value":"//button[@data-kt=\"addButton\"]"}
COMMAND: POST /session/80b25485da4cce0461fa749928cde446/elements - {"using":"xpath","value":"//button[@data-kt=\"addButton\"]"}
RESULT: {"using":"xpath","value":"//button[@data-kt=\"addButton\"]"}
COMMAND: POST /session/80b25485da4cce0461fa749928cde446/elements - {"using":"xpath","value":"//button[@data-kt=\"addButton\"]"}
RESULT: {"using":"xpath","value":"//button[@data-kt=\"addButton\"]"}
COMMAND: POST /session/80b25485da4cce0461fa749928cde446/elements - {"using":"xpath","value":"//button[@data-kt=\"addButton\"]"}
RESULT: {"using":"xpath","value":"//button[@data-kt=\"addButton\"]"}
COMMAND: POST /session/80b25485da4cce0461fa749928cde446/elements - {"using":"xpath","value":"//button[@data-kt=\"addButton\"]"}
RESULT: {"using":"xpath","value":"//button[@data-kt=\"addButton\"]"}
COMMAND: POST /session/80b25485da4cce0461fa749928cde446/elements - {"using":"xpath","value":"//button[@data-kt=\"addButton\"]"}
RESULT: {"using":"xpath","value":"//button[@data-kt=\"addButton\"]"}
COMMAND: POST /session/80b25485da4cce0461fa749928cde446/elements - {"using":"xpath","value":"//button[@data-kt=\"addButton\"]"}
RESULT: {"using":"xpath","value":"//button[@data-kt=\"addButton\"]"}
COMMAND: POST /session/80b25485da4cce0461fa749928cde446/elements - {"using":"xpath","value":"//button[@data-kt=\"addButton\"]"}
RESULT: {"using":"xpath","value":"//button[@data-kt=\"addButton\"]"}
COMMAND: POST /session/80b25485da4cce0461fa749928cde446/elements - {"using":"xpath","value":"//button[@data-kt=\"addButton\"]"}
RESULT: {"using":"xpath","value":"//button[@data-kt=\"addButton\"]"}
COMMAND: POST /session/80b25485da4cce0461fa749928cde446/elements - {"using":"xpath","value":"//button[@data-kt=\"addButton\"]"}
RESULT: {"using":"xpath","value":"//button[@data-kt=\"addButton\"]"}
COMMAND: POST /session/80b25485da4cce0461fa749928cde446/elements - {"using":"xpath","value":"//button[@data-kt=\"addButton\"]"}
RESULT: {"using":"xpath","value":"//button[@data-kt=\"addButton\"]"}
COMMAND: POST /session/80b25485da4cce0461fa749928cde446/elements - {"using":"xpath","value":"//button[@data-kt=\"addButton\"]"}
RESULT: {"using":"xpath","value":"//button[@data-kt=\"addButton\"]"}
COMMAND: POST /session/80b25485da4cce0461fa749928cde446/elements - {"using":"xpath","value":"//button[@data-kt=\"addButton\"]"}
RESULT: {"using":"xpath","value":"//button[@data-kt=\"addButton\"]"}
COMMAND: POST /session/80b25485da4cce0461fa749928cde446/elements - {"using":"xpath","value":"//button[@data-kt=\"addButton\"]"}
RESULT: {"using":"xpath","value":"//button[@data-kt=\"addButton\"]"}
COMMAND: POST /session/80b25485da4cce0461fa749928cde446/elements - {"using":"xpath","value":"//button[@data-kt=\"addButton\"]"}
RESULT: {"using":"xpath","value":"//button[@data-kt=\"addButton\"]"}
COMMAND: POST /session/80b25485da4cce0461fa749928cde446/elements - {"using":"xpath","value":"//button[@data-kt=\"addButton\"]"}
RESULT: {"using":"xpath","value":"//button[@data-kt=\"addButton\"]"}
COMMAND: POST /session/80b25485da4cce0461fa749928cde446/elements - {"using":"xpath","value":"//button[@data-kt=\"addButton\"]"}
RESULT: {"using":"xpath","value":"//button[@data-kt=\"addButton\"]"}
COMMAND: POST /session/80b25485da4cce0461fa749928cde446/elements - {"using":"xpath","value":"//button[@data-kt=\"addButton\"]"}
RESULT: {"using":"xpath","value":"//button[@data-kt=\"addButton\"]"}
COMMAND: POST /session/80b25485da4cce0461fa749928cde446/elements - {"using":"xpath","value":"//button[@data-kt=\"addButton\"]"}
RESULT: {"using":"xpath","value":"//button[@data-kt=\"addButton\"]"}
COMMAND: POST /session/80b25485da4cce0461fa749928cde446/elements - {"using":"xpath","value":"//button[@data-kt=\"addButton\"]"}
RESULT: {"using":"xpath","value":"//button[@data-kt=\"addButton\"]"}
COMMAND: POST /session/80b25485da4cce0461fa749928cde446/elements - {"using":"xpath","value":"//button[@data-kt=\"addButton\"]"}
RESULT: {"using":"xpath","value":"//button[@data-kt=\"addButton\"]"}
COMMAND: POST /session/80b25485da4cce0461fa749928cde446/elements - {"using":"xpath","value":"//button[@data-kt=\"addButton\"]"}
RESULT: {"using":"xpath","value":"//button[@data-kt=\"addButton\"]"}
COMMAND: POST /session/80b25485da4cce0461fa749928cde446/elements - {"using":"xpath","value":"//button[@data-kt=\"addButton\"]"}
RESULT: {"using":"xpath","value":"//button[@data-kt=\"addButton\"]"}
COMMAND: POST /session/80b25485da4cce0461fa749928cde446/elements - {"using":"xpath","value":"//button[@data-kt=\"addButton\"]"}
RESULT: {"using":"xpath","value":"//button[@data-kt=\"addButton\"]"}
COMMAND: POST /session/80b25485da4cce0461fa749928cde446/elements - {"using":"xpath","value":"//button[@data-kt=\"addButton\"]"}
RESULT: {"using":"xpath","value":"//button[@data-kt=\"addButton\"]"}
COMMAND: POST /session/80b25485da4cce0461fa749928cde446/elements - {"using":"xpath","value":"//button[@data-kt=\"addButton\"]"}
RESULT: {"using":"xpath","value":"//button[@data-kt=\"addButton\"]"}
COMMAND: POST /session/80b25485da4cce0461fa749928cde446/elements - {"using":"xpath","value":"//button[@data-kt=\"addButton\"]"}
RESULT: {"using":"xpath","value":"//button[@data-kt=\"addButton\"]"}
COMMAND: POST /session/80b25485da4cce0461fa749928cde446/elements - {"using":"xpath","value":"//button[@data-kt=\"addButton\"]"}
RESULT: {"using":"xpath","value":"//button[@data-kt=\"addButton\"]"}
COMMAND: POST /session/80b25485da4cce0461fa749928cde446/elements - {"using":"xpath","value":"//button[@data-kt=\"addButton\"]"}
RESULT: {"using":"xpath","value":"//button[@data-kt=\"addButton\"]"}
COMMAND: POST /session/80b25485da4cce0461fa749928cde446/elements - {"using":"xpath","value":"//button[@data-kt=\"addButton\"]"}
RESULT: {"using":"xpath","value":"//button[@data-kt=\"addButton\"]"}
COMMAND: POST /session/80b25485da4cce0461fa749928cde446/elements - {"using":"xpath","value":"//button[@data-kt=\"addButton\"]"}
RESULT: {"using":"xpath","value":"//button[@data-kt=\"addButton\"]"}
COMMAND: POST /session/80b25485da4cce0461fa749928cde446/elements - {"using":"xpath","value":"//button[@data-kt=\"addButton\"]"}
RESULT: {"using":"xpath","value":"//button[@data-kt=\"addButton\"]"}
COMMAND: POST /session/80b25485da4cce0461fa749928cde446/elements - {"using":"xpath","value":"//button[@data-kt=\"addButton\"]"}
RESULT: {"using":"xpath","value":"//button[@data-kt=\"addButton\"]"}
COMMAND: POST /session/80b25485da4cce0461fa749928cde446/elements - {"using":"xpath","value":"//button[@data-kt=\"addButton\"]"}
RESULT: {"using":"xpath","value":"//button[@data-kt=\"addButton\"]"}
COMMAND: POST /session/80b25485da4cce0461fa749928cde446/elements - {"using":"xpath","value":"//button[@data-kt=\"addButton\"]"}
RESULT: {"using":"xpath","value":"//button[@data-kt=\"addButton\"]"}
COMMAND: POST /session/80b25485da4cce0461fa749928cde446/elements - {"using":"xpath","value":"//button[@data-kt=\"addButton\"]"}
RESULT: {"using":"xpath","value":"//button[@data-kt=\"addButton\"]"}
COMMAND: POST /session/80b25485da4cce0461fa749928cde446/elements - {"using":"xpath","value":"//button[@data-kt=\"addButton\"]"}
RESULT: {"using":"xpath","value":"//button[@data-kt=\"addButton\"]"}
COMMAND: POST /session/80b25485da4cce0461fa749928cde446/elements - {"using":"xpath","value":"//button[@data-kt=\"addButton\"]"}
RESULT: {"using":"xpath","value":"//button[@data-kt=\"addButton\"]"}
COMMAND: POST /session/80b25485da4cce0461fa749928cde446/elements - {"using":"xpath","value":"//button[@data-kt=\"addButton\"]"}
RESULT: {"using":"xpath","value":"//button[@data-kt=\"addButton\"]"}
COMMAND: POST /session/80b25485da4cce0461fa749928cde446/elements - {"using":"xpath","value":"//button[@data-kt=\"addButton\"]"}
RESULT: {"using":"xpath","value":"//button[@data-kt=\"addButton\"]"}
COMMAND: POST /session/80b25485da4cce0461fa749928cde446/elements - {"using":"xpath","value":"//button[@data-kt=\"addButton\"]"}
RESULT: {"using":"xpath","value":"//button[@data-kt=\"addButton\"]"}
COMMAND: POST /session/80b25485da4cce0461fa749928cde446/elements - {"using":"xpath","value":"//button[@data-kt=\"addButton\"]"}
RESULT: {"using":"xpath","value":"//button[@data-kt=\"addButton\"]"}
COMMAND: POST /session/80b25485da4cce0461fa749928cde446/elements - {"using":"xpath","value":"//button[@data-kt=\"addButton\"]"}
RESULT: {"using":"xpath","value":"//button[@data-kt=\"addButton\"]"}
COMMAND: POST /session/80b25485da4cce0461fa749928cde446/elements - {"using":"xpath","value":"//button[@data-kt=\"addButton\"]"}
RESULT: {"using":"xpath","value":"//button[@data-kt=\"addButton\"]"}
COMMAND: POST /session/80b25485da4cce0461fa749928cde446/elements - {"using":"xpath","value":"//button[@data-kt=\"addButton\"]"}
RESULT: {"using":"xpath","value":"//button[@data-kt=\"addButton\"]"}
COMMAND: POST /session/80b25485da4cce0461fa749928cde446/elements - {"using":"xpath","value":"//button[@data-kt=\"addButton\"]"}
RESULT: {"using":"xpath","value":"//button[@data-kt=\"addButton\"]"}
COMMAND: POST /session/80b25485da4cce0461fa749928cde446/elements - {"using":"xpath","value":"//button[@data-kt=\"addButton\"]"}
COMMAND: GET /session/80b25485da4cce0461fa749928cde446/screenshot - {}
RESULT: {"using":"xpath","value":"//button[@data-kt=\"addButton\"]"}
RESULT: {}
COMMAND: POST /session/80b25485da4cce0461fa749928cde446/element - {"using":"css selector","value":"#j_username"}
COMMAND: POST /session/80b25485da4cce0461fa749928cde446/url - {"url":"https://qa-testing-00-live-etm-ui.cfapps.eu10-004.hana.ondemand.com/"}
COMMAND: GET /session/80b25485da4cce0461fa749928cde446/screenshot - {}
COMMAND: GET /session/80b25485da4cce0461fa749928cde446/screenshot - {}
RESULT: {"url":"https://qa-testing-00-live-etm-ui.cfapps.eu10-004.hana.ondemand.com/"}
RESULT: undefined
COMMAND: GET /session/80b25485da4cce0461fa749928cde446/screenshot - {}
RESULT: {"using":"css selector","value":"#j_username"}
COMMAND: POST /session/80b25485da4cce0461fa749928cde446/element - {"using":"css selector","value":"#j_username"}
RESULT: {}
RESULT: {}
RESULT: {}
RESULT: {"using":"css selector","value":"#j_username"}
COMMAND: POST /session/80b25485da4cce0461fa749928cde446/element - {"using":"css selector","value":"#shell-header-logo"}
RESULT: {"using":"css selector","value":"#shell-header-logo"}
COMMAND: POST /session/80b25485da4cce0461fa749928cde446/execute/sync - {"script":"<script> [8489 bytes]","args":[{"element-6066-11e4-a52e-4f735466cecf":"f.499FA332C3249B1FB6786AFDCB682F30.d.3207F4FB34BA93F79C7844CC72361BEF.e.12905","ELEMENT":"f.499FA332C3249B1FB6786AFDCB682F30.d.3207F4FB34BA93F79C7844CC72361BEF.e.12905"}]}
RESULT: {"script":"<script> [8489 bytes]","args":[{"element-6066-11e4-a52e-4f735466cecf":"f.499FA332C3249B1FB6786AFDCB682F30.d.3207F4FB34BA93F79C7844CC72361BEF.e.12905","ELEMENT":"f.499FA332C3249B1FB6786AFDCB682F30.d.3207F4FB34BA93F79C7844CC72361BEF.e.12905"}]}
COMMAND: POST /session/80b25485da4cce0461fa749928cde446/element - {"using":"css selector","value":"#shell-header-logo"}
COMMAND: GET /session/80b25485da4cce0461fa749928cde446/screenshot - {}
RESULT: {"using":"css selector","value":"#shell-header-logo"}
COMMAND: POST /session/80b25485da4cce0461fa749928cde446/execute/sync - {"script":"<script> [8489 bytes]","args":[{"element-6066-11e4-a52e-4f735466cecf":"f.499FA332C3249B1FB6786AFDCB682F30.d.3207F4FB34BA93F79C7844CC72361BEF.e.12905","ELEMENT":"f.499FA332C3249B1FB6786AFDCB682F30.d.3207F4FB34BA93F79C7844CC72361BEF.e.12905"}]}
RESULT: {}
RESULT: {"script":"<script> [8489 bytes]","args":[{"element-6066-11e4-a52e-4f735466cecf":"f.499FA332C3249B1FB6786AFDCB682F30.d.3207F4FB34BA93F79C7844CC72361BEF.e.12905","ELEMENT":"f.499FA332C3249B1FB6786AFDCB682F30.d.3207F4FB34BA93F79C7844CC72361BEF.e.12905"}]}
COMMAND: POST /session/80b25485da4cce0461fa749928cde446/execute/sync - {"script":"<script> [5351 bytes]","args":[{"element-6066-11e4-a52e-4f735466cecf":"f.499FA332C3249B1FB6786AFDCB682F30.d.3207F4FB34BA93F79C7844CC72361BEF.e.12905","ELEMENT":"f.499FA332C3249B1FB6786AFDCB682F30.d.3207F4FB34BA93F79C7844CC72361BEF.e.12905"}]}
COMMAND: GET /session/80b25485da4cce0461fa749928cde446/screenshot - {}
RESULT: {"script":"<script> [5351 bytes]","args":[{"element-6066-11e4-a52e-4f735466cecf":"f.499FA332C3249B1FB6786AFDCB682F30.d.3207F4FB34BA93F79C7844CC72361BEF.e.12905","ELEMENT":"f.499FA332C3249B1FB6786AFDCB682F30.d.3207F4FB34BA93F79C7844CC72361BEF.e.12905"}]}
COMMAND: POST /session/80b25485da4cce0461fa749928cde446/element - {"using":"css selector","value":"#shell-header-logo"}
COMMAND: GET /session/80b25485da4cce0461fa749928cde446/screenshot - {}
RESULT: {}
RESULT: {"using":"css selector","value":"#shell-header-logo"}
COMMAND: POST /session/80b25485da4cce0461fa749928cde446/element/f.499FA332C3249B1FB6786AFDCB682F30.d.3207F4FB34BA93F79C7844CC72361BEF.e.12905/click - {}
RESULT: {}
RESULT: {}
COMMAND: GET /session/80b25485da4cce0461fa749928cde446/screenshot - {}
RESULT: {}
COMMAND: POST /session/80b25485da4cce0461fa749928cde446/execute/async - {"script":"<script> [189 bytes]","args":[]}
RESULT: {"script":"<script> [189 bytes]","args":[]}
COMMAND: POST /session/80b25485da4cce0461fa749928cde446/execute/async - {"script":"<script> [123 bytes]","args":[]}
RESULT: {"script":"<script> [123 bytes]","args":[]}
COMMAND: POST /session/80b25485da4cce0461fa749928cde446/timeouts - {"script":"<number>"}
RESULT: {"script":"<number>"}
COMMAND: GET /session/80b25485da4cce0461fa749928cde446/timeouts - {}
RESULT: {}
RESULT: undefined
COMMAND: POST /session/80b25485da4cce0461fa749928cde446/execute/async - {"script":"<script> [2676 bytes]","args":[]}
RESULT: {"script":"<script> [2676 bytes]","args":[]}
COMMAND: POST /session/80b25485da4cce0461fa749928cde446/execute/async - {"script":"<script> [2342 bytes]","args":[{"protocol":"http","hostname":"0.0.0.0","path":"/","capabilities":{"browserName":"chrome","goog:chromeOptions":{"binary":"C:\\Program Files\\Google\\Chrome\\Application\\chrome.exe","args":["--start-maximized"]}},"logLevel":"warn","connectionRetryTimeout":120000,"connectionRetryCount":3,"logLevels":{},"enableDirectConnect":true,"strictSSL":true,"_":"65 more keys: [\"cacheDir\",\"port\",\"requestedCapabilities\",\"automationProtocol\",\"baseUrl\",\"waitforInterval\",\"waitforTimeout\",\"onReload\",\"beforeCommand\",\"afterCommand\",\"rootDir\",\"specs\",\"suites\",\"exclude\",\"groupLogsByTestSpec\",\"excludeDriverLogs\",\"bail\",\"framework\",\"reporters\",\"services\",\"maxInstances\",\"maxInstancesPerCapability\",\"injectGlobals\",\"filesToWatch\",\"execArgv\",\"runnerEnv\",\"runner\",\"shard\",\"specFileRetries\",\"specFileRetriesDelay\",\"specFileRetriesDeferred\",\"reporterSyncInterval\",\"reporterSyncTimeout\",\"cucumberFeaturesWithLineNumbers\",\"autoCompileOpts\",\"mochaOpts\",\"jasmineOpts\",\"cucumberOpts\",\"onPrepare\",\"onWorkerStart\",\"onWorkerEnd\",\"before\",\"beforeSession\",\"beforeSuite\",\"beforeHook\",\"beforeTest\",\"afterTest\",\"afterHook\",\"afterSuite\",\"afterSession\",\"after\",\"onComplete\",\"beforeAssertion\",\"afterAssertion\",\"beforeFeature\",\"beforeScenario\",\"beforeStep\",\"afterStep\",\"afterScenario\",\"afterFeature\",\"_\",\"suite\",\"$0\",\"ignoredWorkerServices\",\"wdi5\"]"}]}
RESULT: {"script":"<script> [2342 bytes]","args":[{"protocol":"http","hostname":"0.0.0.0","path":"/","capabilities":{"browserName":"chrome","goog:chromeOptions":{"binary":"C:\\Program Files\\Google\\Chrome\\Application\\chrome.exe","args":["--start-maximized"]}},"logLevel":"warn","connectionRetryTimeout":120000,"connectionRetryCount":3,"logLevels":{},"enableDirectConnect":true,"strictSSL":true,"_":"65 more keys: [\"cacheDir\",\"port\",\"requestedCapabilities\",\"automationProtocol\",\"baseUrl\",\"waitforInterval\",\"waitforTimeout\",\"onReload\",\"beforeCommand\",\"afterCommand\",\"rootDir\",\"specs\",\"suites\",\"exclude\",\"groupLogsByTestSpec\",\"excludeDriverLogs\",\"bail\",\"framework\",\"reporters\",\"services\",\"maxInstances\",\"maxInstancesPerCapability\",\"injectGlobals\",\"filesToWatch\",\"execArgv\",\"runnerEnv\",\"runner\",\"shard\",\"specFileRetries\",\"specFileRetriesDelay\",\"specFileRetriesDeferred\",\"reporterSyncInterval\",\"reporterSyncTimeout\",\"cucumberFeaturesWithLineNumbers\",\"autoCompileOpts\",\"mochaOpts\",\"jasmineOpts\",\"cucumberOpts\",\"onPrepare\",\"onWorkerStart\",\"onWorkerEnd\",\"before\",\"beforeSession\",\"beforeSuite\",\"beforeHook\",\"beforeTest\",\"afterTest\",\"afterHook\",\"afterSuite\",\"afterSession\",\"after\",\"onComplete\",\"beforeAssertion\",\"afterAssertion\",\"beforeFeature\",\"beforeScenario\",\"beforeStep\",\"afterStep\",\"afterScenario\",\"afterFeature\",\"_\",\"suite\",\"$0\",\"ignoredWorkerServices\",\"wdi5\"]"}]}
COMMAND: POST /session/80b25485da4cce0461fa749928cde446/execute/async - {"script":"<script> [21126 bytes]","args":[35000]}
RESULT: {"script":"<script> [21126 bytes]","args":[35000]}
COMMAND: POST /session/80b25485da4cce0461fa749928cde446/window/maximize - {}
RESULT: {}
COMMAND: POST /session/80b25485da4cce0461fa749928cde446/execute/async - {"script":"<script> [1562 bytes]","args":[{"selector":{"id":"shell-header","interaction":{"idSuffix":"icon"}},"wdio_ui5_key":"shellheader"}]}
COMMAND: GET /session/80b25485da4cce0461fa749928cde446/screenshot - {}
RESULT: {"script":"<script> [1562 bytes]","args":[{"selector":{"id":"shell-header","interaction":{"idSuffix":"icon"}},"wdio_ui5_key":"shellheader"}]}
RESULT: undefined
COMMAND: POST /session/80b25485da4cce0461fa749928cde446/window/fullscreen - {}
RESULT: {}
RESULT: {}
]]></system-out>
      <system-err><![CDATA[
Error: element ("//button[@data-kt="addButton"]") still not existing after 45000ms
    at async Context.<anonymous> (D:\a\1\s\test\specs\HTR\return-from-site-w-warehouse-management-w-clarification.spec.js:411:9)
]]></system-err>
    </testcase>
  </testsuite>
  <testsuite timestamp="2025-06-01T17:15:15" time="500.238" tests="9" failures="3" errors="3" skipped="0">
    <properties>
      <property name="specId" value="0"/>
      <property name="suiteName" value="Create masterdata for Yard Overview - trigger provide US130988"/>
      <property name="capabilities" value="chrome.136_0_7103_93.windows"/>
      <property name="file" value="file:///D:/a/1/s/test/specs/HTR/stock-decrease.spec.js"/>
    </properties>
    <testcase classname="chrome.136_0_7103_93.windows.Create_masterdata_for_Yard_Overview_-_trigger_provide_US130988" name="Should create a new WHM yard" time="0.014">
      <system-out><![CDATA[
COMMAND: POST /session/80b25485da4cce0461fa749928cde446/window/fullscreen - {}
RESULT: {}
]]></system-out>
    </testcase>
    <testcase classname="chrome.136_0_7103_93.windows.Create_masterdata_for_Yard_Overview_-_trigger_provide_US130988" name="Should create a new partner" time="0.004"/>
    <testcase classname="chrome.136_0_7103_93.windows.Create_masterdata_for_Yard_Overview_-_trigger_provide_US130988" name="Should create a new site" time="0.003"/>
    <testcase classname="chrome.136_0_7103_93.windows.Create_masterdata_for_Yard_Overview_-_trigger_provide_US130988" name="Should create a new material" time="121.577">
      <system-out><![CDATA[
COMMAND: POST /session/80b25485da4cce0461fa749928cde446/execute/async - {"script":"<script> [1562 bytes]","args":[{"selector":{"controlType":"sap.m.GenericTile","properties":{"header":"Manage Resources"}},"wdio_ui5_key":"sapm.GenericTile{\"header\":\"Manage Resources\"}"}]}
RESULT: {"script":"<script> [1562 bytes]","args":[{"selector":{"controlType":"sap.m.GenericTile","properties":{"header":"Manage Resources"}},"wdio_ui5_key":"sapm.GenericTile{\"header\":\"Manage Resources\"}"}]}
RESULT: undefined
COMMAND: POST /session/80b25485da4cce0461fa749928cde446/element - {"using":"xpath","value":"//*[@id=\"__tile31\"]"}
RESULT: {"using":"xpath","value":"//*[@id=\"__tile31\"]"}
COMMAND: POST /session/80b25485da4cce0461fa749928cde446/element/f.499FA332C3249B1FB6786AFDCB682F30.d.3207F4FB34BA93F79C7844CC72361BEF.e.12924/click - {}
RESULT: {}
COMMAND: GET /session/80b25485da4cce0461fa749928cde446/screenshot - {}
RESULT: {}
COMMAND: POST /session/80b25485da4cce0461fa749928cde446/elements - {"using":"xpath","value":"//span[text()='Error']"}
RESULT: {"using":"xpath","value":"//span[text()='Error']"}
COMMAND: POST /session/80b25485da4cce0461fa749928cde446/element - {"using":"xpath","value":"//button[@data-kt=\"addNewRUOverflowToolbarButton\"]"}
RESULT: {"using":"xpath","value":"//button[@data-kt=\"addNewRUOverflowToolbarButton\"]"}
COMMAND: POST /session/80b25485da4cce0461fa749928cde446/elements - {"using":"xpath","value":"//button[@data-kt=\"addNewRUOverflowToolbarButton\"]"}
RESULT: {"using":"xpath","value":"//button[@data-kt=\"addNewRUOverflowToolbarButton\"]"}
COMMAND: POST /session/80b25485da4cce0461fa749928cde446/element - {"using":"xpath","value":"//button[@data-kt=\"addNewRUOverflowToolbarButton\"]"}
RESULT: {"using":"xpath","value":"//button[@data-kt=\"addNewRUOverflowToolbarButton\"]"}
COMMAND: POST /session/80b25485da4cce0461fa749928cde446/execute/sync - {"script":"<script> [8489 bytes]","args":[{"element-6066-11e4-a52e-4f735466cecf":"f.499FA332C3249B1FB6786AFDCB682F30.d.3207F4FB34BA93F79C7844CC72361BEF.e.13052","ELEMENT":"f.499FA332C3249B1FB6786AFDCB682F30.d.3207F4FB34BA93F79C7844CC72361BEF.e.13052"}]}
RESULT: {"script":"<script> [8489 bytes]","args":[{"element-6066-11e4-a52e-4f735466cecf":"f.499FA332C3249B1FB6786AFDCB682F30.d.3207F4FB34BA93F79C7844CC72361BEF.e.13052","ELEMENT":"f.499FA332C3249B1FB6786AFDCB682F30.d.3207F4FB34BA93F79C7844CC72361BEF.e.13052"}]}
COMMAND: GET /session/80b25485da4cce0461fa749928cde446/element/f.499FA332C3249B1FB6786AFDCB682F30.d.3207F4FB34BA93F79C7844CC72361BEF.e.13052/enabled - {}
COMMAND: GET /session/80b25485da4cce0461fa749928cde446/screenshot - {}
RESULT: {}
COMMAND: POST /session/80b25485da4cce0461fa749928cde446/execute/sync - {"script":"<script> [8489 bytes]","args":[{"element-6066-11e4-a52e-4f735466cecf":"f.499FA332C3249B1FB6786AFDCB682F30.d.3207F4FB34BA93F79C7844CC72361BEF.e.13052","ELEMENT":"f.499FA332C3249B1FB6786AFDCB682F30.d.3207F4FB34BA93F79C7844CC72361BEF.e.13052"}]}
COMMAND: GET /session/80b25485da4cce0461fa749928cde446/screenshot - {}
RESULT: {}
RESULT: {"script":"<script> [8489 bytes]","args":[{"element-6066-11e4-a52e-4f735466cecf":"f.499FA332C3249B1FB6786AFDCB682F30.d.3207F4FB34BA93F79C7844CC72361BEF.e.13052","ELEMENT":"f.499FA332C3249B1FB6786AFDCB682F30.d.3207F4FB34BA93F79C7844CC72361BEF.e.13052"}]}
COMMAND: POST /session/80b25485da4cce0461fa749928cde446/execute/sync - {"script":"<script> [5351 bytes]","args":[{"element-6066-11e4-a52e-4f735466cecf":"f.499FA332C3249B1FB6786AFDCB682F30.d.3207F4FB34BA93F79C7844CC72361BEF.e.13052","ELEMENT":"f.499FA332C3249B1FB6786AFDCB682F30.d.3207F4FB34BA93F79C7844CC72361BEF.e.13052"}]}
COMMAND: GET /session/80b25485da4cce0461fa749928cde446/screenshot - {}
RESULT: {}
RESULT: {"script":"<script> [5351 bytes]","args":[{"element-6066-11e4-a52e-4f735466cecf":"f.499FA332C3249B1FB6786AFDCB682F30.d.3207F4FB34BA93F79C7844CC72361BEF.e.13052","ELEMENT":"f.499FA332C3249B1FB6786AFDCB682F30.d.3207F4FB34BA93F79C7844CC72361BEF.e.13052"}]}
COMMAND: POST /session/80b25485da4cce0461fa749928cde446/element/f.499FA332C3249B1FB6786AFDCB682F30.d.3207F4FB34BA93F79C7844CC72361BEF.e.13052/click - {}
COMMAND: GET /session/80b25485da4cce0461fa749928cde446/screenshot - {}
RESULT: {}
RESULT: {}
COMMAND: GET /session/80b25485da4cce0461fa749928cde446/screenshot - {}
RESULT: {}
RESULT: {}
COMMAND: POST /session/80b25485da4cce0461fa749928cde446/execute/async - {"script":"<script> [1562 bytes]","args":[{"selector":{"id":"application-manageresources-display-component---newResourceUnit--TYPE-arrow"},"wdio_ui5_key":"applicationmanageresources-display-component---newResourceUnit--TYPE-arrow"}]}
RESULT: {"script":"<script> [1562 bytes]","args":[{"selector":{"id":"application-manageresources-display-component---newResourceUnit--TYPE-arrow"},"wdio_ui5_key":"applicationmanageresources-display-component---newResourceUnit--TYPE-arrow"}]}
RESULT: undefined
COMMAND: POST /session/80b25485da4cce0461fa749928cde446/element - {"using":"xpath","value":"//*[@id=\"application-manageresources-display-component---newResourceUnit--TYPE-arrow\"]"}
RESULT: {"using":"xpath","value":"//*[@id=\"application-manageresources-display-component---newResourceUnit--TYPE-arrow\"]"}
COMMAND: POST /session/80b25485da4cce0461fa749928cde446/element/f.499FA332C3249B1FB6786AFDCB682F30.d.3207F4FB34BA93F79C7844CC72361BEF.e.13423/click - {}
RESULT: {}
COMMAND: POST /session/80b25485da4cce0461fa749928cde446/element - {"using":"xpath","value":"//input[@id=\"application-manageresources-display-component---newResourceUnit--TYPE-inner\"]"}
COMMAND: GET /session/80b25485da4cce0461fa749928cde446/screenshot - {}
RESULT: {"using":"xpath","value":"//input[@id=\"application-manageresources-display-component---newResourceUnit--TYPE-inner\"]"}
COMMAND: POST /session/80b25485da4cce0461fa749928cde446/element/f.499FA332C3249B1FB6786AFDCB682F30.d.3207F4FB34BA93F79C7844CC72361BEF.e.13405/clear - {}
RESULT: {}
RESULT: {}
COMMAND: POST /session/80b25485da4cce0461fa749928cde446/element/f.499FA332C3249B1FB6786AFDCB682F30.d.3207F4FB34BA93F79C7844CC72361BEF.e.13405/value - {"text":"Material"}
COMMAND: GET /session/80b25485da4cce0461fa749928cde446/screenshot - {}
RESULT: {"text":"Material"}
COMMAND: GET /session/80b25485da4cce0461fa749928cde446/screenshot - {}
RESULT: {}
RESULT: {}
COMMAND: POST /session/80b25485da4cce0461fa749928cde446/actions - {"actions":[{"id":"action42","type":"key","parameters":{},"actions":[{"type":"keyDown","value":""},{"type":"pause","duration":10},{"type":"keyUp","value":""}]}]}
RESULT: {"actions":[{"id":"action42","type":"key","parameters":{},"actions":[{"type":"keyDown","value":""},{"type":"pause","duration":10},{"type":"keyUp","value":""}]}]}
COMMAND: POST /session/80b25485da4cce0461fa749928cde446/execute/async - {"script":"<script> [1562 bytes]","args":[{"selector":{"id":"application-manageresources-display-component---newResourceUnit--SHORT_TEXT","interaction":{"idSuffix":"inner"}},"wdio_ui5_key":"applicationmanageresources-display-component---newResourceUnit--SHORT_TEXT"}]}
COMMAND: GET /session/80b25485da4cce0461fa749928cde446/screenshot - {}
RESULT: {"script":"<script> [1562 bytes]","args":[{"selector":{"id":"application-manageresources-display-component---newResourceUnit--SHORT_TEXT","interaction":{"idSuffix":"inner"}},"wdio_ui5_key":"applicationmanageresources-display-component---newResourceUnit--SHORT_TEXT"}]}
RESULT: undefined
COMMAND: POST /session/80b25485da4cce0461fa749928cde446/execute/async - {"script":"<script> [776 bytes]","args":[{"enterText":"Cement WDIO","selector":{"id":"application-manageresources-display-component---newResourceUnit--SHORT_TEXT","interaction":{"idSuffix":"inner"}},"clearTextFirst":true,"interactionType":"ENTER_TEXT"}]}
RESULT: {}
RESULT: {"script":"<script> [776 bytes]","args":[{"enterText":"Cement WDIO","selector":{"id":"application-manageresources-display-component---newResourceUnit--SHORT_TEXT","interaction":{"idSuffix":"inner"}},"clearTextFirst":true,"interactionType":"ENTER_TEXT"}]}
COMMAND: POST /session/80b25485da4cce0461fa749928cde446/execute/async - {"script":"<script> [1562 bytes]","args":[{"selector":{"id":"application-manageresources-display-component---newResourceUnit--BASE_UNIT_OF_MEASURE","interaction":{"idSuffix":"inner"}},"wdio_ui5_key":"applicationmanageresources-display-component---newResourceUnit--BASE_UNIT_OF_MEASURE"}]}
RESULT: {"script":"<script> [1562 bytes]","args":[{"selector":{"id":"application-manageresources-display-component---newResourceUnit--BASE_UNIT_OF_MEASURE","interaction":{"idSuffix":"inner"}},"wdio_ui5_key":"applicationmanageresources-display-component---newResourceUnit--BASE_UNIT_OF_MEASURE"}]}
RESULT: undefined
COMMAND: POST /session/80b25485da4cce0461fa749928cde446/execute/async - {"script":"<script> [776 bytes]","args":[{"enterText":"Piece","selector":{"id":"application-manageresources-display-component---newResourceUnit--BASE_UNIT_OF_MEASURE","interaction":{"idSuffix":"inner"}},"clearTextFirst":true,"interactionType":"ENTER_TEXT"}]}
RESULT: {"script":"<script> [776 bytes]","args":[{"enterText":"Piece","selector":{"id":"application-manageresources-display-component---newResourceUnit--BASE_UNIT_OF_MEASURE","interaction":{"idSuffix":"inner"}},"clearTextFirst":true,"interactionType":"ENTER_TEXT"}]}
COMMAND: POST /session/80b25485da4cce0461fa749928cde446/execute/async - {"script":"<script> [1562 bytes]","args":[{"selector":{"id":"application-manageresources-display-component---newResourceUnit--WEIGHT_UNIT","interaction":{"idSuffix":"inner"}},"wdio_ui5_key":"applicationmanageresources-display-component---newResourceUnit--WEIGHT_UNIT"}]}
RESULT: {"script":"<script> [1562 bytes]","args":[{"selector":{"id":"application-manageresources-display-component---newResourceUnit--WEIGHT_UNIT","interaction":{"idSuffix":"inner"}},"wdio_ui5_key":"applicationmanageresources-display-component---newResourceUnit--WEIGHT_UNIT"}]}
RESULT: undefined
COMMAND: POST /session/80b25485da4cce0461fa749928cde446/execute/async - {"script":"<script> [776 bytes]","args":[{"enterText":"Gram","selector":{"id":"application-manageresources-display-component---newResourceUnit--WEIGHT_UNIT","interaction":{"idSuffix":"inner"}},"clearTextFirst":true,"interactionType":"ENTER_TEXT"}]}
RESULT: {"script":"<script> [776 bytes]","args":[{"enterText":"Gram","selector":{"id":"application-manageresources-display-component---newResourceUnit--WEIGHT_UNIT","interaction":{"idSuffix":"inner"}},"clearTextFirst":true,"interactionType":"ENTER_TEXT"}]}
COMMAND: POST /session/80b25485da4cce0461fa749928cde446/execute/async - {"script":"<script> [1562 bytes]","args":[{"selector":{"id":"application-manageresources-display-component---newResourceUnit--DIMENSION_UNIT","interaction":{"idSuffix":"inner"}},"wdio_ui5_key":"applicationmanageresources-display-component---newResourceUnit--DIMENSION_UNIT"}]}
RESULT: {"script":"<script> [1562 bytes]","args":[{"selector":{"id":"application-manageresources-display-component---newResourceUnit--DIMENSION_UNIT","interaction":{"idSuffix":"inner"}},"wdio_ui5_key":"applicationmanageresources-display-component---newResourceUnit--DIMENSION_UNIT"}]}
RESULT: undefined
COMMAND: POST /session/80b25485da4cce0461fa749928cde446/execute/async - {"script":"<script> [776 bytes]","args":[{"enterText":"Meter","selector":{"id":"application-manageresources-display-component---newResourceUnit--DIMENSION_UNIT","interaction":{"idSuffix":"inner"}},"clearTextFirst":true,"interactionType":"ENTER_TEXT"}]}
RESULT: {"script":"<script> [776 bytes]","args":[{"enterText":"Meter","selector":{"id":"application-manageresources-display-component---newResourceUnit--DIMENSION_UNIT","interaction":{"idSuffix":"inner"}},"clearTextFirst":true,"interactionType":"ENTER_TEXT"}]}
COMMAND: POST /session/80b25485da4cce0461fa749928cde446/execute/async - {"script":"<script> [1562 bytes]","args":[{"selector":{"id":"application-manageresources-display-component---newResourceUnit--newRRUPage-anchBar-application-manageresources-display-component---newResourceUnit--control-anchor","interaction":{"idSuffix":"BDI-content"}},"wdio_ui5_key":"applicationmanageresources-display-component---newResourceUnit--newRRUPage-anchBar-application-manageresources-display-component---newResourceUnit--control-anchor"}]}
RESULT: {"script":"<script> [1562 bytes]","args":[{"selector":{"id":"application-manageresources-display-component---newResourceUnit--newRRUPage-anchBar-application-manageresources-display-component---newResourceUnit--control-anchor","interaction":{"idSuffix":"BDI-content"}},"wdio_ui5_key":"applicationmanageresources-display-component---newResourceUnit--newRRUPage-anchBar-application-manageresources-display-component---newResourceUnit--control-anchor"}]}
RESULT: undefined
COMMAND: POST /session/80b25485da4cce0461fa749928cde446/element - {"using":"xpath","value":"//*[@id=\"application-manageresources-display-component---newResourceUnit--newRRUPage-anchBar-application-manageresources-display-component---newResourceUnit--control-anchor\"]"}
RESULT: {"using":"xpath","value":"//*[@id=\"application-manageresources-display-component---newResourceUnit--newRRUPage-anchBar-application-manageresources-display-component---newResourceUnit--control-anchor\"]"}
COMMAND: POST /session/80b25485da4cce0461fa749928cde446/element/f.499FA332C3249B1FB6786AFDCB682F30.d.3207F4FB34BA93F79C7844CC72361BEF.e.13556/click - {}
RESULT: {}
COMMAND: POST /session/80b25485da4cce0461fa749928cde446/execute/async - {"script":"<script> [1562 bytes]","args":[{"selector":{"id":"application-manageresources-display-component---newResourceUnit--PLANNING_GROUP","interaction":{"idSuffix":"inner"}},"wdio_ui5_key":"applicationmanageresources-display-component---newResourceUnit--PLANNING_GROUP"}]}
COMMAND: GET /session/80b25485da4cce0461fa749928cde446/screenshot - {}
RESULT: {"script":"<script> [1562 bytes]","args":[{"selector":{"id":"application-manageresources-display-component---newResourceUnit--PLANNING_GROUP","interaction":{"idSuffix":"inner"}},"wdio_ui5_key":"applicationmanageresources-display-component---newResourceUnit--PLANNING_GROUP"}]}
RESULT: undefined
COMMAND: POST /session/80b25485da4cce0461fa749928cde446/execute/async - {"script":"<script> [776 bytes]","args":[{"enterText":"Material","selector":{"id":"application-manageresources-display-component---newResourceUnit--PLANNING_GROUP","interaction":{"idSuffix":"inner"}},"clearTextFirst":true,"interactionType":"ENTER_TEXT"}]}
RESULT: {}
RESULT: {"script":"<script> [776 bytes]","args":[{"enterText":"Material","selector":{"id":"application-manageresources-display-component---newResourceUnit--PLANNING_GROUP","interaction":{"idSuffix":"inner"}},"clearTextFirst":true,"interactionType":"ENTER_TEXT"}]}
COMMAND: POST /session/80b25485da4cce0461fa749928cde446/execute/async - {"script":"<script> [1562 bytes]","args":[{"selector":{"id":"application-manageresources-display-component---newResourceUnit--PLANNING_INDICATOR","interaction":{"idSuffix":"inner"}},"wdio_ui5_key":"applicationmanageresources-display-component---newResourceUnit--PLANNING_INDICATOR"}]}
RESULT: {"script":"<script> [1562 bytes]","args":[{"selector":{"id":"application-manageresources-display-component---newResourceUnit--PLANNING_INDICATOR","interaction":{"idSuffix":"inner"}},"wdio_ui5_key":"applicationmanageresources-display-component---newResourceUnit--PLANNING_INDICATOR"}]}
RESULT: undefined
COMMAND: POST /session/80b25485da4cce0461fa749928cde446/execute/async - {"script":"<script> [776 bytes]","args":[{"enterText":"10 - infinite","selector":{"id":"application-manageresources-display-component---newResourceUnit--PLANNING_INDICATOR","interaction":{"idSuffix":"inner"}},"clearTextFirst":true,"interactionType":"ENTER_TEXT"}]}
RESULT: {"script":"<script> [776 bytes]","args":[{"enterText":"10 - infinite","selector":{"id":"application-manageresources-display-component---newResourceUnit--PLANNING_INDICATOR","interaction":{"idSuffix":"inner"}},"clearTextFirst":true,"interactionType":"ENTER_TEXT"}]}
COMMAND: POST /session/80b25485da4cce0461fa749928cde446/element - {"using":"css selector","value":"#application-manageresources-display-component---newResourceUnit--btnAddTimeSegment"}
RESULT: {"using":"css selector","value":"#application-manageresources-display-component---newResourceUnit--btnAddTimeSegment"}
COMMAND: GET /session/80b25485da4cce0461fa749928cde446/element/f.499FA332C3249B1FB6786AFDCB682F30.d.3207F4FB34BA93F79C7844CC72361BEF.e.13564/rect - {}
RESULT: {}
COMMAND: GET /session/80b25485da4cce0461fa749928cde446/window/rect - {}
RESULT: {}
COMMAND: POST /session/80b25485da4cce0461fa749928cde446/execute/sync - {"script":"<script> [92 bytes]","args":[]}
RESULT: {"script":"<script> [92 bytes]","args":[]}
COMMAND: POST /session/80b25485da4cce0461fa749928cde446/actions - {"actions":[{"id":"action43","type":"wheel","parameters":{},"actions":[{"type":"scroll","x":-1888,"y":-32,"deltaX":0,"deltaY":0,"duration":0,"origin":{"element-6066-11e4-a52e-4f735466cecf":"f.499FA332C3249B1FB6786AFDCB682F30.d.3207F4FB34BA93F79C7844CC72361BEF.e.13564"}}]}]}
COMMAND: GET /session/80b25485da4cce0461fa749928cde446/screenshot - {}
RESULT: {}
COMMAND: POST /session/80b25485da4cce0461fa749928cde446/execute/sync - {"script":"<script> [79 bytes]","args":[{"element-6066-11e4-a52e-4f735466cecf":"f.499FA332C3249B1FB6786AFDCB682F30.d.3207F4FB34BA93F79C7844CC72361BEF.e.13564","ELEMENT":"f.499FA332C3249B1FB6786AFDCB682F30.d.3207F4FB34BA93F79C7844CC72361BEF.e.13564"},{"block":"start","inline":"nearest"}]}
RESULT: {"script":"<script> [79 bytes]","args":[{"element-6066-11e4-a52e-4f735466cecf":"f.499FA332C3249B1FB6786AFDCB682F30.d.3207F4FB34BA93F79C7844CC72361BEF.e.13564","ELEMENT":"f.499FA332C3249B1FB6786AFDCB682F30.d.3207F4FB34BA93F79C7844CC72361BEF.e.13564"},{"block":"start","inline":"nearest"}]}
COMMAND: POST /session/80b25485da4cce0461fa749928cde446/execute/async - {"script":"<script> [1562 bytes]","args":[{"selector":{"id":"application-manageresources-display-component---newResourceUnit--btnAddTimeSegment","interaction":{"idSuffix":"inner"}},"wdio_ui5_key":"applicationmanageresources-display-component---newResourceUnit--btnAddTimeSegment"}]}
COMMAND: GET /session/80b25485da4cce0461fa749928cde446/screenshot - {}
RESULT: {"script":"<script> [1562 bytes]","args":[{"selector":{"id":"application-manageresources-display-component---newResourceUnit--btnAddTimeSegment","interaction":{"idSuffix":"inner"}},"wdio_ui5_key":"applicationmanageresources-display-component---newResourceUnit--btnAddTimeSegment"}]}
RESULT: undefined
COMMAND: POST /session/80b25485da4cce0461fa749928cde446/element - {"using":"xpath","value":"//*[@id=\"application-manageresources-display-component---newResourceUnit--btnAddTimeSegment\"]"}
RESULT: {}
RESULT: {"using":"xpath","value":"//*[@id=\"application-manageresources-display-component---newResourceUnit--btnAddTimeSegment\"]"}
COMMAND: POST /session/80b25485da4cce0461fa749928cde446/element/f.499FA332C3249B1FB6786AFDCB682F30.d.3207F4FB34BA93F79C7844CC72361BEF.e.13564/click - {}
RESULT: {}
COMMAND: GET /session/80b25485da4cce0461fa749928cde446/screenshot - {}
RESULT: {}
COMMAND: POST /session/80b25485da4cce0461fa749928cde446/element - {"using":"xpath","value":"//input[@id=\"application-manageresources-display-component---newResourceUnit--idRuTSAdmin-application-manageresources-display-component---newResourceUnit--RUTimeSegment-0-inner\"]"}
RESULT: {"using":"xpath","value":"//input[@id=\"application-manageresources-display-component---newResourceUnit--idRuTSAdmin-application-manageresources-display-component---newResourceUnit--RUTimeSegment-0-inner\"]"}
COMMAND: POST /session/80b25485da4cce0461fa749928cde446/element/f.499FA332C3249B1FB6786AFDCB682F30.d.3207F4FB34BA93F79C7844CC72361BEF.e.13569/clear - {}
RESULT: {}
COMMAND: POST /session/80b25485da4cce0461fa749928cde446/element/f.499FA332C3249B1FB6786AFDCB682F30.d.3207F4FB34BA93F79C7844CC72361BEF.e.13569/value - {"text":"548"}
COMMAND: GET /session/80b25485da4cce0461fa749928cde446/screenshot - {}
RESULT: {"text":"548"}
COMMAND: GET /session/80b25485da4cce0461fa749928cde446/screenshot - {}
RESULT: {}
RESULT: {}
COMMAND: POST /session/80b25485da4cce0461fa749928cde446/element - {"using":"xpath","value":"//li[.//span[text()='548']]"}
RESULT: {"using":"xpath","value":"//li[.//span[text()='548']]"}
COMMAND: POST /session/80b25485da4cce0461fa749928cde446/element/f.499FA332C3249B1FB6786AFDCB682F30.d.3207F4FB34BA93F79C7844CC72361BEF.e.13578/click - {}
RESULT: {}
COMMAND: GET /session/80b25485da4cce0461fa749928cde446/screenshot - {}
RESULT: {}
COMMAND: POST /session/80b25485da4cce0461fa749928cde446/element - {"using":"xpath","value":"(//span[contains(@id, \"-application-manageresources-display-component---newResourceUnit--RUTimeSegment-0-arrow\")])[2]"}
RESULT: {"using":"xpath","value":"(//span[contains(@id, \"-application-manageresources-display-component---newResourceUnit--RUTimeSegment-0-arrow\")])[2]"}
COMMAND: POST /session/80b25485da4cce0461fa749928cde446/element/f.499FA332C3249B1FB6786AFDCB682F30.d.3207F4FB34BA93F79C7844CC72361BEF.e.13579/click - {}
RESULT: {}
COMMAND: POST /session/80b25485da4cce0461fa749928cde446/element - {"using":"xpath","value":"//span[contains(text(), \"PM Order\")]"}
COMMAND: GET /session/80b25485da4cce0461fa749928cde446/screenshot - {}
RESULT: {"using":"xpath","value":"//span[contains(text(), \"PM Order\")]"}
COMMAND: POST /session/80b25485da4cce0461fa749928cde446/element/f.499FA332C3249B1FB6786AFDCB682F30.d.3207F4FB34BA93F79C7844CC72361BEF.e.13580/click - {}
RESULT: {}
RESULT: {}
COMMAND: GET /session/80b25485da4cce0461fa749928cde446/screenshot - {}
RESULT: {}
COMMAND: POST /session/80b25485da4cce0461fa749928cde446/element - {"using":"xpath","value":"//td/div/div/div/span[contains(@id, \"newResourceUnit--RUTimeSegment-0-vhi\")][1]"}
RESULT: {"using":"xpath","value":"//td/div/div/div/span[contains(@id, \"newResourceUnit--RUTimeSegment-0-vhi\")][1]"}
COMMAND: GET /session/80b25485da4cce0461fa749928cde446/element/f.499FA332C3249B1FB6786AFDCB682F30.d.3207F4FB34BA93F79C7844CC72361BEF.e.13584/rect - {}
RESULT: {}
COMMAND: GET /session/80b25485da4cce0461fa749928cde446/window/rect - {}
RESULT: {}
COMMAND: POST /session/80b25485da4cce0461fa749928cde446/execute/sync - {"script":"<script> [92 bytes]","args":[]}
RESULT: {"script":"<script> [92 bytes]","args":[]}
COMMAND: POST /session/80b25485da4cce0461fa749928cde446/actions - {"actions":[{"id":"action44","type":"wheel","parameters":{},"actions":[{"type":"scroll","x":-1888,"y":-24,"deltaX":0,"deltaY":0,"duration":0,"origin":{"element-6066-11e4-a52e-4f735466cecf":"f.499FA332C3249B1FB6786AFDCB682F30.d.3207F4FB34BA93F79C7844CC72361BEF.e.13584"}}]}]}
COMMAND: GET /session/80b25485da4cce0461fa749928cde446/screenshot - {}
RESULT: {}
COMMAND: POST /session/80b25485da4cce0461fa749928cde446/execute/sync - {"script":"<script> [79 bytes]","args":[{"element-6066-11e4-a52e-4f735466cecf":"f.499FA332C3249B1FB6786AFDCB682F30.d.3207F4FB34BA93F79C7844CC72361BEF.e.13584","ELEMENT":"f.499FA332C3249B1FB6786AFDCB682F30.d.3207F4FB34BA93F79C7844CC72361BEF.e.13584"},{"block":"start","inline":"nearest"}]}
RESULT: {"script":"<script> [79 bytes]","args":[{"element-6066-11e4-a52e-4f735466cecf":"f.499FA332C3249B1FB6786AFDCB682F30.d.3207F4FB34BA93F79C7844CC72361BEF.e.13584","ELEMENT":"f.499FA332C3249B1FB6786AFDCB682F30.d.3207F4FB34BA93F79C7844CC72361BEF.e.13584"},{"block":"start","inline":"nearest"}]}
COMMAND: GET /session/80b25485da4cce0461fa749928cde446/screenshot - {}
RESULT: {}
COMMAND: POST /session/80b25485da4cce0461fa749928cde446/element/f.499FA332C3249B1FB6786AFDCB682F30.d.3207F4FB34BA93F79C7844CC72361BEF.e.13584/click - {}
RESULT: {}
COMMAND: GET /session/80b25485da4cce0461fa749928cde446/screenshot - {}
RESULT: {}
COMMAND: POST /session/80b25485da4cce0461fa749928cde446/execute/async - {"script":"<script> [1562 bytes]","args":[{"selector":{"controlType":"sap.m.SearchField","properties":{"placeholder":"Search"},"searchOpenDialogs":true,"interaction":{"idSuffix":"I"}},"wdio_ui5_key":"sapm.SearchField{\"placeholder\":\"Search\"}"}]}
RESULT: {"script":"<script> [1562 bytes]","args":[{"selector":{"controlType":"sap.m.SearchField","properties":{"placeholder":"Search"},"searchOpenDialogs":true,"interaction":{"idSuffix":"I"}},"wdio_ui5_key":"sapm.SearchField{\"placeholder\":\"Search\"}"}]}
RESULT: undefined
COMMAND: POST /session/80b25485da4cce0461fa749928cde446/execute/async - {"script":"<script> [776 bytes]","args":[{"enterText":"4000360","selector":{"controlType":"sap.m.SearchField","properties":{"placeholder":"Search"},"searchOpenDialogs":true,"interaction":{"idSuffix":"I"}},"clearTextFirst":true,"interactionType":"ENTER_TEXT"}]}
RESULT: {"script":"<script> [776 bytes]","args":[{"enterText":"4000360","selector":{"controlType":"sap.m.SearchField","properties":{"placeholder":"Search"},"searchOpenDialogs":true,"interaction":{"idSuffix":"I"}},"clearTextFirst":true,"interactionType":"ENTER_TEXT"}]}
COMMAND: POST /session/80b25485da4cce0461fa749928cde446/actions - {"actions":[{"id":"action45","type":"key","parameters":{},"actions":[{"type":"keyDown","value":""},{"type":"pause","duration":10},{"type":"keyUp","value":""}]}]}
RESULT: {"actions":[{"id":"action45","type":"key","parameters":{},"actions":[{"type":"keyDown","value":""},{"type":"pause","duration":10},{"type":"keyUp","value":""}]}]}
COMMAND: GET /session/80b25485da4cce0461fa749928cde446/screenshot - {}
RESULT: {}
COMMAND: POST /session/80b25485da4cce0461fa749928cde446/element - {"using":"xpath","value":"//td/div/span[contains(text(), \"BGL Vehicles\")]"}
RESULT: {"using":"xpath","value":"//td/div/span[contains(text(), \"BGL Vehicles\")]"}
COMMAND: POST /session/80b25485da4cce0461fa749928cde446/element/f.499FA332C3249B1FB6786AFDCB682F30.d.3207F4FB34BA93F79C7844CC72361BEF.e.13606/click - {}
RESULT: {}
COMMAND: GET /session/80b25485da4cce0461fa749928cde446/screenshot - {}
RESULT: {}
COMMAND: POST /session/80b25485da4cce0461fa749928cde446/element - {"using":"xpath","value":"//bdi[contains(text(), \"OK\")]"}
RESULT: {"using":"xpath","value":"//bdi[contains(text(), \"OK\")]"}
COMMAND: POST /session/80b25485da4cce0461fa749928cde446/element/f.499FA332C3249B1FB6786AFDCB682F30.d.3207F4FB34BA93F79C7844CC72361BEF.e.13607/click - {}
RESULT: {}
COMMAND: GET /session/80b25485da4cce0461fa749928cde446/screenshot - {}
RESULT: {}
COMMAND: POST /session/80b25485da4cce0461fa749928cde446/element - {"using":"xpath","value":"//label[contains(@class, 'sapMLabelRequired') and .//bdi[contains(text(), 'Planned Retirement')]]"}
RESULT: {"using":"xpath","value":"//label[contains(@class, 'sapMLabelRequired') and .//bdi[contains(text(), 'Planned Retirement')]]"}
COMMAND: POST /session/80b25485da4cce0461fa749928cde446/elements - {"using":"xpath","value":"//label[contains(@class, 'sapMLabelRequired') and .//bdi[contains(text(), 'Planned Retirement')]]"}
RESULT: {"using":"xpath","value":"//label[contains(@class, 'sapMLabelRequired') and .//bdi[contains(text(), 'Planned Retirement')]]"}
COMMAND: POST /session/80b25485da4cce0461fa749928cde446/element - {"using":"xpath","value":"//button[@data-kt=\"resourceUnitSaveButton\"]"}
RESULT: {"using":"xpath","value":"//button[@data-kt=\"resourceUnitSaveButton\"]"}
COMMAND: POST /session/80b25485da4cce0461fa749928cde446/element/f.499FA332C3249B1FB6786AFDCB682F30.d.3207F4FB34BA93F79C7844CC72361BEF.e.13443/click - {}
RESULT: {}
COMMAND: GET /session/80b25485da4cce0461fa749928cde446/screenshot - {}
RESULT: {}
COMMAND: POST /session/80b25485da4cce0461fa749928cde446/element - {"using":"xpath","value":"//bdi[contains(text(), \"Close\")]"}
RESULT: {"using":"xpath","value":"//bdi[contains(text(), \"Close\")]"}
COMMAND: POST /session/80b25485da4cce0461fa749928cde446/element/f.499FA332C3249B1FB6786AFDCB682F30.d.3207F4FB34BA93F79C7844CC72361BEF.e.13614/click - {}
RESULT: {}
COMMAND: GET /session/80b25485da4cce0461fa749928cde446/screenshot - {}
RESULT: {}
COMMAND: POST /session/80b25485da4cce0461fa749928cde446/element - {"using":"xpath","value":"//header[contains(@id, 'detailRruPage-headerTitle')]/div[1]/div[2]/div[2]/span[1]"}
RESULT: {"using":"xpath","value":"//header[contains(@id, 'detailRruPage-headerTitle')]/div[1]/div[2]/div[2]/span[1]"}
COMMAND: POST /session/80b25485da4cce0461fa749928cde446/elements - {"using":"xpath","value":"//header[contains(@id, 'detailRruPage-headerTitle')]/div[1]/div[2]/div[2]/span[1]"}
RESULT: {"using":"xpath","value":"//header[contains(@id, 'detailRruPage-headerTitle')]/div[1]/div[2]/div[2]/span[1]"}
COMMAND: POST /session/80b25485da4cce0461fa749928cde446/execute/sync - {"script":"<script> [56 bytes]","args":[{"element-6066-11e4-a52e-4f735466cecf":"f.499FA332C3249B1FB6786AFDCB682F30.d.3207F4FB34BA93F79C7844CC72361BEF.e.13640","ELEMENT":"f.499FA332C3249B1FB6786AFDCB682F30.d.3207F4FB34BA93F79C7844CC72361BEF.e.13640"}]}
RESULT: {"script":"<script> [56 bytes]","args":[{"element-6066-11e4-a52e-4f735466cecf":"f.499FA332C3249B1FB6786AFDCB682F30.d.3207F4FB34BA93F79C7844CC72361BEF.e.13640","ELEMENT":"f.499FA332C3249B1FB6786AFDCB682F30.d.3207F4FB34BA93F79C7844CC72361BEF.e.13640"}]}
COMMAND: POST /session/80b25485da4cce0461fa749928cde446/element - {"using":"css selector","value":"#shell-header-logo"}
COMMAND: GET /session/80b25485da4cce0461fa749928cde446/screenshot - {}
RESULT: {"using":"css selector","value":"#shell-header-logo"}
COMMAND: POST /session/80b25485da4cce0461fa749928cde446/element/f.499FA332C3249B1FB6786AFDCB682F30.d.3207F4FB34BA93F79C7844CC72361BEF.e.12905/click - {}
RESULT: {}
RESULT: {}
COMMAND: GET /session/80b25485da4cce0461fa749928cde446/screenshot - {}
RESULT: {}
]]></system-out>
    </testcase>
    <testcase classname="chrome.136_0_7103_93.windows.Create_masterdata_for_Yard_Overview_-_trigger_provide_US130988" name="Bin Status Report Should Create New Organization yard" time="0.005"/>
    <testcase classname="chrome.136_0_7103_93.windows.Create_masterdata_for_Yard_Overview_-_trigger_provide_US130988" name="Create a Warehouse Movement for created yard" time="44.155">
      <system-out><![CDATA[
COMMAND: POST /session/80b25485da4cce0461fa749928cde446/execute/async - {"script":"<script> [1562 bytes]","args":[{"selector":{"controlType":"sap.m.GenericTile","properties":{"header":"Manage Warehouse Movements"}},"wdio_ui5_key":"sapm.GenericTile{\"header\":\"Manage Warehouse Movements\"}"}]}
RESULT: {"script":"<script> [1562 bytes]","args":[{"selector":{"controlType":"sap.m.GenericTile","properties":{"header":"Manage Warehouse Movements"}},"wdio_ui5_key":"sapm.GenericTile{\"header\":\"Manage Warehouse Movements\"}"}]}
RESULT: undefined
COMMAND: POST /session/80b25485da4cce0461fa749928cde446/element - {"using":"xpath","value":"//*[@id=\"__tile105\"]"}
RESULT: {"using":"xpath","value":"//*[@id=\"__tile105\"]"}
COMMAND: POST /session/80b25485da4cce0461fa749928cde446/element/f.499FA332C3249B1FB6786AFDCB682F30.d.3207F4FB34BA93F79C7844CC72361BEF.e.13644/click - {}
RESULT: {}
COMMAND: POST /session/80b25485da4cce0461fa749928cde446/element - {"using":"xpath","value":"//input[@id='application-warehousemovements-display-component---warehouseMovements--smartFilterBar-filterItemControl_BASIC-YARD-inner']"}
COMMAND: GET /session/80b25485da4cce0461fa749928cde446/screenshot - {}
RESULT: {"using":"xpath","value":"//input[@id='application-warehousemovements-display-component---warehouseMovements--smartFilterBar-filterItemControl_BASIC-YARD-inner']"}
COMMAND: POST /session/80b25485da4cce0461fa749928cde446/elements - {"using":"xpath","value":"//input[@id='application-warehousemovements-display-component---warehouseMovements--smartFilterBar-filterItemControl_BASIC-YARD-inner']"}
RESULT: {}
RESULT: {"using":"xpath","value":"//input[@id='application-warehousemovements-display-component---warehouseMovements--smartFilterBar-filterItemControl_BASIC-YARD-inner']"}
COMMAND: POST /session/80b25485da4cce0461fa749928cde446/elements - {"using":"xpath","value":"//input[@id='application-warehousemovements-display-component---warehouseMovements--smartFilterBar-filterItemControl_BASIC-YARD-inner']"}
RESULT: {"using":"xpath","value":"//input[@id='application-warehousemovements-display-component---warehouseMovements--smartFilterBar-filterItemControl_BASIC-YARD-inner']"}
COMMAND: POST /session/80b25485da4cce0461fa749928cde446/elements - {"using":"xpath","value":"//input[@id='application-warehousemovements-display-component---warehouseMovements--smartFilterBar-filterItemControl_BASIC-YARD-inner']"}
RESULT: {"using":"xpath","value":"//input[@id='application-warehousemovements-display-component---warehouseMovements--smartFilterBar-filterItemControl_BASIC-YARD-inner']"}
COMMAND: POST /session/80b25485da4cce0461fa749928cde446/elements - {"using":"xpath","value":"//input[@id='application-warehousemovements-display-component---warehouseMovements--smartFilterBar-filterItemControl_BASIC-YARD-inner']"}
RESULT: {"using":"xpath","value":"//input[@id='application-warehousemovements-display-component---warehouseMovements--smartFilterBar-filterItemControl_BASIC-YARD-inner']"}
COMMAND: POST /session/80b25485da4cce0461fa749928cde446/elements - {"using":"xpath","value":"//input[@id='application-warehousemovements-display-component---warehouseMovements--smartFilterBar-filterItemControl_BASIC-YARD-inner']"}
RESULT: {"using":"xpath","value":"//input[@id='application-warehousemovements-display-component---warehouseMovements--smartFilterBar-filterItemControl_BASIC-YARD-inner']"}
COMMAND: POST /session/80b25485da4cce0461fa749928cde446/elements - {"using":"xpath","value":"//input[@id='application-warehousemovements-display-component---warehouseMovements--smartFilterBar-filterItemControl_BASIC-YARD-inner']"}
RESULT: {"using":"xpath","value":"//input[@id='application-warehousemovements-display-component---warehouseMovements--smartFilterBar-filterItemControl_BASIC-YARD-inner']"}
COMMAND: POST /session/80b25485da4cce0461fa749928cde446/elements - {"using":"xpath","value":"//input[@id='application-warehousemovements-display-component---warehouseMovements--smartFilterBar-filterItemControl_BASIC-YARD-inner']"}
RESULT: {"using":"xpath","value":"//input[@id='application-warehousemovements-display-component---warehouseMovements--smartFilterBar-filterItemControl_BASIC-YARD-inner']"}
COMMAND: POST /session/80b25485da4cce0461fa749928cde446/elements - {"using":"xpath","value":"//input[@id='application-warehousemovements-display-component---warehouseMovements--smartFilterBar-filterItemControl_BASIC-YARD-inner']"}
RESULT: {"using":"xpath","value":"//input[@id='application-warehousemovements-display-component---warehouseMovements--smartFilterBar-filterItemControl_BASIC-YARD-inner']"}
COMMAND: POST /session/80b25485da4cce0461fa749928cde446/elements - {"using":"xpath","value":"//input[@id='application-warehousemovements-display-component---warehouseMovements--smartFilterBar-filterItemControl_BASIC-YARD-inner']"}
RESULT: {"using":"xpath","value":"//input[@id='application-warehousemovements-display-component---warehouseMovements--smartFilterBar-filterItemControl_BASIC-YARD-inner']"}
COMMAND: POST /session/80b25485da4cce0461fa749928cde446/elements - {"using":"xpath","value":"//input[@id='application-warehousemovements-display-component---warehouseMovements--smartFilterBar-filterItemControl_BASIC-YARD-inner']"}
RESULT: {"using":"xpath","value":"//input[@id='application-warehousemovements-display-component---warehouseMovements--smartFilterBar-filterItemControl_BASIC-YARD-inner']"}
COMMAND: POST /session/80b25485da4cce0461fa749928cde446/elements - {"using":"xpath","value":"//input[@id='application-warehousemovements-display-component---warehouseMovements--smartFilterBar-filterItemControl_BASIC-YARD-inner']"}
RESULT: {"using":"xpath","value":"//input[@id='application-warehousemovements-display-component---warehouseMovements--smartFilterBar-filterItemControl_BASIC-YARD-inner']"}
COMMAND: POST /session/80b25485da4cce0461fa749928cde446/elements - {"using":"xpath","value":"//input[@id='application-warehousemovements-display-component---warehouseMovements--smartFilterBar-filterItemControl_BASIC-YARD-inner']"}
RESULT: {"using":"xpath","value":"//input[@id='application-warehousemovements-display-component---warehouseMovements--smartFilterBar-filterItemControl_BASIC-YARD-inner']"}
COMMAND: POST /session/80b25485da4cce0461fa749928cde446/element - {"using":"xpath","value":"//input[@id='application-warehousemovements-display-component---warehouseMovements--smartFilterBar-filterItemControl_BASIC-YARD-inner']"}
RESULT: {"using":"xpath","value":"//input[@id='application-warehousemovements-display-component---warehouseMovements--smartFilterBar-filterItemControl_BASIC-YARD-inner']"}
COMMAND: POST /session/80b25485da4cce0461fa749928cde446/execute/sync - {"script":"<script> [8489 bytes]","args":[{"element-6066-11e4-a52e-4f735466cecf":"f.499FA332C3249B1FB6786AFDCB682F30.d.3207F4FB34BA93F79C7844CC72361BEF.e.13668","ELEMENT":"f.499FA332C3249B1FB6786AFDCB682F30.d.3207F4FB34BA93F79C7844CC72361BEF.e.13668"}]}
RESULT: {"script":"<script> [8489 bytes]","args":[{"element-6066-11e4-a52e-4f735466cecf":"f.499FA332C3249B1FB6786AFDCB682F30.d.3207F4FB34BA93F79C7844CC72361BEF.e.13668","ELEMENT":"f.499FA332C3249B1FB6786AFDCB682F30.d.3207F4FB34BA93F79C7844CC72361BEF.e.13668"}]}
COMMAND: GET /session/80b25485da4cce0461fa749928cde446/element/f.499FA332C3249B1FB6786AFDCB682F30.d.3207F4FB34BA93F79C7844CC72361BEF.e.13668/enabled - {}
COMMAND: GET /session/80b25485da4cce0461fa749928cde446/screenshot - {}
RESULT: {}
COMMAND: POST /session/80b25485da4cce0461fa749928cde446/execute/sync - {"script":"<script> [8489 bytes]","args":[{"element-6066-11e4-a52e-4f735466cecf":"f.499FA332C3249B1FB6786AFDCB682F30.d.3207F4FB34BA93F79C7844CC72361BEF.e.13668","ELEMENT":"f.499FA332C3249B1FB6786AFDCB682F30.d.3207F4FB34BA93F79C7844CC72361BEF.e.13668"}]}
COMMAND: GET /session/80b25485da4cce0461fa749928cde446/screenshot - {}
RESULT: {}
RESULT: {"script":"<script> [8489 bytes]","args":[{"element-6066-11e4-a52e-4f735466cecf":"f.499FA332C3249B1FB6786AFDCB682F30.d.3207F4FB34BA93F79C7844CC72361BEF.e.13668","ELEMENT":"f.499FA332C3249B1FB6786AFDCB682F30.d.3207F4FB34BA93F79C7844CC72361BEF.e.13668"}]}
COMMAND: POST /session/80b25485da4cce0461fa749928cde446/execute/sync - {"script":"<script> [5351 bytes]","args":[{"element-6066-11e4-a52e-4f735466cecf":"f.499FA332C3249B1FB6786AFDCB682F30.d.3207F4FB34BA93F79C7844CC72361BEF.e.13668","ELEMENT":"f.499FA332C3249B1FB6786AFDCB682F30.d.3207F4FB34BA93F79C7844CC72361BEF.e.13668"}]}
COMMAND: GET /session/80b25485da4cce0461fa749928cde446/screenshot - {}
RESULT: {}
RESULT: {"script":"<script> [5351 bytes]","args":[{"element-6066-11e4-a52e-4f735466cecf":"f.499FA332C3249B1FB6786AFDCB682F30.d.3207F4FB34BA93F79C7844CC72361BEF.e.13668","ELEMENT":"f.499FA332C3249B1FB6786AFDCB682F30.d.3207F4FB34BA93F79C7844CC72361BEF.e.13668"}]}
COMMAND: GET /session/80b25485da4cce0461fa749928cde446/screenshot - {}
RESULT: {}
RESULT: {}
COMMAND: POST /session/80b25485da4cce0461fa749928cde446/element/f.499FA332C3249B1FB6786AFDCB682F30.d.3207F4FB34BA93F79C7844CC72361BEF.e.13668/clear - {}
RESULT: {}
COMMAND: POST /session/80b25485da4cce0461fa749928cde446/element/f.499FA332C3249B1FB6786AFDCB682F30.d.3207F4FB34BA93F79C7844CC72361BEF.e.13668/value - {"text":"548"}
COMMAND: GET /session/80b25485da4cce0461fa749928cde446/screenshot - {}
RESULT: {"text":"548"}
COMMAND: POST /session/80b25485da4cce0461fa749928cde446/actions - {"actions":[{"id":"action46","type":"key","parameters":{},"actions":[{"type":"keyDown","value":""},{"type":"pause","duration":10},{"type":"keyUp","value":""}]}]}
COMMAND: GET /session/80b25485da4cce0461fa749928cde446/screenshot - {}
RESULT: {}
RESULT: {"actions":[{"id":"action46","type":"key","parameters":{},"actions":[{"type":"keyDown","value":""},{"type":"pause","duration":10},{"type":"keyUp","value":""}]}]}
COMMAND: GET /session/80b25485da4cce0461fa749928cde446/screenshot - {}
RESULT: {}
RESULT: {}
COMMAND: POST /session/80b25485da4cce0461fa749928cde446/element - {"using":"xpath","value":"//button[contains(@data-kt, \"MasterMovementAddOverflowToolbarButton\")]"}
RESULT: {"using":"xpath","value":"//button[contains(@data-kt, \"MasterMovementAddOverflowToolbarButton\")]"}
COMMAND: POST /session/80b25485da4cce0461fa749928cde446/element/f.499FA332C3249B1FB6786AFDCB682F30.d.3207F4FB34BA93F79C7844CC72361BEF.e.13690/click - {}
RESULT: {}
COMMAND: GET /session/80b25485da4cce0461fa749928cde446/screenshot - {}
RESULT: {}
COMMAND: POST /session/80b25485da4cce0461fa749928cde446/element - {"using":"xpath","value":"//*[@id=\"application-warehousemovements-display-component---addMovement--sectionsList-arrow\"]"}
RESULT: {"using":"xpath","value":"//*[@id=\"application-warehousemovements-display-component---addMovement--sectionsList-arrow\"]"}
COMMAND: POST /session/80b25485da4cce0461fa749928cde446/element/f.499FA332C3249B1FB6786AFDCB682F30.d.3207F4FB34BA93F79C7844CC72361BEF.e.13869/click - {}
RESULT: {}
COMMAND: POST /session/80b25485da4cce0461fa749928cde446/actions - {"actions":[{"id":"action47","type":"key","parameters":{},"actions":[{"type":"keyDown","value":""},{"type":"pause","duration":10},{"type":"keyUp","value":""}]}]}
COMMAND: GET /session/80b25485da4cce0461fa749928cde446/screenshot - {}
RESULT: {"actions":[{"id":"action47","type":"key","parameters":{},"actions":[{"type":"keyDown","value":""},{"type":"pause","duration":10},{"type":"keyUp","value":""}]}]}
COMMAND: GET /session/80b25485da4cce0461fa749928cde446/screenshot - {}
RESULT: {}
RESULT: {}
COMMAND: POST /session/80b25485da4cce0461fa749928cde446/actions - {"actions":[{"id":"action48","type":"key","parameters":{},"actions":[{"type":"keyDown","value":""},{"type":"pause","duration":10},{"type":"keyUp","value":""}]}]}
RESULT: {"actions":[{"id":"action48","type":"key","parameters":{},"actions":[{"type":"keyDown","value":""},{"type":"pause","duration":10},{"type":"keyUp","value":""}]}]}
COMMAND: GET /session/80b25485da4cce0461fa749928cde446/screenshot - {}
RESULT: {}
COMMAND: POST /session/80b25485da4cce0461fa749928cde446/element - {"using":"xpath","value":"//*[@id=\"application-warehousemovements-display-component---addMovement--saveMovementBtn-BDI-content\" and text()=\"Save\"]"}
RESULT: {"using":"xpath","value":"//*[@id=\"application-warehousemovements-display-component---addMovement--saveMovementBtn-BDI-content\" and text()=\"Save\"]"}
COMMAND: POST /session/80b25485da4cce0461fa749928cde446/element/f.499FA332C3249B1FB6786AFDCB682F30.d.3207F4FB34BA93F79C7844CC72361BEF.e.13870/click - {}
RESULT: {}
COMMAND: GET /session/80b25485da4cce0461fa749928cde446/screenshot - {}
RESULT: {}
COMMAND: POST /session/80b25485da4cce0461fa749928cde446/element - {"using":"css selector","value":"#shell-header-logo"}
RESULT: {"using":"css selector","value":"#shell-header-logo"}
COMMAND: POST /session/80b25485da4cce0461fa749928cde446/element/f.499FA332C3249B1FB6786AFDCB682F30.d.3207F4FB34BA93F79C7844CC72361BEF.e.13649/click - {}
RESULT: {}
COMMAND: GET /session/80b25485da4cce0461fa749928cde446/screenshot - {}
RESULT: {}
]]></system-out>
    </testcase>
    <testcase classname="chrome.136_0_7103_93.windows.Create_masterdata_for_Yard_Overview_-_trigger_provide_US130988" name="Should do a stock increase handover for equipment" time="90.55">
      <failure/>
      <error message="Can't call click on element with selector &quot;//li[.//span[contains(text(),'548 -')]]&quot; because element wasn't found"/>
      <system-out><![CDATA[
COMMAND: POST /session/80b25485da4cce0461fa749928cde446/execute/async - {"script":"<script> [1562 bytes]","args":[{"selector":{"controlType":"sap.m.GenericTile","properties":{"header":"Manage Handovers"}},"wdio_ui5_key":"sapm.GenericTile{\"header\":\"Manage Handovers\"}"}]}
RESULT: {"script":"<script> [1562 bytes]","args":[{"selector":{"controlType":"sap.m.GenericTile","properties":{"header":"Manage Handovers"}},"wdio_ui5_key":"sapm.GenericTile{\"header\":\"Manage Handovers\"}"}]}
RESULT: undefined
COMMAND: POST /session/80b25485da4cce0461fa749928cde446/element - {"using":"xpath","value":"//*[@id=\"__tile132\"]"}
RESULT: {"using":"xpath","value":"//*[@id=\"__tile132\"]"}
COMMAND: POST /session/80b25485da4cce0461fa749928cde446/element/f.499FA332C3249B1FB6786AFDCB682F30.d.3207F4FB34BA93F79C7844CC72361BEF.e.12951/click - {}
RESULT: {}
COMMAND: GET /session/80b25485da4cce0461fa749928cde446/screenshot - {}
RESULT: {}
COMMAND: POST /session/80b25485da4cce0461fa749928cde446/elements - {"using":"xpath","value":"//span[text()='Error']"}
RESULT: {"using":"xpath","value":"//span[text()='Error']"}
COMMAND: POST /session/80b25485da4cce0461fa749928cde446/element - {"using":"xpath","value":"//button[@data-kt=\"masterHOAddButton\"]"}
RESULT: {"using":"xpath","value":"//button[@data-kt=\"masterHOAddButton\"]"}
COMMAND: POST /session/80b25485da4cce0461fa749928cde446/elements - {"using":"xpath","value":"//button[@data-kt=\"masterHOAddButton\"]"}
RESULT: {"using":"xpath","value":"//button[@data-kt=\"masterHOAddButton\"]"}
COMMAND: POST /session/80b25485da4cce0461fa749928cde446/execute/sync - {"script":"<script> [8489 bytes]","args":[{"element-6066-11e4-a52e-4f735466cecf":"f.499FA332C3249B1FB6786AFDCB682F30.d.3207F4FB34BA93F79C7844CC72361BEF.e.13969","ELEMENT":"f.499FA332C3249B1FB6786AFDCB682F30.d.3207F4FB34BA93F79C7844CC72361BEF.e.13969"}]}
RESULT: {"script":"<script> [8489 bytes]","args":[{"element-6066-11e4-a52e-4f735466cecf":"f.499FA332C3249B1FB6786AFDCB682F30.d.3207F4FB34BA93F79C7844CC72361BEF.e.13969","ELEMENT":"f.499FA332C3249B1FB6786AFDCB682F30.d.3207F4FB34BA93F79C7844CC72361BEF.e.13969"}]}
COMMAND: GET /session/80b25485da4cce0461fa749928cde446/element/f.499FA332C3249B1FB6786AFDCB682F30.d.3207F4FB34BA93F79C7844CC72361BEF.e.13969/enabled - {}
COMMAND: GET /session/80b25485da4cce0461fa749928cde446/screenshot - {}
RESULT: {}
COMMAND: POST /session/80b25485da4cce0461fa749928cde446/execute/sync - {"script":"<script> [8489 bytes]","args":[{"element-6066-11e4-a52e-4f735466cecf":"f.499FA332C3249B1FB6786AFDCB682F30.d.3207F4FB34BA93F79C7844CC72361BEF.e.13969","ELEMENT":"f.499FA332C3249B1FB6786AFDCB682F30.d.3207F4FB34BA93F79C7844CC72361BEF.e.13969"}]}
COMMAND: GET /session/80b25485da4cce0461fa749928cde446/screenshot - {}
RESULT: {}
RESULT: {"script":"<script> [8489 bytes]","args":[{"element-6066-11e4-a52e-4f735466cecf":"f.499FA332C3249B1FB6786AFDCB682F30.d.3207F4FB34BA93F79C7844CC72361BEF.e.13969","ELEMENT":"f.499FA332C3249B1FB6786AFDCB682F30.d.3207F4FB34BA93F79C7844CC72361BEF.e.13969"}]}
COMMAND: POST /session/80b25485da4cce0461fa749928cde446/execute/sync - {"script":"<script> [5351 bytes]","args":[{"element-6066-11e4-a52e-4f735466cecf":"f.499FA332C3249B1FB6786AFDCB682F30.d.3207F4FB34BA93F79C7844CC72361BEF.e.13969","ELEMENT":"f.499FA332C3249B1FB6786AFDCB682F30.d.3207F4FB34BA93F79C7844CC72361BEF.e.13969"}]}
COMMAND: GET /session/80b25485da4cce0461fa749928cde446/screenshot - {}
RESULT: {}
RESULT: {"script":"<script> [5351 bytes]","args":[{"element-6066-11e4-a52e-4f735466cecf":"f.499FA332C3249B1FB6786AFDCB682F30.d.3207F4FB34BA93F79C7844CC72361BEF.e.13969","ELEMENT":"f.499FA332C3249B1FB6786AFDCB682F30.d.3207F4FB34BA93F79C7844CC72361BEF.e.13969"}]}
COMMAND: POST /session/80b25485da4cce0461fa749928cde446/element/f.499FA332C3249B1FB6786AFDCB682F30.d.3207F4FB34BA93F79C7844CC72361BEF.e.13969/click - {}
COMMAND: GET /session/80b25485da4cce0461fa749928cde446/screenshot - {}
RESULT: {}
RESULT: {}
COMMAND: GET /session/80b25485da4cce0461fa749928cde446/screenshot - {}
RESULT: {}
RESULT: {}
COMMAND: POST /session/80b25485da4cce0461fa749928cde446/element - {"using":"xpath","value":"//span[contains(@id ,\"AddNewHO--typeSelect-arrow\")]"}
RESULT: {"using":"xpath","value":"//span[contains(@id ,\"AddNewHO--typeSelect-arrow\")]"}
COMMAND: POST /session/80b25485da4cce0461fa749928cde446/element/f.499FA332C3249B1FB6786AFDCB682F30.d.3207F4FB34BA93F79C7844CC72361BEF.e.14336/click - {}
RESULT: {}
COMMAND: GET /session/80b25485da4cce0461fa749928cde446/screenshot - {}
RESULT: {}
COMMAND: POST /session/80b25485da4cce0461fa749928cde446/element - {"using":"xpath","value":"(//li[contains(text(), \"stock increase yard\")])[1]"}
RESULT: {"using":"xpath","value":"(//li[contains(text(), \"stock increase yard\")])[1]"}
COMMAND: POST /session/80b25485da4cce0461fa749928cde446/element/f.499FA332C3249B1FB6786AFDCB682F30.d.3207F4FB34BA93F79C7844CC72361BEF.e.14337/click - {}
RESULT: {}
COMMAND: GET /session/80b25485da4cce0461fa749928cde446/screenshot - {}
RESULT: {}
COMMAND: POST /session/80b25485da4cce0461fa749928cde446/execute/async - {"script":"<script> [1562 bytes]","args":[{"selector":{"id":"application-managehandovers-display-component---AddNewHO--dueDate","interaction":{"idSuffix":"inner"}},"wdio_ui5_key":"applicationmanagehandovers-display-component---AddNewHO--dueDate"}]}
RESULT: {"script":"<script> [1562 bytes]","args":[{"selector":{"id":"application-managehandovers-display-component---AddNewHO--dueDate","interaction":{"idSuffix":"inner"}},"wdio_ui5_key":"applicationmanagehandovers-display-component---AddNewHO--dueDate"}]}
RESULT: undefined
COMMAND: POST /session/80b25485da4cce0461fa749928cde446/execute/async - {"script":"<script> [6424 bytes]","args":[{"element-6066-11e4-a52e-4f735466cecf":"f.499FA332C3249B1FB6786AFDCB682F30.d.3207F4FB34BA93F79C7844CC72361BEF.e.14339"},"setValue",["6/1/25"]]}
RESULT: {"script":"<script> [6424 bytes]","args":[{"element-6066-11e4-a52e-4f735466cecf":"f.499FA332C3249B1FB6786AFDCB682F30.d.3207F4FB34BA93F79C7844CC72361BEF.e.14339"},"setValue",["6/1/25"]]}
COMMAND: POST /session/80b25485da4cce0461fa749928cde446/element - {"using":"xpath","value":"//input[@id=\"generalSectionFrg--receiveYard-inner\"]"}
RESULT: {"using":"xpath","value":"//input[@id=\"generalSectionFrg--receiveYard-inner\"]"}
COMMAND: POST /session/80b25485da4cce0461fa749928cde446/element/f.499FA332C3249B1FB6786AFDCB682F30.d.3207F4FB34BA93F79C7844CC72361BEF.e.14345/clear - {}
RESULT: {}
COMMAND: POST /session/80b25485da4cce0461fa749928cde446/element/f.499FA332C3249B1FB6786AFDCB682F30.d.3207F4FB34BA93F79C7844CC72361BEF.e.14345/value - {"text":"548"}
COMMAND: GET /session/80b25485da4cce0461fa749928cde446/screenshot - {}
RESULT: {"text":"548"}
COMMAND: GET /session/80b25485da4cce0461fa749928cde446/screenshot - {}
RESULT: {}
RESULT: {}
COMMAND: POST /session/80b25485da4cce0461fa749928cde446/element - {"using":"xpath","value":"//li[.//span[contains(text(),'548 -')]]"}
RESULT: {"using":"xpath","value":"//li[.//span[contains(text(),'548 -')]]"}
COMMAND: POST /session/80b25485da4cce0461fa749928cde446/elements - {"using":"xpath","value":"//li[.//span[contains(text(),'548 -')]]"}
RESULT: {"using":"xpath","value":"//li[.//span[contains(text(),'548 -')]]"}
COMMAND: POST /session/80b25485da4cce0461fa749928cde446/elements - {"using":"xpath","value":"//li[.//span[contains(text(),'548 -')]]"}
RESULT: {"using":"xpath","value":"//li[.//span[contains(text(),'548 -')]]"}
COMMAND: POST /session/80b25485da4cce0461fa749928cde446/elements - {"using":"xpath","value":"//li[.//span[contains(text(),'548 -')]]"}
RESULT: {"using":"xpath","value":"//li[.//span[contains(text(),'548 -')]]"}
COMMAND: POST /session/80b25485da4cce0461fa749928cde446/elements - {"using":"xpath","value":"//li[.//span[contains(text(),'548 -')]]"}
RESULT: {"using":"xpath","value":"//li[.//span[contains(text(),'548 -')]]"}
COMMAND: POST /session/80b25485da4cce0461fa749928cde446/elements - {"using":"xpath","value":"//li[.//span[contains(text(),'548 -')]]"}
RESULT: {"using":"xpath","value":"//li[.//span[contains(text(),'548 -')]]"}
COMMAND: POST /session/80b25485da4cce0461fa749928cde446/elements - {"using":"xpath","value":"//li[.//span[contains(text(),'548 -')]]"}
RESULT: {"using":"xpath","value":"//li[.//span[contains(text(),'548 -')]]"}
COMMAND: POST /session/80b25485da4cce0461fa749928cde446/elements - {"using":"xpath","value":"//li[.//span[contains(text(),'548 -')]]"}
RESULT: {"using":"xpath","value":"//li[.//span[contains(text(),'548 -')]]"}
COMMAND: POST /session/80b25485da4cce0461fa749928cde446/elements - {"using":"xpath","value":"//li[.//span[contains(text(),'548 -')]]"}
RESULT: {"using":"xpath","value":"//li[.//span[contains(text(),'548 -')]]"}
COMMAND: POST /session/80b25485da4cce0461fa749928cde446/elements - {"using":"xpath","value":"//li[.//span[contains(text(),'548 -')]]"}
RESULT: {"using":"xpath","value":"//li[.//span[contains(text(),'548 -')]]"}
COMMAND: POST /session/80b25485da4cce0461fa749928cde446/elements - {"using":"xpath","value":"//li[.//span[contains(text(),'548 -')]]"}
RESULT: {"using":"xpath","value":"//li[.//span[contains(text(),'548 -')]]"}
COMMAND: POST /session/80b25485da4cce0461fa749928cde446/elements - {"using":"xpath","value":"//li[.//span[contains(text(),'548 -')]]"}
RESULT: {"using":"xpath","value":"//li[.//span[contains(text(),'548 -')]]"}
COMMAND: POST /session/80b25485da4cce0461fa749928cde446/elements - {"using":"xpath","value":"//li[.//span[contains(text(),'548 -')]]"}
RESULT: {"using":"xpath","value":"//li[.//span[contains(text(),'548 -')]]"}
COMMAND: POST /session/80b25485da4cce0461fa749928cde446/elements - {"using":"xpath","value":"//li[.//span[contains(text(),'548 -')]]"}
RESULT: {"using":"xpath","value":"//li[.//span[contains(text(),'548 -')]]"}
COMMAND: POST /session/80b25485da4cce0461fa749928cde446/elements - {"using":"xpath","value":"//li[.//span[contains(text(),'548 -')]]"}
RESULT: {"using":"xpath","value":"//li[.//span[contains(text(),'548 -')]]"}
COMMAND: POST /session/80b25485da4cce0461fa749928cde446/elements - {"using":"xpath","value":"//li[.//span[contains(text(),'548 -')]]"}
RESULT: {"using":"xpath","value":"//li[.//span[contains(text(),'548 -')]]"}
COMMAND: POST /session/80b25485da4cce0461fa749928cde446/elements - {"using":"xpath","value":"//li[.//span[contains(text(),'548 -')]]"}
RESULT: {"using":"xpath","value":"//li[.//span[contains(text(),'548 -')]]"}
COMMAND: POST /session/80b25485da4cce0461fa749928cde446/elements - {"using":"xpath","value":"//li[.//span[contains(text(),'548 -')]]"}
RESULT: {"using":"xpath","value":"//li[.//span[contains(text(),'548 -')]]"}
COMMAND: POST /session/80b25485da4cce0461fa749928cde446/elements - {"using":"xpath","value":"//li[.//span[contains(text(),'548 -')]]"}
RESULT: {"using":"xpath","value":"//li[.//span[contains(text(),'548 -')]]"}
COMMAND: POST /session/80b25485da4cce0461fa749928cde446/elements - {"using":"xpath","value":"//li[.//span[contains(text(),'548 -')]]"}
RESULT: {"using":"xpath","value":"//li[.//span[contains(text(),'548 -')]]"}
COMMAND: POST /session/80b25485da4cce0461fa749928cde446/elements - {"using":"xpath","value":"//li[.//span[contains(text(),'548 -')]]"}
RESULT: {"using":"xpath","value":"//li[.//span[contains(text(),'548 -')]]"}
COMMAND: POST /session/80b25485da4cce0461fa749928cde446/elements - {"using":"xpath","value":"//li[.//span[contains(text(),'548 -')]]"}
RESULT: {"using":"xpath","value":"//li[.//span[contains(text(),'548 -')]]"}
COMMAND: POST /session/80b25485da4cce0461fa749928cde446/elements - {"using":"xpath","value":"//li[.//span[contains(text(),'548 -')]]"}
RESULT: {"using":"xpath","value":"//li[.//span[contains(text(),'548 -')]]"}
COMMAND: POST /session/80b25485da4cce0461fa749928cde446/elements - {"using":"xpath","value":"//li[.//span[contains(text(),'548 -')]]"}
RESULT: {"using":"xpath","value":"//li[.//span[contains(text(),'548 -')]]"}
COMMAND: POST /session/80b25485da4cce0461fa749928cde446/elements - {"using":"xpath","value":"//li[.//span[contains(text(),'548 -')]]"}
RESULT: {"using":"xpath","value":"//li[.//span[contains(text(),'548 -')]]"}
COMMAND: POST /session/80b25485da4cce0461fa749928cde446/elements - {"using":"xpath","value":"//li[.//span[contains(text(),'548 -')]]"}
RESULT: {"using":"xpath","value":"//li[.//span[contains(text(),'548 -')]]"}
COMMAND: POST /session/80b25485da4cce0461fa749928cde446/elements - {"using":"xpath","value":"//li[.//span[contains(text(),'548 -')]]"}
RESULT: {"using":"xpath","value":"//li[.//span[contains(text(),'548 -')]]"}
COMMAND: POST /session/80b25485da4cce0461fa749928cde446/elements - {"using":"xpath","value":"//li[.//span[contains(text(),'548 -')]]"}
RESULT: {"using":"xpath","value":"//li[.//span[contains(text(),'548 -')]]"}
COMMAND: POST /session/80b25485da4cce0461fa749928cde446/elements - {"using":"xpath","value":"//li[.//span[contains(text(),'548 -')]]"}
RESULT: {"using":"xpath","value":"//li[.//span[contains(text(),'548 -')]]"}
COMMAND: POST /session/80b25485da4cce0461fa749928cde446/elements - {"using":"xpath","value":"//li[.//span[contains(text(),'548 -')]]"}
RESULT: {"using":"xpath","value":"//li[.//span[contains(text(),'548 -')]]"}
COMMAND: POST /session/80b25485da4cce0461fa749928cde446/elements - {"using":"xpath","value":"//li[.//span[contains(text(),'548 -')]]"}
RESULT: {"using":"xpath","value":"//li[.//span[contains(text(),'548 -')]]"}
COMMAND: POST /session/80b25485da4cce0461fa749928cde446/elements - {"using":"xpath","value":"//li[.//span[contains(text(),'548 -')]]"}
RESULT: {"using":"xpath","value":"//li[.//span[contains(text(),'548 -')]]"}
COMMAND: POST /session/80b25485da4cce0461fa749928cde446/elements - {"using":"xpath","value":"//li[.//span[contains(text(),'548 -')]]"}
RESULT: {"using":"xpath","value":"//li[.//span[contains(text(),'548 -')]]"}
COMMAND: POST /session/80b25485da4cce0461fa749928cde446/elements - {"using":"xpath","value":"//li[.//span[contains(text(),'548 -')]]"}
RESULT: {"using":"xpath","value":"//li[.//span[contains(text(),'548 -')]]"}
COMMAND: POST /session/80b25485da4cce0461fa749928cde446/elements - {"using":"xpath","value":"//li[.//span[contains(text(),'548 -')]]"}
RESULT: {"using":"xpath","value":"//li[.//span[contains(text(),'548 -')]]"}
COMMAND: POST /session/80b25485da4cce0461fa749928cde446/elements - {"using":"xpath","value":"//li[.//span[contains(text(),'548 -')]]"}
RESULT: {"using":"xpath","value":"//li[.//span[contains(text(),'548 -')]]"}
COMMAND: POST /session/80b25485da4cce0461fa749928cde446/elements - {"using":"xpath","value":"//li[.//span[contains(text(),'548 -')]]"}
RESULT: {"using":"xpath","value":"//li[.//span[contains(text(),'548 -')]]"}
COMMAND: POST /session/80b25485da4cce0461fa749928cde446/elements - {"using":"xpath","value":"//li[.//span[contains(text(),'548 -')]]"}
RESULT: {"using":"xpath","value":"//li[.//span[contains(text(),'548 -')]]"}
COMMAND: POST /session/80b25485da4cce0461fa749928cde446/elements - {"using":"xpath","value":"//li[.//span[contains(text(),'548 -')]]"}
RESULT: {"using":"xpath","value":"//li[.//span[contains(text(),'548 -')]]"}
COMMAND: POST /session/80b25485da4cce0461fa749928cde446/elements - {"using":"xpath","value":"//li[.//span[contains(text(),'548 -')]]"}
RESULT: {"using":"xpath","value":"//li[.//span[contains(text(),'548 -')]]"}
COMMAND: POST /session/80b25485da4cce0461fa749928cde446/elements - {"using":"xpath","value":"//li[.//span[contains(text(),'548 -')]]"}
RESULT: {"using":"xpath","value":"//li[.//span[contains(text(),'548 -')]]"}
COMMAND: POST /session/80b25485da4cce0461fa749928cde446/elements - {"using":"xpath","value":"//li[.//span[contains(text(),'548 -')]]"}
RESULT: {"using":"xpath","value":"//li[.//span[contains(text(),'548 -')]]"}
COMMAND: POST /session/80b25485da4cce0461fa749928cde446/elements - {"using":"xpath","value":"//li[.//span[contains(text(),'548 -')]]"}
RESULT: {"using":"xpath","value":"//li[.//span[contains(text(),'548 -')]]"}
COMMAND: POST /session/80b25485da4cce0461fa749928cde446/elements - {"using":"xpath","value":"//li[.//span[contains(text(),'548 -')]]"}
RESULT: {"using":"xpath","value":"//li[.//span[contains(text(),'548 -')]]"}
COMMAND: POST /session/80b25485da4cce0461fa749928cde446/elements - {"using":"xpath","value":"//li[.//span[contains(text(),'548 -')]]"}
RESULT: {"using":"xpath","value":"//li[.//span[contains(text(),'548 -')]]"}
COMMAND: POST /session/80b25485da4cce0461fa749928cde446/elements - {"using":"xpath","value":"//li[.//span[contains(text(),'548 -')]]"}
RESULT: {"using":"xpath","value":"//li[.//span[contains(text(),'548 -')]]"}
COMMAND: POST /session/80b25485da4cce0461fa749928cde446/elements - {"using":"xpath","value":"//li[.//span[contains(text(),'548 -')]]"}
RESULT: {"using":"xpath","value":"//li[.//span[contains(text(),'548 -')]]"}
COMMAND: POST /session/80b25485da4cce0461fa749928cde446/elements - {"using":"xpath","value":"//li[.//span[contains(text(),'548 -')]]"}
RESULT: {"using":"xpath","value":"//li[.//span[contains(text(),'548 -')]]"}
COMMAND: POST /session/80b25485da4cce0461fa749928cde446/elements - {"using":"xpath","value":"//li[.//span[contains(text(),'548 -')]]"}
RESULT: {"using":"xpath","value":"//li[.//span[contains(text(),'548 -')]]"}
COMMAND: POST /session/80b25485da4cce0461fa749928cde446/elements - {"using":"xpath","value":"//li[.//span[contains(text(),'548 -')]]"}
RESULT: {"using":"xpath","value":"//li[.//span[contains(text(),'548 -')]]"}
COMMAND: POST /session/80b25485da4cce0461fa749928cde446/elements - {"using":"xpath","value":"//li[.//span[contains(text(),'548 -')]]"}
RESULT: {"using":"xpath","value":"//li[.//span[contains(text(),'548 -')]]"}
COMMAND: POST /session/80b25485da4cce0461fa749928cde446/elements - {"using":"xpath","value":"//li[.//span[contains(text(),'548 -')]]"}
RESULT: {"using":"xpath","value":"//li[.//span[contains(text(),'548 -')]]"}
COMMAND: POST /session/80b25485da4cce0461fa749928cde446/elements - {"using":"xpath","value":"//li[.//span[contains(text(),'548 -')]]"}
RESULT: {"using":"xpath","value":"//li[.//span[contains(text(),'548 -')]]"}
COMMAND: POST /session/80b25485da4cce0461fa749928cde446/elements - {"using":"xpath","value":"//li[.//span[contains(text(),'548 -')]]"}
RESULT: {"using":"xpath","value":"//li[.//span[contains(text(),'548 -')]]"}
COMMAND: POST /session/80b25485da4cce0461fa749928cde446/elements - {"using":"xpath","value":"//li[.//span[contains(text(),'548 -')]]"}
RESULT: {"using":"xpath","value":"//li[.//span[contains(text(),'548 -')]]"}
COMMAND: POST /session/80b25485da4cce0461fa749928cde446/elements - {"using":"xpath","value":"//li[.//span[contains(text(),'548 -')]]"}
RESULT: {"using":"xpath","value":"//li[.//span[contains(text(),'548 -')]]"}
COMMAND: POST /session/80b25485da4cce0461fa749928cde446/elements - {"using":"xpath","value":"//li[.//span[contains(text(),'548 -')]]"}
RESULT: {"using":"xpath","value":"//li[.//span[contains(text(),'548 -')]]"}
COMMAND: POST /session/80b25485da4cce0461fa749928cde446/elements - {"using":"xpath","value":"//li[.//span[contains(text(),'548 -')]]"}
RESULT: {"using":"xpath","value":"//li[.//span[contains(text(),'548 -')]]"}
COMMAND: POST /session/80b25485da4cce0461fa749928cde446/elements - {"using":"xpath","value":"//li[.//span[contains(text(),'548 -')]]"}
RESULT: {"using":"xpath","value":"//li[.//span[contains(text(),'548 -')]]"}
COMMAND: POST /session/80b25485da4cce0461fa749928cde446/elements - {"using":"xpath","value":"//li[.//span[contains(text(),'548 -')]]"}
RESULT: {"using":"xpath","value":"//li[.//span[contains(text(),'548 -')]]"}
COMMAND: POST /session/80b25485da4cce0461fa749928cde446/elements - {"using":"xpath","value":"//li[.//span[contains(text(),'548 -')]]"}
RESULT: {"using":"xpath","value":"//li[.//span[contains(text(),'548 -')]]"}
COMMAND: POST /session/80b25485da4cce0461fa749928cde446/elements - {"using":"xpath","value":"//li[.//span[contains(text(),'548 -')]]"}
RESULT: {"using":"xpath","value":"//li[.//span[contains(text(),'548 -')]]"}
COMMAND: POST /session/80b25485da4cce0461fa749928cde446/elements - {"using":"xpath","value":"//li[.//span[contains(text(),'548 -')]]"}
RESULT: {"using":"xpath","value":"//li[.//span[contains(text(),'548 -')]]"}
COMMAND: POST /session/80b25485da4cce0461fa749928cde446/elements - {"using":"xpath","value":"//li[.//span[contains(text(),'548 -')]]"}
RESULT: {"using":"xpath","value":"//li[.//span[contains(text(),'548 -')]]"}
COMMAND: POST /session/80b25485da4cce0461fa749928cde446/elements - {"using":"xpath","value":"//li[.//span[contains(text(),'548 -')]]"}
RESULT: {"using":"xpath","value":"//li[.//span[contains(text(),'548 -')]]"}
COMMAND: POST /session/80b25485da4cce0461fa749928cde446/elements - {"using":"xpath","value":"//li[.//span[contains(text(),'548 -')]]"}
RESULT: {"using":"xpath","value":"//li[.//span[contains(text(),'548 -')]]"}
COMMAND: POST /session/80b25485da4cce0461fa749928cde446/elements - {"using":"xpath","value":"//li[.//span[contains(text(),'548 -')]]"}
RESULT: {"using":"xpath","value":"//li[.//span[contains(text(),'548 -')]]"}
COMMAND: POST /session/80b25485da4cce0461fa749928cde446/elements - {"using":"xpath","value":"//li[.//span[contains(text(),'548 -')]]"}
RESULT: {"using":"xpath","value":"//li[.//span[contains(text(),'548 -')]]"}
COMMAND: POST /session/80b25485da4cce0461fa749928cde446/elements - {"using":"xpath","value":"//li[.//span[contains(text(),'548 -')]]"}
RESULT: {"using":"xpath","value":"//li[.//span[contains(text(),'548 -')]]"}
COMMAND: POST /session/80b25485da4cce0461fa749928cde446/elements - {"using":"xpath","value":"//li[.//span[contains(text(),'548 -')]]"}
RESULT: {"using":"xpath","value":"//li[.//span[contains(text(),'548 -')]]"}
COMMAND: POST /session/80b25485da4cce0461fa749928cde446/elements - {"using":"xpath","value":"//li[.//span[contains(text(),'548 -')]]"}
RESULT: {"using":"xpath","value":"//li[.//span[contains(text(),'548 -')]]"}
COMMAND: POST /session/80b25485da4cce0461fa749928cde446/elements - {"using":"xpath","value":"//li[.//span[contains(text(),'548 -')]]"}
RESULT: {"using":"xpath","value":"//li[.//span[contains(text(),'548 -')]]"}
COMMAND: POST /session/80b25485da4cce0461fa749928cde446/elements - {"using":"xpath","value":"//li[.//span[contains(text(),'548 -')]]"}
RESULT: {"using":"xpath","value":"//li[.//span[contains(text(),'548 -')]]"}
COMMAND: POST /session/80b25485da4cce0461fa749928cde446/elements - {"using":"xpath","value":"//li[.//span[contains(text(),'548 -')]]"}
RESULT: {"using":"xpath","value":"//li[.//span[contains(text(),'548 -')]]"}
COMMAND: POST /session/80b25485da4cce0461fa749928cde446/elements - {"using":"xpath","value":"//li[.//span[contains(text(),'548 -')]]"}
RESULT: {"using":"xpath","value":"//li[.//span[contains(text(),'548 -')]]"}
COMMAND: POST /session/80b25485da4cce0461fa749928cde446/elements - {"using":"xpath","value":"//li[.//span[contains(text(),'548 -')]]"}
RESULT: {"using":"xpath","value":"//li[.//span[contains(text(),'548 -')]]"}
COMMAND: POST /session/80b25485da4cce0461fa749928cde446/elements - {"using":"xpath","value":"//li[.//span[contains(text(),'548 -')]]"}
RESULT: {"using":"xpath","value":"//li[.//span[contains(text(),'548 -')]]"}
COMMAND: POST /session/80b25485da4cce0461fa749928cde446/elements - {"using":"xpath","value":"//li[.//span[contains(text(),'548 -')]]"}
RESULT: {"using":"xpath","value":"//li[.//span[contains(text(),'548 -')]]"}
COMMAND: POST /session/80b25485da4cce0461fa749928cde446/elements - {"using":"xpath","value":"//li[.//span[contains(text(),'548 -')]]"}
RESULT: {"using":"xpath","value":"//li[.//span[contains(text(),'548 -')]]"}
COMMAND: POST /session/80b25485da4cce0461fa749928cde446/elements - {"using":"xpath","value":"//li[.//span[contains(text(),'548 -')]]"}
RESULT: {"using":"xpath","value":"//li[.//span[contains(text(),'548 -')]]"}
COMMAND: POST /session/80b25485da4cce0461fa749928cde446/elements - {"using":"xpath","value":"//li[.//span[contains(text(),'548 -')]]"}
RESULT: {"using":"xpath","value":"//li[.//span[contains(text(),'548 -')]]"}
COMMAND: POST /session/80b25485da4cce0461fa749928cde446/elements - {"using":"xpath","value":"//li[.//span[contains(text(),'548 -')]]"}
RESULT: {"using":"xpath","value":"//li[.//span[contains(text(),'548 -')]]"}
COMMAND: POST /session/80b25485da4cce0461fa749928cde446/elements - {"using":"xpath","value":"//li[.//span[contains(text(),'548 -')]]"}
RESULT: {"using":"xpath","value":"//li[.//span[contains(text(),'548 -')]]"}
COMMAND: POST /session/80b25485da4cce0461fa749928cde446/elements - {"using":"xpath","value":"//li[.//span[contains(text(),'548 -')]]"}
RESULT: {"using":"xpath","value":"//li[.//span[contains(text(),'548 -')]]"}
COMMAND: POST /session/80b25485da4cce0461fa749928cde446/elements - {"using":"xpath","value":"//li[.//span[contains(text(),'548 -')]]"}
RESULT: {"using":"xpath","value":"//li[.//span[contains(text(),'548 -')]]"}
COMMAND: POST /session/80b25485da4cce0461fa749928cde446/elements - {"using":"xpath","value":"//li[.//span[contains(text(),'548 -')]]"}
RESULT: {"using":"xpath","value":"//li[.//span[contains(text(),'548 -')]]"}
COMMAND: POST /session/80b25485da4cce0461fa749928cde446/elements - {"using":"xpath","value":"//li[.//span[contains(text(),'548 -')]]"}
RESULT: {"using":"xpath","value":"//li[.//span[contains(text(),'548 -')]]"}
COMMAND: POST /session/80b25485da4cce0461fa749928cde446/elements - {"using":"xpath","value":"//li[.//span[contains(text(),'548 -')]]"}
RESULT: {"using":"xpath","value":"//li[.//span[contains(text(),'548 -')]]"}
COMMAND: POST /session/80b25485da4cce0461fa749928cde446/elements - {"using":"xpath","value":"//li[.//span[contains(text(),'548 -')]]"}
RESULT: {"using":"xpath","value":"//li[.//span[contains(text(),'548 -')]]"}
COMMAND: POST /session/80b25485da4cce0461fa749928cde446/elements - {"using":"xpath","value":"//li[.//span[contains(text(),'548 -')]]"}
RESULT: {"using":"xpath","value":"//li[.//span[contains(text(),'548 -')]]"}
COMMAND: POST /session/80b25485da4cce0461fa749928cde446/elements - {"using":"xpath","value":"//li[.//span[contains(text(),'548 -')]]"}
RESULT: {"using":"xpath","value":"//li[.//span[contains(text(),'548 -')]]"}
COMMAND: POST /session/80b25485da4cce0461fa749928cde446/elements - {"using":"xpath","value":"//li[.//span[contains(text(),'548 -')]]"}
RESULT: {"using":"xpath","value":"//li[.//span[contains(text(),'548 -')]]"}
COMMAND: POST /session/80b25485da4cce0461fa749928cde446/elements - {"using":"xpath","value":"//li[.//span[contains(text(),'548 -')]]"}
RESULT: {"using":"xpath","value":"//li[.//span[contains(text(),'548 -')]]"}
COMMAND: POST /session/80b25485da4cce0461fa749928cde446/elements - {"using":"xpath","value":"//li[.//span[contains(text(),'548 -')]]"}
RESULT: {"using":"xpath","value":"//li[.//span[contains(text(),'548 -')]]"}
COMMAND: POST /session/80b25485da4cce0461fa749928cde446/elements - {"using":"xpath","value":"//li[.//span[contains(text(),'548 -')]]"}
RESULT: {"using":"xpath","value":"//li[.//span[contains(text(),'548 -')]]"}
COMMAND: POST /session/80b25485da4cce0461fa749928cde446/elements - {"using":"xpath","value":"//li[.//span[contains(text(),'548 -')]]"}
RESULT: {"using":"xpath","value":"//li[.//span[contains(text(),'548 -')]]"}
COMMAND: POST /session/80b25485da4cce0461fa749928cde446/elements - {"using":"xpath","value":"//li[.//span[contains(text(),'548 -')]]"}
RESULT: {"using":"xpath","value":"//li[.//span[contains(text(),'548 -')]]"}
COMMAND: POST /session/80b25485da4cce0461fa749928cde446/elements - {"using":"xpath","value":"//li[.//span[contains(text(),'548 -')]]"}
RESULT: {"using":"xpath","value":"//li[.//span[contains(text(),'548 -')]]"}
COMMAND: POST /session/80b25485da4cce0461fa749928cde446/elements - {"using":"xpath","value":"//li[.//span[contains(text(),'548 -')]]"}
RESULT: {"using":"xpath","value":"//li[.//span[contains(text(),'548 -')]]"}
COMMAND: POST /session/80b25485da4cce0461fa749928cde446/elements - {"using":"xpath","value":"//li[.//span[contains(text(),'548 -')]]"}
RESULT: {"using":"xpath","value":"//li[.//span[contains(text(),'548 -')]]"}
COMMAND: POST /session/80b25485da4cce0461fa749928cde446/elements - {"using":"xpath","value":"//li[.//span[contains(text(),'548 -')]]"}
RESULT: {"using":"xpath","value":"//li[.//span[contains(text(),'548 -')]]"}
COMMAND: POST /session/80b25485da4cce0461fa749928cde446/elements - {"using":"xpath","value":"//li[.//span[contains(text(),'548 -')]]"}
RESULT: {"using":"xpath","value":"//li[.//span[contains(text(),'548 -')]]"}
COMMAND: POST /session/80b25485da4cce0461fa749928cde446/elements - {"using":"xpath","value":"//li[.//span[contains(text(),'548 -')]]"}
RESULT: {"using":"xpath","value":"//li[.//span[contains(text(),'548 -')]]"}
COMMAND: POST /session/80b25485da4cce0461fa749928cde446/elements - {"using":"xpath","value":"//li[.//span[contains(text(),'548 -')]]"}
RESULT: {"using":"xpath","value":"//li[.//span[contains(text(),'548 -')]]"}
COMMAND: POST /session/80b25485da4cce0461fa749928cde446/elements - {"using":"xpath","value":"//li[.//span[contains(text(),'548 -')]]"}
RESULT: {"using":"xpath","value":"//li[.//span[contains(text(),'548 -')]]"}
COMMAND: POST /session/80b25485da4cce0461fa749928cde446/elements - {"using":"xpath","value":"//li[.//span[contains(text(),'548 -')]]"}
RESULT: {"using":"xpath","value":"//li[.//span[contains(text(),'548 -')]]"}
COMMAND: POST /session/80b25485da4cce0461fa749928cde446/elements - {"using":"xpath","value":"//li[.//span[contains(text(),'548 -')]]"}
RESULT: {"using":"xpath","value":"//li[.//span[contains(text(),'548 -')]]"}
COMMAND: POST /session/80b25485da4cce0461fa749928cde446/elements - {"using":"xpath","value":"//li[.//span[contains(text(),'548 -')]]"}
RESULT: {"using":"xpath","value":"//li[.//span[contains(text(),'548 -')]]"}
COMMAND: POST /session/80b25485da4cce0461fa749928cde446/elements - {"using":"xpath","value":"//li[.//span[contains(text(),'548 -')]]"}
RESULT: {"using":"xpath","value":"//li[.//span[contains(text(),'548 -')]]"}
COMMAND: POST /session/80b25485da4cce0461fa749928cde446/elements - {"using":"xpath","value":"//li[.//span[contains(text(),'548 -')]]"}
RESULT: {"using":"xpath","value":"//li[.//span[contains(text(),'548 -')]]"}
COMMAND: POST /session/80b25485da4cce0461fa749928cde446/elements - {"using":"xpath","value":"//li[.//span[contains(text(),'548 -')]]"}
RESULT: {"using":"xpath","value":"//li[.//span[contains(text(),'548 -')]]"}
COMMAND: POST /session/80b25485da4cce0461fa749928cde446/elements - {"using":"xpath","value":"//li[.//span[contains(text(),'548 -')]]"}
RESULT: {"using":"xpath","value":"//li[.//span[contains(text(),'548 -')]]"}
COMMAND: POST /session/80b25485da4cce0461fa749928cde446/elements - {"using":"xpath","value":"//li[.//span[contains(text(),'548 -')]]"}
RESULT: {"using":"xpath","value":"//li[.//span[contains(text(),'548 -')]]"}
COMMAND: POST /session/80b25485da4cce0461fa749928cde446/elements - {"using":"xpath","value":"//li[.//span[contains(text(),'548 -')]]"}
RESULT: {"using":"xpath","value":"//li[.//span[contains(text(),'548 -')]]"}
COMMAND: POST /session/80b25485da4cce0461fa749928cde446/elements - {"using":"xpath","value":"//li[.//span[contains(text(),'548 -')]]"}
RESULT: {"using":"xpath","value":"//li[.//span[contains(text(),'548 -')]]"}
COMMAND: POST /session/80b25485da4cce0461fa749928cde446/elements - {"using":"xpath","value":"//li[.//span[contains(text(),'548 -')]]"}
RESULT: {"using":"xpath","value":"//li[.//span[contains(text(),'548 -')]]"}
COMMAND: POST /session/80b25485da4cce0461fa749928cde446/elements - {"using":"xpath","value":"//li[.//span[contains(text(),'548 -')]]"}
RESULT: {"using":"xpath","value":"//li[.//span[contains(text(),'548 -')]]"}
COMMAND: POST /session/80b25485da4cce0461fa749928cde446/elements - {"using":"xpath","value":"//li[.//span[contains(text(),'548 -')]]"}
RESULT: {"using":"xpath","value":"//li[.//span[contains(text(),'548 -')]]"}
COMMAND: POST /session/80b25485da4cce0461fa749928cde446/elements - {"using":"xpath","value":"//li[.//span[contains(text(),'548 -')]]"}
RESULT: {"using":"xpath","value":"//li[.//span[contains(text(),'548 -')]]"}
COMMAND: POST /session/80b25485da4cce0461fa749928cde446/elements - {"using":"xpath","value":"//li[.//span[contains(text(),'548 -')]]"}
RESULT: {"using":"xpath","value":"//li[.//span[contains(text(),'548 -')]]"}
COMMAND: POST /session/80b25485da4cce0461fa749928cde446/elements - {"using":"xpath","value":"//li[.//span[contains(text(),'548 -')]]"}
RESULT: {"using":"xpath","value":"//li[.//span[contains(text(),'548 -')]]"}
COMMAND: POST /session/80b25485da4cce0461fa749928cde446/elements - {"using":"xpath","value":"//li[.//span[contains(text(),'548 -')]]"}
COMMAND: GET /session/80b25485da4cce0461fa749928cde446/screenshot - {}
RESULT: {"using":"xpath","value":"//li[.//span[contains(text(),'548 -')]]"}
RESULT: {}
]]></system-out>
      <system-err><![CDATA[
Error: Can't call click on element with selector "//li[.//span[contains(text(),'548 -')]]" because element wasn't found
    at async UtilsPrerequisites.stockIncrease (D:\a\1\s\test\specs\BTS\prerequisites-and-utils-functions.js:1638:9)
    at async Context.<anonymous> (D:\a\1\s\test\specs\HTR\stock-decrease.spec.js:104:9)
]]></system-err>
    </testcase>
    <testcase classname="chrome.136_0_7103_93.windows.Create_masterdata_for_Yard_Overview_-_trigger_provide_US130988" name="Set status to defect" time="93.467">
      <failure/>
      <error message="Can't call click on element with selector &quot;//li[text()=&quot;defect&quot;]&quot; because element wasn't found"/>
      <system-out><![CDATA[
COMMAND: GET /session/80b25485da4cce0461fa749928cde446/screenshot - {}
COMMAND: POST /session/80b25485da4cce0461fa749928cde446/execute/async - {"script":"<script> [1562 bytes]","args":[{"selector":{"controlType":"sap.m.GenericTile","properties":{"header":"Manage States & Performance"}},"wdio_ui5_key":"sapm.GenericTile{\"header\":\"Manage States & Performance\"}"}]}
RESULT: {}
RESULT: {"script":"<script> [1562 bytes]","args":[{"selector":{"controlType":"sap.m.GenericTile","properties":{"header":"Manage States & Performance"}},"wdio_ui5_key":"sapm.GenericTile{\"header\":\"Manage States & Performance\"}"}]}
RESULT: undefined
COMMAND: POST /session/80b25485da4cce0461fa749928cde446/elements - {"using":"xpath","value":"//span[text()='Error']"}
RESULT: {"using":"xpath","value":"//span[text()='Error']"}
COMMAND: POST /session/80b25485da4cce0461fa749928cde446/execute/async - {"script":"<script> [1562 bytes]","args":[{"selector":{"controlType":"sap.ui.core.Icon","viewName":"etm.portal.ui.managestatesandperformance.view.Master","viewId":"application-managestatesandperformance-display-component---stateAndPerform","properties":{"src":{"regex":{"source":"inventory"}}}},"wdio_ui5_key":"etmportal.ui.managestatesandperformance.view.Mastersap.ui.core.Icon{\"src\":{\"regex\":{\"source\":\"inventory\"}}}"}]}
RESULT: {"script":"<script> [1562 bytes]","args":[{"selector":{"controlType":"sap.ui.core.Icon","viewName":"etm.portal.ui.managestatesandperformance.view.Master","viewId":"application-managestatesandperformance-display-component---stateAndPerform","properties":{"src":{"regex":{"source":"inventory"}}}},"wdio_ui5_key":"etmportal.ui.managestatesandperformance.view.Mastersap.ui.core.Icon{\"src\":{\"regex\":{\"source\":\"inventory\"}}}"}]}
RESULT: undefined
COMMAND: POST /session/80b25485da4cce0461fa749928cde446/execute/async - {"script":"<script> [1562 bytes]","args":[{"selector":{"id":"application-managestatesandperformance-display-component---stateAndPerform--smartFilterBarYard-btnBasicSearch","interaction":{"idSuffix":"I"}},"wdio_ui5_key":"applicationmanagestatesandperformance-display-component---stateAndPerform--smartFilterBarYard-btnBasicSearch"}]}
RESULT: {"script":"<script> [1562 bytes]","args":[{"selector":{"id":"application-managestatesandperformance-display-component---stateAndPerform--smartFilterBarYard-btnBasicSearch","interaction":{"idSuffix":"I"}},"wdio_ui5_key":"applicationmanagestatesandperformance-display-component---stateAndPerform--smartFilterBarYard-btnBasicSearch"}]}
RESULT: undefined
COMMAND: POST /session/80b25485da4cce0461fa749928cde446/actions - {"actions":[{"id":"action49","type":"key","parameters":{},"actions":[{"type":"keyDown","value":""},{"type":"pause","duration":10},{"type":"keyUp","value":""}]}]}
RESULT: {"actions":[{"id":"action49","type":"key","parameters":{},"actions":[{"type":"keyDown","value":""},{"type":"pause","duration":10},{"type":"keyUp","value":""}]}]}
COMMAND: GET /session/80b25485da4cce0461fa749928cde446/screenshot - {}
RESULT: {}
COMMAND: POST /session/80b25485da4cce0461fa749928cde446/element - {"using":"xpath","value":"(//span[contains(@id, \"imgNav\")])[1]"}
RESULT: {"using":"xpath","value":"(//span[contains(@id, \"imgNav\")])[1]"}
COMMAND: POST /session/80b25485da4cce0461fa749928cde446/element/f.499FA332C3249B1FB6786AFDCB682F30.d.3207F4FB34BA93F79C7844CC72361BEF.e.13998/click - {}
RESULT: {}
COMMAND: GET /session/80b25485da4cce0461fa749928cde446/screenshot - {}
RESULT: {}
COMMAND: POST /session/80b25485da4cce0461fa749928cde446/execute/async - {"script":"<script> [1562 bytes]","args":[{"selector":{"controlType":"sap.m.Button","viewName":"etm.portal.ui.managestatesandperformance.view.Detail","viewId":"application-managestatesandperformance-display-component---detailStateAndPerform","i18NText":{"propertyName":"text","key":"createStateChange"},"interaction":{"idSuffix":"content"}},"wdio_ui5_key":"etmportal.ui.managestatesandperformance.view.Detailsap.m.Button{\"propertyName\":\"text\",\"key\":\"createStateChange\"}"}]}
RESULT: {"script":"<script> [1562 bytes]","args":[{"selector":{"controlType":"sap.m.Button","viewName":"etm.portal.ui.managestatesandperformance.view.Detail","viewId":"application-managestatesandperformance-display-component---detailStateAndPerform","i18NText":{"propertyName":"text","key":"createStateChange"},"interaction":{"idSuffix":"content"}},"wdio_ui5_key":"etmportal.ui.managestatesandperformance.view.Detailsap.m.Button{\"propertyName\":\"text\",\"key\":\"createStateChange\"}"}]}
RESULT: undefined
COMMAND: POST /session/80b25485da4cce0461fa749928cde446/execute/async - {"script":"<script> [1562 bytes]","args":[{"selector":{"id":"addStateDialog--stateSelect","searchOpenDialogs":true,"interaction":{"idSuffix":"arrow"}},"wdio_ui5_key":"addStateDialogstateSelect"}]}
RESULT: {"script":"<script> [1562 bytes]","args":[{"selector":{"id":"addStateDialog--stateSelect","searchOpenDialogs":true,"interaction":{"idSuffix":"arrow"}},"wdio_ui5_key":"addStateDialogstateSelect"}]}
RESULT: undefined
COMMAND: POST /session/80b25485da4cce0461fa749928cde446/element - {"using":"xpath","value":"//li[text()=\"defect\"]"}
RESULT: {"using":"xpath","value":"//li[text()=\"defect\"]"}
COMMAND: POST /session/80b25485da4cce0461fa749928cde446/elements - {"using":"xpath","value":"//li[text()=\"defect\"]"}
RESULT: {"using":"xpath","value":"//li[text()=\"defect\"]"}
COMMAND: POST /session/80b25485da4cce0461fa749928cde446/elements - {"using":"xpath","value":"//li[text()=\"defect\"]"}
RESULT: {"using":"xpath","value":"//li[text()=\"defect\"]"}
COMMAND: POST /session/80b25485da4cce0461fa749928cde446/elements - {"using":"xpath","value":"//li[text()=\"defect\"]"}
RESULT: {"using":"xpath","value":"//li[text()=\"defect\"]"}
COMMAND: POST /session/80b25485da4cce0461fa749928cde446/elements - {"using":"xpath","value":"//li[text()=\"defect\"]"}
RESULT: {"using":"xpath","value":"//li[text()=\"defect\"]"}
COMMAND: POST /session/80b25485da4cce0461fa749928cde446/elements - {"using":"xpath","value":"//li[text()=\"defect\"]"}
RESULT: {"using":"xpath","value":"//li[text()=\"defect\"]"}
COMMAND: POST /session/80b25485da4cce0461fa749928cde446/elements - {"using":"xpath","value":"//li[text()=\"defect\"]"}
RESULT: {"using":"xpath","value":"//li[text()=\"defect\"]"}
COMMAND: POST /session/80b25485da4cce0461fa749928cde446/elements - {"using":"xpath","value":"//li[text()=\"defect\"]"}
RESULT: {"using":"xpath","value":"//li[text()=\"defect\"]"}
COMMAND: POST /session/80b25485da4cce0461fa749928cde446/elements - {"using":"xpath","value":"//li[text()=\"defect\"]"}
RESULT: {"using":"xpath","value":"//li[text()=\"defect\"]"}
COMMAND: POST /session/80b25485da4cce0461fa749928cde446/elements - {"using":"xpath","value":"//li[text()=\"defect\"]"}
RESULT: {"using":"xpath","value":"//li[text()=\"defect\"]"}
COMMAND: POST /session/80b25485da4cce0461fa749928cde446/elements - {"using":"xpath","value":"//li[text()=\"defect\"]"}
RESULT: {"using":"xpath","value":"//li[text()=\"defect\"]"}
COMMAND: POST /session/80b25485da4cce0461fa749928cde446/elements - {"using":"xpath","value":"//li[text()=\"defect\"]"}
RESULT: {"using":"xpath","value":"//li[text()=\"defect\"]"}
COMMAND: POST /session/80b25485da4cce0461fa749928cde446/elements - {"using":"xpath","value":"//li[text()=\"defect\"]"}
RESULT: {"using":"xpath","value":"//li[text()=\"defect\"]"}
COMMAND: POST /session/80b25485da4cce0461fa749928cde446/elements - {"using":"xpath","value":"//li[text()=\"defect\"]"}
RESULT: {"using":"xpath","value":"//li[text()=\"defect\"]"}
COMMAND: POST /session/80b25485da4cce0461fa749928cde446/elements - {"using":"xpath","value":"//li[text()=\"defect\"]"}
RESULT: {"using":"xpath","value":"//li[text()=\"defect\"]"}
COMMAND: POST /session/80b25485da4cce0461fa749928cde446/elements - {"using":"xpath","value":"//li[text()=\"defect\"]"}
RESULT: {"using":"xpath","value":"//li[text()=\"defect\"]"}
COMMAND: POST /session/80b25485da4cce0461fa749928cde446/elements - {"using":"xpath","value":"//li[text()=\"defect\"]"}
RESULT: {"using":"xpath","value":"//li[text()=\"defect\"]"}
COMMAND: POST /session/80b25485da4cce0461fa749928cde446/elements - {"using":"xpath","value":"//li[text()=\"defect\"]"}
RESULT: {"using":"xpath","value":"//li[text()=\"defect\"]"}
COMMAND: POST /session/80b25485da4cce0461fa749928cde446/elements - {"using":"xpath","value":"//li[text()=\"defect\"]"}
RESULT: {"using":"xpath","value":"//li[text()=\"defect\"]"}
COMMAND: POST /session/80b25485da4cce0461fa749928cde446/elements - {"using":"xpath","value":"//li[text()=\"defect\"]"}
RESULT: {"using":"xpath","value":"//li[text()=\"defect\"]"}
COMMAND: POST /session/80b25485da4cce0461fa749928cde446/elements - {"using":"xpath","value":"//li[text()=\"defect\"]"}
RESULT: {"using":"xpath","value":"//li[text()=\"defect\"]"}
COMMAND: POST /session/80b25485da4cce0461fa749928cde446/elements - {"using":"xpath","value":"//li[text()=\"defect\"]"}
RESULT: {"using":"xpath","value":"//li[text()=\"defect\"]"}
COMMAND: POST /session/80b25485da4cce0461fa749928cde446/elements - {"using":"xpath","value":"//li[text()=\"defect\"]"}
RESULT: {"using":"xpath","value":"//li[text()=\"defect\"]"}
COMMAND: POST /session/80b25485da4cce0461fa749928cde446/elements - {"using":"xpath","value":"//li[text()=\"defect\"]"}
RESULT: {"using":"xpath","value":"//li[text()=\"defect\"]"}
COMMAND: POST /session/80b25485da4cce0461fa749928cde446/elements - {"using":"xpath","value":"//li[text()=\"defect\"]"}
RESULT: {"using":"xpath","value":"//li[text()=\"defect\"]"}
COMMAND: POST /session/80b25485da4cce0461fa749928cde446/elements - {"using":"xpath","value":"//li[text()=\"defect\"]"}
RESULT: {"using":"xpath","value":"//li[text()=\"defect\"]"}
COMMAND: POST /session/80b25485da4cce0461fa749928cde446/elements - {"using":"xpath","value":"//li[text()=\"defect\"]"}
RESULT: {"using":"xpath","value":"//li[text()=\"defect\"]"}
COMMAND: POST /session/80b25485da4cce0461fa749928cde446/elements - {"using":"xpath","value":"//li[text()=\"defect\"]"}
RESULT: {"using":"xpath","value":"//li[text()=\"defect\"]"}
COMMAND: POST /session/80b25485da4cce0461fa749928cde446/elements - {"using":"xpath","value":"//li[text()=\"defect\"]"}
RESULT: {"using":"xpath","value":"//li[text()=\"defect\"]"}
COMMAND: POST /session/80b25485da4cce0461fa749928cde446/elements - {"using":"xpath","value":"//li[text()=\"defect\"]"}
RESULT: {"using":"xpath","value":"//li[text()=\"defect\"]"}
COMMAND: POST /session/80b25485da4cce0461fa749928cde446/elements - {"using":"xpath","value":"//li[text()=\"defect\"]"}
RESULT: {"using":"xpath","value":"//li[text()=\"defect\"]"}
COMMAND: POST /session/80b25485da4cce0461fa749928cde446/elements - {"using":"xpath","value":"//li[text()=\"defect\"]"}
RESULT: {"using":"xpath","value":"//li[text()=\"defect\"]"}
COMMAND: POST /session/80b25485da4cce0461fa749928cde446/elements - {"using":"xpath","value":"//li[text()=\"defect\"]"}
RESULT: {"using":"xpath","value":"//li[text()=\"defect\"]"}
COMMAND: POST /session/80b25485da4cce0461fa749928cde446/elements - {"using":"xpath","value":"//li[text()=\"defect\"]"}
RESULT: {"using":"xpath","value":"//li[text()=\"defect\"]"}
COMMAND: POST /session/80b25485da4cce0461fa749928cde446/elements - {"using":"xpath","value":"//li[text()=\"defect\"]"}
RESULT: {"using":"xpath","value":"//li[text()=\"defect\"]"}
COMMAND: POST /session/80b25485da4cce0461fa749928cde446/elements - {"using":"xpath","value":"//li[text()=\"defect\"]"}
RESULT: {"using":"xpath","value":"//li[text()=\"defect\"]"}
COMMAND: POST /session/80b25485da4cce0461fa749928cde446/elements - {"using":"xpath","value":"//li[text()=\"defect\"]"}
RESULT: {"using":"xpath","value":"//li[text()=\"defect\"]"}
COMMAND: POST /session/80b25485da4cce0461fa749928cde446/elements - {"using":"xpath","value":"//li[text()=\"defect\"]"}
RESULT: {"using":"xpath","value":"//li[text()=\"defect\"]"}
COMMAND: POST /session/80b25485da4cce0461fa749928cde446/elements - {"using":"xpath","value":"//li[text()=\"defect\"]"}
RESULT: {"using":"xpath","value":"//li[text()=\"defect\"]"}
COMMAND: POST /session/80b25485da4cce0461fa749928cde446/elements - {"using":"xpath","value":"//li[text()=\"defect\"]"}
RESULT: {"using":"xpath","value":"//li[text()=\"defect\"]"}
COMMAND: POST /session/80b25485da4cce0461fa749928cde446/elements - {"using":"xpath","value":"//li[text()=\"defect\"]"}
RESULT: {"using":"xpath","value":"//li[text()=\"defect\"]"}
COMMAND: POST /session/80b25485da4cce0461fa749928cde446/elements - {"using":"xpath","value":"//li[text()=\"defect\"]"}
RESULT: {"using":"xpath","value":"//li[text()=\"defect\"]"}
COMMAND: POST /session/80b25485da4cce0461fa749928cde446/elements - {"using":"xpath","value":"//li[text()=\"defect\"]"}
RESULT: {"using":"xpath","value":"//li[text()=\"defect\"]"}
COMMAND: POST /session/80b25485da4cce0461fa749928cde446/elements - {"using":"xpath","value":"//li[text()=\"defect\"]"}
RESULT: {"using":"xpath","value":"//li[text()=\"defect\"]"}
COMMAND: POST /session/80b25485da4cce0461fa749928cde446/elements - {"using":"xpath","value":"//li[text()=\"defect\"]"}
RESULT: {"using":"xpath","value":"//li[text()=\"defect\"]"}
COMMAND: POST /session/80b25485da4cce0461fa749928cde446/elements - {"using":"xpath","value":"//li[text()=\"defect\"]"}
RESULT: {"using":"xpath","value":"//li[text()=\"defect\"]"}
COMMAND: POST /session/80b25485da4cce0461fa749928cde446/elements - {"using":"xpath","value":"//li[text()=\"defect\"]"}
RESULT: {"using":"xpath","value":"//li[text()=\"defect\"]"}
COMMAND: POST /session/80b25485da4cce0461fa749928cde446/elements - {"using":"xpath","value":"//li[text()=\"defect\"]"}
RESULT: {"using":"xpath","value":"//li[text()=\"defect\"]"}
COMMAND: POST /session/80b25485da4cce0461fa749928cde446/elements - {"using":"xpath","value":"//li[text()=\"defect\"]"}
RESULT: {"using":"xpath","value":"//li[text()=\"defect\"]"}
COMMAND: POST /session/80b25485da4cce0461fa749928cde446/elements - {"using":"xpath","value":"//li[text()=\"defect\"]"}
RESULT: {"using":"xpath","value":"//li[text()=\"defect\"]"}
COMMAND: POST /session/80b25485da4cce0461fa749928cde446/elements - {"using":"xpath","value":"//li[text()=\"defect\"]"}
RESULT: {"using":"xpath","value":"//li[text()=\"defect\"]"}
COMMAND: POST /session/80b25485da4cce0461fa749928cde446/elements - {"using":"xpath","value":"//li[text()=\"defect\"]"}
RESULT: {"using":"xpath","value":"//li[text()=\"defect\"]"}
COMMAND: POST /session/80b25485da4cce0461fa749928cde446/elements - {"using":"xpath","value":"//li[text()=\"defect\"]"}
RESULT: {"using":"xpath","value":"//li[text()=\"defect\"]"}
COMMAND: POST /session/80b25485da4cce0461fa749928cde446/elements - {"using":"xpath","value":"//li[text()=\"defect\"]"}
RESULT: {"using":"xpath","value":"//li[text()=\"defect\"]"}
COMMAND: POST /session/80b25485da4cce0461fa749928cde446/elements - {"using":"xpath","value":"//li[text()=\"defect\"]"}
RESULT: {"using":"xpath","value":"//li[text()=\"defect\"]"}
COMMAND: POST /session/80b25485da4cce0461fa749928cde446/elements - {"using":"xpath","value":"//li[text()=\"defect\"]"}
RESULT: {"using":"xpath","value":"//li[text()=\"defect\"]"}
COMMAND: POST /session/80b25485da4cce0461fa749928cde446/elements - {"using":"xpath","value":"//li[text()=\"defect\"]"}
RESULT: {"using":"xpath","value":"//li[text()=\"defect\"]"}
COMMAND: POST /session/80b25485da4cce0461fa749928cde446/elements - {"using":"xpath","value":"//li[text()=\"defect\"]"}
RESULT: {"using":"xpath","value":"//li[text()=\"defect\"]"}
COMMAND: POST /session/80b25485da4cce0461fa749928cde446/elements - {"using":"xpath","value":"//li[text()=\"defect\"]"}
RESULT: {"using":"xpath","value":"//li[text()=\"defect\"]"}
COMMAND: POST /session/80b25485da4cce0461fa749928cde446/elements - {"using":"xpath","value":"//li[text()=\"defect\"]"}
RESULT: {"using":"xpath","value":"//li[text()=\"defect\"]"}
COMMAND: POST /session/80b25485da4cce0461fa749928cde446/elements - {"using":"xpath","value":"//li[text()=\"defect\"]"}
RESULT: {"using":"xpath","value":"//li[text()=\"defect\"]"}
COMMAND: POST /session/80b25485da4cce0461fa749928cde446/elements - {"using":"xpath","value":"//li[text()=\"defect\"]"}
RESULT: {"using":"xpath","value":"//li[text()=\"defect\"]"}
COMMAND: POST /session/80b25485da4cce0461fa749928cde446/elements - {"using":"xpath","value":"//li[text()=\"defect\"]"}
RESULT: {"using":"xpath","value":"//li[text()=\"defect\"]"}
COMMAND: POST /session/80b25485da4cce0461fa749928cde446/elements - {"using":"xpath","value":"//li[text()=\"defect\"]"}
RESULT: {"using":"xpath","value":"//li[text()=\"defect\"]"}
COMMAND: POST /session/80b25485da4cce0461fa749928cde446/elements - {"using":"xpath","value":"//li[text()=\"defect\"]"}
RESULT: {"using":"xpath","value":"//li[text()=\"defect\"]"}
COMMAND: POST /session/80b25485da4cce0461fa749928cde446/elements - {"using":"xpath","value":"//li[text()=\"defect\"]"}
RESULT: {"using":"xpath","value":"//li[text()=\"defect\"]"}
COMMAND: POST /session/80b25485da4cce0461fa749928cde446/elements - {"using":"xpath","value":"//li[text()=\"defect\"]"}
RESULT: {"using":"xpath","value":"//li[text()=\"defect\"]"}
COMMAND: POST /session/80b25485da4cce0461fa749928cde446/elements - {"using":"xpath","value":"//li[text()=\"defect\"]"}
RESULT: {"using":"xpath","value":"//li[text()=\"defect\"]"}
COMMAND: POST /session/80b25485da4cce0461fa749928cde446/elements - {"using":"xpath","value":"//li[text()=\"defect\"]"}
RESULT: {"using":"xpath","value":"//li[text()=\"defect\"]"}
COMMAND: POST /session/80b25485da4cce0461fa749928cde446/elements - {"using":"xpath","value":"//li[text()=\"defect\"]"}
RESULT: {"using":"xpath","value":"//li[text()=\"defect\"]"}
COMMAND: POST /session/80b25485da4cce0461fa749928cde446/elements - {"using":"xpath","value":"//li[text()=\"defect\"]"}
RESULT: {"using":"xpath","value":"//li[text()=\"defect\"]"}
COMMAND: POST /session/80b25485da4cce0461fa749928cde446/elements - {"using":"xpath","value":"//li[text()=\"defect\"]"}
RESULT: {"using":"xpath","value":"//li[text()=\"defect\"]"}
COMMAND: POST /session/80b25485da4cce0461fa749928cde446/elements - {"using":"xpath","value":"//li[text()=\"defect\"]"}
RESULT: {"using":"xpath","value":"//li[text()=\"defect\"]"}
COMMAND: POST /session/80b25485da4cce0461fa749928cde446/elements - {"using":"xpath","value":"//li[text()=\"defect\"]"}
RESULT: {"using":"xpath","value":"//li[text()=\"defect\"]"}
COMMAND: POST /session/80b25485da4cce0461fa749928cde446/elements - {"using":"xpath","value":"//li[text()=\"defect\"]"}
RESULT: {"using":"xpath","value":"//li[text()=\"defect\"]"}
COMMAND: POST /session/80b25485da4cce0461fa749928cde446/elements - {"using":"xpath","value":"//li[text()=\"defect\"]"}
RESULT: {"using":"xpath","value":"//li[text()=\"defect\"]"}
COMMAND: POST /session/80b25485da4cce0461fa749928cde446/elements - {"using":"xpath","value":"//li[text()=\"defect\"]"}
RESULT: {"using":"xpath","value":"//li[text()=\"defect\"]"}
COMMAND: POST /session/80b25485da4cce0461fa749928cde446/elements - {"using":"xpath","value":"//li[text()=\"defect\"]"}
RESULT: {"using":"xpath","value":"//li[text()=\"defect\"]"}
COMMAND: POST /session/80b25485da4cce0461fa749928cde446/elements - {"using":"xpath","value":"//li[text()=\"defect\"]"}
RESULT: {"using":"xpath","value":"//li[text()=\"defect\"]"}
COMMAND: POST /session/80b25485da4cce0461fa749928cde446/elements - {"using":"xpath","value":"//li[text()=\"defect\"]"}
RESULT: {"using":"xpath","value":"//li[text()=\"defect\"]"}
COMMAND: POST /session/80b25485da4cce0461fa749928cde446/elements - {"using":"xpath","value":"//li[text()=\"defect\"]"}
RESULT: {"using":"xpath","value":"//li[text()=\"defect\"]"}
COMMAND: POST /session/80b25485da4cce0461fa749928cde446/elements - {"using":"xpath","value":"//li[text()=\"defect\"]"}
RESULT: {"using":"xpath","value":"//li[text()=\"defect\"]"}
COMMAND: POST /session/80b25485da4cce0461fa749928cde446/elements - {"using":"xpath","value":"//li[text()=\"defect\"]"}
RESULT: {"using":"xpath","value":"//li[text()=\"defect\"]"}
COMMAND: POST /session/80b25485da4cce0461fa749928cde446/elements - {"using":"xpath","value":"//li[text()=\"defect\"]"}
RESULT: {"using":"xpath","value":"//li[text()=\"defect\"]"}
COMMAND: POST /session/80b25485da4cce0461fa749928cde446/elements - {"using":"xpath","value":"//li[text()=\"defect\"]"}
RESULT: {"using":"xpath","value":"//li[text()=\"defect\"]"}
COMMAND: POST /session/80b25485da4cce0461fa749928cde446/elements - {"using":"xpath","value":"//li[text()=\"defect\"]"}
RESULT: {"using":"xpath","value":"//li[text()=\"defect\"]"}
COMMAND: POST /session/80b25485da4cce0461fa749928cde446/elements - {"using":"xpath","value":"//li[text()=\"defect\"]"}
RESULT: {"using":"xpath","value":"//li[text()=\"defect\"]"}
COMMAND: POST /session/80b25485da4cce0461fa749928cde446/elements - {"using":"xpath","value":"//li[text()=\"defect\"]"}
RESULT: {"using":"xpath","value":"//li[text()=\"defect\"]"}
COMMAND: POST /session/80b25485da4cce0461fa749928cde446/elements - {"using":"xpath","value":"//li[text()=\"defect\"]"}
RESULT: {"using":"xpath","value":"//li[text()=\"defect\"]"}
COMMAND: POST /session/80b25485da4cce0461fa749928cde446/elements - {"using":"xpath","value":"//li[text()=\"defect\"]"}
RESULT: {"using":"xpath","value":"//li[text()=\"defect\"]"}
COMMAND: POST /session/80b25485da4cce0461fa749928cde446/elements - {"using":"xpath","value":"//li[text()=\"defect\"]"}
RESULT: {"using":"xpath","value":"//li[text()=\"defect\"]"}
COMMAND: POST /session/80b25485da4cce0461fa749928cde446/elements - {"using":"xpath","value":"//li[text()=\"defect\"]"}
RESULT: {"using":"xpath","value":"//li[text()=\"defect\"]"}
COMMAND: POST /session/80b25485da4cce0461fa749928cde446/elements - {"using":"xpath","value":"//li[text()=\"defect\"]"}
RESULT: {"using":"xpath","value":"//li[text()=\"defect\"]"}
COMMAND: POST /session/80b25485da4cce0461fa749928cde446/elements - {"using":"xpath","value":"//li[text()=\"defect\"]"}
RESULT: {"using":"xpath","value":"//li[text()=\"defect\"]"}
COMMAND: POST /session/80b25485da4cce0461fa749928cde446/elements - {"using":"xpath","value":"//li[text()=\"defect\"]"}
RESULT: {"using":"xpath","value":"//li[text()=\"defect\"]"}
COMMAND: POST /session/80b25485da4cce0461fa749928cde446/elements - {"using":"xpath","value":"//li[text()=\"defect\"]"}
RESULT: {"using":"xpath","value":"//li[text()=\"defect\"]"}
COMMAND: POST /session/80b25485da4cce0461fa749928cde446/elements - {"using":"xpath","value":"//li[text()=\"defect\"]"}
RESULT: {"using":"xpath","value":"//li[text()=\"defect\"]"}
COMMAND: POST /session/80b25485da4cce0461fa749928cde446/elements - {"using":"xpath","value":"//li[text()=\"defect\"]"}
RESULT: {"using":"xpath","value":"//li[text()=\"defect\"]"}
COMMAND: POST /session/80b25485da4cce0461fa749928cde446/elements - {"using":"xpath","value":"//li[text()=\"defect\"]"}
RESULT: {"using":"xpath","value":"//li[text()=\"defect\"]"}
COMMAND: POST /session/80b25485da4cce0461fa749928cde446/elements - {"using":"xpath","value":"//li[text()=\"defect\"]"}
RESULT: {"using":"xpath","value":"//li[text()=\"defect\"]"}
COMMAND: POST /session/80b25485da4cce0461fa749928cde446/elements - {"using":"xpath","value":"//li[text()=\"defect\"]"}
RESULT: {"using":"xpath","value":"//li[text()=\"defect\"]"}
COMMAND: POST /session/80b25485da4cce0461fa749928cde446/elements - {"using":"xpath","value":"//li[text()=\"defect\"]"}
RESULT: {"using":"xpath","value":"//li[text()=\"defect\"]"}
COMMAND: POST /session/80b25485da4cce0461fa749928cde446/elements - {"using":"xpath","value":"//li[text()=\"defect\"]"}
RESULT: {"using":"xpath","value":"//li[text()=\"defect\"]"}
COMMAND: POST /session/80b25485da4cce0461fa749928cde446/elements - {"using":"xpath","value":"//li[text()=\"defect\"]"}
RESULT: {"using":"xpath","value":"//li[text()=\"defect\"]"}
COMMAND: POST /session/80b25485da4cce0461fa749928cde446/elements - {"using":"xpath","value":"//li[text()=\"defect\"]"}
RESULT: {"using":"xpath","value":"//li[text()=\"defect\"]"}
COMMAND: POST /session/80b25485da4cce0461fa749928cde446/elements - {"using":"xpath","value":"//li[text()=\"defect\"]"}
RESULT: {"using":"xpath","value":"//li[text()=\"defect\"]"}
COMMAND: POST /session/80b25485da4cce0461fa749928cde446/elements - {"using":"xpath","value":"//li[text()=\"defect\"]"}
RESULT: {"using":"xpath","value":"//li[text()=\"defect\"]"}
COMMAND: POST /session/80b25485da4cce0461fa749928cde446/elements - {"using":"xpath","value":"//li[text()=\"defect\"]"}
RESULT: {"using":"xpath","value":"//li[text()=\"defect\"]"}
COMMAND: POST /session/80b25485da4cce0461fa749928cde446/elements - {"using":"xpath","value":"//li[text()=\"defect\"]"}
RESULT: {"using":"xpath","value":"//li[text()=\"defect\"]"}
COMMAND: POST /session/80b25485da4cce0461fa749928cde446/elements - {"using":"xpath","value":"//li[text()=\"defect\"]"}
RESULT: {"using":"xpath","value":"//li[text()=\"defect\"]"}
COMMAND: POST /session/80b25485da4cce0461fa749928cde446/elements - {"using":"xpath","value":"//li[text()=\"defect\"]"}
RESULT: {"using":"xpath","value":"//li[text()=\"defect\"]"}
COMMAND: POST /session/80b25485da4cce0461fa749928cde446/elements - {"using":"xpath","value":"//li[text()=\"defect\"]"}
RESULT: {"using":"xpath","value":"//li[text()=\"defect\"]"}
COMMAND: POST /session/80b25485da4cce0461fa749928cde446/elements - {"using":"xpath","value":"//li[text()=\"defect\"]"}
RESULT: {"using":"xpath","value":"//li[text()=\"defect\"]"}
COMMAND: POST /session/80b25485da4cce0461fa749928cde446/elements - {"using":"xpath","value":"//li[text()=\"defect\"]"}
RESULT: {"using":"xpath","value":"//li[text()=\"defect\"]"}
COMMAND: POST /session/80b25485da4cce0461fa749928cde446/elements - {"using":"xpath","value":"//li[text()=\"defect\"]"}
RESULT: {"using":"xpath","value":"//li[text()=\"defect\"]"}
COMMAND: POST /session/80b25485da4cce0461fa749928cde446/elements - {"using":"xpath","value":"//li[text()=\"defect\"]"}
RESULT: {"using":"xpath","value":"//li[text()=\"defect\"]"}
COMMAND: POST /session/80b25485da4cce0461fa749928cde446/elements - {"using":"xpath","value":"//li[text()=\"defect\"]"}
RESULT: {"using":"xpath","value":"//li[text()=\"defect\"]"}
COMMAND: POST /session/80b25485da4cce0461fa749928cde446/elements - {"using":"xpath","value":"//li[text()=\"defect\"]"}
RESULT: {"using":"xpath","value":"//li[text()=\"defect\"]"}
COMMAND: POST /session/80b25485da4cce0461fa749928cde446/elements - {"using":"xpath","value":"//li[text()=\"defect\"]"}
RESULT: {"using":"xpath","value":"//li[text()=\"defect\"]"}
COMMAND: POST /session/80b25485da4cce0461fa749928cde446/elements - {"using":"xpath","value":"//li[text()=\"defect\"]"}
RESULT: {"using":"xpath","value":"//li[text()=\"defect\"]"}
COMMAND: POST /session/80b25485da4cce0461fa749928cde446/elements - {"using":"xpath","value":"//li[text()=\"defect\"]"}
RESULT: {"using":"xpath","value":"//li[text()=\"defect\"]"}
COMMAND: POST /session/80b25485da4cce0461fa749928cde446/elements - {"using":"xpath","value":"//li[text()=\"defect\"]"}
COMMAND: GET /session/80b25485da4cce0461fa749928cde446/screenshot - {}
RESULT: {"using":"xpath","value":"//li[text()=\"defect\"]"}
RESULT: {}
]]></system-out>
      <system-err><![CDATA[
Error: Can't call click on element with selector "//li[text()="defect"]" because element wasn't found
    at async Context.<anonymous> (D:\a\1\s\test\specs\HTR\stock-decrease.spec.js:166:9)
]]></system-err>
    </testcase>
    <testcase classname="chrome.136_0_7103_93.windows.Create_masterdata_for_Yard_Overview_-_trigger_provide_US130988" name="Should do a Stock Decrease" time="136.834">
      <failure/>
      <error message="Can't call click on element with selector &quot;//button[@data-kt=&quot;IssuingTableConfirmAllButton&quot;]&quot; because element wasn't found"/>
      <system-out><![CDATA[
RESULT: undefined
COMMAND: POST /session/80b25485da4cce0461fa749928cde446/element - {"using":"xpath","value":"//*[@id=\"__tile132\"]"}
COMMAND: GET /session/80b25485da4cce0461fa749928cde446/screenshot - {}
RESULT: {"using":"xpath","value":"//*[@id=\"__tile132\"]"}
COMMAND: POST /session/80b25485da4cce0461fa749928cde446/element/f.499FA332C3249B1FB6786AFDCB682F30.d.3207F4FB34BA93F79C7844CC72361BEF.e.12951/click - {}
RESULT: {}
COMMAND: POST /session/80b25485da4cce0461fa749928cde446/elements - {"using":"xpath","value":"//span[text()='Error']"}
RESULT: {"using":"xpath","value":"//span[text()='Error']"}
COMMAND: POST /session/80b25485da4cce0461fa749928cde446/element - {"using":"xpath","value":"//button[@data-kt=\"masterHOAddButton\"]"}
RESULT: {"using":"xpath","value":"//button[@data-kt=\"masterHOAddButton\"]"}
COMMAND: POST /session/80b25485da4cce0461fa749928cde446/elements - {"using":"xpath","value":"//button[@data-kt=\"masterHOAddButton\"]"}
RESULT: {"using":"xpath","value":"//button[@data-kt=\"masterHOAddButton\"]"}
COMMAND: POST /session/80b25485da4cce0461fa749928cde446/execute/sync - {"script":"<script> [8489 bytes]","args":[{"element-6066-11e4-a52e-4f735466cecf":"f.499FA332C3249B1FB6786AFDCB682F30.d.3207F4FB34BA93F79C7844CC72361BEF.e.13969","ELEMENT":"f.499FA332C3249B1FB6786AFDCB682F30.d.3207F4FB34BA93F79C7844CC72361BEF.e.13969"}]}
RESULT: {"script":"<script> [8489 bytes]","args":[{"element-6066-11e4-a52e-4f735466cecf":"f.499FA332C3249B1FB6786AFDCB682F30.d.3207F4FB34BA93F79C7844CC72361BEF.e.13969","ELEMENT":"f.499FA332C3249B1FB6786AFDCB682F30.d.3207F4FB34BA93F79C7844CC72361BEF.e.13969"}]}
COMMAND: GET /session/80b25485da4cce0461fa749928cde446/element/f.499FA332C3249B1FB6786AFDCB682F30.d.3207F4FB34BA93F79C7844CC72361BEF.e.13969/enabled - {}
COMMAND: GET /session/80b25485da4cce0461fa749928cde446/screenshot - {}
RESULT: {}
COMMAND: POST /session/80b25485da4cce0461fa749928cde446/execute/sync - {"script":"<script> [8489 bytes]","args":[{"element-6066-11e4-a52e-4f735466cecf":"f.499FA332C3249B1FB6786AFDCB682F30.d.3207F4FB34BA93F79C7844CC72361BEF.e.13969","ELEMENT":"f.499FA332C3249B1FB6786AFDCB682F30.d.3207F4FB34BA93F79C7844CC72361BEF.e.13969"}]}
COMMAND: GET /session/80b25485da4cce0461fa749928cde446/screenshot - {}
RESULT: {}
RESULT: {"script":"<script> [8489 bytes]","args":[{"element-6066-11e4-a52e-4f735466cecf":"f.499FA332C3249B1FB6786AFDCB682F30.d.3207F4FB34BA93F79C7844CC72361BEF.e.13969","ELEMENT":"f.499FA332C3249B1FB6786AFDCB682F30.d.3207F4FB34BA93F79C7844CC72361BEF.e.13969"}]}
COMMAND: POST /session/80b25485da4cce0461fa749928cde446/execute/sync - {"script":"<script> [5351 bytes]","args":[{"element-6066-11e4-a52e-4f735466cecf":"f.499FA332C3249B1FB6786AFDCB682F30.d.3207F4FB34BA93F79C7844CC72361BEF.e.13969","ELEMENT":"f.499FA332C3249B1FB6786AFDCB682F30.d.3207F4FB34BA93F79C7844CC72361BEF.e.13969"}]}
COMMAND: GET /session/80b25485da4cce0461fa749928cde446/screenshot - {}
RESULT: {}
RESULT: {"script":"<script> [5351 bytes]","args":[{"element-6066-11e4-a52e-4f735466cecf":"f.499FA332C3249B1FB6786AFDCB682F30.d.3207F4FB34BA93F79C7844CC72361BEF.e.13969","ELEMENT":"f.499FA332C3249B1FB6786AFDCB682F30.d.3207F4FB34BA93F79C7844CC72361BEF.e.13969"}]}
COMMAND: POST /session/80b25485da4cce0461fa749928cde446/element/f.499FA332C3249B1FB6786AFDCB682F30.d.3207F4FB34BA93F79C7844CC72361BEF.e.13969/click - {}
COMMAND: GET /session/80b25485da4cce0461fa749928cde446/screenshot - {}
RESULT: {}
RESULT: {}
COMMAND: GET /session/80b25485da4cce0461fa749928cde446/screenshot - {}
RESULT: {}
RESULT: {}
COMMAND: POST /session/80b25485da4cce0461fa749928cde446/element - {"using":"xpath","value":"//span[contains(@id ,\"AddNewHO--typeSelect-arrow\")]"}
RESULT: {"using":"xpath","value":"//span[contains(@id ,\"AddNewHO--typeSelect-arrow\")]"}
COMMAND: POST /session/80b25485da4cce0461fa749928cde446/element/f.499FA332C3249B1FB6786AFDCB682F30.d.3207F4FB34BA93F79C7844CC72361BEF.e.14393/click - {}
RESULT: {}
COMMAND: GET /session/80b25485da4cce0461fa749928cde446/screenshot - {}
RESULT: {}
COMMAND: POST /session/80b25485da4cce0461fa749928cde446/element - {"using":"xpath","value":"(//li[contains(text(), \"stock decrease yard\")])[1]"}
RESULT: {"using":"xpath","value":"(//li[contains(text(), \"stock decrease yard\")])[1]"}
COMMAND: POST /session/80b25485da4cce0461fa749928cde446/element/f.499FA332C3249B1FB6786AFDCB682F30.d.3207F4FB34BA93F79C7844CC72361BEF.e.14394/click - {}
RESULT: {}
COMMAND: GET /session/80b25485da4cce0461fa749928cde446/screenshot - {}
RESULT: {}
RESULT: undefined
COMMAND: POST /session/80b25485da4cce0461fa749928cde446/execute/async - {"script":"<script> [6424 bytes]","args":[{"element-6066-11e4-a52e-4f735466cecf":"f.499FA332C3249B1FB6786AFDCB682F30.d.3207F4FB34BA93F79C7844CC72361BEF.e.14339"},"setValue",["6/1/25"]]}
COMMAND: POST /session/80b25485da4cce0461fa749928cde446/execute/async - {"script":"<script> [1562 bytes]","args":[{"selector":{"id":"application-managehandovers-display-component---AddNewHO--dueDate","interaction":{"idSuffix":"inner"}},"wdio_ui5_key":"applicationmanagehandovers-display-component---AddNewHO--dueDate"}]}
RESULT: {"script":"<script> [1562 bytes]","args":[{"selector":{"id":"application-managehandovers-display-component---AddNewHO--dueDate","interaction":{"idSuffix":"inner"}},"wdio_ui5_key":"applicationmanagehandovers-display-component---AddNewHO--dueDate"}]}
COMMAND: POST /session/80b25485da4cce0461fa749928cde446/execute/async - {"script":"<script> [6424 bytes]","args":[{"element-6066-11e4-a52e-4f735466cecf":"f.499FA332C3249B1FB6786AFDCB682F30.d.3207F4FB34BA93F79C7844CC72361BEF.e.14404"},"setValue",["6/1/25"]]}
RESULT: {"script":"<script> [6424 bytes]","args":[{"element-6066-11e4-a52e-4f735466cecf":"f.499FA332C3249B1FB6786AFDCB682F30.d.3207F4FB34BA93F79C7844CC72361BEF.e.14404"},"setValue",["6/1/25"]]}
COMMAND: POST /session/80b25485da4cce0461fa749928cde446/element - {"using":"xpath","value":"//input[@id=\"generalSectionFrg--sendYard-inner\"]"}
RESULT: {"using":"xpath","value":"//input[@id=\"generalSectionFrg--sendYard-inner\"]"}
COMMAND: POST /session/80b25485da4cce0461fa749928cde446/element/f.499FA332C3249B1FB6786AFDCB682F30.d.3207F4FB34BA93F79C7844CC72361BEF.e.14410/clear - {}
RESULT: {}
COMMAND: POST /session/80b25485da4cce0461fa749928cde446/element/f.499FA332C3249B1FB6786AFDCB682F30.d.3207F4FB34BA93F79C7844CC72361BEF.e.14410/value - {"text":"548"}
COMMAND: GET /session/80b25485da4cce0461fa749928cde446/screenshot - {}
RESULT: {"text":"548"}
COMMAND: GET /session/80b25485da4cce0461fa749928cde446/screenshot - {}
RESULT: {}
RESULT: {}
COMMAND: POST /session/80b25485da4cce0461fa749928cde446/element - {"using":"xpath","value":"//li[.//span[text()='548']]"}
RESULT: {"using":"xpath","value":"//li[.//span[text()='548']]"}
COMMAND: POST /session/80b25485da4cce0461fa749928cde446/element/f.499FA332C3249B1FB6786AFDCB682F30.d.3207F4FB34BA93F79C7844CC72361BEF.e.14428/click - {}
RESULT: {}
COMMAND: GET /session/80b25485da4cce0461fa749928cde446/screenshot - {}
RESULT: {}
COMMAND: POST /session/80b25485da4cce0461fa749928cde446/execute/async - {"script":"<script> [1562 bytes]","args":[{"selector":{"controlType":"sap.ui.core.Icon","viewName":"etm.portal.ui.managehandovers.view.AddNewHO","viewId":"application-managehandovers-display-component---AddNewHO","properties":{"src":{"regex":{"source":"slim\\-arrow\\-down"}}},"ancestor":{"controlType":"etm.portal.ui.reusables.customControls.LiveSearchComboBox","viewName":"etm.portal.ui.managehandovers.view.AddNewHO","viewId":"application-managehandovers-display-component---AddNewHO","bindingPath":{"path":"","propertyPath":"/FORWARDER","modelName":"hoItemsModel"}}},"wdio_ui5_key":"etmportal.ui.managehandovers.view.AddNewHOsap.ui.core.Icon{\"src\":{\"regex\":{\"source\":\"slim\\\\-arrow\\\\-down\"}}}{\"controlType\":\"etm.portal.ui.reusables.customControls.LiveSearchComboBox\",\"viewName\":\"etm.portal.ui.managehandovers.view.AddNewHO\",\"viewId\":\"application-managehandovers-display-component---AddNewHO\",\"bindingPath\":{\"path\":\"\",\"propertyPath\":\"/FORWARDER\",\"modelName\":\"hoItemsModel\"}}"}]}
RESULT: {"script":"<script> [1562 bytes]","args":[{"selector":{"controlType":"sap.ui.core.Icon","viewName":"etm.portal.ui.managehandovers.view.AddNewHO","viewId":"application-managehandovers-display-component---AddNewHO","properties":{"src":{"regex":{"source":"slim\\-arrow\\-down"}}},"ancestor":{"controlType":"etm.portal.ui.reusables.customControls.LiveSearchComboBox","viewName":"etm.portal.ui.managehandovers.view.AddNewHO","viewId":"application-managehandovers-display-component---AddNewHO","bindingPath":{"path":"","propertyPath":"/FORWARDER","modelName":"hoItemsModel"}}},"wdio_ui5_key":"etmportal.ui.managehandovers.view.AddNewHOsap.ui.core.Icon{\"src\":{\"regex\":{\"source\":\"slim\\\\-arrow\\\\-down\"}}}{\"controlType\":\"etm.portal.ui.reusables.customControls.LiveSearchComboBox\",\"viewName\":\"etm.portal.ui.managehandovers.view.AddNewHO\",\"viewId\":\"application-managehandovers-display-component---AddNewHO\",\"bindingPath\":{\"path\":\"\",\"propertyPath\":\"/FORWARDER\",\"modelName\":\"hoItemsModel\"}}"}]}
RESULT: undefined
COMMAND: POST /session/80b25485da4cce0461fa749928cde446/element - {"using":"xpath","value":"//*[@id=\"__box15-arrow\"]"}
RESULT: {"using":"xpath","value":"//*[@id=\"__box15-arrow\"]"}
COMMAND: POST /session/80b25485da4cce0461fa749928cde446/element/f.499FA332C3249B1FB6786AFDCB682F30.d.3207F4FB34BA93F79C7844CC72361BEF.e.14429/click - {}
RESULT: {}
COMMAND: GET /session/80b25485da4cce0461fa749928cde446/screenshot - {}
RESULT: {}
COMMAND: POST /session/80b25485da4cce0461fa749928cde446/execute/async - {"script":"<script> [1562 bytes]","args":[{"selector":{"controlType":"sap.m.StandardListItem","viewName":"etm.portal.ui.managehandovers.view.AddNewHO","viewId":"application-managehandovers-display-component---AddNewHO","properties":{"title":"1002 - Test "},"searchOpenDialogs":true,"interaction":{"idSuffix":"content"}},"wdio_ui5_key":"etmportal.ui.managehandovers.view.AddNewHOsap.m.StandardListItem{\"title\":\"1002 - Test \"}"}]}
RESULT: {"script":"<script> [1562 bytes]","args":[{"selector":{"controlType":"sap.m.StandardListItem","viewName":"etm.portal.ui.managehandovers.view.AddNewHO","viewId":"application-managehandovers-display-component---AddNewHO","properties":{"title":"1002 - Test "},"searchOpenDialogs":true,"interaction":{"idSuffix":"content"}},"wdio_ui5_key":"etmportal.ui.managehandovers.view.AddNewHOsap.m.StandardListItem{\"title\":\"1002 - Test \"}"}]}
RESULT: undefined
COMMAND: POST /session/80b25485da4cce0461fa749928cde446/element - {"using":"xpath","value":"//*[@id=\"__item1154\"]"}
RESULT: {"using":"xpath","value":"//*[@id=\"__item1154\"]"}
COMMAND: POST /session/80b25485da4cce0461fa749928cde446/element/f.499FA332C3249B1FB6786AFDCB682F30.d.3207F4FB34BA93F79C7844CC72361BEF.e.14432/click - {}
RESULT: {}
COMMAND: GET /session/80b25485da4cce0461fa749928cde446/screenshot - {}
RESULT: {}
COMMAND: POST /session/80b25485da4cce0461fa749928cde446/execute/async - {"script":"<script> [1562 bytes]","args":[{"selector":{"controlType":"sap.m.Input","viewName":"etm.portal.ui.managehandovers.view.AddNewHO","viewId":"application-managehandovers-display-component---AddNewHO","bindingPath":{"path":"","propertyPath":"/DRIVER","modelName":"hoItemsModel"},"interaction":{"idSuffix":"inner"}},"wdio_ui5_key":"etmportal.ui.managehandovers.view.AddNewHOsap.m.Input{\"path\":\"\",\"propertyPath\":\"/DRIVER\",\"modelName\":\"hoItemsModel\"}"}]}
RESULT: {"script":"<script> [1562 bytes]","args":[{"selector":{"controlType":"sap.m.Input","viewName":"etm.portal.ui.managehandovers.view.AddNewHO","viewId":"application-managehandovers-display-component---AddNewHO","bindingPath":{"path":"","propertyPath":"/DRIVER","modelName":"hoItemsModel"},"interaction":{"idSuffix":"inner"}},"wdio_ui5_key":"etmportal.ui.managehandovers.view.AddNewHOsap.m.Input{\"path\":\"\",\"propertyPath\":\"/DRIVER\",\"modelName\":\"hoItemsModel\"}"}]}
RESULT: undefined
COMMAND: POST /session/80b25485da4cce0461fa749928cde446/execute/async - {"script":"<script> [776 bytes]","args":[{"enterText":"StockDecrease Driver","selector":{"controlType":"sap.m.Input","viewName":"etm.portal.ui.managehandovers.view.AddNewHO","viewId":"application-managehandovers-display-component---AddNewHO","bindingPath":{"path":"","propertyPath":"/DRIVER","modelName":"hoItemsModel"},"interaction":{"idSuffix":"inner"}},"clearTextFirst":true,"interactionType":"ENTER_TEXT"}]}
RESULT: {"script":"<script> [776 bytes]","args":[{"enterText":"StockDecrease Driver","selector":{"controlType":"sap.m.Input","viewName":"etm.portal.ui.managehandovers.view.AddNewHO","viewId":"application-managehandovers-display-component---AddNewHO","bindingPath":{"path":"","propertyPath":"/DRIVER","modelName":"hoItemsModel"},"interaction":{"idSuffix":"inner"}},"clearTextFirst":true,"interactionType":"ENTER_TEXT"}]}
COMMAND: POST /session/80b25485da4cce0461fa749928cde446/execute/async - {"script":"<script> [1562 bytes]","args":[{"selector":{"id":"application-managehandovers-display-component---AddNewHO--responsibleCB-arrow"},"wdio_ui5_key":"applicationmanagehandovers-display-component---AddNewHO--responsibleCB-arrow"}]}
RESULT: {"script":"<script> [1562 bytes]","args":[{"selector":{"id":"application-managehandovers-display-component---AddNewHO--responsibleCB-arrow"},"wdio_ui5_key":"applicationmanagehandovers-display-component---AddNewHO--responsibleCB-arrow"}]}
RESULT: undefined
COMMAND: POST /session/80b25485da4cce0461fa749928cde446/element - {"using":"xpath","value":"//*[@id=\"application-managehandovers-display-component---AddNewHO--responsibleCB-arrow\"]"}
RESULT: {"using":"xpath","value":"//*[@id=\"application-managehandovers-display-component---AddNewHO--responsibleCB-arrow\"]"}
COMMAND: POST /session/80b25485da4cce0461fa749928cde446/element/f.499FA332C3249B1FB6786AFDCB682F30.d.3207F4FB34BA93F79C7844CC72361BEF.e.14434/click - {}
RESULT: {}
COMMAND: GET /session/80b25485da4cce0461fa749928cde446/screenshot - {}
RESULT: {}
COMMAND: POST /session/80b25485da4cce0461fa749928cde446/execute/async - {"script":"<script> [1562 bytes]","args":[{"selector":{"controlType":"sap.m.StandardListItem","viewName":"etm.portal.ui.managehandovers.view.AddNewHO","viewId":"application-managehandovers-display-component---AddNewHO","properties":{"title":"1 - Test unit Update "},"searchOpenDialogs":true},"wdio_ui5_key":"etmportal.ui.managehandovers.view.AddNewHOsap.m.StandardListItem{\"title\":\"1 - Test unit Update \"}"}]}
RESULT: {"script":"<script> [1562 bytes]","args":[{"selector":{"controlType":"sap.m.StandardListItem","viewName":"etm.portal.ui.managehandovers.view.AddNewHO","viewId":"application-managehandovers-display-component---AddNewHO","properties":{"title":"1 - Test unit Update "},"searchOpenDialogs":true},"wdio_ui5_key":"etmportal.ui.managehandovers.view.AddNewHOsap.m.StandardListItem{\"title\":\"1 - Test unit Update \"}"}]}
RESULT: undefined
COMMAND: POST /session/80b25485da4cce0461fa749928cde446/element - {"using":"xpath","value":"//*[@id=\"__item1253\"]"}
RESULT: {"using":"xpath","value":"//*[@id=\"__item1253\"]"}
COMMAND: POST /session/80b25485da4cce0461fa749928cde446/element/f.499FA332C3249B1FB6786AFDCB682F30.d.3207F4FB34BA93F79C7844CC72361BEF.e.14435/click - {}
RESULT: {}
COMMAND: GET /session/80b25485da4cce0461fa749928cde446/screenshot - {}
RESULT: {}
COMMAND: POST /session/80b25485da4cce0461fa749928cde446/execute/async - {"script":"<script> [1562 bytes]","args":[{"selector":{"id":"application-managehandovers-display-component---AddNewHO--ObjectPageLayout-anchBar-application-managehandovers-display-component---AddNewHO--section4-anchor","interaction":{"idSuffix":"BDI-content"}},"wdio_ui5_key":"applicationmanagehandovers-display-component---AddNewHO--ObjectPageLayout-anchBar-application-managehandovers-display-component---AddNewHO--section4-anchor"}]}
RESULT: {"script":"<script> [1562 bytes]","args":[{"selector":{"id":"application-managehandovers-display-component---AddNewHO--ObjectPageLayout-anchBar-application-managehandovers-display-component---AddNewHO--section4-anchor","interaction":{"idSuffix":"BDI-content"}},"wdio_ui5_key":"applicationmanagehandovers-display-component---AddNewHO--ObjectPageLayout-anchBar-application-managehandovers-display-component---AddNewHO--section4-anchor"}]}
RESULT: undefined
COMMAND: POST /session/80b25485da4cce0461fa749928cde446/element - {"using":"xpath","value":"//*[@id=\"application-managehandovers-display-component---AddNewHO--ObjectPageLayout-anchBar-application-managehandovers-display-component---AddNewHO--section4-anchor\"]"}
RESULT: {"using":"xpath","value":"//*[@id=\"application-managehandovers-display-component---AddNewHO--ObjectPageLayout-anchBar-application-managehandovers-display-component---AddNewHO--section4-anchor\"]"}
COMMAND: POST /session/80b25485da4cce0461fa749928cde446/element/f.499FA332C3249B1FB6786AFDCB682F30.d.3207F4FB34BA93F79C7844CC72361BEF.e.14437/click - {}
RESULT: {}
COMMAND: GET /session/80b25485da4cce0461fa749928cde446/screenshot - {}
RESULT: {}
COMMAND: POST /session/80b25485da4cce0461fa749928cde446/execute/async - {"script":"<script> [1562 bytes]","args":[{"selector":{"controlType":"sap.ui.core.Icon","viewName":"etm.portal.ui.managehandovers.view.AddNewHO","viewId":"application-managehandovers-display-component---AddNewHO","properties":{"src":{"regex":{"source":"add"}}}},"wdio_ui5_key":"etmportal.ui.managehandovers.view.AddNewHOsap.ui.core.Icon{\"src\":{\"regex\":{\"source\":\"add\"}}}"}]}
RESULT: {"script":"<script> [1562 bytes]","args":[{"selector":{"controlType":"sap.ui.core.Icon","viewName":"etm.portal.ui.managehandovers.view.AddNewHO","viewId":"application-managehandovers-display-component---AddNewHO","properties":{"src":{"regex":{"source":"add"}}}},"wdio_ui5_key":"etmportal.ui.managehandovers.view.AddNewHOsap.ui.core.Icon{\"src\":{\"regex\":{\"source\":\"add\"}}}"}]}
RESULT: undefined
COMMAND: POST /session/80b25485da4cce0461fa749928cde446/element - {"using":"xpath","value":"//*[@id=\"__button170-img\"]"}
RESULT: {"using":"xpath","value":"//*[@id=\"__button170-img\"]"}
COMMAND: POST /session/80b25485da4cce0461fa749928cde446/element/f.499FA332C3249B1FB6786AFDCB682F30.d.3207F4FB34BA93F79C7844CC72361BEF.e.14441/click - {}
RESULT: {}
COMMAND: POST /session/80b25485da4cce0461fa749928cde446/execute/async - {"script":"<script> [1562 bytes]","args":[{"selector":{"id":"application-managehandovers-display-component---AddNewHO--smartFilterBar-btnBasicSearch","searchOpenDialogs":true,"interaction":{"idSuffix":"I"}},"wdio_ui5_key":"applicationmanagehandovers-display-component---AddNewHO--smartFilterBar-btnBasicSearch"}]}
COMMAND: GET /session/80b25485da4cce0461fa749928cde446/screenshot - {}
RESULT: {"script":"<script> [1562 bytes]","args":[{"selector":{"id":"application-managehandovers-display-component---AddNewHO--smartFilterBar-btnBasicSearch","searchOpenDialogs":true,"interaction":{"idSuffix":"I"}},"wdio_ui5_key":"applicationmanagehandovers-display-component---AddNewHO--smartFilterBar-btnBasicSearch"}]}
RESULT: undefined
COMMAND: POST /session/80b25485da4cce0461fa749928cde446/execute/async - {"script":"<script> [776 bytes]","args":[{"enterText":"200320","selector":{"id":"application-managehandovers-display-component---AddNewHO--smartFilterBar-btnBasicSearch","searchOpenDialogs":true,"interaction":{"idSuffix":"I"}},"clearTextFirst":true,"interactionType":"ENTER_TEXT"}]}
RESULT: {}
RESULT: {"script":"<script> [776 bytes]","args":[{"enterText":"200320","selector":{"id":"application-managehandovers-display-component---AddNewHO--smartFilterBar-btnBasicSearch","searchOpenDialogs":true,"interaction":{"idSuffix":"I"}},"clearTextFirst":true,"interactionType":"ENTER_TEXT"}]}
COMMAND: POST /session/80b25485da4cce0461fa749928cde446/execute/async - {"script":"<script> [1562 bytes]","args":[{"selector":{"id":"application-managehandovers-display-component---AddNewHO--popup-sa","searchOpenDialogs":true},"wdio_ui5_key":"applicationmanagehandovers-display-component---AddNewHO--popup-sa"}]}
RESULT: {"script":"<script> [1562 bytes]","args":[{"selector":{"id":"application-managehandovers-display-component---AddNewHO--popup-sa","searchOpenDialogs":true},"wdio_ui5_key":"applicationmanagehandovers-display-component---AddNewHO--popup-sa"}]}
RESULT: undefined
COMMAND: POST /session/80b25485da4cce0461fa749928cde446/element - {"using":"xpath","value":"//*[@id=\"application-managehandovers-display-component---AddNewHO--popup-sa\"]"}
RESULT: {"using":"xpath","value":"//*[@id=\"application-managehandovers-display-component---AddNewHO--popup-sa\"]"}
COMMAND: POST /session/80b25485da4cce0461fa749928cde446/element/f.499FA332C3249B1FB6786AFDCB682F30.d.3207F4FB34BA93F79C7844CC72361BEF.e.14466/click - {}
RESULT: {}
COMMAND: GET /session/80b25485da4cce0461fa749928cde446/screenshot - {}
RESULT: {}
COMMAND: POST /session/80b25485da4cce0461fa749928cde446/element - {"using":"xpath","value":"//*[contains(@id ,\"BDI-content\")][contains(text(), \"Select\")]"}
RESULT: {"using":"xpath","value":"//*[contains(@id ,\"BDI-content\")][contains(text(), \"Select\")]"}
COMMAND: POST /session/80b25485da4cce0461fa749928cde446/element/f.499FA332C3249B1FB6786AFDCB682F30.d.3207F4FB34BA93F79C7844CC72361BEF.e.14467/click - {}
RESULT: {}
COMMAND: POST /session/80b25485da4cce0461fa749928cde446/execute/async - {"script":"<script> [1562 bytes]","args":[{"selector":{"controlType":"sap.m.Button","viewName":"etm.portal.ui.managehandovers.view.AddNewHO","viewId":"application-managehandovers-display-component---AddNewHO","bindingPath":{"path":"/items/0","propertyPath":"QUANTITY","modelName":"hoItemsModel"},"interaction":{"idSuffix":"inner"}},"wdio_ui5_key":"etmportal.ui.managehandovers.view.AddNewHOsap.m.Button{\"path\":\"/items/0\",\"propertyPath\":\"QUANTITY\",\"modelName\":\"hoItemsModel\"}"}]}
COMMAND: GET /session/80b25485da4cce0461fa749928cde446/screenshot - {}
RESULT: {"script":"<script> [1562 bytes]","args":[{"selector":{"controlType":"sap.m.Button","viewName":"etm.portal.ui.managehandovers.view.AddNewHO","viewId":"application-managehandovers-display-component---AddNewHO","bindingPath":{"path":"/items/0","propertyPath":"QUANTITY","modelName":"hoItemsModel"},"interaction":{"idSuffix":"inner"}},"wdio_ui5_key":"etmportal.ui.managehandovers.view.AddNewHOsap.m.Button{\"path\":\"/items/0\",\"propertyPath\":\"QUANTITY\",\"modelName\":\"hoItemsModel\"}"}]}
RESULT: undefined
COMMAND: POST /session/80b25485da4cce0461fa749928cde446/execute/async - {"script":"<script> [1562 bytes]","args":[{"selector":{"controlType":"sap.m.NumericInput","viewName":"etm.portal.ui.managehandovers.view.AddNewHO","viewId":"application-managehandovers-display-component---AddNewHO","properties":{"value":"0"},"searchOpenDialogs":true,"interaction":{"idSuffix":"inner"}},"wdio_ui5_key":"etmportal.ui.managehandovers.view.AddNewHOsap.m.NumericInput{\"value\":\"0\"}"}]}
RESULT: {}
RESULT: {"script":"<script> [1562 bytes]","args":[{"selector":{"controlType":"sap.m.NumericInput","viewName":"etm.portal.ui.managehandovers.view.AddNewHO","viewId":"application-managehandovers-display-component---AddNewHO","properties":{"value":"0"},"searchOpenDialogs":true,"interaction":{"idSuffix":"inner"}},"wdio_ui5_key":"etmportal.ui.managehandovers.view.AddNewHOsap.m.NumericInput{\"value\":\"0\"}"}]}
RESULT: undefined
COMMAND: POST /session/80b25485da4cce0461fa749928cde446/execute/async - {"script":"<script> [1562 bytes]","args":[{"selector":{"controlType":"sap.m.Button","viewName":"etm.portal.ui.managehandovers.view.AddNewHO","viewId":"application-managehandovers-display-component---AddNewHO","i18NText":{"propertyName":"text","key":"confirm"},"searchOpenDialogs":true,"interaction":{"idSuffix":"BDI-content"}},"wdio_ui5_key":"etmportal.ui.managehandovers.view.AddNewHOsap.m.Button{\"propertyName\":\"text\",\"key\":\"confirm\"}"}]}
RESULT: {"script":"<script> [1562 bytes]","args":[{"selector":{"controlType":"sap.m.Button","viewName":"etm.portal.ui.managehandovers.view.AddNewHO","viewId":"application-managehandovers-display-component---AddNewHO","i18NText":{"propertyName":"text","key":"confirm"},"searchOpenDialogs":true,"interaction":{"idSuffix":"BDI-content"}},"wdio_ui5_key":"etmportal.ui.managehandovers.view.AddNewHOsap.m.Button{\"propertyName\":\"text\",\"key\":\"confirm\"}"}]}
RESULT: undefined
COMMAND: POST /session/80b25485da4cce0461fa749928cde446/execute/async - {"script":"<script> [1562 bytes]","args":[{"selector":{"id":"application-managehandovers-display-component---AddNewHO--confirmCreationButton","interaction":{"idSuffix":"inner"}},"wdio_ui5_key":"applicationmanagehandovers-display-component---AddNewHO--confirmCreationButton"}]}
RESULT: {"script":"<script> [1562 bytes]","args":[{"selector":{"id":"application-managehandovers-display-component---AddNewHO--confirmCreationButton","interaction":{"idSuffix":"inner"}},"wdio_ui5_key":"applicationmanagehandovers-display-component---AddNewHO--confirmCreationButton"}]}
RESULT: undefined
COMMAND: POST /session/80b25485da4cce0461fa749928cde446/element - {"using":"xpath","value":"//*[@id=\"application-managehandovers-display-component---AddNewHO--confirmCreationButton\"]"}
RESULT: {"using":"xpath","value":"//*[@id=\"application-managehandovers-display-component---AddNewHO--confirmCreationButton\"]"}
COMMAND: POST /session/80b25485da4cce0461fa749928cde446/element/f.499FA332C3249B1FB6786AFDCB682F30.d.3207F4FB34BA93F79C7844CC72361BEF.e.14472/click - {}
COMMAND: POST /session/80b25485da4cce0461fa749928cde446/execute/async - {"script":"<script> [1562 bytes]","args":[{"selector":{"id":"receiptDatePicker","viewName":"etm.portal.ui.managehandovers.view.DetailExecuteHO","interaction":{"idSuffix":"inner"}},"wdio_ui5_key":"receiptDatePickeretmportal.ui.managehandovers.view.DetailExecuteHO"}]}
RESULT: {"script":"<script> [1562 bytes]","args":[{"selector":{"id":"receiptDatePicker","viewName":"etm.portal.ui.managehandovers.view.DetailExecuteHO","interaction":{"idSuffix":"inner"}},"wdio_ui5_key":"receiptDatePickeretmportal.ui.managehandovers.view.DetailExecuteHO"}]}
RESULT: undefined
COMMAND: POST /session/80b25485da4cce0461fa749928cde446/element - {"using":"xpath","value":"//button[@data-kt=\"IssuingTableConfirmAllButton\"]"}
RESULT: {"using":"xpath","value":"//button[@data-kt=\"IssuingTableConfirmAllButton\"]"}
COMMAND: POST /session/80b25485da4cce0461fa749928cde446/elements - {"using":"xpath","value":"//button[@data-kt=\"IssuingTableConfirmAllButton\"]"}
RESULT: {"using":"xpath","value":"//button[@data-kt=\"IssuingTableConfirmAllButton\"]"}
COMMAND: POST /session/80b25485da4cce0461fa749928cde446/elements - {"using":"xpath","value":"//button[@data-kt=\"IssuingTableConfirmAllButton\"]"}
RESULT: {"using":"xpath","value":"//button[@data-kt=\"IssuingTableConfirmAllButton\"]"}
COMMAND: POST /session/80b25485da4cce0461fa749928cde446/elements - {"using":"xpath","value":"//button[@data-kt=\"IssuingTableConfirmAllButton\"]"}
RESULT: {"using":"xpath","value":"//button[@data-kt=\"IssuingTableConfirmAllButton\"]"}
COMMAND: POST /session/80b25485da4cce0461fa749928cde446/elements - {"using":"xpath","value":"//button[@data-kt=\"IssuingTableConfirmAllButton\"]"}
RESULT: {"using":"xpath","value":"//button[@data-kt=\"IssuingTableConfirmAllButton\"]"}
COMMAND: POST /session/80b25485da4cce0461fa749928cde446/elements - {"using":"xpath","value":"//button[@data-kt=\"IssuingTableConfirmAllButton\"]"}
RESULT: {"using":"xpath","value":"//button[@data-kt=\"IssuingTableConfirmAllButton\"]"}
COMMAND: POST /session/80b25485da4cce0461fa749928cde446/elements - {"using":"xpath","value":"//button[@data-kt=\"IssuingTableConfirmAllButton\"]"}
RESULT: {"using":"xpath","value":"//button[@data-kt=\"IssuingTableConfirmAllButton\"]"}
COMMAND: POST /session/80b25485da4cce0461fa749928cde446/elements - {"using":"xpath","value":"//button[@data-kt=\"IssuingTableConfirmAllButton\"]"}
RESULT: {"using":"xpath","value":"//button[@data-kt=\"IssuingTableConfirmAllButton\"]"}
COMMAND: POST /session/80b25485da4cce0461fa749928cde446/elements - {"using":"xpath","value":"//button[@data-kt=\"IssuingTableConfirmAllButton\"]"}
RESULT: {"using":"xpath","value":"//button[@data-kt=\"IssuingTableConfirmAllButton\"]"}
COMMAND: POST /session/80b25485da4cce0461fa749928cde446/elements - {"using":"xpath","value":"//button[@data-kt=\"IssuingTableConfirmAllButton\"]"}
RESULT: {"using":"xpath","value":"//button[@data-kt=\"IssuingTableConfirmAllButton\"]"}
COMMAND: POST /session/80b25485da4cce0461fa749928cde446/elements - {"using":"xpath","value":"//button[@data-kt=\"IssuingTableConfirmAllButton\"]"}
RESULT: {"using":"xpath","value":"//button[@data-kt=\"IssuingTableConfirmAllButton\"]"}
COMMAND: POST /session/80b25485da4cce0461fa749928cde446/elements - {"using":"xpath","value":"//button[@data-kt=\"IssuingTableConfirmAllButton\"]"}
RESULT: {"using":"xpath","value":"//button[@data-kt=\"IssuingTableConfirmAllButton\"]"}
COMMAND: POST /session/80b25485da4cce0461fa749928cde446/elements - {"using":"xpath","value":"//button[@data-kt=\"IssuingTableConfirmAllButton\"]"}
RESULT: {"using":"xpath","value":"//button[@data-kt=\"IssuingTableConfirmAllButton\"]"}
COMMAND: POST /session/80b25485da4cce0461fa749928cde446/elements - {"using":"xpath","value":"//button[@data-kt=\"IssuingTableConfirmAllButton\"]"}
RESULT: {"using":"xpath","value":"//button[@data-kt=\"IssuingTableConfirmAllButton\"]"}
COMMAND: POST /session/80b25485da4cce0461fa749928cde446/elements - {"using":"xpath","value":"//button[@data-kt=\"IssuingTableConfirmAllButton\"]"}
RESULT: {"using":"xpath","value":"//button[@data-kt=\"IssuingTableConfirmAllButton\"]"}
COMMAND: POST /session/80b25485da4cce0461fa749928cde446/elements - {"using":"xpath","value":"//button[@data-kt=\"IssuingTableConfirmAllButton\"]"}
RESULT: {"using":"xpath","value":"//button[@data-kt=\"IssuingTableConfirmAllButton\"]"}
COMMAND: POST /session/80b25485da4cce0461fa749928cde446/elements - {"using":"xpath","value":"//button[@data-kt=\"IssuingTableConfirmAllButton\"]"}
RESULT: {"using":"xpath","value":"//button[@data-kt=\"IssuingTableConfirmAllButton\"]"}
COMMAND: POST /session/80b25485da4cce0461fa749928cde446/elements - {"using":"xpath","value":"//button[@data-kt=\"IssuingTableConfirmAllButton\"]"}
RESULT: {"using":"xpath","value":"//button[@data-kt=\"IssuingTableConfirmAllButton\"]"}
COMMAND: POST /session/80b25485da4cce0461fa749928cde446/elements - {"using":"xpath","value":"//button[@data-kt=\"IssuingTableConfirmAllButton\"]"}
RESULT: {"using":"xpath","value":"//button[@data-kt=\"IssuingTableConfirmAllButton\"]"}
COMMAND: POST /session/80b25485da4cce0461fa749928cde446/elements - {"using":"xpath","value":"//button[@data-kt=\"IssuingTableConfirmAllButton\"]"}
RESULT: {"using":"xpath","value":"//button[@data-kt=\"IssuingTableConfirmAllButton\"]"}
COMMAND: POST /session/80b25485da4cce0461fa749928cde446/elements - {"using":"xpath","value":"//button[@data-kt=\"IssuingTableConfirmAllButton\"]"}
RESULT: {"using":"xpath","value":"//button[@data-kt=\"IssuingTableConfirmAllButton\"]"}
COMMAND: POST /session/80b25485da4cce0461fa749928cde446/elements - {"using":"xpath","value":"//button[@data-kt=\"IssuingTableConfirmAllButton\"]"}
RESULT: {"using":"xpath","value":"//button[@data-kt=\"IssuingTableConfirmAllButton\"]"}
COMMAND: POST /session/80b25485da4cce0461fa749928cde446/elements - {"using":"xpath","value":"//button[@data-kt=\"IssuingTableConfirmAllButton\"]"}
RESULT: {"using":"xpath","value":"//button[@data-kt=\"IssuingTableConfirmAllButton\"]"}
COMMAND: POST /session/80b25485da4cce0461fa749928cde446/elements - {"using":"xpath","value":"//button[@data-kt=\"IssuingTableConfirmAllButton\"]"}
RESULT: {"using":"xpath","value":"//button[@data-kt=\"IssuingTableConfirmAllButton\"]"}
COMMAND: POST /session/80b25485da4cce0461fa749928cde446/elements - {"using":"xpath","value":"//button[@data-kt=\"IssuingTableConfirmAllButton\"]"}
RESULT: {"using":"xpath","value":"//button[@data-kt=\"IssuingTableConfirmAllButton\"]"}
COMMAND: POST /session/80b25485da4cce0461fa749928cde446/elements - {"using":"xpath","value":"//button[@data-kt=\"IssuingTableConfirmAllButton\"]"}
RESULT: {"using":"xpath","value":"//button[@data-kt=\"IssuingTableConfirmAllButton\"]"}
COMMAND: POST /session/80b25485da4cce0461fa749928cde446/elements - {"using":"xpath","value":"//button[@data-kt=\"IssuingTableConfirmAllButton\"]"}
RESULT: {"using":"xpath","value":"//button[@data-kt=\"IssuingTableConfirmAllButton\"]"}
COMMAND: POST /session/80b25485da4cce0461fa749928cde446/elements - {"using":"xpath","value":"//button[@data-kt=\"IssuingTableConfirmAllButton\"]"}
RESULT: {"using":"xpath","value":"//button[@data-kt=\"IssuingTableConfirmAllButton\"]"}
COMMAND: POST /session/80b25485da4cce0461fa749928cde446/elements - {"using":"xpath","value":"//button[@data-kt=\"IssuingTableConfirmAllButton\"]"}
RESULT: {"using":"xpath","value":"//button[@data-kt=\"IssuingTableConfirmAllButton\"]"}
COMMAND: POST /session/80b25485da4cce0461fa749928cde446/elements - {"using":"xpath","value":"//button[@data-kt=\"IssuingTableConfirmAllButton\"]"}
RESULT: {"using":"xpath","value":"//button[@data-kt=\"IssuingTableConfirmAllButton\"]"}
COMMAND: POST /session/80b25485da4cce0461fa749928cde446/elements - {"using":"xpath","value":"//button[@data-kt=\"IssuingTableConfirmAllButton\"]"}
RESULT: {"using":"xpath","value":"//button[@data-kt=\"IssuingTableConfirmAllButton\"]"}
COMMAND: POST /session/80b25485da4cce0461fa749928cde446/elements - {"using":"xpath","value":"//button[@data-kt=\"IssuingTableConfirmAllButton\"]"}
RESULT: {"using":"xpath","value":"//button[@data-kt=\"IssuingTableConfirmAllButton\"]"}
COMMAND: POST /session/80b25485da4cce0461fa749928cde446/elements - {"using":"xpath","value":"//button[@data-kt=\"IssuingTableConfirmAllButton\"]"}
RESULT: {"using":"xpath","value":"//button[@data-kt=\"IssuingTableConfirmAllButton\"]"}
COMMAND: POST /session/80b25485da4cce0461fa749928cde446/elements - {"using":"xpath","value":"//button[@data-kt=\"IssuingTableConfirmAllButton\"]"}
RESULT: {"using":"xpath","value":"//button[@data-kt=\"IssuingTableConfirmAllButton\"]"}
COMMAND: POST /session/80b25485da4cce0461fa749928cde446/elements - {"using":"xpath","value":"//button[@data-kt=\"IssuingTableConfirmAllButton\"]"}
RESULT: {"using":"xpath","value":"//button[@data-kt=\"IssuingTableConfirmAllButton\"]"}
COMMAND: POST /session/80b25485da4cce0461fa749928cde446/elements - {"using":"xpath","value":"//button[@data-kt=\"IssuingTableConfirmAllButton\"]"}
RESULT: {"using":"xpath","value":"//button[@data-kt=\"IssuingTableConfirmAllButton\"]"}
COMMAND: POST /session/80b25485da4cce0461fa749928cde446/elements - {"using":"xpath","value":"//button[@data-kt=\"IssuingTableConfirmAllButton\"]"}
RESULT: {"using":"xpath","value":"//button[@data-kt=\"IssuingTableConfirmAllButton\"]"}
COMMAND: POST /session/80b25485da4cce0461fa749928cde446/elements - {"using":"xpath","value":"//button[@data-kt=\"IssuingTableConfirmAllButton\"]"}
RESULT: {"using":"xpath","value":"//button[@data-kt=\"IssuingTableConfirmAllButton\"]"}
COMMAND: POST /session/80b25485da4cce0461fa749928cde446/elements - {"using":"xpath","value":"//button[@data-kt=\"IssuingTableConfirmAllButton\"]"}
RESULT: {"using":"xpath","value":"//button[@data-kt=\"IssuingTableConfirmAllButton\"]"}
COMMAND: POST /session/80b25485da4cce0461fa749928cde446/elements - {"using":"xpath","value":"//button[@data-kt=\"IssuingTableConfirmAllButton\"]"}
RESULT: {"using":"xpath","value":"//button[@data-kt=\"IssuingTableConfirmAllButton\"]"}
COMMAND: POST /session/80b25485da4cce0461fa749928cde446/elements - {"using":"xpath","value":"//button[@data-kt=\"IssuingTableConfirmAllButton\"]"}
RESULT: {"using":"xpath","value":"//button[@data-kt=\"IssuingTableConfirmAllButton\"]"}
COMMAND: POST /session/80b25485da4cce0461fa749928cde446/elements - {"using":"xpath","value":"//button[@data-kt=\"IssuingTableConfirmAllButton\"]"}
RESULT: {"using":"xpath","value":"//button[@data-kt=\"IssuingTableConfirmAllButton\"]"}
COMMAND: POST /session/80b25485da4cce0461fa749928cde446/elements - {"using":"xpath","value":"//button[@data-kt=\"IssuingTableConfirmAllButton\"]"}
RESULT: {"using":"xpath","value":"//button[@data-kt=\"IssuingTableConfirmAllButton\"]"}
COMMAND: POST /session/80b25485da4cce0461fa749928cde446/elements - {"using":"xpath","value":"//button[@data-kt=\"IssuingTableConfirmAllButton\"]"}
RESULT: {"using":"xpath","value":"//button[@data-kt=\"IssuingTableConfirmAllButton\"]"}
COMMAND: POST /session/80b25485da4cce0461fa749928cde446/elements - {"using":"xpath","value":"//button[@data-kt=\"IssuingTableConfirmAllButton\"]"}
RESULT: {"using":"xpath","value":"//button[@data-kt=\"IssuingTableConfirmAllButton\"]"}
COMMAND: POST /session/80b25485da4cce0461fa749928cde446/elements - {"using":"xpath","value":"//button[@data-kt=\"IssuingTableConfirmAllButton\"]"}
RESULT: {"using":"xpath","value":"//button[@data-kt=\"IssuingTableConfirmAllButton\"]"}
COMMAND: POST /session/80b25485da4cce0461fa749928cde446/elements - {"using":"xpath","value":"//button[@data-kt=\"IssuingTableConfirmAllButton\"]"}
RESULT: {"using":"xpath","value":"//button[@data-kt=\"IssuingTableConfirmAllButton\"]"}
COMMAND: POST /session/80b25485da4cce0461fa749928cde446/elements - {"using":"xpath","value":"//button[@data-kt=\"IssuingTableConfirmAllButton\"]"}
RESULT: {"using":"xpath","value":"//button[@data-kt=\"IssuingTableConfirmAllButton\"]"}
COMMAND: POST /session/80b25485da4cce0461fa749928cde446/elements - {"using":"xpath","value":"//button[@data-kt=\"IssuingTableConfirmAllButton\"]"}
RESULT: {"using":"xpath","value":"//button[@data-kt=\"IssuingTableConfirmAllButton\"]"}
COMMAND: POST /session/80b25485da4cce0461fa749928cde446/elements - {"using":"xpath","value":"//button[@data-kt=\"IssuingTableConfirmAllButton\"]"}
RESULT: {"using":"xpath","value":"//button[@data-kt=\"IssuingTableConfirmAllButton\"]"}
COMMAND: POST /session/80b25485da4cce0461fa749928cde446/elements - {"using":"xpath","value":"//button[@data-kt=\"IssuingTableConfirmAllButton\"]"}
RESULT: {"using":"xpath","value":"//button[@data-kt=\"IssuingTableConfirmAllButton\"]"}
COMMAND: POST /session/80b25485da4cce0461fa749928cde446/elements - {"using":"xpath","value":"//button[@data-kt=\"IssuingTableConfirmAllButton\"]"}
RESULT: {"using":"xpath","value":"//button[@data-kt=\"IssuingTableConfirmAllButton\"]"}
COMMAND: POST /session/80b25485da4cce0461fa749928cde446/elements - {"using":"xpath","value":"//button[@data-kt=\"IssuingTableConfirmAllButton\"]"}
RESULT: {"using":"xpath","value":"//button[@data-kt=\"IssuingTableConfirmAllButton\"]"}
COMMAND: POST /session/80b25485da4cce0461fa749928cde446/elements - {"using":"xpath","value":"//button[@data-kt=\"IssuingTableConfirmAllButton\"]"}
RESULT: {"using":"xpath","value":"//button[@data-kt=\"IssuingTableConfirmAllButton\"]"}
COMMAND: POST /session/80b25485da4cce0461fa749928cde446/elements - {"using":"xpath","value":"//button[@data-kt=\"IssuingTableConfirmAllButton\"]"}
RESULT: {"using":"xpath","value":"//button[@data-kt=\"IssuingTableConfirmAllButton\"]"}
COMMAND: POST /session/80b25485da4cce0461fa749928cde446/elements - {"using":"xpath","value":"//button[@data-kt=\"IssuingTableConfirmAllButton\"]"}
RESULT: {"using":"xpath","value":"//button[@data-kt=\"IssuingTableConfirmAllButton\"]"}
COMMAND: POST /session/80b25485da4cce0461fa749928cde446/elements - {"using":"xpath","value":"//button[@data-kt=\"IssuingTableConfirmAllButton\"]"}
RESULT: {"using":"xpath","value":"//button[@data-kt=\"IssuingTableConfirmAllButton\"]"}
COMMAND: POST /session/80b25485da4cce0461fa749928cde446/elements - {"using":"xpath","value":"//button[@data-kt=\"IssuingTableConfirmAllButton\"]"}
RESULT: {"using":"xpath","value":"//button[@data-kt=\"IssuingTableConfirmAllButton\"]"}
COMMAND: POST /session/80b25485da4cce0461fa749928cde446/elements - {"using":"xpath","value":"//button[@data-kt=\"IssuingTableConfirmAllButton\"]"}
RESULT: {"using":"xpath","value":"//button[@data-kt=\"IssuingTableConfirmAllButton\"]"}
COMMAND: POST /session/80b25485da4cce0461fa749928cde446/elements - {"using":"xpath","value":"//button[@data-kt=\"IssuingTableConfirmAllButton\"]"}
RESULT: {"using":"xpath","value":"//button[@data-kt=\"IssuingTableConfirmAllButton\"]"}
COMMAND: POST /session/80b25485da4cce0461fa749928cde446/elements - {"using":"xpath","value":"//button[@data-kt=\"IssuingTableConfirmAllButton\"]"}
RESULT: {"using":"xpath","value":"//button[@data-kt=\"IssuingTableConfirmAllButton\"]"}
COMMAND: POST /session/80b25485da4cce0461fa749928cde446/elements - {"using":"xpath","value":"//button[@data-kt=\"IssuingTableConfirmAllButton\"]"}
RESULT: {"using":"xpath","value":"//button[@data-kt=\"IssuingTableConfirmAllButton\"]"}
COMMAND: POST /session/80b25485da4cce0461fa749928cde446/elements - {"using":"xpath","value":"//button[@data-kt=\"IssuingTableConfirmAllButton\"]"}
RESULT: {"using":"xpath","value":"//button[@data-kt=\"IssuingTableConfirmAllButton\"]"}
COMMAND: POST /session/80b25485da4cce0461fa749928cde446/elements - {"using":"xpath","value":"//button[@data-kt=\"IssuingTableConfirmAllButton\"]"}
RESULT: {"using":"xpath","value":"//button[@data-kt=\"IssuingTableConfirmAllButton\"]"}
COMMAND: POST /session/80b25485da4cce0461fa749928cde446/elements - {"using":"xpath","value":"//button[@data-kt=\"IssuingTableConfirmAllButton\"]"}
RESULT: {"using":"xpath","value":"//button[@data-kt=\"IssuingTableConfirmAllButton\"]"}
COMMAND: POST /session/80b25485da4cce0461fa749928cde446/elements - {"using":"xpath","value":"//button[@data-kt=\"IssuingTableConfirmAllButton\"]"}
RESULT: {"using":"xpath","value":"//button[@data-kt=\"IssuingTableConfirmAllButton\"]"}
COMMAND: POST /session/80b25485da4cce0461fa749928cde446/elements - {"using":"xpath","value":"//button[@data-kt=\"IssuingTableConfirmAllButton\"]"}
RESULT: {"using":"xpath","value":"//button[@data-kt=\"IssuingTableConfirmAllButton\"]"}
COMMAND: POST /session/80b25485da4cce0461fa749928cde446/elements - {"using":"xpath","value":"//button[@data-kt=\"IssuingTableConfirmAllButton\"]"}
RESULT: {"using":"xpath","value":"//button[@data-kt=\"IssuingTableConfirmAllButton\"]"}
COMMAND: POST /session/80b25485da4cce0461fa749928cde446/elements - {"using":"xpath","value":"//button[@data-kt=\"IssuingTableConfirmAllButton\"]"}
RESULT: {"using":"xpath","value":"//button[@data-kt=\"IssuingTableConfirmAllButton\"]"}
COMMAND: POST /session/80b25485da4cce0461fa749928cde446/elements - {"using":"xpath","value":"//button[@data-kt=\"IssuingTableConfirmAllButton\"]"}
RESULT: {"using":"xpath","value":"//button[@data-kt=\"IssuingTableConfirmAllButton\"]"}
COMMAND: POST /session/80b25485da4cce0461fa749928cde446/elements - {"using":"xpath","value":"//button[@data-kt=\"IssuingTableConfirmAllButton\"]"}
RESULT: {"using":"xpath","value":"//button[@data-kt=\"IssuingTableConfirmAllButton\"]"}
COMMAND: POST /session/80b25485da4cce0461fa749928cde446/elements - {"using":"xpath","value":"//button[@data-kt=\"IssuingTableConfirmAllButton\"]"}
RESULT: {"using":"xpath","value":"//button[@data-kt=\"IssuingTableConfirmAllButton\"]"}
COMMAND: POST /session/80b25485da4cce0461fa749928cde446/elements - {"using":"xpath","value":"//button[@data-kt=\"IssuingTableConfirmAllButton\"]"}
RESULT: {"using":"xpath","value":"//button[@data-kt=\"IssuingTableConfirmAllButton\"]"}
COMMAND: POST /session/80b25485da4cce0461fa749928cde446/elements - {"using":"xpath","value":"//button[@data-kt=\"IssuingTableConfirmAllButton\"]"}
RESULT: {"using":"xpath","value":"//button[@data-kt=\"IssuingTableConfirmAllButton\"]"}
COMMAND: POST /session/80b25485da4cce0461fa749928cde446/elements - {"using":"xpath","value":"//button[@data-kt=\"IssuingTableConfirmAllButton\"]"}
RESULT: {"using":"xpath","value":"//button[@data-kt=\"IssuingTableConfirmAllButton\"]"}
COMMAND: POST /session/80b25485da4cce0461fa749928cde446/elements - {"using":"xpath","value":"//button[@data-kt=\"IssuingTableConfirmAllButton\"]"}
RESULT: {"using":"xpath","value":"//button[@data-kt=\"IssuingTableConfirmAllButton\"]"}
COMMAND: POST /session/80b25485da4cce0461fa749928cde446/elements - {"using":"xpath","value":"//button[@data-kt=\"IssuingTableConfirmAllButton\"]"}
RESULT: {"using":"xpath","value":"//button[@data-kt=\"IssuingTableConfirmAllButton\"]"}
COMMAND: POST /session/80b25485da4cce0461fa749928cde446/elements - {"using":"xpath","value":"//button[@data-kt=\"IssuingTableConfirmAllButton\"]"}
RESULT: {"using":"xpath","value":"//button[@data-kt=\"IssuingTableConfirmAllButton\"]"}
COMMAND: POST /session/80b25485da4cce0461fa749928cde446/elements - {"using":"xpath","value":"//button[@data-kt=\"IssuingTableConfirmAllButton\"]"}
RESULT: {"using":"xpath","value":"//button[@data-kt=\"IssuingTableConfirmAllButton\"]"}
COMMAND: POST /session/80b25485da4cce0461fa749928cde446/elements - {"using":"xpath","value":"//button[@data-kt=\"IssuingTableConfirmAllButton\"]"}
RESULT: {"using":"xpath","value":"//button[@data-kt=\"IssuingTableConfirmAllButton\"]"}
COMMAND: POST /session/80b25485da4cce0461fa749928cde446/elements - {"using":"xpath","value":"//button[@data-kt=\"IssuingTableConfirmAllButton\"]"}
RESULT: {"using":"xpath","value":"//button[@data-kt=\"IssuingTableConfirmAllButton\"]"}
COMMAND: POST /session/80b25485da4cce0461fa749928cde446/elements - {"using":"xpath","value":"//button[@data-kt=\"IssuingTableConfirmAllButton\"]"}
RESULT: {"using":"xpath","value":"//button[@data-kt=\"IssuingTableConfirmAllButton\"]"}
COMMAND: POST /session/80b25485da4cce0461fa749928cde446/elements - {"using":"xpath","value":"//button[@data-kt=\"IssuingTableConfirmAllButton\"]"}
RESULT: {"using":"xpath","value":"//button[@data-kt=\"IssuingTableConfirmAllButton\"]"}
COMMAND: POST /session/80b25485da4cce0461fa749928cde446/elements - {"using":"xpath","value":"//button[@data-kt=\"IssuingTableConfirmAllButton\"]"}
RESULT: {"using":"xpath","value":"//button[@data-kt=\"IssuingTableConfirmAllButton\"]"}
COMMAND: POST /session/80b25485da4cce0461fa749928cde446/elements - {"using":"xpath","value":"//button[@data-kt=\"IssuingTableConfirmAllButton\"]"}
RESULT: {"using":"xpath","value":"//button[@data-kt=\"IssuingTableConfirmAllButton\"]"}
COMMAND: POST /session/80b25485da4cce0461fa749928cde446/elements - {"using":"xpath","value":"//button[@data-kt=\"IssuingTableConfirmAllButton\"]"}
RESULT: {"using":"xpath","value":"//button[@data-kt=\"IssuingTableConfirmAllButton\"]"}
COMMAND: POST /session/80b25485da4cce0461fa749928cde446/elements - {"using":"xpath","value":"//button[@data-kt=\"IssuingTableConfirmAllButton\"]"}
RESULT: {"using":"xpath","value":"//button[@data-kt=\"IssuingTableConfirmAllButton\"]"}
COMMAND: POST /session/80b25485da4cce0461fa749928cde446/elements - {"using":"xpath","value":"//button[@data-kt=\"IssuingTableConfirmAllButton\"]"}
RESULT: {"using":"xpath","value":"//button[@data-kt=\"IssuingTableConfirmAllButton\"]"}
COMMAND: POST /session/80b25485da4cce0461fa749928cde446/elements - {"using":"xpath","value":"//button[@data-kt=\"IssuingTableConfirmAllButton\"]"}
RESULT: {"using":"xpath","value":"//button[@data-kt=\"IssuingTableConfirmAllButton\"]"}
COMMAND: POST /session/80b25485da4cce0461fa749928cde446/elements - {"using":"xpath","value":"//button[@data-kt=\"IssuingTableConfirmAllButton\"]"}
RESULT: {"using":"xpath","value":"//button[@data-kt=\"IssuingTableConfirmAllButton\"]"}
COMMAND: POST /session/80b25485da4cce0461fa749928cde446/elements - {"using":"xpath","value":"//button[@data-kt=\"IssuingTableConfirmAllButton\"]"}
RESULT: {"using":"xpath","value":"//button[@data-kt=\"IssuingTableConfirmAllButton\"]"}
COMMAND: POST /session/80b25485da4cce0461fa749928cde446/elements - {"using":"xpath","value":"//button[@data-kt=\"IssuingTableConfirmAllButton\"]"}
RESULT: {"using":"xpath","value":"//button[@data-kt=\"IssuingTableConfirmAllButton\"]"}
COMMAND: POST /session/80b25485da4cce0461fa749928cde446/elements - {"using":"xpath","value":"//button[@data-kt=\"IssuingTableConfirmAllButton\"]"}
RESULT: {"using":"xpath","value":"//button[@data-kt=\"IssuingTableConfirmAllButton\"]"}
COMMAND: POST /session/80b25485da4cce0461fa749928cde446/elements - {"using":"xpath","value":"//button[@data-kt=\"IssuingTableConfirmAllButton\"]"}
RESULT: {"using":"xpath","value":"//button[@data-kt=\"IssuingTableConfirmAllButton\"]"}
COMMAND: POST /session/80b25485da4cce0461fa749928cde446/elements - {"using":"xpath","value":"//button[@data-kt=\"IssuingTableConfirmAllButton\"]"}
RESULT: {"using":"xpath","value":"//button[@data-kt=\"IssuingTableConfirmAllButton\"]"}
COMMAND: POST /session/80b25485da4cce0461fa749928cde446/elements - {"using":"xpath","value":"//button[@data-kt=\"IssuingTableConfirmAllButton\"]"}
RESULT: {"using":"xpath","value":"//button[@data-kt=\"IssuingTableConfirmAllButton\"]"}
COMMAND: POST /session/80b25485da4cce0461fa749928cde446/elements - {"using":"xpath","value":"//button[@data-kt=\"IssuingTableConfirmAllButton\"]"}
RESULT: {"using":"xpath","value":"//button[@data-kt=\"IssuingTableConfirmAllButton\"]"}
COMMAND: POST /session/80b25485da4cce0461fa749928cde446/elements - {"using":"xpath","value":"//button[@data-kt=\"IssuingTableConfirmAllButton\"]"}
RESULT: {"using":"xpath","value":"//button[@data-kt=\"IssuingTableConfirmAllButton\"]"}
COMMAND: POST /session/80b25485da4cce0461fa749928cde446/elements - {"using":"xpath","value":"//button[@data-kt=\"IssuingTableConfirmAllButton\"]"}
RESULT: {"using":"xpath","value":"//button[@data-kt=\"IssuingTableConfirmAllButton\"]"}
COMMAND: POST /session/80b25485da4cce0461fa749928cde446/elements - {"using":"xpath","value":"//button[@data-kt=\"IssuingTableConfirmAllButton\"]"}
RESULT: {"using":"xpath","value":"//button[@data-kt=\"IssuingTableConfirmAllButton\"]"}
COMMAND: POST /session/80b25485da4cce0461fa749928cde446/elements - {"using":"xpath","value":"//button[@data-kt=\"IssuingTableConfirmAllButton\"]"}
RESULT: {"using":"xpath","value":"//button[@data-kt=\"IssuingTableConfirmAllButton\"]"}
COMMAND: POST /session/80b25485da4cce0461fa749928cde446/elements - {"using":"xpath","value":"//button[@data-kt=\"IssuingTableConfirmAllButton\"]"}
RESULT: {"using":"xpath","value":"//button[@data-kt=\"IssuingTableConfirmAllButton\"]"}
COMMAND: POST /session/80b25485da4cce0461fa749928cde446/elements - {"using":"xpath","value":"//button[@data-kt=\"IssuingTableConfirmAllButton\"]"}
RESULT: {"using":"xpath","value":"//button[@data-kt=\"IssuingTableConfirmAllButton\"]"}
COMMAND: POST /session/80b25485da4cce0461fa749928cde446/elements - {"using":"xpath","value":"//button[@data-kt=\"IssuingTableConfirmAllButton\"]"}
RESULT: {"using":"xpath","value":"//button[@data-kt=\"IssuingTableConfirmAllButton\"]"}
COMMAND: POST /session/80b25485da4cce0461fa749928cde446/elements - {"using":"xpath","value":"//button[@data-kt=\"IssuingTableConfirmAllButton\"]"}
RESULT: {"using":"xpath","value":"//button[@data-kt=\"IssuingTableConfirmAllButton\"]"}
COMMAND: POST /session/80b25485da4cce0461fa749928cde446/elements - {"using":"xpath","value":"//button[@data-kt=\"IssuingTableConfirmAllButton\"]"}
RESULT: {"using":"xpath","value":"//button[@data-kt=\"IssuingTableConfirmAllButton\"]"}
COMMAND: POST /session/80b25485da4cce0461fa749928cde446/elements - {"using":"xpath","value":"//button[@data-kt=\"IssuingTableConfirmAllButton\"]"}
RESULT: {"using":"xpath","value":"//button[@data-kt=\"IssuingTableConfirmAllButton\"]"}
COMMAND: POST /session/80b25485da4cce0461fa749928cde446/elements - {"using":"xpath","value":"//button[@data-kt=\"IssuingTableConfirmAllButton\"]"}
RESULT: {"using":"xpath","value":"//button[@data-kt=\"IssuingTableConfirmAllButton\"]"}
COMMAND: POST /session/80b25485da4cce0461fa749928cde446/elements - {"using":"xpath","value":"//button[@data-kt=\"IssuingTableConfirmAllButton\"]"}
RESULT: {"using":"xpath","value":"//button[@data-kt=\"IssuingTableConfirmAllButton\"]"}
COMMAND: POST /session/80b25485da4cce0461fa749928cde446/elements - {"using":"xpath","value":"//button[@data-kt=\"IssuingTableConfirmAllButton\"]"}
RESULT: {"using":"xpath","value":"//button[@data-kt=\"IssuingTableConfirmAllButton\"]"}
COMMAND: POST /session/80b25485da4cce0461fa749928cde446/elements - {"using":"xpath","value":"//button[@data-kt=\"IssuingTableConfirmAllButton\"]"}
RESULT: {"using":"xpath","value":"//button[@data-kt=\"IssuingTableConfirmAllButton\"]"}
COMMAND: POST /session/80b25485da4cce0461fa749928cde446/elements - {"using":"xpath","value":"//button[@data-kt=\"IssuingTableConfirmAllButton\"]"}
RESULT: {"using":"xpath","value":"//button[@data-kt=\"IssuingTableConfirmAllButton\"]"}
COMMAND: POST /session/80b25485da4cce0461fa749928cde446/elements - {"using":"xpath","value":"//button[@data-kt=\"IssuingTableConfirmAllButton\"]"}
RESULT: {"using":"xpath","value":"//button[@data-kt=\"IssuingTableConfirmAllButton\"]"}
COMMAND: POST /session/80b25485da4cce0461fa749928cde446/elements - {"using":"xpath","value":"//button[@data-kt=\"IssuingTableConfirmAllButton\"]"}
RESULT: {"using":"xpath","value":"//button[@data-kt=\"IssuingTableConfirmAllButton\"]"}
COMMAND: POST /session/80b25485da4cce0461fa749928cde446/elements - {"using":"xpath","value":"//button[@data-kt=\"IssuingTableConfirmAllButton\"]"}
RESULT: {"using":"xpath","value":"//button[@data-kt=\"IssuingTableConfirmAllButton\"]"}
COMMAND: POST /session/80b25485da4cce0461fa749928cde446/elements - {"using":"xpath","value":"//button[@data-kt=\"IssuingTableConfirmAllButton\"]"}
RESULT: {"using":"xpath","value":"//button[@data-kt=\"IssuingTableConfirmAllButton\"]"}
COMMAND: POST /session/80b25485da4cce0461fa749928cde446/elements - {"using":"xpath","value":"//button[@data-kt=\"IssuingTableConfirmAllButton\"]"}
RESULT: {"using":"xpath","value":"//button[@data-kt=\"IssuingTableConfirmAllButton\"]"}
COMMAND: POST /session/80b25485da4cce0461fa749928cde446/elements - {"using":"xpath","value":"//button[@data-kt=\"IssuingTableConfirmAllButton\"]"}
RESULT: {"using":"xpath","value":"//button[@data-kt=\"IssuingTableConfirmAllButton\"]"}
COMMAND: POST /session/80b25485da4cce0461fa749928cde446/elements - {"using":"xpath","value":"//button[@data-kt=\"IssuingTableConfirmAllButton\"]"}
RESULT: {"using":"xpath","value":"//button[@data-kt=\"IssuingTableConfirmAllButton\"]"}
COMMAND: POST /session/80b25485da4cce0461fa749928cde446/elements - {"using":"xpath","value":"//button[@data-kt=\"IssuingTableConfirmAllButton\"]"}
RESULT: {"using":"xpath","value":"//button[@data-kt=\"IssuingTableConfirmAllButton\"]"}
COMMAND: POST /session/80b25485da4cce0461fa749928cde446/elements - {"using":"xpath","value":"//button[@data-kt=\"IssuingTableConfirmAllButton\"]"}
RESULT: {"using":"xpath","value":"//button[@data-kt=\"IssuingTableConfirmAllButton\"]"}
COMMAND: POST /session/80b25485da4cce0461fa749928cde446/elements - {"using":"xpath","value":"//button[@data-kt=\"IssuingTableConfirmAllButton\"]"}
COMMAND: GET /session/80b25485da4cce0461fa749928cde446/screenshot - {}
RESULT: {"using":"xpath","value":"//button[@data-kt=\"IssuingTableConfirmAllButton\"]"}
RESULT: {}
COMMAND: POST /session/80b25485da4cce0461fa749928cde446/element - {"using":"css selector","value":"#j_username"}
COMMAND: POST /session/80b25485da4cce0461fa749928cde446/url - {"url":"https://qa-testing-00-live-etm-ui.cfapps.eu10-004.hana.ondemand.com/"}
COMMAND: GET /session/80b25485da4cce0461fa749928cde446/screenshot - {}
COMMAND: GET /session/80b25485da4cce0461fa749928cde446/screenshot - {}
RESULT: {"url":"https://qa-testing-00-live-etm-ui.cfapps.eu10-004.hana.ondemand.com/"}
RESULT: undefined
COMMAND: GET /session/80b25485da4cce0461fa749928cde446/screenshot - {}
RESULT: {"using":"css selector","value":"#j_username"}
COMMAND: POST /session/80b25485da4cce0461fa749928cde446/element - {"using":"css selector","value":"#j_username"}
RESULT: {}
RESULT: {}
RESULT: {}
RESULT: {"using":"css selector","value":"#j_username"}
COMMAND: POST /session/80b25485da4cce0461fa749928cde446/element - {"using":"css selector","value":"#shell-header-logo"}
RESULT: {"using":"css selector","value":"#shell-header-logo"}
COMMAND: POST /session/80b25485da4cce0461fa749928cde446/execute/sync - {"script":"<script> [8489 bytes]","args":[{"element-6066-11e4-a52e-4f735466cecf":"f.499FA332C3249B1FB6786AFDCB682F30.d.6FEA89A0E788CE7F088974E7734BFE88.e.14486","ELEMENT":"f.499FA332C3249B1FB6786AFDCB682F30.d.6FEA89A0E788CE7F088974E7734BFE88.e.14486"}]}
RESULT: {"script":"<script> [8489 bytes]","args":[{"element-6066-11e4-a52e-4f735466cecf":"f.499FA332C3249B1FB6786AFDCB682F30.d.6FEA89A0E788CE7F088974E7734BFE88.e.14486","ELEMENT":"f.499FA332C3249B1FB6786AFDCB682F30.d.6FEA89A0E788CE7F088974E7734BFE88.e.14486"}]}
COMMAND: POST /session/80b25485da4cce0461fa749928cde446/element - {"using":"css selector","value":"#shell-header-logo"}
COMMAND: GET /session/80b25485da4cce0461fa749928cde446/screenshot - {}
RESULT: {"using":"css selector","value":"#shell-header-logo"}
COMMAND: POST /session/80b25485da4cce0461fa749928cde446/execute/sync - {"script":"<script> [8489 bytes]","args":[{"element-6066-11e4-a52e-4f735466cecf":"f.499FA332C3249B1FB6786AFDCB682F30.d.6FEA89A0E788CE7F088974E7734BFE88.e.14486","ELEMENT":"f.499FA332C3249B1FB6786AFDCB682F30.d.6FEA89A0E788CE7F088974E7734BFE88.e.14486"}]}
RESULT: {}
RESULT: {"script":"<script> [8489 bytes]","args":[{"element-6066-11e4-a52e-4f735466cecf":"f.499FA332C3249B1FB6786AFDCB682F30.d.6FEA89A0E788CE7F088974E7734BFE88.e.14486","ELEMENT":"f.499FA332C3249B1FB6786AFDCB682F30.d.6FEA89A0E788CE7F088974E7734BFE88.e.14486"}]}
COMMAND: POST /session/80b25485da4cce0461fa749928cde446/execute/sync - {"script":"<script> [5351 bytes]","args":[{"element-6066-11e4-a52e-4f735466cecf":"f.499FA332C3249B1FB6786AFDCB682F30.d.6FEA89A0E788CE7F088974E7734BFE88.e.14486","ELEMENT":"f.499FA332C3249B1FB6786AFDCB682F30.d.6FEA89A0E788CE7F088974E7734BFE88.e.14486"}]}
COMMAND: GET /session/80b25485da4cce0461fa749928cde446/screenshot - {}
RESULT: {"script":"<script> [5351 bytes]","args":[{"element-6066-11e4-a52e-4f735466cecf":"f.499FA332C3249B1FB6786AFDCB682F30.d.6FEA89A0E788CE7F088974E7734BFE88.e.14486","ELEMENT":"f.499FA332C3249B1FB6786AFDCB682F30.d.6FEA89A0E788CE7F088974E7734BFE88.e.14486"}]}
COMMAND: POST /session/80b25485da4cce0461fa749928cde446/element - {"using":"css selector","value":"#shell-header-logo"}
COMMAND: GET /session/80b25485da4cce0461fa749928cde446/screenshot - {}
RESULT: {}
RESULT: {"using":"css selector","value":"#shell-header-logo"}
COMMAND: POST /session/80b25485da4cce0461fa749928cde446/element/f.499FA332C3249B1FB6786AFDCB682F30.d.6FEA89A0E788CE7F088974E7734BFE88.e.14486/click - {}
RESULT: {}
RESULT: {}
COMMAND: GET /session/80b25485da4cce0461fa749928cde446/screenshot - {}
RESULT: {}
COMMAND: POST /session/80b25485da4cce0461fa749928cde446/execute/async - {"script":"<script> [189 bytes]","args":[]}
RESULT: {"script":"<script> [189 bytes]","args":[]}
COMMAND: POST /session/80b25485da4cce0461fa749928cde446/execute/async - {"script":"<script> [123 bytes]","args":[]}
RESULT: {"script":"<script> [123 bytes]","args":[]}
COMMAND: POST /session/80b25485da4cce0461fa749928cde446/timeouts - {"script":"<number>"}
RESULT: {"script":"<number>"}
COMMAND: GET /session/80b25485da4cce0461fa749928cde446/timeouts - {}
RESULT: {}
RESULT: undefined
COMMAND: POST /session/80b25485da4cce0461fa749928cde446/execute/async - {"script":"<script> [2676 bytes]","args":[]}
RESULT: {"script":"<script> [2676 bytes]","args":[]}
COMMAND: POST /session/80b25485da4cce0461fa749928cde446/execute/async - {"script":"<script> [2342 bytes]","args":[{"protocol":"http","hostname":"0.0.0.0","path":"/","capabilities":{"browserName":"chrome","goog:chromeOptions":{"binary":"C:\\Program Files\\Google\\Chrome\\Application\\chrome.exe","args":["--start-maximized"]}},"logLevel":"warn","connectionRetryTimeout":120000,"connectionRetryCount":3,"logLevels":{},"enableDirectConnect":true,"strictSSL":true,"_":"65 more keys: [\"cacheDir\",\"port\",\"requestedCapabilities\",\"automationProtocol\",\"baseUrl\",\"waitforInterval\",\"waitforTimeout\",\"onReload\",\"beforeCommand\",\"afterCommand\",\"rootDir\",\"specs\",\"suites\",\"exclude\",\"groupLogsByTestSpec\",\"excludeDriverLogs\",\"bail\",\"framework\",\"reporters\",\"services\",\"maxInstances\",\"maxInstancesPerCapability\",\"injectGlobals\",\"filesToWatch\",\"execArgv\",\"runnerEnv\",\"runner\",\"shard\",\"specFileRetries\",\"specFileRetriesDelay\",\"specFileRetriesDeferred\",\"reporterSyncInterval\",\"reporterSyncTimeout\",\"cucumberFeaturesWithLineNumbers\",\"autoCompileOpts\",\"mochaOpts\",\"jasmineOpts\",\"cucumberOpts\",\"onPrepare\",\"onWorkerStart\",\"onWorkerEnd\",\"before\",\"beforeSession\",\"beforeSuite\",\"beforeHook\",\"beforeTest\",\"afterTest\",\"afterHook\",\"afterSuite\",\"afterSession\",\"after\",\"onComplete\",\"beforeAssertion\",\"afterAssertion\",\"beforeFeature\",\"beforeScenario\",\"beforeStep\",\"afterStep\",\"afterScenario\",\"afterFeature\",\"_\",\"suite\",\"$0\",\"ignoredWorkerServices\",\"wdi5\"]"}]}
RESULT: {"script":"<script> [2342 bytes]","args":[{"protocol":"http","hostname":"0.0.0.0","path":"/","capabilities":{"browserName":"chrome","goog:chromeOptions":{"binary":"C:\\Program Files\\Google\\Chrome\\Application\\chrome.exe","args":["--start-maximized"]}},"logLevel":"warn","connectionRetryTimeout":120000,"connectionRetryCount":3,"logLevels":{},"enableDirectConnect":true,"strictSSL":true,"_":"65 more keys: [\"cacheDir\",\"port\",\"requestedCapabilities\",\"automationProtocol\",\"baseUrl\",\"waitforInterval\",\"waitforTimeout\",\"onReload\",\"beforeCommand\",\"afterCommand\",\"rootDir\",\"specs\",\"suites\",\"exclude\",\"groupLogsByTestSpec\",\"excludeDriverLogs\",\"bail\",\"framework\",\"reporters\",\"services\",\"maxInstances\",\"maxInstancesPerCapability\",\"injectGlobals\",\"filesToWatch\",\"execArgv\",\"runnerEnv\",\"runner\",\"shard\",\"specFileRetries\",\"specFileRetriesDelay\",\"specFileRetriesDeferred\",\"reporterSyncInterval\",\"reporterSyncTimeout\",\"cucumberFeaturesWithLineNumbers\",\"autoCompileOpts\",\"mochaOpts\",\"jasmineOpts\",\"cucumberOpts\",\"onPrepare\",\"onWorkerStart\",\"onWorkerEnd\",\"before\",\"beforeSession\",\"beforeSuite\",\"beforeHook\",\"beforeTest\",\"afterTest\",\"afterHook\",\"afterSuite\",\"afterSession\",\"after\",\"onComplete\",\"beforeAssertion\",\"afterAssertion\",\"beforeFeature\",\"beforeScenario\",\"beforeStep\",\"afterStep\",\"afterScenario\",\"afterFeature\",\"_\",\"suite\",\"$0\",\"ignoredWorkerServices\",\"wdi5\"]"}]}
COMMAND: POST /session/80b25485da4cce0461fa749928cde446/execute/async - {"script":"<script> [21126 bytes]","args":[35000]}
RESULT: {"script":"<script> [21126 bytes]","args":[35000]}
COMMAND: POST /session/80b25485da4cce0461fa749928cde446/window/maximize - {}
RESULT: {}
COMMAND: POST /session/80b25485da4cce0461fa749928cde446/execute/async - {"script":"<script> [1562 bytes]","args":[{"selector":{"id":"shell-header","interaction":{"idSuffix":"icon"}},"wdio_ui5_key":"shellheader"}]}
COMMAND: GET /session/80b25485da4cce0461fa749928cde446/screenshot - {}
RESULT: {"script":"<script> [1562 bytes]","args":[{"selector":{"id":"shell-header","interaction":{"idSuffix":"icon"}},"wdio_ui5_key":"shellheader"}]}
RESULT: undefined
COMMAND: POST /session/80b25485da4cce0461fa749928cde446/window/fullscreen - {}
RESULT: {}
RESULT: {}
]]></system-out>
      <system-err><![CDATA[
Error: Can't call click on element with selector "//button[@data-kt="IssuingTableConfirmAllButton"]" because element wasn't found
    at async Context.<anonymous> (D:\a\1\s\test\specs\HTR\stock-decrease.spec.js:402:9)
]]></system-err>
    </testcase>
  </testsuite>
  <testsuite timestamp="2025-06-01T17:23:35" time="651.441" tests="7" failures="3" errors="3" skipped="0">
    <properties>
      <property name="specId" value="0"/>
      <property name="suiteName" value="Transfer Yard to Yard US131076"/>
      <property name="capabilities" value="chrome.136_0_7103_93.windows"/>
      <property name="file" value="file:///D:/a/1/s/test/specs/HTR/transfer-yard-to-yard.spec.js"/>
    </properties>
    <testcase classname="chrome.136_0_7103_93.windows.Transfer_Yard_to_Yard_US131076" name="Should create a new yard" time="0.022">
      <system-out><![CDATA[
COMMAND: POST /session/80b25485da4cce0461fa749928cde446/window/fullscreen - {}
RESULT: {}
]]></system-out>
    </testcase>
    <testcase classname="chrome.136_0_7103_93.windows.Transfer_Yard_to_Yard_US131076" name="Should create a new 2nd yard" time="122.973">
      <system-out><![CDATA[
COMMAND: POST /session/80b25485da4cce0461fa749928cde446/window/fullscreen - {}
RESULT: {}
COMMAND: POST /session/80b25485da4cce0461fa749928cde446/execute/async - {"script":"<script> [1562 bytes]","args":[{"selector":{"controlType":"sap.m.GenericTile","properties":{"header":"Manage Yards"}},"wdio_ui5_key":"sapm.GenericTile{\"header\":\"Manage Yards\"}"}]}
RESULT: {"script":"<script> [1562 bytes]","args":[{"selector":{"controlType":"sap.m.GenericTile","properties":{"header":"Manage Yards"}},"wdio_ui5_key":"sapm.GenericTile{\"header\":\"Manage Yards\"}"}]}
RESULT: undefined
COMMAND: POST /session/80b25485da4cce0461fa749928cde446/element - {"using":"xpath","value":"//*[@id=\"__tile33\"]"}
RESULT: {"using":"xpath","value":"//*[@id=\"__tile33\"]"}
COMMAND: POST /session/80b25485da4cce0461fa749928cde446/element/f.499FA332C3249B1FB6786AFDCB682F30.d.6FEA89A0E788CE7F088974E7734BFE88.e.14512/click - {}
RESULT: {}
COMMAND: GET /session/80b25485da4cce0461fa749928cde446/screenshot - {}
RESULT: {}
COMMAND: POST /session/80b25485da4cce0461fa749928cde446/elements - {"using":"xpath","value":"//span[text()='Error']"}
RESULT: {"using":"xpath","value":"//span[text()='Error']"}
COMMAND: POST /session/80b25485da4cce0461fa749928cde446/element - {"using":"xpath","value":"//button[@data-kt=\"addNewYardOverflowToolbarButton\"]"}
RESULT: {"using":"xpath","value":"//button[@data-kt=\"addNewYardOverflowToolbarButton\"]"}
COMMAND: POST /session/80b25485da4cce0461fa749928cde446/elements - {"using":"xpath","value":"//button[@data-kt=\"addNewYardOverflowToolbarButton\"]"}
RESULT: {"using":"xpath","value":"//button[@data-kt=\"addNewYardOverflowToolbarButton\"]"}
COMMAND: POST /session/80b25485da4cce0461fa749928cde446/elements - {"using":"xpath","value":"//button[@data-kt=\"addNewYardOverflowToolbarButton\"]"}
RESULT: {"using":"xpath","value":"//button[@data-kt=\"addNewYardOverflowToolbarButton\"]"}
COMMAND: POST /session/80b25485da4cce0461fa749928cde446/elements - {"using":"xpath","value":"//button[@data-kt=\"addNewYardOverflowToolbarButton\"]"}
RESULT: {"using":"xpath","value":"//button[@data-kt=\"addNewYardOverflowToolbarButton\"]"}
COMMAND: POST /session/80b25485da4cce0461fa749928cde446/elements - {"using":"xpath","value":"//button[@data-kt=\"addNewYardOverflowToolbarButton\"]"}
RESULT: {"using":"xpath","value":"//button[@data-kt=\"addNewYardOverflowToolbarButton\"]"}
COMMAND: POST /session/80b25485da4cce0461fa749928cde446/elements - {"using":"xpath","value":"//button[@data-kt=\"addNewYardOverflowToolbarButton\"]"}
RESULT: {"using":"xpath","value":"//button[@data-kt=\"addNewYardOverflowToolbarButton\"]"}
COMMAND: POST /session/80b25485da4cce0461fa749928cde446/elements - {"using":"xpath","value":"//button[@data-kt=\"addNewYardOverflowToolbarButton\"]"}
RESULT: {"using":"xpath","value":"//button[@data-kt=\"addNewYardOverflowToolbarButton\"]"}
COMMAND: POST /session/80b25485da4cce0461fa749928cde446/element - {"using":"xpath","value":"//button[@data-kt=\"addNewYardOverflowToolbarButton\"]"}
RESULT: {"using":"xpath","value":"//button[@data-kt=\"addNewYardOverflowToolbarButton\"]"}
COMMAND: POST /session/80b25485da4cce0461fa749928cde446/execute/sync - {"script":"<script> [8489 bytes]","args":[{"element-6066-11e4-a52e-4f735466cecf":"f.499FA332C3249B1FB6786AFDCB682F30.d.6FEA89A0E788CE7F088974E7734BFE88.e.14639","ELEMENT":"f.499FA332C3249B1FB6786AFDCB682F30.d.6FEA89A0E788CE7F088974E7734BFE88.e.14639"}]}
RESULT: {"script":"<script> [8489 bytes]","args":[{"element-6066-11e4-a52e-4f735466cecf":"f.499FA332C3249B1FB6786AFDCB682F30.d.6FEA89A0E788CE7F088974E7734BFE88.e.14639","ELEMENT":"f.499FA332C3249B1FB6786AFDCB682F30.d.6FEA89A0E788CE7F088974E7734BFE88.e.14639"}]}
COMMAND: GET /session/80b25485da4cce0461fa749928cde446/element/f.499FA332C3249B1FB6786AFDCB682F30.d.6FEA89A0E788CE7F088974E7734BFE88.e.14639/enabled - {}
COMMAND: GET /session/80b25485da4cce0461fa749928cde446/screenshot - {}
RESULT: {}
COMMAND: POST /session/80b25485da4cce0461fa749928cde446/execute/sync - {"script":"<script> [8489 bytes]","args":[{"element-6066-11e4-a52e-4f735466cecf":"f.499FA332C3249B1FB6786AFDCB682F30.d.6FEA89A0E788CE7F088974E7734BFE88.e.14639","ELEMENT":"f.499FA332C3249B1FB6786AFDCB682F30.d.6FEA89A0E788CE7F088974E7734BFE88.e.14639"}]}
COMMAND: GET /session/80b25485da4cce0461fa749928cde446/screenshot - {}
RESULT: {}
RESULT: {"script":"<script> [8489 bytes]","args":[{"element-6066-11e4-a52e-4f735466cecf":"f.499FA332C3249B1FB6786AFDCB682F30.d.6FEA89A0E788CE7F088974E7734BFE88.e.14639","ELEMENT":"f.499FA332C3249B1FB6786AFDCB682F30.d.6FEA89A0E788CE7F088974E7734BFE88.e.14639"}]}
COMMAND: POST /session/80b25485da4cce0461fa749928cde446/execute/sync - {"script":"<script> [5351 bytes]","args":[{"element-6066-11e4-a52e-4f735466cecf":"f.499FA332C3249B1FB6786AFDCB682F30.d.6FEA89A0E788CE7F088974E7734BFE88.e.14639","ELEMENT":"f.499FA332C3249B1FB6786AFDCB682F30.d.6FEA89A0E788CE7F088974E7734BFE88.e.14639"}]}
COMMAND: GET /session/80b25485da4cce0461fa749928cde446/screenshot - {}
RESULT: {}
RESULT: {"script":"<script> [5351 bytes]","args":[{"element-6066-11e4-a52e-4f735466cecf":"f.499FA332C3249B1FB6786AFDCB682F30.d.6FEA89A0E788CE7F088974E7734BFE88.e.14639","ELEMENT":"f.499FA332C3249B1FB6786AFDCB682F30.d.6FEA89A0E788CE7F088974E7734BFE88.e.14639"}]}
COMMAND: POST /session/80b25485da4cce0461fa749928cde446/element/f.499FA332C3249B1FB6786AFDCB682F30.d.6FEA89A0E788CE7F088974E7734BFE88.e.14639/click - {}
COMMAND: GET /session/80b25485da4cce0461fa749928cde446/screenshot - {}
RESULT: {}
RESULT: {}
COMMAND: GET /session/80b25485da4cce0461fa749928cde446/screenshot - {}
RESULT: {}
RESULT: {}
COMMAND: POST /session/80b25485da4cce0461fa749928cde446/element - {"using":"xpath","value":"//input[@id=\"application-manageyards-display-component---NewYard--yardId-inner\"]"}
RESULT: {"using":"xpath","value":"//input[@id=\"application-manageyards-display-component---NewYard--yardId-inner\"]"}
COMMAND: POST /session/80b25485da4cce0461fa749928cde446/element - {"using":"xpath","value":"//input[@id=\"application-manageyards-display-component---NewYard--yardId-inner\"]"}
RESULT: {"using":"xpath","value":"//input[@id=\"application-manageyards-display-component---NewYard--yardId-inner\"]"}
COMMAND: POST /session/80b25485da4cce0461fa749928cde446/execute/async - {"script":"<script> [1562 bytes]","args":[{"selector":{"id":"application-manageyards-display-component---NewYard--addressDetailDetailsName1","interaction":{"idSuffix":"inner"}},"wdio_ui5_key":"applicationmanageyards-display-component---NewYard--addressDetailDetailsName1"}]}
RESULT: {"script":"<script> [1562 bytes]","args":[{"selector":{"id":"application-manageyards-display-component---NewYard--addressDetailDetailsName1","interaction":{"idSuffix":"inner"}},"wdio_ui5_key":"applicationmanageyards-display-component---NewYard--addressDetailDetailsName1"}]}
RESULT: undefined
COMMAND: POST /session/80b25485da4cce0461fa749928cde446/execute/async - {"script":"<script> [776 bytes]","args":[{"enterText":"Intracompany Yard wdIO","selector":{"id":"application-manageyards-display-component---NewYard--addressDetailDetailsName1","interaction":{"idSuffix":"inner"}},"clearTextFirst":true,"interactionType":"ENTER_TEXT"}]}
RESULT: {"script":"<script> [776 bytes]","args":[{"enterText":"Intracompany Yard wdIO","selector":{"id":"application-manageyards-display-component---NewYard--addressDetailDetailsName1","interaction":{"idSuffix":"inner"}},"clearTextFirst":true,"interactionType":"ENTER_TEXT"}]}
COMMAND: POST /session/80b25485da4cce0461fa749928cde446/execute/async - {"script":"<script> [1562 bytes]","args":[{"selector":{"id":"application-manageyards-display-component---NewYard--addressDetailDetailsLanguage-arrow"},"wdio_ui5_key":"applicationmanageyards-display-component---NewYard--addressDetailDetailsLanguage-arrow"}]}
RESULT: {"script":"<script> [1562 bytes]","args":[{"selector":{"id":"application-manageyards-display-component---NewYard--addressDetailDetailsLanguage-arrow"},"wdio_ui5_key":"applicationmanageyards-display-component---NewYard--addressDetailDetailsLanguage-arrow"}]}
RESULT: undefined
COMMAND: POST /session/80b25485da4cce0461fa749928cde446/element - {"using":"xpath","value":"//*[@id=\"application-manageyards-display-component---NewYard--addressDetailDetailsLanguage-arrow\"]"}
RESULT: {"using":"xpath","value":"//*[@id=\"application-manageyards-display-component---NewYard--addressDetailDetailsLanguage-arrow\"]"}
COMMAND: POST /session/80b25485da4cce0461fa749928cde446/element/f.499FA332C3249B1FB6786AFDCB682F30.d.6FEA89A0E788CE7F088974E7734BFE88.e.15073/click - {}
RESULT: {}
COMMAND: POST /session/80b25485da4cce0461fa749928cde446/element - {"using":"xpath","value":"//span[contains(text(), \"English\")]"}
COMMAND: GET /session/80b25485da4cce0461fa749928cde446/screenshot - {}
RESULT: {"using":"xpath","value":"//span[contains(text(), \"English\")]"}
COMMAND: POST /session/80b25485da4cce0461fa749928cde446/element/f.499FA332C3249B1FB6786AFDCB682F30.d.6FEA89A0E788CE7F088974E7734BFE88.e.15074/click - {}
RESULT: {}
RESULT: {}
COMMAND: POST /session/80b25485da4cce0461fa749928cde446/execute/async - {"script":"<script> [1562 bytes]","args":[{"selector":{"id":"application-manageyards-display-component---NewYard--addressDetailDetailsCity1","interaction":{"idSuffix":"inner"}},"wdio_ui5_key":"applicationmanageyards-display-component---NewYard--addressDetailDetailsCity1"}]}
COMMAND: GET /session/80b25485da4cce0461fa749928cde446/screenshot - {}
RESULT: {"script":"<script> [1562 bytes]","args":[{"selector":{"id":"application-manageyards-display-component---NewYard--addressDetailDetailsCity1","interaction":{"idSuffix":"inner"}},"wdio_ui5_key":"applicationmanageyards-display-component---NewYard--addressDetailDetailsCity1"}]}
RESULT: undefined
COMMAND: POST /session/80b25485da4cce0461fa749928cde446/execute/async - {"script":"<script> [776 bytes]","args":[{"enterText":"Rosario","selector":{"id":"application-manageyards-display-component---NewYard--addressDetailDetailsCity1","interaction":{"idSuffix":"inner"}},"clearTextFirst":true,"interactionType":"ENTER_TEXT"}]}
RESULT: {}
RESULT: {"script":"<script> [776 bytes]","args":[{"enterText":"Rosario","selector":{"id":"application-manageyards-display-component---NewYard--addressDetailDetailsCity1","interaction":{"idSuffix":"inner"}},"clearTextFirst":true,"interactionType":"ENTER_TEXT"}]}
COMMAND: POST /session/80b25485da4cce0461fa749928cde446/execute/async - {"script":"<script> [1562 bytes]","args":[{"selector":{"id":"application-manageyards-display-component---NewYard--addressDetailDetailsCountry-arrow"},"wdio_ui5_key":"applicationmanageyards-display-component---NewYard--addressDetailDetailsCountry-arrow"}]}
RESULT: {"script":"<script> [1562 bytes]","args":[{"selector":{"id":"application-manageyards-display-component---NewYard--addressDetailDetailsCountry-arrow"},"wdio_ui5_key":"applicationmanageyards-display-component---NewYard--addressDetailDetailsCountry-arrow"}]}
RESULT: undefined
COMMAND: POST /session/80b25485da4cce0461fa749928cde446/element - {"using":"xpath","value":"//*[@id=\"application-manageyards-display-component---NewYard--addressDetailDetailsCountry-arrow\"]"}
RESULT: {"using":"xpath","value":"//*[@id=\"application-manageyards-display-component---NewYard--addressDetailDetailsCountry-arrow\"]"}
COMMAND: POST /session/80b25485da4cce0461fa749928cde446/element/f.499FA332C3249B1FB6786AFDCB682F30.d.6FEA89A0E788CE7F088974E7734BFE88.e.15076/click - {}
RESULT: {}
COMMAND: POST /session/80b25485da4cce0461fa749928cde446/element - {"using":"xpath","value":"//span[contains(text(), \"Argentina\")]"}
COMMAND: GET /session/80b25485da4cce0461fa749928cde446/screenshot - {}
RESULT: {"using":"xpath","value":"//span[contains(text(), \"Argentina\")]"}
COMMAND: POST /session/80b25485da4cce0461fa749928cde446/element/f.499FA332C3249B1FB6786AFDCB682F30.d.6FEA89A0E788CE7F088974E7734BFE88.e.15077/click - {}
RESULT: {}
RESULT: {}
COMMAND: POST /session/80b25485da4cce0461fa749928cde446/execute/async - {"script":"<script> [1562 bytes]","args":[{"selector":{"id":"application-manageyards-display-component---NewYard--addressEditDetailsCostObjectCstType-arrow"},"wdio_ui5_key":"applicationmanageyards-display-component---NewYard--addressEditDetailsCostObjectCstType-arrow"}]}
COMMAND: GET /session/80b25485da4cce0461fa749928cde446/screenshot - {}
RESULT: {"script":"<script> [1562 bytes]","args":[{"selector":{"id":"application-manageyards-display-component---NewYard--addressEditDetailsCostObjectCstType-arrow"},"wdio_ui5_key":"applicationmanageyards-display-component---NewYard--addressEditDetailsCostObjectCstType-arrow"}]}
RESULT: undefined
COMMAND: POST /session/80b25485da4cce0461fa749928cde446/element - {"using":"xpath","value":"//*[@id=\"application-manageyards-display-component---NewYard--addressEditDetailsCostObjectCstType-arrow\"]"}
RESULT: {}
RESULT: {"using":"xpath","value":"//*[@id=\"application-manageyards-display-component---NewYard--addressEditDetailsCostObjectCstType-arrow\"]"}
COMMAND: POST /session/80b25485da4cce0461fa749928cde446/element/f.499FA332C3249B1FB6786AFDCB682F30.d.6FEA89A0E788CE7F088974E7734BFE88.e.15079/click - {}
RESULT: {}
COMMAND: POST /session/80b25485da4cce0461fa749928cde446/element - {"using":"xpath","value":"//span[contains(text(), \"Cost Center\")]"}
COMMAND: GET /session/80b25485da4cce0461fa749928cde446/screenshot - {}
RESULT: {"using":"xpath","value":"//span[contains(text(), \"Cost Center\")]"}
COMMAND: POST /session/80b25485da4cce0461fa749928cde446/element/f.499FA332C3249B1FB6786AFDCB682F30.d.6FEA89A0E788CE7F088974E7734BFE88.e.15080/click - {}
RESULT: {}
RESULT: {}
COMMAND: GET /session/80b25485da4cce0461fa749928cde446/screenshot - {}
RESULT: {}
COMMAND: POST /session/80b25485da4cce0461fa749928cde446/element - {"using":"xpath","value":"//span[@id=\"application-manageyards-display-component---NewYard--addressNewCostObjectCstID-vhi\"]"}
RESULT: {"using":"xpath","value":"//span[@id=\"application-manageyards-display-component---NewYard--addressNewCostObjectCstID-vhi\"]"}
COMMAND: POST /session/80b25485da4cce0461fa749928cde446/execute/sync - {"script":"<script> [8489 bytes]","args":[{"element-6066-11e4-a52e-4f735466cecf":"f.499FA332C3249B1FB6786AFDCB682F30.d.6FEA89A0E788CE7F088974E7734BFE88.e.15084","ELEMENT":"f.499FA332C3249B1FB6786AFDCB682F30.d.6FEA89A0E788CE7F088974E7734BFE88.e.15084"}]}
RESULT: {"script":"<script> [8489 bytes]","args":[{"element-6066-11e4-a52e-4f735466cecf":"f.499FA332C3249B1FB6786AFDCB682F30.d.6FEA89A0E788CE7F088974E7734BFE88.e.15084","ELEMENT":"f.499FA332C3249B1FB6786AFDCB682F30.d.6FEA89A0E788CE7F088974E7734BFE88.e.15084"}]}
COMMAND: POST /session/80b25485da4cce0461fa749928cde446/execute/async - {"script":"<script> [1562 bytes]","args":[{"selector":{"id":"application-manageyards-display-component---NewYard--addressNewCostObjectCstID-vhi"},"wdio_ui5_key":"applicationmanageyards-display-component---NewYard--addressNewCostObjectCstID-vhi"}]}
COMMAND: GET /session/80b25485da4cce0461fa749928cde446/screenshot - {}
RESULT: {"script":"<script> [1562 bytes]","args":[{"selector":{"id":"application-manageyards-display-component---NewYard--addressNewCostObjectCstID-vhi"},"wdio_ui5_key":"applicationmanageyards-display-component---NewYard--addressNewCostObjectCstID-vhi"}]}
RESULT: undefined
COMMAND: POST /session/80b25485da4cce0461fa749928cde446/element - {"using":"xpath","value":"//*[@id=\"application-manageyards-display-component---NewYard--addressNewCostObjectCstID-vhi\"]"}
RESULT: {}
RESULT: {"using":"xpath","value":"//*[@id=\"application-manageyards-display-component---NewYard--addressNewCostObjectCstID-vhi\"]"}
COMMAND: POST /session/80b25485da4cce0461fa749928cde446/element/f.499FA332C3249B1FB6786AFDCB682F30.d.6FEA89A0E788CE7F088974E7734BFE88.e.15084/click - {}
RESULT: {}
COMMAND: GET /session/80b25485da4cce0461fa749928cde446/screenshot - {}
RESULT: {}
COMMAND: POST /session/80b25485da4cce0461fa749928cde446/execute/async - {"script":"<script> [1562 bytes]","args":[{"selector":{"controlType":"sap.m.SearchField","properties":{"placeholder":"Search"},"searchOpenDialogs":true,"interaction":{"idSuffix":"I"}},"wdio_ui5_key":"sapm.SearchField{\"placeholder\":\"Search\"}"}]}
RESULT: {"script":"<script> [1562 bytes]","args":[{"selector":{"controlType":"sap.m.SearchField","properties":{"placeholder":"Search"},"searchOpenDialogs":true,"interaction":{"idSuffix":"I"}},"wdio_ui5_key":"sapm.SearchField{\"placeholder\":\"Search\"}"}]}
RESULT: undefined
COMMAND: POST /session/80b25485da4cce0461fa749928cde446/execute/async - {"script":"<script> [776 bytes]","args":[{"enterText":"bauh_b","selector":{"controlType":"sap.m.SearchField","properties":{"placeholder":"Search"},"searchOpenDialogs":true,"interaction":{"idSuffix":"I"}},"clearTextFirst":true,"interactionType":"ENTER_TEXT"}]}
RESULT: {"script":"<script> [776 bytes]","args":[{"enterText":"bauh_b","selector":{"controlType":"sap.m.SearchField","properties":{"placeholder":"Search"},"searchOpenDialogs":true,"interaction":{"idSuffix":"I"}},"clearTextFirst":true,"interactionType":"ENTER_TEXT"}]}
COMMAND: POST /session/80b25485da4cce0461fa749928cde446/actions - {"actions":[{"id":"action50","type":"key","parameters":{},"actions":[{"type":"keyDown","value":""},{"type":"pause","duration":10},{"type":"keyUp","value":""}]}]}
RESULT: {"actions":[{"id":"action50","type":"key","parameters":{},"actions":[{"type":"keyDown","value":""},{"type":"pause","duration":10},{"type":"keyUp","value":""}]}]}
COMMAND: GET /session/80b25485da4cce0461fa749928cde446/screenshot - {}
RESULT: {}
COMMAND: POST /session/80b25485da4cce0461fa749928cde446/element - {"using":"xpath","value":"//span[contains(text(), \"Demo Yard\")]"}
RESULT: {"using":"xpath","value":"//span[contains(text(), \"Demo Yard\")]"}
COMMAND: POST /session/80b25485da4cce0461fa749928cde446/element/f.499FA332C3249B1FB6786AFDCB682F30.d.6FEA89A0E788CE7F088974E7734BFE88.e.15124/click - {}
RESULT: {}
COMMAND: GET /session/80b25485da4cce0461fa749928cde446/screenshot - {}
RESULT: {}
COMMAND: POST /session/80b25485da4cce0461fa749928cde446/element - {"using":"xpath","value":"//bdi[contains(text(), \"OK\")]"}
RESULT: {"using":"xpath","value":"//bdi[contains(text(), \"OK\")]"}
COMMAND: POST /session/80b25485da4cce0461fa749928cde446/element/f.499FA332C3249B1FB6786AFDCB682F30.d.6FEA89A0E788CE7F088974E7734BFE88.e.15125/click - {}
RESULT: {}
COMMAND: GET /session/80b25485da4cce0461fa749928cde446/screenshot - {}
RESULT: {}
COMMAND: POST /session/80b25485da4cce0461fa749928cde446/execute/async - {"script":"<script> [1562 bytes]","args":[{"selector":{"id":"application-manageyards-display-component---NewYard--addressEditDetailsCurrency-arrow"},"wdio_ui5_key":"applicationmanageyards-display-component---NewYard--addressEditDetailsCurrency-arrow"}]}
RESULT: {"script":"<script> [1562 bytes]","args":[{"selector":{"id":"application-manageyards-display-component---NewYard--addressEditDetailsCurrency-arrow"},"wdio_ui5_key":"applicationmanageyards-display-component---NewYard--addressEditDetailsCurrency-arrow"}]}
RESULT: undefined
COMMAND: POST /session/80b25485da4cce0461fa749928cde446/element - {"using":"xpath","value":"//*[@id=\"application-manageyards-display-component---NewYard--addressEditDetailsCurrency-arrow\"]"}
RESULT: {"using":"xpath","value":"//*[@id=\"application-manageyards-display-component---NewYard--addressEditDetailsCurrency-arrow\"]"}
COMMAND: POST /session/80b25485da4cce0461fa749928cde446/element/f.499FA332C3249B1FB6786AFDCB682F30.d.6FEA89A0E788CE7F088974E7734BFE88.e.15128/click - {}
RESULT: {}
COMMAND: POST /session/80b25485da4cce0461fa749928cde446/element - {"using":"xpath","value":"//span[contains(text(), \"Euro\")]"}
COMMAND: GET /session/80b25485da4cce0461fa749928cde446/screenshot - {}
RESULT: {"using":"xpath","value":"//span[contains(text(), \"Euro\")]"}
COMMAND: POST /session/80b25485da4cce0461fa749928cde446/element/f.499FA332C3249B1FB6786AFDCB682F30.d.6FEA89A0E788CE7F088974E7734BFE88.e.15129/click - {}
RESULT: {}
RESULT: {}
COMMAND: POST /session/80b25485da4cce0461fa749928cde446/execute/async - {"script":"<script> [1562 bytes]","args":[{"selector":{"controlType":"sap.m.Input","viewName":"etm.portal.ui.manageyards.view.New","viewId":"application-manageyards-display-component---NewYard","bindingPath":{"path":"","propertyPath":"/CONTROLLING_AREA","modelName":"NewYardModel"},"interaction":{"idSuffix":"inner"}},"wdio_ui5_key":"etmportal.ui.manageyards.view.Newsap.m.Input{\"path\":\"\",\"propertyPath\":\"/CONTROLLING_AREA\",\"modelName\":\"NewYardModel\"}"}]}
COMMAND: GET /session/80b25485da4cce0461fa749928cde446/screenshot - {}
RESULT: {"script":"<script> [1562 bytes]","args":[{"selector":{"controlType":"sap.m.Input","viewName":"etm.portal.ui.manageyards.view.New","viewId":"application-manageyards-display-component---NewYard","bindingPath":{"path":"","propertyPath":"/CONTROLLING_AREA","modelName":"NewYardModel"},"interaction":{"idSuffix":"inner"}},"wdio_ui5_key":"etmportal.ui.manageyards.view.Newsap.m.Input{\"path\":\"\",\"propertyPath\":\"/CONTROLLING_AREA\",\"modelName\":\"NewYardModel\"}"}]}
RESULT: undefined
COMMAND: POST /session/80b25485da4cce0461fa749928cde446/execute/async - {"script":"<script> [776 bytes]","args":[{"enterText":"Z001","selector":{"controlType":"sap.m.Input","viewName":"etm.portal.ui.manageyards.view.New","viewId":"application-manageyards-display-component---NewYard","bindingPath":{"path":"","propertyPath":"/CONTROLLING_AREA","modelName":"NewYardModel"},"interaction":{"idSuffix":"inner"}},"clearTextFirst":true,"interactionType":"ENTER_TEXT"}]}
RESULT: {}
RESULT: {"script":"<script> [776 bytes]","args":[{"enterText":"Z001","selector":{"controlType":"sap.m.Input","viewName":"etm.portal.ui.manageyards.view.New","viewId":"application-manageyards-display-component---NewYard","bindingPath":{"path":"","propertyPath":"/CONTROLLING_AREA","modelName":"NewYardModel"},"interaction":{"idSuffix":"inner"}},"clearTextFirst":true,"interactionType":"ENTER_TEXT"}]}
COMMAND: POST /session/80b25485da4cce0461fa749928cde446/execute/async - {"script":"<script> [1562 bytes]","args":[{"selector":{"id":"application-manageyards-display-component---NewYard--companyCodeComboBox","interaction":{"idSuffix":"inner"}},"wdio_ui5_key":"applicationmanageyards-display-component---NewYard--companyCodeComboBox"}]}
RESULT: {"script":"<script> [1562 bytes]","args":[{"selector":{"id":"application-manageyards-display-component---NewYard--companyCodeComboBox","interaction":{"idSuffix":"inner"}},"wdio_ui5_key":"applicationmanageyards-display-component---NewYard--companyCodeComboBox"}]}
RESULT: undefined
COMMAND: POST /session/80b25485da4cce0461fa749928cde446/execute/async - {"script":"<script> [776 bytes]","args":[{"enterText":"1000","selector":{"id":"application-manageyards-display-component---NewYard--companyCodeComboBox","interaction":{"idSuffix":"inner"}},"clearTextFirst":true,"interactionType":"ENTER_TEXT"}]}
RESULT: {"script":"<script> [776 bytes]","args":[{"enterText":"1000","selector":{"id":"application-manageyards-display-component---NewYard--companyCodeComboBox","interaction":{"idSuffix":"inner"}},"clearTextFirst":true,"interactionType":"ENTER_TEXT"}]}
COMMAND: POST /session/80b25485da4cce0461fa749928cde446/execute/async - {"script":"<script> [1562 bytes]","args":[{"selector":{"controlType":"sap.m.Input","viewName":"etm.portal.ui.manageyards.view.New","viewId":"application-manageyards-display-component---NewYard","bindingPath":{"path":"","propertyPath":"/PLANT","modelName":"NewYardModel"},"interaction":{"idSuffix":"inner"}},"wdio_ui5_key":"etmportal.ui.manageyards.view.Newsap.m.Input{\"path\":\"\",\"propertyPath\":\"/PLANT\",\"modelName\":\"NewYardModel\"}"}]}
RESULT: {"script":"<script> [1562 bytes]","args":[{"selector":{"controlType":"sap.m.Input","viewName":"etm.portal.ui.manageyards.view.New","viewId":"application-manageyards-display-component---NewYard","bindingPath":{"path":"","propertyPath":"/PLANT","modelName":"NewYardModel"},"interaction":{"idSuffix":"inner"}},"wdio_ui5_key":"etmportal.ui.manageyards.view.Newsap.m.Input{\"path\":\"\",\"propertyPath\":\"/PLANT\",\"modelName\":\"NewYardModel\"}"}]}
RESULT: undefined
COMMAND: POST /session/80b25485da4cce0461fa749928cde446/execute/async - {"script":"<script> [776 bytes]","args":[{"enterText":"1001","selector":{"controlType":"sap.m.Input","viewName":"etm.portal.ui.manageyards.view.New","viewId":"application-manageyards-display-component---NewYard","bindingPath":{"path":"","propertyPath":"/PLANT","modelName":"NewYardModel"},"interaction":{"idSuffix":"inner"}},"clearTextFirst":true,"interactionType":"ENTER_TEXT"}]}
RESULT: {"script":"<script> [776 bytes]","args":[{"enterText":"1001","selector":{"controlType":"sap.m.Input","viewName":"etm.portal.ui.manageyards.view.New","viewId":"application-manageyards-display-component---NewYard","bindingPath":{"path":"","propertyPath":"/PLANT","modelName":"NewYardModel"},"interaction":{"idSuffix":"inner"}},"clearTextFirst":true,"interactionType":"ENTER_TEXT"}]}
COMMAND: POST /session/80b25485da4cce0461fa749928cde446/execute/async - {"script":"<script> [1562 bytes]","args":[{"selector":{"controlType":"sap.m.Input","viewName":"etm.portal.ui.manageyards.view.New","viewId":"application-manageyards-display-component---NewYard","bindingPath":{"path":"","propertyPath":"/SALES_AREA_VKORG","modelName":"NewYardModel"},"interaction":{"idSuffix":"inner"}},"wdio_ui5_key":"etmportal.ui.manageyards.view.Newsap.m.Input{\"path\":\"\",\"propertyPath\":\"/SALES_AREA_VKORG\",\"modelName\":\"NewYardModel\"}"}]}
RESULT: {"script":"<script> [1562 bytes]","args":[{"selector":{"controlType":"sap.m.Input","viewName":"etm.portal.ui.manageyards.view.New","viewId":"application-manageyards-display-component---NewYard","bindingPath":{"path":"","propertyPath":"/SALES_AREA_VKORG","modelName":"NewYardModel"},"interaction":{"idSuffix":"inner"}},"wdio_ui5_key":"etmportal.ui.manageyards.view.Newsap.m.Input{\"path\":\"\",\"propertyPath\":\"/SALES_AREA_VKORG\",\"modelName\":\"NewYardModel\"}"}]}
RESULT: undefined
COMMAND: POST /session/80b25485da4cce0461fa749928cde446/execute/async - {"script":"<script> [776 bytes]","args":[{"enterText":"C002","selector":{"controlType":"sap.m.Input","viewName":"etm.portal.ui.manageyards.view.New","viewId":"application-manageyards-display-component---NewYard","bindingPath":{"path":"","propertyPath":"/SALES_AREA_VKORG","modelName":"NewYardModel"},"interaction":{"idSuffix":"inner"}},"clearTextFirst":true,"interactionType":"ENTER_TEXT"}]}
RESULT: {"script":"<script> [776 bytes]","args":[{"enterText":"C002","selector":{"controlType":"sap.m.Input","viewName":"etm.portal.ui.manageyards.view.New","viewId":"application-manageyards-display-component---NewYard","bindingPath":{"path":"","propertyPath":"/SALES_AREA_VKORG","modelName":"NewYardModel"},"interaction":{"idSuffix":"inner"}},"clearTextFirst":true,"interactionType":"ENTER_TEXT"}]}
COMMAND: POST /session/80b25485da4cce0461fa749928cde446/execute/async - {"script":"<script> [1562 bytes]","args":[{"selector":{"controlType":"sap.m.Input","viewName":"etm.portal.ui.manageyards.view.New","viewId":"application-manageyards-display-component---NewYard","bindingPath":{"path":"","propertyPath":"/SALES_AREA_VTWEG","modelName":"NewYardModel"},"interaction":{"idSuffix":"inner"}},"wdio_ui5_key":"etmportal.ui.manageyards.view.Newsap.m.Input{\"path\":\"\",\"propertyPath\":\"/SALES_AREA_VTWEG\",\"modelName\":\"NewYardModel\"}"}]}
RESULT: {"script":"<script> [1562 bytes]","args":[{"selector":{"controlType":"sap.m.Input","viewName":"etm.portal.ui.manageyards.view.New","viewId":"application-manageyards-display-component---NewYard","bindingPath":{"path":"","propertyPath":"/SALES_AREA_VTWEG","modelName":"NewYardModel"},"interaction":{"idSuffix":"inner"}},"wdio_ui5_key":"etmportal.ui.manageyards.view.Newsap.m.Input{\"path\":\"\",\"propertyPath\":\"/SALES_AREA_VTWEG\",\"modelName\":\"NewYardModel\"}"}]}
RESULT: undefined
COMMAND: POST /session/80b25485da4cce0461fa749928cde446/execute/async - {"script":"<script> [776 bytes]","args":[{"enterText":"C2","selector":{"controlType":"sap.m.Input","viewName":"etm.portal.ui.manageyards.view.New","viewId":"application-manageyards-display-component---NewYard","bindingPath":{"path":"","propertyPath":"/SALES_AREA_VTWEG","modelName":"NewYardModel"},"interaction":{"idSuffix":"inner"}},"clearTextFirst":true,"interactionType":"ENTER_TEXT"}]}
RESULT: {"script":"<script> [776 bytes]","args":[{"enterText":"C2","selector":{"controlType":"sap.m.Input","viewName":"etm.portal.ui.manageyards.view.New","viewId":"application-manageyards-display-component---NewYard","bindingPath":{"path":"","propertyPath":"/SALES_AREA_VTWEG","modelName":"NewYardModel"},"interaction":{"idSuffix":"inner"}},"clearTextFirst":true,"interactionType":"ENTER_TEXT"}]}
COMMAND: POST /session/80b25485da4cce0461fa749928cde446/execute/async - {"script":"<script> [1562 bytes]","args":[{"selector":{"controlType":"sap.m.Input","viewName":"etm.portal.ui.manageyards.view.New","viewId":"application-manageyards-display-component---NewYard","bindingPath":{"path":"","propertyPath":"/SALES_AREA_SPART","modelName":"NewYardModel"},"interaction":{"idSuffix":"inner"}},"wdio_ui5_key":"etmportal.ui.manageyards.view.Newsap.m.Input{\"path\":\"\",\"propertyPath\":\"/SALES_AREA_SPART\",\"modelName\":\"NewYardModel\"}"}]}
RESULT: {"script":"<script> [1562 bytes]","args":[{"selector":{"controlType":"sap.m.Input","viewName":"etm.portal.ui.manageyards.view.New","viewId":"application-manageyards-display-component---NewYard","bindingPath":{"path":"","propertyPath":"/SALES_AREA_SPART","modelName":"NewYardModel"},"interaction":{"idSuffix":"inner"}},"wdio_ui5_key":"etmportal.ui.manageyards.view.Newsap.m.Input{\"path\":\"\",\"propertyPath\":\"/SALES_AREA_SPART\",\"modelName\":\"NewYardModel\"}"}]}
RESULT: undefined
COMMAND: POST /session/80b25485da4cce0461fa749928cde446/execute/async - {"script":"<script> [776 bytes]","args":[{"enterText":"C2","selector":{"controlType":"sap.m.Input","viewName":"etm.portal.ui.manageyards.view.New","viewId":"application-manageyards-display-component---NewYard","bindingPath":{"path":"","propertyPath":"/SALES_AREA_SPART","modelName":"NewYardModel"},"interaction":{"idSuffix":"inner"}},"clearTextFirst":true,"interactionType":"ENTER_TEXT"}]}
RESULT: {"script":"<script> [776 bytes]","args":[{"enterText":"C2","selector":{"controlType":"sap.m.Input","viewName":"etm.portal.ui.manageyards.view.New","viewId":"application-manageyards-display-component---NewYard","bindingPath":{"path":"","propertyPath":"/SALES_AREA_SPART","modelName":"NewYardModel"},"interaction":{"idSuffix":"inner"}},"clearTextFirst":true,"interactionType":"ENTER_TEXT"}]}
COMMAND: POST /session/80b25485da4cce0461fa749928cde446/execute/async - {"script":"<script> [1562 bytes]","args":[{"selector":{"controlType":"sap.m.Input","viewName":"etm.portal.ui.manageyards.view.New","viewId":"application-manageyards-display-component---NewYard","bindingPath":{"path":"","propertyPath":"/SHIP_POINT","modelName":"NewYardModel"},"interaction":{"idSuffix":"inner"}},"wdio_ui5_key":"etmportal.ui.manageyards.view.Newsap.m.Input{\"path\":\"\",\"propertyPath\":\"/SHIP_POINT\",\"modelName\":\"NewYardModel\"}"}]}
RESULT: {"script":"<script> [1562 bytes]","args":[{"selector":{"controlType":"sap.m.Input","viewName":"etm.portal.ui.manageyards.view.New","viewId":"application-manageyards-display-component---NewYard","bindingPath":{"path":"","propertyPath":"/SHIP_POINT","modelName":"NewYardModel"},"interaction":{"idSuffix":"inner"}},"wdio_ui5_key":"etmportal.ui.manageyards.view.Newsap.m.Input{\"path\":\"\",\"propertyPath\":\"/SHIP_POINT\",\"modelName\":\"NewYardModel\"}"}]}
RESULT: undefined
COMMAND: POST /session/80b25485da4cce0461fa749928cde446/execute/async - {"script":"<script> [776 bytes]","args":[{"enterText":"1710","selector":{"controlType":"sap.m.Input","viewName":"etm.portal.ui.manageyards.view.New","viewId":"application-manageyards-display-component---NewYard","bindingPath":{"path":"","propertyPath":"/SHIP_POINT","modelName":"NewYardModel"},"interaction":{"idSuffix":"inner"}},"clearTextFirst":true,"interactionType":"ENTER_TEXT"}]}
RESULT: {"script":"<script> [776 bytes]","args":[{"enterText":"1710","selector":{"controlType":"sap.m.Input","viewName":"etm.portal.ui.manageyards.view.New","viewId":"application-manageyards-display-component---NewYard","bindingPath":{"path":"","propertyPath":"/SHIP_POINT","modelName":"NewYardModel"},"interaction":{"idSuffix":"inner"}},"clearTextFirst":true,"interactionType":"ENTER_TEXT"}]}
COMMAND: POST /session/80b25485da4cce0461fa749928cde446/execute/async - {"script":"<script> [1562 bytes]","args":[{"selector":{"controlType":"sap.m.Input","viewName":"etm.portal.ui.manageyards.view.New","viewId":"application-manageyards-display-component---NewYard","bindingPath":{"path":"","propertyPath":"/DELIVERY_TYPE","modelName":"NewYardModel"},"interaction":{"idSuffix":"inner"}},"wdio_ui5_key":"etmportal.ui.manageyards.view.Newsap.m.Input{\"path\":\"\",\"propertyPath\":\"/DELIVERY_TYPE\",\"modelName\":\"NewYardModel\"}"}]}
RESULT: {"script":"<script> [1562 bytes]","args":[{"selector":{"controlType":"sap.m.Input","viewName":"etm.portal.ui.manageyards.view.New","viewId":"application-manageyards-display-component---NewYard","bindingPath":{"path":"","propertyPath":"/DELIVERY_TYPE","modelName":"NewYardModel"},"interaction":{"idSuffix":"inner"}},"wdio_ui5_key":"etmportal.ui.manageyards.view.Newsap.m.Input{\"path\":\"\",\"propertyPath\":\"/DELIVERY_TYPE\",\"modelName\":\"NewYardModel\"}"}]}
RESULT: undefined
COMMAND: POST /session/80b25485da4cce0461fa749928cde446/execute/async - {"script":"<script> [776 bytes]","args":[{"enterText":"ZL01","selector":{"controlType":"sap.m.Input","viewName":"etm.portal.ui.manageyards.view.New","viewId":"application-manageyards-display-component---NewYard","bindingPath":{"path":"","propertyPath":"/DELIVERY_TYPE","modelName":"NewYardModel"},"interaction":{"idSuffix":"inner"}},"clearTextFirst":true,"interactionType":"ENTER_TEXT"}]}
RESULT: {"script":"<script> [776 bytes]","args":[{"enterText":"ZL01","selector":{"controlType":"sap.m.Input","viewName":"etm.portal.ui.manageyards.view.New","viewId":"application-manageyards-display-component---NewYard","bindingPath":{"path":"","propertyPath":"/DELIVERY_TYPE","modelName":"NewYardModel"},"interaction":{"idSuffix":"inner"}},"clearTextFirst":true,"interactionType":"ENTER_TEXT"}]}
COMMAND: POST /session/80b25485da4cce0461fa749928cde446/execute/async - {"script":"<script> [1562 bytes]","args":[{"selector":{"controlType":"sap.m.Input","viewName":"etm.portal.ui.manageyards.view.New","viewId":"application-manageyards-display-component---NewYard","bindingPath":{"path":"","propertyPath":"/AUART","modelName":"NewYardModel"},"interaction":{"idSuffix":"inner"}},"wdio_ui5_key":"etmportal.ui.manageyards.view.Newsap.m.Input{\"path\":\"\",\"propertyPath\":\"/AUART\",\"modelName\":\"NewYardModel\"}"}]}
RESULT: {"script":"<script> [1562 bytes]","args":[{"selector":{"controlType":"sap.m.Input","viewName":"etm.portal.ui.manageyards.view.New","viewId":"application-manageyards-display-component---NewYard","bindingPath":{"path":"","propertyPath":"/AUART","modelName":"NewYardModel"},"interaction":{"idSuffix":"inner"}},"wdio_ui5_key":"etmportal.ui.manageyards.view.Newsap.m.Input{\"path\":\"\",\"propertyPath\":\"/AUART\",\"modelName\":\"NewYardModel\"}"}]}
RESULT: undefined
COMMAND: POST /session/80b25485da4cce0461fa749928cde446/execute/async - {"script":"<script> [776 bytes]","args":[{"enterText":"TA","selector":{"controlType":"sap.m.Input","viewName":"etm.portal.ui.manageyards.view.New","viewId":"application-manageyards-display-component---NewYard","bindingPath":{"path":"","propertyPath":"/AUART","modelName":"NewYardModel"},"interaction":{"idSuffix":"inner"}},"clearTextFirst":true,"interactionType":"ENTER_TEXT"}]}
RESULT: {"script":"<script> [776 bytes]","args":[{"enterText":"TA","selector":{"controlType":"sap.m.Input","viewName":"etm.portal.ui.manageyards.view.New","viewId":"application-manageyards-display-component---NewYard","bindingPath":{"path":"","propertyPath":"/AUART","modelName":"NewYardModel"},"interaction":{"idSuffix":"inner"}},"clearTextFirst":true,"interactionType":"ENTER_TEXT"}]}
COMMAND: POST /session/80b25485da4cce0461fa749928cde446/element - {"using":"xpath","value":"//button[@data-kt=\"newYardSaveButton\"]"}
RESULT: {"using":"xpath","value":"//button[@data-kt=\"newYardSaveButton\"]"}
COMMAND: POST /session/80b25485da4cce0461fa749928cde446/element/f.499FA332C3249B1FB6786AFDCB682F30.d.6FEA89A0E788CE7F088974E7734BFE88.e.15056/click - {}
RESULT: {}
COMMAND: GET /session/80b25485da4cce0461fa749928cde446/screenshot - {}
RESULT: {}
COMMAND: POST /session/80b25485da4cce0461fa749928cde446/element - {"using":"xpath","value":"//header[contains(@id, 'ObjectPageLayout-headerTitle')]/div[1]/div[2]/div[1]/span[1]"}
RESULT: {"using":"xpath","value":"//header[contains(@id, 'ObjectPageLayout-headerTitle')]/div[1]/div[2]/div[1]/span[1]"}
COMMAND: POST /session/80b25485da4cce0461fa749928cde446/elements - {"using":"xpath","value":"//header[contains(@id, 'ObjectPageLayout-headerTitle')]/div[1]/div[2]/div[1]/span[1]"}
RESULT: {"using":"xpath","value":"//header[contains(@id, 'ObjectPageLayout-headerTitle')]/div[1]/div[2]/div[1]/span[1]"}
COMMAND: POST /session/80b25485da4cce0461fa749928cde446/execute/sync - {"script":"<script> [56 bytes]","args":[{"element-6066-11e4-a52e-4f735466cecf":"f.499FA332C3249B1FB6786AFDCB682F30.d.6FEA89A0E788CE7F088974E7734BFE88.e.15347","ELEMENT":"f.499FA332C3249B1FB6786AFDCB682F30.d.6FEA89A0E788CE7F088974E7734BFE88.e.15347"}]}
RESULT: {"script":"<script> [56 bytes]","args":[{"element-6066-11e4-a52e-4f735466cecf":"f.499FA332C3249B1FB6786AFDCB682F30.d.6FEA89A0E788CE7F088974E7734BFE88.e.15347","ELEMENT":"f.499FA332C3249B1FB6786AFDCB682F30.d.6FEA89A0E788CE7F088974E7734BFE88.e.15347"}]}
COMMAND: GET /session/80b25485da4cce0461fa749928cde446/screenshot - {}
RESULT: {}
COMMAND: POST /session/80b25485da4cce0461fa749928cde446/element - {"using":"css selector","value":"#shell-header-logo"}
RESULT: {"using":"css selector","value":"#shell-header-logo"}
COMMAND: POST /session/80b25485da4cce0461fa749928cde446/element/f.499FA332C3249B1FB6786AFDCB682F30.d.6FEA89A0E788CE7F088974E7734BFE88.e.14486/click - {}
RESULT: {}
COMMAND: GET /session/80b25485da4cce0461fa749928cde446/screenshot - {}
RESULT: {}
COMMAND: POST /session/80b25485da4cce0461fa749928cde446/execute/sync - {"script":"<script> [299 bytes]","args":[["getModel","getResource"]]}
RESULT: {"script":"<script> [299 bytes]","args":[["getModel","getResource"]]}
]]></system-out>
    </testcase>
    <testcase classname="chrome.136_0_7103_93.windows.Transfer_Yard_to_Yard_US131076" name="Should create an equipment" time="141.179">
      <system-out><![CDATA[
COMMAND: POST /session/80b25485da4cce0461fa749928cde446/execute/async - {"script":"<script> [1562 bytes]","args":[{"selector":{"controlType":"sap.m.GenericTile","properties":{"header":"Manage Resources"}},"wdio_ui5_key":"sapm.GenericTile{\"header\":\"Manage Resources\"}"}]}
COMMAND: GET /session/80b25485da4cce0461fa749928cde446/screenshot - {}
RESULT: {"script":"<script> [1562 bytes]","args":[{"selector":{"controlType":"sap.m.GenericTile","properties":{"header":"Manage Resources"}},"wdio_ui5_key":"sapm.GenericTile{\"header\":\"Manage Resources\"}"}]}
RESULT: undefined
COMMAND: POST /session/80b25485da4cce0461fa749928cde446/element - {"using":"xpath","value":"//*[@id=\"__tile31\"]"}
RESULT: {}
RESULT: {"using":"xpath","value":"//*[@id=\"__tile31\"]"}
COMMAND: POST /session/80b25485da4cce0461fa749928cde446/element/f.499FA332C3249B1FB6786AFDCB682F30.d.6FEA89A0E788CE7F088974E7734BFE88.e.14506/click - {}
RESULT: {}
COMMAND: GET /session/80b25485da4cce0461fa749928cde446/screenshot - {}
COMMAND: POST /session/80b25485da4cce0461fa749928cde446/elements - {"using":"xpath","value":"//span[text()='Error']"}
RESULT: {}
RESULT: {"using":"xpath","value":"//span[text()='Error']"}
COMMAND: POST /session/80b25485da4cce0461fa749928cde446/element - {"using":"xpath","value":"//button[@data-kt=\"addNewRUOverflowToolbarButton\"]"}
RESULT: {"using":"xpath","value":"//button[@data-kt=\"addNewRUOverflowToolbarButton\"]"}
COMMAND: POST /session/80b25485da4cce0461fa749928cde446/elements - {"using":"xpath","value":"//button[@data-kt=\"addNewRUOverflowToolbarButton\"]"}
RESULT: {"using":"xpath","value":"//button[@data-kt=\"addNewRUOverflowToolbarButton\"]"}
COMMAND: POST /session/80b25485da4cce0461fa749928cde446/elements - {"using":"xpath","value":"//button[@data-kt=\"addNewRUOverflowToolbarButton\"]"}
RESULT: {"using":"xpath","value":"//button[@data-kt=\"addNewRUOverflowToolbarButton\"]"}
COMMAND: POST /session/80b25485da4cce0461fa749928cde446/element - {"using":"xpath","value":"//button[@data-kt=\"addNewRUOverflowToolbarButton\"]"}
RESULT: {"using":"xpath","value":"//button[@data-kt=\"addNewRUOverflowToolbarButton\"]"}
COMMAND: POST /session/80b25485da4cce0461fa749928cde446/execute/sync - {"script":"<script> [8489 bytes]","args":[{"element-6066-11e4-a52e-4f735466cecf":"f.499FA332C3249B1FB6786AFDCB682F30.d.6FEA89A0E788CE7F088974E7734BFE88.e.15391","ELEMENT":"f.499FA332C3249B1FB6786AFDCB682F30.d.6FEA89A0E788CE7F088974E7734BFE88.e.15391"}]}
RESULT: {"script":"<script> [8489 bytes]","args":[{"element-6066-11e4-a52e-4f735466cecf":"f.499FA332C3249B1FB6786AFDCB682F30.d.6FEA89A0E788CE7F088974E7734BFE88.e.15391","ELEMENT":"f.499FA332C3249B1FB6786AFDCB682F30.d.6FEA89A0E788CE7F088974E7734BFE88.e.15391"}]}
COMMAND: GET /session/80b25485da4cce0461fa749928cde446/element/f.499FA332C3249B1FB6786AFDCB682F30.d.6FEA89A0E788CE7F088974E7734BFE88.e.15391/enabled - {}
COMMAND: GET /session/80b25485da4cce0461fa749928cde446/screenshot - {}
RESULT: {}
COMMAND: POST /session/80b25485da4cce0461fa749928cde446/execute/sync - {"script":"<script> [8489 bytes]","args":[{"element-6066-11e4-a52e-4f735466cecf":"f.499FA332C3249B1FB6786AFDCB682F30.d.6FEA89A0E788CE7F088974E7734BFE88.e.15391","ELEMENT":"f.499FA332C3249B1FB6786AFDCB682F30.d.6FEA89A0E788CE7F088974E7734BFE88.e.15391"}]}
COMMAND: GET /session/80b25485da4cce0461fa749928cde446/screenshot - {}
RESULT: {}
RESULT: {"script":"<script> [8489 bytes]","args":[{"element-6066-11e4-a52e-4f735466cecf":"f.499FA332C3249B1FB6786AFDCB682F30.d.6FEA89A0E788CE7F088974E7734BFE88.e.15391","ELEMENT":"f.499FA332C3249B1FB6786AFDCB682F30.d.6FEA89A0E788CE7F088974E7734BFE88.e.15391"}]}
COMMAND: POST /session/80b25485da4cce0461fa749928cde446/execute/sync - {"script":"<script> [5351 bytes]","args":[{"element-6066-11e4-a52e-4f735466cecf":"f.499FA332C3249B1FB6786AFDCB682F30.d.6FEA89A0E788CE7F088974E7734BFE88.e.15391","ELEMENT":"f.499FA332C3249B1FB6786AFDCB682F30.d.6FEA89A0E788CE7F088974E7734BFE88.e.15391"}]}
COMMAND: GET /session/80b25485da4cce0461fa749928cde446/screenshot - {}
RESULT: {}
RESULT: {"script":"<script> [5351 bytes]","args":[{"element-6066-11e4-a52e-4f735466cecf":"f.499FA332C3249B1FB6786AFDCB682F30.d.6FEA89A0E788CE7F088974E7734BFE88.e.15391","ELEMENT":"f.499FA332C3249B1FB6786AFDCB682F30.d.6FEA89A0E788CE7F088974E7734BFE88.e.15391"}]}
COMMAND: POST /session/80b25485da4cce0461fa749928cde446/element/f.499FA332C3249B1FB6786AFDCB682F30.d.6FEA89A0E788CE7F088974E7734BFE88.e.15391/click - {}
COMMAND: GET /session/80b25485da4cce0461fa749928cde446/screenshot - {}
RESULT: {}
RESULT: {}
COMMAND: GET /session/80b25485da4cce0461fa749928cde446/screenshot - {}
COMMAND: POST /session/80b25485da4cce0461fa749928cde446/execute/async - {"script":"<script> [1562 bytes]","args":[{"selector":{"id":"application-manageresources-display-component---newResourceUnit--TYPE-arrow"},"wdio_ui5_key":"applicationmanageresources-display-component---newResourceUnit--TYPE-arrow"}]}
RESULT: {}
RESULT: {}
RESULT: {"script":"<script> [1562 bytes]","args":[{"selector":{"id":"application-manageresources-display-component---newResourceUnit--TYPE-arrow"},"wdio_ui5_key":"applicationmanageresources-display-component---newResourceUnit--TYPE-arrow"}]}
RESULT: undefined
COMMAND: POST /session/80b25485da4cce0461fa749928cde446/element - {"using":"xpath","value":"//*[@id=\"application-manageresources-display-component---newResourceUnit--TYPE-arrow\"]"}
RESULT: {"using":"xpath","value":"//*[@id=\"application-manageresources-display-component---newResourceUnit--TYPE-arrow\"]"}
COMMAND: POST /session/80b25485da4cce0461fa749928cde446/element/f.499FA332C3249B1FB6786AFDCB682F30.d.6FEA89A0E788CE7F088974E7734BFE88.e.15752/click - {}
RESULT: {}
COMMAND: POST /session/80b25485da4cce0461fa749928cde446/element - {"using":"xpath","value":"//input[@id=\"application-manageresources-display-component---newResourceUnit--TYPE-inner\"]"}
COMMAND: GET /session/80b25485da4cce0461fa749928cde446/screenshot - {}
RESULT: {"using":"xpath","value":"//input[@id=\"application-manageresources-display-component---newResourceUnit--TYPE-inner\"]"}
COMMAND: POST /session/80b25485da4cce0461fa749928cde446/element/f.499FA332C3249B1FB6786AFDCB682F30.d.6FEA89A0E788CE7F088974E7734BFE88.e.15734/clear - {}
RESULT: {}
RESULT: {}
COMMAND: POST /session/80b25485da4cce0461fa749928cde446/element/f.499FA332C3249B1FB6786AFDCB682F30.d.6FEA89A0E788CE7F088974E7734BFE88.e.15734/value - {"text":"Equipment"}
COMMAND: GET /session/80b25485da4cce0461fa749928cde446/screenshot - {}
RESULT: {"text":"Equipment"}
COMMAND: GET /session/80b25485da4cce0461fa749928cde446/screenshot - {}
RESULT: {}
RESULT: {}
COMMAND: POST /session/80b25485da4cce0461fa749928cde446/actions - {"actions":[{"id":"action51","type":"key","parameters":{},"actions":[{"type":"keyDown","value":""},{"type":"pause","duration":10},{"type":"keyUp","value":""}]}]}
RESULT: {"actions":[{"id":"action51","type":"key","parameters":{},"actions":[{"type":"keyDown","value":""},{"type":"pause","duration":10},{"type":"keyUp","value":""}]}]}
COMMAND: POST /session/80b25485da4cce0461fa749928cde446/execute/async - {"script":"<script> [1562 bytes]","args":[{"selector":{"id":"application-manageresources-display-component---newResourceUnit--resourceId","interaction":{"idSuffix":"inner"}},"wdio_ui5_key":"applicationmanageresources-display-component---newResourceUnit--resourceId"}]}
COMMAND: GET /session/80b25485da4cce0461fa749928cde446/screenshot - {}
RESULT: {"script":"<script> [1562 bytes]","args":[{"selector":{"id":"application-manageresources-display-component---newResourceUnit--resourceId","interaction":{"idSuffix":"inner"}},"wdio_ui5_key":"applicationmanageresources-display-component---newResourceUnit--resourceId"}]}
RESULT: undefined
COMMAND: POST /session/80b25485da4cce0461fa749928cde446/execute/async - {"script":"<script> [776 bytes]","args":[{"enterText":"YwIKQvMKyE","selector":{"id":"application-manageresources-display-component---newResourceUnit--resourceId","interaction":{"idSuffix":"inner"}},"clearTextFirst":true,"interactionType":"ENTER_TEXT"}]}
RESULT: {}
RESULT: {"script":"<script> [776 bytes]","args":[{"enterText":"YwIKQvMKyE","selector":{"id":"application-manageresources-display-component---newResourceUnit--resourceId","interaction":{"idSuffix":"inner"}},"clearTextFirst":true,"interactionType":"ENTER_TEXT"}]}
COMMAND: POST /session/80b25485da4cce0461fa749928cde446/execute/async - {"script":"<script> [1562 bytes]","args":[{"selector":{"id":"application-manageresources-display-component---newResourceUnit--SHORT_TEXT","interaction":{"idSuffix":"inner"}},"wdio_ui5_key":"applicationmanageresources-display-component---newResourceUnit--SHORT_TEXT"}]}
RESULT: {"script":"<script> [1562 bytes]","args":[{"selector":{"id":"application-manageresources-display-component---newResourceUnit--SHORT_TEXT","interaction":{"idSuffix":"inner"}},"wdio_ui5_key":"applicationmanageresources-display-component---newResourceUnit--SHORT_TEXT"}]}
RESULT: undefined
COMMAND: POST /session/80b25485da4cce0461fa749928cde446/execute/async - {"script":"<script> [776 bytes]","args":[{"enterText":"Intercompany Equipment WDIO","selector":{"id":"application-manageresources-display-component---newResourceUnit--SHORT_TEXT","interaction":{"idSuffix":"inner"}},"clearTextFirst":true,"interactionType":"ENTER_TEXT"}]}
RESULT: {"script":"<script> [776 bytes]","args":[{"enterText":"Intercompany Equipment WDIO","selector":{"id":"application-manageresources-display-component---newResourceUnit--SHORT_TEXT","interaction":{"idSuffix":"inner"}},"clearTextFirst":true,"interactionType":"ENTER_TEXT"}]}
COMMAND: POST /session/80b25485da4cce0461fa749928cde446/execute/async - {"script":"<script> [1562 bytes]","args":[{"selector":{"id":"application-manageresources-display-component---newResourceUnit--BASE_UNIT_OF_MEASURE","interaction":{"idSuffix":"inner"}},"wdio_ui5_key":"applicationmanageresources-display-component---newResourceUnit--BASE_UNIT_OF_MEASURE"}]}
RESULT: {"script":"<script> [1562 bytes]","args":[{"selector":{"id":"application-manageresources-display-component---newResourceUnit--BASE_UNIT_OF_MEASURE","interaction":{"idSuffix":"inner"}},"wdio_ui5_key":"applicationmanageresources-display-component---newResourceUnit--BASE_UNIT_OF_MEASURE"}]}
RESULT: undefined
COMMAND: POST /session/80b25485da4cce0461fa749928cde446/execute/async - {"script":"<script> [776 bytes]","args":[{"enterText":"Piece","selector":{"id":"application-manageresources-display-component---newResourceUnit--BASE_UNIT_OF_MEASURE","interaction":{"idSuffix":"inner"}},"clearTextFirst":true,"interactionType":"ENTER_TEXT"}]}
RESULT: {"script":"<script> [776 bytes]","args":[{"enterText":"Piece","selector":{"id":"application-manageresources-display-component---newResourceUnit--BASE_UNIT_OF_MEASURE","interaction":{"idSuffix":"inner"}},"clearTextFirst":true,"interactionType":"ENTER_TEXT"}]}
COMMAND: POST /session/80b25485da4cce0461fa749928cde446/execute/async - {"script":"<script> [1562 bytes]","args":[{"selector":{"id":"application-manageresources-display-component---newResourceUnit--WEIGHT_UNIT","interaction":{"idSuffix":"inner"}},"wdio_ui5_key":"applicationmanageresources-display-component---newResourceUnit--WEIGHT_UNIT"}]}
RESULT: {"script":"<script> [1562 bytes]","args":[{"selector":{"id":"application-manageresources-display-component---newResourceUnit--WEIGHT_UNIT","interaction":{"idSuffix":"inner"}},"wdio_ui5_key":"applicationmanageresources-display-component---newResourceUnit--WEIGHT_UNIT"}]}
RESULT: undefined
COMMAND: POST /session/80b25485da4cce0461fa749928cde446/execute/async - {"script":"<script> [776 bytes]","args":[{"enterText":"Gram","selector":{"id":"application-manageresources-display-component---newResourceUnit--WEIGHT_UNIT","interaction":{"idSuffix":"inner"}},"clearTextFirst":true,"interactionType":"ENTER_TEXT"}]}
RESULT: {"script":"<script> [776 bytes]","args":[{"enterText":"Gram","selector":{"id":"application-manageresources-display-component---newResourceUnit--WEIGHT_UNIT","interaction":{"idSuffix":"inner"}},"clearTextFirst":true,"interactionType":"ENTER_TEXT"}]}
COMMAND: POST /session/80b25485da4cce0461fa749928cde446/execute/async - {"script":"<script> [1562 bytes]","args":[{"selector":{"id":"application-manageresources-display-component---newResourceUnit--DIMENSION_UNIT","interaction":{"idSuffix":"inner"}},"wdio_ui5_key":"applicationmanageresources-display-component---newResourceUnit--DIMENSION_UNIT"}]}
RESULT: {"script":"<script> [1562 bytes]","args":[{"selector":{"id":"application-manageresources-display-component---newResourceUnit--DIMENSION_UNIT","interaction":{"idSuffix":"inner"}},"wdio_ui5_key":"applicationmanageresources-display-component---newResourceUnit--DIMENSION_UNIT"}]}
RESULT: undefined
COMMAND: POST /session/80b25485da4cce0461fa749928cde446/execute/async - {"script":"<script> [776 bytes]","args":[{"enterText":"Meter","selector":{"id":"application-manageresources-display-component---newResourceUnit--DIMENSION_UNIT","interaction":{"idSuffix":"inner"}},"clearTextFirst":true,"interactionType":"ENTER_TEXT"}]}
RESULT: {"script":"<script> [776 bytes]","args":[{"enterText":"Meter","selector":{"id":"application-manageresources-display-component---newResourceUnit--DIMENSION_UNIT","interaction":{"idSuffix":"inner"}},"clearTextFirst":true,"interactionType":"ENTER_TEXT"}]}
COMMAND: POST /session/80b25485da4cce0461fa749928cde446/execute/async - {"script":"<script> [1562 bytes]","args":[{"selector":{"id":"application-manageresources-display-component---newResourceUnit--newRRUPage-anchBar-application-manageresources-display-component---newResourceUnit--control-anchor","interaction":{"idSuffix":"BDI-content"}},"wdio_ui5_key":"applicationmanageresources-display-component---newResourceUnit--newRRUPage-anchBar-application-manageresources-display-component---newResourceUnit--control-anchor"}]}
RESULT: {"script":"<script> [1562 bytes]","args":[{"selector":{"id":"application-manageresources-display-component---newResourceUnit--newRRUPage-anchBar-application-manageresources-display-component---newResourceUnit--control-anchor","interaction":{"idSuffix":"BDI-content"}},"wdio_ui5_key":"applicationmanageresources-display-component---newResourceUnit--newRRUPage-anchBar-application-manageresources-display-component---newResourceUnit--control-anchor"}]}
RESULT: undefined
COMMAND: POST /session/80b25485da4cce0461fa749928cde446/element - {"using":"xpath","value":"//*[@id=\"application-manageresources-display-component---newResourceUnit--newRRUPage-anchBar-application-manageresources-display-component---newResourceUnit--control-anchor\"]"}
RESULT: {"using":"xpath","value":"//*[@id=\"application-manageresources-display-component---newResourceUnit--newRRUPage-anchBar-application-manageresources-display-component---newResourceUnit--control-anchor\"]"}
COMMAND: POST /session/80b25485da4cce0461fa749928cde446/element/f.499FA332C3249B1FB6786AFDCB682F30.d.6FEA89A0E788CE7F088974E7734BFE88.e.15910/click - {}
RESULT: {}
COMMAND: POST /session/80b25485da4cce0461fa749928cde446/execute/async - {"script":"<script> [1562 bytes]","args":[{"selector":{"id":"application-manageresources-display-component---newResourceUnit--PLANNING_GROUP","interaction":{"idSuffix":"inner"}},"wdio_ui5_key":"applicationmanageresources-display-component---newResourceUnit--PLANNING_GROUP"}]}
COMMAND: GET /session/80b25485da4cce0461fa749928cde446/screenshot - {}
RESULT: {"script":"<script> [1562 bytes]","args":[{"selector":{"id":"application-manageresources-display-component---newResourceUnit--PLANNING_GROUP","interaction":{"idSuffix":"inner"}},"wdio_ui5_key":"applicationmanageresources-display-component---newResourceUnit--PLANNING_GROUP"}]}
RESULT: undefined
COMMAND: POST /session/80b25485da4cce0461fa749928cde446/execute/async - {"script":"<script> [776 bytes]","args":[{"enterText":"Heavy Equi","selector":{"id":"application-manageresources-display-component---newResourceUnit--PLANNING_GROUP","interaction":{"idSuffix":"inner"}},"clearTextFirst":true,"interactionType":"ENTER_TEXT"}]}
RESULT: {}
RESULT: {"script":"<script> [776 bytes]","args":[{"enterText":"Heavy Equi","selector":{"id":"application-manageresources-display-component---newResourceUnit--PLANNING_GROUP","interaction":{"idSuffix":"inner"}},"clearTextFirst":true,"interactionType":"ENTER_TEXT"}]}
COMMAND: POST /session/80b25485da4cce0461fa749928cde446/execute/async - {"script":"<script> [1562 bytes]","args":[{"selector":{"id":"application-manageresources-display-component---newResourceUnit--ITEM_TYPE-arrow"},"wdio_ui5_key":"applicationmanageresources-display-component---newResourceUnit--ITEM_TYPE-arrow"}]}
RESULT: {"script":"<script> [1562 bytes]","args":[{"selector":{"id":"application-manageresources-display-component---newResourceUnit--ITEM_TYPE-arrow"},"wdio_ui5_key":"applicationmanageresources-display-component---newResourceUnit--ITEM_TYPE-arrow"}]}
RESULT: undefined
COMMAND: POST /session/80b25485da4cce0461fa749928cde446/element - {"using":"xpath","value":"//*[@id=\"application-manageresources-display-component---newResourceUnit--ITEM_TYPE-arrow\"]"}
RESULT: {"using":"xpath","value":"//*[@id=\"application-manageresources-display-component---newResourceUnit--ITEM_TYPE-arrow\"]"}
COMMAND: POST /session/80b25485da4cce0461fa749928cde446/element/f.499FA332C3249B1FB6786AFDCB682F30.d.6FEA89A0E788CE7F088974E7734BFE88.e.15919/click - {}
RESULT: {}
COMMAND: POST /session/80b25485da4cce0461fa749928cde446/element - {"using":"xpath","value":"//ul[contains(@id,\"ITEM_TYPE-popup-list-listUl\")]//li[.//span[contains(text(),\"Resource Unit\")]]"}
COMMAND: GET /session/80b25485da4cce0461fa749928cde446/screenshot - {}
RESULT: {"using":"xpath","value":"//ul[contains(@id,\"ITEM_TYPE-popup-list-listUl\")]//li[.//span[contains(text(),\"Resource Unit\")]]"}
COMMAND: POST /session/80b25485da4cce0461fa749928cde446/element/f.499FA332C3249B1FB6786AFDCB682F30.d.6FEA89A0E788CE7F088974E7734BFE88.e.15920/click - {}
RESULT: {}
RESULT: {}
COMMAND: GET /session/80b25485da4cce0461fa749928cde446/screenshot - {}
RESULT: {}
COMMAND: POST /session/80b25485da4cce0461fa749928cde446/element - {"using":"css selector","value":"#application-manageresources-display-component---newResourceUnit--btnAddTimeSegment"}
RESULT: {"using":"css selector","value":"#application-manageresources-display-component---newResourceUnit--btnAddTimeSegment"}
COMMAND: GET /session/80b25485da4cce0461fa749928cde446/element/f.499FA332C3249B1FB6786AFDCB682F30.d.6FEA89A0E788CE7F088974E7734BFE88.e.15928/rect - {}
RESULT: {}
COMMAND: GET /session/80b25485da4cce0461fa749928cde446/window/rect - {}
RESULT: {}
COMMAND: POST /session/80b25485da4cce0461fa749928cde446/execute/sync - {"script":"<script> [92 bytes]","args":[]}
RESULT: {"script":"<script> [92 bytes]","args":[]}
COMMAND: POST /session/80b25485da4cce0461fa749928cde446/actions - {"actions":[{"id":"action52","type":"wheel","parameters":{},"actions":[{"type":"scroll","x":-1888,"y":-32,"deltaX":0,"deltaY":0,"duration":0,"origin":{"element-6066-11e4-a52e-4f735466cecf":"f.499FA332C3249B1FB6786AFDCB682F30.d.6FEA89A0E788CE7F088974E7734BFE88.e.15928"}}]}]}
COMMAND: GET /session/80b25485da4cce0461fa749928cde446/screenshot - {}
RESULT: {}
COMMAND: POST /session/80b25485da4cce0461fa749928cde446/execute/sync - {"script":"<script> [79 bytes]","args":[{"element-6066-11e4-a52e-4f735466cecf":"f.499FA332C3249B1FB6786AFDCB682F30.d.6FEA89A0E788CE7F088974E7734BFE88.e.15928","ELEMENT":"f.499FA332C3249B1FB6786AFDCB682F30.d.6FEA89A0E788CE7F088974E7734BFE88.e.15928"},{"block":"start","inline":"nearest"}]}
RESULT: {"script":"<script> [79 bytes]","args":[{"element-6066-11e4-a52e-4f735466cecf":"f.499FA332C3249B1FB6786AFDCB682F30.d.6FEA89A0E788CE7F088974E7734BFE88.e.15928","ELEMENT":"f.499FA332C3249B1FB6786AFDCB682F30.d.6FEA89A0E788CE7F088974E7734BFE88.e.15928"},{"block":"start","inline":"nearest"}]}
COMMAND: POST /session/80b25485da4cce0461fa749928cde446/execute/async - {"script":"<script> [1562 bytes]","args":[{"selector":{"id":"application-manageresources-display-component---newResourceUnit--btnAddTimeSegment","interaction":{"idSuffix":"inner"}},"wdio_ui5_key":"applicationmanageresources-display-component---newResourceUnit--btnAddTimeSegment"}]}
COMMAND: GET /session/80b25485da4cce0461fa749928cde446/screenshot - {}
RESULT: {"script":"<script> [1562 bytes]","args":[{"selector":{"id":"application-manageresources-display-component---newResourceUnit--btnAddTimeSegment","interaction":{"idSuffix":"inner"}},"wdio_ui5_key":"applicationmanageresources-display-component---newResourceUnit--btnAddTimeSegment"}]}
RESULT: undefined
COMMAND: POST /session/80b25485da4cce0461fa749928cde446/element - {"using":"xpath","value":"//*[@id=\"application-manageresources-display-component---newResourceUnit--btnAddTimeSegment\"]"}
RESULT: {}
RESULT: {"using":"xpath","value":"//*[@id=\"application-manageresources-display-component---newResourceUnit--btnAddTimeSegment\"]"}
COMMAND: POST /session/80b25485da4cce0461fa749928cde446/element/f.499FA332C3249B1FB6786AFDCB682F30.d.6FEA89A0E788CE7F088974E7734BFE88.e.15928/click - {}
RESULT: {}
COMMAND: GET /session/80b25485da4cce0461fa749928cde446/screenshot - {}
RESULT: {}
COMMAND: POST /session/80b25485da4cce0461fa749928cde446/element - {"using":"xpath","value":"//input[@id=\"application-manageresources-display-component---newResourceUnit--idRuTSAdmin-application-manageresources-display-component---newResourceUnit--RUTimeSegment-0-inner\"]"}
RESULT: {"using":"xpath","value":"//input[@id=\"application-manageresources-display-component---newResourceUnit--idRuTSAdmin-application-manageresources-display-component---newResourceUnit--RUTimeSegment-0-inner\"]"}
COMMAND: POST /session/80b25485da4cce0461fa749928cde446/element/f.499FA332C3249B1FB6786AFDCB682F30.d.6FEA89A0E788CE7F088974E7734BFE88.e.15934/clear - {}
RESULT: {}
COMMAND: POST /session/80b25485da4cce0461fa749928cde446/element/f.499FA332C3249B1FB6786AFDCB682F30.d.6FEA89A0E788CE7F088974E7734BFE88.e.15934/value - {"text":"552"}
COMMAND: GET /session/80b25485da4cce0461fa749928cde446/screenshot - {}
RESULT: {"text":"552"}
COMMAND: GET /session/80b25485da4cce0461fa749928cde446/screenshot - {}
RESULT: {}
RESULT: {}
COMMAND: POST /session/80b25485da4cce0461fa749928cde446/element - {"using":"xpath","value":"//li[.//span[text()='552']]"}
RESULT: {"using":"xpath","value":"//li[.//span[text()='552']]"}
COMMAND: POST /session/80b25485da4cce0461fa749928cde446/element/f.499FA332C3249B1FB6786AFDCB682F30.d.6FEA89A0E788CE7F088974E7734BFE88.e.15946/click - {}
RESULT: {}
COMMAND: GET /session/80b25485da4cce0461fa749928cde446/screenshot - {}
RESULT: {}
COMMAND: POST /session/80b25485da4cce0461fa749928cde446/element - {"using":"xpath","value":"(//span[contains(@id, \"-application-manageresources-display-component---newResourceUnit--RUTimeSegment-0-arrow\")])[6]"}
RESULT: {"using":"xpath","value":"(//span[contains(@id, \"-application-manageresources-display-component---newResourceUnit--RUTimeSegment-0-arrow\")])[6]"}
COMMAND: POST /session/80b25485da4cce0461fa749928cde446/element/f.499FA332C3249B1FB6786AFDCB682F30.d.6FEA89A0E788CE7F088974E7734BFE88.e.15947/click - {}
RESULT: {}
COMMAND: GET /session/80b25485da4cce0461fa749928cde446/screenshot - {}
RESULT: {}
COMMAND: POST /session/80b25485da4cce0461fa749928cde446/element - {"using":"xpath","value":"//span[contains(text(), \"PM Order\")]"}
RESULT: {"using":"xpath","value":"//span[contains(text(), \"PM Order\")]"}
COMMAND: POST /session/80b25485da4cce0461fa749928cde446/element/f.499FA332C3249B1FB6786AFDCB682F30.d.6FEA89A0E788CE7F088974E7734BFE88.e.15950/click - {}
RESULT: {}
COMMAND: GET /session/80b25485da4cce0461fa749928cde446/screenshot - {}
RESULT: {}
COMMAND: POST /session/80b25485da4cce0461fa749928cde446/element - {"using":"xpath","value":"(//span[contains(@id ,\"manageresources-display-component---newResourceUnit--RUTimeSegment-0-vhi\")])[1]"}
RESULT: {"using":"xpath","value":"(//span[contains(@id ,\"manageresources-display-component---newResourceUnit--RUTimeSegment-0-vhi\")])[1]"}
COMMAND: GET /session/80b25485da4cce0461fa749928cde446/element/f.499FA332C3249B1FB6786AFDCB682F30.d.6FEA89A0E788CE7F088974E7734BFE88.e.15954/rect - {}
RESULT: {}
COMMAND: GET /session/80b25485da4cce0461fa749928cde446/window/rect - {}
RESULT: {}
COMMAND: POST /session/80b25485da4cce0461fa749928cde446/execute/sync - {"script":"<script> [92 bytes]","args":[]}
RESULT: {"script":"<script> [92 bytes]","args":[]}
COMMAND: POST /session/80b25485da4cce0461fa749928cde446/actions - {"actions":[{"id":"action53","type":"wheel","parameters":{},"actions":[{"type":"scroll","x":-869,"y":-24,"deltaX":0,"deltaY":0,"duration":0,"origin":{"element-6066-11e4-a52e-4f735466cecf":"f.499FA332C3249B1FB6786AFDCB682F30.d.6FEA89A0E788CE7F088974E7734BFE88.e.15954"}}]}]}
COMMAND: GET /session/80b25485da4cce0461fa749928cde446/screenshot - {}
RESULT: {"actions":[{"id":"action53","type":"wheel","parameters":{},"actions":[{"type":"scroll","x":-869,"y":-24,"deltaX":0,"deltaY":0,"duration":0,"origin":{"element-6066-11e4-a52e-4f735466cecf":"f.499FA332C3249B1FB6786AFDCB682F30.d.6FEA89A0E788CE7F088974E7734BFE88.e.15954"}}]}]}
COMMAND: DELETE /session/80b25485da4cce0461fa749928cde446/actions - {}
COMMAND: GET /session/80b25485da4cce0461fa749928cde446/screenshot - {}
RESULT: {}
RESULT: {}
COMMAND: GET /session/80b25485da4cce0461fa749928cde446/screenshot - {}
RESULT: {}
RESULT: {}
COMMAND: POST /session/80b25485da4cce0461fa749928cde446/element/f.499FA332C3249B1FB6786AFDCB682F30.d.6FEA89A0E788CE7F088974E7734BFE88.e.15954/click - {}
RESULT: {}
COMMAND: GET /session/80b25485da4cce0461fa749928cde446/screenshot - {}
RESULT: {}
RESULT: undefined
COMMAND: POST /session/80b25485da4cce0461fa749928cde446/execute/async - {"script":"<script> [776 bytes]","args":[{"enterText":"4000360","selector":{"controlType":"sap.m.SearchField","properties":{"placeholder":"Search"},"searchOpenDialogs":true,"interaction":{"idSuffix":"I"}},"clearTextFirst":true,"interactionType":"ENTER_TEXT"}]}
RESULT: {"script":"<script> [776 bytes]","args":[{"enterText":"4000360","selector":{"controlType":"sap.m.SearchField","properties":{"placeholder":"Search"},"searchOpenDialogs":true,"interaction":{"idSuffix":"I"}},"clearTextFirst":true,"interactionType":"ENTER_TEXT"}]}
COMMAND: POST /session/80b25485da4cce0461fa749928cde446/actions - {"actions":[{"id":"action54","type":"key","parameters":{},"actions":[{"type":"keyDown","value":""},{"type":"pause","duration":10},{"type":"keyUp","value":""}]}]}
RESULT: {"actions":[{"id":"action54","type":"key","parameters":{},"actions":[{"type":"keyDown","value":""},{"type":"pause","duration":10},{"type":"keyUp","value":""}]}]}
COMMAND: GET /session/80b25485da4cce0461fa749928cde446/screenshot - {}
RESULT: {}
COMMAND: POST /session/80b25485da4cce0461fa749928cde446/element - {"using":"xpath","value":"//td/div/span[contains(text(), \"BGL Vehicles\")]"}
RESULT: {"using":"xpath","value":"//td/div/span[contains(text(), \"BGL Vehicles\")]"}
COMMAND: POST /session/80b25485da4cce0461fa749928cde446/element/f.499FA332C3249B1FB6786AFDCB682F30.d.6FEA89A0E788CE7F088974E7734BFE88.e.15974/click - {}
RESULT: {}
COMMAND: GET /session/80b25485da4cce0461fa749928cde446/screenshot - {}
RESULT: {}
COMMAND: POST /session/80b25485da4cce0461fa749928cde446/element - {"using":"xpath","value":"//bdi[contains(text(), \"OK\")]"}
RESULT: {"using":"xpath","value":"//bdi[contains(text(), \"OK\")]"}
COMMAND: POST /session/80b25485da4cce0461fa749928cde446/element/f.499FA332C3249B1FB6786AFDCB682F30.d.6FEA89A0E788CE7F088974E7734BFE88.e.15975/click - {}
RESULT: {}
COMMAND: GET /session/80b25485da4cce0461fa749928cde446/screenshot - {}
RESULT: {}
COMMAND: POST /session/80b25485da4cce0461fa749928cde446/execute/async - {"script":"<script> [1562 bytes]","args":[{"selector":{"id":"application-manageresources-display-component---newResourceUnit--newRRUPage-anchBar-application-manageresources-display-component---newResourceUnit--resource-anchor","interaction":{"idSuffix":"BDI-content"}},"wdio_ui5_key":"applicationmanageresources-display-component---newResourceUnit--newRRUPage-anchBar-application-manageresources-display-component---newResourceUnit--resource-anchor"}]}
RESULT: {"script":"<script> [1562 bytes]","args":[{"selector":{"id":"application-manageresources-display-component---newResourceUnit--newRRUPage-anchBar-application-manageresources-display-component---newResourceUnit--resource-anchor","interaction":{"idSuffix":"BDI-content"}},"wdio_ui5_key":"applicationmanageresources-display-component---newResourceUnit--newRRUPage-anchBar-application-manageresources-display-component---newResourceUnit--resource-anchor"}]}
RESULT: undefined
COMMAND: POST /session/80b25485da4cce0461fa749928cde446/element - {"using":"xpath","value":"//*[@id=\"application-manageresources-display-component---newResourceUnit--newRRUPage-anchBar-application-manageresources-display-component---newResourceUnit--resource-anchor\"]"}
RESULT: {"using":"xpath","value":"//*[@id=\"application-manageresources-display-component---newResourceUnit--newRRUPage-anchBar-application-manageresources-display-component---newResourceUnit--resource-anchor\"]"}
COMMAND: POST /session/80b25485da4cce0461fa749928cde446/element/f.499FA332C3249B1FB6786AFDCB682F30.d.6FEA89A0E788CE7F088974E7734BFE88.e.15979/click - {}
RESULT: {}
COMMAND: POST /session/80b25485da4cce0461fa749928cde446/execute/async - {"script":"<script> [1562 bytes]","args":[{"selector":{"id":"application-manageresources-display-component---newResourceUnit--PLANNED_DELIVERY_DATE","interaction":{"idSuffix":"inner"}},"wdio_ui5_key":"applicationmanageresources-display-component---newResourceUnit--PLANNED_DELIVERY_DATE"}]}
COMMAND: GET /session/80b25485da4cce0461fa749928cde446/screenshot - {}
RESULT: {}
RESULT: {"script":"<script> [1562 bytes]","args":[{"selector":{"id":"application-manageresources-display-component---newResourceUnit--PLANNED_DELIVERY_DATE","interaction":{"idSuffix":"inner"}},"wdio_ui5_key":"applicationmanageresources-display-component---newResourceUnit--PLANNED_DELIVERY_DATE"}]}
RESULT: undefined
COMMAND: POST /session/80b25485da4cce0461fa749928cde446/execute/async - {"script":"<script> [6424 bytes]","args":[{"element-6066-11e4-a52e-4f735466cecf":"f.499FA332C3249B1FB6786AFDCB682F30.d.6FEA89A0E788CE7F088974E7734BFE88.e.15807"},"setValue",["6/1/25"]]}
RESULT: {"script":"<script> [6424 bytes]","args":[{"element-6066-11e4-a52e-4f735466cecf":"f.499FA332C3249B1FB6786AFDCB682F30.d.6FEA89A0E788CE7F088974E7734BFE88.e.15807"},"setValue",["6/1/25"]]}
COMMAND: POST /session/80b25485da4cce0461fa749928cde446/element - {"using":"xpath","value":"//label[contains(@class, 'sapMLabelRequired') and .//bdi[contains(text(), 'Planned Retirement')]]"}
RESULT: {"using":"xpath","value":"//label[contains(@class, 'sapMLabelRequired') and .//bdi[contains(text(), 'Planned Retirement')]]"}
COMMAND: POST /session/80b25485da4cce0461fa749928cde446/elements - {"using":"xpath","value":"//label[contains(@class, 'sapMLabelRequired') and .//bdi[contains(text(), 'Planned Retirement')]]"}
RESULT: {"using":"xpath","value":"//label[contains(@class, 'sapMLabelRequired') and .//bdi[contains(text(), 'Planned Retirement')]]"}
COMMAND: POST /session/80b25485da4cce0461fa749928cde446/element - {"using":"xpath","value":"//button[@data-kt=\"resourceUnitSaveButton\"]"}
RESULT: {"using":"xpath","value":"//button[@data-kt=\"resourceUnitSaveButton\"]"}
COMMAND: POST /session/80b25485da4cce0461fa749928cde446/element/f.499FA332C3249B1FB6786AFDCB682F30.d.6FEA89A0E788CE7F088974E7734BFE88.e.15767/click - {}
RESULT: {}
COMMAND: GET /session/80b25485da4cce0461fa749928cde446/screenshot - {}
RESULT: {}
COMMAND: POST /session/80b25485da4cce0461fa749928cde446/element - {"using":"xpath","value":"//bdi[contains(text(), \"Close\")]"}
RESULT: {"using":"xpath","value":"//bdi[contains(text(), \"Close\")]"}
COMMAND: POST /session/80b25485da4cce0461fa749928cde446/element/f.499FA332C3249B1FB6786AFDCB682F30.d.6FEA89A0E788CE7F088974E7734BFE88.e.15987/click - {}
RESULT: {}
COMMAND: GET /session/80b25485da4cce0461fa749928cde446/screenshot - {}
RESULT: {}
COMMAND: POST /session/80b25485da4cce0461fa749928cde446/element - {"using":"xpath","value":"(//button[contains(@id ,\"actionsToolbar-overflowButton\")])[1]"}
RESULT: {"using":"xpath","value":"(//button[contains(@id ,\"actionsToolbar-overflowButton\")])[1]"}
COMMAND: POST /session/80b25485da4cce0461fa749928cde446/element/f.499FA332C3249B1FB6786AFDCB682F30.d.6FEA89A0E788CE7F088974E7734BFE88.e.16019/click - {}
RESULT: {}
COMMAND: GET /session/80b25485da4cce0461fa749928cde446/screenshot - {}
RESULT: {}
COMMAND: POST /session/80b25485da4cce0461fa749928cde446/element - {"using":"xpath","value":"//button[@data-kt=\"priceInfoButton\"]"}
RESULT: {"using":"xpath","value":"//button[@data-kt=\"priceInfoButton\"]"}
COMMAND: POST /session/80b25485da4cce0461fa749928cde446/element/f.499FA332C3249B1FB6786AFDCB682F30.d.6FEA89A0E788CE7F088974E7734BFE88.e.16021/click - {}
RESULT: {}
COMMAND: GET /session/80b25485da4cce0461fa749928cde446/screenshot - {}
RESULT: {}
COMMAND: POST /session/80b25485da4cce0461fa749928cde446/element - {"using":"css selector","value":"#shell-header-logo"}
RESULT: {"using":"css selector","value":"#shell-header-logo"}
COMMAND: POST /session/80b25485da4cce0461fa749928cde446/element/f.499FA332C3249B1FB6786AFDCB682F30.d.6FEA89A0E788CE7F088974E7734BFE88.e.15352/click - {}
RESULT: {}
COMMAND: GET /session/80b25485da4cce0461fa749928cde446/screenshot - {}
RESULT: {}
]]></system-out>
    </testcase>
    <testcase classname="chrome.136_0_7103_93.windows.Transfer_Yard_to_Yard_US131076" name="Prereq Should create a new equipment multipart" time="123.646">
      <system-out><![CDATA[
RESULT: undefined
COMMAND: POST /session/80b25485da4cce0461fa749928cde446/element - {"using":"xpath","value":"//*[@id=\"__tile31\"]"}
RESULT: {"using":"xpath","value":"//*[@id=\"__tile31\"]"}
COMMAND: POST /session/80b25485da4cce0461fa749928cde446/element/f.499FA332C3249B1FB6786AFDCB682F30.d.6FEA89A0E788CE7F088974E7734BFE88.e.14506/click - {}
RESULT: {}
COMMAND: GET /session/80b25485da4cce0461fa749928cde446/screenshot - {}
RESULT: {}
COMMAND: POST /session/80b25485da4cce0461fa749928cde446/elements - {"using":"xpath","value":"//span[text()='Error']"}
RESULT: {"using":"xpath","value":"//span[text()='Error']"}
COMMAND: POST /session/80b25485da4cce0461fa749928cde446/element - {"using":"xpath","value":"//button[@data-kt=\"addNewRUOverflowToolbarButton\"]"}
RESULT: {"using":"xpath","value":"//button[@data-kt=\"addNewRUOverflowToolbarButton\"]"}
COMMAND: POST /session/80b25485da4cce0461fa749928cde446/elements - {"using":"xpath","value":"//button[@data-kt=\"addNewRUOverflowToolbarButton\"]"}
RESULT: {"using":"xpath","value":"//button[@data-kt=\"addNewRUOverflowToolbarButton\"]"}
COMMAND: POST /session/80b25485da4cce0461fa749928cde446/execute/sync - {"script":"<script> [8489 bytes]","args":[{"element-6066-11e4-a52e-4f735466cecf":"f.499FA332C3249B1FB6786AFDCB682F30.d.6FEA89A0E788CE7F088974E7734BFE88.e.16065","ELEMENT":"f.499FA332C3249B1FB6786AFDCB682F30.d.6FEA89A0E788CE7F088974E7734BFE88.e.16065"}]}
RESULT: {"script":"<script> [8489 bytes]","args":[{"element-6066-11e4-a52e-4f735466cecf":"f.499FA332C3249B1FB6786AFDCB682F30.d.6FEA89A0E788CE7F088974E7734BFE88.e.16065","ELEMENT":"f.499FA332C3249B1FB6786AFDCB682F30.d.6FEA89A0E788CE7F088974E7734BFE88.e.16065"}]}
COMMAND: GET /session/80b25485da4cce0461fa749928cde446/element/f.499FA332C3249B1FB6786AFDCB682F30.d.6FEA89A0E788CE7F088974E7734BFE88.e.16065/enabled - {}
COMMAND: GET /session/80b25485da4cce0461fa749928cde446/screenshot - {}
RESULT: {}
COMMAND: POST /session/80b25485da4cce0461fa749928cde446/execute/sync - {"script":"<script> [8489 bytes]","args":[{"element-6066-11e4-a52e-4f735466cecf":"f.499FA332C3249B1FB6786AFDCB682F30.d.6FEA89A0E788CE7F088974E7734BFE88.e.16065","ELEMENT":"f.499FA332C3249B1FB6786AFDCB682F30.d.6FEA89A0E788CE7F088974E7734BFE88.e.16065"}]}
COMMAND: GET /session/80b25485da4cce0461fa749928cde446/screenshot - {}
RESULT: {}
RESULT: {"script":"<script> [8489 bytes]","args":[{"element-6066-11e4-a52e-4f735466cecf":"f.499FA332C3249B1FB6786AFDCB682F30.d.6FEA89A0E788CE7F088974E7734BFE88.e.16065","ELEMENT":"f.499FA332C3249B1FB6786AFDCB682F30.d.6FEA89A0E788CE7F088974E7734BFE88.e.16065"}]}
COMMAND: POST /session/80b25485da4cce0461fa749928cde446/execute/sync - {"script":"<script> [5351 bytes]","args":[{"element-6066-11e4-a52e-4f735466cecf":"f.499FA332C3249B1FB6786AFDCB682F30.d.6FEA89A0E788CE7F088974E7734BFE88.e.16065","ELEMENT":"f.499FA332C3249B1FB6786AFDCB682F30.d.6FEA89A0E788CE7F088974E7734BFE88.e.16065"}]}
COMMAND: GET /session/80b25485da4cce0461fa749928cde446/screenshot - {}
RESULT: {}
RESULT: {"script":"<script> [5351 bytes]","args":[{"element-6066-11e4-a52e-4f735466cecf":"f.499FA332C3249B1FB6786AFDCB682F30.d.6FEA89A0E788CE7F088974E7734BFE88.e.16065","ELEMENT":"f.499FA332C3249B1FB6786AFDCB682F30.d.6FEA89A0E788CE7F088974E7734BFE88.e.16065"}]}
COMMAND: POST /session/80b25485da4cce0461fa749928cde446/element/f.499FA332C3249B1FB6786AFDCB682F30.d.6FEA89A0E788CE7F088974E7734BFE88.e.16065/click - {}
COMMAND: GET /session/80b25485da4cce0461fa749928cde446/screenshot - {}
RESULT: {}
RESULT: {}
COMMAND: GET /session/80b25485da4cce0461fa749928cde446/screenshot - {}
RESULT: {}
RESULT: undefined
COMMAND: POST /session/80b25485da4cce0461fa749928cde446/element - {"using":"xpath","value":"//*[@id=\"application-manageresources-display-component---newResourceUnit--TYPE-arrow\"]"}
RESULT: {}
RESULT: {"using":"xpath","value":"//*[@id=\"application-manageresources-display-component---newResourceUnit--TYPE-arrow\"]"}
COMMAND: POST /session/80b25485da4cce0461fa749928cde446/element/f.499FA332C3249B1FB6786AFDCB682F30.d.6FEA89A0E788CE7F088974E7734BFE88.e.16427/click - {}
RESULT: {}
COMMAND: POST /session/80b25485da4cce0461fa749928cde446/element - {"using":"xpath","value":"//input[@id=\"application-manageresources-display-component---newResourceUnit--TYPE-inner\"]"}
COMMAND: GET /session/80b25485da4cce0461fa749928cde446/screenshot - {}
RESULT: {"using":"xpath","value":"//input[@id=\"application-manageresources-display-component---newResourceUnit--TYPE-inner\"]"}
COMMAND: POST /session/80b25485da4cce0461fa749928cde446/element/f.499FA332C3249B1FB6786AFDCB682F30.d.6FEA89A0E788CE7F088974E7734BFE88.e.16407/clear - {}
RESULT: {}
RESULT: {}
COMMAND: POST /session/80b25485da4cce0461fa749928cde446/element/f.499FA332C3249B1FB6786AFDCB682F30.d.6FEA89A0E788CE7F088974E7734BFE88.e.16407/value - {"text":"Equi Multipart"}
COMMAND: GET /session/80b25485da4cce0461fa749928cde446/screenshot - {}
RESULT: {"text":"Equi Multipart"}
COMMAND: GET /session/80b25485da4cce0461fa749928cde446/screenshot - {}
RESULT: {}
RESULT: {}
COMMAND: POST /session/80b25485da4cce0461fa749928cde446/actions - {"actions":[{"id":"action55","type":"key","parameters":{},"actions":[{"type":"keyDown","value":""},{"type":"pause","duration":10},{"type":"keyUp","value":""}]}]}
RESULT: {"actions":[{"id":"action55","type":"key","parameters":{},"actions":[{"type":"keyDown","value":""},{"type":"pause","duration":10},{"type":"keyUp","value":""}]}]}
RESULT: undefined
COMMAND: POST /session/80b25485da4cce0461fa749928cde446/execute/async - {"script":"<script> [776 bytes]","args":[{"enterText":"Equipment Multipart WDIO","selector":{"id":"application-manageresources-display-component---newResourceUnit--SHORT_TEXT","interaction":{"idSuffix":"inner"}},"clearTextFirst":true,"interactionType":"ENTER_TEXT"}]}
COMMAND: GET /session/80b25485da4cce0461fa749928cde446/screenshot - {}
RESULT: {"script":"<script> [776 bytes]","args":[{"enterText":"Equipment Multipart WDIO","selector":{"id":"application-manageresources-display-component---newResourceUnit--SHORT_TEXT","interaction":{"idSuffix":"inner"}},"clearTextFirst":true,"interactionType":"ENTER_TEXT"}]}
RESULT: undefined
COMMAND: POST /session/80b25485da4cce0461fa749928cde446/execute/async - {"script":"<script> [776 bytes]","args":[{"enterText":"Piece","selector":{"id":"application-manageresources-display-component---newResourceUnit--BASE_UNIT_OF_MEASURE","interaction":{"idSuffix":"inner"}},"clearTextFirst":true,"interactionType":"ENTER_TEXT"}]}
RESULT: {}
RESULT: {"script":"<script> [776 bytes]","args":[{"enterText":"Piece","selector":{"id":"application-manageresources-display-component---newResourceUnit--BASE_UNIT_OF_MEASURE","interaction":{"idSuffix":"inner"}},"clearTextFirst":true,"interactionType":"ENTER_TEXT"}]}
RESULT: undefined
COMMAND: POST /session/80b25485da4cce0461fa749928cde446/execute/async - {"script":"<script> [776 bytes]","args":[{"enterText":"Gram","selector":{"id":"application-manageresources-display-component---newResourceUnit--WEIGHT_UNIT","interaction":{"idSuffix":"inner"}},"clearTextFirst":true,"interactionType":"ENTER_TEXT"}]}
RESULT: {"script":"<script> [776 bytes]","args":[{"enterText":"Gram","selector":{"id":"application-manageresources-display-component---newResourceUnit--WEIGHT_UNIT","interaction":{"idSuffix":"inner"}},"clearTextFirst":true,"interactionType":"ENTER_TEXT"}]}
RESULT: undefined
COMMAND: POST /session/80b25485da4cce0461fa749928cde446/execute/async - {"script":"<script> [776 bytes]","args":[{"enterText":"Meter","selector":{"id":"application-manageresources-display-component---newResourceUnit--DIMENSION_UNIT","interaction":{"idSuffix":"inner"}},"clearTextFirst":true,"interactionType":"ENTER_TEXT"}]}
RESULT: {"script":"<script> [776 bytes]","args":[{"enterText":"Meter","selector":{"id":"application-manageresources-display-component---newResourceUnit--DIMENSION_UNIT","interaction":{"idSuffix":"inner"}},"clearTextFirst":true,"interactionType":"ENTER_TEXT"}]}
RESULT: undefined
COMMAND: POST /session/80b25485da4cce0461fa749928cde446/element - {"using":"xpath","value":"//*[@id=\"application-manageresources-display-component---newResourceUnit--newRRUPage-anchBar-application-manageresources-display-component---newResourceUnit--control-anchor\"]"}
RESULT: {"using":"xpath","value":"//*[@id=\"application-manageresources-display-component---newResourceUnit--newRRUPage-anchBar-application-manageresources-display-component---newResourceUnit--control-anchor\"]"}
COMMAND: POST /session/80b25485da4cce0461fa749928cde446/element/f.499FA332C3249B1FB6786AFDCB682F30.d.6FEA89A0E788CE7F088974E7734BFE88.e.16556/click - {}
RESULT: {}
RESULT: undefined
COMMAND: POST /session/80b25485da4cce0461fa749928cde446/execute/async - {"script":"<script> [776 bytes]","args":[{"enterText":"Heavy Equi","selector":{"id":"application-manageresources-display-component---newResourceUnit--PLANNING_GROUP","interaction":{"idSuffix":"inner"}},"clearTextFirst":true,"interactionType":"ENTER_TEXT"}]}
COMMAND: GET /session/80b25485da4cce0461fa749928cde446/screenshot - {}
RESULT: {"script":"<script> [776 bytes]","args":[{"enterText":"Heavy Equi","selector":{"id":"application-manageresources-display-component---newResourceUnit--PLANNING_GROUP","interaction":{"idSuffix":"inner"}},"clearTextFirst":true,"interactionType":"ENTER_TEXT"}]}
RESULT: {}
COMMAND: POST /session/80b25485da4cce0461fa749928cde446/execute/async - {"script":"<script> [1562 bytes]","args":[{"selector":{"id":"application-manageresources-display-component---newResourceUnit--PLANNING_INDICATOR","interaction":{"idSuffix":"inner"}},"wdio_ui5_key":"applicationmanageresources-display-component---newResourceUnit--PLANNING_INDICATOR"}]}
RESULT: {"script":"<script> [1562 bytes]","args":[{"selector":{"id":"application-manageresources-display-component---newResourceUnit--PLANNING_INDICATOR","interaction":{"idSuffix":"inner"}},"wdio_ui5_key":"applicationmanageresources-display-component---newResourceUnit--PLANNING_INDICATOR"}]}
RESULT: undefined
COMMAND: POST /session/80b25485da4cce0461fa749928cde446/execute/async - {"script":"<script> [776 bytes]","args":[{"enterText":"10 - infinite","selector":{"id":"application-manageresources-display-component---newResourceUnit--PLANNING_INDICATOR","interaction":{"idSuffix":"inner"}},"clearTextFirst":true,"interactionType":"ENTER_TEXT"}]}
RESULT: {"script":"<script> [776 bytes]","args":[{"enterText":"10 - infinite","selector":{"id":"application-manageresources-display-component---newResourceUnit--PLANNING_INDICATOR","interaction":{"idSuffix":"inner"}},"clearTextFirst":true,"interactionType":"ENTER_TEXT"}]}
RESULT: undefined
COMMAND: POST /session/80b25485da4cce0461fa749928cde446/element - {"using":"xpath","value":"//*[@id=\"application-manageresources-display-component---newResourceUnit--ITEM_TYPE-arrow\"]"}
RESULT: {"using":"xpath","value":"//*[@id=\"application-manageresources-display-component---newResourceUnit--ITEM_TYPE-arrow\"]"}
COMMAND: POST /session/80b25485da4cce0461fa749928cde446/element/f.499FA332C3249B1FB6786AFDCB682F30.d.6FEA89A0E788CE7F088974E7734BFE88.e.16563/click - {}
RESULT: {}
COMMAND: GET /session/80b25485da4cce0461fa749928cde446/screenshot - {}
RESULT: {}
COMMAND: POST /session/80b25485da4cce0461fa749928cde446/execute/async - {"script":"<script> [1562 bytes]","args":[{"selector":{"controlType":"sap.m.StandardListItem","viewName":"reusables.view.manageresources.NewResourceUnit","viewId":"application-manageresources-display-component---newResourceUnit","properties":{"title":"Pool Equipment"},"searchOpenDialogs":true,"interaction":{"idSuffix":"content"}},"wdio_ui5_key":"reusablesview.manageresources.NewResourceUnitsap.m.StandardListItem{\"title\":\"Pool Equipment\"}"}]}
RESULT: {"script":"<script> [1562 bytes]","args":[{"selector":{"controlType":"sap.m.StandardListItem","viewName":"reusables.view.manageresources.NewResourceUnit","viewId":"application-manageresources-display-component---newResourceUnit","properties":{"title":"Pool Equipment"},"searchOpenDialogs":true,"interaction":{"idSuffix":"content"}},"wdio_ui5_key":"reusablesview.manageresources.NewResourceUnitsap.m.StandardListItem{\"title\":\"Pool Equipment\"}"}]}
RESULT: undefined
COMMAND: POST /session/80b25485da4cce0461fa749928cde446/element - {"using":"xpath","value":"//*[@id=\"__item1391\"]"}
RESULT: {"using":"xpath","value":"//*[@id=\"__item1391\"]"}
COMMAND: POST /session/80b25485da4cce0461fa749928cde446/element/f.499FA332C3249B1FB6786AFDCB682F30.d.6FEA89A0E788CE7F088974E7734BFE88.e.16565/click - {}
RESULT: {}
COMMAND: GET /session/80b25485da4cce0461fa749928cde446/screenshot - {}
RESULT: {}
COMMAND: POST /session/80b25485da4cce0461fa749928cde446/element - {"using":"css selector","value":"#application-manageresources-display-component---newResourceUnit--btnAddTimeSegment"}
RESULT: {"using":"css selector","value":"#application-manageresources-display-component---newResourceUnit--btnAddTimeSegment"}
COMMAND: GET /session/80b25485da4cce0461fa749928cde446/element/f.499FA332C3249B1FB6786AFDCB682F30.d.6FEA89A0E788CE7F088974E7734BFE88.e.16627/rect - {}
RESULT: {}
COMMAND: GET /session/80b25485da4cce0461fa749928cde446/window/rect - {}
RESULT: {}
COMMAND: POST /session/80b25485da4cce0461fa749928cde446/execute/sync - {"script":"<script> [92 bytes]","args":[]}
RESULT: {"script":"<script> [92 bytes]","args":[]}
COMMAND: POST /session/80b25485da4cce0461fa749928cde446/actions - {"actions":[{"id":"action56","type":"wheel","parameters":{},"actions":[{"type":"scroll","x":-1888,"y":-32,"deltaX":0,"deltaY":0,"duration":0,"origin":{"element-6066-11e4-a52e-4f735466cecf":"f.499FA332C3249B1FB6786AFDCB682F30.d.6FEA89A0E788CE7F088974E7734BFE88.e.16627"}}]}]}
COMMAND: GET /session/80b25485da4cce0461fa749928cde446/screenshot - {}
RESULT: {}
COMMAND: POST /session/80b25485da4cce0461fa749928cde446/execute/sync - {"script":"<script> [79 bytes]","args":[{"element-6066-11e4-a52e-4f735466cecf":"f.499FA332C3249B1FB6786AFDCB682F30.d.6FEA89A0E788CE7F088974E7734BFE88.e.16627","ELEMENT":"f.499FA332C3249B1FB6786AFDCB682F30.d.6FEA89A0E788CE7F088974E7734BFE88.e.16627"},{"block":"start","inline":"nearest"}]}
RESULT: {"script":"<script> [79 bytes]","args":[{"element-6066-11e4-a52e-4f735466cecf":"f.499FA332C3249B1FB6786AFDCB682F30.d.6FEA89A0E788CE7F088974E7734BFE88.e.16627","ELEMENT":"f.499FA332C3249B1FB6786AFDCB682F30.d.6FEA89A0E788CE7F088974E7734BFE88.e.16627"},{"block":"start","inline":"nearest"}]}
RESULT: undefined
COMMAND: POST /session/80b25485da4cce0461fa749928cde446/element - {"using":"xpath","value":"//*[@id=\"application-manageresources-display-component---newResourceUnit--btnAddTimeSegment\"]"}
COMMAND: GET /session/80b25485da4cce0461fa749928cde446/screenshot - {}
RESULT: {"using":"xpath","value":"//*[@id=\"application-manageresources-display-component---newResourceUnit--btnAddTimeSegment\"]"}
COMMAND: POST /session/80b25485da4cce0461fa749928cde446/element/f.499FA332C3249B1FB6786AFDCB682F30.d.6FEA89A0E788CE7F088974E7734BFE88.e.16627/click - {}
RESULT: {}
RESULT: {}
COMMAND: GET /session/80b25485da4cce0461fa749928cde446/screenshot - {}
RESULT: {}
COMMAND: POST /session/80b25485da4cce0461fa749928cde446/element - {"using":"xpath","value":"//input[@id=\"application-manageresources-display-component---newResourceUnit--idRuTSAdmin-application-manageresources-display-component---newResourceUnit--RUTimeSegment-0-inner\"]"}
RESULT: {"using":"xpath","value":"//input[@id=\"application-manageresources-display-component---newResourceUnit--idRuTSAdmin-application-manageresources-display-component---newResourceUnit--RUTimeSegment-0-inner\"]"}
COMMAND: POST /session/80b25485da4cce0461fa749928cde446/element/f.499FA332C3249B1FB6786AFDCB682F30.d.6FEA89A0E788CE7F088974E7734BFE88.e.16632/clear - {}
RESULT: {}
COMMAND: POST /session/80b25485da4cce0461fa749928cde446/element/f.499FA332C3249B1FB6786AFDCB682F30.d.6FEA89A0E788CE7F088974E7734BFE88.e.16632/value - {"text":"552"}
COMMAND: GET /session/80b25485da4cce0461fa749928cde446/screenshot - {}
RESULT: {"text":"552"}
COMMAND: GET /session/80b25485da4cce0461fa749928cde446/screenshot - {}
RESULT: {}
RESULT: {}
COMMAND: POST /session/80b25485da4cce0461fa749928cde446/element - {"using":"xpath","value":"//li[.//span[text()='552']]"}
RESULT: {"using":"xpath","value":"//li[.//span[text()='552']]"}
COMMAND: POST /session/80b25485da4cce0461fa749928cde446/element/f.499FA332C3249B1FB6786AFDCB682F30.d.6FEA89A0E788CE7F088974E7734BFE88.e.16645/click - {}
RESULT: {}
COMMAND: GET /session/80b25485da4cce0461fa749928cde446/screenshot - {}
RESULT: {}
COMMAND: POST /session/80b25485da4cce0461fa749928cde446/element - {"using":"xpath","value":"(//span[contains(@id, \"-application-manageresources-display-component---newResourceUnit--RUTimeSegment-0-arrow\")])[5]"}
RESULT: {"using":"xpath","value":"(//span[contains(@id, \"-application-manageresources-display-component---newResourceUnit--RUTimeSegment-0-arrow\")])[5]"}
COMMAND: POST /session/80b25485da4cce0461fa749928cde446/element/f.499FA332C3249B1FB6786AFDCB682F30.d.6FEA89A0E788CE7F088974E7734BFE88.e.16646/click - {}
RESULT: {}
COMMAND: GET /session/80b25485da4cce0461fa749928cde446/screenshot - {}
RESULT: {}
COMMAND: POST /session/80b25485da4cce0461fa749928cde446/element - {"using":"xpath","value":"//span[contains(text(), \"PM Order\")]"}
RESULT: {"using":"xpath","value":"//span[contains(text(), \"PM Order\")]"}
COMMAND: POST /session/80b25485da4cce0461fa749928cde446/element/f.499FA332C3249B1FB6786AFDCB682F30.d.6FEA89A0E788CE7F088974E7734BFE88.e.16647/click - {}
RESULT: {}
COMMAND: GET /session/80b25485da4cce0461fa749928cde446/screenshot - {}
RESULT: {}
COMMAND: POST /session/80b25485da4cce0461fa749928cde446/element - {"using":"xpath","value":"(//span[contains(@id ,\"manageresources-display-component---newResourceUnit--RUTimeSegment-0-vhi\")])[1]"}
RESULT: {"using":"xpath","value":"(//span[contains(@id ,\"manageresources-display-component---newResourceUnit--RUTimeSegment-0-vhi\")])[1]"}
COMMAND: GET /session/80b25485da4cce0461fa749928cde446/element/f.499FA332C3249B1FB6786AFDCB682F30.d.6FEA89A0E788CE7F088974E7734BFE88.e.16651/rect - {}
RESULT: {}
COMMAND: GET /session/80b25485da4cce0461fa749928cde446/window/rect - {}
RESULT: {}
COMMAND: POST /session/80b25485da4cce0461fa749928cde446/execute/sync - {"script":"<script> [92 bytes]","args":[]}
RESULT: {"script":"<script> [92 bytes]","args":[]}
COMMAND: POST /session/80b25485da4cce0461fa749928cde446/actions - {"actions":[{"id":"action57","type":"wheel","parameters":{},"actions":[{"type":"scroll","x":-1888,"y":-24,"deltaX":0,"deltaY":0,"duration":0,"origin":{"element-6066-11e4-a52e-4f735466cecf":"f.499FA332C3249B1FB6786AFDCB682F30.d.6FEA89A0E788CE7F088974E7734BFE88.e.16651"}}]}]}
COMMAND: GET /session/80b25485da4cce0461fa749928cde446/screenshot - {}
RESULT: {}
COMMAND: POST /session/80b25485da4cce0461fa749928cde446/execute/sync - {"script":"<script> [79 bytes]","args":[{"element-6066-11e4-a52e-4f735466cecf":"f.499FA332C3249B1FB6786AFDCB682F30.d.6FEA89A0E788CE7F088974E7734BFE88.e.16651","ELEMENT":"f.499FA332C3249B1FB6786AFDCB682F30.d.6FEA89A0E788CE7F088974E7734BFE88.e.16651"},{"block":"start","inline":"nearest"}]}
RESULT: {"script":"<script> [79 bytes]","args":[{"element-6066-11e4-a52e-4f735466cecf":"f.499FA332C3249B1FB6786AFDCB682F30.d.6FEA89A0E788CE7F088974E7734BFE88.e.16651","ELEMENT":"f.499FA332C3249B1FB6786AFDCB682F30.d.6FEA89A0E788CE7F088974E7734BFE88.e.16651"},{"block":"start","inline":"nearest"}]}
COMMAND: GET /session/80b25485da4cce0461fa749928cde446/screenshot - {}
RESULT: {}
COMMAND: POST /session/80b25485da4cce0461fa749928cde446/element/f.499FA332C3249B1FB6786AFDCB682F30.d.6FEA89A0E788CE7F088974E7734BFE88.e.16651/click - {}
RESULT: {}
COMMAND: GET /session/80b25485da4cce0461fa749928cde446/screenshot - {}
RESULT: {}
RESULT: undefined
COMMAND: POST /session/80b25485da4cce0461fa749928cde446/execute/async - {"script":"<script> [776 bytes]","args":[{"enterText":"4000360","selector":{"controlType":"sap.m.SearchField","properties":{"placeholder":"Search"},"searchOpenDialogs":true,"interaction":{"idSuffix":"I"}},"clearTextFirst":true,"interactionType":"ENTER_TEXT"}]}
RESULT: {"script":"<script> [776 bytes]","args":[{"enterText":"4000360","selector":{"controlType":"sap.m.SearchField","properties":{"placeholder":"Search"},"searchOpenDialogs":true,"interaction":{"idSuffix":"I"}},"clearTextFirst":true,"interactionType":"ENTER_TEXT"}]}
COMMAND: POST /session/80b25485da4cce0461fa749928cde446/actions - {"actions":[{"id":"action58","type":"key","parameters":{},"actions":[{"type":"keyDown","value":""},{"type":"pause","duration":10},{"type":"keyUp","value":""}]}]}
RESULT: {"actions":[{"id":"action58","type":"key","parameters":{},"actions":[{"type":"keyDown","value":""},{"type":"pause","duration":10},{"type":"keyUp","value":""}]}]}
COMMAND: GET /session/80b25485da4cce0461fa749928cde446/screenshot - {}
RESULT: {}
COMMAND: POST /session/80b25485da4cce0461fa749928cde446/element - {"using":"xpath","value":"//td/div/span[contains(text(), \"BGL Vehicles\")]"}
RESULT: {"using":"xpath","value":"//td/div/span[contains(text(), \"BGL Vehicles\")]"}
COMMAND: POST /session/80b25485da4cce0461fa749928cde446/element/f.499FA332C3249B1FB6786AFDCB682F30.d.6FEA89A0E788CE7F088974E7734BFE88.e.16671/click - {}
RESULT: {}
COMMAND: GET /session/80b25485da4cce0461fa749928cde446/screenshot - {}
RESULT: {}
COMMAND: POST /session/80b25485da4cce0461fa749928cde446/element - {"using":"xpath","value":"//bdi[contains(text(), \"OK\")]"}
RESULT: {"using":"xpath","value":"//bdi[contains(text(), \"OK\")]"}
COMMAND: POST /session/80b25485da4cce0461fa749928cde446/element/f.499FA332C3249B1FB6786AFDCB682F30.d.6FEA89A0E788CE7F088974E7734BFE88.e.16672/click - {}
RESULT: {}
COMMAND: GET /session/80b25485da4cce0461fa749928cde446/screenshot - {}
RESULT: {}
COMMAND: POST /session/80b25485da4cce0461fa749928cde446/element - {"using":"xpath","value":"//label[contains(@class, 'sapMLabelRequired') and .//bdi[contains(text(), 'Planned Retirement')]]"}
RESULT: {"using":"xpath","value":"//label[contains(@class, 'sapMLabelRequired') and .//bdi[contains(text(), 'Planned Retirement')]]"}
COMMAND: POST /session/80b25485da4cce0461fa749928cde446/elements - {"using":"xpath","value":"//label[contains(@class, 'sapMLabelRequired') and .//bdi[contains(text(), 'Planned Retirement')]]"}
RESULT: {"using":"xpath","value":"//label[contains(@class, 'sapMLabelRequired') and .//bdi[contains(text(), 'Planned Retirement')]]"}
COMMAND: POST /session/80b25485da4cce0461fa749928cde446/element - {"using":"xpath","value":"//button[@data-kt=\"resourceUnitSaveButton\"]"}
RESULT: {"using":"xpath","value":"//button[@data-kt=\"resourceUnitSaveButton\"]"}
COMMAND: POST /session/80b25485da4cce0461fa749928cde446/element/f.499FA332C3249B1FB6786AFDCB682F30.d.6FEA89A0E788CE7F088974E7734BFE88.e.16444/click - {}
RESULT: {}
COMMAND: GET /session/80b25485da4cce0461fa749928cde446/screenshot - {}
RESULT: {}
COMMAND: POST /session/80b25485da4cce0461fa749928cde446/element - {"using":"xpath","value":"//bdi[contains(text(), \"Close\")]"}
RESULT: {"using":"xpath","value":"//bdi[contains(text(), \"Close\")]"}
COMMAND: POST /session/80b25485da4cce0461fa749928cde446/element/f.499FA332C3249B1FB6786AFDCB682F30.d.6FEA89A0E788CE7F088974E7734BFE88.e.16679/click - {}
RESULT: {}
COMMAND: GET /session/80b25485da4cce0461fa749928cde446/screenshot - {}
RESULT: {}
COMMAND: POST /session/80b25485da4cce0461fa749928cde446/element - {"using":"xpath","value":"//header[contains(@id, 'detailRruPage-headerTitle')]/div[1]/div[2]/div[2]/span[1]"}
RESULT: {"using":"xpath","value":"//header[contains(@id, 'detailRruPage-headerTitle')]/div[1]/div[2]/div[2]/span[1]"}
COMMAND: POST /session/80b25485da4cce0461fa749928cde446/elements - {"using":"xpath","value":"//header[contains(@id, 'detailRruPage-headerTitle')]/div[1]/div[2]/div[2]/span[1]"}
RESULT: {"using":"xpath","value":"//header[contains(@id, 'detailRruPage-headerTitle')]/div[1]/div[2]/div[2]/span[1]"}
COMMAND: POST /session/80b25485da4cce0461fa749928cde446/execute/sync - {"script":"<script> [56 bytes]","args":[{"element-6066-11e4-a52e-4f735466cecf":"f.499FA332C3249B1FB6786AFDCB682F30.d.6FEA89A0E788CE7F088974E7734BFE88.e.16701","ELEMENT":"f.499FA332C3249B1FB6786AFDCB682F30.d.6FEA89A0E788CE7F088974E7734BFE88.e.16701"}]}
RESULT: {"script":"<script> [56 bytes]","args":[{"element-6066-11e4-a52e-4f735466cecf":"f.499FA332C3249B1FB6786AFDCB682F30.d.6FEA89A0E788CE7F088974E7734BFE88.e.16701","ELEMENT":"f.499FA332C3249B1FB6786AFDCB682F30.d.6FEA89A0E788CE7F088974E7734BFE88.e.16701"}]}
COMMAND: POST /session/80b25485da4cce0461fa749928cde446/element - {"using":"css selector","value":"#shell-header-logo"}
COMMAND: GET /session/80b25485da4cce0461fa749928cde446/screenshot - {}
RESULT: {"using":"css selector","value":"#shell-header-logo"}
COMMAND: POST /session/80b25485da4cce0461fa749928cde446/element/f.499FA332C3249B1FB6786AFDCB682F30.d.6FEA89A0E788CE7F088974E7734BFE88.e.16026/click - {}
RESULT: {}
RESULT: {}
COMMAND: GET /session/80b25485da4cce0461fa749928cde446/screenshot - {}
RESULT: {}
]]></system-out>
    </testcase>
    <testcase classname="chrome.136_0_7103_93.windows.Transfer_Yard_to_Yard_US131076" name="Should do a stock increase handover for equipment" time="89.865">
      <failure/>
      <error message="Can't call click on element with selector &quot;//li[.//span[contains(text(),'552 -')]]&quot; because element wasn't found"/>
      <system-out><![CDATA[
COMMAND: POST /session/80b25485da4cce0461fa749928cde446/execute/async - {"script":"<script> [1562 bytes]","args":[{"selector":{"controlType":"sap.m.GenericTile","properties":{"header":"Manage Handovers"}},"wdio_ui5_key":"sapm.GenericTile{\"header\":\"Manage Handovers\"}"}]}
RESULT: {"script":"<script> [1562 bytes]","args":[{"selector":{"controlType":"sap.m.GenericTile","properties":{"header":"Manage Handovers"}},"wdio_ui5_key":"sapm.GenericTile{\"header\":\"Manage Handovers\"}"}]}
RESULT: undefined
COMMAND: POST /session/80b25485da4cce0461fa749928cde446/element - {"using":"xpath","value":"//*[@id=\"__tile132\"]"}
RESULT: {"using":"xpath","value":"//*[@id=\"__tile132\"]"}
COMMAND: POST /session/80b25485da4cce0461fa749928cde446/element/f.499FA332C3249B1FB6786AFDCB682F30.d.6FEA89A0E788CE7F088974E7734BFE88.e.14533/click - {}
RESULT: {}
COMMAND: GET /session/80b25485da4cce0461fa749928cde446/screenshot - {}
RESULT: {}
COMMAND: POST /session/80b25485da4cce0461fa749928cde446/elements - {"using":"xpath","value":"//span[text()='Error']"}
RESULT: {"using":"xpath","value":"//span[text()='Error']"}
COMMAND: POST /session/80b25485da4cce0461fa749928cde446/element - {"using":"xpath","value":"//button[@data-kt=\"masterHOAddButton\"]"}
RESULT: {"using":"xpath","value":"//button[@data-kt=\"masterHOAddButton\"]"}
COMMAND: POST /session/80b25485da4cce0461fa749928cde446/elements - {"using":"xpath","value":"//button[@data-kt=\"masterHOAddButton\"]"}
RESULT: {"using":"xpath","value":"//button[@data-kt=\"masterHOAddButton\"]"}
COMMAND: POST /session/80b25485da4cce0461fa749928cde446/execute/sync - {"script":"<script> [8489 bytes]","args":[{"element-6066-11e4-a52e-4f735466cecf":"f.499FA332C3249B1FB6786AFDCB682F30.d.6FEA89A0E788CE7F088974E7734BFE88.e.16735","ELEMENT":"f.499FA332C3249B1FB6786AFDCB682F30.d.6FEA89A0E788CE7F088974E7734BFE88.e.16735"}]}
RESULT: {"script":"<script> [8489 bytes]","args":[{"element-6066-11e4-a52e-4f735466cecf":"f.499FA332C3249B1FB6786AFDCB682F30.d.6FEA89A0E788CE7F088974E7734BFE88.e.16735","ELEMENT":"f.499FA332C3249B1FB6786AFDCB682F30.d.6FEA89A0E788CE7F088974E7734BFE88.e.16735"}]}
COMMAND: GET /session/80b25485da4cce0461fa749928cde446/element/f.499FA332C3249B1FB6786AFDCB682F30.d.6FEA89A0E788CE7F088974E7734BFE88.e.16735/enabled - {}
COMMAND: GET /session/80b25485da4cce0461fa749928cde446/screenshot - {}
RESULT: {}
COMMAND: POST /session/80b25485da4cce0461fa749928cde446/execute/sync - {"script":"<script> [8489 bytes]","args":[{"element-6066-11e4-a52e-4f735466cecf":"f.499FA332C3249B1FB6786AFDCB682F30.d.6FEA89A0E788CE7F088974E7734BFE88.e.16735","ELEMENT":"f.499FA332C3249B1FB6786AFDCB682F30.d.6FEA89A0E788CE7F088974E7734BFE88.e.16735"}]}
COMMAND: GET /session/80b25485da4cce0461fa749928cde446/screenshot - {}
RESULT: {}
RESULT: {"script":"<script> [8489 bytes]","args":[{"element-6066-11e4-a52e-4f735466cecf":"f.499FA332C3249B1FB6786AFDCB682F30.d.6FEA89A0E788CE7F088974E7734BFE88.e.16735","ELEMENT":"f.499FA332C3249B1FB6786AFDCB682F30.d.6FEA89A0E788CE7F088974E7734BFE88.e.16735"}]}
COMMAND: POST /session/80b25485da4cce0461fa749928cde446/execute/sync - {"script":"<script> [5351 bytes]","args":[{"element-6066-11e4-a52e-4f735466cecf":"f.499FA332C3249B1FB6786AFDCB682F30.d.6FEA89A0E788CE7F088974E7734BFE88.e.16735","ELEMENT":"f.499FA332C3249B1FB6786AFDCB682F30.d.6FEA89A0E788CE7F088974E7734BFE88.e.16735"}]}
COMMAND: GET /session/80b25485da4cce0461fa749928cde446/screenshot - {}
RESULT: {}
RESULT: {"script":"<script> [5351 bytes]","args":[{"element-6066-11e4-a52e-4f735466cecf":"f.499FA332C3249B1FB6786AFDCB682F30.d.6FEA89A0E788CE7F088974E7734BFE88.e.16735","ELEMENT":"f.499FA332C3249B1FB6786AFDCB682F30.d.6FEA89A0E788CE7F088974E7734BFE88.e.16735"}]}
COMMAND: POST /session/80b25485da4cce0461fa749928cde446/element/f.499FA332C3249B1FB6786AFDCB682F30.d.6FEA89A0E788CE7F088974E7734BFE88.e.16735/click - {}
COMMAND: GET /session/80b25485da4cce0461fa749928cde446/screenshot - {}
RESULT: {}
RESULT: {}
COMMAND: GET /session/80b25485da4cce0461fa749928cde446/screenshot - {}
RESULT: {}
COMMAND: POST /session/80b25485da4cce0461fa749928cde446/element - {"using":"xpath","value":"//span[contains(@id ,\"AddNewHO--typeSelect-arrow\")]"}
RESULT: {}
RESULT: {"using":"xpath","value":"//span[contains(@id ,\"AddNewHO--typeSelect-arrow\")]"}
COMMAND: POST /session/80b25485da4cce0461fa749928cde446/element/f.499FA332C3249B1FB6786AFDCB682F30.d.6FEA89A0E788CE7F088974E7734BFE88.e.17100/click - {}
RESULT: {}
COMMAND: GET /session/80b25485da4cce0461fa749928cde446/screenshot - {}
RESULT: {}
COMMAND: POST /session/80b25485da4cce0461fa749928cde446/element - {"using":"xpath","value":"(//li[contains(text(), \"stock increase yard\")])[1]"}
RESULT: {"using":"xpath","value":"(//li[contains(text(), \"stock increase yard\")])[1]"}
COMMAND: POST /session/80b25485da4cce0461fa749928cde446/element/f.499FA332C3249B1FB6786AFDCB682F30.d.6FEA89A0E788CE7F088974E7734BFE88.e.17101/click - {}
RESULT: {}
COMMAND: GET /session/80b25485da4cce0461fa749928cde446/screenshot - {}
RESULT: {}
COMMAND: POST /session/80b25485da4cce0461fa749928cde446/execute/async - {"script":"<script> [1562 bytes]","args":[{"selector":{"id":"application-managehandovers-display-component---AddNewHO--dueDate","interaction":{"idSuffix":"inner"}},"wdio_ui5_key":"applicationmanagehandovers-display-component---AddNewHO--dueDate"}]}
RESULT: {"script":"<script> [1562 bytes]","args":[{"selector":{"id":"application-managehandovers-display-component---AddNewHO--dueDate","interaction":{"idSuffix":"inner"}},"wdio_ui5_key":"applicationmanagehandovers-display-component---AddNewHO--dueDate"}]}
RESULT: undefined
COMMAND: POST /session/80b25485da4cce0461fa749928cde446/execute/async - {"script":"<script> [6424 bytes]","args":[{"element-6066-11e4-a52e-4f735466cecf":"f.499FA332C3249B1FB6786AFDCB682F30.d.6FEA89A0E788CE7F088974E7734BFE88.e.17103"},"setValue",["6/1/25"]]}
RESULT: {"script":"<script> [6424 bytes]","args":[{"element-6066-11e4-a52e-4f735466cecf":"f.499FA332C3249B1FB6786AFDCB682F30.d.6FEA89A0E788CE7F088974E7734BFE88.e.17103"},"setValue",["6/1/25"]]}
COMMAND: POST /session/80b25485da4cce0461fa749928cde446/element - {"using":"xpath","value":"//input[@id=\"generalSectionFrg--receiveYard-inner\"]"}
RESULT: {"using":"xpath","value":"//input[@id=\"generalSectionFrg--receiveYard-inner\"]"}
COMMAND: POST /session/80b25485da4cce0461fa749928cde446/element/f.499FA332C3249B1FB6786AFDCB682F30.d.6FEA89A0E788CE7F088974E7734BFE88.e.17109/clear - {}
RESULT: {}
COMMAND: POST /session/80b25485da4cce0461fa749928cde446/element/f.499FA332C3249B1FB6786AFDCB682F30.d.6FEA89A0E788CE7F088974E7734BFE88.e.17109/value - {"text":"552"}
COMMAND: GET /session/80b25485da4cce0461fa749928cde446/screenshot - {}
RESULT: {"text":"552"}
COMMAND: GET /session/80b25485da4cce0461fa749928cde446/screenshot - {}
RESULT: {}
RESULT: {}
COMMAND: POST /session/80b25485da4cce0461fa749928cde446/element - {"using":"xpath","value":"//li[.//span[contains(text(),'552 -')]]"}
RESULT: {"using":"xpath","value":"//li[.//span[contains(text(),'552 -')]]"}
COMMAND: POST /session/80b25485da4cce0461fa749928cde446/elements - {"using":"xpath","value":"//li[.//span[contains(text(),'552 -')]]"}
RESULT: {"using":"xpath","value":"//li[.//span[contains(text(),'552 -')]]"}
COMMAND: POST /session/80b25485da4cce0461fa749928cde446/elements - {"using":"xpath","value":"//li[.//span[contains(text(),'552 -')]]"}
RESULT: {"using":"xpath","value":"//li[.//span[contains(text(),'552 -')]]"}
COMMAND: POST /session/80b25485da4cce0461fa749928cde446/elements - {"using":"xpath","value":"//li[.//span[contains(text(),'552 -')]]"}
RESULT: {"using":"xpath","value":"//li[.//span[contains(text(),'552 -')]]"}
COMMAND: POST /session/80b25485da4cce0461fa749928cde446/elements - {"using":"xpath","value":"//li[.//span[contains(text(),'552 -')]]"}
RESULT: {"using":"xpath","value":"//li[.//span[contains(text(),'552 -')]]"}
COMMAND: POST /session/80b25485da4cce0461fa749928cde446/elements - {"using":"xpath","value":"//li[.//span[contains(text(),'552 -')]]"}
RESULT: {"using":"xpath","value":"//li[.//span[contains(text(),'552 -')]]"}
COMMAND: POST /session/80b25485da4cce0461fa749928cde446/elements - {"using":"xpath","value":"//li[.//span[contains(text(),'552 -')]]"}
RESULT: {"using":"xpath","value":"//li[.//span[contains(text(),'552 -')]]"}
COMMAND: POST /session/80b25485da4cce0461fa749928cde446/elements - {"using":"xpath","value":"//li[.//span[contains(text(),'552 -')]]"}
RESULT: {"using":"xpath","value":"//li[.//span[contains(text(),'552 -')]]"}
COMMAND: POST /session/80b25485da4cce0461fa749928cde446/elements - {"using":"xpath","value":"//li[.//span[contains(text(),'552 -')]]"}
RESULT: {"using":"xpath","value":"//li[.//span[contains(text(),'552 -')]]"}
COMMAND: POST /session/80b25485da4cce0461fa749928cde446/elements - {"using":"xpath","value":"//li[.//span[contains(text(),'552 -')]]"}
RESULT: {"using":"xpath","value":"//li[.//span[contains(text(),'552 -')]]"}
COMMAND: POST /session/80b25485da4cce0461fa749928cde446/elements - {"using":"xpath","value":"//li[.//span[contains(text(),'552 -')]]"}
RESULT: {"using":"xpath","value":"//li[.//span[contains(text(),'552 -')]]"}
COMMAND: POST /session/80b25485da4cce0461fa749928cde446/elements - {"using":"xpath","value":"//li[.//span[contains(text(),'552 -')]]"}
RESULT: {"using":"xpath","value":"//li[.//span[contains(text(),'552 -')]]"}
COMMAND: POST /session/80b25485da4cce0461fa749928cde446/elements - {"using":"xpath","value":"//li[.//span[contains(text(),'552 -')]]"}
RESULT: {"using":"xpath","value":"//li[.//span[contains(text(),'552 -')]]"}
COMMAND: POST /session/80b25485da4cce0461fa749928cde446/elements - {"using":"xpath","value":"//li[.//span[contains(text(),'552 -')]]"}
RESULT: {"using":"xpath","value":"//li[.//span[contains(text(),'552 -')]]"}
COMMAND: POST /session/80b25485da4cce0461fa749928cde446/elements - {"using":"xpath","value":"//li[.//span[contains(text(),'552 -')]]"}
RESULT: {"using":"xpath","value":"//li[.//span[contains(text(),'552 -')]]"}
COMMAND: POST /session/80b25485da4cce0461fa749928cde446/elements - {"using":"xpath","value":"//li[.//span[contains(text(),'552 -')]]"}
RESULT: {"using":"xpath","value":"//li[.//span[contains(text(),'552 -')]]"}
COMMAND: POST /session/80b25485da4cce0461fa749928cde446/elements - {"using":"xpath","value":"//li[.//span[contains(text(),'552 -')]]"}
RESULT: {"using":"xpath","value":"//li[.//span[contains(text(),'552 -')]]"}
COMMAND: POST /session/80b25485da4cce0461fa749928cde446/elements - {"using":"xpath","value":"//li[.//span[contains(text(),'552 -')]]"}
RESULT: {"using":"xpath","value":"//li[.//span[contains(text(),'552 -')]]"}
COMMAND: POST /session/80b25485da4cce0461fa749928cde446/elements - {"using":"xpath","value":"//li[.//span[contains(text(),'552 -')]]"}
RESULT: {"using":"xpath","value":"//li[.//span[contains(text(),'552 -')]]"}
COMMAND: POST /session/80b25485da4cce0461fa749928cde446/elements - {"using":"xpath","value":"//li[.//span[contains(text(),'552 -')]]"}
RESULT: {"using":"xpath","value":"//li[.//span[contains(text(),'552 -')]]"}
COMMAND: POST /session/80b25485da4cce0461fa749928cde446/elements - {"using":"xpath","value":"//li[.//span[contains(text(),'552 -')]]"}
RESULT: {"using":"xpath","value":"//li[.//span[contains(text(),'552 -')]]"}
COMMAND: POST /session/80b25485da4cce0461fa749928cde446/elements - {"using":"xpath","value":"//li[.//span[contains(text(),'552 -')]]"}
RESULT: {"using":"xpath","value":"//li[.//span[contains(text(),'552 -')]]"}
COMMAND: POST /session/80b25485da4cce0461fa749928cde446/elements - {"using":"xpath","value":"//li[.//span[contains(text(),'552 -')]]"}
RESULT: {"using":"xpath","value":"//li[.//span[contains(text(),'552 -')]]"}
COMMAND: POST /session/80b25485da4cce0461fa749928cde446/elements - {"using":"xpath","value":"//li[.//span[contains(text(),'552 -')]]"}
RESULT: {"using":"xpath","value":"//li[.//span[contains(text(),'552 -')]]"}
COMMAND: POST /session/80b25485da4cce0461fa749928cde446/elements - {"using":"xpath","value":"//li[.//span[contains(text(),'552 -')]]"}
RESULT: {"using":"xpath","value":"//li[.//span[contains(text(),'552 -')]]"}
COMMAND: POST /session/80b25485da4cce0461fa749928cde446/elements - {"using":"xpath","value":"//li[.//span[contains(text(),'552 -')]]"}
RESULT: {"using":"xpath","value":"//li[.//span[contains(text(),'552 -')]]"}
COMMAND: POST /session/80b25485da4cce0461fa749928cde446/elements - {"using":"xpath","value":"//li[.//span[contains(text(),'552 -')]]"}
RESULT: {"using":"xpath","value":"//li[.//span[contains(text(),'552 -')]]"}
COMMAND: POST /session/80b25485da4cce0461fa749928cde446/elements - {"using":"xpath","value":"//li[.//span[contains(text(),'552 -')]]"}
RESULT: {"using":"xpath","value":"//li[.//span[contains(text(),'552 -')]]"}
COMMAND: POST /session/80b25485da4cce0461fa749928cde446/elements - {"using":"xpath","value":"//li[.//span[contains(text(),'552 -')]]"}
RESULT: {"using":"xpath","value":"//li[.//span[contains(text(),'552 -')]]"}
COMMAND: POST /session/80b25485da4cce0461fa749928cde446/elements - {"using":"xpath","value":"//li[.//span[contains(text(),'552 -')]]"}
RESULT: {"using":"xpath","value":"//li[.//span[contains(text(),'552 -')]]"}
COMMAND: POST /session/80b25485da4cce0461fa749928cde446/elements - {"using":"xpath","value":"//li[.//span[contains(text(),'552 -')]]"}
RESULT: {"using":"xpath","value":"//li[.//span[contains(text(),'552 -')]]"}
COMMAND: POST /session/80b25485da4cce0461fa749928cde446/elements - {"using":"xpath","value":"//li[.//span[contains(text(),'552 -')]]"}
RESULT: {"using":"xpath","value":"//li[.//span[contains(text(),'552 -')]]"}
COMMAND: POST /session/80b25485da4cce0461fa749928cde446/elements - {"using":"xpath","value":"//li[.//span[contains(text(),'552 -')]]"}
RESULT: {"using":"xpath","value":"//li[.//span[contains(text(),'552 -')]]"}
COMMAND: POST /session/80b25485da4cce0461fa749928cde446/elements - {"using":"xpath","value":"//li[.//span[contains(text(),'552 -')]]"}
RESULT: {"using":"xpath","value":"//li[.//span[contains(text(),'552 -')]]"}
COMMAND: POST /session/80b25485da4cce0461fa749928cde446/elements - {"using":"xpath","value":"//li[.//span[contains(text(),'552 -')]]"}
RESULT: {"using":"xpath","value":"//li[.//span[contains(text(),'552 -')]]"}
COMMAND: POST /session/80b25485da4cce0461fa749928cde446/elements - {"using":"xpath","value":"//li[.//span[contains(text(),'552 -')]]"}
RESULT: {"using":"xpath","value":"//li[.//span[contains(text(),'552 -')]]"}
COMMAND: POST /session/80b25485da4cce0461fa749928cde446/elements - {"using":"xpath","value":"//li[.//span[contains(text(),'552 -')]]"}
RESULT: {"using":"xpath","value":"//li[.//span[contains(text(),'552 -')]]"}
COMMAND: POST /session/80b25485da4cce0461fa749928cde446/elements - {"using":"xpath","value":"//li[.//span[contains(text(),'552 -')]]"}
RESULT: {"using":"xpath","value":"//li[.//span[contains(text(),'552 -')]]"}
COMMAND: POST /session/80b25485da4cce0461fa749928cde446/elements - {"using":"xpath","value":"//li[.//span[contains(text(),'552 -')]]"}
RESULT: {"using":"xpath","value":"//li[.//span[contains(text(),'552 -')]]"}
COMMAND: POST /session/80b25485da4cce0461fa749928cde446/elements - {"using":"xpath","value":"//li[.//span[contains(text(),'552 -')]]"}
RESULT: {"using":"xpath","value":"//li[.//span[contains(text(),'552 -')]]"}
COMMAND: POST /session/80b25485da4cce0461fa749928cde446/elements - {"using":"xpath","value":"//li[.//span[contains(text(),'552 -')]]"}
RESULT: {"using":"xpath","value":"//li[.//span[contains(text(),'552 -')]]"}
COMMAND: POST /session/80b25485da4cce0461fa749928cde446/elements - {"using":"xpath","value":"//li[.//span[contains(text(),'552 -')]]"}
RESULT: {"using":"xpath","value":"//li[.//span[contains(text(),'552 -')]]"}
COMMAND: POST /session/80b25485da4cce0461fa749928cde446/elements - {"using":"xpath","value":"//li[.//span[contains(text(),'552 -')]]"}
RESULT: {"using":"xpath","value":"//li[.//span[contains(text(),'552 -')]]"}
COMMAND: POST /session/80b25485da4cce0461fa749928cde446/elements - {"using":"xpath","value":"//li[.//span[contains(text(),'552 -')]]"}
RESULT: {"using":"xpath","value":"//li[.//span[contains(text(),'552 -')]]"}
COMMAND: POST /session/80b25485da4cce0461fa749928cde446/elements - {"using":"xpath","value":"//li[.//span[contains(text(),'552 -')]]"}
RESULT: {"using":"xpath","value":"//li[.//span[contains(text(),'552 -')]]"}
COMMAND: POST /session/80b25485da4cce0461fa749928cde446/elements - {"using":"xpath","value":"//li[.//span[contains(text(),'552 -')]]"}
RESULT: {"using":"xpath","value":"//li[.//span[contains(text(),'552 -')]]"}
COMMAND: POST /session/80b25485da4cce0461fa749928cde446/elements - {"using":"xpath","value":"//li[.//span[contains(text(),'552 -')]]"}
RESULT: {"using":"xpath","value":"//li[.//span[contains(text(),'552 -')]]"}
COMMAND: POST /session/80b25485da4cce0461fa749928cde446/elements - {"using":"xpath","value":"//li[.//span[contains(text(),'552 -')]]"}
RESULT: {"using":"xpath","value":"//li[.//span[contains(text(),'552 -')]]"}
COMMAND: POST /session/80b25485da4cce0461fa749928cde446/elements - {"using":"xpath","value":"//li[.//span[contains(text(),'552 -')]]"}
RESULT: {"using":"xpath","value":"//li[.//span[contains(text(),'552 -')]]"}
COMMAND: POST /session/80b25485da4cce0461fa749928cde446/elements - {"using":"xpath","value":"//li[.//span[contains(text(),'552 -')]]"}
RESULT: {"using":"xpath","value":"//li[.//span[contains(text(),'552 -')]]"}
COMMAND: POST /session/80b25485da4cce0461fa749928cde446/elements - {"using":"xpath","value":"//li[.//span[contains(text(),'552 -')]]"}
RESULT: {"using":"xpath","value":"//li[.//span[contains(text(),'552 -')]]"}
COMMAND: POST /session/80b25485da4cce0461fa749928cde446/elements - {"using":"xpath","value":"//li[.//span[contains(text(),'552 -')]]"}
RESULT: {"using":"xpath","value":"//li[.//span[contains(text(),'552 -')]]"}
COMMAND: POST /session/80b25485da4cce0461fa749928cde446/elements - {"using":"xpath","value":"//li[.//span[contains(text(),'552 -')]]"}
RESULT: {"using":"xpath","value":"//li[.//span[contains(text(),'552 -')]]"}
COMMAND: POST /session/80b25485da4cce0461fa749928cde446/elements - {"using":"xpath","value":"//li[.//span[contains(text(),'552 -')]]"}
RESULT: {"using":"xpath","value":"//li[.//span[contains(text(),'552 -')]]"}
COMMAND: POST /session/80b25485da4cce0461fa749928cde446/elements - {"using":"xpath","value":"//li[.//span[contains(text(),'552 -')]]"}
RESULT: {"using":"xpath","value":"//li[.//span[contains(text(),'552 -')]]"}
COMMAND: POST /session/80b25485da4cce0461fa749928cde446/elements - {"using":"xpath","value":"//li[.//span[contains(text(),'552 -')]]"}
RESULT: {"using":"xpath","value":"//li[.//span[contains(text(),'552 -')]]"}
COMMAND: POST /session/80b25485da4cce0461fa749928cde446/elements - {"using":"xpath","value":"//li[.//span[contains(text(),'552 -')]]"}
RESULT: {"using":"xpath","value":"//li[.//span[contains(text(),'552 -')]]"}
COMMAND: POST /session/80b25485da4cce0461fa749928cde446/elements - {"using":"xpath","value":"//li[.//span[contains(text(),'552 -')]]"}
RESULT: {"using":"xpath","value":"//li[.//span[contains(text(),'552 -')]]"}
COMMAND: POST /session/80b25485da4cce0461fa749928cde446/elements - {"using":"xpath","value":"//li[.//span[contains(text(),'552 -')]]"}
RESULT: {"using":"xpath","value":"//li[.//span[contains(text(),'552 -')]]"}
COMMAND: POST /session/80b25485da4cce0461fa749928cde446/elements - {"using":"xpath","value":"//li[.//span[contains(text(),'552 -')]]"}
RESULT: {"using":"xpath","value":"//li[.//span[contains(text(),'552 -')]]"}
COMMAND: POST /session/80b25485da4cce0461fa749928cde446/elements - {"using":"xpath","value":"//li[.//span[contains(text(),'552 -')]]"}
RESULT: {"using":"xpath","value":"//li[.//span[contains(text(),'552 -')]]"}
COMMAND: POST /session/80b25485da4cce0461fa749928cde446/elements - {"using":"xpath","value":"//li[.//span[contains(text(),'552 -')]]"}
RESULT: {"using":"xpath","value":"//li[.//span[contains(text(),'552 -')]]"}
COMMAND: POST /session/80b25485da4cce0461fa749928cde446/elements - {"using":"xpath","value":"//li[.//span[contains(text(),'552 -')]]"}
RESULT: {"using":"xpath","value":"//li[.//span[contains(text(),'552 -')]]"}
COMMAND: POST /session/80b25485da4cce0461fa749928cde446/elements - {"using":"xpath","value":"//li[.//span[contains(text(),'552 -')]]"}
RESULT: {"using":"xpath","value":"//li[.//span[contains(text(),'552 -')]]"}
COMMAND: POST /session/80b25485da4cce0461fa749928cde446/elements - {"using":"xpath","value":"//li[.//span[contains(text(),'552 -')]]"}
RESULT: {"using":"xpath","value":"//li[.//span[contains(text(),'552 -')]]"}
COMMAND: POST /session/80b25485da4cce0461fa749928cde446/elements - {"using":"xpath","value":"//li[.//span[contains(text(),'552 -')]]"}
RESULT: {"using":"xpath","value":"//li[.//span[contains(text(),'552 -')]]"}
COMMAND: POST /session/80b25485da4cce0461fa749928cde446/elements - {"using":"xpath","value":"//li[.//span[contains(text(),'552 -')]]"}
RESULT: {"using":"xpath","value":"//li[.//span[contains(text(),'552 -')]]"}
COMMAND: POST /session/80b25485da4cce0461fa749928cde446/elements - {"using":"xpath","value":"//li[.//span[contains(text(),'552 -')]]"}
RESULT: {"using":"xpath","value":"//li[.//span[contains(text(),'552 -')]]"}
COMMAND: POST /session/80b25485da4cce0461fa749928cde446/elements - {"using":"xpath","value":"//li[.//span[contains(text(),'552 -')]]"}
RESULT: {"using":"xpath","value":"//li[.//span[contains(text(),'552 -')]]"}
COMMAND: POST /session/80b25485da4cce0461fa749928cde446/elements - {"using":"xpath","value":"//li[.//span[contains(text(),'552 -')]]"}
RESULT: {"using":"xpath","value":"//li[.//span[contains(text(),'552 -')]]"}
COMMAND: POST /session/80b25485da4cce0461fa749928cde446/elements - {"using":"xpath","value":"//li[.//span[contains(text(),'552 -')]]"}
RESULT: {"using":"xpath","value":"//li[.//span[contains(text(),'552 -')]]"}
COMMAND: POST /session/80b25485da4cce0461fa749928cde446/elements - {"using":"xpath","value":"//li[.//span[contains(text(),'552 -')]]"}
RESULT: {"using":"xpath","value":"//li[.//span[contains(text(),'552 -')]]"}
COMMAND: POST /session/80b25485da4cce0461fa749928cde446/elements - {"using":"xpath","value":"//li[.//span[contains(text(),'552 -')]]"}
RESULT: {"using":"xpath","value":"//li[.//span[contains(text(),'552 -')]]"}
COMMAND: POST /session/80b25485da4cce0461fa749928cde446/elements - {"using":"xpath","value":"//li[.//span[contains(text(),'552 -')]]"}
RESULT: {"using":"xpath","value":"//li[.//span[contains(text(),'552 -')]]"}
COMMAND: POST /session/80b25485da4cce0461fa749928cde446/elements - {"using":"xpath","value":"//li[.//span[contains(text(),'552 -')]]"}
RESULT: {"using":"xpath","value":"//li[.//span[contains(text(),'552 -')]]"}
COMMAND: POST /session/80b25485da4cce0461fa749928cde446/elements - {"using":"xpath","value":"//li[.//span[contains(text(),'552 -')]]"}
RESULT: {"using":"xpath","value":"//li[.//span[contains(text(),'552 -')]]"}
COMMAND: POST /session/80b25485da4cce0461fa749928cde446/elements - {"using":"xpath","value":"//li[.//span[contains(text(),'552 -')]]"}
RESULT: {"using":"xpath","value":"//li[.//span[contains(text(),'552 -')]]"}
COMMAND: POST /session/80b25485da4cce0461fa749928cde446/elements - {"using":"xpath","value":"//li[.//span[contains(text(),'552 -')]]"}
RESULT: {"using":"xpath","value":"//li[.//span[contains(text(),'552 -')]]"}
COMMAND: POST /session/80b25485da4cce0461fa749928cde446/elements - {"using":"xpath","value":"//li[.//span[contains(text(),'552 -')]]"}
RESULT: {"using":"xpath","value":"//li[.//span[contains(text(),'552 -')]]"}
COMMAND: POST /session/80b25485da4cce0461fa749928cde446/elements - {"using":"xpath","value":"//li[.//span[contains(text(),'552 -')]]"}
RESULT: {"using":"xpath","value":"//li[.//span[contains(text(),'552 -')]]"}
COMMAND: POST /session/80b25485da4cce0461fa749928cde446/elements - {"using":"xpath","value":"//li[.//span[contains(text(),'552 -')]]"}
RESULT: {"using":"xpath","value":"//li[.//span[contains(text(),'552 -')]]"}
COMMAND: POST /session/80b25485da4cce0461fa749928cde446/elements - {"using":"xpath","value":"//li[.//span[contains(text(),'552 -')]]"}
RESULT: {"using":"xpath","value":"//li[.//span[contains(text(),'552 -')]]"}
COMMAND: POST /session/80b25485da4cce0461fa749928cde446/elements - {"using":"xpath","value":"//li[.//span[contains(text(),'552 -')]]"}
RESULT: {"using":"xpath","value":"//li[.//span[contains(text(),'552 -')]]"}
COMMAND: POST /session/80b25485da4cce0461fa749928cde446/elements - {"using":"xpath","value":"//li[.//span[contains(text(),'552 -')]]"}
RESULT: {"using":"xpath","value":"//li[.//span[contains(text(),'552 -')]]"}
COMMAND: POST /session/80b25485da4cce0461fa749928cde446/elements - {"using":"xpath","value":"//li[.//span[contains(text(),'552 -')]]"}
RESULT: {"using":"xpath","value":"//li[.//span[contains(text(),'552 -')]]"}
COMMAND: POST /session/80b25485da4cce0461fa749928cde446/elements - {"using":"xpath","value":"//li[.//span[contains(text(),'552 -')]]"}
RESULT: {"using":"xpath","value":"//li[.//span[contains(text(),'552 -')]]"}
COMMAND: POST /session/80b25485da4cce0461fa749928cde446/elements - {"using":"xpath","value":"//li[.//span[contains(text(),'552 -')]]"}
RESULT: {"using":"xpath","value":"//li[.//span[contains(text(),'552 -')]]"}
COMMAND: POST /session/80b25485da4cce0461fa749928cde446/elements - {"using":"xpath","value":"//li[.//span[contains(text(),'552 -')]]"}
RESULT: {"using":"xpath","value":"//li[.//span[contains(text(),'552 -')]]"}
COMMAND: POST /session/80b25485da4cce0461fa749928cde446/elements - {"using":"xpath","value":"//li[.//span[contains(text(),'552 -')]]"}
RESULT: {"using":"xpath","value":"//li[.//span[contains(text(),'552 -')]]"}
COMMAND: POST /session/80b25485da4cce0461fa749928cde446/elements - {"using":"xpath","value":"//li[.//span[contains(text(),'552 -')]]"}
RESULT: {"using":"xpath","value":"//li[.//span[contains(text(),'552 -')]]"}
COMMAND: POST /session/80b25485da4cce0461fa749928cde446/elements - {"using":"xpath","value":"//li[.//span[contains(text(),'552 -')]]"}
RESULT: {"using":"xpath","value":"//li[.//span[contains(text(),'552 -')]]"}
COMMAND: POST /session/80b25485da4cce0461fa749928cde446/elements - {"using":"xpath","value":"//li[.//span[contains(text(),'552 -')]]"}
RESULT: {"using":"xpath","value":"//li[.//span[contains(text(),'552 -')]]"}
COMMAND: POST /session/80b25485da4cce0461fa749928cde446/elements - {"using":"xpath","value":"//li[.//span[contains(text(),'552 -')]]"}
RESULT: {"using":"xpath","value":"//li[.//span[contains(text(),'552 -')]]"}
COMMAND: POST /session/80b25485da4cce0461fa749928cde446/elements - {"using":"xpath","value":"//li[.//span[contains(text(),'552 -')]]"}
RESULT: {"using":"xpath","value":"//li[.//span[contains(text(),'552 -')]]"}
COMMAND: POST /session/80b25485da4cce0461fa749928cde446/elements - {"using":"xpath","value":"//li[.//span[contains(text(),'552 -')]]"}
RESULT: {"using":"xpath","value":"//li[.//span[contains(text(),'552 -')]]"}
COMMAND: POST /session/80b25485da4cce0461fa749928cde446/elements - {"using":"xpath","value":"//li[.//span[contains(text(),'552 -')]]"}
RESULT: {"using":"xpath","value":"//li[.//span[contains(text(),'552 -')]]"}
COMMAND: POST /session/80b25485da4cce0461fa749928cde446/elements - {"using":"xpath","value":"//li[.//span[contains(text(),'552 -')]]"}
RESULT: {"using":"xpath","value":"//li[.//span[contains(text(),'552 -')]]"}
COMMAND: POST /session/80b25485da4cce0461fa749928cde446/elements - {"using":"xpath","value":"//li[.//span[contains(text(),'552 -')]]"}
RESULT: {"using":"xpath","value":"//li[.//span[contains(text(),'552 -')]]"}
COMMAND: POST /session/80b25485da4cce0461fa749928cde446/elements - {"using":"xpath","value":"//li[.//span[contains(text(),'552 -')]]"}
RESULT: {"using":"xpath","value":"//li[.//span[contains(text(),'552 -')]]"}
COMMAND: POST /session/80b25485da4cce0461fa749928cde446/elements - {"using":"xpath","value":"//li[.//span[contains(text(),'552 -')]]"}
RESULT: {"using":"xpath","value":"//li[.//span[contains(text(),'552 -')]]"}
COMMAND: POST /session/80b25485da4cce0461fa749928cde446/elements - {"using":"xpath","value":"//li[.//span[contains(text(),'552 -')]]"}
RESULT: {"using":"xpath","value":"//li[.//span[contains(text(),'552 -')]]"}
COMMAND: POST /session/80b25485da4cce0461fa749928cde446/elements - {"using":"xpath","value":"//li[.//span[contains(text(),'552 -')]]"}
RESULT: {"using":"xpath","value":"//li[.//span[contains(text(),'552 -')]]"}
COMMAND: POST /session/80b25485da4cce0461fa749928cde446/elements - {"using":"xpath","value":"//li[.//span[contains(text(),'552 -')]]"}
RESULT: {"using":"xpath","value":"//li[.//span[contains(text(),'552 -')]]"}
COMMAND: POST /session/80b25485da4cce0461fa749928cde446/elements - {"using":"xpath","value":"//li[.//span[contains(text(),'552 -')]]"}
RESULT: {"using":"xpath","value":"//li[.//span[contains(text(),'552 -')]]"}
COMMAND: POST /session/80b25485da4cce0461fa749928cde446/elements - {"using":"xpath","value":"//li[.//span[contains(text(),'552 -')]]"}
RESULT: {"using":"xpath","value":"//li[.//span[contains(text(),'552 -')]]"}
COMMAND: POST /session/80b25485da4cce0461fa749928cde446/elements - {"using":"xpath","value":"//li[.//span[contains(text(),'552 -')]]"}
RESULT: {"using":"xpath","value":"//li[.//span[contains(text(),'552 -')]]"}
COMMAND: POST /session/80b25485da4cce0461fa749928cde446/elements - {"using":"xpath","value":"//li[.//span[contains(text(),'552 -')]]"}
RESULT: {"using":"xpath","value":"//li[.//span[contains(text(),'552 -')]]"}
COMMAND: POST /session/80b25485da4cce0461fa749928cde446/elements - {"using":"xpath","value":"//li[.//span[contains(text(),'552 -')]]"}
RESULT: {"using":"xpath","value":"//li[.//span[contains(text(),'552 -')]]"}
COMMAND: POST /session/80b25485da4cce0461fa749928cde446/elements - {"using":"xpath","value":"//li[.//span[contains(text(),'552 -')]]"}
RESULT: {"using":"xpath","value":"//li[.//span[contains(text(),'552 -')]]"}
COMMAND: POST /session/80b25485da4cce0461fa749928cde446/elements - {"using":"xpath","value":"//li[.//span[contains(text(),'552 -')]]"}
RESULT: {"using":"xpath","value":"//li[.//span[contains(text(),'552 -')]]"}
COMMAND: POST /session/80b25485da4cce0461fa749928cde446/elements - {"using":"xpath","value":"//li[.//span[contains(text(),'552 -')]]"}
RESULT: {"using":"xpath","value":"//li[.//span[contains(text(),'552 -')]]"}
COMMAND: POST /session/80b25485da4cce0461fa749928cde446/elements - {"using":"xpath","value":"//li[.//span[contains(text(),'552 -')]]"}
RESULT: {"using":"xpath","value":"//li[.//span[contains(text(),'552 -')]]"}
COMMAND: POST /session/80b25485da4cce0461fa749928cde446/elements - {"using":"xpath","value":"//li[.//span[contains(text(),'552 -')]]"}
RESULT: {"using":"xpath","value":"//li[.//span[contains(text(),'552 -')]]"}
COMMAND: POST /session/80b25485da4cce0461fa749928cde446/elements - {"using":"xpath","value":"//li[.//span[contains(text(),'552 -')]]"}
RESULT: {"using":"xpath","value":"//li[.//span[contains(text(),'552 -')]]"}
COMMAND: POST /session/80b25485da4cce0461fa749928cde446/elements - {"using":"xpath","value":"//li[.//span[contains(text(),'552 -')]]"}
RESULT: {"using":"xpath","value":"//li[.//span[contains(text(),'552 -')]]"}
COMMAND: POST /session/80b25485da4cce0461fa749928cde446/elements - {"using":"xpath","value":"//li[.//span[contains(text(),'552 -')]]"}
RESULT: {"using":"xpath","value":"//li[.//span[contains(text(),'552 -')]]"}
COMMAND: POST /session/80b25485da4cce0461fa749928cde446/elements - {"using":"xpath","value":"//li[.//span[contains(text(),'552 -')]]"}
RESULT: {"using":"xpath","value":"//li[.//span[contains(text(),'552 -')]]"}
COMMAND: POST /session/80b25485da4cce0461fa749928cde446/elements - {"using":"xpath","value":"//li[.//span[contains(text(),'552 -')]]"}
RESULT: {"using":"xpath","value":"//li[.//span[contains(text(),'552 -')]]"}
COMMAND: POST /session/80b25485da4cce0461fa749928cde446/elements - {"using":"xpath","value":"//li[.//span[contains(text(),'552 -')]]"}
RESULT: {"using":"xpath","value":"//li[.//span[contains(text(),'552 -')]]"}
COMMAND: POST /session/80b25485da4cce0461fa749928cde446/elements - {"using":"xpath","value":"//li[.//span[contains(text(),'552 -')]]"}
RESULT: {"using":"xpath","value":"//li[.//span[contains(text(),'552 -')]]"}
COMMAND: POST /session/80b25485da4cce0461fa749928cde446/elements - {"using":"xpath","value":"//li[.//span[contains(text(),'552 -')]]"}
RESULT: {"using":"xpath","value":"//li[.//span[contains(text(),'552 -')]]"}
COMMAND: GET /session/80b25485da4cce0461fa749928cde446/screenshot - {}
RESULT: {}
]]></system-out>
      <system-err><![CDATA[
Error: Can't call click on element with selector "//li[.//span[contains(text(),'552 -')]]" because element wasn't found
    at async UtilsPrerequisites.stockIncrease (D:\a\1\s\test\specs\BTS\prerequisites-and-utils-functions.js:1638:9)
    at async Context.<anonymous> (D:\a\1\s\test\specs\HTR\transfer-yard-to-yard.spec.js:52:9)
]]></system-err>
    </testcase>
    <testcase classname="chrome.136_0_7103_93.windows.Transfer_Yard_to_Yard_US131076" name="Should do a stock increase handover for equipment multipart" time="88.722">
      <failure/>
      <error message="Can't call click on element with selector &quot;//li[.//span[contains(text(),'552 -')]]&quot; because element wasn't found"/>
      <system-out><![CDATA[
COMMAND: GET /session/80b25485da4cce0461fa749928cde446/screenshot - {}
RESULT: undefined
COMMAND: POST /session/80b25485da4cce0461fa749928cde446/element - {"using":"xpath","value":"//*[@id=\"__tile132\"]"}
RESULT: {}
RESULT: {"using":"xpath","value":"//*[@id=\"__tile132\"]"}
COMMAND: POST /session/80b25485da4cce0461fa749928cde446/element/f.499FA332C3249B1FB6786AFDCB682F30.d.6FEA89A0E788CE7F088974E7734BFE88.e.14533/click - {}
COMMAND: POST /session/80b25485da4cce0461fa749928cde446/elements - {"using":"xpath","value":"//span[text()='Error']"}
RESULT: {"using":"xpath","value":"//span[text()='Error']"}
COMMAND: POST /session/80b25485da4cce0461fa749928cde446/element - {"using":"xpath","value":"//button[@data-kt=\"masterHOAddButton\"]"}
RESULT: {"using":"xpath","value":"//button[@data-kt=\"masterHOAddButton\"]"}
COMMAND: POST /session/80b25485da4cce0461fa749928cde446/elements - {"using":"xpath","value":"//button[@data-kt=\"masterHOAddButton\"]"}
RESULT: {"using":"xpath","value":"//button[@data-kt=\"masterHOAddButton\"]"}
COMMAND: POST /session/80b25485da4cce0461fa749928cde446/execute/sync - {"script":"<script> [8489 bytes]","args":[{"element-6066-11e4-a52e-4f735466cecf":"f.499FA332C3249B1FB6786AFDCB682F30.d.6FEA89A0E788CE7F088974E7734BFE88.e.16735","ELEMENT":"f.499FA332C3249B1FB6786AFDCB682F30.d.6FEA89A0E788CE7F088974E7734BFE88.e.16735"}]}
RESULT: {"script":"<script> [8489 bytes]","args":[{"element-6066-11e4-a52e-4f735466cecf":"f.499FA332C3249B1FB6786AFDCB682F30.d.6FEA89A0E788CE7F088974E7734BFE88.e.16735","ELEMENT":"f.499FA332C3249B1FB6786AFDCB682F30.d.6FEA89A0E788CE7F088974E7734BFE88.e.16735"}]}
COMMAND: GET /session/80b25485da4cce0461fa749928cde446/element/f.499FA332C3249B1FB6786AFDCB682F30.d.6FEA89A0E788CE7F088974E7734BFE88.e.16735/enabled - {}
COMMAND: GET /session/80b25485da4cce0461fa749928cde446/screenshot - {}
RESULT: {}
COMMAND: POST /session/80b25485da4cce0461fa749928cde446/execute/sync - {"script":"<script> [8489 bytes]","args":[{"element-6066-11e4-a52e-4f735466cecf":"f.499FA332C3249B1FB6786AFDCB682F30.d.6FEA89A0E788CE7F088974E7734BFE88.e.16735","ELEMENT":"f.499FA332C3249B1FB6786AFDCB682F30.d.6FEA89A0E788CE7F088974E7734BFE88.e.16735"}]}
COMMAND: GET /session/80b25485da4cce0461fa749928cde446/screenshot - {}
RESULT: {}
RESULT: {"script":"<script> [8489 bytes]","args":[{"element-6066-11e4-a52e-4f735466cecf":"f.499FA332C3249B1FB6786AFDCB682F30.d.6FEA89A0E788CE7F088974E7734BFE88.e.16735","ELEMENT":"f.499FA332C3249B1FB6786AFDCB682F30.d.6FEA89A0E788CE7F088974E7734BFE88.e.16735"}]}
COMMAND: POST /session/80b25485da4cce0461fa749928cde446/execute/sync - {"script":"<script> [5351 bytes]","args":[{"element-6066-11e4-a52e-4f735466cecf":"f.499FA332C3249B1FB6786AFDCB682F30.d.6FEA89A0E788CE7F088974E7734BFE88.e.16735","ELEMENT":"f.499FA332C3249B1FB6786AFDCB682F30.d.6FEA89A0E788CE7F088974E7734BFE88.e.16735"}]}
COMMAND: GET /session/80b25485da4cce0461fa749928cde446/screenshot - {}
RESULT: {}
RESULT: {"script":"<script> [5351 bytes]","args":[{"element-6066-11e4-a52e-4f735466cecf":"f.499FA332C3249B1FB6786AFDCB682F30.d.6FEA89A0E788CE7F088974E7734BFE88.e.16735","ELEMENT":"f.499FA332C3249B1FB6786AFDCB682F30.d.6FEA89A0E788CE7F088974E7734BFE88.e.16735"}]}
COMMAND: POST /session/80b25485da4cce0461fa749928cde446/element/f.499FA332C3249B1FB6786AFDCB682F30.d.6FEA89A0E788CE7F088974E7734BFE88.e.16735/click - {}
COMMAND: GET /session/80b25485da4cce0461fa749928cde446/screenshot - {}
RESULT: {}
RESULT: {}
COMMAND: GET /session/80b25485da4cce0461fa749928cde446/screenshot - {}
RESULT: {}
RESULT: {}
COMMAND: POST /session/80b25485da4cce0461fa749928cde446/element - {"using":"xpath","value":"//span[contains(@id ,\"AddNewHO--typeSelect-arrow\")]"}
RESULT: {"using":"xpath","value":"//span[contains(@id ,\"AddNewHO--typeSelect-arrow\")]"}
COMMAND: POST /session/80b25485da4cce0461fa749928cde446/element/f.499FA332C3249B1FB6786AFDCB682F30.d.6FEA89A0E788CE7F088974E7734BFE88.e.17127/click - {}
RESULT: {}
COMMAND: GET /session/80b25485da4cce0461fa749928cde446/screenshot - {}
RESULT: {}
COMMAND: POST /session/80b25485da4cce0461fa749928cde446/element - {"using":"xpath","value":"(//li[contains(text(), \"stock increase yard\")])[1]"}
RESULT: {"using":"xpath","value":"(//li[contains(text(), \"stock increase yard\")])[1]"}
COMMAND: POST /session/80b25485da4cce0461fa749928cde446/element/f.499FA332C3249B1FB6786AFDCB682F30.d.6FEA89A0E788CE7F088974E7734BFE88.e.17101/click - {}
RESULT: {}
COMMAND: GET /session/80b25485da4cce0461fa749928cde446/screenshot - {}
RESULT: {}
RESULT: undefined
COMMAND: POST /session/80b25485da4cce0461fa749928cde446/execute/async - {"script":"<script> [6424 bytes]","args":[{"element-6066-11e4-a52e-4f735466cecf":"f.499FA332C3249B1FB6786AFDCB682F30.d.6FEA89A0E788CE7F088974E7734BFE88.e.17103"},"setValue",["6/1/25"]]}
RESULT: {"script":"<script> [6424 bytes]","args":[{"element-6066-11e4-a52e-4f735466cecf":"f.499FA332C3249B1FB6786AFDCB682F30.d.6FEA89A0E788CE7F088974E7734BFE88.e.17103"},"setValue",["6/1/25"]]}
COMMAND: POST /session/80b25485da4cce0461fa749928cde446/element - {"using":"xpath","value":"//input[@id=\"generalSectionFrg--receiveYard-inner\"]"}
RESULT: {"using":"xpath","value":"//input[@id=\"generalSectionFrg--receiveYard-inner\"]"}
COMMAND: POST /session/80b25485da4cce0461fa749928cde446/element/f.499FA332C3249B1FB6786AFDCB682F30.d.6FEA89A0E788CE7F088974E7734BFE88.e.17109/clear - {}
RESULT: {}
COMMAND: POST /session/80b25485da4cce0461fa749928cde446/element/f.499FA332C3249B1FB6786AFDCB682F30.d.6FEA89A0E788CE7F088974E7734BFE88.e.17109/value - {"text":"552"}
COMMAND: GET /session/80b25485da4cce0461fa749928cde446/screenshot - {}
RESULT: {"text":"552"}
COMMAND: GET /session/80b25485da4cce0461fa749928cde446/screenshot - {}
RESULT: {}
RESULT: {}
COMMAND: POST /session/80b25485da4cce0461fa749928cde446/element - {"using":"xpath","value":"//li[.//span[contains(text(),'552 -')]]"}
RESULT: {"using":"xpath","value":"//li[.//span[contains(text(),'552 -')]]"}
COMMAND: POST /session/80b25485da4cce0461fa749928cde446/elements - {"using":"xpath","value":"//li[.//span[contains(text(),'552 -')]]"}
RESULT: {"using":"xpath","value":"//li[.//span[contains(text(),'552 -')]]"}
COMMAND: POST /session/80b25485da4cce0461fa749928cde446/elements - {"using":"xpath","value":"//li[.//span[contains(text(),'552 -')]]"}
RESULT: {"using":"xpath","value":"//li[.//span[contains(text(),'552 -')]]"}
COMMAND: POST /session/80b25485da4cce0461fa749928cde446/elements - {"using":"xpath","value":"//li[.//span[contains(text(),'552 -')]]"}
RESULT: {"using":"xpath","value":"//li[.//span[contains(text(),'552 -')]]"}
COMMAND: POST /session/80b25485da4cce0461fa749928cde446/elements - {"using":"xpath","value":"//li[.//span[contains(text(),'552 -')]]"}
RESULT: {"using":"xpath","value":"//li[.//span[contains(text(),'552 -')]]"}
COMMAND: POST /session/80b25485da4cce0461fa749928cde446/elements - {"using":"xpath","value":"//li[.//span[contains(text(),'552 -')]]"}
RESULT: {"using":"xpath","value":"//li[.//span[contains(text(),'552 -')]]"}
COMMAND: POST /session/80b25485da4cce0461fa749928cde446/elements - {"using":"xpath","value":"//li[.//span[contains(text(),'552 -')]]"}
RESULT: {"using":"xpath","value":"//li[.//span[contains(text(),'552 -')]]"}
COMMAND: POST /session/80b25485da4cce0461fa749928cde446/elements - {"using":"xpath","value":"//li[.//span[contains(text(),'552 -')]]"}
RESULT: {"using":"xpath","value":"//li[.//span[contains(text(),'552 -')]]"}
COMMAND: POST /session/80b25485da4cce0461fa749928cde446/elements - {"using":"xpath","value":"//li[.//span[contains(text(),'552 -')]]"}
RESULT: {"using":"xpath","value":"//li[.//span[contains(text(),'552 -')]]"}
COMMAND: POST /session/80b25485da4cce0461fa749928cde446/elements - {"using":"xpath","value":"//li[.//span[contains(text(),'552 -')]]"}
RESULT: {"using":"xpath","value":"//li[.//span[contains(text(),'552 -')]]"}
COMMAND: POST /session/80b25485da4cce0461fa749928cde446/elements - {"using":"xpath","value":"//li[.//span[contains(text(),'552 -')]]"}
RESULT: {"using":"xpath","value":"//li[.//span[contains(text(),'552 -')]]"}
COMMAND: POST /session/80b25485da4cce0461fa749928cde446/elements - {"using":"xpath","value":"//li[.//span[contains(text(),'552 -')]]"}
RESULT: {"using":"xpath","value":"//li[.//span[contains(text(),'552 -')]]"}
COMMAND: POST /session/80b25485da4cce0461fa749928cde446/elements - {"using":"xpath","value":"//li[.//span[contains(text(),'552 -')]]"}
RESULT: {"using":"xpath","value":"//li[.//span[contains(text(),'552 -')]]"}
COMMAND: POST /session/80b25485da4cce0461fa749928cde446/elements - {"using":"xpath","value":"//li[.//span[contains(text(),'552 -')]]"}
RESULT: {"using":"xpath","value":"//li[.//span[contains(text(),'552 -')]]"}
COMMAND: POST /session/80b25485da4cce0461fa749928cde446/elements - {"using":"xpath","value":"//li[.//span[contains(text(),'552 -')]]"}
RESULT: {"using":"xpath","value":"//li[.//span[contains(text(),'552 -')]]"}
COMMAND: POST /session/80b25485da4cce0461fa749928cde446/elements - {"using":"xpath","value":"//li[.//span[contains(text(),'552 -')]]"}
RESULT: {"using":"xpath","value":"//li[.//span[contains(text(),'552 -')]]"}
COMMAND: POST /session/80b25485da4cce0461fa749928cde446/elements - {"using":"xpath","value":"//li[.//span[contains(text(),'552 -')]]"}
RESULT: {"using":"xpath","value":"//li[.//span[contains(text(),'552 -')]]"}
COMMAND: POST /session/80b25485da4cce0461fa749928cde446/elements - {"using":"xpath","value":"//li[.//span[contains(text(),'552 -')]]"}
RESULT: {"using":"xpath","value":"//li[.//span[contains(text(),'552 -')]]"}
COMMAND: POST /session/80b25485da4cce0461fa749928cde446/elements - {"using":"xpath","value":"//li[.//span[contains(text(),'552 -')]]"}
RESULT: {"using":"xpath","value":"//li[.//span[contains(text(),'552 -')]]"}
COMMAND: POST /session/80b25485da4cce0461fa749928cde446/elements - {"using":"xpath","value":"//li[.//span[contains(text(),'552 -')]]"}
RESULT: {"using":"xpath","value":"//li[.//span[contains(text(),'552 -')]]"}
COMMAND: POST /session/80b25485da4cce0461fa749928cde446/elements - {"using":"xpath","value":"//li[.//span[contains(text(),'552 -')]]"}
RESULT: {"using":"xpath","value":"//li[.//span[contains(text(),'552 -')]]"}
COMMAND: POST /session/80b25485da4cce0461fa749928cde446/elements - {"using":"xpath","value":"//li[.//span[contains(text(),'552 -')]]"}
RESULT: {"using":"xpath","value":"//li[.//span[contains(text(),'552 -')]]"}
COMMAND: POST /session/80b25485da4cce0461fa749928cde446/elements - {"using":"xpath","value":"//li[.//span[contains(text(),'552 -')]]"}
RESULT: {"using":"xpath","value":"//li[.//span[contains(text(),'552 -')]]"}
COMMAND: POST /session/80b25485da4cce0461fa749928cde446/elements - {"using":"xpath","value":"//li[.//span[contains(text(),'552 -')]]"}
RESULT: {"using":"xpath","value":"//li[.//span[contains(text(),'552 -')]]"}
COMMAND: POST /session/80b25485da4cce0461fa749928cde446/elements - {"using":"xpath","value":"//li[.//span[contains(text(),'552 -')]]"}
RESULT: {"using":"xpath","value":"//li[.//span[contains(text(),'552 -')]]"}
COMMAND: POST /session/80b25485da4cce0461fa749928cde446/elements - {"using":"xpath","value":"//li[.//span[contains(text(),'552 -')]]"}
RESULT: {"using":"xpath","value":"//li[.//span[contains(text(),'552 -')]]"}
COMMAND: POST /session/80b25485da4cce0461fa749928cde446/elements - {"using":"xpath","value":"//li[.//span[contains(text(),'552 -')]]"}
RESULT: {"using":"xpath","value":"//li[.//span[contains(text(),'552 -')]]"}
COMMAND: POST /session/80b25485da4cce0461fa749928cde446/elements - {"using":"xpath","value":"//li[.//span[contains(text(),'552 -')]]"}
RESULT: {"using":"xpath","value":"//li[.//span[contains(text(),'552 -')]]"}
COMMAND: POST /session/80b25485da4cce0461fa749928cde446/elements - {"using":"xpath","value":"//li[.//span[contains(text(),'552 -')]]"}
RESULT: {"using":"xpath","value":"//li[.//span[contains(text(),'552 -')]]"}
COMMAND: POST /session/80b25485da4cce0461fa749928cde446/elements - {"using":"xpath","value":"//li[.//span[contains(text(),'552 -')]]"}
RESULT: {"using":"xpath","value":"//li[.//span[contains(text(),'552 -')]]"}
COMMAND: POST /session/80b25485da4cce0461fa749928cde446/elements - {"using":"xpath","value":"//li[.//span[contains(text(),'552 -')]]"}
RESULT: {"using":"xpath","value":"//li[.//span[contains(text(),'552 -')]]"}
COMMAND: POST /session/80b25485da4cce0461fa749928cde446/elements - {"using":"xpath","value":"//li[.//span[contains(text(),'552 -')]]"}
RESULT: {"using":"xpath","value":"//li[.//span[contains(text(),'552 -')]]"}
COMMAND: POST /session/80b25485da4cce0461fa749928cde446/elements - {"using":"xpath","value":"//li[.//span[contains(text(),'552 -')]]"}
RESULT: {"using":"xpath","value":"//li[.//span[contains(text(),'552 -')]]"}
COMMAND: POST /session/80b25485da4cce0461fa749928cde446/elements - {"using":"xpath","value":"//li[.//span[contains(text(),'552 -')]]"}
RESULT: {"using":"xpath","value":"//li[.//span[contains(text(),'552 -')]]"}
COMMAND: POST /session/80b25485da4cce0461fa749928cde446/elements - {"using":"xpath","value":"//li[.//span[contains(text(),'552 -')]]"}
RESULT: {"using":"xpath","value":"//li[.//span[contains(text(),'552 -')]]"}
COMMAND: POST /session/80b25485da4cce0461fa749928cde446/elements - {"using":"xpath","value":"//li[.//span[contains(text(),'552 -')]]"}
RESULT: {"using":"xpath","value":"//li[.//span[contains(text(),'552 -')]]"}
COMMAND: POST /session/80b25485da4cce0461fa749928cde446/elements - {"using":"xpath","value":"//li[.//span[contains(text(),'552 -')]]"}
RESULT: {"using":"xpath","value":"//li[.//span[contains(text(),'552 -')]]"}
COMMAND: POST /session/80b25485da4cce0461fa749928cde446/elements - {"using":"xpath","value":"//li[.//span[contains(text(),'552 -')]]"}
RESULT: {"using":"xpath","value":"//li[.//span[contains(text(),'552 -')]]"}
COMMAND: POST /session/80b25485da4cce0461fa749928cde446/elements - {"using":"xpath","value":"//li[.//span[contains(text(),'552 -')]]"}
RESULT: {"using":"xpath","value":"//li[.//span[contains(text(),'552 -')]]"}
COMMAND: POST /session/80b25485da4cce0461fa749928cde446/elements - {"using":"xpath","value":"//li[.//span[contains(text(),'552 -')]]"}
RESULT: {"using":"xpath","value":"//li[.//span[contains(text(),'552 -')]]"}
COMMAND: POST /session/80b25485da4cce0461fa749928cde446/elements - {"using":"xpath","value":"//li[.//span[contains(text(),'552 -')]]"}
RESULT: {"using":"xpath","value":"//li[.//span[contains(text(),'552 -')]]"}
COMMAND: POST /session/80b25485da4cce0461fa749928cde446/elements - {"using":"xpath","value":"//li[.//span[contains(text(),'552 -')]]"}
RESULT: {"using":"xpath","value":"//li[.//span[contains(text(),'552 -')]]"}
COMMAND: POST /session/80b25485da4cce0461fa749928cde446/elements - {"using":"xpath","value":"//li[.//span[contains(text(),'552 -')]]"}
RESULT: {"using":"xpath","value":"//li[.//span[contains(text(),'552 -')]]"}
COMMAND: POST /session/80b25485da4cce0461fa749928cde446/elements - {"using":"xpath","value":"//li[.//span[contains(text(),'552 -')]]"}
RESULT: {"using":"xpath","value":"//li[.//span[contains(text(),'552 -')]]"}
COMMAND: POST /session/80b25485da4cce0461fa749928cde446/elements - {"using":"xpath","value":"//li[.//span[contains(text(),'552 -')]]"}
RESULT: {"using":"xpath","value":"//li[.//span[contains(text(),'552 -')]]"}
COMMAND: POST /session/80b25485da4cce0461fa749928cde446/elements - {"using":"xpath","value":"//li[.//span[contains(text(),'552 -')]]"}
RESULT: {"using":"xpath","value":"//li[.//span[contains(text(),'552 -')]]"}
COMMAND: POST /session/80b25485da4cce0461fa749928cde446/elements - {"using":"xpath","value":"//li[.//span[contains(text(),'552 -')]]"}
RESULT: {"using":"xpath","value":"//li[.//span[contains(text(),'552 -')]]"}
COMMAND: POST /session/80b25485da4cce0461fa749928cde446/elements - {"using":"xpath","value":"//li[.//span[contains(text(),'552 -')]]"}
RESULT: {"using":"xpath","value":"//li[.//span[contains(text(),'552 -')]]"}
COMMAND: POST /session/80b25485da4cce0461fa749928cde446/elements - {"using":"xpath","value":"//li[.//span[contains(text(),'552 -')]]"}
RESULT: {"using":"xpath","value":"//li[.//span[contains(text(),'552 -')]]"}
COMMAND: POST /session/80b25485da4cce0461fa749928cde446/elements - {"using":"xpath","value":"//li[.//span[contains(text(),'552 -')]]"}
RESULT: {"using":"xpath","value":"//li[.//span[contains(text(),'552 -')]]"}
COMMAND: POST /session/80b25485da4cce0461fa749928cde446/elements - {"using":"xpath","value":"//li[.//span[contains(text(),'552 -')]]"}
RESULT: {"using":"xpath","value":"//li[.//span[contains(text(),'552 -')]]"}
COMMAND: POST /session/80b25485da4cce0461fa749928cde446/elements - {"using":"xpath","value":"//li[.//span[contains(text(),'552 -')]]"}
RESULT: {"using":"xpath","value":"//li[.//span[contains(text(),'552 -')]]"}
COMMAND: POST /session/80b25485da4cce0461fa749928cde446/elements - {"using":"xpath","value":"//li[.//span[contains(text(),'552 -')]]"}
RESULT: {"using":"xpath","value":"//li[.//span[contains(text(),'552 -')]]"}
COMMAND: POST /session/80b25485da4cce0461fa749928cde446/elements - {"using":"xpath","value":"//li[.//span[contains(text(),'552 -')]]"}
RESULT: {"using":"xpath","value":"//li[.//span[contains(text(),'552 -')]]"}
COMMAND: POST /session/80b25485da4cce0461fa749928cde446/elements - {"using":"xpath","value":"//li[.//span[contains(text(),'552 -')]]"}
RESULT: {"using":"xpath","value":"//li[.//span[contains(text(),'552 -')]]"}
COMMAND: POST /session/80b25485da4cce0461fa749928cde446/elements - {"using":"xpath","value":"//li[.//span[contains(text(),'552 -')]]"}
RESULT: {"using":"xpath","value":"//li[.//span[contains(text(),'552 -')]]"}
COMMAND: POST /session/80b25485da4cce0461fa749928cde446/elements - {"using":"xpath","value":"//li[.//span[contains(text(),'552 -')]]"}
RESULT: {"using":"xpath","value":"//li[.//span[contains(text(),'552 -')]]"}
COMMAND: POST /session/80b25485da4cce0461fa749928cde446/elements - {"using":"xpath","value":"//li[.//span[contains(text(),'552 -')]]"}
RESULT: {"using":"xpath","value":"//li[.//span[contains(text(),'552 -')]]"}
COMMAND: POST /session/80b25485da4cce0461fa749928cde446/elements - {"using":"xpath","value":"//li[.//span[contains(text(),'552 -')]]"}
RESULT: {"using":"xpath","value":"//li[.//span[contains(text(),'552 -')]]"}
COMMAND: POST /session/80b25485da4cce0461fa749928cde446/elements - {"using":"xpath","value":"//li[.//span[contains(text(),'552 -')]]"}
RESULT: {"using":"xpath","value":"//li[.//span[contains(text(),'552 -')]]"}
COMMAND: POST /session/80b25485da4cce0461fa749928cde446/elements - {"using":"xpath","value":"//li[.//span[contains(text(),'552 -')]]"}
RESULT: {"using":"xpath","value":"//li[.//span[contains(text(),'552 -')]]"}
COMMAND: POST /session/80b25485da4cce0461fa749928cde446/elements - {"using":"xpath","value":"//li[.//span[contains(text(),'552 -')]]"}
RESULT: {"using":"xpath","value":"//li[.//span[contains(text(),'552 -')]]"}
COMMAND: POST /session/80b25485da4cce0461fa749928cde446/elements - {"using":"xpath","value":"//li[.//span[contains(text(),'552 -')]]"}
RESULT: {"using":"xpath","value":"//li[.//span[contains(text(),'552 -')]]"}
COMMAND: POST /session/80b25485da4cce0461fa749928cde446/elements - {"using":"xpath","value":"//li[.//span[contains(text(),'552 -')]]"}
RESULT: {"using":"xpath","value":"//li[.//span[contains(text(),'552 -')]]"}
COMMAND: POST /session/80b25485da4cce0461fa749928cde446/elements - {"using":"xpath","value":"//li[.//span[contains(text(),'552 -')]]"}
RESULT: {"using":"xpath","value":"//li[.//span[contains(text(),'552 -')]]"}
COMMAND: POST /session/80b25485da4cce0461fa749928cde446/elements - {"using":"xpath","value":"//li[.//span[contains(text(),'552 -')]]"}
RESULT: {"using":"xpath","value":"//li[.//span[contains(text(),'552 -')]]"}
COMMAND: POST /session/80b25485da4cce0461fa749928cde446/elements - {"using":"xpath","value":"//li[.//span[contains(text(),'552 -')]]"}
RESULT: {"using":"xpath","value":"//li[.//span[contains(text(),'552 -')]]"}
COMMAND: POST /session/80b25485da4cce0461fa749928cde446/elements - {"using":"xpath","value":"//li[.//span[contains(text(),'552 -')]]"}
RESULT: {"using":"xpath","value":"//li[.//span[contains(text(),'552 -')]]"}
COMMAND: POST /session/80b25485da4cce0461fa749928cde446/elements - {"using":"xpath","value":"//li[.//span[contains(text(),'552 -')]]"}
RESULT: {"using":"xpath","value":"//li[.//span[contains(text(),'552 -')]]"}
COMMAND: POST /session/80b25485da4cce0461fa749928cde446/elements - {"using":"xpath","value":"//li[.//span[contains(text(),'552 -')]]"}
RESULT: {"using":"xpath","value":"//li[.//span[contains(text(),'552 -')]]"}
COMMAND: POST /session/80b25485da4cce0461fa749928cde446/elements - {"using":"xpath","value":"//li[.//span[contains(text(),'552 -')]]"}
RESULT: {"using":"xpath","value":"//li[.//span[contains(text(),'552 -')]]"}
COMMAND: POST /session/80b25485da4cce0461fa749928cde446/elements - {"using":"xpath","value":"//li[.//span[contains(text(),'552 -')]]"}
RESULT: {"using":"xpath","value":"//li[.//span[contains(text(),'552 -')]]"}
COMMAND: POST /session/80b25485da4cce0461fa749928cde446/elements - {"using":"xpath","value":"//li[.//span[contains(text(),'552 -')]]"}
RESULT: {"using":"xpath","value":"//li[.//span[contains(text(),'552 -')]]"}
COMMAND: POST /session/80b25485da4cce0461fa749928cde446/elements - {"using":"xpath","value":"//li[.//span[contains(text(),'552 -')]]"}
RESULT: {"using":"xpath","value":"//li[.//span[contains(text(),'552 -')]]"}
COMMAND: POST /session/80b25485da4cce0461fa749928cde446/elements - {"using":"xpath","value":"//li[.//span[contains(text(),'552 -')]]"}
RESULT: {"using":"xpath","value":"//li[.//span[contains(text(),'552 -')]]"}
COMMAND: POST /session/80b25485da4cce0461fa749928cde446/elements - {"using":"xpath","value":"//li[.//span[contains(text(),'552 -')]]"}
RESULT: {"using":"xpath","value":"//li[.//span[contains(text(),'552 -')]]"}
COMMAND: POST /session/80b25485da4cce0461fa749928cde446/elements - {"using":"xpath","value":"//li[.//span[contains(text(),'552 -')]]"}
RESULT: {"using":"xpath","value":"//li[.//span[contains(text(),'552 -')]]"}
COMMAND: POST /session/80b25485da4cce0461fa749928cde446/elements - {"using":"xpath","value":"//li[.//span[contains(text(),'552 -')]]"}
RESULT: {"using":"xpath","value":"//li[.//span[contains(text(),'552 -')]]"}
COMMAND: POST /session/80b25485da4cce0461fa749928cde446/elements - {"using":"xpath","value":"//li[.//span[contains(text(),'552 -')]]"}
RESULT: {"using":"xpath","value":"//li[.//span[contains(text(),'552 -')]]"}
COMMAND: POST /session/80b25485da4cce0461fa749928cde446/elements - {"using":"xpath","value":"//li[.//span[contains(text(),'552 -')]]"}
RESULT: {"using":"xpath","value":"//li[.//span[contains(text(),'552 -')]]"}
COMMAND: POST /session/80b25485da4cce0461fa749928cde446/elements - {"using":"xpath","value":"//li[.//span[contains(text(),'552 -')]]"}
RESULT: {"using":"xpath","value":"//li[.//span[contains(text(),'552 -')]]"}
COMMAND: POST /session/80b25485da4cce0461fa749928cde446/elements - {"using":"xpath","value":"//li[.//span[contains(text(),'552 -')]]"}
RESULT: {"using":"xpath","value":"//li[.//span[contains(text(),'552 -')]]"}
COMMAND: POST /session/80b25485da4cce0461fa749928cde446/elements - {"using":"xpath","value":"//li[.//span[contains(text(),'552 -')]]"}
RESULT: {"using":"xpath","value":"//li[.//span[contains(text(),'552 -')]]"}
COMMAND: POST /session/80b25485da4cce0461fa749928cde446/elements - {"using":"xpath","value":"//li[.//span[contains(text(),'552 -')]]"}
RESULT: {"using":"xpath","value":"//li[.//span[contains(text(),'552 -')]]"}
COMMAND: POST /session/80b25485da4cce0461fa749928cde446/elements - {"using":"xpath","value":"//li[.//span[contains(text(),'552 -')]]"}
RESULT: {"using":"xpath","value":"//li[.//span[contains(text(),'552 -')]]"}
COMMAND: POST /session/80b25485da4cce0461fa749928cde446/elements - {"using":"xpath","value":"//li[.//span[contains(text(),'552 -')]]"}
RESULT: {"using":"xpath","value":"//li[.//span[contains(text(),'552 -')]]"}
COMMAND: POST /session/80b25485da4cce0461fa749928cde446/elements - {"using":"xpath","value":"//li[.//span[contains(text(),'552 -')]]"}
RESULT: {"using":"xpath","value":"//li[.//span[contains(text(),'552 -')]]"}
COMMAND: POST /session/80b25485da4cce0461fa749928cde446/elements - {"using":"xpath","value":"//li[.//span[contains(text(),'552 -')]]"}
RESULT: {"using":"xpath","value":"//li[.//span[contains(text(),'552 -')]]"}
COMMAND: POST /session/80b25485da4cce0461fa749928cde446/elements - {"using":"xpath","value":"//li[.//span[contains(text(),'552 -')]]"}
RESULT: {"using":"xpath","value":"//li[.//span[contains(text(),'552 -')]]"}
COMMAND: POST /session/80b25485da4cce0461fa749928cde446/elements - {"using":"xpath","value":"//li[.//span[contains(text(),'552 -')]]"}
RESULT: {"using":"xpath","value":"//li[.//span[contains(text(),'552 -')]]"}
COMMAND: POST /session/80b25485da4cce0461fa749928cde446/elements - {"using":"xpath","value":"//li[.//span[contains(text(),'552 -')]]"}
RESULT: {"using":"xpath","value":"//li[.//span[contains(text(),'552 -')]]"}
COMMAND: POST /session/80b25485da4cce0461fa749928cde446/elements - {"using":"xpath","value":"//li[.//span[contains(text(),'552 -')]]"}
RESULT: {"using":"xpath","value":"//li[.//span[contains(text(),'552 -')]]"}
COMMAND: POST /session/80b25485da4cce0461fa749928cde446/elements - {"using":"xpath","value":"//li[.//span[contains(text(),'552 -')]]"}
RESULT: {"using":"xpath","value":"//li[.//span[contains(text(),'552 -')]]"}
COMMAND: POST /session/80b25485da4cce0461fa749928cde446/elements - {"using":"xpath","value":"//li[.//span[contains(text(),'552 -')]]"}
RESULT: {"using":"xpath","value":"//li[.//span[contains(text(),'552 -')]]"}
COMMAND: POST /session/80b25485da4cce0461fa749928cde446/elements - {"using":"xpath","value":"//li[.//span[contains(text(),'552 -')]]"}
RESULT: {"using":"xpath","value":"//li[.//span[contains(text(),'552 -')]]"}
COMMAND: POST /session/80b25485da4cce0461fa749928cde446/elements - {"using":"xpath","value":"//li[.//span[contains(text(),'552 -')]]"}
RESULT: {"using":"xpath","value":"//li[.//span[contains(text(),'552 -')]]"}
COMMAND: POST /session/80b25485da4cce0461fa749928cde446/elements - {"using":"xpath","value":"//li[.//span[contains(text(),'552 -')]]"}
RESULT: {"using":"xpath","value":"//li[.//span[contains(text(),'552 -')]]"}
COMMAND: POST /session/80b25485da4cce0461fa749928cde446/elements - {"using":"xpath","value":"//li[.//span[contains(text(),'552 -')]]"}
RESULT: {"using":"xpath","value":"//li[.//span[contains(text(),'552 -')]]"}
COMMAND: POST /session/80b25485da4cce0461fa749928cde446/elements - {"using":"xpath","value":"//li[.//span[contains(text(),'552 -')]]"}
RESULT: {"using":"xpath","value":"//li[.//span[contains(text(),'552 -')]]"}
COMMAND: POST /session/80b25485da4cce0461fa749928cde446/elements - {"using":"xpath","value":"//li[.//span[contains(text(),'552 -')]]"}
RESULT: {"using":"xpath","value":"//li[.//span[contains(text(),'552 -')]]"}
COMMAND: POST /session/80b25485da4cce0461fa749928cde446/elements - {"using":"xpath","value":"//li[.//span[contains(text(),'552 -')]]"}
RESULT: {"using":"xpath","value":"//li[.//span[contains(text(),'552 -')]]"}
COMMAND: POST /session/80b25485da4cce0461fa749928cde446/elements - {"using":"xpath","value":"//li[.//span[contains(text(),'552 -')]]"}
RESULT: {"using":"xpath","value":"//li[.//span[contains(text(),'552 -')]]"}
COMMAND: POST /session/80b25485da4cce0461fa749928cde446/elements - {"using":"xpath","value":"//li[.//span[contains(text(),'552 -')]]"}
RESULT: {"using":"xpath","value":"//li[.//span[contains(text(),'552 -')]]"}
COMMAND: POST /session/80b25485da4cce0461fa749928cde446/elements - {"using":"xpath","value":"//li[.//span[contains(text(),'552 -')]]"}
RESULT: {"using":"xpath","value":"//li[.//span[contains(text(),'552 -')]]"}
COMMAND: POST /session/80b25485da4cce0461fa749928cde446/elements - {"using":"xpath","value":"//li[.//span[contains(text(),'552 -')]]"}
RESULT: {"using":"xpath","value":"//li[.//span[contains(text(),'552 -')]]"}
COMMAND: POST /session/80b25485da4cce0461fa749928cde446/elements - {"using":"xpath","value":"//li[.//span[contains(text(),'552 -')]]"}
RESULT: {"using":"xpath","value":"//li[.//span[contains(text(),'552 -')]]"}
COMMAND: POST /session/80b25485da4cce0461fa749928cde446/elements - {"using":"xpath","value":"//li[.//span[contains(text(),'552 -')]]"}
RESULT: {"using":"xpath","value":"//li[.//span[contains(text(),'552 -')]]"}
COMMAND: POST /session/80b25485da4cce0461fa749928cde446/elements - {"using":"xpath","value":"//li[.//span[contains(text(),'552 -')]]"}
RESULT: {"using":"xpath","value":"//li[.//span[contains(text(),'552 -')]]"}
COMMAND: POST /session/80b25485da4cce0461fa749928cde446/elements - {"using":"xpath","value":"//li[.//span[contains(text(),'552 -')]]"}
RESULT: {"using":"xpath","value":"//li[.//span[contains(text(),'552 -')]]"}
COMMAND: POST /session/80b25485da4cce0461fa749928cde446/elements - {"using":"xpath","value":"//li[.//span[contains(text(),'552 -')]]"}
RESULT: {"using":"xpath","value":"//li[.//span[contains(text(),'552 -')]]"}
COMMAND: POST /session/80b25485da4cce0461fa749928cde446/elements - {"using":"xpath","value":"//li[.//span[contains(text(),'552 -')]]"}
RESULT: {"using":"xpath","value":"//li[.//span[contains(text(),'552 -')]]"}
COMMAND: POST /session/80b25485da4cce0461fa749928cde446/elements - {"using":"xpath","value":"//li[.//span[contains(text(),'552 -')]]"}
RESULT: {"using":"xpath","value":"//li[.//span[contains(text(),'552 -')]]"}
COMMAND: POST /session/80b25485da4cce0461fa749928cde446/elements - {"using":"xpath","value":"//li[.//span[contains(text(),'552 -')]]"}
RESULT: {"using":"xpath","value":"//li[.//span[contains(text(),'552 -')]]"}
COMMAND: POST /session/80b25485da4cce0461fa749928cde446/elements - {"using":"xpath","value":"//li[.//span[contains(text(),'552 -')]]"}
RESULT: {"using":"xpath","value":"//li[.//span[contains(text(),'552 -')]]"}
COMMAND: POST /session/80b25485da4cce0461fa749928cde446/elements - {"using":"xpath","value":"//li[.//span[contains(text(),'552 -')]]"}
RESULT: {"using":"xpath","value":"//li[.//span[contains(text(),'552 -')]]"}
COMMAND: POST /session/80b25485da4cce0461fa749928cde446/elements - {"using":"xpath","value":"//li[.//span[contains(text(),'552 -')]]"}
RESULT: {"using":"xpath","value":"//li[.//span[contains(text(),'552 -')]]"}
COMMAND: POST /session/80b25485da4cce0461fa749928cde446/elements - {"using":"xpath","value":"//li[.//span[contains(text(),'552 -')]]"}
RESULT: {"using":"xpath","value":"//li[.//span[contains(text(),'552 -')]]"}
COMMAND: POST /session/80b25485da4cce0461fa749928cde446/elements - {"using":"xpath","value":"//li[.//span[contains(text(),'552 -')]]"}
RESULT: {"using":"xpath","value":"//li[.//span[contains(text(),'552 -')]]"}
COMMAND: POST /session/80b25485da4cce0461fa749928cde446/elements - {"using":"xpath","value":"//li[.//span[contains(text(),'552 -')]]"}
RESULT: {"using":"xpath","value":"//li[.//span[contains(text(),'552 -')]]"}
COMMAND: POST /session/80b25485da4cce0461fa749928cde446/elements - {"using":"xpath","value":"//li[.//span[contains(text(),'552 -')]]"}
RESULT: {"using":"xpath","value":"//li[.//span[contains(text(),'552 -')]]"}
COMMAND: POST /session/80b25485da4cce0461fa749928cde446/elements - {"using":"xpath","value":"//li[.//span[contains(text(),'552 -')]]"}
RESULT: {"using":"xpath","value":"//li[.//span[contains(text(),'552 -')]]"}
COMMAND: POST /session/80b25485da4cce0461fa749928cde446/elements - {"using":"xpath","value":"//li[.//span[contains(text(),'552 -')]]"}
COMMAND: GET /session/80b25485da4cce0461fa749928cde446/screenshot - {}
RESULT: {"using":"xpath","value":"//li[.//span[contains(text(),'552 -')]]"}
RESULT: {}
]]></system-out>
      <system-err><![CDATA[
Error: Can't call click on element with selector "//li[.//span[contains(text(),'552 -')]]" because element wasn't found
    at async UtilsPrerequisites.stockIncrease (D:\a\1\s\test\specs\BTS\prerequisites-and-utils-functions.js:1638:9)
    at async Context.<anonymous> (D:\a\1\s\test\specs\HTR\transfer-yard-to-yard.spec.js:56:9)
]]></system-err>
    </testcase>
    <testcase classname="chrome.136_0_7103_93.windows.Transfer_Yard_to_Yard_US131076" name="Should create a yard to yard transfer handover MAY CRASH DUE TO LOGIC CHANGE NOT BUG CURRENTLY" time="68.19">
      <failure/>
      <error message="The element with selector &quot;(//section[contains(@id,&quot;headerContentForm--FC-NoHead&quot;)])[2]/div[1]/div[5]/div[2]/div/span&quot; you are trying to pass into the execute method wasn't found"/>
      <system-out><![CDATA[
COMMAND: GET /session/80b25485da4cce0461fa749928cde446/screenshot - {}
RESULT: undefined
COMMAND: POST /session/80b25485da4cce0461fa749928cde446/element - {"using":"xpath","value":"//*[@id=\"__tile132\"]"}
RESULT: {"using":"xpath","value":"//*[@id=\"__tile132\"]"}
COMMAND: POST /session/80b25485da4cce0461fa749928cde446/element/f.499FA332C3249B1FB6786AFDCB682F30.d.6FEA89A0E788CE7F088974E7734BFE88.e.14533/click - {}
RESULT: {}
COMMAND: POST /session/80b25485da4cce0461fa749928cde446/elements - {"using":"xpath","value":"//span[text()='Error']"}
RESULT: {"using":"xpath","value":"//span[text()='Error']"}
COMMAND: POST /session/80b25485da4cce0461fa749928cde446/element - {"using":"xpath","value":"//button[@data-kt=\"masterHOAddButton\"]"}
RESULT: {"using":"xpath","value":"//button[@data-kt=\"masterHOAddButton\"]"}
COMMAND: POST /session/80b25485da4cce0461fa749928cde446/elements - {"using":"xpath","value":"//button[@data-kt=\"masterHOAddButton\"]"}
RESULT: {"using":"xpath","value":"//button[@data-kt=\"masterHOAddButton\"]"}
COMMAND: POST /session/80b25485da4cce0461fa749928cde446/execute/sync - {"script":"<script> [8489 bytes]","args":[{"element-6066-11e4-a52e-4f735466cecf":"f.499FA332C3249B1FB6786AFDCB682F30.d.6FEA89A0E788CE7F088974E7734BFE88.e.16735","ELEMENT":"f.499FA332C3249B1FB6786AFDCB682F30.d.6FEA89A0E788CE7F088974E7734BFE88.e.16735"}]}
RESULT: {"script":"<script> [8489 bytes]","args":[{"element-6066-11e4-a52e-4f735466cecf":"f.499FA332C3249B1FB6786AFDCB682F30.d.6FEA89A0E788CE7F088974E7734BFE88.e.16735","ELEMENT":"f.499FA332C3249B1FB6786AFDCB682F30.d.6FEA89A0E788CE7F088974E7734BFE88.e.16735"}]}
COMMAND: GET /session/80b25485da4cce0461fa749928cde446/element/f.499FA332C3249B1FB6786AFDCB682F30.d.6FEA89A0E788CE7F088974E7734BFE88.e.16735/enabled - {}
COMMAND: GET /session/80b25485da4cce0461fa749928cde446/screenshot - {}
RESULT: {}
COMMAND: POST /session/80b25485da4cce0461fa749928cde446/execute/sync - {"script":"<script> [8489 bytes]","args":[{"element-6066-11e4-a52e-4f735466cecf":"f.499FA332C3249B1FB6786AFDCB682F30.d.6FEA89A0E788CE7F088974E7734BFE88.e.16735","ELEMENT":"f.499FA332C3249B1FB6786AFDCB682F30.d.6FEA89A0E788CE7F088974E7734BFE88.e.16735"}]}
COMMAND: GET /session/80b25485da4cce0461fa749928cde446/screenshot - {}
RESULT: {}
RESULT: {"script":"<script> [8489 bytes]","args":[{"element-6066-11e4-a52e-4f735466cecf":"f.499FA332C3249B1FB6786AFDCB682F30.d.6FEA89A0E788CE7F088974E7734BFE88.e.16735","ELEMENT":"f.499FA332C3249B1FB6786AFDCB682F30.d.6FEA89A0E788CE7F088974E7734BFE88.e.16735"}]}
COMMAND: POST /session/80b25485da4cce0461fa749928cde446/execute/sync - {"script":"<script> [5351 bytes]","args":[{"element-6066-11e4-a52e-4f735466cecf":"f.499FA332C3249B1FB6786AFDCB682F30.d.6FEA89A0E788CE7F088974E7734BFE88.e.16735","ELEMENT":"f.499FA332C3249B1FB6786AFDCB682F30.d.6FEA89A0E788CE7F088974E7734BFE88.e.16735"}]}
COMMAND: GET /session/80b25485da4cce0461fa749928cde446/screenshot - {}
RESULT: {}
RESULT: {"script":"<script> [5351 bytes]","args":[{"element-6066-11e4-a52e-4f735466cecf":"f.499FA332C3249B1FB6786AFDCB682F30.d.6FEA89A0E788CE7F088974E7734BFE88.e.16735","ELEMENT":"f.499FA332C3249B1FB6786AFDCB682F30.d.6FEA89A0E788CE7F088974E7734BFE88.e.16735"}]}
COMMAND: POST /session/80b25485da4cce0461fa749928cde446/element/f.499FA332C3249B1FB6786AFDCB682F30.d.6FEA89A0E788CE7F088974E7734BFE88.e.16735/click - {}
COMMAND: GET /session/80b25485da4cce0461fa749928cde446/screenshot - {}
RESULT: {}
RESULT: {}
COMMAND: GET /session/80b25485da4cce0461fa749928cde446/screenshot - {}
RESULT: {}
RESULT: {}
COMMAND: POST /session/80b25485da4cce0461fa749928cde446/element - {"using":"xpath","value":"//span[contains(@id ,\"AddNewHO--typeSelect-arrow\")]"}
RESULT: {"using":"xpath","value":"//span[contains(@id ,\"AddNewHO--typeSelect-arrow\")]"}
COMMAND: POST /session/80b25485da4cce0461fa749928cde446/element/f.499FA332C3249B1FB6786AFDCB682F30.d.6FEA89A0E788CE7F088974E7734BFE88.e.17127/click - {}
RESULT: {}
COMMAND: GET /session/80b25485da4cce0461fa749928cde446/screenshot - {}
RESULT: {}
COMMAND: POST /session/80b25485da4cce0461fa749928cde446/element - {"using":"xpath","value":"(//li[contains(text(), \"transfer\")])[1]"}
RESULT: {"using":"xpath","value":"(//li[contains(text(), \"transfer\")])[1]"}
COMMAND: POST /session/80b25485da4cce0461fa749928cde446/element/f.499FA332C3249B1FB6786AFDCB682F30.d.6FEA89A0E788CE7F088974E7734BFE88.e.17129/click - {}
RESULT: {}
COMMAND: GET /session/80b25485da4cce0461fa749928cde446/screenshot - {}
RESULT: {}
RESULT: undefined
COMMAND: POST /session/80b25485da4cce0461fa749928cde446/execute/async - {"script":"<script> [6424 bytes]","args":[{"element-6066-11e4-a52e-4f735466cecf":"f.499FA332C3249B1FB6786AFDCB682F30.d.6FEA89A0E788CE7F088974E7734BFE88.e.17103"},"setValue",["06/01/25"]]}
COMMAND: POST /session/80b25485da4cce0461fa749928cde446/execute/async - {"script":"<script> [1562 bytes]","args":[{"selector":{"id":"application-managehandovers-display-component---AddNewHO--dueDate","interaction":{"idSuffix":"inner"}},"wdio_ui5_key":"applicationmanagehandovers-display-component---AddNewHO--dueDate"}]}
RESULT: {"script":"<script> [1562 bytes]","args":[{"selector":{"id":"application-managehandovers-display-component---AddNewHO--dueDate","interaction":{"idSuffix":"inner"}},"wdio_ui5_key":"applicationmanagehandovers-display-component---AddNewHO--dueDate"}]}
COMMAND: POST /session/80b25485da4cce0461fa749928cde446/execute/async - {"script":"<script> [6424 bytes]","args":[{"element-6066-11e4-a52e-4f735466cecf":"f.499FA332C3249B1FB6786AFDCB682F30.d.6FEA89A0E788CE7F088974E7734BFE88.e.17156"},"setValue",["06/01/25"]]}
RESULT: {"script":"<script> [6424 bytes]","args":[{"element-6066-11e4-a52e-4f735466cecf":"f.499FA332C3249B1FB6786AFDCB682F30.d.6FEA89A0E788CE7F088974E7734BFE88.e.17156"},"setValue",["06/01/25"]]}
COMMAND: POST /session/80b25485da4cce0461fa749928cde446/element - {"using":"xpath","value":"//input[@id=\"generalSectionFrg--sendYard-inner\"]"}
RESULT: {"using":"xpath","value":"//input[@id=\"generalSectionFrg--sendYard-inner\"]"}
COMMAND: POST /session/80b25485da4cce0461fa749928cde446/element/f.499FA332C3249B1FB6786AFDCB682F30.d.6FEA89A0E788CE7F088974E7734BFE88.e.17162/clear - {}
RESULT: {}
COMMAND: POST /session/80b25485da4cce0461fa749928cde446/element/f.499FA332C3249B1FB6786AFDCB682F30.d.6FEA89A0E788CE7F088974E7734BFE88.e.17162/value - {"text":"552"}
COMMAND: GET /session/80b25485da4cce0461fa749928cde446/screenshot - {}
RESULT: {"text":"552"}
COMMAND: GET /session/80b25485da4cce0461fa749928cde446/screenshot - {}
RESULT: {}
RESULT: {}
COMMAND: POST /session/80b25485da4cce0461fa749928cde446/element - {"using":"xpath","value":"//li[.//span[text()='552']]"}
RESULT: {"using":"xpath","value":"//li[.//span[text()='552']]"}
COMMAND: POST /session/80b25485da4cce0461fa749928cde446/element/f.499FA332C3249B1FB6786AFDCB682F30.d.6FEA89A0E788CE7F088974E7734BFE88.e.17182/click - {}
RESULT: {}
COMMAND: GET /session/80b25485da4cce0461fa749928cde446/screenshot - {}
RESULT: {}
COMMAND: POST /session/80b25485da4cce0461fa749928cde446/element - {"using":"xpath","value":"//input[@id=\"generalSectionFrg--receiveYard-inner\"]"}
RESULT: {"using":"xpath","value":"//input[@id=\"generalSectionFrg--receiveYard-inner\"]"}
COMMAND: POST /session/80b25485da4cce0461fa749928cde446/element/f.499FA332C3249B1FB6786AFDCB682F30.d.6FEA89A0E788CE7F088974E7734BFE88.e.17163/clear - {}
RESULT: {}
COMMAND: POST /session/80b25485da4cce0461fa749928cde446/element/f.499FA332C3249B1FB6786AFDCB682F30.d.6FEA89A0E788CE7F088974E7734BFE88.e.17163/value - {"text":"557"}
COMMAND: GET /session/80b25485da4cce0461fa749928cde446/screenshot - {}
RESULT: {"text":"557"}
COMMAND: GET /session/80b25485da4cce0461fa749928cde446/screenshot - {}
RESULT: {}
RESULT: {}
COMMAND: POST /session/80b25485da4cce0461fa749928cde446/element - {"using":"xpath","value":"//li[.//span[text()='557']]"}
RESULT: {"using":"xpath","value":"//li[.//span[text()='557']]"}
COMMAND: POST /session/80b25485da4cce0461fa749928cde446/element/f.499FA332C3249B1FB6786AFDCB682F30.d.6FEA89A0E788CE7F088974E7734BFE88.e.17184/click - {}
RESULT: {}
COMMAND: GET /session/80b25485da4cce0461fa749928cde446/screenshot - {}
RESULT: {}
COMMAND: POST /session/80b25485da4cce0461fa749928cde446/execute/async - {"script":"<script> [1562 bytes]","args":[{"selector":{"id":"application-managehandovers-display-component---AddNewHO--ObjectPageLayout-anchBar-application-managehandovers-display-component---AddNewHO--section4-anchor","interaction":{"idSuffix":"BDI-content"}},"wdio_ui5_key":"applicationmanagehandovers-display-component---AddNewHO--ObjectPageLayout-anchBar-application-managehandovers-display-component---AddNewHO--section4-anchor"}]}
RESULT: {"script":"<script> [1562 bytes]","args":[{"selector":{"id":"application-managehandovers-display-component---AddNewHO--ObjectPageLayout-anchBar-application-managehandovers-display-component---AddNewHO--section4-anchor","interaction":{"idSuffix":"BDI-content"}},"wdio_ui5_key":"applicationmanagehandovers-display-component---AddNewHO--ObjectPageLayout-anchBar-application-managehandovers-display-component---AddNewHO--section4-anchor"}]}
RESULT: undefined
COMMAND: POST /session/80b25485da4cce0461fa749928cde446/element - {"using":"xpath","value":"//*[@id=\"application-managehandovers-display-component---AddNewHO--ObjectPageLayout-anchBar-application-managehandovers-display-component---AddNewHO--section4-anchor\"]"}
RESULT: {"using":"xpath","value":"//*[@id=\"application-managehandovers-display-component---AddNewHO--ObjectPageLayout-anchBar-application-managehandovers-display-component---AddNewHO--section4-anchor\"]"}
COMMAND: POST /session/80b25485da4cce0461fa749928cde446/element/f.499FA332C3249B1FB6786AFDCB682F30.d.6FEA89A0E788CE7F088974E7734BFE88.e.17186/click - {}
RESULT: {}
COMMAND: GET /session/80b25485da4cce0461fa749928cde446/screenshot - {}
RESULT: {}
COMMAND: POST /session/80b25485da4cce0461fa749928cde446/element - {"using":"xpath","value":"//button[@data-kt=\"AddNewHOProvideAddItemsButton\"]"}
RESULT: {"using":"xpath","value":"//button[@data-kt=\"AddNewHOProvideAddItemsButton\"]"}
COMMAND: POST /session/80b25485da4cce0461fa749928cde446/element/f.499FA332C3249B1FB6786AFDCB682F30.d.6FEA89A0E788CE7F088974E7734BFE88.e.17190/click - {}
RESULT: {}
COMMAND: GET /session/80b25485da4cce0461fa749928cde446/screenshot - {}
RESULT: {}
COMMAND: POST /session/80b25485da4cce0461fa749928cde446/element - {"using":"xpath","value":"//div[contains(@id,\"AddNewHO--TransferHOTypesRuDialogTable-sa-CbBg\")]"}
RESULT: {"using":"xpath","value":"//div[contains(@id,\"AddNewHO--TransferHOTypesRuDialogTable-sa-CbBg\")]"}
COMMAND: POST /session/80b25485da4cce0461fa749928cde446/element/f.499FA332C3249B1FB6786AFDCB682F30.d.6FEA89A0E788CE7F088974E7734BFE88.e.17203/click - {}
RESULT: {}
COMMAND: GET /session/80b25485da4cce0461fa749928cde446/screenshot - {}
RESULT: {}
COMMAND: POST /session/80b25485da4cce0461fa749928cde446/element - {"using":"xpath","value":"//table[contains(@id,\"AddNewHO--TransferHOTypesRuDialogTable-listUl\")]/tbody/tr[1]/td[6]/div/div/input"}
RESULT: {"using":"xpath","value":"//table[contains(@id,\"AddNewHO--TransferHOTypesRuDialogTable-listUl\")]/tbody/tr[1]/td[6]/div/div/input"}
COMMAND: POST /session/80b25485da4cce0461fa749928cde446/elements - {"using":"xpath","value":"//table[contains(@id,\"AddNewHO--TransferHOTypesRuDialogTable-listUl\")]/tbody/tr[1]/td[6]/div/div/input"}
RESULT: {"using":"xpath","value":"//table[contains(@id,\"AddNewHO--TransferHOTypesRuDialogTable-listUl\")]/tbody/tr[1]/td[6]/div/div/input"}
COMMAND: POST /session/80b25485da4cce0461fa749928cde446/element - {"using":"xpath","value":"//bdi[contains(text(), \"OK\")]"}
RESULT: {"using":"xpath","value":"//bdi[contains(text(), \"OK\")]"}
COMMAND: POST /session/80b25485da4cce0461fa749928cde446/element/f.499FA332C3249B1FB6786AFDCB682F30.d.6FEA89A0E788CE7F088974E7734BFE88.e.17204/click - {}
RESULT: {}
COMMAND: GET /session/80b25485da4cce0461fa749928cde446/screenshot - {}
RESULT: {}
COMMAND: POST /session/80b25485da4cce0461fa749928cde446/execute/async - {"script":"<script> [1562 bytes]","args":[{"selector":{"id":"application-managehandovers-display-component---AddNewHO--confirmCreationButton","interaction":{"idSuffix":"BDI-content"}},"wdio_ui5_key":"applicationmanagehandovers-display-component---AddNewHO--confirmCreationButton"}]}
RESULT: {"script":"<script> [1562 bytes]","args":[{"selector":{"id":"application-managehandovers-display-component---AddNewHO--confirmCreationButton","interaction":{"idSuffix":"BDI-content"}},"wdio_ui5_key":"applicationmanagehandovers-display-component---AddNewHO--confirmCreationButton"}]}
RESULT: undefined
COMMAND: POST /session/80b25485da4cce0461fa749928cde446/element - {"using":"xpath","value":"//*[@id=\"application-managehandovers-display-component---AddNewHO--confirmCreationButton\"]"}
RESULT: {"using":"xpath","value":"//*[@id=\"application-managehandovers-display-component---AddNewHO--confirmCreationButton\"]"}
COMMAND: POST /session/80b25485da4cce0461fa749928cde446/element/f.499FA332C3249B1FB6786AFDCB682F30.d.6FEA89A0E788CE7F088974E7734BFE88.e.17208/click - {}
COMMAND: POST /session/80b25485da4cce0461fa749928cde446/element - {"using":"xpath","value":"(//section[contains(@id,\"headerContentForm--FC-NoHead\")])[2]/div[1]/div[5]/div[2]/div/span"}
RESULT: {"using":"xpath","value":"(//section[contains(@id,\"headerContentForm--FC-NoHead\")])[2]/div[1]/div[5]/div[2]/div/span"}
COMMAND: GET /session/80b25485da4cce0461fa749928cde446/screenshot - {}
RESULT: {}
COMMAND: GET /session/80b25485da4cce0461fa749928cde446/screenshot - {}
COMMAND: GET /session/80b25485da4cce0461fa749928cde446/screenshot - {}
RESULT: {}
RESULT: {}
COMMAND: DELETE /session/80b25485da4cce0461fa749928cde446 - {}
RESULT: {}
]]></system-out>
      <system-err><![CDATA[
Error: The element with selector "(//section[contains(@id,"headerContentForm--FC-NoHead")])[2]/div[1]/div[5]/div[2]/div/span" you are trying to pass into the execute method wasn't found
    at Array.map (<anonymous>)
    at async Context.<anonymous> (D:\a\1\s\test\specs\HTR\transfer-yard-to-yard.spec.js:148:37)
]]></system-err>
    </testcase>
  </testsuite>
</testsuites>