<?xml version="1.0" encoding="UTF-8"?>
<testsuites tests="24" failures="0" errors="0" skipped="0">
  <testsuite timestamp="2025-06-12T15:38:19" time="690.552" tests="5" failures="0" errors="0" skipped="0">
    <properties>
      <property name="specId" value="0" />
      <property name="suiteName" value="Manage Requests Tags Tests US120163" />
      <property name="capabilities" value="chrome.137_0_7151_69.windows" />
      <property name="file" value="file:///D:/a/1/s/test/specs/R2C/create-request-Tags.spec.js" />
    </properties>
    <testcase classname="chrome.137_0_7151_69.windows.Manage_Requests_Tags_Tests_US120163" name="Should create a new yard" time="128.824">
      <system-out><![CDATA[
COMMAND: POST /session/29c94e7c3de8c8de4e6aab3f7ecf7110/execute/async - {"script":"<script> [1562 bytes]","args":[{"selector":{"controlType":"sap.m.GenericTile","properties":{"header":"Manage Yards"}},"wdio_ui5_key":"sapm.GenericTile{\"header\":\"Manage Yards\"}"}]}
RESULT: {"script":"<script> [1562 bytes]","args":[{"selector":{"controlType":"sap.m.GenericTile","properties":{"header":"Manage Yards"}},"wdio_ui5_key":"sapm.GenericTile{\"header\":\"Manage Yards\"}"}]}
RESULT: undefined
COMMAND: POST /session/29c94e7c3de8c8de4e6aab3f7ecf7110/element - {"using":"xpath","value":"//*[@id=\"__tile42\"]"}
RESULT: {"using":"xpath","value":"//*[@id=\"__tile42\"]"}
COMMAND: POST /session/29c94e7c3de8c8de4e6aab3f7ecf7110/element/f.A8B909B395C19A77638691ECE2720CC3.d.5DA929BDFDFB5C42DA21C89DC2E221BE.e.113/click - {}
RESULT: {}
COMMAND: GET /session/29c94e7c3de8c8de4e6aab3f7ecf7110/screenshot - {}
RESULT: {}
COMMAND: POST /session/29c94e7c3de8c8de4e6aab3f7ecf7110/elements - {"using":"xpath","value":"//span[text()='Error']"}
RESULT: {"using":"xpath","value":"//span[text()='Error']"}
COMMAND: POST /session/29c94e7c3de8c8de4e6aab3f7ecf7110/execute/async - {"script":"<script> [1562 bytes]","args":[{"selector":{"controlType":"sap.ui.core.Icon","viewName":"etm.portal.ui.manageyards.view.Master","viewId":"application-manageyards-display-component---masterYard","properties":{"src":{"regex":{"source":"add"}}}},"wdio_ui5_key":"etmportal.ui.manageyards.view.Mastersap.ui.core.Icon{\"src\":{\"regex\":{\"source\":\"add\"}}}"}]}
RESULT: {"script":"<script> [1562 bytes]","args":[{"selector":{"controlType":"sap.ui.core.Icon","viewName":"etm.portal.ui.manageyards.view.Master","viewId":"application-manageyards-display-component---masterYard","properties":{"src":{"regex":{"source":"add"}}}},"wdio_ui5_key":"etmportal.ui.manageyards.view.Mastersap.ui.core.Icon{\"src\":{\"regex\":{\"source\":\"add\"}}}"}]}
RESULT: undefined
COMMAND: POST /session/29c94e7c3de8c8de4e6aab3f7ecf7110/element - {"using":"xpath","value":"//*[@id=\"__button4-img\"]"}
RESULT: {"using":"xpath","value":"//*[@id=\"__button4-img\"]"}
COMMAND: POST /session/29c94e7c3de8c8de4e6aab3f7ecf7110/element/f.A8B909B395C19A77638691ECE2720CC3.d.5DA929BDFDFB5C42DA21C89DC2E221BE.e.161/click - {}
RESULT: {}
COMMAND: GET /session/29c94e7c3de8c8de4e6aab3f7ecf7110/screenshot - {}
RESULT: {}
COMMAND: POST /session/29c94e7c3de8c8de4e6aab3f7ecf7110/execute/async - {"script":"<script> [1562 bytes]","args":[{"selector":{"id":"application-manageyards-display-component---NewYard--yardId","interaction":{"idSuffix":"inner"}},"wdio_ui5_key":"applicationmanageyards-display-component---NewYard--yardId"}]}
RESULT: {"script":"<script> [1562 bytes]","args":[{"selector":{"id":"application-manageyards-display-component---NewYard--yardId","interaction":{"idSuffix":"inner"}},"wdio_ui5_key":"applicationmanageyards-display-component---NewYard--yardId"}]}
RESULT: undefined
COMMAND: POST /session/29c94e7c3de8c8de4e6aab3f7ecf7110/element - {"using":"xpath","value":"//*[@id=\"application-manageyards-display-component---NewYard--addressDetailDetailsName1-inner\"]"}
RESULT: {"using":"xpath","value":"//*[@id=\"application-manageyards-display-component---NewYard--addressDetailDetailsName1-inner\"]"}
COMMAND: POST /session/29c94e7c3de8c8de4e6aab3f7ecf7110/element/f.A8B909B395C19A77638691ECE2720CC3.d.5DA929BDFDFB5C42DA21C89DC2E221BE.e.356/clear - {}
RESULT: {}
COMMAND: POST /session/29c94e7c3de8c8de4e6aab3f7ecf7110/element/f.A8B909B395C19A77638691ECE2720CC3.d.5DA929BDFDFB5C42DA21C89DC2E221BE.e.356/value - {"text":"WebdriverYardrpieg"}
COMMAND: GET /session/29c94e7c3de8c8de4e6aab3f7ecf7110/screenshot - {}
RESULT: {"text":"WebdriverYardrpieg"}
COMMAND: POST /session/29c94e7c3de8c8de4e6aab3f7ecf7110/element - {"using":"xpath","value":"//*[@id=\"application-manageyards-display-component---NewYard--addressDetailDetailsLanguage-inner\"]"}
COMMAND: GET /session/29c94e7c3de8c8de4e6aab3f7ecf7110/screenshot - {}
RESULT: {}
RESULT: {"using":"xpath","value":"//*[@id=\"application-manageyards-display-component---NewYard--addressDetailDetailsLanguage-inner\"]"}
COMMAND: POST /session/29c94e7c3de8c8de4e6aab3f7ecf7110/element/f.A8B909B395C19A77638691ECE2720CC3.d.5DA929BDFDFB5C42DA21C89DC2E221BE.e.357/clear - {}
RESULT: {}
RESULT: {}
COMMAND: POST /session/29c94e7c3de8c8de4e6aab3f7ecf7110/element/f.A8B909B395C19A77638691ECE2720CC3.d.5DA929BDFDFB5C42DA21C89DC2E221BE.e.357/value - {"text":"Romanian"}
COMMAND: GET /session/29c94e7c3de8c8de4e6aab3f7ecf7110/screenshot - {}
RESULT: {"text":"Romanian"}
COMMAND: POST /session/29c94e7c3de8c8de4e6aab3f7ecf7110/element - {"using":"xpath","value":"//input[contains(@id ,\"application-manageyards-display-component---NewYard--addressDetailDetailsName1-inner\")]"}
COMMAND: GET /session/29c94e7c3de8c8de4e6aab3f7ecf7110/screenshot - {}
RESULT: {}
RESULT: {"using":"xpath","value":"//input[contains(@id ,\"application-manageyards-display-component---NewYard--addressDetailDetailsName1-inner\")]"}
COMMAND: GET /session/29c94e7c3de8c8de4e6aab3f7ecf7110/element/f.A8B909B395C19A77638691ECE2720CC3.d.5DA929BDFDFB5C42DA21C89DC2E221BE.e.356/property/value - {}
RESULT: {}
RESULT: {}
COMMAND: GET /session/29c94e7c3de8c8de4e6aab3f7ecf7110/screenshot - {}
RESULT: {}
COMMAND: POST /session/29c94e7c3de8c8de4e6aab3f7ecf7110/element - {"using":"xpath","value":"//*[@id=\"application-manageyards-display-component---NewYard--addressDetailDetailsCity1-inner\"]"}
RESULT: {"using":"xpath","value":"//*[@id=\"application-manageyards-display-component---NewYard--addressDetailDetailsCity1-inner\"]"}
COMMAND: POST /session/29c94e7c3de8c8de4e6aab3f7ecf7110/element/f.A8B909B395C19A77638691ECE2720CC3.d.5DA929BDFDFB5C42DA21C89DC2E221BE.e.359/clear - {}
RESULT: {}
COMMAND: POST /session/29c94e7c3de8c8de4e6aab3f7ecf7110/element/f.A8B909B395C19A77638691ECE2720CC3.d.5DA929BDFDFB5C42DA21C89DC2E221BE.e.359/value - {"text":"Bucuresti"}
COMMAND: GET /session/29c94e7c3de8c8de4e6aab3f7ecf7110/screenshot - {}
RESULT: {"text":"Bucuresti"}
COMMAND: GET /session/29c94e7c3de8c8de4e6aab3f7ecf7110/screenshot - {}
RESULT: {}
RESULT: {}
COMMAND: POST /session/29c94e7c3de8c8de4e6aab3f7ecf7110/element - {"using":"xpath","value":"//*[@id=\"application-manageyards-display-component---NewYard--addressDetailDetailsCountry-inner\"]"}
RESULT: {"using":"xpath","value":"//*[@id=\"application-manageyards-display-component---NewYard--addressDetailDetailsCountry-inner\"]"}
COMMAND: POST /session/29c94e7c3de8c8de4e6aab3f7ecf7110/element/f.A8B909B395C19A77638691ECE2720CC3.d.5DA929BDFDFB5C42DA21C89DC2E221BE.e.363/clear - {}
RESULT: {}
COMMAND: POST /session/29c94e7c3de8c8de4e6aab3f7ecf7110/element/f.A8B909B395C19A77638691ECE2720CC3.d.5DA929BDFDFB5C42DA21C89DC2E221BE.e.363/value - {"text":"Romania"}
COMMAND: GET /session/29c94e7c3de8c8de4e6aab3f7ecf7110/screenshot - {}
RESULT: {"text":"Romania"}
COMMAND: GET /session/29c94e7c3de8c8de4e6aab3f7ecf7110/screenshot - {}
RESULT: {}
RESULT: {}
COMMAND: POST /session/29c94e7c3de8c8de4e6aab3f7ecf7110/element - {"using":"xpath","value":"//div[contains(text(), \"Commercial\")]"}
RESULT: {"using":"xpath","value":"//div[contains(text(), \"Commercial\")]"}
COMMAND: GET /session/29c94e7c3de8c8de4e6aab3f7ecf7110/element/f.A8B909B395C19A77638691ECE2720CC3.d.5DA929BDFDFB5C42DA21C89DC2E221BE.e.534/rect - {}
RESULT: {}
COMMAND: GET /session/29c94e7c3de8c8de4e6aab3f7ecf7110/window/rect - {}
RESULT: {}
COMMAND: POST /session/29c94e7c3de8c8de4e6aab3f7ecf7110/execute/sync - {"script":"<script> [92 bytes]","args":[]}
RESULT: {"script":"<script> [92 bytes]","args":[]}
COMMAND: POST /session/29c94e7c3de8c8de4e6aab3f7ecf7110/actions - {"actions":[{"id":"action1","type":"wheel","parameters":{},"actions":[{"type":"scroll","x":-1841,"y":-44,"deltaX":0,"deltaY":0,"duration":0,"origin":{"element-6066-11e4-a52e-4f735466cecf":"f.A8B909B395C19A77638691ECE2720CC3.d.5DA929BDFDFB5C42DA21C89DC2E221BE.e.534"}}]}]}
COMMAND: GET /session/29c94e7c3de8c8de4e6aab3f7ecf7110/screenshot - {}
RESULT: {}
COMMAND: POST /session/29c94e7c3de8c8de4e6aab3f7ecf7110/execute/sync - {"script":"<script> [79 bytes]","args":[{"element-6066-11e4-a52e-4f735466cecf":"f.A8B909B395C19A77638691ECE2720CC3.d.5DA929BDFDFB5C42DA21C89DC2E221BE.e.534","ELEMENT":"f.A8B909B395C19A77638691ECE2720CC3.d.5DA929BDFDFB5C42DA21C89DC2E221BE.e.534"},{"block":"start","inline":"nearest"}]}
RESULT: {"script":"<script> [79 bytes]","args":[{"element-6066-11e4-a52e-4f735466cecf":"f.A8B909B395C19A77638691ECE2720CC3.d.5DA929BDFDFB5C42DA21C89DC2E221BE.e.534","ELEMENT":"f.A8B909B395C19A77638691ECE2720CC3.d.5DA929BDFDFB5C42DA21C89DC2E221BE.e.534"},{"block":"start","inline":"nearest"}]}
COMMAND: GET /session/29c94e7c3de8c8de4e6aab3f7ecf7110/screenshot - {}
RESULT: {}
COMMAND: POST /session/29c94e7c3de8c8de4e6aab3f7ecf7110/execute/async - {"script":"<script> [1562 bytes]","args":[{"selector":{"id":"application-manageyards-display-component---NewYard--addressEditDetailsCostObjectCstType-arrow"},"wdio_ui5_key":"applicationmanageyards-display-component---NewYard--addressEditDetailsCostObjectCstType-arrow"}]}
RESULT: {"script":"<script> [1562 bytes]","args":[{"selector":{"id":"application-manageyards-display-component---NewYard--addressEditDetailsCostObjectCstType-arrow"},"wdio_ui5_key":"applicationmanageyards-display-component---NewYard--addressEditDetailsCostObjectCstType-arrow"}]}
RESULT: undefined
COMMAND: POST /session/29c94e7c3de8c8de4e6aab3f7ecf7110/element - {"using":"xpath","value":"//*[@id=\"application-manageyards-display-component---NewYard--addressEditDetailsCostObjectCstType-arrow\"]"}
RESULT: {"using":"xpath","value":"//*[@id=\"application-manageyards-display-component---NewYard--addressEditDetailsCostObjectCstType-arrow\"]"}
COMMAND: POST /session/29c94e7c3de8c8de4e6aab3f7ecf7110/element/f.A8B909B395C19A77638691ECE2720CC3.d.5DA929BDFDFB5C42DA21C89DC2E221BE.e.541/click - {}
RESULT: {}
COMMAND: POST /session/29c94e7c3de8c8de4e6aab3f7ecf7110/element - {"using":"xpath","value":"//span[contains(text(), \"Cost Center\")]"}
COMMAND: GET /session/29c94e7c3de8c8de4e6aab3f7ecf7110/screenshot - {}
RESULT: {"using":"xpath","value":"//span[contains(text(), \"Cost Center\")]"}
COMMAND: POST /session/29c94e7c3de8c8de4e6aab3f7ecf7110/element/f.A8B909B395C19A77638691ECE2720CC3.d.5DA929BDFDFB5C42DA21C89DC2E221BE.e.543/click - {}
RESULT: {}
RESULT: {}
COMMAND: GET /session/29c94e7c3de8c8de4e6aab3f7ecf7110/screenshot - {}
RESULT: {}
COMMAND: POST /session/29c94e7c3de8c8de4e6aab3f7ecf7110/execute/async - {"script":"<script> [1562 bytes]","args":[{"selector":{"id":"application-manageyards-display-component---NewYard--addressNewCostObjectCstID-vhi"},"wdio_ui5_key":"applicationmanageyards-display-component---NewYard--addressNewCostObjectCstID-vhi"}]}
RESULT: {"script":"<script> [1562 bytes]","args":[{"selector":{"id":"application-manageyards-display-component---NewYard--addressNewCostObjectCstID-vhi"},"wdio_ui5_key":"applicationmanageyards-display-component---NewYard--addressNewCostObjectCstID-vhi"}]}
RESULT: undefined
COMMAND: POST /session/29c94e7c3de8c8de4e6aab3f7ecf7110/element - {"using":"xpath","value":"//*[@id=\"application-manageyards-display-component---NewYard--addressNewCostObjectCstID-vhi\"]"}
RESULT: {"using":"xpath","value":"//*[@id=\"application-manageyards-display-component---NewYard--addressNewCostObjectCstID-vhi\"]"}
COMMAND: POST /session/29c94e7c3de8c8de4e6aab3f7ecf7110/element/f.A8B909B395C19A77638691ECE2720CC3.d.5DA929BDFDFB5C42DA21C89DC2E221BE.e.558/click - {}
RESULT: {}
COMMAND: GET /session/29c94e7c3de8c8de4e6aab3f7ecf7110/screenshot - {}
RESULT: {}
COMMAND: POST /session/29c94e7c3de8c8de4e6aab3f7ecf7110/execute/async - {"script":"<script> [1562 bytes]","args":[{"selector":{"controlType":"sap.m.SearchField","properties":{"placeholder":"Search"},"searchOpenDialogs":true,"interaction":{"idSuffix":"I"}},"wdio_ui5_key":"sapm.SearchField{\"placeholder\":\"Search\"}"}]}
RESULT: {"script":"<script> [1562 bytes]","args":[{"selector":{"controlType":"sap.m.SearchField","properties":{"placeholder":"Search"},"searchOpenDialogs":true,"interaction":{"idSuffix":"I"}},"wdio_ui5_key":"sapm.SearchField{\"placeholder\":\"Search\"}"}]}
RESULT: undefined
COMMAND: POST /session/29c94e7c3de8c8de4e6aab3f7ecf7110/execute/async - {"script":"<script> [776 bytes]","args":[{"enterText":"10001013","selector":{"controlType":"sap.m.SearchField","properties":{"placeholder":"Search"},"searchOpenDialogs":true,"interaction":{"idSuffix":"I"}},"clearTextFirst":true,"interactionType":"ENTER_TEXT"}]}
RESULT: {"script":"<script> [776 bytes]","args":[{"enterText":"10001013","selector":{"controlType":"sap.m.SearchField","properties":{"placeholder":"Search"},"searchOpenDialogs":true,"interaction":{"idSuffix":"I"}},"clearTextFirst":true,"interactionType":"ENTER_TEXT"}]}
COMMAND: POST /session/29c94e7c3de8c8de4e6aab3f7ecf7110/actions - {"actions":[{"id":"action2","type":"key","parameters":{},"actions":[{"type":"keyDown","value":"î€‡"},{"type":"pause","duration":10},{"type":"keyUp","value":"î€‡"}]}]}
RESULT: {"actions":[{"id":"action2","type":"key","parameters":{},"actions":[{"type":"keyDown","value":"î€‡"},{"type":"pause","duration":10},{"type":"keyUp","value":"î€‡"}]}]}
COMMAND: GET /session/29c94e7c3de8c8de4e6aab3f7ecf7110/screenshot - {}
RESULT: {}
COMMAND: POST /session/29c94e7c3de8c8de4e6aab3f7ecf7110/element - {"using":"xpath","value":"//span[contains(text(), \"General Management\")]"}
RESULT: {"using":"xpath","value":"//span[contains(text(), \"General Management\")]"}
COMMAND: POST /session/29c94e7c3de8c8de4e6aab3f7ecf7110/element/f.A8B909B395C19A77638691ECE2720CC3.d.5DA929BDFDFB5C42DA21C89DC2E221BE.e.599/click - {}
RESULT: {}
COMMAND: GET /session/29c94e7c3de8c8de4e6aab3f7ecf7110/screenshot - {}
RESULT: {}
COMMAND: POST /session/29c94e7c3de8c8de4e6aab3f7ecf7110/element - {"using":"xpath","value":"//bdi[contains(text(), \"OK\")]"}
RESULT: {"using":"xpath","value":"//bdi[contains(text(), \"OK\")]"}
COMMAND: POST /session/29c94e7c3de8c8de4e6aab3f7ecf7110/element/f.A8B909B395C19A77638691ECE2720CC3.d.5DA929BDFDFB5C42DA21C89DC2E221BE.e.600/click - {}
RESULT: {}
COMMAND: GET /session/29c94e7c3de8c8de4e6aab3f7ecf7110/screenshot - {}
RESULT: {}
COMMAND: POST /session/29c94e7c3de8c8de4e6aab3f7ecf7110/execute/async - {"script":"<script> [1562 bytes]","args":[{"selector":{"controlType":"sap.m.Button","viewName":"etm.portal.ui.manageyards.view.New","viewId":"application-manageyards-display-component---NewYard","i18NText":{"propertyName":"text","key":"save"},"interaction":{"idSuffix":"inner"}},"wdio_ui5_key":"etmportal.ui.manageyards.view.Newsap.m.Button{\"propertyName\":\"text\",\"key\":\"save\"}"}]}
RESULT: {"script":"<script> [1562 bytes]","args":[{"selector":{"controlType":"sap.m.Button","viewName":"etm.portal.ui.manageyards.view.New","viewId":"application-manageyards-display-component---NewYard","i18NText":{"propertyName":"text","key":"save"},"interaction":{"idSuffix":"inner"}},"wdio_ui5_key":"etmportal.ui.manageyards.view.Newsap.m.Button{\"propertyName\":\"text\",\"key\":\"save\"}"}]}
RESULT: undefined
COMMAND: POST /session/29c94e7c3de8c8de4e6aab3f7ecf7110/element - {"using":"xpath","value":"//*[@id=\"__button18\"]"}
RESULT: {"using":"xpath","value":"//*[@id=\"__button18\"]"}
COMMAND: POST /session/29c94e7c3de8c8de4e6aab3f7ecf7110/element/f.A8B909B395C19A77638691ECE2720CC3.d.5DA929BDFDFB5C42DA21C89DC2E221BE.e.513/click - {}
RESULT: {}
COMMAND: GET /session/29c94e7c3de8c8de4e6aab3f7ecf7110/screenshot - {}
RESULT: {}
COMMAND: POST /session/29c94e7c3de8c8de4e6aab3f7ecf7110/element - {"using":"xpath","value":"//header/div/div[2]/div[2]/span"}
RESULT: {"using":"xpath","value":"//header/div/div[2]/div[2]/span"}
COMMAND: GET /session/29c94e7c3de8c8de4e6aab3f7ecf7110/element/f.A8B909B395C19A77638691ECE2720CC3.d.5DA929BDFDFB5C42DA21C89DC2E221BE.e.776/text - {}
RESULT: {}
COMMAND: POST /session/29c94e7c3de8c8de4e6aab3f7ecf7110/execute/async - {"script":"<script> [1562 bytes]","args":[{"selector":{"controlType":"sap.m.OverflowToolbarButton","viewName":"etm.portal.ui.manageyards.view.Detail","viewId":"application-manageyards-display-component---detailYard","i18NText":{"propertyName":"tooltip","key":"closeColumn"},"interaction":{"idSuffix":"inner"}},"wdio_ui5_key":"etmportal.ui.manageyards.view.Detailsap.m.OverflowToolbarButton{\"propertyName\":\"tooltip\",\"key\":\"closeColumn\"}"}]}
RESULT: {"script":"<script> [1562 bytes]","args":[{"selector":{"controlType":"sap.m.OverflowToolbarButton","viewName":"etm.portal.ui.manageyards.view.Detail","viewId":"application-manageyards-display-component---detailYard","i18NText":{"propertyName":"tooltip","key":"closeColumn"},"interaction":{"idSuffix":"inner"}},"wdio_ui5_key":"etmportal.ui.manageyards.view.Detailsap.m.OverflowToolbarButton{\"propertyName\":\"tooltip\",\"key\":\"closeColumn\"}"}]}
RESULT: undefined
COMMAND: POST /session/29c94e7c3de8c8de4e6aab3f7ecf7110/element - {"using":"xpath","value":"//*[@id=\"__button42\"]"}
RESULT: {"using":"xpath","value":"//*[@id=\"__button42\"]"}
COMMAND: POST /session/29c94e7c3de8c8de4e6aab3f7ecf7110/element/f.A8B909B395C19A77638691ECE2720CC3.d.5DA929BDFDFB5C42DA21C89DC2E221BE.e.778/click - {}
RESULT: {}
COMMAND: GET /session/29c94e7c3de8c8de4e6aab3f7ecf7110/screenshot - {}
RESULT: {}
COMMAND: POST /session/29c94e7c3de8c8de4e6aab3f7ecf7110/element - {"using":"css selector","value":"#shell-header-logo"}
RESULT: {"using":"css selector","value":"#shell-header-logo"}
COMMAND: POST /session/29c94e7c3de8c8de4e6aab3f7ecf7110/element/f.A8B909B395C19A77638691ECE2720CC3.d.5DA929BDFDFB5C42DA21C89DC2E221BE.e.116/click - {}
RESULT: {}
COMMAND: GET /session/29c94e7c3de8c8de4e6aab3f7ecf7110/screenshot - {}
RESULT: {}
COMMAND: POST /session/29c94e7c3de8c8de4e6aab3f7ecf7110/refresh - {}
RESULT: {}
COMMAND: GET /session/29c94e7c3de8c8de4e6aab3f7ecf7110/screenshot - {}
RESULT: {}
RESULT: undefined
COMMAND: POST /session/29c94e7c3de8c8de4e6aab3f7ecf7110/execute/async - {"script":"<script> [189 bytes]","args":[]}
RESULT: {"script":"<script> [189 bytes]","args":[]}
COMMAND: POST /session/29c94e7c3de8c8de4e6aab3f7ecf7110/execute/async - {"script":"<script> [123 bytes]","args":[]}
RESULT: {"script":"<script> [123 bytes]","args":[]}
COMMAND: POST /session/29c94e7c3de8c8de4e6aab3f7ecf7110/timeouts - {"script":"<number>"}
RESULT: {"script":"<number>"}
COMMAND: GET /session/29c94e7c3de8c8de4e6aab3f7ecf7110/timeouts - {}
RESULT: {}
RESULT: undefined
COMMAND: POST /session/29c94e7c3de8c8de4e6aab3f7ecf7110/execute/async - {"script":"<script> [2676 bytes]","args":[]}
RESULT: {"script":"<script> [2676 bytes]","args":[]}
COMMAND: POST /session/29c94e7c3de8c8de4e6aab3f7ecf7110/execute/async - {"script":"<script> [2342 bytes]","args":[{"protocol":"http","hostname":"0.0.0.0","path":"/","capabilities":{"browserName":"chrome","goog:chromeOptions":{"binary":"C:\\Program Files\\Google\\Chrome\\Application\\chrome.exe","args":["--start-maximized"]}},"logLevel":"warn","connectionRetryTimeout":120000,"connectionRetryCount":3,"logLevels":{},"enableDirectConnect":true,"strictSSL":true,"_":"65 more keys: [\"cacheDir\",\"port\",\"requestedCapabilities\",\"automationProtocol\",\"baseUrl\",\"waitforInterval\",\"waitforTimeout\",\"onReload\",\"beforeCommand\",\"afterCommand\",\"rootDir\",\"specs\",\"suites\",\"exclude\",\"groupLogsByTestSpec\",\"excludeDriverLogs\",\"bail\",\"framework\",\"reporters\",\"services\",\"maxInstances\",\"maxInstancesPerCapability\",\"injectGlobals\",\"filesToWatch\",\"execArgv\",\"runnerEnv\",\"runner\",\"shard\",\"specFileRetries\",\"specFileRetriesDelay\",\"specFileRetriesDeferred\",\"reporterSyncInterval\",\"reporterSyncTimeout\",\"cucumberFeaturesWithLineNumbers\",\"autoCompileOpts\",\"mochaOpts\",\"jasmineOpts\",\"cucumberOpts\",\"onPrepare\",\"onWorkerStart\",\"onWorkerEnd\",\"before\",\"beforeSession\",\"beforeSuite\",\"beforeHook\",\"beforeTest\",\"afterTest\",\"afterHook\",\"afterSuite\",\"afterSession\",\"after\",\"onComplete\",\"beforeAssertion\",\"afterAssertion\",\"beforeFeature\",\"beforeScenario\",\"beforeStep\",\"afterStep\",\"afterScenario\",\"afterFeature\",\"_\",\"suite\",\"$0\",\"ignoredWorkerServices\",\"wdi5\"]"}]}
RESULT: {"script":"<script> [2342 bytes]","args":[{"protocol":"http","hostname":"0.0.0.0","path":"/","capabilities":{"browserName":"chrome","goog:chromeOptions":{"binary":"C:\\Program Files\\Google\\Chrome\\Application\\chrome.exe","args":["--start-maximized"]}},"logLevel":"warn","connectionRetryTimeout":120000,"connectionRetryCount":3,"logLevels":{},"enableDirectConnect":true,"strictSSL":true,"_":"65 more keys: [\"cacheDir\",\"port\",\"requestedCapabilities\",\"automationProtocol\",\"baseUrl\",\"waitforInterval\",\"waitforTimeout\",\"onReload\",\"beforeCommand\",\"afterCommand\",\"rootDir\",\"specs\",\"suites\",\"exclude\",\"groupLogsByTestSpec\",\"excludeDriverLogs\",\"bail\",\"framework\",\"reporters\",\"services\",\"maxInstances\",\"maxInstancesPerCapability\",\"injectGlobals\",\"filesToWatch\",\"execArgv\",\"runnerEnv\",\"runner\",\"shard\",\"specFileRetries\",\"specFileRetriesDelay\",\"specFileRetriesDeferred\",\"reporterSyncInterval\",\"reporterSyncTimeout\",\"cucumberFeaturesWithLineNumbers\",\"autoCompileOpts\",\"mochaOpts\",\"jasmineOpts\",\"cucumberOpts\",\"onPrepare\",\"onWorkerStart\",\"onWorkerEnd\",\"before\",\"beforeSession\",\"beforeSuite\",\"beforeHook\",\"beforeTest\",\"afterTest\",\"afterHook\",\"afterSuite\",\"afterSession\",\"after\",\"onComplete\",\"beforeAssertion\",\"afterAssertion\",\"beforeFeature\",\"beforeScenario\",\"beforeStep\",\"afterStep\",\"afterScenario\",\"afterFeature\",\"_\",\"suite\",\"$0\",\"ignoredWorkerServices\",\"wdi5\"]"}]}
COMMAND: POST /session/29c94e7c3de8c8de4e6aab3f7ecf7110/execute/async - {"script":"<script> [21126 bytes]","args":[35000]}
RESULT: {"script":"<script> [21126 bytes]","args":[35000]}
]]></system-out>
    </testcase>
    <testcase classname="chrome.137_0_7151_69.windows.Manage_Requests_Tags_Tests_US120163" name="Should create a new partner" time="90.102">
      <system-out><![CDATA[
COMMAND: POST /session/29c94e7c3de8c8de4e6aab3f7ecf7110/execute/async - {"script":"<script> [1562 bytes]","args":[{"selector":{"controlType":"sap.m.GenericTile","properties":{"header":"Manage Partners"}},"wdio_ui5_key":"sapm.GenericTile{\"header\":\"Manage Partners\"}"}]}
RESULT: {"script":"<script> [1562 bytes]","args":[{"selector":{"controlType":"sap.m.GenericTile","properties":{"header":"Manage Partners"}},"wdio_ui5_key":"sapm.GenericTile{\"header\":\"Manage Partners\"}"}]}
RESULT: undefined
COMMAND: POST /session/29c94e7c3de8c8de4e6aab3f7ecf7110/element - {"using":"xpath","value":"//*[@id=\"__tile39\"]"}
RESULT: {"using":"xpath","value":"//*[@id=\"__tile39\"]"}
COMMAND: POST /session/29c94e7c3de8c8de4e6aab3f7ecf7110/element/f.A8B909B395C19A77638691ECE2720CC3.d.651F587D175785FB0DAABF1D15807ABE.e.1118/click - {}
RESULT: {}
COMMAND: GET /session/29c94e7c3de8c8de4e6aab3f7ecf7110/screenshot - {}
RESULT: {}
COMMAND: POST /session/29c94e7c3de8c8de4e6aab3f7ecf7110/elements - {"using":"xpath","value":"//span[text()='Error']"}
RESULT: {"using":"xpath","value":"//span[text()='Error']"}
COMMAND: POST /session/29c94e7c3de8c8de4e6aab3f7ecf7110/execute/async - {"script":"<script> [1562 bytes]","args":[{"selector":{"controlType":"sap.ui.core.Icon","viewName":"etm.portal.ui.managepartners.view.Master","viewId":"application-managepartners-display-component---masterPtm","properties":{"src":{"regex":{"source":"add"}}}},"wdio_ui5_key":"etmportal.ui.managepartners.view.Mastersap.ui.core.Icon{\"src\":{\"regex\":{\"source\":\"add\"}}}"}]}
RESULT: {"script":"<script> [1562 bytes]","args":[{"selector":{"controlType":"sap.ui.core.Icon","viewName":"etm.portal.ui.managepartners.view.Master","viewId":"application-managepartners-display-component---masterPtm","properties":{"src":{"regex":{"source":"add"}}}},"wdio_ui5_key":"etmportal.ui.managepartners.view.Mastersap.ui.core.Icon{\"src\":{\"regex\":{\"source\":\"add\"}}}"}]}
RESULT: undefined
COMMAND: POST /session/29c94e7c3de8c8de4e6aab3f7ecf7110/element - {"using":"xpath","value":"//*[@id=\"__button4-img\"]"}
RESULT: {"using":"xpath","value":"//*[@id=\"__button4-img\"]"}
COMMAND: POST /session/29c94e7c3de8c8de4e6aab3f7ecf7110/element/f.A8B909B395C19A77638691ECE2720CC3.d.651F587D175785FB0DAABF1D15807ABE.e.1170/click - {}
RESULT: {}
COMMAND: GET /session/29c94e7c3de8c8de4e6aab3f7ecf7110/screenshot - {}
RESULT: {}
COMMAND: POST /session/29c94e7c3de8c8de4e6aab3f7ecf7110/execute/async - {"script":"<script> [1562 bytes]","args":[{"selector":{"id":"application-managepartners-display-component---NewPartner--partnerId","interaction":{"idSuffix":"inner"}},"wdio_ui5_key":"applicationmanagepartners-display-component---NewPartner--partnerId"}]}
RESULT: {"script":"<script> [1562 bytes]","args":[{"selector":{"id":"application-managepartners-display-component---NewPartner--partnerId","interaction":{"idSuffix":"inner"}},"wdio_ui5_key":"applicationmanagepartners-display-component---NewPartner--partnerId"}]}
RESULT: undefined
COMMAND: POST /session/29c94e7c3de8c8de4e6aab3f7ecf7110/execute/async - {"script":"<script> [1562 bytes]","args":[{"selector":{"id":"application-managepartners-display-component---NewPartner--addressDetailDetailsName1","interaction":{"idSuffix":"inner"}},"wdio_ui5_key":"applicationmanagepartners-display-component---NewPartner--addressDetailDetailsName1"}]}
RESULT: {"script":"<script> [1562 bytes]","args":[{"selector":{"id":"application-managepartners-display-component---NewPartner--addressDetailDetailsName1","interaction":{"idSuffix":"inner"}},"wdio_ui5_key":"applicationmanagepartners-display-component---NewPartner--addressDetailDetailsName1"}]}
RESULT: undefined
COMMAND: POST /session/29c94e7c3de8c8de4e6aab3f7ecf7110/execute/async - {"script":"<script> [776 bytes]","args":[{"enterText":"WebdriverPartner89mcp","selector":{"id":"application-managepartners-display-component---NewPartner--addressDetailDetailsName1","interaction":{"idSuffix":"inner"}},"clearTextFirst":true,"interactionType":"ENTER_TEXT"}]}
RESULT: {"script":"<script> [776 bytes]","args":[{"enterText":"WebdriverPartner89mcp","selector":{"id":"application-managepartners-display-component---NewPartner--addressDetailDetailsName1","interaction":{"idSuffix":"inner"}},"clearTextFirst":true,"interactionType":"ENTER_TEXT"}]}
COMMAND: POST /session/29c94e7c3de8c8de4e6aab3f7ecf7110/execute/async - {"script":"<script> [1562 bytes]","args":[{"selector":{"id":"application-managepartners-display-component---NewPartner--addressDetailDetailsLanguage","interaction":{"idSuffix":"inner"}},"wdio_ui5_key":"applicationmanagepartners-display-component---NewPartner--addressDetailDetailsLanguage"}]}
RESULT: {"script":"<script> [1562 bytes]","args":[{"selector":{"id":"application-managepartners-display-component---NewPartner--addressDetailDetailsLanguage","interaction":{"idSuffix":"inner"}},"wdio_ui5_key":"applicationmanagepartners-display-component---NewPartner--addressDetailDetailsLanguage"}]}
RESULT: undefined
COMMAND: POST /session/29c94e7c3de8c8de4e6aab3f7ecf7110/execute/async - {"script":"<script> [776 bytes]","args":[{"enterText":"Romanian","selector":{"id":"application-managepartners-display-component---NewPartner--addressDetailDetailsLanguage","interaction":{"idSuffix":"inner"}},"clearTextFirst":true,"interactionType":"ENTER_TEXT"}]}
RESULT: {"script":"<script> [776 bytes]","args":[{"enterText":"Romanian","selector":{"id":"application-managepartners-display-component---NewPartner--addressDetailDetailsLanguage","interaction":{"idSuffix":"inner"}},"clearTextFirst":true,"interactionType":"ENTER_TEXT"}]}
COMMAND: POST /session/29c94e7c3de8c8de4e6aab3f7ecf7110/element - {"using":"xpath","value":"//input[contains(@id ,\"application-managepartners-display-component---NewPartner--addressDetailDetailsName1-inner\")]"}
RESULT: {"using":"xpath","value":"//input[contains(@id ,\"application-managepartners-display-component---NewPartner--addressDetailDetailsName1-inner\")]"}
COMMAND: GET /session/29c94e7c3de8c8de4e6aab3f7ecf7110/element/f.A8B909B395C19A77638691ECE2720CC3.d.651F587D175785FB0DAABF1D15807ABE.e.1279/property/value - {}
RESULT: {}
COMMAND: POST /session/29c94e7c3de8c8de4e6aab3f7ecf7110/execute/async - {"script":"<script> [1562 bytes]","args":[{"selector":{"id":"application-managepartners-display-component---NewPartner--addressDetailDetailsCity1","interaction":{"idSuffix":"inner"}},"wdio_ui5_key":"applicationmanagepartners-display-component---NewPartner--addressDetailDetailsCity1"}]}
COMMAND: GET /session/29c94e7c3de8c8de4e6aab3f7ecf7110/screenshot - {}
RESULT: {"script":"<script> [1562 bytes]","args":[{"selector":{"id":"application-managepartners-display-component---NewPartner--addressDetailDetailsCity1","interaction":{"idSuffix":"inner"}},"wdio_ui5_key":"applicationmanagepartners-display-component---NewPartner--addressDetailDetailsCity1"}]}
RESULT: undefined
COMMAND: POST /session/29c94e7c3de8c8de4e6aab3f7ecf7110/execute/async - {"script":"<script> [776 bytes]","args":[{"enterText":"Bucharest","selector":{"id":"application-managepartners-display-component---NewPartner--addressDetailDetailsCity1","interaction":{"idSuffix":"inner"}},"clearTextFirst":true,"interactionType":"ENTER_TEXT"}]}
RESULT: {}
RESULT: {"script":"<script> [776 bytes]","args":[{"enterText":"Bucharest","selector":{"id":"application-managepartners-display-component---NewPartner--addressDetailDetailsCity1","interaction":{"idSuffix":"inner"}},"clearTextFirst":true,"interactionType":"ENTER_TEXT"}]}
COMMAND: POST /session/29c94e7c3de8c8de4e6aab3f7ecf7110/execute/async - {"script":"<script> [1562 bytes]","args":[{"selector":{"id":"application-managepartners-display-component---NewPartner--addressDetailDetailsCountry","interaction":{"idSuffix":"inner"}},"wdio_ui5_key":"applicationmanagepartners-display-component---NewPartner--addressDetailDetailsCountry"}]}
RESULT: {"script":"<script> [1562 bytes]","args":[{"selector":{"id":"application-managepartners-display-component---NewPartner--addressDetailDetailsCountry","interaction":{"idSuffix":"inner"}},"wdio_ui5_key":"applicationmanagepartners-display-component---NewPartner--addressDetailDetailsCountry"}]}
RESULT: undefined
COMMAND: POST /session/29c94e7c3de8c8de4e6aab3f7ecf7110/execute/async - {"script":"<script> [6424 bytes]","args":[{"element-6066-11e4-a52e-4f735466cecf":"f.A8B909B395C19A77638691ECE2720CC3.d.651F587D175785FB0DAABF1D15807ABE.e.1286"},"setValue",["Romania"]]}
RESULT: {"script":"<script> [6424 bytes]","args":[{"element-6066-11e4-a52e-4f735466cecf":"f.A8B909B395C19A77638691ECE2720CC3.d.651F587D175785FB0DAABF1D15807ABE.e.1286"},"setValue",["Romania"]]}
COMMAND: POST /session/29c94e7c3de8c8de4e6aab3f7ecf7110/execute/async - {"script":"<script> [1562 bytes]","args":[{"selector":{"id":"application-managepartners-display-component---NewPartner--partnerDetailInternal","interaction":{"idSuffix":"inner"}},"wdio_ui5_key":"applicationmanagepartners-display-component---NewPartner--partnerDetailInternal"}]}
RESULT: {"script":"<script> [1562 bytes]","args":[{"selector":{"id":"application-managepartners-display-component---NewPartner--partnerDetailInternal","interaction":{"idSuffix":"inner"}},"wdio_ui5_key":"applicationmanagepartners-display-component---NewPartner--partnerDetailInternal"}]}
RESULT: undefined
COMMAND: POST /session/29c94e7c3de8c8de4e6aab3f7ecf7110/execute/async - {"script":"<script> [776 bytes]","args":[{"enterText":"External partner","selector":{"id":"application-managepartners-display-component---NewPartner--partnerDetailInternal","interaction":{"idSuffix":"inner"}},"clearTextFirst":true,"interactionType":"ENTER_TEXT"}]}
RESULT: {"script":"<script> [776 bytes]","args":[{"enterText":"External partner","selector":{"id":"application-managepartners-display-component---NewPartner--partnerDetailInternal","interaction":{"idSuffix":"inner"}},"clearTextFirst":true,"interactionType":"ENTER_TEXT"}]}
COMMAND: POST /session/29c94e7c3de8c8de4e6aab3f7ecf7110/execute/async - {"script":"<script> [1562 bytes]","args":[{"selector":{"id":"application-managepartners-display-component---NewPartner--partnerDetailsCurrency","interaction":{"idSuffix":"inner"}},"wdio_ui5_key":"applicationmanagepartners-display-component---NewPartner--partnerDetailsCurrency"}]}
RESULT: {"script":"<script> [1562 bytes]","args":[{"selector":{"id":"application-managepartners-display-component---NewPartner--partnerDetailsCurrency","interaction":{"idSuffix":"inner"}},"wdio_ui5_key":"applicationmanagepartners-display-component---NewPartner--partnerDetailsCurrency"}]}
RESULT: undefined
COMMAND: POST /session/29c94e7c3de8c8de4e6aab3f7ecf7110/execute/async - {"script":"<script> [776 bytes]","args":[{"enterText":"Euro","selector":{"id":"application-managepartners-display-component---NewPartner--partnerDetailsCurrency","interaction":{"idSuffix":"inner"}},"clearTextFirst":true,"interactionType":"ENTER_TEXT"}]}
RESULT: {"script":"<script> [776 bytes]","args":[{"enterText":"Euro","selector":{"id":"application-managepartners-display-component---NewPartner--partnerDetailsCurrency","interaction":{"idSuffix":"inner"}},"clearTextFirst":true,"interactionType":"ENTER_TEXT"}]}
COMMAND: POST /session/29c94e7c3de8c8de4e6aab3f7ecf7110/execute/async - {"script":"<script> [1562 bytes]","args":[{"selector":{"controlType":"sap.m.Button","viewName":"etm.portal.ui.managepartners.view.NewPartner","viewId":"application-managepartners-display-component---NewPartner","properties":{"text":"Commercial"},"interaction":{"idSuffix":"BDI-content"}},"wdio_ui5_key":"etmportal.ui.managepartners.view.NewPartnersap.m.Button{\"text\":\"Commercial\"}"}]}
RESULT: {"script":"<script> [1562 bytes]","args":[{"selector":{"controlType":"sap.m.Button","viewName":"etm.portal.ui.managepartners.view.NewPartner","viewId":"application-managepartners-display-component---NewPartner","properties":{"text":"Commercial"},"interaction":{"idSuffix":"BDI-content"}},"wdio_ui5_key":"etmportal.ui.managepartners.view.NewPartnersap.m.Button{\"text\":\"Commercial\"}"}]}
RESULT: undefined
COMMAND: POST /session/29c94e7c3de8c8de4e6aab3f7ecf7110/element - {"using":"xpath","value":"//*[@id=\"application-managepartners-display-component---NewPartner--ObjectPageLayout-anchBar-__section5-anchor\"]"}
RESULT: {"using":"xpath","value":"//*[@id=\"application-managepartners-display-component---NewPartner--ObjectPageLayout-anchBar-__section5-anchor\"]"}
COMMAND: POST /session/29c94e7c3de8c8de4e6aab3f7ecf7110/element/f.A8B909B395C19A77638691ECE2720CC3.d.651F587D175785FB0DAABF1D15807ABE.e.1471/click - {}
RESULT: {}
COMMAND: GET /session/29c94e7c3de8c8de4e6aab3f7ecf7110/screenshot - {}
RESULT: {}
COMMAND: POST /session/29c94e7c3de8c8de4e6aab3f7ecf7110/execute/async - {"script":"<script> [1562 bytes]","args":[{"selector":{"id":"application-managepartners-display-component---NewPartner--btnAddTableRow-img"},"wdio_ui5_key":"applicationmanagepartners-display-component---NewPartner--btnAddTableRow-img"}]}
RESULT: {"script":"<script> [1562 bytes]","args":[{"selector":{"id":"application-managepartners-display-component---NewPartner--btnAddTableRow-img"},"wdio_ui5_key":"applicationmanagepartners-display-component---NewPartner--btnAddTableRow-img"}]}
RESULT: undefined
COMMAND: POST /session/29c94e7c3de8c8de4e6aab3f7ecf7110/element - {"using":"xpath","value":"//*[@id=\"application-managepartners-display-component---NewPartner--btnAddTableRow-img\"]"}
RESULT: {"using":"xpath","value":"//*[@id=\"application-managepartners-display-component---NewPartner--btnAddTableRow-img\"]"}
COMMAND: POST /session/29c94e7c3de8c8de4e6aab3f7ecf7110/element/f.A8B909B395C19A77638691ECE2720CC3.d.651F587D175785FB0DAABF1D15807ABE.e.1479/click - {}
RESULT: {}
COMMAND: POST /session/29c94e7c3de8c8de4e6aab3f7ecf7110/element - {"using":"xpath","value":"//input[contains(@id ,\"application-managepartners-display-component---NewPartner--assignmentYard-application-managepartners-display-component---NewPartner\")]"}
COMMAND: GET /session/29c94e7c3de8c8de4e6aab3f7ecf7110/screenshot - {}
RESULT: {"using":"xpath","value":"//input[contains(@id ,\"application-managepartners-display-component---NewPartner--assignmentYard-application-managepartners-display-component---NewPartner\")]"}
COMMAND: POST /session/29c94e7c3de8c8de4e6aab3f7ecf7110/element/f.A8B909B395C19A77638691ECE2720CC3.d.651F587D175785FB0DAABF1D15807ABE.e.1482/clear - {}
RESULT: {}
RESULT: {}
COMMAND: POST /session/29c94e7c3de8c8de4e6aab3f7ecf7110/element/f.A8B909B395C19A77638691ECE2720CC3.d.651F587D175785FB0DAABF1D15807ABE.e.1482/value - {"text":"WebdriverYardrpieg"}
COMMAND: GET /session/29c94e7c3de8c8de4e6aab3f7ecf7110/screenshot - {}
RESULT: {"text":"WebdriverYardrpieg"}
COMMAND: GET /session/29c94e7c3de8c8de4e6aab3f7ecf7110/screenshot - {}
RESULT: {}
RESULT: {}
COMMAND: POST /session/29c94e7c3de8c8de4e6aab3f7ecf7110/execute/async - {"script":"<script> [1562 bytes]","args":[{"selector":{"controlType":"sap.m.Button","viewName":"etm.portal.ui.managepartners.view.NewPartner","viewId":"application-managepartners-display-component---NewPartner","i18NText":{"propertyName":"text","key":"save"},"interaction":{"idSuffix":"BDI-content"}},"wdio_ui5_key":"etmportal.ui.managepartners.view.NewPartnersap.m.Button{\"propertyName\":\"text\",\"key\":\"save\"}"}]}
RESULT: {"script":"<script> [1562 bytes]","args":[{"selector":{"controlType":"sap.m.Button","viewName":"etm.portal.ui.managepartners.view.NewPartner","viewId":"application-managepartners-display-component---NewPartner","i18NText":{"propertyName":"text","key":"save"},"interaction":{"idSuffix":"BDI-content"}},"wdio_ui5_key":"etmportal.ui.managepartners.view.NewPartnersap.m.Button{\"propertyName\":\"text\",\"key\":\"save\"}"}]}
RESULT: undefined
COMMAND: POST /session/29c94e7c3de8c8de4e6aab3f7ecf7110/element - {"using":"xpath","value":"//*[@id=\"__button12\"]"}
RESULT: {"using":"xpath","value":"//*[@id=\"__button12\"]"}
COMMAND: POST /session/29c94e7c3de8c8de4e6aab3f7ecf7110/element/f.A8B909B395C19A77638691ECE2720CC3.d.651F587D175785FB0DAABF1D15807ABE.e.1401/click - {}
RESULT: {}
COMMAND: GET /session/29c94e7c3de8c8de4e6aab3f7ecf7110/screenshot - {}
RESULT: {}
COMMAND: POST /session/29c94e7c3de8c8de4e6aab3f7ecf7110/element - {"using":"xpath","value":"//header/div/div[2]/div[2]/span"}
RESULT: {"using":"xpath","value":"//header/div/div[2]/div[2]/span"}
COMMAND: GET /session/29c94e7c3de8c8de4e6aab3f7ecf7110/element/f.A8B909B395C19A77638691ECE2720CC3.d.651F587D175785FB0DAABF1D15807ABE.e.1588/text - {}
RESULT: {}
COMMAND: POST /session/29c94e7c3de8c8de4e6aab3f7ecf7110/element - {"using":"xpath","value":"//header/div/div/div/div/div/div[2]/div/span"}
RESULT: {"using":"xpath","value":"//header/div/div/div/div/div/div[2]/div/span"}
COMMAND: GET /session/29c94e7c3de8c8de4e6aab3f7ecf7110/element/f.A8B909B395C19A77638691ECE2720CC3.d.651F587D175785FB0DAABF1D15807ABE.e.1589/text - {}
RESULT: {}
COMMAND: POST /session/29c94e7c3de8c8de4e6aab3f7ecf7110/execute/async - {"script":"<script> [1562 bytes]","args":[{"selector":{"id":"application-managepartners-display-component---detailPtm--partnerType"},"wdio_ui5_key":"applicationmanagepartners-display-component---detailPtm--partnerType"}]}
RESULT: {"script":"<script> [1562 bytes]","args":[{"selector":{"id":"application-managepartners-display-component---detailPtm--partnerType"},"wdio_ui5_key":"applicationmanagepartners-display-component---detailPtm--partnerType"}]}
RESULT: undefined
COMMAND: POST /session/29c94e7c3de8c8de4e6aab3f7ecf7110/execute/async - {"script":"<script> [6424 bytes]","args":[{"element-6066-11e4-a52e-4f735466cecf":"f.A8B909B395C19A77638691ECE2720CC3.d.651F587D175785FB0DAABF1D15807ABE.e.1590"},"getText",[]]}
RESULT: {"script":"<script> [6424 bytes]","args":[{"element-6066-11e4-a52e-4f735466cecf":"f.A8B909B395C19A77638691ECE2720CC3.d.651F587D175785FB0DAABF1D15807ABE.e.1590"},"getText",[]]}
COMMAND: POST /session/29c94e7c3de8c8de4e6aab3f7ecf7110/element - {"using":"css selector","value":"#shell-header-logo"}
RESULT: {"using":"css selector","value":"#shell-header-logo"}
COMMAND: POST /session/29c94e7c3de8c8de4e6aab3f7ecf7110/element/f.A8B909B395C19A77638691ECE2720CC3.d.651F587D175785FB0DAABF1D15807ABE.e.1120/click - {}
RESULT: {}
COMMAND: GET /session/29c94e7c3de8c8de4e6aab3f7ecf7110/screenshot - {}
RESULT: {}
]]></system-out>
    </testcase>
    <testcase classname="chrome.137_0_7151_69.windows.Manage_Requests_Tags_Tests_US120163" name="Should create a new site" time="116.657">
      <system-out><![CDATA[
COMMAND: POST /session/29c94e7c3de8c8de4e6aab3f7ecf7110/execute/async - {"script":"<script> [1562 bytes]","args":[{"selector":{"controlType":"sap.m.GenericTile","properties":{"header":"Manage Sites"}},"wdio_ui5_key":"sapm.GenericTile{\"header\":\"Manage Sites\"}"}]}
RESULT: {"script":"<script> [1562 bytes]","args":[{"selector":{"controlType":"sap.m.GenericTile","properties":{"header":"Manage Sites"}},"wdio_ui5_key":"sapm.GenericTile{\"header\":\"Manage Sites\"}"}]}
RESULT: undefined
COMMAND: POST /session/29c94e7c3de8c8de4e6aab3f7ecf7110/element - {"using":"xpath","value":"//*[@id=\"__tile41\"]"}
RESULT: {"using":"xpath","value":"//*[@id=\"__tile41\"]"}
COMMAND: POST /session/29c94e7c3de8c8de4e6aab3f7ecf7110/element/f.A8B909B395C19A77638691ECE2720CC3.d.651F587D175785FB0DAABF1D15807ABE.e.1592/click - {}
RESULT: {}
COMMAND: GET /session/29c94e7c3de8c8de4e6aab3f7ecf7110/screenshot - {}
RESULT: {}
COMMAND: POST /session/29c94e7c3de8c8de4e6aab3f7ecf7110/elements - {"using":"xpath","value":"//span[text()='Error']"}
RESULT: {"using":"xpath","value":"//span[text()='Error']"}
COMMAND: POST /session/29c94e7c3de8c8de4e6aab3f7ecf7110/execute/async - {"script":"<script> [1562 bytes]","args":[{"selector":{"controlType":"sap.ui.core.Icon","viewName":"etm.portal.ui.managesites.view.Master","viewId":"application-managesites-display-component---masterSite","properties":{"src":{"regex":{"source":"add"}}}},"wdio_ui5_key":"etmportal.ui.managesites.view.Mastersap.ui.core.Icon{\"src\":{\"regex\":{\"source\":\"add\"}}}"}]}
RESULT: {"script":"<script> [1562 bytes]","args":[{"selector":{"controlType":"sap.ui.core.Icon","viewName":"etm.portal.ui.managesites.view.Master","viewId":"application-managesites-display-component---masterSite","properties":{"src":{"regex":{"source":"add"}}}},"wdio_ui5_key":"etmportal.ui.managesites.view.Mastersap.ui.core.Icon{\"src\":{\"regex\":{\"source\":\"add\"}}}"}]}
RESULT: undefined
COMMAND: POST /session/29c94e7c3de8c8de4e6aab3f7ecf7110/element - {"using":"xpath","value":"//*[@id=\"__button52-img\"]"}
RESULT: {"using":"xpath","value":"//*[@id=\"__button52-img\"]"}
COMMAND: POST /session/29c94e7c3de8c8de4e6aab3f7ecf7110/element/f.A8B909B395C19A77638691ECE2720CC3.d.651F587D175785FB0DAABF1D15807ABE.e.1641/click - {}
RESULT: {}
COMMAND: POST /session/29c94e7c3de8c8de4e6aab3f7ecf7110/execute/async - {"script":"<script> [1562 bytes]","args":[{"selector":{"id":"application-managesites-display-component---NewSite--siteId","interaction":{"idSuffix":"inner"}},"wdio_ui5_key":"applicationmanagesites-display-component---NewSite--siteId"}]}
COMMAND: GET /session/29c94e7c3de8c8de4e6aab3f7ecf7110/screenshot - {}
RESULT: {"script":"<script> [1562 bytes]","args":[{"selector":{"id":"application-managesites-display-component---NewSite--siteId","interaction":{"idSuffix":"inner"}},"wdio_ui5_key":"applicationmanagesites-display-component---NewSite--siteId"}]}
RESULT: undefined
COMMAND: POST /session/29c94e7c3de8c8de4e6aab3f7ecf7110/execute/async - {"script":"<script> [1562 bytes]","args":[{"selector":{"id":"application-managesites-display-component---NewSite--addressDetailDetailsName1","interaction":{"idSuffix":"inner"}},"wdio_ui5_key":"applicationmanagesites-display-component---NewSite--addressDetailDetailsName1"}]}
RESULT: {}
RESULT: {"script":"<script> [1562 bytes]","args":[{"selector":{"id":"application-managesites-display-component---NewSite--addressDetailDetailsName1","interaction":{"idSuffix":"inner"}},"wdio_ui5_key":"applicationmanagesites-display-component---NewSite--addressDetailDetailsName1"}]}
RESULT: undefined
COMMAND: POST /session/29c94e7c3de8c8de4e6aab3f7ecf7110/execute/async - {"script":"<script> [776 bytes]","args":[{"enterText":"WebdriverSitezdv7v","selector":{"id":"application-managesites-display-component---NewSite--addressDetailDetailsName1","interaction":{"idSuffix":"inner"}},"clearTextFirst":true,"interactionType":"ENTER_TEXT"}]}
RESULT: {"script":"<script> [776 bytes]","args":[{"enterText":"WebdriverSitezdv7v","selector":{"id":"application-managesites-display-component---NewSite--addressDetailDetailsName1","interaction":{"idSuffix":"inner"}},"clearTextFirst":true,"interactionType":"ENTER_TEXT"}]}
COMMAND: POST /session/29c94e7c3de8c8de4e6aab3f7ecf7110/execute/async - {"script":"<script> [1562 bytes]","args":[{"selector":{"id":"application-managesites-display-component---NewSite--addressDetailDetailsLanguage","interaction":{"idSuffix":"inner"}},"wdio_ui5_key":"applicationmanagesites-display-component---NewSite--addressDetailDetailsLanguage"}]}
RESULT: {"script":"<script> [1562 bytes]","args":[{"selector":{"id":"application-managesites-display-component---NewSite--addressDetailDetailsLanguage","interaction":{"idSuffix":"inner"}},"wdio_ui5_key":"applicationmanagesites-display-component---NewSite--addressDetailDetailsLanguage"}]}
RESULT: undefined
COMMAND: POST /session/29c94e7c3de8c8de4e6aab3f7ecf7110/execute/async - {"script":"<script> [776 bytes]","args":[{"enterText":"Romanian","selector":{"id":"application-managesites-display-component---NewSite--addressDetailDetailsLanguage","interaction":{"idSuffix":"inner"}},"clearTextFirst":true,"interactionType":"ENTER_TEXT"}]}
RESULT: {"script":"<script> [776 bytes]","args":[{"enterText":"Romanian","selector":{"id":"application-managesites-display-component---NewSite--addressDetailDetailsLanguage","interaction":{"idSuffix":"inner"}},"clearTextFirst":true,"interactionType":"ENTER_TEXT"}]}
COMMAND: POST /session/29c94e7c3de8c8de4e6aab3f7ecf7110/execute/async - {"script":"<script> [1562 bytes]","args":[{"selector":{"id":"application-managesites-display-component---NewSite--addressDetailDetailsCity1","interaction":{"idSuffix":"inner"}},"wdio_ui5_key":"applicationmanagesites-display-component---NewSite--addressDetailDetailsCity1"}]}
RESULT: {"script":"<script> [1562 bytes]","args":[{"selector":{"id":"application-managesites-display-component---NewSite--addressDetailDetailsCity1","interaction":{"idSuffix":"inner"}},"wdio_ui5_key":"applicationmanagesites-display-component---NewSite--addressDetailDetailsCity1"}]}
RESULT: undefined
COMMAND: POST /session/29c94e7c3de8c8de4e6aab3f7ecf7110/execute/async - {"script":"<script> [776 bytes]","args":[{"enterText":"Bucharest","selector":{"id":"application-managesites-display-component---NewSite--addressDetailDetailsCity1","interaction":{"idSuffix":"inner"}},"clearTextFirst":true,"interactionType":"ENTER_TEXT"}]}
RESULT: {"script":"<script> [776 bytes]","args":[{"enterText":"Bucharest","selector":{"id":"application-managesites-display-component---NewSite--addressDetailDetailsCity1","interaction":{"idSuffix":"inner"}},"clearTextFirst":true,"interactionType":"ENTER_TEXT"}]}
COMMAND: POST /session/29c94e7c3de8c8de4e6aab3f7ecf7110/execute/async - {"script":"<script> [1562 bytes]","args":[{"selector":{"id":"application-managesites-display-component---NewSite--addressDetailDetailsCountry","interaction":{"idSuffix":"inner"}},"wdio_ui5_key":"applicationmanagesites-display-component---NewSite--addressDetailDetailsCountry"}]}
RESULT: {"script":"<script> [1562 bytes]","args":[{"selector":{"id":"application-managesites-display-component---NewSite--addressDetailDetailsCountry","interaction":{"idSuffix":"inner"}},"wdio_ui5_key":"applicationmanagesites-display-component---NewSite--addressDetailDetailsCountry"}]}
RESULT: undefined
COMMAND: POST /session/29c94e7c3de8c8de4e6aab3f7ecf7110/execute/async - {"script":"<script> [776 bytes]","args":[{"enterText":"Romania","selector":{"id":"application-managesites-display-component---NewSite--addressDetailDetailsCountry","interaction":{"idSuffix":"inner"}},"clearTextFirst":true,"interactionType":"ENTER_TEXT"}]}
RESULT: {"script":"<script> [776 bytes]","args":[{"enterText":"Romania","selector":{"id":"application-managesites-display-component---NewSite--addressDetailDetailsCountry","interaction":{"idSuffix":"inner"}},"clearTextFirst":true,"interactionType":"ENTER_TEXT"}]}
COMMAND: POST /session/29c94e7c3de8c8de4e6aab3f7ecf7110/element - {"using":"css selector","value":"#application-managesites-display-component---NewSite--addressDetailDetailsCalendar-inner"}
RESULT: {"using":"css selector","value":"#application-managesites-display-component---NewSite--addressDetailDetailsCalendar-inner"}
COMMAND: POST /session/29c94e7c3de8c8de4e6aab3f7ecf7110/element/f.A8B909B395C19A77638691ECE2720CC3.d.651F587D175785FB0DAABF1D15807ABE.e.1776/clear - {}
RESULT: {}
COMMAND: POST /session/29c94e7c3de8c8de4e6aab3f7ecf7110/element/f.A8B909B395C19A77638691ECE2720CC3.d.651F587D175785FB0DAABF1D15807ABE.e.1776/value - {"text":"Germany"}
COMMAND: GET /session/29c94e7c3de8c8de4e6aab3f7ecf7110/screenshot - {}
RESULT: {"text":"Germany"}
COMMAND: POST /session/29c94e7c3de8c8de4e6aab3f7ecf7110/execute/async - {"script":"<script> [1562 bytes]","args":[{"selector":{"id":"application-managesites-display-component---NewSite--addressEditDetailsCostObjectCstType-arrow"},"wdio_ui5_key":"applicationmanagesites-display-component---NewSite--addressEditDetailsCostObjectCstType-arrow"}]}
COMMAND: GET /session/29c94e7c3de8c8de4e6aab3f7ecf7110/screenshot - {}
RESULT: {}
RESULT: {"script":"<script> [1562 bytes]","args":[{"selector":{"id":"application-managesites-display-component---NewSite--addressEditDetailsCostObjectCstType-arrow"},"wdio_ui5_key":"applicationmanagesites-display-component---NewSite--addressEditDetailsCostObjectCstType-arrow"}]}
RESULT: undefined
COMMAND: POST /session/29c94e7c3de8c8de4e6aab3f7ecf7110/element - {"using":"xpath","value":"//*[@id=\"application-managesites-display-component---NewSite--addressEditDetailsCostObjectCstType-arrow\"]"}
RESULT: {}
RESULT: {"using":"xpath","value":"//*[@id=\"application-managesites-display-component---NewSite--addressEditDetailsCostObjectCstType-arrow\"]"}
COMMAND: POST /session/29c94e7c3de8c8de4e6aab3f7ecf7110/element/f.A8B909B395C19A77638691ECE2720CC3.d.651F587D175785FB0DAABF1D15807ABE.e.1917/click - {}
RESULT: {}
COMMAND: POST /session/29c94e7c3de8c8de4e6aab3f7ecf7110/element - {"using":"xpath","value":"//span[contains(text(), \"Work Breakdown Structure\")]"}
COMMAND: GET /session/29c94e7c3de8c8de4e6aab3f7ecf7110/screenshot - {}
RESULT: {"using":"xpath","value":"//span[contains(text(), \"Work Breakdown Structure\")]"}
COMMAND: POST /session/29c94e7c3de8c8de4e6aab3f7ecf7110/element/f.A8B909B395C19A77638691ECE2720CC3.d.651F587D175785FB0DAABF1D15807ABE.e.1919/click - {}
RESULT: {}
RESULT: {}
COMMAND: GET /session/29c94e7c3de8c8de4e6aab3f7ecf7110/screenshot - {}
RESULT: {}
RESULT: undefined
COMMAND: POST /session/29c94e7c3de8c8de4e6aab3f7ecf7110/execute/async - {"script":"<script> [1562 bytes]","args":[{"selector":{"id":"application-managesites-display-component---NewSite--addressNewCostObjectCstID-vhi"},"wdio_ui5_key":"applicationmanagesites-display-component---NewSite--addressNewCostObjectCstID-vhi"}]}
RESULT: {"script":"<script> [1562 bytes]","args":[{"selector":{"id":"application-managesites-display-component---NewSite--addressNewCostObjectCstID-vhi"},"wdio_ui5_key":"applicationmanagesites-display-component---NewSite--addressNewCostObjectCstID-vhi"}]}
RESULT: undefined
COMMAND: POST /session/29c94e7c3de8c8de4e6aab3f7ecf7110/element - {"using":"xpath","value":"//*[@id=\"application-managesites-display-component---NewSite--addressNewCostObjectCstID-vhi\"]"}
RESULT: {"using":"xpath","value":"//*[@id=\"application-managesites-display-component---NewSite--addressNewCostObjectCstID-vhi\"]"}
COMMAND: POST /session/29c94e7c3de8c8de4e6aab3f7ecf7110/element/f.A8B909B395C19A77638691ECE2720CC3.d.651F587D175785FB0DAABF1D15807ABE.e.1923/click - {}
RESULT: {}
COMMAND: GET /session/29c94e7c3de8c8de4e6aab3f7ecf7110/screenshot - {}
RESULT: {}
COMMAND: POST /session/29c94e7c3de8c8de4e6aab3f7ecf7110/execute/async - {"script":"<script> [1562 bytes]","args":[{"selector":{"controlType":"sap.m.SearchField","properties":{"placeholder":"Search"},"searchOpenDialogs":true,"interaction":{"idSuffix":"I"}},"wdio_ui5_key":"sapm.SearchField{\"placeholder\":\"Search\"}"}]}
RESULT: {"script":"<script> [1562 bytes]","args":[{"selector":{"controlType":"sap.m.SearchField","properties":{"placeholder":"Search"},"searchOpenDialogs":true,"interaction":{"idSuffix":"I"}},"wdio_ui5_key":"sapm.SearchField{\"placeholder\":\"Search\"}"}]}
RESULT: undefined
COMMAND: POST /session/29c94e7c3de8c8de4e6aab3f7ecf7110/execute/async - {"script":"<script> [776 bytes]","args":[{"enterText":"A1-000100-01","selector":{"controlType":"sap.m.SearchField","properties":{"placeholder":"Search"},"searchOpenDialogs":true,"interaction":{"idSuffix":"I"}},"clearTextFirst":true,"interactionType":"ENTER_TEXT"}]}
RESULT: {"script":"<script> [776 bytes]","args":[{"enterText":"A1-000100-01","selector":{"controlType":"sap.m.SearchField","properties":{"placeholder":"Search"},"searchOpenDialogs":true,"interaction":{"idSuffix":"I"}},"clearTextFirst":true,"interactionType":"ENTER_TEXT"}]}
COMMAND: POST /session/29c94e7c3de8c8de4e6aab3f7ecf7110/actions - {"actions":[{"id":"action3","type":"key","parameters":{},"actions":[{"type":"keyDown","value":"î€‡"},{"type":"pause","duration":10},{"type":"keyUp","value":"î€‡"}]}]}
RESULT: {"actions":[{"id":"action3","type":"key","parameters":{},"actions":[{"type":"keyDown","value":"î€‡"},{"type":"pause","duration":10},{"type":"keyUp","value":"î€‡"}]}]}
COMMAND: GET /session/29c94e7c3de8c8de4e6aab3f7ecf7110/screenshot - {}
RESULT: {}
COMMAND: POST /session/29c94e7c3de8c8de4e6aab3f7ecf7110/element - {"using":"xpath","value":"//span[contains(text(), \"Template for ETO-Process\")]"}
RESULT: {"using":"xpath","value":"//span[contains(text(), \"Template for ETO-Process\")]"}
COMMAND: POST /session/29c94e7c3de8c8de4e6aab3f7ecf7110/element/f.A8B909B395C19A77638691ECE2720CC3.d.651F587D175785FB0DAABF1D15807ABE.e.1943/click - {}
RESULT: {}
COMMAND: GET /session/29c94e7c3de8c8de4e6aab3f7ecf7110/screenshot - {}
RESULT: {}
COMMAND: POST /session/29c94e7c3de8c8de4e6aab3f7ecf7110/element - {"using":"xpath","value":"//bdi[contains(text(), \"OK\")]"}
RESULT: {"using":"xpath","value":"//bdi[contains(text(), \"OK\")]"}
COMMAND: POST /session/29c94e7c3de8c8de4e6aab3f7ecf7110/element/f.A8B909B395C19A77638691ECE2720CC3.d.651F587D175785FB0DAABF1D15807ABE.e.1944/click - {}
RESULT: {}
COMMAND: GET /session/29c94e7c3de8c8de4e6aab3f7ecf7110/screenshot - {}
RESULT: {}
COMMAND: POST /session/29c94e7c3de8c8de4e6aab3f7ecf7110/element - {"using":"xpath","value":"//input[@id=\"application-managesites-display-component---NewSite--addressDetailDetailsYard-inner\"]"}
RESULT: {"using":"xpath","value":"//input[@id=\"application-managesites-display-component---NewSite--addressDetailDetailsYard-inner\"]"}
COMMAND: POST /session/29c94e7c3de8c8de4e6aab3f7ecf7110/element/f.A8B909B395C19A77638691ECE2720CC3.d.651F587D175785FB0DAABF1D15807ABE.e.1777/value - {"text":"WebdriverYardrpieg"}
RESULT: {"text":"WebdriverYardrpieg"}
COMMAND: GET /session/29c94e7c3de8c8de4e6aab3f7ecf7110/screenshot - {}
RESULT: {}
COMMAND: POST /session/29c94e7c3de8c8de4e6aab3f7ecf7110/actions - {"actions":[{"id":"action4","type":"key","parameters":{},"actions":[{"type":"keyDown","value":"î€‡"},{"type":"pause","duration":10},{"type":"keyUp","value":"î€‡"}]}]}
RESULT: {"actions":[{"id":"action4","type":"key","parameters":{},"actions":[{"type":"keyDown","value":"î€‡"},{"type":"pause","duration":10},{"type":"keyUp","value":"î€‡"}]}]}
COMMAND: GET /session/29c94e7c3de8c8de4e6aab3f7ecf7110/screenshot - {}
RESULT: {}
COMMAND: POST /session/29c94e7c3de8c8de4e6aab3f7ecf7110/element - {"using":"xpath","value":"//input[@id=\"application-managesites-display-component---NewSite--addressDetailDetailsPartner-inner\"]"}
RESULT: {"using":"xpath","value":"//input[@id=\"application-managesites-display-component---NewSite--addressDetailDetailsPartner-inner\"]"}
COMMAND: POST /session/29c94e7c3de8c8de4e6aab3f7ecf7110/elements - {"using":"xpath","value":"//input[@id=\"application-managesites-display-component---NewSite--addressDetailDetailsPartner-inner\"]"}
RESULT: {"using":"xpath","value":"//input[@id=\"application-managesites-display-component---NewSite--addressDetailDetailsPartner-inner\"]"}
COMMAND: POST /session/29c94e7c3de8c8de4e6aab3f7ecf7110/execute/async - {"script":"<script> [1562 bytes]","args":[{"selector":{"controlType":"sap.m.Button","viewName":"etm.portal.ui.managesites.view.NewSmartSite","viewId":"application-managesites-display-component---NewSite","properties":{"text":"Commercial"},"interaction":{"idSuffix":"BDI-content"}},"wdio_ui5_key":"etmportal.ui.managesites.view.NewSmartSitesap.m.Button{\"text\":\"Commercial\"}"}]}
RESULT: {"script":"<script> [1562 bytes]","args":[{"selector":{"controlType":"sap.m.Button","viewName":"etm.portal.ui.managesites.view.NewSmartSite","viewId":"application-managesites-display-component---NewSite","properties":{"text":"Commercial"},"interaction":{"idSuffix":"BDI-content"}},"wdio_ui5_key":"etmportal.ui.managesites.view.NewSmartSitesap.m.Button{\"text\":\"Commercial\"}"}]}
RESULT: undefined
COMMAND: POST /session/29c94e7c3de8c8de4e6aab3f7ecf7110/element - {"using":"xpath","value":"//*[@id=\"application-managesites-display-component---NewSite--ObjectPageLayout-anchBar-__section31-anchor\"]"}
RESULT: {"using":"xpath","value":"//*[@id=\"application-managesites-display-component---NewSite--ObjectPageLayout-anchBar-__section31-anchor\"]"}
COMMAND: POST /session/29c94e7c3de8c8de4e6aab3f7ecf7110/element/f.A8B909B395C19A77638691ECE2720CC3.d.651F587D175785FB0DAABF1D15807ABE.e.1951/click - {}
RESULT: {}
COMMAND: POST /session/29c94e7c3de8c8de4e6aab3f7ecf7110/execute/async - {"script":"<script> [1562 bytes]","args":[{"selector":{"controlType":"sap.m.Button","viewName":"etm.portal.ui.managesites.view.NewSmartSite","viewId":"application-managesites-display-component---NewSite","i18NText":{"propertyName":"text","key":"save"},"interaction":{"idSuffix":"BDI-content"}},"wdio_ui5_key":"etmportal.ui.managesites.view.NewSmartSitesap.m.Button{\"propertyName\":\"text\",\"key\":\"save\"}"}]}
COMMAND: GET /session/29c94e7c3de8c8de4e6aab3f7ecf7110/screenshot - {}
RESULT: {"script":"<script> [1562 bytes]","args":[{"selector":{"controlType":"sap.m.Button","viewName":"etm.portal.ui.managesites.view.NewSmartSite","viewId":"application-managesites-display-component---NewSite","i18NText":{"propertyName":"text","key":"save"},"interaction":{"idSuffix":"BDI-content"}},"wdio_ui5_key":"etmportal.ui.managesites.view.NewSmartSitesap.m.Button{\"propertyName\":\"text\",\"key\":\"save\"}"}]}
RESULT: undefined
COMMAND: POST /session/29c94e7c3de8c8de4e6aab3f7ecf7110/element - {"using":"xpath","value":"//*[@id=\"__button64\"]"}
RESULT: {}
RESULT: {"using":"xpath","value":"//*[@id=\"__button64\"]"}
COMMAND: POST /session/29c94e7c3de8c8de4e6aab3f7ecf7110/element/f.A8B909B395C19A77638691ECE2720CC3.d.651F587D175785FB0DAABF1D15807ABE.e.1895/click - {}
RESULT: {}
COMMAND: GET /session/29c94e7c3de8c8de4e6aab3f7ecf7110/screenshot - {}
RESULT: {}
COMMAND: POST /session/29c94e7c3de8c8de4e6aab3f7ecf7110/execute/async - {"script":"<script> [1562 bytes]","args":[{"selector":{"id":"application-managesites-display-component---detailSite--addressDetailDetailsYardText"},"wdio_ui5_key":"applicationmanagesites-display-component---detailSite--addressDetailDetailsYardText"}]}
RESULT: {"script":"<script> [1562 bytes]","args":[{"selector":{"id":"application-managesites-display-component---detailSite--addressDetailDetailsYardText"},"wdio_ui5_key":"applicationmanagesites-display-component---detailSite--addressDetailDetailsYardText"}]}
RESULT: undefined
COMMAND: POST /session/29c94e7c3de8c8de4e6aab3f7ecf7110/element - {"using":"xpath","value":"//header/div/div[2]/div[2]/span"}
RESULT: {"using":"xpath","value":"//header/div/div[2]/div[2]/span"}
COMMAND: GET /session/29c94e7c3de8c8de4e6aab3f7ecf7110/element/f.A8B909B395C19A77638691ECE2720CC3.d.651F587D175785FB0DAABF1D15807ABE.e.2095/text - {}
RESULT: {}
COMMAND: POST /session/29c94e7c3de8c8de4e6aab3f7ecf7110/element - {"using":"xpath","value":"//header/div/div/div/div/div/div[2]/div/span"}
RESULT: {"using":"xpath","value":"//header/div/div/div/div/div/div[2]/div/span"}
COMMAND: GET /session/29c94e7c3de8c8de4e6aab3f7ecf7110/element/f.A8B909B395C19A77638691ECE2720CC3.d.651F587D175785FB0DAABF1D15807ABE.e.2096/text - {}
RESULT: {}
COMMAND: POST /session/29c94e7c3de8c8de4e6aab3f7ecf7110/element - {"using":"css selector","value":"#shell-header-logo"}
RESULT: {"using":"css selector","value":"#shell-header-logo"}
COMMAND: POST /session/29c94e7c3de8c8de4e6aab3f7ecf7110/element/f.A8B909B395C19A77638691ECE2720CC3.d.651F587D175785FB0DAABF1D15807ABE.e.1595/click - {}
RESULT: {}
COMMAND: GET /session/29c94e7c3de8c8de4e6aab3f7ecf7110/screenshot - {}
RESULT: {}
]]></system-out>
    </testcase>
    <testcase classname="chrome.137_0_7151_69.windows.Manage_Requests_Tags_Tests_US120163" name="Should Create New Request Tags" time="221.163">
      <system-out><![CDATA[
COMMAND: POST /session/29c94e7c3de8c8de4e6aab3f7ecf7110/execute/async - {"script":"<script> [1562 bytes]","args":[{"selector":{"controlType":"sap.m.GenericTile","properties":{"header":"Manage Requests"}},"wdio_ui5_key":"sapm.GenericTile{\"header\":\"Manage Requests\"}"}]}
RESULT: {"script":"<script> [1562 bytes]","args":[{"selector":{"controlType":"sap.m.GenericTile","properties":{"header":"Manage Requests"}},"wdio_ui5_key":"sapm.GenericTile{\"header\":\"Manage Requests\"}"}]}
RESULT: undefined
COMMAND: POST /session/29c94e7c3de8c8de4e6aab3f7ecf7110/element - {"using":"xpath","value":"//*[@id=\"__tile48\"]"}
RESULT: {"using":"xpath","value":"//*[@id=\"__tile48\"]"}
COMMAND: POST /session/29c94e7c3de8c8de4e6aab3f7ecf7110/element/f.A8B909B395C19A77638691ECE2720CC3.d.651F587D175785FB0DAABF1D15807ABE.e.2098/click - {}
RESULT: {}
COMMAND: GET /session/29c94e7c3de8c8de4e6aab3f7ecf7110/screenshot - {}
RESULT: {}
COMMAND: POST /session/29c94e7c3de8c8de4e6aab3f7ecf7110/elements - {"using":"xpath","value":"//span[text()='Error']"}
RESULT: {"using":"xpath","value":"//span[text()='Error']"}
COMMAND: POST /session/29c94e7c3de8c8de4e6aab3f7ecf7110/element - {"using":"xpath","value":"//button[contains(@data-kt ,\"btnCreateNewOverflowToolbarButton\")]"}
COMMAND: POST /session/29c94e7c3de8c8de4e6aab3f7ecf7110/element - {"using":"xpath","value":"(//span[contains(@class ,\"sapMObjStatusText\")])[1]"}
RESULT: {"using":"xpath","value":"//button[contains(@data-kt ,\"btnCreateNewOverflowToolbarButton\")]"}
COMMAND: POST /session/29c94e7c3de8c8de4e6aab3f7ecf7110/element/f.A8B909B395C19A77638691ECE2720CC3.d.651F587D175785FB0DAABF1D15807ABE.e.2156/click - {}
RESULT: {"using":"xpath","value":"(//span[contains(@class ,\"sapMObjStatusText\")])[1]"}
COMMAND: POST /session/29c94e7c3de8c8de4e6aab3f7ecf7110/execute/sync - {"script":"<script> [8489 bytes]","args":[{"element-6066-11e4-a52e-4f735466cecf":"f.A8B909B395C19A77638691ECE2720CC3.d.651F587D175785FB0DAABF1D15807ABE.e.2194","ELEMENT":"f.A8B909B395C19A77638691ECE2720CC3.d.651F587D175785FB0DAABF1D15807ABE.e.2194"}]}
RESULT: {}
COMMAND: GET /session/29c94e7c3de8c8de4e6aab3f7ecf7110/screenshot - {}
RESULT: {"script":"<script> [8489 bytes]","args":[{"element-6066-11e4-a52e-4f735466cecf":"f.A8B909B395C19A77638691ECE2720CC3.d.651F587D175785FB0DAABF1D15807ABE.e.2194","ELEMENT":"f.A8B909B395C19A77638691ECE2720CC3.d.651F587D175785FB0DAABF1D15807ABE.e.2194"}]}
COMMAND: GET /session/29c94e7c3de8c8de4e6aab3f7ecf7110/screenshot - {}
RESULT: {}
RESULT: {}
COMMAND: POST /session/29c94e7c3de8c8de4e6aab3f7ecf7110/element - {"using":"xpath","value":"//input[contains(@id ,\"yardId-inner\")]"}
RESULT: {"using":"xpath","value":"//input[contains(@id ,\"yardId-inner\")]"}
COMMAND: POST /session/29c94e7c3de8c8de4e6aab3f7ecf7110/execute/sync - {"script":"<script> [8489 bytes]","args":[{"element-6066-11e4-a52e-4f735466cecf":"f.A8B909B395C19A77638691ECE2720CC3.d.651F587D175785FB0DAABF1D15807ABE.e.2275","ELEMENT":"f.A8B909B395C19A77638691ECE2720CC3.d.651F587D175785FB0DAABF1D15807ABE.e.2275"}]}
RESULT: {"script":"<script> [8489 bytes]","args":[{"element-6066-11e4-a52e-4f735466cecf":"f.A8B909B395C19A77638691ECE2720CC3.d.651F587D175785FB0DAABF1D15807ABE.e.2275","ELEMENT":"f.A8B909B395C19A77638691ECE2720CC3.d.651F587D175785FB0DAABF1D15807ABE.e.2275"}]}
COMMAND: POST /session/29c94e7c3de8c8de4e6aab3f7ecf7110/element - {"using":"xpath","value":"//input[contains(@id ,\"yardId-inner\")]"}
COMMAND: GET /session/29c94e7c3de8c8de4e6aab3f7ecf7110/screenshot - {}
RESULT: {"using":"xpath","value":"//input[contains(@id ,\"yardId-inner\")]"}
COMMAND: GET /session/29c94e7c3de8c8de4e6aab3f7ecf7110/element/f.A8B909B395C19A77638691ECE2720CC3.d.651F587D175785FB0DAABF1D15807ABE.e.2275/enabled - {}
RESULT: {}
RESULT: {}
COMMAND: POST /session/29c94e7c3de8c8de4e6aab3f7ecf7110/element/f.A8B909B395C19A77638691ECE2720CC3.d.651F587D175785FB0DAABF1D15807ABE.e.2275/clear - {}
COMMAND: GET /session/29c94e7c3de8c8de4e6aab3f7ecf7110/screenshot - {}
RESULT: {}
COMMAND: POST /session/29c94e7c3de8c8de4e6aab3f7ecf7110/element/f.A8B909B395C19A77638691ECE2720CC3.d.651F587D175785FB0DAABF1D15807ABE.e.2275/value - {"text":"WebdriverYardrpieg"}
COMMAND: GET /session/29c94e7c3de8c8de4e6aab3f7ecf7110/screenshot - {}
RESULT: {}
RESULT: {"text":"WebdriverYardrpieg"}
COMMAND: GET /session/29c94e7c3de8c8de4e6aab3f7ecf7110/screenshot - {}
RESULT: {}
RESULT: {}
COMMAND: POST /session/29c94e7c3de8c8de4e6aab3f7ecf7110/element - {"using":"xpath","value":"//input[contains(@id ,\"customerNumber-inner\")]"}
RESULT: {"using":"xpath","value":"//input[contains(@id ,\"customerNumber-inner\")]"}
COMMAND: POST /session/29c94e7c3de8c8de4e6aab3f7ecf7110/element/f.A8B909B395C19A77638691ECE2720CC3.d.651F587D175785FB0DAABF1D15807ABE.e.2269/value - {"text":"WebdriverPartner89mcp"}
COMMAND: POST /session/29c94e7c3de8c8de4e6aab3f7ecf7110/actions - {"actions":[{"id":"action5","type":"key","parameters":{},"actions":[{"type":"keyDown","value":"î€‡"},{"type":"pause","duration":10},{"type":"keyUp","value":"î€‡"}]}]}
RESULT: {"text":"WebdriverPartner89mcp"}
COMMAND: GET /session/29c94e7c3de8c8de4e6aab3f7ecf7110/screenshot - {}
RESULT: {"actions":[{"id":"action5","type":"key","parameters":{},"actions":[{"type":"keyDown","value":"î€‡"},{"type":"pause","duration":10},{"type":"keyUp","value":"î€‡"}]}]}
COMMAND: GET /session/29c94e7c3de8c8de4e6aab3f7ecf7110/screenshot - {}
RESULT: {}
RESULT: {}
COMMAND: POST /session/29c94e7c3de8c8de4e6aab3f7ecf7110/element/f.A8B909B395C19A77638691ECE2720CC3.d.651F587D175785FB0DAABF1D15807ABE.e.2275/clear - {}
RESULT: {}
COMMAND: POST /session/29c94e7c3de8c8de4e6aab3f7ecf7110/element/f.A8B909B395C19A77638691ECE2720CC3.d.651F587D175785FB0DAABF1D15807ABE.e.2275/clear - {}
COMMAND: GET /session/29c94e7c3de8c8de4e6aab3f7ecf7110/screenshot - {}
RESULT: {}
COMMAND: POST /session/29c94e7c3de8c8de4e6aab3f7ecf7110/element/f.A8B909B395C19A77638691ECE2720CC3.d.651F587D175785FB0DAABF1D15807ABE.e.2275/value - {"text":"WebdriverYardrpieg"}
COMMAND: GET /session/29c94e7c3de8c8de4e6aab3f7ecf7110/screenshot - {}
RESULT: {}
COMMAND: POST /session/29c94e7c3de8c8de4e6aab3f7ecf7110/actions - {"actions":[{"id":"action6","type":"key","parameters":{},"actions":[{"type":"keyDown","value":"î€‡"},{"type":"pause","duration":10},{"type":"keyUp","value":"î€‡"}]}]}
RESULT: {"text":"WebdriverYardrpieg"}
COMMAND: GET /session/29c94e7c3de8c8de4e6aab3f7ecf7110/screenshot - {}
RESULT: {}
RESULT: {"actions":[{"id":"action6","type":"key","parameters":{},"actions":[{"type":"keyDown","value":"î€‡"},{"type":"pause","duration":10},{"type":"keyUp","value":"î€‡"}]}]}
COMMAND: GET /session/29c94e7c3de8c8de4e6aab3f7ecf7110/screenshot - {}
RESULT: {}
RESULT: {}
COMMAND: GET /session/29c94e7c3de8c8de4e6aab3f7ecf7110/element/f.A8B909B395C19A77638691ECE2720CC3.d.651F587D175785FB0DAABF1D15807ABE.e.2269/property/value - {}
RESULT: {}
COMMAND: POST /session/29c94e7c3de8c8de4e6aab3f7ecf7110/element/f.A8B909B395C19A77638691ECE2720CC3.d.651F587D175785FB0DAABF1D15807ABE.e.2269/clear - {}
COMMAND: GET /session/29c94e7c3de8c8de4e6aab3f7ecf7110/screenshot - {}
RESULT: {}
COMMAND: GET /session/29c94e7c3de8c8de4e6aab3f7ecf7110/screenshot - {}
COMMAND: POST /session/29c94e7c3de8c8de4e6aab3f7ecf7110/actions - {"actions":[{"id":"action7","type":"key","parameters":{},"actions":[{"type":"keyDown","value":"î€‡"},{"type":"pause","duration":10},{"type":"keyUp","value":"î€‡"}]}]}
RESULT: {}
RESULT: {}
RESULT: {"actions":[{"id":"action7","type":"key","parameters":{},"actions":[{"type":"keyDown","value":"î€‡"},{"type":"pause","duration":10},{"type":"keyUp","value":"î€‡"}]}]}
COMMAND: GET /session/29c94e7c3de8c8de4e6aab3f7ecf7110/screenshot - {}
RESULT: {}
COMMAND: POST /session/29c94e7c3de8c8de4e6aab3f7ecf7110/element/f.A8B909B395C19A77638691ECE2720CC3.d.651F587D175785FB0DAABF1D15807ABE.e.2269/value - {"text":"WebdriverPartner89mcp"}
RESULT: {"text":"WebdriverPartner89mcp"}
COMMAND: GET /session/29c94e7c3de8c8de4e6aab3f7ecf7110/screenshot - {}
RESULT: {}
COMMAND: POST /session/29c94e7c3de8c8de4e6aab3f7ecf7110/actions - {"actions":[{"id":"action8","type":"key","parameters":{},"actions":[{"type":"keyDown","value":"î€‡"},{"type":"pause","duration":10},{"type":"keyUp","value":"î€‡"}]}]}
RESULT: {"actions":[{"id":"action8","type":"key","parameters":{},"actions":[{"type":"keyDown","value":"î€‡"},{"type":"pause","duration":10},{"type":"keyUp","value":"î€‡"}]}]}
COMMAND: GET /session/29c94e7c3de8c8de4e6aab3f7ecf7110/screenshot - {}
RESULT: {}
COMMAND: POST /session/29c94e7c3de8c8de4e6aab3f7ecf7110/element - {"using":"xpath","value":"//input[contains(@id ,\"requestSiteId-inner\")]"}
RESULT: {"using":"xpath","value":"//input[contains(@id ,\"requestSiteId-inner\")]"}
COMMAND: POST /session/29c94e7c3de8c8de4e6aab3f7ecf7110/element/f.A8B909B395C19A77638691ECE2720CC3.d.651F587D175785FB0DAABF1D15807ABE.e.2268/value - {"text":"WebdriverSitezdv7v"}
RESULT: {"text":"WebdriverSitezdv7v"}
COMMAND: GET /session/29c94e7c3de8c8de4e6aab3f7ecf7110/screenshot - {}
RESULT: {}
COMMAND: POST /session/29c94e7c3de8c8de4e6aab3f7ecf7110/actions - {"actions":[{"id":"action9","type":"key","parameters":{},"actions":[{"type":"keyDown","value":"î€‡"},{"type":"pause","duration":10},{"type":"keyUp","value":"î€‡"}]}]}
RESULT: {"actions":[{"id":"action9","type":"key","parameters":{},"actions":[{"type":"keyDown","value":"î€‡"},{"type":"pause","duration":10},{"type":"keyUp","value":"î€‡"}]}]}
COMMAND: GET /session/29c94e7c3de8c8de4e6aab3f7ecf7110/screenshot - {}
RESULT: {}
COMMAND: POST /session/29c94e7c3de8c8de4e6aab3f7ecf7110/execute/async - {"script":"<script> [1562 bytes]","args":[{"selector":{"controlType":"sap.m.Input","viewName":"etm.portal.ui.managerequests.view.NewRequest","bindingPath":{"path":"","propertyPath":"/DESCRIPTION","modelName":"oNewRequestModel"},"interaction":{"idSuffix":"inner"}},"wdio_ui5_key":"etmportal.ui.managerequests.view.NewRequestsap.m.Input{\"path\":\"\",\"propertyPath\":\"/DESCRIPTION\",\"modelName\":\"oNewRequestModel\"}"}]}
RESULT: {"script":"<script> [1562 bytes]","args":[{"selector":{"controlType":"sap.m.Input","viewName":"etm.portal.ui.managerequests.view.NewRequest","bindingPath":{"path":"","propertyPath":"/DESCRIPTION","modelName":"oNewRequestModel"},"interaction":{"idSuffix":"inner"}},"wdio_ui5_key":"etmportal.ui.managerequests.view.NewRequestsap.m.Input{\"path\":\"\",\"propertyPath\":\"/DESCRIPTION\",\"modelName\":\"oNewRequestModel\"}"}]}
RESULT: undefined
COMMAND: POST /session/29c94e7c3de8c8de4e6aab3f7ecf7110/execute/async - {"script":"<script> [776 bytes]","args":[{"enterText":"Wdi5 Tags Test","selector":{"controlType":"sap.m.Input","viewName":"etm.portal.ui.managerequests.view.NewRequest","bindingPath":{"path":"","propertyPath":"/DESCRIPTION","modelName":"oNewRequestModel"},"interaction":{"idSuffix":"inner"}},"clearTextFirst":true,"interactionType":"ENTER_TEXT"}]}
RESULT: {"script":"<script> [776 bytes]","args":[{"enterText":"Wdi5 Tags Test","selector":{"controlType":"sap.m.Input","viewName":"etm.portal.ui.managerequests.view.NewRequest","bindingPath":{"path":"","propertyPath":"/DESCRIPTION","modelName":"oNewRequestModel"},"interaction":{"idSuffix":"inner"}},"clearTextFirst":true,"interactionType":"ENTER_TEXT"}]}
COMMAND: POST /session/29c94e7c3de8c8de4e6aab3f7ecf7110/execute/async - {"script":"<script> [1562 bytes]","args":[{"selector":{"id":"tagInputAdd","viewName":"etm.portal.ui.managerequests.view.NewRequest","interaction":{"idSuffix":"inner"}},"wdio_ui5_key":"tagInputAddetmportal.ui.managerequests.view.NewRequest"}]}
RESULT: {"script":"<script> [1562 bytes]","args":[{"selector":{"id":"tagInputAdd","viewName":"etm.portal.ui.managerequests.view.NewRequest","interaction":{"idSuffix":"inner"}},"wdio_ui5_key":"tagInputAddetmportal.ui.managerequests.view.NewRequest"}]}
RESULT: undefined
COMMAND: POST /session/29c94e7c3de8c8de4e6aab3f7ecf7110/execute/async - {"script":"<script> [776 bytes]","args":[{"enterText":"RefTag","selector":{"id":"tagInputAdd","viewName":"etm.portal.ui.managerequests.view.NewRequest","interaction":{"idSuffix":"inner"}},"clearTextFirst":true,"interactionType":"ENTER_TEXT"}]}
RESULT: {"script":"<script> [776 bytes]","args":[{"enterText":"RefTag","selector":{"id":"tagInputAdd","viewName":"etm.portal.ui.managerequests.view.NewRequest","interaction":{"idSuffix":"inner"}},"clearTextFirst":true,"interactionType":"ENTER_TEXT"}]}
COMMAND: POST /session/29c94e7c3de8c8de4e6aab3f7ecf7110/actions - {"actions":[{"id":"action10","type":"key","parameters":{},"actions":[{"type":"keyDown","value":"î€‡"},{"type":"pause","duration":10},{"type":"keyUp","value":"î€‡"}]}]}
RESULT: {"actions":[{"id":"action10","type":"key","parameters":{},"actions":[{"type":"keyDown","value":"î€‡"},{"type":"pause","duration":10},{"type":"keyUp","value":"î€‡"}]}]}
COMMAND: GET /session/29c94e7c3de8c8de4e6aab3f7ecf7110/screenshot - {}
RESULT: {}
RESULT: undefined
COMMAND: POST /session/29c94e7c3de8c8de4e6aab3f7ecf7110/execute/async - {"script":"<script> [776 bytes]","args":[{"enterText":"tag-header","selector":{"id":"tagInputAdd","viewName":"etm.portal.ui.managerequests.view.NewRequest","interaction":{"idSuffix":"inner"}},"clearTextFirst":true,"interactionType":"ENTER_TEXT"}]}
RESULT: {"script":"<script> [776 bytes]","args":[{"enterText":"tag-header","selector":{"id":"tagInputAdd","viewName":"etm.portal.ui.managerequests.view.NewRequest","interaction":{"idSuffix":"inner"}},"clearTextFirst":true,"interactionType":"ENTER_TEXT"}]}
COMMAND: POST /session/29c94e7c3de8c8de4e6aab3f7ecf7110/actions - {"actions":[{"id":"action11","type":"key","parameters":{},"actions":[{"type":"keyDown","value":"î€‡"},{"type":"pause","duration":10},{"type":"keyUp","value":"î€‡"}]}]}
RESULT: {"actions":[{"id":"action11","type":"key","parameters":{},"actions":[{"type":"keyDown","value":"î€‡"},{"type":"pause","duration":10},{"type":"keyUp","value":"î€‡"}]}]}
COMMAND: GET /session/29c94e7c3de8c8de4e6aab3f7ecf7110/screenshot - {}
RESULT: {}
RESULT: undefined
COMMAND: POST /session/29c94e7c3de8c8de4e6aab3f7ecf7110/execute/async - {"script":"<script> [776 bytes]","args":[{"enterText":"tag-duplicate","selector":{"id":"tagInputAdd","viewName":"etm.portal.ui.managerequests.view.NewRequest","interaction":{"idSuffix":"inner"}},"clearTextFirst":true,"interactionType":"ENTER_TEXT"}]}
RESULT: {"script":"<script> [776 bytes]","args":[{"enterText":"tag-duplicate","selector":{"id":"tagInputAdd","viewName":"etm.portal.ui.managerequests.view.NewRequest","interaction":{"idSuffix":"inner"}},"clearTextFirst":true,"interactionType":"ENTER_TEXT"}]}
COMMAND: POST /session/29c94e7c3de8c8de4e6aab3f7ecf7110/actions - {"actions":[{"id":"action12","type":"key","parameters":{},"actions":[{"type":"keyDown","value":"î€‡"},{"type":"pause","duration":10},{"type":"keyUp","value":"î€‡"}]}]}
RESULT: {"actions":[{"id":"action12","type":"key","parameters":{},"actions":[{"type":"keyDown","value":"î€‡"},{"type":"pause","duration":10},{"type":"keyUp","value":"î€‡"}]}]}
COMMAND: GET /session/29c94e7c3de8c8de4e6aab3f7ecf7110/screenshot - {}
RESULT: {}
COMMAND: POST /session/29c94e7c3de8c8de4e6aab3f7ecf7110/execute/async - {"script":"<script> [1562 bytes]","args":[{"selector":{"id":"tagsLayoutAdd","viewName":"etm.portal.ui.managerequests.view.NewRequest"},"wdio_ui5_key":"tagsLayoutAddetmportal.ui.managerequests.view.NewRequest"}]}
RESULT: {"script":"<script> [1562 bytes]","args":[{"selector":{"id":"tagsLayoutAdd","viewName":"etm.portal.ui.managerequests.view.NewRequest"},"wdio_ui5_key":"tagsLayoutAddetmportal.ui.managerequests.view.NewRequest"}]}
RESULT: undefined
COMMAND: POST /session/29c94e7c3de8c8de4e6aab3f7ecf7110/execute/async - {"script":"<script> [6424 bytes]","args":[{"element-6066-11e4-a52e-4f735466cecf":"f.A8B909B395C19A77638691ECE2720CC3.d.651F587D175785FB0DAABF1D15807ABE.e.2422"},"getTokens",[]]}
RESULT: {"script":"<script> [6424 bytes]","args":[{"element-6066-11e4-a52e-4f735466cecf":"f.A8B909B395C19A77638691ECE2720CC3.d.651F587D175785FB0DAABF1D15807ABE.e.2422"},"getTokens",[]]}
COMMAND: POST /session/29c94e7c3de8c8de4e6aab3f7ecf7110/execute/async - {"script":"<script> [1562 bytes]","args":[{"wdio_ui5_key":"__token9","selector":{"id":"__token9"}}]}
COMMAND: POST /session/29c94e7c3de8c8de4e6aab3f7ecf7110/execute/async - {"script":"<script> [1562 bytes]","args":[{"wdio_ui5_key":"__token10","selector":{"id":"__token10"}}]}
COMMAND: POST /session/29c94e7c3de8c8de4e6aab3f7ecf7110/execute/async - {"script":"<script> [1562 bytes]","args":[{"wdio_ui5_key":"__token8","selector":{"id":"__token8"}}]}
RESULT: {"script":"<script> [1562 bytes]","args":[{"wdio_ui5_key":"__token9","selector":{"id":"__token9"}}]}
RESULT: undefined
RESULT: {"script":"<script> [1562 bytes]","args":[{"wdio_ui5_key":"__token10","selector":{"id":"__token10"}}]}
RESULT: undefined
RESULT: {"script":"<script> [1562 bytes]","args":[{"wdio_ui5_key":"__token8","selector":{"id":"__token8"}}]}
RESULT: undefined
COMMAND: POST /session/29c94e7c3de8c8de4e6aab3f7ecf7110/execute/async - {"script":"<script> [1562 bytes]","args":[{"selector":{"controlType":"sap.ui.core.Icon","viewName":"etm.portal.ui.managerequests.view.NewRequest","properties":{"src":{"regex":{"source":"decline"}}},"ancestor":{"controlType":"sap.m.Token","viewName":"etm.portal.ui.managerequests.view.NewRequest","properties":{"text":"tag-duplicate"}}},"wdio_ui5_key":"etmportal.ui.managerequests.view.NewRequestsap.ui.core.Icon{\"src\":{\"regex\":{\"source\":\"decline\"}}}{\"controlType\":\"sap.m.Token\",\"viewName\":\"etm.portal.ui.managerequests.view.NewRequest\",\"properties\":{\"text\":\"tag-duplicate\"}}"}]}
RESULT: {"script":"<script> [1562 bytes]","args":[{"selector":{"controlType":"sap.ui.core.Icon","viewName":"etm.portal.ui.managerequests.view.NewRequest","properties":{"src":{"regex":{"source":"decline"}}},"ancestor":{"controlType":"sap.m.Token","viewName":"etm.portal.ui.managerequests.view.NewRequest","properties":{"text":"tag-duplicate"}}},"wdio_ui5_key":"etmportal.ui.managerequests.view.NewRequestsap.ui.core.Icon{\"src\":{\"regex\":{\"source\":\"decline\"}}}{\"controlType\":\"sap.m.Token\",\"viewName\":\"etm.portal.ui.managerequests.view.NewRequest\",\"properties\":{\"text\":\"tag-duplicate\"}}"}]}
RESULT: undefined
COMMAND: POST /session/29c94e7c3de8c8de4e6aab3f7ecf7110/element - {"using":"xpath","value":"//*[@id=\"__token10-icon\"]"}
RESULT: {"using":"xpath","value":"//*[@id=\"__token10-icon\"]"}
COMMAND: POST /session/29c94e7c3de8c8de4e6aab3f7ecf7110/element/f.A8B909B395C19A77638691ECE2720CC3.d.651F587D175785FB0DAABF1D15807ABE.e.2453/click - {}
RESULT: {}
COMMAND: POST /session/29c94e7c3de8c8de4e6aab3f7ecf7110/execute/async - {"script":"<script> [1562 bytes]","args":[{"selector":{"controlType":"sap.ui.core.Icon","viewName":"etm.portal.ui.managerequests.view.NewRequest","properties":{"src":{"regex":{"source":"decline"}}},"ancestor":{"controlType":"sap.m.Token","viewName":"etm.portal.ui.managerequests.view.NewRequest","properties":{"text":"tag1"}}},"wdio_ui5_key":"etmportal.ui.managerequests.view.NewRequestsap.ui.core.Icon{\"src\":{\"regex\":{\"source\":\"decline\"}}}{\"controlType\":\"sap.m.Token\",\"viewName\":\"etm.portal.ui.managerequests.view.NewRequest\",\"properties\":{\"text\":\"tag1\"}}"}]}
COMMAND: GET /session/29c94e7c3de8c8de4e6aab3f7ecf7110/screenshot - {}
RESULT: {"script":"<script> [1562 bytes]","args":[{"selector":{"controlType":"sap.ui.core.Icon","viewName":"etm.portal.ui.managerequests.view.NewRequest","properties":{"src":{"regex":{"source":"decline"}}},"ancestor":{"controlType":"sap.m.Token","viewName":"etm.portal.ui.managerequests.view.NewRequest","properties":{"text":"tag1"}}},"wdio_ui5_key":"etmportal.ui.managerequests.view.NewRequestsap.ui.core.Icon{\"src\":{\"regex\":{\"source\":\"decline\"}}}{\"controlType\":\"sap.m.Token\",\"viewName\":\"etm.portal.ui.managerequests.view.NewRequest\",\"properties\":{\"text\":\"tag1\"}}"}]}
RESULT: undefined
RESULT: {}
COMMAND: POST /session/29c94e7c3de8c8de4e6aab3f7ecf7110/actions - {"actions":[{"id":"action13","type":"key","parameters":{},"actions":[{"type":"keyDown","value":"î€Œ"},{"type":"pause","duration":10},{"type":"keyUp","value":"î€Œ"}]}]}
RESULT: {"actions":[{"id":"action13","type":"key","parameters":{},"actions":[{"type":"keyDown","value":"î€Œ"},{"type":"pause","duration":10},{"type":"keyUp","value":"î€Œ"}]}]}
COMMAND: GET /session/29c94e7c3de8c8de4e6aab3f7ecf7110/screenshot - {}
RESULT: {}
RESULT: undefined
COMMAND: POST /session/29c94e7c3de8c8de4e6aab3f7ecf7110/execute/async - {"script":"<script> [6424 bytes]","args":[{"element-6066-11e4-a52e-4f735466cecf":"f.A8B909B395C19A77638691ECE2720CC3.d.651F587D175785FB0DAABF1D15807ABE.e.2422"},"getTokens",[]]}
RESULT: {"script":"<script> [6424 bytes]","args":[{"element-6066-11e4-a52e-4f735466cecf":"f.A8B909B395C19A77638691ECE2720CC3.d.651F587D175785FB0DAABF1D15807ABE.e.2422"},"getTokens",[]]}
RESULT: undefined
RESULT: undefined
COMMAND: POST /session/29c94e7c3de8c8de4e6aab3f7ecf7110/execute/async - {"script":"<script> [1562 bytes]","args":[{"selector":{"controlType":"sap.m.Button","viewName":"etm.portal.ui.managerequests.view.NewRequest","properties":{"text":"Items"},"interaction":{"idSuffix":"BDI-content"}},"wdio_ui5_key":"etmportal.ui.managerequests.view.NewRequestsap.m.Button{\"text\":\"Items\"}"}]}
RESULT: {"script":"<script> [1562 bytes]","args":[{"selector":{"controlType":"sap.m.Button","viewName":"etm.portal.ui.managerequests.view.NewRequest","properties":{"text":"Items"},"interaction":{"idSuffix":"BDI-content"}},"wdio_ui5_key":"etmportal.ui.managerequests.view.NewRequestsap.m.Button{\"text\":\"Items\"}"}]}
RESULT: undefined
COMMAND: POST /session/29c94e7c3de8c8de4e6aab3f7ecf7110/element - {"using":"xpath","value":"//*[@id=\"__xmlview60--newRequestPage-anchBar-__xmlview60--requestItemsSection-anchor\"]"}
RESULT: {"using":"xpath","value":"//*[@id=\"__xmlview60--newRequestPage-anchBar-__xmlview60--requestItemsSection-anchor\"]"}
COMMAND: POST /session/29c94e7c3de8c8de4e6aab3f7ecf7110/element/f.A8B909B395C19A77638691ECE2720CC3.d.651F587D175785FB0DAABF1D15807ABE.e.2460/click - {}
RESULT: {}
COMMAND: GET /session/29c94e7c3de8c8de4e6aab3f7ecf7110/screenshot - {}
RESULT: {}
COMMAND: POST /session/29c94e7c3de8c8de4e6aab3f7ecf7110/execute/async - {"script":"<script> [1562 bytes]","args":[{"selector":{"controlType":"sap.ui.core.Icon","viewName":"etm.portal.ui.managerequests.view.NewRequest","properties":{"src":{"regex":{"source":"inspect"}}}},"wdio_ui5_key":"etmportal.ui.managerequests.view.NewRequestsap.ui.core.Icon{\"src\":{\"regex\":{\"source\":\"inspect\"}}}"}]}
RESULT: {"script":"<script> [1562 bytes]","args":[{"selector":{"controlType":"sap.ui.core.Icon","viewName":"etm.portal.ui.managerequests.view.NewRequest","properties":{"src":{"regex":{"source":"inspect"}}}},"wdio_ui5_key":"etmportal.ui.managerequests.view.NewRequestsap.ui.core.Icon{\"src\":{\"regex\":{\"source\":\"inspect\"}}}"}]}
RESULT: undefined
COMMAND: POST /session/29c94e7c3de8c8de4e6aab3f7ecf7110/element - {"using":"xpath","value":"//*[@id=\"__button114-img\"]"}
RESULT: {"using":"xpath","value":"//*[@id=\"__button114-img\"]"}
COMMAND: POST /session/29c94e7c3de8c8de4e6aab3f7ecf7110/element/f.A8B909B395C19A77638691ECE2720CC3.d.651F587D175785FB0DAABF1D15807ABE.e.2465/click - {}
RESULT: {}
COMMAND: GET /session/29c94e7c3de8c8de4e6aab3f7ecf7110/screenshot - {}
RESULT: {}
COMMAND: POST /session/29c94e7c3de8c8de4e6aab3f7ecf7110/execute/async - {"script":"<script> [1562 bytes]","args":[{"selector":{"controlType":"sap.ui.core.Icon","viewName":"etm.portal.ui.managerequests.view.NewRequest","properties":{"src":{"regex":{"source":"add"}}}},"wdio_ui5_key":"etmportal.ui.managerequests.view.NewRequestsap.ui.core.Icon{\"src\":{\"regex\":{\"source\":\"add\"}}}"}]}
RESULT: {"script":"<script> [1562 bytes]","args":[{"selector":{"controlType":"sap.ui.core.Icon","viewName":"etm.portal.ui.managerequests.view.NewRequest","properties":{"src":{"regex":{"source":"add"}}}},"wdio_ui5_key":"etmportal.ui.managerequests.view.NewRequestsap.ui.core.Icon{\"src\":{\"regex\":{\"source\":\"add\"}}}"}]}
RESULT: undefined
COMMAND: POST /session/29c94e7c3de8c8de4e6aab3f7ecf7110/element - {"using":"xpath","value":"//*[@id=\"__xmlview60--btnAddTableRow-img\"]"}
RESULT: {"using":"xpath","value":"//*[@id=\"__xmlview60--btnAddTableRow-img\"]"}
COMMAND: POST /session/29c94e7c3de8c8de4e6aab3f7ecf7110/element/f.A8B909B395C19A77638691ECE2720CC3.d.651F587D175785FB0DAABF1D15807ABE.e.2473/click - {}
RESULT: {}
COMMAND: GET /session/29c94e7c3de8c8de4e6aab3f7ecf7110/screenshot - {}
RESULT: {}
COMMAND: POST /session/29c94e7c3de8c8de4e6aab3f7ecf7110/execute/async - {"script":"<script> [1562 bytes]","args":[{"selector":{"controlType":"sap.ui.unified.MenuItem","viewName":"etm.portal.ui.managerequests.view.NewRequest","i18NText":{"propertyName":"text","key":"standardEntry"},"searchOpenDialogs":true,"interaction":{"idSuffix":"txt"}},"wdio_ui5_key":"etmportal.ui.managerequests.view.NewRequestsap.ui.unified.MenuItem{\"propertyName\":\"text\",\"key\":\"standardEntry\"}"}]}
RESULT: {"script":"<script> [1562 bytes]","args":[{"selector":{"controlType":"sap.ui.unified.MenuItem","viewName":"etm.portal.ui.managerequests.view.NewRequest","i18NText":{"propertyName":"text","key":"standardEntry"},"searchOpenDialogs":true,"interaction":{"idSuffix":"txt"}},"wdio_ui5_key":"etmportal.ui.managerequests.view.NewRequestsap.ui.unified.MenuItem{\"propertyName\":\"text\",\"key\":\"standardEntry\"}"}]}
RESULT: undefined
COMMAND: POST /session/29c94e7c3de8c8de4e6aab3f7ecf7110/element - {"using":"xpath","value":"//*[@id=\"__item815\"]"}
RESULT: {"using":"xpath","value":"//*[@id=\"__item815\"]"}
COMMAND: POST /session/29c94e7c3de8c8de4e6aab3f7ecf7110/element/f.A8B909B395C19A77638691ECE2720CC3.d.651F587D175785FB0DAABF1D15807ABE.e.2476/click - {}
RESULT: {}
COMMAND: GET /session/29c94e7c3de8c8de4e6aab3f7ecf7110/screenshot - {}
RESULT: {}
RESULT: undefined
COMMAND: POST /session/29c94e7c3de8c8de4e6aab3f7ecf7110/element - {"using":"xpath","value":"//*[@id=\"__xmlview60--btnAddTableRow-img\"]"}
RESULT: {"using":"xpath","value":"//*[@id=\"__xmlview60--btnAddTableRow-img\"]"}
COMMAND: POST /session/29c94e7c3de8c8de4e6aab3f7ecf7110/element/f.A8B909B395C19A77638691ECE2720CC3.d.651F587D175785FB0DAABF1D15807ABE.e.2473/click - {}
RESULT: {}
COMMAND: GET /session/29c94e7c3de8c8de4e6aab3f7ecf7110/screenshot - {}
RESULT: {}
RESULT: undefined
COMMAND: POST /session/29c94e7c3de8c8de4e6aab3f7ecf7110/element - {"using":"xpath","value":"//*[@id=\"__item815\"]"}
RESULT: {"using":"xpath","value":"//*[@id=\"__item815\"]"}
COMMAND: POST /session/29c94e7c3de8c8de4e6aab3f7ecf7110/element/f.A8B909B395C19A77638691ECE2720CC3.d.651F587D175785FB0DAABF1D15807ABE.e.2497/click - {}
RESULT: {}
COMMAND: GET /session/29c94e7c3de8c8de4e6aab3f7ecf7110/screenshot - {}
RESULT: {}
COMMAND: POST /session/29c94e7c3de8c8de4e6aab3f7ecf7110/element - {"using":"xpath","value":"(//input[contains(@id ,\"requestItemsTable-0-inner\")])[5]"}
RESULT: {"using":"xpath","value":"(//input[contains(@id ,\"requestItemsTable-0-inner\")])[5]"}
COMMAND: POST /session/29c94e7c3de8c8de4e6aab3f7ecf7110/element/f.A8B909B395C19A77638691ECE2720CC3.d.651F587D175785FB0DAABF1D15807ABE.e.2488/clear - {}
RESULT: {}
COMMAND: POST /session/29c94e7c3de8c8de4e6aab3f7ecf7110/element/f.A8B909B395C19A77638691ECE2720CC3.d.651F587D175785FB0DAABF1D15807ABE.e.2488/value - {"text":"1000001"}
COMMAND: GET /session/29c94e7c3de8c8de4e6aab3f7ecf7110/screenshot - {}
RESULT: {"text":"1000001"}
COMMAND: GET /session/29c94e7c3de8c8de4e6aab3f7ecf7110/screenshot - {}
RESULT: {}
RESULT: {}
COMMAND: POST /session/29c94e7c3de8c8de4e6aab3f7ecf7110/actions - {"actions":[{"id":"action14","type":"key","parameters":{},"actions":[{"type":"keyDown","value":"î€‡"},{"type":"pause","duration":10},{"type":"keyUp","value":"î€‡"}]}]}
RESULT: {"actions":[{"id":"action14","type":"key","parameters":{},"actions":[{"type":"keyDown","value":"î€‡"},{"type":"pause","duration":10},{"type":"keyUp","value":"î€‡"}]}]}
COMMAND: POST /session/29c94e7c3de8c8de4e6aab3f7ecf7110/element - {"using":"xpath","value":"(//input[contains(@id ,\"requestItemsTable-1-inner\")])[5]"}
COMMAND: GET /session/29c94e7c3de8c8de4e6aab3f7ecf7110/screenshot - {}
RESULT: {"using":"xpath","value":"(//input[contains(@id ,\"requestItemsTable-1-inner\")])[5]"}
COMMAND: POST /session/29c94e7c3de8c8de4e6aab3f7ecf7110/element/f.A8B909B395C19A77638691ECE2720CC3.d.651F587D175785FB0DAABF1D15807ABE.e.2503/clear - {}
RESULT: {}
RESULT: {}
COMMAND: POST /session/29c94e7c3de8c8de4e6aab3f7ecf7110/element/f.A8B909B395C19A77638691ECE2720CC3.d.651F587D175785FB0DAABF1D15807ABE.e.2503/value - {"text":"1000002"}
COMMAND: GET /session/29c94e7c3de8c8de4e6aab3f7ecf7110/screenshot - {}
RESULT: {"text":"1000002"}
COMMAND: GET /session/29c94e7c3de8c8de4e6aab3f7ecf7110/screenshot - {}
RESULT: {}
RESULT: {}
COMMAND: POST /session/29c94e7c3de8c8de4e6aab3f7ecf7110/actions - {"actions":[{"id":"action15","type":"key","parameters":{},"actions":[{"type":"keyDown","value":"î€‡"},{"type":"pause","duration":10},{"type":"keyUp","value":"î€‡"}]}]}
RESULT: {"actions":[{"id":"action15","type":"key","parameters":{},"actions":[{"type":"keyDown","value":"î€‡"},{"type":"pause","duration":10},{"type":"keyUp","value":"î€‡"}]}]}
COMMAND: POST /session/29c94e7c3de8c8de4e6aab3f7ecf7110/execute/async - {"script":"<script> [1562 bytes]","args":[{"selector":{"controlType":"sap.m.Input","viewName":"etm.portal.ui.managerequests.view.NewRequest","bindingPath":{"path":"","propertyPath":"/Tags","modelName":"catalogModel"},"ancestor":{"controlType":"sap.m.ColumnListItem","viewName":"etm.portal.ui.managerequests.view.NewRequest","bindingPath":{"modelName":"newRequestItems","path":"/RequestItems/0"},"ancestor":{"id":"requestItemsTable","viewName":"etm.portal.ui.managerequests.view.NewRequest"}},"interaction":{"idSuffix":"inner"}},"wdio_ui5_key":"etmportal.ui.managerequests.view.NewRequestsap.m.Input{\"path\":\"\",\"propertyPath\":\"/Tags\",\"modelName\":\"catalogModel\"}{\"controlType\":\"sap.m.ColumnListItem\",\"viewName\":\"etm.portal.ui.managerequests.view.NewRequest\",\"bindingPath\":{\"modelName\":\"newRequestItems\",\"path\":\"/RequestItems/0\"},\"ancestor\":{\"id\":\"requestItemsTable\",\"viewName\":\"etm.portal.ui.managerequests.view.NewRequest\"}}"}]}
COMMAND: GET /session/29c94e7c3de8c8de4e6aab3f7ecf7110/screenshot - {}
RESULT: {"script":"<script> [1562 bytes]","args":[{"selector":{"controlType":"sap.m.Input","viewName":"etm.portal.ui.managerequests.view.NewRequest","bindingPath":{"path":"","propertyPath":"/Tags","modelName":"catalogModel"},"ancestor":{"controlType":"sap.m.ColumnListItem","viewName":"etm.portal.ui.managerequests.view.NewRequest","bindingPath":{"modelName":"newRequestItems","path":"/RequestItems/0"},"ancestor":{"id":"requestItemsTable","viewName":"etm.portal.ui.managerequests.view.NewRequest"}},"interaction":{"idSuffix":"inner"}},"wdio_ui5_key":"etmportal.ui.managerequests.view.NewRequestsap.m.Input{\"path\":\"\",\"propertyPath\":\"/Tags\",\"modelName\":\"catalogModel\"}{\"controlType\":\"sap.m.ColumnListItem\",\"viewName\":\"etm.portal.ui.managerequests.view.NewRequest\",\"bindingPath\":{\"modelName\":\"newRequestItems\",\"path\":\"/RequestItems/0\"},\"ancestor\":{\"id\":\"requestItemsTable\",\"viewName\":\"etm.portal.ui.managerequests.view.NewRequest\"}}"}]}
RESULT: undefined
COMMAND: POST /session/29c94e7c3de8c8de4e6aab3f7ecf7110/execute/async - {"script":"<script> [776 bytes]","args":[{"enterText":"tag1","selector":{"controlType":"sap.m.Input","viewName":"etm.portal.ui.managerequests.view.NewRequest","bindingPath":{"path":"","propertyPath":"/Tags","modelName":"catalogModel"},"ancestor":{"controlType":"sap.m.ColumnListItem","viewName":"etm.portal.ui.managerequests.view.NewRequest","bindingPath":{"modelName":"newRequestItems","path":"/RequestItems/0"},"ancestor":{"id":"requestItemsTable","viewName":"etm.portal.ui.managerequests.view.NewRequest"}},"interaction":{"idSuffix":"inner"}},"clearTextFirst":true,"interactionType":"ENTER_TEXT"}]}
RESULT: {}
RESULT: {"script":"<script> [776 bytes]","args":[{"enterText":"tag1","selector":{"controlType":"sap.m.Input","viewName":"etm.portal.ui.managerequests.view.NewRequest","bindingPath":{"path":"","propertyPath":"/Tags","modelName":"catalogModel"},"ancestor":{"controlType":"sap.m.ColumnListItem","viewName":"etm.portal.ui.managerequests.view.NewRequest","bindingPath":{"modelName":"newRequestItems","path":"/RequestItems/0"},"ancestor":{"id":"requestItemsTable","viewName":"etm.portal.ui.managerequests.view.NewRequest"}},"interaction":{"idSuffix":"inner"}},"clearTextFirst":true,"interactionType":"ENTER_TEXT"}]}
COMMAND: POST /session/29c94e7c3de8c8de4e6aab3f7ecf7110/actions - {"actions":[{"id":"action16","type":"key","parameters":{},"actions":[{"type":"keyDown","value":"î€‡"},{"type":"pause","duration":10},{"type":"keyUp","value":"î€‡"}]}]}
RESULT: {"actions":[{"id":"action16","type":"key","parameters":{},"actions":[{"type":"keyDown","value":"î€‡"},{"type":"pause","duration":10},{"type":"keyUp","value":"î€‡"}]}]}
RESULT: undefined
COMMAND: POST /session/29c94e7c3de8c8de4e6aab3f7ecf7110/execute/async - {"script":"<script> [776 bytes]","args":[{"enterText":"tag-duplicate","selector":{"controlType":"sap.m.Input","viewName":"etm.portal.ui.managerequests.view.NewRequest","bindingPath":{"path":"","propertyPath":"/Tags","modelName":"catalogModel"},"ancestor":{"controlType":"sap.m.ColumnListItem","viewName":"etm.portal.ui.managerequests.view.NewRequest","bindingPath":{"modelName":"newRequestItems","path":"/RequestItems/0"},"ancestor":{"id":"requestItemsTable","viewName":"etm.portal.ui.managerequests.view.NewRequest"}},"interaction":{"idSuffix":"inner"}},"clearTextFirst":true,"interactionType":"ENTER_TEXT"}]}
COMMAND: GET /session/29c94e7c3de8c8de4e6aab3f7ecf7110/screenshot - {}
RESULT: {"script":"<script> [776 bytes]","args":[{"enterText":"tag-duplicate","selector":{"controlType":"sap.m.Input","viewName":"etm.portal.ui.managerequests.view.NewRequest","bindingPath":{"path":"","propertyPath":"/Tags","modelName":"catalogModel"},"ancestor":{"controlType":"sap.m.ColumnListItem","viewName":"etm.portal.ui.managerequests.view.NewRequest","bindingPath":{"modelName":"newRequestItems","path":"/RequestItems/0"},"ancestor":{"id":"requestItemsTable","viewName":"etm.portal.ui.managerequests.view.NewRequest"}},"interaction":{"idSuffix":"inner"}},"clearTextFirst":true,"interactionType":"ENTER_TEXT"}]}
RESULT: {}
COMMAND: POST /session/29c94e7c3de8c8de4e6aab3f7ecf7110/actions - {"actions":[{"id":"action17","type":"key","parameters":{},"actions":[{"type":"keyDown","value":"î€‡"},{"type":"pause","duration":10},{"type":"keyUp","value":"î€‡"}]}]}
RESULT: {"actions":[{"id":"action17","type":"key","parameters":{},"actions":[{"type":"keyDown","value":"î€‡"},{"type":"pause","duration":10},{"type":"keyUp","value":"î€‡"}]}]}
COMMAND: GET /session/29c94e7c3de8c8de4e6aab3f7ecf7110/screenshot - {}
RESULT: {}
COMMAND: POST /session/29c94e7c3de8c8de4e6aab3f7ecf7110/execute/async - {"script":"<script> [1562 bytes]","args":[{"selector":{"controlType":"sap.m.Input","viewName":"etm.portal.ui.managerequests.view.NewRequest","bindingPath":{"path":"","propertyPath":"/Tags","modelName":"catalogModel"},"ancestor":{"controlType":"sap.m.ColumnListItem","viewName":"etm.portal.ui.managerequests.view.NewRequest","bindingPath":{"modelName":"newRequestItems","path":"/RequestItems/1"},"ancestor":{"id":"requestItemsTable","viewName":"etm.portal.ui.managerequests.view.NewRequest"}},"interaction":{"idSuffix":"inner"}},"wdio_ui5_key":"etmportal.ui.managerequests.view.NewRequestsap.m.Input{\"path\":\"\",\"propertyPath\":\"/Tags\",\"modelName\":\"catalogModel\"}{\"controlType\":\"sap.m.ColumnListItem\",\"viewName\":\"etm.portal.ui.managerequests.view.NewRequest\",\"bindingPath\":{\"modelName\":\"newRequestItems\",\"path\":\"/RequestItems/1\"},\"ancestor\":{\"id\":\"requestItemsTable\",\"viewName\":\"etm.portal.ui.managerequests.view.NewRequest\"}}"}]}
RESULT: {"script":"<script> [1562 bytes]","args":[{"selector":{"controlType":"sap.m.Input","viewName":"etm.portal.ui.managerequests.view.NewRequest","bindingPath":{"path":"","propertyPath":"/Tags","modelName":"catalogModel"},"ancestor":{"controlType":"sap.m.ColumnListItem","viewName":"etm.portal.ui.managerequests.view.NewRequest","bindingPath":{"modelName":"newRequestItems","path":"/RequestItems/1"},"ancestor":{"id":"requestItemsTable","viewName":"etm.portal.ui.managerequests.view.NewRequest"}},"interaction":{"idSuffix":"inner"}},"wdio_ui5_key":"etmportal.ui.managerequests.view.NewRequestsap.m.Input{\"path\":\"\",\"propertyPath\":\"/Tags\",\"modelName\":\"catalogModel\"}{\"controlType\":\"sap.m.ColumnListItem\",\"viewName\":\"etm.portal.ui.managerequests.view.NewRequest\",\"bindingPath\":{\"modelName\":\"newRequestItems\",\"path\":\"/RequestItems/1\"},\"ancestor\":{\"id\":\"requestItemsTable\",\"viewName\":\"etm.portal.ui.managerequests.view.NewRequest\"}}"}]}
RESULT: undefined
COMMAND: POST /session/29c94e7c3de8c8de4e6aab3f7ecf7110/execute/async - {"script":"<script> [776 bytes]","args":[{"enterText":"tag1","selector":{"controlType":"sap.m.Input","viewName":"etm.portal.ui.managerequests.view.NewRequest","bindingPath":{"path":"","propertyPath":"/Tags","modelName":"catalogModel"},"ancestor":{"controlType":"sap.m.ColumnListItem","viewName":"etm.portal.ui.managerequests.view.NewRequest","bindingPath":{"modelName":"newRequestItems","path":"/RequestItems/1"},"ancestor":{"id":"requestItemsTable","viewName":"etm.portal.ui.managerequests.view.NewRequest"}},"interaction":{"idSuffix":"inner"}},"clearTextFirst":true,"interactionType":"ENTER_TEXT"}]}
RESULT: {"script":"<script> [776 bytes]","args":[{"enterText":"tag1","selector":{"controlType":"sap.m.Input","viewName":"etm.portal.ui.managerequests.view.NewRequest","bindingPath":{"path":"","propertyPath":"/Tags","modelName":"catalogModel"},"ancestor":{"controlType":"sap.m.ColumnListItem","viewName":"etm.portal.ui.managerequests.view.NewRequest","bindingPath":{"modelName":"newRequestItems","path":"/RequestItems/1"},"ancestor":{"id":"requestItemsTable","viewName":"etm.portal.ui.managerequests.view.NewRequest"}},"interaction":{"idSuffix":"inner"}},"clearTextFirst":true,"interactionType":"ENTER_TEXT"}]}
COMMAND: POST /session/29c94e7c3de8c8de4e6aab3f7ecf7110/actions - {"actions":[{"id":"action18","type":"key","parameters":{},"actions":[{"type":"keyDown","value":"î€‡"},{"type":"pause","duration":10},{"type":"keyUp","value":"î€‡"}]}]}
RESULT: {"actions":[{"id":"action18","type":"key","parameters":{},"actions":[{"type":"keyDown","value":"î€‡"},{"type":"pause","duration":10},{"type":"keyUp","value":"î€‡"}]}]}
RESULT: undefined
COMMAND: POST /session/29c94e7c3de8c8de4e6aab3f7ecf7110/execute/async - {"script":"<script> [776 bytes]","args":[{"enterText":"tag-duplicate","selector":{"controlType":"sap.m.Input","viewName":"etm.portal.ui.managerequests.view.NewRequest","bindingPath":{"path":"","propertyPath":"/Tags","modelName":"catalogModel"},"ancestor":{"controlType":"sap.m.ColumnListItem","viewName":"etm.portal.ui.managerequests.view.NewRequest","bindingPath":{"modelName":"newRequestItems","path":"/RequestItems/1"},"ancestor":{"id":"requestItemsTable","viewName":"etm.portal.ui.managerequests.view.NewRequest"}},"interaction":{"idSuffix":"inner"}},"clearTextFirst":true,"interactionType":"ENTER_TEXT"}]}
COMMAND: GET /session/29c94e7c3de8c8de4e6aab3f7ecf7110/screenshot - {}
RESULT: {"script":"<script> [776 bytes]","args":[{"enterText":"tag-duplicate","selector":{"controlType":"sap.m.Input","viewName":"etm.portal.ui.managerequests.view.NewRequest","bindingPath":{"path":"","propertyPath":"/Tags","modelName":"catalogModel"},"ancestor":{"controlType":"sap.m.ColumnListItem","viewName":"etm.portal.ui.managerequests.view.NewRequest","bindingPath":{"modelName":"newRequestItems","path":"/RequestItems/1"},"ancestor":{"id":"requestItemsTable","viewName":"etm.portal.ui.managerequests.view.NewRequest"}},"interaction":{"idSuffix":"inner"}},"clearTextFirst":true,"interactionType":"ENTER_TEXT"}]}
RESULT: {}
COMMAND: POST /session/29c94e7c3de8c8de4e6aab3f7ecf7110/actions - {"actions":[{"id":"action19","type":"key","parameters":{},"actions":[{"type":"keyDown","value":"î€‡"},{"type":"pause","duration":10},{"type":"keyUp","value":"î€‡"}]}]}
RESULT: {"actions":[{"id":"action19","type":"key","parameters":{},"actions":[{"type":"keyDown","value":"î€‡"},{"type":"pause","duration":10},{"type":"keyUp","value":"î€‡"}]}]}
COMMAND: GET /session/29c94e7c3de8c8de4e6aab3f7ecf7110/screenshot - {}
RESULT: {}
COMMAND: POST /session/29c94e7c3de8c8de4e6aab3f7ecf7110/execute/async - {"script":"<script> [1562 bytes]","args":[{"selector":{"controlType":"sap.ui.core.Icon","viewName":"etm.portal.ui.managerequests.view.NewRequest","properties":{"src":{"regex":{"source":"slim\\-arrow\\-down"}}},"ancestor":{"controlType":"sap.m.Button","viewName":"etm.portal.ui.managerequests.view.NewRequest","properties":{"icon":"sap-icon://slim-arrow-down"}}},"wdio_ui5_key":"etmportal.ui.managerequests.view.NewRequestsap.ui.core.Icon{\"src\":{\"regex\":{\"source\":\"slim\\\\-arrow\\\\-down\"}}}{\"controlType\":\"sap.m.Button\",\"viewName\":\"etm.portal.ui.managerequests.view.NewRequest\",\"properties\":{\"icon\":\"sap-icon://slim-arrow-down\"}}"}]}
RESULT: {"script":"<script> [1562 bytes]","args":[{"selector":{"controlType":"sap.ui.core.Icon","viewName":"etm.portal.ui.managerequests.view.NewRequest","properties":{"src":{"regex":{"source":"slim\\-arrow\\-down"}}},"ancestor":{"controlType":"sap.m.Button","viewName":"etm.portal.ui.managerequests.view.NewRequest","properties":{"icon":"sap-icon://slim-arrow-down"}}},"wdio_ui5_key":"etmportal.ui.managerequests.view.NewRequestsap.ui.core.Icon{\"src\":{\"regex\":{\"source\":\"slim\\\\-arrow\\\\-down\"}}}{\"controlType\":\"sap.m.Button\",\"viewName\":\"etm.portal.ui.managerequests.view.NewRequest\",\"properties\":{\"icon\":\"sap-icon://slim-arrow-down\"}}"}]}
RESULT: undefined
COMMAND: POST /session/29c94e7c3de8c8de4e6aab3f7ecf7110/element - {"using":"xpath","value":"//*[@id=\"__title25-expandBtn-img\"]"}
RESULT: {"using":"xpath","value":"//*[@id=\"__title25-expandBtn-img\"]"}
COMMAND: POST /session/29c94e7c3de8c8de4e6aab3f7ecf7110/element/f.A8B909B395C19A77638691ECE2720CC3.d.651F587D175785FB0DAABF1D15807ABE.e.2549/click - {}
RESULT: {}
COMMAND: GET /session/29c94e7c3de8c8de4e6aab3f7ecf7110/screenshot - {}
RESULT: {}
COMMAND: POST /session/29c94e7c3de8c8de4e6aab3f7ecf7110/element - {"using":"xpath","value":"//div[contains(@data-kt ,\"splitAllocationObjectStatus\")]"}
RESULT: {"using":"xpath","value":"//div[contains(@data-kt ,\"splitAllocationObjectStatus\")]"}
COMMAND: POST /session/29c94e7c3de8c8de4e6aab3f7ecf7110/elements - {"using":"xpath","value":"//div[contains(@data-kt ,\"splitAllocationObjectStatus\")]"}
RESULT: {"using":"xpath","value":"//div[contains(@data-kt ,\"splitAllocationObjectStatus\")]"}
COMMAND: POST /session/29c94e7c3de8c8de4e6aab3f7ecf7110/execute/async - {"script":"<script> [1562 bytes]","args":[{"selector":{"controlType":"sap.ui.core.Icon","viewName":"etm.portal.ui.managerequests.view.NewRequest","properties":{"src":{"regex":{"source":"message\\-error"}}},"ancestor":{"controlType":"sap.m.ColumnListItem","viewName":"etm.portal.ui.managerequests.view.NewRequest","bindingPath":{"modelName":"newRequestItems","path":"/RequestItems/0"},"ancestor":{"id":"requestItemsTable","viewName":"etm.portal.ui.managerequests.view.NewRequest"}}},"wdio_ui5_key":"etmportal.ui.managerequests.view.NewRequestsap.ui.core.Icon{\"src\":{\"regex\":{\"source\":\"message\\\\-error\"}}}{\"controlType\":\"sap.m.ColumnListItem\",\"viewName\":\"etm.portal.ui.managerequests.view.NewRequest\",\"bindingPath\":{\"modelName\":\"newRequestItems\",\"path\":\"/RequestItems/0\"},\"ancestor\":{\"id\":\"requestItemsTable\",\"viewName\":\"etm.portal.ui.managerequests.view.NewRequest\"}}"}]}
RESULT: {"script":"<script> [1562 bytes]","args":[{"selector":{"controlType":"sap.ui.core.Icon","viewName":"etm.portal.ui.managerequests.view.NewRequest","properties":{"src":{"regex":{"source":"message\\-error"}}},"ancestor":{"controlType":"sap.m.ColumnListItem","viewName":"etm.portal.ui.managerequests.view.NewRequest","bindingPath":{"modelName":"newRequestItems","path":"/RequestItems/0"},"ancestor":{"id":"requestItemsTable","viewName":"etm.portal.ui.managerequests.view.NewRequest"}}},"wdio_ui5_key":"etmportal.ui.managerequests.view.NewRequestsap.ui.core.Icon{\"src\":{\"regex\":{\"source\":\"message\\\\-error\"}}}{\"controlType\":\"sap.m.ColumnListItem\",\"viewName\":\"etm.portal.ui.managerequests.view.NewRequest\",\"bindingPath\":{\"modelName\":\"newRequestItems\",\"path\":\"/RequestItems/0\"},\"ancestor\":{\"id\":\"requestItemsTable\",\"viewName\":\"etm.portal.ui.managerequests.view.NewRequest\"}}"}]}
RESULT: undefined
COMMAND: POST /session/29c94e7c3de8c8de4e6aab3f7ecf7110/element - {"using":"xpath","value":"//*[@id=\"__status6-__xmlview60--requestItemsTable-0-icon\"]"}
RESULT: {"using":"xpath","value":"//*[@id=\"__status6-__xmlview60--requestItemsTable-0-icon\"]"}
COMMAND: POST /session/29c94e7c3de8c8de4e6aab3f7ecf7110/element/f.A8B909B395C19A77638691ECE2720CC3.d.651F587D175785FB0DAABF1D15807ABE.e.2530/click - {}
RESULT: {}
COMMAND: GET /session/29c94e7c3de8c8de4e6aab3f7ecf7110/screenshot - {}
RESULT: {}
COMMAND: POST /session/29c94e7c3de8c8de4e6aab3f7ecf7110/execute/async - {"script":"<script> [1562 bytes]","args":[{"selector":{"id":"costObjectAdminTypeComboBox","viewName":"etm.portal.ui.managerequests.view.NewRequest","searchOpenDialogs":true,"interaction":{"idSuffix":"inner"}},"wdio_ui5_key":"costObjectAdminTypeComboBoxetmportal.ui.managerequests.view.NewRequest"}]}
RESULT: {"script":"<script> [1562 bytes]","args":[{"selector":{"id":"costObjectAdminTypeComboBox","viewName":"etm.portal.ui.managerequests.view.NewRequest","searchOpenDialogs":true,"interaction":{"idSuffix":"inner"}},"wdio_ui5_key":"costObjectAdminTypeComboBoxetmportal.ui.managerequests.view.NewRequest"}]}
RESULT: undefined
COMMAND: POST /session/29c94e7c3de8c8de4e6aab3f7ecf7110/execute/async - {"script":"<script> [776 bytes]","args":[{"enterText":"Cost Center","selector":{"id":"costObjectAdminTypeComboBox","viewName":"etm.portal.ui.managerequests.view.NewRequest","searchOpenDialogs":true,"interaction":{"idSuffix":"inner"}},"clearTextFirst":true,"interactionType":"ENTER_TEXT"}]}
RESULT: {"script":"<script> [776 bytes]","args":[{"enterText":"Cost Center","selector":{"id":"costObjectAdminTypeComboBox","viewName":"etm.portal.ui.managerequests.view.NewRequest","searchOpenDialogs":true,"interaction":{"idSuffix":"inner"}},"clearTextFirst":true,"interactionType":"ENTER_TEXT"}]}
COMMAND: POST /session/29c94e7c3de8c8de4e6aab3f7ecf7110/actions - {"actions":[{"id":"action20","type":"key","parameters":{},"actions":[{"type":"keyDown","value":"î€‡"},{"type":"pause","duration":10},{"type":"keyUp","value":"î€‡"}]}]}
RESULT: {"actions":[{"id":"action20","type":"key","parameters":{},"actions":[{"type":"keyDown","value":"î€‡"},{"type":"pause","duration":10},{"type":"keyUp","value":"î€‡"}]}]}
COMMAND: GET /session/29c94e7c3de8c8de4e6aab3f7ecf7110/screenshot - {}
RESULT: {}
COMMAND: POST /session/29c94e7c3de8c8de4e6aab3f7ecf7110/execute/async - {"script":"<script> [1562 bytes]","args":[{"selector":{"id":"costObjectIdComboBox","viewName":"etm.portal.ui.managerequests.view.NewRequest","searchOpenDialogs":true,"interaction":{"idSuffix":"inner"}},"wdio_ui5_key":"costObjectIdComboBoxetmportal.ui.managerequests.view.NewRequest"}]}
RESULT: {"script":"<script> [1562 bytes]","args":[{"selector":{"id":"costObjectIdComboBox","viewName":"etm.portal.ui.managerequests.view.NewRequest","searchOpenDialogs":true,"interaction":{"idSuffix":"inner"}},"wdio_ui5_key":"costObjectIdComboBoxetmportal.ui.managerequests.view.NewRequest"}]}
RESULT: undefined
COMMAND: POST /session/29c94e7c3de8c8de4e6aab3f7ecf7110/execute/async - {"script":"<script> [776 bytes]","args":[{"enterText":"1001 - 1001","selector":{"id":"costObjectIdComboBox","viewName":"etm.portal.ui.managerequests.view.NewRequest","searchOpenDialogs":true,"interaction":{"idSuffix":"inner"}},"clearTextFirst":true,"interactionType":"ENTER_TEXT"}]}
RESULT: {"script":"<script> [776 bytes]","args":[{"enterText":"1001 - 1001","selector":{"id":"costObjectIdComboBox","viewName":"etm.portal.ui.managerequests.view.NewRequest","searchOpenDialogs":true,"interaction":{"idSuffix":"inner"}},"clearTextFirst":true,"interactionType":"ENTER_TEXT"}]}
COMMAND: POST /session/29c94e7c3de8c8de4e6aab3f7ecf7110/actions - {"actions":[{"id":"action21","type":"key","parameters":{},"actions":[{"type":"keyDown","value":"î€‡"},{"type":"pause","duration":10},{"type":"keyUp","value":"î€‡"}]}]}
RESULT: {"actions":[{"id":"action21","type":"key","parameters":{},"actions":[{"type":"keyDown","value":"î€‡"},{"type":"pause","duration":10},{"type":"keyUp","value":"î€‡"}]}]}
COMMAND: GET /session/29c94e7c3de8c8de4e6aab3f7ecf7110/screenshot - {}
RESULT: {}
COMMAND: POST /session/29c94e7c3de8c8de4e6aab3f7ecf7110/element - {"using":"xpath","value":"(//bdi[(text() = 'Save' or . = 'Save')])[1]"}
RESULT: {"using":"xpath","value":"(//bdi[(text() = 'Save' or . = 'Save')])[1]"}
COMMAND: POST /session/29c94e7c3de8c8de4e6aab3f7ecf7110/element/f.A8B909B395C19A77638691ECE2720CC3.d.651F587D175785FB0DAABF1D15807ABE.e.2569/click - {}
RESULT: {}
COMMAND: POST /session/29c94e7c3de8c8de4e6aab3f7ecf7110/execute/async - {"script":"<script> [1562 bytes]","args":[{"selector":{"controlType":"sap.ui.core.Icon","viewName":"etm.portal.ui.managerequests.view.NewRequest","properties":{"src":{"regex":{"source":"message\\-error"}}},"ancestor":{"controlType":"sap.m.ColumnListItem","viewName":"etm.portal.ui.managerequests.view.NewRequest","bindingPath":{"modelName":"newRequestItems","path":"/RequestItems/1"},"ancestor":{"id":"requestItemsTable","viewName":"etm.portal.ui.managerequests.view.NewRequest"}}},"wdio_ui5_key":"etmportal.ui.managerequests.view.NewRequestsap.ui.core.Icon{\"src\":{\"regex\":{\"source\":\"message\\\\-error\"}}}{\"controlType\":\"sap.m.ColumnListItem\",\"viewName\":\"etm.portal.ui.managerequests.view.NewRequest\",\"bindingPath\":{\"modelName\":\"newRequestItems\",\"path\":\"/RequestItems/1\"},\"ancestor\":{\"id\":\"requestItemsTable\",\"viewName\":\"etm.portal.ui.managerequests.view.NewRequest\"}}"}]}
COMMAND: GET /session/29c94e7c3de8c8de4e6aab3f7ecf7110/screenshot - {}
RESULT: {"script":"<script> [1562 bytes]","args":[{"selector":{"controlType":"sap.ui.core.Icon","viewName":"etm.portal.ui.managerequests.view.NewRequest","properties":{"src":{"regex":{"source":"message\\-error"}}},"ancestor":{"controlType":"sap.m.ColumnListItem","viewName":"etm.portal.ui.managerequests.view.NewRequest","bindingPath":{"modelName":"newRequestItems","path":"/RequestItems/1"},"ancestor":{"id":"requestItemsTable","viewName":"etm.portal.ui.managerequests.view.NewRequest"}}},"wdio_ui5_key":"etmportal.ui.managerequests.view.NewRequestsap.ui.core.Icon{\"src\":{\"regex\":{\"source\":\"message\\\\-error\"}}}{\"controlType\":\"sap.m.ColumnListItem\",\"viewName\":\"etm.portal.ui.managerequests.view.NewRequest\",\"bindingPath\":{\"modelName\":\"newRequestItems\",\"path\":\"/RequestItems/1\"},\"ancestor\":{\"id\":\"requestItemsTable\",\"viewName\":\"etm.portal.ui.managerequests.view.NewRequest\"}}"}]}
RESULT: undefined
COMMAND: POST /session/29c94e7c3de8c8de4e6aab3f7ecf7110/element - {"using":"xpath","value":"//*[@id=\"__status6-__xmlview60--requestItemsTable-1-icon\"]"}
RESULT: {}
RESULT: {"using":"xpath","value":"//*[@id=\"__status6-__xmlview60--requestItemsTable-1-icon\"]"}
COMMAND: POST /session/29c94e7c3de8c8de4e6aab3f7ecf7110/element/f.A8B909B395C19A77638691ECE2720CC3.d.651F587D175785FB0DAABF1D15807ABE.e.2547/click - {}
RESULT: {}
COMMAND: GET /session/29c94e7c3de8c8de4e6aab3f7ecf7110/screenshot - {}
RESULT: {}
RESULT: undefined
COMMAND: POST /session/29c94e7c3de8c8de4e6aab3f7ecf7110/execute/async - {"script":"<script> [776 bytes]","args":[{"enterText":"Cost Center","selector":{"id":"costObjectAdminTypeComboBox","viewName":"etm.portal.ui.managerequests.view.NewRequest","searchOpenDialogs":true,"interaction":{"idSuffix":"inner"}},"clearTextFirst":true,"interactionType":"ENTER_TEXT"}]}
RESULT: {"script":"<script> [776 bytes]","args":[{"enterText":"Cost Center","selector":{"id":"costObjectAdminTypeComboBox","viewName":"etm.portal.ui.managerequests.view.NewRequest","searchOpenDialogs":true,"interaction":{"idSuffix":"inner"}},"clearTextFirst":true,"interactionType":"ENTER_TEXT"}]}
COMMAND: POST /session/29c94e7c3de8c8de4e6aab3f7ecf7110/actions - {"actions":[{"id":"action22","type":"key","parameters":{},"actions":[{"type":"keyDown","value":"î€‡"},{"type":"pause","duration":10},{"type":"keyUp","value":"î€‡"}]}]}
RESULT: {"actions":[{"id":"action22","type":"key","parameters":{},"actions":[{"type":"keyDown","value":"î€‡"},{"type":"pause","duration":10},{"type":"keyUp","value":"î€‡"}]}]}
COMMAND: GET /session/29c94e7c3de8c8de4e6aab3f7ecf7110/screenshot - {}
RESULT: {}
RESULT: undefined
COMMAND: POST /session/29c94e7c3de8c8de4e6aab3f7ecf7110/execute/async - {"script":"<script> [776 bytes]","args":[{"enterText":"1001 - 1001","selector":{"id":"costObjectIdComboBox","viewName":"etm.portal.ui.managerequests.view.NewRequest","searchOpenDialogs":true,"interaction":{"idSuffix":"inner"}},"clearTextFirst":true,"interactionType":"ENTER_TEXT"}]}
RESULT: {"script":"<script> [776 bytes]","args":[{"enterText":"1001 - 1001","selector":{"id":"costObjectIdComboBox","viewName":"etm.portal.ui.managerequests.view.NewRequest","searchOpenDialogs":true,"interaction":{"idSuffix":"inner"}},"clearTextFirst":true,"interactionType":"ENTER_TEXT"}]}
COMMAND: POST /session/29c94e7c3de8c8de4e6aab3f7ecf7110/actions - {"actions":[{"id":"action23","type":"key","parameters":{},"actions":[{"type":"keyDown","value":"î€‡"},{"type":"pause","duration":10},{"type":"keyUp","value":"î€‡"}]}]}
RESULT: {"actions":[{"id":"action23","type":"key","parameters":{},"actions":[{"type":"keyDown","value":"î€‡"},{"type":"pause","duration":10},{"type":"keyUp","value":"î€‡"}]}]}
COMMAND: GET /session/29c94e7c3de8c8de4e6aab3f7ecf7110/screenshot - {}
RESULT: {}
COMMAND: POST /session/29c94e7c3de8c8de4e6aab3f7ecf7110/element - {"using":"xpath","value":"(//bdi[(text() = 'Save' or . = 'Save')])[1]"}
RESULT: {"using":"xpath","value":"(//bdi[(text() = 'Save' or . = 'Save')])[1]"}
COMMAND: POST /session/29c94e7c3de8c8de4e6aab3f7ecf7110/element/f.A8B909B395C19A77638691ECE2720CC3.d.651F587D175785FB0DAABF1D15807ABE.e.2583/click - {}
RESULT: {}
COMMAND: POST /session/29c94e7c3de8c8de4e6aab3f7ecf7110/execute/async - {"script":"<script> [1562 bytes]","args":[{"selector":{"controlType":"sap.ui.core.Icon","viewName":"etm.portal.ui.managerequests.view.NewRequest","properties":{"src":{"regex":{"source":"decline"}}},"ancestor":{"controlType":"sap.m.Token","viewName":"etm.portal.ui.managerequests.view.NewRequest","bindingPath":{"path":"/RequestItems/0/TOKENS/0","propertyPath":"TAG","modelName":"newRequestItems"}}},"wdio_ui5_key":"etmportal.ui.managerequests.view.NewRequestsap.ui.core.Icon{\"src\":{\"regex\":{\"source\":\"decline\"}}}{\"controlType\":\"sap.m.Token\",\"viewName\":\"etm.portal.ui.managerequests.view.NewRequest\",\"bindingPath\":{\"path\":\"/RequestItems/0/TOKENS/0\",\"propertyPath\":\"TAG\",\"modelName\":\"newRequestItems\"}}"}]}
COMMAND: GET /session/29c94e7c3de8c8de4e6aab3f7ecf7110/screenshot - {}
RESULT: {"script":"<script> [1562 bytes]","args":[{"selector":{"controlType":"sap.ui.core.Icon","viewName":"etm.portal.ui.managerequests.view.NewRequest","properties":{"src":{"regex":{"source":"decline"}}},"ancestor":{"controlType":"sap.m.Token","viewName":"etm.portal.ui.managerequests.view.NewRequest","bindingPath":{"path":"/RequestItems/0/TOKENS/0","propertyPath":"TAG","modelName":"newRequestItems"}}},"wdio_ui5_key":"etmportal.ui.managerequests.view.NewRequestsap.ui.core.Icon{\"src\":{\"regex\":{\"source\":\"decline\"}}}{\"controlType\":\"sap.m.Token\",\"viewName\":\"etm.portal.ui.managerequests.view.NewRequest\",\"bindingPath\":{\"path\":\"/RequestItems/0/TOKENS/0\",\"propertyPath\":\"TAG\",\"modelName\":\"newRequestItems\"}}"}]}
RESULT: undefined
COMMAND: POST /session/29c94e7c3de8c8de4e6aab3f7ecf7110/element - {"using":"xpath","value":"//*[@id=\"__token7-__tokenizer62-__xmlview60--requestItemsTable-0-0-icon\"]"}
RESULT: {}
RESULT: {"using":"xpath","value":"//*[@id=\"__token7-__tokenizer62-__xmlview60--requestItemsTable-0-0-icon\"]"}
COMMAND: POST /session/29c94e7c3de8c8de4e6aab3f7ecf7110/element/f.A8B909B395C19A77638691ECE2720CC3.d.651F587D175785FB0DAABF1D15807ABE.e.2585/click - {}
RESULT: {}
COMMAND: GET /session/29c94e7c3de8c8de4e6aab3f7ecf7110/screenshot - {}
RESULT: {}
COMMAND: POST /session/29c94e7c3de8c8de4e6aab3f7ecf7110/actions - {"actions":[{"id":"action24","type":"key","parameters":{},"actions":[{"type":"keyDown","value":"î€Œ"},{"type":"pause","duration":10},{"type":"keyUp","value":"î€Œ"}]}]}
RESULT: {"actions":[{"id":"action24","type":"key","parameters":{},"actions":[{"type":"keyDown","value":"î€Œ"},{"type":"pause","duration":10},{"type":"keyUp","value":"î€Œ"}]}]}
COMMAND: GET /session/29c94e7c3de8c8de4e6aab3f7ecf7110/screenshot - {}
RESULT: {}
COMMAND: POST /session/29c94e7c3de8c8de4e6aab3f7ecf7110/execute/async - {"script":"<script> [1562 bytes]","args":[{"selector":{"controlType":"sap.m.Tokenizer","viewName":"etm.portal.ui.managerequests.view.NewRequest","bindingPath":{"path":"/RequestItems/0","propertyPath":"TOKENS","modelName":"newRequestItems"}},"wdio_ui5_key":"etmportal.ui.managerequests.view.NewRequestsap.m.Tokenizer{\"path\":\"/RequestItems/0\",\"propertyPath\":\"TOKENS\",\"modelName\":\"newRequestItems\"}"}]}
RESULT: {"script":"<script> [1562 bytes]","args":[{"selector":{"controlType":"sap.m.Tokenizer","viewName":"etm.portal.ui.managerequests.view.NewRequest","bindingPath":{"path":"/RequestItems/0","propertyPath":"TOKENS","modelName":"newRequestItems"}},"wdio_ui5_key":"etmportal.ui.managerequests.view.NewRequestsap.m.Tokenizer{\"path\":\"/RequestItems/0\",\"propertyPath\":\"TOKENS\",\"modelName\":\"newRequestItems\"}"}]}
RESULT: undefined
COMMAND: POST /session/29c94e7c3de8c8de4e6aab3f7ecf7110/execute/async - {"script":"<script> [6424 bytes]","args":[{"element-6066-11e4-a52e-4f735466cecf":"f.A8B909B395C19A77638691ECE2720CC3.d.651F587D175785FB0DAABF1D15807ABE.e.2591"},"getTokens",[]]}
RESULT: {"script":"<script> [6424 bytes]","args":[{"element-6066-11e4-a52e-4f735466cecf":"f.A8B909B395C19A77638691ECE2720CC3.d.651F587D175785FB0DAABF1D15807ABE.e.2591"},"getTokens",[]]}
COMMAND: POST /session/29c94e7c3de8c8de4e6aab3f7ecf7110/execute/async - {"script":"<script> [1562 bytes]","args":[{"wdio_ui5_key":"__token7-__tokenizer62-__xmlview60--requestItemsTable-0-0","selector":{"id":"__token7-__tokenizer62-__xmlview60--requestItemsTable-0-0"}}]}
RESULT: {"script":"<script> [1562 bytes]","args":[{"wdio_ui5_key":"__token7-__tokenizer62-__xmlview60--requestItemsTable-0-0","selector":{"id":"__token7-__tokenizer62-__xmlview60--requestItemsTable-0-0"}}]}
RESULT: undefined
RESULT: undefined
COMMAND: POST /session/29c94e7c3de8c8de4e6aab3f7ecf7110/execute/async - {"script":"<script> [776 bytes]","args":[{"enterText":"tagRequest1","selector":{"controlType":"sap.m.Input","viewName":"etm.portal.ui.managerequests.view.NewRequest","bindingPath":{"path":"","propertyPath":"/Tags","modelName":"catalogModel"},"ancestor":{"controlType":"sap.m.ColumnListItem","viewName":"etm.portal.ui.managerequests.view.NewRequest","bindingPath":{"modelName":"newRequestItems","path":"/RequestItems/0"},"ancestor":{"id":"requestItemsTable","viewName":"etm.portal.ui.managerequests.view.NewRequest"}},"interaction":{"idSuffix":"inner"}},"clearTextFirst":true,"interactionType":"ENTER_TEXT"}]}
RESULT: {"script":"<script> [776 bytes]","args":[{"enterText":"tagRequest1","selector":{"controlType":"sap.m.Input","viewName":"etm.portal.ui.managerequests.view.NewRequest","bindingPath":{"path":"","propertyPath":"/Tags","modelName":"catalogModel"},"ancestor":{"controlType":"sap.m.ColumnListItem","viewName":"etm.portal.ui.managerequests.view.NewRequest","bindingPath":{"modelName":"newRequestItems","path":"/RequestItems/0"},"ancestor":{"id":"requestItemsTable","viewName":"etm.portal.ui.managerequests.view.NewRequest"}},"interaction":{"idSuffix":"inner"}},"clearTextFirst":true,"interactionType":"ENTER_TEXT"}]}
COMMAND: POST /session/29c94e7c3de8c8de4e6aab3f7ecf7110/actions - {"actions":[{"id":"action25","type":"key","parameters":{},"actions":[{"type":"keyDown","value":"î€‡"},{"type":"pause","duration":10},{"type":"keyUp","value":"î€‡"}]}]}
RESULT: {"actions":[{"id":"action25","type":"key","parameters":{},"actions":[{"type":"keyDown","value":"î€‡"},{"type":"pause","duration":10},{"type":"keyUp","value":"î€‡"}]}]}
COMMAND: GET /session/29c94e7c3de8c8de4e6aab3f7ecf7110/screenshot - {}
RESULT: {}
RESULT: undefined
COMMAND: POST /session/29c94e7c3de8c8de4e6aab3f7ecf7110/execute/async - {"script":"<script> [6424 bytes]","args":[{"element-6066-11e4-a52e-4f735466cecf":"f.A8B909B395C19A77638691ECE2720CC3.d.651F587D175785FB0DAABF1D15807ABE.e.2591"},"getTokens",[]]}
RESULT: {"script":"<script> [6424 bytes]","args":[{"element-6066-11e4-a52e-4f735466cecf":"f.A8B909B395C19A77638691ECE2720CC3.d.651F587D175785FB0DAABF1D15807ABE.e.2591"},"getTokens",[]]}
COMMAND: POST /session/29c94e7c3de8c8de4e6aab3f7ecf7110/execute/async - {"script":"<script> [1562 bytes]","args":[{"wdio_ui5_key":"__token7-__tokenizer62-__xmlview60--requestItemsTable-0-1","selector":{"id":"__token7-__tokenizer62-__xmlview60--requestItemsTable-0-1"}}]}
RESULT: undefined
RESULT: {"script":"<script> [1562 bytes]","args":[{"wdio_ui5_key":"__token7-__tokenizer62-__xmlview60--requestItemsTable-0-1","selector":{"id":"__token7-__tokenizer62-__xmlview60--requestItemsTable-0-1"}}]}
RESULT: undefined
COMMAND: POST /session/29c94e7c3de8c8de4e6aab3f7ecf7110/execute/async - {"script":"<script> [1562 bytes]","args":[{"selector":{"controlType":"sap.ui.core.Icon","viewName":"etm.portal.ui.managerequests.view.NewRequest","properties":{"src":{"regex":{"source":"decline"}}},"ancestor":{"controlType":"sap.m.Token","viewName":"etm.portal.ui.managerequests.view.NewRequest","bindingPath":{"path":"/RequestItems/1/TOKENS/0","propertyPath":"TAG","modelName":"newRequestItems"}}},"wdio_ui5_key":"etmportal.ui.managerequests.view.NewRequestsap.ui.core.Icon{\"src\":{\"regex\":{\"source\":\"decline\"}}}{\"controlType\":\"sap.m.Token\",\"viewName\":\"etm.portal.ui.managerequests.view.NewRequest\",\"bindingPath\":{\"path\":\"/RequestItems/1/TOKENS/0\",\"propertyPath\":\"TAG\",\"modelName\":\"newRequestItems\"}}"}]}
RESULT: {"script":"<script> [1562 bytes]","args":[{"selector":{"controlType":"sap.ui.core.Icon","viewName":"etm.portal.ui.managerequests.view.NewRequest","properties":{"src":{"regex":{"source":"decline"}}},"ancestor":{"controlType":"sap.m.Token","viewName":"etm.portal.ui.managerequests.view.NewRequest","bindingPath":{"path":"/RequestItems/1/TOKENS/0","propertyPath":"TAG","modelName":"newRequestItems"}}},"wdio_ui5_key":"etmportal.ui.managerequests.view.NewRequestsap.ui.core.Icon{\"src\":{\"regex\":{\"source\":\"decline\"}}}{\"controlType\":\"sap.m.Token\",\"viewName\":\"etm.portal.ui.managerequests.view.NewRequest\",\"bindingPath\":{\"path\":\"/RequestItems/1/TOKENS/0\",\"propertyPath\":\"TAG\",\"modelName\":\"newRequestItems\"}}"}]}
RESULT: undefined
COMMAND: POST /session/29c94e7c3de8c8de4e6aab3f7ecf7110/element - {"using":"xpath","value":"//*[@id=\"__token7-__tokenizer62-__xmlview60--requestItemsTable-1-0-icon\"]"}
RESULT: {"using":"xpath","value":"//*[@id=\"__token7-__tokenizer62-__xmlview60--requestItemsTable-1-0-icon\"]"}
COMMAND: POST /session/29c94e7c3de8c8de4e6aab3f7ecf7110/element/f.A8B909B395C19A77638691ECE2720CC3.d.651F587D175785FB0DAABF1D15807ABE.e.2593/click - {}
RESULT: {}
COMMAND: GET /session/29c94e7c3de8c8de4e6aab3f7ecf7110/screenshot - {}
RESULT: {}
COMMAND: POST /session/29c94e7c3de8c8de4e6aab3f7ecf7110/actions - {"actions":[{"id":"action26","type":"key","parameters":{},"actions":[{"type":"keyDown","value":"î€Œ"},{"type":"pause","duration":10},{"type":"keyUp","value":"î€Œ"}]}]}
RESULT: {"actions":[{"id":"action26","type":"key","parameters":{},"actions":[{"type":"keyDown","value":"î€Œ"},{"type":"pause","duration":10},{"type":"keyUp","value":"î€Œ"}]}]}
COMMAND: GET /session/29c94e7c3de8c8de4e6aab3f7ecf7110/screenshot - {}
RESULT: {}
COMMAND: POST /session/29c94e7c3de8c8de4e6aab3f7ecf7110/execute/async - {"script":"<script> [1562 bytes]","args":[{"selector":{"controlType":"sap.m.Tokenizer","viewName":"etm.portal.ui.managerequests.view.NewRequest","bindingPath":{"path":"/RequestItems/1","propertyPath":"TOKENS","modelName":"newRequestItems"}},"wdio_ui5_key":"etmportal.ui.managerequests.view.NewRequestsap.m.Tokenizer{\"path\":\"/RequestItems/1\",\"propertyPath\":\"TOKENS\",\"modelName\":\"newRequestItems\"}"}]}
RESULT: {"script":"<script> [1562 bytes]","args":[{"selector":{"controlType":"sap.m.Tokenizer","viewName":"etm.portal.ui.managerequests.view.NewRequest","bindingPath":{"path":"/RequestItems/1","propertyPath":"TOKENS","modelName":"newRequestItems"}},"wdio_ui5_key":"etmportal.ui.managerequests.view.NewRequestsap.m.Tokenizer{\"path\":\"/RequestItems/1\",\"propertyPath\":\"TOKENS\",\"modelName\":\"newRequestItems\"}"}]}
RESULT: undefined
COMMAND: POST /session/29c94e7c3de8c8de4e6aab3f7ecf7110/execute/async - {"script":"<script> [6424 bytes]","args":[{"element-6066-11e4-a52e-4f735466cecf":"f.A8B909B395C19A77638691ECE2720CC3.d.651F587D175785FB0DAABF1D15807ABE.e.2599"},"getTokens",[]]}
RESULT: {"script":"<script> [6424 bytes]","args":[{"element-6066-11e4-a52e-4f735466cecf":"f.A8B909B395C19A77638691ECE2720CC3.d.651F587D175785FB0DAABF1D15807ABE.e.2599"},"getTokens",[]]}
COMMAND: POST /session/29c94e7c3de8c8de4e6aab3f7ecf7110/execute/async - {"script":"<script> [1562 bytes]","args":[{"wdio_ui5_key":"__token7-__tokenizer62-__xmlview60--requestItemsTable-1-0","selector":{"id":"__token7-__tokenizer62-__xmlview60--requestItemsTable-1-0"}}]}
RESULT: {"script":"<script> [1562 bytes]","args":[{"wdio_ui5_key":"__token7-__tokenizer62-__xmlview60--requestItemsTable-1-0","selector":{"id":"__token7-__tokenizer62-__xmlview60--requestItemsTable-1-0"}}]}
RESULT: undefined
RESULT: undefined
COMMAND: POST /session/29c94e7c3de8c8de4e6aab3f7ecf7110/execute/async - {"script":"<script> [776 bytes]","args":[{"enterText":"tagRequest1","selector":{"controlType":"sap.m.Input","viewName":"etm.portal.ui.managerequests.view.NewRequest","bindingPath":{"path":"","propertyPath":"/Tags","modelName":"catalogModel"},"ancestor":{"controlType":"sap.m.ColumnListItem","viewName":"etm.portal.ui.managerequests.view.NewRequest","bindingPath":{"modelName":"newRequestItems","path":"/RequestItems/1"},"ancestor":{"id":"requestItemsTable","viewName":"etm.portal.ui.managerequests.view.NewRequest"}},"interaction":{"idSuffix":"inner"}},"clearTextFirst":true,"interactionType":"ENTER_TEXT"}]}
RESULT: {"script":"<script> [776 bytes]","args":[{"enterText":"tagRequest1","selector":{"controlType":"sap.m.Input","viewName":"etm.portal.ui.managerequests.view.NewRequest","bindingPath":{"path":"","propertyPath":"/Tags","modelName":"catalogModel"},"ancestor":{"controlType":"sap.m.ColumnListItem","viewName":"etm.portal.ui.managerequests.view.NewRequest","bindingPath":{"modelName":"newRequestItems","path":"/RequestItems/1"},"ancestor":{"id":"requestItemsTable","viewName":"etm.portal.ui.managerequests.view.NewRequest"}},"interaction":{"idSuffix":"inner"}},"clearTextFirst":true,"interactionType":"ENTER_TEXT"}]}
COMMAND: POST /session/29c94e7c3de8c8de4e6aab3f7ecf7110/actions - {"actions":[{"id":"action27","type":"key","parameters":{},"actions":[{"type":"keyDown","value":"î€‡"},{"type":"pause","duration":10},{"type":"keyUp","value":"î€‡"}]}]}
RESULT: {"actions":[{"id":"action27","type":"key","parameters":{},"actions":[{"type":"keyDown","value":"î€‡"},{"type":"pause","duration":10},{"type":"keyUp","value":"î€‡"}]}]}
COMMAND: GET /session/29c94e7c3de8c8de4e6aab3f7ecf7110/screenshot - {}
RESULT: {}
RESULT: undefined
COMMAND: POST /session/29c94e7c3de8c8de4e6aab3f7ecf7110/execute/async - {"script":"<script> [6424 bytes]","args":[{"element-6066-11e4-a52e-4f735466cecf":"f.A8B909B395C19A77638691ECE2720CC3.d.651F587D175785FB0DAABF1D15807ABE.e.2599"},"getTokens",[]]}
RESULT: {"script":"<script> [6424 bytes]","args":[{"element-6066-11e4-a52e-4f735466cecf":"f.A8B909B395C19A77638691ECE2720CC3.d.651F587D175785FB0DAABF1D15807ABE.e.2599"},"getTokens",[]]}
COMMAND: POST /session/29c94e7c3de8c8de4e6aab3f7ecf7110/execute/async - {"script":"<script> [1562 bytes]","args":[{"wdio_ui5_key":"__token7-__tokenizer62-__xmlview60--requestItemsTable-1-1","selector":{"id":"__token7-__tokenizer62-__xmlview60--requestItemsTable-1-1"}}]}
RESULT: undefined
RESULT: {"script":"<script> [1562 bytes]","args":[{"wdio_ui5_key":"__token7-__tokenizer62-__xmlview60--requestItemsTable-1-1","selector":{"id":"__token7-__tokenizer62-__xmlview60--requestItemsTable-1-1"}}]}
RESULT: undefined
COMMAND: POST /session/29c94e7c3de8c8de4e6aab3f7ecf7110/execute/async - {"script":"<script> [1562 bytes]","args":[{"selector":{"controlType":"sap.m.Button","viewName":"etm.portal.ui.managerequests.view.NewRequest","properties":{"text":"Save"},"i18NText":{"propertyName":"tooltip","key":"save"},"interaction":{"idSuffix":"BDI-content"}},"wdio_ui5_key":"etmportal.ui.managerequests.view.NewRequestsap.m.Button{\"propertyName\":\"tooltip\",\"key\":\"save\"}{\"text\":\"Save\"}"}]}
RESULT: {"script":"<script> [1562 bytes]","args":[{"selector":{"controlType":"sap.m.Button","viewName":"etm.portal.ui.managerequests.view.NewRequest","properties":{"text":"Save"},"i18NText":{"propertyName":"tooltip","key":"save"},"interaction":{"idSuffix":"BDI-content"}},"wdio_ui5_key":"etmportal.ui.managerequests.view.NewRequestsap.m.Button{\"propertyName\":\"tooltip\",\"key\":\"save\"}{\"text\":\"Save\"}"}]}
RESULT: undefined
COMMAND: POST /session/29c94e7c3de8c8de4e6aab3f7ecf7110/element - {"using":"xpath","value":"//*[@id=\"__button117\"]"}
RESULT: {"using":"xpath","value":"//*[@id=\"__button117\"]"}
COMMAND: POST /session/29c94e7c3de8c8de4e6aab3f7ecf7110/element/f.A8B909B395C19A77638691ECE2720CC3.d.651F587D175785FB0DAABF1D15807ABE.e.2377/click - {}
RESULT: {}
COMMAND: GET /session/29c94e7c3de8c8de4e6aab3f7ecf7110/screenshot - {}
RESULT: {}
COMMAND: POST /session/29c94e7c3de8c8de4e6aab3f7ecf7110/element - {"using":"xpath","value":"//bdi[contains(@id ,\"BDI-content\")][contains(text(), \"Close\")]"}
RESULT: {"using":"xpath","value":"//bdi[contains(@id ,\"BDI-content\")][contains(text(), \"Close\")]"}
COMMAND: POST /session/29c94e7c3de8c8de4e6aab3f7ecf7110/element/f.A8B909B395C19A77638691ECE2720CC3.d.651F587D175785FB0DAABF1D15807ABE.e.2608/click - {}
RESULT: {}
COMMAND: GET /session/29c94e7c3de8c8de4e6aab3f7ecf7110/screenshot - {}
RESULT: {}
]]></system-out>
    </testcase>
    <testcase classname="chrome.137_0_7151_69.windows.Manage_Requests_Tags_Tests_US120163" name="Should Edit Request Tags" time="98.711">
      <system-out><![CDATA[
COMMAND: POST /session/29c94e7c3de8c8de4e6aab3f7ecf7110/execute/async - {"script":"<script> [1562 bytes]","args":[{"selector":{"controlType":"sap.ui.core.Icon","viewName":"etm.portal.ui.managerequests.view.Detail","properties":{"src":{"regex":{"source":"overflow"}}}},"wdio_ui5_key":"etmportal.ui.managerequests.view.Detailsap.ui.core.Icon{\"src\":{\"regex\":{\"source\":\"overflow\"}}}"}]}
RESULT: {"script":"<script> [1562 bytes]","args":[{"selector":{"controlType":"sap.ui.core.Icon","viewName":"etm.portal.ui.managerequests.view.Detail","properties":{"src":{"regex":{"source":"overflow"}}}},"wdio_ui5_key":"etmportal.ui.managerequests.view.Detailsap.ui.core.Icon{\"src\":{\"regex\":{\"source\":\"overflow\"}}}"}]}
RESULT: undefined
COMMAND: POST /session/29c94e7c3de8c8de4e6aab3f7ecf7110/element - {"using":"xpath","value":"//*[@id=\"__xmlview61--detailHeaderTitle-_actionsToolbar-overflowButton-img\"]"}
RESULT: {"using":"xpath","value":"//*[@id=\"__xmlview61--detailHeaderTitle-_actionsToolbar-overflowButton-img\"]"}
COMMAND: POST /session/29c94e7c3de8c8de4e6aab3f7ecf7110/element/f.A8B909B395C19A77638691ECE2720CC3.d.651F587D175785FB0DAABF1D15807ABE.e.2734/click - {}
RESULT: {}
COMMAND: GET /session/29c94e7c3de8c8de4e6aab3f7ecf7110/screenshot - {}
RESULT: {}
COMMAND: POST /session/29c94e7c3de8c8de4e6aab3f7ecf7110/execute/async - {"script":"<script> [1562 bytes]","args":[{"selector":{"controlType":"sap.uxap.ObjectPageHeaderActionButton","viewName":"etm.portal.ui.managerequests.view.Detail","i18NText":{"propertyName":"text","key":"edit"},"searchOpenDialogs":true,"interaction":{"idSuffix":"inner"}},"wdio_ui5_key":"etmportal.ui.managerequests.view.Detailsap.uxap.ObjectPageHeaderActionButton{\"propertyName\":\"text\",\"key\":\"edit\"}"}]}
RESULT: {"script":"<script> [1562 bytes]","args":[{"selector":{"controlType":"sap.uxap.ObjectPageHeaderActionButton","viewName":"etm.portal.ui.managerequests.view.Detail","i18NText":{"propertyName":"text","key":"edit"},"searchOpenDialogs":true,"interaction":{"idSuffix":"inner"}},"wdio_ui5_key":"etmportal.ui.managerequests.view.Detailsap.uxap.ObjectPageHeaderActionButton{\"propertyName\":\"text\",\"key\":\"edit\"}"}]}
RESULT: undefined
COMMAND: POST /session/29c94e7c3de8c8de4e6aab3f7ecf7110/element - {"using":"xpath","value":"//*[@id=\"__button136\"]"}
RESULT: {"using":"xpath","value":"//*[@id=\"__button136\"]"}
COMMAND: POST /session/29c94e7c3de8c8de4e6aab3f7ecf7110/element/f.A8B909B395C19A77638691ECE2720CC3.d.651F587D175785FB0DAABF1D15807ABE.e.2736/click - {}
RESULT: {}
COMMAND: GET /session/29c94e7c3de8c8de4e6aab3f7ecf7110/screenshot - {}
RESULT: {}
COMMAND: POST /session/29c94e7c3de8c8de4e6aab3f7ecf7110/execute/async - {"script":"<script> [1562 bytes]","args":[{"selector":{"controlType":"sap.ui.core.Icon","viewName":"etm.portal.ui.managerequests.view.Edit","properties":{"src":{"regex":{"source":"decline"}}},"ancestor":{"controlType":"sap.m.Token","viewName":"etm.portal.ui.managerequests.view.Edit","bindingPath":{"propertyPath":"TAG","modelName":"catalogModel"},"properties":{"text":"RefTag"}}},"wdio_ui5_key":"etmportal.ui.managerequests.view.Editsap.ui.core.Icon{\"src\":{\"regex\":{\"source\":\"decline\"}}}{\"controlType\":\"sap.m.Token\",\"viewName\":\"etm.portal.ui.managerequests.view.Edit\",\"bindingPath\":{\"propertyPath\":\"TAG\",\"modelName\":\"catalogModel\"},\"properties\":{\"text\":\"RefTag\"}}"}]}
RESULT: {"script":"<script> [1562 bytes]","args":[{"selector":{"controlType":"sap.ui.core.Icon","viewName":"etm.portal.ui.managerequests.view.Edit","properties":{"src":{"regex":{"source":"decline"}}},"ancestor":{"controlType":"sap.m.Token","viewName":"etm.portal.ui.managerequests.view.Edit","bindingPath":{"propertyPath":"TAG","modelName":"catalogModel"},"properties":{"text":"RefTag"}}},"wdio_ui5_key":"etmportal.ui.managerequests.view.Editsap.ui.core.Icon{\"src\":{\"regex\":{\"source\":\"decline\"}}}{\"controlType\":\"sap.m.Token\",\"viewName\":\"etm.portal.ui.managerequests.view.Edit\",\"bindingPath\":{\"propertyPath\":\"TAG\",\"modelName\":\"catalogModel\"},\"properties\":{\"text\":\"RefTag\"}}"}]}
RESULT: undefined
COMMAND: POST /session/29c94e7c3de8c8de4e6aab3f7ecf7110/element - {"using":"xpath","value":"//*[@id=\"__token13-__tokenizer64-0-icon\"]"}
RESULT: {"using":"xpath","value":"//*[@id=\"__token13-__tokenizer64-0-icon\"]"}
COMMAND: POST /session/29c94e7c3de8c8de4e6aab3f7ecf7110/element/f.A8B909B395C19A77638691ECE2720CC3.d.651F587D175785FB0DAABF1D15807ABE.e.2845/click - {}
RESULT: {}
COMMAND: POST /session/29c94e7c3de8c8de4e6aab3f7ecf7110/execute/async - {"script":"<script> [1562 bytes]","args":[{"selector":{"id":"tagMultiInputRequests","viewName":"etm.portal.ui.managerequests.view.Edit","interaction":{"idSuffix":"inner"}},"wdio_ui5_key":"tagMultiInputRequestsetmportal.ui.managerequests.view.Edit"}]}
COMMAND: GET /session/29c94e7c3de8c8de4e6aab3f7ecf7110/screenshot - {}
RESULT: {"script":"<script> [1562 bytes]","args":[{"selector":{"id":"tagMultiInputRequests","viewName":"etm.portal.ui.managerequests.view.Edit","interaction":{"idSuffix":"inner"}},"wdio_ui5_key":"tagMultiInputRequestsetmportal.ui.managerequests.view.Edit"}]}
RESULT: undefined
COMMAND: POST /session/29c94e7c3de8c8de4e6aab3f7ecf7110/execute/async - {"script":"<script> [6424 bytes]","args":[{"element-6066-11e4-a52e-4f735466cecf":"f.A8B909B395C19A77638691ECE2720CC3.d.651F587D175785FB0DAABF1D15807ABE.e.2770"},"getTokens",[]]}
RESULT: {}
RESULT: {"script":"<script> [6424 bytes]","args":[{"element-6066-11e4-a52e-4f735466cecf":"f.A8B909B395C19A77638691ECE2720CC3.d.651F587D175785FB0DAABF1D15807ABE.e.2770"},"getTokens",[]]}
COMMAND: POST /session/29c94e7c3de8c8de4e6aab3f7ecf7110/execute/async - {"script":"<script> [1562 bytes]","args":[{"wdio_ui5_key":"__token13-__tokenizer64-1","selector":{"id":"__token13-__tokenizer64-1"}}]}
RESULT: {"script":"<script> [1562 bytes]","args":[{"wdio_ui5_key":"__token13-__tokenizer64-1","selector":{"id":"__token13-__tokenizer64-1"}}]}
RESULT: undefined
RESULT: undefined
COMMAND: POST /session/29c94e7c3de8c8de4e6aab3f7ecf7110/execute/async - {"script":"<script> [776 bytes]","args":[{"enterText":"RefTag","selector":{"id":"tagMultiInputRequests","viewName":"etm.portal.ui.managerequests.view.Edit","interaction":{"idSuffix":"inner"}},"clearTextFirst":true,"interactionType":"ENTER_TEXT"}]}
RESULT: {"script":"<script> [776 bytes]","args":[{"enterText":"RefTag","selector":{"id":"tagMultiInputRequests","viewName":"etm.portal.ui.managerequests.view.Edit","interaction":{"idSuffix":"inner"}},"clearTextFirst":true,"interactionType":"ENTER_TEXT"}]}
COMMAND: POST /session/29c94e7c3de8c8de4e6aab3f7ecf7110/actions - {"actions":[{"id":"action28","type":"key","parameters":{},"actions":[{"type":"keyDown","value":"î€‡"},{"type":"pause","duration":10},{"type":"keyUp","value":"î€‡"}]}]}
RESULT: {"actions":[{"id":"action28","type":"key","parameters":{},"actions":[{"type":"keyDown","value":"î€‡"},{"type":"pause","duration":10},{"type":"keyUp","value":"î€‡"}]}]}
COMMAND: GET /session/29c94e7c3de8c8de4e6aab3f7ecf7110/screenshot - {}
RESULT: {}
RESULT: undefined
COMMAND: POST /session/29c94e7c3de8c8de4e6aab3f7ecf7110/execute/async - {"script":"<script> [6424 bytes]","args":[{"element-6066-11e4-a52e-4f735466cecf":"f.A8B909B395C19A77638691ECE2720CC3.d.651F587D175785FB0DAABF1D15807ABE.e.2770"},"getTokens",[]]}
RESULT: {"script":"<script> [6424 bytes]","args":[{"element-6066-11e4-a52e-4f735466cecf":"f.A8B909B395C19A77638691ECE2720CC3.d.651F587D175785FB0DAABF1D15807ABE.e.2770"},"getTokens",[]]}
COMMAND: POST /session/29c94e7c3de8c8de4e6aab3f7ecf7110/execute/async - {"script":"<script> [1562 bytes]","args":[{"wdio_ui5_key":"__token16","selector":{"id":"__token16"}}]}
RESULT: undefined
RESULT: {"script":"<script> [1562 bytes]","args":[{"wdio_ui5_key":"__token16","selector":{"id":"__token16"}}]}
RESULT: undefined
COMMAND: POST /session/29c94e7c3de8c8de4e6aab3f7ecf7110/execute/async - {"script":"<script> [1562 bytes]","args":[{"selector":{"controlType":"sap.m.Button","viewName":"etm.portal.ui.managerequests.view.Edit","properties":{"text":"Items (2)"},"interaction":{"idSuffix":"BDI-content"}},"wdio_ui5_key":"etmportal.ui.managerequests.view.Editsap.m.Button{\"text\":\"Items (2)\"}"}]}
RESULT: {"script":"<script> [1562 bytes]","args":[{"selector":{"controlType":"sap.m.Button","viewName":"etm.portal.ui.managerequests.view.Edit","properties":{"text":"Items (2)"},"interaction":{"idSuffix":"BDI-content"}},"wdio_ui5_key":"etmportal.ui.managerequests.view.Editsap.m.Button{\"text\":\"Items (2)\"}"}]}
RESULT: undefined
COMMAND: POST /session/29c94e7c3de8c8de4e6aab3f7ecf7110/element - {"using":"xpath","value":"//*[@id=\"__xmlview62--editRequestPage-anchBar-__xmlview62--requestItemsSection-anchor\"]"}
RESULT: {"using":"xpath","value":"//*[@id=\"__xmlview62--editRequestPage-anchBar-__xmlview62--requestItemsSection-anchor\"]"}
COMMAND: POST /session/29c94e7c3de8c8de4e6aab3f7ecf7110/element/f.A8B909B395C19A77638691ECE2720CC3.d.651F587D175785FB0DAABF1D15807ABE.e.2850/click - {}
RESULT: {}
COMMAND: GET /session/29c94e7c3de8c8de4e6aab3f7ecf7110/screenshot - {}
RESULT: {}
COMMAND: POST /session/29c94e7c3de8c8de4e6aab3f7ecf7110/execute/async - {"script":"<script> [1562 bytes]","args":[{"selector":{"controlType":"sap.ui.core.Icon","viewName":"etm.portal.ui.managerequests.view.Edit","properties":{"src":{"regex":{"source":"inspect"}}}},"wdio_ui5_key":"etmportal.ui.managerequests.view.Editsap.ui.core.Icon{\"src\":{\"regex\":{\"source\":\"inspect\"}}}"}]}
RESULT: {"script":"<script> [1562 bytes]","args":[{"selector":{"controlType":"sap.ui.core.Icon","viewName":"etm.portal.ui.managerequests.view.Edit","properties":{"src":{"regex":{"source":"inspect"}}}},"wdio_ui5_key":"etmportal.ui.managerequests.view.Editsap.ui.core.Icon{\"src\":{\"regex\":{\"source\":\"inspect\"}}}"}]}
RESULT: undefined
COMMAND: POST /session/29c94e7c3de8c8de4e6aab3f7ecf7110/element - {"using":"xpath","value":"//*[@id=\"__button163-img\"]"}
RESULT: {"using":"xpath","value":"//*[@id=\"__button163-img\"]"}
COMMAND: POST /session/29c94e7c3de8c8de4e6aab3f7ecf7110/element/f.A8B909B395C19A77638691ECE2720CC3.d.651F587D175785FB0DAABF1D15807ABE.e.2856/click - {}
RESULT: {}
COMMAND: GET /session/29c94e7c3de8c8de4e6aab3f7ecf7110/screenshot - {}
RESULT: {}
COMMAND: POST /session/29c94e7c3de8c8de4e6aab3f7ecf7110/execute/async - {"script":"<script> [1562 bytes]","args":[{"selector":{"controlType":"sap.m.Tokenizer","viewName":"etm.portal.ui.managerequests.view.Edit","bindingPath":{"path":"/RequestItems/0","propertyPath":"LINK_TO_TAGS","modelName":"RequestItemsModel"}},"wdio_ui5_key":"etmportal.ui.managerequests.view.Editsap.m.Tokenizer{\"path\":\"/RequestItems/0\",\"propertyPath\":\"LINK_TO_TAGS\",\"modelName\":\"RequestItemsModel\"}"}]}
RESULT: {"script":"<script> [1562 bytes]","args":[{"selector":{"controlType":"sap.m.Tokenizer","viewName":"etm.portal.ui.managerequests.view.Edit","bindingPath":{"path":"/RequestItems/0","propertyPath":"LINK_TO_TAGS","modelName":"RequestItemsModel"}},"wdio_ui5_key":"etmportal.ui.managerequests.view.Editsap.m.Tokenizer{\"path\":\"/RequestItems/0\",\"propertyPath\":\"LINK_TO_TAGS\",\"modelName\":\"RequestItemsModel\"}"}]}
RESULT: undefined
COMMAND: POST /session/29c94e7c3de8c8de4e6aab3f7ecf7110/element - {"using":"xpath","value":"//*[@id=\"__tokenizer66\"]"}
RESULT: {"using":"xpath","value":"//*[@id=\"__tokenizer66\"]"}
COMMAND: POST /session/29c94e7c3de8c8de4e6aab3f7ecf7110/element/f.A8B909B395C19A77638691ECE2720CC3.d.651F587D175785FB0DAABF1D15807ABE.e.2859/click - {}
RESULT: {}
COMMAND: GET /session/29c94e7c3de8c8de4e6aab3f7ecf7110/screenshot - {}
RESULT: {}
COMMAND: POST /session/29c94e7c3de8c8de4e6aab3f7ecf7110/execute/async - {"script":"<script> [1562 bytes]","args":[{"selector":{"controlType":"sap.ui.core.Icon","viewName":"etm.portal.ui.managerequests.view.Edit","properties":{"src":{"regex":{"source":"decline"}}},"searchOpenDialogs":true,"ancestor":{"controlType":"sap.m.StandardListItem","viewName":"etm.portal.ui.managerequests.view.Edit","properties":{"title":"tag-duplicate"},"searchOpenDialogs":true}},"wdio_ui5_key":"etmportal.ui.managerequests.view.Editsap.ui.core.Icon{\"src\":{\"regex\":{\"source\":\"decline\"}}}{\"controlType\":\"sap.m.StandardListItem\",\"viewName\":\"etm.portal.ui.managerequests.view.Edit\",\"properties\":{\"title\":\"tag-duplicate\"},\"searchOpenDialogs\":true}"}]}
RESULT: {"script":"<script> [1562 bytes]","args":[{"selector":{"controlType":"sap.ui.core.Icon","viewName":"etm.portal.ui.managerequests.view.Edit","properties":{"src":{"regex":{"source":"decline"}}},"searchOpenDialogs":true,"ancestor":{"controlType":"sap.m.StandardListItem","viewName":"etm.portal.ui.managerequests.view.Edit","properties":{"title":"tag-duplicate"},"searchOpenDialogs":true}},"wdio_ui5_key":"etmportal.ui.managerequests.view.Editsap.ui.core.Icon{\"src\":{\"regex\":{\"source\":\"decline\"}}}{\"controlType\":\"sap.m.StandardListItem\",\"viewName\":\"etm.portal.ui.managerequests.view.Edit\",\"properties\":{\"title\":\"tag-duplicate\"},\"searchOpenDialogs\":true}"}]}
RESULT: undefined
COMMAND: POST /session/29c94e7c3de8c8de4e6aab3f7ecf7110/element - {"using":"xpath","value":"//*[@id=\"__item1258-imgDel-img\"]"}
RESULT: {"using":"xpath","value":"//*[@id=\"__item1258-imgDel-img\"]"}
COMMAND: POST /session/29c94e7c3de8c8de4e6aab3f7ecf7110/element/f.A8B909B395C19A77638691ECE2720CC3.d.651F587D175785FB0DAABF1D15807ABE.e.2862/click - {}
RESULT: {}
COMMAND: GET /session/29c94e7c3de8c8de4e6aab3f7ecf7110/screenshot - {}
RESULT: {}
COMMAND: POST /session/29c94e7c3de8c8de4e6aab3f7ecf7110/actions - {"actions":[{"id":"action29","type":"key","parameters":{},"actions":[{"type":"keyDown","value":"î€Œ"},{"type":"pause","duration":10},{"type":"keyUp","value":"î€Œ"}]}]}
RESULT: {"actions":[{"id":"action29","type":"key","parameters":{},"actions":[{"type":"keyDown","value":"î€Œ"},{"type":"pause","duration":10},{"type":"keyUp","value":"î€Œ"}]}]}
COMMAND: POST /session/29c94e7c3de8c8de4e6aab3f7ecf7110/execute/async - {"script":"<script> [1562 bytes]","args":[{"selector":{"controlType":"sap.m.Tokenizer","viewName":"etm.portal.ui.managerequests.view.Edit","bindingPath":{"path":"/RequestItems/1","propertyPath":"LINK_TO_TAGS","modelName":"RequestItemsModel"}},"wdio_ui5_key":"etmportal.ui.managerequests.view.Editsap.m.Tokenizer{\"path\":\"/RequestItems/1\",\"propertyPath\":\"LINK_TO_TAGS\",\"modelName\":\"RequestItemsModel\"}"}]}
COMMAND: GET /session/29c94e7c3de8c8de4e6aab3f7ecf7110/screenshot - {}
RESULT: {"script":"<script> [1562 bytes]","args":[{"selector":{"controlType":"sap.m.Tokenizer","viewName":"etm.portal.ui.managerequests.view.Edit","bindingPath":{"path":"/RequestItems/1","propertyPath":"LINK_TO_TAGS","modelName":"RequestItemsModel"}},"wdio_ui5_key":"etmportal.ui.managerequests.view.Editsap.m.Tokenizer{\"path\":\"/RequestItems/1\",\"propertyPath\":\"LINK_TO_TAGS\",\"modelName\":\"RequestItemsModel\"}"}]}
RESULT: undefined
COMMAND: POST /session/29c94e7c3de8c8de4e6aab3f7ecf7110/element - {"using":"xpath","value":"//*[@id=\"__tokenizer67\"]"}
RESULT: {}
RESULT: {"using":"xpath","value":"//*[@id=\"__tokenizer67\"]"}
COMMAND: POST /session/29c94e7c3de8c8de4e6aab3f7ecf7110/element/f.A8B909B395C19A77638691ECE2720CC3.d.651F587D175785FB0DAABF1D15807ABE.e.2865/click - {}
RESULT: {}
COMMAND: GET /session/29c94e7c3de8c8de4e6aab3f7ecf7110/screenshot - {}
RESULT: {}
COMMAND: POST /session/29c94e7c3de8c8de4e6aab3f7ecf7110/execute/async - {"script":"<script> [1562 bytes]","args":[{"selector":{"controlType":"sap.ui.core.Icon","viewName":"etm.portal.ui.managerequests.view.Edit","properties":{"src":{"regex":{"source":"decline"}}},"searchOpenDialogs":true,"ancestor":{"controlType":"sap.m.StandardListItem","viewName":"etm.portal.ui.managerequests.view.Edit","properties":{"title":"tagRequest1"},"searchOpenDialogs":true}},"wdio_ui5_key":"etmportal.ui.managerequests.view.Editsap.ui.core.Icon{\"src\":{\"regex\":{\"source\":\"decline\"}}}{\"controlType\":\"sap.m.StandardListItem\",\"viewName\":\"etm.portal.ui.managerequests.view.Edit\",\"properties\":{\"title\":\"tagRequest1\"},\"searchOpenDialogs\":true}"}]}
RESULT: {"script":"<script> [1562 bytes]","args":[{"selector":{"controlType":"sap.ui.core.Icon","viewName":"etm.portal.ui.managerequests.view.Edit","properties":{"src":{"regex":{"source":"decline"}}},"searchOpenDialogs":true,"ancestor":{"controlType":"sap.m.StandardListItem","viewName":"etm.portal.ui.managerequests.view.Edit","properties":{"title":"tagRequest1"},"searchOpenDialogs":true}},"wdio_ui5_key":"etmportal.ui.managerequests.view.Editsap.ui.core.Icon{\"src\":{\"regex\":{\"source\":\"decline\"}}}{\"controlType\":\"sap.m.StandardListItem\",\"viewName\":\"etm.portal.ui.managerequests.view.Edit\",\"properties\":{\"title\":\"tagRequest1\"},\"searchOpenDialogs\":true}"}]}
RESULT: undefined
COMMAND: POST /session/29c94e7c3de8c8de4e6aab3f7ecf7110/element - {"using":"xpath","value":"//*[@id=\"__item1266-imgDel-img\"]"}
RESULT: {"using":"xpath","value":"//*[@id=\"__item1266-imgDel-img\"]"}
COMMAND: POST /session/29c94e7c3de8c8de4e6aab3f7ecf7110/element/f.A8B909B395C19A77638691ECE2720CC3.d.651F587D175785FB0DAABF1D15807ABE.e.2868/click - {}
RESULT: {}
COMMAND: GET /session/29c94e7c3de8c8de4e6aab3f7ecf7110/screenshot - {}
RESULT: {}
COMMAND: POST /session/29c94e7c3de8c8de4e6aab3f7ecf7110/execute/async - {"script":"<script> [1562 bytes]","args":[{"selector":{"controlType":"sap.ui.core.Icon","viewName":"etm.portal.ui.managerequests.view.Edit","properties":{"src":{"regex":{"source":"decline"}}},"searchOpenDialogs":true,"ancestor":{"controlType":"sap.m.StandardListItem","viewName":"etm.portal.ui.managerequests.view.Edit","properties":{"title":"RefTag"},"searchOpenDialogs":true}},"wdio_ui5_key":"etmportal.ui.managerequests.view.Editsap.ui.core.Icon{\"src\":{\"regex\":{\"source\":\"decline\"}}}{\"controlType\":\"sap.m.StandardListItem\",\"viewName\":\"etm.portal.ui.managerequests.view.Edit\",\"properties\":{\"title\":\"RefTag\"},\"searchOpenDialogs\":true}"}]}
RESULT: {"script":"<script> [1562 bytes]","args":[{"selector":{"controlType":"sap.ui.core.Icon","viewName":"etm.portal.ui.managerequests.view.Edit","properties":{"src":{"regex":{"source":"decline"}}},"searchOpenDialogs":true,"ancestor":{"controlType":"sap.m.StandardListItem","viewName":"etm.portal.ui.managerequests.view.Edit","properties":{"title":"RefTag"},"searchOpenDialogs":true}},"wdio_ui5_key":"etmportal.ui.managerequests.view.Editsap.ui.core.Icon{\"src\":{\"regex\":{\"source\":\"decline\"}}}{\"controlType\":\"sap.m.StandardListItem\",\"viewName\":\"etm.portal.ui.managerequests.view.Edit\",\"properties\":{\"title\":\"RefTag\"},\"searchOpenDialogs\":true}"}]}
RESULT: undefined
COMMAND: POST /session/29c94e7c3de8c8de4e6aab3f7ecf7110/element - {"using":"xpath","value":"//*[@id=\"__item1270-imgDel-img\"]"}
RESULT: {"using":"xpath","value":"//*[@id=\"__item1270-imgDel-img\"]"}
COMMAND: POST /session/29c94e7c3de8c8de4e6aab3f7ecf7110/element/f.A8B909B395C19A77638691ECE2720CC3.d.651F587D175785FB0DAABF1D15807ABE.e.2871/click - {}
RESULT: {}
COMMAND: GET /session/29c94e7c3de8c8de4e6aab3f7ecf7110/screenshot - {}
RESULT: {}
COMMAND: POST /session/29c94e7c3de8c8de4e6aab3f7ecf7110/execute/async - {"script":"<script> [1562 bytes]","args":[{"selector":{"controlType":"sap.ui.core.Icon","viewName":"etm.portal.ui.managerequests.view.Edit","properties":{"src":{"regex":{"source":"decline"}}},"searchOpenDialogs":true,"ancestor":{"controlType":"sap.m.StandardListItem","viewName":"etm.portal.ui.managerequests.view.Edit","properties":{"title":"tag-header"},"searchOpenDialogs":true}},"wdio_ui5_key":"etmportal.ui.managerequests.view.Editsap.ui.core.Icon{\"src\":{\"regex\":{\"source\":\"decline\"}}}{\"controlType\":\"sap.m.StandardListItem\",\"viewName\":\"etm.portal.ui.managerequests.view.Edit\",\"properties\":{\"title\":\"tag-header\"},\"searchOpenDialogs\":true}"}]}
RESULT: {"script":"<script> [1562 bytes]","args":[{"selector":{"controlType":"sap.ui.core.Icon","viewName":"etm.portal.ui.managerequests.view.Edit","properties":{"src":{"regex":{"source":"decline"}}},"searchOpenDialogs":true,"ancestor":{"controlType":"sap.m.StandardListItem","viewName":"etm.portal.ui.managerequests.view.Edit","properties":{"title":"tag-header"},"searchOpenDialogs":true}},"wdio_ui5_key":"etmportal.ui.managerequests.view.Editsap.ui.core.Icon{\"src\":{\"regex\":{\"source\":\"decline\"}}}{\"controlType\":\"sap.m.StandardListItem\",\"viewName\":\"etm.portal.ui.managerequests.view.Edit\",\"properties\":{\"title\":\"tag-header\"},\"searchOpenDialogs\":true}"}]}
RESULT: undefined
COMMAND: POST /session/29c94e7c3de8c8de4e6aab3f7ecf7110/element - {"using":"xpath","value":"//*[@id=\"__item1273-imgDel-img\"]"}
RESULT: {"using":"xpath","value":"//*[@id=\"__item1273-imgDel-img\"]"}
COMMAND: POST /session/29c94e7c3de8c8de4e6aab3f7ecf7110/element/f.A8B909B395C19A77638691ECE2720CC3.d.651F587D175785FB0DAABF1D15807ABE.e.2874/click - {}
RESULT: {}
COMMAND: GET /session/29c94e7c3de8c8de4e6aab3f7ecf7110/screenshot - {}
RESULT: {}
COMMAND: POST /session/29c94e7c3de8c8de4e6aab3f7ecf7110/actions - {"actions":[{"id":"action30","type":"key","parameters":{},"actions":[{"type":"keyDown","value":"î€ƒ"},{"type":"pause","duration":10},{"type":"keyUp","value":"î€ƒ"}]}]}
RESULT: {"actions":[{"id":"action30","type":"key","parameters":{},"actions":[{"type":"keyDown","value":"î€ƒ"},{"type":"pause","duration":10},{"type":"keyUp","value":"î€ƒ"}]}]}
COMMAND: POST /session/29c94e7c3de8c8de4e6aab3f7ecf7110/actions - {"actions":[{"id":"action31","type":"key","parameters":{},"actions":[{"type":"keyDown","value":"î€ƒ"},{"type":"pause","duration":10},{"type":"keyUp","value":"î€ƒ"}]}]}
COMMAND: GET /session/29c94e7c3de8c8de4e6aab3f7ecf7110/screenshot - {}
RESULT: {"actions":[{"id":"action31","type":"key","parameters":{},"actions":[{"type":"keyDown","value":"î€ƒ"},{"type":"pause","duration":10},{"type":"keyUp","value":"î€ƒ"}]}]}
COMMAND: GET /session/29c94e7c3de8c8de4e6aab3f7ecf7110/screenshot - {}
RESULT: {}
RESULT: {}
COMMAND: POST /session/29c94e7c3de8c8de4e6aab3f7ecf7110/execute/async - {"script":"<script> [1562 bytes]","args":[{"selector":{"controlType":"sap.m.Button","viewName":"etm.portal.ui.managerequests.view.Edit","i18NText":{"propertyName":"tooltip","key":"save"},"interaction":{"idSuffix":"BDI-content"}},"wdio_ui5_key":"etmportal.ui.managerequests.view.Editsap.m.Button{\"propertyName\":\"tooltip\",\"key\":\"save\"}"}]}
RESULT: {"script":"<script> [1562 bytes]","args":[{"selector":{"controlType":"sap.m.Button","viewName":"etm.portal.ui.managerequests.view.Edit","i18NText":{"propertyName":"tooltip","key":"save"},"interaction":{"idSuffix":"BDI-content"}},"wdio_ui5_key":"etmportal.ui.managerequests.view.Editsap.m.Button{\"propertyName\":\"tooltip\",\"key\":\"save\"}"}]}
RESULT: undefined
COMMAND: POST /session/29c94e7c3de8c8de4e6aab3f7ecf7110/element - {"using":"xpath","value":"//*[@id=\"__xmlview62--saveButtonId\"]"}
RESULT: {"using":"xpath","value":"//*[@id=\"__xmlview62--saveButtonId\"]"}
COMMAND: POST /session/29c94e7c3de8c8de4e6aab3f7ecf7110/element/f.A8B909B395C19A77638691ECE2720CC3.d.651F587D175785FB0DAABF1D15807ABE.e.2779/click - {}
RESULT: {}
COMMAND: GET /session/29c94e7c3de8c8de4e6aab3f7ecf7110/screenshot - {}
RESULT: {}
COMMAND: POST /session/29c94e7c3de8c8de4e6aab3f7ecf7110/execute/async - {"script":"<script> [1562 bytes]","args":[{"selector":{"id":"tagsLayoutViewMode","viewName":"etm.portal.ui.managerequests.view.Detail"},"wdio_ui5_key":"tagsLayoutViewModeetmportal.ui.managerequests.view.Detail"}]}
RESULT: {"script":"<script> [1562 bytes]","args":[{"selector":{"id":"tagsLayoutViewMode","viewName":"etm.portal.ui.managerequests.view.Detail"},"wdio_ui5_key":"tagsLayoutViewModeetmportal.ui.managerequests.view.Detail"}]}
RESULT: undefined
COMMAND: POST /session/29c94e7c3de8c8de4e6aab3f7ecf7110/execute/async - {"script":"<script> [6424 bytes]","args":[{"element-6066-11e4-a52e-4f735466cecf":"f.A8B909B395C19A77638691ECE2720CC3.d.651F587D175785FB0DAABF1D15807ABE.e.3001"},"getTokens",[]]}
RESULT: {"script":"<script> [6424 bytes]","args":[{"element-6066-11e4-a52e-4f735466cecf":"f.A8B909B395C19A77638691ECE2720CC3.d.651F587D175785FB0DAABF1D15807ABE.e.3001"},"getTokens",[]]}
COMMAND: POST /session/29c94e7c3de8c8de4e6aab3f7ecf7110/execute/async - {"script":"<script> [1562 bytes]","args":[{"wdio_ui5_key":"__token11-__xmlview61--tagsLayoutViewMode-1","selector":{"id":"__token11-__xmlview61--tagsLayoutViewMode-1"}}]}
COMMAND: POST /session/29c94e7c3de8c8de4e6aab3f7ecf7110/execute/async - {"script":"<script> [1562 bytes]","args":[{"wdio_ui5_key":"__token11-__xmlview61--tagsLayoutViewMode-0","selector":{"id":"__token11-__xmlview61--tagsLayoutViewMode-0"}}]}
RESULT: {"script":"<script> [1562 bytes]","args":[{"wdio_ui5_key":"__token11-__xmlview61--tagsLayoutViewMode-1","selector":{"id":"__token11-__xmlview61--tagsLayoutViewMode-1"}}]}
RESULT: undefined
RESULT: {"script":"<script> [1562 bytes]","args":[{"wdio_ui5_key":"__token11-__xmlview61--tagsLayoutViewMode-0","selector":{"id":"__token11-__xmlview61--tagsLayoutViewMode-0"}}]}
RESULT: undefined
COMMAND: POST /session/29c94e7c3de8c8de4e6aab3f7ecf7110/execute/async - {"script":"<script> [1562 bytes]","args":[{"selector":{"controlType":"sap.m.OverflowToolbarButton","viewName":"etm.portal.ui.managerequests.view.Detail","properties":{"text":"Settings"},"interaction":{"idSuffix":"inner"}},"wdio_ui5_key":"etmportal.ui.managerequests.view.Detailsap.m.OverflowToolbarButton{\"text\":\"Settings\"}"}]}
RESULT: {"script":"<script> [1562 bytes]","args":[{"selector":{"controlType":"sap.m.OverflowToolbarButton","viewName":"etm.portal.ui.managerequests.view.Detail","properties":{"text":"Settings"},"interaction":{"idSuffix":"inner"}},"wdio_ui5_key":"etmportal.ui.managerequests.view.Detailsap.m.OverflowToolbarButton{\"text\":\"Settings\"}"}]}
RESULT: undefined
COMMAND: POST /session/29c94e7c3de8c8de4e6aab3f7ecf7110/element - {"using":"xpath","value":"//*[@id=\"__xmlview61--smartTableRequestItems-btnPersonalisation\"]"}
RESULT: {"using":"xpath","value":"//*[@id=\"__xmlview61--smartTableRequestItems-btnPersonalisation\"]"}
COMMAND: POST /session/29c94e7c3de8c8de4e6aab3f7ecf7110/element/f.A8B909B395C19A77638691ECE2720CC3.d.651F587D175785FB0DAABF1D15807ABE.e.3005/click - {}
RESULT: {}
COMMAND: POST /session/29c94e7c3de8c8de4e6aab3f7ecf7110/execute/async - {"script":"<script> [1562 bytes]","args":[{"selector":{"controlType":"sap.m.SearchField","viewName":"etm.portal.ui.managerequests.view.Detail","searchOpenDialogs":true,"interaction":{"idSuffix":"I"}},"wdio_ui5_key":"etmportal.ui.managerequests.view.Detailsap.m.SearchField"}]}
COMMAND: GET /session/29c94e7c3de8c8de4e6aab3f7ecf7110/screenshot - {}
RESULT: {"script":"<script> [1562 bytes]","args":[{"selector":{"controlType":"sap.m.SearchField","viewName":"etm.portal.ui.managerequests.view.Detail","searchOpenDialogs":true,"interaction":{"idSuffix":"I"}},"wdio_ui5_key":"etmportal.ui.managerequests.view.Detailsap.m.SearchField"}]}
RESULT: undefined
COMMAND: POST /session/29c94e7c3de8c8de4e6aab3f7ecf7110/execute/async - {"script":"<script> [776 bytes]","args":[{"enterText":"tag","selector":{"controlType":"sap.m.SearchField","viewName":"etm.portal.ui.managerequests.view.Detail","searchOpenDialogs":true,"interaction":{"idSuffix":"I"}},"clearTextFirst":true,"interactionType":"ENTER_TEXT"}]}
RESULT: {}
RESULT: {"script":"<script> [776 bytes]","args":[{"enterText":"tag","selector":{"controlType":"sap.m.SearchField","viewName":"etm.portal.ui.managerequests.view.Detail","searchOpenDialogs":true,"interaction":{"idSuffix":"I"}},"clearTextFirst":true,"interactionType":"ENTER_TEXT"}]}
COMMAND: POST /session/29c94e7c3de8c8de4e6aab3f7ecf7110/element - {"using":"xpath","value":"//div[contains(@id ,\"innerSelectionPanelTable-0-selectMulti-CbBg\")]"}
RESULT: {"using":"xpath","value":"//div[contains(@id ,\"innerSelectionPanelTable-0-selectMulti-CbBg\")]"}
COMMAND: POST /session/29c94e7c3de8c8de4e6aab3f7ecf7110/element/f.A8B909B395C19A77638691ECE2720CC3.d.651F587D175785FB0DAABF1D15807ABE.e.3042/click - {}
RESULT: {}
COMMAND: POST /session/29c94e7c3de8c8de4e6aab3f7ecf7110/execute/async - {"script":"<script> [1562 bytes]","args":[{"selector":{"controlType":"sap.m.Button","viewName":"etm.portal.ui.managerequests.view.Detail","properties":{"text":"OK"},"searchOpenDialogs":true,"interaction":{"idSuffix":"BDI-content"}},"wdio_ui5_key":"etmportal.ui.managerequests.view.Detailsap.m.Button{\"text\":\"OK\"}"}]}
COMMAND: GET /session/29c94e7c3de8c8de4e6aab3f7ecf7110/screenshot - {}
RESULT: {"script":"<script> [1562 bytes]","args":[{"selector":{"controlType":"sap.m.Button","viewName":"etm.portal.ui.managerequests.view.Detail","properties":{"text":"OK"},"searchOpenDialogs":true,"interaction":{"idSuffix":"BDI-content"}},"wdio_ui5_key":"etmportal.ui.managerequests.view.Detailsap.m.Button{\"text\":\"OK\"}"}]}
RESULT: undefined
COMMAND: POST /session/29c94e7c3de8c8de4e6aab3f7ecf7110/element - {"using":"xpath","value":"//*[@id=\"__popup378-confirmBtn\"]"}
RESULT: {}
RESULT: {"using":"xpath","value":"//*[@id=\"__popup378-confirmBtn\"]"}
COMMAND: POST /session/29c94e7c3de8c8de4e6aab3f7ecf7110/element/f.A8B909B395C19A77638691ECE2720CC3.d.651F587D175785FB0DAABF1D15807ABE.e.3046/click - {}
RESULT: {}
COMMAND: GET /session/29c94e7c3de8c8de4e6aab3f7ecf7110/screenshot - {}
RESULT: {}
COMMAND: POST /session/29c94e7c3de8c8de4e6aab3f7ecf7110/execute/async - {"script":"<script> [1562 bytes]","args":[{"selector":{"controlType":"sap.m.Text","viewName":"etm.portal.ui.managerequests.view.Detail","bindingPath":{"propertyPath":"NO","modelName":"catalogModel"}},"wdio_ui5_key":"etmportal.ui.managerequests.view.Detailsap.m.Text{\"propertyPath\":\"NO\",\"modelName\":\"catalogModel\"}"}]}
RESULT: {"script":"<script> [1562 bytes]","args":[{"selector":{"controlType":"sap.m.Text","viewName":"etm.portal.ui.managerequests.view.Detail","bindingPath":{"propertyPath":"NO","modelName":"catalogModel"}},"wdio_ui5_key":"etmportal.ui.managerequests.view.Detailsap.m.Text{\"propertyPath\":\"NO\",\"modelName\":\"catalogModel\"}"}]}
RESULT: undefined
COMMAND: POST /session/29c94e7c3de8c8de4e6aab3f7ecf7110/execute/async - {"script":"<script> [6424 bytes]","args":[{"element-6066-11e4-a52e-4f735466cecf":"f.A8B909B395C19A77638691ECE2720CC3.d.651F587D175785FB0DAABF1D15807ABE.e.3058"},"getText",[]]}
RESULT: {"script":"<script> [6424 bytes]","args":[{"element-6066-11e4-a52e-4f735466cecf":"f.A8B909B395C19A77638691ECE2720CC3.d.651F587D175785FB0DAABF1D15807ABE.e.3058"},"getText",[]]}
COMMAND: POST /session/29c94e7c3de8c8de4e6aab3f7ecf7110/execute/async - {"script":"<script> [1562 bytes]","args":[{"selector":{"controlType":"sap.m.Tokenizer","viewName":"etm.portal.ui.managerequests.view.Detail","bindingPath":{"path":"/SmartRequestItemsPlanningBoard(ITEM=10m,REQUEST='20060')","propertyPath":"LINK_TO_TAGS"}},"wdio_ui5_key":"etmportal.ui.managerequests.view.Detailsap.m.Tokenizer{\"path\":\"/SmartRequestItemsPlanningBoard(ITEM=10m,REQUEST='20060')\",\"propertyPath\":\"LINK_TO_TAGS\"}"}]}
RESULT: {"script":"<script> [1562 bytes]","args":[{"selector":{"controlType":"sap.m.Tokenizer","viewName":"etm.portal.ui.managerequests.view.Detail","bindingPath":{"path":"/SmartRequestItemsPlanningBoard(ITEM=10m,REQUEST='20060')","propertyPath":"LINK_TO_TAGS"}},"wdio_ui5_key":"etmportal.ui.managerequests.view.Detailsap.m.Tokenizer{\"path\":\"/SmartRequestItemsPlanningBoard(ITEM=10m,REQUEST='20060')\",\"propertyPath\":\"LINK_TO_TAGS\"}"}]}
RESULT: undefined
COMMAND: POST /session/29c94e7c3de8c8de4e6aab3f7ecf7110/execute/async - {"script":"<script> [6424 bytes]","args":[{"element-6066-11e4-a52e-4f735466cecf":"f.A8B909B395C19A77638691ECE2720CC3.d.651F587D175785FB0DAABF1D15807ABE.e.3059"},"getTokens",[]]}
RESULT: {"script":"<script> [6424 bytes]","args":[{"element-6066-11e4-a52e-4f735466cecf":"f.A8B909B395C19A77638691ECE2720CC3.d.651F587D175785FB0DAABF1D15807ABE.e.3059"},"getTokens",[]]}
COMMAND: POST /session/29c94e7c3de8c8de4e6aab3f7ecf7110/execute/async - {"script":"<script> [1562 bytes]","args":[{"wdio_ui5_key":"__token12-__tokenizer63-__clone2770-1","selector":{"id":"__token12-__tokenizer63-__clone2770-1"}}]}
COMMAND: POST /session/29c94e7c3de8c8de4e6aab3f7ecf7110/execute/async - {"script":"<script> [1562 bytes]","args":[{"wdio_ui5_key":"__token12-__tokenizer63-__clone2770-2","selector":{"id":"__token12-__tokenizer63-__clone2770-2"}}]}
COMMAND: POST /session/29c94e7c3de8c8de4e6aab3f7ecf7110/execute/async - {"script":"<script> [1562 bytes]","args":[{"wdio_ui5_key":"__token12-__tokenizer63-__clone2770-0","selector":{"id":"__token12-__tokenizer63-__clone2770-0"}}]}
RESULT: {"script":"<script> [1562 bytes]","args":[{"wdio_ui5_key":"__token12-__tokenizer63-__clone2770-1","selector":{"id":"__token12-__tokenizer63-__clone2770-1"}}]}
RESULT: undefined
RESULT: {"script":"<script> [1562 bytes]","args":[{"wdio_ui5_key":"__token12-__tokenizer63-__clone2770-2","selector":{"id":"__token12-__tokenizer63-__clone2770-2"}}]}
RESULT: undefined
RESULT: {"script":"<script> [1562 bytes]","args":[{"wdio_ui5_key":"__token12-__tokenizer63-__clone2770-0","selector":{"id":"__token12-__tokenizer63-__clone2770-0"}}]}
RESULT: undefined
COMMAND: POST /session/29c94e7c3de8c8de4e6aab3f7ecf7110/element - {"using":"xpath","value":"(//span[contains(text(), \"tag-header\")])[2]"}
RESULT: {"using":"xpath","value":"(//span[contains(text(), \"tag-header\")])[2]"}
COMMAND: POST /session/29c94e7c3de8c8de4e6aab3f7ecf7110/elements - {"using":"xpath","value":"(//span[contains(text(), \"tag-header\")])[2]"}
RESULT: {"using":"xpath","value":"(//span[contains(text(), \"tag-header\")])[2]"}
COMMAND: POST /session/29c94e7c3de8c8de4e6aab3f7ecf7110/execute/async - {"script":"<script> [1562 bytes]","args":[{"selector":{"controlType":"sap.m.Tokenizer","viewName":"etm.portal.ui.managerequests.view.Detail","bindingPath":{"path":"/SmartRequestItemsPlanningBoard(ITEM=20m,REQUEST='20060')","propertyPath":"LINK_TO_TAGS"}},"wdio_ui5_key":"etmportal.ui.managerequests.view.Detailsap.m.Tokenizer{\"path\":\"/SmartRequestItemsPlanningBoard(ITEM=20m,REQUEST='20060')\",\"propertyPath\":\"LINK_TO_TAGS\"}"}]}
RESULT: {"script":"<script> [1562 bytes]","args":[{"selector":{"controlType":"sap.m.Tokenizer","viewName":"etm.portal.ui.managerequests.view.Detail","bindingPath":{"path":"/SmartRequestItemsPlanningBoard(ITEM=20m,REQUEST='20060')","propertyPath":"LINK_TO_TAGS"}},"wdio_ui5_key":"etmportal.ui.managerequests.view.Detailsap.m.Tokenizer{\"path\":\"/SmartRequestItemsPlanningBoard(ITEM=20m,REQUEST='20060')\",\"propertyPath\":\"LINK_TO_TAGS\"}"}]}
RESULT: undefined
COMMAND: POST /session/29c94e7c3de8c8de4e6aab3f7ecf7110/execute/async - {"script":"<script> [6424 bytes]","args":[{"element-6066-11e4-a52e-4f735466cecf":"f.A8B909B395C19A77638691ECE2720CC3.d.651F587D175785FB0DAABF1D15807ABE.e.3064"},"getTokens",[]]}
RESULT: {"script":"<script> [6424 bytes]","args":[{"element-6066-11e4-a52e-4f735466cecf":"f.A8B909B395C19A77638691ECE2720CC3.d.651F587D175785FB0DAABF1D15807ABE.e.3064"},"getTokens",[]]}
COMMAND: POST /session/29c94e7c3de8c8de4e6aab3f7ecf7110/element - {"using":"css selector","value":"#shell-header-logo"}
RESULT: {"using":"css selector","value":"#shell-header-logo"}
COMMAND: POST /session/29c94e7c3de8c8de4e6aab3f7ecf7110/element/f.A8B909B395C19A77638691ECE2720CC3.d.651F587D175785FB0DAABF1D15807ABE.e.2101/click - {}
RESULT: {}
COMMAND: GET /session/29c94e7c3de8c8de4e6aab3f7ecf7110/screenshot - {}
RESULT: {}
]]></system-out>
    </testcase>
  </testsuite>
  <testsuite timestamp="2025-06-12T15:49:49" time="567.927" tests="4" failures="0" errors="0" skipped="0">
    <properties>
      <property name="specId" value="0" />
      <property name="suiteName" value="Manage request + Contract processing pick up option US120163 " />
      <property name="capabilities" value="chrome.137_0_7151_69.windows" />
      <property name="file" value="file:///D:/a/1/s/test/specs/R2C/create-request-Pickup.spec.js" />
    </properties>
    <testcase classname="chrome.137_0_7151_69.windows.Manage_request_+_Contract_processing_pick_up_option_US120163_" name="Should create a new contract" time="63.934">
      <system-out><![CDATA[
COMMAND: POST /session/29c94e7c3de8c8de4e6aab3f7ecf7110/execute/async - {"script":"<script> [1562 bytes]","args":[{"selector":{"controlType":"sap.m.Text","viewName":"etm.portal.ui.managecontractstile.view.Master","properties":{"text":"Manage Contracts"},"interaction":{"idSuffix":"inner"}},"wdio_ui5_key":"etmportal.ui.managecontractstile.view.Mastersap.m.Text{\"text\":\"Manage Contracts\"}"}]}
RESULT: {"script":"<script> [1562 bytes]","args":[{"selector":{"controlType":"sap.m.Text","viewName":"etm.portal.ui.managecontractstile.view.Master","properties":{"text":"Manage Contracts"},"interaction":{"idSuffix":"inner"}},"wdio_ui5_key":"etmportal.ui.managecontractstile.view.Mastersap.m.Text{\"text\":\"Manage Contracts\"}"}]}
RESULT: undefined
COMMAND: POST /session/29c94e7c3de8c8de4e6aab3f7ecf7110/element - {"using":"xpath","value":"//*[@id=\"__tile132-title\"]"}
RESULT: {"using":"xpath","value":"//*[@id=\"__tile132-title\"]"}
COMMAND: POST /session/29c94e7c3de8c8de4e6aab3f7ecf7110/element/f.A8B909B395C19A77638691ECE2720CC3.d.651F587D175785FB0DAABF1D15807ABE.e.3068/click - {}
RESULT: {}
COMMAND: GET /session/29c94e7c3de8c8de4e6aab3f7ecf7110/screenshot - {}
RESULT: {}
COMMAND: POST /session/29c94e7c3de8c8de4e6aab3f7ecf7110/execute/async - {"script":"<script> [1562 bytes]","args":[{"selector":{"controlType":"sap.ui.core.Icon","viewName":"etm.portal.ui.managecontracts.view.Master","properties":{"src":{"regex":{"source":"add"}}}},"wdio_ui5_key":"etmportal.ui.managecontracts.view.Mastersap.ui.core.Icon{\"src\":{\"regex\":{\"source\":\"add\"}}}"}]}
RESULT: {"script":"<script> [1562 bytes]","args":[{"selector":{"controlType":"sap.ui.core.Icon","viewName":"etm.portal.ui.managecontracts.view.Master","properties":{"src":{"regex":{"source":"add"}}}},"wdio_ui5_key":"etmportal.ui.managecontracts.view.Mastersap.ui.core.Icon{\"src\":{\"regex\":{\"source\":\"add\"}}}"}]}
RESULT: undefined
COMMAND: POST /session/29c94e7c3de8c8de4e6aab3f7ecf7110/element - {"using":"xpath","value":"//*[@id=\"__button185-img\"]"}
RESULT: {"using":"xpath","value":"//*[@id=\"__button185-img\"]"}
COMMAND: POST /session/29c94e7c3de8c8de4e6aab3f7ecf7110/element/f.A8B909B395C19A77638691ECE2720CC3.d.651F587D175785FB0DAABF1D15807ABE.e.3123/click - {}
RESULT: {}
COMMAND: POST /session/29c94e7c3de8c8de4e6aab3f7ecf7110/execute/async - {"script":"<script> [1562 bytes]","args":[{"selector":{"id":"application-managecontracts-display-component---AddNewContract--projectDescription","interaction":{"idSuffix":"inner"}},"wdio_ui5_key":"applicationmanagecontracts-display-component---AddNewContract--projectDescription"}]}
COMMAND: GET /session/29c94e7c3de8c8de4e6aab3f7ecf7110/screenshot - {}
RESULT: {"script":"<script> [1562 bytes]","args":[{"selector":{"id":"application-managecontracts-display-component---AddNewContract--projectDescription","interaction":{"idSuffix":"inner"}},"wdio_ui5_key":"applicationmanagecontracts-display-component---AddNewContract--projectDescription"}]}
RESULT: undefined
COMMAND: POST /session/29c94e7c3de8c8de4e6aab3f7ecf7110/execute/async - {"script":"<script> [776 bytes]","args":[{"enterText":"PickupContract1p0jf","selector":{"id":"application-managecontracts-display-component---AddNewContract--projectDescription","interaction":{"idSuffix":"inner"}},"clearTextFirst":true,"interactionType":"ENTER_TEXT"}]}
RESULT: {}
RESULT: {"script":"<script> [776 bytes]","args":[{"enterText":"PickupContract1p0jf","selector":{"id":"application-managecontracts-display-component---AddNewContract--projectDescription","interaction":{"idSuffix":"inner"}},"clearTextFirst":true,"interactionType":"ENTER_TEXT"}]}
COMMAND: POST /session/29c94e7c3de8c8de4e6aab3f7ecf7110/element - {"using":"xpath","value":"//input[contains(@id ,\"application-managecontracts-display-component---AddNewContract--yardId-inner\")]"}
RESULT: {"using":"xpath","value":"//input[contains(@id ,\"application-managecontracts-display-component---AddNewContract--yardId-inner\")]"}
COMMAND: POST /session/29c94e7c3de8c8de4e6aab3f7ecf7110/element/f.A8B909B395C19A77638691ECE2720CC3.d.651F587D175785FB0DAABF1D15807ABE.e.3385/value - {"text":"WebdriverYardrpieg"}
RESULT: {"text":"WebdriverYardrpieg"}
COMMAND: GET /session/29c94e7c3de8c8de4e6aab3f7ecf7110/screenshot - {}
RESULT: {}
COMMAND: POST /session/29c94e7c3de8c8de4e6aab3f7ecf7110/actions - {"actions":[{"id":"action32","type":"key","parameters":{},"actions":[{"type":"keyDown","value":"î€‡"},{"type":"pause","duration":10},{"type":"keyUp","value":"î€‡"}]}]}
RESULT: {"actions":[{"id":"action32","type":"key","parameters":{},"actions":[{"type":"keyDown","value":"î€‡"},{"type":"pause","duration":10},{"type":"keyUp","value":"î€‡"}]}]}
COMMAND: GET /session/29c94e7c3de8c8de4e6aab3f7ecf7110/screenshot - {}
RESULT: {}
COMMAND: POST /session/29c94e7c3de8c8de4e6aab3f7ecf7110/element - {"using":"xpath","value":"//input[contains(@id ,\"application-managecontracts-display-component---AddNewContract--customerSelect-inner\")]"}
RESULT: {"using":"xpath","value":"//input[contains(@id ,\"application-managecontracts-display-component---AddNewContract--customerSelect-inner\")]"}
COMMAND: POST /session/29c94e7c3de8c8de4e6aab3f7ecf7110/element/f.A8B909B395C19A77638691ECE2720CC3.d.651F587D175785FB0DAABF1D15807ABE.e.3383/value - {"text":"WebdriverPartner89mcp"}
RESULT: {"text":"WebdriverPartner89mcp"}
COMMAND: GET /session/29c94e7c3de8c8de4e6aab3f7ecf7110/screenshot - {}
RESULT: {}
COMMAND: POST /session/29c94e7c3de8c8de4e6aab3f7ecf7110/actions - {"actions":[{"id":"action33","type":"key","parameters":{},"actions":[{"type":"keyDown","value":"î€‡"},{"type":"pause","duration":10},{"type":"keyUp","value":"î€‡"}]}]}
RESULT: {"actions":[{"id":"action33","type":"key","parameters":{},"actions":[{"type":"keyDown","value":"î€‡"},{"type":"pause","duration":10},{"type":"keyUp","value":"î€‡"}]}]}
COMMAND: GET /session/29c94e7c3de8c8de4e6aab3f7ecf7110/screenshot - {}
RESULT: {}
COMMAND: POST /session/29c94e7c3de8c8de4e6aab3f7ecf7110/element - {"using":"xpath","value":"//input[contains(@id ,\"application-managecontracts-display-component---AddNewContract--site-inner\")]"}
RESULT: {"using":"xpath","value":"//input[contains(@id ,\"application-managecontracts-display-component---AddNewContract--site-inner\")]"}
COMMAND: POST /session/29c94e7c3de8c8de4e6aab3f7ecf7110/element/f.A8B909B395C19A77638691ECE2720CC3.d.651F587D175785FB0DAABF1D15807ABE.e.3384/value - {"text":"WebdriverSitezdv7v"}
RESULT: {"text":"WebdriverSitezdv7v"}
COMMAND: GET /session/29c94e7c3de8c8de4e6aab3f7ecf7110/screenshot - {}
RESULT: {}
COMMAND: POST /session/29c94e7c3de8c8de4e6aab3f7ecf7110/actions - {"actions":[{"id":"action34","type":"key","parameters":{},"actions":[{"type":"keyDown","value":"î€‡"},{"type":"pause","duration":10},{"type":"keyUp","value":"î€‡"}]}]}
RESULT: {"actions":[{"id":"action34","type":"key","parameters":{},"actions":[{"type":"keyDown","value":"î€‡"},{"type":"pause","duration":10},{"type":"keyUp","value":"î€‡"}]}]}
COMMAND: GET /session/29c94e7c3de8c8de4e6aab3f7ecf7110/screenshot - {}
RESULT: {}
COMMAND: POST /session/29c94e7c3de8c8de4e6aab3f7ecf7110/execute/async - {"script":"<script> [1562 bytes]","args":[{"selector":{"id":"application-managecontracts-display-component---AddNewContract--saveBtn","interaction":{"idSuffix":"BDI-content"}},"wdio_ui5_key":"applicationmanagecontracts-display-component---AddNewContract--saveBtn"}]}
RESULT: {"script":"<script> [1562 bytes]","args":[{"selector":{"id":"application-managecontracts-display-component---AddNewContract--saveBtn","interaction":{"idSuffix":"BDI-content"}},"wdio_ui5_key":"applicationmanagecontracts-display-component---AddNewContract--saveBtn"}]}
RESULT: undefined
COMMAND: POST /session/29c94e7c3de8c8de4e6aab3f7ecf7110/element - {"using":"xpath","value":"//*[@id=\"application-managecontracts-display-component---AddNewContract--saveBtn\"]"}
RESULT: {"using":"xpath","value":"//*[@id=\"application-managecontracts-display-component---AddNewContract--saveBtn\"]"}
COMMAND: POST /session/29c94e7c3de8c8de4e6aab3f7ecf7110/element/f.A8B909B395C19A77638691ECE2720CC3.d.651F587D175785FB0DAABF1D15807ABE.e.3461/click - {}
RESULT: {}
COMMAND: GET /session/29c94e7c3de8c8de4e6aab3f7ecf7110/screenshot - {}
RESULT: {}
COMMAND: POST /session/29c94e7c3de8c8de4e6aab3f7ecf7110/element - {"using":"xpath","value":"//span[contains(@id ,\"contractDetailTitleNoExpanded\")]"}
RESULT: {"using":"xpath","value":"//span[contains(@id ,\"contractDetailTitleNoExpanded\")]"}
COMMAND: GET /session/29c94e7c3de8c8de4e6aab3f7ecf7110/element/f.A8B909B395C19A77638691ECE2720CC3.d.651F587D175785FB0DAABF1D15807ABE.e.3539/text - {}
RESULT: {}
COMMAND: POST /session/29c94e7c3de8c8de4e6aab3f7ecf7110/element - {"using":"css selector","value":"#shell-header-logo"}
RESULT: {"using":"css selector","value":"#shell-header-logo"}
COMMAND: POST /session/29c94e7c3de8c8de4e6aab3f7ecf7110/element/f.A8B909B395C19A77638691ECE2720CC3.d.651F587D175785FB0DAABF1D15807ABE.e.3071/click - {}
RESULT: {}
COMMAND: GET /session/29c94e7c3de8c8de4e6aab3f7ecf7110/screenshot - {}
RESULT: {}
]]></system-out>
    </testcase>
    <testcase classname="chrome.137_0_7151_69.windows.Manage_request_+_Contract_processing_pick_up_option_US120163_" name="Should create a new material" time="139.236">
      <system-out><![CDATA[
COMMAND: POST /session/29c94e7c3de8c8de4e6aab3f7ecf7110/execute/async - {"script":"<script> [1562 bytes]","args":[{"selector":{"controlType":"sap.m.GenericTile","properties":{"header":"Manage Resources"}},"wdio_ui5_key":"sapm.GenericTile{\"header\":\"Manage Resources\"}"}]}
RESULT: {"script":"<script> [1562 bytes]","args":[{"selector":{"controlType":"sap.m.GenericTile","properties":{"header":"Manage Resources"}},"wdio_ui5_key":"sapm.GenericTile{\"header\":\"Manage Resources\"}"}]}
RESULT: undefined
COMMAND: POST /session/29c94e7c3de8c8de4e6aab3f7ecf7110/element - {"using":"xpath","value":"//*[@id=\"__tile40\"]"}
RESULT: {"using":"xpath","value":"//*[@id=\"__tile40\"]"}
COMMAND: POST /session/29c94e7c3de8c8de4e6aab3f7ecf7110/element/f.A8B909B395C19A77638691ECE2720CC3.d.651F587D175785FB0DAABF1D15807ABE.e.3541/click - {}
RESULT: {}
COMMAND: GET /session/29c94e7c3de8c8de4e6aab3f7ecf7110/screenshot - {}
RESULT: {}
COMMAND: POST /session/29c94e7c3de8c8de4e6aab3f7ecf7110/elements - {"using":"xpath","value":"//span[text()='Error']"}
RESULT: {"using":"xpath","value":"//span[text()='Error']"}
COMMAND: POST /session/29c94e7c3de8c8de4e6aab3f7ecf7110/element - {"using":"xpath","value":"//button[@data-kt=\"addNewRUOverflowToolbarButton\"]"}
RESULT: {"using":"xpath","value":"//button[@data-kt=\"addNewRUOverflowToolbarButton\"]"}
COMMAND: POST /session/29c94e7c3de8c8de4e6aab3f7ecf7110/execute/sync - {"script":"<script> [8489 bytes]","args":[{"element-6066-11e4-a52e-4f735466cecf":"f.A8B909B395C19A77638691ECE2720CC3.d.651F587D175785FB0DAABF1D15807ABE.e.3582","ELEMENT":"f.A8B909B395C19A77638691ECE2720CC3.d.651F587D175785FB0DAABF1D15807ABE.e.3582"}]}
RESULT: {"script":"<script> [8489 bytes]","args":[{"element-6066-11e4-a52e-4f735466cecf":"f.A8B909B395C19A77638691ECE2720CC3.d.651F587D175785FB0DAABF1D15807ABE.e.3582","ELEMENT":"f.A8B909B395C19A77638691ECE2720CC3.d.651F587D175785FB0DAABF1D15807ABE.e.3582"}]}
COMMAND: POST /session/29c94e7c3de8c8de4e6aab3f7ecf7110/element/f.A8B909B395C19A77638691ECE2720CC3.d.651F587D175785FB0DAABF1D15807ABE.e.3582/click - {}
COMMAND: GET /session/29c94e7c3de8c8de4e6aab3f7ecf7110/screenshot - {}
RESULT: {}
COMMAND: POST /session/29c94e7c3de8c8de4e6aab3f7ecf7110/execute/async - {"script":"<script> [1562 bytes]","args":[{"selector":{"id":"application-manageresources-display-component---newResourceUnit--TYPE-arrow"},"wdio_ui5_key":"applicationmanageresources-display-component---newResourceUnit--TYPE-arrow"}]}
COMMAND: GET /session/29c94e7c3de8c8de4e6aab3f7ecf7110/screenshot - {}
RESULT: {}
RESULT: {"script":"<script> [1562 bytes]","args":[{"selector":{"id":"application-manageresources-display-component---newResourceUnit--TYPE-arrow"},"wdio_ui5_key":"applicationmanageresources-display-component---newResourceUnit--TYPE-arrow"}]}
RESULT: undefined
COMMAND: POST /session/29c94e7c3de8c8de4e6aab3f7ecf7110/element - {"using":"xpath","value":"//*[@id=\"application-manageresources-display-component---newResourceUnit--TYPE-arrow\"]"}
RESULT: {}
RESULT: {"using":"xpath","value":"//*[@id=\"application-manageresources-display-component---newResourceUnit--TYPE-arrow\"]"}
COMMAND: POST /session/29c94e7c3de8c8de4e6aab3f7ecf7110/element/f.A8B909B395C19A77638691ECE2720CC3.d.651F587D175785FB0DAABF1D15807ABE.e.3901/click - {}
RESULT: {}
COMMAND: POST /session/29c94e7c3de8c8de4e6aab3f7ecf7110/execute/async - {"script":"<script> [1562 bytes]","args":[{"selector":{"controlType":"sap.m.StandardListItem","viewName":"reusables.view.manageresources.NewResourceUnit","viewId":"application-manageresources-display-component---newResourceUnit","properties":{"title":"Material"},"searchOpenDialogs":true,"interaction":{"idSuffix":"titleText"}},"wdio_ui5_key":"reusablesview.manageresources.NewResourceUnitsap.m.StandardListItem{\"title\":\"Material\"}"}]}
COMMAND: GET /session/29c94e7c3de8c8de4e6aab3f7ecf7110/screenshot - {}
RESULT: {"script":"<script> [1562 bytes]","args":[{"selector":{"controlType":"sap.m.StandardListItem","viewName":"reusables.view.manageresources.NewResourceUnit","viewId":"application-manageresources-display-component---newResourceUnit","properties":{"title":"Material"},"searchOpenDialogs":true,"interaction":{"idSuffix":"titleText"}},"wdio_ui5_key":"reusablesview.manageresources.NewResourceUnitsap.m.StandardListItem{\"title\":\"Material\"}"}]}
RESULT: undefined
COMMAND: POST /session/29c94e7c3de8c8de4e6aab3f7ecf7110/element - {"using":"xpath","value":"//*[@id=\"__item1774\"]"}
RESULT: {}
RESULT: {"using":"xpath","value":"//*[@id=\"__item1774\"]"}
COMMAND: POST /session/29c94e7c3de8c8de4e6aab3f7ecf7110/element/f.A8B909B395C19A77638691ECE2720CC3.d.651F587D175785FB0DAABF1D15807ABE.e.3904/click - {}
RESULT: {}
COMMAND: POST /session/29c94e7c3de8c8de4e6aab3f7ecf7110/execute/async - {"script":"<script> [1562 bytes]","args":[{"selector":{"id":"application-manageresources-display-component---newResourceUnit--SHORT_TEXT","interaction":{"idSuffix":"inner"}},"wdio_ui5_key":"applicationmanageresources-display-component---newResourceUnit--SHORT_TEXT"}]}
COMMAND: GET /session/29c94e7c3de8c8de4e6aab3f7ecf7110/screenshot - {}
RESULT: undefined
RESULT: undefined
RESULT: {"script":"<script> [1562 bytes]","args":[{"selector":{"id":"application-manageresources-display-component---newResourceUnit--SHORT_TEXT","interaction":{"idSuffix":"inner"}},"wdio_ui5_key":"applicationmanageresources-display-component---newResourceUnit--SHORT_TEXT"}]}
RESULT: undefined
COMMAND: POST /session/29c94e7c3de8c8de4e6aab3f7ecf7110/execute/async - {"script":"<script> [776 bytes]","args":[{"enterText":"WebdriverMatTestz1j8w","selector":{"id":"application-manageresources-display-component---newResourceUnit--SHORT_TEXT","interaction":{"idSuffix":"inner"}},"clearTextFirst":true,"interactionType":"ENTER_TEXT"}]}
RESULT: {}
RESULT: {"script":"<script> [776 bytes]","args":[{"enterText":"WebdriverMatTestz1j8w","selector":{"id":"application-manageresources-display-component---newResourceUnit--SHORT_TEXT","interaction":{"idSuffix":"inner"}},"clearTextFirst":true,"interactionType":"ENTER_TEXT"}]}
COMMAND: POST /session/29c94e7c3de8c8de4e6aab3f7ecf7110/execute/async - {"script":"<script> [1562 bytes]","args":[{"selector":{"id":"application-manageresources-display-component---newResourceUnit--BASE_UNIT_OF_MEASURE-arrow"},"wdio_ui5_key":"applicationmanageresources-display-component---newResourceUnit--BASE_UNIT_OF_MEASURE-arrow"}]}
RESULT: {"script":"<script> [1562 bytes]","args":[{"selector":{"id":"application-manageresources-display-component---newResourceUnit--BASE_UNIT_OF_MEASURE-arrow"},"wdio_ui5_key":"applicationmanageresources-display-component---newResourceUnit--BASE_UNIT_OF_MEASURE-arrow"}]}
RESULT: undefined
COMMAND: POST /session/29c94e7c3de8c8de4e6aab3f7ecf7110/element - {"using":"xpath","value":"//*[@id=\"application-manageresources-display-component---newResourceUnit--BASE_UNIT_OF_MEASURE-arrow\"]"}
RESULT: {"using":"xpath","value":"//*[@id=\"application-manageresources-display-component---newResourceUnit--BASE_UNIT_OF_MEASURE-arrow\"]"}
COMMAND: POST /session/29c94e7c3de8c8de4e6aab3f7ecf7110/element/f.A8B909B395C19A77638691ECE2720CC3.d.651F587D175785FB0DAABF1D15807ABE.e.4026/click - {}
RESULT: {}
COMMAND: POST /session/29c94e7c3de8c8de4e6aab3f7ecf7110/execute/async - {"script":"<script> [1562 bytes]","args":[{"selector":{"controlType":"sap.m.StandardListItem","viewName":"reusables.view.manageresources.NewResourceUnit","viewId":"application-manageresources-display-component---newResourceUnit","properties":{"title":"Piece"},"searchOpenDialogs":true,"interaction":{"idSuffix":"titleText"}},"wdio_ui5_key":"reusablesview.manageresources.NewResourceUnitsap.m.StandardListItem{\"title\":\"Piece\"}"}]}
COMMAND: GET /session/29c94e7c3de8c8de4e6aab3f7ecf7110/screenshot - {}
RESULT: {"script":"<script> [1562 bytes]","args":[{"selector":{"controlType":"sap.m.StandardListItem","viewName":"reusables.view.manageresources.NewResourceUnit","viewId":"application-manageresources-display-component---newResourceUnit","properties":{"title":"Piece"},"searchOpenDialogs":true,"interaction":{"idSuffix":"titleText"}},"wdio_ui5_key":"reusablesview.manageresources.NewResourceUnitsap.m.StandardListItem{\"title\":\"Piece\"}"}]}
RESULT: undefined
COMMAND: POST /session/29c94e7c3de8c8de4e6aab3f7ecf7110/element - {"using":"xpath","value":"//*[@id=\"__item1827\"]"}
RESULT: {}
RESULT: {"using":"xpath","value":"//*[@id=\"__item1827\"]"}
COMMAND: POST /session/29c94e7c3de8c8de4e6aab3f7ecf7110/element/f.A8B909B395C19A77638691ECE2720CC3.d.651F587D175785FB0DAABF1D15807ABE.e.4028/click - {}
RESULT: {}
COMMAND: POST /session/29c94e7c3de8c8de4e6aab3f7ecf7110/element - {"using":"xpath","value":"//input[contains(@id ,\"application-manageresources-display-component---newResourceUnit--SHORT_TEXT-inner\")]"}
COMMAND: GET /session/29c94e7c3de8c8de4e6aab3f7ecf7110/screenshot - {}
RESULT: {"using":"xpath","value":"//input[contains(@id ,\"application-manageresources-display-component---newResourceUnit--SHORT_TEXT-inner\")]"}
COMMAND: GET /session/29c94e7c3de8c8de4e6aab3f7ecf7110/element/f.A8B909B395C19A77638691ECE2720CC3.d.651F587D175785FB0DAABF1D15807ABE.e.3921/property/value - {}
RESULT: {}
RESULT: {}
COMMAND: POST /session/29c94e7c3de8c8de4e6aab3f7ecf7110/execute/async - {"script":"<script> [1562 bytes]","args":[{"selector":{"id":"application-manageresources-display-component---newResourceUnit--WEIGHT_UNIT-arrow"},"wdio_ui5_key":"applicationmanageresources-display-component---newResourceUnit--WEIGHT_UNIT-arrow"}]}
COMMAND: GET /session/29c94e7c3de8c8de4e6aab3f7ecf7110/screenshot - {}
RESULT: {"script":"<script> [1562 bytes]","args":[{"selector":{"id":"application-manageresources-display-component---newResourceUnit--WEIGHT_UNIT-arrow"},"wdio_ui5_key":"applicationmanageresources-display-component---newResourceUnit--WEIGHT_UNIT-arrow"}]}
RESULT: undefined
COMMAND: POST /session/29c94e7c3de8c8de4e6aab3f7ecf7110/element - {"using":"xpath","value":"//*[@id=\"application-manageresources-display-component---newResourceUnit--WEIGHT_UNIT-arrow\"]"}
RESULT: {}
RESULT: {"using":"xpath","value":"//*[@id=\"application-manageresources-display-component---newResourceUnit--WEIGHT_UNIT-arrow\"]"}
COMMAND: POST /session/29c94e7c3de8c8de4e6aab3f7ecf7110/element/f.A8B909B395C19A77638691ECE2720CC3.d.651F587D175785FB0DAABF1D15807ABE.e.4029/click - {}
RESULT: {}
COMMAND: POST /session/29c94e7c3de8c8de4e6aab3f7ecf7110/execute/async - {"script":"<script> [1562 bytes]","args":[{"selector":{"controlType":"sap.m.StandardListItem","viewName":"reusables.view.manageresources.NewResourceUnit","viewId":"application-manageresources-display-component---newResourceUnit","properties":{"title":"Gram"},"searchOpenDialogs":true,"interaction":{"idSuffix":"content"}},"wdio_ui5_key":"reusablesview.manageresources.NewResourceUnitsap.m.StandardListItem{\"title\":\"Gram\"}"}]}
COMMAND: GET /session/29c94e7c3de8c8de4e6aab3f7ecf7110/screenshot - {}
RESULT: {"script":"<script> [1562 bytes]","args":[{"selector":{"controlType":"sap.m.StandardListItem","viewName":"reusables.view.manageresources.NewResourceUnit","viewId":"application-manageresources-display-component---newResourceUnit","properties":{"title":"Gram"},"searchOpenDialogs":true,"interaction":{"idSuffix":"content"}},"wdio_ui5_key":"reusablesview.manageresources.NewResourceUnitsap.m.StandardListItem{\"title\":\"Gram\"}"}]}
RESULT: undefined
COMMAND: POST /session/29c94e7c3de8c8de4e6aab3f7ecf7110/element - {"using":"xpath","value":"//*[@id=\"__item1892\"]"}
RESULT: {}
RESULT: {"using":"xpath","value":"//*[@id=\"__item1892\"]"}
COMMAND: POST /session/29c94e7c3de8c8de4e6aab3f7ecf7110/element/f.A8B909B395C19A77638691ECE2720CC3.d.651F587D175785FB0DAABF1D15807ABE.e.4031/click - {}
RESULT: {}
COMMAND: POST /session/29c94e7c3de8c8de4e6aab3f7ecf7110/execute/async - {"script":"<script> [1562 bytes]","args":[{"selector":{"id":"application-manageresources-display-component---newResourceUnit--newRRUPage-OPHeaderContent-collapseBtn-img"},"wdio_ui5_key":"applicationmanageresources-display-component---newResourceUnit--newRRUPage-OPHeaderContent-collapseBtn-img"}]}
COMMAND: GET /session/29c94e7c3de8c8de4e6aab3f7ecf7110/screenshot - {}
RESULT: {"script":"<script> [1562 bytes]","args":[{"selector":{"id":"application-manageresources-display-component---newResourceUnit--newRRUPage-OPHeaderContent-collapseBtn-img"},"wdio_ui5_key":"applicationmanageresources-display-component---newResourceUnit--newRRUPage-OPHeaderContent-collapseBtn-img"}]}
RESULT: undefined
COMMAND: POST /session/29c94e7c3de8c8de4e6aab3f7ecf7110/element - {"using":"xpath","value":"//*[@id=\"application-manageresources-display-component---newResourceUnit--newRRUPage-OPHeaderContent-collapseBtn-img\"]"}
RESULT: {}
RESULT: {"using":"xpath","value":"//*[@id=\"application-manageresources-display-component---newResourceUnit--newRRUPage-OPHeaderContent-collapseBtn-img\"]"}
COMMAND: POST /session/29c94e7c3de8c8de4e6aab3f7ecf7110/element/f.A8B909B395C19A77638691ECE2720CC3.d.651F587D175785FB0DAABF1D15807ABE.e.3911/click - {}
RESULT: {}
COMMAND: GET /session/29c94e7c3de8c8de4e6aab3f7ecf7110/screenshot - {}
RESULT: {}
COMMAND: POST /session/29c94e7c3de8c8de4e6aab3f7ecf7110/element - {"using":"xpath","value":"(//span[contains(@id ,\"application-manageresources-display-component---newResourceUnit--DIMENSION_UNIT-arrow\")])[1]"}
RESULT: {"using":"xpath","value":"(//span[contains(@id ,\"application-manageresources-display-component---newResourceUnit--DIMENSION_UNIT-arrow\")])[1]"}
COMMAND: POST /session/29c94e7c3de8c8de4e6aab3f7ecf7110/element/f.A8B909B395C19A77638691ECE2720CC3.d.651F587D175785FB0DAABF1D15807ABE.e.4035/click - {}
RESULT: {}
COMMAND: GET /session/29c94e7c3de8c8de4e6aab3f7ecf7110/screenshot - {}
RESULT: {}
COMMAND: POST /session/29c94e7c3de8c8de4e6aab3f7ecf7110/execute/async - {"script":"<script> [1562 bytes]","args":[{"selector":{"controlType":"sap.m.StandardListItem","viewName":"reusables.view.manageresources.NewResourceUnit","viewId":"application-manageresources-display-component---newResourceUnit","properties":{"title":"Centimeter"},"searchOpenDialogs":true,"interaction":{"idSuffix":"titleText"}},"wdio_ui5_key":"reusablesview.manageresources.NewResourceUnitsap.m.StandardListItem{\"title\":\"Centimeter\"}"}]}
RESULT: {"script":"<script> [1562 bytes]","args":[{"selector":{"controlType":"sap.m.StandardListItem","viewName":"reusables.view.manageresources.NewResourceUnit","viewId":"application-manageresources-display-component---newResourceUnit","properties":{"title":"Centimeter"},"searchOpenDialogs":true,"interaction":{"idSuffix":"titleText"}},"wdio_ui5_key":"reusablesview.manageresources.NewResourceUnitsap.m.StandardListItem{\"title\":\"Centimeter\"}"}]}
RESULT: undefined
COMMAND: POST /session/29c94e7c3de8c8de4e6aab3f7ecf7110/element - {"using":"xpath","value":"//*[@id=\"__item1895\"]"}
RESULT: {"using":"xpath","value":"//*[@id=\"__item1895\"]"}
COMMAND: POST /session/29c94e7c3de8c8de4e6aab3f7ecf7110/element/f.A8B909B395C19A77638691ECE2720CC3.d.651F587D175785FB0DAABF1D15807ABE.e.4039/click - {}
RESULT: {}
COMMAND: POST /session/29c94e7c3de8c8de4e6aab3f7ecf7110/execute/async - {"script":"<script> [1562 bytes]","args":[{"selector":{"id":"application-manageresources-display-component---newResourceUnit--newRRUPage-anchBar-application-manageresources-display-component---newResourceUnit--reference-anchor","interaction":{"idSuffix":"BDI-content"}},"wdio_ui5_key":"applicationmanageresources-display-component---newResourceUnit--newRRUPage-anchBar-application-manageresources-display-component---newResourceUnit--reference-anchor"}]}
COMMAND: GET /session/29c94e7c3de8c8de4e6aab3f7ecf7110/screenshot - {}
RESULT: {"script":"<script> [1562 bytes]","args":[{"selector":{"id":"application-manageresources-display-component---newResourceUnit--newRRUPage-anchBar-application-manageresources-display-component---newResourceUnit--reference-anchor","interaction":{"idSuffix":"BDI-content"}},"wdio_ui5_key":"applicationmanageresources-display-component---newResourceUnit--newRRUPage-anchBar-application-manageresources-display-component---newResourceUnit--reference-anchor"}]}
RESULT: undefined
COMMAND: POST /session/29c94e7c3de8c8de4e6aab3f7ecf7110/element - {"using":"xpath","value":"//*[@id=\"application-manageresources-display-component---newResourceUnit--newRRUPage-anchBar-application-manageresources-display-component---newResourceUnit--reference-anchor\"]"}
RESULT: {}
RESULT: {"using":"xpath","value":"//*[@id=\"application-manageresources-display-component---newResourceUnit--newRRUPage-anchBar-application-manageresources-display-component---newResourceUnit--reference-anchor\"]"}
COMMAND: POST /session/29c94e7c3de8c8de4e6aab3f7ecf7110/element/f.A8B909B395C19A77638691ECE2720CC3.d.651F587D175785FB0DAABF1D15807ABE.e.4041/click - {}
RESULT: {}
COMMAND: POST /session/29c94e7c3de8c8de4e6aab3f7ecf7110/execute/async - {"script":"<script> [1562 bytes]","args":[{"selector":{"id":"application-manageresources-display-component---newResourceUnit--PLANNING_GROUP-arrow"},"wdio_ui5_key":"applicationmanageresources-display-component---newResourceUnit--PLANNING_GROUP-arrow"}]}
COMMAND: GET /session/29c94e7c3de8c8de4e6aab3f7ecf7110/screenshot - {}
RESULT: {"script":"<script> [1562 bytes]","args":[{"selector":{"id":"application-manageresources-display-component---newResourceUnit--PLANNING_GROUP-arrow"},"wdio_ui5_key":"applicationmanageresources-display-component---newResourceUnit--PLANNING_GROUP-arrow"}]}
RESULT: undefined
COMMAND: POST /session/29c94e7c3de8c8de4e6aab3f7ecf7110/element - {"using":"xpath","value":"//*[@id=\"application-manageresources-display-component---newResourceUnit--PLANNING_GROUP-arrow\"]"}
RESULT: {}
RESULT: {"using":"xpath","value":"//*[@id=\"application-manageresources-display-component---newResourceUnit--PLANNING_GROUP-arrow\"]"}
COMMAND: POST /session/29c94e7c3de8c8de4e6aab3f7ecf7110/element/f.A8B909B395C19A77638691ECE2720CC3.d.651F587D175785FB0DAABF1D15807ABE.e.4045/click - {}
RESULT: {}
COMMAND: POST /session/29c94e7c3de8c8de4e6aab3f7ecf7110/execute/async - {"script":"<script> [1562 bytes]","args":[{"selector":{"controlType":"sap.m.StandardListItem","viewName":"reusables.view.manageresources.NewResourceUnit","viewId":"application-manageresources-display-component---newResourceUnit","properties":{"title":"Heavy Equi"},"searchOpenDialogs":true,"interaction":{"idSuffix":"content"}},"wdio_ui5_key":"reusablesview.manageresources.NewResourceUnitsap.m.StandardListItem{\"title\":\"Heavy Equi\"}"}]}
COMMAND: GET /session/29c94e7c3de8c8de4e6aab3f7ecf7110/screenshot - {}
RESULT: {"script":"<script> [1562 bytes]","args":[{"selector":{"controlType":"sap.m.StandardListItem","viewName":"reusables.view.manageresources.NewResourceUnit","viewId":"application-manageresources-display-component---newResourceUnit","properties":{"title":"Heavy Equi"},"searchOpenDialogs":true,"interaction":{"idSuffix":"content"}},"wdio_ui5_key":"reusablesview.manageresources.NewResourceUnitsap.m.StandardListItem{\"title\":\"Heavy Equi\"}"}]}
RESULT: undefined
COMMAND: POST /session/29c94e7c3de8c8de4e6aab3f7ecf7110/element - {"using":"xpath","value":"//*[@id=\"__item1903\"]"}
RESULT: {}
RESULT: {"using":"xpath","value":"//*[@id=\"__item1903\"]"}
COMMAND: POST /session/29c94e7c3de8c8de4e6aab3f7ecf7110/element/f.A8B909B395C19A77638691ECE2720CC3.d.651F587D175785FB0DAABF1D15807ABE.e.4047/click - {}
RESULT: {}
COMMAND: GET /session/29c94e7c3de8c8de4e6aab3f7ecf7110/screenshot - {}
RESULT: {}
COMMAND: POST /session/29c94e7c3de8c8de4e6aab3f7ecf7110/execute/async - {"script":"<script> [1562 bytes]","args":[{"selector":{"id":"application-manageresources-display-component---newResourceUnit--PLANNING_INDICATOR-arrow"},"wdio_ui5_key":"applicationmanageresources-display-component---newResourceUnit--PLANNING_INDICATOR-arrow"}]}
RESULT: {"script":"<script> [1562 bytes]","args":[{"selector":{"id":"application-manageresources-display-component---newResourceUnit--PLANNING_INDICATOR-arrow"},"wdio_ui5_key":"applicationmanageresources-display-component---newResourceUnit--PLANNING_INDICATOR-arrow"}]}
RESULT: undefined
COMMAND: POST /session/29c94e7c3de8c8de4e6aab3f7ecf7110/element - {"using":"xpath","value":"//*[@id=\"application-manageresources-display-component---newResourceUnit--PLANNING_INDICATOR-arrow\"]"}
RESULT: {"using":"xpath","value":"//*[@id=\"application-manageresources-display-component---newResourceUnit--PLANNING_INDICATOR-arrow\"]"}
COMMAND: POST /session/29c94e7c3de8c8de4e6aab3f7ecf7110/element/f.A8B909B395C19A77638691ECE2720CC3.d.651F587D175785FB0DAABF1D15807ABE.e.4048/click - {}
RESULT: {}
COMMAND: POST /session/29c94e7c3de8c8de4e6aab3f7ecf7110/execute/async - {"script":"<script> [1562 bytes]","args":[{"selector":{"controlType":"sap.m.StandardListItem","viewName":"reusables.view.manageresources.NewResourceUnit","viewId":"application-manageresources-display-component---newResourceUnit","properties":{"title":"10 - infinite"},"searchOpenDialogs":true,"interaction":{"idSuffix":"content"}},"wdio_ui5_key":"reusablesview.manageresources.NewResourceUnitsap.m.StandardListItem{\"title\":\"10 - infinite\"}"}]}
COMMAND: GET /session/29c94e7c3de8c8de4e6aab3f7ecf7110/screenshot - {}
RESULT: {"script":"<script> [1562 bytes]","args":[{"selector":{"controlType":"sap.m.StandardListItem","viewName":"reusables.view.manageresources.NewResourceUnit","viewId":"application-manageresources-display-component---newResourceUnit","properties":{"title":"10 - infinite"},"searchOpenDialogs":true,"interaction":{"idSuffix":"content"}},"wdio_ui5_key":"reusablesview.manageresources.NewResourceUnitsap.m.StandardListItem{\"title\":\"10 - infinite\"}"}]}
RESULT: undefined
COMMAND: POST /session/29c94e7c3de8c8de4e6aab3f7ecf7110/element - {"using":"xpath","value":"//*[@id=\"__item1913\"]"}
RESULT: {}
RESULT: {"using":"xpath","value":"//*[@id=\"__item1913\"]"}
COMMAND: POST /session/29c94e7c3de8c8de4e6aab3f7ecf7110/element/f.A8B909B395C19A77638691ECE2720CC3.d.651F587D175785FB0DAABF1D15807ABE.e.4050/click - {}
RESULT: {}
COMMAND: GET /session/29c94e7c3de8c8de4e6aab3f7ecf7110/screenshot - {}
RESULT: {}
COMMAND: POST /session/29c94e7c3de8c8de4e6aab3f7ecf7110/element - {"using":"xpath","value":"//bdi[contains(text(), \"Time Segment\")]"}
RESULT: {"using":"xpath","value":"//bdi[contains(text(), \"Time Segment\")]"}
COMMAND: GET /session/29c94e7c3de8c8de4e6aab3f7ecf7110/element/f.A8B909B395C19A77638691ECE2720CC3.d.651F587D175785FB0DAABF1D15807ABE.e.4051/rect - {}
RESULT: {}
COMMAND: GET /session/29c94e7c3de8c8de4e6aab3f7ecf7110/window/rect - {}
RESULT: {}
COMMAND: POST /session/29c94e7c3de8c8de4e6aab3f7ecf7110/execute/sync - {"script":"<script> [92 bytes]","args":[]}
RESULT: {"script":"<script> [92 bytes]","args":[]}
COMMAND: POST /session/29c94e7c3de8c8de4e6aab3f7ecf7110/actions - {"actions":[{"id":"action35","type":"wheel","parameters":{},"actions":[{"type":"scroll","x":-1820,"y":-21,"deltaX":0,"deltaY":0,"duration":0,"origin":{"element-6066-11e4-a52e-4f735466cecf":"f.A8B909B395C19A77638691ECE2720CC3.d.651F587D175785FB0DAABF1D15807ABE.e.4051"}}]}]}
COMMAND: GET /session/29c94e7c3de8c8de4e6aab3f7ecf7110/screenshot - {}
RESULT: {}
COMMAND: POST /session/29c94e7c3de8c8de4e6aab3f7ecf7110/execute/sync - {"script":"<script> [79 bytes]","args":[{"element-6066-11e4-a52e-4f735466cecf":"f.A8B909B395C19A77638691ECE2720CC3.d.651F587D175785FB0DAABF1D15807ABE.e.4051","ELEMENT":"f.A8B909B395C19A77638691ECE2720CC3.d.651F587D175785FB0DAABF1D15807ABE.e.4051"},{"block":"start","inline":"nearest"}]}
RESULT: {"script":"<script> [79 bytes]","args":[{"element-6066-11e4-a52e-4f735466cecf":"f.A8B909B395C19A77638691ECE2720CC3.d.651F587D175785FB0DAABF1D15807ABE.e.4051","ELEMENT":"f.A8B909B395C19A77638691ECE2720CC3.d.651F587D175785FB0DAABF1D15807ABE.e.4051"},{"block":"start","inline":"nearest"}]}
COMMAND: GET /session/29c94e7c3de8c8de4e6aab3f7ecf7110/screenshot - {}
RESULT: {}
COMMAND: POST /session/29c94e7c3de8c8de4e6aab3f7ecf7110/element - {"using":"xpath","value":"//span[@id=\"application-manageresources-display-component---newResourceUnit--btnAddTimeSegment-img\"]"}
RESULT: {"using":"xpath","value":"//span[@id=\"application-manageresources-display-component---newResourceUnit--btnAddTimeSegment-img\"]"}
COMMAND: POST /session/29c94e7c3de8c8de4e6aab3f7ecf7110/execute/sync - {"script":"<script> [8489 bytes]","args":[{"element-6066-11e4-a52e-4f735466cecf":"f.A8B909B395C19A77638691ECE2720CC3.d.651F587D175785FB0DAABF1D15807ABE.e.4054","ELEMENT":"f.A8B909B395C19A77638691ECE2720CC3.d.651F587D175785FB0DAABF1D15807ABE.e.4054"}]}
RESULT: {"script":"<script> [8489 bytes]","args":[{"element-6066-11e4-a52e-4f735466cecf":"f.A8B909B395C19A77638691ECE2720CC3.d.651F587D175785FB0DAABF1D15807ABE.e.4054","ELEMENT":"f.A8B909B395C19A77638691ECE2720CC3.d.651F587D175785FB0DAABF1D15807ABE.e.4054"}]}
COMMAND: POST /session/29c94e7c3de8c8de4e6aab3f7ecf7110/element/f.A8B909B395C19A77638691ECE2720CC3.d.651F587D175785FB0DAABF1D15807ABE.e.4054/click - {}
COMMAND: GET /session/29c94e7c3de8c8de4e6aab3f7ecf7110/screenshot - {}
RESULT: {}
COMMAND: GET /session/29c94e7c3de8c8de4e6aab3f7ecf7110/screenshot - {}
RESULT: {}
RESULT: {}
COMMAND: POST /session/29c94e7c3de8c8de4e6aab3f7ecf7110/element - {"using":"xpath","value":"//input[@id=\"application-manageresources-display-component---newResourceUnit--idRuTSAdmin-application-manageresources-display-component---newResourceUnit--RUTimeSegment-0-inner\"]"}
RESULT: {"using":"xpath","value":"//input[@id=\"application-manageresources-display-component---newResourceUnit--idRuTSAdmin-application-manageresources-display-component---newResourceUnit--RUTimeSegment-0-inner\"]"}
COMMAND: POST /session/29c94e7c3de8c8de4e6aab3f7ecf7110/element/f.A8B909B395C19A77638691ECE2720CC3.d.651F587D175785FB0DAABF1D15807ABE.e.4057/clear - {}
RESULT: {}
COMMAND: POST /session/29c94e7c3de8c8de4e6aab3f7ecf7110/element/f.A8B909B395C19A77638691ECE2720CC3.d.651F587D175785FB0DAABF1D15807ABE.e.4057/value - {"text":"WebdriverYardrpieg"}
COMMAND: GET /session/29c94e7c3de8c8de4e6aab3f7ecf7110/screenshot - {}
RESULT: {"text":"WebdriverYardrpieg"}
COMMAND: GET /session/29c94e7c3de8c8de4e6aab3f7ecf7110/screenshot - {}
RESULT: {}
RESULT: {}
COMMAND: POST /session/29c94e7c3de8c8de4e6aab3f7ecf7110/actions - {"actions":[{"id":"action36","type":"key","parameters":{},"actions":[{"type":"keyDown","value":"î€‡"},{"type":"pause","duration":10},{"type":"keyUp","value":"î€‡"}]}]}
RESULT: {"actions":[{"id":"action36","type":"key","parameters":{},"actions":[{"type":"keyDown","value":"î€‡"},{"type":"pause","duration":10},{"type":"keyUp","value":"î€‡"}]}]}
COMMAND: GET /session/29c94e7c3de8c8de4e6aab3f7ecf7110/screenshot - {}
RESULT: {}
COMMAND: POST /session/29c94e7c3de8c8de4e6aab3f7ecf7110/execute/async - {"script":"<script> [1562 bytes]","args":[{"selector":{"controlType":"sap.m.Button","viewName":"reusables.view.manageresources.NewResourceUnit","viewId":"application-manageresources-display-component---newResourceUnit","i18NText":{"propertyName":"tooltip","key":"save"},"interaction":{"idSuffix":"BDI-content"}},"wdio_ui5_key":"reusablesview.manageresources.NewResourceUnitsap.m.Button{\"propertyName\":\"tooltip\",\"key\":\"save\"}"}]}
RESULT: {"script":"<script> [1562 bytes]","args":[{"selector":{"controlType":"sap.m.Button","viewName":"reusables.view.manageresources.NewResourceUnit","viewId":"application-manageresources-display-component---newResourceUnit","i18NText":{"propertyName":"tooltip","key":"save"},"interaction":{"idSuffix":"BDI-content"}},"wdio_ui5_key":"reusablesview.manageresources.NewResourceUnitsap.m.Button{\"propertyName\":\"tooltip\",\"key\":\"save\"}"}]}
RESULT: undefined
COMMAND: POST /session/29c94e7c3de8c8de4e6aab3f7ecf7110/element - {"using":"xpath","value":"//*[@id=\"application-manageresources-display-component---newResourceUnit--createRuButton\"]"}
RESULT: {"using":"xpath","value":"//*[@id=\"application-manageresources-display-component---newResourceUnit--createRuButton\"]"}
COMMAND: POST /session/29c94e7c3de8c8de4e6aab3f7ecf7110/element/f.A8B909B395C19A77638691ECE2720CC3.d.651F587D175785FB0DAABF1D15807ABE.e.3917/click - {}
RESULT: {}
COMMAND: GET /session/29c94e7c3de8c8de4e6aab3f7ecf7110/screenshot - {}
RESULT: {}
COMMAND: POST /session/29c94e7c3de8c8de4e6aab3f7ecf7110/execute/async - {"script":"<script> [1562 bytes]","args":[{"selector":{"controlType":"sap.m.Title","properties":{"text":"Success"},"searchOpenDialogs":true},"wdio_ui5_key":"sapm.Title{\"text\":\"Success\"}"}]}
RESULT: {"script":"<script> [1562 bytes]","args":[{"selector":{"controlType":"sap.m.Title","properties":{"text":"Success"},"searchOpenDialogs":true},"wdio_ui5_key":"sapm.Title{\"text\":\"Success\"}"}]}
RESULT: undefined
COMMAND: POST /session/29c94e7c3de8c8de4e6aab3f7ecf7110/execute/async - {"script":"<script> [6424 bytes]","args":[{"element-6066-11e4-a52e-4f735466cecf":"f.A8B909B395C19A77638691ECE2720CC3.d.651F587D175785FB0DAABF1D15807ABE.e.4071"},"getText",[]]}
RESULT: {"script":"<script> [6424 bytes]","args":[{"element-6066-11e4-a52e-4f735466cecf":"f.A8B909B395C19A77638691ECE2720CC3.d.651F587D175785FB0DAABF1D15807ABE.e.4071"},"getText",[]]}
COMMAND: POST /session/29c94e7c3de8c8de4e6aab3f7ecf7110/element - {"using":"xpath","value":"//*[contains(@id, '__text') and (contains(text(), 'successfully created') or contains(., 'successfully created'))]"}
RESULT: {"using":"xpath","value":"//*[contains(@id, '__text') and (contains(text(), 'successfully created') or contains(., 'successfully created'))]"}
COMMAND: GET /session/29c94e7c3de8c8de4e6aab3f7ecf7110/element/f.A8B909B395C19A77638691ECE2720CC3.d.651F587D175785FB0DAABF1D15807ABE.e.4070/text - {}
RESULT: {}
COMMAND: POST /session/29c94e7c3de8c8de4e6aab3f7ecf7110/execute/async - {"script":"<script> [1562 bytes]","args":[{"selector":{"controlType":"sap.m.Button","properties":{"text":"Close"},"searchOpenDialogs":true,"interaction":{"idSuffix":"BDI-content"}},"wdio_ui5_key":"sapm.Button{\"text\":\"Close\"}"}]}
RESULT: {"script":"<script> [1562 bytes]","args":[{"selector":{"controlType":"sap.m.Button","properties":{"text":"Close"},"searchOpenDialogs":true,"interaction":{"idSuffix":"BDI-content"}},"wdio_ui5_key":"sapm.Button{\"text\":\"Close\"}"}]}
RESULT: undefined
COMMAND: POST /session/29c94e7c3de8c8de4e6aab3f7ecf7110/element - {"using":"xpath","value":"//*[@id=\"__mbox-btn-1\"]"}
RESULT: {"using":"xpath","value":"//*[@id=\"__mbox-btn-1\"]"}
COMMAND: POST /session/29c94e7c3de8c8de4e6aab3f7ecf7110/element/f.A8B909B395C19A77638691ECE2720CC3.d.651F587D175785FB0DAABF1D15807ABE.e.4068/click - {}
RESULT: {}
COMMAND: GET /session/29c94e7c3de8c8de4e6aab3f7ecf7110/screenshot - {}
RESULT: {}
COMMAND: POST /session/29c94e7c3de8c8de4e6aab3f7ecf7110/execute/async - {"script":"<script> [1562 bytes]","args":[{"selector":{"controlType":"sap.ui.core.Icon","viewName":"etm.portal.ui.manageresources.view.Detail","viewId":"application-manageresources-display-component---detailRU","properties":{"src":{"regex":{"source":"overflow"}}}},"wdio_ui5_key":"etmportal.ui.manageresources.view.Detailsap.ui.core.Icon{\"src\":{\"regex\":{\"source\":\"overflow\"}}}"}]}
RESULT: {"script":"<script> [1562 bytes]","args":[{"selector":{"controlType":"sap.ui.core.Icon","viewName":"etm.portal.ui.manageresources.view.Detail","viewId":"application-manageresources-display-component---detailRU","properties":{"src":{"regex":{"source":"overflow"}}}},"wdio_ui5_key":"etmportal.ui.manageresources.view.Detailsap.ui.core.Icon{\"src\":{\"regex\":{\"source\":\"overflow\"}}}"}]}
RESULT: undefined
COMMAND: POST /session/29c94e7c3de8c8de4e6aab3f7ecf7110/element - {"using":"xpath","value":"//*[@id=\"__title81-_actionsToolbar-overflowButton-img\"]"}
RESULT: {"using":"xpath","value":"//*[@id=\"__title81-_actionsToolbar-overflowButton-img\"]"}
COMMAND: POST /session/29c94e7c3de8c8de4e6aab3f7ecf7110/element/f.A8B909B395C19A77638691ECE2720CC3.d.651F587D175785FB0DAABF1D15807ABE.e.4101/click - {}
RESULT: {}
COMMAND: POST /session/29c94e7c3de8c8de4e6aab3f7ecf7110/execute/async - {"script":"<script> [1562 bytes]","args":[{"selector":{"controlType":"sap.m.Button","viewName":"etm.portal.ui.manageresources.view.Detail","viewId":"application-manageresources-display-component---detailRU","i18NText":{"propertyName":"tooltip","key":"closeColumn"},"searchOpenDialogs":true,"interaction":{"idSuffix":"inner"}},"wdio_ui5_key":"etmportal.ui.manageresources.view.Detailsap.m.Button{\"propertyName\":\"tooltip\",\"key\":\"closeColumn\"}"}]}
COMMAND: GET /session/29c94e7c3de8c8de4e6aab3f7ecf7110/screenshot - {}
RESULT: {"script":"<script> [1562 bytes]","args":[{"selector":{"controlType":"sap.m.Button","viewName":"etm.portal.ui.manageresources.view.Detail","viewId":"application-manageresources-display-component---detailRU","i18NText":{"propertyName":"tooltip","key":"closeColumn"},"searchOpenDialogs":true,"interaction":{"idSuffix":"inner"}},"wdio_ui5_key":"etmportal.ui.manageresources.view.Detailsap.m.Button{\"propertyName\":\"tooltip\",\"key\":\"closeColumn\"}"}]}
RESULT: undefined
COMMAND: POST /session/29c94e7c3de8c8de4e6aab3f7ecf7110/element - {"using":"xpath","value":"//*[@id=\"__button255\"]"}
RESULT: {}
RESULT: {"using":"xpath","value":"//*[@id=\"__button255\"]"}
COMMAND: POST /session/29c94e7c3de8c8de4e6aab3f7ecf7110/element/f.A8B909B395C19A77638691ECE2720CC3.d.651F587D175785FB0DAABF1D15807ABE.e.4103/click - {}
RESULT: {}
COMMAND: GET /session/29c94e7c3de8c8de4e6aab3f7ecf7110/screenshot - {}
RESULT: {}
COMMAND: POST /session/29c94e7c3de8c8de4e6aab3f7ecf7110/refresh - {}
RESULT: {}
COMMAND: GET /session/29c94e7c3de8c8de4e6aab3f7ecf7110/screenshot - {}
RESULT: {}
COMMAND: POST /session/29c94e7c3de8c8de4e6aab3f7ecf7110/execute/async - {"script":"<script> [189 bytes]","args":[]}
RESULT: {"script":"<script> [189 bytes]","args":[]}
COMMAND: POST /session/29c94e7c3de8c8de4e6aab3f7ecf7110/execute/async - {"script":"<script> [123 bytes]","args":[]}
RESULT: {"script":"<script> [123 bytes]","args":[]}
COMMAND: POST /session/29c94e7c3de8c8de4e6aab3f7ecf7110/timeouts - {"script":"<number>"}
RESULT: {"script":"<number>"}
COMMAND: GET /session/29c94e7c3de8c8de4e6aab3f7ecf7110/timeouts - {}
RESULT: {}
RESULT: undefined
COMMAND: POST /session/29c94e7c3de8c8de4e6aab3f7ecf7110/execute/async - {"script":"<script> [2676 bytes]","args":[]}
RESULT: {"script":"<script> [2676 bytes]","args":[]}
COMMAND: POST /session/29c94e7c3de8c8de4e6aab3f7ecf7110/execute/async - {"script":"<script> [2342 bytes]","args":[{"protocol":"http","hostname":"0.0.0.0","path":"/","capabilities":{"browserName":"chrome","goog:chromeOptions":{"binary":"C:\\Program Files\\Google\\Chrome\\Application\\chrome.exe","args":["--start-maximized"]}},"logLevel":"warn","connectionRetryTimeout":120000,"connectionRetryCount":3,"logLevels":{},"enableDirectConnect":true,"strictSSL":true,"_":"65 more keys: [\"cacheDir\",\"port\",\"requestedCapabilities\",\"automationProtocol\",\"baseUrl\",\"waitforInterval\",\"waitforTimeout\",\"onReload\",\"beforeCommand\",\"afterCommand\",\"rootDir\",\"specs\",\"suites\",\"exclude\",\"groupLogsByTestSpec\",\"excludeDriverLogs\",\"bail\",\"framework\",\"reporters\",\"services\",\"maxInstances\",\"maxInstancesPerCapability\",\"injectGlobals\",\"filesToWatch\",\"execArgv\",\"runnerEnv\",\"runner\",\"shard\",\"specFileRetries\",\"specFileRetriesDelay\",\"specFileRetriesDeferred\",\"reporterSyncInterval\",\"reporterSyncTimeout\",\"cucumberFeaturesWithLineNumbers\",\"autoCompileOpts\",\"mochaOpts\",\"jasmineOpts\",\"cucumberOpts\",\"onPrepare\",\"onWorkerStart\",\"onWorkerEnd\",\"before\",\"beforeSession\",\"beforeSuite\",\"beforeHook\",\"beforeTest\",\"afterTest\",\"afterHook\",\"afterSuite\",\"afterSession\",\"after\",\"onComplete\",\"beforeAssertion\",\"afterAssertion\",\"beforeFeature\",\"beforeScenario\",\"beforeStep\",\"afterStep\",\"afterScenario\",\"afterFeature\",\"_\",\"suite\",\"$0\",\"ignoredWorkerServices\",\"wdi5\"]"}]}
RESULT: {"script":"<script> [2342 bytes]","args":[{"protocol":"http","hostname":"0.0.0.0","path":"/","capabilities":{"browserName":"chrome","goog:chromeOptions":{"binary":"C:\\Program Files\\Google\\Chrome\\Application\\chrome.exe","args":["--start-maximized"]}},"logLevel":"warn","connectionRetryTimeout":120000,"connectionRetryCount":3,"logLevels":{},"enableDirectConnect":true,"strictSSL":true,"_":"65 more keys: [\"cacheDir\",\"port\",\"requestedCapabilities\",\"automationProtocol\",\"baseUrl\",\"waitforInterval\",\"waitforTimeout\",\"onReload\",\"beforeCommand\",\"afterCommand\",\"rootDir\",\"specs\",\"suites\",\"exclude\",\"groupLogsByTestSpec\",\"excludeDriverLogs\",\"bail\",\"framework\",\"reporters\",\"services\",\"maxInstances\",\"maxInstancesPerCapability\",\"injectGlobals\",\"filesToWatch\",\"execArgv\",\"runnerEnv\",\"runner\",\"shard\",\"specFileRetries\",\"specFileRetriesDelay\",\"specFileRetriesDeferred\",\"reporterSyncInterval\",\"reporterSyncTimeout\",\"cucumberFeaturesWithLineNumbers\",\"autoCompileOpts\",\"mochaOpts\",\"jasmineOpts\",\"cucumberOpts\",\"onPrepare\",\"onWorkerStart\",\"onWorkerEnd\",\"before\",\"beforeSession\",\"beforeSuite\",\"beforeHook\",\"beforeTest\",\"afterTest\",\"afterHook\",\"afterSuite\",\"afterSession\",\"after\",\"onComplete\",\"beforeAssertion\",\"afterAssertion\",\"beforeFeature\",\"beforeScenario\",\"beforeStep\",\"afterStep\",\"afterScenario\",\"afterFeature\",\"_\",\"suite\",\"$0\",\"ignoredWorkerServices\",\"wdi5\"]"}]}
COMMAND: POST /session/29c94e7c3de8c8de4e6aab3f7ecf7110/execute/async - {"script":"<script> [21126 bytes]","args":[35000]}
RESULT: {"script":"<script> [21126 bytes]","args":[35000]}
COMMAND: POST /session/29c94e7c3de8c8de4e6aab3f7ecf7110/element - {"using":"css selector","value":"#shell-header-logo"}
RESULT: {"using":"css selector","value":"#shell-header-logo"}
COMMAND: POST /session/29c94e7c3de8c8de4e6aab3f7ecf7110/element/f.A8B909B395C19A77638691ECE2720CC3.d.98651E11A6752DA0AB2EEA2E311DD27F.e.4186/click - {}
RESULT: {}
COMMAND: GET /session/29c94e7c3de8c8de4e6aab3f7ecf7110/screenshot - {}
RESULT: {}
COMMAND: POST /session/29c94e7c3de8c8de4e6aab3f7ecf7110/element - {"using":"css selector","value":"#shell-header-logo"}
RESULT: {"using":"css selector","value":"#shell-header-logo"}
COMMAND: POST /session/29c94e7c3de8c8de4e6aab3f7ecf7110/element/f.A8B909B395C19A77638691ECE2720CC3.d.98651E11A6752DA0AB2EEA2E311DD27F.e.4366/click - {}
RESULT: {}
COMMAND: GET /session/29c94e7c3de8c8de4e6aab3f7ecf7110/screenshot - {}
RESULT: {}
]]></system-out>
    </testcase>
    <testcase classname="chrome.137_0_7151_69.windows.Manage_request_+_Contract_processing_pick_up_option_US120163_" name="Should Create New Request pick up option" time="180.507">
      <system-out><![CDATA[
COMMAND: POST /session/29c94e7c3de8c8de4e6aab3f7ecf7110/element - {"using":"css selector","value":"#shell-header-logo"}
RESULT: {"using":"css selector","value":"#shell-header-logo"}
COMMAND: POST /session/29c94e7c3de8c8de4e6aab3f7ecf7110/element/f.A8B909B395C19A77638691ECE2720CC3.d.98651E11A6752DA0AB2EEA2E311DD27F.e.4366/click - {}
RESULT: {}
COMMAND: GET /session/29c94e7c3de8c8de4e6aab3f7ecf7110/screenshot - {}
RESULT: {}
COMMAND: POST /session/29c94e7c3de8c8de4e6aab3f7ecf7110/execute/async - {"script":"<script> [1562 bytes]","args":[{"selector":{"controlType":"sap.m.GenericTile","properties":{"header":"Manage Requests"}},"wdio_ui5_key":"sapm.GenericTile{\"header\":\"Manage Requests\"}"}]}
RESULT: {"script":"<script> [1562 bytes]","args":[{"selector":{"controlType":"sap.m.GenericTile","properties":{"header":"Manage Requests"}},"wdio_ui5_key":"sapm.GenericTile{\"header\":\"Manage Requests\"}"}]}
RESULT: undefined
COMMAND: POST /session/29c94e7c3de8c8de4e6aab3f7ecf7110/element - {"using":"xpath","value":"//*[@id=\"__tile48\"]"}
RESULT: {"using":"xpath","value":"//*[@id=\"__tile48\"]"}
COMMAND: POST /session/29c94e7c3de8c8de4e6aab3f7ecf7110/element/f.A8B909B395C19A77638691ECE2720CC3.d.98651E11A6752DA0AB2EEA2E311DD27F.e.4375/click - {}
RESULT: {}
COMMAND: GET /session/29c94e7c3de8c8de4e6aab3f7ecf7110/screenshot - {}
RESULT: {}
COMMAND: POST /session/29c94e7c3de8c8de4e6aab3f7ecf7110/elements - {"using":"xpath","value":"//span[text()='Error']"}
RESULT: {"using":"xpath","value":"//span[text()='Error']"}
COMMAND: POST /session/29c94e7c3de8c8de4e6aab3f7ecf7110/refresh - {}
RESULT: {}
COMMAND: GET /session/29c94e7c3de8c8de4e6aab3f7ecf7110/screenshot - {}
RESULT: {}
COMMAND: POST /session/29c94e7c3de8c8de4e6aab3f7ecf7110/execute/async - {"script":"<script> [189 bytes]","args":[]}
RESULT: {"script":"<script> [189 bytes]","args":[]}
COMMAND: POST /session/29c94e7c3de8c8de4e6aab3f7ecf7110/execute/async - {"script":"<script> [123 bytes]","args":[]}
RESULT: {"script":"<script> [123 bytes]","args":[]}
COMMAND: POST /session/29c94e7c3de8c8de4e6aab3f7ecf7110/timeouts - {"script":"<number>"}
RESULT: {"script":"<number>"}
COMMAND: GET /session/29c94e7c3de8c8de4e6aab3f7ecf7110/timeouts - {}
RESULT: {}
RESULT: undefined
COMMAND: POST /session/29c94e7c3de8c8de4e6aab3f7ecf7110/execute/async - {"script":"<script> [2676 bytes]","args":[]}
RESULT: {"script":"<script> [2676 bytes]","args":[]}
COMMAND: POST /session/29c94e7c3de8c8de4e6aab3f7ecf7110/execute/async - {"script":"<script> [2342 bytes]","args":[{"protocol":"http","hostname":"0.0.0.0","path":"/","capabilities":{"browserName":"chrome","goog:chromeOptions":{"binary":"C:\\Program Files\\Google\\Chrome\\Application\\chrome.exe","args":["--start-maximized"]}},"logLevel":"warn","connectionRetryTimeout":120000,"connectionRetryCount":3,"logLevels":{},"enableDirectConnect":true,"strictSSL":true,"_":"65 more keys: [\"cacheDir\",\"port\",\"requestedCapabilities\",\"automationProtocol\",\"baseUrl\",\"waitforInterval\",\"waitforTimeout\",\"onReload\",\"beforeCommand\",\"afterCommand\",\"rootDir\",\"specs\",\"suites\",\"exclude\",\"groupLogsByTestSpec\",\"excludeDriverLogs\",\"bail\",\"framework\",\"reporters\",\"services\",\"maxInstances\",\"maxInstancesPerCapability\",\"injectGlobals\",\"filesToWatch\",\"execArgv\",\"runnerEnv\",\"runner\",\"shard\",\"specFileRetries\",\"specFileRetriesDelay\",\"specFileRetriesDeferred\",\"reporterSyncInterval\",\"reporterSyncTimeout\",\"cucumberFeaturesWithLineNumbers\",\"autoCompileOpts\",\"mochaOpts\",\"jasmineOpts\",\"cucumberOpts\",\"onPrepare\",\"onWorkerStart\",\"onWorkerEnd\",\"before\",\"beforeSession\",\"beforeSuite\",\"beforeHook\",\"beforeTest\",\"afterTest\",\"afterHook\",\"afterSuite\",\"afterSession\",\"after\",\"onComplete\",\"beforeAssertion\",\"afterAssertion\",\"beforeFeature\",\"beforeScenario\",\"beforeStep\",\"afterStep\",\"afterScenario\",\"afterFeature\",\"_\",\"suite\",\"$0\",\"ignoredWorkerServices\",\"wdi5\"]"}]}
RESULT: {"script":"<script> [2342 bytes]","args":[{"protocol":"http","hostname":"0.0.0.0","path":"/","capabilities":{"browserName":"chrome","goog:chromeOptions":{"binary":"C:\\Program Files\\Google\\Chrome\\Application\\chrome.exe","args":["--start-maximized"]}},"logLevel":"warn","connectionRetryTimeout":120000,"connectionRetryCount":3,"logLevels":{},"enableDirectConnect":true,"strictSSL":true,"_":"65 more keys: [\"cacheDir\",\"port\",\"requestedCapabilities\",\"automationProtocol\",\"baseUrl\",\"waitforInterval\",\"waitforTimeout\",\"onReload\",\"beforeCommand\",\"afterCommand\",\"rootDir\",\"specs\",\"suites\",\"exclude\",\"groupLogsByTestSpec\",\"excludeDriverLogs\",\"bail\",\"framework\",\"reporters\",\"services\",\"maxInstances\",\"maxInstancesPerCapability\",\"injectGlobals\",\"filesToWatch\",\"execArgv\",\"runnerEnv\",\"runner\",\"shard\",\"specFileRetries\",\"specFileRetriesDelay\",\"specFileRetriesDeferred\",\"reporterSyncInterval\",\"reporterSyncTimeout\",\"cucumberFeaturesWithLineNumbers\",\"autoCompileOpts\",\"mochaOpts\",\"jasmineOpts\",\"cucumberOpts\",\"onPrepare\",\"onWorkerStart\",\"onWorkerEnd\",\"before\",\"beforeSession\",\"beforeSuite\",\"beforeHook\",\"beforeTest\",\"afterTest\",\"afterHook\",\"afterSuite\",\"afterSession\",\"after\",\"onComplete\",\"beforeAssertion\",\"afterAssertion\",\"beforeFeature\",\"beforeScenario\",\"beforeStep\",\"afterStep\",\"afterScenario\",\"afterFeature\",\"_\",\"suite\",\"$0\",\"ignoredWorkerServices\",\"wdi5\"]"}]}
COMMAND: POST /session/29c94e7c3de8c8de4e6aab3f7ecf7110/execute/async - {"script":"<script> [21126 bytes]","args":[35000]}
RESULT: {"script":"<script> [21126 bytes]","args":[35000]}
COMMAND: POST /session/29c94e7c3de8c8de4e6aab3f7ecf7110/element - {"using":"xpath","value":"//button[contains(@data-kt ,\"btnCreateNewOverflowToolbarButton\")]"}
COMMAND: POST /session/29c94e7c3de8c8de4e6aab3f7ecf7110/element - {"using":"xpath","value":"(//span[contains(@class ,\"sapMObjStatusText\")])[1]"}
RESULT: {"using":"xpath","value":"//button[contains(@data-kt ,\"btnCreateNewOverflowToolbarButton\")]"}
COMMAND: POST /session/29c94e7c3de8c8de4e6aab3f7ecf7110/element/f.A8B909B395C19A77638691ECE2720CC3.d.920D13E235655F63A3516E8EA58A4222.e.4531/click - {}
RESULT: {"using":"xpath","value":"(//span[contains(@class ,\"sapMObjStatusText\")])[1]"}
COMMAND: POST /session/29c94e7c3de8c8de4e6aab3f7ecf7110/execute/sync - {"script":"<script> [8489 bytes]","args":[{"element-6066-11e4-a52e-4f735466cecf":"f.A8B909B395C19A77638691ECE2720CC3.d.920D13E235655F63A3516E8EA58A4222.e.4569","ELEMENT":"f.A8B909B395C19A77638691ECE2720CC3.d.920D13E235655F63A3516E8EA58A4222.e.4569"}]}
RESULT: {}
RESULT: {"script":"<script> [8489 bytes]","args":[{"element-6066-11e4-a52e-4f735466cecf":"f.A8B909B395C19A77638691ECE2720CC3.d.920D13E235655F63A3516E8EA58A4222.e.4569","ELEMENT":"f.A8B909B395C19A77638691ECE2720CC3.d.920D13E235655F63A3516E8EA58A4222.e.4569"}]}
COMMAND: GET /session/29c94e7c3de8c8de4e6aab3f7ecf7110/screenshot - {}
COMMAND: GET /session/29c94e7c3de8c8de4e6aab3f7ecf7110/screenshot - {}
RESULT: {}
RESULT: {}
COMMAND: POST /session/29c94e7c3de8c8de4e6aab3f7ecf7110/element - {"using":"xpath","value":"//input[contains(@id ,\"yardId-inner\")]"}
RESULT: {"using":"xpath","value":"//input[contains(@id ,\"yardId-inner\")]"}
COMMAND: POST /session/29c94e7c3de8c8de4e6aab3f7ecf7110/execute/sync - {"script":"<script> [8489 bytes]","args":[{"element-6066-11e4-a52e-4f735466cecf":"f.A8B909B395C19A77638691ECE2720CC3.d.920D13E235655F63A3516E8EA58A4222.e.4650","ELEMENT":"f.A8B909B395C19A77638691ECE2720CC3.d.920D13E235655F63A3516E8EA58A4222.e.4650"}]}
RESULT: {"script":"<script> [8489 bytes]","args":[{"element-6066-11e4-a52e-4f735466cecf":"f.A8B909B395C19A77638691ECE2720CC3.d.920D13E235655F63A3516E8EA58A4222.e.4650","ELEMENT":"f.A8B909B395C19A77638691ECE2720CC3.d.920D13E235655F63A3516E8EA58A4222.e.4650"}]}
COMMAND: POST /session/29c94e7c3de8c8de4e6aab3f7ecf7110/element - {"using":"xpath","value":"//input[contains(@id ,\"requestContractNo-inner\")]"}
COMMAND: POST /session/29c94e7c3de8c8de4e6aab3f7ecf7110/element - {"using":"xpath","value":"//input[contains(@id ,\"yardId-inner\")]"}
COMMAND: GET /session/29c94e7c3de8c8de4e6aab3f7ecf7110/screenshot - {}
RESULT: {"using":"xpath","value":"//input[contains(@id ,\"yardId-inner\")]"}
COMMAND: GET /session/29c94e7c3de8c8de4e6aab3f7ecf7110/element/f.A8B909B395C19A77638691ECE2720CC3.d.920D13E235655F63A3516E8EA58A4222.e.4650/enabled - {}
RESULT: {"using":"xpath","value":"//input[contains(@id ,\"requestContractNo-inner\")]"}
COMMAND: POST /session/29c94e7c3de8c8de4e6aab3f7ecf7110/element/f.A8B909B395C19A77638691ECE2720CC3.d.920D13E235655F63A3516E8EA58A4222.e.4645/value - {"text":"10128"}
RESULT: {}
RESULT: {}
COMMAND: GET /session/29c94e7c3de8c8de4e6aab3f7ecf7110/screenshot - {}
RESULT: {"text":"10128"}
COMMAND: GET /session/29c94e7c3de8c8de4e6aab3f7ecf7110/screenshot - {}
RESULT: {}
RESULT: {}
COMMAND: POST /session/29c94e7c3de8c8de4e6aab3f7ecf7110/actions - {"actions":[{"id":"action37","type":"key","parameters":{},"actions":[{"type":"keyDown","value":"î€‡"},{"type":"pause","duration":10},{"type":"keyUp","value":"î€‡"}]}]}
RESULT: {"actions":[{"id":"action37","type":"key","parameters":{},"actions":[{"type":"keyDown","value":"î€‡"},{"type":"pause","duration":10},{"type":"keyUp","value":"î€‡"}]}]}
COMMAND: GET /session/29c94e7c3de8c8de4e6aab3f7ecf7110/screenshot - {}
RESULT: {}
COMMAND: POST /session/29c94e7c3de8c8de4e6aab3f7ecf7110/execute/async - {"script":"<script> [1562 bytes]","args":[{"selector":{"controlType":"sap.m.Button","viewName":"etm.portal.ui.managerequests.view.NewRequest","properties":{"text":"Items"},"interaction":{"idSuffix":"BDI-content"}},"wdio_ui5_key":"etmportal.ui.managerequests.view.NewRequestsap.m.Button{\"text\":\"Items\"}"}]}
RESULT: {"script":"<script> [1562 bytes]","args":[{"selector":{"controlType":"sap.m.Button","viewName":"etm.portal.ui.managerequests.view.NewRequest","properties":{"text":"Items"},"interaction":{"idSuffix":"BDI-content"}},"wdio_ui5_key":"etmportal.ui.managerequests.view.NewRequestsap.m.Button{\"text\":\"Items\"}"}]}
RESULT: undefined
COMMAND: POST /session/29c94e7c3de8c8de4e6aab3f7ecf7110/element - {"using":"xpath","value":"//*[@id=\"__xmlview1--newRequestPage-anchBar-__xmlview1--requestItemsSection-anchor\"]"}
RESULT: {"using":"xpath","value":"//*[@id=\"__xmlview1--newRequestPage-anchBar-__xmlview1--requestItemsSection-anchor\"]"}
COMMAND: POST /session/29c94e7c3de8c8de4e6aab3f7ecf7110/element/f.A8B909B395C19A77638691ECE2720CC3.d.920D13E235655F63A3516E8EA58A4222.e.4833/click - {}
RESULT: {}
COMMAND: GET /session/29c94e7c3de8c8de4e6aab3f7ecf7110/screenshot - {}
RESULT: {}
COMMAND: POST /session/29c94e7c3de8c8de4e6aab3f7ecf7110/execute/async - {"script":"<script> [1562 bytes]","args":[{"selector":{"controlType":"sap.ui.core.Icon","viewName":"etm.portal.ui.managerequests.view.NewRequest","properties":{"src":{"regex":{"source":"inspect"}}}},"wdio_ui5_key":"etmportal.ui.managerequests.view.NewRequestsap.ui.core.Icon{\"src\":{\"regex\":{\"source\":\"inspect\"}}}"}]}
RESULT: {"script":"<script> [1562 bytes]","args":[{"selector":{"controlType":"sap.ui.core.Icon","viewName":"etm.portal.ui.managerequests.view.NewRequest","properties":{"src":{"regex":{"source":"inspect"}}}},"wdio_ui5_key":"etmportal.ui.managerequests.view.NewRequestsap.ui.core.Icon{\"src\":{\"regex\":{\"source\":\"inspect\"}}}"}]}
RESULT: undefined
COMMAND: POST /session/29c94e7c3de8c8de4e6aab3f7ecf7110/element - {"using":"xpath","value":"//*[@id=\"__button8-img\"]"}
RESULT: {"using":"xpath","value":"//*[@id=\"__button8-img\"]"}
COMMAND: POST /session/29c94e7c3de8c8de4e6aab3f7ecf7110/element/f.A8B909B395C19A77638691ECE2720CC3.d.920D13E235655F63A3516E8EA58A4222.e.4839/click - {}
RESULT: {}
COMMAND: GET /session/29c94e7c3de8c8de4e6aab3f7ecf7110/screenshot - {}
RESULT: {}
COMMAND: POST /session/29c94e7c3de8c8de4e6aab3f7ecf7110/execute/async - {"script":"<script> [1562 bytes]","args":[{"selector":{"controlType":"sap.ui.core.Icon","viewName":"etm.portal.ui.managerequests.view.NewRequest","properties":{"src":{"regex":{"source":"add"}}}},"wdio_ui5_key":"etmportal.ui.managerequests.view.NewRequestsap.ui.core.Icon{\"src\":{\"regex\":{\"source\":\"add\"}}}"}]}
RESULT: {"script":"<script> [1562 bytes]","args":[{"selector":{"controlType":"sap.ui.core.Icon","viewName":"etm.portal.ui.managerequests.view.NewRequest","properties":{"src":{"regex":{"source":"add"}}}},"wdio_ui5_key":"etmportal.ui.managerequests.view.NewRequestsap.ui.core.Icon{\"src\":{\"regex\":{\"source\":\"add\"}}}"}]}
RESULT: undefined
COMMAND: POST /session/29c94e7c3de8c8de4e6aab3f7ecf7110/element - {"using":"xpath","value":"//*[@id=\"__xmlview1--btnAddTableRow-img\"]"}
RESULT: {"using":"xpath","value":"//*[@id=\"__xmlview1--btnAddTableRow-img\"]"}
COMMAND: POST /session/29c94e7c3de8c8de4e6aab3f7ecf7110/element/f.A8B909B395C19A77638691ECE2720CC3.d.920D13E235655F63A3516E8EA58A4222.e.4847/click - {}
RESULT: {}
COMMAND: GET /session/29c94e7c3de8c8de4e6aab3f7ecf7110/screenshot - {}
RESULT: {}
COMMAND: POST /session/29c94e7c3de8c8de4e6aab3f7ecf7110/execute/async - {"script":"<script> [1562 bytes]","args":[{"selector":{"controlType":"sap.ui.unified.MenuItem","viewName":"etm.portal.ui.managerequests.view.NewRequest","i18NText":{"propertyName":"text","key":"standardEntry"},"searchOpenDialogs":true,"interaction":{"idSuffix":"txt"}},"wdio_ui5_key":"etmportal.ui.managerequests.view.NewRequestsap.ui.unified.MenuItem{\"propertyName\":\"text\",\"key\":\"standardEntry\"}"}]}
RESULT: {"script":"<script> [1562 bytes]","args":[{"selector":{"controlType":"sap.ui.unified.MenuItem","viewName":"etm.portal.ui.managerequests.view.NewRequest","i18NText":{"propertyName":"text","key":"standardEntry"},"searchOpenDialogs":true,"interaction":{"idSuffix":"txt"}},"wdio_ui5_key":"etmportal.ui.managerequests.view.NewRequestsap.ui.unified.MenuItem{\"propertyName\":\"text\",\"key\":\"standardEntry\"}"}]}
RESULT: undefined
COMMAND: POST /session/29c94e7c3de8c8de4e6aab3f7ecf7110/element - {"using":"xpath","value":"//*[@id=\"__item177\"]"}
RESULT: {"using":"xpath","value":"//*[@id=\"__item177\"]"}
COMMAND: POST /session/29c94e7c3de8c8de4e6aab3f7ecf7110/element/f.A8B909B395C19A77638691ECE2720CC3.d.920D13E235655F63A3516E8EA58A4222.e.4851/click - {}
RESULT: {}
COMMAND: GET /session/29c94e7c3de8c8de4e6aab3f7ecf7110/screenshot - {}
RESULT: {}
RESULT: undefined
COMMAND: POST /session/29c94e7c3de8c8de4e6aab3f7ecf7110/element - {"using":"xpath","value":"//*[@id=\"__xmlview1--btnAddTableRow-img\"]"}
RESULT: {"using":"xpath","value":"//*[@id=\"__xmlview1--btnAddTableRow-img\"]"}
COMMAND: POST /session/29c94e7c3de8c8de4e6aab3f7ecf7110/element/f.A8B909B395C19A77638691ECE2720CC3.d.920D13E235655F63A3516E8EA58A4222.e.4847/click - {}
RESULT: {}
COMMAND: GET /session/29c94e7c3de8c8de4e6aab3f7ecf7110/screenshot - {}
RESULT: {}
RESULT: undefined
COMMAND: POST /session/29c94e7c3de8c8de4e6aab3f7ecf7110/element - {"using":"xpath","value":"//*[@id=\"__item177\"]"}
RESULT: {"using":"xpath","value":"//*[@id=\"__item177\"]"}
COMMAND: POST /session/29c94e7c3de8c8de4e6aab3f7ecf7110/element/f.A8B909B395C19A77638691ECE2720CC3.d.920D13E235655F63A3516E8EA58A4222.e.4872/click - {}
RESULT: {}
COMMAND: GET /session/29c94e7c3de8c8de4e6aab3f7ecf7110/screenshot - {}
RESULT: {}
COMMAND: POST /session/29c94e7c3de8c8de4e6aab3f7ecf7110/element - {"using":"xpath","value":"(//input[contains(@id ,\"requestItemsTable-0-inner\")])[5]"}
RESULT: {"using":"xpath","value":"(//input[contains(@id ,\"requestItemsTable-0-inner\")])[5]"}
COMMAND: POST /session/29c94e7c3de8c8de4e6aab3f7ecf7110/element/f.A8B909B395C19A77638691ECE2720CC3.d.920D13E235655F63A3516E8EA58A4222.e.4863/clear - {}
RESULT: {}
COMMAND: POST /session/29c94e7c3de8c8de4e6aab3f7ecf7110/element/f.A8B909B395C19A77638691ECE2720CC3.d.920D13E235655F63A3516E8EA58A4222.e.4863/value - {"text":"1000001"}
COMMAND: GET /session/29c94e7c3de8c8de4e6aab3f7ecf7110/screenshot - {}
RESULT: {"text":"1000001"}
COMMAND: GET /session/29c94e7c3de8c8de4e6aab3f7ecf7110/screenshot - {}
RESULT: {}
RESULT: {}
COMMAND: POST /session/29c94e7c3de8c8de4e6aab3f7ecf7110/actions - {"actions":[{"id":"action38","type":"key","parameters":{},"actions":[{"type":"keyDown","value":"î€‡"},{"type":"pause","duration":10},{"type":"keyUp","value":"î€‡"}]}]}
RESULT: {"actions":[{"id":"action38","type":"key","parameters":{},"actions":[{"type":"keyDown","value":"î€‡"},{"type":"pause","duration":10},{"type":"keyUp","value":"î€‡"}]}]}
COMMAND: POST /session/29c94e7c3de8c8de4e6aab3f7ecf7110/element - {"using":"xpath","value":"(//input[contains(@id ,\"requestItemsTable-1-inner\")])[5]"}
COMMAND: GET /session/29c94e7c3de8c8de4e6aab3f7ecf7110/screenshot - {}
RESULT: {"using":"xpath","value":"(//input[contains(@id ,\"requestItemsTable-1-inner\")])[5]"}
COMMAND: POST /session/29c94e7c3de8c8de4e6aab3f7ecf7110/element/f.A8B909B395C19A77638691ECE2720CC3.d.920D13E235655F63A3516E8EA58A4222.e.4878/clear - {}
RESULT: {}
RESULT: {}
COMMAND: POST /session/29c94e7c3de8c8de4e6aab3f7ecf7110/element/f.A8B909B395C19A77638691ECE2720CC3.d.920D13E235655F63A3516E8EA58A4222.e.4878/value - {"text":"200065"}
COMMAND: GET /session/29c94e7c3de8c8de4e6aab3f7ecf7110/screenshot - {}
RESULT: {"text":"200065"}
COMMAND: GET /session/29c94e7c3de8c8de4e6aab3f7ecf7110/screenshot - {}
RESULT: {}
RESULT: {}
COMMAND: POST /session/29c94e7c3de8c8de4e6aab3f7ecf7110/actions - {"actions":[{"id":"action39","type":"key","parameters":{},"actions":[{"type":"keyDown","value":"î€‡"},{"type":"pause","duration":10},{"type":"keyUp","value":"î€‡"}]}]}
RESULT: {"actions":[{"id":"action39","type":"key","parameters":{},"actions":[{"type":"keyDown","value":"î€‡"},{"type":"pause","duration":10},{"type":"keyUp","value":"î€‡"}]}]}
COMMAND: POST /session/29c94e7c3de8c8de4e6aab3f7ecf7110/element - {"using":"xpath","value":"//div[contains(@data-kt ,\"splitAllocationObjectStatus\")]"}
COMMAND: GET /session/29c94e7c3de8c8de4e6aab3f7ecf7110/screenshot - {}
RESULT: {"using":"xpath","value":"//div[contains(@data-kt ,\"splitAllocationObjectStatus\")]"}
COMMAND: POST /session/29c94e7c3de8c8de4e6aab3f7ecf7110/elements - {"using":"xpath","value":"//div[contains(@data-kt ,\"splitAllocationObjectStatus\")]"}
RESULT: {}
RESULT: {"using":"xpath","value":"//div[contains(@data-kt ,\"splitAllocationObjectStatus\")]"}
COMMAND: POST /session/29c94e7c3de8c8de4e6aab3f7ecf7110/execute/async - {"script":"<script> [1562 bytes]","args":[{"selector":{"controlType":"sap.ui.core.Icon","viewName":"etm.portal.ui.managerequests.view.NewRequest","properties":{"src":{"regex":{"source":"message\\-error"}}},"ancestor":{"controlType":"sap.m.ColumnListItem","viewName":"etm.portal.ui.managerequests.view.NewRequest","bindingPath":{"modelName":"newRequestItems","path":"/RequestItems/0"},"ancestor":{"id":"requestItemsTable","viewName":"etm.portal.ui.managerequests.view.NewRequest"}}},"wdio_ui5_key":"etmportal.ui.managerequests.view.NewRequestsap.ui.core.Icon{\"src\":{\"regex\":{\"source\":\"message\\\\-error\"}}}{\"controlType\":\"sap.m.ColumnListItem\",\"viewName\":\"etm.portal.ui.managerequests.view.NewRequest\",\"bindingPath\":{\"modelName\":\"newRequestItems\",\"path\":\"/RequestItems/0\"},\"ancestor\":{\"id\":\"requestItemsTable\",\"viewName\":\"etm.portal.ui.managerequests.view.NewRequest\"}}"}]}
RESULT: {"script":"<script> [1562 bytes]","args":[{"selector":{"controlType":"sap.ui.core.Icon","viewName":"etm.portal.ui.managerequests.view.NewRequest","properties":{"src":{"regex":{"source":"message\\-error"}}},"ancestor":{"controlType":"sap.m.ColumnListItem","viewName":"etm.portal.ui.managerequests.view.NewRequest","bindingPath":{"modelName":"newRequestItems","path":"/RequestItems/0"},"ancestor":{"id":"requestItemsTable","viewName":"etm.portal.ui.managerequests.view.NewRequest"}}},"wdio_ui5_key":"etmportal.ui.managerequests.view.NewRequestsap.ui.core.Icon{\"src\":{\"regex\":{\"source\":\"message\\\\-error\"}}}{\"controlType\":\"sap.m.ColumnListItem\",\"viewName\":\"etm.portal.ui.managerequests.view.NewRequest\",\"bindingPath\":{\"modelName\":\"newRequestItems\",\"path\":\"/RequestItems/0\"},\"ancestor\":{\"id\":\"requestItemsTable\",\"viewName\":\"etm.portal.ui.managerequests.view.NewRequest\"}}"}]}
RESULT: undefined
COMMAND: POST /session/29c94e7c3de8c8de4e6aab3f7ecf7110/element - {"using":"xpath","value":"//*[@id=\"__status4-__xmlview1--requestItemsTable-0-icon\"]"}
RESULT: {"using":"xpath","value":"//*[@id=\"__status4-__xmlview1--requestItemsTable-0-icon\"]"}
COMMAND: POST /session/29c94e7c3de8c8de4e6aab3f7ecf7110/element/f.A8B909B395C19A77638691ECE2720CC3.d.920D13E235655F63A3516E8EA58A4222.e.4890/click - {}
RESULT: {}
COMMAND: GET /session/29c94e7c3de8c8de4e6aab3f7ecf7110/screenshot - {}
RESULT: {}
COMMAND: POST /session/29c94e7c3de8c8de4e6aab3f7ecf7110/execute/async - {"script":"<script> [1562 bytes]","args":[{"selector":{"id":"costObjectAdminTypeComboBox","viewName":"etm.portal.ui.managerequests.view.NewRequest","searchOpenDialogs":true,"interaction":{"idSuffix":"inner"}},"wdio_ui5_key":"costObjectAdminTypeComboBoxetmportal.ui.managerequests.view.NewRequest"}]}
RESULT: {"script":"<script> [1562 bytes]","args":[{"selector":{"id":"costObjectAdminTypeComboBox","viewName":"etm.portal.ui.managerequests.view.NewRequest","searchOpenDialogs":true,"interaction":{"idSuffix":"inner"}},"wdio_ui5_key":"costObjectAdminTypeComboBoxetmportal.ui.managerequests.view.NewRequest"}]}
RESULT: undefined
COMMAND: POST /session/29c94e7c3de8c8de4e6aab3f7ecf7110/execute/async - {"script":"<script> [776 bytes]","args":[{"enterText":"Cost Center","selector":{"id":"costObjectAdminTypeComboBox","viewName":"etm.portal.ui.managerequests.view.NewRequest","searchOpenDialogs":true,"interaction":{"idSuffix":"inner"}},"clearTextFirst":true,"interactionType":"ENTER_TEXT"}]}
RESULT: {"script":"<script> [776 bytes]","args":[{"enterText":"Cost Center","selector":{"id":"costObjectAdminTypeComboBox","viewName":"etm.portal.ui.managerequests.view.NewRequest","searchOpenDialogs":true,"interaction":{"idSuffix":"inner"}},"clearTextFirst":true,"interactionType":"ENTER_TEXT"}]}
COMMAND: POST /session/29c94e7c3de8c8de4e6aab3f7ecf7110/actions - {"actions":[{"id":"action40","type":"key","parameters":{},"actions":[{"type":"keyDown","value":"î€‡"},{"type":"pause","duration":10},{"type":"keyUp","value":"î€‡"}]}]}
RESULT: {"actions":[{"id":"action40","type":"key","parameters":{},"actions":[{"type":"keyDown","value":"î€‡"},{"type":"pause","duration":10},{"type":"keyUp","value":"î€‡"}]}]}
COMMAND: GET /session/29c94e7c3de8c8de4e6aab3f7ecf7110/screenshot - {}
RESULT: {}
COMMAND: POST /session/29c94e7c3de8c8de4e6aab3f7ecf7110/execute/async - {"script":"<script> [1562 bytes]","args":[{"selector":{"id":"costObjectIdComboBox","viewName":"etm.portal.ui.managerequests.view.NewRequest","searchOpenDialogs":true,"interaction":{"idSuffix":"inner"}},"wdio_ui5_key":"costObjectIdComboBoxetmportal.ui.managerequests.view.NewRequest"}]}
RESULT: {"script":"<script> [1562 bytes]","args":[{"selector":{"id":"costObjectIdComboBox","viewName":"etm.portal.ui.managerequests.view.NewRequest","searchOpenDialogs":true,"interaction":{"idSuffix":"inner"}},"wdio_ui5_key":"costObjectIdComboBoxetmportal.ui.managerequests.view.NewRequest"}]}
RESULT: undefined
COMMAND: POST /session/29c94e7c3de8c8de4e6aab3f7ecf7110/execute/async - {"script":"<script> [776 bytes]","args":[{"enterText":"1001 - 1001","selector":{"id":"costObjectIdComboBox","viewName":"etm.portal.ui.managerequests.view.NewRequest","searchOpenDialogs":true,"interaction":{"idSuffix":"inner"}},"clearTextFirst":true,"interactionType":"ENTER_TEXT"}]}
RESULT: {"script":"<script> [776 bytes]","args":[{"enterText":"1001 - 1001","selector":{"id":"costObjectIdComboBox","viewName":"etm.portal.ui.managerequests.view.NewRequest","searchOpenDialogs":true,"interaction":{"idSuffix":"inner"}},"clearTextFirst":true,"interactionType":"ENTER_TEXT"}]}
COMMAND: POST /session/29c94e7c3de8c8de4e6aab3f7ecf7110/actions - {"actions":[{"id":"action41","type":"key","parameters":{},"actions":[{"type":"keyDown","value":"î€‡"},{"type":"pause","duration":10},{"type":"keyUp","value":"î€‡"}]}]}
RESULT: {"actions":[{"id":"action41","type":"key","parameters":{},"actions":[{"type":"keyDown","value":"î€‡"},{"type":"pause","duration":10},{"type":"keyUp","value":"î€‡"}]}]}
COMMAND: GET /session/29c94e7c3de8c8de4e6aab3f7ecf7110/screenshot - {}
RESULT: {}
COMMAND: POST /session/29c94e7c3de8c8de4e6aab3f7ecf7110/element - {"using":"xpath","value":"(//bdi[(text() = 'Save' or . = 'Save')])[1]"}
RESULT: {"using":"xpath","value":"(//bdi[(text() = 'Save' or . = 'Save')])[1]"}
COMMAND: POST /session/29c94e7c3de8c8de4e6aab3f7ecf7110/element/f.A8B909B395C19A77638691ECE2720CC3.d.920D13E235655F63A3516E8EA58A4222.e.4905/click - {}
RESULT: {}
COMMAND: POST /session/29c94e7c3de8c8de4e6aab3f7ecf7110/execute/async - {"script":"<script> [1562 bytes]","args":[{"selector":{"controlType":"sap.ui.core.Icon","viewName":"etm.portal.ui.managerequests.view.NewRequest","properties":{"src":{"regex":{"source":"message\\-error"}}},"ancestor":{"controlType":"sap.m.ColumnListItem","viewName":"etm.portal.ui.managerequests.view.NewRequest","bindingPath":{"modelName":"newRequestItems","path":"/RequestItems/1"},"ancestor":{"id":"requestItemsTable","viewName":"etm.portal.ui.managerequests.view.NewRequest"}}},"wdio_ui5_key":"etmportal.ui.managerequests.view.NewRequestsap.ui.core.Icon{\"src\":{\"regex\":{\"source\":\"message\\\\-error\"}}}{\"controlType\":\"sap.m.ColumnListItem\",\"viewName\":\"etm.portal.ui.managerequests.view.NewRequest\",\"bindingPath\":{\"modelName\":\"newRequestItems\",\"path\":\"/RequestItems/1\"},\"ancestor\":{\"id\":\"requestItemsTable\",\"viewName\":\"etm.portal.ui.managerequests.view.NewRequest\"}}"}]}
COMMAND: GET /session/29c94e7c3de8c8de4e6aab3f7ecf7110/screenshot - {}
RESULT: {"script":"<script> [1562 bytes]","args":[{"selector":{"controlType":"sap.ui.core.Icon","viewName":"etm.portal.ui.managerequests.view.NewRequest","properties":{"src":{"regex":{"source":"message\\-error"}}},"ancestor":{"controlType":"sap.m.ColumnListItem","viewName":"etm.portal.ui.managerequests.view.NewRequest","bindingPath":{"modelName":"newRequestItems","path":"/RequestItems/1"},"ancestor":{"id":"requestItemsTable","viewName":"etm.portal.ui.managerequests.view.NewRequest"}}},"wdio_ui5_key":"etmportal.ui.managerequests.view.NewRequestsap.ui.core.Icon{\"src\":{\"regex\":{\"source\":\"message\\\\-error\"}}}{\"controlType\":\"sap.m.ColumnListItem\",\"viewName\":\"etm.portal.ui.managerequests.view.NewRequest\",\"bindingPath\":{\"modelName\":\"newRequestItems\",\"path\":\"/RequestItems/1\"},\"ancestor\":{\"id\":\"requestItemsTable\",\"viewName\":\"etm.portal.ui.managerequests.view.NewRequest\"}}"}]}
RESULT: undefined
COMMAND: POST /session/29c94e7c3de8c8de4e6aab3f7ecf7110/element - {"using":"xpath","value":"//*[@id=\"__status4-__xmlview1--requestItemsTable-1-icon\"]"}
RESULT: {}
RESULT: {"using":"xpath","value":"//*[@id=\"__status4-__xmlview1--requestItemsTable-1-icon\"]"}
COMMAND: POST /session/29c94e7c3de8c8de4e6aab3f7ecf7110/element/f.A8B909B395C19A77638691ECE2720CC3.d.920D13E235655F63A3516E8EA58A4222.e.4908/click - {}
RESULT: {}
COMMAND: GET /session/29c94e7c3de8c8de4e6aab3f7ecf7110/screenshot - {}
RESULT: {}
RESULT: undefined
COMMAND: POST /session/29c94e7c3de8c8de4e6aab3f7ecf7110/execute/async - {"script":"<script> [776 bytes]","args":[{"enterText":"Cost Center","selector":{"id":"costObjectAdminTypeComboBox","viewName":"etm.portal.ui.managerequests.view.NewRequest","searchOpenDialogs":true,"interaction":{"idSuffix":"inner"}},"clearTextFirst":true,"interactionType":"ENTER_TEXT"}]}
RESULT: {"script":"<script> [776 bytes]","args":[{"enterText":"Cost Center","selector":{"id":"costObjectAdminTypeComboBox","viewName":"etm.portal.ui.managerequests.view.NewRequest","searchOpenDialogs":true,"interaction":{"idSuffix":"inner"}},"clearTextFirst":true,"interactionType":"ENTER_TEXT"}]}
COMMAND: POST /session/29c94e7c3de8c8de4e6aab3f7ecf7110/actions - {"actions":[{"id":"action42","type":"key","parameters":{},"actions":[{"type":"keyDown","value":"î€‡"},{"type":"pause","duration":10},{"type":"keyUp","value":"î€‡"}]}]}
RESULT: {"actions":[{"id":"action42","type":"key","parameters":{},"actions":[{"type":"keyDown","value":"î€‡"},{"type":"pause","duration":10},{"type":"keyUp","value":"î€‡"}]}]}
COMMAND: GET /session/29c94e7c3de8c8de4e6aab3f7ecf7110/screenshot - {}
RESULT: {}
RESULT: undefined
COMMAND: POST /session/29c94e7c3de8c8de4e6aab3f7ecf7110/execute/async - {"script":"<script> [776 bytes]","args":[{"enterText":"1001 - 1001","selector":{"id":"costObjectIdComboBox","viewName":"etm.portal.ui.managerequests.view.NewRequest","searchOpenDialogs":true,"interaction":{"idSuffix":"inner"}},"clearTextFirst":true,"interactionType":"ENTER_TEXT"}]}
RESULT: {"script":"<script> [776 bytes]","args":[{"enterText":"1001 - 1001","selector":{"id":"costObjectIdComboBox","viewName":"etm.portal.ui.managerequests.view.NewRequest","searchOpenDialogs":true,"interaction":{"idSuffix":"inner"}},"clearTextFirst":true,"interactionType":"ENTER_TEXT"}]}
COMMAND: POST /session/29c94e7c3de8c8de4e6aab3f7ecf7110/actions - {"actions":[{"id":"action43","type":"key","parameters":{},"actions":[{"type":"keyDown","value":"î€‡"},{"type":"pause","duration":10},{"type":"keyUp","value":"î€‡"}]}]}
RESULT: {"actions":[{"id":"action43","type":"key","parameters":{},"actions":[{"type":"keyDown","value":"î€‡"},{"type":"pause","duration":10},{"type":"keyUp","value":"î€‡"}]}]}
COMMAND: GET /session/29c94e7c3de8c8de4e6aab3f7ecf7110/screenshot - {}
RESULT: {}
COMMAND: POST /session/29c94e7c3de8c8de4e6aab3f7ecf7110/element - {"using":"xpath","value":"(//bdi[(text() = 'Save' or . = 'Save')])[1]"}
RESULT: {"using":"xpath","value":"(//bdi[(text() = 'Save' or . = 'Save')])[1]"}
COMMAND: POST /session/29c94e7c3de8c8de4e6aab3f7ecf7110/element/f.A8B909B395C19A77638691ECE2720CC3.d.920D13E235655F63A3516E8EA58A4222.e.4920/click - {}
RESULT: {}
COMMAND: GET /session/29c94e7c3de8c8de4e6aab3f7ecf7110/screenshot - {}
RESULT: {}
COMMAND: POST /session/29c94e7c3de8c8de4e6aab3f7ecf7110/execute/async - {"script":"<script> [1562 bytes]","args":[{"selector":{"controlType":"sap.m.Button","viewName":"etm.portal.ui.managerequests.view.NewRequest","bindingPath":{"path":"/RequestItems/0","propertyPath":"PICK_UP","modelName":"newRequestItems"},"interaction":{"idSuffix":"BDI-content"}},"wdio_ui5_key":"etmportal.ui.managerequests.view.NewRequestsap.m.Button{\"path\":\"/RequestItems/0\",\"propertyPath\":\"PICK_UP\",\"modelName\":\"newRequestItems\"}"}]}
RESULT: {"script":"<script> [1562 bytes]","args":[{"selector":{"controlType":"sap.m.Button","viewName":"etm.portal.ui.managerequests.view.NewRequest","bindingPath":{"path":"/RequestItems/0","propertyPath":"PICK_UP","modelName":"newRequestItems"},"interaction":{"idSuffix":"BDI-content"}},"wdio_ui5_key":"etmportal.ui.managerequests.view.NewRequestsap.m.Button{\"path\":\"/RequestItems/0\",\"propertyPath\":\"PICK_UP\",\"modelName\":\"newRequestItems\"}"}]}
RESULT: undefined
COMMAND: POST /session/29c94e7c3de8c8de4e6aab3f7ecf7110/element - {"using":"xpath","value":"//*[@id=\"__xmlview1--pickUpItemButton-__xmlview1--requestItemsTable-0\"]"}
RESULT: {"using":"xpath","value":"//*[@id=\"__xmlview1--pickUpItemButton-__xmlview1--requestItemsTable-0\"]"}
COMMAND: POST /session/29c94e7c3de8c8de4e6aab3f7ecf7110/element/f.A8B909B395C19A77638691ECE2720CC3.d.920D13E235655F63A3516E8EA58A4222.e.4924/click - {}
RESULT: {}
COMMAND: GET /session/29c94e7c3de8c8de4e6aab3f7ecf7110/screenshot - {}
RESULT: {}
COMMAND: POST /session/29c94e7c3de8c8de4e6aab3f7ecf7110/execute/async - {"script":"<script> [1562 bytes]","args":[{"selector":{"controlType":"sap.m.Button","viewName":"etm.portal.ui.managerequests.view.NewRequest","properties":{"text":"Save"},"i18NText":{"propertyName":"tooltip","key":"save"},"interaction":{"idSuffix":"BDI-content"}},"wdio_ui5_key":"etmportal.ui.managerequests.view.NewRequestsap.m.Button{\"propertyName\":\"tooltip\",\"key\":\"save\"}{\"text\":\"Save\"}"}]}
RESULT: {"script":"<script> [1562 bytes]","args":[{"selector":{"controlType":"sap.m.Button","viewName":"etm.portal.ui.managerequests.view.NewRequest","properties":{"text":"Save"},"i18NText":{"propertyName":"tooltip","key":"save"},"interaction":{"idSuffix":"BDI-content"}},"wdio_ui5_key":"etmportal.ui.managerequests.view.NewRequestsap.m.Button{\"propertyName\":\"tooltip\",\"key\":\"save\"}{\"text\":\"Save\"}"}]}
RESULT: undefined
COMMAND: POST /session/29c94e7c3de8c8de4e6aab3f7ecf7110/element - {"using":"xpath","value":"//*[@id=\"__button11\"]"}
RESULT: {"using":"xpath","value":"//*[@id=\"__button11\"]"}
COMMAND: POST /session/29c94e7c3de8c8de4e6aab3f7ecf7110/element/f.A8B909B395C19A77638691ECE2720CC3.d.920D13E235655F63A3516E8EA58A4222.e.4759/click - {}
RESULT: {}
COMMAND: GET /session/29c94e7c3de8c8de4e6aab3f7ecf7110/screenshot - {}
RESULT: {}
COMMAND: POST /session/29c94e7c3de8c8de4e6aab3f7ecf7110/execute/async - {"script":"<script> [1562 bytes]","args":[{"selector":{"controlType":"sap.m.Text","searchOpenDialogs":true},"wdio_ui5_key":"sapm.Text"}]}
RESULT: {"script":"<script> [1562 bytes]","args":[{"selector":{"controlType":"sap.m.Text","searchOpenDialogs":true},"wdio_ui5_key":"sapm.Text"}]}
RESULT: undefined
COMMAND: POST /session/29c94e7c3de8c8de4e6aab3f7ecf7110/execute/async - {"script":"<script> [6424 bytes]","args":[{"element-6066-11e4-a52e-4f735466cecf":"f.A8B909B395C19A77638691ECE2720CC3.d.920D13E235655F63A3516E8EA58A4222.e.4928"},"getText",[]]}
RESULT: {"script":"<script> [6424 bytes]","args":[{"element-6066-11e4-a52e-4f735466cecf":"f.A8B909B395C19A77638691ECE2720CC3.d.920D13E235655F63A3516E8EA58A4222.e.4928"},"getText",[]]}
COMMAND: POST /session/29c94e7c3de8c8de4e6aab3f7ecf7110/execute/async - {"script":"<script> [1562 bytes]","args":[{"selector":{"controlType":"sap.m.Button","properties":{"text":"Close"},"searchOpenDialogs":true,"interaction":{"idSuffix":"BDI-content"}},"wdio_ui5_key":"sapm.Button{\"text\":\"Close\"}"}]}
RESULT: {"script":"<script> [1562 bytes]","args":[{"selector":{"controlType":"sap.m.Button","properties":{"text":"Close"},"searchOpenDialogs":true,"interaction":{"idSuffix":"BDI-content"}},"wdio_ui5_key":"sapm.Button{\"text\":\"Close\"}"}]}
RESULT: undefined
COMMAND: POST /session/29c94e7c3de8c8de4e6aab3f7ecf7110/element - {"using":"xpath","value":"//*[@id=\"__mbox-btn-0\"]"}
RESULT: {"using":"xpath","value":"//*[@id=\"__mbox-btn-0\"]"}
COMMAND: POST /session/29c94e7c3de8c8de4e6aab3f7ecf7110/element/f.A8B909B395C19A77638691ECE2720CC3.d.920D13E235655F63A3516E8EA58A4222.e.4927/click - {}
RESULT: {}
COMMAND: GET /session/29c94e7c3de8c8de4e6aab3f7ecf7110/screenshot - {}
RESULT: {}
COMMAND: POST /session/29c94e7c3de8c8de4e6aab3f7ecf7110/execute/async - {"script":"<script> [1562 bytes]","args":[{"selector":{"controlType":"sap.m.Button","viewName":"etm.portal.ui.managerequests.view.Detail","bindingPath":{"path":"/SmartRequestItemsPlanningBoard(ITEM=10m,REQUEST='20061')","propertyPath":"PICK_UP"}},"wdio_ui5_key":"etmportal.ui.managerequests.view.Detailsap.m.Button{\"path\":\"/SmartRequestItemsPlanningBoard(ITEM=10m,REQUEST='20061')\",\"propertyPath\":\"PICK_UP\"}"}]}
RESULT: {"script":"<script> [1562 bytes]","args":[{"selector":{"controlType":"sap.m.Button","viewName":"etm.portal.ui.managerequests.view.Detail","bindingPath":{"path":"/SmartRequestItemsPlanningBoard(ITEM=10m,REQUEST='20061')","propertyPath":"PICK_UP"}},"wdio_ui5_key":"etmportal.ui.managerequests.view.Detailsap.m.Button{\"path\":\"/SmartRequestItemsPlanningBoard(ITEM=10m,REQUEST='20061')\",\"propertyPath\":\"PICK_UP\"}"}]}
RESULT: undefined
COMMAND: POST /session/29c94e7c3de8c8de4e6aab3f7ecf7110/execute/async - {"script":"<script> [6424 bytes]","args":[{"element-6066-11e4-a52e-4f735466cecf":"f.A8B909B395C19A77638691ECE2720CC3.d.920D13E235655F63A3516E8EA58A4222.e.5034"},"getType",[]]}
RESULT: {"script":"<script> [6424 bytes]","args":[{"element-6066-11e4-a52e-4f735466cecf":"f.A8B909B395C19A77638691ECE2720CC3.d.920D13E235655F63A3516E8EA58A4222.e.5034"},"getType",[]]}
COMMAND: POST /session/29c94e7c3de8c8de4e6aab3f7ecf7110/execute/async - {"script":"<script> [1562 bytes]","args":[{"selector":{"controlType":"sap.m.Button","viewName":"etm.portal.ui.managerequests.view.Detail","bindingPath":{"path":"/SmartRequestItemsPlanningBoard(ITEM=20m,REQUEST='20061')","propertyPath":"PICK_UP"}},"wdio_ui5_key":"etmportal.ui.managerequests.view.Detailsap.m.Button{\"path\":\"/SmartRequestItemsPlanningBoard(ITEM=20m,REQUEST='20061')\",\"propertyPath\":\"PICK_UP\"}"}]}
RESULT: {"script":"<script> [1562 bytes]","args":[{"selector":{"controlType":"sap.m.Button","viewName":"etm.portal.ui.managerequests.view.Detail","bindingPath":{"path":"/SmartRequestItemsPlanningBoard(ITEM=20m,REQUEST='20061')","propertyPath":"PICK_UP"}},"wdio_ui5_key":"etmportal.ui.managerequests.view.Detailsap.m.Button{\"path\":\"/SmartRequestItemsPlanningBoard(ITEM=20m,REQUEST='20061')\",\"propertyPath\":\"PICK_UP\"}"}]}
RESULT: undefined
COMMAND: POST /session/29c94e7c3de8c8de4e6aab3f7ecf7110/execute/async - {"script":"<script> [6424 bytes]","args":[{"element-6066-11e4-a52e-4f735466cecf":"f.A8B909B395C19A77638691ECE2720CC3.d.920D13E235655F63A3516E8EA58A4222.e.5052"},"getType",[]]}
RESULT: {"script":"<script> [6424 bytes]","args":[{"element-6066-11e4-a52e-4f735466cecf":"f.A8B909B395C19A77638691ECE2720CC3.d.920D13E235655F63A3516E8EA58A4222.e.5052"},"getType",[]]}
COMMAND: POST /session/29c94e7c3de8c8de4e6aab3f7ecf7110/execute/async - {"script":"<script> [1562 bytes]","args":[{"selector":{"id":"pickUpSwitchHeader","viewName":"etm.portal.ui.managerequests.view.Detail","interaction":{"idSuffix":"handle"}},"wdio_ui5_key":"pickUpSwitchHeaderetmportal.ui.managerequests.view.Detail"}]}
RESULT: {"script":"<script> [1562 bytes]","args":[{"selector":{"id":"pickUpSwitchHeader","viewName":"etm.portal.ui.managerequests.view.Detail","interaction":{"idSuffix":"handle"}},"wdio_ui5_key":"pickUpSwitchHeaderetmportal.ui.managerequests.view.Detail"}]}
RESULT: undefined
COMMAND: POST /session/29c94e7c3de8c8de4e6aab3f7ecf7110/element - {"using":"xpath","value":"//*[@id=\"__xmlview2--pickUpSwitchHeader\"]"}
RESULT: {"using":"xpath","value":"//*[@id=\"__xmlview2--pickUpSwitchHeader\"]"}
COMMAND: POST /session/29c94e7c3de8c8de4e6aab3f7ecf7110/element/f.A8B909B395C19A77638691ECE2720CC3.d.920D13E235655F63A3516E8EA58A4222.e.5006/click - {}
RESULT: {}
COMMAND: POST /session/29c94e7c3de8c8de4e6aab3f7ecf7110/execute/async - {"script":"<script> [1562 bytes]","args":[{"selector":{"controlType":"sap.ui.core.Icon","viewName":"etm.portal.ui.managerequests.view.Detail","properties":{"src":{"regex":{"source":"pushpin\\-off"}}}},"wdio_ui5_key":"etmportal.ui.managerequests.view.Detailsap.ui.core.Icon{\"src\":{\"regex\":{\"source\":\"pushpin\\\\-off\"}}}"}]}
COMMAND: GET /session/29c94e7c3de8c8de4e6aab3f7ecf7110/screenshot - {}
RESULT: {"script":"<script> [1562 bytes]","args":[{"selector":{"controlType":"sap.ui.core.Icon","viewName":"etm.portal.ui.managerequests.view.Detail","properties":{"src":{"regex":{"source":"pushpin\\-off"}}}},"wdio_ui5_key":"etmportal.ui.managerequests.view.Detailsap.ui.core.Icon{\"src\":{\"regex\":{\"source\":\"pushpin\\\\-off\"}}}"}]}
RESULT: undefined
COMMAND: POST /session/29c94e7c3de8c8de4e6aab3f7ecf7110/element - {"using":"xpath","value":"//*[@id=\"__xmlview2--detailRequestPage-OPHeaderContent-pinBtn-img\"]"}
RESULT: {}
RESULT: {"using":"xpath","value":"//*[@id=\"__xmlview2--detailRequestPage-OPHeaderContent-pinBtn-img\"]"}
COMMAND: POST /session/29c94e7c3de8c8de4e6aab3f7ecf7110/element/f.A8B909B395C19A77638691ECE2720CC3.d.920D13E235655F63A3516E8EA58A4222.e.5014/click - {}
RESULT: {}
RESULT: undefined
COMMAND: POST /session/29c94e7c3de8c8de4e6aab3f7ecf7110/execute/async - {"script":"<script> [6424 bytes]","args":[{"element-6066-11e4-a52e-4f735466cecf":"f.A8B909B395C19A77638691ECE2720CC3.d.920D13E235655F63A3516E8EA58A4222.e.5034"},"getType",[]]}
COMMAND: GET /session/29c94e7c3de8c8de4e6aab3f7ecf7110/screenshot - {}
RESULT: {"script":"<script> [6424 bytes]","args":[{"element-6066-11e4-a52e-4f735466cecf":"f.A8B909B395C19A77638691ECE2720CC3.d.920D13E235655F63A3516E8EA58A4222.e.5034"},"getType",[]]}
RESULT: undefined
COMMAND: POST /session/29c94e7c3de8c8de4e6aab3f7ecf7110/execute/async - {"script":"<script> [6424 bytes]","args":[{"element-6066-11e4-a52e-4f735466cecf":"f.A8B909B395C19A77638691ECE2720CC3.d.920D13E235655F63A3516E8EA58A4222.e.5052"},"getType",[]]}
RESULT: {}
RESULT: {"script":"<script> [6424 bytes]","args":[{"element-6066-11e4-a52e-4f735466cecf":"f.A8B909B395C19A77638691ECE2720CC3.d.920D13E235655F63A3516E8EA58A4222.e.5052"},"getType",[]]}
COMMAND: POST /session/29c94e7c3de8c8de4e6aab3f7ecf7110/execute/async - {"script":"<script> [1562 bytes]","args":[{"selector":{"controlType":"sap.ui.core.Icon","viewName":"etm.portal.ui.managerequests.view.Detail","properties":{"src":{"regex":{"source":"date\\-time"}}},"ancestor":{"controlType":"sap.m.ColumnListItem","viewName":"etm.portal.ui.managerequests.view.Detail","bindingPath":{"path":"/SmartRequestItemsPlanningBoard(ITEM=10m,REQUEST='20061')"},"ancestor":{"id":"requestItemsTable","viewName":"etm.portal.ui.managerequests.view.Detail"}}},"wdio_ui5_key":"etmportal.ui.managerequests.view.Detailsap.ui.core.Icon{\"src\":{\"regex\":{\"source\":\"date\\\\-time\"}}}{\"controlType\":\"sap.m.ColumnListItem\",\"viewName\":\"etm.portal.ui.managerequests.view.Detail\",\"bindingPath\":{\"path\":\"/SmartRequestItemsPlanningBoard(ITEM=10m,REQUEST='20061')\"},\"ancestor\":{\"id\":\"requestItemsTable\",\"viewName\":\"etm.portal.ui.managerequests.view.Detail\"}}"}]}
RESULT: {"script":"<script> [1562 bytes]","args":[{"selector":{"controlType":"sap.ui.core.Icon","viewName":"etm.portal.ui.managerequests.view.Detail","properties":{"src":{"regex":{"source":"date\\-time"}}},"ancestor":{"controlType":"sap.m.ColumnListItem","viewName":"etm.portal.ui.managerequests.view.Detail","bindingPath":{"path":"/SmartRequestItemsPlanningBoard(ITEM=10m,REQUEST='20061')"},"ancestor":{"id":"requestItemsTable","viewName":"etm.portal.ui.managerequests.view.Detail"}}},"wdio_ui5_key":"etmportal.ui.managerequests.view.Detailsap.ui.core.Icon{\"src\":{\"regex\":{\"source\":\"date\\\\-time\"}}}{\"controlType\":\"sap.m.ColumnListItem\",\"viewName\":\"etm.portal.ui.managerequests.view.Detail\",\"bindingPath\":{\"path\":\"/SmartRequestItemsPlanningBoard(ITEM=10m,REQUEST='20061')\"},\"ancestor\":{\"id\":\"requestItemsTable\",\"viewName\":\"etm.portal.ui.managerequests.view.Detail\"}}"}]}
RESULT: undefined
COMMAND: POST /session/29c94e7c3de8c8de4e6aab3f7ecf7110/element - {"using":"xpath","value":"//*[@id=\"__button37-__clone1926-img\"]"}
RESULT: {"using":"xpath","value":"//*[@id=\"__button37-__clone1926-img\"]"}
COMMAND: POST /session/29c94e7c3de8c8de4e6aab3f7ecf7110/element/f.A8B909B395C19A77638691ECE2720CC3.d.920D13E235655F63A3516E8EA58A4222.e.5061/click - {}
RESULT: {}
COMMAND: POST /session/29c94e7c3de8c8de4e6aab3f7ecf7110/execute/async - {"script":"<script> [1562 bytes]","args":[{"selector":{"controlType":"sap.m.Button","viewName":"etm.portal.ui.managerequests.view.Detail","properties":{"text":"Close"},"searchOpenDialogs":true,"interaction":{"idSuffix":"inner"}},"wdio_ui5_key":"etmportal.ui.managerequests.view.Detailsap.m.Button{\"text\":\"Close\"}"}]}
COMMAND: GET /session/29c94e7c3de8c8de4e6aab3f7ecf7110/screenshot - {}
RESULT: {"script":"<script> [1562 bytes]","args":[{"selector":{"controlType":"sap.m.Button","viewName":"etm.portal.ui.managerequests.view.Detail","properties":{"text":"Close"},"searchOpenDialogs":true,"interaction":{"idSuffix":"inner"}},"wdio_ui5_key":"etmportal.ui.managerequests.view.Detailsap.m.Button{\"text\":\"Close\"}"}]}
RESULT: undefined
COMMAND: POST /session/29c94e7c3de8c8de4e6aab3f7ecf7110/element - {"using":"xpath","value":"//*[@id=\"__button47\"]"}
RESULT: {}
RESULT: {"using":"xpath","value":"//*[@id=\"__button47\"]"}
COMMAND: POST /session/29c94e7c3de8c8de4e6aab3f7ecf7110/element/f.A8B909B395C19A77638691ECE2720CC3.d.920D13E235655F63A3516E8EA58A4222.e.5063/click - {}
RESULT: {}
COMMAND: POST /session/29c94e7c3de8c8de4e6aab3f7ecf7110/execute/async - {"script":"<script> [1562 bytes]","args":[{"selector":{"controlType":"sap.ui.core.Icon","viewName":"etm.portal.ui.managerequests.view.Detail","properties":{"src":{"regex":{"source":"date\\-time"}}},"ancestor":{"controlType":"sap.m.ColumnListItem","viewName":"etm.portal.ui.managerequests.view.Detail","bindingPath":{"path":"/SmartRequestItemsPlanningBoard(ITEM=20m,REQUEST='20061')"},"ancestor":{"id":"requestItemsTable","viewName":"etm.portal.ui.managerequests.view.Detail"}}},"wdio_ui5_key":"etmportal.ui.managerequests.view.Detailsap.ui.core.Icon{\"src\":{\"regex\":{\"source\":\"date\\\\-time\"}}}{\"controlType\":\"sap.m.ColumnListItem\",\"viewName\":\"etm.portal.ui.managerequests.view.Detail\",\"bindingPath\":{\"path\":\"/SmartRequestItemsPlanningBoard(ITEM=20m,REQUEST='20061')\"},\"ancestor\":{\"id\":\"requestItemsTable\",\"viewName\":\"etm.portal.ui.managerequests.view.Detail\"}}"}]}
COMMAND: GET /session/29c94e7c3de8c8de4e6aab3f7ecf7110/screenshot - {}
RESULT: {"script":"<script> [1562 bytes]","args":[{"selector":{"controlType":"sap.ui.core.Icon","viewName":"etm.portal.ui.managerequests.view.Detail","properties":{"src":{"regex":{"source":"date\\-time"}}},"ancestor":{"controlType":"sap.m.ColumnListItem","viewName":"etm.portal.ui.managerequests.view.Detail","bindingPath":{"path":"/SmartRequestItemsPlanningBoard(ITEM=20m,REQUEST='20061')"},"ancestor":{"id":"requestItemsTable","viewName":"etm.portal.ui.managerequests.view.Detail"}}},"wdio_ui5_key":"etmportal.ui.managerequests.view.Detailsap.ui.core.Icon{\"src\":{\"regex\":{\"source\":\"date\\\\-time\"}}}{\"controlType\":\"sap.m.ColumnListItem\",\"viewName\":\"etm.portal.ui.managerequests.view.Detail\",\"bindingPath\":{\"path\":\"/SmartRequestItemsPlanningBoard(ITEM=20m,REQUEST='20061')\"},\"ancestor\":{\"id\":\"requestItemsTable\",\"viewName\":\"etm.portal.ui.managerequests.view.Detail\"}}"}]}
RESULT: undefined
COMMAND: POST /session/29c94e7c3de8c8de4e6aab3f7ecf7110/element - {"using":"xpath","value":"//*[@id=\"__button37-__clone1927-img\"]"}
RESULT: {}
RESULT: {"using":"xpath","value":"//*[@id=\"__button37-__clone1927-img\"]"}
COMMAND: POST /session/29c94e7c3de8c8de4e6aab3f7ecf7110/element/f.A8B909B395C19A77638691ECE2720CC3.d.920D13E235655F63A3516E8EA58A4222.e.5076/click - {}
RESULT: {}
RESULT: undefined
COMMAND: POST /session/29c94e7c3de8c8de4e6aab3f7ecf7110/element - {"using":"xpath","value":"//*[@id=\"__button47\"]"}
COMMAND: GET /session/29c94e7c3de8c8de4e6aab3f7ecf7110/screenshot - {}
RESULT: {"using":"xpath","value":"//*[@id=\"__button47\"]"}
COMMAND: POST /session/29c94e7c3de8c8de4e6aab3f7ecf7110/elements - {"using":"xpath","value":"//*[@id=\"__button47\"]"}
RESULT: {}
RESULT: {"using":"xpath","value":"//*[@id=\"__button47\"]"}
COMMAND: POST /session/29c94e7c3de8c8de4e6aab3f7ecf7110/element - {"using":"xpath","value":"//*[@id=\"__button47\"]"}
RESULT: {"using":"xpath","value":"//*[@id=\"__button47\"]"}
COMMAND: POST /session/29c94e7c3de8c8de4e6aab3f7ecf7110/element/f.A8B909B395C19A77638691ECE2720CC3.d.920D13E235655F63A3516E8EA58A4222.e.5085/click - {}
RESULT: {}
COMMAND: POST /session/29c94e7c3de8c8de4e6aab3f7ecf7110/execute/async - {"script":"<script> [189 bytes]","args":[]}
COMMAND: GET /session/29c94e7c3de8c8de4e6aab3f7ecf7110/screenshot - {}
RESULT: {"script":"<script> [189 bytes]","args":[]}
COMMAND: POST /session/29c94e7c3de8c8de4e6aab3f7ecf7110/execute/async - {"script":"<script> [123 bytes]","args":[]}
RESULT: {}
RESULT: {"script":"<script> [123 bytes]","args":[]}
COMMAND: POST /session/29c94e7c3de8c8de4e6aab3f7ecf7110/timeouts - {"script":"<number>"}
RESULT: {"script":"<number>"}
COMMAND: GET /session/29c94e7c3de8c8de4e6aab3f7ecf7110/timeouts - {}
RESULT: {}
RESULT: undefined
COMMAND: POST /session/29c94e7c3de8c8de4e6aab3f7ecf7110/execute/async - {"script":"<script> [2676 bytes]","args":[]}
RESULT: {"script":"<script> [2676 bytes]","args":[]}
COMMAND: POST /session/29c94e7c3de8c8de4e6aab3f7ecf7110/execute/async - {"script":"<script> [2342 bytes]","args":[{"protocol":"http","hostname":"0.0.0.0","path":"/","capabilities":{"browserName":"chrome","goog:chromeOptions":{"binary":"C:\\Program Files\\Google\\Chrome\\Application\\chrome.exe","args":["--start-maximized"]}},"logLevel":"warn","connectionRetryTimeout":120000,"connectionRetryCount":3,"logLevels":{},"enableDirectConnect":true,"strictSSL":true,"_":"65 more keys: [\"cacheDir\",\"port\",\"requestedCapabilities\",\"automationProtocol\",\"baseUrl\",\"waitforInterval\",\"waitforTimeout\",\"onReload\",\"beforeCommand\",\"afterCommand\",\"rootDir\",\"specs\",\"suites\",\"exclude\",\"groupLogsByTestSpec\",\"excludeDriverLogs\",\"bail\",\"framework\",\"reporters\",\"services\",\"maxInstances\",\"maxInstancesPerCapability\",\"injectGlobals\",\"filesToWatch\",\"execArgv\",\"runnerEnv\",\"runner\",\"shard\",\"specFileRetries\",\"specFileRetriesDelay\",\"specFileRetriesDeferred\",\"reporterSyncInterval\",\"reporterSyncTimeout\",\"cucumberFeaturesWithLineNumbers\",\"autoCompileOpts\",\"mochaOpts\",\"jasmineOpts\",\"cucumberOpts\",\"onPrepare\",\"onWorkerStart\",\"onWorkerEnd\",\"before\",\"beforeSession\",\"beforeSuite\",\"beforeHook\",\"beforeTest\",\"afterTest\",\"afterHook\",\"afterSuite\",\"afterSession\",\"after\",\"onComplete\",\"beforeAssertion\",\"afterAssertion\",\"beforeFeature\",\"beforeScenario\",\"beforeStep\",\"afterStep\",\"afterScenario\",\"afterFeature\",\"_\",\"suite\",\"$0\",\"ignoredWorkerServices\",\"wdi5\"]"}]}
RESULT: {"script":"<script> [2342 bytes]","args":[{"protocol":"http","hostname":"0.0.0.0","path":"/","capabilities":{"browserName":"chrome","goog:chromeOptions":{"binary":"C:\\Program Files\\Google\\Chrome\\Application\\chrome.exe","args":["--start-maximized"]}},"logLevel":"warn","connectionRetryTimeout":120000,"connectionRetryCount":3,"logLevels":{},"enableDirectConnect":true,"strictSSL":true,"_":"65 more keys: [\"cacheDir\",\"port\",\"requestedCapabilities\",\"automationProtocol\",\"baseUrl\",\"waitforInterval\",\"waitforTimeout\",\"onReload\",\"beforeCommand\",\"afterCommand\",\"rootDir\",\"specs\",\"suites\",\"exclude\",\"groupLogsByTestSpec\",\"excludeDriverLogs\",\"bail\",\"framework\",\"reporters\",\"services\",\"maxInstances\",\"maxInstancesPerCapability\",\"injectGlobals\",\"filesToWatch\",\"execArgv\",\"runnerEnv\",\"runner\",\"shard\",\"specFileRetries\",\"specFileRetriesDelay\",\"specFileRetriesDeferred\",\"reporterSyncInterval\",\"reporterSyncTimeout\",\"cucumberFeaturesWithLineNumbers\",\"autoCompileOpts\",\"mochaOpts\",\"jasmineOpts\",\"cucumberOpts\",\"onPrepare\",\"onWorkerStart\",\"onWorkerEnd\",\"before\",\"beforeSession\",\"beforeSuite\",\"beforeHook\",\"beforeTest\",\"afterTest\",\"afterHook\",\"afterSuite\",\"afterSession\",\"after\",\"onComplete\",\"beforeAssertion\",\"afterAssertion\",\"beforeFeature\",\"beforeScenario\",\"beforeStep\",\"afterStep\",\"afterScenario\",\"afterFeature\",\"_\",\"suite\",\"$0\",\"ignoredWorkerServices\",\"wdi5\"]"}]}
COMMAND: POST /session/29c94e7c3de8c8de4e6aab3f7ecf7110/execute/async - {"script":"<script> [21126 bytes]","args":[35000]}
RESULT: {"script":"<script> [21126 bytes]","args":[35000]}
COMMAND: POST /session/29c94e7c3de8c8de4e6aab3f7ecf7110/execute/async - {"script":"<script> [1562 bytes]","args":[{"selector":{"controlType":"sap.m.Button","viewName":"etm.portal.ui.managerequests.view.Detail","bindingPath":{"path":"/SmartRequestItemsPlanningBoard(ITEM=10m,REQUEST='20061')","propertyPath":"PICK_UP"}},"wdio_ui5_key":"etmportal.ui.managerequests.view.Detailsap.m.Button{\"path\":\"/SmartRequestItemsPlanningBoard(ITEM=10m,REQUEST='20061')\",\"propertyPath\":\"PICK_UP\"}"}]}
RESULT: {"script":"<script> [1562 bytes]","args":[{"selector":{"controlType":"sap.m.Button","viewName":"etm.portal.ui.managerequests.view.Detail","bindingPath":{"path":"/SmartRequestItemsPlanningBoard(ITEM=10m,REQUEST='20061')","propertyPath":"PICK_UP"}},"wdio_ui5_key":"etmportal.ui.managerequests.view.Detailsap.m.Button{\"path\":\"/SmartRequestItemsPlanningBoard(ITEM=10m,REQUEST='20061')\",\"propertyPath\":\"PICK_UP\"}"}]}
RESULT: undefined
COMMAND: POST /session/29c94e7c3de8c8de4e6aab3f7ecf7110/execute/async - {"script":"<script> [6424 bytes]","args":[{"element-6066-11e4-a52e-4f735466cecf":"f.A8B909B395C19A77638691ECE2720CC3.d.920D13E235655F63A3516E8EA58A4222.e.5034"},"getType",[]]}
RESULT: {"script":"<script> [6424 bytes]","args":[{"element-6066-11e4-a52e-4f735466cecf":"f.A8B909B395C19A77638691ECE2720CC3.d.920D13E235655F63A3516E8EA58A4222.e.5034"},"getType",[]]}
COMMAND: POST /session/29c94e7c3de8c8de4e6aab3f7ecf7110/execute/async - {"script":"<script> [1562 bytes]","args":[{"selector":{"controlType":"sap.m.Button","viewName":"etm.portal.ui.managerequests.view.Detail","bindingPath":{"path":"/SmartRequestItemsPlanningBoard(ITEM=20m,REQUEST='20061')","propertyPath":"PICK_UP"}},"wdio_ui5_key":"etmportal.ui.managerequests.view.Detailsap.m.Button{\"path\":\"/SmartRequestItemsPlanningBoard(ITEM=20m,REQUEST='20061')\",\"propertyPath\":\"PICK_UP\"}"}]}
RESULT: {"script":"<script> [1562 bytes]","args":[{"selector":{"controlType":"sap.m.Button","viewName":"etm.portal.ui.managerequests.view.Detail","bindingPath":{"path":"/SmartRequestItemsPlanningBoard(ITEM=20m,REQUEST='20061')","propertyPath":"PICK_UP"}},"wdio_ui5_key":"etmportal.ui.managerequests.view.Detailsap.m.Button{\"path\":\"/SmartRequestItemsPlanningBoard(ITEM=20m,REQUEST='20061')\",\"propertyPath\":\"PICK_UP\"}"}]}
RESULT: undefined
COMMAND: POST /session/29c94e7c3de8c8de4e6aab3f7ecf7110/execute/async - {"script":"<script> [6424 bytes]","args":[{"element-6066-11e4-a52e-4f735466cecf":"f.A8B909B395C19A77638691ECE2720CC3.d.920D13E235655F63A3516E8EA58A4222.e.5052"},"getType",[]]}
RESULT: {"script":"<script> [6424 bytes]","args":[{"element-6066-11e4-a52e-4f735466cecf":"f.A8B909B395C19A77638691ECE2720CC3.d.920D13E235655F63A3516E8EA58A4222.e.5052"},"getType",[]]}
]]></system-out>
    </testcase>
    <testcase classname="chrome.137_0_7151_69.windows.Manage_request_+_Contract_processing_pick_up_option_US120163_" name="Should Contract processing pick up option" time="177.049">
      <system-out><![CDATA[
COMMAND: POST /session/29c94e7c3de8c8de4e6aab3f7ecf7110/execute/async - {"script":"<script> [1562 bytes]","args":[{"selector":{"id":"requestContractNo","viewName":"etm.portal.ui.managerequests.view.Detail"},"wdio_ui5_key":"requestContractNoetmportal.ui.managerequests.view.Detail"}]}
RESULT: {"script":"<script> [1562 bytes]","args":[{"selector":{"id":"requestContractNo","viewName":"etm.portal.ui.managerequests.view.Detail"},"wdio_ui5_key":"requestContractNoetmportal.ui.managerequests.view.Detail"}]}
RESULT: undefined
COMMAND: POST /session/29c94e7c3de8c8de4e6aab3f7ecf7110/element - {"using":"xpath","value":"//*[@id=\"__xmlview2--requestContractNo\"]"}
RESULT: {"using":"xpath","value":"//*[@id=\"__xmlview2--requestContractNo\"]"}
COMMAND: POST /session/29c94e7c3de8c8de4e6aab3f7ecf7110/element/f.A8B909B395C19A77638691ECE2720CC3.d.920D13E235655F63A3516E8EA58A4222.e.5087/click - {}
RESULT: {}
COMMAND: POST /session/29c94e7c3de8c8de4e6aab3f7ecf7110/execute/async - {"script":"<script> [1562 bytes]","args":[{"selector":{"controlType":"sap.m.Link","viewName":"etm.portal.ui.managerequests.view.Detail","properties":{"text":"Contract Overview"},"searchOpenDialogs":true},"wdio_ui5_key":"etmportal.ui.managerequests.view.Detailsap.m.Link{\"text\":\"Contract Overview\"}"}]}
COMMAND: GET /session/29c94e7c3de8c8de4e6aab3f7ecf7110/screenshot - {}
RESULT: {"script":"<script> [1562 bytes]","args":[{"selector":{"controlType":"sap.m.Link","viewName":"etm.portal.ui.managerequests.view.Detail","properties":{"text":"Contract Overview"},"searchOpenDialogs":true},"wdio_ui5_key":"etmportal.ui.managerequests.view.Detailsap.m.Link{\"text\":\"Contract Overview\"}"}]}
RESULT: undefined
COMMAND: POST /session/29c94e7c3de8c8de4e6aab3f7ecf7110/element - {"using":"xpath","value":"//*[@id=\"__link8\"]"}
RESULT: {}
RESULT: {"using":"xpath","value":"//*[@id=\"__link8\"]"}
COMMAND: POST /session/29c94e7c3de8c8de4e6aab3f7ecf7110/element/f.A8B909B395C19A77638691ECE2720CC3.d.920D13E235655F63A3516E8EA58A4222.e.5089/click - {}
RESULT: {}
COMMAND: GET /session/29c94e7c3de8c8de4e6aab3f7ecf7110/screenshot - {}
RESULT: {}
COMMAND: POST /session/29c94e7c3de8c8de4e6aab3f7ecf7110/element - {"using":"xpath","value":"//div[contains(@id ,\"headerBillingItemsTabFilter-text\")]"}
RESULT: {"using":"xpath","value":"//div[contains(@id ,\"headerBillingItemsTabFilter-text\")]"}
COMMAND: POST /session/29c94e7c3de8c8de4e6aab3f7ecf7110/elements - {"using":"xpath","value":"//div[contains(@id ,\"headerBillingItemsTabFilter-text\")]"}
RESULT: {"using":"xpath","value":"//div[contains(@id ,\"headerBillingItemsTabFilter-text\")]"}
COMMAND: POST /session/29c94e7c3de8c8de4e6aab3f7ecf7110/elements - {"using":"xpath","value":"//div[contains(@id ,\"headerBillingItemsTabFilter-text\")]"}
RESULT: {"using":"xpath","value":"//div[contains(@id ,\"headerBillingItemsTabFilter-text\")]"}
COMMAND: POST /session/29c94e7c3de8c8de4e6aab3f7ecf7110/elements - {"using":"xpath","value":"//div[contains(@id ,\"headerBillingItemsTabFilter-text\")]"}
RESULT: {"using":"xpath","value":"//div[contains(@id ,\"headerBillingItemsTabFilter-text\")]"}
COMMAND: POST /session/29c94e7c3de8c8de4e6aab3f7ecf7110/elements - {"using":"xpath","value":"//div[contains(@id ,\"headerBillingItemsTabFilter-text\")]"}
RESULT: {"using":"xpath","value":"//div[contains(@id ,\"headerBillingItemsTabFilter-text\")]"}
COMMAND: POST /session/29c94e7c3de8c8de4e6aab3f7ecf7110/elements - {"using":"xpath","value":"//div[contains(@id ,\"headerBillingItemsTabFilter-text\")]"}
RESULT: {"using":"xpath","value":"//div[contains(@id ,\"headerBillingItemsTabFilter-text\")]"}
COMMAND: POST /session/29c94e7c3de8c8de4e6aab3f7ecf7110/elements - {"using":"xpath","value":"//div[contains(@id ,\"headerBillingItemsTabFilter-text\")]"}
RESULT: {"using":"xpath","value":"//div[contains(@id ,\"headerBillingItemsTabFilter-text\")]"}
COMMAND: POST /session/29c94e7c3de8c8de4e6aab3f7ecf7110/element - {"using":"xpath","value":"//div[contains(@id ,\"headerBillingItemsTabFilter-text\")]"}
RESULT: {"using":"xpath","value":"//div[contains(@id ,\"headerBillingItemsTabFilter-text\")]"}
COMMAND: POST /session/29c94e7c3de8c8de4e6aab3f7ecf7110/element/f.A8B909B395C19A77638691ECE2720CC3.d.920D13E235655F63A3516E8EA58A4222.e.5247/click - {}
RESULT: {}
COMMAND: GET /session/29c94e7c3de8c8de4e6aab3f7ecf7110/screenshot - {}
RESULT: {}
COMMAND: POST /session/29c94e7c3de8c8de4e6aab3f7ecf7110/execute/async - {"script":"<script> [1562 bytes]","args":[{"selector":{"id":"addRequestItemBtn","viewName":"etm.portal.ui.managecontracts.view.Detail","interaction":{"idSuffix":"BDI-content"}},"wdio_ui5_key":"addRequestItemBtnetmportal.ui.managecontracts.view.Detail"}]}
RESULT: {"script":"<script> [1562 bytes]","args":[{"selector":{"id":"addRequestItemBtn","viewName":"etm.portal.ui.managecontracts.view.Detail","interaction":{"idSuffix":"BDI-content"}},"wdio_ui5_key":"addRequestItemBtnetmportal.ui.managecontracts.view.Detail"}]}
RESULT: undefined
COMMAND: POST /session/29c94e7c3de8c8de4e6aab3f7ecf7110/element - {"using":"xpath","value":"//*[@id=\"__xmlview4--addRequestItemBtn\"]"}
RESULT: {"using":"xpath","value":"//*[@id=\"__xmlview4--addRequestItemBtn\"]"}
COMMAND: POST /session/29c94e7c3de8c8de4e6aab3f7ecf7110/element/f.A8B909B395C19A77638691ECE2720CC3.d.920D13E235655F63A3516E8EA58A4222.e.5182/click - {}
RESULT: {}
COMMAND: GET /session/29c94e7c3de8c8de4e6aab3f7ecf7110/screenshot - {}
RESULT: {}
COMMAND: POST /session/29c94e7c3de8c8de4e6aab3f7ecf7110/element - {"using":"xpath","value":"//div[contains(@id ,\"popupRequestTable-sa-CbBg\")]"}
RESULT: {"using":"xpath","value":"//div[contains(@id ,\"popupRequestTable-sa-CbBg\")]"}
COMMAND: POST /session/29c94e7c3de8c8de4e6aab3f7ecf7110/element/f.A8B909B395C19A77638691ECE2720CC3.d.920D13E235655F63A3516E8EA58A4222.e.5335/click - {}
RESULT: {}
COMMAND: GET /session/29c94e7c3de8c8de4e6aab3f7ecf7110/screenshot - {}
RESULT: {}
COMMAND: POST /session/29c94e7c3de8c8de4e6aab3f7ecf7110/execute/async - {"script":"<script> [1562 bytes]","args":[{"selector":{"controlType":"sap.m.Button","viewName":"etm.portal.ui.managecontracts.view.Detail","i18NText":{"propertyName":"text","key":"selectionDone"},"searchOpenDialogs":true,"interaction":{"idSuffix":"content"}},"wdio_ui5_key":"etmportal.ui.managecontracts.view.Detailsap.m.Button{\"propertyName\":\"text\",\"key\":\"selectionDone\"}"}]}
RESULT: {"script":"<script> [1562 bytes]","args":[{"selector":{"controlType":"sap.m.Button","viewName":"etm.portal.ui.managecontracts.view.Detail","i18NText":{"propertyName":"text","key":"selectionDone"},"searchOpenDialogs":true,"interaction":{"idSuffix":"content"}},"wdio_ui5_key":"etmportal.ui.managecontracts.view.Detailsap.m.Button{\"propertyName\":\"text\",\"key\":\"selectionDone\"}"}]}
RESULT: undefined
COMMAND: POST /session/29c94e7c3de8c8de4e6aab3f7ecf7110/element - {"using":"xpath","value":"//*[@id=\"__button62\"]"}
RESULT: {"using":"xpath","value":"//*[@id=\"__button62\"]"}
COMMAND: POST /session/29c94e7c3de8c8de4e6aab3f7ecf7110/element/f.A8B909B395C19A77638691ECE2720CC3.d.920D13E235655F63A3516E8EA58A4222.e.5338/click - {}
RESULT: {}
COMMAND: POST /session/29c94e7c3de8c8de4e6aab3f7ecf7110/execute/async - {"script":"<script> [1562 bytes]","args":[{"selector":{"controlType":"sap.m.Button","properties":{"text":"OK"},"searchOpenDialogs":true,"interaction":{"idSuffix":"inner"}},"wdio_ui5_key":"sapm.Button{\"text\":\"OK\"}"}]}
COMMAND: GET /session/29c94e7c3de8c8de4e6aab3f7ecf7110/screenshot - {}
RESULT: {"script":"<script> [1562 bytes]","args":[{"selector":{"controlType":"sap.m.Button","properties":{"text":"OK"},"searchOpenDialogs":true,"interaction":{"idSuffix":"inner"}},"wdio_ui5_key":"sapm.Button{\"text\":\"OK\"}"}]}
RESULT: undefined
COMMAND: POST /session/29c94e7c3de8c8de4e6aab3f7ecf7110/element - {"using":"xpath","value":"//*[@id=\"__mbox-btn-1\"]"}
RESULT: {}
RESULT: {"using":"xpath","value":"//*[@id=\"__mbox-btn-1\"]"}
COMMAND: POST /session/29c94e7c3de8c8de4e6aab3f7ecf7110/element/f.A8B909B395C19A77638691ECE2720CC3.d.920D13E235655F63A3516E8EA58A4222.e.5339/click - {}
RESULT: {}
COMMAND: GET /session/29c94e7c3de8c8de4e6aab3f7ecf7110/screenshot - {}
RESULT: {}
COMMAND: POST /session/29c94e7c3de8c8de4e6aab3f7ecf7110/element - {"using":"xpath","value":"//div[contains(@id ,\"headerBillingItemsTabFilter-text\")]"}
RESULT: {"using":"xpath","value":"//div[contains(@id ,\"headerBillingItemsTabFilter-text\")]"}
COMMAND: POST /session/29c94e7c3de8c8de4e6aab3f7ecf7110/element/f.A8B909B395C19A77638691ECE2720CC3.d.920D13E235655F63A3516E8EA58A4222.e.5247/click - {}
RESULT: {}
COMMAND: GET /session/29c94e7c3de8c8de4e6aab3f7ecf7110/screenshot - {}
RESULT: {}
COMMAND: POST /session/29c94e7c3de8c8de4e6aab3f7ecf7110/element - {"using":"xpath","value":"//button[contains(@data-kt ,\"refreshButton\")]"}
RESULT: {"using":"xpath","value":"//button[contains(@data-kt ,\"refreshButton\")]"}
COMMAND: POST /session/29c94e7c3de8c8de4e6aab3f7ecf7110/element/f.A8B909B395C19A77638691ECE2720CC3.d.920D13E235655F63A3516E8EA58A4222.e.5179/click - {}
RESULT: {}
COMMAND: GET /session/29c94e7c3de8c8de4e6aab3f7ecf7110/screenshot - {}
RESULT: {}
COMMAND: POST /session/29c94e7c3de8c8de4e6aab3f7ecf7110/element - {"using":"xpath","value":"//div[contains(@id ,\"headerBillingItemsTabFilter-text\")]"}
RESULT: {"using":"xpath","value":"//div[contains(@id ,\"headerBillingItemsTabFilter-text\")]"}
COMMAND: POST /session/29c94e7c3de8c8de4e6aab3f7ecf7110/element/f.A8B909B395C19A77638691ECE2720CC3.d.920D13E235655F63A3516E8EA58A4222.e.5247/click - {}
RESULT: {}
COMMAND: GET /session/29c94e7c3de8c8de4e6aab3f7ecf7110/screenshot - {}
RESULT: {}
COMMAND: POST /session/29c94e7c3de8c8de4e6aab3f7ecf7110/execute/async - {"script":"<script> [1562 bytes]","args":[{"selector":{"id":"contractDetailProvideButton","viewName":"etm.portal.ui.managecontracts.view.Detail","interaction":{"idSuffix":"BDI-content"}},"wdio_ui5_key":"contractDetailProvideButtonetmportal.ui.managecontracts.view.Detail"}]}
RESULT: {"script":"<script> [1562 bytes]","args":[{"selector":{"id":"contractDetailProvideButton","viewName":"etm.portal.ui.managecontracts.view.Detail","interaction":{"idSuffix":"BDI-content"}},"wdio_ui5_key":"contractDetailProvideButtonetmportal.ui.managecontracts.view.Detail"}]}
RESULT: undefined
COMMAND: POST /session/29c94e7c3de8c8de4e6aab3f7ecf7110/element - {"using":"xpath","value":"//*[@id=\"__xmlview4--contractDetailProvideButton\"]"}
RESULT: {"using":"xpath","value":"//*[@id=\"__xmlview4--contractDetailProvideButton\"]"}
COMMAND: POST /session/29c94e7c3de8c8de4e6aab3f7ecf7110/element/f.A8B909B395C19A77638691ECE2720CC3.d.920D13E235655F63A3516E8EA58A4222.e.5188/click - {}
RESULT: {}
COMMAND: GET /session/29c94e7c3de8c8de4e6aab3f7ecf7110/screenshot - {}
RESULT: {}
COMMAND: POST /session/29c94e7c3de8c8de4e6aab3f7ecf7110/execute/async - {"script":"<script> [1562 bytes]","args":[{"selector":{"id":"application-managehandovers-display-component---AddNewHO--pickUpCheckbox","interaction":{"idSuffix":"CbBg"}},"wdio_ui5_key":"applicationmanagehandovers-display-component---AddNewHO--pickUpCheckbox"}]}
RESULT: {"script":"<script> [1562 bytes]","args":[{"selector":{"id":"application-managehandovers-display-component---AddNewHO--pickUpCheckbox","interaction":{"idSuffix":"CbBg"}},"wdio_ui5_key":"applicationmanagehandovers-display-component---AddNewHO--pickUpCheckbox"}]}
RESULT: undefined
COMMAND: POST /session/29c94e7c3de8c8de4e6aab3f7ecf7110/element - {"using":"xpath","value":"//*[@id=\"application-managehandovers-display-component---AddNewHO--pickUpCheckbox\"]"}
RESULT: {"using":"xpath","value":"//*[@id=\"application-managehandovers-display-component---AddNewHO--pickUpCheckbox\"]"}
COMMAND: POST /session/29c94e7c3de8c8de4e6aab3f7ecf7110/element/f.A8B909B395C19A77638691ECE2720CC3.d.920D13E235655F63A3516E8EA58A4222.e.5543/click - {}
RESULT: {}
COMMAND: POST /session/29c94e7c3de8c8de4e6aab3f7ecf7110/execute/async - {"script":"<script> [1562 bytes]","args":[{"selector":{"id":"application-managehandovers-display-component---AddNewHO--ObjectPageLayout-anchBar-application-managehandovers-display-component---AddNewHO--section4-anchor","interaction":{"idSuffix":"content"}},"wdio_ui5_key":"applicationmanagehandovers-display-component---AddNewHO--ObjectPageLayout-anchBar-application-managehandovers-display-component---AddNewHO--section4-anchor"}]}
COMMAND: GET /session/29c94e7c3de8c8de4e6aab3f7ecf7110/screenshot - {}
RESULT: {"script":"<script> [1562 bytes]","args":[{"selector":{"id":"application-managehandovers-display-component---AddNewHO--ObjectPageLayout-anchBar-application-managehandovers-display-component---AddNewHO--section4-anchor","interaction":{"idSuffix":"content"}},"wdio_ui5_key":"applicationmanagehandovers-display-component---AddNewHO--ObjectPageLayout-anchBar-application-managehandovers-display-component---AddNewHO--section4-anchor"}]}
RESULT: undefined
COMMAND: POST /session/29c94e7c3de8c8de4e6aab3f7ecf7110/element - {"using":"xpath","value":"//*[@id=\"application-managehandovers-display-component---AddNewHO--ObjectPageLayout-anchBar-application-managehandovers-display-component---AddNewHO--section4-anchor\"]"}
RESULT: {}
RESULT: {"using":"xpath","value":"//*[@id=\"application-managehandovers-display-component---AddNewHO--ObjectPageLayout-anchBar-application-managehandovers-display-component---AddNewHO--section4-anchor\"]"}
COMMAND: POST /session/29c94e7c3de8c8de4e6aab3f7ecf7110/element/f.A8B909B395C19A77638691ECE2720CC3.d.920D13E235655F63A3516E8EA58A4222.e.5547/click - {}
RESULT: {}
COMMAND: POST /session/29c94e7c3de8c8de4e6aab3f7ecf7110/execute/async - {"script":"<script> [1562 bytes]","args":[{"selector":{"controlType":"sap.m.Button","viewName":"etm.portal.ui.managehandovers.view.AddNewHO","viewId":"application-managehandovers-display-component---AddNewHO","i18NText":{"propertyName":"tooltip","key":"addItems"},"interaction":{"idSuffix":"inner"}},"wdio_ui5_key":"etmportal.ui.managehandovers.view.AddNewHOsap.m.Button{\"propertyName\":\"tooltip\",\"key\":\"addItems\"}"}]}
COMMAND: GET /session/29c94e7c3de8c8de4e6aab3f7ecf7110/screenshot - {}
RESULT: {"script":"<script> [1562 bytes]","args":[{"selector":{"controlType":"sap.m.Button","viewName":"etm.portal.ui.managehandovers.view.AddNewHO","viewId":"application-managehandovers-display-component---AddNewHO","i18NText":{"propertyName":"tooltip","key":"addItems"},"interaction":{"idSuffix":"inner"}},"wdio_ui5_key":"etmportal.ui.managehandovers.view.AddNewHOsap.m.Button{\"propertyName\":\"tooltip\",\"key\":\"addItems\"}"}]}
RESULT: undefined
COMMAND: POST /session/29c94e7c3de8c8de4e6aab3f7ecf7110/element - {"using":"xpath","value":"//*[@id=\"__button79\"]"}
RESULT: {}
RESULT: {"using":"xpath","value":"//*[@id=\"__button79\"]"}
COMMAND: POST /session/29c94e7c3de8c8de4e6aab3f7ecf7110/element/f.A8B909B395C19A77638691ECE2720CC3.d.920D13E235655F63A3516E8EA58A4222.e.5551/click - {}
RESULT: {}
COMMAND: POST /session/29c94e7c3de8c8de4e6aab3f7ecf7110/execute/async - {"script":"<script> [1562 bytes]","args":[{"selector":{"id":"application-managehandovers-display-component---AddNewHO--smartTableHOPopup-header","searchOpenDialogs":true},"wdio_ui5_key":"applicationmanagehandovers-display-component---AddNewHO--smartTableHOPopup-header"}]}
COMMAND: GET /session/29c94e7c3de8c8de4e6aab3f7ecf7110/screenshot - {}
RESULT: {"script":"<script> [1562 bytes]","args":[{"selector":{"id":"application-managehandovers-display-component---AddNewHO--smartTableHOPopup-header","searchOpenDialogs":true},"wdio_ui5_key":"applicationmanagehandovers-display-component---AddNewHO--smartTableHOPopup-header"}]}
RESULT: undefined
COMMAND: POST /session/29c94e7c3de8c8de4e6aab3f7ecf7110/execute/async - {"script":"<script> [6424 bytes]","args":[{"element-6066-11e4-a52e-4f735466cecf":"f.A8B909B395C19A77638691ECE2720CC3.d.920D13E235655F63A3516E8EA58A4222.e.5566"},"getText",[]]}
RESULT: {}
RESULT: {"script":"<script> [6424 bytes]","args":[{"element-6066-11e4-a52e-4f735466cecf":"f.A8B909B395C19A77638691ECE2720CC3.d.920D13E235655F63A3516E8EA58A4222.e.5566"},"getText",[]]}
COMMAND: POST /session/29c94e7c3de8c8de4e6aab3f7ecf7110/actions - {"actions":[{"id":"action44","type":"key","parameters":{},"actions":[{"type":"keyDown","value":"î€Œ"},{"type":"pause","duration":10},{"type":"keyUp","value":"î€Œ"}]}]}
RESULT: {"actions":[{"id":"action44","type":"key","parameters":{},"actions":[{"type":"keyDown","value":"î€Œ"},{"type":"pause","duration":10},{"type":"keyUp","value":"î€Œ"}]}]}
COMMAND: GET /session/29c94e7c3de8c8de4e6aab3f7ecf7110/screenshot - {}
RESULT: {}
COMMAND: POST /session/29c94e7c3de8c8de4e6aab3f7ecf7110/execute/async - {"script":"<script> [1562 bytes]","args":[{"selector":{"id":"backBtn"},"wdio_ui5_key":"backBtn"}]}
RESULT: {"script":"<script> [1562 bytes]","args":[{"selector":{"id":"backBtn"},"wdio_ui5_key":"backBtn"}]}
RESULT: undefined
COMMAND: POST /session/29c94e7c3de8c8de4e6aab3f7ecf7110/element - {"using":"xpath","value":"//*[@id=\"backBtn\"]"}
RESULT: {"using":"xpath","value":"//*[@id=\"backBtn\"]"}
COMMAND: POST /session/29c94e7c3de8c8de4e6aab3f7ecf7110/element/f.A8B909B395C19A77638691ECE2720CC3.d.920D13E235655F63A3516E8EA58A4222.e.5568/click - {}
RESULT: {}
COMMAND: GET /session/29c94e7c3de8c8de4e6aab3f7ecf7110/screenshot - {}
COMMAND: POST /session/29c94e7c3de8c8de4e6aab3f7ecf7110/refresh - {}
RESULT: {}
RESULT: {}
COMMAND: GET /session/29c94e7c3de8c8de4e6aab3f7ecf7110/screenshot - {}
RESULT: {}
COMMAND: POST /session/29c94e7c3de8c8de4e6aab3f7ecf7110/execute/async - {"script":"<script> [189 bytes]","args":[]}
RESULT: {"script":"<script> [189 bytes]","args":[]}
COMMAND: POST /session/29c94e7c3de8c8de4e6aab3f7ecf7110/execute/async - {"script":"<script> [123 bytes]","args":[]}
RESULT: {"script":"<script> [123 bytes]","args":[]}
COMMAND: POST /session/29c94e7c3de8c8de4e6aab3f7ecf7110/timeouts - {"script":"<number>"}
RESULT: {"script":"<number>"}
COMMAND: GET /session/29c94e7c3de8c8de4e6aab3f7ecf7110/timeouts - {}
RESULT: {}
RESULT: undefined
COMMAND: POST /session/29c94e7c3de8c8de4e6aab3f7ecf7110/execute/async - {"script":"<script> [2676 bytes]","args":[]}
RESULT: {"script":"<script> [2676 bytes]","args":[]}
COMMAND: POST /session/29c94e7c3de8c8de4e6aab3f7ecf7110/execute/async - {"script":"<script> [2342 bytes]","args":[{"protocol":"http","hostname":"0.0.0.0","path":"/","capabilities":{"browserName":"chrome","goog:chromeOptions":{"binary":"C:\\Program Files\\Google\\Chrome\\Application\\chrome.exe","args":["--start-maximized"]}},"logLevel":"warn","connectionRetryTimeout":120000,"connectionRetryCount":3,"logLevels":{},"enableDirectConnect":true,"strictSSL":true,"_":"65 more keys: [\"cacheDir\",\"port\",\"requestedCapabilities\",\"automationProtocol\",\"baseUrl\",\"waitforInterval\",\"waitforTimeout\",\"onReload\",\"beforeCommand\",\"afterCommand\",\"rootDir\",\"specs\",\"suites\",\"exclude\",\"groupLogsByTestSpec\",\"excludeDriverLogs\",\"bail\",\"framework\",\"reporters\",\"services\",\"maxInstances\",\"maxInstancesPerCapability\",\"injectGlobals\",\"filesToWatch\",\"execArgv\",\"runnerEnv\",\"runner\",\"shard\",\"specFileRetries\",\"specFileRetriesDelay\",\"specFileRetriesDeferred\",\"reporterSyncInterval\",\"reporterSyncTimeout\",\"cucumberFeaturesWithLineNumbers\",\"autoCompileOpts\",\"mochaOpts\",\"jasmineOpts\",\"cucumberOpts\",\"onPrepare\",\"onWorkerStart\",\"onWorkerEnd\",\"before\",\"beforeSession\",\"beforeSuite\",\"beforeHook\",\"beforeTest\",\"afterTest\",\"afterHook\",\"afterSuite\",\"afterSession\",\"after\",\"onComplete\",\"beforeAssertion\",\"afterAssertion\",\"beforeFeature\",\"beforeScenario\",\"beforeStep\",\"afterStep\",\"afterScenario\",\"afterFeature\",\"_\",\"suite\",\"$0\",\"ignoredWorkerServices\",\"wdi5\"]"}]}
RESULT: {"script":"<script> [2342 bytes]","args":[{"protocol":"http","hostname":"0.0.0.0","path":"/","capabilities":{"browserName":"chrome","goog:chromeOptions":{"binary":"C:\\Program Files\\Google\\Chrome\\Application\\chrome.exe","args":["--start-maximized"]}},"logLevel":"warn","connectionRetryTimeout":120000,"connectionRetryCount":3,"logLevels":{},"enableDirectConnect":true,"strictSSL":true,"_":"65 more keys: [\"cacheDir\",\"port\",\"requestedCapabilities\",\"automationProtocol\",\"baseUrl\",\"waitforInterval\",\"waitforTimeout\",\"onReload\",\"beforeCommand\",\"afterCommand\",\"rootDir\",\"specs\",\"suites\",\"exclude\",\"groupLogsByTestSpec\",\"excludeDriverLogs\",\"bail\",\"framework\",\"reporters\",\"services\",\"maxInstances\",\"maxInstancesPerCapability\",\"injectGlobals\",\"filesToWatch\",\"execArgv\",\"runnerEnv\",\"runner\",\"shard\",\"specFileRetries\",\"specFileRetriesDelay\",\"specFileRetriesDeferred\",\"reporterSyncInterval\",\"reporterSyncTimeout\",\"cucumberFeaturesWithLineNumbers\",\"autoCompileOpts\",\"mochaOpts\",\"jasmineOpts\",\"cucumberOpts\",\"onPrepare\",\"onWorkerStart\",\"onWorkerEnd\",\"before\",\"beforeSession\",\"beforeSuite\",\"beforeHook\",\"beforeTest\",\"afterTest\",\"afterHook\",\"afterSuite\",\"afterSession\",\"after\",\"onComplete\",\"beforeAssertion\",\"afterAssertion\",\"beforeFeature\",\"beforeScenario\",\"beforeStep\",\"afterStep\",\"afterScenario\",\"afterFeature\",\"_\",\"suite\",\"$0\",\"ignoredWorkerServices\",\"wdi5\"]"}]}
COMMAND: POST /session/29c94e7c3de8c8de4e6aab3f7ecf7110/execute/async - {"script":"<script> [21126 bytes]","args":[35000]}
RESULT: {"script":"<script> [21126 bytes]","args":[35000]}
COMMAND: POST /session/29c94e7c3de8c8de4e6aab3f7ecf7110/element - {"using":"xpath","value":"//div[contains(@id ,\"headerBillingItemsTabFilter-text\")]"}
RESULT: {"using":"xpath","value":"//div[contains(@id ,\"headerBillingItemsTabFilter-text\")]"}
COMMAND: POST /session/29c94e7c3de8c8de4e6aab3f7ecf7110/element/f.A8B909B395C19A77638691ECE2720CC3.d.86220BFE2C5527FC7DD8A129FD5CCDDE.e.5798/click - {}
RESULT: {}
COMMAND: GET /session/29c94e7c3de8c8de4e6aab3f7ecf7110/screenshot - {}
RESULT: {}
COMMAND: POST /session/29c94e7c3de8c8de4e6aab3f7ecf7110/execute/async - {"script":"<script> [1562 bytes]","args":[{"selector":{"id":"revertPlanningBtn","viewName":"etm.portal.ui.managecontracts.view.Detail","interaction":{"idSuffix":"BDI-content"}},"wdio_ui5_key":"revertPlanningBtnetmportal.ui.managecontracts.view.Detail"}]}
RESULT: {"script":"<script> [1562 bytes]","args":[{"selector":{"id":"revertPlanningBtn","viewName":"etm.portal.ui.managecontracts.view.Detail","interaction":{"idSuffix":"BDI-content"}},"wdio_ui5_key":"revertPlanningBtnetmportal.ui.managecontracts.view.Detail"}]}
RESULT: undefined
COMMAND: POST /session/29c94e7c3de8c8de4e6aab3f7ecf7110/element - {"using":"xpath","value":"//*[@id=\"__xmlview1--revertPlanningBtn\"]"}
RESULT: {"using":"xpath","value":"//*[@id=\"__xmlview1--revertPlanningBtn\"]"}
COMMAND: POST /session/29c94e7c3de8c8de4e6aab3f7ecf7110/element/f.A8B909B395C19A77638691ECE2720CC3.d.86220BFE2C5527FC7DD8A129FD5CCDDE.e.5691/click - {}
RESULT: {}
COMMAND: GET /session/29c94e7c3de8c8de4e6aab3f7ecf7110/screenshot - {}
RESULT: {}
COMMAND: POST /session/29c94e7c3de8c8de4e6aab3f7ecf7110/actions - {"actions":[{"id":"action45","type":"key","parameters":{},"actions":[{"type":"keyDown","value":"î€‡"},{"type":"pause","duration":10},{"type":"keyUp","value":"î€‡"}]}]}
RESULT: {"actions":[{"id":"action45","type":"key","parameters":{},"actions":[{"type":"keyDown","value":"î€‡"},{"type":"pause","duration":10},{"type":"keyUp","value":"î€‡"}]}]}
COMMAND: GET /session/29c94e7c3de8c8de4e6aab3f7ecf7110/screenshot - {}
RESULT: {}
COMMAND: POST /session/29c94e7c3de8c8de4e6aab3f7ecf7110/element - {"using":"xpath","value":"//div[contains(@id ,\"ProductsTable-sa-CbBg\")]"}
RESULT: {"using":"xpath","value":"//div[contains(@id ,\"ProductsTable-sa-CbBg\")]"}
COMMAND: POST /session/29c94e7c3de8c8de4e6aab3f7ecf7110/element/f.A8B909B395C19A77638691ECE2720CC3.d.86220BFE2C5527FC7DD8A129FD5CCDDE.e.5848/click - {}
RESULT: {}
COMMAND: GET /session/29c94e7c3de8c8de4e6aab3f7ecf7110/screenshot - {}
RESULT: {}
COMMAND: POST /session/29c94e7c3de8c8de4e6aab3f7ecf7110/execute/async - {"script":"<script> [1562 bytes]","args":[{"selector":{"id":"executeRevertPlanningBtn","viewName":"etm.portal.ui.managecontracts.view.Detail","interaction":{"idSuffix":"BDI-content"}},"wdio_ui5_key":"executeRevertPlanningBtnetmportal.ui.managecontracts.view.Detail"}]}
RESULT: {"script":"<script> [1562 bytes]","args":[{"selector":{"id":"executeRevertPlanningBtn","viewName":"etm.portal.ui.managecontracts.view.Detail","interaction":{"idSuffix":"BDI-content"}},"wdio_ui5_key":"executeRevertPlanningBtnetmportal.ui.managecontracts.view.Detail"}]}
RESULT: undefined
COMMAND: POST /session/29c94e7c3de8c8de4e6aab3f7ecf7110/element - {"using":"xpath","value":"//*[@id=\"__xmlview1--executeRevertPlanningBtn\"]"}
RESULT: {"using":"xpath","value":"//*[@id=\"__xmlview1--executeRevertPlanningBtn\"]"}
COMMAND: POST /session/29c94e7c3de8c8de4e6aab3f7ecf7110/element/f.A8B909B395C19A77638691ECE2720CC3.d.86220BFE2C5527FC7DD8A129FD5CCDDE.e.5847/click - {}
RESULT: {}
COMMAND: GET /session/29c94e7c3de8c8de4e6aab3f7ecf7110/screenshot - {}
RESULT: {}
COMMAND: POST /session/29c94e7c3de8c8de4e6aab3f7ecf7110/actions - {"actions":[{"id":"action46","type":"key","parameters":{},"actions":[{"type":"keyDown","value":"î€‡"},{"type":"pause","duration":10},{"type":"keyUp","value":"î€‡"}]}]}
RESULT: {"actions":[{"id":"action46","type":"key","parameters":{},"actions":[{"type":"keyDown","value":"î€‡"},{"type":"pause","duration":10},{"type":"keyUp","value":"î€‡"}]}]}
COMMAND: POST /session/29c94e7c3de8c8de4e6aab3f7ecf7110/execute/async - {"script":"<script> [1562 bytes]","args":[{"selector":{"id":"backBtn"},"wdio_ui5_key":"backBtn"}]}
COMMAND: GET /session/29c94e7c3de8c8de4e6aab3f7ecf7110/screenshot - {}
RESULT: {"script":"<script> [1562 bytes]","args":[{"selector":{"id":"backBtn"},"wdio_ui5_key":"backBtn"}]}
RESULT: undefined
COMMAND: POST /session/29c94e7c3de8c8de4e6aab3f7ecf7110/element - {"using":"xpath","value":"//*[@id=\"backBtn\"]"}
RESULT: {}
RESULT: {"using":"xpath","value":"//*[@id=\"backBtn\"]"}
COMMAND: POST /session/29c94e7c3de8c8de4e6aab3f7ecf7110/element/f.A8B909B395C19A77638691ECE2720CC3.d.86220BFE2C5527FC7DD8A129FD5CCDDE.e.5859/click - {}
RESULT: {}
COMMAND: GET /session/29c94e7c3de8c8de4e6aab3f7ecf7110/screenshot - {}
RESULT: {}
COMMAND: POST /session/29c94e7c3de8c8de4e6aab3f7ecf7110/refresh - {}
RESULT: {}
COMMAND: GET /session/29c94e7c3de8c8de4e6aab3f7ecf7110/screenshot - {}
RESULT: {}
COMMAND: POST /session/29c94e7c3de8c8de4e6aab3f7ecf7110/execute/async - {"script":"<script> [189 bytes]","args":[]}
RESULT: {"script":"<script> [189 bytes]","args":[]}
COMMAND: POST /session/29c94e7c3de8c8de4e6aab3f7ecf7110/execute/async - {"script":"<script> [123 bytes]","args":[]}
RESULT: {"script":"<script> [123 bytes]","args":[]}
COMMAND: POST /session/29c94e7c3de8c8de4e6aab3f7ecf7110/timeouts - {"script":"<number>"}
RESULT: {"script":"<number>"}
COMMAND: GET /session/29c94e7c3de8c8de4e6aab3f7ecf7110/timeouts - {}
RESULT: {}
RESULT: undefined
COMMAND: POST /session/29c94e7c3de8c8de4e6aab3f7ecf7110/execute/async - {"script":"<script> [2676 bytes]","args":[]}
RESULT: {"script":"<script> [2676 bytes]","args":[]}
COMMAND: POST /session/29c94e7c3de8c8de4e6aab3f7ecf7110/execute/async - {"script":"<script> [2342 bytes]","args":[{"protocol":"http","hostname":"0.0.0.0","path":"/","capabilities":{"browserName":"chrome","goog:chromeOptions":{"binary":"C:\\Program Files\\Google\\Chrome\\Application\\chrome.exe","args":["--start-maximized"]}},"logLevel":"warn","connectionRetryTimeout":120000,"connectionRetryCount":3,"logLevels":{},"enableDirectConnect":true,"strictSSL":true,"_":"65 more keys: [\"cacheDir\",\"port\",\"requestedCapabilities\",\"automationProtocol\",\"baseUrl\",\"waitforInterval\",\"waitforTimeout\",\"onReload\",\"beforeCommand\",\"afterCommand\",\"rootDir\",\"specs\",\"suites\",\"exclude\",\"groupLogsByTestSpec\",\"excludeDriverLogs\",\"bail\",\"framework\",\"reporters\",\"services\",\"maxInstances\",\"maxInstancesPerCapability\",\"injectGlobals\",\"filesToWatch\",\"execArgv\",\"runnerEnv\",\"runner\",\"shard\",\"specFileRetries\",\"specFileRetriesDelay\",\"specFileRetriesDeferred\",\"reporterSyncInterval\",\"reporterSyncTimeout\",\"cucumberFeaturesWithLineNumbers\",\"autoCompileOpts\",\"mochaOpts\",\"jasmineOpts\",\"cucumberOpts\",\"onPrepare\",\"onWorkerStart\",\"onWorkerEnd\",\"before\",\"beforeSession\",\"beforeSuite\",\"beforeHook\",\"beforeTest\",\"afterTest\",\"afterHook\",\"afterSuite\",\"afterSession\",\"after\",\"onComplete\",\"beforeAssertion\",\"afterAssertion\",\"beforeFeature\",\"beforeScenario\",\"beforeStep\",\"afterStep\",\"afterScenario\",\"afterFeature\",\"_\",\"suite\",\"$0\",\"ignoredWorkerServices\",\"wdi5\"]"}]}
RESULT: {"script":"<script> [2342 bytes]","args":[{"protocol":"http","hostname":"0.0.0.0","path":"/","capabilities":{"browserName":"chrome","goog:chromeOptions":{"binary":"C:\\Program Files\\Google\\Chrome\\Application\\chrome.exe","args":["--start-maximized"]}},"logLevel":"warn","connectionRetryTimeout":120000,"connectionRetryCount":3,"logLevels":{},"enableDirectConnect":true,"strictSSL":true,"_":"65 more keys: [\"cacheDir\",\"port\",\"requestedCapabilities\",\"automationProtocol\",\"baseUrl\",\"waitforInterval\",\"waitforTimeout\",\"onReload\",\"beforeCommand\",\"afterCommand\",\"rootDir\",\"specs\",\"suites\",\"exclude\",\"groupLogsByTestSpec\",\"excludeDriverLogs\",\"bail\",\"framework\",\"reporters\",\"services\",\"maxInstances\",\"maxInstancesPerCapability\",\"injectGlobals\",\"filesToWatch\",\"execArgv\",\"runnerEnv\",\"runner\",\"shard\",\"specFileRetries\",\"specFileRetriesDelay\",\"specFileRetriesDeferred\",\"reporterSyncInterval\",\"reporterSyncTimeout\",\"cucumberFeaturesWithLineNumbers\",\"autoCompileOpts\",\"mochaOpts\",\"jasmineOpts\",\"cucumberOpts\",\"onPrepare\",\"onWorkerStart\",\"onWorkerEnd\",\"before\",\"beforeSession\",\"beforeSuite\",\"beforeHook\",\"beforeTest\",\"afterTest\",\"afterHook\",\"afterSuite\",\"afterSession\",\"after\",\"onComplete\",\"beforeAssertion\",\"afterAssertion\",\"beforeFeature\",\"beforeScenario\",\"beforeStep\",\"afterStep\",\"afterScenario\",\"afterFeature\",\"_\",\"suite\",\"$0\",\"ignoredWorkerServices\",\"wdi5\"]"}]}
COMMAND: POST /session/29c94e7c3de8c8de4e6aab3f7ecf7110/execute/async - {"script":"<script> [21126 bytes]","args":[35000]}
RESULT: {"script":"<script> [21126 bytes]","args":[35000]}
COMMAND: POST /session/29c94e7c3de8c8de4e6aab3f7ecf7110/execute/async - {"script":"<script> [1562 bytes]","args":[{"selector":{"controlType":"sap.m.ObjectStatus","viewName":"etm.portal.ui.managerequests.view.Detail","bindingPath":{"path":"/RequestHeaders('20061')","propertyPath":"LINK_TO_STATUS/DESCRIPTION","modelName":"catalogModel"}},"wdio_ui5_key":"etmportal.ui.managerequests.view.Detailsap.m.ObjectStatus{\"path\":\"/RequestHeaders('20061')\",\"propertyPath\":\"LINK_TO_STATUS/DESCRIPTION\",\"modelName\":\"catalogModel\"}"}]}
RESULT: {"script":"<script> [1562 bytes]","args":[{"selector":{"controlType":"sap.m.ObjectStatus","viewName":"etm.portal.ui.managerequests.view.Detail","bindingPath":{"path":"/RequestHeaders('20061')","propertyPath":"LINK_TO_STATUS/DESCRIPTION","modelName":"catalogModel"}},"wdio_ui5_key":"etmportal.ui.managerequests.view.Detailsap.m.ObjectStatus{\"path\":\"/RequestHeaders('20061')\",\"propertyPath\":\"LINK_TO_STATUS/DESCRIPTION\",\"modelName\":\"catalogModel\"}"}]}
RESULT: undefined
COMMAND: POST /session/29c94e7c3de8c8de4e6aab3f7ecf7110/execute/async - {"script":"<script> [6424 bytes]","args":[{"element-6066-11e4-a52e-4f735466cecf":"f.A8B909B395C19A77638691ECE2720CC3.d.3ABB429549AE495487EFBAC9D20C01BE.e.6093"},"getText",[]]}
RESULT: {"script":"<script> [6424 bytes]","args":[{"element-6066-11e4-a52e-4f735466cecf":"f.A8B909B395C19A77638691ECE2720CC3.d.3ABB429549AE495487EFBAC9D20C01BE.e.6093"},"getText",[]]}
COMMAND: POST /session/29c94e7c3de8c8de4e6aab3f7ecf7110/execute/async - {"script":"<script> [1562 bytes]","args":[{"selector":{"controlType":"sap.m.Button","viewName":"etm.portal.ui.managerequests.view.Detail","bindingPath":{"path":"/SmartRequestItemsPlanningBoard(ITEM=10m,REQUEST='20061')","propertyPath":"PICK_UP"}},"wdio_ui5_key":"etmportal.ui.managerequests.view.Detailsap.m.Button{\"path\":\"/SmartRequestItemsPlanningBoard(ITEM=10m,REQUEST='20061')\",\"propertyPath\":\"PICK_UP\"}"}]}
RESULT: {"script":"<script> [1562 bytes]","args":[{"selector":{"controlType":"sap.m.Button","viewName":"etm.portal.ui.managerequests.view.Detail","bindingPath":{"path":"/SmartRequestItemsPlanningBoard(ITEM=10m,REQUEST='20061')","propertyPath":"PICK_UP"}},"wdio_ui5_key":"etmportal.ui.managerequests.view.Detailsap.m.Button{\"path\":\"/SmartRequestItemsPlanningBoard(ITEM=10m,REQUEST='20061')\",\"propertyPath\":\"PICK_UP\"}"}]}
RESULT: undefined
COMMAND: POST /session/29c94e7c3de8c8de4e6aab3f7ecf7110/execute/async - {"script":"<script> [6424 bytes]","args":[{"element-6066-11e4-a52e-4f735466cecf":"f.A8B909B395C19A77638691ECE2720CC3.d.3ABB429549AE495487EFBAC9D20C01BE.e.6078"},"getType",[]]}
RESULT: {"script":"<script> [6424 bytes]","args":[{"element-6066-11e4-a52e-4f735466cecf":"f.A8B909B395C19A77638691ECE2720CC3.d.3ABB429549AE495487EFBAC9D20C01BE.e.6078"},"getType",[]]}
COMMAND: POST /session/29c94e7c3de8c8de4e6aab3f7ecf7110/execute/async - {"script":"<script> [1562 bytes]","args":[{"selector":{"controlType":"sap.m.Button","viewName":"etm.portal.ui.managerequests.view.Detail","bindingPath":{"path":"/SmartRequestItemsPlanningBoard(ITEM=20m,REQUEST='20061')","propertyPath":"PICK_UP"}},"wdio_ui5_key":"etmportal.ui.managerequests.view.Detailsap.m.Button{\"path\":\"/SmartRequestItemsPlanningBoard(ITEM=20m,REQUEST='20061')\",\"propertyPath\":\"PICK_UP\"}"}]}
RESULT: {"script":"<script> [1562 bytes]","args":[{"selector":{"controlType":"sap.m.Button","viewName":"etm.portal.ui.managerequests.view.Detail","bindingPath":{"path":"/SmartRequestItemsPlanningBoard(ITEM=20m,REQUEST='20061')","propertyPath":"PICK_UP"}},"wdio_ui5_key":"etmportal.ui.managerequests.view.Detailsap.m.Button{\"path\":\"/SmartRequestItemsPlanningBoard(ITEM=20m,REQUEST='20061')\",\"propertyPath\":\"PICK_UP\"}"}]}
RESULT: undefined
COMMAND: POST /session/29c94e7c3de8c8de4e6aab3f7ecf7110/execute/async - {"script":"<script> [6424 bytes]","args":[{"element-6066-11e4-a52e-4f735466cecf":"f.A8B909B395C19A77638691ECE2720CC3.d.3ABB429549AE495487EFBAC9D20C01BE.e.6094"},"getType",[]]}
RESULT: {"script":"<script> [6424 bytes]","args":[{"element-6066-11e4-a52e-4f735466cecf":"f.A8B909B395C19A77638691ECE2720CC3.d.3ABB429549AE495487EFBAC9D20C01BE.e.6094"},"getType",[]]}
COMMAND: POST /session/29c94e7c3de8c8de4e6aab3f7ecf7110/element - {"using":"css selector","value":"#shell-header-logo"}
RESULT: {"using":"css selector","value":"#shell-header-logo"}
COMMAND: POST /session/29c94e7c3de8c8de4e6aab3f7ecf7110/element/f.A8B909B395C19A77638691ECE2720CC3.d.3ABB429549AE495487EFBAC9D20C01BE.e.5885/click - {}
RESULT: {}
COMMAND: GET /session/29c94e7c3de8c8de4e6aab3f7ecf7110/screenshot - {}
RESULT: {}
COMMAND: POST /session/29c94e7c3de8c8de4e6aab3f7ecf7110/execute/async - {"script":"<script> [1562 bytes]","args":[{"selector":{"controlType":"sap.m.GenericTile","properties":{"header":"Manage Classifications"}},"wdio_ui5_key":"sapm.GenericTile{\"header\":\"Manage Classifications\"}"}]}
RESULT: {"script":"<script> [1562 bytes]","args":[{"selector":{"controlType":"sap.m.GenericTile","properties":{"header":"Manage Classifications"}},"wdio_ui5_key":"sapm.GenericTile{\"header\":\"Manage Classifications\"}"}]}
RESULT: undefined
COMMAND: POST /session/29c94e7c3de8c8de4e6aab3f7ecf7110/element - {"using":"xpath","value":"//*[@id=\"__tile117\"]"}
RESULT: {"using":"xpath","value":"//*[@id=\"__tile117\"]"}
COMMAND: POST /session/29c94e7c3de8c8de4e6aab3f7ecf7110/element/f.A8B909B395C19A77638691ECE2720CC3.d.3ABB429549AE495487EFBAC9D20C01BE.e.6107/click - {}
RESULT: {}
COMMAND: GET /session/29c94e7c3de8c8de4e6aab3f7ecf7110/screenshot - {}
RESULT: {}
COMMAND: POST /session/29c94e7c3de8c8de4e6aab3f7ecf7110/elements - {"using":"xpath","value":"//span[text()='Error']"}
RESULT: {"using":"xpath","value":"//span[text()='Error']"}
]]></system-out>
    </testcase>
  </testsuite>
  <testsuite timestamp="2025-06-12T15:59:17" time="407.66" tests="4" failures="0" errors="0" skipped="0">
    <properties>
      <property name="specId" value="0" />
      <property name="suiteName" value="Manage requests - requests specifications US141095" />
      <property name="capabilities" value="chrome.137_0_7151_69.windows" />
      <property name="file" value="file:///D:/a/1/s/test/specs/R2C/manage-requests-request-specifications.spec.js" />
    </properties>
    <testcase classname="chrome.137_0_7151_69.windows.Manage_requests_-_requests_specifications_US141095" name="Should create a new classification of type request item" time="40.723">
      <system-out><![CDATA[
COMMAND: POST /session/29c94e7c3de8c8de4e6aab3f7ecf7110/execute/async - {"script":"<script> [1562 bytes]","args":[{"selector":{"controlType":"sap.ui.core.Icon","viewName":"etm.portal.ui.manageclassifications.view.Master","viewId":"application-manageclassifications-display-component---classificationMaster","properties":{"src":{"regex":{"source":"add"}}}},"wdio_ui5_key":"etmportal.ui.manageclassifications.view.Mastersap.ui.core.Icon{\"src\":{\"regex\":{\"source\":\"add\"}}}"}]}
RESULT: {"script":"<script> [1562 bytes]","args":[{"selector":{"controlType":"sap.ui.core.Icon","viewName":"etm.portal.ui.manageclassifications.view.Master","viewId":"application-manageclassifications-display-component---classificationMaster","properties":{"src":{"regex":{"source":"add"}}}},"wdio_ui5_key":"etmportal.ui.manageclassifications.view.Mastersap.ui.core.Icon{\"src\":{\"regex\":{\"source\":\"add\"}}}"}]}
RESULT: undefined
COMMAND: POST /session/29c94e7c3de8c8de4e6aab3f7ecf7110/element - {"using":"xpath","value":"//*[@id=\"__button27-img\"]"}
RESULT: {"using":"xpath","value":"//*[@id=\"__button27-img\"]"}
COMMAND: POST /session/29c94e7c3de8c8de4e6aab3f7ecf7110/element/f.A8B909B395C19A77638691ECE2720CC3.d.3ABB429549AE495487EFBAC9D20C01BE.e.6147/click - {}
RESULT: {}
COMMAND: POST /session/29c94e7c3de8c8de4e6aab3f7ecf7110/execute/async - {"script":"<script> [1562 bytes]","args":[{"selector":{"id":"application-manageclassifications-display-component---classificationCreate--classHeaderName","interaction":{"idSuffix":"inner"}},"wdio_ui5_key":"applicationmanageclassifications-display-component---classificationCreate--classHeaderName"}]}
COMMAND: GET /session/29c94e7c3de8c8de4e6aab3f7ecf7110/screenshot - {}
RESULT: {"script":"<script> [1562 bytes]","args":[{"selector":{"id":"application-manageclassifications-display-component---classificationCreate--classHeaderName","interaction":{"idSuffix":"inner"}},"wdio_ui5_key":"applicationmanageclassifications-display-component---classificationCreate--classHeaderName"}]}
RESULT: undefined
COMMAND: POST /session/29c94e7c3de8c8de4e6aab3f7ecf7110/execute/async - {"script":"<script> [776 bytes]","args":[{"enterText":"WebdriverItemClassm1uwfh","selector":{"id":"application-manageclassifications-display-component---classificationCreate--classHeaderName","interaction":{"idSuffix":"inner"}},"clearTextFirst":true,"interactionType":"ENTER_TEXT"}]}
RESULT: {}
RESULT: {"script":"<script> [776 bytes]","args":[{"enterText":"WebdriverItemClassm1uwfh","selector":{"id":"application-manageclassifications-display-component---classificationCreate--classHeaderName","interaction":{"idSuffix":"inner"}},"clearTextFirst":true,"interactionType":"ENTER_TEXT"}]}
COMMAND: POST /session/29c94e7c3de8c8de4e6aab3f7ecf7110/execute/async - {"script":"<script> [1562 bytes]","args":[{"selector":{"controlType":"sap.ui.core.Icon","viewName":"etm.portal.ui.manageclassifications.view.Create","viewId":"application-manageclassifications-display-component---classificationCreate","properties":{"src":{"regex":{"source":"slim\\-arrow\\-down"}}}},"wdio_ui5_key":"etmportal.ui.manageclassifications.view.Createsap.ui.core.Icon{\"src\":{\"regex\":{\"source\":\"slim\\\\-arrow\\\\-down\"}}}"}]}
RESULT: {"script":"<script> [1562 bytes]","args":[{"selector":{"controlType":"sap.ui.core.Icon","viewName":"etm.portal.ui.manageclassifications.view.Create","viewId":"application-manageclassifications-display-component---classificationCreate","properties":{"src":{"regex":{"source":"slim\\-arrow\\-down"}}}},"wdio_ui5_key":"etmportal.ui.manageclassifications.view.Createsap.ui.core.Icon{\"src\":{\"regex\":{\"source\":\"slim\\\\-arrow\\\\-down\"}}}"}]}
RESULT: undefined
COMMAND: POST /session/29c94e7c3de8c8de4e6aab3f7ecf7110/element - {"using":"xpath","value":"//*[@id=\"__box12-arrow\"]"}
RESULT: {"using":"xpath","value":"//*[@id=\"__box12-arrow\"]"}
COMMAND: POST /session/29c94e7c3de8c8de4e6aab3f7ecf7110/element/f.A8B909B395C19A77638691ECE2720CC3.d.3ABB429549AE495487EFBAC9D20C01BE.e.6538/click - {}
RESULT: {}
COMMAND: POST /session/29c94e7c3de8c8de4e6aab3f7ecf7110/execute/async - {"script":"<script> [1562 bytes]","args":[{"selector":{"controlType":"sap.m.StandardListItem","viewName":"etm.portal.ui.manageclassifications.view.Create","viewId":"application-manageclassifications-display-component---classificationCreate","properties":{"title":"Request Item Specifications"},"searchOpenDialogs":true,"interaction":{"idSuffix":"titleText"}},"wdio_ui5_key":"etmportal.ui.manageclassifications.view.Createsap.m.StandardListItem{\"title\":\"Request Item Specifications\"}"}]}
COMMAND: GET /session/29c94e7c3de8c8de4e6aab3f7ecf7110/screenshot - {}
RESULT: {"script":"<script> [1562 bytes]","args":[{"selector":{"controlType":"sap.m.StandardListItem","viewName":"etm.portal.ui.manageclassifications.view.Create","viewId":"application-manageclassifications-display-component---classificationCreate","properties":{"title":"Request Item Specifications"},"searchOpenDialogs":true,"interaction":{"idSuffix":"titleText"}},"wdio_ui5_key":"etmportal.ui.manageclassifications.view.Createsap.m.StandardListItem{\"title\":\"Request Item Specifications\"}"}]}
RESULT: undefined
COMMAND: POST /session/29c94e7c3de8c8de4e6aab3f7ecf7110/element - {"using":"xpath","value":"//*[@id=\"__item88\"]"}
RESULT: {}
RESULT: {"using":"xpath","value":"//*[@id=\"__item88\"]"}
COMMAND: POST /session/29c94e7c3de8c8de4e6aab3f7ecf7110/element/f.A8B909B395C19A77638691ECE2720CC3.d.3ABB429549AE495487EFBAC9D20C01BE.e.6578/click - {}
RESULT: {}
COMMAND: POST /session/29c94e7c3de8c8de4e6aab3f7ecf7110/execute/async - {"script":"<script> [1562 bytes]","args":[{"selector":{"controlType":"sap.ui.core.Icon","viewName":"etm.portal.ui.manageclassifications.view.Create","viewId":"application-manageclassifications-display-component---classificationCreate","properties":{"src":{"regex":{"source":"add"}}}},"wdio_ui5_key":"etmportal.ui.manageclassifications.view.Createsap.ui.core.Icon{\"src\":{\"regex\":{\"source\":\"add\"}}}"}]}
COMMAND: GET /session/29c94e7c3de8c8de4e6aab3f7ecf7110/screenshot - {}
RESULT: {"script":"<script> [1562 bytes]","args":[{"selector":{"controlType":"sap.ui.core.Icon","viewName":"etm.portal.ui.manageclassifications.view.Create","viewId":"application-manageclassifications-display-component---classificationCreate","properties":{"src":{"regex":{"source":"add"}}}},"wdio_ui5_key":"etmportal.ui.manageclassifications.view.Createsap.ui.core.Icon{\"src\":{\"regex\":{\"source\":\"add\"}}}"}]}
RESULT: undefined
COMMAND: POST /session/29c94e7c3de8c8de4e6aab3f7ecf7110/element - {"using":"xpath","value":"//*[@id=\"__button32-img\"]"}
RESULT: {}
RESULT: {"using":"xpath","value":"//*[@id=\"__button32-img\"]"}
COMMAND: POST /session/29c94e7c3de8c8de4e6aab3f7ecf7110/element/f.A8B909B395C19A77638691ECE2720CC3.d.3ABB429549AE495487EFBAC9D20C01BE.e.6541/click - {}
RESULT: {}
COMMAND: POST /session/29c94e7c3de8c8de4e6aab3f7ecf7110/execute/async - {"script":"<script> [1562 bytes]","args":[{"selector":{"controlType":"sap.m.Input","viewName":"etm.portal.ui.manageclassifications.view.Create","viewId":"application-manageclassifications-display-component---classificationCreate","bindingPath":{"path":"/0","propertyPath":"PROPERTY","modelName":"newConfigModel"},"interaction":{"idSuffix":"inner"}},"wdio_ui5_key":"etmportal.ui.manageclassifications.view.Createsap.m.Input{\"path\":\"/0\",\"propertyPath\":\"PROPERTY\",\"modelName\":\"newConfigModel\"}"}]}
COMMAND: GET /session/29c94e7c3de8c8de4e6aab3f7ecf7110/screenshot - {}
RESULT: {"script":"<script> [1562 bytes]","args":[{"selector":{"controlType":"sap.m.Input","viewName":"etm.portal.ui.manageclassifications.view.Create","viewId":"application-manageclassifications-display-component---classificationCreate","bindingPath":{"path":"/0","propertyPath":"PROPERTY","modelName":"newConfigModel"},"interaction":{"idSuffix":"inner"}},"wdio_ui5_key":"etmportal.ui.manageclassifications.view.Createsap.m.Input{\"path\":\"/0\",\"propertyPath\":\"PROPERTY\",\"modelName\":\"newConfigModel\"}"}]}
RESULT: undefined
COMMAND: POST /session/29c94e7c3de8c8de4e6aab3f7ecf7110/execute/async - {"script":"<script> [776 bytes]","args":[{"enterText":"Color","selector":{"controlType":"sap.m.Input","viewName":"etm.portal.ui.manageclassifications.view.Create","viewId":"application-manageclassifications-display-component---classificationCreate","bindingPath":{"path":"/0","propertyPath":"PROPERTY","modelName":"newConfigModel"},"interaction":{"idSuffix":"inner"}},"clearTextFirst":true,"interactionType":"ENTER_TEXT"}]}
RESULT: {}
RESULT: {"script":"<script> [776 bytes]","args":[{"enterText":"Color","selector":{"controlType":"sap.m.Input","viewName":"etm.portal.ui.manageclassifications.view.Create","viewId":"application-manageclassifications-display-component---classificationCreate","bindingPath":{"path":"/0","propertyPath":"PROPERTY","modelName":"newConfigModel"},"interaction":{"idSuffix":"inner"}},"clearTextFirst":true,"interactionType":"ENTER_TEXT"}]}
COMMAND: POST /session/29c94e7c3de8c8de4e6aab3f7ecf7110/execute/async - {"script":"<script> [1562 bytes]","args":[{"selector":{"controlType":"sap.m.Input","viewName":"etm.portal.ui.manageclassifications.view.Create","viewId":"application-manageclassifications-display-component---classificationCreate","bindingPath":{"path":"/0","propertyPath":"DESCRIPTION","modelName":"newConfigModel"},"interaction":{"idSuffix":"inner"}},"wdio_ui5_key":"etmportal.ui.manageclassifications.view.Createsap.m.Input{\"path\":\"/0\",\"propertyPath\":\"DESCRIPTION\",\"modelName\":\"newConfigModel\"}"}]}
RESULT: {"script":"<script> [1562 bytes]","args":[{"selector":{"controlType":"sap.m.Input","viewName":"etm.portal.ui.manageclassifications.view.Create","viewId":"application-manageclassifications-display-component---classificationCreate","bindingPath":{"path":"/0","propertyPath":"DESCRIPTION","modelName":"newConfigModel"},"interaction":{"idSuffix":"inner"}},"wdio_ui5_key":"etmportal.ui.manageclassifications.view.Createsap.m.Input{\"path\":\"/0\",\"propertyPath\":\"DESCRIPTION\",\"modelName\":\"newConfigModel\"}"}]}
RESULT: undefined
COMMAND: POST /session/29c94e7c3de8c8de4e6aab3f7ecf7110/execute/async - {"script":"<script> [776 bytes]","args":[{"enterText":"Color","selector":{"controlType":"sap.m.Input","viewName":"etm.portal.ui.manageclassifications.view.Create","viewId":"application-manageclassifications-display-component---classificationCreate","bindingPath":{"path":"/0","propertyPath":"DESCRIPTION","modelName":"newConfigModel"},"interaction":{"idSuffix":"inner"}},"clearTextFirst":true,"interactionType":"ENTER_TEXT"}]}
RESULT: {"script":"<script> [776 bytes]","args":[{"enterText":"Color","selector":{"controlType":"sap.m.Input","viewName":"etm.portal.ui.manageclassifications.view.Create","viewId":"application-manageclassifications-display-component---classificationCreate","bindingPath":{"path":"/0","propertyPath":"DESCRIPTION","modelName":"newConfigModel"},"interaction":{"idSuffix":"inner"}},"clearTextFirst":true,"interactionType":"ENTER_TEXT"}]}
COMMAND: POST /session/29c94e7c3de8c8de4e6aab3f7ecf7110/execute/async - {"script":"<script> [1562 bytes]","args":[{"selector":{"controlType":"sap.ui.core.Icon","viewName":"etm.portal.ui.manageclassifications.view.Create","viewId":"application-manageclassifications-display-component---classificationCreate","properties":{"src":{"regex":{"source":"slim\\-arrow\\-down"}}},"ancestor":{"controlType":"sap.m.ComboBox","viewName":"etm.portal.ui.manageclassifications.view.Create","viewId":"application-manageclassifications-display-component---classificationCreate","bindingPath":{"path":"/0","propertyPath":"VALUE_TYPE","modelName":"newConfigModel"}}},"wdio_ui5_key":"etmportal.ui.manageclassifications.view.Createsap.ui.core.Icon{\"src\":{\"regex\":{\"source\":\"slim\\\\-arrow\\\\-down\"}}}{\"controlType\":\"sap.m.ComboBox\",\"viewName\":\"etm.portal.ui.manageclassifications.view.Create\",\"viewId\":\"application-manageclassifications-display-component---classificationCreate\",\"bindingPath\":{\"path\":\"/0\",\"propertyPath\":\"VALUE_TYPE\",\"modelName\":\"newConfigModel\"}}"}]}
RESULT: {"script":"<script> [1562 bytes]","args":[{"selector":{"controlType":"sap.ui.core.Icon","viewName":"etm.portal.ui.manageclassifications.view.Create","viewId":"application-manageclassifications-display-component---classificationCreate","properties":{"src":{"regex":{"source":"slim\\-arrow\\-down"}}},"ancestor":{"controlType":"sap.m.ComboBox","viewName":"etm.portal.ui.manageclassifications.view.Create","viewId":"application-manageclassifications-display-component---classificationCreate","bindingPath":{"path":"/0","propertyPath":"VALUE_TYPE","modelName":"newConfigModel"}}},"wdio_ui5_key":"etmportal.ui.manageclassifications.view.Createsap.ui.core.Icon{\"src\":{\"regex\":{\"source\":\"slim\\\\-arrow\\\\-down\"}}}{\"controlType\":\"sap.m.ComboBox\",\"viewName\":\"etm.portal.ui.manageclassifications.view.Create\",\"viewId\":\"application-manageclassifications-display-component---classificationCreate\",\"bindingPath\":{\"path\":\"/0\",\"propertyPath\":\"VALUE_TYPE\",\"modelName\":\"newConfigModel\"}}"}]}
RESULT: undefined
COMMAND: POST /session/29c94e7c3de8c8de4e6aab3f7ecf7110/element - {"using":"xpath","value":"//*[@id=\"__box13-application-manageclassifications-display-component---classificationCreate--configurationList-0-arrow\"]"}
RESULT: {"using":"xpath","value":"//*[@id=\"__box13-application-manageclassifications-display-component---classificationCreate--configurationList-0-arrow\"]"}
COMMAND: POST /session/29c94e7c3de8c8de4e6aab3f7ecf7110/element/f.A8B909B395C19A77638691ECE2720CC3.d.3ABB429549AE495487EFBAC9D20C01BE.e.6587/click - {}
RESULT: {}
COMMAND: POST /session/29c94e7c3de8c8de4e6aab3f7ecf7110/execute/async - {"script":"<script> [1562 bytes]","args":[{"selector":{"controlType":"sap.m.StandardListItem","viewName":"etm.portal.ui.manageclassifications.view.Create","viewId":"application-manageclassifications-display-component---classificationCreate","properties":{"title":"Dropdown"},"searchOpenDialogs":true,"interaction":{"idSuffix":"titleText"}},"wdio_ui5_key":"etmportal.ui.manageclassifications.view.Createsap.m.StandardListItem{\"title\":\"Dropdown\"}"}]}
COMMAND: GET /session/29c94e7c3de8c8de4e6aab3f7ecf7110/screenshot - {}
RESULT: {"script":"<script> [1562 bytes]","args":[{"selector":{"controlType":"sap.m.StandardListItem","viewName":"etm.portal.ui.manageclassifications.view.Create","viewId":"application-manageclassifications-display-component---classificationCreate","properties":{"title":"Dropdown"},"searchOpenDialogs":true,"interaction":{"idSuffix":"titleText"}},"wdio_ui5_key":"etmportal.ui.manageclassifications.view.Createsap.m.StandardListItem{\"title\":\"Dropdown\"}"}]}
RESULT: undefined
COMMAND: POST /session/29c94e7c3de8c8de4e6aab3f7ecf7110/element - {"using":"xpath","value":"//*[@id=\"__item96\"]"}
RESULT: {}
RESULT: {"using":"xpath","value":"//*[@id=\"__item96\"]"}
COMMAND: POST /session/29c94e7c3de8c8de4e6aab3f7ecf7110/element/f.A8B909B395C19A77638691ECE2720CC3.d.3ABB429549AE495487EFBAC9D20C01BE.e.6589/click - {}
RESULT: {}
COMMAND: POST /session/29c94e7c3de8c8de4e6aab3f7ecf7110/execute/async - {"script":"<script> [1562 bytes]","args":[{"selector":{"controlType":"sap.ui.core.Icon","viewName":"etm.portal.ui.manageclassifications.view.Create","viewId":"application-manageclassifications-display-component---classificationCreate","properties":{"src":{"regex":{"source":"crm\\-service\\-manager"}}}},"wdio_ui5_key":"etmportal.ui.manageclassifications.view.Createsap.ui.core.Icon{\"src\":{\"regex\":{\"source\":\"crm\\\\-service\\\\-manager\"}}}"}]}
COMMAND: GET /session/29c94e7c3de8c8de4e6aab3f7ecf7110/screenshot - {}
RESULT: {"script":"<script> [1562 bytes]","args":[{"selector":{"controlType":"sap.ui.core.Icon","viewName":"etm.portal.ui.manageclassifications.view.Create","viewId":"application-manageclassifications-display-component---classificationCreate","properties":{"src":{"regex":{"source":"crm\\-service\\-manager"}}}},"wdio_ui5_key":"etmportal.ui.manageclassifications.view.Createsap.ui.core.Icon{\"src\":{\"regex\":{\"source\":\"crm\\\\-service\\\\-manager\"}}}"}]}
RESULT: undefined
COMMAND: POST /session/29c94e7c3de8c8de4e6aab3f7ecf7110/element - {"using":"xpath","value":"//*[@id=\"__button34-application-manageclassifications-display-component---classificationCreate--configurationList-0-img\"]"}
RESULT: {}
RESULT: {"using":"xpath","value":"//*[@id=\"__button34-application-manageclassifications-display-component---classificationCreate--configurationList-0-img\"]"}
COMMAND: POST /session/29c94e7c3de8c8de4e6aab3f7ecf7110/element/f.A8B909B395C19A77638691ECE2720CC3.d.3ABB429549AE495487EFBAC9D20C01BE.e.6591/click - {}
RESULT: {}
COMMAND: POST /session/29c94e7c3de8c8de4e6aab3f7ecf7110/element - {"using":"xpath","value":"//button[@title=\"Add additional value\"]"}
COMMAND: GET /session/29c94e7c3de8c8de4e6aab3f7ecf7110/screenshot - {}
RESULT: {"using":"xpath","value":"//button[@title=\"Add additional value\"]"}
COMMAND: POST /session/29c94e7c3de8c8de4e6aab3f7ecf7110/element/f.A8B909B395C19A77638691ECE2720CC3.d.3ABB429549AE495487EFBAC9D20C01BE.e.6592/click - {}
RESULT: {}
RESULT: {}
COMMAND: POST /session/29c94e7c3de8c8de4e6aab3f7ecf7110/execute/async - {"script":"<script> [1562 bytes]","args":[{"selector":{"controlType":"sap.m.Input","viewName":"etm.portal.ui.manageclassifications.view.Create","viewId":"application-manageclassifications-display-component---classificationCreate","bindingPath":{"path":"/VALUES/0","propertyPath":"VALUE","modelName":"dropdownValuesModel"},"searchOpenDialogs":true,"interaction":{"idSuffix":"inner"}},"wdio_ui5_key":"etmportal.ui.manageclassifications.view.Createsap.m.Input{\"path\":\"/VALUES/0\",\"propertyPath\":\"VALUE\",\"modelName\":\"dropdownValuesModel\"}"}]}
COMMAND: GET /session/29c94e7c3de8c8de4e6aab3f7ecf7110/screenshot - {}
RESULT: {"script":"<script> [1562 bytes]","args":[{"selector":{"controlType":"sap.m.Input","viewName":"etm.portal.ui.manageclassifications.view.Create","viewId":"application-manageclassifications-display-component---classificationCreate","bindingPath":{"path":"/VALUES/0","propertyPath":"VALUE","modelName":"dropdownValuesModel"},"searchOpenDialogs":true,"interaction":{"idSuffix":"inner"}},"wdio_ui5_key":"etmportal.ui.manageclassifications.view.Createsap.m.Input{\"path\":\"/VALUES/0\",\"propertyPath\":\"VALUE\",\"modelName\":\"dropdownValuesModel\"}"}]}
RESULT: undefined
COMMAND: POST /session/29c94e7c3de8c8de4e6aab3f7ecf7110/execute/async - {"script":"<script> [776 bytes]","args":[{"enterText":"1","selector":{"controlType":"sap.m.Input","viewName":"etm.portal.ui.manageclassifications.view.Create","viewId":"application-manageclassifications-display-component---classificationCreate","bindingPath":{"path":"/VALUES/0","propertyPath":"VALUE","modelName":"dropdownValuesModel"},"searchOpenDialogs":true,"interaction":{"idSuffix":"inner"}},"clearTextFirst":true,"interactionType":"ENTER_TEXT"}]}
RESULT: {}
RESULT: {"script":"<script> [776 bytes]","args":[{"enterText":"1","selector":{"controlType":"sap.m.Input","viewName":"etm.portal.ui.manageclassifications.view.Create","viewId":"application-manageclassifications-display-component---classificationCreate","bindingPath":{"path":"/VALUES/0","propertyPath":"VALUE","modelName":"dropdownValuesModel"},"searchOpenDialogs":true,"interaction":{"idSuffix":"inner"}},"clearTextFirst":true,"interactionType":"ENTER_TEXT"}]}
COMMAND: POST /session/29c94e7c3de8c8de4e6aab3f7ecf7110/execute/async - {"script":"<script> [1562 bytes]","args":[{"selector":{"controlType":"sap.m.Input","viewName":"etm.portal.ui.manageclassifications.view.Create","viewId":"application-manageclassifications-display-component---classificationCreate","bindingPath":{"path":"/VALUES/0","propertyPath":"TEXT","modelName":"dropdownValuesModel"},"searchOpenDialogs":true,"interaction":{"idSuffix":"inner"}},"wdio_ui5_key":"etmportal.ui.manageclassifications.view.Createsap.m.Input{\"path\":\"/VALUES/0\",\"propertyPath\":\"TEXT\",\"modelName\":\"dropdownValuesModel\"}"}]}
RESULT: {"script":"<script> [1562 bytes]","args":[{"selector":{"controlType":"sap.m.Input","viewName":"etm.portal.ui.manageclassifications.view.Create","viewId":"application-manageclassifications-display-component---classificationCreate","bindingPath":{"path":"/VALUES/0","propertyPath":"TEXT","modelName":"dropdownValuesModel"},"searchOpenDialogs":true,"interaction":{"idSuffix":"inner"}},"wdio_ui5_key":"etmportal.ui.manageclassifications.view.Createsap.m.Input{\"path\":\"/VALUES/0\",\"propertyPath\":\"TEXT\",\"modelName\":\"dropdownValuesModel\"}"}]}
RESULT: undefined
COMMAND: POST /session/29c94e7c3de8c8de4e6aab3f7ecf7110/execute/async - {"script":"<script> [776 bytes]","args":[{"enterText":"blue","selector":{"controlType":"sap.m.Input","viewName":"etm.portal.ui.manageclassifications.view.Create","viewId":"application-manageclassifications-display-component---classificationCreate","bindingPath":{"path":"/VALUES/0","propertyPath":"TEXT","modelName":"dropdownValuesModel"},"searchOpenDialogs":true,"interaction":{"idSuffix":"inner"}},"clearTextFirst":true,"interactionType":"ENTER_TEXT"}]}
RESULT: {"script":"<script> [776 bytes]","args":[{"enterText":"blue","selector":{"controlType":"sap.m.Input","viewName":"etm.portal.ui.manageclassifications.view.Create","viewId":"application-manageclassifications-display-component---classificationCreate","bindingPath":{"path":"/VALUES/0","propertyPath":"TEXT","modelName":"dropdownValuesModel"},"searchOpenDialogs":true,"interaction":{"idSuffix":"inner"}},"clearTextFirst":true,"interactionType":"ENTER_TEXT"}]}
COMMAND: POST /session/29c94e7c3de8c8de4e6aab3f7ecf7110/element - {"using":"xpath","value":"//button[@title=\"Add additional value\"]"}
RESULT: {"using":"xpath","value":"//button[@title=\"Add additional value\"]"}
COMMAND: POST /session/29c94e7c3de8c8de4e6aab3f7ecf7110/element/f.A8B909B395C19A77638691ECE2720CC3.d.3ABB429549AE495487EFBAC9D20C01BE.e.6592/click - {}
RESULT: {}
COMMAND: POST /session/29c94e7c3de8c8de4e6aab3f7ecf7110/execute/async - {"script":"<script> [1562 bytes]","args":[{"selector":{"controlType":"sap.m.Input","viewName":"etm.portal.ui.manageclassifications.view.Create","viewId":"application-manageclassifications-display-component---classificationCreate","bindingPath":{"path":"/VALUES/1","propertyPath":"VALUE","modelName":"dropdownValuesModel"},"searchOpenDialogs":true,"interaction":{"idSuffix":"inner"}},"wdio_ui5_key":"etmportal.ui.manageclassifications.view.Createsap.m.Input{\"path\":\"/VALUES/1\",\"propertyPath\":\"VALUE\",\"modelName\":\"dropdownValuesModel\"}"}]}
COMMAND: GET /session/29c94e7c3de8c8de4e6aab3f7ecf7110/screenshot - {}
RESULT: {"script":"<script> [1562 bytes]","args":[{"selector":{"controlType":"sap.m.Input","viewName":"etm.portal.ui.manageclassifications.view.Create","viewId":"application-manageclassifications-display-component---classificationCreate","bindingPath":{"path":"/VALUES/1","propertyPath":"VALUE","modelName":"dropdownValuesModel"},"searchOpenDialogs":true,"interaction":{"idSuffix":"inner"}},"wdio_ui5_key":"etmportal.ui.manageclassifications.view.Createsap.m.Input{\"path\":\"/VALUES/1\",\"propertyPath\":\"VALUE\",\"modelName\":\"dropdownValuesModel\"}"}]}
RESULT: undefined
COMMAND: POST /session/29c94e7c3de8c8de4e6aab3f7ecf7110/execute/async - {"script":"<script> [776 bytes]","args":[{"enterText":"2","selector":{"controlType":"sap.m.Input","viewName":"etm.portal.ui.manageclassifications.view.Create","viewId":"application-manageclassifications-display-component---classificationCreate","bindingPath":{"path":"/VALUES/1","propertyPath":"VALUE","modelName":"dropdownValuesModel"},"searchOpenDialogs":true,"interaction":{"idSuffix":"inner"}},"clearTextFirst":true,"interactionType":"ENTER_TEXT"}]}
RESULT: {}
RESULT: {"script":"<script> [776 bytes]","args":[{"enterText":"2","selector":{"controlType":"sap.m.Input","viewName":"etm.portal.ui.manageclassifications.view.Create","viewId":"application-manageclassifications-display-component---classificationCreate","bindingPath":{"path":"/VALUES/1","propertyPath":"VALUE","modelName":"dropdownValuesModel"},"searchOpenDialogs":true,"interaction":{"idSuffix":"inner"}},"clearTextFirst":true,"interactionType":"ENTER_TEXT"}]}
COMMAND: POST /session/29c94e7c3de8c8de4e6aab3f7ecf7110/execute/async - {"script":"<script> [1562 bytes]","args":[{"selector":{"controlType":"sap.m.Input","viewName":"etm.portal.ui.manageclassifications.view.Create","viewId":"application-manageclassifications-display-component---classificationCreate","bindingPath":{"path":"/VALUES/1","propertyPath":"TEXT","modelName":"dropdownValuesModel"},"searchOpenDialogs":true,"interaction":{"idSuffix":"inner"}},"wdio_ui5_key":"etmportal.ui.manageclassifications.view.Createsap.m.Input{\"path\":\"/VALUES/1\",\"propertyPath\":\"TEXT\",\"modelName\":\"dropdownValuesModel\"}"}]}
RESULT: {"script":"<script> [1562 bytes]","args":[{"selector":{"controlType":"sap.m.Input","viewName":"etm.portal.ui.manageclassifications.view.Create","viewId":"application-manageclassifications-display-component---classificationCreate","bindingPath":{"path":"/VALUES/1","propertyPath":"TEXT","modelName":"dropdownValuesModel"},"searchOpenDialogs":true,"interaction":{"idSuffix":"inner"}},"wdio_ui5_key":"etmportal.ui.manageclassifications.view.Createsap.m.Input{\"path\":\"/VALUES/1\",\"propertyPath\":\"TEXT\",\"modelName\":\"dropdownValuesModel\"}"}]}
RESULT: undefined
COMMAND: POST /session/29c94e7c3de8c8de4e6aab3f7ecf7110/execute/async - {"script":"<script> [776 bytes]","args":[{"enterText":"red","selector":{"controlType":"sap.m.Input","viewName":"etm.portal.ui.manageclassifications.view.Create","viewId":"application-manageclassifications-display-component---classificationCreate","bindingPath":{"path":"/VALUES/1","propertyPath":"TEXT","modelName":"dropdownValuesModel"},"searchOpenDialogs":true,"interaction":{"idSuffix":"inner"}},"clearTextFirst":true,"interactionType":"ENTER_TEXT"}]}
RESULT: {"script":"<script> [776 bytes]","args":[{"enterText":"red","selector":{"controlType":"sap.m.Input","viewName":"etm.portal.ui.manageclassifications.view.Create","viewId":"application-manageclassifications-display-component---classificationCreate","bindingPath":{"path":"/VALUES/1","propertyPath":"TEXT","modelName":"dropdownValuesModel"},"searchOpenDialogs":true,"interaction":{"idSuffix":"inner"}},"clearTextFirst":true,"interactionType":"ENTER_TEXT"}]}
COMMAND: POST /session/29c94e7c3de8c8de4e6aab3f7ecf7110/execute/async - {"script":"<script> [1562 bytes]","args":[{"selector":{"controlType":"sap.m.Button","viewName":"etm.portal.ui.manageclassifications.view.Create","viewId":"application-manageclassifications-display-component---classificationCreate","i18NText":{"propertyName":"text","key":"save"},"searchOpenDialogs":true,"interaction":{"idSuffix":"BDI-content"}},"wdio_ui5_key":"etmportal.ui.manageclassifications.view.Createsap.m.Button{\"propertyName\":\"text\",\"key\":\"save\"}"}]}
RESULT: {"script":"<script> [1562 bytes]","args":[{"selector":{"controlType":"sap.m.Button","viewName":"etm.portal.ui.manageclassifications.view.Create","viewId":"application-manageclassifications-display-component---classificationCreate","i18NText":{"propertyName":"text","key":"save"},"searchOpenDialogs":true,"interaction":{"idSuffix":"BDI-content"}},"wdio_ui5_key":"etmportal.ui.manageclassifications.view.Createsap.m.Button{\"propertyName\":\"text\",\"key\":\"save\"}"}]}
RESULT: undefined
COMMAND: POST /session/29c94e7c3de8c8de4e6aab3f7ecf7110/element - {"using":"xpath","value":"//*[@id=\"__button44\"]"}
RESULT: {"using":"xpath","value":"//*[@id=\"__button44\"]"}
COMMAND: POST /session/29c94e7c3de8c8de4e6aab3f7ecf7110/element/f.A8B909B395C19A77638691ECE2720CC3.d.3ABB429549AE495487EFBAC9D20C01BE.e.6612/click - {}
RESULT: {}
COMMAND: GET /session/29c94e7c3de8c8de4e6aab3f7ecf7110/screenshot - {}
RESULT: {}
COMMAND: POST /session/29c94e7c3de8c8de4e6aab3f7ecf7110/element - {"using":"xpath","value":"//button[@title=\"Save\"]"}
RESULT: {"using":"xpath","value":"//button[@title=\"Save\"]"}
COMMAND: POST /session/29c94e7c3de8c8de4e6aab3f7ecf7110/element/f.A8B909B395C19A77638691ECE2720CC3.d.3ABB429549AE495487EFBAC9D20C01BE.e.6548/click - {}
RESULT: {}
COMMAND: GET /session/29c94e7c3de8c8de4e6aab3f7ecf7110/screenshot - {}
RESULT: {}
COMMAND: POST /session/29c94e7c3de8c8de4e6aab3f7ecf7110/execute/async - {"script":"<script> [1562 bytes]","args":[{"selector":{"id":"application-manageclassifications-display-component---classificationMaster--smartFilterBar-btnBasicSearch","interaction":{"idSuffix":"I"}},"wdio_ui5_key":"applicationmanageclassifications-display-component---classificationMaster--smartFilterBar-btnBasicSearch"}]}
RESULT: {"script":"<script> [1562 bytes]","args":[{"selector":{"id":"application-manageclassifications-display-component---classificationMaster--smartFilterBar-btnBasicSearch","interaction":{"idSuffix":"I"}},"wdio_ui5_key":"applicationmanageclassifications-display-component---classificationMaster--smartFilterBar-btnBasicSearch"}]}
RESULT: undefined
COMMAND: POST /session/29c94e7c3de8c8de4e6aab3f7ecf7110/execute/async - {"script":"<script> [776 bytes]","args":[{"enterText":"WebdriverItemClassm1uwfh","selector":{"id":"application-manageclassifications-display-component---classificationMaster--smartFilterBar-btnBasicSearch","interaction":{"idSuffix":"I"}},"clearTextFirst":true,"interactionType":"ENTER_TEXT"}]}
RESULT: {"script":"<script> [776 bytes]","args":[{"enterText":"WebdriverItemClassm1uwfh","selector":{"id":"application-manageclassifications-display-component---classificationMaster--smartFilterBar-btnBasicSearch","interaction":{"idSuffix":"I"}},"clearTextFirst":true,"interactionType":"ENTER_TEXT"}]}
COMMAND: POST /session/29c94e7c3de8c8de4e6aab3f7ecf7110/actions - {"actions":[{"id":"action47","type":"key","parameters":{},"actions":[{"type":"keyDown","value":"î€‡"},{"type":"pause","duration":10},{"type":"keyUp","value":"î€‡"}]}]}
RESULT: {"actions":[{"id":"action47","type":"key","parameters":{},"actions":[{"type":"keyDown","value":"î€‡"},{"type":"pause","duration":10},{"type":"keyUp","value":"î€‡"}]}]}
COMMAND: POST /session/29c94e7c3de8c8de4e6aab3f7ecf7110/execute/async - {"script":"<script> [1562 bytes]","args":[{"selector":{"id":"application-manageclassifications-display-component---classificationMaster--smartTable-header"},"wdio_ui5_key":"applicationmanageclassifications-display-component---classificationMaster--smartTable-header"}]}
COMMAND: GET /session/29c94e7c3de8c8de4e6aab3f7ecf7110/screenshot - {}
RESULT: {"script":"<script> [1562 bytes]","args":[{"selector":{"id":"application-manageclassifications-display-component---classificationMaster--smartTable-header"},"wdio_ui5_key":"applicationmanageclassifications-display-component---classificationMaster--smartTable-header"}]}
RESULT: undefined
COMMAND: POST /session/29c94e7c3de8c8de4e6aab3f7ecf7110/execute/async - {"script":"<script> [6424 bytes]","args":[{"element-6066-11e4-a52e-4f735466cecf":"f.A8B909B395C19A77638691ECE2720CC3.d.3ABB429549AE495487EFBAC9D20C01BE.e.6778"},"getText",[]]}
RESULT: {}
RESULT: {"script":"<script> [6424 bytes]","args":[{"element-6066-11e4-a52e-4f735466cecf":"f.A8B909B395C19A77638691ECE2720CC3.d.3ABB429549AE495487EFBAC9D20C01BE.e.6778"},"getText",[]]}
COMMAND: POST /session/29c94e7c3de8c8de4e6aab3f7ecf7110/element - {"using":"css selector","value":"#shell-header-logo"}
RESULT: {"using":"css selector","value":"#shell-header-logo"}
COMMAND: POST /session/29c94e7c3de8c8de4e6aab3f7ecf7110/element/f.A8B909B395C19A77638691ECE2720CC3.d.3ABB429549AE495487EFBAC9D20C01BE.e.6112/click - {}
RESULT: {}
COMMAND: GET /session/29c94e7c3de8c8de4e6aab3f7ecf7110/screenshot - {}
RESULT: {}
]]></system-out>
    </testcase>
    <testcase classname="chrome.137_0_7151_69.windows.Manage_requests_-_requests_specifications_US141095" name="Should create a new section and a catalog item" time="143.766">
      <system-out><![CDATA[
COMMAND: POST /session/29c94e7c3de8c8de4e6aab3f7ecf7110/execute/async - {"script":"<script> [1562 bytes]","args":[{"selector":{"controlType":"sap.m.GenericTile","properties":{"header":"Manage Catalogs"}},"wdio_ui5_key":"sapm.GenericTile{\"header\":\"Manage Catalogs\"}"}]}
RESULT: {"script":"<script> [1562 bytes]","args":[{"selector":{"controlType":"sap.m.GenericTile","properties":{"header":"Manage Catalogs"}},"wdio_ui5_key":"sapm.GenericTile{\"header\":\"Manage Catalogs\"}"}]}
RESULT: undefined
COMMAND: POST /session/29c94e7c3de8c8de4e6aab3f7ecf7110/element - {"using":"xpath","value":"//*[@id=\"__tile38\"]"}
RESULT: {"using":"xpath","value":"//*[@id=\"__tile38\"]"}
COMMAND: POST /session/29c94e7c3de8c8de4e6aab3f7ecf7110/element/f.A8B909B395C19A77638691ECE2720CC3.d.3ABB429549AE495487EFBAC9D20C01BE.e.6782/click - {}
RESULT: {}
COMMAND: GET /session/29c94e7c3de8c8de4e6aab3f7ecf7110/screenshot - {}
RESULT: {}
COMMAND: POST /session/29c94e7c3de8c8de4e6aab3f7ecf7110/elements - {"using":"xpath","value":"//span[text()='Error']"}
RESULT: {"using":"xpath","value":"//span[text()='Error']"}
COMMAND: POST /session/29c94e7c3de8c8de4e6aab3f7ecf7110/execute/async - {"script":"<script> [1562 bytes]","args":[{"selector":{"controlType":"sap.m.Text","viewName":"etm.portal.ui.managecatalogs.view.MasterCatalogs","viewId":"application-managecatalogs-display-component---masterCatalogs","bindingPath":{"path":"/Catalogs('0D7502D073D53A0F1700BE067B89AFF9')","propertyPath":"DESCRIPTION","modelName":"catalogModel"}},"wdio_ui5_key":"etmportal.ui.managecatalogs.view.MasterCatalogssap.m.Text{\"path\":\"/Catalogs('0D7502D073D53A0F1700BE067B89AFF9')\",\"propertyPath\":\"DESCRIPTION\",\"modelName\":\"catalogModel\"}"}]}
RESULT: {"script":"<script> [1562 bytes]","args":[{"selector":{"controlType":"sap.m.Text","viewName":"etm.portal.ui.managecatalogs.view.MasterCatalogs","viewId":"application-managecatalogs-display-component---masterCatalogs","bindingPath":{"path":"/Catalogs('0D7502D073D53A0F1700BE067B89AFF9')","propertyPath":"DESCRIPTION","modelName":"catalogModel"}},"wdio_ui5_key":"etmportal.ui.managecatalogs.view.MasterCatalogssap.m.Text{\"path\":\"/Catalogs('0D7502D073D53A0F1700BE067B89AFF9')\",\"propertyPath\":\"DESCRIPTION\",\"modelName\":\"catalogModel\"}"}]}
RESULT: undefined
COMMAND: POST /session/29c94e7c3de8c8de4e6aab3f7ecf7110/element - {"using":"xpath","value":"//*[@id=\"__text434-application-managecatalogs-display-component---masterCatalogs--CatalogsTable-11\"]"}
RESULT: {"using":"xpath","value":"//*[@id=\"__text434-application-managecatalogs-display-component---masterCatalogs--CatalogsTable-11\"]"}
COMMAND: POST /session/29c94e7c3de8c8de4e6aab3f7ecf7110/element/f.A8B909B395C19A77638691ECE2720CC3.d.3ABB429549AE495487EFBAC9D20C01BE.e.6852/click - {}
RESULT: {}
COMMAND: POST /session/29c94e7c3de8c8de4e6aab3f7ecf7110/execute/async - {"script":"<script> [1562 bytes]","args":[{"selector":{"controlType":"sap.ui.layout.HorizontalLayout","viewName":"etm.portal.ui.managecatalogs.view.MasterItems","viewId":"application-managecatalogs-display-component---masterCatalogItems","ancestor":{"id":"application-managecatalogs-display-component---masterCatalogItems--idCatalogItemsTree-rows-row0"}},"wdio_ui5_key":"etmportal.ui.managecatalogs.view.MasterItemssap.ui.layout.HorizontalLayout{\"id\":\"application-managecatalogs-display-component---masterCatalogItems--idCatalogItemsTree-rows-row0\"}"}]}
COMMAND: GET /session/29c94e7c3de8c8de4e6aab3f7ecf7110/screenshot - {}
RESULT: {"script":"<script> [1562 bytes]","args":[{"selector":{"controlType":"sap.ui.layout.HorizontalLayout","viewName":"etm.portal.ui.managecatalogs.view.MasterItems","viewId":"application-managecatalogs-display-component---masterCatalogItems","ancestor":{"id":"application-managecatalogs-display-component---masterCatalogItems--idCatalogItemsTree-rows-row0"}},"wdio_ui5_key":"etmportal.ui.managecatalogs.view.MasterItemssap.ui.layout.HorizontalLayout{\"id\":\"application-managecatalogs-display-component---masterCatalogItems--idCatalogItemsTree-rows-row0\"}"}]}
RESULT: undefined
COMMAND: POST /session/29c94e7c3de8c8de4e6aab3f7ecf7110/element - {"using":"xpath","value":"//*[@id=\"__layout40-__clone384\"]"}
RESULT: {}
RESULT: {"using":"xpath","value":"//*[@id=\"__layout40-__clone384\"]"}
COMMAND: POST /session/29c94e7c3de8c8de4e6aab3f7ecf7110/element/f.A8B909B395C19A77638691ECE2720CC3.d.3ABB429549AE495487EFBAC9D20C01BE.e.6863/click - {}
RESULT: {}
COMMAND: GET /session/29c94e7c3de8c8de4e6aab3f7ecf7110/screenshot - {}
COMMAND: POST /session/29c94e7c3de8c8de4e6aab3f7ecf7110/execute/async - {"script":"<script> [1562 bytes]","args":[{"selector":{"controlType":"sap.m.Button","viewName":"etm.portal.ui.managecatalogs.view.Detail","viewId":"application-managecatalogs-display-component---detailCatalog","i18NText":{"propertyName":"text","key":"edit"},"interaction":{"idSuffix":"BDI-content"}},"wdio_ui5_key":"etmportal.ui.managecatalogs.view.Detailsap.m.Button{\"propertyName\":\"text\",\"key\":\"edit\"}"}]}
RESULT: {}
RESULT: {"script":"<script> [1562 bytes]","args":[{"selector":{"controlType":"sap.m.Button","viewName":"etm.portal.ui.managecatalogs.view.Detail","viewId":"application-managecatalogs-display-component---detailCatalog","i18NText":{"propertyName":"text","key":"edit"},"interaction":{"idSuffix":"BDI-content"}},"wdio_ui5_key":"etmportal.ui.managecatalogs.view.Detailsap.m.Button{\"propertyName\":\"text\",\"key\":\"edit\"}"}]}
RESULT: undefined
COMMAND: POST /session/29c94e7c3de8c8de4e6aab3f7ecf7110/element - {"using":"xpath","value":"//*[@id=\"__button88\"]"}
RESULT: {"using":"xpath","value":"//*[@id=\"__button88\"]"}
COMMAND: POST /session/29c94e7c3de8c8de4e6aab3f7ecf7110/element/f.A8B909B395C19A77638691ECE2720CC3.d.3ABB429549AE495487EFBAC9D20C01BE.e.6965/click - {}
RESULT: {}
COMMAND: GET /session/29c94e7c3de8c8de4e6aab3f7ecf7110/screenshot - {}
RESULT: {}
RESULT: undefined
COMMAND: POST /session/29c94e7c3de8c8de4e6aab3f7ecf7110/element - {"using":"xpath","value":"//bdi[contains(text(), \"Unlock\")]"}
RESULT: {"using":"xpath","value":"//bdi[contains(text(), \"Unlock\")]"}
COMMAND: POST /session/29c94e7c3de8c8de4e6aab3f7ecf7110/elements - {"using":"xpath","value":"//bdi[contains(text(), \"Unlock\")]"}
RESULT: {"using":"xpath","value":"//bdi[contains(text(), \"Unlock\")]"}
COMMAND: POST /session/29c94e7c3de8c8de4e6aab3f7ecf7110/execute/async - {"script":"<script> [1562 bytes]","args":[{"selector":{"controlType":"sap.ui.core.Icon","viewName":"etm.portal.ui.managecatalogs.view.Detail","viewId":"application-managecatalogs-display-component---detailCatalog","properties":{"src":{"regex":{"source":"add\\-folder"}}}},"wdio_ui5_key":"etmportal.ui.managecatalogs.view.Detailsap.ui.core.Icon{\"src\":{\"regex\":{\"source\":\"add\\\\-folder\"}}}"}]}
RESULT: {"script":"<script> [1562 bytes]","args":[{"selector":{"controlType":"sap.ui.core.Icon","viewName":"etm.portal.ui.managecatalogs.view.Detail","viewId":"application-managecatalogs-display-component---detailCatalog","properties":{"src":{"regex":{"source":"add\\-folder"}}}},"wdio_ui5_key":"etmportal.ui.managecatalogs.view.Detailsap.ui.core.Icon{\"src\":{\"regex\":{\"source\":\"add\\\\-folder\"}}}"}]}
RESULT: undefined
COMMAND: POST /session/29c94e7c3de8c8de4e6aab3f7ecf7110/element - {"using":"xpath","value":"//*[@id=\"__button96-img\"]"}
RESULT: {"using":"xpath","value":"//*[@id=\"__button96-img\"]"}
COMMAND: POST /session/29c94e7c3de8c8de4e6aab3f7ecf7110/element/f.A8B909B395C19A77638691ECE2720CC3.d.3ABB429549AE495487EFBAC9D20C01BE.e.6974/click - {}
RESULT: {}
COMMAND: GET /session/29c94e7c3de8c8de4e6aab3f7ecf7110/screenshot - {}
RESULT: {}
COMMAND: POST /session/29c94e7c3de8c8de4e6aab3f7ecf7110/execute/async - {"script":"<script> [1562 bytes]","args":[{"selector":{"id":"application-managecatalogs-display-component---detailCatalog--numberInput","searchOpenDialogs":true,"interaction":{"idSuffix":"inner"}},"wdio_ui5_key":"applicationmanagecatalogs-display-component---detailCatalog--numberInput"}]}
RESULT: {"script":"<script> [1562 bytes]","args":[{"selector":{"id":"application-managecatalogs-display-component---detailCatalog--numberInput","searchOpenDialogs":true,"interaction":{"idSuffix":"inner"}},"wdio_ui5_key":"applicationmanagecatalogs-display-component---detailCatalog--numberInput"}]}
RESULT: undefined
COMMAND: POST /session/29c94e7c3de8c8de4e6aab3f7ecf7110/execute/async - {"script":"<script> [776 bytes]","args":[{"enterText":"Sectionojmdu","selector":{"id":"application-managecatalogs-display-component---detailCatalog--numberInput","searchOpenDialogs":true,"interaction":{"idSuffix":"inner"}},"clearTextFirst":true,"interactionType":"ENTER_TEXT"}]}
RESULT: {"script":"<script> [776 bytes]","args":[{"enterText":"Sectionojmdu","selector":{"id":"application-managecatalogs-display-component---detailCatalog--numberInput","searchOpenDialogs":true,"interaction":{"idSuffix":"inner"}},"clearTextFirst":true,"interactionType":"ENTER_TEXT"}]}
COMMAND: POST /session/29c94e7c3de8c8de4e6aab3f7ecf7110/element - {"using":"css selector","value":"#application-managecatalogs-display-component---detailCatalog--nameInput-inner"}
RESULT: {"using":"css selector","value":"#application-managecatalogs-display-component---detailCatalog--nameInput-inner"}
COMMAND: POST /session/29c94e7c3de8c8de4e6aab3f7ecf7110/elements - {"using":"css selector","value":"#application-managecatalogs-display-component---detailCatalog--nameInput-inner"}
RESULT: {"using":"css selector","value":"#application-managecatalogs-display-component---detailCatalog--nameInput-inner"}
COMMAND: POST /session/29c94e7c3de8c8de4e6aab3f7ecf7110/element/f.A8B909B395C19A77638691ECE2720CC3.d.3ABB429549AE495487EFBAC9D20C01BE.e.6978/clear - {}
RESULT: {}
COMMAND: POST /session/29c94e7c3de8c8de4e6aab3f7ecf7110/element/f.A8B909B395C19A77638691ECE2720CC3.d.3ABB429549AE495487EFBAC9D20C01BE.e.6978/value - {"text":"Webdrivermp2i3"}
COMMAND: GET /session/29c94e7c3de8c8de4e6aab3f7ecf7110/screenshot - {}
RESULT: {"text":"Webdrivermp2i3"}
COMMAND: POST /session/29c94e7c3de8c8de4e6aab3f7ecf7110/execute/async - {"script":"<script> [1562 bytes]","args":[{"selector":{"controlType":"sap.m.Button","viewName":"etm.portal.ui.managecatalogs.view.Detail","viewId":"application-managecatalogs-display-component---detailCatalog","i18NText":{"propertyName":"text","key":"create"},"searchOpenDialogs":true,"interaction":{"idSuffix":"BDI-content"}},"wdio_ui5_key":"etmportal.ui.managecatalogs.view.Detailsap.m.Button{\"propertyName\":\"text\",\"key\":\"create\"}"}]}
COMMAND: GET /session/29c94e7c3de8c8de4e6aab3f7ecf7110/screenshot - {}
RESULT: {}
RESULT: {"script":"<script> [1562 bytes]","args":[{"selector":{"controlType":"sap.m.Button","viewName":"etm.portal.ui.managecatalogs.view.Detail","viewId":"application-managecatalogs-display-component---detailCatalog","i18NText":{"propertyName":"text","key":"create"},"searchOpenDialogs":true,"interaction":{"idSuffix":"BDI-content"}},"wdio_ui5_key":"etmportal.ui.managecatalogs.view.Detailsap.m.Button{\"propertyName\":\"text\",\"key\":\"create\"}"}]}
RESULT: undefined
COMMAND: POST /session/29c94e7c3de8c8de4e6aab3f7ecf7110/element - {"using":"xpath","value":"//*[@id=\"__button66\"]"}
RESULT: {}
RESULT: {"using":"xpath","value":"//*[@id=\"__button66\"]"}
COMMAND: POST /session/29c94e7c3de8c8de4e6aab3f7ecf7110/element/f.A8B909B395C19A77638691ECE2720CC3.d.3ABB429549AE495487EFBAC9D20C01BE.e.6983/click - {}
RESULT: {}
COMMAND: GET /session/29c94e7c3de8c8de4e6aab3f7ecf7110/screenshot - {}
RESULT: {}
COMMAND: POST /session/29c94e7c3de8c8de4e6aab3f7ecf7110/element - {"using":"xpath","value":"//button[@title=\"Save\"]"}
RESULT: {"using":"xpath","value":"//button[@title=\"Save\"]"}
COMMAND: POST /session/29c94e7c3de8c8de4e6aab3f7ecf7110/element/f.A8B909B395C19A77638691ECE2720CC3.d.3ABB429549AE495487EFBAC9D20C01BE.e.6984/click - {}
RESULT: {}
COMMAND: POST /session/29c94e7c3de8c8de4e6aab3f7ecf7110/execute/async - {"script":"<script> [1562 bytes]","args":[{"selector":{"controlType":"sap.ui.core.Icon","viewName":"etm.portal.ui.managecatalogs.view.Detail","viewId":"application-managecatalogs-display-component---detailCatalog","properties":{"src":{"regex":{"source":"decline"}}}},"wdio_ui5_key":"etmportal.ui.managecatalogs.view.Detailsap.ui.core.Icon{\"src\":{\"regex\":{\"source\":\"decline\"}}}"}]}
COMMAND: GET /session/29c94e7c3de8c8de4e6aab3f7ecf7110/screenshot - {}
RESULT: {"script":"<script> [1562 bytes]","args":[{"selector":{"controlType":"sap.ui.core.Icon","viewName":"etm.portal.ui.managecatalogs.view.Detail","viewId":"application-managecatalogs-display-component---detailCatalog","properties":{"src":{"regex":{"source":"decline"}}}},"wdio_ui5_key":"etmportal.ui.managecatalogs.view.Detailsap.ui.core.Icon{\"src\":{\"regex\":{\"source\":\"decline\"}}}"}]}
RESULT: undefined
COMMAND: POST /session/29c94e7c3de8c8de4e6aab3f7ecf7110/element - {"using":"xpath","value":"//*[@id=\"__button91-img\"]"}
RESULT: {}
RESULT: {"using":"xpath","value":"//*[@id=\"__button91-img\"]"}
COMMAND: POST /session/29c94e7c3de8c8de4e6aab3f7ecf7110/element/f.A8B909B395C19A77638691ECE2720CC3.d.3ABB429549AE495487EFBAC9D20C01BE.e.6990/click - {}
RESULT: {}
COMMAND: GET /session/29c94e7c3de8c8de4e6aab3f7ecf7110/screenshot - {}
RESULT: {}
COMMAND: POST /session/29c94e7c3de8c8de4e6aab3f7ecf7110/execute/async - {"script":"<script> [1562 bytes]","args":[{"selector":{"controlType":"sap.ui.core.Icon","viewName":"etm.portal.ui.managecatalogs.view.MasterItems","viewId":"application-managecatalogs-display-component---masterCatalogItems","properties":{"src":{"regex":{"source":"refresh"}}}},"wdio_ui5_key":"etmportal.ui.managecatalogs.view.MasterItemssap.ui.core.Icon{\"src\":{\"regex\":{\"source\":\"refresh\"}}}"}]}
RESULT: {"script":"<script> [1562 bytes]","args":[{"selector":{"controlType":"sap.ui.core.Icon","viewName":"etm.portal.ui.managecatalogs.view.MasterItems","viewId":"application-managecatalogs-display-component---masterCatalogItems","properties":{"src":{"regex":{"source":"refresh"}}}},"wdio_ui5_key":"etmportal.ui.managecatalogs.view.MasterItemssap.ui.core.Icon{\"src\":{\"regex\":{\"source\":\"refresh\"}}}"}]}
RESULT: undefined
COMMAND: POST /session/29c94e7c3de8c8de4e6aab3f7ecf7110/element - {"using":"xpath","value":"//*[@id=\"__button64-img\"]"}
RESULT: {"using":"xpath","value":"//*[@id=\"__button64-img\"]"}
COMMAND: POST /session/29c94e7c3de8c8de4e6aab3f7ecf7110/element/f.A8B909B395C19A77638691ECE2720CC3.d.3ABB429549AE495487EFBAC9D20C01BE.e.7025/click - {}
RESULT: {}
COMMAND: POST /session/29c94e7c3de8c8de4e6aab3f7ecf7110/execute/async - {"script":"<script> [1562 bytes]","args":[{"selector":{"id":"application-managecatalogs-display-component---masterCatalogItems--searchItemsField","interaction":{"idSuffix":"I"}},"wdio_ui5_key":"applicationmanagecatalogs-display-component---masterCatalogItems--searchItemsField"}]}
COMMAND: GET /session/29c94e7c3de8c8de4e6aab3f7ecf7110/screenshot - {}
RESULT: {"script":"<script> [1562 bytes]","args":[{"selector":{"id":"application-managecatalogs-display-component---masterCatalogItems--searchItemsField","interaction":{"idSuffix":"I"}},"wdio_ui5_key":"applicationmanagecatalogs-display-component---masterCatalogItems--searchItemsField"}]}
RESULT: undefined
COMMAND: POST /session/29c94e7c3de8c8de4e6aab3f7ecf7110/execute/async - {"script":"<script> [776 bytes]","args":[{"enterText":"Webdrivermp2i3","selector":{"id":"application-managecatalogs-display-component---masterCatalogItems--searchItemsField","interaction":{"idSuffix":"I"}},"clearTextFirst":true,"interactionType":"ENTER_TEXT"}]}
RESULT: {}
RESULT: {"script":"<script> [776 bytes]","args":[{"enterText":"Webdrivermp2i3","selector":{"id":"application-managecatalogs-display-component---masterCatalogItems--searchItemsField","interaction":{"idSuffix":"I"}},"clearTextFirst":true,"interactionType":"ENTER_TEXT"}]}
COMMAND: POST /session/29c94e7c3de8c8de4e6aab3f7ecf7110/actions - {"actions":[{"id":"action48","type":"key","parameters":{},"actions":[{"type":"keyDown","value":"î€‡"},{"type":"pause","duration":10},{"type":"keyUp","value":"î€‡"}]}]}
RESULT: {"actions":[{"id":"action48","type":"key","parameters":{},"actions":[{"type":"keyDown","value":"î€‡"},{"type":"pause","duration":10},{"type":"keyUp","value":"î€‡"}]}]}
COMMAND: POST /session/29c94e7c3de8c8de4e6aab3f7ecf7110/element - {"using":"xpath","value":"(//span[contains(text(), \"Webdrivermp2i3\")])[1]"}
COMMAND: GET /session/29c94e7c3de8c8de4e6aab3f7ecf7110/screenshot - {}
RESULT: {"using":"xpath","value":"(//span[contains(text(), \"Webdrivermp2i3\")])[1]"}
COMMAND: POST /session/29c94e7c3de8c8de4e6aab3f7ecf7110/element/f.A8B909B395C19A77638691ECE2720CC3.d.3ABB429549AE495487EFBAC9D20C01BE.e.7028/click - {}
RESULT: {}
RESULT: {}
COMMAND: GET /session/29c94e7c3de8c8de4e6aab3f7ecf7110/screenshot - {}
RESULT: {}
RESULT: undefined
COMMAND: POST /session/29c94e7c3de8c8de4e6aab3f7ecf7110/element - {"using":"xpath","value":"//*[@id=\"__button88\"]"}
RESULT: {"using":"xpath","value":"//*[@id=\"__button88\"]"}
COMMAND: POST /session/29c94e7c3de8c8de4e6aab3f7ecf7110/element/f.A8B909B395C19A77638691ECE2720CC3.d.3ABB429549AE495487EFBAC9D20C01BE.e.7065/click - {}
RESULT: {}
COMMAND: GET /session/29c94e7c3de8c8de4e6aab3f7ecf7110/screenshot - {}
RESULT: {}
RESULT: undefined
COMMAND: POST /session/29c94e7c3de8c8de4e6aab3f7ecf7110/element - {"using":"xpath","value":"//*[@id=\"__button96-img\"]"}
RESULT: {"using":"xpath","value":"//*[@id=\"__button96-img\"]"}
COMMAND: POST /session/29c94e7c3de8c8de4e6aab3f7ecf7110/element/f.A8B909B395C19A77638691ECE2720CC3.d.3ABB429549AE495487EFBAC9D20C01BE.e.7115/click - {}
RESULT: {}
COMMAND: GET /session/29c94e7c3de8c8de4e6aab3f7ecf7110/screenshot - {}
RESULT: {}
RESULT: undefined
COMMAND: POST /session/29c94e7c3de8c8de4e6aab3f7ecf7110/execute/async - {"script":"<script> [776 bytes]","args":[{"enterText":"SecondSection0x2an","selector":{"id":"application-managecatalogs-display-component---detailCatalog--numberInput","searchOpenDialogs":true,"interaction":{"idSuffix":"inner"}},"clearTextFirst":true,"interactionType":"ENTER_TEXT"}]}
RESULT: {"script":"<script> [776 bytes]","args":[{"enterText":"SecondSection0x2an","selector":{"id":"application-managecatalogs-display-component---detailCatalog--numberInput","searchOpenDialogs":true,"interaction":{"idSuffix":"inner"}},"clearTextFirst":true,"interactionType":"ENTER_TEXT"}]}
COMMAND: POST /session/29c94e7c3de8c8de4e6aab3f7ecf7110/element - {"using":"xpath","value":"//input[contains(@id ,\"application-managecatalogs-display-component---detailCatalog--nameInput-inner\")]"}
RESULT: {"using":"xpath","value":"//input[contains(@id ,\"application-managecatalogs-display-component---detailCatalog--nameInput-inner\")]"}
COMMAND: POST /session/29c94e7c3de8c8de4e6aab3f7ecf7110/elements - {"using":"xpath","value":"//input[contains(@id ,\"application-managecatalogs-display-component---detailCatalog--nameInput-inner\")]"}
RESULT: {"using":"xpath","value":"//input[contains(@id ,\"application-managecatalogs-display-component---detailCatalog--nameInput-inner\")]"}
COMMAND: POST /session/29c94e7c3de8c8de4e6aab3f7ecf7110/element/f.A8B909B395C19A77638691ECE2720CC3.d.3ABB429549AE495487EFBAC9D20C01BE.e.7119/clear - {}
RESULT: {}
COMMAND: POST /session/29c94e7c3de8c8de4e6aab3f7ecf7110/element/f.A8B909B395C19A77638691ECE2720CC3.d.3ABB429549AE495487EFBAC9D20C01BE.e.7119/value - {"text":"webdriversecondb366d"}
COMMAND: GET /session/29c94e7c3de8c8de4e6aab3f7ecf7110/screenshot - {}
RESULT: {"text":"webdriversecondb366d"}
RESULT: undefined
COMMAND: POST /session/29c94e7c3de8c8de4e6aab3f7ecf7110/element - {"using":"xpath","value":"//*[@id=\"__button66\"]"}
COMMAND: GET /session/29c94e7c3de8c8de4e6aab3f7ecf7110/screenshot - {}
RESULT: {}
RESULT: {"using":"xpath","value":"//*[@id=\"__button66\"]"}
COMMAND: POST /session/29c94e7c3de8c8de4e6aab3f7ecf7110/element/f.A8B909B395C19A77638691ECE2720CC3.d.3ABB429549AE495487EFBAC9D20C01BE.e.7123/click - {}
RESULT: {}
RESULT: {}
COMMAND: GET /session/29c94e7c3de8c8de4e6aab3f7ecf7110/screenshot - {}
RESULT: {}
COMMAND: POST /session/29c94e7c3de8c8de4e6aab3f7ecf7110/element - {"using":"xpath","value":"//button[@title=\"Save\"]"}
RESULT: {"using":"xpath","value":"//button[@title=\"Save\"]"}
COMMAND: POST /session/29c94e7c3de8c8de4e6aab3f7ecf7110/element/f.A8B909B395C19A77638691ECE2720CC3.d.3ABB429549AE495487EFBAC9D20C01BE.e.7100/click - {}
RESULT: {}
COMMAND: GET /session/29c94e7c3de8c8de4e6aab3f7ecf7110/screenshot - {}
RESULT: {}
RESULT: undefined
COMMAND: POST /session/29c94e7c3de8c8de4e6aab3f7ecf7110/element - {"using":"xpath","value":"//*[@id=\"__button91-img\"]"}
RESULT: {"using":"xpath","value":"//*[@id=\"__button91-img\"]"}
COMMAND: POST /session/29c94e7c3de8c8de4e6aab3f7ecf7110/element/f.A8B909B395C19A77638691ECE2720CC3.d.3ABB429549AE495487EFBAC9D20C01BE.e.7072/click - {}
RESULT: {}
COMMAND: GET /session/29c94e7c3de8c8de4e6aab3f7ecf7110/screenshot - {}
RESULT: {}
RESULT: undefined
COMMAND: POST /session/29c94e7c3de8c8de4e6aab3f7ecf7110/element - {"using":"xpath","value":"//*[@id=\"__button64-img\"]"}
RESULT: {"using":"xpath","value":"//*[@id=\"__button64-img\"]"}
COMMAND: POST /session/29c94e7c3de8c8de4e6aab3f7ecf7110/element/f.A8B909B395C19A77638691ECE2720CC3.d.3ABB429549AE495487EFBAC9D20C01BE.e.7160/click - {}
RESULT: {}
COMMAND: GET /session/29c94e7c3de8c8de4e6aab3f7ecf7110/screenshot - {}
RESULT: {}
RESULT: undefined
COMMAND: POST /session/29c94e7c3de8c8de4e6aab3f7ecf7110/execute/async - {"script":"<script> [776 bytes]","args":[{"enterText":"SecondSection0x2an","selector":{"id":"application-managecatalogs-display-component---masterCatalogItems--searchItemsField","interaction":{"idSuffix":"I"}},"clearTextFirst":true,"interactionType":"ENTER_TEXT"}]}
RESULT: {"script":"<script> [776 bytes]","args":[{"enterText":"SecondSection0x2an","selector":{"id":"application-managecatalogs-display-component---masterCatalogItems--searchItemsField","interaction":{"idSuffix":"I"}},"clearTextFirst":true,"interactionType":"ENTER_TEXT"}]}
COMMAND: POST /session/29c94e7c3de8c8de4e6aab3f7ecf7110/actions - {"actions":[{"id":"action49","type":"key","parameters":{},"actions":[{"type":"keyDown","value":"î€‡"},{"type":"pause","duration":10},{"type":"keyUp","value":"î€‡"}]}]}
RESULT: {"actions":[{"id":"action49","type":"key","parameters":{},"actions":[{"type":"keyDown","value":"î€‡"},{"type":"pause","duration":10},{"type":"keyUp","value":"î€‡"}]}]}
COMMAND: POST /session/29c94e7c3de8c8de4e6aab3f7ecf7110/element - {"using":"xpath","value":"(//span[contains(text(), \"SecondSection0x2an\")])[1]"}
COMMAND: GET /session/29c94e7c3de8c8de4e6aab3f7ecf7110/screenshot - {}
RESULT: {"using":"xpath","value":"(//span[contains(text(), \"SecondSection0x2an\")])[1]"}
COMMAND: POST /session/29c94e7c3de8c8de4e6aab3f7ecf7110/element/f.A8B909B395C19A77638691ECE2720CC3.d.3ABB429549AE495487EFBAC9D20C01BE.e.7163/click - {}
RESULT: {}
RESULT: {}
COMMAND: POST /session/29c94e7c3de8c8de4e6aab3f7ecf7110/element - {"using":"xpath","value":"(//span[contains(text(), \"SecondSection0x2an\")])[1]"}
COMMAND: GET /session/29c94e7c3de8c8de4e6aab3f7ecf7110/screenshot - {}
RESULT: {"using":"xpath","value":"(//span[contains(text(), \"SecondSection0x2an\")])[1]"}
COMMAND: GET /session/29c94e7c3de8c8de4e6aab3f7ecf7110/element/f.A8B909B395C19A77638691ECE2720CC3.d.3ABB429549AE495487EFBAC9D20C01BE.e.7163/text - {}
RESULT: {}
COMMAND: POST /session/29c94e7c3de8c8de4e6aab3f7ecf7110/element - {"using":"xpath","value":"(//span[contains(text(), \"SecondSection0x2an\")])[1]"}
RESULT: {"using":"xpath","value":"(//span[contains(text(), \"SecondSection0x2an\")])[1]"}
COMMAND: GET /session/29c94e7c3de8c8de4e6aab3f7ecf7110/element/f.A8B909B395C19A77638691ECE2720CC3.d.3ABB429549AE495487EFBAC9D20C01BE.e.7163/text - {}
COMMAND: POST /session/29c94e7c3de8c8de4e6aab3f7ecf7110/element - {"using":"xpath","value":"(//span[contains(text(), \"SecondSection0x2an\")])[1]"}
RESULT: {"using":"xpath","value":"(//span[contains(text(), \"SecondSection0x2an\")])[1]"}
COMMAND: GET /session/29c94e7c3de8c8de4e6aab3f7ecf7110/element/f.A8B909B395C19A77638691ECE2720CC3.d.3ABB429549AE495487EFBAC9D20C01BE.e.7219/text - {}
RESULT: {}
COMMAND: POST /session/29c94e7c3de8c8de4e6aab3f7ecf7110/refresh - {}
RESULT: {}
COMMAND: GET /session/29c94e7c3de8c8de4e6aab3f7ecf7110/screenshot - {}
RESULT: {}
COMMAND: POST /session/29c94e7c3de8c8de4e6aab3f7ecf7110/execute/async - {"script":"<script> [189 bytes]","args":[]}
RESULT: {"script":"<script> [189 bytes]","args":[]}
COMMAND: POST /session/29c94e7c3de8c8de4e6aab3f7ecf7110/execute/async - {"script":"<script> [123 bytes]","args":[]}
RESULT: {"script":"<script> [123 bytes]","args":[]}
COMMAND: POST /session/29c94e7c3de8c8de4e6aab3f7ecf7110/timeouts - {"script":"<number>"}
RESULT: {"script":"<number>"}
COMMAND: GET /session/29c94e7c3de8c8de4e6aab3f7ecf7110/timeouts - {}
RESULT: {}
RESULT: undefined
COMMAND: POST /session/29c94e7c3de8c8de4e6aab3f7ecf7110/execute/async - {"script":"<script> [2676 bytes]","args":[]}
RESULT: {"script":"<script> [2676 bytes]","args":[]}
COMMAND: POST /session/29c94e7c3de8c8de4e6aab3f7ecf7110/execute/async - {"script":"<script> [2342 bytes]","args":[{"protocol":"http","hostname":"0.0.0.0","path":"/","capabilities":{"browserName":"chrome","goog:chromeOptions":{"binary":"C:\\Program Files\\Google\\Chrome\\Application\\chrome.exe","args":["--start-maximized"]}},"logLevel":"warn","connectionRetryTimeout":120000,"connectionRetryCount":3,"logLevels":{},"enableDirectConnect":true,"strictSSL":true,"_":"65 more keys: [\"cacheDir\",\"port\",\"requestedCapabilities\",\"automationProtocol\",\"baseUrl\",\"waitforInterval\",\"waitforTimeout\",\"onReload\",\"beforeCommand\",\"afterCommand\",\"rootDir\",\"specs\",\"suites\",\"exclude\",\"groupLogsByTestSpec\",\"excludeDriverLogs\",\"bail\",\"framework\",\"reporters\",\"services\",\"maxInstances\",\"maxInstancesPerCapability\",\"injectGlobals\",\"filesToWatch\",\"execArgv\",\"runnerEnv\",\"runner\",\"shard\",\"specFileRetries\",\"specFileRetriesDelay\",\"specFileRetriesDeferred\",\"reporterSyncInterval\",\"reporterSyncTimeout\",\"cucumberFeaturesWithLineNumbers\",\"autoCompileOpts\",\"mochaOpts\",\"jasmineOpts\",\"cucumberOpts\",\"onPrepare\",\"onWorkerStart\",\"onWorkerEnd\",\"before\",\"beforeSession\",\"beforeSuite\",\"beforeHook\",\"beforeTest\",\"afterTest\",\"afterHook\",\"afterSuite\",\"afterSession\",\"after\",\"onComplete\",\"beforeAssertion\",\"afterAssertion\",\"beforeFeature\",\"beforeScenario\",\"beforeStep\",\"afterStep\",\"afterScenario\",\"afterFeature\",\"_\",\"suite\",\"$0\",\"ignoredWorkerServices\",\"wdi5\"]"}]}
RESULT: {"script":"<script> [2342 bytes]","args":[{"protocol":"http","hostname":"0.0.0.0","path":"/","capabilities":{"browserName":"chrome","goog:chromeOptions":{"binary":"C:\\Program Files\\Google\\Chrome\\Application\\chrome.exe","args":["--start-maximized"]}},"logLevel":"warn","connectionRetryTimeout":120000,"connectionRetryCount":3,"logLevels":{},"enableDirectConnect":true,"strictSSL":true,"_":"65 more keys: [\"cacheDir\",\"port\",\"requestedCapabilities\",\"automationProtocol\",\"baseUrl\",\"waitforInterval\",\"waitforTimeout\",\"onReload\",\"beforeCommand\",\"afterCommand\",\"rootDir\",\"specs\",\"suites\",\"exclude\",\"groupLogsByTestSpec\",\"excludeDriverLogs\",\"bail\",\"framework\",\"reporters\",\"services\",\"maxInstances\",\"maxInstancesPerCapability\",\"injectGlobals\",\"filesToWatch\",\"execArgv\",\"runnerEnv\",\"runner\",\"shard\",\"specFileRetries\",\"specFileRetriesDelay\",\"specFileRetriesDeferred\",\"reporterSyncInterval\",\"reporterSyncTimeout\",\"cucumberFeaturesWithLineNumbers\",\"autoCompileOpts\",\"mochaOpts\",\"jasmineOpts\",\"cucumberOpts\",\"onPrepare\",\"onWorkerStart\",\"onWorkerEnd\",\"before\",\"beforeSession\",\"beforeSuite\",\"beforeHook\",\"beforeTest\",\"afterTest\",\"afterHook\",\"afterSuite\",\"afterSession\",\"after\",\"onComplete\",\"beforeAssertion\",\"afterAssertion\",\"beforeFeature\",\"beforeScenario\",\"beforeStep\",\"afterStep\",\"afterScenario\",\"afterFeature\",\"_\",\"suite\",\"$0\",\"ignoredWorkerServices\",\"wdi5\"]"}]}
COMMAND: POST /session/29c94e7c3de8c8de4e6aab3f7ecf7110/execute/async - {"script":"<script> [21126 bytes]","args":[35000]}
RESULT: {"script":"<script> [21126 bytes]","args":[35000]}
COMMAND: POST /session/29c94e7c3de8c8de4e6aab3f7ecf7110/execute/async - {"script":"<script> [1562 bytes]","args":[{"selector":{"controlType":"sap.m.Button","viewName":"etm.portal.ui.managecatalogs.view.Detail","viewId":"application-managecatalogs-display-component---detailCatalog","i18NText":{"propertyName":"text","key":"edit"},"interaction":{"idSuffix":"BDI-content"}},"wdio_ui5_key":"etmportal.ui.managecatalogs.view.Detailsap.m.Button{\"propertyName\":\"text\",\"key\":\"edit\"}"}]}
RESULT: {"script":"<script> [1562 bytes]","args":[{"selector":{"controlType":"sap.m.Button","viewName":"etm.portal.ui.managecatalogs.view.Detail","viewId":"application-managecatalogs-display-component---detailCatalog","i18NText":{"propertyName":"text","key":"edit"},"interaction":{"idSuffix":"BDI-content"}},"wdio_ui5_key":"etmportal.ui.managecatalogs.view.Detailsap.m.Button{\"propertyName\":\"text\",\"key\":\"edit\"}"}]}
RESULT: undefined
COMMAND: POST /session/29c94e7c3de8c8de4e6aab3f7ecf7110/element - {"using":"xpath","value":"//*[@id=\"__button25\"]"}
RESULT: {"using":"xpath","value":"//*[@id=\"__button25\"]"}
COMMAND: POST /session/29c94e7c3de8c8de4e6aab3f7ecf7110/element/f.A8B909B395C19A77638691ECE2720CC3.d.D86ABAC3439AE5E6B474D4814E99F21A.e.7277/click - {}
RESULT: {}
COMMAND: POST /session/29c94e7c3de8c8de4e6aab3f7ecf7110/execute/async - {"script":"<script> [1562 bytes]","args":[{"selector":{"controlType":"sap.ui.core.Icon","viewName":"etm.portal.ui.managecatalogs.view.Detail","viewId":"application-managecatalogs-display-component---detailCatalog","properties":{"src":{"regex":{"source":"add\\-document"}}}},"wdio_ui5_key":"etmportal.ui.managecatalogs.view.Detailsap.ui.core.Icon{\"src\":{\"regex\":{\"source\":\"add\\\\-document\"}}}"}]}
COMMAND: GET /session/29c94e7c3de8c8de4e6aab3f7ecf7110/screenshot - {}
RESULT: undefined
RESULT: undefined
RESULT: {"script":"<script> [1562 bytes]","args":[{"selector":{"controlType":"sap.ui.core.Icon","viewName":"etm.portal.ui.managecatalogs.view.Detail","viewId":"application-managecatalogs-display-component---detailCatalog","properties":{"src":{"regex":{"source":"add\\-document"}}}},"wdio_ui5_key":"etmportal.ui.managecatalogs.view.Detailsap.ui.core.Icon{\"src\":{\"regex\":{\"source\":\"add\\\\-document\"}}}"}]}
RESULT: undefined
COMMAND: POST /session/29c94e7c3de8c8de4e6aab3f7ecf7110/element - {"using":"xpath","value":"//*[@id=\"__button34-img\"]"}
RESULT: {}
RESULT: {"using":"xpath","value":"//*[@id=\"__button34-img\"]"}
COMMAND: POST /session/29c94e7c3de8c8de4e6aab3f7ecf7110/element/f.A8B909B395C19A77638691ECE2720CC3.d.D86ABAC3439AE5E6B474D4814E99F21A.e.7283/click - {}
RESULT: {}
COMMAND: POST /session/29c94e7c3de8c8de4e6aab3f7ecf7110/execute/async - {"script":"<script> [1562 bytes]","args":[{"selector":{"id":"application-managecatalogs-display-component---detailCatalog--newItemNumberInput","searchOpenDialogs":true,"interaction":{"idSuffix":"inner"}},"wdio_ui5_key":"applicationmanagecatalogs-display-component---detailCatalog--newItemNumberInput"}]}
COMMAND: GET /session/29c94e7c3de8c8de4e6aab3f7ecf7110/screenshot - {}
RESULT: {"script":"<script> [1562 bytes]","args":[{"selector":{"id":"application-managecatalogs-display-component---detailCatalog--newItemNumberInput","searchOpenDialogs":true,"interaction":{"idSuffix":"inner"}},"wdio_ui5_key":"applicationmanagecatalogs-display-component---detailCatalog--newItemNumberInput"}]}
RESULT: undefined
COMMAND: POST /session/29c94e7c3de8c8de4e6aab3f7ecf7110/execute/async - {"script":"<script> [776 bytes]","args":[{"enterText":"catalogItemad2y8","selector":{"id":"application-managecatalogs-display-component---detailCatalog--newItemNumberInput","searchOpenDialogs":true,"interaction":{"idSuffix":"inner"}},"clearTextFirst":true,"interactionType":"ENTER_TEXT"}]}
RESULT: {}
RESULT: {"script":"<script> [776 bytes]","args":[{"enterText":"catalogItemad2y8","selector":{"id":"application-managecatalogs-display-component---detailCatalog--newItemNumberInput","searchOpenDialogs":true,"interaction":{"idSuffix":"inner"}},"clearTextFirst":true,"interactionType":"ENTER_TEXT"}]}
COMMAND: POST /session/29c94e7c3de8c8de4e6aab3f7ecf7110/execute/async - {"script":"<script> [1562 bytes]","args":[{"selector":{"controlType":"sap.m.Input","viewName":"etm.portal.ui.managecatalogs.view.Detail","viewId":"application-managecatalogs-display-component---detailCatalog","bindingPath":{"path":"","propertyPath":"/DESCRIPTION"},"searchOpenDialogs":true,"interaction":{"idSuffix":"inner"}},"wdio_ui5_key":"etmportal.ui.managecatalogs.view.Detailsap.m.Input{\"path\":\"\",\"propertyPath\":\"/DESCRIPTION\"}"}]}
RESULT: {"script":"<script> [1562 bytes]","args":[{"selector":{"controlType":"sap.m.Input","viewName":"etm.portal.ui.managecatalogs.view.Detail","viewId":"application-managecatalogs-display-component---detailCatalog","bindingPath":{"path":"","propertyPath":"/DESCRIPTION"},"searchOpenDialogs":true,"interaction":{"idSuffix":"inner"}},"wdio_ui5_key":"etmportal.ui.managecatalogs.view.Detailsap.m.Input{\"path\":\"\",\"propertyPath\":\"/DESCRIPTION\"}"}]}
RESULT: undefined
COMMAND: POST /session/29c94e7c3de8c8de4e6aab3f7ecf7110/execute/async - {"script":"<script> [776 bytes]","args":[{"enterText":"catalogItemNamee6f0c","selector":{"controlType":"sap.m.Input","viewName":"etm.portal.ui.managecatalogs.view.Detail","viewId":"application-managecatalogs-display-component---detailCatalog","bindingPath":{"path":"","propertyPath":"/DESCRIPTION"},"searchOpenDialogs":true,"interaction":{"idSuffix":"inner"}},"clearTextFirst":true,"interactionType":"ENTER_TEXT"}]}
RESULT: {"script":"<script> [776 bytes]","args":[{"enterText":"catalogItemNamee6f0c","selector":{"controlType":"sap.m.Input","viewName":"etm.portal.ui.managecatalogs.view.Detail","viewId":"application-managecatalogs-display-component---detailCatalog","bindingPath":{"path":"","propertyPath":"/DESCRIPTION"},"searchOpenDialogs":true,"interaction":{"idSuffix":"inner"}},"clearTextFirst":true,"interactionType":"ENTER_TEXT"}]}
COMMAND: POST /session/29c94e7c3de8c8de4e6aab3f7ecf7110/execute/async - {"script":"<script> [1562 bytes]","args":[{"selector":{"controlType":"sap.m.Button","viewName":"etm.portal.ui.managecatalogs.view.Detail","viewId":"application-managecatalogs-display-component---detailCatalog","i18NText":{"propertyName":"text","key":"create"},"searchOpenDialogs":true,"interaction":{"idSuffix":"BDI-content"}},"wdio_ui5_key":"etmportal.ui.managecatalogs.view.Detailsap.m.Button{\"propertyName\":\"text\",\"key\":\"create\"}"}]}
RESULT: {"script":"<script> [1562 bytes]","args":[{"selector":{"controlType":"sap.m.Button","viewName":"etm.portal.ui.managecatalogs.view.Detail","viewId":"application-managecatalogs-display-component---detailCatalog","i18NText":{"propertyName":"text","key":"create"},"searchOpenDialogs":true,"interaction":{"idSuffix":"BDI-content"}},"wdio_ui5_key":"etmportal.ui.managecatalogs.view.Detailsap.m.Button{\"propertyName\":\"text\",\"key\":\"create\"}"}]}
RESULT: undefined
COMMAND: POST /session/29c94e7c3de8c8de4e6aab3f7ecf7110/element - {"using":"xpath","value":"//*[@id=\"__button9\"]"}
RESULT: {"using":"xpath","value":"//*[@id=\"__button9\"]"}
COMMAND: POST /session/29c94e7c3de8c8de4e6aab3f7ecf7110/element/f.A8B909B395C19A77638691ECE2720CC3.d.D86ABAC3439AE5E6B474D4814E99F21A.e.7293/click - {}
RESULT: {}
COMMAND: GET /session/29c94e7c3de8c8de4e6aab3f7ecf7110/screenshot - {}
RESULT: {}
COMMAND: POST /session/29c94e7c3de8c8de4e6aab3f7ecf7110/element - {"using":"xpath","value":"//button[@title=\"Save\"]"}
RESULT: {"using":"xpath","value":"//button[@title=\"Save\"]"}
COMMAND: POST /session/29c94e7c3de8c8de4e6aab3f7ecf7110/element/f.A8B909B395C19A77638691ECE2720CC3.d.D86ABAC3439AE5E6B474D4814E99F21A.e.7294/click - {}
RESULT: {}
COMMAND: GET /session/29c94e7c3de8c8de4e6aab3f7ecf7110/screenshot - {}
RESULT: {}
COMMAND: POST /session/29c94e7c3de8c8de4e6aab3f7ecf7110/execute/async - {"script":"<script> [1562 bytes]","args":[{"selector":{"controlType":"sap.ui.core.Icon","viewName":"etm.portal.ui.managecatalogs.view.Detail","viewId":"application-managecatalogs-display-component---detailCatalog","properties":{"src":{"regex":{"source":"decline"}}}},"wdio_ui5_key":"etmportal.ui.managecatalogs.view.Detailsap.ui.core.Icon{\"src\":{\"regex\":{\"source\":\"decline\"}}}"}]}
RESULT: {"script":"<script> [1562 bytes]","args":[{"selector":{"controlType":"sap.ui.core.Icon","viewName":"etm.portal.ui.managecatalogs.view.Detail","viewId":"application-managecatalogs-display-component---detailCatalog","properties":{"src":{"regex":{"source":"decline"}}}},"wdio_ui5_key":"etmportal.ui.managecatalogs.view.Detailsap.ui.core.Icon{\"src\":{\"regex\":{\"source\":\"decline\"}}}"}]}
RESULT: undefined
COMMAND: POST /session/29c94e7c3de8c8de4e6aab3f7ecf7110/element - {"using":"xpath","value":"//*[@id=\"__button28-img\"]"}
RESULT: {"using":"xpath","value":"//*[@id=\"__button28-img\"]"}
COMMAND: POST /session/29c94e7c3de8c8de4e6aab3f7ecf7110/element/f.A8B909B395C19A77638691ECE2720CC3.d.D86ABAC3439AE5E6B474D4814E99F21A.e.7301/click - {}
RESULT: {}
COMMAND: GET /session/29c94e7c3de8c8de4e6aab3f7ecf7110/screenshot - {}
RESULT: {}
COMMAND: POST /session/29c94e7c3de8c8de4e6aab3f7ecf7110/execute/async - {"script":"<script> [1562 bytes]","args":[{"selector":{"controlType":"sap.ui.core.Icon","viewName":"etm.portal.ui.managecatalogs.view.MasterItems","viewId":"application-managecatalogs-display-component---masterCatalogItems","properties":{"src":{"regex":{"source":"refresh"}}}},"wdio_ui5_key":"etmportal.ui.managecatalogs.view.MasterItemssap.ui.core.Icon{\"src\":{\"regex\":{\"source\":\"refresh\"}}}"}]}
RESULT: {"script":"<script> [1562 bytes]","args":[{"selector":{"controlType":"sap.ui.core.Icon","viewName":"etm.portal.ui.managecatalogs.view.MasterItems","viewId":"application-managecatalogs-display-component---masterCatalogItems","properties":{"src":{"regex":{"source":"refresh"}}}},"wdio_ui5_key":"etmportal.ui.managecatalogs.view.MasterItemssap.ui.core.Icon{\"src\":{\"regex\":{\"source\":\"refresh\"}}}"}]}
RESULT: undefined
COMMAND: POST /session/29c94e7c3de8c8de4e6aab3f7ecf7110/element - {"using":"xpath","value":"//*[@id=\"__button1-img\"]"}
RESULT: {"using":"xpath","value":"//*[@id=\"__button1-img\"]"}
COMMAND: POST /session/29c94e7c3de8c8de4e6aab3f7ecf7110/element/f.A8B909B395C19A77638691ECE2720CC3.d.D86ABAC3439AE5E6B474D4814E99F21A.e.7309/click - {}
RESULT: {}
COMMAND: GET /session/29c94e7c3de8c8de4e6aab3f7ecf7110/screenshot - {}
RESULT: {}
COMMAND: POST /session/29c94e7c3de8c8de4e6aab3f7ecf7110/execute/async - {"script":"<script> [1562 bytes]","args":[{"selector":{"id":"application-managecatalogs-display-component---masterCatalogItems--searchItemsField","interaction":{"idSuffix":"I"}},"wdio_ui5_key":"applicationmanagecatalogs-display-component---masterCatalogItems--searchItemsField"}]}
RESULT: {"script":"<script> [1562 bytes]","args":[{"selector":{"id":"application-managecatalogs-display-component---masterCatalogItems--searchItemsField","interaction":{"idSuffix":"I"}},"wdio_ui5_key":"applicationmanagecatalogs-display-component---masterCatalogItems--searchItemsField"}]}
RESULT: undefined
COMMAND: POST /session/29c94e7c3de8c8de4e6aab3f7ecf7110/execute/async - {"script":"<script> [776 bytes]","args":[{"enterText":"catalogItemNamee6f0c","selector":{"id":"application-managecatalogs-display-component---masterCatalogItems--searchItemsField","interaction":{"idSuffix":"I"}},"clearTextFirst":true,"interactionType":"ENTER_TEXT"}]}
RESULT: {"script":"<script> [776 bytes]","args":[{"enterText":"catalogItemNamee6f0c","selector":{"id":"application-managecatalogs-display-component---masterCatalogItems--searchItemsField","interaction":{"idSuffix":"I"}},"clearTextFirst":true,"interactionType":"ENTER_TEXT"}]}
COMMAND: POST /session/29c94e7c3de8c8de4e6aab3f7ecf7110/actions - {"actions":[{"id":"action50","type":"key","parameters":{},"actions":[{"type":"keyDown","value":"î€‡"},{"type":"pause","duration":10},{"type":"keyUp","value":"î€‡"}]}]}
RESULT: {"actions":[{"id":"action50","type":"key","parameters":{},"actions":[{"type":"keyDown","value":"î€‡"},{"type":"pause","duration":10},{"type":"keyUp","value":"î€‡"}]}]}
COMMAND: POST /session/29c94e7c3de8c8de4e6aab3f7ecf7110/element - {"using":"xpath","value":"(//span[contains(text(), \"catalogItemNamee6f0c\")])[1]"}
COMMAND: GET /session/29c94e7c3de8c8de4e6aab3f7ecf7110/screenshot - {}
RESULT: {"using":"xpath","value":"(//span[contains(text(), \"catalogItemNamee6f0c\")])[1]"}
COMMAND: POST /session/29c94e7c3de8c8de4e6aab3f7ecf7110/element/f.A8B909B395C19A77638691ECE2720CC3.d.D86ABAC3439AE5E6B474D4814E99F21A.e.7343/click - {}
RESULT: {}
RESULT: {}
COMMAND: GET /session/29c94e7c3de8c8de4e6aab3f7ecf7110/screenshot - {}
RESULT: {}
COMMAND: POST /session/29c94e7c3de8c8de4e6aab3f7ecf7110/element - {"using":"xpath","value":"//span[contains(text(), \"catalogItemad2y8\")]"}
RESULT: {"using":"xpath","value":"//span[contains(text(), \"catalogItemad2y8\")]"}
COMMAND: GET /session/29c94e7c3de8c8de4e6aab3f7ecf7110/element/f.A8B909B395C19A77638691ECE2720CC3.d.D86ABAC3439AE5E6B474D4814E99F21A.e.7405/text - {}
RESULT: {}
]]></system-out>
    </testcase>
    <testcase classname="chrome.137_0_7151_69.windows.Manage_requests_-_requests_specifications_US141095" name="Should add the classification to the catalog item" time="39.938">
      <system-out><![CDATA[
RESULT: undefined
COMMAND: POST /session/29c94e7c3de8c8de4e6aab3f7ecf7110/element - {"using":"xpath","value":"//*[@id=\"__button25\"]"}
RESULT: {"using":"xpath","value":"//*[@id=\"__button25\"]"}
COMMAND: POST /session/29c94e7c3de8c8de4e6aab3f7ecf7110/element/f.A8B909B395C19A77638691ECE2720CC3.d.D86ABAC3439AE5E6B474D4814E99F21A.e.7406/click - {}
RESULT: {}
COMMAND: GET /session/29c94e7c3de8c8de4e6aab3f7ecf7110/screenshot - {}
RESULT: {}
COMMAND: POST /session/29c94e7c3de8c8de4e6aab3f7ecf7110/execute/async - {"script":"<script> [1562 bytes]","args":[{"selector":{"id":"application-managecatalogs-display-component---detailCatalog--BASE_UNIT_OF_MEASURE-arrow"},"wdio_ui5_key":"applicationmanagecatalogs-display-component---detailCatalog--BASE_UNIT_OF_MEASURE-arrow"}]}
RESULT: {"script":"<script> [1562 bytes]","args":[{"selector":{"id":"application-managecatalogs-display-component---detailCatalog--BASE_UNIT_OF_MEASURE-arrow"},"wdio_ui5_key":"applicationmanagecatalogs-display-component---detailCatalog--BASE_UNIT_OF_MEASURE-arrow"}]}
RESULT: undefined
COMMAND: POST /session/29c94e7c3de8c8de4e6aab3f7ecf7110/element - {"using":"xpath","value":"//*[@id=\"application-managecatalogs-display-component---detailCatalog--BASE_UNIT_OF_MEASURE-arrow\"]"}
RESULT: {"using":"xpath","value":"//*[@id=\"application-managecatalogs-display-component---detailCatalog--BASE_UNIT_OF_MEASURE-arrow\"]"}
COMMAND: POST /session/29c94e7c3de8c8de4e6aab3f7ecf7110/element/f.A8B909B395C19A77638691ECE2720CC3.d.D86ABAC3439AE5E6B474D4814E99F21A.e.7438/click - {}
RESULT: {}
COMMAND: POST /session/29c94e7c3de8c8de4e6aab3f7ecf7110/execute/async - {"script":"<script> [1562 bytes]","args":[{"selector":{"controlType":"sap.m.StandardListItem","viewName":"etm.portal.ui.managecatalogs.view.Detail","viewId":"application-managecatalogs-display-component---detailCatalog","properties":{"title":"Piece"},"searchOpenDialogs":true,"interaction":{"idSuffix":"titleText"}},"wdio_ui5_key":"etmportal.ui.managecatalogs.view.Detailsap.m.StandardListItem{\"title\":\"Piece\"}"}]}
COMMAND: GET /session/29c94e7c3de8c8de4e6aab3f7ecf7110/screenshot - {}
RESULT: {"script":"<script> [1562 bytes]","args":[{"selector":{"controlType":"sap.m.StandardListItem","viewName":"etm.portal.ui.managecatalogs.view.Detail","viewId":"application-managecatalogs-display-component---detailCatalog","properties":{"title":"Piece"},"searchOpenDialogs":true,"interaction":{"idSuffix":"titleText"}},"wdio_ui5_key":"etmportal.ui.managecatalogs.view.Detailsap.m.StandardListItem{\"title\":\"Piece\"}"}]}
RESULT: undefined
COMMAND: POST /session/29c94e7c3de8c8de4e6aab3f7ecf7110/element - {"using":"xpath","value":"//*[@id=\"__item234\"]"}
RESULT: {}
RESULT: {"using":"xpath","value":"//*[@id=\"__item234\"]"}
COMMAND: POST /session/29c94e7c3de8c8de4e6aab3f7ecf7110/element/f.A8B909B395C19A77638691ECE2720CC3.d.D86ABAC3439AE5E6B474D4814E99F21A.e.7440/click - {}
RESULT: {}
COMMAND: POST /session/29c94e7c3de8c8de4e6aab3f7ecf7110/element - {"using":"xpath","value":"//button[contains(@data-kt ,\"ClassificationAddClassButton\")]"}
COMMAND: GET /session/29c94e7c3de8c8de4e6aab3f7ecf7110/screenshot - {}
RESULT: {"using":"xpath","value":"//button[contains(@data-kt ,\"ClassificationAddClassButton\")]"}
COMMAND: POST /session/29c94e7c3de8c8de4e6aab3f7ecf7110/element/f.A8B909B395C19A77638691ECE2720CC3.d.D86ABAC3439AE5E6B474D4814E99F21A.e.7441/click - {}
RESULT: {}
RESULT: {}
COMMAND: GET /session/29c94e7c3de8c8de4e6aab3f7ecf7110/screenshot - {}
RESULT: {}
COMMAND: POST /session/29c94e7c3de8c8de4e6aab3f7ecf7110/element - {"using":"xpath","value":"//input[contains(@id ,\"searchField-I\")]"}
RESULT: {"using":"xpath","value":"//input[contains(@id ,\"searchField-I\")]"}
COMMAND: POST /session/29c94e7c3de8c8de4e6aab3f7ecf7110/element/f.A8B909B395C19A77638691ECE2720CC3.d.D86ABAC3439AE5E6B474D4814E99F21A.e.7444/value - {"text":"WebdriverItemClassm1uwfh"}
RESULT: {"text":"WebdriverItemClassm1uwfh"}
COMMAND: POST /session/29c94e7c3de8c8de4e6aab3f7ecf7110/actions - {"actions":[{"id":"action51","type":"key","parameters":{},"actions":[{"type":"keyDown","value":"î€‡"},{"type":"pause","duration":10},{"type":"keyUp","value":"î€‡"}]}]}
COMMAND: GET /session/29c94e7c3de8c8de4e6aab3f7ecf7110/screenshot - {}
RESULT: {"actions":[{"id":"action51","type":"key","parameters":{},"actions":[{"type":"keyDown","value":"î€‡"},{"type":"pause","duration":10},{"type":"keyUp","value":"î€‡"}]}]}
COMMAND: GET /session/29c94e7c3de8c8de4e6aab3f7ecf7110/screenshot - {}
RESULT: {}
RESULT: {}
COMMAND: POST /session/29c94e7c3de8c8de4e6aab3f7ecf7110/element - {"using":"xpath","value":"//span[contains(text(), \"WebdriverItemClassm1uwfh\")]"}
RESULT: {"using":"xpath","value":"//span[contains(text(), \"WebdriverItemClassm1uwfh\")]"}
COMMAND: POST /session/29c94e7c3de8c8de4e6aab3f7ecf7110/element/f.A8B909B395C19A77638691ECE2720CC3.d.D86ABAC3439AE5E6B474D4814E99F21A.e.7471/click - {}
RESULT: {}
COMMAND: GET /session/29c94e7c3de8c8de4e6aab3f7ecf7110/screenshot - {}
RESULT: {}
COMMAND: POST /session/29c94e7c3de8c8de4e6aab3f7ecf7110/execute/async - {"script":"<script> [1562 bytes]","args":[{"selector":{"controlType":"sap.m.Button","viewName":"etm.portal.ui.managecatalogs.view.Detail","viewId":"application-managecatalogs-display-component---detailCatalog","properties":{"text":"Classification"},"interaction":{"idSuffix":"BDI-content"}},"wdio_ui5_key":"etmportal.ui.managecatalogs.view.Detailsap.m.Button{\"text\":\"Classification\"}"}]}
RESULT: {"script":"<script> [1562 bytes]","args":[{"selector":{"controlType":"sap.m.Button","viewName":"etm.portal.ui.managecatalogs.view.Detail","viewId":"application-managecatalogs-display-component---detailCatalog","properties":{"text":"Classification"},"interaction":{"idSuffix":"BDI-content"}},"wdio_ui5_key":"etmportal.ui.managecatalogs.view.Detailsap.m.Button{\"text\":\"Classification\"}"}]}
RESULT: undefined
COMMAND: POST /session/29c94e7c3de8c8de4e6aab3f7ecf7110/element - {"using":"xpath","value":"//*[@id=\"application-managecatalogs-display-component---detailCatalog--ObjectPageLayout-anchBar-__section3-anchor\"]"}
RESULT: {"using":"xpath","value":"//*[@id=\"application-managecatalogs-display-component---detailCatalog--ObjectPageLayout-anchBar-__section3-anchor\"]"}
COMMAND: POST /session/29c94e7c3de8c8de4e6aab3f7ecf7110/element/f.A8B909B395C19A77638691ECE2720CC3.d.D86ABAC3439AE5E6B474D4814E99F21A.e.7476/click - {}
RESULT: {}
COMMAND: POST /session/29c94e7c3de8c8de4e6aab3f7ecf7110/execute/async - {"script":"<script> [1562 bytes]","args":[{"selector":{"controlType":"sap.ui.core.Icon","viewName":"etm.portal.ui.managecatalogs.view.Detail","viewId":"application-managecatalogs-display-component---detailCatalog","properties":{"src":{"regex":{"source":"slim\\-arrow\\-right"}}},"ancestor":{"controlType":"sap.m.Panel","viewName":"etm.portal.ui.managecatalogs.view.Detail","viewId":"application-managecatalogs-display-component---detailCatalog"}},"wdio_ui5_key":"etmportal.ui.managecatalogs.view.Detailsap.ui.core.Icon{\"src\":{\"regex\":{\"source\":\"slim\\\\-arrow\\\\-right\"}}}{\"controlType\":\"sap.m.Panel\",\"viewName\":\"etm.portal.ui.managecatalogs.view.Detail\",\"viewId\":\"application-managecatalogs-display-component---detailCatalog\"}"}]}
COMMAND: GET /session/29c94e7c3de8c8de4e6aab3f7ecf7110/screenshot - {}
RESULT: {"script":"<script> [1562 bytes]","args":[{"selector":{"controlType":"sap.ui.core.Icon","viewName":"etm.portal.ui.managecatalogs.view.Detail","viewId":"application-managecatalogs-display-component---detailCatalog","properties":{"src":{"regex":{"source":"slim\\-arrow\\-right"}}},"ancestor":{"controlType":"sap.m.Panel","viewName":"etm.portal.ui.managecatalogs.view.Detail","viewId":"application-managecatalogs-display-component---detailCatalog"}},"wdio_ui5_key":"etmportal.ui.managecatalogs.view.Detailsap.ui.core.Icon{\"src\":{\"regex\":{\"source\":\"slim\\\\-arrow\\\\-right\"}}}{\"controlType\":\"sap.m.Panel\",\"viewName\":\"etm.portal.ui.managecatalogs.view.Detail\",\"viewId\":\"application-managecatalogs-display-component---detailCatalog\"}"}]}
RESULT: undefined
COMMAND: POST /session/29c94e7c3de8c8de4e6aab3f7ecf7110/element - {"using":"xpath","value":"//*[@id=\"__panel0-__layout17-0-expandButton-img\"]"}
RESULT: {}
RESULT: {"using":"xpath","value":"//*[@id=\"__panel0-__layout17-0-expandButton-img\"]"}
COMMAND: POST /session/29c94e7c3de8c8de4e6aab3f7ecf7110/element/f.A8B909B395C19A77638691ECE2720CC3.d.D86ABAC3439AE5E6B474D4814E99F21A.e.7482/click - {}
RESULT: {}
COMMAND: POST /session/29c94e7c3de8c8de4e6aab3f7ecf7110/execute/async - {"script":"<script> [1562 bytes]","args":[{"selector":{"controlType":"sap.ui.core.Icon","viewName":"etm.portal.ui.managecatalogs.view.Detail","viewId":"application-managecatalogs-display-component---detailCatalog","properties":{"src":{"regex":{"source":"slim\\-arrow\\-down"}}},"ancestor":{"controlType":"sap.m.ColumnListItem","viewName":"etm.portal.ui.managecatalogs.view.Detail","viewId":"application-managecatalogs-display-component---detailCatalog","bindingPath":{"modelName":"classModel","path":"/data/0/PROPERTIES/0"},"ancestor":{"controlType":"sap.m.Table","viewName":"etm.portal.ui.managecatalogs.view.Detail","viewId":"application-managecatalogs-display-component---detailCatalog","bindingPath":{"path":"/data/0","propertyPath":"PROPERTIES","modelName":"classModel"}}}},"wdio_ui5_key":"etmportal.ui.managecatalogs.view.Detailsap.ui.core.Icon{\"src\":{\"regex\":{\"source\":\"slim\\\\-arrow\\\\-down\"}}}{\"controlType\":\"sap.m.ColumnListItem\",\"viewName\":\"etm.portal.ui.managecatalogs.view.Detail\",\"viewId\":\"application-managecatalogs-display-component---detailCatalog\",\"bindingPath\":{\"modelName\":\"classModel\",\"path\":\"/data/0/PROPERTIES/0\"},\"ancestor\":{\"controlType\":\"sap.m.Table\",\"viewName\":\"etm.portal.ui.managecatalogs.view.Detail\",\"viewId\":\"application-managecatalogs-display-component---detailCatalog\",\"bindingPath\":{\"path\":\"/data/0\",\"propertyPath\":\"PROPERTIES\",\"modelName\":\"classModel\"}}}"}]}
COMMAND: GET /session/29c94e7c3de8c8de4e6aab3f7ecf7110/screenshot - {}
RESULT: {"script":"<script> [1562 bytes]","args":[{"selector":{"controlType":"sap.ui.core.Icon","viewName":"etm.portal.ui.managecatalogs.view.Detail","viewId":"application-managecatalogs-display-component---detailCatalog","properties":{"src":{"regex":{"source":"slim\\-arrow\\-down"}}},"ancestor":{"controlType":"sap.m.ColumnListItem","viewName":"etm.portal.ui.managecatalogs.view.Detail","viewId":"application-managecatalogs-display-component---detailCatalog","bindingPath":{"modelName":"classModel","path":"/data/0/PROPERTIES/0"},"ancestor":{"controlType":"sap.m.Table","viewName":"etm.portal.ui.managecatalogs.view.Detail","viewId":"application-managecatalogs-display-component---detailCatalog","bindingPath":{"path":"/data/0","propertyPath":"PROPERTIES","modelName":"classModel"}}}},"wdio_ui5_key":"etmportal.ui.managecatalogs.view.Detailsap.ui.core.Icon{\"src\":{\"regex\":{\"source\":\"slim\\\\-arrow\\\\-down\"}}}{\"controlType\":\"sap.m.ColumnListItem\",\"viewName\":\"etm.portal.ui.managecatalogs.view.Detail\",\"viewId\":\"application-managecatalogs-display-component---detailCatalog\",\"bindingPath\":{\"modelName\":\"classModel\",\"path\":\"/data/0/PROPERTIES/0\"},\"ancestor\":{\"controlType\":\"sap.m.Table\",\"viewName\":\"etm.portal.ui.managecatalogs.view.Detail\",\"viewId\":\"application-managecatalogs-display-component---detailCatalog\",\"bindingPath\":{\"path\":\"/data/0\",\"propertyPath\":\"PROPERTIES\",\"modelName\":\"classModel\"}}}"}]}
RESULT: undefined
COMMAND: POST /session/29c94e7c3de8c8de4e6aab3f7ecf7110/element - {"using":"xpath","value":"//*[@id=\"__box31-arrow\"]"}
RESULT: {}
RESULT: {"using":"xpath","value":"//*[@id=\"__box31-arrow\"]"}
COMMAND: POST /session/29c94e7c3de8c8de4e6aab3f7ecf7110/element/f.A8B909B395C19A77638691ECE2720CC3.d.D86ABAC3439AE5E6B474D4814E99F21A.e.7497/click - {}
RESULT: {}
COMMAND: POST /session/29c94e7c3de8c8de4e6aab3f7ecf7110/execute/async - {"script":"<script> [1562 bytes]","args":[{"selector":{"controlType":"sap.m.StandardListItem","viewName":"etm.portal.ui.managecatalogs.view.Detail","viewId":"application-managecatalogs-display-component---detailCatalog","properties":{"title":"red"},"searchOpenDialogs":true,"interaction":{"idSuffix":"content"}},"wdio_ui5_key":"etmportal.ui.managecatalogs.view.Detailsap.m.StandardListItem{\"title\":\"red\"}"}]}
COMMAND: GET /session/29c94e7c3de8c8de4e6aab3f7ecf7110/screenshot - {}
RESULT: {"script":"<script> [1562 bytes]","args":[{"selector":{"controlType":"sap.m.StandardListItem","viewName":"etm.portal.ui.managecatalogs.view.Detail","viewId":"application-managecatalogs-display-component---detailCatalog","properties":{"title":"red"},"searchOpenDialogs":true,"interaction":{"idSuffix":"content"}},"wdio_ui5_key":"etmportal.ui.managecatalogs.view.Detailsap.m.StandardListItem{\"title\":\"red\"}"}]}
RESULT: undefined
COMMAND: POST /session/29c94e7c3de8c8de4e6aab3f7ecf7110/element - {"using":"xpath","value":"//*[@id=\"__item242\"]"}
RESULT: {}
RESULT: {"using":"xpath","value":"//*[@id=\"__item242\"]"}
COMMAND: POST /session/29c94e7c3de8c8de4e6aab3f7ecf7110/element/f.A8B909B395C19A77638691ECE2720CC3.d.D86ABAC3439AE5E6B474D4814E99F21A.e.7500/click - {}
RESULT: {}
COMMAND: GET /session/29c94e7c3de8c8de4e6aab3f7ecf7110/screenshot - {}
RESULT: {}
COMMAND: POST /session/29c94e7c3de8c8de4e6aab3f7ecf7110/execute/async - {"script":"<script> [1562 bytes]","args":[{"selector":{"controlType":"sap.m.Button","viewName":"etm.portal.ui.managecatalogs.view.Detail","viewId":"application-managecatalogs-display-component---detailCatalog","i18NText":{"propertyName":"text","key":"save"},"interaction":{"idSuffix":"BDI-content"}},"wdio_ui5_key":"etmportal.ui.managecatalogs.view.Detailsap.m.Button{\"propertyName\":\"text\",\"key\":\"save\"}"}]}
RESULT: {"script":"<script> [1562 bytes]","args":[{"selector":{"controlType":"sap.m.Button","viewName":"etm.portal.ui.managecatalogs.view.Detail","viewId":"application-managecatalogs-display-component---detailCatalog","i18NText":{"propertyName":"text","key":"save"},"interaction":{"idSuffix":"BDI-content"}},"wdio_ui5_key":"etmportal.ui.managecatalogs.view.Detailsap.m.Button{\"propertyName\":\"text\",\"key\":\"save\"}"}]}
RESULT: undefined
COMMAND: POST /session/29c94e7c3de8c8de4e6aab3f7ecf7110/element - {"using":"xpath","value":"//*[@id=\"__button43\"]"}
RESULT: {"using":"xpath","value":"//*[@id=\"__button43\"]"}
COMMAND: POST /session/29c94e7c3de8c8de4e6aab3f7ecf7110/element/f.A8B909B395C19A77638691ECE2720CC3.d.D86ABAC3439AE5E6B474D4814E99F21A.e.7410/click - {}
RESULT: {}
COMMAND: GET /session/29c94e7c3de8c8de4e6aab3f7ecf7110/screenshot - {}
RESULT: {}
COMMAND: POST /session/29c94e7c3de8c8de4e6aab3f7ecf7110/element - {"using":"css selector","value":"#shell-header-logo"}
RESULT: {"using":"css selector","value":"#shell-header-logo"}
COMMAND: POST /session/29c94e7c3de8c8de4e6aab3f7ecf7110/element/f.A8B909B395C19A77638691ECE2720CC3.d.D86ABAC3439AE5E6B474D4814E99F21A.e.7242/click - {}
RESULT: undefined
RESULT: {}
COMMAND: GET /session/29c94e7c3de8c8de4e6aab3f7ecf7110/screenshot - {}
]]></system-out>
    </testcase>
    <testcase classname="chrome.137_0_7151_69.windows.Manage_requests_-_requests_specifications_US141095" name="Should create a new request and add the catalog item with the specifications" time="154.056">
      <system-out><![CDATA[
COMMAND: POST /session/29c94e7c3de8c8de4e6aab3f7ecf7110/execute/async - {"script":"<script> [1562 bytes]","args":[{"selector":{"controlType":"sap.m.GenericTile","properties":{"header":"Manage Requests"}},"wdio_ui5_key":"sapm.GenericTile{\"header\":\"Manage Requests\"}"}]}
RESULT: {}
RESULT: {"script":"<script> [1562 bytes]","args":[{"selector":{"controlType":"sap.m.GenericTile","properties":{"header":"Manage Requests"}},"wdio_ui5_key":"sapm.GenericTile{\"header\":\"Manage Requests\"}"}]}
RESULT: undefined
COMMAND: POST /session/29c94e7c3de8c8de4e6aab3f7ecf7110/element - {"using":"xpath","value":"//*[@id=\"__tile48\"]"}
RESULT: {"using":"xpath","value":"//*[@id=\"__tile48\"]"}
COMMAND: POST /session/29c94e7c3de8c8de4e6aab3f7ecf7110/element/f.A8B909B395C19A77638691ECE2720CC3.d.D86ABAC3439AE5E6B474D4814E99F21A.e.7532/click - {}
RESULT: {}
COMMAND: GET /session/29c94e7c3de8c8de4e6aab3f7ecf7110/screenshot - {}
RESULT: {}
COMMAND: POST /session/29c94e7c3de8c8de4e6aab3f7ecf7110/elements - {"using":"xpath","value":"//span[text()='Error']"}
RESULT: {"using":"xpath","value":"//span[text()='Error']"}
COMMAND: POST /session/29c94e7c3de8c8de4e6aab3f7ecf7110/element - {"using":"xpath","value":"//button[contains(@data-kt ,\"btnCreateNewOverflowToolbarButton\")]"}
COMMAND: POST /session/29c94e7c3de8c8de4e6aab3f7ecf7110/element - {"using":"xpath","value":"(//span[contains(@class ,\"sapMObjStatusText\")])[1]"}
RESULT: {"using":"xpath","value":"//button[contains(@data-kt ,\"btnCreateNewOverflowToolbarButton\")]"}
COMMAND: POST /session/29c94e7c3de8c8de4e6aab3f7ecf7110/element/f.A8B909B395C19A77638691ECE2720CC3.d.D86ABAC3439AE5E6B474D4814E99F21A.e.7587/click - {}
RESULT: {"using":"xpath","value":"(//span[contains(@class ,\"sapMObjStatusText\")])[1]"}
COMMAND: POST /session/29c94e7c3de8c8de4e6aab3f7ecf7110/execute/sync - {"script":"<script> [8489 bytes]","args":[{"element-6066-11e4-a52e-4f735466cecf":"f.A8B909B395C19A77638691ECE2720CC3.d.D86ABAC3439AE5E6B474D4814E99F21A.e.7623","ELEMENT":"f.A8B909B395C19A77638691ECE2720CC3.d.D86ABAC3439AE5E6B474D4814E99F21A.e.7623"}]}
RESULT: {}
COMMAND: GET /session/29c94e7c3de8c8de4e6aab3f7ecf7110/screenshot - {}
RESULT: {"script":"<script> [8489 bytes]","args":[{"element-6066-11e4-a52e-4f735466cecf":"f.A8B909B395C19A77638691ECE2720CC3.d.D86ABAC3439AE5E6B474D4814E99F21A.e.7623","ELEMENT":"f.A8B909B395C19A77638691ECE2720CC3.d.D86ABAC3439AE5E6B474D4814E99F21A.e.7623"}]}
COMMAND: GET /session/29c94e7c3de8c8de4e6aab3f7ecf7110/screenshot - {}
RESULT: {}
RESULT: {}
COMMAND: POST /session/29c94e7c3de8c8de4e6aab3f7ecf7110/element - {"using":"xpath","value":"//input[contains(@id ,\"yardId-inner\")]"}
RESULT: {"using":"xpath","value":"//input[contains(@id ,\"yardId-inner\")]"}
COMMAND: POST /session/29c94e7c3de8c8de4e6aab3f7ecf7110/execute/sync - {"script":"<script> [8489 bytes]","args":[{"element-6066-11e4-a52e-4f735466cecf":"f.A8B909B395C19A77638691ECE2720CC3.d.D86ABAC3439AE5E6B474D4814E99F21A.e.7724","ELEMENT":"f.A8B909B395C19A77638691ECE2720CC3.d.D86ABAC3439AE5E6B474D4814E99F21A.e.7724"}]}
RESULT: {"script":"<script> [8489 bytes]","args":[{"element-6066-11e4-a52e-4f735466cecf":"f.A8B909B395C19A77638691ECE2720CC3.d.D86ABAC3439AE5E6B474D4814E99F21A.e.7724","ELEMENT":"f.A8B909B395C19A77638691ECE2720CC3.d.D86ABAC3439AE5E6B474D4814E99F21A.e.7724"}]}
COMMAND: POST /session/29c94e7c3de8c8de4e6aab3f7ecf7110/element - {"using":"xpath","value":"//input[contains(@id ,\"yardId-inner\")]"}
COMMAND: GET /session/29c94e7c3de8c8de4e6aab3f7ecf7110/screenshot - {}
RESULT: {"using":"xpath","value":"//input[contains(@id ,\"yardId-inner\")]"}
COMMAND: GET /session/29c94e7c3de8c8de4e6aab3f7ecf7110/element/f.A8B909B395C19A77638691ECE2720CC3.d.D86ABAC3439AE5E6B474D4814E99F21A.e.7724/enabled - {}
RESULT: {}
RESULT: {}
COMMAND: POST /session/29c94e7c3de8c8de4e6aab3f7ecf7110/element/f.A8B909B395C19A77638691ECE2720CC3.d.D86ABAC3439AE5E6B474D4814E99F21A.e.7724/clear - {}
COMMAND: GET /session/29c94e7c3de8c8de4e6aab3f7ecf7110/screenshot - {}
RESULT: {}
COMMAND: POST /session/29c94e7c3de8c8de4e6aab3f7ecf7110/element/f.A8B909B395C19A77638691ECE2720CC3.d.D86ABAC3439AE5E6B474D4814E99F21A.e.7724/value - {"text":"WebdriverYardrpieg"}
COMMAND: GET /session/29c94e7c3de8c8de4e6aab3f7ecf7110/screenshot - {}
RESULT: {}
RESULT: {"text":"WebdriverYardrpieg"}
COMMAND: GET /session/29c94e7c3de8c8de4e6aab3f7ecf7110/screenshot - {}
RESULT: {}
RESULT: {}
COMMAND: POST /session/29c94e7c3de8c8de4e6aab3f7ecf7110/actions - {"actions":[{"id":"action52","type":"key","parameters":{},"actions":[{"type":"keyDown","value":"î€‡"},{"type":"pause","duration":10},{"type":"keyUp","value":"î€‡"}]}]}
COMMAND: POST /session/29c94e7c3de8c8de4e6aab3f7ecf7110/element - {"using":"xpath","value":"//input[contains(@id ,\"customerNumber-inner\")]"}
RESULT: {"actions":[{"id":"action52","type":"key","parameters":{},"actions":[{"type":"keyDown","value":"î€‡"},{"type":"pause","duration":10},{"type":"keyUp","value":"î€‡"}]}]}
COMMAND: GET /session/29c94e7c3de8c8de4e6aab3f7ecf7110/screenshot - {}
RESULT: {"using":"xpath","value":"//input[contains(@id ,\"customerNumber-inner\")]"}
COMMAND: POST /session/29c94e7c3de8c8de4e6aab3f7ecf7110/element/f.A8B909B395C19A77638691ECE2720CC3.d.D86ABAC3439AE5E6B474D4814E99F21A.e.7718/value - {"text":"WebdriverPartner89mcp"}
RESULT: {}
RESULT: {"text":"WebdriverPartner89mcp"}
COMMAND: GET /session/29c94e7c3de8c8de4e6aab3f7ecf7110/screenshot - {}
RESULT: {}
COMMAND: POST /session/29c94e7c3de8c8de4e6aab3f7ecf7110/actions - {"actions":[{"id":"action53","type":"key","parameters":{},"actions":[{"type":"keyDown","value":"î€‡"},{"type":"pause","duration":10},{"type":"keyUp","value":"î€‡"}]}]}
RESULT: {"actions":[{"id":"action53","type":"key","parameters":{},"actions":[{"type":"keyDown","value":"î€‡"},{"type":"pause","duration":10},{"type":"keyUp","value":"î€‡"}]}]}
COMMAND: GET /session/29c94e7c3de8c8de4e6aab3f7ecf7110/screenshot - {}
RESULT: {}
COMMAND: POST /session/29c94e7c3de8c8de4e6aab3f7ecf7110/element - {"using":"xpath","value":"//input[contains(@id ,\"requestSiteId-inner\")]"}
RESULT: {"using":"xpath","value":"//input[contains(@id ,\"requestSiteId-inner\")]"}
COMMAND: POST /session/29c94e7c3de8c8de4e6aab3f7ecf7110/element/f.A8B909B395C19A77638691ECE2720CC3.d.D86ABAC3439AE5E6B474D4814E99F21A.e.7717/value - {"text":"WebdriverSitezdv7v"}
RESULT: {"text":"WebdriverSitezdv7v"}
COMMAND: GET /session/29c94e7c3de8c8de4e6aab3f7ecf7110/screenshot - {}
RESULT: {}
COMMAND: POST /session/29c94e7c3de8c8de4e6aab3f7ecf7110/actions - {"actions":[{"id":"action54","type":"key","parameters":{},"actions":[{"type":"keyDown","value":"î€‡"},{"type":"pause","duration":10},{"type":"keyUp","value":"î€‡"}]}]}
RESULT: {"actions":[{"id":"action54","type":"key","parameters":{},"actions":[{"type":"keyDown","value":"î€‡"},{"type":"pause","duration":10},{"type":"keyUp","value":"î€‡"}]}]}
COMMAND: POST /session/29c94e7c3de8c8de4e6aab3f7ecf7110/execute/async - {"script":"<script> [1562 bytes]","args":[{"selector":{"controlType":"sap.ui.core.Icon","viewName":"etm.portal.ui.managerequests.view.NewRequest","properties":{"src":{"regex":{"source":"add"}}}},"wdio_ui5_key":"etmportal.ui.managerequests.view.NewRequestsap.ui.core.Icon{\"src\":{\"regex\":{\"source\":\"add\"}}}"}]}
COMMAND: GET /session/29c94e7c3de8c8de4e6aab3f7ecf7110/screenshot - {}
RESULT: {"script":"<script> [1562 bytes]","args":[{"selector":{"controlType":"sap.ui.core.Icon","viewName":"etm.portal.ui.managerequests.view.NewRequest","properties":{"src":{"regex":{"source":"add"}}}},"wdio_ui5_key":"etmportal.ui.managerequests.view.NewRequestsap.ui.core.Icon{\"src\":{\"regex\":{\"source\":\"add\"}}}"}]}
RESULT: undefined
COMMAND: POST /session/29c94e7c3de8c8de4e6aab3f7ecf7110/element - {"using":"xpath","value":"//*[@id=\"__xmlview60--btnAddTableRow-img\"]"}
RESULT: {}
RESULT: {"using":"xpath","value":"//*[@id=\"__xmlview60--btnAddTableRow-img\"]"}
COMMAND: POST /session/29c94e7c3de8c8de4e6aab3f7ecf7110/element/f.A8B909B395C19A77638691ECE2720CC3.d.D86ABAC3439AE5E6B474D4814E99F21A.e.7880/click - {}
RESULT: {}
COMMAND: GET /session/29c94e7c3de8c8de4e6aab3f7ecf7110/screenshot - {}
RESULT: {}
COMMAND: POST /session/29c94e7c3de8c8de4e6aab3f7ecf7110/actions - {"actions":[{"id":"action55","type":"key","parameters":{},"actions":[{"type":"keyDown","value":"î€•"},{"type":"pause","duration":10},{"type":"keyUp","value":"î€•"}]}]}
RESULT: {"actions":[{"id":"action55","type":"key","parameters":{},"actions":[{"type":"keyDown","value":"î€•"},{"type":"pause","duration":10},{"type":"keyUp","value":"î€•"}]}]}
COMMAND: POST /session/29c94e7c3de8c8de4e6aab3f7ecf7110/actions - {"actions":[{"id":"action56","type":"key","parameters":{},"actions":[{"type":"keyDown","value":"î€‡"},{"type":"pause","duration":10},{"type":"keyUp","value":"î€‡"}]}]}
COMMAND: GET /session/29c94e7c3de8c8de4e6aab3f7ecf7110/screenshot - {}
RESULT: {"actions":[{"id":"action56","type":"key","parameters":{},"actions":[{"type":"keyDown","value":"î€‡"},{"type":"pause","duration":10},{"type":"keyUp","value":"î€‡"}]}]}
COMMAND: POST /session/29c94e7c3de8c8de4e6aab3f7ecf7110/element - {"using":"xpath","value":"(//input[contains(@id ,\"requestItemsTable-0-inner\")])[1]"}
COMMAND: GET /session/29c94e7c3de8c8de4e6aab3f7ecf7110/screenshot - {}
RESULT: {}
RESULT: {"using":"xpath","value":"(//input[contains(@id ,\"requestItemsTable-0-inner\")])[1]"}
COMMAND: POST /session/29c94e7c3de8c8de4e6aab3f7ecf7110/element/f.A8B909B395C19A77638691ECE2720CC3.d.D86ABAC3439AE5E6B474D4814E99F21A.e.7885/clear - {}
RESULT: {}
RESULT: {}
COMMAND: POST /session/29c94e7c3de8c8de4e6aab3f7ecf7110/element/f.A8B909B395C19A77638691ECE2720CC3.d.D86ABAC3439AE5E6B474D4814E99F21A.e.7885/value - {"text":"catalogItemNamee6f0c"}
COMMAND: GET /session/29c94e7c3de8c8de4e6aab3f7ecf7110/screenshot - {}
RESULT: {"text":"catalogItemNamee6f0c"}
COMMAND: GET /session/29c94e7c3de8c8de4e6aab3f7ecf7110/screenshot - {}
RESULT: {}
RESULT: {}
COMMAND: POST /session/29c94e7c3de8c8de4e6aab3f7ecf7110/actions - {"actions":[{"id":"action57","type":"key","parameters":{},"actions":[{"type":"keyDown","value":"î€‡"},{"type":"pause","duration":10},{"type":"keyUp","value":"î€‡"}]}]}
RESULT: {"actions":[{"id":"action57","type":"key","parameters":{},"actions":[{"type":"keyDown","value":"î€‡"},{"type":"pause","duration":10},{"type":"keyUp","value":"î€‡"}]}]}
COMMAND: GET /session/29c94e7c3de8c8de4e6aab3f7ecf7110/screenshot - {}
RESULT: {}
COMMAND: POST /session/29c94e7c3de8c8de4e6aab3f7ecf7110/execute/async - {"script":"<script> [1562 bytes]","args":[{"selector":{"controlType":"sap.m.Button","viewName":"etm.portal.ui.managerequests.view.NewRequest","i18NText":{"propertyName":"text","key":"requestSpecifications"},"interaction":{"idSuffix":"BDI-content"}},"wdio_ui5_key":"etmportal.ui.managerequests.view.NewRequestsap.m.Button{\"propertyName\":\"text\",\"key\":\"requestSpecifications\"}"}]}
RESULT: {"script":"<script> [1562 bytes]","args":[{"selector":{"controlType":"sap.m.Button","viewName":"etm.portal.ui.managerequests.view.NewRequest","i18NText":{"propertyName":"text","key":"requestSpecifications"},"interaction":{"idSuffix":"BDI-content"}},"wdio_ui5_key":"etmportal.ui.managerequests.view.NewRequestsap.m.Button{\"propertyName\":\"text\",\"key\":\"requestSpecifications\"}"}]}
RESULT: undefined
COMMAND: POST /session/29c94e7c3de8c8de4e6aab3f7ecf7110/element - {"using":"xpath","value":"//*[@id=\"__button78-__xmlview60--requestItemsTable-0\"]"}
RESULT: {"using":"xpath","value":"//*[@id=\"__button78-__xmlview60--requestItemsTable-0\"]"}
COMMAND: POST /session/29c94e7c3de8c8de4e6aab3f7ecf7110/element/f.A8B909B395C19A77638691ECE2720CC3.d.D86ABAC3439AE5E6B474D4814E99F21A.e.7899/click - {}
RESULT: {}
COMMAND: GET /session/29c94e7c3de8c8de4e6aab3f7ecf7110/screenshot - {}
RESULT: {}
COMMAND: POST /session/29c94e7c3de8c8de4e6aab3f7ecf7110/element - {"using":"xpath","value":"//input[@value=\"red\"]"}
RESULT: {"using":"xpath","value":"//input[@value=\"red\"]"}
COMMAND: POST /session/29c94e7c3de8c8de4e6aab3f7ecf7110/elements - {"using":"xpath","value":"//input[@value=\"red\"]"}
RESULT: {"using":"xpath","value":"//input[@value=\"red\"]"}
COMMAND: POST /session/29c94e7c3de8c8de4e6aab3f7ecf7110/execute/async - {"script":"<script> [1562 bytes]","args":[{"selector":{"controlType":"sap.m.Text","viewName":"etm.portal.ui.managerequests.view.NewRequest","bindingPath":{"path":"/currentEntries/0/PROPERTIES/0","propertyPath":"DESCRIPTION","modelName":"techSpecsClassificationModel"},"searchOpenDialogs":true},"wdio_ui5_key":"etmportal.ui.managerequests.view.NewRequestsap.m.Text{\"path\":\"/currentEntries/0/PROPERTIES/0\",\"propertyPath\":\"DESCRIPTION\",\"modelName\":\"techSpecsClassificationModel\"}"}]}
RESULT: {"script":"<script> [1562 bytes]","args":[{"selector":{"controlType":"sap.m.Text","viewName":"etm.portal.ui.managerequests.view.NewRequest","bindingPath":{"path":"/currentEntries/0/PROPERTIES/0","propertyPath":"DESCRIPTION","modelName":"techSpecsClassificationModel"},"searchOpenDialogs":true},"wdio_ui5_key":"etmportal.ui.managerequests.view.NewRequestsap.m.Text{\"path\":\"/currentEntries/0/PROPERTIES/0\",\"propertyPath\":\"DESCRIPTION\",\"modelName\":\"techSpecsClassificationModel\"}"}]}
RESULT: undefined
COMMAND: POST /session/29c94e7c3de8c8de4e6aab3f7ecf7110/execute/async - {"script":"<script> [6424 bytes]","args":[{"element-6066-11e4-a52e-4f735466cecf":"f.A8B909B395C19A77638691ECE2720CC3.d.D86ABAC3439AE5E6B474D4814E99F21A.e.7907"},"getText",[]]}
RESULT: {"script":"<script> [6424 bytes]","args":[{"element-6066-11e4-a52e-4f735466cecf":"f.A8B909B395C19A77638691ECE2720CC3.d.D86ABAC3439AE5E6B474D4814E99F21A.e.7907"},"getText",[]]}
COMMAND: POST /session/29c94e7c3de8c8de4e6aab3f7ecf7110/execute/async - {"script":"<script> [1562 bytes]","args":[{"selector":{"controlType":"sap.ui.core.Icon","viewName":"etm.portal.ui.managerequests.view.NewRequest","properties":{"src":{"regex":{"source":"slim\\-arrow\\-down"}}},"searchOpenDialogs":true},"wdio_ui5_key":"etmportal.ui.managerequests.view.NewRequestsap.ui.core.Icon{\"src\":{\"regex\":{\"source\":\"slim\\\\-arrow\\\\-down\"}}}"}]}
RESULT: {"script":"<script> [1562 bytes]","args":[{"selector":{"controlType":"sap.ui.core.Icon","viewName":"etm.portal.ui.managerequests.view.NewRequest","properties":{"src":{"regex":{"source":"slim\\-arrow\\-down"}}},"searchOpenDialogs":true},"wdio_ui5_key":"etmportal.ui.managerequests.view.NewRequestsap.ui.core.Icon{\"src\":{\"regex\":{\"source\":\"slim\\\\-arrow\\\\-down\"}}}"}]}
RESULT: undefined
COMMAND: POST /session/29c94e7c3de8c8de4e6aab3f7ecf7110/element - {"using":"xpath","value":"//*[@id=\"__box58-arrow\"]"}
RESULT: {"using":"xpath","value":"//*[@id=\"__box58-arrow\"]"}
COMMAND: POST /session/29c94e7c3de8c8de4e6aab3f7ecf7110/element/f.A8B909B395C19A77638691ECE2720CC3.d.D86ABAC3439AE5E6B474D4814E99F21A.e.7908/click - {}
RESULT: {}
COMMAND: POST /session/29c94e7c3de8c8de4e6aab3f7ecf7110/execute/async - {"script":"<script> [1562 bytes]","args":[{"selector":{"controlType":"sap.m.StandardListItem","viewName":"etm.portal.ui.managerequests.view.NewRequest","properties":{"title":"blue"},"searchOpenDialogs":true,"interaction":{"idSuffix":"content"}},"wdio_ui5_key":"etmportal.ui.managerequests.view.NewRequestsap.m.StandardListItem{\"title\":\"blue\"}"}]}
COMMAND: GET /session/29c94e7c3de8c8de4e6aab3f7ecf7110/screenshot - {}
RESULT: {"script":"<script> [1562 bytes]","args":[{"selector":{"controlType":"sap.m.StandardListItem","viewName":"etm.portal.ui.managerequests.view.NewRequest","properties":{"title":"blue"},"searchOpenDialogs":true,"interaction":{"idSuffix":"content"}},"wdio_ui5_key":"etmportal.ui.managerequests.view.NewRequestsap.m.StandardListItem{\"title\":\"blue\"}"}]}
RESULT: undefined
COMMAND: POST /session/29c94e7c3de8c8de4e6aab3f7ecf7110/element - {"using":"xpath","value":"//*[@id=\"__item556\"]"}
RESULT: {}
RESULT: {"using":"xpath","value":"//*[@id=\"__item556\"]"}
COMMAND: POST /session/29c94e7c3de8c8de4e6aab3f7ecf7110/element/f.A8B909B395C19A77638691ECE2720CC3.d.D86ABAC3439AE5E6B474D4814E99F21A.e.7911/click - {}
RESULT: {}
COMMAND: GET /session/29c94e7c3de8c8de4e6aab3f7ecf7110/screenshot - {}
RESULT: {}
COMMAND: POST /session/29c94e7c3de8c8de4e6aab3f7ecf7110/execute/async - {"script":"<script> [1562 bytes]","args":[{"selector":{"id":"saveButton","viewName":"etm.portal.ui.managerequests.view.NewRequest","searchOpenDialogs":true,"interaction":{"idSuffix":"BDI-content"}},"wdio_ui5_key":"saveButtonetmportal.ui.managerequests.view.NewRequest"}]}
RESULT: {"script":"<script> [1562 bytes]","args":[{"selector":{"id":"saveButton","viewName":"etm.portal.ui.managerequests.view.NewRequest","searchOpenDialogs":true,"interaction":{"idSuffix":"BDI-content"}},"wdio_ui5_key":"saveButtonetmportal.ui.managerequests.view.NewRequest"}]}
RESULT: undefined
COMMAND: POST /session/29c94e7c3de8c8de4e6aab3f7ecf7110/element - {"using":"xpath","value":"//*[@id=\"__xmlview60--saveButton\"]"}
RESULT: {"using":"xpath","value":"//*[@id=\"__xmlview60--saveButton\"]"}
COMMAND: POST /session/29c94e7c3de8c8de4e6aab3f7ecf7110/element/f.A8B909B395C19A77638691ECE2720CC3.d.D86ABAC3439AE5E6B474D4814E99F21A.e.7905/click - {}
RESULT: {}
COMMAND: POST /session/29c94e7c3de8c8de4e6aab3f7ecf7110/execute/async - {"script":"<script> [1562 bytes]","args":[{"selector":{"controlType":"sap.ui.core.Icon","viewName":"etm.portal.ui.managerequests.view.NewRequest","properties":{"src":{"regex":{"source":"slim\\-arrow\\-down"}}},"ancestor":{"controlType":"sap.m.Button","viewName":"etm.portal.ui.managerequests.view.NewRequest","properties":{"icon":"sap-icon://slim-arrow-down"}}},"wdio_ui5_key":"etmportal.ui.managerequests.view.NewRequestsap.ui.core.Icon{\"src\":{\"regex\":{\"source\":\"slim\\\\-arrow\\\\-down\"}}}{\"controlType\":\"sap.m.Button\",\"viewName\":\"etm.portal.ui.managerequests.view.NewRequest\",\"properties\":{\"icon\":\"sap-icon://slim-arrow-down\"}}"}]}
COMMAND: GET /session/29c94e7c3de8c8de4e6aab3f7ecf7110/screenshot - {}
RESULT: {"script":"<script> [1562 bytes]","args":[{"selector":{"controlType":"sap.ui.core.Icon","viewName":"etm.portal.ui.managerequests.view.NewRequest","properties":{"src":{"regex":{"source":"slim\\-arrow\\-down"}}},"ancestor":{"controlType":"sap.m.Button","viewName":"etm.portal.ui.managerequests.view.NewRequest","properties":{"icon":"sap-icon://slim-arrow-down"}}},"wdio_ui5_key":"etmportal.ui.managerequests.view.NewRequestsap.ui.core.Icon{\"src\":{\"regex\":{\"source\":\"slim\\\\-arrow\\\\-down\"}}}{\"controlType\":\"sap.m.Button\",\"viewName\":\"etm.portal.ui.managerequests.view.NewRequest\",\"properties\":{\"icon\":\"sap-icon://slim-arrow-down\"}}"}]}
RESULT: undefined
RESULT: {}
COMMAND: POST /session/29c94e7c3de8c8de4e6aab3f7ecf7110/element - {"using":"xpath","value":"//div[contains(@data-kt ,\"splitAllocationObjectStatus\")]"}
RESULT: {"using":"xpath","value":"//div[contains(@data-kt ,\"splitAllocationObjectStatus\")]"}
COMMAND: POST /session/29c94e7c3de8c8de4e6aab3f7ecf7110/elements - {"using":"xpath","value":"//div[contains(@data-kt ,\"splitAllocationObjectStatus\")]"}
RESULT: {"using":"xpath","value":"//div[contains(@data-kt ,\"splitAllocationObjectStatus\")]"}
COMMAND: POST /session/29c94e7c3de8c8de4e6aab3f7ecf7110/execute/async - {"script":"<script> [1562 bytes]","args":[{"selector":{"controlType":"sap.ui.core.Icon","viewName":"etm.portal.ui.managerequests.view.NewRequest","properties":{"src":{"regex":{"source":"message\\-error"}}}},"wdio_ui5_key":"etmportal.ui.managerequests.view.NewRequestsap.ui.core.Icon{\"src\":{\"regex\":{\"source\":\"message\\\\-error\"}}}"}]}
RESULT: {"script":"<script> [1562 bytes]","args":[{"selector":{"controlType":"sap.ui.core.Icon","viewName":"etm.portal.ui.managerequests.view.NewRequest","properties":{"src":{"regex":{"source":"message\\-error"}}}},"wdio_ui5_key":"etmportal.ui.managerequests.view.NewRequestsap.ui.core.Icon{\"src\":{\"regex\":{\"source\":\"message\\\\-error\"}}}"}]}
RESULT: undefined
COMMAND: POST /session/29c94e7c3de8c8de4e6aab3f7ecf7110/element - {"using":"xpath","value":"//*[@id=\"__status4-__xmlview60--requestItemsTable-0-icon\"]"}
RESULT: {"using":"xpath","value":"//*[@id=\"__status4-__xmlview60--requestItemsTable-0-icon\"]"}
COMMAND: POST /session/29c94e7c3de8c8de4e6aab3f7ecf7110/element/f.A8B909B395C19A77638691ECE2720CC3.d.D86ABAC3439AE5E6B474D4814E99F21A.e.7914/click - {}
RESULT: {}
COMMAND: POST /session/29c94e7c3de8c8de4e6aab3f7ecf7110/execute/async - {"script":"<script> [1562 bytes]","args":[{"selector":{"controlType":"sap.ui.core.Icon","viewName":"etm.portal.ui.managerequests.view.NewRequest","properties":{"src":{"regex":{"source":"slim\\-arrow\\-down"}}},"searchOpenDialogs":true,"ancestor":{"id":"costObjectAdminTypeComboBox","viewName":"etm.portal.ui.managerequests.view.NewRequest","searchOpenDialogs":true}},"wdio_ui5_key":"etmportal.ui.managerequests.view.NewRequestsap.ui.core.Icon{\"src\":{\"regex\":{\"source\":\"slim\\\\-arrow\\\\-down\"}}}{\"id\":\"costObjectAdminTypeComboBox\",\"viewName\":\"etm.portal.ui.managerequests.view.NewRequest\",\"searchOpenDialogs\":true}"}]}
COMMAND: GET /session/29c94e7c3de8c8de4e6aab3f7ecf7110/screenshot - {}
RESULT: {"script":"<script> [1562 bytes]","args":[{"selector":{"controlType":"sap.ui.core.Icon","viewName":"etm.portal.ui.managerequests.view.NewRequest","properties":{"src":{"regex":{"source":"slim\\-arrow\\-down"}}},"searchOpenDialogs":true,"ancestor":{"id":"costObjectAdminTypeComboBox","viewName":"etm.portal.ui.managerequests.view.NewRequest","searchOpenDialogs":true}},"wdio_ui5_key":"etmportal.ui.managerequests.view.NewRequestsap.ui.core.Icon{\"src\":{\"regex\":{\"source\":\"slim\\\\-arrow\\\\-down\"}}}{\"id\":\"costObjectAdminTypeComboBox\",\"viewName\":\"etm.portal.ui.managerequests.view.NewRequest\",\"searchOpenDialogs\":true}"}]}
RESULT: undefined
COMMAND: POST /session/29c94e7c3de8c8de4e6aab3f7ecf7110/element - {"using":"xpath","value":"//*[@id=\"__xmlview60--costObjectAdminTypeComboBox-arrow\"]"}
RESULT: {}
RESULT: {"using":"xpath","value":"//*[@id=\"__xmlview60--costObjectAdminTypeComboBox-arrow\"]"}
COMMAND: POST /session/29c94e7c3de8c8de4e6aab3f7ecf7110/element/f.A8B909B395C19A77638691ECE2720CC3.d.D86ABAC3439AE5E6B474D4814E99F21A.e.7918/click - {}
RESULT: {}
COMMAND: POST /session/29c94e7c3de8c8de4e6aab3f7ecf7110/execute/async - {"script":"<script> [1562 bytes]","args":[{"selector":{"controlType":"sap.m.StandardListItem","viewName":"etm.portal.ui.managerequests.view.NewRequest","properties":{"title":"Cost Center"},"searchOpenDialogs":true,"interaction":{"idSuffix":"titleText"}},"wdio_ui5_key":"etmportal.ui.managerequests.view.NewRequestsap.m.StandardListItem{\"title\":\"Cost Center\"}"}]}
COMMAND: GET /session/29c94e7c3de8c8de4e6aab3f7ecf7110/screenshot - {}
RESULT: {"script":"<script> [1562 bytes]","args":[{"selector":{"controlType":"sap.m.StandardListItem","viewName":"etm.portal.ui.managerequests.view.NewRequest","properties":{"title":"Cost Center"},"searchOpenDialogs":true,"interaction":{"idSuffix":"titleText"}},"wdio_ui5_key":"etmportal.ui.managerequests.view.NewRequestsap.m.StandardListItem{\"title\":\"Cost Center\"}"}]}
RESULT: undefined
COMMAND: POST /session/29c94e7c3de8c8de4e6aab3f7ecf7110/element - {"using":"xpath","value":"//*[@id=\"__item559\"]"}
RESULT: {}
RESULT: {"using":"xpath","value":"//*[@id=\"__item559\"]"}
COMMAND: POST /session/29c94e7c3de8c8de4e6aab3f7ecf7110/element/f.A8B909B395C19A77638691ECE2720CC3.d.D86ABAC3439AE5E6B474D4814E99F21A.e.7921/click - {}
RESULT: {}
COMMAND: GET /session/29c94e7c3de8c8de4e6aab3f7ecf7110/screenshot - {}
RESULT: {}
COMMAND: POST /session/29c94e7c3de8c8de4e6aab3f7ecf7110/execute/async - {"script":"<script> [1562 bytes]","args":[{"selector":{"controlType":"sap.ui.core.Icon","viewName":"etm.portal.ui.managerequests.view.NewRequest","properties":{"src":{"regex":{"source":"value\\-help"}}},"searchOpenDialogs":true},"wdio_ui5_key":"etmportal.ui.managerequests.view.NewRequestsap.ui.core.Icon{\"src\":{\"regex\":{\"source\":\"value\\\\-help\"}}}"}]}
RESULT: {"script":"<script> [1562 bytes]","args":[{"selector":{"controlType":"sap.ui.core.Icon","viewName":"etm.portal.ui.managerequests.view.NewRequest","properties":{"src":{"regex":{"source":"value\\-help"}}},"searchOpenDialogs":true},"wdio_ui5_key":"etmportal.ui.managerequests.view.NewRequestsap.ui.core.Icon{\"src\":{\"regex\":{\"source\":\"value\\\\-help\"}}}"}]}
RESULT: undefined
COMMAND: POST /session/29c94e7c3de8c8de4e6aab3f7ecf7110/element - {"using":"xpath","value":"//*[@id=\"__xmlview60--costObjectIdComboBox-vhi\"]"}
RESULT: {"using":"xpath","value":"//*[@id=\"__xmlview60--costObjectIdComboBox-vhi\"]"}
COMMAND: POST /session/29c94e7c3de8c8de4e6aab3f7ecf7110/element/f.A8B909B395C19A77638691ECE2720CC3.d.D86ABAC3439AE5E6B474D4814E99F21A.e.7927/click - {}
RESULT: {}
COMMAND: POST /session/29c94e7c3de8c8de4e6aab3f7ecf7110/execute/async - {"script":"<script> [1562 bytes]","args":[{"selector":{"controlType":"sap.m.SearchField","properties":{"placeholder":"Search"},"searchOpenDialogs":true,"interaction":{"idSuffix":"I"}},"wdio_ui5_key":"sapm.SearchField{\"placeholder\":\"Search\"}"}]}
COMMAND: GET /session/29c94e7c3de8c8de4e6aab3f7ecf7110/screenshot - {}
RESULT: {"script":"<script> [1562 bytes]","args":[{"selector":{"controlType":"sap.m.SearchField","properties":{"placeholder":"Search"},"searchOpenDialogs":true,"interaction":{"idSuffix":"I"}},"wdio_ui5_key":"sapm.SearchField{\"placeholder\":\"Search\"}"}]}
RESULT: undefined
COMMAND: POST /session/29c94e7c3de8c8de4e6aab3f7ecf7110/execute/async - {"script":"<script> [776 bytes]","args":[{"enterText":"10001010","selector":{"controlType":"sap.m.SearchField","properties":{"placeholder":"Search"},"searchOpenDialogs":true,"interaction":{"idSuffix":"I"}},"clearTextFirst":true,"interactionType":"ENTER_TEXT"}]}
RESULT: {}
RESULT: {"script":"<script> [776 bytes]","args":[{"enterText":"10001010","selector":{"controlType":"sap.m.SearchField","properties":{"placeholder":"Search"},"searchOpenDialogs":true,"interaction":{"idSuffix":"I"}},"clearTextFirst":true,"interactionType":"ENTER_TEXT"}]}
COMMAND: POST /session/29c94e7c3de8c8de4e6aab3f7ecf7110/actions - {"actions":[{"id":"action58","type":"key","parameters":{},"actions":[{"type":"keyDown","value":"î€‡"},{"type":"pause","duration":10},{"type":"keyUp","value":"î€‡"}]}]}
RESULT: {"actions":[{"id":"action58","type":"key","parameters":{},"actions":[{"type":"keyDown","value":"î€‡"},{"type":"pause","duration":10},{"type":"keyUp","value":"î€‡"}]}]}
COMMAND: GET /session/29c94e7c3de8c8de4e6aab3f7ecf7110/screenshot - {}
RESULT: {}
COMMAND: POST /session/29c94e7c3de8c8de4e6aab3f7ecf7110/execute/async - {"script":"<script> [1562 bytes]","args":[{"selector":{"controlType":"sap.m.Text","bindingPath":{"path":"/C_CostCtrValueHelp(CostCenter='10001010',ControllingArea='Z001')","propertyPath":"CostCenterName","modelName":"CostCenterModel"},"searchOpenDialogs":true},"wdio_ui5_key":"sapm.Text{\"path\":\"/C_CostCtrValueHelp(CostCenter='10001010',ControllingArea='Z001')\",\"propertyPath\":\"CostCenterName\",\"modelName\":\"CostCenterModel\"}"}]}
RESULT: {"script":"<script> [1562 bytes]","args":[{"selector":{"controlType":"sap.m.Text","bindingPath":{"path":"/C_CostCtrValueHelp(CostCenter='10001010',ControllingArea='Z001')","propertyPath":"CostCenterName","modelName":"CostCenterModel"},"searchOpenDialogs":true},"wdio_ui5_key":"sapm.Text{\"path\":\"/C_CostCtrValueHelp(CostCenter='10001010',ControllingArea='Z001')\",\"propertyPath\":\"CostCenterName\",\"modelName\":\"CostCenterModel\"}"}]}
RESULT: undefined
COMMAND: POST /session/29c94e7c3de8c8de4e6aab3f7ecf7110/element - {"using":"xpath","value":"//*[@id=\"__text548-__clone700\"]"}
RESULT: {"using":"xpath","value":"//*[@id=\"__text548-__clone700\"]"}
COMMAND: POST /session/29c94e7c3de8c8de4e6aab3f7ecf7110/element/f.A8B909B395C19A77638691ECE2720CC3.d.D86ABAC3439AE5E6B474D4814E99F21A.e.7967/click - {}
RESULT: {}
COMMAND: POST /session/29c94e7c3de8c8de4e6aab3f7ecf7110/execute/async - {"script":"<script> [1562 bytes]","args":[{"selector":{"controlType":"sap.m.Button","properties":{"text":"OK"},"searchOpenDialogs":true,"interaction":{"idSuffix":"BDI-content"}},"wdio_ui5_key":"sapm.Button{\"text\":\"OK\"}"}]}
COMMAND: GET /session/29c94e7c3de8c8de4e6aab3f7ecf7110/screenshot - {}
RESULT: {"script":"<script> [1562 bytes]","args":[{"selector":{"controlType":"sap.m.Button","properties":{"text":"OK"},"searchOpenDialogs":true,"interaction":{"idSuffix":"BDI-content"}},"wdio_ui5_key":"sapm.Button{\"text\":\"OK\"}"}]}
RESULT: undefined
COMMAND: POST /session/29c94e7c3de8c8de4e6aab3f7ecf7110/element - {"using":"xpath","value":"//*[@id=\"__dialog2-ok\"]"}
RESULT: {}
RESULT: {"using":"xpath","value":"//*[@id=\"__dialog2-ok\"]"}
COMMAND: POST /session/29c94e7c3de8c8de4e6aab3f7ecf7110/element/f.A8B909B395C19A77638691ECE2720CC3.d.D86ABAC3439AE5E6B474D4814E99F21A.e.7969/click - {}
RESULT: {}
COMMAND: GET /session/29c94e7c3de8c8de4e6aab3f7ecf7110/screenshot - {}
RESULT: {}
COMMAND: POST /session/29c94e7c3de8c8de4e6aab3f7ecf7110/execute/async - {"script":"<script> [1562 bytes]","args":[{"selector":{"controlType":"sap.m.Button","viewName":"etm.portal.ui.managerequests.view.NewRequest","i18NText":{"propertyName":"text","key":"save"},"searchOpenDialogs":true,"interaction":{"idSuffix":"BDI-content"}},"wdio_ui5_key":"etmportal.ui.managerequests.view.NewRequestsap.m.Button{\"propertyName\":\"text\",\"key\":\"save\"}"}]}
RESULT: {"script":"<script> [1562 bytes]","args":[{"selector":{"controlType":"sap.m.Button","viewName":"etm.portal.ui.managerequests.view.NewRequest","i18NText":{"propertyName":"text","key":"save"},"searchOpenDialogs":true,"interaction":{"idSuffix":"BDI-content"}},"wdio_ui5_key":"etmportal.ui.managerequests.view.NewRequestsap.m.Button{\"propertyName\":\"text\",\"key\":\"save\"}"}]}
RESULT: undefined
COMMAND: POST /session/29c94e7c3de8c8de4e6aab3f7ecf7110/element - {"using":"xpath","value":"//*[@id=\"__button90\"]"}
RESULT: {"using":"xpath","value":"//*[@id=\"__button90\"]"}
COMMAND: POST /session/29c94e7c3de8c8de4e6aab3f7ecf7110/element/f.A8B909B395C19A77638691ECE2720CC3.d.D86ABAC3439AE5E6B474D4814E99F21A.e.7973/click - {}
RESULT: {}
COMMAND: GET /session/29c94e7c3de8c8de4e6aab3f7ecf7110/screenshot - {}
RESULT: {}
COMMAND: POST /session/29c94e7c3de8c8de4e6aab3f7ecf7110/execute/async - {"script":"<script> [1562 bytes]","args":[{"selector":{"controlType":"sap.m.Button","viewName":"etm.portal.ui.managerequests.view.NewRequest","i18NText":{"propertyName":"tooltip","key":"save"},"interaction":{"idSuffix":"content"}},"wdio_ui5_key":"etmportal.ui.managerequests.view.NewRequestsap.m.Button{\"propertyName\":\"tooltip\",\"key\":\"save\"}"}]}
RESULT: {"script":"<script> [1562 bytes]","args":[{"selector":{"controlType":"sap.m.Button","viewName":"etm.portal.ui.managerequests.view.NewRequest","i18NText":{"propertyName":"tooltip","key":"save"},"interaction":{"idSuffix":"content"}},"wdio_ui5_key":"etmportal.ui.managerequests.view.NewRequestsap.m.Button{\"propertyName\":\"tooltip\",\"key\":\"save\"}"}]}
RESULT: undefined
COMMAND: POST /session/29c94e7c3de8c8de4e6aab3f7ecf7110/element - {"using":"xpath","value":"//*[@id=\"__button80\"]"}
RESULT: {"using":"xpath","value":"//*[@id=\"__button80\"]"}
COMMAND: POST /session/29c94e7c3de8c8de4e6aab3f7ecf7110/element/f.A8B909B395C19A77638691ECE2720CC3.d.D86ABAC3439AE5E6B474D4814E99F21A.e.7854/click - {}
RESULT: {}
COMMAND: GET /session/29c94e7c3de8c8de4e6aab3f7ecf7110/screenshot - {}
RESULT: {}
COMMAND: POST /session/29c94e7c3de8c8de4e6aab3f7ecf7110/execute/async - {"script":"<script> [1562 bytes]","args":[{"selector":{"controlType":"sap.m.Title","properties":{"text":"Success"},"searchOpenDialogs":true},"wdio_ui5_key":"sapm.Title{\"text\":\"Success\"}"}]}
RESULT: {"script":"<script> [1562 bytes]","args":[{"selector":{"controlType":"sap.m.Title","properties":{"text":"Success"},"searchOpenDialogs":true},"wdio_ui5_key":"sapm.Title{\"text\":\"Success\"}"}]}
RESULT: undefined
COMMAND: POST /session/29c94e7c3de8c8de4e6aab3f7ecf7110/execute/async - {"script":"<script> [6424 bytes]","args":[{"element-6066-11e4-a52e-4f735466cecf":"f.A8B909B395C19A77638691ECE2720CC3.d.D86ABAC3439AE5E6B474D4814E99F21A.e.7978"},"getText",[]]}
RESULT: {"script":"<script> [6424 bytes]","args":[{"element-6066-11e4-a52e-4f735466cecf":"f.A8B909B395C19A77638691ECE2720CC3.d.D86ABAC3439AE5E6B474D4814E99F21A.e.7978"},"getText",[]]}
COMMAND: POST /session/29c94e7c3de8c8de4e6aab3f7ecf7110/execute/async - {"script":"<script> [1562 bytes]","args":[{"selector":{"controlType":"sap.m.Button","properties":{"text":"Close"},"searchOpenDialogs":true,"interaction":{"idSuffix":"BDI-content"}},"wdio_ui5_key":"sapm.Button{\"text\":\"Close\"}"}]}
RESULT: {"script":"<script> [1562 bytes]","args":[{"selector":{"controlType":"sap.m.Button","properties":{"text":"Close"},"searchOpenDialogs":true,"interaction":{"idSuffix":"BDI-content"}},"wdio_ui5_key":"sapm.Button{\"text\":\"Close\"}"}]}
RESULT: undefined
COMMAND: POST /session/29c94e7c3de8c8de4e6aab3f7ecf7110/element - {"using":"xpath","value":"//*[@id=\"__mbox-btn-0\"]"}
RESULT: {"using":"xpath","value":"//*[@id=\"__mbox-btn-0\"]"}
COMMAND: POST /session/29c94e7c3de8c8de4e6aab3f7ecf7110/element/f.A8B909B395C19A77638691ECE2720CC3.d.D86ABAC3439AE5E6B474D4814E99F21A.e.7977/click - {}
RESULT: {}
COMMAND: GET /session/29c94e7c3de8c8de4e6aab3f7ecf7110/screenshot - {}
RESULT: {}
COMMAND: POST /session/29c94e7c3de8c8de4e6aab3f7ecf7110/execute/async - {"script":"<script> [1562 bytes]","args":[{"selector":{"controlType":"sap.m.Button","viewName":"etm.portal.ui.managerequests.view.Detail","i18NText":{"propertyName":"text","key":"requestSpecifications"},"interaction":{"idSuffix":"BDI-content"}},"wdio_ui5_key":"etmportal.ui.managerequests.view.Detailsap.m.Button{\"propertyName\":\"text\",\"key\":\"requestSpecifications\"}"}]}
RESULT: {"script":"<script> [1562 bytes]","args":[{"selector":{"controlType":"sap.m.Button","viewName":"etm.portal.ui.managerequests.view.Detail","i18NText":{"propertyName":"text","key":"requestSpecifications"},"interaction":{"idSuffix":"BDI-content"}},"wdio_ui5_key":"etmportal.ui.managerequests.view.Detailsap.m.Button{\"propertyName\":\"text\",\"key\":\"requestSpecifications\"}"}]}
RESULT: undefined
COMMAND: POST /session/29c94e7c3de8c8de4e6aab3f7ecf7110/element - {"using":"xpath","value":"//*[@id=\"__button106-__clone739\"]"}
RESULT: {"using":"xpath","value":"//*[@id=\"__button106-__clone739\"]"}
COMMAND: POST /session/29c94e7c3de8c8de4e6aab3f7ecf7110/element/f.A8B909B395C19A77638691ECE2720CC3.d.D86ABAC3439AE5E6B474D4814E99F21A.e.8093/click - {}
RESULT: {}
COMMAND: GET /session/29c94e7c3de8c8de4e6aab3f7ecf7110/screenshot - {}
RESULT: {}
COMMAND: POST /session/29c94e7c3de8c8de4e6aab3f7ecf7110/element - {"using":"xpath","value":"//input[@value=\"blue\"]"}
RESULT: {"using":"xpath","value":"//input[@value=\"blue\"]"}
COMMAND: POST /session/29c94e7c3de8c8de4e6aab3f7ecf7110/elements - {"using":"xpath","value":"//input[@value=\"blue\"]"}
RESULT: {"using":"xpath","value":"//input[@value=\"blue\"]"}
COMMAND: POST /session/29c94e7c3de8c8de4e6aab3f7ecf7110/execute/async - {"script":"<script> [1562 bytes]","args":[{"selector":{"id":"cancelRequestSpecificationsButton","viewName":"etm.portal.ui.managerequests.view.Detail","searchOpenDialogs":true,"interaction":{"idSuffix":"BDI-content"}},"wdio_ui5_key":"cancelRequestSpecificationsButtonetmportal.ui.managerequests.view.Detail"}]}
RESULT: {"script":"<script> [1562 bytes]","args":[{"selector":{"id":"cancelRequestSpecificationsButton","viewName":"etm.portal.ui.managerequests.view.Detail","searchOpenDialogs":true,"interaction":{"idSuffix":"BDI-content"}},"wdio_ui5_key":"cancelRequestSpecificationsButtonetmportal.ui.managerequests.view.Detail"}]}
RESULT: undefined
COMMAND: POST /session/29c94e7c3de8c8de4e6aab3f7ecf7110/element - {"using":"xpath","value":"//*[@id=\"__xmlview61--cancelRequestSpecificationsButton\"]"}
RESULT: {"using":"xpath","value":"//*[@id=\"__xmlview61--cancelRequestSpecificationsButton\"]"}
COMMAND: POST /session/29c94e7c3de8c8de4e6aab3f7ecf7110/element/f.A8B909B395C19A77638691ECE2720CC3.d.D86ABAC3439AE5E6B474D4814E99F21A.e.8105/click - {}
RESULT: {}
COMMAND: POST /session/29c94e7c3de8c8de4e6aab3f7ecf7110/element - {"using":"css selector","value":"#shell-header-logo"}
COMMAND: GET /session/29c94e7c3de8c8de4e6aab3f7ecf7110/screenshot - {}
RESULT: {"using":"css selector","value":"#shell-header-logo"}
COMMAND: POST /session/29c94e7c3de8c8de4e6aab3f7ecf7110/element/f.A8B909B395C19A77638691ECE2720CC3.d.D86ABAC3439AE5E6B474D4814E99F21A.e.7534/click - {}
RESULT: {}
RESULT: {}
COMMAND: GET /session/29c94e7c3de8c8de4e6aab3f7ecf7110/screenshot - {}
RESULT: {}
]]></system-out>
    </testcase>
  </testsuite>
  <testsuite timestamp="2025-06-12T16:06:05" time="360.86" tests="3" failures="0" errors="0" skipped="0">
    <properties>
      <property name="specId" value="0" />
      <property name="suiteName" value="Reserve/Unreserve request item via reserve option US139161" />
      <property name="capabilities" value="chrome.137_0_7151_69.windows" />
      <property name="file" value="file:///D:/a/1/s/test/specs/R2C/reserve-unreserve-request-item-via-reserve-option.spec.js" />
    </properties>
    <testcase classname="chrome.137_0_7151_69.windows.Reserve/Unreserve_request_item_via_reserve_option_US139161" name="Should add the material to the catalog item" time="90.367">
      <system-out><![CDATA[
COMMAND: POST /session/29c94e7c3de8c8de4e6aab3f7ecf7110/execute/async - {"script":"<script> [1562 bytes]","args":[{"selector":{"controlType":"sap.m.GenericTile","properties":{"header":"Manage Catalogs"}},"wdio_ui5_key":"sapm.GenericTile{\"header\":\"Manage Catalogs\"}"}]}
RESULT: {"script":"<script> [1562 bytes]","args":[{"selector":{"controlType":"sap.m.GenericTile","properties":{"header":"Manage Catalogs"}},"wdio_ui5_key":"sapm.GenericTile{\"header\":\"Manage Catalogs\"}"}]}
RESULT: undefined
COMMAND: POST /session/29c94e7c3de8c8de4e6aab3f7ecf7110/element - {"using":"xpath","value":"//*[@id=\"__tile38\"]"}
RESULT: {"using":"xpath","value":"//*[@id=\"__tile38\"]"}
COMMAND: POST /session/29c94e7c3de8c8de4e6aab3f7ecf7110/element/f.A8B909B395C19A77638691ECE2720CC3.d.D86ABAC3439AE5E6B474D4814E99F21A.e.8112/click - {}
RESULT: {}
COMMAND: GET /session/29c94e7c3de8c8de4e6aab3f7ecf7110/screenshot - {}
RESULT: {}
COMMAND: POST /session/29c94e7c3de8c8de4e6aab3f7ecf7110/elements - {"using":"xpath","value":"//span[text()='Error']"}
RESULT: {"using":"xpath","value":"//span[text()='Error']"}
COMMAND: POST /session/29c94e7c3de8c8de4e6aab3f7ecf7110/execute/async - {"script":"<script> [1562 bytes]","args":[{"selector":{"controlType":"sap.m.Text","viewName":"etm.portal.ui.managecatalogs.view.MasterCatalogs","viewId":"application-managecatalogs-display-component---masterCatalogs","bindingPath":{"path":"/Catalogs('0D7502D073D53A0F1700BE067B89AFF9')","propertyPath":"DESCRIPTION","modelName":"catalogModel"}},"wdio_ui5_key":"etmportal.ui.managecatalogs.view.MasterCatalogssap.m.Text{\"path\":\"/Catalogs('0D7502D073D53A0F1700BE067B89AFF9')\",\"propertyPath\":\"DESCRIPTION\",\"modelName\":\"catalogModel\"}"}]}
RESULT: {"script":"<script> [1562 bytes]","args":[{"selector":{"controlType":"sap.m.Text","viewName":"etm.portal.ui.managecatalogs.view.MasterCatalogs","viewId":"application-managecatalogs-display-component---masterCatalogs","bindingPath":{"path":"/Catalogs('0D7502D073D53A0F1700BE067B89AFF9')","propertyPath":"DESCRIPTION","modelName":"catalogModel"}},"wdio_ui5_key":"etmportal.ui.managecatalogs.view.MasterCatalogssap.m.Text{\"path\":\"/Catalogs('0D7502D073D53A0F1700BE067B89AFF9')\",\"propertyPath\":\"DESCRIPTION\",\"modelName\":\"catalogModel\"}"}]}
RESULT: undefined
COMMAND: POST /session/29c94e7c3de8c8de4e6aab3f7ecf7110/element - {"using":"xpath","value":"//*[@id=\"__text683-application-managecatalogs-display-component---masterCatalogs--CatalogsTable-11\"]"}
RESULT: {"using":"xpath","value":"//*[@id=\"__text683-application-managecatalogs-display-component---masterCatalogs--CatalogsTable-11\"]"}
COMMAND: POST /session/29c94e7c3de8c8de4e6aab3f7ecf7110/element/f.A8B909B395C19A77638691ECE2720CC3.d.D86ABAC3439AE5E6B474D4814E99F21A.e.8183/click - {}
RESULT: {}
RESULT: undefined
COMMAND: POST /session/29c94e7c3de8c8de4e6aab3f7ecf7110/execute/async - {"script":"<script> [776 bytes]","args":[{"enterText":"catalogItemad2y8","selector":{"id":"application-managecatalogs-display-component---masterCatalogItems--searchItemsField","interaction":{"idSuffix":"I"}},"clearTextFirst":true,"interactionType":"ENTER_TEXT"}]}
COMMAND: GET /session/29c94e7c3de8c8de4e6aab3f7ecf7110/screenshot - {}
RESULT: {"script":"<script> [776 bytes]","args":[{"enterText":"catalogItemad2y8","selector":{"id":"application-managecatalogs-display-component---masterCatalogItems--searchItemsField","interaction":{"idSuffix":"I"}},"clearTextFirst":true,"interactionType":"ENTER_TEXT"}]}
COMMAND: POST /session/29c94e7c3de8c8de4e6aab3f7ecf7110/actions - {"actions":[{"id":"action59","type":"key","parameters":{},"actions":[{"type":"keyDown","value":"î€‡"},{"type":"pause","duration":10},{"type":"keyUp","value":"î€‡"}]}]}
RESULT: {}
RESULT: {"actions":[{"id":"action59","type":"key","parameters":{},"actions":[{"type":"keyDown","value":"î€‡"},{"type":"pause","duration":10},{"type":"keyUp","value":"î€‡"}]}]}
COMMAND: POST /session/29c94e7c3de8c8de4e6aab3f7ecf7110/element - {"using":"xpath","value":"(//span[contains(text(), \"catalogItemad2y8\")])[1]"}
COMMAND: GET /session/29c94e7c3de8c8de4e6aab3f7ecf7110/screenshot - {}
RESULT: {"using":"xpath","value":"(//span[contains(text(), \"catalogItemad2y8\")])[1]"}
COMMAND: POST /session/29c94e7c3de8c8de4e6aab3f7ecf7110/element/f.A8B909B395C19A77638691ECE2720CC3.d.D86ABAC3439AE5E6B474D4814E99F21A.e.8199/click - {}
RESULT: {}
RESULT: {}
COMMAND: GET /session/29c94e7c3de8c8de4e6aab3f7ecf7110/screenshot - {}
RESULT: {}
COMMAND: POST /session/29c94e7c3de8c8de4e6aab3f7ecf7110/element - {"using":"xpath","value":"//*[contains(@id ,\"BDI-content\")][contains(text(), \"Edit\")]"}
RESULT: {"using":"xpath","value":"//*[contains(@id ,\"BDI-content\")][contains(text(), \"Edit\")]"}
COMMAND: POST /session/29c94e7c3de8c8de4e6aab3f7ecf7110/element/f.A8B909B395C19A77638691ECE2720CC3.d.D86ABAC3439AE5E6B474D4814E99F21A.e.8280/click - {}
RESULT: {}
COMMAND: GET /session/29c94e7c3de8c8de4e6aab3f7ecf7110/screenshot - {}
RESULT: {}
COMMAND: POST /session/29c94e7c3de8c8de4e6aab3f7ecf7110/element - {"using":"xpath","value":"//bdi[contains(text(), \"Assigned Resources\")]"}
RESULT: {"using":"xpath","value":"//bdi[contains(text(), \"Assigned Resources\")]"}
COMMAND: POST /session/29c94e7c3de8c8de4e6aab3f7ecf7110/element/f.A8B909B395C19A77638691ECE2720CC3.d.D86ABAC3439AE5E6B474D4814E99F21A.e.8304/click - {}
RESULT: {}
COMMAND: GET /session/29c94e7c3de8c8de4e6aab3f7ecf7110/screenshot - {}
RESULT: {}
COMMAND: POST /session/29c94e7c3de8c8de4e6aab3f7ecf7110/element - {"using":"xpath","value":"//button[contains(@data-kt ,\"catalogItemAssignRuButton\")]"}
RESULT: {"using":"xpath","value":"//button[contains(@data-kt ,\"catalogItemAssignRuButton\")]"}
COMMAND: POST /session/29c94e7c3de8c8de4e6aab3f7ecf7110/element/f.A8B909B395C19A77638691ECE2720CC3.d.D86ABAC3439AE5E6B474D4814E99F21A.e.8312/click - {}
RESULT: {}
COMMAND: GET /session/29c94e7c3de8c8de4e6aab3f7ecf7110/screenshot - {}
RESULT: {}
COMMAND: POST /session/29c94e7c3de8c8de4e6aab3f7ecf7110/actions - {"actions":[{"id":"action60","type":"key","parameters":{},"actions":[{"type":"keyDown","value":"î€‡"},{"type":"pause","duration":10},{"type":"keyUp","value":"î€‡"}]}]}
RESULT: {"actions":[{"id":"action60","type":"key","parameters":{},"actions":[{"type":"keyDown","value":"î€‡"},{"type":"pause","duration":10},{"type":"keyUp","value":"î€‡"}]}]}
COMMAND: GET /session/29c94e7c3de8c8de4e6aab3f7ecf7110/screenshot - {}
RESULT: {}
COMMAND: POST /session/29c94e7c3de8c8de4e6aab3f7ecf7110/execute/async - {"script":"<script> [1562 bytes]","args":[{"selector":{"id":"application-managecatalogs-display-component---detailCatalog--assignRUSearchField-vhi","searchOpenDialogs":true},"wdio_ui5_key":"applicationmanagecatalogs-display-component---detailCatalog--assignRUSearchField-vhi"}]}
RESULT: {"script":"<script> [1562 bytes]","args":[{"selector":{"id":"application-managecatalogs-display-component---detailCatalog--assignRUSearchField-vhi","searchOpenDialogs":true},"wdio_ui5_key":"applicationmanagecatalogs-display-component---detailCatalog--assignRUSearchField-vhi"}]}
RESULT: undefined
COMMAND: POST /session/29c94e7c3de8c8de4e6aab3f7ecf7110/element - {"using":"xpath","value":"//*[@id=\"application-managecatalogs-display-component---detailCatalog--assignRUSearchField-vhi\"]"}
RESULT: {"using":"xpath","value":"//*[@id=\"application-managecatalogs-display-component---detailCatalog--assignRUSearchField-vhi\"]"}
COMMAND: POST /session/29c94e7c3de8c8de4e6aab3f7ecf7110/element/f.A8B909B395C19A77638691ECE2720CC3.d.D86ABAC3439AE5E6B474D4814E99F21A.e.8328/click - {}
RESULT: {}
COMMAND: GET /session/29c94e7c3de8c8de4e6aab3f7ecf7110/screenshot - {}
RESULT: {}
COMMAND: POST /session/29c94e7c3de8c8de4e6aab3f7ecf7110/element - {"using":"xpath","value":"//input[contains(@id ,\"searchField-I\")]"}
RESULT: {"using":"xpath","value":"//input[contains(@id ,\"searchField-I\")]"}
COMMAND: POST /session/29c94e7c3de8c8de4e6aab3f7ecf7110/element/f.A8B909B395C19A77638691ECE2720CC3.d.D86ABAC3439AE5E6B474D4814E99F21A.e.8332/clear - {}
RESULT: {}
COMMAND: POST /session/29c94e7c3de8c8de4e6aab3f7ecf7110/element/f.A8B909B395C19A77638691ECE2720CC3.d.D86ABAC3439AE5E6B474D4814E99F21A.e.8332/value - {"text":"WebdriverMatTestz1j8w"}
COMMAND: GET /session/29c94e7c3de8c8de4e6aab3f7ecf7110/screenshot - {}
RESULT: {"text":"WebdriverMatTestz1j8w"}
COMMAND: GET /session/29c94e7c3de8c8de4e6aab3f7ecf7110/screenshot - {}
RESULT: {}
RESULT: {}
COMMAND: POST /session/29c94e7c3de8c8de4e6aab3f7ecf7110/actions - {"actions":[{"id":"action61","type":"key","parameters":{},"actions":[{"type":"keyDown","value":"î€‡"},{"type":"pause","duration":10},{"type":"keyUp","value":"î€‡"}]}]}
RESULT: {"actions":[{"id":"action61","type":"key","parameters":{},"actions":[{"type":"keyDown","value":"î€‡"},{"type":"pause","duration":10},{"type":"keyUp","value":"î€‡"}]}]}
COMMAND: GET /session/29c94e7c3de8c8de4e6aab3f7ecf7110/screenshot - {}
RESULT: {}
COMMAND: POST /session/29c94e7c3de8c8de4e6aab3f7ecf7110/actions - {"actions":[{"id":"action62","type":"key","parameters":{},"actions":[{"type":"keyDown","value":"î€„"},{"type":"pause","duration":10},{"type":"keyUp","value":"î€„"}]}]}
RESULT: {"actions":[{"id":"action62","type":"key","parameters":{},"actions":[{"type":"keyDown","value":"î€„"},{"type":"pause","duration":10},{"type":"keyUp","value":"î€„"}]}]}
COMMAND: GET /session/29c94e7c3de8c8de4e6aab3f7ecf7110/screenshot - {}
RESULT: {}
COMMAND: POST /session/29c94e7c3de8c8de4e6aab3f7ecf7110/actions - {"actions":[{"id":"action63","type":"key","parameters":{},"actions":[{"type":"keyDown","value":"î€‡"},{"type":"pause","duration":10},{"type":"keyUp","value":"î€‡"}]}]}
RESULT: {"actions":[{"id":"action63","type":"key","parameters":{},"actions":[{"type":"keyDown","value":"î€‡"},{"type":"pause","duration":10},{"type":"keyUp","value":"î€‡"}]}]}
COMMAND: GET /session/29c94e7c3de8c8de4e6aab3f7ecf7110/screenshot - {}
RESULT: {}
COMMAND: POST /session/29c94e7c3de8c8de4e6aab3f7ecf7110/element - {"using":"xpath","value":"//bdi[contains(@id ,\"application-managecatalogs-display-component---detailCatalog--RUAssignmentSaveButton-BDI-content\")]"}
RESULT: {"using":"xpath","value":"//bdi[contains(@id ,\"application-managecatalogs-display-component---detailCatalog--RUAssignmentSaveButton-BDI-content\")]"}
COMMAND: POST /session/29c94e7c3de8c8de4e6aab3f7ecf7110/element/f.A8B909B395C19A77638691ECE2720CC3.d.D86ABAC3439AE5E6B474D4814E99F21A.e.8363/click - {}
RESULT: {}
COMMAND: GET /session/29c94e7c3de8c8de4e6aab3f7ecf7110/screenshot - {}
RESULT: {}
COMMAND: POST /session/29c94e7c3de8c8de4e6aab3f7ecf7110/element - {"using":"xpath","value":"//bdi[contains(text(), \"Save\")]"}
RESULT: {"using":"xpath","value":"//bdi[contains(text(), \"Save\")]"}
COMMAND: POST /session/29c94e7c3de8c8de4e6aab3f7ecf7110/element/f.A8B909B395C19A77638691ECE2720CC3.d.D86ABAC3439AE5E6B474D4814E99F21A.e.8380/click - {}
RESULT: {}
COMMAND: GET /session/29c94e7c3de8c8de4e6aab3f7ecf7110/screenshot - {}
RESULT: {}
COMMAND: POST /session/29c94e7c3de8c8de4e6aab3f7ecf7110/element - {"using":"css selector","value":"#shell-header-logo"}
RESULT: {"using":"css selector","value":"#shell-header-logo"}
COMMAND: POST /session/29c94e7c3de8c8de4e6aab3f7ecf7110/element/f.A8B909B395C19A77638691ECE2720CC3.d.D86ABAC3439AE5E6B474D4814E99F21A.e.8161/click - {}
RESULT: {}
COMMAND: GET /session/29c94e7c3de8c8de4e6aab3f7ecf7110/screenshot - {}
RESULT: {}
COMMAND: POST /session/29c94e7c3de8c8de4e6aab3f7ecf7110/refresh - {}
RESULT: undefined
RESULT: {}
COMMAND: GET /session/29c94e7c3de8c8de4e6aab3f7ecf7110/screenshot - {}
RESULT: {}
COMMAND: POST /session/29c94e7c3de8c8de4e6aab3f7ecf7110/execute/async - {"script":"<script> [189 bytes]","args":[]}
RESULT: {"script":"<script> [189 bytes]","args":[]}
COMMAND: POST /session/29c94e7c3de8c8de4e6aab3f7ecf7110/execute/async - {"script":"<script> [123 bytes]","args":[]}
RESULT: {"script":"<script> [123 bytes]","args":[]}
COMMAND: POST /session/29c94e7c3de8c8de4e6aab3f7ecf7110/timeouts - {"script":"<number>"}
RESULT: {"script":"<number>"}
COMMAND: GET /session/29c94e7c3de8c8de4e6aab3f7ecf7110/timeouts - {}
RESULT: {}
RESULT: undefined
COMMAND: POST /session/29c94e7c3de8c8de4e6aab3f7ecf7110/execute/async - {"script":"<script> [2676 bytes]","args":[]}
RESULT: {"script":"<script> [2676 bytes]","args":[]}
COMMAND: POST /session/29c94e7c3de8c8de4e6aab3f7ecf7110/execute/async - {"script":"<script> [2342 bytes]","args":[{"protocol":"http","hostname":"0.0.0.0","path":"/","capabilities":{"browserName":"chrome","goog:chromeOptions":{"binary":"C:\\Program Files\\Google\\Chrome\\Application\\chrome.exe","args":["--start-maximized"]}},"logLevel":"warn","connectionRetryTimeout":120000,"connectionRetryCount":3,"logLevels":{},"enableDirectConnect":true,"strictSSL":true,"_":"65 more keys: [\"cacheDir\",\"port\",\"requestedCapabilities\",\"automationProtocol\",\"baseUrl\",\"waitforInterval\",\"waitforTimeout\",\"onReload\",\"beforeCommand\",\"afterCommand\",\"rootDir\",\"specs\",\"suites\",\"exclude\",\"groupLogsByTestSpec\",\"excludeDriverLogs\",\"bail\",\"framework\",\"reporters\",\"services\",\"maxInstances\",\"maxInstancesPerCapability\",\"injectGlobals\",\"filesToWatch\",\"execArgv\",\"runnerEnv\",\"runner\",\"shard\",\"specFileRetries\",\"specFileRetriesDelay\",\"specFileRetriesDeferred\",\"reporterSyncInterval\",\"reporterSyncTimeout\",\"cucumberFeaturesWithLineNumbers\",\"autoCompileOpts\",\"mochaOpts\",\"jasmineOpts\",\"cucumberOpts\",\"onPrepare\",\"onWorkerStart\",\"onWorkerEnd\",\"before\",\"beforeSession\",\"beforeSuite\",\"beforeHook\",\"beforeTest\",\"afterTest\",\"afterHook\",\"afterSuite\",\"afterSession\",\"after\",\"onComplete\",\"beforeAssertion\",\"afterAssertion\",\"beforeFeature\",\"beforeScenario\",\"beforeStep\",\"afterStep\",\"afterScenario\",\"afterFeature\",\"_\",\"suite\",\"$0\",\"ignoredWorkerServices\",\"wdi5\"]"}]}
RESULT: {"script":"<script> [2342 bytes]","args":[{"protocol":"http","hostname":"0.0.0.0","path":"/","capabilities":{"browserName":"chrome","goog:chromeOptions":{"binary":"C:\\Program Files\\Google\\Chrome\\Application\\chrome.exe","args":["--start-maximized"]}},"logLevel":"warn","connectionRetryTimeout":120000,"connectionRetryCount":3,"logLevels":{},"enableDirectConnect":true,"strictSSL":true,"_":"65 more keys: [\"cacheDir\",\"port\",\"requestedCapabilities\",\"automationProtocol\",\"baseUrl\",\"waitforInterval\",\"waitforTimeout\",\"onReload\",\"beforeCommand\",\"afterCommand\",\"rootDir\",\"specs\",\"suites\",\"exclude\",\"groupLogsByTestSpec\",\"excludeDriverLogs\",\"bail\",\"framework\",\"reporters\",\"services\",\"maxInstances\",\"maxInstancesPerCapability\",\"injectGlobals\",\"filesToWatch\",\"execArgv\",\"runnerEnv\",\"runner\",\"shard\",\"specFileRetries\",\"specFileRetriesDelay\",\"specFileRetriesDeferred\",\"reporterSyncInterval\",\"reporterSyncTimeout\",\"cucumberFeaturesWithLineNumbers\",\"autoCompileOpts\",\"mochaOpts\",\"jasmineOpts\",\"cucumberOpts\",\"onPrepare\",\"onWorkerStart\",\"onWorkerEnd\",\"before\",\"beforeSession\",\"beforeSuite\",\"beforeHook\",\"beforeTest\",\"afterTest\",\"afterHook\",\"afterSuite\",\"afterSession\",\"after\",\"onComplete\",\"beforeAssertion\",\"afterAssertion\",\"beforeFeature\",\"beforeScenario\",\"beforeStep\",\"afterStep\",\"afterScenario\",\"afterFeature\",\"_\",\"suite\",\"$0\",\"ignoredWorkerServices\",\"wdi5\"]"}]}
COMMAND: POST /session/29c94e7c3de8c8de4e6aab3f7ecf7110/execute/async - {"script":"<script> [21126 bytes]","args":[35000]}
RESULT: {"script":"<script> [21126 bytes]","args":[35000]}
]]></system-out>
    </testcase>
    <testcase classname="chrome.137_0_7151_69.windows.Reserve/Unreserve_request_item_via_reserve_option_US139161" name="Should create a new request with a catalog item that can be planned" time="166.592">
      <system-out><![CDATA[
COMMAND: POST /session/29c94e7c3de8c8de4e6aab3f7ecf7110/execute/async - {"script":"<script> [1562 bytes]","args":[{"selector":{"controlType":"sap.m.GenericTile","properties":{"header":"Manage Requests"}},"wdio_ui5_key":"sapm.GenericTile{\"header\":\"Manage Requests\"}"}]}
RESULT: {"script":"<script> [1562 bytes]","args":[{"selector":{"controlType":"sap.m.GenericTile","properties":{"header":"Manage Requests"}},"wdio_ui5_key":"sapm.GenericTile{\"header\":\"Manage Requests\"}"}]}
RESULT: undefined
COMMAND: POST /session/29c94e7c3de8c8de4e6aab3f7ecf7110/element - {"using":"xpath","value":"//*[@id=\"__tile48\"]"}
RESULT: {"using":"xpath","value":"//*[@id=\"__tile48\"]"}
COMMAND: POST /session/29c94e7c3de8c8de4e6aab3f7ecf7110/element/f.A8B909B395C19A77638691ECE2720CC3.d.50F23F98BE49D97607B9086538701097.e.8421/click - {}
RESULT: {}
COMMAND: GET /session/29c94e7c3de8c8de4e6aab3f7ecf7110/screenshot - {}
RESULT: {}
COMMAND: POST /session/29c94e7c3de8c8de4e6aab3f7ecf7110/elements - {"using":"xpath","value":"//span[text()='Error']"}
RESULT: {"using":"xpath","value":"//span[text()='Error']"}
COMMAND: POST /session/29c94e7c3de8c8de4e6aab3f7ecf7110/element - {"using":"xpath","value":"//button[contains(@data-kt ,\"btnCreateNewOverflowToolbarButton\")]"}
COMMAND: POST /session/29c94e7c3de8c8de4e6aab3f7ecf7110/element - {"using":"xpath","value":"(//span[contains(@class ,\"sapMObjStatusText\")])[1]"}
RESULT: {"using":"xpath","value":"//button[contains(@data-kt ,\"btnCreateNewOverflowToolbarButton\")]"}
COMMAND: POST /session/29c94e7c3de8c8de4e6aab3f7ecf7110/element/f.A8B909B395C19A77638691ECE2720CC3.d.50F23F98BE49D97607B9086538701097.e.8476/click - {}
RESULT: {"using":"xpath","value":"(//span[contains(@class ,\"sapMObjStatusText\")])[1]"}
COMMAND: POST /session/29c94e7c3de8c8de4e6aab3f7ecf7110/execute/sync - {"script":"<script> [8489 bytes]","args":[{"element-6066-11e4-a52e-4f735466cecf":"f.A8B909B395C19A77638691ECE2720CC3.d.50F23F98BE49D97607B9086538701097.e.8514","ELEMENT":"f.A8B909B395C19A77638691ECE2720CC3.d.50F23F98BE49D97607B9086538701097.e.8514"}]}
RESULT: {}
COMMAND: GET /session/29c94e7c3de8c8de4e6aab3f7ecf7110/screenshot - {}
RESULT: {"script":"<script> [8489 bytes]","args":[{"element-6066-11e4-a52e-4f735466cecf":"f.A8B909B395C19A77638691ECE2720CC3.d.50F23F98BE49D97607B9086538701097.e.8514","ELEMENT":"f.A8B909B395C19A77638691ECE2720CC3.d.50F23F98BE49D97607B9086538701097.e.8514"}]}
COMMAND: GET /session/29c94e7c3de8c8de4e6aab3f7ecf7110/screenshot - {}
RESULT: {}
RESULT: {}
COMMAND: POST /session/29c94e7c3de8c8de4e6aab3f7ecf7110/element - {"using":"xpath","value":"//input[contains(@id ,\"yardId-inner\")]"}
RESULT: {"using":"xpath","value":"//input[contains(@id ,\"yardId-inner\")]"}
COMMAND: POST /session/29c94e7c3de8c8de4e6aab3f7ecf7110/execute/sync - {"script":"<script> [8489 bytes]","args":[{"element-6066-11e4-a52e-4f735466cecf":"f.A8B909B395C19A77638691ECE2720CC3.d.50F23F98BE49D97607B9086538701097.e.8595","ELEMENT":"f.A8B909B395C19A77638691ECE2720CC3.d.50F23F98BE49D97607B9086538701097.e.8595"}]}
RESULT: {"script":"<script> [8489 bytes]","args":[{"element-6066-11e4-a52e-4f735466cecf":"f.A8B909B395C19A77638691ECE2720CC3.d.50F23F98BE49D97607B9086538701097.e.8595","ELEMENT":"f.A8B909B395C19A77638691ECE2720CC3.d.50F23F98BE49D97607B9086538701097.e.8595"}]}
COMMAND: POST /session/29c94e7c3de8c8de4e6aab3f7ecf7110/element - {"using":"xpath","value":"//input[contains(@id ,\"yardId-inner\")]"}
COMMAND: GET /session/29c94e7c3de8c8de4e6aab3f7ecf7110/screenshot - {}
RESULT: {"using":"xpath","value":"//input[contains(@id ,\"yardId-inner\")]"}
COMMAND: GET /session/29c94e7c3de8c8de4e6aab3f7ecf7110/element/f.A8B909B395C19A77638691ECE2720CC3.d.50F23F98BE49D97607B9086538701097.e.8595/enabled - {}
RESULT: {}
RESULT: {}
COMMAND: POST /session/29c94e7c3de8c8de4e6aab3f7ecf7110/element/f.A8B909B395C19A77638691ECE2720CC3.d.50F23F98BE49D97607B9086538701097.e.8595/clear - {}
COMMAND: GET /session/29c94e7c3de8c8de4e6aab3f7ecf7110/screenshot - {}
RESULT: {}
COMMAND: POST /session/29c94e7c3de8c8de4e6aab3f7ecf7110/element/f.A8B909B395C19A77638691ECE2720CC3.d.50F23F98BE49D97607B9086538701097.e.8595/value - {"text":"WebdriverYardrpieg"}
COMMAND: GET /session/29c94e7c3de8c8de4e6aab3f7ecf7110/screenshot - {}
RESULT: {}
RESULT: {"text":"WebdriverYardrpieg"}
COMMAND: GET /session/29c94e7c3de8c8de4e6aab3f7ecf7110/screenshot - {}
RESULT: {}
RESULT: {}
COMMAND: POST /session/29c94e7c3de8c8de4e6aab3f7ecf7110/element - {"using":"xpath","value":"//input[contains(@id ,\"customerNumber-inner\")]"}
RESULT: {"using":"xpath","value":"//input[contains(@id ,\"customerNumber-inner\")]"}
COMMAND: POST /session/29c94e7c3de8c8de4e6aab3f7ecf7110/element/f.A8B909B395C19A77638691ECE2720CC3.d.50F23F98BE49D97607B9086538701097.e.8589/value - {"text":"WebdriverPartner89mcp"}
COMMAND: POST /session/29c94e7c3de8c8de4e6aab3f7ecf7110/actions - {"actions":[{"id":"action64","type":"key","parameters":{},"actions":[{"type":"keyDown","value":"î€‡"},{"type":"pause","duration":10},{"type":"keyUp","value":"î€‡"}]}]}
RESULT: {"actions":[{"id":"action64","type":"key","parameters":{},"actions":[{"type":"keyDown","value":"î€‡"},{"type":"pause","duration":10},{"type":"keyUp","value":"î€‡"}]}]}
COMMAND: GET /session/29c94e7c3de8c8de4e6aab3f7ecf7110/screenshot - {}
RESULT: {"text":"WebdriverPartner89mcp"}
COMMAND: GET /session/29c94e7c3de8c8de4e6aab3f7ecf7110/screenshot - {}
RESULT: {}
RESULT: {}
COMMAND: POST /session/29c94e7c3de8c8de4e6aab3f7ecf7110/actions - {"actions":[{"id":"action65","type":"key","parameters":{},"actions":[{"type":"keyDown","value":"î€‡"},{"type":"pause","duration":10},{"type":"keyUp","value":"î€‡"}]}]}
RESULT: {"actions":[{"id":"action65","type":"key","parameters":{},"actions":[{"type":"keyDown","value":"î€‡"},{"type":"pause","duration":10},{"type":"keyUp","value":"î€‡"}]}]}
COMMAND: GET /session/29c94e7c3de8c8de4e6aab3f7ecf7110/screenshot - {}
RESULT: {}
COMMAND: GET /session/29c94e7c3de8c8de4e6aab3f7ecf7110/element/f.A8B909B395C19A77638691ECE2720CC3.d.50F23F98BE49D97607B9086538701097.e.8589/property/value - {}
RESULT: {}
COMMAND: GET /session/29c94e7c3de8c8de4e6aab3f7ecf7110/screenshot - {}
RESULT: {}
COMMAND: POST /session/29c94e7c3de8c8de4e6aab3f7ecf7110/element - {"using":"xpath","value":"//input[contains(@id ,\"requestSiteId-inner\")]"}
RESULT: {"using":"xpath","value":"//input[contains(@id ,\"requestSiteId-inner\")]"}
COMMAND: POST /session/29c94e7c3de8c8de4e6aab3f7ecf7110/element/f.A8B909B395C19A77638691ECE2720CC3.d.50F23F98BE49D97607B9086538701097.e.8588/value - {"text":"WebdriverSitezdv7v"}
RESULT: {"text":"WebdriverSitezdv7v"}
COMMAND: GET /session/29c94e7c3de8c8de4e6aab3f7ecf7110/screenshot - {}
RESULT: {}
COMMAND: POST /session/29c94e7c3de8c8de4e6aab3f7ecf7110/actions - {"actions":[{"id":"action66","type":"key","parameters":{},"actions":[{"type":"keyDown","value":"î€‡"},{"type":"pause","duration":10},{"type":"keyUp","value":"î€‡"}]}]}
RESULT: {"actions":[{"id":"action66","type":"key","parameters":{},"actions":[{"type":"keyDown","value":"î€‡"},{"type":"pause","duration":10},{"type":"keyUp","value":"î€‡"}]}]}
COMMAND: GET /session/29c94e7c3de8c8de4e6aab3f7ecf7110/screenshot - {}
RESULT: {}
COMMAND: POST /session/29c94e7c3de8c8de4e6aab3f7ecf7110/element - {"using":"xpath","value":"//button[contains(@data-kt ,\"requestItemAddOverflowToolbarButton\")]"}
RESULT: {"using":"xpath","value":"//button[contains(@data-kt ,\"requestItemAddOverflowToolbarButton\")]"}
COMMAND: POST /session/29c94e7c3de8c8de4e6aab3f7ecf7110/element/f.A8B909B395C19A77638691ECE2720CC3.d.50F23F98BE49D97607B9086538701097.e.8764/click - {}
RESULT: {}
COMMAND: GET /session/29c94e7c3de8c8de4e6aab3f7ecf7110/screenshot - {}
RESULT: {}
COMMAND: POST /session/29c94e7c3de8c8de4e6aab3f7ecf7110/actions - {"actions":[{"id":"action67","type":"key","parameters":{},"actions":[{"type":"keyDown","value":"î€•"},{"type":"pause","duration":10},{"type":"keyUp","value":"î€•"}]}]}
RESULT: {"actions":[{"id":"action67","type":"key","parameters":{},"actions":[{"type":"keyDown","value":"î€•"},{"type":"pause","duration":10},{"type":"keyUp","value":"î€•"}]}]}
COMMAND: POST /session/29c94e7c3de8c8de4e6aab3f7ecf7110/actions - {"actions":[{"id":"action68","type":"key","parameters":{},"actions":[{"type":"keyDown","value":"î€‡"},{"type":"pause","duration":10},{"type":"keyUp","value":"î€‡"}]}]}
COMMAND: GET /session/29c94e7c3de8c8de4e6aab3f7ecf7110/screenshot - {}
RESULT: {"actions":[{"id":"action68","type":"key","parameters":{},"actions":[{"type":"keyDown","value":"î€‡"},{"type":"pause","duration":10},{"type":"keyUp","value":"î€‡"}]}]}
COMMAND: POST /session/29c94e7c3de8c8de4e6aab3f7ecf7110/element - {"using":"xpath","value":"(//input[contains(@id ,\"requestItemsTable-0-inner\")])[1]"}
COMMAND: GET /session/29c94e7c3de8c8de4e6aab3f7ecf7110/screenshot - {}
RESULT: {}
RESULT: {"using":"xpath","value":"(//input[contains(@id ,\"requestItemsTable-0-inner\")])[1]"}
COMMAND: POST /session/29c94e7c3de8c8de4e6aab3f7ecf7110/element/f.A8B909B395C19A77638691ECE2720CC3.d.50F23F98BE49D97607B9086538701097.e.8768/clear - {}
RESULT: {}
RESULT: {}
COMMAND: POST /session/29c94e7c3de8c8de4e6aab3f7ecf7110/element/f.A8B909B395C19A77638691ECE2720CC3.d.50F23F98BE49D97607B9086538701097.e.8768/value - {"text":"catalogItemad2y8"}
COMMAND: GET /session/29c94e7c3de8c8de4e6aab3f7ecf7110/screenshot - {}
RESULT: {"text":"catalogItemad2y8"}
COMMAND: GET /session/29c94e7c3de8c8de4e6aab3f7ecf7110/screenshot - {}
RESULT: {}
RESULT: {}
COMMAND: POST /session/29c94e7c3de8c8de4e6aab3f7ecf7110/actions - {"actions":[{"id":"action69","type":"key","parameters":{},"actions":[{"type":"keyDown","value":"î€‡"},{"type":"pause","duration":10},{"type":"keyUp","value":"î€‡"}]}]}
RESULT: {"actions":[{"id":"action69","type":"key","parameters":{},"actions":[{"type":"keyDown","value":"î€‡"},{"type":"pause","duration":10},{"type":"keyUp","value":"î€‡"}]}]}
COMMAND: GET /session/29c94e7c3de8c8de4e6aab3f7ecf7110/screenshot - {}
RESULT: {}
COMMAND: POST /session/29c94e7c3de8c8de4e6aab3f7ecf7110/execute/async - {"script":"<script> [1562 bytes]","args":[{"selector":{"controlType":"sap.ui.core.Icon","viewName":"etm.portal.ui.managerequests.view.NewRequest","properties":{"src":{"regex":{"source":"slim\\-arrow\\-down"}}},"ancestor":{"controlType":"sap.m.Button","viewName":"etm.portal.ui.managerequests.view.NewRequest","properties":{"icon":"sap-icon://slim-arrow-down"}}},"wdio_ui5_key":"etmportal.ui.managerequests.view.NewRequestsap.ui.core.Icon{\"src\":{\"regex\":{\"source\":\"slim\\\\-arrow\\\\-down\"}}}{\"controlType\":\"sap.m.Button\",\"viewName\":\"etm.portal.ui.managerequests.view.NewRequest\",\"properties\":{\"icon\":\"sap-icon://slim-arrow-down\"}}"}]}
RESULT: {"script":"<script> [1562 bytes]","args":[{"selector":{"controlType":"sap.ui.core.Icon","viewName":"etm.portal.ui.managerequests.view.NewRequest","properties":{"src":{"regex":{"source":"slim\\-arrow\\-down"}}},"ancestor":{"controlType":"sap.m.Button","viewName":"etm.portal.ui.managerequests.view.NewRequest","properties":{"icon":"sap-icon://slim-arrow-down"}}},"wdio_ui5_key":"etmportal.ui.managerequests.view.NewRequestsap.ui.core.Icon{\"src\":{\"regex\":{\"source\":\"slim\\\\-arrow\\\\-down\"}}}{\"controlType\":\"sap.m.Button\",\"viewName\":\"etm.portal.ui.managerequests.view.NewRequest\",\"properties\":{\"icon\":\"sap-icon://slim-arrow-down\"}}"}]}
RESULT: undefined
COMMAND: POST /session/29c94e7c3de8c8de4e6aab3f7ecf7110/element - {"using":"xpath","value":"//div[contains(@data-kt ,\"splitAllocationObjectStatus\")]"}
RESULT: {"using":"xpath","value":"//div[contains(@data-kt ,\"splitAllocationObjectStatus\")]"}
COMMAND: POST /session/29c94e7c3de8c8de4e6aab3f7ecf7110/elements - {"using":"xpath","value":"//div[contains(@data-kt ,\"splitAllocationObjectStatus\")]"}
RESULT: {"using":"xpath","value":"//div[contains(@data-kt ,\"splitAllocationObjectStatus\")]"}
COMMAND: POST /session/29c94e7c3de8c8de4e6aab3f7ecf7110/execute/async - {"script":"<script> [1562 bytes]","args":[{"selector":{"controlType":"sap.ui.core.Icon","viewName":"etm.portal.ui.managerequests.view.NewRequest","properties":{"src":{"regex":{"source":"message\\-error"}}}},"wdio_ui5_key":"etmportal.ui.managerequests.view.NewRequestsap.ui.core.Icon{\"src\":{\"regex\":{\"source\":\"message\\\\-error\"}}}"}]}
RESULT: {"script":"<script> [1562 bytes]","args":[{"selector":{"controlType":"sap.ui.core.Icon","viewName":"etm.portal.ui.managerequests.view.NewRequest","properties":{"src":{"regex":{"source":"message\\-error"}}}},"wdio_ui5_key":"etmportal.ui.managerequests.view.NewRequestsap.ui.core.Icon{\"src\":{\"regex\":{\"source\":\"message\\\\-error\"}}}"}]}
RESULT: undefined
COMMAND: POST /session/29c94e7c3de8c8de4e6aab3f7ecf7110/element - {"using":"xpath","value":"//*[@id=\"__status4-__xmlview60--requestItemsTable-0-icon\"]"}
RESULT: {"using":"xpath","value":"//*[@id=\"__status4-__xmlview60--requestItemsTable-0-icon\"]"}
COMMAND: POST /session/29c94e7c3de8c8de4e6aab3f7ecf7110/element/f.A8B909B395C19A77638691ECE2720CC3.d.50F23F98BE49D97607B9086538701097.e.8783/click - {}
RESULT: {}
COMMAND: POST /session/29c94e7c3de8c8de4e6aab3f7ecf7110/execute/async - {"script":"<script> [1562 bytes]","args":[{"selector":{"controlType":"sap.ui.core.Icon","viewName":"etm.portal.ui.managerequests.view.NewRequest","properties":{"src":{"regex":{"source":"slim\\-arrow\\-down"}}},"searchOpenDialogs":true,"ancestor":{"id":"costObjectAdminTypeComboBox","viewName":"etm.portal.ui.managerequests.view.NewRequest","searchOpenDialogs":true}},"wdio_ui5_key":"etmportal.ui.managerequests.view.NewRequestsap.ui.core.Icon{\"src\":{\"regex\":{\"source\":\"slim\\\\-arrow\\\\-down\"}}}{\"id\":\"costObjectAdminTypeComboBox\",\"viewName\":\"etm.portal.ui.managerequests.view.NewRequest\",\"searchOpenDialogs\":true}"}]}
COMMAND: GET /session/29c94e7c3de8c8de4e6aab3f7ecf7110/screenshot - {}
RESULT: {"script":"<script> [1562 bytes]","args":[{"selector":{"controlType":"sap.ui.core.Icon","viewName":"etm.portal.ui.managerequests.view.NewRequest","properties":{"src":{"regex":{"source":"slim\\-arrow\\-down"}}},"searchOpenDialogs":true,"ancestor":{"id":"costObjectAdminTypeComboBox","viewName":"etm.portal.ui.managerequests.view.NewRequest","searchOpenDialogs":true}},"wdio_ui5_key":"etmportal.ui.managerequests.view.NewRequestsap.ui.core.Icon{\"src\":{\"regex\":{\"source\":\"slim\\\\-arrow\\\\-down\"}}}{\"id\":\"costObjectAdminTypeComboBox\",\"viewName\":\"etm.portal.ui.managerequests.view.NewRequest\",\"searchOpenDialogs\":true}"}]}
RESULT: undefined
COMMAND: POST /session/29c94e7c3de8c8de4e6aab3f7ecf7110/element - {"using":"xpath","value":"//*[@id=\"__xmlview60--costObjectAdminTypeComboBox-arrow\"]"}
RESULT: {}
RESULT: {"using":"xpath","value":"//*[@id=\"__xmlview60--costObjectAdminTypeComboBox-arrow\"]"}
COMMAND: POST /session/29c94e7c3de8c8de4e6aab3f7ecf7110/element/f.A8B909B395C19A77638691ECE2720CC3.d.50F23F98BE49D97607B9086538701097.e.8787/click - {}
RESULT: {}
COMMAND: POST /session/29c94e7c3de8c8de4e6aab3f7ecf7110/execute/async - {"script":"<script> [1562 bytes]","args":[{"selector":{"controlType":"sap.m.StandardListItem","viewName":"etm.portal.ui.managerequests.view.NewRequest","properties":{"title":"Cost Center"},"searchOpenDialogs":true,"interaction":{"idSuffix":"titleText"}},"wdio_ui5_key":"etmportal.ui.managerequests.view.NewRequestsap.m.StandardListItem{\"title\":\"Cost Center\"}"}]}
COMMAND: GET /session/29c94e7c3de8c8de4e6aab3f7ecf7110/screenshot - {}
RESULT: {"script":"<script> [1562 bytes]","args":[{"selector":{"controlType":"sap.m.StandardListItem","viewName":"etm.portal.ui.managerequests.view.NewRequest","properties":{"title":"Cost Center"},"searchOpenDialogs":true,"interaction":{"idSuffix":"titleText"}},"wdio_ui5_key":"etmportal.ui.managerequests.view.NewRequestsap.m.StandardListItem{\"title\":\"Cost Center\"}"}]}
RESULT: undefined
COMMAND: POST /session/29c94e7c3de8c8de4e6aab3f7ecf7110/element - {"using":"xpath","value":"//*[@id=\"__item299\"]"}
RESULT: {}
RESULT: {"using":"xpath","value":"//*[@id=\"__item299\"]"}
COMMAND: POST /session/29c94e7c3de8c8de4e6aab3f7ecf7110/element/f.A8B909B395C19A77638691ECE2720CC3.d.50F23F98BE49D97607B9086538701097.e.8790/click - {}
RESULT: {}
COMMAND: GET /session/29c94e7c3de8c8de4e6aab3f7ecf7110/screenshot - {}
RESULT: {}
COMMAND: POST /session/29c94e7c3de8c8de4e6aab3f7ecf7110/execute/async - {"script":"<script> [1562 bytes]","args":[{"selector":{"controlType":"sap.ui.core.Icon","viewName":"etm.portal.ui.managerequests.view.NewRequest","properties":{"src":{"regex":{"source":"value\\-help"}}},"searchOpenDialogs":true},"wdio_ui5_key":"etmportal.ui.managerequests.view.NewRequestsap.ui.core.Icon{\"src\":{\"regex\":{\"source\":\"value\\\\-help\"}}}"}]}
RESULT: {"script":"<script> [1562 bytes]","args":[{"selector":{"controlType":"sap.ui.core.Icon","viewName":"etm.portal.ui.managerequests.view.NewRequest","properties":{"src":{"regex":{"source":"value\\-help"}}},"searchOpenDialogs":true},"wdio_ui5_key":"etmportal.ui.managerequests.view.NewRequestsap.ui.core.Icon{\"src\":{\"regex\":{\"source\":\"value\\\\-help\"}}}"}]}
RESULT: undefined
COMMAND: POST /session/29c94e7c3de8c8de4e6aab3f7ecf7110/element - {"using":"xpath","value":"//*[@id=\"__xmlview60--costObjectIdComboBox-vhi\"]"}
RESULT: {"using":"xpath","value":"//*[@id=\"__xmlview60--costObjectIdComboBox-vhi\"]"}
COMMAND: POST /session/29c94e7c3de8c8de4e6aab3f7ecf7110/element/f.A8B909B395C19A77638691ECE2720CC3.d.50F23F98BE49D97607B9086538701097.e.8797/click - {}
RESULT: {}
COMMAND: POST /session/29c94e7c3de8c8de4e6aab3f7ecf7110/execute/async - {"script":"<script> [1562 bytes]","args":[{"selector":{"controlType":"sap.m.SearchField","properties":{"placeholder":"Search"},"searchOpenDialogs":true,"interaction":{"idSuffix":"I"}},"wdio_ui5_key":"sapm.SearchField{\"placeholder\":\"Search\"}"}]}
COMMAND: GET /session/29c94e7c3de8c8de4e6aab3f7ecf7110/screenshot - {}
RESULT: {"script":"<script> [1562 bytes]","args":[{"selector":{"controlType":"sap.m.SearchField","properties":{"placeholder":"Search"},"searchOpenDialogs":true,"interaction":{"idSuffix":"I"}},"wdio_ui5_key":"sapm.SearchField{\"placeholder\":\"Search\"}"}]}
RESULT: undefined
COMMAND: POST /session/29c94e7c3de8c8de4e6aab3f7ecf7110/execute/async - {"script":"<script> [776 bytes]","args":[{"enterText":"10001010","selector":{"controlType":"sap.m.SearchField","properties":{"placeholder":"Search"},"searchOpenDialogs":true,"interaction":{"idSuffix":"I"}},"clearTextFirst":true,"interactionType":"ENTER_TEXT"}]}
RESULT: {}
RESULT: {"script":"<script> [776 bytes]","args":[{"enterText":"10001010","selector":{"controlType":"sap.m.SearchField","properties":{"placeholder":"Search"},"searchOpenDialogs":true,"interaction":{"idSuffix":"I"}},"clearTextFirst":true,"interactionType":"ENTER_TEXT"}]}
COMMAND: POST /session/29c94e7c3de8c8de4e6aab3f7ecf7110/actions - {"actions":[{"id":"action70","type":"key","parameters":{},"actions":[{"type":"keyDown","value":"î€‡"},{"type":"pause","duration":10},{"type":"keyUp","value":"î€‡"}]}]}
RESULT: {"actions":[{"id":"action70","type":"key","parameters":{},"actions":[{"type":"keyDown","value":"î€‡"},{"type":"pause","duration":10},{"type":"keyUp","value":"î€‡"}]}]}
COMMAND: GET /session/29c94e7c3de8c8de4e6aab3f7ecf7110/screenshot - {}
RESULT: {}
COMMAND: POST /session/29c94e7c3de8c8de4e6aab3f7ecf7110/execute/async - {"script":"<script> [1562 bytes]","args":[{"selector":{"controlType":"sap.m.Text","bindingPath":{"path":"/C_CostCtrValueHelp(CostCenter='10001010',ControllingArea='Z001')","propertyPath":"CostCenterName","modelName":"CostCenterModel"},"searchOpenDialogs":true},"wdio_ui5_key":"sapm.Text{\"path\":\"/C_CostCtrValueHelp(CostCenter='10001010',ControllingArea='Z001')\",\"propertyPath\":\"CostCenterName\",\"modelName\":\"CostCenterModel\"}"}]}
RESULT: {"script":"<script> [1562 bytes]","args":[{"selector":{"controlType":"sap.m.Text","bindingPath":{"path":"/C_CostCtrValueHelp(CostCenter='10001010',ControllingArea='Z001')","propertyPath":"CostCenterName","modelName":"CostCenterModel"},"searchOpenDialogs":true},"wdio_ui5_key":"sapm.Text{\"path\":\"/C_CostCtrValueHelp(CostCenter='10001010',ControllingArea='Z001')\",\"propertyPath\":\"CostCenterName\",\"modelName\":\"CostCenterModel\"}"}]}
RESULT: undefined
COMMAND: POST /session/29c94e7c3de8c8de4e6aab3f7ecf7110/element - {"using":"xpath","value":"//*[@id=\"__text289-__clone372\"]"}
RESULT: {"using":"xpath","value":"//*[@id=\"__text289-__clone372\"]"}
COMMAND: POST /session/29c94e7c3de8c8de4e6aab3f7ecf7110/element/f.A8B909B395C19A77638691ECE2720CC3.d.50F23F98BE49D97607B9086538701097.e.8836/click - {}
RESULT: {}
COMMAND: POST /session/29c94e7c3de8c8de4e6aab3f7ecf7110/execute/async - {"script":"<script> [1562 bytes]","args":[{"selector":{"controlType":"sap.m.Button","properties":{"text":"OK"},"searchOpenDialogs":true,"interaction":{"idSuffix":"BDI-content"}},"wdio_ui5_key":"sapm.Button{\"text\":\"OK\"}"}]}
COMMAND: GET /session/29c94e7c3de8c8de4e6aab3f7ecf7110/screenshot - {}
RESULT: {"script":"<script> [1562 bytes]","args":[{"selector":{"controlType":"sap.m.Button","properties":{"text":"OK"},"searchOpenDialogs":true,"interaction":{"idSuffix":"BDI-content"}},"wdio_ui5_key":"sapm.Button{\"text\":\"OK\"}"}]}
RESULT: undefined
COMMAND: POST /session/29c94e7c3de8c8de4e6aab3f7ecf7110/element - {"using":"xpath","value":"//*[@id=\"__dialog1-ok\"]"}
RESULT: {}
RESULT: {"using":"xpath","value":"//*[@id=\"__dialog1-ok\"]"}
COMMAND: POST /session/29c94e7c3de8c8de4e6aab3f7ecf7110/element/f.A8B909B395C19A77638691ECE2720CC3.d.50F23F98BE49D97607B9086538701097.e.8838/click - {}
RESULT: {}
COMMAND: GET /session/29c94e7c3de8c8de4e6aab3f7ecf7110/screenshot - {}
RESULT: {}
COMMAND: POST /session/29c94e7c3de8c8de4e6aab3f7ecf7110/execute/async - {"script":"<script> [1562 bytes]","args":[{"selector":{"controlType":"sap.m.Button","viewName":"etm.portal.ui.managerequests.view.NewRequest","i18NText":{"propertyName":"text","key":"save"},"searchOpenDialogs":true,"interaction":{"idSuffix":"BDI-content"}},"wdio_ui5_key":"etmportal.ui.managerequests.view.NewRequestsap.m.Button{\"propertyName\":\"text\",\"key\":\"save\"}"}]}
RESULT: {"script":"<script> [1562 bytes]","args":[{"selector":{"controlType":"sap.m.Button","viewName":"etm.portal.ui.managerequests.view.NewRequest","i18NText":{"propertyName":"text","key":"save"},"searchOpenDialogs":true,"interaction":{"idSuffix":"BDI-content"}},"wdio_ui5_key":"etmportal.ui.managerequests.view.NewRequestsap.m.Button{\"propertyName\":\"text\",\"key\":\"save\"}"}]}
RESULT: undefined
COMMAND: POST /session/29c94e7c3de8c8de4e6aab3f7ecf7110/element - {"using":"xpath","value":"//*[@id=\"__button23\"]"}
RESULT: {"using":"xpath","value":"//*[@id=\"__button23\"]"}
COMMAND: POST /session/29c94e7c3de8c8de4e6aab3f7ecf7110/element/f.A8B909B395C19A77638691ECE2720CC3.d.50F23F98BE49D97607B9086538701097.e.8842/click - {}
RESULT: {}
COMMAND: GET /session/29c94e7c3de8c8de4e6aab3f7ecf7110/screenshot - {}
RESULT: {}
COMMAND: POST /session/29c94e7c3de8c8de4e6aab3f7ecf7110/element - {"using":"xpath","value":"(//bdi[contains(text() ,\"Save\")])[1]"}
RESULT: {"using":"xpath","value":"(//bdi[contains(text() ,\"Save\")])[1]"}
COMMAND: POST /session/29c94e7c3de8c8de4e6aab3f7ecf7110/element/f.A8B909B395C19A77638691ECE2720CC3.d.50F23F98BE49D97607B9086538701097.e.8844/click - {}
RESULT: {}
COMMAND: GET /session/29c94e7c3de8c8de4e6aab3f7ecf7110/screenshot - {}
RESULT: {}
COMMAND: POST /session/29c94e7c3de8c8de4e6aab3f7ecf7110/execute/async - {"script":"<script> [1562 bytes]","args":[{"selector":{"controlType":"sap.m.Title","properties":{"text":"Success"},"searchOpenDialogs":true},"wdio_ui5_key":"sapm.Title{\"text\":\"Success\"}"}]}
RESULT: {"script":"<script> [1562 bytes]","args":[{"selector":{"controlType":"sap.m.Title","properties":{"text":"Success"},"searchOpenDialogs":true},"wdio_ui5_key":"sapm.Title{\"text\":\"Success\"}"}]}
RESULT: undefined
COMMAND: POST /session/29c94e7c3de8c8de4e6aab3f7ecf7110/execute/async - {"script":"<script> [6424 bytes]","args":[{"element-6066-11e4-a52e-4f735466cecf":"f.A8B909B395C19A77638691ECE2720CC3.d.50F23F98BE49D97607B9086538701097.e.8848"},"getText",[]]}
RESULT: {"script":"<script> [6424 bytes]","args":[{"element-6066-11e4-a52e-4f735466cecf":"f.A8B909B395C19A77638691ECE2720CC3.d.50F23F98BE49D97607B9086538701097.e.8848"},"getText",[]]}
COMMAND: POST /session/29c94e7c3de8c8de4e6aab3f7ecf7110/execute/async - {"script":"<script> [1562 bytes]","args":[{"selector":{"controlType":"sap.m.Button","properties":{"text":"Close"},"searchOpenDialogs":true,"interaction":{"idSuffix":"BDI-content"}},"wdio_ui5_key":"sapm.Button{\"text\":\"Close\"}"}]}
RESULT: {"script":"<script> [1562 bytes]","args":[{"selector":{"controlType":"sap.m.Button","properties":{"text":"Close"},"searchOpenDialogs":true,"interaction":{"idSuffix":"BDI-content"}},"wdio_ui5_key":"sapm.Button{\"text\":\"Close\"}"}]}
RESULT: undefined
COMMAND: POST /session/29c94e7c3de8c8de4e6aab3f7ecf7110/element - {"using":"xpath","value":"//*[@id=\"__mbox-btn-0\"]"}
RESULT: {"using":"xpath","value":"//*[@id=\"__mbox-btn-0\"]"}
COMMAND: POST /session/29c94e7c3de8c8de4e6aab3f7ecf7110/element/f.A8B909B395C19A77638691ECE2720CC3.d.50F23F98BE49D97607B9086538701097.e.8847/click - {}
RESULT: {}
COMMAND: GET /session/29c94e7c3de8c8de4e6aab3f7ecf7110/screenshot - {}
RESULT: {}
]]></system-out>
    </testcase>
    <testcase classname="chrome.137_0_7151_69.windows.Reserve/Unreserve_request_item_via_reserve_option_US139161" name="Should navigate to planning board and reserve the resource" time="98.856">
      <system-out><![CDATA[
COMMAND: POST /session/29c94e7c3de8c8de4e6aab3f7ecf7110/execute/async - {"script":"<script> [1562 bytes]","args":[{"selector":{"controlType":"sap.m.Button","viewName":"etm.portal.ui.managerequests.view.Detail","i18NText":{"propertyName":"text","key":"planningSituation"},"interaction":{"idSuffix":"BDI-content"}},"wdio_ui5_key":"etmportal.ui.managerequests.view.Detailsap.m.Button{\"propertyName\":\"text\",\"key\":\"planningSituation\"}"}]}
RESULT: {"script":"<script> [1562 bytes]","args":[{"selector":{"controlType":"sap.m.Button","viewName":"etm.portal.ui.managerequests.view.Detail","i18NText":{"propertyName":"text","key":"planningSituation"},"interaction":{"idSuffix":"BDI-content"}},"wdio_ui5_key":"etmportal.ui.managerequests.view.Detailsap.m.Button{\"propertyName\":\"text\",\"key\":\"planningSituation\"}"}]}
RESULT: undefined
COMMAND: POST /session/29c94e7c3de8c8de4e6aab3f7ecf7110/element - {"using":"xpath","value":"//*[@id=\"__button26\"]"}
RESULT: {"using":"xpath","value":"//*[@id=\"__button26\"]"}
COMMAND: POST /session/29c94e7c3de8c8de4e6aab3f7ecf7110/element/f.A8B909B395C19A77638691ECE2720CC3.d.50F23F98BE49D97607B9086538701097.e.8867/click - {}
RESULT: {}
COMMAND: GET /session/29c94e7c3de8c8de4e6aab3f7ecf7110/screenshot - {}
RESULT: {}
COMMAND: POST /session/29c94e7c3de8c8de4e6aab3f7ecf7110/element - {"using":"xpath","value":"(//span[contains(@title ,\"WebdriverYardrpieg\")])[1]"}
RESULT: {"using":"xpath","value":"(//span[contains(@title ,\"WebdriverYardrpieg\")])[1]"}
COMMAND: POST /session/29c94e7c3de8c8de4e6aab3f7ecf7110/elements - {"using":"xpath","value":"(//span[contains(@title ,\"WebdriverYardrpieg\")])[1]"}
RESULT: {"using":"xpath","value":"(//span[contains(@title ,\"WebdriverYardrpieg\")])[1]"}
COMMAND: POST /session/29c94e7c3de8c8de4e6aab3f7ecf7110/elements - {"using":"xpath","value":"(//span[contains(@title ,\"WebdriverYardrpieg\")])[1]"}
RESULT: {"using":"xpath","value":"(//span[contains(@title ,\"WebdriverYardrpieg\")])[1]"}
COMMAND: POST /session/29c94e7c3de8c8de4e6aab3f7ecf7110/elements - {"using":"xpath","value":"(//span[contains(@title ,\"WebdriverYardrpieg\")])[1]"}
RESULT: {"using":"xpath","value":"(//span[contains(@title ,\"WebdriverYardrpieg\")])[1]"}
COMMAND: POST /session/29c94e7c3de8c8de4e6aab3f7ecf7110/elements - {"using":"xpath","value":"(//span[contains(@title ,\"WebdriverYardrpieg\")])[1]"}
RESULT: {"using":"xpath","value":"(//span[contains(@title ,\"WebdriverYardrpieg\")])[1]"}
COMMAND: POST /session/29c94e7c3de8c8de4e6aab3f7ecf7110/elements - {"using":"xpath","value":"(//span[contains(@title ,\"WebdriverYardrpieg\")])[1]"}
RESULT: {"using":"xpath","value":"(//span[contains(@title ,\"WebdriverYardrpieg\")])[1]"}
COMMAND: POST /session/29c94e7c3de8c8de4e6aab3f7ecf7110/elements - {"using":"xpath","value":"(//span[contains(@title ,\"WebdriverYardrpieg\")])[1]"}
RESULT: {"using":"xpath","value":"(//span[contains(@title ,\"WebdriverYardrpieg\")])[1]"}
COMMAND: POST /session/29c94e7c3de8c8de4e6aab3f7ecf7110/elements - {"using":"xpath","value":"(//span[contains(@title ,\"WebdriverYardrpieg\")])[1]"}
RESULT: {"using":"xpath","value":"(//span[contains(@title ,\"WebdriverYardrpieg\")])[1]"}
COMMAND: POST /session/29c94e7c3de8c8de4e6aab3f7ecf7110/elements - {"using":"xpath","value":"(//span[contains(@title ,\"WebdriverYardrpieg\")])[1]"}
RESULT: {"using":"xpath","value":"(//span[contains(@title ,\"WebdriverYardrpieg\")])[1]"}
COMMAND: POST /session/29c94e7c3de8c8de4e6aab3f7ecf7110/elements - {"using":"xpath","value":"(//span[contains(@title ,\"WebdriverYardrpieg\")])[1]"}
RESULT: {"using":"xpath","value":"(//span[contains(@title ,\"WebdriverYardrpieg\")])[1]"}
COMMAND: POST /session/29c94e7c3de8c8de4e6aab3f7ecf7110/elements - {"using":"xpath","value":"(//span[contains(@title ,\"WebdriverYardrpieg\")])[1]"}
RESULT: {"using":"xpath","value":"(//span[contains(@title ,\"WebdriverYardrpieg\")])[1]"}
COMMAND: POST /session/29c94e7c3de8c8de4e6aab3f7ecf7110/elements - {"using":"xpath","value":"(//span[contains(@title ,\"WebdriverYardrpieg\")])[1]"}
RESULT: {"using":"xpath","value":"(//span[contains(@title ,\"WebdriverYardrpieg\")])[1]"}
COMMAND: POST /session/29c94e7c3de8c8de4e6aab3f7ecf7110/elements - {"using":"xpath","value":"(//span[contains(@title ,\"WebdriverYardrpieg\")])[1]"}
RESULT: {"using":"xpath","value":"(//span[contains(@title ,\"WebdriverYardrpieg\")])[1]"}
COMMAND: POST /session/29c94e7c3de8c8de4e6aab3f7ecf7110/elements - {"using":"xpath","value":"(//span[contains(@title ,\"WebdriverYardrpieg\")])[1]"}
RESULT: {"using":"xpath","value":"(//span[contains(@title ,\"WebdriverYardrpieg\")])[1]"}
COMMAND: POST /session/29c94e7c3de8c8de4e6aab3f7ecf7110/elements - {"using":"xpath","value":"(//span[contains(@title ,\"WebdriverYardrpieg\")])[1]"}
RESULT: {"using":"xpath","value":"(//span[contains(@title ,\"WebdriverYardrpieg\")])[1]"}
COMMAND: POST /session/29c94e7c3de8c8de4e6aab3f7ecf7110/elements - {"using":"xpath","value":"(//span[contains(@title ,\"WebdriverYardrpieg\")])[1]"}
RESULT: {"using":"xpath","value":"(//span[contains(@title ,\"WebdriverYardrpieg\")])[1]"}
COMMAND: POST /session/29c94e7c3de8c8de4e6aab3f7ecf7110/elements - {"using":"xpath","value":"(//span[contains(@title ,\"WebdriverYardrpieg\")])[1]"}
RESULT: {"using":"xpath","value":"(//span[contains(@title ,\"WebdriverYardrpieg\")])[1]"}
COMMAND: POST /session/29c94e7c3de8c8de4e6aab3f7ecf7110/elements - {"using":"xpath","value":"(//span[contains(@title ,\"WebdriverYardrpieg\")])[1]"}
RESULT: {"using":"xpath","value":"(//span[contains(@title ,\"WebdriverYardrpieg\")])[1]"}
COMMAND: POST /session/29c94e7c3de8c8de4e6aab3f7ecf7110/elements - {"using":"xpath","value":"(//span[contains(@title ,\"WebdriverYardrpieg\")])[1]"}
RESULT: {"using":"xpath","value":"(//span[contains(@title ,\"WebdriverYardrpieg\")])[1]"}
COMMAND: POST /session/29c94e7c3de8c8de4e6aab3f7ecf7110/elements - {"using":"xpath","value":"(//span[contains(@title ,\"WebdriverYardrpieg\")])[1]"}
RESULT: {"using":"xpath","value":"(//span[contains(@title ,\"WebdriverYardrpieg\")])[1]"}
COMMAND: POST /session/29c94e7c3de8c8de4e6aab3f7ecf7110/elements - {"using":"xpath","value":"(//span[contains(@title ,\"WebdriverYardrpieg\")])[1]"}
RESULT: {"using":"xpath","value":"(//span[contains(@title ,\"WebdriverYardrpieg\")])[1]"}
COMMAND: POST /session/29c94e7c3de8c8de4e6aab3f7ecf7110/elements - {"using":"xpath","value":"(//span[contains(@title ,\"WebdriverYardrpieg\")])[1]"}
RESULT: {"using":"xpath","value":"(//span[contains(@title ,\"WebdriverYardrpieg\")])[1]"}
COMMAND: POST /session/29c94e7c3de8c8de4e6aab3f7ecf7110/elements - {"using":"xpath","value":"(//span[contains(@title ,\"WebdriverYardrpieg\")])[1]"}
RESULT: {"using":"xpath","value":"(//span[contains(@title ,\"WebdriverYardrpieg\")])[1]"}
COMMAND: POST /session/29c94e7c3de8c8de4e6aab3f7ecf7110/elements - {"using":"xpath","value":"(//span[contains(@title ,\"WebdriverYardrpieg\")])[1]"}
RESULT: {"using":"xpath","value":"(//span[contains(@title ,\"WebdriverYardrpieg\")])[1]"}
COMMAND: POST /session/29c94e7c3de8c8de4e6aab3f7ecf7110/elements - {"using":"xpath","value":"(//span[contains(@title ,\"WebdriverYardrpieg\")])[1]"}
RESULT: {"using":"xpath","value":"(//span[contains(@title ,\"WebdriverYardrpieg\")])[1]"}
COMMAND: POST /session/29c94e7c3de8c8de4e6aab3f7ecf7110/elements - {"using":"xpath","value":"(//span[contains(@title ,\"WebdriverYardrpieg\")])[1]"}
RESULT: {"using":"xpath","value":"(//span[contains(@title ,\"WebdriverYardrpieg\")])[1]"}
COMMAND: POST /session/29c94e7c3de8c8de4e6aab3f7ecf7110/elements - {"using":"xpath","value":"(//span[contains(@title ,\"WebdriverYardrpieg\")])[1]"}
RESULT: {"using":"xpath","value":"(//span[contains(@title ,\"WebdriverYardrpieg\")])[1]"}
COMMAND: POST /session/29c94e7c3de8c8de4e6aab3f7ecf7110/elements - {"using":"xpath","value":"(//span[contains(@title ,\"WebdriverYardrpieg\")])[1]"}
RESULT: {"using":"xpath","value":"(//span[contains(@title ,\"WebdriverYardrpieg\")])[1]"}
COMMAND: POST /session/29c94e7c3de8c8de4e6aab3f7ecf7110/elements - {"using":"xpath","value":"(//span[contains(@title ,\"WebdriverYardrpieg\")])[1]"}
RESULT: {"using":"xpath","value":"(//span[contains(@title ,\"WebdriverYardrpieg\")])[1]"}
COMMAND: POST /session/29c94e7c3de8c8de4e6aab3f7ecf7110/elements - {"using":"xpath","value":"(//span[contains(@title ,\"WebdriverYardrpieg\")])[1]"}
RESULT: {"using":"xpath","value":"(//span[contains(@title ,\"WebdriverYardrpieg\")])[1]"}
COMMAND: POST /session/29c94e7c3de8c8de4e6aab3f7ecf7110/elements - {"using":"xpath","value":"(//span[contains(@title ,\"WebdriverYardrpieg\")])[1]"}
RESULT: {"using":"xpath","value":"(//span[contains(@title ,\"WebdriverYardrpieg\")])[1]"}
COMMAND: POST /session/29c94e7c3de8c8de4e6aab3f7ecf7110/elements - {"using":"xpath","value":"(//span[contains(@title ,\"WebdriverYardrpieg\")])[1]"}
RESULT: {"using":"xpath","value":"(//span[contains(@title ,\"WebdriverYardrpieg\")])[1]"}
COMMAND: POST /session/29c94e7c3de8c8de4e6aab3f7ecf7110/elements - {"using":"xpath","value":"(//span[contains(@title ,\"WebdriverYardrpieg\")])[1]"}
RESULT: {"using":"xpath","value":"(//span[contains(@title ,\"WebdriverYardrpieg\")])[1]"}
COMMAND: POST /session/29c94e7c3de8c8de4e6aab3f7ecf7110/elements - {"using":"xpath","value":"(//span[contains(@title ,\"WebdriverYardrpieg\")])[1]"}
RESULT: {"using":"xpath","value":"(//span[contains(@title ,\"WebdriverYardrpieg\")])[1]"}
COMMAND: POST /session/29c94e7c3de8c8de4e6aab3f7ecf7110/elements - {"using":"xpath","value":"(//span[contains(@title ,\"WebdriverYardrpieg\")])[1]"}
RESULT: {"using":"xpath","value":"(//span[contains(@title ,\"WebdriverYardrpieg\")])[1]"}
COMMAND: POST /session/29c94e7c3de8c8de4e6aab3f7ecf7110/elements - {"using":"xpath","value":"(//span[contains(@title ,\"WebdriverYardrpieg\")])[1]"}
RESULT: {"using":"xpath","value":"(//span[contains(@title ,\"WebdriverYardrpieg\")])[1]"}
COMMAND: POST /session/29c94e7c3de8c8de4e6aab3f7ecf7110/elements - {"using":"xpath","value":"(//span[contains(@title ,\"WebdriverYardrpieg\")])[1]"}
RESULT: {"using":"xpath","value":"(//span[contains(@title ,\"WebdriverYardrpieg\")])[1]"}
COMMAND: POST /session/29c94e7c3de8c8de4e6aab3f7ecf7110/element - {"using":"xpath","value":"(//span[contains(@title ,\"WebdriverYardrpieg\")])[1]"}
RESULT: {"using":"xpath","value":"(//span[contains(@title ,\"WebdriverYardrpieg\")])[1]"}
COMMAND: POST /session/29c94e7c3de8c8de4e6aab3f7ecf7110/execute/sync - {"script":"<script> [8489 bytes]","args":[{"element-6066-11e4-a52e-4f735466cecf":"f.A8B909B395C19A77638691ECE2720CC3.d.50F23F98BE49D97607B9086538701097.e.9263","ELEMENT":"f.A8B909B395C19A77638691ECE2720CC3.d.50F23F98BE49D97607B9086538701097.e.9263"}]}
RESULT: {"script":"<script> [8489 bytes]","args":[{"element-6066-11e4-a52e-4f735466cecf":"f.A8B909B395C19A77638691ECE2720CC3.d.50F23F98BE49D97607B9086538701097.e.9263","ELEMENT":"f.A8B909B395C19A77638691ECE2720CC3.d.50F23F98BE49D97607B9086538701097.e.9263"}]}
COMMAND: POST /session/29c94e7c3de8c8de4e6aab3f7ecf7110/element - {"using":"xpath","value":"(//span[contains(@title ,\"WebdriverYardrpieg\")])[1]"}
COMMAND: GET /session/29c94e7c3de8c8de4e6aab3f7ecf7110/screenshot - {}
RESULT: {"using":"xpath","value":"(//span[contains(@title ,\"WebdriverYardrpieg\")])[1]"}
COMMAND: POST /session/29c94e7c3de8c8de4e6aab3f7ecf7110/actions - {"actions":[{"id":"action71","type":"pointer","parameters":{"pointerType":"mouse"},"actions":[{"type":"pointerMove","button":0,"width":0,"height":0,"pressure":0,"tangentialPressure":0,"tiltX":0,"tiltY":0,"twist":0,"altitudeAngle":0,"_":"5 more keys: [\"azimuthAngle\",\"x\",\"y\",\"duration\",\"origin\"]"},{"type":"pointerDown","button":2,"width":0,"height":0,"pressure":0,"tangentialPressure":0,"tiltX":0,"tiltY":0,"twist":0,"altitudeAngle":0,"_":"1 more keys: [\"azimuthAngle\"]"},{"type":"pointerUp","button":2}]}]}
RESULT: {}
RESULT: {"actions":[{"id":"action71","type":"pointer","parameters":{"pointerType":"mouse"},"actions":[{"type":"pointerMove","button":0,"width":0,"height":0,"pressure":0,"tangentialPressure":0,"tiltX":0,"tiltY":0,"twist":0,"altitudeAngle":0,"_":"5 more keys: [\"azimuthAngle\",\"x\",\"y\",\"duration\",\"origin\"]"},{"type":"pointerDown","button":2,"width":0,"height":0,"pressure":0,"tangentialPressure":0,"tiltX":0,"tiltY":0,"twist":0,"altitudeAngle":0,"_":"1 more keys: [\"azimuthAngle\"]"},{"type":"pointerUp","button":2}]}]}
COMMAND: DELETE /session/29c94e7c3de8c8de4e6aab3f7ecf7110/actions - {}
COMMAND: GET /session/29c94e7c3de8c8de4e6aab3f7ecf7110/screenshot - {}
RESULT: {}
COMMAND: GET /session/29c94e7c3de8c8de4e6aab3f7ecf7110/screenshot - {}
RESULT: {}
RESULT: {}
COMMAND: POST /session/29c94e7c3de8c8de4e6aab3f7ecf7110/actions - {"actions":[{"id":"action72","type":"key","parameters":{},"actions":[{"type":"keyDown","value":"î€•"},{"type":"pause","duration":10},{"type":"keyUp","value":"î€•"}]}]}
RESULT: {"actions":[{"id":"action72","type":"key","parameters":{},"actions":[{"type":"keyDown","value":"î€•"},{"type":"pause","duration":10},{"type":"keyUp","value":"î€•"}]}]}
COMMAND: GET /session/29c94e7c3de8c8de4e6aab3f7ecf7110/screenshot - {}
RESULT: {}
COMMAND: POST /session/29c94e7c3de8c8de4e6aab3f7ecf7110/actions - {"actions":[{"id":"action73","type":"key","parameters":{},"actions":[{"type":"keyDown","value":"î€‡"},{"type":"pause","duration":10},{"type":"keyUp","value":"î€‡"}]}]}
RESULT: {"actions":[{"id":"action73","type":"key","parameters":{},"actions":[{"type":"keyDown","value":"î€‡"},{"type":"pause","duration":10},{"type":"keyUp","value":"î€‡"}]}]}
COMMAND: GET /session/29c94e7c3de8c8de4e6aab3f7ecf7110/screenshot - {}
RESULT: {}
COMMAND: POST /session/29c94e7c3de8c8de4e6aab3f7ecf7110/execute/async - {"script":"<script> [1562 bytes]","args":[{"selector":{"id":"application-planningboard-display-component---pB_RequestHeader--RUreservationComment","searchOpenDialogs":true,"interaction":{"idSuffix":"inner"}},"wdio_ui5_key":"applicationplanningboard-display-component---pB_RequestHeader--RUreservationComment"}]}
RESULT: {"script":"<script> [1562 bytes]","args":[{"selector":{"id":"application-planningboard-display-component---pB_RequestHeader--RUreservationComment","searchOpenDialogs":true,"interaction":{"idSuffix":"inner"}},"wdio_ui5_key":"applicationplanningboard-display-component---pB_RequestHeader--RUreservationComment"}]}
RESULT: undefined
COMMAND: POST /session/29c94e7c3de8c8de4e6aab3f7ecf7110/execute/async - {"script":"<script> [776 bytes]","args":[{"enterText":"WdIORes1jv3oj","selector":{"id":"application-planningboard-display-component---pB_RequestHeader--RUreservationComment","searchOpenDialogs":true,"interaction":{"idSuffix":"inner"}},"clearTextFirst":true,"interactionType":"ENTER_TEXT"}]}
RESULT: {"script":"<script> [776 bytes]","args":[{"enterText":"WdIORes1jv3oj","selector":{"id":"application-planningboard-display-component---pB_RequestHeader--RUreservationComment","searchOpenDialogs":true,"interaction":{"idSuffix":"inner"}},"clearTextFirst":true,"interactionType":"ENTER_TEXT"}]}
COMMAND: POST /session/29c94e7c3de8c8de4e6aab3f7ecf7110/execute/async - {"script":"<script> [1562 bytes]","args":[{"selector":{"controlType":"sap.m.Button","viewName":"etm.portal.ui.planningboard.view.detail.RequestHeader","viewId":"application-planningboard-display-component---pB_RequestHeader","properties":{"text":"Ok"},"searchOpenDialogs":true,"interaction":{"idSuffix":"BDI-content"}},"wdio_ui5_key":"etmportal.ui.planningboard.view.detail.RequestHeadersap.m.Button{\"text\":\"Ok\"}"}]}
RESULT: {"script":"<script> [1562 bytes]","args":[{"selector":{"controlType":"sap.m.Button","viewName":"etm.portal.ui.planningboard.view.detail.RequestHeader","viewId":"application-planningboard-display-component---pB_RequestHeader","properties":{"text":"Ok"},"searchOpenDialogs":true,"interaction":{"idSuffix":"BDI-content"}},"wdio_ui5_key":"etmportal.ui.planningboard.view.detail.RequestHeadersap.m.Button{\"text\":\"Ok\"}"}]}
RESULT: undefined
COMMAND: POST /session/29c94e7c3de8c8de4e6aab3f7ecf7110/element - {"using":"xpath","value":"//*[@id=\"__button191\"]"}
RESULT: {"using":"xpath","value":"//*[@id=\"__button191\"]"}
COMMAND: POST /session/29c94e7c3de8c8de4e6aab3f7ecf7110/element/f.A8B909B395C19A77638691ECE2720CC3.d.50F23F98BE49D97607B9086538701097.e.9278/click - {}
RESULT: {}
COMMAND: GET /session/29c94e7c3de8c8de4e6aab3f7ecf7110/screenshot - {}
RESULT: {}
COMMAND: POST /session/29c94e7c3de8c8de4e6aab3f7ecf7110/element - {"using":"xpath","value":"//span[contains(@title ,\"WebdriverYardrpieg\")]"}
RESULT: {"using":"xpath","value":"//span[contains(@title ,\"WebdriverYardrpieg\")]"}
COMMAND: POST /session/29c94e7c3de8c8de4e6aab3f7ecf7110/actions - {"actions":[{"id":"action74","type":"pointer","parameters":{"pointerType":"mouse"},"actions":[{"type":"pointerMove","button":0,"width":0,"height":0,"pressure":0,"tangentialPressure":0,"tiltX":0,"tiltY":0,"twist":0,"altitudeAngle":0,"_":"5 more keys: [\"azimuthAngle\",\"x\",\"y\",\"duration\",\"origin\"]"},{"type":"pointerDown","button":2,"width":0,"height":0,"pressure":0,"tangentialPressure":0,"tiltX":0,"tiltY":0,"twist":0,"altitudeAngle":0,"_":"1 more keys: [\"azimuthAngle\"]"},{"type":"pointerUp","button":2}]}]}
RESULT: {"actions":[{"id":"action74","type":"pointer","parameters":{"pointerType":"mouse"},"actions":[{"type":"pointerMove","button":0,"width":0,"height":0,"pressure":0,"tangentialPressure":0,"tiltX":0,"tiltY":0,"twist":0,"altitudeAngle":0,"_":"5 more keys: [\"azimuthAngle\",\"x\",\"y\",\"duration\",\"origin\"]"},{"type":"pointerDown","button":2,"width":0,"height":0,"pressure":0,"tangentialPressure":0,"tiltX":0,"tiltY":0,"twist":0,"altitudeAngle":0,"_":"1 more keys: [\"azimuthAngle\"]"},{"type":"pointerUp","button":2}]}]}
COMMAND: DELETE /session/29c94e7c3de8c8de4e6aab3f7ecf7110/actions - {}
COMMAND: GET /session/29c94e7c3de8c8de4e6aab3f7ecf7110/screenshot - {}
RESULT: {}
COMMAND: GET /session/29c94e7c3de8c8de4e6aab3f7ecf7110/screenshot - {}
RESULT: {}
RESULT: {}
COMMAND: POST /session/29c94e7c3de8c8de4e6aab3f7ecf7110/actions - {"actions":[{"id":"action75","type":"key","parameters":{},"actions":[{"type":"keyDown","value":"î€•"},{"type":"pause","duration":10},{"type":"keyUp","value":"î€•"}]}]}
RESULT: {"actions":[{"id":"action75","type":"key","parameters":{},"actions":[{"type":"keyDown","value":"î€•"},{"type":"pause","duration":10},{"type":"keyUp","value":"î€•"}]}]}
COMMAND: GET /session/29c94e7c3de8c8de4e6aab3f7ecf7110/screenshot - {}
RESULT: {}
COMMAND: POST /session/29c94e7c3de8c8de4e6aab3f7ecf7110/actions - {"actions":[{"id":"action76","type":"key","parameters":{},"actions":[{"type":"keyDown","value":"î€‡"},{"type":"pause","duration":10},{"type":"keyUp","value":"î€‡"}]}]}
RESULT: {"actions":[{"id":"action76","type":"key","parameters":{},"actions":[{"type":"keyDown","value":"î€‡"},{"type":"pause","duration":10},{"type":"keyUp","value":"î€‡"}]}]}
COMMAND: GET /session/29c94e7c3de8c8de4e6aab3f7ecf7110/screenshot - {}
RESULT: {}
RESULT: undefined
COMMAND: POST /session/29c94e7c3de8c8de4e6aab3f7ecf7110/execute/async - {"script":"<script> [776 bytes]","args":[{"enterText":"WdIORes2id8bk","selector":{"id":"application-planningboard-display-component---pB_RequestHeader--RUreservationComment","searchOpenDialogs":true,"interaction":{"idSuffix":"inner"}},"clearTextFirst":true,"interactionType":"ENTER_TEXT"}]}
RESULT: {"script":"<script> [776 bytes]","args":[{"enterText":"WdIORes2id8bk","selector":{"id":"application-planningboard-display-component---pB_RequestHeader--RUreservationComment","searchOpenDialogs":true,"interaction":{"idSuffix":"inner"}},"clearTextFirst":true,"interactionType":"ENTER_TEXT"}]}
RESULT: undefined
COMMAND: POST /session/29c94e7c3de8c8de4e6aab3f7ecf7110/element - {"using":"xpath","value":"//*[@id=\"__button191\"]"}
RESULT: {"using":"xpath","value":"//*[@id=\"__button191\"]"}
COMMAND: POST /session/29c94e7c3de8c8de4e6aab3f7ecf7110/element/f.A8B909B395C19A77638691ECE2720CC3.d.50F23F98BE49D97607B9086538701097.e.9366/click - {}
RESULT: {}
COMMAND: GET /session/29c94e7c3de8c8de4e6aab3f7ecf7110/screenshot - {}
RESULT: {}
COMMAND: POST /session/29c94e7c3de8c8de4e6aab3f7ecf7110/execute/async - {"script":"<script> [1562 bytes]","args":[{"selector":{"controlType":"sap.m.Button","viewName":"etm.portal.ui.planningboard.view.detail.RequestHeader","viewId":"application-planningboard-display-component---pB_RequestHeader","i18NText":{"propertyName":"text","key":"close"},"ancestor":{"id":"application-planningboard-display-component---pB_RequestHeader--requestItemDetails"},"interaction":{"idSuffix":"BDI-content"}},"wdio_ui5_key":"etmportal.ui.planningboard.view.detail.RequestHeadersap.m.Button{\"propertyName\":\"text\",\"key\":\"close\"}{\"id\":\"application-planningboard-display-component---pB_RequestHeader--requestItemDetails\"}"}]}
RESULT: {"script":"<script> [1562 bytes]","args":[{"selector":{"controlType":"sap.m.Button","viewName":"etm.portal.ui.planningboard.view.detail.RequestHeader","viewId":"application-planningboard-display-component---pB_RequestHeader","i18NText":{"propertyName":"text","key":"close"},"ancestor":{"id":"application-planningboard-display-component---pB_RequestHeader--requestItemDetails"},"interaction":{"idSuffix":"BDI-content"}},"wdio_ui5_key":"etmportal.ui.planningboard.view.detail.RequestHeadersap.m.Button{\"propertyName\":\"text\",\"key\":\"close\"}{\"id\":\"application-planningboard-display-component---pB_RequestHeader--requestItemDetails\"}"}]}
RESULT: undefined
COMMAND: POST /session/29c94e7c3de8c8de4e6aab3f7ecf7110/element - {"using":"xpath","value":"//*[@id=\"__button61\"]"}
RESULT: {"using":"xpath","value":"//*[@id=\"__button61\"]"}
COMMAND: POST /session/29c94e7c3de8c8de4e6aab3f7ecf7110/element/f.A8B909B395C19A77638691ECE2720CC3.d.50F23F98BE49D97607B9086538701097.e.9204/click - {}
RESULT: {}
COMMAND: GET /session/29c94e7c3de8c8de4e6aab3f7ecf7110/screenshot - {}
RESULT: {}
COMMAND: POST /session/29c94e7c3de8c8de4e6aab3f7ecf7110/execute/async - {"script":"<script> [1562 bytes]","args":[{"selector":{"id":"application-planningboard-display-component---pB_Master--selectView","interaction":{"idSuffix":"arrow"}},"wdio_ui5_key":"applicationplanningboard-display-component---pB_Master--selectView"}]}
RESULT: {"script":"<script> [1562 bytes]","args":[{"selector":{"id":"application-planningboard-display-component---pB_Master--selectView","interaction":{"idSuffix":"arrow"}},"wdio_ui5_key":"applicationplanningboard-display-component---pB_Master--selectView"}]}
RESULT: undefined
COMMAND: POST /session/29c94e7c3de8c8de4e6aab3f7ecf7110/element - {"using":"xpath","value":"//*[@id=\"application-planningboard-display-component---pB_Master--selectView\"]"}
RESULT: {"using":"xpath","value":"//*[@id=\"application-planningboard-display-component---pB_Master--selectView\"]"}
COMMAND: POST /session/29c94e7c3de8c8de4e6aab3f7ecf7110/element/f.A8B909B395C19A77638691ECE2720CC3.d.50F23F98BE49D97607B9086538701097.e.9514/click - {}
RESULT: {}
COMMAND: GET /session/29c94e7c3de8c8de4e6aab3f7ecf7110/screenshot - {}
RESULT: {}
COMMAND: POST /session/29c94e7c3de8c8de4e6aab3f7ecf7110/execute/async - {"script":"<script> [1562 bytes]","args":[{"selector":{"controlType":"sap.ui.core.Item","viewName":"etm.portal.ui.planningboard.view.Master","viewId":"application-planningboard-display-component---pB_Master","i18NText":{"propertyName":"text","key":"manageReservations"},"searchOpenDialogs":true},"wdio_ui5_key":"etmportal.ui.planningboard.view.Mastersap.ui.core.Item{\"propertyName\":\"text\",\"key\":\"manageReservations\"}"}]}
RESULT: {"script":"<script> [1562 bytes]","args":[{"selector":{"controlType":"sap.ui.core.Item","viewName":"etm.portal.ui.planningboard.view.Master","viewId":"application-planningboard-display-component---pB_Master","i18NText":{"propertyName":"text","key":"manageReservations"},"searchOpenDialogs":true},"wdio_ui5_key":"etmportal.ui.planningboard.view.Mastersap.ui.core.Item{\"propertyName\":\"text\",\"key\":\"manageReservations\"}"}]}
RESULT: undefined
COMMAND: POST /session/29c94e7c3de8c8de4e6aab3f7ecf7110/element - {"using":"xpath","value":"//*[@id=\"__item349\"]"}
RESULT: {"using":"xpath","value":"//*[@id=\"__item349\"]"}
COMMAND: POST /session/29c94e7c3de8c8de4e6aab3f7ecf7110/element/f.A8B909B395C19A77638691ECE2720CC3.d.50F23F98BE49D97607B9086538701097.e.9515/click - {}
RESULT: {}
COMMAND: GET /session/29c94e7c3de8c8de4e6aab3f7ecf7110/screenshot - {}
RESULT: {}
COMMAND: POST /session/29c94e7c3de8c8de4e6aab3f7ecf7110/element - {"using":"xpath","value":"//span[contains(@id ,\"clone\")][contains(text(), \"WdIORes1jv3oj\")]"}
RESULT: {"using":"xpath","value":"//span[contains(@id ,\"clone\")][contains(text(), \"WdIORes1jv3oj\")]"}
COMMAND: GET /session/29c94e7c3de8c8de4e6aab3f7ecf7110/element/f.A8B909B395C19A77638691ECE2720CC3.d.50F23F98BE49D97607B9086538701097.e.9531/text - {}
RESULT: {}
COMMAND: POST /session/29c94e7c3de8c8de4e6aab3f7ecf7110/element - {"using":"xpath","value":"//span[contains(@id ,\"clone\")][contains(text(), \"WdIORes2id8bk\")]"}
RESULT: {"using":"xpath","value":"//span[contains(@id ,\"clone\")][contains(text(), \"WdIORes2id8bk\")]"}
COMMAND: POST /session/29c94e7c3de8c8de4e6aab3f7ecf7110/element/f.A8B909B395C19A77638691ECE2720CC3.d.50F23F98BE49D97607B9086538701097.e.9532/click - {}
RESULT: {}
COMMAND: GET /session/29c94e7c3de8c8de4e6aab3f7ecf7110/screenshot - {}
RESULT: {}
COMMAND: POST /session/29c94e7c3de8c8de4e6aab3f7ecf7110/actions - {"actions":[{"id":"action77","type":"key","parameters":{},"actions":[{"type":"keyDown","value":"î€‡"},{"type":"pause","duration":10},{"type":"keyUp","value":"î€‡"}]}]}
RESULT: {"actions":[{"id":"action77","type":"key","parameters":{},"actions":[{"type":"keyDown","value":"î€‡"},{"type":"pause","duration":10},{"type":"keyUp","value":"î€‡"}]}]}
COMMAND: GET /session/29c94e7c3de8c8de4e6aab3f7ecf7110/screenshot - {}
RESULT: {}
COMMAND: POST /session/29c94e7c3de8c8de4e6aab3f7ecf7110/execute/async - {"script":"<script> [1562 bytes]","args":[{"selector":{"controlType":"sap.m.Button","viewName":"etm.portal.ui.planningboard.view.detail.Planning","viewId":"application-planningboard-display-component---pB_Planning","i18NText":{"propertyName":"text","key":"unplan"},"interaction":{"idSuffix":"BDI-content"}},"wdio_ui5_key":"etmportal.ui.planningboard.view.detail.Planningsap.m.Button{\"propertyName\":\"text\",\"key\":\"unplan\"}"}]}
RESULT: {"script":"<script> [1562 bytes]","args":[{"selector":{"controlType":"sap.m.Button","viewName":"etm.portal.ui.planningboard.view.detail.Planning","viewId":"application-planningboard-display-component---pB_Planning","i18NText":{"propertyName":"text","key":"unplan"},"interaction":{"idSuffix":"BDI-content"}},"wdio_ui5_key":"etmportal.ui.planningboard.view.detail.Planningsap.m.Button{\"propertyName\":\"text\",\"key\":\"unplan\"}"}]}
RESULT: undefined
COMMAND: POST /session/29c94e7c3de8c8de4e6aab3f7ecf7110/element - {"using":"xpath","value":"//*[@id=\"__button251\"]"}
RESULT: {"using":"xpath","value":"//*[@id=\"__button251\"]"}
COMMAND: POST /session/29c94e7c3de8c8de4e6aab3f7ecf7110/element/f.A8B909B395C19A77638691ECE2720CC3.d.50F23F98BE49D97607B9086538701097.e.9595/click - {}
RESULT: {}
COMMAND: GET /session/29c94e7c3de8c8de4e6aab3f7ecf7110/screenshot - {}
RESULT: {}
COMMAND: POST /session/29c94e7c3de8c8de4e6aab3f7ecf7110/element - {"using":"xpath","value":"//span[contains(@id ,\"clone\")][contains(text(), \"WdIORes2id8bk\")]"}
RESULT: {"using":"xpath","value":"//span[contains(@id ,\"clone\")][contains(text(), \"WdIORes2id8bk\")]"}
COMMAND: POST /session/29c94e7c3de8c8de4e6aab3f7ecf7110/element - {"using":"xpath","value":"//span[contains(@id ,\"clone\")][contains(text(), \"WdIORes2id8bk\")]"}
RESULT: {"using":"xpath","value":"//span[contains(@id ,\"clone\")][contains(text(), \"WdIORes2id8bk\")]"}
COMMAND: POST /session/29c94e7c3de8c8de4e6aab3f7ecf7110/element - {"using":"xpath","value":"//span[contains(@id ,\"clone\")][contains(text(), \"WdIORes1jv3oj\")]"}
RESULT: {"using":"xpath","value":"//span[contains(@id ,\"clone\")][contains(text(), \"WdIORes1jv3oj\")]"}
COMMAND: POST /session/29c94e7c3de8c8de4e6aab3f7ecf7110/element/f.A8B909B395C19A77638691ECE2720CC3.d.50F23F98BE49D97607B9086538701097.e.9661/click - {}
RESULT: {}
COMMAND: GET /session/29c94e7c3de8c8de4e6aab3f7ecf7110/screenshot - {}
RESULT: {}
COMMAND: POST /session/29c94e7c3de8c8de4e6aab3f7ecf7110/actions - {"actions":[{"id":"action78","type":"key","parameters":{},"actions":[{"type":"keyDown","value":"î€‡"},{"type":"pause","duration":10},{"type":"keyUp","value":"î€‡"}]}]}
RESULT: {"actions":[{"id":"action78","type":"key","parameters":{},"actions":[{"type":"keyDown","value":"î€‡"},{"type":"pause","duration":10},{"type":"keyUp","value":"î€‡"}]}]}
COMMAND: GET /session/29c94e7c3de8c8de4e6aab3f7ecf7110/screenshot - {}
RESULT: {}
]]></system-out>
    </testcase>
  </testsuite>
  <testsuite timestamp="2025-06-12T16:12:06" time="31.365" tests="1" failures="0" errors="0" skipped="0">
    <properties>
      <property name="specId" value="0" />
      <property name="suiteName" value="Reserve/Unreserve request item via reserve option US139161" />
      <property name="capabilities" value="chrome.137_0_7151_69.windows" />
      <property name="file" value="file:///D:/a/1/s/test/specs/R2C/manage-reservations-view-planning-board.spec.js" />
    </properties>
    <testcase classname="chrome.137_0_7151_69.windows.Reserve/Unreserve_request_item_via_reserve_option_US139161" name="Should open a reservation to verify and edit the details" time="31.363">
      <system-out><![CDATA[
COMMAND: POST /session/29c94e7c3de8c8de4e6aab3f7ecf7110/element - {"using":"xpath","value":"//button[contains(@data-kt, \"editButton\")]"}
RESULT: {"using":"xpath","value":"//button[contains(@data-kt, \"editButton\")]"}
COMMAND: POST /session/29c94e7c3de8c8de4e6aab3f7ecf7110/execute/sync - {"script":"<script> [8489 bytes]","args":[{"element-6066-11e4-a52e-4f735466cecf":"f.A8B909B395C19A77638691ECE2720CC3.d.50F23F98BE49D97607B9086538701097.e.9697","ELEMENT":"f.A8B909B395C19A77638691ECE2720CC3.d.50F23F98BE49D97607B9086538701097.e.9697"}]}
RESULT: {"script":"<script> [8489 bytes]","args":[{"element-6066-11e4-a52e-4f735466cecf":"f.A8B909B395C19A77638691ECE2720CC3.d.50F23F98BE49D97607B9086538701097.e.9697","ELEMENT":"f.A8B909B395C19A77638691ECE2720CC3.d.50F23F98BE49D97607B9086538701097.e.9697"}]}
COMMAND: POST /session/29c94e7c3de8c8de4e6aab3f7ecf7110/element - {"using":"xpath","value":"//button[contains(@data-kt, \"unplanButton\")]"}
COMMAND: GET /session/29c94e7c3de8c8de4e6aab3f7ecf7110/screenshot - {}
RESULT: {"using":"xpath","value":"//button[contains(@data-kt, \"unplanButton\")]"}
COMMAND: POST /session/29c94e7c3de8c8de4e6aab3f7ecf7110/execute/sync - {"script":"<script> [8489 bytes]","args":[{"element-6066-11e4-a52e-4f735466cecf":"f.A8B909B395C19A77638691ECE2720CC3.d.50F23F98BE49D97607B9086538701097.e.9713","ELEMENT":"f.A8B909B395C19A77638691ECE2720CC3.d.50F23F98BE49D97607B9086538701097.e.9713"}]}
RESULT: {}
RESULT: {"script":"<script> [8489 bytes]","args":[{"element-6066-11e4-a52e-4f735466cecf":"f.A8B909B395C19A77638691ECE2720CC3.d.50F23F98BE49D97607B9086538701097.e.9713","ELEMENT":"f.A8B909B395C19A77638691ECE2720CC3.d.50F23F98BE49D97607B9086538701097.e.9713"}]}
COMMAND: POST /session/29c94e7c3de8c8de4e6aab3f7ecf7110/element - {"using":"xpath","value":"//button[contains(@data-kt, \"editButton\")]"}
COMMAND: GET /session/29c94e7c3de8c8de4e6aab3f7ecf7110/screenshot - {}
RESULT: {"using":"xpath","value":"//button[contains(@data-kt, \"editButton\")]"}
COMMAND: POST /session/29c94e7c3de8c8de4e6aab3f7ecf7110/element/f.A8B909B395C19A77638691ECE2720CC3.d.50F23F98BE49D97607B9086538701097.e.9697/click - {}
RESULT: {}
RESULT: {}
COMMAND: POST /session/29c94e7c3de8c8de4e6aab3f7ecf7110/element - {"using":"xpath","value":"(//input[contains(@id ,\"picker\")][contains(@aria-roledescription ,\"Date Input\")])[4]"}
COMMAND: GET /session/29c94e7c3de8c8de4e6aab3f7ecf7110/screenshot - {}
RESULT: {"using":"xpath","value":"(//input[contains(@id ,\"picker\")][contains(@aria-roledescription ,\"Date Input\")])[4]"}
COMMAND: POST /session/29c94e7c3de8c8de4e6aab3f7ecf7110/element/f.A8B909B395C19A77638691ECE2720CC3.d.50F23F98BE49D97607B9086538701097.e.9681/clear - {}
RESULT: {}
RESULT: {}
COMMAND: POST /session/29c94e7c3de8c8de4e6aab3f7ecf7110/element/f.A8B909B395C19A77638691ECE2720CC3.d.50F23F98BE49D97607B9086538701097.e.9681/value - {"text":"6/14/25"}
COMMAND: GET /session/29c94e7c3de8c8de4e6aab3f7ecf7110/screenshot - {}
RESULT: {"text":"6/14/25"}
COMMAND: GET /session/29c94e7c3de8c8de4e6aab3f7ecf7110/screenshot - {}
RESULT: {}
RESULT: {}
COMMAND: POST /session/29c94e7c3de8c8de4e6aab3f7ecf7110/element - {"using":"xpath","value":"//bdi[contains(text(), \"Save\")]"}
RESULT: {"using":"xpath","value":"//bdi[contains(text(), \"Save\")]"}
COMMAND: POST /session/29c94e7c3de8c8de4e6aab3f7ecf7110/element/f.A8B909B395C19A77638691ECE2720CC3.d.50F23F98BE49D97607B9086538701097.e.9736/click - {}
RESULT: {}
COMMAND: GET /session/29c94e7c3de8c8de4e6aab3f7ecf7110/screenshot - {}
RESULT: {}
COMMAND: POST /session/29c94e7c3de8c8de4e6aab3f7ecf7110/element - {"using":"xpath","value":"(//input[contains(@id ,\"picker\")][contains(@aria-roledescription ,\"Date Input\")])[4]"}
RESULT: {"using":"xpath","value":"(//input[contains(@id ,\"picker\")][contains(@aria-roledescription ,\"Date Input\")])[4]"}
COMMAND: GET /session/29c94e7c3de8c8de4e6aab3f7ecf7110/element/f.A8B909B395C19A77638691ECE2720CC3.d.50F23F98BE49D97607B9086538701097.e.9681/property/value - {}
RESULT: {}
COMMAND: GET /session/29c94e7c3de8c8de4e6aab3f7ecf7110/screenshot - {}
RESULT: {}
COMMAND: POST /session/29c94e7c3de8c8de4e6aab3f7ecf7110/element - {"using":"xpath","value":"//bdi[contains(text(), \"Unplan\")]"}
RESULT: {"using":"xpath","value":"//bdi[contains(text(), \"Unplan\")]"}
COMMAND: POST /session/29c94e7c3de8c8de4e6aab3f7ecf7110/element/f.A8B909B395C19A77638691ECE2720CC3.d.50F23F98BE49D97607B9086538701097.e.9752/click - {}
RESULT: {}
COMMAND: GET /session/29c94e7c3de8c8de4e6aab3f7ecf7110/screenshot - {}
RESULT: {}
COMMAND: POST /session/29c94e7c3de8c8de4e6aab3f7ecf7110/element - {"using":"css selector","value":"#shell-header-logo"}
RESULT: {"using":"css selector","value":"#shell-header-logo"}
COMMAND: POST /session/29c94e7c3de8c8de4e6aab3f7ecf7110/element/f.A8B909B395C19A77638691ECE2720CC3.d.50F23F98BE49D97607B9086538701097.e.8409/click - {}
RESULT: {}
COMMAND: GET /session/29c94e7c3de8c8de4e6aab3f7ecf7110/screenshot - {}
RESULT: {}
]]></system-out>
    </testcase>
  </testsuite>
  <testsuite timestamp="2025-06-12T16:12:37" time="441.929" tests="4" failures="0" errors="0" skipped="0">
    <properties>
      <property name="specId" value="0" />
      <property name="suiteName" value="Process request items into an existing quotation US120163" />
      <property name="capabilities" value="chrome.137_0_7151_69.windows" />
      <property name="file" value="file:///D:/a/1/s/test/specs/R2C/process-request-items-into-existing-quotation.spec.js" />
    </properties>
    <testcase classname="chrome.137_0_7151_69.windows.Process_request_items_into_an_existing_quotation_US120163" name="Should create a new quotation" time="100.877">
      <system-out><![CDATA[
COMMAND: POST /session/29c94e7c3de8c8de4e6aab3f7ecf7110/execute/async - {"script":"<script> [1562 bytes]","args":[{"selector":{"controlType":"sap.m.GenericTile","properties":{"header":"Manage Quotations"}},"wdio_ui5_key":"sapm.GenericTile{\"header\":\"Manage Quotations\"}"}]}
RESULT: {"script":"<script> [1562 bytes]","args":[{"selector":{"controlType":"sap.m.GenericTile","properties":{"header":"Manage Quotations"}},"wdio_ui5_key":"sapm.GenericTile{\"header\":\"Manage Quotations\"}"}]}
RESULT: undefined
COMMAND: POST /session/29c94e7c3de8c8de4e6aab3f7ecf7110/element - {"using":"xpath","value":"//*[@id=\"__tile134\"]"}
RESULT: {"using":"xpath","value":"//*[@id=\"__tile134\"]"}
COMMAND: POST /session/29c94e7c3de8c8de4e6aab3f7ecf7110/element/f.A8B909B395C19A77638691ECE2720CC3.d.50F23F98BE49D97607B9086538701097.e.9806/click - {}
RESULT: {}
COMMAND: GET /session/29c94e7c3de8c8de4e6aab3f7ecf7110/screenshot - {}
RESULT: {}
COMMAND: POST /session/29c94e7c3de8c8de4e6aab3f7ecf7110/elements - {"using":"xpath","value":"//span[text()='Error']"}
RESULT: {"using":"xpath","value":"//span[text()='Error']"}
COMMAND: POST /session/29c94e7c3de8c8de4e6aab3f7ecf7110/element - {"using":"xpath","value":"//button[contains(@title ,\"Add New Contract\")]"}
RESULT: {"using":"xpath","value":"//button[contains(@title ,\"Add New Contract\")]"}
COMMAND: POST /session/29c94e7c3de8c8de4e6aab3f7ecf7110/element/f.A8B909B395C19A77638691ECE2720CC3.d.50F23F98BE49D97607B9086538701097.e.9846/click - {}
RESULT: {}
COMMAND: GET /session/29c94e7c3de8c8de4e6aab3f7ecf7110/screenshot - {}
RESULT: {}
COMMAND: POST /session/29c94e7c3de8c8de4e6aab3f7ecf7110/element - {"using":"xpath","value":"//input[contains(@id ,\"application-managequotations-display-component---AddNewContract--projectDescription-inner\")]"}
RESULT: {"using":"xpath","value":"//input[contains(@id ,\"application-managequotations-display-component---AddNewContract--projectDescription-inner\")]"}
COMMAND: POST /session/29c94e7c3de8c8de4e6aab3f7ecf7110/element/f.A8B909B395C19A77638691ECE2720CC3.d.50F23F98BE49D97607B9086538701097.e.10111/value - {"text":"WdIOQuotationfar1u"}
RESULT: {"text":"WdIOQuotationfar1u"}
COMMAND: GET /session/29c94e7c3de8c8de4e6aab3f7ecf7110/screenshot - {}
RESULT: {}
COMMAND: POST /session/29c94e7c3de8c8de4e6aab3f7ecf7110/element - {"using":"xpath","value":"//input[contains(@id ,\"application-managequotations-display-component---AddNewContract--yardId-inner\")]"}
RESULT: {"using":"xpath","value":"//input[contains(@id ,\"application-managequotations-display-component---AddNewContract--yardId-inner\")]"}
COMMAND: POST /session/29c94e7c3de8c8de4e6aab3f7ecf7110/element/f.A8B909B395C19A77638691ECE2720CC3.d.50F23F98BE49D97607B9086538701097.e.10114/value - {"text":"WebdriverYardrpieg"}
RESULT: {"text":"WebdriverYardrpieg"}
COMMAND: GET /session/29c94e7c3de8c8de4e6aab3f7ecf7110/screenshot - {}
RESULT: {}
COMMAND: POST /session/29c94e7c3de8c8de4e6aab3f7ecf7110/actions - {"actions":[{"id":"action79","type":"key","parameters":{},"actions":[{"type":"keyDown","value":"î€‡"},{"type":"pause","duration":10},{"type":"keyUp","value":"î€‡"}]}]}
RESULT: {"actions":[{"id":"action79","type":"key","parameters":{},"actions":[{"type":"keyDown","value":"î€‡"},{"type":"pause","duration":10},{"type":"keyUp","value":"î€‡"}]}]}
COMMAND: GET /session/29c94e7c3de8c8de4e6aab3f7ecf7110/screenshot - {}
RESULT: {}
COMMAND: POST /session/29c94e7c3de8c8de4e6aab3f7ecf7110/element - {"using":"xpath","value":"//input[contains(@id ,\"application-managequotations-display-component---AddNewContract--customerSelect-inner\")]"}
RESULT: {"using":"xpath","value":"//input[contains(@id ,\"application-managequotations-display-component---AddNewContract--customerSelect-inner\")]"}
COMMAND: POST /session/29c94e7c3de8c8de4e6aab3f7ecf7110/element/f.A8B909B395C19A77638691ECE2720CC3.d.50F23F98BE49D97607B9086538701097.e.10112/value - {"text":"WebdriverPartner89mcp"}
RESULT: {"text":"WebdriverPartner89mcp"}
COMMAND: GET /session/29c94e7c3de8c8de4e6aab3f7ecf7110/screenshot - {}
RESULT: {}
COMMAND: POST /session/29c94e7c3de8c8de4e6aab3f7ecf7110/actions - {"actions":[{"id":"action80","type":"key","parameters":{},"actions":[{"type":"keyDown","value":"î€‡"},{"type":"pause","duration":10},{"type":"keyUp","value":"î€‡"}]}]}
RESULT: {"actions":[{"id":"action80","type":"key","parameters":{},"actions":[{"type":"keyDown","value":"î€‡"},{"type":"pause","duration":10},{"type":"keyUp","value":"î€‡"}]}]}
COMMAND: GET /session/29c94e7c3de8c8de4e6aab3f7ecf7110/screenshot - {}
RESULT: {}
COMMAND: POST /session/29c94e7c3de8c8de4e6aab3f7ecf7110/element - {"using":"xpath","value":"//input[contains(@id ,\"application-managequotations-display-component---AddNewContract--site-inner\")]"}
RESULT: {"using":"xpath","value":"//input[contains(@id ,\"application-managequotations-display-component---AddNewContract--site-inner\")]"}
COMMAND: POST /session/29c94e7c3de8c8de4e6aab3f7ecf7110/element/f.A8B909B395C19A77638691ECE2720CC3.d.50F23F98BE49D97607B9086538701097.e.10113/value - {"text":"WebdriverSitezdv7v"}
RESULT: {"text":"WebdriverSitezdv7v"}
COMMAND: GET /session/29c94e7c3de8c8de4e6aab3f7ecf7110/screenshot - {}
RESULT: {}
COMMAND: POST /session/29c94e7c3de8c8de4e6aab3f7ecf7110/actions - {"actions":[{"id":"action81","type":"key","parameters":{},"actions":[{"type":"keyDown","value":"î€‡"},{"type":"pause","duration":10},{"type":"keyUp","value":"î€‡"}]}]}
RESULT: {"actions":[{"id":"action81","type":"key","parameters":{},"actions":[{"type":"keyDown","value":"î€‡"},{"type":"pause","duration":10},{"type":"keyUp","value":"î€‡"}]}]}
COMMAND: GET /session/29c94e7c3de8c8de4e6aab3f7ecf7110/screenshot - {}
RESULT: {}
COMMAND: POST /session/29c94e7c3de8c8de4e6aab3f7ecf7110/element - {"using":"xpath","value":"//bdi[contains(text(), \"Save\")]"}
RESULT: {"using":"xpath","value":"//bdi[contains(text(), \"Save\")]"}
COMMAND: POST /session/29c94e7c3de8c8de4e6aab3f7ecf7110/element/f.A8B909B395C19A77638691ECE2720CC3.d.50F23F98BE49D97607B9086538701097.e.10200/click - {}
RESULT: {}
COMMAND: GET /session/29c94e7c3de8c8de4e6aab3f7ecf7110/screenshot - {}
RESULT: {}
COMMAND: POST /session/29c94e7c3de8c8de4e6aab3f7ecf7110/element - {"using":"css selector","value":"#shell-header-logo"}
RESULT: {"using":"css selector","value":"#shell-header-logo"}
COMMAND: POST /session/29c94e7c3de8c8de4e6aab3f7ecf7110/element/f.A8B909B395C19A77638691ECE2720CC3.d.50F23F98BE49D97607B9086538701097.e.9808/click - {}
RESULT: {}
COMMAND: GET /session/29c94e7c3de8c8de4e6aab3f7ecf7110/screenshot - {}
RESULT: {}
COMMAND: POST /session/29c94e7c3de8c8de4e6aab3f7ecf7110/refresh - {}
RESULT: {}
COMMAND: GET /session/29c94e7c3de8c8de4e6aab3f7ecf7110/screenshot - {}
RESULT: {}
COMMAND: POST /session/29c94e7c3de8c8de4e6aab3f7ecf7110/execute/async - {"script":"<script> [189 bytes]","args":[]}
RESULT: {"script":"<script> [189 bytes]","args":[]}
COMMAND: POST /session/29c94e7c3de8c8de4e6aab3f7ecf7110/execute/async - {"script":"<script> [123 bytes]","args":[]}
RESULT: {"script":"<script> [123 bytes]","args":[]}
COMMAND: POST /session/29c94e7c3de8c8de4e6aab3f7ecf7110/timeouts - {"script":"<number>"}
RESULT: {"script":"<number>"}
COMMAND: GET /session/29c94e7c3de8c8de4e6aab3f7ecf7110/timeouts - {}
RESULT: {}
RESULT: undefined
COMMAND: POST /session/29c94e7c3de8c8de4e6aab3f7ecf7110/execute/async - {"script":"<script> [2676 bytes]","args":[]}
RESULT: {"script":"<script> [2676 bytes]","args":[]}
COMMAND: POST /session/29c94e7c3de8c8de4e6aab3f7ecf7110/execute/async - {"script":"<script> [2342 bytes]","args":[{"protocol":"http","hostname":"0.0.0.0","path":"/","capabilities":{"browserName":"chrome","goog:chromeOptions":{"binary":"C:\\Program Files\\Google\\Chrome\\Application\\chrome.exe","args":["--start-maximized"]}},"logLevel":"warn","connectionRetryTimeout":120000,"connectionRetryCount":3,"logLevels":{},"enableDirectConnect":true,"strictSSL":true,"_":"65 more keys: [\"cacheDir\",\"port\",\"requestedCapabilities\",\"automationProtocol\",\"baseUrl\",\"waitforInterval\",\"waitforTimeout\",\"onReload\",\"beforeCommand\",\"afterCommand\",\"rootDir\",\"specs\",\"suites\",\"exclude\",\"groupLogsByTestSpec\",\"excludeDriverLogs\",\"bail\",\"framework\",\"reporters\",\"services\",\"maxInstances\",\"maxInstancesPerCapability\",\"injectGlobals\",\"filesToWatch\",\"execArgv\",\"runnerEnv\",\"runner\",\"shard\",\"specFileRetries\",\"specFileRetriesDelay\",\"specFileRetriesDeferred\",\"reporterSyncInterval\",\"reporterSyncTimeout\",\"cucumberFeaturesWithLineNumbers\",\"autoCompileOpts\",\"mochaOpts\",\"jasmineOpts\",\"cucumberOpts\",\"onPrepare\",\"onWorkerStart\",\"onWorkerEnd\",\"before\",\"beforeSession\",\"beforeSuite\",\"beforeHook\",\"beforeTest\",\"afterTest\",\"afterHook\",\"afterSuite\",\"afterSession\",\"after\",\"onComplete\",\"beforeAssertion\",\"afterAssertion\",\"beforeFeature\",\"beforeScenario\",\"beforeStep\",\"afterStep\",\"afterScenario\",\"afterFeature\",\"_\",\"suite\",\"$0\",\"ignoredWorkerServices\",\"wdi5\"]"}]}
RESULT: {"script":"<script> [2342 bytes]","args":[{"protocol":"http","hostname":"0.0.0.0","path":"/","capabilities":{"browserName":"chrome","goog:chromeOptions":{"binary":"C:\\Program Files\\Google\\Chrome\\Application\\chrome.exe","args":["--start-maximized"]}},"logLevel":"warn","connectionRetryTimeout":120000,"connectionRetryCount":3,"logLevels":{},"enableDirectConnect":true,"strictSSL":true,"_":"65 more keys: [\"cacheDir\",\"port\",\"requestedCapabilities\",\"automationProtocol\",\"baseUrl\",\"waitforInterval\",\"waitforTimeout\",\"onReload\",\"beforeCommand\",\"afterCommand\",\"rootDir\",\"specs\",\"suites\",\"exclude\",\"groupLogsByTestSpec\",\"excludeDriverLogs\",\"bail\",\"framework\",\"reporters\",\"services\",\"maxInstances\",\"maxInstancesPerCapability\",\"injectGlobals\",\"filesToWatch\",\"execArgv\",\"runnerEnv\",\"runner\",\"shard\",\"specFileRetries\",\"specFileRetriesDelay\",\"specFileRetriesDeferred\",\"reporterSyncInterval\",\"reporterSyncTimeout\",\"cucumberFeaturesWithLineNumbers\",\"autoCompileOpts\",\"mochaOpts\",\"jasmineOpts\",\"cucumberOpts\",\"onPrepare\",\"onWorkerStart\",\"onWorkerEnd\",\"before\",\"beforeSession\",\"beforeSuite\",\"beforeHook\",\"beforeTest\",\"afterTest\",\"afterHook\",\"afterSuite\",\"afterSession\",\"after\",\"onComplete\",\"beforeAssertion\",\"afterAssertion\",\"beforeFeature\",\"beforeScenario\",\"beforeStep\",\"afterStep\",\"afterScenario\",\"afterFeature\",\"_\",\"suite\",\"$0\",\"ignoredWorkerServices\",\"wdi5\"]"}]}
COMMAND: POST /session/29c94e7c3de8c8de4e6aab3f7ecf7110/execute/async - {"script":"<script> [21126 bytes]","args":[35000]}
RESULT: {"script":"<script> [21126 bytes]","args":[35000]}
]]></system-out>
    </testcase>
    <testcase classname="chrome.137_0_7151_69.windows.Process_request_items_into_an_existing_quotation_US120163" name="Should create a new request with catalog items and plan it" time="230.503">
      <system-out><![CDATA[
COMMAND: POST /session/29c94e7c3de8c8de4e6aab3f7ecf7110/execute/async - {"script":"<script> [1562 bytes]","args":[{"selector":{"controlType":"sap.m.GenericTile","properties":{"header":"Manage Requests"}},"wdio_ui5_key":"sapm.GenericTile{\"header\":\"Manage Requests\"}"}]}
RESULT: {"script":"<script> [1562 bytes]","args":[{"selector":{"controlType":"sap.m.GenericTile","properties":{"header":"Manage Requests"}},"wdio_ui5_key":"sapm.GenericTile{\"header\":\"Manage Requests\"}"}]}
RESULT: undefined
COMMAND: POST /session/29c94e7c3de8c8de4e6aab3f7ecf7110/element - {"using":"xpath","value":"//*[@id=\"__tile48\"]"}
RESULT: {"using":"xpath","value":"//*[@id=\"__tile48\"]"}
COMMAND: POST /session/29c94e7c3de8c8de4e6aab3f7ecf7110/element/f.A8B909B395C19A77638691ECE2720CC3.d.8A690C2A19B94D6B45F394C943AFA628.e.10289/click - {}
RESULT: {}
COMMAND: GET /session/29c94e7c3de8c8de4e6aab3f7ecf7110/screenshot - {}
RESULT: {}
COMMAND: POST /session/29c94e7c3de8c8de4e6aab3f7ecf7110/elements - {"using":"xpath","value":"//span[text()='Error']"}
RESULT: {"using":"xpath","value":"//span[text()='Error']"}
COMMAND: POST /session/29c94e7c3de8c8de4e6aab3f7ecf7110/element - {"using":"xpath","value":"(//span[contains(@class ,\"sapMObjStatusText\")])[1]"}
RESULT: {"using":"xpath","value":"(//span[contains(@class ,\"sapMObjStatusText\")])[1]"}
COMMAND: POST /session/29c94e7c3de8c8de4e6aab3f7ecf7110/execute/sync - {"script":"<script> [8489 bytes]","args":[{"element-6066-11e4-a52e-4f735466cecf":"f.A8B909B395C19A77638691ECE2720CC3.d.8A690C2A19B94D6B45F394C943AFA628.e.10382","ELEMENT":"f.A8B909B395C19A77638691ECE2720CC3.d.8A690C2A19B94D6B45F394C943AFA628.e.10382"}]}
RESULT: {"script":"<script> [8489 bytes]","args":[{"element-6066-11e4-a52e-4f735466cecf":"f.A8B909B395C19A77638691ECE2720CC3.d.8A690C2A19B94D6B45F394C943AFA628.e.10382","ELEMENT":"f.A8B909B395C19A77638691ECE2720CC3.d.8A690C2A19B94D6B45F394C943AFA628.e.10382"}]}
COMMAND: POST /session/29c94e7c3de8c8de4e6aab3f7ecf7110/element - {"using":"xpath","value":"//button[contains(@data-kt ,\"btnCreateNewOverflowToolbarButton\")]"}
COMMAND: GET /session/29c94e7c3de8c8de4e6aab3f7ecf7110/screenshot - {}
RESULT: {"using":"xpath","value":"//button[contains(@data-kt ,\"btnCreateNewOverflowToolbarButton\")]"}
COMMAND: POST /session/29c94e7c3de8c8de4e6aab3f7ecf7110/element/f.A8B909B395C19A77638691ECE2720CC3.d.8A690C2A19B94D6B45F394C943AFA628.e.10345/click - {}
RESULT: {}
RESULT: {}
COMMAND: GET /session/29c94e7c3de8c8de4e6aab3f7ecf7110/screenshot - {}
RESULT: {}
COMMAND: POST /session/29c94e7c3de8c8de4e6aab3f7ecf7110/element - {"using":"xpath","value":"//input[contains(@id ,\"yardId-inner\")]"}
RESULT: {"using":"xpath","value":"//input[contains(@id ,\"yardId-inner\")]"}
COMMAND: POST /session/29c94e7c3de8c8de4e6aab3f7ecf7110/execute/sync - {"script":"<script> [8489 bytes]","args":[{"element-6066-11e4-a52e-4f735466cecf":"f.A8B909B395C19A77638691ECE2720CC3.d.8A690C2A19B94D6B45F394C943AFA628.e.10484","ELEMENT":"f.A8B909B395C19A77638691ECE2720CC3.d.8A690C2A19B94D6B45F394C943AFA628.e.10484"}]}
RESULT: {"script":"<script> [8489 bytes]","args":[{"element-6066-11e4-a52e-4f735466cecf":"f.A8B909B395C19A77638691ECE2720CC3.d.8A690C2A19B94D6B45F394C943AFA628.e.10484","ELEMENT":"f.A8B909B395C19A77638691ECE2720CC3.d.8A690C2A19B94D6B45F394C943AFA628.e.10484"}]}
COMMAND: POST /session/29c94e7c3de8c8de4e6aab3f7ecf7110/element - {"using":"xpath","value":"//input[contains(@id ,\"yardId-inner\")]"}
COMMAND: GET /session/29c94e7c3de8c8de4e6aab3f7ecf7110/screenshot - {}
RESULT: {"using":"xpath","value":"//input[contains(@id ,\"yardId-inner\")]"}
COMMAND: GET /session/29c94e7c3de8c8de4e6aab3f7ecf7110/element/f.A8B909B395C19A77638691ECE2720CC3.d.8A690C2A19B94D6B45F394C943AFA628.e.10484/enabled - {}
RESULT: {}
RESULT: {}
COMMAND: POST /session/29c94e7c3de8c8de4e6aab3f7ecf7110/element/f.A8B909B395C19A77638691ECE2720CC3.d.8A690C2A19B94D6B45F394C943AFA628.e.10484/clear - {}
COMMAND: GET /session/29c94e7c3de8c8de4e6aab3f7ecf7110/screenshot - {}
RESULT: {}
COMMAND: POST /session/29c94e7c3de8c8de4e6aab3f7ecf7110/element/f.A8B909B395C19A77638691ECE2720CC3.d.8A690C2A19B94D6B45F394C943AFA628.e.10484/value - {"text":"WebdriverYardrpieg"}
COMMAND: GET /session/29c94e7c3de8c8de4e6aab3f7ecf7110/screenshot - {}
RESULT: {}
RESULT: {"text":"WebdriverYardrpieg"}
COMMAND: GET /session/29c94e7c3de8c8de4e6aab3f7ecf7110/screenshot - {}
RESULT: {}
RESULT: {}
COMMAND: POST /session/29c94e7c3de8c8de4e6aab3f7ecf7110/actions - {"actions":[{"id":"action82","type":"key","parameters":{},"actions":[{"type":"keyDown","value":"î€‡"},{"type":"pause","duration":10},{"type":"keyUp","value":"î€‡"}]}]}
RESULT: {"actions":[{"id":"action82","type":"key","parameters":{},"actions":[{"type":"keyDown","value":"î€‡"},{"type":"pause","duration":10},{"type":"keyUp","value":"î€‡"}]}]}
COMMAND: GET /session/29c94e7c3de8c8de4e6aab3f7ecf7110/screenshot - {}
RESULT: {}
COMMAND: POST /session/29c94e7c3de8c8de4e6aab3f7ecf7110/element - {"using":"xpath","value":"//input[contains(@id ,\"customerNumber-inner\")]"}
RESULT: {"using":"xpath","value":"//input[contains(@id ,\"customerNumber-inner\")]"}
COMMAND: POST /session/29c94e7c3de8c8de4e6aab3f7ecf7110/element/f.A8B909B395C19A77638691ECE2720CC3.d.8A690C2A19B94D6B45F394C943AFA628.e.10478/value - {"text":"WebdriverPartner89mcp"}
RESULT: {"text":"WebdriverPartner89mcp"}
COMMAND: GET /session/29c94e7c3de8c8de4e6aab3f7ecf7110/screenshot - {}
RESULT: {}
COMMAND: POST /session/29c94e7c3de8c8de4e6aab3f7ecf7110/actions - {"actions":[{"id":"action83","type":"key","parameters":{},"actions":[{"type":"keyDown","value":"î€‡"},{"type":"pause","duration":10},{"type":"keyUp","value":"î€‡"}]}]}
RESULT: {"actions":[{"id":"action83","type":"key","parameters":{},"actions":[{"type":"keyDown","value":"î€‡"},{"type":"pause","duration":10},{"type":"keyUp","value":"î€‡"}]}]}
COMMAND: GET /session/29c94e7c3de8c8de4e6aab3f7ecf7110/screenshot - {}
RESULT: {}
COMMAND: GET /session/29c94e7c3de8c8de4e6aab3f7ecf7110/element/f.A8B909B395C19A77638691ECE2720CC3.d.8A690C2A19B94D6B45F394C943AFA628.e.10478/property/value - {}
RESULT: {}
COMMAND: POST /session/29c94e7c3de8c8de4e6aab3f7ecf7110/element/f.A8B909B395C19A77638691ECE2720CC3.d.8A690C2A19B94D6B45F394C943AFA628.e.10478/value - {"text":"WebdriverPartner89mcp"}
COMMAND: GET /session/29c94e7c3de8c8de4e6aab3f7ecf7110/screenshot - {}
RESULT: {"text":"WebdriverPartner89mcp"}
COMMAND: GET /session/29c94e7c3de8c8de4e6aab3f7ecf7110/screenshot - {}
RESULT: {}
RESULT: {}
COMMAND: POST /session/29c94e7c3de8c8de4e6aab3f7ecf7110/actions - {"actions":[{"id":"action84","type":"key","parameters":{},"actions":[{"type":"keyDown","value":"î€‡"},{"type":"pause","duration":10},{"type":"keyUp","value":"î€‡"}]}]}
RESULT: {"actions":[{"id":"action84","type":"key","parameters":{},"actions":[{"type":"keyDown","value":"î€‡"},{"type":"pause","duration":10},{"type":"keyUp","value":"î€‡"}]}]}
COMMAND: GET /session/29c94e7c3de8c8de4e6aab3f7ecf7110/screenshot - {}
RESULT: {}
COMMAND: POST /session/29c94e7c3de8c8de4e6aab3f7ecf7110/element - {"using":"xpath","value":"//input[contains(@id ,\"requestSiteId-inner\")]"}
RESULT: {"using":"xpath","value":"//input[contains(@id ,\"requestSiteId-inner\")]"}
COMMAND: POST /session/29c94e7c3de8c8de4e6aab3f7ecf7110/element/f.A8B909B395C19A77638691ECE2720CC3.d.8A690C2A19B94D6B45F394C943AFA628.e.10477/value - {"text":"WebdriverSitezdv7v"}
RESULT: {"text":"WebdriverSitezdv7v"}
COMMAND: GET /session/29c94e7c3de8c8de4e6aab3f7ecf7110/screenshot - {}
RESULT: {}
COMMAND: POST /session/29c94e7c3de8c8de4e6aab3f7ecf7110/actions - {"actions":[{"id":"action85","type":"key","parameters":{},"actions":[{"type":"keyDown","value":"î€‡"},{"type":"pause","duration":10},{"type":"keyUp","value":"î€‡"}]}]}
RESULT: {"actions":[{"id":"action85","type":"key","parameters":{},"actions":[{"type":"keyDown","value":"î€‡"},{"type":"pause","duration":10},{"type":"keyUp","value":"î€‡"}]}]}
COMMAND: GET /session/29c94e7c3de8c8de4e6aab3f7ecf7110/screenshot - {}
RESULT: {}
COMMAND: POST /session/29c94e7c3de8c8de4e6aab3f7ecf7110/element - {"using":"xpath","value":"//button[contains(@data-kt ,\"requestItemAddOverflowToolbarButton\")]"}
RESULT: {"using":"xpath","value":"//button[contains(@data-kt ,\"requestItemAddOverflowToolbarButton\")]"}
COMMAND: POST /session/29c94e7c3de8c8de4e6aab3f7ecf7110/element/f.A8B909B395C19A77638691ECE2720CC3.d.8A690C2A19B94D6B45F394C943AFA628.e.10643/click - {}
RESULT: {}
COMMAND: GET /session/29c94e7c3de8c8de4e6aab3f7ecf7110/screenshot - {}
RESULT: {}
COMMAND: POST /session/29c94e7c3de8c8de4e6aab3f7ecf7110/actions - {"actions":[{"id":"action86","type":"key","parameters":{},"actions":[{"type":"keyDown","value":"î€•"},{"type":"pause","duration":10},{"type":"keyUp","value":"î€•"}]}]}
RESULT: {"actions":[{"id":"action86","type":"key","parameters":{},"actions":[{"type":"keyDown","value":"î€•"},{"type":"pause","duration":10},{"type":"keyUp","value":"î€•"}]}]}
COMMAND: POST /session/29c94e7c3de8c8de4e6aab3f7ecf7110/actions - {"actions":[{"id":"action87","type":"key","parameters":{},"actions":[{"type":"keyDown","value":"î€‡"},{"type":"pause","duration":10},{"type":"keyUp","value":"î€‡"}]}]}
COMMAND: GET /session/29c94e7c3de8c8de4e6aab3f7ecf7110/screenshot - {}
RESULT: {"actions":[{"id":"action87","type":"key","parameters":{},"actions":[{"type":"keyDown","value":"î€‡"},{"type":"pause","duration":10},{"type":"keyUp","value":"î€‡"}]}]}
COMMAND: GET /session/29c94e7c3de8c8de4e6aab3f7ecf7110/screenshot - {}
RESULT: {}
RESULT: {}
COMMAND: POST /session/29c94e7c3de8c8de4e6aab3f7ecf7110/element - {"using":"xpath","value":"(//input[contains(@id ,\"requestItemsTable-0-inner\")])[1]"}
RESULT: {"using":"xpath","value":"(//input[contains(@id ,\"requestItemsTable-0-inner\")])[1]"}
COMMAND: POST /session/29c94e7c3de8c8de4e6aab3f7ecf7110/element/f.A8B909B395C19A77638691ECE2720CC3.d.8A690C2A19B94D6B45F394C943AFA628.e.10647/clear - {}
RESULT: {}
COMMAND: POST /session/29c94e7c3de8c8de4e6aab3f7ecf7110/element/f.A8B909B395C19A77638691ECE2720CC3.d.8A690C2A19B94D6B45F394C943AFA628.e.10647/value - {"text":"catalogItemad2y8"}
COMMAND: GET /session/29c94e7c3de8c8de4e6aab3f7ecf7110/screenshot - {}
RESULT: {"text":"catalogItemad2y8"}
COMMAND: GET /session/29c94e7c3de8c8de4e6aab3f7ecf7110/screenshot - {}
RESULT: {}
RESULT: {}
COMMAND: POST /session/29c94e7c3de8c8de4e6aab3f7ecf7110/actions - {"actions":[{"id":"action88","type":"key","parameters":{},"actions":[{"type":"keyDown","value":"î€‡"},{"type":"pause","duration":10},{"type":"keyUp","value":"î€‡"}]}]}
RESULT: {"actions":[{"id":"action88","type":"key","parameters":{},"actions":[{"type":"keyDown","value":"î€‡"},{"type":"pause","duration":10},{"type":"keyUp","value":"î€‡"}]}]}
COMMAND: GET /session/29c94e7c3de8c8de4e6aab3f7ecf7110/screenshot - {}
RESULT: {}
COMMAND: POST /session/29c94e7c3de8c8de4e6aab3f7ecf7110/execute/async - {"script":"<script> [1562 bytes]","args":[{"selector":{"controlType":"sap.ui.core.Icon","viewName":"etm.portal.ui.managerequests.view.NewRequest","properties":{"src":{"regex":{"source":"slim\\-arrow\\-down"}}},"ancestor":{"controlType":"sap.m.Button","viewName":"etm.portal.ui.managerequests.view.NewRequest","properties":{"icon":"sap-icon://slim-arrow-down"}}},"wdio_ui5_key":"etmportal.ui.managerequests.view.NewRequestsap.ui.core.Icon{\"src\":{\"regex\":{\"source\":\"slim\\\\-arrow\\\\-down\"}}}{\"controlType\":\"sap.m.Button\",\"viewName\":\"etm.portal.ui.managerequests.view.NewRequest\",\"properties\":{\"icon\":\"sap-icon://slim-arrow-down\"}}"}]}
RESULT: {"script":"<script> [1562 bytes]","args":[{"selector":{"controlType":"sap.ui.core.Icon","viewName":"etm.portal.ui.managerequests.view.NewRequest","properties":{"src":{"regex":{"source":"slim\\-arrow\\-down"}}},"ancestor":{"controlType":"sap.m.Button","viewName":"etm.portal.ui.managerequests.view.NewRequest","properties":{"icon":"sap-icon://slim-arrow-down"}}},"wdio_ui5_key":"etmportal.ui.managerequests.view.NewRequestsap.ui.core.Icon{\"src\":{\"regex\":{\"source\":\"slim\\\\-arrow\\\\-down\"}}}{\"controlType\":\"sap.m.Button\",\"viewName\":\"etm.portal.ui.managerequests.view.NewRequest\",\"properties\":{\"icon\":\"sap-icon://slim-arrow-down\"}}"}]}
RESULT: undefined
COMMAND: POST /session/29c94e7c3de8c8de4e6aab3f7ecf7110/element - {"using":"xpath","value":"//div[contains(@data-kt ,\"splitAllocationObjectStatus\")]"}
RESULT: {"using":"xpath","value":"//div[contains(@data-kt ,\"splitAllocationObjectStatus\")]"}
COMMAND: POST /session/29c94e7c3de8c8de4e6aab3f7ecf7110/elements - {"using":"xpath","value":"//div[contains(@data-kt ,\"splitAllocationObjectStatus\")]"}
RESULT: {"using":"xpath","value":"//div[contains(@data-kt ,\"splitAllocationObjectStatus\")]"}
COMMAND: POST /session/29c94e7c3de8c8de4e6aab3f7ecf7110/execute/async - {"script":"<script> [1562 bytes]","args":[{"selector":{"controlType":"sap.ui.core.Icon","viewName":"etm.portal.ui.managerequests.view.NewRequest","properties":{"src":{"regex":{"source":"message\\-error"}}}},"wdio_ui5_key":"etmportal.ui.managerequests.view.NewRequestsap.ui.core.Icon{\"src\":{\"regex\":{\"source\":\"message\\\\-error\"}}}"}]}
RESULT: {"script":"<script> [1562 bytes]","args":[{"selector":{"controlType":"sap.ui.core.Icon","viewName":"etm.portal.ui.managerequests.view.NewRequest","properties":{"src":{"regex":{"source":"message\\-error"}}}},"wdio_ui5_key":"etmportal.ui.managerequests.view.NewRequestsap.ui.core.Icon{\"src\":{\"regex\":{\"source\":\"message\\\\-error\"}}}"}]}
RESULT: undefined
COMMAND: POST /session/29c94e7c3de8c8de4e6aab3f7ecf7110/element - {"using":"xpath","value":"//*[@id=\"__status4-__xmlview60--requestItemsTable-0-icon\"]"}
RESULT: {"using":"xpath","value":"//*[@id=\"__status4-__xmlview60--requestItemsTable-0-icon\"]"}
COMMAND: POST /session/29c94e7c3de8c8de4e6aab3f7ecf7110/element/f.A8B909B395C19A77638691ECE2720CC3.d.8A690C2A19B94D6B45F394C943AFA628.e.10661/click - {}
RESULT: {}
COMMAND: POST /session/29c94e7c3de8c8de4e6aab3f7ecf7110/execute/async - {"script":"<script> [1562 bytes]","args":[{"selector":{"controlType":"sap.ui.core.Icon","viewName":"etm.portal.ui.managerequests.view.NewRequest","properties":{"src":{"regex":{"source":"slim\\-arrow\\-down"}}},"searchOpenDialogs":true,"ancestor":{"id":"costObjectAdminTypeComboBox","viewName":"etm.portal.ui.managerequests.view.NewRequest","searchOpenDialogs":true}},"wdio_ui5_key":"etmportal.ui.managerequests.view.NewRequestsap.ui.core.Icon{\"src\":{\"regex\":{\"source\":\"slim\\\\-arrow\\\\-down\"}}}{\"id\":\"costObjectAdminTypeComboBox\",\"viewName\":\"etm.portal.ui.managerequests.view.NewRequest\",\"searchOpenDialogs\":true}"}]}
COMMAND: GET /session/29c94e7c3de8c8de4e6aab3f7ecf7110/screenshot - {}
RESULT: {"script":"<script> [1562 bytes]","args":[{"selector":{"controlType":"sap.ui.core.Icon","viewName":"etm.portal.ui.managerequests.view.NewRequest","properties":{"src":{"regex":{"source":"slim\\-arrow\\-down"}}},"searchOpenDialogs":true,"ancestor":{"id":"costObjectAdminTypeComboBox","viewName":"etm.portal.ui.managerequests.view.NewRequest","searchOpenDialogs":true}},"wdio_ui5_key":"etmportal.ui.managerequests.view.NewRequestsap.ui.core.Icon{\"src\":{\"regex\":{\"source\":\"slim\\\\-arrow\\\\-down\"}}}{\"id\":\"costObjectAdminTypeComboBox\",\"viewName\":\"etm.portal.ui.managerequests.view.NewRequest\",\"searchOpenDialogs\":true}"}]}
RESULT: undefined
COMMAND: POST /session/29c94e7c3de8c8de4e6aab3f7ecf7110/element - {"using":"xpath","value":"//*[@id=\"__xmlview60--costObjectAdminTypeComboBox-arrow\"]"}
RESULT: {}
RESULT: {"using":"xpath","value":"//*[@id=\"__xmlview60--costObjectAdminTypeComboBox-arrow\"]"}
COMMAND: POST /session/29c94e7c3de8c8de4e6aab3f7ecf7110/element/f.A8B909B395C19A77638691ECE2720CC3.d.8A690C2A19B94D6B45F394C943AFA628.e.10666/click - {}
RESULT: {}
COMMAND: POST /session/29c94e7c3de8c8de4e6aab3f7ecf7110/execute/async - {"script":"<script> [1562 bytes]","args":[{"selector":{"controlType":"sap.m.StandardListItem","viewName":"etm.portal.ui.managerequests.view.NewRequest","properties":{"title":"Cost Center"},"searchOpenDialogs":true,"interaction":{"idSuffix":"titleText"}},"wdio_ui5_key":"etmportal.ui.managerequests.view.NewRequestsap.m.StandardListItem{\"title\":\"Cost Center\"}"}]}
COMMAND: GET /session/29c94e7c3de8c8de4e6aab3f7ecf7110/screenshot - {}
RESULT: {"script":"<script> [1562 bytes]","args":[{"selector":{"controlType":"sap.m.StandardListItem","viewName":"etm.portal.ui.managerequests.view.NewRequest","properties":{"title":"Cost Center"},"searchOpenDialogs":true,"interaction":{"idSuffix":"titleText"}},"wdio_ui5_key":"etmportal.ui.managerequests.view.NewRequestsap.m.StandardListItem{\"title\":\"Cost Center\"}"}]}
RESULT: undefined
COMMAND: POST /session/29c94e7c3de8c8de4e6aab3f7ecf7110/element - {"using":"xpath","value":"//*[@id=\"__item301\"]"}
RESULT: {}
RESULT: {"using":"xpath","value":"//*[@id=\"__item301\"]"}
COMMAND: POST /session/29c94e7c3de8c8de4e6aab3f7ecf7110/element/f.A8B909B395C19A77638691ECE2720CC3.d.8A690C2A19B94D6B45F394C943AFA628.e.10668/click - {}
RESULT: {}
COMMAND: GET /session/29c94e7c3de8c8de4e6aab3f7ecf7110/screenshot - {}
RESULT: {}
COMMAND: POST /session/29c94e7c3de8c8de4e6aab3f7ecf7110/execute/async - {"script":"<script> [1562 bytes]","args":[{"selector":{"controlType":"sap.ui.core.Icon","viewName":"etm.portal.ui.managerequests.view.NewRequest","properties":{"src":{"regex":{"source":"value\\-help"}}},"searchOpenDialogs":true},"wdio_ui5_key":"etmportal.ui.managerequests.view.NewRequestsap.ui.core.Icon{\"src\":{\"regex\":{\"source\":\"value\\\\-help\"}}}"}]}
RESULT: {"script":"<script> [1562 bytes]","args":[{"selector":{"controlType":"sap.ui.core.Icon","viewName":"etm.portal.ui.managerequests.view.NewRequest","properties":{"src":{"regex":{"source":"value\\-help"}}},"searchOpenDialogs":true},"wdio_ui5_key":"etmportal.ui.managerequests.view.NewRequestsap.ui.core.Icon{\"src\":{\"regex\":{\"source\":\"value\\\\-help\"}}}"}]}
RESULT: undefined
COMMAND: POST /session/29c94e7c3de8c8de4e6aab3f7ecf7110/element - {"using":"xpath","value":"//*[@id=\"__xmlview60--costObjectIdComboBox-vhi\"]"}
RESULT: {"using":"xpath","value":"//*[@id=\"__xmlview60--costObjectIdComboBox-vhi\"]"}
COMMAND: POST /session/29c94e7c3de8c8de4e6aab3f7ecf7110/element/f.A8B909B395C19A77638691ECE2720CC3.d.8A690C2A19B94D6B45F394C943AFA628.e.10675/click - {}
RESULT: {}
COMMAND: POST /session/29c94e7c3de8c8de4e6aab3f7ecf7110/execute/async - {"script":"<script> [1562 bytes]","args":[{"selector":{"controlType":"sap.m.SearchField","properties":{"placeholder":"Search"},"searchOpenDialogs":true,"interaction":{"idSuffix":"I"}},"wdio_ui5_key":"sapm.SearchField{\"placeholder\":\"Search\"}"}]}
COMMAND: GET /session/29c94e7c3de8c8de4e6aab3f7ecf7110/screenshot - {}
RESULT: {"script":"<script> [1562 bytes]","args":[{"selector":{"controlType":"sap.m.SearchField","properties":{"placeholder":"Search"},"searchOpenDialogs":true,"interaction":{"idSuffix":"I"}},"wdio_ui5_key":"sapm.SearchField{\"placeholder\":\"Search\"}"}]}
RESULT: undefined
COMMAND: POST /session/29c94e7c3de8c8de4e6aab3f7ecf7110/execute/async - {"script":"<script> [776 bytes]","args":[{"enterText":"10001010","selector":{"controlType":"sap.m.SearchField","properties":{"placeholder":"Search"},"searchOpenDialogs":true,"interaction":{"idSuffix":"I"}},"clearTextFirst":true,"interactionType":"ENTER_TEXT"}]}
RESULT: {}
RESULT: {"script":"<script> [776 bytes]","args":[{"enterText":"10001010","selector":{"controlType":"sap.m.SearchField","properties":{"placeholder":"Search"},"searchOpenDialogs":true,"interaction":{"idSuffix":"I"}},"clearTextFirst":true,"interactionType":"ENTER_TEXT"}]}
COMMAND: POST /session/29c94e7c3de8c8de4e6aab3f7ecf7110/actions - {"actions":[{"id":"action89","type":"key","parameters":{},"actions":[{"type":"keyDown","value":"î€‡"},{"type":"pause","duration":10},{"type":"keyUp","value":"î€‡"}]}]}
RESULT: {"actions":[{"id":"action89","type":"key","parameters":{},"actions":[{"type":"keyDown","value":"î€‡"},{"type":"pause","duration":10},{"type":"keyUp","value":"î€‡"}]}]}
COMMAND: GET /session/29c94e7c3de8c8de4e6aab3f7ecf7110/screenshot - {}
RESULT: {}
COMMAND: POST /session/29c94e7c3de8c8de4e6aab3f7ecf7110/execute/async - {"script":"<script> [1562 bytes]","args":[{"selector":{"controlType":"sap.m.Text","bindingPath":{"path":"/C_CostCtrValueHelp(CostCenter='10001010',ControllingArea='Z001')","propertyPath":"CostCenterName","modelName":"CostCenterModel"},"searchOpenDialogs":true},"wdio_ui5_key":"sapm.Text{\"path\":\"/C_CostCtrValueHelp(CostCenter='10001010',ControllingArea='Z001')\",\"propertyPath\":\"CostCenterName\",\"modelName\":\"CostCenterModel\"}"}]}
RESULT: {"script":"<script> [1562 bytes]","args":[{"selector":{"controlType":"sap.m.Text","bindingPath":{"path":"/C_CostCtrValueHelp(CostCenter='10001010',ControllingArea='Z001')","propertyPath":"CostCenterName","modelName":"CostCenterModel"},"searchOpenDialogs":true},"wdio_ui5_key":"sapm.Text{\"path\":\"/C_CostCtrValueHelp(CostCenter='10001010',ControllingArea='Z001')\",\"propertyPath\":\"CostCenterName\",\"modelName\":\"CostCenterModel\"}"}]}
RESULT: undefined
COMMAND: POST /session/29c94e7c3de8c8de4e6aab3f7ecf7110/element - {"using":"xpath","value":"//*[@id=\"__text289-__clone375\"]"}
RESULT: {"using":"xpath","value":"//*[@id=\"__text289-__clone375\"]"}
COMMAND: POST /session/29c94e7c3de8c8de4e6aab3f7ecf7110/element/f.A8B909B395C19A77638691ECE2720CC3.d.8A690C2A19B94D6B45F394C943AFA628.e.10714/click - {}
RESULT: {}
COMMAND: POST /session/29c94e7c3de8c8de4e6aab3f7ecf7110/execute/async - {"script":"<script> [1562 bytes]","args":[{"selector":{"controlType":"sap.m.Button","properties":{"text":"OK"},"searchOpenDialogs":true,"interaction":{"idSuffix":"BDI-content"}},"wdio_ui5_key":"sapm.Button{\"text\":\"OK\"}"}]}
COMMAND: GET /session/29c94e7c3de8c8de4e6aab3f7ecf7110/screenshot - {}
RESULT: {"script":"<script> [1562 bytes]","args":[{"selector":{"controlType":"sap.m.Button","properties":{"text":"OK"},"searchOpenDialogs":true,"interaction":{"idSuffix":"BDI-content"}},"wdio_ui5_key":"sapm.Button{\"text\":\"OK\"}"}]}
RESULT: undefined
COMMAND: POST /session/29c94e7c3de8c8de4e6aab3f7ecf7110/element - {"using":"xpath","value":"//*[@id=\"__dialog1-ok\"]"}
RESULT: {}
RESULT: {"using":"xpath","value":"//*[@id=\"__dialog1-ok\"]"}
COMMAND: POST /session/29c94e7c3de8c8de4e6aab3f7ecf7110/element/f.A8B909B395C19A77638691ECE2720CC3.d.8A690C2A19B94D6B45F394C943AFA628.e.10716/click - {}
RESULT: {}
COMMAND: GET /session/29c94e7c3de8c8de4e6aab3f7ecf7110/screenshot - {}
RESULT: {}
COMMAND: POST /session/29c94e7c3de8c8de4e6aab3f7ecf7110/execute/async - {"script":"<script> [1562 bytes]","args":[{"selector":{"controlType":"sap.m.Button","viewName":"etm.portal.ui.managerequests.view.NewRequest","i18NText":{"propertyName":"text","key":"save"},"searchOpenDialogs":true,"interaction":{"idSuffix":"BDI-content"}},"wdio_ui5_key":"etmportal.ui.managerequests.view.NewRequestsap.m.Button{\"propertyName\":\"text\",\"key\":\"save\"}"}]}
RESULT: {"script":"<script> [1562 bytes]","args":[{"selector":{"controlType":"sap.m.Button","viewName":"etm.portal.ui.managerequests.view.NewRequest","i18NText":{"propertyName":"text","key":"save"},"searchOpenDialogs":true,"interaction":{"idSuffix":"BDI-content"}},"wdio_ui5_key":"etmportal.ui.managerequests.view.NewRequestsap.m.Button{\"propertyName\":\"text\",\"key\":\"save\"}"}]}
RESULT: undefined
COMMAND: POST /session/29c94e7c3de8c8de4e6aab3f7ecf7110/element - {"using":"xpath","value":"//*[@id=\"__button23\"]"}
RESULT: {"using":"xpath","value":"//*[@id=\"__button23\"]"}
COMMAND: POST /session/29c94e7c3de8c8de4e6aab3f7ecf7110/element/f.A8B909B395C19A77638691ECE2720CC3.d.8A690C2A19B94D6B45F394C943AFA628.e.10720/click - {}
RESULT: {}
COMMAND: GET /session/29c94e7c3de8c8de4e6aab3f7ecf7110/screenshot - {}
RESULT: {}
COMMAND: POST /session/29c94e7c3de8c8de4e6aab3f7ecf7110/element - {"using":"xpath","value":"(//bdi[contains(text() ,\"Save\")])[1]"}
RESULT: {"using":"xpath","value":"(//bdi[contains(text() ,\"Save\")])[1]"}
COMMAND: POST /session/29c94e7c3de8c8de4e6aab3f7ecf7110/element/f.A8B909B395C19A77638691ECE2720CC3.d.8A690C2A19B94D6B45F394C943AFA628.e.10722/click - {}
RESULT: {}
COMMAND: GET /session/29c94e7c3de8c8de4e6aab3f7ecf7110/screenshot - {}
RESULT: {}
COMMAND: POST /session/29c94e7c3de8c8de4e6aab3f7ecf7110/execute/async - {"script":"<script> [1562 bytes]","args":[{"selector":{"controlType":"sap.m.Title","properties":{"text":"Success"},"searchOpenDialogs":true},"wdio_ui5_key":"sapm.Title{\"text\":\"Success\"}"}]}
RESULT: {"script":"<script> [1562 bytes]","args":[{"selector":{"controlType":"sap.m.Title","properties":{"text":"Success"},"searchOpenDialogs":true},"wdio_ui5_key":"sapm.Title{\"text\":\"Success\"}"}]}
RESULT: undefined
COMMAND: POST /session/29c94e7c3de8c8de4e6aab3f7ecf7110/execute/async - {"script":"<script> [6424 bytes]","args":[{"element-6066-11e4-a52e-4f735466cecf":"f.A8B909B395C19A77638691ECE2720CC3.d.8A690C2A19B94D6B45F394C943AFA628.e.10726"},"getText",[]]}
RESULT: {"script":"<script> [6424 bytes]","args":[{"element-6066-11e4-a52e-4f735466cecf":"f.A8B909B395C19A77638691ECE2720CC3.d.8A690C2A19B94D6B45F394C943AFA628.e.10726"},"getText",[]]}
COMMAND: POST /session/29c94e7c3de8c8de4e6aab3f7ecf7110/execute/async - {"script":"<script> [1562 bytes]","args":[{"selector":{"controlType":"sap.m.Button","properties":{"text":"Close"},"searchOpenDialogs":true,"interaction":{"idSuffix":"BDI-content"}},"wdio_ui5_key":"sapm.Button{\"text\":\"Close\"}"}]}
RESULT: {"script":"<script> [1562 bytes]","args":[{"selector":{"controlType":"sap.m.Button","properties":{"text":"Close"},"searchOpenDialogs":true,"interaction":{"idSuffix":"BDI-content"}},"wdio_ui5_key":"sapm.Button{\"text\":\"Close\"}"}]}
RESULT: undefined
COMMAND: POST /session/29c94e7c3de8c8de4e6aab3f7ecf7110/element - {"using":"xpath","value":"//*[@id=\"__mbox-btn-0\"]"}
RESULT: {"using":"xpath","value":"//*[@id=\"__mbox-btn-0\"]"}
COMMAND: POST /session/29c94e7c3de8c8de4e6aab3f7ecf7110/element/f.A8B909B395C19A77638691ECE2720CC3.d.8A690C2A19B94D6B45F394C943AFA628.e.10725/click - {}
RESULT: {}
COMMAND: GET /session/29c94e7c3de8c8de4e6aab3f7ecf7110/screenshot - {}
RESULT: {}
COMMAND: POST /session/29c94e7c3de8c8de4e6aab3f7ecf7110/execute/async - {"script":"<script> [1562 bytes]","args":[{"selector":{"controlType":"sap.m.Text","viewName":"etm.portal.ui.managerequests.view.Detail","bindingPath":{"propertyPath":"NO","modelName":"catalogModel"}},"wdio_ui5_key":"etmportal.ui.managerequests.view.Detailsap.m.Text{\"propertyPath\":\"NO\",\"modelName\":\"catalogModel\"}"}]}
RESULT: {"script":"<script> [1562 bytes]","args":[{"selector":{"controlType":"sap.m.Text","viewName":"etm.portal.ui.managerequests.view.Detail","bindingPath":{"propertyPath":"NO","modelName":"catalogModel"}},"wdio_ui5_key":"etmportal.ui.managerequests.view.Detailsap.m.Text{\"propertyPath\":\"NO\",\"modelName\":\"catalogModel\"}"}]}
RESULT: undefined
COMMAND: POST /session/29c94e7c3de8c8de4e6aab3f7ecf7110/execute/async - {"script":"<script> [6424 bytes]","args":[{"element-6066-11e4-a52e-4f735466cecf":"f.A8B909B395C19A77638691ECE2720CC3.d.8A690C2A19B94D6B45F394C943AFA628.e.10839"},"getText",[]]}
RESULT: {"script":"<script> [6424 bytes]","args":[{"element-6066-11e4-a52e-4f735466cecf":"f.A8B909B395C19A77638691ECE2720CC3.d.8A690C2A19B94D6B45F394C943AFA628.e.10839"},"getText",[]]}
COMMAND: POST /session/29c94e7c3de8c8de4e6aab3f7ecf7110/execute/async - {"script":"<script> [1562 bytes]","args":[{"selector":{"controlType":"sap.ui.core.Icon","viewName":"etm.portal.ui.managerequests.view.Detail","properties":{"src":{"regex":{"source":"date\\-time"}}},"ancestor":{"controlType":"sap.m.ColumnListItem","viewName":"etm.portal.ui.managerequests.view.Detail","bindingPath":{"path":"/SmartRequestItemsPlanningBoard(ITEM=10m,REQUEST='20066')"},"ancestor":{"id":"requestItemsTable","viewName":"etm.portal.ui.managerequests.view.Detail"}}},"wdio_ui5_key":"etmportal.ui.managerequests.view.Detailsap.ui.core.Icon{\"src\":{\"regex\":{\"source\":\"date\\\\-time\"}}}{\"controlType\":\"sap.m.ColumnListItem\",\"viewName\":\"etm.portal.ui.managerequests.view.Detail\",\"bindingPath\":{\"path\":\"/SmartRequestItemsPlanningBoard(ITEM=10m,REQUEST='20066')\"},\"ancestor\":{\"id\":\"requestItemsTable\",\"viewName\":\"etm.portal.ui.managerequests.view.Detail\"}}"}]}
RESULT: {"script":"<script> [1562 bytes]","args":[{"selector":{"controlType":"sap.ui.core.Icon","viewName":"etm.portal.ui.managerequests.view.Detail","properties":{"src":{"regex":{"source":"date\\-time"}}},"ancestor":{"controlType":"sap.m.ColumnListItem","viewName":"etm.portal.ui.managerequests.view.Detail","bindingPath":{"path":"/SmartRequestItemsPlanningBoard(ITEM=10m,REQUEST='20066')"},"ancestor":{"id":"requestItemsTable","viewName":"etm.portal.ui.managerequests.view.Detail"}}},"wdio_ui5_key":"etmportal.ui.managerequests.view.Detailsap.ui.core.Icon{\"src\":{\"regex\":{\"source\":\"date\\\\-time\"}}}{\"controlType\":\"sap.m.ColumnListItem\",\"viewName\":\"etm.portal.ui.managerequests.view.Detail\",\"bindingPath\":{\"path\":\"/SmartRequestItemsPlanningBoard(ITEM=10m,REQUEST='20066')\"},\"ancestor\":{\"id\":\"requestItemsTable\",\"viewName\":\"etm.portal.ui.managerequests.view.Detail\"}}"}]}
RESULT: undefined
COMMAND: POST /session/29c94e7c3de8c8de4e6aab3f7ecf7110/element - {"using":"xpath","value":"//*[@id=\"__button38-__clone414-img\"]"}
RESULT: {"using":"xpath","value":"//*[@id=\"__button38-__clone414-img\"]"}
COMMAND: POST /session/29c94e7c3de8c8de4e6aab3f7ecf7110/element/f.A8B909B395C19A77638691ECE2720CC3.d.8A690C2A19B94D6B45F394C943AFA628.e.10840/click - {}
RESULT: {}
COMMAND: POST /session/29c94e7c3de8c8de4e6aab3f7ecf7110/execute/async - {"script":"<script> [1562 bytes]","args":[{"selector":{"controlType":"sap.m.Button","viewName":"etm.portal.ui.managerequests.view.Detail","properties":{"text":"Close"},"searchOpenDialogs":true,"interaction":{"idSuffix":"BDI-content"}},"wdio_ui5_key":"etmportal.ui.managerequests.view.Detailsap.m.Button{\"text\":\"Close\"}"}]}
COMMAND: GET /session/29c94e7c3de8c8de4e6aab3f7ecf7110/screenshot - {}
RESULT: {"script":"<script> [1562 bytes]","args":[{"selector":{"controlType":"sap.m.Button","viewName":"etm.portal.ui.managerequests.view.Detail","properties":{"text":"Close"},"searchOpenDialogs":true,"interaction":{"idSuffix":"BDI-content"}},"wdio_ui5_key":"etmportal.ui.managerequests.view.Detailsap.m.Button{\"text\":\"Close\"}"}]}
RESULT: undefined
COMMAND: POST /session/29c94e7c3de8c8de4e6aab3f7ecf7110/element - {"using":"xpath","value":"//*[@id=\"__button48\"]"}
RESULT: {}
RESULT: {"using":"xpath","value":"//*[@id=\"__button48\"]"}
COMMAND: POST /session/29c94e7c3de8c8de4e6aab3f7ecf7110/element/f.A8B909B395C19A77638691ECE2720CC3.d.8A690C2A19B94D6B45F394C943AFA628.e.10843/click - {}
RESULT: {}
COMMAND: GET /session/29c94e7c3de8c8de4e6aab3f7ecf7110/screenshot - {}
RESULT: {}
COMMAND: POST /session/29c94e7c3de8c8de4e6aab3f7ecf7110/refresh - {}
RESULT: {}
COMMAND: GET /session/29c94e7c3de8c8de4e6aab3f7ecf7110/screenshot - {}
RESULT: {}
COMMAND: POST /session/29c94e7c3de8c8de4e6aab3f7ecf7110/execute/async - {"script":"<script> [189 bytes]","args":[]}
RESULT: {"script":"<script> [189 bytes]","args":[]}
COMMAND: POST /session/29c94e7c3de8c8de4e6aab3f7ecf7110/execute/async - {"script":"<script> [123 bytes]","args":[]}
RESULT: {"script":"<script> [123 bytes]","args":[]}
COMMAND: POST /session/29c94e7c3de8c8de4e6aab3f7ecf7110/timeouts - {"script":"<number>"}
RESULT: {"script":"<number>"}
COMMAND: GET /session/29c94e7c3de8c8de4e6aab3f7ecf7110/timeouts - {}
RESULT: {}
RESULT: undefined
COMMAND: POST /session/29c94e7c3de8c8de4e6aab3f7ecf7110/execute/async - {"script":"<script> [2676 bytes]","args":[]}
RESULT: {"script":"<script> [2676 bytes]","args":[]}
COMMAND: POST /session/29c94e7c3de8c8de4e6aab3f7ecf7110/execute/async - {"script":"<script> [2342 bytes]","args":[{"protocol":"http","hostname":"0.0.0.0","path":"/","capabilities":{"browserName":"chrome","goog:chromeOptions":{"binary":"C:\\Program Files\\Google\\Chrome\\Application\\chrome.exe","args":["--start-maximized"]}},"logLevel":"warn","connectionRetryTimeout":120000,"connectionRetryCount":3,"logLevels":{},"enableDirectConnect":true,"strictSSL":true,"_":"65 more keys: [\"cacheDir\",\"port\",\"requestedCapabilities\",\"automationProtocol\",\"baseUrl\",\"waitforInterval\",\"waitforTimeout\",\"onReload\",\"beforeCommand\",\"afterCommand\",\"rootDir\",\"specs\",\"suites\",\"exclude\",\"groupLogsByTestSpec\",\"excludeDriverLogs\",\"bail\",\"framework\",\"reporters\",\"services\",\"maxInstances\",\"maxInstancesPerCapability\",\"injectGlobals\",\"filesToWatch\",\"execArgv\",\"runnerEnv\",\"runner\",\"shard\",\"specFileRetries\",\"specFileRetriesDelay\",\"specFileRetriesDeferred\",\"reporterSyncInterval\",\"reporterSyncTimeout\",\"cucumberFeaturesWithLineNumbers\",\"autoCompileOpts\",\"mochaOpts\",\"jasmineOpts\",\"cucumberOpts\",\"onPrepare\",\"onWorkerStart\",\"onWorkerEnd\",\"before\",\"beforeSession\",\"beforeSuite\",\"beforeHook\",\"beforeTest\",\"afterTest\",\"afterHook\",\"afterSuite\",\"afterSession\",\"after\",\"onComplete\",\"beforeAssertion\",\"afterAssertion\",\"beforeFeature\",\"beforeScenario\",\"beforeStep\",\"afterStep\",\"afterScenario\",\"afterFeature\",\"_\",\"suite\",\"$0\",\"ignoredWorkerServices\",\"wdi5\"]"}]}
RESULT: {"script":"<script> [2342 bytes]","args":[{"protocol":"http","hostname":"0.0.0.0","path":"/","capabilities":{"browserName":"chrome","goog:chromeOptions":{"binary":"C:\\Program Files\\Google\\Chrome\\Application\\chrome.exe","args":["--start-maximized"]}},"logLevel":"warn","connectionRetryTimeout":120000,"connectionRetryCount":3,"logLevels":{},"enableDirectConnect":true,"strictSSL":true,"_":"65 more keys: [\"cacheDir\",\"port\",\"requestedCapabilities\",\"automationProtocol\",\"baseUrl\",\"waitforInterval\",\"waitforTimeout\",\"onReload\",\"beforeCommand\",\"afterCommand\",\"rootDir\",\"specs\",\"suites\",\"exclude\",\"groupLogsByTestSpec\",\"excludeDriverLogs\",\"bail\",\"framework\",\"reporters\",\"services\",\"maxInstances\",\"maxInstancesPerCapability\",\"injectGlobals\",\"filesToWatch\",\"execArgv\",\"runnerEnv\",\"runner\",\"shard\",\"specFileRetries\",\"specFileRetriesDelay\",\"specFileRetriesDeferred\",\"reporterSyncInterval\",\"reporterSyncTimeout\",\"cucumberFeaturesWithLineNumbers\",\"autoCompileOpts\",\"mochaOpts\",\"jasmineOpts\",\"cucumberOpts\",\"onPrepare\",\"onWorkerStart\",\"onWorkerEnd\",\"before\",\"beforeSession\",\"beforeSuite\",\"beforeHook\",\"beforeTest\",\"afterTest\",\"afterHook\",\"afterSuite\",\"afterSession\",\"after\",\"onComplete\",\"beforeAssertion\",\"afterAssertion\",\"beforeFeature\",\"beforeScenario\",\"beforeStep\",\"afterStep\",\"afterScenario\",\"afterFeature\",\"_\",\"suite\",\"$0\",\"ignoredWorkerServices\",\"wdi5\"]"}]}
COMMAND: POST /session/29c94e7c3de8c8de4e6aab3f7ecf7110/execute/async - {"script":"<script> [21126 bytes]","args":[35000]}
RESULT: {"script":"<script> [21126 bytes]","args":[35000]}
]]></system-out>
    </testcase>
    <testcase classname="chrome.137_0_7151_69.windows.Process_request_items_into_an_existing_quotation_US120163" name="Should process the request into an existing quotation" time="75.455">
      <system-out><![CDATA[
COMMAND: GET /session/29c94e7c3de8c8de4e6aab3f7ecf7110/window - {}
RESULT: {}
COMMAND: POST /session/29c94e7c3de8c8de4e6aab3f7ecf7110/element - {"using":"xpath","value":"//span[contains(@id ,\"detailHeaderTitle-_actionsToolbar-overflowButton-img\")]"}
RESULT: {"using":"xpath","value":"//span[contains(@id ,\"detailHeaderTitle-_actionsToolbar-overflowButton-img\")]"}
COMMAND: POST /session/29c94e7c3de8c8de4e6aab3f7ecf7110/element/f.A8B909B395C19A77638691ECE2720CC3.d.8C50C1786EED859F0BED74BD349E6752.e.11066/click - {}
RESULT: {}
COMMAND: GET /session/29c94e7c3de8c8de4e6aab3f7ecf7110/screenshot - {}
RESULT: {}
COMMAND: POST /session/29c94e7c3de8c8de4e6aab3f7ecf7110/element - {"using":"xpath","value":"//span[contains(@id ,\"actionsMenuButton-internalSplitBtn-arrowButton-img\")]"}
RESULT: {"using":"xpath","value":"//span[contains(@id ,\"actionsMenuButton-internalSplitBtn-arrowButton-img\")]"}
COMMAND: POST /session/29c94e7c3de8c8de4e6aab3f7ecf7110/element/f.A8B909B395C19A77638691ECE2720CC3.d.8C50C1786EED859F0BED74BD349E6752.e.11069/click - {}
RESULT: {}
COMMAND: GET /session/29c94e7c3de8c8de4e6aab3f7ecf7110/screenshot - {}
RESULT: {}
COMMAND: POST /session/29c94e7c3de8c8de4e6aab3f7ecf7110/actions - {"actions":[{"id":"action90","type":"key","parameters":{},"actions":[{"type":"keyDown","value":"î€•"},{"type":"pause","duration":10},{"type":"keyUp","value":"î€•"}]}]}
RESULT: {"actions":[{"id":"action90","type":"key","parameters":{},"actions":[{"type":"keyDown","value":"î€•"},{"type":"pause","duration":10},{"type":"keyUp","value":"î€•"}]}]}
COMMAND: GET /session/29c94e7c3de8c8de4e6aab3f7ecf7110/screenshot - {}
RESULT: {}
COMMAND: POST /session/29c94e7c3de8c8de4e6aab3f7ecf7110/actions - {"actions":[{"id":"action91","type":"key","parameters":{},"actions":[{"type":"keyDown","value":"î€‡"},{"type":"pause","duration":10},{"type":"keyUp","value":"î€‡"}]}]}
RESULT: {"actions":[{"id":"action91","type":"key","parameters":{},"actions":[{"type":"keyDown","value":"î€‡"},{"type":"pause","duration":10},{"type":"keyUp","value":"î€‡"}]}]}
COMMAND: GET /session/29c94e7c3de8c8de4e6aab3f7ecf7110/screenshot - {}
RESULT: {}
COMMAND: POST /session/29c94e7c3de8c8de4e6aab3f7ecf7110/actions - {"actions":[{"id":"action92","type":"key","parameters":{},"actions":[{"type":"keyDown","value":"î€•"},{"type":"pause","duration":10},{"type":"keyUp","value":"î€•"}]}]}
RESULT: {"actions":[{"id":"action92","type":"key","parameters":{},"actions":[{"type":"keyDown","value":"î€•"},{"type":"pause","duration":10},{"type":"keyUp","value":"î€•"}]}]}
COMMAND: GET /session/29c94e7c3de8c8de4e6aab3f7ecf7110/screenshot - {}
RESULT: {}
COMMAND: POST /session/29c94e7c3de8c8de4e6aab3f7ecf7110/actions - {"actions":[{"id":"action93","type":"key","parameters":{},"actions":[{"type":"keyDown","value":"î€‡"},{"type":"pause","duration":10},{"type":"keyUp","value":"î€‡"}]}]}
RESULT: {"actions":[{"id":"action93","type":"key","parameters":{},"actions":[{"type":"keyDown","value":"î€‡"},{"type":"pause","duration":10},{"type":"keyUp","value":"î€‡"}]}]}
COMMAND: GET /session/29c94e7c3de8c8de4e6aab3f7ecf7110/screenshot - {}
RESULT: {}
COMMAND: POST /session/29c94e7c3de8c8de4e6aab3f7ecf7110/element - {"using":"xpath","value":"//input[contains(@id ,\"quotationsSearchField-I\")]"}
RESULT: {"using":"xpath","value":"//input[contains(@id ,\"quotationsSearchField-I\")]"}
COMMAND: POST /session/29c94e7c3de8c8de4e6aab3f7ecf7110/element/f.A8B909B395C19A77638691ECE2720CC3.d.8C50C1786EED859F0BED74BD349E6752.e.11072/clear - {}
RESULT: {}
COMMAND: POST /session/29c94e7c3de8c8de4e6aab3f7ecf7110/element/f.A8B909B395C19A77638691ECE2720CC3.d.8C50C1786EED859F0BED74BD349E6752.e.11072/value - {"text":"WdIOQuotationfar1u"}
COMMAND: GET /session/29c94e7c3de8c8de4e6aab3f7ecf7110/screenshot - {}
RESULT: {"text":"WdIOQuotationfar1u"}
COMMAND: GET /session/29c94e7c3de8c8de4e6aab3f7ecf7110/screenshot - {}
RESULT: {}
RESULT: {}
COMMAND: POST /session/29c94e7c3de8c8de4e6aab3f7ecf7110/actions - {"actions":[{"id":"action94","type":"key","parameters":{},"actions":[{"type":"keyDown","value":"î€‡"},{"type":"pause","duration":10},{"type":"keyUp","value":"î€‡"}]}]}
RESULT: {"actions":[{"id":"action94","type":"key","parameters":{},"actions":[{"type":"keyDown","value":"î€‡"},{"type":"pause","duration":10},{"type":"keyUp","value":"î€‡"}]}]}
COMMAND: GET /session/29c94e7c3de8c8de4e6aab3f7ecf7110/screenshot - {}
RESULT: {}
COMMAND: POST /session/29c94e7c3de8c8de4e6aab3f7ecf7110/element - {"using":"xpath","value":"//div[contains(@id ,\"selectSingle\")]"}
RESULT: {"using":"xpath","value":"//div[contains(@id ,\"selectSingle\")]"}
COMMAND: POST /session/29c94e7c3de8c8de4e6aab3f7ecf7110/element/f.A8B909B395C19A77638691ECE2720CC3.d.8C50C1786EED859F0BED74BD349E6752.e.11084/click - {}
RESULT: {}
COMMAND: GET /session/29c94e7c3de8c8de4e6aab3f7ecf7110/screenshot - {}
RESULT: {}
COMMAND: POST /session/29c94e7c3de8c8de4e6aab3f7ecf7110/element - {"using":"xpath","value":"//bdi[contains(text() ,\"Selection Done\")]"}
RESULT: {"using":"xpath","value":"//bdi[contains(text() ,\"Selection Done\")]"}
COMMAND: POST /session/29c94e7c3de8c8de4e6aab3f7ecf7110/element/f.A8B909B395C19A77638691ECE2720CC3.d.8C50C1786EED859F0BED74BD349E6752.e.11085/click - {}
RESULT: {}
COMMAND: GET /session/29c94e7c3de8c8de4e6aab3f7ecf7110/screenshot - {}
RESULT: {}
COMMAND: POST /session/29c94e7c3de8c8de4e6aab3f7ecf7110/actions - {"actions":[{"id":"action95","type":"key","parameters":{},"actions":[{"type":"keyDown","value":"î€‡"},{"type":"pause","duration":10},{"type":"keyUp","value":"î€‡"}]}]}
RESULT: {"actions":[{"id":"action95","type":"key","parameters":{},"actions":[{"type":"keyDown","value":"î€‡"},{"type":"pause","duration":10},{"type":"keyUp","value":"î€‡"}]}]}
COMMAND: GET /session/29c94e7c3de8c8de4e6aab3f7ecf7110/screenshot - {}
RESULT: {}
COMMAND: POST /session/29c94e7c3de8c8de4e6aab3f7ecf7110/actions - {"actions":[{"id":"action96","type":"key","parameters":{},"actions":[{"type":"keyDown","value":"î€‡"},{"type":"pause","duration":10},{"type":"keyUp","value":"î€‡"}]}]}
RESULT: {"actions":[{"id":"action96","type":"key","parameters":{},"actions":[{"type":"keyDown","value":"î€‡"},{"type":"pause","duration":10},{"type":"keyUp","value":"î€‡"}]}]}
COMMAND: GET /session/29c94e7c3de8c8de4e6aab3f7ecf7110/screenshot - {}
RESULT: {}
COMMAND: GET /session/29c94e7c3de8c8de4e6aab3f7ecf7110/window/handles - {}
RESULT: {}
COMMAND: GET /session/29c94e7c3de8c8de4e6aab3f7ecf7110/window/handles - {}
RESULT: {}
COMMAND: POST /session/29c94e7c3de8c8de4e6aab3f7ecf7110/window - {"handle":"1E5DEE26B4C2823165D3C714E2E081B3"}
RESULT: {"handle":"1E5DEE26B4C2823165D3C714E2E081B3"}
COMMAND: GET /session/29c94e7c3de8c8de4e6aab3f7ecf7110/url - {}
RESULT: {}
COMMAND: GET /session/29c94e7c3de8c8de4e6aab3f7ecf7110/screenshot - {}
RESULT: {}
COMMAND: POST /session/29c94e7c3de8c8de4e6aab3f7ecf7110/element - {"using":"xpath","value":"//span[contains(text(), \"Header Billing Items\")]"}
RESULT: {"using":"xpath","value":"//span[contains(text(), \"Header Billing Items\")]"}
COMMAND: POST /session/29c94e7c3de8c8de4e6aab3f7ecf7110/element/f.1E5DEE26B4C2823165D3C714E2E081B3.d.59F6B3AC817BEDB99BC40A696DCCB5B0.e.11286/click - {}
RESULT: {}
COMMAND: GET /session/29c94e7c3de8c8de4e6aab3f7ecf7110/screenshot - {}
RESULT: {}
COMMAND: POST /session/29c94e7c3de8c8de4e6aab3f7ecf7110/element - {"using":"xpath","value":"//span[contains(@id ,\"contractItemsSmartTable-header-inner\")]"}
RESULT: {"using":"xpath","value":"//span[contains(@id ,\"contractItemsSmartTable-header-inner\")]"}
COMMAND: GET /session/29c94e7c3de8c8de4e6aab3f7ecf7110/element/f.1E5DEE26B4C2823165D3C714E2E081B3.d.59F6B3AC817BEDB99BC40A696DCCB5B0.e.11288/text - {}
RESULT: {}
COMMAND: POST /session/29c94e7c3de8c8de4e6aab3f7ecf7110/element - {"using":"xpath","value":"//span[@class=\"sapMObjStatusText\"][contains(text(), \"proposed\")]"}
RESULT: {"using":"xpath","value":"//span[@class=\"sapMObjStatusText\"][contains(text(), \"proposed\")]"}
COMMAND: GET /session/29c94e7c3de8c8de4e6aab3f7ecf7110/element/f.1E5DEE26B4C2823165D3C714E2E081B3.d.59F6B3AC817BEDB99BC40A696DCCB5B0.e.11289/text - {}
RESULT: {}
COMMAND: DELETE /session/29c94e7c3de8c8de4e6aab3f7ecf7110/window - {}
RESULT: {}
COMMAND: POST /session/29c94e7c3de8c8de4e6aab3f7ecf7110/window - {"handle":"A8B909B395C19A77638691ECE2720CC3"}
RESULT: {"handle":"A8B909B395C19A77638691ECE2720CC3"}
COMMAND: GET /session/29c94e7c3de8c8de4e6aab3f7ecf7110/url - {}
RESULT: {}
COMMAND: GET /session/29c94e7c3de8c8de4e6aab3f7ecf7110/screenshot - {}
RESULT: {}
]]></system-out>
    </testcase>
    <testcase classname="chrome.137_0_7151_69.windows.Process_request_items_into_an_existing_quotation_US120163" name="Should navigate back to the request and check the request and item statuses" time="30.42">
      <system-out><![CDATA[
COMMAND: POST /session/29c94e7c3de8c8de4e6aab3f7ecf7110/refresh - {}
RESULT: {}
COMMAND: GET /session/29c94e7c3de8c8de4e6aab3f7ecf7110/screenshot - {}
RESULT: {}
COMMAND: POST /session/29c94e7c3de8c8de4e6aab3f7ecf7110/execute/async - {"script":"<script> [189 bytes]","args":[]}
RESULT: {"script":"<script> [189 bytes]","args":[]}
COMMAND: POST /session/29c94e7c3de8c8de4e6aab3f7ecf7110/execute/async - {"script":"<script> [123 bytes]","args":[]}
RESULT: {"script":"<script> [123 bytes]","args":[]}
COMMAND: POST /session/29c94e7c3de8c8de4e6aab3f7ecf7110/timeouts - {"script":"<number>"}
RESULT: {"script":"<number>"}
COMMAND: GET /session/29c94e7c3de8c8de4e6aab3f7ecf7110/timeouts - {}
RESULT: {}
RESULT: undefined
COMMAND: POST /session/29c94e7c3de8c8de4e6aab3f7ecf7110/execute/async - {"script":"<script> [2676 bytes]","args":[]}
RESULT: {"script":"<script> [2676 bytes]","args":[]}
COMMAND: POST /session/29c94e7c3de8c8de4e6aab3f7ecf7110/execute/async - {"script":"<script> [2342 bytes]","args":[{"protocol":"http","hostname":"0.0.0.0","path":"/","capabilities":{"browserName":"chrome","goog:chromeOptions":{"binary":"C:\\Program Files\\Google\\Chrome\\Application\\chrome.exe","args":["--start-maximized"]}},"logLevel":"warn","connectionRetryTimeout":120000,"connectionRetryCount":3,"logLevels":{},"enableDirectConnect":true,"strictSSL":true,"_":"65 more keys: [\"cacheDir\",\"port\",\"requestedCapabilities\",\"automationProtocol\",\"baseUrl\",\"waitforInterval\",\"waitforTimeout\",\"onReload\",\"beforeCommand\",\"afterCommand\",\"rootDir\",\"specs\",\"suites\",\"exclude\",\"groupLogsByTestSpec\",\"excludeDriverLogs\",\"bail\",\"framework\",\"reporters\",\"services\",\"maxInstances\",\"maxInstancesPerCapability\",\"injectGlobals\",\"filesToWatch\",\"execArgv\",\"runnerEnv\",\"runner\",\"shard\",\"specFileRetries\",\"specFileRetriesDelay\",\"specFileRetriesDeferred\",\"reporterSyncInterval\",\"reporterSyncTimeout\",\"cucumberFeaturesWithLineNumbers\",\"autoCompileOpts\",\"mochaOpts\",\"jasmineOpts\",\"cucumberOpts\",\"onPrepare\",\"onWorkerStart\",\"onWorkerEnd\",\"before\",\"beforeSession\",\"beforeSuite\",\"beforeHook\",\"beforeTest\",\"afterTest\",\"afterHook\",\"afterSuite\",\"afterSession\",\"after\",\"onComplete\",\"beforeAssertion\",\"afterAssertion\",\"beforeFeature\",\"beforeScenario\",\"beforeStep\",\"afterStep\",\"afterScenario\",\"afterFeature\",\"_\",\"suite\",\"$0\",\"ignoredWorkerServices\",\"wdi5\"]"}]}
RESULT: {"script":"<script> [2342 bytes]","args":[{"protocol":"http","hostname":"0.0.0.0","path":"/","capabilities":{"browserName":"chrome","goog:chromeOptions":{"binary":"C:\\Program Files\\Google\\Chrome\\Application\\chrome.exe","args":["--start-maximized"]}},"logLevel":"warn","connectionRetryTimeout":120000,"connectionRetryCount":3,"logLevels":{},"enableDirectConnect":true,"strictSSL":true,"_":"65 more keys: [\"cacheDir\",\"port\",\"requestedCapabilities\",\"automationProtocol\",\"baseUrl\",\"waitforInterval\",\"waitforTimeout\",\"onReload\",\"beforeCommand\",\"afterCommand\",\"rootDir\",\"specs\",\"suites\",\"exclude\",\"groupLogsByTestSpec\",\"excludeDriverLogs\",\"bail\",\"framework\",\"reporters\",\"services\",\"maxInstances\",\"maxInstancesPerCapability\",\"injectGlobals\",\"filesToWatch\",\"execArgv\",\"runnerEnv\",\"runner\",\"shard\",\"specFileRetries\",\"specFileRetriesDelay\",\"specFileRetriesDeferred\",\"reporterSyncInterval\",\"reporterSyncTimeout\",\"cucumberFeaturesWithLineNumbers\",\"autoCompileOpts\",\"mochaOpts\",\"jasmineOpts\",\"cucumberOpts\",\"onPrepare\",\"onWorkerStart\",\"onWorkerEnd\",\"before\",\"beforeSession\",\"beforeSuite\",\"beforeHook\",\"beforeTest\",\"afterTest\",\"afterHook\",\"afterSuite\",\"afterSession\",\"after\",\"onComplete\",\"beforeAssertion\",\"afterAssertion\",\"beforeFeature\",\"beforeScenario\",\"beforeStep\",\"afterStep\",\"afterScenario\",\"afterFeature\",\"_\",\"suite\",\"$0\",\"ignoredWorkerServices\",\"wdi5\"]"}]}
COMMAND: POST /session/29c94e7c3de8c8de4e6aab3f7ecf7110/execute/async - {"script":"<script> [21126 bytes]","args":[35000]}
RESULT: {"script":"<script> [21126 bytes]","args":[35000]}
COMMAND: POST /session/29c94e7c3de8c8de4e6aab3f7ecf7110/execute/async - {"script":"<script> [1562 bytes]","args":[{"selector":{"controlType":"sap.m.Text","viewName":"etm.portal.ui.managerequests.view.Detail","bindingPath":{"path":"/SmartRequestItemsPlanningBoard(ITEM=10m,REQUEST='20066')","propertyPath":"STATUS_DESC"}},"wdio_ui5_key":"etmportal.ui.managerequests.view.Detailsap.m.Text{\"path\":\"/SmartRequestItemsPlanningBoard(ITEM=10m,REQUEST='20066')\",\"propertyPath\":\"STATUS_DESC\"}"}]}
RESULT: {"script":"<script> [1562 bytes]","args":[{"selector":{"controlType":"sap.m.Text","viewName":"etm.portal.ui.managerequests.view.Detail","bindingPath":{"path":"/SmartRequestItemsPlanningBoard(ITEM=10m,REQUEST='20066')","propertyPath":"STATUS_DESC"}},"wdio_ui5_key":"etmportal.ui.managerequests.view.Detailsap.m.Text{\"path\":\"/SmartRequestItemsPlanningBoard(ITEM=10m,REQUEST='20066')\",\"propertyPath\":\"STATUS_DESC\"}"}]}
RESULT: undefined
COMMAND: POST /session/29c94e7c3de8c8de4e6aab3f7ecf7110/execute/async - {"script":"<script> [6424 bytes]","args":[{"element-6066-11e4-a52e-4f735466cecf":"f.A8B909B395C19A77638691ECE2720CC3.d.32204991316C49DBF17EF516BD158E82.e.11500"},"getText",[]]}
RESULT: {"script":"<script> [6424 bytes]","args":[{"element-6066-11e4-a52e-4f735466cecf":"f.A8B909B395C19A77638691ECE2720CC3.d.32204991316C49DBF17EF516BD158E82.e.11500"},"getText",[]]}
COMMAND: POST /session/29c94e7c3de8c8de4e6aab3f7ecf7110/execute/async - {"script":"<script> [1562 bytes]","args":[{"selector":{"controlType":"sap.m.ObjectStatus","viewName":"etm.portal.ui.managerequests.view.Detail","bindingPath":{"path":"/RequestHeaders('20066')","propertyPath":"LINK_TO_STATUS/DESCRIPTION","modelName":"catalogModel"}},"wdio_ui5_key":"etmportal.ui.managerequests.view.Detailsap.m.ObjectStatus{\"path\":\"/RequestHeaders('20066')\",\"propertyPath\":\"LINK_TO_STATUS/DESCRIPTION\",\"modelName\":\"catalogModel\"}"}]}
RESULT: {"script":"<script> [1562 bytes]","args":[{"selector":{"controlType":"sap.m.ObjectStatus","viewName":"etm.portal.ui.managerequests.view.Detail","bindingPath":{"path":"/RequestHeaders('20066')","propertyPath":"LINK_TO_STATUS/DESCRIPTION","modelName":"catalogModel"}},"wdio_ui5_key":"etmportal.ui.managerequests.view.Detailsap.m.ObjectStatus{\"path\":\"/RequestHeaders('20066')\",\"propertyPath\":\"LINK_TO_STATUS/DESCRIPTION\",\"modelName\":\"catalogModel\"}"}]}
RESULT: undefined
COMMAND: POST /session/29c94e7c3de8c8de4e6aab3f7ecf7110/execute/async - {"script":"<script> [6424 bytes]","args":[{"element-6066-11e4-a52e-4f735466cecf":"f.A8B909B395C19A77638691ECE2720CC3.d.32204991316C49DBF17EF516BD158E82.e.11501"},"getText",[]]}
RESULT: {"script":"<script> [6424 bytes]","args":[{"element-6066-11e4-a52e-4f735466cecf":"f.A8B909B395C19A77638691ECE2720CC3.d.32204991316C49DBF17EF516BD158E82.e.11501"},"getText",[]]}
COMMAND: POST /session/29c94e7c3de8c8de4e6aab3f7ecf7110/element - {"using":"css selector","value":"#shell-header-logo"}
RESULT: {"using":"css selector","value":"#shell-header-logo"}
COMMAND: POST /session/29c94e7c3de8c8de4e6aab3f7ecf7110/element/f.A8B909B395C19A77638691ECE2720CC3.d.32204991316C49DBF17EF516BD158E82.e.11296/click - {}
RESULT: {}
COMMAND: GET /session/29c94e7c3de8c8de4e6aab3f7ecf7110/screenshot - {}
RESULT: {}
COMMAND: POST /session/29c94e7c3de8c8de4e6aab3f7ecf7110/refresh - {}
RESULT: {}
COMMAND: GET /session/29c94e7c3de8c8de4e6aab3f7ecf7110/screenshot - {}
RESULT: {}
COMMAND: POST /session/29c94e7c3de8c8de4e6aab3f7ecf7110/execute/async - {"script":"<script> [189 bytes]","args":[]}
RESULT: {"script":"<script> [189 bytes]","args":[]}
COMMAND: POST /session/29c94e7c3de8c8de4e6aab3f7ecf7110/execute/async - {"script":"<script> [123 bytes]","args":[]}
RESULT: {"script":"<script> [123 bytes]","args":[]}
COMMAND: POST /session/29c94e7c3de8c8de4e6aab3f7ecf7110/timeouts - {"script":"<number>"}
RESULT: {"script":"<number>"}
COMMAND: GET /session/29c94e7c3de8c8de4e6aab3f7ecf7110/timeouts - {}
RESULT: {}
RESULT: undefined
COMMAND: POST /session/29c94e7c3de8c8de4e6aab3f7ecf7110/execute/async - {"script":"<script> [2676 bytes]","args":[]}
RESULT: {"script":"<script> [2676 bytes]","args":[]}
COMMAND: POST /session/29c94e7c3de8c8de4e6aab3f7ecf7110/execute/async - {"script":"<script> [2342 bytes]","args":[{"protocol":"http","hostname":"0.0.0.0","path":"/","capabilities":{"browserName":"chrome","goog:chromeOptions":{"binary":"C:\\Program Files\\Google\\Chrome\\Application\\chrome.exe","args":["--start-maximized"]}},"logLevel":"warn","connectionRetryTimeout":120000,"connectionRetryCount":3,"logLevels":{},"enableDirectConnect":true,"strictSSL":true,"_":"65 more keys: [\"cacheDir\",\"port\",\"requestedCapabilities\",\"automationProtocol\",\"baseUrl\",\"waitforInterval\",\"waitforTimeout\",\"onReload\",\"beforeCommand\",\"afterCommand\",\"rootDir\",\"specs\",\"suites\",\"exclude\",\"groupLogsByTestSpec\",\"excludeDriverLogs\",\"bail\",\"framework\",\"reporters\",\"services\",\"maxInstances\",\"maxInstancesPerCapability\",\"injectGlobals\",\"filesToWatch\",\"execArgv\",\"runnerEnv\",\"runner\",\"shard\",\"specFileRetries\",\"specFileRetriesDelay\",\"specFileRetriesDeferred\",\"reporterSyncInterval\",\"reporterSyncTimeout\",\"cucumberFeaturesWithLineNumbers\",\"autoCompileOpts\",\"mochaOpts\",\"jasmineOpts\",\"cucumberOpts\",\"onPrepare\",\"onWorkerStart\",\"onWorkerEnd\",\"before\",\"beforeSession\",\"beforeSuite\",\"beforeHook\",\"beforeTest\",\"afterTest\",\"afterHook\",\"afterSuite\",\"afterSession\",\"after\",\"onComplete\",\"beforeAssertion\",\"afterAssertion\",\"beforeFeature\",\"beforeScenario\",\"beforeStep\",\"afterStep\",\"afterScenario\",\"afterFeature\",\"_\",\"suite\",\"$0\",\"ignoredWorkerServices\",\"wdi5\"]"}]}
RESULT: {"script":"<script> [2342 bytes]","args":[{"protocol":"http","hostname":"0.0.0.0","path":"/","capabilities":{"browserName":"chrome","goog:chromeOptions":{"binary":"C:\\Program Files\\Google\\Chrome\\Application\\chrome.exe","args":["--start-maximized"]}},"logLevel":"warn","connectionRetryTimeout":120000,"connectionRetryCount":3,"logLevels":{},"enableDirectConnect":true,"strictSSL":true,"_":"65 more keys: [\"cacheDir\",\"port\",\"requestedCapabilities\",\"automationProtocol\",\"baseUrl\",\"waitforInterval\",\"waitforTimeout\",\"onReload\",\"beforeCommand\",\"afterCommand\",\"rootDir\",\"specs\",\"suites\",\"exclude\",\"groupLogsByTestSpec\",\"excludeDriverLogs\",\"bail\",\"framework\",\"reporters\",\"services\",\"maxInstances\",\"maxInstancesPerCapability\",\"injectGlobals\",\"filesToWatch\",\"execArgv\",\"runnerEnv\",\"runner\",\"shard\",\"specFileRetries\",\"specFileRetriesDelay\",\"specFileRetriesDeferred\",\"reporterSyncInterval\",\"reporterSyncTimeout\",\"cucumberFeaturesWithLineNumbers\",\"autoCompileOpts\",\"mochaOpts\",\"jasmineOpts\",\"cucumberOpts\",\"onPrepare\",\"onWorkerStart\",\"onWorkerEnd\",\"before\",\"beforeSession\",\"beforeSuite\",\"beforeHook\",\"beforeTest\",\"afterTest\",\"afterHook\",\"afterSuite\",\"afterSession\",\"after\",\"onComplete\",\"beforeAssertion\",\"afterAssertion\",\"beforeFeature\",\"beforeScenario\",\"beforeStep\",\"afterStep\",\"afterScenario\",\"afterFeature\",\"_\",\"suite\",\"$0\",\"ignoredWorkerServices\",\"wdi5\"]"}]}
COMMAND: POST /session/29c94e7c3de8c8de4e6aab3f7ecf7110/execute/async - {"script":"<script> [21126 bytes]","args":[35000]}
RESULT: {"script":"<script> [21126 bytes]","args":[35000]}
]]></system-out>
    </testcase>
  </testsuite>
  <testsuite timestamp="2025-06-12T16:19:59" time="323.508" tests="3" failures="0" errors="0" skipped="0">
    <properties>
      <property name="specId" value="0" />
      <property name="suiteName" value="Process request items into new quotation US120163" />
      <property name="capabilities" value="chrome.137_0_7151_69.windows" />
      <property name="file" value="file:///D:/a/1/s/test/specs/R2C/process-request-items-into-new-quotation.spec.js" />
    </properties>
    <testcase classname="chrome.137_0_7151_69.windows.Process_request_items_into_new_quotation_US120163" name="Should create a new request with catalog items and plan it" time="205.19">
      <system-out><![CDATA[
COMMAND: POST /session/29c94e7c3de8c8de4e6aab3f7ecf7110/execute/async - {"script":"<script> [1562 bytes]","args":[{"selector":{"controlType":"sap.m.GenericTile","properties":{"header":"Manage Requests"}},"wdio_ui5_key":"sapm.GenericTile{\"header\":\"Manage Requests\"}"}]}
RESULT: {"script":"<script> [1562 bytes]","args":[{"selector":{"controlType":"sap.m.GenericTile","properties":{"header":"Manage Requests"}},"wdio_ui5_key":"sapm.GenericTile{\"header\":\"Manage Requests\"}"}]}
RESULT: undefined
COMMAND: POST /session/29c94e7c3de8c8de4e6aab3f7ecf7110/element - {"using":"xpath","value":"//*[@id=\"__tile48\"]"}
RESULT: {"using":"xpath","value":"//*[@id=\"__tile48\"]"}
COMMAND: POST /session/29c94e7c3de8c8de4e6aab3f7ecf7110/element/f.A8B909B395C19A77638691ECE2720CC3.d.FD4B5800A7152E7A007605CD412037C0.e.11531/click - {}
RESULT: {}
COMMAND: GET /session/29c94e7c3de8c8de4e6aab3f7ecf7110/screenshot - {}
RESULT: {}
COMMAND: POST /session/29c94e7c3de8c8de4e6aab3f7ecf7110/elements - {"using":"xpath","value":"//span[text()='Error']"}
RESULT: {"using":"xpath","value":"//span[text()='Error']"}
COMMAND: POST /session/29c94e7c3de8c8de4e6aab3f7ecf7110/element - {"using":"xpath","value":"//button[contains(@data-kt ,\"btnCreateNewOverflowToolbarButton\")]"}
COMMAND: POST /session/29c94e7c3de8c8de4e6aab3f7ecf7110/element - {"using":"xpath","value":"(//span[contains(@class ,\"sapMObjStatusText\")])[1]"}
RESULT: {"using":"xpath","value":"//button[contains(@data-kt ,\"btnCreateNewOverflowToolbarButton\")]"}
COMMAND: POST /session/29c94e7c3de8c8de4e6aab3f7ecf7110/element/f.A8B909B395C19A77638691ECE2720CC3.d.FD4B5800A7152E7A007605CD412037C0.e.11589/click - {}
RESULT: {"using":"xpath","value":"(//span[contains(@class ,\"sapMObjStatusText\")])[1]"}
COMMAND: POST /session/29c94e7c3de8c8de4e6aab3f7ecf7110/execute/sync - {"script":"<script> [8489 bytes]","args":[{"element-6066-11e4-a52e-4f735466cecf":"f.A8B909B395C19A77638691ECE2720CC3.d.FD4B5800A7152E7A007605CD412037C0.e.11628","ELEMENT":"f.A8B909B395C19A77638691ECE2720CC3.d.FD4B5800A7152E7A007605CD412037C0.e.11628"}]}
RESULT: {}
COMMAND: GET /session/29c94e7c3de8c8de4e6aab3f7ecf7110/screenshot - {}
RESULT: {"script":"<script> [8489 bytes]","args":[{"element-6066-11e4-a52e-4f735466cecf":"f.A8B909B395C19A77638691ECE2720CC3.d.FD4B5800A7152E7A007605CD412037C0.e.11628","ELEMENT":"f.A8B909B395C19A77638691ECE2720CC3.d.FD4B5800A7152E7A007605CD412037C0.e.11628"}]}
COMMAND: GET /session/29c94e7c3de8c8de4e6aab3f7ecf7110/screenshot - {}
RESULT: {}
RESULT: {}
COMMAND: POST /session/29c94e7c3de8c8de4e6aab3f7ecf7110/element - {"using":"xpath","value":"//input[contains(@id ,\"yardId-inner\")]"}
RESULT: {"using":"xpath","value":"//input[contains(@id ,\"yardId-inner\")]"}
COMMAND: POST /session/29c94e7c3de8c8de4e6aab3f7ecf7110/execute/sync - {"script":"<script> [8489 bytes]","args":[{"element-6066-11e4-a52e-4f735466cecf":"f.A8B909B395C19A77638691ECE2720CC3.d.FD4B5800A7152E7A007605CD412037C0.e.11709","ELEMENT":"f.A8B909B395C19A77638691ECE2720CC3.d.FD4B5800A7152E7A007605CD412037C0.e.11709"}]}
RESULT: {"script":"<script> [8489 bytes]","args":[{"element-6066-11e4-a52e-4f735466cecf":"f.A8B909B395C19A77638691ECE2720CC3.d.FD4B5800A7152E7A007605CD412037C0.e.11709","ELEMENT":"f.A8B909B395C19A77638691ECE2720CC3.d.FD4B5800A7152E7A007605CD412037C0.e.11709"}]}
COMMAND: POST /session/29c94e7c3de8c8de4e6aab3f7ecf7110/element - {"using":"xpath","value":"//input[contains(@id ,\"yardId-inner\")]"}
COMMAND: GET /session/29c94e7c3de8c8de4e6aab3f7ecf7110/screenshot - {}
RESULT: {"using":"xpath","value":"//input[contains(@id ,\"yardId-inner\")]"}
COMMAND: GET /session/29c94e7c3de8c8de4e6aab3f7ecf7110/element/f.A8B909B395C19A77638691ECE2720CC3.d.FD4B5800A7152E7A007605CD412037C0.e.11709/enabled - {}
RESULT: {}
RESULT: {}
COMMAND: POST /session/29c94e7c3de8c8de4e6aab3f7ecf7110/element/f.A8B909B395C19A77638691ECE2720CC3.d.FD4B5800A7152E7A007605CD412037C0.e.11709/clear - {}
COMMAND: GET /session/29c94e7c3de8c8de4e6aab3f7ecf7110/screenshot - {}
RESULT: {}
COMMAND: POST /session/29c94e7c3de8c8de4e6aab3f7ecf7110/element/f.A8B909B395C19A77638691ECE2720CC3.d.FD4B5800A7152E7A007605CD412037C0.e.11709/value - {"text":"WebdriverYardrpieg"}
COMMAND: GET /session/29c94e7c3de8c8de4e6aab3f7ecf7110/screenshot - {}
RESULT: {}
RESULT: {"text":"WebdriverYardrpieg"}
COMMAND: GET /session/29c94e7c3de8c8de4e6aab3f7ecf7110/screenshot - {}
RESULT: {}
RESULT: {}
COMMAND: POST /session/29c94e7c3de8c8de4e6aab3f7ecf7110/element - {"using":"xpath","value":"//input[contains(@id ,\"customerNumber-inner\")]"}
RESULT: {"using":"xpath","value":"//input[contains(@id ,\"customerNumber-inner\")]"}
COMMAND: POST /session/29c94e7c3de8c8de4e6aab3f7ecf7110/element/f.A8B909B395C19A77638691ECE2720CC3.d.FD4B5800A7152E7A007605CD412037C0.e.11703/value - {"text":"WebdriverPartner89mcp"}
COMMAND: POST /session/29c94e7c3de8c8de4e6aab3f7ecf7110/actions - {"actions":[{"id":"action97","type":"key","parameters":{},"actions":[{"type":"keyDown","value":"î€‡"},{"type":"pause","duration":10},{"type":"keyUp","value":"î€‡"}]}]}
RESULT: {"actions":[{"id":"action97","type":"key","parameters":{},"actions":[{"type":"keyDown","value":"î€‡"},{"type":"pause","duration":10},{"type":"keyUp","value":"î€‡"}]}]}
COMMAND: GET /session/29c94e7c3de8c8de4e6aab3f7ecf7110/screenshot - {}
RESULT: {"text":"WebdriverPartner89mcp"}
COMMAND: GET /session/29c94e7c3de8c8de4e6aab3f7ecf7110/screenshot - {}
COMMAND: POST /session/29c94e7c3de8c8de4e6aab3f7ecf7110/element/f.A8B909B395C19A77638691ECE2720CC3.d.FD4B5800A7152E7A007605CD412037C0.e.11709/clear - {}
RESULT: {}
RESULT: {}
RESULT: {}
COMMAND: POST /session/29c94e7c3de8c8de4e6aab3f7ecf7110/element/f.A8B909B395C19A77638691ECE2720CC3.d.FD4B5800A7152E7A007605CD412037C0.e.11709/clear - {}
COMMAND: GET /session/29c94e7c3de8c8de4e6aab3f7ecf7110/screenshot - {}
RESULT: {}
COMMAND: POST /session/29c94e7c3de8c8de4e6aab3f7ecf7110/element/f.A8B909B395C19A77638691ECE2720CC3.d.FD4B5800A7152E7A007605CD412037C0.e.11709/value - {"text":"WebdriverYardrpieg"}
COMMAND: GET /session/29c94e7c3de8c8de4e6aab3f7ecf7110/screenshot - {}
RESULT: {}
RESULT: {"text":"WebdriverYardrpieg"}
COMMAND: GET /session/29c94e7c3de8c8de4e6aab3f7ecf7110/screenshot - {}
RESULT: {}
RESULT: {}
COMMAND: POST /session/29c94e7c3de8c8de4e6aab3f7ecf7110/actions - {"actions":[{"id":"action98","type":"key","parameters":{},"actions":[{"type":"keyDown","value":"î€‡"},{"type":"pause","duration":10},{"type":"keyUp","value":"î€‡"}]}]}
RESULT: {"actions":[{"id":"action98","type":"key","parameters":{},"actions":[{"type":"keyDown","value":"î€‡"},{"type":"pause","duration":10},{"type":"keyUp","value":"î€‡"}]}]}
COMMAND: GET /session/29c94e7c3de8c8de4e6aab3f7ecf7110/screenshot - {}
RESULT: {}
COMMAND: POST /session/29c94e7c3de8c8de4e6aab3f7ecf7110/actions - {"actions":[{"id":"action99","type":"key","parameters":{},"actions":[{"type":"keyDown","value":"î€‡"},{"type":"pause","duration":10},{"type":"keyUp","value":"î€‡"}]}]}
RESULT: {"actions":[{"id":"action99","type":"key","parameters":{},"actions":[{"type":"keyDown","value":"î€‡"},{"type":"pause","duration":10},{"type":"keyUp","value":"î€‡"}]}]}
COMMAND: GET /session/29c94e7c3de8c8de4e6aab3f7ecf7110/screenshot - {}
RESULT: {}
COMMAND: GET /session/29c94e7c3de8c8de4e6aab3f7ecf7110/element/f.A8B909B395C19A77638691ECE2720CC3.d.FD4B5800A7152E7A007605CD412037C0.e.11703/property/value - {}
RESULT: {}
COMMAND: POST /session/29c94e7c3de8c8de4e6aab3f7ecf7110/element - {"using":"xpath","value":"//input[contains(@id ,\"requestSiteId-inner\")]"}
COMMAND: GET /session/29c94e7c3de8c8de4e6aab3f7ecf7110/screenshot - {}
RESULT: {"using":"xpath","value":"//input[contains(@id ,\"requestSiteId-inner\")]"}
COMMAND: POST /session/29c94e7c3de8c8de4e6aab3f7ecf7110/element/f.A8B909B395C19A77638691ECE2720CC3.d.FD4B5800A7152E7A007605CD412037C0.e.11702/value - {"text":"WebdriverSitezdv7v"}
RESULT: {}
RESULT: {"text":"WebdriverSitezdv7v"}
COMMAND: GET /session/29c94e7c3de8c8de4e6aab3f7ecf7110/screenshot - {}
RESULT: {}
COMMAND: POST /session/29c94e7c3de8c8de4e6aab3f7ecf7110/actions - {"actions":[{"id":"action100","type":"key","parameters":{},"actions":[{"type":"keyDown","value":"î€‡"},{"type":"pause","duration":10},{"type":"keyUp","value":"î€‡"}]}]}
RESULT: {"actions":[{"id":"action100","type":"key","parameters":{},"actions":[{"type":"keyDown","value":"î€‡"},{"type":"pause","duration":10},{"type":"keyUp","value":"î€‡"}]}]}
COMMAND: GET /session/29c94e7c3de8c8de4e6aab3f7ecf7110/screenshot - {}
RESULT: {}
COMMAND: POST /session/29c94e7c3de8c8de4e6aab3f7ecf7110/element - {"using":"xpath","value":"//button[contains(@data-kt ,\"requestItemAddOverflowToolbarButton\")]"}
RESULT: {"using":"xpath","value":"//button[contains(@data-kt ,\"requestItemAddOverflowToolbarButton\")]"}
COMMAND: POST /session/29c94e7c3de8c8de4e6aab3f7ecf7110/element/f.A8B909B395C19A77638691ECE2720CC3.d.FD4B5800A7152E7A007605CD412037C0.e.11881/click - {}
RESULT: {}
COMMAND: GET /session/29c94e7c3de8c8de4e6aab3f7ecf7110/screenshot - {}
RESULT: {}
COMMAND: POST /session/29c94e7c3de8c8de4e6aab3f7ecf7110/actions - {"actions":[{"id":"action101","type":"key","parameters":{},"actions":[{"type":"keyDown","value":"î€•"},{"type":"pause","duration":10},{"type":"keyUp","value":"î€•"}]}]}
RESULT: {"actions":[{"id":"action101","type":"key","parameters":{},"actions":[{"type":"keyDown","value":"î€•"},{"type":"pause","duration":10},{"type":"keyUp","value":"î€•"}]}]}
COMMAND: POST /session/29c94e7c3de8c8de4e6aab3f7ecf7110/actions - {"actions":[{"id":"action102","type":"key","parameters":{},"actions":[{"type":"keyDown","value":"î€‡"},{"type":"pause","duration":10},{"type":"keyUp","value":"î€‡"}]}]}
COMMAND: GET /session/29c94e7c3de8c8de4e6aab3f7ecf7110/screenshot - {}
RESULT: {"actions":[{"id":"action102","type":"key","parameters":{},"actions":[{"type":"keyDown","value":"î€‡"},{"type":"pause","duration":10},{"type":"keyUp","value":"î€‡"}]}]}
COMMAND: GET /session/29c94e7c3de8c8de4e6aab3f7ecf7110/screenshot - {}
RESULT: {}
RESULT: {}
COMMAND: POST /session/29c94e7c3de8c8de4e6aab3f7ecf7110/element - {"using":"xpath","value":"(//input[contains(@id ,\"requestItemsTable-0-inner\")])[1]"}
RESULT: {"using":"xpath","value":"(//input[contains(@id ,\"requestItemsTable-0-inner\")])[1]"}
COMMAND: POST /session/29c94e7c3de8c8de4e6aab3f7ecf7110/element/f.A8B909B395C19A77638691ECE2720CC3.d.FD4B5800A7152E7A007605CD412037C0.e.11885/clear - {}
RESULT: {}
COMMAND: POST /session/29c94e7c3de8c8de4e6aab3f7ecf7110/element/f.A8B909B395C19A77638691ECE2720CC3.d.FD4B5800A7152E7A007605CD412037C0.e.11885/value - {"text":"catalogItemad2y8"}
COMMAND: GET /session/29c94e7c3de8c8de4e6aab3f7ecf7110/screenshot - {}
RESULT: {"text":"catalogItemad2y8"}
COMMAND: GET /session/29c94e7c3de8c8de4e6aab3f7ecf7110/screenshot - {}
RESULT: {}
RESULT: {}
COMMAND: POST /session/29c94e7c3de8c8de4e6aab3f7ecf7110/actions - {"actions":[{"id":"action103","type":"key","parameters":{},"actions":[{"type":"keyDown","value":"î€‡"},{"type":"pause","duration":10},{"type":"keyUp","value":"î€‡"}]}]}
RESULT: {"actions":[{"id":"action103","type":"key","parameters":{},"actions":[{"type":"keyDown","value":"î€‡"},{"type":"pause","duration":10},{"type":"keyUp","value":"î€‡"}]}]}
COMMAND: GET /session/29c94e7c3de8c8de4e6aab3f7ecf7110/screenshot - {}
RESULT: {}
COMMAND: POST /session/29c94e7c3de8c8de4e6aab3f7ecf7110/execute/async - {"script":"<script> [1562 bytes]","args":[{"selector":{"controlType":"sap.ui.core.Icon","viewName":"etm.portal.ui.managerequests.view.NewRequest","properties":{"src":{"regex":{"source":"slim\\-arrow\\-down"}}},"ancestor":{"controlType":"sap.m.Button","viewName":"etm.portal.ui.managerequests.view.NewRequest","properties":{"icon":"sap-icon://slim-arrow-down"}}},"wdio_ui5_key":"etmportal.ui.managerequests.view.NewRequestsap.ui.core.Icon{\"src\":{\"regex\":{\"source\":\"slim\\\\-arrow\\\\-down\"}}}{\"controlType\":\"sap.m.Button\",\"viewName\":\"etm.portal.ui.managerequests.view.NewRequest\",\"properties\":{\"icon\":\"sap-icon://slim-arrow-down\"}}"}]}
RESULT: {"script":"<script> [1562 bytes]","args":[{"selector":{"controlType":"sap.ui.core.Icon","viewName":"etm.portal.ui.managerequests.view.NewRequest","properties":{"src":{"regex":{"source":"slim\\-arrow\\-down"}}},"ancestor":{"controlType":"sap.m.Button","viewName":"etm.portal.ui.managerequests.view.NewRequest","properties":{"icon":"sap-icon://slim-arrow-down"}}},"wdio_ui5_key":"etmportal.ui.managerequests.view.NewRequestsap.ui.core.Icon{\"src\":{\"regex\":{\"source\":\"slim\\\\-arrow\\\\-down\"}}}{\"controlType\":\"sap.m.Button\",\"viewName\":\"etm.portal.ui.managerequests.view.NewRequest\",\"properties\":{\"icon\":\"sap-icon://slim-arrow-down\"}}"}]}
RESULT: undefined
COMMAND: POST /session/29c94e7c3de8c8de4e6aab3f7ecf7110/element - {"using":"xpath","value":"//div[contains(@data-kt ,\"splitAllocationObjectStatus\")]"}
RESULT: {"using":"xpath","value":"//div[contains(@data-kt ,\"splitAllocationObjectStatus\")]"}
COMMAND: POST /session/29c94e7c3de8c8de4e6aab3f7ecf7110/elements - {"using":"xpath","value":"//div[contains(@data-kt ,\"splitAllocationObjectStatus\")]"}
RESULT: {"using":"xpath","value":"//div[contains(@data-kt ,\"splitAllocationObjectStatus\")]"}
COMMAND: POST /session/29c94e7c3de8c8de4e6aab3f7ecf7110/execute/async - {"script":"<script> [1562 bytes]","args":[{"selector":{"controlType":"sap.ui.core.Icon","viewName":"etm.portal.ui.managerequests.view.NewRequest","properties":{"src":{"regex":{"source":"message\\-error"}}}},"wdio_ui5_key":"etmportal.ui.managerequests.view.NewRequestsap.ui.core.Icon{\"src\":{\"regex\":{\"source\":\"message\\\\-error\"}}}"}]}
RESULT: {"script":"<script> [1562 bytes]","args":[{"selector":{"controlType":"sap.ui.core.Icon","viewName":"etm.portal.ui.managerequests.view.NewRequest","properties":{"src":{"regex":{"source":"message\\-error"}}}},"wdio_ui5_key":"etmportal.ui.managerequests.view.NewRequestsap.ui.core.Icon{\"src\":{\"regex\":{\"source\":\"message\\\\-error\"}}}"}]}
RESULT: undefined
COMMAND: POST /session/29c94e7c3de8c8de4e6aab3f7ecf7110/element - {"using":"xpath","value":"//*[@id=\"__status4-__xmlview60--requestItemsTable-0-icon\"]"}
RESULT: {"using":"xpath","value":"//*[@id=\"__status4-__xmlview60--requestItemsTable-0-icon\"]"}
COMMAND: POST /session/29c94e7c3de8c8de4e6aab3f7ecf7110/element/f.A8B909B395C19A77638691ECE2720CC3.d.FD4B5800A7152E7A007605CD412037C0.e.11900/click - {}
RESULT: {}
COMMAND: POST /session/29c94e7c3de8c8de4e6aab3f7ecf7110/execute/async - {"script":"<script> [1562 bytes]","args":[{"selector":{"controlType":"sap.ui.core.Icon","viewName":"etm.portal.ui.managerequests.view.NewRequest","properties":{"src":{"regex":{"source":"slim\\-arrow\\-down"}}},"searchOpenDialogs":true,"ancestor":{"id":"costObjectAdminTypeComboBox","viewName":"etm.portal.ui.managerequests.view.NewRequest","searchOpenDialogs":true}},"wdio_ui5_key":"etmportal.ui.managerequests.view.NewRequestsap.ui.core.Icon{\"src\":{\"regex\":{\"source\":\"slim\\\\-arrow\\\\-down\"}}}{\"id\":\"costObjectAdminTypeComboBox\",\"viewName\":\"etm.portal.ui.managerequests.view.NewRequest\",\"searchOpenDialogs\":true}"}]}
COMMAND: GET /session/29c94e7c3de8c8de4e6aab3f7ecf7110/screenshot - {}
RESULT: {"script":"<script> [1562 bytes]","args":[{"selector":{"controlType":"sap.ui.core.Icon","viewName":"etm.portal.ui.managerequests.view.NewRequest","properties":{"src":{"regex":{"source":"slim\\-arrow\\-down"}}},"searchOpenDialogs":true,"ancestor":{"id":"costObjectAdminTypeComboBox","viewName":"etm.portal.ui.managerequests.view.NewRequest","searchOpenDialogs":true}},"wdio_ui5_key":"etmportal.ui.managerequests.view.NewRequestsap.ui.core.Icon{\"src\":{\"regex\":{\"source\":\"slim\\\\-arrow\\\\-down\"}}}{\"id\":\"costObjectAdminTypeComboBox\",\"viewName\":\"etm.portal.ui.managerequests.view.NewRequest\",\"searchOpenDialogs\":true}"}]}
RESULT: undefined
COMMAND: POST /session/29c94e7c3de8c8de4e6aab3f7ecf7110/element - {"using":"xpath","value":"//*[@id=\"__xmlview60--costObjectAdminTypeComboBox-arrow\"]"}
RESULT: {}
RESULT: {"using":"xpath","value":"//*[@id=\"__xmlview60--costObjectAdminTypeComboBox-arrow\"]"}
COMMAND: POST /session/29c94e7c3de8c8de4e6aab3f7ecf7110/element/f.A8B909B395C19A77638691ECE2720CC3.d.FD4B5800A7152E7A007605CD412037C0.e.11905/click - {}
RESULT: {}
COMMAND: POST /session/29c94e7c3de8c8de4e6aab3f7ecf7110/execute/async - {"script":"<script> [1562 bytes]","args":[{"selector":{"controlType":"sap.m.StandardListItem","viewName":"etm.portal.ui.managerequests.view.NewRequest","properties":{"title":"Cost Center"},"searchOpenDialogs":true,"interaction":{"idSuffix":"titleText"}},"wdio_ui5_key":"etmportal.ui.managerequests.view.NewRequestsap.m.StandardListItem{\"title\":\"Cost Center\"}"}]}
COMMAND: GET /session/29c94e7c3de8c8de4e6aab3f7ecf7110/screenshot - {}
RESULT: {"script":"<script> [1562 bytes]","args":[{"selector":{"controlType":"sap.m.StandardListItem","viewName":"etm.portal.ui.managerequests.view.NewRequest","properties":{"title":"Cost Center"},"searchOpenDialogs":true,"interaction":{"idSuffix":"titleText"}},"wdio_ui5_key":"etmportal.ui.managerequests.view.NewRequestsap.m.StandardListItem{\"title\":\"Cost Center\"}"}]}
RESULT: undefined
COMMAND: POST /session/29c94e7c3de8c8de4e6aab3f7ecf7110/element - {"using":"xpath","value":"//*[@id=\"__item301\"]"}
RESULT: {}
RESULT: {"using":"xpath","value":"//*[@id=\"__item301\"]"}
COMMAND: POST /session/29c94e7c3de8c8de4e6aab3f7ecf7110/element/f.A8B909B395C19A77638691ECE2720CC3.d.FD4B5800A7152E7A007605CD412037C0.e.11907/click - {}
RESULT: {}
COMMAND: GET /session/29c94e7c3de8c8de4e6aab3f7ecf7110/screenshot - {}
RESULT: {}
COMMAND: POST /session/29c94e7c3de8c8de4e6aab3f7ecf7110/execute/async - {"script":"<script> [1562 bytes]","args":[{"selector":{"controlType":"sap.ui.core.Icon","viewName":"etm.portal.ui.managerequests.view.NewRequest","properties":{"src":{"regex":{"source":"value\\-help"}}},"searchOpenDialogs":true},"wdio_ui5_key":"etmportal.ui.managerequests.view.NewRequestsap.ui.core.Icon{\"src\":{\"regex\":{\"source\":\"value\\\\-help\"}}}"}]}
RESULT: {"script":"<script> [1562 bytes]","args":[{"selector":{"controlType":"sap.ui.core.Icon","viewName":"etm.portal.ui.managerequests.view.NewRequest","properties":{"src":{"regex":{"source":"value\\-help"}}},"searchOpenDialogs":true},"wdio_ui5_key":"etmportal.ui.managerequests.view.NewRequestsap.ui.core.Icon{\"src\":{\"regex\":{\"source\":\"value\\\\-help\"}}}"}]}
RESULT: undefined
COMMAND: POST /session/29c94e7c3de8c8de4e6aab3f7ecf7110/element - {"using":"xpath","value":"//*[@id=\"__xmlview60--costObjectIdComboBox-vhi\"]"}
RESULT: {"using":"xpath","value":"//*[@id=\"__xmlview60--costObjectIdComboBox-vhi\"]"}
COMMAND: POST /session/29c94e7c3de8c8de4e6aab3f7ecf7110/element/f.A8B909B395C19A77638691ECE2720CC3.d.FD4B5800A7152E7A007605CD412037C0.e.11913/click - {}
RESULT: {}
COMMAND: POST /session/29c94e7c3de8c8de4e6aab3f7ecf7110/execute/async - {"script":"<script> [1562 bytes]","args":[{"selector":{"controlType":"sap.m.SearchField","properties":{"placeholder":"Search"},"searchOpenDialogs":true,"interaction":{"idSuffix":"I"}},"wdio_ui5_key":"sapm.SearchField{\"placeholder\":\"Search\"}"}]}
COMMAND: GET /session/29c94e7c3de8c8de4e6aab3f7ecf7110/screenshot - {}
RESULT: {"script":"<script> [1562 bytes]","args":[{"selector":{"controlType":"sap.m.SearchField","properties":{"placeholder":"Search"},"searchOpenDialogs":true,"interaction":{"idSuffix":"I"}},"wdio_ui5_key":"sapm.SearchField{\"placeholder\":\"Search\"}"}]}
RESULT: undefined
COMMAND: POST /session/29c94e7c3de8c8de4e6aab3f7ecf7110/execute/async - {"script":"<script> [776 bytes]","args":[{"enterText":"10001010","selector":{"controlType":"sap.m.SearchField","properties":{"placeholder":"Search"},"searchOpenDialogs":true,"interaction":{"idSuffix":"I"}},"clearTextFirst":true,"interactionType":"ENTER_TEXT"}]}
RESULT: {}
RESULT: {"script":"<script> [776 bytes]","args":[{"enterText":"10001010","selector":{"controlType":"sap.m.SearchField","properties":{"placeholder":"Search"},"searchOpenDialogs":true,"interaction":{"idSuffix":"I"}},"clearTextFirst":true,"interactionType":"ENTER_TEXT"}]}
COMMAND: POST /session/29c94e7c3de8c8de4e6aab3f7ecf7110/actions - {"actions":[{"id":"action104","type":"key","parameters":{},"actions":[{"type":"keyDown","value":"î€‡"},{"type":"pause","duration":10},{"type":"keyUp","value":"î€‡"}]}]}
RESULT: {"actions":[{"id":"action104","type":"key","parameters":{},"actions":[{"type":"keyDown","value":"î€‡"},{"type":"pause","duration":10},{"type":"keyUp","value":"î€‡"}]}]}
COMMAND: GET /session/29c94e7c3de8c8de4e6aab3f7ecf7110/screenshot - {}
RESULT: {}
COMMAND: POST /session/29c94e7c3de8c8de4e6aab3f7ecf7110/execute/async - {"script":"<script> [1562 bytes]","args":[{"selector":{"controlType":"sap.m.Text","bindingPath":{"path":"/C_CostCtrValueHelp(CostCenter='10001010',ControllingArea='Z001')","propertyPath":"CostCenterName","modelName":"CostCenterModel"},"searchOpenDialogs":true},"wdio_ui5_key":"sapm.Text{\"path\":\"/C_CostCtrValueHelp(CostCenter='10001010',ControllingArea='Z001')\",\"propertyPath\":\"CostCenterName\",\"modelName\":\"CostCenterModel\"}"}]}
RESULT: {"script":"<script> [1562 bytes]","args":[{"selector":{"controlType":"sap.m.Text","bindingPath":{"path":"/C_CostCtrValueHelp(CostCenter='10001010',ControllingArea='Z001')","propertyPath":"CostCenterName","modelName":"CostCenterModel"},"searchOpenDialogs":true},"wdio_ui5_key":"sapm.Text{\"path\":\"/C_CostCtrValueHelp(CostCenter='10001010',ControllingArea='Z001')\",\"propertyPath\":\"CostCenterName\",\"modelName\":\"CostCenterModel\"}"}]}
RESULT: undefined
COMMAND: POST /session/29c94e7c3de8c8de4e6aab3f7ecf7110/element - {"using":"xpath","value":"//*[@id=\"__text289-__clone375\"]"}
RESULT: {"using":"xpath","value":"//*[@id=\"__text289-__clone375\"]"}
COMMAND: POST /session/29c94e7c3de8c8de4e6aab3f7ecf7110/element/f.A8B909B395C19A77638691ECE2720CC3.d.FD4B5800A7152E7A007605CD412037C0.e.11953/click - {}
RESULT: {}
COMMAND: POST /session/29c94e7c3de8c8de4e6aab3f7ecf7110/execute/async - {"script":"<script> [1562 bytes]","args":[{"selector":{"controlType":"sap.m.Button","properties":{"text":"OK"},"searchOpenDialogs":true,"interaction":{"idSuffix":"BDI-content"}},"wdio_ui5_key":"sapm.Button{\"text\":\"OK\"}"}]}
COMMAND: GET /session/29c94e7c3de8c8de4e6aab3f7ecf7110/screenshot - {}
RESULT: {"script":"<script> [1562 bytes]","args":[{"selector":{"controlType":"sap.m.Button","properties":{"text":"OK"},"searchOpenDialogs":true,"interaction":{"idSuffix":"BDI-content"}},"wdio_ui5_key":"sapm.Button{\"text\":\"OK\"}"}]}
RESULT: undefined
COMMAND: POST /session/29c94e7c3de8c8de4e6aab3f7ecf7110/element - {"using":"xpath","value":"//*[@id=\"__dialog1-ok\"]"}
RESULT: {}
RESULT: {"using":"xpath","value":"//*[@id=\"__dialog1-ok\"]"}
COMMAND: POST /session/29c94e7c3de8c8de4e6aab3f7ecf7110/element/f.A8B909B395C19A77638691ECE2720CC3.d.FD4B5800A7152E7A007605CD412037C0.e.11955/click - {}
RESULT: {}
COMMAND: GET /session/29c94e7c3de8c8de4e6aab3f7ecf7110/screenshot - {}
RESULT: {}
COMMAND: POST /session/29c94e7c3de8c8de4e6aab3f7ecf7110/execute/async - {"script":"<script> [1562 bytes]","args":[{"selector":{"controlType":"sap.m.Button","viewName":"etm.portal.ui.managerequests.view.NewRequest","i18NText":{"propertyName":"text","key":"save"},"searchOpenDialogs":true,"interaction":{"idSuffix":"BDI-content"}},"wdio_ui5_key":"etmportal.ui.managerequests.view.NewRequestsap.m.Button{\"propertyName\":\"text\",\"key\":\"save\"}"}]}
RESULT: {"script":"<script> [1562 bytes]","args":[{"selector":{"controlType":"sap.m.Button","viewName":"etm.portal.ui.managerequests.view.NewRequest","i18NText":{"propertyName":"text","key":"save"},"searchOpenDialogs":true,"interaction":{"idSuffix":"BDI-content"}},"wdio_ui5_key":"etmportal.ui.managerequests.view.NewRequestsap.m.Button{\"propertyName\":\"text\",\"key\":\"save\"}"}]}
RESULT: undefined
COMMAND: POST /session/29c94e7c3de8c8de4e6aab3f7ecf7110/element - {"using":"xpath","value":"//*[@id=\"__button23\"]"}
RESULT: {"using":"xpath","value":"//*[@id=\"__button23\"]"}
COMMAND: POST /session/29c94e7c3de8c8de4e6aab3f7ecf7110/element/f.A8B909B395C19A77638691ECE2720CC3.d.FD4B5800A7152E7A007605CD412037C0.e.11959/click - {}
RESULT: {}
COMMAND: GET /session/29c94e7c3de8c8de4e6aab3f7ecf7110/screenshot - {}
RESULT: {}
COMMAND: POST /session/29c94e7c3de8c8de4e6aab3f7ecf7110/element - {"using":"xpath","value":"(//bdi[contains(text() ,\"Save\")])[1]"}
RESULT: {"using":"xpath","value":"(//bdi[contains(text() ,\"Save\")])[1]"}
COMMAND: POST /session/29c94e7c3de8c8de4e6aab3f7ecf7110/element/f.A8B909B395C19A77638691ECE2720CC3.d.FD4B5800A7152E7A007605CD412037C0.e.11961/click - {}
RESULT: {}
COMMAND: GET /session/29c94e7c3de8c8de4e6aab3f7ecf7110/screenshot - {}
RESULT: {}
COMMAND: POST /session/29c94e7c3de8c8de4e6aab3f7ecf7110/execute/async - {"script":"<script> [1562 bytes]","args":[{"selector":{"controlType":"sap.m.Title","properties":{"text":"Success"},"searchOpenDialogs":true},"wdio_ui5_key":"sapm.Title{\"text\":\"Success\"}"}]}
RESULT: {"script":"<script> [1562 bytes]","args":[{"selector":{"controlType":"sap.m.Title","properties":{"text":"Success"},"searchOpenDialogs":true},"wdio_ui5_key":"sapm.Title{\"text\":\"Success\"}"}]}
RESULT: undefined
COMMAND: POST /session/29c94e7c3de8c8de4e6aab3f7ecf7110/execute/async - {"script":"<script> [6424 bytes]","args":[{"element-6066-11e4-a52e-4f735466cecf":"f.A8B909B395C19A77638691ECE2720CC3.d.FD4B5800A7152E7A007605CD412037C0.e.11965"},"getText",[]]}
RESULT: {"script":"<script> [6424 bytes]","args":[{"element-6066-11e4-a52e-4f735466cecf":"f.A8B909B395C19A77638691ECE2720CC3.d.FD4B5800A7152E7A007605CD412037C0.e.11965"},"getText",[]]}
COMMAND: POST /session/29c94e7c3de8c8de4e6aab3f7ecf7110/execute/async - {"script":"<script> [1562 bytes]","args":[{"selector":{"controlType":"sap.m.Button","properties":{"text":"Close"},"searchOpenDialogs":true,"interaction":{"idSuffix":"BDI-content"}},"wdio_ui5_key":"sapm.Button{\"text\":\"Close\"}"}]}
RESULT: {"script":"<script> [1562 bytes]","args":[{"selector":{"controlType":"sap.m.Button","properties":{"text":"Close"},"searchOpenDialogs":true,"interaction":{"idSuffix":"BDI-content"}},"wdio_ui5_key":"sapm.Button{\"text\":\"Close\"}"}]}
RESULT: undefined
COMMAND: POST /session/29c94e7c3de8c8de4e6aab3f7ecf7110/element - {"using":"xpath","value":"//*[@id=\"__mbox-btn-0\"]"}
RESULT: {"using":"xpath","value":"//*[@id=\"__mbox-btn-0\"]"}
COMMAND: POST /session/29c94e7c3de8c8de4e6aab3f7ecf7110/element/f.A8B909B395C19A77638691ECE2720CC3.d.FD4B5800A7152E7A007605CD412037C0.e.11964/click - {}
RESULT: {}
COMMAND: GET /session/29c94e7c3de8c8de4e6aab3f7ecf7110/screenshot - {}
RESULT: {}
COMMAND: POST /session/29c94e7c3de8c8de4e6aab3f7ecf7110/execute/async - {"script":"<script> [1562 bytes]","args":[{"selector":{"controlType":"sap.m.Text","viewName":"etm.portal.ui.managerequests.view.Detail","bindingPath":{"propertyPath":"NO","modelName":"catalogModel"}},"wdio_ui5_key":"etmportal.ui.managerequests.view.Detailsap.m.Text{\"propertyPath\":\"NO\",\"modelName\":\"catalogModel\"}"}]}
RESULT: {"script":"<script> [1562 bytes]","args":[{"selector":{"controlType":"sap.m.Text","viewName":"etm.portal.ui.managerequests.view.Detail","bindingPath":{"propertyPath":"NO","modelName":"catalogModel"}},"wdio_ui5_key":"etmportal.ui.managerequests.view.Detailsap.m.Text{\"propertyPath\":\"NO\",\"modelName\":\"catalogModel\"}"}]}
RESULT: undefined
COMMAND: POST /session/29c94e7c3de8c8de4e6aab3f7ecf7110/execute/async - {"script":"<script> [6424 bytes]","args":[{"element-6066-11e4-a52e-4f735466cecf":"f.A8B909B395C19A77638691ECE2720CC3.d.FD4B5800A7152E7A007605CD412037C0.e.12090"},"getText",[]]}
RESULT: {"script":"<script> [6424 bytes]","args":[{"element-6066-11e4-a52e-4f735466cecf":"f.A8B909B395C19A77638691ECE2720CC3.d.FD4B5800A7152E7A007605CD412037C0.e.12090"},"getText",[]]}
COMMAND: POST /session/29c94e7c3de8c8de4e6aab3f7ecf7110/execute/async - {"script":"<script> [1562 bytes]","args":[{"selector":{"controlType":"sap.ui.core.Icon","viewName":"etm.portal.ui.managerequests.view.Detail","properties":{"src":{"regex":{"source":"date\\-time"}}},"ancestor":{"controlType":"sap.m.ColumnListItem","viewName":"etm.portal.ui.managerequests.view.Detail","bindingPath":{"path":"/SmartRequestItemsPlanningBoard(ITEM=10m,REQUEST='20068')"},"ancestor":{"id":"requestItemsTable","viewName":"etm.portal.ui.managerequests.view.Detail"}}},"wdio_ui5_key":"etmportal.ui.managerequests.view.Detailsap.ui.core.Icon{\"src\":{\"regex\":{\"source\":\"date\\\\-time\"}}}{\"controlType\":\"sap.m.ColumnListItem\",\"viewName\":\"etm.portal.ui.managerequests.view.Detail\",\"bindingPath\":{\"path\":\"/SmartRequestItemsPlanningBoard(ITEM=10m,REQUEST='20068')\"},\"ancestor\":{\"id\":\"requestItemsTable\",\"viewName\":\"etm.portal.ui.managerequests.view.Detail\"}}"}]}
RESULT: {"script":"<script> [1562 bytes]","args":[{"selector":{"controlType":"sap.ui.core.Icon","viewName":"etm.portal.ui.managerequests.view.Detail","properties":{"src":{"regex":{"source":"date\\-time"}}},"ancestor":{"controlType":"sap.m.ColumnListItem","viewName":"etm.portal.ui.managerequests.view.Detail","bindingPath":{"path":"/SmartRequestItemsPlanningBoard(ITEM=10m,REQUEST='20068')"},"ancestor":{"id":"requestItemsTable","viewName":"etm.portal.ui.managerequests.view.Detail"}}},"wdio_ui5_key":"etmportal.ui.managerequests.view.Detailsap.ui.core.Icon{\"src\":{\"regex\":{\"source\":\"date\\\\-time\"}}}{\"controlType\":\"sap.m.ColumnListItem\",\"viewName\":\"etm.portal.ui.managerequests.view.Detail\",\"bindingPath\":{\"path\":\"/SmartRequestItemsPlanningBoard(ITEM=10m,REQUEST='20068')\"},\"ancestor\":{\"id\":\"requestItemsTable\",\"viewName\":\"etm.portal.ui.managerequests.view.Detail\"}}"}]}
RESULT: undefined
COMMAND: POST /session/29c94e7c3de8c8de4e6aab3f7ecf7110/element - {"using":"xpath","value":"//*[@id=\"__button38-__clone414-img\"]"}
RESULT: {"using":"xpath","value":"//*[@id=\"__button38-__clone414-img\"]"}
COMMAND: POST /session/29c94e7c3de8c8de4e6aab3f7ecf7110/element/f.A8B909B395C19A77638691ECE2720CC3.d.FD4B5800A7152E7A007605CD412037C0.e.12091/click - {}
RESULT: {}
COMMAND: POST /session/29c94e7c3de8c8de4e6aab3f7ecf7110/execute/async - {"script":"<script> [1562 bytes]","args":[{"selector":{"controlType":"sap.m.Button","viewName":"etm.portal.ui.managerequests.view.Detail","properties":{"text":"Close"},"searchOpenDialogs":true,"interaction":{"idSuffix":"BDI-content"}},"wdio_ui5_key":"etmportal.ui.managerequests.view.Detailsap.m.Button{\"text\":\"Close\"}"}]}
COMMAND: GET /session/29c94e7c3de8c8de4e6aab3f7ecf7110/screenshot - {}
RESULT: {"script":"<script> [1562 bytes]","args":[{"selector":{"controlType":"sap.m.Button","viewName":"etm.portal.ui.managerequests.view.Detail","properties":{"text":"Close"},"searchOpenDialogs":true,"interaction":{"idSuffix":"BDI-content"}},"wdio_ui5_key":"etmportal.ui.managerequests.view.Detailsap.m.Button{\"text\":\"Close\"}"}]}
RESULT: undefined
COMMAND: POST /session/29c94e7c3de8c8de4e6aab3f7ecf7110/element - {"using":"xpath","value":"//*[@id=\"__button48\"]"}
RESULT: {}
RESULT: {"using":"xpath","value":"//*[@id=\"__button48\"]"}
COMMAND: POST /session/29c94e7c3de8c8de4e6aab3f7ecf7110/element/f.A8B909B395C19A77638691ECE2720CC3.d.FD4B5800A7152E7A007605CD412037C0.e.12094/click - {}
RESULT: {}
COMMAND: POST /session/29c94e7c3de8c8de4e6aab3f7ecf7110/refresh - {}
COMMAND: GET /session/29c94e7c3de8c8de4e6aab3f7ecf7110/screenshot - {}
RESULT: {}
COMMAND: GET /session/29c94e7c3de8c8de4e6aab3f7ecf7110/screenshot - {}
RESULT: {}
RESULT: {}
COMMAND: POST /session/29c94e7c3de8c8de4e6aab3f7ecf7110/execute/async - {"script":"<script> [189 bytes]","args":[]}
RESULT: {"script":"<script> [189 bytes]","args":[]}
COMMAND: POST /session/29c94e7c3de8c8de4e6aab3f7ecf7110/execute/async - {"script":"<script> [123 bytes]","args":[]}
RESULT: {"script":"<script> [123 bytes]","args":[]}
COMMAND: POST /session/29c94e7c3de8c8de4e6aab3f7ecf7110/timeouts - {"script":"<number>"}
RESULT: {"script":"<number>"}
COMMAND: GET /session/29c94e7c3de8c8de4e6aab3f7ecf7110/timeouts - {}
RESULT: {}
RESULT: undefined
COMMAND: POST /session/29c94e7c3de8c8de4e6aab3f7ecf7110/execute/async - {"script":"<script> [2676 bytes]","args":[]}
RESULT: {"script":"<script> [2676 bytes]","args":[]}
COMMAND: POST /session/29c94e7c3de8c8de4e6aab3f7ecf7110/execute/async - {"script":"<script> [2342 bytes]","args":[{"protocol":"http","hostname":"0.0.0.0","path":"/","capabilities":{"browserName":"chrome","goog:chromeOptions":{"binary":"C:\\Program Files\\Google\\Chrome\\Application\\chrome.exe","args":["--start-maximized"]}},"logLevel":"warn","connectionRetryTimeout":120000,"connectionRetryCount":3,"logLevels":{},"enableDirectConnect":true,"strictSSL":true,"_":"65 more keys: [\"cacheDir\",\"port\",\"requestedCapabilities\",\"automationProtocol\",\"baseUrl\",\"waitforInterval\",\"waitforTimeout\",\"onReload\",\"beforeCommand\",\"afterCommand\",\"rootDir\",\"specs\",\"suites\",\"exclude\",\"groupLogsByTestSpec\",\"excludeDriverLogs\",\"bail\",\"framework\",\"reporters\",\"services\",\"maxInstances\",\"maxInstancesPerCapability\",\"injectGlobals\",\"filesToWatch\",\"execArgv\",\"runnerEnv\",\"runner\",\"shard\",\"specFileRetries\",\"specFileRetriesDelay\",\"specFileRetriesDeferred\",\"reporterSyncInterval\",\"reporterSyncTimeout\",\"cucumberFeaturesWithLineNumbers\",\"autoCompileOpts\",\"mochaOpts\",\"jasmineOpts\",\"cucumberOpts\",\"onPrepare\",\"onWorkerStart\",\"onWorkerEnd\",\"before\",\"beforeSession\",\"beforeSuite\",\"beforeHook\",\"beforeTest\",\"afterTest\",\"afterHook\",\"afterSuite\",\"afterSession\",\"after\",\"onComplete\",\"beforeAssertion\",\"afterAssertion\",\"beforeFeature\",\"beforeScenario\",\"beforeStep\",\"afterStep\",\"afterScenario\",\"afterFeature\",\"_\",\"suite\",\"$0\",\"ignoredWorkerServices\",\"wdi5\"]"}]}
RESULT: {"script":"<script> [2342 bytes]","args":[{"protocol":"http","hostname":"0.0.0.0","path":"/","capabilities":{"browserName":"chrome","goog:chromeOptions":{"binary":"C:\\Program Files\\Google\\Chrome\\Application\\chrome.exe","args":["--start-maximized"]}},"logLevel":"warn","connectionRetryTimeout":120000,"connectionRetryCount":3,"logLevels":{},"enableDirectConnect":true,"strictSSL":true,"_":"65 more keys: [\"cacheDir\",\"port\",\"requestedCapabilities\",\"automationProtocol\",\"baseUrl\",\"waitforInterval\",\"waitforTimeout\",\"onReload\",\"beforeCommand\",\"afterCommand\",\"rootDir\",\"specs\",\"suites\",\"exclude\",\"groupLogsByTestSpec\",\"excludeDriverLogs\",\"bail\",\"framework\",\"reporters\",\"services\",\"maxInstances\",\"maxInstancesPerCapability\",\"injectGlobals\",\"filesToWatch\",\"execArgv\",\"runnerEnv\",\"runner\",\"shard\",\"specFileRetries\",\"specFileRetriesDelay\",\"specFileRetriesDeferred\",\"reporterSyncInterval\",\"reporterSyncTimeout\",\"cucumberFeaturesWithLineNumbers\",\"autoCompileOpts\",\"mochaOpts\",\"jasmineOpts\",\"cucumberOpts\",\"onPrepare\",\"onWorkerStart\",\"onWorkerEnd\",\"before\",\"beforeSession\",\"beforeSuite\",\"beforeHook\",\"beforeTest\",\"afterTest\",\"afterHook\",\"afterSuite\",\"afterSession\",\"after\",\"onComplete\",\"beforeAssertion\",\"afterAssertion\",\"beforeFeature\",\"beforeScenario\",\"beforeStep\",\"afterStep\",\"afterScenario\",\"afterFeature\",\"_\",\"suite\",\"$0\",\"ignoredWorkerServices\",\"wdi5\"]"}]}
COMMAND: POST /session/29c94e7c3de8c8de4e6aab3f7ecf7110/execute/async - {"script":"<script> [21126 bytes]","args":[35000]}
RESULT: {"script":"<script> [21126 bytes]","args":[35000]}
]]></system-out>
    </testcase>
    <testcase classname="chrome.137_0_7151_69.windows.Process_request_items_into_new_quotation_US120163" name="Should process the request into a new quotation" time="54.586">
      <system-out><![CDATA[
COMMAND: GET /session/29c94e7c3de8c8de4e6aab3f7ecf7110/window - {}
RESULT: {}
COMMAND: POST /session/29c94e7c3de8c8de4e6aab3f7ecf7110/element - {"using":"xpath","value":"//span[contains(@id ,\"detailHeaderTitle-_actionsToolbar-overflowButton-img\")]"}
RESULT: {"using":"xpath","value":"//span[contains(@id ,\"detailHeaderTitle-_actionsToolbar-overflowButton-img\")]"}
COMMAND: POST /session/29c94e7c3de8c8de4e6aab3f7ecf7110/element/f.A8B909B395C19A77638691ECE2720CC3.d.122080042C9A48AE1A6EC38091D4B9E3.e.12299/click - {}
RESULT: {}
COMMAND: GET /session/29c94e7c3de8c8de4e6aab3f7ecf7110/screenshot - {}
RESULT: {}
COMMAND: POST /session/29c94e7c3de8c8de4e6aab3f7ecf7110/element - {"using":"xpath","value":"//span[contains(@id ,\"actionsMenuButton-internalSplitBtn-arrowButton-img\")]"}
RESULT: {"using":"xpath","value":"//span[contains(@id ,\"actionsMenuButton-internalSplitBtn-arrowButton-img\")]"}
COMMAND: POST /session/29c94e7c3de8c8de4e6aab3f7ecf7110/element/f.A8B909B395C19A77638691ECE2720CC3.d.122080042C9A48AE1A6EC38091D4B9E3.e.12302/click - {}
RESULT: {}
COMMAND: GET /session/29c94e7c3de8c8de4e6aab3f7ecf7110/screenshot - {}
RESULT: {}
COMMAND: POST /session/29c94e7c3de8c8de4e6aab3f7ecf7110/actions - {"actions":[{"id":"action105","type":"key","parameters":{},"actions":[{"type":"keyDown","value":"î€•"},{"type":"pause","duration":10},{"type":"keyUp","value":"î€•"}]}]}
RESULT: {"actions":[{"id":"action105","type":"key","parameters":{},"actions":[{"type":"keyDown","value":"î€•"},{"type":"pause","duration":10},{"type":"keyUp","value":"î€•"}]}]}
COMMAND: GET /session/29c94e7c3de8c8de4e6aab3f7ecf7110/screenshot - {}
RESULT: {}
COMMAND: POST /session/29c94e7c3de8c8de4e6aab3f7ecf7110/actions - {"actions":[{"id":"action106","type":"key","parameters":{},"actions":[{"type":"keyDown","value":"î€‡"},{"type":"pause","duration":10},{"type":"keyUp","value":"î€‡"}]}]}
RESULT: {"actions":[{"id":"action106","type":"key","parameters":{},"actions":[{"type":"keyDown","value":"î€‡"},{"type":"pause","duration":10},{"type":"keyUp","value":"î€‡"}]}]}
COMMAND: GET /session/29c94e7c3de8c8de4e6aab3f7ecf7110/screenshot - {}
RESULT: {}
COMMAND: POST /session/29c94e7c3de8c8de4e6aab3f7ecf7110/actions - {"actions":[{"id":"action107","type":"key","parameters":{},"actions":[{"type":"keyDown","value":"î€‡"},{"type":"pause","duration":10},{"type":"keyUp","value":"î€‡"}]}]}
RESULT: {"actions":[{"id":"action107","type":"key","parameters":{},"actions":[{"type":"keyDown","value":"î€‡"},{"type":"pause","duration":10},{"type":"keyUp","value":"î€‡"}]}]}
COMMAND: GET /session/29c94e7c3de8c8de4e6aab3f7ecf7110/screenshot - {}
RESULT: {}
COMMAND: POST /session/29c94e7c3de8c8de4e6aab3f7ecf7110/actions - {"actions":[{"id":"action108","type":"key","parameters":{},"actions":[{"type":"keyDown","value":"î€‡"},{"type":"pause","duration":10},{"type":"keyUp","value":"î€‡"}]}]}
RESULT: {"actions":[{"id":"action108","type":"key","parameters":{},"actions":[{"type":"keyDown","value":"î€‡"},{"type":"pause","duration":10},{"type":"keyUp","value":"î€‡"}]}]}
COMMAND: GET /session/29c94e7c3de8c8de4e6aab3f7ecf7110/screenshot - {}
RESULT: {}
COMMAND: POST /session/29c94e7c3de8c8de4e6aab3f7ecf7110/actions - {"actions":[{"id":"action109","type":"key","parameters":{},"actions":[{"type":"keyDown","value":"î€‡"},{"type":"pause","duration":10},{"type":"keyUp","value":"î€‡"}]}]}
RESULT: {"actions":[{"id":"action109","type":"key","parameters":{},"actions":[{"type":"keyDown","value":"î€‡"},{"type":"pause","duration":10},{"type":"keyUp","value":"î€‡"}]}]}
COMMAND: GET /session/29c94e7c3de8c8de4e6aab3f7ecf7110/screenshot - {}
RESULT: {}
COMMAND: GET /session/29c94e7c3de8c8de4e6aab3f7ecf7110/window/handles - {}
RESULT: {}
COMMAND: GET /session/29c94e7c3de8c8de4e6aab3f7ecf7110/window/handles - {}
RESULT: {}
COMMAND: POST /session/29c94e7c3de8c8de4e6aab3f7ecf7110/window - {"handle":"E257A548C3CA423EBACE03FA20FE4FDD"}
RESULT: {"handle":"E257A548C3CA423EBACE03FA20FE4FDD"}
COMMAND: GET /session/29c94e7c3de8c8de4e6aab3f7ecf7110/url - {}
RESULT: {}
COMMAND: GET /session/29c94e7c3de8c8de4e6aab3f7ecf7110/screenshot - {}
RESULT: {}
COMMAND: POST /session/29c94e7c3de8c8de4e6aab3f7ecf7110/element - {"using":"xpath","value":"//span[contains(text(), \"Header Billing Items\")]"}
RESULT: {"using":"xpath","value":"//span[contains(text(), \"Header Billing Items\")]"}
COMMAND: POST /session/29c94e7c3de8c8de4e6aab3f7ecf7110/element/f.E257A548C3CA423EBACE03FA20FE4FDD.d.F5AF1B6F4F8DC469865E79264F8C2C2E.e.12527/click - {}
RESULT: {}
COMMAND: GET /session/29c94e7c3de8c8de4e6aab3f7ecf7110/screenshot - {}
RESULT: {}
COMMAND: POST /session/29c94e7c3de8c8de4e6aab3f7ecf7110/element - {"using":"xpath","value":"//span[contains(@id ,\"contractItemsSmartTable-header-inner\")]"}
RESULT: {"using":"xpath","value":"//span[contains(@id ,\"contractItemsSmartTable-header-inner\")]"}
COMMAND: GET /session/29c94e7c3de8c8de4e6aab3f7ecf7110/element/f.E257A548C3CA423EBACE03FA20FE4FDD.d.F5AF1B6F4F8DC469865E79264F8C2C2E.e.12529/text - {}
RESULT: {}
COMMAND: POST /session/29c94e7c3de8c8de4e6aab3f7ecf7110/element - {"using":"xpath","value":"//span[@class=\"sapMObjStatusText\"][contains(text(), \"proposed\")]"}
RESULT: {"using":"xpath","value":"//span[@class=\"sapMObjStatusText\"][contains(text(), \"proposed\")]"}
COMMAND: GET /session/29c94e7c3de8c8de4e6aab3f7ecf7110/element/f.E257A548C3CA423EBACE03FA20FE4FDD.d.F5AF1B6F4F8DC469865E79264F8C2C2E.e.12530/text - {}
RESULT: {}
COMMAND: DELETE /session/29c94e7c3de8c8de4e6aab3f7ecf7110/window - {}
RESULT: {}
COMMAND: POST /session/29c94e7c3de8c8de4e6aab3f7ecf7110/window - {"handle":"A8B909B395C19A77638691ECE2720CC3"}
RESULT: {"handle":"A8B909B395C19A77638691ECE2720CC3"}
COMMAND: GET /session/29c94e7c3de8c8de4e6aab3f7ecf7110/url - {}
RESULT: {}
COMMAND: GET /session/29c94e7c3de8c8de4e6aab3f7ecf7110/screenshot - {}
RESULT: {}
]]></system-out>
    </testcase>
    <testcase classname="chrome.137_0_7151_69.windows.Process_request_items_into_new_quotation_US120163" name="Should navigate back to the request and check the request and item statuses" time="35.782">
      <system-out><![CDATA[
COMMAND: POST /session/29c94e7c3de8c8de4e6aab3f7ecf7110/refresh - {}
RESULT: {}
COMMAND: GET /session/29c94e7c3de8c8de4e6aab3f7ecf7110/screenshot - {}
RESULT: {}
COMMAND: POST /session/29c94e7c3de8c8de4e6aab3f7ecf7110/execute/async - {"script":"<script> [189 bytes]","args":[]}
RESULT: {"script":"<script> [189 bytes]","args":[]}
COMMAND: POST /session/29c94e7c3de8c8de4e6aab3f7ecf7110/execute/async - {"script":"<script> [123 bytes]","args":[]}
RESULT: {"script":"<script> [123 bytes]","args":[]}
COMMAND: POST /session/29c94e7c3de8c8de4e6aab3f7ecf7110/timeouts - {"script":"<number>"}
RESULT: {"script":"<number>"}
COMMAND: GET /session/29c94e7c3de8c8de4e6aab3f7ecf7110/timeouts - {}
RESULT: {}
RESULT: undefined
COMMAND: POST /session/29c94e7c3de8c8de4e6aab3f7ecf7110/execute/async - {"script":"<script> [2676 bytes]","args":[]}
RESULT: {"script":"<script> [2676 bytes]","args":[]}
COMMAND: POST /session/29c94e7c3de8c8de4e6aab3f7ecf7110/execute/async - {"script":"<script> [2342 bytes]","args":[{"protocol":"http","hostname":"0.0.0.0","path":"/","capabilities":{"browserName":"chrome","goog:chromeOptions":{"binary":"C:\\Program Files\\Google\\Chrome\\Application\\chrome.exe","args":["--start-maximized"]}},"logLevel":"warn","connectionRetryTimeout":120000,"connectionRetryCount":3,"logLevels":{},"enableDirectConnect":true,"strictSSL":true,"_":"65 more keys: [\"cacheDir\",\"port\",\"requestedCapabilities\",\"automationProtocol\",\"baseUrl\",\"waitforInterval\",\"waitforTimeout\",\"onReload\",\"beforeCommand\",\"afterCommand\",\"rootDir\",\"specs\",\"suites\",\"exclude\",\"groupLogsByTestSpec\",\"excludeDriverLogs\",\"bail\",\"framework\",\"reporters\",\"services\",\"maxInstances\",\"maxInstancesPerCapability\",\"injectGlobals\",\"filesToWatch\",\"execArgv\",\"runnerEnv\",\"runner\",\"shard\",\"specFileRetries\",\"specFileRetriesDelay\",\"specFileRetriesDeferred\",\"reporterSyncInterval\",\"reporterSyncTimeout\",\"cucumberFeaturesWithLineNumbers\",\"autoCompileOpts\",\"mochaOpts\",\"jasmineOpts\",\"cucumberOpts\",\"onPrepare\",\"onWorkerStart\",\"onWorkerEnd\",\"before\",\"beforeSession\",\"beforeSuite\",\"beforeHook\",\"beforeTest\",\"afterTest\",\"afterHook\",\"afterSuite\",\"afterSession\",\"after\",\"onComplete\",\"beforeAssertion\",\"afterAssertion\",\"beforeFeature\",\"beforeScenario\",\"beforeStep\",\"afterStep\",\"afterScenario\",\"afterFeature\",\"_\",\"suite\",\"$0\",\"ignoredWorkerServices\",\"wdi5\"]"}]}
RESULT: {"script":"<script> [2342 bytes]","args":[{"protocol":"http","hostname":"0.0.0.0","path":"/","capabilities":{"browserName":"chrome","goog:chromeOptions":{"binary":"C:\\Program Files\\Google\\Chrome\\Application\\chrome.exe","args":["--start-maximized"]}},"logLevel":"warn","connectionRetryTimeout":120000,"connectionRetryCount":3,"logLevels":{},"enableDirectConnect":true,"strictSSL":true,"_":"65 more keys: [\"cacheDir\",\"port\",\"requestedCapabilities\",\"automationProtocol\",\"baseUrl\",\"waitforInterval\",\"waitforTimeout\",\"onReload\",\"beforeCommand\",\"afterCommand\",\"rootDir\",\"specs\",\"suites\",\"exclude\",\"groupLogsByTestSpec\",\"excludeDriverLogs\",\"bail\",\"framework\",\"reporters\",\"services\",\"maxInstances\",\"maxInstancesPerCapability\",\"injectGlobals\",\"filesToWatch\",\"execArgv\",\"runnerEnv\",\"runner\",\"shard\",\"specFileRetries\",\"specFileRetriesDelay\",\"specFileRetriesDeferred\",\"reporterSyncInterval\",\"reporterSyncTimeout\",\"cucumberFeaturesWithLineNumbers\",\"autoCompileOpts\",\"mochaOpts\",\"jasmineOpts\",\"cucumberOpts\",\"onPrepare\",\"onWorkerStart\",\"onWorkerEnd\",\"before\",\"beforeSession\",\"beforeSuite\",\"beforeHook\",\"beforeTest\",\"afterTest\",\"afterHook\",\"afterSuite\",\"afterSession\",\"after\",\"onComplete\",\"beforeAssertion\",\"afterAssertion\",\"beforeFeature\",\"beforeScenario\",\"beforeStep\",\"afterStep\",\"afterScenario\",\"afterFeature\",\"_\",\"suite\",\"$0\",\"ignoredWorkerServices\",\"wdi5\"]"}]}
COMMAND: POST /session/29c94e7c3de8c8de4e6aab3f7ecf7110/execute/async - {"script":"<script> [21126 bytes]","args":[35000]}
RESULT: {"script":"<script> [21126 bytes]","args":[35000]}
COMMAND: POST /session/29c94e7c3de8c8de4e6aab3f7ecf7110/execute/async - {"script":"<script> [1562 bytes]","args":[{"selector":{"controlType":"sap.m.Text","viewName":"etm.portal.ui.managerequests.view.Detail","bindingPath":{"path":"/SmartRequestItemsPlanningBoard(ITEM=10m,REQUEST='20068')","propertyPath":"STATUS_DESC"}},"wdio_ui5_key":"etmportal.ui.managerequests.view.Detailsap.m.Text{\"path\":\"/SmartRequestItemsPlanningBoard(ITEM=10m,REQUEST='20068')\",\"propertyPath\":\"STATUS_DESC\"}"}]}
RESULT: {"script":"<script> [1562 bytes]","args":[{"selector":{"controlType":"sap.m.Text","viewName":"etm.portal.ui.managerequests.view.Detail","bindingPath":{"path":"/SmartRequestItemsPlanningBoard(ITEM=10m,REQUEST='20068')","propertyPath":"STATUS_DESC"}},"wdio_ui5_key":"etmportal.ui.managerequests.view.Detailsap.m.Text{\"path\":\"/SmartRequestItemsPlanningBoard(ITEM=10m,REQUEST='20068')\",\"propertyPath\":\"STATUS_DESC\"}"}]}
RESULT: undefined
COMMAND: POST /session/29c94e7c3de8c8de4e6aab3f7ecf7110/execute/async - {"script":"<script> [6424 bytes]","args":[{"element-6066-11e4-a52e-4f735466cecf":"f.A8B909B395C19A77638691ECE2720CC3.d.E49C20C8F6DE08CE0C51743ABB694794.e.12742"},"getText",[]]}
RESULT: {"script":"<script> [6424 bytes]","args":[{"element-6066-11e4-a52e-4f735466cecf":"f.A8B909B395C19A77638691ECE2720CC3.d.E49C20C8F6DE08CE0C51743ABB694794.e.12742"},"getText",[]]}
COMMAND: POST /session/29c94e7c3de8c8de4e6aab3f7ecf7110/execute/async - {"script":"<script> [1562 bytes]","args":[{"selector":{"controlType":"sap.m.ObjectStatus","viewName":"etm.portal.ui.managerequests.view.Detail","bindingPath":{"path":"/RequestHeaders('20068')","propertyPath":"LINK_TO_STATUS/DESCRIPTION","modelName":"catalogModel"}},"wdio_ui5_key":"etmportal.ui.managerequests.view.Detailsap.m.ObjectStatus{\"path\":\"/RequestHeaders('20068')\",\"propertyPath\":\"LINK_TO_STATUS/DESCRIPTION\",\"modelName\":\"catalogModel\"}"}]}
RESULT: {"script":"<script> [1562 bytes]","args":[{"selector":{"controlType":"sap.m.ObjectStatus","viewName":"etm.portal.ui.managerequests.view.Detail","bindingPath":{"path":"/RequestHeaders('20068')","propertyPath":"LINK_TO_STATUS/DESCRIPTION","modelName":"catalogModel"}},"wdio_ui5_key":"etmportal.ui.managerequests.view.Detailsap.m.ObjectStatus{\"path\":\"/RequestHeaders('20068')\",\"propertyPath\":\"LINK_TO_STATUS/DESCRIPTION\",\"modelName\":\"catalogModel\"}"}]}
RESULT: undefined
COMMAND: POST /session/29c94e7c3de8c8de4e6aab3f7ecf7110/execute/async - {"script":"<script> [6424 bytes]","args":[{"element-6066-11e4-a52e-4f735466cecf":"f.A8B909B395C19A77638691ECE2720CC3.d.E49C20C8F6DE08CE0C51743ABB694794.e.12743"},"getText",[]]}
RESULT: {"script":"<script> [6424 bytes]","args":[{"element-6066-11e4-a52e-4f735466cecf":"f.A8B909B395C19A77638691ECE2720CC3.d.E49C20C8F6DE08CE0C51743ABB694794.e.12743"},"getText",[]]}
COMMAND: DELETE /session/29c94e7c3de8c8de4e6aab3f7ecf7110 - {}
RESULT: {}
]]></system-out>
    </testcase>
  </testsuite>
</testsuites>