<?xml version="1.0" encoding="UTF-8"?>
<testsuites tests="53" failures="0" errors="0" skipped="0">
  <testsuite timestamp="2025-05-24T17:17:58" time="278.868" tests="5" failures="0" errors="0" skipped="0">
    <properties>
      <property name="specId" value="0"/>
      <property name="suiteName" value="Tests for DXCW CAE environment, including specific login to the system US"/>
      <property name="capabilities" value="chrome.136_0_7103_93.windows"/>
      <property name="file" value="file:///D:/a/1/s/test/specs/BTS/dxcw-cae.spec.js"/>
    </properties>
    <testcase classname="chrome.136_0_7103_93.windows.Tests_for_DXCW_CAE_environment,_including_specific_login_to_the_system_US" name="Should login to the DXCW CAE env US156289" time="26.792">
      <system-out><![CDATA[
COMMAND: POST /session/fa1966063a4db30dbf2f999955ebc217/url - {"url":"https://qa-testing-00-live-dxcw-portal.cfapps.eu10-004.hana.ondemand.com/"}
RESULT: {"url":"https://qa-testing-00-live-dxcw-portal.cfapps.eu10-004.hana.ondemand.com/"}
COMMAND: GET /session/fa1966063a4db30dbf2f999955ebc217/screenshot - {}
RESULT: {}
COMMAND: POST /session/fa1966063a4db30dbf2f999955ebc217/element - {"using":"xpath","value":"//input[@id = \"j_username\"]"}
RESULT: {"using":"xpath","value":"//input[@id = \"j_username\"]"}
COMMAND: POST /session/fa1966063a4db30dbf2f999955ebc217/execute/sync - {"script":"<script> [8489 bytes]","args":[{"element-6066-11e4-a52e-4f735466cecf":"f.8EF3D0D450A4EB0CE4D2D51640C2B842.d.4CB54DC638CD1EF42BA12D398E68C3A3.e.35","ELEMENT":"f.8EF3D0D450A4EB0CE4D2D51640C2B842.d.4CB54DC638CD1EF42BA12D398E68C3A3.e.35"}]}
RESULT: {"script":"<script> [8489 bytes]","args":[{"element-6066-11e4-a52e-4f735466cecf":"f.8EF3D0D450A4EB0CE4D2D51640C2B842.d.4CB54DC638CD1EF42BA12D398E68C3A3.e.35","ELEMENT":"f.8EF3D0D450A4EB0CE4D2D51640C2B842.d.4CB54DC638CD1EF42BA12D398E68C3A3.e.35"}]}
COMMAND: POST /session/fa1966063a4db30dbf2f999955ebc217/element - {"using":"xpath","value":"//input[@id = \"j_username\"]"}
COMMAND: GET /session/fa1966063a4db30dbf2f999955ebc217/screenshot - {}
RESULT: {"using":"xpath","value":"//input[@id = \"j_username\"]"}
COMMAND: POST /session/fa1966063a4db30dbf2f999955ebc217/element/f.8EF3D0D450A4EB0CE4D2D51640C2B842.d.4CB54DC638CD1EF42BA12D398E68C3A3.e.35/clear - {}
RESULT: {}
RESULT: {}
COMMAND: POST /session/fa1966063a4db30dbf2f999955ebc217/element/f.8EF3D0D450A4EB0CE4D2D51640C2B842.d.4CB54DC638CD1EF42BA12D398E68C3A3.e.35/value - {"text":"test1etm@bearingpoint.com"}
COMMAND: GET /session/fa1966063a4db30dbf2f999955ebc217/screenshot - {}
RESULT: {"text":"test1etm@bearingpoint.com"}
COMMAND: POST /session/fa1966063a4db30dbf2f999955ebc217/element - {"using":"xpath","value":"//input[@id = \"j_password\"]"}
COMMAND: GET /session/fa1966063a4db30dbf2f999955ebc217/screenshot - {}
RESULT: {}
RESULT: {"using":"xpath","value":"//input[@id = \"j_password\"]"}
COMMAND: POST /session/fa1966063a4db30dbf2f999955ebc217/element/f.8EF3D0D450A4EB0CE4D2D51640C2B842.d.4CB54DC638CD1EF42BA12D398E68C3A3.e.37/clear - {}
RESULT: {}
RESULT: {}
COMMAND: POST /session/fa1966063a4db30dbf2f999955ebc217/element/f.8EF3D0D450A4EB0CE4D2D51640C2B842.d.4CB54DC638CD1EF42BA12D398E68C3A3.e.37/value - {"text":"ETM.next2024"}
COMMAND: GET /session/fa1966063a4db30dbf2f999955ebc217/screenshot - {}
RESULT: {"text":"ETM.next2024"}
COMMAND: GET /session/fa1966063a4db30dbf2f999955ebc217/screenshot - {}
RESULT: {}
RESULT: {}
COMMAND: POST /session/fa1966063a4db30dbf2f999955ebc217/element - {"using":"css selector","value":"button[type=\"submit\"]"}
RESULT: {"using":"css selector","value":"button[type=\"submit\"]"}
COMMAND: POST /session/fa1966063a4db30dbf2f999955ebc217/element/f.8EF3D0D450A4EB0CE4D2D51640C2B842.d.4CB54DC638CD1EF42BA12D398E68C3A3.e.58/click - {}
RESULT: {}
COMMAND: POST /session/fa1966063a4db30dbf2f999955ebc217/element - {"using":"xpath","value":"//a[contains(@aria-label,\"Migration Service\")]"}
COMMAND: GET /session/fa1966063a4db30dbf2f999955ebc217/screenshot - {}
RESULT: {"using":"xpath","value":"//a[contains(@aria-label,\"Migration Service\")]"}
COMMAND: POST /session/fa1966063a4db30dbf2f999955ebc217/execute/sync - {"script":"<script> [8489 bytes]","args":[{"element-6066-11e4-a52e-4f735466cecf":"f.8EF3D0D450A4EB0CE4D2D51640C2B842.d.C9D7F35E12C4E9BCDF1FA89F30DCF2CD.e.77","ELEMENT":"f.8EF3D0D450A4EB0CE4D2D51640C2B842.d.C9D7F35E12C4E9BCDF1FA89F30DCF2CD.e.77"}]}
RESULT: {}
COMMAND: POST /session/fa1966063a4db30dbf2f999955ebc217/element - {"using":"xpath","value":"//a[contains(@aria-label,\"Migration Service\")]"}
RESULT: {"using":"xpath","value":"//a[contains(@aria-label,\"Migration Service\")]"}
COMMAND: POST /session/fa1966063a4db30dbf2f999955ebc217/execute/sync - {"script":"<script> [8489 bytes]","args":[{"element-6066-11e4-a52e-4f735466cecf":"f.8EF3D0D450A4EB0CE4D2D51640C2B842.d.C9D7F35E12C4E9BCDF1FA89F30DCF2CD.e.80","ELEMENT":"f.8EF3D0D450A4EB0CE4D2D51640C2B842.d.C9D7F35E12C4E9BCDF1FA89F30DCF2CD.e.80"}]}
RESULT: {"script":"<script> [8489 bytes]","args":[{"element-6066-11e4-a52e-4f735466cecf":"f.8EF3D0D450A4EB0CE4D2D51640C2B842.d.C9D7F35E12C4E9BCDF1FA89F30DCF2CD.e.80","ELEMENT":"f.8EF3D0D450A4EB0CE4D2D51640C2B842.d.C9D7F35E12C4E9BCDF1FA89F30DCF2CD.e.80"}]}
COMMAND: POST /session/fa1966063a4db30dbf2f999955ebc217/execute/sync - {"script":"<script> [8489 bytes]","args":[{"element-6066-11e4-a52e-4f735466cecf":"f.8EF3D0D450A4EB0CE4D2D51640C2B842.d.C9D7F35E12C4E9BCDF1FA89F30DCF2CD.e.80","ELEMENT":"f.8EF3D0D450A4EB0CE4D2D51640C2B842.d.C9D7F35E12C4E9BCDF1FA89F30DCF2CD.e.80"}]}
COMMAND: GET /session/fa1966063a4db30dbf2f999955ebc217/screenshot - {}
RESULT: {"script":"<script> [8489 bytes]","args":[{"element-6066-11e4-a52e-4f735466cecf":"f.8EF3D0D450A4EB0CE4D2D51640C2B842.d.C9D7F35E12C4E9BCDF1FA89F30DCF2CD.e.80","ELEMENT":"f.8EF3D0D450A4EB0CE4D2D51640C2B842.d.C9D7F35E12C4E9BCDF1FA89F30DCF2CD.e.80"}]}
COMMAND: POST /session/fa1966063a4db30dbf2f999955ebc217/window/fullscreen - {}
COMMAND: GET /session/fa1966063a4db30dbf2f999955ebc217/screenshot - {}
RESULT: {}
RESULT: {}
COMMAND: POST /session/fa1966063a4db30dbf2f999955ebc217/execute/async - {"script":"<script> [189 bytes]","args":[]}
RESULT: {}
RESULT: {"script":"<script> [189 bytes]","args":[]}
COMMAND: POST /session/fa1966063a4db30dbf2f999955ebc217/execute/async - {"script":"<script> [123 bytes]","args":[]}
RESULT: {"script":"<script> [123 bytes]","args":[]}
COMMAND: POST /session/fa1966063a4db30dbf2f999955ebc217/timeouts - {"script":"<number>"}
RESULT: {"script":"<number>"}
COMMAND: GET /session/fa1966063a4db30dbf2f999955ebc217/timeouts - {}
RESULT: {}
COMMAND: POST /session/fa1966063a4db30dbf2f999955ebc217/execute/async - {"script":"<script> [78 bytes]","args":[]}
RESULT: {"script":"<script> [78 bytes]","args":[]}
RESULT: undefined
COMMAND: POST /session/fa1966063a4db30dbf2f999955ebc217/execute/async - {"script":"<script> [2676 bytes]","args":[]}
RESULT: {"script":"<script> [2676 bytes]","args":[]}
COMMAND: POST /session/fa1966063a4db30dbf2f999955ebc217/execute/async - {"script":"<script> [2342 bytes]","args":[{"protocol":"http","hostname":"0.0.0.0","path":"/","capabilities":{"browserName":"chrome","goog:chromeOptions":{"binary":"C:\\Program Files\\Google\\Chrome\\Application\\chrome.exe","args":["--start-maximized"]}},"logLevel":"warn","connectionRetryTimeout":120000,"connectionRetryCount":3,"logLevels":{},"enableDirectConnect":true,"strictSSL":true,"_":"65 more keys: [\"cacheDir\",\"port\",\"requestedCapabilities\",\"automationProtocol\",\"baseUrl\",\"waitforInterval\",\"waitforTimeout\",\"onReload\",\"beforeCommand\",\"afterCommand\",\"rootDir\",\"specs\",\"suites\",\"exclude\",\"groupLogsByTestSpec\",\"excludeDriverLogs\",\"bail\",\"framework\",\"reporters\",\"services\",\"maxInstances\",\"maxInstancesPerCapability\",\"injectGlobals\",\"filesToWatch\",\"execArgv\",\"runnerEnv\",\"runner\",\"shard\",\"specFileRetries\",\"specFileRetriesDelay\",\"specFileRetriesDeferred\",\"reporterSyncInterval\",\"reporterSyncTimeout\",\"cucumberFeaturesWithLineNumbers\",\"autoCompileOpts\",\"mochaOpts\",\"jasmineOpts\",\"cucumberOpts\",\"onPrepare\",\"onWorkerStart\",\"onWorkerEnd\",\"before\",\"beforeSession\",\"beforeSuite\",\"beforeHook\",\"beforeTest\",\"afterTest\",\"afterHook\",\"afterSuite\",\"afterSession\",\"after\",\"onComplete\",\"beforeAssertion\",\"afterAssertion\",\"beforeFeature\",\"beforeScenario\",\"beforeStep\",\"afterStep\",\"afterScenario\",\"afterFeature\",\"_\",\"suite\",\"$0\",\"ignoredWorkerServices\",\"wdi5\"]"}]}
RESULT: {"script":"<script> [2342 bytes]","args":[{"protocol":"http","hostname":"0.0.0.0","path":"/","capabilities":{"browserName":"chrome","goog:chromeOptions":{"binary":"C:\\Program Files\\Google\\Chrome\\Application\\chrome.exe","args":["--start-maximized"]}},"logLevel":"warn","connectionRetryTimeout":120000,"connectionRetryCount":3,"logLevels":{},"enableDirectConnect":true,"strictSSL":true,"_":"65 more keys: [\"cacheDir\",\"port\",\"requestedCapabilities\",\"automationProtocol\",\"baseUrl\",\"waitforInterval\",\"waitforTimeout\",\"onReload\",\"beforeCommand\",\"afterCommand\",\"rootDir\",\"specs\",\"suites\",\"exclude\",\"groupLogsByTestSpec\",\"excludeDriverLogs\",\"bail\",\"framework\",\"reporters\",\"services\",\"maxInstances\",\"maxInstancesPerCapability\",\"injectGlobals\",\"filesToWatch\",\"execArgv\",\"runnerEnv\",\"runner\",\"shard\",\"specFileRetries\",\"specFileRetriesDelay\",\"specFileRetriesDeferred\",\"reporterSyncInterval\",\"reporterSyncTimeout\",\"cucumberFeaturesWithLineNumbers\",\"autoCompileOpts\",\"mochaOpts\",\"jasmineOpts\",\"cucumberOpts\",\"onPrepare\",\"onWorkerStart\",\"onWorkerEnd\",\"before\",\"beforeSession\",\"beforeSuite\",\"beforeHook\",\"beforeTest\",\"afterTest\",\"afterHook\",\"afterSuite\",\"afterSession\",\"after\",\"onComplete\",\"beforeAssertion\",\"afterAssertion\",\"beforeFeature\",\"beforeScenario\",\"beforeStep\",\"afterStep\",\"afterScenario\",\"afterFeature\",\"_\",\"suite\",\"$0\",\"ignoredWorkerServices\",\"wdi5\"]"}]}
COMMAND: POST /session/fa1966063a4db30dbf2f999955ebc217/execute/async - {"script":"<script> [21126 bytes]","args":[35000]}
RESULT: {"script":"<script> [21126 bytes]","args":[35000]}
]]></system-out>
    </testcase>
    <testcase classname="chrome.136_0_7103_93.windows.Tests_for_DXCW_CAE_environment,_including_specific_login_to_the_system_US" name="Should upload address file entry used for later tests as master data US156291" time="79.811">
      <system-out><![CDATA[
COMMAND: POST /session/fa1966063a4db30dbf2f999955ebc217/execute/async - {"script":"<script> [1562 bytes]","args":[{"selector":{"controlType":"sap.m.GenericTile","properties":{"header":"Migration Service"}},"wdio_ui5_key":"sapm.GenericTile{\"header\":\"Migration Service\"}"}]}
RESULT: {"script":"<script> [1562 bytes]","args":[{"selector":{"controlType":"sap.m.GenericTile","properties":{"header":"Migration Service"}},"wdio_ui5_key":"sapm.GenericTile{\"header\":\"Migration Service\"}"}]}
RESULT: undefined
COMMAND: POST /session/fa1966063a4db30dbf2f999955ebc217/element - {"using":"xpath","value":"//*[@id=\"__tile25\"]"}
RESULT: {"using":"xpath","value":"//*[@id=\"__tile25\"]"}
COMMAND: POST /session/fa1966063a4db30dbf2f999955ebc217/element/f.8EF3D0D450A4EB0CE4D2D51640C2B842.d.C9D7F35E12C4E9BCDF1FA89F30DCF2CD.e.80/click - {}
RESULT: {}
COMMAND: GET /session/fa1966063a4db30dbf2f999955ebc217/screenshot - {}
RESULT: {}
RESULT: undefined
RESULT: undefined
COMMAND: POST /session/fa1966063a4db30dbf2f999955ebc217/elements - {"using":"xpath","value":"//span[text()='Error']"}
RESULT: {"using":"xpath","value":"//span[text()='Error']"}
COMMAND: POST /session/fa1966063a4db30dbf2f999955ebc217/execute/async - {"script":"<script> [1562 bytes]","args":[{"selector":{"controlType":"sap.m.GenericTile","viewName":"bbs.dxcw.migration.view.Home","i18NText":{"propertyName":"header","key":"migrationService"}},"wdio_ui5_key":"bbsdxcw.migration.view.Homesap.m.GenericTile{\"propertyName\":\"header\",\"key\":\"migrationService\"}"}]}
RESULT: {"script":"<script> [1562 bytes]","args":[{"selector":{"controlType":"sap.m.GenericTile","viewName":"bbs.dxcw.migration.view.Home","i18NText":{"propertyName":"header","key":"migrationService"}},"wdio_ui5_key":"bbsdxcw.migration.view.Homesap.m.GenericTile{\"propertyName\":\"header\",\"key\":\"migrationService\"}"}]}
RESULT: undefined
COMMAND: POST /session/fa1966063a4db30dbf2f999955ebc217/element - {"using":"xpath","value":"//*[@id=\"__tile26\"]"}
RESULT: {"using":"xpath","value":"//*[@id=\"__tile26\"]"}
COMMAND: POST /session/fa1966063a4db30dbf2f999955ebc217/element/f.8EF3D0D450A4EB0CE4D2D51640C2B842.d.C9D7F35E12C4E9BCDF1FA89F30DCF2CD.e.126/click - {}
RESULT: {}
COMMAND: GET /session/fa1966063a4db30dbf2f999955ebc217/screenshot - {}
RESULT: {}
COMMAND: POST /session/fa1966063a4db30dbf2f999955ebc217/element - {"using":"xpath","value":"//bdi[contains(text(), \"Create new Draft\")]"}
RESULT: {"using":"xpath","value":"//bdi[contains(text(), \"Create new Draft\")]"}
COMMAND: POST /session/fa1966063a4db30dbf2f999955ebc217/elements - {"using":"xpath","value":"//bdi[contains(text(), \"Create new Draft\")]"}
RESULT: {"using":"xpath","value":"//bdi[contains(text(), \"Create new Draft\")]"}
COMMAND: POST /session/fa1966063a4db30dbf2f999955ebc217/execute/sync - {"script":"<script> [8489 bytes]","args":[{"element-6066-11e4-a52e-4f735466cecf":"f.8EF3D0D450A4EB0CE4D2D51640C2B842.d.C9D7F35E12C4E9BCDF1FA89F30DCF2CD.e.146","ELEMENT":"f.8EF3D0D450A4EB0CE4D2D51640C2B842.d.C9D7F35E12C4E9BCDF1FA89F30DCF2CD.e.146"}]}
RESULT: {"script":"<script> [8489 bytes]","args":[{"element-6066-11e4-a52e-4f735466cecf":"f.8EF3D0D450A4EB0CE4D2D51640C2B842.d.C9D7F35E12C4E9BCDF1FA89F30DCF2CD.e.146","ELEMENT":"f.8EF3D0D450A4EB0CE4D2D51640C2B842.d.C9D7F35E12C4E9BCDF1FA89F30DCF2CD.e.146"}]}
COMMAND: GET /session/fa1966063a4db30dbf2f999955ebc217/element/f.8EF3D0D450A4EB0CE4D2D51640C2B842.d.C9D7F35E12C4E9BCDF1FA89F30DCF2CD.e.146/enabled - {}
COMMAND: GET /session/fa1966063a4db30dbf2f999955ebc217/screenshot - {}
RESULT: {}
COMMAND: POST /session/fa1966063a4db30dbf2f999955ebc217/execute/sync - {"script":"<script> [8489 bytes]","args":[{"element-6066-11e4-a52e-4f735466cecf":"f.8EF3D0D450A4EB0CE4D2D51640C2B842.d.C9D7F35E12C4E9BCDF1FA89F30DCF2CD.e.146","ELEMENT":"f.8EF3D0D450A4EB0CE4D2D51640C2B842.d.C9D7F35E12C4E9BCDF1FA89F30DCF2CD.e.146"}]}
COMMAND: GET /session/fa1966063a4db30dbf2f999955ebc217/screenshot - {}
RESULT: {}
RESULT: {"script":"<script> [8489 bytes]","args":[{"element-6066-11e4-a52e-4f735466cecf":"f.8EF3D0D450A4EB0CE4D2D51640C2B842.d.C9D7F35E12C4E9BCDF1FA89F30DCF2CD.e.146","ELEMENT":"f.8EF3D0D450A4EB0CE4D2D51640C2B842.d.C9D7F35E12C4E9BCDF1FA89F30DCF2CD.e.146"}]}
COMMAND: POST /session/fa1966063a4db30dbf2f999955ebc217/execute/sync - {"script":"<script> [5351 bytes]","args":[{"element-6066-11e4-a52e-4f735466cecf":"f.8EF3D0D450A4EB0CE4D2D51640C2B842.d.C9D7F35E12C4E9BCDF1FA89F30DCF2CD.e.146","ELEMENT":"f.8EF3D0D450A4EB0CE4D2D51640C2B842.d.C9D7F35E12C4E9BCDF1FA89F30DCF2CD.e.146"}]}
COMMAND: GET /session/fa1966063a4db30dbf2f999955ebc217/screenshot - {}
RESULT: {}
RESULT: {"script":"<script> [5351 bytes]","args":[{"element-6066-11e4-a52e-4f735466cecf":"f.8EF3D0D450A4EB0CE4D2D51640C2B842.d.C9D7F35E12C4E9BCDF1FA89F30DCF2CD.e.146","ELEMENT":"f.8EF3D0D450A4EB0CE4D2D51640C2B842.d.C9D7F35E12C4E9BCDF1FA89F30DCF2CD.e.146"}]}
COMMAND: GET /session/fa1966063a4db30dbf2f999955ebc217/screenshot - {}
RESULT: {}
RESULT: {}
COMMAND: POST /session/fa1966063a4db30dbf2f999955ebc217/element - {"using":"xpath","value":"//bdi[contains(text(), \"Create new Draft\")]"}
RESULT: {"using":"xpath","value":"//bdi[contains(text(), \"Create new Draft\")]"}
COMMAND: POST /session/fa1966063a4db30dbf2f999955ebc217/element/f.8EF3D0D450A4EB0CE4D2D51640C2B842.d.C9D7F35E12C4E9BCDF1FA89F30DCF2CD.e.146/click - {}
RESULT: {}
COMMAND: GET /session/fa1966063a4db30dbf2f999955ebc217/screenshot - {}
RESULT: {}
COMMAND: POST /session/fa1966063a4db30dbf2f999955ebc217/element - {"using":"xpath","value":"//li[.//div[text()=\"Address\"]]"}
RESULT: {"using":"xpath","value":"//li[.//div[text()=\"Address\"]]"}
COMMAND: POST /session/fa1966063a4db30dbf2f999955ebc217/element/f.8EF3D0D450A4EB0CE4D2D51640C2B842.d.C9D7F35E12C4E9BCDF1FA89F30DCF2CD.e.294/click - {}
RESULT: {}
COMMAND: GET /session/fa1966063a4db30dbf2f999955ebc217/screenshot - {}
COMMAND: POST /session/fa1966063a4db30dbf2f999955ebc217/file - {"file":"[base64] 7084 bytes"}
RESULT: {}
RESULT: {"file":"[base64] 7084 bytes"}
COMMAND: POST /session/fa1966063a4db30dbf2f999955ebc217/element - {"using":"xpath","value":"//input[(@type=\"file\") and contains(@id,\"BOList-10-0-1-uploader-fu\")]"}
RESULT: {"using":"xpath","value":"//input[(@type=\"file\") and contains(@id,\"BOList-10-0-1-uploader-fu\")]"}
COMMAND: POST /session/fa1966063a4db30dbf2f999955ebc217/element/f.8EF3D0D450A4EB0CE4D2D51640C2B842.d.C9D7F35E12C4E9BCDF1FA89F30DCF2CD.e.296/clear - {}
RESULT: {}
COMMAND: POST /session/fa1966063a4db30dbf2f999955ebc217/element/f.8EF3D0D450A4EB0CE4D2D51640C2B842.d.C9D7F35E12C4E9BCDF1FA89F30DCF2CD.e.296/value - {"text":"C:\\Windows\\SystemTemp\\scoped_dir4532_2082319882\\upload4532_1562248528\\Address.xlsx"}
COMMAND: GET /session/fa1966063a4db30dbf2f999955ebc217/screenshot - {}
RESULT: {"text":"C:\\Windows\\SystemTemp\\scoped_dir4532_2082319882\\upload4532_1562248528\\Address.xlsx"}
COMMAND: GET /session/fa1966063a4db30dbf2f999955ebc217/screenshot - {}
RESULT: {}
RESULT: {}
COMMAND: POST /session/fa1966063a4db30dbf2f999955ebc217/element - {"using":"xpath","value":"//bdi[contains(text(), \"Match by name\")]"}
RESULT: {"using":"xpath","value":"//bdi[contains(text(), \"Match by name\")]"}
COMMAND: POST /session/fa1966063a4db30dbf2f999955ebc217/element/f.8EF3D0D450A4EB0CE4D2D51640C2B842.d.C9D7F35E12C4E9BCDF1FA89F30DCF2CD.e.310/click - {}
RESULT: {}
COMMAND: GET /session/fa1966063a4db30dbf2f999955ebc217/screenshot - {}
RESULT: {}
COMMAND: POST /session/fa1966063a4db30dbf2f999955ebc217/element - {"using":"xpath","value":"//bdi[text() = \"OK\"]"}
RESULT: {"using":"xpath","value":"//bdi[text() = \"OK\"]"}
COMMAND: POST /session/fa1966063a4db30dbf2f999955ebc217/element/f.8EF3D0D450A4EB0CE4D2D51640C2B842.d.C9D7F35E12C4E9BCDF1FA89F30DCF2CD.e.311/click - {}
RESULT: {}
COMMAND: GET /session/fa1966063a4db30dbf2f999955ebc217/screenshot - {}
RESULT: {}
COMMAND: POST /session/fa1966063a4db30dbf2f999955ebc217/element - {"using":"xpath","value":"//button[contains(@id,\"uploadBtn\")]"}
RESULT: {"using":"xpath","value":"//button[contains(@id,\"uploadBtn\")]"}
COMMAND: POST /session/fa1966063a4db30dbf2f999955ebc217/element/f.8EF3D0D450A4EB0CE4D2D51640C2B842.d.C9D7F35E12C4E9BCDF1FA89F30DCF2CD.e.192/click - {}
RESULT: {}
COMMAND: GET /session/fa1966063a4db30dbf2f999955ebc217/screenshot - {}
RESULT: {}
COMMAND: POST /session/fa1966063a4db30dbf2f999955ebc217/element - {"using":"xpath","value":"//button[.//bdi[contains(text(),\"Refresh Logs\")]]"}
RESULT: {"using":"xpath","value":"//button[.//bdi[contains(text(),\"Refresh Logs\")]]"}
COMMAND: POST /session/fa1966063a4db30dbf2f999955ebc217/element/f.8EF3D0D450A4EB0CE4D2D51640C2B842.d.C9D7F35E12C4E9BCDF1FA89F30DCF2CD.e.319/click - {}
RESULT: {}
COMMAND: GET /session/fa1966063a4db30dbf2f999955ebc217/screenshot - {}
RESULT: {}
COMMAND: POST /session/fa1966063a4db30dbf2f999955ebc217/element - {"using":"xpath","value":"//table[contains(@id,\"customHandoversTable-listUl\")]/tbody/tr[1]/td[4]/span"}
RESULT: {"using":"xpath","value":"//table[contains(@id,\"customHandoversTable-listUl\")]/tbody/tr[1]/td[4]/span"}
COMMAND: POST /session/fa1966063a4db30dbf2f999955ebc217/execute/sync - {"script":"<script> [56 bytes]","args":[{"element-6066-11e4-a52e-4f735466cecf":"f.8EF3D0D450A4EB0CE4D2D51640C2B842.d.C9D7F35E12C4E9BCDF1FA89F30DCF2CD.e.611","ELEMENT":"f.8EF3D0D450A4EB0CE4D2D51640C2B842.d.C9D7F35E12C4E9BCDF1FA89F30DCF2CD.e.611"}]}
RESULT: {"script":"<script> [56 bytes]","args":[{"element-6066-11e4-a52e-4f735466cecf":"f.8EF3D0D450A4EB0CE4D2D51640C2B842.d.C9D7F35E12C4E9BCDF1FA89F30DCF2CD.e.611","ELEMENT":"f.8EF3D0D450A4EB0CE4D2D51640C2B842.d.C9D7F35E12C4E9BCDF1FA89F30DCF2CD.e.611"}]}
COMMAND: POST /session/fa1966063a4db30dbf2f999955ebc217/element - {"using":"xpath","value":"//table[contains(@id,\"customHandoversTable-listUl\")]/tbody/tr[1]/td[7]/div/span[2]"}
COMMAND: GET /session/fa1966063a4db30dbf2f999955ebc217/screenshot - {}
RESULT: {"using":"xpath","value":"//table[contains(@id,\"customHandoversTable-listUl\")]/tbody/tr[1]/td[7]/div/span[2]"}
COMMAND: POST /session/fa1966063a4db30dbf2f999955ebc217/execute/sync - {"script":"<script> [56 bytes]","args":[{"element-6066-11e4-a52e-4f735466cecf":"f.8EF3D0D450A4EB0CE4D2D51640C2B842.d.C9D7F35E12C4E9BCDF1FA89F30DCF2CD.e.612","ELEMENT":"f.8EF3D0D450A4EB0CE4D2D51640C2B842.d.C9D7F35E12C4E9BCDF1FA89F30DCF2CD.e.612"}]}
RESULT: {}
RESULT: {"script":"<script> [56 bytes]","args":[{"element-6066-11e4-a52e-4f735466cecf":"f.8EF3D0D450A4EB0CE4D2D51640C2B842.d.C9D7F35E12C4E9BCDF1FA89F30DCF2CD.e.612","ELEMENT":"f.8EF3D0D450A4EB0CE4D2D51640C2B842.d.C9D7F35E12C4E9BCDF1FA89F30DCF2CD.e.612"}]}
COMMAND: POST /session/fa1966063a4db30dbf2f999955ebc217/element - {"using":"xpath","value":"//table[contains(@id,\"customHandoversTable-listUl\")]/tbody/tr[1]/td[8]/div/span[2]"}
COMMAND: GET /session/fa1966063a4db30dbf2f999955ebc217/screenshot - {}
RESULT: {"using":"xpath","value":"//table[contains(@id,\"customHandoversTable-listUl\")]/tbody/tr[1]/td[8]/div/span[2]"}
COMMAND: POST /session/fa1966063a4db30dbf2f999955ebc217/execute/sync - {"script":"<script> [56 bytes]","args":[{"element-6066-11e4-a52e-4f735466cecf":"f.8EF3D0D450A4EB0CE4D2D51640C2B842.d.C9D7F35E12C4E9BCDF1FA89F30DCF2CD.e.615","ELEMENT":"f.8EF3D0D450A4EB0CE4D2D51640C2B842.d.C9D7F35E12C4E9BCDF1FA89F30DCF2CD.e.615"}]}
RESULT: {}
RESULT: {"script":"<script> [56 bytes]","args":[{"element-6066-11e4-a52e-4f735466cecf":"f.8EF3D0D450A4EB0CE4D2D51640C2B842.d.C9D7F35E12C4E9BCDF1FA89F30DCF2CD.e.615","ELEMENT":"f.8EF3D0D450A4EB0CE4D2D51640C2B842.d.C9D7F35E12C4E9BCDF1FA89F30DCF2CD.e.615"}]}
COMMAND: GET /session/fa1966063a4db30dbf2f999955ebc217/screenshot - {}
RESULT: {}
COMMAND: POST /session/fa1966063a4db30dbf2f999955ebc217/execute/async - {"script":"<script> [1562 bytes]","args":[{"selector":{"controlType":"sap.ui.core.Icon","viewName":"bbs.dxcw.migration.view.migration.MigrationMaster","properties":{"src":{"regex":{"source":"notes"}}}},"wdio_ui5_key":"bbsdxcw.migration.view.migration.MigrationMastersap.ui.core.Icon{\"src\":{\"regex\":{\"source\":\"notes\"}}}"}]}
RESULT: {"script":"<script> [1562 bytes]","args":[{"selector":{"controlType":"sap.ui.core.Icon","viewName":"bbs.dxcw.migration.view.migration.MigrationMaster","properties":{"src":{"regex":{"source":"notes"}}}},"wdio_ui5_key":"bbsdxcw.migration.view.migration.MigrationMastersap.ui.core.Icon{\"src\":{\"regex\":{\"source\":\"notes\"}}}"}]}
RESULT: undefined
COMMAND: POST /session/fa1966063a4db30dbf2f999955ebc217/element - {"using":"xpath","value":"//*[@id=\"__filter0-icon\"]"}
RESULT: {"using":"xpath","value":"//*[@id=\"__filter0-icon\"]"}
COMMAND: POST /session/fa1966063a4db30dbf2f999955ebc217/element/f.8EF3D0D450A4EB0CE4D2D51640C2B842.d.C9D7F35E12C4E9BCDF1FA89F30DCF2CD.e.616/click - {}
RESULT: {}
COMMAND: GET /session/fa1966063a4db30dbf2f999955ebc217/screenshot - {}
RESULT: {}
]]></system-out>
    </testcase>
    <testcase classname="chrome.136_0_7103_93.windows.Tests_for_DXCW_CAE_environment,_including_specific_login_to_the_system_US" name="Should upload yard file entry used for later tests as master data US156291" time="50.042">
      <system-out><![CDATA[
COMMAND: POST /session/fa1966063a4db30dbf2f999955ebc217/element - {"using":"xpath","value":"//bdi[contains(text(), \"Create new Draft\")]"}
RESULT: {"using":"xpath","value":"//bdi[contains(text(), \"Create new Draft\")]"}
COMMAND: POST /session/fa1966063a4db30dbf2f999955ebc217/element/f.8EF3D0D450A4EB0CE4D2D51640C2B842.d.C9D7F35E12C4E9BCDF1FA89F30DCF2CD.e.620/click - {}
RESULT: {}
COMMAND: GET /session/fa1966063a4db30dbf2f999955ebc217/screenshot - {}
RESULT: {}
COMMAND: POST /session/fa1966063a4db30dbf2f999955ebc217/element - {"using":"xpath","value":"//li[.//div[text()=\"Yards\"]]"}
RESULT: {"using":"xpath","value":"//li[.//div[text()=\"Yards\"]]"}
COMMAND: POST /session/fa1966063a4db30dbf2f999955ebc217/element/f.8EF3D0D450A4EB0CE4D2D51640C2B842.d.C9D7F35E12C4E9BCDF1FA89F30DCF2CD.e.739/click - {}
RESULT: {}
COMMAND: GET /session/fa1966063a4db30dbf2f999955ebc217/screenshot - {}
COMMAND: POST /session/fa1966063a4db30dbf2f999955ebc217/file - {"file":"[base64] 6816 bytes"}
RESULT: {}
RESULT: {"file":"[base64] 6816 bytes"}
COMMAND: POST /session/fa1966063a4db30dbf2f999955ebc217/element - {"using":"xpath","value":"//input[(@type=\"file\") and contains(@id,\"BOList-15-0-1-uploader-fu\")]"}
RESULT: {"using":"xpath","value":"//input[(@type=\"file\") and contains(@id,\"BOList-15-0-1-uploader-fu\")]"}
COMMAND: POST /session/fa1966063a4db30dbf2f999955ebc217/element/f.8EF3D0D450A4EB0CE4D2D51640C2B842.d.C9D7F35E12C4E9BCDF1FA89F30DCF2CD.e.742/clear - {}
RESULT: {}
COMMAND: POST /session/fa1966063a4db30dbf2f999955ebc217/element/f.8EF3D0D450A4EB0CE4D2D51640C2B842.d.C9D7F35E12C4E9BCDF1FA89F30DCF2CD.e.742/value - {"text":"C:\\Windows\\SystemTemp\\scoped_dir4532_2082319882\\upload4532_1223719298\\Yards.xlsx"}
COMMAND: GET /session/fa1966063a4db30dbf2f999955ebc217/screenshot - {}
RESULT: {"text":"C:\\Windows\\SystemTemp\\scoped_dir4532_2082319882\\upload4532_1223719298\\Yards.xlsx"}
COMMAND: GET /session/fa1966063a4db30dbf2f999955ebc217/screenshot - {}
RESULT: {}
RESULT: {}
COMMAND: POST /session/fa1966063a4db30dbf2f999955ebc217/element - {"using":"xpath","value":"//bdi[contains(text(), \"Match by name\")]"}
RESULT: {"using":"xpath","value":"//bdi[contains(text(), \"Match by name\")]"}
COMMAND: POST /session/fa1966063a4db30dbf2f999955ebc217/element/f.8EF3D0D450A4EB0CE4D2D51640C2B842.d.C9D7F35E12C4E9BCDF1FA89F30DCF2CD.e.750/click - {}
RESULT: {}
COMMAND: GET /session/fa1966063a4db30dbf2f999955ebc217/screenshot - {}
RESULT: {}
COMMAND: POST /session/fa1966063a4db30dbf2f999955ebc217/element - {"using":"xpath","value":"//bdi[text() = \"OK\"]"}
RESULT: {"using":"xpath","value":"//bdi[text() = \"OK\"]"}
COMMAND: POST /session/fa1966063a4db30dbf2f999955ebc217/element/f.8EF3D0D450A4EB0CE4D2D51640C2B842.d.C9D7F35E12C4E9BCDF1FA89F30DCF2CD.e.751/click - {}
RESULT: {}
COMMAND: GET /session/fa1966063a4db30dbf2f999955ebc217/screenshot - {}
RESULT: {}
COMMAND: POST /session/fa1966063a4db30dbf2f999955ebc217/element - {"using":"xpath","value":"//button[contains(@id,\"uploadBtn\")]"}
RESULT: {"using":"xpath","value":"//button[contains(@id,\"uploadBtn\")]"}
COMMAND: POST /session/fa1966063a4db30dbf2f999955ebc217/element/f.8EF3D0D450A4EB0CE4D2D51640C2B842.d.C9D7F35E12C4E9BCDF1FA89F30DCF2CD.e.192/click - {}
RESULT: {}
COMMAND: GET /session/fa1966063a4db30dbf2f999955ebc217/screenshot - {}
RESULT: {}
COMMAND: POST /session/fa1966063a4db30dbf2f999955ebc217/element - {"using":"xpath","value":"//button[.//bdi[contains(text(),\"Refresh Logs\")]]"}
RESULT: {"using":"xpath","value":"//button[.//bdi[contains(text(),\"Refresh Logs\")]]"}
COMMAND: POST /session/fa1966063a4db30dbf2f999955ebc217/element/f.8EF3D0D450A4EB0CE4D2D51640C2B842.d.C9D7F35E12C4E9BCDF1FA89F30DCF2CD.e.758/click - {}
RESULT: {}
COMMAND: GET /session/fa1966063a4db30dbf2f999955ebc217/screenshot - {}
RESULT: {}
COMMAND: POST /session/fa1966063a4db30dbf2f999955ebc217/element - {"using":"xpath","value":"//table[contains(@id,\"customHandoversTable-listUl\")]/tbody/tr[1]/td[4]/span"}
RESULT: {"using":"xpath","value":"//table[contains(@id,\"customHandoversTable-listUl\")]/tbody/tr[1]/td[4]/span"}
COMMAND: POST /session/fa1966063a4db30dbf2f999955ebc217/execute/sync - {"script":"<script> [56 bytes]","args":[{"element-6066-11e4-a52e-4f735466cecf":"f.8EF3D0D450A4EB0CE4D2D51640C2B842.d.C9D7F35E12C4E9BCDF1FA89F30DCF2CD.e.1046","ELEMENT":"f.8EF3D0D450A4EB0CE4D2D51640C2B842.d.C9D7F35E12C4E9BCDF1FA89F30DCF2CD.e.1046"}]}
RESULT: {"script":"<script> [56 bytes]","args":[{"element-6066-11e4-a52e-4f735466cecf":"f.8EF3D0D450A4EB0CE4D2D51640C2B842.d.C9D7F35E12C4E9BCDF1FA89F30DCF2CD.e.1046","ELEMENT":"f.8EF3D0D450A4EB0CE4D2D51640C2B842.d.C9D7F35E12C4E9BCDF1FA89F30DCF2CD.e.1046"}]}
COMMAND: POST /session/fa1966063a4db30dbf2f999955ebc217/element - {"using":"xpath","value":"//table[contains(@id,\"customHandoversTable-listUl\")]/tbody/tr[1]/td[7]/div/span[2]"}
COMMAND: GET /session/fa1966063a4db30dbf2f999955ebc217/screenshot - {}
RESULT: {"using":"xpath","value":"//table[contains(@id,\"customHandoversTable-listUl\")]/tbody/tr[1]/td[7]/div/span[2]"}
COMMAND: POST /session/fa1966063a4db30dbf2f999955ebc217/execute/sync - {"script":"<script> [56 bytes]","args":[{"element-6066-11e4-a52e-4f735466cecf":"f.8EF3D0D450A4EB0CE4D2D51640C2B842.d.C9D7F35E12C4E9BCDF1FA89F30DCF2CD.e.1047","ELEMENT":"f.8EF3D0D450A4EB0CE4D2D51640C2B842.d.C9D7F35E12C4E9BCDF1FA89F30DCF2CD.e.1047"}]}
RESULT: {}
RESULT: {"script":"<script> [56 bytes]","args":[{"element-6066-11e4-a52e-4f735466cecf":"f.8EF3D0D450A4EB0CE4D2D51640C2B842.d.C9D7F35E12C4E9BCDF1FA89F30DCF2CD.e.1047","ELEMENT":"f.8EF3D0D450A4EB0CE4D2D51640C2B842.d.C9D7F35E12C4E9BCDF1FA89F30DCF2CD.e.1047"}]}
COMMAND: POST /session/fa1966063a4db30dbf2f999955ebc217/element - {"using":"xpath","value":"//table[contains(@id,\"customHandoversTable-listUl\")]/tbody/tr[1]/td[8]/div/span[2]"}
COMMAND: GET /session/fa1966063a4db30dbf2f999955ebc217/screenshot - {}
RESULT: {"using":"xpath","value":"//table[contains(@id,\"customHandoversTable-listUl\")]/tbody/tr[1]/td[8]/div/span[2]"}
COMMAND: POST /session/fa1966063a4db30dbf2f999955ebc217/execute/sync - {"script":"<script> [56 bytes]","args":[{"element-6066-11e4-a52e-4f735466cecf":"f.8EF3D0D450A4EB0CE4D2D51640C2B842.d.C9D7F35E12C4E9BCDF1FA89F30DCF2CD.e.1050","ELEMENT":"f.8EF3D0D450A4EB0CE4D2D51640C2B842.d.C9D7F35E12C4E9BCDF1FA89F30DCF2CD.e.1050"}]}
RESULT: {}
RESULT: {"script":"<script> [56 bytes]","args":[{"element-6066-11e4-a52e-4f735466cecf":"f.8EF3D0D450A4EB0CE4D2D51640C2B842.d.C9D7F35E12C4E9BCDF1FA89F30DCF2CD.e.1050","ELEMENT":"f.8EF3D0D450A4EB0CE4D2D51640C2B842.d.C9D7F35E12C4E9BCDF1FA89F30DCF2CD.e.1050"}]}
COMMAND: GET /session/fa1966063a4db30dbf2f999955ebc217/screenshot - {}
RESULT: {}
RESULT: undefined
COMMAND: POST /session/fa1966063a4db30dbf2f999955ebc217/element - {"using":"xpath","value":"//*[@id=\"__filter0-icon\"]"}
RESULT: {"using":"xpath","value":"//*[@id=\"__filter0-icon\"]"}
COMMAND: POST /session/fa1966063a4db30dbf2f999955ebc217/element/f.8EF3D0D450A4EB0CE4D2D51640C2B842.d.C9D7F35E12C4E9BCDF1FA89F30DCF2CD.e.616/click - {}
RESULT: {}
COMMAND: GET /session/fa1966063a4db30dbf2f999955ebc217/screenshot - {}
RESULT: {}
]]></system-out>
    </testcase>
    <testcase classname="chrome.136_0_7103_93.windows.Tests_for_DXCW_CAE_environment,_including_specific_login_to_the_system_US" name="Should upload compound partner files entry used for later tests as master data US156291" time="65.451">
      <system-out><![CDATA[
COMMAND: POST /session/fa1966063a4db30dbf2f999955ebc217/element - {"using":"xpath","value":"//bdi[contains(text(), \"Create new Draft\")]"}
RESULT: {"using":"xpath","value":"//bdi[contains(text(), \"Create new Draft\")]"}
COMMAND: POST /session/fa1966063a4db30dbf2f999955ebc217/element/f.8EF3D0D450A4EB0CE4D2D51640C2B842.d.C9D7F35E12C4E9BCDF1FA89F30DCF2CD.e.1054/click - {}
RESULT: {}
COMMAND: GET /session/fa1966063a4db30dbf2f999955ebc217/screenshot - {}
RESULT: {}
COMMAND: POST /session/fa1966063a4db30dbf2f999955ebc217/element - {"using":"xpath","value":"//li[.//div[text()=\"Partners\"]]"}
RESULT: {"using":"xpath","value":"//li[.//div[text()=\"Partners\"]]"}
COMMAND: POST /session/fa1966063a4db30dbf2f999955ebc217/element/f.8EF3D0D450A4EB0CE4D2D51640C2B842.d.C9D7F35E12C4E9BCDF1FA89F30DCF2CD.e.1170/click - {}
RESULT: {}
COMMAND: GET /session/fa1966063a4db30dbf2f999955ebc217/screenshot - {}
COMMAND: POST /session/fa1966063a4db30dbf2f999955ebc217/file - {"file":"[base64] 6744 bytes"}
RESULT: {}
RESULT: {"file":"[base64] 6744 bytes"}
COMMAND: POST /session/fa1966063a4db30dbf2f999955ebc217/element - {"using":"xpath","value":"//input[(@type=\"file\") and contains(@id,\"BOList-4-0-1-uploader-fu\")]"}
RESULT: {"using":"xpath","value":"//input[(@type=\"file\") and contains(@id,\"BOList-4-0-1-uploader-fu\")]"}
COMMAND: POST /session/fa1966063a4db30dbf2f999955ebc217/element/f.8EF3D0D450A4EB0CE4D2D51640C2B842.d.C9D7F35E12C4E9BCDF1FA89F30DCF2CD.e.1179/clear - {}
RESULT: {}
COMMAND: POST /session/fa1966063a4db30dbf2f999955ebc217/element/f.8EF3D0D450A4EB0CE4D2D51640C2B842.d.C9D7F35E12C4E9BCDF1FA89F30DCF2CD.e.1179/value - {"text":"C:\\Windows\\SystemTemp\\scoped_dir4532_2082319882\\upload4532_1340998984\\Partners.xlsx"}
COMMAND: GET /session/fa1966063a4db30dbf2f999955ebc217/screenshot - {}
RESULT: {"text":"C:\\Windows\\SystemTemp\\scoped_dir4532_2082319882\\upload4532_1340998984\\Partners.xlsx"}
COMMAND: GET /session/fa1966063a4db30dbf2f999955ebc217/screenshot - {}
RESULT: {}
RESULT: {}
COMMAND: POST /session/fa1966063a4db30dbf2f999955ebc217/element - {"using":"xpath","value":"//bdi[contains(text(), \"Match by name\")]"}
RESULT: {"using":"xpath","value":"//bdi[contains(text(), \"Match by name\")]"}
COMMAND: POST /session/fa1966063a4db30dbf2f999955ebc217/element/f.8EF3D0D450A4EB0CE4D2D51640C2B842.d.C9D7F35E12C4E9BCDF1FA89F30DCF2CD.e.1190/click - {}
RESULT: {}
COMMAND: GET /session/fa1966063a4db30dbf2f999955ebc217/screenshot - {}
RESULT: {}
COMMAND: POST /session/fa1966063a4db30dbf2f999955ebc217/element - {"using":"xpath","value":"//bdi[text() = \"OK\"]"}
RESULT: {"using":"xpath","value":"//bdi[text() = \"OK\"]"}
COMMAND: POST /session/fa1966063a4db30dbf2f999955ebc217/element/f.8EF3D0D450A4EB0CE4D2D51640C2B842.d.C9D7F35E12C4E9BCDF1FA89F30DCF2CD.e.1191/click - {}
RESULT: {}
COMMAND: GET /session/fa1966063a4db30dbf2f999955ebc217/screenshot - {}
RESULT: {}
COMMAND: POST /session/fa1966063a4db30dbf2f999955ebc217/file - {"file":"[base64] 6424 bytes"}
RESULT: {"file":"[base64] 6424 bytes"}
COMMAND: POST /session/fa1966063a4db30dbf2f999955ebc217/element - {"using":"xpath","value":"//input[(@type=\"file\") and contains(@id,\"BOList-4-1-1-uploader-fu\")]"}
RESULT: {"using":"xpath","value":"//input[(@type=\"file\") and contains(@id,\"BOList-4-1-1-uploader-fu\")]"}
COMMAND: POST /session/fa1966063a4db30dbf2f999955ebc217/element/f.8EF3D0D450A4EB0CE4D2D51640C2B842.d.C9D7F35E12C4E9BCDF1FA89F30DCF2CD.e.1194/clear - {}
RESULT: {}
COMMAND: POST /session/fa1966063a4db30dbf2f999955ebc217/element/f.8EF3D0D450A4EB0CE4D2D51640C2B842.d.C9D7F35E12C4E9BCDF1FA89F30DCF2CD.e.1194/value - {"text":"C:\\Windows\\SystemTemp\\scoped_dir4532_2082319882\\upload4532_1272913684\\YardsPartners.xlsx"}
COMMAND: GET /session/fa1966063a4db30dbf2f999955ebc217/screenshot - {}
RESULT: {"text":"C:\\Windows\\SystemTemp\\scoped_dir4532_2082319882\\upload4532_1272913684\\YardsPartners.xlsx"}
COMMAND: GET /session/fa1966063a4db30dbf2f999955ebc217/screenshot - {}
RESULT: {}
RESULT: {}
COMMAND: POST /session/fa1966063a4db30dbf2f999955ebc217/element - {"using":"xpath","value":"//bdi[contains(text(), \"Match by name\")]"}
RESULT: {"using":"xpath","value":"//bdi[contains(text(), \"Match by name\")]"}
COMMAND: POST /session/fa1966063a4db30dbf2f999955ebc217/element/f.8EF3D0D450A4EB0CE4D2D51640C2B842.d.C9D7F35E12C4E9BCDF1FA89F30DCF2CD.e.1201/click - {}
RESULT: {}
COMMAND: GET /session/fa1966063a4db30dbf2f999955ebc217/screenshot - {}
RESULT: {}
COMMAND: POST /session/fa1966063a4db30dbf2f999955ebc217/element - {"using":"xpath","value":"//bdi[text() = \"OK\"]"}
RESULT: {"using":"xpath","value":"//bdi[text() = \"OK\"]"}
COMMAND: POST /session/fa1966063a4db30dbf2f999955ebc217/element/f.8EF3D0D450A4EB0CE4D2D51640C2B842.d.C9D7F35E12C4E9BCDF1FA89F30DCF2CD.e.1203/click - {}
RESULT: {}
COMMAND: GET /session/fa1966063a4db30dbf2f999955ebc217/screenshot - {}
RESULT: {}
COMMAND: POST /session/fa1966063a4db30dbf2f999955ebc217/execute/async - {"script":"<script> [1562 bytes]","args":[{"selector":{"controlType":"sap.m.Switch","viewName":"bbs.dxcw.migration.view.migration.MigrationNewDraft","bindingPath":{"path":"","propertyPath":"/isComposition","modelName":"ContentModel"},"interaction":{"idSuffix":"textoff"}},"wdio_ui5_key":"bbsdxcw.migration.view.migration.MigrationNewDraftsap.m.Switch{\"path\":\"\",\"propertyPath\":\"/isComposition\",\"modelName\":\"ContentModel\"}"}]}
RESULT: {"script":"<script> [1562 bytes]","args":[{"selector":{"controlType":"sap.m.Switch","viewName":"bbs.dxcw.migration.view.migration.MigrationNewDraft","bindingPath":{"path":"","propertyPath":"/isComposition","modelName":"ContentModel"},"interaction":{"idSuffix":"textoff"}},"wdio_ui5_key":"bbsdxcw.migration.view.migration.MigrationNewDraftsap.m.Switch{\"path\":\"\",\"propertyPath\":\"/isComposition\",\"modelName\":\"ContentModel\"}"}]}
RESULT: undefined
COMMAND: POST /session/fa1966063a4db30dbf2f999955ebc217/element - {"using":"xpath","value":"//*[@id=\"__switch0\"]"}
RESULT: {"using":"xpath","value":"//*[@id=\"__switch0\"]"}
COMMAND: POST /session/fa1966063a4db30dbf2f999955ebc217/element/f.8EF3D0D450A4EB0CE4D2D51640C2B842.d.C9D7F35E12C4E9BCDF1FA89F30DCF2CD.e.184/click - {}
RESULT: {}
COMMAND: POST /session/fa1966063a4db30dbf2f999955ebc217/element - {"using":"xpath","value":"//button[contains(@id,\"uploadBtn\")]"}
COMMAND: GET /session/fa1966063a4db30dbf2f999955ebc217/screenshot - {}
RESULT: {"using":"xpath","value":"//button[contains(@id,\"uploadBtn\")]"}
COMMAND: POST /session/fa1966063a4db30dbf2f999955ebc217/element/f.8EF3D0D450A4EB0CE4D2D51640C2B842.d.C9D7F35E12C4E9BCDF1FA89F30DCF2CD.e.192/click - {}
RESULT: {}
RESULT: {}
COMMAND: GET /session/fa1966063a4db30dbf2f999955ebc217/screenshot - {}
RESULT: {}
COMMAND: POST /session/fa1966063a4db30dbf2f999955ebc217/element - {"using":"xpath","value":"//button[.//bdi[contains(text(),\"Refresh Logs\")]]"}
RESULT: {"using":"xpath","value":"//button[.//bdi[contains(text(),\"Refresh Logs\")]]"}
COMMAND: POST /session/fa1966063a4db30dbf2f999955ebc217/element/f.8EF3D0D450A4EB0CE4D2D51640C2B842.d.C9D7F35E12C4E9BCDF1FA89F30DCF2CD.e.1214/click - {}
RESULT: {}
COMMAND: GET /session/fa1966063a4db30dbf2f999955ebc217/screenshot - {}
RESULT: {}
COMMAND: POST /session/fa1966063a4db30dbf2f999955ebc217/element - {"using":"xpath","value":"//table[contains(@id,\"customHandoversTable-listUl\")]/tbody/tr[1]/td[4]/span"}
RESULT: {"using":"xpath","value":"//table[contains(@id,\"customHandoversTable-listUl\")]/tbody/tr[1]/td[4]/span"}
COMMAND: POST /session/fa1966063a4db30dbf2f999955ebc217/execute/sync - {"script":"<script> [56 bytes]","args":[{"element-6066-11e4-a52e-4f735466cecf":"f.8EF3D0D450A4EB0CE4D2D51640C2B842.d.C9D7F35E12C4E9BCDF1FA89F30DCF2CD.e.1505","ELEMENT":"f.8EF3D0D450A4EB0CE4D2D51640C2B842.d.C9D7F35E12C4E9BCDF1FA89F30DCF2CD.e.1505"}]}
RESULT: {"script":"<script> [56 bytes]","args":[{"element-6066-11e4-a52e-4f735466cecf":"f.8EF3D0D450A4EB0CE4D2D51640C2B842.d.C9D7F35E12C4E9BCDF1FA89F30DCF2CD.e.1505","ELEMENT":"f.8EF3D0D450A4EB0CE4D2D51640C2B842.d.C9D7F35E12C4E9BCDF1FA89F30DCF2CD.e.1505"}]}
COMMAND: POST /session/fa1966063a4db30dbf2f999955ebc217/element - {"using":"xpath","value":"//table[contains(@id,\"customHandoversTable-listUl\")]/tbody/tr[1]/td[7]/div/span[2]"}
COMMAND: GET /session/fa1966063a4db30dbf2f999955ebc217/screenshot - {}
RESULT: {"using":"xpath","value":"//table[contains(@id,\"customHandoversTable-listUl\")]/tbody/tr[1]/td[7]/div/span[2]"}
COMMAND: POST /session/fa1966063a4db30dbf2f999955ebc217/execute/sync - {"script":"<script> [56 bytes]","args":[{"element-6066-11e4-a52e-4f735466cecf":"f.8EF3D0D450A4EB0CE4D2D51640C2B842.d.C9D7F35E12C4E9BCDF1FA89F30DCF2CD.e.1506","ELEMENT":"f.8EF3D0D450A4EB0CE4D2D51640C2B842.d.C9D7F35E12C4E9BCDF1FA89F30DCF2CD.e.1506"}]}
RESULT: {}
RESULT: {"script":"<script> [56 bytes]","args":[{"element-6066-11e4-a52e-4f735466cecf":"f.8EF3D0D450A4EB0CE4D2D51640C2B842.d.C9D7F35E12C4E9BCDF1FA89F30DCF2CD.e.1506","ELEMENT":"f.8EF3D0D450A4EB0CE4D2D51640C2B842.d.C9D7F35E12C4E9BCDF1FA89F30DCF2CD.e.1506"}]}
COMMAND: POST /session/fa1966063a4db30dbf2f999955ebc217/element - {"using":"xpath","value":"//table[contains(@id,\"customHandoversTable-listUl\")]/tbody/tr[1]/td[8]/div/span[2]"}
COMMAND: GET /session/fa1966063a4db30dbf2f999955ebc217/screenshot - {}
RESULT: {"using":"xpath","value":"//table[contains(@id,\"customHandoversTable-listUl\")]/tbody/tr[1]/td[8]/div/span[2]"}
COMMAND: POST /session/fa1966063a4db30dbf2f999955ebc217/execute/sync - {"script":"<script> [56 bytes]","args":[{"element-6066-11e4-a52e-4f735466cecf":"f.8EF3D0D450A4EB0CE4D2D51640C2B842.d.C9D7F35E12C4E9BCDF1FA89F30DCF2CD.e.1509","ELEMENT":"f.8EF3D0D450A4EB0CE4D2D51640C2B842.d.C9D7F35E12C4E9BCDF1FA89F30DCF2CD.e.1509"}]}
RESULT: {}
RESULT: {"script":"<script> [56 bytes]","args":[{"element-6066-11e4-a52e-4f735466cecf":"f.8EF3D0D450A4EB0CE4D2D51640C2B842.d.C9D7F35E12C4E9BCDF1FA89F30DCF2CD.e.1509","ELEMENT":"f.8EF3D0D450A4EB0CE4D2D51640C2B842.d.C9D7F35E12C4E9BCDF1FA89F30DCF2CD.e.1509"}]}
COMMAND: GET /session/fa1966063a4db30dbf2f999955ebc217/screenshot - {}
RESULT: {}
RESULT: undefined
COMMAND: POST /session/fa1966063a4db30dbf2f999955ebc217/element - {"using":"xpath","value":"//*[@id=\"__filter0-icon\"]"}
RESULT: {"using":"xpath","value":"//*[@id=\"__filter0-icon\"]"}
COMMAND: POST /session/fa1966063a4db30dbf2f999955ebc217/element/f.8EF3D0D450A4EB0CE4D2D51640C2B842.d.C9D7F35E12C4E9BCDF1FA89F30DCF2CD.e.616/click - {}
RESULT: {}
COMMAND: GET /session/fa1966063a4db30dbf2f999955ebc217/screenshot - {}
RESULT: {}
]]></system-out>
    </testcase>
    <testcase classname="chrome.136_0_7103_93.windows.Tests_for_DXCW_CAE_environment,_including_specific_login_to_the_system_US" name="Should upload site file entry used for later tests as master data US156291" time="56.475">
      <system-out><![CDATA[
COMMAND: POST /session/fa1966063a4db30dbf2f999955ebc217/element - {"using":"xpath","value":"//bdi[contains(text(), \"Create new Draft\")]"}
RESULT: {"using":"xpath","value":"//bdi[contains(text(), \"Create new Draft\")]"}
COMMAND: POST /session/fa1966063a4db30dbf2f999955ebc217/element/f.8EF3D0D450A4EB0CE4D2D51640C2B842.d.C9D7F35E12C4E9BCDF1FA89F30DCF2CD.e.1513/click - {}
RESULT: {}
COMMAND: GET /session/fa1966063a4db30dbf2f999955ebc217/screenshot - {}
RESULT: {}
COMMAND: POST /session/fa1966063a4db30dbf2f999955ebc217/element - {"using":"xpath","value":"//li[.//div[text()=\"Sites\"]]"}
RESULT: {"using":"xpath","value":"//li[.//div[text()=\"Sites\"]]"}
COMMAND: POST /session/fa1966063a4db30dbf2f999955ebc217/element/f.8EF3D0D450A4EB0CE4D2D51640C2B842.d.C9D7F35E12C4E9BCDF1FA89F30DCF2CD.e.1175/click - {}
RESULT: {}
COMMAND: GET /session/fa1966063a4db30dbf2f999955ebc217/screenshot - {}
COMMAND: POST /session/fa1966063a4db30dbf2f999955ebc217/file - {"file":"[base64] 6444 bytes"}
RESULT: {}
RESULT: {"file":"[base64] 6444 bytes"}
COMMAND: POST /session/fa1966063a4db30dbf2f999955ebc217/element - {"using":"xpath","value":"//input[(@type=\"file\") and contains(@id,\"BOList-9-0-1-uploader-fu\")]"}
RESULT: {"using":"xpath","value":"//input[(@type=\"file\") and contains(@id,\"BOList-9-0-1-uploader-fu\")]"}
COMMAND: POST /session/fa1966063a4db30dbf2f999955ebc217/element/f.8EF3D0D450A4EB0CE4D2D51640C2B842.d.C9D7F35E12C4E9BCDF1FA89F30DCF2CD.e.1635/clear - {}
RESULT: {}
COMMAND: POST /session/fa1966063a4db30dbf2f999955ebc217/element/f.8EF3D0D450A4EB0CE4D2D51640C2B842.d.C9D7F35E12C4E9BCDF1FA89F30DCF2CD.e.1635/value - {"text":"C:\\Windows\\SystemTemp\\scoped_dir4532_2082319882\\upload4532_997352422\\Sites.xlsx"}
COMMAND: GET /session/fa1966063a4db30dbf2f999955ebc217/screenshot - {}
RESULT: {}
RESULT: {"text":"C:\\Windows\\SystemTemp\\scoped_dir4532_2082319882\\upload4532_997352422\\Sites.xlsx"}
COMMAND: GET /session/fa1966063a4db30dbf2f999955ebc217/screenshot - {}
RESULT: {}
COMMAND: POST /session/fa1966063a4db30dbf2f999955ebc217/element - {"using":"xpath","value":"//bdi[contains(text(), \"Match by name\")]"}
RESULT: {"using":"xpath","value":"//bdi[contains(text(), \"Match by name\")]"}
COMMAND: POST /session/fa1966063a4db30dbf2f999955ebc217/element/f.8EF3D0D450A4EB0CE4D2D51640C2B842.d.C9D7F35E12C4E9BCDF1FA89F30DCF2CD.e.1644/click - {}
RESULT: {}
COMMAND: GET /session/fa1966063a4db30dbf2f999955ebc217/screenshot - {}
RESULT: {}
COMMAND: POST /session/fa1966063a4db30dbf2f999955ebc217/element - {"using":"xpath","value":"//bdi[text() = \"OK\"]"}
RESULT: {"using":"xpath","value":"//bdi[text() = \"OK\"]"}
COMMAND: POST /session/fa1966063a4db30dbf2f999955ebc217/element/f.8EF3D0D450A4EB0CE4D2D51640C2B842.d.C9D7F35E12C4E9BCDF1FA89F30DCF2CD.e.1645/click - {}
RESULT: {}
COMMAND: GET /session/fa1966063a4db30dbf2f999955ebc217/screenshot - {}
RESULT: {}
COMMAND: POST /session/fa1966063a4db30dbf2f999955ebc217/element - {"using":"xpath","value":"//button[contains(@id,\"uploadBtn\")]"}
RESULT: {"using":"xpath","value":"//button[contains(@id,\"uploadBtn\")]"}
COMMAND: POST /session/fa1966063a4db30dbf2f999955ebc217/element/f.8EF3D0D450A4EB0CE4D2D51640C2B842.d.C9D7F35E12C4E9BCDF1FA89F30DCF2CD.e.192/click - {}
RESULT: {}
COMMAND: GET /session/fa1966063a4db30dbf2f999955ebc217/screenshot - {}
RESULT: {}
COMMAND: POST /session/fa1966063a4db30dbf2f999955ebc217/element - {"using":"xpath","value":"//button[.//bdi[contains(text(),\"Refresh Logs\")]]"}
RESULT: {"using":"xpath","value":"//button[.//bdi[contains(text(),\"Refresh Logs\")]]"}
COMMAND: POST /session/fa1966063a4db30dbf2f999955ebc217/element/f.8EF3D0D450A4EB0CE4D2D51640C2B842.d.C9D7F35E12C4E9BCDF1FA89F30DCF2CD.e.1652/click - {}
RESULT: {}
COMMAND: GET /session/fa1966063a4db30dbf2f999955ebc217/screenshot - {}
RESULT: {}
COMMAND: POST /session/fa1966063a4db30dbf2f999955ebc217/element - {"using":"xpath","value":"//table[contains(@id,\"customHandoversTable-listUl\")]/tbody/tr[1]/td[4]/span"}
RESULT: {"using":"xpath","value":"//table[contains(@id,\"customHandoversTable-listUl\")]/tbody/tr[1]/td[4]/span"}
COMMAND: POST /session/fa1966063a4db30dbf2f999955ebc217/execute/sync - {"script":"<script> [56 bytes]","args":[{"element-6066-11e4-a52e-4f735466cecf":"f.8EF3D0D450A4EB0CE4D2D51640C2B842.d.C9D7F35E12C4E9BCDF1FA89F30DCF2CD.e.1943","ELEMENT":"f.8EF3D0D450A4EB0CE4D2D51640C2B842.d.C9D7F35E12C4E9BCDF1FA89F30DCF2CD.e.1943"}]}
RESULT: {"script":"<script> [56 bytes]","args":[{"element-6066-11e4-a52e-4f735466cecf":"f.8EF3D0D450A4EB0CE4D2D51640C2B842.d.C9D7F35E12C4E9BCDF1FA89F30DCF2CD.e.1943","ELEMENT":"f.8EF3D0D450A4EB0CE4D2D51640C2B842.d.C9D7F35E12C4E9BCDF1FA89F30DCF2CD.e.1943"}]}
COMMAND: POST /session/fa1966063a4db30dbf2f999955ebc217/element - {"using":"xpath","value":"//table[contains(@id,\"customHandoversTable-listUl\")]/tbody/tr[1]/td[7]/div/span[2]"}
COMMAND: GET /session/fa1966063a4db30dbf2f999955ebc217/screenshot - {}
RESULT: {"using":"xpath","value":"//table[contains(@id,\"customHandoversTable-listUl\")]/tbody/tr[1]/td[7]/div/span[2]"}
COMMAND: POST /session/fa1966063a4db30dbf2f999955ebc217/execute/sync - {"script":"<script> [56 bytes]","args":[{"element-6066-11e4-a52e-4f735466cecf":"f.8EF3D0D450A4EB0CE4D2D51640C2B842.d.C9D7F35E12C4E9BCDF1FA89F30DCF2CD.e.1944","ELEMENT":"f.8EF3D0D450A4EB0CE4D2D51640C2B842.d.C9D7F35E12C4E9BCDF1FA89F30DCF2CD.e.1944"}]}
RESULT: {}
RESULT: {"script":"<script> [56 bytes]","args":[{"element-6066-11e4-a52e-4f735466cecf":"f.8EF3D0D450A4EB0CE4D2D51640C2B842.d.C9D7F35E12C4E9BCDF1FA89F30DCF2CD.e.1944","ELEMENT":"f.8EF3D0D450A4EB0CE4D2D51640C2B842.d.C9D7F35E12C4E9BCDF1FA89F30DCF2CD.e.1944"}]}
COMMAND: POST /session/fa1966063a4db30dbf2f999955ebc217/element - {"using":"xpath","value":"//table[contains(@id,\"customHandoversTable-listUl\")]/tbody/tr[1]/td[8]/div/span[2]"}
COMMAND: GET /session/fa1966063a4db30dbf2f999955ebc217/screenshot - {}
RESULT: {"using":"xpath","value":"//table[contains(@id,\"customHandoversTable-listUl\")]/tbody/tr[1]/td[8]/div/span[2]"}
COMMAND: POST /session/fa1966063a4db30dbf2f999955ebc217/execute/sync - {"script":"<script> [56 bytes]","args":[{"element-6066-11e4-a52e-4f735466cecf":"f.8EF3D0D450A4EB0CE4D2D51640C2B842.d.C9D7F35E12C4E9BCDF1FA89F30DCF2CD.e.1947","ELEMENT":"f.8EF3D0D450A4EB0CE4D2D51640C2B842.d.C9D7F35E12C4E9BCDF1FA89F30DCF2CD.e.1947"}]}
RESULT: {}
RESULT: {"script":"<script> [56 bytes]","args":[{"element-6066-11e4-a52e-4f735466cecf":"f.8EF3D0D450A4EB0CE4D2D51640C2B842.d.C9D7F35E12C4E9BCDF1FA89F30DCF2CD.e.1947","ELEMENT":"f.8EF3D0D450A4EB0CE4D2D51640C2B842.d.C9D7F35E12C4E9BCDF1FA89F30DCF2CD.e.1947"}]}
COMMAND: GET /session/fa1966063a4db30dbf2f999955ebc217/screenshot - {}
RESULT: {}
RESULT: undefined
COMMAND: POST /session/fa1966063a4db30dbf2f999955ebc217/element - {"using":"xpath","value":"//*[@id=\"__filter0-icon\"]"}
RESULT: {"using":"xpath","value":"//*[@id=\"__filter0-icon\"]"}
COMMAND: POST /session/fa1966063a4db30dbf2f999955ebc217/element/f.8EF3D0D450A4EB0CE4D2D51640C2B842.d.C9D7F35E12C4E9BCDF1FA89F30DCF2CD.e.616/click - {}
RESULT: {}
COMMAND: GET /session/fa1966063a4db30dbf2f999955ebc217/screenshot - {}
RESULT: {}
COMMAND: POST /session/fa1966063a4db30dbf2f999955ebc217/element - {"using":"css selector","value":"#shell-header-logo"}
RESULT: {"using":"css selector","value":"#shell-header-logo"}
COMMAND: POST /session/fa1966063a4db30dbf2f999955ebc217/element/f.8EF3D0D450A4EB0CE4D2D51640C2B842.d.C9D7F35E12C4E9BCDF1FA89F30DCF2CD.e.124/click - {}
RESULT: {}
COMMAND: GET /session/fa1966063a4db30dbf2f999955ebc217/screenshot - {}
RESULT: {}
COMMAND: POST /session/fa1966063a4db30dbf2f999955ebc217/element - {"using":"css selector","value":"#j_username"}
COMMAND: POST /session/fa1966063a4db30dbf2f999955ebc217/url - {"url":"https://qa-testing-00-live-etm-ui.cfapps.eu10-004.hana.ondemand.com/"}
RESULT: {"using":"css selector","value":"#j_username"}
COMMAND: POST /session/fa1966063a4db30dbf2f999955ebc217/element - {"using":"css selector","value":"#j_username"}
RESULT: {"url":"https://qa-testing-00-live-etm-ui.cfapps.eu10-004.hana.ondemand.com/"}
RESULT: undefined
COMMAND: GET /session/fa1966063a4db30dbf2f999955ebc217/screenshot - {}
RESULT: {"using":"css selector","value":"#j_username"}
COMMAND: POST /session/fa1966063a4db30dbf2f999955ebc217/element - {"using":"css selector","value":"#shell-header-logo"}
RESULT: {}
RESULT: {"using":"css selector","value":"#shell-header-logo"}
COMMAND: POST /session/fa1966063a4db30dbf2f999955ebc217/execute/sync - {"script":"<script> [8489 bytes]","args":[{"element-6066-11e4-a52e-4f735466cecf":"f.8EF3D0D450A4EB0CE4D2D51640C2B842.d.F8AE3B1AC5823D565B2312C3CDC04093.e.1958","ELEMENT":"f.8EF3D0D450A4EB0CE4D2D51640C2B842.d.F8AE3B1AC5823D565B2312C3CDC04093.e.1958"}]}
RESULT: {"script":"<script> [8489 bytes]","args":[{"element-6066-11e4-a52e-4f735466cecf":"f.8EF3D0D450A4EB0CE4D2D51640C2B842.d.F8AE3B1AC5823D565B2312C3CDC04093.e.1958","ELEMENT":"f.8EF3D0D450A4EB0CE4D2D51640C2B842.d.F8AE3B1AC5823D565B2312C3CDC04093.e.1958"}]}
COMMAND: POST /session/fa1966063a4db30dbf2f999955ebc217/element - {"using":"css selector","value":"#shell-header-logo"}
COMMAND: GET /session/fa1966063a4db30dbf2f999955ebc217/screenshot - {}
RESULT: {"using":"css selector","value":"#shell-header-logo"}
COMMAND: POST /session/fa1966063a4db30dbf2f999955ebc217/execute/sync - {"script":"<script> [8489 bytes]","args":[{"element-6066-11e4-a52e-4f735466cecf":"f.8EF3D0D450A4EB0CE4D2D51640C2B842.d.F8AE3B1AC5823D565B2312C3CDC04093.e.1958","ELEMENT":"f.8EF3D0D450A4EB0CE4D2D51640C2B842.d.F8AE3B1AC5823D565B2312C3CDC04093.e.1958"}]}
RESULT: {}
RESULT: {"script":"<script> [8489 bytes]","args":[{"element-6066-11e4-a52e-4f735466cecf":"f.8EF3D0D450A4EB0CE4D2D51640C2B842.d.F8AE3B1AC5823D565B2312C3CDC04093.e.1958","ELEMENT":"f.8EF3D0D450A4EB0CE4D2D51640C2B842.d.F8AE3B1AC5823D565B2312C3CDC04093.e.1958"}]}
COMMAND: POST /session/fa1966063a4db30dbf2f999955ebc217/execute/sync - {"script":"<script> [5351 bytes]","args":[{"element-6066-11e4-a52e-4f735466cecf":"f.8EF3D0D450A4EB0CE4D2D51640C2B842.d.F8AE3B1AC5823D565B2312C3CDC04093.e.1958","ELEMENT":"f.8EF3D0D450A4EB0CE4D2D51640C2B842.d.F8AE3B1AC5823D565B2312C3CDC04093.e.1958"}]}
COMMAND: GET /session/fa1966063a4db30dbf2f999955ebc217/screenshot - {}
RESULT: {"script":"<script> [5351 bytes]","args":[{"element-6066-11e4-a52e-4f735466cecf":"f.8EF3D0D450A4EB0CE4D2D51640C2B842.d.F8AE3B1AC5823D565B2312C3CDC04093.e.1958","ELEMENT":"f.8EF3D0D450A4EB0CE4D2D51640C2B842.d.F8AE3B1AC5823D565B2312C3CDC04093.e.1958"}]}
COMMAND: POST /session/fa1966063a4db30dbf2f999955ebc217/element - {"using":"css selector","value":"#shell-header-logo"}
COMMAND: GET /session/fa1966063a4db30dbf2f999955ebc217/screenshot - {}
RESULT: {}
RESULT: {"using":"css selector","value":"#shell-header-logo"}
COMMAND: POST /session/fa1966063a4db30dbf2f999955ebc217/element/f.8EF3D0D450A4EB0CE4D2D51640C2B842.d.F8AE3B1AC5823D565B2312C3CDC04093.e.1958/click - {}
RESULT: {}
RESULT: {}
COMMAND: GET /session/fa1966063a4db30dbf2f999955ebc217/screenshot - {}
RESULT: {}
COMMAND: POST /session/fa1966063a4db30dbf2f999955ebc217/execute/async - {"script":"<script> [189 bytes]","args":[]}
RESULT: {"script":"<script> [189 bytes]","args":[]}
COMMAND: POST /session/fa1966063a4db30dbf2f999955ebc217/execute/async - {"script":"<script> [123 bytes]","args":[]}
RESULT: {"script":"<script> [123 bytes]","args":[]}
COMMAND: POST /session/fa1966063a4db30dbf2f999955ebc217/timeouts - {"script":"<number>"}
RESULT: {"script":"<number>"}
COMMAND: GET /session/fa1966063a4db30dbf2f999955ebc217/timeouts - {}
RESULT: {}
RESULT: undefined
COMMAND: POST /session/fa1966063a4db30dbf2f999955ebc217/execute/async - {"script":"<script> [2676 bytes]","args":[]}
RESULT: {"script":"<script> [2676 bytes]","args":[]}
COMMAND: POST /session/fa1966063a4db30dbf2f999955ebc217/execute/async - {"script":"<script> [2342 bytes]","args":[{"protocol":"http","hostname":"0.0.0.0","path":"/","capabilities":{"browserName":"chrome","goog:chromeOptions":{"binary":"C:\\Program Files\\Google\\Chrome\\Application\\chrome.exe","args":["--start-maximized"]}},"logLevel":"warn","connectionRetryTimeout":120000,"connectionRetryCount":3,"logLevels":{},"enableDirectConnect":true,"strictSSL":true,"_":"65 more keys: [\"cacheDir\",\"port\",\"requestedCapabilities\",\"automationProtocol\",\"baseUrl\",\"waitforInterval\",\"waitforTimeout\",\"onReload\",\"beforeCommand\",\"afterCommand\",\"rootDir\",\"specs\",\"suites\",\"exclude\",\"groupLogsByTestSpec\",\"excludeDriverLogs\",\"bail\",\"framework\",\"reporters\",\"services\",\"maxInstances\",\"maxInstancesPerCapability\",\"injectGlobals\",\"filesToWatch\",\"execArgv\",\"runnerEnv\",\"runner\",\"shard\",\"specFileRetries\",\"specFileRetriesDelay\",\"specFileRetriesDeferred\",\"reporterSyncInterval\",\"reporterSyncTimeout\",\"cucumberFeaturesWithLineNumbers\",\"autoCompileOpts\",\"mochaOpts\",\"jasmineOpts\",\"cucumberOpts\",\"onPrepare\",\"onWorkerStart\",\"onWorkerEnd\",\"before\",\"beforeSession\",\"beforeSuite\",\"beforeHook\",\"beforeTest\",\"afterTest\",\"afterHook\",\"afterSuite\",\"afterSession\",\"after\",\"onComplete\",\"beforeAssertion\",\"afterAssertion\",\"beforeFeature\",\"beforeScenario\",\"beforeStep\",\"afterStep\",\"afterScenario\",\"afterFeature\",\"_\",\"suite\",\"$0\",\"ignoredWorkerServices\",\"wdi5\"]"}]}
RESULT: {"script":"<script> [2342 bytes]","args":[{"protocol":"http","hostname":"0.0.0.0","path":"/","capabilities":{"browserName":"chrome","goog:chromeOptions":{"binary":"C:\\Program Files\\Google\\Chrome\\Application\\chrome.exe","args":["--start-maximized"]}},"logLevel":"warn","connectionRetryTimeout":120000,"connectionRetryCount":3,"logLevels":{},"enableDirectConnect":true,"strictSSL":true,"_":"65 more keys: [\"cacheDir\",\"port\",\"requestedCapabilities\",\"automationProtocol\",\"baseUrl\",\"waitforInterval\",\"waitforTimeout\",\"onReload\",\"beforeCommand\",\"afterCommand\",\"rootDir\",\"specs\",\"suites\",\"exclude\",\"groupLogsByTestSpec\",\"excludeDriverLogs\",\"bail\",\"framework\",\"reporters\",\"services\",\"maxInstances\",\"maxInstancesPerCapability\",\"injectGlobals\",\"filesToWatch\",\"execArgv\",\"runnerEnv\",\"runner\",\"shard\",\"specFileRetries\",\"specFileRetriesDelay\",\"specFileRetriesDeferred\",\"reporterSyncInterval\",\"reporterSyncTimeout\",\"cucumberFeaturesWithLineNumbers\",\"autoCompileOpts\",\"mochaOpts\",\"jasmineOpts\",\"cucumberOpts\",\"onPrepare\",\"onWorkerStart\",\"onWorkerEnd\",\"before\",\"beforeSession\",\"beforeSuite\",\"beforeHook\",\"beforeTest\",\"afterTest\",\"afterHook\",\"afterSuite\",\"afterSession\",\"after\",\"onComplete\",\"beforeAssertion\",\"afterAssertion\",\"beforeFeature\",\"beforeScenario\",\"beforeStep\",\"afterStep\",\"afterScenario\",\"afterFeature\",\"_\",\"suite\",\"$0\",\"ignoredWorkerServices\",\"wdi5\"]"}]}
COMMAND: POST /session/fa1966063a4db30dbf2f999955ebc217/execute/async - {"script":"<script> [21126 bytes]","args":[35000]}
RESULT: {"script":"<script> [21126 bytes]","args":[35000]}
COMMAND: POST /session/fa1966063a4db30dbf2f999955ebc217/window/maximize - {}
RESULT: {}
COMMAND: POST /session/fa1966063a4db30dbf2f999955ebc217/execute/async - {"script":"<script> [1562 bytes]","args":[{"selector":{"id":"shell-header","interaction":{"idSuffix":"icon"}},"wdio_ui5_key":"shellheader"}]}
COMMAND: GET /session/fa1966063a4db30dbf2f999955ebc217/screenshot - {}
RESULT: {"script":"<script> [1562 bytes]","args":[{"selector":{"id":"shell-header","interaction":{"idSuffix":"icon"}},"wdio_ui5_key":"shellheader"}]}
RESULT: undefined
COMMAND: POST /session/fa1966063a4db30dbf2f999955ebc217/refresh - {}
RESULT: {}
RESULT: {}
COMMAND: GET /session/fa1966063a4db30dbf2f999955ebc217/screenshot - {}
RESULT: {}
COMMAND: POST /session/fa1966063a4db30dbf2f999955ebc217/refresh - {}
RESULT: {}
COMMAND: GET /session/fa1966063a4db30dbf2f999955ebc217/screenshot - {}
RESULT: {}
COMMAND: POST /session/fa1966063a4db30dbf2f999955ebc217/window/fullscreen - {}
RESULT: {}
COMMAND: POST /session/fa1966063a4db30dbf2f999955ebc217/execute/async - {"script":"<script> [189 bytes]","args":[]}
RESULT: {"script":"<script> [189 bytes]","args":[]}
COMMAND: POST /session/fa1966063a4db30dbf2f999955ebc217/execute/async - {"script":"<script> [123 bytes]","args":[]}
RESULT: {"script":"<script> [123 bytes]","args":[]}
COMMAND: POST /session/fa1966063a4db30dbf2f999955ebc217/timeouts - {"script":"<number>"}
RESULT: {"script":"<number>"}
COMMAND: GET /session/fa1966063a4db30dbf2f999955ebc217/timeouts - {}
RESULT: {}
RESULT: undefined
COMMAND: POST /session/fa1966063a4db30dbf2f999955ebc217/execute/async - {"script":"<script> [2676 bytes]","args":[]}
RESULT: {"script":"<script> [2676 bytes]","args":[]}
COMMAND: POST /session/fa1966063a4db30dbf2f999955ebc217/execute/async - {"script":"<script> [2342 bytes]","args":[{"protocol":"http","hostname":"0.0.0.0","path":"/","capabilities":{"browserName":"chrome","goog:chromeOptions":{"binary":"C:\\Program Files\\Google\\Chrome\\Application\\chrome.exe","args":["--start-maximized"]}},"logLevel":"warn","connectionRetryTimeout":120000,"connectionRetryCount":3,"logLevels":{},"enableDirectConnect":true,"strictSSL":true,"_":"65 more keys: [\"cacheDir\",\"port\",\"requestedCapabilities\",\"automationProtocol\",\"baseUrl\",\"waitforInterval\",\"waitforTimeout\",\"onReload\",\"beforeCommand\",\"afterCommand\",\"rootDir\",\"specs\",\"suites\",\"exclude\",\"groupLogsByTestSpec\",\"excludeDriverLogs\",\"bail\",\"framework\",\"reporters\",\"services\",\"maxInstances\",\"maxInstancesPerCapability\",\"injectGlobals\",\"filesToWatch\",\"execArgv\",\"runnerEnv\",\"runner\",\"shard\",\"specFileRetries\",\"specFileRetriesDelay\",\"specFileRetriesDeferred\",\"reporterSyncInterval\",\"reporterSyncTimeout\",\"cucumberFeaturesWithLineNumbers\",\"autoCompileOpts\",\"mochaOpts\",\"jasmineOpts\",\"cucumberOpts\",\"onPrepare\",\"onWorkerStart\",\"onWorkerEnd\",\"before\",\"beforeSession\",\"beforeSuite\",\"beforeHook\",\"beforeTest\",\"afterTest\",\"afterHook\",\"afterSuite\",\"afterSession\",\"after\",\"onComplete\",\"beforeAssertion\",\"afterAssertion\",\"beforeFeature\",\"beforeScenario\",\"beforeStep\",\"afterStep\",\"afterScenario\",\"afterFeature\",\"_\",\"suite\",\"$0\",\"ignoredWorkerServices\",\"wdi5\"]"}]}
RESULT: {"script":"<script> [2342 bytes]","args":[{"protocol":"http","hostname":"0.0.0.0","path":"/","capabilities":{"browserName":"chrome","goog:chromeOptions":{"binary":"C:\\Program Files\\Google\\Chrome\\Application\\chrome.exe","args":["--start-maximized"]}},"logLevel":"warn","connectionRetryTimeout":120000,"connectionRetryCount":3,"logLevels":{},"enableDirectConnect":true,"strictSSL":true,"_":"65 more keys: [\"cacheDir\",\"port\",\"requestedCapabilities\",\"automationProtocol\",\"baseUrl\",\"waitforInterval\",\"waitforTimeout\",\"onReload\",\"beforeCommand\",\"afterCommand\",\"rootDir\",\"specs\",\"suites\",\"exclude\",\"groupLogsByTestSpec\",\"excludeDriverLogs\",\"bail\",\"framework\",\"reporters\",\"services\",\"maxInstances\",\"maxInstancesPerCapability\",\"injectGlobals\",\"filesToWatch\",\"execArgv\",\"runnerEnv\",\"runner\",\"shard\",\"specFileRetries\",\"specFileRetriesDelay\",\"specFileRetriesDeferred\",\"reporterSyncInterval\",\"reporterSyncTimeout\",\"cucumberFeaturesWithLineNumbers\",\"autoCompileOpts\",\"mochaOpts\",\"jasmineOpts\",\"cucumberOpts\",\"onPrepare\",\"onWorkerStart\",\"onWorkerEnd\",\"before\",\"beforeSession\",\"beforeSuite\",\"beforeHook\",\"beforeTest\",\"afterTest\",\"afterHook\",\"afterSuite\",\"afterSession\",\"after\",\"onComplete\",\"beforeAssertion\",\"afterAssertion\",\"beforeFeature\",\"beforeScenario\",\"beforeStep\",\"afterStep\",\"afterScenario\",\"afterFeature\",\"_\",\"suite\",\"$0\",\"ignoredWorkerServices\",\"wdi5\"]"}]}
COMMAND: POST /session/fa1966063a4db30dbf2f999955ebc217/execute/async - {"script":"<script> [21126 bytes]","args":[35000]}
RESULT: {"script":"<script> [21126 bytes]","args":[35000]}
]]></system-out>
    </testcase>
  </testsuite>
  <testsuite timestamp="2025-05-24T17:22:37" time="1180.766" tests="12" failures="0" errors="0" skipped="0">
    <properties>
      <property name="specId" value="0"/>
      <property name="suiteName" value="Billing Transfer - Master data &amp; Intercompany US127250"/>
      <property name="capabilities" value="chrome.136_0_7103_93.windows"/>
      <property name="file" value="file:///D:/a/1/s/test/specs/BTS/billing-transfer-intercompany.spec.js"/>
    </properties>
    <testcase classname="chrome.136_0_7103_93.windows.Billing_Transfer_-_Master_data_&amp;_Intercompany_US127250" name="Should create a new yard" time="133.265">
      <system-out><![CDATA[
COMMAND: POST /session/fa1966063a4db30dbf2f999955ebc217/window/fullscreen - {}
RESULT: {}
COMMAND: POST /session/fa1966063a4db30dbf2f999955ebc217/execute/async - {"script":"<script> [1562 bytes]","args":[{"selector":{"controlType":"sap.m.GenericTile","properties":{"header":"Manage Yards"}},"wdio_ui5_key":"sapm.GenericTile{\"header\":\"Manage Yards\"}"}]}
RESULT: {"script":"<script> [1562 bytes]","args":[{"selector":{"controlType":"sap.m.GenericTile","properties":{"header":"Manage Yards"}},"wdio_ui5_key":"sapm.GenericTile{\"header\":\"Manage Yards\"}"}]}
RESULT: undefined
COMMAND: POST /session/fa1966063a4db30dbf2f999955ebc217/element - {"using":"xpath","value":"//*[@id=\"__tile41\"]"}
RESULT: {"using":"xpath","value":"//*[@id=\"__tile41\"]"}
COMMAND: POST /session/fa1966063a4db30dbf2f999955ebc217/element/f.8EF3D0D450A4EB0CE4D2D51640C2B842.d.E9BF4756734026997092CB3655203005.e.2115/click - {}
RESULT: {}
COMMAND: GET /session/fa1966063a4db30dbf2f999955ebc217/screenshot - {}
RESULT: {}
COMMAND: POST /session/fa1966063a4db30dbf2f999955ebc217/elements - {"using":"xpath","value":"//span[text()='Error']"}
RESULT: {"using":"xpath","value":"//span[text()='Error']"}
COMMAND: POST /session/fa1966063a4db30dbf2f999955ebc217/element - {"using":"xpath","value":"//button[@data-kt=\"addNewYardOverflowToolbarButton\"]"}
RESULT: {"using":"xpath","value":"//button[@data-kt=\"addNewYardOverflowToolbarButton\"]"}
COMMAND: POST /session/fa1966063a4db30dbf2f999955ebc217/elements - {"using":"xpath","value":"//button[@data-kt=\"addNewYardOverflowToolbarButton\"]"}
RESULT: {"using":"xpath","value":"//button[@data-kt=\"addNewYardOverflowToolbarButton\"]"}
COMMAND: POST /session/fa1966063a4db30dbf2f999955ebc217/elements - {"using":"xpath","value":"//button[@data-kt=\"addNewYardOverflowToolbarButton\"]"}
RESULT: {"using":"xpath","value":"//button[@data-kt=\"addNewYardOverflowToolbarButton\"]"}
COMMAND: POST /session/fa1966063a4db30dbf2f999955ebc217/elements - {"using":"xpath","value":"//button[@data-kt=\"addNewYardOverflowToolbarButton\"]"}
RESULT: {"using":"xpath","value":"//button[@data-kt=\"addNewYardOverflowToolbarButton\"]"}
COMMAND: POST /session/fa1966063a4db30dbf2f999955ebc217/element - {"using":"xpath","value":"//button[@data-kt=\"addNewYardOverflowToolbarButton\"]"}
RESULT: {"using":"xpath","value":"//button[@data-kt=\"addNewYardOverflowToolbarButton\"]"}
COMMAND: POST /session/fa1966063a4db30dbf2f999955ebc217/execute/sync - {"script":"<script> [8489 bytes]","args":[{"element-6066-11e4-a52e-4f735466cecf":"f.8EF3D0D450A4EB0CE4D2D51640C2B842.d.E9BF4756734026997092CB3655203005.e.2254","ELEMENT":"f.8EF3D0D450A4EB0CE4D2D51640C2B842.d.E9BF4756734026997092CB3655203005.e.2254"}]}
RESULT: {"script":"<script> [8489 bytes]","args":[{"element-6066-11e4-a52e-4f735466cecf":"f.8EF3D0D450A4EB0CE4D2D51640C2B842.d.E9BF4756734026997092CB3655203005.e.2254","ELEMENT":"f.8EF3D0D450A4EB0CE4D2D51640C2B842.d.E9BF4756734026997092CB3655203005.e.2254"}]}
COMMAND: GET /session/fa1966063a4db30dbf2f999955ebc217/element/f.8EF3D0D450A4EB0CE4D2D51640C2B842.d.E9BF4756734026997092CB3655203005.e.2254/enabled - {}
COMMAND: GET /session/fa1966063a4db30dbf2f999955ebc217/screenshot - {}
RESULT: {}
COMMAND: POST /session/fa1966063a4db30dbf2f999955ebc217/execute/sync - {"script":"<script> [8489 bytes]","args":[{"element-6066-11e4-a52e-4f735466cecf":"f.8EF3D0D450A4EB0CE4D2D51640C2B842.d.E9BF4756734026997092CB3655203005.e.2254","ELEMENT":"f.8EF3D0D450A4EB0CE4D2D51640C2B842.d.E9BF4756734026997092CB3655203005.e.2254"}]}
COMMAND: GET /session/fa1966063a4db30dbf2f999955ebc217/screenshot - {}
RESULT: {}
RESULT: {"script":"<script> [8489 bytes]","args":[{"element-6066-11e4-a52e-4f735466cecf":"f.8EF3D0D450A4EB0CE4D2D51640C2B842.d.E9BF4756734026997092CB3655203005.e.2254","ELEMENT":"f.8EF3D0D450A4EB0CE4D2D51640C2B842.d.E9BF4756734026997092CB3655203005.e.2254"}]}
COMMAND: POST /session/fa1966063a4db30dbf2f999955ebc217/execute/sync - {"script":"<script> [5351 bytes]","args":[{"element-6066-11e4-a52e-4f735466cecf":"f.8EF3D0D450A4EB0CE4D2D51640C2B842.d.E9BF4756734026997092CB3655203005.e.2254","ELEMENT":"f.8EF3D0D450A4EB0CE4D2D51640C2B842.d.E9BF4756734026997092CB3655203005.e.2254"}]}
COMMAND: GET /session/fa1966063a4db30dbf2f999955ebc217/screenshot - {}
RESULT: {}
RESULT: {"script":"<script> [5351 bytes]","args":[{"element-6066-11e4-a52e-4f735466cecf":"f.8EF3D0D450A4EB0CE4D2D51640C2B842.d.E9BF4756734026997092CB3655203005.e.2254","ELEMENT":"f.8EF3D0D450A4EB0CE4D2D51640C2B842.d.E9BF4756734026997092CB3655203005.e.2254"}]}
COMMAND: POST /session/fa1966063a4db30dbf2f999955ebc217/element/f.8EF3D0D450A4EB0CE4D2D51640C2B842.d.E9BF4756734026997092CB3655203005.e.2254/click - {}
COMMAND: GET /session/fa1966063a4db30dbf2f999955ebc217/screenshot - {}
RESULT: {}
RESULT: {}
COMMAND: GET /session/fa1966063a4db30dbf2f999955ebc217/screenshot - {}
COMMAND: POST /session/fa1966063a4db30dbf2f999955ebc217/element - {"using":"xpath","value":"//input[@id=\"application-manageyards-display-component---NewYard--yardId-inner\"]"}
RESULT: {}
RESULT: {}
RESULT: {"using":"xpath","value":"//input[@id=\"application-manageyards-display-component---NewYard--yardId-inner\"]"}
COMMAND: POST /session/fa1966063a4db30dbf2f999955ebc217/element - {"using":"xpath","value":"//input[@id=\"application-manageyards-display-component---NewYard--yardId-inner\"]"}
RESULT: {"using":"xpath","value":"//input[@id=\"application-manageyards-display-component---NewYard--yardId-inner\"]"}
COMMAND: POST /session/fa1966063a4db30dbf2f999955ebc217/execute/async - {"script":"<script> [1562 bytes]","args":[{"selector":{"id":"application-manageyards-display-component---NewYard--addressDetailDetailsName1","interaction":{"idSuffix":"inner"}},"wdio_ui5_key":"applicationmanageyards-display-component---NewYard--addressDetailDetailsName1"}]}
RESULT: {"script":"<script> [1562 bytes]","args":[{"selector":{"id":"application-manageyards-display-component---NewYard--addressDetailDetailsName1","interaction":{"idSuffix":"inner"}},"wdio_ui5_key":"applicationmanageyards-display-component---NewYard--addressDetailDetailsName1"}]}
RESULT: undefined
COMMAND: POST /session/fa1966063a4db30dbf2f999955ebc217/execute/async - {"script":"<script> [776 bytes]","args":[{"enterText":"Intercompany Yard wdIO","selector":{"id":"application-manageyards-display-component---NewYard--addressDetailDetailsName1","interaction":{"idSuffix":"inner"}},"clearTextFirst":true,"interactionType":"ENTER_TEXT"}]}
RESULT: {"script":"<script> [776 bytes]","args":[{"enterText":"Intercompany Yard wdIO","selector":{"id":"application-manageyards-display-component---NewYard--addressDetailDetailsName1","interaction":{"idSuffix":"inner"}},"clearTextFirst":true,"interactionType":"ENTER_TEXT"}]}
COMMAND: POST /session/fa1966063a4db30dbf2f999955ebc217/execute/async - {"script":"<script> [1562 bytes]","args":[{"selector":{"id":"application-manageyards-display-component---NewYard--addressDetailDetailsLanguage-arrow"},"wdio_ui5_key":"applicationmanageyards-display-component---NewYard--addressDetailDetailsLanguage-arrow"}]}
RESULT: {"script":"<script> [1562 bytes]","args":[{"selector":{"id":"application-manageyards-display-component---NewYard--addressDetailDetailsLanguage-arrow"},"wdio_ui5_key":"applicationmanageyards-display-component---NewYard--addressDetailDetailsLanguage-arrow"}]}
RESULT: undefined
COMMAND: POST /session/fa1966063a4db30dbf2f999955ebc217/element - {"using":"xpath","value":"//*[@id=\"application-manageyards-display-component---NewYard--addressDetailDetailsLanguage-arrow\"]"}
RESULT: {"using":"xpath","value":"//*[@id=\"application-manageyards-display-component---NewYard--addressDetailDetailsLanguage-arrow\"]"}
COMMAND: POST /session/fa1966063a4db30dbf2f999955ebc217/element/f.8EF3D0D450A4EB0CE4D2D51640C2B842.d.E9BF4756734026997092CB3655203005.e.2666/click - {}
RESULT: {}
COMMAND: POST /session/fa1966063a4db30dbf2f999955ebc217/element - {"using":"xpath","value":"//span[contains(text(), \"English\")]"}
COMMAND: GET /session/fa1966063a4db30dbf2f999955ebc217/screenshot - {}
RESULT: {"using":"xpath","value":"//span[contains(text(), \"English\")]"}
COMMAND: POST /session/fa1966063a4db30dbf2f999955ebc217/element/f.8EF3D0D450A4EB0CE4D2D51640C2B842.d.E9BF4756734026997092CB3655203005.e.2667/click - {}
RESULT: {}
RESULT: {}
COMMAND: POST /session/fa1966063a4db30dbf2f999955ebc217/execute/async - {"script":"<script> [1562 bytes]","args":[{"selector":{"id":"application-manageyards-display-component---NewYard--addressDetailDetailsCity1","interaction":{"idSuffix":"inner"}},"wdio_ui5_key":"applicationmanageyards-display-component---NewYard--addressDetailDetailsCity1"}]}
COMMAND: GET /session/fa1966063a4db30dbf2f999955ebc217/screenshot - {}
RESULT: {"script":"<script> [1562 bytes]","args":[{"selector":{"id":"application-manageyards-display-component---NewYard--addressDetailDetailsCity1","interaction":{"idSuffix":"inner"}},"wdio_ui5_key":"applicationmanageyards-display-component---NewYard--addressDetailDetailsCity1"}]}
RESULT: undefined
COMMAND: POST /session/fa1966063a4db30dbf2f999955ebc217/execute/async - {"script":"<script> [776 bytes]","args":[{"enterText":"Rosario","selector":{"id":"application-manageyards-display-component---NewYard--addressDetailDetailsCity1","interaction":{"idSuffix":"inner"}},"clearTextFirst":true,"interactionType":"ENTER_TEXT"}]}
RESULT: {}
RESULT: {"script":"<script> [776 bytes]","args":[{"enterText":"Rosario","selector":{"id":"application-manageyards-display-component---NewYard--addressDetailDetailsCity1","interaction":{"idSuffix":"inner"}},"clearTextFirst":true,"interactionType":"ENTER_TEXT"}]}
COMMAND: POST /session/fa1966063a4db30dbf2f999955ebc217/execute/async - {"script":"<script> [1562 bytes]","args":[{"selector":{"id":"application-manageyards-display-component---NewYard--addressDetailDetailsCountry-arrow"},"wdio_ui5_key":"applicationmanageyards-display-component---NewYard--addressDetailDetailsCountry-arrow"}]}
RESULT: {"script":"<script> [1562 bytes]","args":[{"selector":{"id":"application-manageyards-display-component---NewYard--addressDetailDetailsCountry-arrow"},"wdio_ui5_key":"applicationmanageyards-display-component---NewYard--addressDetailDetailsCountry-arrow"}]}
RESULT: undefined
COMMAND: POST /session/fa1966063a4db30dbf2f999955ebc217/element - {"using":"xpath","value":"//*[@id=\"application-manageyards-display-component---NewYard--addressDetailDetailsCountry-arrow\"]"}
RESULT: {"using":"xpath","value":"//*[@id=\"application-manageyards-display-component---NewYard--addressDetailDetailsCountry-arrow\"]"}
COMMAND: POST /session/fa1966063a4db30dbf2f999955ebc217/element/f.8EF3D0D450A4EB0CE4D2D51640C2B842.d.E9BF4756734026997092CB3655203005.e.2669/click - {}
RESULT: {}
COMMAND: POST /session/fa1966063a4db30dbf2f999955ebc217/element - {"using":"xpath","value":"//span[contains(text(), \"Argentina\")]"}
COMMAND: GET /session/fa1966063a4db30dbf2f999955ebc217/screenshot - {}
RESULT: {"using":"xpath","value":"//span[contains(text(), \"Argentina\")]"}
COMMAND: POST /session/fa1966063a4db30dbf2f999955ebc217/element/f.8EF3D0D450A4EB0CE4D2D51640C2B842.d.E9BF4756734026997092CB3655203005.e.2670/click - {}
RESULT: {}
RESULT: {}
COMMAND: POST /session/fa1966063a4db30dbf2f999955ebc217/execute/async - {"script":"<script> [1562 bytes]","args":[{"selector":{"id":"application-manageyards-display-component---NewYard--addressEditDetailsCostObjectCstType-arrow"},"wdio_ui5_key":"applicationmanageyards-display-component---NewYard--addressEditDetailsCostObjectCstType-arrow"}]}
COMMAND: GET /session/fa1966063a4db30dbf2f999955ebc217/screenshot - {}
RESULT: {"script":"<script> [1562 bytes]","args":[{"selector":{"id":"application-manageyards-display-component---NewYard--addressEditDetailsCostObjectCstType-arrow"},"wdio_ui5_key":"applicationmanageyards-display-component---NewYard--addressEditDetailsCostObjectCstType-arrow"}]}
RESULT: undefined
COMMAND: POST /session/fa1966063a4db30dbf2f999955ebc217/element - {"using":"xpath","value":"//*[@id=\"application-manageyards-display-component---NewYard--addressEditDetailsCostObjectCstType-arrow\"]"}
RESULT: {}
RESULT: {"using":"xpath","value":"//*[@id=\"application-manageyards-display-component---NewYard--addressEditDetailsCostObjectCstType-arrow\"]"}
COMMAND: POST /session/fa1966063a4db30dbf2f999955ebc217/element/f.8EF3D0D450A4EB0CE4D2D51640C2B842.d.E9BF4756734026997092CB3655203005.e.2672/click - {}
RESULT: {}
COMMAND: POST /session/fa1966063a4db30dbf2f999955ebc217/element - {"using":"xpath","value":"//span[contains(text(), \"Cost Center\")]"}
COMMAND: GET /session/fa1966063a4db30dbf2f999955ebc217/screenshot - {}
RESULT: {"using":"xpath","value":"//span[contains(text(), \"Cost Center\")]"}
COMMAND: POST /session/fa1966063a4db30dbf2f999955ebc217/element/f.8EF3D0D450A4EB0CE4D2D51640C2B842.d.E9BF4756734026997092CB3655203005.e.2673/click - {}
RESULT: {}
RESULT: {}
COMMAND: GET /session/fa1966063a4db30dbf2f999955ebc217/screenshot - {}
RESULT: {}
COMMAND: POST /session/fa1966063a4db30dbf2f999955ebc217/element - {"using":"xpath","value":"//span[@id=\"application-manageyards-display-component---NewYard--addressNewCostObjectCstID-vhi\"]"}
RESULT: {"using":"xpath","value":"//span[@id=\"application-manageyards-display-component---NewYard--addressNewCostObjectCstID-vhi\"]"}
COMMAND: POST /session/fa1966063a4db30dbf2f999955ebc217/execute/sync - {"script":"<script> [8489 bytes]","args":[{"element-6066-11e4-a52e-4f735466cecf":"f.8EF3D0D450A4EB0CE4D2D51640C2B842.d.E9BF4756734026997092CB3655203005.e.2677","ELEMENT":"f.8EF3D0D450A4EB0CE4D2D51640C2B842.d.E9BF4756734026997092CB3655203005.e.2677"}]}
RESULT: {"script":"<script> [8489 bytes]","args":[{"element-6066-11e4-a52e-4f735466cecf":"f.8EF3D0D450A4EB0CE4D2D51640C2B842.d.E9BF4756734026997092CB3655203005.e.2677","ELEMENT":"f.8EF3D0D450A4EB0CE4D2D51640C2B842.d.E9BF4756734026997092CB3655203005.e.2677"}]}
COMMAND: POST /session/fa1966063a4db30dbf2f999955ebc217/execute/async - {"script":"<script> [1562 bytes]","args":[{"selector":{"id":"application-manageyards-display-component---NewYard--addressNewCostObjectCstID-vhi"},"wdio_ui5_key":"applicationmanageyards-display-component---NewYard--addressNewCostObjectCstID-vhi"}]}
COMMAND: GET /session/fa1966063a4db30dbf2f999955ebc217/screenshot - {}
RESULT: {"script":"<script> [1562 bytes]","args":[{"selector":{"id":"application-manageyards-display-component---NewYard--addressNewCostObjectCstID-vhi"},"wdio_ui5_key":"applicationmanageyards-display-component---NewYard--addressNewCostObjectCstID-vhi"}]}
RESULT: undefined
COMMAND: POST /session/fa1966063a4db30dbf2f999955ebc217/element - {"using":"xpath","value":"//*[@id=\"application-manageyards-display-component---NewYard--addressNewCostObjectCstID-vhi\"]"}
RESULT: {}
RESULT: {"using":"xpath","value":"//*[@id=\"application-manageyards-display-component---NewYard--addressNewCostObjectCstID-vhi\"]"}
COMMAND: POST /session/fa1966063a4db30dbf2f999955ebc217/element/f.8EF3D0D450A4EB0CE4D2D51640C2B842.d.E9BF4756734026997092CB3655203005.e.2677/click - {}
RESULT: {}
COMMAND: GET /session/fa1966063a4db30dbf2f999955ebc217/screenshot - {}
RESULT: {}
COMMAND: POST /session/fa1966063a4db30dbf2f999955ebc217/execute/async - {"script":"<script> [1562 bytes]","args":[{"selector":{"controlType":"sap.m.SearchField","properties":{"placeholder":"Search"},"searchOpenDialogs":true,"interaction":{"idSuffix":"I"}},"wdio_ui5_key":"sapm.SearchField{\"placeholder\":\"Search\"}"}]}
RESULT: {"script":"<script> [1562 bytes]","args":[{"selector":{"controlType":"sap.m.SearchField","properties":{"placeholder":"Search"},"searchOpenDialogs":true,"interaction":{"idSuffix":"I"}},"wdio_ui5_key":"sapm.SearchField{\"placeholder\":\"Search\"}"}]}
RESULT: undefined
COMMAND: POST /session/fa1966063a4db30dbf2f999955ebc217/execute/async - {"script":"<script> [776 bytes]","args":[{"enterText":"bauh_b","selector":{"controlType":"sap.m.SearchField","properties":{"placeholder":"Search"},"searchOpenDialogs":true,"interaction":{"idSuffix":"I"}},"clearTextFirst":true,"interactionType":"ENTER_TEXT"}]}
RESULT: {"script":"<script> [776 bytes]","args":[{"enterText":"bauh_b","selector":{"controlType":"sap.m.SearchField","properties":{"placeholder":"Search"},"searchOpenDialogs":true,"interaction":{"idSuffix":"I"}},"clearTextFirst":true,"interactionType":"ENTER_TEXT"}]}
COMMAND: POST /session/fa1966063a4db30dbf2f999955ebc217/actions - {"actions":[{"id":"action1","type":"key","parameters":{},"actions":[{"type":"keyDown","value":""},{"type":"pause","duration":10},{"type":"keyUp","value":""}]}]}
RESULT: {"actions":[{"id":"action1","type":"key","parameters":{},"actions":[{"type":"keyDown","value":""},{"type":"pause","duration":10},{"type":"keyUp","value":""}]}]}
COMMAND: GET /session/fa1966063a4db30dbf2f999955ebc217/screenshot - {}
RESULT: {}
COMMAND: POST /session/fa1966063a4db30dbf2f999955ebc217/element - {"using":"xpath","value":"//span[contains(text(), \"Demo Yard\")]"}
RESULT: {"using":"xpath","value":"//span[contains(text(), \"Demo Yard\")]"}
COMMAND: POST /session/fa1966063a4db30dbf2f999955ebc217/element/f.8EF3D0D450A4EB0CE4D2D51640C2B842.d.E9BF4756734026997092CB3655203005.e.2718/click - {}
RESULT: {}
COMMAND: GET /session/fa1966063a4db30dbf2f999955ebc217/screenshot - {}
RESULT: {}
COMMAND: POST /session/fa1966063a4db30dbf2f999955ebc217/element - {"using":"xpath","value":"//bdi[contains(text(), \"OK\")]"}
RESULT: {"using":"xpath","value":"//bdi[contains(text(), \"OK\")]"}
COMMAND: POST /session/fa1966063a4db30dbf2f999955ebc217/element/f.8EF3D0D450A4EB0CE4D2D51640C2B842.d.E9BF4756734026997092CB3655203005.e.2719/click - {}
RESULT: {}
COMMAND: GET /session/fa1966063a4db30dbf2f999955ebc217/screenshot - {}
RESULT: {}
COMMAND: POST /session/fa1966063a4db30dbf2f999955ebc217/execute/async - {"script":"<script> [1562 bytes]","args":[{"selector":{"id":"application-manageyards-display-component---NewYard--addressEditDetailsCurrency-arrow"},"wdio_ui5_key":"applicationmanageyards-display-component---NewYard--addressEditDetailsCurrency-arrow"}]}
RESULT: {"script":"<script> [1562 bytes]","args":[{"selector":{"id":"application-manageyards-display-component---NewYard--addressEditDetailsCurrency-arrow"},"wdio_ui5_key":"applicationmanageyards-display-component---NewYard--addressEditDetailsCurrency-arrow"}]}
RESULT: undefined
COMMAND: POST /session/fa1966063a4db30dbf2f999955ebc217/element - {"using":"xpath","value":"//*[@id=\"application-manageyards-display-component---NewYard--addressEditDetailsCurrency-arrow\"]"}
RESULT: {"using":"xpath","value":"//*[@id=\"application-manageyards-display-component---NewYard--addressEditDetailsCurrency-arrow\"]"}
COMMAND: POST /session/fa1966063a4db30dbf2f999955ebc217/element/f.8EF3D0D450A4EB0CE4D2D51640C2B842.d.E9BF4756734026997092CB3655203005.e.2722/click - {}
RESULT: {}
COMMAND: POST /session/fa1966063a4db30dbf2f999955ebc217/element - {"using":"xpath","value":"//span[contains(text(), \"Euro\")]"}
COMMAND: GET /session/fa1966063a4db30dbf2f999955ebc217/screenshot - {}
RESULT: {"using":"xpath","value":"//span[contains(text(), \"Euro\")]"}
COMMAND: POST /session/fa1966063a4db30dbf2f999955ebc217/element/f.8EF3D0D450A4EB0CE4D2D51640C2B842.d.E9BF4756734026997092CB3655203005.e.2723/click - {}
RESULT: {}
RESULT: {}
COMMAND: POST /session/fa1966063a4db30dbf2f999955ebc217/execute/async - {"script":"<script> [1562 bytes]","args":[{"selector":{"controlType":"sap.m.Input","viewName":"etm.portal.ui.manageyards.view.New","viewId":"application-manageyards-display-component---NewYard","bindingPath":{"path":"","propertyPath":"/CONTROLLING_AREA","modelName":"NewYardModel"},"interaction":{"idSuffix":"inner"}},"wdio_ui5_key":"etmportal.ui.manageyards.view.Newsap.m.Input{\"path\":\"\",\"propertyPath\":\"/CONTROLLING_AREA\",\"modelName\":\"NewYardModel\"}"}]}
COMMAND: GET /session/fa1966063a4db30dbf2f999955ebc217/screenshot - {}
RESULT: {"script":"<script> [1562 bytes]","args":[{"selector":{"controlType":"sap.m.Input","viewName":"etm.portal.ui.manageyards.view.New","viewId":"application-manageyards-display-component---NewYard","bindingPath":{"path":"","propertyPath":"/CONTROLLING_AREA","modelName":"NewYardModel"},"interaction":{"idSuffix":"inner"}},"wdio_ui5_key":"etmportal.ui.manageyards.view.Newsap.m.Input{\"path\":\"\",\"propertyPath\":\"/CONTROLLING_AREA\",\"modelName\":\"NewYardModel\"}"}]}
RESULT: undefined
COMMAND: POST /session/fa1966063a4db30dbf2f999955ebc217/execute/async - {"script":"<script> [776 bytes]","args":[{"enterText":"Z001","selector":{"controlType":"sap.m.Input","viewName":"etm.portal.ui.manageyards.view.New","viewId":"application-manageyards-display-component---NewYard","bindingPath":{"path":"","propertyPath":"/CONTROLLING_AREA","modelName":"NewYardModel"},"interaction":{"idSuffix":"inner"}},"clearTextFirst":true,"interactionType":"ENTER_TEXT"}]}
RESULT: {}
RESULT: {"script":"<script> [776 bytes]","args":[{"enterText":"Z001","selector":{"controlType":"sap.m.Input","viewName":"etm.portal.ui.manageyards.view.New","viewId":"application-manageyards-display-component---NewYard","bindingPath":{"path":"","propertyPath":"/CONTROLLING_AREA","modelName":"NewYardModel"},"interaction":{"idSuffix":"inner"}},"clearTextFirst":true,"interactionType":"ENTER_TEXT"}]}
COMMAND: POST /session/fa1966063a4db30dbf2f999955ebc217/execute/async - {"script":"<script> [1562 bytes]","args":[{"selector":{"id":"application-manageyards-display-component---NewYard--companyCodeComboBox","interaction":{"idSuffix":"inner"}},"wdio_ui5_key":"applicationmanageyards-display-component---NewYard--companyCodeComboBox"}]}
RESULT: {"script":"<script> [1562 bytes]","args":[{"selector":{"id":"application-manageyards-display-component---NewYard--companyCodeComboBox","interaction":{"idSuffix":"inner"}},"wdio_ui5_key":"applicationmanageyards-display-component---NewYard--companyCodeComboBox"}]}
RESULT: undefined
COMMAND: POST /session/fa1966063a4db30dbf2f999955ebc217/execute/async - {"script":"<script> [776 bytes]","args":[{"enterText":"1000","selector":{"id":"application-manageyards-display-component---NewYard--companyCodeComboBox","interaction":{"idSuffix":"inner"}},"clearTextFirst":true,"interactionType":"ENTER_TEXT"}]}
RESULT: {"script":"<script> [776 bytes]","args":[{"enterText":"1000","selector":{"id":"application-manageyards-display-component---NewYard--companyCodeComboBox","interaction":{"idSuffix":"inner"}},"clearTextFirst":true,"interactionType":"ENTER_TEXT"}]}
COMMAND: POST /session/fa1966063a4db30dbf2f999955ebc217/execute/async - {"script":"<script> [1562 bytes]","args":[{"selector":{"controlType":"sap.m.Input","viewName":"etm.portal.ui.manageyards.view.New","viewId":"application-manageyards-display-component---NewYard","bindingPath":{"path":"","propertyPath":"/PLANT","modelName":"NewYardModel"},"interaction":{"idSuffix":"inner"}},"wdio_ui5_key":"etmportal.ui.manageyards.view.Newsap.m.Input{\"path\":\"\",\"propertyPath\":\"/PLANT\",\"modelName\":\"NewYardModel\"}"}]}
RESULT: {"script":"<script> [1562 bytes]","args":[{"selector":{"controlType":"sap.m.Input","viewName":"etm.portal.ui.manageyards.view.New","viewId":"application-manageyards-display-component---NewYard","bindingPath":{"path":"","propertyPath":"/PLANT","modelName":"NewYardModel"},"interaction":{"idSuffix":"inner"}},"wdio_ui5_key":"etmportal.ui.manageyards.view.Newsap.m.Input{\"path\":\"\",\"propertyPath\":\"/PLANT\",\"modelName\":\"NewYardModel\"}"}]}
RESULT: undefined
COMMAND: POST /session/fa1966063a4db30dbf2f999955ebc217/execute/async - {"script":"<script> [776 bytes]","args":[{"enterText":"1001","selector":{"controlType":"sap.m.Input","viewName":"etm.portal.ui.manageyards.view.New","viewId":"application-manageyards-display-component---NewYard","bindingPath":{"path":"","propertyPath":"/PLANT","modelName":"NewYardModel"},"interaction":{"idSuffix":"inner"}},"clearTextFirst":true,"interactionType":"ENTER_TEXT"}]}
RESULT: {"script":"<script> [776 bytes]","args":[{"enterText":"1001","selector":{"controlType":"sap.m.Input","viewName":"etm.portal.ui.manageyards.view.New","viewId":"application-manageyards-display-component---NewYard","bindingPath":{"path":"","propertyPath":"/PLANT","modelName":"NewYardModel"},"interaction":{"idSuffix":"inner"}},"clearTextFirst":true,"interactionType":"ENTER_TEXT"}]}
COMMAND: POST /session/fa1966063a4db30dbf2f999955ebc217/execute/async - {"script":"<script> [1562 bytes]","args":[{"selector":{"controlType":"sap.m.Input","viewName":"etm.portal.ui.manageyards.view.New","viewId":"application-manageyards-display-component---NewYard","bindingPath":{"path":"","propertyPath":"/SALES_AREA_VKORG","modelName":"NewYardModel"},"interaction":{"idSuffix":"inner"}},"wdio_ui5_key":"etmportal.ui.manageyards.view.Newsap.m.Input{\"path\":\"\",\"propertyPath\":\"/SALES_AREA_VKORG\",\"modelName\":\"NewYardModel\"}"}]}
RESULT: {"script":"<script> [1562 bytes]","args":[{"selector":{"controlType":"sap.m.Input","viewName":"etm.portal.ui.manageyards.view.New","viewId":"application-manageyards-display-component---NewYard","bindingPath":{"path":"","propertyPath":"/SALES_AREA_VKORG","modelName":"NewYardModel"},"interaction":{"idSuffix":"inner"}},"wdio_ui5_key":"etmportal.ui.manageyards.view.Newsap.m.Input{\"path\":\"\",\"propertyPath\":\"/SALES_AREA_VKORG\",\"modelName\":\"NewYardModel\"}"}]}
RESULT: undefined
COMMAND: POST /session/fa1966063a4db30dbf2f999955ebc217/execute/async - {"script":"<script> [776 bytes]","args":[{"enterText":"C002","selector":{"controlType":"sap.m.Input","viewName":"etm.portal.ui.manageyards.view.New","viewId":"application-manageyards-display-component---NewYard","bindingPath":{"path":"","propertyPath":"/SALES_AREA_VKORG","modelName":"NewYardModel"},"interaction":{"idSuffix":"inner"}},"clearTextFirst":true,"interactionType":"ENTER_TEXT"}]}
RESULT: {"script":"<script> [776 bytes]","args":[{"enterText":"C002","selector":{"controlType":"sap.m.Input","viewName":"etm.portal.ui.manageyards.view.New","viewId":"application-manageyards-display-component---NewYard","bindingPath":{"path":"","propertyPath":"/SALES_AREA_VKORG","modelName":"NewYardModel"},"interaction":{"idSuffix":"inner"}},"clearTextFirst":true,"interactionType":"ENTER_TEXT"}]}
COMMAND: POST /session/fa1966063a4db30dbf2f999955ebc217/execute/async - {"script":"<script> [1562 bytes]","args":[{"selector":{"controlType":"sap.m.Input","viewName":"etm.portal.ui.manageyards.view.New","viewId":"application-manageyards-display-component---NewYard","bindingPath":{"path":"","propertyPath":"/SALES_AREA_VTWEG","modelName":"NewYardModel"},"interaction":{"idSuffix":"inner"}},"wdio_ui5_key":"etmportal.ui.manageyards.view.Newsap.m.Input{\"path\":\"\",\"propertyPath\":\"/SALES_AREA_VTWEG\",\"modelName\":\"NewYardModel\"}"}]}
RESULT: {"script":"<script> [1562 bytes]","args":[{"selector":{"controlType":"sap.m.Input","viewName":"etm.portal.ui.manageyards.view.New","viewId":"application-manageyards-display-component---NewYard","bindingPath":{"path":"","propertyPath":"/SALES_AREA_VTWEG","modelName":"NewYardModel"},"interaction":{"idSuffix":"inner"}},"wdio_ui5_key":"etmportal.ui.manageyards.view.Newsap.m.Input{\"path\":\"\",\"propertyPath\":\"/SALES_AREA_VTWEG\",\"modelName\":\"NewYardModel\"}"}]}
RESULT: undefined
COMMAND: POST /session/fa1966063a4db30dbf2f999955ebc217/execute/async - {"script":"<script> [776 bytes]","args":[{"enterText":"C2","selector":{"controlType":"sap.m.Input","viewName":"etm.portal.ui.manageyards.view.New","viewId":"application-manageyards-display-component---NewYard","bindingPath":{"path":"","propertyPath":"/SALES_AREA_VTWEG","modelName":"NewYardModel"},"interaction":{"idSuffix":"inner"}},"clearTextFirst":true,"interactionType":"ENTER_TEXT"}]}
RESULT: {"script":"<script> [776 bytes]","args":[{"enterText":"C2","selector":{"controlType":"sap.m.Input","viewName":"etm.portal.ui.manageyards.view.New","viewId":"application-manageyards-display-component---NewYard","bindingPath":{"path":"","propertyPath":"/SALES_AREA_VTWEG","modelName":"NewYardModel"},"interaction":{"idSuffix":"inner"}},"clearTextFirst":true,"interactionType":"ENTER_TEXT"}]}
COMMAND: POST /session/fa1966063a4db30dbf2f999955ebc217/execute/async - {"script":"<script> [1562 bytes]","args":[{"selector":{"controlType":"sap.m.Input","viewName":"etm.portal.ui.manageyards.view.New","viewId":"application-manageyards-display-component---NewYard","bindingPath":{"path":"","propertyPath":"/SALES_AREA_SPART","modelName":"NewYardModel"},"interaction":{"idSuffix":"inner"}},"wdio_ui5_key":"etmportal.ui.manageyards.view.Newsap.m.Input{\"path\":\"\",\"propertyPath\":\"/SALES_AREA_SPART\",\"modelName\":\"NewYardModel\"}"}]}
RESULT: {"script":"<script> [1562 bytes]","args":[{"selector":{"controlType":"sap.m.Input","viewName":"etm.portal.ui.manageyards.view.New","viewId":"application-manageyards-display-component---NewYard","bindingPath":{"path":"","propertyPath":"/SALES_AREA_SPART","modelName":"NewYardModel"},"interaction":{"idSuffix":"inner"}},"wdio_ui5_key":"etmportal.ui.manageyards.view.Newsap.m.Input{\"path\":\"\",\"propertyPath\":\"/SALES_AREA_SPART\",\"modelName\":\"NewYardModel\"}"}]}
RESULT: undefined
COMMAND: POST /session/fa1966063a4db30dbf2f999955ebc217/execute/async - {"script":"<script> [776 bytes]","args":[{"enterText":"C2","selector":{"controlType":"sap.m.Input","viewName":"etm.portal.ui.manageyards.view.New","viewId":"application-manageyards-display-component---NewYard","bindingPath":{"path":"","propertyPath":"/SALES_AREA_SPART","modelName":"NewYardModel"},"interaction":{"idSuffix":"inner"}},"clearTextFirst":true,"interactionType":"ENTER_TEXT"}]}
RESULT: {"script":"<script> [776 bytes]","args":[{"enterText":"C2","selector":{"controlType":"sap.m.Input","viewName":"etm.portal.ui.manageyards.view.New","viewId":"application-manageyards-display-component---NewYard","bindingPath":{"path":"","propertyPath":"/SALES_AREA_SPART","modelName":"NewYardModel"},"interaction":{"idSuffix":"inner"}},"clearTextFirst":true,"interactionType":"ENTER_TEXT"}]}
COMMAND: POST /session/fa1966063a4db30dbf2f999955ebc217/execute/async - {"script":"<script> [1562 bytes]","args":[{"selector":{"controlType":"sap.m.Input","viewName":"etm.portal.ui.manageyards.view.New","viewId":"application-manageyards-display-component---NewYard","bindingPath":{"path":"","propertyPath":"/SHIP_POINT","modelName":"NewYardModel"},"interaction":{"idSuffix":"inner"}},"wdio_ui5_key":"etmportal.ui.manageyards.view.Newsap.m.Input{\"path\":\"\",\"propertyPath\":\"/SHIP_POINT\",\"modelName\":\"NewYardModel\"}"}]}
RESULT: {"script":"<script> [1562 bytes]","args":[{"selector":{"controlType":"sap.m.Input","viewName":"etm.portal.ui.manageyards.view.New","viewId":"application-manageyards-display-component---NewYard","bindingPath":{"path":"","propertyPath":"/SHIP_POINT","modelName":"NewYardModel"},"interaction":{"idSuffix":"inner"}},"wdio_ui5_key":"etmportal.ui.manageyards.view.Newsap.m.Input{\"path\":\"\",\"propertyPath\":\"/SHIP_POINT\",\"modelName\":\"NewYardModel\"}"}]}
RESULT: undefined
COMMAND: POST /session/fa1966063a4db30dbf2f999955ebc217/execute/async - {"script":"<script> [776 bytes]","args":[{"enterText":"1710","selector":{"controlType":"sap.m.Input","viewName":"etm.portal.ui.manageyards.view.New","viewId":"application-manageyards-display-component---NewYard","bindingPath":{"path":"","propertyPath":"/SHIP_POINT","modelName":"NewYardModel"},"interaction":{"idSuffix":"inner"}},"clearTextFirst":true,"interactionType":"ENTER_TEXT"}]}
RESULT: {"script":"<script> [776 bytes]","args":[{"enterText":"1710","selector":{"controlType":"sap.m.Input","viewName":"etm.portal.ui.manageyards.view.New","viewId":"application-manageyards-display-component---NewYard","bindingPath":{"path":"","propertyPath":"/SHIP_POINT","modelName":"NewYardModel"},"interaction":{"idSuffix":"inner"}},"clearTextFirst":true,"interactionType":"ENTER_TEXT"}]}
COMMAND: POST /session/fa1966063a4db30dbf2f999955ebc217/execute/async - {"script":"<script> [1562 bytes]","args":[{"selector":{"controlType":"sap.m.Input","viewName":"etm.portal.ui.manageyards.view.New","viewId":"application-manageyards-display-component---NewYard","bindingPath":{"path":"","propertyPath":"/DELIVERY_TYPE","modelName":"NewYardModel"},"interaction":{"idSuffix":"inner"}},"wdio_ui5_key":"etmportal.ui.manageyards.view.Newsap.m.Input{\"path\":\"\",\"propertyPath\":\"/DELIVERY_TYPE\",\"modelName\":\"NewYardModel\"}"}]}
RESULT: {"script":"<script> [1562 bytes]","args":[{"selector":{"controlType":"sap.m.Input","viewName":"etm.portal.ui.manageyards.view.New","viewId":"application-manageyards-display-component---NewYard","bindingPath":{"path":"","propertyPath":"/DELIVERY_TYPE","modelName":"NewYardModel"},"interaction":{"idSuffix":"inner"}},"wdio_ui5_key":"etmportal.ui.manageyards.view.Newsap.m.Input{\"path\":\"\",\"propertyPath\":\"/DELIVERY_TYPE\",\"modelName\":\"NewYardModel\"}"}]}
RESULT: undefined
COMMAND: POST /session/fa1966063a4db30dbf2f999955ebc217/execute/async - {"script":"<script> [776 bytes]","args":[{"enterText":"ZL01","selector":{"controlType":"sap.m.Input","viewName":"etm.portal.ui.manageyards.view.New","viewId":"application-manageyards-display-component---NewYard","bindingPath":{"path":"","propertyPath":"/DELIVERY_TYPE","modelName":"NewYardModel"},"interaction":{"idSuffix":"inner"}},"clearTextFirst":true,"interactionType":"ENTER_TEXT"}]}
RESULT: {"script":"<script> [776 bytes]","args":[{"enterText":"ZL01","selector":{"controlType":"sap.m.Input","viewName":"etm.portal.ui.manageyards.view.New","viewId":"application-manageyards-display-component---NewYard","bindingPath":{"path":"","propertyPath":"/DELIVERY_TYPE","modelName":"NewYardModel"},"interaction":{"idSuffix":"inner"}},"clearTextFirst":true,"interactionType":"ENTER_TEXT"}]}
COMMAND: POST /session/fa1966063a4db30dbf2f999955ebc217/execute/async - {"script":"<script> [1562 bytes]","args":[{"selector":{"controlType":"sap.m.Input","viewName":"etm.portal.ui.manageyards.view.New","viewId":"application-manageyards-display-component---NewYard","bindingPath":{"path":"","propertyPath":"/AUART","modelName":"NewYardModel"},"interaction":{"idSuffix":"inner"}},"wdio_ui5_key":"etmportal.ui.manageyards.view.Newsap.m.Input{\"path\":\"\",\"propertyPath\":\"/AUART\",\"modelName\":\"NewYardModel\"}"}]}
RESULT: {"script":"<script> [1562 bytes]","args":[{"selector":{"controlType":"sap.m.Input","viewName":"etm.portal.ui.manageyards.view.New","viewId":"application-manageyards-display-component---NewYard","bindingPath":{"path":"","propertyPath":"/AUART","modelName":"NewYardModel"},"interaction":{"idSuffix":"inner"}},"wdio_ui5_key":"etmportal.ui.manageyards.view.Newsap.m.Input{\"path\":\"\",\"propertyPath\":\"/AUART\",\"modelName\":\"NewYardModel\"}"}]}
RESULT: undefined
COMMAND: POST /session/fa1966063a4db30dbf2f999955ebc217/execute/async - {"script":"<script> [776 bytes]","args":[{"enterText":"TA","selector":{"controlType":"sap.m.Input","viewName":"etm.portal.ui.manageyards.view.New","viewId":"application-manageyards-display-component---NewYard","bindingPath":{"path":"","propertyPath":"/AUART","modelName":"NewYardModel"},"interaction":{"idSuffix":"inner"}},"clearTextFirst":true,"interactionType":"ENTER_TEXT"}]}
RESULT: {"script":"<script> [776 bytes]","args":[{"enterText":"TA","selector":{"controlType":"sap.m.Input","viewName":"etm.portal.ui.manageyards.view.New","viewId":"application-manageyards-display-component---NewYard","bindingPath":{"path":"","propertyPath":"/AUART","modelName":"NewYardModel"},"interaction":{"idSuffix":"inner"}},"clearTextFirst":true,"interactionType":"ENTER_TEXT"}]}
COMMAND: POST /session/fa1966063a4db30dbf2f999955ebc217/element - {"using":"xpath","value":"//button[@data-kt=\"newYardSaveButton\"]"}
RESULT: {"using":"xpath","value":"//button[@data-kt=\"newYardSaveButton\"]"}
COMMAND: POST /session/fa1966063a4db30dbf2f999955ebc217/element/f.8EF3D0D450A4EB0CE4D2D51640C2B842.d.E9BF4756734026997092CB3655203005.e.2649/click - {}
RESULT: {}
COMMAND: GET /session/fa1966063a4db30dbf2f999955ebc217/screenshot - {}
RESULT: {}
COMMAND: POST /session/fa1966063a4db30dbf2f999955ebc217/element - {"using":"xpath","value":"//header[contains(@id, 'ObjectPageLayout-headerTitle')]/div[1]/div[2]/div[1]/span[1]"}
RESULT: {"using":"xpath","value":"//header[contains(@id, 'ObjectPageLayout-headerTitle')]/div[1]/div[2]/div[1]/span[1]"}
COMMAND: POST /session/fa1966063a4db30dbf2f999955ebc217/elements - {"using":"xpath","value":"//header[contains(@id, 'ObjectPageLayout-headerTitle')]/div[1]/div[2]/div[1]/span[1]"}
RESULT: {"using":"xpath","value":"//header[contains(@id, 'ObjectPageLayout-headerTitle')]/div[1]/div[2]/div[1]/span[1]"}
COMMAND: POST /session/fa1966063a4db30dbf2f999955ebc217/execute/sync - {"script":"<script> [56 bytes]","args":[{"element-6066-11e4-a52e-4f735466cecf":"f.8EF3D0D450A4EB0CE4D2D51640C2B842.d.E9BF4756734026997092CB3655203005.e.2942","ELEMENT":"f.8EF3D0D450A4EB0CE4D2D51640C2B842.d.E9BF4756734026997092CB3655203005.e.2942"}]}
RESULT: {"script":"<script> [56 bytes]","args":[{"element-6066-11e4-a52e-4f735466cecf":"f.8EF3D0D450A4EB0CE4D2D51640C2B842.d.E9BF4756734026997092CB3655203005.e.2942","ELEMENT":"f.8EF3D0D450A4EB0CE4D2D51640C2B842.d.E9BF4756734026997092CB3655203005.e.2942"}]}
COMMAND: GET /session/fa1966063a4db30dbf2f999955ebc217/screenshot - {}
RESULT: {}
COMMAND: POST /session/fa1966063a4db30dbf2f999955ebc217/element - {"using":"css selector","value":"#shell-header-logo"}
RESULT: {"using":"css selector","value":"#shell-header-logo"}
COMMAND: POST /session/fa1966063a4db30dbf2f999955ebc217/element/f.8EF3D0D450A4EB0CE4D2D51640C2B842.d.E9BF4756734026997092CB3655203005.e.2211/click - {}
RESULT: {}
COMMAND: GET /session/fa1966063a4db30dbf2f999955ebc217/screenshot - {}
RESULT: {}
COMMAND: POST /session/fa1966063a4db30dbf2f999955ebc217/execute/sync - {"script":"<script> [299 bytes]","args":[["getModel","getResource"]]}
RESULT: {"script":"<script> [299 bytes]","args":[["getModel","getResource"]]}
COMMAND: GET /session/fa1966063a4db30dbf2f999955ebc217/screenshot - {}
]]></system-out>
    </testcase>
    <testcase classname="chrome.136_0_7103_93.windows.Billing_Transfer_-_Master_data_&amp;_Intercompany_US127250" name="Should create a new partner" time="154.234">
      <system-out><![CDATA[
COMMAND: POST /session/fa1966063a4db30dbf2f999955ebc217/window/fullscreen - {}
RESULT: {}
RESULT: {}
COMMAND: POST /session/fa1966063a4db30dbf2f999955ebc217/execute/async - {"script":"<script> [1562 bytes]","args":[{"selector":{"controlType":"sap.m.GenericTile","properties":{"header":"Manage Partners"}},"wdio_ui5_key":"sapm.GenericTile{\"header\":\"Manage Partners\"}"}]}
RESULT: {"script":"<script> [1562 bytes]","args":[{"selector":{"controlType":"sap.m.GenericTile","properties":{"header":"Manage Partners"}},"wdio_ui5_key":"sapm.GenericTile{\"header\":\"Manage Partners\"}"}]}
RESULT: undefined
COMMAND: POST /session/fa1966063a4db30dbf2f999955ebc217/element - {"using":"xpath","value":"//*[@id=\"__tile38\"]"}
RESULT: {"using":"xpath","value":"//*[@id=\"__tile38\"]"}
COMMAND: POST /session/fa1966063a4db30dbf2f999955ebc217/element/f.8EF3D0D450A4EB0CE4D2D51640C2B842.d.E9BF4756734026997092CB3655203005.e.2106/click - {}
RESULT: {}
COMMAND: GET /session/fa1966063a4db30dbf2f999955ebc217/screenshot - {}
RESULT: {}
COMMAND: POST /session/fa1966063a4db30dbf2f999955ebc217/elements - {"using":"xpath","value":"//span[text()='Error']"}
RESULT: {"using":"xpath","value":"//span[text()='Error']"}
COMMAND: POST /session/fa1966063a4db30dbf2f999955ebc217/element - {"using":"xpath","value":"//button[@data-kt=\"addButton\"]"}
RESULT: {"using":"xpath","value":"//button[@data-kt=\"addButton\"]"}
COMMAND: POST /session/fa1966063a4db30dbf2f999955ebc217/elements - {"using":"xpath","value":"//button[@data-kt=\"addButton\"]"}
RESULT: {"using":"xpath","value":"//button[@data-kt=\"addButton\"]"}
COMMAND: POST /session/fa1966063a4db30dbf2f999955ebc217/execute/sync - {"script":"<script> [8489 bytes]","args":[{"element-6066-11e4-a52e-4f735466cecf":"f.8EF3D0D450A4EB0CE4D2D51640C2B842.d.E9BF4756734026997092CB3655203005.e.2991","ELEMENT":"f.8EF3D0D450A4EB0CE4D2D51640C2B842.d.E9BF4756734026997092CB3655203005.e.2991"}]}
RESULT: {"script":"<script> [8489 bytes]","args":[{"element-6066-11e4-a52e-4f735466cecf":"f.8EF3D0D450A4EB0CE4D2D51640C2B842.d.E9BF4756734026997092CB3655203005.e.2991","ELEMENT":"f.8EF3D0D450A4EB0CE4D2D51640C2B842.d.E9BF4756734026997092CB3655203005.e.2991"}]}
COMMAND: GET /session/fa1966063a4db30dbf2f999955ebc217/element/f.8EF3D0D450A4EB0CE4D2D51640C2B842.d.E9BF4756734026997092CB3655203005.e.2991/enabled - {}
COMMAND: GET /session/fa1966063a4db30dbf2f999955ebc217/screenshot - {}
RESULT: {}
COMMAND: POST /session/fa1966063a4db30dbf2f999955ebc217/execute/sync - {"script":"<script> [8489 bytes]","args":[{"element-6066-11e4-a52e-4f735466cecf":"f.8EF3D0D450A4EB0CE4D2D51640C2B842.d.E9BF4756734026997092CB3655203005.e.2991","ELEMENT":"f.8EF3D0D450A4EB0CE4D2D51640C2B842.d.E9BF4756734026997092CB3655203005.e.2991"}]}
COMMAND: GET /session/fa1966063a4db30dbf2f999955ebc217/screenshot - {}
RESULT: {}
RESULT: {"script":"<script> [8489 bytes]","args":[{"element-6066-11e4-a52e-4f735466cecf":"f.8EF3D0D450A4EB0CE4D2D51640C2B842.d.E9BF4756734026997092CB3655203005.e.2991","ELEMENT":"f.8EF3D0D450A4EB0CE4D2D51640C2B842.d.E9BF4756734026997092CB3655203005.e.2991"}]}
COMMAND: POST /session/fa1966063a4db30dbf2f999955ebc217/execute/sync - {"script":"<script> [5351 bytes]","args":[{"element-6066-11e4-a52e-4f735466cecf":"f.8EF3D0D450A4EB0CE4D2D51640C2B842.d.E9BF4756734026997092CB3655203005.e.2991","ELEMENT":"f.8EF3D0D450A4EB0CE4D2D51640C2B842.d.E9BF4756734026997092CB3655203005.e.2991"}]}
COMMAND: GET /session/fa1966063a4db30dbf2f999955ebc217/screenshot - {}
RESULT: {}
RESULT: {"script":"<script> [5351 bytes]","args":[{"element-6066-11e4-a52e-4f735466cecf":"f.8EF3D0D450A4EB0CE4D2D51640C2B842.d.E9BF4756734026997092CB3655203005.e.2991","ELEMENT":"f.8EF3D0D450A4EB0CE4D2D51640C2B842.d.E9BF4756734026997092CB3655203005.e.2991"}]}
COMMAND: POST /session/fa1966063a4db30dbf2f999955ebc217/element/f.8EF3D0D450A4EB0CE4D2D51640C2B842.d.E9BF4756734026997092CB3655203005.e.2991/click - {}
COMMAND: GET /session/fa1966063a4db30dbf2f999955ebc217/screenshot - {}
RESULT: {}
RESULT: {}
COMMAND: GET /session/fa1966063a4db30dbf2f999955ebc217/screenshot - {}
COMMAND: POST /session/fa1966063a4db30dbf2f999955ebc217/execute/async - {"script":"<script> [1562 bytes]","args":[{"selector":{"id":"application-managepartners-display-component---NewPartner--addressDetailDetailsName1","interaction":{"idSuffix":"inner"}},"wdio_ui5_key":"applicationmanagepartners-display-component---NewPartner--addressDetailDetailsName1"}]}
RESULT: {}
RESULT: {}
RESULT: {"script":"<script> [1562 bytes]","args":[{"selector":{"id":"application-managepartners-display-component---NewPartner--addressDetailDetailsName1","interaction":{"idSuffix":"inner"}},"wdio_ui5_key":"applicationmanagepartners-display-component---NewPartner--addressDetailDetailsName1"}]}
RESULT: undefined
COMMAND: POST /session/fa1966063a4db30dbf2f999955ebc217/execute/async - {"script":"<script> [776 bytes]","args":[{"enterText":"Intercompany Partner WDIO","selector":{"id":"application-managepartners-display-component---NewPartner--addressDetailDetailsName1","interaction":{"idSuffix":"inner"}},"clearTextFirst":true,"interactionType":"ENTER_TEXT"}]}
RESULT: {"script":"<script> [776 bytes]","args":[{"enterText":"Intercompany Partner WDIO","selector":{"id":"application-managepartners-display-component---NewPartner--addressDetailDetailsName1","interaction":{"idSuffix":"inner"}},"clearTextFirst":true,"interactionType":"ENTER_TEXT"}]}
COMMAND: POST /session/fa1966063a4db30dbf2f999955ebc217/execute/async - {"script":"<script> [1562 bytes]","args":[{"selector":{"id":"application-managepartners-display-component---NewPartner--addressDetailDetailsLanguage-arrow"},"wdio_ui5_key":"applicationmanagepartners-display-component---NewPartner--addressDetailDetailsLanguage-arrow"}]}
RESULT: {"script":"<script> [1562 bytes]","args":[{"selector":{"id":"application-managepartners-display-component---NewPartner--addressDetailDetailsLanguage-arrow"},"wdio_ui5_key":"applicationmanagepartners-display-component---NewPartner--addressDetailDetailsLanguage-arrow"}]}
RESULT: undefined
COMMAND: POST /session/fa1966063a4db30dbf2f999955ebc217/element - {"using":"xpath","value":"//*[@id=\"application-managepartners-display-component---NewPartner--addressDetailDetailsLanguage-arrow\"]"}
RESULT: {"using":"xpath","value":"//*[@id=\"application-managepartners-display-component---NewPartner--addressDetailDetailsLanguage-arrow\"]"}
COMMAND: POST /session/fa1966063a4db30dbf2f999955ebc217/element/f.8EF3D0D450A4EB0CE4D2D51640C2B842.d.E9BF4756734026997092CB3655203005.e.3428/click - {}
RESULT: {}
COMMAND: POST /session/fa1966063a4db30dbf2f999955ebc217/element - {"using":"xpath","value":"//span[contains(text(), \"English\")]"}
COMMAND: GET /session/fa1966063a4db30dbf2f999955ebc217/screenshot - {}
RESULT: {"using":"xpath","value":"//span[contains(text(), \"English\")]"}
COMMAND: POST /session/fa1966063a4db30dbf2f999955ebc217/element/f.8EF3D0D450A4EB0CE4D2D51640C2B842.d.E9BF4756734026997092CB3655203005.e.3429/click - {}
RESULT: {}
RESULT: {}
COMMAND: GET /session/fa1966063a4db30dbf2f999955ebc217/screenshot - {}
RESULT: {}
COMMAND: POST /session/fa1966063a4db30dbf2f999955ebc217/execute/async - {"script":"<script> [1562 bytes]","args":[{"selector":{"id":"application-managepartners-display-component---NewPartner--addressDetailDetailsCity1","interaction":{"idSuffix":"inner"}},"wdio_ui5_key":"applicationmanagepartners-display-component---NewPartner--addressDetailDetailsCity1"}]}
RESULT: {"script":"<script> [1562 bytes]","args":[{"selector":{"id":"application-managepartners-display-component---NewPartner--addressDetailDetailsCity1","interaction":{"idSuffix":"inner"}},"wdio_ui5_key":"applicationmanagepartners-display-component---NewPartner--addressDetailDetailsCity1"}]}
RESULT: undefined
COMMAND: POST /session/fa1966063a4db30dbf2f999955ebc217/execute/async - {"script":"<script> [776 bytes]","args":[{"enterText":"Rosario","selector":{"id":"application-managepartners-display-component---NewPartner--addressDetailDetailsCity1","interaction":{"idSuffix":"inner"}},"clearTextFirst":true,"interactionType":"ENTER_TEXT"}]}
RESULT: {"script":"<script> [776 bytes]","args":[{"enterText":"Rosario","selector":{"id":"application-managepartners-display-component---NewPartner--addressDetailDetailsCity1","interaction":{"idSuffix":"inner"}},"clearTextFirst":true,"interactionType":"ENTER_TEXT"}]}
COMMAND: POST /session/fa1966063a4db30dbf2f999955ebc217/execute/async - {"script":"<script> [1562 bytes]","args":[{"selector":{"id":"application-managepartners-display-component---NewPartner--addressDetailDetailsCountry-arrow"},"wdio_ui5_key":"applicationmanagepartners-display-component---NewPartner--addressDetailDetailsCountry-arrow"}]}
RESULT: {"script":"<script> [1562 bytes]","args":[{"selector":{"id":"application-managepartners-display-component---NewPartner--addressDetailDetailsCountry-arrow"},"wdio_ui5_key":"applicationmanagepartners-display-component---NewPartner--addressDetailDetailsCountry-arrow"}]}
RESULT: undefined
COMMAND: POST /session/fa1966063a4db30dbf2f999955ebc217/element - {"using":"xpath","value":"//*[@id=\"application-managepartners-display-component---NewPartner--addressDetailDetailsCountry-arrow\"]"}
RESULT: {"using":"xpath","value":"//*[@id=\"application-managepartners-display-component---NewPartner--addressDetailDetailsCountry-arrow\"]"}
COMMAND: POST /session/fa1966063a4db30dbf2f999955ebc217/element/f.8EF3D0D450A4EB0CE4D2D51640C2B842.d.E9BF4756734026997092CB3655203005.e.3382/click - {}
RESULT: {}
COMMAND: POST /session/fa1966063a4db30dbf2f999955ebc217/element - {"using":"xpath","value":"//span[contains(text(), \"Argentina\")]"}
COMMAND: GET /session/fa1966063a4db30dbf2f999955ebc217/screenshot - {}
RESULT: {"using":"xpath","value":"//span[contains(text(), \"Argentina\")]"}
COMMAND: POST /session/fa1966063a4db30dbf2f999955ebc217/element/f.8EF3D0D450A4EB0CE4D2D51640C2B842.d.E9BF4756734026997092CB3655203005.e.3431/click - {}
RESULT: {}
RESULT: {}
COMMAND: GET /session/fa1966063a4db30dbf2f999955ebc217/screenshot - {}
RESULT: {}
COMMAND: POST /session/fa1966063a4db30dbf2f999955ebc217/element - {"using":"xpath","value":"//bdi[contains(text(), \"Commercial\")]"}
RESULT: {"using":"xpath","value":"//bdi[contains(text(), \"Commercial\")]"}
COMMAND: POST /session/fa1966063a4db30dbf2f999955ebc217/element/f.8EF3D0D450A4EB0CE4D2D51640C2B842.d.E9BF4756734026997092CB3655203005.e.3432/click - {}
RESULT: {}
COMMAND: GET /session/fa1966063a4db30dbf2f999955ebc217/screenshot - {}
RESULT: {}
COMMAND: POST /session/fa1966063a4db30dbf2f999955ebc217/execute/async - {"script":"<script> [1562 bytes]","args":[{"selector":{"id":"application-managepartners-display-component---NewPartner--partnerDetailInternal-arrow"},"wdio_ui5_key":"applicationmanagepartners-display-component---NewPartner--partnerDetailInternal-arrow"}]}
RESULT: {"script":"<script> [1562 bytes]","args":[{"selector":{"id":"application-managepartners-display-component---NewPartner--partnerDetailInternal-arrow"},"wdio_ui5_key":"applicationmanagepartners-display-component---NewPartner--partnerDetailInternal-arrow"}]}
RESULT: undefined
COMMAND: POST /session/fa1966063a4db30dbf2f999955ebc217/element - {"using":"xpath","value":"//*[@id=\"application-managepartners-display-component---NewPartner--partnerDetailInternal-arrow\"]"}
RESULT: {"using":"xpath","value":"//*[@id=\"application-managepartners-display-component---NewPartner--partnerDetailInternal-arrow\"]"}
COMMAND: POST /session/fa1966063a4db30dbf2f999955ebc217/element/f.8EF3D0D450A4EB0CE4D2D51640C2B842.d.E9BF4756734026997092CB3655203005.e.3438/click - {}
RESULT: {}
COMMAND: POST /session/fa1966063a4db30dbf2f999955ebc217/element - {"using":"xpath","value":"//span[contains(text(), \"Affiliated company\")]"}
COMMAND: GET /session/fa1966063a4db30dbf2f999955ebc217/screenshot - {}
RESULT: {"using":"xpath","value":"//span[contains(text(), \"Affiliated company\")]"}
COMMAND: POST /session/fa1966063a4db30dbf2f999955ebc217/element/f.8EF3D0D450A4EB0CE4D2D51640C2B842.d.E9BF4756734026997092CB3655203005.e.3439/click - {}
RESULT: {}
RESULT: {}
COMMAND: POST /session/fa1966063a4db30dbf2f999955ebc217/execute/async - {"script":"<script> [1562 bytes]","args":[{"selector":{"id":"application-managepartners-display-component---NewPartner--partnerDetailsCurrency-arrow"},"wdio_ui5_key":"applicationmanagepartners-display-component---NewPartner--partnerDetailsCurrency-arrow"}]}
COMMAND: GET /session/fa1966063a4db30dbf2f999955ebc217/screenshot - {}
RESULT: {"script":"<script> [1562 bytes]","args":[{"selector":{"id":"application-managepartners-display-component---NewPartner--partnerDetailsCurrency-arrow"},"wdio_ui5_key":"applicationmanagepartners-display-component---NewPartner--partnerDetailsCurrency-arrow"}]}
RESULT: undefined
COMMAND: POST /session/fa1966063a4db30dbf2f999955ebc217/element - {"using":"xpath","value":"//*[@id=\"application-managepartners-display-component---NewPartner--partnerDetailsCurrency-arrow\"]"}
RESULT: {}
RESULT: {"using":"xpath","value":"//*[@id=\"application-managepartners-display-component---NewPartner--partnerDetailsCurrency-arrow\"]"}
COMMAND: POST /session/fa1966063a4db30dbf2f999955ebc217/element/f.8EF3D0D450A4EB0CE4D2D51640C2B842.d.E9BF4756734026997092CB3655203005.e.3446/click - {}
RESULT: {}
COMMAND: POST /session/fa1966063a4db30dbf2f999955ebc217/element - {"using":"xpath","value":"//span[contains(text(), \"Euro\")]"}
COMMAND: GET /session/fa1966063a4db30dbf2f999955ebc217/screenshot - {}
RESULT: {"using":"xpath","value":"//span[contains(text(), \"Euro\")]"}
COMMAND: POST /session/fa1966063a4db30dbf2f999955ebc217/element/f.8EF3D0D450A4EB0CE4D2D51640C2B842.d.E9BF4756734026997092CB3655203005.e.3447/click - {}
RESULT: {}
RESULT: {}
COMMAND: POST /session/fa1966063a4db30dbf2f999955ebc217/execute/async - {"script":"<script> [1562 bytes]","args":[{"selector":{"id":"application-managepartners-display-component---NewPartner--addressEditDetailsCostObjectCstType-arrow"},"wdio_ui5_key":"applicationmanagepartners-display-component---NewPartner--addressEditDetailsCostObjectCstType-arrow"}]}
COMMAND: GET /session/fa1966063a4db30dbf2f999955ebc217/screenshot - {}
RESULT: {"script":"<script> [1562 bytes]","args":[{"selector":{"id":"application-managepartners-display-component---NewPartner--addressEditDetailsCostObjectCstType-arrow"},"wdio_ui5_key":"applicationmanagepartners-display-component---NewPartner--addressEditDetailsCostObjectCstType-arrow"}]}
RESULT: undefined
COMMAND: POST /session/fa1966063a4db30dbf2f999955ebc217/element - {"using":"xpath","value":"//*[@id=\"application-managepartners-display-component---NewPartner--addressEditDetailsCostObjectCstType-arrow\"]"}
RESULT: {}
RESULT: {"using":"xpath","value":"//*[@id=\"application-managepartners-display-component---NewPartner--addressEditDetailsCostObjectCstType-arrow\"]"}
COMMAND: POST /session/fa1966063a4db30dbf2f999955ebc217/element/f.8EF3D0D450A4EB0CE4D2D51640C2B842.d.E9BF4756734026997092CB3655203005.e.3448/click - {}
RESULT: {}
COMMAND: POST /session/fa1966063a4db30dbf2f999955ebc217/element - {"using":"xpath","value":"//span[contains(text(), \"Cost Center\")]"}
COMMAND: GET /session/fa1966063a4db30dbf2f999955ebc217/screenshot - {}
RESULT: {"using":"xpath","value":"//span[contains(text(), \"Cost Center\")]"}
COMMAND: POST /session/fa1966063a4db30dbf2f999955ebc217/element/f.8EF3D0D450A4EB0CE4D2D51640C2B842.d.E9BF4756734026997092CB3655203005.e.3449/click - {}
RESULT: {}
RESULT: {}
COMMAND: GET /session/fa1966063a4db30dbf2f999955ebc217/screenshot - {}
RESULT: {}
COMMAND: POST /session/fa1966063a4db30dbf2f999955ebc217/element - {"using":"xpath","value":"//span[@id=\"application-managepartners-display-component---NewPartner--addressNewCostObjectCstID-vhi\"]"}
RESULT: {"using":"xpath","value":"//span[@id=\"application-managepartners-display-component---NewPartner--addressNewCostObjectCstID-vhi\"]"}
COMMAND: POST /session/fa1966063a4db30dbf2f999955ebc217/execute/sync - {"script":"<script> [8489 bytes]","args":[{"element-6066-11e4-a52e-4f735466cecf":"f.8EF3D0D450A4EB0CE4D2D51640C2B842.d.E9BF4756734026997092CB3655203005.e.3453","ELEMENT":"f.8EF3D0D450A4EB0CE4D2D51640C2B842.d.E9BF4756734026997092CB3655203005.e.3453"}]}
RESULT: {"script":"<script> [8489 bytes]","args":[{"element-6066-11e4-a52e-4f735466cecf":"f.8EF3D0D450A4EB0CE4D2D51640C2B842.d.E9BF4756734026997092CB3655203005.e.3453","ELEMENT":"f.8EF3D0D450A4EB0CE4D2D51640C2B842.d.E9BF4756734026997092CB3655203005.e.3453"}]}
COMMAND: POST /session/fa1966063a4db30dbf2f999955ebc217/execute/async - {"script":"<script> [1562 bytes]","args":[{"selector":{"id":"application-managepartners-display-component---NewPartner--addressNewCostObjectCstID-vhi"},"wdio_ui5_key":"applicationmanagepartners-display-component---NewPartner--addressNewCostObjectCstID-vhi"}]}
COMMAND: GET /session/fa1966063a4db30dbf2f999955ebc217/screenshot - {}
RESULT: {"script":"<script> [1562 bytes]","args":[{"selector":{"id":"application-managepartners-display-component---NewPartner--addressNewCostObjectCstID-vhi"},"wdio_ui5_key":"applicationmanagepartners-display-component---NewPartner--addressNewCostObjectCstID-vhi"}]}
RESULT: undefined
COMMAND: POST /session/fa1966063a4db30dbf2f999955ebc217/element - {"using":"xpath","value":"//*[@id=\"application-managepartners-display-component---NewPartner--addressNewCostObjectCstID-vhi\"]"}
RESULT: {}
RESULT: {"using":"xpath","value":"//*[@id=\"application-managepartners-display-component---NewPartner--addressNewCostObjectCstID-vhi\"]"}
COMMAND: POST /session/fa1966063a4db30dbf2f999955ebc217/element/f.8EF3D0D450A4EB0CE4D2D51640C2B842.d.E9BF4756734026997092CB3655203005.e.3453/click - {}
RESULT: {}
COMMAND: GET /session/fa1966063a4db30dbf2f999955ebc217/screenshot - {}
RESULT: {}
RESULT: undefined
COMMAND: POST /session/fa1966063a4db30dbf2f999955ebc217/execute/async - {"script":"<script> [776 bytes]","args":[{"enterText":"10001013","selector":{"controlType":"sap.m.SearchField","properties":{"placeholder":"Search"},"searchOpenDialogs":true,"interaction":{"idSuffix":"I"}},"clearTextFirst":true,"interactionType":"ENTER_TEXT"}]}
RESULT: {"script":"<script> [776 bytes]","args":[{"enterText":"10001013","selector":{"controlType":"sap.m.SearchField","properties":{"placeholder":"Search"},"searchOpenDialogs":true,"interaction":{"idSuffix":"I"}},"clearTextFirst":true,"interactionType":"ENTER_TEXT"}]}
COMMAND: POST /session/fa1966063a4db30dbf2f999955ebc217/actions - {"actions":[{"id":"action2","type":"key","parameters":{},"actions":[{"type":"keyDown","value":""},{"type":"pause","duration":10},{"type":"keyUp","value":""}]}]}
RESULT: {"actions":[{"id":"action2","type":"key","parameters":{},"actions":[{"type":"keyDown","value":""},{"type":"pause","duration":10},{"type":"keyUp","value":""}]}]}
COMMAND: GET /session/fa1966063a4db30dbf2f999955ebc217/screenshot - {}
RESULT: {}
COMMAND: POST /session/fa1966063a4db30dbf2f999955ebc217/element - {"using":"xpath","value":"//span[contains(text(), \"General Management\")]"}
RESULT: {"using":"xpath","value":"//span[contains(text(), \"General Management\")]"}
COMMAND: POST /session/fa1966063a4db30dbf2f999955ebc217/element/f.8EF3D0D450A4EB0CE4D2D51640C2B842.d.E9BF4756734026997092CB3655203005.e.3492/click - {}
RESULT: {}
COMMAND: GET /session/fa1966063a4db30dbf2f999955ebc217/screenshot - {}
RESULT: {}
COMMAND: POST /session/fa1966063a4db30dbf2f999955ebc217/element - {"using":"xpath","value":"//bdi[contains(text(), \"OK\")]"}
RESULT: {"using":"xpath","value":"//bdi[contains(text(), \"OK\")]"}
COMMAND: POST /session/fa1966063a4db30dbf2f999955ebc217/element/f.8EF3D0D450A4EB0CE4D2D51640C2B842.d.E9BF4756734026997092CB3655203005.e.3493/click - {}
RESULT: {}
COMMAND: GET /session/fa1966063a4db30dbf2f999955ebc217/screenshot - {}
RESULT: {}
COMMAND: POST /session/fa1966063a4db30dbf2f999955ebc217/element - {"using":"xpath","value":"//input[@id=\"application-managepartners-display-component---NewPartner--companyCodeComboBox-inner\"]"}
RESULT: {"using":"xpath","value":"//input[@id=\"application-managepartners-display-component---NewPartner--companyCodeComboBox-inner\"]"}
COMMAND: POST /session/fa1966063a4db30dbf2f999955ebc217/element/f.8EF3D0D450A4EB0CE4D2D51640C2B842.d.E9BF4756734026997092CB3655203005.e.3296/clear - {}
RESULT: {}
COMMAND: POST /session/fa1966063a4db30dbf2f999955ebc217/element/f.8EF3D0D450A4EB0CE4D2D51640C2B842.d.E9BF4756734026997092CB3655203005.e.3296/value - {"text":"C002"}
COMMAND: GET /session/fa1966063a4db30dbf2f999955ebc217/screenshot - {}
RESULT: {"text":"C002"}
COMMAND: GET /session/fa1966063a4db30dbf2f999955ebc217/screenshot - {}
RESULT: {}
RESULT: {}
COMMAND: POST /session/fa1966063a4db30dbf2f999955ebc217/element - {"using":"xpath","value":"//li[.//span[text()= \"C002\"]]"}
RESULT: {"using":"xpath","value":"//li[.//span[text()= \"C002\"]]"}
COMMAND: POST /session/fa1966063a4db30dbf2f999955ebc217/element/f.8EF3D0D450A4EB0CE4D2D51640C2B842.d.E9BF4756734026997092CB3655203005.e.3499/click - {}
RESULT: {}
COMMAND: GET /session/fa1966063a4db30dbf2f999955ebc217/screenshot - {}
RESULT: {}
COMMAND: POST /session/fa1966063a4db30dbf2f999955ebc217/execute/async - {"script":"<script> [1562 bytes]","args":[{"selector":{"id":"application-managepartners-display-component---NewPartner--btnAddTableRow-img"},"wdio_ui5_key":"applicationmanagepartners-display-component---NewPartner--btnAddTableRow-img"}]}
RESULT: {"script":"<script> [1562 bytes]","args":[{"selector":{"id":"application-managepartners-display-component---NewPartner--btnAddTableRow-img"},"wdio_ui5_key":"applicationmanagepartners-display-component---NewPartner--btnAddTableRow-img"}]}
RESULT: undefined
COMMAND: POST /session/fa1966063a4db30dbf2f999955ebc217/element - {"using":"xpath","value":"//*[@id=\"application-managepartners-display-component---NewPartner--btnAddTableRow-img\"]"}
RESULT: {"using":"xpath","value":"//*[@id=\"application-managepartners-display-component---NewPartner--btnAddTableRow-img\"]"}
COMMAND: POST /session/fa1966063a4db30dbf2f999955ebc217/element/f.8EF3D0D450A4EB0CE4D2D51640C2B842.d.E9BF4756734026997092CB3655203005.e.3500/click - {}
RESULT: {}
COMMAND: GET /session/fa1966063a4db30dbf2f999955ebc217/screenshot - {}
RESULT: {}
COMMAND: POST /session/fa1966063a4db30dbf2f999955ebc217/element - {"using":"xpath","value":"//input[@id=\"application-managepartners-display-component---NewPartner--assignmentYard-application-managepartners-display-component---NewPartner--assignmentsTable-0-inner\"]"}
RESULT: {"using":"xpath","value":"//input[@id=\"application-managepartners-display-component---NewPartner--assignmentYard-application-managepartners-display-component---NewPartner--assignmentsTable-0-inner\"]"}
COMMAND: POST /session/fa1966063a4db30dbf2f999955ebc217/element/f.8EF3D0D450A4EB0CE4D2D51640C2B842.d.E9BF4756734026997092CB3655203005.e.3503/clear - {}
RESULT: {}
COMMAND: POST /session/fa1966063a4db30dbf2f999955ebc217/element/f.8EF3D0D450A4EB0CE4D2D51640C2B842.d.E9BF4756734026997092CB3655203005.e.3503/value - {"text":"255"}
COMMAND: GET /session/fa1966063a4db30dbf2f999955ebc217/screenshot - {}
RESULT: {"text":"255"}
COMMAND: GET /session/fa1966063a4db30dbf2f999955ebc217/screenshot - {}
RESULT: {}
RESULT: {}
COMMAND: POST /session/fa1966063a4db30dbf2f999955ebc217/element - {"using":"xpath","value":"//li[.//span[text()='255']]"}
RESULT: {"using":"xpath","value":"//li[.//span[text()='255']]"}
COMMAND: POST /session/fa1966063a4db30dbf2f999955ebc217/element/f.8EF3D0D450A4EB0CE4D2D51640C2B842.d.E9BF4756734026997092CB3655203005.e.3512/click - {}
RESULT: {}
COMMAND: GET /session/fa1966063a4db30dbf2f999955ebc217/screenshot - {}
RESULT: {}
COMMAND: POST /session/fa1966063a4db30dbf2f999955ebc217/actions - {"actions":[{"id":"action3","type":"key","parameters":{},"actions":[{"type":"keyDown","value":""},{"type":"pause","duration":10},{"type":"keyUp","value":""}]}]}
RESULT: {"actions":[{"id":"action3","type":"key","parameters":{},"actions":[{"type":"keyDown","value":""},{"type":"pause","duration":10},{"type":"keyUp","value":""}]}]}
COMMAND: POST /session/fa1966063a4db30dbf2f999955ebc217/execute/async - {"script":"<script> [1562 bytes]","args":[{"selector":{"id":"application-managepartners-display-component---NewPartner--externalCustomerComboBox-application-managepartners-display-component---NewPartner--assignmentsTable-0-vhi"},"wdio_ui5_key":"applicationmanagepartners-display-component---NewPartner--externalCustomerComboBox-application-managepartners-display-component---NewPartner--assignmentsTable-0-vhi"}]}
COMMAND: GET /session/fa1966063a4db30dbf2f999955ebc217/screenshot - {}
RESULT: {"script":"<script> [1562 bytes]","args":[{"selector":{"id":"application-managepartners-display-component---NewPartner--externalCustomerComboBox-application-managepartners-display-component---NewPartner--assignmentsTable-0-vhi"},"wdio_ui5_key":"applicationmanagepartners-display-component---NewPartner--externalCustomerComboBox-application-managepartners-display-component---NewPartner--assignmentsTable-0-vhi"}]}
RESULT: undefined
COMMAND: POST /session/fa1966063a4db30dbf2f999955ebc217/element - {"using":"xpath","value":"//*[@id=\"application-managepartners-display-component---NewPartner--externalCustomerComboBox-application-managepartners-display-component---NewPartner--assignmentsTable-0-vhi\"]"}
RESULT: {}
RESULT: {"using":"xpath","value":"//*[@id=\"application-managepartners-display-component---NewPartner--externalCustomerComboBox-application-managepartners-display-component---NewPartner--assignmentsTable-0-vhi\"]"}
COMMAND: POST /session/fa1966063a4db30dbf2f999955ebc217/element/f.8EF3D0D450A4EB0CE4D2D51640C2B842.d.E9BF4756734026997092CB3655203005.e.3516/click - {}
RESULT: {}
RESULT: undefined
COMMAND: POST /session/fa1966063a4db30dbf2f999955ebc217/execute/async - {"script":"<script> [776 bytes]","args":[{"enterText":"300003","selector":{"controlType":"sap.m.SearchField","properties":{"placeholder":"Search"},"searchOpenDialogs":true,"interaction":{"idSuffix":"I"}},"clearTextFirst":true,"interactionType":"ENTER_TEXT"}]}
COMMAND: GET /session/fa1966063a4db30dbf2f999955ebc217/screenshot - {}
RESULT: {"script":"<script> [776 bytes]","args":[{"enterText":"300003","selector":{"controlType":"sap.m.SearchField","properties":{"placeholder":"Search"},"searchOpenDialogs":true,"interaction":{"idSuffix":"I"}},"clearTextFirst":true,"interactionType":"ENTER_TEXT"}]}
COMMAND: POST /session/fa1966063a4db30dbf2f999955ebc217/actions - {"actions":[{"id":"action4","type":"key","parameters":{},"actions":[{"type":"keyDown","value":""},{"type":"pause","duration":10},{"type":"keyUp","value":""}]}]}
RESULT: {}
RESULT: {"actions":[{"id":"action4","type":"key","parameters":{},"actions":[{"type":"keyDown","value":""},{"type":"pause","duration":10},{"type":"keyUp","value":""}]}]}
COMMAND: GET /session/fa1966063a4db30dbf2f999955ebc217/screenshot - {}
RESULT: {}
COMMAND: POST /session/fa1966063a4db30dbf2f999955ebc217/element - {"using":"xpath","value":"//span[contains(text(), \"300003\")]"}
RESULT: {"using":"xpath","value":"//span[contains(text(), \"300003\")]"}
COMMAND: POST /session/fa1966063a4db30dbf2f999955ebc217/element/f.8EF3D0D450A4EB0CE4D2D51640C2B842.d.E9BF4756734026997092CB3655203005.e.3534/click - {}
RESULT: {}
COMMAND: GET /session/fa1966063a4db30dbf2f999955ebc217/screenshot - {}
RESULT: {}
COMMAND: POST /session/fa1966063a4db30dbf2f999955ebc217/element - {"using":"xpath","value":"//bdi[contains(text(), \"OK\")]"}
RESULT: {"using":"xpath","value":"//bdi[contains(text(), \"OK\")]"}
COMMAND: POST /session/fa1966063a4db30dbf2f999955ebc217/element/f.8EF3D0D450A4EB0CE4D2D51640C2B842.d.E9BF4756734026997092CB3655203005.e.3536/click - {}
RESULT: {}
COMMAND: GET /session/fa1966063a4db30dbf2f999955ebc217/screenshot - {}
RESULT: {}
COMMAND: POST /session/fa1966063a4db30dbf2f999955ebc217/execute/async - {"script":"<script> [1562 bytes]","args":[{"selector":{"id":"application-managepartners-display-component---NewPartner--intercompVendorComboBox-application-managepartners-display-component---NewPartner--assignmentsTable-0-vhi"},"wdio_ui5_key":"applicationmanagepartners-display-component---NewPartner--intercompVendorComboBox-application-managepartners-display-component---NewPartner--assignmentsTable-0-vhi"}]}
RESULT: {"script":"<script> [1562 bytes]","args":[{"selector":{"id":"application-managepartners-display-component---NewPartner--intercompVendorComboBox-application-managepartners-display-component---NewPartner--assignmentsTable-0-vhi"},"wdio_ui5_key":"applicationmanagepartners-display-component---NewPartner--intercompVendorComboBox-application-managepartners-display-component---NewPartner--assignmentsTable-0-vhi"}]}
RESULT: undefined
COMMAND: POST /session/fa1966063a4db30dbf2f999955ebc217/element - {"using":"xpath","value":"//*[@id=\"application-managepartners-display-component---NewPartner--intercompVendorComboBox-application-managepartners-display-component---NewPartner--assignmentsTable-0-vhi\"]"}
RESULT: {"using":"xpath","value":"//*[@id=\"application-managepartners-display-component---NewPartner--intercompVendorComboBox-application-managepartners-display-component---NewPartner--assignmentsTable-0-vhi\"]"}
COMMAND: POST /session/fa1966063a4db30dbf2f999955ebc217/element/f.8EF3D0D450A4EB0CE4D2D51640C2B842.d.E9BF4756734026997092CB3655203005.e.3539/click - {}
RESULT: {}
RESULT: undefined
COMMAND: POST /session/fa1966063a4db30dbf2f999955ebc217/execute/async - {"script":"<script> [776 bytes]","args":[{"enterText":"100005","selector":{"controlType":"sap.m.SearchField","properties":{"placeholder":"Search"},"searchOpenDialogs":true,"interaction":{"idSuffix":"I"}},"clearTextFirst":true,"interactionType":"ENTER_TEXT"}]}
COMMAND: GET /session/fa1966063a4db30dbf2f999955ebc217/screenshot - {}
RESULT: {"script":"<script> [776 bytes]","args":[{"enterText":"100005","selector":{"controlType":"sap.m.SearchField","properties":{"placeholder":"Search"},"searchOpenDialogs":true,"interaction":{"idSuffix":"I"}},"clearTextFirst":true,"interactionType":"ENTER_TEXT"}]}
COMMAND: POST /session/fa1966063a4db30dbf2f999955ebc217/actions - {"actions":[{"id":"action5","type":"key","parameters":{},"actions":[{"type":"keyDown","value":""},{"type":"pause","duration":10},{"type":"keyUp","value":""}]}]}
RESULT: {}
RESULT: {"actions":[{"id":"action5","type":"key","parameters":{},"actions":[{"type":"keyDown","value":""},{"type":"pause","duration":10},{"type":"keyUp","value":""}]}]}
COMMAND: GET /session/fa1966063a4db30dbf2f999955ebc217/screenshot - {}
RESULT: {}
COMMAND: POST /session/fa1966063a4db30dbf2f999955ebc217/element - {"using":"xpath","value":"//span[contains(text(), \"Penguins - Field/12345 Berlin\")]"}
RESULT: {"using":"xpath","value":"//span[contains(text(), \"Penguins - Field/12345 Berlin\")]"}
COMMAND: POST /session/fa1966063a4db30dbf2f999955ebc217/element/f.8EF3D0D450A4EB0CE4D2D51640C2B842.d.E9BF4756734026997092CB3655203005.e.3557/click - {}
RESULT: {}
COMMAND: GET /session/fa1966063a4db30dbf2f999955ebc217/screenshot - {}
RESULT: {}
COMMAND: POST /session/fa1966063a4db30dbf2f999955ebc217/element - {"using":"xpath","value":"//bdi[contains(text(), \"OK\")]"}
RESULT: {"using":"xpath","value":"//bdi[contains(text(), \"OK\")]"}
COMMAND: POST /session/fa1966063a4db30dbf2f999955ebc217/element/f.8EF3D0D450A4EB0CE4D2D51640C2B842.d.E9BF4756734026997092CB3655203005.e.3558/click - {}
RESULT: {}
COMMAND: GET /session/fa1966063a4db30dbf2f999955ebc217/screenshot - {}
RESULT: {}
COMMAND: POST /session/fa1966063a4db30dbf2f999955ebc217/element - {"using":"xpath","value":"//button[@data-kt=\"saveButton\"]"}
RESULT: {"using":"xpath","value":"//button[@data-kt=\"saveButton\"]"}
COMMAND: POST /session/fa1966063a4db30dbf2f999955ebc217/element/f.8EF3D0D450A4EB0CE4D2D51640C2B842.d.E9BF4756734026997092CB3655203005.e.3413/click - {}
RESULT: {}
COMMAND: GET /session/fa1966063a4db30dbf2f999955ebc217/screenshot - {}
RESULT: {}
COMMAND: POST /session/fa1966063a4db30dbf2f999955ebc217/element - {"using":"xpath","value":"//header[contains(@id, 'ObjectPageLayout-headerTitle')]/div[1]/div[2]/div[2]/span[1]"}
RESULT: {"using":"xpath","value":"//header[contains(@id, 'ObjectPageLayout-headerTitle')]/div[1]/div[2]/div[2]/span[1]"}
COMMAND: POST /session/fa1966063a4db30dbf2f999955ebc217/elements - {"using":"xpath","value":"//header[contains(@id, 'ObjectPageLayout-headerTitle')]/div[1]/div[2]/div[2]/span[1]"}
RESULT: {"using":"xpath","value":"//header[contains(@id, 'ObjectPageLayout-headerTitle')]/div[1]/div[2]/div[2]/span[1]"}
COMMAND: POST /session/fa1966063a4db30dbf2f999955ebc217/execute/sync - {"script":"<script> [56 bytes]","args":[{"element-6066-11e4-a52e-4f735466cecf":"f.8EF3D0D450A4EB0CE4D2D51640C2B842.d.E9BF4756734026997092CB3655203005.e.3721","ELEMENT":"f.8EF3D0D450A4EB0CE4D2D51640C2B842.d.E9BF4756734026997092CB3655203005.e.3721"}]}
RESULT: {"script":"<script> [56 bytes]","args":[{"element-6066-11e4-a52e-4f735466cecf":"f.8EF3D0D450A4EB0CE4D2D51640C2B842.d.E9BF4756734026997092CB3655203005.e.3721","ELEMENT":"f.8EF3D0D450A4EB0CE4D2D51640C2B842.d.E9BF4756734026997092CB3655203005.e.3721"}]}
COMMAND: POST /session/fa1966063a4db30dbf2f999955ebc217/element - {"using":"css selector","value":"#shell-header-logo"}
COMMAND: GET /session/fa1966063a4db30dbf2f999955ebc217/screenshot - {}
RESULT: {"using":"css selector","value":"#shell-header-logo"}
COMMAND: POST /session/fa1966063a4db30dbf2f999955ebc217/element/f.8EF3D0D450A4EB0CE4D2D51640C2B842.d.E9BF4756734026997092CB3655203005.e.2946/click - {}
RESULT: {}
RESULT: {}
COMMAND: GET /session/fa1966063a4db30dbf2f999955ebc217/screenshot - {}
RESULT: {}
COMMAND: POST /session/fa1966063a4db30dbf2f999955ebc217/execute/sync - {"script":"<script> [299 bytes]","args":[["getModel","getResource"]]}
RESULT: {"script":"<script> [299 bytes]","args":[["getModel","getResource"]]}
COMMAND: GET /session/fa1966063a4db30dbf2f999955ebc217/screenshot - {}
]]></system-out>
    </testcase>
    <testcase classname="chrome.136_0_7103_93.windows.Billing_Transfer_-_Master_data_&amp;_Intercompany_US127250" name="Should create a new site" time="104.049">
      <system-out><![CDATA[
COMMAND: POST /session/fa1966063a4db30dbf2f999955ebc217/execute/async - {"script":"<script> [1562 bytes]","args":[{"selector":{"controlType":"sap.m.GenericTile","properties":{"header":"Manage Sites"}},"wdio_ui5_key":"sapm.GenericTile{\"header\":\"Manage Sites\"}"}]}
RESULT: {}
RESULT: {"script":"<script> [1562 bytes]","args":[{"selector":{"controlType":"sap.m.GenericTile","properties":{"header":"Manage Sites"}},"wdio_ui5_key":"sapm.GenericTile{\"header\":\"Manage Sites\"}"}]}
RESULT: undefined
COMMAND: POST /session/fa1966063a4db30dbf2f999955ebc217/element - {"using":"xpath","value":"//*[@id=\"__tile40\"]"}
RESULT: {"using":"xpath","value":"//*[@id=\"__tile40\"]"}
COMMAND: POST /session/fa1966063a4db30dbf2f999955ebc217/element/f.8EF3D0D450A4EB0CE4D2D51640C2B842.d.E9BF4756734026997092CB3655203005.e.2112/click - {}
RESULT: {}
COMMAND: GET /session/fa1966063a4db30dbf2f999955ebc217/screenshot - {}
RESULT: {}
COMMAND: POST /session/fa1966063a4db30dbf2f999955ebc217/elements - {"using":"xpath","value":"//span[text()='Error']"}
RESULT: {"using":"xpath","value":"//span[text()='Error']"}
COMMAND: POST /session/fa1966063a4db30dbf2f999955ebc217/element - {"using":"xpath","value":"//button[@data-kt=\"addOverflowToolbarButton\"]"}
RESULT: {"using":"xpath","value":"//button[@data-kt=\"addOverflowToolbarButton\"]"}
COMMAND: POST /session/fa1966063a4db30dbf2f999955ebc217/elements - {"using":"xpath","value":"//button[@data-kt=\"addOverflowToolbarButton\"]"}
RESULT: {"using":"xpath","value":"//button[@data-kt=\"addOverflowToolbarButton\"]"}
COMMAND: POST /session/fa1966063a4db30dbf2f999955ebc217/execute/sync - {"script":"<script> [8489 bytes]","args":[{"element-6066-11e4-a52e-4f735466cecf":"f.8EF3D0D450A4EB0CE4D2D51640C2B842.d.E9BF4756734026997092CB3655203005.e.3769","ELEMENT":"f.8EF3D0D450A4EB0CE4D2D51640C2B842.d.E9BF4756734026997092CB3655203005.e.3769"}]}
RESULT: {"script":"<script> [8489 bytes]","args":[{"element-6066-11e4-a52e-4f735466cecf":"f.8EF3D0D450A4EB0CE4D2D51640C2B842.d.E9BF4756734026997092CB3655203005.e.3769","ELEMENT":"f.8EF3D0D450A4EB0CE4D2D51640C2B842.d.E9BF4756734026997092CB3655203005.e.3769"}]}
COMMAND: GET /session/fa1966063a4db30dbf2f999955ebc217/element/f.8EF3D0D450A4EB0CE4D2D51640C2B842.d.E9BF4756734026997092CB3655203005.e.3769/enabled - {}
COMMAND: GET /session/fa1966063a4db30dbf2f999955ebc217/screenshot - {}
RESULT: {}
COMMAND: POST /session/fa1966063a4db30dbf2f999955ebc217/execute/sync - {"script":"<script> [8489 bytes]","args":[{"element-6066-11e4-a52e-4f735466cecf":"f.8EF3D0D450A4EB0CE4D2D51640C2B842.d.E9BF4756734026997092CB3655203005.e.3769","ELEMENT":"f.8EF3D0D450A4EB0CE4D2D51640C2B842.d.E9BF4756734026997092CB3655203005.e.3769"}]}
COMMAND: GET /session/fa1966063a4db30dbf2f999955ebc217/screenshot - {}
RESULT: {}
RESULT: {"script":"<script> [8489 bytes]","args":[{"element-6066-11e4-a52e-4f735466cecf":"f.8EF3D0D450A4EB0CE4D2D51640C2B842.d.E9BF4756734026997092CB3655203005.e.3769","ELEMENT":"f.8EF3D0D450A4EB0CE4D2D51640C2B842.d.E9BF4756734026997092CB3655203005.e.3769"}]}
COMMAND: POST /session/fa1966063a4db30dbf2f999955ebc217/execute/sync - {"script":"<script> [5351 bytes]","args":[{"element-6066-11e4-a52e-4f735466cecf":"f.8EF3D0D450A4EB0CE4D2D51640C2B842.d.E9BF4756734026997092CB3655203005.e.3769","ELEMENT":"f.8EF3D0D450A4EB0CE4D2D51640C2B842.d.E9BF4756734026997092CB3655203005.e.3769"}]}
COMMAND: GET /session/fa1966063a4db30dbf2f999955ebc217/screenshot - {}
RESULT: {}
RESULT: {"script":"<script> [5351 bytes]","args":[{"element-6066-11e4-a52e-4f735466cecf":"f.8EF3D0D450A4EB0CE4D2D51640C2B842.d.E9BF4756734026997092CB3655203005.e.3769","ELEMENT":"f.8EF3D0D450A4EB0CE4D2D51640C2B842.d.E9BF4756734026997092CB3655203005.e.3769"}]}
COMMAND: POST /session/fa1966063a4db30dbf2f999955ebc217/element/f.8EF3D0D450A4EB0CE4D2D51640C2B842.d.E9BF4756734026997092CB3655203005.e.3769/click - {}
COMMAND: GET /session/fa1966063a4db30dbf2f999955ebc217/screenshot - {}
RESULT: {}
RESULT: {}
COMMAND: GET /session/fa1966063a4db30dbf2f999955ebc217/screenshot - {}
COMMAND: POST /session/fa1966063a4db30dbf2f999955ebc217/element - {"using":"xpath","value":"//input[@id=\"application-managesites-display-component---NewSite--siteId-inner\"]"}
RESULT: {}
RESULT: {}
RESULT: {"using":"xpath","value":"//input[@id=\"application-managesites-display-component---NewSite--siteId-inner\"]"}
COMMAND: POST /session/fa1966063a4db30dbf2f999955ebc217/element - {"using":"xpath","value":"//input[@id=\"application-managesites-display-component---NewSite--siteId-inner\"]"}
RESULT: {"using":"xpath","value":"//input[@id=\"application-managesites-display-component---NewSite--siteId-inner\"]"}
COMMAND: POST /session/fa1966063a4db30dbf2f999955ebc217/execute/async - {"script":"<script> [1562 bytes]","args":[{"selector":{"id":"application-managesites-display-component---NewSite--addressDetailDetailsName1","interaction":{"idSuffix":"inner"}},"wdio_ui5_key":"applicationmanagesites-display-component---NewSite--addressDetailDetailsName1"}]}
RESULT: {"script":"<script> [1562 bytes]","args":[{"selector":{"id":"application-managesites-display-component---NewSite--addressDetailDetailsName1","interaction":{"idSuffix":"inner"}},"wdio_ui5_key":"applicationmanagesites-display-component---NewSite--addressDetailDetailsName1"}]}
RESULT: undefined
COMMAND: POST /session/fa1966063a4db30dbf2f999955ebc217/execute/async - {"script":"<script> [776 bytes]","args":[{"enterText":"Intercompany Site wdIO","selector":{"id":"application-managesites-display-component---NewSite--addressDetailDetailsName1","interaction":{"idSuffix":"inner"}},"clearTextFirst":true,"interactionType":"ENTER_TEXT"}]}
RESULT: {"script":"<script> [776 bytes]","args":[{"enterText":"Intercompany Site wdIO","selector":{"id":"application-managesites-display-component---NewSite--addressDetailDetailsName1","interaction":{"idSuffix":"inner"}},"clearTextFirst":true,"interactionType":"ENTER_TEXT"}]}
COMMAND: POST /session/fa1966063a4db30dbf2f999955ebc217/execute/async - {"script":"<script> [1562 bytes]","args":[{"selector":{"id":"application-managesites-display-component---NewSite--addressDetailDetailsLanguage-arrow"},"wdio_ui5_key":"applicationmanagesites-display-component---NewSite--addressDetailDetailsLanguage-arrow"}]}
RESULT: {"script":"<script> [1562 bytes]","args":[{"selector":{"id":"application-managesites-display-component---NewSite--addressDetailDetailsLanguage-arrow"},"wdio_ui5_key":"applicationmanagesites-display-component---NewSite--addressDetailDetailsLanguage-arrow"}]}
RESULT: undefined
COMMAND: POST /session/fa1966063a4db30dbf2f999955ebc217/element - {"using":"xpath","value":"//*[@id=\"application-managesites-display-component---NewSite--addressDetailDetailsLanguage-arrow\"]"}
RESULT: {"using":"xpath","value":"//*[@id=\"application-managesites-display-component---NewSite--addressDetailDetailsLanguage-arrow\"]"}
COMMAND: POST /session/fa1966063a4db30dbf2f999955ebc217/element/f.8EF3D0D450A4EB0CE4D2D51640C2B842.d.E9BF4756734026997092CB3655203005.e.4173/click - {}
RESULT: {}
COMMAND: POST /session/fa1966063a4db30dbf2f999955ebc217/element - {"using":"xpath","value":"//span[contains(text(), \"English\")]"}
COMMAND: GET /session/fa1966063a4db30dbf2f999955ebc217/screenshot - {}
RESULT: {"using":"xpath","value":"//span[contains(text(), \"English\")]"}
COMMAND: POST /session/fa1966063a4db30dbf2f999955ebc217/element/f.8EF3D0D450A4EB0CE4D2D51640C2B842.d.E9BF4756734026997092CB3655203005.e.4174/click - {}
RESULT: {}
RESULT: {}
COMMAND: POST /session/fa1966063a4db30dbf2f999955ebc217/execute/async - {"script":"<script> [1562 bytes]","args":[{"selector":{"id":"application-managesites-display-component---NewSite--addressDetailDetailsCity1","interaction":{"idSuffix":"inner"}},"wdio_ui5_key":"applicationmanagesites-display-component---NewSite--addressDetailDetailsCity1"}]}
COMMAND: GET /session/fa1966063a4db30dbf2f999955ebc217/screenshot - {}
RESULT: {"script":"<script> [1562 bytes]","args":[{"selector":{"id":"application-managesites-display-component---NewSite--addressDetailDetailsCity1","interaction":{"idSuffix":"inner"}},"wdio_ui5_key":"applicationmanagesites-display-component---NewSite--addressDetailDetailsCity1"}]}
RESULT: undefined
COMMAND: POST /session/fa1966063a4db30dbf2f999955ebc217/execute/async - {"script":"<script> [776 bytes]","args":[{"enterText":"Rosario","selector":{"id":"application-managesites-display-component---NewSite--addressDetailDetailsCity1","interaction":{"idSuffix":"inner"}},"clearTextFirst":true,"interactionType":"ENTER_TEXT"}]}
RESULT: {}
RESULT: {"script":"<script> [776 bytes]","args":[{"enterText":"Rosario","selector":{"id":"application-managesites-display-component---NewSite--addressDetailDetailsCity1","interaction":{"idSuffix":"inner"}},"clearTextFirst":true,"interactionType":"ENTER_TEXT"}]}
COMMAND: POST /session/fa1966063a4db30dbf2f999955ebc217/execute/async - {"script":"<script> [1562 bytes]","args":[{"selector":{"id":"application-managesites-display-component---NewSite--addressDetailDetailsCountry-arrow"},"wdio_ui5_key":"applicationmanagesites-display-component---NewSite--addressDetailDetailsCountry-arrow"}]}
RESULT: {"script":"<script> [1562 bytes]","args":[{"selector":{"id":"application-managesites-display-component---NewSite--addressDetailDetailsCountry-arrow"},"wdio_ui5_key":"applicationmanagesites-display-component---NewSite--addressDetailDetailsCountry-arrow"}]}
RESULT: undefined
COMMAND: POST /session/fa1966063a4db30dbf2f999955ebc217/element - {"using":"xpath","value":"//*[@id=\"application-managesites-display-component---NewSite--addressDetailDetailsCountry-arrow\"]"}
RESULT: {"using":"xpath","value":"//*[@id=\"application-managesites-display-component---NewSite--addressDetailDetailsCountry-arrow\"]"}
COMMAND: POST /session/fa1966063a4db30dbf2f999955ebc217/element/f.8EF3D0D450A4EB0CE4D2D51640C2B842.d.E9BF4756734026997092CB3655203005.e.4176/click - {}
RESULT: {}
COMMAND: POST /session/fa1966063a4db30dbf2f999955ebc217/element - {"using":"xpath","value":"//span[contains(text(), \"Argentina\")]"}
COMMAND: GET /session/fa1966063a4db30dbf2f999955ebc217/screenshot - {}
RESULT: {"using":"xpath","value":"//span[contains(text(), \"Argentina\")]"}
COMMAND: POST /session/fa1966063a4db30dbf2f999955ebc217/element/f.8EF3D0D450A4EB0CE4D2D51640C2B842.d.E9BF4756734026997092CB3655203005.e.4178/click - {}
RESULT: {}
RESULT: {}
COMMAND: GET /session/fa1966063a4db30dbf2f999955ebc217/screenshot - {}
RESULT: {}
COMMAND: POST /session/fa1966063a4db30dbf2f999955ebc217/execute/async - {"script":"<script> [1562 bytes]","args":[{"selector":{"id":"application-managesites-display-component---NewSite--addressEditDetailsCostObjectCstType-arrow"},"wdio_ui5_key":"applicationmanagesites-display-component---NewSite--addressEditDetailsCostObjectCstType-arrow"}]}
RESULT: {"script":"<script> [1562 bytes]","args":[{"selector":{"id":"application-managesites-display-component---NewSite--addressEditDetailsCostObjectCstType-arrow"},"wdio_ui5_key":"applicationmanagesites-display-component---NewSite--addressEditDetailsCostObjectCstType-arrow"}]}
RESULT: undefined
COMMAND: POST /session/fa1966063a4db30dbf2f999955ebc217/element - {"using":"xpath","value":"//*[@id=\"application-managesites-display-component---NewSite--addressEditDetailsCostObjectCstType-arrow\"]"}
RESULT: {"using":"xpath","value":"//*[@id=\"application-managesites-display-component---NewSite--addressEditDetailsCostObjectCstType-arrow\"]"}
COMMAND: POST /session/fa1966063a4db30dbf2f999955ebc217/element/f.8EF3D0D450A4EB0CE4D2D51640C2B842.d.E9BF4756734026997092CB3655203005.e.4179/click - {}
RESULT: {}
COMMAND: POST /session/fa1966063a4db30dbf2f999955ebc217/element - {"using":"xpath","value":"//span[contains(text(), \"Cost Center\")]"}
COMMAND: GET /session/fa1966063a4db30dbf2f999955ebc217/screenshot - {}
RESULT: {"using":"xpath","value":"//span[contains(text(), \"Cost Center\")]"}
COMMAND: POST /session/fa1966063a4db30dbf2f999955ebc217/element/f.8EF3D0D450A4EB0CE4D2D51640C2B842.d.E9BF4756734026997092CB3655203005.e.4180/click - {}
RESULT: {}
RESULT: {}
COMMAND: GET /session/fa1966063a4db30dbf2f999955ebc217/screenshot - {}
RESULT: {}
COMMAND: POST /session/fa1966063a4db30dbf2f999955ebc217/element - {"using":"xpath","value":"//span[@id=\"application-managesites-display-component---NewSite--addressNewCostObjectCstID-vhi\"]"}
RESULT: {"using":"xpath","value":"//span[@id=\"application-managesites-display-component---NewSite--addressNewCostObjectCstID-vhi\"]"}
COMMAND: POST /session/fa1966063a4db30dbf2f999955ebc217/execute/sync - {"script":"<script> [8489 bytes]","args":[{"element-6066-11e4-a52e-4f735466cecf":"f.8EF3D0D450A4EB0CE4D2D51640C2B842.d.E9BF4756734026997092CB3655203005.e.4185","ELEMENT":"f.8EF3D0D450A4EB0CE4D2D51640C2B842.d.E9BF4756734026997092CB3655203005.e.4185"}]}
RESULT: {"script":"<script> [8489 bytes]","args":[{"element-6066-11e4-a52e-4f735466cecf":"f.8EF3D0D450A4EB0CE4D2D51640C2B842.d.E9BF4756734026997092CB3655203005.e.4185","ELEMENT":"f.8EF3D0D450A4EB0CE4D2D51640C2B842.d.E9BF4756734026997092CB3655203005.e.4185"}]}
COMMAND: POST /session/fa1966063a4db30dbf2f999955ebc217/execute/async - {"script":"<script> [1562 bytes]","args":[{"selector":{"id":"application-managesites-display-component---NewSite--addressNewCostObjectCstID-vhi"},"wdio_ui5_key":"applicationmanagesites-display-component---NewSite--addressNewCostObjectCstID-vhi"}]}
COMMAND: GET /session/fa1966063a4db30dbf2f999955ebc217/screenshot - {}
RESULT: {"script":"<script> [1562 bytes]","args":[{"selector":{"id":"application-managesites-display-component---NewSite--addressNewCostObjectCstID-vhi"},"wdio_ui5_key":"applicationmanagesites-display-component---NewSite--addressNewCostObjectCstID-vhi"}]}
RESULT: undefined
COMMAND: POST /session/fa1966063a4db30dbf2f999955ebc217/element - {"using":"xpath","value":"//*[@id=\"application-managesites-display-component---NewSite--addressNewCostObjectCstID-vhi\"]"}
RESULT: {}
RESULT: {"using":"xpath","value":"//*[@id=\"application-managesites-display-component---NewSite--addressNewCostObjectCstID-vhi\"]"}
COMMAND: POST /session/fa1966063a4db30dbf2f999955ebc217/element/f.8EF3D0D450A4EB0CE4D2D51640C2B842.d.E9BF4756734026997092CB3655203005.e.4185/click - {}
RESULT: {}
COMMAND: GET /session/fa1966063a4db30dbf2f999955ebc217/screenshot - {}
RESULT: {}
RESULT: undefined
COMMAND: POST /session/fa1966063a4db30dbf2f999955ebc217/execute/async - {"script":"<script> [776 bytes]","args":[{"enterText":"10001013","selector":{"controlType":"sap.m.SearchField","properties":{"placeholder":"Search"},"searchOpenDialogs":true,"interaction":{"idSuffix":"I"}},"clearTextFirst":true,"interactionType":"ENTER_TEXT"}]}
RESULT: {"script":"<script> [776 bytes]","args":[{"enterText":"10001013","selector":{"controlType":"sap.m.SearchField","properties":{"placeholder":"Search"},"searchOpenDialogs":true,"interaction":{"idSuffix":"I"}},"clearTextFirst":true,"interactionType":"ENTER_TEXT"}]}
COMMAND: POST /session/fa1966063a4db30dbf2f999955ebc217/actions - {"actions":[{"id":"action6","type":"key","parameters":{},"actions":[{"type":"keyDown","value":""},{"type":"pause","duration":10},{"type":"keyUp","value":""}]}]}
RESULT: {"actions":[{"id":"action6","type":"key","parameters":{},"actions":[{"type":"keyDown","value":""},{"type":"pause","duration":10},{"type":"keyUp","value":""}]}]}
COMMAND: GET /session/fa1966063a4db30dbf2f999955ebc217/screenshot - {}
RESULT: {}
COMMAND: POST /session/fa1966063a4db30dbf2f999955ebc217/element - {"using":"xpath","value":"//span[contains(text(), \"General Management\")]"}
RESULT: {"using":"xpath","value":"//span[contains(text(), \"General Management\")]"}
COMMAND: POST /session/fa1966063a4db30dbf2f999955ebc217/element/f.8EF3D0D450A4EB0CE4D2D51640C2B842.d.E9BF4756734026997092CB3655203005.e.4224/click - {}
RESULT: {}
COMMAND: GET /session/fa1966063a4db30dbf2f999955ebc217/screenshot - {}
RESULT: {}
COMMAND: POST /session/fa1966063a4db30dbf2f999955ebc217/element - {"using":"xpath","value":"//bdi[contains(text(), \"OK\")]"}
RESULT: {"using":"xpath","value":"//bdi[contains(text(), \"OK\")]"}
COMMAND: POST /session/fa1966063a4db30dbf2f999955ebc217/element/f.8EF3D0D450A4EB0CE4D2D51640C2B842.d.E9BF4756734026997092CB3655203005.e.4225/click - {}
RESULT: {}
COMMAND: GET /session/fa1966063a4db30dbf2f999955ebc217/screenshot - {}
RESULT: {}
COMMAND: POST /session/fa1966063a4db30dbf2f999955ebc217/element - {"using":"xpath","value":"//input[@id=\"application-managesites-display-component---NewSite--addressDetailDetailsCalendar-inner\"]"}
RESULT: {"using":"xpath","value":"//input[@id=\"application-managesites-display-component---NewSite--addressDetailDetailsCalendar-inner\"]"}
COMMAND: POST /session/fa1966063a4db30dbf2f999955ebc217/element/f.8EF3D0D450A4EB0CE4D2D51640C2B842.d.E9BF4756734026997092CB3655203005.e.3970/clear - {}
RESULT: {}
COMMAND: POST /session/fa1966063a4db30dbf2f999955ebc217/element/f.8EF3D0D450A4EB0CE4D2D51640C2B842.d.E9BF4756734026997092CB3655203005.e.3970/value - {"text":"Unit"}
COMMAND: GET /session/fa1966063a4db30dbf2f999955ebc217/screenshot - {}
RESULT: {"text":"Unit"}
COMMAND: GET /session/fa1966063a4db30dbf2f999955ebc217/screenshot - {}
RESULT: {}
RESULT: {}
COMMAND: POST /session/fa1966063a4db30dbf2f999955ebc217/actions - {"actions":[{"id":"action7","type":"key","parameters":{},"actions":[{"type":"keyDown","value":""},{"type":"pause","duration":10},{"type":"keyUp","value":""}]}]}
RESULT: {"actions":[{"id":"action7","type":"key","parameters":{},"actions":[{"type":"keyDown","value":""},{"type":"pause","duration":10},{"type":"keyUp","value":""}]}]}
COMMAND: POST /session/fa1966063a4db30dbf2f999955ebc217/element - {"using":"xpath","value":"//input[@id=\"application-managesites-display-component---NewSite--addressDetailDetailsYard-inner\"]"}
COMMAND: GET /session/fa1966063a4db30dbf2f999955ebc217/screenshot - {}
RESULT: {"using":"xpath","value":"//input[@id=\"application-managesites-display-component---NewSite--addressDetailDetailsYard-inner\"]"}
COMMAND: POST /session/fa1966063a4db30dbf2f999955ebc217/element/f.8EF3D0D450A4EB0CE4D2D51640C2B842.d.E9BF4756734026997092CB3655203005.e.3971/clear - {}
RESULT: {}
RESULT: {}
COMMAND: POST /session/fa1966063a4db30dbf2f999955ebc217/element/f.8EF3D0D450A4EB0CE4D2D51640C2B842.d.E9BF4756734026997092CB3655203005.e.3971/value - {"text":"255"}
COMMAND: GET /session/fa1966063a4db30dbf2f999955ebc217/screenshot - {}
RESULT: {"text":"255"}
COMMAND: GET /session/fa1966063a4db30dbf2f999955ebc217/screenshot - {}
RESULT: {}
RESULT: {}
COMMAND: POST /session/fa1966063a4db30dbf2f999955ebc217/element - {"using":"xpath","value":"//li[.//span[text()='255']]"}
RESULT: {"using":"xpath","value":"//li[.//span[text()='255']]"}
COMMAND: POST /session/fa1966063a4db30dbf2f999955ebc217/element/f.8EF3D0D450A4EB0CE4D2D51640C2B842.d.E9BF4756734026997092CB3655203005.e.4233/click - {}
RESULT: {}
COMMAND: GET /session/fa1966063a4db30dbf2f999955ebc217/screenshot - {}
RESULT: {}
COMMAND: POST /session/fa1966063a4db30dbf2f999955ebc217/element - {"using":"xpath","value":"//input[@id=\"application-managesites-display-component---NewSite--addressDetailDetailsPartner-inner\"]"}
RESULT: {"using":"xpath","value":"//input[@id=\"application-managesites-display-component---NewSite--addressDetailDetailsPartner-inner\"]"}
COMMAND: POST /session/fa1966063a4db30dbf2f999955ebc217/element - {"using":"xpath","value":"//input[@id=\"application-managesites-display-component---NewSite--addressDetailDetailsPartner-inner\"]"}
RESULT: {"using":"xpath","value":"//input[@id=\"application-managesites-display-component---NewSite--addressDetailDetailsPartner-inner\"]"}
COMMAND: POST /session/fa1966063a4db30dbf2f999955ebc217/element - {"using":"xpath","value":"//button[@data-kt=\"saveButton\"]"}
RESULT: {"using":"xpath","value":"//button[@data-kt=\"saveButton\"]"}
COMMAND: POST /session/fa1966063a4db30dbf2f999955ebc217/element/f.8EF3D0D450A4EB0CE4D2D51640C2B842.d.E9BF4756734026997092CB3655203005.e.4158/click - {}
RESULT: {}
COMMAND: GET /session/fa1966063a4db30dbf2f999955ebc217/screenshot - {}
RESULT: {}
COMMAND: POST /session/fa1966063a4db30dbf2f999955ebc217/element - {"using":"xpath","value":"//header[contains(@id, 'ObjectPageLayout-headerTitle')]/div[1]/div[2]/div[2]/span[1]"}
RESULT: {"using":"xpath","value":"//header[contains(@id, 'ObjectPageLayout-headerTitle')]/div[1]/div[2]/div[2]/span[1]"}
COMMAND: POST /session/fa1966063a4db30dbf2f999955ebc217/elements - {"using":"xpath","value":"//header[contains(@id, 'ObjectPageLayout-headerTitle')]/div[1]/div[2]/div[2]/span[1]"}
RESULT: {"using":"xpath","value":"//header[contains(@id, 'ObjectPageLayout-headerTitle')]/div[1]/div[2]/div[2]/span[1]"}
COMMAND: POST /session/fa1966063a4db30dbf2f999955ebc217/execute/sync - {"script":"<script> [56 bytes]","args":[{"element-6066-11e4-a52e-4f735466cecf":"f.8EF3D0D450A4EB0CE4D2D51640C2B842.d.E9BF4756734026997092CB3655203005.e.4439","ELEMENT":"f.8EF3D0D450A4EB0CE4D2D51640C2B842.d.E9BF4756734026997092CB3655203005.e.4439"}]}
RESULT: {"script":"<script> [56 bytes]","args":[{"element-6066-11e4-a52e-4f735466cecf":"f.8EF3D0D450A4EB0CE4D2D51640C2B842.d.E9BF4756734026997092CB3655203005.e.4439","ELEMENT":"f.8EF3D0D450A4EB0CE4D2D51640C2B842.d.E9BF4756734026997092CB3655203005.e.4439"}]}
COMMAND: POST /session/fa1966063a4db30dbf2f999955ebc217/element - {"using":"css selector","value":"#shell-header-logo"}
COMMAND: GET /session/fa1966063a4db30dbf2f999955ebc217/screenshot - {}
RESULT: {"using":"css selector","value":"#shell-header-logo"}
COMMAND: POST /session/fa1966063a4db30dbf2f999955ebc217/element/f.8EF3D0D450A4EB0CE4D2D51640C2B842.d.E9BF4756734026997092CB3655203005.e.3727/click - {}
RESULT: {}
RESULT: {}
COMMAND: GET /session/fa1966063a4db30dbf2f999955ebc217/screenshot - {}
RESULT: {}
COMMAND: POST /session/fa1966063a4db30dbf2f999955ebc217/execute/sync - {"script":"<script> [299 bytes]","args":[["getModel","getResource"]]}
RESULT: {"script":"<script> [299 bytes]","args":[["getModel","getResource"]]}
]]></system-out>
    </testcase>
    <testcase classname="chrome.136_0_7103_93.windows.Billing_Transfer_-_Master_data_&amp;_Intercompany_US127250" name="Should create a new equipment" time="141.045">
      <system-out><![CDATA[
COMMAND: POST /session/fa1966063a4db30dbf2f999955ebc217/execute/async - {"script":"<script> [1562 bytes]","args":[{"selector":{"controlType":"sap.m.GenericTile","properties":{"header":"Manage Resources"}},"wdio_ui5_key":"sapm.GenericTile{\"header\":\"Manage Resources\"}"}]}
COMMAND: GET /session/fa1966063a4db30dbf2f999955ebc217/screenshot - {}
RESULT: {"script":"<script> [1562 bytes]","args":[{"selector":{"controlType":"sap.m.GenericTile","properties":{"header":"Manage Resources"}},"wdio_ui5_key":"sapm.GenericTile{\"header\":\"Manage Resources\"}"}]}
RESULT: undefined
COMMAND: POST /session/fa1966063a4db30dbf2f999955ebc217/element - {"using":"xpath","value":"//*[@id=\"__tile39\"]"}
RESULT: {}
RESULT: {"using":"xpath","value":"//*[@id=\"__tile39\"]"}
COMMAND: POST /session/fa1966063a4db30dbf2f999955ebc217/element/f.8EF3D0D450A4EB0CE4D2D51640C2B842.d.E9BF4756734026997092CB3655203005.e.2109/click - {}
RESULT: {}
COMMAND: GET /session/fa1966063a4db30dbf2f999955ebc217/screenshot - {}
RESULT: {}
COMMAND: POST /session/fa1966063a4db30dbf2f999955ebc217/elements - {"using":"xpath","value":"//span[text()='Error']"}
RESULT: {"using":"xpath","value":"//span[text()='Error']"}
COMMAND: POST /session/fa1966063a4db30dbf2f999955ebc217/element - {"using":"xpath","value":"//button[@data-kt=\"addNewRUOverflowToolbarButton\"]"}
RESULT: {"using":"xpath","value":"//button[@data-kt=\"addNewRUOverflowToolbarButton\"]"}
COMMAND: POST /session/fa1966063a4db30dbf2f999955ebc217/elements - {"using":"xpath","value":"//button[@data-kt=\"addNewRUOverflowToolbarButton\"]"}
RESULT: {"using":"xpath","value":"//button[@data-kt=\"addNewRUOverflowToolbarButton\"]"}
COMMAND: POST /session/fa1966063a4db30dbf2f999955ebc217/elements - {"using":"xpath","value":"//button[@data-kt=\"addNewRUOverflowToolbarButton\"]"}
RESULT: {"using":"xpath","value":"//button[@data-kt=\"addNewRUOverflowToolbarButton\"]"}
COMMAND: POST /session/fa1966063a4db30dbf2f999955ebc217/elements - {"using":"xpath","value":"//button[@data-kt=\"addNewRUOverflowToolbarButton\"]"}
RESULT: {"using":"xpath","value":"//button[@data-kt=\"addNewRUOverflowToolbarButton\"]"}
COMMAND: POST /session/fa1966063a4db30dbf2f999955ebc217/elements - {"using":"xpath","value":"//button[@data-kt=\"addNewRUOverflowToolbarButton\"]"}
RESULT: {"using":"xpath","value":"//button[@data-kt=\"addNewRUOverflowToolbarButton\"]"}
COMMAND: POST /session/fa1966063a4db30dbf2f999955ebc217/elements - {"using":"xpath","value":"//button[@data-kt=\"addNewRUOverflowToolbarButton\"]"}
RESULT: {"using":"xpath","value":"//button[@data-kt=\"addNewRUOverflowToolbarButton\"]"}
COMMAND: POST /session/fa1966063a4db30dbf2f999955ebc217/element - {"using":"xpath","value":"//button[@data-kt=\"addNewRUOverflowToolbarButton\"]"}
RESULT: {"using":"xpath","value":"//button[@data-kt=\"addNewRUOverflowToolbarButton\"]"}
COMMAND: POST /session/fa1966063a4db30dbf2f999955ebc217/execute/sync - {"script":"<script> [8489 bytes]","args":[{"element-6066-11e4-a52e-4f735466cecf":"f.8EF3D0D450A4EB0CE4D2D51640C2B842.d.E9BF4756734026997092CB3655203005.e.4471","ELEMENT":"f.8EF3D0D450A4EB0CE4D2D51640C2B842.d.E9BF4756734026997092CB3655203005.e.4471"}]}
RESULT: {"script":"<script> [8489 bytes]","args":[{"element-6066-11e4-a52e-4f735466cecf":"f.8EF3D0D450A4EB0CE4D2D51640C2B842.d.E9BF4756734026997092CB3655203005.e.4471","ELEMENT":"f.8EF3D0D450A4EB0CE4D2D51640C2B842.d.E9BF4756734026997092CB3655203005.e.4471"}]}
COMMAND: GET /session/fa1966063a4db30dbf2f999955ebc217/element/f.8EF3D0D450A4EB0CE4D2D51640C2B842.d.E9BF4756734026997092CB3655203005.e.4471/enabled - {}
COMMAND: GET /session/fa1966063a4db30dbf2f999955ebc217/screenshot - {}
RESULT: {}
COMMAND: POST /session/fa1966063a4db30dbf2f999955ebc217/execute/sync - {"script":"<script> [8489 bytes]","args":[{"element-6066-11e4-a52e-4f735466cecf":"f.8EF3D0D450A4EB0CE4D2D51640C2B842.d.E9BF4756734026997092CB3655203005.e.4471","ELEMENT":"f.8EF3D0D450A4EB0CE4D2D51640C2B842.d.E9BF4756734026997092CB3655203005.e.4471"}]}
COMMAND: GET /session/fa1966063a4db30dbf2f999955ebc217/screenshot - {}
RESULT: {}
RESULT: {"script":"<script> [8489 bytes]","args":[{"element-6066-11e4-a52e-4f735466cecf":"f.8EF3D0D450A4EB0CE4D2D51640C2B842.d.E9BF4756734026997092CB3655203005.e.4471","ELEMENT":"f.8EF3D0D450A4EB0CE4D2D51640C2B842.d.E9BF4756734026997092CB3655203005.e.4471"}]}
COMMAND: POST /session/fa1966063a4db30dbf2f999955ebc217/execute/sync - {"script":"<script> [5351 bytes]","args":[{"element-6066-11e4-a52e-4f735466cecf":"f.8EF3D0D450A4EB0CE4D2D51640C2B842.d.E9BF4756734026997092CB3655203005.e.4471","ELEMENT":"f.8EF3D0D450A4EB0CE4D2D51640C2B842.d.E9BF4756734026997092CB3655203005.e.4471"}]}
COMMAND: GET /session/fa1966063a4db30dbf2f999955ebc217/screenshot - {}
RESULT: {}
RESULT: {"script":"<script> [5351 bytes]","args":[{"element-6066-11e4-a52e-4f735466cecf":"f.8EF3D0D450A4EB0CE4D2D51640C2B842.d.E9BF4756734026997092CB3655203005.e.4471","ELEMENT":"f.8EF3D0D450A4EB0CE4D2D51640C2B842.d.E9BF4756734026997092CB3655203005.e.4471"}]}
COMMAND: POST /session/fa1966063a4db30dbf2f999955ebc217/element/f.8EF3D0D450A4EB0CE4D2D51640C2B842.d.E9BF4756734026997092CB3655203005.e.4471/click - {}
COMMAND: GET /session/fa1966063a4db30dbf2f999955ebc217/screenshot - {}
RESULT: {}
RESULT: {}
COMMAND: GET /session/fa1966063a4db30dbf2f999955ebc217/screenshot - {}
COMMAND: POST /session/fa1966063a4db30dbf2f999955ebc217/execute/async - {"script":"<script> [1562 bytes]","args":[{"selector":{"id":"application-manageresources-display-component---newResourceUnit--TYPE-arrow"},"wdio_ui5_key":"applicationmanageresources-display-component---newResourceUnit--TYPE-arrow"}]}
RESULT: {}
RESULT: {}
RESULT: {"script":"<script> [1562 bytes]","args":[{"selector":{"id":"application-manageresources-display-component---newResourceUnit--TYPE-arrow"},"wdio_ui5_key":"applicationmanageresources-display-component---newResourceUnit--TYPE-arrow"}]}
RESULT: undefined
COMMAND: POST /session/fa1966063a4db30dbf2f999955ebc217/element - {"using":"xpath","value":"//*[@id=\"application-manageresources-display-component---newResourceUnit--TYPE-arrow\"]"}
RESULT: {"using":"xpath","value":"//*[@id=\"application-manageresources-display-component---newResourceUnit--TYPE-arrow\"]"}
COMMAND: POST /session/fa1966063a4db30dbf2f999955ebc217/element/f.8EF3D0D450A4EB0CE4D2D51640C2B842.d.E9BF4756734026997092CB3655203005.e.4638/click - {}
RESULT: {}
COMMAND: POST /session/fa1966063a4db30dbf2f999955ebc217/element - {"using":"xpath","value":"//input[@id=\"application-manageresources-display-component---newResourceUnit--TYPE-inner\"]"}
COMMAND: GET /session/fa1966063a4db30dbf2f999955ebc217/screenshot - {}
RESULT: {"using":"xpath","value":"//input[@id=\"application-manageresources-display-component---newResourceUnit--TYPE-inner\"]"}
COMMAND: POST /session/fa1966063a4db30dbf2f999955ebc217/element/f.8EF3D0D450A4EB0CE4D2D51640C2B842.d.E9BF4756734026997092CB3655203005.e.4525/clear - {}
RESULT: {}
RESULT: {}
COMMAND: POST /session/fa1966063a4db30dbf2f999955ebc217/element/f.8EF3D0D450A4EB0CE4D2D51640C2B842.d.E9BF4756734026997092CB3655203005.e.4525/value - {"text":"Equipment"}
COMMAND: GET /session/fa1966063a4db30dbf2f999955ebc217/screenshot - {}
RESULT: {"text":"Equipment"}
COMMAND: GET /session/fa1966063a4db30dbf2f999955ebc217/screenshot - {}
RESULT: {}
RESULT: {}
COMMAND: POST /session/fa1966063a4db30dbf2f999955ebc217/actions - {"actions":[{"id":"action8","type":"key","parameters":{},"actions":[{"type":"keyDown","value":""},{"type":"pause","duration":10},{"type":"keyUp","value":""}]}]}
RESULT: {"actions":[{"id":"action8","type":"key","parameters":{},"actions":[{"type":"keyDown","value":""},{"type":"pause","duration":10},{"type":"keyUp","value":""}]}]}
COMMAND: POST /session/fa1966063a4db30dbf2f999955ebc217/execute/async - {"script":"<script> [1562 bytes]","args":[{"selector":{"id":"application-manageresources-display-component---newResourceUnit--resourceId","interaction":{"idSuffix":"inner"}},"wdio_ui5_key":"applicationmanageresources-display-component---newResourceUnit--resourceId"}]}
COMMAND: GET /session/fa1966063a4db30dbf2f999955ebc217/screenshot - {}
RESULT: {"script":"<script> [1562 bytes]","args":[{"selector":{"id":"application-manageresources-display-component---newResourceUnit--resourceId","interaction":{"idSuffix":"inner"}},"wdio_ui5_key":"applicationmanageresources-display-component---newResourceUnit--resourceId"}]}
RESULT: undefined
COMMAND: POST /session/fa1966063a4db30dbf2f999955ebc217/execute/async - {"script":"<script> [776 bytes]","args":[{"enterText":"ewLwcdoCIE","selector":{"id":"application-manageresources-display-component---newResourceUnit--resourceId","interaction":{"idSuffix":"inner"}},"clearTextFirst":true,"interactionType":"ENTER_TEXT"}]}
RESULT: {}
RESULT: {"script":"<script> [776 bytes]","args":[{"enterText":"ewLwcdoCIE","selector":{"id":"application-manageresources-display-component---newResourceUnit--resourceId","interaction":{"idSuffix":"inner"}},"clearTextFirst":true,"interactionType":"ENTER_TEXT"}]}
COMMAND: POST /session/fa1966063a4db30dbf2f999955ebc217/execute/async - {"script":"<script> [1562 bytes]","args":[{"selector":{"id":"application-manageresources-display-component---newResourceUnit--SHORT_TEXT","interaction":{"idSuffix":"inner"}},"wdio_ui5_key":"applicationmanageresources-display-component---newResourceUnit--SHORT_TEXT"}]}
RESULT: {"script":"<script> [1562 bytes]","args":[{"selector":{"id":"application-manageresources-display-component---newResourceUnit--SHORT_TEXT","interaction":{"idSuffix":"inner"}},"wdio_ui5_key":"applicationmanageresources-display-component---newResourceUnit--SHORT_TEXT"}]}
RESULT: undefined
COMMAND: POST /session/fa1966063a4db30dbf2f999955ebc217/execute/async - {"script":"<script> [776 bytes]","args":[{"enterText":"Intercompany Equipment WDIO","selector":{"id":"application-manageresources-display-component---newResourceUnit--SHORT_TEXT","interaction":{"idSuffix":"inner"}},"clearTextFirst":true,"interactionType":"ENTER_TEXT"}]}
RESULT: {"script":"<script> [776 bytes]","args":[{"enterText":"Intercompany Equipment WDIO","selector":{"id":"application-manageresources-display-component---newResourceUnit--SHORT_TEXT","interaction":{"idSuffix":"inner"}},"clearTextFirst":true,"interactionType":"ENTER_TEXT"}]}
COMMAND: POST /session/fa1966063a4db30dbf2f999955ebc217/execute/async - {"script":"<script> [1562 bytes]","args":[{"selector":{"id":"application-manageresources-display-component---newResourceUnit--BASE_UNIT_OF_MEASURE","interaction":{"idSuffix":"inner"}},"wdio_ui5_key":"applicationmanageresources-display-component---newResourceUnit--BASE_UNIT_OF_MEASURE"}]}
RESULT: {"script":"<script> [1562 bytes]","args":[{"selector":{"id":"application-manageresources-display-component---newResourceUnit--BASE_UNIT_OF_MEASURE","interaction":{"idSuffix":"inner"}},"wdio_ui5_key":"applicationmanageresources-display-component---newResourceUnit--BASE_UNIT_OF_MEASURE"}]}
RESULT: undefined
COMMAND: POST /session/fa1966063a4db30dbf2f999955ebc217/execute/async - {"script":"<script> [776 bytes]","args":[{"enterText":"Piece","selector":{"id":"application-manageresources-display-component---newResourceUnit--BASE_UNIT_OF_MEASURE","interaction":{"idSuffix":"inner"}},"clearTextFirst":true,"interactionType":"ENTER_TEXT"}]}
RESULT: {"script":"<script> [776 bytes]","args":[{"enterText":"Piece","selector":{"id":"application-manageresources-display-component---newResourceUnit--BASE_UNIT_OF_MEASURE","interaction":{"idSuffix":"inner"}},"clearTextFirst":true,"interactionType":"ENTER_TEXT"}]}
COMMAND: POST /session/fa1966063a4db30dbf2f999955ebc217/execute/async - {"script":"<script> [1562 bytes]","args":[{"selector":{"id":"application-manageresources-display-component---newResourceUnit--WEIGHT_UNIT","interaction":{"idSuffix":"inner"}},"wdio_ui5_key":"applicationmanageresources-display-component---newResourceUnit--WEIGHT_UNIT"}]}
RESULT: {"script":"<script> [1562 bytes]","args":[{"selector":{"id":"application-manageresources-display-component---newResourceUnit--WEIGHT_UNIT","interaction":{"idSuffix":"inner"}},"wdio_ui5_key":"applicationmanageresources-display-component---newResourceUnit--WEIGHT_UNIT"}]}
RESULT: undefined
COMMAND: POST /session/fa1966063a4db30dbf2f999955ebc217/execute/async - {"script":"<script> [776 bytes]","args":[{"enterText":"Gram","selector":{"id":"application-manageresources-display-component---newResourceUnit--WEIGHT_UNIT","interaction":{"idSuffix":"inner"}},"clearTextFirst":true,"interactionType":"ENTER_TEXT"}]}
RESULT: {"script":"<script> [776 bytes]","args":[{"enterText":"Gram","selector":{"id":"application-manageresources-display-component---newResourceUnit--WEIGHT_UNIT","interaction":{"idSuffix":"inner"}},"clearTextFirst":true,"interactionType":"ENTER_TEXT"}]}
COMMAND: POST /session/fa1966063a4db30dbf2f999955ebc217/execute/async - {"script":"<script> [1562 bytes]","args":[{"selector":{"id":"application-manageresources-display-component---newResourceUnit--DIMENSION_UNIT","interaction":{"idSuffix":"inner"}},"wdio_ui5_key":"applicationmanageresources-display-component---newResourceUnit--DIMENSION_UNIT"}]}
RESULT: {"script":"<script> [1562 bytes]","args":[{"selector":{"id":"application-manageresources-display-component---newResourceUnit--DIMENSION_UNIT","interaction":{"idSuffix":"inner"}},"wdio_ui5_key":"applicationmanageresources-display-component---newResourceUnit--DIMENSION_UNIT"}]}
RESULT: undefined
COMMAND: POST /session/fa1966063a4db30dbf2f999955ebc217/execute/async - {"script":"<script> [776 bytes]","args":[{"enterText":"Meter","selector":{"id":"application-manageresources-display-component---newResourceUnit--DIMENSION_UNIT","interaction":{"idSuffix":"inner"}},"clearTextFirst":true,"interactionType":"ENTER_TEXT"}]}
RESULT: {"script":"<script> [776 bytes]","args":[{"enterText":"Meter","selector":{"id":"application-manageresources-display-component---newResourceUnit--DIMENSION_UNIT","interaction":{"idSuffix":"inner"}},"clearTextFirst":true,"interactionType":"ENTER_TEXT"}]}
COMMAND: POST /session/fa1966063a4db30dbf2f999955ebc217/execute/async - {"script":"<script> [1562 bytes]","args":[{"selector":{"id":"application-manageresources-display-component---newResourceUnit--newRRUPage-anchBar-application-manageresources-display-component---newResourceUnit--control-anchor","interaction":{"idSuffix":"BDI-content"}},"wdio_ui5_key":"applicationmanageresources-display-component---newResourceUnit--newRRUPage-anchBar-application-manageresources-display-component---newResourceUnit--control-anchor"}]}
RESULT: {"script":"<script> [1562 bytes]","args":[{"selector":{"id":"application-manageresources-display-component---newResourceUnit--newRRUPage-anchBar-application-manageresources-display-component---newResourceUnit--control-anchor","interaction":{"idSuffix":"BDI-content"}},"wdio_ui5_key":"applicationmanageresources-display-component---newResourceUnit--newRRUPage-anchBar-application-manageresources-display-component---newResourceUnit--control-anchor"}]}
RESULT: undefined
COMMAND: POST /session/fa1966063a4db30dbf2f999955ebc217/element - {"using":"xpath","value":"//*[@id=\"application-manageresources-display-component---newResourceUnit--newRRUPage-anchBar-application-manageresources-display-component---newResourceUnit--control-anchor\"]"}
RESULT: {"using":"xpath","value":"//*[@id=\"application-manageresources-display-component---newResourceUnit--newRRUPage-anchBar-application-manageresources-display-component---newResourceUnit--control-anchor\"]"}
COMMAND: POST /session/fa1966063a4db30dbf2f999955ebc217/element/f.8EF3D0D450A4EB0CE4D2D51640C2B842.d.E9BF4756734026997092CB3655203005.e.4795/click - {}
RESULT: {}
COMMAND: POST /session/fa1966063a4db30dbf2f999955ebc217/execute/async - {"script":"<script> [1562 bytes]","args":[{"selector":{"id":"application-manageresources-display-component---newResourceUnit--PLANNING_GROUP","interaction":{"idSuffix":"inner"}},"wdio_ui5_key":"applicationmanageresources-display-component---newResourceUnit--PLANNING_GROUP"}]}
COMMAND: GET /session/fa1966063a4db30dbf2f999955ebc217/screenshot - {}
RESULT: {"script":"<script> [1562 bytes]","args":[{"selector":{"id":"application-manageresources-display-component---newResourceUnit--PLANNING_GROUP","interaction":{"idSuffix":"inner"}},"wdio_ui5_key":"applicationmanageresources-display-component---newResourceUnit--PLANNING_GROUP"}]}
RESULT: undefined
COMMAND: POST /session/fa1966063a4db30dbf2f999955ebc217/execute/async - {"script":"<script> [776 bytes]","args":[{"enterText":"Heavy Equi","selector":{"id":"application-manageresources-display-component---newResourceUnit--PLANNING_GROUP","interaction":{"idSuffix":"inner"}},"clearTextFirst":true,"interactionType":"ENTER_TEXT"}]}
RESULT: {}
RESULT: {"script":"<script> [776 bytes]","args":[{"enterText":"Heavy Equi","selector":{"id":"application-manageresources-display-component---newResourceUnit--PLANNING_GROUP","interaction":{"idSuffix":"inner"}},"clearTextFirst":true,"interactionType":"ENTER_TEXT"}]}
COMMAND: POST /session/fa1966063a4db30dbf2f999955ebc217/execute/async - {"script":"<script> [1562 bytes]","args":[{"selector":{"id":"application-manageresources-display-component---newResourceUnit--ITEM_TYPE-arrow"},"wdio_ui5_key":"applicationmanageresources-display-component---newResourceUnit--ITEM_TYPE-arrow"}]}
RESULT: {"script":"<script> [1562 bytes]","args":[{"selector":{"id":"application-manageresources-display-component---newResourceUnit--ITEM_TYPE-arrow"},"wdio_ui5_key":"applicationmanageresources-display-component---newResourceUnit--ITEM_TYPE-arrow"}]}
RESULT: undefined
COMMAND: POST /session/fa1966063a4db30dbf2f999955ebc217/element - {"using":"xpath","value":"//*[@id=\"application-manageresources-display-component---newResourceUnit--ITEM_TYPE-arrow\"]"}
RESULT: {"using":"xpath","value":"//*[@id=\"application-manageresources-display-component---newResourceUnit--ITEM_TYPE-arrow\"]"}
COMMAND: POST /session/fa1966063a4db30dbf2f999955ebc217/element/f.8EF3D0D450A4EB0CE4D2D51640C2B842.d.E9BF4756734026997092CB3655203005.e.4804/click - {}
RESULT: {}
COMMAND: POST /session/fa1966063a4db30dbf2f999955ebc217/element - {"using":"xpath","value":"(//span[contains(text(), \"Resource Unit\")])[2]"}
COMMAND: GET /session/fa1966063a4db30dbf2f999955ebc217/screenshot - {}
RESULT: {"using":"xpath","value":"(//span[contains(text(), \"Resource Unit\")])[2]"}
COMMAND: POST /session/fa1966063a4db30dbf2f999955ebc217/element/f.8EF3D0D450A4EB0CE4D2D51640C2B842.d.E9BF4756734026997092CB3655203005.e.4805/click - {}
RESULT: {}
RESULT: {}
COMMAND: GET /session/fa1966063a4db30dbf2f999955ebc217/screenshot - {}
RESULT: {}
COMMAND: POST /session/fa1966063a4db30dbf2f999955ebc217/element - {"using":"css selector","value":"#application-manageresources-display-component---newResourceUnit--btnAddTimeSegment"}
RESULT: {"using":"css selector","value":"#application-manageresources-display-component---newResourceUnit--btnAddTimeSegment"}
COMMAND: GET /session/fa1966063a4db30dbf2f999955ebc217/element/f.8EF3D0D450A4EB0CE4D2D51640C2B842.d.E9BF4756734026997092CB3655203005.e.4812/rect - {}
RESULT: {}
COMMAND: GET /session/fa1966063a4db30dbf2f999955ebc217/window/rect - {}
RESULT: {}
COMMAND: POST /session/fa1966063a4db30dbf2f999955ebc217/execute/sync - {"script":"<script> [92 bytes]","args":[]}
RESULT: {"script":"<script> [92 bytes]","args":[]}
COMMAND: POST /session/fa1966063a4db30dbf2f999955ebc217/actions - {"actions":[{"id":"action9","type":"wheel","parameters":{},"actions":[{"type":"scroll","x":-1888,"y":-32,"deltaX":0,"deltaY":0,"duration":0,"origin":{"element-6066-11e4-a52e-4f735466cecf":"f.8EF3D0D450A4EB0CE4D2D51640C2B842.d.E9BF4756734026997092CB3655203005.e.4812"}}]}]}
COMMAND: GET /session/fa1966063a4db30dbf2f999955ebc217/screenshot - {}
RESULT: {}
COMMAND: POST /session/fa1966063a4db30dbf2f999955ebc217/execute/sync - {"script":"<script> [79 bytes]","args":[{"element-6066-11e4-a52e-4f735466cecf":"f.8EF3D0D450A4EB0CE4D2D51640C2B842.d.E9BF4756734026997092CB3655203005.e.4812","ELEMENT":"f.8EF3D0D450A4EB0CE4D2D51640C2B842.d.E9BF4756734026997092CB3655203005.e.4812"},{"block":"start","inline":"nearest"}]}
RESULT: {"script":"<script> [79 bytes]","args":[{"element-6066-11e4-a52e-4f735466cecf":"f.8EF3D0D450A4EB0CE4D2D51640C2B842.d.E9BF4756734026997092CB3655203005.e.4812","ELEMENT":"f.8EF3D0D450A4EB0CE4D2D51640C2B842.d.E9BF4756734026997092CB3655203005.e.4812"},{"block":"start","inline":"nearest"}]}
COMMAND: POST /session/fa1966063a4db30dbf2f999955ebc217/execute/async - {"script":"<script> [1562 bytes]","args":[{"selector":{"id":"application-manageresources-display-component---newResourceUnit--btnAddTimeSegment","interaction":{"idSuffix":"inner"}},"wdio_ui5_key":"applicationmanageresources-display-component---newResourceUnit--btnAddTimeSegment"}]}
COMMAND: GET /session/fa1966063a4db30dbf2f999955ebc217/screenshot - {}
RESULT: {"script":"<script> [1562 bytes]","args":[{"selector":{"id":"application-manageresources-display-component---newResourceUnit--btnAddTimeSegment","interaction":{"idSuffix":"inner"}},"wdio_ui5_key":"applicationmanageresources-display-component---newResourceUnit--btnAddTimeSegment"}]}
RESULT: undefined
COMMAND: POST /session/fa1966063a4db30dbf2f999955ebc217/element - {"using":"xpath","value":"//*[@id=\"application-manageresources-display-component---newResourceUnit--btnAddTimeSegment\"]"}
RESULT: {}
RESULT: {"using":"xpath","value":"//*[@id=\"application-manageresources-display-component---newResourceUnit--btnAddTimeSegment\"]"}
COMMAND: POST /session/fa1966063a4db30dbf2f999955ebc217/element/f.8EF3D0D450A4EB0CE4D2D51640C2B842.d.E9BF4756734026997092CB3655203005.e.4812/click - {}
RESULT: {}
COMMAND: GET /session/fa1966063a4db30dbf2f999955ebc217/screenshot - {}
RESULT: {}
COMMAND: POST /session/fa1966063a4db30dbf2f999955ebc217/element - {"using":"xpath","value":"//input[@id=\"application-manageresources-display-component---newResourceUnit--idRuTSAdmin-application-manageresources-display-component---newResourceUnit--RUTimeSegment-0-inner\"]"}
RESULT: {"using":"xpath","value":"//input[@id=\"application-manageresources-display-component---newResourceUnit--idRuTSAdmin-application-manageresources-display-component---newResourceUnit--RUTimeSegment-0-inner\"]"}
COMMAND: POST /session/fa1966063a4db30dbf2f999955ebc217/element/f.8EF3D0D450A4EB0CE4D2D51640C2B842.d.E9BF4756734026997092CB3655203005.e.4818/clear - {}
RESULT: {}
COMMAND: POST /session/fa1966063a4db30dbf2f999955ebc217/element/f.8EF3D0D450A4EB0CE4D2D51640C2B842.d.E9BF4756734026997092CB3655203005.e.4818/value - {"text":"255"}
COMMAND: GET /session/fa1966063a4db30dbf2f999955ebc217/screenshot - {}
RESULT: {"text":"255"}
COMMAND: GET /session/fa1966063a4db30dbf2f999955ebc217/screenshot - {}
RESULT: {}
RESULT: {}
COMMAND: POST /session/fa1966063a4db30dbf2f999955ebc217/element - {"using":"xpath","value":"//li[.//span[text()='255']]"}
RESULT: {"using":"xpath","value":"//li[.//span[text()='255']]"}
COMMAND: POST /session/fa1966063a4db30dbf2f999955ebc217/element/f.8EF3D0D450A4EB0CE4D2D51640C2B842.d.E9BF4756734026997092CB3655203005.e.4830/click - {}
RESULT: {}
COMMAND: GET /session/fa1966063a4db30dbf2f999955ebc217/screenshot - {}
RESULT: {}
COMMAND: POST /session/fa1966063a4db30dbf2f999955ebc217/element - {"using":"xpath","value":"(//span[contains(@id, \"-application-manageresources-display-component---newResourceUnit--RUTimeSegment-0-arrow\")])[6]"}
RESULT: {"using":"xpath","value":"(//span[contains(@id, \"-application-manageresources-display-component---newResourceUnit--RUTimeSegment-0-arrow\")])[6]"}
COMMAND: POST /session/fa1966063a4db30dbf2f999955ebc217/element/f.8EF3D0D450A4EB0CE4D2D51640C2B842.d.E9BF4756734026997092CB3655203005.e.4831/click - {}
RESULT: {}
COMMAND: GET /session/fa1966063a4db30dbf2f999955ebc217/screenshot - {}
RESULT: {}
COMMAND: POST /session/fa1966063a4db30dbf2f999955ebc217/element - {"using":"xpath","value":"//span[contains(text(), \"PM Order\")]"}
RESULT: {"using":"xpath","value":"//span[contains(text(), \"PM Order\")]"}
COMMAND: POST /session/fa1966063a4db30dbf2f999955ebc217/element/f.8EF3D0D450A4EB0CE4D2D51640C2B842.d.E9BF4756734026997092CB3655203005.e.4834/click - {}
RESULT: {}
COMMAND: GET /session/fa1966063a4db30dbf2f999955ebc217/screenshot - {}
RESULT: {}
COMMAND: POST /session/fa1966063a4db30dbf2f999955ebc217/element - {"using":"xpath","value":"(//span[contains(@id ,\"manageresources-display-component---newResourceUnit--RUTimeSegment-0-vhi\")])[1]"}
RESULT: {"using":"xpath","value":"(//span[contains(@id ,\"manageresources-display-component---newResourceUnit--RUTimeSegment-0-vhi\")])[1]"}
COMMAND: GET /session/fa1966063a4db30dbf2f999955ebc217/element/f.8EF3D0D450A4EB0CE4D2D51640C2B842.d.E9BF4756734026997092CB3655203005.e.4838/rect - {}
RESULT: {}
COMMAND: GET /session/fa1966063a4db30dbf2f999955ebc217/window/rect - {}
RESULT: {}
COMMAND: POST /session/fa1966063a4db30dbf2f999955ebc217/execute/sync - {"script":"<script> [92 bytes]","args":[]}
RESULT: {"script":"<script> [92 bytes]","args":[]}
COMMAND: POST /session/fa1966063a4db30dbf2f999955ebc217/actions - {"actions":[{"id":"action10","type":"wheel","parameters":{},"actions":[{"type":"scroll","x":-869,"y":-24,"deltaX":0,"deltaY":0,"duration":0,"origin":{"element-6066-11e4-a52e-4f735466cecf":"f.8EF3D0D450A4EB0CE4D2D51640C2B842.d.E9BF4756734026997092CB3655203005.e.4838"}}]}]}
COMMAND: GET /session/fa1966063a4db30dbf2f999955ebc217/screenshot - {}
RESULT: {"actions":[{"id":"action10","type":"wheel","parameters":{},"actions":[{"type":"scroll","x":-869,"y":-24,"deltaX":0,"deltaY":0,"duration":0,"origin":{"element-6066-11e4-a52e-4f735466cecf":"f.8EF3D0D450A4EB0CE4D2D51640C2B842.d.E9BF4756734026997092CB3655203005.e.4838"}}]}]}
COMMAND: DELETE /session/fa1966063a4db30dbf2f999955ebc217/actions - {}
COMMAND: GET /session/fa1966063a4db30dbf2f999955ebc217/screenshot - {}
RESULT: {}
RESULT: {}
COMMAND: GET /session/fa1966063a4db30dbf2f999955ebc217/screenshot - {}
RESULT: {}
RESULT: {}
COMMAND: POST /session/fa1966063a4db30dbf2f999955ebc217/element/f.8EF3D0D450A4EB0CE4D2D51640C2B842.d.E9BF4756734026997092CB3655203005.e.4838/click - {}
RESULT: {}
COMMAND: GET /session/fa1966063a4db30dbf2f999955ebc217/screenshot - {}
RESULT: {}
RESULT: undefined
COMMAND: POST /session/fa1966063a4db30dbf2f999955ebc217/execute/async - {"script":"<script> [776 bytes]","args":[{"enterText":"4000360","selector":{"controlType":"sap.m.SearchField","properties":{"placeholder":"Search"},"searchOpenDialogs":true,"interaction":{"idSuffix":"I"}},"clearTextFirst":true,"interactionType":"ENTER_TEXT"}]}
RESULT: {"script":"<script> [776 bytes]","args":[{"enterText":"4000360","selector":{"controlType":"sap.m.SearchField","properties":{"placeholder":"Search"},"searchOpenDialogs":true,"interaction":{"idSuffix":"I"}},"clearTextFirst":true,"interactionType":"ENTER_TEXT"}]}
COMMAND: POST /session/fa1966063a4db30dbf2f999955ebc217/actions - {"actions":[{"id":"action11","type":"key","parameters":{},"actions":[{"type":"keyDown","value":""},{"type":"pause","duration":10},{"type":"keyUp","value":""}]}]}
RESULT: {"actions":[{"id":"action11","type":"key","parameters":{},"actions":[{"type":"keyDown","value":""},{"type":"pause","duration":10},{"type":"keyUp","value":""}]}]}
COMMAND: GET /session/fa1966063a4db30dbf2f999955ebc217/screenshot - {}
RESULT: {}
COMMAND: POST /session/fa1966063a4db30dbf2f999955ebc217/element - {"using":"xpath","value":"//td/div/span[contains(text(), \"BGL Vehicles\")]"}
RESULT: {"using":"xpath","value":"//td/div/span[contains(text(), \"BGL Vehicles\")]"}
COMMAND: POST /session/fa1966063a4db30dbf2f999955ebc217/element/f.8EF3D0D450A4EB0CE4D2D51640C2B842.d.E9BF4756734026997092CB3655203005.e.4858/click - {}
RESULT: {}
COMMAND: GET /session/fa1966063a4db30dbf2f999955ebc217/screenshot - {}
RESULT: {}
COMMAND: POST /session/fa1966063a4db30dbf2f999955ebc217/element - {"using":"xpath","value":"//bdi[contains(text(), \"OK\")]"}
RESULT: {"using":"xpath","value":"//bdi[contains(text(), \"OK\")]"}
COMMAND: POST /session/fa1966063a4db30dbf2f999955ebc217/element/f.8EF3D0D450A4EB0CE4D2D51640C2B842.d.E9BF4756734026997092CB3655203005.e.4859/click - {}
RESULT: {}
COMMAND: GET /session/fa1966063a4db30dbf2f999955ebc217/screenshot - {}
RESULT: {}
COMMAND: POST /session/fa1966063a4db30dbf2f999955ebc217/execute/async - {"script":"<script> [1562 bytes]","args":[{"selector":{"id":"application-manageresources-display-component---newResourceUnit--newRRUPage-anchBar-application-manageresources-display-component---newResourceUnit--resource-anchor","interaction":{"idSuffix":"BDI-content"}},"wdio_ui5_key":"applicationmanageresources-display-component---newResourceUnit--newRRUPage-anchBar-application-manageresources-display-component---newResourceUnit--resource-anchor"}]}
RESULT: {"script":"<script> [1562 bytes]","args":[{"selector":{"id":"application-manageresources-display-component---newResourceUnit--newRRUPage-anchBar-application-manageresources-display-component---newResourceUnit--resource-anchor","interaction":{"idSuffix":"BDI-content"}},"wdio_ui5_key":"applicationmanageresources-display-component---newResourceUnit--newRRUPage-anchBar-application-manageresources-display-component---newResourceUnit--resource-anchor"}]}
RESULT: undefined
COMMAND: POST /session/fa1966063a4db30dbf2f999955ebc217/element - {"using":"xpath","value":"//*[@id=\"application-manageresources-display-component---newResourceUnit--newRRUPage-anchBar-application-manageresources-display-component---newResourceUnit--resource-anchor\"]"}
RESULT: {"using":"xpath","value":"//*[@id=\"application-manageresources-display-component---newResourceUnit--newRRUPage-anchBar-application-manageresources-display-component---newResourceUnit--resource-anchor\"]"}
COMMAND: POST /session/fa1966063a4db30dbf2f999955ebc217/element/f.8EF3D0D450A4EB0CE4D2D51640C2B842.d.E9BF4756734026997092CB3655203005.e.4863/click - {}
RESULT: {}
COMMAND: POST /session/fa1966063a4db30dbf2f999955ebc217/execute/async - {"script":"<script> [1562 bytes]","args":[{"selector":{"id":"application-manageresources-display-component---newResourceUnit--PLANNED_DELIVERY_DATE","interaction":{"idSuffix":"inner"}},"wdio_ui5_key":"applicationmanageresources-display-component---newResourceUnit--PLANNED_DELIVERY_DATE"}]}
COMMAND: GET /session/fa1966063a4db30dbf2f999955ebc217/screenshot - {}
RESULT: {"script":"<script> [1562 bytes]","args":[{"selector":{"id":"application-manageresources-display-component---newResourceUnit--PLANNED_DELIVERY_DATE","interaction":{"idSuffix":"inner"}},"wdio_ui5_key":"applicationmanageresources-display-component---newResourceUnit--PLANNED_DELIVERY_DATE"}]}
RESULT: undefined
COMMAND: POST /session/fa1966063a4db30dbf2f999955ebc217/execute/async - {"script":"<script> [6424 bytes]","args":[{"element-6066-11e4-a52e-4f735466cecf":"f.8EF3D0D450A4EB0CE4D2D51640C2B842.d.E9BF4756734026997092CB3655203005.e.4694"},"setValue",["5/24/25"]]}
RESULT: {}
RESULT: {"script":"<script> [6424 bytes]","args":[{"element-6066-11e4-a52e-4f735466cecf":"f.8EF3D0D450A4EB0CE4D2D51640C2B842.d.E9BF4756734026997092CB3655203005.e.4694"},"setValue",["5/24/25"]]}
COMMAND: POST /session/fa1966063a4db30dbf2f999955ebc217/element - {"using":"xpath","value":"//label[contains(@class, 'sapMLabelRequired') and .//bdi[contains(text(), 'Planned Retirement')]]"}
RESULT: {"using":"xpath","value":"//label[contains(@class, 'sapMLabelRequired') and .//bdi[contains(text(), 'Planned Retirement')]]"}
COMMAND: POST /session/fa1966063a4db30dbf2f999955ebc217/elements - {"using":"xpath","value":"//label[contains(@class, 'sapMLabelRequired') and .//bdi[contains(text(), 'Planned Retirement')]]"}
RESULT: {"using":"xpath","value":"//label[contains(@class, 'sapMLabelRequired') and .//bdi[contains(text(), 'Planned Retirement')]]"}
COMMAND: POST /session/fa1966063a4db30dbf2f999955ebc217/element - {"using":"xpath","value":"//button[@data-kt=\"resourceUnitSaveButton\"]"}
RESULT: {"using":"xpath","value":"//button[@data-kt=\"resourceUnitSaveButton\"]"}
COMMAND: POST /session/fa1966063a4db30dbf2f999955ebc217/element/f.8EF3D0D450A4EB0CE4D2D51640C2B842.d.E9BF4756734026997092CB3655203005.e.4654/click - {}
RESULT: {}
COMMAND: GET /session/fa1966063a4db30dbf2f999955ebc217/screenshot - {}
RESULT: {}
COMMAND: POST /session/fa1966063a4db30dbf2f999955ebc217/element - {"using":"xpath","value":"//bdi[contains(text(), \"Close\")]"}
RESULT: {"using":"xpath","value":"//bdi[contains(text(), \"Close\")]"}
COMMAND: POST /session/fa1966063a4db30dbf2f999955ebc217/element/f.8EF3D0D450A4EB0CE4D2D51640C2B842.d.E9BF4756734026997092CB3655203005.e.4874/click - {}
RESULT: {}
COMMAND: GET /session/fa1966063a4db30dbf2f999955ebc217/screenshot - {}
RESULT: {}
COMMAND: POST /session/fa1966063a4db30dbf2f999955ebc217/element - {"using":"xpath","value":"(//button[contains(@id ,\"actionsToolbar-overflowButton\")])[1]"}
RESULT: {"using":"xpath","value":"(//button[contains(@id ,\"actionsToolbar-overflowButton\")])[1]"}
COMMAND: POST /session/fa1966063a4db30dbf2f999955ebc217/element/f.8EF3D0D450A4EB0CE4D2D51640C2B842.d.E9BF4756734026997092CB3655203005.e.4931/click - {}
RESULT: {}
COMMAND: GET /session/fa1966063a4db30dbf2f999955ebc217/screenshot - {}
RESULT: {}
COMMAND: POST /session/fa1966063a4db30dbf2f999955ebc217/element - {"using":"xpath","value":"//button[@data-kt=\"priceInfoButton\"]"}
RESULT: {"using":"xpath","value":"//button[@data-kt=\"priceInfoButton\"]"}
COMMAND: POST /session/fa1966063a4db30dbf2f999955ebc217/element/f.8EF3D0D450A4EB0CE4D2D51640C2B842.d.E9BF4756734026997092CB3655203005.e.4933/click - {}
RESULT: {}
COMMAND: GET /session/fa1966063a4db30dbf2f999955ebc217/screenshot - {}
RESULT: {}
]]></system-out>
    </testcase>
    <testcase classname="chrome.136_0_7103_93.windows.Billing_Transfer_-_Master_data_&amp;_Intercompany_US127250" name="Should create new pricing rule TB on the equipment TB" time="65.151">
      <system-out><![CDATA[
COMMAND: POST /session/fa1966063a4db30dbf2f999955ebc217/element - {"using":"xpath","value":"//button[@data-kt=\"addButton\"]"}
RESULT: {"using":"xpath","value":"//button[@data-kt=\"addButton\"]"}
COMMAND: POST /session/fa1966063a4db30dbf2f999955ebc217/elements - {"using":"xpath","value":"//button[@data-kt=\"addButton\"]"}
RESULT: {"using":"xpath","value":"//button[@data-kt=\"addButton\"]"}
COMMAND: POST /session/fa1966063a4db30dbf2f999955ebc217/execute/sync - {"script":"<script> [8489 bytes]","args":[{"element-6066-11e4-a52e-4f735466cecf":"f.8EF3D0D450A4EB0CE4D2D51640C2B842.d.E9BF4756734026997092CB3655203005.e.4972","ELEMENT":"f.8EF3D0D450A4EB0CE4D2D51640C2B842.d.E9BF4756734026997092CB3655203005.e.4972"}]}
RESULT: {"script":"<script> [8489 bytes]","args":[{"element-6066-11e4-a52e-4f735466cecf":"f.8EF3D0D450A4EB0CE4D2D51640C2B842.d.E9BF4756734026997092CB3655203005.e.4972","ELEMENT":"f.8EF3D0D450A4EB0CE4D2D51640C2B842.d.E9BF4756734026997092CB3655203005.e.4972"}]}
COMMAND: GET /session/fa1966063a4db30dbf2f999955ebc217/element/f.8EF3D0D450A4EB0CE4D2D51640C2B842.d.E9BF4756734026997092CB3655203005.e.4972/enabled - {}
COMMAND: GET /session/fa1966063a4db30dbf2f999955ebc217/screenshot - {}
RESULT: {}
COMMAND: POST /session/fa1966063a4db30dbf2f999955ebc217/execute/sync - {"script":"<script> [8489 bytes]","args":[{"element-6066-11e4-a52e-4f735466cecf":"f.8EF3D0D450A4EB0CE4D2D51640C2B842.d.E9BF4756734026997092CB3655203005.e.4972","ELEMENT":"f.8EF3D0D450A4EB0CE4D2D51640C2B842.d.E9BF4756734026997092CB3655203005.e.4972"}]}
COMMAND: GET /session/fa1966063a4db30dbf2f999955ebc217/screenshot - {}
RESULT: {}
RESULT: {"script":"<script> [8489 bytes]","args":[{"element-6066-11e4-a52e-4f735466cecf":"f.8EF3D0D450A4EB0CE4D2D51640C2B842.d.E9BF4756734026997092CB3655203005.e.4972","ELEMENT":"f.8EF3D0D450A4EB0CE4D2D51640C2B842.d.E9BF4756734026997092CB3655203005.e.4972"}]}
COMMAND: POST /session/fa1966063a4db30dbf2f999955ebc217/execute/sync - {"script":"<script> [5351 bytes]","args":[{"element-6066-11e4-a52e-4f735466cecf":"f.8EF3D0D450A4EB0CE4D2D51640C2B842.d.E9BF4756734026997092CB3655203005.e.4972","ELEMENT":"f.8EF3D0D450A4EB0CE4D2D51640C2B842.d.E9BF4756734026997092CB3655203005.e.4972"}]}
COMMAND: GET /session/fa1966063a4db30dbf2f999955ebc217/screenshot - {}
RESULT: {}
RESULT: {"script":"<script> [5351 bytes]","args":[{"element-6066-11e4-a52e-4f735466cecf":"f.8EF3D0D450A4EB0CE4D2D51640C2B842.d.E9BF4756734026997092CB3655203005.e.4972","ELEMENT":"f.8EF3D0D450A4EB0CE4D2D51640C2B842.d.E9BF4756734026997092CB3655203005.e.4972"}]}
COMMAND: POST /session/fa1966063a4db30dbf2f999955ebc217/element/f.8EF3D0D450A4EB0CE4D2D51640C2B842.d.E9BF4756734026997092CB3655203005.e.4972/click - {}
COMMAND: GET /session/fa1966063a4db30dbf2f999955ebc217/screenshot - {}
RESULT: {}
RESULT: {}
COMMAND: GET /session/fa1966063a4db30dbf2f999955ebc217/screenshot - {}
RESULT: {}
RESULT: {}
COMMAND: POST /session/fa1966063a4db30dbf2f999955ebc217/execute/async - {"script":"<script> [1562 bytes]","args":[{"selector":{"controlType":"sap.m.Title","viewName":"etm.portal.ui.managepricingrules.view.NewItem","viewId":"application-managepricingrules-display-component---newInfoPriceItem","properties":{"text":"New Pricing Rules - Item Level"}},"wdio_ui5_key":"etmportal.ui.managepricingrules.view.NewItemsap.m.Title{\"text\":\"New Pricing Rules - Item Level\"}"}]}
RESULT: {"script":"<script> [1562 bytes]","args":[{"selector":{"controlType":"sap.m.Title","viewName":"etm.portal.ui.managepricingrules.view.NewItem","viewId":"application-managepricingrules-display-component---newInfoPriceItem","properties":{"text":"New Pricing Rules - Item Level"}},"wdio_ui5_key":"etmportal.ui.managepricingrules.view.NewItemsap.m.Title{\"text\":\"New Pricing Rules - Item Level\"}"}]}
RESULT: undefined
COMMAND: POST /session/fa1966063a4db30dbf2f999955ebc217/execute/async - {"script":"<script> [6424 bytes]","args":[{"element-6066-11e4-a52e-4f735466cecf":"f.8EF3D0D450A4EB0CE4D2D51640C2B842.d.E9BF4756734026997092CB3655203005.e.5143"},"getText",[]]}
RESULT: {"script":"<script> [6424 bytes]","args":[{"element-6066-11e4-a52e-4f735466cecf":"f.8EF3D0D450A4EB0CE4D2D51640C2B842.d.E9BF4756734026997092CB3655203005.e.5143"},"getText",[]]}
COMMAND: POST /session/fa1966063a4db30dbf2f999955ebc217/execute/async - {"script":"<script> [1562 bytes]","args":[{"selector":{"id":"application-managepricingrules-display-component---newInfoPriceItem--condValidTo","interaction":{"idSuffix":"inner"}},"wdio_ui5_key":"applicationmanagepricingrules-display-component---newInfoPriceItem--condValidTo"}]}
RESULT: {"script":"<script> [1562 bytes]","args":[{"selector":{"id":"application-managepricingrules-display-component---newInfoPriceItem--condValidTo","interaction":{"idSuffix":"inner"}},"wdio_ui5_key":"applicationmanagepricingrules-display-component---newInfoPriceItem--condValidTo"}]}
RESULT: undefined
COMMAND: POST /session/fa1966063a4db30dbf2f999955ebc217/execute/async - {"script":"<script> [776 bytes]","args":[{"enterText":"1/24/26","selector":{"id":"application-managepricingrules-display-component---newInfoPriceItem--condValidTo","interaction":{"idSuffix":"inner"}},"clearTextFirst":true,"interactionType":"ENTER_TEXT"}]}
RESULT: {"script":"<script> [776 bytes]","args":[{"enterText":"1/24/26","selector":{"id":"application-managepricingrules-display-component---newInfoPriceItem--condValidTo","interaction":{"idSuffix":"inner"}},"clearTextFirst":true,"interactionType":"ENTER_TEXT"}]}
COMMAND: POST /session/fa1966063a4db30dbf2f999955ebc217/execute/async - {"script":"<script> [1562 bytes]","args":[{"selector":{"id":"application-managepricingrules-display-component---newInfoPriceItem--billType-arrow"},"wdio_ui5_key":"applicationmanagepricingrules-display-component---newInfoPriceItem--billType-arrow"}]}
RESULT: {"script":"<script> [1562 bytes]","args":[{"selector":{"id":"application-managepricingrules-display-component---newInfoPriceItem--billType-arrow"},"wdio_ui5_key":"applicationmanagepricingrules-display-component---newInfoPriceItem--billType-arrow"}]}
RESULT: undefined
COMMAND: POST /session/fa1966063a4db30dbf2f999955ebc217/element - {"using":"xpath","value":"//*[@id=\"application-managepricingrules-display-component---newInfoPriceItem--billType-arrow\"]"}
RESULT: {"using":"xpath","value":"//*[@id=\"application-managepricingrules-display-component---newInfoPriceItem--billType-arrow\"]"}
COMMAND: POST /session/fa1966063a4db30dbf2f999955ebc217/element/f.8EF3D0D450A4EB0CE4D2D51640C2B842.d.E9BF4756734026997092CB3655203005.e.5102/click - {}
RESULT: {}
COMMAND: POST /session/fa1966063a4db30dbf2f999955ebc217/element - {"using":"xpath","value":"//span[contains(text(), \"TB - Time based\")]"}
COMMAND: GET /session/fa1966063a4db30dbf2f999955ebc217/screenshot - {}
RESULT: {"using":"xpath","value":"//span[contains(text(), \"TB - Time based\")]"}
COMMAND: POST /session/fa1966063a4db30dbf2f999955ebc217/element/f.8EF3D0D450A4EB0CE4D2D51640C2B842.d.E9BF4756734026997092CB3655203005.e.5145/click - {}
RESULT: {}
RESULT: {}
COMMAND: POST /session/fa1966063a4db30dbf2f999955ebc217/execute/async - {"script":"<script> [1562 bytes]","args":[{"selector":{"id":"application-managepricingrules-display-component---newInfoPriceItem--priceProc-arrow"},"wdio_ui5_key":"applicationmanagepricingrules-display-component---newInfoPriceItem--priceProc-arrow"}]}
COMMAND: GET /session/fa1966063a4db30dbf2f999955ebc217/screenshot - {}
RESULT: {"script":"<script> [1562 bytes]","args":[{"selector":{"id":"application-managepricingrules-display-component---newInfoPriceItem--priceProc-arrow"},"wdio_ui5_key":"applicationmanagepricingrules-display-component---newInfoPriceItem--priceProc-arrow"}]}
RESULT: undefined
COMMAND: POST /session/fa1966063a4db30dbf2f999955ebc217/element - {"using":"xpath","value":"//*[@id=\"application-managepricingrules-display-component---newInfoPriceItem--priceProc-arrow\"]"}
RESULT: {}
RESULT: {"using":"xpath","value":"//*[@id=\"application-managepricingrules-display-component---newInfoPriceItem--priceProc-arrow\"]"}
COMMAND: POST /session/fa1966063a4db30dbf2f999955ebc217/element/f.8EF3D0D450A4EB0CE4D2D51640C2B842.d.E9BF4756734026997092CB3655203005.e.5109/click - {}
RESULT: {}
COMMAND: POST /session/fa1966063a4db30dbf2f999955ebc217/element - {"using":"xpath","value":"//span[contains(text(), \"TBS - Time based standard\")]"}
COMMAND: GET /session/fa1966063a4db30dbf2f999955ebc217/screenshot - {}
RESULT: {"using":"xpath","value":"//span[contains(text(), \"TBS - Time based standard\")]"}
COMMAND: POST /session/fa1966063a4db30dbf2f999955ebc217/element/f.8EF3D0D450A4EB0CE4D2D51640C2B842.d.E9BF4756734026997092CB3655203005.e.5146/click - {}
RESULT: {}
RESULT: {}
COMMAND: POST /session/fa1966063a4db30dbf2f999955ebc217/execute/async - {"script":"<script> [1562 bytes]","args":[{"selector":{"id":"application-managepricingrules-display-component---newInfoPriceItem--calcBase-arrow"},"wdio_ui5_key":"applicationmanagepricingrules-display-component---newInfoPriceItem--calcBase-arrow"}]}
COMMAND: GET /session/fa1966063a4db30dbf2f999955ebc217/screenshot - {}
RESULT: {"script":"<script> [1562 bytes]","args":[{"selector":{"id":"application-managepricingrules-display-component---newInfoPriceItem--calcBase-arrow"},"wdio_ui5_key":"applicationmanagepricingrules-display-component---newInfoPriceItem--calcBase-arrow"}]}
RESULT: undefined
COMMAND: POST /session/fa1966063a4db30dbf2f999955ebc217/element - {"using":"xpath","value":"//*[@id=\"application-managepricingrules-display-component---newInfoPriceItem--calcBase-arrow\"]"}
RESULT: {}
RESULT: {"using":"xpath","value":"//*[@id=\"application-managepricingrules-display-component---newInfoPriceItem--calcBase-arrow\"]"}
COMMAND: POST /session/fa1966063a4db30dbf2f999955ebc217/element/f.8EF3D0D450A4EB0CE4D2D51640C2B842.d.E9BF4756734026997092CB3655203005.e.5116/click - {}
RESULT: {}
COMMAND: GET /session/fa1966063a4db30dbf2f999955ebc217/screenshot - {}
RESULT: {}
COMMAND: POST /session/fa1966063a4db30dbf2f999955ebc217/element - {"using":"xpath","value":"//span[contains(text(), \"0006 - TB(calendar days)\")]"}
RESULT: {"using":"xpath","value":"//span[contains(text(), \"0006 - TB(calendar days)\")]"}
COMMAND: POST /session/fa1966063a4db30dbf2f999955ebc217/element/f.8EF3D0D450A4EB0CE4D2D51640C2B842.d.E9BF4756734026997092CB3655203005.e.5147/click - {}
RESULT: {}
COMMAND: GET /session/fa1966063a4db30dbf2f999955ebc217/screenshot - {}
RESULT: {}
COMMAND: POST /session/fa1966063a4db30dbf2f999955ebc217/execute/async - {"script":"<script> [1562 bytes]","args":[{"selector":{"id":"application-managepricingrules-display-component---newInfoPriceItem--daysMonth","interaction":{"idSuffix":"inner"}},"wdio_ui5_key":"applicationmanagepricingrules-display-component---newInfoPriceItem--daysMonth"}]}
RESULT: {"script":"<script> [1562 bytes]","args":[{"selector":{"id":"application-managepricingrules-display-component---newInfoPriceItem--daysMonth","interaction":{"idSuffix":"inner"}},"wdio_ui5_key":"applicationmanagepricingrules-display-component---newInfoPriceItem--daysMonth"}]}
RESULT: undefined
COMMAND: POST /session/fa1966063a4db30dbf2f999955ebc217/execute/async - {"script":"<script> [776 bytes]","args":[{"enterText":"30","selector":{"id":"application-managepricingrules-display-component---newInfoPriceItem--daysMonth","interaction":{"idSuffix":"inner"}},"clearTextFirst":true,"interactionType":"ENTER_TEXT"}]}
RESULT: {"script":"<script> [776 bytes]","args":[{"enterText":"30","selector":{"id":"application-managepricingrules-display-component---newInfoPriceItem--daysMonth","interaction":{"idSuffix":"inner"}},"clearTextFirst":true,"interactionType":"ENTER_TEXT"}]}
COMMAND: POST /session/fa1966063a4db30dbf2f999955ebc217/element - {"using":"xpath","value":"//button[@data-kt=\"saveNewRuleButton\"]"}
RESULT: {"using":"xpath","value":"//button[@data-kt=\"saveNewRuleButton\"]"}
COMMAND: POST /session/fa1966063a4db30dbf2f999955ebc217/element/f.8EF3D0D450A4EB0CE4D2D51640C2B842.d.E9BF4756734026997092CB3655203005.e.5136/click - {}
RESULT: {}
COMMAND: GET /session/fa1966063a4db30dbf2f999955ebc217/screenshot - {}
RESULT: {}
COMMAND: POST /session/fa1966063a4db30dbf2f999955ebc217/execute/async - {"script":"<script> [1562 bytes]","args":[{"selector":{"id":"application-managepricingrules-display-component---priceInfoItem--smartFilterBar-btnBasicSearch","interaction":{"idSuffix":"I"}},"wdio_ui5_key":"applicationmanagepricingrules-display-component---priceInfoItem--smartFilterBar-btnBasicSearch"}]}
RESULT: {"script":"<script> [1562 bytes]","args":[{"selector":{"id":"application-managepricingrules-display-component---priceInfoItem--smartFilterBar-btnBasicSearch","interaction":{"idSuffix":"I"}},"wdio_ui5_key":"applicationmanagepricingrules-display-component---priceInfoItem--smartFilterBar-btnBasicSearch"}]}
RESULT: undefined
COMMAND: POST /session/fa1966063a4db30dbf2f999955ebc217/execute/async - {"script":"<script> [776 bytes]","args":[{"enterText":"ewLwcdoCIE","selector":{"id":"application-managepricingrules-display-component---priceInfoItem--smartFilterBar-btnBasicSearch","interaction":{"idSuffix":"I"}},"clearTextFirst":true,"interactionType":"ENTER_TEXT"}]}
RESULT: {"script":"<script> [776 bytes]","args":[{"enterText":"ewLwcdoCIE","selector":{"id":"application-managepricingrules-display-component---priceInfoItem--smartFilterBar-btnBasicSearch","interaction":{"idSuffix":"I"}},"clearTextFirst":true,"interactionType":"ENTER_TEXT"}]}
COMMAND: POST /session/fa1966063a4db30dbf2f999955ebc217/actions - {"actions":[{"id":"action12","type":"key","parameters":{},"actions":[{"type":"keyDown","value":""},{"type":"pause","duration":10},{"type":"keyUp","value":""}]}]}
RESULT: {"actions":[{"id":"action12","type":"key","parameters":{},"actions":[{"type":"keyDown","value":""},{"type":"pause","duration":10},{"type":"keyUp","value":""}]}]}
COMMAND: GET /session/fa1966063a4db30dbf2f999955ebc217/screenshot - {}
RESULT: {}
COMMAND: POST /session/fa1966063a4db30dbf2f999955ebc217/element - {"using":"xpath","value":"//span[@id=\"application-managepricingrules-display-component---priceInfoItem--smartTable-header-inner\"]"}
RESULT: {"using":"xpath","value":"//span[@id=\"application-managepricingrules-display-component---priceInfoItem--smartTable-header-inner\"]"}
COMMAND: POST /session/fa1966063a4db30dbf2f999955ebc217/elements - {"using":"xpath","value":"//span[@id=\"application-managepricingrules-display-component---priceInfoItem--smartTable-header-inner\"]"}
RESULT: {"using":"xpath","value":"//span[@id=\"application-managepricingrules-display-component---priceInfoItem--smartTable-header-inner\"]"}
COMMAND: POST /session/fa1966063a4db30dbf2f999955ebc217/execute/sync - {"script":"<script> [56 bytes]","args":[{"element-6066-11e4-a52e-4f735466cecf":"f.8EF3D0D450A4EB0CE4D2D51640C2B842.d.E9BF4756734026997092CB3655203005.e.5172","ELEMENT":"f.8EF3D0D450A4EB0CE4D2D51640C2B842.d.E9BF4756734026997092CB3655203005.e.5172"}]}
RESULT: {"script":"<script> [56 bytes]","args":[{"element-6066-11e4-a52e-4f735466cecf":"f.8EF3D0D450A4EB0CE4D2D51640C2B842.d.E9BF4756734026997092CB3655203005.e.5172","ELEMENT":"f.8EF3D0D450A4EB0CE4D2D51640C2B842.d.E9BF4756734026997092CB3655203005.e.5172"}]}
COMMAND: POST /session/fa1966063a4db30dbf2f999955ebc217/element - {"using":"css selector","value":"#shell-header-logo"}
COMMAND: GET /session/fa1966063a4db30dbf2f999955ebc217/screenshot - {}
RESULT: {"using":"css selector","value":"#shell-header-logo"}
COMMAND: POST /session/fa1966063a4db30dbf2f999955ebc217/element/f.8EF3D0D450A4EB0CE4D2D51640C2B842.d.E9BF4756734026997092CB3655203005.e.4443/click - {}
RESULT: {}
RESULT: {}
COMMAND: GET /session/fa1966063a4db30dbf2f999955ebc217/screenshot - {}
RESULT: {}
]]></system-out>
    </testcase>
    <testcase classname="chrome.136_0_7103_93.windows.Billing_Transfer_-_Master_data_&amp;_Intercompany_US127250" name="Should create new condition for equipment TB" time="73.565">
      <system-out><![CDATA[
COMMAND: POST /session/fa1966063a4db30dbf2f999955ebc217/execute/async - {"script":"<script> [1562 bytes]","args":[{"selector":{"controlType":"sap.m.GenericTile","properties":{"header":"Manage Conditions & Prices"}},"wdio_ui5_key":"sapm.GenericTile{\"header\":\"Manage Conditions & Prices\"}"}]}
RESULT: {"script":"<script> [1562 bytes]","args":[{"selector":{"controlType":"sap.m.GenericTile","properties":{"header":"Manage Conditions & Prices"}},"wdio_ui5_key":"sapm.GenericTile{\"header\":\"Manage Conditions & Prices\"}"}]}
RESULT: undefined
COMMAND: POST /session/fa1966063a4db30dbf2f999955ebc217/element - {"using":"xpath","value":"//*[@id=\"__tile53\"]"}
RESULT: {"using":"xpath","value":"//*[@id=\"__tile53\"]"}
COMMAND: POST /session/fa1966063a4db30dbf2f999955ebc217/element/f.8EF3D0D450A4EB0CE4D2D51640C2B842.d.E9BF4756734026997092CB3655203005.e.2156/click - {}
RESULT: {}
COMMAND: GET /session/fa1966063a4db30dbf2f999955ebc217/screenshot - {}
RESULT: {}
COMMAND: POST /session/fa1966063a4db30dbf2f999955ebc217/elements - {"using":"xpath","value":"//span[text()='Error']"}
RESULT: {"using":"xpath","value":"//span[text()='Error']"}
COMMAND: POST /session/fa1966063a4db30dbf2f999955ebc217/element - {"using":"xpath","value":"//button[@aria-label=\"Create\"]"}
RESULT: {"using":"xpath","value":"//button[@aria-label=\"Create\"]"}
COMMAND: POST /session/fa1966063a4db30dbf2f999955ebc217/elements - {"using":"xpath","value":"//button[@aria-label=\"Create\"]"}
RESULT: {"using":"xpath","value":"//button[@aria-label=\"Create\"]"}
COMMAND: POST /session/fa1966063a4db30dbf2f999955ebc217/execute/sync - {"script":"<script> [8489 bytes]","args":[{"element-6066-11e4-a52e-4f735466cecf":"f.8EF3D0D450A4EB0CE4D2D51640C2B842.d.E9BF4756734026997092CB3655203005.e.5219","ELEMENT":"f.8EF3D0D450A4EB0CE4D2D51640C2B842.d.E9BF4756734026997092CB3655203005.e.5219"}]}
RESULT: {"script":"<script> [8489 bytes]","args":[{"element-6066-11e4-a52e-4f735466cecf":"f.8EF3D0D450A4EB0CE4D2D51640C2B842.d.E9BF4756734026997092CB3655203005.e.5219","ELEMENT":"f.8EF3D0D450A4EB0CE4D2D51640C2B842.d.E9BF4756734026997092CB3655203005.e.5219"}]}
COMMAND: GET /session/fa1966063a4db30dbf2f999955ebc217/element/f.8EF3D0D450A4EB0CE4D2D51640C2B842.d.E9BF4756734026997092CB3655203005.e.5219/enabled - {}
COMMAND: GET /session/fa1966063a4db30dbf2f999955ebc217/screenshot - {}
RESULT: {}
COMMAND: POST /session/fa1966063a4db30dbf2f999955ebc217/execute/sync - {"script":"<script> [8489 bytes]","args":[{"element-6066-11e4-a52e-4f735466cecf":"f.8EF3D0D450A4EB0CE4D2D51640C2B842.d.E9BF4756734026997092CB3655203005.e.5219","ELEMENT":"f.8EF3D0D450A4EB0CE4D2D51640C2B842.d.E9BF4756734026997092CB3655203005.e.5219"}]}
COMMAND: GET /session/fa1966063a4db30dbf2f999955ebc217/screenshot - {}
RESULT: {}
RESULT: {"script":"<script> [8489 bytes]","args":[{"element-6066-11e4-a52e-4f735466cecf":"f.8EF3D0D450A4EB0CE4D2D51640C2B842.d.E9BF4756734026997092CB3655203005.e.5219","ELEMENT":"f.8EF3D0D450A4EB0CE4D2D51640C2B842.d.E9BF4756734026997092CB3655203005.e.5219"}]}
COMMAND: POST /session/fa1966063a4db30dbf2f999955ebc217/execute/sync - {"script":"<script> [5351 bytes]","args":[{"element-6066-11e4-a52e-4f735466cecf":"f.8EF3D0D450A4EB0CE4D2D51640C2B842.d.E9BF4756734026997092CB3655203005.e.5219","ELEMENT":"f.8EF3D0D450A4EB0CE4D2D51640C2B842.d.E9BF4756734026997092CB3655203005.e.5219"}]}
COMMAND: GET /session/fa1966063a4db30dbf2f999955ebc217/screenshot - {}
RESULT: {}
RESULT: {"script":"<script> [5351 bytes]","args":[{"element-6066-11e4-a52e-4f735466cecf":"f.8EF3D0D450A4EB0CE4D2D51640C2B842.d.E9BF4756734026997092CB3655203005.e.5219","ELEMENT":"f.8EF3D0D450A4EB0CE4D2D51640C2B842.d.E9BF4756734026997092CB3655203005.e.5219"}]}
COMMAND: POST /session/fa1966063a4db30dbf2f999955ebc217/element/f.8EF3D0D450A4EB0CE4D2D51640C2B842.d.E9BF4756734026997092CB3655203005.e.5219/click - {}
COMMAND: GET /session/fa1966063a4db30dbf2f999955ebc217/screenshot - {}
RESULT: {}
RESULT: {}
COMMAND: GET /session/fa1966063a4db30dbf2f999955ebc217/screenshot - {}
RESULT: {}
RESULT: {}
COMMAND: POST /session/fa1966063a4db30dbf2f999955ebc217/actions - {"actions":[{"id":"action13","type":"key","parameters":{},"actions":[{"type":"keyDown","value":""},{"type":"pause","duration":10},{"type":"keyUp","value":""}]}]}
RESULT: {"actions":[{"id":"action13","type":"key","parameters":{},"actions":[{"type":"keyDown","value":""},{"type":"pause","duration":10},{"type":"keyUp","value":""}]}]}
COMMAND: GET /session/fa1966063a4db30dbf2f999955ebc217/screenshot - {}
RESULT: {}
COMMAND: POST /session/fa1966063a4db30dbf2f999955ebc217/execute/async - {"script":"<script> [1562 bytes]","args":[{"selector":{"id":"application-manageconditionprice-display-component---newCondition--condBillCond-arrow"},"wdio_ui5_key":"applicationmanageconditionprice-display-component---newCondition--condBillCond-arrow"}]}
RESULT: {"script":"<script> [1562 bytes]","args":[{"selector":{"id":"application-manageconditionprice-display-component---newCondition--condBillCond-arrow"},"wdio_ui5_key":"applicationmanageconditionprice-display-component---newCondition--condBillCond-arrow"}]}
RESULT: undefined
COMMAND: POST /session/fa1966063a4db30dbf2f999955ebc217/element - {"using":"xpath","value":"//*[@id=\"application-manageconditionprice-display-component---newCondition--condBillCond-arrow\"]"}
RESULT: {"using":"xpath","value":"//*[@id=\"application-manageconditionprice-display-component---newCondition--condBillCond-arrow\"]"}
COMMAND: POST /session/fa1966063a4db30dbf2f999955ebc217/element/f.8EF3D0D450A4EB0CE4D2D51640C2B842.d.E9BF4756734026997092CB3655203005.e.5410/click - {}
RESULT: {}
COMMAND: GET /session/fa1966063a4db30dbf2f999955ebc217/screenshot - {}
RESULT: {}
COMMAND: POST /session/fa1966063a4db30dbf2f999955ebc217/element - {"using":"xpath","value":"//li[.//span[contains(text(), \"DISP - D&I special price\")]]"}
RESULT: {"using":"xpath","value":"//li[.//span[contains(text(), \"DISP - D&I special price\")]]"}
COMMAND: POST /session/fa1966063a4db30dbf2f999955ebc217/element/f.8EF3D0D450A4EB0CE4D2D51640C2B842.d.E9BF4756734026997092CB3655203005.e.5413/click - {}
RESULT: {}
COMMAND: GET /session/fa1966063a4db30dbf2f999955ebc217/screenshot - {}
RESULT: {}
COMMAND: POST /session/fa1966063a4db30dbf2f999955ebc217/execute/async - {"script":"<script> [1562 bytes]","args":[{"selector":{"id":"application-manageconditionprice-display-component---newCondition--condValidTo","interaction":{"idSuffix":"inner"}},"wdio_ui5_key":"applicationmanageconditionprice-display-component---newCondition--condValidTo"}]}
RESULT: {"script":"<script> [1562 bytes]","args":[{"selector":{"id":"application-manageconditionprice-display-component---newCondition--condValidTo","interaction":{"idSuffix":"inner"}},"wdio_ui5_key":"applicationmanageconditionprice-display-component---newCondition--condValidTo"}]}
RESULT: undefined
COMMAND: POST /session/fa1966063a4db30dbf2f999955ebc217/execute/async - {"script":"<script> [776 bytes]","args":[{"enterText":"1/24/26","selector":{"id":"application-manageconditionprice-display-component---newCondition--condValidTo","interaction":{"idSuffix":"inner"}},"clearTextFirst":true,"interactionType":"ENTER_TEXT"}]}
RESULT: {"script":"<script> [776 bytes]","args":[{"enterText":"1/24/26","selector":{"id":"application-manageconditionprice-display-component---newCondition--condValidTo","interaction":{"idSuffix":"inner"}},"clearTextFirst":true,"interactionType":"ENTER_TEXT"}]}
COMMAND: POST /session/fa1966063a4db30dbf2f999955ebc217/element - {"using":"xpath","value":"//input[@id=\"application-manageconditionprice-display-component---newCondition--condRU-inner\"]"}
RESULT: {"using":"xpath","value":"//input[@id=\"application-manageconditionprice-display-component---newCondition--condRU-inner\"]"}
COMMAND: POST /session/fa1966063a4db30dbf2f999955ebc217/element/f.8EF3D0D450A4EB0CE4D2D51640C2B842.d.E9BF4756734026997092CB3655203005.e.5241/clear - {}
RESULT: {}
COMMAND: POST /session/fa1966063a4db30dbf2f999955ebc217/element/f.8EF3D0D450A4EB0CE4D2D51640C2B842.d.E9BF4756734026997092CB3655203005.e.5241/value - {"text":"ewLwcdoCIE"}
COMMAND: GET /session/fa1966063a4db30dbf2f999955ebc217/screenshot - {}
RESULT: {"text":"ewLwcdoCIE"}
COMMAND: GET /session/fa1966063a4db30dbf2f999955ebc217/screenshot - {}
RESULT: {}
RESULT: {}
COMMAND: POST /session/fa1966063a4db30dbf2f999955ebc217/actions - {"actions":[{"id":"action14","type":"key","parameters":{},"actions":[{"type":"keyDown","value":""},{"type":"pause","duration":10},{"type":"keyUp","value":""}]}]}
RESULT: {"actions":[{"id":"action14","type":"key","parameters":{},"actions":[{"type":"keyDown","value":""},{"type":"pause","duration":10},{"type":"keyUp","value":""}]}]}
COMMAND: POST /session/fa1966063a4db30dbf2f999955ebc217/execute/async - {"script":"<script> [1562 bytes]","args":[{"selector":{"id":"application-manageconditionprice-display-component---newCondition--condBaseQty","interaction":{"idSuffix":"inner"}},"wdio_ui5_key":"applicationmanageconditionprice-display-component---newCondition--condBaseQty"}]}
COMMAND: GET /session/fa1966063a4db30dbf2f999955ebc217/screenshot - {}
RESULT: {"script":"<script> [1562 bytes]","args":[{"selector":{"id":"application-manageconditionprice-display-component---newCondition--condBaseQty","interaction":{"idSuffix":"inner"}},"wdio_ui5_key":"applicationmanageconditionprice-display-component---newCondition--condBaseQty"}]}
RESULT: undefined
COMMAND: POST /session/fa1966063a4db30dbf2f999955ebc217/execute/async - {"script":"<script> [776 bytes]","args":[{"enterText":"1","selector":{"id":"application-manageconditionprice-display-component---newCondition--condBaseQty","interaction":{"idSuffix":"inner"}},"clearTextFirst":true,"interactionType":"ENTER_TEXT"}]}
RESULT: {}
RESULT: {"script":"<script> [776 bytes]","args":[{"enterText":"1","selector":{"id":"application-manageconditionprice-display-component---newCondition--condBaseQty","interaction":{"idSuffix":"inner"}},"clearTextFirst":true,"interactionType":"ENTER_TEXT"}]}
COMMAND: POST /session/fa1966063a4db30dbf2f999955ebc217/execute/async - {"script":"<script> [1562 bytes]","args":[{"selector":{"id":"application-manageconditionprice-display-component---newCondition--condValue","interaction":{"idSuffix":"inner"}},"wdio_ui5_key":"applicationmanageconditionprice-display-component---newCondition--condValue"}]}
RESULT: {"script":"<script> [1562 bytes]","args":[{"selector":{"id":"application-manageconditionprice-display-component---newCondition--condValue","interaction":{"idSuffix":"inner"}},"wdio_ui5_key":"applicationmanageconditionprice-display-component---newCondition--condValue"}]}
RESULT: undefined
COMMAND: POST /session/fa1966063a4db30dbf2f999955ebc217/execute/async - {"script":"<script> [776 bytes]","args":[{"enterText":"100","selector":{"id":"application-manageconditionprice-display-component---newCondition--condValue","interaction":{"idSuffix":"inner"}},"clearTextFirst":true,"interactionType":"ENTER_TEXT"}]}
RESULT: {"script":"<script> [776 bytes]","args":[{"enterText":"100","selector":{"id":"application-manageconditionprice-display-component---newCondition--condValue","interaction":{"idSuffix":"inner"}},"clearTextFirst":true,"interactionType":"ENTER_TEXT"}]}
COMMAND: POST /session/fa1966063a4db30dbf2f999955ebc217/execute/async - {"script":"<script> [1562 bytes]","args":[{"selector":{"id":"application-manageconditionprice-display-component---newCondition--condCurr-arrow"},"wdio_ui5_key":"applicationmanageconditionprice-display-component---newCondition--condCurr-arrow"}]}
RESULT: {"script":"<script> [1562 bytes]","args":[{"selector":{"id":"application-manageconditionprice-display-component---newCondition--condCurr-arrow"},"wdio_ui5_key":"applicationmanageconditionprice-display-component---newCondition--condCurr-arrow"}]}
RESULT: undefined
COMMAND: POST /session/fa1966063a4db30dbf2f999955ebc217/element - {"using":"xpath","value":"//*[@id=\"application-manageconditionprice-display-component---newCondition--condCurr-arrow\"]"}
RESULT: {"using":"xpath","value":"//*[@id=\"application-manageconditionprice-display-component---newCondition--condCurr-arrow\"]"}
COMMAND: POST /session/fa1966063a4db30dbf2f999955ebc217/element/f.8EF3D0D450A4EB0CE4D2D51640C2B842.d.E9BF4756734026997092CB3655203005.e.5377/click - {}
RESULT: {}
COMMAND: POST /session/fa1966063a4db30dbf2f999955ebc217/element - {"using":"xpath","value":"//span[contains(text(), \"Euro\")]"}
COMMAND: GET /session/fa1966063a4db30dbf2f999955ebc217/screenshot - {}
RESULT: {"using":"xpath","value":"//span[contains(text(), \"Euro\")]"}
COMMAND: POST /session/fa1966063a4db30dbf2f999955ebc217/element/f.8EF3D0D450A4EB0CE4D2D51640C2B842.d.E9BF4756734026997092CB3655203005.e.5451/click - {}
RESULT: {}
RESULT: {}
COMMAND: POST /session/fa1966063a4db30dbf2f999955ebc217/element - {"using":"xpath","value":"//button[@data-kt=\"saveButton\"]"}
COMMAND: GET /session/fa1966063a4db30dbf2f999955ebc217/screenshot - {}
RESULT: {"using":"xpath","value":"//button[@data-kt=\"saveButton\"]"}
COMMAND: POST /session/fa1966063a4db30dbf2f999955ebc217/element/f.8EF3D0D450A4EB0CE4D2D51640C2B842.d.E9BF4756734026997092CB3655203005.e.5378/click - {}
RESULT: {}
RESULT: {}
COMMAND: GET /session/fa1966063a4db30dbf2f999955ebc217/screenshot - {}
RESULT: {}
COMMAND: POST /session/fa1966063a4db30dbf2f999955ebc217/execute/async - {"script":"<script> [1562 bytes]","args":[{"selector":{"id":"application-manageconditionprice-display-component---conditions--smartFilterBar-btnBasicSearch","interaction":{"idSuffix":"I"}},"wdio_ui5_key":"applicationmanageconditionprice-display-component---conditions--smartFilterBar-btnBasicSearch"}]}
RESULT: {"script":"<script> [1562 bytes]","args":[{"selector":{"id":"application-manageconditionprice-display-component---conditions--smartFilterBar-btnBasicSearch","interaction":{"idSuffix":"I"}},"wdio_ui5_key":"applicationmanageconditionprice-display-component---conditions--smartFilterBar-btnBasicSearch"}]}
RESULT: undefined
COMMAND: POST /session/fa1966063a4db30dbf2f999955ebc217/execute/async - {"script":"<script> [776 bytes]","args":[{"enterText":"ewLwcdoCIE","selector":{"id":"application-manageconditionprice-display-component---conditions--smartFilterBar-btnBasicSearch","interaction":{"idSuffix":"I"}},"clearTextFirst":true,"interactionType":"ENTER_TEXT"}]}
RESULT: {"script":"<script> [776 bytes]","args":[{"enterText":"ewLwcdoCIE","selector":{"id":"application-manageconditionprice-display-component---conditions--smartFilterBar-btnBasicSearch","interaction":{"idSuffix":"I"}},"clearTextFirst":true,"interactionType":"ENTER_TEXT"}]}
COMMAND: POST /session/fa1966063a4db30dbf2f999955ebc217/actions - {"actions":[{"id":"action15","type":"key","parameters":{},"actions":[{"type":"keyDown","value":""},{"type":"pause","duration":10},{"type":"keyUp","value":""}]}]}
RESULT: {"actions":[{"id":"action15","type":"key","parameters":{},"actions":[{"type":"keyDown","value":""},{"type":"pause","duration":10},{"type":"keyUp","value":""}]}]}
COMMAND: GET /session/fa1966063a4db30dbf2f999955ebc217/screenshot - {}
RESULT: {}
COMMAND: POST /session/fa1966063a4db30dbf2f999955ebc217/execute/async - {"script":"<script> [1562 bytes]","args":[{"selector":{"id":"application-manageconditionprice-display-component---conditions--smartFilterBar-filterItemControl_BASIC-BILL_TYPES-vhi"},"wdio_ui5_key":"applicationmanageconditionprice-display-component---conditions--smartFilterBar-filterItemControl_BASIC-BILL_TYPES-vhi"}]}
RESULT: {"script":"<script> [1562 bytes]","args":[{"selector":{"id":"application-manageconditionprice-display-component---conditions--smartFilterBar-filterItemControl_BASIC-BILL_TYPES-vhi"},"wdio_ui5_key":"applicationmanageconditionprice-display-component---conditions--smartFilterBar-filterItemControl_BASIC-BILL_TYPES-vhi"}]}
RESULT: undefined
COMMAND: POST /session/fa1966063a4db30dbf2f999955ebc217/element - {"using":"xpath","value":"//*[@id=\"application-manageconditionprice-display-component---conditions--smartFilterBar-filterItemControl_BASIC-BILL_TYPES-vhi\"]"}
RESULT: {"using":"xpath","value":"//*[@id=\"application-manageconditionprice-display-component---conditions--smartFilterBar-filterItemControl_BASIC-BILL_TYPES-vhi\"]"}
COMMAND: POST /session/fa1966063a4db30dbf2f999955ebc217/element/f.8EF3D0D450A4EB0CE4D2D51640C2B842.d.E9BF4756734026997092CB3655203005.e.5557/click - {}
RESULT: {}
COMMAND: POST /session/fa1966063a4db30dbf2f999955ebc217/execute/async - {"script":"<script> [1562 bytes]","args":[{"selector":{"id":"application-manageconditionprice-display-component---conditions--smartFilterBar-filterItemControl_BASIC-BILL_TYPES-valueHelpDialog-smartFilterBar-btnBasicSearch","searchOpenDialogs":true,"interaction":{"idSuffix":"I"}},"wdio_ui5_key":"applicationmanageconditionprice-display-component---conditions--smartFilterBar-filterItemControl_BASIC-BILL_TYPES-valueHelpDialog-smartFilterBar-btnBasicSearch"}]}
COMMAND: GET /session/fa1966063a4db30dbf2f999955ebc217/screenshot - {}
RESULT: {"script":"<script> [1562 bytes]","args":[{"selector":{"id":"application-manageconditionprice-display-component---conditions--smartFilterBar-filterItemControl_BASIC-BILL_TYPES-valueHelpDialog-smartFilterBar-btnBasicSearch","searchOpenDialogs":true,"interaction":{"idSuffix":"I"}},"wdio_ui5_key":"applicationmanageconditionprice-display-component---conditions--smartFilterBar-filterItemControl_BASIC-BILL_TYPES-valueHelpDialog-smartFilterBar-btnBasicSearch"}]}
RESULT: undefined
COMMAND: POST /session/fa1966063a4db30dbf2f999955ebc217/execute/async - {"script":"<script> [776 bytes]","args":[{"enterText":"TB","selector":{"id":"application-manageconditionprice-display-component---conditions--smartFilterBar-filterItemControl_BASIC-BILL_TYPES-valueHelpDialog-smartFilterBar-btnBasicSearch","searchOpenDialogs":true,"interaction":{"idSuffix":"I"}},"clearTextFirst":true,"interactionType":"ENTER_TEXT"}]}
RESULT: {}
RESULT: {"script":"<script> [776 bytes]","args":[{"enterText":"TB","selector":{"id":"application-manageconditionprice-display-component---conditions--smartFilterBar-filterItemControl_BASIC-BILL_TYPES-valueHelpDialog-smartFilterBar-btnBasicSearch","searchOpenDialogs":true,"interaction":{"idSuffix":"I"}},"clearTextFirst":true,"interactionType":"ENTER_TEXT"}]}
COMMAND: POST /session/fa1966063a4db30dbf2f999955ebc217/actions - {"actions":[{"id":"action16","type":"key","parameters":{},"actions":[{"type":"keyDown","value":""},{"type":"pause","duration":10},{"type":"keyUp","value":""}]}]}
RESULT: {"actions":[{"id":"action16","type":"key","parameters":{},"actions":[{"type":"keyDown","value":""},{"type":"pause","duration":10},{"type":"keyUp","value":""}]}]}
COMMAND: GET /session/fa1966063a4db30dbf2f999955ebc217/screenshot - {}
RESULT: {}
COMMAND: POST /session/fa1966063a4db30dbf2f999955ebc217/element - {"using":"xpath","value":"//div[contains(@id, 'application-manageconditionprice-display-component---conditions--smartFilterBar-filterItemControl_BASIC-BILL_TYPES-valueHelpDialog-table-rowsel0')]"}
RESULT: {"using":"xpath","value":"//div[contains(@id, 'application-manageconditionprice-display-component---conditions--smartFilterBar-filterItemControl_BASIC-BILL_TYPES-valueHelpDialog-table-rowsel0')]"}
COMMAND: POST /session/fa1966063a4db30dbf2f999955ebc217/element/f.8EF3D0D450A4EB0CE4D2D51640C2B842.d.E9BF4756734026997092CB3655203005.e.5566/click - {}
RESULT: {}
COMMAND: GET /session/fa1966063a4db30dbf2f999955ebc217/screenshot - {}
RESULT: {}
COMMAND: POST /session/fa1966063a4db30dbf2f999955ebc217/element - {"using":"xpath","value":"//bdi[contains(text(), \"OK\")]"}
RESULT: {"using":"xpath","value":"//bdi[contains(text(), \"OK\")]"}
COMMAND: POST /session/fa1966063a4db30dbf2f999955ebc217/element/f.8EF3D0D450A4EB0CE4D2D51640C2B842.d.E9BF4756734026997092CB3655203005.e.5568/click - {}
RESULT: {}
COMMAND: GET /session/fa1966063a4db30dbf2f999955ebc217/screenshot - {}
RESULT: {}
COMMAND: POST /session/fa1966063a4db30dbf2f999955ebc217/element - {"using":"xpath","value":"//span[@id=\"application-manageconditionprice-display-component---conditions--smartTable-header-inner\"]"}
RESULT: {"using":"xpath","value":"//span[@id=\"application-manageconditionprice-display-component---conditions--smartTable-header-inner\"]"}
COMMAND: POST /session/fa1966063a4db30dbf2f999955ebc217/elements - {"using":"xpath","value":"//span[@id=\"application-manageconditionprice-display-component---conditions--smartTable-header-inner\"]"}
RESULT: {"using":"xpath","value":"//span[@id=\"application-manageconditionprice-display-component---conditions--smartTable-header-inner\"]"}
COMMAND: POST /session/fa1966063a4db30dbf2f999955ebc217/execute/sync - {"script":"<script> [56 bytes]","args":[{"element-6066-11e4-a52e-4f735466cecf":"f.8EF3D0D450A4EB0CE4D2D51640C2B842.d.E9BF4756734026997092CB3655203005.e.5571","ELEMENT":"f.8EF3D0D450A4EB0CE4D2D51640C2B842.d.E9BF4756734026997092CB3655203005.e.5571"}]}
RESULT: {"script":"<script> [56 bytes]","args":[{"element-6066-11e4-a52e-4f735466cecf":"f.8EF3D0D450A4EB0CE4D2D51640C2B842.d.E9BF4756734026997092CB3655203005.e.5571","ELEMENT":"f.8EF3D0D450A4EB0CE4D2D51640C2B842.d.E9BF4756734026997092CB3655203005.e.5571"}]}
COMMAND: POST /session/fa1966063a4db30dbf2f999955ebc217/element - {"using":"css selector","value":"#shell-header-logo"}
COMMAND: GET /session/fa1966063a4db30dbf2f999955ebc217/screenshot - {}
RESULT: {"using":"css selector","value":"#shell-header-logo"}
COMMAND: POST /session/fa1966063a4db30dbf2f999955ebc217/element/f.8EF3D0D450A4EB0CE4D2D51640C2B842.d.E9BF4756734026997092CB3655203005.e.5178/click - {}
RESULT: {}
RESULT: {}
COMMAND: GET /session/fa1966063a4db30dbf2f999955ebc217/screenshot - {}
RESULT: {}
]]></system-out>
    </testcase>
    <testcase classname="chrome.136_0_7103_93.windows.Billing_Transfer_-_Master_data_&amp;_Intercompany_US127250" name="Should do a stock increase" time="100.042">
      <system-out><![CDATA[
COMMAND: POST /session/fa1966063a4db30dbf2f999955ebc217/execute/async - {"script":"<script> [1562 bytes]","args":[{"selector":{"controlType":"sap.m.GenericTile","properties":{"header":"Manage Handovers"}},"wdio_ui5_key":"sapm.GenericTile{\"header\":\"Manage Handovers\"}"}]}
RESULT: {"script":"<script> [1562 bytes]","args":[{"selector":{"controlType":"sap.m.GenericTile","properties":{"header":"Manage Handovers"}},"wdio_ui5_key":"sapm.GenericTile{\"header\":\"Manage Handovers\"}"}]}
RESULT: undefined
COMMAND: POST /session/fa1966063a4db30dbf2f999955ebc217/element - {"using":"xpath","value":"//*[@id=\"__tile132\"]"}
RESULT: {"using":"xpath","value":"//*[@id=\"__tile132\"]"}
COMMAND: POST /session/fa1966063a4db30dbf2f999955ebc217/element/f.8EF3D0D450A4EB0CE4D2D51640C2B842.d.E9BF4756734026997092CB3655203005.e.2186/click - {}
RESULT: {}
COMMAND: GET /session/fa1966063a4db30dbf2f999955ebc217/screenshot - {}
RESULT: {}
COMMAND: POST /session/fa1966063a4db30dbf2f999955ebc217/elements - {"using":"xpath","value":"//span[text()='Error']"}
RESULT: {"using":"xpath","value":"//span[text()='Error']"}
COMMAND: POST /session/fa1966063a4db30dbf2f999955ebc217/element - {"using":"xpath","value":"//button[@data-kt=\"masterHOAddButton\"]"}
RESULT: {"using":"xpath","value":"//button[@data-kt=\"masterHOAddButton\"]"}
COMMAND: POST /session/fa1966063a4db30dbf2f999955ebc217/elements - {"using":"xpath","value":"//button[@data-kt=\"masterHOAddButton\"]"}
RESULT: {"using":"xpath","value":"//button[@data-kt=\"masterHOAddButton\"]"}
COMMAND: POST /session/fa1966063a4db30dbf2f999955ebc217/element - {"using":"xpath","value":"//button[@data-kt=\"masterHOAddButton\"]"}
RESULT: {"using":"xpath","value":"//button[@data-kt=\"masterHOAddButton\"]"}
COMMAND: POST /session/fa1966063a4db30dbf2f999955ebc217/execute/sync - {"script":"<script> [8489 bytes]","args":[{"element-6066-11e4-a52e-4f735466cecf":"f.8EF3D0D450A4EB0CE4D2D51640C2B842.d.E9BF4756734026997092CB3655203005.e.5616","ELEMENT":"f.8EF3D0D450A4EB0CE4D2D51640C2B842.d.E9BF4756734026997092CB3655203005.e.5616"}]}
RESULT: {"script":"<script> [8489 bytes]","args":[{"element-6066-11e4-a52e-4f735466cecf":"f.8EF3D0D450A4EB0CE4D2D51640C2B842.d.E9BF4756734026997092CB3655203005.e.5616","ELEMENT":"f.8EF3D0D450A4EB0CE4D2D51640C2B842.d.E9BF4756734026997092CB3655203005.e.5616"}]}
COMMAND: GET /session/fa1966063a4db30dbf2f999955ebc217/element/f.8EF3D0D450A4EB0CE4D2D51640C2B842.d.E9BF4756734026997092CB3655203005.e.5616/enabled - {}
COMMAND: GET /session/fa1966063a4db30dbf2f999955ebc217/screenshot - {}
RESULT: {}
COMMAND: POST /session/fa1966063a4db30dbf2f999955ebc217/execute/sync - {"script":"<script> [8489 bytes]","args":[{"element-6066-11e4-a52e-4f735466cecf":"f.8EF3D0D450A4EB0CE4D2D51640C2B842.d.E9BF4756734026997092CB3655203005.e.5616","ELEMENT":"f.8EF3D0D450A4EB0CE4D2D51640C2B842.d.E9BF4756734026997092CB3655203005.e.5616"}]}
COMMAND: GET /session/fa1966063a4db30dbf2f999955ebc217/screenshot - {}
RESULT: {}
RESULT: {"script":"<script> [8489 bytes]","args":[{"element-6066-11e4-a52e-4f735466cecf":"f.8EF3D0D450A4EB0CE4D2D51640C2B842.d.E9BF4756734026997092CB3655203005.e.5616","ELEMENT":"f.8EF3D0D450A4EB0CE4D2D51640C2B842.d.E9BF4756734026997092CB3655203005.e.5616"}]}
COMMAND: POST /session/fa1966063a4db30dbf2f999955ebc217/execute/sync - {"script":"<script> [5351 bytes]","args":[{"element-6066-11e4-a52e-4f735466cecf":"f.8EF3D0D450A4EB0CE4D2D51640C2B842.d.E9BF4756734026997092CB3655203005.e.5616","ELEMENT":"f.8EF3D0D450A4EB0CE4D2D51640C2B842.d.E9BF4756734026997092CB3655203005.e.5616"}]}
COMMAND: GET /session/fa1966063a4db30dbf2f999955ebc217/screenshot - {}
RESULT: {}
RESULT: {"script":"<script> [5351 bytes]","args":[{"element-6066-11e4-a52e-4f735466cecf":"f.8EF3D0D450A4EB0CE4D2D51640C2B842.d.E9BF4756734026997092CB3655203005.e.5616","ELEMENT":"f.8EF3D0D450A4EB0CE4D2D51640C2B842.d.E9BF4756734026997092CB3655203005.e.5616"}]}
COMMAND: POST /session/fa1966063a4db30dbf2f999955ebc217/element/f.8EF3D0D450A4EB0CE4D2D51640C2B842.d.E9BF4756734026997092CB3655203005.e.5616/click - {}
COMMAND: GET /session/fa1966063a4db30dbf2f999955ebc217/screenshot - {}
RESULT: {}
RESULT: {}
COMMAND: GET /session/fa1966063a4db30dbf2f999955ebc217/screenshot - {}
COMMAND: POST /session/fa1966063a4db30dbf2f999955ebc217/element - {"using":"xpath","value":"//span[contains(@id ,\"AddNewHO--typeSelect-arrow\")]"}
RESULT: {}
RESULT: {}
RESULT: {"using":"xpath","value":"//span[contains(@id ,\"AddNewHO--typeSelect-arrow\")]"}
COMMAND: POST /session/fa1966063a4db30dbf2f999955ebc217/element/f.8EF3D0D450A4EB0CE4D2D51640C2B842.d.E9BF4756734026997092CB3655203005.e.5968/click - {}
RESULT: {}
COMMAND: GET /session/fa1966063a4db30dbf2f999955ebc217/screenshot - {}
RESULT: {}
COMMAND: POST /session/fa1966063a4db30dbf2f999955ebc217/element - {"using":"xpath","value":"(//li[contains(text(), \"stock increase yard\")])[1]"}
RESULT: {"using":"xpath","value":"(//li[contains(text(), \"stock increase yard\")])[1]"}
COMMAND: POST /session/fa1966063a4db30dbf2f999955ebc217/element/f.8EF3D0D450A4EB0CE4D2D51640C2B842.d.E9BF4756734026997092CB3655203005.e.5969/click - {}
RESULT: {}
COMMAND: GET /session/fa1966063a4db30dbf2f999955ebc217/screenshot - {}
RESULT: {}
COMMAND: POST /session/fa1966063a4db30dbf2f999955ebc217/execute/async - {"script":"<script> [1562 bytes]","args":[{"selector":{"id":"application-managehandovers-display-component---AddNewHO--dueDate","interaction":{"idSuffix":"inner"}},"wdio_ui5_key":"applicationmanagehandovers-display-component---AddNewHO--dueDate"}]}
RESULT: {"script":"<script> [1562 bytes]","args":[{"selector":{"id":"application-managehandovers-display-component---AddNewHO--dueDate","interaction":{"idSuffix":"inner"}},"wdio_ui5_key":"applicationmanagehandovers-display-component---AddNewHO--dueDate"}]}
RESULT: undefined
COMMAND: POST /session/fa1966063a4db30dbf2f999955ebc217/execute/async - {"script":"<script> [6424 bytes]","args":[{"element-6066-11e4-a52e-4f735466cecf":"f.8EF3D0D450A4EB0CE4D2D51640C2B842.d.E9BF4756734026997092CB3655203005.e.5973"},"setValue",["5/24/25"]]}
RESULT: {"script":"<script> [6424 bytes]","args":[{"element-6066-11e4-a52e-4f735466cecf":"f.8EF3D0D450A4EB0CE4D2D51640C2B842.d.E9BF4756734026997092CB3655203005.e.5973"},"setValue",["5/24/25"]]}
COMMAND: POST /session/fa1966063a4db30dbf2f999955ebc217/element - {"using":"xpath","value":"//input[@id=\"generalSectionFrg--receiveYard-inner\"]"}
RESULT: {"using":"xpath","value":"//input[@id=\"generalSectionFrg--receiveYard-inner\"]"}
COMMAND: POST /session/fa1966063a4db30dbf2f999955ebc217/element/f.8EF3D0D450A4EB0CE4D2D51640C2B842.d.E9BF4756734026997092CB3655203005.e.5979/clear - {}
RESULT: {}
COMMAND: POST /session/fa1966063a4db30dbf2f999955ebc217/element/f.8EF3D0D450A4EB0CE4D2D51640C2B842.d.E9BF4756734026997092CB3655203005.e.5979/value - {"text":"255"}
COMMAND: GET /session/fa1966063a4db30dbf2f999955ebc217/screenshot - {}
RESULT: {"text":"255"}
COMMAND: GET /session/fa1966063a4db30dbf2f999955ebc217/screenshot - {}
RESULT: {}
RESULT: {}
COMMAND: POST /session/fa1966063a4db30dbf2f999955ebc217/element - {"using":"xpath","value":"//li[.//span[text()='255']]"}
RESULT: {"using":"xpath","value":"//li[.//span[text()='255']]"}
COMMAND: POST /session/fa1966063a4db30dbf2f999955ebc217/element/f.8EF3D0D450A4EB0CE4D2D51640C2B842.d.E9BF4756734026997092CB3655203005.e.5995/click - {}
RESULT: {}
COMMAND: GET /session/fa1966063a4db30dbf2f999955ebc217/screenshot - {}
RESULT: {}
COMMAND: POST /session/fa1966063a4db30dbf2f999955ebc217/execute/async - {"script":"<script> [1562 bytes]","args":[{"selector":{"id":"application-managehandovers-display-component---AddNewHO--ObjectPageLayout-anchBar-application-managehandovers-display-component---AddNewHO--section4-anchor","interaction":{"idSuffix":"BDI-content"}},"wdio_ui5_key":"applicationmanagehandovers-display-component---AddNewHO--ObjectPageLayout-anchBar-application-managehandovers-display-component---AddNewHO--section4-anchor"}]}
RESULT: {"script":"<script> [1562 bytes]","args":[{"selector":{"id":"application-managehandovers-display-component---AddNewHO--ObjectPageLayout-anchBar-application-managehandovers-display-component---AddNewHO--section4-anchor","interaction":{"idSuffix":"BDI-content"}},"wdio_ui5_key":"applicationmanagehandovers-display-component---AddNewHO--ObjectPageLayout-anchBar-application-managehandovers-display-component---AddNewHO--section4-anchor"}]}
RESULT: undefined
COMMAND: POST /session/fa1966063a4db30dbf2f999955ebc217/element - {"using":"xpath","value":"//*[@id=\"application-managehandovers-display-component---AddNewHO--ObjectPageLayout-anchBar-application-managehandovers-display-component---AddNewHO--section4-anchor\"]"}
RESULT: {"using":"xpath","value":"//*[@id=\"application-managehandovers-display-component---AddNewHO--ObjectPageLayout-anchBar-application-managehandovers-display-component---AddNewHO--section4-anchor\"]"}
COMMAND: POST /session/fa1966063a4db30dbf2f999955ebc217/element/f.8EF3D0D450A4EB0CE4D2D51640C2B842.d.E9BF4756734026997092CB3655203005.e.5997/click - {}
RESULT: {}
COMMAND: POST /session/fa1966063a4db30dbf2f999955ebc217/element - {"using":"xpath","value":"//button[@aria-label=\"Add\"]"}
COMMAND: GET /session/fa1966063a4db30dbf2f999955ebc217/screenshot - {}
RESULT: {"using":"xpath","value":"//button[@aria-label=\"Add\"]"}
COMMAND: POST /session/fa1966063a4db30dbf2f999955ebc217/element/f.8EF3D0D450A4EB0CE4D2D51640C2B842.d.E9BF4756734026997092CB3655203005.e.6001/click - {}
RESULT: {}
RESULT: {}
COMMAND: GET /session/fa1966063a4db30dbf2f999955ebc217/screenshot - {}
RESULT: {}
COMMAND: POST /session/fa1966063a4db30dbf2f999955ebc217/execute/async - {"script":"<script> [1562 bytes]","args":[{"selector":{"id":"application-managehandovers-display-component---AddNewHO--smartFilterBar-btnBasicSearch","searchOpenDialogs":true,"interaction":{"idSuffix":"I"}},"wdio_ui5_key":"applicationmanagehandovers-display-component---AddNewHO--smartFilterBar-btnBasicSearch"}]}
RESULT: {"script":"<script> [1562 bytes]","args":[{"selector":{"id":"application-managehandovers-display-component---AddNewHO--smartFilterBar-btnBasicSearch","searchOpenDialogs":true,"interaction":{"idSuffix":"I"}},"wdio_ui5_key":"applicationmanagehandovers-display-component---AddNewHO--smartFilterBar-btnBasicSearch"}]}
RESULT: undefined
COMMAND: POST /session/fa1966063a4db30dbf2f999955ebc217/execute/async - {"script":"<script> [776 bytes]","args":[{"enterText":"ewLwcdoCIE","selector":{"id":"application-managehandovers-display-component---AddNewHO--smartFilterBar-btnBasicSearch","searchOpenDialogs":true,"interaction":{"idSuffix":"I"}},"clearTextFirst":true,"interactionType":"ENTER_TEXT"}]}
RESULT: {"script":"<script> [776 bytes]","args":[{"enterText":"ewLwcdoCIE","selector":{"id":"application-managehandovers-display-component---AddNewHO--smartFilterBar-btnBasicSearch","searchOpenDialogs":true,"interaction":{"idSuffix":"I"}},"clearTextFirst":true,"interactionType":"ENTER_TEXT"}]}
COMMAND: POST /session/fa1966063a4db30dbf2f999955ebc217/actions - {"actions":[{"id":"action17","type":"key","parameters":{},"actions":[{"type":"keyDown","value":""},{"type":"pause","duration":10},{"type":"keyUp","value":""}]}]}
RESULT: {"actions":[{"id":"action17","type":"key","parameters":{},"actions":[{"type":"keyDown","value":""},{"type":"pause","duration":10},{"type":"keyUp","value":""}]}]}
COMMAND: GET /session/fa1966063a4db30dbf2f999955ebc217/screenshot - {}
RESULT: {}
COMMAND: POST /session/fa1966063a4db30dbf2f999955ebc217/execute/async - {"script":"<script> [1562 bytes]","args":[{"selector":{"id":"application-managehandovers-display-component---AddNewHO--popup-sa","searchOpenDialogs":true,"interaction":{"idSuffix":"CbBg"}},"wdio_ui5_key":"applicationmanagehandovers-display-component---AddNewHO--popup-sa"}]}
RESULT: {"script":"<script> [1562 bytes]","args":[{"selector":{"id":"application-managehandovers-display-component---AddNewHO--popup-sa","searchOpenDialogs":true,"interaction":{"idSuffix":"CbBg"}},"wdio_ui5_key":"applicationmanagehandovers-display-component---AddNewHO--popup-sa"}]}
RESULT: undefined
COMMAND: POST /session/fa1966063a4db30dbf2f999955ebc217/element - {"using":"xpath","value":"//*[@id=\"application-managehandovers-display-component---AddNewHO--popup-sa\"]"}
RESULT: {"using":"xpath","value":"//*[@id=\"application-managehandovers-display-component---AddNewHO--popup-sa\"]"}
COMMAND: POST /session/fa1966063a4db30dbf2f999955ebc217/element/f.8EF3D0D450A4EB0CE4D2D51640C2B842.d.E9BF4756734026997092CB3655203005.e.6154/click - {}
RESULT: {}
COMMAND: GET /session/fa1966063a4db30dbf2f999955ebc217/screenshot - {}
RESULT: {}
COMMAND: POST /session/fa1966063a4db30dbf2f999955ebc217/element - {"using":"xpath","value":"//bdi[contains(text(), \"Select\")]"}
RESULT: {"using":"xpath","value":"//bdi[contains(text(), \"Select\")]"}
COMMAND: POST /session/fa1966063a4db30dbf2f999955ebc217/element/f.8EF3D0D450A4EB0CE4D2D51640C2B842.d.E9BF4756734026997092CB3655203005.e.6155/click - {}
RESULT: {}
COMMAND: GET /session/fa1966063a4db30dbf2f999955ebc217/screenshot - {}
RESULT: {}
COMMAND: POST /session/fa1966063a4db30dbf2f999955ebc217/element - {"using":"xpath","value":"//button[@data-kt=\"AddNewHOSaveButton\"]"}
RESULT: {"using":"xpath","value":"//button[@data-kt=\"AddNewHOSaveButton\"]"}
COMMAND: POST /session/fa1966063a4db30dbf2f999955ebc217/element/f.8EF3D0D450A4EB0CE4D2D51640C2B842.d.E9BF4756734026997092CB3655203005.e.6159/click - {}
RESULT: {}
COMMAND: GET /session/fa1966063a4db30dbf2f999955ebc217/screenshot - {}
RESULT: {}
COMMAND: POST /session/fa1966063a4db30dbf2f999955ebc217/execute/async - {"script":"<script> [1562 bytes]","args":[{"selector":{"id":"receiptDatePicker","viewName":"etm.portal.ui.managehandovers.view.DetailExecuteHO","interaction":{"idSuffix":"inner"}},"wdio_ui5_key":"receiptDatePickeretmportal.ui.managehandovers.view.DetailExecuteHO"}]}
RESULT: {"script":"<script> [1562 bytes]","args":[{"selector":{"id":"receiptDatePicker","viewName":"etm.portal.ui.managehandovers.view.DetailExecuteHO","interaction":{"idSuffix":"inner"}},"wdio_ui5_key":"receiptDatePickeretmportal.ui.managehandovers.view.DetailExecuteHO"}]}
RESULT: undefined
COMMAND: POST /session/fa1966063a4db30dbf2f999955ebc217/execute/async - {"script":"<script> [6424 bytes]","args":[{"element-6066-11e4-a52e-4f735466cecf":"f.8EF3D0D450A4EB0CE4D2D51640C2B842.d.E9BF4756734026997092CB3655203005.e.6190"},"setValue",["5/24/25"]]}
RESULT: {"script":"<script> [6424 bytes]","args":[{"element-6066-11e4-a52e-4f735466cecf":"f.8EF3D0D450A4EB0CE4D2D51640C2B842.d.E9BF4756734026997092CB3655203005.e.6190"},"setValue",["5/24/25"]]}
COMMAND: POST /session/fa1966063a4db30dbf2f999955ebc217/element - {"using":"xpath","value":"//button[@data-kt=\"ReceivingTableConfirmAllButton\"]"}
RESULT: {"using":"xpath","value":"//button[@data-kt=\"ReceivingTableConfirmAllButton\"]"}
COMMAND: POST /session/fa1966063a4db30dbf2f999955ebc217/element/f.8EF3D0D450A4EB0CE4D2D51640C2B842.d.E9BF4756734026997092CB3655203005.e.6205/click - {}
RESULT: {}
COMMAND: GET /session/fa1966063a4db30dbf2f999955ebc217/screenshot - {}
RESULT: {}
COMMAND: POST /session/fa1966063a4db30dbf2f999955ebc217/element - {"using":"xpath","value":"//bdi[contains(text(), \"OK\")]"}
RESULT: {"using":"xpath","value":"//bdi[contains(text(), \"OK\")]"}
COMMAND: POST /session/fa1966063a4db30dbf2f999955ebc217/element/f.8EF3D0D450A4EB0CE4D2D51640C2B842.d.E9BF4756734026997092CB3655203005.e.6207/click - {}
RESULT: {}
COMMAND: GET /session/fa1966063a4db30dbf2f999955ebc217/screenshot - {}
RESULT: {}
COMMAND: POST /session/fa1966063a4db30dbf2f999955ebc217/element - {"using":"xpath","value":"(//bdi[contains(text(), \"Receive\")])[2]"}
RESULT: {"using":"xpath","value":"(//bdi[contains(text(), \"Receive\")])[2]"}
COMMAND: POST /session/fa1966063a4db30dbf2f999955ebc217/element/f.8EF3D0D450A4EB0CE4D2D51640C2B842.d.E9BF4756734026997092CB3655203005.e.6209/click - {}
RESULT: {}
COMMAND: GET /session/fa1966063a4db30dbf2f999955ebc217/screenshot - {}
RESULT: {}
COMMAND: POST /session/fa1966063a4db30dbf2f999955ebc217/element - {"using":"css selector","value":"#shell-header-logo"}
RESULT: {"using":"css selector","value":"#shell-header-logo"}
COMMAND: POST /session/fa1966063a4db30dbf2f999955ebc217/element/f.8EF3D0D450A4EB0CE4D2D51640C2B842.d.E9BF4756734026997092CB3655203005.e.5578/click - {}
RESULT: {}
COMMAND: GET /session/fa1966063a4db30dbf2f999955ebc217/screenshot - {}
RESULT: {}
]]></system-out>
    </testcase>
    <testcase classname="chrome.136_0_7103_93.windows.Billing_Transfer_-_Master_data_&amp;_Intercompany_US127250" name="Should create a new contract" time="68.592">
      <system-out><![CDATA[
COMMAND: POST /session/fa1966063a4db30dbf2f999955ebc217/execute/async - {"script":"<script> [1562 bytes]","args":[{"selector":{"controlType":"sap.m.GenericTile","properties":{"header":"Manage Contracts"}},"wdio_ui5_key":"sapm.GenericTile{\"header\":\"Manage Contracts\"}"}]}
RESULT: {"script":"<script> [1562 bytes]","args":[{"selector":{"controlType":"sap.m.GenericTile","properties":{"header":"Manage Contracts"}},"wdio_ui5_key":"sapm.GenericTile{\"header\":\"Manage Contracts\"}"}]}
RESULT: undefined
COMMAND: POST /session/fa1966063a4db30dbf2f999955ebc217/element - {"using":"xpath","value":"//*[@id=\"__tile130\"]"}
RESULT: {"using":"xpath","value":"//*[@id=\"__tile130\"]"}
COMMAND: POST /session/fa1966063a4db30dbf2f999955ebc217/element/f.8EF3D0D450A4EB0CE4D2D51640C2B842.d.E9BF4756734026997092CB3655203005.e.2125/click - {}
RESULT: {}
COMMAND: GET /session/fa1966063a4db30dbf2f999955ebc217/screenshot - {}
RESULT: {}
COMMAND: POST /session/fa1966063a4db30dbf2f999955ebc217/elements - {"using":"xpath","value":"//span[text()='Error']"}
RESULT: {"using":"xpath","value":"//span[text()='Error']"}
COMMAND: POST /session/fa1966063a4db30dbf2f999955ebc217/element - {"using":"xpath","value":"//button[@data-kt=\"addButton\"]"}
RESULT: {"using":"xpath","value":"//button[@data-kt=\"addButton\"]"}
COMMAND: POST /session/fa1966063a4db30dbf2f999955ebc217/elements - {"using":"xpath","value":"//button[@data-kt=\"addButton\"]"}
RESULT: {"using":"xpath","value":"//button[@data-kt=\"addButton\"]"}
COMMAND: POST /session/fa1966063a4db30dbf2f999955ebc217/execute/sync - {"script":"<script> [8489 bytes]","args":[{"element-6066-11e4-a52e-4f735466cecf":"f.8EF3D0D450A4EB0CE4D2D51640C2B842.d.E9BF4756734026997092CB3655203005.e.6407","ELEMENT":"f.8EF3D0D450A4EB0CE4D2D51640C2B842.d.E9BF4756734026997092CB3655203005.e.6407"}]}
RESULT: {"script":"<script> [8489 bytes]","args":[{"element-6066-11e4-a52e-4f735466cecf":"f.8EF3D0D450A4EB0CE4D2D51640C2B842.d.E9BF4756734026997092CB3655203005.e.6407","ELEMENT":"f.8EF3D0D450A4EB0CE4D2D51640C2B842.d.E9BF4756734026997092CB3655203005.e.6407"}]}
COMMAND: GET /session/fa1966063a4db30dbf2f999955ebc217/element/f.8EF3D0D450A4EB0CE4D2D51640C2B842.d.E9BF4756734026997092CB3655203005.e.6407/enabled - {}
COMMAND: GET /session/fa1966063a4db30dbf2f999955ebc217/screenshot - {}
RESULT: {}
COMMAND: POST /session/fa1966063a4db30dbf2f999955ebc217/execute/sync - {"script":"<script> [8489 bytes]","args":[{"element-6066-11e4-a52e-4f735466cecf":"f.8EF3D0D450A4EB0CE4D2D51640C2B842.d.E9BF4756734026997092CB3655203005.e.6407","ELEMENT":"f.8EF3D0D450A4EB0CE4D2D51640C2B842.d.E9BF4756734026997092CB3655203005.e.6407"}]}
COMMAND: GET /session/fa1966063a4db30dbf2f999955ebc217/screenshot - {}
RESULT: {}
RESULT: {"script":"<script> [8489 bytes]","args":[{"element-6066-11e4-a52e-4f735466cecf":"f.8EF3D0D450A4EB0CE4D2D51640C2B842.d.E9BF4756734026997092CB3655203005.e.6407","ELEMENT":"f.8EF3D0D450A4EB0CE4D2D51640C2B842.d.E9BF4756734026997092CB3655203005.e.6407"}]}
COMMAND: POST /session/fa1966063a4db30dbf2f999955ebc217/execute/sync - {"script":"<script> [5351 bytes]","args":[{"element-6066-11e4-a52e-4f735466cecf":"f.8EF3D0D450A4EB0CE4D2D51640C2B842.d.E9BF4756734026997092CB3655203005.e.6407","ELEMENT":"f.8EF3D0D450A4EB0CE4D2D51640C2B842.d.E9BF4756734026997092CB3655203005.e.6407"}]}
COMMAND: GET /session/fa1966063a4db30dbf2f999955ebc217/screenshot - {}
RESULT: {}
RESULT: {"script":"<script> [5351 bytes]","args":[{"element-6066-11e4-a52e-4f735466cecf":"f.8EF3D0D450A4EB0CE4D2D51640C2B842.d.E9BF4756734026997092CB3655203005.e.6407","ELEMENT":"f.8EF3D0D450A4EB0CE4D2D51640C2B842.d.E9BF4756734026997092CB3655203005.e.6407"}]}
COMMAND: GET /session/fa1966063a4db30dbf2f999955ebc217/screenshot - {}
RESULT: {}
RESULT: {}
COMMAND: POST /session/fa1966063a4db30dbf2f999955ebc217/element/f.8EF3D0D450A4EB0CE4D2D51640C2B842.d.E9BF4756734026997092CB3655203005.e.6407/click - {}
RESULT: {}
COMMAND: GET /session/fa1966063a4db30dbf2f999955ebc217/screenshot - {}
COMMAND: POST /session/fa1966063a4db30dbf2f999955ebc217/execute/async - {"script":"<script> [1562 bytes]","args":[{"selector":{"id":"application-managecontracts-display-component---AddNewContract--projectDescription","interaction":{"idSuffix":"inner"}},"wdio_ui5_key":"applicationmanagecontracts-display-component---AddNewContract--projectDescription"}]}
RESULT: {}
RESULT: {"script":"<script> [1562 bytes]","args":[{"selector":{"id":"application-managecontracts-display-component---AddNewContract--projectDescription","interaction":{"idSuffix":"inner"}},"wdio_ui5_key":"applicationmanagecontracts-display-component---AddNewContract--projectDescription"}]}
RESULT: undefined
COMMAND: POST /session/fa1966063a4db30dbf2f999955ebc217/execute/async - {"script":"<script> [776 bytes]","args":[{"enterText":"Intercompany Contract WDIO","selector":{"id":"application-managecontracts-display-component---AddNewContract--projectDescription","interaction":{"idSuffix":"inner"}},"clearTextFirst":true,"interactionType":"ENTER_TEXT"}]}
RESULT: {"script":"<script> [776 bytes]","args":[{"enterText":"Intercompany Contract WDIO","selector":{"id":"application-managecontracts-display-component---AddNewContract--projectDescription","interaction":{"idSuffix":"inner"}},"clearTextFirst":true,"interactionType":"ENTER_TEXT"}]}
COMMAND: POST /session/fa1966063a4db30dbf2f999955ebc217/element - {"using":"xpath","value":"//input[@id=\"application-managecontracts-display-component---AddNewContract--site-inner\"]"}
RESULT: {"using":"xpath","value":"//input[@id=\"application-managecontracts-display-component---AddNewContract--site-inner\"]"}
COMMAND: POST /session/fa1966063a4db30dbf2f999955ebc217/element/f.8EF3D0D450A4EB0CE4D2D51640C2B842.d.E9BF4756734026997092CB3655203005.e.6744/clear - {}
RESULT: {}
COMMAND: POST /session/fa1966063a4db30dbf2f999955ebc217/element/f.8EF3D0D450A4EB0CE4D2D51640C2B842.d.E9BF4756734026997092CB3655203005.e.6744/value - {"text":"2100"}
COMMAND: GET /session/fa1966063a4db30dbf2f999955ebc217/screenshot - {}
RESULT: {"text":"2100"}
COMMAND: GET /session/fa1966063a4db30dbf2f999955ebc217/screenshot - {}
RESULT: {}
RESULT: {}
COMMAND: POST /session/fa1966063a4db30dbf2f999955ebc217/element - {"using":"xpath","value":"//li[.//span[text()='2100']]"}
RESULT: {"using":"xpath","value":"//li[.//span[text()='2100']]"}
COMMAND: POST /session/fa1966063a4db30dbf2f999955ebc217/element/f.8EF3D0D450A4EB0CE4D2D51640C2B842.d.E9BF4756734026997092CB3655203005.e.6826/click - {}
RESULT: {}
COMMAND: GET /session/fa1966063a4db30dbf2f999955ebc217/screenshot - {}
RESULT: {}
COMMAND: POST /session/fa1966063a4db30dbf2f999955ebc217/element - {"using":"xpath","value":"//input[@id=\"application-managecontracts-display-component---AddNewContract--yardId-inner\"]"}
RESULT: {"using":"xpath","value":"//input[@id=\"application-managecontracts-display-component---AddNewContract--yardId-inner\"]"}
COMMAND: GET /session/fa1966063a4db30dbf2f999955ebc217/element/f.8EF3D0D450A4EB0CE4D2D51640C2B842.d.E9BF4756734026997092CB3655203005.e.6745/property/value - {}
RESULT: {}
COMMAND: POST /session/fa1966063a4db30dbf2f999955ebc217/element - {"using":"xpath","value":"//input[@id=\"application-managecontracts-display-component---AddNewContract--customerSelect-inner\"]"}
COMMAND: GET /session/fa1966063a4db30dbf2f999955ebc217/screenshot - {}
RESULT: {"using":"xpath","value":"//input[@id=\"application-managecontracts-display-component---AddNewContract--customerSelect-inner\"]"}
COMMAND: POST /session/fa1966063a4db30dbf2f999955ebc217/element/f.8EF3D0D450A4EB0CE4D2D51640C2B842.d.E9BF4756734026997092CB3655203005.e.6743/clear - {}
RESULT: {}
RESULT: {}
COMMAND: POST /session/fa1966063a4db30dbf2f999955ebc217/element/f.8EF3D0D450A4EB0CE4D2D51640C2B842.d.E9BF4756734026997092CB3655203005.e.6743/value - {"text":"1103"}
COMMAND: GET /session/fa1966063a4db30dbf2f999955ebc217/screenshot - {}
RESULT: {"text":"1103"}
COMMAND: GET /session/fa1966063a4db30dbf2f999955ebc217/screenshot - {}
RESULT: {}
RESULT: {}
COMMAND: POST /session/fa1966063a4db30dbf2f999955ebc217/element - {"using":"xpath","value":"//li[.//span[text()='1103']]"}
RESULT: {"using":"xpath","value":"//li[.//span[text()='1103']]"}
COMMAND: POST /session/fa1966063a4db30dbf2f999955ebc217/element/f.8EF3D0D450A4EB0CE4D2D51640C2B842.d.E9BF4756734026997092CB3655203005.e.6829/click - {}
RESULT: {}
COMMAND: GET /session/fa1966063a4db30dbf2f999955ebc217/screenshot - {}
RESULT: {}
COMMAND: POST /session/fa1966063a4db30dbf2f999955ebc217/element - {"using":"xpath","value":"//button[@data-kt=\"saveButton\"]"}
RESULT: {"using":"xpath","value":"//button[@data-kt=\"saveButton\"]"}
COMMAND: POST /session/fa1966063a4db30dbf2f999955ebc217/element/f.8EF3D0D450A4EB0CE4D2D51640C2B842.d.E9BF4756734026997092CB3655203005.e.6819/click - {}
RESULT: {}
COMMAND: GET /session/fa1966063a4db30dbf2f999955ebc217/screenshot - {}
RESULT: {}
COMMAND: POST /session/fa1966063a4db30dbf2f999955ebc217/element - {"using":"xpath","value":"//span[contains(@id ,\"contractDetailTitleNoExpanded\")]"}
RESULT: {"using":"xpath","value":"//span[contains(@id ,\"contractDetailTitleNoExpanded\")]"}
COMMAND: POST /session/fa1966063a4db30dbf2f999955ebc217/elements - {"using":"xpath","value":"//span[contains(@id ,\"contractDetailTitleNoExpanded\")]"}
RESULT: {"using":"xpath","value":"//span[contains(@id ,\"contractDetailTitleNoExpanded\")]"}
COMMAND: POST /session/fa1966063a4db30dbf2f999955ebc217/execute/sync - {"script":"<script> [56 bytes]","args":[{"element-6066-11e4-a52e-4f735466cecf":"f.8EF3D0D450A4EB0CE4D2D51640C2B842.d.E9BF4756734026997092CB3655203005.e.6839","ELEMENT":"f.8EF3D0D450A4EB0CE4D2D51640C2B842.d.E9BF4756734026997092CB3655203005.e.6839"}]}
RESULT: {"script":"<script> [56 bytes]","args":[{"element-6066-11e4-a52e-4f735466cecf":"f.8EF3D0D450A4EB0CE4D2D51640C2B842.d.E9BF4756734026997092CB3655203005.e.6839","ELEMENT":"f.8EF3D0D450A4EB0CE4D2D51640C2B842.d.E9BF4756734026997092CB3655203005.e.6839"}]}
COMMAND: GET /session/fa1966063a4db30dbf2f999955ebc217/screenshot - {}
RESULT: {}
]]></system-out>
    </testcase>
    <testcase classname="chrome.136_0_7103_93.windows.Billing_Transfer_-_Master_data_&amp;_Intercompany_US127250" name="Should add equipment to the contract" time="48.491">
      <system-out><![CDATA[
COMMAND: POST /session/fa1966063a4db30dbf2f999955ebc217/element - {"using":"xpath","value":"//button[@data-kt=\"contractDetailEditBtnButton\"]"}
RESULT: {"using":"xpath","value":"//button[@data-kt=\"contractDetailEditBtnButton\"]"}
COMMAND: POST /session/fa1966063a4db30dbf2f999955ebc217/element/f.8EF3D0D450A4EB0CE4D2D51640C2B842.d.E9BF4756734026997092CB3655203005.e.6841/click - {}
RESULT: {}
COMMAND: GET /session/fa1966063a4db30dbf2f999955ebc217/screenshot - {}
RESULT: {}
COMMAND: POST /session/fa1966063a4db30dbf2f999955ebc217/element - {"using":"xpath","value":"(//span[contains(text(), \"Additional Addresses\")])[2]"}
RESULT: {"using":"xpath","value":"(//span[contains(text(), \"Additional Addresses\")])[2]"}
COMMAND: POST /session/fa1966063a4db30dbf2f999955ebc217/element/f.8EF3D0D450A4EB0CE4D2D51640C2B842.d.E9BF4756734026997092CB3655203005.e.6897/click - {}
RESULT: {}
COMMAND: GET /session/fa1966063a4db30dbf2f999955ebc217/screenshot - {}
RESULT: {}
COMMAND: POST /session/fa1966063a4db30dbf2f999955ebc217/element - {"using":"xpath","value":"//button[@data-kt=\"btnAddTableRowOverflowToolbarButton\"]"}
RESULT: {"using":"xpath","value":"//button[@data-kt=\"btnAddTableRowOverflowToolbarButton\"]"}
COMMAND: POST /session/fa1966063a4db30dbf2f999955ebc217/element/f.8EF3D0D450A4EB0CE4D2D51640C2B842.d.E9BF4756734026997092CB3655203005.e.6900/click - {}
RESULT: {}
COMMAND: GET /session/fa1966063a4db30dbf2f999955ebc217/screenshot - {}
RESULT: {}
COMMAND: POST /session/fa1966063a4db30dbf2f999955ebc217/element - {"using":"xpath","value":"//div[(text() = 'Standard Entry' or . = 'Standard Entry')]"}
RESULT: {"using":"xpath","value":"//div[(text() = 'Standard Entry' or . = 'Standard Entry')]"}
COMMAND: POST /session/fa1966063a4db30dbf2f999955ebc217/element/f.8EF3D0D450A4EB0CE4D2D51640C2B842.d.E9BF4756734026997092CB3655203005.e.6902/click - {}
RESULT: {}
COMMAND: GET /session/fa1966063a4db30dbf2f999955ebc217/screenshot - {}
RESULT: {}
COMMAND: POST /session/fa1966063a4db30dbf2f999955ebc217/element - {"using":"xpath","value":"//td[7]/div/div/input"}
RESULT: {"using":"xpath","value":"//td[7]/div/div/input"}
COMMAND: POST /session/fa1966063a4db30dbf2f999955ebc217/element/f.8EF3D0D450A4EB0CE4D2D51640C2B842.d.E9BF4756734026997092CB3655203005.e.6911/clear - {}
RESULT: {}
COMMAND: POST /session/fa1966063a4db30dbf2f999955ebc217/element/f.8EF3D0D450A4EB0CE4D2D51640C2B842.d.E9BF4756734026997092CB3655203005.e.6911/value - {"text":"ewLwcdoCIE"}
COMMAND: GET /session/fa1966063a4db30dbf2f999955ebc217/screenshot - {}
RESULT: {"text":"ewLwcdoCIE"}
COMMAND: GET /session/fa1966063a4db30dbf2f999955ebc217/screenshot - {}
RESULT: {}
RESULT: {}
COMMAND: POST /session/fa1966063a4db30dbf2f999955ebc217/actions - {"actions":[{"id":"action18","type":"key","parameters":{},"actions":[{"type":"keyDown","value":""},{"type":"pause","duration":10},{"type":"keyUp","value":""}]}]}
RESULT: {"actions":[{"id":"action18","type":"key","parameters":{},"actions":[{"type":"keyDown","value":""},{"type":"pause","duration":10},{"type":"keyUp","value":""}]}]}
COMMAND: GET /session/fa1966063a4db30dbf2f999955ebc217/screenshot - {}
RESULT: {}
COMMAND: POST /session/fa1966063a4db30dbf2f999955ebc217/execute/sync - {"script":"<script> [276 bytes]","args":["No pricing information was found"]}
RESULT: {"script":"<script> [276 bytes]","args":["No pricing information was found"]}
COMMAND: POST /session/fa1966063a4db30dbf2f999955ebc217/element - {"using":"xpath","value":"(//button[@data-kt=\"saveButton\"])[2]"}
COMMAND: GET /session/fa1966063a4db30dbf2f999955ebc217/screenshot - {}
RESULT: {"using":"xpath","value":"(//button[@data-kt=\"saveButton\"])[2]"}
COMMAND: POST /session/fa1966063a4db30dbf2f999955ebc217/element/f.8EF3D0D450A4EB0CE4D2D51640C2B842.d.E9BF4756734026997092CB3655203005.e.6926/click - {}
RESULT: {}
RESULT: {}
COMMAND: GET /session/fa1966063a4db30dbf2f999955ebc217/screenshot - {}
RESULT: {}
COMMAND: POST /session/fa1966063a4db30dbf2f999955ebc217/execute/sync - {"script":"<script> [276 bytes]","args":["Some contract items are having rental validity exceeding header rental validity"]}
RESULT: {"script":"<script> [276 bytes]","args":["Some contract items are having rental validity exceeding header rental validity"]}
COMMAND: GET /session/fa1966063a4db30dbf2f999955ebc217/screenshot - {}
RESULT: {}
COMMAND: POST /session/fa1966063a4db30dbf2f999955ebc217/element - {"using":"xpath","value":"//span[contains(@id ,\"contractItemsSmartTable-header-inner\")]"}
RESULT: {"using":"xpath","value":"//span[contains(@id ,\"contractItemsSmartTable-header-inner\")]"}
COMMAND: POST /session/fa1966063a4db30dbf2f999955ebc217/elements - {"using":"xpath","value":"//span[contains(@id ,\"contractItemsSmartTable-header-inner\")]"}
RESULT: {"using":"xpath","value":"//span[contains(@id ,\"contractItemsSmartTable-header-inner\")]"}
COMMAND: POST /session/fa1966063a4db30dbf2f999955ebc217/execute/sync - {"script":"<script> [56 bytes]","args":[{"element-6066-11e4-a52e-4f735466cecf":"f.8EF3D0D450A4EB0CE4D2D51640C2B842.d.E9BF4756734026997092CB3655203005.e.6935","ELEMENT":"f.8EF3D0D450A4EB0CE4D2D51640C2B842.d.E9BF4756734026997092CB3655203005.e.6935"}]}
RESULT: {"script":"<script> [56 bytes]","args":[{"element-6066-11e4-a52e-4f735466cecf":"f.8EF3D0D450A4EB0CE4D2D51640C2B842.d.E9BF4756734026997092CB3655203005.e.6935","ELEMENT":"f.8EF3D0D450A4EB0CE4D2D51640C2B842.d.E9BF4756734026997092CB3655203005.e.6935"}]}
]]></system-out>
    </testcase>
    <testcase classname="chrome.136_0_7103_93.windows.Billing_Transfer_-_Master_data_&amp;_Intercompany_US127250" name="Should do a provide to site handover" time="66.844">
      <system-out><![CDATA[
COMMAND: POST /session/fa1966063a4db30dbf2f999955ebc217/element - {"using":"xpath","value":"//button[@data-kt=\"provideButton\"]"}
COMMAND: GET /session/fa1966063a4db30dbf2f999955ebc217/screenshot - {}
RESULT: {"using":"xpath","value":"//button[@data-kt=\"provideButton\"]"}
COMMAND: POST /session/fa1966063a4db30dbf2f999955ebc217/element/f.8EF3D0D450A4EB0CE4D2D51640C2B842.d.E9BF4756734026997092CB3655203005.e.6936/click - {}
RESULT: {}
RESULT: {}
COMMAND: GET /session/fa1966063a4db30dbf2f999955ebc217/screenshot - {}
RESULT: {}
RESULT: undefined
COMMAND: POST /session/fa1966063a4db30dbf2f999955ebc217/execute/async - {"script":"<script> [6424 bytes]","args":[{"element-6066-11e4-a52e-4f735466cecf":"f.8EF3D0D450A4EB0CE4D2D51640C2B842.d.E9BF4756734026997092CB3655203005.e.5973"},"setValue",["5/24/25"]]}
COMMAND: POST /session/fa1966063a4db30dbf2f999955ebc217/execute/async - {"script":"<script> [1562 bytes]","args":[{"selector":{"id":"application-managehandovers-display-component---AddNewHO--dueDate","interaction":{"idSuffix":"inner"}},"wdio_ui5_key":"applicationmanagehandovers-display-component---AddNewHO--dueDate"}]}
RESULT: {"script":"<script> [1562 bytes]","args":[{"selector":{"id":"application-managehandovers-display-component---AddNewHO--dueDate","interaction":{"idSuffix":"inner"}},"wdio_ui5_key":"applicationmanagehandovers-display-component---AddNewHO--dueDate"}]}
COMMAND: POST /session/fa1966063a4db30dbf2f999955ebc217/execute/async - {"script":"<script> [6424 bytes]","args":[{"element-6066-11e4-a52e-4f735466cecf":"f.8EF3D0D450A4EB0CE4D2D51640C2B842.d.E9BF4756734026997092CB3655203005.e.6993"},"setValue",["5/24/25"]]}
RESULT: {"script":"<script> [6424 bytes]","args":[{"element-6066-11e4-a52e-4f735466cecf":"f.8EF3D0D450A4EB0CE4D2D51640C2B842.d.E9BF4756734026997092CB3655203005.e.6993"},"setValue",["5/24/25"]]}
COMMAND: POST /session/fa1966063a4db30dbf2f999955ebc217/element - {"using":"xpath","value":"//bdi[contains(text(), \"Instructions\")]"}
RESULT: {"using":"xpath","value":"//bdi[contains(text(), \"Instructions\")]"}
COMMAND: POST /session/fa1966063a4db30dbf2f999955ebc217/element/f.8EF3D0D450A4EB0CE4D2D51640C2B842.d.E9BF4756734026997092CB3655203005.e.7107/click - {}
RESULT: {}
COMMAND: GET /session/fa1966063a4db30dbf2f999955ebc217/screenshot - {}
RESULT: {}
COMMAND: POST /session/fa1966063a4db30dbf2f999955ebc217/element - {"using":"xpath","value":"//button[@data-kt=\"AddNewHOProvideAddItemsButton\"]"}
RESULT: {"using":"xpath","value":"//button[@data-kt=\"AddNewHOProvideAddItemsButton\"]"}
COMMAND: POST /session/fa1966063a4db30dbf2f999955ebc217/element/f.8EF3D0D450A4EB0CE4D2D51640C2B842.d.E9BF4756734026997092CB3655203005.e.7111/click - {}
RESULT: {}
COMMAND: GET /session/fa1966063a4db30dbf2f999955ebc217/screenshot - {}
RESULT: {}
RESULT: undefined
COMMAND: POST /session/fa1966063a4db30dbf2f999955ebc217/element - {"using":"xpath","value":"//*[@id=\"application-managehandovers-display-component---AddNewHO--popup-sa\"]"}
RESULT: {"using":"xpath","value":"//*[@id=\"application-managehandovers-display-component---AddNewHO--popup-sa\"]"}
COMMAND: POST /session/fa1966063a4db30dbf2f999955ebc217/element/f.8EF3D0D450A4EB0CE4D2D51640C2B842.d.E9BF4756734026997092CB3655203005.e.7121/click - {}
RESULT: {}
COMMAND: GET /session/fa1966063a4db30dbf2f999955ebc217/screenshot - {}
RESULT: {}
COMMAND: POST /session/fa1966063a4db30dbf2f999955ebc217/element - {"using":"xpath","value":"//*[contains(@id ,\"BDI-content\")][contains(text(), \"Select\")]"}
RESULT: {"using":"xpath","value":"//*[contains(@id ,\"BDI-content\")][contains(text(), \"Select\")]"}
COMMAND: POST /session/fa1966063a4db30dbf2f999955ebc217/element/f.8EF3D0D450A4EB0CE4D2D51640C2B842.d.E9BF4756734026997092CB3655203005.e.7122/click - {}
RESULT: {}
COMMAND: GET /session/fa1966063a4db30dbf2f999955ebc217/screenshot - {}
RESULT: {}
COMMAND: POST /session/fa1966063a4db30dbf2f999955ebc217/execute/async - {"script":"<script> [1562 bytes]","args":[{"selector":{"id":"application-managehandovers-display-component---AddNewHO--confirmCreationButton","interaction":{"idSuffix":"BDI-content"}},"wdio_ui5_key":"applicationmanagehandovers-display-component---AddNewHO--confirmCreationButton"}]}
RESULT: {"script":"<script> [1562 bytes]","args":[{"selector":{"id":"application-managehandovers-display-component---AddNewHO--confirmCreationButton","interaction":{"idSuffix":"BDI-content"}},"wdio_ui5_key":"applicationmanagehandovers-display-component---AddNewHO--confirmCreationButton"}]}
RESULT: undefined
COMMAND: POST /session/fa1966063a4db30dbf2f999955ebc217/element - {"using":"xpath","value":"//*[@id=\"application-managehandovers-display-component---AddNewHO--confirmCreationButton\"]"}
RESULT: {"using":"xpath","value":"//*[@id=\"application-managehandovers-display-component---AddNewHO--confirmCreationButton\"]"}
COMMAND: POST /session/fa1966063a4db30dbf2f999955ebc217/element/f.8EF3D0D450A4EB0CE4D2D51640C2B842.d.E9BF4756734026997092CB3655203005.e.7066/click - {}
RESULT: {}
COMMAND: GET /session/fa1966063a4db30dbf2f999955ebc217/screenshot - {}
RESULT: {}
COMMAND: POST /session/fa1966063a4db30dbf2f999955ebc217/execute/async - {"script":"<script> [1562 bytes]","args":[{"selector":{"id":"issueDatePicker","viewName":"etm.portal.ui.managehandovers.view.DetailExecuteHO","interaction":{"idSuffix":"inner"}},"wdio_ui5_key":"issueDatePickeretmportal.ui.managehandovers.view.DetailExecuteHO"}]}
RESULT: {"script":"<script> [1562 bytes]","args":[{"selector":{"id":"issueDatePicker","viewName":"etm.portal.ui.managehandovers.view.DetailExecuteHO","interaction":{"idSuffix":"inner"}},"wdio_ui5_key":"issueDatePickeretmportal.ui.managehandovers.view.DetailExecuteHO"}]}
RESULT: undefined
COMMAND: POST /session/fa1966063a4db30dbf2f999955ebc217/execute/async - {"script":"<script> [776 bytes]","args":[{"enterText":"5/24/25","selector":{"id":"issueDatePicker","viewName":"etm.portal.ui.managehandovers.view.DetailExecuteHO","interaction":{"idSuffix":"inner"}},"clearTextFirst":true,"interactionType":"ENTER_TEXT"}]}
RESULT: {"script":"<script> [776 bytes]","args":[{"enterText":"5/24/25","selector":{"id":"issueDatePicker","viewName":"etm.portal.ui.managehandovers.view.DetailExecuteHO","interaction":{"idSuffix":"inner"}},"clearTextFirst":true,"interactionType":"ENTER_TEXT"}]}
COMMAND: POST /session/fa1966063a4db30dbf2f999955ebc217/element - {"using":"xpath","value":"//button[@data-kt=\"PickingTableConfirmAllButton\"]"}
RESULT: {"using":"xpath","value":"//button[@data-kt=\"PickingTableConfirmAllButton\"]"}
COMMAND: POST /session/fa1966063a4db30dbf2f999955ebc217/element/f.8EF3D0D450A4EB0CE4D2D51640C2B842.d.E9BF4756734026997092CB3655203005.e.7183/click - {}
RESULT: {}
COMMAND: GET /session/fa1966063a4db30dbf2f999955ebc217/screenshot - {}
RESULT: {}
COMMAND: POST /session/fa1966063a4db30dbf2f999955ebc217/element - {"using":"xpath","value":"//bdi[contains(text(), \"OK\")]"}
RESULT: {"using":"xpath","value":"//bdi[contains(text(), \"OK\")]"}
COMMAND: POST /session/fa1966063a4db30dbf2f999955ebc217/element/f.8EF3D0D450A4EB0CE4D2D51640C2B842.d.E9BF4756734026997092CB3655203005.e.7186/click - {}
RESULT: {}
COMMAND: GET /session/fa1966063a4db30dbf2f999955ebc217/screenshot - {}
RESULT: {}
COMMAND: POST /session/fa1966063a4db30dbf2f999955ebc217/element - {"using":"xpath","value":"//bdi[contains(text(), \"Issue\")]"}
RESULT: {"using":"xpath","value":"//bdi[contains(text(), \"Issue\")]"}
COMMAND: POST /session/fa1966063a4db30dbf2f999955ebc217/element/f.8EF3D0D450A4EB0CE4D2D51640C2B842.d.E9BF4756734026997092CB3655203005.e.7188/click - {}
RESULT: {}
COMMAND: GET /session/fa1966063a4db30dbf2f999955ebc217/screenshot - {}
RESULT: {}
COMMAND: POST /session/fa1966063a4db30dbf2f999955ebc217/element - {"using":"css selector","value":"#shell-header-logo"}
RESULT: {"using":"css selector","value":"#shell-header-logo"}
COMMAND: POST /session/fa1966063a4db30dbf2f999955ebc217/element/f.8EF3D0D450A4EB0CE4D2D51640C2B842.d.E9BF4756734026997092CB3655203005.e.6377/click - {}
RESULT: {}
COMMAND: GET /session/fa1966063a4db30dbf2f999955ebc217/screenshot - {}
RESULT: {}
]]></system-out>
    </testcase>
    <testcase classname="chrome.136_0_7103_93.windows.Billing_Transfer_-_Master_data_&amp;_Intercompany_US127250" name="Should go navigate to Manage Billings and trigger contract calculation check result" time="63.988">
      <system-out><![CDATA[
COMMAND: POST /session/fa1966063a4db30dbf2f999955ebc217/execute/async - {"script":"<script> [1562 bytes]","args":[{"selector":{"controlType":"sap.m.GenericTile","properties":{"header":"Manage Billings"}},"wdio_ui5_key":"sapm.GenericTile{\"header\":\"Manage Billings\"}"}]}
RESULT: {"script":"<script> [1562 bytes]","args":[{"selector":{"controlType":"sap.m.GenericTile","properties":{"header":"Manage Billings"}},"wdio_ui5_key":"sapm.GenericTile{\"header\":\"Manage Billings\"}"}]}
RESULT: undefined
COMMAND: POST /session/fa1966063a4db30dbf2f999955ebc217/element - {"using":"xpath","value":"//*[@id=\"__tile51\"]"}
RESULT: {"using":"xpath","value":"//*[@id=\"__tile51\"]"}
COMMAND: POST /session/fa1966063a4db30dbf2f999955ebc217/element/f.8EF3D0D450A4EB0CE4D2D51640C2B842.d.E9BF4756734026997092CB3655203005.e.2152/click - {}
RESULT: {}
COMMAND: GET /session/fa1966063a4db30dbf2f999955ebc217/screenshot - {}
RESULT: {}
COMMAND: POST /session/fa1966063a4db30dbf2f999955ebc217/elements - {"using":"xpath","value":"//span[text()='Error']"}
RESULT: {"using":"xpath","value":"//span[text()='Error']"}
COMMAND: POST /session/fa1966063a4db30dbf2f999955ebc217/execute/async - {"script":"<script> [1562 bytes]","args":[{"selector":{"id":"application-managebillings-display-component---billRunCalcResult--smartFilterBar-btnBasicSearch","interaction":{"idSuffix":"I"}},"wdio_ui5_key":"applicationmanagebillings-display-component---billRunCalcResult--smartFilterBar-btnBasicSearch"}]}
RESULT: {"script":"<script> [1562 bytes]","args":[{"selector":{"id":"application-managebillings-display-component---billRunCalcResult--smartFilterBar-btnBasicSearch","interaction":{"idSuffix":"I"}},"wdio_ui5_key":"applicationmanagebillings-display-component---billRunCalcResult--smartFilterBar-btnBasicSearch"}]}
RESULT: undefined
COMMAND: POST /session/fa1966063a4db30dbf2f999955ebc217/execute/async - {"script":"<script> [776 bytes]","args":[{"enterText":"10191","selector":{"id":"application-managebillings-display-component---billRunCalcResult--smartFilterBar-btnBasicSearch","interaction":{"idSuffix":"I"}},"clearTextFirst":true,"interactionType":"ENTER_TEXT"}]}
RESULT: {"script":"<script> [776 bytes]","args":[{"enterText":"10191","selector":{"id":"application-managebillings-display-component---billRunCalcResult--smartFilterBar-btnBasicSearch","interaction":{"idSuffix":"I"}},"clearTextFirst":true,"interactionType":"ENTER_TEXT"}]}
COMMAND: POST /session/fa1966063a4db30dbf2f999955ebc217/actions - {"actions":[{"id":"action19","type":"key","parameters":{},"actions":[{"type":"keyDown","value":""},{"type":"pause","duration":10},{"type":"keyUp","value":""}]}]}
RESULT: {"actions":[{"id":"action19","type":"key","parameters":{},"actions":[{"type":"keyDown","value":""},{"type":"pause","duration":10},{"type":"keyUp","value":""}]}]}
COMMAND: GET /session/fa1966063a4db30dbf2f999955ebc217/screenshot - {}
RESULT: {}
COMMAND: POST /session/fa1966063a4db30dbf2f999955ebc217/element - {"using":"xpath","value":"//td[@aria-colindex=\"1\"]/div/div[contains(@class, \"sapMCbBg\")]"}
RESULT: {"using":"xpath","value":"//td[@aria-colindex=\"1\"]/div/div[contains(@class, \"sapMCbBg\")]"}
COMMAND: POST /session/fa1966063a4db30dbf2f999955ebc217/element/f.8EF3D0D450A4EB0CE4D2D51640C2B842.d.E9BF4756734026997092CB3655203005.e.7605/click - {}
RESULT: {}
COMMAND: GET /session/fa1966063a4db30dbf2f999955ebc217/screenshot - {}
RESULT: {}
COMMAND: POST /session/fa1966063a4db30dbf2f999955ebc217/execute/async - {"script":"<script> [1562 bytes]","args":[{"selector":{"id":"application-managebillings-display-component---billRunCalcResult--contractBillRunDate","interaction":{"idSuffix":"inner"}},"wdio_ui5_key":"applicationmanagebillings-display-component---billRunCalcResult--contractBillRunDate"}]}
RESULT: {"script":"<script> [1562 bytes]","args":[{"selector":{"id":"application-managebillings-display-component---billRunCalcResult--contractBillRunDate","interaction":{"idSuffix":"inner"}},"wdio_ui5_key":"applicationmanagebillings-display-component---billRunCalcResult--contractBillRunDate"}]}
RESULT: undefined
COMMAND: POST /session/fa1966063a4db30dbf2f999955ebc217/execute/async - {"script":"<script> [776 bytes]","args":[{"enterText":"6/24/25","selector":{"id":"application-managebillings-display-component---billRunCalcResult--contractBillRunDate","interaction":{"idSuffix":"inner"}},"clearTextFirst":true,"interactionType":"ENTER_TEXT"}]}
RESULT: {"script":"<script> [776 bytes]","args":[{"enterText":"6/24/25","selector":{"id":"application-managebillings-display-component---billRunCalcResult--contractBillRunDate","interaction":{"idSuffix":"inner"}},"clearTextFirst":true,"interactionType":"ENTER_TEXT"}]}
COMMAND: POST /session/fa1966063a4db30dbf2f999955ebc217/element - {"using":"xpath","value":"//bdi[contains(text(), \"Trigger Calculation\")]"}
RESULT: {"using":"xpath","value":"//bdi[contains(text(), \"Trigger Calculation\")]"}
COMMAND: POST /session/fa1966063a4db30dbf2f999955ebc217/element/f.8EF3D0D450A4EB0CE4D2D51640C2B842.d.E9BF4756734026997092CB3655203005.e.7627/click - {}
RESULT: {}
COMMAND: GET /session/fa1966063a4db30dbf2f999955ebc217/screenshot - {}
RESULT: {}
COMMAND: POST /session/fa1966063a4db30dbf2f999955ebc217/element - {"using":"xpath","value":"(//span[contains(@id, \"imgNav\")])[1]"}
RESULT: {"using":"xpath","value":"(//span[contains(@id, \"imgNav\")])[1]"}
COMMAND: POST /session/fa1966063a4db30dbf2f999955ebc217/element/f.8EF3D0D450A4EB0CE4D2D51640C2B842.d.E9BF4756734026997092CB3655203005.e.7619/click - {}
RESULT: {}
COMMAND: GET /session/fa1966063a4db30dbf2f999955ebc217/screenshot - {}
RESULT: {}
COMMAND: POST /session/fa1966063a4db30dbf2f999955ebc217/element - {"using":"xpath","value":"//tr/td[6]/div[1]/span[1]/span[1]"}
RESULT: {"using":"xpath","value":"//tr/td[6]/div[1]/span[1]/span[1]"}
COMMAND: GET /session/fa1966063a4db30dbf2f999955ebc217/element/f.8EF3D0D450A4EB0CE4D2D51640C2B842.d.E9BF4756734026997092CB3655203005.e.7632/text - {}
RESULT: {}
COMMAND: POST /session/fa1966063a4db30dbf2f999955ebc217/element - {"using":"xpath","value":"(//span[contains(@id, \"imgNav\")])[2]"}
RESULT: {"using":"xpath","value":"(//span[contains(@id, \"imgNav\")])[2]"}
COMMAND: POST /session/fa1966063a4db30dbf2f999955ebc217/element/f.8EF3D0D450A4EB0CE4D2D51640C2B842.d.E9BF4756734026997092CB3655203005.e.7633/click - {}
RESULT: {}
COMMAND: POST /session/fa1966063a4db30dbf2f999955ebc217/element - {"using":"xpath","value":"//bdi[contains(text(), \"Business Confirm\")]"}
COMMAND: GET /session/fa1966063a4db30dbf2f999955ebc217/screenshot - {}
RESULT: {"using":"xpath","value":"//bdi[contains(text(), \"Business Confirm\")]"}
COMMAND: POST /session/fa1966063a4db30dbf2f999955ebc217/elements - {"using":"xpath","value":"//bdi[contains(text(), \"Business Confirm\")]"}
RESULT: {}
RESULT: {"using":"xpath","value":"//bdi[contains(text(), \"Business Confirm\")]"}
COMMAND: POST /session/fa1966063a4db30dbf2f999955ebc217/element - {"using":"xpath","value":"//bdi[contains(text(), \"Business Confirm\")]"}
RESULT: {"using":"xpath","value":"//bdi[contains(text(), \"Business Confirm\")]"}
COMMAND: POST /session/fa1966063a4db30dbf2f999955ebc217/element/f.8EF3D0D450A4EB0CE4D2D51640C2B842.d.E9BF4756734026997092CB3655203005.e.7636/click - {}
COMMAND: POST /session/fa1966063a4db30dbf2f999955ebc217/element - {"using":"xpath","value":"//bdi[contains(text(), \"Business Confirm\")]"}
RESULT: {"using":"xpath","value":"//bdi[contains(text(), \"Business Confirm\")]"}
COMMAND: POST /session/fa1966063a4db30dbf2f999955ebc217/element/f.8EF3D0D450A4EB0CE4D2D51640C2B842.d.E9BF4756734026997092CB3655203005.e.7636/click - {}
COMMAND: POST /session/fa1966063a4db30dbf2f999955ebc217/element - {"using":"xpath","value":"//bdi[contains(text(), \"Business Confirm\")]"}
RESULT: {"using":"xpath","value":"//bdi[contains(text(), \"Business Confirm\")]"}
COMMAND: POST /session/fa1966063a4db30dbf2f999955ebc217/element/f.8EF3D0D450A4EB0CE4D2D51640C2B842.d.E9BF4756734026997092CB3655203005.e.7690/click - {}
RESULT: {}
COMMAND: POST /session/fa1966063a4db30dbf2f999955ebc217/element - {"using":"css selector","value":"#shell-header-logo"}
COMMAND: GET /session/fa1966063a4db30dbf2f999955ebc217/screenshot - {}
RESULT: {"using":"css selector","value":"#shell-header-logo"}
COMMAND: POST /session/fa1966063a4db30dbf2f999955ebc217/element/f.8EF3D0D450A4EB0CE4D2D51640C2B842.d.E9BF4756734026997092CB3655203005.e.7383/click - {}
RESULT: {}
RESULT: {}
COMMAND: GET /session/fa1966063a4db30dbf2f999955ebc217/screenshot - {}
RESULT: {}
]]></system-out>
    </testcase>
    <testcase classname="chrome.136_0_7103_93.windows.Billing_Transfer_-_Master_data_&amp;_Intercompany_US127250" name="Should do Billing Transfer all the way into invoice open for intercompany case" time="87.841">
      <system-out><![CDATA[
COMMAND: POST /session/fa1966063a4db30dbf2f999955ebc217/execute/async - {"script":"<script> [1562 bytes]","args":[{"selector":{"controlType":"sap.m.GenericTile","properties":{"header":"Billing Transfer"}},"wdio_ui5_key":"sapm.GenericTile{\"header\":\"Billing Transfer\"}"}]}
RESULT: {"script":"<script> [1562 bytes]","args":[{"selector":{"controlType":"sap.m.GenericTile","properties":{"header":"Billing Transfer"}},"wdio_ui5_key":"sapm.GenericTile{\"header\":\"Billing Transfer\"}"}]}
RESULT: undefined
COMMAND: POST /session/fa1966063a4db30dbf2f999955ebc217/element - {"using":"xpath","value":"//*[@id=\"__tile50\"]"}
RESULT: {"using":"xpath","value":"//*[@id=\"__tile50\"]"}
COMMAND: POST /session/fa1966063a4db30dbf2f999955ebc217/element/f.8EF3D0D450A4EB0CE4D2D51640C2B842.d.E9BF4756734026997092CB3655203005.e.2150/click - {}
RESULT: {}
COMMAND: GET /session/fa1966063a4db30dbf2f999955ebc217/screenshot - {}
RESULT: {}
COMMAND: POST /session/fa1966063a4db30dbf2f999955ebc217/elements - {"using":"xpath","value":"//span[text()='Error']"}
RESULT: {"using":"xpath","value":"//span[text()='Error']"}
COMMAND: POST /session/fa1966063a4db30dbf2f999955ebc217/element - {"using":"xpath","value":"//input[contains(@id ,\"application-billingtransfer-display-component---billingWorkbench--smartFilterBar-btnBasicSearch\")]"}
RESULT: {"using":"xpath","value":"//input[contains(@id ,\"application-billingtransfer-display-component---billingWorkbench--smartFilterBar-btnBasicSearch\")]"}
COMMAND: POST /session/fa1966063a4db30dbf2f999955ebc217/elements - {"using":"xpath","value":"//input[contains(@id ,\"application-billingtransfer-display-component---billingWorkbench--smartFilterBar-btnBasicSearch\")]"}
RESULT: {"using":"xpath","value":"//input[contains(@id ,\"application-billingtransfer-display-component---billingWorkbench--smartFilterBar-btnBasicSearch\")]"}
COMMAND: POST /session/fa1966063a4db30dbf2f999955ebc217/execute/sync - {"script":"<script> [8489 bytes]","args":[{"element-6066-11e4-a52e-4f735466cecf":"f.8EF3D0D450A4EB0CE4D2D51640C2B842.d.E9BF4756734026997092CB3655203005.e.7718","ELEMENT":"f.8EF3D0D450A4EB0CE4D2D51640C2B842.d.E9BF4756734026997092CB3655203005.e.7718"}]}
RESULT: {"script":"<script> [8489 bytes]","args":[{"element-6066-11e4-a52e-4f735466cecf":"f.8EF3D0D450A4EB0CE4D2D51640C2B842.d.E9BF4756734026997092CB3655203005.e.7718","ELEMENT":"f.8EF3D0D450A4EB0CE4D2D51640C2B842.d.E9BF4756734026997092CB3655203005.e.7718"}]}
COMMAND: GET /session/fa1966063a4db30dbf2f999955ebc217/element/f.8EF3D0D450A4EB0CE4D2D51640C2B842.d.E9BF4756734026997092CB3655203005.e.7718/enabled - {}
COMMAND: GET /session/fa1966063a4db30dbf2f999955ebc217/screenshot - {}
RESULT: {}
COMMAND: POST /session/fa1966063a4db30dbf2f999955ebc217/element/f.8EF3D0D450A4EB0CE4D2D51640C2B842.d.E9BF4756734026997092CB3655203005.e.7718/click - {}
COMMAND: GET /session/fa1966063a4db30dbf2f999955ebc217/screenshot - {}
RESULT: {}
RESULT: {}
COMMAND: GET /session/fa1966063a4db30dbf2f999955ebc217/screenshot - {}
RESULT: {}
RESULT: {}
COMMAND: POST /session/fa1966063a4db30dbf2f999955ebc217/element/f.8EF3D0D450A4EB0CE4D2D51640C2B842.d.E9BF4756734026997092CB3655203005.e.7718/clear - {}
RESULT: {}
COMMAND: POST /session/fa1966063a4db30dbf2f999955ebc217/element/f.8EF3D0D450A4EB0CE4D2D51640C2B842.d.E9BF4756734026997092CB3655203005.e.7718/value - {"text":"10191"}
COMMAND: GET /session/fa1966063a4db30dbf2f999955ebc217/screenshot - {}
RESULT: {"text":"10191"}
COMMAND: POST /session/fa1966063a4db30dbf2f999955ebc217/actions - {"actions":[{"id":"action20","type":"key","parameters":{},"actions":[{"type":"keyDown","value":""},{"type":"pause","duration":10},{"type":"keyUp","value":""}]}]}
COMMAND: GET /session/fa1966063a4db30dbf2f999955ebc217/screenshot - {}
RESULT: {}
RESULT: {"actions":[{"id":"action20","type":"key","parameters":{},"actions":[{"type":"keyDown","value":""},{"type":"pause","duration":10},{"type":"keyUp","value":""}]}]}
COMMAND: GET /session/fa1966063a4db30dbf2f999955ebc217/screenshot - {}
RESULT: {}
RESULT: {}
COMMAND: POST /session/fa1966063a4db30dbf2f999955ebc217/element - {"using":"xpath","value":"//span[contains(@id ,\"application-billingtransfer-display-component---billingWorkbench--smartTableBillingRuns-header-inner\")]"}
RESULT: {"using":"xpath","value":"//span[contains(@id ,\"application-billingtransfer-display-component---billingWorkbench--smartTableBillingRuns-header-inner\")]"}
COMMAND: POST /session/fa1966063a4db30dbf2f999955ebc217/elements - {"using":"xpath","value":"//span[contains(@id ,\"application-billingtransfer-display-component---billingWorkbench--smartTableBillingRuns-header-inner\")]"}
RESULT: {"using":"xpath","value":"//span[contains(@id ,\"application-billingtransfer-display-component---billingWorkbench--smartTableBillingRuns-header-inner\")]"}
COMMAND: POST /session/fa1966063a4db30dbf2f999955ebc217/execute/sync - {"script":"<script> [56 bytes]","args":[{"element-6066-11e4-a52e-4f735466cecf":"f.8EF3D0D450A4EB0CE4D2D51640C2B842.d.E9BF4756734026997092CB3655203005.e.7853","ELEMENT":"f.8EF3D0D450A4EB0CE4D2D51640C2B842.d.E9BF4756734026997092CB3655203005.e.7853"}]}
RESULT: {"script":"<script> [56 bytes]","args":[{"element-6066-11e4-a52e-4f735466cecf":"f.8EF3D0D450A4EB0CE4D2D51640C2B842.d.E9BF4756734026997092CB3655203005.e.7853","ELEMENT":"f.8EF3D0D450A4EB0CE4D2D51640C2B842.d.E9BF4756734026997092CB3655203005.e.7853"}]}
COMMAND: POST /session/fa1966063a4db30dbf2f999955ebc217/element - {"using":"xpath","value":"//td[@aria-colindex=\"1\"]/div/div[contains(@class, \"sapMCbBg\")]"}
COMMAND: GET /session/fa1966063a4db30dbf2f999955ebc217/screenshot - {}
RESULT: {"using":"xpath","value":"//td[@aria-colindex=\"1\"]/div/div[contains(@class, \"sapMCbBg\")]"}
COMMAND: POST /session/fa1966063a4db30dbf2f999955ebc217/element/f.8EF3D0D450A4EB0CE4D2D51640C2B842.d.E9BF4756734026997092CB3655203005.e.7846/click - {}
RESULT: {}
RESULT: {}
COMMAND: GET /session/fa1966063a4db30dbf2f999955ebc217/screenshot - {}
RESULT: {}
COMMAND: POST /session/fa1966063a4db30dbf2f999955ebc217/element - {"using":"xpath","value":"//bdi[contains(text(), \"Check\")]"}
RESULT: {"using":"xpath","value":"//bdi[contains(text(), \"Check\")]"}
COMMAND: POST /session/fa1966063a4db30dbf2f999955ebc217/element/f.8EF3D0D450A4EB0CE4D2D51640C2B842.d.E9BF4756734026997092CB3655203005.e.7854/click - {}
RESULT: {}
COMMAND: GET /session/fa1966063a4db30dbf2f999955ebc217/screenshot - {}
RESULT: {}
COMMAND: POST /session/fa1966063a4db30dbf2f999955ebc217/element - {"using":"xpath","value":"//bdi[contains(text(), \"OK\")]"}
RESULT: {"using":"xpath","value":"//bdi[contains(text(), \"OK\")]"}
COMMAND: POST /session/fa1966063a4db30dbf2f999955ebc217/element/f.8EF3D0D450A4EB0CE4D2D51640C2B842.d.E9BF4756734026997092CB3655203005.e.7858/click - {}
RESULT: {}
COMMAND: GET /session/fa1966063a4db30dbf2f999955ebc217/screenshot - {}
RESULT: {}
COMMAND: POST /session/fa1966063a4db30dbf2f999955ebc217/element - {"using":"xpath","value":"(//span[contains(text(), \"CO/SD checked\")]/parent::div/preceding-sibling::div/span)[1]"}
RESULT: {"using":"xpath","value":"(//span[contains(text(), \"CO/SD checked\")]/parent::div/preceding-sibling::div/span)[1]"}
COMMAND: POST /session/fa1966063a4db30dbf2f999955ebc217/element/f.8EF3D0D450A4EB0CE4D2D51640C2B842.d.E9BF4756734026997092CB3655203005.e.7867/click - {}
RESULT: {}
COMMAND: GET /session/fa1966063a4db30dbf2f999955ebc217/screenshot - {}
RESULT: {}
COMMAND: POST /session/fa1966063a4db30dbf2f999955ebc217/element - {"using":"xpath","value":"//input[contains(@id ,\"application-billingtransfer-display-component---billingWorkbench--smartFilterBar-btnBasicSearch\")]"}
RESULT: {"using":"xpath","value":"//input[contains(@id ,\"application-billingtransfer-display-component---billingWorkbench--smartFilterBar-btnBasicSearch\")]"}
COMMAND: POST /session/fa1966063a4db30dbf2f999955ebc217/elements - {"using":"xpath","value":"//input[contains(@id ,\"application-billingtransfer-display-component---billingWorkbench--smartFilterBar-btnBasicSearch\")]"}
RESULT: {"using":"xpath","value":"//input[contains(@id ,\"application-billingtransfer-display-component---billingWorkbench--smartFilterBar-btnBasicSearch\")]"}
COMMAND: POST /session/fa1966063a4db30dbf2f999955ebc217/execute/sync - {"script":"<script> [8489 bytes]","args":[{"element-6066-11e4-a52e-4f735466cecf":"f.8EF3D0D450A4EB0CE4D2D51640C2B842.d.E9BF4756734026997092CB3655203005.e.7718","ELEMENT":"f.8EF3D0D450A4EB0CE4D2D51640C2B842.d.E9BF4756734026997092CB3655203005.e.7718"}]}
RESULT: {"script":"<script> [8489 bytes]","args":[{"element-6066-11e4-a52e-4f735466cecf":"f.8EF3D0D450A4EB0CE4D2D51640C2B842.d.E9BF4756734026997092CB3655203005.e.7718","ELEMENT":"f.8EF3D0D450A4EB0CE4D2D51640C2B842.d.E9BF4756734026997092CB3655203005.e.7718"}]}
COMMAND: GET /session/fa1966063a4db30dbf2f999955ebc217/element/f.8EF3D0D450A4EB0CE4D2D51640C2B842.d.E9BF4756734026997092CB3655203005.e.7718/enabled - {}
COMMAND: GET /session/fa1966063a4db30dbf2f999955ebc217/screenshot - {}
RESULT: {}
COMMAND: POST /session/fa1966063a4db30dbf2f999955ebc217/element/f.8EF3D0D450A4EB0CE4D2D51640C2B842.d.E9BF4756734026997092CB3655203005.e.7718/click - {}
COMMAND: GET /session/fa1966063a4db30dbf2f999955ebc217/screenshot - {}
RESULT: {}
RESULT: {}
COMMAND: GET /session/fa1966063a4db30dbf2f999955ebc217/screenshot - {}
RESULT: {}
RESULT: {}
COMMAND: POST /session/fa1966063a4db30dbf2f999955ebc217/element/f.8EF3D0D450A4EB0CE4D2D51640C2B842.d.E9BF4756734026997092CB3655203005.e.7718/clear - {}
RESULT: {}
COMMAND: POST /session/fa1966063a4db30dbf2f999955ebc217/element/f.8EF3D0D450A4EB0CE4D2D51640C2B842.d.E9BF4756734026997092CB3655203005.e.7718/value - {"text":"10191"}
COMMAND: GET /session/fa1966063a4db30dbf2f999955ebc217/screenshot - {}
RESULT: {"text":"10191"}
COMMAND: POST /session/fa1966063a4db30dbf2f999955ebc217/actions - {"actions":[{"id":"action21","type":"key","parameters":{},"actions":[{"type":"keyDown","value":""},{"type":"pause","duration":10},{"type":"keyUp","value":""}]}]}
COMMAND: GET /session/fa1966063a4db30dbf2f999955ebc217/screenshot - {}
RESULT: {}
RESULT: {"actions":[{"id":"action21","type":"key","parameters":{},"actions":[{"type":"keyDown","value":""},{"type":"pause","duration":10},{"type":"keyUp","value":""}]}]}
COMMAND: GET /session/fa1966063a4db30dbf2f999955ebc217/screenshot - {}
RESULT: {}
RESULT: {}
COMMAND: POST /session/fa1966063a4db30dbf2f999955ebc217/element - {"using":"xpath","value":"//span[contains(@id ,\"application-billingtransfer-display-component---billingWorkbench--smartTableBillingRuns-header-inner\")]"}
RESULT: {"using":"xpath","value":"//span[contains(@id ,\"application-billingtransfer-display-component---billingWorkbench--smartTableBillingRuns-header-inner\")]"}
COMMAND: POST /session/fa1966063a4db30dbf2f999955ebc217/elements - {"using":"xpath","value":"//span[contains(@id ,\"application-billingtransfer-display-component---billingWorkbench--smartTableBillingRuns-header-inner\")]"}
RESULT: {"using":"xpath","value":"//span[contains(@id ,\"application-billingtransfer-display-component---billingWorkbench--smartTableBillingRuns-header-inner\")]"}
COMMAND: POST /session/fa1966063a4db30dbf2f999955ebc217/execute/sync - {"script":"<script> [56 bytes]","args":[{"element-6066-11e4-a52e-4f735466cecf":"f.8EF3D0D450A4EB0CE4D2D51640C2B842.d.E9BF4756734026997092CB3655203005.e.7853","ELEMENT":"f.8EF3D0D450A4EB0CE4D2D51640C2B842.d.E9BF4756734026997092CB3655203005.e.7853"}]}
RESULT: {"script":"<script> [56 bytes]","args":[{"element-6066-11e4-a52e-4f735466cecf":"f.8EF3D0D450A4EB0CE4D2D51640C2B842.d.E9BF4756734026997092CB3655203005.e.7853","ELEMENT":"f.8EF3D0D450A4EB0CE4D2D51640C2B842.d.E9BF4756734026997092CB3655203005.e.7853"}]}
COMMAND: GET /session/fa1966063a4db30dbf2f999955ebc217/screenshot - {}
RESULT: {}
COMMAND: POST /session/fa1966063a4db30dbf2f999955ebc217/execute/sync - {"script":"<script> [56 bytes]","args":[{"element-6066-11e4-a52e-4f735466cecf":"f.8EF3D0D450A4EB0CE4D2D51640C2B842.d.E9BF4756734026997092CB3655203005.e.7853","ELEMENT":"f.8EF3D0D450A4EB0CE4D2D51640C2B842.d.E9BF4756734026997092CB3655203005.e.7853"}]}
RESULT: {"script":"<script> [56 bytes]","args":[{"element-6066-11e4-a52e-4f735466cecf":"f.8EF3D0D450A4EB0CE4D2D51640C2B842.d.E9BF4756734026997092CB3655203005.e.7853","ELEMENT":"f.8EF3D0D450A4EB0CE4D2D51640C2B842.d.E9BF4756734026997092CB3655203005.e.7853"}]}
COMMAND: GET /session/fa1966063a4db30dbf2f999955ebc217/screenshot - {}
RESULT: {}
COMMAND: POST /session/fa1966063a4db30dbf2f999955ebc217/execute/sync - {"script":"<script> [56 bytes]","args":[{"element-6066-11e4-a52e-4f735466cecf":"f.8EF3D0D450A4EB0CE4D2D51640C2B842.d.E9BF4756734026997092CB3655203005.e.7853","ELEMENT":"f.8EF3D0D450A4EB0CE4D2D51640C2B842.d.E9BF4756734026997092CB3655203005.e.7853"}]}
RESULT: {"script":"<script> [56 bytes]","args":[{"element-6066-11e4-a52e-4f735466cecf":"f.8EF3D0D450A4EB0CE4D2D51640C2B842.d.E9BF4756734026997092CB3655203005.e.7853","ELEMENT":"f.8EF3D0D450A4EB0CE4D2D51640C2B842.d.E9BF4756734026997092CB3655203005.e.7853"}]}
COMMAND: GET /session/fa1966063a4db30dbf2f999955ebc217/screenshot - {}
RESULT: {}
COMMAND: POST /session/fa1966063a4db30dbf2f999955ebc217/execute/sync - {"script":"<script> [56 bytes]","args":[{"element-6066-11e4-a52e-4f735466cecf":"f.8EF3D0D450A4EB0CE4D2D51640C2B842.d.E9BF4756734026997092CB3655203005.e.7853","ELEMENT":"f.8EF3D0D450A4EB0CE4D2D51640C2B842.d.E9BF4756734026997092CB3655203005.e.7853"}]}
RESULT: {"script":"<script> [56 bytes]","args":[{"element-6066-11e4-a52e-4f735466cecf":"f.8EF3D0D450A4EB0CE4D2D51640C2B842.d.E9BF4756734026997092CB3655203005.e.7853","ELEMENT":"f.8EF3D0D450A4EB0CE4D2D51640C2B842.d.E9BF4756734026997092CB3655203005.e.7853"}]}
COMMAND: GET /session/fa1966063a4db30dbf2f999955ebc217/screenshot - {}
RESULT: {}
COMMAND: POST /session/fa1966063a4db30dbf2f999955ebc217/execute/sync - {"script":"<script> [56 bytes]","args":[{"element-6066-11e4-a52e-4f735466cecf":"f.8EF3D0D450A4EB0CE4D2D51640C2B842.d.E9BF4756734026997092CB3655203005.e.7853","ELEMENT":"f.8EF3D0D450A4EB0CE4D2D51640C2B842.d.E9BF4756734026997092CB3655203005.e.7853"}]}
RESULT: {"script":"<script> [56 bytes]","args":[{"element-6066-11e4-a52e-4f735466cecf":"f.8EF3D0D450A4EB0CE4D2D51640C2B842.d.E9BF4756734026997092CB3655203005.e.7853","ELEMENT":"f.8EF3D0D450A4EB0CE4D2D51640C2B842.d.E9BF4756734026997092CB3655203005.e.7853"}]}
COMMAND: GET /session/fa1966063a4db30dbf2f999955ebc217/screenshot - {}
RESULT: {}
COMMAND: POST /session/fa1966063a4db30dbf2f999955ebc217/execute/sync - {"script":"<script> [56 bytes]","args":[{"element-6066-11e4-a52e-4f735466cecf":"f.8EF3D0D450A4EB0CE4D2D51640C2B842.d.E9BF4756734026997092CB3655203005.e.7853","ELEMENT":"f.8EF3D0D450A4EB0CE4D2D51640C2B842.d.E9BF4756734026997092CB3655203005.e.7853"}]}
RESULT: {"script":"<script> [56 bytes]","args":[{"element-6066-11e4-a52e-4f735466cecf":"f.8EF3D0D450A4EB0CE4D2D51640C2B842.d.E9BF4756734026997092CB3655203005.e.7853","ELEMENT":"f.8EF3D0D450A4EB0CE4D2D51640C2B842.d.E9BF4756734026997092CB3655203005.e.7853"}]}
COMMAND: GET /session/fa1966063a4db30dbf2f999955ebc217/screenshot - {}
RESULT: {}
COMMAND: POST /session/fa1966063a4db30dbf2f999955ebc217/execute/sync - {"script":"<script> [56 bytes]","args":[{"element-6066-11e4-a52e-4f735466cecf":"f.8EF3D0D450A4EB0CE4D2D51640C2B842.d.E9BF4756734026997092CB3655203005.e.7853","ELEMENT":"f.8EF3D0D450A4EB0CE4D2D51640C2B842.d.E9BF4756734026997092CB3655203005.e.7853"}]}
RESULT: {"script":"<script> [56 bytes]","args":[{"element-6066-11e4-a52e-4f735466cecf":"f.8EF3D0D450A4EB0CE4D2D51640C2B842.d.E9BF4756734026997092CB3655203005.e.7853","ELEMENT":"f.8EF3D0D450A4EB0CE4D2D51640C2B842.d.E9BF4756734026997092CB3655203005.e.7853"}]}
COMMAND: GET /session/fa1966063a4db30dbf2f999955ebc217/screenshot - {}
RESULT: {}
COMMAND: POST /session/fa1966063a4db30dbf2f999955ebc217/execute/sync - {"script":"<script> [56 bytes]","args":[{"element-6066-11e4-a52e-4f735466cecf":"f.8EF3D0D450A4EB0CE4D2D51640C2B842.d.E9BF4756734026997092CB3655203005.e.7853","ELEMENT":"f.8EF3D0D450A4EB0CE4D2D51640C2B842.d.E9BF4756734026997092CB3655203005.e.7853"}]}
RESULT: {"script":"<script> [56 bytes]","args":[{"element-6066-11e4-a52e-4f735466cecf":"f.8EF3D0D450A4EB0CE4D2D51640C2B842.d.E9BF4756734026997092CB3655203005.e.7853","ELEMENT":"f.8EF3D0D450A4EB0CE4D2D51640C2B842.d.E9BF4756734026997092CB3655203005.e.7853"}]}
COMMAND: GET /session/fa1966063a4db30dbf2f999955ebc217/screenshot - {}
RESULT: {}
COMMAND: POST /session/fa1966063a4db30dbf2f999955ebc217/execute/sync - {"script":"<script> [56 bytes]","args":[{"element-6066-11e4-a52e-4f735466cecf":"f.8EF3D0D450A4EB0CE4D2D51640C2B842.d.E9BF4756734026997092CB3655203005.e.7853","ELEMENT":"f.8EF3D0D450A4EB0CE4D2D51640C2B842.d.E9BF4756734026997092CB3655203005.e.7853"}]}
RESULT: {"script":"<script> [56 bytes]","args":[{"element-6066-11e4-a52e-4f735466cecf":"f.8EF3D0D450A4EB0CE4D2D51640C2B842.d.E9BF4756734026997092CB3655203005.e.7853","ELEMENT":"f.8EF3D0D450A4EB0CE4D2D51640C2B842.d.E9BF4756734026997092CB3655203005.e.7853"}]}
COMMAND: GET /session/fa1966063a4db30dbf2f999955ebc217/screenshot - {}
RESULT: {}
COMMAND: POST /session/fa1966063a4db30dbf2f999955ebc217/execute/sync - {"script":"<script> [56 bytes]","args":[{"element-6066-11e4-a52e-4f735466cecf":"f.8EF3D0D450A4EB0CE4D2D51640C2B842.d.E9BF4756734026997092CB3655203005.e.7853","ELEMENT":"f.8EF3D0D450A4EB0CE4D2D51640C2B842.d.E9BF4756734026997092CB3655203005.e.7853"}]}
RESULT: {"script":"<script> [56 bytes]","args":[{"element-6066-11e4-a52e-4f735466cecf":"f.8EF3D0D450A4EB0CE4D2D51640C2B842.d.E9BF4756734026997092CB3655203005.e.7853","ELEMENT":"f.8EF3D0D450A4EB0CE4D2D51640C2B842.d.E9BF4756734026997092CB3655203005.e.7853"}]}
COMMAND: GET /session/fa1966063a4db30dbf2f999955ebc217/screenshot - {}
RESULT: {}
COMMAND: POST /session/fa1966063a4db30dbf2f999955ebc217/execute/sync - {"script":"<script> [56 bytes]","args":[{"element-6066-11e4-a52e-4f735466cecf":"f.8EF3D0D450A4EB0CE4D2D51640C2B842.d.E9BF4756734026997092CB3655203005.e.7853","ELEMENT":"f.8EF3D0D450A4EB0CE4D2D51640C2B842.d.E9BF4756734026997092CB3655203005.e.7853"}]}
RESULT: {"script":"<script> [56 bytes]","args":[{"element-6066-11e4-a52e-4f735466cecf":"f.8EF3D0D450A4EB0CE4D2D51640C2B842.d.E9BF4756734026997092CB3655203005.e.7853","ELEMENT":"f.8EF3D0D450A4EB0CE4D2D51640C2B842.d.E9BF4756734026997092CB3655203005.e.7853"}]}
COMMAND: GET /session/fa1966063a4db30dbf2f999955ebc217/screenshot - {}
RESULT: {}
COMMAND: POST /session/fa1966063a4db30dbf2f999955ebc217/execute/sync - {"script":"<script> [56 bytes]","args":[{"element-6066-11e4-a52e-4f735466cecf":"f.8EF3D0D450A4EB0CE4D2D51640C2B842.d.E9BF4756734026997092CB3655203005.e.7853","ELEMENT":"f.8EF3D0D450A4EB0CE4D2D51640C2B842.d.E9BF4756734026997092CB3655203005.e.7853"}]}
RESULT: {"script":"<script> [56 bytes]","args":[{"element-6066-11e4-a52e-4f735466cecf":"f.8EF3D0D450A4EB0CE4D2D51640C2B842.d.E9BF4756734026997092CB3655203005.e.7853","ELEMENT":"f.8EF3D0D450A4EB0CE4D2D51640C2B842.d.E9BF4756734026997092CB3655203005.e.7853"}]}
COMMAND: GET /session/fa1966063a4db30dbf2f999955ebc217/screenshot - {}
COMMAND: POST /session/fa1966063a4db30dbf2f999955ebc217/execute/sync - {"script":"<script> [56 bytes]","args":[{"element-6066-11e4-a52e-4f735466cecf":"f.8EF3D0D450A4EB0CE4D2D51640C2B842.d.E9BF4756734026997092CB3655203005.e.7853","ELEMENT":"f.8EF3D0D450A4EB0CE4D2D51640C2B842.d.E9BF4756734026997092CB3655203005.e.7853"}]}
RESULT: {}
RESULT: {"script":"<script> [56 bytes]","args":[{"element-6066-11e4-a52e-4f735466cecf":"f.8EF3D0D450A4EB0CE4D2D51640C2B842.d.E9BF4756734026997092CB3655203005.e.7853","ELEMENT":"f.8EF3D0D450A4EB0CE4D2D51640C2B842.d.E9BF4756734026997092CB3655203005.e.7853"}]}
COMMAND: POST /session/fa1966063a4db30dbf2f999955ebc217/element - {"using":"xpath","value":"//td[@aria-colindex=\"1\"]/div/div[contains(@class, \"sapMCbBg\")]"}
COMMAND: GET /session/fa1966063a4db30dbf2f999955ebc217/screenshot - {}
RESULT: {"using":"xpath","value":"//td[@aria-colindex=\"1\"]/div/div[contains(@class, \"sapMCbBg\")]"}
COMMAND: POST /session/fa1966063a4db30dbf2f999955ebc217/element/f.8EF3D0D450A4EB0CE4D2D51640C2B842.d.E9BF4756734026997092CB3655203005.e.7872/click - {}
RESULT: {}
RESULT: {}
COMMAND: GET /session/fa1966063a4db30dbf2f999955ebc217/screenshot - {}
RESULT: {}
COMMAND: POST /session/fa1966063a4db30dbf2f999955ebc217/element - {"using":"xpath","value":"//bdi[text()=\"Transfer\"]"}
RESULT: {"using":"xpath","value":"//bdi[text()=\"Transfer\"]"}
COMMAND: POST /session/fa1966063a4db30dbf2f999955ebc217/element/f.8EF3D0D450A4EB0CE4D2D51640C2B842.d.E9BF4756734026997092CB3655203005.e.7873/click - {}
RESULT: {}
COMMAND: GET /session/fa1966063a4db30dbf2f999955ebc217/screenshot - {}
RESULT: {}
COMMAND: POST /session/fa1966063a4db30dbf2f999955ebc217/element - {"using":"xpath","value":"//bdi[contains(text(), \"OK\")]"}
RESULT: {"using":"xpath","value":"//bdi[contains(text(), \"OK\")]"}
COMMAND: POST /session/fa1966063a4db30dbf2f999955ebc217/element/f.8EF3D0D450A4EB0CE4D2D51640C2B842.d.E9BF4756734026997092CB3655203005.e.7876/click - {}
RESULT: {}
COMMAND: GET /session/fa1966063a4db30dbf2f999955ebc217/screenshot - {}
RESULT: {}
COMMAND: POST /session/fa1966063a4db30dbf2f999955ebc217/element - {"using":"xpath","value":"(//span[contains(text(), \"Invoice open\")]/parent::div/preceding-sibling::div/span)[1]"}
RESULT: {"using":"xpath","value":"(//span[contains(text(), \"Invoice open\")]/parent::div/preceding-sibling::div/span)[1]"}
COMMAND: POST /session/fa1966063a4db30dbf2f999955ebc217/element/f.8EF3D0D450A4EB0CE4D2D51640C2B842.d.E9BF4756734026997092CB3655203005.e.7885/click - {}
RESULT: {}
COMMAND: GET /session/fa1966063a4db30dbf2f999955ebc217/screenshot - {}
RESULT: {}
COMMAND: POST /session/fa1966063a4db30dbf2f999955ebc217/element - {"using":"xpath","value":"//input[contains(@id ,\"application-billingtransfer-display-component---billingWorkbench--smartFilterBar-btnBasicSearch\")]"}
RESULT: {"using":"xpath","value":"//input[contains(@id ,\"application-billingtransfer-display-component---billingWorkbench--smartFilterBar-btnBasicSearch\")]"}
COMMAND: POST /session/fa1966063a4db30dbf2f999955ebc217/elements - {"using":"xpath","value":"//input[contains(@id ,\"application-billingtransfer-display-component---billingWorkbench--smartFilterBar-btnBasicSearch\")]"}
RESULT: {"using":"xpath","value":"//input[contains(@id ,\"application-billingtransfer-display-component---billingWorkbench--smartFilterBar-btnBasicSearch\")]"}
COMMAND: POST /session/fa1966063a4db30dbf2f999955ebc217/execute/sync - {"script":"<script> [8489 bytes]","args":[{"element-6066-11e4-a52e-4f735466cecf":"f.8EF3D0D450A4EB0CE4D2D51640C2B842.d.E9BF4756734026997092CB3655203005.e.7718","ELEMENT":"f.8EF3D0D450A4EB0CE4D2D51640C2B842.d.E9BF4756734026997092CB3655203005.e.7718"}]}
RESULT: {"script":"<script> [8489 bytes]","args":[{"element-6066-11e4-a52e-4f735466cecf":"f.8EF3D0D450A4EB0CE4D2D51640C2B842.d.E9BF4756734026997092CB3655203005.e.7718","ELEMENT":"f.8EF3D0D450A4EB0CE4D2D51640C2B842.d.E9BF4756734026997092CB3655203005.e.7718"}]}
COMMAND: GET /session/fa1966063a4db30dbf2f999955ebc217/element/f.8EF3D0D450A4EB0CE4D2D51640C2B842.d.E9BF4756734026997092CB3655203005.e.7718/enabled - {}
COMMAND: GET /session/fa1966063a4db30dbf2f999955ebc217/screenshot - {}
RESULT: {}
COMMAND: POST /session/fa1966063a4db30dbf2f999955ebc217/element/f.8EF3D0D450A4EB0CE4D2D51640C2B842.d.E9BF4756734026997092CB3655203005.e.7718/click - {}
COMMAND: GET /session/fa1966063a4db30dbf2f999955ebc217/screenshot - {}
RESULT: {}
RESULT: {}
COMMAND: GET /session/fa1966063a4db30dbf2f999955ebc217/screenshot - {}
RESULT: {}
RESULT: {}
COMMAND: POST /session/fa1966063a4db30dbf2f999955ebc217/element/f.8EF3D0D450A4EB0CE4D2D51640C2B842.d.E9BF4756734026997092CB3655203005.e.7718/clear - {}
RESULT: {}
COMMAND: POST /session/fa1966063a4db30dbf2f999955ebc217/element/f.8EF3D0D450A4EB0CE4D2D51640C2B842.d.E9BF4756734026997092CB3655203005.e.7718/value - {"text":"10191"}
COMMAND: GET /session/fa1966063a4db30dbf2f999955ebc217/screenshot - {}
RESULT: {"text":"10191"}
COMMAND: POST /session/fa1966063a4db30dbf2f999955ebc217/actions - {"actions":[{"id":"action22","type":"key","parameters":{},"actions":[{"type":"keyDown","value":""},{"type":"pause","duration":10},{"type":"keyUp","value":""}]}]}
COMMAND: GET /session/fa1966063a4db30dbf2f999955ebc217/screenshot - {}
RESULT: {}
RESULT: {"actions":[{"id":"action22","type":"key","parameters":{},"actions":[{"type":"keyDown","value":""},{"type":"pause","duration":10},{"type":"keyUp","value":""}]}]}
COMMAND: GET /session/fa1966063a4db30dbf2f999955ebc217/screenshot - {}
RESULT: {}
RESULT: {}
COMMAND: POST /session/fa1966063a4db30dbf2f999955ebc217/element - {"using":"xpath","value":"//span[contains(@id ,\"application-billingtransfer-display-component---billingWorkbench--smartTableBillingRuns-header-inner\")]"}
RESULT: {"using":"xpath","value":"//span[contains(@id ,\"application-billingtransfer-display-component---billingWorkbench--smartTableBillingRuns-header-inner\")]"}
COMMAND: POST /session/fa1966063a4db30dbf2f999955ebc217/elements - {"using":"xpath","value":"//span[contains(@id ,\"application-billingtransfer-display-component---billingWorkbench--smartTableBillingRuns-header-inner\")]"}
RESULT: {"using":"xpath","value":"//span[contains(@id ,\"application-billingtransfer-display-component---billingWorkbench--smartTableBillingRuns-header-inner\")]"}
COMMAND: POST /session/fa1966063a4db30dbf2f999955ebc217/execute/sync - {"script":"<script> [56 bytes]","args":[{"element-6066-11e4-a52e-4f735466cecf":"f.8EF3D0D450A4EB0CE4D2D51640C2B842.d.E9BF4756734026997092CB3655203005.e.7853","ELEMENT":"f.8EF3D0D450A4EB0CE4D2D51640C2B842.d.E9BF4756734026997092CB3655203005.e.7853"}]}
RESULT: {"script":"<script> [56 bytes]","args":[{"element-6066-11e4-a52e-4f735466cecf":"f.8EF3D0D450A4EB0CE4D2D51640C2B842.d.E9BF4756734026997092CB3655203005.e.7853","ELEMENT":"f.8EF3D0D450A4EB0CE4D2D51640C2B842.d.E9BF4756734026997092CB3655203005.e.7853"}]}
COMMAND: POST /session/fa1966063a4db30dbf2f999955ebc217/element - {"using":"css selector","value":"#shell-header-logo"}
COMMAND: GET /session/fa1966063a4db30dbf2f999955ebc217/screenshot - {}
RESULT: {"using":"css selector","value":"#shell-header-logo"}
COMMAND: POST /session/fa1966063a4db30dbf2f999955ebc217/element/f.8EF3D0D450A4EB0CE4D2D51640C2B842.d.E9BF4756734026997092CB3655203005.e.7723/click - {}
RESULT: {}
RESULT: {}
COMMAND: GET /session/fa1966063a4db30dbf2f999955ebc217/screenshot - {}
RESULT: {}
COMMAND: POST /session/fa1966063a4db30dbf2f999955ebc217/element - {"using":"css selector","value":"#j_username"}
COMMAND: POST /session/fa1966063a4db30dbf2f999955ebc217/url - {"url":"https://qa-testing-00-live-etm-ui.cfapps.eu10-004.hana.ondemand.com/"}
RESULT: {"using":"css selector","value":"#j_username"}
COMMAND: POST /session/fa1966063a4db30dbf2f999955ebc217/element - {"using":"css selector","value":"#j_username"}
RESULT: {"url":"https://qa-testing-00-live-etm-ui.cfapps.eu10-004.hana.ondemand.com/"}
RESULT: undefined
COMMAND: GET /session/fa1966063a4db30dbf2f999955ebc217/screenshot - {}
RESULT: {"using":"css selector","value":"#j_username"}
COMMAND: POST /session/fa1966063a4db30dbf2f999955ebc217/element - {"using":"css selector","value":"#shell-header-logo"}
RESULT: {}
RESULT: {"using":"css selector","value":"#shell-header-logo"}
COMMAND: POST /session/fa1966063a4db30dbf2f999955ebc217/execute/sync - {"script":"<script> [8489 bytes]","args":[{"element-6066-11e4-a52e-4f735466cecf":"f.8EF3D0D450A4EB0CE4D2D51640C2B842.d.E095E22C9B20A3C03C902763987BE7C0.e.7901","ELEMENT":"f.8EF3D0D450A4EB0CE4D2D51640C2B842.d.E095E22C9B20A3C03C902763987BE7C0.e.7901"}]}
RESULT: {"script":"<script> [8489 bytes]","args":[{"element-6066-11e4-a52e-4f735466cecf":"f.8EF3D0D450A4EB0CE4D2D51640C2B842.d.E095E22C9B20A3C03C902763987BE7C0.e.7901","ELEMENT":"f.8EF3D0D450A4EB0CE4D2D51640C2B842.d.E095E22C9B20A3C03C902763987BE7C0.e.7901"}]}
COMMAND: POST /session/fa1966063a4db30dbf2f999955ebc217/element - {"using":"css selector","value":"#shell-header-logo"}
COMMAND: GET /session/fa1966063a4db30dbf2f999955ebc217/screenshot - {}
RESULT: {"using":"css selector","value":"#shell-header-logo"}
COMMAND: POST /session/fa1966063a4db30dbf2f999955ebc217/execute/sync - {"script":"<script> [8489 bytes]","args":[{"element-6066-11e4-a52e-4f735466cecf":"f.8EF3D0D450A4EB0CE4D2D51640C2B842.d.E095E22C9B20A3C03C902763987BE7C0.e.7901","ELEMENT":"f.8EF3D0D450A4EB0CE4D2D51640C2B842.d.E095E22C9B20A3C03C902763987BE7C0.e.7901"}]}
RESULT: {}
RESULT: {"script":"<script> [8489 bytes]","args":[{"element-6066-11e4-a52e-4f735466cecf":"f.8EF3D0D450A4EB0CE4D2D51640C2B842.d.E095E22C9B20A3C03C902763987BE7C0.e.7901","ELEMENT":"f.8EF3D0D450A4EB0CE4D2D51640C2B842.d.E095E22C9B20A3C03C902763987BE7C0.e.7901"}]}
COMMAND: POST /session/fa1966063a4db30dbf2f999955ebc217/execute/sync - {"script":"<script> [5351 bytes]","args":[{"element-6066-11e4-a52e-4f735466cecf":"f.8EF3D0D450A4EB0CE4D2D51640C2B842.d.E095E22C9B20A3C03C902763987BE7C0.e.7901","ELEMENT":"f.8EF3D0D450A4EB0CE4D2D51640C2B842.d.E095E22C9B20A3C03C902763987BE7C0.e.7901"}]}
COMMAND: GET /session/fa1966063a4db30dbf2f999955ebc217/screenshot - {}
RESULT: {"script":"<script> [5351 bytes]","args":[{"element-6066-11e4-a52e-4f735466cecf":"f.8EF3D0D450A4EB0CE4D2D51640C2B842.d.E095E22C9B20A3C03C902763987BE7C0.e.7901","ELEMENT":"f.8EF3D0D450A4EB0CE4D2D51640C2B842.d.E095E22C9B20A3C03C902763987BE7C0.e.7901"}]}
COMMAND: POST /session/fa1966063a4db30dbf2f999955ebc217/element - {"using":"css selector","value":"#shell-header-logo"}
COMMAND: GET /session/fa1966063a4db30dbf2f999955ebc217/screenshot - {}
RESULT: {}
RESULT: {"using":"css selector","value":"#shell-header-logo"}
COMMAND: POST /session/fa1966063a4db30dbf2f999955ebc217/element/f.8EF3D0D450A4EB0CE4D2D51640C2B842.d.E095E22C9B20A3C03C902763987BE7C0.e.7901/click - {}
RESULT: {}
RESULT: {}
COMMAND: GET /session/fa1966063a4db30dbf2f999955ebc217/screenshot - {}
RESULT: {}
COMMAND: POST /session/fa1966063a4db30dbf2f999955ebc217/execute/async - {"script":"<script> [189 bytes]","args":[]}
RESULT: {"script":"<script> [189 bytes]","args":[]}
COMMAND: POST /session/fa1966063a4db30dbf2f999955ebc217/execute/async - {"script":"<script> [123 bytes]","args":[]}
RESULT: {"script":"<script> [123 bytes]","args":[]}
COMMAND: POST /session/fa1966063a4db30dbf2f999955ebc217/timeouts - {"script":"<number>"}
RESULT: {"script":"<number>"}
COMMAND: GET /session/fa1966063a4db30dbf2f999955ebc217/timeouts - {}
RESULT: {}
RESULT: undefined
COMMAND: POST /session/fa1966063a4db30dbf2f999955ebc217/execute/async - {"script":"<script> [2676 bytes]","args":[]}
RESULT: {"script":"<script> [2676 bytes]","args":[]}
COMMAND: POST /session/fa1966063a4db30dbf2f999955ebc217/execute/async - {"script":"<script> [2342 bytes]","args":[{"protocol":"http","hostname":"0.0.0.0","path":"/","capabilities":{"browserName":"chrome","goog:chromeOptions":{"binary":"C:\\Program Files\\Google\\Chrome\\Application\\chrome.exe","args":["--start-maximized"]}},"logLevel":"warn","connectionRetryTimeout":120000,"connectionRetryCount":3,"logLevels":{},"enableDirectConnect":true,"strictSSL":true,"_":"65 more keys: [\"cacheDir\",\"port\",\"requestedCapabilities\",\"automationProtocol\",\"baseUrl\",\"waitforInterval\",\"waitforTimeout\",\"onReload\",\"beforeCommand\",\"afterCommand\",\"rootDir\",\"specs\",\"suites\",\"exclude\",\"groupLogsByTestSpec\",\"excludeDriverLogs\",\"bail\",\"framework\",\"reporters\",\"services\",\"maxInstances\",\"maxInstancesPerCapability\",\"injectGlobals\",\"filesToWatch\",\"execArgv\",\"runnerEnv\",\"runner\",\"shard\",\"specFileRetries\",\"specFileRetriesDelay\",\"specFileRetriesDeferred\",\"reporterSyncInterval\",\"reporterSyncTimeout\",\"cucumberFeaturesWithLineNumbers\",\"autoCompileOpts\",\"mochaOpts\",\"jasmineOpts\",\"cucumberOpts\",\"onPrepare\",\"onWorkerStart\",\"onWorkerEnd\",\"before\",\"beforeSession\",\"beforeSuite\",\"beforeHook\",\"beforeTest\",\"afterTest\",\"afterHook\",\"afterSuite\",\"afterSession\",\"after\",\"onComplete\",\"beforeAssertion\",\"afterAssertion\",\"beforeFeature\",\"beforeScenario\",\"beforeStep\",\"afterStep\",\"afterScenario\",\"afterFeature\",\"_\",\"suite\",\"$0\",\"ignoredWorkerServices\",\"wdi5\"]"}]}
RESULT: {"script":"<script> [2342 bytes]","args":[{"protocol":"http","hostname":"0.0.0.0","path":"/","capabilities":{"browserName":"chrome","goog:chromeOptions":{"binary":"C:\\Program Files\\Google\\Chrome\\Application\\chrome.exe","args":["--start-maximized"]}},"logLevel":"warn","connectionRetryTimeout":120000,"connectionRetryCount":3,"logLevels":{},"enableDirectConnect":true,"strictSSL":true,"_":"65 more keys: [\"cacheDir\",\"port\",\"requestedCapabilities\",\"automationProtocol\",\"baseUrl\",\"waitforInterval\",\"waitforTimeout\",\"onReload\",\"beforeCommand\",\"afterCommand\",\"rootDir\",\"specs\",\"suites\",\"exclude\",\"groupLogsByTestSpec\",\"excludeDriverLogs\",\"bail\",\"framework\",\"reporters\",\"services\",\"maxInstances\",\"maxInstancesPerCapability\",\"injectGlobals\",\"filesToWatch\",\"execArgv\",\"runnerEnv\",\"runner\",\"shard\",\"specFileRetries\",\"specFileRetriesDelay\",\"specFileRetriesDeferred\",\"reporterSyncInterval\",\"reporterSyncTimeout\",\"cucumberFeaturesWithLineNumbers\",\"autoCompileOpts\",\"mochaOpts\",\"jasmineOpts\",\"cucumberOpts\",\"onPrepare\",\"onWorkerStart\",\"onWorkerEnd\",\"before\",\"beforeSession\",\"beforeSuite\",\"beforeHook\",\"beforeTest\",\"afterTest\",\"afterHook\",\"afterSuite\",\"afterSession\",\"after\",\"onComplete\",\"beforeAssertion\",\"afterAssertion\",\"beforeFeature\",\"beforeScenario\",\"beforeStep\",\"afterStep\",\"afterScenario\",\"afterFeature\",\"_\",\"suite\",\"$0\",\"ignoredWorkerServices\",\"wdi5\"]"}]}
COMMAND: POST /session/fa1966063a4db30dbf2f999955ebc217/execute/async - {"script":"<script> [21126 bytes]","args":[35000]}
RESULT: {"script":"<script> [21126 bytes]","args":[35000]}
COMMAND: POST /session/fa1966063a4db30dbf2f999955ebc217/window/maximize - {}
RESULT: {}
COMMAND: POST /session/fa1966063a4db30dbf2f999955ebc217/execute/async - {"script":"<script> [1562 bytes]","args":[{"selector":{"id":"shell-header","interaction":{"idSuffix":"icon"}},"wdio_ui5_key":"shellheader"}]}
COMMAND: GET /session/fa1966063a4db30dbf2f999955ebc217/screenshot - {}
RESULT: {"script":"<script> [1562 bytes]","args":[{"selector":{"id":"shell-header","interaction":{"idSuffix":"icon"}},"wdio_ui5_key":"shellheader"}]}
RESULT: undefined
COMMAND: POST /session/fa1966063a4db30dbf2f999955ebc217/refresh - {}
RESULT: {}
RESULT: {}
COMMAND: GET /session/fa1966063a4db30dbf2f999955ebc217/screenshot - {}
RESULT: {}
COMMAND: POST /session/fa1966063a4db30dbf2f999955ebc217/refresh - {}
RESULT: {}
COMMAND: GET /session/fa1966063a4db30dbf2f999955ebc217/screenshot - {}
RESULT: {}
COMMAND: POST /session/fa1966063a4db30dbf2f999955ebc217/window/fullscreen - {}
RESULT: {}
COMMAND: POST /session/fa1966063a4db30dbf2f999955ebc217/execute/async - {"script":"<script> [189 bytes]","args":[]}
RESULT: {"script":"<script> [189 bytes]","args":[]}
COMMAND: POST /session/fa1966063a4db30dbf2f999955ebc217/execute/async - {"script":"<script> [123 bytes]","args":[]}
RESULT: {"script":"<script> [123 bytes]","args":[]}
COMMAND: POST /session/fa1966063a4db30dbf2f999955ebc217/timeouts - {"script":"<number>"}
RESULT: {"script":"<number>"}
COMMAND: GET /session/fa1966063a4db30dbf2f999955ebc217/timeouts - {}
RESULT: {}
RESULT: undefined
COMMAND: POST /session/fa1966063a4db30dbf2f999955ebc217/execute/async - {"script":"<script> [2676 bytes]","args":[]}
RESULT: {"script":"<script> [2676 bytes]","args":[]}
COMMAND: POST /session/fa1966063a4db30dbf2f999955ebc217/execute/async - {"script":"<script> [2342 bytes]","args":[{"protocol":"http","hostname":"0.0.0.0","path":"/","capabilities":{"browserName":"chrome","goog:chromeOptions":{"binary":"C:\\Program Files\\Google\\Chrome\\Application\\chrome.exe","args":["--start-maximized"]}},"logLevel":"warn","connectionRetryTimeout":120000,"connectionRetryCount":3,"logLevels":{},"enableDirectConnect":true,"strictSSL":true,"_":"65 more keys: [\"cacheDir\",\"port\",\"requestedCapabilities\",\"automationProtocol\",\"baseUrl\",\"waitforInterval\",\"waitforTimeout\",\"onReload\",\"beforeCommand\",\"afterCommand\",\"rootDir\",\"specs\",\"suites\",\"exclude\",\"groupLogsByTestSpec\",\"excludeDriverLogs\",\"bail\",\"framework\",\"reporters\",\"services\",\"maxInstances\",\"maxInstancesPerCapability\",\"injectGlobals\",\"filesToWatch\",\"execArgv\",\"runnerEnv\",\"runner\",\"shard\",\"specFileRetries\",\"specFileRetriesDelay\",\"specFileRetriesDeferred\",\"reporterSyncInterval\",\"reporterSyncTimeout\",\"cucumberFeaturesWithLineNumbers\",\"autoCompileOpts\",\"mochaOpts\",\"jasmineOpts\",\"cucumberOpts\",\"onPrepare\",\"onWorkerStart\",\"onWorkerEnd\",\"before\",\"beforeSession\",\"beforeSuite\",\"beforeHook\",\"beforeTest\",\"afterTest\",\"afterHook\",\"afterSuite\",\"afterSession\",\"after\",\"onComplete\",\"beforeAssertion\",\"afterAssertion\",\"beforeFeature\",\"beforeScenario\",\"beforeStep\",\"afterStep\",\"afterScenario\",\"afterFeature\",\"_\",\"suite\",\"$0\",\"ignoredWorkerServices\",\"wdi5\"]"}]}
RESULT: {"script":"<script> [2342 bytes]","args":[{"protocol":"http","hostname":"0.0.0.0","path":"/","capabilities":{"browserName":"chrome","goog:chromeOptions":{"binary":"C:\\Program Files\\Google\\Chrome\\Application\\chrome.exe","args":["--start-maximized"]}},"logLevel":"warn","connectionRetryTimeout":120000,"connectionRetryCount":3,"logLevels":{},"enableDirectConnect":true,"strictSSL":true,"_":"65 more keys: [\"cacheDir\",\"port\",\"requestedCapabilities\",\"automationProtocol\",\"baseUrl\",\"waitforInterval\",\"waitforTimeout\",\"onReload\",\"beforeCommand\",\"afterCommand\",\"rootDir\",\"specs\",\"suites\",\"exclude\",\"groupLogsByTestSpec\",\"excludeDriverLogs\",\"bail\",\"framework\",\"reporters\",\"services\",\"maxInstances\",\"maxInstancesPerCapability\",\"injectGlobals\",\"filesToWatch\",\"execArgv\",\"runnerEnv\",\"runner\",\"shard\",\"specFileRetries\",\"specFileRetriesDelay\",\"specFileRetriesDeferred\",\"reporterSyncInterval\",\"reporterSyncTimeout\",\"cucumberFeaturesWithLineNumbers\",\"autoCompileOpts\",\"mochaOpts\",\"jasmineOpts\",\"cucumberOpts\",\"onPrepare\",\"onWorkerStart\",\"onWorkerEnd\",\"before\",\"beforeSession\",\"beforeSuite\",\"beforeHook\",\"beforeTest\",\"afterTest\",\"afterHook\",\"afterSuite\",\"afterSession\",\"after\",\"onComplete\",\"beforeAssertion\",\"afterAssertion\",\"beforeFeature\",\"beforeScenario\",\"beforeStep\",\"afterStep\",\"afterScenario\",\"afterFeature\",\"_\",\"suite\",\"$0\",\"ignoredWorkerServices\",\"wdi5\"]"}]}
COMMAND: POST /session/fa1966063a4db30dbf2f999955ebc217/execute/async - {"script":"<script> [21126 bytes]","args":[35000]}
RESULT: {"script":"<script> [21126 bytes]","args":[35000]}
]]></system-out>
    </testcase>
  </testsuite>
  <testsuite timestamp="2025-05-24T17:42:18" time="1186.919" tests="12" failures="0" errors="0" skipped="0">
    <properties>
      <property name="specId" value="0"/>
      <property name="suiteName" value="Billing Transfer - Intracompany US127249"/>
      <property name="capabilities" value="chrome.136_0_7103_93.windows"/>
      <property name="file" value="file:///D:/a/1/s/test/specs/BTS/billing-transfer-intracompany.spec.js"/>
    </properties>
    <testcase classname="chrome.136_0_7103_93.windows.Billing_Transfer_-_Intracompany_US127249" name="Should create a new yard" time="128.207">
      <system-out><![CDATA[
COMMAND: POST /session/fa1966063a4db30dbf2f999955ebc217/window/fullscreen - {}
RESULT: {}
COMMAND: POST /session/fa1966063a4db30dbf2f999955ebc217/execute/async - {"script":"<script> [1562 bytes]","args":[{"selector":{"controlType":"sap.m.GenericTile","properties":{"header":"Manage Yards"}},"wdio_ui5_key":"sapm.GenericTile{\"header\":\"Manage Yards\"}"}]}
RESULT: {"script":"<script> [1562 bytes]","args":[{"selector":{"controlType":"sap.m.GenericTile","properties":{"header":"Manage Yards"}},"wdio_ui5_key":"sapm.GenericTile{\"header\":\"Manage Yards\"}"}]}
RESULT: undefined
COMMAND: POST /session/fa1966063a4db30dbf2f999955ebc217/element - {"using":"xpath","value":"//*[@id=\"__tile41\"]"}
RESULT: {"using":"xpath","value":"//*[@id=\"__tile41\"]"}
COMMAND: POST /session/fa1966063a4db30dbf2f999955ebc217/element/f.8EF3D0D450A4EB0CE4D2D51640C2B842.d.9CBCF1680025FD0BCF48AB547DDED178.e.8067/click - {}
RESULT: {}
COMMAND: GET /session/fa1966063a4db30dbf2f999955ebc217/screenshot - {}
RESULT: {}
COMMAND: POST /session/fa1966063a4db30dbf2f999955ebc217/elements - {"using":"xpath","value":"//span[text()='Error']"}
RESULT: {"using":"xpath","value":"//span[text()='Error']"}
COMMAND: POST /session/fa1966063a4db30dbf2f999955ebc217/element - {"using":"xpath","value":"//button[@data-kt=\"addNewYardOverflowToolbarButton\"]"}
RESULT: {"using":"xpath","value":"//button[@data-kt=\"addNewYardOverflowToolbarButton\"]"}
COMMAND: POST /session/fa1966063a4db30dbf2f999955ebc217/elements - {"using":"xpath","value":"//button[@data-kt=\"addNewYardOverflowToolbarButton\"]"}
RESULT: {"using":"xpath","value":"//button[@data-kt=\"addNewYardOverflowToolbarButton\"]"}
COMMAND: POST /session/fa1966063a4db30dbf2f999955ebc217/elements - {"using":"xpath","value":"//button[@data-kt=\"addNewYardOverflowToolbarButton\"]"}
RESULT: {"using":"xpath","value":"//button[@data-kt=\"addNewYardOverflowToolbarButton\"]"}
COMMAND: POST /session/fa1966063a4db30dbf2f999955ebc217/element - {"using":"xpath","value":"//button[@data-kt=\"addNewYardOverflowToolbarButton\"]"}
RESULT: {"using":"xpath","value":"//button[@data-kt=\"addNewYardOverflowToolbarButton\"]"}
COMMAND: POST /session/fa1966063a4db30dbf2f999955ebc217/execute/sync - {"script":"<script> [8489 bytes]","args":[{"element-6066-11e4-a52e-4f735466cecf":"f.8EF3D0D450A4EB0CE4D2D51640C2B842.d.9CBCF1680025FD0BCF48AB547DDED178.e.8197","ELEMENT":"f.8EF3D0D450A4EB0CE4D2D51640C2B842.d.9CBCF1680025FD0BCF48AB547DDED178.e.8197"}]}
RESULT: {"script":"<script> [8489 bytes]","args":[{"element-6066-11e4-a52e-4f735466cecf":"f.8EF3D0D450A4EB0CE4D2D51640C2B842.d.9CBCF1680025FD0BCF48AB547DDED178.e.8197","ELEMENT":"f.8EF3D0D450A4EB0CE4D2D51640C2B842.d.9CBCF1680025FD0BCF48AB547DDED178.e.8197"}]}
COMMAND: GET /session/fa1966063a4db30dbf2f999955ebc217/element/f.8EF3D0D450A4EB0CE4D2D51640C2B842.d.9CBCF1680025FD0BCF48AB547DDED178.e.8197/enabled - {}
COMMAND: GET /session/fa1966063a4db30dbf2f999955ebc217/screenshot - {}
RESULT: {}
COMMAND: POST /session/fa1966063a4db30dbf2f999955ebc217/execute/sync - {"script":"<script> [8489 bytes]","args":[{"element-6066-11e4-a52e-4f735466cecf":"f.8EF3D0D450A4EB0CE4D2D51640C2B842.d.9CBCF1680025FD0BCF48AB547DDED178.e.8197","ELEMENT":"f.8EF3D0D450A4EB0CE4D2D51640C2B842.d.9CBCF1680025FD0BCF48AB547DDED178.e.8197"}]}
COMMAND: GET /session/fa1966063a4db30dbf2f999955ebc217/screenshot - {}
RESULT: {}
RESULT: {"script":"<script> [8489 bytes]","args":[{"element-6066-11e4-a52e-4f735466cecf":"f.8EF3D0D450A4EB0CE4D2D51640C2B842.d.9CBCF1680025FD0BCF48AB547DDED178.e.8197","ELEMENT":"f.8EF3D0D450A4EB0CE4D2D51640C2B842.d.9CBCF1680025FD0BCF48AB547DDED178.e.8197"}]}
COMMAND: POST /session/fa1966063a4db30dbf2f999955ebc217/execute/sync - {"script":"<script> [5351 bytes]","args":[{"element-6066-11e4-a52e-4f735466cecf":"f.8EF3D0D450A4EB0CE4D2D51640C2B842.d.9CBCF1680025FD0BCF48AB547DDED178.e.8197","ELEMENT":"f.8EF3D0D450A4EB0CE4D2D51640C2B842.d.9CBCF1680025FD0BCF48AB547DDED178.e.8197"}]}
COMMAND: GET /session/fa1966063a4db30dbf2f999955ebc217/screenshot - {}
RESULT: {}
RESULT: {"script":"<script> [5351 bytes]","args":[{"element-6066-11e4-a52e-4f735466cecf":"f.8EF3D0D450A4EB0CE4D2D51640C2B842.d.9CBCF1680025FD0BCF48AB547DDED178.e.8197","ELEMENT":"f.8EF3D0D450A4EB0CE4D2D51640C2B842.d.9CBCF1680025FD0BCF48AB547DDED178.e.8197"}]}
COMMAND: POST /session/fa1966063a4db30dbf2f999955ebc217/element/f.8EF3D0D450A4EB0CE4D2D51640C2B842.d.9CBCF1680025FD0BCF48AB547DDED178.e.8197/click - {}
COMMAND: GET /session/fa1966063a4db30dbf2f999955ebc217/screenshot - {}
RESULT: {}
RESULT: {}
COMMAND: GET /session/fa1966063a4db30dbf2f999955ebc217/screenshot - {}
RESULT: {}
RESULT: {}
COMMAND: POST /session/fa1966063a4db30dbf2f999955ebc217/element - {"using":"xpath","value":"//input[@id=\"application-manageyards-display-component---NewYard--yardId-inner\"]"}
RESULT: {"using":"xpath","value":"//input[@id=\"application-manageyards-display-component---NewYard--yardId-inner\"]"}
COMMAND: POST /session/fa1966063a4db30dbf2f999955ebc217/element - {"using":"xpath","value":"//input[@id=\"application-manageyards-display-component---NewYard--yardId-inner\"]"}
RESULT: {"using":"xpath","value":"//input[@id=\"application-manageyards-display-component---NewYard--yardId-inner\"]"}
COMMAND: POST /session/fa1966063a4db30dbf2f999955ebc217/execute/async - {"script":"<script> [1562 bytes]","args":[{"selector":{"id":"application-manageyards-display-component---NewYard--addressDetailDetailsName1","interaction":{"idSuffix":"inner"}},"wdio_ui5_key":"applicationmanageyards-display-component---NewYard--addressDetailDetailsName1"}]}
RESULT: {"script":"<script> [1562 bytes]","args":[{"selector":{"id":"application-manageyards-display-component---NewYard--addressDetailDetailsName1","interaction":{"idSuffix":"inner"}},"wdio_ui5_key":"applicationmanageyards-display-component---NewYard--addressDetailDetailsName1"}]}
RESULT: undefined
COMMAND: POST /session/fa1966063a4db30dbf2f999955ebc217/execute/async - {"script":"<script> [776 bytes]","args":[{"enterText":"Intracompany Yard wdIO","selector":{"id":"application-manageyards-display-component---NewYard--addressDetailDetailsName1","interaction":{"idSuffix":"inner"}},"clearTextFirst":true,"interactionType":"ENTER_TEXT"}]}
RESULT: {"script":"<script> [776 bytes]","args":[{"enterText":"Intracompany Yard wdIO","selector":{"id":"application-manageyards-display-component---NewYard--addressDetailDetailsName1","interaction":{"idSuffix":"inner"}},"clearTextFirst":true,"interactionType":"ENTER_TEXT"}]}
COMMAND: POST /session/fa1966063a4db30dbf2f999955ebc217/execute/async - {"script":"<script> [1562 bytes]","args":[{"selector":{"id":"application-manageyards-display-component---NewYard--addressDetailDetailsLanguage-arrow"},"wdio_ui5_key":"applicationmanageyards-display-component---NewYard--addressDetailDetailsLanguage-arrow"}]}
RESULT: {"script":"<script> [1562 bytes]","args":[{"selector":{"id":"application-manageyards-display-component---NewYard--addressDetailDetailsLanguage-arrow"},"wdio_ui5_key":"applicationmanageyards-display-component---NewYard--addressDetailDetailsLanguage-arrow"}]}
RESULT: undefined
COMMAND: POST /session/fa1966063a4db30dbf2f999955ebc217/element - {"using":"xpath","value":"//*[@id=\"application-manageyards-display-component---NewYard--addressDetailDetailsLanguage-arrow\"]"}
RESULT: {"using":"xpath","value":"//*[@id=\"application-manageyards-display-component---NewYard--addressDetailDetailsLanguage-arrow\"]"}
COMMAND: POST /session/fa1966063a4db30dbf2f999955ebc217/element/f.8EF3D0D450A4EB0CE4D2D51640C2B842.d.9CBCF1680025FD0BCF48AB547DDED178.e.8627/click - {}
RESULT: {}
COMMAND: POST /session/fa1966063a4db30dbf2f999955ebc217/element - {"using":"xpath","value":"//span[contains(text(), \"English\")]"}
COMMAND: GET /session/fa1966063a4db30dbf2f999955ebc217/screenshot - {}
RESULT: {"using":"xpath","value":"//span[contains(text(), \"English\")]"}
COMMAND: POST /session/fa1966063a4db30dbf2f999955ebc217/element/f.8EF3D0D450A4EB0CE4D2D51640C2B842.d.9CBCF1680025FD0BCF48AB547DDED178.e.8628/click - {}
RESULT: {}
RESULT: {}
COMMAND: POST /session/fa1966063a4db30dbf2f999955ebc217/execute/async - {"script":"<script> [1562 bytes]","args":[{"selector":{"id":"application-manageyards-display-component---NewYard--addressDetailDetailsCity1","interaction":{"idSuffix":"inner"}},"wdio_ui5_key":"applicationmanageyards-display-component---NewYard--addressDetailDetailsCity1"}]}
COMMAND: GET /session/fa1966063a4db30dbf2f999955ebc217/screenshot - {}
RESULT: {"script":"<script> [1562 bytes]","args":[{"selector":{"id":"application-manageyards-display-component---NewYard--addressDetailDetailsCity1","interaction":{"idSuffix":"inner"}},"wdio_ui5_key":"applicationmanageyards-display-component---NewYard--addressDetailDetailsCity1"}]}
RESULT: undefined
COMMAND: POST /session/fa1966063a4db30dbf2f999955ebc217/execute/async - {"script":"<script> [776 bytes]","args":[{"enterText":"Rosario","selector":{"id":"application-manageyards-display-component---NewYard--addressDetailDetailsCity1","interaction":{"idSuffix":"inner"}},"clearTextFirst":true,"interactionType":"ENTER_TEXT"}]}
RESULT: {}
RESULT: {"script":"<script> [776 bytes]","args":[{"enterText":"Rosario","selector":{"id":"application-manageyards-display-component---NewYard--addressDetailDetailsCity1","interaction":{"idSuffix":"inner"}},"clearTextFirst":true,"interactionType":"ENTER_TEXT"}]}
COMMAND: POST /session/fa1966063a4db30dbf2f999955ebc217/execute/async - {"script":"<script> [1562 bytes]","args":[{"selector":{"id":"application-manageyards-display-component---NewYard--addressDetailDetailsCountry-arrow"},"wdio_ui5_key":"applicationmanageyards-display-component---NewYard--addressDetailDetailsCountry-arrow"}]}
RESULT: {"script":"<script> [1562 bytes]","args":[{"selector":{"id":"application-manageyards-display-component---NewYard--addressDetailDetailsCountry-arrow"},"wdio_ui5_key":"applicationmanageyards-display-component---NewYard--addressDetailDetailsCountry-arrow"}]}
RESULT: undefined
COMMAND: POST /session/fa1966063a4db30dbf2f999955ebc217/element - {"using":"xpath","value":"//*[@id=\"application-manageyards-display-component---NewYard--addressDetailDetailsCountry-arrow\"]"}
RESULT: {"using":"xpath","value":"//*[@id=\"application-manageyards-display-component---NewYard--addressDetailDetailsCountry-arrow\"]"}
COMMAND: POST /session/fa1966063a4db30dbf2f999955ebc217/element/f.8EF3D0D450A4EB0CE4D2D51640C2B842.d.9CBCF1680025FD0BCF48AB547DDED178.e.8630/click - {}
RESULT: {}
COMMAND: POST /session/fa1966063a4db30dbf2f999955ebc217/element - {"using":"xpath","value":"//span[contains(text(), \"Argentina\")]"}
COMMAND: GET /session/fa1966063a4db30dbf2f999955ebc217/screenshot - {}
RESULT: {"using":"xpath","value":"//span[contains(text(), \"Argentina\")]"}
COMMAND: POST /session/fa1966063a4db30dbf2f999955ebc217/element/f.8EF3D0D450A4EB0CE4D2D51640C2B842.d.9CBCF1680025FD0BCF48AB547DDED178.e.8631/click - {}
RESULT: {}
RESULT: {}
COMMAND: POST /session/fa1966063a4db30dbf2f999955ebc217/execute/async - {"script":"<script> [1562 bytes]","args":[{"selector":{"id":"application-manageyards-display-component---NewYard--addressEditDetailsCostObjectCstType-arrow"},"wdio_ui5_key":"applicationmanageyards-display-component---NewYard--addressEditDetailsCostObjectCstType-arrow"}]}
COMMAND: GET /session/fa1966063a4db30dbf2f999955ebc217/screenshot - {}
RESULT: {"script":"<script> [1562 bytes]","args":[{"selector":{"id":"application-manageyards-display-component---NewYard--addressEditDetailsCostObjectCstType-arrow"},"wdio_ui5_key":"applicationmanageyards-display-component---NewYard--addressEditDetailsCostObjectCstType-arrow"}]}
RESULT: undefined
COMMAND: POST /session/fa1966063a4db30dbf2f999955ebc217/element - {"using":"xpath","value":"//*[@id=\"application-manageyards-display-component---NewYard--addressEditDetailsCostObjectCstType-arrow\"]"}
RESULT: {}
RESULT: {"using":"xpath","value":"//*[@id=\"application-manageyards-display-component---NewYard--addressEditDetailsCostObjectCstType-arrow\"]"}
COMMAND: POST /session/fa1966063a4db30dbf2f999955ebc217/element/f.8EF3D0D450A4EB0CE4D2D51640C2B842.d.9CBCF1680025FD0BCF48AB547DDED178.e.8633/click - {}
RESULT: {}
COMMAND: POST /session/fa1966063a4db30dbf2f999955ebc217/element - {"using":"xpath","value":"//span[contains(text(), \"Cost Center\")]"}
COMMAND: GET /session/fa1966063a4db30dbf2f999955ebc217/screenshot - {}
RESULT: {"using":"xpath","value":"//span[contains(text(), \"Cost Center\")]"}
COMMAND: POST /session/fa1966063a4db30dbf2f999955ebc217/element/f.8EF3D0D450A4EB0CE4D2D51640C2B842.d.9CBCF1680025FD0BCF48AB547DDED178.e.8634/click - {}
RESULT: {}
RESULT: {}
COMMAND: GET /session/fa1966063a4db30dbf2f999955ebc217/screenshot - {}
RESULT: {}
COMMAND: POST /session/fa1966063a4db30dbf2f999955ebc217/element - {"using":"xpath","value":"//span[@id=\"application-manageyards-display-component---NewYard--addressNewCostObjectCstID-vhi\"]"}
RESULT: {"using":"xpath","value":"//span[@id=\"application-manageyards-display-component---NewYard--addressNewCostObjectCstID-vhi\"]"}
COMMAND: POST /session/fa1966063a4db30dbf2f999955ebc217/execute/sync - {"script":"<script> [8489 bytes]","args":[{"element-6066-11e4-a52e-4f735466cecf":"f.8EF3D0D450A4EB0CE4D2D51640C2B842.d.9CBCF1680025FD0BCF48AB547DDED178.e.8638","ELEMENT":"f.8EF3D0D450A4EB0CE4D2D51640C2B842.d.9CBCF1680025FD0BCF48AB547DDED178.e.8638"}]}
RESULT: {"script":"<script> [8489 bytes]","args":[{"element-6066-11e4-a52e-4f735466cecf":"f.8EF3D0D450A4EB0CE4D2D51640C2B842.d.9CBCF1680025FD0BCF48AB547DDED178.e.8638","ELEMENT":"f.8EF3D0D450A4EB0CE4D2D51640C2B842.d.9CBCF1680025FD0BCF48AB547DDED178.e.8638"}]}
COMMAND: POST /session/fa1966063a4db30dbf2f999955ebc217/execute/async - {"script":"<script> [1562 bytes]","args":[{"selector":{"id":"application-manageyards-display-component---NewYard--addressNewCostObjectCstID-vhi"},"wdio_ui5_key":"applicationmanageyards-display-component---NewYard--addressNewCostObjectCstID-vhi"}]}
COMMAND: GET /session/fa1966063a4db30dbf2f999955ebc217/screenshot - {}
RESULT: {"script":"<script> [1562 bytes]","args":[{"selector":{"id":"application-manageyards-display-component---NewYard--addressNewCostObjectCstID-vhi"},"wdio_ui5_key":"applicationmanageyards-display-component---NewYard--addressNewCostObjectCstID-vhi"}]}
RESULT: undefined
COMMAND: POST /session/fa1966063a4db30dbf2f999955ebc217/element - {"using":"xpath","value":"//*[@id=\"application-manageyards-display-component---NewYard--addressNewCostObjectCstID-vhi\"]"}
RESULT: {}
RESULT: {"using":"xpath","value":"//*[@id=\"application-manageyards-display-component---NewYard--addressNewCostObjectCstID-vhi\"]"}
COMMAND: POST /session/fa1966063a4db30dbf2f999955ebc217/element/f.8EF3D0D450A4EB0CE4D2D51640C2B842.d.9CBCF1680025FD0BCF48AB547DDED178.e.8638/click - {}
RESULT: {}
COMMAND: GET /session/fa1966063a4db30dbf2f999955ebc217/screenshot - {}
RESULT: {}
COMMAND: POST /session/fa1966063a4db30dbf2f999955ebc217/execute/async - {"script":"<script> [1562 bytes]","args":[{"selector":{"controlType":"sap.m.SearchField","properties":{"placeholder":"Search"},"searchOpenDialogs":true,"interaction":{"idSuffix":"I"}},"wdio_ui5_key":"sapm.SearchField{\"placeholder\":\"Search\"}"}]}
RESULT: {"script":"<script> [1562 bytes]","args":[{"selector":{"controlType":"sap.m.SearchField","properties":{"placeholder":"Search"},"searchOpenDialogs":true,"interaction":{"idSuffix":"I"}},"wdio_ui5_key":"sapm.SearchField{\"placeholder\":\"Search\"}"}]}
RESULT: undefined
COMMAND: POST /session/fa1966063a4db30dbf2f999955ebc217/execute/async - {"script":"<script> [776 bytes]","args":[{"enterText":"bauh_b","selector":{"controlType":"sap.m.SearchField","properties":{"placeholder":"Search"},"searchOpenDialogs":true,"interaction":{"idSuffix":"I"}},"clearTextFirst":true,"interactionType":"ENTER_TEXT"}]}
RESULT: {"script":"<script> [776 bytes]","args":[{"enterText":"bauh_b","selector":{"controlType":"sap.m.SearchField","properties":{"placeholder":"Search"},"searchOpenDialogs":true,"interaction":{"idSuffix":"I"}},"clearTextFirst":true,"interactionType":"ENTER_TEXT"}]}
COMMAND: POST /session/fa1966063a4db30dbf2f999955ebc217/actions - {"actions":[{"id":"action23","type":"key","parameters":{},"actions":[{"type":"keyDown","value":""},{"type":"pause","duration":10},{"type":"keyUp","value":""}]}]}
RESULT: {"actions":[{"id":"action23","type":"key","parameters":{},"actions":[{"type":"keyDown","value":""},{"type":"pause","duration":10},{"type":"keyUp","value":""}]}]}
COMMAND: GET /session/fa1966063a4db30dbf2f999955ebc217/screenshot - {}
RESULT: {}
COMMAND: POST /session/fa1966063a4db30dbf2f999955ebc217/element - {"using":"xpath","value":"//span[contains(text(), \"Demo Yard\")]"}
RESULT: {"using":"xpath","value":"//span[contains(text(), \"Demo Yard\")]"}
COMMAND: POST /session/fa1966063a4db30dbf2f999955ebc217/element/f.8EF3D0D450A4EB0CE4D2D51640C2B842.d.9CBCF1680025FD0BCF48AB547DDED178.e.8679/click - {}
RESULT: {}
COMMAND: GET /session/fa1966063a4db30dbf2f999955ebc217/screenshot - {}
RESULT: {}
COMMAND: POST /session/fa1966063a4db30dbf2f999955ebc217/element - {"using":"xpath","value":"//bdi[contains(text(), \"OK\")]"}
RESULT: {"using":"xpath","value":"//bdi[contains(text(), \"OK\")]"}
COMMAND: POST /session/fa1966063a4db30dbf2f999955ebc217/element/f.8EF3D0D450A4EB0CE4D2D51640C2B842.d.9CBCF1680025FD0BCF48AB547DDED178.e.8680/click - {}
RESULT: {}
COMMAND: GET /session/fa1966063a4db30dbf2f999955ebc217/screenshot - {}
RESULT: {}
COMMAND: POST /session/fa1966063a4db30dbf2f999955ebc217/execute/async - {"script":"<script> [1562 bytes]","args":[{"selector":{"id":"application-manageyards-display-component---NewYard--addressEditDetailsCurrency-arrow"},"wdio_ui5_key":"applicationmanageyards-display-component---NewYard--addressEditDetailsCurrency-arrow"}]}
RESULT: {"script":"<script> [1562 bytes]","args":[{"selector":{"id":"application-manageyards-display-component---NewYard--addressEditDetailsCurrency-arrow"},"wdio_ui5_key":"applicationmanageyards-display-component---NewYard--addressEditDetailsCurrency-arrow"}]}
RESULT: undefined
COMMAND: POST /session/fa1966063a4db30dbf2f999955ebc217/element - {"using":"xpath","value":"//*[@id=\"application-manageyards-display-component---NewYard--addressEditDetailsCurrency-arrow\"]"}
RESULT: {"using":"xpath","value":"//*[@id=\"application-manageyards-display-component---NewYard--addressEditDetailsCurrency-arrow\"]"}
COMMAND: POST /session/fa1966063a4db30dbf2f999955ebc217/element/f.8EF3D0D450A4EB0CE4D2D51640C2B842.d.9CBCF1680025FD0BCF48AB547DDED178.e.8683/click - {}
RESULT: {}
COMMAND: POST /session/fa1966063a4db30dbf2f999955ebc217/element - {"using":"xpath","value":"//span[contains(text(), \"Euro\")]"}
COMMAND: GET /session/fa1966063a4db30dbf2f999955ebc217/screenshot - {}
RESULT: {"using":"xpath","value":"//span[contains(text(), \"Euro\")]"}
COMMAND: POST /session/fa1966063a4db30dbf2f999955ebc217/element/f.8EF3D0D450A4EB0CE4D2D51640C2B842.d.9CBCF1680025FD0BCF48AB547DDED178.e.8684/click - {}
RESULT: {}
RESULT: {}
COMMAND: POST /session/fa1966063a4db30dbf2f999955ebc217/execute/async - {"script":"<script> [1562 bytes]","args":[{"selector":{"controlType":"sap.m.Input","viewName":"etm.portal.ui.manageyards.view.New","viewId":"application-manageyards-display-component---NewYard","bindingPath":{"path":"","propertyPath":"/CONTROLLING_AREA","modelName":"NewYardModel"},"interaction":{"idSuffix":"inner"}},"wdio_ui5_key":"etmportal.ui.manageyards.view.Newsap.m.Input{\"path\":\"\",\"propertyPath\":\"/CONTROLLING_AREA\",\"modelName\":\"NewYardModel\"}"}]}
COMMAND: GET /session/fa1966063a4db30dbf2f999955ebc217/screenshot - {}
RESULT: {"script":"<script> [1562 bytes]","args":[{"selector":{"controlType":"sap.m.Input","viewName":"etm.portal.ui.manageyards.view.New","viewId":"application-manageyards-display-component---NewYard","bindingPath":{"path":"","propertyPath":"/CONTROLLING_AREA","modelName":"NewYardModel"},"interaction":{"idSuffix":"inner"}},"wdio_ui5_key":"etmportal.ui.manageyards.view.Newsap.m.Input{\"path\":\"\",\"propertyPath\":\"/CONTROLLING_AREA\",\"modelName\":\"NewYardModel\"}"}]}
RESULT: undefined
COMMAND: POST /session/fa1966063a4db30dbf2f999955ebc217/execute/async - {"script":"<script> [776 bytes]","args":[{"enterText":"Z001","selector":{"controlType":"sap.m.Input","viewName":"etm.portal.ui.manageyards.view.New","viewId":"application-manageyards-display-component---NewYard","bindingPath":{"path":"","propertyPath":"/CONTROLLING_AREA","modelName":"NewYardModel"},"interaction":{"idSuffix":"inner"}},"clearTextFirst":true,"interactionType":"ENTER_TEXT"}]}
RESULT: {}
RESULT: {"script":"<script> [776 bytes]","args":[{"enterText":"Z001","selector":{"controlType":"sap.m.Input","viewName":"etm.portal.ui.manageyards.view.New","viewId":"application-manageyards-display-component---NewYard","bindingPath":{"path":"","propertyPath":"/CONTROLLING_AREA","modelName":"NewYardModel"},"interaction":{"idSuffix":"inner"}},"clearTextFirst":true,"interactionType":"ENTER_TEXT"}]}
COMMAND: POST /session/fa1966063a4db30dbf2f999955ebc217/execute/async - {"script":"<script> [1562 bytes]","args":[{"selector":{"id":"application-manageyards-display-component---NewYard--companyCodeComboBox","interaction":{"idSuffix":"inner"}},"wdio_ui5_key":"applicationmanageyards-display-component---NewYard--companyCodeComboBox"}]}
RESULT: {"script":"<script> [1562 bytes]","args":[{"selector":{"id":"application-manageyards-display-component---NewYard--companyCodeComboBox","interaction":{"idSuffix":"inner"}},"wdio_ui5_key":"applicationmanageyards-display-component---NewYard--companyCodeComboBox"}]}
RESULT: undefined
COMMAND: POST /session/fa1966063a4db30dbf2f999955ebc217/execute/async - {"script":"<script> [776 bytes]","args":[{"enterText":"1000","selector":{"id":"application-manageyards-display-component---NewYard--companyCodeComboBox","interaction":{"idSuffix":"inner"}},"clearTextFirst":true,"interactionType":"ENTER_TEXT"}]}
RESULT: {"script":"<script> [776 bytes]","args":[{"enterText":"1000","selector":{"id":"application-manageyards-display-component---NewYard--companyCodeComboBox","interaction":{"idSuffix":"inner"}},"clearTextFirst":true,"interactionType":"ENTER_TEXT"}]}
COMMAND: POST /session/fa1966063a4db30dbf2f999955ebc217/execute/async - {"script":"<script> [1562 bytes]","args":[{"selector":{"controlType":"sap.m.Input","viewName":"etm.portal.ui.manageyards.view.New","viewId":"application-manageyards-display-component---NewYard","bindingPath":{"path":"","propertyPath":"/PLANT","modelName":"NewYardModel"},"interaction":{"idSuffix":"inner"}},"wdio_ui5_key":"etmportal.ui.manageyards.view.Newsap.m.Input{\"path\":\"\",\"propertyPath\":\"/PLANT\",\"modelName\":\"NewYardModel\"}"}]}
RESULT: {"script":"<script> [1562 bytes]","args":[{"selector":{"controlType":"sap.m.Input","viewName":"etm.portal.ui.manageyards.view.New","viewId":"application-manageyards-display-component---NewYard","bindingPath":{"path":"","propertyPath":"/PLANT","modelName":"NewYardModel"},"interaction":{"idSuffix":"inner"}},"wdio_ui5_key":"etmportal.ui.manageyards.view.Newsap.m.Input{\"path\":\"\",\"propertyPath\":\"/PLANT\",\"modelName\":\"NewYardModel\"}"}]}
RESULT: undefined
COMMAND: POST /session/fa1966063a4db30dbf2f999955ebc217/execute/async - {"script":"<script> [776 bytes]","args":[{"enterText":"1001","selector":{"controlType":"sap.m.Input","viewName":"etm.portal.ui.manageyards.view.New","viewId":"application-manageyards-display-component---NewYard","bindingPath":{"path":"","propertyPath":"/PLANT","modelName":"NewYardModel"},"interaction":{"idSuffix":"inner"}},"clearTextFirst":true,"interactionType":"ENTER_TEXT"}]}
RESULT: {"script":"<script> [776 bytes]","args":[{"enterText":"1001","selector":{"controlType":"sap.m.Input","viewName":"etm.portal.ui.manageyards.view.New","viewId":"application-manageyards-display-component---NewYard","bindingPath":{"path":"","propertyPath":"/PLANT","modelName":"NewYardModel"},"interaction":{"idSuffix":"inner"}},"clearTextFirst":true,"interactionType":"ENTER_TEXT"}]}
COMMAND: POST /session/fa1966063a4db30dbf2f999955ebc217/execute/async - {"script":"<script> [1562 bytes]","args":[{"selector":{"controlType":"sap.m.Input","viewName":"etm.portal.ui.manageyards.view.New","viewId":"application-manageyards-display-component---NewYard","bindingPath":{"path":"","propertyPath":"/SALES_AREA_VKORG","modelName":"NewYardModel"},"interaction":{"idSuffix":"inner"}},"wdio_ui5_key":"etmportal.ui.manageyards.view.Newsap.m.Input{\"path\":\"\",\"propertyPath\":\"/SALES_AREA_VKORG\",\"modelName\":\"NewYardModel\"}"}]}
RESULT: {"script":"<script> [1562 bytes]","args":[{"selector":{"controlType":"sap.m.Input","viewName":"etm.portal.ui.manageyards.view.New","viewId":"application-manageyards-display-component---NewYard","bindingPath":{"path":"","propertyPath":"/SALES_AREA_VKORG","modelName":"NewYardModel"},"interaction":{"idSuffix":"inner"}},"wdio_ui5_key":"etmportal.ui.manageyards.view.Newsap.m.Input{\"path\":\"\",\"propertyPath\":\"/SALES_AREA_VKORG\",\"modelName\":\"NewYardModel\"}"}]}
RESULT: undefined
COMMAND: POST /session/fa1966063a4db30dbf2f999955ebc217/execute/async - {"script":"<script> [776 bytes]","args":[{"enterText":"C002","selector":{"controlType":"sap.m.Input","viewName":"etm.portal.ui.manageyards.view.New","viewId":"application-manageyards-display-component---NewYard","bindingPath":{"path":"","propertyPath":"/SALES_AREA_VKORG","modelName":"NewYardModel"},"interaction":{"idSuffix":"inner"}},"clearTextFirst":true,"interactionType":"ENTER_TEXT"}]}
RESULT: {"script":"<script> [776 bytes]","args":[{"enterText":"C002","selector":{"controlType":"sap.m.Input","viewName":"etm.portal.ui.manageyards.view.New","viewId":"application-manageyards-display-component---NewYard","bindingPath":{"path":"","propertyPath":"/SALES_AREA_VKORG","modelName":"NewYardModel"},"interaction":{"idSuffix":"inner"}},"clearTextFirst":true,"interactionType":"ENTER_TEXT"}]}
COMMAND: POST /session/fa1966063a4db30dbf2f999955ebc217/execute/async - {"script":"<script> [1562 bytes]","args":[{"selector":{"controlType":"sap.m.Input","viewName":"etm.portal.ui.manageyards.view.New","viewId":"application-manageyards-display-component---NewYard","bindingPath":{"path":"","propertyPath":"/SALES_AREA_VTWEG","modelName":"NewYardModel"},"interaction":{"idSuffix":"inner"}},"wdio_ui5_key":"etmportal.ui.manageyards.view.Newsap.m.Input{\"path\":\"\",\"propertyPath\":\"/SALES_AREA_VTWEG\",\"modelName\":\"NewYardModel\"}"}]}
RESULT: {"script":"<script> [1562 bytes]","args":[{"selector":{"controlType":"sap.m.Input","viewName":"etm.portal.ui.manageyards.view.New","viewId":"application-manageyards-display-component---NewYard","bindingPath":{"path":"","propertyPath":"/SALES_AREA_VTWEG","modelName":"NewYardModel"},"interaction":{"idSuffix":"inner"}},"wdio_ui5_key":"etmportal.ui.manageyards.view.Newsap.m.Input{\"path\":\"\",\"propertyPath\":\"/SALES_AREA_VTWEG\",\"modelName\":\"NewYardModel\"}"}]}
RESULT: undefined
COMMAND: POST /session/fa1966063a4db30dbf2f999955ebc217/execute/async - {"script":"<script> [776 bytes]","args":[{"enterText":"C2","selector":{"controlType":"sap.m.Input","viewName":"etm.portal.ui.manageyards.view.New","viewId":"application-manageyards-display-component---NewYard","bindingPath":{"path":"","propertyPath":"/SALES_AREA_VTWEG","modelName":"NewYardModel"},"interaction":{"idSuffix":"inner"}},"clearTextFirst":true,"interactionType":"ENTER_TEXT"}]}
RESULT: {"script":"<script> [776 bytes]","args":[{"enterText":"C2","selector":{"controlType":"sap.m.Input","viewName":"etm.portal.ui.manageyards.view.New","viewId":"application-manageyards-display-component---NewYard","bindingPath":{"path":"","propertyPath":"/SALES_AREA_VTWEG","modelName":"NewYardModel"},"interaction":{"idSuffix":"inner"}},"clearTextFirst":true,"interactionType":"ENTER_TEXT"}]}
COMMAND: POST /session/fa1966063a4db30dbf2f999955ebc217/execute/async - {"script":"<script> [1562 bytes]","args":[{"selector":{"controlType":"sap.m.Input","viewName":"etm.portal.ui.manageyards.view.New","viewId":"application-manageyards-display-component---NewYard","bindingPath":{"path":"","propertyPath":"/SALES_AREA_SPART","modelName":"NewYardModel"},"interaction":{"idSuffix":"inner"}},"wdio_ui5_key":"etmportal.ui.manageyards.view.Newsap.m.Input{\"path\":\"\",\"propertyPath\":\"/SALES_AREA_SPART\",\"modelName\":\"NewYardModel\"}"}]}
RESULT: {"script":"<script> [1562 bytes]","args":[{"selector":{"controlType":"sap.m.Input","viewName":"etm.portal.ui.manageyards.view.New","viewId":"application-manageyards-display-component---NewYard","bindingPath":{"path":"","propertyPath":"/SALES_AREA_SPART","modelName":"NewYardModel"},"interaction":{"idSuffix":"inner"}},"wdio_ui5_key":"etmportal.ui.manageyards.view.Newsap.m.Input{\"path\":\"\",\"propertyPath\":\"/SALES_AREA_SPART\",\"modelName\":\"NewYardModel\"}"}]}
RESULT: undefined
COMMAND: POST /session/fa1966063a4db30dbf2f999955ebc217/execute/async - {"script":"<script> [776 bytes]","args":[{"enterText":"C2","selector":{"controlType":"sap.m.Input","viewName":"etm.portal.ui.manageyards.view.New","viewId":"application-manageyards-display-component---NewYard","bindingPath":{"path":"","propertyPath":"/SALES_AREA_SPART","modelName":"NewYardModel"},"interaction":{"idSuffix":"inner"}},"clearTextFirst":true,"interactionType":"ENTER_TEXT"}]}
RESULT: {"script":"<script> [776 bytes]","args":[{"enterText":"C2","selector":{"controlType":"sap.m.Input","viewName":"etm.portal.ui.manageyards.view.New","viewId":"application-manageyards-display-component---NewYard","bindingPath":{"path":"","propertyPath":"/SALES_AREA_SPART","modelName":"NewYardModel"},"interaction":{"idSuffix":"inner"}},"clearTextFirst":true,"interactionType":"ENTER_TEXT"}]}
COMMAND: POST /session/fa1966063a4db30dbf2f999955ebc217/execute/async - {"script":"<script> [1562 bytes]","args":[{"selector":{"controlType":"sap.m.Input","viewName":"etm.portal.ui.manageyards.view.New","viewId":"application-manageyards-display-component---NewYard","bindingPath":{"path":"","propertyPath":"/SHIP_POINT","modelName":"NewYardModel"},"interaction":{"idSuffix":"inner"}},"wdio_ui5_key":"etmportal.ui.manageyards.view.Newsap.m.Input{\"path\":\"\",\"propertyPath\":\"/SHIP_POINT\",\"modelName\":\"NewYardModel\"}"}]}
RESULT: {"script":"<script> [1562 bytes]","args":[{"selector":{"controlType":"sap.m.Input","viewName":"etm.portal.ui.manageyards.view.New","viewId":"application-manageyards-display-component---NewYard","bindingPath":{"path":"","propertyPath":"/SHIP_POINT","modelName":"NewYardModel"},"interaction":{"idSuffix":"inner"}},"wdio_ui5_key":"etmportal.ui.manageyards.view.Newsap.m.Input{\"path\":\"\",\"propertyPath\":\"/SHIP_POINT\",\"modelName\":\"NewYardModel\"}"}]}
RESULT: undefined
COMMAND: POST /session/fa1966063a4db30dbf2f999955ebc217/execute/async - {"script":"<script> [776 bytes]","args":[{"enterText":"1710","selector":{"controlType":"sap.m.Input","viewName":"etm.portal.ui.manageyards.view.New","viewId":"application-manageyards-display-component---NewYard","bindingPath":{"path":"","propertyPath":"/SHIP_POINT","modelName":"NewYardModel"},"interaction":{"idSuffix":"inner"}},"clearTextFirst":true,"interactionType":"ENTER_TEXT"}]}
RESULT: {"script":"<script> [776 bytes]","args":[{"enterText":"1710","selector":{"controlType":"sap.m.Input","viewName":"etm.portal.ui.manageyards.view.New","viewId":"application-manageyards-display-component---NewYard","bindingPath":{"path":"","propertyPath":"/SHIP_POINT","modelName":"NewYardModel"},"interaction":{"idSuffix":"inner"}},"clearTextFirst":true,"interactionType":"ENTER_TEXT"}]}
COMMAND: POST /session/fa1966063a4db30dbf2f999955ebc217/execute/async - {"script":"<script> [1562 bytes]","args":[{"selector":{"controlType":"sap.m.Input","viewName":"etm.portal.ui.manageyards.view.New","viewId":"application-manageyards-display-component---NewYard","bindingPath":{"path":"","propertyPath":"/DELIVERY_TYPE","modelName":"NewYardModel"},"interaction":{"idSuffix":"inner"}},"wdio_ui5_key":"etmportal.ui.manageyards.view.Newsap.m.Input{\"path\":\"\",\"propertyPath\":\"/DELIVERY_TYPE\",\"modelName\":\"NewYardModel\"}"}]}
RESULT: {"script":"<script> [1562 bytes]","args":[{"selector":{"controlType":"sap.m.Input","viewName":"etm.portal.ui.manageyards.view.New","viewId":"application-manageyards-display-component---NewYard","bindingPath":{"path":"","propertyPath":"/DELIVERY_TYPE","modelName":"NewYardModel"},"interaction":{"idSuffix":"inner"}},"wdio_ui5_key":"etmportal.ui.manageyards.view.Newsap.m.Input{\"path\":\"\",\"propertyPath\":\"/DELIVERY_TYPE\",\"modelName\":\"NewYardModel\"}"}]}
RESULT: undefined
COMMAND: POST /session/fa1966063a4db30dbf2f999955ebc217/execute/async - {"script":"<script> [776 bytes]","args":[{"enterText":"ZL01","selector":{"controlType":"sap.m.Input","viewName":"etm.portal.ui.manageyards.view.New","viewId":"application-manageyards-display-component---NewYard","bindingPath":{"path":"","propertyPath":"/DELIVERY_TYPE","modelName":"NewYardModel"},"interaction":{"idSuffix":"inner"}},"clearTextFirst":true,"interactionType":"ENTER_TEXT"}]}
RESULT: {"script":"<script> [776 bytes]","args":[{"enterText":"ZL01","selector":{"controlType":"sap.m.Input","viewName":"etm.portal.ui.manageyards.view.New","viewId":"application-manageyards-display-component---NewYard","bindingPath":{"path":"","propertyPath":"/DELIVERY_TYPE","modelName":"NewYardModel"},"interaction":{"idSuffix":"inner"}},"clearTextFirst":true,"interactionType":"ENTER_TEXT"}]}
COMMAND: POST /session/fa1966063a4db30dbf2f999955ebc217/execute/async - {"script":"<script> [1562 bytes]","args":[{"selector":{"controlType":"sap.m.Input","viewName":"etm.portal.ui.manageyards.view.New","viewId":"application-manageyards-display-component---NewYard","bindingPath":{"path":"","propertyPath":"/AUART","modelName":"NewYardModel"},"interaction":{"idSuffix":"inner"}},"wdio_ui5_key":"etmportal.ui.manageyards.view.Newsap.m.Input{\"path\":\"\",\"propertyPath\":\"/AUART\",\"modelName\":\"NewYardModel\"}"}]}
RESULT: {"script":"<script> [1562 bytes]","args":[{"selector":{"controlType":"sap.m.Input","viewName":"etm.portal.ui.manageyards.view.New","viewId":"application-manageyards-display-component---NewYard","bindingPath":{"path":"","propertyPath":"/AUART","modelName":"NewYardModel"},"interaction":{"idSuffix":"inner"}},"wdio_ui5_key":"etmportal.ui.manageyards.view.Newsap.m.Input{\"path\":\"\",\"propertyPath\":\"/AUART\",\"modelName\":\"NewYardModel\"}"}]}
RESULT: undefined
COMMAND: POST /session/fa1966063a4db30dbf2f999955ebc217/execute/async - {"script":"<script> [776 bytes]","args":[{"enterText":"TA","selector":{"controlType":"sap.m.Input","viewName":"etm.portal.ui.manageyards.view.New","viewId":"application-manageyards-display-component---NewYard","bindingPath":{"path":"","propertyPath":"/AUART","modelName":"NewYardModel"},"interaction":{"idSuffix":"inner"}},"clearTextFirst":true,"interactionType":"ENTER_TEXT"}]}
RESULT: {"script":"<script> [776 bytes]","args":[{"enterText":"TA","selector":{"controlType":"sap.m.Input","viewName":"etm.portal.ui.manageyards.view.New","viewId":"application-manageyards-display-component---NewYard","bindingPath":{"path":"","propertyPath":"/AUART","modelName":"NewYardModel"},"interaction":{"idSuffix":"inner"}},"clearTextFirst":true,"interactionType":"ENTER_TEXT"}]}
COMMAND: POST /session/fa1966063a4db30dbf2f999955ebc217/element - {"using":"xpath","value":"//button[@data-kt=\"newYardSaveButton\"]"}
RESULT: {"using":"xpath","value":"//button[@data-kt=\"newYardSaveButton\"]"}
COMMAND: POST /session/fa1966063a4db30dbf2f999955ebc217/element/f.8EF3D0D450A4EB0CE4D2D51640C2B842.d.9CBCF1680025FD0BCF48AB547DDED178.e.8620/click - {}
RESULT: {}
COMMAND: GET /session/fa1966063a4db30dbf2f999955ebc217/screenshot - {}
RESULT: {}
COMMAND: POST /session/fa1966063a4db30dbf2f999955ebc217/element - {"using":"xpath","value":"//header[contains(@id, 'ObjectPageLayout-headerTitle')]/div[1]/div[2]/div[1]/span[1]"}
RESULT: {"using":"xpath","value":"//header[contains(@id, 'ObjectPageLayout-headerTitle')]/div[1]/div[2]/div[1]/span[1]"}
COMMAND: POST /session/fa1966063a4db30dbf2f999955ebc217/elements - {"using":"xpath","value":"//header[contains(@id, 'ObjectPageLayout-headerTitle')]/div[1]/div[2]/div[1]/span[1]"}
RESULT: {"using":"xpath","value":"//header[contains(@id, 'ObjectPageLayout-headerTitle')]/div[1]/div[2]/div[1]/span[1]"}
COMMAND: POST /session/fa1966063a4db30dbf2f999955ebc217/execute/sync - {"script":"<script> [56 bytes]","args":[{"element-6066-11e4-a52e-4f735466cecf":"f.8EF3D0D450A4EB0CE4D2D51640C2B842.d.9CBCF1680025FD0BCF48AB547DDED178.e.8902","ELEMENT":"f.8EF3D0D450A4EB0CE4D2D51640C2B842.d.9CBCF1680025FD0BCF48AB547DDED178.e.8902"}]}
RESULT: {"script":"<script> [56 bytes]","args":[{"element-6066-11e4-a52e-4f735466cecf":"f.8EF3D0D450A4EB0CE4D2D51640C2B842.d.9CBCF1680025FD0BCF48AB547DDED178.e.8902","ELEMENT":"f.8EF3D0D450A4EB0CE4D2D51640C2B842.d.9CBCF1680025FD0BCF48AB547DDED178.e.8902"}]}
COMMAND: GET /session/fa1966063a4db30dbf2f999955ebc217/screenshot - {}
RESULT: {}
COMMAND: POST /session/fa1966063a4db30dbf2f999955ebc217/element - {"using":"css selector","value":"#shell-header-logo"}
RESULT: {"using":"css selector","value":"#shell-header-logo"}
COMMAND: POST /session/fa1966063a4db30dbf2f999955ebc217/element/f.8EF3D0D450A4EB0CE4D2D51640C2B842.d.9CBCF1680025FD0BCF48AB547DDED178.e.8167/click - {}
RESULT: {}
COMMAND: GET /session/fa1966063a4db30dbf2f999955ebc217/screenshot - {}
RESULT: {}
COMMAND: POST /session/fa1966063a4db30dbf2f999955ebc217/execute/sync - {"script":"<script> [299 bytes]","args":[["getModel","getResource"]]}
RESULT: {"script":"<script> [299 bytes]","args":[["getModel","getResource"]]}
]]></system-out>
    </testcase>
    <testcase classname="chrome.136_0_7103_93.windows.Billing_Transfer_-_Intracompany_US127249" name="Should create a new partner" time="149.406">
      <system-out><![CDATA[
COMMAND: GET /session/fa1966063a4db30dbf2f999955ebc217/screenshot - {}
COMMAND: POST /session/fa1966063a4db30dbf2f999955ebc217/window/fullscreen - {}
RESULT: {}
RESULT: {}
COMMAND: POST /session/fa1966063a4db30dbf2f999955ebc217/execute/async - {"script":"<script> [1562 bytes]","args":[{"selector":{"controlType":"sap.m.GenericTile","properties":{"header":"Manage Partners"}},"wdio_ui5_key":"sapm.GenericTile{\"header\":\"Manage Partners\"}"}]}
RESULT: {"script":"<script> [1562 bytes]","args":[{"selector":{"controlType":"sap.m.GenericTile","properties":{"header":"Manage Partners"}},"wdio_ui5_key":"sapm.GenericTile{\"header\":\"Manage Partners\"}"}]}
RESULT: undefined
COMMAND: POST /session/fa1966063a4db30dbf2f999955ebc217/element - {"using":"xpath","value":"//*[@id=\"__tile38\"]"}
RESULT: {"using":"xpath","value":"//*[@id=\"__tile38\"]"}
COMMAND: POST /session/fa1966063a4db30dbf2f999955ebc217/element/f.8EF3D0D450A4EB0CE4D2D51640C2B842.d.9CBCF1680025FD0BCF48AB547DDED178.e.8058/click - {}
RESULT: {}
COMMAND: GET /session/fa1966063a4db30dbf2f999955ebc217/screenshot - {}
RESULT: {}
COMMAND: POST /session/fa1966063a4db30dbf2f999955ebc217/elements - {"using":"xpath","value":"//span[text()='Error']"}
RESULT: {"using":"xpath","value":"//span[text()='Error']"}
COMMAND: POST /session/fa1966063a4db30dbf2f999955ebc217/element - {"using":"xpath","value":"//button[@data-kt=\"addButton\"]"}
RESULT: {"using":"xpath","value":"//button[@data-kt=\"addButton\"]"}
COMMAND: POST /session/fa1966063a4db30dbf2f999955ebc217/elements - {"using":"xpath","value":"//button[@data-kt=\"addButton\"]"}
RESULT: {"using":"xpath","value":"//button[@data-kt=\"addButton\"]"}
COMMAND: POST /session/fa1966063a4db30dbf2f999955ebc217/elements - {"using":"xpath","value":"//button[@data-kt=\"addButton\"]"}
RESULT: {"using":"xpath","value":"//button[@data-kt=\"addButton\"]"}
COMMAND: POST /session/fa1966063a4db30dbf2f999955ebc217/element - {"using":"xpath","value":"//button[@data-kt=\"addButton\"]"}
RESULT: {"using":"xpath","value":"//button[@data-kt=\"addButton\"]"}
COMMAND: POST /session/fa1966063a4db30dbf2f999955ebc217/execute/sync - {"script":"<script> [8489 bytes]","args":[{"element-6066-11e4-a52e-4f735466cecf":"f.8EF3D0D450A4EB0CE4D2D51640C2B842.d.9CBCF1680025FD0BCF48AB547DDED178.e.8952","ELEMENT":"f.8EF3D0D450A4EB0CE4D2D51640C2B842.d.9CBCF1680025FD0BCF48AB547DDED178.e.8952"}]}
RESULT: {"script":"<script> [8489 bytes]","args":[{"element-6066-11e4-a52e-4f735466cecf":"f.8EF3D0D450A4EB0CE4D2D51640C2B842.d.9CBCF1680025FD0BCF48AB547DDED178.e.8952","ELEMENT":"f.8EF3D0D450A4EB0CE4D2D51640C2B842.d.9CBCF1680025FD0BCF48AB547DDED178.e.8952"}]}
COMMAND: GET /session/fa1966063a4db30dbf2f999955ebc217/element/f.8EF3D0D450A4EB0CE4D2D51640C2B842.d.9CBCF1680025FD0BCF48AB547DDED178.e.8952/enabled - {}
COMMAND: GET /session/fa1966063a4db30dbf2f999955ebc217/screenshot - {}
RESULT: {}
COMMAND: POST /session/fa1966063a4db30dbf2f999955ebc217/execute/sync - {"script":"<script> [8489 bytes]","args":[{"element-6066-11e4-a52e-4f735466cecf":"f.8EF3D0D450A4EB0CE4D2D51640C2B842.d.9CBCF1680025FD0BCF48AB547DDED178.e.8952","ELEMENT":"f.8EF3D0D450A4EB0CE4D2D51640C2B842.d.9CBCF1680025FD0BCF48AB547DDED178.e.8952"}]}
COMMAND: GET /session/fa1966063a4db30dbf2f999955ebc217/screenshot - {}
RESULT: {}
RESULT: {"script":"<script> [8489 bytes]","args":[{"element-6066-11e4-a52e-4f735466cecf":"f.8EF3D0D450A4EB0CE4D2D51640C2B842.d.9CBCF1680025FD0BCF48AB547DDED178.e.8952","ELEMENT":"f.8EF3D0D450A4EB0CE4D2D51640C2B842.d.9CBCF1680025FD0BCF48AB547DDED178.e.8952"}]}
COMMAND: POST /session/fa1966063a4db30dbf2f999955ebc217/execute/sync - {"script":"<script> [5351 bytes]","args":[{"element-6066-11e4-a52e-4f735466cecf":"f.8EF3D0D450A4EB0CE4D2D51640C2B842.d.9CBCF1680025FD0BCF48AB547DDED178.e.8952","ELEMENT":"f.8EF3D0D450A4EB0CE4D2D51640C2B842.d.9CBCF1680025FD0BCF48AB547DDED178.e.8952"}]}
COMMAND: GET /session/fa1966063a4db30dbf2f999955ebc217/screenshot - {}
RESULT: {}
RESULT: {"script":"<script> [5351 bytes]","args":[{"element-6066-11e4-a52e-4f735466cecf":"f.8EF3D0D450A4EB0CE4D2D51640C2B842.d.9CBCF1680025FD0BCF48AB547DDED178.e.8952","ELEMENT":"f.8EF3D0D450A4EB0CE4D2D51640C2B842.d.9CBCF1680025FD0BCF48AB547DDED178.e.8952"}]}
COMMAND: POST /session/fa1966063a4db30dbf2f999955ebc217/element/f.8EF3D0D450A4EB0CE4D2D51640C2B842.d.9CBCF1680025FD0BCF48AB547DDED178.e.8952/click - {}
COMMAND: GET /session/fa1966063a4db30dbf2f999955ebc217/screenshot - {}
RESULT: {}
RESULT: {}
COMMAND: GET /session/fa1966063a4db30dbf2f999955ebc217/screenshot - {}
COMMAND: POST /session/fa1966063a4db30dbf2f999955ebc217/execute/async - {"script":"<script> [1562 bytes]","args":[{"selector":{"id":"application-managepartners-display-component---NewPartner--addressDetailDetailsName1","interaction":{"idSuffix":"inner"}},"wdio_ui5_key":"applicationmanagepartners-display-component---NewPartner--addressDetailDetailsName1"}]}
RESULT: {}
RESULT: {}
RESULT: {"script":"<script> [1562 bytes]","args":[{"selector":{"id":"application-managepartners-display-component---NewPartner--addressDetailDetailsName1","interaction":{"idSuffix":"inner"}},"wdio_ui5_key":"applicationmanagepartners-display-component---NewPartner--addressDetailDetailsName1"}]}
RESULT: undefined
COMMAND: POST /session/fa1966063a4db30dbf2f999955ebc217/execute/async - {"script":"<script> [776 bytes]","args":[{"enterText":"Intracompany Partner WDIO","selector":{"id":"application-managepartners-display-component---NewPartner--addressDetailDetailsName1","interaction":{"idSuffix":"inner"}},"clearTextFirst":true,"interactionType":"ENTER_TEXT"}]}
RESULT: {"script":"<script> [776 bytes]","args":[{"enterText":"Intracompany Partner WDIO","selector":{"id":"application-managepartners-display-component---NewPartner--addressDetailDetailsName1","interaction":{"idSuffix":"inner"}},"clearTextFirst":true,"interactionType":"ENTER_TEXT"}]}
COMMAND: POST /session/fa1966063a4db30dbf2f999955ebc217/execute/async - {"script":"<script> [1562 bytes]","args":[{"selector":{"id":"application-managepartners-display-component---NewPartner--addressDetailDetailsLanguage-arrow"},"wdio_ui5_key":"applicationmanagepartners-display-component---NewPartner--addressDetailDetailsLanguage-arrow"}]}
RESULT: {"script":"<script> [1562 bytes]","args":[{"selector":{"id":"application-managepartners-display-component---NewPartner--addressDetailDetailsLanguage-arrow"},"wdio_ui5_key":"applicationmanagepartners-display-component---NewPartner--addressDetailDetailsLanguage-arrow"}]}
RESULT: undefined
COMMAND: POST /session/fa1966063a4db30dbf2f999955ebc217/element - {"using":"xpath","value":"//*[@id=\"application-managepartners-display-component---NewPartner--addressDetailDetailsLanguage-arrow\"]"}
RESULT: {"using":"xpath","value":"//*[@id=\"application-managepartners-display-component---NewPartner--addressDetailDetailsLanguage-arrow\"]"}
COMMAND: POST /session/fa1966063a4db30dbf2f999955ebc217/element/f.8EF3D0D450A4EB0CE4D2D51640C2B842.d.9CBCF1680025FD0BCF48AB547DDED178.e.9393/click - {}
RESULT: {}
COMMAND: POST /session/fa1966063a4db30dbf2f999955ebc217/element - {"using":"xpath","value":"//span[contains(text(), \"English\")]"}
COMMAND: GET /session/fa1966063a4db30dbf2f999955ebc217/screenshot - {}
RESULT: {"using":"xpath","value":"//span[contains(text(), \"English\")]"}
COMMAND: POST /session/fa1966063a4db30dbf2f999955ebc217/element/f.8EF3D0D450A4EB0CE4D2D51640C2B842.d.9CBCF1680025FD0BCF48AB547DDED178.e.9394/click - {}
RESULT: {}
RESULT: {}
COMMAND: GET /session/fa1966063a4db30dbf2f999955ebc217/screenshot - {}
RESULT: {}
COMMAND: POST /session/fa1966063a4db30dbf2f999955ebc217/execute/async - {"script":"<script> [1562 bytes]","args":[{"selector":{"id":"application-managepartners-display-component---NewPartner--addressDetailDetailsCity1","interaction":{"idSuffix":"inner"}},"wdio_ui5_key":"applicationmanagepartners-display-component---NewPartner--addressDetailDetailsCity1"}]}
RESULT: {"script":"<script> [1562 bytes]","args":[{"selector":{"id":"application-managepartners-display-component---NewPartner--addressDetailDetailsCity1","interaction":{"idSuffix":"inner"}},"wdio_ui5_key":"applicationmanagepartners-display-component---NewPartner--addressDetailDetailsCity1"}]}
RESULT: undefined
COMMAND: POST /session/fa1966063a4db30dbf2f999955ebc217/execute/async - {"script":"<script> [776 bytes]","args":[{"enterText":"Rosario","selector":{"id":"application-managepartners-display-component---NewPartner--addressDetailDetailsCity1","interaction":{"idSuffix":"inner"}},"clearTextFirst":true,"interactionType":"ENTER_TEXT"}]}
RESULT: {"script":"<script> [776 bytes]","args":[{"enterText":"Rosario","selector":{"id":"application-managepartners-display-component---NewPartner--addressDetailDetailsCity1","interaction":{"idSuffix":"inner"}},"clearTextFirst":true,"interactionType":"ENTER_TEXT"}]}
COMMAND: POST /session/fa1966063a4db30dbf2f999955ebc217/execute/async - {"script":"<script> [1562 bytes]","args":[{"selector":{"id":"application-managepartners-display-component---NewPartner--addressDetailDetailsCountry-arrow"},"wdio_ui5_key":"applicationmanagepartners-display-component---NewPartner--addressDetailDetailsCountry-arrow"}]}
RESULT: {"script":"<script> [1562 bytes]","args":[{"selector":{"id":"application-managepartners-display-component---NewPartner--addressDetailDetailsCountry-arrow"},"wdio_ui5_key":"applicationmanagepartners-display-component---NewPartner--addressDetailDetailsCountry-arrow"}]}
RESULT: undefined
COMMAND: POST /session/fa1966063a4db30dbf2f999955ebc217/element - {"using":"xpath","value":"//*[@id=\"application-managepartners-display-component---NewPartner--addressDetailDetailsCountry-arrow\"]"}
RESULT: {"using":"xpath","value":"//*[@id=\"application-managepartners-display-component---NewPartner--addressDetailDetailsCountry-arrow\"]"}
COMMAND: POST /session/fa1966063a4db30dbf2f999955ebc217/element/f.8EF3D0D450A4EB0CE4D2D51640C2B842.d.9CBCF1680025FD0BCF48AB547DDED178.e.9372/click - {}
RESULT: {}
COMMAND: POST /session/fa1966063a4db30dbf2f999955ebc217/element - {"using":"xpath","value":"//span[contains(text(), \"Argentina\")]"}
COMMAND: GET /session/fa1966063a4db30dbf2f999955ebc217/screenshot - {}
RESULT: {"using":"xpath","value":"//span[contains(text(), \"Argentina\")]"}
COMMAND: POST /session/fa1966063a4db30dbf2f999955ebc217/element/f.8EF3D0D450A4EB0CE4D2D51640C2B842.d.9CBCF1680025FD0BCF48AB547DDED178.e.9396/click - {}
RESULT: {}
RESULT: {}
COMMAND: GET /session/fa1966063a4db30dbf2f999955ebc217/screenshot - {}
RESULT: {}
COMMAND: POST /session/fa1966063a4db30dbf2f999955ebc217/element - {"using":"xpath","value":"//bdi[contains(text(), \"Commercial\")]"}
RESULT: {"using":"xpath","value":"//bdi[contains(text(), \"Commercial\")]"}
COMMAND: POST /session/fa1966063a4db30dbf2f999955ebc217/element/f.8EF3D0D450A4EB0CE4D2D51640C2B842.d.9CBCF1680025FD0BCF48AB547DDED178.e.9397/click - {}
RESULT: {}
COMMAND: GET /session/fa1966063a4db30dbf2f999955ebc217/screenshot - {}
RESULT: {}
COMMAND: POST /session/fa1966063a4db30dbf2f999955ebc217/execute/async - {"script":"<script> [1562 bytes]","args":[{"selector":{"id":"application-managepartners-display-component---NewPartner--partnerDetailInternal-arrow"},"wdio_ui5_key":"applicationmanagepartners-display-component---NewPartner--partnerDetailInternal-arrow"}]}
RESULT: {"script":"<script> [1562 bytes]","args":[{"selector":{"id":"application-managepartners-display-component---NewPartner--partnerDetailInternal-arrow"},"wdio_ui5_key":"applicationmanagepartners-display-component---NewPartner--partnerDetailInternal-arrow"}]}
RESULT: undefined
COMMAND: POST /session/fa1966063a4db30dbf2f999955ebc217/element - {"using":"xpath","value":"//*[@id=\"application-managepartners-display-component---NewPartner--partnerDetailInternal-arrow\"]"}
RESULT: {"using":"xpath","value":"//*[@id=\"application-managepartners-display-component---NewPartner--partnerDetailInternal-arrow\"]"}
COMMAND: POST /session/fa1966063a4db30dbf2f999955ebc217/element/f.8EF3D0D450A4EB0CE4D2D51640C2B842.d.9CBCF1680025FD0BCF48AB547DDED178.e.9403/click - {}
RESULT: {}
COMMAND: POST /session/fa1966063a4db30dbf2f999955ebc217/element - {"using":"xpath","value":"//span[contains(text(), \"Affiliated company\")]"}
COMMAND: GET /session/fa1966063a4db30dbf2f999955ebc217/screenshot - {}
RESULT: {"using":"xpath","value":"//span[contains(text(), \"Affiliated company\")]"}
COMMAND: POST /session/fa1966063a4db30dbf2f999955ebc217/element/f.8EF3D0D450A4EB0CE4D2D51640C2B842.d.9CBCF1680025FD0BCF48AB547DDED178.e.9405/click - {}
RESULT: {}
RESULT: {}
COMMAND: POST /session/fa1966063a4db30dbf2f999955ebc217/execute/async - {"script":"<script> [1562 bytes]","args":[{"selector":{"id":"application-managepartners-display-component---NewPartner--partnerDetailsCurrency-arrow"},"wdio_ui5_key":"applicationmanagepartners-display-component---NewPartner--partnerDetailsCurrency-arrow"}]}
COMMAND: GET /session/fa1966063a4db30dbf2f999955ebc217/screenshot - {}
RESULT: {"script":"<script> [1562 bytes]","args":[{"selector":{"id":"application-managepartners-display-component---NewPartner--partnerDetailsCurrency-arrow"},"wdio_ui5_key":"applicationmanagepartners-display-component---NewPartner--partnerDetailsCurrency-arrow"}]}
RESULT: undefined
COMMAND: POST /session/fa1966063a4db30dbf2f999955ebc217/element - {"using":"xpath","value":"//*[@id=\"application-managepartners-display-component---NewPartner--partnerDetailsCurrency-arrow\"]"}
RESULT: {}
RESULT: {"using":"xpath","value":"//*[@id=\"application-managepartners-display-component---NewPartner--partnerDetailsCurrency-arrow\"]"}
COMMAND: POST /session/fa1966063a4db30dbf2f999955ebc217/element/f.8EF3D0D450A4EB0CE4D2D51640C2B842.d.9CBCF1680025FD0BCF48AB547DDED178.e.9412/click - {}
RESULT: {}
COMMAND: POST /session/fa1966063a4db30dbf2f999955ebc217/element - {"using":"xpath","value":"//span[contains(text(), \"Euro\")]"}
COMMAND: GET /session/fa1966063a4db30dbf2f999955ebc217/screenshot - {}
RESULT: {"using":"xpath","value":"//span[contains(text(), \"Euro\")]"}
COMMAND: POST /session/fa1966063a4db30dbf2f999955ebc217/element/f.8EF3D0D450A4EB0CE4D2D51640C2B842.d.9CBCF1680025FD0BCF48AB547DDED178.e.9413/click - {}
RESULT: {}
RESULT: {}
COMMAND: POST /session/fa1966063a4db30dbf2f999955ebc217/execute/async - {"script":"<script> [1562 bytes]","args":[{"selector":{"id":"application-managepartners-display-component---NewPartner--addressEditDetailsCostObjectCstType-arrow"},"wdio_ui5_key":"applicationmanagepartners-display-component---NewPartner--addressEditDetailsCostObjectCstType-arrow"}]}
COMMAND: GET /session/fa1966063a4db30dbf2f999955ebc217/screenshot - {}
RESULT: {"script":"<script> [1562 bytes]","args":[{"selector":{"id":"application-managepartners-display-component---NewPartner--addressEditDetailsCostObjectCstType-arrow"},"wdio_ui5_key":"applicationmanagepartners-display-component---NewPartner--addressEditDetailsCostObjectCstType-arrow"}]}
RESULT: undefined
COMMAND: POST /session/fa1966063a4db30dbf2f999955ebc217/element - {"using":"xpath","value":"//*[@id=\"application-managepartners-display-component---NewPartner--addressEditDetailsCostObjectCstType-arrow\"]"}
RESULT: {}
RESULT: {"using":"xpath","value":"//*[@id=\"application-managepartners-display-component---NewPartner--addressEditDetailsCostObjectCstType-arrow\"]"}
COMMAND: POST /session/fa1966063a4db30dbf2f999955ebc217/element/f.8EF3D0D450A4EB0CE4D2D51640C2B842.d.9CBCF1680025FD0BCF48AB547DDED178.e.9414/click - {}
RESULT: {}
COMMAND: POST /session/fa1966063a4db30dbf2f999955ebc217/element - {"using":"xpath","value":"//span[contains(text(), \"Cost Center\")]"}
COMMAND: GET /session/fa1966063a4db30dbf2f999955ebc217/screenshot - {}
RESULT: {"using":"xpath","value":"//span[contains(text(), \"Cost Center\")]"}
COMMAND: POST /session/fa1966063a4db30dbf2f999955ebc217/element/f.8EF3D0D450A4EB0CE4D2D51640C2B842.d.9CBCF1680025FD0BCF48AB547DDED178.e.9415/click - {}
RESULT: {}
RESULT: {}
COMMAND: GET /session/fa1966063a4db30dbf2f999955ebc217/screenshot - {}
RESULT: {}
COMMAND: POST /session/fa1966063a4db30dbf2f999955ebc217/element - {"using":"xpath","value":"//span[@id=\"application-managepartners-display-component---NewPartner--addressNewCostObjectCstID-vhi\"]"}
RESULT: {"using":"xpath","value":"//span[@id=\"application-managepartners-display-component---NewPartner--addressNewCostObjectCstID-vhi\"]"}
COMMAND: POST /session/fa1966063a4db30dbf2f999955ebc217/execute/sync - {"script":"<script> [8489 bytes]","args":[{"element-6066-11e4-a52e-4f735466cecf":"f.8EF3D0D450A4EB0CE4D2D51640C2B842.d.9CBCF1680025FD0BCF48AB547DDED178.e.9419","ELEMENT":"f.8EF3D0D450A4EB0CE4D2D51640C2B842.d.9CBCF1680025FD0BCF48AB547DDED178.e.9419"}]}
RESULT: {"script":"<script> [8489 bytes]","args":[{"element-6066-11e4-a52e-4f735466cecf":"f.8EF3D0D450A4EB0CE4D2D51640C2B842.d.9CBCF1680025FD0BCF48AB547DDED178.e.9419","ELEMENT":"f.8EF3D0D450A4EB0CE4D2D51640C2B842.d.9CBCF1680025FD0BCF48AB547DDED178.e.9419"}]}
COMMAND: POST /session/fa1966063a4db30dbf2f999955ebc217/execute/async - {"script":"<script> [1562 bytes]","args":[{"selector":{"id":"application-managepartners-display-component---NewPartner--addressNewCostObjectCstID-vhi"},"wdio_ui5_key":"applicationmanagepartners-display-component---NewPartner--addressNewCostObjectCstID-vhi"}]}
COMMAND: GET /session/fa1966063a4db30dbf2f999955ebc217/screenshot - {}
RESULT: {"script":"<script> [1562 bytes]","args":[{"selector":{"id":"application-managepartners-display-component---NewPartner--addressNewCostObjectCstID-vhi"},"wdio_ui5_key":"applicationmanagepartners-display-component---NewPartner--addressNewCostObjectCstID-vhi"}]}
RESULT: undefined
COMMAND: POST /session/fa1966063a4db30dbf2f999955ebc217/element - {"using":"xpath","value":"//*[@id=\"application-managepartners-display-component---NewPartner--addressNewCostObjectCstID-vhi\"]"}
RESULT: {}
RESULT: {"using":"xpath","value":"//*[@id=\"application-managepartners-display-component---NewPartner--addressNewCostObjectCstID-vhi\"]"}
COMMAND: POST /session/fa1966063a4db30dbf2f999955ebc217/element/f.8EF3D0D450A4EB0CE4D2D51640C2B842.d.9CBCF1680025FD0BCF48AB547DDED178.e.9419/click - {}
RESULT: {}
COMMAND: GET /session/fa1966063a4db30dbf2f999955ebc217/screenshot - {}
RESULT: {}
RESULT: undefined
COMMAND: POST /session/fa1966063a4db30dbf2f999955ebc217/execute/async - {"script":"<script> [776 bytes]","args":[{"enterText":"10001013","selector":{"controlType":"sap.m.SearchField","properties":{"placeholder":"Search"},"searchOpenDialogs":true,"interaction":{"idSuffix":"I"}},"clearTextFirst":true,"interactionType":"ENTER_TEXT"}]}
RESULT: {"script":"<script> [776 bytes]","args":[{"enterText":"10001013","selector":{"controlType":"sap.m.SearchField","properties":{"placeholder":"Search"},"searchOpenDialogs":true,"interaction":{"idSuffix":"I"}},"clearTextFirst":true,"interactionType":"ENTER_TEXT"}]}
COMMAND: POST /session/fa1966063a4db30dbf2f999955ebc217/actions - {"actions":[{"id":"action24","type":"key","parameters":{},"actions":[{"type":"keyDown","value":""},{"type":"pause","duration":10},{"type":"keyUp","value":""}]}]}
RESULT: {"actions":[{"id":"action24","type":"key","parameters":{},"actions":[{"type":"keyDown","value":""},{"type":"pause","duration":10},{"type":"keyUp","value":""}]}]}
COMMAND: GET /session/fa1966063a4db30dbf2f999955ebc217/screenshot - {}
RESULT: {}
COMMAND: POST /session/fa1966063a4db30dbf2f999955ebc217/element - {"using":"xpath","value":"//span[contains(text(), \"General Management\")]"}
RESULT: {"using":"xpath","value":"//span[contains(text(), \"General Management\")]"}
COMMAND: POST /session/fa1966063a4db30dbf2f999955ebc217/element/f.8EF3D0D450A4EB0CE4D2D51640C2B842.d.9CBCF1680025FD0BCF48AB547DDED178.e.9455/click - {}
RESULT: {}
COMMAND: GET /session/fa1966063a4db30dbf2f999955ebc217/screenshot - {}
RESULT: {}
COMMAND: POST /session/fa1966063a4db30dbf2f999955ebc217/element - {"using":"xpath","value":"//bdi[contains(text(), \"OK\")]"}
RESULT: {"using":"xpath","value":"//bdi[contains(text(), \"OK\")]"}
COMMAND: POST /session/fa1966063a4db30dbf2f999955ebc217/element/f.8EF3D0D450A4EB0CE4D2D51640C2B842.d.9CBCF1680025FD0BCF48AB547DDED178.e.9456/click - {}
RESULT: {}
COMMAND: GET /session/fa1966063a4db30dbf2f999955ebc217/screenshot - {}
RESULT: {}
COMMAND: POST /session/fa1966063a4db30dbf2f999955ebc217/element - {"using":"xpath","value":"//input[@id=\"application-managepartners-display-component---NewPartner--companyCodeComboBox-inner\"]"}
RESULT: {"using":"xpath","value":"//input[@id=\"application-managepartners-display-component---NewPartner--companyCodeComboBox-inner\"]"}
COMMAND: POST /session/fa1966063a4db30dbf2f999955ebc217/element/f.8EF3D0D450A4EB0CE4D2D51640C2B842.d.9CBCF1680025FD0BCF48AB547DDED178.e.9306/clear - {}
RESULT: {}
COMMAND: POST /session/fa1966063a4db30dbf2f999955ebc217/element/f.8EF3D0D450A4EB0CE4D2D51640C2B842.d.9CBCF1680025FD0BCF48AB547DDED178.e.9306/value - {"text":"1000"}
COMMAND: GET /session/fa1966063a4db30dbf2f999955ebc217/screenshot - {}
RESULT: {"text":"1000"}
COMMAND: GET /session/fa1966063a4db30dbf2f999955ebc217/screenshot - {}
RESULT: {}
RESULT: {}
COMMAND: POST /session/fa1966063a4db30dbf2f999955ebc217/element - {"using":"xpath","value":"//li[.//span[text()= \"1000\"]]"}
RESULT: {"using":"xpath","value":"//li[.//span[text()= \"1000\"]]"}
COMMAND: POST /session/fa1966063a4db30dbf2f999955ebc217/element/f.8EF3D0D450A4EB0CE4D2D51640C2B842.d.9CBCF1680025FD0BCF48AB547DDED178.e.9462/click - {}
RESULT: {}
COMMAND: GET /session/fa1966063a4db30dbf2f999955ebc217/screenshot - {}
RESULT: {}
COMMAND: POST /session/fa1966063a4db30dbf2f999955ebc217/execute/async - {"script":"<script> [1562 bytes]","args":[{"selector":{"id":"application-managepartners-display-component---NewPartner--btnAddTableRow-img"},"wdio_ui5_key":"applicationmanagepartners-display-component---NewPartner--btnAddTableRow-img"}]}
RESULT: {"script":"<script> [1562 bytes]","args":[{"selector":{"id":"application-managepartners-display-component---NewPartner--btnAddTableRow-img"},"wdio_ui5_key":"applicationmanagepartners-display-component---NewPartner--btnAddTableRow-img"}]}
RESULT: undefined
COMMAND: POST /session/fa1966063a4db30dbf2f999955ebc217/element - {"using":"xpath","value":"//*[@id=\"application-managepartners-display-component---NewPartner--btnAddTableRow-img\"]"}
RESULT: {"using":"xpath","value":"//*[@id=\"application-managepartners-display-component---NewPartner--btnAddTableRow-img\"]"}
COMMAND: POST /session/fa1966063a4db30dbf2f999955ebc217/element/f.8EF3D0D450A4EB0CE4D2D51640C2B842.d.9CBCF1680025FD0BCF48AB547DDED178.e.9463/click - {}
RESULT: {}
COMMAND: GET /session/fa1966063a4db30dbf2f999955ebc217/screenshot - {}
RESULT: {}
COMMAND: POST /session/fa1966063a4db30dbf2f999955ebc217/element - {"using":"xpath","value":"//input[@id=\"application-managepartners-display-component---NewPartner--assignmentYard-application-managepartners-display-component---NewPartner--assignmentsTable-0-inner\"]"}
RESULT: {"using":"xpath","value":"//input[@id=\"application-managepartners-display-component---NewPartner--assignmentYard-application-managepartners-display-component---NewPartner--assignmentsTable-0-inner\"]"}
COMMAND: POST /session/fa1966063a4db30dbf2f999955ebc217/element/f.8EF3D0D450A4EB0CE4D2D51640C2B842.d.9CBCF1680025FD0BCF48AB547DDED178.e.9466/clear - {}
RESULT: {}
COMMAND: POST /session/fa1966063a4db30dbf2f999955ebc217/element/f.8EF3D0D450A4EB0CE4D2D51640C2B842.d.9CBCF1680025FD0BCF48AB547DDED178.e.9466/value - {"text":"258"}
COMMAND: GET /session/fa1966063a4db30dbf2f999955ebc217/screenshot - {}
RESULT: {"text":"258"}
COMMAND: GET /session/fa1966063a4db30dbf2f999955ebc217/screenshot - {}
RESULT: {}
RESULT: {}
COMMAND: POST /session/fa1966063a4db30dbf2f999955ebc217/element - {"using":"xpath","value":"//li[.//span[text()='258']]"}
RESULT: {"using":"xpath","value":"//li[.//span[text()='258']]"}
COMMAND: POST /session/fa1966063a4db30dbf2f999955ebc217/element/f.8EF3D0D450A4EB0CE4D2D51640C2B842.d.9CBCF1680025FD0BCF48AB547DDED178.e.9475/click - {}
RESULT: {}
COMMAND: GET /session/fa1966063a4db30dbf2f999955ebc217/screenshot - {}
RESULT: {}
COMMAND: POST /session/fa1966063a4db30dbf2f999955ebc217/actions - {"actions":[{"id":"action25","type":"key","parameters":{},"actions":[{"type":"keyDown","value":""},{"type":"pause","duration":10},{"type":"keyUp","value":""}]}]}
RESULT: {"actions":[{"id":"action25","type":"key","parameters":{},"actions":[{"type":"keyDown","value":""},{"type":"pause","duration":10},{"type":"keyUp","value":""}]}]}
COMMAND: POST /session/fa1966063a4db30dbf2f999955ebc217/execute/async - {"script":"<script> [1562 bytes]","args":[{"selector":{"id":"application-managepartners-display-component---NewPartner--externalCustomerComboBox-application-managepartners-display-component---NewPartner--assignmentsTable-0-vhi"},"wdio_ui5_key":"applicationmanagepartners-display-component---NewPartner--externalCustomerComboBox-application-managepartners-display-component---NewPartner--assignmentsTable-0-vhi"}]}
COMMAND: GET /session/fa1966063a4db30dbf2f999955ebc217/screenshot - {}
RESULT: {"script":"<script> [1562 bytes]","args":[{"selector":{"id":"application-managepartners-display-component---NewPartner--externalCustomerComboBox-application-managepartners-display-component---NewPartner--assignmentsTable-0-vhi"},"wdio_ui5_key":"applicationmanagepartners-display-component---NewPartner--externalCustomerComboBox-application-managepartners-display-component---NewPartner--assignmentsTable-0-vhi"}]}
RESULT: undefined
COMMAND: POST /session/fa1966063a4db30dbf2f999955ebc217/element - {"using":"xpath","value":"//*[@id=\"application-managepartners-display-component---NewPartner--externalCustomerComboBox-application-managepartners-display-component---NewPartner--assignmentsTable-0-vhi\"]"}
RESULT: {}
RESULT: {"using":"xpath","value":"//*[@id=\"application-managepartners-display-component---NewPartner--externalCustomerComboBox-application-managepartners-display-component---NewPartner--assignmentsTable-0-vhi\"]"}
COMMAND: POST /session/fa1966063a4db30dbf2f999955ebc217/element/f.8EF3D0D450A4EB0CE4D2D51640C2B842.d.9CBCF1680025FD0BCF48AB547DDED178.e.9479/click - {}
RESULT: {}
RESULT: undefined
COMMAND: POST /session/fa1966063a4db30dbf2f999955ebc217/execute/async - {"script":"<script> [776 bytes]","args":[{"enterText":"300003","selector":{"controlType":"sap.m.SearchField","properties":{"placeholder":"Search"},"searchOpenDialogs":true,"interaction":{"idSuffix":"I"}},"clearTextFirst":true,"interactionType":"ENTER_TEXT"}]}
COMMAND: GET /session/fa1966063a4db30dbf2f999955ebc217/screenshot - {}
RESULT: {"script":"<script> [776 bytes]","args":[{"enterText":"300003","selector":{"controlType":"sap.m.SearchField","properties":{"placeholder":"Search"},"searchOpenDialogs":true,"interaction":{"idSuffix":"I"}},"clearTextFirst":true,"interactionType":"ENTER_TEXT"}]}
COMMAND: POST /session/fa1966063a4db30dbf2f999955ebc217/actions - {"actions":[{"id":"action26","type":"key","parameters":{},"actions":[{"type":"keyDown","value":""},{"type":"pause","duration":10},{"type":"keyUp","value":""}]}]}
RESULT: {}
RESULT: {"actions":[{"id":"action26","type":"key","parameters":{},"actions":[{"type":"keyDown","value":""},{"type":"pause","duration":10},{"type":"keyUp","value":""}]}]}
COMMAND: GET /session/fa1966063a4db30dbf2f999955ebc217/screenshot - {}
RESULT: {}
COMMAND: POST /session/fa1966063a4db30dbf2f999955ebc217/element - {"using":"xpath","value":"//span[contains(text(), \"300003\")]"}
RESULT: {"using":"xpath","value":"//span[contains(text(), \"300003\")]"}
COMMAND: POST /session/fa1966063a4db30dbf2f999955ebc217/element/f.8EF3D0D450A4EB0CE4D2D51640C2B842.d.9CBCF1680025FD0BCF48AB547DDED178.e.9486/click - {}
RESULT: {}
COMMAND: GET /session/fa1966063a4db30dbf2f999955ebc217/screenshot - {}
RESULT: {}
COMMAND: POST /session/fa1966063a4db30dbf2f999955ebc217/element - {"using":"xpath","value":"//bdi[contains(text(), \"OK\")]"}
RESULT: {"using":"xpath","value":"//bdi[contains(text(), \"OK\")]"}
COMMAND: POST /session/fa1966063a4db30dbf2f999955ebc217/element/f.8EF3D0D450A4EB0CE4D2D51640C2B842.d.9CBCF1680025FD0BCF48AB547DDED178.e.9488/click - {}
RESULT: {}
COMMAND: GET /session/fa1966063a4db30dbf2f999955ebc217/screenshot - {}
RESULT: {}
COMMAND: POST /session/fa1966063a4db30dbf2f999955ebc217/execute/async - {"script":"<script> [1562 bytes]","args":[{"selector":{"id":"application-managepartners-display-component---NewPartner--intercompVendorComboBox-application-managepartners-display-component---NewPartner--assignmentsTable-0-vhi"},"wdio_ui5_key":"applicationmanagepartners-display-component---NewPartner--intercompVendorComboBox-application-managepartners-display-component---NewPartner--assignmentsTable-0-vhi"}]}
RESULT: {"script":"<script> [1562 bytes]","args":[{"selector":{"id":"application-managepartners-display-component---NewPartner--intercompVendorComboBox-application-managepartners-display-component---NewPartner--assignmentsTable-0-vhi"},"wdio_ui5_key":"applicationmanagepartners-display-component---NewPartner--intercompVendorComboBox-application-managepartners-display-component---NewPartner--assignmentsTable-0-vhi"}]}
RESULT: undefined
COMMAND: POST /session/fa1966063a4db30dbf2f999955ebc217/element - {"using":"xpath","value":"//*[@id=\"application-managepartners-display-component---NewPartner--intercompVendorComboBox-application-managepartners-display-component---NewPartner--assignmentsTable-0-vhi\"]"}
RESULT: {"using":"xpath","value":"//*[@id=\"application-managepartners-display-component---NewPartner--intercompVendorComboBox-application-managepartners-display-component---NewPartner--assignmentsTable-0-vhi\"]"}
COMMAND: POST /session/fa1966063a4db30dbf2f999955ebc217/element/f.8EF3D0D450A4EB0CE4D2D51640C2B842.d.9CBCF1680025FD0BCF48AB547DDED178.e.9492/click - {}
RESULT: {}
RESULT: undefined
COMMAND: POST /session/fa1966063a4db30dbf2f999955ebc217/execute/async - {"script":"<script> [776 bytes]","args":[{"enterText":"100005","selector":{"controlType":"sap.m.SearchField","properties":{"placeholder":"Search"},"searchOpenDialogs":true,"interaction":{"idSuffix":"I"}},"clearTextFirst":true,"interactionType":"ENTER_TEXT"}]}
COMMAND: GET /session/fa1966063a4db30dbf2f999955ebc217/screenshot - {}
RESULT: {}
RESULT: {"script":"<script> [776 bytes]","args":[{"enterText":"100005","selector":{"controlType":"sap.m.SearchField","properties":{"placeholder":"Search"},"searchOpenDialogs":true,"interaction":{"idSuffix":"I"}},"clearTextFirst":true,"interactionType":"ENTER_TEXT"}]}
COMMAND: POST /session/fa1966063a4db30dbf2f999955ebc217/actions - {"actions":[{"id":"action27","type":"key","parameters":{},"actions":[{"type":"keyDown","value":""},{"type":"pause","duration":10},{"type":"keyUp","value":""}]}]}
RESULT: {"actions":[{"id":"action27","type":"key","parameters":{},"actions":[{"type":"keyDown","value":""},{"type":"pause","duration":10},{"type":"keyUp","value":""}]}]}
COMMAND: GET /session/fa1966063a4db30dbf2f999955ebc217/screenshot - {}
RESULT: {}
COMMAND: POST /session/fa1966063a4db30dbf2f999955ebc217/element - {"using":"xpath","value":"//span[contains(text(), \"Penguins - Field/12345 Berlin\")]"}
RESULT: {"using":"xpath","value":"//span[contains(text(), \"Penguins - Field/12345 Berlin\")]"}
COMMAND: POST /session/fa1966063a4db30dbf2f999955ebc217/element/f.8EF3D0D450A4EB0CE4D2D51640C2B842.d.9CBCF1680025FD0BCF48AB547DDED178.e.9510/click - {}
RESULT: {}
COMMAND: GET /session/fa1966063a4db30dbf2f999955ebc217/screenshot - {}
RESULT: {}
COMMAND: POST /session/fa1966063a4db30dbf2f999955ebc217/element - {"using":"xpath","value":"//bdi[contains(text(), \"OK\")]"}
RESULT: {"using":"xpath","value":"//bdi[contains(text(), \"OK\")]"}
COMMAND: POST /session/fa1966063a4db30dbf2f999955ebc217/element/f.8EF3D0D450A4EB0CE4D2D51640C2B842.d.9CBCF1680025FD0BCF48AB547DDED178.e.9511/click - {}
RESULT: {}
COMMAND: GET /session/fa1966063a4db30dbf2f999955ebc217/screenshot - {}
RESULT: {}
COMMAND: POST /session/fa1966063a4db30dbf2f999955ebc217/element - {"using":"xpath","value":"//button[@data-kt=\"saveButton\"]"}
RESULT: {"using":"xpath","value":"//button[@data-kt=\"saveButton\"]"}
COMMAND: POST /session/fa1966063a4db30dbf2f999955ebc217/element/f.8EF3D0D450A4EB0CE4D2D51640C2B842.d.9CBCF1680025FD0BCF48AB547DDED178.e.9312/click - {}
RESULT: {}
COMMAND: GET /session/fa1966063a4db30dbf2f999955ebc217/screenshot - {}
RESULT: {}
COMMAND: POST /session/fa1966063a4db30dbf2f999955ebc217/element - {"using":"xpath","value":"//header[contains(@id, 'ObjectPageLayout-headerTitle')]/div[1]/div[2]/div[2]/span[1]"}
RESULT: {"using":"xpath","value":"//header[contains(@id, 'ObjectPageLayout-headerTitle')]/div[1]/div[2]/div[2]/span[1]"}
COMMAND: POST /session/fa1966063a4db30dbf2f999955ebc217/elements - {"using":"xpath","value":"//header[contains(@id, 'ObjectPageLayout-headerTitle')]/div[1]/div[2]/div[2]/span[1]"}
RESULT: {"using":"xpath","value":"//header[contains(@id, 'ObjectPageLayout-headerTitle')]/div[1]/div[2]/div[2]/span[1]"}
COMMAND: POST /session/fa1966063a4db30dbf2f999955ebc217/execute/sync - {"script":"<script> [56 bytes]","args":[{"element-6066-11e4-a52e-4f735466cecf":"f.8EF3D0D450A4EB0CE4D2D51640C2B842.d.9CBCF1680025FD0BCF48AB547DDED178.e.9675","ELEMENT":"f.8EF3D0D450A4EB0CE4D2D51640C2B842.d.9CBCF1680025FD0BCF48AB547DDED178.e.9675"}]}
RESULT: {"script":"<script> [56 bytes]","args":[{"element-6066-11e4-a52e-4f735466cecf":"f.8EF3D0D450A4EB0CE4D2D51640C2B842.d.9CBCF1680025FD0BCF48AB547DDED178.e.9675","ELEMENT":"f.8EF3D0D450A4EB0CE4D2D51640C2B842.d.9CBCF1680025FD0BCF48AB547DDED178.e.9675"}]}
COMMAND: POST /session/fa1966063a4db30dbf2f999955ebc217/element - {"using":"css selector","value":"#shell-header-logo"}
COMMAND: GET /session/fa1966063a4db30dbf2f999955ebc217/screenshot - {}
RESULT: {"using":"css selector","value":"#shell-header-logo"}
COMMAND: POST /session/fa1966063a4db30dbf2f999955ebc217/element/f.8EF3D0D450A4EB0CE4D2D51640C2B842.d.9CBCF1680025FD0BCF48AB547DDED178.e.8907/click - {}
RESULT: {}
RESULT: {}
COMMAND: GET /session/fa1966063a4db30dbf2f999955ebc217/screenshot - {}
RESULT: {}
COMMAND: POST /session/fa1966063a4db30dbf2f999955ebc217/execute/sync - {"script":"<script> [299 bytes]","args":[["getModel","getResource"]]}
RESULT: {"script":"<script> [299 bytes]","args":[["getModel","getResource"]]}
]]></system-out>
    </testcase>
    <testcase classname="chrome.136_0_7103_93.windows.Billing_Transfer_-_Intracompany_US127249" name="Should create a new site" time="104.068">
      <system-out><![CDATA[
COMMAND: GET /session/fa1966063a4db30dbf2f999955ebc217/screenshot - {}
COMMAND: POST /session/fa1966063a4db30dbf2f999955ebc217/execute/async - {"script":"<script> [1562 bytes]","args":[{"selector":{"controlType":"sap.m.GenericTile","properties":{"header":"Manage Sites"}},"wdio_ui5_key":"sapm.GenericTile{\"header\":\"Manage Sites\"}"}]}
RESULT: {}
RESULT: {"script":"<script> [1562 bytes]","args":[{"selector":{"controlType":"sap.m.GenericTile","properties":{"header":"Manage Sites"}},"wdio_ui5_key":"sapm.GenericTile{\"header\":\"Manage Sites\"}"}]}
RESULT: undefined
COMMAND: POST /session/fa1966063a4db30dbf2f999955ebc217/element - {"using":"xpath","value":"//*[@id=\"__tile40\"]"}
RESULT: {"using":"xpath","value":"//*[@id=\"__tile40\"]"}
COMMAND: POST /session/fa1966063a4db30dbf2f999955ebc217/element/f.8EF3D0D450A4EB0CE4D2D51640C2B842.d.9CBCF1680025FD0BCF48AB547DDED178.e.8064/click - {}
RESULT: {}
COMMAND: GET /session/fa1966063a4db30dbf2f999955ebc217/screenshot - {}
RESULT: {}
COMMAND: POST /session/fa1966063a4db30dbf2f999955ebc217/elements - {"using":"xpath","value":"//span[text()='Error']"}
RESULT: {"using":"xpath","value":"//span[text()='Error']"}
COMMAND: POST /session/fa1966063a4db30dbf2f999955ebc217/element - {"using":"xpath","value":"//button[@data-kt=\"addOverflowToolbarButton\"]"}
RESULT: {"using":"xpath","value":"//button[@data-kt=\"addOverflowToolbarButton\"]"}
COMMAND: POST /session/fa1966063a4db30dbf2f999955ebc217/elements - {"using":"xpath","value":"//button[@data-kt=\"addOverflowToolbarButton\"]"}
RESULT: {"using":"xpath","value":"//button[@data-kt=\"addOverflowToolbarButton\"]"}
COMMAND: POST /session/fa1966063a4db30dbf2f999955ebc217/execute/sync - {"script":"<script> [8489 bytes]","args":[{"element-6066-11e4-a52e-4f735466cecf":"f.8EF3D0D450A4EB0CE4D2D51640C2B842.d.9CBCF1680025FD0BCF48AB547DDED178.e.9724","ELEMENT":"f.8EF3D0D450A4EB0CE4D2D51640C2B842.d.9CBCF1680025FD0BCF48AB547DDED178.e.9724"}]}
RESULT: {"script":"<script> [8489 bytes]","args":[{"element-6066-11e4-a52e-4f735466cecf":"f.8EF3D0D450A4EB0CE4D2D51640C2B842.d.9CBCF1680025FD0BCF48AB547DDED178.e.9724","ELEMENT":"f.8EF3D0D450A4EB0CE4D2D51640C2B842.d.9CBCF1680025FD0BCF48AB547DDED178.e.9724"}]}
COMMAND: GET /session/fa1966063a4db30dbf2f999955ebc217/element/f.8EF3D0D450A4EB0CE4D2D51640C2B842.d.9CBCF1680025FD0BCF48AB547DDED178.e.9724/enabled - {}
COMMAND: GET /session/fa1966063a4db30dbf2f999955ebc217/screenshot - {}
RESULT: {}
COMMAND: POST /session/fa1966063a4db30dbf2f999955ebc217/execute/sync - {"script":"<script> [8489 bytes]","args":[{"element-6066-11e4-a52e-4f735466cecf":"f.8EF3D0D450A4EB0CE4D2D51640C2B842.d.9CBCF1680025FD0BCF48AB547DDED178.e.9724","ELEMENT":"f.8EF3D0D450A4EB0CE4D2D51640C2B842.d.9CBCF1680025FD0BCF48AB547DDED178.e.9724"}]}
COMMAND: GET /session/fa1966063a4db30dbf2f999955ebc217/screenshot - {}
RESULT: {}
RESULT: {"script":"<script> [8489 bytes]","args":[{"element-6066-11e4-a52e-4f735466cecf":"f.8EF3D0D450A4EB0CE4D2D51640C2B842.d.9CBCF1680025FD0BCF48AB547DDED178.e.9724","ELEMENT":"f.8EF3D0D450A4EB0CE4D2D51640C2B842.d.9CBCF1680025FD0BCF48AB547DDED178.e.9724"}]}
COMMAND: POST /session/fa1966063a4db30dbf2f999955ebc217/execute/sync - {"script":"<script> [5351 bytes]","args":[{"element-6066-11e4-a52e-4f735466cecf":"f.8EF3D0D450A4EB0CE4D2D51640C2B842.d.9CBCF1680025FD0BCF48AB547DDED178.e.9724","ELEMENT":"f.8EF3D0D450A4EB0CE4D2D51640C2B842.d.9CBCF1680025FD0BCF48AB547DDED178.e.9724"}]}
COMMAND: GET /session/fa1966063a4db30dbf2f999955ebc217/screenshot - {}
RESULT: {}
RESULT: {"script":"<script> [5351 bytes]","args":[{"element-6066-11e4-a52e-4f735466cecf":"f.8EF3D0D450A4EB0CE4D2D51640C2B842.d.9CBCF1680025FD0BCF48AB547DDED178.e.9724","ELEMENT":"f.8EF3D0D450A4EB0CE4D2D51640C2B842.d.9CBCF1680025FD0BCF48AB547DDED178.e.9724"}]}
COMMAND: POST /session/fa1966063a4db30dbf2f999955ebc217/element/f.8EF3D0D450A4EB0CE4D2D51640C2B842.d.9CBCF1680025FD0BCF48AB547DDED178.e.9724/click - {}
COMMAND: GET /session/fa1966063a4db30dbf2f999955ebc217/screenshot - {}
RESULT: {}
RESULT: {}
COMMAND: GET /session/fa1966063a4db30dbf2f999955ebc217/screenshot - {}
COMMAND: POST /session/fa1966063a4db30dbf2f999955ebc217/element - {"using":"xpath","value":"//input[@id=\"application-managesites-display-component---NewSite--siteId-inner\"]"}
RESULT: {}
RESULT: {}
RESULT: {"using":"xpath","value":"//input[@id=\"application-managesites-display-component---NewSite--siteId-inner\"]"}
COMMAND: POST /session/fa1966063a4db30dbf2f999955ebc217/element - {"using":"xpath","value":"//input[@id=\"application-managesites-display-component---NewSite--siteId-inner\"]"}
RESULT: {"using":"xpath","value":"//input[@id=\"application-managesites-display-component---NewSite--siteId-inner\"]"}
COMMAND: POST /session/fa1966063a4db30dbf2f999955ebc217/execute/async - {"script":"<script> [1562 bytes]","args":[{"selector":{"id":"application-managesites-display-component---NewSite--addressDetailDetailsName1","interaction":{"idSuffix":"inner"}},"wdio_ui5_key":"applicationmanagesites-display-component---NewSite--addressDetailDetailsName1"}]}
RESULT: {"script":"<script> [1562 bytes]","args":[{"selector":{"id":"application-managesites-display-component---NewSite--addressDetailDetailsName1","interaction":{"idSuffix":"inner"}},"wdio_ui5_key":"applicationmanagesites-display-component---NewSite--addressDetailDetailsName1"}]}
RESULT: undefined
COMMAND: POST /session/fa1966063a4db30dbf2f999955ebc217/execute/async - {"script":"<script> [776 bytes]","args":[{"enterText":"Intracompany Site wdIO","selector":{"id":"application-managesites-display-component---NewSite--addressDetailDetailsName1","interaction":{"idSuffix":"inner"}},"clearTextFirst":true,"interactionType":"ENTER_TEXT"}]}
RESULT: {"script":"<script> [776 bytes]","args":[{"enterText":"Intracompany Site wdIO","selector":{"id":"application-managesites-display-component---NewSite--addressDetailDetailsName1","interaction":{"idSuffix":"inner"}},"clearTextFirst":true,"interactionType":"ENTER_TEXT"}]}
COMMAND: POST /session/fa1966063a4db30dbf2f999955ebc217/execute/async - {"script":"<script> [1562 bytes]","args":[{"selector":{"id":"application-managesites-display-component---NewSite--addressDetailDetailsLanguage-arrow"},"wdio_ui5_key":"applicationmanagesites-display-component---NewSite--addressDetailDetailsLanguage-arrow"}]}
RESULT: {"script":"<script> [1562 bytes]","args":[{"selector":{"id":"application-managesites-display-component---NewSite--addressDetailDetailsLanguage-arrow"},"wdio_ui5_key":"applicationmanagesites-display-component---NewSite--addressDetailDetailsLanguage-arrow"}]}
RESULT: undefined
COMMAND: POST /session/fa1966063a4db30dbf2f999955ebc217/element - {"using":"xpath","value":"//*[@id=\"application-managesites-display-component---NewSite--addressDetailDetailsLanguage-arrow\"]"}
RESULT: {"using":"xpath","value":"//*[@id=\"application-managesites-display-component---NewSite--addressDetailDetailsLanguage-arrow\"]"}
COMMAND: POST /session/fa1966063a4db30dbf2f999955ebc217/element/f.8EF3D0D450A4EB0CE4D2D51640C2B842.d.9CBCF1680025FD0BCF48AB547DDED178.e.10359/click - {}
RESULT: {}
COMMAND: POST /session/fa1966063a4db30dbf2f999955ebc217/element - {"using":"xpath","value":"//span[contains(text(), \"English\")]"}
COMMAND: GET /session/fa1966063a4db30dbf2f999955ebc217/screenshot - {}
RESULT: {"using":"xpath","value":"//span[contains(text(), \"English\")]"}
COMMAND: POST /session/fa1966063a4db30dbf2f999955ebc217/element/f.8EF3D0D450A4EB0CE4D2D51640C2B842.d.9CBCF1680025FD0BCF48AB547DDED178.e.10360/click - {}
RESULT: {}
RESULT: {}
COMMAND: POST /session/fa1966063a4db30dbf2f999955ebc217/execute/async - {"script":"<script> [1562 bytes]","args":[{"selector":{"id":"application-managesites-display-component---NewSite--addressDetailDetailsCity1","interaction":{"idSuffix":"inner"}},"wdio_ui5_key":"applicationmanagesites-display-component---NewSite--addressDetailDetailsCity1"}]}
COMMAND: GET /session/fa1966063a4db30dbf2f999955ebc217/screenshot - {}
RESULT: {"script":"<script> [1562 bytes]","args":[{"selector":{"id":"application-managesites-display-component---NewSite--addressDetailDetailsCity1","interaction":{"idSuffix":"inner"}},"wdio_ui5_key":"applicationmanagesites-display-component---NewSite--addressDetailDetailsCity1"}]}
RESULT: undefined
COMMAND: POST /session/fa1966063a4db30dbf2f999955ebc217/execute/async - {"script":"<script> [776 bytes]","args":[{"enterText":"Rosario","selector":{"id":"application-managesites-display-component---NewSite--addressDetailDetailsCity1","interaction":{"idSuffix":"inner"}},"clearTextFirst":true,"interactionType":"ENTER_TEXT"}]}
RESULT: {}
RESULT: {"script":"<script> [776 bytes]","args":[{"enterText":"Rosario","selector":{"id":"application-managesites-display-component---NewSite--addressDetailDetailsCity1","interaction":{"idSuffix":"inner"}},"clearTextFirst":true,"interactionType":"ENTER_TEXT"}]}
COMMAND: POST /session/fa1966063a4db30dbf2f999955ebc217/execute/async - {"script":"<script> [1562 bytes]","args":[{"selector":{"id":"application-managesites-display-component---NewSite--addressDetailDetailsCountry-arrow"},"wdio_ui5_key":"applicationmanagesites-display-component---NewSite--addressDetailDetailsCountry-arrow"}]}
RESULT: {"script":"<script> [1562 bytes]","args":[{"selector":{"id":"application-managesites-display-component---NewSite--addressDetailDetailsCountry-arrow"},"wdio_ui5_key":"applicationmanagesites-display-component---NewSite--addressDetailDetailsCountry-arrow"}]}
RESULT: undefined
COMMAND: POST /session/fa1966063a4db30dbf2f999955ebc217/element - {"using":"xpath","value":"//*[@id=\"application-managesites-display-component---NewSite--addressDetailDetailsCountry-arrow\"]"}
RESULT: {"using":"xpath","value":"//*[@id=\"application-managesites-display-component---NewSite--addressDetailDetailsCountry-arrow\"]"}
COMMAND: POST /session/fa1966063a4db30dbf2f999955ebc217/element/f.8EF3D0D450A4EB0CE4D2D51640C2B842.d.9CBCF1680025FD0BCF48AB547DDED178.e.10362/click - {}
RESULT: {}
COMMAND: POST /session/fa1966063a4db30dbf2f999955ebc217/element - {"using":"xpath","value":"//span[contains(text(), \"Argentina\")]"}
COMMAND: GET /session/fa1966063a4db30dbf2f999955ebc217/screenshot - {}
RESULT: {"using":"xpath","value":"//span[contains(text(), \"Argentina\")]"}
COMMAND: POST /session/fa1966063a4db30dbf2f999955ebc217/element/f.8EF3D0D450A4EB0CE4D2D51640C2B842.d.9CBCF1680025FD0BCF48AB547DDED178.e.10363/click - {}
RESULT: {}
RESULT: {}
COMMAND: GET /session/fa1966063a4db30dbf2f999955ebc217/screenshot - {}
RESULT: {}
COMMAND: POST /session/fa1966063a4db30dbf2f999955ebc217/execute/async - {"script":"<script> [1562 bytes]","args":[{"selector":{"id":"application-managesites-display-component---NewSite--addressEditDetailsCostObjectCstType-arrow"},"wdio_ui5_key":"applicationmanagesites-display-component---NewSite--addressEditDetailsCostObjectCstType-arrow"}]}
RESULT: {"script":"<script> [1562 bytes]","args":[{"selector":{"id":"application-managesites-display-component---NewSite--addressEditDetailsCostObjectCstType-arrow"},"wdio_ui5_key":"applicationmanagesites-display-component---NewSite--addressEditDetailsCostObjectCstType-arrow"}]}
RESULT: undefined
COMMAND: POST /session/fa1966063a4db30dbf2f999955ebc217/element - {"using":"xpath","value":"//*[@id=\"application-managesites-display-component---NewSite--addressEditDetailsCostObjectCstType-arrow\"]"}
RESULT: {"using":"xpath","value":"//*[@id=\"application-managesites-display-component---NewSite--addressEditDetailsCostObjectCstType-arrow\"]"}
COMMAND: POST /session/fa1966063a4db30dbf2f999955ebc217/element/f.8EF3D0D450A4EB0CE4D2D51640C2B842.d.9CBCF1680025FD0BCF48AB547DDED178.e.10365/click - {}
RESULT: {}
COMMAND: POST /session/fa1966063a4db30dbf2f999955ebc217/element - {"using":"xpath","value":"//span[contains(text(), \"Cost Center\")]"}
COMMAND: GET /session/fa1966063a4db30dbf2f999955ebc217/screenshot - {}
RESULT: {"using":"xpath","value":"//span[contains(text(), \"Cost Center\")]"}
COMMAND: POST /session/fa1966063a4db30dbf2f999955ebc217/element/f.8EF3D0D450A4EB0CE4D2D51640C2B842.d.9CBCF1680025FD0BCF48AB547DDED178.e.10366/click - {}
RESULT: {}
RESULT: {}
COMMAND: GET /session/fa1966063a4db30dbf2f999955ebc217/screenshot - {}
RESULT: {}
COMMAND: POST /session/fa1966063a4db30dbf2f999955ebc217/element - {"using":"xpath","value":"//span[@id=\"application-managesites-display-component---NewSite--addressNewCostObjectCstID-vhi\"]"}
RESULT: {"using":"xpath","value":"//span[@id=\"application-managesites-display-component---NewSite--addressNewCostObjectCstID-vhi\"]"}
COMMAND: POST /session/fa1966063a4db30dbf2f999955ebc217/execute/sync - {"script":"<script> [8489 bytes]","args":[{"element-6066-11e4-a52e-4f735466cecf":"f.8EF3D0D450A4EB0CE4D2D51640C2B842.d.9CBCF1680025FD0BCF48AB547DDED178.e.10371","ELEMENT":"f.8EF3D0D450A4EB0CE4D2D51640C2B842.d.9CBCF1680025FD0BCF48AB547DDED178.e.10371"}]}
RESULT: {"script":"<script> [8489 bytes]","args":[{"element-6066-11e4-a52e-4f735466cecf":"f.8EF3D0D450A4EB0CE4D2D51640C2B842.d.9CBCF1680025FD0BCF48AB547DDED178.e.10371","ELEMENT":"f.8EF3D0D450A4EB0CE4D2D51640C2B842.d.9CBCF1680025FD0BCF48AB547DDED178.e.10371"}]}
COMMAND: POST /session/fa1966063a4db30dbf2f999955ebc217/execute/async - {"script":"<script> [1562 bytes]","args":[{"selector":{"id":"application-managesites-display-component---NewSite--addressNewCostObjectCstID-vhi"},"wdio_ui5_key":"applicationmanagesites-display-component---NewSite--addressNewCostObjectCstID-vhi"}]}
COMMAND: GET /session/fa1966063a4db30dbf2f999955ebc217/screenshot - {}
RESULT: {"script":"<script> [1562 bytes]","args":[{"selector":{"id":"application-managesites-display-component---NewSite--addressNewCostObjectCstID-vhi"},"wdio_ui5_key":"applicationmanagesites-display-component---NewSite--addressNewCostObjectCstID-vhi"}]}
RESULT: undefined
COMMAND: POST /session/fa1966063a4db30dbf2f999955ebc217/element - {"using":"xpath","value":"//*[@id=\"application-managesites-display-component---NewSite--addressNewCostObjectCstID-vhi\"]"}
RESULT: {}
RESULT: {"using":"xpath","value":"//*[@id=\"application-managesites-display-component---NewSite--addressNewCostObjectCstID-vhi\"]"}
COMMAND: POST /session/fa1966063a4db30dbf2f999955ebc217/element/f.8EF3D0D450A4EB0CE4D2D51640C2B842.d.9CBCF1680025FD0BCF48AB547DDED178.e.10371/click - {}
RESULT: {}
COMMAND: GET /session/fa1966063a4db30dbf2f999955ebc217/screenshot - {}
RESULT: {}
RESULT: undefined
COMMAND: POST /session/fa1966063a4db30dbf2f999955ebc217/execute/async - {"script":"<script> [776 bytes]","args":[{"enterText":"10001013","selector":{"controlType":"sap.m.SearchField","properties":{"placeholder":"Search"},"searchOpenDialogs":true,"interaction":{"idSuffix":"I"}},"clearTextFirst":true,"interactionType":"ENTER_TEXT"}]}
RESULT: {"script":"<script> [776 bytes]","args":[{"enterText":"10001013","selector":{"controlType":"sap.m.SearchField","properties":{"placeholder":"Search"},"searchOpenDialogs":true,"interaction":{"idSuffix":"I"}},"clearTextFirst":true,"interactionType":"ENTER_TEXT"}]}
COMMAND: POST /session/fa1966063a4db30dbf2f999955ebc217/actions - {"actions":[{"id":"action28","type":"key","parameters":{},"actions":[{"type":"keyDown","value":""},{"type":"pause","duration":10},{"type":"keyUp","value":""}]}]}
RESULT: {"actions":[{"id":"action28","type":"key","parameters":{},"actions":[{"type":"keyDown","value":""},{"type":"pause","duration":10},{"type":"keyUp","value":""}]}]}
COMMAND: GET /session/fa1966063a4db30dbf2f999955ebc217/screenshot - {}
RESULT: {}
COMMAND: POST /session/fa1966063a4db30dbf2f999955ebc217/element - {"using":"xpath","value":"//span[contains(text(), \"General Management\")]"}
RESULT: {"using":"xpath","value":"//span[contains(text(), \"General Management\")]"}
COMMAND: POST /session/fa1966063a4db30dbf2f999955ebc217/element/f.8EF3D0D450A4EB0CE4D2D51640C2B842.d.9CBCF1680025FD0BCF48AB547DDED178.e.10410/click - {}
RESULT: {}
COMMAND: GET /session/fa1966063a4db30dbf2f999955ebc217/screenshot - {}
RESULT: {}
COMMAND: POST /session/fa1966063a4db30dbf2f999955ebc217/element - {"using":"xpath","value":"//bdi[contains(text(), \"OK\")]"}
RESULT: {"using":"xpath","value":"//bdi[contains(text(), \"OK\")]"}
COMMAND: POST /session/fa1966063a4db30dbf2f999955ebc217/element/f.8EF3D0D450A4EB0CE4D2D51640C2B842.d.9CBCF1680025FD0BCF48AB547DDED178.e.10411/click - {}
RESULT: {}
COMMAND: GET /session/fa1966063a4db30dbf2f999955ebc217/screenshot - {}
RESULT: {}
COMMAND: POST /session/fa1966063a4db30dbf2f999955ebc217/element - {"using":"xpath","value":"//input[@id=\"application-managesites-display-component---NewSite--addressDetailDetailsCalendar-inner\"]"}
RESULT: {"using":"xpath","value":"//input[@id=\"application-managesites-display-component---NewSite--addressDetailDetailsCalendar-inner\"]"}
COMMAND: POST /session/fa1966063a4db30dbf2f999955ebc217/element/f.8EF3D0D450A4EB0CE4D2D51640C2B842.d.9CBCF1680025FD0BCF48AB547DDED178.e.10156/clear - {}
RESULT: {}
COMMAND: POST /session/fa1966063a4db30dbf2f999955ebc217/element/f.8EF3D0D450A4EB0CE4D2D51640C2B842.d.9CBCF1680025FD0BCF48AB547DDED178.e.10156/value - {"text":"Unit"}
COMMAND: GET /session/fa1966063a4db30dbf2f999955ebc217/screenshot - {}
RESULT: {"text":"Unit"}
COMMAND: GET /session/fa1966063a4db30dbf2f999955ebc217/screenshot - {}
RESULT: {}
RESULT: {}
COMMAND: POST /session/fa1966063a4db30dbf2f999955ebc217/actions - {"actions":[{"id":"action29","type":"key","parameters":{},"actions":[{"type":"keyDown","value":""},{"type":"pause","duration":10},{"type":"keyUp","value":""}]}]}
RESULT: {"actions":[{"id":"action29","type":"key","parameters":{},"actions":[{"type":"keyDown","value":""},{"type":"pause","duration":10},{"type":"keyUp","value":""}]}]}
COMMAND: POST /session/fa1966063a4db30dbf2f999955ebc217/element - {"using":"xpath","value":"//input[@id=\"application-managesites-display-component---NewSite--addressDetailDetailsYard-inner\"]"}
COMMAND: GET /session/fa1966063a4db30dbf2f999955ebc217/screenshot - {}
RESULT: {"using":"xpath","value":"//input[@id=\"application-managesites-display-component---NewSite--addressDetailDetailsYard-inner\"]"}
COMMAND: POST /session/fa1966063a4db30dbf2f999955ebc217/element/f.8EF3D0D450A4EB0CE4D2D51640C2B842.d.9CBCF1680025FD0BCF48AB547DDED178.e.10157/clear - {}
RESULT: {}
RESULT: {}
COMMAND: POST /session/fa1966063a4db30dbf2f999955ebc217/element/f.8EF3D0D450A4EB0CE4D2D51640C2B842.d.9CBCF1680025FD0BCF48AB547DDED178.e.10157/value - {"text":"258"}
COMMAND: GET /session/fa1966063a4db30dbf2f999955ebc217/screenshot - {}
RESULT: {"text":"258"}
COMMAND: GET /session/fa1966063a4db30dbf2f999955ebc217/screenshot - {}
RESULT: {}
RESULT: {}
COMMAND: POST /session/fa1966063a4db30dbf2f999955ebc217/element - {"using":"xpath","value":"//li[.//span[text()='258']]"}
RESULT: {"using":"xpath","value":"//li[.//span[text()='258']]"}
COMMAND: POST /session/fa1966063a4db30dbf2f999955ebc217/element/f.8EF3D0D450A4EB0CE4D2D51640C2B842.d.9CBCF1680025FD0BCF48AB547DDED178.e.10419/click - {}
RESULT: {}
COMMAND: GET /session/fa1966063a4db30dbf2f999955ebc217/screenshot - {}
RESULT: {}
COMMAND: POST /session/fa1966063a4db30dbf2f999955ebc217/element - {"using":"xpath","value":"//input[@id=\"application-managesites-display-component---NewSite--addressDetailDetailsPartner-inner\"]"}
RESULT: {"using":"xpath","value":"//input[@id=\"application-managesites-display-component---NewSite--addressDetailDetailsPartner-inner\"]"}
COMMAND: POST /session/fa1966063a4db30dbf2f999955ebc217/element - {"using":"xpath","value":"//input[@id=\"application-managesites-display-component---NewSite--addressDetailDetailsPartner-inner\"]"}
RESULT: {"using":"xpath","value":"//input[@id=\"application-managesites-display-component---NewSite--addressDetailDetailsPartner-inner\"]"}
COMMAND: POST /session/fa1966063a4db30dbf2f999955ebc217/element - {"using":"xpath","value":"//button[@data-kt=\"saveButton\"]"}
RESULT: {"using":"xpath","value":"//button[@data-kt=\"saveButton\"]"}
COMMAND: POST /session/fa1966063a4db30dbf2f999955ebc217/element/f.8EF3D0D450A4EB0CE4D2D51640C2B842.d.9CBCF1680025FD0BCF48AB547DDED178.e.10344/click - {}
RESULT: {}
COMMAND: GET /session/fa1966063a4db30dbf2f999955ebc217/screenshot - {}
RESULT: {}
COMMAND: POST /session/fa1966063a4db30dbf2f999955ebc217/element - {"using":"xpath","value":"//header[contains(@id, 'ObjectPageLayout-headerTitle')]/div[1]/div[2]/div[2]/span[1]"}
RESULT: {"using":"xpath","value":"//header[contains(@id, 'ObjectPageLayout-headerTitle')]/div[1]/div[2]/div[2]/span[1]"}
COMMAND: POST /session/fa1966063a4db30dbf2f999955ebc217/elements - {"using":"xpath","value":"//header[contains(@id, 'ObjectPageLayout-headerTitle')]/div[1]/div[2]/div[2]/span[1]"}
RESULT: {"using":"xpath","value":"//header[contains(@id, 'ObjectPageLayout-headerTitle')]/div[1]/div[2]/div[2]/span[1]"}
COMMAND: POST /session/fa1966063a4db30dbf2f999955ebc217/execute/sync - {"script":"<script> [56 bytes]","args":[{"element-6066-11e4-a52e-4f735466cecf":"f.8EF3D0D450A4EB0CE4D2D51640C2B842.d.9CBCF1680025FD0BCF48AB547DDED178.e.10622","ELEMENT":"f.8EF3D0D450A4EB0CE4D2D51640C2B842.d.9CBCF1680025FD0BCF48AB547DDED178.e.10622"}]}
RESULT: {"script":"<script> [56 bytes]","args":[{"element-6066-11e4-a52e-4f735466cecf":"f.8EF3D0D450A4EB0CE4D2D51640C2B842.d.9CBCF1680025FD0BCF48AB547DDED178.e.10622","ELEMENT":"f.8EF3D0D450A4EB0CE4D2D51640C2B842.d.9CBCF1680025FD0BCF48AB547DDED178.e.10622"}]}
COMMAND: POST /session/fa1966063a4db30dbf2f999955ebc217/element - {"using":"css selector","value":"#shell-header-logo"}
COMMAND: GET /session/fa1966063a4db30dbf2f999955ebc217/screenshot - {}
RESULT: {"using":"css selector","value":"#shell-header-logo"}
COMMAND: POST /session/fa1966063a4db30dbf2f999955ebc217/element/f.8EF3D0D450A4EB0CE4D2D51640C2B842.d.9CBCF1680025FD0BCF48AB547DDED178.e.9681/click - {}
RESULT: {}
RESULT: {}
COMMAND: GET /session/fa1966063a4db30dbf2f999955ebc217/screenshot - {}
RESULT: {}
COMMAND: POST /session/fa1966063a4db30dbf2f999955ebc217/execute/sync - {"script":"<script> [299 bytes]","args":[["getModel","getResource"]]}
RESULT: {"script":"<script> [299 bytes]","args":[["getModel","getResource"]]}
]]></system-out>
    </testcase>
    <testcase classname="chrome.136_0_7103_93.windows.Billing_Transfer_-_Intracompany_US127249" name="Should create a new equipment" time="154.065">
      <system-out><![CDATA[
COMMAND: GET /session/fa1966063a4db30dbf2f999955ebc217/screenshot - {}
COMMAND: POST /session/fa1966063a4db30dbf2f999955ebc217/execute/async - {"script":"<script> [1562 bytes]","args":[{"selector":{"controlType":"sap.m.GenericTile","properties":{"header":"Manage Resources"}},"wdio_ui5_key":"sapm.GenericTile{\"header\":\"Manage Resources\"}"}]}
RESULT: {}
RESULT: {"script":"<script> [1562 bytes]","args":[{"selector":{"controlType":"sap.m.GenericTile","properties":{"header":"Manage Resources"}},"wdio_ui5_key":"sapm.GenericTile{\"header\":\"Manage Resources\"}"}]}
RESULT: undefined
COMMAND: POST /session/fa1966063a4db30dbf2f999955ebc217/element - {"using":"xpath","value":"//*[@id=\"__tile39\"]"}
RESULT: {"using":"xpath","value":"//*[@id=\"__tile39\"]"}
COMMAND: POST /session/fa1966063a4db30dbf2f999955ebc217/element/f.8EF3D0D450A4EB0CE4D2D51640C2B842.d.9CBCF1680025FD0BCF48AB547DDED178.e.8061/click - {}
RESULT: {}
COMMAND: GET /session/fa1966063a4db30dbf2f999955ebc217/screenshot - {}
RESULT: {}
COMMAND: POST /session/fa1966063a4db30dbf2f999955ebc217/elements - {"using":"xpath","value":"//span[text()='Error']"}
RESULT: {"using":"xpath","value":"//span[text()='Error']"}
COMMAND: POST /session/fa1966063a4db30dbf2f999955ebc217/element - {"using":"xpath","value":"//button[@data-kt=\"addNewRUOverflowToolbarButton\"]"}
RESULT: {"using":"xpath","value":"//button[@data-kt=\"addNewRUOverflowToolbarButton\"]"}
COMMAND: POST /session/fa1966063a4db30dbf2f999955ebc217/elements - {"using":"xpath","value":"//button[@data-kt=\"addNewRUOverflowToolbarButton\"]"}
RESULT: {"using":"xpath","value":"//button[@data-kt=\"addNewRUOverflowToolbarButton\"]"}
COMMAND: POST /session/fa1966063a4db30dbf2f999955ebc217/elements - {"using":"xpath","value":"//button[@data-kt=\"addNewRUOverflowToolbarButton\"]"}
RESULT: {"using":"xpath","value":"//button[@data-kt=\"addNewRUOverflowToolbarButton\"]"}
COMMAND: POST /session/fa1966063a4db30dbf2f999955ebc217/element - {"using":"xpath","value":"//button[@data-kt=\"addNewRUOverflowToolbarButton\"]"}
RESULT: {"using":"xpath","value":"//button[@data-kt=\"addNewRUOverflowToolbarButton\"]"}
COMMAND: POST /session/fa1966063a4db30dbf2f999955ebc217/execute/sync - {"script":"<script> [8489 bytes]","args":[{"element-6066-11e4-a52e-4f735466cecf":"f.8EF3D0D450A4EB0CE4D2D51640C2B842.d.9CBCF1680025FD0BCF48AB547DDED178.e.10653","ELEMENT":"f.8EF3D0D450A4EB0CE4D2D51640C2B842.d.9CBCF1680025FD0BCF48AB547DDED178.e.10653"}]}
RESULT: {"script":"<script> [8489 bytes]","args":[{"element-6066-11e4-a52e-4f735466cecf":"f.8EF3D0D450A4EB0CE4D2D51640C2B842.d.9CBCF1680025FD0BCF48AB547DDED178.e.10653","ELEMENT":"f.8EF3D0D450A4EB0CE4D2D51640C2B842.d.9CBCF1680025FD0BCF48AB547DDED178.e.10653"}]}
COMMAND: GET /session/fa1966063a4db30dbf2f999955ebc217/element/f.8EF3D0D450A4EB0CE4D2D51640C2B842.d.9CBCF1680025FD0BCF48AB547DDED178.e.10653/enabled - {}
COMMAND: GET /session/fa1966063a4db30dbf2f999955ebc217/screenshot - {}
RESULT: {}
RESULT: {}
COMMAND: POST /session/fa1966063a4db30dbf2f999955ebc217/execute/sync - {"script":"<script> [8489 bytes]","args":[{"element-6066-11e4-a52e-4f735466cecf":"f.8EF3D0D450A4EB0CE4D2D51640C2B842.d.9CBCF1680025FD0BCF48AB547DDED178.e.10653","ELEMENT":"f.8EF3D0D450A4EB0CE4D2D51640C2B842.d.9CBCF1680025FD0BCF48AB547DDED178.e.10653"}]}
COMMAND: GET /session/fa1966063a4db30dbf2f999955ebc217/screenshot - {}
RESULT: {"script":"<script> [8489 bytes]","args":[{"element-6066-11e4-a52e-4f735466cecf":"f.8EF3D0D450A4EB0CE4D2D51640C2B842.d.9CBCF1680025FD0BCF48AB547DDED178.e.10653","ELEMENT":"f.8EF3D0D450A4EB0CE4D2D51640C2B842.d.9CBCF1680025FD0BCF48AB547DDED178.e.10653"}]}
COMMAND: POST /session/fa1966063a4db30dbf2f999955ebc217/execute/sync - {"script":"<script> [5351 bytes]","args":[{"element-6066-11e4-a52e-4f735466cecf":"f.8EF3D0D450A4EB0CE4D2D51640C2B842.d.9CBCF1680025FD0BCF48AB547DDED178.e.10653","ELEMENT":"f.8EF3D0D450A4EB0CE4D2D51640C2B842.d.9CBCF1680025FD0BCF48AB547DDED178.e.10653"}]}
COMMAND: GET /session/fa1966063a4db30dbf2f999955ebc217/screenshot - {}
RESULT: {}
RESULT: {"script":"<script> [5351 bytes]","args":[{"element-6066-11e4-a52e-4f735466cecf":"f.8EF3D0D450A4EB0CE4D2D51640C2B842.d.9CBCF1680025FD0BCF48AB547DDED178.e.10653","ELEMENT":"f.8EF3D0D450A4EB0CE4D2D51640C2B842.d.9CBCF1680025FD0BCF48AB547DDED178.e.10653"}]}
COMMAND: POST /session/fa1966063a4db30dbf2f999955ebc217/element/f.8EF3D0D450A4EB0CE4D2D51640C2B842.d.9CBCF1680025FD0BCF48AB547DDED178.e.10653/click - {}
COMMAND: GET /session/fa1966063a4db30dbf2f999955ebc217/screenshot - {}
RESULT: {}
RESULT: {}
COMMAND: GET /session/fa1966063a4db30dbf2f999955ebc217/screenshot - {}
RESULT: {}
RESULT: {}
COMMAND: POST /session/fa1966063a4db30dbf2f999955ebc217/execute/async - {"script":"<script> [1562 bytes]","args":[{"selector":{"id":"application-manageresources-display-component---newResourceUnit--TYPE-arrow"},"wdio_ui5_key":"applicationmanageresources-display-component---newResourceUnit--TYPE-arrow"}]}
RESULT: {"script":"<script> [1562 bytes]","args":[{"selector":{"id":"application-manageresources-display-component---newResourceUnit--TYPE-arrow"},"wdio_ui5_key":"applicationmanageresources-display-component---newResourceUnit--TYPE-arrow"}]}
RESULT: undefined
COMMAND: POST /session/fa1966063a4db30dbf2f999955ebc217/element - {"using":"xpath","value":"//*[@id=\"application-manageresources-display-component---newResourceUnit--TYPE-arrow\"]"}
RESULT: {"using":"xpath","value":"//*[@id=\"application-manageresources-display-component---newResourceUnit--TYPE-arrow\"]"}
COMMAND: POST /session/fa1966063a4db30dbf2f999955ebc217/element/f.8EF3D0D450A4EB0CE4D2D51640C2B842.d.9CBCF1680025FD0BCF48AB547DDED178.e.11009/click - {}
RESULT: {}
COMMAND: POST /session/fa1966063a4db30dbf2f999955ebc217/element - {"using":"xpath","value":"//input[@id=\"application-manageresources-display-component---newResourceUnit--TYPE-inner\"]"}
COMMAND: GET /session/fa1966063a4db30dbf2f999955ebc217/screenshot - {}
RESULT: {"using":"xpath","value":"//input[@id=\"application-manageresources-display-component---newResourceUnit--TYPE-inner\"]"}
COMMAND: POST /session/fa1966063a4db30dbf2f999955ebc217/element/f.8EF3D0D450A4EB0CE4D2D51640C2B842.d.9CBCF1680025FD0BCF48AB547DDED178.e.11005/clear - {}
RESULT: {}
RESULT: {}
COMMAND: POST /session/fa1966063a4db30dbf2f999955ebc217/element/f.8EF3D0D450A4EB0CE4D2D51640C2B842.d.9CBCF1680025FD0BCF48AB547DDED178.e.11005/value - {"text":"Equipment"}
COMMAND: GET /session/fa1966063a4db30dbf2f999955ebc217/screenshot - {}
RESULT: {"text":"Equipment"}
COMMAND: GET /session/fa1966063a4db30dbf2f999955ebc217/screenshot - {}
RESULT: {}
RESULT: {}
COMMAND: POST /session/fa1966063a4db30dbf2f999955ebc217/actions - {"actions":[{"id":"action30","type":"key","parameters":{},"actions":[{"type":"keyDown","value":""},{"type":"pause","duration":10},{"type":"keyUp","value":""}]}]}
RESULT: {"actions":[{"id":"action30","type":"key","parameters":{},"actions":[{"type":"keyDown","value":""},{"type":"pause","duration":10},{"type":"keyUp","value":""}]}]}
COMMAND: POST /session/fa1966063a4db30dbf2f999955ebc217/execute/async - {"script":"<script> [1562 bytes]","args":[{"selector":{"id":"application-manageresources-display-component---newResourceUnit--resourceId","interaction":{"idSuffix":"inner"}},"wdio_ui5_key":"applicationmanageresources-display-component---newResourceUnit--resourceId"}]}
COMMAND: GET /session/fa1966063a4db30dbf2f999955ebc217/screenshot - {}
RESULT: {"script":"<script> [1562 bytes]","args":[{"selector":{"id":"application-manageresources-display-component---newResourceUnit--resourceId","interaction":{"idSuffix":"inner"}},"wdio_ui5_key":"applicationmanageresources-display-component---newResourceUnit--resourceId"}]}
RESULT: undefined
COMMAND: POST /session/fa1966063a4db30dbf2f999955ebc217/execute/async - {"script":"<script> [776 bytes]","args":[{"enterText":"VUpKmlHbCR","selector":{"id":"application-manageresources-display-component---newResourceUnit--resourceId","interaction":{"idSuffix":"inner"}},"clearTextFirst":true,"interactionType":"ENTER_TEXT"}]}
RESULT: {}
RESULT: {"script":"<script> [776 bytes]","args":[{"enterText":"VUpKmlHbCR","selector":{"id":"application-manageresources-display-component---newResourceUnit--resourceId","interaction":{"idSuffix":"inner"}},"clearTextFirst":true,"interactionType":"ENTER_TEXT"}]}
COMMAND: POST /session/fa1966063a4db30dbf2f999955ebc217/execute/async - {"script":"<script> [1562 bytes]","args":[{"selector":{"id":"application-manageresources-display-component---newResourceUnit--SHORT_TEXT","interaction":{"idSuffix":"inner"}},"wdio_ui5_key":"applicationmanageresources-display-component---newResourceUnit--SHORT_TEXT"}]}
RESULT: {"script":"<script> [1562 bytes]","args":[{"selector":{"id":"application-manageresources-display-component---newResourceUnit--SHORT_TEXT","interaction":{"idSuffix":"inner"}},"wdio_ui5_key":"applicationmanageresources-display-component---newResourceUnit--SHORT_TEXT"}]}
RESULT: undefined
COMMAND: POST /session/fa1966063a4db30dbf2f999955ebc217/execute/async - {"script":"<script> [776 bytes]","args":[{"enterText":"Intercompany Equipment WDIO","selector":{"id":"application-manageresources-display-component---newResourceUnit--SHORT_TEXT","interaction":{"idSuffix":"inner"}},"clearTextFirst":true,"interactionType":"ENTER_TEXT"}]}
RESULT: {"script":"<script> [776 bytes]","args":[{"enterText":"Intercompany Equipment WDIO","selector":{"id":"application-manageresources-display-component---newResourceUnit--SHORT_TEXT","interaction":{"idSuffix":"inner"}},"clearTextFirst":true,"interactionType":"ENTER_TEXT"}]}
COMMAND: POST /session/fa1966063a4db30dbf2f999955ebc217/execute/async - {"script":"<script> [1562 bytes]","args":[{"selector":{"id":"application-manageresources-display-component---newResourceUnit--BASE_UNIT_OF_MEASURE","interaction":{"idSuffix":"inner"}},"wdio_ui5_key":"applicationmanageresources-display-component---newResourceUnit--BASE_UNIT_OF_MEASURE"}]}
RESULT: {"script":"<script> [1562 bytes]","args":[{"selector":{"id":"application-manageresources-display-component---newResourceUnit--BASE_UNIT_OF_MEASURE","interaction":{"idSuffix":"inner"}},"wdio_ui5_key":"applicationmanageresources-display-component---newResourceUnit--BASE_UNIT_OF_MEASURE"}]}
RESULT: undefined
COMMAND: POST /session/fa1966063a4db30dbf2f999955ebc217/execute/async - {"script":"<script> [776 bytes]","args":[{"enterText":"Piece","selector":{"id":"application-manageresources-display-component---newResourceUnit--BASE_UNIT_OF_MEASURE","interaction":{"idSuffix":"inner"}},"clearTextFirst":true,"interactionType":"ENTER_TEXT"}]}
RESULT: {"script":"<script> [776 bytes]","args":[{"enterText":"Piece","selector":{"id":"application-manageresources-display-component---newResourceUnit--BASE_UNIT_OF_MEASURE","interaction":{"idSuffix":"inner"}},"clearTextFirst":true,"interactionType":"ENTER_TEXT"}]}
COMMAND: POST /session/fa1966063a4db30dbf2f999955ebc217/execute/async - {"script":"<script> [1562 bytes]","args":[{"selector":{"id":"application-manageresources-display-component---newResourceUnit--WEIGHT_UNIT","interaction":{"idSuffix":"inner"}},"wdio_ui5_key":"applicationmanageresources-display-component---newResourceUnit--WEIGHT_UNIT"}]}
RESULT: {"script":"<script> [1562 bytes]","args":[{"selector":{"id":"application-manageresources-display-component---newResourceUnit--WEIGHT_UNIT","interaction":{"idSuffix":"inner"}},"wdio_ui5_key":"applicationmanageresources-display-component---newResourceUnit--WEIGHT_UNIT"}]}
RESULT: undefined
COMMAND: POST /session/fa1966063a4db30dbf2f999955ebc217/execute/async - {"script":"<script> [776 bytes]","args":[{"enterText":"Gram","selector":{"id":"application-manageresources-display-component---newResourceUnit--WEIGHT_UNIT","interaction":{"idSuffix":"inner"}},"clearTextFirst":true,"interactionType":"ENTER_TEXT"}]}
RESULT: {"script":"<script> [776 bytes]","args":[{"enterText":"Gram","selector":{"id":"application-manageresources-display-component---newResourceUnit--WEIGHT_UNIT","interaction":{"idSuffix":"inner"}},"clearTextFirst":true,"interactionType":"ENTER_TEXT"}]}
COMMAND: POST /session/fa1966063a4db30dbf2f999955ebc217/execute/async - {"script":"<script> [1562 bytes]","args":[{"selector":{"id":"application-manageresources-display-component---newResourceUnit--DIMENSION_UNIT","interaction":{"idSuffix":"inner"}},"wdio_ui5_key":"applicationmanageresources-display-component---newResourceUnit--DIMENSION_UNIT"}]}
RESULT: {"script":"<script> [1562 bytes]","args":[{"selector":{"id":"application-manageresources-display-component---newResourceUnit--DIMENSION_UNIT","interaction":{"idSuffix":"inner"}},"wdio_ui5_key":"applicationmanageresources-display-component---newResourceUnit--DIMENSION_UNIT"}]}
RESULT: undefined
COMMAND: POST /session/fa1966063a4db30dbf2f999955ebc217/execute/async - {"script":"<script> [776 bytes]","args":[{"enterText":"Meter","selector":{"id":"application-manageresources-display-component---newResourceUnit--DIMENSION_UNIT","interaction":{"idSuffix":"inner"}},"clearTextFirst":true,"interactionType":"ENTER_TEXT"}]}
RESULT: {"script":"<script> [776 bytes]","args":[{"enterText":"Meter","selector":{"id":"application-manageresources-display-component---newResourceUnit--DIMENSION_UNIT","interaction":{"idSuffix":"inner"}},"clearTextFirst":true,"interactionType":"ENTER_TEXT"}]}
COMMAND: POST /session/fa1966063a4db30dbf2f999955ebc217/execute/async - {"script":"<script> [1562 bytes]","args":[{"selector":{"id":"application-manageresources-display-component---newResourceUnit--newRRUPage-anchBar-application-manageresources-display-component---newResourceUnit--control-anchor","interaction":{"idSuffix":"BDI-content"}},"wdio_ui5_key":"applicationmanageresources-display-component---newResourceUnit--newRRUPage-anchBar-application-manageresources-display-component---newResourceUnit--control-anchor"}]}
RESULT: {"script":"<script> [1562 bytes]","args":[{"selector":{"id":"application-manageresources-display-component---newResourceUnit--newRRUPage-anchBar-application-manageresources-display-component---newResourceUnit--control-anchor","interaction":{"idSuffix":"BDI-content"}},"wdio_ui5_key":"applicationmanageresources-display-component---newResourceUnit--newRRUPage-anchBar-application-manageresources-display-component---newResourceUnit--control-anchor"}]}
RESULT: undefined
COMMAND: POST /session/fa1966063a4db30dbf2f999955ebc217/element - {"using":"xpath","value":"//*[@id=\"application-manageresources-display-component---newResourceUnit--newRRUPage-anchBar-application-manageresources-display-component---newResourceUnit--control-anchor\"]"}
RESULT: {"using":"xpath","value":"//*[@id=\"application-manageresources-display-component---newResourceUnit--newRRUPage-anchBar-application-manageresources-display-component---newResourceUnit--control-anchor\"]"}
COMMAND: POST /session/fa1966063a4db30dbf2f999955ebc217/element/f.8EF3D0D450A4EB0CE4D2D51640C2B842.d.9CBCF1680025FD0BCF48AB547DDED178.e.11167/click - {}
RESULT: {}
COMMAND: POST /session/fa1966063a4db30dbf2f999955ebc217/execute/async - {"script":"<script> [1562 bytes]","args":[{"selector":{"id":"application-manageresources-display-component---newResourceUnit--PLANNING_GROUP","interaction":{"idSuffix":"inner"}},"wdio_ui5_key":"applicationmanageresources-display-component---newResourceUnit--PLANNING_GROUP"}]}
COMMAND: GET /session/fa1966063a4db30dbf2f999955ebc217/screenshot - {}
RESULT: {"script":"<script> [1562 bytes]","args":[{"selector":{"id":"application-manageresources-display-component---newResourceUnit--PLANNING_GROUP","interaction":{"idSuffix":"inner"}},"wdio_ui5_key":"applicationmanageresources-display-component---newResourceUnit--PLANNING_GROUP"}]}
RESULT: undefined
COMMAND: POST /session/fa1966063a4db30dbf2f999955ebc217/execute/async - {"script":"<script> [776 bytes]","args":[{"enterText":"Heavy Equi","selector":{"id":"application-manageresources-display-component---newResourceUnit--PLANNING_GROUP","interaction":{"idSuffix":"inner"}},"clearTextFirst":true,"interactionType":"ENTER_TEXT"}]}
RESULT: {}
RESULT: {"script":"<script> [776 bytes]","args":[{"enterText":"Heavy Equi","selector":{"id":"application-manageresources-display-component---newResourceUnit--PLANNING_GROUP","interaction":{"idSuffix":"inner"}},"clearTextFirst":true,"interactionType":"ENTER_TEXT"}]}
COMMAND: POST /session/fa1966063a4db30dbf2f999955ebc217/execute/async - {"script":"<script> [1562 bytes]","args":[{"selector":{"id":"application-manageresources-display-component---newResourceUnit--ITEM_TYPE-arrow"},"wdio_ui5_key":"applicationmanageresources-display-component---newResourceUnit--ITEM_TYPE-arrow"}]}
RESULT: {"script":"<script> [1562 bytes]","args":[{"selector":{"id":"application-manageresources-display-component---newResourceUnit--ITEM_TYPE-arrow"},"wdio_ui5_key":"applicationmanageresources-display-component---newResourceUnit--ITEM_TYPE-arrow"}]}
RESULT: undefined
COMMAND: POST /session/fa1966063a4db30dbf2f999955ebc217/element - {"using":"xpath","value":"//*[@id=\"application-manageresources-display-component---newResourceUnit--ITEM_TYPE-arrow\"]"}
RESULT: {"using":"xpath","value":"//*[@id=\"application-manageresources-display-component---newResourceUnit--ITEM_TYPE-arrow\"]"}
COMMAND: POST /session/fa1966063a4db30dbf2f999955ebc217/element/f.8EF3D0D450A4EB0CE4D2D51640C2B842.d.9CBCF1680025FD0BCF48AB547DDED178.e.11174/click - {}
RESULT: {}
COMMAND: POST /session/fa1966063a4db30dbf2f999955ebc217/element - {"using":"xpath","value":"(//span[contains(text(), \"Resource Unit\")])[2]"}
COMMAND: GET /session/fa1966063a4db30dbf2f999955ebc217/screenshot - {}
RESULT: {"using":"xpath","value":"(//span[contains(text(), \"Resource Unit\")])[2]"}
COMMAND: POST /session/fa1966063a4db30dbf2f999955ebc217/element/f.8EF3D0D450A4EB0CE4D2D51640C2B842.d.9CBCF1680025FD0BCF48AB547DDED178.e.11175/click - {}
RESULT: {}
RESULT: {}
COMMAND: GET /session/fa1966063a4db30dbf2f999955ebc217/screenshot - {}
RESULT: {}
COMMAND: POST /session/fa1966063a4db30dbf2f999955ebc217/element - {"using":"css selector","value":"#application-manageresources-display-component---newResourceUnit--btnAddTimeSegment"}
RESULT: {"using":"css selector","value":"#application-manageresources-display-component---newResourceUnit--btnAddTimeSegment"}
COMMAND: GET /session/fa1966063a4db30dbf2f999955ebc217/element/f.8EF3D0D450A4EB0CE4D2D51640C2B842.d.9CBCF1680025FD0BCF48AB547DDED178.e.11182/rect - {}
RESULT: {}
COMMAND: GET /session/fa1966063a4db30dbf2f999955ebc217/window/rect - {}
RESULT: {}
COMMAND: POST /session/fa1966063a4db30dbf2f999955ebc217/execute/sync - {"script":"<script> [92 bytes]","args":[]}
RESULT: {"script":"<script> [92 bytes]","args":[]}
COMMAND: POST /session/fa1966063a4db30dbf2f999955ebc217/actions - {"actions":[{"id":"action31","type":"wheel","parameters":{},"actions":[{"type":"scroll","x":-1888,"y":-32,"deltaX":0,"deltaY":0,"duration":0,"origin":{"element-6066-11e4-a52e-4f735466cecf":"f.8EF3D0D450A4EB0CE4D2D51640C2B842.d.9CBCF1680025FD0BCF48AB547DDED178.e.11182"}}]}]}
COMMAND: GET /session/fa1966063a4db30dbf2f999955ebc217/screenshot - {}
RESULT: {}
COMMAND: POST /session/fa1966063a4db30dbf2f999955ebc217/execute/sync - {"script":"<script> [79 bytes]","args":[{"element-6066-11e4-a52e-4f735466cecf":"f.8EF3D0D450A4EB0CE4D2D51640C2B842.d.9CBCF1680025FD0BCF48AB547DDED178.e.11182","ELEMENT":"f.8EF3D0D450A4EB0CE4D2D51640C2B842.d.9CBCF1680025FD0BCF48AB547DDED178.e.11182"},{"block":"start","inline":"nearest"}]}
RESULT: {"script":"<script> [79 bytes]","args":[{"element-6066-11e4-a52e-4f735466cecf":"f.8EF3D0D450A4EB0CE4D2D51640C2B842.d.9CBCF1680025FD0BCF48AB547DDED178.e.11182","ELEMENT":"f.8EF3D0D450A4EB0CE4D2D51640C2B842.d.9CBCF1680025FD0BCF48AB547DDED178.e.11182"},{"block":"start","inline":"nearest"}]}
COMMAND: POST /session/fa1966063a4db30dbf2f999955ebc217/execute/async - {"script":"<script> [1562 bytes]","args":[{"selector":{"id":"application-manageresources-display-component---newResourceUnit--btnAddTimeSegment","interaction":{"idSuffix":"inner"}},"wdio_ui5_key":"applicationmanageresources-display-component---newResourceUnit--btnAddTimeSegment"}]}
COMMAND: GET /session/fa1966063a4db30dbf2f999955ebc217/screenshot - {}
RESULT: {"script":"<script> [1562 bytes]","args":[{"selector":{"id":"application-manageresources-display-component---newResourceUnit--btnAddTimeSegment","interaction":{"idSuffix":"inner"}},"wdio_ui5_key":"applicationmanageresources-display-component---newResourceUnit--btnAddTimeSegment"}]}
RESULT: undefined
COMMAND: POST /session/fa1966063a4db30dbf2f999955ebc217/element - {"using":"xpath","value":"//*[@id=\"application-manageresources-display-component---newResourceUnit--btnAddTimeSegment\"]"}
RESULT: {}
RESULT: {"using":"xpath","value":"//*[@id=\"application-manageresources-display-component---newResourceUnit--btnAddTimeSegment\"]"}
COMMAND: POST /session/fa1966063a4db30dbf2f999955ebc217/element/f.8EF3D0D450A4EB0CE4D2D51640C2B842.d.9CBCF1680025FD0BCF48AB547DDED178.e.11182/click - {}
RESULT: {}
COMMAND: GET /session/fa1966063a4db30dbf2f999955ebc217/screenshot - {}
RESULT: {}
COMMAND: POST /session/fa1966063a4db30dbf2f999955ebc217/element - {"using":"xpath","value":"//input[@id=\"application-manageresources-display-component---newResourceUnit--idRuTSAdmin-application-manageresources-display-component---newResourceUnit--RUTimeSegment-0-inner\"]"}
RESULT: {"using":"xpath","value":"//input[@id=\"application-manageresources-display-component---newResourceUnit--idRuTSAdmin-application-manageresources-display-component---newResourceUnit--RUTimeSegment-0-inner\"]"}
COMMAND: POST /session/fa1966063a4db30dbf2f999955ebc217/element/f.8EF3D0D450A4EB0CE4D2D51640C2B842.d.9CBCF1680025FD0BCF48AB547DDED178.e.11188/clear - {}
RESULT: {}
COMMAND: POST /session/fa1966063a4db30dbf2f999955ebc217/element/f.8EF3D0D450A4EB0CE4D2D51640C2B842.d.9CBCF1680025FD0BCF48AB547DDED178.e.11188/value - {"text":"258"}
COMMAND: GET /session/fa1966063a4db30dbf2f999955ebc217/screenshot - {}
RESULT: {"text":"258"}
COMMAND: GET /session/fa1966063a4db30dbf2f999955ebc217/screenshot - {}
RESULT: {}
RESULT: {}
COMMAND: POST /session/fa1966063a4db30dbf2f999955ebc217/element - {"using":"xpath","value":"//li[.//span[text()='258']]"}
RESULT: {"using":"xpath","value":"//li[.//span[text()='258']]"}
COMMAND: POST /session/fa1966063a4db30dbf2f999955ebc217/element/f.8EF3D0D450A4EB0CE4D2D51640C2B842.d.9CBCF1680025FD0BCF48AB547DDED178.e.11199/click - {}
RESULT: {}
COMMAND: GET /session/fa1966063a4db30dbf2f999955ebc217/screenshot - {}
RESULT: {}
COMMAND: POST /session/fa1966063a4db30dbf2f999955ebc217/element - {"using":"xpath","value":"(//span[contains(@id, \"-application-manageresources-display-component---newResourceUnit--RUTimeSegment-0-arrow\")])[6]"}
RESULT: {"using":"xpath","value":"(//span[contains(@id, \"-application-manageresources-display-component---newResourceUnit--RUTimeSegment-0-arrow\")])[6]"}
COMMAND: POST /session/fa1966063a4db30dbf2f999955ebc217/element/f.8EF3D0D450A4EB0CE4D2D51640C2B842.d.9CBCF1680025FD0BCF48AB547DDED178.e.11200/click - {}
RESULT: {}
COMMAND: GET /session/fa1966063a4db30dbf2f999955ebc217/screenshot - {}
RESULT: {}
COMMAND: POST /session/fa1966063a4db30dbf2f999955ebc217/element - {"using":"xpath","value":"//span[contains(text(), \"PM Order\")]"}
RESULT: {"using":"xpath","value":"//span[contains(text(), \"PM Order\")]"}
COMMAND: POST /session/fa1966063a4db30dbf2f999955ebc217/element/f.8EF3D0D450A4EB0CE4D2D51640C2B842.d.9CBCF1680025FD0BCF48AB547DDED178.e.11203/click - {}
RESULT: {}
COMMAND: GET /session/fa1966063a4db30dbf2f999955ebc217/screenshot - {}
RESULT: {}
COMMAND: POST /session/fa1966063a4db30dbf2f999955ebc217/element - {"using":"xpath","value":"(//span[contains(@id ,\"manageresources-display-component---newResourceUnit--RUTimeSegment-0-vhi\")])[1]"}
RESULT: {"using":"xpath","value":"(//span[contains(@id ,\"manageresources-display-component---newResourceUnit--RUTimeSegment-0-vhi\")])[1]"}
COMMAND: GET /session/fa1966063a4db30dbf2f999955ebc217/element/f.8EF3D0D450A4EB0CE4D2D51640C2B842.d.9CBCF1680025FD0BCF48AB547DDED178.e.11207/rect - {}
RESULT: {}
COMMAND: GET /session/fa1966063a4db30dbf2f999955ebc217/window/rect - {}
RESULT: {}
COMMAND: POST /session/fa1966063a4db30dbf2f999955ebc217/execute/sync - {"script":"<script> [92 bytes]","args":[]}
RESULT: {"script":"<script> [92 bytes]","args":[]}
COMMAND: POST /session/fa1966063a4db30dbf2f999955ebc217/actions - {"actions":[{"id":"action32","type":"wheel","parameters":{},"actions":[{"type":"scroll","x":-869,"y":-24,"deltaX":0,"deltaY":0,"duration":0,"origin":{"element-6066-11e4-a52e-4f735466cecf":"f.8EF3D0D450A4EB0CE4D2D51640C2B842.d.9CBCF1680025FD0BCF48AB547DDED178.e.11207"}}]}]}
COMMAND: GET /session/fa1966063a4db30dbf2f999955ebc217/screenshot - {}
RESULT: {"actions":[{"id":"action32","type":"wheel","parameters":{},"actions":[{"type":"scroll","x":-869,"y":-24,"deltaX":0,"deltaY":0,"duration":0,"origin":{"element-6066-11e4-a52e-4f735466cecf":"f.8EF3D0D450A4EB0CE4D2D51640C2B842.d.9CBCF1680025FD0BCF48AB547DDED178.e.11207"}}]}]}
COMMAND: DELETE /session/fa1966063a4db30dbf2f999955ebc217/actions - {}
COMMAND: GET /session/fa1966063a4db30dbf2f999955ebc217/screenshot - {}
RESULT: {}
RESULT: {}
COMMAND: GET /session/fa1966063a4db30dbf2f999955ebc217/screenshot - {}
RESULT: {}
RESULT: {}
COMMAND: POST /session/fa1966063a4db30dbf2f999955ebc217/element/f.8EF3D0D450A4EB0CE4D2D51640C2B842.d.9CBCF1680025FD0BCF48AB547DDED178.e.11207/click - {}
RESULT: {}
COMMAND: GET /session/fa1966063a4db30dbf2f999955ebc217/screenshot - {}
RESULT: {}
RESULT: undefined
COMMAND: POST /session/fa1966063a4db30dbf2f999955ebc217/execute/async - {"script":"<script> [776 bytes]","args":[{"enterText":"4000360","selector":{"controlType":"sap.m.SearchField","properties":{"placeholder":"Search"},"searchOpenDialogs":true,"interaction":{"idSuffix":"I"}},"clearTextFirst":true,"interactionType":"ENTER_TEXT"}]}
RESULT: {"script":"<script> [776 bytes]","args":[{"enterText":"4000360","selector":{"controlType":"sap.m.SearchField","properties":{"placeholder":"Search"},"searchOpenDialogs":true,"interaction":{"idSuffix":"I"}},"clearTextFirst":true,"interactionType":"ENTER_TEXT"}]}
COMMAND: POST /session/fa1966063a4db30dbf2f999955ebc217/actions - {"actions":[{"id":"action33","type":"key","parameters":{},"actions":[{"type":"keyDown","value":""},{"type":"pause","duration":10},{"type":"keyUp","value":""}]}]}
RESULT: {"actions":[{"id":"action33","type":"key","parameters":{},"actions":[{"type":"keyDown","value":""},{"type":"pause","duration":10},{"type":"keyUp","value":""}]}]}
COMMAND: GET /session/fa1966063a4db30dbf2f999955ebc217/screenshot - {}
RESULT: {}
COMMAND: POST /session/fa1966063a4db30dbf2f999955ebc217/element - {"using":"xpath","value":"//td/div/span[contains(text(), \"BGL Vehicles\")]"}
RESULT: {"using":"xpath","value":"//td/div/span[contains(text(), \"BGL Vehicles\")]"}
COMMAND: POST /session/fa1966063a4db30dbf2f999955ebc217/element/f.8EF3D0D450A4EB0CE4D2D51640C2B842.d.9CBCF1680025FD0BCF48AB547DDED178.e.11228/click - {}
RESULT: {}
COMMAND: GET /session/fa1966063a4db30dbf2f999955ebc217/screenshot - {}
RESULT: {}
COMMAND: POST /session/fa1966063a4db30dbf2f999955ebc217/element - {"using":"xpath","value":"//bdi[contains(text(), \"OK\")]"}
RESULT: {"using":"xpath","value":"//bdi[contains(text(), \"OK\")]"}
COMMAND: POST /session/fa1966063a4db30dbf2f999955ebc217/element/f.8EF3D0D450A4EB0CE4D2D51640C2B842.d.9CBCF1680025FD0BCF48AB547DDED178.e.11229/click - {}
RESULT: {}
COMMAND: GET /session/fa1966063a4db30dbf2f999955ebc217/screenshot - {}
RESULT: {}
COMMAND: POST /session/fa1966063a4db30dbf2f999955ebc217/execute/async - {"script":"<script> [1562 bytes]","args":[{"selector":{"id":"application-manageresources-display-component---newResourceUnit--newRRUPage-anchBar-application-manageresources-display-component---newResourceUnit--resource-anchor","interaction":{"idSuffix":"BDI-content"}},"wdio_ui5_key":"applicationmanageresources-display-component---newResourceUnit--newRRUPage-anchBar-application-manageresources-display-component---newResourceUnit--resource-anchor"}]}
RESULT: {"script":"<script> [1562 bytes]","args":[{"selector":{"id":"application-manageresources-display-component---newResourceUnit--newRRUPage-anchBar-application-manageresources-display-component---newResourceUnit--resource-anchor","interaction":{"idSuffix":"BDI-content"}},"wdio_ui5_key":"applicationmanageresources-display-component---newResourceUnit--newRRUPage-anchBar-application-manageresources-display-component---newResourceUnit--resource-anchor"}]}
RESULT: undefined
COMMAND: POST /session/fa1966063a4db30dbf2f999955ebc217/element - {"using":"xpath","value":"//*[@id=\"application-manageresources-display-component---newResourceUnit--newRRUPage-anchBar-application-manageresources-display-component---newResourceUnit--resource-anchor\"]"}
RESULT: {"using":"xpath","value":"//*[@id=\"application-manageresources-display-component---newResourceUnit--newRRUPage-anchBar-application-manageresources-display-component---newResourceUnit--resource-anchor\"]"}
COMMAND: POST /session/fa1966063a4db30dbf2f999955ebc217/element/f.8EF3D0D450A4EB0CE4D2D51640C2B842.d.9CBCF1680025FD0BCF48AB547DDED178.e.11233/click - {}
RESULT: {}
COMMAND: POST /session/fa1966063a4db30dbf2f999955ebc217/execute/async - {"script":"<script> [1562 bytes]","args":[{"selector":{"id":"application-manageresources-display-component---newResourceUnit--PLANNED_DELIVERY_DATE","interaction":{"idSuffix":"inner"}},"wdio_ui5_key":"applicationmanageresources-display-component---newResourceUnit--PLANNED_DELIVERY_DATE"}]}
COMMAND: GET /session/fa1966063a4db30dbf2f999955ebc217/screenshot - {}
RESULT: {"script":"<script> [1562 bytes]","args":[{"selector":{"id":"application-manageresources-display-component---newResourceUnit--PLANNED_DELIVERY_DATE","interaction":{"idSuffix":"inner"}},"wdio_ui5_key":"applicationmanageresources-display-component---newResourceUnit--PLANNED_DELIVERY_DATE"}]}
RESULT: undefined
COMMAND: POST /session/fa1966063a4db30dbf2f999955ebc217/execute/async - {"script":"<script> [6424 bytes]","args":[{"element-6066-11e4-a52e-4f735466cecf":"f.8EF3D0D450A4EB0CE4D2D51640C2B842.d.9CBCF1680025FD0BCF48AB547DDED178.e.11065"},"setValue",["5/24/25"]]}
RESULT: {}
RESULT: {"script":"<script> [6424 bytes]","args":[{"element-6066-11e4-a52e-4f735466cecf":"f.8EF3D0D450A4EB0CE4D2D51640C2B842.d.9CBCF1680025FD0BCF48AB547DDED178.e.11065"},"setValue",["5/24/25"]]}
COMMAND: POST /session/fa1966063a4db30dbf2f999955ebc217/element - {"using":"xpath","value":"//label[contains(@class, 'sapMLabelRequired') and .//bdi[contains(text(), 'Planned Retirement')]]"}
RESULT: {"using":"xpath","value":"//label[contains(@class, 'sapMLabelRequired') and .//bdi[contains(text(), 'Planned Retirement')]]"}
COMMAND: POST /session/fa1966063a4db30dbf2f999955ebc217/elements - {"using":"xpath","value":"//label[contains(@class, 'sapMLabelRequired') and .//bdi[contains(text(), 'Planned Retirement')]]"}
RESULT: {"using":"xpath","value":"//label[contains(@class, 'sapMLabelRequired') and .//bdi[contains(text(), 'Planned Retirement')]]"}
COMMAND: POST /session/fa1966063a4db30dbf2f999955ebc217/element - {"using":"xpath","value":"//button[@data-kt=\"resourceUnitSaveButton\"]"}
RESULT: {"using":"xpath","value":"//button[@data-kt=\"resourceUnitSaveButton\"]"}
COMMAND: POST /session/fa1966063a4db30dbf2f999955ebc217/element/f.8EF3D0D450A4EB0CE4D2D51640C2B842.d.9CBCF1680025FD0BCF48AB547DDED178.e.11025/click - {}
RESULT: {}
COMMAND: GET /session/fa1966063a4db30dbf2f999955ebc217/screenshot - {}
RESULT: {}
COMMAND: POST /session/fa1966063a4db30dbf2f999955ebc217/element - {"using":"xpath","value":"//bdi[contains(text(), \"Close\")]"}
RESULT: {"using":"xpath","value":"//bdi[contains(text(), \"Close\")]"}
COMMAND: POST /session/fa1966063a4db30dbf2f999955ebc217/element/f.8EF3D0D450A4EB0CE4D2D51640C2B842.d.9CBCF1680025FD0BCF48AB547DDED178.e.11241/click - {}
RESULT: {}
COMMAND: GET /session/fa1966063a4db30dbf2f999955ebc217/screenshot - {}
RESULT: {}
COMMAND: POST /session/fa1966063a4db30dbf2f999955ebc217/element - {"using":"xpath","value":"(//button[contains(@id ,\"actionsToolbar-overflowButton\")])[1]"}
RESULT: {"using":"xpath","value":"(//button[contains(@id ,\"actionsToolbar-overflowButton\")])[1]"}
COMMAND: POST /session/fa1966063a4db30dbf2f999955ebc217/element/f.8EF3D0D450A4EB0CE4D2D51640C2B842.d.9CBCF1680025FD0BCF48AB547DDED178.e.11298/click - {}
RESULT: {}
COMMAND: GET /session/fa1966063a4db30dbf2f999955ebc217/screenshot - {}
RESULT: {}
COMMAND: POST /session/fa1966063a4db30dbf2f999955ebc217/element - {"using":"xpath","value":"//button[@data-kt=\"priceInfoButton\"]"}
RESULT: {"using":"xpath","value":"//button[@data-kt=\"priceInfoButton\"]"}
COMMAND: POST /session/fa1966063a4db30dbf2f999955ebc217/element/f.8EF3D0D450A4EB0CE4D2D51640C2B842.d.9CBCF1680025FD0BCF48AB547DDED178.e.11313/click - {}
RESULT: {}
COMMAND: GET /session/fa1966063a4db30dbf2f999955ebc217/screenshot - {}
]]></system-out>
    </testcase>
    <testcase classname="chrome.136_0_7103_93.windows.Billing_Transfer_-_Intracompany_US127249" name="Should create a pricing procedure" time="57.604">
      <system-out><![CDATA[
COMMAND: POST /session/fa1966063a4db30dbf2f999955ebc217/element - {"using":"xpath","value":"//button[@data-kt=\"addButton\"]"}
RESULT: {}
RESULT: {"using":"xpath","value":"//button[@data-kt=\"addButton\"]"}
COMMAND: POST /session/fa1966063a4db30dbf2f999955ebc217/elements - {"using":"xpath","value":"//button[@data-kt=\"addButton\"]"}
RESULT: {"using":"xpath","value":"//button[@data-kt=\"addButton\"]"}
COMMAND: POST /session/fa1966063a4db30dbf2f999955ebc217/execute/sync - {"script":"<script> [8489 bytes]","args":[{"element-6066-11e4-a52e-4f735466cecf":"f.8EF3D0D450A4EB0CE4D2D51640C2B842.d.9CBCF1680025FD0BCF48AB547DDED178.e.11350","ELEMENT":"f.8EF3D0D450A4EB0CE4D2D51640C2B842.d.9CBCF1680025FD0BCF48AB547DDED178.e.11350"}]}
RESULT: {"script":"<script> [8489 bytes]","args":[{"element-6066-11e4-a52e-4f735466cecf":"f.8EF3D0D450A4EB0CE4D2D51640C2B842.d.9CBCF1680025FD0BCF48AB547DDED178.e.11350","ELEMENT":"f.8EF3D0D450A4EB0CE4D2D51640C2B842.d.9CBCF1680025FD0BCF48AB547DDED178.e.11350"}]}
COMMAND: GET /session/fa1966063a4db30dbf2f999955ebc217/element/f.8EF3D0D450A4EB0CE4D2D51640C2B842.d.9CBCF1680025FD0BCF48AB547DDED178.e.11350/enabled - {}
COMMAND: GET /session/fa1966063a4db30dbf2f999955ebc217/screenshot - {}
RESULT: {}
COMMAND: POST /session/fa1966063a4db30dbf2f999955ebc217/execute/sync - {"script":"<script> [8489 bytes]","args":[{"element-6066-11e4-a52e-4f735466cecf":"f.8EF3D0D450A4EB0CE4D2D51640C2B842.d.9CBCF1680025FD0BCF48AB547DDED178.e.11350","ELEMENT":"f.8EF3D0D450A4EB0CE4D2D51640C2B842.d.9CBCF1680025FD0BCF48AB547DDED178.e.11350"}]}
COMMAND: GET /session/fa1966063a4db30dbf2f999955ebc217/screenshot - {}
RESULT: {}
RESULT: {"script":"<script> [8489 bytes]","args":[{"element-6066-11e4-a52e-4f735466cecf":"f.8EF3D0D450A4EB0CE4D2D51640C2B842.d.9CBCF1680025FD0BCF48AB547DDED178.e.11350","ELEMENT":"f.8EF3D0D450A4EB0CE4D2D51640C2B842.d.9CBCF1680025FD0BCF48AB547DDED178.e.11350"}]}
COMMAND: POST /session/fa1966063a4db30dbf2f999955ebc217/execute/sync - {"script":"<script> [5351 bytes]","args":[{"element-6066-11e4-a52e-4f735466cecf":"f.8EF3D0D450A4EB0CE4D2D51640C2B842.d.9CBCF1680025FD0BCF48AB547DDED178.e.11350","ELEMENT":"f.8EF3D0D450A4EB0CE4D2D51640C2B842.d.9CBCF1680025FD0BCF48AB547DDED178.e.11350"}]}
COMMAND: GET /session/fa1966063a4db30dbf2f999955ebc217/screenshot - {}
RESULT: {}
RESULT: {"script":"<script> [5351 bytes]","args":[{"element-6066-11e4-a52e-4f735466cecf":"f.8EF3D0D450A4EB0CE4D2D51640C2B842.d.9CBCF1680025FD0BCF48AB547DDED178.e.11350","ELEMENT":"f.8EF3D0D450A4EB0CE4D2D51640C2B842.d.9CBCF1680025FD0BCF48AB547DDED178.e.11350"}]}
COMMAND: POST /session/fa1966063a4db30dbf2f999955ebc217/element/f.8EF3D0D450A4EB0CE4D2D51640C2B842.d.9CBCF1680025FD0BCF48AB547DDED178.e.11350/click - {}
COMMAND: GET /session/fa1966063a4db30dbf2f999955ebc217/screenshot - {}
RESULT: {}
RESULT: {}
COMMAND: GET /session/fa1966063a4db30dbf2f999955ebc217/screenshot - {}
RESULT: {}
RESULT: {}
COMMAND: POST /session/fa1966063a4db30dbf2f999955ebc217/execute/async - {"script":"<script> [1562 bytes]","args":[{"selector":{"controlType":"sap.m.Title","viewName":"etm.portal.ui.managepricingrules.view.NewItem","viewId":"application-managepricingrules-display-component---newInfoPriceItem","properties":{"text":"New Pricing Rules - Item Level"}},"wdio_ui5_key":"etmportal.ui.managepricingrules.view.NewItemsap.m.Title{\"text\":\"New Pricing Rules - Item Level\"}"}]}
RESULT: {"script":"<script> [1562 bytes]","args":[{"selector":{"controlType":"sap.m.Title","viewName":"etm.portal.ui.managepricingrules.view.NewItem","viewId":"application-managepricingrules-display-component---newInfoPriceItem","properties":{"text":"New Pricing Rules - Item Level"}},"wdio_ui5_key":"etmportal.ui.managepricingrules.view.NewItemsap.m.Title{\"text\":\"New Pricing Rules - Item Level\"}"}]}
RESULT: undefined
COMMAND: POST /session/fa1966063a4db30dbf2f999955ebc217/execute/async - {"script":"<script> [6424 bytes]","args":[{"element-6066-11e4-a52e-4f735466cecf":"f.8EF3D0D450A4EB0CE4D2D51640C2B842.d.9CBCF1680025FD0BCF48AB547DDED178.e.11432"},"getText",[]]}
RESULT: {"script":"<script> [6424 bytes]","args":[{"element-6066-11e4-a52e-4f735466cecf":"f.8EF3D0D450A4EB0CE4D2D51640C2B842.d.9CBCF1680025FD0BCF48AB547DDED178.e.11432"},"getText",[]]}
COMMAND: POST /session/fa1966063a4db30dbf2f999955ebc217/execute/async - {"script":"<script> [1562 bytes]","args":[{"selector":{"id":"application-managepricingrules-display-component---newInfoPriceItem--condValidTo","interaction":{"idSuffix":"inner"}},"wdio_ui5_key":"applicationmanagepricingrules-display-component---newInfoPriceItem--condValidTo"}]}
RESULT: {"script":"<script> [1562 bytes]","args":[{"selector":{"id":"application-managepricingrules-display-component---newInfoPriceItem--condValidTo","interaction":{"idSuffix":"inner"}},"wdio_ui5_key":"applicationmanagepricingrules-display-component---newInfoPriceItem--condValidTo"}]}
RESULT: undefined
COMMAND: POST /session/fa1966063a4db30dbf2f999955ebc217/execute/async - {"script":"<script> [776 bytes]","args":[{"enterText":"1/24/26","selector":{"id":"application-managepricingrules-display-component---newInfoPriceItem--condValidTo","interaction":{"idSuffix":"inner"}},"clearTextFirst":true,"interactionType":"ENTER_TEXT"}]}
RESULT: {"script":"<script> [776 bytes]","args":[{"enterText":"1/24/26","selector":{"id":"application-managepricingrules-display-component---newInfoPriceItem--condValidTo","interaction":{"idSuffix":"inner"}},"clearTextFirst":true,"interactionType":"ENTER_TEXT"}]}
COMMAND: POST /session/fa1966063a4db30dbf2f999955ebc217/execute/async - {"script":"<script> [1562 bytes]","args":[{"selector":{"id":"application-managepricingrules-display-component---newInfoPriceItem--billType-arrow"},"wdio_ui5_key":"applicationmanagepricingrules-display-component---newInfoPriceItem--billType-arrow"}]}
RESULT: {"script":"<script> [1562 bytes]","args":[{"selector":{"id":"application-managepricingrules-display-component---newInfoPriceItem--billType-arrow"},"wdio_ui5_key":"applicationmanagepricingrules-display-component---newInfoPriceItem--billType-arrow"}]}
RESULT: undefined
COMMAND: POST /session/fa1966063a4db30dbf2f999955ebc217/element - {"using":"xpath","value":"//*[@id=\"application-managepricingrules-display-component---newInfoPriceItem--billType-arrow\"]"}
RESULT: {"using":"xpath","value":"//*[@id=\"application-managepricingrules-display-component---newInfoPriceItem--billType-arrow\"]"}
COMMAND: POST /session/fa1966063a4db30dbf2f999955ebc217/element/f.8EF3D0D450A4EB0CE4D2D51640C2B842.d.9CBCF1680025FD0BCF48AB547DDED178.e.11436/click - {}
RESULT: {}
COMMAND: POST /session/fa1966063a4db30dbf2f999955ebc217/element - {"using":"xpath","value":"//span[contains(text(), \"TB - Time based\")]"}
COMMAND: GET /session/fa1966063a4db30dbf2f999955ebc217/screenshot - {}
RESULT: {"using":"xpath","value":"//span[contains(text(), \"TB - Time based\")]"}
COMMAND: POST /session/fa1966063a4db30dbf2f999955ebc217/element/f.8EF3D0D450A4EB0CE4D2D51640C2B842.d.9CBCF1680025FD0BCF48AB547DDED178.e.11437/click - {}
RESULT: {}
RESULT: {}
COMMAND: POST /session/fa1966063a4db30dbf2f999955ebc217/execute/async - {"script":"<script> [1562 bytes]","args":[{"selector":{"id":"application-managepricingrules-display-component---newInfoPriceItem--priceProc-arrow"},"wdio_ui5_key":"applicationmanagepricingrules-display-component---newInfoPriceItem--priceProc-arrow"}]}
COMMAND: GET /session/fa1966063a4db30dbf2f999955ebc217/screenshot - {}
RESULT: {"script":"<script> [1562 bytes]","args":[{"selector":{"id":"application-managepricingrules-display-component---newInfoPriceItem--priceProc-arrow"},"wdio_ui5_key":"applicationmanagepricingrules-display-component---newInfoPriceItem--priceProc-arrow"}]}
RESULT: undefined
COMMAND: POST /session/fa1966063a4db30dbf2f999955ebc217/element - {"using":"xpath","value":"//*[@id=\"application-managepricingrules-display-component---newInfoPriceItem--priceProc-arrow\"]"}
RESULT: {}
RESULT: {"using":"xpath","value":"//*[@id=\"application-managepricingrules-display-component---newInfoPriceItem--priceProc-arrow\"]"}
COMMAND: POST /session/fa1966063a4db30dbf2f999955ebc217/element/f.8EF3D0D450A4EB0CE4D2D51640C2B842.d.9CBCF1680025FD0BCF48AB547DDED178.e.11438/click - {}
RESULT: {}
COMMAND: POST /session/fa1966063a4db30dbf2f999955ebc217/element - {"using":"xpath","value":"//span[contains(text(), \"TBS - Time based standard\")]"}
COMMAND: GET /session/fa1966063a4db30dbf2f999955ebc217/screenshot - {}
RESULT: {"using":"xpath","value":"//span[contains(text(), \"TBS - Time based standard\")]"}
COMMAND: POST /session/fa1966063a4db30dbf2f999955ebc217/element/f.8EF3D0D450A4EB0CE4D2D51640C2B842.d.9CBCF1680025FD0BCF48AB547DDED178.e.11439/click - {}
RESULT: {}
RESULT: {}
COMMAND: POST /session/fa1966063a4db30dbf2f999955ebc217/execute/async - {"script":"<script> [1562 bytes]","args":[{"selector":{"id":"application-managepricingrules-display-component---newInfoPriceItem--calcBase-arrow"},"wdio_ui5_key":"applicationmanagepricingrules-display-component---newInfoPriceItem--calcBase-arrow"}]}
COMMAND: GET /session/fa1966063a4db30dbf2f999955ebc217/screenshot - {}
RESULT: {"script":"<script> [1562 bytes]","args":[{"selector":{"id":"application-managepricingrules-display-component---newInfoPriceItem--calcBase-arrow"},"wdio_ui5_key":"applicationmanagepricingrules-display-component---newInfoPriceItem--calcBase-arrow"}]}
RESULT: undefined
COMMAND: POST /session/fa1966063a4db30dbf2f999955ebc217/element - {"using":"xpath","value":"//*[@id=\"application-managepricingrules-display-component---newInfoPriceItem--calcBase-arrow\"]"}
RESULT: {}
RESULT: {"using":"xpath","value":"//*[@id=\"application-managepricingrules-display-component---newInfoPriceItem--calcBase-arrow\"]"}
COMMAND: POST /session/fa1966063a4db30dbf2f999955ebc217/element/f.8EF3D0D450A4EB0CE4D2D51640C2B842.d.9CBCF1680025FD0BCF48AB547DDED178.e.11440/click - {}
RESULT: {}
COMMAND: GET /session/fa1966063a4db30dbf2f999955ebc217/screenshot - {}
RESULT: {}
COMMAND: POST /session/fa1966063a4db30dbf2f999955ebc217/element - {"using":"xpath","value":"//span[contains(text(), \"0006 - TB(calendar days)\")]"}
RESULT: {"using":"xpath","value":"//span[contains(text(), \"0006 - TB(calendar days)\")]"}
COMMAND: POST /session/fa1966063a4db30dbf2f999955ebc217/element/f.8EF3D0D450A4EB0CE4D2D51640C2B842.d.9CBCF1680025FD0BCF48AB547DDED178.e.11441/click - {}
RESULT: {}
COMMAND: GET /session/fa1966063a4db30dbf2f999955ebc217/screenshot - {}
RESULT: {}
COMMAND: POST /session/fa1966063a4db30dbf2f999955ebc217/execute/async - {"script":"<script> [1562 bytes]","args":[{"selector":{"id":"application-managepricingrules-display-component---newInfoPriceItem--daysMonth","interaction":{"idSuffix":"inner"}},"wdio_ui5_key":"applicationmanagepricingrules-display-component---newInfoPriceItem--daysMonth"}]}
RESULT: {"script":"<script> [1562 bytes]","args":[{"selector":{"id":"application-managepricingrules-display-component---newInfoPriceItem--daysMonth","interaction":{"idSuffix":"inner"}},"wdio_ui5_key":"applicationmanagepricingrules-display-component---newInfoPriceItem--daysMonth"}]}
RESULT: undefined
COMMAND: POST /session/fa1966063a4db30dbf2f999955ebc217/execute/async - {"script":"<script> [776 bytes]","args":[{"enterText":"30","selector":{"id":"application-managepricingrules-display-component---newInfoPriceItem--daysMonth","interaction":{"idSuffix":"inner"}},"clearTextFirst":true,"interactionType":"ENTER_TEXT"}]}
RESULT: {"script":"<script> [776 bytes]","args":[{"enterText":"30","selector":{"id":"application-managepricingrules-display-component---newInfoPriceItem--daysMonth","interaction":{"idSuffix":"inner"}},"clearTextFirst":true,"interactionType":"ENTER_TEXT"}]}
COMMAND: POST /session/fa1966063a4db30dbf2f999955ebc217/element - {"using":"xpath","value":"//button[@data-kt=\"saveNewRuleButton\"]"}
RESULT: {"using":"xpath","value":"//button[@data-kt=\"saveNewRuleButton\"]"}
COMMAND: POST /session/fa1966063a4db30dbf2f999955ebc217/element/f.8EF3D0D450A4EB0CE4D2D51640C2B842.d.9CBCF1680025FD0BCF48AB547DDED178.e.11443/click - {}
RESULT: {}
COMMAND: GET /session/fa1966063a4db30dbf2f999955ebc217/screenshot - {}
RESULT: {}
COMMAND: POST /session/fa1966063a4db30dbf2f999955ebc217/execute/async - {"script":"<script> [1562 bytes]","args":[{"selector":{"id":"application-managepricingrules-display-component---priceInfoItem--smartFilterBar-btnBasicSearch","interaction":{"idSuffix":"I"}},"wdio_ui5_key":"applicationmanagepricingrules-display-component---priceInfoItem--smartFilterBar-btnBasicSearch"}]}
RESULT: {"script":"<script> [1562 bytes]","args":[{"selector":{"id":"application-managepricingrules-display-component---priceInfoItem--smartFilterBar-btnBasicSearch","interaction":{"idSuffix":"I"}},"wdio_ui5_key":"applicationmanagepricingrules-display-component---priceInfoItem--smartFilterBar-btnBasicSearch"}]}
RESULT: undefined
COMMAND: POST /session/fa1966063a4db30dbf2f999955ebc217/execute/async - {"script":"<script> [776 bytes]","args":[{"enterText":"VUpKmlHbCR","selector":{"id":"application-managepricingrules-display-component---priceInfoItem--smartFilterBar-btnBasicSearch","interaction":{"idSuffix":"I"}},"clearTextFirst":true,"interactionType":"ENTER_TEXT"}]}
RESULT: {"script":"<script> [776 bytes]","args":[{"enterText":"VUpKmlHbCR","selector":{"id":"application-managepricingrules-display-component---priceInfoItem--smartFilterBar-btnBasicSearch","interaction":{"idSuffix":"I"}},"clearTextFirst":true,"interactionType":"ENTER_TEXT"}]}
COMMAND: POST /session/fa1966063a4db30dbf2f999955ebc217/actions - {"actions":[{"id":"action34","type":"key","parameters":{},"actions":[{"type":"keyDown","value":""},{"type":"pause","duration":10},{"type":"keyUp","value":""}]}]}
RESULT: {"actions":[{"id":"action34","type":"key","parameters":{},"actions":[{"type":"keyDown","value":""},{"type":"pause","duration":10},{"type":"keyUp","value":""}]}]}
COMMAND: GET /session/fa1966063a4db30dbf2f999955ebc217/screenshot - {}
RESULT: {}
COMMAND: POST /session/fa1966063a4db30dbf2f999955ebc217/element - {"using":"xpath","value":"//span[@id=\"application-managepricingrules-display-component---priceInfoItem--smartTable-header-inner\"]"}
RESULT: {"using":"xpath","value":"//span[@id=\"application-managepricingrules-display-component---priceInfoItem--smartTable-header-inner\"]"}
COMMAND: POST /session/fa1966063a4db30dbf2f999955ebc217/elements - {"using":"xpath","value":"//span[@id=\"application-managepricingrules-display-component---priceInfoItem--smartTable-header-inner\"]"}
RESULT: {"using":"xpath","value":"//span[@id=\"application-managepricingrules-display-component---priceInfoItem--smartTable-header-inner\"]"}
COMMAND: POST /session/fa1966063a4db30dbf2f999955ebc217/execute/sync - {"script":"<script> [56 bytes]","args":[{"element-6066-11e4-a52e-4f735466cecf":"f.8EF3D0D450A4EB0CE4D2D51640C2B842.d.9CBCF1680025FD0BCF48AB547DDED178.e.11467","ELEMENT":"f.8EF3D0D450A4EB0CE4D2D51640C2B842.d.9CBCF1680025FD0BCF48AB547DDED178.e.11467"}]}
RESULT: {"script":"<script> [56 bytes]","args":[{"element-6066-11e4-a52e-4f735466cecf":"f.8EF3D0D450A4EB0CE4D2D51640C2B842.d.9CBCF1680025FD0BCF48AB547DDED178.e.11467","ELEMENT":"f.8EF3D0D450A4EB0CE4D2D51640C2B842.d.9CBCF1680025FD0BCF48AB547DDED178.e.11467"}]}
COMMAND: POST /session/fa1966063a4db30dbf2f999955ebc217/element - {"using":"css selector","value":"#shell-header-logo"}
COMMAND: GET /session/fa1966063a4db30dbf2f999955ebc217/screenshot - {}
RESULT: {"using":"css selector","value":"#shell-header-logo"}
COMMAND: POST /session/fa1966063a4db30dbf2f999955ebc217/element/f.8EF3D0D450A4EB0CE4D2D51640C2B842.d.9CBCF1680025FD0BCF48AB547DDED178.e.10625/click - {}
RESULT: {}
RESULT: {}
COMMAND: GET /session/fa1966063a4db30dbf2f999955ebc217/screenshot - {}
RESULT: {}
]]></system-out>
    </testcase>
    <testcase classname="chrome.136_0_7103_93.windows.Billing_Transfer_-_Intracompany_US127249" name="Should manage conditions" time="77.737">
      <system-out><![CDATA[
COMMAND: POST /session/fa1966063a4db30dbf2f999955ebc217/execute/async - {"script":"<script> [1562 bytes]","args":[{"selector":{"controlType":"sap.m.GenericTile","properties":{"header":"Manage Conditions & Prices"}},"wdio_ui5_key":"sapm.GenericTile{\"header\":\"Manage Conditions & Prices\"}"}]}
RESULT: {"script":"<script> [1562 bytes]","args":[{"selector":{"controlType":"sap.m.GenericTile","properties":{"header":"Manage Conditions & Prices"}},"wdio_ui5_key":"sapm.GenericTile{\"header\":\"Manage Conditions & Prices\"}"}]}
RESULT: undefined
COMMAND: POST /session/fa1966063a4db30dbf2f999955ebc217/element - {"using":"xpath","value":"//*[@id=\"__tile53\"]"}
RESULT: {"using":"xpath","value":"//*[@id=\"__tile53\"]"}
COMMAND: POST /session/fa1966063a4db30dbf2f999955ebc217/element/f.8EF3D0D450A4EB0CE4D2D51640C2B842.d.9CBCF1680025FD0BCF48AB547DDED178.e.8107/click - {}
RESULT: {}
COMMAND: GET /session/fa1966063a4db30dbf2f999955ebc217/screenshot - {}
COMMAND: POST /session/fa1966063a4db30dbf2f999955ebc217/elements - {"using":"xpath","value":"//span[text()='Error']"}
RESULT: {}
RESULT: {"using":"xpath","value":"//span[text()='Error']"}
COMMAND: POST /session/fa1966063a4db30dbf2f999955ebc217/element - {"using":"xpath","value":"//button[@aria-label=\"Create\"]"}
RESULT: {"using":"xpath","value":"//button[@aria-label=\"Create\"]"}
COMMAND: POST /session/fa1966063a4db30dbf2f999955ebc217/elements - {"using":"xpath","value":"//button[@aria-label=\"Create\"]"}
RESULT: {"using":"xpath","value":"//button[@aria-label=\"Create\"]"}
COMMAND: POST /session/fa1966063a4db30dbf2f999955ebc217/execute/sync - {"script":"<script> [8489 bytes]","args":[{"element-6066-11e4-a52e-4f735466cecf":"f.8EF3D0D450A4EB0CE4D2D51640C2B842.d.9CBCF1680025FD0BCF48AB547DDED178.e.11502","ELEMENT":"f.8EF3D0D450A4EB0CE4D2D51640C2B842.d.9CBCF1680025FD0BCF48AB547DDED178.e.11502"}]}
RESULT: {"script":"<script> [8489 bytes]","args":[{"element-6066-11e4-a52e-4f735466cecf":"f.8EF3D0D450A4EB0CE4D2D51640C2B842.d.9CBCF1680025FD0BCF48AB547DDED178.e.11502","ELEMENT":"f.8EF3D0D450A4EB0CE4D2D51640C2B842.d.9CBCF1680025FD0BCF48AB547DDED178.e.11502"}]}
COMMAND: GET /session/fa1966063a4db30dbf2f999955ebc217/element/f.8EF3D0D450A4EB0CE4D2D51640C2B842.d.9CBCF1680025FD0BCF48AB547DDED178.e.11502/enabled - {}
COMMAND: GET /session/fa1966063a4db30dbf2f999955ebc217/screenshot - {}
RESULT: {}
COMMAND: POST /session/fa1966063a4db30dbf2f999955ebc217/execute/sync - {"script":"<script> [8489 bytes]","args":[{"element-6066-11e4-a52e-4f735466cecf":"f.8EF3D0D450A4EB0CE4D2D51640C2B842.d.9CBCF1680025FD0BCF48AB547DDED178.e.11502","ELEMENT":"f.8EF3D0D450A4EB0CE4D2D51640C2B842.d.9CBCF1680025FD0BCF48AB547DDED178.e.11502"}]}
COMMAND: GET /session/fa1966063a4db30dbf2f999955ebc217/screenshot - {}
RESULT: {}
RESULT: {"script":"<script> [8489 bytes]","args":[{"element-6066-11e4-a52e-4f735466cecf":"f.8EF3D0D450A4EB0CE4D2D51640C2B842.d.9CBCF1680025FD0BCF48AB547DDED178.e.11502","ELEMENT":"f.8EF3D0D450A4EB0CE4D2D51640C2B842.d.9CBCF1680025FD0BCF48AB547DDED178.e.11502"}]}
COMMAND: POST /session/fa1966063a4db30dbf2f999955ebc217/execute/sync - {"script":"<script> [5351 bytes]","args":[{"element-6066-11e4-a52e-4f735466cecf":"f.8EF3D0D450A4EB0CE4D2D51640C2B842.d.9CBCF1680025FD0BCF48AB547DDED178.e.11502","ELEMENT":"f.8EF3D0D450A4EB0CE4D2D51640C2B842.d.9CBCF1680025FD0BCF48AB547DDED178.e.11502"}]}
COMMAND: GET /session/fa1966063a4db30dbf2f999955ebc217/screenshot - {}
RESULT: {}
RESULT: {"script":"<script> [5351 bytes]","args":[{"element-6066-11e4-a52e-4f735466cecf":"f.8EF3D0D450A4EB0CE4D2D51640C2B842.d.9CBCF1680025FD0BCF48AB547DDED178.e.11502","ELEMENT":"f.8EF3D0D450A4EB0CE4D2D51640C2B842.d.9CBCF1680025FD0BCF48AB547DDED178.e.11502"}]}
COMMAND: POST /session/fa1966063a4db30dbf2f999955ebc217/element/f.8EF3D0D450A4EB0CE4D2D51640C2B842.d.9CBCF1680025FD0BCF48AB547DDED178.e.11502/click - {}
COMMAND: GET /session/fa1966063a4db30dbf2f999955ebc217/screenshot - {}
RESULT: {}
RESULT: {}
COMMAND: GET /session/fa1966063a4db30dbf2f999955ebc217/screenshot - {}
RESULT: {}
RESULT: {}
COMMAND: POST /session/fa1966063a4db30dbf2f999955ebc217/actions - {"actions":[{"id":"action35","type":"key","parameters":{},"actions":[{"type":"keyDown","value":""},{"type":"pause","duration":10},{"type":"keyUp","value":""}]}]}
RESULT: {"actions":[{"id":"action35","type":"key","parameters":{},"actions":[{"type":"keyDown","value":""},{"type":"pause","duration":10},{"type":"keyUp","value":""}]}]}
COMMAND: GET /session/fa1966063a4db30dbf2f999955ebc217/screenshot - {}
RESULT: {}
COMMAND: POST /session/fa1966063a4db30dbf2f999955ebc217/execute/async - {"script":"<script> [1562 bytes]","args":[{"selector":{"id":"application-manageconditionprice-display-component---newCondition--condBillCond-arrow"},"wdio_ui5_key":"applicationmanageconditionprice-display-component---newCondition--condBillCond-arrow"}]}
RESULT: {"script":"<script> [1562 bytes]","args":[{"selector":{"id":"application-manageconditionprice-display-component---newCondition--condBillCond-arrow"},"wdio_ui5_key":"applicationmanageconditionprice-display-component---newCondition--condBillCond-arrow"}]}
RESULT: undefined
COMMAND: POST /session/fa1966063a4db30dbf2f999955ebc217/element - {"using":"xpath","value":"//*[@id=\"application-manageconditionprice-display-component---newCondition--condBillCond-arrow\"]"}
RESULT: {"using":"xpath","value":"//*[@id=\"application-manageconditionprice-display-component---newCondition--condBillCond-arrow\"]"}
COMMAND: POST /session/fa1966063a4db30dbf2f999955ebc217/element/f.8EF3D0D450A4EB0CE4D2D51640C2B842.d.9CBCF1680025FD0BCF48AB547DDED178.e.11682/click - {}
RESULT: {}
COMMAND: GET /session/fa1966063a4db30dbf2f999955ebc217/screenshot - {}
RESULT: {}
COMMAND: POST /session/fa1966063a4db30dbf2f999955ebc217/element - {"using":"xpath","value":"//li[.//span[contains(text(), \"DISP - D&I special price\")]]"}
RESULT: {"using":"xpath","value":"//li[.//span[contains(text(), \"DISP - D&I special price\")]]"}
COMMAND: POST /session/fa1966063a4db30dbf2f999955ebc217/element/f.8EF3D0D450A4EB0CE4D2D51640C2B842.d.9CBCF1680025FD0BCF48AB547DDED178.e.11685/click - {}
RESULT: {}
COMMAND: GET /session/fa1966063a4db30dbf2f999955ebc217/screenshot - {}
RESULT: {}
COMMAND: POST /session/fa1966063a4db30dbf2f999955ebc217/execute/async - {"script":"<script> [1562 bytes]","args":[{"selector":{"id":"application-manageconditionprice-display-component---newCondition--condValidTo","interaction":{"idSuffix":"inner"}},"wdio_ui5_key":"applicationmanageconditionprice-display-component---newCondition--condValidTo"}]}
RESULT: {"script":"<script> [1562 bytes]","args":[{"selector":{"id":"application-manageconditionprice-display-component---newCondition--condValidTo","interaction":{"idSuffix":"inner"}},"wdio_ui5_key":"applicationmanageconditionprice-display-component---newCondition--condValidTo"}]}
RESULT: undefined
COMMAND: POST /session/fa1966063a4db30dbf2f999955ebc217/execute/async - {"script":"<script> [776 bytes]","args":[{"enterText":"1/24/26","selector":{"id":"application-manageconditionprice-display-component---newCondition--condValidTo","interaction":{"idSuffix":"inner"}},"clearTextFirst":true,"interactionType":"ENTER_TEXT"}]}
RESULT: {"script":"<script> [776 bytes]","args":[{"enterText":"1/24/26","selector":{"id":"application-manageconditionprice-display-component---newCondition--condValidTo","interaction":{"idSuffix":"inner"}},"clearTextFirst":true,"interactionType":"ENTER_TEXT"}]}
COMMAND: POST /session/fa1966063a4db30dbf2f999955ebc217/element - {"using":"xpath","value":"//input[@id=\"application-manageconditionprice-display-component---newCondition--condRU-inner\"]"}
RESULT: {"using":"xpath","value":"//input[@id=\"application-manageconditionprice-display-component---newCondition--condRU-inner\"]"}
COMMAND: POST /session/fa1966063a4db30dbf2f999955ebc217/element/f.8EF3D0D450A4EB0CE4D2D51640C2B842.d.9CBCF1680025FD0BCF48AB547DDED178.e.11518/clear - {}
RESULT: {}
COMMAND: POST /session/fa1966063a4db30dbf2f999955ebc217/element/f.8EF3D0D450A4EB0CE4D2D51640C2B842.d.9CBCF1680025FD0BCF48AB547DDED178.e.11518/value - {"text":"VUpKmlHbCR"}
COMMAND: GET /session/fa1966063a4db30dbf2f999955ebc217/screenshot - {}
RESULT: {"text":"VUpKmlHbCR"}
COMMAND: GET /session/fa1966063a4db30dbf2f999955ebc217/screenshot - {}
RESULT: {}
RESULT: {}
COMMAND: POST /session/fa1966063a4db30dbf2f999955ebc217/actions - {"actions":[{"id":"action36","type":"key","parameters":{},"actions":[{"type":"keyDown","value":""},{"type":"pause","duration":10},{"type":"keyUp","value":""}]}]}
RESULT: {"actions":[{"id":"action36","type":"key","parameters":{},"actions":[{"type":"keyDown","value":""},{"type":"pause","duration":10},{"type":"keyUp","value":""}]}]}
COMMAND: POST /session/fa1966063a4db30dbf2f999955ebc217/execute/async - {"script":"<script> [1562 bytes]","args":[{"selector":{"id":"application-manageconditionprice-display-component---newCondition--condBaseQty","interaction":{"idSuffix":"inner"}},"wdio_ui5_key":"applicationmanageconditionprice-display-component---newCondition--condBaseQty"}]}
COMMAND: GET /session/fa1966063a4db30dbf2f999955ebc217/screenshot - {}
RESULT: {"script":"<script> [1562 bytes]","args":[{"selector":{"id":"application-manageconditionprice-display-component---newCondition--condBaseQty","interaction":{"idSuffix":"inner"}},"wdio_ui5_key":"applicationmanageconditionprice-display-component---newCondition--condBaseQty"}]}
RESULT: undefined
COMMAND: POST /session/fa1966063a4db30dbf2f999955ebc217/execute/async - {"script":"<script> [776 bytes]","args":[{"enterText":"1","selector":{"id":"application-manageconditionprice-display-component---newCondition--condBaseQty","interaction":{"idSuffix":"inner"}},"clearTextFirst":true,"interactionType":"ENTER_TEXT"}]}
RESULT: {}
RESULT: {"script":"<script> [776 bytes]","args":[{"enterText":"1","selector":{"id":"application-manageconditionprice-display-component---newCondition--condBaseQty","interaction":{"idSuffix":"inner"}},"clearTextFirst":true,"interactionType":"ENTER_TEXT"}]}
COMMAND: POST /session/fa1966063a4db30dbf2f999955ebc217/execute/async - {"script":"<script> [1562 bytes]","args":[{"selector":{"id":"application-manageconditionprice-display-component---newCondition--condValue","interaction":{"idSuffix":"inner"}},"wdio_ui5_key":"applicationmanageconditionprice-display-component---newCondition--condValue"}]}
RESULT: {"script":"<script> [1562 bytes]","args":[{"selector":{"id":"application-manageconditionprice-display-component---newCondition--condValue","interaction":{"idSuffix":"inner"}},"wdio_ui5_key":"applicationmanageconditionprice-display-component---newCondition--condValue"}]}
RESULT: undefined
COMMAND: POST /session/fa1966063a4db30dbf2f999955ebc217/execute/async - {"script":"<script> [776 bytes]","args":[{"enterText":"200","selector":{"id":"application-manageconditionprice-display-component---newCondition--condValue","interaction":{"idSuffix":"inner"}},"clearTextFirst":true,"interactionType":"ENTER_TEXT"}]}
RESULT: {"script":"<script> [776 bytes]","args":[{"enterText":"200","selector":{"id":"application-manageconditionprice-display-component---newCondition--condValue","interaction":{"idSuffix":"inner"}},"clearTextFirst":true,"interactionType":"ENTER_TEXT"}]}
COMMAND: POST /session/fa1966063a4db30dbf2f999955ebc217/execute/async - {"script":"<script> [1562 bytes]","args":[{"selector":{"id":"application-manageconditionprice-display-component---newCondition--condCurr-arrow"},"wdio_ui5_key":"applicationmanageconditionprice-display-component---newCondition--condCurr-arrow"}]}
RESULT: {"script":"<script> [1562 bytes]","args":[{"selector":{"id":"application-manageconditionprice-display-component---newCondition--condCurr-arrow"},"wdio_ui5_key":"applicationmanageconditionprice-display-component---newCondition--condCurr-arrow"}]}
RESULT: undefined
COMMAND: POST /session/fa1966063a4db30dbf2f999955ebc217/element - {"using":"xpath","value":"//*[@id=\"application-manageconditionprice-display-component---newCondition--condCurr-arrow\"]"}
RESULT: {"using":"xpath","value":"//*[@id=\"application-manageconditionprice-display-component---newCondition--condCurr-arrow\"]"}
COMMAND: POST /session/fa1966063a4db30dbf2f999955ebc217/element/f.8EF3D0D450A4EB0CE4D2D51640C2B842.d.9CBCF1680025FD0BCF48AB547DDED178.e.11661/click - {}
RESULT: {}
COMMAND: POST /session/fa1966063a4db30dbf2f999955ebc217/element - {"using":"xpath","value":"//span[contains(text(), \"Euro\")]"}
COMMAND: GET /session/fa1966063a4db30dbf2f999955ebc217/screenshot - {}
RESULT: {"using":"xpath","value":"//span[contains(text(), \"Euro\")]"}
COMMAND: POST /session/fa1966063a4db30dbf2f999955ebc217/element/f.8EF3D0D450A4EB0CE4D2D51640C2B842.d.9CBCF1680025FD0BCF48AB547DDED178.e.11723/click - {}
RESULT: {}
RESULT: {}
COMMAND: POST /session/fa1966063a4db30dbf2f999955ebc217/element - {"using":"xpath","value":"//button[@data-kt=\"saveButton\"]"}
COMMAND: GET /session/fa1966063a4db30dbf2f999955ebc217/screenshot - {}
RESULT: {"using":"xpath","value":"//button[@data-kt=\"saveButton\"]"}
COMMAND: POST /session/fa1966063a4db30dbf2f999955ebc217/element/f.8EF3D0D450A4EB0CE4D2D51640C2B842.d.9CBCF1680025FD0BCF48AB547DDED178.e.11662/click - {}
RESULT: {}
RESULT: {}
COMMAND: GET /session/fa1966063a4db30dbf2f999955ebc217/screenshot - {}
RESULT: {}
COMMAND: POST /session/fa1966063a4db30dbf2f999955ebc217/execute/async - {"script":"<script> [1562 bytes]","args":[{"selector":{"id":"application-manageconditionprice-display-component---conditions--smartFilterBar-btnBasicSearch","interaction":{"idSuffix":"I"}},"wdio_ui5_key":"applicationmanageconditionprice-display-component---conditions--smartFilterBar-btnBasicSearch"}]}
RESULT: {"script":"<script> [1562 bytes]","args":[{"selector":{"id":"application-manageconditionprice-display-component---conditions--smartFilterBar-btnBasicSearch","interaction":{"idSuffix":"I"}},"wdio_ui5_key":"applicationmanageconditionprice-display-component---conditions--smartFilterBar-btnBasicSearch"}]}
RESULT: undefined
COMMAND: POST /session/fa1966063a4db30dbf2f999955ebc217/execute/async - {"script":"<script> [776 bytes]","args":[{"enterText":"VUpKmlHbCR","selector":{"id":"application-manageconditionprice-display-component---conditions--smartFilterBar-btnBasicSearch","interaction":{"idSuffix":"I"}},"clearTextFirst":true,"interactionType":"ENTER_TEXT"}]}
RESULT: {"script":"<script> [776 bytes]","args":[{"enterText":"VUpKmlHbCR","selector":{"id":"application-manageconditionprice-display-component---conditions--smartFilterBar-btnBasicSearch","interaction":{"idSuffix":"I"}},"clearTextFirst":true,"interactionType":"ENTER_TEXT"}]}
COMMAND: POST /session/fa1966063a4db30dbf2f999955ebc217/actions - {"actions":[{"id":"action37","type":"key","parameters":{},"actions":[{"type":"keyDown","value":""},{"type":"pause","duration":10},{"type":"keyUp","value":""}]}]}
RESULT: {"actions":[{"id":"action37","type":"key","parameters":{},"actions":[{"type":"keyDown","value":""},{"type":"pause","duration":10},{"type":"keyUp","value":""}]}]}
COMMAND: GET /session/fa1966063a4db30dbf2f999955ebc217/screenshot - {}
RESULT: {}
COMMAND: POST /session/fa1966063a4db30dbf2f999955ebc217/execute/async - {"script":"<script> [1562 bytes]","args":[{"selector":{"id":"application-manageconditionprice-display-component---conditions--smartFilterBar-filterItemControl_BASIC-BILL_TYPES-vhi"},"wdio_ui5_key":"applicationmanageconditionprice-display-component---conditions--smartFilterBar-filterItemControl_BASIC-BILL_TYPES-vhi"}]}
RESULT: {"script":"<script> [1562 bytes]","args":[{"selector":{"id":"application-manageconditionprice-display-component---conditions--smartFilterBar-filterItemControl_BASIC-BILL_TYPES-vhi"},"wdio_ui5_key":"applicationmanageconditionprice-display-component---conditions--smartFilterBar-filterItemControl_BASIC-BILL_TYPES-vhi"}]}
RESULT: undefined
COMMAND: POST /session/fa1966063a4db30dbf2f999955ebc217/element - {"using":"xpath","value":"//*[@id=\"application-manageconditionprice-display-component---conditions--smartFilterBar-filterItemControl_BASIC-BILL_TYPES-vhi\"]"}
RESULT: {"using":"xpath","value":"//*[@id=\"application-manageconditionprice-display-component---conditions--smartFilterBar-filterItemControl_BASIC-BILL_TYPES-vhi\"]"}
COMMAND: POST /session/fa1966063a4db30dbf2f999955ebc217/element/f.8EF3D0D450A4EB0CE4D2D51640C2B842.d.9CBCF1680025FD0BCF48AB547DDED178.e.11829/click - {}
RESULT: {}
COMMAND: POST /session/fa1966063a4db30dbf2f999955ebc217/execute/async - {"script":"<script> [1562 bytes]","args":[{"selector":{"id":"application-manageconditionprice-display-component---conditions--smartFilterBar-filterItemControl_BASIC-BILL_TYPES-valueHelpDialog-smartFilterBar-btnBasicSearch","searchOpenDialogs":true,"interaction":{"idSuffix":"I"}},"wdio_ui5_key":"applicationmanageconditionprice-display-component---conditions--smartFilterBar-filterItemControl_BASIC-BILL_TYPES-valueHelpDialog-smartFilterBar-btnBasicSearch"}]}
COMMAND: GET /session/fa1966063a4db30dbf2f999955ebc217/screenshot - {}
RESULT: {"script":"<script> [1562 bytes]","args":[{"selector":{"id":"application-manageconditionprice-display-component---conditions--smartFilterBar-filterItemControl_BASIC-BILL_TYPES-valueHelpDialog-smartFilterBar-btnBasicSearch","searchOpenDialogs":true,"interaction":{"idSuffix":"I"}},"wdio_ui5_key":"applicationmanageconditionprice-display-component---conditions--smartFilterBar-filterItemControl_BASIC-BILL_TYPES-valueHelpDialog-smartFilterBar-btnBasicSearch"}]}
RESULT: undefined
COMMAND: POST /session/fa1966063a4db30dbf2f999955ebc217/execute/async - {"script":"<script> [776 bytes]","args":[{"enterText":"TB","selector":{"id":"application-manageconditionprice-display-component---conditions--smartFilterBar-filterItemControl_BASIC-BILL_TYPES-valueHelpDialog-smartFilterBar-btnBasicSearch","searchOpenDialogs":true,"interaction":{"idSuffix":"I"}},"clearTextFirst":true,"interactionType":"ENTER_TEXT"}]}
RESULT: {}
RESULT: {"script":"<script> [776 bytes]","args":[{"enterText":"TB","selector":{"id":"application-manageconditionprice-display-component---conditions--smartFilterBar-filterItemControl_BASIC-BILL_TYPES-valueHelpDialog-smartFilterBar-btnBasicSearch","searchOpenDialogs":true,"interaction":{"idSuffix":"I"}},"clearTextFirst":true,"interactionType":"ENTER_TEXT"}]}
COMMAND: POST /session/fa1966063a4db30dbf2f999955ebc217/actions - {"actions":[{"id":"action38","type":"key","parameters":{},"actions":[{"type":"keyDown","value":""},{"type":"pause","duration":10},{"type":"keyUp","value":""}]}]}
RESULT: {"actions":[{"id":"action38","type":"key","parameters":{},"actions":[{"type":"keyDown","value":""},{"type":"pause","duration":10},{"type":"keyUp","value":""}]}]}
COMMAND: GET /session/fa1966063a4db30dbf2f999955ebc217/screenshot - {}
RESULT: {}
COMMAND: POST /session/fa1966063a4db30dbf2f999955ebc217/element - {"using":"xpath","value":"//div[contains(@id, 'application-manageconditionprice-display-component---conditions--smartFilterBar-filterItemControl_BASIC-BILL_TYPES-valueHelpDialog-table-rowsel0')]"}
RESULT: {"using":"xpath","value":"//div[contains(@id, 'application-manageconditionprice-display-component---conditions--smartFilterBar-filterItemControl_BASIC-BILL_TYPES-valueHelpDialog-table-rowsel0')]"}
COMMAND: POST /session/fa1966063a4db30dbf2f999955ebc217/element/f.8EF3D0D450A4EB0CE4D2D51640C2B842.d.9CBCF1680025FD0BCF48AB547DDED178.e.11839/click - {}
RESULT: {}
COMMAND: GET /session/fa1966063a4db30dbf2f999955ebc217/screenshot - {}
RESULT: {}
COMMAND: POST /session/fa1966063a4db30dbf2f999955ebc217/element - {"using":"xpath","value":"//bdi[contains(text(), \"OK\")]"}
RESULT: {"using":"xpath","value":"//bdi[contains(text(), \"OK\")]"}
COMMAND: POST /session/fa1966063a4db30dbf2f999955ebc217/element/f.8EF3D0D450A4EB0CE4D2D51640C2B842.d.9CBCF1680025FD0BCF48AB547DDED178.e.11841/click - {}
RESULT: {}
COMMAND: GET /session/fa1966063a4db30dbf2f999955ebc217/screenshot - {}
RESULT: {}
COMMAND: POST /session/fa1966063a4db30dbf2f999955ebc217/element - {"using":"xpath","value":"//span[@id=\"application-manageconditionprice-display-component---conditions--smartTable-header-inner\"]"}
RESULT: {"using":"xpath","value":"//span[@id=\"application-manageconditionprice-display-component---conditions--smartTable-header-inner\"]"}
COMMAND: POST /session/fa1966063a4db30dbf2f999955ebc217/elements - {"using":"xpath","value":"//span[@id=\"application-manageconditionprice-display-component---conditions--smartTable-header-inner\"]"}
RESULT: {"using":"xpath","value":"//span[@id=\"application-manageconditionprice-display-component---conditions--smartTable-header-inner\"]"}
COMMAND: POST /session/fa1966063a4db30dbf2f999955ebc217/execute/sync - {"script":"<script> [56 bytes]","args":[{"element-6066-11e4-a52e-4f735466cecf":"f.8EF3D0D450A4EB0CE4D2D51640C2B842.d.9CBCF1680025FD0BCF48AB547DDED178.e.11844","ELEMENT":"f.8EF3D0D450A4EB0CE4D2D51640C2B842.d.9CBCF1680025FD0BCF48AB547DDED178.e.11844"}]}
RESULT: {"script":"<script> [56 bytes]","args":[{"element-6066-11e4-a52e-4f735466cecf":"f.8EF3D0D450A4EB0CE4D2D51640C2B842.d.9CBCF1680025FD0BCF48AB547DDED178.e.11844","ELEMENT":"f.8EF3D0D450A4EB0CE4D2D51640C2B842.d.9CBCF1680025FD0BCF48AB547DDED178.e.11844"}]}
COMMAND: POST /session/fa1966063a4db30dbf2f999955ebc217/element - {"using":"css selector","value":"#shell-header-logo"}
COMMAND: GET /session/fa1966063a4db30dbf2f999955ebc217/screenshot - {}
RESULT: {"using":"css selector","value":"#shell-header-logo"}
COMMAND: POST /session/fa1966063a4db30dbf2f999955ebc217/element/f.8EF3D0D450A4EB0CE4D2D51640C2B842.d.9CBCF1680025FD0BCF48AB547DDED178.e.11470/click - {}
RESULT: {}
RESULT: {}
COMMAND: GET /session/fa1966063a4db30dbf2f999955ebc217/screenshot - {}
RESULT: {}
]]></system-out>
    </testcase>
    <testcase classname="chrome.136_0_7103_93.windows.Billing_Transfer_-_Intracompany_US127249" name="Should do a stock increase handover" time="104.036">
      <system-out><![CDATA[
COMMAND: POST /session/fa1966063a4db30dbf2f999955ebc217/execute/async - {"script":"<script> [1562 bytes]","args":[{"selector":{"controlType":"sap.m.GenericTile","properties":{"header":"Manage Handovers"}},"wdio_ui5_key":"sapm.GenericTile{\"header\":\"Manage Handovers\"}"}]}
RESULT: {"script":"<script> [1562 bytes]","args":[{"selector":{"controlType":"sap.m.GenericTile","properties":{"header":"Manage Handovers"}},"wdio_ui5_key":"sapm.GenericTile{\"header\":\"Manage Handovers\"}"}]}
RESULT: undefined
COMMAND: POST /session/fa1966063a4db30dbf2f999955ebc217/element - {"using":"xpath","value":"//*[@id=\"__tile131\"]"}
RESULT: {"using":"xpath","value":"//*[@id=\"__tile131\"]"}
COMMAND: POST /session/fa1966063a4db30dbf2f999955ebc217/element/f.8EF3D0D450A4EB0CE4D2D51640C2B842.d.9CBCF1680025FD0BCF48AB547DDED178.e.8144/click - {}
RESULT: {}
COMMAND: GET /session/fa1966063a4db30dbf2f999955ebc217/screenshot - {}
RESULT: {}
COMMAND: POST /session/fa1966063a4db30dbf2f999955ebc217/elements - {"using":"xpath","value":"//span[text()='Error']"}
RESULT: {"using":"xpath","value":"//span[text()='Error']"}
COMMAND: POST /session/fa1966063a4db30dbf2f999955ebc217/element - {"using":"xpath","value":"//button[@data-kt=\"masterHOAddButton\"]"}
RESULT: {"using":"xpath","value":"//button[@data-kt=\"masterHOAddButton\"]"}
COMMAND: POST /session/fa1966063a4db30dbf2f999955ebc217/elements - {"using":"xpath","value":"//button[@data-kt=\"masterHOAddButton\"]"}
RESULT: {"using":"xpath","value":"//button[@data-kt=\"masterHOAddButton\"]"}
COMMAND: POST /session/fa1966063a4db30dbf2f999955ebc217/elements - {"using":"xpath","value":"//button[@data-kt=\"masterHOAddButton\"]"}
RESULT: {"using":"xpath","value":"//button[@data-kt=\"masterHOAddButton\"]"}
COMMAND: POST /session/fa1966063a4db30dbf2f999955ebc217/element - {"using":"xpath","value":"//button[@data-kt=\"masterHOAddButton\"]"}
RESULT: {"using":"xpath","value":"//button[@data-kt=\"masterHOAddButton\"]"}
COMMAND: POST /session/fa1966063a4db30dbf2f999955ebc217/execute/sync - {"script":"<script> [8489 bytes]","args":[{"element-6066-11e4-a52e-4f735466cecf":"f.8EF3D0D450A4EB0CE4D2D51640C2B842.d.9CBCF1680025FD0BCF48AB547DDED178.e.11878","ELEMENT":"f.8EF3D0D450A4EB0CE4D2D51640C2B842.d.9CBCF1680025FD0BCF48AB547DDED178.e.11878"}]}
RESULT: {"script":"<script> [8489 bytes]","args":[{"element-6066-11e4-a52e-4f735466cecf":"f.8EF3D0D450A4EB0CE4D2D51640C2B842.d.9CBCF1680025FD0BCF48AB547DDED178.e.11878","ELEMENT":"f.8EF3D0D450A4EB0CE4D2D51640C2B842.d.9CBCF1680025FD0BCF48AB547DDED178.e.11878"}]}
COMMAND: GET /session/fa1966063a4db30dbf2f999955ebc217/element/f.8EF3D0D450A4EB0CE4D2D51640C2B842.d.9CBCF1680025FD0BCF48AB547DDED178.e.11878/enabled - {}
COMMAND: GET /session/fa1966063a4db30dbf2f999955ebc217/screenshot - {}
RESULT: {}
COMMAND: POST /session/fa1966063a4db30dbf2f999955ebc217/execute/sync - {"script":"<script> [8489 bytes]","args":[{"element-6066-11e4-a52e-4f735466cecf":"f.8EF3D0D450A4EB0CE4D2D51640C2B842.d.9CBCF1680025FD0BCF48AB547DDED178.e.11878","ELEMENT":"f.8EF3D0D450A4EB0CE4D2D51640C2B842.d.9CBCF1680025FD0BCF48AB547DDED178.e.11878"}]}
COMMAND: GET /session/fa1966063a4db30dbf2f999955ebc217/screenshot - {}
RESULT: {}
RESULT: {"script":"<script> [8489 bytes]","args":[{"element-6066-11e4-a52e-4f735466cecf":"f.8EF3D0D450A4EB0CE4D2D51640C2B842.d.9CBCF1680025FD0BCF48AB547DDED178.e.11878","ELEMENT":"f.8EF3D0D450A4EB0CE4D2D51640C2B842.d.9CBCF1680025FD0BCF48AB547DDED178.e.11878"}]}
COMMAND: POST /session/fa1966063a4db30dbf2f999955ebc217/execute/sync - {"script":"<script> [5351 bytes]","args":[{"element-6066-11e4-a52e-4f735466cecf":"f.8EF3D0D450A4EB0CE4D2D51640C2B842.d.9CBCF1680025FD0BCF48AB547DDED178.e.11878","ELEMENT":"f.8EF3D0D450A4EB0CE4D2D51640C2B842.d.9CBCF1680025FD0BCF48AB547DDED178.e.11878"}]}
RESULT: {}
RESULT: {"script":"<script> [5351 bytes]","args":[{"element-6066-11e4-a52e-4f735466cecf":"f.8EF3D0D450A4EB0CE4D2D51640C2B842.d.9CBCF1680025FD0BCF48AB547DDED178.e.11878","ELEMENT":"f.8EF3D0D450A4EB0CE4D2D51640C2B842.d.9CBCF1680025FD0BCF48AB547DDED178.e.11878"}]}
COMMAND: POST /session/fa1966063a4db30dbf2f999955ebc217/element/f.8EF3D0D450A4EB0CE4D2D51640C2B842.d.9CBCF1680025FD0BCF48AB547DDED178.e.11878/click - {}
RESULT: {}
COMMAND: GET /session/fa1966063a4db30dbf2f999955ebc217/screenshot - {}
COMMAND: GET /session/fa1966063a4db30dbf2f999955ebc217/screenshot - {}
COMMAND: GET /session/fa1966063a4db30dbf2f999955ebc217/screenshot - {}
RESULT: {}
RESULT: {}
RESULT: {}
COMMAND: POST /session/fa1966063a4db30dbf2f999955ebc217/element - {"using":"xpath","value":"//span[contains(@id ,\"AddNewHO--typeSelect-arrow\")]"}
RESULT: {"using":"xpath","value":"//span[contains(@id ,\"AddNewHO--typeSelect-arrow\")]"}
COMMAND: POST /session/fa1966063a4db30dbf2f999955ebc217/element/f.8EF3D0D450A4EB0CE4D2D51640C2B842.d.9CBCF1680025FD0BCF48AB547DDED178.e.12240/click - {}
RESULT: {}
COMMAND: GET /session/fa1966063a4db30dbf2f999955ebc217/screenshot - {}
RESULT: {}
COMMAND: POST /session/fa1966063a4db30dbf2f999955ebc217/element - {"using":"xpath","value":"(//li[contains(text(), \"stock increase yard\")])[1]"}
RESULT: {"using":"xpath","value":"(//li[contains(text(), \"stock increase yard\")])[1]"}
COMMAND: POST /session/fa1966063a4db30dbf2f999955ebc217/element/f.8EF3D0D450A4EB0CE4D2D51640C2B842.d.9CBCF1680025FD0BCF48AB547DDED178.e.12241/click - {}
RESULT: {}
COMMAND: GET /session/fa1966063a4db30dbf2f999955ebc217/screenshot - {}
RESULT: {}
COMMAND: POST /session/fa1966063a4db30dbf2f999955ebc217/execute/async - {"script":"<script> [1562 bytes]","args":[{"selector":{"id":"application-managehandovers-display-component---AddNewHO--dueDate","interaction":{"idSuffix":"inner"}},"wdio_ui5_key":"applicationmanagehandovers-display-component---AddNewHO--dueDate"}]}
RESULT: {"script":"<script> [1562 bytes]","args":[{"selector":{"id":"application-managehandovers-display-component---AddNewHO--dueDate","interaction":{"idSuffix":"inner"}},"wdio_ui5_key":"applicationmanagehandovers-display-component---AddNewHO--dueDate"}]}
RESULT: undefined
COMMAND: POST /session/fa1966063a4db30dbf2f999955ebc217/execute/async - {"script":"<script> [6424 bytes]","args":[{"element-6066-11e4-a52e-4f735466cecf":"f.8EF3D0D450A4EB0CE4D2D51640C2B842.d.9CBCF1680025FD0BCF48AB547DDED178.e.12245"},"setValue",["5/24/25"]]}
RESULT: {"script":"<script> [6424 bytes]","args":[{"element-6066-11e4-a52e-4f735466cecf":"f.8EF3D0D450A4EB0CE4D2D51640C2B842.d.9CBCF1680025FD0BCF48AB547DDED178.e.12245"},"setValue",["5/24/25"]]}
COMMAND: POST /session/fa1966063a4db30dbf2f999955ebc217/element - {"using":"xpath","value":"//input[@id=\"generalSectionFrg--receiveYard-inner\"]"}
RESULT: {"using":"xpath","value":"//input[@id=\"generalSectionFrg--receiveYard-inner\"]"}
COMMAND: POST /session/fa1966063a4db30dbf2f999955ebc217/element/f.8EF3D0D450A4EB0CE4D2D51640C2B842.d.9CBCF1680025FD0BCF48AB547DDED178.e.12251/clear - {}
RESULT: {}
COMMAND: POST /session/fa1966063a4db30dbf2f999955ebc217/element/f.8EF3D0D450A4EB0CE4D2D51640C2B842.d.9CBCF1680025FD0BCF48AB547DDED178.e.12251/value - {"text":"258"}
COMMAND: GET /session/fa1966063a4db30dbf2f999955ebc217/screenshot - {}
RESULT: {"text":"258"}
COMMAND: GET /session/fa1966063a4db30dbf2f999955ebc217/screenshot - {}
RESULT: {}
RESULT: {}
COMMAND: POST /session/fa1966063a4db30dbf2f999955ebc217/element - {"using":"xpath","value":"//li[.//span[text()='258']]"}
RESULT: {"using":"xpath","value":"//li[.//span[text()='258']]"}
COMMAND: POST /session/fa1966063a4db30dbf2f999955ebc217/element/f.8EF3D0D450A4EB0CE4D2D51640C2B842.d.9CBCF1680025FD0BCF48AB547DDED178.e.12267/click - {}
RESULT: {}
COMMAND: GET /session/fa1966063a4db30dbf2f999955ebc217/screenshot - {}
RESULT: {}
COMMAND: POST /session/fa1966063a4db30dbf2f999955ebc217/execute/async - {"script":"<script> [1562 bytes]","args":[{"selector":{"id":"application-managehandovers-display-component---AddNewHO--ObjectPageLayout-anchBar-application-managehandovers-display-component---AddNewHO--section4-anchor","interaction":{"idSuffix":"BDI-content"}},"wdio_ui5_key":"applicationmanagehandovers-display-component---AddNewHO--ObjectPageLayout-anchBar-application-managehandovers-display-component---AddNewHO--section4-anchor"}]}
RESULT: {"script":"<script> [1562 bytes]","args":[{"selector":{"id":"application-managehandovers-display-component---AddNewHO--ObjectPageLayout-anchBar-application-managehandovers-display-component---AddNewHO--section4-anchor","interaction":{"idSuffix":"BDI-content"}},"wdio_ui5_key":"applicationmanagehandovers-display-component---AddNewHO--ObjectPageLayout-anchBar-application-managehandovers-display-component---AddNewHO--section4-anchor"}]}
RESULT: undefined
COMMAND: POST /session/fa1966063a4db30dbf2f999955ebc217/element - {"using":"xpath","value":"//*[@id=\"application-managehandovers-display-component---AddNewHO--ObjectPageLayout-anchBar-application-managehandovers-display-component---AddNewHO--section4-anchor\"]"}
RESULT: {"using":"xpath","value":"//*[@id=\"application-managehandovers-display-component---AddNewHO--ObjectPageLayout-anchBar-application-managehandovers-display-component---AddNewHO--section4-anchor\"]"}
COMMAND: POST /session/fa1966063a4db30dbf2f999955ebc217/element/f.8EF3D0D450A4EB0CE4D2D51640C2B842.d.9CBCF1680025FD0BCF48AB547DDED178.e.12269/click - {}
RESULT: {}
COMMAND: POST /session/fa1966063a4db30dbf2f999955ebc217/element - {"using":"xpath","value":"//button[@aria-label=\"Add\"]"}
COMMAND: GET /session/fa1966063a4db30dbf2f999955ebc217/screenshot - {}
RESULT: {"using":"xpath","value":"//button[@aria-label=\"Add\"]"}
COMMAND: POST /session/fa1966063a4db30dbf2f999955ebc217/element/f.8EF3D0D450A4EB0CE4D2D51640C2B842.d.9CBCF1680025FD0BCF48AB547DDED178.e.12273/click - {}
RESULT: {}
RESULT: {}
COMMAND: GET /session/fa1966063a4db30dbf2f999955ebc217/screenshot - {}
RESULT: {}
COMMAND: POST /session/fa1966063a4db30dbf2f999955ebc217/execute/async - {"script":"<script> [1562 bytes]","args":[{"selector":{"id":"application-managehandovers-display-component---AddNewHO--smartFilterBar-btnBasicSearch","searchOpenDialogs":true,"interaction":{"idSuffix":"I"}},"wdio_ui5_key":"applicationmanagehandovers-display-component---AddNewHO--smartFilterBar-btnBasicSearch"}]}
RESULT: {"script":"<script> [1562 bytes]","args":[{"selector":{"id":"application-managehandovers-display-component---AddNewHO--smartFilterBar-btnBasicSearch","searchOpenDialogs":true,"interaction":{"idSuffix":"I"}},"wdio_ui5_key":"applicationmanagehandovers-display-component---AddNewHO--smartFilterBar-btnBasicSearch"}]}
RESULT: undefined
COMMAND: POST /session/fa1966063a4db30dbf2f999955ebc217/execute/async - {"script":"<script> [776 bytes]","args":[{"enterText":"VUpKmlHbCR","selector":{"id":"application-managehandovers-display-component---AddNewHO--smartFilterBar-btnBasicSearch","searchOpenDialogs":true,"interaction":{"idSuffix":"I"}},"clearTextFirst":true,"interactionType":"ENTER_TEXT"}]}
RESULT: {"script":"<script> [776 bytes]","args":[{"enterText":"VUpKmlHbCR","selector":{"id":"application-managehandovers-display-component---AddNewHO--smartFilterBar-btnBasicSearch","searchOpenDialogs":true,"interaction":{"idSuffix":"I"}},"clearTextFirst":true,"interactionType":"ENTER_TEXT"}]}
COMMAND: POST /session/fa1966063a4db30dbf2f999955ebc217/actions - {"actions":[{"id":"action39","type":"key","parameters":{},"actions":[{"type":"keyDown","value":""},{"type":"pause","duration":10},{"type":"keyUp","value":""}]}]}
RESULT: {"actions":[{"id":"action39","type":"key","parameters":{},"actions":[{"type":"keyDown","value":""},{"type":"pause","duration":10},{"type":"keyUp","value":""}]}]}
COMMAND: GET /session/fa1966063a4db30dbf2f999955ebc217/screenshot - {}
RESULT: {}
COMMAND: POST /session/fa1966063a4db30dbf2f999955ebc217/execute/async - {"script":"<script> [1562 bytes]","args":[{"selector":{"id":"application-managehandovers-display-component---AddNewHO--popup-sa","searchOpenDialogs":true,"interaction":{"idSuffix":"CbBg"}},"wdio_ui5_key":"applicationmanagehandovers-display-component---AddNewHO--popup-sa"}]}
RESULT: {"script":"<script> [1562 bytes]","args":[{"selector":{"id":"application-managehandovers-display-component---AddNewHO--popup-sa","searchOpenDialogs":true,"interaction":{"idSuffix":"CbBg"}},"wdio_ui5_key":"applicationmanagehandovers-display-component---AddNewHO--popup-sa"}]}
RESULT: undefined
COMMAND: POST /session/fa1966063a4db30dbf2f999955ebc217/element - {"using":"xpath","value":"//*[@id=\"application-managehandovers-display-component---AddNewHO--popup-sa\"]"}
RESULT: {"using":"xpath","value":"//*[@id=\"application-managehandovers-display-component---AddNewHO--popup-sa\"]"}
COMMAND: POST /session/fa1966063a4db30dbf2f999955ebc217/element/f.8EF3D0D450A4EB0CE4D2D51640C2B842.d.9CBCF1680025FD0BCF48AB547DDED178.e.12424/click - {}
RESULT: {}
COMMAND: GET /session/fa1966063a4db30dbf2f999955ebc217/screenshot - {}
RESULT: {}
COMMAND: POST /session/fa1966063a4db30dbf2f999955ebc217/element - {"using":"xpath","value":"//bdi[contains(text(), \"Select\")]"}
RESULT: {"using":"xpath","value":"//bdi[contains(text(), \"Select\")]"}
COMMAND: POST /session/fa1966063a4db30dbf2f999955ebc217/element/f.8EF3D0D450A4EB0CE4D2D51640C2B842.d.9CBCF1680025FD0BCF48AB547DDED178.e.12425/click - {}
RESULT: {}
COMMAND: GET /session/fa1966063a4db30dbf2f999955ebc217/screenshot - {}
RESULT: {}
COMMAND: POST /session/fa1966063a4db30dbf2f999955ebc217/element - {"using":"xpath","value":"//button[@data-kt=\"AddNewHOSaveButton\"]"}
RESULT: {"using":"xpath","value":"//button[@data-kt=\"AddNewHOSaveButton\"]"}
COMMAND: POST /session/fa1966063a4db30dbf2f999955ebc217/element/f.8EF3D0D450A4EB0CE4D2D51640C2B842.d.9CBCF1680025FD0BCF48AB547DDED178.e.12429/click - {}
RESULT: {}
COMMAND: GET /session/fa1966063a4db30dbf2f999955ebc217/screenshot - {}
COMMAND: POST /session/fa1966063a4db30dbf2f999955ebc217/execute/async - {"script":"<script> [1562 bytes]","args":[{"selector":{"id":"receiptDatePicker","viewName":"etm.portal.ui.managehandovers.view.DetailExecuteHO","interaction":{"idSuffix":"inner"}},"wdio_ui5_key":"receiptDatePickeretmportal.ui.managehandovers.view.DetailExecuteHO"}]}
RESULT: {}
RESULT: {"script":"<script> [1562 bytes]","args":[{"selector":{"id":"receiptDatePicker","viewName":"etm.portal.ui.managehandovers.view.DetailExecuteHO","interaction":{"idSuffix":"inner"}},"wdio_ui5_key":"receiptDatePickeretmportal.ui.managehandovers.view.DetailExecuteHO"}]}
RESULT: undefined
COMMAND: POST /session/fa1966063a4db30dbf2f999955ebc217/execute/async - {"script":"<script> [6424 bytes]","args":[{"element-6066-11e4-a52e-4f735466cecf":"f.8EF3D0D450A4EB0CE4D2D51640C2B842.d.9CBCF1680025FD0BCF48AB547DDED178.e.12459"},"setValue",["5/24/25"]]}
RESULT: {"script":"<script> [6424 bytes]","args":[{"element-6066-11e4-a52e-4f735466cecf":"f.8EF3D0D450A4EB0CE4D2D51640C2B842.d.9CBCF1680025FD0BCF48AB547DDED178.e.12459"},"setValue",["5/24/25"]]}
COMMAND: POST /session/fa1966063a4db30dbf2f999955ebc217/element - {"using":"xpath","value":"//button[@data-kt=\"ReceivingTableConfirmAllButton\"]"}
RESULT: {"using":"xpath","value":"//button[@data-kt=\"ReceivingTableConfirmAllButton\"]"}
COMMAND: POST /session/fa1966063a4db30dbf2f999955ebc217/element/f.8EF3D0D450A4EB0CE4D2D51640C2B842.d.9CBCF1680025FD0BCF48AB547DDED178.e.12474/click - {}
RESULT: {}
COMMAND: GET /session/fa1966063a4db30dbf2f999955ebc217/screenshot - {}
RESULT: {}
COMMAND: POST /session/fa1966063a4db30dbf2f999955ebc217/element - {"using":"xpath","value":"//bdi[contains(text(), \"OK\")]"}
RESULT: {"using":"xpath","value":"//bdi[contains(text(), \"OK\")]"}
COMMAND: POST /session/fa1966063a4db30dbf2f999955ebc217/element/f.8EF3D0D450A4EB0CE4D2D51640C2B842.d.9CBCF1680025FD0BCF48AB547DDED178.e.12476/click - {}
RESULT: {}
COMMAND: GET /session/fa1966063a4db30dbf2f999955ebc217/screenshot - {}
RESULT: {}
COMMAND: POST /session/fa1966063a4db30dbf2f999955ebc217/element - {"using":"xpath","value":"(//bdi[contains(text(), \"Receive\")])[2]"}
RESULT: {"using":"xpath","value":"(//bdi[contains(text(), \"Receive\")])[2]"}
COMMAND: POST /session/fa1966063a4db30dbf2f999955ebc217/element/f.8EF3D0D450A4EB0CE4D2D51640C2B842.d.9CBCF1680025FD0BCF48AB547DDED178.e.12478/click - {}
RESULT: {}
COMMAND: GET /session/fa1966063a4db30dbf2f999955ebc217/screenshot - {}
RESULT: {}
COMMAND: POST /session/fa1966063a4db30dbf2f999955ebc217/element - {"using":"css selector","value":"#shell-header-logo"}
RESULT: {"using":"css selector","value":"#shell-header-logo"}
COMMAND: POST /session/fa1966063a4db30dbf2f999955ebc217/element/f.8EF3D0D450A4EB0CE4D2D51640C2B842.d.9CBCF1680025FD0BCF48AB547DDED178.e.11850/click - {}
RESULT: {}
COMMAND: GET /session/fa1966063a4db30dbf2f999955ebc217/screenshot - {}
RESULT: {}
]]></system-out>
    </testcase>
    <testcase classname="chrome.136_0_7103_93.windows.Billing_Transfer_-_Intracompany_US127249" name="Should create a new contract" time="68.036">
      <system-out><![CDATA[
COMMAND: POST /session/fa1966063a4db30dbf2f999955ebc217/execute/async - {"script":"<script> [1562 bytes]","args":[{"selector":{"controlType":"sap.m.GenericTile","properties":{"header":"Manage Contracts"}},"wdio_ui5_key":"sapm.GenericTile{\"header\":\"Manage Contracts\"}"}]}
RESULT: {"script":"<script> [1562 bytes]","args":[{"selector":{"controlType":"sap.m.GenericTile","properties":{"header":"Manage Contracts"}},"wdio_ui5_key":"sapm.GenericTile{\"header\":\"Manage Contracts\"}"}]}
RESULT: undefined
COMMAND: POST /session/fa1966063a4db30dbf2f999955ebc217/element - {"using":"xpath","value":"//*[@id=\"__tile130\"]"}
RESULT: {"using":"xpath","value":"//*[@id=\"__tile130\"]"}
COMMAND: POST /session/fa1966063a4db30dbf2f999955ebc217/element/f.8EF3D0D450A4EB0CE4D2D51640C2B842.d.9CBCF1680025FD0BCF48AB547DDED178.e.8077/click - {}
RESULT: {}
COMMAND: GET /session/fa1966063a4db30dbf2f999955ebc217/screenshot - {}
RESULT: {}
COMMAND: POST /session/fa1966063a4db30dbf2f999955ebc217/elements - {"using":"xpath","value":"//span[text()='Error']"}
RESULT: {"using":"xpath","value":"//span[text()='Error']"}
COMMAND: POST /session/fa1966063a4db30dbf2f999955ebc217/element - {"using":"xpath","value":"//button[@data-kt=\"addButton\"]"}
RESULT: {"using":"xpath","value":"//button[@data-kt=\"addButton\"]"}
COMMAND: POST /session/fa1966063a4db30dbf2f999955ebc217/elements - {"using":"xpath","value":"//button[@data-kt=\"addButton\"]"}
RESULT: {"using":"xpath","value":"//button[@data-kt=\"addButton\"]"}
COMMAND: POST /session/fa1966063a4db30dbf2f999955ebc217/execute/sync - {"script":"<script> [8489 bytes]","args":[{"element-6066-11e4-a52e-4f735466cecf":"f.8EF3D0D450A4EB0CE4D2D51640C2B842.d.9CBCF1680025FD0BCF48AB547DDED178.e.12702","ELEMENT":"f.8EF3D0D450A4EB0CE4D2D51640C2B842.d.9CBCF1680025FD0BCF48AB547DDED178.e.12702"}]}
RESULT: {"script":"<script> [8489 bytes]","args":[{"element-6066-11e4-a52e-4f735466cecf":"f.8EF3D0D450A4EB0CE4D2D51640C2B842.d.9CBCF1680025FD0BCF48AB547DDED178.e.12702","ELEMENT":"f.8EF3D0D450A4EB0CE4D2D51640C2B842.d.9CBCF1680025FD0BCF48AB547DDED178.e.12702"}]}
COMMAND: GET /session/fa1966063a4db30dbf2f999955ebc217/element/f.8EF3D0D450A4EB0CE4D2D51640C2B842.d.9CBCF1680025FD0BCF48AB547DDED178.e.12702/enabled - {}
COMMAND: GET /session/fa1966063a4db30dbf2f999955ebc217/screenshot - {}
RESULT: {}
COMMAND: POST /session/fa1966063a4db30dbf2f999955ebc217/execute/sync - {"script":"<script> [8489 bytes]","args":[{"element-6066-11e4-a52e-4f735466cecf":"f.8EF3D0D450A4EB0CE4D2D51640C2B842.d.9CBCF1680025FD0BCF48AB547DDED178.e.12702","ELEMENT":"f.8EF3D0D450A4EB0CE4D2D51640C2B842.d.9CBCF1680025FD0BCF48AB547DDED178.e.12702"}]}
COMMAND: GET /session/fa1966063a4db30dbf2f999955ebc217/screenshot - {}
RESULT: {}
RESULT: {"script":"<script> [8489 bytes]","args":[{"element-6066-11e4-a52e-4f735466cecf":"f.8EF3D0D450A4EB0CE4D2D51640C2B842.d.9CBCF1680025FD0BCF48AB547DDED178.e.12702","ELEMENT":"f.8EF3D0D450A4EB0CE4D2D51640C2B842.d.9CBCF1680025FD0BCF48AB547DDED178.e.12702"}]}
COMMAND: POST /session/fa1966063a4db30dbf2f999955ebc217/execute/sync - {"script":"<script> [5351 bytes]","args":[{"element-6066-11e4-a52e-4f735466cecf":"f.8EF3D0D450A4EB0CE4D2D51640C2B842.d.9CBCF1680025FD0BCF48AB547DDED178.e.12702","ELEMENT":"f.8EF3D0D450A4EB0CE4D2D51640C2B842.d.9CBCF1680025FD0BCF48AB547DDED178.e.12702"}]}
COMMAND: GET /session/fa1966063a4db30dbf2f999955ebc217/screenshot - {}
RESULT: {}
RESULT: {"script":"<script> [5351 bytes]","args":[{"element-6066-11e4-a52e-4f735466cecf":"f.8EF3D0D450A4EB0CE4D2D51640C2B842.d.9CBCF1680025FD0BCF48AB547DDED178.e.12702","ELEMENT":"f.8EF3D0D450A4EB0CE4D2D51640C2B842.d.9CBCF1680025FD0BCF48AB547DDED178.e.12702"}]}
COMMAND: GET /session/fa1966063a4db30dbf2f999955ebc217/screenshot - {}
RESULT: {}
RESULT: {}
COMMAND: POST /session/fa1966063a4db30dbf2f999955ebc217/element/f.8EF3D0D450A4EB0CE4D2D51640C2B842.d.9CBCF1680025FD0BCF48AB547DDED178.e.12702/click - {}
RESULT: {}
COMMAND: GET /session/fa1966063a4db30dbf2f999955ebc217/screenshot - {}
COMMAND: POST /session/fa1966063a4db30dbf2f999955ebc217/execute/async - {"script":"<script> [1562 bytes]","args":[{"selector":{"id":"application-managecontracts-display-component---AddNewContract--projectDescription","interaction":{"idSuffix":"inner"}},"wdio_ui5_key":"applicationmanagecontracts-display-component---AddNewContract--projectDescription"}]}
RESULT: {}
RESULT: {"script":"<script> [1562 bytes]","args":[{"selector":{"id":"application-managecontracts-display-component---AddNewContract--projectDescription","interaction":{"idSuffix":"inner"}},"wdio_ui5_key":"applicationmanagecontracts-display-component---AddNewContract--projectDescription"}]}
RESULT: undefined
COMMAND: POST /session/fa1966063a4db30dbf2f999955ebc217/execute/async - {"script":"<script> [776 bytes]","args":[{"enterText":"Contract WDIO","selector":{"id":"application-managecontracts-display-component---AddNewContract--projectDescription","interaction":{"idSuffix":"inner"}},"clearTextFirst":true,"interactionType":"ENTER_TEXT"}]}
RESULT: {"script":"<script> [776 bytes]","args":[{"enterText":"Contract WDIO","selector":{"id":"application-managecontracts-display-component---AddNewContract--projectDescription","interaction":{"idSuffix":"inner"}},"clearTextFirst":true,"interactionType":"ENTER_TEXT"}]}
COMMAND: POST /session/fa1966063a4db30dbf2f999955ebc217/element - {"using":"xpath","value":"//input[@id=\"application-managecontracts-display-component---AddNewContract--site-inner\"]"}
RESULT: {"using":"xpath","value":"//input[@id=\"application-managecontracts-display-component---AddNewContract--site-inner\"]"}
COMMAND: POST /session/fa1966063a4db30dbf2f999955ebc217/element/f.8EF3D0D450A4EB0CE4D2D51640C2B842.d.9CBCF1680025FD0BCF48AB547DDED178.e.13022/clear - {}
RESULT: {}
COMMAND: POST /session/fa1966063a4db30dbf2f999955ebc217/element/f.8EF3D0D450A4EB0CE4D2D51640C2B842.d.9CBCF1680025FD0BCF48AB547DDED178.e.13022/value - {"text":"2102"}
COMMAND: GET /session/fa1966063a4db30dbf2f999955ebc217/screenshot - {}
RESULT: {"text":"2102"}
COMMAND: GET /session/fa1966063a4db30dbf2f999955ebc217/screenshot - {}
RESULT: {}
RESULT: {}
COMMAND: POST /session/fa1966063a4db30dbf2f999955ebc217/element - {"using":"xpath","value":"//li[.//span[text()='2102']]"}
RESULT: {"using":"xpath","value":"//li[.//span[text()='2102']]"}
COMMAND: POST /session/fa1966063a4db30dbf2f999955ebc217/element/f.8EF3D0D450A4EB0CE4D2D51640C2B842.d.9CBCF1680025FD0BCF48AB547DDED178.e.13104/click - {}
RESULT: {}
COMMAND: GET /session/fa1966063a4db30dbf2f999955ebc217/screenshot - {}
RESULT: {}
COMMAND: POST /session/fa1966063a4db30dbf2f999955ebc217/element - {"using":"xpath","value":"//input[@id=\"application-managecontracts-display-component---AddNewContract--yardId-inner\"]"}
RESULT: {"using":"xpath","value":"//input[@id=\"application-managecontracts-display-component---AddNewContract--yardId-inner\"]"}
COMMAND: GET /session/fa1966063a4db30dbf2f999955ebc217/element/f.8EF3D0D450A4EB0CE4D2D51640C2B842.d.9CBCF1680025FD0BCF48AB547DDED178.e.13023/property/value - {}
RESULT: {}
COMMAND: POST /session/fa1966063a4db30dbf2f999955ebc217/element - {"using":"xpath","value":"//input[@id=\"application-managecontracts-display-component---AddNewContract--customerSelect-inner\"]"}
COMMAND: GET /session/fa1966063a4db30dbf2f999955ebc217/screenshot - {}
RESULT: {"using":"xpath","value":"//input[@id=\"application-managecontracts-display-component---AddNewContract--customerSelect-inner\"]"}
COMMAND: POST /session/fa1966063a4db30dbf2f999955ebc217/element/f.8EF3D0D450A4EB0CE4D2D51640C2B842.d.9CBCF1680025FD0BCF48AB547DDED178.e.13021/clear - {}
RESULT: {}
RESULT: {}
COMMAND: POST /session/fa1966063a4db30dbf2f999955ebc217/element/f.8EF3D0D450A4EB0CE4D2D51640C2B842.d.9CBCF1680025FD0BCF48AB547DDED178.e.13021/value - {"text":"1108"}
COMMAND: GET /session/fa1966063a4db30dbf2f999955ebc217/screenshot - {}
RESULT: {"text":"1108"}
COMMAND: GET /session/fa1966063a4db30dbf2f999955ebc217/screenshot - {}
RESULT: {}
RESULT: {}
COMMAND: POST /session/fa1966063a4db30dbf2f999955ebc217/element - {"using":"xpath","value":"//li[.//span[text()='1108']]"}
RESULT: {"using":"xpath","value":"//li[.//span[text()='1108']]"}
COMMAND: POST /session/fa1966063a4db30dbf2f999955ebc217/element/f.8EF3D0D450A4EB0CE4D2D51640C2B842.d.9CBCF1680025FD0BCF48AB547DDED178.e.13107/click - {}
RESULT: {}
COMMAND: GET /session/fa1966063a4db30dbf2f999955ebc217/screenshot - {}
RESULT: {}
COMMAND: POST /session/fa1966063a4db30dbf2f999955ebc217/element - {"using":"xpath","value":"//button[@data-kt=\"saveButton\"]"}
RESULT: {"using":"xpath","value":"//button[@data-kt=\"saveButton\"]"}
COMMAND: POST /session/fa1966063a4db30dbf2f999955ebc217/element/f.8EF3D0D450A4EB0CE4D2D51640C2B842.d.9CBCF1680025FD0BCF48AB547DDED178.e.13097/click - {}
RESULT: {}
COMMAND: GET /session/fa1966063a4db30dbf2f999955ebc217/screenshot - {}
RESULT: {}
COMMAND: POST /session/fa1966063a4db30dbf2f999955ebc217/element - {"using":"xpath","value":"//span[contains(@id ,\"contractDetailTitleNoExpanded\")]"}
RESULT: {"using":"xpath","value":"//span[contains(@id ,\"contractDetailTitleNoExpanded\")]"}
COMMAND: POST /session/fa1966063a4db30dbf2f999955ebc217/elements - {"using":"xpath","value":"//span[contains(@id ,\"contractDetailTitleNoExpanded\")]"}
RESULT: {"using":"xpath","value":"//span[contains(@id ,\"contractDetailTitleNoExpanded\")]"}
COMMAND: POST /session/fa1966063a4db30dbf2f999955ebc217/execute/sync - {"script":"<script> [56 bytes]","args":[{"element-6066-11e4-a52e-4f735466cecf":"f.8EF3D0D450A4EB0CE4D2D51640C2B842.d.9CBCF1680025FD0BCF48AB547DDED178.e.13122","ELEMENT":"f.8EF3D0D450A4EB0CE4D2D51640C2B842.d.9CBCF1680025FD0BCF48AB547DDED178.e.13122"}]}
RESULT: {"script":"<script> [56 bytes]","args":[{"element-6066-11e4-a52e-4f735466cecf":"f.8EF3D0D450A4EB0CE4D2D51640C2B842.d.9CBCF1680025FD0BCF48AB547DDED178.e.13122","ELEMENT":"f.8EF3D0D450A4EB0CE4D2D51640C2B842.d.9CBCF1680025FD0BCF48AB547DDED178.e.13122"}]}
COMMAND: GET /session/fa1966063a4db30dbf2f999955ebc217/screenshot - {}
RESULT: {}
]]></system-out>
    </testcase>
    <testcase classname="chrome.136_0_7103_93.windows.Billing_Transfer_-_Intracompany_US127249" name="Should add equipment to the contract" time="55.417">
      <system-out><![CDATA[
COMMAND: POST /session/fa1966063a4db30dbf2f999955ebc217/element - {"using":"xpath","value":"//button[@data-kt=\"contractDetailEditBtnButton\"]"}
RESULT: {"using":"xpath","value":"//button[@data-kt=\"contractDetailEditBtnButton\"]"}
COMMAND: POST /session/fa1966063a4db30dbf2f999955ebc217/element/f.8EF3D0D450A4EB0CE4D2D51640C2B842.d.9CBCF1680025FD0BCF48AB547DDED178.e.13124/click - {}
RESULT: {}
COMMAND: GET /session/fa1966063a4db30dbf2f999955ebc217/screenshot - {}
RESULT: {}
COMMAND: POST /session/fa1966063a4db30dbf2f999955ebc217/element - {"using":"xpath","value":"(//span[contains(text(), \"Additional Addresses\")])[2]"}
RESULT: {"using":"xpath","value":"(//span[contains(text(), \"Additional Addresses\")])[2]"}
COMMAND: POST /session/fa1966063a4db30dbf2f999955ebc217/element/f.8EF3D0D450A4EB0CE4D2D51640C2B842.d.9CBCF1680025FD0BCF48AB547DDED178.e.13179/click - {}
RESULT: {}
COMMAND: GET /session/fa1966063a4db30dbf2f999955ebc217/screenshot - {}
RESULT: {}
COMMAND: POST /session/fa1966063a4db30dbf2f999955ebc217/element - {"using":"xpath","value":"//button[@data-kt=\"btnAddTableRowOverflowToolbarButton\"]"}
RESULT: {"using":"xpath","value":"//button[@data-kt=\"btnAddTableRowOverflowToolbarButton\"]"}
COMMAND: POST /session/fa1966063a4db30dbf2f999955ebc217/element/f.8EF3D0D450A4EB0CE4D2D51640C2B842.d.9CBCF1680025FD0BCF48AB547DDED178.e.13183/click - {}
RESULT: {}
COMMAND: GET /session/fa1966063a4db30dbf2f999955ebc217/screenshot - {}
RESULT: {}
COMMAND: POST /session/fa1966063a4db30dbf2f999955ebc217/element - {"using":"xpath","value":"//div[(text() = 'Standard Entry' or . = 'Standard Entry')]"}
RESULT: {"using":"xpath","value":"//div[(text() = 'Standard Entry' or . = 'Standard Entry')]"}
COMMAND: POST /session/fa1966063a4db30dbf2f999955ebc217/element/f.8EF3D0D450A4EB0CE4D2D51640C2B842.d.9CBCF1680025FD0BCF48AB547DDED178.e.13185/click - {}
RESULT: {}
COMMAND: GET /session/fa1966063a4db30dbf2f999955ebc217/screenshot - {}
RESULT: {}
COMMAND: POST /session/fa1966063a4db30dbf2f999955ebc217/element - {"using":"xpath","value":"//td[7]/div/div/input"}
RESULT: {"using":"xpath","value":"//td[7]/div/div/input"}
COMMAND: POST /session/fa1966063a4db30dbf2f999955ebc217/element/f.8EF3D0D450A4EB0CE4D2D51640C2B842.d.9CBCF1680025FD0BCF48AB547DDED178.e.13194/clear - {}
RESULT: {}
COMMAND: POST /session/fa1966063a4db30dbf2f999955ebc217/element/f.8EF3D0D450A4EB0CE4D2D51640C2B842.d.9CBCF1680025FD0BCF48AB547DDED178.e.13194/value - {"text":"VUpKmlHbCR"}
COMMAND: GET /session/fa1966063a4db30dbf2f999955ebc217/screenshot - {}
RESULT: {"text":"VUpKmlHbCR"}
COMMAND: GET /session/fa1966063a4db30dbf2f999955ebc217/screenshot - {}
RESULT: {}
RESULT: {}
COMMAND: POST /session/fa1966063a4db30dbf2f999955ebc217/actions - {"actions":[{"id":"action40","type":"key","parameters":{},"actions":[{"type":"keyDown","value":""},{"type":"pause","duration":10},{"type":"keyUp","value":""}]}]}
RESULT: {"actions":[{"id":"action40","type":"key","parameters":{},"actions":[{"type":"keyDown","value":""},{"type":"pause","duration":10},{"type":"keyUp","value":""}]}]}
COMMAND: GET /session/fa1966063a4db30dbf2f999955ebc217/screenshot - {}
RESULT: {}
COMMAND: POST /session/fa1966063a4db30dbf2f999955ebc217/execute/sync - {"script":"<script> [276 bytes]","args":["No pricing information was found"]}
RESULT: {"script":"<script> [276 bytes]","args":["No pricing information was found"]}
COMMAND: POST /session/fa1966063a4db30dbf2f999955ebc217/element - {"using":"xpath","value":"(//button[@data-kt=\"saveButton\"])[2]"}
COMMAND: GET /session/fa1966063a4db30dbf2f999955ebc217/screenshot - {}
RESULT: {"using":"xpath","value":"(//button[@data-kt=\"saveButton\"])[2]"}
COMMAND: POST /session/fa1966063a4db30dbf2f999955ebc217/element/f.8EF3D0D450A4EB0CE4D2D51640C2B842.d.9CBCF1680025FD0BCF48AB547DDED178.e.13209/click - {}
RESULT: {}
RESULT: {}
COMMAND: GET /session/fa1966063a4db30dbf2f999955ebc217/screenshot - {}
RESULT: {}
COMMAND: POST /session/fa1966063a4db30dbf2f999955ebc217/execute/sync - {"script":"<script> [276 bytes]","args":["Some contract items are having rental validity exceeding header rental validity"]}
RESULT: {"script":"<script> [276 bytes]","args":["Some contract items are having rental validity exceeding header rental validity"]}
COMMAND: GET /session/fa1966063a4db30dbf2f999955ebc217/screenshot - {}
RESULT: {}
COMMAND: POST /session/fa1966063a4db30dbf2f999955ebc217/element - {"using":"xpath","value":"//span[contains(@id ,\"contractItemsSmartTable-header-inner\")]"}
RESULT: {"using":"xpath","value":"//span[contains(@id ,\"contractItemsSmartTable-header-inner\")]"}
COMMAND: POST /session/fa1966063a4db30dbf2f999955ebc217/elements - {"using":"xpath","value":"//span[contains(@id ,\"contractItemsSmartTable-header-inner\")]"}
RESULT: {"using":"xpath","value":"//span[contains(@id ,\"contractItemsSmartTable-header-inner\")]"}
COMMAND: POST /session/fa1966063a4db30dbf2f999955ebc217/execute/sync - {"script":"<script> [56 bytes]","args":[{"element-6066-11e4-a52e-4f735466cecf":"f.8EF3D0D450A4EB0CE4D2D51640C2B842.d.9CBCF1680025FD0BCF48AB547DDED178.e.13215","ELEMENT":"f.8EF3D0D450A4EB0CE4D2D51640C2B842.d.9CBCF1680025FD0BCF48AB547DDED178.e.13215"}]}
RESULT: {"script":"<script> [56 bytes]","args":[{"element-6066-11e4-a52e-4f735466cecf":"f.8EF3D0D450A4EB0CE4D2D51640C2B842.d.9CBCF1680025FD0BCF48AB547DDED178.e.13215","ELEMENT":"f.8EF3D0D450A4EB0CE4D2D51640C2B842.d.9CBCF1680025FD0BCF48AB547DDED178.e.13215"}]}
COMMAND: GET /session/fa1966063a4db30dbf2f999955ebc217/screenshot - {}
]]></system-out>
    </testcase>
    <testcase classname="chrome.136_0_7103_93.windows.Billing_Transfer_-_Intracompany_US127249" name="Should do a provide to site handover" time="70.8">
      <system-out><![CDATA[
COMMAND: POST /session/fa1966063a4db30dbf2f999955ebc217/element - {"using":"xpath","value":"//button[@data-kt=\"provideButton\"]"}
RESULT: {}
RESULT: {"using":"xpath","value":"//button[@data-kt=\"provideButton\"]"}
COMMAND: POST /session/fa1966063a4db30dbf2f999955ebc217/element/f.8EF3D0D450A4EB0CE4D2D51640C2B842.d.9CBCF1680025FD0BCF48AB547DDED178.e.13216/click - {}
RESULT: {}
COMMAND: GET /session/fa1966063a4db30dbf2f999955ebc217/screenshot - {}
RESULT: {}
RESULT: undefined
COMMAND: POST /session/fa1966063a4db30dbf2f999955ebc217/execute/async - {"script":"<script> [6424 bytes]","args":[{"element-6066-11e4-a52e-4f735466cecf":"f.8EF3D0D450A4EB0CE4D2D51640C2B842.d.9CBCF1680025FD0BCF48AB547DDED178.e.12245"},"setValue",["5/24/25"]]}
COMMAND: POST /session/fa1966063a4db30dbf2f999955ebc217/execute/async - {"script":"<script> [1562 bytes]","args":[{"selector":{"id":"application-managehandovers-display-component---AddNewHO--dueDate","interaction":{"idSuffix":"inner"}},"wdio_ui5_key":"applicationmanagehandovers-display-component---AddNewHO--dueDate"}]}
RESULT: {"script":"<script> [1562 bytes]","args":[{"selector":{"id":"application-managehandovers-display-component---AddNewHO--dueDate","interaction":{"idSuffix":"inner"}},"wdio_ui5_key":"applicationmanagehandovers-display-component---AddNewHO--dueDate"}]}
COMMAND: POST /session/fa1966063a4db30dbf2f999955ebc217/execute/async - {"script":"<script> [6424 bytes]","args":[{"element-6066-11e4-a52e-4f735466cecf":"f.8EF3D0D450A4EB0CE4D2D51640C2B842.d.9CBCF1680025FD0BCF48AB547DDED178.e.13290"},"setValue",["5/24/25"]]}
RESULT: {"script":"<script> [6424 bytes]","args":[{"element-6066-11e4-a52e-4f735466cecf":"f.8EF3D0D450A4EB0CE4D2D51640C2B842.d.9CBCF1680025FD0BCF48AB547DDED178.e.13290"},"setValue",["5/24/25"]]}
COMMAND: POST /session/fa1966063a4db30dbf2f999955ebc217/element - {"using":"xpath","value":"//bdi[contains(text(), \"Instructions\")]"}
RESULT: {"using":"xpath","value":"//bdi[contains(text(), \"Instructions\")]"}
COMMAND: POST /session/fa1966063a4db30dbf2f999955ebc217/element/f.8EF3D0D450A4EB0CE4D2D51640C2B842.d.9CBCF1680025FD0BCF48AB547DDED178.e.13537/click - {}
RESULT: {}
COMMAND: GET /session/fa1966063a4db30dbf2f999955ebc217/screenshot - {}
RESULT: {}
COMMAND: POST /session/fa1966063a4db30dbf2f999955ebc217/element - {"using":"xpath","value":"//button[@data-kt=\"AddNewHOProvideAddItemsButton\"]"}
RESULT: {"using":"xpath","value":"//button[@data-kt=\"AddNewHOProvideAddItemsButton\"]"}
COMMAND: POST /session/fa1966063a4db30dbf2f999955ebc217/element/f.8EF3D0D450A4EB0CE4D2D51640C2B842.d.9CBCF1680025FD0BCF48AB547DDED178.e.13541/click - {}
RESULT: {}
COMMAND: GET /session/fa1966063a4db30dbf2f999955ebc217/screenshot - {}
RESULT: {}
RESULT: undefined
COMMAND: POST /session/fa1966063a4db30dbf2f999955ebc217/element - {"using":"xpath","value":"//*[@id=\"application-managehandovers-display-component---AddNewHO--popup-sa\"]"}
RESULT: {"using":"xpath","value":"//*[@id=\"application-managehandovers-display-component---AddNewHO--popup-sa\"]"}
COMMAND: POST /session/fa1966063a4db30dbf2f999955ebc217/element/f.8EF3D0D450A4EB0CE4D2D51640C2B842.d.9CBCF1680025FD0BCF48AB547DDED178.e.13546/click - {}
RESULT: {}
COMMAND: GET /session/fa1966063a4db30dbf2f999955ebc217/screenshot - {}
RESULT: {}
COMMAND: POST /session/fa1966063a4db30dbf2f999955ebc217/element - {"using":"xpath","value":"//*[contains(@id ,\"BDI-content\")][contains(text(), \"Select\")]"}
RESULT: {"using":"xpath","value":"//*[contains(@id ,\"BDI-content\")][contains(text(), \"Select\")]"}
COMMAND: POST /session/fa1966063a4db30dbf2f999955ebc217/element/f.8EF3D0D450A4EB0CE4D2D51640C2B842.d.9CBCF1680025FD0BCF48AB547DDED178.e.13547/click - {}
RESULT: {}
COMMAND: GET /session/fa1966063a4db30dbf2f999955ebc217/screenshot - {}
RESULT: {}
COMMAND: POST /session/fa1966063a4db30dbf2f999955ebc217/execute/async - {"script":"<script> [1562 bytes]","args":[{"selector":{"id":"application-managehandovers-display-component---AddNewHO--confirmCreationButton","interaction":{"idSuffix":"BDI-content"}},"wdio_ui5_key":"applicationmanagehandovers-display-component---AddNewHO--confirmCreationButton"}]}
RESULT: {"script":"<script> [1562 bytes]","args":[{"selector":{"id":"application-managehandovers-display-component---AddNewHO--confirmCreationButton","interaction":{"idSuffix":"BDI-content"}},"wdio_ui5_key":"applicationmanagehandovers-display-component---AddNewHO--confirmCreationButton"}]}
RESULT: undefined
COMMAND: POST /session/fa1966063a4db30dbf2f999955ebc217/element - {"using":"xpath","value":"//*[@id=\"application-managehandovers-display-component---AddNewHO--confirmCreationButton\"]"}
RESULT: {"using":"xpath","value":"//*[@id=\"application-managehandovers-display-component---AddNewHO--confirmCreationButton\"]"}
COMMAND: POST /session/fa1966063a4db30dbf2f999955ebc217/element/f.8EF3D0D450A4EB0CE4D2D51640C2B842.d.9CBCF1680025FD0BCF48AB547DDED178.e.13341/click - {}
RESULT: {}
COMMAND: GET /session/fa1966063a4db30dbf2f999955ebc217/screenshot - {}
RESULT: {}
COMMAND: POST /session/fa1966063a4db30dbf2f999955ebc217/execute/async - {"script":"<script> [1562 bytes]","args":[{"selector":{"id":"issueDatePicker","viewName":"etm.portal.ui.managehandovers.view.DetailExecuteHO","interaction":{"idSuffix":"inner"}},"wdio_ui5_key":"issueDatePickeretmportal.ui.managehandovers.view.DetailExecuteHO"}]}
RESULT: {"script":"<script> [1562 bytes]","args":[{"selector":{"id":"issueDatePicker","viewName":"etm.portal.ui.managehandovers.view.DetailExecuteHO","interaction":{"idSuffix":"inner"}},"wdio_ui5_key":"issueDatePickeretmportal.ui.managehandovers.view.DetailExecuteHO"}]}
RESULT: undefined
COMMAND: POST /session/fa1966063a4db30dbf2f999955ebc217/execute/async - {"script":"<script> [776 bytes]","args":[{"enterText":"5/24/25","selector":{"id":"issueDatePicker","viewName":"etm.portal.ui.managehandovers.view.DetailExecuteHO","interaction":{"idSuffix":"inner"}},"clearTextFirst":true,"interactionType":"ENTER_TEXT"}]}
RESULT: {"script":"<script> [776 bytes]","args":[{"enterText":"5/24/25","selector":{"id":"issueDatePicker","viewName":"etm.portal.ui.managehandovers.view.DetailExecuteHO","interaction":{"idSuffix":"inner"}},"clearTextFirst":true,"interactionType":"ENTER_TEXT"}]}
COMMAND: POST /session/fa1966063a4db30dbf2f999955ebc217/element - {"using":"xpath","value":"//button[@data-kt=\"PickingTableConfirmAllButton\"]"}
RESULT: {"using":"xpath","value":"//button[@data-kt=\"PickingTableConfirmAllButton\"]"}
COMMAND: POST /session/fa1966063a4db30dbf2f999955ebc217/element/f.8EF3D0D450A4EB0CE4D2D51640C2B842.d.9CBCF1680025FD0BCF48AB547DDED178.e.13609/click - {}
RESULT: {}
COMMAND: GET /session/fa1966063a4db30dbf2f999955ebc217/screenshot - {}
RESULT: {}
COMMAND: POST /session/fa1966063a4db30dbf2f999955ebc217/element - {"using":"xpath","value":"//bdi[contains(text(), \"OK\")]"}
RESULT: {"using":"xpath","value":"//bdi[contains(text(), \"OK\")]"}
COMMAND: POST /session/fa1966063a4db30dbf2f999955ebc217/element/f.8EF3D0D450A4EB0CE4D2D51640C2B842.d.9CBCF1680025FD0BCF48AB547DDED178.e.13612/click - {}
RESULT: {}
COMMAND: GET /session/fa1966063a4db30dbf2f999955ebc217/screenshot - {}
RESULT: {}
COMMAND: POST /session/fa1966063a4db30dbf2f999955ebc217/element - {"using":"xpath","value":"//bdi[contains(text(), \"Issue\")]"}
RESULT: {"using":"xpath","value":"//bdi[contains(text(), \"Issue\")]"}
COMMAND: POST /session/fa1966063a4db30dbf2f999955ebc217/element/f.8EF3D0D450A4EB0CE4D2D51640C2B842.d.9CBCF1680025FD0BCF48AB547DDED178.e.13614/click - {}
RESULT: {}
COMMAND: GET /session/fa1966063a4db30dbf2f999955ebc217/screenshot - {}
RESULT: {}
COMMAND: POST /session/fa1966063a4db30dbf2f999955ebc217/element - {"using":"css selector","value":"#shell-header-logo"}
RESULT: {"using":"css selector","value":"#shell-header-logo"}
COMMAND: POST /session/fa1966063a4db30dbf2f999955ebc217/element/f.8EF3D0D450A4EB0CE4D2D51640C2B842.d.9CBCF1680025FD0BCF48AB547DDED178.e.12654/click - {}
RESULT: {}
COMMAND: GET /session/fa1966063a4db30dbf2f999955ebc217/screenshot - {}
RESULT: {}
]]></system-out>
    </testcase>
    <testcase classname="chrome.136_0_7103_93.windows.Billing_Transfer_-_Intracompany_US127249" name="Should go navigate to Manage Billings and trigger contract calculation check result" time="74.355">
      <system-out><![CDATA[
COMMAND: POST /session/fa1966063a4db30dbf2f999955ebc217/execute/async - {"script":"<script> [1562 bytes]","args":[{"selector":{"controlType":"sap.m.GenericTile","properties":{"header":"Manage Billings"}},"wdio_ui5_key":"sapm.GenericTile{\"header\":\"Manage Billings\"}"}]}
RESULT: {"script":"<script> [1562 bytes]","args":[{"selector":{"controlType":"sap.m.GenericTile","properties":{"header":"Manage Billings"}},"wdio_ui5_key":"sapm.GenericTile{\"header\":\"Manage Billings\"}"}]}
RESULT: undefined
COMMAND: POST /session/fa1966063a4db30dbf2f999955ebc217/element - {"using":"xpath","value":"//*[@id=\"__tile51\"]"}
RESULT: {"using":"xpath","value":"//*[@id=\"__tile51\"]"}
COMMAND: POST /session/fa1966063a4db30dbf2f999955ebc217/element/f.8EF3D0D450A4EB0CE4D2D51640C2B842.d.9CBCF1680025FD0BCF48AB547DDED178.e.8103/click - {}
RESULT: {}
COMMAND: GET /session/fa1966063a4db30dbf2f999955ebc217/screenshot - {}
RESULT: {}
COMMAND: POST /session/fa1966063a4db30dbf2f999955ebc217/elements - {"using":"xpath","value":"//span[text()='Error']"}
RESULT: {"using":"xpath","value":"//span[text()='Error']"}
COMMAND: POST /session/fa1966063a4db30dbf2f999955ebc217/execute/async - {"script":"<script> [1562 bytes]","args":[{"selector":{"id":"application-managebillings-display-component---billRunCalcResult--smartFilterBar-btnBasicSearch","interaction":{"idSuffix":"I"}},"wdio_ui5_key":"applicationmanagebillings-display-component---billRunCalcResult--smartFilterBar-btnBasicSearch"}]}
RESULT: {"script":"<script> [1562 bytes]","args":[{"selector":{"id":"application-managebillings-display-component---billRunCalcResult--smartFilterBar-btnBasicSearch","interaction":{"idSuffix":"I"}},"wdio_ui5_key":"applicationmanagebillings-display-component---billRunCalcResult--smartFilterBar-btnBasicSearch"}]}
RESULT: undefined
COMMAND: POST /session/fa1966063a4db30dbf2f999955ebc217/execute/async - {"script":"<script> [776 bytes]","args":[{"enterText":"10193","selector":{"id":"application-managebillings-display-component---billRunCalcResult--smartFilterBar-btnBasicSearch","interaction":{"idSuffix":"I"}},"clearTextFirst":true,"interactionType":"ENTER_TEXT"}]}
RESULT: {"script":"<script> [776 bytes]","args":[{"enterText":"10193","selector":{"id":"application-managebillings-display-component---billRunCalcResult--smartFilterBar-btnBasicSearch","interaction":{"idSuffix":"I"}},"clearTextFirst":true,"interactionType":"ENTER_TEXT"}]}
COMMAND: POST /session/fa1966063a4db30dbf2f999955ebc217/actions - {"actions":[{"id":"action41","type":"key","parameters":{},"actions":[{"type":"keyDown","value":""},{"type":"pause","duration":10},{"type":"keyUp","value":""}]}]}
RESULT: {"actions":[{"id":"action41","type":"key","parameters":{},"actions":[{"type":"keyDown","value":""},{"type":"pause","duration":10},{"type":"keyUp","value":""}]}]}
COMMAND: GET /session/fa1966063a4db30dbf2f999955ebc217/screenshot - {}
RESULT: {}
COMMAND: POST /session/fa1966063a4db30dbf2f999955ebc217/element - {"using":"xpath","value":"//td[@aria-colindex=\"1\"]/div/div[contains(@class, \"sapMCbBg\")]"}
RESULT: {"using":"xpath","value":"//td[@aria-colindex=\"1\"]/div/div[contains(@class, \"sapMCbBg\")]"}
COMMAND: POST /session/fa1966063a4db30dbf2f999955ebc217/element/f.8EF3D0D450A4EB0CE4D2D51640C2B842.d.9CBCF1680025FD0BCF48AB547DDED178.e.14131/click - {}
RESULT: {}
COMMAND: GET /session/fa1966063a4db30dbf2f999955ebc217/screenshot - {}
RESULT: {}
COMMAND: POST /session/fa1966063a4db30dbf2f999955ebc217/execute/async - {"script":"<script> [1562 bytes]","args":[{"selector":{"id":"application-managebillings-display-component---billRunCalcResult--contractBillRunDate","interaction":{"idSuffix":"inner"}},"wdio_ui5_key":"applicationmanagebillings-display-component---billRunCalcResult--contractBillRunDate"}]}
RESULT: {"script":"<script> [1562 bytes]","args":[{"selector":{"id":"application-managebillings-display-component---billRunCalcResult--contractBillRunDate","interaction":{"idSuffix":"inner"}},"wdio_ui5_key":"applicationmanagebillings-display-component---billRunCalcResult--contractBillRunDate"}]}
RESULT: undefined
COMMAND: POST /session/fa1966063a4db30dbf2f999955ebc217/execute/async - {"script":"<script> [776 bytes]","args":[{"enterText":"5/24/25","selector":{"id":"application-managebillings-display-component---billRunCalcResult--contractBillRunDate","interaction":{"idSuffix":"inner"}},"clearTextFirst":true,"interactionType":"ENTER_TEXT"}]}
RESULT: {"script":"<script> [776 bytes]","args":[{"enterText":"5/24/25","selector":{"id":"application-managebillings-display-component---billRunCalcResult--contractBillRunDate","interaction":{"idSuffix":"inner"}},"clearTextFirst":true,"interactionType":"ENTER_TEXT"}]}
COMMAND: POST /session/fa1966063a4db30dbf2f999955ebc217/element - {"using":"xpath","value":"//bdi[contains(text(), \"Trigger Calculation\")]"}
RESULT: {"using":"xpath","value":"//bdi[contains(text(), \"Trigger Calculation\")]"}
COMMAND: POST /session/fa1966063a4db30dbf2f999955ebc217/element/f.8EF3D0D450A4EB0CE4D2D51640C2B842.d.9CBCF1680025FD0BCF48AB547DDED178.e.14153/click - {}
RESULT: {}
COMMAND: GET /session/fa1966063a4db30dbf2f999955ebc217/screenshot - {}
RESULT: {}
COMMAND: POST /session/fa1966063a4db30dbf2f999955ebc217/element - {"using":"xpath","value":"(//span[contains(@id, \"imgNav\")])[1]"}
RESULT: {"using":"xpath","value":"(//span[contains(@id, \"imgNav\")])[1]"}
COMMAND: POST /session/fa1966063a4db30dbf2f999955ebc217/element/f.8EF3D0D450A4EB0CE4D2D51640C2B842.d.9CBCF1680025FD0BCF48AB547DDED178.e.14145/click - {}
RESULT: {}
COMMAND: GET /session/fa1966063a4db30dbf2f999955ebc217/screenshot - {}
RESULT: {}
COMMAND: POST /session/fa1966063a4db30dbf2f999955ebc217/element - {"using":"xpath","value":"//tr/td[6]/div[1]/span[1]/span[1]"}
RESULT: {"using":"xpath","value":"//tr/td[6]/div[1]/span[1]/span[1]"}
COMMAND: GET /session/fa1966063a4db30dbf2f999955ebc217/element/f.8EF3D0D450A4EB0CE4D2D51640C2B842.d.9CBCF1680025FD0BCF48AB547DDED178.e.14158/text - {}
RESULT: {}
COMMAND: POST /session/fa1966063a4db30dbf2f999955ebc217/element - {"using":"xpath","value":"(//span[contains(@id, \"imgNav\")])[2]"}
RESULT: {"using":"xpath","value":"(//span[contains(@id, \"imgNav\")])[2]"}
COMMAND: POST /session/fa1966063a4db30dbf2f999955ebc217/element/f.8EF3D0D450A4EB0CE4D2D51640C2B842.d.9CBCF1680025FD0BCF48AB547DDED178.e.14159/click - {}
RESULT: {}
COMMAND: POST /session/fa1966063a4db30dbf2f999955ebc217/element - {"using":"xpath","value":"//bdi[contains(text(), \"Business Confirm\")]"}
COMMAND: GET /session/fa1966063a4db30dbf2f999955ebc217/screenshot - {}
RESULT: {"using":"xpath","value":"//bdi[contains(text(), \"Business Confirm\")]"}
COMMAND: POST /session/fa1966063a4db30dbf2f999955ebc217/elements - {"using":"xpath","value":"//bdi[contains(text(), \"Business Confirm\")]"}
RESULT: {}
RESULT: {"using":"xpath","value":"//bdi[contains(text(), \"Business Confirm\")]"}
COMMAND: POST /session/fa1966063a4db30dbf2f999955ebc217/element - {"using":"xpath","value":"//bdi[contains(text(), \"Business Confirm\")]"}
RESULT: {"using":"xpath","value":"//bdi[contains(text(), \"Business Confirm\")]"}
COMMAND: POST /session/fa1966063a4db30dbf2f999955ebc217/element/f.8EF3D0D450A4EB0CE4D2D51640C2B842.d.9CBCF1680025FD0BCF48AB547DDED178.e.14215/click - {}
RESULT: {}
COMMAND: POST /session/fa1966063a4db30dbf2f999955ebc217/element - {"using":"css selector","value":"#shell-header-logo"}
COMMAND: GET /session/fa1966063a4db30dbf2f999955ebc217/screenshot - {}
RESULT: {"using":"css selector","value":"#shell-header-logo"}
COMMAND: POST /session/fa1966063a4db30dbf2f999955ebc217/element/f.8EF3D0D450A4EB0CE4D2D51640C2B842.d.9CBCF1680025FD0BCF48AB547DDED178.e.13909/click - {}
RESULT: {}
RESULT: {}
COMMAND: GET /session/fa1966063a4db30dbf2f999955ebc217/screenshot - {}
RESULT: {}
]]></system-out>
    </testcase>
    <testcase classname="chrome.136_0_7103_93.windows.Billing_Transfer_-_Intracompany_US127249" name="Should navigate to billing transfer and invoice the contract" time="84.91">
      <system-out><![CDATA[
COMMAND: POST /session/fa1966063a4db30dbf2f999955ebc217/execute/async - {"script":"<script> [1562 bytes]","args":[{"selector":{"controlType":"sap.m.GenericTile","properties":{"header":"Billing Transfer"}},"wdio_ui5_key":"sapm.GenericTile{\"header\":\"Billing Transfer\"}"}]}
RESULT: {"script":"<script> [1562 bytes]","args":[{"selector":{"controlType":"sap.m.GenericTile","properties":{"header":"Billing Transfer"}},"wdio_ui5_key":"sapm.GenericTile{\"header\":\"Billing Transfer\"}"}]}
RESULT: undefined
COMMAND: POST /session/fa1966063a4db30dbf2f999955ebc217/element - {"using":"xpath","value":"//*[@id=\"__tile50\"]"}
RESULT: {"using":"xpath","value":"//*[@id=\"__tile50\"]"}
COMMAND: POST /session/fa1966063a4db30dbf2f999955ebc217/element/f.8EF3D0D450A4EB0CE4D2D51640C2B842.d.9CBCF1680025FD0BCF48AB547DDED178.e.8101/click - {}
RESULT: {}
COMMAND: GET /session/fa1966063a4db30dbf2f999955ebc217/screenshot - {}
COMMAND: POST /session/fa1966063a4db30dbf2f999955ebc217/elements - {"using":"xpath","value":"//span[text()='Error']"}
RESULT: {}
RESULT: {"using":"xpath","value":"//span[text()='Error']"}
COMMAND: POST /session/fa1966063a4db30dbf2f999955ebc217/element - {"using":"xpath","value":"//input[contains(@id ,\"application-billingtransfer-display-component---billingWorkbench--smartFilterBar-btnBasicSearch\")]"}
RESULT: {"using":"xpath","value":"//input[contains(@id ,\"application-billingtransfer-display-component---billingWorkbench--smartFilterBar-btnBasicSearch\")]"}
COMMAND: POST /session/fa1966063a4db30dbf2f999955ebc217/elements - {"using":"xpath","value":"//input[contains(@id ,\"application-billingtransfer-display-component---billingWorkbench--smartFilterBar-btnBasicSearch\")]"}
RESULT: {"using":"xpath","value":"//input[contains(@id ,\"application-billingtransfer-display-component---billingWorkbench--smartFilterBar-btnBasicSearch\")]"}
COMMAND: POST /session/fa1966063a4db30dbf2f999955ebc217/execute/sync - {"script":"<script> [8489 bytes]","args":[{"element-6066-11e4-a52e-4f735466cecf":"f.8EF3D0D450A4EB0CE4D2D51640C2B842.d.9CBCF1680025FD0BCF48AB547DDED178.e.14241","ELEMENT":"f.8EF3D0D450A4EB0CE4D2D51640C2B842.d.9CBCF1680025FD0BCF48AB547DDED178.e.14241"}]}
RESULT: {"script":"<script> [8489 bytes]","args":[{"element-6066-11e4-a52e-4f735466cecf":"f.8EF3D0D450A4EB0CE4D2D51640C2B842.d.9CBCF1680025FD0BCF48AB547DDED178.e.14241","ELEMENT":"f.8EF3D0D450A4EB0CE4D2D51640C2B842.d.9CBCF1680025FD0BCF48AB547DDED178.e.14241"}]}
COMMAND: GET /session/fa1966063a4db30dbf2f999955ebc217/element/f.8EF3D0D450A4EB0CE4D2D51640C2B842.d.9CBCF1680025FD0BCF48AB547DDED178.e.14241/enabled - {}
COMMAND: GET /session/fa1966063a4db30dbf2f999955ebc217/screenshot - {}
RESULT: {}
COMMAND: POST /session/fa1966063a4db30dbf2f999955ebc217/element/f.8EF3D0D450A4EB0CE4D2D51640C2B842.d.9CBCF1680025FD0BCF48AB547DDED178.e.14241/click - {}
COMMAND: GET /session/fa1966063a4db30dbf2f999955ebc217/screenshot - {}
RESULT: {}
RESULT: {}
COMMAND: GET /session/fa1966063a4db30dbf2f999955ebc217/screenshot - {}
RESULT: {}
RESULT: {}
COMMAND: POST /session/fa1966063a4db30dbf2f999955ebc217/element/f.8EF3D0D450A4EB0CE4D2D51640C2B842.d.9CBCF1680025FD0BCF48AB547DDED178.e.14241/clear - {}
RESULT: {}
COMMAND: POST /session/fa1966063a4db30dbf2f999955ebc217/element/f.8EF3D0D450A4EB0CE4D2D51640C2B842.d.9CBCF1680025FD0BCF48AB547DDED178.e.14241/value - {"text":"10193"}
COMMAND: GET /session/fa1966063a4db30dbf2f999955ebc217/screenshot - {}
RESULT: {"text":"10193"}
COMMAND: POST /session/fa1966063a4db30dbf2f999955ebc217/actions - {"actions":[{"id":"action42","type":"key","parameters":{},"actions":[{"type":"keyDown","value":""},{"type":"pause","duration":10},{"type":"keyUp","value":""}]}]}
COMMAND: GET /session/fa1966063a4db30dbf2f999955ebc217/screenshot - {}
RESULT: {}
RESULT: {"actions":[{"id":"action42","type":"key","parameters":{},"actions":[{"type":"keyDown","value":""},{"type":"pause","duration":10},{"type":"keyUp","value":""}]}]}
COMMAND: GET /session/fa1966063a4db30dbf2f999955ebc217/screenshot - {}
RESULT: {}
RESULT: {}
COMMAND: POST /session/fa1966063a4db30dbf2f999955ebc217/element - {"using":"xpath","value":"//span[contains(@id ,\"application-billingtransfer-display-component---billingWorkbench--smartTableBillingRuns-header-inner\")]"}
RESULT: {"using":"xpath","value":"//span[contains(@id ,\"application-billingtransfer-display-component---billingWorkbench--smartTableBillingRuns-header-inner\")]"}
COMMAND: POST /session/fa1966063a4db30dbf2f999955ebc217/elements - {"using":"xpath","value":"//span[contains(@id ,\"application-billingtransfer-display-component---billingWorkbench--smartTableBillingRuns-header-inner\")]"}
RESULT: {"using":"xpath","value":"//span[contains(@id ,\"application-billingtransfer-display-component---billingWorkbench--smartTableBillingRuns-header-inner\")]"}
COMMAND: POST /session/fa1966063a4db30dbf2f999955ebc217/execute/sync - {"script":"<script> [56 bytes]","args":[{"element-6066-11e4-a52e-4f735466cecf":"f.8EF3D0D450A4EB0CE4D2D51640C2B842.d.9CBCF1680025FD0BCF48AB547DDED178.e.14447","ELEMENT":"f.8EF3D0D450A4EB0CE4D2D51640C2B842.d.9CBCF1680025FD0BCF48AB547DDED178.e.14447"}]}
RESULT: {"script":"<script> [56 bytes]","args":[{"element-6066-11e4-a52e-4f735466cecf":"f.8EF3D0D450A4EB0CE4D2D51640C2B842.d.9CBCF1680025FD0BCF48AB547DDED178.e.14447","ELEMENT":"f.8EF3D0D450A4EB0CE4D2D51640C2B842.d.9CBCF1680025FD0BCF48AB547DDED178.e.14447"}]}
COMMAND: POST /session/fa1966063a4db30dbf2f999955ebc217/element - {"using":"xpath","value":"//td[@aria-colindex=\"1\"]/div/div[contains(@class, \"sapMCbBg\")]"}
COMMAND: GET /session/fa1966063a4db30dbf2f999955ebc217/screenshot - {}
RESULT: {"using":"xpath","value":"//td[@aria-colindex=\"1\"]/div/div[contains(@class, \"sapMCbBg\")]"}
COMMAND: POST /session/fa1966063a4db30dbf2f999955ebc217/element/f.8EF3D0D450A4EB0CE4D2D51640C2B842.d.9CBCF1680025FD0BCF48AB547DDED178.e.14317/click - {}
RESULT: {}
RESULT: {}
COMMAND: GET /session/fa1966063a4db30dbf2f999955ebc217/screenshot - {}
RESULT: {}
COMMAND: POST /session/fa1966063a4db30dbf2f999955ebc217/element - {"using":"xpath","value":"//bdi[contains(text(), \"Check\")]"}
RESULT: {"using":"xpath","value":"//bdi[contains(text(), \"Check\")]"}
COMMAND: POST /session/fa1966063a4db30dbf2f999955ebc217/element/f.8EF3D0D450A4EB0CE4D2D51640C2B842.d.9CBCF1680025FD0BCF48AB547DDED178.e.14448/click - {}
RESULT: {}
COMMAND: GET /session/fa1966063a4db30dbf2f999955ebc217/screenshot - {}
RESULT: {}
COMMAND: POST /session/fa1966063a4db30dbf2f999955ebc217/element - {"using":"xpath","value":"//bdi[contains(text(), \"OK\")]"}
RESULT: {"using":"xpath","value":"//bdi[contains(text(), \"OK\")]"}
COMMAND: POST /session/fa1966063a4db30dbf2f999955ebc217/element/f.8EF3D0D450A4EB0CE4D2D51640C2B842.d.9CBCF1680025FD0BCF48AB547DDED178.e.14452/click - {}
RESULT: {}
COMMAND: GET /session/fa1966063a4db30dbf2f999955ebc217/screenshot - {}
RESULT: {}
COMMAND: POST /session/fa1966063a4db30dbf2f999955ebc217/element - {"using":"xpath","value":"(//span[contains(text(), \"CO/SD checked\")]/parent::div/preceding-sibling::div/span)[1]"}
RESULT: {"using":"xpath","value":"(//span[contains(text(), \"CO/SD checked\")]/parent::div/preceding-sibling::div/span)[1]"}
COMMAND: POST /session/fa1966063a4db30dbf2f999955ebc217/element/f.8EF3D0D450A4EB0CE4D2D51640C2B842.d.9CBCF1680025FD0BCF48AB547DDED178.e.14454/click - {}
RESULT: {}
COMMAND: GET /session/fa1966063a4db30dbf2f999955ebc217/screenshot - {}
RESULT: {}
COMMAND: POST /session/fa1966063a4db30dbf2f999955ebc217/element - {"using":"xpath","value":"//input[contains(@id ,\"application-billingtransfer-display-component---billingWorkbench--smartFilterBar-btnBasicSearch\")]"}
RESULT: {"using":"xpath","value":"//input[contains(@id ,\"application-billingtransfer-display-component---billingWorkbench--smartFilterBar-btnBasicSearch\")]"}
COMMAND: POST /session/fa1966063a4db30dbf2f999955ebc217/elements - {"using":"xpath","value":"//input[contains(@id ,\"application-billingtransfer-display-component---billingWorkbench--smartFilterBar-btnBasicSearch\")]"}
RESULT: {"using":"xpath","value":"//input[contains(@id ,\"application-billingtransfer-display-component---billingWorkbench--smartFilterBar-btnBasicSearch\")]"}
COMMAND: POST /session/fa1966063a4db30dbf2f999955ebc217/execute/sync - {"script":"<script> [8489 bytes]","args":[{"element-6066-11e4-a52e-4f735466cecf":"f.8EF3D0D450A4EB0CE4D2D51640C2B842.d.9CBCF1680025FD0BCF48AB547DDED178.e.14241","ELEMENT":"f.8EF3D0D450A4EB0CE4D2D51640C2B842.d.9CBCF1680025FD0BCF48AB547DDED178.e.14241"}]}
RESULT: {"script":"<script> [8489 bytes]","args":[{"element-6066-11e4-a52e-4f735466cecf":"f.8EF3D0D450A4EB0CE4D2D51640C2B842.d.9CBCF1680025FD0BCF48AB547DDED178.e.14241","ELEMENT":"f.8EF3D0D450A4EB0CE4D2D51640C2B842.d.9CBCF1680025FD0BCF48AB547DDED178.e.14241"}]}
COMMAND: GET /session/fa1966063a4db30dbf2f999955ebc217/element/f.8EF3D0D450A4EB0CE4D2D51640C2B842.d.9CBCF1680025FD0BCF48AB547DDED178.e.14241/enabled - {}
COMMAND: GET /session/fa1966063a4db30dbf2f999955ebc217/screenshot - {}
RESULT: {}
COMMAND: POST /session/fa1966063a4db30dbf2f999955ebc217/element/f.8EF3D0D450A4EB0CE4D2D51640C2B842.d.9CBCF1680025FD0BCF48AB547DDED178.e.14241/click - {}
COMMAND: GET /session/fa1966063a4db30dbf2f999955ebc217/screenshot - {}
RESULT: {}
RESULT: {}
COMMAND: GET /session/fa1966063a4db30dbf2f999955ebc217/screenshot - {}
RESULT: {}
RESULT: {}
COMMAND: POST /session/fa1966063a4db30dbf2f999955ebc217/element/f.8EF3D0D450A4EB0CE4D2D51640C2B842.d.9CBCF1680025FD0BCF48AB547DDED178.e.14241/clear - {}
RESULT: {}
COMMAND: POST /session/fa1966063a4db30dbf2f999955ebc217/element/f.8EF3D0D450A4EB0CE4D2D51640C2B842.d.9CBCF1680025FD0BCF48AB547DDED178.e.14241/value - {"text":"10193"}
COMMAND: GET /session/fa1966063a4db30dbf2f999955ebc217/screenshot - {}
RESULT: {"text":"10193"}
COMMAND: POST /session/fa1966063a4db30dbf2f999955ebc217/actions - {"actions":[{"id":"action43","type":"key","parameters":{},"actions":[{"type":"keyDown","value":""},{"type":"pause","duration":10},{"type":"keyUp","value":""}]}]}
COMMAND: GET /session/fa1966063a4db30dbf2f999955ebc217/screenshot - {}
RESULT: {}
RESULT: {"actions":[{"id":"action43","type":"key","parameters":{},"actions":[{"type":"keyDown","value":""},{"type":"pause","duration":10},{"type":"keyUp","value":""}]}]}
COMMAND: GET /session/fa1966063a4db30dbf2f999955ebc217/screenshot - {}
RESULT: {}
RESULT: {}
COMMAND: POST /session/fa1966063a4db30dbf2f999955ebc217/element - {"using":"xpath","value":"//span[contains(@id ,\"application-billingtransfer-display-component---billingWorkbench--smartTableBillingRuns-header-inner\")]"}
RESULT: {"using":"xpath","value":"//span[contains(@id ,\"application-billingtransfer-display-component---billingWorkbench--smartTableBillingRuns-header-inner\")]"}
COMMAND: POST /session/fa1966063a4db30dbf2f999955ebc217/elements - {"using":"xpath","value":"//span[contains(@id ,\"application-billingtransfer-display-component---billingWorkbench--smartTableBillingRuns-header-inner\")]"}
RESULT: {"using":"xpath","value":"//span[contains(@id ,\"application-billingtransfer-display-component---billingWorkbench--smartTableBillingRuns-header-inner\")]"}
COMMAND: POST /session/fa1966063a4db30dbf2f999955ebc217/execute/sync - {"script":"<script> [56 bytes]","args":[{"element-6066-11e4-a52e-4f735466cecf":"f.8EF3D0D450A4EB0CE4D2D51640C2B842.d.9CBCF1680025FD0BCF48AB547DDED178.e.14447","ELEMENT":"f.8EF3D0D450A4EB0CE4D2D51640C2B842.d.9CBCF1680025FD0BCF48AB547DDED178.e.14447"}]}
RESULT: {"script":"<script> [56 bytes]","args":[{"element-6066-11e4-a52e-4f735466cecf":"f.8EF3D0D450A4EB0CE4D2D51640C2B842.d.9CBCF1680025FD0BCF48AB547DDED178.e.14447","ELEMENT":"f.8EF3D0D450A4EB0CE4D2D51640C2B842.d.9CBCF1680025FD0BCF48AB547DDED178.e.14447"}]}
COMMAND: POST /session/fa1966063a4db30dbf2f999955ebc217/element - {"using":"xpath","value":"//td[@aria-colindex=\"1\"]/div/div[contains(@class, \"sapMCbBg\")]"}
COMMAND: GET /session/fa1966063a4db30dbf2f999955ebc217/screenshot - {}
RESULT: {"using":"xpath","value":"//td[@aria-colindex=\"1\"]/div/div[contains(@class, \"sapMCbBg\")]"}
COMMAND: POST /session/fa1966063a4db30dbf2f999955ebc217/element/f.8EF3D0D450A4EB0CE4D2D51640C2B842.d.9CBCF1680025FD0BCF48AB547DDED178.e.14459/click - {}
RESULT: {}
RESULT: {}
COMMAND: GET /session/fa1966063a4db30dbf2f999955ebc217/screenshot - {}
RESULT: {}
COMMAND: POST /session/fa1966063a4db30dbf2f999955ebc217/element - {"using":"xpath","value":"//bdi[text()=\"Transfer\"]"}
RESULT: {"using":"xpath","value":"//bdi[text()=\"Transfer\"]"}
COMMAND: POST /session/fa1966063a4db30dbf2f999955ebc217/element/f.8EF3D0D450A4EB0CE4D2D51640C2B842.d.9CBCF1680025FD0BCF48AB547DDED178.e.14460/click - {}
RESULT: {}
COMMAND: GET /session/fa1966063a4db30dbf2f999955ebc217/screenshot - {}
RESULT: {}
COMMAND: POST /session/fa1966063a4db30dbf2f999955ebc217/element - {"using":"xpath","value":"//bdi[contains(text(), \"OK\")]"}
RESULT: {"using":"xpath","value":"//bdi[contains(text(), \"OK\")]"}
COMMAND: POST /session/fa1966063a4db30dbf2f999955ebc217/element/f.8EF3D0D450A4EB0CE4D2D51640C2B842.d.9CBCF1680025FD0BCF48AB547DDED178.e.14463/click - {}
RESULT: {}
COMMAND: GET /session/fa1966063a4db30dbf2f999955ebc217/screenshot - {}
RESULT: {}
COMMAND: POST /session/fa1966063a4db30dbf2f999955ebc217/element - {"using":"xpath","value":"(//span[contains(text(), \"Completed\")]/parent::div/preceding-sibling::div/span)[1]"}
RESULT: {"using":"xpath","value":"(//span[contains(text(), \"Completed\")]/parent::div/preceding-sibling::div/span)[1]"}
COMMAND: POST /session/fa1966063a4db30dbf2f999955ebc217/element/f.8EF3D0D450A4EB0CE4D2D51640C2B842.d.9CBCF1680025FD0BCF48AB547DDED178.e.14464/click - {}
RESULT: {}
COMMAND: POST /session/fa1966063a4db30dbf2f999955ebc217/element - {"using":"xpath","value":"//input[contains(@id ,\"application-billingtransfer-display-component---billingWorkbench--smartFilterBar-btnBasicSearch\")]"}
COMMAND: GET /session/fa1966063a4db30dbf2f999955ebc217/screenshot - {}
RESULT: {"using":"xpath","value":"//input[contains(@id ,\"application-billingtransfer-display-component---billingWorkbench--smartFilterBar-btnBasicSearch\")]"}
COMMAND: POST /session/fa1966063a4db30dbf2f999955ebc217/elements - {"using":"xpath","value":"//input[contains(@id ,\"application-billingtransfer-display-component---billingWorkbench--smartFilterBar-btnBasicSearch\")]"}
RESULT: {}
RESULT: {"using":"xpath","value":"//input[contains(@id ,\"application-billingtransfer-display-component---billingWorkbench--smartFilterBar-btnBasicSearch\")]"}
COMMAND: POST /session/fa1966063a4db30dbf2f999955ebc217/execute/sync - {"script":"<script> [8489 bytes]","args":[{"element-6066-11e4-a52e-4f735466cecf":"f.8EF3D0D450A4EB0CE4D2D51640C2B842.d.9CBCF1680025FD0BCF48AB547DDED178.e.14241","ELEMENT":"f.8EF3D0D450A4EB0CE4D2D51640C2B842.d.9CBCF1680025FD0BCF48AB547DDED178.e.14241"}]}
RESULT: {"script":"<script> [8489 bytes]","args":[{"element-6066-11e4-a52e-4f735466cecf":"f.8EF3D0D450A4EB0CE4D2D51640C2B842.d.9CBCF1680025FD0BCF48AB547DDED178.e.14241","ELEMENT":"f.8EF3D0D450A4EB0CE4D2D51640C2B842.d.9CBCF1680025FD0BCF48AB547DDED178.e.14241"}]}
COMMAND: GET /session/fa1966063a4db30dbf2f999955ebc217/element/f.8EF3D0D450A4EB0CE4D2D51640C2B842.d.9CBCF1680025FD0BCF48AB547DDED178.e.14241/enabled - {}
COMMAND: GET /session/fa1966063a4db30dbf2f999955ebc217/screenshot - {}
RESULT: {}
COMMAND: POST /session/fa1966063a4db30dbf2f999955ebc217/element/f.8EF3D0D450A4EB0CE4D2D51640C2B842.d.9CBCF1680025FD0BCF48AB547DDED178.e.14241/click - {}
COMMAND: GET /session/fa1966063a4db30dbf2f999955ebc217/screenshot - {}
RESULT: {}
RESULT: {}
COMMAND: GET /session/fa1966063a4db30dbf2f999955ebc217/screenshot - {}
RESULT: {}
RESULT: {}
COMMAND: POST /session/fa1966063a4db30dbf2f999955ebc217/element/f.8EF3D0D450A4EB0CE4D2D51640C2B842.d.9CBCF1680025FD0BCF48AB547DDED178.e.14241/clear - {}
RESULT: {}
COMMAND: POST /session/fa1966063a4db30dbf2f999955ebc217/element/f.8EF3D0D450A4EB0CE4D2D51640C2B842.d.9CBCF1680025FD0BCF48AB547DDED178.e.14241/value - {"text":"10193"}
COMMAND: GET /session/fa1966063a4db30dbf2f999955ebc217/screenshot - {}
RESULT: {"text":"10193"}
COMMAND: POST /session/fa1966063a4db30dbf2f999955ebc217/actions - {"actions":[{"id":"action44","type":"key","parameters":{},"actions":[{"type":"keyDown","value":""},{"type":"pause","duration":10},{"type":"keyUp","value":""}]}]}
COMMAND: GET /session/fa1966063a4db30dbf2f999955ebc217/screenshot - {}
RESULT: {}
RESULT: {"actions":[{"id":"action44","type":"key","parameters":{},"actions":[{"type":"keyDown","value":""},{"type":"pause","duration":10},{"type":"keyUp","value":""}]}]}
COMMAND: GET /session/fa1966063a4db30dbf2f999955ebc217/screenshot - {}
RESULT: {}
RESULT: {}
COMMAND: POST /session/fa1966063a4db30dbf2f999955ebc217/element - {"using":"xpath","value":"//span[contains(@id ,\"application-billingtransfer-display-component---billingWorkbench--smartTableBillingRuns-header-inner\")]"}
RESULT: {"using":"xpath","value":"//span[contains(@id ,\"application-billingtransfer-display-component---billingWorkbench--smartTableBillingRuns-header-inner\")]"}
COMMAND: POST /session/fa1966063a4db30dbf2f999955ebc217/elements - {"using":"xpath","value":"//span[contains(@id ,\"application-billingtransfer-display-component---billingWorkbench--smartTableBillingRuns-header-inner\")]"}
RESULT: {"using":"xpath","value":"//span[contains(@id ,\"application-billingtransfer-display-component---billingWorkbench--smartTableBillingRuns-header-inner\")]"}
COMMAND: POST /session/fa1966063a4db30dbf2f999955ebc217/execute/sync - {"script":"<script> [56 bytes]","args":[{"element-6066-11e4-a52e-4f735466cecf":"f.8EF3D0D450A4EB0CE4D2D51640C2B842.d.9CBCF1680025FD0BCF48AB547DDED178.e.14447","ELEMENT":"f.8EF3D0D450A4EB0CE4D2D51640C2B842.d.9CBCF1680025FD0BCF48AB547DDED178.e.14447"}]}
RESULT: {"script":"<script> [56 bytes]","args":[{"element-6066-11e4-a52e-4f735466cecf":"f.8EF3D0D450A4EB0CE4D2D51640C2B842.d.9CBCF1680025FD0BCF48AB547DDED178.e.14447","ELEMENT":"f.8EF3D0D450A4EB0CE4D2D51640C2B842.d.9CBCF1680025FD0BCF48AB547DDED178.e.14447"}]}
COMMAND: POST /session/fa1966063a4db30dbf2f999955ebc217/element - {"using":"css selector","value":"#shell-header-logo"}
COMMAND: GET /session/fa1966063a4db30dbf2f999955ebc217/screenshot - {}
RESULT: {"using":"css selector","value":"#shell-header-logo"}
COMMAND: POST /session/fa1966063a4db30dbf2f999955ebc217/element/f.8EF3D0D450A4EB0CE4D2D51640C2B842.d.9CBCF1680025FD0BCF48AB547DDED178.e.14239/click - {}
RESULT: {}
RESULT: {}
COMMAND: GET /session/fa1966063a4db30dbf2f999955ebc217/screenshot - {}
RESULT: {}
COMMAND: POST /session/fa1966063a4db30dbf2f999955ebc217/element - {"using":"css selector","value":"#j_username"}
COMMAND: POST /session/fa1966063a4db30dbf2f999955ebc217/url - {"url":"https://qa-testing-00-live-etm-ui.cfapps.eu10-004.hana.ondemand.com/"}
RESULT: {"using":"css selector","value":"#j_username"}
COMMAND: POST /session/fa1966063a4db30dbf2f999955ebc217/element - {"using":"css selector","value":"#j_username"}
RESULT: {"url":"https://qa-testing-00-live-etm-ui.cfapps.eu10-004.hana.ondemand.com/"}
RESULT: undefined
COMMAND: GET /session/fa1966063a4db30dbf2f999955ebc217/screenshot - {}
RESULT: {"using":"css selector","value":"#j_username"}
COMMAND: POST /session/fa1966063a4db30dbf2f999955ebc217/element - {"using":"css selector","value":"#shell-header-logo"}
RESULT: {}
RESULT: {"using":"css selector","value":"#shell-header-logo"}
COMMAND: POST /session/fa1966063a4db30dbf2f999955ebc217/execute/sync - {"script":"<script> [8489 bytes]","args":[{"element-6066-11e4-a52e-4f735466cecf":"f.8EF3D0D450A4EB0CE4D2D51640C2B842.d.6DE9B8E3FDBDEC0DB0EE9DEA86BC7E62.e.14481","ELEMENT":"f.8EF3D0D450A4EB0CE4D2D51640C2B842.d.6DE9B8E3FDBDEC0DB0EE9DEA86BC7E62.e.14481"}]}
RESULT: {"script":"<script> [8489 bytes]","args":[{"element-6066-11e4-a52e-4f735466cecf":"f.8EF3D0D450A4EB0CE4D2D51640C2B842.d.6DE9B8E3FDBDEC0DB0EE9DEA86BC7E62.e.14481","ELEMENT":"f.8EF3D0D450A4EB0CE4D2D51640C2B842.d.6DE9B8E3FDBDEC0DB0EE9DEA86BC7E62.e.14481"}]}
COMMAND: POST /session/fa1966063a4db30dbf2f999955ebc217/element - {"using":"css selector","value":"#shell-header-logo"}
COMMAND: GET /session/fa1966063a4db30dbf2f999955ebc217/screenshot - {}
RESULT: {"using":"css selector","value":"#shell-header-logo"}
COMMAND: POST /session/fa1966063a4db30dbf2f999955ebc217/execute/sync - {"script":"<script> [8489 bytes]","args":[{"element-6066-11e4-a52e-4f735466cecf":"f.8EF3D0D450A4EB0CE4D2D51640C2B842.d.6DE9B8E3FDBDEC0DB0EE9DEA86BC7E62.e.14481","ELEMENT":"f.8EF3D0D450A4EB0CE4D2D51640C2B842.d.6DE9B8E3FDBDEC0DB0EE9DEA86BC7E62.e.14481"}]}
RESULT: {}
RESULT: {"script":"<script> [8489 bytes]","args":[{"element-6066-11e4-a52e-4f735466cecf":"f.8EF3D0D450A4EB0CE4D2D51640C2B842.d.6DE9B8E3FDBDEC0DB0EE9DEA86BC7E62.e.14481","ELEMENT":"f.8EF3D0D450A4EB0CE4D2D51640C2B842.d.6DE9B8E3FDBDEC0DB0EE9DEA86BC7E62.e.14481"}]}
COMMAND: POST /session/fa1966063a4db30dbf2f999955ebc217/execute/sync - {"script":"<script> [5351 bytes]","args":[{"element-6066-11e4-a52e-4f735466cecf":"f.8EF3D0D450A4EB0CE4D2D51640C2B842.d.6DE9B8E3FDBDEC0DB0EE9DEA86BC7E62.e.14481","ELEMENT":"f.8EF3D0D450A4EB0CE4D2D51640C2B842.d.6DE9B8E3FDBDEC0DB0EE9DEA86BC7E62.e.14481"}]}
COMMAND: GET /session/fa1966063a4db30dbf2f999955ebc217/screenshot - {}
RESULT: {"script":"<script> [5351 bytes]","args":[{"element-6066-11e4-a52e-4f735466cecf":"f.8EF3D0D450A4EB0CE4D2D51640C2B842.d.6DE9B8E3FDBDEC0DB0EE9DEA86BC7E62.e.14481","ELEMENT":"f.8EF3D0D450A4EB0CE4D2D51640C2B842.d.6DE9B8E3FDBDEC0DB0EE9DEA86BC7E62.e.14481"}]}
COMMAND: POST /session/fa1966063a4db30dbf2f999955ebc217/element - {"using":"css selector","value":"#shell-header-logo"}
COMMAND: GET /session/fa1966063a4db30dbf2f999955ebc217/screenshot - {}
RESULT: {}
RESULT: {"using":"css selector","value":"#shell-header-logo"}
COMMAND: POST /session/fa1966063a4db30dbf2f999955ebc217/element/f.8EF3D0D450A4EB0CE4D2D51640C2B842.d.6DE9B8E3FDBDEC0DB0EE9DEA86BC7E62.e.14481/click - {}
RESULT: {}
RESULT: {}
COMMAND: GET /session/fa1966063a4db30dbf2f999955ebc217/screenshot - {}
RESULT: {}
COMMAND: POST /session/fa1966063a4db30dbf2f999955ebc217/execute/async - {"script":"<script> [189 bytes]","args":[]}
RESULT: {"script":"<script> [189 bytes]","args":[]}
COMMAND: POST /session/fa1966063a4db30dbf2f999955ebc217/execute/async - {"script":"<script> [123 bytes]","args":[]}
RESULT: {"script":"<script> [123 bytes]","args":[]}
COMMAND: POST /session/fa1966063a4db30dbf2f999955ebc217/timeouts - {"script":"<number>"}
RESULT: {"script":"<number>"}
COMMAND: GET /session/fa1966063a4db30dbf2f999955ebc217/timeouts - {}
RESULT: {}
RESULT: undefined
COMMAND: POST /session/fa1966063a4db30dbf2f999955ebc217/execute/async - {"script":"<script> [2676 bytes]","args":[]}
RESULT: {"script":"<script> [2676 bytes]","args":[]}
COMMAND: POST /session/fa1966063a4db30dbf2f999955ebc217/execute/async - {"script":"<script> [2342 bytes]","args":[{"protocol":"http","hostname":"0.0.0.0","path":"/","capabilities":{"browserName":"chrome","goog:chromeOptions":{"binary":"C:\\Program Files\\Google\\Chrome\\Application\\chrome.exe","args":["--start-maximized"]}},"logLevel":"warn","connectionRetryTimeout":120000,"connectionRetryCount":3,"logLevels":{},"enableDirectConnect":true,"strictSSL":true,"_":"65 more keys: [\"cacheDir\",\"port\",\"requestedCapabilities\",\"automationProtocol\",\"baseUrl\",\"waitforInterval\",\"waitforTimeout\",\"onReload\",\"beforeCommand\",\"afterCommand\",\"rootDir\",\"specs\",\"suites\",\"exclude\",\"groupLogsByTestSpec\",\"excludeDriverLogs\",\"bail\",\"framework\",\"reporters\",\"services\",\"maxInstances\",\"maxInstancesPerCapability\",\"injectGlobals\",\"filesToWatch\",\"execArgv\",\"runnerEnv\",\"runner\",\"shard\",\"specFileRetries\",\"specFileRetriesDelay\",\"specFileRetriesDeferred\",\"reporterSyncInterval\",\"reporterSyncTimeout\",\"cucumberFeaturesWithLineNumbers\",\"autoCompileOpts\",\"mochaOpts\",\"jasmineOpts\",\"cucumberOpts\",\"onPrepare\",\"onWorkerStart\",\"onWorkerEnd\",\"before\",\"beforeSession\",\"beforeSuite\",\"beforeHook\",\"beforeTest\",\"afterTest\",\"afterHook\",\"afterSuite\",\"afterSession\",\"after\",\"onComplete\",\"beforeAssertion\",\"afterAssertion\",\"beforeFeature\",\"beforeScenario\",\"beforeStep\",\"afterStep\",\"afterScenario\",\"afterFeature\",\"_\",\"suite\",\"$0\",\"ignoredWorkerServices\",\"wdi5\"]"}]}
RESULT: {"script":"<script> [2342 bytes]","args":[{"protocol":"http","hostname":"0.0.0.0","path":"/","capabilities":{"browserName":"chrome","goog:chromeOptions":{"binary":"C:\\Program Files\\Google\\Chrome\\Application\\chrome.exe","args":["--start-maximized"]}},"logLevel":"warn","connectionRetryTimeout":120000,"connectionRetryCount":3,"logLevels":{},"enableDirectConnect":true,"strictSSL":true,"_":"65 more keys: [\"cacheDir\",\"port\",\"requestedCapabilities\",\"automationProtocol\",\"baseUrl\",\"waitforInterval\",\"waitforTimeout\",\"onReload\",\"beforeCommand\",\"afterCommand\",\"rootDir\",\"specs\",\"suites\",\"exclude\",\"groupLogsByTestSpec\",\"excludeDriverLogs\",\"bail\",\"framework\",\"reporters\",\"services\",\"maxInstances\",\"maxInstancesPerCapability\",\"injectGlobals\",\"filesToWatch\",\"execArgv\",\"runnerEnv\",\"runner\",\"shard\",\"specFileRetries\",\"specFileRetriesDelay\",\"specFileRetriesDeferred\",\"reporterSyncInterval\",\"reporterSyncTimeout\",\"cucumberFeaturesWithLineNumbers\",\"autoCompileOpts\",\"mochaOpts\",\"jasmineOpts\",\"cucumberOpts\",\"onPrepare\",\"onWorkerStart\",\"onWorkerEnd\",\"before\",\"beforeSession\",\"beforeSuite\",\"beforeHook\",\"beforeTest\",\"afterTest\",\"afterHook\",\"afterSuite\",\"afterSession\",\"after\",\"onComplete\",\"beforeAssertion\",\"afterAssertion\",\"beforeFeature\",\"beforeScenario\",\"beforeStep\",\"afterStep\",\"afterScenario\",\"afterFeature\",\"_\",\"suite\",\"$0\",\"ignoredWorkerServices\",\"wdi5\"]"}]}
COMMAND: POST /session/fa1966063a4db30dbf2f999955ebc217/execute/async - {"script":"<script> [21126 bytes]","args":[35000]}
RESULT: {"script":"<script> [21126 bytes]","args":[35000]}
COMMAND: POST /session/fa1966063a4db30dbf2f999955ebc217/window/maximize - {}
RESULT: {}
COMMAND: POST /session/fa1966063a4db30dbf2f999955ebc217/execute/async - {"script":"<script> [1562 bytes]","args":[{"selector":{"id":"shell-header","interaction":{"idSuffix":"icon"}},"wdio_ui5_key":"shellheader"}]}
COMMAND: GET /session/fa1966063a4db30dbf2f999955ebc217/screenshot - {}
RESULT: {"script":"<script> [1562 bytes]","args":[{"selector":{"id":"shell-header","interaction":{"idSuffix":"icon"}},"wdio_ui5_key":"shellheader"}]}
RESULT: undefined
COMMAND: POST /session/fa1966063a4db30dbf2f999955ebc217/refresh - {}
RESULT: {}
RESULT: {}
COMMAND: GET /session/fa1966063a4db30dbf2f999955ebc217/screenshot - {}
RESULT: {}
COMMAND: POST /session/fa1966063a4db30dbf2f999955ebc217/refresh - {}
RESULT: {}
COMMAND: GET /session/fa1966063a4db30dbf2f999955ebc217/screenshot - {}
RESULT: {}
COMMAND: POST /session/fa1966063a4db30dbf2f999955ebc217/window/fullscreen - {}
RESULT: {}
COMMAND: POST /session/fa1966063a4db30dbf2f999955ebc217/execute/async - {"script":"<script> [189 bytes]","args":[]}
RESULT: {"script":"<script> [189 bytes]","args":[]}
COMMAND: POST /session/fa1966063a4db30dbf2f999955ebc217/execute/async - {"script":"<script> [123 bytes]","args":[]}
RESULT: {"script":"<script> [123 bytes]","args":[]}
COMMAND: POST /session/fa1966063a4db30dbf2f999955ebc217/timeouts - {"script":"<number>"}
RESULT: {"script":"<number>"}
COMMAND: GET /session/fa1966063a4db30dbf2f999955ebc217/timeouts - {}
RESULT: {}
RESULT: undefined
COMMAND: POST /session/fa1966063a4db30dbf2f999955ebc217/execute/async - {"script":"<script> [2676 bytes]","args":[]}
RESULT: {"script":"<script> [2676 bytes]","args":[]}
COMMAND: POST /session/fa1966063a4db30dbf2f999955ebc217/execute/async - {"script":"<script> [2342 bytes]","args":[{"protocol":"http","hostname":"0.0.0.0","path":"/","capabilities":{"browserName":"chrome","goog:chromeOptions":{"binary":"C:\\Program Files\\Google\\Chrome\\Application\\chrome.exe","args":["--start-maximized"]}},"logLevel":"warn","connectionRetryTimeout":120000,"connectionRetryCount":3,"logLevels":{},"enableDirectConnect":true,"strictSSL":true,"_":"65 more keys: [\"cacheDir\",\"port\",\"requestedCapabilities\",\"automationProtocol\",\"baseUrl\",\"waitforInterval\",\"waitforTimeout\",\"onReload\",\"beforeCommand\",\"afterCommand\",\"rootDir\",\"specs\",\"suites\",\"exclude\",\"groupLogsByTestSpec\",\"excludeDriverLogs\",\"bail\",\"framework\",\"reporters\",\"services\",\"maxInstances\",\"maxInstancesPerCapability\",\"injectGlobals\",\"filesToWatch\",\"execArgv\",\"runnerEnv\",\"runner\",\"shard\",\"specFileRetries\",\"specFileRetriesDelay\",\"specFileRetriesDeferred\",\"reporterSyncInterval\",\"reporterSyncTimeout\",\"cucumberFeaturesWithLineNumbers\",\"autoCompileOpts\",\"mochaOpts\",\"jasmineOpts\",\"cucumberOpts\",\"onPrepare\",\"onWorkerStart\",\"onWorkerEnd\",\"before\",\"beforeSession\",\"beforeSuite\",\"beforeHook\",\"beforeTest\",\"afterTest\",\"afterHook\",\"afterSuite\",\"afterSession\",\"after\",\"onComplete\",\"beforeAssertion\",\"afterAssertion\",\"beforeFeature\",\"beforeScenario\",\"beforeStep\",\"afterStep\",\"afterScenario\",\"afterFeature\",\"_\",\"suite\",\"$0\",\"ignoredWorkerServices\",\"wdi5\"]"}]}
RESULT: {"script":"<script> [2342 bytes]","args":[{"protocol":"http","hostname":"0.0.0.0","path":"/","capabilities":{"browserName":"chrome","goog:chromeOptions":{"binary":"C:\\Program Files\\Google\\Chrome\\Application\\chrome.exe","args":["--start-maximized"]}},"logLevel":"warn","connectionRetryTimeout":120000,"connectionRetryCount":3,"logLevels":{},"enableDirectConnect":true,"strictSSL":true,"_":"65 more keys: [\"cacheDir\",\"port\",\"requestedCapabilities\",\"automationProtocol\",\"baseUrl\",\"waitforInterval\",\"waitforTimeout\",\"onReload\",\"beforeCommand\",\"afterCommand\",\"rootDir\",\"specs\",\"suites\",\"exclude\",\"groupLogsByTestSpec\",\"excludeDriverLogs\",\"bail\",\"framework\",\"reporters\",\"services\",\"maxInstances\",\"maxInstancesPerCapability\",\"injectGlobals\",\"filesToWatch\",\"execArgv\",\"runnerEnv\",\"runner\",\"shard\",\"specFileRetries\",\"specFileRetriesDelay\",\"specFileRetriesDeferred\",\"reporterSyncInterval\",\"reporterSyncTimeout\",\"cucumberFeaturesWithLineNumbers\",\"autoCompileOpts\",\"mochaOpts\",\"jasmineOpts\",\"cucumberOpts\",\"onPrepare\",\"onWorkerStart\",\"onWorkerEnd\",\"before\",\"beforeSession\",\"beforeSuite\",\"beforeHook\",\"beforeTest\",\"afterTest\",\"afterHook\",\"afterSuite\",\"afterSession\",\"after\",\"onComplete\",\"beforeAssertion\",\"afterAssertion\",\"beforeFeature\",\"beforeScenario\",\"beforeStep\",\"afterStep\",\"afterScenario\",\"afterFeature\",\"_\",\"suite\",\"$0\",\"ignoredWorkerServices\",\"wdi5\"]"}]}
COMMAND: POST /session/fa1966063a4db30dbf2f999955ebc217/execute/async - {"script":"<script> [21126 bytes]","args":[35000]}
RESULT: {"script":"<script> [21126 bytes]","args":[35000]}
]]></system-out>
    </testcase>
  </testsuite>
  <testsuite timestamp="2025-05-24T18:02:04" time="794.573" tests="12" failures="0" errors="0" skipped="0">
    <properties>
      <property name="specId" value="0"/>
      <property name="suiteName" value="Billing transfer US117289"/>
      <property name="capabilities" value="chrome.136_0_7103_93.windows"/>
      <property name="file" value="file:///D:/a/1/s/test/specs/BTS/billing-transfer.spec.js"/>
    </properties>
    <testcase classname="chrome.136_0_7103_93.windows.Billing_transfer_US117289" name="Should create a new yard" time="0.032">
      <system-out><![CDATA[
COMMAND: POST /session/fa1966063a4db30dbf2f999955ebc217/window/fullscreen - {}
RESULT: {}
]]></system-out>
    </testcase>
    <testcase classname="chrome.136_0_7103_93.windows.Billing_transfer_US117289" name="Should create a new partner" time="0.004"/>
    <testcase classname="chrome.136_0_7103_93.windows.Billing_transfer_US117289" name="Should create a new site" time="0.006"/>
    <testcase classname="chrome.136_0_7103_93.windows.Billing_transfer_US117289" name="Should create a new equipment" time="160.077">
      <system-out><![CDATA[
COMMAND: POST /session/fa1966063a4db30dbf2f999955ebc217/execute/async - {"script":"<script> [1562 bytes]","args":[{"selector":{"controlType":"sap.m.GenericTile","properties":{"header":"Manage Resources"}},"wdio_ui5_key":"sapm.GenericTile{\"header\":\"Manage Resources\"}"}]}
RESULT: {"script":"<script> [1562 bytes]","args":[{"selector":{"controlType":"sap.m.GenericTile","properties":{"header":"Manage Resources"}},"wdio_ui5_key":"sapm.GenericTile{\"header\":\"Manage Resources\"}"}]}
RESULT: undefined
COMMAND: POST /session/fa1966063a4db30dbf2f999955ebc217/element - {"using":"xpath","value":"//*[@id=\"__tile39\"]"}
RESULT: {"using":"xpath","value":"//*[@id=\"__tile39\"]"}
COMMAND: POST /session/fa1966063a4db30dbf2f999955ebc217/element/f.8EF3D0D450A4EB0CE4D2D51640C2B842.d.31C5521047E6D2EEBFE0CC068A6AE94D.e.14643/click - {}
RESULT: {}
COMMAND: GET /session/fa1966063a4db30dbf2f999955ebc217/screenshot - {}
RESULT: {}
COMMAND: POST /session/fa1966063a4db30dbf2f999955ebc217/elements - {"using":"xpath","value":"//span[text()='Error']"}
RESULT: {"using":"xpath","value":"//span[text()='Error']"}
COMMAND: POST /session/fa1966063a4db30dbf2f999955ebc217/element - {"using":"xpath","value":"//button[@data-kt=\"addNewRUOverflowToolbarButton\"]"}
RESULT: {"using":"xpath","value":"//button[@data-kt=\"addNewRUOverflowToolbarButton\"]"}
COMMAND: POST /session/fa1966063a4db30dbf2f999955ebc217/elements - {"using":"xpath","value":"//button[@data-kt=\"addNewRUOverflowToolbarButton\"]"}
RESULT: {"using":"xpath","value":"//button[@data-kt=\"addNewRUOverflowToolbarButton\"]"}
COMMAND: POST /session/fa1966063a4db30dbf2f999955ebc217/elements - {"using":"xpath","value":"//button[@data-kt=\"addNewRUOverflowToolbarButton\"]"}
RESULT: {"using":"xpath","value":"//button[@data-kt=\"addNewRUOverflowToolbarButton\"]"}
COMMAND: POST /session/fa1966063a4db30dbf2f999955ebc217/elements - {"using":"xpath","value":"//button[@data-kt=\"addNewRUOverflowToolbarButton\"]"}
RESULT: {"using":"xpath","value":"//button[@data-kt=\"addNewRUOverflowToolbarButton\"]"}
COMMAND: POST /session/fa1966063a4db30dbf2f999955ebc217/element - {"using":"xpath","value":"//button[@data-kt=\"addNewRUOverflowToolbarButton\"]"}
RESULT: {"using":"xpath","value":"//button[@data-kt=\"addNewRUOverflowToolbarButton\"]"}
COMMAND: POST /session/fa1966063a4db30dbf2f999955ebc217/execute/sync - {"script":"<script> [8489 bytes]","args":[{"element-6066-11e4-a52e-4f735466cecf":"f.8EF3D0D450A4EB0CE4D2D51640C2B842.d.31C5521047E6D2EEBFE0CC068A6AE94D.e.14895","ELEMENT":"f.8EF3D0D450A4EB0CE4D2D51640C2B842.d.31C5521047E6D2EEBFE0CC068A6AE94D.e.14895"}]}
RESULT: {"script":"<script> [8489 bytes]","args":[{"element-6066-11e4-a52e-4f735466cecf":"f.8EF3D0D450A4EB0CE4D2D51640C2B842.d.31C5521047E6D2EEBFE0CC068A6AE94D.e.14895","ELEMENT":"f.8EF3D0D450A4EB0CE4D2D51640C2B842.d.31C5521047E6D2EEBFE0CC068A6AE94D.e.14895"}]}
COMMAND: GET /session/fa1966063a4db30dbf2f999955ebc217/element/f.8EF3D0D450A4EB0CE4D2D51640C2B842.d.31C5521047E6D2EEBFE0CC068A6AE94D.e.14895/enabled - {}
COMMAND: GET /session/fa1966063a4db30dbf2f999955ebc217/screenshot - {}
RESULT: {}
COMMAND: POST /session/fa1966063a4db30dbf2f999955ebc217/execute/sync - {"script":"<script> [8489 bytes]","args":[{"element-6066-11e4-a52e-4f735466cecf":"f.8EF3D0D450A4EB0CE4D2D51640C2B842.d.31C5521047E6D2EEBFE0CC068A6AE94D.e.14895","ELEMENT":"f.8EF3D0D450A4EB0CE4D2D51640C2B842.d.31C5521047E6D2EEBFE0CC068A6AE94D.e.14895"}]}
COMMAND: GET /session/fa1966063a4db30dbf2f999955ebc217/screenshot - {}
RESULT: {}
RESULT: {"script":"<script> [8489 bytes]","args":[{"element-6066-11e4-a52e-4f735466cecf":"f.8EF3D0D450A4EB0CE4D2D51640C2B842.d.31C5521047E6D2EEBFE0CC068A6AE94D.e.14895","ELEMENT":"f.8EF3D0D450A4EB0CE4D2D51640C2B842.d.31C5521047E6D2EEBFE0CC068A6AE94D.e.14895"}]}
COMMAND: POST /session/fa1966063a4db30dbf2f999955ebc217/execute/sync - {"script":"<script> [5351 bytes]","args":[{"element-6066-11e4-a52e-4f735466cecf":"f.8EF3D0D450A4EB0CE4D2D51640C2B842.d.31C5521047E6D2EEBFE0CC068A6AE94D.e.14895","ELEMENT":"f.8EF3D0D450A4EB0CE4D2D51640C2B842.d.31C5521047E6D2EEBFE0CC068A6AE94D.e.14895"}]}
COMMAND: GET /session/fa1966063a4db30dbf2f999955ebc217/screenshot - {}
RESULT: {}
RESULT: {"script":"<script> [5351 bytes]","args":[{"element-6066-11e4-a52e-4f735466cecf":"f.8EF3D0D450A4EB0CE4D2D51640C2B842.d.31C5521047E6D2EEBFE0CC068A6AE94D.e.14895","ELEMENT":"f.8EF3D0D450A4EB0CE4D2D51640C2B842.d.31C5521047E6D2EEBFE0CC068A6AE94D.e.14895"}]}
COMMAND: POST /session/fa1966063a4db30dbf2f999955ebc217/element/f.8EF3D0D450A4EB0CE4D2D51640C2B842.d.31C5521047E6D2EEBFE0CC068A6AE94D.e.14895/click - {}
COMMAND: GET /session/fa1966063a4db30dbf2f999955ebc217/screenshot - {}
RESULT: {}
RESULT: {}
COMMAND: GET /session/fa1966063a4db30dbf2f999955ebc217/screenshot - {}
RESULT: {}
COMMAND: POST /session/fa1966063a4db30dbf2f999955ebc217/execute/async - {"script":"<script> [1562 bytes]","args":[{"selector":{"id":"application-manageresources-display-component---newResourceUnit--TYPE-arrow"},"wdio_ui5_key":"applicationmanageresources-display-component---newResourceUnit--TYPE-arrow"}]}
RESULT: {}
RESULT: {"script":"<script> [1562 bytes]","args":[{"selector":{"id":"application-manageresources-display-component---newResourceUnit--TYPE-arrow"},"wdio_ui5_key":"applicationmanageresources-display-component---newResourceUnit--TYPE-arrow"}]}
RESULT: undefined
COMMAND: POST /session/fa1966063a4db30dbf2f999955ebc217/element - {"using":"xpath","value":"//*[@id=\"application-manageresources-display-component---newResourceUnit--TYPE-arrow\"]"}
RESULT: {"using":"xpath","value":"//*[@id=\"application-manageresources-display-component---newResourceUnit--TYPE-arrow\"]"}
COMMAND: POST /session/fa1966063a4db30dbf2f999955ebc217/element/f.8EF3D0D450A4EB0CE4D2D51640C2B842.d.31C5521047E6D2EEBFE0CC068A6AE94D.e.15136/click - {}
RESULT: {}
COMMAND: POST /session/fa1966063a4db30dbf2f999955ebc217/element - {"using":"xpath","value":"//input[@id=\"application-manageresources-display-component---newResourceUnit--TYPE-inner\"]"}
COMMAND: GET /session/fa1966063a4db30dbf2f999955ebc217/screenshot - {}
RESULT: {"using":"xpath","value":"//input[@id=\"application-manageresources-display-component---newResourceUnit--TYPE-inner\"]"}
COMMAND: POST /session/fa1966063a4db30dbf2f999955ebc217/element/f.8EF3D0D450A4EB0CE4D2D51640C2B842.d.31C5521047E6D2EEBFE0CC068A6AE94D.e.15132/clear - {}
RESULT: {}
RESULT: {}
COMMAND: POST /session/fa1966063a4db30dbf2f999955ebc217/element/f.8EF3D0D450A4EB0CE4D2D51640C2B842.d.31C5521047E6D2EEBFE0CC068A6AE94D.e.15132/value - {"text":"Equipment"}
COMMAND: GET /session/fa1966063a4db30dbf2f999955ebc217/screenshot - {}
RESULT: {"text":"Equipment"}
COMMAND: GET /session/fa1966063a4db30dbf2f999955ebc217/screenshot - {}
RESULT: {}
RESULT: {}
COMMAND: POST /session/fa1966063a4db30dbf2f999955ebc217/actions - {"actions":[{"id":"action45","type":"key","parameters":{},"actions":[{"type":"keyDown","value":""},{"type":"pause","duration":10},{"type":"keyUp","value":""}]}]}
RESULT: {"actions":[{"id":"action45","type":"key","parameters":{},"actions":[{"type":"keyDown","value":""},{"type":"pause","duration":10},{"type":"keyUp","value":""}]}]}
COMMAND: POST /session/fa1966063a4db30dbf2f999955ebc217/execute/async - {"script":"<script> [1562 bytes]","args":[{"selector":{"id":"application-manageresources-display-component---newResourceUnit--resourceId","interaction":{"idSuffix":"inner"}},"wdio_ui5_key":"applicationmanageresources-display-component---newResourceUnit--resourceId"}]}
COMMAND: GET /session/fa1966063a4db30dbf2f999955ebc217/screenshot - {}
RESULT: {"script":"<script> [1562 bytes]","args":[{"selector":{"id":"application-manageresources-display-component---newResourceUnit--resourceId","interaction":{"idSuffix":"inner"}},"wdio_ui5_key":"applicationmanageresources-display-component---newResourceUnit--resourceId"}]}
RESULT: undefined
COMMAND: POST /session/fa1966063a4db30dbf2f999955ebc217/execute/async - {"script":"<script> [776 bytes]","args":[{"enterText":"cCSrYA9wpJ","selector":{"id":"application-manageresources-display-component---newResourceUnit--resourceId","interaction":{"idSuffix":"inner"}},"clearTextFirst":true,"interactionType":"ENTER_TEXT"}]}
RESULT: {}
RESULT: {"script":"<script> [776 bytes]","args":[{"enterText":"cCSrYA9wpJ","selector":{"id":"application-manageresources-display-component---newResourceUnit--resourceId","interaction":{"idSuffix":"inner"}},"clearTextFirst":true,"interactionType":"ENTER_TEXT"}]}
COMMAND: POST /session/fa1966063a4db30dbf2f999955ebc217/execute/async - {"script":"<script> [1562 bytes]","args":[{"selector":{"id":"application-manageresources-display-component---newResourceUnit--SHORT_TEXT","interaction":{"idSuffix":"inner"}},"wdio_ui5_key":"applicationmanageresources-display-component---newResourceUnit--SHORT_TEXT"}]}
RESULT: {"script":"<script> [1562 bytes]","args":[{"selector":{"id":"application-manageresources-display-component---newResourceUnit--SHORT_TEXT","interaction":{"idSuffix":"inner"}},"wdio_ui5_key":"applicationmanageresources-display-component---newResourceUnit--SHORT_TEXT"}]}
RESULT: undefined
COMMAND: POST /session/fa1966063a4db30dbf2f999955ebc217/execute/async - {"script":"<script> [776 bytes]","args":[{"enterText":"Intercompany Equipment WDIO","selector":{"id":"application-manageresources-display-component---newResourceUnit--SHORT_TEXT","interaction":{"idSuffix":"inner"}},"clearTextFirst":true,"interactionType":"ENTER_TEXT"}]}
RESULT: {"script":"<script> [776 bytes]","args":[{"enterText":"Intercompany Equipment WDIO","selector":{"id":"application-manageresources-display-component---newResourceUnit--SHORT_TEXT","interaction":{"idSuffix":"inner"}},"clearTextFirst":true,"interactionType":"ENTER_TEXT"}]}
COMMAND: POST /session/fa1966063a4db30dbf2f999955ebc217/execute/async - {"script":"<script> [1562 bytes]","args":[{"selector":{"id":"application-manageresources-display-component---newResourceUnit--BASE_UNIT_OF_MEASURE","interaction":{"idSuffix":"inner"}},"wdio_ui5_key":"applicationmanageresources-display-component---newResourceUnit--BASE_UNIT_OF_MEASURE"}]}
RESULT: {"script":"<script> [1562 bytes]","args":[{"selector":{"id":"application-manageresources-display-component---newResourceUnit--BASE_UNIT_OF_MEASURE","interaction":{"idSuffix":"inner"}},"wdio_ui5_key":"applicationmanageresources-display-component---newResourceUnit--BASE_UNIT_OF_MEASURE"}]}
RESULT: undefined
COMMAND: POST /session/fa1966063a4db30dbf2f999955ebc217/execute/async - {"script":"<script> [776 bytes]","args":[{"enterText":"Piece","selector":{"id":"application-manageresources-display-component---newResourceUnit--BASE_UNIT_OF_MEASURE","interaction":{"idSuffix":"inner"}},"clearTextFirst":true,"interactionType":"ENTER_TEXT"}]}
RESULT: {"script":"<script> [776 bytes]","args":[{"enterText":"Piece","selector":{"id":"application-manageresources-display-component---newResourceUnit--BASE_UNIT_OF_MEASURE","interaction":{"idSuffix":"inner"}},"clearTextFirst":true,"interactionType":"ENTER_TEXT"}]}
COMMAND: POST /session/fa1966063a4db30dbf2f999955ebc217/execute/async - {"script":"<script> [1562 bytes]","args":[{"selector":{"id":"application-manageresources-display-component---newResourceUnit--WEIGHT_UNIT","interaction":{"idSuffix":"inner"}},"wdio_ui5_key":"applicationmanageresources-display-component---newResourceUnit--WEIGHT_UNIT"}]}
RESULT: {"script":"<script> [1562 bytes]","args":[{"selector":{"id":"application-manageresources-display-component---newResourceUnit--WEIGHT_UNIT","interaction":{"idSuffix":"inner"}},"wdio_ui5_key":"applicationmanageresources-display-component---newResourceUnit--WEIGHT_UNIT"}]}
RESULT: undefined
COMMAND: POST /session/fa1966063a4db30dbf2f999955ebc217/execute/async - {"script":"<script> [776 bytes]","args":[{"enterText":"Gram","selector":{"id":"application-manageresources-display-component---newResourceUnit--WEIGHT_UNIT","interaction":{"idSuffix":"inner"}},"clearTextFirst":true,"interactionType":"ENTER_TEXT"}]}
RESULT: {"script":"<script> [776 bytes]","args":[{"enterText":"Gram","selector":{"id":"application-manageresources-display-component---newResourceUnit--WEIGHT_UNIT","interaction":{"idSuffix":"inner"}},"clearTextFirst":true,"interactionType":"ENTER_TEXT"}]}
COMMAND: POST /session/fa1966063a4db30dbf2f999955ebc217/execute/async - {"script":"<script> [1562 bytes]","args":[{"selector":{"id":"application-manageresources-display-component---newResourceUnit--DIMENSION_UNIT","interaction":{"idSuffix":"inner"}},"wdio_ui5_key":"applicationmanageresources-display-component---newResourceUnit--DIMENSION_UNIT"}]}
RESULT: {"script":"<script> [1562 bytes]","args":[{"selector":{"id":"application-manageresources-display-component---newResourceUnit--DIMENSION_UNIT","interaction":{"idSuffix":"inner"}},"wdio_ui5_key":"applicationmanageresources-display-component---newResourceUnit--DIMENSION_UNIT"}]}
RESULT: undefined
COMMAND: POST /session/fa1966063a4db30dbf2f999955ebc217/execute/async - {"script":"<script> [776 bytes]","args":[{"enterText":"Meter","selector":{"id":"application-manageresources-display-component---newResourceUnit--DIMENSION_UNIT","interaction":{"idSuffix":"inner"}},"clearTextFirst":true,"interactionType":"ENTER_TEXT"}]}
RESULT: {"script":"<script> [776 bytes]","args":[{"enterText":"Meter","selector":{"id":"application-manageresources-display-component---newResourceUnit--DIMENSION_UNIT","interaction":{"idSuffix":"inner"}},"clearTextFirst":true,"interactionType":"ENTER_TEXT"}]}
COMMAND: POST /session/fa1966063a4db30dbf2f999955ebc217/execute/async - {"script":"<script> [1562 bytes]","args":[{"selector":{"id":"application-manageresources-display-component---newResourceUnit--newRRUPage-anchBar-application-manageresources-display-component---newResourceUnit--control-anchor","interaction":{"idSuffix":"BDI-content"}},"wdio_ui5_key":"applicationmanageresources-display-component---newResourceUnit--newRRUPage-anchBar-application-manageresources-display-component---newResourceUnit--control-anchor"}]}
RESULT: {"script":"<script> [1562 bytes]","args":[{"selector":{"id":"application-manageresources-display-component---newResourceUnit--newRRUPage-anchBar-application-manageresources-display-component---newResourceUnit--control-anchor","interaction":{"idSuffix":"BDI-content"}},"wdio_ui5_key":"applicationmanageresources-display-component---newResourceUnit--newRRUPage-anchBar-application-manageresources-display-component---newResourceUnit--control-anchor"}]}
RESULT: undefined
COMMAND: POST /session/fa1966063a4db30dbf2f999955ebc217/element - {"using":"xpath","value":"//*[@id=\"application-manageresources-display-component---newResourceUnit--newRRUPage-anchBar-application-manageresources-display-component---newResourceUnit--control-anchor\"]"}
RESULT: {"using":"xpath","value":"//*[@id=\"application-manageresources-display-component---newResourceUnit--newRRUPage-anchBar-application-manageresources-display-component---newResourceUnit--control-anchor\"]"}
COMMAND: POST /session/fa1966063a4db30dbf2f999955ebc217/element/f.8EF3D0D450A4EB0CE4D2D51640C2B842.d.31C5521047E6D2EEBFE0CC068A6AE94D.e.15296/click - {}
RESULT: {}
COMMAND: POST /session/fa1966063a4db30dbf2f999955ebc217/execute/async - {"script":"<script> [1562 bytes]","args":[{"selector":{"id":"application-manageresources-display-component---newResourceUnit--PLANNING_GROUP","interaction":{"idSuffix":"inner"}},"wdio_ui5_key":"applicationmanageresources-display-component---newResourceUnit--PLANNING_GROUP"}]}
COMMAND: GET /session/fa1966063a4db30dbf2f999955ebc217/screenshot - {}
RESULT: {"script":"<script> [1562 bytes]","args":[{"selector":{"id":"application-manageresources-display-component---newResourceUnit--PLANNING_GROUP","interaction":{"idSuffix":"inner"}},"wdio_ui5_key":"applicationmanageresources-display-component---newResourceUnit--PLANNING_GROUP"}]}
RESULT: undefined
COMMAND: POST /session/fa1966063a4db30dbf2f999955ebc217/execute/async - {"script":"<script> [776 bytes]","args":[{"enterText":"Heavy Equi","selector":{"id":"application-manageresources-display-component---newResourceUnit--PLANNING_GROUP","interaction":{"idSuffix":"inner"}},"clearTextFirst":true,"interactionType":"ENTER_TEXT"}]}
RESULT: {}
RESULT: {"script":"<script> [776 bytes]","args":[{"enterText":"Heavy Equi","selector":{"id":"application-manageresources-display-component---newResourceUnit--PLANNING_GROUP","interaction":{"idSuffix":"inner"}},"clearTextFirst":true,"interactionType":"ENTER_TEXT"}]}
COMMAND: POST /session/fa1966063a4db30dbf2f999955ebc217/execute/async - {"script":"<script> [1562 bytes]","args":[{"selector":{"id":"application-manageresources-display-component---newResourceUnit--ITEM_TYPE-arrow"},"wdio_ui5_key":"applicationmanageresources-display-component---newResourceUnit--ITEM_TYPE-arrow"}]}
RESULT: {"script":"<script> [1562 bytes]","args":[{"selector":{"id":"application-manageresources-display-component---newResourceUnit--ITEM_TYPE-arrow"},"wdio_ui5_key":"applicationmanageresources-display-component---newResourceUnit--ITEM_TYPE-arrow"}]}
RESULT: undefined
COMMAND: POST /session/fa1966063a4db30dbf2f999955ebc217/element - {"using":"xpath","value":"//*[@id=\"application-manageresources-display-component---newResourceUnit--ITEM_TYPE-arrow\"]"}
RESULT: {"using":"xpath","value":"//*[@id=\"application-manageresources-display-component---newResourceUnit--ITEM_TYPE-arrow\"]"}
COMMAND: POST /session/fa1966063a4db30dbf2f999955ebc217/element/f.8EF3D0D450A4EB0CE4D2D51640C2B842.d.31C5521047E6D2EEBFE0CC068A6AE94D.e.15305/click - {}
RESULT: {}
COMMAND: POST /session/fa1966063a4db30dbf2f999955ebc217/element - {"using":"xpath","value":"(//span[contains(text(), \"Resource Unit\")])[2]"}
COMMAND: GET /session/fa1966063a4db30dbf2f999955ebc217/screenshot - {}
RESULT: {"using":"xpath","value":"(//span[contains(text(), \"Resource Unit\")])[2]"}
COMMAND: POST /session/fa1966063a4db30dbf2f999955ebc217/element/f.8EF3D0D450A4EB0CE4D2D51640C2B842.d.31C5521047E6D2EEBFE0CC068A6AE94D.e.15306/click - {}
RESULT: {}
RESULT: {}
COMMAND: GET /session/fa1966063a4db30dbf2f999955ebc217/screenshot - {}
RESULT: {}
COMMAND: POST /session/fa1966063a4db30dbf2f999955ebc217/element - {"using":"css selector","value":"#application-manageresources-display-component---newResourceUnit--btnAddTimeSegment"}
RESULT: {"using":"css selector","value":"#application-manageresources-display-component---newResourceUnit--btnAddTimeSegment"}
COMMAND: GET /session/fa1966063a4db30dbf2f999955ebc217/element/f.8EF3D0D450A4EB0CE4D2D51640C2B842.d.31C5521047E6D2EEBFE0CC068A6AE94D.e.15313/rect - {}
RESULT: {}
COMMAND: GET /session/fa1966063a4db30dbf2f999955ebc217/window/rect - {}
RESULT: {}
COMMAND: POST /session/fa1966063a4db30dbf2f999955ebc217/execute/sync - {"script":"<script> [92 bytes]","args":[]}
RESULT: {"script":"<script> [92 bytes]","args":[]}
COMMAND: POST /session/fa1966063a4db30dbf2f999955ebc217/actions - {"actions":[{"id":"action46","type":"wheel","parameters":{},"actions":[{"type":"scroll","x":-1888,"y":-32,"deltaX":0,"deltaY":0,"duration":0,"origin":{"element-6066-11e4-a52e-4f735466cecf":"f.8EF3D0D450A4EB0CE4D2D51640C2B842.d.31C5521047E6D2EEBFE0CC068A6AE94D.e.15313"}}]}]}
COMMAND: GET /session/fa1966063a4db30dbf2f999955ebc217/screenshot - {}
RESULT: {}
COMMAND: POST /session/fa1966063a4db30dbf2f999955ebc217/execute/sync - {"script":"<script> [79 bytes]","args":[{"element-6066-11e4-a52e-4f735466cecf":"f.8EF3D0D450A4EB0CE4D2D51640C2B842.d.31C5521047E6D2EEBFE0CC068A6AE94D.e.15313","ELEMENT":"f.8EF3D0D450A4EB0CE4D2D51640C2B842.d.31C5521047E6D2EEBFE0CC068A6AE94D.e.15313"},{"block":"start","inline":"nearest"}]}
RESULT: {"script":"<script> [79 bytes]","args":[{"element-6066-11e4-a52e-4f735466cecf":"f.8EF3D0D450A4EB0CE4D2D51640C2B842.d.31C5521047E6D2EEBFE0CC068A6AE94D.e.15313","ELEMENT":"f.8EF3D0D450A4EB0CE4D2D51640C2B842.d.31C5521047E6D2EEBFE0CC068A6AE94D.e.15313"},{"block":"start","inline":"nearest"}]}
COMMAND: POST /session/fa1966063a4db30dbf2f999955ebc217/execute/async - {"script":"<script> [1562 bytes]","args":[{"selector":{"id":"application-manageresources-display-component---newResourceUnit--btnAddTimeSegment","interaction":{"idSuffix":"inner"}},"wdio_ui5_key":"applicationmanageresources-display-component---newResourceUnit--btnAddTimeSegment"}]}
COMMAND: GET /session/fa1966063a4db30dbf2f999955ebc217/screenshot - {}
RESULT: {"script":"<script> [1562 bytes]","args":[{"selector":{"id":"application-manageresources-display-component---newResourceUnit--btnAddTimeSegment","interaction":{"idSuffix":"inner"}},"wdio_ui5_key":"applicationmanageresources-display-component---newResourceUnit--btnAddTimeSegment"}]}
RESULT: undefined
COMMAND: POST /session/fa1966063a4db30dbf2f999955ebc217/element - {"using":"xpath","value":"//*[@id=\"application-manageresources-display-component---newResourceUnit--btnAddTimeSegment\"]"}
RESULT: {}
RESULT: {"using":"xpath","value":"//*[@id=\"application-manageresources-display-component---newResourceUnit--btnAddTimeSegment\"]"}
COMMAND: POST /session/fa1966063a4db30dbf2f999955ebc217/element/f.8EF3D0D450A4EB0CE4D2D51640C2B842.d.31C5521047E6D2EEBFE0CC068A6AE94D.e.15313/click - {}
RESULT: {}
COMMAND: GET /session/fa1966063a4db30dbf2f999955ebc217/screenshot - {}
RESULT: {}
COMMAND: POST /session/fa1966063a4db30dbf2f999955ebc217/element - {"using":"xpath","value":"//input[@id=\"application-manageresources-display-component---newResourceUnit--idRuTSAdmin-application-manageresources-display-component---newResourceUnit--RUTimeSegment-0-inner\"]"}
RESULT: {"using":"xpath","value":"//input[@id=\"application-manageresources-display-component---newResourceUnit--idRuTSAdmin-application-manageresources-display-component---newResourceUnit--RUTimeSegment-0-inner\"]"}
COMMAND: POST /session/fa1966063a4db30dbf2f999955ebc217/element/f.8EF3D0D450A4EB0CE4D2D51640C2B842.d.31C5521047E6D2EEBFE0CC068A6AE94D.e.15319/clear - {}
RESULT: {}
COMMAND: POST /session/fa1966063a4db30dbf2f999955ebc217/element/f.8EF3D0D450A4EB0CE4D2D51640C2B842.d.31C5521047E6D2EEBFE0CC068A6AE94D.e.15319/value - {"text":"258"}
COMMAND: GET /session/fa1966063a4db30dbf2f999955ebc217/screenshot - {}
RESULT: {"text":"258"}
COMMAND: GET /session/fa1966063a4db30dbf2f999955ebc217/screenshot - {}
RESULT: {}
RESULT: {}
COMMAND: POST /session/fa1966063a4db30dbf2f999955ebc217/element - {"using":"xpath","value":"//li[.//span[text()='258']]"}
RESULT: {"using":"xpath","value":"//li[.//span[text()='258']]"}
COMMAND: POST /session/fa1966063a4db30dbf2f999955ebc217/element/f.8EF3D0D450A4EB0CE4D2D51640C2B842.d.31C5521047E6D2EEBFE0CC068A6AE94D.e.15331/click - {}
RESULT: {}
COMMAND: GET /session/fa1966063a4db30dbf2f999955ebc217/screenshot - {}
RESULT: {}
COMMAND: POST /session/fa1966063a4db30dbf2f999955ebc217/element - {"using":"xpath","value":"(//span[contains(@id, \"-application-manageresources-display-component---newResourceUnit--RUTimeSegment-0-arrow\")])[6]"}
RESULT: {"using":"xpath","value":"(//span[contains(@id, \"-application-manageresources-display-component---newResourceUnit--RUTimeSegment-0-arrow\")])[6]"}
COMMAND: POST /session/fa1966063a4db30dbf2f999955ebc217/element/f.8EF3D0D450A4EB0CE4D2D51640C2B842.d.31C5521047E6D2EEBFE0CC068A6AE94D.e.15332/click - {}
RESULT: {}
COMMAND: GET /session/fa1966063a4db30dbf2f999955ebc217/screenshot - {}
RESULT: {}
COMMAND: POST /session/fa1966063a4db30dbf2f999955ebc217/element - {"using":"xpath","value":"//span[contains(text(), \"PM Order\")]"}
RESULT: {"using":"xpath","value":"//span[contains(text(), \"PM Order\")]"}
COMMAND: POST /session/fa1966063a4db30dbf2f999955ebc217/element/f.8EF3D0D450A4EB0CE4D2D51640C2B842.d.31C5521047E6D2EEBFE0CC068A6AE94D.e.15335/click - {}
RESULT: {}
COMMAND: GET /session/fa1966063a4db30dbf2f999955ebc217/screenshot - {}
RESULT: {}
COMMAND: POST /session/fa1966063a4db30dbf2f999955ebc217/element - {"using":"xpath","value":"(//span[contains(@id ,\"manageresources-display-component---newResourceUnit--RUTimeSegment-0-vhi\")])[1]"}
RESULT: {"using":"xpath","value":"(//span[contains(@id ,\"manageresources-display-component---newResourceUnit--RUTimeSegment-0-vhi\")])[1]"}
COMMAND: GET /session/fa1966063a4db30dbf2f999955ebc217/element/f.8EF3D0D450A4EB0CE4D2D51640C2B842.d.31C5521047E6D2EEBFE0CC068A6AE94D.e.15339/rect - {}
RESULT: {}
COMMAND: GET /session/fa1966063a4db30dbf2f999955ebc217/window/rect - {}
RESULT: {}
COMMAND: POST /session/fa1966063a4db30dbf2f999955ebc217/execute/sync - {"script":"<script> [92 bytes]","args":[]}
RESULT: {"script":"<script> [92 bytes]","args":[]}
COMMAND: POST /session/fa1966063a4db30dbf2f999955ebc217/actions - {"actions":[{"id":"action47","type":"wheel","parameters":{},"actions":[{"type":"scroll","x":-869,"y":-24,"deltaX":0,"deltaY":0,"duration":0,"origin":{"element-6066-11e4-a52e-4f735466cecf":"f.8EF3D0D450A4EB0CE4D2D51640C2B842.d.31C5521047E6D2EEBFE0CC068A6AE94D.e.15339"}}]}]}
COMMAND: GET /session/fa1966063a4db30dbf2f999955ebc217/screenshot - {}
RESULT: {"actions":[{"id":"action47","type":"wheel","parameters":{},"actions":[{"type":"scroll","x":-869,"y":-24,"deltaX":0,"deltaY":0,"duration":0,"origin":{"element-6066-11e4-a52e-4f735466cecf":"f.8EF3D0D450A4EB0CE4D2D51640C2B842.d.31C5521047E6D2EEBFE0CC068A6AE94D.e.15339"}}]}]}
COMMAND: DELETE /session/fa1966063a4db30dbf2f999955ebc217/actions - {}
COMMAND: GET /session/fa1966063a4db30dbf2f999955ebc217/screenshot - {}
RESULT: {}
RESULT: {}
COMMAND: GET /session/fa1966063a4db30dbf2f999955ebc217/screenshot - {}
RESULT: {}
RESULT: {}
COMMAND: POST /session/fa1966063a4db30dbf2f999955ebc217/element/f.8EF3D0D450A4EB0CE4D2D51640C2B842.d.31C5521047E6D2EEBFE0CC068A6AE94D.e.15339/click - {}
RESULT: {}
COMMAND: GET /session/fa1966063a4db30dbf2f999955ebc217/screenshot - {}
RESULT: {}
COMMAND: POST /session/fa1966063a4db30dbf2f999955ebc217/execute/async - {"script":"<script> [1562 bytes]","args":[{"selector":{"controlType":"sap.m.SearchField","properties":{"placeholder":"Search"},"searchOpenDialogs":true,"interaction":{"idSuffix":"I"}},"wdio_ui5_key":"sapm.SearchField{\"placeholder\":\"Search\"}"}]}
RESULT: {"script":"<script> [1562 bytes]","args":[{"selector":{"controlType":"sap.m.SearchField","properties":{"placeholder":"Search"},"searchOpenDialogs":true,"interaction":{"idSuffix":"I"}},"wdio_ui5_key":"sapm.SearchField{\"placeholder\":\"Search\"}"}]}
RESULT: undefined
COMMAND: POST /session/fa1966063a4db30dbf2f999955ebc217/execute/async - {"script":"<script> [776 bytes]","args":[{"enterText":"4000360","selector":{"controlType":"sap.m.SearchField","properties":{"placeholder":"Search"},"searchOpenDialogs":true,"interaction":{"idSuffix":"I"}},"clearTextFirst":true,"interactionType":"ENTER_TEXT"}]}
RESULT: {"script":"<script> [776 bytes]","args":[{"enterText":"4000360","selector":{"controlType":"sap.m.SearchField","properties":{"placeholder":"Search"},"searchOpenDialogs":true,"interaction":{"idSuffix":"I"}},"clearTextFirst":true,"interactionType":"ENTER_TEXT"}]}
COMMAND: POST /session/fa1966063a4db30dbf2f999955ebc217/actions - {"actions":[{"id":"action48","type":"key","parameters":{},"actions":[{"type":"keyDown","value":""},{"type":"pause","duration":10},{"type":"keyUp","value":""}]}]}
RESULT: {"actions":[{"id":"action48","type":"key","parameters":{},"actions":[{"type":"keyDown","value":""},{"type":"pause","duration":10},{"type":"keyUp","value":""}]}]}
COMMAND: GET /session/fa1966063a4db30dbf2f999955ebc217/screenshot - {}
RESULT: {}
COMMAND: POST /session/fa1966063a4db30dbf2f999955ebc217/element - {"using":"xpath","value":"//td/div/span[contains(text(), \"BGL Vehicles\")]"}
RESULT: {"using":"xpath","value":"//td/div/span[contains(text(), \"BGL Vehicles\")]"}
COMMAND: POST /session/fa1966063a4db30dbf2f999955ebc217/element/f.8EF3D0D450A4EB0CE4D2D51640C2B842.d.31C5521047E6D2EEBFE0CC068A6AE94D.e.15362/click - {}
RESULT: {}
COMMAND: GET /session/fa1966063a4db30dbf2f999955ebc217/screenshot - {}
RESULT: {}
COMMAND: POST /session/fa1966063a4db30dbf2f999955ebc217/element - {"using":"xpath","value":"//bdi[contains(text(), \"OK\")]"}
RESULT: {"using":"xpath","value":"//bdi[contains(text(), \"OK\")]"}
COMMAND: POST /session/fa1966063a4db30dbf2f999955ebc217/element/f.8EF3D0D450A4EB0CE4D2D51640C2B842.d.31C5521047E6D2EEBFE0CC068A6AE94D.e.15363/click - {}
RESULT: {}
COMMAND: GET /session/fa1966063a4db30dbf2f999955ebc217/screenshot - {}
RESULT: {}
COMMAND: POST /session/fa1966063a4db30dbf2f999955ebc217/execute/async - {"script":"<script> [1562 bytes]","args":[{"selector":{"id":"application-manageresources-display-component---newResourceUnit--newRRUPage-anchBar-application-manageresources-display-component---newResourceUnit--resource-anchor","interaction":{"idSuffix":"BDI-content"}},"wdio_ui5_key":"applicationmanageresources-display-component---newResourceUnit--newRRUPage-anchBar-application-manageresources-display-component---newResourceUnit--resource-anchor"}]}
RESULT: {"script":"<script> [1562 bytes]","args":[{"selector":{"id":"application-manageresources-display-component---newResourceUnit--newRRUPage-anchBar-application-manageresources-display-component---newResourceUnit--resource-anchor","interaction":{"idSuffix":"BDI-content"}},"wdio_ui5_key":"applicationmanageresources-display-component---newResourceUnit--newRRUPage-anchBar-application-manageresources-display-component---newResourceUnit--resource-anchor"}]}
RESULT: undefined
COMMAND: POST /session/fa1966063a4db30dbf2f999955ebc217/element - {"using":"xpath","value":"//*[@id=\"application-manageresources-display-component---newResourceUnit--newRRUPage-anchBar-application-manageresources-display-component---newResourceUnit--resource-anchor\"]"}
RESULT: {"using":"xpath","value":"//*[@id=\"application-manageresources-display-component---newResourceUnit--newRRUPage-anchBar-application-manageresources-display-component---newResourceUnit--resource-anchor\"]"}
COMMAND: POST /session/fa1966063a4db30dbf2f999955ebc217/element/f.8EF3D0D450A4EB0CE4D2D51640C2B842.d.31C5521047E6D2EEBFE0CC068A6AE94D.e.15367/click - {}
RESULT: {}
COMMAND: POST /session/fa1966063a4db30dbf2f999955ebc217/execute/async - {"script":"<script> [1562 bytes]","args":[{"selector":{"id":"application-manageresources-display-component---newResourceUnit--PLANNED_DELIVERY_DATE","interaction":{"idSuffix":"inner"}},"wdio_ui5_key":"applicationmanageresources-display-component---newResourceUnit--PLANNED_DELIVERY_DATE"}]}
COMMAND: GET /session/fa1966063a4db30dbf2f999955ebc217/screenshot - {}
RESULT: {"script":"<script> [1562 bytes]","args":[{"selector":{"id":"application-manageresources-display-component---newResourceUnit--PLANNED_DELIVERY_DATE","interaction":{"idSuffix":"inner"}},"wdio_ui5_key":"applicationmanageresources-display-component---newResourceUnit--PLANNED_DELIVERY_DATE"}]}
RESULT: undefined
COMMAND: POST /session/fa1966063a4db30dbf2f999955ebc217/execute/async - {"script":"<script> [6424 bytes]","args":[{"element-6066-11e4-a52e-4f735466cecf":"f.8EF3D0D450A4EB0CE4D2D51640C2B842.d.31C5521047E6D2EEBFE0CC068A6AE94D.e.15195"},"setValue",["5/24/25"]]}
RESULT: {}
RESULT: {"script":"<script> [6424 bytes]","args":[{"element-6066-11e4-a52e-4f735466cecf":"f.8EF3D0D450A4EB0CE4D2D51640C2B842.d.31C5521047E6D2EEBFE0CC068A6AE94D.e.15195"},"setValue",["5/24/25"]]}
COMMAND: POST /session/fa1966063a4db30dbf2f999955ebc217/element - {"using":"xpath","value":"//label[contains(@class, 'sapMLabelRequired') and .//bdi[contains(text(), 'Planned Retirement')]]"}
RESULT: {"using":"xpath","value":"//label[contains(@class, 'sapMLabelRequired') and .//bdi[contains(text(), 'Planned Retirement')]]"}
COMMAND: POST /session/fa1966063a4db30dbf2f999955ebc217/elements - {"using":"xpath","value":"//label[contains(@class, 'sapMLabelRequired') and .//bdi[contains(text(), 'Planned Retirement')]]"}
RESULT: {"using":"xpath","value":"//label[contains(@class, 'sapMLabelRequired') and .//bdi[contains(text(), 'Planned Retirement')]]"}
COMMAND: POST /session/fa1966063a4db30dbf2f999955ebc217/element - {"using":"xpath","value":"//button[@data-kt=\"resourceUnitSaveButton\"]"}
RESULT: {"using":"xpath","value":"//button[@data-kt=\"resourceUnitSaveButton\"]"}
COMMAND: POST /session/fa1966063a4db30dbf2f999955ebc217/element/f.8EF3D0D450A4EB0CE4D2D51640C2B842.d.31C5521047E6D2EEBFE0CC068A6AE94D.e.15154/click - {}
RESULT: {}
COMMAND: GET /session/fa1966063a4db30dbf2f999955ebc217/screenshot - {}
RESULT: {}
COMMAND: POST /session/fa1966063a4db30dbf2f999955ebc217/element - {"using":"xpath","value":"//bdi[contains(text(), \"Close\")]"}
RESULT: {"using":"xpath","value":"//bdi[contains(text(), \"Close\")]"}
COMMAND: POST /session/fa1966063a4db30dbf2f999955ebc217/element/f.8EF3D0D450A4EB0CE4D2D51640C2B842.d.31C5521047E6D2EEBFE0CC068A6AE94D.e.15375/click - {}
RESULT: {}
COMMAND: GET /session/fa1966063a4db30dbf2f999955ebc217/screenshot - {}
RESULT: {}
COMMAND: POST /session/fa1966063a4db30dbf2f999955ebc217/element - {"using":"xpath","value":"(//button[contains(@id ,\"actionsToolbar-overflowButton\")])[1]"}
RESULT: {"using":"xpath","value":"(//button[contains(@id ,\"actionsToolbar-overflowButton\")])[1]"}
COMMAND: POST /session/fa1966063a4db30dbf2f999955ebc217/element/f.8EF3D0D450A4EB0CE4D2D51640C2B842.d.31C5521047E6D2EEBFE0CC068A6AE94D.e.15430/click - {}
RESULT: {}
COMMAND: GET /session/fa1966063a4db30dbf2f999955ebc217/screenshot - {}
RESULT: {}
COMMAND: POST /session/fa1966063a4db30dbf2f999955ebc217/element - {"using":"xpath","value":"//button[@data-kt=\"priceInfoButton\"]"}
RESULT: {"using":"xpath","value":"//button[@data-kt=\"priceInfoButton\"]"}
COMMAND: POST /session/fa1966063a4db30dbf2f999955ebc217/element/f.8EF3D0D450A4EB0CE4D2D51640C2B842.d.31C5521047E6D2EEBFE0CC068A6AE94D.e.15434/click - {}
RESULT: {}
COMMAND: GET /session/fa1966063a4db30dbf2f999955ebc217/screenshot - {}
RESULT: {}
]]></system-out>
    </testcase>
    <testcase classname="chrome.136_0_7103_93.windows.Billing_transfer_US117289" name="Should create new pricing rule" time="49.467">
      <system-out><![CDATA[
COMMAND: POST /session/fa1966063a4db30dbf2f999955ebc217/element - {"using":"xpath","value":"//button[@data-kt=\"addButton\"]"}
RESULT: {"using":"xpath","value":"//button[@data-kt=\"addButton\"]"}
COMMAND: POST /session/fa1966063a4db30dbf2f999955ebc217/elements - {"using":"xpath","value":"//button[@data-kt=\"addButton\"]"}
RESULT: {"using":"xpath","value":"//button[@data-kt=\"addButton\"]"}
COMMAND: POST /session/fa1966063a4db30dbf2f999955ebc217/execute/sync - {"script":"<script> [8489 bytes]","args":[{"element-6066-11e4-a52e-4f735466cecf":"f.8EF3D0D450A4EB0CE4D2D51640C2B842.d.31C5521047E6D2EEBFE0CC068A6AE94D.e.15466","ELEMENT":"f.8EF3D0D450A4EB0CE4D2D51640C2B842.d.31C5521047E6D2EEBFE0CC068A6AE94D.e.15466"}]}
RESULT: {"script":"<script> [8489 bytes]","args":[{"element-6066-11e4-a52e-4f735466cecf":"f.8EF3D0D450A4EB0CE4D2D51640C2B842.d.31C5521047E6D2EEBFE0CC068A6AE94D.e.15466","ELEMENT":"f.8EF3D0D450A4EB0CE4D2D51640C2B842.d.31C5521047E6D2EEBFE0CC068A6AE94D.e.15466"}]}
COMMAND: GET /session/fa1966063a4db30dbf2f999955ebc217/element/f.8EF3D0D450A4EB0CE4D2D51640C2B842.d.31C5521047E6D2EEBFE0CC068A6AE94D.e.15466/enabled - {}
COMMAND: GET /session/fa1966063a4db30dbf2f999955ebc217/screenshot - {}
RESULT: {}
COMMAND: POST /session/fa1966063a4db30dbf2f999955ebc217/execute/sync - {"script":"<script> [8489 bytes]","args":[{"element-6066-11e4-a52e-4f735466cecf":"f.8EF3D0D450A4EB0CE4D2D51640C2B842.d.31C5521047E6D2EEBFE0CC068A6AE94D.e.15466","ELEMENT":"f.8EF3D0D450A4EB0CE4D2D51640C2B842.d.31C5521047E6D2EEBFE0CC068A6AE94D.e.15466"}]}
COMMAND: GET /session/fa1966063a4db30dbf2f999955ebc217/screenshot - {}
RESULT: {}
RESULT: {"script":"<script> [8489 bytes]","args":[{"element-6066-11e4-a52e-4f735466cecf":"f.8EF3D0D450A4EB0CE4D2D51640C2B842.d.31C5521047E6D2EEBFE0CC068A6AE94D.e.15466","ELEMENT":"f.8EF3D0D450A4EB0CE4D2D51640C2B842.d.31C5521047E6D2EEBFE0CC068A6AE94D.e.15466"}]}
COMMAND: POST /session/fa1966063a4db30dbf2f999955ebc217/execute/sync - {"script":"<script> [5351 bytes]","args":[{"element-6066-11e4-a52e-4f735466cecf":"f.8EF3D0D450A4EB0CE4D2D51640C2B842.d.31C5521047E6D2EEBFE0CC068A6AE94D.e.15466","ELEMENT":"f.8EF3D0D450A4EB0CE4D2D51640C2B842.d.31C5521047E6D2EEBFE0CC068A6AE94D.e.15466"}]}
COMMAND: GET /session/fa1966063a4db30dbf2f999955ebc217/screenshot - {}
RESULT: {}
RESULT: {"script":"<script> [5351 bytes]","args":[{"element-6066-11e4-a52e-4f735466cecf":"f.8EF3D0D450A4EB0CE4D2D51640C2B842.d.31C5521047E6D2EEBFE0CC068A6AE94D.e.15466","ELEMENT":"f.8EF3D0D450A4EB0CE4D2D51640C2B842.d.31C5521047E6D2EEBFE0CC068A6AE94D.e.15466"}]}
COMMAND: POST /session/fa1966063a4db30dbf2f999955ebc217/element/f.8EF3D0D450A4EB0CE4D2D51640C2B842.d.31C5521047E6D2EEBFE0CC068A6AE94D.e.15466/click - {}
COMMAND: GET /session/fa1966063a4db30dbf2f999955ebc217/screenshot - {}
RESULT: {}
RESULT: {}
COMMAND: GET /session/fa1966063a4db30dbf2f999955ebc217/screenshot - {}
RESULT: {}
RESULT: {}
COMMAND: POST /session/fa1966063a4db30dbf2f999955ebc217/execute/async - {"script":"<script> [1562 bytes]","args":[{"selector":{"controlType":"sap.m.Title","viewName":"etm.portal.ui.managepricingrules.view.NewItem","viewId":"application-managepricingrules-display-component---newInfoPriceItem","properties":{"text":"New Pricing Rules - Item Level"}},"wdio_ui5_key":"etmportal.ui.managepricingrules.view.NewItemsap.m.Title{\"text\":\"New Pricing Rules - Item Level\"}"}]}
RESULT: {"script":"<script> [1562 bytes]","args":[{"selector":{"controlType":"sap.m.Title","viewName":"etm.portal.ui.managepricingrules.view.NewItem","viewId":"application-managepricingrules-display-component---newInfoPriceItem","properties":{"text":"New Pricing Rules - Item Level"}},"wdio_ui5_key":"etmportal.ui.managepricingrules.view.NewItemsap.m.Title{\"text\":\"New Pricing Rules - Item Level\"}"}]}
RESULT: undefined
COMMAND: POST /session/fa1966063a4db30dbf2f999955ebc217/execute/async - {"script":"<script> [6424 bytes]","args":[{"element-6066-11e4-a52e-4f735466cecf":"f.8EF3D0D450A4EB0CE4D2D51640C2B842.d.31C5521047E6D2EEBFE0CC068A6AE94D.e.15631"},"getText",[]]}
RESULT: {"script":"<script> [6424 bytes]","args":[{"element-6066-11e4-a52e-4f735466cecf":"f.8EF3D0D450A4EB0CE4D2D51640C2B842.d.31C5521047E6D2EEBFE0CC068A6AE94D.e.15631"},"getText",[]]}
COMMAND: POST /session/fa1966063a4db30dbf2f999955ebc217/execute/async - {"script":"<script> [1562 bytes]","args":[{"selector":{"id":"application-managepricingrules-display-component---newInfoPriceItem--condValidTo","interaction":{"idSuffix":"inner"}},"wdio_ui5_key":"applicationmanagepricingrules-display-component---newInfoPriceItem--condValidTo"}]}
RESULT: {"script":"<script> [1562 bytes]","args":[{"selector":{"id":"application-managepricingrules-display-component---newInfoPriceItem--condValidTo","interaction":{"idSuffix":"inner"}},"wdio_ui5_key":"applicationmanagepricingrules-display-component---newInfoPriceItem--condValidTo"}]}
RESULT: undefined
COMMAND: POST /session/fa1966063a4db30dbf2f999955ebc217/execute/async - {"script":"<script> [776 bytes]","args":[{"enterText":"1/24/26","selector":{"id":"application-managepricingrules-display-component---newInfoPriceItem--condValidTo","interaction":{"idSuffix":"inner"}},"clearTextFirst":true,"interactionType":"ENTER_TEXT"}]}
RESULT: {"script":"<script> [776 bytes]","args":[{"enterText":"1/24/26","selector":{"id":"application-managepricingrules-display-component---newInfoPriceItem--condValidTo","interaction":{"idSuffix":"inner"}},"clearTextFirst":true,"interactionType":"ENTER_TEXT"}]}
COMMAND: POST /session/fa1966063a4db30dbf2f999955ebc217/execute/async - {"script":"<script> [1562 bytes]","args":[{"selector":{"id":"application-managepricingrules-display-component---newInfoPriceItem--billType-arrow"},"wdio_ui5_key":"applicationmanagepricingrules-display-component---newInfoPriceItem--billType-arrow"}]}
RESULT: {"script":"<script> [1562 bytes]","args":[{"selector":{"id":"application-managepricingrules-display-component---newInfoPriceItem--billType-arrow"},"wdio_ui5_key":"applicationmanagepricingrules-display-component---newInfoPriceItem--billType-arrow"}]}
RESULT: undefined
COMMAND: POST /session/fa1966063a4db30dbf2f999955ebc217/element - {"using":"xpath","value":"//*[@id=\"application-managepricingrules-display-component---newInfoPriceItem--billType-arrow\"]"}
RESULT: {"using":"xpath","value":"//*[@id=\"application-managepricingrules-display-component---newInfoPriceItem--billType-arrow\"]"}
COMMAND: POST /session/fa1966063a4db30dbf2f999955ebc217/element/f.8EF3D0D450A4EB0CE4D2D51640C2B842.d.31C5521047E6D2EEBFE0CC068A6AE94D.e.15633/click - {}
RESULT: {}
COMMAND: POST /session/fa1966063a4db30dbf2f999955ebc217/element - {"using":"xpath","value":"//span[contains(text(), \"TB - Time based\")]"}
COMMAND: GET /session/fa1966063a4db30dbf2f999955ebc217/screenshot - {}
RESULT: {"using":"xpath","value":"//span[contains(text(), \"TB - Time based\")]"}
COMMAND: POST /session/fa1966063a4db30dbf2f999955ebc217/element/f.8EF3D0D450A4EB0CE4D2D51640C2B842.d.31C5521047E6D2EEBFE0CC068A6AE94D.e.15634/click - {}
RESULT: {}
RESULT: {}
COMMAND: POST /session/fa1966063a4db30dbf2f999955ebc217/execute/async - {"script":"<script> [1562 bytes]","args":[{"selector":{"id":"application-managepricingrules-display-component---newInfoPriceItem--priceProc-arrow"},"wdio_ui5_key":"applicationmanagepricingrules-display-component---newInfoPriceItem--priceProc-arrow"}]}
COMMAND: GET /session/fa1966063a4db30dbf2f999955ebc217/screenshot - {}
RESULT: {"script":"<script> [1562 bytes]","args":[{"selector":{"id":"application-managepricingrules-display-component---newInfoPriceItem--priceProc-arrow"},"wdio_ui5_key":"applicationmanagepricingrules-display-component---newInfoPriceItem--priceProc-arrow"}]}
RESULT: undefined
COMMAND: POST /session/fa1966063a4db30dbf2f999955ebc217/element - {"using":"xpath","value":"//*[@id=\"application-managepricingrules-display-component---newInfoPriceItem--priceProc-arrow\"]"}
RESULT: {}
RESULT: {"using":"xpath","value":"//*[@id=\"application-managepricingrules-display-component---newInfoPriceItem--priceProc-arrow\"]"}
COMMAND: POST /session/fa1966063a4db30dbf2f999955ebc217/element/f.8EF3D0D450A4EB0CE4D2D51640C2B842.d.31C5521047E6D2EEBFE0CC068A6AE94D.e.15595/click - {}
RESULT: {}
COMMAND: POST /session/fa1966063a4db30dbf2f999955ebc217/element - {"using":"xpath","value":"//span[contains(text(), \"TBS - Time based standard\")]"}
COMMAND: GET /session/fa1966063a4db30dbf2f999955ebc217/screenshot - {}
RESULT: {"using":"xpath","value":"//span[contains(text(), \"TBS - Time based standard\")]"}
COMMAND: POST /session/fa1966063a4db30dbf2f999955ebc217/element/f.8EF3D0D450A4EB0CE4D2D51640C2B842.d.31C5521047E6D2EEBFE0CC068A6AE94D.e.15635/click - {}
RESULT: {}
RESULT: {}
COMMAND: POST /session/fa1966063a4db30dbf2f999955ebc217/execute/async - {"script":"<script> [1562 bytes]","args":[{"selector":{"id":"application-managepricingrules-display-component---newInfoPriceItem--calcBase-arrow"},"wdio_ui5_key":"applicationmanagepricingrules-display-component---newInfoPriceItem--calcBase-arrow"}]}
COMMAND: GET /session/fa1966063a4db30dbf2f999955ebc217/screenshot - {}
RESULT: {"script":"<script> [1562 bytes]","args":[{"selector":{"id":"application-managepricingrules-display-component---newInfoPriceItem--calcBase-arrow"},"wdio_ui5_key":"applicationmanagepricingrules-display-component---newInfoPriceItem--calcBase-arrow"}]}
RESULT: undefined
COMMAND: POST /session/fa1966063a4db30dbf2f999955ebc217/element - {"using":"xpath","value":"//*[@id=\"application-managepricingrules-display-component---newInfoPriceItem--calcBase-arrow\"]"}
RESULT: {}
RESULT: {"using":"xpath","value":"//*[@id=\"application-managepricingrules-display-component---newInfoPriceItem--calcBase-arrow\"]"}
COMMAND: POST /session/fa1966063a4db30dbf2f999955ebc217/element/f.8EF3D0D450A4EB0CE4D2D51640C2B842.d.31C5521047E6D2EEBFE0CC068A6AE94D.e.15602/click - {}
RESULT: {}
COMMAND: GET /session/fa1966063a4db30dbf2f999955ebc217/screenshot - {}
RESULT: {}
COMMAND: POST /session/fa1966063a4db30dbf2f999955ebc217/element - {"using":"xpath","value":"//span[contains(text(), \"0006 - TB(calendar days)\")]"}
RESULT: {"using":"xpath","value":"//span[contains(text(), \"0006 - TB(calendar days)\")]"}
COMMAND: POST /session/fa1966063a4db30dbf2f999955ebc217/element/f.8EF3D0D450A4EB0CE4D2D51640C2B842.d.31C5521047E6D2EEBFE0CC068A6AE94D.e.15636/click - {}
RESULT: {}
COMMAND: GET /session/fa1966063a4db30dbf2f999955ebc217/screenshot - {}
RESULT: {}
COMMAND: POST /session/fa1966063a4db30dbf2f999955ebc217/execute/async - {"script":"<script> [1562 bytes]","args":[{"selector":{"id":"application-managepricingrules-display-component---newInfoPriceItem--daysMonth","interaction":{"idSuffix":"inner"}},"wdio_ui5_key":"applicationmanagepricingrules-display-component---newInfoPriceItem--daysMonth"}]}
RESULT: {"script":"<script> [1562 bytes]","args":[{"selector":{"id":"application-managepricingrules-display-component---newInfoPriceItem--daysMonth","interaction":{"idSuffix":"inner"}},"wdio_ui5_key":"applicationmanagepricingrules-display-component---newInfoPriceItem--daysMonth"}]}
RESULT: undefined
COMMAND: POST /session/fa1966063a4db30dbf2f999955ebc217/execute/async - {"script":"<script> [776 bytes]","args":[{"enterText":"30","selector":{"id":"application-managepricingrules-display-component---newInfoPriceItem--daysMonth","interaction":{"idSuffix":"inner"}},"clearTextFirst":true,"interactionType":"ENTER_TEXT"}]}
RESULT: {"script":"<script> [776 bytes]","args":[{"enterText":"30","selector":{"id":"application-managepricingrules-display-component---newInfoPriceItem--daysMonth","interaction":{"idSuffix":"inner"}},"clearTextFirst":true,"interactionType":"ENTER_TEXT"}]}
COMMAND: POST /session/fa1966063a4db30dbf2f999955ebc217/element - {"using":"xpath","value":"//button[@data-kt=\"saveNewRuleButton\"]"}
RESULT: {"using":"xpath","value":"//button[@data-kt=\"saveNewRuleButton\"]"}
COMMAND: POST /session/fa1966063a4db30dbf2f999955ebc217/element/f.8EF3D0D450A4EB0CE4D2D51640C2B842.d.31C5521047E6D2EEBFE0CC068A6AE94D.e.15619/click - {}
RESULT: {}
COMMAND: GET /session/fa1966063a4db30dbf2f999955ebc217/screenshot - {}
RESULT: {}
COMMAND: POST /session/fa1966063a4db30dbf2f999955ebc217/execute/async - {"script":"<script> [1562 bytes]","args":[{"selector":{"id":"application-managepricingrules-display-component---priceInfoItem--smartFilterBar-btnBasicSearch","interaction":{"idSuffix":"I"}},"wdio_ui5_key":"applicationmanagepricingrules-display-component---priceInfoItem--smartFilterBar-btnBasicSearch"}]}
RESULT: {"script":"<script> [1562 bytes]","args":[{"selector":{"id":"application-managepricingrules-display-component---priceInfoItem--smartFilterBar-btnBasicSearch","interaction":{"idSuffix":"I"}},"wdio_ui5_key":"applicationmanagepricingrules-display-component---priceInfoItem--smartFilterBar-btnBasicSearch"}]}
RESULT: undefined
COMMAND: POST /session/fa1966063a4db30dbf2f999955ebc217/execute/async - {"script":"<script> [776 bytes]","args":[{"enterText":"cCSrYA9wpJ","selector":{"id":"application-managepricingrules-display-component---priceInfoItem--smartFilterBar-btnBasicSearch","interaction":{"idSuffix":"I"}},"clearTextFirst":true,"interactionType":"ENTER_TEXT"}]}
RESULT: {"script":"<script> [776 bytes]","args":[{"enterText":"cCSrYA9wpJ","selector":{"id":"application-managepricingrules-display-component---priceInfoItem--smartFilterBar-btnBasicSearch","interaction":{"idSuffix":"I"}},"clearTextFirst":true,"interactionType":"ENTER_TEXT"}]}
COMMAND: POST /session/fa1966063a4db30dbf2f999955ebc217/actions - {"actions":[{"id":"action49","type":"key","parameters":{},"actions":[{"type":"keyDown","value":""},{"type":"pause","duration":10},{"type":"keyUp","value":""}]}]}
RESULT: {"actions":[{"id":"action49","type":"key","parameters":{},"actions":[{"type":"keyDown","value":""},{"type":"pause","duration":10},{"type":"keyUp","value":""}]}]}
COMMAND: GET /session/fa1966063a4db30dbf2f999955ebc217/screenshot - {}
RESULT: {}
COMMAND: POST /session/fa1966063a4db30dbf2f999955ebc217/element - {"using":"xpath","value":"//span[@id=\"application-managepricingrules-display-component---priceInfoItem--smartTable-header-inner\"]"}
RESULT: {"using":"xpath","value":"//span[@id=\"application-managepricingrules-display-component---priceInfoItem--smartTable-header-inner\"]"}
COMMAND: POST /session/fa1966063a4db30dbf2f999955ebc217/elements - {"using":"xpath","value":"//span[@id=\"application-managepricingrules-display-component---priceInfoItem--smartTable-header-inner\"]"}
RESULT: {"using":"xpath","value":"//span[@id=\"application-managepricingrules-display-component---priceInfoItem--smartTable-header-inner\"]"}
COMMAND: POST /session/fa1966063a4db30dbf2f999955ebc217/execute/sync - {"script":"<script> [56 bytes]","args":[{"element-6066-11e4-a52e-4f735466cecf":"f.8EF3D0D450A4EB0CE4D2D51640C2B842.d.31C5521047E6D2EEBFE0CC068A6AE94D.e.15660","ELEMENT":"f.8EF3D0D450A4EB0CE4D2D51640C2B842.d.31C5521047E6D2EEBFE0CC068A6AE94D.e.15660"}]}
RESULT: {"script":"<script> [56 bytes]","args":[{"element-6066-11e4-a52e-4f735466cecf":"f.8EF3D0D450A4EB0CE4D2D51640C2B842.d.31C5521047E6D2EEBFE0CC068A6AE94D.e.15660","ELEMENT":"f.8EF3D0D450A4EB0CE4D2D51640C2B842.d.31C5521047E6D2EEBFE0CC068A6AE94D.e.15660"}]}
COMMAND: POST /session/fa1966063a4db30dbf2f999955ebc217/element - {"using":"css selector","value":"#shell-header-logo"}
COMMAND: GET /session/fa1966063a4db30dbf2f999955ebc217/screenshot - {}
RESULT: {"using":"css selector","value":"#shell-header-logo"}
COMMAND: POST /session/fa1966063a4db30dbf2f999955ebc217/element/f.8EF3D0D450A4EB0CE4D2D51640C2B842.d.31C5521047E6D2EEBFE0CC068A6AE94D.e.14751/click - {}
RESULT: {}
RESULT: {}
COMMAND: GET /session/fa1966063a4db30dbf2f999955ebc217/screenshot - {}
RESULT: {}
]]></system-out>
    </testcase>
    <testcase classname="chrome.136_0_7103_93.windows.Billing_transfer_US117289" name="Should create new condition for equipment" time="79.824">
      <system-out><![CDATA[
COMMAND: POST /session/fa1966063a4db30dbf2f999955ebc217/execute/async - {"script":"<script> [1562 bytes]","args":[{"selector":{"controlType":"sap.m.GenericTile","properties":{"header":"Manage Conditions & Prices"}},"wdio_ui5_key":"sapm.GenericTile{\"header\":\"Manage Conditions & Prices\"}"}]}
RESULT: {"script":"<script> [1562 bytes]","args":[{"selector":{"controlType":"sap.m.GenericTile","properties":{"header":"Manage Conditions & Prices"}},"wdio_ui5_key":"sapm.GenericTile{\"header\":\"Manage Conditions & Prices\"}"}]}
RESULT: undefined
COMMAND: POST /session/fa1966063a4db30dbf2f999955ebc217/element - {"using":"xpath","value":"//*[@id=\"__tile53\"]"}
RESULT: {"using":"xpath","value":"//*[@id=\"__tile53\"]"}
COMMAND: POST /session/fa1966063a4db30dbf2f999955ebc217/element/f.8EF3D0D450A4EB0CE4D2D51640C2B842.d.31C5521047E6D2EEBFE0CC068A6AE94D.e.14690/click - {}
RESULT: {}
COMMAND: GET /session/fa1966063a4db30dbf2f999955ebc217/screenshot - {}
RESULT: {}
COMMAND: POST /session/fa1966063a4db30dbf2f999955ebc217/elements - {"using":"xpath","value":"//span[text()='Error']"}
RESULT: {"using":"xpath","value":"//span[text()='Error']"}
COMMAND: POST /session/fa1966063a4db30dbf2f999955ebc217/element - {"using":"xpath","value":"//button[@aria-label=\"Create\"]"}
RESULT: {"using":"xpath","value":"//button[@aria-label=\"Create\"]"}
COMMAND: POST /session/fa1966063a4db30dbf2f999955ebc217/elements - {"using":"xpath","value":"//button[@aria-label=\"Create\"]"}
RESULT: {"using":"xpath","value":"//button[@aria-label=\"Create\"]"}
COMMAND: POST /session/fa1966063a4db30dbf2f999955ebc217/execute/sync - {"script":"<script> [8489 bytes]","args":[{"element-6066-11e4-a52e-4f735466cecf":"f.8EF3D0D450A4EB0CE4D2D51640C2B842.d.31C5521047E6D2EEBFE0CC068A6AE94D.e.15696","ELEMENT":"f.8EF3D0D450A4EB0CE4D2D51640C2B842.d.31C5521047E6D2EEBFE0CC068A6AE94D.e.15696"}]}
RESULT: {"script":"<script> [8489 bytes]","args":[{"element-6066-11e4-a52e-4f735466cecf":"f.8EF3D0D450A4EB0CE4D2D51640C2B842.d.31C5521047E6D2EEBFE0CC068A6AE94D.e.15696","ELEMENT":"f.8EF3D0D450A4EB0CE4D2D51640C2B842.d.31C5521047E6D2EEBFE0CC068A6AE94D.e.15696"}]}
COMMAND: GET /session/fa1966063a4db30dbf2f999955ebc217/element/f.8EF3D0D450A4EB0CE4D2D51640C2B842.d.31C5521047E6D2EEBFE0CC068A6AE94D.e.15696/enabled - {}
COMMAND: GET /session/fa1966063a4db30dbf2f999955ebc217/screenshot - {}
RESULT: {}
COMMAND: POST /session/fa1966063a4db30dbf2f999955ebc217/execute/sync - {"script":"<script> [8489 bytes]","args":[{"element-6066-11e4-a52e-4f735466cecf":"f.8EF3D0D450A4EB0CE4D2D51640C2B842.d.31C5521047E6D2EEBFE0CC068A6AE94D.e.15696","ELEMENT":"f.8EF3D0D450A4EB0CE4D2D51640C2B842.d.31C5521047E6D2EEBFE0CC068A6AE94D.e.15696"}]}
COMMAND: GET /session/fa1966063a4db30dbf2f999955ebc217/screenshot - {}
RESULT: {}
RESULT: {"script":"<script> [8489 bytes]","args":[{"element-6066-11e4-a52e-4f735466cecf":"f.8EF3D0D450A4EB0CE4D2D51640C2B842.d.31C5521047E6D2EEBFE0CC068A6AE94D.e.15696","ELEMENT":"f.8EF3D0D450A4EB0CE4D2D51640C2B842.d.31C5521047E6D2EEBFE0CC068A6AE94D.e.15696"}]}
COMMAND: POST /session/fa1966063a4db30dbf2f999955ebc217/execute/sync - {"script":"<script> [5351 bytes]","args":[{"element-6066-11e4-a52e-4f735466cecf":"f.8EF3D0D450A4EB0CE4D2D51640C2B842.d.31C5521047E6D2EEBFE0CC068A6AE94D.e.15696","ELEMENT":"f.8EF3D0D450A4EB0CE4D2D51640C2B842.d.31C5521047E6D2EEBFE0CC068A6AE94D.e.15696"}]}
COMMAND: GET /session/fa1966063a4db30dbf2f999955ebc217/screenshot - {}
RESULT: {}
RESULT: {"script":"<script> [5351 bytes]","args":[{"element-6066-11e4-a52e-4f735466cecf":"f.8EF3D0D450A4EB0CE4D2D51640C2B842.d.31C5521047E6D2EEBFE0CC068A6AE94D.e.15696","ELEMENT":"f.8EF3D0D450A4EB0CE4D2D51640C2B842.d.31C5521047E6D2EEBFE0CC068A6AE94D.e.15696"}]}
COMMAND: POST /session/fa1966063a4db30dbf2f999955ebc217/element/f.8EF3D0D450A4EB0CE4D2D51640C2B842.d.31C5521047E6D2EEBFE0CC068A6AE94D.e.15696/click - {}
COMMAND: GET /session/fa1966063a4db30dbf2f999955ebc217/screenshot - {}
RESULT: {}
RESULT: {}
COMMAND: GET /session/fa1966063a4db30dbf2f999955ebc217/screenshot - {}
RESULT: {}
RESULT: {}
COMMAND: POST /session/fa1966063a4db30dbf2f999955ebc217/actions - {"actions":[{"id":"action50","type":"key","parameters":{},"actions":[{"type":"keyDown","value":""},{"type":"pause","duration":10},{"type":"keyUp","value":""}]}]}
RESULT: {"actions":[{"id":"action50","type":"key","parameters":{},"actions":[{"type":"keyDown","value":""},{"type":"pause","duration":10},{"type":"keyUp","value":""}]}]}
COMMAND: GET /session/fa1966063a4db30dbf2f999955ebc217/screenshot - {}
COMMAND: POST /session/fa1966063a4db30dbf2f999955ebc217/execute/async - {"script":"<script> [1562 bytes]","args":[{"selector":{"id":"application-manageconditionprice-display-component---newCondition--condBillCond-arrow"},"wdio_ui5_key":"applicationmanageconditionprice-display-component---newCondition--condBillCond-arrow"}]}
RESULT: {}
RESULT: {"script":"<script> [1562 bytes]","args":[{"selector":{"id":"application-manageconditionprice-display-component---newCondition--condBillCond-arrow"},"wdio_ui5_key":"applicationmanageconditionprice-display-component---newCondition--condBillCond-arrow"}]}
RESULT: undefined
COMMAND: POST /session/fa1966063a4db30dbf2f999955ebc217/element - {"using":"xpath","value":"//*[@id=\"application-manageconditionprice-display-component---newCondition--condBillCond-arrow\"]"}
RESULT: {"using":"xpath","value":"//*[@id=\"application-manageconditionprice-display-component---newCondition--condBillCond-arrow\"]"}
COMMAND: POST /session/fa1966063a4db30dbf2f999955ebc217/element/f.8EF3D0D450A4EB0CE4D2D51640C2B842.d.31C5521047E6D2EEBFE0CC068A6AE94D.e.15881/click - {}
RESULT: {}
COMMAND: GET /session/fa1966063a4db30dbf2f999955ebc217/screenshot - {}
RESULT: {}
COMMAND: POST /session/fa1966063a4db30dbf2f999955ebc217/element - {"using":"xpath","value":"//li[.//span[contains(text(), \"DISP - D&I special price\")]]"}
RESULT: {"using":"xpath","value":"//li[.//span[contains(text(), \"DISP - D&I special price\")]]"}
COMMAND: POST /session/fa1966063a4db30dbf2f999955ebc217/element/f.8EF3D0D450A4EB0CE4D2D51640C2B842.d.31C5521047E6D2EEBFE0CC068A6AE94D.e.15885/click - {}
RESULT: {}
COMMAND: GET /session/fa1966063a4db30dbf2f999955ebc217/screenshot - {}
RESULT: {}
COMMAND: POST /session/fa1966063a4db30dbf2f999955ebc217/execute/async - {"script":"<script> [1562 bytes]","args":[{"selector":{"id":"application-manageconditionprice-display-component---newCondition--condValidTo","interaction":{"idSuffix":"inner"}},"wdio_ui5_key":"applicationmanageconditionprice-display-component---newCondition--condValidTo"}]}
RESULT: {"script":"<script> [1562 bytes]","args":[{"selector":{"id":"application-manageconditionprice-display-component---newCondition--condValidTo","interaction":{"idSuffix":"inner"}},"wdio_ui5_key":"applicationmanageconditionprice-display-component---newCondition--condValidTo"}]}
RESULT: undefined
COMMAND: POST /session/fa1966063a4db30dbf2f999955ebc217/execute/async - {"script":"<script> [776 bytes]","args":[{"enterText":"1/24/26","selector":{"id":"application-manageconditionprice-display-component---newCondition--condValidTo","interaction":{"idSuffix":"inner"}},"clearTextFirst":true,"interactionType":"ENTER_TEXT"}]}
RESULT: {"script":"<script> [776 bytes]","args":[{"enterText":"1/24/26","selector":{"id":"application-manageconditionprice-display-component---newCondition--condValidTo","interaction":{"idSuffix":"inner"}},"clearTextFirst":true,"interactionType":"ENTER_TEXT"}]}
COMMAND: POST /session/fa1966063a4db30dbf2f999955ebc217/element - {"using":"xpath","value":"//input[@id=\"application-manageconditionprice-display-component---newCondition--condRU-inner\"]"}
RESULT: {"using":"xpath","value":"//input[@id=\"application-manageconditionprice-display-component---newCondition--condRU-inner\"]"}
COMMAND: POST /session/fa1966063a4db30dbf2f999955ebc217/element/f.8EF3D0D450A4EB0CE4D2D51640C2B842.d.31C5521047E6D2EEBFE0CC068A6AE94D.e.15712/clear - {}
RESULT: {}
COMMAND: POST /session/fa1966063a4db30dbf2f999955ebc217/element/f.8EF3D0D450A4EB0CE4D2D51640C2B842.d.31C5521047E6D2EEBFE0CC068A6AE94D.e.15712/value - {"text":"cCSrYA9wpJ"}
COMMAND: GET /session/fa1966063a4db30dbf2f999955ebc217/screenshot - {}
RESULT: {"text":"cCSrYA9wpJ"}
COMMAND: GET /session/fa1966063a4db30dbf2f999955ebc217/screenshot - {}
RESULT: {}
RESULT: {}
COMMAND: POST /session/fa1966063a4db30dbf2f999955ebc217/actions - {"actions":[{"id":"action51","type":"key","parameters":{},"actions":[{"type":"keyDown","value":""},{"type":"pause","duration":10},{"type":"keyUp","value":""}]}]}
RESULT: {"actions":[{"id":"action51","type":"key","parameters":{},"actions":[{"type":"keyDown","value":""},{"type":"pause","duration":10},{"type":"keyUp","value":""}]}]}
COMMAND: POST /session/fa1966063a4db30dbf2f999955ebc217/execute/async - {"script":"<script> [1562 bytes]","args":[{"selector":{"id":"application-manageconditionprice-display-component---newCondition--condBaseQty","interaction":{"idSuffix":"inner"}},"wdio_ui5_key":"applicationmanageconditionprice-display-component---newCondition--condBaseQty"}]}
COMMAND: GET /session/fa1966063a4db30dbf2f999955ebc217/screenshot - {}
RESULT: {"script":"<script> [1562 bytes]","args":[{"selector":{"id":"application-manageconditionprice-display-component---newCondition--condBaseQty","interaction":{"idSuffix":"inner"}},"wdio_ui5_key":"applicationmanageconditionprice-display-component---newCondition--condBaseQty"}]}
RESULT: undefined
COMMAND: POST /session/fa1966063a4db30dbf2f999955ebc217/execute/async - {"script":"<script> [776 bytes]","args":[{"enterText":"1","selector":{"id":"application-manageconditionprice-display-component---newCondition--condBaseQty","interaction":{"idSuffix":"inner"}},"clearTextFirst":true,"interactionType":"ENTER_TEXT"}]}
RESULT: {}
RESULT: {"script":"<script> [776 bytes]","args":[{"enterText":"1","selector":{"id":"application-manageconditionprice-display-component---newCondition--condBaseQty","interaction":{"idSuffix":"inner"}},"clearTextFirst":true,"interactionType":"ENTER_TEXT"}]}
COMMAND: POST /session/fa1966063a4db30dbf2f999955ebc217/execute/async - {"script":"<script> [1562 bytes]","args":[{"selector":{"id":"application-manageconditionprice-display-component---newCondition--condValue","interaction":{"idSuffix":"inner"}},"wdio_ui5_key":"applicationmanageconditionprice-display-component---newCondition--condValue"}]}
RESULT: {"script":"<script> [1562 bytes]","args":[{"selector":{"id":"application-manageconditionprice-display-component---newCondition--condValue","interaction":{"idSuffix":"inner"}},"wdio_ui5_key":"applicationmanageconditionprice-display-component---newCondition--condValue"}]}
RESULT: undefined
COMMAND: POST /session/fa1966063a4db30dbf2f999955ebc217/execute/async - {"script":"<script> [776 bytes]","args":[{"enterText":"100","selector":{"id":"application-manageconditionprice-display-component---newCondition--condValue","interaction":{"idSuffix":"inner"}},"clearTextFirst":true,"interactionType":"ENTER_TEXT"}]}
RESULT: {"script":"<script> [776 bytes]","args":[{"enterText":"100","selector":{"id":"application-manageconditionprice-display-component---newCondition--condValue","interaction":{"idSuffix":"inner"}},"clearTextFirst":true,"interactionType":"ENTER_TEXT"}]}
COMMAND: POST /session/fa1966063a4db30dbf2f999955ebc217/execute/async - {"script":"<script> [1562 bytes]","args":[{"selector":{"id":"application-manageconditionprice-display-component---newCondition--condCurr-arrow"},"wdio_ui5_key":"applicationmanageconditionprice-display-component---newCondition--condCurr-arrow"}]}
RESULT: {"script":"<script> [1562 bytes]","args":[{"selector":{"id":"application-manageconditionprice-display-component---newCondition--condCurr-arrow"},"wdio_ui5_key":"applicationmanageconditionprice-display-component---newCondition--condCurr-arrow"}]}
RESULT: undefined
COMMAND: POST /session/fa1966063a4db30dbf2f999955ebc217/element - {"using":"xpath","value":"//*[@id=\"application-manageconditionprice-display-component---newCondition--condCurr-arrow\"]"}
RESULT: {"using":"xpath","value":"//*[@id=\"application-manageconditionprice-display-component---newCondition--condCurr-arrow\"]"}
COMMAND: POST /session/fa1966063a4db30dbf2f999955ebc217/element/f.8EF3D0D450A4EB0CE4D2D51640C2B842.d.31C5521047E6D2EEBFE0CC068A6AE94D.e.15866/click - {}
RESULT: {}
COMMAND: POST /session/fa1966063a4db30dbf2f999955ebc217/element - {"using":"xpath","value":"//span[contains(text(), \"Euro\")]"}
COMMAND: GET /session/fa1966063a4db30dbf2f999955ebc217/screenshot - {}
RESULT: {"using":"xpath","value":"//span[contains(text(), \"Euro\")]"}
COMMAND: POST /session/fa1966063a4db30dbf2f999955ebc217/element/f.8EF3D0D450A4EB0CE4D2D51640C2B842.d.31C5521047E6D2EEBFE0CC068A6AE94D.e.15923/click - {}
RESULT: {}
RESULT: {}
COMMAND: POST /session/fa1966063a4db30dbf2f999955ebc217/element - {"using":"xpath","value":"//button[@data-kt=\"saveButton\"]"}
COMMAND: GET /session/fa1966063a4db30dbf2f999955ebc217/screenshot - {}
RESULT: {"using":"xpath","value":"//button[@data-kt=\"saveButton\"]"}
COMMAND: POST /session/fa1966063a4db30dbf2f999955ebc217/element/f.8EF3D0D450A4EB0CE4D2D51640C2B842.d.31C5521047E6D2EEBFE0CC068A6AE94D.e.15867/click - {}
RESULT: {}
RESULT: {}
COMMAND: GET /session/fa1966063a4db30dbf2f999955ebc217/screenshot - {}
RESULT: {}
COMMAND: POST /session/fa1966063a4db30dbf2f999955ebc217/execute/async - {"script":"<script> [1562 bytes]","args":[{"selector":{"id":"application-manageconditionprice-display-component---conditions--smartFilterBar-btnBasicSearch","interaction":{"idSuffix":"I"}},"wdio_ui5_key":"applicationmanageconditionprice-display-component---conditions--smartFilterBar-btnBasicSearch"}]}
RESULT: {"script":"<script> [1562 bytes]","args":[{"selector":{"id":"application-manageconditionprice-display-component---conditions--smartFilterBar-btnBasicSearch","interaction":{"idSuffix":"I"}},"wdio_ui5_key":"applicationmanageconditionprice-display-component---conditions--smartFilterBar-btnBasicSearch"}]}
RESULT: undefined
COMMAND: POST /session/fa1966063a4db30dbf2f999955ebc217/execute/async - {"script":"<script> [776 bytes]","args":[{"enterText":"cCSrYA9wpJ","selector":{"id":"application-manageconditionprice-display-component---conditions--smartFilterBar-btnBasicSearch","interaction":{"idSuffix":"I"}},"clearTextFirst":true,"interactionType":"ENTER_TEXT"}]}
RESULT: {"script":"<script> [776 bytes]","args":[{"enterText":"cCSrYA9wpJ","selector":{"id":"application-manageconditionprice-display-component---conditions--smartFilterBar-btnBasicSearch","interaction":{"idSuffix":"I"}},"clearTextFirst":true,"interactionType":"ENTER_TEXT"}]}
COMMAND: POST /session/fa1966063a4db30dbf2f999955ebc217/actions - {"actions":[{"id":"action52","type":"key","parameters":{},"actions":[{"type":"keyDown","value":""},{"type":"pause","duration":10},{"type":"keyUp","value":""}]}]}
RESULT: {"actions":[{"id":"action52","type":"key","parameters":{},"actions":[{"type":"keyDown","value":""},{"type":"pause","duration":10},{"type":"keyUp","value":""}]}]}
COMMAND: GET /session/fa1966063a4db30dbf2f999955ebc217/screenshot - {}
RESULT: {}
COMMAND: POST /session/fa1966063a4db30dbf2f999955ebc217/execute/async - {"script":"<script> [1562 bytes]","args":[{"selector":{"id":"application-manageconditionprice-display-component---conditions--smartFilterBar-filterItemControl_BASIC-BILL_TYPES-vhi"},"wdio_ui5_key":"applicationmanageconditionprice-display-component---conditions--smartFilterBar-filterItemControl_BASIC-BILL_TYPES-vhi"}]}
RESULT: {"script":"<script> [1562 bytes]","args":[{"selector":{"id":"application-manageconditionprice-display-component---conditions--smartFilterBar-filterItemControl_BASIC-BILL_TYPES-vhi"},"wdio_ui5_key":"applicationmanageconditionprice-display-component---conditions--smartFilterBar-filterItemControl_BASIC-BILL_TYPES-vhi"}]}
RESULT: undefined
COMMAND: POST /session/fa1966063a4db30dbf2f999955ebc217/element - {"using":"xpath","value":"//*[@id=\"application-manageconditionprice-display-component---conditions--smartFilterBar-filterItemControl_BASIC-BILL_TYPES-vhi\"]"}
RESULT: {"using":"xpath","value":"//*[@id=\"application-manageconditionprice-display-component---conditions--smartFilterBar-filterItemControl_BASIC-BILL_TYPES-vhi\"]"}
COMMAND: POST /session/fa1966063a4db30dbf2f999955ebc217/element/f.8EF3D0D450A4EB0CE4D2D51640C2B842.d.31C5521047E6D2EEBFE0CC068A6AE94D.e.16029/click - {}
RESULT: {}
COMMAND: POST /session/fa1966063a4db30dbf2f999955ebc217/execute/async - {"script":"<script> [1562 bytes]","args":[{"selector":{"id":"application-manageconditionprice-display-component---conditions--smartFilterBar-filterItemControl_BASIC-BILL_TYPES-valueHelpDialog-smartFilterBar-btnBasicSearch","searchOpenDialogs":true,"interaction":{"idSuffix":"I"}},"wdio_ui5_key":"applicationmanageconditionprice-display-component---conditions--smartFilterBar-filterItemControl_BASIC-BILL_TYPES-valueHelpDialog-smartFilterBar-btnBasicSearch"}]}
COMMAND: GET /session/fa1966063a4db30dbf2f999955ebc217/screenshot - {}
RESULT: {"script":"<script> [1562 bytes]","args":[{"selector":{"id":"application-manageconditionprice-display-component---conditions--smartFilterBar-filterItemControl_BASIC-BILL_TYPES-valueHelpDialog-smartFilterBar-btnBasicSearch","searchOpenDialogs":true,"interaction":{"idSuffix":"I"}},"wdio_ui5_key":"applicationmanageconditionprice-display-component---conditions--smartFilterBar-filterItemControl_BASIC-BILL_TYPES-valueHelpDialog-smartFilterBar-btnBasicSearch"}]}
RESULT: undefined
COMMAND: POST /session/fa1966063a4db30dbf2f999955ebc217/execute/async - {"script":"<script> [776 bytes]","args":[{"enterText":"TB","selector":{"id":"application-manageconditionprice-display-component---conditions--smartFilterBar-filterItemControl_BASIC-BILL_TYPES-valueHelpDialog-smartFilterBar-btnBasicSearch","searchOpenDialogs":true,"interaction":{"idSuffix":"I"}},"clearTextFirst":true,"interactionType":"ENTER_TEXT"}]}
RESULT: {}
RESULT: {"script":"<script> [776 bytes]","args":[{"enterText":"TB","selector":{"id":"application-manageconditionprice-display-component---conditions--smartFilterBar-filterItemControl_BASIC-BILL_TYPES-valueHelpDialog-smartFilterBar-btnBasicSearch","searchOpenDialogs":true,"interaction":{"idSuffix":"I"}},"clearTextFirst":true,"interactionType":"ENTER_TEXT"}]}
COMMAND: POST /session/fa1966063a4db30dbf2f999955ebc217/actions - {"actions":[{"id":"action53","type":"key","parameters":{},"actions":[{"type":"keyDown","value":""},{"type":"pause","duration":10},{"type":"keyUp","value":""}]}]}
RESULT: {"actions":[{"id":"action53","type":"key","parameters":{},"actions":[{"type":"keyDown","value":""},{"type":"pause","duration":10},{"type":"keyUp","value":""}]}]}
COMMAND: GET /session/fa1966063a4db30dbf2f999955ebc217/screenshot - {}
RESULT: {}
COMMAND: POST /session/fa1966063a4db30dbf2f999955ebc217/element - {"using":"xpath","value":"//div[contains(@id, 'application-manageconditionprice-display-component---conditions--smartFilterBar-filterItemControl_BASIC-BILL_TYPES-valueHelpDialog-table-rowsel0')]"}
RESULT: {"using":"xpath","value":"//div[contains(@id, 'application-manageconditionprice-display-component---conditions--smartFilterBar-filterItemControl_BASIC-BILL_TYPES-valueHelpDialog-table-rowsel0')]"}
COMMAND: POST /session/fa1966063a4db30dbf2f999955ebc217/element/f.8EF3D0D450A4EB0CE4D2D51640C2B842.d.31C5521047E6D2EEBFE0CC068A6AE94D.e.16037/click - {}
RESULT: {}
COMMAND: GET /session/fa1966063a4db30dbf2f999955ebc217/screenshot - {}
RESULT: {}
COMMAND: POST /session/fa1966063a4db30dbf2f999955ebc217/element - {"using":"xpath","value":"//bdi[contains(text(), \"OK\")]"}
RESULT: {"using":"xpath","value":"//bdi[contains(text(), \"OK\")]"}
COMMAND: POST /session/fa1966063a4db30dbf2f999955ebc217/element/f.8EF3D0D450A4EB0CE4D2D51640C2B842.d.31C5521047E6D2EEBFE0CC068A6AE94D.e.16039/click - {}
RESULT: {}
COMMAND: GET /session/fa1966063a4db30dbf2f999955ebc217/screenshot - {}
RESULT: {}
COMMAND: POST /session/fa1966063a4db30dbf2f999955ebc217/element - {"using":"xpath","value":"//span[@id=\"application-manageconditionprice-display-component---conditions--smartTable-header-inner\"]"}
RESULT: {"using":"xpath","value":"//span[@id=\"application-manageconditionprice-display-component---conditions--smartTable-header-inner\"]"}
COMMAND: POST /session/fa1966063a4db30dbf2f999955ebc217/elements - {"using":"xpath","value":"//span[@id=\"application-manageconditionprice-display-component---conditions--smartTable-header-inner\"]"}
RESULT: {"using":"xpath","value":"//span[@id=\"application-manageconditionprice-display-component---conditions--smartTable-header-inner\"]"}
COMMAND: POST /session/fa1966063a4db30dbf2f999955ebc217/execute/sync - {"script":"<script> [56 bytes]","args":[{"element-6066-11e4-a52e-4f735466cecf":"f.8EF3D0D450A4EB0CE4D2D51640C2B842.d.31C5521047E6D2EEBFE0CC068A6AE94D.e.16042","ELEMENT":"f.8EF3D0D450A4EB0CE4D2D51640C2B842.d.31C5521047E6D2EEBFE0CC068A6AE94D.e.16042"}]}
RESULT: {"script":"<script> [56 bytes]","args":[{"element-6066-11e4-a52e-4f735466cecf":"f.8EF3D0D450A4EB0CE4D2D51640C2B842.d.31C5521047E6D2EEBFE0CC068A6AE94D.e.16042","ELEMENT":"f.8EF3D0D450A4EB0CE4D2D51640C2B842.d.31C5521047E6D2EEBFE0CC068A6AE94D.e.16042"}]}
COMMAND: POST /session/fa1966063a4db30dbf2f999955ebc217/element - {"using":"css selector","value":"#shell-header-logo"}
COMMAND: GET /session/fa1966063a4db30dbf2f999955ebc217/screenshot - {}
RESULT: {"using":"css selector","value":"#shell-header-logo"}
COMMAND: POST /session/fa1966063a4db30dbf2f999955ebc217/element/f.8EF3D0D450A4EB0CE4D2D51640C2B842.d.31C5521047E6D2EEBFE0CC068A6AE94D.e.15663/click - {}
RESULT: {}
RESULT: {}
COMMAND: GET /session/fa1966063a4db30dbf2f999955ebc217/screenshot - {}
RESULT: {}
]]></system-out>
    </testcase>
    <testcase classname="chrome.136_0_7103_93.windows.Billing_transfer_US117289" name="Should do a stock increase" time="100.096">
      <system-out><![CDATA[
COMMAND: POST /session/fa1966063a4db30dbf2f999955ebc217/execute/async - {"script":"<script> [1562 bytes]","args":[{"selector":{"controlType":"sap.m.GenericTile","properties":{"header":"Manage Handovers"}},"wdio_ui5_key":"sapm.GenericTile{\"header\":\"Manage Handovers\"}"}]}
RESULT: {"script":"<script> [1562 bytes]","args":[{"selector":{"controlType":"sap.m.GenericTile","properties":{"header":"Manage Handovers"}},"wdio_ui5_key":"sapm.GenericTile{\"header\":\"Manage Handovers\"}"}]}
RESULT: undefined
COMMAND: POST /session/fa1966063a4db30dbf2f999955ebc217/element - {"using":"xpath","value":"//*[@id=\"__tile130\"]"}
RESULT: {"using":"xpath","value":"//*[@id=\"__tile130\"]"}
COMMAND: POST /session/fa1966063a4db30dbf2f999955ebc217/element/f.8EF3D0D450A4EB0CE4D2D51640C2B842.d.31C5521047E6D2EEBFE0CC068A6AE94D.e.14727/click - {}
RESULT: {}
COMMAND: GET /session/fa1966063a4db30dbf2f999955ebc217/screenshot - {}
COMMAND: POST /session/fa1966063a4db30dbf2f999955ebc217/elements - {"using":"xpath","value":"//span[text()='Error']"}
RESULT: {}
RESULT: {"using":"xpath","value":"//span[text()='Error']"}
COMMAND: POST /session/fa1966063a4db30dbf2f999955ebc217/element - {"using":"xpath","value":"//button[@data-kt=\"masterHOAddButton\"]"}
RESULT: {"using":"xpath","value":"//button[@data-kt=\"masterHOAddButton\"]"}
COMMAND: POST /session/fa1966063a4db30dbf2f999955ebc217/elements - {"using":"xpath","value":"//button[@data-kt=\"masterHOAddButton\"]"}
RESULT: {"using":"xpath","value":"//button[@data-kt=\"masterHOAddButton\"]"}
COMMAND: POST /session/fa1966063a4db30dbf2f999955ebc217/elements - {"using":"xpath","value":"//button[@data-kt=\"masterHOAddButton\"]"}
RESULT: {"using":"xpath","value":"//button[@data-kt=\"masterHOAddButton\"]"}
COMMAND: POST /session/fa1966063a4db30dbf2f999955ebc217/element - {"using":"xpath","value":"//button[@data-kt=\"masterHOAddButton\"]"}
RESULT: {"using":"xpath","value":"//button[@data-kt=\"masterHOAddButton\"]"}
COMMAND: POST /session/fa1966063a4db30dbf2f999955ebc217/execute/sync - {"script":"<script> [8489 bytes]","args":[{"element-6066-11e4-a52e-4f735466cecf":"f.8EF3D0D450A4EB0CE4D2D51640C2B842.d.31C5521047E6D2EEBFE0CC068A6AE94D.e.16085","ELEMENT":"f.8EF3D0D450A4EB0CE4D2D51640C2B842.d.31C5521047E6D2EEBFE0CC068A6AE94D.e.16085"}]}
RESULT: {"script":"<script> [8489 bytes]","args":[{"element-6066-11e4-a52e-4f735466cecf":"f.8EF3D0D450A4EB0CE4D2D51640C2B842.d.31C5521047E6D2EEBFE0CC068A6AE94D.e.16085","ELEMENT":"f.8EF3D0D450A4EB0CE4D2D51640C2B842.d.31C5521047E6D2EEBFE0CC068A6AE94D.e.16085"}]}
COMMAND: GET /session/fa1966063a4db30dbf2f999955ebc217/element/f.8EF3D0D450A4EB0CE4D2D51640C2B842.d.31C5521047E6D2EEBFE0CC068A6AE94D.e.16085/enabled - {}
COMMAND: GET /session/fa1966063a4db30dbf2f999955ebc217/screenshot - {}
RESULT: {}
COMMAND: POST /session/fa1966063a4db30dbf2f999955ebc217/execute/sync - {"script":"<script> [8489 bytes]","args":[{"element-6066-11e4-a52e-4f735466cecf":"f.8EF3D0D450A4EB0CE4D2D51640C2B842.d.31C5521047E6D2EEBFE0CC068A6AE94D.e.16085","ELEMENT":"f.8EF3D0D450A4EB0CE4D2D51640C2B842.d.31C5521047E6D2EEBFE0CC068A6AE94D.e.16085"}]}
COMMAND: GET /session/fa1966063a4db30dbf2f999955ebc217/screenshot - {}
RESULT: {}
RESULT: {"script":"<script> [8489 bytes]","args":[{"element-6066-11e4-a52e-4f735466cecf":"f.8EF3D0D450A4EB0CE4D2D51640C2B842.d.31C5521047E6D2EEBFE0CC068A6AE94D.e.16085","ELEMENT":"f.8EF3D0D450A4EB0CE4D2D51640C2B842.d.31C5521047E6D2EEBFE0CC068A6AE94D.e.16085"}]}
COMMAND: POST /session/fa1966063a4db30dbf2f999955ebc217/execute/sync - {"script":"<script> [5351 bytes]","args":[{"element-6066-11e4-a52e-4f735466cecf":"f.8EF3D0D450A4EB0CE4D2D51640C2B842.d.31C5521047E6D2EEBFE0CC068A6AE94D.e.16085","ELEMENT":"f.8EF3D0D450A4EB0CE4D2D51640C2B842.d.31C5521047E6D2EEBFE0CC068A6AE94D.e.16085"}]}
COMMAND: GET /session/fa1966063a4db30dbf2f999955ebc217/screenshot - {}
RESULT: {}
RESULT: {"script":"<script> [5351 bytes]","args":[{"element-6066-11e4-a52e-4f735466cecf":"f.8EF3D0D450A4EB0CE4D2D51640C2B842.d.31C5521047E6D2EEBFE0CC068A6AE94D.e.16085","ELEMENT":"f.8EF3D0D450A4EB0CE4D2D51640C2B842.d.31C5521047E6D2EEBFE0CC068A6AE94D.e.16085"}]}
COMMAND: POST /session/fa1966063a4db30dbf2f999955ebc217/element/f.8EF3D0D450A4EB0CE4D2D51640C2B842.d.31C5521047E6D2EEBFE0CC068A6AE94D.e.16085/click - {}
COMMAND: GET /session/fa1966063a4db30dbf2f999955ebc217/screenshot - {}
RESULT: {}
RESULT: {}
COMMAND: GET /session/fa1966063a4db30dbf2f999955ebc217/screenshot - {}
RESULT: {}
COMMAND: POST /session/fa1966063a4db30dbf2f999955ebc217/element - {"using":"xpath","value":"//span[contains(@id ,\"AddNewHO--typeSelect-arrow\")]"}
RESULT: {}
RESULT: {"using":"xpath","value":"//span[contains(@id ,\"AddNewHO--typeSelect-arrow\")]"}
COMMAND: POST /session/fa1966063a4db30dbf2f999955ebc217/element/f.8EF3D0D450A4EB0CE4D2D51640C2B842.d.31C5521047E6D2EEBFE0CC068A6AE94D.e.16422/click - {}
RESULT: {}
COMMAND: GET /session/fa1966063a4db30dbf2f999955ebc217/screenshot - {}
RESULT: {}
COMMAND: POST /session/fa1966063a4db30dbf2f999955ebc217/element - {"using":"xpath","value":"(//li[contains(text(), \"stock increase yard\")])[1]"}
RESULT: {"using":"xpath","value":"(//li[contains(text(), \"stock increase yard\")])[1]"}
COMMAND: POST /session/fa1966063a4db30dbf2f999955ebc217/element/f.8EF3D0D450A4EB0CE4D2D51640C2B842.d.31C5521047E6D2EEBFE0CC068A6AE94D.e.16423/click - {}
RESULT: {}
COMMAND: GET /session/fa1966063a4db30dbf2f999955ebc217/screenshot - {}
RESULT: {}
COMMAND: POST /session/fa1966063a4db30dbf2f999955ebc217/execute/async - {"script":"<script> [1562 bytes]","args":[{"selector":{"id":"application-managehandovers-display-component---AddNewHO--dueDate","interaction":{"idSuffix":"inner"}},"wdio_ui5_key":"applicationmanagehandovers-display-component---AddNewHO--dueDate"}]}
RESULT: {"script":"<script> [1562 bytes]","args":[{"selector":{"id":"application-managehandovers-display-component---AddNewHO--dueDate","interaction":{"idSuffix":"inner"}},"wdio_ui5_key":"applicationmanagehandovers-display-component---AddNewHO--dueDate"}]}
RESULT: undefined
COMMAND: POST /session/fa1966063a4db30dbf2f999955ebc217/execute/async - {"script":"<script> [6424 bytes]","args":[{"element-6066-11e4-a52e-4f735466cecf":"f.8EF3D0D450A4EB0CE4D2D51640C2B842.d.31C5521047E6D2EEBFE0CC068A6AE94D.e.16425"},"setValue",["5/24/25"]]}
RESULT: {"script":"<script> [6424 bytes]","args":[{"element-6066-11e4-a52e-4f735466cecf":"f.8EF3D0D450A4EB0CE4D2D51640C2B842.d.31C5521047E6D2EEBFE0CC068A6AE94D.e.16425"},"setValue",["5/24/25"]]}
COMMAND: POST /session/fa1966063a4db30dbf2f999955ebc217/element - {"using":"xpath","value":"//input[@id=\"generalSectionFrg--receiveYard-inner\"]"}
RESULT: {"using":"xpath","value":"//input[@id=\"generalSectionFrg--receiveYard-inner\"]"}
COMMAND: POST /session/fa1966063a4db30dbf2f999955ebc217/element/f.8EF3D0D450A4EB0CE4D2D51640C2B842.d.31C5521047E6D2EEBFE0CC068A6AE94D.e.16431/clear - {}
RESULT: {}
COMMAND: POST /session/fa1966063a4db30dbf2f999955ebc217/element/f.8EF3D0D450A4EB0CE4D2D51640C2B842.d.31C5521047E6D2EEBFE0CC068A6AE94D.e.16431/value - {"text":"258"}
COMMAND: GET /session/fa1966063a4db30dbf2f999955ebc217/screenshot - {}
RESULT: {"text":"258"}
COMMAND: GET /session/fa1966063a4db30dbf2f999955ebc217/screenshot - {}
RESULT: {}
RESULT: {}
COMMAND: POST /session/fa1966063a4db30dbf2f999955ebc217/element - {"using":"xpath","value":"//li[.//span[text()='258']]"}
RESULT: {"using":"xpath","value":"//li[.//span[text()='258']]"}
COMMAND: POST /session/fa1966063a4db30dbf2f999955ebc217/element/f.8EF3D0D450A4EB0CE4D2D51640C2B842.d.31C5521047E6D2EEBFE0CC068A6AE94D.e.16449/click - {}
RESULT: {}
COMMAND: GET /session/fa1966063a4db30dbf2f999955ebc217/screenshot - {}
RESULT: {}
COMMAND: POST /session/fa1966063a4db30dbf2f999955ebc217/execute/async - {"script":"<script> [1562 bytes]","args":[{"selector":{"id":"application-managehandovers-display-component---AddNewHO--ObjectPageLayout-anchBar-application-managehandovers-display-component---AddNewHO--section4-anchor","interaction":{"idSuffix":"BDI-content"}},"wdio_ui5_key":"applicationmanagehandovers-display-component---AddNewHO--ObjectPageLayout-anchBar-application-managehandovers-display-component---AddNewHO--section4-anchor"}]}
RESULT: {"script":"<script> [1562 bytes]","args":[{"selector":{"id":"application-managehandovers-display-component---AddNewHO--ObjectPageLayout-anchBar-application-managehandovers-display-component---AddNewHO--section4-anchor","interaction":{"idSuffix":"BDI-content"}},"wdio_ui5_key":"applicationmanagehandovers-display-component---AddNewHO--ObjectPageLayout-anchBar-application-managehandovers-display-component---AddNewHO--section4-anchor"}]}
RESULT: undefined
COMMAND: POST /session/fa1966063a4db30dbf2f999955ebc217/element - {"using":"xpath","value":"//*[@id=\"application-managehandovers-display-component---AddNewHO--ObjectPageLayout-anchBar-application-managehandovers-display-component---AddNewHO--section4-anchor\"]"}
RESULT: {"using":"xpath","value":"//*[@id=\"application-managehandovers-display-component---AddNewHO--ObjectPageLayout-anchBar-application-managehandovers-display-component---AddNewHO--section4-anchor\"]"}
COMMAND: POST /session/fa1966063a4db30dbf2f999955ebc217/element/f.8EF3D0D450A4EB0CE4D2D51640C2B842.d.31C5521047E6D2EEBFE0CC068A6AE94D.e.16451/click - {}
RESULT: {}
COMMAND: POST /session/fa1966063a4db30dbf2f999955ebc217/element - {"using":"xpath","value":"//button[@aria-label=\"Add\"]"}
COMMAND: GET /session/fa1966063a4db30dbf2f999955ebc217/screenshot - {}
RESULT: {"using":"xpath","value":"//button[@aria-label=\"Add\"]"}
COMMAND: POST /session/fa1966063a4db30dbf2f999955ebc217/element/f.8EF3D0D450A4EB0CE4D2D51640C2B842.d.31C5521047E6D2EEBFE0CC068A6AE94D.e.16453/click - {}
RESULT: {}
RESULT: {}
COMMAND: GET /session/fa1966063a4db30dbf2f999955ebc217/screenshot - {}
RESULT: {}
COMMAND: POST /session/fa1966063a4db30dbf2f999955ebc217/execute/async - {"script":"<script> [1562 bytes]","args":[{"selector":{"id":"application-managehandovers-display-component---AddNewHO--smartFilterBar-btnBasicSearch","searchOpenDialogs":true,"interaction":{"idSuffix":"I"}},"wdio_ui5_key":"applicationmanagehandovers-display-component---AddNewHO--smartFilterBar-btnBasicSearch"}]}
RESULT: {"script":"<script> [1562 bytes]","args":[{"selector":{"id":"application-managehandovers-display-component---AddNewHO--smartFilterBar-btnBasicSearch","searchOpenDialogs":true,"interaction":{"idSuffix":"I"}},"wdio_ui5_key":"applicationmanagehandovers-display-component---AddNewHO--smartFilterBar-btnBasicSearch"}]}
RESULT: undefined
COMMAND: POST /session/fa1966063a4db30dbf2f999955ebc217/execute/async - {"script":"<script> [776 bytes]","args":[{"enterText":"cCSrYA9wpJ","selector":{"id":"application-managehandovers-display-component---AddNewHO--smartFilterBar-btnBasicSearch","searchOpenDialogs":true,"interaction":{"idSuffix":"I"}},"clearTextFirst":true,"interactionType":"ENTER_TEXT"}]}
RESULT: {"script":"<script> [776 bytes]","args":[{"enterText":"cCSrYA9wpJ","selector":{"id":"application-managehandovers-display-component---AddNewHO--smartFilterBar-btnBasicSearch","searchOpenDialogs":true,"interaction":{"idSuffix":"I"}},"clearTextFirst":true,"interactionType":"ENTER_TEXT"}]}
COMMAND: POST /session/fa1966063a4db30dbf2f999955ebc217/actions - {"actions":[{"id":"action54","type":"key","parameters":{},"actions":[{"type":"keyDown","value":""},{"type":"pause","duration":10},{"type":"keyUp","value":""}]}]}
RESULT: {"actions":[{"id":"action54","type":"key","parameters":{},"actions":[{"type":"keyDown","value":""},{"type":"pause","duration":10},{"type":"keyUp","value":""}]}]}
COMMAND: GET /session/fa1966063a4db30dbf2f999955ebc217/screenshot - {}
RESULT: {}
COMMAND: POST /session/fa1966063a4db30dbf2f999955ebc217/execute/async - {"script":"<script> [1562 bytes]","args":[{"selector":{"id":"application-managehandovers-display-component---AddNewHO--popup-sa","searchOpenDialogs":true,"interaction":{"idSuffix":"CbBg"}},"wdio_ui5_key":"applicationmanagehandovers-display-component---AddNewHO--popup-sa"}]}
RESULT: {"script":"<script> [1562 bytes]","args":[{"selector":{"id":"application-managehandovers-display-component---AddNewHO--popup-sa","searchOpenDialogs":true,"interaction":{"idSuffix":"CbBg"}},"wdio_ui5_key":"applicationmanagehandovers-display-component---AddNewHO--popup-sa"}]}
RESULT: undefined
COMMAND: POST /session/fa1966063a4db30dbf2f999955ebc217/element - {"using":"xpath","value":"//*[@id=\"application-managehandovers-display-component---AddNewHO--popup-sa\"]"}
RESULT: {"using":"xpath","value":"//*[@id=\"application-managehandovers-display-component---AddNewHO--popup-sa\"]"}
COMMAND: POST /session/fa1966063a4db30dbf2f999955ebc217/element/f.8EF3D0D450A4EB0CE4D2D51640C2B842.d.31C5521047E6D2EEBFE0CC068A6AE94D.e.16609/click - {}
RESULT: {}
COMMAND: GET /session/fa1966063a4db30dbf2f999955ebc217/screenshot - {}
RESULT: {}
COMMAND: POST /session/fa1966063a4db30dbf2f999955ebc217/element - {"using":"xpath","value":"//bdi[contains(text(), \"Select\")]"}
RESULT: {"using":"xpath","value":"//bdi[contains(text(), \"Select\")]"}
COMMAND: POST /session/fa1966063a4db30dbf2f999955ebc217/element/f.8EF3D0D450A4EB0CE4D2D51640C2B842.d.31C5521047E6D2EEBFE0CC068A6AE94D.e.16610/click - {}
RESULT: {}
COMMAND: GET /session/fa1966063a4db30dbf2f999955ebc217/screenshot - {}
RESULT: {}
COMMAND: POST /session/fa1966063a4db30dbf2f999955ebc217/element - {"using":"xpath","value":"//button[@data-kt=\"AddNewHOSaveButton\"]"}
RESULT: {"using":"xpath","value":"//button[@data-kt=\"AddNewHOSaveButton\"]"}
COMMAND: POST /session/fa1966063a4db30dbf2f999955ebc217/element/f.8EF3D0D450A4EB0CE4D2D51640C2B842.d.31C5521047E6D2EEBFE0CC068A6AE94D.e.16614/click - {}
RESULT: {}
COMMAND: GET /session/fa1966063a4db30dbf2f999955ebc217/screenshot - {}
RESULT: {}
COMMAND: POST /session/fa1966063a4db30dbf2f999955ebc217/execute/async - {"script":"<script> [1562 bytes]","args":[{"selector":{"id":"receiptDatePicker","viewName":"etm.portal.ui.managehandovers.view.DetailExecuteHO","interaction":{"idSuffix":"inner"}},"wdio_ui5_key":"receiptDatePickeretmportal.ui.managehandovers.view.DetailExecuteHO"}]}
RESULT: {"script":"<script> [1562 bytes]","args":[{"selector":{"id":"receiptDatePicker","viewName":"etm.portal.ui.managehandovers.view.DetailExecuteHO","interaction":{"idSuffix":"inner"}},"wdio_ui5_key":"receiptDatePickeretmportal.ui.managehandovers.view.DetailExecuteHO"}]}
RESULT: undefined
COMMAND: POST /session/fa1966063a4db30dbf2f999955ebc217/execute/async - {"script":"<script> [6424 bytes]","args":[{"element-6066-11e4-a52e-4f735466cecf":"f.8EF3D0D450A4EB0CE4D2D51640C2B842.d.31C5521047E6D2EEBFE0CC068A6AE94D.e.16644"},"setValue",["5/24/25"]]}
RESULT: {"script":"<script> [6424 bytes]","args":[{"element-6066-11e4-a52e-4f735466cecf":"f.8EF3D0D450A4EB0CE4D2D51640C2B842.d.31C5521047E6D2EEBFE0CC068A6AE94D.e.16644"},"setValue",["5/24/25"]]}
COMMAND: POST /session/fa1966063a4db30dbf2f999955ebc217/element - {"using":"xpath","value":"//button[@data-kt=\"ReceivingTableConfirmAllButton\"]"}
RESULT: {"using":"xpath","value":"//button[@data-kt=\"ReceivingTableConfirmAllButton\"]"}
COMMAND: POST /session/fa1966063a4db30dbf2f999955ebc217/element/f.8EF3D0D450A4EB0CE4D2D51640C2B842.d.31C5521047E6D2EEBFE0CC068A6AE94D.e.16660/click - {}
RESULT: {}
COMMAND: GET /session/fa1966063a4db30dbf2f999955ebc217/screenshot - {}
RESULT: {}
COMMAND: POST /session/fa1966063a4db30dbf2f999955ebc217/element - {"using":"xpath","value":"//bdi[contains(text(), \"OK\")]"}
RESULT: {"using":"xpath","value":"//bdi[contains(text(), \"OK\")]"}
COMMAND: POST /session/fa1966063a4db30dbf2f999955ebc217/element/f.8EF3D0D450A4EB0CE4D2D51640C2B842.d.31C5521047E6D2EEBFE0CC068A6AE94D.e.16662/click - {}
RESULT: {}
COMMAND: GET /session/fa1966063a4db30dbf2f999955ebc217/screenshot - {}
RESULT: {}
COMMAND: POST /session/fa1966063a4db30dbf2f999955ebc217/element - {"using":"xpath","value":"(//bdi[contains(text(), \"Receive\")])[2]"}
RESULT: {"using":"xpath","value":"(//bdi[contains(text(), \"Receive\")])[2]"}
COMMAND: POST /session/fa1966063a4db30dbf2f999955ebc217/element/f.8EF3D0D450A4EB0CE4D2D51640C2B842.d.31C5521047E6D2EEBFE0CC068A6AE94D.e.16664/click - {}
RESULT: {}
COMMAND: GET /session/fa1966063a4db30dbf2f999955ebc217/screenshot - {}
RESULT: {}
COMMAND: POST /session/fa1966063a4db30dbf2f999955ebc217/element - {"using":"css selector","value":"#shell-header-logo"}
RESULT: {"using":"css selector","value":"#shell-header-logo"}
COMMAND: POST /session/fa1966063a4db30dbf2f999955ebc217/element/f.8EF3D0D450A4EB0CE4D2D51640C2B842.d.31C5521047E6D2EEBFE0CC068A6AE94D.e.16048/click - {}
RESULT: {}
COMMAND: GET /session/fa1966063a4db30dbf2f999955ebc217/screenshot - {}
RESULT: {}
]]></system-out>
    </testcase>
    <testcase classname="chrome.136_0_7103_93.windows.Billing_transfer_US117289" name="Should create a new contract" time="63.026">
      <system-out><![CDATA[
COMMAND: POST /session/fa1966063a4db30dbf2f999955ebc217/execute/async - {"script":"<script> [1562 bytes]","args":[{"selector":{"controlType":"sap.m.GenericTile","properties":{"header":"Manage Contracts"}},"wdio_ui5_key":"sapm.GenericTile{\"header\":\"Manage Contracts\"}"}]}
RESULT: {"script":"<script> [1562 bytes]","args":[{"selector":{"controlType":"sap.m.GenericTile","properties":{"header":"Manage Contracts"}},"wdio_ui5_key":"sapm.GenericTile{\"header\":\"Manage Contracts\"}"}]}
RESULT: undefined
COMMAND: POST /session/fa1966063a4db30dbf2f999955ebc217/element - {"using":"xpath","value":"//*[@id=\"__tile132\"]"}
RESULT: {"using":"xpath","value":"//*[@id=\"__tile132\"]"}
COMMAND: POST /session/fa1966063a4db30dbf2f999955ebc217/element/f.8EF3D0D450A4EB0CE4D2D51640C2B842.d.31C5521047E6D2EEBFE0CC068A6AE94D.e.14659/click - {}
RESULT: {}
COMMAND: GET /session/fa1966063a4db30dbf2f999955ebc217/screenshot - {}
COMMAND: POST /session/fa1966063a4db30dbf2f999955ebc217/elements - {"using":"xpath","value":"//span[text()='Error']"}
RESULT: {}
RESULT: {"using":"xpath","value":"//span[text()='Error']"}
COMMAND: POST /session/fa1966063a4db30dbf2f999955ebc217/element - {"using":"xpath","value":"//button[@data-kt=\"addButton\"]"}
RESULT: {"using":"xpath","value":"//button[@data-kt=\"addButton\"]"}
COMMAND: POST /session/fa1966063a4db30dbf2f999955ebc217/elements - {"using":"xpath","value":"//button[@data-kt=\"addButton\"]"}
RESULT: {"using":"xpath","value":"//button[@data-kt=\"addButton\"]"}
COMMAND: POST /session/fa1966063a4db30dbf2f999955ebc217/execute/sync - {"script":"<script> [8489 bytes]","args":[{"element-6066-11e4-a52e-4f735466cecf":"f.8EF3D0D450A4EB0CE4D2D51640C2B842.d.31C5521047E6D2EEBFE0CC068A6AE94D.e.16877","ELEMENT":"f.8EF3D0D450A4EB0CE4D2D51640C2B842.d.31C5521047E6D2EEBFE0CC068A6AE94D.e.16877"}]}
RESULT: {"script":"<script> [8489 bytes]","args":[{"element-6066-11e4-a52e-4f735466cecf":"f.8EF3D0D450A4EB0CE4D2D51640C2B842.d.31C5521047E6D2EEBFE0CC068A6AE94D.e.16877","ELEMENT":"f.8EF3D0D450A4EB0CE4D2D51640C2B842.d.31C5521047E6D2EEBFE0CC068A6AE94D.e.16877"}]}
COMMAND: GET /session/fa1966063a4db30dbf2f999955ebc217/element/f.8EF3D0D450A4EB0CE4D2D51640C2B842.d.31C5521047E6D2EEBFE0CC068A6AE94D.e.16877/enabled - {}
COMMAND: GET /session/fa1966063a4db30dbf2f999955ebc217/screenshot - {}
RESULT: {}
COMMAND: POST /session/fa1966063a4db30dbf2f999955ebc217/execute/sync - {"script":"<script> [8489 bytes]","args":[{"element-6066-11e4-a52e-4f735466cecf":"f.8EF3D0D450A4EB0CE4D2D51640C2B842.d.31C5521047E6D2EEBFE0CC068A6AE94D.e.16877","ELEMENT":"f.8EF3D0D450A4EB0CE4D2D51640C2B842.d.31C5521047E6D2EEBFE0CC068A6AE94D.e.16877"}]}
COMMAND: GET /session/fa1966063a4db30dbf2f999955ebc217/screenshot - {}
RESULT: {}
RESULT: {"script":"<script> [8489 bytes]","args":[{"element-6066-11e4-a52e-4f735466cecf":"f.8EF3D0D450A4EB0CE4D2D51640C2B842.d.31C5521047E6D2EEBFE0CC068A6AE94D.e.16877","ELEMENT":"f.8EF3D0D450A4EB0CE4D2D51640C2B842.d.31C5521047E6D2EEBFE0CC068A6AE94D.e.16877"}]}
COMMAND: POST /session/fa1966063a4db30dbf2f999955ebc217/execute/sync - {"script":"<script> [5351 bytes]","args":[{"element-6066-11e4-a52e-4f735466cecf":"f.8EF3D0D450A4EB0CE4D2D51640C2B842.d.31C5521047E6D2EEBFE0CC068A6AE94D.e.16877","ELEMENT":"f.8EF3D0D450A4EB0CE4D2D51640C2B842.d.31C5521047E6D2EEBFE0CC068A6AE94D.e.16877"}]}
COMMAND: GET /session/fa1966063a4db30dbf2f999955ebc217/screenshot - {}
RESULT: {}
RESULT: {"script":"<script> [5351 bytes]","args":[{"element-6066-11e4-a52e-4f735466cecf":"f.8EF3D0D450A4EB0CE4D2D51640C2B842.d.31C5521047E6D2EEBFE0CC068A6AE94D.e.16877","ELEMENT":"f.8EF3D0D450A4EB0CE4D2D51640C2B842.d.31C5521047E6D2EEBFE0CC068A6AE94D.e.16877"}]}
COMMAND: GET /session/fa1966063a4db30dbf2f999955ebc217/screenshot - {}
RESULT: {}
RESULT: {}
COMMAND: POST /session/fa1966063a4db30dbf2f999955ebc217/element/f.8EF3D0D450A4EB0CE4D2D51640C2B842.d.31C5521047E6D2EEBFE0CC068A6AE94D.e.16877/click - {}
RESULT: {}
COMMAND: GET /session/fa1966063a4db30dbf2f999955ebc217/screenshot - {}
RESULT: {}
COMMAND: POST /session/fa1966063a4db30dbf2f999955ebc217/execute/async - {"script":"<script> [1562 bytes]","args":[{"selector":{"id":"application-managecontracts-display-component---AddNewContract--projectDescription","interaction":{"idSuffix":"inner"}},"wdio_ui5_key":"applicationmanagecontracts-display-component---AddNewContract--projectDescription"}]}
RESULT: {"script":"<script> [1562 bytes]","args":[{"selector":{"id":"application-managecontracts-display-component---AddNewContract--projectDescription","interaction":{"idSuffix":"inner"}},"wdio_ui5_key":"applicationmanagecontracts-display-component---AddNewContract--projectDescription"}]}
RESULT: undefined
COMMAND: POST /session/fa1966063a4db30dbf2f999955ebc217/execute/async - {"script":"<script> [776 bytes]","args":[{"enterText":"Contract WDIO","selector":{"id":"application-managecontracts-display-component---AddNewContract--projectDescription","interaction":{"idSuffix":"inner"}},"clearTextFirst":true,"interactionType":"ENTER_TEXT"}]}
RESULT: {"script":"<script> [776 bytes]","args":[{"enterText":"Contract WDIO","selector":{"id":"application-managecontracts-display-component---AddNewContract--projectDescription","interaction":{"idSuffix":"inner"}},"clearTextFirst":true,"interactionType":"ENTER_TEXT"}]}
COMMAND: POST /session/fa1966063a4db30dbf2f999955ebc217/element - {"using":"xpath","value":"//input[@id=\"application-managecontracts-display-component---AddNewContract--site-inner\"]"}
RESULT: {"using":"xpath","value":"//input[@id=\"application-managecontracts-display-component---AddNewContract--site-inner\"]"}
COMMAND: POST /session/fa1966063a4db30dbf2f999955ebc217/element/f.8EF3D0D450A4EB0CE4D2D51640C2B842.d.31C5521047E6D2EEBFE0CC068A6AE94D.e.17205/clear - {}
RESULT: {}
COMMAND: POST /session/fa1966063a4db30dbf2f999955ebc217/element/f.8EF3D0D450A4EB0CE4D2D51640C2B842.d.31C5521047E6D2EEBFE0CC068A6AE94D.e.17205/value - {"text":"2102"}
COMMAND: GET /session/fa1966063a4db30dbf2f999955ebc217/screenshot - {}
RESULT: {"text":"2102"}
COMMAND: GET /session/fa1966063a4db30dbf2f999955ebc217/screenshot - {}
RESULT: {}
RESULT: {}
COMMAND: POST /session/fa1966063a4db30dbf2f999955ebc217/element - {"using":"xpath","value":"//li[.//span[text()='2102']]"}
RESULT: {"using":"xpath","value":"//li[.//span[text()='2102']]"}
COMMAND: POST /session/fa1966063a4db30dbf2f999955ebc217/element/f.8EF3D0D450A4EB0CE4D2D51640C2B842.d.31C5521047E6D2EEBFE0CC068A6AE94D.e.17287/click - {}
RESULT: {}
COMMAND: GET /session/fa1966063a4db30dbf2f999955ebc217/screenshot - {}
RESULT: {}
COMMAND: POST /session/fa1966063a4db30dbf2f999955ebc217/element - {"using":"xpath","value":"//input[@id=\"application-managecontracts-display-component---AddNewContract--yardId-inner\"]"}
RESULT: {"using":"xpath","value":"//input[@id=\"application-managecontracts-display-component---AddNewContract--yardId-inner\"]"}
COMMAND: GET /session/fa1966063a4db30dbf2f999955ebc217/element/f.8EF3D0D450A4EB0CE4D2D51640C2B842.d.31C5521047E6D2EEBFE0CC068A6AE94D.e.17206/property/value - {}
RESULT: {}
COMMAND: POST /session/fa1966063a4db30dbf2f999955ebc217/element - {"using":"xpath","value":"//input[@id=\"application-managecontracts-display-component---AddNewContract--customerSelect-inner\"]"}
COMMAND: GET /session/fa1966063a4db30dbf2f999955ebc217/screenshot - {}
RESULT: {"using":"xpath","value":"//input[@id=\"application-managecontracts-display-component---AddNewContract--customerSelect-inner\"]"}
COMMAND: POST /session/fa1966063a4db30dbf2f999955ebc217/element/f.8EF3D0D450A4EB0CE4D2D51640C2B842.d.31C5521047E6D2EEBFE0CC068A6AE94D.e.17204/clear - {}
RESULT: {}
RESULT: {}
COMMAND: POST /session/fa1966063a4db30dbf2f999955ebc217/element/f.8EF3D0D450A4EB0CE4D2D51640C2B842.d.31C5521047E6D2EEBFE0CC068A6AE94D.e.17204/value - {"text":"1108"}
COMMAND: GET /session/fa1966063a4db30dbf2f999955ebc217/screenshot - {}
RESULT: {"text":"1108"}
COMMAND: GET /session/fa1966063a4db30dbf2f999955ebc217/screenshot - {}
RESULT: {}
RESULT: {}
COMMAND: POST /session/fa1966063a4db30dbf2f999955ebc217/element - {"using":"xpath","value":"//li[.//span[text()='1108']]"}
RESULT: {"using":"xpath","value":"//li[.//span[text()='1108']]"}
COMMAND: POST /session/fa1966063a4db30dbf2f999955ebc217/element/f.8EF3D0D450A4EB0CE4D2D51640C2B842.d.31C5521047E6D2EEBFE0CC068A6AE94D.e.17290/click - {}
RESULT: {}
COMMAND: GET /session/fa1966063a4db30dbf2f999955ebc217/screenshot - {}
RESULT: {}
COMMAND: POST /session/fa1966063a4db30dbf2f999955ebc217/element - {"using":"xpath","value":"//button[@data-kt=\"saveButton\"]"}
RESULT: {"using":"xpath","value":"//button[@data-kt=\"saveButton\"]"}
COMMAND: POST /session/fa1966063a4db30dbf2f999955ebc217/element/f.8EF3D0D450A4EB0CE4D2D51640C2B842.d.31C5521047E6D2EEBFE0CC068A6AE94D.e.17279/click - {}
RESULT: {}
COMMAND: GET /session/fa1966063a4db30dbf2f999955ebc217/screenshot - {}
RESULT: {}
COMMAND: POST /session/fa1966063a4db30dbf2f999955ebc217/element - {"using":"xpath","value":"//span[contains(@id ,\"contractDetailTitleNoExpanded\")]"}
RESULT: {"using":"xpath","value":"//span[contains(@id ,\"contractDetailTitleNoExpanded\")]"}
COMMAND: POST /session/fa1966063a4db30dbf2f999955ebc217/elements - {"using":"xpath","value":"//span[contains(@id ,\"contractDetailTitleNoExpanded\")]"}
RESULT: {"using":"xpath","value":"//span[contains(@id ,\"contractDetailTitleNoExpanded\")]"}
COMMAND: POST /session/fa1966063a4db30dbf2f999955ebc217/execute/sync - {"script":"<script> [56 bytes]","args":[{"element-6066-11e4-a52e-4f735466cecf":"f.8EF3D0D450A4EB0CE4D2D51640C2B842.d.31C5521047E6D2EEBFE0CC068A6AE94D.e.17308","ELEMENT":"f.8EF3D0D450A4EB0CE4D2D51640C2B842.d.31C5521047E6D2EEBFE0CC068A6AE94D.e.17308"}]}
RESULT: {"script":"<script> [56 bytes]","args":[{"element-6066-11e4-a52e-4f735466cecf":"f.8EF3D0D450A4EB0CE4D2D51640C2B842.d.31C5521047E6D2EEBFE0CC068A6AE94D.e.17308","ELEMENT":"f.8EF3D0D450A4EB0CE4D2D51640C2B842.d.31C5521047E6D2EEBFE0CC068A6AE94D.e.17308"}]}
COMMAND: GET /session/fa1966063a4db30dbf2f999955ebc217/screenshot - {}
RESULT: {}
]]></system-out>
    </testcase>
    <testcase classname="chrome.136_0_7103_93.windows.Billing_transfer_US117289" name="Should add created equipment to contract" time="55.631">
      <system-out><![CDATA[
COMMAND: POST /session/fa1966063a4db30dbf2f999955ebc217/element - {"using":"xpath","value":"//button[@data-kt=\"contractDetailEditBtnButton\"]"}
RESULT: {"using":"xpath","value":"//button[@data-kt=\"contractDetailEditBtnButton\"]"}
COMMAND: POST /session/fa1966063a4db30dbf2f999955ebc217/element/f.8EF3D0D450A4EB0CE4D2D51640C2B842.d.31C5521047E6D2EEBFE0CC068A6AE94D.e.17310/click - {}
RESULT: {}
COMMAND: GET /session/fa1966063a4db30dbf2f999955ebc217/screenshot - {}
RESULT: {}
COMMAND: POST /session/fa1966063a4db30dbf2f999955ebc217/element - {"using":"xpath","value":"(//span[contains(text(), \"Additional Addresses\")])[2]"}
RESULT: {"using":"xpath","value":"(//span[contains(text(), \"Additional Addresses\")])[2]"}
COMMAND: POST /session/fa1966063a4db30dbf2f999955ebc217/element/f.8EF3D0D450A4EB0CE4D2D51640C2B842.d.31C5521047E6D2EEBFE0CC068A6AE94D.e.17368/click - {}
RESULT: {}
COMMAND: GET /session/fa1966063a4db30dbf2f999955ebc217/screenshot - {}
RESULT: {}
COMMAND: POST /session/fa1966063a4db30dbf2f999955ebc217/element - {"using":"xpath","value":"//button[@data-kt=\"btnAddTableRowOverflowToolbarButton\"]"}
RESULT: {"using":"xpath","value":"//button[@data-kt=\"btnAddTableRowOverflowToolbarButton\"]"}
COMMAND: POST /session/fa1966063a4db30dbf2f999955ebc217/element/f.8EF3D0D450A4EB0CE4D2D51640C2B842.d.31C5521047E6D2EEBFE0CC068A6AE94D.e.17370/click - {}
RESULT: {}
COMMAND: GET /session/fa1966063a4db30dbf2f999955ebc217/screenshot - {}
RESULT: {}
COMMAND: POST /session/fa1966063a4db30dbf2f999955ebc217/element - {"using":"xpath","value":"//div[(text() = 'Standard Entry' or . = 'Standard Entry')]"}
RESULT: {"using":"xpath","value":"//div[(text() = 'Standard Entry' or . = 'Standard Entry')]"}
COMMAND: POST /session/fa1966063a4db30dbf2f999955ebc217/element/f.8EF3D0D450A4EB0CE4D2D51640C2B842.d.31C5521047E6D2EEBFE0CC068A6AE94D.e.17372/click - {}
RESULT: {}
COMMAND: GET /session/fa1966063a4db30dbf2f999955ebc217/screenshot - {}
RESULT: {}
COMMAND: POST /session/fa1966063a4db30dbf2f999955ebc217/element - {"using":"xpath","value":"//td[7]/div/div/input"}
RESULT: {"using":"xpath","value":"//td[7]/div/div/input"}
COMMAND: POST /session/fa1966063a4db30dbf2f999955ebc217/element/f.8EF3D0D450A4EB0CE4D2D51640C2B842.d.31C5521047E6D2EEBFE0CC068A6AE94D.e.17381/clear - {}
RESULT: {}
COMMAND: POST /session/fa1966063a4db30dbf2f999955ebc217/element/f.8EF3D0D450A4EB0CE4D2D51640C2B842.d.31C5521047E6D2EEBFE0CC068A6AE94D.e.17381/value - {"text":"cCSrYA9wpJ"}
COMMAND: GET /session/fa1966063a4db30dbf2f999955ebc217/screenshot - {}
RESULT: {"text":"cCSrYA9wpJ"}
COMMAND: GET /session/fa1966063a4db30dbf2f999955ebc217/screenshot - {}
RESULT: {}
RESULT: {}
COMMAND: POST /session/fa1966063a4db30dbf2f999955ebc217/actions - {"actions":[{"id":"action55","type":"key","parameters":{},"actions":[{"type":"keyDown","value":""},{"type":"pause","duration":10},{"type":"keyUp","value":""}]}]}
RESULT: {"actions":[{"id":"action55","type":"key","parameters":{},"actions":[{"type":"keyDown","value":""},{"type":"pause","duration":10},{"type":"keyUp","value":""}]}]}
COMMAND: GET /session/fa1966063a4db30dbf2f999955ebc217/screenshot - {}
RESULT: {}
COMMAND: POST /session/fa1966063a4db30dbf2f999955ebc217/execute/sync - {"script":"<script> [276 bytes]","args":["No pricing information was found"]}
RESULT: {"script":"<script> [276 bytes]","args":["No pricing information was found"]}
COMMAND: POST /session/fa1966063a4db30dbf2f999955ebc217/element - {"using":"xpath","value":"(//button[@data-kt=\"saveButton\"])[2]"}
COMMAND: GET /session/fa1966063a4db30dbf2f999955ebc217/screenshot - {}
RESULT: {"using":"xpath","value":"(//button[@data-kt=\"saveButton\"])[2]"}
COMMAND: POST /session/fa1966063a4db30dbf2f999955ebc217/element/f.8EF3D0D450A4EB0CE4D2D51640C2B842.d.31C5521047E6D2EEBFE0CC068A6AE94D.e.17396/click - {}
RESULT: {}
RESULT: {}
COMMAND: GET /session/fa1966063a4db30dbf2f999955ebc217/screenshot - {}
RESULT: {}
COMMAND: POST /session/fa1966063a4db30dbf2f999955ebc217/execute/sync - {"script":"<script> [276 bytes]","args":["Some contract items are having rental validity exceeding header rental validity"]}
RESULT: {"script":"<script> [276 bytes]","args":["Some contract items are having rental validity exceeding header rental validity"]}
COMMAND: GET /session/fa1966063a4db30dbf2f999955ebc217/screenshot - {}
RESULT: {}
COMMAND: POST /session/fa1966063a4db30dbf2f999955ebc217/element - {"using":"xpath","value":"//span[contains(@id ,\"contractItemsSmartTable-header-inner\")]"}
RESULT: {"using":"xpath","value":"//span[contains(@id ,\"contractItemsSmartTable-header-inner\")]"}
COMMAND: POST /session/fa1966063a4db30dbf2f999955ebc217/elements - {"using":"xpath","value":"//span[contains(@id ,\"contractItemsSmartTable-header-inner\")]"}
RESULT: {"using":"xpath","value":"//span[contains(@id ,\"contractItemsSmartTable-header-inner\")]"}
COMMAND: POST /session/fa1966063a4db30dbf2f999955ebc217/execute/sync - {"script":"<script> [56 bytes]","args":[{"element-6066-11e4-a52e-4f735466cecf":"f.8EF3D0D450A4EB0CE4D2D51640C2B842.d.31C5521047E6D2EEBFE0CC068A6AE94D.e.17404","ELEMENT":"f.8EF3D0D450A4EB0CE4D2D51640C2B842.d.31C5521047E6D2EEBFE0CC068A6AE94D.e.17404"}]}
RESULT: {"script":"<script> [56 bytes]","args":[{"element-6066-11e4-a52e-4f735466cecf":"f.8EF3D0D450A4EB0CE4D2D51640C2B842.d.31C5521047E6D2EEBFE0CC068A6AE94D.e.17404","ELEMENT":"f.8EF3D0D450A4EB0CE4D2D51640C2B842.d.31C5521047E6D2EEBFE0CC068A6AE94D.e.17404"}]}
]]></system-out>
    </testcase>
    <testcase classname="chrome.136_0_7103_93.windows.Billing_transfer_US117289" name="Should do a provide to site handover" time="66.292">
      <system-out><![CDATA[
COMMAND: POST /session/fa1966063a4db30dbf2f999955ebc217/element - {"using":"xpath","value":"//button[@data-kt=\"provideButton\"]"}
COMMAND: GET /session/fa1966063a4db30dbf2f999955ebc217/screenshot - {}
RESULT: {"using":"xpath","value":"//button[@data-kt=\"provideButton\"]"}
COMMAND: POST /session/fa1966063a4db30dbf2f999955ebc217/element/f.8EF3D0D450A4EB0CE4D2D51640C2B842.d.31C5521047E6D2EEBFE0CC068A6AE94D.e.17405/click - {}
RESULT: {}
RESULT: {}
COMMAND: GET /session/fa1966063a4db30dbf2f999955ebc217/screenshot - {}
RESULT: undefined
COMMAND: POST /session/fa1966063a4db30dbf2f999955ebc217/execute/async - {"script":"<script> [6424 bytes]","args":[{"element-6066-11e4-a52e-4f735466cecf":"f.8EF3D0D450A4EB0CE4D2D51640C2B842.d.31C5521047E6D2EEBFE0CC068A6AE94D.e.16425"},"setValue",["5/24/25"]]}
RESULT: {}
COMMAND: POST /session/fa1966063a4db30dbf2f999955ebc217/execute/async - {"script":"<script> [1562 bytes]","args":[{"selector":{"id":"application-managehandovers-display-component---AddNewHO--dueDate","interaction":{"idSuffix":"inner"}},"wdio_ui5_key":"applicationmanagehandovers-display-component---AddNewHO--dueDate"}]}
RESULT: {"script":"<script> [1562 bytes]","args":[{"selector":{"id":"application-managehandovers-display-component---AddNewHO--dueDate","interaction":{"idSuffix":"inner"}},"wdio_ui5_key":"applicationmanagehandovers-display-component---AddNewHO--dueDate"}]}
COMMAND: POST /session/fa1966063a4db30dbf2f999955ebc217/execute/async - {"script":"<script> [6424 bytes]","args":[{"element-6066-11e4-a52e-4f735466cecf":"f.8EF3D0D450A4EB0CE4D2D51640C2B842.d.31C5521047E6D2EEBFE0CC068A6AE94D.e.17481"},"setValue",["5/24/25"]]}
RESULT: {"script":"<script> [6424 bytes]","args":[{"element-6066-11e4-a52e-4f735466cecf":"f.8EF3D0D450A4EB0CE4D2D51640C2B842.d.31C5521047E6D2EEBFE0CC068A6AE94D.e.17481"},"setValue",["5/24/25"]]}
COMMAND: POST /session/fa1966063a4db30dbf2f999955ebc217/element - {"using":"xpath","value":"//bdi[contains(text(), \"Instructions\")]"}
RESULT: {"using":"xpath","value":"//bdi[contains(text(), \"Instructions\")]"}
COMMAND: POST /session/fa1966063a4db30dbf2f999955ebc217/element/f.8EF3D0D450A4EB0CE4D2D51640C2B842.d.31C5521047E6D2EEBFE0CC068A6AE94D.e.17723/click - {}
RESULT: {}
COMMAND: GET /session/fa1966063a4db30dbf2f999955ebc217/screenshot - {}
RESULT: {}
COMMAND: POST /session/fa1966063a4db30dbf2f999955ebc217/element - {"using":"xpath","value":"//button[@data-kt=\"AddNewHOProvideAddItemsButton\"]"}
RESULT: {"using":"xpath","value":"//button[@data-kt=\"AddNewHOProvideAddItemsButton\"]"}
COMMAND: POST /session/fa1966063a4db30dbf2f999955ebc217/element/f.8EF3D0D450A4EB0CE4D2D51640C2B842.d.31C5521047E6D2EEBFE0CC068A6AE94D.e.17725/click - {}
RESULT: {}
COMMAND: GET /session/fa1966063a4db30dbf2f999955ebc217/screenshot - {}
RESULT: {}
RESULT: undefined
COMMAND: POST /session/fa1966063a4db30dbf2f999955ebc217/element - {"using":"xpath","value":"//*[@id=\"application-managehandovers-display-component---AddNewHO--popup-sa\"]"}
RESULT: {"using":"xpath","value":"//*[@id=\"application-managehandovers-display-component---AddNewHO--popup-sa\"]"}
COMMAND: POST /session/fa1966063a4db30dbf2f999955ebc217/element/f.8EF3D0D450A4EB0CE4D2D51640C2B842.d.31C5521047E6D2EEBFE0CC068A6AE94D.e.17737/click - {}
RESULT: {}
COMMAND: GET /session/fa1966063a4db30dbf2f999955ebc217/screenshot - {}
RESULT: {}
COMMAND: POST /session/fa1966063a4db30dbf2f999955ebc217/element - {"using":"xpath","value":"//*[contains(@id ,\"BDI-content\")][contains(text(), \"Select\")]"}
RESULT: {"using":"xpath","value":"//*[contains(@id ,\"BDI-content\")][contains(text(), \"Select\")]"}
COMMAND: POST /session/fa1966063a4db30dbf2f999955ebc217/element/f.8EF3D0D450A4EB0CE4D2D51640C2B842.d.31C5521047E6D2EEBFE0CC068A6AE94D.e.17738/click - {}
RESULT: {}
COMMAND: GET /session/fa1966063a4db30dbf2f999955ebc217/screenshot - {}
RESULT: {}
COMMAND: POST /session/fa1966063a4db30dbf2f999955ebc217/execute/async - {"script":"<script> [1562 bytes]","args":[{"selector":{"id":"application-managehandovers-display-component---AddNewHO--confirmCreationButton","interaction":{"idSuffix":"BDI-content"}},"wdio_ui5_key":"applicationmanagehandovers-display-component---AddNewHO--confirmCreationButton"}]}
RESULT: {"script":"<script> [1562 bytes]","args":[{"selector":{"id":"application-managehandovers-display-component---AddNewHO--confirmCreationButton","interaction":{"idSuffix":"BDI-content"}},"wdio_ui5_key":"applicationmanagehandovers-display-component---AddNewHO--confirmCreationButton"}]}
RESULT: undefined
COMMAND: POST /session/fa1966063a4db30dbf2f999955ebc217/element - {"using":"xpath","value":"//*[@id=\"application-managehandovers-display-component---AddNewHO--confirmCreationButton\"]"}
RESULT: {"using":"xpath","value":"//*[@id=\"application-managehandovers-display-component---AddNewHO--confirmCreationButton\"]"}
COMMAND: POST /session/fa1966063a4db30dbf2f999955ebc217/element/f.8EF3D0D450A4EB0CE4D2D51640C2B842.d.31C5521047E6D2EEBFE0CC068A6AE94D.e.17528/click - {}
RESULT: {}
COMMAND: GET /session/fa1966063a4db30dbf2f999955ebc217/screenshot - {}
RESULT: {}
COMMAND: POST /session/fa1966063a4db30dbf2f999955ebc217/execute/async - {"script":"<script> [1562 bytes]","args":[{"selector":{"id":"issueDatePicker","viewName":"etm.portal.ui.managehandovers.view.DetailExecuteHO","interaction":{"idSuffix":"inner"}},"wdio_ui5_key":"issueDatePickeretmportal.ui.managehandovers.view.DetailExecuteHO"}]}
RESULT: {"script":"<script> [1562 bytes]","args":[{"selector":{"id":"issueDatePicker","viewName":"etm.portal.ui.managehandovers.view.DetailExecuteHO","interaction":{"idSuffix":"inner"}},"wdio_ui5_key":"issueDatePickeretmportal.ui.managehandovers.view.DetailExecuteHO"}]}
RESULT: undefined
COMMAND: POST /session/fa1966063a4db30dbf2f999955ebc217/execute/async - {"script":"<script> [776 bytes]","args":[{"enterText":"5/24/25","selector":{"id":"issueDatePicker","viewName":"etm.portal.ui.managehandovers.view.DetailExecuteHO","interaction":{"idSuffix":"inner"}},"clearTextFirst":true,"interactionType":"ENTER_TEXT"}]}
RESULT: {"script":"<script> [776 bytes]","args":[{"enterText":"5/24/25","selector":{"id":"issueDatePicker","viewName":"etm.portal.ui.managehandovers.view.DetailExecuteHO","interaction":{"idSuffix":"inner"}},"clearTextFirst":true,"interactionType":"ENTER_TEXT"}]}
COMMAND: POST /session/fa1966063a4db30dbf2f999955ebc217/element - {"using":"xpath","value":"//button[@data-kt=\"PickingTableConfirmAllButton\"]"}
RESULT: {"using":"xpath","value":"//button[@data-kt=\"PickingTableConfirmAllButton\"]"}
COMMAND: POST /session/fa1966063a4db30dbf2f999955ebc217/element/f.8EF3D0D450A4EB0CE4D2D51640C2B842.d.31C5521047E6D2EEBFE0CC068A6AE94D.e.17800/click - {}
RESULT: {}
COMMAND: GET /session/fa1966063a4db30dbf2f999955ebc217/screenshot - {}
RESULT: {}
COMMAND: POST /session/fa1966063a4db30dbf2f999955ebc217/element - {"using":"xpath","value":"//bdi[contains(text(), \"OK\")]"}
RESULT: {"using":"xpath","value":"//bdi[contains(text(), \"OK\")]"}
COMMAND: POST /session/fa1966063a4db30dbf2f999955ebc217/element/f.8EF3D0D450A4EB0CE4D2D51640C2B842.d.31C5521047E6D2EEBFE0CC068A6AE94D.e.17804/click - {}
RESULT: {}
COMMAND: GET /session/fa1966063a4db30dbf2f999955ebc217/screenshot - {}
RESULT: {}
COMMAND: POST /session/fa1966063a4db30dbf2f999955ebc217/element - {"using":"xpath","value":"//bdi[contains(text(), \"Issue\")]"}
RESULT: {"using":"xpath","value":"//bdi[contains(text(), \"Issue\")]"}
COMMAND: POST /session/fa1966063a4db30dbf2f999955ebc217/element/f.8EF3D0D450A4EB0CE4D2D51640C2B842.d.31C5521047E6D2EEBFE0CC068A6AE94D.e.17805/click - {}
RESULT: {}
COMMAND: GET /session/fa1966063a4db30dbf2f999955ebc217/screenshot - {}
RESULT: {}
COMMAND: POST /session/fa1966063a4db30dbf2f999955ebc217/element - {"using":"css selector","value":"#shell-header-logo"}
RESULT: {"using":"css selector","value":"#shell-header-logo"}
COMMAND: POST /session/fa1966063a4db30dbf2f999955ebc217/element/f.8EF3D0D450A4EB0CE4D2D51640C2B842.d.31C5521047E6D2EEBFE0CC068A6AE94D.e.16838/click - {}
RESULT: {}
COMMAND: GET /session/fa1966063a4db30dbf2f999955ebc217/screenshot - {}
RESULT: {}
]]></system-out>
    </testcase>
    <testcase classname="chrome.136_0_7103_93.windows.Billing_transfer_US117289" name="Should navigate to Manage Billings and trigger contract calculation business confirm it" time="65.738">
      <system-out><![CDATA[
COMMAND: POST /session/fa1966063a4db30dbf2f999955ebc217/execute/async - {"script":"<script> [1562 bytes]","args":[{"selector":{"controlType":"sap.m.GenericTile","properties":{"header":"Manage Billings"}},"wdio_ui5_key":"sapm.GenericTile{\"header\":\"Manage Billings\"}"}]}
RESULT: {"script":"<script> [1562 bytes]","args":[{"selector":{"controlType":"sap.m.GenericTile","properties":{"header":"Manage Billings"}},"wdio_ui5_key":"sapm.GenericTile{\"header\":\"Manage Billings\"}"}]}
RESULT: undefined
COMMAND: POST /session/fa1966063a4db30dbf2f999955ebc217/element - {"using":"xpath","value":"//*[@id=\"__tile51\"]"}
RESULT: {"using":"xpath","value":"//*[@id=\"__tile51\"]"}
COMMAND: POST /session/fa1966063a4db30dbf2f999955ebc217/element/f.8EF3D0D450A4EB0CE4D2D51640C2B842.d.31C5521047E6D2EEBFE0CC068A6AE94D.e.14686/click - {}
RESULT: {}
COMMAND: GET /session/fa1966063a4db30dbf2f999955ebc217/screenshot - {}
COMMAND: POST /session/fa1966063a4db30dbf2f999955ebc217/elements - {"using":"xpath","value":"//span[text()='Error']"}
RESULT: {}
RESULT: {"using":"xpath","value":"//span[text()='Error']"}
COMMAND: POST /session/fa1966063a4db30dbf2f999955ebc217/execute/async - {"script":"<script> [1562 bytes]","args":[{"selector":{"id":"application-managebillings-display-component---billRunCalcResult--smartFilterBar-btnBasicSearch","interaction":{"idSuffix":"I"}},"wdio_ui5_key":"applicationmanagebillings-display-component---billRunCalcResult--smartFilterBar-btnBasicSearch"}]}
RESULT: {"script":"<script> [1562 bytes]","args":[{"selector":{"id":"application-managebillings-display-component---billRunCalcResult--smartFilterBar-btnBasicSearch","interaction":{"idSuffix":"I"}},"wdio_ui5_key":"applicationmanagebillings-display-component---billRunCalcResult--smartFilterBar-btnBasicSearch"}]}
RESULT: undefined
COMMAND: POST /session/fa1966063a4db30dbf2f999955ebc217/execute/async - {"script":"<script> [776 bytes]","args":[{"enterText":"10196","selector":{"id":"application-managebillings-display-component---billRunCalcResult--smartFilterBar-btnBasicSearch","interaction":{"idSuffix":"I"}},"clearTextFirst":true,"interactionType":"ENTER_TEXT"}]}
RESULT: {"script":"<script> [776 bytes]","args":[{"enterText":"10196","selector":{"id":"application-managebillings-display-component---billRunCalcResult--smartFilterBar-btnBasicSearch","interaction":{"idSuffix":"I"}},"clearTextFirst":true,"interactionType":"ENTER_TEXT"}]}
COMMAND: POST /session/fa1966063a4db30dbf2f999955ebc217/actions - {"actions":[{"id":"action56","type":"key","parameters":{},"actions":[{"type":"keyDown","value":""},{"type":"pause","duration":10},{"type":"keyUp","value":""}]}]}
RESULT: {"actions":[{"id":"action56","type":"key","parameters":{},"actions":[{"type":"keyDown","value":""},{"type":"pause","duration":10},{"type":"keyUp","value":""}]}]}
COMMAND: GET /session/fa1966063a4db30dbf2f999955ebc217/screenshot - {}
RESULT: {}
COMMAND: POST /session/fa1966063a4db30dbf2f999955ebc217/element - {"using":"xpath","value":"//td[@aria-colindex=\"1\"]/div/div[contains(@class, \"sapMCbBg\")]"}
RESULT: {"using":"xpath","value":"//td[@aria-colindex=\"1\"]/div/div[contains(@class, \"sapMCbBg\")]"}
COMMAND: POST /session/fa1966063a4db30dbf2f999955ebc217/element/f.8EF3D0D450A4EB0CE4D2D51640C2B842.d.31C5521047E6D2EEBFE0CC068A6AE94D.e.18212/click - {}
RESULT: {}
COMMAND: GET /session/fa1966063a4db30dbf2f999955ebc217/screenshot - {}
RESULT: {}
COMMAND: POST /session/fa1966063a4db30dbf2f999955ebc217/execute/async - {"script":"<script> [1562 bytes]","args":[{"selector":{"id":"application-managebillings-display-component---billRunCalcResult--contractBillRunDate","interaction":{"idSuffix":"inner"}},"wdio_ui5_key":"applicationmanagebillings-display-component---billRunCalcResult--contractBillRunDate"}]}
RESULT: {"script":"<script> [1562 bytes]","args":[{"selector":{"id":"application-managebillings-display-component---billRunCalcResult--contractBillRunDate","interaction":{"idSuffix":"inner"}},"wdio_ui5_key":"applicationmanagebillings-display-component---billRunCalcResult--contractBillRunDate"}]}
RESULT: undefined
COMMAND: POST /session/fa1966063a4db30dbf2f999955ebc217/execute/async - {"script":"<script> [776 bytes]","args":[{"enterText":"6/24/25","selector":{"id":"application-managebillings-display-component---billRunCalcResult--contractBillRunDate","interaction":{"idSuffix":"inner"}},"clearTextFirst":true,"interactionType":"ENTER_TEXT"}]}
RESULT: {"script":"<script> [776 bytes]","args":[{"enterText":"6/24/25","selector":{"id":"application-managebillings-display-component---billRunCalcResult--contractBillRunDate","interaction":{"idSuffix":"inner"}},"clearTextFirst":true,"interactionType":"ENTER_TEXT"}]}
COMMAND: POST /session/fa1966063a4db30dbf2f999955ebc217/element - {"using":"xpath","value":"//bdi[contains(text(), \"Trigger Calculation\")]"}
RESULT: {"using":"xpath","value":"//bdi[contains(text(), \"Trigger Calculation\")]"}
COMMAND: POST /session/fa1966063a4db30dbf2f999955ebc217/element/f.8EF3D0D450A4EB0CE4D2D51640C2B842.d.31C5521047E6D2EEBFE0CC068A6AE94D.e.18234/click - {}
RESULT: {}
COMMAND: GET /session/fa1966063a4db30dbf2f999955ebc217/screenshot - {}
RESULT: {}
COMMAND: POST /session/fa1966063a4db30dbf2f999955ebc217/element - {"using":"xpath","value":"(//span[contains(@id, \"imgNav\")])[1]"}
RESULT: {"using":"xpath","value":"(//span[contains(@id, \"imgNav\")])[1]"}
COMMAND: POST /session/fa1966063a4db30dbf2f999955ebc217/element/f.8EF3D0D450A4EB0CE4D2D51640C2B842.d.31C5521047E6D2EEBFE0CC068A6AE94D.e.18226/click - {}
RESULT: {}
COMMAND: GET /session/fa1966063a4db30dbf2f999955ebc217/screenshot - {}
RESULT: {}
COMMAND: POST /session/fa1966063a4db30dbf2f999955ebc217/execute/async - {"script":"<script> [1562 bytes]","args":[{"selector":{"controlType":"sap.ui.core.Icon","viewName":"etm.portal.ui.managebillings.view.Master","viewId":"application-managebillings-display-component---billRunCalcResult","properties":{"src":{"regex":{"source":"slim\\-arrow\\-right"}}}},"wdio_ui5_key":"etmportal.ui.managebillings.view.Mastersap.ui.core.Icon{\"src\":{\"regex\":{\"source\":\"slim\\\\-arrow\\\\-right\"}}}"}]}
RESULT: {"script":"<script> [1562 bytes]","args":[{"selector":{"controlType":"sap.ui.core.Icon","viewName":"etm.portal.ui.managebillings.view.Master","viewId":"application-managebillings-display-component---billRunCalcResult","properties":{"src":{"regex":{"source":"slim\\-arrow\\-right"}}}},"wdio_ui5_key":"etmportal.ui.managebillings.view.Mastersap.ui.core.Icon{\"src\":{\"regex\":{\"source\":\"slim\\\\-arrow\\\\-right\"}}}"}]}
RESULT: undefined
COMMAND: POST /session/fa1966063a4db30dbf2f999955ebc217/element - {"using":"xpath","value":"//*[@id=\"__item1464-application-managebillings-display-component---billRunCalcResult--billingRunsTable-0-imgNav\"]"}
RESULT: {"using":"xpath","value":"//*[@id=\"__item1464-application-managebillings-display-component---billRunCalcResult--billingRunsTable-0-imgNav\"]"}
COMMAND: POST /session/fa1966063a4db30dbf2f999955ebc217/element/f.8EF3D0D450A4EB0CE4D2D51640C2B842.d.31C5521047E6D2EEBFE0CC068A6AE94D.e.18239/click - {}
RESULT: {}
COMMAND: POST /session/fa1966063a4db30dbf2f999955ebc217/execute/async - {"script":"<script> [1562 bytes]","args":[{"selector":{"id":"application-managebillings-display-component---billRunCalcResult--btnConf","interaction":{"idSuffix":"BDI-content"}},"wdio_ui5_key":"applicationmanagebillings-display-component---billRunCalcResult--btnConf"}]}
COMMAND: GET /session/fa1966063a4db30dbf2f999955ebc217/screenshot - {}
RESULT: {"script":"<script> [1562 bytes]","args":[{"selector":{"id":"application-managebillings-display-component---billRunCalcResult--btnConf","interaction":{"idSuffix":"BDI-content"}},"wdio_ui5_key":"applicationmanagebillings-display-component---billRunCalcResult--btnConf"}]}
RESULT: undefined
COMMAND: POST /session/fa1966063a4db30dbf2f999955ebc217/element - {"using":"xpath","value":"//*[@id=\"application-managebillings-display-component---billRunCalcResult--btnConf\"]"}
RESULT: {}
RESULT: {"using":"xpath","value":"//*[@id=\"application-managebillings-display-component---billRunCalcResult--btnConf\"]"}
COMMAND: POST /session/fa1966063a4db30dbf2f999955ebc217/element/f.8EF3D0D450A4EB0CE4D2D51640C2B842.d.31C5521047E6D2EEBFE0CC068A6AE94D.e.18274/click - {}
RESULT: {}
COMMAND: POST /session/fa1966063a4db30dbf2f999955ebc217/element - {"using":"css selector","value":"#shell-header-logo"}
COMMAND: GET /session/fa1966063a4db30dbf2f999955ebc217/screenshot - {}
RESULT: {"using":"css selector","value":"#shell-header-logo"}
COMMAND: POST /session/fa1966063a4db30dbf2f999955ebc217/element/f.8EF3D0D450A4EB0CE4D2D51640C2B842.d.31C5521047E6D2EEBFE0CC068A6AE94D.e.17988/click - {}
RESULT: {}
RESULT: {}
COMMAND: GET /session/fa1966063a4db30dbf2f999955ebc217/screenshot - {}
RESULT: {}
]]></system-out>
    </testcase>
    <testcase classname="chrome.136_0_7103_93.windows.Billing_transfer_US117289" name="Should trigger Billing Transfer process all the way to completion" time="91.581">
      <system-out><![CDATA[
COMMAND: POST /session/fa1966063a4db30dbf2f999955ebc217/execute/async - {"script":"<script> [1562 bytes]","args":[{"selector":{"controlType":"sap.m.GenericTile","properties":{"header":"Billing Transfer"}},"wdio_ui5_key":"sapm.GenericTile{\"header\":\"Billing Transfer\"}"}]}
RESULT: {"script":"<script> [1562 bytes]","args":[{"selector":{"controlType":"sap.m.GenericTile","properties":{"header":"Billing Transfer"}},"wdio_ui5_key":"sapm.GenericTile{\"header\":\"Billing Transfer\"}"}]}
RESULT: undefined
COMMAND: POST /session/fa1966063a4db30dbf2f999955ebc217/element - {"using":"xpath","value":"//*[@id=\"__tile50\"]"}
RESULT: {"using":"xpath","value":"//*[@id=\"__tile50\"]"}
COMMAND: POST /session/fa1966063a4db30dbf2f999955ebc217/element/f.8EF3D0D450A4EB0CE4D2D51640C2B842.d.31C5521047E6D2EEBFE0CC068A6AE94D.e.14684/click - {}
RESULT: {}
COMMAND: GET /session/fa1966063a4db30dbf2f999955ebc217/screenshot - {}
RESULT: {}
COMMAND: POST /session/fa1966063a4db30dbf2f999955ebc217/elements - {"using":"xpath","value":"//span[text()='Error']"}
RESULT: {"using":"xpath","value":"//span[text()='Error']"}
COMMAND: POST /session/fa1966063a4db30dbf2f999955ebc217/element - {"using":"xpath","value":"//input[contains(@id ,\"application-billingtransfer-display-component---billingWorkbench--smartFilterBar-btnBasicSearch\")]"}
RESULT: {"using":"xpath","value":"//input[contains(@id ,\"application-billingtransfer-display-component---billingWorkbench--smartFilterBar-btnBasicSearch\")]"}
COMMAND: POST /session/fa1966063a4db30dbf2f999955ebc217/elements - {"using":"xpath","value":"//input[contains(@id ,\"application-billingtransfer-display-component---billingWorkbench--smartFilterBar-btnBasicSearch\")]"}
RESULT: {"using":"xpath","value":"//input[contains(@id ,\"application-billingtransfer-display-component---billingWorkbench--smartFilterBar-btnBasicSearch\")]"}
COMMAND: POST /session/fa1966063a4db30dbf2f999955ebc217/execute/sync - {"script":"<script> [8489 bytes]","args":[{"element-6066-11e4-a52e-4f735466cecf":"f.8EF3D0D450A4EB0CE4D2D51640C2B842.d.31C5521047E6D2EEBFE0CC068A6AE94D.e.18321","ELEMENT":"f.8EF3D0D450A4EB0CE4D2D51640C2B842.d.31C5521047E6D2EEBFE0CC068A6AE94D.e.18321"}]}
RESULT: {"script":"<script> [8489 bytes]","args":[{"element-6066-11e4-a52e-4f735466cecf":"f.8EF3D0D450A4EB0CE4D2D51640C2B842.d.31C5521047E6D2EEBFE0CC068A6AE94D.e.18321","ELEMENT":"f.8EF3D0D450A4EB0CE4D2D51640C2B842.d.31C5521047E6D2EEBFE0CC068A6AE94D.e.18321"}]}
COMMAND: GET /session/fa1966063a4db30dbf2f999955ebc217/element/f.8EF3D0D450A4EB0CE4D2D51640C2B842.d.31C5521047E6D2EEBFE0CC068A6AE94D.e.18321/enabled - {}
COMMAND: GET /session/fa1966063a4db30dbf2f999955ebc217/screenshot - {}
RESULT: {}
COMMAND: POST /session/fa1966063a4db30dbf2f999955ebc217/element/f.8EF3D0D450A4EB0CE4D2D51640C2B842.d.31C5521047E6D2EEBFE0CC068A6AE94D.e.18321/click - {}
COMMAND: GET /session/fa1966063a4db30dbf2f999955ebc217/screenshot - {}
RESULT: {}
RESULT: {}
COMMAND: GET /session/fa1966063a4db30dbf2f999955ebc217/screenshot - {}
RESULT: {}
RESULT: {}
COMMAND: POST /session/fa1966063a4db30dbf2f999955ebc217/element/f.8EF3D0D450A4EB0CE4D2D51640C2B842.d.31C5521047E6D2EEBFE0CC068A6AE94D.e.18321/clear - {}
RESULT: {}
COMMAND: POST /session/fa1966063a4db30dbf2f999955ebc217/element/f.8EF3D0D450A4EB0CE4D2D51640C2B842.d.31C5521047E6D2EEBFE0CC068A6AE94D.e.18321/value - {"text":"10196"}
COMMAND: GET /session/fa1966063a4db30dbf2f999955ebc217/screenshot - {}
RESULT: {"text":"10196"}
COMMAND: POST /session/fa1966063a4db30dbf2f999955ebc217/actions - {"actions":[{"id":"action57","type":"key","parameters":{},"actions":[{"type":"keyDown","value":""},{"type":"pause","duration":10},{"type":"keyUp","value":""}]}]}
COMMAND: GET /session/fa1966063a4db30dbf2f999955ebc217/screenshot - {}
RESULT: {}
RESULT: {"actions":[{"id":"action57","type":"key","parameters":{},"actions":[{"type":"keyDown","value":""},{"type":"pause","duration":10},{"type":"keyUp","value":""}]}]}
COMMAND: GET /session/fa1966063a4db30dbf2f999955ebc217/screenshot - {}
RESULT: {}
RESULT: {}
COMMAND: POST /session/fa1966063a4db30dbf2f999955ebc217/element - {"using":"xpath","value":"//span[contains(@id ,\"application-billingtransfer-display-component---billingWorkbench--smartTableBillingRuns-header-inner\")]"}
RESULT: {"using":"xpath","value":"//span[contains(@id ,\"application-billingtransfer-display-component---billingWorkbench--smartTableBillingRuns-header-inner\")]"}
COMMAND: POST /session/fa1966063a4db30dbf2f999955ebc217/elements - {"using":"xpath","value":"//span[contains(@id ,\"application-billingtransfer-display-component---billingWorkbench--smartTableBillingRuns-header-inner\")]"}
RESULT: {"using":"xpath","value":"//span[contains(@id ,\"application-billingtransfer-display-component---billingWorkbench--smartTableBillingRuns-header-inner\")]"}
COMMAND: POST /session/fa1966063a4db30dbf2f999955ebc217/execute/sync - {"script":"<script> [56 bytes]","args":[{"element-6066-11e4-a52e-4f735466cecf":"f.8EF3D0D450A4EB0CE4D2D51640C2B842.d.31C5521047E6D2EEBFE0CC068A6AE94D.e.18427","ELEMENT":"f.8EF3D0D450A4EB0CE4D2D51640C2B842.d.31C5521047E6D2EEBFE0CC068A6AE94D.e.18427"}]}
RESULT: {"script":"<script> [56 bytes]","args":[{"element-6066-11e4-a52e-4f735466cecf":"f.8EF3D0D450A4EB0CE4D2D51640C2B842.d.31C5521047E6D2EEBFE0CC068A6AE94D.e.18427","ELEMENT":"f.8EF3D0D450A4EB0CE4D2D51640C2B842.d.31C5521047E6D2EEBFE0CC068A6AE94D.e.18427"}]}
COMMAND: POST /session/fa1966063a4db30dbf2f999955ebc217/element - {"using":"xpath","value":"//td[@aria-colindex=\"1\"]/div/div[contains(@class, \"sapMCbBg\")]"}
COMMAND: GET /session/fa1966063a4db30dbf2f999955ebc217/screenshot - {}
RESULT: {"using":"xpath","value":"//td[@aria-colindex=\"1\"]/div/div[contains(@class, \"sapMCbBg\")]"}
COMMAND: POST /session/fa1966063a4db30dbf2f999955ebc217/element/f.8EF3D0D450A4EB0CE4D2D51640C2B842.d.31C5521047E6D2EEBFE0CC068A6AE94D.e.18409/click - {}
RESULT: {}
RESULT: {}
COMMAND: GET /session/fa1966063a4db30dbf2f999955ebc217/screenshot - {}
RESULT: {}
COMMAND: POST /session/fa1966063a4db30dbf2f999955ebc217/element - {"using":"xpath","value":"//bdi[contains(text(), \"Check\")]"}
RESULT: {"using":"xpath","value":"//bdi[contains(text(), \"Check\")]"}
COMMAND: POST /session/fa1966063a4db30dbf2f999955ebc217/element/f.8EF3D0D450A4EB0CE4D2D51640C2B842.d.31C5521047E6D2EEBFE0CC068A6AE94D.e.18428/click - {}
RESULT: {}
COMMAND: GET /session/fa1966063a4db30dbf2f999955ebc217/screenshot - {}
RESULT: {}
COMMAND: POST /session/fa1966063a4db30dbf2f999955ebc217/element - {"using":"xpath","value":"//bdi[contains(text(), \"OK\")]"}
RESULT: {"using":"xpath","value":"//bdi[contains(text(), \"OK\")]"}
COMMAND: POST /session/fa1966063a4db30dbf2f999955ebc217/element/f.8EF3D0D450A4EB0CE4D2D51640C2B842.d.31C5521047E6D2EEBFE0CC068A6AE94D.e.18431/click - {}
RESULT: {}
COMMAND: GET /session/fa1966063a4db30dbf2f999955ebc217/screenshot - {}
RESULT: {}
COMMAND: POST /session/fa1966063a4db30dbf2f999955ebc217/element - {"using":"xpath","value":"(//span[contains(text(), \"CO/SD checked\")]/parent::div/preceding-sibling::div/span)[1]"}
RESULT: {"using":"xpath","value":"(//span[contains(text(), \"CO/SD checked\")]/parent::div/preceding-sibling::div/span)[1]"}
COMMAND: POST /session/fa1966063a4db30dbf2f999955ebc217/element/f.8EF3D0D450A4EB0CE4D2D51640C2B842.d.31C5521047E6D2EEBFE0CC068A6AE94D.e.18442/click - {}
RESULT: {}
COMMAND: GET /session/fa1966063a4db30dbf2f999955ebc217/screenshot - {}
RESULT: {}
COMMAND: POST /session/fa1966063a4db30dbf2f999955ebc217/element - {"using":"xpath","value":"//input[contains(@id ,\"application-billingtransfer-display-component---billingWorkbench--smartFilterBar-btnBasicSearch\")]"}
RESULT: {"using":"xpath","value":"//input[contains(@id ,\"application-billingtransfer-display-component---billingWorkbench--smartFilterBar-btnBasicSearch\")]"}
COMMAND: POST /session/fa1966063a4db30dbf2f999955ebc217/elements - {"using":"xpath","value":"//input[contains(@id ,\"application-billingtransfer-display-component---billingWorkbench--smartFilterBar-btnBasicSearch\")]"}
RESULT: {"using":"xpath","value":"//input[contains(@id ,\"application-billingtransfer-display-component---billingWorkbench--smartFilterBar-btnBasicSearch\")]"}
COMMAND: POST /session/fa1966063a4db30dbf2f999955ebc217/execute/sync - {"script":"<script> [8489 bytes]","args":[{"element-6066-11e4-a52e-4f735466cecf":"f.8EF3D0D450A4EB0CE4D2D51640C2B842.d.31C5521047E6D2EEBFE0CC068A6AE94D.e.18321","ELEMENT":"f.8EF3D0D450A4EB0CE4D2D51640C2B842.d.31C5521047E6D2EEBFE0CC068A6AE94D.e.18321"}]}
RESULT: {"script":"<script> [8489 bytes]","args":[{"element-6066-11e4-a52e-4f735466cecf":"f.8EF3D0D450A4EB0CE4D2D51640C2B842.d.31C5521047E6D2EEBFE0CC068A6AE94D.e.18321","ELEMENT":"f.8EF3D0D450A4EB0CE4D2D51640C2B842.d.31C5521047E6D2EEBFE0CC068A6AE94D.e.18321"}]}
COMMAND: GET /session/fa1966063a4db30dbf2f999955ebc217/element/f.8EF3D0D450A4EB0CE4D2D51640C2B842.d.31C5521047E6D2EEBFE0CC068A6AE94D.e.18321/enabled - {}
COMMAND: GET /session/fa1966063a4db30dbf2f999955ebc217/screenshot - {}
RESULT: {}
COMMAND: POST /session/fa1966063a4db30dbf2f999955ebc217/element/f.8EF3D0D450A4EB0CE4D2D51640C2B842.d.31C5521047E6D2EEBFE0CC068A6AE94D.e.18321/click - {}
COMMAND: GET /session/fa1966063a4db30dbf2f999955ebc217/screenshot - {}
RESULT: {}
RESULT: {}
COMMAND: GET /session/fa1966063a4db30dbf2f999955ebc217/screenshot - {}
RESULT: {}
RESULT: {}
COMMAND: POST /session/fa1966063a4db30dbf2f999955ebc217/element/f.8EF3D0D450A4EB0CE4D2D51640C2B842.d.31C5521047E6D2EEBFE0CC068A6AE94D.e.18321/clear - {}
RESULT: {}
COMMAND: POST /session/fa1966063a4db30dbf2f999955ebc217/element/f.8EF3D0D450A4EB0CE4D2D51640C2B842.d.31C5521047E6D2EEBFE0CC068A6AE94D.e.18321/value - {"text":"10196"}
COMMAND: GET /session/fa1966063a4db30dbf2f999955ebc217/screenshot - {}
RESULT: {"text":"10196"}
COMMAND: POST /session/fa1966063a4db30dbf2f999955ebc217/actions - {"actions":[{"id":"action58","type":"key","parameters":{},"actions":[{"type":"keyDown","value":""},{"type":"pause","duration":10},{"type":"keyUp","value":""}]}]}
COMMAND: GET /session/fa1966063a4db30dbf2f999955ebc217/screenshot - {}
RESULT: {}
RESULT: {"actions":[{"id":"action58","type":"key","parameters":{},"actions":[{"type":"keyDown","value":""},{"type":"pause","duration":10},{"type":"keyUp","value":""}]}]}
COMMAND: GET /session/fa1966063a4db30dbf2f999955ebc217/screenshot - {}
RESULT: {}
RESULT: {}
COMMAND: POST /session/fa1966063a4db30dbf2f999955ebc217/element - {"using":"xpath","value":"//span[contains(@id ,\"application-billingtransfer-display-component---billingWorkbench--smartTableBillingRuns-header-inner\")]"}
RESULT: {"using":"xpath","value":"//span[contains(@id ,\"application-billingtransfer-display-component---billingWorkbench--smartTableBillingRuns-header-inner\")]"}
COMMAND: POST /session/fa1966063a4db30dbf2f999955ebc217/elements - {"using":"xpath","value":"//span[contains(@id ,\"application-billingtransfer-display-component---billingWorkbench--smartTableBillingRuns-header-inner\")]"}
RESULT: {"using":"xpath","value":"//span[contains(@id ,\"application-billingtransfer-display-component---billingWorkbench--smartTableBillingRuns-header-inner\")]"}
COMMAND: POST /session/fa1966063a4db30dbf2f999955ebc217/execute/sync - {"script":"<script> [56 bytes]","args":[{"element-6066-11e4-a52e-4f735466cecf":"f.8EF3D0D450A4EB0CE4D2D51640C2B842.d.31C5521047E6D2EEBFE0CC068A6AE94D.e.18427","ELEMENT":"f.8EF3D0D450A4EB0CE4D2D51640C2B842.d.31C5521047E6D2EEBFE0CC068A6AE94D.e.18427"}]}
RESULT: {"script":"<script> [56 bytes]","args":[{"element-6066-11e4-a52e-4f735466cecf":"f.8EF3D0D450A4EB0CE4D2D51640C2B842.d.31C5521047E6D2EEBFE0CC068A6AE94D.e.18427","ELEMENT":"f.8EF3D0D450A4EB0CE4D2D51640C2B842.d.31C5521047E6D2EEBFE0CC068A6AE94D.e.18427"}]}
COMMAND: GET /session/fa1966063a4db30dbf2f999955ebc217/screenshot - {}
RESULT: {}
COMMAND: POST /session/fa1966063a4db30dbf2f999955ebc217/execute/sync - {"script":"<script> [56 bytes]","args":[{"element-6066-11e4-a52e-4f735466cecf":"f.8EF3D0D450A4EB0CE4D2D51640C2B842.d.31C5521047E6D2EEBFE0CC068A6AE94D.e.18427","ELEMENT":"f.8EF3D0D450A4EB0CE4D2D51640C2B842.d.31C5521047E6D2EEBFE0CC068A6AE94D.e.18427"}]}
RESULT: {"script":"<script> [56 bytes]","args":[{"element-6066-11e4-a52e-4f735466cecf":"f.8EF3D0D450A4EB0CE4D2D51640C2B842.d.31C5521047E6D2EEBFE0CC068A6AE94D.e.18427","ELEMENT":"f.8EF3D0D450A4EB0CE4D2D51640C2B842.d.31C5521047E6D2EEBFE0CC068A6AE94D.e.18427"}]}
COMMAND: GET /session/fa1966063a4db30dbf2f999955ebc217/screenshot - {}
RESULT: {}
COMMAND: POST /session/fa1966063a4db30dbf2f999955ebc217/execute/sync - {"script":"<script> [56 bytes]","args":[{"element-6066-11e4-a52e-4f735466cecf":"f.8EF3D0D450A4EB0CE4D2D51640C2B842.d.31C5521047E6D2EEBFE0CC068A6AE94D.e.18427","ELEMENT":"f.8EF3D0D450A4EB0CE4D2D51640C2B842.d.31C5521047E6D2EEBFE0CC068A6AE94D.e.18427"}]}
RESULT: {"script":"<script> [56 bytes]","args":[{"element-6066-11e4-a52e-4f735466cecf":"f.8EF3D0D450A4EB0CE4D2D51640C2B842.d.31C5521047E6D2EEBFE0CC068A6AE94D.e.18427","ELEMENT":"f.8EF3D0D450A4EB0CE4D2D51640C2B842.d.31C5521047E6D2EEBFE0CC068A6AE94D.e.18427"}]}
COMMAND: GET /session/fa1966063a4db30dbf2f999955ebc217/screenshot - {}
RESULT: {}
COMMAND: POST /session/fa1966063a4db30dbf2f999955ebc217/execute/sync - {"script":"<script> [56 bytes]","args":[{"element-6066-11e4-a52e-4f735466cecf":"f.8EF3D0D450A4EB0CE4D2D51640C2B842.d.31C5521047E6D2EEBFE0CC068A6AE94D.e.18427","ELEMENT":"f.8EF3D0D450A4EB0CE4D2D51640C2B842.d.31C5521047E6D2EEBFE0CC068A6AE94D.e.18427"}]}
RESULT: {"script":"<script> [56 bytes]","args":[{"element-6066-11e4-a52e-4f735466cecf":"f.8EF3D0D450A4EB0CE4D2D51640C2B842.d.31C5521047E6D2EEBFE0CC068A6AE94D.e.18427","ELEMENT":"f.8EF3D0D450A4EB0CE4D2D51640C2B842.d.31C5521047E6D2EEBFE0CC068A6AE94D.e.18427"}]}
COMMAND: GET /session/fa1966063a4db30dbf2f999955ebc217/screenshot - {}
RESULT: {}
COMMAND: POST /session/fa1966063a4db30dbf2f999955ebc217/execute/sync - {"script":"<script> [56 bytes]","args":[{"element-6066-11e4-a52e-4f735466cecf":"f.8EF3D0D450A4EB0CE4D2D51640C2B842.d.31C5521047E6D2EEBFE0CC068A6AE94D.e.18427","ELEMENT":"f.8EF3D0D450A4EB0CE4D2D51640C2B842.d.31C5521047E6D2EEBFE0CC068A6AE94D.e.18427"}]}
RESULT: {"script":"<script> [56 bytes]","args":[{"element-6066-11e4-a52e-4f735466cecf":"f.8EF3D0D450A4EB0CE4D2D51640C2B842.d.31C5521047E6D2EEBFE0CC068A6AE94D.e.18427","ELEMENT":"f.8EF3D0D450A4EB0CE4D2D51640C2B842.d.31C5521047E6D2EEBFE0CC068A6AE94D.e.18427"}]}
COMMAND: GET /session/fa1966063a4db30dbf2f999955ebc217/screenshot - {}
RESULT: {}
COMMAND: POST /session/fa1966063a4db30dbf2f999955ebc217/execute/sync - {"script":"<script> [56 bytes]","args":[{"element-6066-11e4-a52e-4f735466cecf":"f.8EF3D0D450A4EB0CE4D2D51640C2B842.d.31C5521047E6D2EEBFE0CC068A6AE94D.e.18427","ELEMENT":"f.8EF3D0D450A4EB0CE4D2D51640C2B842.d.31C5521047E6D2EEBFE0CC068A6AE94D.e.18427"}]}
RESULT: {"script":"<script> [56 bytes]","args":[{"element-6066-11e4-a52e-4f735466cecf":"f.8EF3D0D450A4EB0CE4D2D51640C2B842.d.31C5521047E6D2EEBFE0CC068A6AE94D.e.18427","ELEMENT":"f.8EF3D0D450A4EB0CE4D2D51640C2B842.d.31C5521047E6D2EEBFE0CC068A6AE94D.e.18427"}]}
COMMAND: GET /session/fa1966063a4db30dbf2f999955ebc217/screenshot - {}
RESULT: {}
COMMAND: POST /session/fa1966063a4db30dbf2f999955ebc217/execute/sync - {"script":"<script> [56 bytes]","args":[{"element-6066-11e4-a52e-4f735466cecf":"f.8EF3D0D450A4EB0CE4D2D51640C2B842.d.31C5521047E6D2EEBFE0CC068A6AE94D.e.18427","ELEMENT":"f.8EF3D0D450A4EB0CE4D2D51640C2B842.d.31C5521047E6D2EEBFE0CC068A6AE94D.e.18427"}]}
RESULT: {"script":"<script> [56 bytes]","args":[{"element-6066-11e4-a52e-4f735466cecf":"f.8EF3D0D450A4EB0CE4D2D51640C2B842.d.31C5521047E6D2EEBFE0CC068A6AE94D.e.18427","ELEMENT":"f.8EF3D0D450A4EB0CE4D2D51640C2B842.d.31C5521047E6D2EEBFE0CC068A6AE94D.e.18427"}]}
COMMAND: GET /session/fa1966063a4db30dbf2f999955ebc217/screenshot - {}
RESULT: {}
COMMAND: POST /session/fa1966063a4db30dbf2f999955ebc217/execute/sync - {"script":"<script> [56 bytes]","args":[{"element-6066-11e4-a52e-4f735466cecf":"f.8EF3D0D450A4EB0CE4D2D51640C2B842.d.31C5521047E6D2EEBFE0CC068A6AE94D.e.18427","ELEMENT":"f.8EF3D0D450A4EB0CE4D2D51640C2B842.d.31C5521047E6D2EEBFE0CC068A6AE94D.e.18427"}]}
RESULT: {"script":"<script> [56 bytes]","args":[{"element-6066-11e4-a52e-4f735466cecf":"f.8EF3D0D450A4EB0CE4D2D51640C2B842.d.31C5521047E6D2EEBFE0CC068A6AE94D.e.18427","ELEMENT":"f.8EF3D0D450A4EB0CE4D2D51640C2B842.d.31C5521047E6D2EEBFE0CC068A6AE94D.e.18427"}]}
COMMAND: GET /session/fa1966063a4db30dbf2f999955ebc217/screenshot - {}
RESULT: {}
COMMAND: POST /session/fa1966063a4db30dbf2f999955ebc217/execute/sync - {"script":"<script> [56 bytes]","args":[{"element-6066-11e4-a52e-4f735466cecf":"f.8EF3D0D450A4EB0CE4D2D51640C2B842.d.31C5521047E6D2EEBFE0CC068A6AE94D.e.18427","ELEMENT":"f.8EF3D0D450A4EB0CE4D2D51640C2B842.d.31C5521047E6D2EEBFE0CC068A6AE94D.e.18427"}]}
RESULT: {"script":"<script> [56 bytes]","args":[{"element-6066-11e4-a52e-4f735466cecf":"f.8EF3D0D450A4EB0CE4D2D51640C2B842.d.31C5521047E6D2EEBFE0CC068A6AE94D.e.18427","ELEMENT":"f.8EF3D0D450A4EB0CE4D2D51640C2B842.d.31C5521047E6D2EEBFE0CC068A6AE94D.e.18427"}]}
COMMAND: GET /session/fa1966063a4db30dbf2f999955ebc217/screenshot - {}
RESULT: {}
COMMAND: POST /session/fa1966063a4db30dbf2f999955ebc217/execute/sync - {"script":"<script> [56 bytes]","args":[{"element-6066-11e4-a52e-4f735466cecf":"f.8EF3D0D450A4EB0CE4D2D51640C2B842.d.31C5521047E6D2EEBFE0CC068A6AE94D.e.18427","ELEMENT":"f.8EF3D0D450A4EB0CE4D2D51640C2B842.d.31C5521047E6D2EEBFE0CC068A6AE94D.e.18427"}]}
RESULT: {"script":"<script> [56 bytes]","args":[{"element-6066-11e4-a52e-4f735466cecf":"f.8EF3D0D450A4EB0CE4D2D51640C2B842.d.31C5521047E6D2EEBFE0CC068A6AE94D.e.18427","ELEMENT":"f.8EF3D0D450A4EB0CE4D2D51640C2B842.d.31C5521047E6D2EEBFE0CC068A6AE94D.e.18427"}]}
COMMAND: POST /session/fa1966063a4db30dbf2f999955ebc217/element - {"using":"xpath","value":"//td[@aria-colindex=\"1\"]/div/div[contains(@class, \"sapMCbBg\")]"}
COMMAND: GET /session/fa1966063a4db30dbf2f999955ebc217/screenshot - {}
RESULT: {"using":"xpath","value":"//td[@aria-colindex=\"1\"]/div/div[contains(@class, \"sapMCbBg\")]"}
COMMAND: POST /session/fa1966063a4db30dbf2f999955ebc217/element/f.8EF3D0D450A4EB0CE4D2D51640C2B842.d.31C5521047E6D2EEBFE0CC068A6AE94D.e.18447/click - {}
RESULT: {}
RESULT: {}
COMMAND: GET /session/fa1966063a4db30dbf2f999955ebc217/screenshot - {}
RESULT: {}
COMMAND: POST /session/fa1966063a4db30dbf2f999955ebc217/element - {"using":"xpath","value":"//bdi[text()=\"Transfer\"]"}
RESULT: {"using":"xpath","value":"//bdi[text()=\"Transfer\"]"}
COMMAND: POST /session/fa1966063a4db30dbf2f999955ebc217/element/f.8EF3D0D450A4EB0CE4D2D51640C2B842.d.31C5521047E6D2EEBFE0CC068A6AE94D.e.18448/click - {}
RESULT: {}
COMMAND: GET /session/fa1966063a4db30dbf2f999955ebc217/screenshot - {}
RESULT: {}
COMMAND: POST /session/fa1966063a4db30dbf2f999955ebc217/element - {"using":"xpath","value":"//bdi[contains(text(), \"OK\")]"}
RESULT: {"using":"xpath","value":"//bdi[contains(text(), \"OK\")]"}
COMMAND: POST /session/fa1966063a4db30dbf2f999955ebc217/element/f.8EF3D0D450A4EB0CE4D2D51640C2B842.d.31C5521047E6D2EEBFE0CC068A6AE94D.e.18451/click - {}
RESULT: {}
COMMAND: GET /session/fa1966063a4db30dbf2f999955ebc217/screenshot - {}
RESULT: {}
COMMAND: POST /session/fa1966063a4db30dbf2f999955ebc217/element - {"using":"xpath","value":"(//span[contains(text(), \"Completed\")]/parent::div/preceding-sibling::div/span)[1]"}
RESULT: {"using":"xpath","value":"(//span[contains(text(), \"Completed\")]/parent::div/preceding-sibling::div/span)[1]"}
COMMAND: POST /session/fa1966063a4db30dbf2f999955ebc217/element/f.8EF3D0D450A4EB0CE4D2D51640C2B842.d.31C5521047E6D2EEBFE0CC068A6AE94D.e.18459/click - {}
RESULT: {}
COMMAND: POST /session/fa1966063a4db30dbf2f999955ebc217/element - {"using":"xpath","value":"//input[contains(@id ,\"application-billingtransfer-display-component---billingWorkbench--smartFilterBar-btnBasicSearch\")]"}
COMMAND: GET /session/fa1966063a4db30dbf2f999955ebc217/screenshot - {}
RESULT: {"using":"xpath","value":"//input[contains(@id ,\"application-billingtransfer-display-component---billingWorkbench--smartFilterBar-btnBasicSearch\")]"}
COMMAND: POST /session/fa1966063a4db30dbf2f999955ebc217/elements - {"using":"xpath","value":"//input[contains(@id ,\"application-billingtransfer-display-component---billingWorkbench--smartFilterBar-btnBasicSearch\")]"}
RESULT: {}
RESULT: {"using":"xpath","value":"//input[contains(@id ,\"application-billingtransfer-display-component---billingWorkbench--smartFilterBar-btnBasicSearch\")]"}
COMMAND: POST /session/fa1966063a4db30dbf2f999955ebc217/execute/sync - {"script":"<script> [8489 bytes]","args":[{"element-6066-11e4-a52e-4f735466cecf":"f.8EF3D0D450A4EB0CE4D2D51640C2B842.d.31C5521047E6D2EEBFE0CC068A6AE94D.e.18321","ELEMENT":"f.8EF3D0D450A4EB0CE4D2D51640C2B842.d.31C5521047E6D2EEBFE0CC068A6AE94D.e.18321"}]}
RESULT: {"script":"<script> [8489 bytes]","args":[{"element-6066-11e4-a52e-4f735466cecf":"f.8EF3D0D450A4EB0CE4D2D51640C2B842.d.31C5521047E6D2EEBFE0CC068A6AE94D.e.18321","ELEMENT":"f.8EF3D0D450A4EB0CE4D2D51640C2B842.d.31C5521047E6D2EEBFE0CC068A6AE94D.e.18321"}]}
COMMAND: GET /session/fa1966063a4db30dbf2f999955ebc217/element/f.8EF3D0D450A4EB0CE4D2D51640C2B842.d.31C5521047E6D2EEBFE0CC068A6AE94D.e.18321/enabled - {}
COMMAND: GET /session/fa1966063a4db30dbf2f999955ebc217/screenshot - {}
RESULT: {}
COMMAND: POST /session/fa1966063a4db30dbf2f999955ebc217/element/f.8EF3D0D450A4EB0CE4D2D51640C2B842.d.31C5521047E6D2EEBFE0CC068A6AE94D.e.18321/click - {}
COMMAND: GET /session/fa1966063a4db30dbf2f999955ebc217/screenshot - {}
RESULT: {}
RESULT: {}
COMMAND: GET /session/fa1966063a4db30dbf2f999955ebc217/screenshot - {}
RESULT: {}
RESULT: {}
COMMAND: POST /session/fa1966063a4db30dbf2f999955ebc217/element/f.8EF3D0D450A4EB0CE4D2D51640C2B842.d.31C5521047E6D2EEBFE0CC068A6AE94D.e.18321/clear - {}
RESULT: {}
COMMAND: POST /session/fa1966063a4db30dbf2f999955ebc217/element/f.8EF3D0D450A4EB0CE4D2D51640C2B842.d.31C5521047E6D2EEBFE0CC068A6AE94D.e.18321/value - {"text":"10196"}
COMMAND: GET /session/fa1966063a4db30dbf2f999955ebc217/screenshot - {}
RESULT: {"text":"10196"}
COMMAND: POST /session/fa1966063a4db30dbf2f999955ebc217/actions - {"actions":[{"id":"action59","type":"key","parameters":{},"actions":[{"type":"keyDown","value":""},{"type":"pause","duration":10},{"type":"keyUp","value":""}]}]}
COMMAND: GET /session/fa1966063a4db30dbf2f999955ebc217/screenshot - {}
RESULT: {}
RESULT: {"actions":[{"id":"action59","type":"key","parameters":{},"actions":[{"type":"keyDown","value":""},{"type":"pause","duration":10},{"type":"keyUp","value":""}]}]}
COMMAND: GET /session/fa1966063a4db30dbf2f999955ebc217/screenshot - {}
RESULT: {}
RESULT: {}
COMMAND: POST /session/fa1966063a4db30dbf2f999955ebc217/element - {"using":"xpath","value":"//span[contains(@id ,\"application-billingtransfer-display-component---billingWorkbench--smartTableBillingRuns-header-inner\")]"}
RESULT: {"using":"xpath","value":"//span[contains(@id ,\"application-billingtransfer-display-component---billingWorkbench--smartTableBillingRuns-header-inner\")]"}
COMMAND: POST /session/fa1966063a4db30dbf2f999955ebc217/elements - {"using":"xpath","value":"//span[contains(@id ,\"application-billingtransfer-display-component---billingWorkbench--smartTableBillingRuns-header-inner\")]"}
RESULT: {"using":"xpath","value":"//span[contains(@id ,\"application-billingtransfer-display-component---billingWorkbench--smartTableBillingRuns-header-inner\")]"}
COMMAND: POST /session/fa1966063a4db30dbf2f999955ebc217/execute/sync - {"script":"<script> [56 bytes]","args":[{"element-6066-11e4-a52e-4f735466cecf":"f.8EF3D0D450A4EB0CE4D2D51640C2B842.d.31C5521047E6D2EEBFE0CC068A6AE94D.e.18427","ELEMENT":"f.8EF3D0D450A4EB0CE4D2D51640C2B842.d.31C5521047E6D2EEBFE0CC068A6AE94D.e.18427"}]}
RESULT: {"script":"<script> [56 bytes]","args":[{"element-6066-11e4-a52e-4f735466cecf":"f.8EF3D0D450A4EB0CE4D2D51640C2B842.d.31C5521047E6D2EEBFE0CC068A6AE94D.e.18427","ELEMENT":"f.8EF3D0D450A4EB0CE4D2D51640C2B842.d.31C5521047E6D2EEBFE0CC068A6AE94D.e.18427"}]}
COMMAND: GET /session/fa1966063a4db30dbf2f999955ebc217/screenshot - {}
RESULT: {}
COMMAND: POST /session/fa1966063a4db30dbf2f999955ebc217/execute/sync - {"script":"<script> [56 bytes]","args":[{"element-6066-11e4-a52e-4f735466cecf":"f.8EF3D0D450A4EB0CE4D2D51640C2B842.d.31C5521047E6D2EEBFE0CC068A6AE94D.e.18427","ELEMENT":"f.8EF3D0D450A4EB0CE4D2D51640C2B842.d.31C5521047E6D2EEBFE0CC068A6AE94D.e.18427"}]}
RESULT: {"script":"<script> [56 bytes]","args":[{"element-6066-11e4-a52e-4f735466cecf":"f.8EF3D0D450A4EB0CE4D2D51640C2B842.d.31C5521047E6D2EEBFE0CC068A6AE94D.e.18427","ELEMENT":"f.8EF3D0D450A4EB0CE4D2D51640C2B842.d.31C5521047E6D2EEBFE0CC068A6AE94D.e.18427"}]}
COMMAND: GET /session/fa1966063a4db30dbf2f999955ebc217/screenshot - {}
RESULT: {}
COMMAND: POST /session/fa1966063a4db30dbf2f999955ebc217/execute/sync - {"script":"<script> [56 bytes]","args":[{"element-6066-11e4-a52e-4f735466cecf":"f.8EF3D0D450A4EB0CE4D2D51640C2B842.d.31C5521047E6D2EEBFE0CC068A6AE94D.e.18427","ELEMENT":"f.8EF3D0D450A4EB0CE4D2D51640C2B842.d.31C5521047E6D2EEBFE0CC068A6AE94D.e.18427"}]}
RESULT: {"script":"<script> [56 bytes]","args":[{"element-6066-11e4-a52e-4f735466cecf":"f.8EF3D0D450A4EB0CE4D2D51640C2B842.d.31C5521047E6D2EEBFE0CC068A6AE94D.e.18427","ELEMENT":"f.8EF3D0D450A4EB0CE4D2D51640C2B842.d.31C5521047E6D2EEBFE0CC068A6AE94D.e.18427"}]}
COMMAND: GET /session/fa1966063a4db30dbf2f999955ebc217/screenshot - {}
COMMAND: POST /session/fa1966063a4db30dbf2f999955ebc217/execute/sync - {"script":"<script> [56 bytes]","args":[{"element-6066-11e4-a52e-4f735466cecf":"f.8EF3D0D450A4EB0CE4D2D51640C2B842.d.31C5521047E6D2EEBFE0CC068A6AE94D.e.18427","ELEMENT":"f.8EF3D0D450A4EB0CE4D2D51640C2B842.d.31C5521047E6D2EEBFE0CC068A6AE94D.e.18427"}]}
RESULT: {}
RESULT: {"script":"<script> [56 bytes]","args":[{"element-6066-11e4-a52e-4f735466cecf":"f.8EF3D0D450A4EB0CE4D2D51640C2B842.d.31C5521047E6D2EEBFE0CC068A6AE94D.e.18427","ELEMENT":"f.8EF3D0D450A4EB0CE4D2D51640C2B842.d.31C5521047E6D2EEBFE0CC068A6AE94D.e.18427"}]}
COMMAND: GET /session/fa1966063a4db30dbf2f999955ebc217/screenshot - {}
RESULT: {}
COMMAND: POST /session/fa1966063a4db30dbf2f999955ebc217/execute/sync - {"script":"<script> [56 bytes]","args":[{"element-6066-11e4-a52e-4f735466cecf":"f.8EF3D0D450A4EB0CE4D2D51640C2B842.d.31C5521047E6D2EEBFE0CC068A6AE94D.e.18427","ELEMENT":"f.8EF3D0D450A4EB0CE4D2D51640C2B842.d.31C5521047E6D2EEBFE0CC068A6AE94D.e.18427"}]}
RESULT: {"script":"<script> [56 bytes]","args":[{"element-6066-11e4-a52e-4f735466cecf":"f.8EF3D0D450A4EB0CE4D2D51640C2B842.d.31C5521047E6D2EEBFE0CC068A6AE94D.e.18427","ELEMENT":"f.8EF3D0D450A4EB0CE4D2D51640C2B842.d.31C5521047E6D2EEBFE0CC068A6AE94D.e.18427"}]}
COMMAND: GET /session/fa1966063a4db30dbf2f999955ebc217/screenshot - {}
RESULT: {}
COMMAND: POST /session/fa1966063a4db30dbf2f999955ebc217/execute/sync - {"script":"<script> [56 bytes]","args":[{"element-6066-11e4-a52e-4f735466cecf":"f.8EF3D0D450A4EB0CE4D2D51640C2B842.d.31C5521047E6D2EEBFE0CC068A6AE94D.e.18427","ELEMENT":"f.8EF3D0D450A4EB0CE4D2D51640C2B842.d.31C5521047E6D2EEBFE0CC068A6AE94D.e.18427"}]}
RESULT: {"script":"<script> [56 bytes]","args":[{"element-6066-11e4-a52e-4f735466cecf":"f.8EF3D0D450A4EB0CE4D2D51640C2B842.d.31C5521047E6D2EEBFE0CC068A6AE94D.e.18427","ELEMENT":"f.8EF3D0D450A4EB0CE4D2D51640C2B842.d.31C5521047E6D2EEBFE0CC068A6AE94D.e.18427"}]}
COMMAND: GET /session/fa1966063a4db30dbf2f999955ebc217/screenshot - {}
RESULT: {}
COMMAND: POST /session/fa1966063a4db30dbf2f999955ebc217/execute/sync - {"script":"<script> [56 bytes]","args":[{"element-6066-11e4-a52e-4f735466cecf":"f.8EF3D0D450A4EB0CE4D2D51640C2B842.d.31C5521047E6D2EEBFE0CC068A6AE94D.e.18427","ELEMENT":"f.8EF3D0D450A4EB0CE4D2D51640C2B842.d.31C5521047E6D2EEBFE0CC068A6AE94D.e.18427"}]}
RESULT: {"script":"<script> [56 bytes]","args":[{"element-6066-11e4-a52e-4f735466cecf":"f.8EF3D0D450A4EB0CE4D2D51640C2B842.d.31C5521047E6D2EEBFE0CC068A6AE94D.e.18427","ELEMENT":"f.8EF3D0D450A4EB0CE4D2D51640C2B842.d.31C5521047E6D2EEBFE0CC068A6AE94D.e.18427"}]}
COMMAND: GET /session/fa1966063a4db30dbf2f999955ebc217/screenshot - {}
RESULT: {}
COMMAND: POST /session/fa1966063a4db30dbf2f999955ebc217/execute/sync - {"script":"<script> [56 bytes]","args":[{"element-6066-11e4-a52e-4f735466cecf":"f.8EF3D0D450A4EB0CE4D2D51640C2B842.d.31C5521047E6D2EEBFE0CC068A6AE94D.e.18427","ELEMENT":"f.8EF3D0D450A4EB0CE4D2D51640C2B842.d.31C5521047E6D2EEBFE0CC068A6AE94D.e.18427"}]}
RESULT: {"script":"<script> [56 bytes]","args":[{"element-6066-11e4-a52e-4f735466cecf":"f.8EF3D0D450A4EB0CE4D2D51640C2B842.d.31C5521047E6D2EEBFE0CC068A6AE94D.e.18427","ELEMENT":"f.8EF3D0D450A4EB0CE4D2D51640C2B842.d.31C5521047E6D2EEBFE0CC068A6AE94D.e.18427"}]}
COMMAND: GET /session/fa1966063a4db30dbf2f999955ebc217/screenshot - {}
RESULT: {}
COMMAND: POST /session/fa1966063a4db30dbf2f999955ebc217/execute/sync - {"script":"<script> [56 bytes]","args":[{"element-6066-11e4-a52e-4f735466cecf":"f.8EF3D0D450A4EB0CE4D2D51640C2B842.d.31C5521047E6D2EEBFE0CC068A6AE94D.e.18427","ELEMENT":"f.8EF3D0D450A4EB0CE4D2D51640C2B842.d.31C5521047E6D2EEBFE0CC068A6AE94D.e.18427"}]}
RESULT: {"script":"<script> [56 bytes]","args":[{"element-6066-11e4-a52e-4f735466cecf":"f.8EF3D0D450A4EB0CE4D2D51640C2B842.d.31C5521047E6D2EEBFE0CC068A6AE94D.e.18427","ELEMENT":"f.8EF3D0D450A4EB0CE4D2D51640C2B842.d.31C5521047E6D2EEBFE0CC068A6AE94D.e.18427"}]}
COMMAND: GET /session/fa1966063a4db30dbf2f999955ebc217/screenshot - {}
RESULT: {}
COMMAND: POST /session/fa1966063a4db30dbf2f999955ebc217/execute/sync - {"script":"<script> [56 bytes]","args":[{"element-6066-11e4-a52e-4f735466cecf":"f.8EF3D0D450A4EB0CE4D2D51640C2B842.d.31C5521047E6D2EEBFE0CC068A6AE94D.e.18427","ELEMENT":"f.8EF3D0D450A4EB0CE4D2D51640C2B842.d.31C5521047E6D2EEBFE0CC068A6AE94D.e.18427"}]}
RESULT: {"script":"<script> [56 bytes]","args":[{"element-6066-11e4-a52e-4f735466cecf":"f.8EF3D0D450A4EB0CE4D2D51640C2B842.d.31C5521047E6D2EEBFE0CC068A6AE94D.e.18427","ELEMENT":"f.8EF3D0D450A4EB0CE4D2D51640C2B842.d.31C5521047E6D2EEBFE0CC068A6AE94D.e.18427"}]}
COMMAND: GET /session/fa1966063a4db30dbf2f999955ebc217/screenshot - {}
RESULT: {}
COMMAND: POST /session/fa1966063a4db30dbf2f999955ebc217/execute/sync - {"script":"<script> [56 bytes]","args":[{"element-6066-11e4-a52e-4f735466cecf":"f.8EF3D0D450A4EB0CE4D2D51640C2B842.d.31C5521047E6D2EEBFE0CC068A6AE94D.e.18427","ELEMENT":"f.8EF3D0D450A4EB0CE4D2D51640C2B842.d.31C5521047E6D2EEBFE0CC068A6AE94D.e.18427"}]}
RESULT: {"script":"<script> [56 bytes]","args":[{"element-6066-11e4-a52e-4f735466cecf":"f.8EF3D0D450A4EB0CE4D2D51640C2B842.d.31C5521047E6D2EEBFE0CC068A6AE94D.e.18427","ELEMENT":"f.8EF3D0D450A4EB0CE4D2D51640C2B842.d.31C5521047E6D2EEBFE0CC068A6AE94D.e.18427"}]}
COMMAND: GET /session/fa1966063a4db30dbf2f999955ebc217/screenshot - {}
RESULT: {}
COMMAND: POST /session/fa1966063a4db30dbf2f999955ebc217/execute/sync - {"script":"<script> [56 bytes]","args":[{"element-6066-11e4-a52e-4f735466cecf":"f.8EF3D0D450A4EB0CE4D2D51640C2B842.d.31C5521047E6D2EEBFE0CC068A6AE94D.e.18427","ELEMENT":"f.8EF3D0D450A4EB0CE4D2D51640C2B842.d.31C5521047E6D2EEBFE0CC068A6AE94D.e.18427"}]}
RESULT: {"script":"<script> [56 bytes]","args":[{"element-6066-11e4-a52e-4f735466cecf":"f.8EF3D0D450A4EB0CE4D2D51640C2B842.d.31C5521047E6D2EEBFE0CC068A6AE94D.e.18427","ELEMENT":"f.8EF3D0D450A4EB0CE4D2D51640C2B842.d.31C5521047E6D2EEBFE0CC068A6AE94D.e.18427"}]}
COMMAND: GET /session/fa1966063a4db30dbf2f999955ebc217/screenshot - {}
RESULT: {}
COMMAND: POST /session/fa1966063a4db30dbf2f999955ebc217/execute/sync - {"script":"<script> [56 bytes]","args":[{"element-6066-11e4-a52e-4f735466cecf":"f.8EF3D0D450A4EB0CE4D2D51640C2B842.d.31C5521047E6D2EEBFE0CC068A6AE94D.e.18427","ELEMENT":"f.8EF3D0D450A4EB0CE4D2D51640C2B842.d.31C5521047E6D2EEBFE0CC068A6AE94D.e.18427"}]}
RESULT: {"script":"<script> [56 bytes]","args":[{"element-6066-11e4-a52e-4f735466cecf":"f.8EF3D0D450A4EB0CE4D2D51640C2B842.d.31C5521047E6D2EEBFE0CC068A6AE94D.e.18427","ELEMENT":"f.8EF3D0D450A4EB0CE4D2D51640C2B842.d.31C5521047E6D2EEBFE0CC068A6AE94D.e.18427"}]}
COMMAND: GET /session/fa1966063a4db30dbf2f999955ebc217/screenshot - {}
RESULT: {}
COMMAND: POST /session/fa1966063a4db30dbf2f999955ebc217/execute/sync - {"script":"<script> [56 bytes]","args":[{"element-6066-11e4-a52e-4f735466cecf":"f.8EF3D0D450A4EB0CE4D2D51640C2B842.d.31C5521047E6D2EEBFE0CC068A6AE94D.e.18427","ELEMENT":"f.8EF3D0D450A4EB0CE4D2D51640C2B842.d.31C5521047E6D2EEBFE0CC068A6AE94D.e.18427"}]}
RESULT: {"script":"<script> [56 bytes]","args":[{"element-6066-11e4-a52e-4f735466cecf":"f.8EF3D0D450A4EB0CE4D2D51640C2B842.d.31C5521047E6D2EEBFE0CC068A6AE94D.e.18427","ELEMENT":"f.8EF3D0D450A4EB0CE4D2D51640C2B842.d.31C5521047E6D2EEBFE0CC068A6AE94D.e.18427"}]}
COMMAND: GET /session/fa1966063a4db30dbf2f999955ebc217/screenshot - {}
RESULT: {}
COMMAND: POST /session/fa1966063a4db30dbf2f999955ebc217/execute/sync - {"script":"<script> [56 bytes]","args":[{"element-6066-11e4-a52e-4f735466cecf":"f.8EF3D0D450A4EB0CE4D2D51640C2B842.d.31C5521047E6D2EEBFE0CC068A6AE94D.e.18427","ELEMENT":"f.8EF3D0D450A4EB0CE4D2D51640C2B842.d.31C5521047E6D2EEBFE0CC068A6AE94D.e.18427"}]}
RESULT: {"script":"<script> [56 bytes]","args":[{"element-6066-11e4-a52e-4f735466cecf":"f.8EF3D0D450A4EB0CE4D2D51640C2B842.d.31C5521047E6D2EEBFE0CC068A6AE94D.e.18427","ELEMENT":"f.8EF3D0D450A4EB0CE4D2D51640C2B842.d.31C5521047E6D2EEBFE0CC068A6AE94D.e.18427"}]}
COMMAND: GET /session/fa1966063a4db30dbf2f999955ebc217/screenshot - {}
RESULT: {}
COMMAND: POST /session/fa1966063a4db30dbf2f999955ebc217/execute/sync - {"script":"<script> [56 bytes]","args":[{"element-6066-11e4-a52e-4f735466cecf":"f.8EF3D0D450A4EB0CE4D2D51640C2B842.d.31C5521047E6D2EEBFE0CC068A6AE94D.e.18427","ELEMENT":"f.8EF3D0D450A4EB0CE4D2D51640C2B842.d.31C5521047E6D2EEBFE0CC068A6AE94D.e.18427"}]}
RESULT: {"script":"<script> [56 bytes]","args":[{"element-6066-11e4-a52e-4f735466cecf":"f.8EF3D0D450A4EB0CE4D2D51640C2B842.d.31C5521047E6D2EEBFE0CC068A6AE94D.e.18427","ELEMENT":"f.8EF3D0D450A4EB0CE4D2D51640C2B842.d.31C5521047E6D2EEBFE0CC068A6AE94D.e.18427"}]}
COMMAND: GET /session/fa1966063a4db30dbf2f999955ebc217/screenshot - {}
RESULT: {}
COMMAND: POST /session/fa1966063a4db30dbf2f999955ebc217/execute/sync - {"script":"<script> [56 bytes]","args":[{"element-6066-11e4-a52e-4f735466cecf":"f.8EF3D0D450A4EB0CE4D2D51640C2B842.d.31C5521047E6D2EEBFE0CC068A6AE94D.e.18427","ELEMENT":"f.8EF3D0D450A4EB0CE4D2D51640C2B842.d.31C5521047E6D2EEBFE0CC068A6AE94D.e.18427"}]}
RESULT: {"script":"<script> [56 bytes]","args":[{"element-6066-11e4-a52e-4f735466cecf":"f.8EF3D0D450A4EB0CE4D2D51640C2B842.d.31C5521047E6D2EEBFE0CC068A6AE94D.e.18427","ELEMENT":"f.8EF3D0D450A4EB0CE4D2D51640C2B842.d.31C5521047E6D2EEBFE0CC068A6AE94D.e.18427"}]}
COMMAND: GET /session/fa1966063a4db30dbf2f999955ebc217/screenshot - {}
COMMAND: POST /session/fa1966063a4db30dbf2f999955ebc217/execute/sync - {"script":"<script> [56 bytes]","args":[{"element-6066-11e4-a52e-4f735466cecf":"f.8EF3D0D450A4EB0CE4D2D51640C2B842.d.31C5521047E6D2EEBFE0CC068A6AE94D.e.18427","ELEMENT":"f.8EF3D0D450A4EB0CE4D2D51640C2B842.d.31C5521047E6D2EEBFE0CC068A6AE94D.e.18427"}]}
RESULT: {"script":"<script> [56 bytes]","args":[{"element-6066-11e4-a52e-4f735466cecf":"f.8EF3D0D450A4EB0CE4D2D51640C2B842.d.31C5521047E6D2EEBFE0CC068A6AE94D.e.18427","ELEMENT":"f.8EF3D0D450A4EB0CE4D2D51640C2B842.d.31C5521047E6D2EEBFE0CC068A6AE94D.e.18427"}]}
COMMAND: POST /session/fa1966063a4db30dbf2f999955ebc217/element - {"using":"css selector","value":"#shell-header-logo"}
COMMAND: GET /session/fa1966063a4db30dbf2f999955ebc217/screenshot - {}
RESULT: {}
RESULT: {"using":"css selector","value":"#shell-header-logo"}
COMMAND: POST /session/fa1966063a4db30dbf2f999955ebc217/element/f.8EF3D0D450A4EB0CE4D2D51640C2B842.d.31C5521047E6D2EEBFE0CC068A6AE94D.e.18318/click - {}
RESULT: {}
RESULT: {}
COMMAND: GET /session/fa1966063a4db30dbf2f999955ebc217/screenshot - {}
RESULT: {}
COMMAND: POST /session/fa1966063a4db30dbf2f999955ebc217/element - {"using":"css selector","value":"#j_username"}
COMMAND: POST /session/fa1966063a4db30dbf2f999955ebc217/url - {"url":"https://qa-testing-00-live-etm-ui.cfapps.eu10-004.hana.ondemand.com/"}
RESULT: {"using":"css selector","value":"#j_username"}
COMMAND: POST /session/fa1966063a4db30dbf2f999955ebc217/element - {"using":"css selector","value":"#j_username"}
RESULT: {"url":"https://qa-testing-00-live-etm-ui.cfapps.eu10-004.hana.ondemand.com/"}
RESULT: undefined
COMMAND: GET /session/fa1966063a4db30dbf2f999955ebc217/screenshot - {}
RESULT: {"using":"css selector","value":"#j_username"}
COMMAND: POST /session/fa1966063a4db30dbf2f999955ebc217/element - {"using":"css selector","value":"#shell-header-logo"}
RESULT: {}
RESULT: {"using":"css selector","value":"#shell-header-logo"}
COMMAND: POST /session/fa1966063a4db30dbf2f999955ebc217/execute/sync - {"script":"<script> [8489 bytes]","args":[{"element-6066-11e4-a52e-4f735466cecf":"f.8EF3D0D450A4EB0CE4D2D51640C2B842.d.3EBDB162F22C9F5FBB16712904DCAD3F.e.18477","ELEMENT":"f.8EF3D0D450A4EB0CE4D2D51640C2B842.d.3EBDB162F22C9F5FBB16712904DCAD3F.e.18477"}]}
RESULT: {"script":"<script> [8489 bytes]","args":[{"element-6066-11e4-a52e-4f735466cecf":"f.8EF3D0D450A4EB0CE4D2D51640C2B842.d.3EBDB162F22C9F5FBB16712904DCAD3F.e.18477","ELEMENT":"f.8EF3D0D450A4EB0CE4D2D51640C2B842.d.3EBDB162F22C9F5FBB16712904DCAD3F.e.18477"}]}
COMMAND: POST /session/fa1966063a4db30dbf2f999955ebc217/element - {"using":"css selector","value":"#shell-header-logo"}
COMMAND: GET /session/fa1966063a4db30dbf2f999955ebc217/screenshot - {}
RESULT: {"using":"css selector","value":"#shell-header-logo"}
COMMAND: POST /session/fa1966063a4db30dbf2f999955ebc217/execute/sync - {"script":"<script> [8489 bytes]","args":[{"element-6066-11e4-a52e-4f735466cecf":"f.8EF3D0D450A4EB0CE4D2D51640C2B842.d.3EBDB162F22C9F5FBB16712904DCAD3F.e.18477","ELEMENT":"f.8EF3D0D450A4EB0CE4D2D51640C2B842.d.3EBDB162F22C9F5FBB16712904DCAD3F.e.18477"}]}
RESULT: {}
RESULT: {"script":"<script> [8489 bytes]","args":[{"element-6066-11e4-a52e-4f735466cecf":"f.8EF3D0D450A4EB0CE4D2D51640C2B842.d.3EBDB162F22C9F5FBB16712904DCAD3F.e.18477","ELEMENT":"f.8EF3D0D450A4EB0CE4D2D51640C2B842.d.3EBDB162F22C9F5FBB16712904DCAD3F.e.18477"}]}
COMMAND: POST /session/fa1966063a4db30dbf2f999955ebc217/execute/sync - {"script":"<script> [5351 bytes]","args":[{"element-6066-11e4-a52e-4f735466cecf":"f.8EF3D0D450A4EB0CE4D2D51640C2B842.d.3EBDB162F22C9F5FBB16712904DCAD3F.e.18477","ELEMENT":"f.8EF3D0D450A4EB0CE4D2D51640C2B842.d.3EBDB162F22C9F5FBB16712904DCAD3F.e.18477"}]}
COMMAND: GET /session/fa1966063a4db30dbf2f999955ebc217/screenshot - {}
RESULT: {"script":"<script> [5351 bytes]","args":[{"element-6066-11e4-a52e-4f735466cecf":"f.8EF3D0D450A4EB0CE4D2D51640C2B842.d.3EBDB162F22C9F5FBB16712904DCAD3F.e.18477","ELEMENT":"f.8EF3D0D450A4EB0CE4D2D51640C2B842.d.3EBDB162F22C9F5FBB16712904DCAD3F.e.18477"}]}
COMMAND: POST /session/fa1966063a4db30dbf2f999955ebc217/element - {"using":"css selector","value":"#shell-header-logo"}
COMMAND: GET /session/fa1966063a4db30dbf2f999955ebc217/screenshot - {}
RESULT: {}
RESULT: {"using":"css selector","value":"#shell-header-logo"}
COMMAND: POST /session/fa1966063a4db30dbf2f999955ebc217/element/f.8EF3D0D450A4EB0CE4D2D51640C2B842.d.3EBDB162F22C9F5FBB16712904DCAD3F.e.18477/click - {}
RESULT: {}
RESULT: {}
COMMAND: GET /session/fa1966063a4db30dbf2f999955ebc217/screenshot - {}
RESULT: {}
COMMAND: POST /session/fa1966063a4db30dbf2f999955ebc217/execute/async - {"script":"<script> [189 bytes]","args":[]}
RESULT: {"script":"<script> [189 bytes]","args":[]}
COMMAND: POST /session/fa1966063a4db30dbf2f999955ebc217/execute/async - {"script":"<script> [123 bytes]","args":[]}
RESULT: {"script":"<script> [123 bytes]","args":[]}
COMMAND: POST /session/fa1966063a4db30dbf2f999955ebc217/timeouts - {"script":"<number>"}
RESULT: {"script":"<number>"}
COMMAND: GET /session/fa1966063a4db30dbf2f999955ebc217/timeouts - {}
RESULT: {}
RESULT: undefined
COMMAND: POST /session/fa1966063a4db30dbf2f999955ebc217/execute/async - {"script":"<script> [2676 bytes]","args":[]}
RESULT: {"script":"<script> [2676 bytes]","args":[]}
COMMAND: POST /session/fa1966063a4db30dbf2f999955ebc217/execute/async - {"script":"<script> [2342 bytes]","args":[{"protocol":"http","hostname":"0.0.0.0","path":"/","capabilities":{"browserName":"chrome","goog:chromeOptions":{"binary":"C:\\Program Files\\Google\\Chrome\\Application\\chrome.exe","args":["--start-maximized"]}},"logLevel":"warn","connectionRetryTimeout":120000,"connectionRetryCount":3,"logLevels":{},"enableDirectConnect":true,"strictSSL":true,"_":"65 more keys: [\"cacheDir\",\"port\",\"requestedCapabilities\",\"automationProtocol\",\"baseUrl\",\"waitforInterval\",\"waitforTimeout\",\"onReload\",\"beforeCommand\",\"afterCommand\",\"rootDir\",\"specs\",\"suites\",\"exclude\",\"groupLogsByTestSpec\",\"excludeDriverLogs\",\"bail\",\"framework\",\"reporters\",\"services\",\"maxInstances\",\"maxInstancesPerCapability\",\"injectGlobals\",\"filesToWatch\",\"execArgv\",\"runnerEnv\",\"runner\",\"shard\",\"specFileRetries\",\"specFileRetriesDelay\",\"specFileRetriesDeferred\",\"reporterSyncInterval\",\"reporterSyncTimeout\",\"cucumberFeaturesWithLineNumbers\",\"autoCompileOpts\",\"mochaOpts\",\"jasmineOpts\",\"cucumberOpts\",\"onPrepare\",\"onWorkerStart\",\"onWorkerEnd\",\"before\",\"beforeSession\",\"beforeSuite\",\"beforeHook\",\"beforeTest\",\"afterTest\",\"afterHook\",\"afterSuite\",\"afterSession\",\"after\",\"onComplete\",\"beforeAssertion\",\"afterAssertion\",\"beforeFeature\",\"beforeScenario\",\"beforeStep\",\"afterStep\",\"afterScenario\",\"afterFeature\",\"_\",\"suite\",\"$0\",\"ignoredWorkerServices\",\"wdi5\"]"}]}
RESULT: {"script":"<script> [2342 bytes]","args":[{"protocol":"http","hostname":"0.0.0.0","path":"/","capabilities":{"browserName":"chrome","goog:chromeOptions":{"binary":"C:\\Program Files\\Google\\Chrome\\Application\\chrome.exe","args":["--start-maximized"]}},"logLevel":"warn","connectionRetryTimeout":120000,"connectionRetryCount":3,"logLevels":{},"enableDirectConnect":true,"strictSSL":true,"_":"65 more keys: [\"cacheDir\",\"port\",\"requestedCapabilities\",\"automationProtocol\",\"baseUrl\",\"waitforInterval\",\"waitforTimeout\",\"onReload\",\"beforeCommand\",\"afterCommand\",\"rootDir\",\"specs\",\"suites\",\"exclude\",\"groupLogsByTestSpec\",\"excludeDriverLogs\",\"bail\",\"framework\",\"reporters\",\"services\",\"maxInstances\",\"maxInstancesPerCapability\",\"injectGlobals\",\"filesToWatch\",\"execArgv\",\"runnerEnv\",\"runner\",\"shard\",\"specFileRetries\",\"specFileRetriesDelay\",\"specFileRetriesDeferred\",\"reporterSyncInterval\",\"reporterSyncTimeout\",\"cucumberFeaturesWithLineNumbers\",\"autoCompileOpts\",\"mochaOpts\",\"jasmineOpts\",\"cucumberOpts\",\"onPrepare\",\"onWorkerStart\",\"onWorkerEnd\",\"before\",\"beforeSession\",\"beforeSuite\",\"beforeHook\",\"beforeTest\",\"afterTest\",\"afterHook\",\"afterSuite\",\"afterSession\",\"after\",\"onComplete\",\"beforeAssertion\",\"afterAssertion\",\"beforeFeature\",\"beforeScenario\",\"beforeStep\",\"afterStep\",\"afterScenario\",\"afterFeature\",\"_\",\"suite\",\"$0\",\"ignoredWorkerServices\",\"wdi5\"]"}]}
COMMAND: POST /session/fa1966063a4db30dbf2f999955ebc217/execute/async - {"script":"<script> [21126 bytes]","args":[35000]}
RESULT: {"script":"<script> [21126 bytes]","args":[35000]}
COMMAND: POST /session/fa1966063a4db30dbf2f999955ebc217/window/maximize - {}
RESULT: {}
COMMAND: POST /session/fa1966063a4db30dbf2f999955ebc217/execute/async - {"script":"<script> [1562 bytes]","args":[{"selector":{"id":"shell-header","interaction":{"idSuffix":"icon"}},"wdio_ui5_key":"shellheader"}]}
COMMAND: GET /session/fa1966063a4db30dbf2f999955ebc217/screenshot - {}
RESULT: {"script":"<script> [1562 bytes]","args":[{"selector":{"id":"shell-header","interaction":{"idSuffix":"icon"}},"wdio_ui5_key":"shellheader"}]}
RESULT: undefined
COMMAND: POST /session/fa1966063a4db30dbf2f999955ebc217/refresh - {}
RESULT: {}
RESULT: {}
COMMAND: GET /session/fa1966063a4db30dbf2f999955ebc217/screenshot - {}
RESULT: {}
COMMAND: POST /session/fa1966063a4db30dbf2f999955ebc217/refresh - {}
RESULT: {}
COMMAND: GET /session/fa1966063a4db30dbf2f999955ebc217/screenshot - {}
RESULT: {}
COMMAND: POST /session/fa1966063a4db30dbf2f999955ebc217/window/fullscreen - {}
RESULT: {}
COMMAND: POST /session/fa1966063a4db30dbf2f999955ebc217/execute/async - {"script":"<script> [189 bytes]","args":[]}
RESULT: {"script":"<script> [189 bytes]","args":[]}
COMMAND: POST /session/fa1966063a4db30dbf2f999955ebc217/execute/async - {"script":"<script> [123 bytes]","args":[]}
RESULT: {"script":"<script> [123 bytes]","args":[]}
COMMAND: POST /session/fa1966063a4db30dbf2f999955ebc217/timeouts - {"script":"<number>"}
RESULT: {"script":"<number>"}
COMMAND: GET /session/fa1966063a4db30dbf2f999955ebc217/timeouts - {}
RESULT: {}
RESULT: undefined
COMMAND: POST /session/fa1966063a4db30dbf2f999955ebc217/execute/async - {"script":"<script> [2676 bytes]","args":[]}
RESULT: {"script":"<script> [2676 bytes]","args":[]}
COMMAND: POST /session/fa1966063a4db30dbf2f999955ebc217/execute/async - {"script":"<script> [2342 bytes]","args":[{"protocol":"http","hostname":"0.0.0.0","path":"/","capabilities":{"browserName":"chrome","goog:chromeOptions":{"binary":"C:\\Program Files\\Google\\Chrome\\Application\\chrome.exe","args":["--start-maximized"]}},"logLevel":"warn","connectionRetryTimeout":120000,"connectionRetryCount":3,"logLevels":{},"enableDirectConnect":true,"strictSSL":true,"_":"65 more keys: [\"cacheDir\",\"port\",\"requestedCapabilities\",\"automationProtocol\",\"baseUrl\",\"waitforInterval\",\"waitforTimeout\",\"onReload\",\"beforeCommand\",\"afterCommand\",\"rootDir\",\"specs\",\"suites\",\"exclude\",\"groupLogsByTestSpec\",\"excludeDriverLogs\",\"bail\",\"framework\",\"reporters\",\"services\",\"maxInstances\",\"maxInstancesPerCapability\",\"injectGlobals\",\"filesToWatch\",\"execArgv\",\"runnerEnv\",\"runner\",\"shard\",\"specFileRetries\",\"specFileRetriesDelay\",\"specFileRetriesDeferred\",\"reporterSyncInterval\",\"reporterSyncTimeout\",\"cucumberFeaturesWithLineNumbers\",\"autoCompileOpts\",\"mochaOpts\",\"jasmineOpts\",\"cucumberOpts\",\"onPrepare\",\"onWorkerStart\",\"onWorkerEnd\",\"before\",\"beforeSession\",\"beforeSuite\",\"beforeHook\",\"beforeTest\",\"afterTest\",\"afterHook\",\"afterSuite\",\"afterSession\",\"after\",\"onComplete\",\"beforeAssertion\",\"afterAssertion\",\"beforeFeature\",\"beforeScenario\",\"beforeStep\",\"afterStep\",\"afterScenario\",\"afterFeature\",\"_\",\"suite\",\"$0\",\"ignoredWorkerServices\",\"wdi5\"]"}]}
RESULT: {"script":"<script> [2342 bytes]","args":[{"protocol":"http","hostname":"0.0.0.0","path":"/","capabilities":{"browserName":"chrome","goog:chromeOptions":{"binary":"C:\\Program Files\\Google\\Chrome\\Application\\chrome.exe","args":["--start-maximized"]}},"logLevel":"warn","connectionRetryTimeout":120000,"connectionRetryCount":3,"logLevels":{},"enableDirectConnect":true,"strictSSL":true,"_":"65 more keys: [\"cacheDir\",\"port\",\"requestedCapabilities\",\"automationProtocol\",\"baseUrl\",\"waitforInterval\",\"waitforTimeout\",\"onReload\",\"beforeCommand\",\"afterCommand\",\"rootDir\",\"specs\",\"suites\",\"exclude\",\"groupLogsByTestSpec\",\"excludeDriverLogs\",\"bail\",\"framework\",\"reporters\",\"services\",\"maxInstances\",\"maxInstancesPerCapability\",\"injectGlobals\",\"filesToWatch\",\"execArgv\",\"runnerEnv\",\"runner\",\"shard\",\"specFileRetries\",\"specFileRetriesDelay\",\"specFileRetriesDeferred\",\"reporterSyncInterval\",\"reporterSyncTimeout\",\"cucumberFeaturesWithLineNumbers\",\"autoCompileOpts\",\"mochaOpts\",\"jasmineOpts\",\"cucumberOpts\",\"onPrepare\",\"onWorkerStart\",\"onWorkerEnd\",\"before\",\"beforeSession\",\"beforeSuite\",\"beforeHook\",\"beforeTest\",\"afterTest\",\"afterHook\",\"afterSuite\",\"afterSession\",\"after\",\"onComplete\",\"beforeAssertion\",\"afterAssertion\",\"beforeFeature\",\"beforeScenario\",\"beforeStep\",\"afterStep\",\"afterScenario\",\"afterFeature\",\"_\",\"suite\",\"$0\",\"ignoredWorkerServices\",\"wdi5\"]"}]}
COMMAND: POST /session/fa1966063a4db30dbf2f999955ebc217/execute/async - {"script":"<script> [21126 bytes]","args":[35000]}
RESULT: {"script":"<script> [21126 bytes]","args":[35000]}
]]></system-out>
    </testcase>
  </testsuite>
  <testsuite timestamp="2025-05-24T18:15:19" time="719.26" tests="12" failures="0" errors="0" skipped="0">
    <properties>
      <property name="specId" value="0"/>
      <property name="suiteName" value="Create Reverse Billing US127248"/>
      <property name="capabilities" value="chrome.136_0_7103_93.windows"/>
      <property name="file" value="file:///D:/a/1/s/test/specs/BTS/reverse-billing.spec.js"/>
    </properties>
    <testcase classname="chrome.136_0_7103_93.windows.Create_Reverse_Billing_US127248" name="Should create a new yard" time="0.032">
      <system-out><![CDATA[
COMMAND: POST /session/fa1966063a4db30dbf2f999955ebc217/window/fullscreen - {}
RESULT: {}
]]></system-out>
    </testcase>
    <testcase classname="chrome.136_0_7103_93.windows.Create_Reverse_Billing_US127248" name="Should create a new partner" time="0.004"/>
    <testcase classname="chrome.136_0_7103_93.windows.Create_Reverse_Billing_US127248" name="Should create a new site" time="0.004"/>
    <testcase classname="chrome.136_0_7103_93.windows.Create_Reverse_Billing_US127248" name="Should create a resource" time="147.55">
      <system-out><![CDATA[
COMMAND: POST /session/fa1966063a4db30dbf2f999955ebc217/execute/async - {"script":"<script> [1562 bytes]","args":[{"selector":{"controlType":"sap.m.GenericTile","properties":{"header":"Manage Resources"}},"wdio_ui5_key":"sapm.GenericTile{\"header\":\"Manage Resources\"}"}]}
RESULT: {"script":"<script> [1562 bytes]","args":[{"selector":{"controlType":"sap.m.GenericTile","properties":{"header":"Manage Resources"}},"wdio_ui5_key":"sapm.GenericTile{\"header\":\"Manage Resources\"}"}]}
RESULT: undefined
COMMAND: POST /session/fa1966063a4db30dbf2f999955ebc217/element - {"using":"xpath","value":"//*[@id=\"__tile39\"]"}
RESULT: {"using":"xpath","value":"//*[@id=\"__tile39\"]"}
COMMAND: POST /session/fa1966063a4db30dbf2f999955ebc217/element/f.8EF3D0D450A4EB0CE4D2D51640C2B842.d.5D1B056F58AF70208B775AE8C661FFDE.e.18637/click - {}
RESULT: {}
COMMAND: GET /session/fa1966063a4db30dbf2f999955ebc217/screenshot - {}
RESULT: {}
COMMAND: POST /session/fa1966063a4db30dbf2f999955ebc217/elements - {"using":"xpath","value":"//span[text()='Error']"}
RESULT: {"using":"xpath","value":"//span[text()='Error']"}
COMMAND: POST /session/fa1966063a4db30dbf2f999955ebc217/element - {"using":"xpath","value":"//button[@data-kt=\"addNewRUOverflowToolbarButton\"]"}
RESULT: {"using":"xpath","value":"//button[@data-kt=\"addNewRUOverflowToolbarButton\"]"}
COMMAND: POST /session/fa1966063a4db30dbf2f999955ebc217/elements - {"using":"xpath","value":"//button[@data-kt=\"addNewRUOverflowToolbarButton\"]"}
RESULT: {"using":"xpath","value":"//button[@data-kt=\"addNewRUOverflowToolbarButton\"]"}
COMMAND: POST /session/fa1966063a4db30dbf2f999955ebc217/execute/sync - {"script":"<script> [8489 bytes]","args":[{"element-6066-11e4-a52e-4f735466cecf":"f.8EF3D0D450A4EB0CE4D2D51640C2B842.d.5D1B056F58AF70208B775AE8C661FFDE.e.18780","ELEMENT":"f.8EF3D0D450A4EB0CE4D2D51640C2B842.d.5D1B056F58AF70208B775AE8C661FFDE.e.18780"}]}
RESULT: {"script":"<script> [8489 bytes]","args":[{"element-6066-11e4-a52e-4f735466cecf":"f.8EF3D0D450A4EB0CE4D2D51640C2B842.d.5D1B056F58AF70208B775AE8C661FFDE.e.18780","ELEMENT":"f.8EF3D0D450A4EB0CE4D2D51640C2B842.d.5D1B056F58AF70208B775AE8C661FFDE.e.18780"}]}
COMMAND: GET /session/fa1966063a4db30dbf2f999955ebc217/element/f.8EF3D0D450A4EB0CE4D2D51640C2B842.d.5D1B056F58AF70208B775AE8C661FFDE.e.18780/enabled - {}
COMMAND: GET /session/fa1966063a4db30dbf2f999955ebc217/screenshot - {}
RESULT: {}
COMMAND: POST /session/fa1966063a4db30dbf2f999955ebc217/execute/sync - {"script":"<script> [8489 bytes]","args":[{"element-6066-11e4-a52e-4f735466cecf":"f.8EF3D0D450A4EB0CE4D2D51640C2B842.d.5D1B056F58AF70208B775AE8C661FFDE.e.18780","ELEMENT":"f.8EF3D0D450A4EB0CE4D2D51640C2B842.d.5D1B056F58AF70208B775AE8C661FFDE.e.18780"}]}
COMMAND: GET /session/fa1966063a4db30dbf2f999955ebc217/screenshot - {}
RESULT: {}
RESULT: {"script":"<script> [8489 bytes]","args":[{"element-6066-11e4-a52e-4f735466cecf":"f.8EF3D0D450A4EB0CE4D2D51640C2B842.d.5D1B056F58AF70208B775AE8C661FFDE.e.18780","ELEMENT":"f.8EF3D0D450A4EB0CE4D2D51640C2B842.d.5D1B056F58AF70208B775AE8C661FFDE.e.18780"}]}
COMMAND: POST /session/fa1966063a4db30dbf2f999955ebc217/execute/sync - {"script":"<script> [5351 bytes]","args":[{"element-6066-11e4-a52e-4f735466cecf":"f.8EF3D0D450A4EB0CE4D2D51640C2B842.d.5D1B056F58AF70208B775AE8C661FFDE.e.18780","ELEMENT":"f.8EF3D0D450A4EB0CE4D2D51640C2B842.d.5D1B056F58AF70208B775AE8C661FFDE.e.18780"}]}
COMMAND: GET /session/fa1966063a4db30dbf2f999955ebc217/screenshot - {}
RESULT: {}
RESULT: {"script":"<script> [5351 bytes]","args":[{"element-6066-11e4-a52e-4f735466cecf":"f.8EF3D0D450A4EB0CE4D2D51640C2B842.d.5D1B056F58AF70208B775AE8C661FFDE.e.18780","ELEMENT":"f.8EF3D0D450A4EB0CE4D2D51640C2B842.d.5D1B056F58AF70208B775AE8C661FFDE.e.18780"}]}
COMMAND: POST /session/fa1966063a4db30dbf2f999955ebc217/element/f.8EF3D0D450A4EB0CE4D2D51640C2B842.d.5D1B056F58AF70208B775AE8C661FFDE.e.18780/click - {}
COMMAND: GET /session/fa1966063a4db30dbf2f999955ebc217/screenshot - {}
RESULT: {}
RESULT: {}
COMMAND: GET /session/fa1966063a4db30dbf2f999955ebc217/screenshot - {}
COMMAND: POST /session/fa1966063a4db30dbf2f999955ebc217/execute/async - {"script":"<script> [1562 bytes]","args":[{"selector":{"id":"application-manageresources-display-component---newResourceUnit--TYPE-arrow"},"wdio_ui5_key":"applicationmanageresources-display-component---newResourceUnit--TYPE-arrow"}]}
RESULT: {}
RESULT: {}
RESULT: {"script":"<script> [1562 bytes]","args":[{"selector":{"id":"application-manageresources-display-component---newResourceUnit--TYPE-arrow"},"wdio_ui5_key":"applicationmanageresources-display-component---newResourceUnit--TYPE-arrow"}]}
RESULT: undefined
COMMAND: POST /session/fa1966063a4db30dbf2f999955ebc217/element - {"using":"xpath","value":"//*[@id=\"application-manageresources-display-component---newResourceUnit--TYPE-arrow\"]"}
RESULT: {"using":"xpath","value":"//*[@id=\"application-manageresources-display-component---newResourceUnit--TYPE-arrow\"]"}
COMMAND: POST /session/fa1966063a4db30dbf2f999955ebc217/element/f.8EF3D0D450A4EB0CE4D2D51640C2B842.d.5D1B056F58AF70208B775AE8C661FFDE.e.19124/click - {}
RESULT: {}
COMMAND: POST /session/fa1966063a4db30dbf2f999955ebc217/element - {"using":"xpath","value":"//input[@id=\"application-manageresources-display-component---newResourceUnit--TYPE-inner\"]"}
COMMAND: GET /session/fa1966063a4db30dbf2f999955ebc217/screenshot - {}
RESULT: {"using":"xpath","value":"//input[@id=\"application-manageresources-display-component---newResourceUnit--TYPE-inner\"]"}
COMMAND: POST /session/fa1966063a4db30dbf2f999955ebc217/element/f.8EF3D0D450A4EB0CE4D2D51640C2B842.d.5D1B056F58AF70208B775AE8C661FFDE.e.19120/clear - {}
RESULT: {}
RESULT: {}
COMMAND: POST /session/fa1966063a4db30dbf2f999955ebc217/element/f.8EF3D0D450A4EB0CE4D2D51640C2B842.d.5D1B056F58AF70208B775AE8C661FFDE.e.19120/value - {"text":"Equipment"}
COMMAND: GET /session/fa1966063a4db30dbf2f999955ebc217/screenshot - {}
RESULT: {"text":"Equipment"}
COMMAND: GET /session/fa1966063a4db30dbf2f999955ebc217/screenshot - {}
RESULT: {}
RESULT: {}
COMMAND: POST /session/fa1966063a4db30dbf2f999955ebc217/actions - {"actions":[{"id":"action60","type":"key","parameters":{},"actions":[{"type":"keyDown","value":""},{"type":"pause","duration":10},{"type":"keyUp","value":""}]}]}
RESULT: {"actions":[{"id":"action60","type":"key","parameters":{},"actions":[{"type":"keyDown","value":""},{"type":"pause","duration":10},{"type":"keyUp","value":""}]}]}
COMMAND: POST /session/fa1966063a4db30dbf2f999955ebc217/execute/async - {"script":"<script> [1562 bytes]","args":[{"selector":{"id":"application-manageresources-display-component---newResourceUnit--resourceId","interaction":{"idSuffix":"inner"}},"wdio_ui5_key":"applicationmanageresources-display-component---newResourceUnit--resourceId"}]}
COMMAND: GET /session/fa1966063a4db30dbf2f999955ebc217/screenshot - {}
RESULT: {"script":"<script> [1562 bytes]","args":[{"selector":{"id":"application-manageresources-display-component---newResourceUnit--resourceId","interaction":{"idSuffix":"inner"}},"wdio_ui5_key":"applicationmanageresources-display-component---newResourceUnit--resourceId"}]}
RESULT: undefined
COMMAND: POST /session/fa1966063a4db30dbf2f999955ebc217/execute/async - {"script":"<script> [776 bytes]","args":[{"enterText":"ZAyYdBDe19","selector":{"id":"application-manageresources-display-component---newResourceUnit--resourceId","interaction":{"idSuffix":"inner"}},"clearTextFirst":true,"interactionType":"ENTER_TEXT"}]}
RESULT: {}
RESULT: {"script":"<script> [776 bytes]","args":[{"enterText":"ZAyYdBDe19","selector":{"id":"application-manageresources-display-component---newResourceUnit--resourceId","interaction":{"idSuffix":"inner"}},"clearTextFirst":true,"interactionType":"ENTER_TEXT"}]}
COMMAND: POST /session/fa1966063a4db30dbf2f999955ebc217/execute/async - {"script":"<script> [1562 bytes]","args":[{"selector":{"id":"application-manageresources-display-component---newResourceUnit--SHORT_TEXT","interaction":{"idSuffix":"inner"}},"wdio_ui5_key":"applicationmanageresources-display-component---newResourceUnit--SHORT_TEXT"}]}
RESULT: {"script":"<script> [1562 bytes]","args":[{"selector":{"id":"application-manageresources-display-component---newResourceUnit--SHORT_TEXT","interaction":{"idSuffix":"inner"}},"wdio_ui5_key":"applicationmanageresources-display-component---newResourceUnit--SHORT_TEXT"}]}
RESULT: undefined
COMMAND: POST /session/fa1966063a4db30dbf2f999955ebc217/execute/async - {"script":"<script> [776 bytes]","args":[{"enterText":"Intercompany Equipment WDIO","selector":{"id":"application-manageresources-display-component---newResourceUnit--SHORT_TEXT","interaction":{"idSuffix":"inner"}},"clearTextFirst":true,"interactionType":"ENTER_TEXT"}]}
RESULT: {"script":"<script> [776 bytes]","args":[{"enterText":"Intercompany Equipment WDIO","selector":{"id":"application-manageresources-display-component---newResourceUnit--SHORT_TEXT","interaction":{"idSuffix":"inner"}},"clearTextFirst":true,"interactionType":"ENTER_TEXT"}]}
COMMAND: POST /session/fa1966063a4db30dbf2f999955ebc217/execute/async - {"script":"<script> [1562 bytes]","args":[{"selector":{"id":"application-manageresources-display-component---newResourceUnit--BASE_UNIT_OF_MEASURE","interaction":{"idSuffix":"inner"}},"wdio_ui5_key":"applicationmanageresources-display-component---newResourceUnit--BASE_UNIT_OF_MEASURE"}]}
RESULT: {"script":"<script> [1562 bytes]","args":[{"selector":{"id":"application-manageresources-display-component---newResourceUnit--BASE_UNIT_OF_MEASURE","interaction":{"idSuffix":"inner"}},"wdio_ui5_key":"applicationmanageresources-display-component---newResourceUnit--BASE_UNIT_OF_MEASURE"}]}
RESULT: undefined
COMMAND: POST /session/fa1966063a4db30dbf2f999955ebc217/execute/async - {"script":"<script> [776 bytes]","args":[{"enterText":"Piece","selector":{"id":"application-manageresources-display-component---newResourceUnit--BASE_UNIT_OF_MEASURE","interaction":{"idSuffix":"inner"}},"clearTextFirst":true,"interactionType":"ENTER_TEXT"}]}
RESULT: {"script":"<script> [776 bytes]","args":[{"enterText":"Piece","selector":{"id":"application-manageresources-display-component---newResourceUnit--BASE_UNIT_OF_MEASURE","interaction":{"idSuffix":"inner"}},"clearTextFirst":true,"interactionType":"ENTER_TEXT"}]}
COMMAND: POST /session/fa1966063a4db30dbf2f999955ebc217/execute/async - {"script":"<script> [1562 bytes]","args":[{"selector":{"id":"application-manageresources-display-component---newResourceUnit--WEIGHT_UNIT","interaction":{"idSuffix":"inner"}},"wdio_ui5_key":"applicationmanageresources-display-component---newResourceUnit--WEIGHT_UNIT"}]}
RESULT: {"script":"<script> [1562 bytes]","args":[{"selector":{"id":"application-manageresources-display-component---newResourceUnit--WEIGHT_UNIT","interaction":{"idSuffix":"inner"}},"wdio_ui5_key":"applicationmanageresources-display-component---newResourceUnit--WEIGHT_UNIT"}]}
RESULT: undefined
COMMAND: POST /session/fa1966063a4db30dbf2f999955ebc217/execute/async - {"script":"<script> [776 bytes]","args":[{"enterText":"Gram","selector":{"id":"application-manageresources-display-component---newResourceUnit--WEIGHT_UNIT","interaction":{"idSuffix":"inner"}},"clearTextFirst":true,"interactionType":"ENTER_TEXT"}]}
RESULT: {"script":"<script> [776 bytes]","args":[{"enterText":"Gram","selector":{"id":"application-manageresources-display-component---newResourceUnit--WEIGHT_UNIT","interaction":{"idSuffix":"inner"}},"clearTextFirst":true,"interactionType":"ENTER_TEXT"}]}
COMMAND: POST /session/fa1966063a4db30dbf2f999955ebc217/execute/async - {"script":"<script> [1562 bytes]","args":[{"selector":{"id":"application-manageresources-display-component---newResourceUnit--DIMENSION_UNIT","interaction":{"idSuffix":"inner"}},"wdio_ui5_key":"applicationmanageresources-display-component---newResourceUnit--DIMENSION_UNIT"}]}
RESULT: {"script":"<script> [1562 bytes]","args":[{"selector":{"id":"application-manageresources-display-component---newResourceUnit--DIMENSION_UNIT","interaction":{"idSuffix":"inner"}},"wdio_ui5_key":"applicationmanageresources-display-component---newResourceUnit--DIMENSION_UNIT"}]}
RESULT: undefined
COMMAND: POST /session/fa1966063a4db30dbf2f999955ebc217/execute/async - {"script":"<script> [776 bytes]","args":[{"enterText":"Meter","selector":{"id":"application-manageresources-display-component---newResourceUnit--DIMENSION_UNIT","interaction":{"idSuffix":"inner"}},"clearTextFirst":true,"interactionType":"ENTER_TEXT"}]}
RESULT: {"script":"<script> [776 bytes]","args":[{"enterText":"Meter","selector":{"id":"application-manageresources-display-component---newResourceUnit--DIMENSION_UNIT","interaction":{"idSuffix":"inner"}},"clearTextFirst":true,"interactionType":"ENTER_TEXT"}]}
COMMAND: POST /session/fa1966063a4db30dbf2f999955ebc217/execute/async - {"script":"<script> [1562 bytes]","args":[{"selector":{"id":"application-manageresources-display-component---newResourceUnit--newRRUPage-anchBar-application-manageresources-display-component---newResourceUnit--control-anchor","interaction":{"idSuffix":"BDI-content"}},"wdio_ui5_key":"applicationmanageresources-display-component---newResourceUnit--newRRUPage-anchBar-application-manageresources-display-component---newResourceUnit--control-anchor"}]}
RESULT: {"script":"<script> [1562 bytes]","args":[{"selector":{"id":"application-manageresources-display-component---newResourceUnit--newRRUPage-anchBar-application-manageresources-display-component---newResourceUnit--control-anchor","interaction":{"idSuffix":"BDI-content"}},"wdio_ui5_key":"applicationmanageresources-display-component---newResourceUnit--newRRUPage-anchBar-application-manageresources-display-component---newResourceUnit--control-anchor"}]}
RESULT: undefined
COMMAND: POST /session/fa1966063a4db30dbf2f999955ebc217/element - {"using":"xpath","value":"//*[@id=\"application-manageresources-display-component---newResourceUnit--newRRUPage-anchBar-application-manageresources-display-component---newResourceUnit--control-anchor\"]"}
RESULT: {"using":"xpath","value":"//*[@id=\"application-manageresources-display-component---newResourceUnit--newRRUPage-anchBar-application-manageresources-display-component---newResourceUnit--control-anchor\"]"}
COMMAND: POST /session/fa1966063a4db30dbf2f999955ebc217/element/f.8EF3D0D450A4EB0CE4D2D51640C2B842.d.5D1B056F58AF70208B775AE8C661FFDE.e.19284/click - {}
RESULT: {}
COMMAND: POST /session/fa1966063a4db30dbf2f999955ebc217/execute/async - {"script":"<script> [1562 bytes]","args":[{"selector":{"id":"application-manageresources-display-component---newResourceUnit--PLANNING_GROUP","interaction":{"idSuffix":"inner"}},"wdio_ui5_key":"applicationmanageresources-display-component---newResourceUnit--PLANNING_GROUP"}]}
COMMAND: GET /session/fa1966063a4db30dbf2f999955ebc217/screenshot - {}
RESULT: {"script":"<script> [1562 bytes]","args":[{"selector":{"id":"application-manageresources-display-component---newResourceUnit--PLANNING_GROUP","interaction":{"idSuffix":"inner"}},"wdio_ui5_key":"applicationmanageresources-display-component---newResourceUnit--PLANNING_GROUP"}]}
RESULT: undefined
COMMAND: POST /session/fa1966063a4db30dbf2f999955ebc217/execute/async - {"script":"<script> [776 bytes]","args":[{"enterText":"Heavy Equi","selector":{"id":"application-manageresources-display-component---newResourceUnit--PLANNING_GROUP","interaction":{"idSuffix":"inner"}},"clearTextFirst":true,"interactionType":"ENTER_TEXT"}]}
RESULT: {}
RESULT: {"script":"<script> [776 bytes]","args":[{"enterText":"Heavy Equi","selector":{"id":"application-manageresources-display-component---newResourceUnit--PLANNING_GROUP","interaction":{"idSuffix":"inner"}},"clearTextFirst":true,"interactionType":"ENTER_TEXT"}]}
COMMAND: POST /session/fa1966063a4db30dbf2f999955ebc217/execute/async - {"script":"<script> [1562 bytes]","args":[{"selector":{"id":"application-manageresources-display-component---newResourceUnit--ITEM_TYPE-arrow"},"wdio_ui5_key":"applicationmanageresources-display-component---newResourceUnit--ITEM_TYPE-arrow"}]}
RESULT: {"script":"<script> [1562 bytes]","args":[{"selector":{"id":"application-manageresources-display-component---newResourceUnit--ITEM_TYPE-arrow"},"wdio_ui5_key":"applicationmanageresources-display-component---newResourceUnit--ITEM_TYPE-arrow"}]}
RESULT: undefined
COMMAND: POST /session/fa1966063a4db30dbf2f999955ebc217/element - {"using":"xpath","value":"//*[@id=\"application-manageresources-display-component---newResourceUnit--ITEM_TYPE-arrow\"]"}
RESULT: {"using":"xpath","value":"//*[@id=\"application-manageresources-display-component---newResourceUnit--ITEM_TYPE-arrow\"]"}
COMMAND: POST /session/fa1966063a4db30dbf2f999955ebc217/element/f.8EF3D0D450A4EB0CE4D2D51640C2B842.d.5D1B056F58AF70208B775AE8C661FFDE.e.19291/click - {}
RESULT: {}
COMMAND: POST /session/fa1966063a4db30dbf2f999955ebc217/element - {"using":"xpath","value":"(//span[contains(text(), \"Resource Unit\")])[2]"}
COMMAND: GET /session/fa1966063a4db30dbf2f999955ebc217/screenshot - {}
RESULT: {"using":"xpath","value":"(//span[contains(text(), \"Resource Unit\")])[2]"}
COMMAND: POST /session/fa1966063a4db30dbf2f999955ebc217/element/f.8EF3D0D450A4EB0CE4D2D51640C2B842.d.5D1B056F58AF70208B775AE8C661FFDE.e.19292/click - {}
RESULT: {}
RESULT: {}
COMMAND: GET /session/fa1966063a4db30dbf2f999955ebc217/screenshot - {}
RESULT: {}
COMMAND: POST /session/fa1966063a4db30dbf2f999955ebc217/element - {"using":"css selector","value":"#application-manageresources-display-component---newResourceUnit--btnAddTimeSegment"}
RESULT: {"using":"css selector","value":"#application-manageresources-display-component---newResourceUnit--btnAddTimeSegment"}
COMMAND: GET /session/fa1966063a4db30dbf2f999955ebc217/element/f.8EF3D0D450A4EB0CE4D2D51640C2B842.d.5D1B056F58AF70208B775AE8C661FFDE.e.19299/rect - {}
RESULT: {}
COMMAND: GET /session/fa1966063a4db30dbf2f999955ebc217/window/rect - {}
RESULT: {}
COMMAND: POST /session/fa1966063a4db30dbf2f999955ebc217/execute/sync - {"script":"<script> [92 bytes]","args":[]}
RESULT: {"script":"<script> [92 bytes]","args":[]}
COMMAND: POST /session/fa1966063a4db30dbf2f999955ebc217/actions - {"actions":[{"id":"action61","type":"wheel","parameters":{},"actions":[{"type":"scroll","x":-1888,"y":-32,"deltaX":0,"deltaY":0,"duration":0,"origin":{"element-6066-11e4-a52e-4f735466cecf":"f.8EF3D0D450A4EB0CE4D2D51640C2B842.d.5D1B056F58AF70208B775AE8C661FFDE.e.19299"}}]}]}
COMMAND: GET /session/fa1966063a4db30dbf2f999955ebc217/screenshot - {}
RESULT: {}
COMMAND: POST /session/fa1966063a4db30dbf2f999955ebc217/execute/sync - {"script":"<script> [79 bytes]","args":[{"element-6066-11e4-a52e-4f735466cecf":"f.8EF3D0D450A4EB0CE4D2D51640C2B842.d.5D1B056F58AF70208B775AE8C661FFDE.e.19299","ELEMENT":"f.8EF3D0D450A4EB0CE4D2D51640C2B842.d.5D1B056F58AF70208B775AE8C661FFDE.e.19299"},{"block":"start","inline":"nearest"}]}
RESULT: {"script":"<script> [79 bytes]","args":[{"element-6066-11e4-a52e-4f735466cecf":"f.8EF3D0D450A4EB0CE4D2D51640C2B842.d.5D1B056F58AF70208B775AE8C661FFDE.e.19299","ELEMENT":"f.8EF3D0D450A4EB0CE4D2D51640C2B842.d.5D1B056F58AF70208B775AE8C661FFDE.e.19299"},{"block":"start","inline":"nearest"}]}
COMMAND: POST /session/fa1966063a4db30dbf2f999955ebc217/execute/async - {"script":"<script> [1562 bytes]","args":[{"selector":{"id":"application-manageresources-display-component---newResourceUnit--btnAddTimeSegment","interaction":{"idSuffix":"inner"}},"wdio_ui5_key":"applicationmanageresources-display-component---newResourceUnit--btnAddTimeSegment"}]}
COMMAND: GET /session/fa1966063a4db30dbf2f999955ebc217/screenshot - {}
RESULT: {"script":"<script> [1562 bytes]","args":[{"selector":{"id":"application-manageresources-display-component---newResourceUnit--btnAddTimeSegment","interaction":{"idSuffix":"inner"}},"wdio_ui5_key":"applicationmanageresources-display-component---newResourceUnit--btnAddTimeSegment"}]}
RESULT: undefined
COMMAND: POST /session/fa1966063a4db30dbf2f999955ebc217/element - {"using":"xpath","value":"//*[@id=\"application-manageresources-display-component---newResourceUnit--btnAddTimeSegment\"]"}
RESULT: {}
RESULT: {"using":"xpath","value":"//*[@id=\"application-manageresources-display-component---newResourceUnit--btnAddTimeSegment\"]"}
COMMAND: POST /session/fa1966063a4db30dbf2f999955ebc217/element/f.8EF3D0D450A4EB0CE4D2D51640C2B842.d.5D1B056F58AF70208B775AE8C661FFDE.e.19299/click - {}
RESULT: {}
COMMAND: GET /session/fa1966063a4db30dbf2f999955ebc217/screenshot - {}
RESULT: {}
COMMAND: POST /session/fa1966063a4db30dbf2f999955ebc217/element - {"using":"xpath","value":"//input[@id=\"application-manageresources-display-component---newResourceUnit--idRuTSAdmin-application-manageresources-display-component---newResourceUnit--RUTimeSegment-0-inner\"]"}
RESULT: {"using":"xpath","value":"//input[@id=\"application-manageresources-display-component---newResourceUnit--idRuTSAdmin-application-manageresources-display-component---newResourceUnit--RUTimeSegment-0-inner\"]"}
COMMAND: POST /session/fa1966063a4db30dbf2f999955ebc217/element/f.8EF3D0D450A4EB0CE4D2D51640C2B842.d.5D1B056F58AF70208B775AE8C661FFDE.e.19305/clear - {}
RESULT: {}
COMMAND: POST /session/fa1966063a4db30dbf2f999955ebc217/element/f.8EF3D0D450A4EB0CE4D2D51640C2B842.d.5D1B056F58AF70208B775AE8C661FFDE.e.19305/value - {"text":"258"}
COMMAND: GET /session/fa1966063a4db30dbf2f999955ebc217/screenshot - {}
RESULT: {"text":"258"}
COMMAND: GET /session/fa1966063a4db30dbf2f999955ebc217/screenshot - {}
RESULT: {}
RESULT: {}
COMMAND: POST /session/fa1966063a4db30dbf2f999955ebc217/element - {"using":"xpath","value":"//li[.//span[text()='258']]"}
RESULT: {"using":"xpath","value":"//li[.//span[text()='258']]"}
COMMAND: POST /session/fa1966063a4db30dbf2f999955ebc217/element/f.8EF3D0D450A4EB0CE4D2D51640C2B842.d.5D1B056F58AF70208B775AE8C661FFDE.e.19317/click - {}
RESULT: {}
COMMAND: GET /session/fa1966063a4db30dbf2f999955ebc217/screenshot - {}
RESULT: {}
COMMAND: POST /session/fa1966063a4db30dbf2f999955ebc217/element - {"using":"xpath","value":"(//span[contains(@id, \"-application-manageresources-display-component---newResourceUnit--RUTimeSegment-0-arrow\")])[6]"}
RESULT: {"using":"xpath","value":"(//span[contains(@id, \"-application-manageresources-display-component---newResourceUnit--RUTimeSegment-0-arrow\")])[6]"}
COMMAND: POST /session/fa1966063a4db30dbf2f999955ebc217/element/f.8EF3D0D450A4EB0CE4D2D51640C2B842.d.5D1B056F58AF70208B775AE8C661FFDE.e.19318/click - {}
RESULT: {}
COMMAND: GET /session/fa1966063a4db30dbf2f999955ebc217/screenshot - {}
RESULT: {}
COMMAND: POST /session/fa1966063a4db30dbf2f999955ebc217/element - {"using":"xpath","value":"//span[contains(text(), \"PM Order\")]"}
RESULT: {"using":"xpath","value":"//span[contains(text(), \"PM Order\")]"}
COMMAND: POST /session/fa1966063a4db30dbf2f999955ebc217/element/f.8EF3D0D450A4EB0CE4D2D51640C2B842.d.5D1B056F58AF70208B775AE8C661FFDE.e.19321/click - {}
RESULT: {}
COMMAND: GET /session/fa1966063a4db30dbf2f999955ebc217/screenshot - {}
RESULT: {}
COMMAND: POST /session/fa1966063a4db30dbf2f999955ebc217/element - {"using":"xpath","value":"(//span[contains(@id ,\"manageresources-display-component---newResourceUnit--RUTimeSegment-0-vhi\")])[1]"}
RESULT: {"using":"xpath","value":"(//span[contains(@id ,\"manageresources-display-component---newResourceUnit--RUTimeSegment-0-vhi\")])[1]"}
COMMAND: GET /session/fa1966063a4db30dbf2f999955ebc217/element/f.8EF3D0D450A4EB0CE4D2D51640C2B842.d.5D1B056F58AF70208B775AE8C661FFDE.e.19325/rect - {}
RESULT: {}
COMMAND: GET /session/fa1966063a4db30dbf2f999955ebc217/window/rect - {}
RESULT: {}
COMMAND: POST /session/fa1966063a4db30dbf2f999955ebc217/execute/sync - {"script":"<script> [92 bytes]","args":[]}
RESULT: {"script":"<script> [92 bytes]","args":[]}
COMMAND: POST /session/fa1966063a4db30dbf2f999955ebc217/actions - {"actions":[{"id":"action62","type":"wheel","parameters":{},"actions":[{"type":"scroll","x":-869,"y":-24,"deltaX":0,"deltaY":0,"duration":0,"origin":{"element-6066-11e4-a52e-4f735466cecf":"f.8EF3D0D450A4EB0CE4D2D51640C2B842.d.5D1B056F58AF70208B775AE8C661FFDE.e.19325"}}]}]}
COMMAND: GET /session/fa1966063a4db30dbf2f999955ebc217/screenshot - {}
RESULT: {"actions":[{"id":"action62","type":"wheel","parameters":{},"actions":[{"type":"scroll","x":-869,"y":-24,"deltaX":0,"deltaY":0,"duration":0,"origin":{"element-6066-11e4-a52e-4f735466cecf":"f.8EF3D0D450A4EB0CE4D2D51640C2B842.d.5D1B056F58AF70208B775AE8C661FFDE.e.19325"}}]}]}
COMMAND: DELETE /session/fa1966063a4db30dbf2f999955ebc217/actions - {}
COMMAND: GET /session/fa1966063a4db30dbf2f999955ebc217/screenshot - {}
RESULT: {}
RESULT: {}
COMMAND: GET /session/fa1966063a4db30dbf2f999955ebc217/screenshot - {}
RESULT: {}
RESULT: {}
COMMAND: POST /session/fa1966063a4db30dbf2f999955ebc217/element/f.8EF3D0D450A4EB0CE4D2D51640C2B842.d.5D1B056F58AF70208B775AE8C661FFDE.e.19325/click - {}
RESULT: {}
COMMAND: GET /session/fa1966063a4db30dbf2f999955ebc217/screenshot - {}
RESULT: {}
COMMAND: POST /session/fa1966063a4db30dbf2f999955ebc217/execute/async - {"script":"<script> [1562 bytes]","args":[{"selector":{"controlType":"sap.m.SearchField","properties":{"placeholder":"Search"},"searchOpenDialogs":true,"interaction":{"idSuffix":"I"}},"wdio_ui5_key":"sapm.SearchField{\"placeholder\":\"Search\"}"}]}
RESULT: {"script":"<script> [1562 bytes]","args":[{"selector":{"controlType":"sap.m.SearchField","properties":{"placeholder":"Search"},"searchOpenDialogs":true,"interaction":{"idSuffix":"I"}},"wdio_ui5_key":"sapm.SearchField{\"placeholder\":\"Search\"}"}]}
RESULT: undefined
COMMAND: POST /session/fa1966063a4db30dbf2f999955ebc217/execute/async - {"script":"<script> [776 bytes]","args":[{"enterText":"4000360","selector":{"controlType":"sap.m.SearchField","properties":{"placeholder":"Search"},"searchOpenDialogs":true,"interaction":{"idSuffix":"I"}},"clearTextFirst":true,"interactionType":"ENTER_TEXT"}]}
RESULT: {"script":"<script> [776 bytes]","args":[{"enterText":"4000360","selector":{"controlType":"sap.m.SearchField","properties":{"placeholder":"Search"},"searchOpenDialogs":true,"interaction":{"idSuffix":"I"}},"clearTextFirst":true,"interactionType":"ENTER_TEXT"}]}
COMMAND: POST /session/fa1966063a4db30dbf2f999955ebc217/actions - {"actions":[{"id":"action63","type":"key","parameters":{},"actions":[{"type":"keyDown","value":""},{"type":"pause","duration":10},{"type":"keyUp","value":""}]}]}
RESULT: {"actions":[{"id":"action63","type":"key","parameters":{},"actions":[{"type":"keyDown","value":""},{"type":"pause","duration":10},{"type":"keyUp","value":""}]}]}
COMMAND: GET /session/fa1966063a4db30dbf2f999955ebc217/screenshot - {}
RESULT: {}
COMMAND: POST /session/fa1966063a4db30dbf2f999955ebc217/element - {"using":"xpath","value":"//td/div/span[contains(text(), \"BGL Vehicles\")]"}
RESULT: {"using":"xpath","value":"//td/div/span[contains(text(), \"BGL Vehicles\")]"}
COMMAND: POST /session/fa1966063a4db30dbf2f999955ebc217/element/f.8EF3D0D450A4EB0CE4D2D51640C2B842.d.5D1B056F58AF70208B775AE8C661FFDE.e.19347/click - {}
RESULT: {}
COMMAND: GET /session/fa1966063a4db30dbf2f999955ebc217/screenshot - {}
RESULT: {}
COMMAND: POST /session/fa1966063a4db30dbf2f999955ebc217/element - {"using":"xpath","value":"//bdi[contains(text(), \"OK\")]"}
RESULT: {"using":"xpath","value":"//bdi[contains(text(), \"OK\")]"}
COMMAND: POST /session/fa1966063a4db30dbf2f999955ebc217/element/f.8EF3D0D450A4EB0CE4D2D51640C2B842.d.5D1B056F58AF70208B775AE8C661FFDE.e.19348/click - {}
RESULT: {}
COMMAND: GET /session/fa1966063a4db30dbf2f999955ebc217/screenshot - {}
RESULT: {}
COMMAND: POST /session/fa1966063a4db30dbf2f999955ebc217/execute/async - {"script":"<script> [1562 bytes]","args":[{"selector":{"id":"application-manageresources-display-component---newResourceUnit--newRRUPage-anchBar-application-manageresources-display-component---newResourceUnit--resource-anchor","interaction":{"idSuffix":"BDI-content"}},"wdio_ui5_key":"applicationmanageresources-display-component---newResourceUnit--newRRUPage-anchBar-application-manageresources-display-component---newResourceUnit--resource-anchor"}]}
RESULT: {"script":"<script> [1562 bytes]","args":[{"selector":{"id":"application-manageresources-display-component---newResourceUnit--newRRUPage-anchBar-application-manageresources-display-component---newResourceUnit--resource-anchor","interaction":{"idSuffix":"BDI-content"}},"wdio_ui5_key":"applicationmanageresources-display-component---newResourceUnit--newRRUPage-anchBar-application-manageresources-display-component---newResourceUnit--resource-anchor"}]}
RESULT: undefined
COMMAND: POST /session/fa1966063a4db30dbf2f999955ebc217/element - {"using":"xpath","value":"//*[@id=\"application-manageresources-display-component---newResourceUnit--newRRUPage-anchBar-application-manageresources-display-component---newResourceUnit--resource-anchor\"]"}
RESULT: {"using":"xpath","value":"//*[@id=\"application-manageresources-display-component---newResourceUnit--newRRUPage-anchBar-application-manageresources-display-component---newResourceUnit--resource-anchor\"]"}
COMMAND: POST /session/fa1966063a4db30dbf2f999955ebc217/element/f.8EF3D0D450A4EB0CE4D2D51640C2B842.d.5D1B056F58AF70208B775AE8C661FFDE.e.19352/click - {}
RESULT: {}
COMMAND: POST /session/fa1966063a4db30dbf2f999955ebc217/execute/async - {"script":"<script> [1562 bytes]","args":[{"selector":{"id":"application-manageresources-display-component---newResourceUnit--PLANNED_DELIVERY_DATE","interaction":{"idSuffix":"inner"}},"wdio_ui5_key":"applicationmanageresources-display-component---newResourceUnit--PLANNED_DELIVERY_DATE"}]}
COMMAND: GET /session/fa1966063a4db30dbf2f999955ebc217/screenshot - {}
RESULT: {"script":"<script> [1562 bytes]","args":[{"selector":{"id":"application-manageresources-display-component---newResourceUnit--PLANNED_DELIVERY_DATE","interaction":{"idSuffix":"inner"}},"wdio_ui5_key":"applicationmanageresources-display-component---newResourceUnit--PLANNED_DELIVERY_DATE"}]}
RESULT: undefined
COMMAND: POST /session/fa1966063a4db30dbf2f999955ebc217/execute/async - {"script":"<script> [6424 bytes]","args":[{"element-6066-11e4-a52e-4f735466cecf":"f.8EF3D0D450A4EB0CE4D2D51640C2B842.d.5D1B056F58AF70208B775AE8C661FFDE.e.19183"},"setValue",["5/24/25"]]}
RESULT: {}
RESULT: {"script":"<script> [6424 bytes]","args":[{"element-6066-11e4-a52e-4f735466cecf":"f.8EF3D0D450A4EB0CE4D2D51640C2B842.d.5D1B056F58AF70208B775AE8C661FFDE.e.19183"},"setValue",["5/24/25"]]}
COMMAND: POST /session/fa1966063a4db30dbf2f999955ebc217/element - {"using":"xpath","value":"//label[contains(@class, 'sapMLabelRequired') and .//bdi[contains(text(), 'Planned Retirement')]]"}
RESULT: {"using":"xpath","value":"//label[contains(@class, 'sapMLabelRequired') and .//bdi[contains(text(), 'Planned Retirement')]]"}
COMMAND: POST /session/fa1966063a4db30dbf2f999955ebc217/elements - {"using":"xpath","value":"//label[contains(@class, 'sapMLabelRequired') and .//bdi[contains(text(), 'Planned Retirement')]]"}
RESULT: {"using":"xpath","value":"//label[contains(@class, 'sapMLabelRequired') and .//bdi[contains(text(), 'Planned Retirement')]]"}
COMMAND: POST /session/fa1966063a4db30dbf2f999955ebc217/element - {"using":"xpath","value":"//button[@data-kt=\"resourceUnitSaveButton\"]"}
RESULT: {"using":"xpath","value":"//button[@data-kt=\"resourceUnitSaveButton\"]"}
COMMAND: POST /session/fa1966063a4db30dbf2f999955ebc217/element/f.8EF3D0D450A4EB0CE4D2D51640C2B842.d.5D1B056F58AF70208B775AE8C661FFDE.e.19142/click - {}
RESULT: {}
COMMAND: GET /session/fa1966063a4db30dbf2f999955ebc217/screenshot - {}
RESULT: {}
COMMAND: POST /session/fa1966063a4db30dbf2f999955ebc217/element - {"using":"xpath","value":"//bdi[contains(text(), \"Close\")]"}
RESULT: {"using":"xpath","value":"//bdi[contains(text(), \"Close\")]"}
COMMAND: POST /session/fa1966063a4db30dbf2f999955ebc217/element/f.8EF3D0D450A4EB0CE4D2D51640C2B842.d.5D1B056F58AF70208B775AE8C661FFDE.e.19362/click - {}
RESULT: {}
COMMAND: GET /session/fa1966063a4db30dbf2f999955ebc217/screenshot - {}
RESULT: {}
COMMAND: POST /session/fa1966063a4db30dbf2f999955ebc217/element - {"using":"xpath","value":"(//button[contains(@id ,\"actionsToolbar-overflowButton\")])[1]"}
RESULT: {"using":"xpath","value":"(//button[contains(@id ,\"actionsToolbar-overflowButton\")])[1]"}
COMMAND: POST /session/fa1966063a4db30dbf2f999955ebc217/element/f.8EF3D0D450A4EB0CE4D2D51640C2B842.d.5D1B056F58AF70208B775AE8C661FFDE.e.19396/click - {}
RESULT: {}
COMMAND: GET /session/fa1966063a4db30dbf2f999955ebc217/screenshot - {}
RESULT: {}
COMMAND: POST /session/fa1966063a4db30dbf2f999955ebc217/element - {"using":"xpath","value":"//button[@data-kt=\"priceInfoButton\"]"}
RESULT: {"using":"xpath","value":"//button[@data-kt=\"priceInfoButton\"]"}
COMMAND: POST /session/fa1966063a4db30dbf2f999955ebc217/element/f.8EF3D0D450A4EB0CE4D2D51640C2B842.d.5D1B056F58AF70208B775AE8C661FFDE.e.19398/click - {}
RESULT: {}
COMMAND: GET /session/fa1966063a4db30dbf2f999955ebc217/screenshot - {}
]]></system-out>
    </testcase>
    <testcase classname="chrome.136_0_7103_93.windows.Create_Reverse_Billing_US127248" name="Should create a pricing procedure" time="55.772">
      <system-out><![CDATA[
COMMAND: POST /session/fa1966063a4db30dbf2f999955ebc217/element - {"using":"xpath","value":"//button[@data-kt=\"addButton\"]"}
RESULT: {}
RESULT: {"using":"xpath","value":"//button[@data-kt=\"addButton\"]"}
COMMAND: POST /session/fa1966063a4db30dbf2f999955ebc217/elements - {"using":"xpath","value":"//button[@data-kt=\"addButton\"]"}
RESULT: {"using":"xpath","value":"//button[@data-kt=\"addButton\"]"}
COMMAND: POST /session/fa1966063a4db30dbf2f999955ebc217/element - {"using":"xpath","value":"//button[@data-kt=\"addButton\"]"}
RESULT: {"using":"xpath","value":"//button[@data-kt=\"addButton\"]"}
COMMAND: POST /session/fa1966063a4db30dbf2f999955ebc217/execute/sync - {"script":"<script> [8489 bytes]","args":[{"element-6066-11e4-a52e-4f735466cecf":"f.8EF3D0D450A4EB0CE4D2D51640C2B842.d.5D1B056F58AF70208B775AE8C661FFDE.e.19430","ELEMENT":"f.8EF3D0D450A4EB0CE4D2D51640C2B842.d.5D1B056F58AF70208B775AE8C661FFDE.e.19430"}]}
RESULT: {"script":"<script> [8489 bytes]","args":[{"element-6066-11e4-a52e-4f735466cecf":"f.8EF3D0D450A4EB0CE4D2D51640C2B842.d.5D1B056F58AF70208B775AE8C661FFDE.e.19430","ELEMENT":"f.8EF3D0D450A4EB0CE4D2D51640C2B842.d.5D1B056F58AF70208B775AE8C661FFDE.e.19430"}]}
COMMAND: GET /session/fa1966063a4db30dbf2f999955ebc217/element/f.8EF3D0D450A4EB0CE4D2D51640C2B842.d.5D1B056F58AF70208B775AE8C661FFDE.e.19430/enabled - {}
COMMAND: GET /session/fa1966063a4db30dbf2f999955ebc217/screenshot - {}
RESULT: {}
COMMAND: POST /session/fa1966063a4db30dbf2f999955ebc217/execute/sync - {"script":"<script> [8489 bytes]","args":[{"element-6066-11e4-a52e-4f735466cecf":"f.8EF3D0D450A4EB0CE4D2D51640C2B842.d.5D1B056F58AF70208B775AE8C661FFDE.e.19430","ELEMENT":"f.8EF3D0D450A4EB0CE4D2D51640C2B842.d.5D1B056F58AF70208B775AE8C661FFDE.e.19430"}]}
COMMAND: GET /session/fa1966063a4db30dbf2f999955ebc217/screenshot - {}
RESULT: {}
RESULT: {"script":"<script> [8489 bytes]","args":[{"element-6066-11e4-a52e-4f735466cecf":"f.8EF3D0D450A4EB0CE4D2D51640C2B842.d.5D1B056F58AF70208B775AE8C661FFDE.e.19430","ELEMENT":"f.8EF3D0D450A4EB0CE4D2D51640C2B842.d.5D1B056F58AF70208B775AE8C661FFDE.e.19430"}]}
COMMAND: POST /session/fa1966063a4db30dbf2f999955ebc217/execute/sync - {"script":"<script> [5351 bytes]","args":[{"element-6066-11e4-a52e-4f735466cecf":"f.8EF3D0D450A4EB0CE4D2D51640C2B842.d.5D1B056F58AF70208B775AE8C661FFDE.e.19430","ELEMENT":"f.8EF3D0D450A4EB0CE4D2D51640C2B842.d.5D1B056F58AF70208B775AE8C661FFDE.e.19430"}]}
COMMAND: GET /session/fa1966063a4db30dbf2f999955ebc217/screenshot - {}
RESULT: {}
RESULT: {"script":"<script> [5351 bytes]","args":[{"element-6066-11e4-a52e-4f735466cecf":"f.8EF3D0D450A4EB0CE4D2D51640C2B842.d.5D1B056F58AF70208B775AE8C661FFDE.e.19430","ELEMENT":"f.8EF3D0D450A4EB0CE4D2D51640C2B842.d.5D1B056F58AF70208B775AE8C661FFDE.e.19430"}]}
COMMAND: POST /session/fa1966063a4db30dbf2f999955ebc217/element/f.8EF3D0D450A4EB0CE4D2D51640C2B842.d.5D1B056F58AF70208B775AE8C661FFDE.e.19430/click - {}
COMMAND: GET /session/fa1966063a4db30dbf2f999955ebc217/screenshot - {}
RESULT: {}
RESULT: {}
RESULT: {}
COMMAND: GET /session/fa1966063a4db30dbf2f999955ebc217/screenshot - {}
RESULT: {}
COMMAND: POST /session/fa1966063a4db30dbf2f999955ebc217/execute/async - {"script":"<script> [1562 bytes]","args":[{"selector":{"controlType":"sap.m.Title","viewName":"etm.portal.ui.managepricingrules.view.NewItem","viewId":"application-managepricingrules-display-component---newInfoPriceItem","properties":{"text":"New Pricing Rules - Item Level"}},"wdio_ui5_key":"etmportal.ui.managepricingrules.view.NewItemsap.m.Title{\"text\":\"New Pricing Rules - Item Level\"}"}]}
RESULT: {"script":"<script> [1562 bytes]","args":[{"selector":{"controlType":"sap.m.Title","viewName":"etm.portal.ui.managepricingrules.view.NewItem","viewId":"application-managepricingrules-display-component---newInfoPriceItem","properties":{"text":"New Pricing Rules - Item Level"}},"wdio_ui5_key":"etmportal.ui.managepricingrules.view.NewItemsap.m.Title{\"text\":\"New Pricing Rules - Item Level\"}"}]}
RESULT: undefined
COMMAND: POST /session/fa1966063a4db30dbf2f999955ebc217/execute/async - {"script":"<script> [6424 bytes]","args":[{"element-6066-11e4-a52e-4f735466cecf":"f.8EF3D0D450A4EB0CE4D2D51640C2B842.d.5D1B056F58AF70208B775AE8C661FFDE.e.19594"},"getText",[]]}
RESULT: {"script":"<script> [6424 bytes]","args":[{"element-6066-11e4-a52e-4f735466cecf":"f.8EF3D0D450A4EB0CE4D2D51640C2B842.d.5D1B056F58AF70208B775AE8C661FFDE.e.19594"},"getText",[]]}
COMMAND: POST /session/fa1966063a4db30dbf2f999955ebc217/execute/async - {"script":"<script> [1562 bytes]","args":[{"selector":{"id":"application-managepricingrules-display-component---newInfoPriceItem--condValidTo","interaction":{"idSuffix":"inner"}},"wdio_ui5_key":"applicationmanagepricingrules-display-component---newInfoPriceItem--condValidTo"}]}
RESULT: {"script":"<script> [1562 bytes]","args":[{"selector":{"id":"application-managepricingrules-display-component---newInfoPriceItem--condValidTo","interaction":{"idSuffix":"inner"}},"wdio_ui5_key":"applicationmanagepricingrules-display-component---newInfoPriceItem--condValidTo"}]}
RESULT: undefined
COMMAND: POST /session/fa1966063a4db30dbf2f999955ebc217/execute/async - {"script":"<script> [776 bytes]","args":[{"enterText":"1/24/26","selector":{"id":"application-managepricingrules-display-component---newInfoPriceItem--condValidTo","interaction":{"idSuffix":"inner"}},"clearTextFirst":true,"interactionType":"ENTER_TEXT"}]}
RESULT: {"script":"<script> [776 bytes]","args":[{"enterText":"1/24/26","selector":{"id":"application-managepricingrules-display-component---newInfoPriceItem--condValidTo","interaction":{"idSuffix":"inner"}},"clearTextFirst":true,"interactionType":"ENTER_TEXT"}]}
COMMAND: POST /session/fa1966063a4db30dbf2f999955ebc217/execute/async - {"script":"<script> [1562 bytes]","args":[{"selector":{"id":"application-managepricingrules-display-component---newInfoPriceItem--billType-arrow"},"wdio_ui5_key":"applicationmanagepricingrules-display-component---newInfoPriceItem--billType-arrow"}]}
RESULT: {"script":"<script> [1562 bytes]","args":[{"selector":{"id":"application-managepricingrules-display-component---newInfoPriceItem--billType-arrow"},"wdio_ui5_key":"applicationmanagepricingrules-display-component---newInfoPriceItem--billType-arrow"}]}
RESULT: undefined
COMMAND: POST /session/fa1966063a4db30dbf2f999955ebc217/element - {"using":"xpath","value":"//*[@id=\"application-managepricingrules-display-component---newInfoPriceItem--billType-arrow\"]"}
RESULT: {"using":"xpath","value":"//*[@id=\"application-managepricingrules-display-component---newInfoPriceItem--billType-arrow\"]"}
COMMAND: POST /session/fa1966063a4db30dbf2f999955ebc217/element/f.8EF3D0D450A4EB0CE4D2D51640C2B842.d.5D1B056F58AF70208B775AE8C661FFDE.e.19596/click - {}
RESULT: {}
COMMAND: POST /session/fa1966063a4db30dbf2f999955ebc217/element - {"using":"xpath","value":"//span[contains(text(), \"TB - Time based\")]"}
COMMAND: GET /session/fa1966063a4db30dbf2f999955ebc217/screenshot - {}
RESULT: {"using":"xpath","value":"//span[contains(text(), \"TB - Time based\")]"}
COMMAND: POST /session/fa1966063a4db30dbf2f999955ebc217/element/f.8EF3D0D450A4EB0CE4D2D51640C2B842.d.5D1B056F58AF70208B775AE8C661FFDE.e.19597/click - {}
RESULT: {}
RESULT: {}
COMMAND: POST /session/fa1966063a4db30dbf2f999955ebc217/execute/async - {"script":"<script> [1562 bytes]","args":[{"selector":{"id":"application-managepricingrules-display-component---newInfoPriceItem--priceProc-arrow"},"wdio_ui5_key":"applicationmanagepricingrules-display-component---newInfoPriceItem--priceProc-arrow"}]}
COMMAND: GET /session/fa1966063a4db30dbf2f999955ebc217/screenshot - {}
RESULT: {"script":"<script> [1562 bytes]","args":[{"selector":{"id":"application-managepricingrules-display-component---newInfoPriceItem--priceProc-arrow"},"wdio_ui5_key":"applicationmanagepricingrules-display-component---newInfoPriceItem--priceProc-arrow"}]}
RESULT: undefined
COMMAND: POST /session/fa1966063a4db30dbf2f999955ebc217/element - {"using":"xpath","value":"//*[@id=\"application-managepricingrules-display-component---newInfoPriceItem--priceProc-arrow\"]"}
RESULT: {}
RESULT: {"using":"xpath","value":"//*[@id=\"application-managepricingrules-display-component---newInfoPriceItem--priceProc-arrow\"]"}
COMMAND: POST /session/fa1966063a4db30dbf2f999955ebc217/element/f.8EF3D0D450A4EB0CE4D2D51640C2B842.d.5D1B056F58AF70208B775AE8C661FFDE.e.19560/click - {}
RESULT: {}
COMMAND: POST /session/fa1966063a4db30dbf2f999955ebc217/element - {"using":"xpath","value":"//span[contains(text(), \"TBS - Time based standard\")]"}
COMMAND: GET /session/fa1966063a4db30dbf2f999955ebc217/screenshot - {}
RESULT: {"using":"xpath","value":"//span[contains(text(), \"TBS - Time based standard\")]"}
COMMAND: POST /session/fa1966063a4db30dbf2f999955ebc217/element/f.8EF3D0D450A4EB0CE4D2D51640C2B842.d.5D1B056F58AF70208B775AE8C661FFDE.e.19598/click - {}
RESULT: {}
RESULT: {}
COMMAND: POST /session/fa1966063a4db30dbf2f999955ebc217/execute/async - {"script":"<script> [1562 bytes]","args":[{"selector":{"id":"application-managepricingrules-display-component---newInfoPriceItem--calcBase-arrow"},"wdio_ui5_key":"applicationmanagepricingrules-display-component---newInfoPriceItem--calcBase-arrow"}]}
COMMAND: GET /session/fa1966063a4db30dbf2f999955ebc217/screenshot - {}
RESULT: {"script":"<script> [1562 bytes]","args":[{"selector":{"id":"application-managepricingrules-display-component---newInfoPriceItem--calcBase-arrow"},"wdio_ui5_key":"applicationmanagepricingrules-display-component---newInfoPriceItem--calcBase-arrow"}]}
RESULT: undefined
COMMAND: POST /session/fa1966063a4db30dbf2f999955ebc217/element - {"using":"xpath","value":"//*[@id=\"application-managepricingrules-display-component---newInfoPriceItem--calcBase-arrow\"]"}
RESULT: {}
RESULT: {"using":"xpath","value":"//*[@id=\"application-managepricingrules-display-component---newInfoPriceItem--calcBase-arrow\"]"}
COMMAND: POST /session/fa1966063a4db30dbf2f999955ebc217/element/f.8EF3D0D450A4EB0CE4D2D51640C2B842.d.5D1B056F58AF70208B775AE8C661FFDE.e.19567/click - {}
RESULT: {}
COMMAND: GET /session/fa1966063a4db30dbf2f999955ebc217/screenshot - {}
RESULT: {}
COMMAND: POST /session/fa1966063a4db30dbf2f999955ebc217/element - {"using":"xpath","value":"//span[contains(text(), \"0006 - TB(calendar days)\")]"}
RESULT: {"using":"xpath","value":"//span[contains(text(), \"0006 - TB(calendar days)\")]"}
COMMAND: POST /session/fa1966063a4db30dbf2f999955ebc217/element/f.8EF3D0D450A4EB0CE4D2D51640C2B842.d.5D1B056F58AF70208B775AE8C661FFDE.e.19599/click - {}
RESULT: {}
COMMAND: GET /session/fa1966063a4db30dbf2f999955ebc217/screenshot - {}
RESULT: {}
COMMAND: POST /session/fa1966063a4db30dbf2f999955ebc217/execute/async - {"script":"<script> [1562 bytes]","args":[{"selector":{"id":"application-managepricingrules-display-component---newInfoPriceItem--daysMonth","interaction":{"idSuffix":"inner"}},"wdio_ui5_key":"applicationmanagepricingrules-display-component---newInfoPriceItem--daysMonth"}]}
RESULT: {"script":"<script> [1562 bytes]","args":[{"selector":{"id":"application-managepricingrules-display-component---newInfoPriceItem--daysMonth","interaction":{"idSuffix":"inner"}},"wdio_ui5_key":"applicationmanagepricingrules-display-component---newInfoPriceItem--daysMonth"}]}
RESULT: undefined
COMMAND: POST /session/fa1966063a4db30dbf2f999955ebc217/execute/async - {"script":"<script> [776 bytes]","args":[{"enterText":"30","selector":{"id":"application-managepricingrules-display-component---newInfoPriceItem--daysMonth","interaction":{"idSuffix":"inner"}},"clearTextFirst":true,"interactionType":"ENTER_TEXT"}]}
RESULT: {"script":"<script> [776 bytes]","args":[{"enterText":"30","selector":{"id":"application-managepricingrules-display-component---newInfoPriceItem--daysMonth","interaction":{"idSuffix":"inner"}},"clearTextFirst":true,"interactionType":"ENTER_TEXT"}]}
COMMAND: POST /session/fa1966063a4db30dbf2f999955ebc217/element - {"using":"xpath","value":"//button[@data-kt=\"saveNewRuleButton\"]"}
RESULT: {"using":"xpath","value":"//button[@data-kt=\"saveNewRuleButton\"]"}
COMMAND: POST /session/fa1966063a4db30dbf2f999955ebc217/element/f.8EF3D0D450A4EB0CE4D2D51640C2B842.d.5D1B056F58AF70208B775AE8C661FFDE.e.19584/click - {}
RESULT: {}
COMMAND: GET /session/fa1966063a4db30dbf2f999955ebc217/screenshot - {}
RESULT: {}
COMMAND: POST /session/fa1966063a4db30dbf2f999955ebc217/execute/async - {"script":"<script> [1562 bytes]","args":[{"selector":{"id":"application-managepricingrules-display-component---priceInfoItem--smartFilterBar-btnBasicSearch","interaction":{"idSuffix":"I"}},"wdio_ui5_key":"applicationmanagepricingrules-display-component---priceInfoItem--smartFilterBar-btnBasicSearch"}]}
RESULT: {"script":"<script> [1562 bytes]","args":[{"selector":{"id":"application-managepricingrules-display-component---priceInfoItem--smartFilterBar-btnBasicSearch","interaction":{"idSuffix":"I"}},"wdio_ui5_key":"applicationmanagepricingrules-display-component---priceInfoItem--smartFilterBar-btnBasicSearch"}]}
RESULT: undefined
COMMAND: POST /session/fa1966063a4db30dbf2f999955ebc217/execute/async - {"script":"<script> [776 bytes]","args":[{"enterText":"ZAyYdBDe19","selector":{"id":"application-managepricingrules-display-component---priceInfoItem--smartFilterBar-btnBasicSearch","interaction":{"idSuffix":"I"}},"clearTextFirst":true,"interactionType":"ENTER_TEXT"}]}
RESULT: {"script":"<script> [776 bytes]","args":[{"enterText":"ZAyYdBDe19","selector":{"id":"application-managepricingrules-display-component---priceInfoItem--smartFilterBar-btnBasicSearch","interaction":{"idSuffix":"I"}},"clearTextFirst":true,"interactionType":"ENTER_TEXT"}]}
COMMAND: POST /session/fa1966063a4db30dbf2f999955ebc217/actions - {"actions":[{"id":"action64","type":"key","parameters":{},"actions":[{"type":"keyDown","value":""},{"type":"pause","duration":10},{"type":"keyUp","value":""}]}]}
RESULT: {"actions":[{"id":"action64","type":"key","parameters":{},"actions":[{"type":"keyDown","value":""},{"type":"pause","duration":10},{"type":"keyUp","value":""}]}]}
COMMAND: GET /session/fa1966063a4db30dbf2f999955ebc217/screenshot - {}
RESULT: {}
COMMAND: POST /session/fa1966063a4db30dbf2f999955ebc217/element - {"using":"xpath","value":"//span[@id=\"application-managepricingrules-display-component---priceInfoItem--smartTable-header-inner\"]"}
RESULT: {"using":"xpath","value":"//span[@id=\"application-managepricingrules-display-component---priceInfoItem--smartTable-header-inner\"]"}
COMMAND: POST /session/fa1966063a4db30dbf2f999955ebc217/elements - {"using":"xpath","value":"//span[@id=\"application-managepricingrules-display-component---priceInfoItem--smartTable-header-inner\"]"}
RESULT: {"using":"xpath","value":"//span[@id=\"application-managepricingrules-display-component---priceInfoItem--smartTable-header-inner\"]"}
COMMAND: POST /session/fa1966063a4db30dbf2f999955ebc217/execute/sync - {"script":"<script> [56 bytes]","args":[{"element-6066-11e4-a52e-4f735466cecf":"f.8EF3D0D450A4EB0CE4D2D51640C2B842.d.5D1B056F58AF70208B775AE8C661FFDE.e.19623","ELEMENT":"f.8EF3D0D450A4EB0CE4D2D51640C2B842.d.5D1B056F58AF70208B775AE8C661FFDE.e.19623"}]}
RESULT: {"script":"<script> [56 bytes]","args":[{"element-6066-11e4-a52e-4f735466cecf":"f.8EF3D0D450A4EB0CE4D2D51640C2B842.d.5D1B056F58AF70208B775AE8C661FFDE.e.19623","ELEMENT":"f.8EF3D0D450A4EB0CE4D2D51640C2B842.d.5D1B056F58AF70208B775AE8C661FFDE.e.19623"}]}
COMMAND: POST /session/fa1966063a4db30dbf2f999955ebc217/element - {"using":"css selector","value":"#shell-header-logo"}
COMMAND: GET /session/fa1966063a4db30dbf2f999955ebc217/screenshot - {}
RESULT: {"using":"css selector","value":"#shell-header-logo"}
COMMAND: POST /session/fa1966063a4db30dbf2f999955ebc217/element/f.8EF3D0D450A4EB0CE4D2D51640C2B842.d.5D1B056F58AF70208B775AE8C661FFDE.e.18738/click - {}
RESULT: {}
RESULT: {}
COMMAND: GET /session/fa1966063a4db30dbf2f999955ebc217/screenshot - {}
RESULT: {}
]]></system-out>
    </testcase>
    <testcase classname="chrome.136_0_7103_93.windows.Create_Reverse_Billing_US127248" name="Should manage conditions" time="67.543">
      <system-out><![CDATA[
COMMAND: POST /session/fa1966063a4db30dbf2f999955ebc217/execute/async - {"script":"<script> [1562 bytes]","args":[{"selector":{"controlType":"sap.m.GenericTile","properties":{"header":"Manage Conditions & Prices"}},"wdio_ui5_key":"sapm.GenericTile{\"header\":\"Manage Conditions & Prices\"}"}]}
RESULT: {"script":"<script> [1562 bytes]","args":[{"selector":{"controlType":"sap.m.GenericTile","properties":{"header":"Manage Conditions & Prices"}},"wdio_ui5_key":"sapm.GenericTile{\"header\":\"Manage Conditions & Prices\"}"}]}
RESULT: undefined
COMMAND: POST /session/fa1966063a4db30dbf2f999955ebc217/element - {"using":"xpath","value":"//*[@id=\"__tile53\"]"}
RESULT: {"using":"xpath","value":"//*[@id=\"__tile53\"]"}
COMMAND: POST /session/fa1966063a4db30dbf2f999955ebc217/element/f.8EF3D0D450A4EB0CE4D2D51640C2B842.d.5D1B056F58AF70208B775AE8C661FFDE.e.18683/click - {}
RESULT: {}
COMMAND: GET /session/fa1966063a4db30dbf2f999955ebc217/screenshot - {}
RESULT: {}
COMMAND: POST /session/fa1966063a4db30dbf2f999955ebc217/elements - {"using":"xpath","value":"//span[text()='Error']"}
RESULT: {"using":"xpath","value":"//span[text()='Error']"}
COMMAND: POST /session/fa1966063a4db30dbf2f999955ebc217/element - {"using":"xpath","value":"//button[@aria-label=\"Create\"]"}
RESULT: {"using":"xpath","value":"//button[@aria-label=\"Create\"]"}
COMMAND: POST /session/fa1966063a4db30dbf2f999955ebc217/elements - {"using":"xpath","value":"//button[@aria-label=\"Create\"]"}
RESULT: {"using":"xpath","value":"//button[@aria-label=\"Create\"]"}
COMMAND: POST /session/fa1966063a4db30dbf2f999955ebc217/execute/sync - {"script":"<script> [8489 bytes]","args":[{"element-6066-11e4-a52e-4f735466cecf":"f.8EF3D0D450A4EB0CE4D2D51640C2B842.d.5D1B056F58AF70208B775AE8C661FFDE.e.19658","ELEMENT":"f.8EF3D0D450A4EB0CE4D2D51640C2B842.d.5D1B056F58AF70208B775AE8C661FFDE.e.19658"}]}
RESULT: {"script":"<script> [8489 bytes]","args":[{"element-6066-11e4-a52e-4f735466cecf":"f.8EF3D0D450A4EB0CE4D2D51640C2B842.d.5D1B056F58AF70208B775AE8C661FFDE.e.19658","ELEMENT":"f.8EF3D0D450A4EB0CE4D2D51640C2B842.d.5D1B056F58AF70208B775AE8C661FFDE.e.19658"}]}
COMMAND: GET /session/fa1966063a4db30dbf2f999955ebc217/element/f.8EF3D0D450A4EB0CE4D2D51640C2B842.d.5D1B056F58AF70208B775AE8C661FFDE.e.19658/enabled - {}
COMMAND: GET /session/fa1966063a4db30dbf2f999955ebc217/screenshot - {}
RESULT: {}
COMMAND: POST /session/fa1966063a4db30dbf2f999955ebc217/execute/sync - {"script":"<script> [8489 bytes]","args":[{"element-6066-11e4-a52e-4f735466cecf":"f.8EF3D0D450A4EB0CE4D2D51640C2B842.d.5D1B056F58AF70208B775AE8C661FFDE.e.19658","ELEMENT":"f.8EF3D0D450A4EB0CE4D2D51640C2B842.d.5D1B056F58AF70208B775AE8C661FFDE.e.19658"}]}
COMMAND: GET /session/fa1966063a4db30dbf2f999955ebc217/screenshot - {}
RESULT: {}
RESULT: {"script":"<script> [8489 bytes]","args":[{"element-6066-11e4-a52e-4f735466cecf":"f.8EF3D0D450A4EB0CE4D2D51640C2B842.d.5D1B056F58AF70208B775AE8C661FFDE.e.19658","ELEMENT":"f.8EF3D0D450A4EB0CE4D2D51640C2B842.d.5D1B056F58AF70208B775AE8C661FFDE.e.19658"}]}
COMMAND: POST /session/fa1966063a4db30dbf2f999955ebc217/execute/sync - {"script":"<script> [5351 bytes]","args":[{"element-6066-11e4-a52e-4f735466cecf":"f.8EF3D0D450A4EB0CE4D2D51640C2B842.d.5D1B056F58AF70208B775AE8C661FFDE.e.19658","ELEMENT":"f.8EF3D0D450A4EB0CE4D2D51640C2B842.d.5D1B056F58AF70208B775AE8C661FFDE.e.19658"}]}
COMMAND: GET /session/fa1966063a4db30dbf2f999955ebc217/screenshot - {}
RESULT: {}
RESULT: {"script":"<script> [5351 bytes]","args":[{"element-6066-11e4-a52e-4f735466cecf":"f.8EF3D0D450A4EB0CE4D2D51640C2B842.d.5D1B056F58AF70208B775AE8C661FFDE.e.19658","ELEMENT":"f.8EF3D0D450A4EB0CE4D2D51640C2B842.d.5D1B056F58AF70208B775AE8C661FFDE.e.19658"}]}
COMMAND: POST /session/fa1966063a4db30dbf2f999955ebc217/element/f.8EF3D0D450A4EB0CE4D2D51640C2B842.d.5D1B056F58AF70208B775AE8C661FFDE.e.19658/click - {}
COMMAND: GET /session/fa1966063a4db30dbf2f999955ebc217/screenshot - {}
RESULT: {}
RESULT: {}
COMMAND: GET /session/fa1966063a4db30dbf2f999955ebc217/screenshot - {}
RESULT: {}
RESULT: {}
COMMAND: POST /session/fa1966063a4db30dbf2f999955ebc217/actions - {"actions":[{"id":"action65","type":"key","parameters":{},"actions":[{"type":"keyDown","value":""},{"type":"pause","duration":10},{"type":"keyUp","value":""}]}]}
RESULT: {"actions":[{"id":"action65","type":"key","parameters":{},"actions":[{"type":"keyDown","value":""},{"type":"pause","duration":10},{"type":"keyUp","value":""}]}]}
COMMAND: GET /session/fa1966063a4db30dbf2f999955ebc217/screenshot - {}
RESULT: {}
COMMAND: POST /session/fa1966063a4db30dbf2f999955ebc217/execute/async - {"script":"<script> [1562 bytes]","args":[{"selector":{"id":"application-manageconditionprice-display-component---newCondition--condBillCond-arrow"},"wdio_ui5_key":"applicationmanageconditionprice-display-component---newCondition--condBillCond-arrow"}]}
RESULT: {"script":"<script> [1562 bytes]","args":[{"selector":{"id":"application-manageconditionprice-display-component---newCondition--condBillCond-arrow"},"wdio_ui5_key":"applicationmanageconditionprice-display-component---newCondition--condBillCond-arrow"}]}
RESULT: undefined
COMMAND: POST /session/fa1966063a4db30dbf2f999955ebc217/element - {"using":"xpath","value":"//*[@id=\"application-manageconditionprice-display-component---newCondition--condBillCond-arrow\"]"}
RESULT: {"using":"xpath","value":"//*[@id=\"application-manageconditionprice-display-component---newCondition--condBillCond-arrow\"]"}
COMMAND: POST /session/fa1966063a4db30dbf2f999955ebc217/element/f.8EF3D0D450A4EB0CE4D2D51640C2B842.d.5D1B056F58AF70208B775AE8C661FFDE.e.19838/click - {}
RESULT: {}
COMMAND: GET /session/fa1966063a4db30dbf2f999955ebc217/screenshot - {}
RESULT: {}
COMMAND: POST /session/fa1966063a4db30dbf2f999955ebc217/element - {"using":"xpath","value":"//li[.//span[contains(text(), \"DISP - D&I special price\")]]"}
RESULT: {"using":"xpath","value":"//li[.//span[contains(text(), \"DISP - D&I special price\")]]"}
COMMAND: POST /session/fa1966063a4db30dbf2f999955ebc217/element/f.8EF3D0D450A4EB0CE4D2D51640C2B842.d.5D1B056F58AF70208B775AE8C661FFDE.e.19841/click - {}
RESULT: {}
COMMAND: GET /session/fa1966063a4db30dbf2f999955ebc217/screenshot - {}
RESULT: {}
COMMAND: POST /session/fa1966063a4db30dbf2f999955ebc217/execute/async - {"script":"<script> [1562 bytes]","args":[{"selector":{"id":"application-manageconditionprice-display-component---newCondition--condValidTo","interaction":{"idSuffix":"inner"}},"wdio_ui5_key":"applicationmanageconditionprice-display-component---newCondition--condValidTo"}]}
RESULT: {"script":"<script> [1562 bytes]","args":[{"selector":{"id":"application-manageconditionprice-display-component---newCondition--condValidTo","interaction":{"idSuffix":"inner"}},"wdio_ui5_key":"applicationmanageconditionprice-display-component---newCondition--condValidTo"}]}
RESULT: undefined
COMMAND: POST /session/fa1966063a4db30dbf2f999955ebc217/execute/async - {"script":"<script> [776 bytes]","args":[{"enterText":"1/24/26","selector":{"id":"application-manageconditionprice-display-component---newCondition--condValidTo","interaction":{"idSuffix":"inner"}},"clearTextFirst":true,"interactionType":"ENTER_TEXT"}]}
RESULT: {"script":"<script> [776 bytes]","args":[{"enterText":"1/24/26","selector":{"id":"application-manageconditionprice-display-component---newCondition--condValidTo","interaction":{"idSuffix":"inner"}},"clearTextFirst":true,"interactionType":"ENTER_TEXT"}]}
COMMAND: POST /session/fa1966063a4db30dbf2f999955ebc217/element - {"using":"xpath","value":"//input[@id=\"application-manageconditionprice-display-component---newCondition--condRU-inner\"]"}
RESULT: {"using":"xpath","value":"//input[@id=\"application-manageconditionprice-display-component---newCondition--condRU-inner\"]"}
COMMAND: POST /session/fa1966063a4db30dbf2f999955ebc217/element/f.8EF3D0D450A4EB0CE4D2D51640C2B842.d.5D1B056F58AF70208B775AE8C661FFDE.e.19703/clear - {}
RESULT: {}
COMMAND: POST /session/fa1966063a4db30dbf2f999955ebc217/element/f.8EF3D0D450A4EB0CE4D2D51640C2B842.d.5D1B056F58AF70208B775AE8C661FFDE.e.19703/value - {"text":"ZAyYdBDe19"}
COMMAND: GET /session/fa1966063a4db30dbf2f999955ebc217/screenshot - {}
RESULT: {"text":"ZAyYdBDe19"}
COMMAND: GET /session/fa1966063a4db30dbf2f999955ebc217/screenshot - {}
RESULT: {}
RESULT: {}
COMMAND: POST /session/fa1966063a4db30dbf2f999955ebc217/actions - {"actions":[{"id":"action66","type":"key","parameters":{},"actions":[{"type":"keyDown","value":""},{"type":"pause","duration":10},{"type":"keyUp","value":""}]}]}
RESULT: {"actions":[{"id":"action66","type":"key","parameters":{},"actions":[{"type":"keyDown","value":""},{"type":"pause","duration":10},{"type":"keyUp","value":""}]}]}
COMMAND: POST /session/fa1966063a4db30dbf2f999955ebc217/execute/async - {"script":"<script> [1562 bytes]","args":[{"selector":{"id":"application-manageconditionprice-display-component---newCondition--condBaseQty","interaction":{"idSuffix":"inner"}},"wdio_ui5_key":"applicationmanageconditionprice-display-component---newCondition--condBaseQty"}]}
COMMAND: GET /session/fa1966063a4db30dbf2f999955ebc217/screenshot - {}
RESULT: {"script":"<script> [1562 bytes]","args":[{"selector":{"id":"application-manageconditionprice-display-component---newCondition--condBaseQty","interaction":{"idSuffix":"inner"}},"wdio_ui5_key":"applicationmanageconditionprice-display-component---newCondition--condBaseQty"}]}
RESULT: undefined
COMMAND: POST /session/fa1966063a4db30dbf2f999955ebc217/execute/async - {"script":"<script> [776 bytes]","args":[{"enterText":"1","selector":{"id":"application-manageconditionprice-display-component---newCondition--condBaseQty","interaction":{"idSuffix":"inner"}},"clearTextFirst":true,"interactionType":"ENTER_TEXT"}]}
RESULT: {}
RESULT: {"script":"<script> [776 bytes]","args":[{"enterText":"1","selector":{"id":"application-manageconditionprice-display-component---newCondition--condBaseQty","interaction":{"idSuffix":"inner"}},"clearTextFirst":true,"interactionType":"ENTER_TEXT"}]}
COMMAND: POST /session/fa1966063a4db30dbf2f999955ebc217/execute/async - {"script":"<script> [1562 bytes]","args":[{"selector":{"id":"application-manageconditionprice-display-component---newCondition--condValue","interaction":{"idSuffix":"inner"}},"wdio_ui5_key":"applicationmanageconditionprice-display-component---newCondition--condValue"}]}
RESULT: {"script":"<script> [1562 bytes]","args":[{"selector":{"id":"application-manageconditionprice-display-component---newCondition--condValue","interaction":{"idSuffix":"inner"}},"wdio_ui5_key":"applicationmanageconditionprice-display-component---newCondition--condValue"}]}
RESULT: undefined
COMMAND: POST /session/fa1966063a4db30dbf2f999955ebc217/execute/async - {"script":"<script> [776 bytes]","args":[{"enterText":"200","selector":{"id":"application-manageconditionprice-display-component---newCondition--condValue","interaction":{"idSuffix":"inner"}},"clearTextFirst":true,"interactionType":"ENTER_TEXT"}]}
RESULT: {"script":"<script> [776 bytes]","args":[{"enterText":"200","selector":{"id":"application-manageconditionprice-display-component---newCondition--condValue","interaction":{"idSuffix":"inner"}},"clearTextFirst":true,"interactionType":"ENTER_TEXT"}]}
COMMAND: POST /session/fa1966063a4db30dbf2f999955ebc217/execute/async - {"script":"<script> [1562 bytes]","args":[{"selector":{"id":"application-manageconditionprice-display-component---newCondition--condCurr-arrow"},"wdio_ui5_key":"applicationmanageconditionprice-display-component---newCondition--condCurr-arrow"}]}
RESULT: {"script":"<script> [1562 bytes]","args":[{"selector":{"id":"application-manageconditionprice-display-component---newCondition--condCurr-arrow"},"wdio_ui5_key":"applicationmanageconditionprice-display-component---newCondition--condCurr-arrow"}]}
RESULT: undefined
COMMAND: POST /session/fa1966063a4db30dbf2f999955ebc217/element - {"using":"xpath","value":"//*[@id=\"application-manageconditionprice-display-component---newCondition--condCurr-arrow\"]"}
RESULT: {"using":"xpath","value":"//*[@id=\"application-manageconditionprice-display-component---newCondition--condCurr-arrow\"]"}
COMMAND: POST /session/fa1966063a4db30dbf2f999955ebc217/element/f.8EF3D0D450A4EB0CE4D2D51640C2B842.d.5D1B056F58AF70208B775AE8C661FFDE.e.19802/click - {}
RESULT: {}
COMMAND: POST /session/fa1966063a4db30dbf2f999955ebc217/element - {"using":"xpath","value":"//span[contains(text(), \"Euro\")]"}
COMMAND: GET /session/fa1966063a4db30dbf2f999955ebc217/screenshot - {}
RESULT: {"using":"xpath","value":"//span[contains(text(), \"Euro\")]"}
COMMAND: POST /session/fa1966063a4db30dbf2f999955ebc217/element/f.8EF3D0D450A4EB0CE4D2D51640C2B842.d.5D1B056F58AF70208B775AE8C661FFDE.e.19878/click - {}
RESULT: {}
RESULT: {}
COMMAND: POST /session/fa1966063a4db30dbf2f999955ebc217/element - {"using":"xpath","value":"//button[@data-kt=\"saveButton\"]"}
COMMAND: GET /session/fa1966063a4db30dbf2f999955ebc217/screenshot - {}
RESULT: {"using":"xpath","value":"//button[@data-kt=\"saveButton\"]"}
COMMAND: POST /session/fa1966063a4db30dbf2f999955ebc217/element/f.8EF3D0D450A4EB0CE4D2D51640C2B842.d.5D1B056F58AF70208B775AE8C661FFDE.e.19803/click - {}
RESULT: {}
RESULT: {}
COMMAND: GET /session/fa1966063a4db30dbf2f999955ebc217/screenshot - {}
RESULT: {}
COMMAND: POST /session/fa1966063a4db30dbf2f999955ebc217/execute/async - {"script":"<script> [1562 bytes]","args":[{"selector":{"id":"application-manageconditionprice-display-component---conditions--smartFilterBar-btnBasicSearch","interaction":{"idSuffix":"I"}},"wdio_ui5_key":"applicationmanageconditionprice-display-component---conditions--smartFilterBar-btnBasicSearch"}]}
RESULT: {"script":"<script> [1562 bytes]","args":[{"selector":{"id":"application-manageconditionprice-display-component---conditions--smartFilterBar-btnBasicSearch","interaction":{"idSuffix":"I"}},"wdio_ui5_key":"applicationmanageconditionprice-display-component---conditions--smartFilterBar-btnBasicSearch"}]}
RESULT: undefined
COMMAND: POST /session/fa1966063a4db30dbf2f999955ebc217/execute/async - {"script":"<script> [776 bytes]","args":[{"enterText":"ZAyYdBDe19","selector":{"id":"application-manageconditionprice-display-component---conditions--smartFilterBar-btnBasicSearch","interaction":{"idSuffix":"I"}},"clearTextFirst":true,"interactionType":"ENTER_TEXT"}]}
RESULT: {"script":"<script> [776 bytes]","args":[{"enterText":"ZAyYdBDe19","selector":{"id":"application-manageconditionprice-display-component---conditions--smartFilterBar-btnBasicSearch","interaction":{"idSuffix":"I"}},"clearTextFirst":true,"interactionType":"ENTER_TEXT"}]}
COMMAND: POST /session/fa1966063a4db30dbf2f999955ebc217/actions - {"actions":[{"id":"action67","type":"key","parameters":{},"actions":[{"type":"keyDown","value":""},{"type":"pause","duration":10},{"type":"keyUp","value":""}]}]}
RESULT: {"actions":[{"id":"action67","type":"key","parameters":{},"actions":[{"type":"keyDown","value":""},{"type":"pause","duration":10},{"type":"keyUp","value":""}]}]}
COMMAND: GET /session/fa1966063a4db30dbf2f999955ebc217/screenshot - {}
RESULT: {}
COMMAND: POST /session/fa1966063a4db30dbf2f999955ebc217/execute/async - {"script":"<script> [1562 bytes]","args":[{"selector":{"id":"application-manageconditionprice-display-component---conditions--smartFilterBar-filterItemControl_BASIC-BILL_TYPES-vhi"},"wdio_ui5_key":"applicationmanageconditionprice-display-component---conditions--smartFilterBar-filterItemControl_BASIC-BILL_TYPES-vhi"}]}
RESULT: {"script":"<script> [1562 bytes]","args":[{"selector":{"id":"application-manageconditionprice-display-component---conditions--smartFilterBar-filterItemControl_BASIC-BILL_TYPES-vhi"},"wdio_ui5_key":"applicationmanageconditionprice-display-component---conditions--smartFilterBar-filterItemControl_BASIC-BILL_TYPES-vhi"}]}
RESULT: undefined
COMMAND: POST /session/fa1966063a4db30dbf2f999955ebc217/element - {"using":"xpath","value":"//*[@id=\"application-manageconditionprice-display-component---conditions--smartFilterBar-filterItemControl_BASIC-BILL_TYPES-vhi\"]"}
RESULT: {"using":"xpath","value":"//*[@id=\"application-manageconditionprice-display-component---conditions--smartFilterBar-filterItemControl_BASIC-BILL_TYPES-vhi\"]"}
COMMAND: POST /session/fa1966063a4db30dbf2f999955ebc217/element/f.8EF3D0D450A4EB0CE4D2D51640C2B842.d.5D1B056F58AF70208B775AE8C661FFDE.e.19984/click - {}
RESULT: {}
COMMAND: POST /session/fa1966063a4db30dbf2f999955ebc217/execute/async - {"script":"<script> [1562 bytes]","args":[{"selector":{"id":"application-manageconditionprice-display-component---conditions--smartFilterBar-filterItemControl_BASIC-BILL_TYPES-valueHelpDialog-smartFilterBar-btnBasicSearch","searchOpenDialogs":true,"interaction":{"idSuffix":"I"}},"wdio_ui5_key":"applicationmanageconditionprice-display-component---conditions--smartFilterBar-filterItemControl_BASIC-BILL_TYPES-valueHelpDialog-smartFilterBar-btnBasicSearch"}]}
COMMAND: GET /session/fa1966063a4db30dbf2f999955ebc217/screenshot - {}
RESULT: {"script":"<script> [1562 bytes]","args":[{"selector":{"id":"application-manageconditionprice-display-component---conditions--smartFilterBar-filterItemControl_BASIC-BILL_TYPES-valueHelpDialog-smartFilterBar-btnBasicSearch","searchOpenDialogs":true,"interaction":{"idSuffix":"I"}},"wdio_ui5_key":"applicationmanageconditionprice-display-component---conditions--smartFilterBar-filterItemControl_BASIC-BILL_TYPES-valueHelpDialog-smartFilterBar-btnBasicSearch"}]}
RESULT: undefined
COMMAND: POST /session/fa1966063a4db30dbf2f999955ebc217/execute/async - {"script":"<script> [776 bytes]","args":[{"enterText":"TB","selector":{"id":"application-manageconditionprice-display-component---conditions--smartFilterBar-filterItemControl_BASIC-BILL_TYPES-valueHelpDialog-smartFilterBar-btnBasicSearch","searchOpenDialogs":true,"interaction":{"idSuffix":"I"}},"clearTextFirst":true,"interactionType":"ENTER_TEXT"}]}
RESULT: {}
RESULT: {"script":"<script> [776 bytes]","args":[{"enterText":"TB","selector":{"id":"application-manageconditionprice-display-component---conditions--smartFilterBar-filterItemControl_BASIC-BILL_TYPES-valueHelpDialog-smartFilterBar-btnBasicSearch","searchOpenDialogs":true,"interaction":{"idSuffix":"I"}},"clearTextFirst":true,"interactionType":"ENTER_TEXT"}]}
COMMAND: POST /session/fa1966063a4db30dbf2f999955ebc217/actions - {"actions":[{"id":"action68","type":"key","parameters":{},"actions":[{"type":"keyDown","value":""},{"type":"pause","duration":10},{"type":"keyUp","value":""}]}]}
RESULT: {"actions":[{"id":"action68","type":"key","parameters":{},"actions":[{"type":"keyDown","value":""},{"type":"pause","duration":10},{"type":"keyUp","value":""}]}]}
COMMAND: GET /session/fa1966063a4db30dbf2f999955ebc217/screenshot - {}
RESULT: {}
COMMAND: POST /session/fa1966063a4db30dbf2f999955ebc217/element - {"using":"xpath","value":"//div[contains(@id, 'application-manageconditionprice-display-component---conditions--smartFilterBar-filterItemControl_BASIC-BILL_TYPES-valueHelpDialog-table-rowsel0')]"}
RESULT: {"using":"xpath","value":"//div[contains(@id, 'application-manageconditionprice-display-component---conditions--smartFilterBar-filterItemControl_BASIC-BILL_TYPES-valueHelpDialog-table-rowsel0')]"}
COMMAND: POST /session/fa1966063a4db30dbf2f999955ebc217/element/f.8EF3D0D450A4EB0CE4D2D51640C2B842.d.5D1B056F58AF70208B775AE8C661FFDE.e.19994/click - {}
RESULT: {}
COMMAND: GET /session/fa1966063a4db30dbf2f999955ebc217/screenshot - {}
RESULT: {}
COMMAND: POST /session/fa1966063a4db30dbf2f999955ebc217/element - {"using":"xpath","value":"//bdi[contains(text(), \"OK\")]"}
RESULT: {"using":"xpath","value":"//bdi[contains(text(), \"OK\")]"}
COMMAND: POST /session/fa1966063a4db30dbf2f999955ebc217/element/f.8EF3D0D450A4EB0CE4D2D51640C2B842.d.5D1B056F58AF70208B775AE8C661FFDE.e.19996/click - {}
RESULT: {}
COMMAND: GET /session/fa1966063a4db30dbf2f999955ebc217/screenshot - {}
RESULT: {}
COMMAND: POST /session/fa1966063a4db30dbf2f999955ebc217/element - {"using":"xpath","value":"//span[@id=\"application-manageconditionprice-display-component---conditions--smartTable-header-inner\"]"}
RESULT: {"using":"xpath","value":"//span[@id=\"application-manageconditionprice-display-component---conditions--smartTable-header-inner\"]"}
COMMAND: POST /session/fa1966063a4db30dbf2f999955ebc217/elements - {"using":"xpath","value":"//span[@id=\"application-manageconditionprice-display-component---conditions--smartTable-header-inner\"]"}
RESULT: {"using":"xpath","value":"//span[@id=\"application-manageconditionprice-display-component---conditions--smartTable-header-inner\"]"}
COMMAND: POST /session/fa1966063a4db30dbf2f999955ebc217/execute/sync - {"script":"<script> [56 bytes]","args":[{"element-6066-11e4-a52e-4f735466cecf":"f.8EF3D0D450A4EB0CE4D2D51640C2B842.d.5D1B056F58AF70208B775AE8C661FFDE.e.19999","ELEMENT":"f.8EF3D0D450A4EB0CE4D2D51640C2B842.d.5D1B056F58AF70208B775AE8C661FFDE.e.19999"}]}
RESULT: {"script":"<script> [56 bytes]","args":[{"element-6066-11e4-a52e-4f735466cecf":"f.8EF3D0D450A4EB0CE4D2D51640C2B842.d.5D1B056F58AF70208B775AE8C661FFDE.e.19999","ELEMENT":"f.8EF3D0D450A4EB0CE4D2D51640C2B842.d.5D1B056F58AF70208B775AE8C661FFDE.e.19999"}]}
COMMAND: POST /session/fa1966063a4db30dbf2f999955ebc217/element - {"using":"css selector","value":"#shell-header-logo"}
COMMAND: GET /session/fa1966063a4db30dbf2f999955ebc217/screenshot - {}
RESULT: {"using":"css selector","value":"#shell-header-logo"}
COMMAND: POST /session/fa1966063a4db30dbf2f999955ebc217/element/f.8EF3D0D450A4EB0CE4D2D51640C2B842.d.5D1B056F58AF70208B775AE8C661FFDE.e.19626/click - {}
RESULT: {}
RESULT: {}
COMMAND: GET /session/fa1966063a4db30dbf2f999955ebc217/screenshot - {}
RESULT: {}
]]></system-out>
    </testcase>
    <testcase classname="chrome.136_0_7103_93.windows.Create_Reverse_Billing_US127248" name="Should do a stock increase handover" time="104.926">
      <system-out><![CDATA[
COMMAND: POST /session/fa1966063a4db30dbf2f999955ebc217/execute/async - {"script":"<script> [1562 bytes]","args":[{"selector":{"controlType":"sap.m.GenericTile","properties":{"header":"Manage Handovers"}},"wdio_ui5_key":"sapm.GenericTile{\"header\":\"Manage Handovers\"}"}]}
RESULT: {"script":"<script> [1562 bytes]","args":[{"selector":{"controlType":"sap.m.GenericTile","properties":{"header":"Manage Handovers"}},"wdio_ui5_key":"sapm.GenericTile{\"header\":\"Manage Handovers\"}"}]}
RESULT: undefined
COMMAND: POST /session/fa1966063a4db30dbf2f999955ebc217/element - {"using":"xpath","value":"//*[@id=\"__tile132\"]"}
RESULT: {"using":"xpath","value":"//*[@id=\"__tile132\"]"}
COMMAND: POST /session/fa1966063a4db30dbf2f999955ebc217/element/f.8EF3D0D450A4EB0CE4D2D51640C2B842.d.5D1B056F58AF70208B775AE8C661FFDE.e.18713/click - {}
RESULT: {}
COMMAND: GET /session/fa1966063a4db30dbf2f999955ebc217/screenshot - {}
RESULT: {}
COMMAND: POST /session/fa1966063a4db30dbf2f999955ebc217/elements - {"using":"xpath","value":"//span[text()='Error']"}
RESULT: {"using":"xpath","value":"//span[text()='Error']"}
COMMAND: POST /session/fa1966063a4db30dbf2f999955ebc217/element - {"using":"xpath","value":"//button[@data-kt=\"masterHOAddButton\"]"}
RESULT: {"using":"xpath","value":"//button[@data-kt=\"masterHOAddButton\"]"}
COMMAND: POST /session/fa1966063a4db30dbf2f999955ebc217/elements - {"using":"xpath","value":"//button[@data-kt=\"masterHOAddButton\"]"}
RESULT: {"using":"xpath","value":"//button[@data-kt=\"masterHOAddButton\"]"}
COMMAND: POST /session/fa1966063a4db30dbf2f999955ebc217/execute/sync - {"script":"<script> [8489 bytes]","args":[{"element-6066-11e4-a52e-4f735466cecf":"f.8EF3D0D450A4EB0CE4D2D51640C2B842.d.5D1B056F58AF70208B775AE8C661FFDE.e.20033","ELEMENT":"f.8EF3D0D450A4EB0CE4D2D51640C2B842.d.5D1B056F58AF70208B775AE8C661FFDE.e.20033"}]}
RESULT: {"script":"<script> [8489 bytes]","args":[{"element-6066-11e4-a52e-4f735466cecf":"f.8EF3D0D450A4EB0CE4D2D51640C2B842.d.5D1B056F58AF70208B775AE8C661FFDE.e.20033","ELEMENT":"f.8EF3D0D450A4EB0CE4D2D51640C2B842.d.5D1B056F58AF70208B775AE8C661FFDE.e.20033"}]}
COMMAND: GET /session/fa1966063a4db30dbf2f999955ebc217/element/f.8EF3D0D450A4EB0CE4D2D51640C2B842.d.5D1B056F58AF70208B775AE8C661FFDE.e.20033/enabled - {}
COMMAND: GET /session/fa1966063a4db30dbf2f999955ebc217/screenshot - {}
RESULT: {}
COMMAND: POST /session/fa1966063a4db30dbf2f999955ebc217/execute/sync - {"script":"<script> [8489 bytes]","args":[{"element-6066-11e4-a52e-4f735466cecf":"f.8EF3D0D450A4EB0CE4D2D51640C2B842.d.5D1B056F58AF70208B775AE8C661FFDE.e.20033","ELEMENT":"f.8EF3D0D450A4EB0CE4D2D51640C2B842.d.5D1B056F58AF70208B775AE8C661FFDE.e.20033"}]}
COMMAND: GET /session/fa1966063a4db30dbf2f999955ebc217/screenshot - {}
RESULT: {}
RESULT: {"script":"<script> [8489 bytes]","args":[{"element-6066-11e4-a52e-4f735466cecf":"f.8EF3D0D450A4EB0CE4D2D51640C2B842.d.5D1B056F58AF70208B775AE8C661FFDE.e.20033","ELEMENT":"f.8EF3D0D450A4EB0CE4D2D51640C2B842.d.5D1B056F58AF70208B775AE8C661FFDE.e.20033"}]}
COMMAND: POST /session/fa1966063a4db30dbf2f999955ebc217/execute/sync - {"script":"<script> [5351 bytes]","args":[{"element-6066-11e4-a52e-4f735466cecf":"f.8EF3D0D450A4EB0CE4D2D51640C2B842.d.5D1B056F58AF70208B775AE8C661FFDE.e.20033","ELEMENT":"f.8EF3D0D450A4EB0CE4D2D51640C2B842.d.5D1B056F58AF70208B775AE8C661FFDE.e.20033"}]}
COMMAND: GET /session/fa1966063a4db30dbf2f999955ebc217/screenshot - {}
RESULT: {}
RESULT: {"script":"<script> [5351 bytes]","args":[{"element-6066-11e4-a52e-4f735466cecf":"f.8EF3D0D450A4EB0CE4D2D51640C2B842.d.5D1B056F58AF70208B775AE8C661FFDE.e.20033","ELEMENT":"f.8EF3D0D450A4EB0CE4D2D51640C2B842.d.5D1B056F58AF70208B775AE8C661FFDE.e.20033"}]}
COMMAND: POST /session/fa1966063a4db30dbf2f999955ebc217/element/f.8EF3D0D450A4EB0CE4D2D51640C2B842.d.5D1B056F58AF70208B775AE8C661FFDE.e.20033/click - {}
COMMAND: GET /session/fa1966063a4db30dbf2f999955ebc217/screenshot - {}
RESULT: {}
RESULT: {}
COMMAND: GET /session/fa1966063a4db30dbf2f999955ebc217/screenshot - {}
RESULT: {}
RESULT: {}
COMMAND: POST /session/fa1966063a4db30dbf2f999955ebc217/element - {"using":"xpath","value":"//span[contains(@id ,\"AddNewHO--typeSelect-arrow\")]"}
RESULT: {"using":"xpath","value":"//span[contains(@id ,\"AddNewHO--typeSelect-arrow\")]"}
COMMAND: POST /session/fa1966063a4db30dbf2f999955ebc217/element/f.8EF3D0D450A4EB0CE4D2D51640C2B842.d.5D1B056F58AF70208B775AE8C661FFDE.e.20381/click - {}
RESULT: {}
COMMAND: GET /session/fa1966063a4db30dbf2f999955ebc217/screenshot - {}
RESULT: {}
COMMAND: POST /session/fa1966063a4db30dbf2f999955ebc217/element - {"using":"xpath","value":"(//li[contains(text(), \"stock increase yard\")])[1]"}
RESULT: {"using":"xpath","value":"(//li[contains(text(), \"stock increase yard\")])[1]"}
COMMAND: POST /session/fa1966063a4db30dbf2f999955ebc217/element/f.8EF3D0D450A4EB0CE4D2D51640C2B842.d.5D1B056F58AF70208B775AE8C661FFDE.e.20382/click - {}
RESULT: {}
COMMAND: GET /session/fa1966063a4db30dbf2f999955ebc217/screenshot - {}
RESULT: {}
COMMAND: POST /session/fa1966063a4db30dbf2f999955ebc217/execute/async - {"script":"<script> [1562 bytes]","args":[{"selector":{"id":"application-managehandovers-display-component---AddNewHO--dueDate","interaction":{"idSuffix":"inner"}},"wdio_ui5_key":"applicationmanagehandovers-display-component---AddNewHO--dueDate"}]}
RESULT: {"script":"<script> [1562 bytes]","args":[{"selector":{"id":"application-managehandovers-display-component---AddNewHO--dueDate","interaction":{"idSuffix":"inner"}},"wdio_ui5_key":"applicationmanagehandovers-display-component---AddNewHO--dueDate"}]}
RESULT: undefined
COMMAND: POST /session/fa1966063a4db30dbf2f999955ebc217/execute/async - {"script":"<script> [6424 bytes]","args":[{"element-6066-11e4-a52e-4f735466cecf":"f.8EF3D0D450A4EB0CE4D2D51640C2B842.d.5D1B056F58AF70208B775AE8C661FFDE.e.20386"},"setValue",["5/24/25"]]}
RESULT: {"script":"<script> [6424 bytes]","args":[{"element-6066-11e4-a52e-4f735466cecf":"f.8EF3D0D450A4EB0CE4D2D51640C2B842.d.5D1B056F58AF70208B775AE8C661FFDE.e.20386"},"setValue",["5/24/25"]]}
COMMAND: POST /session/fa1966063a4db30dbf2f999955ebc217/element - {"using":"xpath","value":"//input[@id=\"generalSectionFrg--receiveYard-inner\"]"}
RESULT: {"using":"xpath","value":"//input[@id=\"generalSectionFrg--receiveYard-inner\"]"}
COMMAND: POST /session/fa1966063a4db30dbf2f999955ebc217/element/f.8EF3D0D450A4EB0CE4D2D51640C2B842.d.5D1B056F58AF70208B775AE8C661FFDE.e.20392/clear - {}
RESULT: {}
COMMAND: POST /session/fa1966063a4db30dbf2f999955ebc217/element/f.8EF3D0D450A4EB0CE4D2D51640C2B842.d.5D1B056F58AF70208B775AE8C661FFDE.e.20392/value - {"text":"258"}
COMMAND: GET /session/fa1966063a4db30dbf2f999955ebc217/screenshot - {}
RESULT: {"text":"258"}
COMMAND: GET /session/fa1966063a4db30dbf2f999955ebc217/screenshot - {}
RESULT: {}
RESULT: {}
COMMAND: POST /session/fa1966063a4db30dbf2f999955ebc217/element - {"using":"xpath","value":"//li[.//span[text()='258']]"}
RESULT: {"using":"xpath","value":"//li[.//span[text()='258']]"}
COMMAND: POST /session/fa1966063a4db30dbf2f999955ebc217/element/f.8EF3D0D450A4EB0CE4D2D51640C2B842.d.5D1B056F58AF70208B775AE8C661FFDE.e.20408/click - {}
RESULT: {}
COMMAND: GET /session/fa1966063a4db30dbf2f999955ebc217/screenshot - {}
RESULT: {}
COMMAND: POST /session/fa1966063a4db30dbf2f999955ebc217/execute/async - {"script":"<script> [1562 bytes]","args":[{"selector":{"id":"application-managehandovers-display-component---AddNewHO--ObjectPageLayout-anchBar-application-managehandovers-display-component---AddNewHO--section4-anchor","interaction":{"idSuffix":"BDI-content"}},"wdio_ui5_key":"applicationmanagehandovers-display-component---AddNewHO--ObjectPageLayout-anchBar-application-managehandovers-display-component---AddNewHO--section4-anchor"}]}
RESULT: {"script":"<script> [1562 bytes]","args":[{"selector":{"id":"application-managehandovers-display-component---AddNewHO--ObjectPageLayout-anchBar-application-managehandovers-display-component---AddNewHO--section4-anchor","interaction":{"idSuffix":"BDI-content"}},"wdio_ui5_key":"applicationmanagehandovers-display-component---AddNewHO--ObjectPageLayout-anchBar-application-managehandovers-display-component---AddNewHO--section4-anchor"}]}
RESULT: undefined
COMMAND: POST /session/fa1966063a4db30dbf2f999955ebc217/element - {"using":"xpath","value":"//*[@id=\"application-managehandovers-display-component---AddNewHO--ObjectPageLayout-anchBar-application-managehandovers-display-component---AddNewHO--section4-anchor\"]"}
RESULT: {"using":"xpath","value":"//*[@id=\"application-managehandovers-display-component---AddNewHO--ObjectPageLayout-anchBar-application-managehandovers-display-component---AddNewHO--section4-anchor\"]"}
COMMAND: POST /session/fa1966063a4db30dbf2f999955ebc217/element/f.8EF3D0D450A4EB0CE4D2D51640C2B842.d.5D1B056F58AF70208B775AE8C661FFDE.e.20410/click - {}
RESULT: {}
COMMAND: POST /session/fa1966063a4db30dbf2f999955ebc217/element - {"using":"xpath","value":"//button[@aria-label=\"Add\"]"}
COMMAND: GET /session/fa1966063a4db30dbf2f999955ebc217/screenshot - {}
RESULT: {"using":"xpath","value":"//button[@aria-label=\"Add\"]"}
COMMAND: POST /session/fa1966063a4db30dbf2f999955ebc217/element/f.8EF3D0D450A4EB0CE4D2D51640C2B842.d.5D1B056F58AF70208B775AE8C661FFDE.e.20414/click - {}
RESULT: {}
RESULT: {}
COMMAND: GET /session/fa1966063a4db30dbf2f999955ebc217/screenshot - {}
RESULT: {}
COMMAND: POST /session/fa1966063a4db30dbf2f999955ebc217/execute/async - {"script":"<script> [1562 bytes]","args":[{"selector":{"id":"application-managehandovers-display-component---AddNewHO--smartFilterBar-btnBasicSearch","searchOpenDialogs":true,"interaction":{"idSuffix":"I"}},"wdio_ui5_key":"applicationmanagehandovers-display-component---AddNewHO--smartFilterBar-btnBasicSearch"}]}
RESULT: {"script":"<script> [1562 bytes]","args":[{"selector":{"id":"application-managehandovers-display-component---AddNewHO--smartFilterBar-btnBasicSearch","searchOpenDialogs":true,"interaction":{"idSuffix":"I"}},"wdio_ui5_key":"applicationmanagehandovers-display-component---AddNewHO--smartFilterBar-btnBasicSearch"}]}
RESULT: undefined
COMMAND: POST /session/fa1966063a4db30dbf2f999955ebc217/execute/async - {"script":"<script> [776 bytes]","args":[{"enterText":"ZAyYdBDe19","selector":{"id":"application-managehandovers-display-component---AddNewHO--smartFilterBar-btnBasicSearch","searchOpenDialogs":true,"interaction":{"idSuffix":"I"}},"clearTextFirst":true,"interactionType":"ENTER_TEXT"}]}
RESULT: {"script":"<script> [776 bytes]","args":[{"enterText":"ZAyYdBDe19","selector":{"id":"application-managehandovers-display-component---AddNewHO--smartFilterBar-btnBasicSearch","searchOpenDialogs":true,"interaction":{"idSuffix":"I"}},"clearTextFirst":true,"interactionType":"ENTER_TEXT"}]}
COMMAND: POST /session/fa1966063a4db30dbf2f999955ebc217/actions - {"actions":[{"id":"action69","type":"key","parameters":{},"actions":[{"type":"keyDown","value":""},{"type":"pause","duration":10},{"type":"keyUp","value":""}]}]}
RESULT: {"actions":[{"id":"action69","type":"key","parameters":{},"actions":[{"type":"keyDown","value":""},{"type":"pause","duration":10},{"type":"keyUp","value":""}]}]}
COMMAND: GET /session/fa1966063a4db30dbf2f999955ebc217/screenshot - {}
RESULT: {}
COMMAND: POST /session/fa1966063a4db30dbf2f999955ebc217/execute/async - {"script":"<script> [1562 bytes]","args":[{"selector":{"id":"application-managehandovers-display-component---AddNewHO--popup-sa","searchOpenDialogs":true,"interaction":{"idSuffix":"CbBg"}},"wdio_ui5_key":"applicationmanagehandovers-display-component---AddNewHO--popup-sa"}]}
RESULT: {"script":"<script> [1562 bytes]","args":[{"selector":{"id":"application-managehandovers-display-component---AddNewHO--popup-sa","searchOpenDialogs":true,"interaction":{"idSuffix":"CbBg"}},"wdio_ui5_key":"applicationmanagehandovers-display-component---AddNewHO--popup-sa"}]}
RESULT: undefined
COMMAND: POST /session/fa1966063a4db30dbf2f999955ebc217/element - {"using":"xpath","value":"//*[@id=\"application-managehandovers-display-component---AddNewHO--popup-sa\"]"}
RESULT: {"using":"xpath","value":"//*[@id=\"application-managehandovers-display-component---AddNewHO--popup-sa\"]"}
COMMAND: POST /session/fa1966063a4db30dbf2f999955ebc217/element/f.8EF3D0D450A4EB0CE4D2D51640C2B842.d.5D1B056F58AF70208B775AE8C661FFDE.e.20567/click - {}
RESULT: {}
COMMAND: GET /session/fa1966063a4db30dbf2f999955ebc217/screenshot - {}
RESULT: {}
COMMAND: POST /session/fa1966063a4db30dbf2f999955ebc217/element - {"using":"xpath","value":"//bdi[contains(text(), \"Select\")]"}
RESULT: {"using":"xpath","value":"//bdi[contains(text(), \"Select\")]"}
COMMAND: POST /session/fa1966063a4db30dbf2f999955ebc217/element/f.8EF3D0D450A4EB0CE4D2D51640C2B842.d.5D1B056F58AF70208B775AE8C661FFDE.e.20568/click - {}
RESULT: {}
COMMAND: GET /session/fa1966063a4db30dbf2f999955ebc217/screenshot - {}
RESULT: {}
COMMAND: POST /session/fa1966063a4db30dbf2f999955ebc217/element - {"using":"xpath","value":"//button[@data-kt=\"AddNewHOSaveButton\"]"}
RESULT: {"using":"xpath","value":"//button[@data-kt=\"AddNewHOSaveButton\"]"}
COMMAND: POST /session/fa1966063a4db30dbf2f999955ebc217/element/f.8EF3D0D450A4EB0CE4D2D51640C2B842.d.5D1B056F58AF70208B775AE8C661FFDE.e.20572/click - {}
RESULT: {}
COMMAND: GET /session/fa1966063a4db30dbf2f999955ebc217/screenshot - {}
RESULT: {}
COMMAND: POST /session/fa1966063a4db30dbf2f999955ebc217/execute/async - {"script":"<script> [1562 bytes]","args":[{"selector":{"id":"receiptDatePicker","viewName":"etm.portal.ui.managehandovers.view.DetailExecuteHO","interaction":{"idSuffix":"inner"}},"wdio_ui5_key":"receiptDatePickeretmportal.ui.managehandovers.view.DetailExecuteHO"}]}
RESULT: {"script":"<script> [1562 bytes]","args":[{"selector":{"id":"receiptDatePicker","viewName":"etm.portal.ui.managehandovers.view.DetailExecuteHO","interaction":{"idSuffix":"inner"}},"wdio_ui5_key":"receiptDatePickeretmportal.ui.managehandovers.view.DetailExecuteHO"}]}
RESULT: undefined
COMMAND: POST /session/fa1966063a4db30dbf2f999955ebc217/execute/async - {"script":"<script> [6424 bytes]","args":[{"element-6066-11e4-a52e-4f735466cecf":"f.8EF3D0D450A4EB0CE4D2D51640C2B842.d.5D1B056F58AF70208B775AE8C661FFDE.e.20603"},"setValue",["5/24/25"]]}
RESULT: {"script":"<script> [6424 bytes]","args":[{"element-6066-11e4-a52e-4f735466cecf":"f.8EF3D0D450A4EB0CE4D2D51640C2B842.d.5D1B056F58AF70208B775AE8C661FFDE.e.20603"},"setValue",["5/24/25"]]}
COMMAND: POST /session/fa1966063a4db30dbf2f999955ebc217/element - {"using":"xpath","value":"//button[@data-kt=\"ReceivingTableConfirmAllButton\"]"}
RESULT: {"using":"xpath","value":"//button[@data-kt=\"ReceivingTableConfirmAllButton\"]"}
COMMAND: POST /session/fa1966063a4db30dbf2f999955ebc217/element/f.8EF3D0D450A4EB0CE4D2D51640C2B842.d.5D1B056F58AF70208B775AE8C661FFDE.e.20618/click - {}
RESULT: {}
COMMAND: GET /session/fa1966063a4db30dbf2f999955ebc217/screenshot - {}
RESULT: {}
COMMAND: POST /session/fa1966063a4db30dbf2f999955ebc217/element - {"using":"xpath","value":"//bdi[contains(text(), \"OK\")]"}
RESULT: {"using":"xpath","value":"//bdi[contains(text(), \"OK\")]"}
COMMAND: POST /session/fa1966063a4db30dbf2f999955ebc217/element/f.8EF3D0D450A4EB0CE4D2D51640C2B842.d.5D1B056F58AF70208B775AE8C661FFDE.e.20620/click - {}
RESULT: {}
COMMAND: GET /session/fa1966063a4db30dbf2f999955ebc217/screenshot - {}
RESULT: {}
COMMAND: POST /session/fa1966063a4db30dbf2f999955ebc217/element - {"using":"xpath","value":"(//bdi[contains(text(), \"Receive\")])[2]"}
RESULT: {"using":"xpath","value":"(//bdi[contains(text(), \"Receive\")])[2]"}
COMMAND: POST /session/fa1966063a4db30dbf2f999955ebc217/element/f.8EF3D0D450A4EB0CE4D2D51640C2B842.d.5D1B056F58AF70208B775AE8C661FFDE.e.20622/click - {}
RESULT: {}
COMMAND: GET /session/fa1966063a4db30dbf2f999955ebc217/screenshot - {}
RESULT: {}
COMMAND: POST /session/fa1966063a4db30dbf2f999955ebc217/element - {"using":"css selector","value":"#shell-header-logo"}
RESULT: {"using":"css selector","value":"#shell-header-logo"}
COMMAND: POST /session/fa1966063a4db30dbf2f999955ebc217/element/f.8EF3D0D450A4EB0CE4D2D51640C2B842.d.5D1B056F58AF70208B775AE8C661FFDE.e.20005/click - {}
RESULT: {}
COMMAND: GET /session/fa1966063a4db30dbf2f999955ebc217/screenshot - {}
RESULT: {}
]]></system-out>
    </testcase>
    <testcase classname="chrome.136_0_7103_93.windows.Create_Reverse_Billing_US127248" name="Should create a new contract" time="61.952">
      <system-out><![CDATA[
COMMAND: POST /session/fa1966063a4db30dbf2f999955ebc217/execute/async - {"script":"<script> [1562 bytes]","args":[{"selector":{"controlType":"sap.m.GenericTile","properties":{"header":"Manage Contracts"}},"wdio_ui5_key":"sapm.GenericTile{\"header\":\"Manage Contracts\"}"}]}
RESULT: {"script":"<script> [1562 bytes]","args":[{"selector":{"controlType":"sap.m.GenericTile","properties":{"header":"Manage Contracts"}},"wdio_ui5_key":"sapm.GenericTile{\"header\":\"Manage Contracts\"}"}]}
RESULT: undefined
COMMAND: POST /session/fa1966063a4db30dbf2f999955ebc217/element - {"using":"xpath","value":"//*[@id=\"__tile130\"]"}
RESULT: {"using":"xpath","value":"//*[@id=\"__tile130\"]"}
COMMAND: POST /session/fa1966063a4db30dbf2f999955ebc217/element/f.8EF3D0D450A4EB0CE4D2D51640C2B842.d.5D1B056F58AF70208B775AE8C661FFDE.e.18653/click - {}
RESULT: {}
COMMAND: GET /session/fa1966063a4db30dbf2f999955ebc217/screenshot - {}
RESULT: {}
COMMAND: POST /session/fa1966063a4db30dbf2f999955ebc217/elements - {"using":"xpath","value":"//span[text()='Error']"}
RESULT: {"using":"xpath","value":"//span[text()='Error']"}
COMMAND: POST /session/fa1966063a4db30dbf2f999955ebc217/element - {"using":"xpath","value":"//button[@data-kt=\"addButton\"]"}
RESULT: {"using":"xpath","value":"//button[@data-kt=\"addButton\"]"}
COMMAND: POST /session/fa1966063a4db30dbf2f999955ebc217/elements - {"using":"xpath","value":"//button[@data-kt=\"addButton\"]"}
RESULT: {"using":"xpath","value":"//button[@data-kt=\"addButton\"]"}
COMMAND: POST /session/fa1966063a4db30dbf2f999955ebc217/execute/sync - {"script":"<script> [8489 bytes]","args":[{"element-6066-11e4-a52e-4f735466cecf":"f.8EF3D0D450A4EB0CE4D2D51640C2B842.d.5D1B056F58AF70208B775AE8C661FFDE.e.20842","ELEMENT":"f.8EF3D0D450A4EB0CE4D2D51640C2B842.d.5D1B056F58AF70208B775AE8C661FFDE.e.20842"}]}
RESULT: {"script":"<script> [8489 bytes]","args":[{"element-6066-11e4-a52e-4f735466cecf":"f.8EF3D0D450A4EB0CE4D2D51640C2B842.d.5D1B056F58AF70208B775AE8C661FFDE.e.20842","ELEMENT":"f.8EF3D0D450A4EB0CE4D2D51640C2B842.d.5D1B056F58AF70208B775AE8C661FFDE.e.20842"}]}
COMMAND: GET /session/fa1966063a4db30dbf2f999955ebc217/element/f.8EF3D0D450A4EB0CE4D2D51640C2B842.d.5D1B056F58AF70208B775AE8C661FFDE.e.20842/enabled - {}
COMMAND: GET /session/fa1966063a4db30dbf2f999955ebc217/screenshot - {}
RESULT: {}
COMMAND: POST /session/fa1966063a4db30dbf2f999955ebc217/execute/sync - {"script":"<script> [8489 bytes]","args":[{"element-6066-11e4-a52e-4f735466cecf":"f.8EF3D0D450A4EB0CE4D2D51640C2B842.d.5D1B056F58AF70208B775AE8C661FFDE.e.20842","ELEMENT":"f.8EF3D0D450A4EB0CE4D2D51640C2B842.d.5D1B056F58AF70208B775AE8C661FFDE.e.20842"}]}
COMMAND: GET /session/fa1966063a4db30dbf2f999955ebc217/screenshot - {}
RESULT: {}
RESULT: {"script":"<script> [8489 bytes]","args":[{"element-6066-11e4-a52e-4f735466cecf":"f.8EF3D0D450A4EB0CE4D2D51640C2B842.d.5D1B056F58AF70208B775AE8C661FFDE.e.20842","ELEMENT":"f.8EF3D0D450A4EB0CE4D2D51640C2B842.d.5D1B056F58AF70208B775AE8C661FFDE.e.20842"}]}
COMMAND: POST /session/fa1966063a4db30dbf2f999955ebc217/execute/sync - {"script":"<script> [5351 bytes]","args":[{"element-6066-11e4-a52e-4f735466cecf":"f.8EF3D0D450A4EB0CE4D2D51640C2B842.d.5D1B056F58AF70208B775AE8C661FFDE.e.20842","ELEMENT":"f.8EF3D0D450A4EB0CE4D2D51640C2B842.d.5D1B056F58AF70208B775AE8C661FFDE.e.20842"}]}
COMMAND: GET /session/fa1966063a4db30dbf2f999955ebc217/screenshot - {}
RESULT: {}
RESULT: {"script":"<script> [5351 bytes]","args":[{"element-6066-11e4-a52e-4f735466cecf":"f.8EF3D0D450A4EB0CE4D2D51640C2B842.d.5D1B056F58AF70208B775AE8C661FFDE.e.20842","ELEMENT":"f.8EF3D0D450A4EB0CE4D2D51640C2B842.d.5D1B056F58AF70208B775AE8C661FFDE.e.20842"}]}
COMMAND: GET /session/fa1966063a4db30dbf2f999955ebc217/screenshot - {}
RESULT: {}
RESULT: {}
COMMAND: POST /session/fa1966063a4db30dbf2f999955ebc217/element/f.8EF3D0D450A4EB0CE4D2D51640C2B842.d.5D1B056F58AF70208B775AE8C661FFDE.e.20842/click - {}
RESULT: {}
COMMAND: GET /session/fa1966063a4db30dbf2f999955ebc217/screenshot - {}
COMMAND: POST /session/fa1966063a4db30dbf2f999955ebc217/execute/async - {"script":"<script> [1562 bytes]","args":[{"selector":{"id":"application-managecontracts-display-component---AddNewContract--projectDescription","interaction":{"idSuffix":"inner"}},"wdio_ui5_key":"applicationmanagecontracts-display-component---AddNewContract--projectDescription"}]}
RESULT: {}
RESULT: {"script":"<script> [1562 bytes]","args":[{"selector":{"id":"application-managecontracts-display-component---AddNewContract--projectDescription","interaction":{"idSuffix":"inner"}},"wdio_ui5_key":"applicationmanagecontracts-display-component---AddNewContract--projectDescription"}]}
RESULT: undefined
COMMAND: POST /session/fa1966063a4db30dbf2f999955ebc217/execute/async - {"script":"<script> [776 bytes]","args":[{"enterText":"Contract WDIO","selector":{"id":"application-managecontracts-display-component---AddNewContract--projectDescription","interaction":{"idSuffix":"inner"}},"clearTextFirst":true,"interactionType":"ENTER_TEXT"}]}
RESULT: {"script":"<script> [776 bytes]","args":[{"enterText":"Contract WDIO","selector":{"id":"application-managecontracts-display-component---AddNewContract--projectDescription","interaction":{"idSuffix":"inner"}},"clearTextFirst":true,"interactionType":"ENTER_TEXT"}]}
COMMAND: POST /session/fa1966063a4db30dbf2f999955ebc217/element - {"using":"xpath","value":"//input[@id=\"application-managecontracts-display-component---AddNewContract--site-inner\"]"}
RESULT: {"using":"xpath","value":"//input[@id=\"application-managecontracts-display-component---AddNewContract--site-inner\"]"}
COMMAND: POST /session/fa1966063a4db30dbf2f999955ebc217/element/f.8EF3D0D450A4EB0CE4D2D51640C2B842.d.5D1B056F58AF70208B775AE8C661FFDE.e.21160/clear - {}
RESULT: {}
COMMAND: POST /session/fa1966063a4db30dbf2f999955ebc217/element/f.8EF3D0D450A4EB0CE4D2D51640C2B842.d.5D1B056F58AF70208B775AE8C661FFDE.e.21160/value - {"text":"2102"}
COMMAND: GET /session/fa1966063a4db30dbf2f999955ebc217/screenshot - {}
RESULT: {"text":"2102"}
COMMAND: GET /session/fa1966063a4db30dbf2f999955ebc217/screenshot - {}
RESULT: {}
RESULT: {}
COMMAND: POST /session/fa1966063a4db30dbf2f999955ebc217/element - {"using":"xpath","value":"//li[.//span[text()='2102']]"}
RESULT: {"using":"xpath","value":"//li[.//span[text()='2102']]"}
COMMAND: POST /session/fa1966063a4db30dbf2f999955ebc217/element/f.8EF3D0D450A4EB0CE4D2D51640C2B842.d.5D1B056F58AF70208B775AE8C661FFDE.e.21242/click - {}
RESULT: {}
COMMAND: GET /session/fa1966063a4db30dbf2f999955ebc217/screenshot - {}
RESULT: {}
COMMAND: POST /session/fa1966063a4db30dbf2f999955ebc217/element - {"using":"xpath","value":"//input[@id=\"application-managecontracts-display-component---AddNewContract--yardId-inner\"]"}
RESULT: {"using":"xpath","value":"//input[@id=\"application-managecontracts-display-component---AddNewContract--yardId-inner\"]"}
COMMAND: GET /session/fa1966063a4db30dbf2f999955ebc217/element/f.8EF3D0D450A4EB0CE4D2D51640C2B842.d.5D1B056F58AF70208B775AE8C661FFDE.e.21161/property/value - {}
RESULT: {}
COMMAND: POST /session/fa1966063a4db30dbf2f999955ebc217/element - {"using":"xpath","value":"//input[@id=\"application-managecontracts-display-component---AddNewContract--customerSelect-inner\"]"}
COMMAND: GET /session/fa1966063a4db30dbf2f999955ebc217/screenshot - {}
RESULT: {"using":"xpath","value":"//input[@id=\"application-managecontracts-display-component---AddNewContract--customerSelect-inner\"]"}
COMMAND: POST /session/fa1966063a4db30dbf2f999955ebc217/element/f.8EF3D0D450A4EB0CE4D2D51640C2B842.d.5D1B056F58AF70208B775AE8C661FFDE.e.21159/clear - {}
RESULT: {}
RESULT: {}
COMMAND: POST /session/fa1966063a4db30dbf2f999955ebc217/element/f.8EF3D0D450A4EB0CE4D2D51640C2B842.d.5D1B056F58AF70208B775AE8C661FFDE.e.21159/value - {"text":"1108"}
COMMAND: GET /session/fa1966063a4db30dbf2f999955ebc217/screenshot - {}
RESULT: {"text":"1108"}
COMMAND: GET /session/fa1966063a4db30dbf2f999955ebc217/screenshot - {}
RESULT: {}
RESULT: {}
COMMAND: POST /session/fa1966063a4db30dbf2f999955ebc217/element - {"using":"xpath","value":"//li[.//span[text()='1108']]"}
RESULT: {"using":"xpath","value":"//li[.//span[text()='1108']]"}
COMMAND: POST /session/fa1966063a4db30dbf2f999955ebc217/element/f.8EF3D0D450A4EB0CE4D2D51640C2B842.d.5D1B056F58AF70208B775AE8C661FFDE.e.21245/click - {}
RESULT: {}
COMMAND: GET /session/fa1966063a4db30dbf2f999955ebc217/screenshot - {}
RESULT: {}
COMMAND: POST /session/fa1966063a4db30dbf2f999955ebc217/element - {"using":"xpath","value":"//button[@data-kt=\"saveButton\"]"}
RESULT: {"using":"xpath","value":"//button[@data-kt=\"saveButton\"]"}
COMMAND: POST /session/fa1966063a4db30dbf2f999955ebc217/element/f.8EF3D0D450A4EB0CE4D2D51640C2B842.d.5D1B056F58AF70208B775AE8C661FFDE.e.21234/click - {}
RESULT: {}
COMMAND: GET /session/fa1966063a4db30dbf2f999955ebc217/screenshot - {}
RESULT: {}
COMMAND: POST /session/fa1966063a4db30dbf2f999955ebc217/element - {"using":"xpath","value":"//span[contains(@id ,\"contractDetailTitleNoExpanded\")]"}
RESULT: {"using":"xpath","value":"//span[contains(@id ,\"contractDetailTitleNoExpanded\")]"}
COMMAND: POST /session/fa1966063a4db30dbf2f999955ebc217/elements - {"using":"xpath","value":"//span[contains(@id ,\"contractDetailTitleNoExpanded\")]"}
RESULT: {"using":"xpath","value":"//span[contains(@id ,\"contractDetailTitleNoExpanded\")]"}
COMMAND: POST /session/fa1966063a4db30dbf2f999955ebc217/execute/sync - {"script":"<script> [56 bytes]","args":[{"element-6066-11e4-a52e-4f735466cecf":"f.8EF3D0D450A4EB0CE4D2D51640C2B842.d.5D1B056F58AF70208B775AE8C661FFDE.e.21318","ELEMENT":"f.8EF3D0D450A4EB0CE4D2D51640C2B842.d.5D1B056F58AF70208B775AE8C661FFDE.e.21318"}]}
RESULT: {"script":"<script> [56 bytes]","args":[{"element-6066-11e4-a52e-4f735466cecf":"f.8EF3D0D450A4EB0CE4D2D51640C2B842.d.5D1B056F58AF70208B775AE8C661FFDE.e.21318","ELEMENT":"f.8EF3D0D450A4EB0CE4D2D51640C2B842.d.5D1B056F58AF70208B775AE8C661FFDE.e.21318"}]}
COMMAND: GET /session/fa1966063a4db30dbf2f999955ebc217/screenshot - {}
RESULT: {}
]]></system-out>
    </testcase>
    <testcase classname="chrome.136_0_7103_93.windows.Create_Reverse_Billing_US127248" name="Should add equipment to the contract" time="50.319">
      <system-out><![CDATA[
COMMAND: POST /session/fa1966063a4db30dbf2f999955ebc217/element - {"using":"xpath","value":"//button[@data-kt=\"contractDetailEditBtnButton\"]"}
RESULT: {"using":"xpath","value":"//button[@data-kt=\"contractDetailEditBtnButton\"]"}
COMMAND: POST /session/fa1966063a4db30dbf2f999955ebc217/element/f.8EF3D0D450A4EB0CE4D2D51640C2B842.d.5D1B056F58AF70208B775AE8C661FFDE.e.21319/click - {}
RESULT: {}
COMMAND: GET /session/fa1966063a4db30dbf2f999955ebc217/screenshot - {}
RESULT: {}
COMMAND: POST /session/fa1966063a4db30dbf2f999955ebc217/element - {"using":"xpath","value":"(//span[contains(text(), \"Additional Addresses\")])[2]"}
RESULT: {"using":"xpath","value":"(//span[contains(text(), \"Additional Addresses\")])[2]"}
COMMAND: POST /session/fa1966063a4db30dbf2f999955ebc217/element/f.8EF3D0D450A4EB0CE4D2D51640C2B842.d.5D1B056F58AF70208B775AE8C661FFDE.e.21377/click - {}
RESULT: {}
COMMAND: GET /session/fa1966063a4db30dbf2f999955ebc217/screenshot - {}
RESULT: {}
COMMAND: POST /session/fa1966063a4db30dbf2f999955ebc217/element - {"using":"xpath","value":"//button[@data-kt=\"btnAddTableRowOverflowToolbarButton\"]"}
RESULT: {"using":"xpath","value":"//button[@data-kt=\"btnAddTableRowOverflowToolbarButton\"]"}
COMMAND: POST /session/fa1966063a4db30dbf2f999955ebc217/element/f.8EF3D0D450A4EB0CE4D2D51640C2B842.d.5D1B056F58AF70208B775AE8C661FFDE.e.21379/click - {}
RESULT: {}
COMMAND: GET /session/fa1966063a4db30dbf2f999955ebc217/screenshot - {}
RESULT: {}
COMMAND: POST /session/fa1966063a4db30dbf2f999955ebc217/element - {"using":"xpath","value":"//div[(text() = 'Standard Entry' or . = 'Standard Entry')]"}
RESULT: {"using":"xpath","value":"//div[(text() = 'Standard Entry' or . = 'Standard Entry')]"}
COMMAND: POST /session/fa1966063a4db30dbf2f999955ebc217/element/f.8EF3D0D450A4EB0CE4D2D51640C2B842.d.5D1B056F58AF70208B775AE8C661FFDE.e.21381/click - {}
RESULT: {}
COMMAND: GET /session/fa1966063a4db30dbf2f999955ebc217/screenshot - {}
RESULT: {}
COMMAND: POST /session/fa1966063a4db30dbf2f999955ebc217/element - {"using":"xpath","value":"//td[7]/div/div/input"}
RESULT: {"using":"xpath","value":"//td[7]/div/div/input"}
COMMAND: POST /session/fa1966063a4db30dbf2f999955ebc217/element/f.8EF3D0D450A4EB0CE4D2D51640C2B842.d.5D1B056F58AF70208B775AE8C661FFDE.e.21390/clear - {}
RESULT: {}
COMMAND: POST /session/fa1966063a4db30dbf2f999955ebc217/element/f.8EF3D0D450A4EB0CE4D2D51640C2B842.d.5D1B056F58AF70208B775AE8C661FFDE.e.21390/value - {"text":"ZAyYdBDe19"}
COMMAND: GET /session/fa1966063a4db30dbf2f999955ebc217/screenshot - {}
RESULT: {"text":"ZAyYdBDe19"}
COMMAND: GET /session/fa1966063a4db30dbf2f999955ebc217/screenshot - {}
RESULT: {}
RESULT: {}
COMMAND: POST /session/fa1966063a4db30dbf2f999955ebc217/actions - {"actions":[{"id":"action70","type":"key","parameters":{},"actions":[{"type":"keyDown","value":""},{"type":"pause","duration":10},{"type":"keyUp","value":""}]}]}
RESULT: {"actions":[{"id":"action70","type":"key","parameters":{},"actions":[{"type":"keyDown","value":""},{"type":"pause","duration":10},{"type":"keyUp","value":""}]}]}
COMMAND: GET /session/fa1966063a4db30dbf2f999955ebc217/screenshot - {}
RESULT: {}
COMMAND: POST /session/fa1966063a4db30dbf2f999955ebc217/execute/sync - {"script":"<script> [276 bytes]","args":["No pricing information was found"]}
RESULT: {"script":"<script> [276 bytes]","args":["No pricing information was found"]}
COMMAND: POST /session/fa1966063a4db30dbf2f999955ebc217/element - {"using":"xpath","value":"(//button[@data-kt=\"saveButton\"])[2]"}
COMMAND: GET /session/fa1966063a4db30dbf2f999955ebc217/screenshot - {}
RESULT: {"using":"xpath","value":"(//button[@data-kt=\"saveButton\"])[2]"}
COMMAND: POST /session/fa1966063a4db30dbf2f999955ebc217/element/f.8EF3D0D450A4EB0CE4D2D51640C2B842.d.5D1B056F58AF70208B775AE8C661FFDE.e.21405/click - {}
RESULT: {}
RESULT: {}
COMMAND: GET /session/fa1966063a4db30dbf2f999955ebc217/screenshot - {}
RESULT: {}
COMMAND: POST /session/fa1966063a4db30dbf2f999955ebc217/execute/sync - {"script":"<script> [276 bytes]","args":["Some contract items are having rental validity exceeding header rental validity"]}
RESULT: {"script":"<script> [276 bytes]","args":["Some contract items are having rental validity exceeding header rental validity"]}
COMMAND: GET /session/fa1966063a4db30dbf2f999955ebc217/screenshot - {}
RESULT: {}
COMMAND: POST /session/fa1966063a4db30dbf2f999955ebc217/element - {"using":"xpath","value":"//span[contains(@id ,\"contractItemsSmartTable-header-inner\")]"}
RESULT: {"using":"xpath","value":"//span[contains(@id ,\"contractItemsSmartTable-header-inner\")]"}
COMMAND: POST /session/fa1966063a4db30dbf2f999955ebc217/elements - {"using":"xpath","value":"//span[contains(@id ,\"contractItemsSmartTable-header-inner\")]"}
RESULT: {"using":"xpath","value":"//span[contains(@id ,\"contractItemsSmartTable-header-inner\")]"}
COMMAND: POST /session/fa1966063a4db30dbf2f999955ebc217/execute/sync - {"script":"<script> [56 bytes]","args":[{"element-6066-11e4-a52e-4f735466cecf":"f.8EF3D0D450A4EB0CE4D2D51640C2B842.d.5D1B056F58AF70208B775AE8C661FFDE.e.21410","ELEMENT":"f.8EF3D0D450A4EB0CE4D2D51640C2B842.d.5D1B056F58AF70208B775AE8C661FFDE.e.21410"}]}
RESULT: {"script":"<script> [56 bytes]","args":[{"element-6066-11e4-a52e-4f735466cecf":"f.8EF3D0D450A4EB0CE4D2D51640C2B842.d.5D1B056F58AF70208B775AE8C661FFDE.e.21410","ELEMENT":"f.8EF3D0D450A4EB0CE4D2D51640C2B842.d.5D1B056F58AF70208B775AE8C661FFDE.e.21410"}]}
]]></system-out>
    </testcase>
    <testcase classname="chrome.136_0_7103_93.windows.Create_Reverse_Billing_US127248" name="Should do a provide to site handover" time="64.735">
      <system-out><![CDATA[
COMMAND: POST /session/fa1966063a4db30dbf2f999955ebc217/element - {"using":"xpath","value":"//button[@data-kt=\"provideButton\"]"}
COMMAND: GET /session/fa1966063a4db30dbf2f999955ebc217/screenshot - {}
RESULT: {"using":"xpath","value":"//button[@data-kt=\"provideButton\"]"}
COMMAND: POST /session/fa1966063a4db30dbf2f999955ebc217/element/f.8EF3D0D450A4EB0CE4D2D51640C2B842.d.5D1B056F58AF70208B775AE8C661FFDE.e.21411/click - {}
RESULT: {}
RESULT: {}
COMMAND: GET /session/fa1966063a4db30dbf2f999955ebc217/screenshot - {}
RESULT: {}
RESULT: undefined
COMMAND: POST /session/fa1966063a4db30dbf2f999955ebc217/execute/async - {"script":"<script> [6424 bytes]","args":[{"element-6066-11e4-a52e-4f735466cecf":"f.8EF3D0D450A4EB0CE4D2D51640C2B842.d.5D1B056F58AF70208B775AE8C661FFDE.e.20386"},"setValue",["5/24/25"]]}
COMMAND: POST /session/fa1966063a4db30dbf2f999955ebc217/execute/async - {"script":"<script> [1562 bytes]","args":[{"selector":{"id":"application-managehandovers-display-component---AddNewHO--dueDate","interaction":{"idSuffix":"inner"}},"wdio_ui5_key":"applicationmanagehandovers-display-component---AddNewHO--dueDate"}]}
RESULT: {"script":"<script> [1562 bytes]","args":[{"selector":{"id":"application-managehandovers-display-component---AddNewHO--dueDate","interaction":{"idSuffix":"inner"}},"wdio_ui5_key":"applicationmanagehandovers-display-component---AddNewHO--dueDate"}]}
COMMAND: POST /session/fa1966063a4db30dbf2f999955ebc217/execute/async - {"script":"<script> [6424 bytes]","args":[{"element-6066-11e4-a52e-4f735466cecf":"f.8EF3D0D450A4EB0CE4D2D51640C2B842.d.5D1B056F58AF70208B775AE8C661FFDE.e.21468"},"setValue",["5/24/25"]]}
RESULT: {"script":"<script> [6424 bytes]","args":[{"element-6066-11e4-a52e-4f735466cecf":"f.8EF3D0D450A4EB0CE4D2D51640C2B842.d.5D1B056F58AF70208B775AE8C661FFDE.e.21468"},"setValue",["5/24/25"]]}
COMMAND: POST /session/fa1966063a4db30dbf2f999955ebc217/element - {"using":"xpath","value":"//bdi[contains(text(), \"Instructions\")]"}
RESULT: {"using":"xpath","value":"//bdi[contains(text(), \"Instructions\")]"}
COMMAND: POST /session/fa1966063a4db30dbf2f999955ebc217/element/f.8EF3D0D450A4EB0CE4D2D51640C2B842.d.5D1B056F58AF70208B775AE8C661FFDE.e.21690/click - {}
RESULT: {}
COMMAND: GET /session/fa1966063a4db30dbf2f999955ebc217/screenshot - {}
RESULT: {}
COMMAND: POST /session/fa1966063a4db30dbf2f999955ebc217/element - {"using":"xpath","value":"//button[@data-kt=\"AddNewHOProvideAddItemsButton\"]"}
RESULT: {"using":"xpath","value":"//button[@data-kt=\"AddNewHOProvideAddItemsButton\"]"}
COMMAND: POST /session/fa1966063a4db30dbf2f999955ebc217/element/f.8EF3D0D450A4EB0CE4D2D51640C2B842.d.5D1B056F58AF70208B775AE8C661FFDE.e.21694/click - {}
RESULT: {}
COMMAND: GET /session/fa1966063a4db30dbf2f999955ebc217/screenshot - {}
RESULT: {}
RESULT: undefined
COMMAND: POST /session/fa1966063a4db30dbf2f999955ebc217/element - {"using":"xpath","value":"//*[@id=\"application-managehandovers-display-component---AddNewHO--popup-sa\"]"}
RESULT: {"using":"xpath","value":"//*[@id=\"application-managehandovers-display-component---AddNewHO--popup-sa\"]"}
COMMAND: POST /session/fa1966063a4db30dbf2f999955ebc217/element/f.8EF3D0D450A4EB0CE4D2D51640C2B842.d.5D1B056F58AF70208B775AE8C661FFDE.e.21704/click - {}
RESULT: {}
COMMAND: GET /session/fa1966063a4db30dbf2f999955ebc217/screenshot - {}
RESULT: {}
COMMAND: POST /session/fa1966063a4db30dbf2f999955ebc217/element - {"using":"xpath","value":"//*[contains(@id ,\"BDI-content\")][contains(text(), \"Select\")]"}
RESULT: {"using":"xpath","value":"//*[contains(@id ,\"BDI-content\")][contains(text(), \"Select\")]"}
COMMAND: POST /session/fa1966063a4db30dbf2f999955ebc217/element/f.8EF3D0D450A4EB0CE4D2D51640C2B842.d.5D1B056F58AF70208B775AE8C661FFDE.e.21706/click - {}
RESULT: {}
COMMAND: GET /session/fa1966063a4db30dbf2f999955ebc217/screenshot - {}
RESULT: {}
COMMAND: POST /session/fa1966063a4db30dbf2f999955ebc217/execute/async - {"script":"<script> [1562 bytes]","args":[{"selector":{"id":"application-managehandovers-display-component---AddNewHO--confirmCreationButton","interaction":{"idSuffix":"BDI-content"}},"wdio_ui5_key":"applicationmanagehandovers-display-component---AddNewHO--confirmCreationButton"}]}
RESULT: {"script":"<script> [1562 bytes]","args":[{"selector":{"id":"application-managehandovers-display-component---AddNewHO--confirmCreationButton","interaction":{"idSuffix":"BDI-content"}},"wdio_ui5_key":"applicationmanagehandovers-display-component---AddNewHO--confirmCreationButton"}]}
RESULT: undefined
COMMAND: POST /session/fa1966063a4db30dbf2f999955ebc217/element - {"using":"xpath","value":"//*[@id=\"application-managehandovers-display-component---AddNewHO--confirmCreationButton\"]"}
RESULT: {"using":"xpath","value":"//*[@id=\"application-managehandovers-display-component---AddNewHO--confirmCreationButton\"]"}
COMMAND: POST /session/fa1966063a4db30dbf2f999955ebc217/element/f.8EF3D0D450A4EB0CE4D2D51640C2B842.d.5D1B056F58AF70208B775AE8C661FFDE.e.21495/click - {}
RESULT: {}
COMMAND: GET /session/fa1966063a4db30dbf2f999955ebc217/screenshot - {}
RESULT: {}
COMMAND: POST /session/fa1966063a4db30dbf2f999955ebc217/execute/async - {"script":"<script> [1562 bytes]","args":[{"selector":{"id":"issueDatePicker","viewName":"etm.portal.ui.managehandovers.view.DetailExecuteHO","interaction":{"idSuffix":"inner"}},"wdio_ui5_key":"issueDatePickeretmportal.ui.managehandovers.view.DetailExecuteHO"}]}
RESULT: {"script":"<script> [1562 bytes]","args":[{"selector":{"id":"issueDatePicker","viewName":"etm.portal.ui.managehandovers.view.DetailExecuteHO","interaction":{"idSuffix":"inner"}},"wdio_ui5_key":"issueDatePickeretmportal.ui.managehandovers.view.DetailExecuteHO"}]}
RESULT: undefined
COMMAND: POST /session/fa1966063a4db30dbf2f999955ebc217/execute/async - {"script":"<script> [776 bytes]","args":[{"enterText":"5/24/25","selector":{"id":"issueDatePicker","viewName":"etm.portal.ui.managehandovers.view.DetailExecuteHO","interaction":{"idSuffix":"inner"}},"clearTextFirst":true,"interactionType":"ENTER_TEXT"}]}
RESULT: {"script":"<script> [776 bytes]","args":[{"enterText":"5/24/25","selector":{"id":"issueDatePicker","viewName":"etm.portal.ui.managehandovers.view.DetailExecuteHO","interaction":{"idSuffix":"inner"}},"clearTextFirst":true,"interactionType":"ENTER_TEXT"}]}
COMMAND: POST /session/fa1966063a4db30dbf2f999955ebc217/element - {"using":"xpath","value":"//button[@data-kt=\"PickingTableConfirmAllButton\"]"}
RESULT: {"using":"xpath","value":"//button[@data-kt=\"PickingTableConfirmAllButton\"]"}
COMMAND: POST /session/fa1966063a4db30dbf2f999955ebc217/element/f.8EF3D0D450A4EB0CE4D2D51640C2B842.d.5D1B056F58AF70208B775AE8C661FFDE.e.21769/click - {}
RESULT: {}
COMMAND: GET /session/fa1966063a4db30dbf2f999955ebc217/screenshot - {}
RESULT: {}
COMMAND: POST /session/fa1966063a4db30dbf2f999955ebc217/element - {"using":"xpath","value":"//bdi[contains(text(), \"OK\")]"}
RESULT: {"using":"xpath","value":"//bdi[contains(text(), \"OK\")]"}
COMMAND: POST /session/fa1966063a4db30dbf2f999955ebc217/element/f.8EF3D0D450A4EB0CE4D2D51640C2B842.d.5D1B056F58AF70208B775AE8C661FFDE.e.21772/click - {}
RESULT: {}
COMMAND: GET /session/fa1966063a4db30dbf2f999955ebc217/screenshot - {}
RESULT: {}
COMMAND: POST /session/fa1966063a4db30dbf2f999955ebc217/element - {"using":"xpath","value":"//bdi[contains(text(), \"Issue\")]"}
RESULT: {"using":"xpath","value":"//bdi[contains(text(), \"Issue\")]"}
COMMAND: POST /session/fa1966063a4db30dbf2f999955ebc217/element/f.8EF3D0D450A4EB0CE4D2D51640C2B842.d.5D1B056F58AF70208B775AE8C661FFDE.e.21774/click - {}
RESULT: {}
COMMAND: GET /session/fa1966063a4db30dbf2f999955ebc217/screenshot - {}
RESULT: {}
COMMAND: POST /session/fa1966063a4db30dbf2f999955ebc217/element - {"using":"css selector","value":"#shell-header-logo"}
RESULT: {"using":"css selector","value":"#shell-header-logo"}
COMMAND: POST /session/fa1966063a4db30dbf2f999955ebc217/element/f.8EF3D0D450A4EB0CE4D2D51640C2B842.d.5D1B056F58AF70208B775AE8C661FFDE.e.20792/click - {}
RESULT: {}
COMMAND: GET /session/fa1966063a4db30dbf2f999955ebc217/screenshot - {}
RESULT: {}
]]></system-out>
    </testcase>
    <testcase classname="chrome.136_0_7103_93.windows.Create_Reverse_Billing_US127248" name="Should go navigate to Manage Billings and trigger contract calculation check result" time="67.675">
      <system-out><![CDATA[
COMMAND: POST /session/fa1966063a4db30dbf2f999955ebc217/execute/async - {"script":"<script> [1562 bytes]","args":[{"selector":{"controlType":"sap.m.GenericTile","properties":{"header":"Manage Billings"}},"wdio_ui5_key":"sapm.GenericTile{\"header\":\"Manage Billings\"}"}]}
RESULT: {"script":"<script> [1562 bytes]","args":[{"selector":{"controlType":"sap.m.GenericTile","properties":{"header":"Manage Billings"}},"wdio_ui5_key":"sapm.GenericTile{\"header\":\"Manage Billings\"}"}]}
RESULT: undefined
COMMAND: POST /session/fa1966063a4db30dbf2f999955ebc217/element - {"using":"xpath","value":"//*[@id=\"__tile51\"]"}
RESULT: {"using":"xpath","value":"//*[@id=\"__tile51\"]"}
COMMAND: POST /session/fa1966063a4db30dbf2f999955ebc217/element/f.8EF3D0D450A4EB0CE4D2D51640C2B842.d.5D1B056F58AF70208B775AE8C661FFDE.e.18679/click - {}
RESULT: {}
COMMAND: GET /session/fa1966063a4db30dbf2f999955ebc217/screenshot - {}
COMMAND: POST /session/fa1966063a4db30dbf2f999955ebc217/elements - {"using":"xpath","value":"//span[text()='Error']"}
RESULT: {}
RESULT: {"using":"xpath","value":"//span[text()='Error']"}
COMMAND: POST /session/fa1966063a4db30dbf2f999955ebc217/execute/async - {"script":"<script> [1562 bytes]","args":[{"selector":{"id":"application-managebillings-display-component---billRunCalcResult--smartFilterBar-btnBasicSearch","interaction":{"idSuffix":"I"}},"wdio_ui5_key":"applicationmanagebillings-display-component---billRunCalcResult--smartFilterBar-btnBasicSearch"}]}
RESULT: {"script":"<script> [1562 bytes]","args":[{"selector":{"id":"application-managebillings-display-component---billRunCalcResult--smartFilterBar-btnBasicSearch","interaction":{"idSuffix":"I"}},"wdio_ui5_key":"applicationmanagebillings-display-component---billRunCalcResult--smartFilterBar-btnBasicSearch"}]}
RESULT: undefined
COMMAND: POST /session/fa1966063a4db30dbf2f999955ebc217/execute/async - {"script":"<script> [776 bytes]","args":[{"enterText":"10201","selector":{"id":"application-managebillings-display-component---billRunCalcResult--smartFilterBar-btnBasicSearch","interaction":{"idSuffix":"I"}},"clearTextFirst":true,"interactionType":"ENTER_TEXT"}]}
RESULT: {"script":"<script> [776 bytes]","args":[{"enterText":"10201","selector":{"id":"application-managebillings-display-component---billRunCalcResult--smartFilterBar-btnBasicSearch","interaction":{"idSuffix":"I"}},"clearTextFirst":true,"interactionType":"ENTER_TEXT"}]}
COMMAND: POST /session/fa1966063a4db30dbf2f999955ebc217/actions - {"actions":[{"id":"action71","type":"key","parameters":{},"actions":[{"type":"keyDown","value":""},{"type":"pause","duration":10},{"type":"keyUp","value":""}]}]}
RESULT: {"actions":[{"id":"action71","type":"key","parameters":{},"actions":[{"type":"keyDown","value":""},{"type":"pause","duration":10},{"type":"keyUp","value":""}]}]}
COMMAND: GET /session/fa1966063a4db30dbf2f999955ebc217/screenshot - {}
RESULT: {}
COMMAND: POST /session/fa1966063a4db30dbf2f999955ebc217/element - {"using":"xpath","value":"//td[@aria-colindex=\"1\"]/div/div[contains(@class, \"sapMCbBg\")]"}
RESULT: {"using":"xpath","value":"//td[@aria-colindex=\"1\"]/div/div[contains(@class, \"sapMCbBg\")]"}
COMMAND: POST /session/fa1966063a4db30dbf2f999955ebc217/element/f.8EF3D0D450A4EB0CE4D2D51640C2B842.d.5D1B056F58AF70208B775AE8C661FFDE.e.22180/click - {}
RESULT: {}
COMMAND: GET /session/fa1966063a4db30dbf2f999955ebc217/screenshot - {}
RESULT: {}
COMMAND: POST /session/fa1966063a4db30dbf2f999955ebc217/execute/async - {"script":"<script> [1562 bytes]","args":[{"selector":{"id":"application-managebillings-display-component---billRunCalcResult--contractBillRunDate","interaction":{"idSuffix":"inner"}},"wdio_ui5_key":"applicationmanagebillings-display-component---billRunCalcResult--contractBillRunDate"}]}
RESULT: {"script":"<script> [1562 bytes]","args":[{"selector":{"id":"application-managebillings-display-component---billRunCalcResult--contractBillRunDate","interaction":{"idSuffix":"inner"}},"wdio_ui5_key":"applicationmanagebillings-display-component---billRunCalcResult--contractBillRunDate"}]}
RESULT: undefined
COMMAND: POST /session/fa1966063a4db30dbf2f999955ebc217/execute/async - {"script":"<script> [776 bytes]","args":[{"enterText":"6/24/25","selector":{"id":"application-managebillings-display-component---billRunCalcResult--contractBillRunDate","interaction":{"idSuffix":"inner"}},"clearTextFirst":true,"interactionType":"ENTER_TEXT"}]}
RESULT: {"script":"<script> [776 bytes]","args":[{"enterText":"6/24/25","selector":{"id":"application-managebillings-display-component---billRunCalcResult--contractBillRunDate","interaction":{"idSuffix":"inner"}},"clearTextFirst":true,"interactionType":"ENTER_TEXT"}]}
COMMAND: POST /session/fa1966063a4db30dbf2f999955ebc217/element - {"using":"xpath","value":"//bdi[contains(text(), \"Trigger Calculation\")]"}
RESULT: {"using":"xpath","value":"//bdi[contains(text(), \"Trigger Calculation\")]"}
COMMAND: POST /session/fa1966063a4db30dbf2f999955ebc217/element/f.8EF3D0D450A4EB0CE4D2D51640C2B842.d.5D1B056F58AF70208B775AE8C661FFDE.e.22201/click - {}
RESULT: {}
COMMAND: GET /session/fa1966063a4db30dbf2f999955ebc217/screenshot - {}
RESULT: {}
COMMAND: POST /session/fa1966063a4db30dbf2f999955ebc217/element - {"using":"xpath","value":"(//span[contains(@id, \"imgNav\")])[1]"}
RESULT: {"using":"xpath","value":"(//span[contains(@id, \"imgNav\")])[1]"}
COMMAND: POST /session/fa1966063a4db30dbf2f999955ebc217/element/f.8EF3D0D450A4EB0CE4D2D51640C2B842.d.5D1B056F58AF70208B775AE8C661FFDE.e.22194/click - {}
RESULT: {}
COMMAND: GET /session/fa1966063a4db30dbf2f999955ebc217/screenshot - {}
RESULT: {}
COMMAND: POST /session/fa1966063a4db30dbf2f999955ebc217/element - {"using":"xpath","value":"//tr/td[6]/div[1]/span[1]/span[1]"}
RESULT: {"using":"xpath","value":"//tr/td[6]/div[1]/span[1]/span[1]"}
COMMAND: GET /session/fa1966063a4db30dbf2f999955ebc217/element/f.8EF3D0D450A4EB0CE4D2D51640C2B842.d.5D1B056F58AF70208B775AE8C661FFDE.e.22206/text - {}
RESULT: {}
COMMAND: POST /session/fa1966063a4db30dbf2f999955ebc217/element - {"using":"xpath","value":"(//span[contains(@id, \"imgNav\")])[2]"}
RESULT: {"using":"xpath","value":"(//span[contains(@id, \"imgNav\")])[2]"}
COMMAND: POST /session/fa1966063a4db30dbf2f999955ebc217/element/f.8EF3D0D450A4EB0CE4D2D51640C2B842.d.5D1B056F58AF70208B775AE8C661FFDE.e.22207/click - {}
RESULT: {}
COMMAND: POST /session/fa1966063a4db30dbf2f999955ebc217/element - {"using":"xpath","value":"//bdi[contains(text(), \"Business Confirm\")]"}
COMMAND: GET /session/fa1966063a4db30dbf2f999955ebc217/screenshot - {}
RESULT: {"using":"xpath","value":"//bdi[contains(text(), \"Business Confirm\")]"}
COMMAND: POST /session/fa1966063a4db30dbf2f999955ebc217/elements - {"using":"xpath","value":"//bdi[contains(text(), \"Business Confirm\")]"}
RESULT: {}
RESULT: {"using":"xpath","value":"//bdi[contains(text(), \"Business Confirm\")]"}
COMMAND: POST /session/fa1966063a4db30dbf2f999955ebc217/element - {"using":"xpath","value":"//bdi[contains(text(), \"Business Confirm\")]"}
RESULT: {"using":"xpath","value":"//bdi[contains(text(), \"Business Confirm\")]"}
COMMAND: POST /session/fa1966063a4db30dbf2f999955ebc217/element/f.8EF3D0D450A4EB0CE4D2D51640C2B842.d.5D1B056F58AF70208B775AE8C661FFDE.e.22210/click - {}
COMMAND: POST /session/fa1966063a4db30dbf2f999955ebc217/element - {"using":"xpath","value":"//bdi[contains(text(), \"Business Confirm\")]"}
RESULT: {"using":"xpath","value":"//bdi[contains(text(), \"Business Confirm\")]"}
COMMAND: POST /session/fa1966063a4db30dbf2f999955ebc217/element/f.8EF3D0D450A4EB0CE4D2D51640C2B842.d.5D1B056F58AF70208B775AE8C661FFDE.e.22210/click - {}
COMMAND: POST /session/fa1966063a4db30dbf2f999955ebc217/element - {"using":"xpath","value":"//bdi[contains(text(), \"Business Confirm\")]"}
RESULT: {"using":"xpath","value":"//bdi[contains(text(), \"Business Confirm\")]"}
COMMAND: POST /session/fa1966063a4db30dbf2f999955ebc217/element/f.8EF3D0D450A4EB0CE4D2D51640C2B842.d.5D1B056F58AF70208B775AE8C661FFDE.e.22258/click - {}
RESULT: {}
COMMAND: POST /session/fa1966063a4db30dbf2f999955ebc217/element - {"using":"css selector","value":"#shell-header-logo"}
COMMAND: GET /session/fa1966063a4db30dbf2f999955ebc217/screenshot - {}
RESULT: {"using":"css selector","value":"#shell-header-logo"}
COMMAND: POST /session/fa1966063a4db30dbf2f999955ebc217/element/f.8EF3D0D450A4EB0CE4D2D51640C2B842.d.5D1B056F58AF70208B775AE8C661FFDE.e.21953/click - {}
RESULT: {}
RESULT: {}
COMMAND: GET /session/fa1966063a4db30dbf2f999955ebc217/screenshot - {}
RESULT: {}
]]></system-out>
    </testcase>
    <testcase classname="chrome.136_0_7103_93.windows.Create_Reverse_Billing_US127248" name="Should go into Billing Transfer and reverse the billing" time="39.951">
      <system-out><![CDATA[
COMMAND: POST /session/fa1966063a4db30dbf2f999955ebc217/execute/async - {"script":"<script> [1562 bytes]","args":[{"selector":{"controlType":"sap.m.GenericTile","properties":{"header":"Billing Transfer"}},"wdio_ui5_key":"sapm.GenericTile{\"header\":\"Billing Transfer\"}"}]}
RESULT: {"script":"<script> [1562 bytes]","args":[{"selector":{"controlType":"sap.m.GenericTile","properties":{"header":"Billing Transfer"}},"wdio_ui5_key":"sapm.GenericTile{\"header\":\"Billing Transfer\"}"}]}
RESULT: undefined
COMMAND: POST /session/fa1966063a4db30dbf2f999955ebc217/element - {"using":"xpath","value":"//*[@id=\"__tile50\"]"}
RESULT: {"using":"xpath","value":"//*[@id=\"__tile50\"]"}
COMMAND: POST /session/fa1966063a4db30dbf2f999955ebc217/element/f.8EF3D0D450A4EB0CE4D2D51640C2B842.d.5D1B056F58AF70208B775AE8C661FFDE.e.18677/click - {}
RESULT: {}
COMMAND: GET /session/fa1966063a4db30dbf2f999955ebc217/screenshot - {}
RESULT: {}
COMMAND: POST /session/fa1966063a4db30dbf2f999955ebc217/elements - {"using":"xpath","value":"//span[text()='Error']"}
RESULT: {"using":"xpath","value":"//span[text()='Error']"}
COMMAND: POST /session/fa1966063a4db30dbf2f999955ebc217/element - {"using":"xpath","value":"//input[contains(@id ,\"application-billingtransfer-display-component---billingWorkbench--smartFilterBar-btnBasicSearch\")]"}
RESULT: {"using":"xpath","value":"//input[contains(@id ,\"application-billingtransfer-display-component---billingWorkbench--smartFilterBar-btnBasicSearch\")]"}
COMMAND: POST /session/fa1966063a4db30dbf2f999955ebc217/elements - {"using":"xpath","value":"//input[contains(@id ,\"application-billingtransfer-display-component---billingWorkbench--smartFilterBar-btnBasicSearch\")]"}
RESULT: {"using":"xpath","value":"//input[contains(@id ,\"application-billingtransfer-display-component---billingWorkbench--smartFilterBar-btnBasicSearch\")]"}
COMMAND: POST /session/fa1966063a4db30dbf2f999955ebc217/execute/sync - {"script":"<script> [8489 bytes]","args":[{"element-6066-11e4-a52e-4f735466cecf":"f.8EF3D0D450A4EB0CE4D2D51640C2B842.d.5D1B056F58AF70208B775AE8C661FFDE.e.22284","ELEMENT":"f.8EF3D0D450A4EB0CE4D2D51640C2B842.d.5D1B056F58AF70208B775AE8C661FFDE.e.22284"}]}
RESULT: {"script":"<script> [8489 bytes]","args":[{"element-6066-11e4-a52e-4f735466cecf":"f.8EF3D0D450A4EB0CE4D2D51640C2B842.d.5D1B056F58AF70208B775AE8C661FFDE.e.22284","ELEMENT":"f.8EF3D0D450A4EB0CE4D2D51640C2B842.d.5D1B056F58AF70208B775AE8C661FFDE.e.22284"}]}
COMMAND: GET /session/fa1966063a4db30dbf2f999955ebc217/element/f.8EF3D0D450A4EB0CE4D2D51640C2B842.d.5D1B056F58AF70208B775AE8C661FFDE.e.22284/enabled - {}
COMMAND: GET /session/fa1966063a4db30dbf2f999955ebc217/screenshot - {}
RESULT: {}
COMMAND: POST /session/fa1966063a4db30dbf2f999955ebc217/element/f.8EF3D0D450A4EB0CE4D2D51640C2B842.d.5D1B056F58AF70208B775AE8C661FFDE.e.22284/click - {}
COMMAND: GET /session/fa1966063a4db30dbf2f999955ebc217/screenshot - {}
RESULT: {}
RESULT: {}
COMMAND: GET /session/fa1966063a4db30dbf2f999955ebc217/screenshot - {}
RESULT: {}
RESULT: {}
COMMAND: POST /session/fa1966063a4db30dbf2f999955ebc217/element/f.8EF3D0D450A4EB0CE4D2D51640C2B842.d.5D1B056F58AF70208B775AE8C661FFDE.e.22284/clear - {}
RESULT: {}
COMMAND: POST /session/fa1966063a4db30dbf2f999955ebc217/element/f.8EF3D0D450A4EB0CE4D2D51640C2B842.d.5D1B056F58AF70208B775AE8C661FFDE.e.22284/value - {"text":"10201"}
COMMAND: GET /session/fa1966063a4db30dbf2f999955ebc217/screenshot - {}
RESULT: {}
RESULT: {"text":"10201"}
COMMAND: POST /session/fa1966063a4db30dbf2f999955ebc217/actions - {"actions":[{"id":"action72","type":"key","parameters":{},"actions":[{"type":"keyDown","value":""},{"type":"pause","duration":10},{"type":"keyUp","value":""}]}]}
COMMAND: GET /session/fa1966063a4db30dbf2f999955ebc217/screenshot - {}
RESULT: {"actions":[{"id":"action72","type":"key","parameters":{},"actions":[{"type":"keyDown","value":""},{"type":"pause","duration":10},{"type":"keyUp","value":""}]}]}
COMMAND: GET /session/fa1966063a4db30dbf2f999955ebc217/screenshot - {}
RESULT: {}
RESULT: {}
COMMAND: POST /session/fa1966063a4db30dbf2f999955ebc217/element - {"using":"xpath","value":"//span[contains(@id ,\"application-billingtransfer-display-component---billingWorkbench--smartTableBillingRuns-header-inner\")]"}
RESULT: {"using":"xpath","value":"//span[contains(@id ,\"application-billingtransfer-display-component---billingWorkbench--smartTableBillingRuns-header-inner\")]"}
COMMAND: POST /session/fa1966063a4db30dbf2f999955ebc217/elements - {"using":"xpath","value":"//span[contains(@id ,\"application-billingtransfer-display-component---billingWorkbench--smartTableBillingRuns-header-inner\")]"}
RESULT: {"using":"xpath","value":"//span[contains(@id ,\"application-billingtransfer-display-component---billingWorkbench--smartTableBillingRuns-header-inner\")]"}
COMMAND: POST /session/fa1966063a4db30dbf2f999955ebc217/execute/sync - {"script":"<script> [56 bytes]","args":[{"element-6066-11e4-a52e-4f735466cecf":"f.8EF3D0D450A4EB0CE4D2D51640C2B842.d.5D1B056F58AF70208B775AE8C661FFDE.e.22387","ELEMENT":"f.8EF3D0D450A4EB0CE4D2D51640C2B842.d.5D1B056F58AF70208B775AE8C661FFDE.e.22387"}]}
RESULT: {"script":"<script> [56 bytes]","args":[{"element-6066-11e4-a52e-4f735466cecf":"f.8EF3D0D450A4EB0CE4D2D51640C2B842.d.5D1B056F58AF70208B775AE8C661FFDE.e.22387","ELEMENT":"f.8EF3D0D450A4EB0CE4D2D51640C2B842.d.5D1B056F58AF70208B775AE8C661FFDE.e.22387"}]}
COMMAND: POST /session/fa1966063a4db30dbf2f999955ebc217/element - {"using":"xpath","value":"//td[@aria-colindex=\"1\"]/div/div[contains(@class, \"sapMCbBg\")]"}
COMMAND: GET /session/fa1966063a4db30dbf2f999955ebc217/screenshot - {}
RESULT: {"using":"xpath","value":"//td[@aria-colindex=\"1\"]/div/div[contains(@class, \"sapMCbBg\")]"}
COMMAND: POST /session/fa1966063a4db30dbf2f999955ebc217/element/f.8EF3D0D450A4EB0CE4D2D51640C2B842.d.5D1B056F58AF70208B775AE8C661FFDE.e.22372/click - {}
RESULT: {}
RESULT: {}
COMMAND: GET /session/fa1966063a4db30dbf2f999955ebc217/screenshot - {}
RESULT: {}
COMMAND: POST /session/fa1966063a4db30dbf2f999955ebc217/element - {"using":"xpath","value":"//bdi[contains(text(), \"Reverse\")]"}
RESULT: {"using":"xpath","value":"//bdi[contains(text(), \"Reverse\")]"}
COMMAND: POST /session/fa1966063a4db30dbf2f999955ebc217/element/f.8EF3D0D450A4EB0CE4D2D51640C2B842.d.5D1B056F58AF70208B775AE8C661FFDE.e.22388/click - {}
RESULT: {}
COMMAND: GET /session/fa1966063a4db30dbf2f999955ebc217/screenshot - {}
RESULT: {}
COMMAND: POST /session/fa1966063a4db30dbf2f999955ebc217/element - {"using":"xpath","value":"//input[contains(@id ,\"application-billingtransfer-display-component---billingWorkbench--smartFilterBar-btnBasicSearch\")]"}
RESULT: {"using":"xpath","value":"//input[contains(@id ,\"application-billingtransfer-display-component---billingWorkbench--smartFilterBar-btnBasicSearch\")]"}
COMMAND: POST /session/fa1966063a4db30dbf2f999955ebc217/elements - {"using":"xpath","value":"//input[contains(@id ,\"application-billingtransfer-display-component---billingWorkbench--smartFilterBar-btnBasicSearch\")]"}
RESULT: {"using":"xpath","value":"//input[contains(@id ,\"application-billingtransfer-display-component---billingWorkbench--smartFilterBar-btnBasicSearch\")]"}
COMMAND: POST /session/fa1966063a4db30dbf2f999955ebc217/execute/sync - {"script":"<script> [8489 bytes]","args":[{"element-6066-11e4-a52e-4f735466cecf":"f.8EF3D0D450A4EB0CE4D2D51640C2B842.d.5D1B056F58AF70208B775AE8C661FFDE.e.22284","ELEMENT":"f.8EF3D0D450A4EB0CE4D2D51640C2B842.d.5D1B056F58AF70208B775AE8C661FFDE.e.22284"}]}
RESULT: {"script":"<script> [8489 bytes]","args":[{"element-6066-11e4-a52e-4f735466cecf":"f.8EF3D0D450A4EB0CE4D2D51640C2B842.d.5D1B056F58AF70208B775AE8C661FFDE.e.22284","ELEMENT":"f.8EF3D0D450A4EB0CE4D2D51640C2B842.d.5D1B056F58AF70208B775AE8C661FFDE.e.22284"}]}
COMMAND: GET /session/fa1966063a4db30dbf2f999955ebc217/element/f.8EF3D0D450A4EB0CE4D2D51640C2B842.d.5D1B056F58AF70208B775AE8C661FFDE.e.22284/enabled - {}
COMMAND: GET /session/fa1966063a4db30dbf2f999955ebc217/screenshot - {}
RESULT: {}
COMMAND: POST /session/fa1966063a4db30dbf2f999955ebc217/element/f.8EF3D0D450A4EB0CE4D2D51640C2B842.d.5D1B056F58AF70208B775AE8C661FFDE.e.22284/click - {}
COMMAND: GET /session/fa1966063a4db30dbf2f999955ebc217/screenshot - {}
RESULT: {}
RESULT: {}
COMMAND: GET /session/fa1966063a4db30dbf2f999955ebc217/screenshot - {}
RESULT: {}
RESULT: {}
COMMAND: POST /session/fa1966063a4db30dbf2f999955ebc217/element/f.8EF3D0D450A4EB0CE4D2D51640C2B842.d.5D1B056F58AF70208B775AE8C661FFDE.e.22284/clear - {}
RESULT: {}
COMMAND: POST /session/fa1966063a4db30dbf2f999955ebc217/element/f.8EF3D0D450A4EB0CE4D2D51640C2B842.d.5D1B056F58AF70208B775AE8C661FFDE.e.22284/value - {"text":"10201"}
COMMAND: GET /session/fa1966063a4db30dbf2f999955ebc217/screenshot - {}
RESULT: {"text":"10201"}
COMMAND: POST /session/fa1966063a4db30dbf2f999955ebc217/actions - {"actions":[{"id":"action73","type":"key","parameters":{},"actions":[{"type":"keyDown","value":""},{"type":"pause","duration":10},{"type":"keyUp","value":""}]}]}
COMMAND: GET /session/fa1966063a4db30dbf2f999955ebc217/screenshot - {}
RESULT: {}
RESULT: {"actions":[{"id":"action73","type":"key","parameters":{},"actions":[{"type":"keyDown","value":""},{"type":"pause","duration":10},{"type":"keyUp","value":""}]}]}
COMMAND: GET /session/fa1966063a4db30dbf2f999955ebc217/screenshot - {}
RESULT: {}
RESULT: {}
COMMAND: POST /session/fa1966063a4db30dbf2f999955ebc217/element - {"using":"xpath","value":"//span[contains(@id ,\"application-billingtransfer-display-component---billingWorkbench--smartTableBillingRuns-header-inner\")]"}
RESULT: {"using":"xpath","value":"//span[contains(@id ,\"application-billingtransfer-display-component---billingWorkbench--smartTableBillingRuns-header-inner\")]"}
COMMAND: POST /session/fa1966063a4db30dbf2f999955ebc217/elements - {"using":"xpath","value":"//span[contains(@id ,\"application-billingtransfer-display-component---billingWorkbench--smartTableBillingRuns-header-inner\")]"}
RESULT: {"using":"xpath","value":"//span[contains(@id ,\"application-billingtransfer-display-component---billingWorkbench--smartTableBillingRuns-header-inner\")]"}
COMMAND: POST /session/fa1966063a4db30dbf2f999955ebc217/execute/sync - {"script":"<script> [56 bytes]","args":[{"element-6066-11e4-a52e-4f735466cecf":"f.8EF3D0D450A4EB0CE4D2D51640C2B842.d.5D1B056F58AF70208B775AE8C661FFDE.e.22387","ELEMENT":"f.8EF3D0D450A4EB0CE4D2D51640C2B842.d.5D1B056F58AF70208B775AE8C661FFDE.e.22387"}]}
RESULT: {"script":"<script> [56 bytes]","args":[{"element-6066-11e4-a52e-4f735466cecf":"f.8EF3D0D450A4EB0CE4D2D51640C2B842.d.5D1B056F58AF70208B775AE8C661FFDE.e.22387","ELEMENT":"f.8EF3D0D450A4EB0CE4D2D51640C2B842.d.5D1B056F58AF70208B775AE8C661FFDE.e.22387"}]}
COMMAND: POST /session/fa1966063a4db30dbf2f999955ebc217/element - {"using":"css selector","value":"#shell-header-logo"}
COMMAND: GET /session/fa1966063a4db30dbf2f999955ebc217/screenshot - {}
RESULT: {"using":"css selector","value":"#shell-header-logo"}
COMMAND: POST /session/fa1966063a4db30dbf2f999955ebc217/element/f.8EF3D0D450A4EB0CE4D2D51640C2B842.d.5D1B056F58AF70208B775AE8C661FFDE.e.22282/click - {}
RESULT: {}
RESULT: {}
COMMAND: GET /session/fa1966063a4db30dbf2f999955ebc217/screenshot - {}
RESULT: {}
COMMAND: DELETE /session/fa1966063a4db30dbf2f999955ebc217 - {}
RESULT: {}
]]></system-out>
    </testcase>
  </testsuite>
</testsuites>