<?xml version="1.0" encoding="UTF-8"?>
<testsuites tests="9" failures="0" errors="0" skipped="0">
  <testsuite timestamp="2025-05-07T17:59:19" time="825.06" tests="9" failures="0" errors="0" skipped="0">
    <properties>
      <property name="specId" value="0" />
      <property name="suiteName" value="Tests for Mass State Change on Manage States &amp; Performances US104416 US" />
      <property name="capabilities" value="chrome.135_0_7049_115.windows" />
      <property name="file" value="file:///D:/a/1/s/test/specs/HTR/create-mass-state-change.spec.js" />
    </properties>
    <testcase classname="chrome.135_0_7049_115.windows.Tests_for_Mass_State_Change_on_Manage_States_&amp;_Performances_US104416_US" name="Prereq Should create a new yard used for all following tests" time="104.393">
      <system-out><![CDATA[
COMMAND: POST /session/a4f54502dbf5f1afb518fbe6152fd493/window/fullscreen - {}
RESULT: {}
COMMAND: POST /session/a4f54502dbf5f1afb518fbe6152fd493/execute/async - {"script":"<script> [1562 bytes]","args":[{"selector":{"controlType":"sap.m.GenericTile","properties":{"header":"Manage Yards"}},"wdio_ui5_key":"sapm.GenericTile{\"header\":\"Manage Yards\"}"}]}
RESULT: {"script":"<script> [1562 bytes]","args":[{"selector":{"controlType":"sap.m.GenericTile","properties":{"header":"Manage Yards"}},"wdio_ui5_key":"sapm.GenericTile{\"header\":\"Manage Yards\"}"}]}
RESULT: undefined
COMMAND: POST /session/a4f54502dbf5f1afb518fbe6152fd493/element - {"using":"xpath","value":"//*[@id=\"__tile41\"]"}
RESULT: {"using":"xpath","value":"//*[@id=\"__tile41\"]"}
COMMAND: POST /session/a4f54502dbf5f1afb518fbe6152fd493/element/f.35EC4CA9F2F6AFC958B8921B3309FEC0.d.F6E96E53CBAF49FEA90DBB88C00A4596.e.165/click - {}
RESULT: {}
COMMAND: POST /session/a4f54502dbf5f1afb518fbe6152fd493/element - {"using":"xpath","value":"//button[@data-kt=\"addNewYardOverflowToolbarButton\"]"}
COMMAND: GET /session/a4f54502dbf5f1afb518fbe6152fd493/screenshot - {}
RESULT: {"using":"xpath","value":"//button[@data-kt=\"addNewYardOverflowToolbarButton\"]"}
COMMAND: POST /session/a4f54502dbf5f1afb518fbe6152fd493/elements - {"using":"xpath","value":"//button[@data-kt=\"addNewYardOverflowToolbarButton\"]"}
RESULT: {}
RESULT: {"using":"xpath","value":"//button[@data-kt=\"addNewYardOverflowToolbarButton\"]"}
COMMAND: POST /session/a4f54502dbf5f1afb518fbe6152fd493/elements - {"using":"xpath","value":"//button[@data-kt=\"addNewYardOverflowToolbarButton\"]"}
RESULT: {"using":"xpath","value":"//button[@data-kt=\"addNewYardOverflowToolbarButton\"]"}
COMMAND: POST /session/a4f54502dbf5f1afb518fbe6152fd493/elements - {"using":"xpath","value":"//button[@data-kt=\"addNewYardOverflowToolbarButton\"]"}
RESULT: {"using":"xpath","value":"//button[@data-kt=\"addNewYardOverflowToolbarButton\"]"}
COMMAND: POST /session/a4f54502dbf5f1afb518fbe6152fd493/elements - {"using":"xpath","value":"//button[@data-kt=\"addNewYardOverflowToolbarButton\"]"}
RESULT: {"using":"xpath","value":"//button[@data-kt=\"addNewYardOverflowToolbarButton\"]"}
COMMAND: POST /session/a4f54502dbf5f1afb518fbe6152fd493/elements - {"using":"xpath","value":"//button[@data-kt=\"addNewYardOverflowToolbarButton\"]"}
RESULT: {"using":"xpath","value":"//button[@data-kt=\"addNewYardOverflowToolbarButton\"]"}
COMMAND: POST /session/a4f54502dbf5f1afb518fbe6152fd493/elements - {"using":"xpath","value":"//button[@data-kt=\"addNewYardOverflowToolbarButton\"]"}
RESULT: {"using":"xpath","value":"//button[@data-kt=\"addNewYardOverflowToolbarButton\"]"}
COMMAND: POST /session/a4f54502dbf5f1afb518fbe6152fd493/elements - {"using":"xpath","value":"//button[@data-kt=\"addNewYardOverflowToolbarButton\"]"}
RESULT: {"using":"xpath","value":"//button[@data-kt=\"addNewYardOverflowToolbarButton\"]"}
COMMAND: POST /session/a4f54502dbf5f1afb518fbe6152fd493/elements - {"using":"xpath","value":"//button[@data-kt=\"addNewYardOverflowToolbarButton\"]"}
RESULT: {"using":"xpath","value":"//button[@data-kt=\"addNewYardOverflowToolbarButton\"]"}
COMMAND: POST /session/a4f54502dbf5f1afb518fbe6152fd493/elements - {"using":"xpath","value":"//button[@data-kt=\"addNewYardOverflowToolbarButton\"]"}
RESULT: {"using":"xpath","value":"//button[@data-kt=\"addNewYardOverflowToolbarButton\"]"}
COMMAND: POST /session/a4f54502dbf5f1afb518fbe6152fd493/elements - {"using":"xpath","value":"//button[@data-kt=\"addNewYardOverflowToolbarButton\"]"}
RESULT: {"using":"xpath","value":"//button[@data-kt=\"addNewYardOverflowToolbarButton\"]"}
COMMAND: POST /session/a4f54502dbf5f1afb518fbe6152fd493/elements - {"using":"xpath","value":"//button[@data-kt=\"addNewYardOverflowToolbarButton\"]"}
RESULT: {"using":"xpath","value":"//button[@data-kt=\"addNewYardOverflowToolbarButton\"]"}
COMMAND: POST /session/a4f54502dbf5f1afb518fbe6152fd493/elements - {"using":"xpath","value":"//button[@data-kt=\"addNewYardOverflowToolbarButton\"]"}
RESULT: {"using":"xpath","value":"//button[@data-kt=\"addNewYardOverflowToolbarButton\"]"}
COMMAND: POST /session/a4f54502dbf5f1afb518fbe6152fd493/elements - {"using":"xpath","value":"//button[@data-kt=\"addNewYardOverflowToolbarButton\"]"}
RESULT: {"using":"xpath","value":"//button[@data-kt=\"addNewYardOverflowToolbarButton\"]"}
COMMAND: POST /session/a4f54502dbf5f1afb518fbe6152fd493/elements - {"using":"xpath","value":"//button[@data-kt=\"addNewYardOverflowToolbarButton\"]"}
RESULT: {"using":"xpath","value":"//button[@data-kt=\"addNewYardOverflowToolbarButton\"]"}
COMMAND: POST /session/a4f54502dbf5f1afb518fbe6152fd493/elements - {"using":"xpath","value":"//button[@data-kt=\"addNewYardOverflowToolbarButton\"]"}
RESULT: {"using":"xpath","value":"//button[@data-kt=\"addNewYardOverflowToolbarButton\"]"}
COMMAND: POST /session/a4f54502dbf5f1afb518fbe6152fd493/elements - {"using":"xpath","value":"//button[@data-kt=\"addNewYardOverflowToolbarButton\"]"}
RESULT: {"using":"xpath","value":"//button[@data-kt=\"addNewYardOverflowToolbarButton\"]"}
COMMAND: POST /session/a4f54502dbf5f1afb518fbe6152fd493/elements - {"using":"xpath","value":"//button[@data-kt=\"addNewYardOverflowToolbarButton\"]"}
RESULT: {"using":"xpath","value":"//button[@data-kt=\"addNewYardOverflowToolbarButton\"]"}
COMMAND: POST /session/a4f54502dbf5f1afb518fbe6152fd493/elements - {"using":"xpath","value":"//button[@data-kt=\"addNewYardOverflowToolbarButton\"]"}
RESULT: {"using":"xpath","value":"//button[@data-kt=\"addNewYardOverflowToolbarButton\"]"}
COMMAND: POST /session/a4f54502dbf5f1afb518fbe6152fd493/elements - {"using":"xpath","value":"//button[@data-kt=\"addNewYardOverflowToolbarButton\"]"}
RESULT: {"using":"xpath","value":"//button[@data-kt=\"addNewYardOverflowToolbarButton\"]"}
COMMAND: POST /session/a4f54502dbf5f1afb518fbe6152fd493/elements - {"using":"xpath","value":"//button[@data-kt=\"addNewYardOverflowToolbarButton\"]"}
RESULT: {"using":"xpath","value":"//button[@data-kt=\"addNewYardOverflowToolbarButton\"]"}
COMMAND: POST /session/a4f54502dbf5f1afb518fbe6152fd493/elements - {"using":"xpath","value":"//button[@data-kt=\"addNewYardOverflowToolbarButton\"]"}
RESULT: {"using":"xpath","value":"//button[@data-kt=\"addNewYardOverflowToolbarButton\"]"}
COMMAND: POST /session/a4f54502dbf5f1afb518fbe6152fd493/elements - {"using":"xpath","value":"//button[@data-kt=\"addNewYardOverflowToolbarButton\"]"}
RESULT: {"using":"xpath","value":"//button[@data-kt=\"addNewYardOverflowToolbarButton\"]"}
COMMAND: POST /session/a4f54502dbf5f1afb518fbe6152fd493/elements - {"using":"xpath","value":"//button[@data-kt=\"addNewYardOverflowToolbarButton\"]"}
RESULT: {"using":"xpath","value":"//button[@data-kt=\"addNewYardOverflowToolbarButton\"]"}
COMMAND: POST /session/a4f54502dbf5f1afb518fbe6152fd493/elements - {"using":"xpath","value":"//button[@data-kt=\"addNewYardOverflowToolbarButton\"]"}
RESULT: {"using":"xpath","value":"//button[@data-kt=\"addNewYardOverflowToolbarButton\"]"}
COMMAND: POST /session/a4f54502dbf5f1afb518fbe6152fd493/element - {"using":"xpath","value":"//button[@data-kt=\"addNewYardOverflowToolbarButton\"]"}
RESULT: {"using":"xpath","value":"//button[@data-kt=\"addNewYardOverflowToolbarButton\"]"}
COMMAND: POST /session/a4f54502dbf5f1afb518fbe6152fd493/execute/sync - {"script":"<script> [8489 bytes]","args":[{"element-6066-11e4-a52e-4f735466cecf":"f.35EC4CA9F2F6AFC958B8921B3309FEC0.d.F6E96E53CBAF49FEA90DBB88C00A4596.e.303","ELEMENT":"f.35EC4CA9F2F6AFC958B8921B3309FEC0.d.F6E96E53CBAF49FEA90DBB88C00A4596.e.303"}]}
RESULT: {"script":"<script> [8489 bytes]","args":[{"element-6066-11e4-a52e-4f735466cecf":"f.35EC4CA9F2F6AFC958B8921B3309FEC0.d.F6E96E53CBAF49FEA90DBB88C00A4596.e.303","ELEMENT":"f.35EC4CA9F2F6AFC958B8921B3309FEC0.d.F6E96E53CBAF49FEA90DBB88C00A4596.e.303"}]}
COMMAND: GET /session/a4f54502dbf5f1afb518fbe6152fd493/element/f.35EC4CA9F2F6AFC958B8921B3309FEC0.d.F6E96E53CBAF49FEA90DBB88C00A4596.e.303/enabled - {}
COMMAND: GET /session/a4f54502dbf5f1afb518fbe6152fd493/screenshot - {}
RESULT: {}
COMMAND: POST /session/a4f54502dbf5f1afb518fbe6152fd493/execute/sync - {"script":"<script> [8489 bytes]","args":[{"element-6066-11e4-a52e-4f735466cecf":"f.35EC4CA9F2F6AFC958B8921B3309FEC0.d.F6E96E53CBAF49FEA90DBB88C00A4596.e.303","ELEMENT":"f.35EC4CA9F2F6AFC958B8921B3309FEC0.d.F6E96E53CBAF49FEA90DBB88C00A4596.e.303"}]}
COMMAND: GET /session/a4f54502dbf5f1afb518fbe6152fd493/screenshot - {}
RESULT: {}
RESULT: {"script":"<script> [8489 bytes]","args":[{"element-6066-11e4-a52e-4f735466cecf":"f.35EC4CA9F2F6AFC958B8921B3309FEC0.d.F6E96E53CBAF49FEA90DBB88C00A4596.e.303","ELEMENT":"f.35EC4CA9F2F6AFC958B8921B3309FEC0.d.F6E96E53CBAF49FEA90DBB88C00A4596.e.303"}]}
COMMAND: POST /session/a4f54502dbf5f1afb518fbe6152fd493/execute/sync - {"script":"<script> [5351 bytes]","args":[{"element-6066-11e4-a52e-4f735466cecf":"f.35EC4CA9F2F6AFC958B8921B3309FEC0.d.F6E96E53CBAF49FEA90DBB88C00A4596.e.303","ELEMENT":"f.35EC4CA9F2F6AFC958B8921B3309FEC0.d.F6E96E53CBAF49FEA90DBB88C00A4596.e.303"}]}
COMMAND: GET /session/a4f54502dbf5f1afb518fbe6152fd493/screenshot - {}
RESULT: {}
RESULT: {"script":"<script> [5351 bytes]","args":[{"element-6066-11e4-a52e-4f735466cecf":"f.35EC4CA9F2F6AFC958B8921B3309FEC0.d.F6E96E53CBAF49FEA90DBB88C00A4596.e.303","ELEMENT":"f.35EC4CA9F2F6AFC958B8921B3309FEC0.d.F6E96E53CBAF49FEA90DBB88C00A4596.e.303"}]}
COMMAND: POST /session/a4f54502dbf5f1afb518fbe6152fd493/element/f.35EC4CA9F2F6AFC958B8921B3309FEC0.d.F6E96E53CBAF49FEA90DBB88C00A4596.e.303/click - {}
COMMAND: GET /session/a4f54502dbf5f1afb518fbe6152fd493/screenshot - {}
RESULT: {}
RESULT: {}
COMMAND: GET /session/a4f54502dbf5f1afb518fbe6152fd493/screenshot - {}
RESULT: {}
COMMAND: POST /session/a4f54502dbf5f1afb518fbe6152fd493/element - {"using":"xpath","value":"//input[@id=\"application-manageyards-display-component---NewYard--yardId-inner\"]"}
RESULT: {}
RESULT: {"using":"xpath","value":"//input[@id=\"application-manageyards-display-component---NewYard--yardId-inner\"]"}
COMMAND: POST /session/a4f54502dbf5f1afb518fbe6152fd493/element - {"using":"xpath","value":"//input[@id=\"application-manageyards-display-component---NewYard--yardId-inner\"]"}
RESULT: {"using":"xpath","value":"//input[@id=\"application-manageyards-display-component---NewYard--yardId-inner\"]"}
COMMAND: POST /session/a4f54502dbf5f1afb518fbe6152fd493/execute/async - {"script":"<script> [1562 bytes]","args":[{"selector":{"id":"application-manageyards-display-component---NewYard--addressDetailDetailsName1","interaction":{"idSuffix":"inner"}},"wdio_ui5_key":"applicationmanageyards-display-component---NewYard--addressDetailDetailsName1"}]}
RESULT: {"script":"<script> [1562 bytes]","args":[{"selector":{"id":"application-manageyards-display-component---NewYard--addressDetailDetailsName1","interaction":{"idSuffix":"inner"}},"wdio_ui5_key":"applicationmanageyards-display-component---NewYard--addressDetailDetailsName1"}]}
RESULT: undefined
COMMAND: POST /session/a4f54502dbf5f1afb518fbe6152fd493/execute/async - {"script":"<script> [776 bytes]","args":[{"enterText":"Other Yard WDIO","selector":{"id":"application-manageyards-display-component---NewYard--addressDetailDetailsName1","interaction":{"idSuffix":"inner"}},"clearTextFirst":true,"interactionType":"ENTER_TEXT"}]}
RESULT: {"script":"<script> [776 bytes]","args":[{"enterText":"Other Yard WDIO","selector":{"id":"application-manageyards-display-component---NewYard--addressDetailDetailsName1","interaction":{"idSuffix":"inner"}},"clearTextFirst":true,"interactionType":"ENTER_TEXT"}]}
COMMAND: POST /session/a4f54502dbf5f1afb518fbe6152fd493/execute/async - {"script":"<script> [1562 bytes]","args":[{"selector":{"id":"application-manageyards-display-component---NewYard--addressDetailDetailsLanguage-arrow"},"wdio_ui5_key":"applicationmanageyards-display-component---NewYard--addressDetailDetailsLanguage-arrow"}]}
RESULT: {"script":"<script> [1562 bytes]","args":[{"selector":{"id":"application-manageyards-display-component---NewYard--addressDetailDetailsLanguage-arrow"},"wdio_ui5_key":"applicationmanageyards-display-component---NewYard--addressDetailDetailsLanguage-arrow"}]}
RESULT: undefined
COMMAND: POST /session/a4f54502dbf5f1afb518fbe6152fd493/element - {"using":"xpath","value":"//*[@id=\"application-manageyards-display-component---NewYard--addressDetailDetailsLanguage-arrow\"]"}
RESULT: {"using":"xpath","value":"//*[@id=\"application-manageyards-display-component---NewYard--addressDetailDetailsLanguage-arrow\"]"}
COMMAND: POST /session/a4f54502dbf5f1afb518fbe6152fd493/element/f.35EC4CA9F2F6AFC958B8921B3309FEC0.d.F6E96E53CBAF49FEA90DBB88C00A4596.e.735/click - {}
RESULT: {}
COMMAND: POST /session/a4f54502dbf5f1afb518fbe6152fd493/element - {"using":"xpath","value":"//span[contains(text(), \"English\")]"}
COMMAND: GET /session/a4f54502dbf5f1afb518fbe6152fd493/screenshot - {}
RESULT: {"using":"xpath","value":"//span[contains(text(), \"English\")]"}
COMMAND: POST /session/a4f54502dbf5f1afb518fbe6152fd493/element/f.35EC4CA9F2F6AFC958B8921B3309FEC0.d.F6E96E53CBAF49FEA90DBB88C00A4596.e.736/click - {}
RESULT: {}
RESULT: {}
COMMAND: POST /session/a4f54502dbf5f1afb518fbe6152fd493/execute/async - {"script":"<script> [1562 bytes]","args":[{"selector":{"id":"application-manageyards-display-component---NewYard--addressDetailDetailsCity1","interaction":{"idSuffix":"inner"}},"wdio_ui5_key":"applicationmanageyards-display-component---NewYard--addressDetailDetailsCity1"}]}
COMMAND: GET /session/a4f54502dbf5f1afb518fbe6152fd493/screenshot - {}
RESULT: {"script":"<script> [1562 bytes]","args":[{"selector":{"id":"application-manageyards-display-component---NewYard--addressDetailDetailsCity1","interaction":{"idSuffix":"inner"}},"wdio_ui5_key":"applicationmanageyards-display-component---NewYard--addressDetailDetailsCity1"}]}
RESULT: undefined
COMMAND: POST /session/a4f54502dbf5f1afb518fbe6152fd493/execute/async - {"script":"<script> [776 bytes]","args":[{"enterText":"Rosario","selector":{"id":"application-manageyards-display-component---NewYard--addressDetailDetailsCity1","interaction":{"idSuffix":"inner"}},"clearTextFirst":true,"interactionType":"ENTER_TEXT"}]}
RESULT: {}
RESULT: {"script":"<script> [776 bytes]","args":[{"enterText":"Rosario","selector":{"id":"application-manageyards-display-component---NewYard--addressDetailDetailsCity1","interaction":{"idSuffix":"inner"}},"clearTextFirst":true,"interactionType":"ENTER_TEXT"}]}
COMMAND: POST /session/a4f54502dbf5f1afb518fbe6152fd493/execute/async - {"script":"<script> [1562 bytes]","args":[{"selector":{"id":"application-manageyards-display-component---NewYard--addressDetailDetailsCountry-arrow"},"wdio_ui5_key":"applicationmanageyards-display-component---NewYard--addressDetailDetailsCountry-arrow"}]}
RESULT: {"script":"<script> [1562 bytes]","args":[{"selector":{"id":"application-manageyards-display-component---NewYard--addressDetailDetailsCountry-arrow"},"wdio_ui5_key":"applicationmanageyards-display-component---NewYard--addressDetailDetailsCountry-arrow"}]}
RESULT: undefined
COMMAND: POST /session/a4f54502dbf5f1afb518fbe6152fd493/element - {"using":"xpath","value":"//*[@id=\"application-manageyards-display-component---NewYard--addressDetailDetailsCountry-arrow\"]"}
RESULT: {"using":"xpath","value":"//*[@id=\"application-manageyards-display-component---NewYard--addressDetailDetailsCountry-arrow\"]"}
COMMAND: POST /session/a4f54502dbf5f1afb518fbe6152fd493/element/f.35EC4CA9F2F6AFC958B8921B3309FEC0.d.F6E96E53CBAF49FEA90DBB88C00A4596.e.738/click - {}
RESULT: {}
COMMAND: POST /session/a4f54502dbf5f1afb518fbe6152fd493/element - {"using":"xpath","value":"//span[contains(text(), \"Argentina\")]"}
COMMAND: GET /session/a4f54502dbf5f1afb518fbe6152fd493/screenshot - {}
RESULT: {"using":"xpath","value":"//span[contains(text(), \"Argentina\")]"}
COMMAND: POST /session/a4f54502dbf5f1afb518fbe6152fd493/element/f.35EC4CA9F2F6AFC958B8921B3309FEC0.d.F6E96E53CBAF49FEA90DBB88C00A4596.e.739/click - {}
RESULT: {}
RESULT: {}
COMMAND: POST /session/a4f54502dbf5f1afb518fbe6152fd493/execute/async - {"script":"<script> [1562 bytes]","args":[{"selector":{"id":"application-manageyards-display-component---NewYard--addressEditDetailsCostObjectCstType-arrow"},"wdio_ui5_key":"applicationmanageyards-display-component---NewYard--addressEditDetailsCostObjectCstType-arrow"}]}
COMMAND: GET /session/a4f54502dbf5f1afb518fbe6152fd493/screenshot - {}
RESULT: {"script":"<script> [1562 bytes]","args":[{"selector":{"id":"application-manageyards-display-component---NewYard--addressEditDetailsCostObjectCstType-arrow"},"wdio_ui5_key":"applicationmanageyards-display-component---NewYard--addressEditDetailsCostObjectCstType-arrow"}]}
RESULT: undefined
COMMAND: POST /session/a4f54502dbf5f1afb518fbe6152fd493/element - {"using":"xpath","value":"//*[@id=\"application-manageyards-display-component---NewYard--addressEditDetailsCostObjectCstType-arrow\"]"}
RESULT: {}
RESULT: {"using":"xpath","value":"//*[@id=\"application-manageyards-display-component---NewYard--addressEditDetailsCostObjectCstType-arrow\"]"}
COMMAND: POST /session/a4f54502dbf5f1afb518fbe6152fd493/element/f.35EC4CA9F2F6AFC958B8921B3309FEC0.d.F6E96E53CBAF49FEA90DBB88C00A4596.e.741/click - {}
RESULT: {}
COMMAND: POST /session/a4f54502dbf5f1afb518fbe6152fd493/element - {"using":"xpath","value":"//span[contains(text(), \"Cost Center\")]"}
COMMAND: GET /session/a4f54502dbf5f1afb518fbe6152fd493/screenshot - {}
RESULT: {"using":"xpath","value":"//span[contains(text(), \"Cost Center\")]"}
COMMAND: POST /session/a4f54502dbf5f1afb518fbe6152fd493/element/f.35EC4CA9F2F6AFC958B8921B3309FEC0.d.F6E96E53CBAF49FEA90DBB88C00A4596.e.742/click - {}
RESULT: {}
RESULT: {}
COMMAND: GET /session/a4f54502dbf5f1afb518fbe6152fd493/screenshot - {}
RESULT: {}
COMMAND: POST /session/a4f54502dbf5f1afb518fbe6152fd493/element - {"using":"xpath","value":"//span[@id=\"application-manageyards-display-component---NewYard--addressNewCostObjectCstID-vhi\"]"}
RESULT: {"using":"xpath","value":"//span[@id=\"application-manageyards-display-component---NewYard--addressNewCostObjectCstID-vhi\"]"}
COMMAND: POST /session/a4f54502dbf5f1afb518fbe6152fd493/execute/sync - {"script":"<script> [8489 bytes]","args":[{"element-6066-11e4-a52e-4f735466cecf":"f.35EC4CA9F2F6AFC958B8921B3309FEC0.d.F6E96E53CBAF49FEA90DBB88C00A4596.e.746","ELEMENT":"f.35EC4CA9F2F6AFC958B8921B3309FEC0.d.F6E96E53CBAF49FEA90DBB88C00A4596.e.746"}]}
RESULT: {"script":"<script> [8489 bytes]","args":[{"element-6066-11e4-a52e-4f735466cecf":"f.35EC4CA9F2F6AFC958B8921B3309FEC0.d.F6E96E53CBAF49FEA90DBB88C00A4596.e.746","ELEMENT":"f.35EC4CA9F2F6AFC958B8921B3309FEC0.d.F6E96E53CBAF49FEA90DBB88C00A4596.e.746"}]}
COMMAND: POST /session/a4f54502dbf5f1afb518fbe6152fd493/execute/async - {"script":"<script> [1562 bytes]","args":[{"selector":{"id":"application-manageyards-display-component---NewYard--addressNewCostObjectCstID-vhi"},"wdio_ui5_key":"applicationmanageyards-display-component---NewYard--addressNewCostObjectCstID-vhi"}]}
COMMAND: GET /session/a4f54502dbf5f1afb518fbe6152fd493/screenshot - {}
RESULT: {"script":"<script> [1562 bytes]","args":[{"selector":{"id":"application-manageyards-display-component---NewYard--addressNewCostObjectCstID-vhi"},"wdio_ui5_key":"applicationmanageyards-display-component---NewYard--addressNewCostObjectCstID-vhi"}]}
RESULT: undefined
COMMAND: POST /session/a4f54502dbf5f1afb518fbe6152fd493/element - {"using":"xpath","value":"//*[@id=\"application-manageyards-display-component---NewYard--addressNewCostObjectCstID-vhi\"]"}
RESULT: {}
RESULT: {"using":"xpath","value":"//*[@id=\"application-manageyards-display-component---NewYard--addressNewCostObjectCstID-vhi\"]"}
COMMAND: POST /session/a4f54502dbf5f1afb518fbe6152fd493/element/f.35EC4CA9F2F6AFC958B8921B3309FEC0.d.F6E96E53CBAF49FEA90DBB88C00A4596.e.746/click - {}
RESULT: {}
COMMAND: GET /session/a4f54502dbf5f1afb518fbe6152fd493/screenshot - {}
RESULT: {}
COMMAND: POST /session/a4f54502dbf5f1afb518fbe6152fd493/execute/async - {"script":"<script> [1562 bytes]","args":[{"selector":{"controlType":"sap.m.SearchField","properties":{"placeholder":"Search"},"searchOpenDialogs":true,"interaction":{"idSuffix":"I"}},"wdio_ui5_key":"sapm.SearchField{\"placeholder\":\"Search\"}"}]}
RESULT: {"script":"<script> [1562 bytes]","args":[{"selector":{"controlType":"sap.m.SearchField","properties":{"placeholder":"Search"},"searchOpenDialogs":true,"interaction":{"idSuffix":"I"}},"wdio_ui5_key":"sapm.SearchField{\"placeholder\":\"Search\"}"}]}
RESULT: undefined
COMMAND: POST /session/a4f54502dbf5f1afb518fbe6152fd493/execute/async - {"script":"<script> [776 bytes]","args":[{"enterText":"10001013","selector":{"controlType":"sap.m.SearchField","properties":{"placeholder":"Search"},"searchOpenDialogs":true,"interaction":{"idSuffix":"I"}},"clearTextFirst":true,"interactionType":"ENTER_TEXT"}]}
RESULT: {"script":"<script> [776 bytes]","args":[{"enterText":"10001013","selector":{"controlType":"sap.m.SearchField","properties":{"placeholder":"Search"},"searchOpenDialogs":true,"interaction":{"idSuffix":"I"}},"clearTextFirst":true,"interactionType":"ENTER_TEXT"}]}
COMMAND: POST /session/a4f54502dbf5f1afb518fbe6152fd493/actions - {"actions":[{"id":"action1","type":"key","parameters":{},"actions":[{"type":"keyDown","value":"î€‡"},{"type":"pause","duration":10},{"type":"keyUp","value":"î€‡"}]}]}
RESULT: {"actions":[{"id":"action1","type":"key","parameters":{},"actions":[{"type":"keyDown","value":"î€‡"},{"type":"pause","duration":10},{"type":"keyUp","value":"î€‡"}]}]}
COMMAND: GET /session/a4f54502dbf5f1afb518fbe6152fd493/screenshot - {}
RESULT: {}
COMMAND: POST /session/a4f54502dbf5f1afb518fbe6152fd493/element - {"using":"xpath","value":"//span[contains(text(), \"General Management\")]"}
RESULT: {"using":"xpath","value":"//span[contains(text(), \"General Management\")]"}
COMMAND: POST /session/a4f54502dbf5f1afb518fbe6152fd493/element/f.35EC4CA9F2F6AFC958B8921B3309FEC0.d.F6E96E53CBAF49FEA90DBB88C00A4596.e.787/click - {}
RESULT: {}
COMMAND: GET /session/a4f54502dbf5f1afb518fbe6152fd493/screenshot - {}
RESULT: {}
COMMAND: POST /session/a4f54502dbf5f1afb518fbe6152fd493/element - {"using":"xpath","value":"//bdi[contains(text(), \"OK\")]"}
RESULT: {"using":"xpath","value":"//bdi[contains(text(), \"OK\")]"}
COMMAND: POST /session/a4f54502dbf5f1afb518fbe6152fd493/element/f.35EC4CA9F2F6AFC958B8921B3309FEC0.d.F6E96E53CBAF49FEA90DBB88C00A4596.e.788/click - {}
RESULT: {}
COMMAND: GET /session/a4f54502dbf5f1afb518fbe6152fd493/screenshot - {}
RESULT: {}
COMMAND: POST /session/a4f54502dbf5f1afb518fbe6152fd493/execute/async - {"script":"<script> [1562 bytes]","args":[{"selector":{"id":"application-manageyards-display-component---NewYard--addressEditDetailsCurrency-arrow"},"wdio_ui5_key":"applicationmanageyards-display-component---NewYard--addressEditDetailsCurrency-arrow"}]}
RESULT: {"script":"<script> [1562 bytes]","args":[{"selector":{"id":"application-manageyards-display-component---NewYard--addressEditDetailsCurrency-arrow"},"wdio_ui5_key":"applicationmanageyards-display-component---NewYard--addressEditDetailsCurrency-arrow"}]}
RESULT: undefined
COMMAND: POST /session/a4f54502dbf5f1afb518fbe6152fd493/element - {"using":"xpath","value":"//*[@id=\"application-manageyards-display-component---NewYard--addressEditDetailsCurrency-arrow\"]"}
RESULT: {"using":"xpath","value":"//*[@id=\"application-manageyards-display-component---NewYard--addressEditDetailsCurrency-arrow\"]"}
COMMAND: POST /session/a4f54502dbf5f1afb518fbe6152fd493/element/f.35EC4CA9F2F6AFC958B8921B3309FEC0.d.F6E96E53CBAF49FEA90DBB88C00A4596.e.791/click - {}
RESULT: {}
COMMAND: POST /session/a4f54502dbf5f1afb518fbe6152fd493/element - {"using":"xpath","value":"//span[contains(text(), \"Euro\")]"}
COMMAND: GET /session/a4f54502dbf5f1afb518fbe6152fd493/screenshot - {}
RESULT: {"using":"xpath","value":"//span[contains(text(), \"Euro\")]"}
COMMAND: POST /session/a4f54502dbf5f1afb518fbe6152fd493/element/f.35EC4CA9F2F6AFC958B8921B3309FEC0.d.F6E96E53CBAF49FEA90DBB88C00A4596.e.792/click - {}
RESULT: {}
RESULT: {}
COMMAND: POST /session/a4f54502dbf5f1afb518fbe6152fd493/execute/async - {"script":"<script> [1562 bytes]","args":[{"selector":{"controlType":"sap.m.Input","viewName":"etm.portal.ui.manageyards.view.New","viewId":"application-manageyards-display-component---NewYard","bindingPath":{"path":"","propertyPath":"/CONTROLLING_AREA","modelName":"NewYardModel"},"interaction":{"idSuffix":"inner"}},"wdio_ui5_key":"etmportal.ui.manageyards.view.Newsap.m.Input{\"path\":\"\",\"propertyPath\":\"/CONTROLLING_AREA\",\"modelName\":\"NewYardModel\"}"}]}
COMMAND: GET /session/a4f54502dbf5f1afb518fbe6152fd493/screenshot - {}
RESULT: {"script":"<script> [1562 bytes]","args":[{"selector":{"controlType":"sap.m.Input","viewName":"etm.portal.ui.manageyards.view.New","viewId":"application-manageyards-display-component---NewYard","bindingPath":{"path":"","propertyPath":"/CONTROLLING_AREA","modelName":"NewYardModel"},"interaction":{"idSuffix":"inner"}},"wdio_ui5_key":"etmportal.ui.manageyards.view.Newsap.m.Input{\"path\":\"\",\"propertyPath\":\"/CONTROLLING_AREA\",\"modelName\":\"NewYardModel\"}"}]}
RESULT: undefined
COMMAND: POST /session/a4f54502dbf5f1afb518fbe6152fd493/execute/async - {"script":"<script> [776 bytes]","args":[{"enterText":"Z001","selector":{"controlType":"sap.m.Input","viewName":"etm.portal.ui.manageyards.view.New","viewId":"application-manageyards-display-component---NewYard","bindingPath":{"path":"","propertyPath":"/CONTROLLING_AREA","modelName":"NewYardModel"},"interaction":{"idSuffix":"inner"}},"clearTextFirst":true,"interactionType":"ENTER_TEXT"}]}
RESULT: {}
RESULT: {"script":"<script> [776 bytes]","args":[{"enterText":"Z001","selector":{"controlType":"sap.m.Input","viewName":"etm.portal.ui.manageyards.view.New","viewId":"application-manageyards-display-component---NewYard","bindingPath":{"path":"","propertyPath":"/CONTROLLING_AREA","modelName":"NewYardModel"},"interaction":{"idSuffix":"inner"}},"clearTextFirst":true,"interactionType":"ENTER_TEXT"}]}
COMMAND: POST /session/a4f54502dbf5f1afb518fbe6152fd493/execute/async - {"script":"<script> [1562 bytes]","args":[{"selector":{"id":"application-manageyards-display-component---NewYard--companyCodeComboBox","interaction":{"idSuffix":"inner"}},"wdio_ui5_key":"applicationmanageyards-display-component---NewYard--companyCodeComboBox"}]}
RESULT: {"script":"<script> [1562 bytes]","args":[{"selector":{"id":"application-manageyards-display-component---NewYard--companyCodeComboBox","interaction":{"idSuffix":"inner"}},"wdio_ui5_key":"applicationmanageyards-display-component---NewYard--companyCodeComboBox"}]}
RESULT: undefined
COMMAND: POST /session/a4f54502dbf5f1afb518fbe6152fd493/execute/async - {"script":"<script> [776 bytes]","args":[{"enterText":"1000","selector":{"id":"application-manageyards-display-component---NewYard--companyCodeComboBox","interaction":{"idSuffix":"inner"}},"clearTextFirst":true,"interactionType":"ENTER_TEXT"}]}
RESULT: {"script":"<script> [776 bytes]","args":[{"enterText":"1000","selector":{"id":"application-manageyards-display-component---NewYard--companyCodeComboBox","interaction":{"idSuffix":"inner"}},"clearTextFirst":true,"interactionType":"ENTER_TEXT"}]}
COMMAND: POST /session/a4f54502dbf5f1afb518fbe6152fd493/execute/async - {"script":"<script> [1562 bytes]","args":[{"selector":{"controlType":"sap.m.Input","viewName":"etm.portal.ui.manageyards.view.New","viewId":"application-manageyards-display-component---NewYard","bindingPath":{"path":"","propertyPath":"/PLANT","modelName":"NewYardModel"},"interaction":{"idSuffix":"inner"}},"wdio_ui5_key":"etmportal.ui.manageyards.view.Newsap.m.Input{\"path\":\"\",\"propertyPath\":\"/PLANT\",\"modelName\":\"NewYardModel\"}"}]}
RESULT: {"script":"<script> [1562 bytes]","args":[{"selector":{"controlType":"sap.m.Input","viewName":"etm.portal.ui.manageyards.view.New","viewId":"application-manageyards-display-component---NewYard","bindingPath":{"path":"","propertyPath":"/PLANT","modelName":"NewYardModel"},"interaction":{"idSuffix":"inner"}},"wdio_ui5_key":"etmportal.ui.manageyards.view.Newsap.m.Input{\"path\":\"\",\"propertyPath\":\"/PLANT\",\"modelName\":\"NewYardModel\"}"}]}
RESULT: undefined
COMMAND: POST /session/a4f54502dbf5f1afb518fbe6152fd493/execute/async - {"script":"<script> [776 bytes]","args":[{"enterText":"1001","selector":{"controlType":"sap.m.Input","viewName":"etm.portal.ui.manageyards.view.New","viewId":"application-manageyards-display-component---NewYard","bindingPath":{"path":"","propertyPath":"/PLANT","modelName":"NewYardModel"},"interaction":{"idSuffix":"inner"}},"clearTextFirst":true,"interactionType":"ENTER_TEXT"}]}
RESULT: {"script":"<script> [776 bytes]","args":[{"enterText":"1001","selector":{"controlType":"sap.m.Input","viewName":"etm.portal.ui.manageyards.view.New","viewId":"application-manageyards-display-component---NewYard","bindingPath":{"path":"","propertyPath":"/PLANT","modelName":"NewYardModel"},"interaction":{"idSuffix":"inner"}},"clearTextFirst":true,"interactionType":"ENTER_TEXT"}]}
COMMAND: POST /session/a4f54502dbf5f1afb518fbe6152fd493/execute/async - {"script":"<script> [1562 bytes]","args":[{"selector":{"controlType":"sap.m.Input","viewName":"etm.portal.ui.manageyards.view.New","viewId":"application-manageyards-display-component---NewYard","bindingPath":{"path":"","propertyPath":"/SALES_AREA_VKORG","modelName":"NewYardModel"},"interaction":{"idSuffix":"inner"}},"wdio_ui5_key":"etmportal.ui.manageyards.view.Newsap.m.Input{\"path\":\"\",\"propertyPath\":\"/SALES_AREA_VKORG\",\"modelName\":\"NewYardModel\"}"}]}
RESULT: {"script":"<script> [1562 bytes]","args":[{"selector":{"controlType":"sap.m.Input","viewName":"etm.portal.ui.manageyards.view.New","viewId":"application-manageyards-display-component---NewYard","bindingPath":{"path":"","propertyPath":"/SALES_AREA_VKORG","modelName":"NewYardModel"},"interaction":{"idSuffix":"inner"}},"wdio_ui5_key":"etmportal.ui.manageyards.view.Newsap.m.Input{\"path\":\"\",\"propertyPath\":\"/SALES_AREA_VKORG\",\"modelName\":\"NewYardModel\"}"}]}
RESULT: undefined
COMMAND: POST /session/a4f54502dbf5f1afb518fbe6152fd493/execute/async - {"script":"<script> [776 bytes]","args":[{"enterText":"C002","selector":{"controlType":"sap.m.Input","viewName":"etm.portal.ui.manageyards.view.New","viewId":"application-manageyards-display-component---NewYard","bindingPath":{"path":"","propertyPath":"/SALES_AREA_VKORG","modelName":"NewYardModel"},"interaction":{"idSuffix":"inner"}},"clearTextFirst":true,"interactionType":"ENTER_TEXT"}]}
RESULT: {"script":"<script> [776 bytes]","args":[{"enterText":"C002","selector":{"controlType":"sap.m.Input","viewName":"etm.portal.ui.manageyards.view.New","viewId":"application-manageyards-display-component---NewYard","bindingPath":{"path":"","propertyPath":"/SALES_AREA_VKORG","modelName":"NewYardModel"},"interaction":{"idSuffix":"inner"}},"clearTextFirst":true,"interactionType":"ENTER_TEXT"}]}
COMMAND: POST /session/a4f54502dbf5f1afb518fbe6152fd493/execute/async - {"script":"<script> [1562 bytes]","args":[{"selector":{"controlType":"sap.m.Input","viewName":"etm.portal.ui.manageyards.view.New","viewId":"application-manageyards-display-component---NewYard","bindingPath":{"path":"","propertyPath":"/SALES_AREA_VTWEG","modelName":"NewYardModel"},"interaction":{"idSuffix":"inner"}},"wdio_ui5_key":"etmportal.ui.manageyards.view.Newsap.m.Input{\"path\":\"\",\"propertyPath\":\"/SALES_AREA_VTWEG\",\"modelName\":\"NewYardModel\"}"}]}
RESULT: {"script":"<script> [1562 bytes]","args":[{"selector":{"controlType":"sap.m.Input","viewName":"etm.portal.ui.manageyards.view.New","viewId":"application-manageyards-display-component---NewYard","bindingPath":{"path":"","propertyPath":"/SALES_AREA_VTWEG","modelName":"NewYardModel"},"interaction":{"idSuffix":"inner"}},"wdio_ui5_key":"etmportal.ui.manageyards.view.Newsap.m.Input{\"path\":\"\",\"propertyPath\":\"/SALES_AREA_VTWEG\",\"modelName\":\"NewYardModel\"}"}]}
RESULT: undefined
COMMAND: POST /session/a4f54502dbf5f1afb518fbe6152fd493/execute/async - {"script":"<script> [776 bytes]","args":[{"enterText":"C2","selector":{"controlType":"sap.m.Input","viewName":"etm.portal.ui.manageyards.view.New","viewId":"application-manageyards-display-component---NewYard","bindingPath":{"path":"","propertyPath":"/SALES_AREA_VTWEG","modelName":"NewYardModel"},"interaction":{"idSuffix":"inner"}},"clearTextFirst":true,"interactionType":"ENTER_TEXT"}]}
RESULT: {"script":"<script> [776 bytes]","args":[{"enterText":"C2","selector":{"controlType":"sap.m.Input","viewName":"etm.portal.ui.manageyards.view.New","viewId":"application-manageyards-display-component---NewYard","bindingPath":{"path":"","propertyPath":"/SALES_AREA_VTWEG","modelName":"NewYardModel"},"interaction":{"idSuffix":"inner"}},"clearTextFirst":true,"interactionType":"ENTER_TEXT"}]}
COMMAND: POST /session/a4f54502dbf5f1afb518fbe6152fd493/execute/async - {"script":"<script> [1562 bytes]","args":[{"selector":{"controlType":"sap.m.Input","viewName":"etm.portal.ui.manageyards.view.New","viewId":"application-manageyards-display-component---NewYard","bindingPath":{"path":"","propertyPath":"/SALES_AREA_SPART","modelName":"NewYardModel"},"interaction":{"idSuffix":"inner"}},"wdio_ui5_key":"etmportal.ui.manageyards.view.Newsap.m.Input{\"path\":\"\",\"propertyPath\":\"/SALES_AREA_SPART\",\"modelName\":\"NewYardModel\"}"}]}
RESULT: {"script":"<script> [1562 bytes]","args":[{"selector":{"controlType":"sap.m.Input","viewName":"etm.portal.ui.manageyards.view.New","viewId":"application-manageyards-display-component---NewYard","bindingPath":{"path":"","propertyPath":"/SALES_AREA_SPART","modelName":"NewYardModel"},"interaction":{"idSuffix":"inner"}},"wdio_ui5_key":"etmportal.ui.manageyards.view.Newsap.m.Input{\"path\":\"\",\"propertyPath\":\"/SALES_AREA_SPART\",\"modelName\":\"NewYardModel\"}"}]}
RESULT: undefined
COMMAND: POST /session/a4f54502dbf5f1afb518fbe6152fd493/execute/async - {"script":"<script> [776 bytes]","args":[{"enterText":"C2","selector":{"controlType":"sap.m.Input","viewName":"etm.portal.ui.manageyards.view.New","viewId":"application-manageyards-display-component---NewYard","bindingPath":{"path":"","propertyPath":"/SALES_AREA_SPART","modelName":"NewYardModel"},"interaction":{"idSuffix":"inner"}},"clearTextFirst":true,"interactionType":"ENTER_TEXT"}]}
RESULT: {"script":"<script> [776 bytes]","args":[{"enterText":"C2","selector":{"controlType":"sap.m.Input","viewName":"etm.portal.ui.manageyards.view.New","viewId":"application-manageyards-display-component---NewYard","bindingPath":{"path":"","propertyPath":"/SALES_AREA_SPART","modelName":"NewYardModel"},"interaction":{"idSuffix":"inner"}},"clearTextFirst":true,"interactionType":"ENTER_TEXT"}]}
COMMAND: POST /session/a4f54502dbf5f1afb518fbe6152fd493/execute/async - {"script":"<script> [1562 bytes]","args":[{"selector":{"controlType":"sap.m.Input","viewName":"etm.portal.ui.manageyards.view.New","viewId":"application-manageyards-display-component---NewYard","bindingPath":{"path":"","propertyPath":"/SHIP_POINT","modelName":"NewYardModel"},"interaction":{"idSuffix":"inner"}},"wdio_ui5_key":"etmportal.ui.manageyards.view.Newsap.m.Input{\"path\":\"\",\"propertyPath\":\"/SHIP_POINT\",\"modelName\":\"NewYardModel\"}"}]}
RESULT: {"script":"<script> [1562 bytes]","args":[{"selector":{"controlType":"sap.m.Input","viewName":"etm.portal.ui.manageyards.view.New","viewId":"application-manageyards-display-component---NewYard","bindingPath":{"path":"","propertyPath":"/SHIP_POINT","modelName":"NewYardModel"},"interaction":{"idSuffix":"inner"}},"wdio_ui5_key":"etmportal.ui.manageyards.view.Newsap.m.Input{\"path\":\"\",\"propertyPath\":\"/SHIP_POINT\",\"modelName\":\"NewYardModel\"}"}]}
RESULT: undefined
COMMAND: POST /session/a4f54502dbf5f1afb518fbe6152fd493/execute/async - {"script":"<script> [776 bytes]","args":[{"enterText":"1710","selector":{"controlType":"sap.m.Input","viewName":"etm.portal.ui.manageyards.view.New","viewId":"application-manageyards-display-component---NewYard","bindingPath":{"path":"","propertyPath":"/SHIP_POINT","modelName":"NewYardModel"},"interaction":{"idSuffix":"inner"}},"clearTextFirst":true,"interactionType":"ENTER_TEXT"}]}
RESULT: {"script":"<script> [776 bytes]","args":[{"enterText":"1710","selector":{"controlType":"sap.m.Input","viewName":"etm.portal.ui.manageyards.view.New","viewId":"application-manageyards-display-component---NewYard","bindingPath":{"path":"","propertyPath":"/SHIP_POINT","modelName":"NewYardModel"},"interaction":{"idSuffix":"inner"}},"clearTextFirst":true,"interactionType":"ENTER_TEXT"}]}
COMMAND: POST /session/a4f54502dbf5f1afb518fbe6152fd493/execute/async - {"script":"<script> [1562 bytes]","args":[{"selector":{"controlType":"sap.m.Input","viewName":"etm.portal.ui.manageyards.view.New","viewId":"application-manageyards-display-component---NewYard","bindingPath":{"path":"","propertyPath":"/DELIVERY_TYPE","modelName":"NewYardModel"},"interaction":{"idSuffix":"inner"}},"wdio_ui5_key":"etmportal.ui.manageyards.view.Newsap.m.Input{\"path\":\"\",\"propertyPath\":\"/DELIVERY_TYPE\",\"modelName\":\"NewYardModel\"}"}]}
RESULT: {"script":"<script> [1562 bytes]","args":[{"selector":{"controlType":"sap.m.Input","viewName":"etm.portal.ui.manageyards.view.New","viewId":"application-manageyards-display-component---NewYard","bindingPath":{"path":"","propertyPath":"/DELIVERY_TYPE","modelName":"NewYardModel"},"interaction":{"idSuffix":"inner"}},"wdio_ui5_key":"etmportal.ui.manageyards.view.Newsap.m.Input{\"path\":\"\",\"propertyPath\":\"/DELIVERY_TYPE\",\"modelName\":\"NewYardModel\"}"}]}
RESULT: undefined
COMMAND: POST /session/a4f54502dbf5f1afb518fbe6152fd493/execute/async - {"script":"<script> [776 bytes]","args":[{"enterText":"ZL01","selector":{"controlType":"sap.m.Input","viewName":"etm.portal.ui.manageyards.view.New","viewId":"application-manageyards-display-component---NewYard","bindingPath":{"path":"","propertyPath":"/DELIVERY_TYPE","modelName":"NewYardModel"},"interaction":{"idSuffix":"inner"}},"clearTextFirst":true,"interactionType":"ENTER_TEXT"}]}
RESULT: {"script":"<script> [776 bytes]","args":[{"enterText":"ZL01","selector":{"controlType":"sap.m.Input","viewName":"etm.portal.ui.manageyards.view.New","viewId":"application-manageyards-display-component---NewYard","bindingPath":{"path":"","propertyPath":"/DELIVERY_TYPE","modelName":"NewYardModel"},"interaction":{"idSuffix":"inner"}},"clearTextFirst":true,"interactionType":"ENTER_TEXT"}]}
COMMAND: POST /session/a4f54502dbf5f1afb518fbe6152fd493/execute/async - {"script":"<script> [1562 bytes]","args":[{"selector":{"controlType":"sap.m.Input","viewName":"etm.portal.ui.manageyards.view.New","viewId":"application-manageyards-display-component---NewYard","bindingPath":{"path":"","propertyPath":"/AUART","modelName":"NewYardModel"},"interaction":{"idSuffix":"inner"}},"wdio_ui5_key":"etmportal.ui.manageyards.view.Newsap.m.Input{\"path\":\"\",\"propertyPath\":\"/AUART\",\"modelName\":\"NewYardModel\"}"}]}
RESULT: {"script":"<script> [1562 bytes]","args":[{"selector":{"controlType":"sap.m.Input","viewName":"etm.portal.ui.manageyards.view.New","viewId":"application-manageyards-display-component---NewYard","bindingPath":{"path":"","propertyPath":"/AUART","modelName":"NewYardModel"},"interaction":{"idSuffix":"inner"}},"wdio_ui5_key":"etmportal.ui.manageyards.view.Newsap.m.Input{\"path\":\"\",\"propertyPath\":\"/AUART\",\"modelName\":\"NewYardModel\"}"}]}
RESULT: undefined
COMMAND: POST /session/a4f54502dbf5f1afb518fbe6152fd493/execute/async - {"script":"<script> [776 bytes]","args":[{"enterText":"TA","selector":{"controlType":"sap.m.Input","viewName":"etm.portal.ui.manageyards.view.New","viewId":"application-manageyards-display-component---NewYard","bindingPath":{"path":"","propertyPath":"/AUART","modelName":"NewYardModel"},"interaction":{"idSuffix":"inner"}},"clearTextFirst":true,"interactionType":"ENTER_TEXT"}]}
RESULT: {"script":"<script> [776 bytes]","args":[{"enterText":"TA","selector":{"controlType":"sap.m.Input","viewName":"etm.portal.ui.manageyards.view.New","viewId":"application-manageyards-display-component---NewYard","bindingPath":{"path":"","propertyPath":"/AUART","modelName":"NewYardModel"},"interaction":{"idSuffix":"inner"}},"clearTextFirst":true,"interactionType":"ENTER_TEXT"}]}
COMMAND: POST /session/a4f54502dbf5f1afb518fbe6152fd493/element - {"using":"xpath","value":"//button[@data-kt=\"newYardSaveButton\"]"}
RESULT: {"using":"xpath","value":"//button[@data-kt=\"newYardSaveButton\"]"}
COMMAND: POST /session/a4f54502dbf5f1afb518fbe6152fd493/element/f.35EC4CA9F2F6AFC958B8921B3309FEC0.d.F6E96E53CBAF49FEA90DBB88C00A4596.e.719/click - {}
RESULT: {}
COMMAND: GET /session/a4f54502dbf5f1afb518fbe6152fd493/screenshot - {}
RESULT: {}
COMMAND: POST /session/a4f54502dbf5f1afb518fbe6152fd493/element - {"using":"xpath","value":"//header[contains(@id, 'ObjectPageLayout-headerTitle')]/div[1]/div[2]/div[1]/span[1]"}
RESULT: {"using":"xpath","value":"//header[contains(@id, 'ObjectPageLayout-headerTitle')]/div[1]/div[2]/div[1]/span[1]"}
COMMAND: POST /session/a4f54502dbf5f1afb518fbe6152fd493/elements - {"using":"xpath","value":"//header[contains(@id, 'ObjectPageLayout-headerTitle')]/div[1]/div[2]/div[1]/span[1]"}
RESULT: {"using":"xpath","value":"//header[contains(@id, 'ObjectPageLayout-headerTitle')]/div[1]/div[2]/div[1]/span[1]"}
COMMAND: POST /session/a4f54502dbf5f1afb518fbe6152fd493/execute/sync - {"script":"<script> [56 bytes]","args":[{"element-6066-11e4-a52e-4f735466cecf":"f.35EC4CA9F2F6AFC958B8921B3309FEC0.d.F6E96E53CBAF49FEA90DBB88C00A4596.e.1017","ELEMENT":"f.35EC4CA9F2F6AFC958B8921B3309FEC0.d.F6E96E53CBAF49FEA90DBB88C00A4596.e.1017"}]}
RESULT: {"script":"<script> [56 bytes]","args":[{"element-6066-11e4-a52e-4f735466cecf":"f.35EC4CA9F2F6AFC958B8921B3309FEC0.d.F6E96E53CBAF49FEA90DBB88C00A4596.e.1017","ELEMENT":"f.35EC4CA9F2F6AFC958B8921B3309FEC0.d.F6E96E53CBAF49FEA90DBB88C00A4596.e.1017"}]}
COMMAND: GET /session/a4f54502dbf5f1afb518fbe6152fd493/screenshot - {}
RESULT: {}
COMMAND: POST /session/a4f54502dbf5f1afb518fbe6152fd493/element - {"using":"css selector","value":"#shell-header-logo"}
RESULT: {"using":"css selector","value":"#shell-header-logo"}
COMMAND: POST /session/a4f54502dbf5f1afb518fbe6152fd493/element/f.35EC4CA9F2F6AFC958B8921B3309FEC0.d.F6E96E53CBAF49FEA90DBB88C00A4596.e.270/click - {}
RESULT: {}
COMMAND: GET /session/a4f54502dbf5f1afb518fbe6152fd493/screenshot - {}
RESULT: {}
COMMAND: POST /session/a4f54502dbf5f1afb518fbe6152fd493/execute/sync - {"script":"<script> [299 bytes]","args":[["getModel","getResource"]]}
RESULT: {"script":"<script> [299 bytes]","args":[["getModel","getResource"]]}
]]></system-out>
    </testcase>
    <testcase classname="chrome.135_0_7049_115.windows.Tests_for_Mass_State_Change_on_Manage_States_&amp;_Performances_US104416_US" name="Prereq Should create a new partner" time="119.748">
      <system-out><![CDATA[
COMMAND: POST /session/a4f54502dbf5f1afb518fbe6152fd493/window/fullscreen - {}
COMMAND: GET /session/a4f54502dbf5f1afb518fbe6152fd493/screenshot - {}
RESULT: {}
COMMAND: POST /session/a4f54502dbf5f1afb518fbe6152fd493/execute/async - {"script":"<script> [1562 bytes]","args":[{"selector":{"controlType":"sap.m.GenericTile","properties":{"header":"Manage Partners"}},"wdio_ui5_key":"sapm.GenericTile{\"header\":\"Manage Partners\"}"}]}
RESULT: {}
RESULT: {"script":"<script> [1562 bytes]","args":[{"selector":{"controlType":"sap.m.GenericTile","properties":{"header":"Manage Partners"}},"wdio_ui5_key":"sapm.GenericTile{\"header\":\"Manage Partners\"}"}]}
RESULT: undefined
COMMAND: POST /session/a4f54502dbf5f1afb518fbe6152fd493/element - {"using":"xpath","value":"//*[@id=\"__tile38\"]"}
RESULT: {"using":"xpath","value":"//*[@id=\"__tile38\"]"}
COMMAND: POST /session/a4f54502dbf5f1afb518fbe6152fd493/element/f.35EC4CA9F2F6AFC958B8921B3309FEC0.d.F6E96E53CBAF49FEA90DBB88C00A4596.e.156/click - {}
RESULT: {}
COMMAND: POST /session/a4f54502dbf5f1afb518fbe6152fd493/element - {"using":"xpath","value":"//button[@data-kt=\"addButton\"]"}
COMMAND: GET /session/a4f54502dbf5f1afb518fbe6152fd493/screenshot - {}
RESULT: {"using":"xpath","value":"//button[@data-kt=\"addButton\"]"}
COMMAND: POST /session/a4f54502dbf5f1afb518fbe6152fd493/elements - {"using":"xpath","value":"//button[@data-kt=\"addButton\"]"}
RESULT: {}
RESULT: {"using":"xpath","value":"//button[@data-kt=\"addButton\"]"}
COMMAND: POST /session/a4f54502dbf5f1afb518fbe6152fd493/elements - {"using":"xpath","value":"//button[@data-kt=\"addButton\"]"}
RESULT: {"using":"xpath","value":"//button[@data-kt=\"addButton\"]"}
COMMAND: POST /session/a4f54502dbf5f1afb518fbe6152fd493/elements - {"using":"xpath","value":"//button[@data-kt=\"addButton\"]"}
RESULT: {"using":"xpath","value":"//button[@data-kt=\"addButton\"]"}
COMMAND: POST /session/a4f54502dbf5f1afb518fbe6152fd493/elements - {"using":"xpath","value":"//button[@data-kt=\"addButton\"]"}
RESULT: {"using":"xpath","value":"//button[@data-kt=\"addButton\"]"}
COMMAND: POST /session/a4f54502dbf5f1afb518fbe6152fd493/elements - {"using":"xpath","value":"//button[@data-kt=\"addButton\"]"}
RESULT: {"using":"xpath","value":"//button[@data-kt=\"addButton\"]"}
COMMAND: POST /session/a4f54502dbf5f1afb518fbe6152fd493/elements - {"using":"xpath","value":"//button[@data-kt=\"addButton\"]"}
RESULT: {"using":"xpath","value":"//button[@data-kt=\"addButton\"]"}
COMMAND: POST /session/a4f54502dbf5f1afb518fbe6152fd493/elements - {"using":"xpath","value":"//button[@data-kt=\"addButton\"]"}
RESULT: {"using":"xpath","value":"//button[@data-kt=\"addButton\"]"}
COMMAND: POST /session/a4f54502dbf5f1afb518fbe6152fd493/elements - {"using":"xpath","value":"//button[@data-kt=\"addButton\"]"}
RESULT: {"using":"xpath","value":"//button[@data-kt=\"addButton\"]"}
COMMAND: POST /session/a4f54502dbf5f1afb518fbe6152fd493/elements - {"using":"xpath","value":"//button[@data-kt=\"addButton\"]"}
RESULT: {"using":"xpath","value":"//button[@data-kt=\"addButton\"]"}
COMMAND: POST /session/a4f54502dbf5f1afb518fbe6152fd493/elements - {"using":"xpath","value":"//button[@data-kt=\"addButton\"]"}
RESULT: {"using":"xpath","value":"//button[@data-kt=\"addButton\"]"}
COMMAND: POST /session/a4f54502dbf5f1afb518fbe6152fd493/elements - {"using":"xpath","value":"//button[@data-kt=\"addButton\"]"}
RESULT: {"using":"xpath","value":"//button[@data-kt=\"addButton\"]"}
COMMAND: POST /session/a4f54502dbf5f1afb518fbe6152fd493/elements - {"using":"xpath","value":"//button[@data-kt=\"addButton\"]"}
RESULT: {"using":"xpath","value":"//button[@data-kt=\"addButton\"]"}
COMMAND: POST /session/a4f54502dbf5f1afb518fbe6152fd493/elements - {"using":"xpath","value":"//button[@data-kt=\"addButton\"]"}
RESULT: {"using":"xpath","value":"//button[@data-kt=\"addButton\"]"}
COMMAND: POST /session/a4f54502dbf5f1afb518fbe6152fd493/elements - {"using":"xpath","value":"//button[@data-kt=\"addButton\"]"}
RESULT: {"using":"xpath","value":"//button[@data-kt=\"addButton\"]"}
COMMAND: POST /session/a4f54502dbf5f1afb518fbe6152fd493/elements - {"using":"xpath","value":"//button[@data-kt=\"addButton\"]"}
RESULT: {"using":"xpath","value":"//button[@data-kt=\"addButton\"]"}
COMMAND: POST /session/a4f54502dbf5f1afb518fbe6152fd493/elements - {"using":"xpath","value":"//button[@data-kt=\"addButton\"]"}
RESULT: {"using":"xpath","value":"//button[@data-kt=\"addButton\"]"}
COMMAND: POST /session/a4f54502dbf5f1afb518fbe6152fd493/elements - {"using":"xpath","value":"//button[@data-kt=\"addButton\"]"}
RESULT: {"using":"xpath","value":"//button[@data-kt=\"addButton\"]"}
COMMAND: POST /session/a4f54502dbf5f1afb518fbe6152fd493/elements - {"using":"xpath","value":"//button[@data-kt=\"addButton\"]"}
RESULT: {"using":"xpath","value":"//button[@data-kt=\"addButton\"]"}
COMMAND: POST /session/a4f54502dbf5f1afb518fbe6152fd493/elements - {"using":"xpath","value":"//button[@data-kt=\"addButton\"]"}
RESULT: {"using":"xpath","value":"//button[@data-kt=\"addButton\"]"}
COMMAND: POST /session/a4f54502dbf5f1afb518fbe6152fd493/elements - {"using":"xpath","value":"//button[@data-kt=\"addButton\"]"}
RESULT: {"using":"xpath","value":"//button[@data-kt=\"addButton\"]"}
COMMAND: POST /session/a4f54502dbf5f1afb518fbe6152fd493/elements - {"using":"xpath","value":"//button[@data-kt=\"addButton\"]"}
RESULT: {"using":"xpath","value":"//button[@data-kt=\"addButton\"]"}
COMMAND: POST /session/a4f54502dbf5f1afb518fbe6152fd493/elements - {"using":"xpath","value":"//button[@data-kt=\"addButton\"]"}
RESULT: {"using":"xpath","value":"//button[@data-kt=\"addButton\"]"}
COMMAND: POST /session/a4f54502dbf5f1afb518fbe6152fd493/element - {"using":"xpath","value":"//button[@data-kt=\"addButton\"]"}
RESULT: {"using":"xpath","value":"//button[@data-kt=\"addButton\"]"}
COMMAND: POST /session/a4f54502dbf5f1afb518fbe6152fd493/execute/sync - {"script":"<script> [8489 bytes]","args":[{"element-6066-11e4-a52e-4f735466cecf":"f.35EC4CA9F2F6AFC958B8921B3309FEC0.d.F6E96E53CBAF49FEA90DBB88C00A4596.e.1055","ELEMENT":"f.35EC4CA9F2F6AFC958B8921B3309FEC0.d.F6E96E53CBAF49FEA90DBB88C00A4596.e.1055"}]}
RESULT: {"script":"<script> [8489 bytes]","args":[{"element-6066-11e4-a52e-4f735466cecf":"f.35EC4CA9F2F6AFC958B8921B3309FEC0.d.F6E96E53CBAF49FEA90DBB88C00A4596.e.1055","ELEMENT":"f.35EC4CA9F2F6AFC958B8921B3309FEC0.d.F6E96E53CBAF49FEA90DBB88C00A4596.e.1055"}]}
COMMAND: GET /session/a4f54502dbf5f1afb518fbe6152fd493/element/f.35EC4CA9F2F6AFC958B8921B3309FEC0.d.F6E96E53CBAF49FEA90DBB88C00A4596.e.1055/enabled - {}
COMMAND: GET /session/a4f54502dbf5f1afb518fbe6152fd493/screenshot - {}
RESULT: {}
COMMAND: POST /session/a4f54502dbf5f1afb518fbe6152fd493/execute/sync - {"script":"<script> [8489 bytes]","args":[{"element-6066-11e4-a52e-4f735466cecf":"f.35EC4CA9F2F6AFC958B8921B3309FEC0.d.F6E96E53CBAF49FEA90DBB88C00A4596.e.1055","ELEMENT":"f.35EC4CA9F2F6AFC958B8921B3309FEC0.d.F6E96E53CBAF49FEA90DBB88C00A4596.e.1055"}]}
COMMAND: GET /session/a4f54502dbf5f1afb518fbe6152fd493/screenshot - {}
RESULT: {}
RESULT: {"script":"<script> [8489 bytes]","args":[{"element-6066-11e4-a52e-4f735466cecf":"f.35EC4CA9F2F6AFC958B8921B3309FEC0.d.F6E96E53CBAF49FEA90DBB88C00A4596.e.1055","ELEMENT":"f.35EC4CA9F2F6AFC958B8921B3309FEC0.d.F6E96E53CBAF49FEA90DBB88C00A4596.e.1055"}]}
COMMAND: POST /session/a4f54502dbf5f1afb518fbe6152fd493/execute/sync - {"script":"<script> [5351 bytes]","args":[{"element-6066-11e4-a52e-4f735466cecf":"f.35EC4CA9F2F6AFC958B8921B3309FEC0.d.F6E96E53CBAF49FEA90DBB88C00A4596.e.1055","ELEMENT":"f.35EC4CA9F2F6AFC958B8921B3309FEC0.d.F6E96E53CBAF49FEA90DBB88C00A4596.e.1055"}]}
COMMAND: GET /session/a4f54502dbf5f1afb518fbe6152fd493/screenshot - {}
RESULT: {}
RESULT: {"script":"<script> [5351 bytes]","args":[{"element-6066-11e4-a52e-4f735466cecf":"f.35EC4CA9F2F6AFC958B8921B3309FEC0.d.F6E96E53CBAF49FEA90DBB88C00A4596.e.1055","ELEMENT":"f.35EC4CA9F2F6AFC958B8921B3309FEC0.d.F6E96E53CBAF49FEA90DBB88C00A4596.e.1055"}]}
COMMAND: POST /session/a4f54502dbf5f1afb518fbe6152fd493/element/f.35EC4CA9F2F6AFC958B8921B3309FEC0.d.F6E96E53CBAF49FEA90DBB88C00A4596.e.1055/click - {}
COMMAND: GET /session/a4f54502dbf5f1afb518fbe6152fd493/screenshot - {}
RESULT: {}
RESULT: {}
COMMAND: GET /session/a4f54502dbf5f1afb518fbe6152fd493/screenshot - {}
COMMAND: POST /session/a4f54502dbf5f1afb518fbe6152fd493/execute/async - {"script":"<script> [1562 bytes]","args":[{"selector":{"id":"application-managepartners-display-component---NewPartner--addressDetailDetailsName1","interaction":{"idSuffix":"inner"}},"wdio_ui5_key":"applicationmanagepartners-display-component---NewPartner--addressDetailDetailsName1"}]}
RESULT: {}
RESULT: {}
RESULT: {"script":"<script> [1562 bytes]","args":[{"selector":{"id":"application-managepartners-display-component---NewPartner--addressDetailDetailsName1","interaction":{"idSuffix":"inner"}},"wdio_ui5_key":"applicationmanagepartners-display-component---NewPartner--addressDetailDetailsName1"}]}
RESULT: undefined
COMMAND: POST /session/a4f54502dbf5f1afb518fbe6152fd493/execute/async - {"script":"<script> [776 bytes]","args":[{"enterText":"Intracompany Partner WDIO","selector":{"id":"application-managepartners-display-component---NewPartner--addressDetailDetailsName1","interaction":{"idSuffix":"inner"}},"clearTextFirst":true,"interactionType":"ENTER_TEXT"}]}
RESULT: {"script":"<script> [776 bytes]","args":[{"enterText":"Intracompany Partner WDIO","selector":{"id":"application-managepartners-display-component---NewPartner--addressDetailDetailsName1","interaction":{"idSuffix":"inner"}},"clearTextFirst":true,"interactionType":"ENTER_TEXT"}]}
COMMAND: POST /session/a4f54502dbf5f1afb518fbe6152fd493/execute/async - {"script":"<script> [1562 bytes]","args":[{"selector":{"id":"application-managepartners-display-component---NewPartner--addressDetailDetailsLanguage-arrow"},"wdio_ui5_key":"applicationmanagepartners-display-component---NewPartner--addressDetailDetailsLanguage-arrow"}]}
RESULT: {"script":"<script> [1562 bytes]","args":[{"selector":{"id":"application-managepartners-display-component---NewPartner--addressDetailDetailsLanguage-arrow"},"wdio_ui5_key":"applicationmanagepartners-display-component---NewPartner--addressDetailDetailsLanguage-arrow"}]}
RESULT: undefined
COMMAND: POST /session/a4f54502dbf5f1afb518fbe6152fd493/element - {"using":"xpath","value":"//*[@id=\"application-managepartners-display-component---NewPartner--addressDetailDetailsLanguage-arrow\"]"}
RESULT: {"using":"xpath","value":"//*[@id=\"application-managepartners-display-component---NewPartner--addressDetailDetailsLanguage-arrow\"]"}
COMMAND: POST /session/a4f54502dbf5f1afb518fbe6152fd493/element/f.35EC4CA9F2F6AFC958B8921B3309FEC0.d.F6E96E53CBAF49FEA90DBB88C00A4596.e.1501/click - {}
RESULT: {}
COMMAND: POST /session/a4f54502dbf5f1afb518fbe6152fd493/element - {"using":"xpath","value":"//span[contains(text(), \"English\")]"}
COMMAND: GET /session/a4f54502dbf5f1afb518fbe6152fd493/screenshot - {}
RESULT: {"using":"xpath","value":"//span[contains(text(), \"English\")]"}
COMMAND: POST /session/a4f54502dbf5f1afb518fbe6152fd493/element/f.35EC4CA9F2F6AFC958B8921B3309FEC0.d.F6E96E53CBAF49FEA90DBB88C00A4596.e.1502/click - {}
RESULT: {}
RESULT: {}
COMMAND: GET /session/a4f54502dbf5f1afb518fbe6152fd493/screenshot - {}
RESULT: {}
COMMAND: POST /session/a4f54502dbf5f1afb518fbe6152fd493/execute/async - {"script":"<script> [1562 bytes]","args":[{"selector":{"id":"application-managepartners-display-component---NewPartner--addressDetailDetailsCity1","interaction":{"idSuffix":"inner"}},"wdio_ui5_key":"applicationmanagepartners-display-component---NewPartner--addressDetailDetailsCity1"}]}
RESULT: {"script":"<script> [1562 bytes]","args":[{"selector":{"id":"application-managepartners-display-component---NewPartner--addressDetailDetailsCity1","interaction":{"idSuffix":"inner"}},"wdio_ui5_key":"applicationmanagepartners-display-component---NewPartner--addressDetailDetailsCity1"}]}
RESULT: undefined
COMMAND: POST /session/a4f54502dbf5f1afb518fbe6152fd493/execute/async - {"script":"<script> [776 bytes]","args":[{"enterText":"Rosario","selector":{"id":"application-managepartners-display-component---NewPartner--addressDetailDetailsCity1","interaction":{"idSuffix":"inner"}},"clearTextFirst":true,"interactionType":"ENTER_TEXT"}]}
RESULT: {"script":"<script> [776 bytes]","args":[{"enterText":"Rosario","selector":{"id":"application-managepartners-display-component---NewPartner--addressDetailDetailsCity1","interaction":{"idSuffix":"inner"}},"clearTextFirst":true,"interactionType":"ENTER_TEXT"}]}
COMMAND: POST /session/a4f54502dbf5f1afb518fbe6152fd493/execute/async - {"script":"<script> [1562 bytes]","args":[{"selector":{"id":"application-managepartners-display-component---NewPartner--addressDetailDetailsCountry-arrow"},"wdio_ui5_key":"applicationmanagepartners-display-component---NewPartner--addressDetailDetailsCountry-arrow"}]}
RESULT: {"script":"<script> [1562 bytes]","args":[{"selector":{"id":"application-managepartners-display-component---NewPartner--addressDetailDetailsCountry-arrow"},"wdio_ui5_key":"applicationmanagepartners-display-component---NewPartner--addressDetailDetailsCountry-arrow"}]}
RESULT: undefined
COMMAND: POST /session/a4f54502dbf5f1afb518fbe6152fd493/element - {"using":"xpath","value":"//*[@id=\"application-managepartners-display-component---NewPartner--addressDetailDetailsCountry-arrow\"]"}
RESULT: {"using":"xpath","value":"//*[@id=\"application-managepartners-display-component---NewPartner--addressDetailDetailsCountry-arrow\"]"}
COMMAND: POST /session/a4f54502dbf5f1afb518fbe6152fd493/element/f.35EC4CA9F2F6AFC958B8921B3309FEC0.d.F6E96E53CBAF49FEA90DBB88C00A4596.e.1488/click - {}
RESULT: {}
COMMAND: POST /session/a4f54502dbf5f1afb518fbe6152fd493/element - {"using":"xpath","value":"//span[contains(text(), \"Argentina\")]"}
COMMAND: GET /session/a4f54502dbf5f1afb518fbe6152fd493/screenshot - {}
RESULT: {"using":"xpath","value":"//span[contains(text(), \"Argentina\")]"}
COMMAND: POST /session/a4f54502dbf5f1afb518fbe6152fd493/element/f.35EC4CA9F2F6AFC958B8921B3309FEC0.d.F6E96E53CBAF49FEA90DBB88C00A4596.e.1504/click - {}
RESULT: {}
RESULT: {}
COMMAND: GET /session/a4f54502dbf5f1afb518fbe6152fd493/screenshot - {}
RESULT: {}
COMMAND: POST /session/a4f54502dbf5f1afb518fbe6152fd493/element - {"using":"xpath","value":"//bdi[contains(text(), \"Commercial\")]"}
RESULT: {"using":"xpath","value":"//bdi[contains(text(), \"Commercial\")]"}
COMMAND: POST /session/a4f54502dbf5f1afb518fbe6152fd493/element/f.35EC4CA9F2F6AFC958B8921B3309FEC0.d.F6E96E53CBAF49FEA90DBB88C00A4596.e.1505/click - {}
RESULT: {}
COMMAND: GET /session/a4f54502dbf5f1afb518fbe6152fd493/screenshot - {}
RESULT: {}
COMMAND: POST /session/a4f54502dbf5f1afb518fbe6152fd493/execute/async - {"script":"<script> [1562 bytes]","args":[{"selector":{"id":"application-managepartners-display-component---NewPartner--partnerDetailInternal-arrow"},"wdio_ui5_key":"applicationmanagepartners-display-component---NewPartner--partnerDetailInternal-arrow"}]}
RESULT: {"script":"<script> [1562 bytes]","args":[{"selector":{"id":"application-managepartners-display-component---NewPartner--partnerDetailInternal-arrow"},"wdio_ui5_key":"applicationmanagepartners-display-component---NewPartner--partnerDetailInternal-arrow"}]}
RESULT: undefined
COMMAND: POST /session/a4f54502dbf5f1afb518fbe6152fd493/element - {"using":"xpath","value":"//*[@id=\"application-managepartners-display-component---NewPartner--partnerDetailInternal-arrow\"]"}
RESULT: {"using":"xpath","value":"//*[@id=\"application-managepartners-display-component---NewPartner--partnerDetailInternal-arrow\"]"}
COMMAND: POST /session/a4f54502dbf5f1afb518fbe6152fd493/element/f.35EC4CA9F2F6AFC958B8921B3309FEC0.d.F6E96E53CBAF49FEA90DBB88C00A4596.e.1511/click - {}
RESULT: {}
COMMAND: POST /session/a4f54502dbf5f1afb518fbe6152fd493/element - {"using":"xpath","value":"//span[contains(text(), \"Affiliated company\")]"}
COMMAND: GET /session/a4f54502dbf5f1afb518fbe6152fd493/screenshot - {}
RESULT: {"using":"xpath","value":"//span[contains(text(), \"Affiliated company\")]"}
COMMAND: POST /session/a4f54502dbf5f1afb518fbe6152fd493/element/f.35EC4CA9F2F6AFC958B8921B3309FEC0.d.F6E96E53CBAF49FEA90DBB88C00A4596.e.1512/click - {}
RESULT: {}
RESULT: {}
COMMAND: POST /session/a4f54502dbf5f1afb518fbe6152fd493/execute/async - {"script":"<script> [1562 bytes]","args":[{"selector":{"id":"application-managepartners-display-component---NewPartner--partnerDetailsCurrency-arrow"},"wdio_ui5_key":"applicationmanagepartners-display-component---NewPartner--partnerDetailsCurrency-arrow"}]}
COMMAND: GET /session/a4f54502dbf5f1afb518fbe6152fd493/screenshot - {}
RESULT: {"script":"<script> [1562 bytes]","args":[{"selector":{"id":"application-managepartners-display-component---NewPartner--partnerDetailsCurrency-arrow"},"wdio_ui5_key":"applicationmanagepartners-display-component---NewPartner--partnerDetailsCurrency-arrow"}]}
RESULT: undefined
COMMAND: POST /session/a4f54502dbf5f1afb518fbe6152fd493/element - {"using":"xpath","value":"//*[@id=\"application-managepartners-display-component---NewPartner--partnerDetailsCurrency-arrow\"]"}
RESULT: {}
RESULT: {"using":"xpath","value":"//*[@id=\"application-managepartners-display-component---NewPartner--partnerDetailsCurrency-arrow\"]"}
COMMAND: POST /session/a4f54502dbf5f1afb518fbe6152fd493/element/f.35EC4CA9F2F6AFC958B8921B3309FEC0.d.F6E96E53CBAF49FEA90DBB88C00A4596.e.1519/click - {}
RESULT: {}
COMMAND: POST /session/a4f54502dbf5f1afb518fbe6152fd493/element - {"using":"xpath","value":"//span[contains(text(), \"Euro\")]"}
COMMAND: GET /session/a4f54502dbf5f1afb518fbe6152fd493/screenshot - {}
RESULT: {"using":"xpath","value":"//span[contains(text(), \"Euro\")]"}
COMMAND: POST /session/a4f54502dbf5f1afb518fbe6152fd493/element/f.35EC4CA9F2F6AFC958B8921B3309FEC0.d.F6E96E53CBAF49FEA90DBB88C00A4596.e.1520/click - {}
RESULT: {}
RESULT: {}
COMMAND: POST /session/a4f54502dbf5f1afb518fbe6152fd493/execute/async - {"script":"<script> [1562 bytes]","args":[{"selector":{"id":"application-managepartners-display-component---NewPartner--addressEditDetailsCostObjectCstType-arrow"},"wdio_ui5_key":"applicationmanagepartners-display-component---NewPartner--addressEditDetailsCostObjectCstType-arrow"}]}
COMMAND: GET /session/a4f54502dbf5f1afb518fbe6152fd493/screenshot - {}
RESULT: {"script":"<script> [1562 bytes]","args":[{"selector":{"id":"application-managepartners-display-component---NewPartner--addressEditDetailsCostObjectCstType-arrow"},"wdio_ui5_key":"applicationmanagepartners-display-component---NewPartner--addressEditDetailsCostObjectCstType-arrow"}]}
RESULT: undefined
COMMAND: POST /session/a4f54502dbf5f1afb518fbe6152fd493/element - {"using":"xpath","value":"//*[@id=\"application-managepartners-display-component---NewPartner--addressEditDetailsCostObjectCstType-arrow\"]"}
RESULT: {}
RESULT: {"using":"xpath","value":"//*[@id=\"application-managepartners-display-component---NewPartner--addressEditDetailsCostObjectCstType-arrow\"]"}
COMMAND: POST /session/a4f54502dbf5f1afb518fbe6152fd493/element/f.35EC4CA9F2F6AFC958B8921B3309FEC0.d.F6E96E53CBAF49FEA90DBB88C00A4596.e.1521/click - {}
RESULT: {}
COMMAND: POST /session/a4f54502dbf5f1afb518fbe6152fd493/element - {"using":"xpath","value":"//span[contains(text(), \"Cost Center\")]"}
COMMAND: GET /session/a4f54502dbf5f1afb518fbe6152fd493/screenshot - {}
RESULT: {"using":"xpath","value":"//span[contains(text(), \"Cost Center\")]"}
COMMAND: POST /session/a4f54502dbf5f1afb518fbe6152fd493/element/f.35EC4CA9F2F6AFC958B8921B3309FEC0.d.F6E96E53CBAF49FEA90DBB88C00A4596.e.1522/click - {}
RESULT: {}
RESULT: {}
COMMAND: GET /session/a4f54502dbf5f1afb518fbe6152fd493/screenshot - {}
RESULT: {}
COMMAND: POST /session/a4f54502dbf5f1afb518fbe6152fd493/element - {"using":"xpath","value":"//span[@id=\"application-managepartners-display-component---NewPartner--addressNewCostObjectCstID-vhi\"]"}
RESULT: {"using":"xpath","value":"//span[@id=\"application-managepartners-display-component---NewPartner--addressNewCostObjectCstID-vhi\"]"}
COMMAND: POST /session/a4f54502dbf5f1afb518fbe6152fd493/execute/sync - {"script":"<script> [8489 bytes]","args":[{"element-6066-11e4-a52e-4f735466cecf":"f.35EC4CA9F2F6AFC958B8921B3309FEC0.d.F6E96E53CBAF49FEA90DBB88C00A4596.e.1526","ELEMENT":"f.35EC4CA9F2F6AFC958B8921B3309FEC0.d.F6E96E53CBAF49FEA90DBB88C00A4596.e.1526"}]}
RESULT: {"script":"<script> [8489 bytes]","args":[{"element-6066-11e4-a52e-4f735466cecf":"f.35EC4CA9F2F6AFC958B8921B3309FEC0.d.F6E96E53CBAF49FEA90DBB88C00A4596.e.1526","ELEMENT":"f.35EC4CA9F2F6AFC958B8921B3309FEC0.d.F6E96E53CBAF49FEA90DBB88C00A4596.e.1526"}]}
COMMAND: POST /session/a4f54502dbf5f1afb518fbe6152fd493/execute/async - {"script":"<script> [1562 bytes]","args":[{"selector":{"id":"application-managepartners-display-component---NewPartner--addressNewCostObjectCstID-vhi"},"wdio_ui5_key":"applicationmanagepartners-display-component---NewPartner--addressNewCostObjectCstID-vhi"}]}
COMMAND: GET /session/a4f54502dbf5f1afb518fbe6152fd493/screenshot - {}
RESULT: {"script":"<script> [1562 bytes]","args":[{"selector":{"id":"application-managepartners-display-component---NewPartner--addressNewCostObjectCstID-vhi"},"wdio_ui5_key":"applicationmanagepartners-display-component---NewPartner--addressNewCostObjectCstID-vhi"}]}
RESULT: undefined
COMMAND: POST /session/a4f54502dbf5f1afb518fbe6152fd493/element - {"using":"xpath","value":"//*[@id=\"application-managepartners-display-component---NewPartner--addressNewCostObjectCstID-vhi\"]"}
RESULT: {}
RESULT: {"using":"xpath","value":"//*[@id=\"application-managepartners-display-component---NewPartner--addressNewCostObjectCstID-vhi\"]"}
COMMAND: POST /session/a4f54502dbf5f1afb518fbe6152fd493/element/f.35EC4CA9F2F6AFC958B8921B3309FEC0.d.F6E96E53CBAF49FEA90DBB88C00A4596.e.1526/click - {}
RESULT: {}
COMMAND: GET /session/a4f54502dbf5f1afb518fbe6152fd493/screenshot - {}
RESULT: {}
RESULT: undefined
COMMAND: POST /session/a4f54502dbf5f1afb518fbe6152fd493/execute/async - {"script":"<script> [776 bytes]","args":[{"enterText":"10001013","selector":{"controlType":"sap.m.SearchField","properties":{"placeholder":"Search"},"searchOpenDialogs":true,"interaction":{"idSuffix":"I"}},"clearTextFirst":true,"interactionType":"ENTER_TEXT"}]}
RESULT: {"script":"<script> [776 bytes]","args":[{"enterText":"10001013","selector":{"controlType":"sap.m.SearchField","properties":{"placeholder":"Search"},"searchOpenDialogs":true,"interaction":{"idSuffix":"I"}},"clearTextFirst":true,"interactionType":"ENTER_TEXT"}]}
COMMAND: POST /session/a4f54502dbf5f1afb518fbe6152fd493/actions - {"actions":[{"id":"action2","type":"key","parameters":{},"actions":[{"type":"keyDown","value":"î€‡"},{"type":"pause","duration":10},{"type":"keyUp","value":"î€‡"}]}]}
RESULT: {"actions":[{"id":"action2","type":"key","parameters":{},"actions":[{"type":"keyDown","value":"î€‡"},{"type":"pause","duration":10},{"type":"keyUp","value":"î€‡"}]}]}
COMMAND: GET /session/a4f54502dbf5f1afb518fbe6152fd493/screenshot - {}
RESULT: {}
COMMAND: POST /session/a4f54502dbf5f1afb518fbe6152fd493/element - {"using":"xpath","value":"//span[contains(text(), \"General Management\")]"}
RESULT: {"using":"xpath","value":"//span[contains(text(), \"General Management\")]"}
COMMAND: POST /session/a4f54502dbf5f1afb518fbe6152fd493/element/f.35EC4CA9F2F6AFC958B8921B3309FEC0.d.F6E96E53CBAF49FEA90DBB88C00A4596.e.1564/click - {}
RESULT: {}
COMMAND: GET /session/a4f54502dbf5f1afb518fbe6152fd493/screenshot - {}
RESULT: {}
COMMAND: POST /session/a4f54502dbf5f1afb518fbe6152fd493/element - {"using":"xpath","value":"//bdi[contains(text(), \"OK\")]"}
RESULT: {"using":"xpath","value":"//bdi[contains(text(), \"OK\")]"}
COMMAND: POST /session/a4f54502dbf5f1afb518fbe6152fd493/element/f.35EC4CA9F2F6AFC958B8921B3309FEC0.d.F6E96E53CBAF49FEA90DBB88C00A4596.e.1565/click - {}
RESULT: {}
COMMAND: GET /session/a4f54502dbf5f1afb518fbe6152fd493/screenshot - {}
RESULT: {}
COMMAND: POST /session/a4f54502dbf5f1afb518fbe6152fd493/element - {"using":"xpath","value":"//input[@id=\"application-managepartners-display-component---NewPartner--companyCodeComboBox-inner\"]"}
RESULT: {"using":"xpath","value":"//input[@id=\"application-managepartners-display-component---NewPartner--companyCodeComboBox-inner\"]"}
COMMAND: POST /session/a4f54502dbf5f1afb518fbe6152fd493/element/f.35EC4CA9F2F6AFC958B8921B3309FEC0.d.F6E96E53CBAF49FEA90DBB88C00A4596.e.1368/clear - {}
RESULT: {}
COMMAND: POST /session/a4f54502dbf5f1afb518fbe6152fd493/element/f.35EC4CA9F2F6AFC958B8921B3309FEC0.d.F6E96E53CBAF49FEA90DBB88C00A4596.e.1368/value - {"text":"1000"}
COMMAND: GET /session/a4f54502dbf5f1afb518fbe6152fd493/screenshot - {}
RESULT: {"text":"1000"}
COMMAND: GET /session/a4f54502dbf5f1afb518fbe6152fd493/screenshot - {}
RESULT: {}
RESULT: {}
COMMAND: POST /session/a4f54502dbf5f1afb518fbe6152fd493/element - {"using":"xpath","value":"//li[.//span[text()= \"1000\"]]"}
RESULT: {"using":"xpath","value":"//li[.//span[text()= \"1000\"]]"}
COMMAND: POST /session/a4f54502dbf5f1afb518fbe6152fd493/element/f.35EC4CA9F2F6AFC958B8921B3309FEC0.d.F6E96E53CBAF49FEA90DBB88C00A4596.e.1571/click - {}
RESULT: {}
COMMAND: GET /session/a4f54502dbf5f1afb518fbe6152fd493/screenshot - {}
RESULT: {}
COMMAND: POST /session/a4f54502dbf5f1afb518fbe6152fd493/execute/async - {"script":"<script> [1562 bytes]","args":[{"selector":{"id":"application-managepartners-display-component---NewPartner--btnAddTableRow-img"},"wdio_ui5_key":"applicationmanagepartners-display-component---NewPartner--btnAddTableRow-img"}]}
RESULT: {"script":"<script> [1562 bytes]","args":[{"selector":{"id":"application-managepartners-display-component---NewPartner--btnAddTableRow-img"},"wdio_ui5_key":"applicationmanagepartners-display-component---NewPartner--btnAddTableRow-img"}]}
RESULT: undefined
COMMAND: POST /session/a4f54502dbf5f1afb518fbe6152fd493/element - {"using":"xpath","value":"//*[@id=\"application-managepartners-display-component---NewPartner--btnAddTableRow-img\"]"}
RESULT: {"using":"xpath","value":"//*[@id=\"application-managepartners-display-component---NewPartner--btnAddTableRow-img\"]"}
COMMAND: POST /session/a4f54502dbf5f1afb518fbe6152fd493/element/f.35EC4CA9F2F6AFC958B8921B3309FEC0.d.F6E96E53CBAF49FEA90DBB88C00A4596.e.1572/click - {}
RESULT: {}
COMMAND: GET /session/a4f54502dbf5f1afb518fbe6152fd493/screenshot - {}
RESULT: {}
COMMAND: POST /session/a4f54502dbf5f1afb518fbe6152fd493/element - {"using":"xpath","value":"//input[@id=\"application-managepartners-display-component---NewPartner--assignmentYard-application-managepartners-display-component---NewPartner--assignmentsTable-0-inner\"]"}
RESULT: {"using":"xpath","value":"//input[@id=\"application-managepartners-display-component---NewPartner--assignmentYard-application-managepartners-display-component---NewPartner--assignmentsTable-0-inner\"]"}
COMMAND: POST /session/a4f54502dbf5f1afb518fbe6152fd493/element/f.35EC4CA9F2F6AFC958B8921B3309FEC0.d.F6E96E53CBAF49FEA90DBB88C00A4596.e.1575/clear - {}
RESULT: {}
COMMAND: POST /session/a4f54502dbf5f1afb518fbe6152fd493/element/f.35EC4CA9F2F6AFC958B8921B3309FEC0.d.F6E96E53CBAF49FEA90DBB88C00A4596.e.1575/value - {"text":"674"}
COMMAND: GET /session/a4f54502dbf5f1afb518fbe6152fd493/screenshot - {}
RESULT: {}
RESULT: {"text":"674"}
COMMAND: GET /session/a4f54502dbf5f1afb518fbe6152fd493/screenshot - {}
RESULT: {}
COMMAND: POST /session/a4f54502dbf5f1afb518fbe6152fd493/element - {"using":"xpath","value":"//li[.//span[text()='674']]"}
RESULT: {"using":"xpath","value":"//li[.//span[text()='674']]"}
COMMAND: POST /session/a4f54502dbf5f1afb518fbe6152fd493/element/f.35EC4CA9F2F6AFC958B8921B3309FEC0.d.F6E96E53CBAF49FEA90DBB88C00A4596.e.1584/click - {}
RESULT: {}
COMMAND: GET /session/a4f54502dbf5f1afb518fbe6152fd493/screenshot - {}
RESULT: {}
COMMAND: POST /session/a4f54502dbf5f1afb518fbe6152fd493/actions - {"actions":[{"id":"action3","type":"key","parameters":{},"actions":[{"type":"keyDown","value":"î€‡"},{"type":"pause","duration":10},{"type":"keyUp","value":"î€‡"}]}]}
RESULT: {"actions":[{"id":"action3","type":"key","parameters":{},"actions":[{"type":"keyDown","value":"î€‡"},{"type":"pause","duration":10},{"type":"keyUp","value":"î€‡"}]}]}
COMMAND: POST /session/a4f54502dbf5f1afb518fbe6152fd493/execute/async - {"script":"<script> [1562 bytes]","args":[{"selector":{"id":"application-managepartners-display-component---NewPartner--externalCustomerComboBox-application-managepartners-display-component---NewPartner--assignmentsTable-0-vhi"},"wdio_ui5_key":"applicationmanagepartners-display-component---NewPartner--externalCustomerComboBox-application-managepartners-display-component---NewPartner--assignmentsTable-0-vhi"}]}
COMMAND: GET /session/a4f54502dbf5f1afb518fbe6152fd493/screenshot - {}
RESULT: {"script":"<script> [1562 bytes]","args":[{"selector":{"id":"application-managepartners-display-component---NewPartner--externalCustomerComboBox-application-managepartners-display-component---NewPartner--assignmentsTable-0-vhi"},"wdio_ui5_key":"applicationmanagepartners-display-component---NewPartner--externalCustomerComboBox-application-managepartners-display-component---NewPartner--assignmentsTable-0-vhi"}]}
RESULT: undefined
COMMAND: POST /session/a4f54502dbf5f1afb518fbe6152fd493/element - {"using":"xpath","value":"//*[@id=\"application-managepartners-display-component---NewPartner--externalCustomerComboBox-application-managepartners-display-component---NewPartner--assignmentsTable-0-vhi\"]"}
RESULT: {}
RESULT: {"using":"xpath","value":"//*[@id=\"application-managepartners-display-component---NewPartner--externalCustomerComboBox-application-managepartners-display-component---NewPartner--assignmentsTable-0-vhi\"]"}
COMMAND: POST /session/a4f54502dbf5f1afb518fbe6152fd493/element/f.35EC4CA9F2F6AFC958B8921B3309FEC0.d.F6E96E53CBAF49FEA90DBB88C00A4596.e.1588/click - {}
RESULT: {}
RESULT: undefined
COMMAND: POST /session/a4f54502dbf5f1afb518fbe6152fd493/execute/async - {"script":"<script> [776 bytes]","args":[{"enterText":"300003","selector":{"controlType":"sap.m.SearchField","properties":{"placeholder":"Search"},"searchOpenDialogs":true,"interaction":{"idSuffix":"I"}},"clearTextFirst":true,"interactionType":"ENTER_TEXT"}]}
COMMAND: GET /session/a4f54502dbf5f1afb518fbe6152fd493/screenshot - {}
RESULT: {"script":"<script> [776 bytes]","args":[{"enterText":"300003","selector":{"controlType":"sap.m.SearchField","properties":{"placeholder":"Search"},"searchOpenDialogs":true,"interaction":{"idSuffix":"I"}},"clearTextFirst":true,"interactionType":"ENTER_TEXT"}]}
COMMAND: POST /session/a4f54502dbf5f1afb518fbe6152fd493/actions - {"actions":[{"id":"action4","type":"key","parameters":{},"actions":[{"type":"keyDown","value":"î€‡"},{"type":"pause","duration":10},{"type":"keyUp","value":"î€‡"}]}]}
RESULT: {}
RESULT: {"actions":[{"id":"action4","type":"key","parameters":{},"actions":[{"type":"keyDown","value":"î€‡"},{"type":"pause","duration":10},{"type":"keyUp","value":"î€‡"}]}]}
COMMAND: GET /session/a4f54502dbf5f1afb518fbe6152fd493/screenshot - {}
RESULT: {}
COMMAND: POST /session/a4f54502dbf5f1afb518fbe6152fd493/element - {"using":"xpath","value":"//span[contains(text(), \"300003\")]"}
RESULT: {"using":"xpath","value":"//span[contains(text(), \"300003\")]"}
COMMAND: POST /session/a4f54502dbf5f1afb518fbe6152fd493/element/f.35EC4CA9F2F6AFC958B8921B3309FEC0.d.F6E96E53CBAF49FEA90DBB88C00A4596.e.1606/click - {}
RESULT: {}
COMMAND: GET /session/a4f54502dbf5f1afb518fbe6152fd493/screenshot - {}
RESULT: {}
COMMAND: POST /session/a4f54502dbf5f1afb518fbe6152fd493/element - {"using":"xpath","value":"//bdi[contains(text(), \"OK\")]"}
RESULT: {"using":"xpath","value":"//bdi[contains(text(), \"OK\")]"}
COMMAND: POST /session/a4f54502dbf5f1afb518fbe6152fd493/element/f.35EC4CA9F2F6AFC958B8921B3309FEC0.d.F6E96E53CBAF49FEA90DBB88C00A4596.e.1608/click - {}
RESULT: {}
COMMAND: GET /session/a4f54502dbf5f1afb518fbe6152fd493/screenshot - {}
RESULT: {}
COMMAND: POST /session/a4f54502dbf5f1afb518fbe6152fd493/execute/async - {"script":"<script> [1562 bytes]","args":[{"selector":{"id":"application-managepartners-display-component---NewPartner--intercompVendorComboBox-application-managepartners-display-component---NewPartner--assignmentsTable-0-vhi"},"wdio_ui5_key":"applicationmanagepartners-display-component---NewPartner--intercompVendorComboBox-application-managepartners-display-component---NewPartner--assignmentsTable-0-vhi"}]}
RESULT: {"script":"<script> [1562 bytes]","args":[{"selector":{"id":"application-managepartners-display-component---NewPartner--intercompVendorComboBox-application-managepartners-display-component---NewPartner--assignmentsTable-0-vhi"},"wdio_ui5_key":"applicationmanagepartners-display-component---NewPartner--intercompVendorComboBox-application-managepartners-display-component---NewPartner--assignmentsTable-0-vhi"}]}
RESULT: undefined
COMMAND: POST /session/a4f54502dbf5f1afb518fbe6152fd493/element - {"using":"xpath","value":"//*[@id=\"application-managepartners-display-component---NewPartner--intercompVendorComboBox-application-managepartners-display-component---NewPartner--assignmentsTable-0-vhi\"]"}
RESULT: {"using":"xpath","value":"//*[@id=\"application-managepartners-display-component---NewPartner--intercompVendorComboBox-application-managepartners-display-component---NewPartner--assignmentsTable-0-vhi\"]"}
COMMAND: POST /session/a4f54502dbf5f1afb518fbe6152fd493/element/f.35EC4CA9F2F6AFC958B8921B3309FEC0.d.F6E96E53CBAF49FEA90DBB88C00A4596.e.1611/click - {}
RESULT: {}
RESULT: undefined
COMMAND: POST /session/a4f54502dbf5f1afb518fbe6152fd493/execute/async - {"script":"<script> [776 bytes]","args":[{"enterText":"100005","selector":{"controlType":"sap.m.SearchField","properties":{"placeholder":"Search"},"searchOpenDialogs":true,"interaction":{"idSuffix":"I"}},"clearTextFirst":true,"interactionType":"ENTER_TEXT"}]}
COMMAND: GET /session/a4f54502dbf5f1afb518fbe6152fd493/screenshot - {}
RESULT: {"script":"<script> [776 bytes]","args":[{"enterText":"100005","selector":{"controlType":"sap.m.SearchField","properties":{"placeholder":"Search"},"searchOpenDialogs":true,"interaction":{"idSuffix":"I"}},"clearTextFirst":true,"interactionType":"ENTER_TEXT"}]}
COMMAND: POST /session/a4f54502dbf5f1afb518fbe6152fd493/actions - {"actions":[{"id":"action5","type":"key","parameters":{},"actions":[{"type":"keyDown","value":"î€‡"},{"type":"pause","duration":10},{"type":"keyUp","value":"î€‡"}]}]}
RESULT: {}
RESULT: {"actions":[{"id":"action5","type":"key","parameters":{},"actions":[{"type":"keyDown","value":"î€‡"},{"type":"pause","duration":10},{"type":"keyUp","value":"î€‡"}]}]}
COMMAND: GET /session/a4f54502dbf5f1afb518fbe6152fd493/screenshot - {}
RESULT: {}
COMMAND: POST /session/a4f54502dbf5f1afb518fbe6152fd493/element - {"using":"xpath","value":"//span[contains(text(), \"Penguins - Field/12345 Berlin\")]"}
RESULT: {"using":"xpath","value":"//span[contains(text(), \"Penguins - Field/12345 Berlin\")]"}
COMMAND: POST /session/a4f54502dbf5f1afb518fbe6152fd493/element/f.35EC4CA9F2F6AFC958B8921B3309FEC0.d.F6E96E53CBAF49FEA90DBB88C00A4596.e.1628/click - {}
RESULT: {}
COMMAND: GET /session/a4f54502dbf5f1afb518fbe6152fd493/screenshot - {}
RESULT: {}
COMMAND: POST /session/a4f54502dbf5f1afb518fbe6152fd493/element - {"using":"xpath","value":"//bdi[contains(text(), \"OK\")]"}
RESULT: {"using":"xpath","value":"//bdi[contains(text(), \"OK\")]"}
COMMAND: POST /session/a4f54502dbf5f1afb518fbe6152fd493/element/f.35EC4CA9F2F6AFC958B8921B3309FEC0.d.F6E96E53CBAF49FEA90DBB88C00A4596.e.1629/click - {}
RESULT: {}
COMMAND: GET /session/a4f54502dbf5f1afb518fbe6152fd493/screenshot - {}
RESULT: {}
COMMAND: POST /session/a4f54502dbf5f1afb518fbe6152fd493/element - {"using":"xpath","value":"//button[@data-kt=\"saveButton\"]"}
RESULT: {"using":"xpath","value":"//button[@data-kt=\"saveButton\"]"}
COMMAND: POST /session/a4f54502dbf5f1afb518fbe6152fd493/element/f.35EC4CA9F2F6AFC958B8921B3309FEC0.d.F6E96E53CBAF49FEA90DBB88C00A4596.e.1409/click - {}
RESULT: {}
COMMAND: GET /session/a4f54502dbf5f1afb518fbe6152fd493/screenshot - {}
RESULT: {}
COMMAND: POST /session/a4f54502dbf5f1afb518fbe6152fd493/element - {"using":"xpath","value":"//header[contains(@id, 'ObjectPageLayout-headerTitle')]/div[1]/div[2]/div[2]/span[1]"}
RESULT: {"using":"xpath","value":"//header[contains(@id, 'ObjectPageLayout-headerTitle')]/div[1]/div[2]/div[2]/span[1]"}
COMMAND: POST /session/a4f54502dbf5f1afb518fbe6152fd493/elements - {"using":"xpath","value":"//header[contains(@id, 'ObjectPageLayout-headerTitle')]/div[1]/div[2]/div[2]/span[1]"}
RESULT: {"using":"xpath","value":"//header[contains(@id, 'ObjectPageLayout-headerTitle')]/div[1]/div[2]/div[2]/span[1]"}
COMMAND: POST /session/a4f54502dbf5f1afb518fbe6152fd493/execute/sync - {"script":"<script> [56 bytes]","args":[{"element-6066-11e4-a52e-4f735466cecf":"f.35EC4CA9F2F6AFC958B8921B3309FEC0.d.F6E96E53CBAF49FEA90DBB88C00A4596.e.1794","ELEMENT":"f.35EC4CA9F2F6AFC958B8921B3309FEC0.d.F6E96E53CBAF49FEA90DBB88C00A4596.e.1794"}]}
RESULT: {"script":"<script> [56 bytes]","args":[{"element-6066-11e4-a52e-4f735466cecf":"f.35EC4CA9F2F6AFC958B8921B3309FEC0.d.F6E96E53CBAF49FEA90DBB88C00A4596.e.1794","ELEMENT":"f.35EC4CA9F2F6AFC958B8921B3309FEC0.d.F6E96E53CBAF49FEA90DBB88C00A4596.e.1794"}]}
COMMAND: POST /session/a4f54502dbf5f1afb518fbe6152fd493/element - {"using":"css selector","value":"#shell-header-logo"}
COMMAND: GET /session/a4f54502dbf5f1afb518fbe6152fd493/screenshot - {}
RESULT: {"using":"css selector","value":"#shell-header-logo"}
COMMAND: POST /session/a4f54502dbf5f1afb518fbe6152fd493/element/f.35EC4CA9F2F6AFC958B8921B3309FEC0.d.F6E96E53CBAF49FEA90DBB88C00A4596.e.1021/click - {}
RESULT: {}
RESULT: {}
COMMAND: GET /session/a4f54502dbf5f1afb518fbe6152fd493/screenshot - {}
RESULT: {}
COMMAND: POST /session/a4f54502dbf5f1afb518fbe6152fd493/execute/sync - {"script":"<script> [299 bytes]","args":[["getModel","getResource"]]}
RESULT: {"script":"<script> [299 bytes]","args":[["getModel","getResource"]]}
]]></system-out>
    </testcase>
    <testcase classname="chrome.135_0_7049_115.windows.Tests_for_Mass_State_Change_on_Manage_States_&amp;_Performances_US104416_US" name="Prereq Should create a new site" time="103.078">
      <system-out><![CDATA[
COMMAND: GET /session/a4f54502dbf5f1afb518fbe6152fd493/screenshot - {}
COMMAND: POST /session/a4f54502dbf5f1afb518fbe6152fd493/execute/async - {"script":"<script> [1562 bytes]","args":[{"selector":{"controlType":"sap.m.TileContent","bindingPath":{"path":"","propertyPath":"/properties/info"},"ancestor":{"controlType":"sap.m.GenericTile","properties":{"header":"Manage Sites"}}},"wdio_ui5_key":"sapm.TileContent{\"path\":\"\",\"propertyPath\":\"/properties/info\"}{\"controlType\":\"sap.m.GenericTile\",\"properties\":{\"header\":\"Manage Sites\"}}"}]}
RESULT: {}
RESULT: {"script":"<script> [1562 bytes]","args":[{"selector":{"controlType":"sap.m.TileContent","bindingPath":{"path":"","propertyPath":"/properties/info"},"ancestor":{"controlType":"sap.m.GenericTile","properties":{"header":"Manage Sites"}}},"wdio_ui5_key":"sapm.TileContent{\"path\":\"\",\"propertyPath\":\"/properties/info\"}{\"controlType\":\"sap.m.GenericTile\",\"properties\":{\"header\":\"Manage Sites\"}}"}]}
RESULT: undefined
COMMAND: POST /session/a4f54502dbf5f1afb518fbe6152fd493/element - {"using":"xpath","value":"//*[@id=\"__xmlview7--numericTileContent\"]"}
RESULT: {"using":"xpath","value":"//*[@id=\"__xmlview7--numericTileContent\"]"}
COMMAND: POST /session/a4f54502dbf5f1afb518fbe6152fd493/element/f.35EC4CA9F2F6AFC958B8921B3309FEC0.d.F6E96E53CBAF49FEA90DBB88C00A4596.e.1796/click - {}
RESULT: {}
COMMAND: POST /session/a4f54502dbf5f1afb518fbe6152fd493/element - {"using":"xpath","value":"//button[@data-kt=\"addOverflowToolbarButton\"]"}
COMMAND: GET /session/a4f54502dbf5f1afb518fbe6152fd493/screenshot - {}
RESULT: {"using":"xpath","value":"//button[@data-kt=\"addOverflowToolbarButton\"]"}
COMMAND: POST /session/a4f54502dbf5f1afb518fbe6152fd493/elements - {"using":"xpath","value":"//button[@data-kt=\"addOverflowToolbarButton\"]"}
RESULT: {}
RESULT: {"using":"xpath","value":"//button[@data-kt=\"addOverflowToolbarButton\"]"}
COMMAND: POST /session/a4f54502dbf5f1afb518fbe6152fd493/elements - {"using":"xpath","value":"//button[@data-kt=\"addOverflowToolbarButton\"]"}
RESULT: {"using":"xpath","value":"//button[@data-kt=\"addOverflowToolbarButton\"]"}
COMMAND: POST /session/a4f54502dbf5f1afb518fbe6152fd493/elements - {"using":"xpath","value":"//button[@data-kt=\"addOverflowToolbarButton\"]"}
RESULT: {"using":"xpath","value":"//button[@data-kt=\"addOverflowToolbarButton\"]"}
COMMAND: POST /session/a4f54502dbf5f1afb518fbe6152fd493/elements - {"using":"xpath","value":"//button[@data-kt=\"addOverflowToolbarButton\"]"}
RESULT: {"using":"xpath","value":"//button[@data-kt=\"addOverflowToolbarButton\"]"}
COMMAND: POST /session/a4f54502dbf5f1afb518fbe6152fd493/elements - {"using":"xpath","value":"//button[@data-kt=\"addOverflowToolbarButton\"]"}
RESULT: {"using":"xpath","value":"//button[@data-kt=\"addOverflowToolbarButton\"]"}
COMMAND: POST /session/a4f54502dbf5f1afb518fbe6152fd493/element - {"using":"xpath","value":"//button[@data-kt=\"addOverflowToolbarButton\"]"}
RESULT: {"using":"xpath","value":"//button[@data-kt=\"addOverflowToolbarButton\"]"}
COMMAND: POST /session/a4f54502dbf5f1afb518fbe6152fd493/execute/sync - {"script":"<script> [8489 bytes]","args":[{"element-6066-11e4-a52e-4f735466cecf":"f.35EC4CA9F2F6AFC958B8921B3309FEC0.d.F6E96E53CBAF49FEA90DBB88C00A4596.e.1843","ELEMENT":"f.35EC4CA9F2F6AFC958B8921B3309FEC0.d.F6E96E53CBAF49FEA90DBB88C00A4596.e.1843"}]}
RESULT: {"script":"<script> [8489 bytes]","args":[{"element-6066-11e4-a52e-4f735466cecf":"f.35EC4CA9F2F6AFC958B8921B3309FEC0.d.F6E96E53CBAF49FEA90DBB88C00A4596.e.1843","ELEMENT":"f.35EC4CA9F2F6AFC958B8921B3309FEC0.d.F6E96E53CBAF49FEA90DBB88C00A4596.e.1843"}]}
COMMAND: GET /session/a4f54502dbf5f1afb518fbe6152fd493/element/f.35EC4CA9F2F6AFC958B8921B3309FEC0.d.F6E96E53CBAF49FEA90DBB88C00A4596.e.1843/enabled - {}
COMMAND: GET /session/a4f54502dbf5f1afb518fbe6152fd493/screenshot - {}
RESULT: {}
COMMAND: POST /session/a4f54502dbf5f1afb518fbe6152fd493/execute/sync - {"script":"<script> [8489 bytes]","args":[{"element-6066-11e4-a52e-4f735466cecf":"f.35EC4CA9F2F6AFC958B8921B3309FEC0.d.F6E96E53CBAF49FEA90DBB88C00A4596.e.1843","ELEMENT":"f.35EC4CA9F2F6AFC958B8921B3309FEC0.d.F6E96E53CBAF49FEA90DBB88C00A4596.e.1843"}]}
COMMAND: GET /session/a4f54502dbf5f1afb518fbe6152fd493/screenshot - {}
RESULT: {}
RESULT: {"script":"<script> [8489 bytes]","args":[{"element-6066-11e4-a52e-4f735466cecf":"f.35EC4CA9F2F6AFC958B8921B3309FEC0.d.F6E96E53CBAF49FEA90DBB88C00A4596.e.1843","ELEMENT":"f.35EC4CA9F2F6AFC958B8921B3309FEC0.d.F6E96E53CBAF49FEA90DBB88C00A4596.e.1843"}]}
COMMAND: POST /session/a4f54502dbf5f1afb518fbe6152fd493/execute/sync - {"script":"<script> [5351 bytes]","args":[{"element-6066-11e4-a52e-4f735466cecf":"f.35EC4CA9F2F6AFC958B8921B3309FEC0.d.F6E96E53CBAF49FEA90DBB88C00A4596.e.1843","ELEMENT":"f.35EC4CA9F2F6AFC958B8921B3309FEC0.d.F6E96E53CBAF49FEA90DBB88C00A4596.e.1843"}]}
COMMAND: GET /session/a4f54502dbf5f1afb518fbe6152fd493/screenshot - {}
RESULT: {}
RESULT: {"script":"<script> [5351 bytes]","args":[{"element-6066-11e4-a52e-4f735466cecf":"f.35EC4CA9F2F6AFC958B8921B3309FEC0.d.F6E96E53CBAF49FEA90DBB88C00A4596.e.1843","ELEMENT":"f.35EC4CA9F2F6AFC958B8921B3309FEC0.d.F6E96E53CBAF49FEA90DBB88C00A4596.e.1843"}]}
COMMAND: POST /session/a4f54502dbf5f1afb518fbe6152fd493/element/f.35EC4CA9F2F6AFC958B8921B3309FEC0.d.F6E96E53CBAF49FEA90DBB88C00A4596.e.1843/click - {}
COMMAND: GET /session/a4f54502dbf5f1afb518fbe6152fd493/screenshot - {}
RESULT: {}
RESULT: {}
COMMAND: GET /session/a4f54502dbf5f1afb518fbe6152fd493/screenshot - {}
COMMAND: POST /session/a4f54502dbf5f1afb518fbe6152fd493/element - {"using":"xpath","value":"//input[@id=\"application-managesites-display-component---NewSite--siteId-inner\"]"}
RESULT: {}
RESULT: {}
RESULT: {"using":"xpath","value":"//input[@id=\"application-managesites-display-component---NewSite--siteId-inner\"]"}
COMMAND: POST /session/a4f54502dbf5f1afb518fbe6152fd493/element - {"using":"xpath","value":"//input[@id=\"application-managesites-display-component---NewSite--siteId-inner\"]"}
RESULT: {"using":"xpath","value":"//input[@id=\"application-managesites-display-component---NewSite--siteId-inner\"]"}
COMMAND: POST /session/a4f54502dbf5f1afb518fbe6152fd493/execute/async - {"script":"<script> [1562 bytes]","args":[{"selector":{"id":"application-managesites-display-component---NewSite--addressDetailDetailsName1","interaction":{"idSuffix":"inner"}},"wdio_ui5_key":"applicationmanagesites-display-component---NewSite--addressDetailDetailsName1"}]}
RESULT: {"script":"<script> [1562 bytes]","args":[{"selector":{"id":"application-managesites-display-component---NewSite--addressDetailDetailsName1","interaction":{"idSuffix":"inner"}},"wdio_ui5_key":"applicationmanagesites-display-component---NewSite--addressDetailDetailsName1"}]}
RESULT: undefined
COMMAND: POST /session/a4f54502dbf5f1afb518fbe6152fd493/execute/async - {"script":"<script> [776 bytes]","args":[{"enterText":"Intracompany Site wdIO","selector":{"id":"application-managesites-display-component---NewSite--addressDetailDetailsName1","interaction":{"idSuffix":"inner"}},"clearTextFirst":true,"interactionType":"ENTER_TEXT"}]}
RESULT: {"script":"<script> [776 bytes]","args":[{"enterText":"Intracompany Site wdIO","selector":{"id":"application-managesites-display-component---NewSite--addressDetailDetailsName1","interaction":{"idSuffix":"inner"}},"clearTextFirst":true,"interactionType":"ENTER_TEXT"}]}
COMMAND: POST /session/a4f54502dbf5f1afb518fbe6152fd493/execute/async - {"script":"<script> [1562 bytes]","args":[{"selector":{"id":"application-managesites-display-component---NewSite--addressDetailDetailsLanguage-arrow"},"wdio_ui5_key":"applicationmanagesites-display-component---NewSite--addressDetailDetailsLanguage-arrow"}]}
RESULT: {"script":"<script> [1562 bytes]","args":[{"selector":{"id":"application-managesites-display-component---NewSite--addressDetailDetailsLanguage-arrow"},"wdio_ui5_key":"applicationmanagesites-display-component---NewSite--addressDetailDetailsLanguage-arrow"}]}
RESULT: undefined
COMMAND: POST /session/a4f54502dbf5f1afb518fbe6152fd493/element - {"using":"xpath","value":"//*[@id=\"application-managesites-display-component---NewSite--addressDetailDetailsLanguage-arrow\"]"}
RESULT: {"using":"xpath","value":"//*[@id=\"application-managesites-display-component---NewSite--addressDetailDetailsLanguage-arrow\"]"}
COMMAND: POST /session/a4f54502dbf5f1afb518fbe6152fd493/element/f.35EC4CA9F2F6AFC958B8921B3309FEC0.d.F6E96E53CBAF49FEA90DBB88C00A4596.e.2248/click - {}
RESULT: {}
COMMAND: POST /session/a4f54502dbf5f1afb518fbe6152fd493/element - {"using":"xpath","value":"//span[contains(text(), \"English\")]"}
COMMAND: GET /session/a4f54502dbf5f1afb518fbe6152fd493/screenshot - {}
RESULT: {"using":"xpath","value":"//span[contains(text(), \"English\")]"}
COMMAND: POST /session/a4f54502dbf5f1afb518fbe6152fd493/element/f.35EC4CA9F2F6AFC958B8921B3309FEC0.d.F6E96E53CBAF49FEA90DBB88C00A4596.e.2249/click - {}
RESULT: {}
RESULT: {}
COMMAND: POST /session/a4f54502dbf5f1afb518fbe6152fd493/execute/async - {"script":"<script> [1562 bytes]","args":[{"selector":{"id":"application-managesites-display-component---NewSite--addressDetailDetailsCity1","interaction":{"idSuffix":"inner"}},"wdio_ui5_key":"applicationmanagesites-display-component---NewSite--addressDetailDetailsCity1"}]}
COMMAND: GET /session/a4f54502dbf5f1afb518fbe6152fd493/screenshot - {}
RESULT: {"script":"<script> [1562 bytes]","args":[{"selector":{"id":"application-managesites-display-component---NewSite--addressDetailDetailsCity1","interaction":{"idSuffix":"inner"}},"wdio_ui5_key":"applicationmanagesites-display-component---NewSite--addressDetailDetailsCity1"}]}
RESULT: undefined
COMMAND: POST /session/a4f54502dbf5f1afb518fbe6152fd493/execute/async - {"script":"<script> [776 bytes]","args":[{"enterText":"Rosario","selector":{"id":"application-managesites-display-component---NewSite--addressDetailDetailsCity1","interaction":{"idSuffix":"inner"}},"clearTextFirst":true,"interactionType":"ENTER_TEXT"}]}
RESULT: {}
RESULT: {"script":"<script> [776 bytes]","args":[{"enterText":"Rosario","selector":{"id":"application-managesites-display-component---NewSite--addressDetailDetailsCity1","interaction":{"idSuffix":"inner"}},"clearTextFirst":true,"interactionType":"ENTER_TEXT"}]}
COMMAND: POST /session/a4f54502dbf5f1afb518fbe6152fd493/execute/async - {"script":"<script> [1562 bytes]","args":[{"selector":{"id":"application-managesites-display-component---NewSite--addressDetailDetailsCountry-arrow"},"wdio_ui5_key":"applicationmanagesites-display-component---NewSite--addressDetailDetailsCountry-arrow"}]}
RESULT: {"script":"<script> [1562 bytes]","args":[{"selector":{"id":"application-managesites-display-component---NewSite--addressDetailDetailsCountry-arrow"},"wdio_ui5_key":"applicationmanagesites-display-component---NewSite--addressDetailDetailsCountry-arrow"}]}
RESULT: undefined
COMMAND: POST /session/a4f54502dbf5f1afb518fbe6152fd493/element - {"using":"xpath","value":"//*[@id=\"application-managesites-display-component---NewSite--addressDetailDetailsCountry-arrow\"]"}
RESULT: {"using":"xpath","value":"//*[@id=\"application-managesites-display-component---NewSite--addressDetailDetailsCountry-arrow\"]"}
COMMAND: POST /session/a4f54502dbf5f1afb518fbe6152fd493/element/f.35EC4CA9F2F6AFC958B8921B3309FEC0.d.F6E96E53CBAF49FEA90DBB88C00A4596.e.2251/click - {}
RESULT: {}
COMMAND: POST /session/a4f54502dbf5f1afb518fbe6152fd493/element - {"using":"xpath","value":"//span[contains(text(), \"Argentina\")]"}
COMMAND: GET /session/a4f54502dbf5f1afb518fbe6152fd493/screenshot - {}
RESULT: {"using":"xpath","value":"//span[contains(text(), \"Argentina\")]"}
COMMAND: POST /session/a4f54502dbf5f1afb518fbe6152fd493/element/f.35EC4CA9F2F6AFC958B8921B3309FEC0.d.F6E96E53CBAF49FEA90DBB88C00A4596.e.2253/click - {}
RESULT: {}
RESULT: {}
COMMAND: GET /session/a4f54502dbf5f1afb518fbe6152fd493/screenshot - {}
RESULT: {}
COMMAND: POST /session/a4f54502dbf5f1afb518fbe6152fd493/execute/async - {"script":"<script> [1562 bytes]","args":[{"selector":{"id":"application-managesites-display-component---NewSite--addressEditDetailsCostObjectCstType-arrow"},"wdio_ui5_key":"applicationmanagesites-display-component---NewSite--addressEditDetailsCostObjectCstType-arrow"}]}
RESULT: {"script":"<script> [1562 bytes]","args":[{"selector":{"id":"application-managesites-display-component---NewSite--addressEditDetailsCostObjectCstType-arrow"},"wdio_ui5_key":"applicationmanagesites-display-component---NewSite--addressEditDetailsCostObjectCstType-arrow"}]}
RESULT: undefined
COMMAND: POST /session/a4f54502dbf5f1afb518fbe6152fd493/element - {"using":"xpath","value":"//*[@id=\"application-managesites-display-component---NewSite--addressEditDetailsCostObjectCstType-arrow\"]"}
RESULT: {"using":"xpath","value":"//*[@id=\"application-managesites-display-component---NewSite--addressEditDetailsCostObjectCstType-arrow\"]"}
COMMAND: POST /session/a4f54502dbf5f1afb518fbe6152fd493/element/f.35EC4CA9F2F6AFC958B8921B3309FEC0.d.F6E96E53CBAF49FEA90DBB88C00A4596.e.2254/click - {}
RESULT: {}
COMMAND: POST /session/a4f54502dbf5f1afb518fbe6152fd493/element - {"using":"xpath","value":"//span[contains(text(), \"Cost Center\")]"}
COMMAND: GET /session/a4f54502dbf5f1afb518fbe6152fd493/screenshot - {}
RESULT: {"using":"xpath","value":"//span[contains(text(), \"Cost Center\")]"}
COMMAND: POST /session/a4f54502dbf5f1afb518fbe6152fd493/element/f.35EC4CA9F2F6AFC958B8921B3309FEC0.d.F6E96E53CBAF49FEA90DBB88C00A4596.e.2255/click - {}
RESULT: {}
RESULT: {}
COMMAND: GET /session/a4f54502dbf5f1afb518fbe6152fd493/screenshot - {}
RESULT: {}
COMMAND: POST /session/a4f54502dbf5f1afb518fbe6152fd493/element - {"using":"xpath","value":"//span[@id=\"application-managesites-display-component---NewSite--addressNewCostObjectCstID-vhi\"]"}
RESULT: {"using":"xpath","value":"//span[@id=\"application-managesites-display-component---NewSite--addressNewCostObjectCstID-vhi\"]"}
COMMAND: POST /session/a4f54502dbf5f1afb518fbe6152fd493/execute/sync - {"script":"<script> [8489 bytes]","args":[{"element-6066-11e4-a52e-4f735466cecf":"f.35EC4CA9F2F6AFC958B8921B3309FEC0.d.F6E96E53CBAF49FEA90DBB88C00A4596.e.2260","ELEMENT":"f.35EC4CA9F2F6AFC958B8921B3309FEC0.d.F6E96E53CBAF49FEA90DBB88C00A4596.e.2260"}]}
RESULT: {"script":"<script> [8489 bytes]","args":[{"element-6066-11e4-a52e-4f735466cecf":"f.35EC4CA9F2F6AFC958B8921B3309FEC0.d.F6E96E53CBAF49FEA90DBB88C00A4596.e.2260","ELEMENT":"f.35EC4CA9F2F6AFC958B8921B3309FEC0.d.F6E96E53CBAF49FEA90DBB88C00A4596.e.2260"}]}
COMMAND: POST /session/a4f54502dbf5f1afb518fbe6152fd493/execute/async - {"script":"<script> [1562 bytes]","args":[{"selector":{"id":"application-managesites-display-component---NewSite--addressNewCostObjectCstID-vhi"},"wdio_ui5_key":"applicationmanagesites-display-component---NewSite--addressNewCostObjectCstID-vhi"}]}
COMMAND: GET /session/a4f54502dbf5f1afb518fbe6152fd493/screenshot - {}
RESULT: {"script":"<script> [1562 bytes]","args":[{"selector":{"id":"application-managesites-display-component---NewSite--addressNewCostObjectCstID-vhi"},"wdio_ui5_key":"applicationmanagesites-display-component---NewSite--addressNewCostObjectCstID-vhi"}]}
RESULT: undefined
COMMAND: POST /session/a4f54502dbf5f1afb518fbe6152fd493/element - {"using":"xpath","value":"//*[@id=\"application-managesites-display-component---NewSite--addressNewCostObjectCstID-vhi\"]"}
RESULT: {}
RESULT: {"using":"xpath","value":"//*[@id=\"application-managesites-display-component---NewSite--addressNewCostObjectCstID-vhi\"]"}
COMMAND: POST /session/a4f54502dbf5f1afb518fbe6152fd493/element/f.35EC4CA9F2F6AFC958B8921B3309FEC0.d.F6E96E53CBAF49FEA90DBB88C00A4596.e.2260/click - {}
RESULT: {}
COMMAND: GET /session/a4f54502dbf5f1afb518fbe6152fd493/screenshot - {}
RESULT: {}
RESULT: undefined
COMMAND: POST /session/a4f54502dbf5f1afb518fbe6152fd493/execute/async - {"script":"<script> [776 bytes]","args":[{"enterText":"10001013","selector":{"controlType":"sap.m.SearchField","properties":{"placeholder":"Search"},"searchOpenDialogs":true,"interaction":{"idSuffix":"I"}},"clearTextFirst":true,"interactionType":"ENTER_TEXT"}]}
RESULT: {"script":"<script> [776 bytes]","args":[{"enterText":"10001013","selector":{"controlType":"sap.m.SearchField","properties":{"placeholder":"Search"},"searchOpenDialogs":true,"interaction":{"idSuffix":"I"}},"clearTextFirst":true,"interactionType":"ENTER_TEXT"}]}
COMMAND: POST /session/a4f54502dbf5f1afb518fbe6152fd493/actions - {"actions":[{"id":"action6","type":"key","parameters":{},"actions":[{"type":"keyDown","value":"î€‡"},{"type":"pause","duration":10},{"type":"keyUp","value":"î€‡"}]}]}
RESULT: {"actions":[{"id":"action6","type":"key","parameters":{},"actions":[{"type":"keyDown","value":"î€‡"},{"type":"pause","duration":10},{"type":"keyUp","value":"î€‡"}]}]}
COMMAND: GET /session/a4f54502dbf5f1afb518fbe6152fd493/screenshot - {}
RESULT: {}
COMMAND: POST /session/a4f54502dbf5f1afb518fbe6152fd493/element - {"using":"xpath","value":"//span[contains(text(), \"General Management\")]"}
RESULT: {"using":"xpath","value":"//span[contains(text(), \"General Management\")]"}
COMMAND: POST /session/a4f54502dbf5f1afb518fbe6152fd493/element/f.35EC4CA9F2F6AFC958B8921B3309FEC0.d.F6E96E53CBAF49FEA90DBB88C00A4596.e.2299/click - {}
RESULT: {}
COMMAND: GET /session/a4f54502dbf5f1afb518fbe6152fd493/screenshot - {}
RESULT: {}
COMMAND: POST /session/a4f54502dbf5f1afb518fbe6152fd493/element - {"using":"xpath","value":"//bdi[contains(text(), \"OK\")]"}
RESULT: {"using":"xpath","value":"//bdi[contains(text(), \"OK\")]"}
COMMAND: POST /session/a4f54502dbf5f1afb518fbe6152fd493/element/f.35EC4CA9F2F6AFC958B8921B3309FEC0.d.F6E96E53CBAF49FEA90DBB88C00A4596.e.2300/click - {}
RESULT: {}
COMMAND: GET /session/a4f54502dbf5f1afb518fbe6152fd493/screenshot - {}
RESULT: {}
COMMAND: POST /session/a4f54502dbf5f1afb518fbe6152fd493/element - {"using":"xpath","value":"//input[@id=\"application-managesites-display-component---NewSite--addressDetailDetailsCalendar-inner\"]"}
RESULT: {"using":"xpath","value":"//input[@id=\"application-managesites-display-component---NewSite--addressDetailDetailsCalendar-inner\"]"}
COMMAND: POST /session/a4f54502dbf5f1afb518fbe6152fd493/element/f.35EC4CA9F2F6AFC958B8921B3309FEC0.d.F6E96E53CBAF49FEA90DBB88C00A4596.e.2046/clear - {}
RESULT: {}
COMMAND: POST /session/a4f54502dbf5f1afb518fbe6152fd493/element/f.35EC4CA9F2F6AFC958B8921B3309FEC0.d.F6E96E53CBAF49FEA90DBB88C00A4596.e.2046/value - {"text":"Unit"}
COMMAND: GET /session/a4f54502dbf5f1afb518fbe6152fd493/screenshot - {}
RESULT: {"text":"Unit"}
COMMAND: GET /session/a4f54502dbf5f1afb518fbe6152fd493/screenshot - {}
RESULT: {}
RESULT: {}
COMMAND: POST /session/a4f54502dbf5f1afb518fbe6152fd493/actions - {"actions":[{"id":"action7","type":"key","parameters":{},"actions":[{"type":"keyDown","value":"î€‡"},{"type":"pause","duration":10},{"type":"keyUp","value":"î€‡"}]}]}
RESULT: {"actions":[{"id":"action7","type":"key","parameters":{},"actions":[{"type":"keyDown","value":"î€‡"},{"type":"pause","duration":10},{"type":"keyUp","value":"î€‡"}]}]}
COMMAND: POST /session/a4f54502dbf5f1afb518fbe6152fd493/element - {"using":"xpath","value":"//input[@id=\"application-managesites-display-component---NewSite--addressDetailDetailsYard-inner\"]"}
COMMAND: GET /session/a4f54502dbf5f1afb518fbe6152fd493/screenshot - {}
RESULT: {"using":"xpath","value":"//input[@id=\"application-managesites-display-component---NewSite--addressDetailDetailsYard-inner\"]"}
COMMAND: POST /session/a4f54502dbf5f1afb518fbe6152fd493/element/f.35EC4CA9F2F6AFC958B8921B3309FEC0.d.F6E96E53CBAF49FEA90DBB88C00A4596.e.2047/clear - {}
RESULT: {}
RESULT: {}
COMMAND: POST /session/a4f54502dbf5f1afb518fbe6152fd493/element/f.35EC4CA9F2F6AFC958B8921B3309FEC0.d.F6E96E53CBAF49FEA90DBB88C00A4596.e.2047/value - {"text":"674"}
COMMAND: GET /session/a4f54502dbf5f1afb518fbe6152fd493/screenshot - {}
RESULT: {"text":"674"}
COMMAND: GET /session/a4f54502dbf5f1afb518fbe6152fd493/screenshot - {}
RESULT: {}
RESULT: {}
COMMAND: POST /session/a4f54502dbf5f1afb518fbe6152fd493/element - {"using":"xpath","value":"//li[.//span[text()='674']]"}
RESULT: {"using":"xpath","value":"//li[.//span[text()='674']]"}
COMMAND: POST /session/a4f54502dbf5f1afb518fbe6152fd493/element/f.35EC4CA9F2F6AFC958B8921B3309FEC0.d.F6E96E53CBAF49FEA90DBB88C00A4596.e.2308/click - {}
RESULT: {}
COMMAND: GET /session/a4f54502dbf5f1afb518fbe6152fd493/screenshot - {}
RESULT: {}
COMMAND: POST /session/a4f54502dbf5f1afb518fbe6152fd493/element - {"using":"xpath","value":"//input[@id=\"application-managesites-display-component---NewSite--addressDetailDetailsPartner-inner\"]"}
RESULT: {"using":"xpath","value":"//input[@id=\"application-managesites-display-component---NewSite--addressDetailDetailsPartner-inner\"]"}
COMMAND: POST /session/a4f54502dbf5f1afb518fbe6152fd493/element - {"using":"xpath","value":"//input[@id=\"application-managesites-display-component---NewSite--addressDetailDetailsPartner-inner\"]"}
RESULT: {"using":"xpath","value":"//input[@id=\"application-managesites-display-component---NewSite--addressDetailDetailsPartner-inner\"]"}
COMMAND: POST /session/a4f54502dbf5f1afb518fbe6152fd493/element - {"using":"xpath","value":"//button[@data-kt=\"saveButton\"]"}
RESULT: {"using":"xpath","value":"//button[@data-kt=\"saveButton\"]"}
COMMAND: POST /session/a4f54502dbf5f1afb518fbe6152fd493/element/f.35EC4CA9F2F6AFC958B8921B3309FEC0.d.F6E96E53CBAF49FEA90DBB88C00A4596.e.2233/click - {}
RESULT: {}
COMMAND: GET /session/a4f54502dbf5f1afb518fbe6152fd493/screenshot - {}
RESULT: {}
COMMAND: POST /session/a4f54502dbf5f1afb518fbe6152fd493/element - {"using":"xpath","value":"//header[contains(@id, 'ObjectPageLayout-headerTitle')]/div[1]/div[2]/div[2]/span[1]"}
RESULT: {"using":"xpath","value":"//header[contains(@id, 'ObjectPageLayout-headerTitle')]/div[1]/div[2]/div[2]/span[1]"}
COMMAND: POST /session/a4f54502dbf5f1afb518fbe6152fd493/elements - {"using":"xpath","value":"//header[contains(@id, 'ObjectPageLayout-headerTitle')]/div[1]/div[2]/div[2]/span[1]"}
RESULT: {"using":"xpath","value":"//header[contains(@id, 'ObjectPageLayout-headerTitle')]/div[1]/div[2]/div[2]/span[1]"}
COMMAND: POST /session/a4f54502dbf5f1afb518fbe6152fd493/execute/sync - {"script":"<script> [56 bytes]","args":[{"element-6066-11e4-a52e-4f735466cecf":"f.35EC4CA9F2F6AFC958B8921B3309FEC0.d.F6E96E53CBAF49FEA90DBB88C00A4596.e.2511","ELEMENT":"f.35EC4CA9F2F6AFC958B8921B3309FEC0.d.F6E96E53CBAF49FEA90DBB88C00A4596.e.2511"}]}
RESULT: {"script":"<script> [56 bytes]","args":[{"element-6066-11e4-a52e-4f735466cecf":"f.35EC4CA9F2F6AFC958B8921B3309FEC0.d.F6E96E53CBAF49FEA90DBB88C00A4596.e.2511","ELEMENT":"f.35EC4CA9F2F6AFC958B8921B3309FEC0.d.F6E96E53CBAF49FEA90DBB88C00A4596.e.2511"}]}
COMMAND: POST /session/a4f54502dbf5f1afb518fbe6152fd493/element - {"using":"css selector","value":"#shell-header-logo"}
COMMAND: GET /session/a4f54502dbf5f1afb518fbe6152fd493/screenshot - {}
RESULT: {"using":"css selector","value":"#shell-header-logo"}
COMMAND: POST /session/a4f54502dbf5f1afb518fbe6152fd493/element/f.35EC4CA9F2F6AFC958B8921B3309FEC0.d.F6E96E53CBAF49FEA90DBB88C00A4596.e.1800/click - {}
RESULT: {}
RESULT: {}
COMMAND: GET /session/a4f54502dbf5f1afb518fbe6152fd493/screenshot - {}
RESULT: {}
COMMAND: POST /session/a4f54502dbf5f1afb518fbe6152fd493/execute/sync - {"script":"<script> [299 bytes]","args":[["getModel","getResource"]]}
RESULT: {"script":"<script> [299 bytes]","args":[["getModel","getResource"]]}
]]></system-out>
    </testcase>
    <testcase classname="chrome.135_0_7049_115.windows.Tests_for_Mass_State_Change_on_Manage_States_&amp;_Performances_US104416_US" name="Prereq Should create a new equipment multipart" time="114.194">
      <system-out><![CDATA[
COMMAND: POST /session/a4f54502dbf5f1afb518fbe6152fd493/execute/async - {"script":"<script> [1562 bytes]","args":[{"selector":{"controlType":"sap.m.GenericTile","properties":{"header":"Manage Resources"}},"wdio_ui5_key":"sapm.GenericTile{\"header\":\"Manage Resources\"}"}]}
COMMAND: GET /session/a4f54502dbf5f1afb518fbe6152fd493/screenshot - {}
RESULT: {"script":"<script> [1562 bytes]","args":[{"selector":{"controlType":"sap.m.GenericTile","properties":{"header":"Manage Resources"}},"wdio_ui5_key":"sapm.GenericTile{\"header\":\"Manage Resources\"}"}]}
RESULT: undefined
COMMAND: POST /session/a4f54502dbf5f1afb518fbe6152fd493/element - {"using":"xpath","value":"//*[@id=\"__tile39\"]"}
RESULT: {}
RESULT: {"using":"xpath","value":"//*[@id=\"__tile39\"]"}
COMMAND: POST /session/a4f54502dbf5f1afb518fbe6152fd493/element/f.35EC4CA9F2F6AFC958B8921B3309FEC0.d.F6E96E53CBAF49FEA90DBB88C00A4596.e.159/click - {}
RESULT: {}
COMMAND: POST /session/a4f54502dbf5f1afb518fbe6152fd493/element - {"using":"xpath","value":"//button[@data-kt=\"addNewRUOverflowToolbarButton\"]"}
COMMAND: GET /session/a4f54502dbf5f1afb518fbe6152fd493/screenshot - {}
RESULT: {"using":"xpath","value":"//button[@data-kt=\"addNewRUOverflowToolbarButton\"]"}
COMMAND: POST /session/a4f54502dbf5f1afb518fbe6152fd493/elements - {"using":"xpath","value":"//button[@data-kt=\"addNewRUOverflowToolbarButton\"]"}
RESULT: {}
RESULT: {"using":"xpath","value":"//button[@data-kt=\"addNewRUOverflowToolbarButton\"]"}
COMMAND: POST /session/a4f54502dbf5f1afb518fbe6152fd493/elements - {"using":"xpath","value":"//button[@data-kt=\"addNewRUOverflowToolbarButton\"]"}
RESULT: {"using":"xpath","value":"//button[@data-kt=\"addNewRUOverflowToolbarButton\"]"}
COMMAND: POST /session/a4f54502dbf5f1afb518fbe6152fd493/elements - {"using":"xpath","value":"//button[@data-kt=\"addNewRUOverflowToolbarButton\"]"}
RESULT: {"using":"xpath","value":"//button[@data-kt=\"addNewRUOverflowToolbarButton\"]"}
COMMAND: POST /session/a4f54502dbf5f1afb518fbe6152fd493/elements - {"using":"xpath","value":"//button[@data-kt=\"addNewRUOverflowToolbarButton\"]"}
RESULT: {"using":"xpath","value":"//button[@data-kt=\"addNewRUOverflowToolbarButton\"]"}
COMMAND: POST /session/a4f54502dbf5f1afb518fbe6152fd493/elements - {"using":"xpath","value":"//button[@data-kt=\"addNewRUOverflowToolbarButton\"]"}
RESULT: {"using":"xpath","value":"//button[@data-kt=\"addNewRUOverflowToolbarButton\"]"}
COMMAND: POST /session/a4f54502dbf5f1afb518fbe6152fd493/elements - {"using":"xpath","value":"//button[@data-kt=\"addNewRUOverflowToolbarButton\"]"}
RESULT: {"using":"xpath","value":"//button[@data-kt=\"addNewRUOverflowToolbarButton\"]"}
COMMAND: POST /session/a4f54502dbf5f1afb518fbe6152fd493/elements - {"using":"xpath","value":"//button[@data-kt=\"addNewRUOverflowToolbarButton\"]"}
RESULT: {"using":"xpath","value":"//button[@data-kt=\"addNewRUOverflowToolbarButton\"]"}
COMMAND: POST /session/a4f54502dbf5f1afb518fbe6152fd493/elements - {"using":"xpath","value":"//button[@data-kt=\"addNewRUOverflowToolbarButton\"]"}
RESULT: {"using":"xpath","value":"//button[@data-kt=\"addNewRUOverflowToolbarButton\"]"}
COMMAND: POST /session/a4f54502dbf5f1afb518fbe6152fd493/elements - {"using":"xpath","value":"//button[@data-kt=\"addNewRUOverflowToolbarButton\"]"}
RESULT: {"using":"xpath","value":"//button[@data-kt=\"addNewRUOverflowToolbarButton\"]"}
COMMAND: POST /session/a4f54502dbf5f1afb518fbe6152fd493/elements - {"using":"xpath","value":"//button[@data-kt=\"addNewRUOverflowToolbarButton\"]"}
RESULT: {"using":"xpath","value":"//button[@data-kt=\"addNewRUOverflowToolbarButton\"]"}
COMMAND: POST /session/a4f54502dbf5f1afb518fbe6152fd493/elements - {"using":"xpath","value":"//button[@data-kt=\"addNewRUOverflowToolbarButton\"]"}
RESULT: {"using":"xpath","value":"//button[@data-kt=\"addNewRUOverflowToolbarButton\"]"}
COMMAND: POST /session/a4f54502dbf5f1afb518fbe6152fd493/elements - {"using":"xpath","value":"//button[@data-kt=\"addNewRUOverflowToolbarButton\"]"}
RESULT: {"using":"xpath","value":"//button[@data-kt=\"addNewRUOverflowToolbarButton\"]"}
COMMAND: POST /session/a4f54502dbf5f1afb518fbe6152fd493/elements - {"using":"xpath","value":"//button[@data-kt=\"addNewRUOverflowToolbarButton\"]"}
RESULT: {"using":"xpath","value":"//button[@data-kt=\"addNewRUOverflowToolbarButton\"]"}
COMMAND: POST /session/a4f54502dbf5f1afb518fbe6152fd493/elements - {"using":"xpath","value":"//button[@data-kt=\"addNewRUOverflowToolbarButton\"]"}
RESULT: {"using":"xpath","value":"//button[@data-kt=\"addNewRUOverflowToolbarButton\"]"}
COMMAND: POST /session/a4f54502dbf5f1afb518fbe6152fd493/elements - {"using":"xpath","value":"//button[@data-kt=\"addNewRUOverflowToolbarButton\"]"}
RESULT: {"using":"xpath","value":"//button[@data-kt=\"addNewRUOverflowToolbarButton\"]"}
COMMAND: POST /session/a4f54502dbf5f1afb518fbe6152fd493/elements - {"using":"xpath","value":"//button[@data-kt=\"addNewRUOverflowToolbarButton\"]"}
RESULT: {"using":"xpath","value":"//button[@data-kt=\"addNewRUOverflowToolbarButton\"]"}
COMMAND: POST /session/a4f54502dbf5f1afb518fbe6152fd493/elements - {"using":"xpath","value":"//button[@data-kt=\"addNewRUOverflowToolbarButton\"]"}
RESULT: {"using":"xpath","value":"//button[@data-kt=\"addNewRUOverflowToolbarButton\"]"}
COMMAND: POST /session/a4f54502dbf5f1afb518fbe6152fd493/elements - {"using":"xpath","value":"//button[@data-kt=\"addNewRUOverflowToolbarButton\"]"}
RESULT: {"using":"xpath","value":"//button[@data-kt=\"addNewRUOverflowToolbarButton\"]"}
COMMAND: POST /session/a4f54502dbf5f1afb518fbe6152fd493/elements - {"using":"xpath","value":"//button[@data-kt=\"addNewRUOverflowToolbarButton\"]"}
RESULT: {"using":"xpath","value":"//button[@data-kt=\"addNewRUOverflowToolbarButton\"]"}
COMMAND: POST /session/a4f54502dbf5f1afb518fbe6152fd493/elements - {"using":"xpath","value":"//button[@data-kt=\"addNewRUOverflowToolbarButton\"]"}
RESULT: {"using":"xpath","value":"//button[@data-kt=\"addNewRUOverflowToolbarButton\"]"}
COMMAND: POST /session/a4f54502dbf5f1afb518fbe6152fd493/element - {"using":"xpath","value":"//button[@data-kt=\"addNewRUOverflowToolbarButton\"]"}
RESULT: {"using":"xpath","value":"//button[@data-kt=\"addNewRUOverflowToolbarButton\"]"}
COMMAND: POST /session/a4f54502dbf5f1afb518fbe6152fd493/execute/sync - {"script":"<script> [8489 bytes]","args":[{"element-6066-11e4-a52e-4f735466cecf":"f.35EC4CA9F2F6AFC958B8921B3309FEC0.d.F6E96E53CBAF49FEA90DBB88C00A4596.e.2543","ELEMENT":"f.35EC4CA9F2F6AFC958B8921B3309FEC0.d.F6E96E53CBAF49FEA90DBB88C00A4596.e.2543"}]}
RESULT: {"script":"<script> [8489 bytes]","args":[{"element-6066-11e4-a52e-4f735466cecf":"f.35EC4CA9F2F6AFC958B8921B3309FEC0.d.F6E96E53CBAF49FEA90DBB88C00A4596.e.2543","ELEMENT":"f.35EC4CA9F2F6AFC958B8921B3309FEC0.d.F6E96E53CBAF49FEA90DBB88C00A4596.e.2543"}]}
COMMAND: GET /session/a4f54502dbf5f1afb518fbe6152fd493/element/f.35EC4CA9F2F6AFC958B8921B3309FEC0.d.F6E96E53CBAF49FEA90DBB88C00A4596.e.2543/enabled - {}
COMMAND: GET /session/a4f54502dbf5f1afb518fbe6152fd493/screenshot - {}
RESULT: {}
COMMAND: POST /session/a4f54502dbf5f1afb518fbe6152fd493/execute/sync - {"script":"<script> [8489 bytes]","args":[{"element-6066-11e4-a52e-4f735466cecf":"f.35EC4CA9F2F6AFC958B8921B3309FEC0.d.F6E96E53CBAF49FEA90DBB88C00A4596.e.2543","ELEMENT":"f.35EC4CA9F2F6AFC958B8921B3309FEC0.d.F6E96E53CBAF49FEA90DBB88C00A4596.e.2543"}]}
COMMAND: GET /session/a4f54502dbf5f1afb518fbe6152fd493/screenshot - {}
RESULT: {}
RESULT: {"script":"<script> [8489 bytes]","args":[{"element-6066-11e4-a52e-4f735466cecf":"f.35EC4CA9F2F6AFC958B8921B3309FEC0.d.F6E96E53CBAF49FEA90DBB88C00A4596.e.2543","ELEMENT":"f.35EC4CA9F2F6AFC958B8921B3309FEC0.d.F6E96E53CBAF49FEA90DBB88C00A4596.e.2543"}]}
COMMAND: POST /session/a4f54502dbf5f1afb518fbe6152fd493/execute/sync - {"script":"<script> [5351 bytes]","args":[{"element-6066-11e4-a52e-4f735466cecf":"f.35EC4CA9F2F6AFC958B8921B3309FEC0.d.F6E96E53CBAF49FEA90DBB88C00A4596.e.2543","ELEMENT":"f.35EC4CA9F2F6AFC958B8921B3309FEC0.d.F6E96E53CBAF49FEA90DBB88C00A4596.e.2543"}]}
COMMAND: GET /session/a4f54502dbf5f1afb518fbe6152fd493/screenshot - {}
RESULT: {}
RESULT: {"script":"<script> [5351 bytes]","args":[{"element-6066-11e4-a52e-4f735466cecf":"f.35EC4CA9F2F6AFC958B8921B3309FEC0.d.F6E96E53CBAF49FEA90DBB88C00A4596.e.2543","ELEMENT":"f.35EC4CA9F2F6AFC958B8921B3309FEC0.d.F6E96E53CBAF49FEA90DBB88C00A4596.e.2543"}]}
COMMAND: POST /session/a4f54502dbf5f1afb518fbe6152fd493/element/f.35EC4CA9F2F6AFC958B8921B3309FEC0.d.F6E96E53CBAF49FEA90DBB88C00A4596.e.2543/click - {}
COMMAND: GET /session/a4f54502dbf5f1afb518fbe6152fd493/screenshot - {}
RESULT: {}
RESULT: {}
COMMAND: GET /session/a4f54502dbf5f1afb518fbe6152fd493/screenshot - {}
RESULT: {}
RESULT: {}
COMMAND: POST /session/a4f54502dbf5f1afb518fbe6152fd493/execute/async - {"script":"<script> [1562 bytes]","args":[{"selector":{"id":"application-manageresources-display-component---newResourceUnit--TYPE-arrow"},"wdio_ui5_key":"applicationmanageresources-display-component---newResourceUnit--TYPE-arrow"}]}
RESULT: {"script":"<script> [1562 bytes]","args":[{"selector":{"id":"application-manageresources-display-component---newResourceUnit--TYPE-arrow"},"wdio_ui5_key":"applicationmanageresources-display-component---newResourceUnit--TYPE-arrow"}]}
RESULT: undefined
COMMAND: POST /session/a4f54502dbf5f1afb518fbe6152fd493/element - {"using":"xpath","value":"//*[@id=\"application-manageresources-display-component---newResourceUnit--TYPE-arrow\"]"}
RESULT: {"using":"xpath","value":"//*[@id=\"application-manageresources-display-component---newResourceUnit--TYPE-arrow\"]"}
COMMAND: POST /session/a4f54502dbf5f1afb518fbe6152fd493/element/f.35EC4CA9F2F6AFC958B8921B3309FEC0.d.F6E96E53CBAF49FEA90DBB88C00A4596.e.2920/click - {}
RESULT: {}
COMMAND: POST /session/a4f54502dbf5f1afb518fbe6152fd493/element - {"using":"xpath","value":"//input[@id=\"application-manageresources-display-component---newResourceUnit--TYPE-inner\"]"}
COMMAND: GET /session/a4f54502dbf5f1afb518fbe6152fd493/screenshot - {}
RESULT: {"using":"xpath","value":"//input[@id=\"application-manageresources-display-component---newResourceUnit--TYPE-inner\"]"}
COMMAND: POST /session/a4f54502dbf5f1afb518fbe6152fd493/element/f.35EC4CA9F2F6AFC958B8921B3309FEC0.d.F6E96E53CBAF49FEA90DBB88C00A4596.e.2902/clear - {}
RESULT: {}
RESULT: {}
COMMAND: POST /session/a4f54502dbf5f1afb518fbe6152fd493/element/f.35EC4CA9F2F6AFC958B8921B3309FEC0.d.F6E96E53CBAF49FEA90DBB88C00A4596.e.2902/value - {"text":"Equi Multipart"}
COMMAND: GET /session/a4f54502dbf5f1afb518fbe6152fd493/screenshot - {}
RESULT: {"text":"Equi Multipart"}
COMMAND: GET /session/a4f54502dbf5f1afb518fbe6152fd493/screenshot - {}
RESULT: {}
RESULT: {}
COMMAND: POST /session/a4f54502dbf5f1afb518fbe6152fd493/actions - {"actions":[{"id":"action8","type":"key","parameters":{},"actions":[{"type":"keyDown","value":"î€‡"},{"type":"pause","duration":10},{"type":"keyUp","value":"î€‡"}]}]}
RESULT: {"actions":[{"id":"action8","type":"key","parameters":{},"actions":[{"type":"keyDown","value":"î€‡"},{"type":"pause","duration":10},{"type":"keyUp","value":"î€‡"}]}]}
COMMAND: POST /session/a4f54502dbf5f1afb518fbe6152fd493/execute/async - {"script":"<script> [1562 bytes]","args":[{"selector":{"id":"application-manageresources-display-component---newResourceUnit--SHORT_TEXT","interaction":{"idSuffix":"inner"}},"wdio_ui5_key":"applicationmanageresources-display-component---newResourceUnit--SHORT_TEXT"}]}
COMMAND: GET /session/a4f54502dbf5f1afb518fbe6152fd493/screenshot - {}
RESULT: {"script":"<script> [1562 bytes]","args":[{"selector":{"id":"application-manageresources-display-component---newResourceUnit--SHORT_TEXT","interaction":{"idSuffix":"inner"}},"wdio_ui5_key":"applicationmanageresources-display-component---newResourceUnit--SHORT_TEXT"}]}
RESULT: undefined
COMMAND: POST /session/a4f54502dbf5f1afb518fbe6152fd493/execute/async - {"script":"<script> [776 bytes]","args":[{"enterText":"Equipment Multipart WDIO","selector":{"id":"application-manageresources-display-component---newResourceUnit--SHORT_TEXT","interaction":{"idSuffix":"inner"}},"clearTextFirst":true,"interactionType":"ENTER_TEXT"}]}
RESULT: {}
RESULT: {"script":"<script> [776 bytes]","args":[{"enterText":"Equipment Multipart WDIO","selector":{"id":"application-manageresources-display-component---newResourceUnit--SHORT_TEXT","interaction":{"idSuffix":"inner"}},"clearTextFirst":true,"interactionType":"ENTER_TEXT"}]}
COMMAND: POST /session/a4f54502dbf5f1afb518fbe6152fd493/execute/async - {"script":"<script> [1562 bytes]","args":[{"selector":{"id":"application-manageresources-display-component---newResourceUnit--BASE_UNIT_OF_MEASURE","interaction":{"idSuffix":"inner"}},"wdio_ui5_key":"applicationmanageresources-display-component---newResourceUnit--BASE_UNIT_OF_MEASURE"}]}
RESULT: {"script":"<script> [1562 bytes]","args":[{"selector":{"id":"application-manageresources-display-component---newResourceUnit--BASE_UNIT_OF_MEASURE","interaction":{"idSuffix":"inner"}},"wdio_ui5_key":"applicationmanageresources-display-component---newResourceUnit--BASE_UNIT_OF_MEASURE"}]}
RESULT: undefined
COMMAND: POST /session/a4f54502dbf5f1afb518fbe6152fd493/execute/async - {"script":"<script> [776 bytes]","args":[{"enterText":"Piece","selector":{"id":"application-manageresources-display-component---newResourceUnit--BASE_UNIT_OF_MEASURE","interaction":{"idSuffix":"inner"}},"clearTextFirst":true,"interactionType":"ENTER_TEXT"}]}
RESULT: {"script":"<script> [776 bytes]","args":[{"enterText":"Piece","selector":{"id":"application-manageresources-display-component---newResourceUnit--BASE_UNIT_OF_MEASURE","interaction":{"idSuffix":"inner"}},"clearTextFirst":true,"interactionType":"ENTER_TEXT"}]}
COMMAND: POST /session/a4f54502dbf5f1afb518fbe6152fd493/execute/async - {"script":"<script> [1562 bytes]","args":[{"selector":{"id":"application-manageresources-display-component---newResourceUnit--WEIGHT_UNIT","interaction":{"idSuffix":"inner"}},"wdio_ui5_key":"applicationmanageresources-display-component---newResourceUnit--WEIGHT_UNIT"}]}
RESULT: {"script":"<script> [1562 bytes]","args":[{"selector":{"id":"application-manageresources-display-component---newResourceUnit--WEIGHT_UNIT","interaction":{"idSuffix":"inner"}},"wdio_ui5_key":"applicationmanageresources-display-component---newResourceUnit--WEIGHT_UNIT"}]}
RESULT: undefined
COMMAND: POST /session/a4f54502dbf5f1afb518fbe6152fd493/execute/async - {"script":"<script> [776 bytes]","args":[{"enterText":"Gram","selector":{"id":"application-manageresources-display-component---newResourceUnit--WEIGHT_UNIT","interaction":{"idSuffix":"inner"}},"clearTextFirst":true,"interactionType":"ENTER_TEXT"}]}
RESULT: {"script":"<script> [776 bytes]","args":[{"enterText":"Gram","selector":{"id":"application-manageresources-display-component---newResourceUnit--WEIGHT_UNIT","interaction":{"idSuffix":"inner"}},"clearTextFirst":true,"interactionType":"ENTER_TEXT"}]}
COMMAND: POST /session/a4f54502dbf5f1afb518fbe6152fd493/execute/async - {"script":"<script> [1562 bytes]","args":[{"selector":{"id":"application-manageresources-display-component---newResourceUnit--DIMENSION_UNIT","interaction":{"idSuffix":"inner"}},"wdio_ui5_key":"applicationmanageresources-display-component---newResourceUnit--DIMENSION_UNIT"}]}
RESULT: {"script":"<script> [1562 bytes]","args":[{"selector":{"id":"application-manageresources-display-component---newResourceUnit--DIMENSION_UNIT","interaction":{"idSuffix":"inner"}},"wdio_ui5_key":"applicationmanageresources-display-component---newResourceUnit--DIMENSION_UNIT"}]}
RESULT: undefined
COMMAND: POST /session/a4f54502dbf5f1afb518fbe6152fd493/execute/async - {"script":"<script> [776 bytes]","args":[{"enterText":"Meter","selector":{"id":"application-manageresources-display-component---newResourceUnit--DIMENSION_UNIT","interaction":{"idSuffix":"inner"}},"clearTextFirst":true,"interactionType":"ENTER_TEXT"}]}
RESULT: {"script":"<script> [776 bytes]","args":[{"enterText":"Meter","selector":{"id":"application-manageresources-display-component---newResourceUnit--DIMENSION_UNIT","interaction":{"idSuffix":"inner"}},"clearTextFirst":true,"interactionType":"ENTER_TEXT"}]}
COMMAND: POST /session/a4f54502dbf5f1afb518fbe6152fd493/execute/async - {"script":"<script> [1562 bytes]","args":[{"selector":{"id":"application-manageresources-display-component---newResourceUnit--newRRUPage-anchBar-application-manageresources-display-component---newResourceUnit--control-anchor","interaction":{"idSuffix":"BDI-content"}},"wdio_ui5_key":"applicationmanageresources-display-component---newResourceUnit--newRRUPage-anchBar-application-manageresources-display-component---newResourceUnit--control-anchor"}]}
RESULT: {"script":"<script> [1562 bytes]","args":[{"selector":{"id":"application-manageresources-display-component---newResourceUnit--newRRUPage-anchBar-application-manageresources-display-component---newResourceUnit--control-anchor","interaction":{"idSuffix":"BDI-content"}},"wdio_ui5_key":"applicationmanageresources-display-component---newResourceUnit--newRRUPage-anchBar-application-manageresources-display-component---newResourceUnit--control-anchor"}]}
RESULT: undefined
COMMAND: POST /session/a4f54502dbf5f1afb518fbe6152fd493/element - {"using":"xpath","value":"//*[@id=\"application-manageresources-display-component---newResourceUnit--newRRUPage-anchBar-application-manageresources-display-component---newResourceUnit--control-anchor\"]"}
RESULT: {"using":"xpath","value":"//*[@id=\"application-manageresources-display-component---newResourceUnit--newRRUPage-anchBar-application-manageresources-display-component---newResourceUnit--control-anchor\"]"}
COMMAND: POST /session/a4f54502dbf5f1afb518fbe6152fd493/element/f.35EC4CA9F2F6AFC958B8921B3309FEC0.d.F6E96E53CBAF49FEA90DBB88C00A4596.e.2989/click - {}
RESULT: {}
COMMAND: POST /session/a4f54502dbf5f1afb518fbe6152fd493/execute/async - {"script":"<script> [1562 bytes]","args":[{"selector":{"id":"application-manageresources-display-component---newResourceUnit--PLANNING_GROUP","interaction":{"idSuffix":"inner"}},"wdio_ui5_key":"applicationmanageresources-display-component---newResourceUnit--PLANNING_GROUP"}]}
COMMAND: GET /session/a4f54502dbf5f1afb518fbe6152fd493/screenshot - {}
RESULT: {"script":"<script> [1562 bytes]","args":[{"selector":{"id":"application-manageresources-display-component---newResourceUnit--PLANNING_GROUP","interaction":{"idSuffix":"inner"}},"wdio_ui5_key":"applicationmanageresources-display-component---newResourceUnit--PLANNING_GROUP"}]}
RESULT: undefined
COMMAND: POST /session/a4f54502dbf5f1afb518fbe6152fd493/execute/async - {"script":"<script> [776 bytes]","args":[{"enterText":"Heavy Equi","selector":{"id":"application-manageresources-display-component---newResourceUnit--PLANNING_GROUP","interaction":{"idSuffix":"inner"}},"clearTextFirst":true,"interactionType":"ENTER_TEXT"}]}
RESULT: {}
RESULT: {"script":"<script> [776 bytes]","args":[{"enterText":"Heavy Equi","selector":{"id":"application-manageresources-display-component---newResourceUnit--PLANNING_GROUP","interaction":{"idSuffix":"inner"}},"clearTextFirst":true,"interactionType":"ENTER_TEXT"}]}
COMMAND: POST /session/a4f54502dbf5f1afb518fbe6152fd493/execute/async - {"script":"<script> [1562 bytes]","args":[{"selector":{"id":"application-manageresources-display-component---newResourceUnit--PLANNING_INDICATOR","interaction":{"idSuffix":"inner"}},"wdio_ui5_key":"applicationmanageresources-display-component---newResourceUnit--PLANNING_INDICATOR"}]}
RESULT: {"script":"<script> [1562 bytes]","args":[{"selector":{"id":"application-manageresources-display-component---newResourceUnit--PLANNING_INDICATOR","interaction":{"idSuffix":"inner"}},"wdio_ui5_key":"applicationmanageresources-display-component---newResourceUnit--PLANNING_INDICATOR"}]}
RESULT: undefined
COMMAND: POST /session/a4f54502dbf5f1afb518fbe6152fd493/execute/async - {"script":"<script> [776 bytes]","args":[{"enterText":"10 - infinite","selector":{"id":"application-manageresources-display-component---newResourceUnit--PLANNING_INDICATOR","interaction":{"idSuffix":"inner"}},"clearTextFirst":true,"interactionType":"ENTER_TEXT"}]}
RESULT: {"script":"<script> [776 bytes]","args":[{"enterText":"10 - infinite","selector":{"id":"application-manageresources-display-component---newResourceUnit--PLANNING_INDICATOR","interaction":{"idSuffix":"inner"}},"clearTextFirst":true,"interactionType":"ENTER_TEXT"}]}
COMMAND: POST /session/a4f54502dbf5f1afb518fbe6152fd493/execute/async - {"script":"<script> [1562 bytes]","args":[{"selector":{"id":"application-manageresources-display-component---newResourceUnit--ITEM_TYPE-arrow"},"wdio_ui5_key":"applicationmanageresources-display-component---newResourceUnit--ITEM_TYPE-arrow"}]}
RESULT: {"script":"<script> [1562 bytes]","args":[{"selector":{"id":"application-manageresources-display-component---newResourceUnit--ITEM_TYPE-arrow"},"wdio_ui5_key":"applicationmanageresources-display-component---newResourceUnit--ITEM_TYPE-arrow"}]}
RESULT: undefined
COMMAND: POST /session/a4f54502dbf5f1afb518fbe6152fd493/element - {"using":"xpath","value":"//*[@id=\"application-manageresources-display-component---newResourceUnit--ITEM_TYPE-arrow\"]"}
RESULT: {"using":"xpath","value":"//*[@id=\"application-manageresources-display-component---newResourceUnit--ITEM_TYPE-arrow\"]"}
COMMAND: POST /session/a4f54502dbf5f1afb518fbe6152fd493/element/f.35EC4CA9F2F6AFC958B8921B3309FEC0.d.F6E96E53CBAF49FEA90DBB88C00A4596.e.2999/click - {}
RESULT: {}
COMMAND: GET /session/a4f54502dbf5f1afb518fbe6152fd493/screenshot - {}
RESULT: {}
COMMAND: POST /session/a4f54502dbf5f1afb518fbe6152fd493/execute/async - {"script":"<script> [1562 bytes]","args":[{"selector":{"controlType":"sap.m.StandardListItem","viewName":"reusables.view.manageresources.NewResourceUnit","viewId":"application-manageresources-display-component---newResourceUnit","properties":{"title":"Pool Equipment"},"searchOpenDialogs":true,"interaction":{"idSuffix":"content"}},"wdio_ui5_key":"reusablesview.manageresources.NewResourceUnitsap.m.StandardListItem{\"title\":\"Pool Equipment\"}"}]}
RESULT: {"script":"<script> [1562 bytes]","args":[{"selector":{"controlType":"sap.m.StandardListItem","viewName":"reusables.view.manageresources.NewResourceUnit","viewId":"application-manageresources-display-component---newResourceUnit","properties":{"title":"Pool Equipment"},"searchOpenDialogs":true,"interaction":{"idSuffix":"content"}},"wdio_ui5_key":"reusablesview.manageresources.NewResourceUnitsap.m.StandardListItem{\"title\":\"Pool Equipment\"}"}]}
RESULT: undefined
COMMAND: POST /session/a4f54502dbf5f1afb518fbe6152fd493/element - {"using":"xpath","value":"//*[@id=\"__item1888\"]"}
RESULT: {"using":"xpath","value":"//*[@id=\"__item1888\"]"}
COMMAND: POST /session/a4f54502dbf5f1afb518fbe6152fd493/element/f.35EC4CA9F2F6AFC958B8921B3309FEC0.d.F6E96E53CBAF49FEA90DBB88C00A4596.e.3001/click - {}
RESULT: {}
COMMAND: GET /session/a4f54502dbf5f1afb518fbe6152fd493/screenshot - {}
RESULT: {}
COMMAND: POST /session/a4f54502dbf5f1afb518fbe6152fd493/element - {"using":"css selector","value":"#application-manageresources-display-component---newResourceUnit--btnAddTimeSegment"}
RESULT: {"using":"css selector","value":"#application-manageresources-display-component---newResourceUnit--btnAddTimeSegment"}
COMMAND: GET /session/a4f54502dbf5f1afb518fbe6152fd493/element/f.35EC4CA9F2F6AFC958B8921B3309FEC0.d.F6E96E53CBAF49FEA90DBB88C00A4596.e.3002/rect - {}
RESULT: {}
COMMAND: GET /session/a4f54502dbf5f1afb518fbe6152fd493/window/rect - {}
RESULT: {}
COMMAND: POST /session/a4f54502dbf5f1afb518fbe6152fd493/execute/sync - {"script":"<script> [92 bytes]","args":[]}
RESULT: {"script":"<script> [92 bytes]","args":[]}
COMMAND: POST /session/a4f54502dbf5f1afb518fbe6152fd493/actions - {"actions":[{"id":"action9","type":"wheel","parameters":{},"actions":[{"type":"scroll","x":-1888,"y":-32,"deltaX":0,"deltaY":0,"duration":0,"origin":{"element-6066-11e4-a52e-4f735466cecf":"f.35EC4CA9F2F6AFC958B8921B3309FEC0.d.F6E96E53CBAF49FEA90DBB88C00A4596.e.3002"}}]}]}
COMMAND: GET /session/a4f54502dbf5f1afb518fbe6152fd493/screenshot - {}
RESULT: {}
COMMAND: POST /session/a4f54502dbf5f1afb518fbe6152fd493/execute/sync - {"script":"<script> [79 bytes]","args":[{"element-6066-11e4-a52e-4f735466cecf":"f.35EC4CA9F2F6AFC958B8921B3309FEC0.d.F6E96E53CBAF49FEA90DBB88C00A4596.e.3002","ELEMENT":"f.35EC4CA9F2F6AFC958B8921B3309FEC0.d.F6E96E53CBAF49FEA90DBB88C00A4596.e.3002"},{"block":"start","inline":"nearest"}]}
RESULT: {"script":"<script> [79 bytes]","args":[{"element-6066-11e4-a52e-4f735466cecf":"f.35EC4CA9F2F6AFC958B8921B3309FEC0.d.F6E96E53CBAF49FEA90DBB88C00A4596.e.3002","ELEMENT":"f.35EC4CA9F2F6AFC958B8921B3309FEC0.d.F6E96E53CBAF49FEA90DBB88C00A4596.e.3002"},{"block":"start","inline":"nearest"}]}
COMMAND: POST /session/a4f54502dbf5f1afb518fbe6152fd493/execute/async - {"script":"<script> [1562 bytes]","args":[{"selector":{"id":"application-manageresources-display-component---newResourceUnit--btnAddTimeSegment","interaction":{"idSuffix":"inner"}},"wdio_ui5_key":"applicationmanageresources-display-component---newResourceUnit--btnAddTimeSegment"}]}
COMMAND: GET /session/a4f54502dbf5f1afb518fbe6152fd493/screenshot - {}
RESULT: {"script":"<script> [1562 bytes]","args":[{"selector":{"id":"application-manageresources-display-component---newResourceUnit--btnAddTimeSegment","interaction":{"idSuffix":"inner"}},"wdio_ui5_key":"applicationmanageresources-display-component---newResourceUnit--btnAddTimeSegment"}]}
RESULT: undefined
COMMAND: POST /session/a4f54502dbf5f1afb518fbe6152fd493/element - {"using":"xpath","value":"//*[@id=\"application-manageresources-display-component---newResourceUnit--btnAddTimeSegment\"]"}
RESULT: {}
RESULT: {"using":"xpath","value":"//*[@id=\"application-manageresources-display-component---newResourceUnit--btnAddTimeSegment\"]"}
COMMAND: POST /session/a4f54502dbf5f1afb518fbe6152fd493/element/f.35EC4CA9F2F6AFC958B8921B3309FEC0.d.F6E96E53CBAF49FEA90DBB88C00A4596.e.3002/click - {}
RESULT: {}
COMMAND: GET /session/a4f54502dbf5f1afb518fbe6152fd493/screenshot - {}
RESULT: {}
COMMAND: POST /session/a4f54502dbf5f1afb518fbe6152fd493/element - {"using":"xpath","value":"//input[@id=\"application-manageresources-display-component---newResourceUnit--idRuTSAdmin-application-manageresources-display-component---newResourceUnit--RUTimeSegment-0-inner\"]"}
RESULT: {"using":"xpath","value":"//input[@id=\"application-manageresources-display-component---newResourceUnit--idRuTSAdmin-application-manageresources-display-component---newResourceUnit--RUTimeSegment-0-inner\"]"}
COMMAND: POST /session/a4f54502dbf5f1afb518fbe6152fd493/element/f.35EC4CA9F2F6AFC958B8921B3309FEC0.d.F6E96E53CBAF49FEA90DBB88C00A4596.e.3008/clear - {}
RESULT: {}
COMMAND: POST /session/a4f54502dbf5f1afb518fbe6152fd493/element/f.35EC4CA9F2F6AFC958B8921B3309FEC0.d.F6E96E53CBAF49FEA90DBB88C00A4596.e.3008/value - {"text":"674"}
COMMAND: GET /session/a4f54502dbf5f1afb518fbe6152fd493/screenshot - {}
RESULT: {"text":"674"}
COMMAND: GET /session/a4f54502dbf5f1afb518fbe6152fd493/screenshot - {}
RESULT: {}
RESULT: {}
COMMAND: POST /session/a4f54502dbf5f1afb518fbe6152fd493/element - {"using":"xpath","value":"//li[.//span[text()='674']]"}
RESULT: {"using":"xpath","value":"//li[.//span[text()='674']]"}
COMMAND: POST /session/a4f54502dbf5f1afb518fbe6152fd493/element/f.35EC4CA9F2F6AFC958B8921B3309FEC0.d.F6E96E53CBAF49FEA90DBB88C00A4596.e.3022/click - {}
RESULT: {}
COMMAND: GET /session/a4f54502dbf5f1afb518fbe6152fd493/screenshot - {}
RESULT: {}
COMMAND: POST /session/a4f54502dbf5f1afb518fbe6152fd493/element - {"using":"xpath","value":"(//span[contains(@id, \"-application-manageresources-display-component---newResourceUnit--RUTimeSegment-0-arrow\")])[5]"}
RESULT: {"using":"xpath","value":"(//span[contains(@id, \"-application-manageresources-display-component---newResourceUnit--RUTimeSegment-0-arrow\")])[5]"}
COMMAND: POST /session/a4f54502dbf5f1afb518fbe6152fd493/element/f.35EC4CA9F2F6AFC958B8921B3309FEC0.d.F6E96E53CBAF49FEA90DBB88C00A4596.e.3023/click - {}
RESULT: {}
COMMAND: GET /session/a4f54502dbf5f1afb518fbe6152fd493/screenshot - {}
RESULT: {}
COMMAND: POST /session/a4f54502dbf5f1afb518fbe6152fd493/element - {"using":"xpath","value":"//span[contains(text(), \"PM Order\")]"}
RESULT: {"using":"xpath","value":"//span[contains(text(), \"PM Order\")]"}
COMMAND: POST /session/a4f54502dbf5f1afb518fbe6152fd493/element/f.35EC4CA9F2F6AFC958B8921B3309FEC0.d.F6E96E53CBAF49FEA90DBB88C00A4596.e.3024/click - {}
RESULT: {}
COMMAND: GET /session/a4f54502dbf5f1afb518fbe6152fd493/screenshot - {}
RESULT: {}
COMMAND: POST /session/a4f54502dbf5f1afb518fbe6152fd493/element - {"using":"xpath","value":"(//span[contains(@id ,\"manageresources-display-component---newResourceUnit--RUTimeSegment-0-vhi\")])[1]"}
RESULT: {"using":"xpath","value":"(//span[contains(@id ,\"manageresources-display-component---newResourceUnit--RUTimeSegment-0-vhi\")])[1]"}
COMMAND: GET /session/a4f54502dbf5f1afb518fbe6152fd493/element/f.35EC4CA9F2F6AFC958B8921B3309FEC0.d.F6E96E53CBAF49FEA90DBB88C00A4596.e.3028/rect - {}
RESULT: {}
COMMAND: GET /session/a4f54502dbf5f1afb518fbe6152fd493/window/rect - {}
RESULT: {}
COMMAND: POST /session/a4f54502dbf5f1afb518fbe6152fd493/execute/sync - {"script":"<script> [92 bytes]","args":[]}
RESULT: {"script":"<script> [92 bytes]","args":[]}
COMMAND: POST /session/a4f54502dbf5f1afb518fbe6152fd493/actions - {"actions":[{"id":"action10","type":"wheel","parameters":{},"actions":[{"type":"scroll","x":-1888,"y":-24,"deltaX":0,"deltaY":0,"duration":0,"origin":{"element-6066-11e4-a52e-4f735466cecf":"f.35EC4CA9F2F6AFC958B8921B3309FEC0.d.F6E96E53CBAF49FEA90DBB88C00A4596.e.3028"}}]}]}
COMMAND: GET /session/a4f54502dbf5f1afb518fbe6152fd493/screenshot - {}
RESULT: {}
COMMAND: POST /session/a4f54502dbf5f1afb518fbe6152fd493/execute/sync - {"script":"<script> [79 bytes]","args":[{"element-6066-11e4-a52e-4f735466cecf":"f.35EC4CA9F2F6AFC958B8921B3309FEC0.d.F6E96E53CBAF49FEA90DBB88C00A4596.e.3028","ELEMENT":"f.35EC4CA9F2F6AFC958B8921B3309FEC0.d.F6E96E53CBAF49FEA90DBB88C00A4596.e.3028"},{"block":"start","inline":"nearest"}]}
RESULT: {"script":"<script> [79 bytes]","args":[{"element-6066-11e4-a52e-4f735466cecf":"f.35EC4CA9F2F6AFC958B8921B3309FEC0.d.F6E96E53CBAF49FEA90DBB88C00A4596.e.3028","ELEMENT":"f.35EC4CA9F2F6AFC958B8921B3309FEC0.d.F6E96E53CBAF49FEA90DBB88C00A4596.e.3028"},{"block":"start","inline":"nearest"}]}
COMMAND: GET /session/a4f54502dbf5f1afb518fbe6152fd493/screenshot - {}
RESULT: {}
COMMAND: POST /session/a4f54502dbf5f1afb518fbe6152fd493/element/f.35EC4CA9F2F6AFC958B8921B3309FEC0.d.F6E96E53CBAF49FEA90DBB88C00A4596.e.3028/click - {}
RESULT: {}
COMMAND: GET /session/a4f54502dbf5f1afb518fbe6152fd493/screenshot - {}
RESULT: {}
RESULT: undefined
COMMAND: POST /session/a4f54502dbf5f1afb518fbe6152fd493/execute/async - {"script":"<script> [776 bytes]","args":[{"enterText":"4000360","selector":{"controlType":"sap.m.SearchField","properties":{"placeholder":"Search"},"searchOpenDialogs":true,"interaction":{"idSuffix":"I"}},"clearTextFirst":true,"interactionType":"ENTER_TEXT"}]}
RESULT: {"script":"<script> [776 bytes]","args":[{"enterText":"4000360","selector":{"controlType":"sap.m.SearchField","properties":{"placeholder":"Search"},"searchOpenDialogs":true,"interaction":{"idSuffix":"I"}},"clearTextFirst":true,"interactionType":"ENTER_TEXT"}]}
COMMAND: POST /session/a4f54502dbf5f1afb518fbe6152fd493/actions - {"actions":[{"id":"action11","type":"key","parameters":{},"actions":[{"type":"keyDown","value":"î€‡"},{"type":"pause","duration":10},{"type":"keyUp","value":"î€‡"}]}]}
RESULT: {"actions":[{"id":"action11","type":"key","parameters":{},"actions":[{"type":"keyDown","value":"î€‡"},{"type":"pause","duration":10},{"type":"keyUp","value":"î€‡"}]}]}
COMMAND: GET /session/a4f54502dbf5f1afb518fbe6152fd493/screenshot - {}
RESULT: {}
COMMAND: POST /session/a4f54502dbf5f1afb518fbe6152fd493/element - {"using":"xpath","value":"//td/div/span[contains(text(), \"BGL Vehicles\")]"}
RESULT: {"using":"xpath","value":"//td/div/span[contains(text(), \"BGL Vehicles\")]"}
COMMAND: POST /session/a4f54502dbf5f1afb518fbe6152fd493/element/f.35EC4CA9F2F6AFC958B8921B3309FEC0.d.F6E96E53CBAF49FEA90DBB88C00A4596.e.3048/click - {}
RESULT: {}
COMMAND: GET /session/a4f54502dbf5f1afb518fbe6152fd493/screenshot - {}
RESULT: {}
COMMAND: POST /session/a4f54502dbf5f1afb518fbe6152fd493/element - {"using":"xpath","value":"//bdi[contains(text(), \"OK\")]"}
RESULT: {"using":"xpath","value":"//bdi[contains(text(), \"OK\")]"}
COMMAND: POST /session/a4f54502dbf5f1afb518fbe6152fd493/element/f.35EC4CA9F2F6AFC958B8921B3309FEC0.d.F6E96E53CBAF49FEA90DBB88C00A4596.e.3049/click - {}
RESULT: {}
COMMAND: GET /session/a4f54502dbf5f1afb518fbe6152fd493/screenshot - {}
RESULT: {}
COMMAND: POST /session/a4f54502dbf5f1afb518fbe6152fd493/element - {"using":"xpath","value":"//label[contains(@class, 'sapMLabelRequired') and .//bdi[contains(text(), 'Planned Retirement')]]"}
RESULT: {"using":"xpath","value":"//label[contains(@class, 'sapMLabelRequired') and .//bdi[contains(text(), 'Planned Retirement')]]"}
COMMAND: POST /session/a4f54502dbf5f1afb518fbe6152fd493/elements - {"using":"xpath","value":"//label[contains(@class, 'sapMLabelRequired') and .//bdi[contains(text(), 'Planned Retirement')]]"}
RESULT: {"using":"xpath","value":"//label[contains(@class, 'sapMLabelRequired') and .//bdi[contains(text(), 'Planned Retirement')]]"}
COMMAND: POST /session/a4f54502dbf5f1afb518fbe6152fd493/element - {"using":"xpath","value":"//button[@data-kt=\"resourceUnitSaveButton\"]"}
RESULT: {"using":"xpath","value":"//button[@data-kt=\"resourceUnitSaveButton\"]"}
COMMAND: POST /session/a4f54502dbf5f1afb518fbe6152fd493/element/f.35EC4CA9F2F6AFC958B8921B3309FEC0.d.F6E96E53CBAF49FEA90DBB88C00A4596.e.2936/click - {}
RESULT: {}
COMMAND: GET /session/a4f54502dbf5f1afb518fbe6152fd493/screenshot - {}
RESULT: {}
COMMAND: POST /session/a4f54502dbf5f1afb518fbe6152fd493/element - {"using":"xpath","value":"//bdi[contains(text(), \"Close\")]"}
RESULT: {"using":"xpath","value":"//bdi[contains(text(), \"Close\")]"}
COMMAND: POST /session/a4f54502dbf5f1afb518fbe6152fd493/element/f.35EC4CA9F2F6AFC958B8921B3309FEC0.d.F6E96E53CBAF49FEA90DBB88C00A4596.e.3056/click - {}
RESULT: {}
COMMAND: GET /session/a4f54502dbf5f1afb518fbe6152fd493/screenshot - {}
RESULT: {}
COMMAND: POST /session/a4f54502dbf5f1afb518fbe6152fd493/element - {"using":"xpath","value":"//header[contains(@id, 'detailRruPage-headerTitle')]/div[1]/div[2]/div[2]/span[1]"}
RESULT: {"using":"xpath","value":"//header[contains(@id, 'detailRruPage-headerTitle')]/div[1]/div[2]/div[2]/span[1]"}
COMMAND: POST /session/a4f54502dbf5f1afb518fbe6152fd493/elements - {"using":"xpath","value":"//header[contains(@id, 'detailRruPage-headerTitle')]/div[1]/div[2]/div[2]/span[1]"}
RESULT: {"using":"xpath","value":"//header[contains(@id, 'detailRruPage-headerTitle')]/div[1]/div[2]/div[2]/span[1]"}
COMMAND: POST /session/a4f54502dbf5f1afb518fbe6152fd493/execute/sync - {"script":"<script> [56 bytes]","args":[{"element-6066-11e4-a52e-4f735466cecf":"f.35EC4CA9F2F6AFC958B8921B3309FEC0.d.F6E96E53CBAF49FEA90DBB88C00A4596.e.3084","ELEMENT":"f.35EC4CA9F2F6AFC958B8921B3309FEC0.d.F6E96E53CBAF49FEA90DBB88C00A4596.e.3084"}]}
RESULT: {"script":"<script> [56 bytes]","args":[{"element-6066-11e4-a52e-4f735466cecf":"f.35EC4CA9F2F6AFC958B8921B3309FEC0.d.F6E96E53CBAF49FEA90DBB88C00A4596.e.3084","ELEMENT":"f.35EC4CA9F2F6AFC958B8921B3309FEC0.d.F6E96E53CBAF49FEA90DBB88C00A4596.e.3084"}]}
COMMAND: POST /session/a4f54502dbf5f1afb518fbe6152fd493/element - {"using":"css selector","value":"#shell-header-logo"}
COMMAND: GET /session/a4f54502dbf5f1afb518fbe6152fd493/screenshot - {}
RESULT: {"using":"css selector","value":"#shell-header-logo"}
COMMAND: POST /session/a4f54502dbf5f1afb518fbe6152fd493/element/f.35EC4CA9F2F6AFC958B8921B3309FEC0.d.F6E96E53CBAF49FEA90DBB88C00A4596.e.2516/click - {}
RESULT: {}
RESULT: {}
COMMAND: GET /session/a4f54502dbf5f1afb518fbe6152fd493/screenshot - {}
RESULT: {}
]]></system-out>
    </testcase>
    <testcase classname="chrome.135_0_7049_115.windows.Tests_for_Mass_State_Change_on_Manage_States_&amp;_Performances_US104416_US" name="Prereq Should do stock increase" time="86.488">
      <system-out><![CDATA[
COMMAND: POST /session/a4f54502dbf5f1afb518fbe6152fd493/execute/async - {"script":"<script> [1562 bytes]","args":[{"selector":{"controlType":"sap.m.Text","viewName":"etm.portal.ui.managehandoverstile.view.Master","properties":{"text":"Manage Handovers"},"interaction":{"idSuffix":"inner"}},"wdio_ui5_key":"etmportal.ui.managehandoverstile.view.Mastersap.m.Text{\"text\":\"Manage Handovers\"}"}]}
RESULT: {"script":"<script> [1562 bytes]","args":[{"selector":{"controlType":"sap.m.Text","viewName":"etm.portal.ui.managehandoverstile.view.Master","properties":{"text":"Manage Handovers"},"interaction":{"idSuffix":"inner"}},"wdio_ui5_key":"etmportal.ui.managehandoverstile.view.Mastersap.m.Text{\"text\":\"Manage Handovers\"}"}]}
RESULT: undefined
COMMAND: POST /session/a4f54502dbf5f1afb518fbe6152fd493/element - {"using":"xpath","value":"//*[@id=\"__tile132-title\"]"}
RESULT: {"using":"xpath","value":"//*[@id=\"__tile132-title\"]"}
COMMAND: POST /session/a4f54502dbf5f1afb518fbe6152fd493/element/f.35EC4CA9F2F6AFC958B8921B3309FEC0.d.F6E96E53CBAF49FEA90DBB88C00A4596.e.3087/click - {}
RESULT: {}
COMMAND: POST /session/a4f54502dbf5f1afb518fbe6152fd493/element - {"using":"xpath","value":"//button[@data-kt=\"masterHOAddButton\"]"}
COMMAND: GET /session/a4f54502dbf5f1afb518fbe6152fd493/screenshot - {}
RESULT: {"using":"xpath","value":"//button[@data-kt=\"masterHOAddButton\"]"}
COMMAND: POST /session/a4f54502dbf5f1afb518fbe6152fd493/elements - {"using":"xpath","value":"//button[@data-kt=\"masterHOAddButton\"]"}
RESULT: {}
RESULT: {"using":"xpath","value":"//button[@data-kt=\"masterHOAddButton\"]"}
COMMAND: POST /session/a4f54502dbf5f1afb518fbe6152fd493/elements - {"using":"xpath","value":"//button[@data-kt=\"masterHOAddButton\"]"}
RESULT: {"using":"xpath","value":"//button[@data-kt=\"masterHOAddButton\"]"}
COMMAND: POST /session/a4f54502dbf5f1afb518fbe6152fd493/elements - {"using":"xpath","value":"//button[@data-kt=\"masterHOAddButton\"]"}
RESULT: {"using":"xpath","value":"//button[@data-kt=\"masterHOAddButton\"]"}
COMMAND: POST /session/a4f54502dbf5f1afb518fbe6152fd493/elements - {"using":"xpath","value":"//button[@data-kt=\"masterHOAddButton\"]"}
RESULT: {"using":"xpath","value":"//button[@data-kt=\"masterHOAddButton\"]"}
COMMAND: POST /session/a4f54502dbf5f1afb518fbe6152fd493/elements - {"using":"xpath","value":"//button[@data-kt=\"masterHOAddButton\"]"}
RESULT: {"using":"xpath","value":"//button[@data-kt=\"masterHOAddButton\"]"}
COMMAND: POST /session/a4f54502dbf5f1afb518fbe6152fd493/elements - {"using":"xpath","value":"//button[@data-kt=\"masterHOAddButton\"]"}
RESULT: {"using":"xpath","value":"//button[@data-kt=\"masterHOAddButton\"]"}
COMMAND: POST /session/a4f54502dbf5f1afb518fbe6152fd493/elements - {"using":"xpath","value":"//button[@data-kt=\"masterHOAddButton\"]"}
RESULT: {"using":"xpath","value":"//button[@data-kt=\"masterHOAddButton\"]"}
COMMAND: POST /session/a4f54502dbf5f1afb518fbe6152fd493/elements - {"using":"xpath","value":"//button[@data-kt=\"masterHOAddButton\"]"}
RESULT: {"using":"xpath","value":"//button[@data-kt=\"masterHOAddButton\"]"}
COMMAND: POST /session/a4f54502dbf5f1afb518fbe6152fd493/elements - {"using":"xpath","value":"//button[@data-kt=\"masterHOAddButton\"]"}
RESULT: {"using":"xpath","value":"//button[@data-kt=\"masterHOAddButton\"]"}
COMMAND: POST /session/a4f54502dbf5f1afb518fbe6152fd493/elements - {"using":"xpath","value":"//button[@data-kt=\"masterHOAddButton\"]"}
RESULT: {"using":"xpath","value":"//button[@data-kt=\"masterHOAddButton\"]"}
COMMAND: POST /session/a4f54502dbf5f1afb518fbe6152fd493/elements - {"using":"xpath","value":"//button[@data-kt=\"masterHOAddButton\"]"}
RESULT: {"using":"xpath","value":"//button[@data-kt=\"masterHOAddButton\"]"}
COMMAND: POST /session/a4f54502dbf5f1afb518fbe6152fd493/element - {"using":"xpath","value":"//button[@data-kt=\"masterHOAddButton\"]"}
RESULT: {"using":"xpath","value":"//button[@data-kt=\"masterHOAddButton\"]"}
COMMAND: POST /session/a4f54502dbf5f1afb518fbe6152fd493/execute/sync - {"script":"<script> [8489 bytes]","args":[{"element-6066-11e4-a52e-4f735466cecf":"f.35EC4CA9F2F6AFC958B8921B3309FEC0.d.F6E96E53CBAF49FEA90DBB88C00A4596.e.3118","ELEMENT":"f.35EC4CA9F2F6AFC958B8921B3309FEC0.d.F6E96E53CBAF49FEA90DBB88C00A4596.e.3118"}]}
RESULT: {"script":"<script> [8489 bytes]","args":[{"element-6066-11e4-a52e-4f735466cecf":"f.35EC4CA9F2F6AFC958B8921B3309FEC0.d.F6E96E53CBAF49FEA90DBB88C00A4596.e.3118","ELEMENT":"f.35EC4CA9F2F6AFC958B8921B3309FEC0.d.F6E96E53CBAF49FEA90DBB88C00A4596.e.3118"}]}
COMMAND: GET /session/a4f54502dbf5f1afb518fbe6152fd493/element/f.35EC4CA9F2F6AFC958B8921B3309FEC0.d.F6E96E53CBAF49FEA90DBB88C00A4596.e.3118/enabled - {}
COMMAND: GET /session/a4f54502dbf5f1afb518fbe6152fd493/screenshot - {}
RESULT: {}
COMMAND: POST /session/a4f54502dbf5f1afb518fbe6152fd493/execute/sync - {"script":"<script> [8489 bytes]","args":[{"element-6066-11e4-a52e-4f735466cecf":"f.35EC4CA9F2F6AFC958B8921B3309FEC0.d.F6E96E53CBAF49FEA90DBB88C00A4596.e.3118","ELEMENT":"f.35EC4CA9F2F6AFC958B8921B3309FEC0.d.F6E96E53CBAF49FEA90DBB88C00A4596.e.3118"}]}
COMMAND: GET /session/a4f54502dbf5f1afb518fbe6152fd493/screenshot - {}
RESULT: {}
RESULT: {"script":"<script> [8489 bytes]","args":[{"element-6066-11e4-a52e-4f735466cecf":"f.35EC4CA9F2F6AFC958B8921B3309FEC0.d.F6E96E53CBAF49FEA90DBB88C00A4596.e.3118","ELEMENT":"f.35EC4CA9F2F6AFC958B8921B3309FEC0.d.F6E96E53CBAF49FEA90DBB88C00A4596.e.3118"}]}
COMMAND: POST /session/a4f54502dbf5f1afb518fbe6152fd493/execute/sync - {"script":"<script> [5351 bytes]","args":[{"element-6066-11e4-a52e-4f735466cecf":"f.35EC4CA9F2F6AFC958B8921B3309FEC0.d.F6E96E53CBAF49FEA90DBB88C00A4596.e.3118","ELEMENT":"f.35EC4CA9F2F6AFC958B8921B3309FEC0.d.F6E96E53CBAF49FEA90DBB88C00A4596.e.3118"}]}
COMMAND: GET /session/a4f54502dbf5f1afb518fbe6152fd493/screenshot - {}
RESULT: {}
RESULT: {"script":"<script> [5351 bytes]","args":[{"element-6066-11e4-a52e-4f735466cecf":"f.35EC4CA9F2F6AFC958B8921B3309FEC0.d.F6E96E53CBAF49FEA90DBB88C00A4596.e.3118","ELEMENT":"f.35EC4CA9F2F6AFC958B8921B3309FEC0.d.F6E96E53CBAF49FEA90DBB88C00A4596.e.3118"}]}
COMMAND: POST /session/a4f54502dbf5f1afb518fbe6152fd493/element/f.35EC4CA9F2F6AFC958B8921B3309FEC0.d.F6E96E53CBAF49FEA90DBB88C00A4596.e.3118/click - {}
COMMAND: GET /session/a4f54502dbf5f1afb518fbe6152fd493/screenshot - {}
RESULT: {}
RESULT: {}
COMMAND: GET /session/a4f54502dbf5f1afb518fbe6152fd493/screenshot - {}
RESULT: {}
RESULT: {}
COMMAND: POST /session/a4f54502dbf5f1afb518fbe6152fd493/element - {"using":"xpath","value":"//span[contains(@id ,\"AddNewHO--typeSelect-arrow\")]"}
RESULT: {"using":"xpath","value":"//span[contains(@id ,\"AddNewHO--typeSelect-arrow\")]"}
COMMAND: POST /session/a4f54502dbf5f1afb518fbe6152fd493/element/f.35EC4CA9F2F6AFC958B8921B3309FEC0.d.F6E96E53CBAF49FEA90DBB88C00A4596.e.3466/click - {}
RESULT: {}
COMMAND: GET /session/a4f54502dbf5f1afb518fbe6152fd493/screenshot - {}
RESULT: {}
COMMAND: POST /session/a4f54502dbf5f1afb518fbe6152fd493/element - {"using":"xpath","value":"(//li[contains(text(), \"stock increase yard\")])[1]"}
RESULT: {"using":"xpath","value":"(//li[contains(text(), \"stock increase yard\")])[1]"}
COMMAND: POST /session/a4f54502dbf5f1afb518fbe6152fd493/element/f.35EC4CA9F2F6AFC958B8921B3309FEC0.d.F6E96E53CBAF49FEA90DBB88C00A4596.e.3467/click - {}
RESULT: {}
COMMAND: GET /session/a4f54502dbf5f1afb518fbe6152fd493/screenshot - {}
RESULT: {}
COMMAND: POST /session/a4f54502dbf5f1afb518fbe6152fd493/execute/async - {"script":"<script> [1562 bytes]","args":[{"selector":{"id":"application-managehandovers-display-component---AddNewHO--dueDate","interaction":{"idSuffix":"inner"}},"wdio_ui5_key":"applicationmanagehandovers-display-component---AddNewHO--dueDate"}]}
RESULT: {"script":"<script> [1562 bytes]","args":[{"selector":{"id":"application-managehandovers-display-component---AddNewHO--dueDate","interaction":{"idSuffix":"inner"}},"wdio_ui5_key":"applicationmanagehandovers-display-component---AddNewHO--dueDate"}]}
RESULT: undefined
COMMAND: POST /session/a4f54502dbf5f1afb518fbe6152fd493/execute/async - {"script":"<script> [6424 bytes]","args":[{"element-6066-11e4-a52e-4f735466cecf":"f.35EC4CA9F2F6AFC958B8921B3309FEC0.d.F6E96E53CBAF49FEA90DBB88C00A4596.e.3469"},"setValue",["05/07/2025"]]}
RESULT: {"script":"<script> [6424 bytes]","args":[{"element-6066-11e4-a52e-4f735466cecf":"f.35EC4CA9F2F6AFC958B8921B3309FEC0.d.F6E96E53CBAF49FEA90DBB88C00A4596.e.3469"},"setValue",["05/07/2025"]]}
COMMAND: POST /session/a4f54502dbf5f1afb518fbe6152fd493/element - {"using":"xpath","value":"//input[@id=\"generalSectionFrg--receiveYard-inner\"]"}
RESULT: {"using":"xpath","value":"//input[@id=\"generalSectionFrg--receiveYard-inner\"]"}
COMMAND: POST /session/a4f54502dbf5f1afb518fbe6152fd493/element/f.35EC4CA9F2F6AFC958B8921B3309FEC0.d.F6E96E53CBAF49FEA90DBB88C00A4596.e.3475/clear - {}
RESULT: {}
COMMAND: POST /session/a4f54502dbf5f1afb518fbe6152fd493/element/f.35EC4CA9F2F6AFC958B8921B3309FEC0.d.F6E96E53CBAF49FEA90DBB88C00A4596.e.3475/value - {"text":"674"}
COMMAND: GET /session/a4f54502dbf5f1afb518fbe6152fd493/screenshot - {}
RESULT: {"text":"674"}
COMMAND: GET /session/a4f54502dbf5f1afb518fbe6152fd493/screenshot - {}
RESULT: {}
RESULT: {}
COMMAND: POST /session/a4f54502dbf5f1afb518fbe6152fd493/element - {"using":"xpath","value":"//li[.//span[text()='674']]"}
RESULT: {"using":"xpath","value":"//li[.//span[text()='674']]"}
COMMAND: POST /session/a4f54502dbf5f1afb518fbe6152fd493/element/f.35EC4CA9F2F6AFC958B8921B3309FEC0.d.F6E96E53CBAF49FEA90DBB88C00A4596.e.3491/click - {}
RESULT: {}
COMMAND: GET /session/a4f54502dbf5f1afb518fbe6152fd493/screenshot - {}
RESULT: {}
COMMAND: POST /session/a4f54502dbf5f1afb518fbe6152fd493/execute/async - {"script":"<script> [1562 bytes]","args":[{"selector":{"id":"application-managehandovers-display-component---AddNewHO--ObjectPageLayout-anchBar-application-managehandovers-display-component---AddNewHO--section4-anchor","interaction":{"idSuffix":"BDI-content"}},"wdio_ui5_key":"applicationmanagehandovers-display-component---AddNewHO--ObjectPageLayout-anchBar-application-managehandovers-display-component---AddNewHO--section4-anchor"}]}
RESULT: {"script":"<script> [1562 bytes]","args":[{"selector":{"id":"application-managehandovers-display-component---AddNewHO--ObjectPageLayout-anchBar-application-managehandovers-display-component---AddNewHO--section4-anchor","interaction":{"idSuffix":"BDI-content"}},"wdio_ui5_key":"applicationmanagehandovers-display-component---AddNewHO--ObjectPageLayout-anchBar-application-managehandovers-display-component---AddNewHO--section4-anchor"}]}
RESULT: undefined
COMMAND: POST /session/a4f54502dbf5f1afb518fbe6152fd493/element - {"using":"xpath","value":"//*[@id=\"application-managehandovers-display-component---AddNewHO--ObjectPageLayout-anchBar-application-managehandovers-display-component---AddNewHO--section4-anchor\"]"}
RESULT: {"using":"xpath","value":"//*[@id=\"application-managehandovers-display-component---AddNewHO--ObjectPageLayout-anchBar-application-managehandovers-display-component---AddNewHO--section4-anchor\"]"}
COMMAND: POST /session/a4f54502dbf5f1afb518fbe6152fd493/element/f.35EC4CA9F2F6AFC958B8921B3309FEC0.d.F6E96E53CBAF49FEA90DBB88C00A4596.e.3493/click - {}
RESULT: {}
COMMAND: POST /session/a4f54502dbf5f1afb518fbe6152fd493/element - {"using":"xpath","value":"//button[@aria-label=\"Add\"]"}
COMMAND: GET /session/a4f54502dbf5f1afb518fbe6152fd493/screenshot - {}
RESULT: {"using":"xpath","value":"//button[@aria-label=\"Add\"]"}
COMMAND: POST /session/a4f54502dbf5f1afb518fbe6152fd493/element/f.35EC4CA9F2F6AFC958B8921B3309FEC0.d.F6E96E53CBAF49FEA90DBB88C00A4596.e.3495/click - {}
RESULT: {}
RESULT: {}
COMMAND: GET /session/a4f54502dbf5f1afb518fbe6152fd493/screenshot - {}
RESULT: {}
COMMAND: POST /session/a4f54502dbf5f1afb518fbe6152fd493/execute/async - {"script":"<script> [1562 bytes]","args":[{"selector":{"id":"application-managehandovers-display-component---AddNewHO--smartFilterBar-btnBasicSearch","searchOpenDialogs":true,"interaction":{"idSuffix":"I"}},"wdio_ui5_key":"applicationmanagehandovers-display-component---AddNewHO--smartFilterBar-btnBasicSearch"}]}
RESULT: {"script":"<script> [1562 bytes]","args":[{"selector":{"id":"application-managehandovers-display-component---AddNewHO--smartFilterBar-btnBasicSearch","searchOpenDialogs":true,"interaction":{"idSuffix":"I"}},"wdio_ui5_key":"applicationmanagehandovers-display-component---AddNewHO--smartFilterBar-btnBasicSearch"}]}
RESULT: undefined
COMMAND: POST /session/a4f54502dbf5f1afb518fbe6152fd493/execute/async - {"script":"<script> [776 bytes]","args":[{"enterText":"400044","selector":{"id":"application-managehandovers-display-component---AddNewHO--smartFilterBar-btnBasicSearch","searchOpenDialogs":true,"interaction":{"idSuffix":"I"}},"clearTextFirst":true,"interactionType":"ENTER_TEXT"}]}
RESULT: {"script":"<script> [776 bytes]","args":[{"enterText":"400044","selector":{"id":"application-managehandovers-display-component---AddNewHO--smartFilterBar-btnBasicSearch","searchOpenDialogs":true,"interaction":{"idSuffix":"I"}},"clearTextFirst":true,"interactionType":"ENTER_TEXT"}]}
COMMAND: POST /session/a4f54502dbf5f1afb518fbe6152fd493/actions - {"actions":[{"id":"action12","type":"key","parameters":{},"actions":[{"type":"keyDown","value":"î€‡"},{"type":"pause","duration":10},{"type":"keyUp","value":"î€‡"}]}]}
RESULT: {"actions":[{"id":"action12","type":"key","parameters":{},"actions":[{"type":"keyDown","value":"î€‡"},{"type":"pause","duration":10},{"type":"keyUp","value":"î€‡"}]}]}
COMMAND: GET /session/a4f54502dbf5f1afb518fbe6152fd493/screenshot - {}
RESULT: {}
COMMAND: POST /session/a4f54502dbf5f1afb518fbe6152fd493/execute/async - {"script":"<script> [1562 bytes]","args":[{"selector":{"id":"application-managehandovers-display-component---AddNewHO--popup-sa","searchOpenDialogs":true,"interaction":{"idSuffix":"CbBg"}},"wdio_ui5_key":"applicationmanagehandovers-display-component---AddNewHO--popup-sa"}]}
RESULT: {"script":"<script> [1562 bytes]","args":[{"selector":{"id":"application-managehandovers-display-component---AddNewHO--popup-sa","searchOpenDialogs":true,"interaction":{"idSuffix":"CbBg"}},"wdio_ui5_key":"applicationmanagehandovers-display-component---AddNewHO--popup-sa"}]}
RESULT: undefined
COMMAND: POST /session/a4f54502dbf5f1afb518fbe6152fd493/element - {"using":"xpath","value":"//*[@id=\"application-managehandovers-display-component---AddNewHO--popup-sa\"]"}
RESULT: {"using":"xpath","value":"//*[@id=\"application-managehandovers-display-component---AddNewHO--popup-sa\"]"}
COMMAND: POST /session/a4f54502dbf5f1afb518fbe6152fd493/element/f.35EC4CA9F2F6AFC958B8921B3309FEC0.d.F6E96E53CBAF49FEA90DBB88C00A4596.e.3649/click - {}
RESULT: {}
COMMAND: GET /session/a4f54502dbf5f1afb518fbe6152fd493/screenshot - {}
RESULT: {}
COMMAND: POST /session/a4f54502dbf5f1afb518fbe6152fd493/element - {"using":"xpath","value":"//bdi[contains(text(), \"Select\")]"}
RESULT: {"using":"xpath","value":"//bdi[contains(text(), \"Select\")]"}
COMMAND: POST /session/a4f54502dbf5f1afb518fbe6152fd493/element/f.35EC4CA9F2F6AFC958B8921B3309FEC0.d.F6E96E53CBAF49FEA90DBB88C00A4596.e.3650/click - {}
RESULT: {}
COMMAND: GET /session/a4f54502dbf5f1afb518fbe6152fd493/screenshot - {}
RESULT: {}
COMMAND: POST /session/a4f54502dbf5f1afb518fbe6152fd493/element - {"using":"xpath","value":"//button[@data-kt=\"AddNewHOSaveButton\"]"}
RESULT: {"using":"xpath","value":"//button[@data-kt=\"AddNewHOSaveButton\"]"}
COMMAND: POST /session/a4f54502dbf5f1afb518fbe6152fd493/element/f.35EC4CA9F2F6AFC958B8921B3309FEC0.d.F6E96E53CBAF49FEA90DBB88C00A4596.e.3654/click - {}
RESULT: {}
COMMAND: GET /session/a4f54502dbf5f1afb518fbe6152fd493/screenshot - {}
RESULT: {}
COMMAND: POST /session/a4f54502dbf5f1afb518fbe6152fd493/execute/async - {"script":"<script> [1562 bytes]","args":[{"selector":{"id":"receiptDatePicker","viewName":"etm.portal.ui.managehandovers.view.DetailExecuteHO","interaction":{"idSuffix":"inner"}},"wdio_ui5_key":"receiptDatePickeretmportal.ui.managehandovers.view.DetailExecuteHO"}]}
RESULT: {"script":"<script> [1562 bytes]","args":[{"selector":{"id":"receiptDatePicker","viewName":"etm.portal.ui.managehandovers.view.DetailExecuteHO","interaction":{"idSuffix":"inner"}},"wdio_ui5_key":"receiptDatePickeretmportal.ui.managehandovers.view.DetailExecuteHO"}]}
RESULT: undefined
COMMAND: POST /session/a4f54502dbf5f1afb518fbe6152fd493/execute/async - {"script":"<script> [6424 bytes]","args":[{"element-6066-11e4-a52e-4f735466cecf":"f.35EC4CA9F2F6AFC958B8921B3309FEC0.d.F6E96E53CBAF49FEA90DBB88C00A4596.e.3685"},"setValue",["05/07/2025"]]}
RESULT: {"script":"<script> [6424 bytes]","args":[{"element-6066-11e4-a52e-4f735466cecf":"f.35EC4CA9F2F6AFC958B8921B3309FEC0.d.F6E96E53CBAF49FEA90DBB88C00A4596.e.3685"},"setValue",["05/07/2025"]]}
COMMAND: POST /session/a4f54502dbf5f1afb518fbe6152fd493/element - {"using":"xpath","value":"//button[@data-kt=\"PickingTableConfirmAllButton\"]"}
RESULT: {"using":"xpath","value":"//button[@data-kt=\"PickingTableConfirmAllButton\"]"}
COMMAND: POST /session/a4f54502dbf5f1afb518fbe6152fd493/element/f.35EC4CA9F2F6AFC958B8921B3309FEC0.d.F6E96E53CBAF49FEA90DBB88C00A4596.e.3699/click - {}
RESULT: {}
COMMAND: GET /session/a4f54502dbf5f1afb518fbe6152fd493/screenshot - {}
RESULT: {}
COMMAND: POST /session/a4f54502dbf5f1afb518fbe6152fd493/element - {"using":"xpath","value":"//bdi[contains(text(), \"OK\")]"}
RESULT: {"using":"xpath","value":"//bdi[contains(text(), \"OK\")]"}
COMMAND: POST /session/a4f54502dbf5f1afb518fbe6152fd493/element/f.35EC4CA9F2F6AFC958B8921B3309FEC0.d.F6E96E53CBAF49FEA90DBB88C00A4596.e.3701/click - {}
RESULT: {}
COMMAND: GET /session/a4f54502dbf5f1afb518fbe6152fd493/screenshot - {}
RESULT: {}
COMMAND: POST /session/a4f54502dbf5f1afb518fbe6152fd493/element - {"using":"xpath","value":"(//bdi[contains(text(), \"Receive\")])[2]"}
RESULT: {"using":"xpath","value":"(//bdi[contains(text(), \"Receive\")])[2]"}
COMMAND: POST /session/a4f54502dbf5f1afb518fbe6152fd493/element/f.35EC4CA9F2F6AFC958B8921B3309FEC0.d.F6E96E53CBAF49FEA90DBB88C00A4596.e.3703/click - {}
RESULT: {}
COMMAND: GET /session/a4f54502dbf5f1afb518fbe6152fd493/screenshot - {}
RESULT: {}
COMMAND: POST /session/a4f54502dbf5f1afb518fbe6152fd493/element - {"using":"css selector","value":"#shell-header-logo"}
RESULT: {"using":"css selector","value":"#shell-header-logo"}
COMMAND: POST /session/a4f54502dbf5f1afb518fbe6152fd493/element/f.35EC4CA9F2F6AFC958B8921B3309FEC0.d.F6E96E53CBAF49FEA90DBB88C00A4596.e.3090/click - {}
RESULT: {}
COMMAND: GET /session/a4f54502dbf5f1afb518fbe6152fd493/screenshot - {}
RESULT: {}
]]></system-out>
    </testcase>
    <testcase classname="chrome.135_0_7049_115.windows.Tests_for_Mass_State_Change_on_Manage_States_&amp;_Performances_US104416_US" name="Prereq Should create a new contract" time="61.932">
      <system-out><![CDATA[
COMMAND: POST /session/a4f54502dbf5f1afb518fbe6152fd493/execute/async - {"script":"<script> [1562 bytes]","args":[{"selector":{"controlType":"sap.m.Text","viewName":"etm.portal.ui.managecontractstile.view.Master","properties":{"text":"Manage Contracts"},"interaction":{"idSuffix":"inner"}},"wdio_ui5_key":"etmportal.ui.managecontractstile.view.Mastersap.m.Text{\"text\":\"Manage Contracts\"}"}]}
RESULT: {"script":"<script> [1562 bytes]","args":[{"selector":{"controlType":"sap.m.Text","viewName":"etm.portal.ui.managecontractstile.view.Master","properties":{"text":"Manage Contracts"},"interaction":{"idSuffix":"inner"}},"wdio_ui5_key":"etmportal.ui.managecontractstile.view.Mastersap.m.Text{\"text\":\"Manage Contracts\"}"}]}
RESULT: undefined
COMMAND: POST /session/a4f54502dbf5f1afb518fbe6152fd493/element - {"using":"xpath","value":"//*[@id=\"__tile130-title\"]"}
RESULT: {"using":"xpath","value":"//*[@id=\"__tile130-title\"]"}
COMMAND: POST /session/a4f54502dbf5f1afb518fbe6152fd493/element/f.35EC4CA9F2F6AFC958B8921B3309FEC0.d.F6E96E53CBAF49FEA90DBB88C00A4596.e.3874/click - {}
RESULT: {}
COMMAND: GET /session/a4f54502dbf5f1afb518fbe6152fd493/screenshot - {}
RESULT: {}
COMMAND: POST /session/a4f54502dbf5f1afb518fbe6152fd493/element - {"using":"xpath","value":"//button[@data-kt=\"addButton\"]"}
RESULT: {"using":"xpath","value":"//button[@data-kt=\"addButton\"]"}
COMMAND: POST /session/a4f54502dbf5f1afb518fbe6152fd493/elements - {"using":"xpath","value":"//button[@data-kt=\"addButton\"]"}
RESULT: {"using":"xpath","value":"//button[@data-kt=\"addButton\"]"}
COMMAND: POST /session/a4f54502dbf5f1afb518fbe6152fd493/execute/sync - {"script":"<script> [8489 bytes]","args":[{"element-6066-11e4-a52e-4f735466cecf":"f.35EC4CA9F2F6AFC958B8921B3309FEC0.d.F6E96E53CBAF49FEA90DBB88C00A4596.e.3946","ELEMENT":"f.35EC4CA9F2F6AFC958B8921B3309FEC0.d.F6E96E53CBAF49FEA90DBB88C00A4596.e.3946"}]}
RESULT: {"script":"<script> [8489 bytes]","args":[{"element-6066-11e4-a52e-4f735466cecf":"f.35EC4CA9F2F6AFC958B8921B3309FEC0.d.F6E96E53CBAF49FEA90DBB88C00A4596.e.3946","ELEMENT":"f.35EC4CA9F2F6AFC958B8921B3309FEC0.d.F6E96E53CBAF49FEA90DBB88C00A4596.e.3946"}]}
COMMAND: GET /session/a4f54502dbf5f1afb518fbe6152fd493/element/f.35EC4CA9F2F6AFC958B8921B3309FEC0.d.F6E96E53CBAF49FEA90DBB88C00A4596.e.3946/enabled - {}
COMMAND: GET /session/a4f54502dbf5f1afb518fbe6152fd493/screenshot - {}
RESULT: {}
COMMAND: POST /session/a4f54502dbf5f1afb518fbe6152fd493/execute/sync - {"script":"<script> [8489 bytes]","args":[{"element-6066-11e4-a52e-4f735466cecf":"f.35EC4CA9F2F6AFC958B8921B3309FEC0.d.F6E96E53CBAF49FEA90DBB88C00A4596.e.3946","ELEMENT":"f.35EC4CA9F2F6AFC958B8921B3309FEC0.d.F6E96E53CBAF49FEA90DBB88C00A4596.e.3946"}]}
COMMAND: GET /session/a4f54502dbf5f1afb518fbe6152fd493/screenshot - {}
RESULT: {}
RESULT: {"script":"<script> [8489 bytes]","args":[{"element-6066-11e4-a52e-4f735466cecf":"f.35EC4CA9F2F6AFC958B8921B3309FEC0.d.F6E96E53CBAF49FEA90DBB88C00A4596.e.3946","ELEMENT":"f.35EC4CA9F2F6AFC958B8921B3309FEC0.d.F6E96E53CBAF49FEA90DBB88C00A4596.e.3946"}]}
COMMAND: POST /session/a4f54502dbf5f1afb518fbe6152fd493/execute/sync - {"script":"<script> [5351 bytes]","args":[{"element-6066-11e4-a52e-4f735466cecf":"f.35EC4CA9F2F6AFC958B8921B3309FEC0.d.F6E96E53CBAF49FEA90DBB88C00A4596.e.3946","ELEMENT":"f.35EC4CA9F2F6AFC958B8921B3309FEC0.d.F6E96E53CBAF49FEA90DBB88C00A4596.e.3946"}]}
COMMAND: GET /session/a4f54502dbf5f1afb518fbe6152fd493/screenshot - {}
RESULT: {}
RESULT: {"script":"<script> [5351 bytes]","args":[{"element-6066-11e4-a52e-4f735466cecf":"f.35EC4CA9F2F6AFC958B8921B3309FEC0.d.F6E96E53CBAF49FEA90DBB88C00A4596.e.3946","ELEMENT":"f.35EC4CA9F2F6AFC958B8921B3309FEC0.d.F6E96E53CBAF49FEA90DBB88C00A4596.e.3946"}]}
COMMAND: GET /session/a4f54502dbf5f1afb518fbe6152fd493/screenshot - {}
RESULT: {}
RESULT: {}
COMMAND: POST /session/a4f54502dbf5f1afb518fbe6152fd493/element/f.35EC4CA9F2F6AFC958B8921B3309FEC0.d.F6E96E53CBAF49FEA90DBB88C00A4596.e.3946/click - {}
RESULT: {}
COMMAND: GET /session/a4f54502dbf5f1afb518fbe6152fd493/screenshot - {}
COMMAND: POST /session/a4f54502dbf5f1afb518fbe6152fd493/execute/async - {"script":"<script> [1562 bytes]","args":[{"selector":{"id":"application-managecontracts-display-component---AddNewContract--projectDescription","interaction":{"idSuffix":"inner"}},"wdio_ui5_key":"applicationmanagecontracts-display-component---AddNewContract--projectDescription"}]}
RESULT: {}
RESULT: {"script":"<script> [1562 bytes]","args":[{"selector":{"id":"application-managecontracts-display-component---AddNewContract--projectDescription","interaction":{"idSuffix":"inner"}},"wdio_ui5_key":"applicationmanagecontracts-display-component---AddNewContract--projectDescription"}]}
RESULT: undefined
COMMAND: POST /session/a4f54502dbf5f1afb518fbe6152fd493/execute/async - {"script":"<script> [776 bytes]","args":[{"enterText":"Contract WDIO","selector":{"id":"application-managecontracts-display-component---AddNewContract--projectDescription","interaction":{"idSuffix":"inner"}},"clearTextFirst":true,"interactionType":"ENTER_TEXT"}]}
RESULT: {"script":"<script> [776 bytes]","args":[{"enterText":"Contract WDIO","selector":{"id":"application-managecontracts-display-component---AddNewContract--projectDescription","interaction":{"idSuffix":"inner"}},"clearTextFirst":true,"interactionType":"ENTER_TEXT"}]}
COMMAND: POST /session/a4f54502dbf5f1afb518fbe6152fd493/element - {"using":"xpath","value":"//input[@id=\"application-managecontracts-display-component---AddNewContract--site-inner\"]"}
RESULT: {"using":"xpath","value":"//input[@id=\"application-managecontracts-display-component---AddNewContract--site-inner\"]"}
COMMAND: POST /session/a4f54502dbf5f1afb518fbe6152fd493/element/f.35EC4CA9F2F6AFC958B8921B3309FEC0.d.F6E96E53CBAF49FEA90DBB88C00A4596.e.4241/clear - {}
RESULT: {}
COMMAND: POST /session/a4f54502dbf5f1afb518fbe6152fd493/element/f.35EC4CA9F2F6AFC958B8921B3309FEC0.d.F6E96E53CBAF49FEA90DBB88C00A4596.e.4241/value - {"text":"2501"}
COMMAND: GET /session/a4f54502dbf5f1afb518fbe6152fd493/screenshot - {}
RESULT: {"text":"2501"}
COMMAND: GET /session/a4f54502dbf5f1afb518fbe6152fd493/screenshot - {}
RESULT: {}
RESULT: {}
COMMAND: POST /session/a4f54502dbf5f1afb518fbe6152fd493/element - {"using":"xpath","value":"//li[.//span[text()='2501']]"}
RESULT: {"using":"xpath","value":"//li[.//span[text()='2501']]"}
COMMAND: POST /session/a4f54502dbf5f1afb518fbe6152fd493/element/f.35EC4CA9F2F6AFC958B8921B3309FEC0.d.F6E96E53CBAF49FEA90DBB88C00A4596.e.4265/click - {}
RESULT: {}
COMMAND: GET /session/a4f54502dbf5f1afb518fbe6152fd493/screenshot - {}
RESULT: {}
COMMAND: POST /session/a4f54502dbf5f1afb518fbe6152fd493/element - {"using":"xpath","value":"//input[@id=\"application-managecontracts-display-component---AddNewContract--yardId-inner\"]"}
RESULT: {"using":"xpath","value":"//input[@id=\"application-managecontracts-display-component---AddNewContract--yardId-inner\"]"}
COMMAND: GET /session/a4f54502dbf5f1afb518fbe6152fd493/element/f.35EC4CA9F2F6AFC958B8921B3309FEC0.d.F6E96E53CBAF49FEA90DBB88C00A4596.e.4242/property/value - {}
RESULT: {}
COMMAND: POST /session/a4f54502dbf5f1afb518fbe6152fd493/element - {"using":"xpath","value":"//input[@id=\"application-managecontracts-display-component---AddNewContract--customerSelect-inner\"]"}
COMMAND: GET /session/a4f54502dbf5f1afb518fbe6152fd493/screenshot - {}
RESULT: {"using":"xpath","value":"//input[@id=\"application-managecontracts-display-component---AddNewContract--customerSelect-inner\"]"}
COMMAND: POST /session/a4f54502dbf5f1afb518fbe6152fd493/element/f.35EC4CA9F2F6AFC958B8921B3309FEC0.d.F6E96E53CBAF49FEA90DBB88C00A4596.e.4240/clear - {}
RESULT: {}
RESULT: {}
COMMAND: POST /session/a4f54502dbf5f1afb518fbe6152fd493/element/f.35EC4CA9F2F6AFC958B8921B3309FEC0.d.F6E96E53CBAF49FEA90DBB88C00A4596.e.4240/value - {"text":"1551"}
COMMAND: GET /session/a4f54502dbf5f1afb518fbe6152fd493/screenshot - {}
RESULT: {"text":"1551"}
COMMAND: GET /session/a4f54502dbf5f1afb518fbe6152fd493/screenshot - {}
RESULT: {}
RESULT: {}
COMMAND: POST /session/a4f54502dbf5f1afb518fbe6152fd493/element - {"using":"xpath","value":"//li[.//span[text()='1551']]"}
RESULT: {"using":"xpath","value":"//li[.//span[text()='1551']]"}
COMMAND: POST /session/a4f54502dbf5f1afb518fbe6152fd493/element/f.35EC4CA9F2F6AFC958B8921B3309FEC0.d.F6E96E53CBAF49FEA90DBB88C00A4596.e.4268/click - {}
RESULT: {}
COMMAND: GET /session/a4f54502dbf5f1afb518fbe6152fd493/screenshot - {}
RESULT: {}
COMMAND: POST /session/a4f54502dbf5f1afb518fbe6152fd493/element - {"using":"xpath","value":"//button[@data-kt=\"saveButton\"]"}
RESULT: {"using":"xpath","value":"//button[@data-kt=\"saveButton\"]"}
COMMAND: POST /session/a4f54502dbf5f1afb518fbe6152fd493/element/f.35EC4CA9F2F6AFC958B8921B3309FEC0.d.F6E96E53CBAF49FEA90DBB88C00A4596.e.4258/click - {}
RESULT: {}
COMMAND: GET /session/a4f54502dbf5f1afb518fbe6152fd493/screenshot - {}
RESULT: {}
COMMAND: POST /session/a4f54502dbf5f1afb518fbe6152fd493/element - {"using":"xpath","value":"//span[contains(@id ,\"contractDetailTitleNoExpanded\")]"}
RESULT: {"using":"xpath","value":"//span[contains(@id ,\"contractDetailTitleNoExpanded\")]"}
COMMAND: POST /session/a4f54502dbf5f1afb518fbe6152fd493/elements - {"using":"xpath","value":"//span[contains(@id ,\"contractDetailTitleNoExpanded\")]"}
RESULT: {"using":"xpath","value":"//span[contains(@id ,\"contractDetailTitleNoExpanded\")]"}
COMMAND: POST /session/a4f54502dbf5f1afb518fbe6152fd493/execute/sync - {"script":"<script> [56 bytes]","args":[{"element-6066-11e4-a52e-4f735466cecf":"f.35EC4CA9F2F6AFC958B8921B3309FEC0.d.F6E96E53CBAF49FEA90DBB88C00A4596.e.4338","ELEMENT":"f.35EC4CA9F2F6AFC958B8921B3309FEC0.d.F6E96E53CBAF49FEA90DBB88C00A4596.e.4338"}]}
RESULT: {"script":"<script> [56 bytes]","args":[{"element-6066-11e4-a52e-4f735466cecf":"f.35EC4CA9F2F6AFC958B8921B3309FEC0.d.F6E96E53CBAF49FEA90DBB88C00A4596.e.4338","ELEMENT":"f.35EC4CA9F2F6AFC958B8921B3309FEC0.d.F6E96E53CBAF49FEA90DBB88C00A4596.e.4338"}]}
COMMAND: GET /session/a4f54502dbf5f1afb518fbe6152fd493/screenshot - {}
RESULT: {}
]]></system-out>
    </testcase>
    <testcase classname="chrome.135_0_7049_115.windows.Tests_for_Mass_State_Change_on_Manage_States_&amp;_Performances_US104416_US" name="Prereq Should add created equipment to contract but to have the item 2 days earlier" time="64.272">
      <system-out><![CDATA[
COMMAND: POST /session/a4f54502dbf5f1afb518fbe6152fd493/element - {"using":"xpath","value":"//button[@data-kt=\"contractDetailEditBtnButton\"]"}
RESULT: {"using":"xpath","value":"//button[@data-kt=\"contractDetailEditBtnButton\"]"}
COMMAND: POST /session/a4f54502dbf5f1afb518fbe6152fd493/element/f.35EC4CA9F2F6AFC958B8921B3309FEC0.d.F6E96E53CBAF49FEA90DBB88C00A4596.e.4341/click - {}
RESULT: {}
COMMAND: GET /session/a4f54502dbf5f1afb518fbe6152fd493/screenshot - {}
RESULT: {}
COMMAND: POST /session/a4f54502dbf5f1afb518fbe6152fd493/element - {"using":"xpath","value":"(//span[contains(text(), \"Additional Addresses\")])[2]"}
RESULT: {"using":"xpath","value":"(//span[contains(text(), \"Additional Addresses\")])[2]"}
COMMAND: POST /session/a4f54502dbf5f1afb518fbe6152fd493/element/f.35EC4CA9F2F6AFC958B8921B3309FEC0.d.F6E96E53CBAF49FEA90DBB88C00A4596.e.4397/click - {}
RESULT: {}
COMMAND: GET /session/a4f54502dbf5f1afb518fbe6152fd493/screenshot - {}
RESULT: {}
COMMAND: POST /session/a4f54502dbf5f1afb518fbe6152fd493/element - {"using":"xpath","value":"//button[@data-kt=\"btnAddTableRowOverflowToolbarButton\"]"}
RESULT: {"using":"xpath","value":"//button[@data-kt=\"btnAddTableRowOverflowToolbarButton\"]"}
COMMAND: POST /session/a4f54502dbf5f1afb518fbe6152fd493/element/f.35EC4CA9F2F6AFC958B8921B3309FEC0.d.F6E96E53CBAF49FEA90DBB88C00A4596.e.4399/click - {}
RESULT: {}
COMMAND: GET /session/a4f54502dbf5f1afb518fbe6152fd493/screenshot - {}
RESULT: {}
COMMAND: POST /session/a4f54502dbf5f1afb518fbe6152fd493/element - {"using":"xpath","value":"//div[(text() = 'Standard Entry' or . = 'Standard Entry')]"}
RESULT: {"using":"xpath","value":"//div[(text() = 'Standard Entry' or . = 'Standard Entry')]"}
COMMAND: POST /session/a4f54502dbf5f1afb518fbe6152fd493/element/f.35EC4CA9F2F6AFC958B8921B3309FEC0.d.F6E96E53CBAF49FEA90DBB88C00A4596.e.4401/click - {}
RESULT: {}
COMMAND: GET /session/a4f54502dbf5f1afb518fbe6152fd493/screenshot - {}
RESULT: {}
COMMAND: POST /session/a4f54502dbf5f1afb518fbe6152fd493/element - {"using":"xpath","value":"//td[6]/div/div/div/span"}
RESULT: {"using":"xpath","value":"//td[6]/div/div/div/span"}
COMMAND: POST /session/a4f54502dbf5f1afb518fbe6152fd493/element/f.35EC4CA9F2F6AFC958B8921B3309FEC0.d.F6E96E53CBAF49FEA90DBB88C00A4596.e.4413/click - {}
RESULT: {}
COMMAND: GET /session/a4f54502dbf5f1afb518fbe6152fd493/screenshot - {}
RESULT: {}
COMMAND: POST /session/a4f54502dbf5f1afb518fbe6152fd493/element - {"using":"xpath","value":"(//span[contains(text(), \"Equi Multipart\")])"}
RESULT: {"using":"xpath","value":"(//span[contains(text(), \"Equi Multipart\")])"}
COMMAND: POST /session/a4f54502dbf5f1afb518fbe6152fd493/element/f.35EC4CA9F2F6AFC958B8921B3309FEC0.d.F6E96E53CBAF49FEA90DBB88C00A4596.e.4414/click - {}
RESULT: {}
COMMAND: GET /session/a4f54502dbf5f1afb518fbe6152fd493/screenshot - {}
RESULT: {}
COMMAND: POST /session/a4f54502dbf5f1afb518fbe6152fd493/element - {"using":"xpath","value":"//td[7]/div/div/input"}
RESULT: {"using":"xpath","value":"//td[7]/div/div/input"}
COMMAND: POST /session/a4f54502dbf5f1afb518fbe6152fd493/element/f.35EC4CA9F2F6AFC958B8921B3309FEC0.d.F6E96E53CBAF49FEA90DBB88C00A4596.e.4418/clear - {}
RESULT: {}
COMMAND: POST /session/a4f54502dbf5f1afb518fbe6152fd493/element/f.35EC4CA9F2F6AFC958B8921B3309FEC0.d.F6E96E53CBAF49FEA90DBB88C00A4596.e.4418/value - {"text":"400044"}
COMMAND: GET /session/a4f54502dbf5f1afb518fbe6152fd493/screenshot - {}
RESULT: {"text":"400044"}
COMMAND: GET /session/a4f54502dbf5f1afb518fbe6152fd493/screenshot - {}
RESULT: {}
RESULT: {}
COMMAND: POST /session/a4f54502dbf5f1afb518fbe6152fd493/actions - {"actions":[{"id":"action13","type":"key","parameters":{},"actions":[{"type":"keyDown","value":"î€‡"},{"type":"pause","duration":10},{"type":"keyUp","value":"î€‡"}]}]}
RESULT: {"actions":[{"id":"action13","type":"key","parameters":{},"actions":[{"type":"keyDown","value":"î€‡"},{"type":"pause","duration":10},{"type":"keyUp","value":"î€‡"}]}]}
COMMAND: GET /session/a4f54502dbf5f1afb518fbe6152fd493/screenshot - {}
RESULT: {}
COMMAND: POST /session/a4f54502dbf5f1afb518fbe6152fd493/execute/sync - {"script":"<script> [276 bytes]","args":["No pricing information was found"]}
RESULT: {"script":"<script> [276 bytes]","args":["No pricing information was found"]}
COMMAND: POST /session/a4f54502dbf5f1afb518fbe6152fd493/element - {"using":"xpath","value":"//bdi[contains(text(), \"OK\")]"}
COMMAND: GET /session/a4f54502dbf5f1afb518fbe6152fd493/screenshot - {}
RESULT: {"using":"xpath","value":"//bdi[contains(text(), \"OK\")]"}
COMMAND: POST /session/a4f54502dbf5f1afb518fbe6152fd493/element/f.35EC4CA9F2F6AFC958B8921B3309FEC0.d.F6E96E53CBAF49FEA90DBB88C00A4596.e.4444/click - {}
RESULT: {}
RESULT: {}
COMMAND: GET /session/a4f54502dbf5f1afb518fbe6152fd493/screenshot - {}
RESULT: {}
COMMAND: POST /session/a4f54502dbf5f1afb518fbe6152fd493/element - {"using":"xpath","value":"//td[19]/div/div/input"}
RESULT: {"using":"xpath","value":"//td[19]/div/div/input"}
COMMAND: POST /session/a4f54502dbf5f1afb518fbe6152fd493/element/f.35EC4CA9F2F6AFC958B8921B3309FEC0.d.F6E96E53CBAF49FEA90DBB88C00A4596.e.4441/clear - {}
RESULT: {}
COMMAND: POST /session/a4f54502dbf5f1afb518fbe6152fd493/element/f.35EC4CA9F2F6AFC958B8921B3309FEC0.d.F6E96E53CBAF49FEA90DBB88C00A4596.e.4441/value - {"text":"05/05/25"}
COMMAND: GET /session/a4f54502dbf5f1afb518fbe6152fd493/screenshot - {}
RESULT: {"text":"05/05/25"}
COMMAND: GET /session/a4f54502dbf5f1afb518fbe6152fd493/screenshot - {}
RESULT: {}
RESULT: {}
COMMAND: POST /session/a4f54502dbf5f1afb518fbe6152fd493/element - {"using":"xpath","value":"(//button[@data-kt=\"saveButton\"])[2]"}
RESULT: {"using":"xpath","value":"(//button[@data-kt=\"saveButton\"])[2]"}
COMMAND: POST /session/a4f54502dbf5f1afb518fbe6152fd493/element/f.35EC4CA9F2F6AFC958B8921B3309FEC0.d.F6E96E53CBAF49FEA90DBB88C00A4596.e.4446/click - {}
RESULT: {}
COMMAND: GET /session/a4f54502dbf5f1afb518fbe6152fd493/screenshot - {}
RESULT: {}
COMMAND: POST /session/a4f54502dbf5f1afb518fbe6152fd493/execute/sync - {"script":"<script> [276 bytes]","args":["Some contract items are having rental validity exceeding header rental validity"]}
RESULT: {"script":"<script> [276 bytes]","args":["Some contract items are having rental validity exceeding header rental validity"]}
COMMAND: POST /session/a4f54502dbf5f1afb518fbe6152fd493/element - {"using":"xpath","value":"//bdi[contains(text(), \"OK\")]"}
COMMAND: GET /session/a4f54502dbf5f1afb518fbe6152fd493/screenshot - {}
RESULT: {"using":"xpath","value":"//bdi[contains(text(), \"OK\")]"}
COMMAND: POST /session/a4f54502dbf5f1afb518fbe6152fd493/element/f.35EC4CA9F2F6AFC958B8921B3309FEC0.d.F6E96E53CBAF49FEA90DBB88C00A4596.e.4450/click - {}
RESULT: {}
RESULT: {}
COMMAND: GET /session/a4f54502dbf5f1afb518fbe6152fd493/screenshot - {}
RESULT: {}
COMMAND: POST /session/a4f54502dbf5f1afb518fbe6152fd493/element - {"using":"xpath","value":"//span[contains(@id ,\"contractItemsSmartTable-header-inner\")]"}
RESULT: {"using":"xpath","value":"//span[contains(@id ,\"contractItemsSmartTable-header-inner\")]"}
COMMAND: POST /session/a4f54502dbf5f1afb518fbe6152fd493/elements - {"using":"xpath","value":"//span[contains(@id ,\"contractItemsSmartTable-header-inner\")]"}
RESULT: {"using":"xpath","value":"//span[contains(@id ,\"contractItemsSmartTable-header-inner\")]"}
COMMAND: POST /session/a4f54502dbf5f1afb518fbe6152fd493/execute/sync - {"script":"<script> [56 bytes]","args":[{"element-6066-11e4-a52e-4f735466cecf":"f.35EC4CA9F2F6AFC958B8921B3309FEC0.d.F6E96E53CBAF49FEA90DBB88C00A4596.e.4456","ELEMENT":"f.35EC4CA9F2F6AFC958B8921B3309FEC0.d.F6E96E53CBAF49FEA90DBB88C00A4596.e.4456"}]}
RESULT: {"script":"<script> [56 bytes]","args":[{"element-6066-11e4-a52e-4f735466cecf":"f.35EC4CA9F2F6AFC958B8921B3309FEC0.d.F6E96E53CBAF49FEA90DBB88C00A4596.e.4456","ELEMENT":"f.35EC4CA9F2F6AFC958B8921B3309FEC0.d.F6E96E53CBAF49FEA90DBB88C00A4596.e.4456"}]}
COMMAND: GET /session/a4f54502dbf5f1afb518fbe6152fd493/screenshot - {}
]]></system-out>
    </testcase>
    <testcase classname="chrome.135_0_7049_115.windows.Tests_for_Mass_State_Change_on_Manage_States_&amp;_Performances_US104416_US" name="Prereq Should do a provide to site handover for today" time="54.603">
      <system-out><![CDATA[
COMMAND: POST /session/a4f54502dbf5f1afb518fbe6152fd493/element - {"using":"xpath","value":"//button[@data-kt=\"provideButton\"]"}
RESULT: {}
RESULT: {"using":"xpath","value":"//button[@data-kt=\"provideButton\"]"}
COMMAND: POST /session/a4f54502dbf5f1afb518fbe6152fd493/element/f.35EC4CA9F2F6AFC958B8921B3309FEC0.d.F6E96E53CBAF49FEA90DBB88C00A4596.e.4458/click - {}
RESULT: {}
COMMAND: GET /session/a4f54502dbf5f1afb518fbe6152fd493/screenshot - {}
RESULT: {}
RESULT: undefined
COMMAND: POST /session/a4f54502dbf5f1afb518fbe6152fd493/execute/async - {"script":"<script> [6424 bytes]","args":[{"element-6066-11e4-a52e-4f735466cecf":"f.35EC4CA9F2F6AFC958B8921B3309FEC0.d.F6E96E53CBAF49FEA90DBB88C00A4596.e.3469"},"setValue",["05/07/2025"]]}
COMMAND: POST /session/a4f54502dbf5f1afb518fbe6152fd493/execute/async - {"script":"<script> [1562 bytes]","args":[{"selector":{"id":"application-managehandovers-display-component---AddNewHO--dueDate","interaction":{"idSuffix":"inner"}},"wdio_ui5_key":"applicationmanagehandovers-display-component---AddNewHO--dueDate"}]}
RESULT: {"script":"<script> [1562 bytes]","args":[{"selector":{"id":"application-managehandovers-display-component---AddNewHO--dueDate","interaction":{"idSuffix":"inner"}},"wdio_ui5_key":"applicationmanagehandovers-display-component---AddNewHO--dueDate"}]}
COMMAND: POST /session/a4f54502dbf5f1afb518fbe6152fd493/execute/async - {"script":"<script> [6424 bytes]","args":[{"element-6066-11e4-a52e-4f735466cecf":"f.35EC4CA9F2F6AFC958B8921B3309FEC0.d.F6E96E53CBAF49FEA90DBB88C00A4596.e.4534"},"setValue",["05/07/2025"]]}
RESULT: {"script":"<script> [6424 bytes]","args":[{"element-6066-11e4-a52e-4f735466cecf":"f.35EC4CA9F2F6AFC958B8921B3309FEC0.d.F6E96E53CBAF49FEA90DBB88C00A4596.e.4534"},"setValue",["05/07/2025"]]}
COMMAND: POST /session/a4f54502dbf5f1afb518fbe6152fd493/element - {"using":"xpath","value":"//bdi[contains(text(), \"Instructions\")]"}
RESULT: {"using":"xpath","value":"//bdi[contains(text(), \"Instructions\")]"}
COMMAND: POST /session/a4f54502dbf5f1afb518fbe6152fd493/element/f.35EC4CA9F2F6AFC958B8921B3309FEC0.d.F6E96E53CBAF49FEA90DBB88C00A4596.e.4771/click - {}
RESULT: {}
COMMAND: GET /session/a4f54502dbf5f1afb518fbe6152fd493/screenshot - {}
RESULT: {}
COMMAND: POST /session/a4f54502dbf5f1afb518fbe6152fd493/element - {"using":"xpath","value":"//button[@data-kt=\"AddNewHOProvideAddItemsButton\"]"}
RESULT: {"using":"xpath","value":"//button[@data-kt=\"AddNewHOProvideAddItemsButton\"]"}
COMMAND: POST /session/a4f54502dbf5f1afb518fbe6152fd493/element/f.35EC4CA9F2F6AFC958B8921B3309FEC0.d.F6E96E53CBAF49FEA90DBB88C00A4596.e.4775/click - {}
RESULT: {}
COMMAND: GET /session/a4f54502dbf5f1afb518fbe6152fd493/screenshot - {}
RESULT: {}
RESULT: undefined
COMMAND: POST /session/a4f54502dbf5f1afb518fbe6152fd493/element - {"using":"xpath","value":"//*[@id=\"application-managehandovers-display-component---AddNewHO--popup-sa\"]"}
RESULT: {"using":"xpath","value":"//*[@id=\"application-managehandovers-display-component---AddNewHO--popup-sa\"]"}
COMMAND: POST /session/a4f54502dbf5f1afb518fbe6152fd493/element/f.35EC4CA9F2F6AFC958B8921B3309FEC0.d.F6E96E53CBAF49FEA90DBB88C00A4596.e.4782/click - {}
RESULT: {}
COMMAND: GET /session/a4f54502dbf5f1afb518fbe6152fd493/screenshot - {}
RESULT: {}
COMMAND: POST /session/a4f54502dbf5f1afb518fbe6152fd493/element - {"using":"xpath","value":"//*[contains(@id ,\"BDI-content\")][contains(text(), \"Select\")]"}
RESULT: {"using":"xpath","value":"//*[contains(@id ,\"BDI-content\")][contains(text(), \"Select\")]"}
COMMAND: POST /session/a4f54502dbf5f1afb518fbe6152fd493/element/f.35EC4CA9F2F6AFC958B8921B3309FEC0.d.F6E96E53CBAF49FEA90DBB88C00A4596.e.4784/click - {}
RESULT: {}
COMMAND: GET /session/a4f54502dbf5f1afb518fbe6152fd493/screenshot - {}
RESULT: {}
COMMAND: POST /session/a4f54502dbf5f1afb518fbe6152fd493/execute/async - {"script":"<script> [1562 bytes]","args":[{"selector":{"id":"application-managehandovers-display-component---AddNewHO--confirmCreationButton","interaction":{"idSuffix":"BDI-content"}},"wdio_ui5_key":"applicationmanagehandovers-display-component---AddNewHO--confirmCreationButton"}]}
RESULT: {"script":"<script> [1562 bytes]","args":[{"selector":{"id":"application-managehandovers-display-component---AddNewHO--confirmCreationButton","interaction":{"idSuffix":"BDI-content"}},"wdio_ui5_key":"applicationmanagehandovers-display-component---AddNewHO--confirmCreationButton"}]}
RESULT: undefined
COMMAND: POST /session/a4f54502dbf5f1afb518fbe6152fd493/element - {"using":"xpath","value":"//*[@id=\"application-managehandovers-display-component---AddNewHO--confirmCreationButton\"]"}
RESULT: {"using":"xpath","value":"//*[@id=\"application-managehandovers-display-component---AddNewHO--confirmCreationButton\"]"}
COMMAND: POST /session/a4f54502dbf5f1afb518fbe6152fd493/element/f.35EC4CA9F2F6AFC958B8921B3309FEC0.d.F6E96E53CBAF49FEA90DBB88C00A4596.e.4580/click - {}
RESULT: {}
COMMAND: GET /session/a4f54502dbf5f1afb518fbe6152fd493/screenshot - {}
RESULT: {}
COMMAND: POST /session/a4f54502dbf5f1afb518fbe6152fd493/element - {"using":"xpath","value":"//button[@data-kt=\"PickingTableConfirmAllButton\"]"}
RESULT: {"using":"xpath","value":"//button[@data-kt=\"PickingTableConfirmAllButton\"]"}
COMMAND: POST /session/a4f54502dbf5f1afb518fbe6152fd493/elements - {"using":"xpath","value":"//button[@data-kt=\"PickingTableConfirmAllButton\"]"}
RESULT: {"using":"xpath","value":"//button[@data-kt=\"PickingTableConfirmAllButton\"]"}
COMMAND: POST /session/a4f54502dbf5f1afb518fbe6152fd493/elements - {"using":"xpath","value":"//button[@data-kt=\"PickingTableConfirmAllButton\"]"}
RESULT: {"using":"xpath","value":"//button[@data-kt=\"PickingTableConfirmAllButton\"]"}
COMMAND: POST /session/a4f54502dbf5f1afb518fbe6152fd493/elements - {"using":"xpath","value":"//button[@data-kt=\"PickingTableConfirmAllButton\"]"}
RESULT: {"using":"xpath","value":"//button[@data-kt=\"PickingTableConfirmAllButton\"]"}
COMMAND: POST /session/a4f54502dbf5f1afb518fbe6152fd493/elements - {"using":"xpath","value":"//button[@data-kt=\"PickingTableConfirmAllButton\"]"}
RESULT: {"using":"xpath","value":"//button[@data-kt=\"PickingTableConfirmAllButton\"]"}
COMMAND: POST /session/a4f54502dbf5f1afb518fbe6152fd493/element - {"using":"xpath","value":"//button[@data-kt=\"PickingTableConfirmAllButton\"]"}
RESULT: {"using":"xpath","value":"//button[@data-kt=\"PickingTableConfirmAllButton\"]"}
COMMAND: POST /session/a4f54502dbf5f1afb518fbe6152fd493/element/f.35EC4CA9F2F6AFC958B8921B3309FEC0.d.F6E96E53CBAF49FEA90DBB88C00A4596.e.4838/click - {}
RESULT: {}
COMMAND: GET /session/a4f54502dbf5f1afb518fbe6152fd493/screenshot - {}
RESULT: {}
COMMAND: POST /session/a4f54502dbf5f1afb518fbe6152fd493/element - {"using":"xpath","value":"//bdi[contains(text(), \"OK\")]"}
RESULT: {"using":"xpath","value":"//bdi[contains(text(), \"OK\")]"}
COMMAND: POST /session/a4f54502dbf5f1afb518fbe6152fd493/element/f.35EC4CA9F2F6AFC958B8921B3309FEC0.d.F6E96E53CBAF49FEA90DBB88C00A4596.e.4842/click - {}
RESULT: {}
COMMAND: GET /session/a4f54502dbf5f1afb518fbe6152fd493/screenshot - {}
RESULT: {}
COMMAND: POST /session/a4f54502dbf5f1afb518fbe6152fd493/element - {"using":"xpath","value":"//bdi[contains(text(), \"Issue\")]"}
RESULT: {"using":"xpath","value":"//bdi[contains(text(), \"Issue\")]"}
COMMAND: POST /session/a4f54502dbf5f1afb518fbe6152fd493/element/f.35EC4CA9F2F6AFC958B8921B3309FEC0.d.F6E96E53CBAF49FEA90DBB88C00A4596.e.4844/click - {}
RESULT: {}
COMMAND: GET /session/a4f54502dbf5f1afb518fbe6152fd493/screenshot - {}
RESULT: {}
COMMAND: POST /session/a4f54502dbf5f1afb518fbe6152fd493/element - {"using":"css selector","value":"#shell-header-logo"}
RESULT: {"using":"css selector","value":"#shell-header-logo"}
COMMAND: POST /session/a4f54502dbf5f1afb518fbe6152fd493/element/f.35EC4CA9F2F6AFC958B8921B3309FEC0.d.F6E96E53CBAF49FEA90DBB88C00A4596.e.3878/click - {}
RESULT: {}
COMMAND: GET /session/a4f54502dbf5f1afb518fbe6152fd493/screenshot - {}
RESULT: {}
]]></system-out>
    </testcase>
    <testcase classname="chrome.135_0_7049_115.windows.Tests_for_Mass_State_Change_on_Manage_States_&amp;_Performances_US104416_US" name="Should do mass state change on the RU equip multipart 2 days in the future US104416" time="66.721">
      <system-out><![CDATA[
COMMAND: POST /session/a4f54502dbf5f1afb518fbe6152fd493/execute/async - {"script":"<script> [1562 bytes]","args":[{"selector":{"controlType":"sap.m.GenericTile","properties":{"header":"Manage States & Performance"}},"wdio_ui5_key":"sapm.GenericTile{\"header\":\"Manage States & Performance\"}"}]}
RESULT: {"script":"<script> [1562 bytes]","args":[{"selector":{"controlType":"sap.m.GenericTile","properties":{"header":"Manage States & Performance"}},"wdio_ui5_key":"sapm.GenericTile{\"header\":\"Manage States & Performance\"}"}]}
RESULT: undefined
COMMAND: POST /session/a4f54502dbf5f1afb518fbe6152fd493/element - {"using":"xpath","value":"//*[@id=\"__tile56\"]"}
RESULT: {"using":"xpath","value":"//*[@id=\"__tile56\"]"}
COMMAND: POST /session/a4f54502dbf5f1afb518fbe6152fd493/element/f.35EC4CA9F2F6AFC958B8921B3309FEC0.d.F6E96E53CBAF49FEA90DBB88C00A4596.e.265/click - {}
RESULT: {}
COMMAND: POST /session/a4f54502dbf5f1afb518fbe6152fd493/element - {"using":"xpath","value":"//button[contains(@id, \"btnMassStateChange\")]"}
COMMAND: GET /session/a4f54502dbf5f1afb518fbe6152fd493/screenshot - {}
RESULT: {"using":"xpath","value":"//button[contains(@id, \"btnMassStateChange\")]"}
COMMAND: POST /session/a4f54502dbf5f1afb518fbe6152fd493/elements - {"using":"xpath","value":"//button[contains(@id, \"btnMassStateChange\")]"}
RESULT: {}
RESULT: {"using":"xpath","value":"//button[contains(@id, \"btnMassStateChange\")]"}
COMMAND: POST /session/a4f54502dbf5f1afb518fbe6152fd493/elements - {"using":"xpath","value":"//button[contains(@id, \"btnMassStateChange\")]"}
RESULT: {"using":"xpath","value":"//button[contains(@id, \"btnMassStateChange\")]"}
COMMAND: POST /session/a4f54502dbf5f1afb518fbe6152fd493/elements - {"using":"xpath","value":"//button[contains(@id, \"btnMassStateChange\")]"}
RESULT: {"using":"xpath","value":"//button[contains(@id, \"btnMassStateChange\")]"}
COMMAND: POST /session/a4f54502dbf5f1afb518fbe6152fd493/elements - {"using":"xpath","value":"//button[contains(@id, \"btnMassStateChange\")]"}
RESULT: {"using":"xpath","value":"//button[contains(@id, \"btnMassStateChange\")]"}
COMMAND: POST /session/a4f54502dbf5f1afb518fbe6152fd493/element - {"using":"xpath","value":"//button[contains(@id, \"btnMassStateChange\")]"}
RESULT: {"using":"xpath","value":"//button[contains(@id, \"btnMassStateChange\")]"}
COMMAND: POST /session/a4f54502dbf5f1afb518fbe6152fd493/execute/sync - {"script":"<script> [8489 bytes]","args":[{"element-6066-11e4-a52e-4f735466cecf":"f.35EC4CA9F2F6AFC958B8921B3309FEC0.d.F6E96E53CBAF49FEA90DBB88C00A4596.e.5058","ELEMENT":"f.35EC4CA9F2F6AFC958B8921B3309FEC0.d.F6E96E53CBAF49FEA90DBB88C00A4596.e.5058"}]}
RESULT: {"script":"<script> [8489 bytes]","args":[{"element-6066-11e4-a52e-4f735466cecf":"f.35EC4CA9F2F6AFC958B8921B3309FEC0.d.F6E96E53CBAF49FEA90DBB88C00A4596.e.5058","ELEMENT":"f.35EC4CA9F2F6AFC958B8921B3309FEC0.d.F6E96E53CBAF49FEA90DBB88C00A4596.e.5058"}]}
COMMAND: GET /session/a4f54502dbf5f1afb518fbe6152fd493/element/f.35EC4CA9F2F6AFC958B8921B3309FEC0.d.F6E96E53CBAF49FEA90DBB88C00A4596.e.5058/enabled - {}
COMMAND: GET /session/a4f54502dbf5f1afb518fbe6152fd493/screenshot - {}
RESULT: {}
COMMAND: POST /session/a4f54502dbf5f1afb518fbe6152fd493/execute/sync - {"script":"<script> [8489 bytes]","args":[{"element-6066-11e4-a52e-4f735466cecf":"f.35EC4CA9F2F6AFC958B8921B3309FEC0.d.F6E96E53CBAF49FEA90DBB88C00A4596.e.5058","ELEMENT":"f.35EC4CA9F2F6AFC958B8921B3309FEC0.d.F6E96E53CBAF49FEA90DBB88C00A4596.e.5058"}]}
COMMAND: GET /session/a4f54502dbf5f1afb518fbe6152fd493/screenshot - {}
RESULT: {}
RESULT: {"script":"<script> [8489 bytes]","args":[{"element-6066-11e4-a52e-4f735466cecf":"f.35EC4CA9F2F6AFC958B8921B3309FEC0.d.F6E96E53CBAF49FEA90DBB88C00A4596.e.5058","ELEMENT":"f.35EC4CA9F2F6AFC958B8921B3309FEC0.d.F6E96E53CBAF49FEA90DBB88C00A4596.e.5058"}]}
COMMAND: POST /session/a4f54502dbf5f1afb518fbe6152fd493/execute/sync - {"script":"<script> [5351 bytes]","args":[{"element-6066-11e4-a52e-4f735466cecf":"f.35EC4CA9F2F6AFC958B8921B3309FEC0.d.F6E96E53CBAF49FEA90DBB88C00A4596.e.5058","ELEMENT":"f.35EC4CA9F2F6AFC958B8921B3309FEC0.d.F6E96E53CBAF49FEA90DBB88C00A4596.e.5058"}]}
COMMAND: GET /session/a4f54502dbf5f1afb518fbe6152fd493/screenshot - {}
RESULT: {}
RESULT: {"script":"<script> [5351 bytes]","args":[{"element-6066-11e4-a52e-4f735466cecf":"f.35EC4CA9F2F6AFC958B8921B3309FEC0.d.F6E96E53CBAF49FEA90DBB88C00A4596.e.5058","ELEMENT":"f.35EC4CA9F2F6AFC958B8921B3309FEC0.d.F6E96E53CBAF49FEA90DBB88C00A4596.e.5058"}]}
COMMAND: POST /session/a4f54502dbf5f1afb518fbe6152fd493/execute/sync - {"script":"<script> [8489 bytes]","args":[{"element-6066-11e4-a52e-4f735466cecf":"f.35EC4CA9F2F6AFC958B8921B3309FEC0.d.F6E96E53CBAF49FEA90DBB88C00A4596.e.5058","ELEMENT":"f.35EC4CA9F2F6AFC958B8921B3309FEC0.d.F6E96E53CBAF49FEA90DBB88C00A4596.e.5058"}]}
COMMAND: GET /session/a4f54502dbf5f1afb518fbe6152fd493/screenshot - {}
RESULT: {}
RESULT: {"script":"<script> [8489 bytes]","args":[{"element-6066-11e4-a52e-4f735466cecf":"f.35EC4CA9F2F6AFC958B8921B3309FEC0.d.F6E96E53CBAF49FEA90DBB88C00A4596.e.5058","ELEMENT":"f.35EC4CA9F2F6AFC958B8921B3309FEC0.d.F6E96E53CBAF49FEA90DBB88C00A4596.e.5058"}]}
COMMAND: POST /session/a4f54502dbf5f1afb518fbe6152fd493/execute/sync - {"script":"<script> [5351 bytes]","args":[{"element-6066-11e4-a52e-4f735466cecf":"f.35EC4CA9F2F6AFC958B8921B3309FEC0.d.F6E96E53CBAF49FEA90DBB88C00A4596.e.5058","ELEMENT":"f.35EC4CA9F2F6AFC958B8921B3309FEC0.d.F6E96E53CBAF49FEA90DBB88C00A4596.e.5058"}]}
COMMAND: GET /session/a4f54502dbf5f1afb518fbe6152fd493/screenshot - {}
RESULT: {}
RESULT: {"script":"<script> [5351 bytes]","args":[{"element-6066-11e4-a52e-4f735466cecf":"f.35EC4CA9F2F6AFC958B8921B3309FEC0.d.F6E96E53CBAF49FEA90DBB88C00A4596.e.5058","ELEMENT":"f.35EC4CA9F2F6AFC958B8921B3309FEC0.d.F6E96E53CBAF49FEA90DBB88C00A4596.e.5058"}]}
COMMAND: GET /session/a4f54502dbf5f1afb518fbe6152fd493/screenshot - {}
COMMAND: POST /session/a4f54502dbf5f1afb518fbe6152fd493/execute/sync - {"script":"<script> [8489 bytes]","args":[{"element-6066-11e4-a52e-4f735466cecf":"f.35EC4CA9F2F6AFC958B8921B3309FEC0.d.F6E96E53CBAF49FEA90DBB88C00A4596.e.5058","ELEMENT":"f.35EC4CA9F2F6AFC958B8921B3309FEC0.d.F6E96E53CBAF49FEA90DBB88C00A4596.e.5058"}]}
RESULT: {}
RESULT: {"script":"<script> [8489 bytes]","args":[{"element-6066-11e4-a52e-4f735466cecf":"f.35EC4CA9F2F6AFC958B8921B3309FEC0.d.F6E96E53CBAF49FEA90DBB88C00A4596.e.5058","ELEMENT":"f.35EC4CA9F2F6AFC958B8921B3309FEC0.d.F6E96E53CBAF49FEA90DBB88C00A4596.e.5058"}]}
COMMAND: POST /session/a4f54502dbf5f1afb518fbe6152fd493/execute/sync - {"script":"<script> [5351 bytes]","args":[{"element-6066-11e4-a52e-4f735466cecf":"f.35EC4CA9F2F6AFC958B8921B3309FEC0.d.F6E96E53CBAF49FEA90DBB88C00A4596.e.5058","ELEMENT":"f.35EC4CA9F2F6AFC958B8921B3309FEC0.d.F6E96E53CBAF49FEA90DBB88C00A4596.e.5058"}]}
COMMAND: GET /session/a4f54502dbf5f1afb518fbe6152fd493/screenshot - {}
RESULT: {}
RESULT: {"script":"<script> [5351 bytes]","args":[{"element-6066-11e4-a52e-4f735466cecf":"f.35EC4CA9F2F6AFC958B8921B3309FEC0.d.F6E96E53CBAF49FEA90DBB88C00A4596.e.5058","ELEMENT":"f.35EC4CA9F2F6AFC958B8921B3309FEC0.d.F6E96E53CBAF49FEA90DBB88C00A4596.e.5058"}]}
COMMAND: GET /session/a4f54502dbf5f1afb518fbe6152fd493/screenshot - {}
RESULT: {}
RESULT: {}
COMMAND: POST /session/a4f54502dbf5f1afb518fbe6152fd493/execute/async - {"script":"<script> [1562 bytes]","args":[{"selector":{"controlType":"sap.ui.core.Icon","viewName":"etm.portal.ui.managestatesandperformance.view.Master","viewId":"application-managestatesandperformance-display-component---stateAndPerform","properties":{"src":{"regex":{"source":"chart\\-table\\-view"}}}},"wdio_ui5_key":"etmportal.ui.managestatesandperformance.view.Mastersap.ui.core.Icon{\"src\":{\"regex\":{\"source\":\"chart\\\\-table\\\\-view\"}}}"}]}
RESULT: {"script":"<script> [1562 bytes]","args":[{"selector":{"controlType":"sap.ui.core.Icon","viewName":"etm.portal.ui.managestatesandperformance.view.Master","viewId":"application-managestatesandperformance-display-component---stateAndPerform","properties":{"src":{"regex":{"source":"chart\\-table\\-view"}}}},"wdio_ui5_key":"etmportal.ui.managestatesandperformance.view.Mastersap.ui.core.Icon{\"src\":{\"regex\":{\"source\":\"chart\\\\-table\\\\-view\"}}}"}]}
RESULT: undefined
COMMAND: POST /session/a4f54502dbf5f1afb518fbe6152fd493/element - {"using":"xpath","value":"//*[@id=\"__filter61-icon\"]"}
RESULT: {"using":"xpath","value":"//*[@id=\"__filter61-icon\"]"}
COMMAND: POST /session/a4f54502dbf5f1afb518fbe6152fd493/element/f.35EC4CA9F2F6AFC958B8921B3309FEC0.d.F6E96E53CBAF49FEA90DBB88C00A4596.e.5110/click - {}
RESULT: {}
COMMAND: POST /session/a4f54502dbf5f1afb518fbe6152fd493/element/f.35EC4CA9F2F6AFC958B8921B3309FEC0.d.F6E96E53CBAF49FEA90DBB88C00A4596.e.5058/click - {}
COMMAND: GET /session/a4f54502dbf5f1afb518fbe6152fd493/screenshot - {}
COMMAND: POST /session/a4f54502dbf5f1afb518fbe6152fd493/element - {"using":"xpath","value":"//button[contains(@id, \"btnMassStateChange\")]"}
RESULT: {}
RESULT: {"using":"xpath","value":"//button[contains(@id, \"btnMassStateChange\")]"}
COMMAND: POST /session/a4f54502dbf5f1afb518fbe6152fd493/element/f.35EC4CA9F2F6AFC958B8921B3309FEC0.d.F6E96E53CBAF49FEA90DBB88C00A4596.e.5058/click - {}
COMMAND: POST /session/a4f54502dbf5f1afb518fbe6152fd493/element - {"using":"xpath","value":"//button[contains(@id, \"btnMassStateChange\")]"}
RESULT: {"using":"xpath","value":"//button[contains(@id, \"btnMassStateChange\")]"}
COMMAND: POST /session/a4f54502dbf5f1afb518fbe6152fd493/element/f.35EC4CA9F2F6AFC958B8921B3309FEC0.d.F6E96E53CBAF49FEA90DBB88C00A4596.e.5127/click - {}
RESULT: {}
COMMAND: GET /session/a4f54502dbf5f1afb518fbe6152fd493/screenshot - {}
RESULT: {}
COMMAND: POST /session/a4f54502dbf5f1afb518fbe6152fd493/execute/async - {"script":"<script> [1562 bytes]","args":[{"selector":{"id":"application-managestatesandperformance-display-component---stateAndPerform--smartFilterBarContracts-btnBasicSearch","interaction":{"idSuffix":"I"}},"wdio_ui5_key":"applicationmanagestatesandperformance-display-component---stateAndPerform--smartFilterBarContracts-btnBasicSearch"}]}
RESULT: {"script":"<script> [1562 bytes]","args":[{"selector":{"id":"application-managestatesandperformance-display-component---stateAndPerform--smartFilterBarContracts-btnBasicSearch","interaction":{"idSuffix":"I"}},"wdio_ui5_key":"applicationmanagestatesandperformance-display-component---stateAndPerform--smartFilterBarContracts-btnBasicSearch"}]}
RESULT: undefined
COMMAND: POST /session/a4f54502dbf5f1afb518fbe6152fd493/execute/async - {"script":"<script> [776 bytes]","args":[{"enterText":"400044","selector":{"id":"application-managestatesandperformance-display-component---stateAndPerform--smartFilterBarContracts-btnBasicSearch","interaction":{"idSuffix":"I"}},"clearTextFirst":true,"interactionType":"ENTER_TEXT"}]}
RESULT: {"script":"<script> [776 bytes]","args":[{"enterText":"400044","selector":{"id":"application-managestatesandperformance-display-component---stateAndPerform--smartFilterBarContracts-btnBasicSearch","interaction":{"idSuffix":"I"}},"clearTextFirst":true,"interactionType":"ENTER_TEXT"}]}
COMMAND: POST /session/a4f54502dbf5f1afb518fbe6152fd493/actions - {"actions":[{"id":"action14","type":"key","parameters":{},"actions":[{"type":"keyDown","value":"î€‡"},{"type":"pause","duration":10},{"type":"keyUp","value":"î€‡"}]}]}
RESULT: {"actions":[{"id":"action14","type":"key","parameters":{},"actions":[{"type":"keyDown","value":"î€‡"},{"type":"pause","duration":10},{"type":"keyUp","value":"î€‡"}]}]}
COMMAND: GET /session/a4f54502dbf5f1afb518fbe6152fd493/screenshot - {}
RESULT: {}
COMMAND: POST /session/a4f54502dbf5f1afb518fbe6152fd493/element - {"using":"xpath","value":"//span[@id=\"application-managestatesandperformance-display-component---stateAndPerform--stateAndPerformContractItemsSmartTable-header-inner\"]"}
RESULT: {"using":"xpath","value":"//span[@id=\"application-managestatesandperformance-display-component---stateAndPerform--stateAndPerformContractItemsSmartTable-header-inner\"]"}
COMMAND: POST /session/a4f54502dbf5f1afb518fbe6152fd493/elements - {"using":"xpath","value":"//span[@id=\"application-managestatesandperformance-display-component---stateAndPerform--stateAndPerformContractItemsSmartTable-header-inner\"]"}
RESULT: {"using":"xpath","value":"//span[@id=\"application-managestatesandperformance-display-component---stateAndPerform--stateAndPerformContractItemsSmartTable-header-inner\"]"}
COMMAND: POST /session/a4f54502dbf5f1afb518fbe6152fd493/execute/sync - {"script":"<script> [56 bytes]","args":[{"element-6066-11e4-a52e-4f735466cecf":"f.35EC4CA9F2F6AFC958B8921B3309FEC0.d.F6E96E53CBAF49FEA90DBB88C00A4596.e.5292","ELEMENT":"f.35EC4CA9F2F6AFC958B8921B3309FEC0.d.F6E96E53CBAF49FEA90DBB88C00A4596.e.5292"}]}
RESULT: {"script":"<script> [56 bytes]","args":[{"element-6066-11e4-a52e-4f735466cecf":"f.35EC4CA9F2F6AFC958B8921B3309FEC0.d.F6E96E53CBAF49FEA90DBB88C00A4596.e.5292","ELEMENT":"f.35EC4CA9F2F6AFC958B8921B3309FEC0.d.F6E96E53CBAF49FEA90DBB88C00A4596.e.5292"}]}
COMMAND: POST /session/a4f54502dbf5f1afb518fbe6152fd493/element - {"using":"xpath","value":"//table[contains(@id, \"stateAndPerform--stateAndPerformContractItemsTable-listUl\")]/tbody/tr[1]/td[2]/div/div"}
COMMAND: GET /session/a4f54502dbf5f1afb518fbe6152fd493/screenshot - {}
RESULT: {}
RESULT: {"using":"xpath","value":"//table[contains(@id, \"stateAndPerform--stateAndPerformContractItemsTable-listUl\")]/tbody/tr[1]/td[2]/div/div"}
COMMAND: POST /session/a4f54502dbf5f1afb518fbe6152fd493/element/f.35EC4CA9F2F6AFC958B8921B3309FEC0.d.F6E96E53CBAF49FEA90DBB88C00A4596.e.5297/click - {}
RESULT: {}
COMMAND: GET /session/a4f54502dbf5f1afb518fbe6152fd493/screenshot - {}
RESULT: {}
COMMAND: POST /session/a4f54502dbf5f1afb518fbe6152fd493/element/f.35EC4CA9F2F6AFC958B8921B3309FEC0.d.F6E96E53CBAF49FEA90DBB88C00A4596.e.5127/click - {}
RESULT: {}
COMMAND: GET /session/a4f54502dbf5f1afb518fbe6152fd493/screenshot - {}
RESULT: {}
COMMAND: POST /session/a4f54502dbf5f1afb518fbe6152fd493/execute/async - {"script":"<script> [1562 bytes]","args":[{"selector":{"id":"application-managestatesandperformance-display-component---stateAndPerform--ruStateTypes-arrow","searchOpenDialogs":true},"wdio_ui5_key":"applicationmanagestatesandperformance-display-component---stateAndPerform--ruStateTypes-arrow"}]}
RESULT: {"script":"<script> [1562 bytes]","args":[{"selector":{"id":"application-managestatesandperformance-display-component---stateAndPerform--ruStateTypes-arrow","searchOpenDialogs":true},"wdio_ui5_key":"applicationmanagestatesandperformance-display-component---stateAndPerform--ruStateTypes-arrow"}]}
RESULT: undefined
COMMAND: POST /session/a4f54502dbf5f1afb518fbe6152fd493/element - {"using":"xpath","value":"//*[@id=\"application-managestatesandperformance-display-component---stateAndPerform--ruStateTypes-arrow\"]"}
RESULT: {"using":"xpath","value":"//*[@id=\"application-managestatesandperformance-display-component---stateAndPerform--ruStateTypes-arrow\"]"}
COMMAND: POST /session/a4f54502dbf5f1afb518fbe6152fd493/element/f.35EC4CA9F2F6AFC958B8921B3309FEC0.d.F6E96E53CBAF49FEA90DBB88C00A4596.e.5306/click - {}
RESULT: {}
COMMAND: GET /session/a4f54502dbf5f1afb518fbe6152fd493/screenshot - {}
RESULT: {}
COMMAND: POST /session/a4f54502dbf5f1afb518fbe6152fd493/element - {"using":"xpath","value":"//li[.//span[text()=\"defect\"]]"}
RESULT: {"using":"xpath","value":"//li[.//span[text()=\"defect\"]]"}
COMMAND: POST /session/a4f54502dbf5f1afb518fbe6152fd493/element/f.35EC4CA9F2F6AFC958B8921B3309FEC0.d.F6E96E53CBAF49FEA90DBB88C00A4596.e.5307/click - {}
RESULT: {}
COMMAND: GET /session/a4f54502dbf5f1afb518fbe6152fd493/screenshot - {}
RESULT: {}
COMMAND: POST /session/a4f54502dbf5f1afb518fbe6152fd493/execute/async - {"script":"<script> [1562 bytes]","args":[{"selector":{"id":"application-managestatesandperformance-display-component---stateAndPerform--effectiveDate","searchOpenDialogs":true,"interaction":{"idSuffix":"inner"}},"wdio_ui5_key":"applicationmanagestatesandperformance-display-component---stateAndPerform--effectiveDate"}]}
RESULT: {"script":"<script> [1562 bytes]","args":[{"selector":{"id":"application-managestatesandperformance-display-component---stateAndPerform--effectiveDate","searchOpenDialogs":true,"interaction":{"idSuffix":"inner"}},"wdio_ui5_key":"applicationmanagestatesandperformance-display-component---stateAndPerform--effectiveDate"}]}
RESULT: undefined
COMMAND: POST /session/a4f54502dbf5f1afb518fbe6152fd493/execute/async - {"script":"<script> [776 bytes]","args":[{"enterText":"05/10/25","selector":{"id":"application-managestatesandperformance-display-component---stateAndPerform--effectiveDate","searchOpenDialogs":true,"interaction":{"idSuffix":"inner"}},"clearTextFirst":true,"interactionType":"ENTER_TEXT"}]}
RESULT: {"script":"<script> [776 bytes]","args":[{"enterText":"05/10/25","selector":{"id":"application-managestatesandperformance-display-component---stateAndPerform--effectiveDate","searchOpenDialogs":true,"interaction":{"idSuffix":"inner"}},"clearTextFirst":true,"interactionType":"ENTER_TEXT"}]}
COMMAND: POST /session/a4f54502dbf5f1afb518fbe6152fd493/element - {"using":"xpath","value":"(//bdi[contains(text(), \"OK\")])[1]"}
RESULT: {"using":"xpath","value":"(//bdi[contains(text(), \"OK\")])[1]"}
COMMAND: POST /session/a4f54502dbf5f1afb518fbe6152fd493/element/f.35EC4CA9F2F6AFC958B8921B3309FEC0.d.F6E96E53CBAF49FEA90DBB88C00A4596.e.5310/click - {}
RESULT: {}
COMMAND: GET /session/a4f54502dbf5f1afb518fbe6152fd493/screenshot - {}
RESULT: {}
COMMAND: POST /session/a4f54502dbf5f1afb518fbe6152fd493/element - {"using":"xpath","value":"(//bdi[contains(text(), \"OK\")])[2]"}
RESULT: {"using":"xpath","value":"(//bdi[contains(text(), \"OK\")])[2]"}
COMMAND: POST /session/a4f54502dbf5f1afb518fbe6152fd493/element/f.35EC4CA9F2F6AFC958B8921B3309FEC0.d.F6E96E53CBAF49FEA90DBB88C00A4596.e.5315/click - {}
RESULT: {}
COMMAND: GET /session/a4f54502dbf5f1afb518fbe6152fd493/screenshot - {}
RESULT: {}
COMMAND: POST /session/a4f54502dbf5f1afb518fbe6152fd493/element - {"using":"css selector","value":"#shell-header-logo"}
RESULT: {"using":"css selector","value":"#shell-header-logo"}
COMMAND: POST /session/a4f54502dbf5f1afb518fbe6152fd493/element/f.35EC4CA9F2F6AFC958B8921B3309FEC0.d.F6E96E53CBAF49FEA90DBB88C00A4596.e.5024/click - {}
RESULT: {}
COMMAND: GET /session/a4f54502dbf5f1afb518fbe6152fd493/screenshot - {}
RESULT: {}
COMMAND: DELETE /session/a4f54502dbf5f1afb518fbe6152fd493 - {}
RESULT: {}
]]></system-out>
    </testcase>
  </testsuite>
</testsuites>