<?xml version="1.0" encoding="UTF-8"?>
<testsuites tests="7" failures="0" errors="0" skipped="0">
  <testsuite timestamp="2025-05-14T16:30:07" time="924.044" tests="4" failures="0" errors="0" skipped="0">
    <properties>
      <property name="specId" value="0" />
      <property name="suiteName" value="Webshop - Hyperlinks visible and working properly  US139085" />
      <property name="capabilities" value="chrome.136_0_7103_93.windows" />
      <property name="file" value="file:///D:/a/1/s/test/specs/R2C/webshop-hyperlinks-yard-site.spec.js" />
    </properties>
    <testcase classname="chrome.136_0_7103_93.windows.Webshop_-_Hyperlinks_visible_and_working_properly__US139085" name="Should create prerequisites for webshop suite" time="322.112">
      <system-out><![CDATA[
COMMAND: POST /session/a9951698a0529649221826e5653b28bf/execute/async - {"script":"<script> [1562 bytes]","args":[{"selector":{"controlType":"sap.m.GenericTile","properties":{"header":"Manage Yards"}},"wdio_ui5_key":"sapm.GenericTile{\"header\":\"Manage Yards\"}"}]}
RESULT: {"script":"<script> [1562 bytes]","args":[{"selector":{"controlType":"sap.m.GenericTile","properties":{"header":"Manage Yards"}},"wdio_ui5_key":"sapm.GenericTile{\"header\":\"Manage Yards\"}"}]}
RESULT: undefined
COMMAND: POST /session/a9951698a0529649221826e5653b28bf/element - {"using":"xpath","value":"//*[@id=\"__tile41\"]"}
RESULT: {"using":"xpath","value":"//*[@id=\"__tile41\"]"}
COMMAND: POST /session/a9951698a0529649221826e5653b28bf/element/f.2C8FF78414D0A066996B014FE9210B62.d.548815A888C7692DEB98632C47D9D598.e.111/click - {}
RESULT: {}
COMMAND: GET /session/a9951698a0529649221826e5653b28bf/screenshot - {}
RESULT: {}
COMMAND: POST /session/a9951698a0529649221826e5653b28bf/elements - {"using":"xpath","value":"//span[text()='Error']"}
RESULT: {"using":"xpath","value":"//span[text()='Error']"}
COMMAND: POST /session/a9951698a0529649221826e5653b28bf/execute/async - {"script":"<script> [1562 bytes]","args":[{"selector":{"controlType":"sap.ui.core.Icon","viewName":"etm.portal.ui.manageyards.view.Master","viewId":"application-manageyards-display-component---masterYard","properties":{"src":{"regex":{"source":"add"}}}},"wdio_ui5_key":"etmportal.ui.manageyards.view.Mastersap.ui.core.Icon{\"src\":{\"regex\":{\"source\":\"add\"}}}"}]}
RESULT: {"script":"<script> [1562 bytes]","args":[{"selector":{"controlType":"sap.ui.core.Icon","viewName":"etm.portal.ui.manageyards.view.Master","viewId":"application-manageyards-display-component---masterYard","properties":{"src":{"regex":{"source":"add"}}}},"wdio_ui5_key":"etmportal.ui.manageyards.view.Mastersap.ui.core.Icon{\"src\":{\"regex\":{\"source\":\"add\"}}}"}]}
RESULT: undefined
COMMAND: POST /session/a9951698a0529649221826e5653b28bf/element - {"using":"xpath","value":"//*[@id=\"__button4-img\"]"}
RESULT: {"using":"xpath","value":"//*[@id=\"__button4-img\"]"}
COMMAND: POST /session/a9951698a0529649221826e5653b28bf/element/f.2C8FF78414D0A066996B014FE9210B62.d.548815A888C7692DEB98632C47D9D598.e.159/click - {}
RESULT: {}
COMMAND: GET /session/a9951698a0529649221826e5653b28bf/screenshot - {}
RESULT: {}
COMMAND: POST /session/a9951698a0529649221826e5653b28bf/execute/async - {"script":"<script> [1562 bytes]","args":[{"selector":{"id":"application-manageyards-display-component---NewYard--yardId","interaction":{"idSuffix":"inner"}},"wdio_ui5_key":"applicationmanageyards-display-component---NewYard--yardId"}]}
RESULT: {"script":"<script> [1562 bytes]","args":[{"selector":{"id":"application-manageyards-display-component---NewYard--yardId","interaction":{"idSuffix":"inner"}},"wdio_ui5_key":"applicationmanageyards-display-component---NewYard--yardId"}]}
RESULT: undefined
COMMAND: POST /session/a9951698a0529649221826e5653b28bf/element - {"using":"xpath","value":"//*[@id=\"application-manageyards-display-component---NewYard--addressDetailDetailsName1-inner\"]"}
RESULT: {"using":"xpath","value":"//*[@id=\"application-manageyards-display-component---NewYard--addressDetailDetailsName1-inner\"]"}
COMMAND: POST /session/a9951698a0529649221826e5653b28bf/element/f.2C8FF78414D0A066996B014FE9210B62.d.548815A888C7692DEB98632C47D9D598.e.327/clear - {}
RESULT: {}
COMMAND: POST /session/a9951698a0529649221826e5653b28bf/element/f.2C8FF78414D0A066996B014FE9210B62.d.548815A888C7692DEB98632C47D9D598.e.327/value - {"text":"WebdriverYardw00l"}
COMMAND: GET /session/a9951698a0529649221826e5653b28bf/screenshot - {}
RESULT: {"text":"WebdriverYardw00l"}
COMMAND: POST /session/a9951698a0529649221826e5653b28bf/element - {"using":"xpath","value":"//*[@id=\"application-manageyards-display-component---NewYard--addressDetailDetailsLanguage-inner\"]"}
COMMAND: GET /session/a9951698a0529649221826e5653b28bf/screenshot - {}
RESULT: {}
RESULT: {"using":"xpath","value":"//*[@id=\"application-manageyards-display-component---NewYard--addressDetailDetailsLanguage-inner\"]"}
COMMAND: POST /session/a9951698a0529649221826e5653b28bf/element/f.2C8FF78414D0A066996B014FE9210B62.d.548815A888C7692DEB98632C47D9D598.e.328/clear - {}
RESULT: {}
RESULT: {}
COMMAND: POST /session/a9951698a0529649221826e5653b28bf/element/f.2C8FF78414D0A066996B014FE9210B62.d.548815A888C7692DEB98632C47D9D598.e.328/value - {"text":"Romanian"}
COMMAND: GET /session/a9951698a0529649221826e5653b28bf/screenshot - {}
RESULT: {"text":"Romanian"}
COMMAND: POST /session/a9951698a0529649221826e5653b28bf/element - {"using":"xpath","value":"//input[contains(@id ,\"application-manageyards-display-component---NewYard--addressDetailDetailsName1-inner\")]"}
COMMAND: GET /session/a9951698a0529649221826e5653b28bf/screenshot - {}
RESULT: {}
RESULT: {}
RESULT: {"using":"xpath","value":"//input[contains(@id ,\"application-manageyards-display-component---NewYard--addressDetailDetailsName1-inner\")]"}
COMMAND: GET /session/a9951698a0529649221826e5653b28bf/element/f.2C8FF78414D0A066996B014FE9210B62.d.548815A888C7692DEB98632C47D9D598.e.327/property/value - {}
RESULT: {}
COMMAND: GET /session/a9951698a0529649221826e5653b28bf/screenshot - {}
RESULT: {}
COMMAND: POST /session/a9951698a0529649221826e5653b28bf/element - {"using":"xpath","value":"//*[@id=\"application-manageyards-display-component---NewYard--addressDetailDetailsCity1-inner\"]"}
RESULT: {"using":"xpath","value":"//*[@id=\"application-manageyards-display-component---NewYard--addressDetailDetailsCity1-inner\"]"}
COMMAND: POST /session/a9951698a0529649221826e5653b28bf/element/f.2C8FF78414D0A066996B014FE9210B62.d.548815A888C7692DEB98632C47D9D598.e.330/clear - {}
RESULT: {}
COMMAND: POST /session/a9951698a0529649221826e5653b28bf/element/f.2C8FF78414D0A066996B014FE9210B62.d.548815A888C7692DEB98632C47D9D598.e.330/value - {"text":"Bucuresti"}
COMMAND: GET /session/a9951698a0529649221826e5653b28bf/screenshot - {}
RESULT: {"text":"Bucuresti"}
COMMAND: GET /session/a9951698a0529649221826e5653b28bf/screenshot - {}
RESULT: {}
RESULT: {}
COMMAND: POST /session/a9951698a0529649221826e5653b28bf/element - {"using":"xpath","value":"//*[@id=\"application-manageyards-display-component---NewYard--addressDetailDetailsCountry-inner\"]"}
RESULT: {"using":"xpath","value":"//*[@id=\"application-manageyards-display-component---NewYard--addressDetailDetailsCountry-inner\"]"}
COMMAND: POST /session/a9951698a0529649221826e5653b28bf/element/f.2C8FF78414D0A066996B014FE9210B62.d.548815A888C7692DEB98632C47D9D598.e.334/clear - {}
RESULT: {}
COMMAND: POST /session/a9951698a0529649221826e5653b28bf/element/f.2C8FF78414D0A066996B014FE9210B62.d.548815A888C7692DEB98632C47D9D598.e.334/value - {"text":"Romania"}
COMMAND: GET /session/a9951698a0529649221826e5653b28bf/screenshot - {}
RESULT: {"text":"Romania"}
COMMAND: GET /session/a9951698a0529649221826e5653b28bf/screenshot - {}
RESULT: {}
RESULT: {}
COMMAND: POST /session/a9951698a0529649221826e5653b28bf/element - {"using":"xpath","value":"//div[contains(text(), \"Commercial\")]"}
RESULT: {"using":"xpath","value":"//div[contains(text(), \"Commercial\")]"}
COMMAND: GET /session/a9951698a0529649221826e5653b28bf/element/f.2C8FF78414D0A066996B014FE9210B62.d.548815A888C7692DEB98632C47D9D598.e.575/rect - {}
RESULT: {}
COMMAND: GET /session/a9951698a0529649221826e5653b28bf/window/rect - {}
RESULT: {}
COMMAND: POST /session/a9951698a0529649221826e5653b28bf/execute/sync - {"script":"<script> [92 bytes]","args":[]}
RESULT: {"script":"<script> [92 bytes]","args":[]}
COMMAND: POST /session/a9951698a0529649221826e5653b28bf/actions - {"actions":[{"id":"action1","type":"wheel","parameters":{},"actions":[{"type":"scroll","x":-1841,"y":-44,"deltaX":0,"deltaY":0,"duration":0,"origin":{"element-6066-11e4-a52e-4f735466cecf":"f.2C8FF78414D0A066996B014FE9210B62.d.548815A888C7692DEB98632C47D9D598.e.575"}}]}]}
COMMAND: GET /session/a9951698a0529649221826e5653b28bf/screenshot - {}
RESULT: {}
COMMAND: POST /session/a9951698a0529649221826e5653b28bf/execute/sync - {"script":"<script> [79 bytes]","args":[{"element-6066-11e4-a52e-4f735466cecf":"f.2C8FF78414D0A066996B014FE9210B62.d.548815A888C7692DEB98632C47D9D598.e.575","ELEMENT":"f.2C8FF78414D0A066996B014FE9210B62.d.548815A888C7692DEB98632C47D9D598.e.575"},{"block":"start","inline":"nearest"}]}
RESULT: {"script":"<script> [79 bytes]","args":[{"element-6066-11e4-a52e-4f735466cecf":"f.2C8FF78414D0A066996B014FE9210B62.d.548815A888C7692DEB98632C47D9D598.e.575","ELEMENT":"f.2C8FF78414D0A066996B014FE9210B62.d.548815A888C7692DEB98632C47D9D598.e.575"},{"block":"start","inline":"nearest"}]}
COMMAND: GET /session/a9951698a0529649221826e5653b28bf/screenshot - {}
RESULT: {}
COMMAND: POST /session/a9951698a0529649221826e5653b28bf/execute/async - {"script":"<script> [1562 bytes]","args":[{"selector":{"id":"application-manageyards-display-component---NewYard--addressEditDetailsCostObjectCstType-arrow"},"wdio_ui5_key":"applicationmanageyards-display-component---NewYard--addressEditDetailsCostObjectCstType-arrow"}]}
RESULT: {"script":"<script> [1562 bytes]","args":[{"selector":{"id":"application-manageyards-display-component---NewYard--addressEditDetailsCostObjectCstType-arrow"},"wdio_ui5_key":"applicationmanageyards-display-component---NewYard--addressEditDetailsCostObjectCstType-arrow"}]}
RESULT: undefined
COMMAND: POST /session/a9951698a0529649221826e5653b28bf/element - {"using":"xpath","value":"//*[@id=\"application-manageyards-display-component---NewYard--addressEditDetailsCostObjectCstType-arrow\"]"}
RESULT: {"using":"xpath","value":"//*[@id=\"application-manageyards-display-component---NewYard--addressEditDetailsCostObjectCstType-arrow\"]"}
COMMAND: POST /session/a9951698a0529649221826e5653b28bf/element/f.2C8FF78414D0A066996B014FE9210B62.d.548815A888C7692DEB98632C47D9D598.e.583/click - {}
RESULT: {}
COMMAND: POST /session/a9951698a0529649221826e5653b28bf/element - {"using":"xpath","value":"//span[contains(text(), \"Cost Center\")]"}
COMMAND: GET /session/a9951698a0529649221826e5653b28bf/screenshot - {}
RESULT: {"using":"xpath","value":"//span[contains(text(), \"Cost Center\")]"}
COMMAND: POST /session/a9951698a0529649221826e5653b28bf/element/f.2C8FF78414D0A066996B014FE9210B62.d.548815A888C7692DEB98632C47D9D598.e.584/click - {}
RESULT: {}
RESULT: {}
COMMAND: GET /session/a9951698a0529649221826e5653b28bf/screenshot - {}
RESULT: {}
COMMAND: POST /session/a9951698a0529649221826e5653b28bf/execute/async - {"script":"<script> [1562 bytes]","args":[{"selector":{"id":"application-manageyards-display-component---NewYard--addressNewCostObjectCstID-vhi"},"wdio_ui5_key":"applicationmanageyards-display-component---NewYard--addressNewCostObjectCstID-vhi"}]}
RESULT: {"script":"<script> [1562 bytes]","args":[{"selector":{"id":"application-manageyards-display-component---NewYard--addressNewCostObjectCstID-vhi"},"wdio_ui5_key":"applicationmanageyards-display-component---NewYard--addressNewCostObjectCstID-vhi"}]}
RESULT: undefined
COMMAND: POST /session/a9951698a0529649221826e5653b28bf/element - {"using":"xpath","value":"//*[@id=\"application-manageyards-display-component---NewYard--addressNewCostObjectCstID-vhi\"]"}
RESULT: {"using":"xpath","value":"//*[@id=\"application-manageyards-display-component---NewYard--addressNewCostObjectCstID-vhi\"]"}
COMMAND: POST /session/a9951698a0529649221826e5653b28bf/element/f.2C8FF78414D0A066996B014FE9210B62.d.548815A888C7692DEB98632C47D9D598.e.588/click - {}
RESULT: {}
COMMAND: GET /session/a9951698a0529649221826e5653b28bf/screenshot - {}
RESULT: {}
COMMAND: POST /session/a9951698a0529649221826e5653b28bf/execute/async - {"script":"<script> [1562 bytes]","args":[{"selector":{"controlType":"sap.m.SearchField","properties":{"placeholder":"Search"},"searchOpenDialogs":true,"interaction":{"idSuffix":"I"}},"wdio_ui5_key":"sapm.SearchField{\"placeholder\":\"Search\"}"}]}
RESULT: {"script":"<script> [1562 bytes]","args":[{"selector":{"controlType":"sap.m.SearchField","properties":{"placeholder":"Search"},"searchOpenDialogs":true,"interaction":{"idSuffix":"I"}},"wdio_ui5_key":"sapm.SearchField{\"placeholder\":\"Search\"}"}]}
RESULT: undefined
COMMAND: POST /session/a9951698a0529649221826e5653b28bf/execute/async - {"script":"<script> [776 bytes]","args":[{"enterText":"10001013","selector":{"controlType":"sap.m.SearchField","properties":{"placeholder":"Search"},"searchOpenDialogs":true,"interaction":{"idSuffix":"I"}},"clearTextFirst":true,"interactionType":"ENTER_TEXT"}]}
RESULT: {"script":"<script> [776 bytes]","args":[{"enterText":"10001013","selector":{"controlType":"sap.m.SearchField","properties":{"placeholder":"Search"},"searchOpenDialogs":true,"interaction":{"idSuffix":"I"}},"clearTextFirst":true,"interactionType":"ENTER_TEXT"}]}
COMMAND: POST /session/a9951698a0529649221826e5653b28bf/actions - {"actions":[{"id":"action2","type":"key","parameters":{},"actions":[{"type":"keyDown","value":"î€‡"},{"type":"pause","duration":10},{"type":"keyUp","value":"î€‡"}]}]}
RESULT: {"actions":[{"id":"action2","type":"key","parameters":{},"actions":[{"type":"keyDown","value":"î€‡"},{"type":"pause","duration":10},{"type":"keyUp","value":"î€‡"}]}]}
COMMAND: GET /session/a9951698a0529649221826e5653b28bf/screenshot - {}
RESULT: {}
COMMAND: POST /session/a9951698a0529649221826e5653b28bf/element - {"using":"xpath","value":"//span[contains(text(), \"General Management\")]"}
RESULT: {"using":"xpath","value":"//span[contains(text(), \"General Management\")]"}
COMMAND: POST /session/a9951698a0529649221826e5653b28bf/element/f.2C8FF78414D0A066996B014FE9210B62.d.548815A888C7692DEB98632C47D9D598.e.629/click - {}
RESULT: {}
COMMAND: GET /session/a9951698a0529649221826e5653b28bf/screenshot - {}
RESULT: {}
COMMAND: POST /session/a9951698a0529649221826e5653b28bf/element - {"using":"xpath","value":"//bdi[contains(text(), \"OK\")]"}
RESULT: {"using":"xpath","value":"//bdi[contains(text(), \"OK\")]"}
COMMAND: POST /session/a9951698a0529649221826e5653b28bf/element/f.2C8FF78414D0A066996B014FE9210B62.d.548815A888C7692DEB98632C47D9D598.e.630/click - {}
RESULT: {}
COMMAND: GET /session/a9951698a0529649221826e5653b28bf/screenshot - {}
RESULT: {}
COMMAND: POST /session/a9951698a0529649221826e5653b28bf/execute/async - {"script":"<script> [1562 bytes]","args":[{"selector":{"controlType":"sap.m.Button","viewName":"etm.portal.ui.manageyards.view.New","viewId":"application-manageyards-display-component---NewYard","i18NText":{"propertyName":"text","key":"save"},"interaction":{"idSuffix":"inner"}},"wdio_ui5_key":"etmportal.ui.manageyards.view.Newsap.m.Button{\"propertyName\":\"text\",\"key\":\"save\"}"}]}
RESULT: {"script":"<script> [1562 bytes]","args":[{"selector":{"controlType":"sap.m.Button","viewName":"etm.portal.ui.manageyards.view.New","viewId":"application-manageyards-display-component---NewYard","i18NText":{"propertyName":"text","key":"save"},"interaction":{"idSuffix":"inner"}},"wdio_ui5_key":"etmportal.ui.manageyards.view.Newsap.m.Button{\"propertyName\":\"text\",\"key\":\"save\"}"}]}
RESULT: undefined
COMMAND: POST /session/a9951698a0529649221826e5653b28bf/element - {"using":"xpath","value":"//*[@id=\"__button18\"]"}
RESULT: {"using":"xpath","value":"//*[@id=\"__button18\"]"}
COMMAND: POST /session/a9951698a0529649221826e5653b28bf/element/f.2C8FF78414D0A066996B014FE9210B62.d.548815A888C7692DEB98632C47D9D598.e.533/click - {}
RESULT: {}
COMMAND: GET /session/a9951698a0529649221826e5653b28bf/screenshot - {}
RESULT: {}
COMMAND: POST /session/a9951698a0529649221826e5653b28bf/element - {"using":"xpath","value":"//header/div/div[2]/div[2]/span"}
RESULT: {"using":"xpath","value":"//header/div/div[2]/div[2]/span"}
COMMAND: GET /session/a9951698a0529649221826e5653b28bf/element/f.2C8FF78414D0A066996B014FE9210B62.d.548815A888C7692DEB98632C47D9D598.e.830/text - {}
RESULT: {}
COMMAND: POST /session/a9951698a0529649221826e5653b28bf/execute/async - {"script":"<script> [1562 bytes]","args":[{"selector":{"controlType":"sap.m.OverflowToolbarButton","viewName":"etm.portal.ui.manageyards.view.Detail","viewId":"application-manageyards-display-component---detailYard","i18NText":{"propertyName":"tooltip","key":"closeColumn"},"interaction":{"idSuffix":"inner"}},"wdio_ui5_key":"etmportal.ui.manageyards.view.Detailsap.m.OverflowToolbarButton{\"propertyName\":\"tooltip\",\"key\":\"closeColumn\"}"}]}
RESULT: {"script":"<script> [1562 bytes]","args":[{"selector":{"controlType":"sap.m.OverflowToolbarButton","viewName":"etm.portal.ui.manageyards.view.Detail","viewId":"application-manageyards-display-component---detailYard","i18NText":{"propertyName":"tooltip","key":"closeColumn"},"interaction":{"idSuffix":"inner"}},"wdio_ui5_key":"etmportal.ui.manageyards.view.Detailsap.m.OverflowToolbarButton{\"propertyName\":\"tooltip\",\"key\":\"closeColumn\"}"}]}
RESULT: undefined
COMMAND: POST /session/a9951698a0529649221826e5653b28bf/element - {"using":"xpath","value":"//*[@id=\"__button40\"]"}
RESULT: {"using":"xpath","value":"//*[@id=\"__button40\"]"}
COMMAND: POST /session/a9951698a0529649221826e5653b28bf/element/f.2C8FF78414D0A066996B014FE9210B62.d.548815A888C7692DEB98632C47D9D598.e.832/click - {}
RESULT: {}
COMMAND: GET /session/a9951698a0529649221826e5653b28bf/screenshot - {}
RESULT: {}
COMMAND: POST /session/a9951698a0529649221826e5653b28bf/element - {"using":"css selector","value":"#shell-header-logo"}
RESULT: {"using":"css selector","value":"#shell-header-logo"}
COMMAND: POST /session/a9951698a0529649221826e5653b28bf/element/f.2C8FF78414D0A066996B014FE9210B62.d.548815A888C7692DEB98632C47D9D598.e.114/click - {}
RESULT: {}
COMMAND: GET /session/a9951698a0529649221826e5653b28bf/screenshot - {}
RESULT: {}
COMMAND: POST /session/a9951698a0529649221826e5653b28bf/refresh - {}
RESULT: {}
COMMAND: GET /session/a9951698a0529649221826e5653b28bf/screenshot - {}
RESULT: {}
COMMAND: POST /session/a9951698a0529649221826e5653b28bf/execute/async - {"script":"<script> [189 bytes]","args":[]}
RESULT: {"script":"<script> [189 bytes]","args":[]}
COMMAND: POST /session/a9951698a0529649221826e5653b28bf/execute/async - {"script":"<script> [123 bytes]","args":[]}
RESULT: {"script":"<script> [123 bytes]","args":[]}
COMMAND: POST /session/a9951698a0529649221826e5653b28bf/timeouts - {"script":"<number>"}
RESULT: {"script":"<number>"}
COMMAND: GET /session/a9951698a0529649221826e5653b28bf/timeouts - {}
RESULT: {}
RESULT: undefined
COMMAND: POST /session/a9951698a0529649221826e5653b28bf/execute/async - {"script":"<script> [2676 bytes]","args":[]}
RESULT: {"script":"<script> [2676 bytes]","args":[]}
COMMAND: POST /session/a9951698a0529649221826e5653b28bf/execute/async - {"script":"<script> [2342 bytes]","args":[{"protocol":"http","hostname":"0.0.0.0","path":"/","capabilities":{"browserName":"chrome","goog:chromeOptions":{"binary":"C:\\Program Files\\Google\\Chrome\\Application\\chrome.exe","args":["--start-maximized"]}},"logLevel":"warn","connectionRetryTimeout":120000,"connectionRetryCount":3,"logLevels":{},"enableDirectConnect":true,"strictSSL":true,"_":"65 more keys: [\"cacheDir\",\"port\",\"requestedCapabilities\",\"automationProtocol\",\"baseUrl\",\"waitforInterval\",\"waitforTimeout\",\"onReload\",\"beforeCommand\",\"afterCommand\",\"rootDir\",\"specs\",\"suites\",\"exclude\",\"groupLogsByTestSpec\",\"excludeDriverLogs\",\"bail\",\"framework\",\"reporters\",\"services\",\"maxInstances\",\"maxInstancesPerCapability\",\"injectGlobals\",\"filesToWatch\",\"execArgv\",\"runnerEnv\",\"runner\",\"shard\",\"specFileRetries\",\"specFileRetriesDelay\",\"specFileRetriesDeferred\",\"reporterSyncInterval\",\"reporterSyncTimeout\",\"cucumberFeaturesWithLineNumbers\",\"autoCompileOpts\",\"mochaOpts\",\"jasmineOpts\",\"cucumberOpts\",\"onPrepare\",\"onWorkerStart\",\"onWorkerEnd\",\"before\",\"beforeSession\",\"beforeSuite\",\"beforeHook\",\"beforeTest\",\"afterTest\",\"afterHook\",\"afterSuite\",\"afterSession\",\"after\",\"onComplete\",\"beforeAssertion\",\"afterAssertion\",\"beforeFeature\",\"beforeScenario\",\"beforeStep\",\"afterStep\",\"afterScenario\",\"afterFeature\",\"_\",\"suite\",\"$0\",\"ignoredWorkerServices\",\"wdi5\"]"}]}
RESULT: {"script":"<script> [2342 bytes]","args":[{"protocol":"http","hostname":"0.0.0.0","path":"/","capabilities":{"browserName":"chrome","goog:chromeOptions":{"binary":"C:\\Program Files\\Google\\Chrome\\Application\\chrome.exe","args":["--start-maximized"]}},"logLevel":"warn","connectionRetryTimeout":120000,"connectionRetryCount":3,"logLevels":{},"enableDirectConnect":true,"strictSSL":true,"_":"65 more keys: [\"cacheDir\",\"port\",\"requestedCapabilities\",\"automationProtocol\",\"baseUrl\",\"waitforInterval\",\"waitforTimeout\",\"onReload\",\"beforeCommand\",\"afterCommand\",\"rootDir\",\"specs\",\"suites\",\"exclude\",\"groupLogsByTestSpec\",\"excludeDriverLogs\",\"bail\",\"framework\",\"reporters\",\"services\",\"maxInstances\",\"maxInstancesPerCapability\",\"injectGlobals\",\"filesToWatch\",\"execArgv\",\"runnerEnv\",\"runner\",\"shard\",\"specFileRetries\",\"specFileRetriesDelay\",\"specFileRetriesDeferred\",\"reporterSyncInterval\",\"reporterSyncTimeout\",\"cucumberFeaturesWithLineNumbers\",\"autoCompileOpts\",\"mochaOpts\",\"jasmineOpts\",\"cucumberOpts\",\"onPrepare\",\"onWorkerStart\",\"onWorkerEnd\",\"before\",\"beforeSession\",\"beforeSuite\",\"beforeHook\",\"beforeTest\",\"afterTest\",\"afterHook\",\"afterSuite\",\"afterSession\",\"after\",\"onComplete\",\"beforeAssertion\",\"afterAssertion\",\"beforeFeature\",\"beforeScenario\",\"beforeStep\",\"afterStep\",\"afterScenario\",\"afterFeature\",\"_\",\"suite\",\"$0\",\"ignoredWorkerServices\",\"wdi5\"]"}]}
COMMAND: POST /session/a9951698a0529649221826e5653b28bf/execute/async - {"script":"<script> [21126 bytes]","args":[35000]}
RESULT: {"script":"<script> [21126 bytes]","args":[35000]}
COMMAND: POST /session/a9951698a0529649221826e5653b28bf/execute/async - {"script":"<script> [1562 bytes]","args":[{"selector":{"controlType":"sap.m.GenericTile","properties":{"header":"Manage Sites"}},"wdio_ui5_key":"sapm.GenericTile{\"header\":\"Manage Sites\"}"}]}
RESULT: {"script":"<script> [1562 bytes]","args":[{"selector":{"controlType":"sap.m.GenericTile","properties":{"header":"Manage Sites"}},"wdio_ui5_key":"sapm.GenericTile{\"header\":\"Manage Sites\"}"}]}
RESULT: undefined
COMMAND: POST /session/a9951698a0529649221826e5653b28bf/element - {"using":"xpath","value":"//*[@id=\"__tile40\"]"}
RESULT: {"using":"xpath","value":"//*[@id=\"__tile40\"]"}
COMMAND: POST /session/a9951698a0529649221826e5653b28bf/element/f.2C8FF78414D0A066996B014FE9210B62.d.005365C5A4D0B0C96012D7792CAB1A39.e.1184/click - {}
RESULT: {}
COMMAND: GET /session/a9951698a0529649221826e5653b28bf/screenshot - {}
RESULT: {}
COMMAND: POST /session/a9951698a0529649221826e5653b28bf/elements - {"using":"xpath","value":"//span[text()='Error']"}
RESULT: {"using":"xpath","value":"//span[text()='Error']"}
COMMAND: POST /session/a9951698a0529649221826e5653b28bf/execute/async - {"script":"<script> [1562 bytes]","args":[{"selector":{"controlType":"sap.ui.core.Icon","viewName":"etm.portal.ui.managesites.view.Master","viewId":"application-managesites-display-component---masterSite","properties":{"src":{"regex":{"source":"add"}}}},"wdio_ui5_key":"etmportal.ui.managesites.view.Mastersap.ui.core.Icon{\"src\":{\"regex\":{\"source\":\"add\"}}}"}]}
RESULT: {"script":"<script> [1562 bytes]","args":[{"selector":{"controlType":"sap.ui.core.Icon","viewName":"etm.portal.ui.managesites.view.Master","viewId":"application-managesites-display-component---masterSite","properties":{"src":{"regex":{"source":"add"}}}},"wdio_ui5_key":"etmportal.ui.managesites.view.Mastersap.ui.core.Icon{\"src\":{\"regex\":{\"source\":\"add\"}}}"}]}
RESULT: undefined
COMMAND: POST /session/a9951698a0529649221826e5653b28bf/element - {"using":"xpath","value":"//*[@id=\"__button4-img\"]"}
RESULT: {"using":"xpath","value":"//*[@id=\"__button4-img\"]"}
COMMAND: POST /session/a9951698a0529649221826e5653b28bf/element/f.2C8FF78414D0A066996B014FE9210B62.d.005365C5A4D0B0C96012D7792CAB1A39.e.1234/click - {}
RESULT: {}
COMMAND: POST /session/a9951698a0529649221826e5653b28bf/execute/async - {"script":"<script> [1562 bytes]","args":[{"selector":{"id":"application-managesites-display-component---NewSite--siteId","interaction":{"idSuffix":"inner"}},"wdio_ui5_key":"applicationmanagesites-display-component---NewSite--siteId"}]}
COMMAND: GET /session/a9951698a0529649221826e5653b28bf/screenshot - {}
RESULT: {"script":"<script> [1562 bytes]","args":[{"selector":{"id":"application-managesites-display-component---NewSite--siteId","interaction":{"idSuffix":"inner"}},"wdio_ui5_key":"applicationmanagesites-display-component---NewSite--siteId"}]}
RESULT: undefined
COMMAND: POST /session/a9951698a0529649221826e5653b28bf/execute/async - {"script":"<script> [1562 bytes]","args":[{"selector":{"id":"application-managesites-display-component---NewSite--addressDetailDetailsName1","interaction":{"idSuffix":"inner"}},"wdio_ui5_key":"applicationmanagesites-display-component---NewSite--addressDetailDetailsName1"}]}
RESULT: {}
RESULT: {"script":"<script> [1562 bytes]","args":[{"selector":{"id":"application-managesites-display-component---NewSite--addressDetailDetailsName1","interaction":{"idSuffix":"inner"}},"wdio_ui5_key":"applicationmanagesites-display-component---NewSite--addressDetailDetailsName1"}]}
RESULT: undefined
COMMAND: POST /session/a9951698a0529649221826e5653b28bf/execute/async - {"script":"<script> [776 bytes]","args":[{"enterText":"WebdriverSiteckga3h","selector":{"id":"application-managesites-display-component---NewSite--addressDetailDetailsName1","interaction":{"idSuffix":"inner"}},"clearTextFirst":true,"interactionType":"ENTER_TEXT"}]}
RESULT: {"script":"<script> [776 bytes]","args":[{"enterText":"WebdriverSiteckga3h","selector":{"id":"application-managesites-display-component---NewSite--addressDetailDetailsName1","interaction":{"idSuffix":"inner"}},"clearTextFirst":true,"interactionType":"ENTER_TEXT"}]}
COMMAND: POST /session/a9951698a0529649221826e5653b28bf/execute/async - {"script":"<script> [1562 bytes]","args":[{"selector":{"id":"application-managesites-display-component---NewSite--addressDetailDetailsLanguage","interaction":{"idSuffix":"inner"}},"wdio_ui5_key":"applicationmanagesites-display-component---NewSite--addressDetailDetailsLanguage"}]}
RESULT: {"script":"<script> [1562 bytes]","args":[{"selector":{"id":"application-managesites-display-component---NewSite--addressDetailDetailsLanguage","interaction":{"idSuffix":"inner"}},"wdio_ui5_key":"applicationmanagesites-display-component---NewSite--addressDetailDetailsLanguage"}]}
RESULT: undefined
COMMAND: POST /session/a9951698a0529649221826e5653b28bf/execute/async - {"script":"<script> [776 bytes]","args":[{"enterText":"Romanian","selector":{"id":"application-managesites-display-component---NewSite--addressDetailDetailsLanguage","interaction":{"idSuffix":"inner"}},"clearTextFirst":true,"interactionType":"ENTER_TEXT"}]}
RESULT: {"script":"<script> [776 bytes]","args":[{"enterText":"Romanian","selector":{"id":"application-managesites-display-component---NewSite--addressDetailDetailsLanguage","interaction":{"idSuffix":"inner"}},"clearTextFirst":true,"interactionType":"ENTER_TEXT"}]}
COMMAND: POST /session/a9951698a0529649221826e5653b28bf/execute/async - {"script":"<script> [1562 bytes]","args":[{"selector":{"id":"application-managesites-display-component---NewSite--addressDetailDetailsCity1","interaction":{"idSuffix":"inner"}},"wdio_ui5_key":"applicationmanagesites-display-component---NewSite--addressDetailDetailsCity1"}]}
RESULT: {"script":"<script> [1562 bytes]","args":[{"selector":{"id":"application-managesites-display-component---NewSite--addressDetailDetailsCity1","interaction":{"idSuffix":"inner"}},"wdio_ui5_key":"applicationmanagesites-display-component---NewSite--addressDetailDetailsCity1"}]}
RESULT: undefined
COMMAND: POST /session/a9951698a0529649221826e5653b28bf/execute/async - {"script":"<script> [776 bytes]","args":[{"enterText":"Bucharest","selector":{"id":"application-managesites-display-component---NewSite--addressDetailDetailsCity1","interaction":{"idSuffix":"inner"}},"clearTextFirst":true,"interactionType":"ENTER_TEXT"}]}
RESULT: {"script":"<script> [776 bytes]","args":[{"enterText":"Bucharest","selector":{"id":"application-managesites-display-component---NewSite--addressDetailDetailsCity1","interaction":{"idSuffix":"inner"}},"clearTextFirst":true,"interactionType":"ENTER_TEXT"}]}
COMMAND: POST /session/a9951698a0529649221826e5653b28bf/execute/async - {"script":"<script> [1562 bytes]","args":[{"selector":{"id":"application-managesites-display-component---NewSite--addressDetailDetailsCountry","interaction":{"idSuffix":"inner"}},"wdio_ui5_key":"applicationmanagesites-display-component---NewSite--addressDetailDetailsCountry"}]}
RESULT: {"script":"<script> [1562 bytes]","args":[{"selector":{"id":"application-managesites-display-component---NewSite--addressDetailDetailsCountry","interaction":{"idSuffix":"inner"}},"wdio_ui5_key":"applicationmanagesites-display-component---NewSite--addressDetailDetailsCountry"}]}
RESULT: undefined
COMMAND: POST /session/a9951698a0529649221826e5653b28bf/execute/async - {"script":"<script> [776 bytes]","args":[{"enterText":"Romania","selector":{"id":"application-managesites-display-component---NewSite--addressDetailDetailsCountry","interaction":{"idSuffix":"inner"}},"clearTextFirst":true,"interactionType":"ENTER_TEXT"}]}
RESULT: {"script":"<script> [776 bytes]","args":[{"enterText":"Romania","selector":{"id":"application-managesites-display-component---NewSite--addressDetailDetailsCountry","interaction":{"idSuffix":"inner"}},"clearTextFirst":true,"interactionType":"ENTER_TEXT"}]}
COMMAND: POST /session/a9951698a0529649221826e5653b28bf/element - {"using":"css selector","value":"#application-managesites-display-component---NewSite--addressDetailDetailsCalendar-inner"}
RESULT: {"using":"css selector","value":"#application-managesites-display-component---NewSite--addressDetailDetailsCalendar-inner"}
COMMAND: POST /session/a9951698a0529649221826e5653b28bf/element/f.2C8FF78414D0A066996B014FE9210B62.d.005365C5A4D0B0C96012D7792CAB1A39.e.1425/clear - {}
RESULT: {}
COMMAND: POST /session/a9951698a0529649221826e5653b28bf/element/f.2C8FF78414D0A066996B014FE9210B62.d.005365C5A4D0B0C96012D7792CAB1A39.e.1425/value - {"text":"Germany"}
COMMAND: GET /session/a9951698a0529649221826e5653b28bf/screenshot - {}
RESULT: {"text":"Germany"}
COMMAND: POST /session/a9951698a0529649221826e5653b28bf/execute/async - {"script":"<script> [1562 bytes]","args":[{"selector":{"id":"application-managesites-display-component---NewSite--addressEditDetailsCostObjectCstType-arrow"},"wdio_ui5_key":"applicationmanagesites-display-component---NewSite--addressEditDetailsCostObjectCstType-arrow"}]}
COMMAND: GET /session/a9951698a0529649221826e5653b28bf/screenshot - {}
RESULT: {}
RESULT: {"script":"<script> [1562 bytes]","args":[{"selector":{"id":"application-managesites-display-component---NewSite--addressEditDetailsCostObjectCstType-arrow"},"wdio_ui5_key":"applicationmanagesites-display-component---NewSite--addressEditDetailsCostObjectCstType-arrow"}]}
RESULT: undefined
COMMAND: POST /session/a9951698a0529649221826e5653b28bf/element - {"using":"xpath","value":"//*[@id=\"application-managesites-display-component---NewSite--addressEditDetailsCostObjectCstType-arrow\"]"}
RESULT: {}
RESULT: {"using":"xpath","value":"//*[@id=\"application-managesites-display-component---NewSite--addressEditDetailsCostObjectCstType-arrow\"]"}
COMMAND: POST /session/a9951698a0529649221826e5653b28bf/element/f.2C8FF78414D0A066996B014FE9210B62.d.005365C5A4D0B0C96012D7792CAB1A39.e.1620/click - {}
RESULT: {}
COMMAND: POST /session/a9951698a0529649221826e5653b28bf/element - {"using":"xpath","value":"//span[contains(text(), \"Work Breakdown Structure\")]"}
COMMAND: GET /session/a9951698a0529649221826e5653b28bf/screenshot - {}
RESULT: {"using":"xpath","value":"//span[contains(text(), \"Work Breakdown Structure\")]"}
COMMAND: POST /session/a9951698a0529649221826e5653b28bf/element/f.2C8FF78414D0A066996B014FE9210B62.d.005365C5A4D0B0C96012D7792CAB1A39.e.1621/click - {}
RESULT: {}
RESULT: {}
COMMAND: GET /session/a9951698a0529649221826e5653b28bf/screenshot - {}
RESULT: {}
COMMAND: POST /session/a9951698a0529649221826e5653b28bf/execute/async - {"script":"<script> [1562 bytes]","args":[{"selector":{"id":"application-managesites-display-component---NewSite--addressNewCostObjectCstID-vhi"},"wdio_ui5_key":"applicationmanagesites-display-component---NewSite--addressNewCostObjectCstID-vhi"}]}
RESULT: {"script":"<script> [1562 bytes]","args":[{"selector":{"id":"application-managesites-display-component---NewSite--addressNewCostObjectCstID-vhi"},"wdio_ui5_key":"applicationmanagesites-display-component---NewSite--addressNewCostObjectCstID-vhi"}]}
RESULT: undefined
COMMAND: POST /session/a9951698a0529649221826e5653b28bf/element - {"using":"xpath","value":"//*[@id=\"application-managesites-display-component---NewSite--addressNewCostObjectCstID-vhi\"]"}
RESULT: {"using":"xpath","value":"//*[@id=\"application-managesites-display-component---NewSite--addressNewCostObjectCstID-vhi\"]"}
COMMAND: POST /session/a9951698a0529649221826e5653b28bf/element/f.2C8FF78414D0A066996B014FE9210B62.d.005365C5A4D0B0C96012D7792CAB1A39.e.1625/click - {}
RESULT: {}
COMMAND: GET /session/a9951698a0529649221826e5653b28bf/screenshot - {}
RESULT: {}
COMMAND: POST /session/a9951698a0529649221826e5653b28bf/execute/async - {"script":"<script> [1562 bytes]","args":[{"selector":{"controlType":"sap.m.SearchField","properties":{"placeholder":"Search"},"searchOpenDialogs":true,"interaction":{"idSuffix":"I"}},"wdio_ui5_key":"sapm.SearchField{\"placeholder\":\"Search\"}"}]}
RESULT: {"script":"<script> [1562 bytes]","args":[{"selector":{"controlType":"sap.m.SearchField","properties":{"placeholder":"Search"},"searchOpenDialogs":true,"interaction":{"idSuffix":"I"}},"wdio_ui5_key":"sapm.SearchField{\"placeholder\":\"Search\"}"}]}
RESULT: undefined
COMMAND: POST /session/a9951698a0529649221826e5653b28bf/execute/async - {"script":"<script> [776 bytes]","args":[{"enterText":"A1-000100-01","selector":{"controlType":"sap.m.SearchField","properties":{"placeholder":"Search"},"searchOpenDialogs":true,"interaction":{"idSuffix":"I"}},"clearTextFirst":true,"interactionType":"ENTER_TEXT"}]}
RESULT: {"script":"<script> [776 bytes]","args":[{"enterText":"A1-000100-01","selector":{"controlType":"sap.m.SearchField","properties":{"placeholder":"Search"},"searchOpenDialogs":true,"interaction":{"idSuffix":"I"}},"clearTextFirst":true,"interactionType":"ENTER_TEXT"}]}
COMMAND: POST /session/a9951698a0529649221826e5653b28bf/actions - {"actions":[{"id":"action3","type":"key","parameters":{},"actions":[{"type":"keyDown","value":"î€‡"},{"type":"pause","duration":10},{"type":"keyUp","value":"î€‡"}]}]}
RESULT: {"actions":[{"id":"action3","type":"key","parameters":{},"actions":[{"type":"keyDown","value":"î€‡"},{"type":"pause","duration":10},{"type":"keyUp","value":"î€‡"}]}]}
COMMAND: GET /session/a9951698a0529649221826e5653b28bf/screenshot - {}
RESULT: {}
COMMAND: POST /session/a9951698a0529649221826e5653b28bf/element - {"using":"xpath","value":"//span[contains(text(), \"Template for ETO-Process\")]"}
RESULT: {"using":"xpath","value":"//span[contains(text(), \"Template for ETO-Process\")]"}
COMMAND: POST /session/a9951698a0529649221826e5653b28bf/element/f.2C8FF78414D0A066996B014FE9210B62.d.005365C5A4D0B0C96012D7792CAB1A39.e.1645/click - {}
RESULT: {}
COMMAND: GET /session/a9951698a0529649221826e5653b28bf/screenshot - {}
RESULT: {}
COMMAND: POST /session/a9951698a0529649221826e5653b28bf/element - {"using":"xpath","value":"//bdi[contains(text(), \"OK\")]"}
RESULT: {"using":"xpath","value":"//bdi[contains(text(), \"OK\")]"}
COMMAND: POST /session/a9951698a0529649221826e5653b28bf/element/f.2C8FF78414D0A066996B014FE9210B62.d.005365C5A4D0B0C96012D7792CAB1A39.e.1646/click - {}
RESULT: {}
COMMAND: GET /session/a9951698a0529649221826e5653b28bf/screenshot - {}
RESULT: {}
COMMAND: POST /session/a9951698a0529649221826e5653b28bf/element - {"using":"xpath","value":"//input[@id=\"application-managesites-display-component---NewSite--addressDetailDetailsYard-inner\"]"}
RESULT: {"using":"xpath","value":"//input[@id=\"application-managesites-display-component---NewSite--addressDetailDetailsYard-inner\"]"}
COMMAND: POST /session/a9951698a0529649221826e5653b28bf/element/f.2C8FF78414D0A066996B014FE9210B62.d.005365C5A4D0B0C96012D7792CAB1A39.e.1426/value - {"text":"WebdriverYardw00l"}
RESULT: {"text":"WebdriverYardw00l"}
COMMAND: GET /session/a9951698a0529649221826e5653b28bf/screenshot - {}
RESULT: {}
COMMAND: POST /session/a9951698a0529649221826e5653b28bf/actions - {"actions":[{"id":"action4","type":"key","parameters":{},"actions":[{"type":"keyDown","value":"î€‡"},{"type":"pause","duration":10},{"type":"keyUp","value":"î€‡"}]}]}
RESULT: {"actions":[{"id":"action4","type":"key","parameters":{},"actions":[{"type":"keyDown","value":"î€‡"},{"type":"pause","duration":10},{"type":"keyUp","value":"î€‡"}]}]}
COMMAND: GET /session/a9951698a0529649221826e5653b28bf/screenshot - {}
RESULT: {}
COMMAND: POST /session/a9951698a0529649221826e5653b28bf/element - {"using":"xpath","value":"//input[@id=\"application-managesites-display-component---NewSite--addressDetailDetailsPartner-inner\"]"}
RESULT: {"using":"xpath","value":"//input[@id=\"application-managesites-display-component---NewSite--addressDetailDetailsPartner-inner\"]"}
COMMAND: POST /session/a9951698a0529649221826e5653b28bf/elements - {"using":"xpath","value":"//input[@id=\"application-managesites-display-component---NewSite--addressDetailDetailsPartner-inner\"]"}
RESULT: {"using":"xpath","value":"//input[@id=\"application-managesites-display-component---NewSite--addressDetailDetailsPartner-inner\"]"}
COMMAND: POST /session/a9951698a0529649221826e5653b28bf/execute/async - {"script":"<script> [1562 bytes]","args":[{"selector":{"controlType":"sap.m.Button","viewName":"etm.portal.ui.managesites.view.NewSmartSite","viewId":"application-managesites-display-component---NewSite","properties":{"text":"Commercial"},"interaction":{"idSuffix":"BDI-content"}},"wdio_ui5_key":"etmportal.ui.managesites.view.NewSmartSitesap.m.Button{\"text\":\"Commercial\"}"}]}
RESULT: {"script":"<script> [1562 bytes]","args":[{"selector":{"controlType":"sap.m.Button","viewName":"etm.portal.ui.managesites.view.NewSmartSite","viewId":"application-managesites-display-component---NewSite","properties":{"text":"Commercial"},"interaction":{"idSuffix":"BDI-content"}},"wdio_ui5_key":"etmportal.ui.managesites.view.NewSmartSitesap.m.Button{\"text\":\"Commercial\"}"}]}
RESULT: undefined
COMMAND: POST /session/a9951698a0529649221826e5653b28bf/element - {"using":"xpath","value":"//*[@id=\"application-managesites-display-component---NewSite--ObjectPageLayout-anchBar-__section5-anchor\"]"}
RESULT: {"using":"xpath","value":"//*[@id=\"application-managesites-display-component---NewSite--ObjectPageLayout-anchBar-__section5-anchor\"]"}
COMMAND: POST /session/a9951698a0529649221826e5653b28bf/element/f.2C8FF78414D0A066996B014FE9210B62.d.005365C5A4D0B0C96012D7792CAB1A39.e.1653/click - {}
RESULT: {}
COMMAND: POST /session/a9951698a0529649221826e5653b28bf/execute/async - {"script":"<script> [1562 bytes]","args":[{"selector":{"controlType":"sap.m.Button","viewName":"etm.portal.ui.managesites.view.NewSmartSite","viewId":"application-managesites-display-component---NewSite","i18NText":{"propertyName":"text","key":"save"},"interaction":{"idSuffix":"BDI-content"}},"wdio_ui5_key":"etmportal.ui.managesites.view.NewSmartSitesap.m.Button{\"propertyName\":\"text\",\"key\":\"save\"}"}]}
COMMAND: GET /session/a9951698a0529649221826e5653b28bf/screenshot - {}
RESULT: {"script":"<script> [1562 bytes]","args":[{"selector":{"controlType":"sap.m.Button","viewName":"etm.portal.ui.managesites.view.NewSmartSite","viewId":"application-managesites-display-component---NewSite","i18NText":{"propertyName":"text","key":"save"},"interaction":{"idSuffix":"BDI-content"}},"wdio_ui5_key":"etmportal.ui.managesites.view.NewSmartSitesap.m.Button{\"propertyName\":\"text\",\"key\":\"save\"}"}]}
RESULT: undefined
COMMAND: POST /session/a9951698a0529649221826e5653b28bf/element - {"using":"xpath","value":"//*[@id=\"__button16\"]"}
RESULT: {}
RESULT: {"using":"xpath","value":"//*[@id=\"__button16\"]"}
COMMAND: POST /session/a9951698a0529649221826e5653b28bf/element/f.2C8FF78414D0A066996B014FE9210B62.d.005365C5A4D0B0C96012D7792CAB1A39.e.1562/click - {}
RESULT: {}
COMMAND: GET /session/a9951698a0529649221826e5653b28bf/screenshot - {}
RESULT: {}
COMMAND: POST /session/a9951698a0529649221826e5653b28bf/execute/async - {"script":"<script> [1562 bytes]","args":[{"selector":{"id":"application-managesites-display-component---detailSite--addressDetailDetailsYardText"},"wdio_ui5_key":"applicationmanagesites-display-component---detailSite--addressDetailDetailsYardText"}]}
RESULT: {"script":"<script> [1562 bytes]","args":[{"selector":{"id":"application-managesites-display-component---detailSite--addressDetailDetailsYardText"},"wdio_ui5_key":"applicationmanagesites-display-component---detailSite--addressDetailDetailsYardText"}]}
RESULT: undefined
COMMAND: POST /session/a9951698a0529649221826e5653b28bf/element - {"using":"xpath","value":"//header/div/div[2]/div[2]/span"}
RESULT: {"using":"xpath","value":"//header/div/div[2]/div[2]/span"}
COMMAND: GET /session/a9951698a0529649221826e5653b28bf/element/f.2C8FF78414D0A066996B014FE9210B62.d.005365C5A4D0B0C96012D7792CAB1A39.e.1855/text - {}
RESULT: {}
COMMAND: POST /session/a9951698a0529649221826e5653b28bf/element - {"using":"xpath","value":"//header/div/div/div/div/div/div[2]/div/span"}
RESULT: {"using":"xpath","value":"//header/div/div/div/div/div/div[2]/div/span"}
COMMAND: GET /session/a9951698a0529649221826e5653b28bf/element/f.2C8FF78414D0A066996B014FE9210B62.d.005365C5A4D0B0C96012D7792CAB1A39.e.1856/text - {}
RESULT: {}
COMMAND: POST /session/a9951698a0529649221826e5653b28bf/element - {"using":"css selector","value":"#shell-header-logo"}
RESULT: {"using":"css selector","value":"#shell-header-logo"}
COMMAND: POST /session/a9951698a0529649221826e5653b28bf/element/f.2C8FF78414D0A066996B014FE9210B62.d.005365C5A4D0B0C96012D7792CAB1A39.e.1187/click - {}
RESULT: {}
COMMAND: GET /session/a9951698a0529649221826e5653b28bf/screenshot - {}
RESULT: {}
COMMAND: POST /session/a9951698a0529649221826e5653b28bf/execute/async - {"script":"<script> [1562 bytes]","args":[{"selector":{"controlType":"sap.m.GenericTile","properties":{"header":"Manage Partners"}},"wdio_ui5_key":"sapm.GenericTile{\"header\":\"Manage Partners\"}"}]}
RESULT: {"script":"<script> [1562 bytes]","args":[{"selector":{"controlType":"sap.m.GenericTile","properties":{"header":"Manage Partners"}},"wdio_ui5_key":"sapm.GenericTile{\"header\":\"Manage Partners\"}"}]}
RESULT: undefined
COMMAND: POST /session/a9951698a0529649221826e5653b28bf/element - {"using":"xpath","value":"//*[@id=\"__tile38\"]"}
RESULT: {"using":"xpath","value":"//*[@id=\"__tile38\"]"}
COMMAND: POST /session/a9951698a0529649221826e5653b28bf/element/f.2C8FF78414D0A066996B014FE9210B62.d.005365C5A4D0B0C96012D7792CAB1A39.e.1858/click - {}
RESULT: {}
COMMAND: GET /session/a9951698a0529649221826e5653b28bf/screenshot - {}
RESULT: {}
COMMAND: POST /session/a9951698a0529649221826e5653b28bf/elements - {"using":"xpath","value":"//span[text()='Error']"}
RESULT: {"using":"xpath","value":"//span[text()='Error']"}
COMMAND: POST /session/a9951698a0529649221826e5653b28bf/execute/async - {"script":"<script> [1562 bytes]","args":[{"selector":{"controlType":"sap.ui.core.Icon","viewName":"etm.portal.ui.managepartners.view.Master","viewId":"application-managepartners-display-component---masterPtm","properties":{"src":{"regex":{"source":"add"}}}},"wdio_ui5_key":"etmportal.ui.managepartners.view.Mastersap.ui.core.Icon{\"src\":{\"regex\":{\"source\":\"add\"}}}"}]}
RESULT: {"script":"<script> [1562 bytes]","args":[{"selector":{"controlType":"sap.ui.core.Icon","viewName":"etm.portal.ui.managepartners.view.Master","viewId":"application-managepartners-display-component---masterPtm","properties":{"src":{"regex":{"source":"add"}}}},"wdio_ui5_key":"etmportal.ui.managepartners.view.Mastersap.ui.core.Icon{\"src\":{\"regex\":{\"source\":\"add\"}}}"}]}
RESULT: undefined
COMMAND: POST /session/a9951698a0529649221826e5653b28bf/element - {"using":"xpath","value":"//*[@id=\"__button56-img\"]"}
RESULT: {"using":"xpath","value":"//*[@id=\"__button56-img\"]"}
COMMAND: POST /session/a9951698a0529649221826e5653b28bf/element/f.2C8FF78414D0A066996B014FE9210B62.d.005365C5A4D0B0C96012D7792CAB1A39.e.1908/click - {}
RESULT: {}
COMMAND: GET /session/a9951698a0529649221826e5653b28bf/screenshot - {}
COMMAND: POST /session/a9951698a0529649221826e5653b28bf/execute/async - {"script":"<script> [1562 bytes]","args":[{"selector":{"id":"application-managepartners-display-component---NewPartner--partnerId","interaction":{"idSuffix":"inner"}},"wdio_ui5_key":"applicationmanagepartners-display-component---NewPartner--partnerId"}]}
RESULT: {}
RESULT: {"script":"<script> [1562 bytes]","args":[{"selector":{"id":"application-managepartners-display-component---NewPartner--partnerId","interaction":{"idSuffix":"inner"}},"wdio_ui5_key":"applicationmanagepartners-display-component---NewPartner--partnerId"}]}
RESULT: undefined
COMMAND: POST /session/a9951698a0529649221826e5653b28bf/execute/async - {"script":"<script> [1562 bytes]","args":[{"selector":{"id":"application-managepartners-display-component---NewPartner--addressDetailDetailsName1","interaction":{"idSuffix":"inner"}},"wdio_ui5_key":"applicationmanagepartners-display-component---NewPartner--addressDetailDetailsName1"}]}
RESULT: {"script":"<script> [1562 bytes]","args":[{"selector":{"id":"application-managepartners-display-component---NewPartner--addressDetailDetailsName1","interaction":{"idSuffix":"inner"}},"wdio_ui5_key":"applicationmanagepartners-display-component---NewPartner--addressDetailDetailsName1"}]}
RESULT: undefined
COMMAND: POST /session/a9951698a0529649221826e5653b28bf/execute/async - {"script":"<script> [776 bytes]","args":[{"enterText":"WebdriverPartnerxlwkt","selector":{"id":"application-managepartners-display-component---NewPartner--addressDetailDetailsName1","interaction":{"idSuffix":"inner"}},"clearTextFirst":true,"interactionType":"ENTER_TEXT"}]}
RESULT: {"script":"<script> [776 bytes]","args":[{"enterText":"WebdriverPartnerxlwkt","selector":{"id":"application-managepartners-display-component---NewPartner--addressDetailDetailsName1","interaction":{"idSuffix":"inner"}},"clearTextFirst":true,"interactionType":"ENTER_TEXT"}]}
COMMAND: POST /session/a9951698a0529649221826e5653b28bf/execute/async - {"script":"<script> [1562 bytes]","args":[{"selector":{"id":"application-managepartners-display-component---NewPartner--addressDetailDetailsLanguage","interaction":{"idSuffix":"inner"}},"wdio_ui5_key":"applicationmanagepartners-display-component---NewPartner--addressDetailDetailsLanguage"}]}
RESULT: {"script":"<script> [1562 bytes]","args":[{"selector":{"id":"application-managepartners-display-component---NewPartner--addressDetailDetailsLanguage","interaction":{"idSuffix":"inner"}},"wdio_ui5_key":"applicationmanagepartners-display-component---NewPartner--addressDetailDetailsLanguage"}]}
RESULT: undefined
COMMAND: POST /session/a9951698a0529649221826e5653b28bf/execute/async - {"script":"<script> [776 bytes]","args":[{"enterText":"Romanian","selector":{"id":"application-managepartners-display-component---NewPartner--addressDetailDetailsLanguage","interaction":{"idSuffix":"inner"}},"clearTextFirst":true,"interactionType":"ENTER_TEXT"}]}
RESULT: {"script":"<script> [776 bytes]","args":[{"enterText":"Romanian","selector":{"id":"application-managepartners-display-component---NewPartner--addressDetailDetailsLanguage","interaction":{"idSuffix":"inner"}},"clearTextFirst":true,"interactionType":"ENTER_TEXT"}]}
COMMAND: POST /session/a9951698a0529649221826e5653b28bf/element - {"using":"xpath","value":"//input[contains(@id ,\"application-managepartners-display-component---NewPartner--addressDetailDetailsName1-inner\")]"}
RESULT: {"using":"xpath","value":"//input[contains(@id ,\"application-managepartners-display-component---NewPartner--addressDetailDetailsName1-inner\")]"}
COMMAND: GET /session/a9951698a0529649221826e5653b28bf/element/f.2C8FF78414D0A066996B014FE9210B62.d.005365C5A4D0B0C96012D7792CAB1A39.e.2095/property/value - {}
RESULT: {}
COMMAND: POST /session/a9951698a0529649221826e5653b28bf/execute/async - {"script":"<script> [1562 bytes]","args":[{"selector":{"id":"application-managepartners-display-component---NewPartner--addressDetailDetailsCity1","interaction":{"idSuffix":"inner"}},"wdio_ui5_key":"applicationmanagepartners-display-component---NewPartner--addressDetailDetailsCity1"}]}
COMMAND: GET /session/a9951698a0529649221826e5653b28bf/screenshot - {}
RESULT: {"script":"<script> [1562 bytes]","args":[{"selector":{"id":"application-managepartners-display-component---NewPartner--addressDetailDetailsCity1","interaction":{"idSuffix":"inner"}},"wdio_ui5_key":"applicationmanagepartners-display-component---NewPartner--addressDetailDetailsCity1"}]}
RESULT: undefined
COMMAND: POST /session/a9951698a0529649221826e5653b28bf/execute/async - {"script":"<script> [776 bytes]","args":[{"enterText":"Bucharest","selector":{"id":"application-managepartners-display-component---NewPartner--addressDetailDetailsCity1","interaction":{"idSuffix":"inner"}},"clearTextFirst":true,"interactionType":"ENTER_TEXT"}]}
RESULT: {}
RESULT: {"script":"<script> [776 bytes]","args":[{"enterText":"Bucharest","selector":{"id":"application-managepartners-display-component---NewPartner--addressDetailDetailsCity1","interaction":{"idSuffix":"inner"}},"clearTextFirst":true,"interactionType":"ENTER_TEXT"}]}
COMMAND: POST /session/a9951698a0529649221826e5653b28bf/execute/async - {"script":"<script> [1562 bytes]","args":[{"selector":{"id":"application-managepartners-display-component---NewPartner--addressDetailDetailsCountry","interaction":{"idSuffix":"inner"}},"wdio_ui5_key":"applicationmanagepartners-display-component---NewPartner--addressDetailDetailsCountry"}]}
RESULT: {"script":"<script> [1562 bytes]","args":[{"selector":{"id":"application-managepartners-display-component---NewPartner--addressDetailDetailsCountry","interaction":{"idSuffix":"inner"}},"wdio_ui5_key":"applicationmanagepartners-display-component---NewPartner--addressDetailDetailsCountry"}]}
RESULT: undefined
COMMAND: POST /session/a9951698a0529649221826e5653b28bf/execute/async - {"script":"<script> [6424 bytes]","args":[{"element-6066-11e4-a52e-4f735466cecf":"f.2C8FF78414D0A066996B014FE9210B62.d.005365C5A4D0B0C96012D7792CAB1A39.e.2102"},"setValue",["Romania"]]}
RESULT: {"script":"<script> [6424 bytes]","args":[{"element-6066-11e4-a52e-4f735466cecf":"f.2C8FF78414D0A066996B014FE9210B62.d.005365C5A4D0B0C96012D7792CAB1A39.e.2102"},"setValue",["Romania"]]}
COMMAND: POST /session/a9951698a0529649221826e5653b28bf/execute/async - {"script":"<script> [1562 bytes]","args":[{"selector":{"id":"application-managepartners-display-component---NewPartner--partnerDetailInternal","interaction":{"idSuffix":"inner"}},"wdio_ui5_key":"applicationmanagepartners-display-component---NewPartner--partnerDetailInternal"}]}
RESULT: {"script":"<script> [1562 bytes]","args":[{"selector":{"id":"application-managepartners-display-component---NewPartner--partnerDetailInternal","interaction":{"idSuffix":"inner"}},"wdio_ui5_key":"applicationmanagepartners-display-component---NewPartner--partnerDetailInternal"}]}
RESULT: undefined
COMMAND: POST /session/a9951698a0529649221826e5653b28bf/execute/async - {"script":"<script> [776 bytes]","args":[{"enterText":"External partner","selector":{"id":"application-managepartners-display-component---NewPartner--partnerDetailInternal","interaction":{"idSuffix":"inner"}},"clearTextFirst":true,"interactionType":"ENTER_TEXT"}]}
RESULT: {"script":"<script> [776 bytes]","args":[{"enterText":"External partner","selector":{"id":"application-managepartners-display-component---NewPartner--partnerDetailInternal","interaction":{"idSuffix":"inner"}},"clearTextFirst":true,"interactionType":"ENTER_TEXT"}]}
COMMAND: POST /session/a9951698a0529649221826e5653b28bf/execute/async - {"script":"<script> [1562 bytes]","args":[{"selector":{"id":"application-managepartners-display-component---NewPartner--partnerDetailsCurrency","interaction":{"idSuffix":"inner"}},"wdio_ui5_key":"applicationmanagepartners-display-component---NewPartner--partnerDetailsCurrency"}]}
RESULT: {"script":"<script> [1562 bytes]","args":[{"selector":{"id":"application-managepartners-display-component---NewPartner--partnerDetailsCurrency","interaction":{"idSuffix":"inner"}},"wdio_ui5_key":"applicationmanagepartners-display-component---NewPartner--partnerDetailsCurrency"}]}
RESULT: undefined
COMMAND: POST /session/a9951698a0529649221826e5653b28bf/execute/async - {"script":"<script> [776 bytes]","args":[{"enterText":"Euro","selector":{"id":"application-managepartners-display-component---NewPartner--partnerDetailsCurrency","interaction":{"idSuffix":"inner"}},"clearTextFirst":true,"interactionType":"ENTER_TEXT"}]}
RESULT: {"script":"<script> [776 bytes]","args":[{"enterText":"Euro","selector":{"id":"application-managepartners-display-component---NewPartner--partnerDetailsCurrency","interaction":{"idSuffix":"inner"}},"clearTextFirst":true,"interactionType":"ENTER_TEXT"}]}
COMMAND: POST /session/a9951698a0529649221826e5653b28bf/execute/async - {"script":"<script> [1562 bytes]","args":[{"selector":{"controlType":"sap.m.Button","viewName":"etm.portal.ui.managepartners.view.NewPartner","viewId":"application-managepartners-display-component---NewPartner","properties":{"text":"Commercial"},"interaction":{"idSuffix":"BDI-content"}},"wdio_ui5_key":"etmportal.ui.managepartners.view.NewPartnersap.m.Button{\"text\":\"Commercial\"}"}]}
RESULT: {"script":"<script> [1562 bytes]","args":[{"selector":{"controlType":"sap.m.Button","viewName":"etm.portal.ui.managepartners.view.NewPartner","viewId":"application-managepartners-display-component---NewPartner","properties":{"text":"Commercial"},"interaction":{"idSuffix":"BDI-content"}},"wdio_ui5_key":"etmportal.ui.managepartners.view.NewPartnersap.m.Button{\"text\":\"Commercial\"}"}]}
RESULT: undefined
COMMAND: POST /session/a9951698a0529649221826e5653b28bf/element - {"using":"xpath","value":"//*[@id=\"application-managepartners-display-component---NewPartner--ObjectPageLayout-anchBar-__section27-anchor\"]"}
RESULT: {"using":"xpath","value":"//*[@id=\"application-managepartners-display-component---NewPartner--ObjectPageLayout-anchBar-__section27-anchor\"]"}
COMMAND: POST /session/a9951698a0529649221826e5653b28bf/element/f.2C8FF78414D0A066996B014FE9210B62.d.005365C5A4D0B0C96012D7792CAB1A39.e.2324/click - {}
RESULT: {}
COMMAND: GET /session/a9951698a0529649221826e5653b28bf/screenshot - {}
RESULT: {}
COMMAND: POST /session/a9951698a0529649221826e5653b28bf/execute/async - {"script":"<script> [1562 bytes]","args":[{"selector":{"id":"application-managepartners-display-component---NewPartner--btnAddTableRow-img"},"wdio_ui5_key":"applicationmanagepartners-display-component---NewPartner--btnAddTableRow-img"}]}
RESULT: {"script":"<script> [1562 bytes]","args":[{"selector":{"id":"application-managepartners-display-component---NewPartner--btnAddTableRow-img"},"wdio_ui5_key":"applicationmanagepartners-display-component---NewPartner--btnAddTableRow-img"}]}
RESULT: undefined
COMMAND: POST /session/a9951698a0529649221826e5653b28bf/element - {"using":"xpath","value":"//*[@id=\"application-managepartners-display-component---NewPartner--btnAddTableRow-img\"]"}
RESULT: {"using":"xpath","value":"//*[@id=\"application-managepartners-display-component---NewPartner--btnAddTableRow-img\"]"}
COMMAND: POST /session/a9951698a0529649221826e5653b28bf/element/f.2C8FF78414D0A066996B014FE9210B62.d.005365C5A4D0B0C96012D7792CAB1A39.e.2330/click - {}
RESULT: undefined
RESULT: undefined
RESULT: undefined
RESULT: undefined
RESULT: {}
COMMAND: POST /session/a9951698a0529649221826e5653b28bf/element - {"using":"xpath","value":"//input[contains(@id ,\"application-managepartners-display-component---NewPartner--assignmentYard-application-managepartners-display-component---NewPartner\")]"}
COMMAND: GET /session/a9951698a0529649221826e5653b28bf/screenshot - {}
RESULT: {"using":"xpath","value":"//input[contains(@id ,\"application-managepartners-display-component---NewPartner--assignmentYard-application-managepartners-display-component---NewPartner\")]"}
COMMAND: POST /session/a9951698a0529649221826e5653b28bf/element/f.2C8FF78414D0A066996B014FE9210B62.d.005365C5A4D0B0C96012D7792CAB1A39.e.2335/clear - {}
RESULT: {}
RESULT: {}
COMMAND: POST /session/a9951698a0529649221826e5653b28bf/element/f.2C8FF78414D0A066996B014FE9210B62.d.005365C5A4D0B0C96012D7792CAB1A39.e.2335/value - {"text":"WebdriverYardw00l"}
COMMAND: GET /session/a9951698a0529649221826e5653b28bf/screenshot - {}
RESULT: {"text":"WebdriverYardw00l"}
COMMAND: GET /session/a9951698a0529649221826e5653b28bf/screenshot - {}
RESULT: {}
RESULT: {}
COMMAND: POST /session/a9951698a0529649221826e5653b28bf/execute/async - {"script":"<script> [1562 bytes]","args":[{"selector":{"controlType":"sap.m.Button","viewName":"etm.portal.ui.managepartners.view.NewPartner","viewId":"application-managepartners-display-component---NewPartner","i18NText":{"propertyName":"text","key":"save"},"interaction":{"idSuffix":"BDI-content"}},"wdio_ui5_key":"etmportal.ui.managepartners.view.NewPartnersap.m.Button{\"propertyName\":\"text\",\"key\":\"save\"}"}]}
RESULT: {"script":"<script> [1562 bytes]","args":[{"selector":{"controlType":"sap.m.Button","viewName":"etm.portal.ui.managepartners.view.NewPartner","viewId":"application-managepartners-display-component---NewPartner","i18NText":{"propertyName":"text","key":"save"},"interaction":{"idSuffix":"BDI-content"}},"wdio_ui5_key":"etmportal.ui.managepartners.view.NewPartnersap.m.Button{\"propertyName\":\"text\",\"key\":\"save\"}"}]}
RESULT: undefined
COMMAND: POST /session/a9951698a0529649221826e5653b28bf/element - {"using":"xpath","value":"//*[@id=\"__button64\"]"}
RESULT: {"using":"xpath","value":"//*[@id=\"__button64\"]"}
COMMAND: POST /session/a9951698a0529649221826e5653b28bf/element/f.2C8FF78414D0A066996B014FE9210B62.d.005365C5A4D0B0C96012D7792CAB1A39.e.2226/click - {}
RESULT: {}
COMMAND: GET /session/a9951698a0529649221826e5653b28bf/screenshot - {}
RESULT: {}
COMMAND: POST /session/a9951698a0529649221826e5653b28bf/element - {"using":"xpath","value":"//header/div/div[2]/div[2]/span"}
RESULT: {"using":"xpath","value":"//header/div/div[2]/div[2]/span"}
COMMAND: GET /session/a9951698a0529649221826e5653b28bf/element/f.2C8FF78414D0A066996B014FE9210B62.d.005365C5A4D0B0C96012D7792CAB1A39.e.2506/text - {}
RESULT: {}
COMMAND: POST /session/a9951698a0529649221826e5653b28bf/element - {"using":"xpath","value":"//header/div/div/div/div/div/div[2]/div/span"}
RESULT: {"using":"xpath","value":"//header/div/div/div/div/div/div[2]/div/span"}
COMMAND: GET /session/a9951698a0529649221826e5653b28bf/element/f.2C8FF78414D0A066996B014FE9210B62.d.005365C5A4D0B0C96012D7792CAB1A39.e.2507/text - {}
RESULT: {}
COMMAND: POST /session/a9951698a0529649221826e5653b28bf/execute/async - {"script":"<script> [1562 bytes]","args":[{"selector":{"id":"application-managepartners-display-component---detailPtm--partnerType"},"wdio_ui5_key":"applicationmanagepartners-display-component---detailPtm--partnerType"}]}
RESULT: {"script":"<script> [1562 bytes]","args":[{"selector":{"id":"application-managepartners-display-component---detailPtm--partnerType"},"wdio_ui5_key":"applicationmanagepartners-display-component---detailPtm--partnerType"}]}
RESULT: undefined
COMMAND: POST /session/a9951698a0529649221826e5653b28bf/execute/async - {"script":"<script> [6424 bytes]","args":[{"element-6066-11e4-a52e-4f735466cecf":"f.2C8FF78414D0A066996B014FE9210B62.d.005365C5A4D0B0C96012D7792CAB1A39.e.2508"},"getText",[]]}
RESULT: {"script":"<script> [6424 bytes]","args":[{"element-6066-11e4-a52e-4f735466cecf":"f.2C8FF78414D0A066996B014FE9210B62.d.005365C5A4D0B0C96012D7792CAB1A39.e.2508"},"getText",[]]}
COMMAND: POST /session/a9951698a0529649221826e5653b28bf/element - {"using":"css selector","value":"#shell-header-logo"}
RESULT: {"using":"css selector","value":"#shell-header-logo"}
COMMAND: POST /session/a9951698a0529649221826e5653b28bf/element/f.2C8FF78414D0A066996B014FE9210B62.d.005365C5A4D0B0C96012D7792CAB1A39.e.1860/click - {}
RESULT: {}
COMMAND: GET /session/a9951698a0529649221826e5653b28bf/screenshot - {}
RESULT: {}
]]></system-out>
    </testcase>
    <testcase classname="chrome.136_0_7103_93.windows.Webshop_-_Hyperlinks_visible_and_working_properly__US139085" name="Should create a new contract" time="106.114">
      <system-out><![CDATA[
COMMAND: POST /session/a9951698a0529649221826e5653b28bf/execute/async - {"script":"<script> [1562 bytes]","args":[{"selector":{"controlType":"sap.m.GenericTile","properties":{"header":"Manage Contracts"}},"wdio_ui5_key":"sapm.GenericTile{\"header\":\"Manage Contracts\"}"}]}
RESULT: {"script":"<script> [1562 bytes]","args":[{"selector":{"controlType":"sap.m.GenericTile","properties":{"header":"Manage Contracts"}},"wdio_ui5_key":"sapm.GenericTile{\"header\":\"Manage Contracts\"}"}]}
RESULT: undefined
COMMAND: POST /session/a9951698a0529649221826e5653b28bf/element - {"using":"xpath","value":"//*[@id=\"__tile130\"]"}
RESULT: {"using":"xpath","value":"//*[@id=\"__tile130\"]"}
COMMAND: POST /session/a9951698a0529649221826e5653b28bf/element/f.2C8FF78414D0A066996B014FE9210B62.d.005365C5A4D0B0C96012D7792CAB1A39.e.2510/click - {}
RESULT: {}
COMMAND: GET /session/a9951698a0529649221826e5653b28bf/screenshot - {}
RESULT: {}
COMMAND: POST /session/a9951698a0529649221826e5653b28bf/elements - {"using":"xpath","value":"//span[text()='Error']"}
RESULT: {"using":"xpath","value":"//span[text()='Error']"}
COMMAND: POST /session/a9951698a0529649221826e5653b28bf/element - {"using":"xpath","value":"//button[@data-kt=\"addButton\"]"}
RESULT: {"using":"xpath","value":"//button[@data-kt=\"addButton\"]"}
COMMAND: POST /session/a9951698a0529649221826e5653b28bf/element/f.2C8FF78414D0A066996B014FE9210B62.d.005365C5A4D0B0C96012D7792CAB1A39.e.2562/click - {}
RESULT: {}
COMMAND: GET /session/a9951698a0529649221826e5653b28bf/screenshot - {}
RESULT: {}
COMMAND: POST /session/a9951698a0529649221826e5653b28bf/execute/async - {"script":"<script> [1562 bytes]","args":[{"selector":{"id":"application-managecontracts-display-component---AddNewContract--projectDescription","interaction":{"idSuffix":"inner"}},"wdio_ui5_key":"applicationmanagecontracts-display-component---AddNewContract--projectDescription"}]}
RESULT: {"script":"<script> [1562 bytes]","args":[{"selector":{"id":"application-managecontracts-display-component---AddNewContract--projectDescription","interaction":{"idSuffix":"inner"}},"wdio_ui5_key":"applicationmanagecontracts-display-component---AddNewContract--projectDescription"}]}
RESULT: undefined
COMMAND: POST /session/a9951698a0529649221826e5653b28bf/execute/async - {"script":"<script> [776 bytes]","args":[{"enterText":"WdIOR2cb26ec","selector":{"id":"application-managecontracts-display-component---AddNewContract--projectDescription","interaction":{"idSuffix":"inner"}},"clearTextFirst":true,"interactionType":"ENTER_TEXT"}]}
RESULT: {"script":"<script> [776 bytes]","args":[{"enterText":"WdIOR2cb26ec","selector":{"id":"application-managecontracts-display-component---AddNewContract--projectDescription","interaction":{"idSuffix":"inner"}},"clearTextFirst":true,"interactionType":"ENTER_TEXT"}]}
COMMAND: POST /session/a9951698a0529649221826e5653b28bf/element - {"using":"xpath","value":"//input[@id=\"application-managecontracts-display-component---AddNewContract--yardId-inner\"]"}
RESULT: {"using":"xpath","value":"//input[@id=\"application-managecontracts-display-component---AddNewContract--yardId-inner\"]"}
COMMAND: POST /session/a9951698a0529649221826e5653b28bf/element/f.2C8FF78414D0A066996B014FE9210B62.d.005365C5A4D0B0C96012D7792CAB1A39.e.2863/clear - {}
RESULT: {}
COMMAND: POST /session/a9951698a0529649221826e5653b28bf/element/f.2C8FF78414D0A066996B014FE9210B62.d.005365C5A4D0B0C96012D7792CAB1A39.e.2863/value - {"text":"WebdriverYardw00l"}
COMMAND: GET /session/a9951698a0529649221826e5653b28bf/screenshot - {}
RESULT: {"text":"WebdriverYardw00l"}
COMMAND: GET /session/a9951698a0529649221826e5653b28bf/screenshot - {}
RESULT: {}
RESULT: {}
COMMAND: POST /session/a9951698a0529649221826e5653b28bf/actions - {"actions":[{"id":"action5","type":"key","parameters":{},"actions":[{"type":"keyDown","value":"î€‡"},{"type":"pause","duration":10},{"type":"keyUp","value":"î€‡"}]}]}
RESULT: {"actions":[{"id":"action5","type":"key","parameters":{},"actions":[{"type":"keyDown","value":"î€‡"},{"type":"pause","duration":10},{"type":"keyUp","value":"î€‡"}]}]}
COMMAND: GET /session/a9951698a0529649221826e5653b28bf/screenshot - {}
RESULT: {}
COMMAND: POST /session/a9951698a0529649221826e5653b28bf/element - {"using":"xpath","value":"//input[@id=\"application-managecontracts-display-component---AddNewContract--customerSelect-inner\"]"}
RESULT: {"using":"xpath","value":"//input[@id=\"application-managecontracts-display-component---AddNewContract--customerSelect-inner\"]"}
COMMAND: POST /session/a9951698a0529649221826e5653b28bf/element/f.2C8FF78414D0A066996B014FE9210B62.d.005365C5A4D0B0C96012D7792CAB1A39.e.2861/clear - {}
RESULT: {}
COMMAND: POST /session/a9951698a0529649221826e5653b28bf/element/f.2C8FF78414D0A066996B014FE9210B62.d.005365C5A4D0B0C96012D7792CAB1A39.e.2861/value - {"text":"WebdriverPartnerxlwkt"}
COMMAND: GET /session/a9951698a0529649221826e5653b28bf/screenshot - {}
RESULT: {"text":"WebdriverPartnerxlwkt"}
COMMAND: GET /session/a9951698a0529649221826e5653b28bf/screenshot - {}
RESULT: {}
RESULT: {}
COMMAND: POST /session/a9951698a0529649221826e5653b28bf/actions - {"actions":[{"id":"action6","type":"key","parameters":{},"actions":[{"type":"keyDown","value":"î€‡"},{"type":"pause","duration":10},{"type":"keyUp","value":"î€‡"}]}]}
RESULT: {"actions":[{"id":"action6","type":"key","parameters":{},"actions":[{"type":"keyDown","value":"î€‡"},{"type":"pause","duration":10},{"type":"keyUp","value":"î€‡"}]}]}
COMMAND: GET /session/a9951698a0529649221826e5653b28bf/screenshot - {}
RESULT: {}
COMMAND: POST /session/a9951698a0529649221826e5653b28bf/element - {"using":"xpath","value":"//input[@id=\"application-managecontracts-display-component---AddNewContract--site-inner\"]"}
RESULT: {"using":"xpath","value":"//input[@id=\"application-managecontracts-display-component---AddNewContract--site-inner\"]"}
COMMAND: POST /session/a9951698a0529649221826e5653b28bf/element/f.2C8FF78414D0A066996B014FE9210B62.d.005365C5A4D0B0C96012D7792CAB1A39.e.2862/clear - {}
RESULT: {}
COMMAND: POST /session/a9951698a0529649221826e5653b28bf/element/f.2C8FF78414D0A066996B014FE9210B62.d.005365C5A4D0B0C96012D7792CAB1A39.e.2862/value - {"text":"WebdriverSiteckga3h"}
COMMAND: GET /session/a9951698a0529649221826e5653b28bf/screenshot - {}
RESULT: {"text":"WebdriverSiteckga3h"}
COMMAND: GET /session/a9951698a0529649221826e5653b28bf/screenshot - {}
RESULT: {}
RESULT: {}
COMMAND: POST /session/a9951698a0529649221826e5653b28bf/actions - {"actions":[{"id":"action7","type":"key","parameters":{},"actions":[{"type":"keyDown","value":"î€‡"},{"type":"pause","duration":10},{"type":"keyUp","value":"î€‡"}]}]}
RESULT: {"actions":[{"id":"action7","type":"key","parameters":{},"actions":[{"type":"keyDown","value":"î€‡"},{"type":"pause","duration":10},{"type":"keyUp","value":"î€‡"}]}]}
COMMAND: GET /session/a9951698a0529649221826e5653b28bf/screenshot - {}
RESULT: {}
COMMAND: POST /session/a9951698a0529649221826e5653b28bf/element - {"using":"xpath","value":"//button[@data-kt=\"saveButton\"]"}
RESULT: {"using":"xpath","value":"//button[@data-kt=\"saveButton\"]"}
COMMAND: POST /session/a9951698a0529649221826e5653b28bf/element/f.2C8FF78414D0A066996B014FE9210B62.d.005365C5A4D0B0C96012D7792CAB1A39.e.2901/click - {}
RESULT: {}
COMMAND: GET /session/a9951698a0529649221826e5653b28bf/screenshot - {}
RESULT: {}
COMMAND: POST /session/a9951698a0529649221826e5653b28bf/execute/async - {"script":"<script> [1562 bytes]","args":[{"selector":{"id":"contractDetailTitleNoExpanded","viewName":"etm.portal.ui.managecontracts.view.Detail"},"wdio_ui5_key":"contractDetailTitleNoExpandedetmportal.ui.managecontracts.view.Detail"}]}
RESULT: {"script":"<script> [1562 bytes]","args":[{"selector":{"id":"contractDetailTitleNoExpanded","viewName":"etm.portal.ui.managecontracts.view.Detail"},"wdio_ui5_key":"contractDetailTitleNoExpandedetmportal.ui.managecontracts.view.Detail"}]}
RESULT: undefined
COMMAND: POST /session/a9951698a0529649221826e5653b28bf/execute/async - {"script":"<script> [6424 bytes]","args":[{"element-6066-11e4-a52e-4f735466cecf":"f.2C8FF78414D0A066996B014FE9210B62.d.005365C5A4D0B0C96012D7792CAB1A39.e.2974"},"getText",[]]}
RESULT: {"script":"<script> [6424 bytes]","args":[{"element-6066-11e4-a52e-4f735466cecf":"f.2C8FF78414D0A066996B014FE9210B62.d.005365C5A4D0B0C96012D7792CAB1A39.e.2974"},"getText",[]]}
COMMAND: POST /session/a9951698a0529649221826e5653b28bf/element - {"using":"css selector","value":"#shell-header-logo"}
RESULT: {"using":"css selector","value":"#shell-header-logo"}
COMMAND: POST /session/a9951698a0529649221826e5653b28bf/element/f.2C8FF78414D0A066996B014FE9210B62.d.005365C5A4D0B0C96012D7792CAB1A39.e.2513/click - {}
RESULT: {}
COMMAND: GET /session/a9951698a0529649221826e5653b28bf/screenshot - {}
]]></system-out>
    </testcase>
    <testcase classname="chrome.136_0_7103_93.windows.Webshop_-_Hyperlinks_visible_and_working_properly__US139085" name="Should create a new webshop request and verify yard hyperlinks" time="220.096">
      <system-out><![CDATA[
COMMAND: POST /session/a9951698a0529649221826e5653b28bf/execute/async - {"script":"<script> [1562 bytes]","args":[{"selector":{"controlType":"sap.m.GenericTile","properties":{"header":"Webshop"}},"wdio_ui5_key":"sapm.GenericTile{\"header\":\"Webshop\"}"}]}
RESULT: {}
RESULT: {"script":"<script> [1562 bytes]","args":[{"selector":{"controlType":"sap.m.GenericTile","properties":{"header":"Webshop"}},"wdio_ui5_key":"sapm.GenericTile{\"header\":\"Webshop\"}"}]}
RESULT: undefined
COMMAND: POST /session/a9951698a0529649221826e5653b28bf/element - {"using":"xpath","value":"//*[@id=\"__tile49\"]"}
RESULT: {"using":"xpath","value":"//*[@id=\"__tile49\"]"}
COMMAND: POST /session/a9951698a0529649221826e5653b28bf/element/f.2C8FF78414D0A066996B014FE9210B62.d.005365C5A4D0B0C96012D7792CAB1A39.e.2977/click - {}
RESULT: {}
COMMAND: GET /session/a9951698a0529649221826e5653b28bf/screenshot - {}
RESULT: {}
COMMAND: POST /session/a9951698a0529649221826e5653b28bf/elements - {"using":"xpath","value":"//span[text()='Error']"}
RESULT: {"using":"xpath","value":"//span[text()='Error']"}
COMMAND: POST /session/a9951698a0529649221826e5653b28bf/element - {"using":"css selector","value":"#requestCreationDialog--createRequestPopUp-title-inner"}
RESULT: {"using":"css selector","value":"#requestCreationDialog--createRequestPopUp-title-inner"}
COMMAND: POST /session/a9951698a0529649221826e5653b28bf/execute/sync - {"script":"<script> [8489 bytes]","args":[{"element-6066-11e4-a52e-4f735466cecf":"f.2C8FF78414D0A066996B014FE9210B62.d.005365C5A4D0B0C96012D7792CAB1A39.e.3006","ELEMENT":"f.2C8FF78414D0A066996B014FE9210B62.d.005365C5A4D0B0C96012D7792CAB1A39.e.3006"}]}
RESULT: {"script":"<script> [8489 bytes]","args":[{"element-6066-11e4-a52e-4f735466cecf":"f.2C8FF78414D0A066996B014FE9210B62.d.005365C5A4D0B0C96012D7792CAB1A39.e.3006","ELEMENT":"f.2C8FF78414D0A066996B014FE9210B62.d.005365C5A4D0B0C96012D7792CAB1A39.e.3006"}]}
COMMAND: GET /session/a9951698a0529649221826e5653b28bf/element/f.2C8FF78414D0A066996B014FE9210B62.d.005365C5A4D0B0C96012D7792CAB1A39.e.3006/enabled - {}
COMMAND: GET /session/a9951698a0529649221826e5653b28bf/screenshot - {}
RESULT: {}
COMMAND: POST /session/a9951698a0529649221826e5653b28bf/execute/async - {"script":"<script> [1562 bytes]","args":[{"selector":{"id":"requestCreationDialog--requestName","searchOpenDialogs":true,"interaction":{"idSuffix":"inner"}},"wdio_ui5_key":"requestCreationDialogrequestName"}]}
COMMAND: GET /session/a9951698a0529649221826e5653b28bf/screenshot - {}
RESULT: {}
RESULT: {"script":"<script> [1562 bytes]","args":[{"selector":{"id":"requestCreationDialog--requestName","searchOpenDialogs":true,"interaction":{"idSuffix":"inner"}},"wdio_ui5_key":"requestCreationDialogrequestName"}]}
RESULT: undefined
COMMAND: POST /session/a9951698a0529649221826e5653b28bf/execute/async - {"script":"<script> [776 bytes]","args":[{"enterText":"WebdriverTest","selector":{"id":"requestCreationDialog--requestName","searchOpenDialogs":true,"interaction":{"idSuffix":"inner"}},"clearTextFirst":true,"interactionType":"ENTER_TEXT"}]}
RESULT: {}
RESULT: {"script":"<script> [776 bytes]","args":[{"enterText":"WebdriverTest","selector":{"id":"requestCreationDialog--requestName","searchOpenDialogs":true,"interaction":{"idSuffix":"inner"}},"clearTextFirst":true,"interactionType":"ENTER_TEXT"}]}
COMMAND: POST /session/a9951698a0529649221826e5653b28bf/element - {"using":"xpath","value":"//input[contains(@id ,\"requestCreationDialog--contract-inner\")]"}
RESULT: {"using":"xpath","value":"//input[contains(@id ,\"requestCreationDialog--contract-inner\")]"}
COMMAND: POST /session/a9951698a0529649221826e5653b28bf/element/f.2C8FF78414D0A066996B014FE9210B62.d.005365C5A4D0B0C96012D7792CAB1A39.e.2991/clear - {}
RESULT: {}
COMMAND: POST /session/a9951698a0529649221826e5653b28bf/element/f.2C8FF78414D0A066996B014FE9210B62.d.005365C5A4D0B0C96012D7792CAB1A39.e.2991/value - {"text":"10206"}
COMMAND: GET /session/a9951698a0529649221826e5653b28bf/screenshot - {}
RESULT: {"text":"10206"}
COMMAND: GET /session/a9951698a0529649221826e5653b28bf/screenshot - {}
RESULT: {}
RESULT: {}
COMMAND: POST /session/a9951698a0529649221826e5653b28bf/actions - {"actions":[{"id":"action8","type":"key","parameters":{},"actions":[{"type":"keyDown","value":"î€‡"},{"type":"pause","duration":10},{"type":"keyUp","value":"î€‡"}]}]}
RESULT: {"actions":[{"id":"action8","type":"key","parameters":{},"actions":[{"type":"keyDown","value":"î€‡"},{"type":"pause","duration":10},{"type":"keyUp","value":"î€‡"}]}]}
COMMAND: GET /session/a9951698a0529649221826e5653b28bf/screenshot - {}
RESULT: {}
RESULT: undefined
COMMAND: POST /session/a9951698a0529649221826e5653b28bf/element - {"using":"xpath","value":"//input[contains(@id ,\"requestCreationDialog--contract-inner\")]"}
RESULT: {"using":"xpath","value":"//input[contains(@id ,\"requestCreationDialog--contract-inner\")]"}
COMMAND: GET /session/a9951698a0529649221826e5653b28bf/element/f.2C8FF78414D0A066996B014FE9210B62.d.005365C5A4D0B0C96012D7792CAB1A39.e.2991/property/value - {}
RESULT: {}
COMMAND: POST /session/a9951698a0529649221826e5653b28bf/element - {"using":"xpath","value":"//input[contains(@id ,\"requestCreationDialog--contract-inner\")]"}
COMMAND: GET /session/a9951698a0529649221826e5653b28bf/screenshot - {}
RESULT: {"using":"xpath","value":"//input[contains(@id ,\"requestCreationDialog--contract-inner\")]"}
COMMAND: POST /session/a9951698a0529649221826e5653b28bf/execute/async - {"script":"<script> [1562 bytes]","args":[{"selector":{"id":"requestCreationDialog--okButton","searchOpenDialogs":true,"interaction":{"idSuffix":"BDI-content"}},"wdio_ui5_key":"requestCreationDialogokButton"}]}
RESULT: {}
RESULT: {"script":"<script> [1562 bytes]","args":[{"selector":{"id":"requestCreationDialog--okButton","searchOpenDialogs":true,"interaction":{"idSuffix":"BDI-content"}},"wdio_ui5_key":"requestCreationDialogokButton"}]}
RESULT: undefined
COMMAND: POST /session/a9951698a0529649221826e5653b28bf/element - {"using":"xpath","value":"//*[@id=\"requestCreationDialog--okButton\"]"}
RESULT: {"using":"xpath","value":"//*[@id=\"requestCreationDialog--okButton\"]"}
COMMAND: POST /session/a9951698a0529649221826e5653b28bf/element/f.2C8FF78414D0A066996B014FE9210B62.d.005365C5A4D0B0C96012D7792CAB1A39.e.3014/click - {}
RESULT: {}
COMMAND: GET /session/a9951698a0529649221826e5653b28bf/screenshot - {}
RESULT: {}
COMMAND: POST /session/a9951698a0529649221826e5653b28bf/element - {"using":"xpath","value":"//input[contains(@id ,\"searchFiledId-I\")]"}
RESULT: {"using":"xpath","value":"//input[contains(@id ,\"searchFiledId-I\")]"}
COMMAND: POST /session/a9951698a0529649221826e5653b28bf/element/f.2C8FF78414D0A066996B014FE9210B62.d.005365C5A4D0B0C96012D7792CAB1A39.e.2983/value - {"text":"Dri-Prime CD150M Diesel Pump"}
RESULT: {"text":"Dri-Prime CD150M Diesel Pump"}
COMMAND: POST /session/a9951698a0529649221826e5653b28bf/actions - {"actions":[{"id":"action9","type":"key","parameters":{},"actions":[{"type":"keyDown","value":"î€‡"},{"type":"pause","duration":10},{"type":"keyUp","value":"î€‡"}]}]}
COMMAND: GET /session/a9951698a0529649221826e5653b28bf/screenshot - {}
RESULT: {"actions":[{"id":"action9","type":"key","parameters":{},"actions":[{"type":"keyDown","value":"î€‡"},{"type":"pause","duration":10},{"type":"keyUp","value":"î€‡"}]}]}
COMMAND: GET /session/a9951698a0529649221826e5653b28bf/screenshot - {}
RESULT: {}
RESULT: {}
COMMAND: POST /session/a9951698a0529649221826e5653b28bf/element - {"using":"xpath","value":"//span[contains(@id ,\"subTitle\")][contains(text(), \"Dri-Prime CD150M Diesel Pump\")]"}
RESULT: {"using":"xpath","value":"//span[contains(@id ,\"subTitle\")][contains(text(), \"Dri-Prime CD150M Diesel Pump\")]"}
COMMAND: POST /session/a9951698a0529649221826e5653b28bf/element/f.2C8FF78414D0A066996B014FE9210B62.d.005365C5A4D0B0C96012D7792CAB1A39.e.3021/click - {}
RESULT: {}
COMMAND: GET /session/a9951698a0529649221826e5653b28bf/screenshot - {}
RESULT: {}
COMMAND: POST /session/a9951698a0529649221826e5653b28bf/execute/async - {"script":"<script> [1562 bytes]","args":[{"selector":{"controlType":"sap.m.Button","viewName":"etm.portal.ui.webshop.view.Homepage","i18NText":{"propertyName":"text","key":"addToRequest"},"interaction":{"idSuffix":"BDI-content"}},"wdio_ui5_key":"etmportal.ui.webshop.view.Homepagesap.m.Button{\"propertyName\":\"text\",\"key\":\"addToRequest\"}"}]}
RESULT: {"script":"<script> [1562 bytes]","args":[{"selector":{"controlType":"sap.m.Button","viewName":"etm.portal.ui.webshop.view.Homepage","i18NText":{"propertyName":"text","key":"addToRequest"},"interaction":{"idSuffix":"BDI-content"}},"wdio_ui5_key":"etmportal.ui.webshop.view.Homepagesap.m.Button{\"propertyName\":\"text\",\"key\":\"addToRequest\"}"}]}
RESULT: undefined
COMMAND: POST /session/a9951698a0529649221826e5653b28bf/element - {"using":"xpath","value":"//*[@id=\"__button122\"]"}
RESULT: {"using":"xpath","value":"//*[@id=\"__button122\"]"}
COMMAND: POST /session/a9951698a0529649221826e5653b28bf/element/f.2C8FF78414D0A066996B014FE9210B62.d.005365C5A4D0B0C96012D7792CAB1A39.e.3034/click - {}
RESULT: {}
COMMAND: GET /session/a9951698a0529649221826e5653b28bf/screenshot - {}
RESULT: {}
COMMAND: POST /session/a9951698a0529649221826e5653b28bf/element - {"using":"xpath","value":"//*[contains(@id ,\"activeCartId-BDI-content\")]"}
RESULT: {"using":"xpath","value":"//*[contains(@id ,\"activeCartId-BDI-content\")]"}
COMMAND: POST /session/a9951698a0529649221826e5653b28bf/element/f.2C8FF78414D0A066996B014FE9210B62.d.005365C5A4D0B0C96012D7792CAB1A39.e.3042/click - {}
RESULT: {}
COMMAND: GET /session/a9951698a0529649221826e5653b28bf/screenshot - {}
RESULT: {}
COMMAND: POST /session/a9951698a0529649221826e5653b28bf/element - {"using":"xpath","value":"//bdi[contains(text(), \"Check out my request\")]"}
RESULT: {"using":"xpath","value":"//bdi[contains(text(), \"Check out my request\")]"}
COMMAND: POST /session/a9951698a0529649221826e5653b28bf/element/f.2C8FF78414D0A066996B014FE9210B62.d.005365C5A4D0B0C96012D7792CAB1A39.e.3044/click - {}
RESULT: {}
COMMAND: GET /session/a9951698a0529649221826e5653b28bf/screenshot - {}
RESULT: {}
COMMAND: POST /session/a9951698a0529649221826e5653b28bf/element - {"using":"xpath","value":"//*[contains(@data-kt ,\"webshopDetailYardLink\")]"}
RESULT: {"using":"xpath","value":"//*[contains(@data-kt ,\"webshopDetailYardLink\")]"}
COMMAND: POST /session/a9951698a0529649221826e5653b28bf/element/f.2C8FF78414D0A066996B014FE9210B62.d.005365C5A4D0B0C96012D7792CAB1A39.e.3104/click - {}
RESULT: {}
COMMAND: POST /session/a9951698a0529649221826e5653b28bf/element - {"using":"xpath","value":"//*[contains(@data-kt ,\"ContextMenuId2Link\")][contains(text(), \"Yard Overview\")]"}
COMMAND: GET /session/a9951698a0529649221826e5653b28bf/screenshot - {}
RESULT: {"using":"xpath","value":"//*[contains(@data-kt ,\"ContextMenuId2Link\")][contains(text(), \"Yard Overview\")]"}
COMMAND: POST /session/a9951698a0529649221826e5653b28bf/execute/sync - {"script":"<script> [8489 bytes]","args":[{"element-6066-11e4-a52e-4f735466cecf":"f.2C8FF78414D0A066996B014FE9210B62.d.005365C5A4D0B0C96012D7792CAB1A39.e.3113","ELEMENT":"f.2C8FF78414D0A066996B014FE9210B62.d.005365C5A4D0B0C96012D7792CAB1A39.e.3113"}]}
COMMAND: POST /session/a9951698a0529649221826e5653b28bf/element - {"using":"xpath","value":"//*[contains(@data-kt ,\"ContextMenuId3Link\")][contains(text(), \"Yard Main Address\")]"}
RESULT: {}
RESULT: {"script":"<script> [8489 bytes]","args":[{"element-6066-11e4-a52e-4f735466cecf":"f.2C8FF78414D0A066996B014FE9210B62.d.005365C5A4D0B0C96012D7792CAB1A39.e.3113","ELEMENT":"f.2C8FF78414D0A066996B014FE9210B62.d.005365C5A4D0B0C96012D7792CAB1A39.e.3113"}]}
COMMAND: GET /session/a9951698a0529649221826e5653b28bf/screenshot - {}
RESULT: {"using":"xpath","value":"//*[contains(@data-kt ,\"ContextMenuId3Link\")][contains(text(), \"Yard Main Address\")]"}
COMMAND: POST /session/a9951698a0529649221826e5653b28bf/execute/sync - {"script":"<script> [8489 bytes]","args":[{"element-6066-11e4-a52e-4f735466cecf":"f.2C8FF78414D0A066996B014FE9210B62.d.005365C5A4D0B0C96012D7792CAB1A39.e.3114","ELEMENT":"f.2C8FF78414D0A066996B014FE9210B62.d.005365C5A4D0B0C96012D7792CAB1A39.e.3114"}]}
COMMAND: POST /session/a9951698a0529649221826e5653b28bf/element - {"using":"xpath","value":"//*[contains(@data-kt ,\"ContextMenuId2Link\")][contains(text(), \"Yard Overview\")]"}
RESULT: {}
RESULT: {"using":"xpath","value":"//*[contains(@data-kt ,\"ContextMenuId2Link\")][contains(text(), \"Yard Overview\")]"}
COMMAND: POST /session/a9951698a0529649221826e5653b28bf/element/f.2C8FF78414D0A066996B014FE9210B62.d.005365C5A4D0B0C96012D7792CAB1A39.e.3113/click - {}
RESULT: {"script":"<script> [8489 bytes]","args":[{"element-6066-11e4-a52e-4f735466cecf":"f.2C8FF78414D0A066996B014FE9210B62.d.005365C5A4D0B0C96012D7792CAB1A39.e.3114","ELEMENT":"f.2C8FF78414D0A066996B014FE9210B62.d.005365C5A4D0B0C96012D7792CAB1A39.e.3114"}]}
COMMAND: GET /session/a9951698a0529649221826e5653b28bf/screenshot - {}
RESULT: {}
COMMAND: GET /session/a9951698a0529649221826e5653b28bf/screenshot - {}
RESULT: {}
RESULT: {}
COMMAND: POST /session/a9951698a0529649221826e5653b28bf/execute/async - {"script":"<script> [1562 bytes]","args":[{"selector":{"id":"shellAppTitle"},"wdio_ui5_key":"shellAppTitle"}]}
RESULT: {"script":"<script> [1562 bytes]","args":[{"selector":{"id":"shellAppTitle"},"wdio_ui5_key":"shellAppTitle"}]}
RESULT: undefined
COMMAND: POST /session/a9951698a0529649221826e5653b28bf/execute/async - {"script":"<script> [6424 bytes]","args":[{"element-6066-11e4-a52e-4f735466cecf":"f.2C8FF78414D0A066996B014FE9210B62.d.005365C5A4D0B0C96012D7792CAB1A39.e.3243"},"getTitle",[]]}
RESULT: {"script":"<script> [6424 bytes]","args":[{"element-6066-11e4-a52e-4f735466cecf":"f.2C8FF78414D0A066996B014FE9210B62.d.005365C5A4D0B0C96012D7792CAB1A39.e.3243"},"getTitle",[]]}
COMMAND: POST /session/a9951698a0529649221826e5653b28bf/element - {"using":"xpath","value":"//span[contains(@id ,\"title\")][contains(text(), \"WebdriverYardw00l\")]"}
RESULT: {"using":"xpath","value":"//span[contains(@id ,\"title\")][contains(text(), \"WebdriverYardw00l\")]"}
COMMAND: POST /session/a9951698a0529649221826e5653b28bf/execute/sync - {"script":"<script> [8489 bytes]","args":[{"element-6066-11e4-a52e-4f735466cecf":"f.2C8FF78414D0A066996B014FE9210B62.d.005365C5A4D0B0C96012D7792CAB1A39.e.3244","ELEMENT":"f.2C8FF78414D0A066996B014FE9210B62.d.005365C5A4D0B0C96012D7792CAB1A39.e.3244"}]}
COMMAND: POST /session/a9951698a0529649221826e5653b28bf/execute/async - {"script":"<script> [1562 bytes]","args":[{"selector":{"id":"backBtn"},"wdio_ui5_key":"backBtn"}]}
RESULT: {"script":"<script> [1562 bytes]","args":[{"selector":{"id":"backBtn"},"wdio_ui5_key":"backBtn"}]}
RESULT: undefined
COMMAND: POST /session/a9951698a0529649221826e5653b28bf/element - {"using":"xpath","value":"//*[@id=\"backBtn\"]"}
RESULT: {"script":"<script> [8489 bytes]","args":[{"element-6066-11e4-a52e-4f735466cecf":"f.2C8FF78414D0A066996B014FE9210B62.d.005365C5A4D0B0C96012D7792CAB1A39.e.3244","ELEMENT":"f.2C8FF78414D0A066996B014FE9210B62.d.005365C5A4D0B0C96012D7792CAB1A39.e.3244"}]}
COMMAND: GET /session/a9951698a0529649221826e5653b28bf/screenshot - {}
RESULT: {"using":"xpath","value":"//*[@id=\"backBtn\"]"}
COMMAND: POST /session/a9951698a0529649221826e5653b28bf/element/f.2C8FF78414D0A066996B014FE9210B62.d.005365C5A4D0B0C96012D7792CAB1A39.e.3245/click - {}
RESULT: {}
COMMAND: POST /session/a9951698a0529649221826e5653b28bf/execute/sync - {"script":"<script> [8489 bytes]","args":[{"element-6066-11e4-a52e-4f735466cecf":"f.2C8FF78414D0A066996B014FE9210B62.d.005365C5A4D0B0C96012D7792CAB1A39.e.3244","ELEMENT":"f.2C8FF78414D0A066996B014FE9210B62.d.005365C5A4D0B0C96012D7792CAB1A39.e.3244"}]}
RESULT: {}
COMMAND: GET /session/a9951698a0529649221826e5653b28bf/screenshot - {}
COMMAND: POST /session/a9951698a0529649221826e5653b28bf/element - {"using":"xpath","value":"//span[contains(@id ,\"title\")][contains(text(), \"WebdriverYardw00l\")]"}
RESULT: {}
RESULT: {"using":"xpath","value":"//span[contains(@id ,\"title\")][contains(text(), \"WebdriverYardw00l\")]"}
COMMAND: POST /session/a9951698a0529649221826e5653b28bf/element - {"using":"xpath","value":"//span[contains(@id ,\"title\")][contains(text(), \"WebdriverYardw00l\")]"}
RESULT: {"using":"xpath","value":"//span[contains(@id ,\"title\")][contains(text(), \"WebdriverYardw00l\")]"}
COMMAND: POST /session/a9951698a0529649221826e5653b28bf/element - {"using":"xpath","value":"//span[contains(@id ,\"title\")][contains(text(), \"WebdriverYardw00l\")]"}
RESULT: {"using":"xpath","value":"//span[contains(@id ,\"title\")][contains(text(), \"WebdriverYardw00l\")]"}
COMMAND: POST /session/a9951698a0529649221826e5653b28bf/element - {"using":"xpath","value":"//span[contains(@id ,\"title\")][contains(text(), \"WebdriverYardw00l\")]"}
RESULT: {"using":"xpath","value":"//span[contains(@id ,\"title\")][contains(text(), \"WebdriverYardw00l\")]"}
COMMAND: POST /session/a9951698a0529649221826e5653b28bf/element - {"using":"xpath","value":"//span[contains(@id ,\"title\")][contains(text(), \"WebdriverYardw00l\")]"}
RESULT: {"using":"xpath","value":"//span[contains(@id ,\"title\")][contains(text(), \"WebdriverYardw00l\")]"}
COMMAND: POST /session/a9951698a0529649221826e5653b28bf/element - {"using":"xpath","value":"//span[contains(@id ,\"title\")][contains(text(), \"WebdriverYardw00l\")]"}
RESULT: {"using":"xpath","value":"//span[contains(@id ,\"title\")][contains(text(), \"WebdriverYardw00l\")]"}
COMMAND: POST /session/a9951698a0529649221826e5653b28bf/element - {"using":"xpath","value":"//span[contains(@id ,\"title\")][contains(text(), \"WebdriverYardw00l\")]"}
RESULT: {"using":"xpath","value":"//span[contains(@id ,\"title\")][contains(text(), \"WebdriverYardw00l\")]"}
COMMAND: POST /session/a9951698a0529649221826e5653b28bf/element - {"using":"xpath","value":"//span[contains(@id ,\"title\")][contains(text(), \"WebdriverYardw00l\")]"}
RESULT: {"using":"xpath","value":"//span[contains(@id ,\"title\")][contains(text(), \"WebdriverYardw00l\")]"}
COMMAND: POST /session/a9951698a0529649221826e5653b28bf/element - {"using":"xpath","value":"//span[contains(@id ,\"title\")][contains(text(), \"WebdriverYardw00l\")]"}
RESULT: {"using":"xpath","value":"//span[contains(@id ,\"title\")][contains(text(), \"WebdriverYardw00l\")]"}
COMMAND: POST /session/a9951698a0529649221826e5653b28bf/element - {"using":"xpath","value":"//span[contains(@id ,\"title\")][contains(text(), \"WebdriverYardw00l\")]"}
RESULT: {"using":"xpath","value":"//span[contains(@id ,\"title\")][contains(text(), \"WebdriverYardw00l\")]"}
COMMAND: POST /session/a9951698a0529649221826e5653b28bf/element - {"using":"xpath","value":"//span[contains(@id ,\"title\")][contains(text(), \"WebdriverYardw00l\")]"}
RESULT: {"using":"xpath","value":"//span[contains(@id ,\"title\")][contains(text(), \"WebdriverYardw00l\")]"}
COMMAND: POST /session/a9951698a0529649221826e5653b28bf/element - {"using":"xpath","value":"//span[contains(@id ,\"title\")][contains(text(), \"WebdriverYardw00l\")]"}
RESULT: {"using":"xpath","value":"//span[contains(@id ,\"title\")][contains(text(), \"WebdriverYardw00l\")]"}
COMMAND: POST /session/a9951698a0529649221826e5653b28bf/element - {"using":"xpath","value":"//span[contains(@id ,\"title\")][contains(text(), \"WebdriverYardw00l\")]"}
RESULT: {"using":"xpath","value":"//span[contains(@id ,\"title\")][contains(text(), \"WebdriverYardw00l\")]"}
COMMAND: POST /session/a9951698a0529649221826e5653b28bf/element - {"using":"xpath","value":"//span[contains(@id ,\"title\")][contains(text(), \"WebdriverYardw00l\")]"}
RESULT: {"using":"xpath","value":"//span[contains(@id ,\"title\")][contains(text(), \"WebdriverYardw00l\")]"}
COMMAND: POST /session/a9951698a0529649221826e5653b28bf/element - {"using":"xpath","value":"//span[contains(@id ,\"title\")][contains(text(), \"WebdriverYardw00l\")]"}
RESULT: {"using":"xpath","value":"//span[contains(@id ,\"title\")][contains(text(), \"WebdriverYardw00l\")]"}
COMMAND: POST /session/a9951698a0529649221826e5653b28bf/element - {"using":"xpath","value":"//span[contains(@id ,\"title\")][contains(text(), \"WebdriverYardw00l\")]"}
RESULT: {"using":"xpath","value":"//span[contains(@id ,\"title\")][contains(text(), \"WebdriverYardw00l\")]"}
COMMAND: POST /session/a9951698a0529649221826e5653b28bf/element - {"using":"xpath","value":"//span[contains(@id ,\"title\")][contains(text(), \"WebdriverYardw00l\")]"}
RESULT: {"using":"xpath","value":"//span[contains(@id ,\"title\")][contains(text(), \"WebdriverYardw00l\")]"}
COMMAND: POST /session/a9951698a0529649221826e5653b28bf/element - {"using":"xpath","value":"//span[contains(@id ,\"title\")][contains(text(), \"WebdriverYardw00l\")]"}
RESULT: {"using":"xpath","value":"//span[contains(@id ,\"title\")][contains(text(), \"WebdriverYardw00l\")]"}
COMMAND: POST /session/a9951698a0529649221826e5653b28bf/element - {"using":"xpath","value":"//span[contains(@id ,\"title\")][contains(text(), \"WebdriverYardw00l\")]"}
RESULT: {"using":"xpath","value":"//span[contains(@id ,\"title\")][contains(text(), \"WebdriverYardw00l\")]"}
COMMAND: POST /session/a9951698a0529649221826e5653b28bf/element - {"using":"xpath","value":"//span[contains(@id ,\"title\")][contains(text(), \"WebdriverYardw00l\")]"}
RESULT: {"using":"xpath","value":"//span[contains(@id ,\"title\")][contains(text(), \"WebdriverYardw00l\")]"}
COMMAND: POST /session/a9951698a0529649221826e5653b28bf/element - {"using":"xpath","value":"//*[contains(@data-kt ,\"webshopDetailYardLink\")]"}
RESULT: {"using":"xpath","value":"//*[contains(@data-kt ,\"webshopDetailYardLink\")]"}
COMMAND: POST /session/a9951698a0529649221826e5653b28bf/execute/sync - {"script":"<script> [8489 bytes]","args":[{"element-6066-11e4-a52e-4f735466cecf":"f.2C8FF78414D0A066996B014FE9210B62.d.005365C5A4D0B0C96012D7792CAB1A39.e.3392","ELEMENT":"f.2C8FF78414D0A066996B014FE9210B62.d.005365C5A4D0B0C96012D7792CAB1A39.e.3392"}]}
RESULT: {"script":"<script> [8489 bytes]","args":[{"element-6066-11e4-a52e-4f735466cecf":"f.2C8FF78414D0A066996B014FE9210B62.d.005365C5A4D0B0C96012D7792CAB1A39.e.3392","ELEMENT":"f.2C8FF78414D0A066996B014FE9210B62.d.005365C5A4D0B0C96012D7792CAB1A39.e.3392"}]}
COMMAND: POST /session/a9951698a0529649221826e5653b28bf/execute/sync - {"script":"<script> [5351 bytes]","args":[{"element-6066-11e4-a52e-4f735466cecf":"f.2C8FF78414D0A066996B014FE9210B62.d.005365C5A4D0B0C96012D7792CAB1A39.e.3392","ELEMENT":"f.2C8FF78414D0A066996B014FE9210B62.d.005365C5A4D0B0C96012D7792CAB1A39.e.3392"}]}
COMMAND: GET /session/a9951698a0529649221826e5653b28bf/screenshot - {}
RESULT: {"script":"<script> [5351 bytes]","args":[{"element-6066-11e4-a52e-4f735466cecf":"f.2C8FF78414D0A066996B014FE9210B62.d.005365C5A4D0B0C96012D7792CAB1A39.e.3392","ELEMENT":"f.2C8FF78414D0A066996B014FE9210B62.d.005365C5A4D0B0C96012D7792CAB1A39.e.3392"}]}
COMMAND: POST /session/a9951698a0529649221826e5653b28bf/element - {"using":"xpath","value":"//*[contains(@data-kt ,\"webshopDetailYardLink\")]"}
COMMAND: GET /session/a9951698a0529649221826e5653b28bf/screenshot - {}
COMMAND: POST /session/a9951698a0529649221826e5653b28bf/element - {"using":"xpath","value":"//span[contains(@id ,\"title\")][contains(text(), \"WebdriverYardw00l\")]"}
RESULT: {}
RESULT: {"using":"xpath","value":"//*[contains(@data-kt ,\"webshopDetailYardLink\")]"}
COMMAND: POST /session/a9951698a0529649221826e5653b28bf/element/f.2C8FF78414D0A066996B014FE9210B62.d.005365C5A4D0B0C96012D7792CAB1A39.e.3392/click - {}
RESULT: {}
RESULT: {"using":"xpath","value":"//span[contains(@id ,\"title\")][contains(text(), \"WebdriverYardw00l\")]"}
RESULT: {}
COMMAND: GET /session/a9951698a0529649221826e5653b28bf/screenshot - {}
RESULT: {}
COMMAND: POST /session/a9951698a0529649221826e5653b28bf/element - {"using":"xpath","value":"//span[contains(@id ,\"title\")][contains(text(), \"WebdriverYardw00l\")]"}
RESULT: {"using":"xpath","value":"//span[contains(@id ,\"title\")][contains(text(), \"WebdriverYardw00l\")]"}
COMMAND: POST /session/a9951698a0529649221826e5653b28bf/execute/sync - {"script":"<script> [8489 bytes]","args":[{"element-6066-11e4-a52e-4f735466cecf":"f.2C8FF78414D0A066996B014FE9210B62.d.005365C5A4D0B0C96012D7792CAB1A39.e.3394","ELEMENT":"f.2C8FF78414D0A066996B014FE9210B62.d.005365C5A4D0B0C96012D7792CAB1A39.e.3394"}]}
RESULT: {"script":"<script> [8489 bytes]","args":[{"element-6066-11e4-a52e-4f735466cecf":"f.2C8FF78414D0A066996B014FE9210B62.d.005365C5A4D0B0C96012D7792CAB1A39.e.3394","ELEMENT":"f.2C8FF78414D0A066996B014FE9210B62.d.005365C5A4D0B0C96012D7792CAB1A39.e.3394"}]}
COMMAND: GET /session/a9951698a0529649221826e5653b28bf/screenshot - {}
RESULT: {}
COMMAND: POST /session/a9951698a0529649221826e5653b28bf/element - {"using":"xpath","value":"//*[contains(@data-kt ,\"ContextMenuId3Link\")][contains(text(), \"Yard Main Address\")]"}
RESULT: {"using":"xpath","value":"//*[contains(@data-kt ,\"ContextMenuId3Link\")][contains(text(), \"Yard Main Address\")]"}
COMMAND: POST /session/a9951698a0529649221826e5653b28bf/element/f.2C8FF78414D0A066996B014FE9210B62.d.005365C5A4D0B0C96012D7792CAB1A39.e.3395/click - {}
RESULT: {}
COMMAND: GET /session/a9951698a0529649221826e5653b28bf/screenshot - {}
RESULT: {}
COMMAND: POST /session/a9951698a0529649221826e5653b28bf/execute/async - {"script":"<script> [1562 bytes]","args":[{"selector":{"id":"application-addressmanagement-display-component---masterAdm--title1"},"wdio_ui5_key":"applicationaddressmanagement-display-component---masterAdm--title1"}]}
RESULT: {"script":"<script> [1562 bytes]","args":[{"selector":{"id":"application-addressmanagement-display-component---masterAdm--title1"},"wdio_ui5_key":"applicationaddressmanagement-display-component---masterAdm--title1"}]}
RESULT: undefined
COMMAND: POST /session/a9951698a0529649221826e5653b28bf/execute/async - {"script":"<script> [6424 bytes]","args":[{"element-6066-11e4-a52e-4f735466cecf":"f.2C8FF78414D0A066996B014FE9210B62.d.005365C5A4D0B0C96012D7792CAB1A39.e.3610"},"getText",[]]}
RESULT: {"script":"<script> [6424 bytes]","args":[{"element-6066-11e4-a52e-4f735466cecf":"f.2C8FF78414D0A066996B014FE9210B62.d.005365C5A4D0B0C96012D7792CAB1A39.e.3610"},"getText",[]]}
COMMAND: POST /session/a9951698a0529649221826e5653b28bf/element - {"using":"xpath","value":"//span[contains(text(), \"WebdriverYardjjtihg\")][contains(@id ,\"application-addressmanagement-display-component---detailAdm--addressDetailDetailsName1\")]"}
RESULT: {"using":"xpath","value":"//span[contains(text(), \"WebdriverYardjjtihg\")][contains(@id ,\"application-addressmanagement-display-component---detailAdm--addressDetailDetailsName1\")]"}
COMMAND: POST /session/a9951698a0529649221826e5653b28bf/element - {"using":"xpath","value":"//span[contains(text(), \"WebdriverYardjjtihg\")][contains(@id ,\"application-addressmanagement-display-component---detailAdm--addressDetailDetailsName1\")]"}
RESULT: undefined
COMMAND: POST /session/a9951698a0529649221826e5653b28bf/element - {"using":"xpath","value":"//*[@id=\"backBtn\"]"}
RESULT: {"using":"xpath","value":"//span[contains(text(), \"WebdriverYardjjtihg\")][contains(@id ,\"application-addressmanagement-display-component---detailAdm--addressDetailDetailsName1\")]"}
RESULT: {"using":"xpath","value":"//*[@id=\"backBtn\"]"}
COMMAND: POST /session/a9951698a0529649221826e5653b28bf/element/f.2C8FF78414D0A066996B014FE9210B62.d.005365C5A4D0B0C96012D7792CAB1A39.e.3245/click - {}
RESULT: {}
COMMAND: GET /session/a9951698a0529649221826e5653b28bf/screenshot - {}
COMMAND: POST /session/a9951698a0529649221826e5653b28bf/element - {"using":"xpath","value":"//span[contains(text(), \"WebdriverYardjjtihg\")][contains(@id ,\"application-addressmanagement-display-component---detailAdm--addressDetailDetailsName1\")]"}
RESULT: {}
RESULT: {"using":"xpath","value":"//span[contains(text(), \"WebdriverYardjjtihg\")][contains(@id ,\"application-addressmanagement-display-component---detailAdm--addressDetailDetailsName1\")]"}
COMMAND: POST /session/a9951698a0529649221826e5653b28bf/element - {"using":"xpath","value":"//span[contains(text(), \"WebdriverYardjjtihg\")][contains(@id ,\"application-addressmanagement-display-component---detailAdm--addressDetailDetailsName1\")]"}
RESULT: {"using":"xpath","value":"//span[contains(text(), \"WebdriverYardjjtihg\")][contains(@id ,\"application-addressmanagement-display-component---detailAdm--addressDetailDetailsName1\")]"}
COMMAND: POST /session/a9951698a0529649221826e5653b28bf/element - {"using":"xpath","value":"//span[contains(text(), \"WebdriverYardjjtihg\")][contains(@id ,\"application-addressmanagement-display-component---detailAdm--addressDetailDetailsName1\")]"}
RESULT: {"using":"xpath","value":"//span[contains(text(), \"WebdriverYardjjtihg\")][contains(@id ,\"application-addressmanagement-display-component---detailAdm--addressDetailDetailsName1\")]"}
COMMAND: POST /session/a9951698a0529649221826e5653b28bf/element - {"using":"xpath","value":"//span[contains(text(), \"WebdriverYardjjtihg\")][contains(@id ,\"application-addressmanagement-display-component---detailAdm--addressDetailDetailsName1\")]"}
RESULT: {"using":"xpath","value":"//span[contains(text(), \"WebdriverYardjjtihg\")][contains(@id ,\"application-addressmanagement-display-component---detailAdm--addressDetailDetailsName1\")]"}
COMMAND: POST /session/a9951698a0529649221826e5653b28bf/element - {"using":"xpath","value":"//span[contains(text(), \"WebdriverYardjjtihg\")][contains(@id ,\"application-addressmanagement-display-component---detailAdm--addressDetailDetailsName1\")]"}
RESULT: {"using":"xpath","value":"//span[contains(text(), \"WebdriverYardjjtihg\")][contains(@id ,\"application-addressmanagement-display-component---detailAdm--addressDetailDetailsName1\")]"}
COMMAND: POST /session/a9951698a0529649221826e5653b28bf/element - {"using":"xpath","value":"//span[contains(text(), \"WebdriverYardjjtihg\")][contains(@id ,\"application-addressmanagement-display-component---detailAdm--addressDetailDetailsName1\")]"}
RESULT: {"using":"xpath","value":"//span[contains(text(), \"WebdriverYardjjtihg\")][contains(@id ,\"application-addressmanagement-display-component---detailAdm--addressDetailDetailsName1\")]"}
COMMAND: POST /session/a9951698a0529649221826e5653b28bf/element - {"using":"xpath","value":"//span[contains(text(), \"WebdriverYardjjtihg\")][contains(@id ,\"application-addressmanagement-display-component---detailAdm--addressDetailDetailsName1\")]"}
RESULT: {"using":"xpath","value":"//span[contains(text(), \"WebdriverYardjjtihg\")][contains(@id ,\"application-addressmanagement-display-component---detailAdm--addressDetailDetailsName1\")]"}
COMMAND: POST /session/a9951698a0529649221826e5653b28bf/element - {"using":"xpath","value":"//span[contains(text(), \"WebdriverYardjjtihg\")][contains(@id ,\"application-addressmanagement-display-component---detailAdm--addressDetailDetailsName1\")]"}
RESULT: {"using":"xpath","value":"//span[contains(text(), \"WebdriverYardjjtihg\")][contains(@id ,\"application-addressmanagement-display-component---detailAdm--addressDetailDetailsName1\")]"}
COMMAND: POST /session/a9951698a0529649221826e5653b28bf/element - {"using":"xpath","value":"//span[contains(text(), \"WebdriverYardjjtihg\")][contains(@id ,\"application-addressmanagement-display-component---detailAdm--addressDetailDetailsName1\")]"}
RESULT: {"using":"xpath","value":"//span[contains(text(), \"WebdriverYardjjtihg\")][contains(@id ,\"application-addressmanagement-display-component---detailAdm--addressDetailDetailsName1\")]"}
COMMAND: POST /session/a9951698a0529649221826e5653b28bf/execute/sync - {"script":"<script> [8489 bytes]","args":[{"element-6066-11e4-a52e-4f735466cecf":"f.2C8FF78414D0A066996B014FE9210B62.d.005365C5A4D0B0C96012D7792CAB1A39.e.3392","ELEMENT":"f.2C8FF78414D0A066996B014FE9210B62.d.005365C5A4D0B0C96012D7792CAB1A39.e.3392"}]}
COMMAND: POST /session/a9951698a0529649221826e5653b28bf/element - {"using":"xpath","value":"//*[contains(@data-kt ,\"webshopDetailYardLink\")]"}
RESULT: {"using":"xpath","value":"//*[contains(@data-kt ,\"webshopDetailYardLink\")]"}
COMMAND: POST /session/a9951698a0529649221826e5653b28bf/execute/sync - {"script":"<script> [8489 bytes]","args":[{"element-6066-11e4-a52e-4f735466cecf":"f.2C8FF78414D0A066996B014FE9210B62.d.005365C5A4D0B0C96012D7792CAB1A39.e.3755","ELEMENT":"f.2C8FF78414D0A066996B014FE9210B62.d.005365C5A4D0B0C96012D7792CAB1A39.e.3755"}]}
RESULT: {"script":"<script> [8489 bytes]","args":[{"element-6066-11e4-a52e-4f735466cecf":"f.2C8FF78414D0A066996B014FE9210B62.d.005365C5A4D0B0C96012D7792CAB1A39.e.3755","ELEMENT":"f.2C8FF78414D0A066996B014FE9210B62.d.005365C5A4D0B0C96012D7792CAB1A39.e.3755"}]}
COMMAND: POST /session/a9951698a0529649221826e5653b28bf/execute/sync - {"script":"<script> [5351 bytes]","args":[{"element-6066-11e4-a52e-4f735466cecf":"f.2C8FF78414D0A066996B014FE9210B62.d.005365C5A4D0B0C96012D7792CAB1A39.e.3755","ELEMENT":"f.2C8FF78414D0A066996B014FE9210B62.d.005365C5A4D0B0C96012D7792CAB1A39.e.3755"}]}
COMMAND: GET /session/a9951698a0529649221826e5653b28bf/screenshot - {}
RESULT: {"script":"<script> [5351 bytes]","args":[{"element-6066-11e4-a52e-4f735466cecf":"f.2C8FF78414D0A066996B014FE9210B62.d.005365C5A4D0B0C96012D7792CAB1A39.e.3755","ELEMENT":"f.2C8FF78414D0A066996B014FE9210B62.d.005365C5A4D0B0C96012D7792CAB1A39.e.3755"}]}
COMMAND: POST /session/a9951698a0529649221826e5653b28bf/element - {"using":"xpath","value":"//*[contains(@data-kt ,\"webshopDetailYardLink\")]"}
COMMAND: GET /session/a9951698a0529649221826e5653b28bf/screenshot - {}
COMMAND: POST /session/a9951698a0529649221826e5653b28bf/element - {"using":"xpath","value":"//span[contains(text(), \"WebdriverYardjjtihg\")][contains(@id ,\"application-addressmanagement-display-component---detailAdm--addressDetailDetailsName1\")]"}
RESULT: {}
RESULT: {"using":"xpath","value":"//*[contains(@data-kt ,\"webshopDetailYardLink\")]"}
COMMAND: POST /session/a9951698a0529649221826e5653b28bf/element/f.2C8FF78414D0A066996B014FE9210B62.d.005365C5A4D0B0C96012D7792CAB1A39.e.3755/click - {}
RESULT: {}
RESULT: {"using":"xpath","value":"//span[contains(text(), \"WebdriverYardjjtihg\")][contains(@id ,\"application-addressmanagement-display-component---detailAdm--addressDetailDetailsName1\")]"}
RESULT: {}
COMMAND: GET /session/a9951698a0529649221826e5653b28bf/screenshot - {}
RESULT: {}
COMMAND: POST /session/a9951698a0529649221826e5653b28bf/element - {"using":"xpath","value":"//span[contains(text(), \"WebdriverYardjjtihg\")][contains(@id ,\"application-addressmanagement-display-component---detailAdm--addressDetailDetailsName1\")]"}
RESULT: {"using":"xpath","value":"//span[contains(text(), \"WebdriverYardjjtihg\")][contains(@id ,\"application-addressmanagement-display-component---detailAdm--addressDetailDetailsName1\")]"}
COMMAND: POST /session/a9951698a0529649221826e5653b28bf/element - {"using":"xpath","value":"//span[contains(text(), \"WebdriverYardjjtihg\")][contains(@id ,\"application-addressmanagement-display-component---detailAdm--addressDetailDetailsName1\")]"}
RESULT: {"using":"xpath","value":"//span[contains(text(), \"WebdriverYardjjtihg\")][contains(@id ,\"application-addressmanagement-display-component---detailAdm--addressDetailDetailsName1\")]"}
COMMAND: POST /session/a9951698a0529649221826e5653b28bf/element - {"using":"xpath","value":"//span[contains(text(), \"WebdriverYardjjtihg\")][contains(@id ,\"application-addressmanagement-display-component---detailAdm--addressDetailDetailsName1\")]"}
RESULT: {"using":"xpath","value":"//span[contains(text(), \"WebdriverYardjjtihg\")][contains(@id ,\"application-addressmanagement-display-component---detailAdm--addressDetailDetailsName1\")]"}
COMMAND: POST /session/a9951698a0529649221826e5653b28bf/element - {"using":"xpath","value":"//button[contains(@data-kt ,\"ContextMenuExternalId2Link\")]"}
RESULT: {"using":"xpath","value":"//button[contains(@data-kt ,\"ContextMenuExternalId2Link\")]"}
COMMAND: POST /session/a9951698a0529649221826e5653b28bf/element/f.2C8FF78414D0A066996B014FE9210B62.d.005365C5A4D0B0C96012D7792CAB1A39.e.3757/click - {}
COMMAND: POST /session/a9951698a0529649221826e5653b28bf/element - {"using":"xpath","value":"//span[contains(text(), \"WebdriverYardjjtihg\")][contains(@id ,\"application-addressmanagement-display-component---detailAdm--addressDetailDetailsName1\")]"}
RESULT: {}
COMMAND: GET /session/a9951698a0529649221826e5653b28bf/screenshot - {}
RESULT: {"using":"xpath","value":"//span[contains(text(), \"WebdriverYardjjtihg\")][contains(@id ,\"application-addressmanagement-display-component---detailAdm--addressDetailDetailsName1\")]"}
RESULT: {}
COMMAND: POST /session/a9951698a0529649221826e5653b28bf/element - {"using":"xpath","value":"//span[contains(text(), \"WebdriverYardjjtihg\")][contains(@id ,\"application-addressmanagement-display-component---detailAdm--addressDetailDetailsName1\")]"}
RESULT: {"using":"xpath","value":"//span[contains(text(), \"WebdriverYardjjtihg\")][contains(@id ,\"application-addressmanagement-display-component---detailAdm--addressDetailDetailsName1\")]"}
COMMAND: POST /session/a9951698a0529649221826e5653b28bf/element - {"using":"xpath","value":"//span[contains(text(), \"WebdriverYardjjtihg\")][contains(@id ,\"application-addressmanagement-display-component---detailAdm--addressDetailDetailsName1\")]"}
RESULT: {"using":"xpath","value":"//span[contains(text(), \"WebdriverYardjjtihg\")][contains(@id ,\"application-addressmanagement-display-component---detailAdm--addressDetailDetailsName1\")]"}
COMMAND: POST /session/a9951698a0529649221826e5653b28bf/element - {"using":"xpath","value":"//span[contains(text(), \"WebdriverYardjjtihg\")][contains(@id ,\"application-addressmanagement-display-component---detailAdm--addressDetailDetailsName1\")]"}
RESULT: {"using":"xpath","value":"//span[contains(text(), \"WebdriverYardjjtihg\")][contains(@id ,\"application-addressmanagement-display-component---detailAdm--addressDetailDetailsName1\")]"}
COMMAND: POST /session/a9951698a0529649221826e5653b28bf/element - {"using":"xpath","value":"//span[contains(text(), \"WebdriverYardjjtihg\")][contains(@id ,\"application-addressmanagement-display-component---detailAdm--addressDetailDetailsName1\")]"}
RESULT: {"using":"xpath","value":"//span[contains(text(), \"WebdriverYardjjtihg\")][contains(@id ,\"application-addressmanagement-display-component---detailAdm--addressDetailDetailsName1\")]"}
COMMAND: POST /session/a9951698a0529649221826e5653b28bf/element - {"using":"xpath","value":"//span[contains(text(), \"WebdriverYardjjtihg\")][contains(@id ,\"application-addressmanagement-display-component---detailAdm--addressDetailDetailsName1\")]"}
RESULT: {"using":"xpath","value":"//span[contains(text(), \"WebdriverYardjjtihg\")][contains(@id ,\"application-addressmanagement-display-component---detailAdm--addressDetailDetailsName1\")]"}
COMMAND: POST /session/a9951698a0529649221826e5653b28bf/element - {"using":"xpath","value":"//span[contains(text(), \"WebdriverYardjjtihg\")][contains(@id ,\"application-addressmanagement-display-component---detailAdm--addressDetailDetailsName1\")]"}
RESULT: {"using":"xpath","value":"//span[contains(text(), \"WebdriverYardjjtihg\")][contains(@id ,\"application-addressmanagement-display-component---detailAdm--addressDetailDetailsName1\")]"}
COMMAND: POST /session/a9951698a0529649221826e5653b28bf/element - {"using":"xpath","value":"//span[contains(text(), \"WebdriverYardjjtihg\")][contains(@id ,\"application-addressmanagement-display-component---detailAdm--addressDetailDetailsName1\")]"}
RESULT: {"using":"xpath","value":"//span[contains(text(), \"WebdriverYardjjtihg\")][contains(@id ,\"application-addressmanagement-display-component---detailAdm--addressDetailDetailsName1\")]"}
COMMAND: POST /session/a9951698a0529649221826e5653b28bf/element - {"using":"xpath","value":"//span[contains(text(), \"WebdriverYardjjtihg\")][contains(@id ,\"application-addressmanagement-display-component---detailAdm--addressDetailDetailsName1\")]"}
RESULT: {"using":"xpath","value":"//span[contains(text(), \"WebdriverYardjjtihg\")][contains(@id ,\"application-addressmanagement-display-component---detailAdm--addressDetailDetailsName1\")]"}
COMMAND: POST /session/a9951698a0529649221826e5653b28bf/element - {"using":"xpath","value":"//span[contains(text(), \"WebdriverYardjjtihg\")][contains(@id ,\"application-addressmanagement-display-component---detailAdm--addressDetailDetailsName1\")]"}
RESULT: {"using":"xpath","value":"//span[contains(text(), \"WebdriverYardjjtihg\")][contains(@id ,\"application-addressmanagement-display-component---detailAdm--addressDetailDetailsName1\")]"}
COMMAND: POST /session/a9951698a0529649221826e5653b28bf/element - {"using":"xpath","value":"//span[contains(text(), \"WebdriverYardjjtihg\")][contains(@id ,\"application-addressmanagement-display-component---detailAdm--addressDetailDetailsName1\")]"}
RESULT: {"using":"xpath","value":"//span[contains(text(), \"WebdriverYardjjtihg\")][contains(@id ,\"application-addressmanagement-display-component---detailAdm--addressDetailDetailsName1\")]"}
COMMAND: GET /session/a9951698a0529649221826e5653b28bf/window/handles - {}
RESULT: {}
COMMAND: POST /session/a9951698a0529649221826e5653b28bf/window - {"handle":"52BFFC176B136A156AABAF23612AC796"}
RESULT: {"handle":"52BFFC176B136A156AABAF23612AC796"}
COMMAND: GET /session/a9951698a0529649221826e5653b28bf/url - {}
COMMAND: POST /session/a9951698a0529649221826e5653b28bf/element - {"using":"xpath","value":"//span[contains(text(), \"WebdriverYardjjtihg\")][contains(@id ,\"application-addressmanagement-display-component---detailAdm--addressDetailDetailsName1\")]"}
RESULT: {}
COMMAND: GET /session/a9951698a0529649221826e5653b28bf/screenshot - {}
RESULT: {"using":"xpath","value":"//span[contains(text(), \"WebdriverYardjjtihg\")][contains(@id ,\"application-addressmanagement-display-component---detailAdm--addressDetailDetailsName1\")]"}
RESULT: {}
COMMAND: POST /session/a9951698a0529649221826e5653b28bf/element - {"using":"xpath","value":"//span[contains(text(), \"WebdriverYardjjtihg\")][contains(@id ,\"application-addressmanagement-display-component---detailAdm--addressDetailDetailsName1\")]"}
COMMAND: POST /session/a9951698a0529649221826e5653b28bf/execute/sync - {"script":"<script> [8489 bytes]","args":[{"element-6066-11e4-a52e-4f735466cecf":"f.2C8FF78414D0A066996B014FE9210B62.d.005365C5A4D0B0C96012D7792CAB1A39.e.3394","ELEMENT":"f.2C8FF78414D0A066996B014FE9210B62.d.005365C5A4D0B0C96012D7792CAB1A39.e.3394"}]}
COMMAND: DELETE /session/a9951698a0529649221826e5653b28bf/window - {}
RESULT: {"using":"xpath","value":"//span[contains(text(), \"WebdriverYardjjtihg\")][contains(@id ,\"application-addressmanagement-display-component---detailAdm--addressDetailDetailsName1\")]"}
COMMAND: POST /session/a9951698a0529649221826e5653b28bf/element - {"using":"xpath","value":"//span[contains(text(), \"WebdriverYardjjtihg\")][contains(@id ,\"application-addressmanagement-display-component---detailAdm--addressDetailDetailsName1\")]"}
RESULT: {}
COMMAND: POST /session/a9951698a0529649221826e5653b28bf/window - {"handle":"2C8FF78414D0A066996B014FE9210B62"}
RESULT: {"handle":"2C8FF78414D0A066996B014FE9210B62"}
COMMAND: GET /session/a9951698a0529649221826e5653b28bf/url - {}
COMMAND: POST /session/a9951698a0529649221826e5653b28bf/element - {"using":"xpath","value":"//span[contains(@id ,\"title\")][contains(text(), \"WebdriverYardw00l\")]"}
RESULT: {"using":"xpath","value":"//span[contains(text(), \"WebdriverYardjjtihg\")][contains(@id ,\"application-addressmanagement-display-component---detailAdm--addressDetailDetailsName1\")]"}
RESULT: {}
COMMAND: GET /session/a9951698a0529649221826e5653b28bf/screenshot - {}
COMMAND: POST /session/a9951698a0529649221826e5653b28bf/element - {"using":"xpath","value":"//span[contains(text(), \"WebdriverYardjjtihg\")][contains(@id ,\"application-addressmanagement-display-component---detailAdm--addressDetailDetailsName1\")]"}
RESULT: {"using":"xpath","value":"//span[contains(@id ,\"title\")][contains(text(), \"WebdriverYardw00l\")]"}
COMMAND: POST /session/a9951698a0529649221826e5653b28bf/execute/sync - {"script":"<script> [8489 bytes]","args":[{"element-6066-11e4-a52e-4f735466cecf":"f.2C8FF78414D0A066996B014FE9210B62.d.005365C5A4D0B0C96012D7792CAB1A39.e.3854","ELEMENT":"f.2C8FF78414D0A066996B014FE9210B62.d.005365C5A4D0B0C96012D7792CAB1A39.e.3854"}]}
RESULT: {}
RESULT: {"using":"xpath","value":"//span[contains(text(), \"WebdriverYardjjtihg\")][contains(@id ,\"application-addressmanagement-display-component---detailAdm--addressDetailDetailsName1\")]"}
RESULT: {"script":"<script> [8489 bytes]","args":[{"element-6066-11e4-a52e-4f735466cecf":"f.2C8FF78414D0A066996B014FE9210B62.d.005365C5A4D0B0C96012D7792CAB1A39.e.3854","ELEMENT":"f.2C8FF78414D0A066996B014FE9210B62.d.005365C5A4D0B0C96012D7792CAB1A39.e.3854"}]}
COMMAND: GET /session/a9951698a0529649221826e5653b28bf/screenshot - {}
RESULT: {}
COMMAND: POST /session/a9951698a0529649221826e5653b28bf/element - {"using":"xpath","value":"//span[contains(text(), \"WebdriverYardjjtihg\")][contains(@id ,\"application-addressmanagement-display-component---detailAdm--addressDetailDetailsName1\")]"}
RESULT: {"using":"xpath","value":"//span[contains(text(), \"WebdriverYardjjtihg\")][contains(@id ,\"application-addressmanagement-display-component---detailAdm--addressDetailDetailsName1\")]"}
COMMAND: POST /session/a9951698a0529649221826e5653b28bf/element - {"using":"xpath","value":"//span[contains(text(), \"WebdriverYardjjtihg\")][contains(@id ,\"application-addressmanagement-display-component---detailAdm--addressDetailDetailsName1\")]"}
RESULT: {"using":"xpath","value":"//span[contains(text(), \"WebdriverYardjjtihg\")][contains(@id ,\"application-addressmanagement-display-component---detailAdm--addressDetailDetailsName1\")]"}
COMMAND: POST /session/a9951698a0529649221826e5653b28bf/element - {"using":"xpath","value":"//span[contains(text(), \"WebdriverYardjjtihg\")][contains(@id ,\"application-addressmanagement-display-component---detailAdm--addressDetailDetailsName1\")]"}
RESULT: {"using":"xpath","value":"//span[contains(text(), \"WebdriverYardjjtihg\")][contains(@id ,\"application-addressmanagement-display-component---detailAdm--addressDetailDetailsName1\")]"}
COMMAND: POST /session/a9951698a0529649221826e5653b28bf/element - {"using":"xpath","value":"//span[contains(text(), \"WebdriverYardjjtihg\")][contains(@id ,\"application-addressmanagement-display-component---detailAdm--addressDetailDetailsName1\")]"}
RESULT: {"using":"xpath","value":"//span[contains(text(), \"WebdriverYardjjtihg\")][contains(@id ,\"application-addressmanagement-display-component---detailAdm--addressDetailDetailsName1\")]"}
COMMAND: POST /session/a9951698a0529649221826e5653b28bf/element - {"using":"xpath","value":"//span[contains(text(), \"WebdriverYardjjtihg\")][contains(@id ,\"application-addressmanagement-display-component---detailAdm--addressDetailDetailsName1\")]"}
RESULT: {"using":"xpath","value":"//span[contains(text(), \"WebdriverYardjjtihg\")][contains(@id ,\"application-addressmanagement-display-component---detailAdm--addressDetailDetailsName1\")]"}
COMMAND: POST /session/a9951698a0529649221826e5653b28bf/element - {"using":"xpath","value":"//span[contains(text(), \"WebdriverYardjjtihg\")][contains(@id ,\"application-addressmanagement-display-component---detailAdm--addressDetailDetailsName1\")]"}
RESULT: {"using":"xpath","value":"//span[contains(text(), \"WebdriverYardjjtihg\")][contains(@id ,\"application-addressmanagement-display-component---detailAdm--addressDetailDetailsName1\")]"}
COMMAND: POST /session/a9951698a0529649221826e5653b28bf/element - {"using":"xpath","value":"//span[contains(text(), \"WebdriverYardjjtihg\")][contains(@id ,\"application-addressmanagement-display-component---detailAdm--addressDetailDetailsName1\")]"}
RESULT: {"using":"xpath","value":"//span[contains(text(), \"WebdriverYardjjtihg\")][contains(@id ,\"application-addressmanagement-display-component---detailAdm--addressDetailDetailsName1\")]"}
COMMAND: POST /session/a9951698a0529649221826e5653b28bf/element - {"using":"xpath","value":"//span[contains(text(), \"WebdriverYardjjtihg\")][contains(@id ,\"application-addressmanagement-display-component---detailAdm--addressDetailDetailsName1\")]"}
RESULT: {"using":"xpath","value":"//span[contains(text(), \"WebdriverYardjjtihg\")][contains(@id ,\"application-addressmanagement-display-component---detailAdm--addressDetailDetailsName1\")]"}
COMMAND: POST /session/a9951698a0529649221826e5653b28bf/element - {"using":"xpath","value":"//button[contains(@data-kt ,\"ContextMenuExternalId3Link\")]"}
RESULT: {"using":"xpath","value":"//button[contains(@data-kt ,\"ContextMenuExternalId3Link\")]"}
COMMAND: POST /session/a9951698a0529649221826e5653b28bf/element/f.2C8FF78414D0A066996B014FE9210B62.d.005365C5A4D0B0C96012D7792CAB1A39.e.3855/click - {}
COMMAND: POST /session/a9951698a0529649221826e5653b28bf/element - {"using":"xpath","value":"//span[contains(text(), \"WebdriverYardjjtihg\")][contains(@id ,\"application-addressmanagement-display-component---detailAdm--addressDetailDetailsName1\")]"}
RESULT: {}
COMMAND: GET /session/a9951698a0529649221826e5653b28bf/screenshot - {}
RESULT: {"using":"xpath","value":"//span[contains(text(), \"WebdriverYardjjtihg\")][contains(@id ,\"application-addressmanagement-display-component---detailAdm--addressDetailDetailsName1\")]"}
COMMAND: POST /session/a9951698a0529649221826e5653b28bf/element - {"using":"xpath","value":"//span[contains(text(), \"WebdriverYardjjtihg\")][contains(@id ,\"application-addressmanagement-display-component---detailAdm--addressDetailDetailsName1\")]"}
RESULT: {}
RESULT: {"using":"xpath","value":"//span[contains(text(), \"WebdriverYardjjtihg\")][contains(@id ,\"application-addressmanagement-display-component---detailAdm--addressDetailDetailsName1\")]"}
COMMAND: GET /session/a9951698a0529649221826e5653b28bf/window/handles - {}
RESULT: {}
COMMAND: POST /session/a9951698a0529649221826e5653b28bf/window - {"handle":"876199BD7ACEF00227EBE2B39C2BE154"}
RESULT: {"handle":"876199BD7ACEF00227EBE2B39C2BE154"}
COMMAND: GET /session/a9951698a0529649221826e5653b28bf/url - {}
RESULT: {}
COMMAND: GET /session/a9951698a0529649221826e5653b28bf/screenshot - {}
RESULT: {}
COMMAND: POST /session/a9951698a0529649221826e5653b28bf/element - {"using":"xpath","value":"//span[contains(text(), \"WebdriverYardjjtihg\")][contains(@id ,\"application-addressmanagement-display-component---detailAdm--addressDetailDetailsName1\")]"}
COMMAND: DELETE /session/a9951698a0529649221826e5653b28bf/window - {}
RESULT: {}
COMMAND: POST /session/a9951698a0529649221826e5653b28bf/window - {"handle":"2C8FF78414D0A066996B014FE9210B62"}
RESULT: {"handle":"2C8FF78414D0A066996B014FE9210B62"}
COMMAND: GET /session/a9951698a0529649221826e5653b28bf/url - {}
RESULT: {"using":"xpath","value":"//span[contains(text(), \"WebdriverYardjjtihg\")][contains(@id ,\"application-addressmanagement-display-component---detailAdm--addressDetailDetailsName1\")]"}
RESULT: {}
COMMAND: GET /session/a9951698a0529649221826e5653b28bf/screenshot - {}
COMMAND: POST /session/a9951698a0529649221826e5653b28bf/element - {"using":"xpath","value":"//span[contains(text(), \"WebdriverYardjjtihg\")][contains(@id ,\"application-addressmanagement-display-component---detailAdm--addressDetailDetailsName1\")]"}
RESULT: {}
RESULT: {"using":"xpath","value":"//span[contains(text(), \"WebdriverYardjjtihg\")][contains(@id ,\"application-addressmanagement-display-component---detailAdm--addressDetailDetailsName1\")]"}
]]></system-out>
    </testcase>
    <testcase classname="chrome.136_0_7103_93.windows.Webshop_-_Hyperlinks_visible_and_working_properly__US139085" name="Shpuld verify site hyperlinks" time="235.528">
      <system-out><![CDATA[
COMMAND: POST /session/a9951698a0529649221826e5653b28bf/element - {"using":"xpath","value":"//*[contains(@data-kt ,\"webshopDetailSiteLink\")]"}
RESULT: {"using":"xpath","value":"//*[contains(@data-kt ,\"webshopDetailSiteLink\")]"}
COMMAND: POST /session/a9951698a0529649221826e5653b28bf/execute/sync - {"script":"<script> [8489 bytes]","args":[{"element-6066-11e4-a52e-4f735466cecf":"f.2C8FF78414D0A066996B014FE9210B62.d.005365C5A4D0B0C96012D7792CAB1A39.e.3941","ELEMENT":"f.2C8FF78414D0A066996B014FE9210B62.d.005365C5A4D0B0C96012D7792CAB1A39.e.3941"}]}
RESULT: {"script":"<script> [8489 bytes]","args":[{"element-6066-11e4-a52e-4f735466cecf":"f.2C8FF78414D0A066996B014FE9210B62.d.005365C5A4D0B0C96012D7792CAB1A39.e.3941","ELEMENT":"f.2C8FF78414D0A066996B014FE9210B62.d.005365C5A4D0B0C96012D7792CAB1A39.e.3941"}]}
COMMAND: POST /session/a9951698a0529649221826e5653b28bf/execute/sync - {"script":"<script> [5351 bytes]","args":[{"element-6066-11e4-a52e-4f735466cecf":"f.2C8FF78414D0A066996B014FE9210B62.d.005365C5A4D0B0C96012D7792CAB1A39.e.3941","ELEMENT":"f.2C8FF78414D0A066996B014FE9210B62.d.005365C5A4D0B0C96012D7792CAB1A39.e.3941"}]}
COMMAND: GET /session/a9951698a0529649221826e5653b28bf/screenshot - {}
RESULT: {"script":"<script> [5351 bytes]","args":[{"element-6066-11e4-a52e-4f735466cecf":"f.2C8FF78414D0A066996B014FE9210B62.d.005365C5A4D0B0C96012D7792CAB1A39.e.3941","ELEMENT":"f.2C8FF78414D0A066996B014FE9210B62.d.005365C5A4D0B0C96012D7792CAB1A39.e.3941"}]}
COMMAND: POST /session/a9951698a0529649221826e5653b28bf/element - {"using":"xpath","value":"//*[contains(@data-kt ,\"webshopDetailSiteLink\")]"}
COMMAND: GET /session/a9951698a0529649221826e5653b28bf/screenshot - {}
COMMAND: POST /session/a9951698a0529649221826e5653b28bf/element - {"using":"xpath","value":"//span[contains(text(), \"WebdriverYardjjtihg\")][contains(@id ,\"application-addressmanagement-display-component---detailAdm--addressDetailDetailsName1\")]"}
RESULT: {}
RESULT: {"using":"xpath","value":"//*[contains(@data-kt ,\"webshopDetailSiteLink\")]"}
COMMAND: POST /session/a9951698a0529649221826e5653b28bf/element/f.2C8FF78414D0A066996B014FE9210B62.d.005365C5A4D0B0C96012D7792CAB1A39.e.3941/click - {}
RESULT: {}
RESULT: {"using":"xpath","value":"//span[contains(text(), \"WebdriverYardjjtihg\")][contains(@id ,\"application-addressmanagement-display-component---detailAdm--addressDetailDetailsName1\")]"}
RESULT: {}
COMMAND: GET /session/a9951698a0529649221826e5653b28bf/screenshot - {}
COMMAND: POST /session/a9951698a0529649221826e5653b28bf/element - {"using":"xpath","value":"//span[contains(text(), \"WebdriverYardjjtihg\")][contains(@id ,\"application-addressmanagement-display-component---detailAdm--addressDetailDetailsName1\")]"}
RESULT: {}
RESULT: {"using":"xpath","value":"//span[contains(text(), \"WebdriverYardjjtihg\")][contains(@id ,\"application-addressmanagement-display-component---detailAdm--addressDetailDetailsName1\")]"}
COMMAND: POST /session/a9951698a0529649221826e5653b28bf/element - {"using":"xpath","value":"//span[contains(text(), \"WebdriverYardjjtihg\")][contains(@id ,\"application-addressmanagement-display-component---detailAdm--addressDetailDetailsName1\")]"}
RESULT: {"using":"xpath","value":"//span[contains(text(), \"WebdriverYardjjtihg\")][contains(@id ,\"application-addressmanagement-display-component---detailAdm--addressDetailDetailsName1\")]"}
COMMAND: POST /session/a9951698a0529649221826e5653b28bf/element - {"using":"xpath","value":"//span[contains(text(), \"WebdriverYardjjtihg\")][contains(@id ,\"application-addressmanagement-display-component---detailAdm--addressDetailDetailsName1\")]"}
RESULT: {"using":"xpath","value":"//span[contains(text(), \"WebdriverYardjjtihg\")][contains(@id ,\"application-addressmanagement-display-component---detailAdm--addressDetailDetailsName1\")]"}
COMMAND: POST /session/a9951698a0529649221826e5653b28bf/element - {"using":"xpath","value":"//span[contains(text(), \"WebdriverYardjjtihg\")][contains(@id ,\"application-addressmanagement-display-component---detailAdm--addressDetailDetailsName1\")]"}
RESULT: {"using":"xpath","value":"//span[contains(text(), \"WebdriverYardjjtihg\")][contains(@id ,\"application-addressmanagement-display-component---detailAdm--addressDetailDetailsName1\")]"}
COMMAND: POST /session/a9951698a0529649221826e5653b28bf/element - {"using":"xpath","value":"//*[contains(@data-kt ,\"ContextMenuIdLink\")][contains(text(), \"Manage Site\")]"}
RESULT: {"using":"xpath","value":"//*[contains(@data-kt ,\"ContextMenuIdLink\")][contains(text(), \"Manage Site\")]"}
COMMAND: POST /session/a9951698a0529649221826e5653b28bf/execute/sync - {"script":"<script> [8489 bytes]","args":[{"element-6066-11e4-a52e-4f735466cecf":"f.2C8FF78414D0A066996B014FE9210B62.d.005365C5A4D0B0C96012D7792CAB1A39.e.3943","ELEMENT":"f.2C8FF78414D0A066996B014FE9210B62.d.005365C5A4D0B0C96012D7792CAB1A39.e.3943"}]}
COMMAND: POST /session/a9951698a0529649221826e5653b28bf/element - {"using":"xpath","value":"//*[contains(@data-kt ,\"ContextMenuId2Link\")][contains(text(), \"Site Overview\")]"}
RESULT: {"script":"<script> [8489 bytes]","args":[{"element-6066-11e4-a52e-4f735466cecf":"f.2C8FF78414D0A066996B014FE9210B62.d.005365C5A4D0B0C96012D7792CAB1A39.e.3943","ELEMENT":"f.2C8FF78414D0A066996B014FE9210B62.d.005365C5A4D0B0C96012D7792CAB1A39.e.3943"}]}
COMMAND: GET /session/a9951698a0529649221826e5653b28bf/screenshot - {}
RESULT: {"using":"xpath","value":"//*[contains(@data-kt ,\"ContextMenuId2Link\")][contains(text(), \"Site Overview\")]"}
COMMAND: POST /session/a9951698a0529649221826e5653b28bf/execute/sync - {"script":"<script> [8489 bytes]","args":[{"element-6066-11e4-a52e-4f735466cecf":"f.2C8FF78414D0A066996B014FE9210B62.d.005365C5A4D0B0C96012D7792CAB1A39.e.3944","ELEMENT":"f.2C8FF78414D0A066996B014FE9210B62.d.005365C5A4D0B0C96012D7792CAB1A39.e.3944"}]}
COMMAND: POST /session/a9951698a0529649221826e5653b28bf/element - {"using":"xpath","value":"//*[contains(@data-kt ,\"ContextMenuId3Link\")][contains(text(), \"Site Main Address\")]"}
RESULT: {}
RESULT: {"using":"xpath","value":"//*[contains(@data-kt ,\"ContextMenuId3Link\")][contains(text(), \"Site Main Address\")]"}
COMMAND: POST /session/a9951698a0529649221826e5653b28bf/execute/sync - {"script":"<script> [8489 bytes]","args":[{"element-6066-11e4-a52e-4f735466cecf":"f.2C8FF78414D0A066996B014FE9210B62.d.005365C5A4D0B0C96012D7792CAB1A39.e.3945","ELEMENT":"f.2C8FF78414D0A066996B014FE9210B62.d.005365C5A4D0B0C96012D7792CAB1A39.e.3945"}]}
COMMAND: POST /session/a9951698a0529649221826e5653b28bf/element/f.2C8FF78414D0A066996B014FE9210B62.d.005365C5A4D0B0C96012D7792CAB1A39.e.3943/click - {}
RESULT: {"script":"<script> [8489 bytes]","args":[{"element-6066-11e4-a52e-4f735466cecf":"f.2C8FF78414D0A066996B014FE9210B62.d.005365C5A4D0B0C96012D7792CAB1A39.e.3944","ELEMENT":"f.2C8FF78414D0A066996B014FE9210B62.d.005365C5A4D0B0C96012D7792CAB1A39.e.3944"}]}
COMMAND: GET /session/a9951698a0529649221826e5653b28bf/screenshot - {}
COMMAND: POST /session/a9951698a0529649221826e5653b28bf/element - {"using":"xpath","value":"//span[contains(text(), \"WebdriverYardjjtihg\")][contains(@id ,\"application-addressmanagement-display-component---detailAdm--addressDetailDetailsName1\")]"}
RESULT: {"script":"<script> [8489 bytes]","args":[{"element-6066-11e4-a52e-4f735466cecf":"f.2C8FF78414D0A066996B014FE9210B62.d.005365C5A4D0B0C96012D7792CAB1A39.e.3945","ELEMENT":"f.2C8FF78414D0A066996B014FE9210B62.d.005365C5A4D0B0C96012D7792CAB1A39.e.3945"}]}
COMMAND: GET /session/a9951698a0529649221826e5653b28bf/screenshot - {}
RESULT: {}
COMMAND: GET /session/a9951698a0529649221826e5653b28bf/screenshot - {}
RESULT: {}
RESULT: {"using":"xpath","value":"//span[contains(text(), \"WebdriverYardjjtihg\")][contains(@id ,\"application-addressmanagement-display-component---detailAdm--addressDetailDetailsName1\")]"}
COMMAND: POST /session/a9951698a0529649221826e5653b28bf/element - {"using":"xpath","value":"//span[contains(text(), \"WebdriverYardjjtihg\")][contains(@id ,\"application-addressmanagement-display-component---detailAdm--addressDetailDetailsName1\")]"}
COMMAND: POST /session/a9951698a0529649221826e5653b28bf/execute/async - {"script":"<script> [1562 bytes]","args":[{"selector":{"controlType":"sap.m.Title","viewName":"etm.portal.ui.managesites.view.Master","viewId":"application-managesites-display-component---masterSite","i18NText":{"propertyName":"text","key":"sites"}},"wdio_ui5_key":"etmportal.ui.managesites.view.Mastersap.m.Title{\"propertyName\":\"text\",\"key\":\"sites\"}"}]}
RESULT: {}
RESULT: {}
RESULT: {"using":"xpath","value":"//span[contains(text(), \"WebdriverYardjjtihg\")][contains(@id ,\"application-addressmanagement-display-component---detailAdm--addressDetailDetailsName1\")]"}
COMMAND: POST /session/a9951698a0529649221826e5653b28bf/element - {"using":"xpath","value":"//span[contains(text(), \"WebdriverYardjjtihg\")][contains(@id ,\"application-addressmanagement-display-component---detailAdm--addressDetailDetailsName1\")]"}
RESULT: {"script":"<script> [1562 bytes]","args":[{"selector":{"controlType":"sap.m.Title","viewName":"etm.portal.ui.managesites.view.Master","viewId":"application-managesites-display-component---masterSite","i18NText":{"propertyName":"text","key":"sites"}},"wdio_ui5_key":"etmportal.ui.managesites.view.Mastersap.m.Title{\"propertyName\":\"text\",\"key\":\"sites\"}"}]}
RESULT: undefined
COMMAND: POST /session/a9951698a0529649221826e5653b28bf/execute/async - {"script":"<script> [6424 bytes]","args":[{"element-6066-11e4-a52e-4f735466cecf":"f.2C8FF78414D0A066996B014FE9210B62.d.005365C5A4D0B0C96012D7792CAB1A39.e.4156"},"getText",[]]}
RESULT: {"using":"xpath","value":"//span[contains(text(), \"WebdriverYardjjtihg\")][contains(@id ,\"application-addressmanagement-display-component---detailAdm--addressDetailDetailsName1\")]"}
RESULT: {"script":"<script> [6424 bytes]","args":[{"element-6066-11e4-a52e-4f735466cecf":"f.2C8FF78414D0A066996B014FE9210B62.d.005365C5A4D0B0C96012D7792CAB1A39.e.4156"},"getText",[]]}
COMMAND: POST /session/a9951698a0529649221826e5653b28bf/execute/async - {"script":"<script> [1562 bytes]","args":[{"selector":{"id":"application-managesites-display-component---detailSite--addressDetailDetailsName1"},"wdio_ui5_key":"applicationmanagesites-display-component---detailSite--addressDetailDetailsName1"}]}
COMMAND: POST /session/a9951698a0529649221826e5653b28bf/element - {"using":"xpath","value":"//span[contains(text(), \"WebdriverYardjjtihg\")][contains(@id ,\"application-addressmanagement-display-component---detailAdm--addressDetailDetailsName1\")]"}
RESULT: {"script":"<script> [1562 bytes]","args":[{"selector":{"id":"application-managesites-display-component---detailSite--addressDetailDetailsName1"},"wdio_ui5_key":"applicationmanagesites-display-component---detailSite--addressDetailDetailsName1"}]}
RESULT: undefined
COMMAND: POST /session/a9951698a0529649221826e5653b28bf/execute/async - {"script":"<script> [6424 bytes]","args":[{"element-6066-11e4-a52e-4f735466cecf":"f.2C8FF78414D0A066996B014FE9210B62.d.005365C5A4D0B0C96012D7792CAB1A39.e.4005"},"getValue",[]]}
RESULT: {"using":"xpath","value":"//span[contains(text(), \"WebdriverYardjjtihg\")][contains(@id ,\"application-addressmanagement-display-component---detailAdm--addressDetailDetailsName1\")]"}
RESULT: {"script":"<script> [6424 bytes]","args":[{"element-6066-11e4-a52e-4f735466cecf":"f.2C8FF78414D0A066996B014FE9210B62.d.005365C5A4D0B0C96012D7792CAB1A39.e.4005"},"getValue",[]]}
RESULT: undefined
COMMAND: POST /session/a9951698a0529649221826e5653b28bf/element - {"using":"xpath","value":"//*[@id=\"backBtn\"]"}
RESULT: {"using":"xpath","value":"//*[@id=\"backBtn\"]"}
COMMAND: POST /session/a9951698a0529649221826e5653b28bf/element/f.2C8FF78414D0A066996B014FE9210B62.d.005365C5A4D0B0C96012D7792CAB1A39.e.3245/click - {}
COMMAND: POST /session/a9951698a0529649221826e5653b28bf/element - {"using":"xpath","value":"//span[contains(text(), \"WebdriverYardjjtihg\")][contains(@id ,\"application-addressmanagement-display-component---detailAdm--addressDetailDetailsName1\")]"}
RESULT: {}
COMMAND: GET /session/a9951698a0529649221826e5653b28bf/screenshot - {}
RESULT: {"using":"xpath","value":"//span[contains(text(), \"WebdriverYardjjtihg\")][contains(@id ,\"application-addressmanagement-display-component---detailAdm--addressDetailDetailsName1\")]"}
COMMAND: POST /session/a9951698a0529649221826e5653b28bf/element - {"using":"xpath","value":"//span[contains(text(), \"WebdriverYardjjtihg\")][contains(@id ,\"application-addressmanagement-display-component---detailAdm--addressDetailDetailsName1\")]"}
RESULT: {}
RESULT: {"using":"xpath","value":"//span[contains(text(), \"WebdriverYardjjtihg\")][contains(@id ,\"application-addressmanagement-display-component---detailAdm--addressDetailDetailsName1\")]"}
COMMAND: POST /session/a9951698a0529649221826e5653b28bf/element - {"using":"xpath","value":"//span[contains(text(), \"WebdriverYardjjtihg\")][contains(@id ,\"application-addressmanagement-display-component---detailAdm--addressDetailDetailsName1\")]"}
RESULT: {"using":"xpath","value":"//span[contains(text(), \"WebdriverYardjjtihg\")][contains(@id ,\"application-addressmanagement-display-component---detailAdm--addressDetailDetailsName1\")]"}
COMMAND: POST /session/a9951698a0529649221826e5653b28bf/element - {"using":"xpath","value":"//span[contains(text(), \"WebdriverYardjjtihg\")][contains(@id ,\"application-addressmanagement-display-component---detailAdm--addressDetailDetailsName1\")]"}
RESULT: {"using":"xpath","value":"//span[contains(text(), \"WebdriverYardjjtihg\")][contains(@id ,\"application-addressmanagement-display-component---detailAdm--addressDetailDetailsName1\")]"}
COMMAND: POST /session/a9951698a0529649221826e5653b28bf/element - {"using":"xpath","value":"//span[contains(text(), \"WebdriverYardjjtihg\")][contains(@id ,\"application-addressmanagement-display-component---detailAdm--addressDetailDetailsName1\")]"}
RESULT: {"using":"xpath","value":"//span[contains(text(), \"WebdriverYardjjtihg\")][contains(@id ,\"application-addressmanagement-display-component---detailAdm--addressDetailDetailsName1\")]"}
COMMAND: POST /session/a9951698a0529649221826e5653b28bf/element - {"using":"xpath","value":"//span[contains(text(), \"WebdriverYardjjtihg\")][contains(@id ,\"application-addressmanagement-display-component---detailAdm--addressDetailDetailsName1\")]"}
RESULT: {"using":"xpath","value":"//span[contains(text(), \"WebdriverYardjjtihg\")][contains(@id ,\"application-addressmanagement-display-component---detailAdm--addressDetailDetailsName1\")]"}
COMMAND: POST /session/a9951698a0529649221826e5653b28bf/element - {"using":"xpath","value":"//span[contains(text(), \"WebdriverYardjjtihg\")][contains(@id ,\"application-addressmanagement-display-component---detailAdm--addressDetailDetailsName1\")]"}
RESULT: {"using":"xpath","value":"//span[contains(text(), \"WebdriverYardjjtihg\")][contains(@id ,\"application-addressmanagement-display-component---detailAdm--addressDetailDetailsName1\")]"}
COMMAND: POST /session/a9951698a0529649221826e5653b28bf/element - {"using":"xpath","value":"//span[contains(text(), \"WebdriverYardjjtihg\")][contains(@id ,\"application-addressmanagement-display-component---detailAdm--addressDetailDetailsName1\")]"}
RESULT: {"using":"xpath","value":"//span[contains(text(), \"WebdriverYardjjtihg\")][contains(@id ,\"application-addressmanagement-display-component---detailAdm--addressDetailDetailsName1\")]"}
COMMAND: POST /session/a9951698a0529649221826e5653b28bf/execute/sync - {"script":"<script> [8489 bytes]","args":[{"element-6066-11e4-a52e-4f735466cecf":"f.2C8FF78414D0A066996B014FE9210B62.d.005365C5A4D0B0C96012D7792CAB1A39.e.3941","ELEMENT":"f.2C8FF78414D0A066996B014FE9210B62.d.005365C5A4D0B0C96012D7792CAB1A39.e.3941"}]}
COMMAND: POST /session/a9951698a0529649221826e5653b28bf/element - {"using":"xpath","value":"//*[contains(@data-kt ,\"webshopDetailSiteLink\")]"}
RESULT: {"using":"xpath","value":"//*[contains(@data-kt ,\"webshopDetailSiteLink\")]"}
COMMAND: POST /session/a9951698a0529649221826e5653b28bf/execute/sync - {"script":"<script> [8489 bytes]","args":[{"element-6066-11e4-a52e-4f735466cecf":"f.2C8FF78414D0A066996B014FE9210B62.d.005365C5A4D0B0C96012D7792CAB1A39.e.4332","ELEMENT":"f.2C8FF78414D0A066996B014FE9210B62.d.005365C5A4D0B0C96012D7792CAB1A39.e.4332"}]}
RESULT: {"script":"<script> [8489 bytes]","args":[{"element-6066-11e4-a52e-4f735466cecf":"f.2C8FF78414D0A066996B014FE9210B62.d.005365C5A4D0B0C96012D7792CAB1A39.e.4332","ELEMENT":"f.2C8FF78414D0A066996B014FE9210B62.d.005365C5A4D0B0C96012D7792CAB1A39.e.4332"}]}
COMMAND: POST /session/a9951698a0529649221826e5653b28bf/execute/sync - {"script":"<script> [5351 bytes]","args":[{"element-6066-11e4-a52e-4f735466cecf":"f.2C8FF78414D0A066996B014FE9210B62.d.005365C5A4D0B0C96012D7792CAB1A39.e.4332","ELEMENT":"f.2C8FF78414D0A066996B014FE9210B62.d.005365C5A4D0B0C96012D7792CAB1A39.e.4332"}]}
COMMAND: GET /session/a9951698a0529649221826e5653b28bf/screenshot - {}
RESULT: {"script":"<script> [5351 bytes]","args":[{"element-6066-11e4-a52e-4f735466cecf":"f.2C8FF78414D0A066996B014FE9210B62.d.005365C5A4D0B0C96012D7792CAB1A39.e.4332","ELEMENT":"f.2C8FF78414D0A066996B014FE9210B62.d.005365C5A4D0B0C96012D7792CAB1A39.e.4332"}]}
COMMAND: POST /session/a9951698a0529649221826e5653b28bf/element - {"using":"xpath","value":"//*[contains(@data-kt ,\"webshopDetailSiteLink\")]"}
COMMAND: GET /session/a9951698a0529649221826e5653b28bf/screenshot - {}
COMMAND: POST /session/a9951698a0529649221826e5653b28bf/element - {"using":"xpath","value":"//span[contains(text(), \"WebdriverYardjjtihg\")][contains(@id ,\"application-addressmanagement-display-component---detailAdm--addressDetailDetailsName1\")]"}
RESULT: {}
RESULT: {"using":"xpath","value":"//*[contains(@data-kt ,\"webshopDetailSiteLink\")]"}
COMMAND: POST /session/a9951698a0529649221826e5653b28bf/element/f.2C8FF78414D0A066996B014FE9210B62.d.005365C5A4D0B0C96012D7792CAB1A39.e.4332/click - {}
RESULT: {}
RESULT: {"using":"xpath","value":"//span[contains(text(), \"WebdriverYardjjtihg\")][contains(@id ,\"application-addressmanagement-display-component---detailAdm--addressDetailDetailsName1\")]"}
RESULT: {}
COMMAND: GET /session/a9951698a0529649221826e5653b28bf/screenshot - {}
RESULT: {}
COMMAND: POST /session/a9951698a0529649221826e5653b28bf/element - {"using":"xpath","value":"//span[contains(text(), \"WebdriverYardjjtihg\")][contains(@id ,\"application-addressmanagement-display-component---detailAdm--addressDetailDetailsName1\")]"}
RESULT: {"using":"xpath","value":"//span[contains(text(), \"WebdriverYardjjtihg\")][contains(@id ,\"application-addressmanagement-display-component---detailAdm--addressDetailDetailsName1\")]"}
COMMAND: POST /session/a9951698a0529649221826e5653b28bf/element - {"using":"xpath","value":"//span[contains(text(), \"WebdriverYardjjtihg\")][contains(@id ,\"application-addressmanagement-display-component---detailAdm--addressDetailDetailsName1\")]"}
RESULT: {"using":"xpath","value":"//span[contains(text(), \"WebdriverYardjjtihg\")][contains(@id ,\"application-addressmanagement-display-component---detailAdm--addressDetailDetailsName1\")]"}
COMMAND: POST /session/a9951698a0529649221826e5653b28bf/element - {"using":"xpath","value":"//span[contains(text(), \"WebdriverYardjjtihg\")][contains(@id ,\"application-addressmanagement-display-component---detailAdm--addressDetailDetailsName1\")]"}
RESULT: {"using":"xpath","value":"//span[contains(text(), \"WebdriverYardjjtihg\")][contains(@id ,\"application-addressmanagement-display-component---detailAdm--addressDetailDetailsName1\")]"}
COMMAND: POST /session/a9951698a0529649221826e5653b28bf/element - {"using":"xpath","value":"//span[contains(text(), \"WebdriverYardjjtihg\")][contains(@id ,\"application-addressmanagement-display-component---detailAdm--addressDetailDetailsName1\")]"}
RESULT: {"using":"xpath","value":"//span[contains(text(), \"WebdriverYardjjtihg\")][contains(@id ,\"application-addressmanagement-display-component---detailAdm--addressDetailDetailsName1\")]"}
COMMAND: POST /session/a9951698a0529649221826e5653b28bf/element/f.2C8FF78414D0A066996B014FE9210B62.d.005365C5A4D0B0C96012D7792CAB1A39.e.3944/click - {}
COMMAND: POST /session/a9951698a0529649221826e5653b28bf/element - {"using":"xpath","value":"//*[contains(@data-kt ,\"ContextMenuId2Link\")][contains(text(), \"Site Overview\")]"}
RESULT: {"using":"xpath","value":"//*[contains(@data-kt ,\"ContextMenuId2Link\")][contains(text(), \"Site Overview\")]"}
COMMAND: POST /session/a9951698a0529649221826e5653b28bf/element/f.2C8FF78414D0A066996B014FE9210B62.d.005365C5A4D0B0C96012D7792CAB1A39.e.3944/click - {}
COMMAND: POST /session/a9951698a0529649221826e5653b28bf/element - {"using":"xpath","value":"//*[contains(@data-kt ,\"ContextMenuId2Link\")][contains(text(), \"Site Overview\")]"}
RESULT: {"using":"xpath","value":"//*[contains(@data-kt ,\"ContextMenuId2Link\")][contains(text(), \"Site Overview\")]"}
COMMAND: POST /session/a9951698a0529649221826e5653b28bf/element/f.2C8FF78414D0A066996B014FE9210B62.d.005365C5A4D0B0C96012D7792CAB1A39.e.4335/click - {}
RESULT: {}
COMMAND: GET /session/a9951698a0529649221826e5653b28bf/screenshot - {}
RESULT: {}
RESULT: undefined
COMMAND: POST /session/a9951698a0529649221826e5653b28bf/execute/async - {"script":"<script> [6424 bytes]","args":[{"element-6066-11e4-a52e-4f735466cecf":"f.2C8FF78414D0A066996B014FE9210B62.d.005365C5A4D0B0C96012D7792CAB1A39.e.3243"},"getTitle",[]]}
COMMAND: POST /session/a9951698a0529649221826e5653b28bf/execute/async - {"script":"<script> [1562 bytes]","args":[{"selector":{"id":"shellAppTitle"},"wdio_ui5_key":"shellAppTitle"}]}
RESULT: {"script":"<script> [1562 bytes]","args":[{"selector":{"id":"shellAppTitle"},"wdio_ui5_key":"shellAppTitle"}]}
COMMAND: POST /session/a9951698a0529649221826e5653b28bf/execute/async - {"script":"<script> [6424 bytes]","args":[{"element-6066-11e4-a52e-4f735466cecf":"f.2C8FF78414D0A066996B014FE9210B62.d.005365C5A4D0B0C96012D7792CAB1A39.e.4362"},"getTitle",[]]}
RESULT: {"script":"<script> [6424 bytes]","args":[{"element-6066-11e4-a52e-4f735466cecf":"f.2C8FF78414D0A066996B014FE9210B62.d.005365C5A4D0B0C96012D7792CAB1A39.e.4362"},"getTitle",[]]}
COMMAND: POST /session/a9951698a0529649221826e5653b28bf/element - {"using":"xpath","value":"(//span[contains(text(), \"WebdriverSiteckga3h\")])[2]"}
RESULT: {"using":"xpath","value":"(//span[contains(text(), \"WebdriverSiteckga3h\")])[2]"}
COMMAND: POST /session/a9951698a0529649221826e5653b28bf/execute/sync - {"script":"<script> [8489 bytes]","args":[{"element-6066-11e4-a52e-4f735466cecf":"f.2C8FF78414D0A066996B014FE9210B62.d.005365C5A4D0B0C96012D7792CAB1A39.e.4363","ELEMENT":"f.2C8FF78414D0A066996B014FE9210B62.d.005365C5A4D0B0C96012D7792CAB1A39.e.4363"}]}
RESULT: undefined
COMMAND: POST /session/a9951698a0529649221826e5653b28bf/element - {"using":"xpath","value":"//*[@id=\"backBtn\"]"}
RESULT: {"script":"<script> [8489 bytes]","args":[{"element-6066-11e4-a52e-4f735466cecf":"f.2C8FF78414D0A066996B014FE9210B62.d.005365C5A4D0B0C96012D7792CAB1A39.e.4363","ELEMENT":"f.2C8FF78414D0A066996B014FE9210B62.d.005365C5A4D0B0C96012D7792CAB1A39.e.4363"}]}
COMMAND: GET /session/a9951698a0529649221826e5653b28bf/screenshot - {}
RESULT: {"using":"xpath","value":"//*[@id=\"backBtn\"]"}
COMMAND: POST /session/a9951698a0529649221826e5653b28bf/element/f.2C8FF78414D0A066996B014FE9210B62.d.005365C5A4D0B0C96012D7792CAB1A39.e.3245/click - {}
RESULT: {}
RESULT: {}
COMMAND: GET /session/a9951698a0529649221826e5653b28bf/screenshot - {}
RESULT: {}
COMMAND: POST /session/a9951698a0529649221826e5653b28bf/execute/sync - {"script":"<script> [8489 bytes]","args":[{"element-6066-11e4-a52e-4f735466cecf":"f.2C8FF78414D0A066996B014FE9210B62.d.005365C5A4D0B0C96012D7792CAB1A39.e.4332","ELEMENT":"f.2C8FF78414D0A066996B014FE9210B62.d.005365C5A4D0B0C96012D7792CAB1A39.e.4332"}]}
COMMAND: POST /session/a9951698a0529649221826e5653b28bf/element - {"using":"xpath","value":"//*[contains(@data-kt ,\"webshopDetailSiteLink\")]"}
RESULT: {"using":"xpath","value":"//*[contains(@data-kt ,\"webshopDetailSiteLink\")]"}
COMMAND: POST /session/a9951698a0529649221826e5653b28bf/execute/sync - {"script":"<script> [8489 bytes]","args":[{"element-6066-11e4-a52e-4f735466cecf":"f.2C8FF78414D0A066996B014FE9210B62.d.005365C5A4D0B0C96012D7792CAB1A39.e.4492","ELEMENT":"f.2C8FF78414D0A066996B014FE9210B62.d.005365C5A4D0B0C96012D7792CAB1A39.e.4492"}]}
RESULT: {"script":"<script> [8489 bytes]","args":[{"element-6066-11e4-a52e-4f735466cecf":"f.2C8FF78414D0A066996B014FE9210B62.d.005365C5A4D0B0C96012D7792CAB1A39.e.4492","ELEMENT":"f.2C8FF78414D0A066996B014FE9210B62.d.005365C5A4D0B0C96012D7792CAB1A39.e.4492"}]}
COMMAND: POST /session/a9951698a0529649221826e5653b28bf/execute/sync - {"script":"<script> [5351 bytes]","args":[{"element-6066-11e4-a52e-4f735466cecf":"f.2C8FF78414D0A066996B014FE9210B62.d.005365C5A4D0B0C96012D7792CAB1A39.e.4492","ELEMENT":"f.2C8FF78414D0A066996B014FE9210B62.d.005365C5A4D0B0C96012D7792CAB1A39.e.4492"}]}
COMMAND: GET /session/a9951698a0529649221826e5653b28bf/screenshot - {}
RESULT: {"script":"<script> [5351 bytes]","args":[{"element-6066-11e4-a52e-4f735466cecf":"f.2C8FF78414D0A066996B014FE9210B62.d.005365C5A4D0B0C96012D7792CAB1A39.e.4492","ELEMENT":"f.2C8FF78414D0A066996B014FE9210B62.d.005365C5A4D0B0C96012D7792CAB1A39.e.4492"}]}
COMMAND: POST /session/a9951698a0529649221826e5653b28bf/execute/sync - {"script":"<script> [8489 bytes]","args":[{"element-6066-11e4-a52e-4f735466cecf":"f.2C8FF78414D0A066996B014FE9210B62.d.005365C5A4D0B0C96012D7792CAB1A39.e.4492","ELEMENT":"f.2C8FF78414D0A066996B014FE9210B62.d.005365C5A4D0B0C96012D7792CAB1A39.e.4492"}]}
COMMAND: GET /session/a9951698a0529649221826e5653b28bf/screenshot - {}
RESULT: {}
RESULT: {"script":"<script> [8489 bytes]","args":[{"element-6066-11e4-a52e-4f735466cecf":"f.2C8FF78414D0A066996B014FE9210B62.d.005365C5A4D0B0C96012D7792CAB1A39.e.4492","ELEMENT":"f.2C8FF78414D0A066996B014FE9210B62.d.005365C5A4D0B0C96012D7792CAB1A39.e.4492"}]}
COMMAND: POST /session/a9951698a0529649221826e5653b28bf/execute/sync - {"script":"<script> [5351 bytes]","args":[{"element-6066-11e4-a52e-4f735466cecf":"f.2C8FF78414D0A066996B014FE9210B62.d.005365C5A4D0B0C96012D7792CAB1A39.e.4492","ELEMENT":"f.2C8FF78414D0A066996B014FE9210B62.d.005365C5A4D0B0C96012D7792CAB1A39.e.4492"}]}
COMMAND: GET /session/a9951698a0529649221826e5653b28bf/screenshot - {}
RESULT: {}
RESULT: {"script":"<script> [5351 bytes]","args":[{"element-6066-11e4-a52e-4f735466cecf":"f.2C8FF78414D0A066996B014FE9210B62.d.005365C5A4D0B0C96012D7792CAB1A39.e.4492","ELEMENT":"f.2C8FF78414D0A066996B014FE9210B62.d.005365C5A4D0B0C96012D7792CAB1A39.e.4492"}]}
COMMAND: POST /session/a9951698a0529649221826e5653b28bf/execute/sync - {"script":"<script> [8489 bytes]","args":[{"element-6066-11e4-a52e-4f735466cecf":"f.2C8FF78414D0A066996B014FE9210B62.d.005365C5A4D0B0C96012D7792CAB1A39.e.4492","ELEMENT":"f.2C8FF78414D0A066996B014FE9210B62.d.005365C5A4D0B0C96012D7792CAB1A39.e.4492"}]}
COMMAND: GET /session/a9951698a0529649221826e5653b28bf/screenshot - {}
RESULT: {}
RESULT: {"script":"<script> [8489 bytes]","args":[{"element-6066-11e4-a52e-4f735466cecf":"f.2C8FF78414D0A066996B014FE9210B62.d.005365C5A4D0B0C96012D7792CAB1A39.e.4492","ELEMENT":"f.2C8FF78414D0A066996B014FE9210B62.d.005365C5A4D0B0C96012D7792CAB1A39.e.4492"}]}
COMMAND: POST /session/a9951698a0529649221826e5653b28bf/execute/sync - {"script":"<script> [5351 bytes]","args":[{"element-6066-11e4-a52e-4f735466cecf":"f.2C8FF78414D0A066996B014FE9210B62.d.005365C5A4D0B0C96012D7792CAB1A39.e.4492","ELEMENT":"f.2C8FF78414D0A066996B014FE9210B62.d.005365C5A4D0B0C96012D7792CAB1A39.e.4492"}]}
COMMAND: GET /session/a9951698a0529649221826e5653b28bf/screenshot - {}
RESULT: {}
RESULT: {"script":"<script> [5351 bytes]","args":[{"element-6066-11e4-a52e-4f735466cecf":"f.2C8FF78414D0A066996B014FE9210B62.d.005365C5A4D0B0C96012D7792CAB1A39.e.4492","ELEMENT":"f.2C8FF78414D0A066996B014FE9210B62.d.005365C5A4D0B0C96012D7792CAB1A39.e.4492"}]}
COMMAND: POST /session/a9951698a0529649221826e5653b28bf/execute/sync - {"script":"<script> [8489 bytes]","args":[{"element-6066-11e4-a52e-4f735466cecf":"f.2C8FF78414D0A066996B014FE9210B62.d.005365C5A4D0B0C96012D7792CAB1A39.e.4492","ELEMENT":"f.2C8FF78414D0A066996B014FE9210B62.d.005365C5A4D0B0C96012D7792CAB1A39.e.4492"}]}
COMMAND: GET /session/a9951698a0529649221826e5653b28bf/screenshot - {}
RESULT: {}
RESULT: {"script":"<script> [8489 bytes]","args":[{"element-6066-11e4-a52e-4f735466cecf":"f.2C8FF78414D0A066996B014FE9210B62.d.005365C5A4D0B0C96012D7792CAB1A39.e.4492","ELEMENT":"f.2C8FF78414D0A066996B014FE9210B62.d.005365C5A4D0B0C96012D7792CAB1A39.e.4492"}]}
COMMAND: POST /session/a9951698a0529649221826e5653b28bf/execute/sync - {"script":"<script> [5351 bytes]","args":[{"element-6066-11e4-a52e-4f735466cecf":"f.2C8FF78414D0A066996B014FE9210B62.d.005365C5A4D0B0C96012D7792CAB1A39.e.4492","ELEMENT":"f.2C8FF78414D0A066996B014FE9210B62.d.005365C5A4D0B0C96012D7792CAB1A39.e.4492"}]}
COMMAND: GET /session/a9951698a0529649221826e5653b28bf/screenshot - {}
RESULT: {}
RESULT: {"script":"<script> [5351 bytes]","args":[{"element-6066-11e4-a52e-4f735466cecf":"f.2C8FF78414D0A066996B014FE9210B62.d.005365C5A4D0B0C96012D7792CAB1A39.e.4492","ELEMENT":"f.2C8FF78414D0A066996B014FE9210B62.d.005365C5A4D0B0C96012D7792CAB1A39.e.4492"}]}
COMMAND: POST /session/a9951698a0529649221826e5653b28bf/execute/sync - {"script":"<script> [8489 bytes]","args":[{"element-6066-11e4-a52e-4f735466cecf":"f.2C8FF78414D0A066996B014FE9210B62.d.005365C5A4D0B0C96012D7792CAB1A39.e.4492","ELEMENT":"f.2C8FF78414D0A066996B014FE9210B62.d.005365C5A4D0B0C96012D7792CAB1A39.e.4492"}]}
COMMAND: GET /session/a9951698a0529649221826e5653b28bf/screenshot - {}
RESULT: {}
RESULT: {"script":"<script> [8489 bytes]","args":[{"element-6066-11e4-a52e-4f735466cecf":"f.2C8FF78414D0A066996B014FE9210B62.d.005365C5A4D0B0C96012D7792CAB1A39.e.4492","ELEMENT":"f.2C8FF78414D0A066996B014FE9210B62.d.005365C5A4D0B0C96012D7792CAB1A39.e.4492"}]}
COMMAND: POST /session/a9951698a0529649221826e5653b28bf/execute/sync - {"script":"<script> [5351 bytes]","args":[{"element-6066-11e4-a52e-4f735466cecf":"f.2C8FF78414D0A066996B014FE9210B62.d.005365C5A4D0B0C96012D7792CAB1A39.e.4492","ELEMENT":"f.2C8FF78414D0A066996B014FE9210B62.d.005365C5A4D0B0C96012D7792CAB1A39.e.4492"}]}
COMMAND: GET /session/a9951698a0529649221826e5653b28bf/screenshot - {}
RESULT: {}
RESULT: {"script":"<script> [5351 bytes]","args":[{"element-6066-11e4-a52e-4f735466cecf":"f.2C8FF78414D0A066996B014FE9210B62.d.005365C5A4D0B0C96012D7792CAB1A39.e.4492","ELEMENT":"f.2C8FF78414D0A066996B014FE9210B62.d.005365C5A4D0B0C96012D7792CAB1A39.e.4492"}]}
COMMAND: POST /session/a9951698a0529649221826e5653b28bf/execute/sync - {"script":"<script> [8489 bytes]","args":[{"element-6066-11e4-a52e-4f735466cecf":"f.2C8FF78414D0A066996B014FE9210B62.d.005365C5A4D0B0C96012D7792CAB1A39.e.4492","ELEMENT":"f.2C8FF78414D0A066996B014FE9210B62.d.005365C5A4D0B0C96012D7792CAB1A39.e.4492"}]}
COMMAND: GET /session/a9951698a0529649221826e5653b28bf/screenshot - {}
RESULT: {}
RESULT: {"script":"<script> [8489 bytes]","args":[{"element-6066-11e4-a52e-4f735466cecf":"f.2C8FF78414D0A066996B014FE9210B62.d.005365C5A4D0B0C96012D7792CAB1A39.e.4492","ELEMENT":"f.2C8FF78414D0A066996B014FE9210B62.d.005365C5A4D0B0C96012D7792CAB1A39.e.4492"}]}
COMMAND: POST /session/a9951698a0529649221826e5653b28bf/execute/sync - {"script":"<script> [5351 bytes]","args":[{"element-6066-11e4-a52e-4f735466cecf":"f.2C8FF78414D0A066996B014FE9210B62.d.005365C5A4D0B0C96012D7792CAB1A39.e.4492","ELEMENT":"f.2C8FF78414D0A066996B014FE9210B62.d.005365C5A4D0B0C96012D7792CAB1A39.e.4492"}]}
COMMAND: GET /session/a9951698a0529649221826e5653b28bf/screenshot - {}
RESULT: {}
RESULT: {"script":"<script> [5351 bytes]","args":[{"element-6066-11e4-a52e-4f735466cecf":"f.2C8FF78414D0A066996B014FE9210B62.d.005365C5A4D0B0C96012D7792CAB1A39.e.4492","ELEMENT":"f.2C8FF78414D0A066996B014FE9210B62.d.005365C5A4D0B0C96012D7792CAB1A39.e.4492"}]}
COMMAND: POST /session/a9951698a0529649221826e5653b28bf/execute/sync - {"script":"<script> [8489 bytes]","args":[{"element-6066-11e4-a52e-4f735466cecf":"f.2C8FF78414D0A066996B014FE9210B62.d.005365C5A4D0B0C96012D7792CAB1A39.e.4492","ELEMENT":"f.2C8FF78414D0A066996B014FE9210B62.d.005365C5A4D0B0C96012D7792CAB1A39.e.4492"}]}
COMMAND: GET /session/a9951698a0529649221826e5653b28bf/screenshot - {}
RESULT: {}
RESULT: {"script":"<script> [8489 bytes]","args":[{"element-6066-11e4-a52e-4f735466cecf":"f.2C8FF78414D0A066996B014FE9210B62.d.005365C5A4D0B0C96012D7792CAB1A39.e.4492","ELEMENT":"f.2C8FF78414D0A066996B014FE9210B62.d.005365C5A4D0B0C96012D7792CAB1A39.e.4492"}]}
COMMAND: POST /session/a9951698a0529649221826e5653b28bf/execute/sync - {"script":"<script> [5351 bytes]","args":[{"element-6066-11e4-a52e-4f735466cecf":"f.2C8FF78414D0A066996B014FE9210B62.d.005365C5A4D0B0C96012D7792CAB1A39.e.4492","ELEMENT":"f.2C8FF78414D0A066996B014FE9210B62.d.005365C5A4D0B0C96012D7792CAB1A39.e.4492"}]}
COMMAND: GET /session/a9951698a0529649221826e5653b28bf/screenshot - {}
RESULT: {}
RESULT: {"script":"<script> [5351 bytes]","args":[{"element-6066-11e4-a52e-4f735466cecf":"f.2C8FF78414D0A066996B014FE9210B62.d.005365C5A4D0B0C96012D7792CAB1A39.e.4492","ELEMENT":"f.2C8FF78414D0A066996B014FE9210B62.d.005365C5A4D0B0C96012D7792CAB1A39.e.4492"}]}
COMMAND: POST /session/a9951698a0529649221826e5653b28bf/execute/sync - {"script":"<script> [8489 bytes]","args":[{"element-6066-11e4-a52e-4f735466cecf":"f.2C8FF78414D0A066996B014FE9210B62.d.005365C5A4D0B0C96012D7792CAB1A39.e.4492","ELEMENT":"f.2C8FF78414D0A066996B014FE9210B62.d.005365C5A4D0B0C96012D7792CAB1A39.e.4492"}]}
COMMAND: GET /session/a9951698a0529649221826e5653b28bf/screenshot - {}
RESULT: {}
RESULT: {"script":"<script> [8489 bytes]","args":[{"element-6066-11e4-a52e-4f735466cecf":"f.2C8FF78414D0A066996B014FE9210B62.d.005365C5A4D0B0C96012D7792CAB1A39.e.4492","ELEMENT":"f.2C8FF78414D0A066996B014FE9210B62.d.005365C5A4D0B0C96012D7792CAB1A39.e.4492"}]}
COMMAND: POST /session/a9951698a0529649221826e5653b28bf/execute/sync - {"script":"<script> [5351 bytes]","args":[{"element-6066-11e4-a52e-4f735466cecf":"f.2C8FF78414D0A066996B014FE9210B62.d.005365C5A4D0B0C96012D7792CAB1A39.e.4492","ELEMENT":"f.2C8FF78414D0A066996B014FE9210B62.d.005365C5A4D0B0C96012D7792CAB1A39.e.4492"}]}
COMMAND: GET /session/a9951698a0529649221826e5653b28bf/screenshot - {}
RESULT: {}
RESULT: {"script":"<script> [5351 bytes]","args":[{"element-6066-11e4-a52e-4f735466cecf":"f.2C8FF78414D0A066996B014FE9210B62.d.005365C5A4D0B0C96012D7792CAB1A39.e.4492","ELEMENT":"f.2C8FF78414D0A066996B014FE9210B62.d.005365C5A4D0B0C96012D7792CAB1A39.e.4492"}]}
COMMAND: POST /session/a9951698a0529649221826e5653b28bf/execute/sync - {"script":"<script> [8489 bytes]","args":[{"element-6066-11e4-a52e-4f735466cecf":"f.2C8FF78414D0A066996B014FE9210B62.d.005365C5A4D0B0C96012D7792CAB1A39.e.4492","ELEMENT":"f.2C8FF78414D0A066996B014FE9210B62.d.005365C5A4D0B0C96012D7792CAB1A39.e.4492"}]}
COMMAND: GET /session/a9951698a0529649221826e5653b28bf/screenshot - {}
RESULT: {}
RESULT: {"script":"<script> [8489 bytes]","args":[{"element-6066-11e4-a52e-4f735466cecf":"f.2C8FF78414D0A066996B014FE9210B62.d.005365C5A4D0B0C96012D7792CAB1A39.e.4492","ELEMENT":"f.2C8FF78414D0A066996B014FE9210B62.d.005365C5A4D0B0C96012D7792CAB1A39.e.4492"}]}
COMMAND: POST /session/a9951698a0529649221826e5653b28bf/execute/sync - {"script":"<script> [5351 bytes]","args":[{"element-6066-11e4-a52e-4f735466cecf":"f.2C8FF78414D0A066996B014FE9210B62.d.005365C5A4D0B0C96012D7792CAB1A39.e.4492","ELEMENT":"f.2C8FF78414D0A066996B014FE9210B62.d.005365C5A4D0B0C96012D7792CAB1A39.e.4492"}]}
COMMAND: GET /session/a9951698a0529649221826e5653b28bf/screenshot - {}
RESULT: {}
RESULT: {"script":"<script> [5351 bytes]","args":[{"element-6066-11e4-a52e-4f735466cecf":"f.2C8FF78414D0A066996B014FE9210B62.d.005365C5A4D0B0C96012D7792CAB1A39.e.4492","ELEMENT":"f.2C8FF78414D0A066996B014FE9210B62.d.005365C5A4D0B0C96012D7792CAB1A39.e.4492"}]}
COMMAND: POST /session/a9951698a0529649221826e5653b28bf/execute/sync - {"script":"<script> [8489 bytes]","args":[{"element-6066-11e4-a52e-4f735466cecf":"f.2C8FF78414D0A066996B014FE9210B62.d.005365C5A4D0B0C96012D7792CAB1A39.e.4492","ELEMENT":"f.2C8FF78414D0A066996B014FE9210B62.d.005365C5A4D0B0C96012D7792CAB1A39.e.4492"}]}
COMMAND: GET /session/a9951698a0529649221826e5653b28bf/screenshot - {}
RESULT: {}
RESULT: {"script":"<script> [8489 bytes]","args":[{"element-6066-11e4-a52e-4f735466cecf":"f.2C8FF78414D0A066996B014FE9210B62.d.005365C5A4D0B0C96012D7792CAB1A39.e.4492","ELEMENT":"f.2C8FF78414D0A066996B014FE9210B62.d.005365C5A4D0B0C96012D7792CAB1A39.e.4492"}]}
COMMAND: POST /session/a9951698a0529649221826e5653b28bf/execute/sync - {"script":"<script> [5351 bytes]","args":[{"element-6066-11e4-a52e-4f735466cecf":"f.2C8FF78414D0A066996B014FE9210B62.d.005365C5A4D0B0C96012D7792CAB1A39.e.4492","ELEMENT":"f.2C8FF78414D0A066996B014FE9210B62.d.005365C5A4D0B0C96012D7792CAB1A39.e.4492"}]}
COMMAND: GET /session/a9951698a0529649221826e5653b28bf/screenshot - {}
RESULT: {}
RESULT: {"script":"<script> [5351 bytes]","args":[{"element-6066-11e4-a52e-4f735466cecf":"f.2C8FF78414D0A066996B014FE9210B62.d.005365C5A4D0B0C96012D7792CAB1A39.e.4492","ELEMENT":"f.2C8FF78414D0A066996B014FE9210B62.d.005365C5A4D0B0C96012D7792CAB1A39.e.4492"}]}
COMMAND: POST /session/a9951698a0529649221826e5653b28bf/execute/sync - {"script":"<script> [8489 bytes]","args":[{"element-6066-11e4-a52e-4f735466cecf":"f.2C8FF78414D0A066996B014FE9210B62.d.005365C5A4D0B0C96012D7792CAB1A39.e.4492","ELEMENT":"f.2C8FF78414D0A066996B014FE9210B62.d.005365C5A4D0B0C96012D7792CAB1A39.e.4492"}]}
COMMAND: GET /session/a9951698a0529649221826e5653b28bf/screenshot - {}
RESULT: {}
RESULT: {"script":"<script> [8489 bytes]","args":[{"element-6066-11e4-a52e-4f735466cecf":"f.2C8FF78414D0A066996B014FE9210B62.d.005365C5A4D0B0C96012D7792CAB1A39.e.4492","ELEMENT":"f.2C8FF78414D0A066996B014FE9210B62.d.005365C5A4D0B0C96012D7792CAB1A39.e.4492"}]}
COMMAND: POST /session/a9951698a0529649221826e5653b28bf/execute/sync - {"script":"<script> [5351 bytes]","args":[{"element-6066-11e4-a52e-4f735466cecf":"f.2C8FF78414D0A066996B014FE9210B62.d.005365C5A4D0B0C96012D7792CAB1A39.e.4492","ELEMENT":"f.2C8FF78414D0A066996B014FE9210B62.d.005365C5A4D0B0C96012D7792CAB1A39.e.4492"}]}
COMMAND: GET /session/a9951698a0529649221826e5653b28bf/screenshot - {}
RESULT: {}
RESULT: {"script":"<script> [5351 bytes]","args":[{"element-6066-11e4-a52e-4f735466cecf":"f.2C8FF78414D0A066996B014FE9210B62.d.005365C5A4D0B0C96012D7792CAB1A39.e.4492","ELEMENT":"f.2C8FF78414D0A066996B014FE9210B62.d.005365C5A4D0B0C96012D7792CAB1A39.e.4492"}]}
COMMAND: POST /session/a9951698a0529649221826e5653b28bf/execute/sync - {"script":"<script> [8489 bytes]","args":[{"element-6066-11e4-a52e-4f735466cecf":"f.2C8FF78414D0A066996B014FE9210B62.d.005365C5A4D0B0C96012D7792CAB1A39.e.4492","ELEMENT":"f.2C8FF78414D0A066996B014FE9210B62.d.005365C5A4D0B0C96012D7792CAB1A39.e.4492"}]}
COMMAND: GET /session/a9951698a0529649221826e5653b28bf/screenshot - {}
RESULT: {}
RESULT: {"script":"<script> [8489 bytes]","args":[{"element-6066-11e4-a52e-4f735466cecf":"f.2C8FF78414D0A066996B014FE9210B62.d.005365C5A4D0B0C96012D7792CAB1A39.e.4492","ELEMENT":"f.2C8FF78414D0A066996B014FE9210B62.d.005365C5A4D0B0C96012D7792CAB1A39.e.4492"}]}
COMMAND: POST /session/a9951698a0529649221826e5653b28bf/execute/sync - {"script":"<script> [5351 bytes]","args":[{"element-6066-11e4-a52e-4f735466cecf":"f.2C8FF78414D0A066996B014FE9210B62.d.005365C5A4D0B0C96012D7792CAB1A39.e.4492","ELEMENT":"f.2C8FF78414D0A066996B014FE9210B62.d.005365C5A4D0B0C96012D7792CAB1A39.e.4492"}]}
COMMAND: GET /session/a9951698a0529649221826e5653b28bf/screenshot - {}
RESULT: {}
RESULT: {"script":"<script> [5351 bytes]","args":[{"element-6066-11e4-a52e-4f735466cecf":"f.2C8FF78414D0A066996B014FE9210B62.d.005365C5A4D0B0C96012D7792CAB1A39.e.4492","ELEMENT":"f.2C8FF78414D0A066996B014FE9210B62.d.005365C5A4D0B0C96012D7792CAB1A39.e.4492"}]}
COMMAND: POST /session/a9951698a0529649221826e5653b28bf/element - {"using":"xpath","value":"//*[contains(@data-kt ,\"webshopDetailSiteLink\")]"}
RESULT: {}
RESULT: {"using":"xpath","value":"//*[contains(@data-kt ,\"webshopDetailSiteLink\")]"}
COMMAND: POST /session/a9951698a0529649221826e5653b28bf/element/f.2C8FF78414D0A066996B014FE9210B62.d.005365C5A4D0B0C96012D7792CAB1A39.e.4492/click - {}
RESULT: {}
COMMAND: GET /session/a9951698a0529649221826e5653b28bf/screenshot - {}
COMMAND: GET /session/a9951698a0529649221826e5653b28bf/screenshot - {}
RESULT: {}
RESULT: {}
COMMAND: POST /session/a9951698a0529649221826e5653b28bf/element/f.2C8FF78414D0A066996B014FE9210B62.d.005365C5A4D0B0C96012D7792CAB1A39.e.3945/click - {}
COMMAND: POST /session/a9951698a0529649221826e5653b28bf/element - {"using":"xpath","value":"//*[contains(@data-kt ,\"ContextMenuId3Link\")][contains(text(), \"Site Main Address\")]"}
RESULT: {"using":"xpath","value":"//*[contains(@data-kt ,\"ContextMenuId3Link\")][contains(text(), \"Site Main Address\")]"}
COMMAND: POST /session/a9951698a0529649221826e5653b28bf/element/f.2C8FF78414D0A066996B014FE9210B62.d.005365C5A4D0B0C96012D7792CAB1A39.e.3945/click - {}
COMMAND: POST /session/a9951698a0529649221826e5653b28bf/element - {"using":"xpath","value":"//*[contains(@data-kt ,\"ContextMenuId3Link\")][contains(text(), \"Site Main Address\")]"}
RESULT: {"using":"xpath","value":"//*[contains(@data-kt ,\"ContextMenuId3Link\")][contains(text(), \"Site Main Address\")]"}
COMMAND: POST /session/a9951698a0529649221826e5653b28bf/element/f.2C8FF78414D0A066996B014FE9210B62.d.005365C5A4D0B0C96012D7792CAB1A39.e.4514/click - {}
RESULT: {}
COMMAND: GET /session/a9951698a0529649221826e5653b28bf/screenshot - {}
COMMAND: POST /session/a9951698a0529649221826e5653b28bf/element - {"using":"xpath","value":"//span[contains(@id ,\"application-addressmanagement-display-component---masterAdm--title1-inner\")]"}
RESULT: {}
RESULT: {"using":"xpath","value":"//span[contains(@id ,\"application-addressmanagement-display-component---masterAdm--title1-inner\")]"}
COMMAND: GET /session/a9951698a0529649221826e5653b28bf/element/f.2C8FF78414D0A066996B014FE9210B62.d.005365C5A4D0B0C96012D7792CAB1A39.e.4726/text - {}
RESULT: {}
COMMAND: POST /session/a9951698a0529649221826e5653b28bf/element - {"using":"xpath","value":"//span[contains(@id ,\"application-addressmanagement-display-component---detailAdm--addressDetailDetailsName1\")][contains(text(), \"WebdriverSiteckga3h\")]"}
RESULT: {"using":"xpath","value":"//span[contains(@id ,\"application-addressmanagement-display-component---detailAdm--addressDetailDetailsName1\")][contains(text(), \"WebdriverSiteckga3h\")]"}
COMMAND: POST /session/a9951698a0529649221826e5653b28bf/execute/sync - {"script":"<script> [8489 bytes]","args":[{"element-6066-11e4-a52e-4f735466cecf":"f.2C8FF78414D0A066996B014FE9210B62.d.005365C5A4D0B0C96012D7792CAB1A39.e.4727","ELEMENT":"f.2C8FF78414D0A066996B014FE9210B62.d.005365C5A4D0B0C96012D7792CAB1A39.e.4727"}]}
RESULT: undefined
COMMAND: POST /session/a9951698a0529649221826e5653b28bf/element - {"using":"xpath","value":"//*[@id=\"backBtn\"]"}
RESULT: {"script":"<script> [8489 bytes]","args":[{"element-6066-11e4-a52e-4f735466cecf":"f.2C8FF78414D0A066996B014FE9210B62.d.005365C5A4D0B0C96012D7792CAB1A39.e.4727","ELEMENT":"f.2C8FF78414D0A066996B014FE9210B62.d.005365C5A4D0B0C96012D7792CAB1A39.e.4727"}]}
COMMAND: GET /session/a9951698a0529649221826e5653b28bf/screenshot - {}
RESULT: {"using":"xpath","value":"//*[@id=\"backBtn\"]"}
COMMAND: POST /session/a9951698a0529649221826e5653b28bf/element/f.2C8FF78414D0A066996B014FE9210B62.d.005365C5A4D0B0C96012D7792CAB1A39.e.3245/click - {}
RESULT: {}
RESULT: {}
COMMAND: GET /session/a9951698a0529649221826e5653b28bf/screenshot - {}
RESULT: {}
COMMAND: POST /session/a9951698a0529649221826e5653b28bf/execute/sync - {"script":"<script> [8489 bytes]","args":[{"element-6066-11e4-a52e-4f735466cecf":"f.2C8FF78414D0A066996B014FE9210B62.d.005365C5A4D0B0C96012D7792CAB1A39.e.4492","ELEMENT":"f.2C8FF78414D0A066996B014FE9210B62.d.005365C5A4D0B0C96012D7792CAB1A39.e.4492"}]}
COMMAND: POST /session/a9951698a0529649221826e5653b28bf/element - {"using":"xpath","value":"//*[contains(@data-kt ,\"webshopDetailSiteLink\")]"}
RESULT: {"using":"xpath","value":"//*[contains(@data-kt ,\"webshopDetailSiteLink\")]"}
COMMAND: POST /session/a9951698a0529649221826e5653b28bf/execute/sync - {"script":"<script> [8489 bytes]","args":[{"element-6066-11e4-a52e-4f735466cecf":"f.2C8FF78414D0A066996B014FE9210B62.d.005365C5A4D0B0C96012D7792CAB1A39.e.4892","ELEMENT":"f.2C8FF78414D0A066996B014FE9210B62.d.005365C5A4D0B0C96012D7792CAB1A39.e.4892"}]}
RESULT: {"script":"<script> [8489 bytes]","args":[{"element-6066-11e4-a52e-4f735466cecf":"f.2C8FF78414D0A066996B014FE9210B62.d.005365C5A4D0B0C96012D7792CAB1A39.e.4892","ELEMENT":"f.2C8FF78414D0A066996B014FE9210B62.d.005365C5A4D0B0C96012D7792CAB1A39.e.4892"}]}
COMMAND: POST /session/a9951698a0529649221826e5653b28bf/execute/sync - {"script":"<script> [5351 bytes]","args":[{"element-6066-11e4-a52e-4f735466cecf":"f.2C8FF78414D0A066996B014FE9210B62.d.005365C5A4D0B0C96012D7792CAB1A39.e.4892","ELEMENT":"f.2C8FF78414D0A066996B014FE9210B62.d.005365C5A4D0B0C96012D7792CAB1A39.e.4892"}]}
COMMAND: GET /session/a9951698a0529649221826e5653b28bf/screenshot - {}
RESULT: {"script":"<script> [5351 bytes]","args":[{"element-6066-11e4-a52e-4f735466cecf":"f.2C8FF78414D0A066996B014FE9210B62.d.005365C5A4D0B0C96012D7792CAB1A39.e.4892","ELEMENT":"f.2C8FF78414D0A066996B014FE9210B62.d.005365C5A4D0B0C96012D7792CAB1A39.e.4892"}]}
COMMAND: POST /session/a9951698a0529649221826e5653b28bf/element - {"using":"xpath","value":"//*[contains(@data-kt ,\"webshopDetailSiteLink\")]"}
COMMAND: GET /session/a9951698a0529649221826e5653b28bf/screenshot - {}
RESULT: {}
RESULT: {"using":"xpath","value":"//*[contains(@data-kt ,\"webshopDetailSiteLink\")]"}
COMMAND: POST /session/a9951698a0529649221826e5653b28bf/element/f.2C8FF78414D0A066996B014FE9210B62.d.005365C5A4D0B0C96012D7792CAB1A39.e.4892/click - {}
RESULT: {}
RESULT: {}
COMMAND: GET /session/a9951698a0529649221826e5653b28bf/screenshot - {}
RESULT: {}
COMMAND: POST /session/a9951698a0529649221826e5653b28bf/element - {"using":"xpath","value":"//button[contains(@data-kt ,\"ContextMenuIdExternalLink\")]"}
RESULT: {"using":"xpath","value":"//button[contains(@data-kt ,\"ContextMenuIdExternalLink\")]"}
COMMAND: POST /session/a9951698a0529649221826e5653b28bf/element/f.2C8FF78414D0A066996B014FE9210B62.d.005365C5A4D0B0C96012D7792CAB1A39.e.4893/click - {}
RESULT: {}
COMMAND: GET /session/a9951698a0529649221826e5653b28bf/screenshot - {}
RESULT: {}
COMMAND: GET /session/a9951698a0529649221826e5653b28bf/window/handles - {}
RESULT: {}
COMMAND: POST /session/a9951698a0529649221826e5653b28bf/window - {"handle":"DFF3B26C83E69D022F85E22EAA6E06FF"}
RESULT: {"handle":"DFF3B26C83E69D022F85E22EAA6E06FF"}
COMMAND: GET /session/a9951698a0529649221826e5653b28bf/url - {}
RESULT: {}
COMMAND: GET /session/a9951698a0529649221826e5653b28bf/screenshot - {}
COMMAND: DELETE /session/a9951698a0529649221826e5653b28bf/window - {}
RESULT: {}
RESULT: {}
COMMAND: POST /session/a9951698a0529649221826e5653b28bf/window - {"handle":"2C8FF78414D0A066996B014FE9210B62"}
RESULT: {"handle":"2C8FF78414D0A066996B014FE9210B62"}
COMMAND: GET /session/a9951698a0529649221826e5653b28bf/url - {}
RESULT: {}
COMMAND: GET /session/a9951698a0529649221826e5653b28bf/screenshot - {}
RESULT: {}
COMMAND: POST /session/a9951698a0529649221826e5653b28bf/element - {"using":"xpath","value":"//button[contains(@data-kt ,\"ContextMenuExternalId2Link\")]"}
RESULT: {"using":"xpath","value":"//button[contains(@data-kt ,\"ContextMenuExternalId2Link\")]"}
COMMAND: POST /session/a9951698a0529649221826e5653b28bf/element/f.2C8FF78414D0A066996B014FE9210B62.d.005365C5A4D0B0C96012D7792CAB1A39.e.4898/click - {}
RESULT: {}
COMMAND: GET /session/a9951698a0529649221826e5653b28bf/screenshot - {}
RESULT: {}
COMMAND: GET /session/a9951698a0529649221826e5653b28bf/window/handles - {}
RESULT: {}
COMMAND: POST /session/a9951698a0529649221826e5653b28bf/window - {"handle":"A75848207A599E9AEC1F1167C359008A"}
RESULT: {"handle":"A75848207A599E9AEC1F1167C359008A"}
COMMAND: GET /session/a9951698a0529649221826e5653b28bf/url - {}
RESULT: {}
COMMAND: GET /session/a9951698a0529649221826e5653b28bf/screenshot - {}
RESULT: {}
COMMAND: POST /session/a9951698a0529649221826e5653b28bf/execute/sync - {"script":"<script> [8489 bytes]","args":[{"element-6066-11e4-a52e-4f735466cecf":"f.2C8FF78414D0A066996B014FE9210B62.d.005365C5A4D0B0C96012D7792CAB1A39.e.4363","ELEMENT":"f.2C8FF78414D0A066996B014FE9210B62.d.005365C5A4D0B0C96012D7792CAB1A39.e.4363"}]}
COMMAND: DELETE /session/a9951698a0529649221826e5653b28bf/window - {}
RESULT: {"script":"<script> [8489 bytes]","args":[{"element-6066-11e4-a52e-4f735466cecf":"f.2C8FF78414D0A066996B014FE9210B62.d.005365C5A4D0B0C96012D7792CAB1A39.e.4363","ELEMENT":"f.2C8FF78414D0A066996B014FE9210B62.d.005365C5A4D0B0C96012D7792CAB1A39.e.4363"}]}
COMMAND: GET /session/a9951698a0529649221826e5653b28bf/screenshot - {}
COMMAND: POST /session/a9951698a0529649221826e5653b28bf/execute/sync - {"script":"<script> [8489 bytes]","args":[{"element-6066-11e4-a52e-4f735466cecf":"f.2C8FF78414D0A066996B014FE9210B62.d.005365C5A4D0B0C96012D7792CAB1A39.e.4363","ELEMENT":"f.2C8FF78414D0A066996B014FE9210B62.d.005365C5A4D0B0C96012D7792CAB1A39.e.4363"}]}
RESULT: {}
COMMAND: POST /session/a9951698a0529649221826e5653b28bf/window - {"handle":"2C8FF78414D0A066996B014FE9210B62"}
RESULT: {"handle":"2C8FF78414D0A066996B014FE9210B62"}
COMMAND: GET /session/a9951698a0529649221826e5653b28bf/url - {}
RESULT: {}
COMMAND: POST /session/a9951698a0529649221826e5653b28bf/element - {"using":"xpath","value":"(//span[contains(text(), \"WebdriverSiteckga3h\")])[2]"}
RESULT: {}
COMMAND: GET /session/a9951698a0529649221826e5653b28bf/screenshot - {}
RESULT: {"using":"xpath","value":"(//span[contains(text(), \"WebdriverSiteckga3h\")])[2]"}
COMMAND: POST /session/a9951698a0529649221826e5653b28bf/element - {"using":"xpath","value":"(//span[contains(text(), \"WebdriverSiteckga3h\")])[2]"}
RESULT: {}
RESULT: {"using":"xpath","value":"(//span[contains(text(), \"WebdriverSiteckga3h\")])[2]"}
COMMAND: POST /session/a9951698a0529649221826e5653b28bf/element - {"using":"xpath","value":"(//span[contains(text(), \"WebdriverSiteckga3h\")])[2]"}
RESULT: {"using":"xpath","value":"(//span[contains(text(), \"WebdriverSiteckga3h\")])[2]"}
COMMAND: POST /session/a9951698a0529649221826e5653b28bf/element - {"using":"xpath","value":"(//span[contains(text(), \"WebdriverSiteckga3h\")])[2]"}
RESULT: {"using":"xpath","value":"(//span[contains(text(), \"WebdriverSiteckga3h\")])[2]"}
COMMAND: POST /session/a9951698a0529649221826e5653b28bf/element - {"using":"xpath","value":"(//span[contains(text(), \"WebdriverSiteckga3h\")])[2]"}
RESULT: {"using":"xpath","value":"(//span[contains(text(), \"WebdriverSiteckga3h\")])[2]"}
COMMAND: POST /session/a9951698a0529649221826e5653b28bf/element - {"using":"xpath","value":"(//span[contains(text(), \"WebdriverSiteckga3h\")])[2]"}
RESULT: {"using":"xpath","value":"(//span[contains(text(), \"WebdriverSiteckga3h\")])[2]"}
COMMAND: POST /session/a9951698a0529649221826e5653b28bf/element - {"using":"xpath","value":"(//span[contains(text(), \"WebdriverSiteckga3h\")])[2]"}
RESULT: {"using":"xpath","value":"(//span[contains(text(), \"WebdriverSiteckga3h\")])[2]"}
COMMAND: POST /session/a9951698a0529649221826e5653b28bf/element - {"using":"xpath","value":"(//span[contains(text(), \"WebdriverSiteckga3h\")])[2]"}
RESULT: {"using":"xpath","value":"(//span[contains(text(), \"WebdriverSiteckga3h\")])[2]"}
COMMAND: POST /session/a9951698a0529649221826e5653b28bf/execute/sync - {"script":"<script> [8489 bytes]","args":[{"element-6066-11e4-a52e-4f735466cecf":"f.2C8FF78414D0A066996B014FE9210B62.d.005365C5A4D0B0C96012D7792CAB1A39.e.4892","ELEMENT":"f.2C8FF78414D0A066996B014FE9210B62.d.005365C5A4D0B0C96012D7792CAB1A39.e.4892"}]}
RESULT: {"script":"<script> [8489 bytes]","args":[{"element-6066-11e4-a52e-4f735466cecf":"f.2C8FF78414D0A066996B014FE9210B62.d.005365C5A4D0B0C96012D7792CAB1A39.e.4892","ELEMENT":"f.2C8FF78414D0A066996B014FE9210B62.d.005365C5A4D0B0C96012D7792CAB1A39.e.4892"}]}
COMMAND: POST /session/a9951698a0529649221826e5653b28bf/execute/sync - {"script":"<script> [5351 bytes]","args":[{"element-6066-11e4-a52e-4f735466cecf":"f.2C8FF78414D0A066996B014FE9210B62.d.005365C5A4D0B0C96012D7792CAB1A39.e.4892","ELEMENT":"f.2C8FF78414D0A066996B014FE9210B62.d.005365C5A4D0B0C96012D7792CAB1A39.e.4892"}]}
COMMAND: GET /session/a9951698a0529649221826e5653b28bf/screenshot - {}
RESULT: {"script":"<script> [5351 bytes]","args":[{"element-6066-11e4-a52e-4f735466cecf":"f.2C8FF78414D0A066996B014FE9210B62.d.005365C5A4D0B0C96012D7792CAB1A39.e.4892","ELEMENT":"f.2C8FF78414D0A066996B014FE9210B62.d.005365C5A4D0B0C96012D7792CAB1A39.e.4892"}]}
COMMAND: POST /session/a9951698a0529649221826e5653b28bf/element - {"using":"xpath","value":"//*[contains(@data-kt ,\"webshopDetailSiteLink\")]"}
COMMAND: GET /session/a9951698a0529649221826e5653b28bf/screenshot - {}
RESULT: {}
RESULT: {"using":"xpath","value":"//*[contains(@data-kt ,\"webshopDetailSiteLink\")]"}
COMMAND: POST /session/a9951698a0529649221826e5653b28bf/element/f.2C8FF78414D0A066996B014FE9210B62.d.005365C5A4D0B0C96012D7792CAB1A39.e.4892/click - {}
COMMAND: POST /session/a9951698a0529649221826e5653b28bf/element - {"using":"xpath","value":"(//span[contains(text(), \"WebdriverSiteckga3h\")])[2]"}
RESULT: {}
RESULT: {}
COMMAND: GET /session/a9951698a0529649221826e5653b28bf/screenshot - {}
RESULT: {"using":"xpath","value":"(//span[contains(text(), \"WebdriverSiteckga3h\")])[2]"}
COMMAND: POST /session/a9951698a0529649221826e5653b28bf/execute/sync - {"script":"<script> [8489 bytes]","args":[{"element-6066-11e4-a52e-4f735466cecf":"f.2C8FF78414D0A066996B014FE9210B62.d.005365C5A4D0B0C96012D7792CAB1A39.e.4914","ELEMENT":"f.2C8FF78414D0A066996B014FE9210B62.d.005365C5A4D0B0C96012D7792CAB1A39.e.4914"}]}
RESULT: {}
RESULT: {"script":"<script> [8489 bytes]","args":[{"element-6066-11e4-a52e-4f735466cecf":"f.2C8FF78414D0A066996B014FE9210B62.d.005365C5A4D0B0C96012D7792CAB1A39.e.4914","ELEMENT":"f.2C8FF78414D0A066996B014FE9210B62.d.005365C5A4D0B0C96012D7792CAB1A39.e.4914"}]}
COMMAND: GET /session/a9951698a0529649221826e5653b28bf/screenshot - {}
RESULT: {}
COMMAND: POST /session/a9951698a0529649221826e5653b28bf/element - {"using":"xpath","value":"(//button[contains(@data-kt ,\"ContextMenuExternalId3Link\")])[2]"}
RESULT: {"using":"xpath","value":"(//button[contains(@data-kt ,\"ContextMenuExternalId3Link\")])[2]"}
COMMAND: POST /session/a9951698a0529649221826e5653b28bf/element/f.2C8FF78414D0A066996B014FE9210B62.d.005365C5A4D0B0C96012D7792CAB1A39.e.4915/click - {}
RESULT: {}
COMMAND: GET /session/a9951698a0529649221826e5653b28bf/screenshot - {}
RESULT: {}
COMMAND: GET /session/a9951698a0529649221826e5653b28bf/window/handles - {}
RESULT: {}
COMMAND: POST /session/a9951698a0529649221826e5653b28bf/window - {"handle":"B0312A3D2348FC8B0426F317B67D4B88"}
RESULT: {"handle":"B0312A3D2348FC8B0426F317B67D4B88"}
COMMAND: GET /session/a9951698a0529649221826e5653b28bf/url - {}
RESULT: {}
COMMAND: GET /session/a9951698a0529649221826e5653b28bf/screenshot - {}
COMMAND: POST /session/a9951698a0529649221826e5653b28bf/execute/sync - {"script":"<script> [8489 bytes]","args":[{"element-6066-11e4-a52e-4f735466cecf":"f.2C8FF78414D0A066996B014FE9210B62.d.005365C5A4D0B0C96012D7792CAB1A39.e.4727","ELEMENT":"f.2C8FF78414D0A066996B014FE9210B62.d.005365C5A4D0B0C96012D7792CAB1A39.e.4727"}]}
RESULT: {}
RESULT: {"script":"<script> [8489 bytes]","args":[{"element-6066-11e4-a52e-4f735466cecf":"f.2C8FF78414D0A066996B014FE9210B62.d.005365C5A4D0B0C96012D7792CAB1A39.e.4727","ELEMENT":"f.2C8FF78414D0A066996B014FE9210B62.d.005365C5A4D0B0C96012D7792CAB1A39.e.4727"}]}
COMMAND: GET /session/a9951698a0529649221826e5653b28bf/screenshot - {}
RESULT: {}
COMMAND: POST /session/a9951698a0529649221826e5653b28bf/execute/sync - {"script":"<script> [8489 bytes]","args":[{"element-6066-11e4-a52e-4f735466cecf":"f.2C8FF78414D0A066996B014FE9210B62.d.005365C5A4D0B0C96012D7792CAB1A39.e.4727","ELEMENT":"f.2C8FF78414D0A066996B014FE9210B62.d.005365C5A4D0B0C96012D7792CAB1A39.e.4727"}]}
RESULT: {"script":"<script> [8489 bytes]","args":[{"element-6066-11e4-a52e-4f735466cecf":"f.2C8FF78414D0A066996B014FE9210B62.d.005365C5A4D0B0C96012D7792CAB1A39.e.4727","ELEMENT":"f.2C8FF78414D0A066996B014FE9210B62.d.005365C5A4D0B0C96012D7792CAB1A39.e.4727"}]}
COMMAND: GET /session/a9951698a0529649221826e5653b28bf/screenshot - {}
RESULT: {}
COMMAND: POST /session/a9951698a0529649221826e5653b28bf/execute/sync - {"script":"<script> [8489 bytes]","args":[{"element-6066-11e4-a52e-4f735466cecf":"f.2C8FF78414D0A066996B014FE9210B62.d.005365C5A4D0B0C96012D7792CAB1A39.e.4727","ELEMENT":"f.2C8FF78414D0A066996B014FE9210B62.d.005365C5A4D0B0C96012D7792CAB1A39.e.4727"}]}
RESULT: {"script":"<script> [8489 bytes]","args":[{"element-6066-11e4-a52e-4f735466cecf":"f.2C8FF78414D0A066996B014FE9210B62.d.005365C5A4D0B0C96012D7792CAB1A39.e.4727","ELEMENT":"f.2C8FF78414D0A066996B014FE9210B62.d.005365C5A4D0B0C96012D7792CAB1A39.e.4727"}]}
COMMAND: GET /session/a9951698a0529649221826e5653b28bf/screenshot - {}
COMMAND: DELETE /session/a9951698a0529649221826e5653b28bf/window - {}
RESULT: {}
COMMAND: POST /session/a9951698a0529649221826e5653b28bf/execute/sync - {"script":"<script> [8489 bytes]","args":[{"element-6066-11e4-a52e-4f735466cecf":"f.2C8FF78414D0A066996B014FE9210B62.d.005365C5A4D0B0C96012D7792CAB1A39.e.4727","ELEMENT":"f.2C8FF78414D0A066996B014FE9210B62.d.005365C5A4D0B0C96012D7792CAB1A39.e.4727"}]}
RESULT: {}
COMMAND: POST /session/a9951698a0529649221826e5653b28bf/window - {"handle":"2C8FF78414D0A066996B014FE9210B62"}
RESULT: {"handle":"2C8FF78414D0A066996B014FE9210B62"}
COMMAND: GET /session/a9951698a0529649221826e5653b28bf/url - {}
COMMAND: POST /session/a9951698a0529649221826e5653b28bf/element - {"using":"xpath","value":"//span[contains(@id ,\"application-addressmanagement-display-component---detailAdm--addressDetailDetailsName1\")][contains(text(), \"WebdriverSiteckga3h\")]"}
RESULT: {}
COMMAND: GET /session/a9951698a0529649221826e5653b28bf/screenshot - {}
RESULT: {"using":"xpath","value":"//span[contains(@id ,\"application-addressmanagement-display-component---detailAdm--addressDetailDetailsName1\")][contains(text(), \"WebdriverSiteckga3h\")]"}
COMMAND: POST /session/a9951698a0529649221826e5653b28bf/element - {"using":"xpath","value":"//span[contains(@id ,\"application-addressmanagement-display-component---detailAdm--addressDetailDetailsName1\")][contains(text(), \"WebdriverSiteckga3h\")]"}
RESULT: {}
RESULT: {"using":"xpath","value":"//span[contains(@id ,\"application-addressmanagement-display-component---detailAdm--addressDetailDetailsName1\")][contains(text(), \"WebdriverSiteckga3h\")]"}
COMMAND: POST /session/a9951698a0529649221826e5653b28bf/element - {"using":"xpath","value":"//span[contains(@id ,\"application-addressmanagement-display-component---detailAdm--addressDetailDetailsName1\")][contains(text(), \"WebdriverSiteckga3h\")]"}
RESULT: {"using":"xpath","value":"//span[contains(@id ,\"application-addressmanagement-display-component---detailAdm--addressDetailDetailsName1\")][contains(text(), \"WebdriverSiteckga3h\")]"}
COMMAND: POST /session/a9951698a0529649221826e5653b28bf/element - {"using":"xpath","value":"//span[contains(@id ,\"application-addressmanagement-display-component---detailAdm--addressDetailDetailsName1\")][contains(text(), \"WebdriverSiteckga3h\")]"}
RESULT: {"using":"xpath","value":"//span[contains(@id ,\"application-addressmanagement-display-component---detailAdm--addressDetailDetailsName1\")][contains(text(), \"WebdriverSiteckga3h\")]"}
COMMAND: POST /session/a9951698a0529649221826e5653b28bf/element - {"using":"xpath","value":"//span[contains(@id ,\"application-addressmanagement-display-component---detailAdm--addressDetailDetailsName1\")][contains(text(), \"WebdriverSiteckga3h\")]"}
RESULT: {"using":"xpath","value":"//span[contains(@id ,\"application-addressmanagement-display-component---detailAdm--addressDetailDetailsName1\")][contains(text(), \"WebdriverSiteckga3h\")]"}
COMMAND: POST /session/a9951698a0529649221826e5653b28bf/element - {"using":"xpath","value":"//span[contains(@id ,\"application-addressmanagement-display-component---detailAdm--addressDetailDetailsName1\")][contains(text(), \"WebdriverSiteckga3h\")]"}
RESULT: {"using":"xpath","value":"//span[contains(@id ,\"application-addressmanagement-display-component---detailAdm--addressDetailDetailsName1\")][contains(text(), \"WebdriverSiteckga3h\")]"}
COMMAND: POST /session/a9951698a0529649221826e5653b28bf/element - {"using":"xpath","value":"//span[contains(@id ,\"application-addressmanagement-display-component---detailAdm--addressDetailDetailsName1\")][contains(text(), \"WebdriverSiteckga3h\")]"}
RESULT: {"using":"xpath","value":"//span[contains(@id ,\"application-addressmanagement-display-component---detailAdm--addressDetailDetailsName1\")][contains(text(), \"WebdriverSiteckga3h\")]"}
COMMAND: POST /session/a9951698a0529649221826e5653b28bf/element - {"using":"xpath","value":"//span[contains(@id ,\"application-addressmanagement-display-component---detailAdm--addressDetailDetailsName1\")][contains(text(), \"WebdriverSiteckga3h\")]"}
RESULT: {"using":"xpath","value":"//span[contains(@id ,\"application-addressmanagement-display-component---detailAdm--addressDetailDetailsName1\")][contains(text(), \"WebdriverSiteckga3h\")]"}
COMMAND: POST /session/a9951698a0529649221826e5653b28bf/element - {"using":"xpath","value":"//span[contains(@id ,\"application-addressmanagement-display-component---detailAdm--addressDetailDetailsName1\")][contains(text(), \"WebdriverSiteckga3h\")]"}
RESULT: {"using":"xpath","value":"//span[contains(@id ,\"application-addressmanagement-display-component---detailAdm--addressDetailDetailsName1\")][contains(text(), \"WebdriverSiteckga3h\")]"}
]]></system-out>
    </testcase>
  </testsuite>
  <testsuite timestamp="2025-05-14T16:45:31" time="261.68" tests="2" failures="0" errors="0" skipped="0">
    <properties>
      <property name="specId" value="0" />
      <property name="suiteName" value="Webshop - Hyperlinks visible and working properly  US139085" />
      <property name="capabilities" value="chrome.136_0_7103_93.windows" />
      <property name="file" value="file:///D:/a/1/s/test/specs/R2C/webshop-hyperlinks-partner-address-contract-item.spec.js" />
    </properties>
    <testcase classname="chrome.136_0_7103_93.windows.Webshop_-_Hyperlinks_visible_and_working_properly__US139085" name="Should verify the customer and address hyperlinks" time="163.006">
      <system-out><![CDATA[
COMMAND: POST /session/a9951698a0529649221826e5653b28bf/element - {"using":"xpath","value":"//*[contains(@data-kt ,\"webshopDetailAddressLink\")]"}
RESULT: {"using":"xpath","value":"//*[contains(@data-kt ,\"webshopDetailAddressLink\")]"}
COMMAND: POST /session/a9951698a0529649221826e5653b28bf/execute/sync - {"script":"<script> [8489 bytes]","args":[{"element-6066-11e4-a52e-4f735466cecf":"f.2C8FF78414D0A066996B014FE9210B62.d.005365C5A4D0B0C96012D7792CAB1A39.e.5156","ELEMENT":"f.2C8FF78414D0A066996B014FE9210B62.d.005365C5A4D0B0C96012D7792CAB1A39.e.5156"}]}
COMMAND: POST /session/a9951698a0529649221826e5653b28bf/element - {"using":"xpath","value":"//span[contains(@id ,\"application-addressmanagement-display-component---detailAdm--addressDetailDetailsName1\")][contains(text(), \"WebdriverSiteckga3h\")]"}
RESULT: {"script":"<script> [8489 bytes]","args":[{"element-6066-11e4-a52e-4f735466cecf":"f.2C8FF78414D0A066996B014FE9210B62.d.005365C5A4D0B0C96012D7792CAB1A39.e.5156","ELEMENT":"f.2C8FF78414D0A066996B014FE9210B62.d.005365C5A4D0B0C96012D7792CAB1A39.e.5156"}]}
COMMAND: POST /session/a9951698a0529649221826e5653b28bf/execute/sync - {"script":"<script> [5351 bytes]","args":[{"element-6066-11e4-a52e-4f735466cecf":"f.2C8FF78414D0A066996B014FE9210B62.d.005365C5A4D0B0C96012D7792CAB1A39.e.5156","ELEMENT":"f.2C8FF78414D0A066996B014FE9210B62.d.005365C5A4D0B0C96012D7792CAB1A39.e.5156"}]}
COMMAND: GET /session/a9951698a0529649221826e5653b28bf/screenshot - {}
RESULT: {"using":"xpath","value":"//span[contains(@id ,\"application-addressmanagement-display-component---detailAdm--addressDetailDetailsName1\")][contains(text(), \"WebdriverSiteckga3h\")]"}
RESULT: {"script":"<script> [5351 bytes]","args":[{"element-6066-11e4-a52e-4f735466cecf":"f.2C8FF78414D0A066996B014FE9210B62.d.005365C5A4D0B0C96012D7792CAB1A39.e.5156","ELEMENT":"f.2C8FF78414D0A066996B014FE9210B62.d.005365C5A4D0B0C96012D7792CAB1A39.e.5156"}]}
COMMAND: GET /session/a9951698a0529649221826e5653b28bf/screenshot - {}
RESULT: {}
COMMAND: POST /session/a9951698a0529649221826e5653b28bf/element - {"using":"xpath","value":"//span[contains(@id ,\"application-addressmanagement-display-component---detailAdm--addressDetailDetailsName1\")][contains(text(), \"WebdriverSiteckga3h\")]"}
RESULT: {}
RESULT: {"using":"xpath","value":"//span[contains(@id ,\"application-addressmanagement-display-component---detailAdm--addressDetailDetailsName1\")][contains(text(), \"WebdriverSiteckga3h\")]"}
COMMAND: POST /session/a9951698a0529649221826e5653b28bf/element - {"using":"xpath","value":"//span[contains(@id ,\"application-addressmanagement-display-component---detailAdm--addressDetailDetailsName1\")][contains(text(), \"WebdriverSiteckga3h\")]"}
RESULT: {"using":"xpath","value":"//span[contains(@id ,\"application-addressmanagement-display-component---detailAdm--addressDetailDetailsName1\")][contains(text(), \"WebdriverSiteckga3h\")]"}
COMMAND: POST /session/a9951698a0529649221826e5653b28bf/element - {"using":"xpath","value":"//span[contains(@id ,\"application-addressmanagement-display-component---detailAdm--addressDetailDetailsName1\")][contains(text(), \"WebdriverSiteckga3h\")]"}
RESULT: {"using":"xpath","value":"//span[contains(@id ,\"application-addressmanagement-display-component---detailAdm--addressDetailDetailsName1\")][contains(text(), \"WebdriverSiteckga3h\")]"}
COMMAND: POST /session/a9951698a0529649221826e5653b28bf/element - {"using":"xpath","value":"//span[contains(@id ,\"application-addressmanagement-display-component---detailAdm--addressDetailDetailsName1\")][contains(text(), \"WebdriverSiteckga3h\")]"}
RESULT: {"using":"xpath","value":"//span[contains(@id ,\"application-addressmanagement-display-component---detailAdm--addressDetailDetailsName1\")][contains(text(), \"WebdriverSiteckga3h\")]"}
COMMAND: POST /session/a9951698a0529649221826e5653b28bf/element - {"using":"xpath","value":"//span[contains(@id ,\"application-addressmanagement-display-component---detailAdm--addressDetailDetailsName1\")][contains(text(), \"WebdriverSiteckga3h\")]"}
RESULT: {"using":"xpath","value":"//span[contains(@id ,\"application-addressmanagement-display-component---detailAdm--addressDetailDetailsName1\")][contains(text(), \"WebdriverSiteckga3h\")]"}
COMMAND: POST /session/a9951698a0529649221826e5653b28bf/element - {"using":"xpath","value":"//span[contains(@id ,\"application-addressmanagement-display-component---detailAdm--addressDetailDetailsName1\")][contains(text(), \"WebdriverSiteckga3h\")]"}
RESULT: {"using":"xpath","value":"//span[contains(@id ,\"application-addressmanagement-display-component---detailAdm--addressDetailDetailsName1\")][contains(text(), \"WebdriverSiteckga3h\")]"}
COMMAND: POST /session/a9951698a0529649221826e5653b28bf/element - {"using":"xpath","value":"//span[contains(@id ,\"application-addressmanagement-display-component---detailAdm--addressDetailDetailsName1\")][contains(text(), \"WebdriverSiteckga3h\")]"}
RESULT: {"using":"xpath","value":"//span[contains(@id ,\"application-addressmanagement-display-component---detailAdm--addressDetailDetailsName1\")][contains(text(), \"WebdriverSiteckga3h\")]"}
COMMAND: POST /session/a9951698a0529649221826e5653b28bf/element - {"using":"xpath","value":"//span[contains(@id ,\"application-addressmanagement-display-component---detailAdm--addressDetailDetailsName1\")][contains(text(), \"WebdriverSiteckga3h\")]"}
RESULT: {"using":"xpath","value":"//span[contains(@id ,\"application-addressmanagement-display-component---detailAdm--addressDetailDetailsName1\")][contains(text(), \"WebdriverSiteckga3h\")]"}
COMMAND: POST /session/a9951698a0529649221826e5653b28bf/element - {"using":"xpath","value":"//span[contains(@id ,\"application-addressmanagement-display-component---detailAdm--addressDetailDetailsName1\")][contains(text(), \"WebdriverSiteckga3h\")]"}
RESULT: {"using":"xpath","value":"//span[contains(@id ,\"application-addressmanagement-display-component---detailAdm--addressDetailDetailsName1\")][contains(text(), \"WebdriverSiteckga3h\")]"}
COMMAND: POST /session/a9951698a0529649221826e5653b28bf/element - {"using":"xpath","value":"//*[contains(@data-kt ,\"webshopDetailAddressLink\")]"}
RESULT: {"using":"xpath","value":"//*[contains(@data-kt ,\"webshopDetailAddressLink\")]"}
COMMAND: POST /session/a9951698a0529649221826e5653b28bf/element/f.2C8FF78414D0A066996B014FE9210B62.d.005365C5A4D0B0C96012D7792CAB1A39.e.5156/click - {}
RESULT: {}
COMMAND: GET /session/a9951698a0529649221826e5653b28bf/screenshot - {}
COMMAND: POST /session/a9951698a0529649221826e5653b28bf/element - {"using":"xpath","value":"//span[contains(@id ,\"application-addressmanagement-display-component---detailAdm--addressDetailDetailsName1\")][contains(text(), \"WebdriverSiteckga3h\")]"}
RESULT: {}
RESULT: {"using":"xpath","value":"//span[contains(@id ,\"application-addressmanagement-display-component---detailAdm--addressDetailDetailsName1\")][contains(text(), \"WebdriverSiteckga3h\")]"}
COMMAND: POST /session/a9951698a0529649221826e5653b28bf/element - {"using":"xpath","value":"//span[contains(@id ,\"application-addressmanagement-display-component---detailAdm--addressDetailDetailsName1\")][contains(text(), \"WebdriverSiteckga3h\")]"}
RESULT: {"using":"xpath","value":"//span[contains(@id ,\"application-addressmanagement-display-component---detailAdm--addressDetailDetailsName1\")][contains(text(), \"WebdriverSiteckga3h\")]"}
COMMAND: POST /session/a9951698a0529649221826e5653b28bf/element - {"using":"xpath","value":"//span[contains(@id ,\"application-addressmanagement-display-component---detailAdm--addressDetailDetailsName1\")][contains(text(), \"WebdriverSiteckga3h\")]"}
COMMAND: POST /session/a9951698a0529649221826e5653b28bf/element - {"using":"xpath","value":"//*[contains(@data-kt ,\"ContextMenuId2Link\")][contains(text(), \"Address Overview\")]"}
RESULT: {"using":"xpath","value":"//span[contains(@id ,\"application-addressmanagement-display-component---detailAdm--addressDetailDetailsName1\")][contains(text(), \"WebdriverSiteckga3h\")]"}
RESULT: {"using":"xpath","value":"//*[contains(@data-kt ,\"ContextMenuId2Link\")][contains(text(), \"Address Overview\")]"}
COMMAND: POST /session/a9951698a0529649221826e5653b28bf/execute/sync - {"script":"<script> [8489 bytes]","args":[{"element-6066-11e4-a52e-4f735466cecf":"f.2C8FF78414D0A066996B014FE9210B62.d.005365C5A4D0B0C96012D7792CAB1A39.e.5158","ELEMENT":"f.2C8FF78414D0A066996B014FE9210B62.d.005365C5A4D0B0C96012D7792CAB1A39.e.5158"}]}
COMMAND: POST /session/a9951698a0529649221826e5653b28bf/element - {"using":"xpath","value":"//*[contains(@data-kt ,\"ContextMenuId2Link\")][contains(text(), \"Address Overview\")]"}
RESULT: {"using":"xpath","value":"//*[contains(@data-kt ,\"ContextMenuId2Link\")][contains(text(), \"Address Overview\")]"}
COMMAND: POST /session/a9951698a0529649221826e5653b28bf/element/f.2C8FF78414D0A066996B014FE9210B62.d.005365C5A4D0B0C96012D7792CAB1A39.e.5158/click - {}
RESULT: {"script":"<script> [8489 bytes]","args":[{"element-6066-11e4-a52e-4f735466cecf":"f.2C8FF78414D0A066996B014FE9210B62.d.005365C5A4D0B0C96012D7792CAB1A39.e.5158","ELEMENT":"f.2C8FF78414D0A066996B014FE9210B62.d.005365C5A4D0B0C96012D7792CAB1A39.e.5158"}]}
COMMAND: GET /session/a9951698a0529649221826e5653b28bf/screenshot - {}
COMMAND: POST /session/a9951698a0529649221826e5653b28bf/element - {"using":"xpath","value":"//span[contains(@id ,\"application-addressmanagement-display-component---detailAdm--addressDetailDetailsName1\")][contains(text(), \"WebdriverSiteckga3h\")]"}
RESULT: {}
COMMAND: GET /session/a9951698a0529649221826e5653b28bf/screenshot - {}
RESULT: {}
RESULT: {"using":"xpath","value":"//span[contains(@id ,\"application-addressmanagement-display-component---detailAdm--addressDetailDetailsName1\")][contains(text(), \"WebdriverSiteckga3h\")]"}
RESULT: {}
COMMAND: POST /session/a9951698a0529649221826e5653b28bf/element - {"using":"xpath","value":"//span[contains(@id ,\"application-addressmanagement-display-component---detailAdm--addressDetailDetailsName1\")][contains(text(), \"WebdriverSiteckga3h\")]"}
RESULT: {"using":"xpath","value":"//span[contains(@id ,\"application-addressmanagement-display-component---detailAdm--addressDetailDetailsName1\")][contains(text(), \"WebdriverSiteckga3h\")]"}
COMMAND: POST /session/a9951698a0529649221826e5653b28bf/execute/sync - {"script":"<script> [8489 bytes]","args":[{"element-6066-11e4-a52e-4f735466cecf":"f.2C8FF78414D0A066996B014FE9210B62.d.005365C5A4D0B0C96012D7792CAB1A39.e.5446","ELEMENT":"f.2C8FF78414D0A066996B014FE9210B62.d.005365C5A4D0B0C96012D7792CAB1A39.e.5446"}]}
RESULT: {"script":"<script> [8489 bytes]","args":[{"element-6066-11e4-a52e-4f735466cecf":"f.2C8FF78414D0A066996B014FE9210B62.d.005365C5A4D0B0C96012D7792CAB1A39.e.5446","ELEMENT":"f.2C8FF78414D0A066996B014FE9210B62.d.005365C5A4D0B0C96012D7792CAB1A39.e.5446"}]}
COMMAND: GET /session/a9951698a0529649221826e5653b28bf/screenshot - {}
RESULT: {}
RESULT: undefined
COMMAND: POST /session/a9951698a0529649221826e5653b28bf/execute/async - {"script":"<script> [6424 bytes]","args":[{"element-6066-11e4-a52e-4f735466cecf":"f.2C8FF78414D0A066996B014FE9210B62.d.005365C5A4D0B0C96012D7792CAB1A39.e.3243"},"getTitle",[]]}
COMMAND: POST /session/a9951698a0529649221826e5653b28bf/execute/async - {"script":"<script> [1562 bytes]","args":[{"selector":{"id":"shellAppTitle"},"wdio_ui5_key":"shellAppTitle"}]}
RESULT: {"script":"<script> [1562 bytes]","args":[{"selector":{"id":"shellAppTitle"},"wdio_ui5_key":"shellAppTitle"}]}
COMMAND: POST /session/a9951698a0529649221826e5653b28bf/execute/async - {"script":"<script> [6424 bytes]","args":[{"element-6066-11e4-a52e-4f735466cecf":"f.2C8FF78414D0A066996B014FE9210B62.d.005365C5A4D0B0C96012D7792CAB1A39.e.5447"},"getTitle",[]]}
RESULT: {"script":"<script> [6424 bytes]","args":[{"element-6066-11e4-a52e-4f735466cecf":"f.2C8FF78414D0A066996B014FE9210B62.d.005365C5A4D0B0C96012D7792CAB1A39.e.5447"},"getTitle",[]]}
COMMAND: POST /session/a9951698a0529649221826e5653b28bf/element - {"using":"xpath","value":"//span[contains(@id ,\"application-addressmanagement-display-component---detailAdm--addressDetailDetailsName1\")][contains(text(), \"WebdriverSiteckga3h\")]"}
RESULT: {"using":"xpath","value":"//span[contains(@id ,\"application-addressmanagement-display-component---detailAdm--addressDetailDetailsName1\")][contains(text(), \"WebdriverSiteckga3h\")]"}
COMMAND: POST /session/a9951698a0529649221826e5653b28bf/execute/sync - {"script":"<script> [8489 bytes]","args":[{"element-6066-11e4-a52e-4f735466cecf":"f.2C8FF78414D0A066996B014FE9210B62.d.005365C5A4D0B0C96012D7792CAB1A39.e.5446","ELEMENT":"f.2C8FF78414D0A066996B014FE9210B62.d.005365C5A4D0B0C96012D7792CAB1A39.e.5446"}]}
RESULT: undefined
COMMAND: POST /session/a9951698a0529649221826e5653b28bf/element - {"using":"xpath","value":"//*[@id=\"backBtn\"]"}
RESULT: {"using":"xpath","value":"//*[@id=\"backBtn\"]"}
COMMAND: POST /session/a9951698a0529649221826e5653b28bf/element/f.2C8FF78414D0A066996B014FE9210B62.d.005365C5A4D0B0C96012D7792CAB1A39.e.3245/click - {}
RESULT: {"script":"<script> [8489 bytes]","args":[{"element-6066-11e4-a52e-4f735466cecf":"f.2C8FF78414D0A066996B014FE9210B62.d.005365C5A4D0B0C96012D7792CAB1A39.e.5446","ELEMENT":"f.2C8FF78414D0A066996B014FE9210B62.d.005365C5A4D0B0C96012D7792CAB1A39.e.5446"}]}
COMMAND: GET /session/a9951698a0529649221826e5653b28bf/screenshot - {}
RESULT: {}
COMMAND: GET /session/a9951698a0529649221826e5653b28bf/screenshot - {}
RESULT: {}
RESULT: {}
COMMAND: POST /session/a9951698a0529649221826e5653b28bf/execute/sync - {"script":"<script> [8489 bytes]","args":[{"element-6066-11e4-a52e-4f735466cecf":"f.2C8FF78414D0A066996B014FE9210B62.d.005365C5A4D0B0C96012D7792CAB1A39.e.5156","ELEMENT":"f.2C8FF78414D0A066996B014FE9210B62.d.005365C5A4D0B0C96012D7792CAB1A39.e.5156"}]}
COMMAND: POST /session/a9951698a0529649221826e5653b28bf/element - {"using":"xpath","value":"//*[contains(@data-kt ,\"webshopDetailAddressLink\")]"}
RESULT: {"using":"xpath","value":"//*[contains(@data-kt ,\"webshopDetailAddressLink\")]"}
COMMAND: POST /session/a9951698a0529649221826e5653b28bf/execute/sync - {"script":"<script> [8489 bytes]","args":[{"element-6066-11e4-a52e-4f735466cecf":"f.2C8FF78414D0A066996B014FE9210B62.d.005365C5A4D0B0C96012D7792CAB1A39.e.5614","ELEMENT":"f.2C8FF78414D0A066996B014FE9210B62.d.005365C5A4D0B0C96012D7792CAB1A39.e.5614"}]}
RESULT: {"script":"<script> [8489 bytes]","args":[{"element-6066-11e4-a52e-4f735466cecf":"f.2C8FF78414D0A066996B014FE9210B62.d.005365C5A4D0B0C96012D7792CAB1A39.e.5614","ELEMENT":"f.2C8FF78414D0A066996B014FE9210B62.d.005365C5A4D0B0C96012D7792CAB1A39.e.5614"}]}
COMMAND: POST /session/a9951698a0529649221826e5653b28bf/execute/sync - {"script":"<script> [5351 bytes]","args":[{"element-6066-11e4-a52e-4f735466cecf":"f.2C8FF78414D0A066996B014FE9210B62.d.005365C5A4D0B0C96012D7792CAB1A39.e.5614","ELEMENT":"f.2C8FF78414D0A066996B014FE9210B62.d.005365C5A4D0B0C96012D7792CAB1A39.e.5614"}]}
COMMAND: GET /session/a9951698a0529649221826e5653b28bf/screenshot - {}
RESULT: {"script":"<script> [5351 bytes]","args":[{"element-6066-11e4-a52e-4f735466cecf":"f.2C8FF78414D0A066996B014FE9210B62.d.005365C5A4D0B0C96012D7792CAB1A39.e.5614","ELEMENT":"f.2C8FF78414D0A066996B014FE9210B62.d.005365C5A4D0B0C96012D7792CAB1A39.e.5614"}]}
COMMAND: POST /session/a9951698a0529649221826e5653b28bf/element - {"using":"xpath","value":"//*[contains(@data-kt ,\"webshopDetailAddressLink\")]"}
COMMAND: GET /session/a9951698a0529649221826e5653b28bf/screenshot - {}
RESULT: {}
RESULT: {"using":"xpath","value":"//*[contains(@data-kt ,\"webshopDetailAddressLink\")]"}
COMMAND: POST /session/a9951698a0529649221826e5653b28bf/element/f.2C8FF78414D0A066996B014FE9210B62.d.005365C5A4D0B0C96012D7792CAB1A39.e.5614/click - {}
RESULT: {}
RESULT: {}
COMMAND: GET /session/a9951698a0529649221826e5653b28bf/screenshot - {}
RESULT: {}
COMMAND: POST /session/a9951698a0529649221826e5653b28bf/element - {"using":"xpath","value":"//button[contains(@data-kt ,\"ContextMenuExternalId2Link\")]"}
RESULT: {"using":"xpath","value":"//button[contains(@data-kt ,\"ContextMenuExternalId2Link\")]"}
COMMAND: POST /session/a9951698a0529649221826e5653b28bf/element/f.2C8FF78414D0A066996B014FE9210B62.d.005365C5A4D0B0C96012D7792CAB1A39.e.5615/click - {}
RESULT: {}
COMMAND: GET /session/a9951698a0529649221826e5653b28bf/screenshot - {}
RESULT: {}
COMMAND: GET /session/a9951698a0529649221826e5653b28bf/window/handles - {}
RESULT: {}
COMMAND: POST /session/a9951698a0529649221826e5653b28bf/window - {"handle":"CB8B9DFD2B95CB358F5D7548C671B56C"}
RESULT: {"handle":"CB8B9DFD2B95CB358F5D7548C671B56C"}
COMMAND: GET /session/a9951698a0529649221826e5653b28bf/url - {}
RESULT: {}
COMMAND: GET /session/a9951698a0529649221826e5653b28bf/screenshot - {}
RESULT: {}
COMMAND: POST /session/a9951698a0529649221826e5653b28bf/execute/sync - {"script":"<script> [8489 bytes]","args":[{"element-6066-11e4-a52e-4f735466cecf":"f.2C8FF78414D0A066996B014FE9210B62.d.005365C5A4D0B0C96012D7792CAB1A39.e.5446","ELEMENT":"f.2C8FF78414D0A066996B014FE9210B62.d.005365C5A4D0B0C96012D7792CAB1A39.e.5446"}]}
COMMAND: DELETE /session/a9951698a0529649221826e5653b28bf/window - {}
RESULT: {}
COMMAND: POST /session/a9951698a0529649221826e5653b28bf/window - {"handle":"2C8FF78414D0A066996B014FE9210B62"}
RESULT: {"handle":"2C8FF78414D0A066996B014FE9210B62"}
COMMAND: GET /session/a9951698a0529649221826e5653b28bf/url - {}
COMMAND: POST /session/a9951698a0529649221826e5653b28bf/element - {"using":"xpath","value":"//span[contains(@id ,\"application-addressmanagement-display-component---detailAdm--addressDetailDetailsName1\")][contains(text(), \"WebdriverSiteckga3h\")]"}
RESULT: {}
COMMAND: GET /session/a9951698a0529649221826e5653b28bf/screenshot - {}
RESULT: {"using":"xpath","value":"//span[contains(@id ,\"application-addressmanagement-display-component---detailAdm--addressDetailDetailsName1\")][contains(text(), \"WebdriverSiteckga3h\")]"}
COMMAND: POST /session/a9951698a0529649221826e5653b28bf/element - {"using":"xpath","value":"//span[contains(@id ,\"application-addressmanagement-display-component---detailAdm--addressDetailDetailsName1\")][contains(text(), \"WebdriverSiteckga3h\")]"}
RESULT: {}
RESULT: {"using":"xpath","value":"//span[contains(@id ,\"application-addressmanagement-display-component---detailAdm--addressDetailDetailsName1\")][contains(text(), \"WebdriverSiteckga3h\")]"}
COMMAND: POST /session/a9951698a0529649221826e5653b28bf/element - {"using":"xpath","value":"//span[contains(@id ,\"application-addressmanagement-display-component---detailAdm--addressDetailDetailsName1\")][contains(text(), \"WebdriverSiteckga3h\")]"}
RESULT: {"using":"xpath","value":"//span[contains(@id ,\"application-addressmanagement-display-component---detailAdm--addressDetailDetailsName1\")][contains(text(), \"WebdriverSiteckga3h\")]"}
COMMAND: POST /session/a9951698a0529649221826e5653b28bf/element - {"using":"xpath","value":"//span[contains(@id ,\"application-addressmanagement-display-component---detailAdm--addressDetailDetailsName1\")][contains(text(), \"WebdriverSiteckga3h\")]"}
RESULT: {"using":"xpath","value":"//span[contains(@id ,\"application-addressmanagement-display-component---detailAdm--addressDetailDetailsName1\")][contains(text(), \"WebdriverSiteckga3h\")]"}
COMMAND: POST /session/a9951698a0529649221826e5653b28bf/element - {"using":"xpath","value":"//span[contains(@id ,\"application-addressmanagement-display-component---detailAdm--addressDetailDetailsName1\")][contains(text(), \"WebdriverSiteckga3h\")]"}
RESULT: {"using":"xpath","value":"//span[contains(@id ,\"application-addressmanagement-display-component---detailAdm--addressDetailDetailsName1\")][contains(text(), \"WebdriverSiteckga3h\")]"}
COMMAND: POST /session/a9951698a0529649221826e5653b28bf/element - {"using":"xpath","value":"//span[contains(@id ,\"application-addressmanagement-display-component---detailAdm--addressDetailDetailsName1\")][contains(text(), \"WebdriverSiteckga3h\")]"}
RESULT: {"using":"xpath","value":"//span[contains(@id ,\"application-addressmanagement-display-component---detailAdm--addressDetailDetailsName1\")][contains(text(), \"WebdriverSiteckga3h\")]"}
COMMAND: POST /session/a9951698a0529649221826e5653b28bf/element - {"using":"xpath","value":"//span[contains(@id ,\"application-addressmanagement-display-component---detailAdm--addressDetailDetailsName1\")][contains(text(), \"WebdriverSiteckga3h\")]"}
COMMAND: POST /session/a9951698a0529649221826e5653b28bf/element - {"using":"xpath","value":"//*[contains(@data-kt ,\"webshopDetailCustomerLink\")]"}
RESULT: {"using":"xpath","value":"//span[contains(@id ,\"application-addressmanagement-display-component---detailAdm--addressDetailDetailsName1\")][contains(text(), \"WebdriverSiteckga3h\")]"}
RESULT: {"using":"xpath","value":"//*[contains(@data-kt ,\"webshopDetailCustomerLink\")]"}
COMMAND: POST /session/a9951698a0529649221826e5653b28bf/execute/sync - {"script":"<script> [8489 bytes]","args":[{"element-6066-11e4-a52e-4f735466cecf":"f.2C8FF78414D0A066996B014FE9210B62.d.005365C5A4D0B0C96012D7792CAB1A39.e.5648","ELEMENT":"f.2C8FF78414D0A066996B014FE9210B62.d.005365C5A4D0B0C96012D7792CAB1A39.e.5648"}]}
RESULT: {"script":"<script> [8489 bytes]","args":[{"element-6066-11e4-a52e-4f735466cecf":"f.2C8FF78414D0A066996B014FE9210B62.d.005365C5A4D0B0C96012D7792CAB1A39.e.5648","ELEMENT":"f.2C8FF78414D0A066996B014FE9210B62.d.005365C5A4D0B0C96012D7792CAB1A39.e.5648"}]}
COMMAND: POST /session/a9951698a0529649221826e5653b28bf/execute/sync - {"script":"<script> [5351 bytes]","args":[{"element-6066-11e4-a52e-4f735466cecf":"f.2C8FF78414D0A066996B014FE9210B62.d.005365C5A4D0B0C96012D7792CAB1A39.e.5648","ELEMENT":"f.2C8FF78414D0A066996B014FE9210B62.d.005365C5A4D0B0C96012D7792CAB1A39.e.5648"}]}
COMMAND: GET /session/a9951698a0529649221826e5653b28bf/screenshot - {}
RESULT: {"script":"<script> [5351 bytes]","args":[{"element-6066-11e4-a52e-4f735466cecf":"f.2C8FF78414D0A066996B014FE9210B62.d.005365C5A4D0B0C96012D7792CAB1A39.e.5648","ELEMENT":"f.2C8FF78414D0A066996B014FE9210B62.d.005365C5A4D0B0C96012D7792CAB1A39.e.5648"}]}
COMMAND: POST /session/a9951698a0529649221826e5653b28bf/element - {"using":"xpath","value":"//*[contains(@data-kt ,\"webshopDetailCustomerLink\")]"}
COMMAND: GET /session/a9951698a0529649221826e5653b28bf/screenshot - {}
RESULT: {}
RESULT: {"using":"xpath","value":"//*[contains(@data-kt ,\"webshopDetailCustomerLink\")]"}
COMMAND: POST /session/a9951698a0529649221826e5653b28bf/element/f.2C8FF78414D0A066996B014FE9210B62.d.005365C5A4D0B0C96012D7792CAB1A39.e.5648/click - {}
COMMAND: POST /session/a9951698a0529649221826e5653b28bf/element - {"using":"xpath","value":"//span[contains(@id ,\"application-addressmanagement-display-component---detailAdm--addressDetailDetailsName1\")][contains(text(), \"WebdriverSiteckga3h\")]"}
RESULT: {}
RESULT: {}
RESULT: {"using":"xpath","value":"//span[contains(@id ,\"application-addressmanagement-display-component---detailAdm--addressDetailDetailsName1\")][contains(text(), \"WebdriverSiteckga3h\")]"}
COMMAND: GET /session/a9951698a0529649221826e5653b28bf/screenshot - {}
RESULT: {}
COMMAND: POST /session/a9951698a0529649221826e5653b28bf/element - {"using":"xpath","value":"//span[contains(@id ,\"application-addressmanagement-display-component---detailAdm--addressDetailDetailsName1\")][contains(text(), \"WebdriverSiteckga3h\")]"}
RESULT: {"using":"xpath","value":"//span[contains(@id ,\"application-addressmanagement-display-component---detailAdm--addressDetailDetailsName1\")][contains(text(), \"WebdriverSiteckga3h\")]"}
COMMAND: POST /session/a9951698a0529649221826e5653b28bf/element - {"using":"xpath","value":"//span[contains(@id ,\"application-addressmanagement-display-component---detailAdm--addressDetailDetailsName1\")][contains(text(), \"WebdriverSiteckga3h\")]"}
RESULT: {"using":"xpath","value":"//span[contains(@id ,\"application-addressmanagement-display-component---detailAdm--addressDetailDetailsName1\")][contains(text(), \"WebdriverSiteckga3h\")]"}
COMMAND: POST /session/a9951698a0529649221826e5653b28bf/element - {"using":"xpath","value":"//span[contains(@id ,\"application-addressmanagement-display-component---detailAdm--addressDetailDetailsName1\")][contains(text(), \"WebdriverSiteckga3h\")]"}
RESULT: {"using":"xpath","value":"//span[contains(@id ,\"application-addressmanagement-display-component---detailAdm--addressDetailDetailsName1\")][contains(text(), \"WebdriverSiteckga3h\")]"}
COMMAND: POST /session/a9951698a0529649221826e5653b28bf/element - {"using":"xpath","value":"//*[contains(@data-kt ,\"ContextMenuId2Link\")][contains(text(), \"Partner Overview\")]"}
RESULT: {"using":"xpath","value":"//*[contains(@data-kt ,\"ContextMenuId2Link\")][contains(text(), \"Partner Overview\")]"}
COMMAND: POST /session/a9951698a0529649221826e5653b28bf/execute/sync - {"script":"<script> [8489 bytes]","args":[{"element-6066-11e4-a52e-4f735466cecf":"f.2C8FF78414D0A066996B014FE9210B62.d.005365C5A4D0B0C96012D7792CAB1A39.e.5650","ELEMENT":"f.2C8FF78414D0A066996B014FE9210B62.d.005365C5A4D0B0C96012D7792CAB1A39.e.5650"}]}
COMMAND: POST /session/a9951698a0529649221826e5653b28bf/element - {"using":"xpath","value":"//*[contains(@data-kt ,\"ContextMenuId2Link\")][contains(text(), \"Partner Overview\")]"}
RESULT: {"script":"<script> [8489 bytes]","args":[{"element-6066-11e4-a52e-4f735466cecf":"f.2C8FF78414D0A066996B014FE9210B62.d.005365C5A4D0B0C96012D7792CAB1A39.e.5650","ELEMENT":"f.2C8FF78414D0A066996B014FE9210B62.d.005365C5A4D0B0C96012D7792CAB1A39.e.5650"}]}
COMMAND: GET /session/a9951698a0529649221826e5653b28bf/screenshot - {}
COMMAND: POST /session/a9951698a0529649221826e5653b28bf/element - {"using":"xpath","value":"//span[contains(@id ,\"application-addressmanagement-display-component---detailAdm--addressDetailDetailsName1\")][contains(text(), \"WebdriverSiteckga3h\")]"}
RESULT: {"using":"xpath","value":"//*[contains(@data-kt ,\"ContextMenuId2Link\")][contains(text(), \"Partner Overview\")]"}
COMMAND: POST /session/a9951698a0529649221826e5653b28bf/element/f.2C8FF78414D0A066996B014FE9210B62.d.005365C5A4D0B0C96012D7792CAB1A39.e.5650/click - {}
RESULT: {}
RESULT: {"using":"xpath","value":"//span[contains(@id ,\"application-addressmanagement-display-component---detailAdm--addressDetailDetailsName1\")][contains(text(), \"WebdriverSiteckga3h\")]"}
RESULT: {}
COMMAND: GET /session/a9951698a0529649221826e5653b28bf/screenshot - {}
RESULT: {}
COMMAND: POST /session/a9951698a0529649221826e5653b28bf/element - {"using":"xpath","value":"//span[contains(@id ,\"application-addressmanagement-display-component---detailAdm--addressDetailDetailsName1\")][contains(text(), \"WebdriverSiteckga3h\")]"}
RESULT: {"using":"xpath","value":"//span[contains(@id ,\"application-addressmanagement-display-component---detailAdm--addressDetailDetailsName1\")][contains(text(), \"WebdriverSiteckga3h\")]"}
COMMAND: POST /session/a9951698a0529649221826e5653b28bf/element - {"using":"xpath","value":"//span[contains(@id ,\"application-addressmanagement-display-component---detailAdm--addressDetailDetailsName1\")][contains(text(), \"WebdriverSiteckga3h\")]"}
RESULT: {"using":"xpath","value":"//span[contains(@id ,\"application-addressmanagement-display-component---detailAdm--addressDetailDetailsName1\")][contains(text(), \"WebdriverSiteckga3h\")]"}
COMMAND: POST /session/a9951698a0529649221826e5653b28bf/element - {"using":"xpath","value":"//span[contains(@id ,\"application-addressmanagement-display-component---detailAdm--addressDetailDetailsName1\")][contains(text(), \"WebdriverSiteckga3h\")]"}
RESULT: {"using":"xpath","value":"//span[contains(@id ,\"application-addressmanagement-display-component---detailAdm--addressDetailDetailsName1\")][contains(text(), \"WebdriverSiteckga3h\")]"}
COMMAND: POST /session/a9951698a0529649221826e5653b28bf/element - {"using":"xpath","value":"//span[contains(@id ,\"application-addressmanagement-display-component---detailAdm--addressDetailDetailsName1\")][contains(text(), \"WebdriverSiteckga3h\")]"}
RESULT: {"using":"xpath","value":"//span[contains(@id ,\"application-addressmanagement-display-component---detailAdm--addressDetailDetailsName1\")][contains(text(), \"WebdriverSiteckga3h\")]"}
COMMAND: POST /session/a9951698a0529649221826e5653b28bf/element - {"using":"xpath","value":"//span[contains(@id ,\"application-addressmanagement-display-component---detailAdm--addressDetailDetailsName1\")][contains(text(), \"WebdriverSiteckga3h\")]"}
RESULT: {"using":"xpath","value":"//span[contains(@id ,\"application-addressmanagement-display-component---detailAdm--addressDetailDetailsName1\")][contains(text(), \"WebdriverSiteckga3h\")]"}
COMMAND: POST /session/a9951698a0529649221826e5653b28bf/element - {"using":"xpath","value":"//span[contains(@id ,\"application-addressmanagement-display-component---detailAdm--addressDetailDetailsName1\")][contains(text(), \"WebdriverSiteckga3h\")]"}
RESULT: {"using":"xpath","value":"//span[contains(@id ,\"application-addressmanagement-display-component---detailAdm--addressDetailDetailsName1\")][contains(text(), \"WebdriverSiteckga3h\")]"}
COMMAND: POST /session/a9951698a0529649221826e5653b28bf/element - {"using":"xpath","value":"//span[contains(@id ,\"application-addressmanagement-display-component---detailAdm--addressDetailDetailsName1\")][contains(text(), \"WebdriverSiteckga3h\")]"}
RESULT: {"using":"xpath","value":"//span[contains(@id ,\"application-addressmanagement-display-component---detailAdm--addressDetailDetailsName1\")][contains(text(), \"WebdriverSiteckga3h\")]"}
COMMAND: POST /session/a9951698a0529649221826e5653b28bf/element - {"using":"xpath","value":"//span[contains(@id ,\"application-addressmanagement-display-component---detailAdm--addressDetailDetailsName1\")][contains(text(), \"WebdriverSiteckga3h\")]"}
RESULT: {"using":"xpath","value":"//span[contains(@id ,\"application-addressmanagement-display-component---detailAdm--addressDetailDetailsName1\")][contains(text(), \"WebdriverSiteckga3h\")]"}
COMMAND: POST /session/a9951698a0529649221826e5653b28bf/element - {"using":"xpath","value":"//span[contains(@id ,\"application-addressmanagement-display-component---detailAdm--addressDetailDetailsName1\")][contains(text(), \"WebdriverSiteckga3h\")]"}
RESULT: {"using":"xpath","value":"//span[contains(@id ,\"application-addressmanagement-display-component---detailAdm--addressDetailDetailsName1\")][contains(text(), \"WebdriverSiteckga3h\")]"}
RESULT: undefined
COMMAND: POST /session/a9951698a0529649221826e5653b28bf/execute/async - {"script":"<script> [6424 bytes]","args":[{"element-6066-11e4-a52e-4f735466cecf":"f.2C8FF78414D0A066996B014FE9210B62.d.005365C5A4D0B0C96012D7792CAB1A39.e.3243"},"getTitle",[]]}
COMMAND: POST /session/a9951698a0529649221826e5653b28bf/element - {"using":"xpath","value":"//span[contains(@id ,\"application-addressmanagement-display-component---detailAdm--addressDetailDetailsName1\")][contains(text(), \"WebdriverSiteckga3h\")]"}
COMMAND: POST /session/a9951698a0529649221826e5653b28bf/execute/async - {"script":"<script> [1562 bytes]","args":[{"selector":{"id":"shellAppTitle"},"wdio_ui5_key":"shellAppTitle"}]}
RESULT: {"script":"<script> [1562 bytes]","args":[{"selector":{"id":"shellAppTitle"},"wdio_ui5_key":"shellAppTitle"}]}
COMMAND: POST /session/a9951698a0529649221826e5653b28bf/execute/async - {"script":"<script> [6424 bytes]","args":[{"element-6066-11e4-a52e-4f735466cecf":"f.2C8FF78414D0A066996B014FE9210B62.d.005365C5A4D0B0C96012D7792CAB1A39.e.5898"},"getTitle",[]]}
RESULT: {"using":"xpath","value":"//span[contains(@id ,\"application-addressmanagement-display-component---detailAdm--addressDetailDetailsName1\")][contains(text(), \"WebdriverSiteckga3h\")]"}
COMMAND: POST /session/a9951698a0529649221826e5653b28bf/element - {"using":"xpath","value":"//span[contains(@id ,\"application-addressmanagement-display-component---detailAdm--addressDetailDetailsName1\")][contains(text(), \"WebdriverSiteckga3h\")]"}
RESULT: {"script":"<script> [6424 bytes]","args":[{"element-6066-11e4-a52e-4f735466cecf":"f.2C8FF78414D0A066996B014FE9210B62.d.005365C5A4D0B0C96012D7792CAB1A39.e.5898"},"getTitle",[]]}
COMMAND: POST /session/a9951698a0529649221826e5653b28bf/element - {"using":"xpath","value":"//span[contains(@id ,\"title\")][contains(text(), \"WebdriverPartnerxlwkt\")]"}
RESULT: {"using":"xpath","value":"//span[contains(@id ,\"application-addressmanagement-display-component---detailAdm--addressDetailDetailsName1\")][contains(text(), \"WebdriverSiteckga3h\")]"}
RESULT: {"using":"xpath","value":"//span[contains(@id ,\"title\")][contains(text(), \"WebdriverPartnerxlwkt\")]"}
COMMAND: POST /session/a9951698a0529649221826e5653b28bf/execute/sync - {"script":"<script> [8489 bytes]","args":[{"element-6066-11e4-a52e-4f735466cecf":"f.2C8FF78414D0A066996B014FE9210B62.d.005365C5A4D0B0C96012D7792CAB1A39.e.5899","ELEMENT":"f.2C8FF78414D0A066996B014FE9210B62.d.005365C5A4D0B0C96012D7792CAB1A39.e.5899"}]}
RESULT: undefined
COMMAND: POST /session/a9951698a0529649221826e5653b28bf/element - {"using":"xpath","value":"//*[@id=\"backBtn\"]"}
RESULT: {"using":"xpath","value":"//*[@id=\"backBtn\"]"}
COMMAND: POST /session/a9951698a0529649221826e5653b28bf/element/f.2C8FF78414D0A066996B014FE9210B62.d.005365C5A4D0B0C96012D7792CAB1A39.e.3245/click - {}
RESULT: {"script":"<script> [8489 bytes]","args":[{"element-6066-11e4-a52e-4f735466cecf":"f.2C8FF78414D0A066996B014FE9210B62.d.005365C5A4D0B0C96012D7792CAB1A39.e.5899","ELEMENT":"f.2C8FF78414D0A066996B014FE9210B62.d.005365C5A4D0B0C96012D7792CAB1A39.e.5899"}]}
COMMAND: GET /session/a9951698a0529649221826e5653b28bf/screenshot - {}
COMMAND: POST /session/a9951698a0529649221826e5653b28bf/element - {"using":"xpath","value":"//span[contains(@id ,\"application-addressmanagement-display-component---detailAdm--addressDetailDetailsName1\")][contains(text(), \"WebdriverSiteckga3h\")]"}
COMMAND: POST /session/a9951698a0529649221826e5653b28bf/execute/sync - {"script":"<script> [8489 bytes]","args":[{"element-6066-11e4-a52e-4f735466cecf":"f.2C8FF78414D0A066996B014FE9210B62.d.005365C5A4D0B0C96012D7792CAB1A39.e.5899","ELEMENT":"f.2C8FF78414D0A066996B014FE9210B62.d.005365C5A4D0B0C96012D7792CAB1A39.e.5899"}]}
RESULT: {}
COMMAND: GET /session/a9951698a0529649221826e5653b28bf/screenshot - {}
RESULT: {}
RESULT: {"using":"xpath","value":"//span[contains(@id ,\"application-addressmanagement-display-component---detailAdm--addressDetailDetailsName1\")][contains(text(), \"WebdriverSiteckga3h\")]"}
COMMAND: POST /session/a9951698a0529649221826e5653b28bf/element - {"using":"xpath","value":"//span[contains(@id ,\"title\")][contains(text(), \"WebdriverPartnerxlwkt\")]"}
RESULT: {}
RESULT: {"using":"xpath","value":"//span[contains(@id ,\"title\")][contains(text(), \"WebdriverPartnerxlwkt\")]"}
COMMAND: POST /session/a9951698a0529649221826e5653b28bf/element - {"using":"xpath","value":"//span[contains(@id ,\"title\")][contains(text(), \"WebdriverPartnerxlwkt\")]"}
RESULT: {"using":"xpath","value":"//span[contains(@id ,\"title\")][contains(text(), \"WebdriverPartnerxlwkt\")]"}
COMMAND: POST /session/a9951698a0529649221826e5653b28bf/element - {"using":"xpath","value":"//span[contains(@id ,\"application-addressmanagement-display-component---detailAdm--addressDetailDetailsName1\")][contains(text(), \"WebdriverSiteckga3h\")]"}
RESULT: {"using":"xpath","value":"//span[contains(@id ,\"application-addressmanagement-display-component---detailAdm--addressDetailDetailsName1\")][contains(text(), \"WebdriverSiteckga3h\")]"}
COMMAND: POST /session/a9951698a0529649221826e5653b28bf/element - {"using":"xpath","value":"//span[contains(@id ,\"title\")][contains(text(), \"WebdriverPartnerxlwkt\")]"}
RESULT: {"using":"xpath","value":"//span[contains(@id ,\"title\")][contains(text(), \"WebdriverPartnerxlwkt\")]"}
COMMAND: POST /session/a9951698a0529649221826e5653b28bf/element - {"using":"xpath","value":"//span[contains(@id ,\"application-addressmanagement-display-component---detailAdm--addressDetailDetailsName1\")][contains(text(), \"WebdriverSiteckga3h\")]"}
RESULT: {"using":"xpath","value":"//span[contains(@id ,\"application-addressmanagement-display-component---detailAdm--addressDetailDetailsName1\")][contains(text(), \"WebdriverSiteckga3h\")]"}
COMMAND: POST /session/a9951698a0529649221826e5653b28bf/element - {"using":"xpath","value":"//span[contains(@id ,\"title\")][contains(text(), \"WebdriverPartnerxlwkt\")]"}
RESULT: {"using":"xpath","value":"//span[contains(@id ,\"title\")][contains(text(), \"WebdriverPartnerxlwkt\")]"}
COMMAND: POST /session/a9951698a0529649221826e5653b28bf/element - {"using":"xpath","value":"//span[contains(@id ,\"application-addressmanagement-display-component---detailAdm--addressDetailDetailsName1\")][contains(text(), \"WebdriverSiteckga3h\")]"}
RESULT: {"using":"xpath","value":"//span[contains(@id ,\"application-addressmanagement-display-component---detailAdm--addressDetailDetailsName1\")][contains(text(), \"WebdriverSiteckga3h\")]"}
COMMAND: POST /session/a9951698a0529649221826e5653b28bf/element - {"using":"xpath","value":"//span[contains(@id ,\"title\")][contains(text(), \"WebdriverPartnerxlwkt\")]"}
RESULT: {"using":"xpath","value":"//span[contains(@id ,\"title\")][contains(text(), \"WebdriverPartnerxlwkt\")]"}
COMMAND: POST /session/a9951698a0529649221826e5653b28bf/element - {"using":"xpath","value":"//span[contains(@id ,\"application-addressmanagement-display-component---detailAdm--addressDetailDetailsName1\")][contains(text(), \"WebdriverSiteckga3h\")]"}
RESULT: {"using":"xpath","value":"//span[contains(@id ,\"application-addressmanagement-display-component---detailAdm--addressDetailDetailsName1\")][contains(text(), \"WebdriverSiteckga3h\")]"}
COMMAND: POST /session/a9951698a0529649221826e5653b28bf/element - {"using":"xpath","value":"//span[contains(@id ,\"title\")][contains(text(), \"WebdriverPartnerxlwkt\")]"}
RESULT: {"using":"xpath","value":"//span[contains(@id ,\"title\")][contains(text(), \"WebdriverPartnerxlwkt\")]"}
COMMAND: POST /session/a9951698a0529649221826e5653b28bf/element - {"using":"xpath","value":"//span[contains(@id ,\"application-addressmanagement-display-component---detailAdm--addressDetailDetailsName1\")][contains(text(), \"WebdriverSiteckga3h\")]"}
RESULT: {"using":"xpath","value":"//span[contains(@id ,\"application-addressmanagement-display-component---detailAdm--addressDetailDetailsName1\")][contains(text(), \"WebdriverSiteckga3h\")]"}
COMMAND: POST /session/a9951698a0529649221826e5653b28bf/element - {"using":"xpath","value":"//span[contains(@id ,\"title\")][contains(text(), \"WebdriverPartnerxlwkt\")]"}
RESULT: {"using":"xpath","value":"//span[contains(@id ,\"title\")][contains(text(), \"WebdriverPartnerxlwkt\")]"}
COMMAND: POST /session/a9951698a0529649221826e5653b28bf/execute/sync - {"script":"<script> [8489 bytes]","args":[{"element-6066-11e4-a52e-4f735466cecf":"f.2C8FF78414D0A066996B014FE9210B62.d.005365C5A4D0B0C96012D7792CAB1A39.e.5648","ELEMENT":"f.2C8FF78414D0A066996B014FE9210B62.d.005365C5A4D0B0C96012D7792CAB1A39.e.5648"}]}
COMMAND: POST /session/a9951698a0529649221826e5653b28bf/element - {"using":"xpath","value":"//*[contains(@data-kt ,\"webshopDetailCustomerLink\")]"}
RESULT: {"using":"xpath","value":"//*[contains(@data-kt ,\"webshopDetailCustomerLink\")]"}
COMMAND: POST /session/a9951698a0529649221826e5653b28bf/execute/sync - {"script":"<script> [8489 bytes]","args":[{"element-6066-11e4-a52e-4f735466cecf":"f.2C8FF78414D0A066996B014FE9210B62.d.005365C5A4D0B0C96012D7792CAB1A39.e.6075","ELEMENT":"f.2C8FF78414D0A066996B014FE9210B62.d.005365C5A4D0B0C96012D7792CAB1A39.e.6075"}]}
RESULT: {"script":"<script> [8489 bytes]","args":[{"element-6066-11e4-a52e-4f735466cecf":"f.2C8FF78414D0A066996B014FE9210B62.d.005365C5A4D0B0C96012D7792CAB1A39.e.6075","ELEMENT":"f.2C8FF78414D0A066996B014FE9210B62.d.005365C5A4D0B0C96012D7792CAB1A39.e.6075"}]}
COMMAND: POST /session/a9951698a0529649221826e5653b28bf/execute/sync - {"script":"<script> [5351 bytes]","args":[{"element-6066-11e4-a52e-4f735466cecf":"f.2C8FF78414D0A066996B014FE9210B62.d.005365C5A4D0B0C96012D7792CAB1A39.e.6075","ELEMENT":"f.2C8FF78414D0A066996B014FE9210B62.d.005365C5A4D0B0C96012D7792CAB1A39.e.6075"}]}
COMMAND: GET /session/a9951698a0529649221826e5653b28bf/screenshot - {}
RESULT: {"script":"<script> [5351 bytes]","args":[{"element-6066-11e4-a52e-4f735466cecf":"f.2C8FF78414D0A066996B014FE9210B62.d.005365C5A4D0B0C96012D7792CAB1A39.e.6075","ELEMENT":"f.2C8FF78414D0A066996B014FE9210B62.d.005365C5A4D0B0C96012D7792CAB1A39.e.6075"}]}
COMMAND: POST /session/a9951698a0529649221826e5653b28bf/element - {"using":"xpath","value":"//*[contains(@data-kt ,\"webshopDetailCustomerLink\")]"}
COMMAND: GET /session/a9951698a0529649221826e5653b28bf/screenshot - {}
RESULT: {}
RESULT: {"using":"xpath","value":"//*[contains(@data-kt ,\"webshopDetailCustomerLink\")]"}
COMMAND: POST /session/a9951698a0529649221826e5653b28bf/element/f.2C8FF78414D0A066996B014FE9210B62.d.005365C5A4D0B0C96012D7792CAB1A39.e.6075/click - {}
COMMAND: POST /session/a9951698a0529649221826e5653b28bf/element - {"using":"xpath","value":"//span[contains(@id ,\"application-addressmanagement-display-component---detailAdm--addressDetailDetailsName1\")][contains(text(), \"WebdriverSiteckga3h\")]"}
COMMAND: POST /session/a9951698a0529649221826e5653b28bf/element - {"using":"xpath","value":"//span[contains(@id ,\"title\")][contains(text(), \"WebdriverPartnerxlwkt\")]"}
RESULT: {}
RESULT: {}
COMMAND: GET /session/a9951698a0529649221826e5653b28bf/screenshot - {}
RESULT: {"using":"xpath","value":"//span[contains(@id ,\"application-addressmanagement-display-component---detailAdm--addressDetailDetailsName1\")][contains(text(), \"WebdriverSiteckga3h\")]"}
RESULT: {"using":"xpath","value":"//span[contains(@id ,\"title\")][contains(text(), \"WebdriverPartnerxlwkt\")]"}
COMMAND: POST /session/a9951698a0529649221826e5653b28bf/execute/sync - {"script":"<script> [8489 bytes]","args":[{"element-6066-11e4-a52e-4f735466cecf":"f.2C8FF78414D0A066996B014FE9210B62.d.005365C5A4D0B0C96012D7792CAB1A39.e.6078","ELEMENT":"f.2C8FF78414D0A066996B014FE9210B62.d.005365C5A4D0B0C96012D7792CAB1A39.e.6078"}]}
COMMAND: POST /session/a9951698a0529649221826e5653b28bf/element - {"using":"xpath","value":"//span[contains(@id ,\"application-addressmanagement-display-component---detailAdm--addressDetailDetailsName1\")][contains(text(), \"WebdriverSiteckga3h\")]"}
RESULT: {}
RESULT: {"script":"<script> [8489 bytes]","args":[{"element-6066-11e4-a52e-4f735466cecf":"f.2C8FF78414D0A066996B014FE9210B62.d.005365C5A4D0B0C96012D7792CAB1A39.e.6078","ELEMENT":"f.2C8FF78414D0A066996B014FE9210B62.d.005365C5A4D0B0C96012D7792CAB1A39.e.6078"}]}
RESULT: {"using":"xpath","value":"//span[contains(@id ,\"application-addressmanagement-display-component---detailAdm--addressDetailDetailsName1\")][contains(text(), \"WebdriverSiteckga3h\")]"}
COMMAND: GET /session/a9951698a0529649221826e5653b28bf/screenshot - {}
RESULT: {}
COMMAND: POST /session/a9951698a0529649221826e5653b28bf/element - {"using":"xpath","value":"//span[contains(@id ,\"application-addressmanagement-display-component---detailAdm--addressDetailDetailsName1\")][contains(text(), \"WebdriverSiteckga3h\")]"}
RESULT: {"using":"xpath","value":"//span[contains(@id ,\"application-addressmanagement-display-component---detailAdm--addressDetailDetailsName1\")][contains(text(), \"WebdriverSiteckga3h\")]"}
COMMAND: POST /session/a9951698a0529649221826e5653b28bf/element - {"using":"xpath","value":"//span[contains(@id ,\"application-addressmanagement-display-component---detailAdm--addressDetailDetailsName1\")][contains(text(), \"WebdriverSiteckga3h\")]"}
COMMAND: POST /session/a9951698a0529649221826e5653b28bf/element - {"using":"xpath","value":"//button[contains(@data-kt ,\"ContextMenuExternalId2Link\")]"}
RESULT: {"using":"xpath","value":"//span[contains(@id ,\"application-addressmanagement-display-component---detailAdm--addressDetailDetailsName1\")][contains(text(), \"WebdriverSiteckga3h\")]"}
RESULT: {"using":"xpath","value":"//button[contains(@data-kt ,\"ContextMenuExternalId2Link\")]"}
COMMAND: POST /session/a9951698a0529649221826e5653b28bf/element/f.2C8FF78414D0A066996B014FE9210B62.d.005365C5A4D0B0C96012D7792CAB1A39.e.6077/click - {}
RESULT: {}
COMMAND: GET /session/a9951698a0529649221826e5653b28bf/screenshot - {}
COMMAND: POST /session/a9951698a0529649221826e5653b28bf/element - {"using":"xpath","value":"//span[contains(@id ,\"application-addressmanagement-display-component---detailAdm--addressDetailDetailsName1\")][contains(text(), \"WebdriverSiteckga3h\")]"}
RESULT: {}
RESULT: {"using":"xpath","value":"//span[contains(@id ,\"application-addressmanagement-display-component---detailAdm--addressDetailDetailsName1\")][contains(text(), \"WebdriverSiteckga3h\")]"}
COMMAND: POST /session/a9951698a0529649221826e5653b28bf/element - {"using":"xpath","value":"//span[contains(@id ,\"application-addressmanagement-display-component---detailAdm--addressDetailDetailsName1\")][contains(text(), \"WebdriverSiteckga3h\")]"}
RESULT: {"using":"xpath","value":"//span[contains(@id ,\"application-addressmanagement-display-component---detailAdm--addressDetailDetailsName1\")][contains(text(), \"WebdriverSiteckga3h\")]"}
COMMAND: POST /session/a9951698a0529649221826e5653b28bf/element - {"using":"xpath","value":"//span[contains(@id ,\"application-addressmanagement-display-component---detailAdm--addressDetailDetailsName1\")][contains(text(), \"WebdriverSiteckga3h\")]"}
RESULT: {"using":"xpath","value":"//span[contains(@id ,\"application-addressmanagement-display-component---detailAdm--addressDetailDetailsName1\")][contains(text(), \"WebdriverSiteckga3h\")]"}
COMMAND: POST /session/a9951698a0529649221826e5653b28bf/element - {"using":"xpath","value":"//span[contains(@id ,\"application-addressmanagement-display-component---detailAdm--addressDetailDetailsName1\")][contains(text(), \"WebdriverSiteckga3h\")]"}
RESULT: {"using":"xpath","value":"//span[contains(@id ,\"application-addressmanagement-display-component---detailAdm--addressDetailDetailsName1\")][contains(text(), \"WebdriverSiteckga3h\")]"}
COMMAND: GET /session/a9951698a0529649221826e5653b28bf/window/handles - {}
RESULT: {}
COMMAND: POST /session/a9951698a0529649221826e5653b28bf/window - {"handle":"2A62281C9CBA5CB83D55FCDEDF37C016"}
RESULT: {"handle":"2A62281C9CBA5CB83D55FCDEDF37C016"}
COMMAND: GET /session/a9951698a0529649221826e5653b28bf/url - {}
RESULT: {}
COMMAND: GET /session/a9951698a0529649221826e5653b28bf/screenshot - {}
RESULT: {}
COMMAND: POST /session/a9951698a0529649221826e5653b28bf/execute/sync - {"script":"<script> [8489 bytes]","args":[{"element-6066-11e4-a52e-4f735466cecf":"f.2C8FF78414D0A066996B014FE9210B62.d.005365C5A4D0B0C96012D7792CAB1A39.e.6078","ELEMENT":"f.2C8FF78414D0A066996B014FE9210B62.d.005365C5A4D0B0C96012D7792CAB1A39.e.6078"}]}
COMMAND: DELETE /session/a9951698a0529649221826e5653b28bf/window - {}
RESULT: {}
COMMAND: POST /session/a9951698a0529649221826e5653b28bf/window - {"handle":"2C8FF78414D0A066996B014FE9210B62"}
RESULT: {"handle":"2C8FF78414D0A066996B014FE9210B62"}
COMMAND: GET /session/a9951698a0529649221826e5653b28bf/url - {}
RESULT: {"script":"<script> [8489 bytes]","args":[{"element-6066-11e4-a52e-4f735466cecf":"f.2C8FF78414D0A066996B014FE9210B62.d.005365C5A4D0B0C96012D7792CAB1A39.e.6078","ELEMENT":"f.2C8FF78414D0A066996B014FE9210B62.d.005365C5A4D0B0C96012D7792CAB1A39.e.6078"}]}
COMMAND: GET /session/a9951698a0529649221826e5653b28bf/screenshot - {}
RESULT: {}
COMMAND: GET /session/a9951698a0529649221826e5653b28bf/screenshot - {}
RESULT: {}
RESULT: {}
]]></system-out>
    </testcase>
    <testcase classname="chrome.136_0_7103_93.windows.Webshop_-_Hyperlinks_visible_and_working_properly__US139085" name="Should verify the contract and catalog item hyperlinks" time="98.669">
      <system-out><![CDATA[
COMMAND: POST /session/a9951698a0529649221826e5653b28bf/element - {"using":"xpath","value":"//*[contains(@data-kt ,\"webshopDetailContractLink\")]"}
RESULT: {"using":"xpath","value":"//*[contains(@data-kt ,\"webshopDetailContractLink\")]"}
COMMAND: POST /session/a9951698a0529649221826e5653b28bf/execute/sync - {"script":"<script> [8489 bytes]","args":[{"element-6066-11e4-a52e-4f735466cecf":"f.2C8FF78414D0A066996B014FE9210B62.d.005365C5A4D0B0C96012D7792CAB1A39.e.6333","ELEMENT":"f.2C8FF78414D0A066996B014FE9210B62.d.005365C5A4D0B0C96012D7792CAB1A39.e.6333"}]}
RESULT: {"script":"<script> [8489 bytes]","args":[{"element-6066-11e4-a52e-4f735466cecf":"f.2C8FF78414D0A066996B014FE9210B62.d.005365C5A4D0B0C96012D7792CAB1A39.e.6333","ELEMENT":"f.2C8FF78414D0A066996B014FE9210B62.d.005365C5A4D0B0C96012D7792CAB1A39.e.6333"}]}
COMMAND: POST /session/a9951698a0529649221826e5653b28bf/execute/sync - {"script":"<script> [5351 bytes]","args":[{"element-6066-11e4-a52e-4f735466cecf":"f.2C8FF78414D0A066996B014FE9210B62.d.005365C5A4D0B0C96012D7792CAB1A39.e.6333","ELEMENT":"f.2C8FF78414D0A066996B014FE9210B62.d.005365C5A4D0B0C96012D7792CAB1A39.e.6333"}]}
COMMAND: GET /session/a9951698a0529649221826e5653b28bf/screenshot - {}
RESULT: {"script":"<script> [5351 bytes]","args":[{"element-6066-11e4-a52e-4f735466cecf":"f.2C8FF78414D0A066996B014FE9210B62.d.005365C5A4D0B0C96012D7792CAB1A39.e.6333","ELEMENT":"f.2C8FF78414D0A066996B014FE9210B62.d.005365C5A4D0B0C96012D7792CAB1A39.e.6333"}]}
COMMAND: POST /session/a9951698a0529649221826e5653b28bf/element - {"using":"xpath","value":"//*[contains(@data-kt ,\"webshopDetailContractLink\")]"}
COMMAND: GET /session/a9951698a0529649221826e5653b28bf/screenshot - {}
RESULT: {}
RESULT: {"using":"xpath","value":"//*[contains(@data-kt ,\"webshopDetailContractLink\")]"}
COMMAND: POST /session/a9951698a0529649221826e5653b28bf/element/f.2C8FF78414D0A066996B014FE9210B62.d.005365C5A4D0B0C96012D7792CAB1A39.e.6333/click - {}
RESULT: {}
RESULT: {}
COMMAND: GET /session/a9951698a0529649221826e5653b28bf/screenshot - {}
RESULT: {}
COMMAND: POST /session/a9951698a0529649221826e5653b28bf/element - {"using":"xpath","value":"//*[contains(@data-kt ,\"ContextMenuId2Link\")][contains(text(), \"Contract Overview\")]"}
RESULT: {"using":"xpath","value":"//*[contains(@data-kt ,\"ContextMenuId2Link\")][contains(text(), \"Contract Overview\")]"}
COMMAND: POST /session/a9951698a0529649221826e5653b28bf/execute/sync - {"script":"<script> [8489 bytes]","args":[{"element-6066-11e4-a52e-4f735466cecf":"f.2C8FF78414D0A066996B014FE9210B62.d.005365C5A4D0B0C96012D7792CAB1A39.e.6335","ELEMENT":"f.2C8FF78414D0A066996B014FE9210B62.d.005365C5A4D0B0C96012D7792CAB1A39.e.6335"}]}
COMMAND: POST /session/a9951698a0529649221826e5653b28bf/element - {"using":"xpath","value":"//*[contains(@data-kt ,\"ContextMenuId2Link\")][contains(text(), \"Contract Overview\")]"}
RESULT: {"using":"xpath","value":"//*[contains(@data-kt ,\"ContextMenuId2Link\")][contains(text(), \"Contract Overview\")]"}
COMMAND: POST /session/a9951698a0529649221826e5653b28bf/element/f.2C8FF78414D0A066996B014FE9210B62.d.005365C5A4D0B0C96012D7792CAB1A39.e.6335/click - {}
RESULT: {"script":"<script> [8489 bytes]","args":[{"element-6066-11e4-a52e-4f735466cecf":"f.2C8FF78414D0A066996B014FE9210B62.d.005365C5A4D0B0C96012D7792CAB1A39.e.6335","ELEMENT":"f.2C8FF78414D0A066996B014FE9210B62.d.005365C5A4D0B0C96012D7792CAB1A39.e.6335"}]}
COMMAND: GET /session/a9951698a0529649221826e5653b28bf/screenshot - {}
RESULT: {}
COMMAND: GET /session/a9951698a0529649221826e5653b28bf/screenshot - {}
RESULT: {}
RESULT: {}
RESULT: undefined
COMMAND: POST /session/a9951698a0529649221826e5653b28bf/execute/async - {"script":"<script> [6424 bytes]","args":[{"element-6066-11e4-a52e-4f735466cecf":"f.2C8FF78414D0A066996B014FE9210B62.d.005365C5A4D0B0C96012D7792CAB1A39.e.3243"},"getTitle",[]]}
COMMAND: POST /session/a9951698a0529649221826e5653b28bf/execute/async - {"script":"<script> [1562 bytes]","args":[{"selector":{"id":"shellAppTitle"},"wdio_ui5_key":"shellAppTitle"}]}
RESULT: {"script":"<script> [1562 bytes]","args":[{"selector":{"id":"shellAppTitle"},"wdio_ui5_key":"shellAppTitle"}]}
COMMAND: POST /session/a9951698a0529649221826e5653b28bf/execute/async - {"script":"<script> [6424 bytes]","args":[{"element-6066-11e4-a52e-4f735466cecf":"f.2C8FF78414D0A066996B014FE9210B62.d.005365C5A4D0B0C96012D7792CAB1A39.e.6500"},"getTitle",[]]}
RESULT: {"script":"<script> [6424 bytes]","args":[{"element-6066-11e4-a52e-4f735466cecf":"f.2C8FF78414D0A066996B014FE9210B62.d.005365C5A4D0B0C96012D7792CAB1A39.e.6500"},"getTitle",[]]}
COMMAND: POST /session/a9951698a0529649221826e5653b28bf/element - {"using":"xpath","value":"//span[contains(@id ,\"contractDetailTitleNoExpanded\")][contains(text(), \"10206\")]"}
RESULT: {"using":"xpath","value":"//span[contains(@id ,\"contractDetailTitleNoExpanded\")][contains(text(), \"10206\")]"}
COMMAND: POST /session/a9951698a0529649221826e5653b28bf/execute/sync - {"script":"<script> [8489 bytes]","args":[{"element-6066-11e4-a52e-4f735466cecf":"f.2C8FF78414D0A066996B014FE9210B62.d.005365C5A4D0B0C96012D7792CAB1A39.e.6501","ELEMENT":"f.2C8FF78414D0A066996B014FE9210B62.d.005365C5A4D0B0C96012D7792CAB1A39.e.6501"}]}
RESULT: undefined
COMMAND: POST /session/a9951698a0529649221826e5653b28bf/element - {"using":"xpath","value":"//*[@id=\"backBtn\"]"}
RESULT: {"script":"<script> [8489 bytes]","args":[{"element-6066-11e4-a52e-4f735466cecf":"f.2C8FF78414D0A066996B014FE9210B62.d.005365C5A4D0B0C96012D7792CAB1A39.e.6501","ELEMENT":"f.2C8FF78414D0A066996B014FE9210B62.d.005365C5A4D0B0C96012D7792CAB1A39.e.6501"}]}
COMMAND: GET /session/a9951698a0529649221826e5653b28bf/screenshot - {}
RESULT: {"using":"xpath","value":"//*[@id=\"backBtn\"]"}
COMMAND: POST /session/a9951698a0529649221826e5653b28bf/element/f.2C8FF78414D0A066996B014FE9210B62.d.005365C5A4D0B0C96012D7792CAB1A39.e.3245/click - {}
RESULT: {}
RESULT: {}
COMMAND: GET /session/a9951698a0529649221826e5653b28bf/screenshot - {}
RESULT: {}
COMMAND: POST /session/a9951698a0529649221826e5653b28bf/execute/sync - {"script":"<script> [8489 bytes]","args":[{"element-6066-11e4-a52e-4f735466cecf":"f.2C8FF78414D0A066996B014FE9210B62.d.005365C5A4D0B0C96012D7792CAB1A39.e.6333","ELEMENT":"f.2C8FF78414D0A066996B014FE9210B62.d.005365C5A4D0B0C96012D7792CAB1A39.e.6333"}]}
COMMAND: POST /session/a9951698a0529649221826e5653b28bf/element - {"using":"xpath","value":"//*[contains(@data-kt ,\"webshopDetailContractLink\")]"}
RESULT: {"using":"xpath","value":"//*[contains(@data-kt ,\"webshopDetailContractLink\")]"}
COMMAND: POST /session/a9951698a0529649221826e5653b28bf/execute/sync - {"script":"<script> [8489 bytes]","args":[{"element-6066-11e4-a52e-4f735466cecf":"f.2C8FF78414D0A066996B014FE9210B62.d.005365C5A4D0B0C96012D7792CAB1A39.e.6641","ELEMENT":"f.2C8FF78414D0A066996B014FE9210B62.d.005365C5A4D0B0C96012D7792CAB1A39.e.6641"}]}
RESULT: {"script":"<script> [8489 bytes]","args":[{"element-6066-11e4-a52e-4f735466cecf":"f.2C8FF78414D0A066996B014FE9210B62.d.005365C5A4D0B0C96012D7792CAB1A39.e.6641","ELEMENT":"f.2C8FF78414D0A066996B014FE9210B62.d.005365C5A4D0B0C96012D7792CAB1A39.e.6641"}]}
COMMAND: POST /session/a9951698a0529649221826e5653b28bf/execute/sync - {"script":"<script> [5351 bytes]","args":[{"element-6066-11e4-a52e-4f735466cecf":"f.2C8FF78414D0A066996B014FE9210B62.d.005365C5A4D0B0C96012D7792CAB1A39.e.6641","ELEMENT":"f.2C8FF78414D0A066996B014FE9210B62.d.005365C5A4D0B0C96012D7792CAB1A39.e.6641"}]}
COMMAND: GET /session/a9951698a0529649221826e5653b28bf/screenshot - {}
RESULT: {"script":"<script> [5351 bytes]","args":[{"element-6066-11e4-a52e-4f735466cecf":"f.2C8FF78414D0A066996B014FE9210B62.d.005365C5A4D0B0C96012D7792CAB1A39.e.6641","ELEMENT":"f.2C8FF78414D0A066996B014FE9210B62.d.005365C5A4D0B0C96012D7792CAB1A39.e.6641"}]}
COMMAND: POST /session/a9951698a0529649221826e5653b28bf/element - {"using":"xpath","value":"//*[contains(@data-kt ,\"webshopDetailContractLink\")]"}
COMMAND: GET /session/a9951698a0529649221826e5653b28bf/screenshot - {}
RESULT: {}
RESULT: {"using":"xpath","value":"//*[contains(@data-kt ,\"webshopDetailContractLink\")]"}
COMMAND: POST /session/a9951698a0529649221826e5653b28bf/element/f.2C8FF78414D0A066996B014FE9210B62.d.005365C5A4D0B0C96012D7792CAB1A39.e.6641/click - {}
RESULT: {}
RESULT: {}
COMMAND: GET /session/a9951698a0529649221826e5653b28bf/screenshot - {}
RESULT: {}
COMMAND: POST /session/a9951698a0529649221826e5653b28bf/element - {"using":"xpath","value":"//button[contains(@data-kt ,\"ContextMenuExternalId2Link\")]"}
RESULT: {"using":"xpath","value":"//button[contains(@data-kt ,\"ContextMenuExternalId2Link\")]"}
COMMAND: POST /session/a9951698a0529649221826e5653b28bf/element/f.2C8FF78414D0A066996B014FE9210B62.d.005365C5A4D0B0C96012D7792CAB1A39.e.6643/click - {}
RESULT: {}
COMMAND: GET /session/a9951698a0529649221826e5653b28bf/screenshot - {}
RESULT: {}
COMMAND: GET /session/a9951698a0529649221826e5653b28bf/window/handles - {}
RESULT: {}
COMMAND: POST /session/a9951698a0529649221826e5653b28bf/window - {"handle":"1FC30BE40C130CECD643543AA298EE7A"}
RESULT: {"handle":"1FC30BE40C130CECD643543AA298EE7A"}
COMMAND: GET /session/a9951698a0529649221826e5653b28bf/url - {}
RESULT: {}
COMMAND: GET /session/a9951698a0529649221826e5653b28bf/screenshot - {}
RESULT: {}
COMMAND: POST /session/a9951698a0529649221826e5653b28bf/execute/sync - {"script":"<script> [8489 bytes]","args":[{"element-6066-11e4-a52e-4f735466cecf":"f.2C8FF78414D0A066996B014FE9210B62.d.005365C5A4D0B0C96012D7792CAB1A39.e.6501","ELEMENT":"f.2C8FF78414D0A066996B014FE9210B62.d.005365C5A4D0B0C96012D7792CAB1A39.e.6501"}]}
COMMAND: DELETE /session/a9951698a0529649221826e5653b28bf/window - {}
RESULT: {}
COMMAND: POST /session/a9951698a0529649221826e5653b28bf/window - {"handle":"2C8FF78414D0A066996B014FE9210B62"}
RESULT: {"handle":"2C8FF78414D0A066996B014FE9210B62"}
COMMAND: GET /session/a9951698a0529649221826e5653b28bf/url - {}
COMMAND: POST /session/a9951698a0529649221826e5653b28bf/element - {"using":"xpath","value":"//span[contains(@id ,\"contractDetailTitleNoExpanded\")][contains(text(), \"10206\")]"}
RESULT: {}
COMMAND: GET /session/a9951698a0529649221826e5653b28bf/screenshot - {}
RESULT: {"using":"xpath","value":"//span[contains(@id ,\"contractDetailTitleNoExpanded\")][contains(text(), \"10206\")]"}
COMMAND: POST /session/a9951698a0529649221826e5653b28bf/element - {"using":"xpath","value":"//span[contains(@id ,\"contractDetailTitleNoExpanded\")][contains(text(), \"10206\")]"}
RESULT: {}
RESULT: {"using":"xpath","value":"//span[contains(@id ,\"contractDetailTitleNoExpanded\")][contains(text(), \"10206\")]"}
COMMAND: POST /session/a9951698a0529649221826e5653b28bf/element - {"using":"xpath","value":"//span[contains(@id ,\"contractDetailTitleNoExpanded\")][contains(text(), \"10206\")]"}
RESULT: {"using":"xpath","value":"//span[contains(@id ,\"contractDetailTitleNoExpanded\")][contains(text(), \"10206\")]"}
COMMAND: POST /session/a9951698a0529649221826e5653b28bf/element - {"using":"xpath","value":"//span[contains(@id ,\"contractDetailTitleNoExpanded\")][contains(text(), \"10206\")]"}
RESULT: {"using":"xpath","value":"//span[contains(@id ,\"contractDetailTitleNoExpanded\")][contains(text(), \"10206\")]"}
COMMAND: POST /session/a9951698a0529649221826e5653b28bf/element - {"using":"xpath","value":"//span[contains(@id ,\"contractDetailTitleNoExpanded\")][contains(text(), \"10206\")]"}
RESULT: {"using":"xpath","value":"//span[contains(@id ,\"contractDetailTitleNoExpanded\")][contains(text(), \"10206\")]"}
COMMAND: POST /session/a9951698a0529649221826e5653b28bf/element - {"using":"xpath","value":"//span[contains(@id ,\"contractDetailTitleNoExpanded\")][contains(text(), \"10206\")]"}
RESULT: {"using":"xpath","value":"//span[contains(@id ,\"contractDetailTitleNoExpanded\")][contains(text(), \"10206\")]"}
COMMAND: POST /session/a9951698a0529649221826e5653b28bf/element - {"using":"xpath","value":"//span[contains(@id ,\"contractDetailTitleNoExpanded\")][contains(text(), \"10206\")]"}
RESULT: {"using":"xpath","value":"//span[contains(@id ,\"contractDetailTitleNoExpanded\")][contains(text(), \"10206\")]"}
COMMAND: POST /session/a9951698a0529649221826e5653b28bf/element - {"using":"xpath","value":"//span[contains(@id ,\"contractDetailTitleNoExpanded\")][contains(text(), \"10206\")]"}
RESULT: {"using":"xpath","value":"//span[contains(@id ,\"contractDetailTitleNoExpanded\")][contains(text(), \"10206\")]"}
COMMAND: POST /session/a9951698a0529649221826e5653b28bf/element - {"using":"xpath","value":"//span[contains(@id ,\"contractDetailTitleNoExpanded\")][contains(text(), \"10206\")]"}
RESULT: {"using":"xpath","value":"//span[contains(@id ,\"contractDetailTitleNoExpanded\")][contains(text(), \"10206\")]"}
COMMAND: POST /session/a9951698a0529649221826e5653b28bf/element - {"using":"xpath","value":"//span[contains(@id ,\"contractDetailTitleNoExpanded\")][contains(text(), \"10206\")]"}
RESULT: {"using":"xpath","value":"//span[contains(@id ,\"contractDetailTitleNoExpanded\")][contains(text(), \"10206\")]"}
COMMAND: POST /session/a9951698a0529649221826e5653b28bf/element - {"using":"xpath","value":"//*[contains(@data-kt ,\"webshopDetailCatalogItemLink\")]"}
RESULT: {"using":"xpath","value":"//*[contains(@data-kt ,\"webshopDetailCatalogItemLink\")]"}
COMMAND: POST /session/a9951698a0529649221826e5653b28bf/execute/sync - {"script":"<script> [8489 bytes]","args":[{"element-6066-11e4-a52e-4f735466cecf":"f.2C8FF78414D0A066996B014FE9210B62.d.005365C5A4D0B0C96012D7792CAB1A39.e.6795","ELEMENT":"f.2C8FF78414D0A066996B014FE9210B62.d.005365C5A4D0B0C96012D7792CAB1A39.e.6795"}]}
RESULT: {"script":"<script> [8489 bytes]","args":[{"element-6066-11e4-a52e-4f735466cecf":"f.2C8FF78414D0A066996B014FE9210B62.d.005365C5A4D0B0C96012D7792CAB1A39.e.6795","ELEMENT":"f.2C8FF78414D0A066996B014FE9210B62.d.005365C5A4D0B0C96012D7792CAB1A39.e.6795"}]}
COMMAND: POST /session/a9951698a0529649221826e5653b28bf/execute/sync - {"script":"<script> [5351 bytes]","args":[{"element-6066-11e4-a52e-4f735466cecf":"f.2C8FF78414D0A066996B014FE9210B62.d.005365C5A4D0B0C96012D7792CAB1A39.e.6795","ELEMENT":"f.2C8FF78414D0A066996B014FE9210B62.d.005365C5A4D0B0C96012D7792CAB1A39.e.6795"}]}
COMMAND: GET /session/a9951698a0529649221826e5653b28bf/screenshot - {}
RESULT: {"script":"<script> [5351 bytes]","args":[{"element-6066-11e4-a52e-4f735466cecf":"f.2C8FF78414D0A066996B014FE9210B62.d.005365C5A4D0B0C96012D7792CAB1A39.e.6795","ELEMENT":"f.2C8FF78414D0A066996B014FE9210B62.d.005365C5A4D0B0C96012D7792CAB1A39.e.6795"}]}
COMMAND: POST /session/a9951698a0529649221826e5653b28bf/element - {"using":"xpath","value":"//*[contains(@data-kt ,\"webshopDetailCatalogItemLink\")]"}
COMMAND: GET /session/a9951698a0529649221826e5653b28bf/screenshot - {}
COMMAND: POST /session/a9951698a0529649221826e5653b28bf/element - {"using":"xpath","value":"//span[contains(@id ,\"contractDetailTitleNoExpanded\")][contains(text(), \"10206\")]"}
RESULT: {}
RESULT: {"using":"xpath","value":"//*[contains(@data-kt ,\"webshopDetailCatalogItemLink\")]"}
COMMAND: POST /session/a9951698a0529649221826e5653b28bf/element/f.2C8FF78414D0A066996B014FE9210B62.d.005365C5A4D0B0C96012D7792CAB1A39.e.6795/click - {}
RESULT: {}
RESULT: {"using":"xpath","value":"//span[contains(@id ,\"contractDetailTitleNoExpanded\")][contains(text(), \"10206\")]"}
COMMAND: POST /session/a9951698a0529649221826e5653b28bf/element - {"using":"xpath","value":"//span[contains(@id ,\"contractDetailTitleNoExpanded\")][contains(text(), \"10206\")]"}
RESULT: {}
COMMAND: GET /session/a9951698a0529649221826e5653b28bf/screenshot - {}
RESULT: {"using":"xpath","value":"//span[contains(@id ,\"contractDetailTitleNoExpanded\")][contains(text(), \"10206\")]"}
RESULT: {}
COMMAND: POST /session/a9951698a0529649221826e5653b28bf/element - {"using":"xpath","value":"//span[contains(@id ,\"contractDetailTitleNoExpanded\")][contains(text(), \"10206\")]"}
RESULT: {"using":"xpath","value":"//span[contains(@id ,\"contractDetailTitleNoExpanded\")][contains(text(), \"10206\")]"}
COMMAND: POST /session/a9951698a0529649221826e5653b28bf/element - {"using":"xpath","value":"//span[contains(@id ,\"contractDetailTitleNoExpanded\")][contains(text(), \"10206\")]"}
RESULT: {"using":"xpath","value":"//span[contains(@id ,\"contractDetailTitleNoExpanded\")][contains(text(), \"10206\")]"}
COMMAND: POST /session/a9951698a0529649221826e5653b28bf/element - {"using":"xpath","value":"//span[contains(@id ,\"contractDetailTitleNoExpanded\")][contains(text(), \"10206\")]"}
RESULT: {"using":"xpath","value":"//span[contains(@id ,\"contractDetailTitleNoExpanded\")][contains(text(), \"10206\")]"}
COMMAND: POST /session/a9951698a0529649221826e5653b28bf/element - {"using":"xpath","value":"//span[contains(@id ,\"contractDetailTitleNoExpanded\")][contains(text(), \"10206\")]"}
RESULT: {"using":"xpath","value":"//span[contains(@id ,\"contractDetailTitleNoExpanded\")][contains(text(), \"10206\")]"}
COMMAND: POST /session/a9951698a0529649221826e5653b28bf/element - {"using":"xpath","value":"//span[contains(@id ,\"contractDetailTitleNoExpanded\")][contains(text(), \"10206\")]"}
RESULT: {"using":"xpath","value":"//span[contains(@id ,\"contractDetailTitleNoExpanded\")][contains(text(), \"10206\")]"}
COMMAND: POST /session/a9951698a0529649221826e5653b28bf/element - {"using":"xpath","value":"//span[contains(@id ,\"contractDetailTitleNoExpanded\")][contains(text(), \"10206\")]"}
RESULT: {"using":"xpath","value":"//span[contains(@id ,\"contractDetailTitleNoExpanded\")][contains(text(), \"10206\")]"}
COMMAND: POST /session/a9951698a0529649221826e5653b28bf/element - {"using":"xpath","value":"//span[contains(@id ,\"contractDetailTitleNoExpanded\")][contains(text(), \"10206\")]"}
RESULT: {"using":"xpath","value":"//span[contains(@id ,\"contractDetailTitleNoExpanded\")][contains(text(), \"10206\")]"}
COMMAND: POST /session/a9951698a0529649221826e5653b28bf/element - {"using":"xpath","value":"//span[contains(@id ,\"contractDetailTitleNoExpanded\")][contains(text(), \"10206\")]"}
RESULT: {"using":"xpath","value":"//span[contains(@id ,\"contractDetailTitleNoExpanded\")][contains(text(), \"10206\")]"}
COMMAND: POST /session/a9951698a0529649221826e5653b28bf/element - {"using":"xpath","value":"(//span[contains(text(), \"Dri-Prime CD150M Diesel Pump\")])[2]"}
RESULT: {"using":"xpath","value":"(//span[contains(text(), \"Dri-Prime CD150M Diesel Pump\")])[2]"}
COMMAND: POST /session/a9951698a0529649221826e5653b28bf/execute/sync - {"script":"<script> [8489 bytes]","args":[{"element-6066-11e4-a52e-4f735466cecf":"f.2C8FF78414D0A066996B014FE9210B62.d.005365C5A4D0B0C96012D7792CAB1A39.e.6799","ELEMENT":"f.2C8FF78414D0A066996B014FE9210B62.d.005365C5A4D0B0C96012D7792CAB1A39.e.6799"}]}
COMMAND: POST /session/a9951698a0529649221826e5653b28bf/element - {"using":"xpath","value":"(//span[contains(text(), \"Description\")])[1]"}
RESULT: {"script":"<script> [8489 bytes]","args":[{"element-6066-11e4-a52e-4f735466cecf":"f.2C8FF78414D0A066996B014FE9210B62.d.005365C5A4D0B0C96012D7792CAB1A39.e.6799","ELEMENT":"f.2C8FF78414D0A066996B014FE9210B62.d.005365C5A4D0B0C96012D7792CAB1A39.e.6799"}]}
COMMAND: GET /session/a9951698a0529649221826e5653b28bf/screenshot - {}
RESULT: {"using":"xpath","value":"(//span[contains(text(), \"Description\")])[1]"}
COMMAND: GET /session/a9951698a0529649221826e5653b28bf/element/f.2C8FF78414D0A066996B014FE9210B62.d.005365C5A4D0B0C96012D7792CAB1A39.e.6800/rect - {}
RESULT: {}
RESULT: {}
COMMAND: GET /session/a9951698a0529649221826e5653b28bf/window/rect - {}
RESULT: {}
COMMAND: POST /session/a9951698a0529649221826e5653b28bf/execute/sync - {"script":"<script> [92 bytes]","args":[]}
RESULT: {"script":"<script> [92 bytes]","args":[]}
COMMAND: POST /session/a9951698a0529649221826e5653b28bf/actions - {"actions":[{"id":"action10","type":"wheel","parameters":{},"actions":[{"type":"scroll","x":-1833,"y":-23,"deltaX":0,"deltaY":0,"duration":0,"origin":{"element-6066-11e4-a52e-4f735466cecf":"f.2C8FF78414D0A066996B014FE9210B62.d.005365C5A4D0B0C96012D7792CAB1A39.e.6800"}}]}]}
COMMAND: GET /session/a9951698a0529649221826e5653b28bf/screenshot - {}
COMMAND: POST /session/a9951698a0529649221826e5653b28bf/element - {"using":"xpath","value":"//span[contains(@id ,\"contractDetailTitleNoExpanded\")][contains(text(), \"10206\")]"}
RESULT: {}
RESULT: {"using":"xpath","value":"//span[contains(@id ,\"contractDetailTitleNoExpanded\")][contains(text(), \"10206\")]"}
COMMAND: POST /session/a9951698a0529649221826e5653b28bf/execute/sync - {"script":"<script> [79 bytes]","args":[{"element-6066-11e4-a52e-4f735466cecf":"f.2C8FF78414D0A066996B014FE9210B62.d.005365C5A4D0B0C96012D7792CAB1A39.e.6800","ELEMENT":"f.2C8FF78414D0A066996B014FE9210B62.d.005365C5A4D0B0C96012D7792CAB1A39.e.6800"},{"block":"start","inline":"nearest"}]}
RESULT: {"script":"<script> [79 bytes]","args":[{"element-6066-11e4-a52e-4f735466cecf":"f.2C8FF78414D0A066996B014FE9210B62.d.005365C5A4D0B0C96012D7792CAB1A39.e.6800","ELEMENT":"f.2C8FF78414D0A066996B014FE9210B62.d.005365C5A4D0B0C96012D7792CAB1A39.e.6800"},{"block":"start","inline":"nearest"}]}
COMMAND: GET /session/a9951698a0529649221826e5653b28bf/screenshot - {}
RESULT: {}
COMMAND: POST /session/a9951698a0529649221826e5653b28bf/element - {"using":"xpath","value":"//span[contains(@id ,\"contractDetailTitleNoExpanded\")][contains(text(), \"10206\")]"}
RESULT: {"using":"xpath","value":"//span[contains(@id ,\"contractDetailTitleNoExpanded\")][contains(text(), \"10206\")]"}
COMMAND: POST /session/a9951698a0529649221826e5653b28bf/element - {"using":"xpath","value":"//span[contains(@id ,\"contractDetailTitleNoExpanded\")][contains(text(), \"10206\")]"}
RESULT: {"using":"xpath","value":"//span[contains(@id ,\"contractDetailTitleNoExpanded\")][contains(text(), \"10206\")]"}
COMMAND: POST /session/a9951698a0529649221826e5653b28bf/element - {"using":"xpath","value":"//span[contains(@id ,\"contractDetailTitleNoExpanded\")][contains(text(), \"10206\")]"}
RESULT: {"using":"xpath","value":"//span[contains(@id ,\"contractDetailTitleNoExpanded\")][contains(text(), \"10206\")]"}
COMMAND: POST /session/a9951698a0529649221826e5653b28bf/element - {"using":"xpath","value":"//span[contains(@id ,\"contractDetailTitleNoExpanded\")][contains(text(), \"10206\")]"}
RESULT: {"using":"xpath","value":"//span[contains(@id ,\"contractDetailTitleNoExpanded\")][contains(text(), \"10206\")]"}
COMMAND: POST /session/a9951698a0529649221826e5653b28bf/element - {"using":"xpath","value":"//span[contains(@id ,\"contractDetailTitleNoExpanded\")][contains(text(), \"10206\")]"}
RESULT: {"using":"xpath","value":"//span[contains(@id ,\"contractDetailTitleNoExpanded\")][contains(text(), \"10206\")]"}
COMMAND: POST /session/a9951698a0529649221826e5653b28bf/element - {"using":"xpath","value":"(//textarea[@rows=\"15\"])[1]"}
RESULT: {"using":"xpath","value":"(//textarea[@rows=\"15\"])[1]"}
COMMAND: POST /session/a9951698a0529649221826e5653b28bf/execute/sync - {"script":"<script> [8489 bytes]","args":[{"element-6066-11e4-a52e-4f735466cecf":"f.2C8FF78414D0A066996B014FE9210B62.d.005365C5A4D0B0C96012D7792CAB1A39.e.6798","ELEMENT":"f.2C8FF78414D0A066996B014FE9210B62.d.005365C5A4D0B0C96012D7792CAB1A39.e.6798"}]}
RESULT: {"script":"<script> [8489 bytes]","args":[{"element-6066-11e4-a52e-4f735466cecf":"f.2C8FF78414D0A066996B014FE9210B62.d.005365C5A4D0B0C96012D7792CAB1A39.e.6798","ELEMENT":"f.2C8FF78414D0A066996B014FE9210B62.d.005365C5A4D0B0C96012D7792CAB1A39.e.6798"}]}
COMMAND: GET /session/a9951698a0529649221826e5653b28bf/screenshot - {}
COMMAND: POST /session/a9951698a0529649221826e5653b28bf/element - {"using":"xpath","value":"//span[contains(@id ,\"contractDetailTitleNoExpanded\")][contains(text(), \"10206\")]"}
RESULT: {}
RESULT: {"using":"xpath","value":"//span[contains(@id ,\"contractDetailTitleNoExpanded\")][contains(text(), \"10206\")]"}
COMMAND: POST /session/a9951698a0529649221826e5653b28bf/element - {"using":"xpath","value":"//span[contains(@id ,\"contractDetailTitleNoExpanded\")][contains(text(), \"10206\")]"}
RESULT: {"using":"xpath","value":"//span[contains(@id ,\"contractDetailTitleNoExpanded\")][contains(text(), \"10206\")]"}
COMMAND: POST /session/a9951698a0529649221826e5653b28bf/element - {"using":"xpath","value":"//span[contains(@id ,\"contractDetailTitleNoExpanded\")][contains(text(), \"10206\")]"}
RESULT: {"using":"xpath","value":"//span[contains(@id ,\"contractDetailTitleNoExpanded\")][contains(text(), \"10206\")]"}
COMMAND: POST /session/a9951698a0529649221826e5653b28bf/element - {"using":"xpath","value":"//span[contains(@id ,\"contractDetailTitleNoExpanded\")][contains(text(), \"10206\")]"}
RESULT: {"using":"xpath","value":"//span[contains(@id ,\"contractDetailTitleNoExpanded\")][contains(text(), \"10206\")]"}
COMMAND: POST /session/a9951698a0529649221826e5653b28bf/element - {"using":"xpath","value":"//span[contains(@id ,\"contractDetailTitleNoExpanded\")][contains(text(), \"10206\")]"}
RESULT: {"using":"xpath","value":"//span[contains(@id ,\"contractDetailTitleNoExpanded\")][contains(text(), \"10206\")]"}
COMMAND: POST /session/a9951698a0529649221826e5653b28bf/element - {"using":"xpath","value":"//span[contains(@id ,\"contractDetailTitleNoExpanded\")][contains(text(), \"10206\")]"}
RESULT: {"using":"xpath","value":"//span[contains(@id ,\"contractDetailTitleNoExpanded\")][contains(text(), \"10206\")]"}
COMMAND: POST /session/a9951698a0529649221826e5653b28bf/element - {"using":"xpath","value":"//span[contains(@id ,\"contractDetailTitleNoExpanded\")][contains(text(), \"10206\")]"}
RESULT: {"using":"xpath","value":"//span[contains(@id ,\"contractDetailTitleNoExpanded\")][contains(text(), \"10206\")]"}
COMMAND: POST /session/a9951698a0529649221826e5653b28bf/element - {"using":"xpath","value":"//span[contains(@id ,\"contractDetailTitleNoExpanded\")][contains(text(), \"10206\")]"}
RESULT: {"using":"xpath","value":"//span[contains(@id ,\"contractDetailTitleNoExpanded\")][contains(text(), \"10206\")]"}
COMMAND: POST /session/a9951698a0529649221826e5653b28bf/execute/async - {"script":"<script> [1562 bytes]","args":[{"selector":{"controlType":"sap.tnt.NavigationListItem","viewName":"etm.portal.ui.webshop.view.RequestDetail","i18NText":{"propertyName":"text","key":"exit"},"interaction":{"idSuffix":"a"}},"wdio_ui5_key":"etmportal.ui.webshop.view.RequestDetailsap.tnt.NavigationListItem{\"propertyName\":\"text\",\"key\":\"exit\"}"}]}
COMMAND: POST /session/a9951698a0529649221826e5653b28bf/element - {"using":"xpath","value":"//span[contains(@id ,\"contractDetailTitleNoExpanded\")][contains(text(), \"10206\")]"}
RESULT: {"script":"<script> [1562 bytes]","args":[{"selector":{"controlType":"sap.tnt.NavigationListItem","viewName":"etm.portal.ui.webshop.view.RequestDetail","i18NText":{"propertyName":"text","key":"exit"},"interaction":{"idSuffix":"a"}},"wdio_ui5_key":"etmportal.ui.webshop.view.RequestDetailsap.tnt.NavigationListItem{\"propertyName\":\"text\",\"key\":\"exit\"}"}]}
RESULT: undefined
COMMAND: POST /session/a9951698a0529649221826e5653b28bf/element - {"using":"xpath","value":"//*[@id=\"__item2593\"]"}
RESULT: {"using":"xpath","value":"//span[contains(@id ,\"contractDetailTitleNoExpanded\")][contains(text(), \"10206\")]"}
RESULT: {"using":"xpath","value":"//*[@id=\"__item2593\"]"}
COMMAND: POST /session/a9951698a0529649221826e5653b28bf/element/f.2C8FF78414D0A066996B014FE9210B62.d.005365C5A4D0B0C96012D7792CAB1A39.e.6806/click - {}
COMMAND: POST /session/a9951698a0529649221826e5653b28bf/element - {"using":"xpath","value":"//span[contains(@id ,\"contractDetailTitleNoExpanded\")][contains(text(), \"10206\")]"}
RESULT: {}
COMMAND: GET /session/a9951698a0529649221826e5653b28bf/screenshot - {}
RESULT: {"using":"xpath","value":"//span[contains(@id ,\"contractDetailTitleNoExpanded\")][contains(text(), \"10206\")]"}
COMMAND: POST /session/a9951698a0529649221826e5653b28bf/element - {"using":"xpath","value":"//span[contains(@id ,\"contractDetailTitleNoExpanded\")][contains(text(), \"10206\")]"}
RESULT: {}
RESULT: {"using":"xpath","value":"//span[contains(@id ,\"contractDetailTitleNoExpanded\")][contains(text(), \"10206\")]"}
COMMAND: POST /session/a9951698a0529649221826e5653b28bf/element - {"using":"xpath","value":"//span[contains(@id ,\"contractDetailTitleNoExpanded\")][contains(text(), \"10206\")]"}
RESULT: {"using":"xpath","value":"//span[contains(@id ,\"contractDetailTitleNoExpanded\")][contains(text(), \"10206\")]"}
COMMAND: POST /session/a9951698a0529649221826e5653b28bf/element - {"using":"xpath","value":"//span[contains(@id ,\"contractDetailTitleNoExpanded\")][contains(text(), \"10206\")]"}
RESULT: {"using":"xpath","value":"//span[contains(@id ,\"contractDetailTitleNoExpanded\")][contains(text(), \"10206\")]"}
COMMAND: POST /session/a9951698a0529649221826e5653b28bf/element - {"using":"xpath","value":"//span[contains(@id ,\"contractDetailTitleNoExpanded\")][contains(text(), \"10206\")]"}
RESULT: {"using":"xpath","value":"//span[contains(@id ,\"contractDetailTitleNoExpanded\")][contains(text(), \"10206\")]"}
COMMAND: POST /session/a9951698a0529649221826e5653b28bf/element - {"using":"xpath","value":"//span[contains(@id ,\"contractDetailTitleNoExpanded\")][contains(text(), \"10206\")]"}
RESULT: {"using":"xpath","value":"//span[contains(@id ,\"contractDetailTitleNoExpanded\")][contains(text(), \"10206\")]"}
COMMAND: POST /session/a9951698a0529649221826e5653b28bf/element - {"using":"xpath","value":"//span[contains(@id ,\"contractDetailTitleNoExpanded\")][contains(text(), \"10206\")]"}
RESULT: {"using":"xpath","value":"//span[contains(@id ,\"contractDetailTitleNoExpanded\")][contains(text(), \"10206\")]"}
COMMAND: POST /session/a9951698a0529649221826e5653b28bf/element - {"using":"css selector","value":"#shell-header-logo"}
RESULT: {"using":"css selector","value":"#shell-header-logo"}
COMMAND: POST /session/a9951698a0529649221826e5653b28bf/element/f.2C8FF78414D0A066996B014FE9210B62.d.005365C5A4D0B0C96012D7792CAB1A39.e.3245/click - {}
RESULT: {}
COMMAND: GET /session/a9951698a0529649221826e5653b28bf/screenshot - {}
COMMAND: POST /session/a9951698a0529649221826e5653b28bf/element - {"using":"xpath","value":"//span[contains(@id ,\"contractDetailTitleNoExpanded\")][contains(text(), \"10206\")]"}
RESULT: {}
RESULT: {"using":"xpath","value":"//span[contains(@id ,\"contractDetailTitleNoExpanded\")][contains(text(), \"10206\")]"}
COMMAND: POST /session/a9951698a0529649221826e5653b28bf/element - {"using":"xpath","value":"//span[contains(@id ,\"contractDetailTitleNoExpanded\")][contains(text(), \"10206\")]"}
RESULT: {"using":"xpath","value":"//span[contains(@id ,\"contractDetailTitleNoExpanded\")][contains(text(), \"10206\")]"}
COMMAND: POST /session/a9951698a0529649221826e5653b28bf/element - {"using":"xpath","value":"//span[contains(@id ,\"contractDetailTitleNoExpanded\")][contains(text(), \"10206\")]"}
RESULT: {"using":"xpath","value":"//span[contains(@id ,\"contractDetailTitleNoExpanded\")][contains(text(), \"10206\")]"}
COMMAND: POST /session/a9951698a0529649221826e5653b28bf/element - {"using":"xpath","value":"//span[contains(@id ,\"contractDetailTitleNoExpanded\")][contains(text(), \"10206\")]"}
RESULT: {"using":"xpath","value":"//span[contains(@id ,\"contractDetailTitleNoExpanded\")][contains(text(), \"10206\")]"}
COMMAND: POST /session/a9951698a0529649221826e5653b28bf/element - {"using":"xpath","value":"//span[contains(@id ,\"contractDetailTitleNoExpanded\")][contains(text(), \"10206\")]"}
RESULT: {"using":"xpath","value":"//span[contains(@id ,\"contractDetailTitleNoExpanded\")][contains(text(), \"10206\")]"}
COMMAND: POST /session/a9951698a0529649221826e5653b28bf/element - {"using":"xpath","value":"//span[contains(@id ,\"contractDetailTitleNoExpanded\")][contains(text(), \"10206\")]"}
RESULT: {"using":"xpath","value":"//span[contains(@id ,\"contractDetailTitleNoExpanded\")][contains(text(), \"10206\")]"}
]]></system-out>
    </testcase>
  </testsuite>
  <testsuite timestamp="2025-05-14T16:49:53" time="80.772" tests="1" failures="0" errors="0" skipped="0">
    <properties>
      <property name="specId" value="0" />
      <property name="suiteName" value="Add items into the basket without creating a request US151315" />
      <property name="capabilities" value="chrome.136_0_7103_93.windows" />
      <property name="file" value="file:///D:/a/1/s/test/specs/R2C/add-items-into-basket-wo-creating-a-request.spec.js" />
    </properties>
    <testcase classname="chrome.136_0_7103_93.windows.Add_items_into_the_basket_without_creating_a_request_US151315" name="Should verify if a catalog item can be added without creating a request" time="77.563">
      <system-out><![CDATA[
RESULT: undefined
COMMAND: POST /session/a9951698a0529649221826e5653b28bf/element - {"using":"xpath","value":"//*[@id=\"__tile49\"]"}
RESULT: {"using":"xpath","value":"//*[@id=\"__tile49\"]"}
COMMAND: POST /session/a9951698a0529649221826e5653b28bf/element/f.2C8FF78414D0A066996B014FE9210B62.d.005365C5A4D0B0C96012D7792CAB1A39.e.2977/click - {}
COMMAND: POST /session/a9951698a0529649221826e5653b28bf/element - {"using":"xpath","value":"//span[contains(@id ,\"contractDetailTitleNoExpanded\")][contains(text(), \"10206\")]"}
RESULT: {}
COMMAND: GET /session/a9951698a0529649221826e5653b28bf/screenshot - {}
RESULT: {"using":"xpath","value":"//span[contains(@id ,\"contractDetailTitleNoExpanded\")][contains(text(), \"10206\")]"}
RESULT: {}
COMMAND: POST /session/a9951698a0529649221826e5653b28bf/element - {"using":"xpath","value":"//span[contains(@id ,\"contractDetailTitleNoExpanded\")][contains(text(), \"10206\")]"}
COMMAND: POST /session/a9951698a0529649221826e5653b28bf/elements - {"using":"xpath","value":"//span[text()='Error']"}
RESULT: {"using":"xpath","value":"//span[contains(@id ,\"contractDetailTitleNoExpanded\")][contains(text(), \"10206\")]"}
RESULT: {"using":"xpath","value":"//span[text()='Error']"}
COMMAND: POST /session/a9951698a0529649221826e5653b28bf/element - {"using":"xpath","value":"//span[contains(@id ,\"contractDetailTitleNoExpanded\")][contains(text(), \"10206\")]"}
RESULT: {"using":"xpath","value":"//span[contains(@id ,\"contractDetailTitleNoExpanded\")][contains(text(), \"10206\")]"}
COMMAND: POST /session/a9951698a0529649221826e5653b28bf/element - {"using":"xpath","value":"//span[contains(@id ,\"contractDetailTitleNoExpanded\")][contains(text(), \"10206\")]"}
RESULT: {"using":"xpath","value":"//span[contains(@id ,\"contractDetailTitleNoExpanded\")][contains(text(), \"10206\")]"}
COMMAND: POST /session/a9951698a0529649221826e5653b28bf/element - {"using":"xpath","value":"//span[contains(@id ,\"contractDetailTitleNoExpanded\")][contains(text(), \"10206\")]"}
RESULT: {"using":"xpath","value":"//span[contains(@id ,\"contractDetailTitleNoExpanded\")][contains(text(), \"10206\")]"}
COMMAND: POST /session/a9951698a0529649221826e5653b28bf/element - {"using":"css selector","value":"#requestCreationDialog--createRequestPopUp-title-inner"}
RESULT: {"using":"css selector","value":"#requestCreationDialog--createRequestPopUp-title-inner"}
COMMAND: POST /session/a9951698a0529649221826e5653b28bf/execute/sync - {"script":"<script> [8489 bytes]","args":[{"element-6066-11e4-a52e-4f735466cecf":"f.2C8FF78414D0A066996B014FE9210B62.d.005365C5A4D0B0C96012D7792CAB1A39.e.6860","ELEMENT":"f.2C8FF78414D0A066996B014FE9210B62.d.005365C5A4D0B0C96012D7792CAB1A39.e.6860"}]}
RESULT: {"script":"<script> [8489 bytes]","args":[{"element-6066-11e4-a52e-4f735466cecf":"f.2C8FF78414D0A066996B014FE9210B62.d.005365C5A4D0B0C96012D7792CAB1A39.e.6860","ELEMENT":"f.2C8FF78414D0A066996B014FE9210B62.d.005365C5A4D0B0C96012D7792CAB1A39.e.6860"}]}
COMMAND: GET /session/a9951698a0529649221826e5653b28bf/element/f.2C8FF78414D0A066996B014FE9210B62.d.005365C5A4D0B0C96012D7792CAB1A39.e.6860/enabled - {}
COMMAND: GET /session/a9951698a0529649221826e5653b28bf/screenshot - {}
RESULT: {}
COMMAND: POST /session/a9951698a0529649221826e5653b28bf/element - {"using":"xpath","value":"//span[contains(@id ,\"requestCreationDialog--cancelButton-content\")]"}
COMMAND: GET /session/a9951698a0529649221826e5653b28bf/screenshot - {}
RESULT: {}
RESULT: {"using":"xpath","value":"//span[contains(@id ,\"requestCreationDialog--cancelButton-content\")]"}
COMMAND: POST /session/a9951698a0529649221826e5653b28bf/element/f.2C8FF78414D0A066996B014FE9210B62.d.005365C5A4D0B0C96012D7792CAB1A39.e.6861/click - {}
RESULT: {}
RESULT: {}
COMMAND: GET /session/a9951698a0529649221826e5653b28bf/screenshot - {}
RESULT: {}
COMMAND: POST /session/a9951698a0529649221826e5653b28bf/element - {"using":"xpath","value":"//input[contains(@id ,\"searchFiledId-I\")]"}
RESULT: {"using":"xpath","value":"//input[contains(@id ,\"searchFiledId-I\")]"}
COMMAND: POST /session/a9951698a0529649221826e5653b28bf/element/f.2C8FF78414D0A066996B014FE9210B62.d.005365C5A4D0B0C96012D7792CAB1A39.e.6809/value - {"text":"Dri-Prime CD150M Diesel Pump"}
RESULT: {"text":"Dri-Prime CD150M Diesel Pump"}
COMMAND: POST /session/a9951698a0529649221826e5653b28bf/actions - {"actions":[{"id":"action11","type":"key","parameters":{},"actions":[{"type":"keyDown","value":"î€‡"},{"type":"pause","duration":10},{"type":"keyUp","value":"î€‡"}]}]}
COMMAND: GET /session/a9951698a0529649221826e5653b28bf/screenshot - {}
RESULT: {"actions":[{"id":"action11","type":"key","parameters":{},"actions":[{"type":"keyDown","value":"î€‡"},{"type":"pause","duration":10},{"type":"keyUp","value":"î€‡"}]}]}
COMMAND: GET /session/a9951698a0529649221826e5653b28bf/screenshot - {}
RESULT: {}
RESULT: {}
COMMAND: POST /session/a9951698a0529649221826e5653b28bf/element - {"using":"xpath","value":"//span[contains(@id ,\"subTitle\")][contains(text(), \"Dri-Prime CD150M Diesel Pump\")]"}
RESULT: {"using":"xpath","value":"//span[contains(@id ,\"subTitle\")][contains(text(), \"Dri-Prime CD150M Diesel Pump\")]"}
COMMAND: POST /session/a9951698a0529649221826e5653b28bf/element/f.2C8FF78414D0A066996B014FE9210B62.d.005365C5A4D0B0C96012D7792CAB1A39.e.6868/click - {}
RESULT: {}
COMMAND: GET /session/a9951698a0529649221826e5653b28bf/screenshot - {}
RESULT: {}
COMMAND: POST /session/a9951698a0529649221826e5653b28bf/element - {"using":"xpath","value":"//bdi[contains(text(), \"Add to Request\")]"}
RESULT: {"using":"xpath","value":"//bdi[contains(text(), \"Add to Request\")]"}
COMMAND: POST /session/a9951698a0529649221826e5653b28bf/element/f.2C8FF78414D0A066996B014FE9210B62.d.005365C5A4D0B0C96012D7792CAB1A39.e.6881/click - {}
RESULT: {}
COMMAND: POST /session/a9951698a0529649221826e5653b28bf/element - {"using":"xpath","value":"//div[contains(@class ,\"sapMMessageToast sapUiSelectable sapContrast sapContrastPlus sapUiUserSelectable\")]"}
COMMAND: GET /session/a9951698a0529649221826e5653b28bf/screenshot - {}
RESULT: {"using":"xpath","value":"//div[contains(@class ,\"sapMMessageToast sapUiSelectable sapContrast sapContrastPlus sapUiUserSelectable\")]"}
COMMAND: POST /session/a9951698a0529649221826e5653b28bf/execute/sync - {"script":"<script> [8489 bytes]","args":[{"element-6066-11e4-a52e-4f735466cecf":"f.2C8FF78414D0A066996B014FE9210B62.d.005365C5A4D0B0C96012D7792CAB1A39.e.6885","ELEMENT":"f.2C8FF78414D0A066996B014FE9210B62.d.005365C5A4D0B0C96012D7792CAB1A39.e.6885"}]}
RESULT: {}
RESULT: {"script":"<script> [8489 bytes]","args":[{"element-6066-11e4-a52e-4f735466cecf":"f.2C8FF78414D0A066996B014FE9210B62.d.005365C5A4D0B0C96012D7792CAB1A39.e.6885","ELEMENT":"f.2C8FF78414D0A066996B014FE9210B62.d.005365C5A4D0B0C96012D7792CAB1A39.e.6885"}]}
COMMAND: GET /session/a9951698a0529649221826e5653b28bf/element/f.2C8FF78414D0A066996B014FE9210B62.d.005365C5A4D0B0C96012D7792CAB1A39.e.6885/text - {}
COMMAND: GET /session/a9951698a0529649221826e5653b28bf/screenshot - {}
RESULT: {}
RESULT: {}
COMMAND: POST /session/a9951698a0529649221826e5653b28bf/element - {"using":"xpath","value":"//bdi[contains(@id ,\"activeCartId-BDI-content\")]"}
RESULT: {"using":"xpath","value":"//bdi[contains(@id ,\"activeCartId-BDI-content\")]"}
COMMAND: GET /session/a9951698a0529649221826e5653b28bf/element/f.2C8FF78414D0A066996B014FE9210B62.d.005365C5A4D0B0C96012D7792CAB1A39.e.6886/text - {}
RESULT: {}
COMMAND: POST /session/a9951698a0529649221826e5653b28bf/element - {"using":"xpath","value":"//li[@title=\"Exit\"]"}
RESULT: {"using":"xpath","value":"//li[@title=\"Exit\"]"}
COMMAND: POST /session/a9951698a0529649221826e5653b28bf/element/f.2C8FF78414D0A066996B014FE9210B62.d.005365C5A4D0B0C96012D7792CAB1A39.e.6887/click - {}
RESULT: {}
COMMAND: GET /session/a9951698a0529649221826e5653b28bf/screenshot - {}
RESULT: {}
COMMAND: DELETE /session/a9951698a0529649221826e5653b28bf - {}
RESULT: {}
]]></system-out>
    </testcase>
  </testsuite>
</testsuites>