<?xml version="1.0" encoding="UTF-8"?>
<testsuites tests="58" failures="0" errors="0" skipped="0">
  <testsuite timestamp="2025-05-21T05:47:56" time="933.181" tests="11" failures="0" errors="0" skipped="0">
    <properties>
      <property name="specId" value="0" />
      <property name="suiteName" value="Billing confirm US117289" />
      <property name="capabilities" value="chrome.136_0_7103_93.windows" />
      <property name="file" value="file:///D:/a/1/s/test/specs/BTS/billing-confirm.spec.js" />
    </properties>
    <testcase classname="chrome.136_0_7103_93.windows.Billing_confirm_US117289" name="Should create a new yard" time="111.196">
      <system-out><![CDATA[
COMMAND: POST /session/d3cdda6f06e006695550ea94201d0e31/window/fullscreen - {}
RESULT: {}
COMMAND: POST /session/d3cdda6f06e006695550ea94201d0e31/execute/async - {"script":"<script> [1562 bytes]","args":[{"selector":{"controlType":"sap.m.GenericTile","properties":{"header":"Manage Yards"}},"wdio_ui5_key":"sapm.GenericTile{\"header\":\"Manage Yards\"}"}]}
RESULT: {"script":"<script> [1562 bytes]","args":[{"selector":{"controlType":"sap.m.GenericTile","properties":{"header":"Manage Yards"}},"wdio_ui5_key":"sapm.GenericTile{\"header\":\"Manage Yards\"}"}]}
RESULT: undefined
COMMAND: POST /session/d3cdda6f06e006695550ea94201d0e31/element - {"using":"xpath","value":"//*[@id=\"__tile41\"]"}
RESULT: {"using":"xpath","value":"//*[@id=\"__tile41\"]"}
COMMAND: POST /session/d3cdda6f06e006695550ea94201d0e31/element/f.CF3EA173C6DD6742E6FF2C1FCC3ADAA5.d.B65054D79B60D63B34CAC4E03BA72693.e.151/click - {}
RESULT: {}
COMMAND: GET /session/d3cdda6f06e006695550ea94201d0e31/screenshot - {}
RESULT: {}
COMMAND: POST /session/d3cdda6f06e006695550ea94201d0e31/elements - {"using":"xpath","value":"//span[text()='Error']"}
RESULT: {"using":"xpath","value":"//span[text()='Error']"}
COMMAND: POST /session/d3cdda6f06e006695550ea94201d0e31/element - {"using":"xpath","value":"//button[@data-kt=\"addNewYardOverflowToolbarButton\"]"}
RESULT: {"using":"xpath","value":"//button[@data-kt=\"addNewYardOverflowToolbarButton\"]"}
COMMAND: POST /session/d3cdda6f06e006695550ea94201d0e31/elements - {"using":"xpath","value":"//button[@data-kt=\"addNewYardOverflowToolbarButton\"]"}
RESULT: {"using":"xpath","value":"//button[@data-kt=\"addNewYardOverflowToolbarButton\"]"}
COMMAND: POST /session/d3cdda6f06e006695550ea94201d0e31/execute/sync - {"script":"<script> [8489 bytes]","args":[{"element-6066-11e4-a52e-4f735466cecf":"f.CF3EA173C6DD6742E6FF2C1FCC3ADAA5.d.B65054D79B60D63B34CAC4E03BA72693.e.288","ELEMENT":"f.CF3EA173C6DD6742E6FF2C1FCC3ADAA5.d.B65054D79B60D63B34CAC4E03BA72693.e.288"}]}
RESULT: {"script":"<script> [8489 bytes]","args":[{"element-6066-11e4-a52e-4f735466cecf":"f.CF3EA173C6DD6742E6FF2C1FCC3ADAA5.d.B65054D79B60D63B34CAC4E03BA72693.e.288","ELEMENT":"f.CF3EA173C6DD6742E6FF2C1FCC3ADAA5.d.B65054D79B60D63B34CAC4E03BA72693.e.288"}]}
COMMAND: GET /session/d3cdda6f06e006695550ea94201d0e31/element/f.CF3EA173C6DD6742E6FF2C1FCC3ADAA5.d.B65054D79B60D63B34CAC4E03BA72693.e.288/enabled - {}
COMMAND: GET /session/d3cdda6f06e006695550ea94201d0e31/screenshot - {}
RESULT: {}
COMMAND: POST /session/d3cdda6f06e006695550ea94201d0e31/execute/sync - {"script":"<script> [8489 bytes]","args":[{"element-6066-11e4-a52e-4f735466cecf":"f.CF3EA173C6DD6742E6FF2C1FCC3ADAA5.d.B65054D79B60D63B34CAC4E03BA72693.e.288","ELEMENT":"f.CF3EA173C6DD6742E6FF2C1FCC3ADAA5.d.B65054D79B60D63B34CAC4E03BA72693.e.288"}]}
COMMAND: GET /session/d3cdda6f06e006695550ea94201d0e31/screenshot - {}
RESULT: {}
RESULT: {"script":"<script> [8489 bytes]","args":[{"element-6066-11e4-a52e-4f735466cecf":"f.CF3EA173C6DD6742E6FF2C1FCC3ADAA5.d.B65054D79B60D63B34CAC4E03BA72693.e.288","ELEMENT":"f.CF3EA173C6DD6742E6FF2C1FCC3ADAA5.d.B65054D79B60D63B34CAC4E03BA72693.e.288"}]}
COMMAND: POST /session/d3cdda6f06e006695550ea94201d0e31/execute/sync - {"script":"<script> [5351 bytes]","args":[{"element-6066-11e4-a52e-4f735466cecf":"f.CF3EA173C6DD6742E6FF2C1FCC3ADAA5.d.B65054D79B60D63B34CAC4E03BA72693.e.288","ELEMENT":"f.CF3EA173C6DD6742E6FF2C1FCC3ADAA5.d.B65054D79B60D63B34CAC4E03BA72693.e.288"}]}
COMMAND: GET /session/d3cdda6f06e006695550ea94201d0e31/screenshot - {}
RESULT: {}
RESULT: {"script":"<script> [5351 bytes]","args":[{"element-6066-11e4-a52e-4f735466cecf":"f.CF3EA173C6DD6742E6FF2C1FCC3ADAA5.d.B65054D79B60D63B34CAC4E03BA72693.e.288","ELEMENT":"f.CF3EA173C6DD6742E6FF2C1FCC3ADAA5.d.B65054D79B60D63B34CAC4E03BA72693.e.288"}]}
COMMAND: POST /session/d3cdda6f06e006695550ea94201d0e31/element/f.CF3EA173C6DD6742E6FF2C1FCC3ADAA5.d.B65054D79B60D63B34CAC4E03BA72693.e.288/click - {}
COMMAND: GET /session/d3cdda6f06e006695550ea94201d0e31/screenshot - {}
RESULT: {}
RESULT: {}
COMMAND: GET /session/d3cdda6f06e006695550ea94201d0e31/screenshot - {}
RESULT: {}
COMMAND: POST /session/d3cdda6f06e006695550ea94201d0e31/element - {"using":"xpath","value":"//input[@id=\"application-manageyards-display-component---NewYard--yardId-inner\"]"}
RESULT: {}
RESULT: {"using":"xpath","value":"//input[@id=\"application-manageyards-display-component---NewYard--yardId-inner\"]"}
COMMAND: POST /session/d3cdda6f06e006695550ea94201d0e31/element - {"using":"xpath","value":"//input[@id=\"application-manageyards-display-component---NewYard--yardId-inner\"]"}
RESULT: {"using":"xpath","value":"//input[@id=\"application-manageyards-display-component---NewYard--yardId-inner\"]"}
COMMAND: POST /session/d3cdda6f06e006695550ea94201d0e31/execute/async - {"script":"<script> [1562 bytes]","args":[{"selector":{"id":"application-manageyards-display-component---NewYard--addressDetailDetailsName1","interaction":{"idSuffix":"inner"}},"wdio_ui5_key":"applicationmanageyards-display-component---NewYard--addressDetailDetailsName1"}]}
RESULT: {"script":"<script> [1562 bytes]","args":[{"selector":{"id":"application-manageyards-display-component---NewYard--addressDetailDetailsName1","interaction":{"idSuffix":"inner"}},"wdio_ui5_key":"applicationmanageyards-display-component---NewYard--addressDetailDetailsName1"}]}
RESULT: undefined
COMMAND: POST /session/d3cdda6f06e006695550ea94201d0e31/execute/async - {"script":"<script> [776 bytes]","args":[{"enterText":"Intracompany Yard wdIO","selector":{"id":"application-manageyards-display-component---NewYard--addressDetailDetailsName1","interaction":{"idSuffix":"inner"}},"clearTextFirst":true,"interactionType":"ENTER_TEXT"}]}
RESULT: {"script":"<script> [776 bytes]","args":[{"enterText":"Intracompany Yard wdIO","selector":{"id":"application-manageyards-display-component---NewYard--addressDetailDetailsName1","interaction":{"idSuffix":"inner"}},"clearTextFirst":true,"interactionType":"ENTER_TEXT"}]}
COMMAND: POST /session/d3cdda6f06e006695550ea94201d0e31/execute/async - {"script":"<script> [1562 bytes]","args":[{"selector":{"id":"application-manageyards-display-component---NewYard--addressDetailDetailsLanguage-arrow"},"wdio_ui5_key":"applicationmanageyards-display-component---NewYard--addressDetailDetailsLanguage-arrow"}]}
RESULT: {"script":"<script> [1562 bytes]","args":[{"selector":{"id":"application-manageyards-display-component---NewYard--addressDetailDetailsLanguage-arrow"},"wdio_ui5_key":"applicationmanageyards-display-component---NewYard--addressDetailDetailsLanguage-arrow"}]}
RESULT: undefined
COMMAND: POST /session/d3cdda6f06e006695550ea94201d0e31/element - {"using":"xpath","value":"//*[@id=\"application-manageyards-display-component---NewYard--addressDetailDetailsLanguage-arrow\"]"}
RESULT: {"using":"xpath","value":"//*[@id=\"application-manageyards-display-component---NewYard--addressDetailDetailsLanguage-arrow\"]"}
COMMAND: POST /session/d3cdda6f06e006695550ea94201d0e31/element/f.CF3EA173C6DD6742E6FF2C1FCC3ADAA5.d.B65054D79B60D63B34CAC4E03BA72693.e.732/click - {}
RESULT: {}
COMMAND: POST /session/d3cdda6f06e006695550ea94201d0e31/element - {"using":"xpath","value":"//span[contains(text(), \"English\")]"}
COMMAND: GET /session/d3cdda6f06e006695550ea94201d0e31/screenshot - {}
RESULT: {"using":"xpath","value":"//span[contains(text(), \"English\")]"}
COMMAND: POST /session/d3cdda6f06e006695550ea94201d0e31/element/f.CF3EA173C6DD6742E6FF2C1FCC3ADAA5.d.B65054D79B60D63B34CAC4E03BA72693.e.733/click - {}
RESULT: {}
RESULT: {}
COMMAND: POST /session/d3cdda6f06e006695550ea94201d0e31/execute/async - {"script":"<script> [1562 bytes]","args":[{"selector":{"id":"application-manageyards-display-component---NewYard--addressDetailDetailsCity1","interaction":{"idSuffix":"inner"}},"wdio_ui5_key":"applicationmanageyards-display-component---NewYard--addressDetailDetailsCity1"}]}
COMMAND: GET /session/d3cdda6f06e006695550ea94201d0e31/screenshot - {}
RESULT: {"script":"<script> [1562 bytes]","args":[{"selector":{"id":"application-manageyards-display-component---NewYard--addressDetailDetailsCity1","interaction":{"idSuffix":"inner"}},"wdio_ui5_key":"applicationmanageyards-display-component---NewYard--addressDetailDetailsCity1"}]}
RESULT: undefined
COMMAND: POST /session/d3cdda6f06e006695550ea94201d0e31/execute/async - {"script":"<script> [776 bytes]","args":[{"enterText":"Rosario","selector":{"id":"application-manageyards-display-component---NewYard--addressDetailDetailsCity1","interaction":{"idSuffix":"inner"}},"clearTextFirst":true,"interactionType":"ENTER_TEXT"}]}
RESULT: {}
RESULT: {"script":"<script> [776 bytes]","args":[{"enterText":"Rosario","selector":{"id":"application-manageyards-display-component---NewYard--addressDetailDetailsCity1","interaction":{"idSuffix":"inner"}},"clearTextFirst":true,"interactionType":"ENTER_TEXT"}]}
COMMAND: POST /session/d3cdda6f06e006695550ea94201d0e31/execute/async - {"script":"<script> [1562 bytes]","args":[{"selector":{"id":"application-manageyards-display-component---NewYard--addressDetailDetailsCountry-arrow"},"wdio_ui5_key":"applicationmanageyards-display-component---NewYard--addressDetailDetailsCountry-arrow"}]}
RESULT: {"script":"<script> [1562 bytes]","args":[{"selector":{"id":"application-manageyards-display-component---NewYard--addressDetailDetailsCountry-arrow"},"wdio_ui5_key":"applicationmanageyards-display-component---NewYard--addressDetailDetailsCountry-arrow"}]}
RESULT: undefined
COMMAND: POST /session/d3cdda6f06e006695550ea94201d0e31/element - {"using":"xpath","value":"//*[@id=\"application-manageyards-display-component---NewYard--addressDetailDetailsCountry-arrow\"]"}
RESULT: {"using":"xpath","value":"//*[@id=\"application-manageyards-display-component---NewYard--addressDetailDetailsCountry-arrow\"]"}
COMMAND: POST /session/d3cdda6f06e006695550ea94201d0e31/element/f.CF3EA173C6DD6742E6FF2C1FCC3ADAA5.d.B65054D79B60D63B34CAC4E03BA72693.e.735/click - {}
RESULT: {}
COMMAND: POST /session/d3cdda6f06e006695550ea94201d0e31/element - {"using":"xpath","value":"//span[contains(text(), \"Argentina\")]"}
COMMAND: GET /session/d3cdda6f06e006695550ea94201d0e31/screenshot - {}
RESULT: {"using":"xpath","value":"//span[contains(text(), \"Argentina\")]"}
COMMAND: POST /session/d3cdda6f06e006695550ea94201d0e31/element/f.CF3EA173C6DD6742E6FF2C1FCC3ADAA5.d.B65054D79B60D63B34CAC4E03BA72693.e.737/click - {}
RESULT: {}
RESULT: {}
COMMAND: POST /session/d3cdda6f06e006695550ea94201d0e31/execute/async - {"script":"<script> [1562 bytes]","args":[{"selector":{"id":"application-manageyards-display-component---NewYard--addressEditDetailsCostObjectCstType-arrow"},"wdio_ui5_key":"applicationmanageyards-display-component---NewYard--addressEditDetailsCostObjectCstType-arrow"}]}
COMMAND: GET /session/d3cdda6f06e006695550ea94201d0e31/screenshot - {}
RESULT: {"script":"<script> [1562 bytes]","args":[{"selector":{"id":"application-manageyards-display-component---NewYard--addressEditDetailsCostObjectCstType-arrow"},"wdio_ui5_key":"applicationmanageyards-display-component---NewYard--addressEditDetailsCostObjectCstType-arrow"}]}
RESULT: undefined
COMMAND: POST /session/d3cdda6f06e006695550ea94201d0e31/element - {"using":"xpath","value":"//*[@id=\"application-manageyards-display-component---NewYard--addressEditDetailsCostObjectCstType-arrow\"]"}
RESULT: {}
RESULT: {"using":"xpath","value":"//*[@id=\"application-manageyards-display-component---NewYard--addressEditDetailsCostObjectCstType-arrow\"]"}
COMMAND: POST /session/d3cdda6f06e006695550ea94201d0e31/element/f.CF3EA173C6DD6742E6FF2C1FCC3ADAA5.d.B65054D79B60D63B34CAC4E03BA72693.e.738/click - {}
RESULT: {}
COMMAND: POST /session/d3cdda6f06e006695550ea94201d0e31/element - {"using":"xpath","value":"//span[contains(text(), \"Cost Center\")]"}
COMMAND: GET /session/d3cdda6f06e006695550ea94201d0e31/screenshot - {}
RESULT: {"using":"xpath","value":"//span[contains(text(), \"Cost Center\")]"}
COMMAND: POST /session/d3cdda6f06e006695550ea94201d0e31/element/f.CF3EA173C6DD6742E6FF2C1FCC3ADAA5.d.B65054D79B60D63B34CAC4E03BA72693.e.739/click - {}
RESULT: {}
RESULT: {}
COMMAND: GET /session/d3cdda6f06e006695550ea94201d0e31/screenshot - {}
RESULT: {}
COMMAND: POST /session/d3cdda6f06e006695550ea94201d0e31/element - {"using":"xpath","value":"//span[@id=\"application-manageyards-display-component---NewYard--addressNewCostObjectCstID-vhi\"]"}
RESULT: {"using":"xpath","value":"//span[@id=\"application-manageyards-display-component---NewYard--addressNewCostObjectCstID-vhi\"]"}
COMMAND: POST /session/d3cdda6f06e006695550ea94201d0e31/execute/sync - {"script":"<script> [8489 bytes]","args":[{"element-6066-11e4-a52e-4f735466cecf":"f.CF3EA173C6DD6742E6FF2C1FCC3ADAA5.d.B65054D79B60D63B34CAC4E03BA72693.e.743","ELEMENT":"f.CF3EA173C6DD6742E6FF2C1FCC3ADAA5.d.B65054D79B60D63B34CAC4E03BA72693.e.743"}]}
RESULT: {"script":"<script> [8489 bytes]","args":[{"element-6066-11e4-a52e-4f735466cecf":"f.CF3EA173C6DD6742E6FF2C1FCC3ADAA5.d.B65054D79B60D63B34CAC4E03BA72693.e.743","ELEMENT":"f.CF3EA173C6DD6742E6FF2C1FCC3ADAA5.d.B65054D79B60D63B34CAC4E03BA72693.e.743"}]}
COMMAND: POST /session/d3cdda6f06e006695550ea94201d0e31/execute/async - {"script":"<script> [1562 bytes]","args":[{"selector":{"id":"application-manageyards-display-component---NewYard--addressNewCostObjectCstID-vhi"},"wdio_ui5_key":"applicationmanageyards-display-component---NewYard--addressNewCostObjectCstID-vhi"}]}
COMMAND: GET /session/d3cdda6f06e006695550ea94201d0e31/screenshot - {}
RESULT: {"script":"<script> [1562 bytes]","args":[{"selector":{"id":"application-manageyards-display-component---NewYard--addressNewCostObjectCstID-vhi"},"wdio_ui5_key":"applicationmanageyards-display-component---NewYard--addressNewCostObjectCstID-vhi"}]}
RESULT: undefined
COMMAND: POST /session/d3cdda6f06e006695550ea94201d0e31/element - {"using":"xpath","value":"//*[@id=\"application-manageyards-display-component---NewYard--addressNewCostObjectCstID-vhi\"]"}
RESULT: {}
RESULT: {"using":"xpath","value":"//*[@id=\"application-manageyards-display-component---NewYard--addressNewCostObjectCstID-vhi\"]"}
COMMAND: POST /session/d3cdda6f06e006695550ea94201d0e31/element/f.CF3EA173C6DD6742E6FF2C1FCC3ADAA5.d.B65054D79B60D63B34CAC4E03BA72693.e.743/click - {}
RESULT: {}
COMMAND: GET /session/d3cdda6f06e006695550ea94201d0e31/screenshot - {}
RESULT: {}
COMMAND: POST /session/d3cdda6f06e006695550ea94201d0e31/execute/async - {"script":"<script> [1562 bytes]","args":[{"selector":{"controlType":"sap.m.SearchField","properties":{"placeholder":"Search"},"searchOpenDialogs":true,"interaction":{"idSuffix":"I"}},"wdio_ui5_key":"sapm.SearchField{\"placeholder\":\"Search\"}"}]}
RESULT: {"script":"<script> [1562 bytes]","args":[{"selector":{"controlType":"sap.m.SearchField","properties":{"placeholder":"Search"},"searchOpenDialogs":true,"interaction":{"idSuffix":"I"}},"wdio_ui5_key":"sapm.SearchField{\"placeholder\":\"Search\"}"}]}
RESULT: undefined
COMMAND: POST /session/d3cdda6f06e006695550ea94201d0e31/execute/async - {"script":"<script> [776 bytes]","args":[{"enterText":"bauh_b","selector":{"controlType":"sap.m.SearchField","properties":{"placeholder":"Search"},"searchOpenDialogs":true,"interaction":{"idSuffix":"I"}},"clearTextFirst":true,"interactionType":"ENTER_TEXT"}]}
RESULT: {"script":"<script> [776 bytes]","args":[{"enterText":"bauh_b","selector":{"controlType":"sap.m.SearchField","properties":{"placeholder":"Search"},"searchOpenDialogs":true,"interaction":{"idSuffix":"I"}},"clearTextFirst":true,"interactionType":"ENTER_TEXT"}]}
COMMAND: POST /session/d3cdda6f06e006695550ea94201d0e31/actions - {"actions":[{"id":"action1","type":"key","parameters":{},"actions":[{"type":"keyDown","value":"î€‡"},{"type":"pause","duration":10},{"type":"keyUp","value":"î€‡"}]}]}
RESULT: {"actions":[{"id":"action1","type":"key","parameters":{},"actions":[{"type":"keyDown","value":"î€‡"},{"type":"pause","duration":10},{"type":"keyUp","value":"î€‡"}]}]}
COMMAND: GET /session/d3cdda6f06e006695550ea94201d0e31/screenshot - {}
RESULT: {}
COMMAND: POST /session/d3cdda6f06e006695550ea94201d0e31/element - {"using":"xpath","value":"//span[contains(text(), \"Demo Yard\")]"}
RESULT: {"using":"xpath","value":"//span[contains(text(), \"Demo Yard\")]"}
COMMAND: POST /session/d3cdda6f06e006695550ea94201d0e31/element/f.CF3EA173C6DD6742E6FF2C1FCC3ADAA5.d.B65054D79B60D63B34CAC4E03BA72693.e.785/click - {}
RESULT: {}
COMMAND: GET /session/d3cdda6f06e006695550ea94201d0e31/screenshot - {}
RESULT: {}
COMMAND: POST /session/d3cdda6f06e006695550ea94201d0e31/element - {"using":"xpath","value":"//bdi[contains(text(), \"OK\")]"}
RESULT: {"using":"xpath","value":"//bdi[contains(text(), \"OK\")]"}
COMMAND: POST /session/d3cdda6f06e006695550ea94201d0e31/element/f.CF3EA173C6DD6742E6FF2C1FCC3ADAA5.d.B65054D79B60D63B34CAC4E03BA72693.e.786/click - {}
RESULT: {}
COMMAND: GET /session/d3cdda6f06e006695550ea94201d0e31/screenshot - {}
RESULT: {}
COMMAND: POST /session/d3cdda6f06e006695550ea94201d0e31/execute/async - {"script":"<script> [1562 bytes]","args":[{"selector":{"id":"application-manageyards-display-component---NewYard--addressEditDetailsCurrency-arrow"},"wdio_ui5_key":"applicationmanageyards-display-component---NewYard--addressEditDetailsCurrency-arrow"}]}
RESULT: {"script":"<script> [1562 bytes]","args":[{"selector":{"id":"application-manageyards-display-component---NewYard--addressEditDetailsCurrency-arrow"},"wdio_ui5_key":"applicationmanageyards-display-component---NewYard--addressEditDetailsCurrency-arrow"}]}
RESULT: undefined
COMMAND: POST /session/d3cdda6f06e006695550ea94201d0e31/element - {"using":"xpath","value":"//*[@id=\"application-manageyards-display-component---NewYard--addressEditDetailsCurrency-arrow\"]"}
RESULT: {"using":"xpath","value":"//*[@id=\"application-manageyards-display-component---NewYard--addressEditDetailsCurrency-arrow\"]"}
COMMAND: POST /session/d3cdda6f06e006695550ea94201d0e31/element/f.CF3EA173C6DD6742E6FF2C1FCC3ADAA5.d.B65054D79B60D63B34CAC4E03BA72693.e.789/click - {}
RESULT: {}
COMMAND: POST /session/d3cdda6f06e006695550ea94201d0e31/element - {"using":"xpath","value":"//span[contains(text(), \"Euro\")]"}
COMMAND: GET /session/d3cdda6f06e006695550ea94201d0e31/screenshot - {}
RESULT: {"using":"xpath","value":"//span[contains(text(), \"Euro\")]"}
COMMAND: POST /session/d3cdda6f06e006695550ea94201d0e31/element/f.CF3EA173C6DD6742E6FF2C1FCC3ADAA5.d.B65054D79B60D63B34CAC4E03BA72693.e.790/click - {}
RESULT: {}
RESULT: {}
COMMAND: POST /session/d3cdda6f06e006695550ea94201d0e31/execute/async - {"script":"<script> [1562 bytes]","args":[{"selector":{"controlType":"sap.m.Input","viewName":"etm.portal.ui.manageyards.view.New","viewId":"application-manageyards-display-component---NewYard","bindingPath":{"path":"","propertyPath":"/CONTROLLING_AREA","modelName":"NewYardModel"},"interaction":{"idSuffix":"inner"}},"wdio_ui5_key":"etmportal.ui.manageyards.view.Newsap.m.Input{\"path\":\"\",\"propertyPath\":\"/CONTROLLING_AREA\",\"modelName\":\"NewYardModel\"}"}]}
COMMAND: GET /session/d3cdda6f06e006695550ea94201d0e31/screenshot - {}
RESULT: {"script":"<script> [1562 bytes]","args":[{"selector":{"controlType":"sap.m.Input","viewName":"etm.portal.ui.manageyards.view.New","viewId":"application-manageyards-display-component---NewYard","bindingPath":{"path":"","propertyPath":"/CONTROLLING_AREA","modelName":"NewYardModel"},"interaction":{"idSuffix":"inner"}},"wdio_ui5_key":"etmportal.ui.manageyards.view.Newsap.m.Input{\"path\":\"\",\"propertyPath\":\"/CONTROLLING_AREA\",\"modelName\":\"NewYardModel\"}"}]}
RESULT: undefined
COMMAND: POST /session/d3cdda6f06e006695550ea94201d0e31/execute/async - {"script":"<script> [776 bytes]","args":[{"enterText":"Z001","selector":{"controlType":"sap.m.Input","viewName":"etm.portal.ui.manageyards.view.New","viewId":"application-manageyards-display-component---NewYard","bindingPath":{"path":"","propertyPath":"/CONTROLLING_AREA","modelName":"NewYardModel"},"interaction":{"idSuffix":"inner"}},"clearTextFirst":true,"interactionType":"ENTER_TEXT"}]}
RESULT: {}
RESULT: {"script":"<script> [776 bytes]","args":[{"enterText":"Z001","selector":{"controlType":"sap.m.Input","viewName":"etm.portal.ui.manageyards.view.New","viewId":"application-manageyards-display-component---NewYard","bindingPath":{"path":"","propertyPath":"/CONTROLLING_AREA","modelName":"NewYardModel"},"interaction":{"idSuffix":"inner"}},"clearTextFirst":true,"interactionType":"ENTER_TEXT"}]}
COMMAND: POST /session/d3cdda6f06e006695550ea94201d0e31/execute/async - {"script":"<script> [1562 bytes]","args":[{"selector":{"id":"application-manageyards-display-component---NewYard--companyCodeComboBox","interaction":{"idSuffix":"inner"}},"wdio_ui5_key":"applicationmanageyards-display-component---NewYard--companyCodeComboBox"}]}
RESULT: {"script":"<script> [1562 bytes]","args":[{"selector":{"id":"application-manageyards-display-component---NewYard--companyCodeComboBox","interaction":{"idSuffix":"inner"}},"wdio_ui5_key":"applicationmanageyards-display-component---NewYard--companyCodeComboBox"}]}
RESULT: undefined
COMMAND: POST /session/d3cdda6f06e006695550ea94201d0e31/execute/async - {"script":"<script> [776 bytes]","args":[{"enterText":"1000","selector":{"id":"application-manageyards-display-component---NewYard--companyCodeComboBox","interaction":{"idSuffix":"inner"}},"clearTextFirst":true,"interactionType":"ENTER_TEXT"}]}
RESULT: {"script":"<script> [776 bytes]","args":[{"enterText":"1000","selector":{"id":"application-manageyards-display-component---NewYard--companyCodeComboBox","interaction":{"idSuffix":"inner"}},"clearTextFirst":true,"interactionType":"ENTER_TEXT"}]}
COMMAND: POST /session/d3cdda6f06e006695550ea94201d0e31/execute/async - {"script":"<script> [1562 bytes]","args":[{"selector":{"controlType":"sap.m.Input","viewName":"etm.portal.ui.manageyards.view.New","viewId":"application-manageyards-display-component---NewYard","bindingPath":{"path":"","propertyPath":"/PLANT","modelName":"NewYardModel"},"interaction":{"idSuffix":"inner"}},"wdio_ui5_key":"etmportal.ui.manageyards.view.Newsap.m.Input{\"path\":\"\",\"propertyPath\":\"/PLANT\",\"modelName\":\"NewYardModel\"}"}]}
RESULT: {"script":"<script> [1562 bytes]","args":[{"selector":{"controlType":"sap.m.Input","viewName":"etm.portal.ui.manageyards.view.New","viewId":"application-manageyards-display-component---NewYard","bindingPath":{"path":"","propertyPath":"/PLANT","modelName":"NewYardModel"},"interaction":{"idSuffix":"inner"}},"wdio_ui5_key":"etmportal.ui.manageyards.view.Newsap.m.Input{\"path\":\"\",\"propertyPath\":\"/PLANT\",\"modelName\":\"NewYardModel\"}"}]}
RESULT: undefined
COMMAND: POST /session/d3cdda6f06e006695550ea94201d0e31/execute/async - {"script":"<script> [776 bytes]","args":[{"enterText":"1001","selector":{"controlType":"sap.m.Input","viewName":"etm.portal.ui.manageyards.view.New","viewId":"application-manageyards-display-component---NewYard","bindingPath":{"path":"","propertyPath":"/PLANT","modelName":"NewYardModel"},"interaction":{"idSuffix":"inner"}},"clearTextFirst":true,"interactionType":"ENTER_TEXT"}]}
RESULT: {"script":"<script> [776 bytes]","args":[{"enterText":"1001","selector":{"controlType":"sap.m.Input","viewName":"etm.portal.ui.manageyards.view.New","viewId":"application-manageyards-display-component---NewYard","bindingPath":{"path":"","propertyPath":"/PLANT","modelName":"NewYardModel"},"interaction":{"idSuffix":"inner"}},"clearTextFirst":true,"interactionType":"ENTER_TEXT"}]}
COMMAND: POST /session/d3cdda6f06e006695550ea94201d0e31/execute/async - {"script":"<script> [1562 bytes]","args":[{"selector":{"controlType":"sap.m.Input","viewName":"etm.portal.ui.manageyards.view.New","viewId":"application-manageyards-display-component---NewYard","bindingPath":{"path":"","propertyPath":"/SALES_AREA_VKORG","modelName":"NewYardModel"},"interaction":{"idSuffix":"inner"}},"wdio_ui5_key":"etmportal.ui.manageyards.view.Newsap.m.Input{\"path\":\"\",\"propertyPath\":\"/SALES_AREA_VKORG\",\"modelName\":\"NewYardModel\"}"}]}
RESULT: {"script":"<script> [1562 bytes]","args":[{"selector":{"controlType":"sap.m.Input","viewName":"etm.portal.ui.manageyards.view.New","viewId":"application-manageyards-display-component---NewYard","bindingPath":{"path":"","propertyPath":"/SALES_AREA_VKORG","modelName":"NewYardModel"},"interaction":{"idSuffix":"inner"}},"wdio_ui5_key":"etmportal.ui.manageyards.view.Newsap.m.Input{\"path\":\"\",\"propertyPath\":\"/SALES_AREA_VKORG\",\"modelName\":\"NewYardModel\"}"}]}
RESULT: undefined
COMMAND: POST /session/d3cdda6f06e006695550ea94201d0e31/execute/async - {"script":"<script> [776 bytes]","args":[{"enterText":"C002","selector":{"controlType":"sap.m.Input","viewName":"etm.portal.ui.manageyards.view.New","viewId":"application-manageyards-display-component---NewYard","bindingPath":{"path":"","propertyPath":"/SALES_AREA_VKORG","modelName":"NewYardModel"},"interaction":{"idSuffix":"inner"}},"clearTextFirst":true,"interactionType":"ENTER_TEXT"}]}
RESULT: {"script":"<script> [776 bytes]","args":[{"enterText":"C002","selector":{"controlType":"sap.m.Input","viewName":"etm.portal.ui.manageyards.view.New","viewId":"application-manageyards-display-component---NewYard","bindingPath":{"path":"","propertyPath":"/SALES_AREA_VKORG","modelName":"NewYardModel"},"interaction":{"idSuffix":"inner"}},"clearTextFirst":true,"interactionType":"ENTER_TEXT"}]}
COMMAND: POST /session/d3cdda6f06e006695550ea94201d0e31/execute/async - {"script":"<script> [1562 bytes]","args":[{"selector":{"controlType":"sap.m.Input","viewName":"etm.portal.ui.manageyards.view.New","viewId":"application-manageyards-display-component---NewYard","bindingPath":{"path":"","propertyPath":"/SALES_AREA_VTWEG","modelName":"NewYardModel"},"interaction":{"idSuffix":"inner"}},"wdio_ui5_key":"etmportal.ui.manageyards.view.Newsap.m.Input{\"path\":\"\",\"propertyPath\":\"/SALES_AREA_VTWEG\",\"modelName\":\"NewYardModel\"}"}]}
RESULT: {"script":"<script> [1562 bytes]","args":[{"selector":{"controlType":"sap.m.Input","viewName":"etm.portal.ui.manageyards.view.New","viewId":"application-manageyards-display-component---NewYard","bindingPath":{"path":"","propertyPath":"/SALES_AREA_VTWEG","modelName":"NewYardModel"},"interaction":{"idSuffix":"inner"}},"wdio_ui5_key":"etmportal.ui.manageyards.view.Newsap.m.Input{\"path\":\"\",\"propertyPath\":\"/SALES_AREA_VTWEG\",\"modelName\":\"NewYardModel\"}"}]}
RESULT: undefined
COMMAND: POST /session/d3cdda6f06e006695550ea94201d0e31/execute/async - {"script":"<script> [776 bytes]","args":[{"enterText":"C2","selector":{"controlType":"sap.m.Input","viewName":"etm.portal.ui.manageyards.view.New","viewId":"application-manageyards-display-component---NewYard","bindingPath":{"path":"","propertyPath":"/SALES_AREA_VTWEG","modelName":"NewYardModel"},"interaction":{"idSuffix":"inner"}},"clearTextFirst":true,"interactionType":"ENTER_TEXT"}]}
RESULT: {"script":"<script> [776 bytes]","args":[{"enterText":"C2","selector":{"controlType":"sap.m.Input","viewName":"etm.portal.ui.manageyards.view.New","viewId":"application-manageyards-display-component---NewYard","bindingPath":{"path":"","propertyPath":"/SALES_AREA_VTWEG","modelName":"NewYardModel"},"interaction":{"idSuffix":"inner"}},"clearTextFirst":true,"interactionType":"ENTER_TEXT"}]}
COMMAND: POST /session/d3cdda6f06e006695550ea94201d0e31/execute/async - {"script":"<script> [1562 bytes]","args":[{"selector":{"controlType":"sap.m.Input","viewName":"etm.portal.ui.manageyards.view.New","viewId":"application-manageyards-display-component---NewYard","bindingPath":{"path":"","propertyPath":"/SALES_AREA_SPART","modelName":"NewYardModel"},"interaction":{"idSuffix":"inner"}},"wdio_ui5_key":"etmportal.ui.manageyards.view.Newsap.m.Input{\"path\":\"\",\"propertyPath\":\"/SALES_AREA_SPART\",\"modelName\":\"NewYardModel\"}"}]}
RESULT: {"script":"<script> [1562 bytes]","args":[{"selector":{"controlType":"sap.m.Input","viewName":"etm.portal.ui.manageyards.view.New","viewId":"application-manageyards-display-component---NewYard","bindingPath":{"path":"","propertyPath":"/SALES_AREA_SPART","modelName":"NewYardModel"},"interaction":{"idSuffix":"inner"}},"wdio_ui5_key":"etmportal.ui.manageyards.view.Newsap.m.Input{\"path\":\"\",\"propertyPath\":\"/SALES_AREA_SPART\",\"modelName\":\"NewYardModel\"}"}]}
RESULT: undefined
COMMAND: POST /session/d3cdda6f06e006695550ea94201d0e31/execute/async - {"script":"<script> [776 bytes]","args":[{"enterText":"C2","selector":{"controlType":"sap.m.Input","viewName":"etm.portal.ui.manageyards.view.New","viewId":"application-manageyards-display-component---NewYard","bindingPath":{"path":"","propertyPath":"/SALES_AREA_SPART","modelName":"NewYardModel"},"interaction":{"idSuffix":"inner"}},"clearTextFirst":true,"interactionType":"ENTER_TEXT"}]}
RESULT: {"script":"<script> [776 bytes]","args":[{"enterText":"C2","selector":{"controlType":"sap.m.Input","viewName":"etm.portal.ui.manageyards.view.New","viewId":"application-manageyards-display-component---NewYard","bindingPath":{"path":"","propertyPath":"/SALES_AREA_SPART","modelName":"NewYardModel"},"interaction":{"idSuffix":"inner"}},"clearTextFirst":true,"interactionType":"ENTER_TEXT"}]}
COMMAND: POST /session/d3cdda6f06e006695550ea94201d0e31/execute/async - {"script":"<script> [1562 bytes]","args":[{"selector":{"controlType":"sap.m.Input","viewName":"etm.portal.ui.manageyards.view.New","viewId":"application-manageyards-display-component---NewYard","bindingPath":{"path":"","propertyPath":"/SHIP_POINT","modelName":"NewYardModel"},"interaction":{"idSuffix":"inner"}},"wdio_ui5_key":"etmportal.ui.manageyards.view.Newsap.m.Input{\"path\":\"\",\"propertyPath\":\"/SHIP_POINT\",\"modelName\":\"NewYardModel\"}"}]}
RESULT: {"script":"<script> [1562 bytes]","args":[{"selector":{"controlType":"sap.m.Input","viewName":"etm.portal.ui.manageyards.view.New","viewId":"application-manageyards-display-component---NewYard","bindingPath":{"path":"","propertyPath":"/SHIP_POINT","modelName":"NewYardModel"},"interaction":{"idSuffix":"inner"}},"wdio_ui5_key":"etmportal.ui.manageyards.view.Newsap.m.Input{\"path\":\"\",\"propertyPath\":\"/SHIP_POINT\",\"modelName\":\"NewYardModel\"}"}]}
RESULT: undefined
COMMAND: POST /session/d3cdda6f06e006695550ea94201d0e31/execute/async - {"script":"<script> [776 bytes]","args":[{"enterText":"1710","selector":{"controlType":"sap.m.Input","viewName":"etm.portal.ui.manageyards.view.New","viewId":"application-manageyards-display-component---NewYard","bindingPath":{"path":"","propertyPath":"/SHIP_POINT","modelName":"NewYardModel"},"interaction":{"idSuffix":"inner"}},"clearTextFirst":true,"interactionType":"ENTER_TEXT"}]}
RESULT: {"script":"<script> [776 bytes]","args":[{"enterText":"1710","selector":{"controlType":"sap.m.Input","viewName":"etm.portal.ui.manageyards.view.New","viewId":"application-manageyards-display-component---NewYard","bindingPath":{"path":"","propertyPath":"/SHIP_POINT","modelName":"NewYardModel"},"interaction":{"idSuffix":"inner"}},"clearTextFirst":true,"interactionType":"ENTER_TEXT"}]}
COMMAND: POST /session/d3cdda6f06e006695550ea94201d0e31/execute/async - {"script":"<script> [1562 bytes]","args":[{"selector":{"controlType":"sap.m.Input","viewName":"etm.portal.ui.manageyards.view.New","viewId":"application-manageyards-display-component---NewYard","bindingPath":{"path":"","propertyPath":"/DELIVERY_TYPE","modelName":"NewYardModel"},"interaction":{"idSuffix":"inner"}},"wdio_ui5_key":"etmportal.ui.manageyards.view.Newsap.m.Input{\"path\":\"\",\"propertyPath\":\"/DELIVERY_TYPE\",\"modelName\":\"NewYardModel\"}"}]}
RESULT: {"script":"<script> [1562 bytes]","args":[{"selector":{"controlType":"sap.m.Input","viewName":"etm.portal.ui.manageyards.view.New","viewId":"application-manageyards-display-component---NewYard","bindingPath":{"path":"","propertyPath":"/DELIVERY_TYPE","modelName":"NewYardModel"},"interaction":{"idSuffix":"inner"}},"wdio_ui5_key":"etmportal.ui.manageyards.view.Newsap.m.Input{\"path\":\"\",\"propertyPath\":\"/DELIVERY_TYPE\",\"modelName\":\"NewYardModel\"}"}]}
RESULT: undefined
COMMAND: POST /session/d3cdda6f06e006695550ea94201d0e31/execute/async - {"script":"<script> [776 bytes]","args":[{"enterText":"ZL01","selector":{"controlType":"sap.m.Input","viewName":"etm.portal.ui.manageyards.view.New","viewId":"application-manageyards-display-component---NewYard","bindingPath":{"path":"","propertyPath":"/DELIVERY_TYPE","modelName":"NewYardModel"},"interaction":{"idSuffix":"inner"}},"clearTextFirst":true,"interactionType":"ENTER_TEXT"}]}
RESULT: {"script":"<script> [776 bytes]","args":[{"enterText":"ZL01","selector":{"controlType":"sap.m.Input","viewName":"etm.portal.ui.manageyards.view.New","viewId":"application-manageyards-display-component---NewYard","bindingPath":{"path":"","propertyPath":"/DELIVERY_TYPE","modelName":"NewYardModel"},"interaction":{"idSuffix":"inner"}},"clearTextFirst":true,"interactionType":"ENTER_TEXT"}]}
COMMAND: POST /session/d3cdda6f06e006695550ea94201d0e31/execute/async - {"script":"<script> [1562 bytes]","args":[{"selector":{"controlType":"sap.m.Input","viewName":"etm.portal.ui.manageyards.view.New","viewId":"application-manageyards-display-component---NewYard","bindingPath":{"path":"","propertyPath":"/AUART","modelName":"NewYardModel"},"interaction":{"idSuffix":"inner"}},"wdio_ui5_key":"etmportal.ui.manageyards.view.Newsap.m.Input{\"path\":\"\",\"propertyPath\":\"/AUART\",\"modelName\":\"NewYardModel\"}"}]}
RESULT: {"script":"<script> [1562 bytes]","args":[{"selector":{"controlType":"sap.m.Input","viewName":"etm.portal.ui.manageyards.view.New","viewId":"application-manageyards-display-component---NewYard","bindingPath":{"path":"","propertyPath":"/AUART","modelName":"NewYardModel"},"interaction":{"idSuffix":"inner"}},"wdio_ui5_key":"etmportal.ui.manageyards.view.Newsap.m.Input{\"path\":\"\",\"propertyPath\":\"/AUART\",\"modelName\":\"NewYardModel\"}"}]}
RESULT: undefined
COMMAND: POST /session/d3cdda6f06e006695550ea94201d0e31/execute/async - {"script":"<script> [776 bytes]","args":[{"enterText":"TA","selector":{"controlType":"sap.m.Input","viewName":"etm.portal.ui.manageyards.view.New","viewId":"application-manageyards-display-component---NewYard","bindingPath":{"path":"","propertyPath":"/AUART","modelName":"NewYardModel"},"interaction":{"idSuffix":"inner"}},"clearTextFirst":true,"interactionType":"ENTER_TEXT"}]}
RESULT: {"script":"<script> [776 bytes]","args":[{"enterText":"TA","selector":{"controlType":"sap.m.Input","viewName":"etm.portal.ui.manageyards.view.New","viewId":"application-manageyards-display-component---NewYard","bindingPath":{"path":"","propertyPath":"/AUART","modelName":"NewYardModel"},"interaction":{"idSuffix":"inner"}},"clearTextFirst":true,"interactionType":"ENTER_TEXT"}]}
COMMAND: POST /session/d3cdda6f06e006695550ea94201d0e31/element - {"using":"xpath","value":"//button[@data-kt=\"newYardSaveButton\"]"}
RESULT: {"using":"xpath","value":"//button[@data-kt=\"newYardSaveButton\"]"}
COMMAND: POST /session/d3cdda6f06e006695550ea94201d0e31/element/f.CF3EA173C6DD6742E6FF2C1FCC3ADAA5.d.B65054D79B60D63B34CAC4E03BA72693.e.683/click - {}
RESULT: {}
COMMAND: GET /session/d3cdda6f06e006695550ea94201d0e31/screenshot - {}
RESULT: {}
COMMAND: POST /session/d3cdda6f06e006695550ea94201d0e31/element - {"using":"xpath","value":"//header[contains(@id, 'ObjectPageLayout-headerTitle')]/div[1]/div[2]/div[1]/span[1]"}
RESULT: {"using":"xpath","value":"//header[contains(@id, 'ObjectPageLayout-headerTitle')]/div[1]/div[2]/div[1]/span[1]"}
COMMAND: POST /session/d3cdda6f06e006695550ea94201d0e31/elements - {"using":"xpath","value":"//header[contains(@id, 'ObjectPageLayout-headerTitle')]/div[1]/div[2]/div[1]/span[1]"}
RESULT: {"using":"xpath","value":"//header[contains(@id, 'ObjectPageLayout-headerTitle')]/div[1]/div[2]/div[1]/span[1]"}
COMMAND: POST /session/d3cdda6f06e006695550ea94201d0e31/execute/sync - {"script":"<script> [56 bytes]","args":[{"element-6066-11e4-a52e-4f735466cecf":"f.CF3EA173C6DD6742E6FF2C1FCC3ADAA5.d.B65054D79B60D63B34CAC4E03BA72693.e.1017","ELEMENT":"f.CF3EA173C6DD6742E6FF2C1FCC3ADAA5.d.B65054D79B60D63B34CAC4E03BA72693.e.1017"}]}
RESULT: {"script":"<script> [56 bytes]","args":[{"element-6066-11e4-a52e-4f735466cecf":"f.CF3EA173C6DD6742E6FF2C1FCC3ADAA5.d.B65054D79B60D63B34CAC4E03BA72693.e.1017","ELEMENT":"f.CF3EA173C6DD6742E6FF2C1FCC3ADAA5.d.B65054D79B60D63B34CAC4E03BA72693.e.1017"}]}
COMMAND: GET /session/d3cdda6f06e006695550ea94201d0e31/screenshot - {}
RESULT: {}
COMMAND: POST /session/d3cdda6f06e006695550ea94201d0e31/element - {"using":"css selector","value":"#shell-header-logo"}
RESULT: {"using":"css selector","value":"#shell-header-logo"}
COMMAND: POST /session/d3cdda6f06e006695550ea94201d0e31/element/f.CF3EA173C6DD6742E6FF2C1FCC3ADAA5.d.B65054D79B60D63B34CAC4E03BA72693.e.256/click - {}
RESULT: {}
COMMAND: GET /session/d3cdda6f06e006695550ea94201d0e31/screenshot - {}
RESULT: {}
COMMAND: POST /session/d3cdda6f06e006695550ea94201d0e31/execute/sync - {"script":"<script> [299 bytes]","args":[["getModel","getResource"]]}
RESULT: {"script":"<script> [299 bytes]","args":[["getModel","getResource"]]}
COMMAND: GET /session/d3cdda6f06e006695550ea94201d0e31/screenshot - {}
]]></system-out>
    </testcase>
    <testcase classname="chrome.136_0_7103_93.windows.Billing_confirm_US117289" name="Should create a new partner" time="128.813">
      <system-out><![CDATA[
COMMAND: POST /session/d3cdda6f06e006695550ea94201d0e31/window/fullscreen - {}
RESULT: {}
RESULT: {}
COMMAND: POST /session/d3cdda6f06e006695550ea94201d0e31/execute/async - {"script":"<script> [1562 bytes]","args":[{"selector":{"controlType":"sap.m.GenericTile","properties":{"header":"Manage Partners"}},"wdio_ui5_key":"sapm.GenericTile{\"header\":\"Manage Partners\"}"}]}
RESULT: {"script":"<script> [1562 bytes]","args":[{"selector":{"controlType":"sap.m.GenericTile","properties":{"header":"Manage Partners"}},"wdio_ui5_key":"sapm.GenericTile{\"header\":\"Manage Partners\"}"}]}
RESULT: undefined
COMMAND: POST /session/d3cdda6f06e006695550ea94201d0e31/element - {"using":"xpath","value":"//*[@id=\"__tile38\"]"}
RESULT: {"using":"xpath","value":"//*[@id=\"__tile38\"]"}
COMMAND: POST /session/d3cdda6f06e006695550ea94201d0e31/element/f.CF3EA173C6DD6742E6FF2C1FCC3ADAA5.d.B65054D79B60D63B34CAC4E03BA72693.e.142/click - {}
RESULT: {}
COMMAND: GET /session/d3cdda6f06e006695550ea94201d0e31/screenshot - {}
RESULT: {}
COMMAND: POST /session/d3cdda6f06e006695550ea94201d0e31/elements - {"using":"xpath","value":"//span[text()='Error']"}
RESULT: {"using":"xpath","value":"//span[text()='Error']"}
COMMAND: POST /session/d3cdda6f06e006695550ea94201d0e31/element - {"using":"xpath","value":"//button[@data-kt=\"addButton\"]"}
RESULT: {"using":"xpath","value":"//button[@data-kt=\"addButton\"]"}
COMMAND: POST /session/d3cdda6f06e006695550ea94201d0e31/elements - {"using":"xpath","value":"//button[@data-kt=\"addButton\"]"}
RESULT: {"using":"xpath","value":"//button[@data-kt=\"addButton\"]"}
COMMAND: POST /session/d3cdda6f06e006695550ea94201d0e31/execute/sync - {"script":"<script> [8489 bytes]","args":[{"element-6066-11e4-a52e-4f735466cecf":"f.CF3EA173C6DD6742E6FF2C1FCC3ADAA5.d.B65054D79B60D63B34CAC4E03BA72693.e.1066","ELEMENT":"f.CF3EA173C6DD6742E6FF2C1FCC3ADAA5.d.B65054D79B60D63B34CAC4E03BA72693.e.1066"}]}
RESULT: {"script":"<script> [8489 bytes]","args":[{"element-6066-11e4-a52e-4f735466cecf":"f.CF3EA173C6DD6742E6FF2C1FCC3ADAA5.d.B65054D79B60D63B34CAC4E03BA72693.e.1066","ELEMENT":"f.CF3EA173C6DD6742E6FF2C1FCC3ADAA5.d.B65054D79B60D63B34CAC4E03BA72693.e.1066"}]}
COMMAND: GET /session/d3cdda6f06e006695550ea94201d0e31/element/f.CF3EA173C6DD6742E6FF2C1FCC3ADAA5.d.B65054D79B60D63B34CAC4E03BA72693.e.1066/enabled - {}
COMMAND: GET /session/d3cdda6f06e006695550ea94201d0e31/screenshot - {}
RESULT: {}
COMMAND: POST /session/d3cdda6f06e006695550ea94201d0e31/execute/sync - {"script":"<script> [8489 bytes]","args":[{"element-6066-11e4-a52e-4f735466cecf":"f.CF3EA173C6DD6742E6FF2C1FCC3ADAA5.d.B65054D79B60D63B34CAC4E03BA72693.e.1066","ELEMENT":"f.CF3EA173C6DD6742E6FF2C1FCC3ADAA5.d.B65054D79B60D63B34CAC4E03BA72693.e.1066"}]}
COMMAND: GET /session/d3cdda6f06e006695550ea94201d0e31/screenshot - {}
RESULT: {}
RESULT: {"script":"<script> [8489 bytes]","args":[{"element-6066-11e4-a52e-4f735466cecf":"f.CF3EA173C6DD6742E6FF2C1FCC3ADAA5.d.B65054D79B60D63B34CAC4E03BA72693.e.1066","ELEMENT":"f.CF3EA173C6DD6742E6FF2C1FCC3ADAA5.d.B65054D79B60D63B34CAC4E03BA72693.e.1066"}]}
COMMAND: POST /session/d3cdda6f06e006695550ea94201d0e31/execute/sync - {"script":"<script> [5351 bytes]","args":[{"element-6066-11e4-a52e-4f735466cecf":"f.CF3EA173C6DD6742E6FF2C1FCC3ADAA5.d.B65054D79B60D63B34CAC4E03BA72693.e.1066","ELEMENT":"f.CF3EA173C6DD6742E6FF2C1FCC3ADAA5.d.B65054D79B60D63B34CAC4E03BA72693.e.1066"}]}
COMMAND: GET /session/d3cdda6f06e006695550ea94201d0e31/screenshot - {}
RESULT: {}
RESULT: {"script":"<script> [5351 bytes]","args":[{"element-6066-11e4-a52e-4f735466cecf":"f.CF3EA173C6DD6742E6FF2C1FCC3ADAA5.d.B65054D79B60D63B34CAC4E03BA72693.e.1066","ELEMENT":"f.CF3EA173C6DD6742E6FF2C1FCC3ADAA5.d.B65054D79B60D63B34CAC4E03BA72693.e.1066"}]}
COMMAND: POST /session/d3cdda6f06e006695550ea94201d0e31/element/f.CF3EA173C6DD6742E6FF2C1FCC3ADAA5.d.B65054D79B60D63B34CAC4E03BA72693.e.1066/click - {}
COMMAND: GET /session/d3cdda6f06e006695550ea94201d0e31/screenshot - {}
RESULT: {}
RESULT: {}
COMMAND: GET /session/d3cdda6f06e006695550ea94201d0e31/screenshot - {}
COMMAND: POST /session/d3cdda6f06e006695550ea94201d0e31/execute/async - {"script":"<script> [1562 bytes]","args":[{"selector":{"id":"application-managepartners-display-component---NewPartner--addressDetailDetailsName1","interaction":{"idSuffix":"inner"}},"wdio_ui5_key":"applicationmanagepartners-display-component---NewPartner--addressDetailDetailsName1"}]}
RESULT: {}
RESULT: {}
RESULT: {"script":"<script> [1562 bytes]","args":[{"selector":{"id":"application-managepartners-display-component---NewPartner--addressDetailDetailsName1","interaction":{"idSuffix":"inner"}},"wdio_ui5_key":"applicationmanagepartners-display-component---NewPartner--addressDetailDetailsName1"}]}
RESULT: undefined
COMMAND: POST /session/d3cdda6f06e006695550ea94201d0e31/execute/async - {"script":"<script> [776 bytes]","args":[{"enterText":"Intracompany Partner WDIO","selector":{"id":"application-managepartners-display-component---NewPartner--addressDetailDetailsName1","interaction":{"idSuffix":"inner"}},"clearTextFirst":true,"interactionType":"ENTER_TEXT"}]}
RESULT: {"script":"<script> [776 bytes]","args":[{"enterText":"Intracompany Partner WDIO","selector":{"id":"application-managepartners-display-component---NewPartner--addressDetailDetailsName1","interaction":{"idSuffix":"inner"}},"clearTextFirst":true,"interactionType":"ENTER_TEXT"}]}
COMMAND: POST /session/d3cdda6f06e006695550ea94201d0e31/execute/async - {"script":"<script> [1562 bytes]","args":[{"selector":{"id":"application-managepartners-display-component---NewPartner--addressDetailDetailsLanguage-arrow"},"wdio_ui5_key":"applicationmanagepartners-display-component---NewPartner--addressDetailDetailsLanguage-arrow"}]}
RESULT: {"script":"<script> [1562 bytes]","args":[{"selector":{"id":"application-managepartners-display-component---NewPartner--addressDetailDetailsLanguage-arrow"},"wdio_ui5_key":"applicationmanagepartners-display-component---NewPartner--addressDetailDetailsLanguage-arrow"}]}
RESULT: undefined
COMMAND: POST /session/d3cdda6f06e006695550ea94201d0e31/element - {"using":"xpath","value":"//*[@id=\"application-managepartners-display-component---NewPartner--addressDetailDetailsLanguage-arrow\"]"}
RESULT: {"using":"xpath","value":"//*[@id=\"application-managepartners-display-component---NewPartner--addressDetailDetailsLanguage-arrow\"]"}
COMMAND: POST /session/d3cdda6f06e006695550ea94201d0e31/element/f.CF3EA173C6DD6742E6FF2C1FCC3ADAA5.d.B65054D79B60D63B34CAC4E03BA72693.e.1513/click - {}
RESULT: {}
COMMAND: POST /session/d3cdda6f06e006695550ea94201d0e31/element - {"using":"xpath","value":"//span[contains(text(), \"English\")]"}
COMMAND: GET /session/d3cdda6f06e006695550ea94201d0e31/screenshot - {}
RESULT: {"using":"xpath","value":"//span[contains(text(), \"English\")]"}
COMMAND: POST /session/d3cdda6f06e006695550ea94201d0e31/element/f.CF3EA173C6DD6742E6FF2C1FCC3ADAA5.d.B65054D79B60D63B34CAC4E03BA72693.e.1514/click - {}
RESULT: {}
RESULT: {}
COMMAND: GET /session/d3cdda6f06e006695550ea94201d0e31/screenshot - {}
RESULT: {}
COMMAND: POST /session/d3cdda6f06e006695550ea94201d0e31/execute/async - {"script":"<script> [1562 bytes]","args":[{"selector":{"id":"application-managepartners-display-component---NewPartner--addressDetailDetailsCity1","interaction":{"idSuffix":"inner"}},"wdio_ui5_key":"applicationmanagepartners-display-component---NewPartner--addressDetailDetailsCity1"}]}
RESULT: {"script":"<script> [1562 bytes]","args":[{"selector":{"id":"application-managepartners-display-component---NewPartner--addressDetailDetailsCity1","interaction":{"idSuffix":"inner"}},"wdio_ui5_key":"applicationmanagepartners-display-component---NewPartner--addressDetailDetailsCity1"}]}
RESULT: undefined
COMMAND: POST /session/d3cdda6f06e006695550ea94201d0e31/execute/async - {"script":"<script> [776 bytes]","args":[{"enterText":"Rosario","selector":{"id":"application-managepartners-display-component---NewPartner--addressDetailDetailsCity1","interaction":{"idSuffix":"inner"}},"clearTextFirst":true,"interactionType":"ENTER_TEXT"}]}
RESULT: {"script":"<script> [776 bytes]","args":[{"enterText":"Rosario","selector":{"id":"application-managepartners-display-component---NewPartner--addressDetailDetailsCity1","interaction":{"idSuffix":"inner"}},"clearTextFirst":true,"interactionType":"ENTER_TEXT"}]}
COMMAND: POST /session/d3cdda6f06e006695550ea94201d0e31/execute/async - {"script":"<script> [1562 bytes]","args":[{"selector":{"id":"application-managepartners-display-component---NewPartner--addressDetailDetailsCountry-arrow"},"wdio_ui5_key":"applicationmanagepartners-display-component---NewPartner--addressDetailDetailsCountry-arrow"}]}
RESULT: {"script":"<script> [1562 bytes]","args":[{"selector":{"id":"application-managepartners-display-component---NewPartner--addressDetailDetailsCountry-arrow"},"wdio_ui5_key":"applicationmanagepartners-display-component---NewPartner--addressDetailDetailsCountry-arrow"}]}
RESULT: undefined
COMMAND: POST /session/d3cdda6f06e006695550ea94201d0e31/element - {"using":"xpath","value":"//*[@id=\"application-managepartners-display-component---NewPartner--addressDetailDetailsCountry-arrow\"]"}
RESULT: {"using":"xpath","value":"//*[@id=\"application-managepartners-display-component---NewPartner--addressDetailDetailsCountry-arrow\"]"}
COMMAND: POST /session/d3cdda6f06e006695550ea94201d0e31/element/f.CF3EA173C6DD6742E6FF2C1FCC3ADAA5.d.B65054D79B60D63B34CAC4E03BA72693.e.1500/click - {}
RESULT: {}
COMMAND: POST /session/d3cdda6f06e006695550ea94201d0e31/element - {"using":"xpath","value":"//span[contains(text(), \"Argentina\")]"}
COMMAND: GET /session/d3cdda6f06e006695550ea94201d0e31/screenshot - {}
RESULT: {"using":"xpath","value":"//span[contains(text(), \"Argentina\")]"}
COMMAND: POST /session/d3cdda6f06e006695550ea94201d0e31/element/f.CF3EA173C6DD6742E6FF2C1FCC3ADAA5.d.B65054D79B60D63B34CAC4E03BA72693.e.1516/click - {}
RESULT: {}
RESULT: {}
COMMAND: GET /session/d3cdda6f06e006695550ea94201d0e31/screenshot - {}
RESULT: {}
COMMAND: POST /session/d3cdda6f06e006695550ea94201d0e31/element - {"using":"xpath","value":"//bdi[contains(text(), \"Commercial\")]"}
RESULT: {"using":"xpath","value":"//bdi[contains(text(), \"Commercial\")]"}
COMMAND: POST /session/d3cdda6f06e006695550ea94201d0e31/element/f.CF3EA173C6DD6742E6FF2C1FCC3ADAA5.d.B65054D79B60D63B34CAC4E03BA72693.e.1517/click - {}
RESULT: {}
COMMAND: GET /session/d3cdda6f06e006695550ea94201d0e31/screenshot - {}
RESULT: {}
COMMAND: POST /session/d3cdda6f06e006695550ea94201d0e31/execute/async - {"script":"<script> [1562 bytes]","args":[{"selector":{"id":"application-managepartners-display-component---NewPartner--partnerDetailInternal-arrow"},"wdio_ui5_key":"applicationmanagepartners-display-component---NewPartner--partnerDetailInternal-arrow"}]}
RESULT: {"script":"<script> [1562 bytes]","args":[{"selector":{"id":"application-managepartners-display-component---NewPartner--partnerDetailInternal-arrow"},"wdio_ui5_key":"applicationmanagepartners-display-component---NewPartner--partnerDetailInternal-arrow"}]}
RESULT: undefined
COMMAND: POST /session/d3cdda6f06e006695550ea94201d0e31/element - {"using":"xpath","value":"//*[@id=\"application-managepartners-display-component---NewPartner--partnerDetailInternal-arrow\"]"}
RESULT: {"using":"xpath","value":"//*[@id=\"application-managepartners-display-component---NewPartner--partnerDetailInternal-arrow\"]"}
COMMAND: POST /session/d3cdda6f06e006695550ea94201d0e31/element/f.CF3EA173C6DD6742E6FF2C1FCC3ADAA5.d.B65054D79B60D63B34CAC4E03BA72693.e.1525/click - {}
RESULT: {}
COMMAND: POST /session/d3cdda6f06e006695550ea94201d0e31/element - {"using":"xpath","value":"//span[contains(text(), \"Affiliated company\")]"}
COMMAND: GET /session/d3cdda6f06e006695550ea94201d0e31/screenshot - {}
RESULT: {"using":"xpath","value":"//span[contains(text(), \"Affiliated company\")]"}
COMMAND: POST /session/d3cdda6f06e006695550ea94201d0e31/element/f.CF3EA173C6DD6742E6FF2C1FCC3ADAA5.d.B65054D79B60D63B34CAC4E03BA72693.e.1526/click - {}
RESULT: {}
RESULT: {}
COMMAND: POST /session/d3cdda6f06e006695550ea94201d0e31/execute/async - {"script":"<script> [1562 bytes]","args":[{"selector":{"id":"application-managepartners-display-component---NewPartner--partnerDetailsCurrency-arrow"},"wdio_ui5_key":"applicationmanagepartners-display-component---NewPartner--partnerDetailsCurrency-arrow"}]}
COMMAND: GET /session/d3cdda6f06e006695550ea94201d0e31/screenshot - {}
RESULT: {"script":"<script> [1562 bytes]","args":[{"selector":{"id":"application-managepartners-display-component---NewPartner--partnerDetailsCurrency-arrow"},"wdio_ui5_key":"applicationmanagepartners-display-component---NewPartner--partnerDetailsCurrency-arrow"}]}
RESULT: undefined
COMMAND: POST /session/d3cdda6f06e006695550ea94201d0e31/element - {"using":"xpath","value":"//*[@id=\"application-managepartners-display-component---NewPartner--partnerDetailsCurrency-arrow\"]"}
RESULT: {}
RESULT: {"using":"xpath","value":"//*[@id=\"application-managepartners-display-component---NewPartner--partnerDetailsCurrency-arrow\"]"}
COMMAND: POST /session/d3cdda6f06e006695550ea94201d0e31/element/f.CF3EA173C6DD6742E6FF2C1FCC3ADAA5.d.B65054D79B60D63B34CAC4E03BA72693.e.1533/click - {}
RESULT: {}
COMMAND: POST /session/d3cdda6f06e006695550ea94201d0e31/element - {"using":"xpath","value":"//span[contains(text(), \"Euro\")]"}
COMMAND: GET /session/d3cdda6f06e006695550ea94201d0e31/screenshot - {}
RESULT: {"using":"xpath","value":"//span[contains(text(), \"Euro\")]"}
COMMAND: POST /session/d3cdda6f06e006695550ea94201d0e31/element/f.CF3EA173C6DD6742E6FF2C1FCC3ADAA5.d.B65054D79B60D63B34CAC4E03BA72693.e.1534/click - {}
RESULT: {}
RESULT: {}
COMMAND: POST /session/d3cdda6f06e006695550ea94201d0e31/execute/async - {"script":"<script> [1562 bytes]","args":[{"selector":{"id":"application-managepartners-display-component---NewPartner--addressEditDetailsCostObjectCstType-arrow"},"wdio_ui5_key":"applicationmanagepartners-display-component---NewPartner--addressEditDetailsCostObjectCstType-arrow"}]}
COMMAND: GET /session/d3cdda6f06e006695550ea94201d0e31/screenshot - {}
RESULT: {"script":"<script> [1562 bytes]","args":[{"selector":{"id":"application-managepartners-display-component---NewPartner--addressEditDetailsCostObjectCstType-arrow"},"wdio_ui5_key":"applicationmanagepartners-display-component---NewPartner--addressEditDetailsCostObjectCstType-arrow"}]}
RESULT: undefined
COMMAND: POST /session/d3cdda6f06e006695550ea94201d0e31/element - {"using":"xpath","value":"//*[@id=\"application-managepartners-display-component---NewPartner--addressEditDetailsCostObjectCstType-arrow\"]"}
RESULT: {}
RESULT: {"using":"xpath","value":"//*[@id=\"application-managepartners-display-component---NewPartner--addressEditDetailsCostObjectCstType-arrow\"]"}
COMMAND: POST /session/d3cdda6f06e006695550ea94201d0e31/element/f.CF3EA173C6DD6742E6FF2C1FCC3ADAA5.d.B65054D79B60D63B34CAC4E03BA72693.e.1535/click - {}
RESULT: {}
COMMAND: POST /session/d3cdda6f06e006695550ea94201d0e31/element - {"using":"xpath","value":"//span[contains(text(), \"Cost Center\")]"}
COMMAND: GET /session/d3cdda6f06e006695550ea94201d0e31/screenshot - {}
RESULT: {"using":"xpath","value":"//span[contains(text(), \"Cost Center\")]"}
COMMAND: POST /session/d3cdda6f06e006695550ea94201d0e31/element/f.CF3EA173C6DD6742E6FF2C1FCC3ADAA5.d.B65054D79B60D63B34CAC4E03BA72693.e.1536/click - {}
RESULT: {}
RESULT: {}
COMMAND: GET /session/d3cdda6f06e006695550ea94201d0e31/screenshot - {}
RESULT: {}
COMMAND: POST /session/d3cdda6f06e006695550ea94201d0e31/element - {"using":"xpath","value":"//span[@id=\"application-managepartners-display-component---NewPartner--addressNewCostObjectCstID-vhi\"]"}
RESULT: {"using":"xpath","value":"//span[@id=\"application-managepartners-display-component---NewPartner--addressNewCostObjectCstID-vhi\"]"}
COMMAND: POST /session/d3cdda6f06e006695550ea94201d0e31/execute/sync - {"script":"<script> [8489 bytes]","args":[{"element-6066-11e4-a52e-4f735466cecf":"f.CF3EA173C6DD6742E6FF2C1FCC3ADAA5.d.B65054D79B60D63B34CAC4E03BA72693.e.1540","ELEMENT":"f.CF3EA173C6DD6742E6FF2C1FCC3ADAA5.d.B65054D79B60D63B34CAC4E03BA72693.e.1540"}]}
RESULT: {"script":"<script> [8489 bytes]","args":[{"element-6066-11e4-a52e-4f735466cecf":"f.CF3EA173C6DD6742E6FF2C1FCC3ADAA5.d.B65054D79B60D63B34CAC4E03BA72693.e.1540","ELEMENT":"f.CF3EA173C6DD6742E6FF2C1FCC3ADAA5.d.B65054D79B60D63B34CAC4E03BA72693.e.1540"}]}
COMMAND: POST /session/d3cdda6f06e006695550ea94201d0e31/execute/async - {"script":"<script> [1562 bytes]","args":[{"selector":{"id":"application-managepartners-display-component---NewPartner--addressNewCostObjectCstID-vhi"},"wdio_ui5_key":"applicationmanagepartners-display-component---NewPartner--addressNewCostObjectCstID-vhi"}]}
COMMAND: GET /session/d3cdda6f06e006695550ea94201d0e31/screenshot - {}
RESULT: {"script":"<script> [1562 bytes]","args":[{"selector":{"id":"application-managepartners-display-component---NewPartner--addressNewCostObjectCstID-vhi"},"wdio_ui5_key":"applicationmanagepartners-display-component---NewPartner--addressNewCostObjectCstID-vhi"}]}
RESULT: undefined
COMMAND: POST /session/d3cdda6f06e006695550ea94201d0e31/element - {"using":"xpath","value":"//*[@id=\"application-managepartners-display-component---NewPartner--addressNewCostObjectCstID-vhi\"]"}
RESULT: {}
RESULT: {"using":"xpath","value":"//*[@id=\"application-managepartners-display-component---NewPartner--addressNewCostObjectCstID-vhi\"]"}
COMMAND: POST /session/d3cdda6f06e006695550ea94201d0e31/element/f.CF3EA173C6DD6742E6FF2C1FCC3ADAA5.d.B65054D79B60D63B34CAC4E03BA72693.e.1540/click - {}
RESULT: {}
COMMAND: GET /session/d3cdda6f06e006695550ea94201d0e31/screenshot - {}
RESULT: {}
RESULT: undefined
COMMAND: POST /session/d3cdda6f06e006695550ea94201d0e31/execute/async - {"script":"<script> [776 bytes]","args":[{"enterText":"10001013","selector":{"controlType":"sap.m.SearchField","properties":{"placeholder":"Search"},"searchOpenDialogs":true,"interaction":{"idSuffix":"I"}},"clearTextFirst":true,"interactionType":"ENTER_TEXT"}]}
RESULT: {"script":"<script> [776 bytes]","args":[{"enterText":"10001013","selector":{"controlType":"sap.m.SearchField","properties":{"placeholder":"Search"},"searchOpenDialogs":true,"interaction":{"idSuffix":"I"}},"clearTextFirst":true,"interactionType":"ENTER_TEXT"}]}
COMMAND: POST /session/d3cdda6f06e006695550ea94201d0e31/actions - {"actions":[{"id":"action2","type":"key","parameters":{},"actions":[{"type":"keyDown","value":"î€‡"},{"type":"pause","duration":10},{"type":"keyUp","value":"î€‡"}]}]}
RESULT: {"actions":[{"id":"action2","type":"key","parameters":{},"actions":[{"type":"keyDown","value":"î€‡"},{"type":"pause","duration":10},{"type":"keyUp","value":"î€‡"}]}]}
COMMAND: GET /session/d3cdda6f06e006695550ea94201d0e31/screenshot - {}
RESULT: {}
COMMAND: POST /session/d3cdda6f06e006695550ea94201d0e31/element - {"using":"xpath","value":"//span[contains(text(), \"General Management\")]"}
RESULT: {"using":"xpath","value":"//span[contains(text(), \"General Management\")]"}
COMMAND: POST /session/d3cdda6f06e006695550ea94201d0e31/element/f.CF3EA173C6DD6742E6FF2C1FCC3ADAA5.d.B65054D79B60D63B34CAC4E03BA72693.e.1579/click - {}
RESULT: {}
COMMAND: GET /session/d3cdda6f06e006695550ea94201d0e31/screenshot - {}
RESULT: {}
COMMAND: POST /session/d3cdda6f06e006695550ea94201d0e31/element - {"using":"xpath","value":"//bdi[contains(text(), \"OK\")]"}
RESULT: {"using":"xpath","value":"//bdi[contains(text(), \"OK\")]"}
COMMAND: POST /session/d3cdda6f06e006695550ea94201d0e31/element/f.CF3EA173C6DD6742E6FF2C1FCC3ADAA5.d.B65054D79B60D63B34CAC4E03BA72693.e.1580/click - {}
RESULT: {}
COMMAND: GET /session/d3cdda6f06e006695550ea94201d0e31/screenshot - {}
RESULT: {}
COMMAND: POST /session/d3cdda6f06e006695550ea94201d0e31/element - {"using":"xpath","value":"//input[@id=\"application-managepartners-display-component---NewPartner--companyCodeComboBox-inner\"]"}
RESULT: {"using":"xpath","value":"//input[@id=\"application-managepartners-display-component---NewPartner--companyCodeComboBox-inner\"]"}
COMMAND: POST /session/d3cdda6f06e006695550ea94201d0e31/element/f.CF3EA173C6DD6742E6FF2C1FCC3ADAA5.d.B65054D79B60D63B34CAC4E03BA72693.e.1333/clear - {}
RESULT: {}
COMMAND: POST /session/d3cdda6f06e006695550ea94201d0e31/element/f.CF3EA173C6DD6742E6FF2C1FCC3ADAA5.d.B65054D79B60D63B34CAC4E03BA72693.e.1333/value - {"text":"1000"}
COMMAND: GET /session/d3cdda6f06e006695550ea94201d0e31/screenshot - {}
RESULT: {"text":"1000"}
COMMAND: GET /session/d3cdda6f06e006695550ea94201d0e31/screenshot - {}
RESULT: {}
RESULT: {}
COMMAND: POST /session/d3cdda6f06e006695550ea94201d0e31/element - {"using":"xpath","value":"//li[.//span[text()= \"1000\"]]"}
RESULT: {"using":"xpath","value":"//li[.//span[text()= \"1000\"]]"}
COMMAND: POST /session/d3cdda6f06e006695550ea94201d0e31/element/f.CF3EA173C6DD6742E6FF2C1FCC3ADAA5.d.B65054D79B60D63B34CAC4E03BA72693.e.1586/click - {}
RESULT: {}
COMMAND: GET /session/d3cdda6f06e006695550ea94201d0e31/screenshot - {}
RESULT: {}
COMMAND: POST /session/d3cdda6f06e006695550ea94201d0e31/execute/async - {"script":"<script> [1562 bytes]","args":[{"selector":{"id":"application-managepartners-display-component---NewPartner--btnAddTableRow-img"},"wdio_ui5_key":"applicationmanagepartners-display-component---NewPartner--btnAddTableRow-img"}]}
RESULT: {"script":"<script> [1562 bytes]","args":[{"selector":{"id":"application-managepartners-display-component---NewPartner--btnAddTableRow-img"},"wdio_ui5_key":"applicationmanagepartners-display-component---NewPartner--btnAddTableRow-img"}]}
RESULT: undefined
COMMAND: POST /session/d3cdda6f06e006695550ea94201d0e31/element - {"using":"xpath","value":"//*[@id=\"application-managepartners-display-component---NewPartner--btnAddTableRow-img\"]"}
RESULT: {"using":"xpath","value":"//*[@id=\"application-managepartners-display-component---NewPartner--btnAddTableRow-img\"]"}
COMMAND: POST /session/d3cdda6f06e006695550ea94201d0e31/element/f.CF3EA173C6DD6742E6FF2C1FCC3ADAA5.d.B65054D79B60D63B34CAC4E03BA72693.e.1587/click - {}
RESULT: {}
COMMAND: GET /session/d3cdda6f06e006695550ea94201d0e31/screenshot - {}
RESULT: {}
COMMAND: POST /session/d3cdda6f06e006695550ea94201d0e31/element - {"using":"xpath","value":"//input[@id=\"application-managepartners-display-component---NewPartner--assignmentYard-application-managepartners-display-component---NewPartner--assignmentsTable-0-inner\"]"}
RESULT: {"using":"xpath","value":"//input[@id=\"application-managepartners-display-component---NewPartner--assignmentYard-application-managepartners-display-component---NewPartner--assignmentsTable-0-inner\"]"}
COMMAND: POST /session/d3cdda6f06e006695550ea94201d0e31/element/f.CF3EA173C6DD6742E6FF2C1FCC3ADAA5.d.B65054D79B60D63B34CAC4E03BA72693.e.1590/clear - {}
RESULT: {}
COMMAND: POST /session/d3cdda6f06e006695550ea94201d0e31/element/f.CF3EA173C6DD6742E6FF2C1FCC3ADAA5.d.B65054D79B60D63B34CAC4E03BA72693.e.1590/value - {"text":"619"}
COMMAND: GET /session/d3cdda6f06e006695550ea94201d0e31/screenshot - {}
RESULT: {"text":"619"}
COMMAND: GET /session/d3cdda6f06e006695550ea94201d0e31/screenshot - {}
RESULT: {}
RESULT: {}
COMMAND: POST /session/d3cdda6f06e006695550ea94201d0e31/element - {"using":"xpath","value":"//li[.//span[text()='619']]"}
RESULT: {"using":"xpath","value":"//li[.//span[text()='619']]"}
COMMAND: POST /session/d3cdda6f06e006695550ea94201d0e31/element/f.CF3EA173C6DD6742E6FF2C1FCC3ADAA5.d.B65054D79B60D63B34CAC4E03BA72693.e.1599/click - {}
RESULT: {}
COMMAND: GET /session/d3cdda6f06e006695550ea94201d0e31/screenshot - {}
RESULT: {}
COMMAND: POST /session/d3cdda6f06e006695550ea94201d0e31/actions - {"actions":[{"id":"action3","type":"key","parameters":{},"actions":[{"type":"keyDown","value":"î€‡"},{"type":"pause","duration":10},{"type":"keyUp","value":"î€‡"}]}]}
RESULT: {"actions":[{"id":"action3","type":"key","parameters":{},"actions":[{"type":"keyDown","value":"î€‡"},{"type":"pause","duration":10},{"type":"keyUp","value":"î€‡"}]}]}
COMMAND: POST /session/d3cdda6f06e006695550ea94201d0e31/execute/async - {"script":"<script> [1562 bytes]","args":[{"selector":{"id":"application-managepartners-display-component---NewPartner--externalCustomerComboBox-application-managepartners-display-component---NewPartner--assignmentsTable-0-vhi"},"wdio_ui5_key":"applicationmanagepartners-display-component---NewPartner--externalCustomerComboBox-application-managepartners-display-component---NewPartner--assignmentsTable-0-vhi"}]}
COMMAND: GET /session/d3cdda6f06e006695550ea94201d0e31/screenshot - {}
RESULT: {"script":"<script> [1562 bytes]","args":[{"selector":{"id":"application-managepartners-display-component---NewPartner--externalCustomerComboBox-application-managepartners-display-component---NewPartner--assignmentsTable-0-vhi"},"wdio_ui5_key":"applicationmanagepartners-display-component---NewPartner--externalCustomerComboBox-application-managepartners-display-component---NewPartner--assignmentsTable-0-vhi"}]}
RESULT: undefined
COMMAND: POST /session/d3cdda6f06e006695550ea94201d0e31/element - {"using":"xpath","value":"//*[@id=\"application-managepartners-display-component---NewPartner--externalCustomerComboBox-application-managepartners-display-component---NewPartner--assignmentsTable-0-vhi\"]"}
RESULT: {}
RESULT: {"using":"xpath","value":"//*[@id=\"application-managepartners-display-component---NewPartner--externalCustomerComboBox-application-managepartners-display-component---NewPartner--assignmentsTable-0-vhi\"]"}
COMMAND: POST /session/d3cdda6f06e006695550ea94201d0e31/element/f.CF3EA173C6DD6742E6FF2C1FCC3ADAA5.d.B65054D79B60D63B34CAC4E03BA72693.e.1603/click - {}
RESULT: {}
RESULT: undefined
COMMAND: POST /session/d3cdda6f06e006695550ea94201d0e31/execute/async - {"script":"<script> [776 bytes]","args":[{"enterText":"300003","selector":{"controlType":"sap.m.SearchField","properties":{"placeholder":"Search"},"searchOpenDialogs":true,"interaction":{"idSuffix":"I"}},"clearTextFirst":true,"interactionType":"ENTER_TEXT"}]}
COMMAND: GET /session/d3cdda6f06e006695550ea94201d0e31/screenshot - {}
RESULT: {"script":"<script> [776 bytes]","args":[{"enterText":"300003","selector":{"controlType":"sap.m.SearchField","properties":{"placeholder":"Search"},"searchOpenDialogs":true,"interaction":{"idSuffix":"I"}},"clearTextFirst":true,"interactionType":"ENTER_TEXT"}]}
COMMAND: POST /session/d3cdda6f06e006695550ea94201d0e31/actions - {"actions":[{"id":"action4","type":"key","parameters":{},"actions":[{"type":"keyDown","value":"î€‡"},{"type":"pause","duration":10},{"type":"keyUp","value":"î€‡"}]}]}
RESULT: {}
RESULT: {"actions":[{"id":"action4","type":"key","parameters":{},"actions":[{"type":"keyDown","value":"î€‡"},{"type":"pause","duration":10},{"type":"keyUp","value":"î€‡"}]}]}
COMMAND: GET /session/d3cdda6f06e006695550ea94201d0e31/screenshot - {}
RESULT: {}
COMMAND: POST /session/d3cdda6f06e006695550ea94201d0e31/element - {"using":"xpath","value":"//span[contains(text(), \"300003\")]"}
RESULT: {"using":"xpath","value":"//span[contains(text(), \"300003\")]"}
COMMAND: POST /session/d3cdda6f06e006695550ea94201d0e31/element/f.CF3EA173C6DD6742E6FF2C1FCC3ADAA5.d.B65054D79B60D63B34CAC4E03BA72693.e.1621/click - {}
RESULT: {}
COMMAND: GET /session/d3cdda6f06e006695550ea94201d0e31/screenshot - {}
RESULT: {}
COMMAND: POST /session/d3cdda6f06e006695550ea94201d0e31/element - {"using":"xpath","value":"//bdi[contains(text(), \"OK\")]"}
RESULT: {"using":"xpath","value":"//bdi[contains(text(), \"OK\")]"}
COMMAND: POST /session/d3cdda6f06e006695550ea94201d0e31/element/f.CF3EA173C6DD6742E6FF2C1FCC3ADAA5.d.B65054D79B60D63B34CAC4E03BA72693.e.1623/click - {}
RESULT: {}
COMMAND: GET /session/d3cdda6f06e006695550ea94201d0e31/screenshot - {}
RESULT: {}
COMMAND: POST /session/d3cdda6f06e006695550ea94201d0e31/execute/async - {"script":"<script> [1562 bytes]","args":[{"selector":{"id":"application-managepartners-display-component---NewPartner--intercompVendorComboBox-application-managepartners-display-component---NewPartner--assignmentsTable-0-vhi"},"wdio_ui5_key":"applicationmanagepartners-display-component---NewPartner--intercompVendorComboBox-application-managepartners-display-component---NewPartner--assignmentsTable-0-vhi"}]}
RESULT: {"script":"<script> [1562 bytes]","args":[{"selector":{"id":"application-managepartners-display-component---NewPartner--intercompVendorComboBox-application-managepartners-display-component---NewPartner--assignmentsTable-0-vhi"},"wdio_ui5_key":"applicationmanagepartners-display-component---NewPartner--intercompVendorComboBox-application-managepartners-display-component---NewPartner--assignmentsTable-0-vhi"}]}
RESULT: undefined
COMMAND: POST /session/d3cdda6f06e006695550ea94201d0e31/element - {"using":"xpath","value":"//*[@id=\"application-managepartners-display-component---NewPartner--intercompVendorComboBox-application-managepartners-display-component---NewPartner--assignmentsTable-0-vhi\"]"}
RESULT: {"using":"xpath","value":"//*[@id=\"application-managepartners-display-component---NewPartner--intercompVendorComboBox-application-managepartners-display-component---NewPartner--assignmentsTable-0-vhi\"]"}
COMMAND: POST /session/d3cdda6f06e006695550ea94201d0e31/element/f.CF3EA173C6DD6742E6FF2C1FCC3ADAA5.d.B65054D79B60D63B34CAC4E03BA72693.e.1626/click - {}
RESULT: {}
RESULT: undefined
COMMAND: POST /session/d3cdda6f06e006695550ea94201d0e31/execute/async - {"script":"<script> [776 bytes]","args":[{"enterText":"100005","selector":{"controlType":"sap.m.SearchField","properties":{"placeholder":"Search"},"searchOpenDialogs":true,"interaction":{"idSuffix":"I"}},"clearTextFirst":true,"interactionType":"ENTER_TEXT"}]}
COMMAND: GET /session/d3cdda6f06e006695550ea94201d0e31/screenshot - {}
RESULT: {"script":"<script> [776 bytes]","args":[{"enterText":"100005","selector":{"controlType":"sap.m.SearchField","properties":{"placeholder":"Search"},"searchOpenDialogs":true,"interaction":{"idSuffix":"I"}},"clearTextFirst":true,"interactionType":"ENTER_TEXT"}]}
COMMAND: POST /session/d3cdda6f06e006695550ea94201d0e31/actions - {"actions":[{"id":"action5","type":"key","parameters":{},"actions":[{"type":"keyDown","value":"î€‡"},{"type":"pause","duration":10},{"type":"keyUp","value":"î€‡"}]}]}
RESULT: {}
RESULT: {"actions":[{"id":"action5","type":"key","parameters":{},"actions":[{"type":"keyDown","value":"î€‡"},{"type":"pause","duration":10},{"type":"keyUp","value":"î€‡"}]}]}
COMMAND: GET /session/d3cdda6f06e006695550ea94201d0e31/screenshot - {}
RESULT: {}
COMMAND: POST /session/d3cdda6f06e006695550ea94201d0e31/element - {"using":"xpath","value":"//span[contains(text(), \"Penguins - Field/12345 Berlin\")]"}
RESULT: {"using":"xpath","value":"//span[contains(text(), \"Penguins - Field/12345 Berlin\")]"}
COMMAND: POST /session/d3cdda6f06e006695550ea94201d0e31/element/f.CF3EA173C6DD6742E6FF2C1FCC3ADAA5.d.B65054D79B60D63B34CAC4E03BA72693.e.1644/click - {}
RESULT: {}
COMMAND: GET /session/d3cdda6f06e006695550ea94201d0e31/screenshot - {}
RESULT: {}
COMMAND: POST /session/d3cdda6f06e006695550ea94201d0e31/element - {"using":"xpath","value":"//bdi[contains(text(), \"OK\")]"}
RESULT: {"using":"xpath","value":"//bdi[contains(text(), \"OK\")]"}
COMMAND: POST /session/d3cdda6f06e006695550ea94201d0e31/element/f.CF3EA173C6DD6742E6FF2C1FCC3ADAA5.d.B65054D79B60D63B34CAC4E03BA72693.e.1645/click - {}
RESULT: {}
COMMAND: GET /session/d3cdda6f06e006695550ea94201d0e31/screenshot - {}
RESULT: {}
COMMAND: POST /session/d3cdda6f06e006695550ea94201d0e31/element - {"using":"xpath","value":"//button[@data-kt=\"saveButton\"]"}
RESULT: {"using":"xpath","value":"//button[@data-kt=\"saveButton\"]"}
COMMAND: POST /session/d3cdda6f06e006695550ea94201d0e31/element/f.CF3EA173C6DD6742E6FF2C1FCC3ADAA5.d.B65054D79B60D63B34CAC4E03BA72693.e.1426/click - {}
RESULT: {}
COMMAND: GET /session/d3cdda6f06e006695550ea94201d0e31/screenshot - {}
RESULT: {}
COMMAND: POST /session/d3cdda6f06e006695550ea94201d0e31/element - {"using":"xpath","value":"//header[contains(@id, 'ObjectPageLayout-headerTitle')]/div[1]/div[2]/div[2]/span[1]"}
RESULT: {"using":"xpath","value":"//header[contains(@id, 'ObjectPageLayout-headerTitle')]/div[1]/div[2]/div[2]/span[1]"}
COMMAND: POST /session/d3cdda6f06e006695550ea94201d0e31/elements - {"using":"xpath","value":"//header[contains(@id, 'ObjectPageLayout-headerTitle')]/div[1]/div[2]/div[2]/span[1]"}
RESULT: {"using":"xpath","value":"//header[contains(@id, 'ObjectPageLayout-headerTitle')]/div[1]/div[2]/div[2]/span[1]"}
COMMAND: POST /session/d3cdda6f06e006695550ea94201d0e31/execute/sync - {"script":"<script> [56 bytes]","args":[{"element-6066-11e4-a52e-4f735466cecf":"f.CF3EA173C6DD6742E6FF2C1FCC3ADAA5.d.B65054D79B60D63B34CAC4E03BA72693.e.1811","ELEMENT":"f.CF3EA173C6DD6742E6FF2C1FCC3ADAA5.d.B65054D79B60D63B34CAC4E03BA72693.e.1811"}]}
RESULT: {"script":"<script> [56 bytes]","args":[{"element-6066-11e4-a52e-4f735466cecf":"f.CF3EA173C6DD6742E6FF2C1FCC3ADAA5.d.B65054D79B60D63B34CAC4E03BA72693.e.1811","ELEMENT":"f.CF3EA173C6DD6742E6FF2C1FCC3ADAA5.d.B65054D79B60D63B34CAC4E03BA72693.e.1811"}]}
COMMAND: POST /session/d3cdda6f06e006695550ea94201d0e31/element - {"using":"css selector","value":"#shell-header-logo"}
COMMAND: GET /session/d3cdda6f06e006695550ea94201d0e31/screenshot - {}
RESULT: {"using":"css selector","value":"#shell-header-logo"}
COMMAND: POST /session/d3cdda6f06e006695550ea94201d0e31/element/f.CF3EA173C6DD6742E6FF2C1FCC3ADAA5.d.B65054D79B60D63B34CAC4E03BA72693.e.1022/click - {}
RESULT: {}
RESULT: {}
COMMAND: GET /session/d3cdda6f06e006695550ea94201d0e31/screenshot - {}
RESULT: {}
COMMAND: POST /session/d3cdda6f06e006695550ea94201d0e31/execute/sync - {"script":"<script> [299 bytes]","args":[["getModel","getResource"]]}
RESULT: {"script":"<script> [299 bytes]","args":[["getModel","getResource"]]}
COMMAND: GET /session/d3cdda6f06e006695550ea94201d0e31/screenshot - {}
]]></system-out>
    </testcase>
    <testcase classname="chrome.136_0_7103_93.windows.Billing_confirm_US117289" name="Should create a new site" time="91.331">
      <system-out><![CDATA[
COMMAND: POST /session/d3cdda6f06e006695550ea94201d0e31/execute/async - {"script":"<script> [1562 bytes]","args":[{"selector":{"controlType":"sap.m.GenericTile","properties":{"header":"Manage Sites"}},"wdio_ui5_key":"sapm.GenericTile{\"header\":\"Manage Sites\"}"}]}
RESULT: {}
RESULT: {"script":"<script> [1562 bytes]","args":[{"selector":{"controlType":"sap.m.GenericTile","properties":{"header":"Manage Sites"}},"wdio_ui5_key":"sapm.GenericTile{\"header\":\"Manage Sites\"}"}]}
RESULT: undefined
COMMAND: POST /session/d3cdda6f06e006695550ea94201d0e31/element - {"using":"xpath","value":"//*[@id=\"__tile40\"]"}
RESULT: {"using":"xpath","value":"//*[@id=\"__tile40\"]"}
COMMAND: POST /session/d3cdda6f06e006695550ea94201d0e31/element/f.CF3EA173C6DD6742E6FF2C1FCC3ADAA5.d.B65054D79B60D63B34CAC4E03BA72693.e.148/click - {}
RESULT: {}
COMMAND: GET /session/d3cdda6f06e006695550ea94201d0e31/screenshot - {}
RESULT: {}
COMMAND: POST /session/d3cdda6f06e006695550ea94201d0e31/elements - {"using":"xpath","value":"//span[text()='Error']"}
RESULT: {"using":"xpath","value":"//span[text()='Error']"}
COMMAND: POST /session/d3cdda6f06e006695550ea94201d0e31/element - {"using":"xpath","value":"//button[@data-kt=\"addOverflowToolbarButton\"]"}
RESULT: {"using":"xpath","value":"//button[@data-kt=\"addOverflowToolbarButton\"]"}
COMMAND: POST /session/d3cdda6f06e006695550ea94201d0e31/elements - {"using":"xpath","value":"//button[@data-kt=\"addOverflowToolbarButton\"]"}
RESULT: {"using":"xpath","value":"//button[@data-kt=\"addOverflowToolbarButton\"]"}
COMMAND: POST /session/d3cdda6f06e006695550ea94201d0e31/execute/sync - {"script":"<script> [8489 bytes]","args":[{"element-6066-11e4-a52e-4f735466cecf":"f.CF3EA173C6DD6742E6FF2C1FCC3ADAA5.d.B65054D79B60D63B34CAC4E03BA72693.e.1858","ELEMENT":"f.CF3EA173C6DD6742E6FF2C1FCC3ADAA5.d.B65054D79B60D63B34CAC4E03BA72693.e.1858"}]}
RESULT: {"script":"<script> [8489 bytes]","args":[{"element-6066-11e4-a52e-4f735466cecf":"f.CF3EA173C6DD6742E6FF2C1FCC3ADAA5.d.B65054D79B60D63B34CAC4E03BA72693.e.1858","ELEMENT":"f.CF3EA173C6DD6742E6FF2C1FCC3ADAA5.d.B65054D79B60D63B34CAC4E03BA72693.e.1858"}]}
COMMAND: GET /session/d3cdda6f06e006695550ea94201d0e31/element/f.CF3EA173C6DD6742E6FF2C1FCC3ADAA5.d.B65054D79B60D63B34CAC4E03BA72693.e.1858/enabled - {}
COMMAND: GET /session/d3cdda6f06e006695550ea94201d0e31/screenshot - {}
RESULT: {}
COMMAND: POST /session/d3cdda6f06e006695550ea94201d0e31/execute/sync - {"script":"<script> [8489 bytes]","args":[{"element-6066-11e4-a52e-4f735466cecf":"f.CF3EA173C6DD6742E6FF2C1FCC3ADAA5.d.B65054D79B60D63B34CAC4E03BA72693.e.1858","ELEMENT":"f.CF3EA173C6DD6742E6FF2C1FCC3ADAA5.d.B65054D79B60D63B34CAC4E03BA72693.e.1858"}]}
COMMAND: GET /session/d3cdda6f06e006695550ea94201d0e31/screenshot - {}
RESULT: {}
RESULT: {"script":"<script> [8489 bytes]","args":[{"element-6066-11e4-a52e-4f735466cecf":"f.CF3EA173C6DD6742E6FF2C1FCC3ADAA5.d.B65054D79B60D63B34CAC4E03BA72693.e.1858","ELEMENT":"f.CF3EA173C6DD6742E6FF2C1FCC3ADAA5.d.B65054D79B60D63B34CAC4E03BA72693.e.1858"}]}
COMMAND: POST /session/d3cdda6f06e006695550ea94201d0e31/execute/sync - {"script":"<script> [5351 bytes]","args":[{"element-6066-11e4-a52e-4f735466cecf":"f.CF3EA173C6DD6742E6FF2C1FCC3ADAA5.d.B65054D79B60D63B34CAC4E03BA72693.e.1858","ELEMENT":"f.CF3EA173C6DD6742E6FF2C1FCC3ADAA5.d.B65054D79B60D63B34CAC4E03BA72693.e.1858"}]}
COMMAND: GET /session/d3cdda6f06e006695550ea94201d0e31/screenshot - {}
RESULT: {}
RESULT: {"script":"<script> [5351 bytes]","args":[{"element-6066-11e4-a52e-4f735466cecf":"f.CF3EA173C6DD6742E6FF2C1FCC3ADAA5.d.B65054D79B60D63B34CAC4E03BA72693.e.1858","ELEMENT":"f.CF3EA173C6DD6742E6FF2C1FCC3ADAA5.d.B65054D79B60D63B34CAC4E03BA72693.e.1858"}]}
COMMAND: POST /session/d3cdda6f06e006695550ea94201d0e31/element/f.CF3EA173C6DD6742E6FF2C1FCC3ADAA5.d.B65054D79B60D63B34CAC4E03BA72693.e.1858/click - {}
COMMAND: GET /session/d3cdda6f06e006695550ea94201d0e31/screenshot - {}
RESULT: {}
RESULT: {}
COMMAND: GET /session/d3cdda6f06e006695550ea94201d0e31/screenshot - {}
RESULT: {}
RESULT: {}
COMMAND: POST /session/d3cdda6f06e006695550ea94201d0e31/element - {"using":"xpath","value":"//input[@id=\"application-managesites-display-component---NewSite--siteId-inner\"]"}
RESULT: {"using":"xpath","value":"//input[@id=\"application-managesites-display-component---NewSite--siteId-inner\"]"}
COMMAND: POST /session/d3cdda6f06e006695550ea94201d0e31/element - {"using":"xpath","value":"//input[@id=\"application-managesites-display-component---NewSite--siteId-inner\"]"}
RESULT: {"using":"xpath","value":"//input[@id=\"application-managesites-display-component---NewSite--siteId-inner\"]"}
COMMAND: POST /session/d3cdda6f06e006695550ea94201d0e31/execute/async - {"script":"<script> [1562 bytes]","args":[{"selector":{"id":"application-managesites-display-component---NewSite--addressDetailDetailsName1","interaction":{"idSuffix":"inner"}},"wdio_ui5_key":"applicationmanagesites-display-component---NewSite--addressDetailDetailsName1"}]}
RESULT: {"script":"<script> [1562 bytes]","args":[{"selector":{"id":"application-managesites-display-component---NewSite--addressDetailDetailsName1","interaction":{"idSuffix":"inner"}},"wdio_ui5_key":"applicationmanagesites-display-component---NewSite--addressDetailDetailsName1"}]}
RESULT: undefined
COMMAND: POST /session/d3cdda6f06e006695550ea94201d0e31/execute/async - {"script":"<script> [776 bytes]","args":[{"enterText":"Intracompany Site wdIO","selector":{"id":"application-managesites-display-component---NewSite--addressDetailDetailsName1","interaction":{"idSuffix":"inner"}},"clearTextFirst":true,"interactionType":"ENTER_TEXT"}]}
RESULT: {"script":"<script> [776 bytes]","args":[{"enterText":"Intracompany Site wdIO","selector":{"id":"application-managesites-display-component---NewSite--addressDetailDetailsName1","interaction":{"idSuffix":"inner"}},"clearTextFirst":true,"interactionType":"ENTER_TEXT"}]}
COMMAND: POST /session/d3cdda6f06e006695550ea94201d0e31/execute/async - {"script":"<script> [1562 bytes]","args":[{"selector":{"id":"application-managesites-display-component---NewSite--addressDetailDetailsLanguage-arrow"},"wdio_ui5_key":"applicationmanagesites-display-component---NewSite--addressDetailDetailsLanguage-arrow"}]}
RESULT: {"script":"<script> [1562 bytes]","args":[{"selector":{"id":"application-managesites-display-component---NewSite--addressDetailDetailsLanguage-arrow"},"wdio_ui5_key":"applicationmanagesites-display-component---NewSite--addressDetailDetailsLanguage-arrow"}]}
RESULT: undefined
COMMAND: POST /session/d3cdda6f06e006695550ea94201d0e31/element - {"using":"xpath","value":"//*[@id=\"application-managesites-display-component---NewSite--addressDetailDetailsLanguage-arrow\"]"}
RESULT: {"using":"xpath","value":"//*[@id=\"application-managesites-display-component---NewSite--addressDetailDetailsLanguage-arrow\"]"}
COMMAND: POST /session/d3cdda6f06e006695550ea94201d0e31/element/f.CF3EA173C6DD6742E6FF2C1FCC3ADAA5.d.B65054D79B60D63B34CAC4E03BA72693.e.2485/click - {}
RESULT: {}
COMMAND: POST /session/d3cdda6f06e006695550ea94201d0e31/element - {"using":"xpath","value":"//span[contains(text(), \"English\")]"}
COMMAND: GET /session/d3cdda6f06e006695550ea94201d0e31/screenshot - {}
RESULT: {"using":"xpath","value":"//span[contains(text(), \"English\")]"}
COMMAND: POST /session/d3cdda6f06e006695550ea94201d0e31/element/f.CF3EA173C6DD6742E6FF2C1FCC3ADAA5.d.B65054D79B60D63B34CAC4E03BA72693.e.2486/click - {}
RESULT: {}
RESULT: {}
COMMAND: POST /session/d3cdda6f06e006695550ea94201d0e31/execute/async - {"script":"<script> [1562 bytes]","args":[{"selector":{"id":"application-managesites-display-component---NewSite--addressDetailDetailsCity1","interaction":{"idSuffix":"inner"}},"wdio_ui5_key":"applicationmanagesites-display-component---NewSite--addressDetailDetailsCity1"}]}
COMMAND: GET /session/d3cdda6f06e006695550ea94201d0e31/screenshot - {}
RESULT: {"script":"<script> [1562 bytes]","args":[{"selector":{"id":"application-managesites-display-component---NewSite--addressDetailDetailsCity1","interaction":{"idSuffix":"inner"}},"wdio_ui5_key":"applicationmanagesites-display-component---NewSite--addressDetailDetailsCity1"}]}
RESULT: undefined
COMMAND: POST /session/d3cdda6f06e006695550ea94201d0e31/execute/async - {"script":"<script> [776 bytes]","args":[{"enterText":"Rosario","selector":{"id":"application-managesites-display-component---NewSite--addressDetailDetailsCity1","interaction":{"idSuffix":"inner"}},"clearTextFirst":true,"interactionType":"ENTER_TEXT"}]}
RESULT: {}
RESULT: {"script":"<script> [776 bytes]","args":[{"enterText":"Rosario","selector":{"id":"application-managesites-display-component---NewSite--addressDetailDetailsCity1","interaction":{"idSuffix":"inner"}},"clearTextFirst":true,"interactionType":"ENTER_TEXT"}]}
COMMAND: POST /session/d3cdda6f06e006695550ea94201d0e31/execute/async - {"script":"<script> [1562 bytes]","args":[{"selector":{"id":"application-managesites-display-component---NewSite--addressDetailDetailsCountry-arrow"},"wdio_ui5_key":"applicationmanagesites-display-component---NewSite--addressDetailDetailsCountry-arrow"}]}
RESULT: {"script":"<script> [1562 bytes]","args":[{"selector":{"id":"application-managesites-display-component---NewSite--addressDetailDetailsCountry-arrow"},"wdio_ui5_key":"applicationmanagesites-display-component---NewSite--addressDetailDetailsCountry-arrow"}]}
RESULT: undefined
COMMAND: POST /session/d3cdda6f06e006695550ea94201d0e31/element - {"using":"xpath","value":"//*[@id=\"application-managesites-display-component---NewSite--addressDetailDetailsCountry-arrow\"]"}
RESULT: {"using":"xpath","value":"//*[@id=\"application-managesites-display-component---NewSite--addressDetailDetailsCountry-arrow\"]"}
COMMAND: POST /session/d3cdda6f06e006695550ea94201d0e31/element/f.CF3EA173C6DD6742E6FF2C1FCC3ADAA5.d.B65054D79B60D63B34CAC4E03BA72693.e.2488/click - {}
RESULT: {}
COMMAND: POST /session/d3cdda6f06e006695550ea94201d0e31/element - {"using":"xpath","value":"//span[contains(text(), \"Argentina\")]"}
COMMAND: GET /session/d3cdda6f06e006695550ea94201d0e31/screenshot - {}
RESULT: {"using":"xpath","value":"//span[contains(text(), \"Argentina\")]"}
COMMAND: POST /session/d3cdda6f06e006695550ea94201d0e31/element/f.CF3EA173C6DD6742E6FF2C1FCC3ADAA5.d.B65054D79B60D63B34CAC4E03BA72693.e.2489/click - {}
RESULT: {}
RESULT: {}
COMMAND: GET /session/d3cdda6f06e006695550ea94201d0e31/screenshot - {}
RESULT: {}
COMMAND: POST /session/d3cdda6f06e006695550ea94201d0e31/execute/async - {"script":"<script> [1562 bytes]","args":[{"selector":{"id":"application-managesites-display-component---NewSite--addressEditDetailsCostObjectCstType-arrow"},"wdio_ui5_key":"applicationmanagesites-display-component---NewSite--addressEditDetailsCostObjectCstType-arrow"}]}
RESULT: {"script":"<script> [1562 bytes]","args":[{"selector":{"id":"application-managesites-display-component---NewSite--addressEditDetailsCostObjectCstType-arrow"},"wdio_ui5_key":"applicationmanagesites-display-component---NewSite--addressEditDetailsCostObjectCstType-arrow"}]}
RESULT: undefined
COMMAND: POST /session/d3cdda6f06e006695550ea94201d0e31/element - {"using":"xpath","value":"//*[@id=\"application-managesites-display-component---NewSite--addressEditDetailsCostObjectCstType-arrow\"]"}
RESULT: {"using":"xpath","value":"//*[@id=\"application-managesites-display-component---NewSite--addressEditDetailsCostObjectCstType-arrow\"]"}
COMMAND: POST /session/d3cdda6f06e006695550ea94201d0e31/element/f.CF3EA173C6DD6742E6FF2C1FCC3ADAA5.d.B65054D79B60D63B34CAC4E03BA72693.e.2492/click - {}
RESULT: {}
COMMAND: POST /session/d3cdda6f06e006695550ea94201d0e31/element - {"using":"xpath","value":"//span[contains(text(), \"Cost Center\")]"}
COMMAND: GET /session/d3cdda6f06e006695550ea94201d0e31/screenshot - {}
RESULT: {"using":"xpath","value":"//span[contains(text(), \"Cost Center\")]"}
COMMAND: POST /session/d3cdda6f06e006695550ea94201d0e31/element/f.CF3EA173C6DD6742E6FF2C1FCC3ADAA5.d.B65054D79B60D63B34CAC4E03BA72693.e.2493/click - {}
RESULT: {}
RESULT: {}
COMMAND: GET /session/d3cdda6f06e006695550ea94201d0e31/screenshot - {}
RESULT: {}
COMMAND: POST /session/d3cdda6f06e006695550ea94201d0e31/element - {"using":"xpath","value":"//span[@id=\"application-managesites-display-component---NewSite--addressNewCostObjectCstID-vhi\"]"}
RESULT: {"using":"xpath","value":"//span[@id=\"application-managesites-display-component---NewSite--addressNewCostObjectCstID-vhi\"]"}
COMMAND: POST /session/d3cdda6f06e006695550ea94201d0e31/execute/sync - {"script":"<script> [8489 bytes]","args":[{"element-6066-11e4-a52e-4f735466cecf":"f.CF3EA173C6DD6742E6FF2C1FCC3ADAA5.d.B65054D79B60D63B34CAC4E03BA72693.e.2497","ELEMENT":"f.CF3EA173C6DD6742E6FF2C1FCC3ADAA5.d.B65054D79B60D63B34CAC4E03BA72693.e.2497"}]}
RESULT: {"script":"<script> [8489 bytes]","args":[{"element-6066-11e4-a52e-4f735466cecf":"f.CF3EA173C6DD6742E6FF2C1FCC3ADAA5.d.B65054D79B60D63B34CAC4E03BA72693.e.2497","ELEMENT":"f.CF3EA173C6DD6742E6FF2C1FCC3ADAA5.d.B65054D79B60D63B34CAC4E03BA72693.e.2497"}]}
COMMAND: POST /session/d3cdda6f06e006695550ea94201d0e31/execute/async - {"script":"<script> [1562 bytes]","args":[{"selector":{"id":"application-managesites-display-component---NewSite--addressNewCostObjectCstID-vhi"},"wdio_ui5_key":"applicationmanagesites-display-component---NewSite--addressNewCostObjectCstID-vhi"}]}
COMMAND: GET /session/d3cdda6f06e006695550ea94201d0e31/screenshot - {}
RESULT: {"script":"<script> [1562 bytes]","args":[{"selector":{"id":"application-managesites-display-component---NewSite--addressNewCostObjectCstID-vhi"},"wdio_ui5_key":"applicationmanagesites-display-component---NewSite--addressNewCostObjectCstID-vhi"}]}
RESULT: undefined
COMMAND: POST /session/d3cdda6f06e006695550ea94201d0e31/element - {"using":"xpath","value":"//*[@id=\"application-managesites-display-component---NewSite--addressNewCostObjectCstID-vhi\"]"}
RESULT: {}
RESULT: {"using":"xpath","value":"//*[@id=\"application-managesites-display-component---NewSite--addressNewCostObjectCstID-vhi\"]"}
COMMAND: POST /session/d3cdda6f06e006695550ea94201d0e31/element/f.CF3EA173C6DD6742E6FF2C1FCC3ADAA5.d.B65054D79B60D63B34CAC4E03BA72693.e.2497/click - {}
RESULT: {}
COMMAND: GET /session/d3cdda6f06e006695550ea94201d0e31/screenshot - {}
RESULT: {}
RESULT: undefined
COMMAND: POST /session/d3cdda6f06e006695550ea94201d0e31/execute/async - {"script":"<script> [776 bytes]","args":[{"enterText":"10001013","selector":{"controlType":"sap.m.SearchField","properties":{"placeholder":"Search"},"searchOpenDialogs":true,"interaction":{"idSuffix":"I"}},"clearTextFirst":true,"interactionType":"ENTER_TEXT"}]}
RESULT: {"script":"<script> [776 bytes]","args":[{"enterText":"10001013","selector":{"controlType":"sap.m.SearchField","properties":{"placeholder":"Search"},"searchOpenDialogs":true,"interaction":{"idSuffix":"I"}},"clearTextFirst":true,"interactionType":"ENTER_TEXT"}]}
COMMAND: POST /session/d3cdda6f06e006695550ea94201d0e31/actions - {"actions":[{"id":"action6","type":"key","parameters":{},"actions":[{"type":"keyDown","value":"î€‡"},{"type":"pause","duration":10},{"type":"keyUp","value":"î€‡"}]}]}
RESULT: {"actions":[{"id":"action6","type":"key","parameters":{},"actions":[{"type":"keyDown","value":"î€‡"},{"type":"pause","duration":10},{"type":"keyUp","value":"î€‡"}]}]}
COMMAND: GET /session/d3cdda6f06e006695550ea94201d0e31/screenshot - {}
RESULT: {}
COMMAND: POST /session/d3cdda6f06e006695550ea94201d0e31/element - {"using":"xpath","value":"//span[contains(text(), \"General Management\")]"}
RESULT: {"using":"xpath","value":"//span[contains(text(), \"General Management\")]"}
COMMAND: POST /session/d3cdda6f06e006695550ea94201d0e31/element/f.CF3EA173C6DD6742E6FF2C1FCC3ADAA5.d.B65054D79B60D63B34CAC4E03BA72693.e.2535/click - {}
RESULT: {}
COMMAND: GET /session/d3cdda6f06e006695550ea94201d0e31/screenshot - {}
RESULT: {}
COMMAND: POST /session/d3cdda6f06e006695550ea94201d0e31/element - {"using":"xpath","value":"//bdi[contains(text(), \"OK\")]"}
RESULT: {"using":"xpath","value":"//bdi[contains(text(), \"OK\")]"}
COMMAND: POST /session/d3cdda6f06e006695550ea94201d0e31/element/f.CF3EA173C6DD6742E6FF2C1FCC3ADAA5.d.B65054D79B60D63B34CAC4E03BA72693.e.2536/click - {}
RESULT: {}
COMMAND: GET /session/d3cdda6f06e006695550ea94201d0e31/screenshot - {}
RESULT: {}
COMMAND: POST /session/d3cdda6f06e006695550ea94201d0e31/element - {"using":"xpath","value":"//input[@id=\"application-managesites-display-component---NewSite--addressDetailDetailsCalendar-inner\"]"}
RESULT: {"using":"xpath","value":"//input[@id=\"application-managesites-display-component---NewSite--addressDetailDetailsCalendar-inner\"]"}
COMMAND: POST /session/d3cdda6f06e006695550ea94201d0e31/element/f.CF3EA173C6DD6742E6FF2C1FCC3ADAA5.d.B65054D79B60D63B34CAC4E03BA72693.e.2277/clear - {}
RESULT: {}
COMMAND: POST /session/d3cdda6f06e006695550ea94201d0e31/element/f.CF3EA173C6DD6742E6FF2C1FCC3ADAA5.d.B65054D79B60D63B34CAC4E03BA72693.e.2277/value - {"text":"Unit"}
COMMAND: GET /session/d3cdda6f06e006695550ea94201d0e31/screenshot - {}
RESULT: {"text":"Unit"}
COMMAND: GET /session/d3cdda6f06e006695550ea94201d0e31/screenshot - {}
RESULT: {}
RESULT: {}
COMMAND: POST /session/d3cdda6f06e006695550ea94201d0e31/actions - {"actions":[{"id":"action7","type":"key","parameters":{},"actions":[{"type":"keyDown","value":"î€‡"},{"type":"pause","duration":10},{"type":"keyUp","value":"î€‡"}]}]}
RESULT: {"actions":[{"id":"action7","type":"key","parameters":{},"actions":[{"type":"keyDown","value":"î€‡"},{"type":"pause","duration":10},{"type":"keyUp","value":"î€‡"}]}]}
COMMAND: POST /session/d3cdda6f06e006695550ea94201d0e31/element - {"using":"xpath","value":"//input[@id=\"application-managesites-display-component---NewSite--addressDetailDetailsYard-inner\"]"}
COMMAND: GET /session/d3cdda6f06e006695550ea94201d0e31/screenshot - {}
RESULT: {"using":"xpath","value":"//input[@id=\"application-managesites-display-component---NewSite--addressDetailDetailsYard-inner\"]"}
COMMAND: POST /session/d3cdda6f06e006695550ea94201d0e31/element/f.CF3EA173C6DD6742E6FF2C1FCC3ADAA5.d.B65054D79B60D63B34CAC4E03BA72693.e.2278/clear - {}
RESULT: {}
RESULT: {}
COMMAND: POST /session/d3cdda6f06e006695550ea94201d0e31/element/f.CF3EA173C6DD6742E6FF2C1FCC3ADAA5.d.B65054D79B60D63B34CAC4E03BA72693.e.2278/value - {"text":"619"}
COMMAND: GET /session/d3cdda6f06e006695550ea94201d0e31/screenshot - {}
RESULT: {"text":"619"}
COMMAND: GET /session/d3cdda6f06e006695550ea94201d0e31/screenshot - {}
RESULT: {}
RESULT: {}
COMMAND: POST /session/d3cdda6f06e006695550ea94201d0e31/element - {"using":"xpath","value":"//li[.//span[text()='619']]"}
RESULT: {"using":"xpath","value":"//li[.//span[text()='619']]"}
COMMAND: POST /session/d3cdda6f06e006695550ea94201d0e31/element/f.CF3EA173C6DD6742E6FF2C1FCC3ADAA5.d.B65054D79B60D63B34CAC4E03BA72693.e.2544/click - {}
RESULT: {}
COMMAND: GET /session/d3cdda6f06e006695550ea94201d0e31/screenshot - {}
RESULT: {}
COMMAND: POST /session/d3cdda6f06e006695550ea94201d0e31/element - {"using":"xpath","value":"//input[@id=\"application-managesites-display-component---NewSite--addressDetailDetailsPartner-inner\"]"}
RESULT: {"using":"xpath","value":"//input[@id=\"application-managesites-display-component---NewSite--addressDetailDetailsPartner-inner\"]"}
COMMAND: POST /session/d3cdda6f06e006695550ea94201d0e31/element - {"using":"xpath","value":"//input[@id=\"application-managesites-display-component---NewSite--addressDetailDetailsPartner-inner\"]"}
RESULT: {"using":"xpath","value":"//input[@id=\"application-managesites-display-component---NewSite--addressDetailDetailsPartner-inner\"]"}
COMMAND: POST /session/d3cdda6f06e006695550ea94201d0e31/element - {"using":"xpath","value":"//button[@data-kt=\"saveButton\"]"}
RESULT: {"using":"xpath","value":"//button[@data-kt=\"saveButton\"]"}
COMMAND: POST /session/d3cdda6f06e006695550ea94201d0e31/element/f.CF3EA173C6DD6742E6FF2C1FCC3ADAA5.d.B65054D79B60D63B34CAC4E03BA72693.e.2439/click - {}
RESULT: {}
COMMAND: GET /session/d3cdda6f06e006695550ea94201d0e31/screenshot - {}
RESULT: {}
COMMAND: POST /session/d3cdda6f06e006695550ea94201d0e31/element - {"using":"xpath","value":"//header[contains(@id, 'ObjectPageLayout-headerTitle')]/div[1]/div[2]/div[2]/span[1]"}
RESULT: {"using":"xpath","value":"//header[contains(@id, 'ObjectPageLayout-headerTitle')]/div[1]/div[2]/div[2]/span[1]"}
COMMAND: POST /session/d3cdda6f06e006695550ea94201d0e31/elements - {"using":"xpath","value":"//header[contains(@id, 'ObjectPageLayout-headerTitle')]/div[1]/div[2]/div[2]/span[1]"}
RESULT: {"using":"xpath","value":"//header[contains(@id, 'ObjectPageLayout-headerTitle')]/div[1]/div[2]/div[2]/span[1]"}
COMMAND: POST /session/d3cdda6f06e006695550ea94201d0e31/execute/sync - {"script":"<script> [56 bytes]","args":[{"element-6066-11e4-a52e-4f735466cecf":"f.CF3EA173C6DD6742E6FF2C1FCC3ADAA5.d.B65054D79B60D63B34CAC4E03BA72693.e.2748","ELEMENT":"f.CF3EA173C6DD6742E6FF2C1FCC3ADAA5.d.B65054D79B60D63B34CAC4E03BA72693.e.2748"}]}
RESULT: {"script":"<script> [56 bytes]","args":[{"element-6066-11e4-a52e-4f735466cecf":"f.CF3EA173C6DD6742E6FF2C1FCC3ADAA5.d.B65054D79B60D63B34CAC4E03BA72693.e.2748","ELEMENT":"f.CF3EA173C6DD6742E6FF2C1FCC3ADAA5.d.B65054D79B60D63B34CAC4E03BA72693.e.2748"}]}
COMMAND: POST /session/d3cdda6f06e006695550ea94201d0e31/element - {"using":"css selector","value":"#shell-header-logo"}
COMMAND: GET /session/d3cdda6f06e006695550ea94201d0e31/screenshot - {}
RESULT: {"using":"css selector","value":"#shell-header-logo"}
COMMAND: POST /session/d3cdda6f06e006695550ea94201d0e31/element/f.CF3EA173C6DD6742E6FF2C1FCC3ADAA5.d.B65054D79B60D63B34CAC4E03BA72693.e.1816/click - {}
RESULT: {}
RESULT: {}
COMMAND: GET /session/d3cdda6f06e006695550ea94201d0e31/screenshot - {}
RESULT: {}
COMMAND: POST /session/d3cdda6f06e006695550ea94201d0e31/execute/sync - {"script":"<script> [299 bytes]","args":[["getModel","getResource"]]}
RESULT: {"script":"<script> [299 bytes]","args":[["getModel","getResource"]]}
]]></system-out>
    </testcase>
    <testcase classname="chrome.136_0_7103_93.windows.Billing_confirm_US117289" name="Should create a new equipment" time="118.76">
      <system-out><![CDATA[
COMMAND: POST /session/d3cdda6f06e006695550ea94201d0e31/execute/async - {"script":"<script> [1562 bytes]","args":[{"selector":{"controlType":"sap.m.GenericTile","properties":{"header":"Manage Resources"}},"wdio_ui5_key":"sapm.GenericTile{\"header\":\"Manage Resources\"}"}]}
COMMAND: GET /session/d3cdda6f06e006695550ea94201d0e31/screenshot - {}
RESULT: {"script":"<script> [1562 bytes]","args":[{"selector":{"controlType":"sap.m.GenericTile","properties":{"header":"Manage Resources"}},"wdio_ui5_key":"sapm.GenericTile{\"header\":\"Manage Resources\"}"}]}
RESULT: undefined
COMMAND: POST /session/d3cdda6f06e006695550ea94201d0e31/element - {"using":"xpath","value":"//*[@id=\"__tile39\"]"}
RESULT: {}
RESULT: {"using":"xpath","value":"//*[@id=\"__tile39\"]"}
COMMAND: POST /session/d3cdda6f06e006695550ea94201d0e31/element/f.CF3EA173C6DD6742E6FF2C1FCC3ADAA5.d.B65054D79B60D63B34CAC4E03BA72693.e.145/click - {}
RESULT: {}
COMMAND: GET /session/d3cdda6f06e006695550ea94201d0e31/screenshot - {}
RESULT: {}
COMMAND: POST /session/d3cdda6f06e006695550ea94201d0e31/elements - {"using":"xpath","value":"//span[text()='Error']"}
RESULT: {"using":"xpath","value":"//span[text()='Error']"}
COMMAND: POST /session/d3cdda6f06e006695550ea94201d0e31/element - {"using":"xpath","value":"//button[@data-kt=\"addNewRUOverflowToolbarButton\"]"}
RESULT: {"using":"xpath","value":"//button[@data-kt=\"addNewRUOverflowToolbarButton\"]"}
COMMAND: POST /session/d3cdda6f06e006695550ea94201d0e31/elements - {"using":"xpath","value":"//button[@data-kt=\"addNewRUOverflowToolbarButton\"]"}
RESULT: {"using":"xpath","value":"//button[@data-kt=\"addNewRUOverflowToolbarButton\"]"}
COMMAND: POST /session/d3cdda6f06e006695550ea94201d0e31/execute/sync - {"script":"<script> [8489 bytes]","args":[{"element-6066-11e4-a52e-4f735466cecf":"f.CF3EA173C6DD6742E6FF2C1FCC3ADAA5.d.B65054D79B60D63B34CAC4E03BA72693.e.2782","ELEMENT":"f.CF3EA173C6DD6742E6FF2C1FCC3ADAA5.d.B65054D79B60D63B34CAC4E03BA72693.e.2782"}]}
RESULT: {"script":"<script> [8489 bytes]","args":[{"element-6066-11e4-a52e-4f735466cecf":"f.CF3EA173C6DD6742E6FF2C1FCC3ADAA5.d.B65054D79B60D63B34CAC4E03BA72693.e.2782","ELEMENT":"f.CF3EA173C6DD6742E6FF2C1FCC3ADAA5.d.B65054D79B60D63B34CAC4E03BA72693.e.2782"}]}
COMMAND: GET /session/d3cdda6f06e006695550ea94201d0e31/element/f.CF3EA173C6DD6742E6FF2C1FCC3ADAA5.d.B65054D79B60D63B34CAC4E03BA72693.e.2782/enabled - {}
COMMAND: GET /session/d3cdda6f06e006695550ea94201d0e31/screenshot - {}
RESULT: {}
COMMAND: POST /session/d3cdda6f06e006695550ea94201d0e31/execute/sync - {"script":"<script> [8489 bytes]","args":[{"element-6066-11e4-a52e-4f735466cecf":"f.CF3EA173C6DD6742E6FF2C1FCC3ADAA5.d.B65054D79B60D63B34CAC4E03BA72693.e.2782","ELEMENT":"f.CF3EA173C6DD6742E6FF2C1FCC3ADAA5.d.B65054D79B60D63B34CAC4E03BA72693.e.2782"}]}
COMMAND: GET /session/d3cdda6f06e006695550ea94201d0e31/screenshot - {}
RESULT: {}
RESULT: {"script":"<script> [8489 bytes]","args":[{"element-6066-11e4-a52e-4f735466cecf":"f.CF3EA173C6DD6742E6FF2C1FCC3ADAA5.d.B65054D79B60D63B34CAC4E03BA72693.e.2782","ELEMENT":"f.CF3EA173C6DD6742E6FF2C1FCC3ADAA5.d.B65054D79B60D63B34CAC4E03BA72693.e.2782"}]}
COMMAND: POST /session/d3cdda6f06e006695550ea94201d0e31/execute/sync - {"script":"<script> [5351 bytes]","args":[{"element-6066-11e4-a52e-4f735466cecf":"f.CF3EA173C6DD6742E6FF2C1FCC3ADAA5.d.B65054D79B60D63B34CAC4E03BA72693.e.2782","ELEMENT":"f.CF3EA173C6DD6742E6FF2C1FCC3ADAA5.d.B65054D79B60D63B34CAC4E03BA72693.e.2782"}]}
COMMAND: GET /session/d3cdda6f06e006695550ea94201d0e31/screenshot - {}
RESULT: {}
RESULT: {"script":"<script> [5351 bytes]","args":[{"element-6066-11e4-a52e-4f735466cecf":"f.CF3EA173C6DD6742E6FF2C1FCC3ADAA5.d.B65054D79B60D63B34CAC4E03BA72693.e.2782","ELEMENT":"f.CF3EA173C6DD6742E6FF2C1FCC3ADAA5.d.B65054D79B60D63B34CAC4E03BA72693.e.2782"}]}
COMMAND: POST /session/d3cdda6f06e006695550ea94201d0e31/element/f.CF3EA173C6DD6742E6FF2C1FCC3ADAA5.d.B65054D79B60D63B34CAC4E03BA72693.e.2782/click - {}
COMMAND: GET /session/d3cdda6f06e006695550ea94201d0e31/screenshot - {}
RESULT: {}
RESULT: {}
COMMAND: GET /session/d3cdda6f06e006695550ea94201d0e31/screenshot - {}
RESULT: {}
RESULT: {}
COMMAND: POST /session/d3cdda6f06e006695550ea94201d0e31/execute/async - {"script":"<script> [1562 bytes]","args":[{"selector":{"id":"application-manageresources-display-component---newResourceUnit--TYPE-arrow"},"wdio_ui5_key":"applicationmanageresources-display-component---newResourceUnit--TYPE-arrow"}]}
RESULT: {"script":"<script> [1562 bytes]","args":[{"selector":{"id":"application-manageresources-display-component---newResourceUnit--TYPE-arrow"},"wdio_ui5_key":"applicationmanageresources-display-component---newResourceUnit--TYPE-arrow"}]}
RESULT: undefined
COMMAND: POST /session/d3cdda6f06e006695550ea94201d0e31/element - {"using":"xpath","value":"//*[@id=\"application-manageresources-display-component---newResourceUnit--TYPE-arrow\"]"}
RESULT: {"using":"xpath","value":"//*[@id=\"application-manageresources-display-component---newResourceUnit--TYPE-arrow\"]"}
COMMAND: POST /session/d3cdda6f06e006695550ea94201d0e31/element/f.CF3EA173C6DD6742E6FF2C1FCC3ADAA5.d.B65054D79B60D63B34CAC4E03BA72693.e.2951/click - {}
RESULT: {}
COMMAND: POST /session/d3cdda6f06e006695550ea94201d0e31/element - {"using":"xpath","value":"//input[@id=\"application-manageresources-display-component---newResourceUnit--TYPE-inner\"]"}
COMMAND: GET /session/d3cdda6f06e006695550ea94201d0e31/screenshot - {}
RESULT: {"using":"xpath","value":"//input[@id=\"application-manageresources-display-component---newResourceUnit--TYPE-inner\"]"}
COMMAND: POST /session/d3cdda6f06e006695550ea94201d0e31/element/f.CF3EA173C6DD6742E6FF2C1FCC3ADAA5.d.B65054D79B60D63B34CAC4E03BA72693.e.2834/clear - {}
RESULT: {}
RESULT: {}
COMMAND: POST /session/d3cdda6f06e006695550ea94201d0e31/element/f.CF3EA173C6DD6742E6FF2C1FCC3ADAA5.d.B65054D79B60D63B34CAC4E03BA72693.e.2834/value - {"text":"Equipment"}
COMMAND: GET /session/d3cdda6f06e006695550ea94201d0e31/screenshot - {}
RESULT: {"text":"Equipment"}
COMMAND: GET /session/d3cdda6f06e006695550ea94201d0e31/screenshot - {}
RESULT: {}
RESULT: {}
COMMAND: POST /session/d3cdda6f06e006695550ea94201d0e31/actions - {"actions":[{"id":"action8","type":"key","parameters":{},"actions":[{"type":"keyDown","value":"î€‡"},{"type":"pause","duration":10},{"type":"keyUp","value":"î€‡"}]}]}
RESULT: {"actions":[{"id":"action8","type":"key","parameters":{},"actions":[{"type":"keyDown","value":"î€‡"},{"type":"pause","duration":10},{"type":"keyUp","value":"î€‡"}]}]}
COMMAND: POST /session/d3cdda6f06e006695550ea94201d0e31/execute/async - {"script":"<script> [1562 bytes]","args":[{"selector":{"id":"application-manageresources-display-component---newResourceUnit--resourceId","interaction":{"idSuffix":"inner"}},"wdio_ui5_key":"applicationmanageresources-display-component---newResourceUnit--resourceId"}]}
COMMAND: GET /session/d3cdda6f06e006695550ea94201d0e31/screenshot - {}
RESULT: {"script":"<script> [1562 bytes]","args":[{"selector":{"id":"application-manageresources-display-component---newResourceUnit--resourceId","interaction":{"idSuffix":"inner"}},"wdio_ui5_key":"applicationmanageresources-display-component---newResourceUnit--resourceId"}]}
RESULT: undefined
COMMAND: POST /session/d3cdda6f06e006695550ea94201d0e31/execute/async - {"script":"<script> [776 bytes]","args":[{"enterText":"kcIguuNL1r","selector":{"id":"application-manageresources-display-component---newResourceUnit--resourceId","interaction":{"idSuffix":"inner"}},"clearTextFirst":true,"interactionType":"ENTER_TEXT"}]}
RESULT: {}
RESULT: {"script":"<script> [776 bytes]","args":[{"enterText":"kcIguuNL1r","selector":{"id":"application-manageresources-display-component---newResourceUnit--resourceId","interaction":{"idSuffix":"inner"}},"clearTextFirst":true,"interactionType":"ENTER_TEXT"}]}
COMMAND: POST /session/d3cdda6f06e006695550ea94201d0e31/execute/async - {"script":"<script> [1562 bytes]","args":[{"selector":{"id":"application-manageresources-display-component---newResourceUnit--SHORT_TEXT","interaction":{"idSuffix":"inner"}},"wdio_ui5_key":"applicationmanageresources-display-component---newResourceUnit--SHORT_TEXT"}]}
RESULT: {"script":"<script> [1562 bytes]","args":[{"selector":{"id":"application-manageresources-display-component---newResourceUnit--SHORT_TEXT","interaction":{"idSuffix":"inner"}},"wdio_ui5_key":"applicationmanageresources-display-component---newResourceUnit--SHORT_TEXT"}]}
RESULT: undefined
COMMAND: POST /session/d3cdda6f06e006695550ea94201d0e31/execute/async - {"script":"<script> [776 bytes]","args":[{"enterText":"Intercompany Equipment WDIO","selector":{"id":"application-manageresources-display-component---newResourceUnit--SHORT_TEXT","interaction":{"idSuffix":"inner"}},"clearTextFirst":true,"interactionType":"ENTER_TEXT"}]}
RESULT: {"script":"<script> [776 bytes]","args":[{"enterText":"Intercompany Equipment WDIO","selector":{"id":"application-manageresources-display-component---newResourceUnit--SHORT_TEXT","interaction":{"idSuffix":"inner"}},"clearTextFirst":true,"interactionType":"ENTER_TEXT"}]}
COMMAND: POST /session/d3cdda6f06e006695550ea94201d0e31/execute/async - {"script":"<script> [1562 bytes]","args":[{"selector":{"id":"application-manageresources-display-component---newResourceUnit--BASE_UNIT_OF_MEASURE","interaction":{"idSuffix":"inner"}},"wdio_ui5_key":"applicationmanageresources-display-component---newResourceUnit--BASE_UNIT_OF_MEASURE"}]}
RESULT: {"script":"<script> [1562 bytes]","args":[{"selector":{"id":"application-manageresources-display-component---newResourceUnit--BASE_UNIT_OF_MEASURE","interaction":{"idSuffix":"inner"}},"wdio_ui5_key":"applicationmanageresources-display-component---newResourceUnit--BASE_UNIT_OF_MEASURE"}]}
RESULT: undefined
COMMAND: POST /session/d3cdda6f06e006695550ea94201d0e31/execute/async - {"script":"<script> [776 bytes]","args":[{"enterText":"Piece","selector":{"id":"application-manageresources-display-component---newResourceUnit--BASE_UNIT_OF_MEASURE","interaction":{"idSuffix":"inner"}},"clearTextFirst":true,"interactionType":"ENTER_TEXT"}]}
RESULT: {"script":"<script> [776 bytes]","args":[{"enterText":"Piece","selector":{"id":"application-manageresources-display-component---newResourceUnit--BASE_UNIT_OF_MEASURE","interaction":{"idSuffix":"inner"}},"clearTextFirst":true,"interactionType":"ENTER_TEXT"}]}
COMMAND: POST /session/d3cdda6f06e006695550ea94201d0e31/execute/async - {"script":"<script> [1562 bytes]","args":[{"selector":{"id":"application-manageresources-display-component---newResourceUnit--WEIGHT_UNIT","interaction":{"idSuffix":"inner"}},"wdio_ui5_key":"applicationmanageresources-display-component---newResourceUnit--WEIGHT_UNIT"}]}
RESULT: {"script":"<script> [1562 bytes]","args":[{"selector":{"id":"application-manageresources-display-component---newResourceUnit--WEIGHT_UNIT","interaction":{"idSuffix":"inner"}},"wdio_ui5_key":"applicationmanageresources-display-component---newResourceUnit--WEIGHT_UNIT"}]}
RESULT: undefined
COMMAND: POST /session/d3cdda6f06e006695550ea94201d0e31/execute/async - {"script":"<script> [776 bytes]","args":[{"enterText":"Gram","selector":{"id":"application-manageresources-display-component---newResourceUnit--WEIGHT_UNIT","interaction":{"idSuffix":"inner"}},"clearTextFirst":true,"interactionType":"ENTER_TEXT"}]}
RESULT: {"script":"<script> [776 bytes]","args":[{"enterText":"Gram","selector":{"id":"application-manageresources-display-component---newResourceUnit--WEIGHT_UNIT","interaction":{"idSuffix":"inner"}},"clearTextFirst":true,"interactionType":"ENTER_TEXT"}]}
COMMAND: POST /session/d3cdda6f06e006695550ea94201d0e31/execute/async - {"script":"<script> [1562 bytes]","args":[{"selector":{"id":"application-manageresources-display-component---newResourceUnit--DIMENSION_UNIT","interaction":{"idSuffix":"inner"}},"wdio_ui5_key":"applicationmanageresources-display-component---newResourceUnit--DIMENSION_UNIT"}]}
RESULT: {"script":"<script> [1562 bytes]","args":[{"selector":{"id":"application-manageresources-display-component---newResourceUnit--DIMENSION_UNIT","interaction":{"idSuffix":"inner"}},"wdio_ui5_key":"applicationmanageresources-display-component---newResourceUnit--DIMENSION_UNIT"}]}
RESULT: undefined
COMMAND: POST /session/d3cdda6f06e006695550ea94201d0e31/execute/async - {"script":"<script> [776 bytes]","args":[{"enterText":"Meter","selector":{"id":"application-manageresources-display-component---newResourceUnit--DIMENSION_UNIT","interaction":{"idSuffix":"inner"}},"clearTextFirst":true,"interactionType":"ENTER_TEXT"}]}
RESULT: {"script":"<script> [776 bytes]","args":[{"enterText":"Meter","selector":{"id":"application-manageresources-display-component---newResourceUnit--DIMENSION_UNIT","interaction":{"idSuffix":"inner"}},"clearTextFirst":true,"interactionType":"ENTER_TEXT"}]}
COMMAND: POST /session/d3cdda6f06e006695550ea94201d0e31/execute/async - {"script":"<script> [1562 bytes]","args":[{"selector":{"id":"application-manageresources-display-component---newResourceUnit--newRRUPage-anchBar-application-manageresources-display-component---newResourceUnit--control-anchor","interaction":{"idSuffix":"BDI-content"}},"wdio_ui5_key":"applicationmanageresources-display-component---newResourceUnit--newRRUPage-anchBar-application-manageresources-display-component---newResourceUnit--control-anchor"}]}
RESULT: {"script":"<script> [1562 bytes]","args":[{"selector":{"id":"application-manageresources-display-component---newResourceUnit--newRRUPage-anchBar-application-manageresources-display-component---newResourceUnit--control-anchor","interaction":{"idSuffix":"BDI-content"}},"wdio_ui5_key":"applicationmanageresources-display-component---newResourceUnit--newRRUPage-anchBar-application-manageresources-display-component---newResourceUnit--control-anchor"}]}
RESULT: undefined
COMMAND: POST /session/d3cdda6f06e006695550ea94201d0e31/element - {"using":"xpath","value":"//*[@id=\"application-manageresources-display-component---newResourceUnit--newRRUPage-anchBar-application-manageresources-display-component---newResourceUnit--control-anchor\"]"}
RESULT: {"using":"xpath","value":"//*[@id=\"application-manageresources-display-component---newResourceUnit--newRRUPage-anchBar-application-manageresources-display-component---newResourceUnit--control-anchor\"]"}
COMMAND: POST /session/d3cdda6f06e006695550ea94201d0e31/element/f.CF3EA173C6DD6742E6FF2C1FCC3ADAA5.d.B65054D79B60D63B34CAC4E03BA72693.e.3082/click - {}
RESULT: {}
COMMAND: POST /session/d3cdda6f06e006695550ea94201d0e31/execute/async - {"script":"<script> [1562 bytes]","args":[{"selector":{"id":"application-manageresources-display-component---newResourceUnit--PLANNING_GROUP","interaction":{"idSuffix":"inner"}},"wdio_ui5_key":"applicationmanageresources-display-component---newResourceUnit--PLANNING_GROUP"}]}
COMMAND: GET /session/d3cdda6f06e006695550ea94201d0e31/screenshot - {}
RESULT: {"script":"<script> [1562 bytes]","args":[{"selector":{"id":"application-manageresources-display-component---newResourceUnit--PLANNING_GROUP","interaction":{"idSuffix":"inner"}},"wdio_ui5_key":"applicationmanageresources-display-component---newResourceUnit--PLANNING_GROUP"}]}
RESULT: undefined
COMMAND: POST /session/d3cdda6f06e006695550ea94201d0e31/execute/async - {"script":"<script> [776 bytes]","args":[{"enterText":"Heavy Equi","selector":{"id":"application-manageresources-display-component---newResourceUnit--PLANNING_GROUP","interaction":{"idSuffix":"inner"}},"clearTextFirst":true,"interactionType":"ENTER_TEXT"}]}
RESULT: {}
RESULT: {"script":"<script> [776 bytes]","args":[{"enterText":"Heavy Equi","selector":{"id":"application-manageresources-display-component---newResourceUnit--PLANNING_GROUP","interaction":{"idSuffix":"inner"}},"clearTextFirst":true,"interactionType":"ENTER_TEXT"}]}
COMMAND: POST /session/d3cdda6f06e006695550ea94201d0e31/execute/async - {"script":"<script> [1562 bytes]","args":[{"selector":{"id":"application-manageresources-display-component---newResourceUnit--ITEM_TYPE-arrow"},"wdio_ui5_key":"applicationmanageresources-display-component---newResourceUnit--ITEM_TYPE-arrow"}]}
RESULT: {"script":"<script> [1562 bytes]","args":[{"selector":{"id":"application-manageresources-display-component---newResourceUnit--ITEM_TYPE-arrow"},"wdio_ui5_key":"applicationmanageresources-display-component---newResourceUnit--ITEM_TYPE-arrow"}]}
RESULT: undefined
COMMAND: POST /session/d3cdda6f06e006695550ea94201d0e31/element - {"using":"xpath","value":"//*[@id=\"application-manageresources-display-component---newResourceUnit--ITEM_TYPE-arrow\"]"}
RESULT: {"using":"xpath","value":"//*[@id=\"application-manageresources-display-component---newResourceUnit--ITEM_TYPE-arrow\"]"}
COMMAND: POST /session/d3cdda6f06e006695550ea94201d0e31/element/f.CF3EA173C6DD6742E6FF2C1FCC3ADAA5.d.B65054D79B60D63B34CAC4E03BA72693.e.3089/click - {}
RESULT: {}
COMMAND: POST /session/d3cdda6f06e006695550ea94201d0e31/element - {"using":"xpath","value":"(//span[contains(text(), \"Resource Unit\")])[2]"}
COMMAND: GET /session/d3cdda6f06e006695550ea94201d0e31/screenshot - {}
RESULT: {"using":"xpath","value":"(//span[contains(text(), \"Resource Unit\")])[2]"}
COMMAND: POST /session/d3cdda6f06e006695550ea94201d0e31/element/f.CF3EA173C6DD6742E6FF2C1FCC3ADAA5.d.B65054D79B60D63B34CAC4E03BA72693.e.3090/click - {}
RESULT: {}
RESULT: {}
COMMAND: GET /session/d3cdda6f06e006695550ea94201d0e31/screenshot - {}
RESULT: {}
COMMAND: POST /session/d3cdda6f06e006695550ea94201d0e31/element - {"using":"css selector","value":"#application-manageresources-display-component---newResourceUnit--btnAddTimeSegment"}
RESULT: {"using":"css selector","value":"#application-manageresources-display-component---newResourceUnit--btnAddTimeSegment"}
COMMAND: GET /session/d3cdda6f06e006695550ea94201d0e31/element/f.CF3EA173C6DD6742E6FF2C1FCC3ADAA5.d.B65054D79B60D63B34CAC4E03BA72693.e.3091/rect - {}
RESULT: {}
COMMAND: GET /session/d3cdda6f06e006695550ea94201d0e31/window/rect - {}
RESULT: {}
COMMAND: POST /session/d3cdda6f06e006695550ea94201d0e31/execute/sync - {"script":"<script> [92 bytes]","args":[]}
RESULT: {"script":"<script> [92 bytes]","args":[]}
COMMAND: POST /session/d3cdda6f06e006695550ea94201d0e31/actions - {"actions":[{"id":"action9","type":"wheel","parameters":{},"actions":[{"type":"scroll","x":-1888,"y":-32,"deltaX":0,"deltaY":0,"duration":0,"origin":{"element-6066-11e4-a52e-4f735466cecf":"f.CF3EA173C6DD6742E6FF2C1FCC3ADAA5.d.B65054D79B60D63B34CAC4E03BA72693.e.3091"}}]}]}
COMMAND: GET /session/d3cdda6f06e006695550ea94201d0e31/screenshot - {}
RESULT: {}
COMMAND: POST /session/d3cdda6f06e006695550ea94201d0e31/execute/sync - {"script":"<script> [79 bytes]","args":[{"element-6066-11e4-a52e-4f735466cecf":"f.CF3EA173C6DD6742E6FF2C1FCC3ADAA5.d.B65054D79B60D63B34CAC4E03BA72693.e.3091","ELEMENT":"f.CF3EA173C6DD6742E6FF2C1FCC3ADAA5.d.B65054D79B60D63B34CAC4E03BA72693.e.3091"},{"block":"start","inline":"nearest"}]}
RESULT: {"script":"<script> [79 bytes]","args":[{"element-6066-11e4-a52e-4f735466cecf":"f.CF3EA173C6DD6742E6FF2C1FCC3ADAA5.d.B65054D79B60D63B34CAC4E03BA72693.e.3091","ELEMENT":"f.CF3EA173C6DD6742E6FF2C1FCC3ADAA5.d.B65054D79B60D63B34CAC4E03BA72693.e.3091"},{"block":"start","inline":"nearest"}]}
COMMAND: POST /session/d3cdda6f06e006695550ea94201d0e31/execute/async - {"script":"<script> [1562 bytes]","args":[{"selector":{"id":"application-manageresources-display-component---newResourceUnit--btnAddTimeSegment","interaction":{"idSuffix":"inner"}},"wdio_ui5_key":"applicationmanageresources-display-component---newResourceUnit--btnAddTimeSegment"}]}
COMMAND: GET /session/d3cdda6f06e006695550ea94201d0e31/screenshot - {}
RESULT: {"script":"<script> [1562 bytes]","args":[{"selector":{"id":"application-manageresources-display-component---newResourceUnit--btnAddTimeSegment","interaction":{"idSuffix":"inner"}},"wdio_ui5_key":"applicationmanageresources-display-component---newResourceUnit--btnAddTimeSegment"}]}
RESULT: undefined
COMMAND: POST /session/d3cdda6f06e006695550ea94201d0e31/element - {"using":"xpath","value":"//*[@id=\"application-manageresources-display-component---newResourceUnit--btnAddTimeSegment\"]"}
RESULT: {}
RESULT: {"using":"xpath","value":"//*[@id=\"application-manageresources-display-component---newResourceUnit--btnAddTimeSegment\"]"}
COMMAND: POST /session/d3cdda6f06e006695550ea94201d0e31/element/f.CF3EA173C6DD6742E6FF2C1FCC3ADAA5.d.B65054D79B60D63B34CAC4E03BA72693.e.3091/click - {}
RESULT: {}
COMMAND: GET /session/d3cdda6f06e006695550ea94201d0e31/screenshot - {}
RESULT: {}
COMMAND: POST /session/d3cdda6f06e006695550ea94201d0e31/element - {"using":"xpath","value":"//input[@id=\"application-manageresources-display-component---newResourceUnit--idRuTSAdmin-application-manageresources-display-component---newResourceUnit--RUTimeSegment-0-inner\"]"}
RESULT: {"using":"xpath","value":"//input[@id=\"application-manageresources-display-component---newResourceUnit--idRuTSAdmin-application-manageresources-display-component---newResourceUnit--RUTimeSegment-0-inner\"]"}
COMMAND: POST /session/d3cdda6f06e006695550ea94201d0e31/element/f.CF3EA173C6DD6742E6FF2C1FCC3ADAA5.d.B65054D79B60D63B34CAC4E03BA72693.e.3097/clear - {}
RESULT: {}
COMMAND: POST /session/d3cdda6f06e006695550ea94201d0e31/element/f.CF3EA173C6DD6742E6FF2C1FCC3ADAA5.d.B65054D79B60D63B34CAC4E03BA72693.e.3097/value - {"text":"619"}
COMMAND: GET /session/d3cdda6f06e006695550ea94201d0e31/screenshot - {}
RESULT: {"text":"619"}
COMMAND: GET /session/d3cdda6f06e006695550ea94201d0e31/screenshot - {}
RESULT: {}
RESULT: {}
COMMAND: POST /session/d3cdda6f06e006695550ea94201d0e31/element - {"using":"xpath","value":"//li[.//span[text()='619']]"}
RESULT: {"using":"xpath","value":"//li[.//span[text()='619']]"}
COMMAND: POST /session/d3cdda6f06e006695550ea94201d0e31/element/f.CF3EA173C6DD6742E6FF2C1FCC3ADAA5.d.B65054D79B60D63B34CAC4E03BA72693.e.3109/click - {}
RESULT: {}
COMMAND: GET /session/d3cdda6f06e006695550ea94201d0e31/screenshot - {}
RESULT: {}
COMMAND: POST /session/d3cdda6f06e006695550ea94201d0e31/element - {"using":"xpath","value":"(//span[contains(@id, \"-application-manageresources-display-component---newResourceUnit--RUTimeSegment-0-arrow\")])[6]"}
RESULT: {"using":"xpath","value":"(//span[contains(@id, \"-application-manageresources-display-component---newResourceUnit--RUTimeSegment-0-arrow\")])[6]"}
COMMAND: POST /session/d3cdda6f06e006695550ea94201d0e31/element/f.CF3EA173C6DD6742E6FF2C1FCC3ADAA5.d.B65054D79B60D63B34CAC4E03BA72693.e.3110/click - {}
RESULT: {}
COMMAND: GET /session/d3cdda6f06e006695550ea94201d0e31/screenshot - {}
RESULT: {}
COMMAND: POST /session/d3cdda6f06e006695550ea94201d0e31/element - {"using":"xpath","value":"//span[contains(text(), \"PM Order\")]"}
RESULT: {"using":"xpath","value":"//span[contains(text(), \"PM Order\")]"}
COMMAND: POST /session/d3cdda6f06e006695550ea94201d0e31/element/f.CF3EA173C6DD6742E6FF2C1FCC3ADAA5.d.B65054D79B60D63B34CAC4E03BA72693.e.3113/click - {}
RESULT: {}
COMMAND: GET /session/d3cdda6f06e006695550ea94201d0e31/screenshot - {}
RESULT: {}
COMMAND: POST /session/d3cdda6f06e006695550ea94201d0e31/element - {"using":"xpath","value":"(//span[contains(@id ,\"manageresources-display-component---newResourceUnit--RUTimeSegment-0-vhi\")])[1]"}
RESULT: {"using":"xpath","value":"(//span[contains(@id ,\"manageresources-display-component---newResourceUnit--RUTimeSegment-0-vhi\")])[1]"}
COMMAND: GET /session/d3cdda6f06e006695550ea94201d0e31/element/f.CF3EA173C6DD6742E6FF2C1FCC3ADAA5.d.B65054D79B60D63B34CAC4E03BA72693.e.3117/rect - {}
RESULT: {}
COMMAND: GET /session/d3cdda6f06e006695550ea94201d0e31/window/rect - {}
RESULT: {}
COMMAND: POST /session/d3cdda6f06e006695550ea94201d0e31/execute/sync - {"script":"<script> [92 bytes]","args":[]}
RESULT: {"script":"<script> [92 bytes]","args":[]}
COMMAND: POST /session/d3cdda6f06e006695550ea94201d0e31/actions - {"actions":[{"id":"action10","type":"wheel","parameters":{},"actions":[{"type":"scroll","x":-869,"y":-24,"deltaX":0,"deltaY":0,"duration":0,"origin":{"element-6066-11e4-a52e-4f735466cecf":"f.CF3EA173C6DD6742E6FF2C1FCC3ADAA5.d.B65054D79B60D63B34CAC4E03BA72693.e.3117"}}]}]}
COMMAND: GET /session/d3cdda6f06e006695550ea94201d0e31/screenshot - {}
RESULT: {"actions":[{"id":"action10","type":"wheel","parameters":{},"actions":[{"type":"scroll","x":-869,"y":-24,"deltaX":0,"deltaY":0,"duration":0,"origin":{"element-6066-11e4-a52e-4f735466cecf":"f.CF3EA173C6DD6742E6FF2C1FCC3ADAA5.d.B65054D79B60D63B34CAC4E03BA72693.e.3117"}}]}]}
COMMAND: DELETE /session/d3cdda6f06e006695550ea94201d0e31/actions - {}
COMMAND: GET /session/d3cdda6f06e006695550ea94201d0e31/screenshot - {}
RESULT: {}
RESULT: {}
COMMAND: GET /session/d3cdda6f06e006695550ea94201d0e31/screenshot - {}
RESULT: {}
RESULT: {}
COMMAND: POST /session/d3cdda6f06e006695550ea94201d0e31/element/f.CF3EA173C6DD6742E6FF2C1FCC3ADAA5.d.B65054D79B60D63B34CAC4E03BA72693.e.3117/click - {}
RESULT: {}
COMMAND: GET /session/d3cdda6f06e006695550ea94201d0e31/screenshot - {}
RESULT: {}
RESULT: undefined
COMMAND: POST /session/d3cdda6f06e006695550ea94201d0e31/execute/async - {"script":"<script> [776 bytes]","args":[{"enterText":"4000360","selector":{"controlType":"sap.m.SearchField","properties":{"placeholder":"Search"},"searchOpenDialogs":true,"interaction":{"idSuffix":"I"}},"clearTextFirst":true,"interactionType":"ENTER_TEXT"}]}
RESULT: {"script":"<script> [776 bytes]","args":[{"enterText":"4000360","selector":{"controlType":"sap.m.SearchField","properties":{"placeholder":"Search"},"searchOpenDialogs":true,"interaction":{"idSuffix":"I"}},"clearTextFirst":true,"interactionType":"ENTER_TEXT"}]}
COMMAND: POST /session/d3cdda6f06e006695550ea94201d0e31/actions - {"actions":[{"id":"action11","type":"key","parameters":{},"actions":[{"type":"keyDown","value":"î€‡"},{"type":"pause","duration":10},{"type":"keyUp","value":"î€‡"}]}]}
RESULT: {"actions":[{"id":"action11","type":"key","parameters":{},"actions":[{"type":"keyDown","value":"î€‡"},{"type":"pause","duration":10},{"type":"keyUp","value":"î€‡"}]}]}
COMMAND: GET /session/d3cdda6f06e006695550ea94201d0e31/screenshot - {}
RESULT: {}
COMMAND: POST /session/d3cdda6f06e006695550ea94201d0e31/element - {"using":"xpath","value":"//td/div/span[contains(text(), \"BGL Vehicles\")]"}
RESULT: {"using":"xpath","value":"//td/div/span[contains(text(), \"BGL Vehicles\")]"}
COMMAND: POST /session/d3cdda6f06e006695550ea94201d0e31/element/f.CF3EA173C6DD6742E6FF2C1FCC3ADAA5.d.B65054D79B60D63B34CAC4E03BA72693.e.3138/click - {}
RESULT: {}
COMMAND: GET /session/d3cdda6f06e006695550ea94201d0e31/screenshot - {}
RESULT: {}
COMMAND: POST /session/d3cdda6f06e006695550ea94201d0e31/element - {"using":"xpath","value":"//bdi[contains(text(), \"OK\")]"}
RESULT: {"using":"xpath","value":"//bdi[contains(text(), \"OK\")]"}
COMMAND: POST /session/d3cdda6f06e006695550ea94201d0e31/element/f.CF3EA173C6DD6742E6FF2C1FCC3ADAA5.d.B65054D79B60D63B34CAC4E03BA72693.e.3139/click - {}
RESULT: {}
COMMAND: GET /session/d3cdda6f06e006695550ea94201d0e31/screenshot - {}
RESULT: {}
COMMAND: POST /session/d3cdda6f06e006695550ea94201d0e31/execute/async - {"script":"<script> [1562 bytes]","args":[{"selector":{"id":"application-manageresources-display-component---newResourceUnit--newRRUPage-anchBar-application-manageresources-display-component---newResourceUnit--resource-anchor","interaction":{"idSuffix":"BDI-content"}},"wdio_ui5_key":"applicationmanageresources-display-component---newResourceUnit--newRRUPage-anchBar-application-manageresources-display-component---newResourceUnit--resource-anchor"}]}
RESULT: {"script":"<script> [1562 bytes]","args":[{"selector":{"id":"application-manageresources-display-component---newResourceUnit--newRRUPage-anchBar-application-manageresources-display-component---newResourceUnit--resource-anchor","interaction":{"idSuffix":"BDI-content"}},"wdio_ui5_key":"applicationmanageresources-display-component---newResourceUnit--newRRUPage-anchBar-application-manageresources-display-component---newResourceUnit--resource-anchor"}]}
RESULT: undefined
COMMAND: POST /session/d3cdda6f06e006695550ea94201d0e31/element - {"using":"xpath","value":"//*[@id=\"application-manageresources-display-component---newResourceUnit--newRRUPage-anchBar-application-manageresources-display-component---newResourceUnit--resource-anchor\"]"}
RESULT: {"using":"xpath","value":"//*[@id=\"application-manageresources-display-component---newResourceUnit--newRRUPage-anchBar-application-manageresources-display-component---newResourceUnit--resource-anchor\"]"}
COMMAND: POST /session/d3cdda6f06e006695550ea94201d0e31/element/f.CF3EA173C6DD6742E6FF2C1FCC3ADAA5.d.B65054D79B60D63B34CAC4E03BA72693.e.3143/click - {}
RESULT: {}
COMMAND: POST /session/d3cdda6f06e006695550ea94201d0e31/execute/async - {"script":"<script> [1562 bytes]","args":[{"selector":{"id":"application-manageresources-display-component---newResourceUnit--PLANNED_DELIVERY_DATE","interaction":{"idSuffix":"inner"}},"wdio_ui5_key":"applicationmanageresources-display-component---newResourceUnit--PLANNED_DELIVERY_DATE"}]}
COMMAND: GET /session/d3cdda6f06e006695550ea94201d0e31/screenshot - {}
RESULT: {"script":"<script> [1562 bytes]","args":[{"selector":{"id":"application-manageresources-display-component---newResourceUnit--PLANNED_DELIVERY_DATE","interaction":{"idSuffix":"inner"}},"wdio_ui5_key":"applicationmanageresources-display-component---newResourceUnit--PLANNED_DELIVERY_DATE"}]}
RESULT: undefined
COMMAND: POST /session/d3cdda6f06e006695550ea94201d0e31/execute/async - {"script":"<script> [6424 bytes]","args":[{"element-6066-11e4-a52e-4f735466cecf":"f.CF3EA173C6DD6742E6FF2C1FCC3ADAA5.d.B65054D79B60D63B34CAC4E03BA72693.e.3007"},"setValue",["5/21/25"]]}
RESULT: {}
RESULT: {"script":"<script> [6424 bytes]","args":[{"element-6066-11e4-a52e-4f735466cecf":"f.CF3EA173C6DD6742E6FF2C1FCC3ADAA5.d.B65054D79B60D63B34CAC4E03BA72693.e.3007"},"setValue",["5/21/25"]]}
COMMAND: POST /session/d3cdda6f06e006695550ea94201d0e31/element - {"using":"xpath","value":"//label[contains(@class, 'sapMLabelRequired') and .//bdi[contains(text(), 'Planned Retirement')]]"}
RESULT: {"using":"xpath","value":"//label[contains(@class, 'sapMLabelRequired') and .//bdi[contains(text(), 'Planned Retirement')]]"}
COMMAND: POST /session/d3cdda6f06e006695550ea94201d0e31/elements - {"using":"xpath","value":"//label[contains(@class, 'sapMLabelRequired') and .//bdi[contains(text(), 'Planned Retirement')]]"}
RESULT: {"using":"xpath","value":"//label[contains(@class, 'sapMLabelRequired') and .//bdi[contains(text(), 'Planned Retirement')]]"}
COMMAND: POST /session/d3cdda6f06e006695550ea94201d0e31/element - {"using":"xpath","value":"//button[@data-kt=\"resourceUnitSaveButton\"]"}
RESULT: {"using":"xpath","value":"//button[@data-kt=\"resourceUnitSaveButton\"]"}
COMMAND: POST /session/d3cdda6f06e006695550ea94201d0e31/element/f.CF3EA173C6DD6742E6FF2C1FCC3ADAA5.d.B65054D79B60D63B34CAC4E03BA72693.e.2968/click - {}
RESULT: {}
COMMAND: GET /session/d3cdda6f06e006695550ea94201d0e31/screenshot - {}
RESULT: {}
COMMAND: POST /session/d3cdda6f06e006695550ea94201d0e31/element - {"using":"xpath","value":"//bdi[contains(text(), \"Close\")]"}
RESULT: {"using":"xpath","value":"//bdi[contains(text(), \"Close\")]"}
COMMAND: POST /session/d3cdda6f06e006695550ea94201d0e31/element/f.CF3EA173C6DD6742E6FF2C1FCC3ADAA5.d.B65054D79B60D63B34CAC4E03BA72693.e.3153/click - {}
RESULT: {}
COMMAND: GET /session/d3cdda6f06e006695550ea94201d0e31/screenshot - {}
RESULT: {}
COMMAND: POST /session/d3cdda6f06e006695550ea94201d0e31/element - {"using":"xpath","value":"(//button[contains(@id ,\"actionsToolbar-overflowButton\")])[1]"}
RESULT: {"using":"xpath","value":"(//button[contains(@id ,\"actionsToolbar-overflowButton\")])[1]"}
COMMAND: POST /session/d3cdda6f06e006695550ea94201d0e31/element/f.CF3EA173C6DD6742E6FF2C1FCC3ADAA5.d.B65054D79B60D63B34CAC4E03BA72693.e.3208/click - {}
RESULT: {}
COMMAND: GET /session/d3cdda6f06e006695550ea94201d0e31/screenshot - {}
RESULT: {}
COMMAND: POST /session/d3cdda6f06e006695550ea94201d0e31/element - {"using":"xpath","value":"//button[@data-kt=\"priceInfoButton\"]"}
RESULT: {"using":"xpath","value":"//button[@data-kt=\"priceInfoButton\"]"}
COMMAND: POST /session/d3cdda6f06e006695550ea94201d0e31/element/f.CF3EA173C6DD6742E6FF2C1FCC3ADAA5.d.B65054D79B60D63B34CAC4E03BA72693.e.3210/click - {}
RESULT: {}
COMMAND: GET /session/d3cdda6f06e006695550ea94201d0e31/screenshot - {}
RESULT: {}
]]></system-out>
    </testcase>
    <testcase classname="chrome.136_0_7103_93.windows.Billing_confirm_US117289" name="Should create new pricing rule" time="49.75">
      <system-out><![CDATA[
COMMAND: POST /session/d3cdda6f06e006695550ea94201d0e31/element - {"using":"xpath","value":"//button[@data-kt=\"addButton\"]"}
RESULT: {"using":"xpath","value":"//button[@data-kt=\"addButton\"]"}
COMMAND: POST /session/d3cdda6f06e006695550ea94201d0e31/elements - {"using":"xpath","value":"//button[@data-kt=\"addButton\"]"}
RESULT: {"using":"xpath","value":"//button[@data-kt=\"addButton\"]"}
COMMAND: POST /session/d3cdda6f06e006695550ea94201d0e31/elements - {"using":"xpath","value":"//button[@data-kt=\"addButton\"]"}
RESULT: {"using":"xpath","value":"//button[@data-kt=\"addButton\"]"}
COMMAND: POST /session/d3cdda6f06e006695550ea94201d0e31/element - {"using":"xpath","value":"//button[@data-kt=\"addButton\"]"}
RESULT: {"using":"xpath","value":"//button[@data-kt=\"addButton\"]"}
COMMAND: POST /session/d3cdda6f06e006695550ea94201d0e31/execute/sync - {"script":"<script> [8489 bytes]","args":[{"element-6066-11e4-a52e-4f735466cecf":"f.CF3EA173C6DD6742E6FF2C1FCC3ADAA5.d.B65054D79B60D63B34CAC4E03BA72693.e.3247","ELEMENT":"f.CF3EA173C6DD6742E6FF2C1FCC3ADAA5.d.B65054D79B60D63B34CAC4E03BA72693.e.3247"}]}
RESULT: {"script":"<script> [8489 bytes]","args":[{"element-6066-11e4-a52e-4f735466cecf":"f.CF3EA173C6DD6742E6FF2C1FCC3ADAA5.d.B65054D79B60D63B34CAC4E03BA72693.e.3247","ELEMENT":"f.CF3EA173C6DD6742E6FF2C1FCC3ADAA5.d.B65054D79B60D63B34CAC4E03BA72693.e.3247"}]}
COMMAND: GET /session/d3cdda6f06e006695550ea94201d0e31/element/f.CF3EA173C6DD6742E6FF2C1FCC3ADAA5.d.B65054D79B60D63B34CAC4E03BA72693.e.3247/enabled - {}
COMMAND: GET /session/d3cdda6f06e006695550ea94201d0e31/screenshot - {}
RESULT: {}
COMMAND: POST /session/d3cdda6f06e006695550ea94201d0e31/execute/sync - {"script":"<script> [8489 bytes]","args":[{"element-6066-11e4-a52e-4f735466cecf":"f.CF3EA173C6DD6742E6FF2C1FCC3ADAA5.d.B65054D79B60D63B34CAC4E03BA72693.e.3247","ELEMENT":"f.CF3EA173C6DD6742E6FF2C1FCC3ADAA5.d.B65054D79B60D63B34CAC4E03BA72693.e.3247"}]}
COMMAND: GET /session/d3cdda6f06e006695550ea94201d0e31/screenshot - {}
RESULT: {}
RESULT: {"script":"<script> [8489 bytes]","args":[{"element-6066-11e4-a52e-4f735466cecf":"f.CF3EA173C6DD6742E6FF2C1FCC3ADAA5.d.B65054D79B60D63B34CAC4E03BA72693.e.3247","ELEMENT":"f.CF3EA173C6DD6742E6FF2C1FCC3ADAA5.d.B65054D79B60D63B34CAC4E03BA72693.e.3247"}]}
COMMAND: POST /session/d3cdda6f06e006695550ea94201d0e31/execute/sync - {"script":"<script> [5351 bytes]","args":[{"element-6066-11e4-a52e-4f735466cecf":"f.CF3EA173C6DD6742E6FF2C1FCC3ADAA5.d.B65054D79B60D63B34CAC4E03BA72693.e.3247","ELEMENT":"f.CF3EA173C6DD6742E6FF2C1FCC3ADAA5.d.B65054D79B60D63B34CAC4E03BA72693.e.3247"}]}
COMMAND: GET /session/d3cdda6f06e006695550ea94201d0e31/screenshot - {}
RESULT: {}
RESULT: {"script":"<script> [5351 bytes]","args":[{"element-6066-11e4-a52e-4f735466cecf":"f.CF3EA173C6DD6742E6FF2C1FCC3ADAA5.d.B65054D79B60D63B34CAC4E03BA72693.e.3247","ELEMENT":"f.CF3EA173C6DD6742E6FF2C1FCC3ADAA5.d.B65054D79B60D63B34CAC4E03BA72693.e.3247"}]}
COMMAND: POST /session/d3cdda6f06e006695550ea94201d0e31/element/f.CF3EA173C6DD6742E6FF2C1FCC3ADAA5.d.B65054D79B60D63B34CAC4E03BA72693.e.3247/click - {}
COMMAND: GET /session/d3cdda6f06e006695550ea94201d0e31/screenshot - {}
RESULT: {}
RESULT: {}
COMMAND: GET /session/d3cdda6f06e006695550ea94201d0e31/screenshot - {}
RESULT: {}
RESULT: {}
COMMAND: POST /session/d3cdda6f06e006695550ea94201d0e31/execute/async - {"script":"<script> [1562 bytes]","args":[{"selector":{"controlType":"sap.m.Title","viewName":"etm.portal.ui.managepricingrules.view.NewItem","viewId":"application-managepricingrules-display-component---newInfoPriceItem","properties":{"text":"New Pricing Rules - Item Level"}},"wdio_ui5_key":"etmportal.ui.managepricingrules.view.NewItemsap.m.Title{\"text\":\"New Pricing Rules - Item Level\"}"}]}
RESULT: {"script":"<script> [1562 bytes]","args":[{"selector":{"controlType":"sap.m.Title","viewName":"etm.portal.ui.managepricingrules.view.NewItem","viewId":"application-managepricingrules-display-component---newInfoPriceItem","properties":{"text":"New Pricing Rules - Item Level"}},"wdio_ui5_key":"etmportal.ui.managepricingrules.view.NewItemsap.m.Title{\"text\":\"New Pricing Rules - Item Level\"}"}]}
RESULT: undefined
COMMAND: POST /session/d3cdda6f06e006695550ea94201d0e31/execute/async - {"script":"<script> [6424 bytes]","args":[{"element-6066-11e4-a52e-4f735466cecf":"f.CF3EA173C6DD6742E6FF2C1FCC3ADAA5.d.B65054D79B60D63B34CAC4E03BA72693.e.3424"},"getText",[]]}
RESULT: {"script":"<script> [6424 bytes]","args":[{"element-6066-11e4-a52e-4f735466cecf":"f.CF3EA173C6DD6742E6FF2C1FCC3ADAA5.d.B65054D79B60D63B34CAC4E03BA72693.e.3424"},"getText",[]]}
COMMAND: POST /session/d3cdda6f06e006695550ea94201d0e31/execute/async - {"script":"<script> [1562 bytes]","args":[{"selector":{"id":"application-managepricingrules-display-component---newInfoPriceItem--condValidTo","interaction":{"idSuffix":"inner"}},"wdio_ui5_key":"applicationmanagepricingrules-display-component---newInfoPriceItem--condValidTo"}]}
RESULT: {"script":"<script> [1562 bytes]","args":[{"selector":{"id":"application-managepricingrules-display-component---newInfoPriceItem--condValidTo","interaction":{"idSuffix":"inner"}},"wdio_ui5_key":"applicationmanagepricingrules-display-component---newInfoPriceItem--condValidTo"}]}
RESULT: undefined
COMMAND: POST /session/d3cdda6f06e006695550ea94201d0e31/execute/async - {"script":"<script> [776 bytes]","args":[{"enterText":"1/21/26","selector":{"id":"application-managepricingrules-display-component---newInfoPriceItem--condValidTo","interaction":{"idSuffix":"inner"}},"clearTextFirst":true,"interactionType":"ENTER_TEXT"}]}
RESULT: {"script":"<script> [776 bytes]","args":[{"enterText":"1/21/26","selector":{"id":"application-managepricingrules-display-component---newInfoPriceItem--condValidTo","interaction":{"idSuffix":"inner"}},"clearTextFirst":true,"interactionType":"ENTER_TEXT"}]}
COMMAND: POST /session/d3cdda6f06e006695550ea94201d0e31/execute/async - {"script":"<script> [1562 bytes]","args":[{"selector":{"id":"application-managepricingrules-display-component---newInfoPriceItem--billType-arrow"},"wdio_ui5_key":"applicationmanagepricingrules-display-component---newInfoPriceItem--billType-arrow"}]}
RESULT: {"script":"<script> [1562 bytes]","args":[{"selector":{"id":"application-managepricingrules-display-component---newInfoPriceItem--billType-arrow"},"wdio_ui5_key":"applicationmanagepricingrules-display-component---newInfoPriceItem--billType-arrow"}]}
RESULT: undefined
COMMAND: POST /session/d3cdda6f06e006695550ea94201d0e31/element - {"using":"xpath","value":"//*[@id=\"application-managepricingrules-display-component---newInfoPriceItem--billType-arrow\"]"}
RESULT: {"using":"xpath","value":"//*[@id=\"application-managepricingrules-display-component---newInfoPriceItem--billType-arrow\"]"}
COMMAND: POST /session/d3cdda6f06e006695550ea94201d0e31/element/f.CF3EA173C6DD6742E6FF2C1FCC3ADAA5.d.B65054D79B60D63B34CAC4E03BA72693.e.3382/click - {}
RESULT: {}
COMMAND: POST /session/d3cdda6f06e006695550ea94201d0e31/element - {"using":"xpath","value":"//span[contains(text(), \"TB - Time based\")]"}
COMMAND: GET /session/d3cdda6f06e006695550ea94201d0e31/screenshot - {}
RESULT: {"using":"xpath","value":"//span[contains(text(), \"TB - Time based\")]"}
COMMAND: POST /session/d3cdda6f06e006695550ea94201d0e31/element/f.CF3EA173C6DD6742E6FF2C1FCC3ADAA5.d.B65054D79B60D63B34CAC4E03BA72693.e.3426/click - {}
RESULT: {}
RESULT: {}
COMMAND: POST /session/d3cdda6f06e006695550ea94201d0e31/execute/async - {"script":"<script> [1562 bytes]","args":[{"selector":{"id":"application-managepricingrules-display-component---newInfoPriceItem--priceProc-arrow"},"wdio_ui5_key":"applicationmanagepricingrules-display-component---newInfoPriceItem--priceProc-arrow"}]}
COMMAND: GET /session/d3cdda6f06e006695550ea94201d0e31/screenshot - {}
RESULT: {"script":"<script> [1562 bytes]","args":[{"selector":{"id":"application-managepricingrules-display-component---newInfoPriceItem--priceProc-arrow"},"wdio_ui5_key":"applicationmanagepricingrules-display-component---newInfoPriceItem--priceProc-arrow"}]}
RESULT: undefined
COMMAND: POST /session/d3cdda6f06e006695550ea94201d0e31/element - {"using":"xpath","value":"//*[@id=\"application-managepricingrules-display-component---newInfoPriceItem--priceProc-arrow\"]"}
RESULT: {}
RESULT: {"using":"xpath","value":"//*[@id=\"application-managepricingrules-display-component---newInfoPriceItem--priceProc-arrow\"]"}
COMMAND: POST /session/d3cdda6f06e006695550ea94201d0e31/element/f.CF3EA173C6DD6742E6FF2C1FCC3ADAA5.d.B65054D79B60D63B34CAC4E03BA72693.e.3389/click - {}
RESULT: {}
COMMAND: POST /session/d3cdda6f06e006695550ea94201d0e31/element - {"using":"xpath","value":"//span[contains(text(), \"TBS - Time based standard\")]"}
COMMAND: GET /session/d3cdda6f06e006695550ea94201d0e31/screenshot - {}
RESULT: {"using":"xpath","value":"//span[contains(text(), \"TBS - Time based standard\")]"}
COMMAND: POST /session/d3cdda6f06e006695550ea94201d0e31/element/f.CF3EA173C6DD6742E6FF2C1FCC3ADAA5.d.B65054D79B60D63B34CAC4E03BA72693.e.3427/click - {}
RESULT: {}
RESULT: {}
COMMAND: POST /session/d3cdda6f06e006695550ea94201d0e31/execute/async - {"script":"<script> [1562 bytes]","args":[{"selector":{"id":"application-managepricingrules-display-component---newInfoPriceItem--calcBase-arrow"},"wdio_ui5_key":"applicationmanagepricingrules-display-component---newInfoPriceItem--calcBase-arrow"}]}
COMMAND: GET /session/d3cdda6f06e006695550ea94201d0e31/screenshot - {}
RESULT: {"script":"<script> [1562 bytes]","args":[{"selector":{"id":"application-managepricingrules-display-component---newInfoPriceItem--calcBase-arrow"},"wdio_ui5_key":"applicationmanagepricingrules-display-component---newInfoPriceItem--calcBase-arrow"}]}
RESULT: undefined
COMMAND: POST /session/d3cdda6f06e006695550ea94201d0e31/element - {"using":"xpath","value":"//*[@id=\"application-managepricingrules-display-component---newInfoPriceItem--calcBase-arrow\"]"}
RESULT: {}
RESULT: {"using":"xpath","value":"//*[@id=\"application-managepricingrules-display-component---newInfoPriceItem--calcBase-arrow\"]"}
COMMAND: POST /session/d3cdda6f06e006695550ea94201d0e31/element/f.CF3EA173C6DD6742E6FF2C1FCC3ADAA5.d.B65054D79B60D63B34CAC4E03BA72693.e.3396/click - {}
RESULT: {}
COMMAND: GET /session/d3cdda6f06e006695550ea94201d0e31/screenshot - {}
RESULT: {}
COMMAND: POST /session/d3cdda6f06e006695550ea94201d0e31/element - {"using":"xpath","value":"//span[contains(text(), \"0006 - TB(calendar days)\")]"}
RESULT: {"using":"xpath","value":"//span[contains(text(), \"0006 - TB(calendar days)\")]"}
COMMAND: POST /session/d3cdda6f06e006695550ea94201d0e31/element/f.CF3EA173C6DD6742E6FF2C1FCC3ADAA5.d.B65054D79B60D63B34CAC4E03BA72693.e.3428/click - {}
RESULT: {}
COMMAND: GET /session/d3cdda6f06e006695550ea94201d0e31/screenshot - {}
RESULT: {}
COMMAND: POST /session/d3cdda6f06e006695550ea94201d0e31/execute/async - {"script":"<script> [1562 bytes]","args":[{"selector":{"id":"application-managepricingrules-display-component---newInfoPriceItem--daysMonth","interaction":{"idSuffix":"inner"}},"wdio_ui5_key":"applicationmanagepricingrules-display-component---newInfoPriceItem--daysMonth"}]}
RESULT: {"script":"<script> [1562 bytes]","args":[{"selector":{"id":"application-managepricingrules-display-component---newInfoPriceItem--daysMonth","interaction":{"idSuffix":"inner"}},"wdio_ui5_key":"applicationmanagepricingrules-display-component---newInfoPriceItem--daysMonth"}]}
RESULT: undefined
COMMAND: POST /session/d3cdda6f06e006695550ea94201d0e31/execute/async - {"script":"<script> [776 bytes]","args":[{"enterText":"30","selector":{"id":"application-managepricingrules-display-component---newInfoPriceItem--daysMonth","interaction":{"idSuffix":"inner"}},"clearTextFirst":true,"interactionType":"ENTER_TEXT"}]}
RESULT: {"script":"<script> [776 bytes]","args":[{"enterText":"30","selector":{"id":"application-managepricingrules-display-component---newInfoPriceItem--daysMonth","interaction":{"idSuffix":"inner"}},"clearTextFirst":true,"interactionType":"ENTER_TEXT"}]}
COMMAND: POST /session/d3cdda6f06e006695550ea94201d0e31/element - {"using":"xpath","value":"//button[@data-kt=\"saveNewRuleButton\"]"}
RESULT: {"using":"xpath","value":"//button[@data-kt=\"saveNewRuleButton\"]"}
COMMAND: POST /session/d3cdda6f06e006695550ea94201d0e31/element/f.CF3EA173C6DD6742E6FF2C1FCC3ADAA5.d.B65054D79B60D63B34CAC4E03BA72693.e.3416/click - {}
RESULT: {}
COMMAND: GET /session/d3cdda6f06e006695550ea94201d0e31/screenshot - {}
RESULT: {}
COMMAND: POST /session/d3cdda6f06e006695550ea94201d0e31/execute/async - {"script":"<script> [1562 bytes]","args":[{"selector":{"id":"application-managepricingrules-display-component---priceInfoItem--smartFilterBar-btnBasicSearch","interaction":{"idSuffix":"I"}},"wdio_ui5_key":"applicationmanagepricingrules-display-component---priceInfoItem--smartFilterBar-btnBasicSearch"}]}
RESULT: {"script":"<script> [1562 bytes]","args":[{"selector":{"id":"application-managepricingrules-display-component---priceInfoItem--smartFilterBar-btnBasicSearch","interaction":{"idSuffix":"I"}},"wdio_ui5_key":"applicationmanagepricingrules-display-component---priceInfoItem--smartFilterBar-btnBasicSearch"}]}
RESULT: undefined
COMMAND: POST /session/d3cdda6f06e006695550ea94201d0e31/execute/async - {"script":"<script> [776 bytes]","args":[{"enterText":"kcIguuNL1r","selector":{"id":"application-managepricingrules-display-component---priceInfoItem--smartFilterBar-btnBasicSearch","interaction":{"idSuffix":"I"}},"clearTextFirst":true,"interactionType":"ENTER_TEXT"}]}
RESULT: {"script":"<script> [776 bytes]","args":[{"enterText":"kcIguuNL1r","selector":{"id":"application-managepricingrules-display-component---priceInfoItem--smartFilterBar-btnBasicSearch","interaction":{"idSuffix":"I"}},"clearTextFirst":true,"interactionType":"ENTER_TEXT"}]}
COMMAND: POST /session/d3cdda6f06e006695550ea94201d0e31/actions - {"actions":[{"id":"action12","type":"key","parameters":{},"actions":[{"type":"keyDown","value":"î€‡"},{"type":"pause","duration":10},{"type":"keyUp","value":"î€‡"}]}]}
RESULT: {"actions":[{"id":"action12","type":"key","parameters":{},"actions":[{"type":"keyDown","value":"î€‡"},{"type":"pause","duration":10},{"type":"keyUp","value":"î€‡"}]}]}
COMMAND: GET /session/d3cdda6f06e006695550ea94201d0e31/screenshot - {}
RESULT: {}
COMMAND: POST /session/d3cdda6f06e006695550ea94201d0e31/element - {"using":"xpath","value":"//span[@id=\"application-managepricingrules-display-component---priceInfoItem--smartTable-header-inner\"]"}
RESULT: {"using":"xpath","value":"//span[@id=\"application-managepricingrules-display-component---priceInfoItem--smartTable-header-inner\"]"}
COMMAND: POST /session/d3cdda6f06e006695550ea94201d0e31/elements - {"using":"xpath","value":"//span[@id=\"application-managepricingrules-display-component---priceInfoItem--smartTable-header-inner\"]"}
RESULT: {"using":"xpath","value":"//span[@id=\"application-managepricingrules-display-component---priceInfoItem--smartTable-header-inner\"]"}
COMMAND: POST /session/d3cdda6f06e006695550ea94201d0e31/execute/sync - {"script":"<script> [56 bytes]","args":[{"element-6066-11e4-a52e-4f735466cecf":"f.CF3EA173C6DD6742E6FF2C1FCC3ADAA5.d.B65054D79B60D63B34CAC4E03BA72693.e.3441","ELEMENT":"f.CF3EA173C6DD6742E6FF2C1FCC3ADAA5.d.B65054D79B60D63B34CAC4E03BA72693.e.3441"}]}
RESULT: {"script":"<script> [56 bytes]","args":[{"element-6066-11e4-a52e-4f735466cecf":"f.CF3EA173C6DD6742E6FF2C1FCC3ADAA5.d.B65054D79B60D63B34CAC4E03BA72693.e.3441","ELEMENT":"f.CF3EA173C6DD6742E6FF2C1FCC3ADAA5.d.B65054D79B60D63B34CAC4E03BA72693.e.3441"}]}
COMMAND: POST /session/d3cdda6f06e006695550ea94201d0e31/element - {"using":"css selector","value":"#shell-header-logo"}
COMMAND: GET /session/d3cdda6f06e006695550ea94201d0e31/screenshot - {}
RESULT: {"using":"css selector","value":"#shell-header-logo"}
COMMAND: POST /session/d3cdda6f06e006695550ea94201d0e31/element/f.CF3EA173C6DD6742E6FF2C1FCC3ADAA5.d.B65054D79B60D63B34CAC4E03BA72693.e.2753/click - {}
RESULT: {}
RESULT: {}
COMMAND: GET /session/d3cdda6f06e006695550ea94201d0e31/screenshot - {}
RESULT: {}
]]></system-out>
    </testcase>
    <testcase classname="chrome.136_0_7103_93.windows.Billing_confirm_US117289" name="Should create new condition for equipment" time="62.653">
      <system-out><![CDATA[
COMMAND: POST /session/d3cdda6f06e006695550ea94201d0e31/execute/async - {"script":"<script> [1562 bytes]","args":[{"selector":{"controlType":"sap.m.GenericTile","properties":{"header":"Manage Conditions & Prices"}},"wdio_ui5_key":"sapm.GenericTile{\"header\":\"Manage Conditions & Prices\"}"}]}
RESULT: {"script":"<script> [1562 bytes]","args":[{"selector":{"controlType":"sap.m.GenericTile","properties":{"header":"Manage Conditions & Prices"}},"wdio_ui5_key":"sapm.GenericTile{\"header\":\"Manage Conditions & Prices\"}"}]}
RESULT: undefined
COMMAND: POST /session/d3cdda6f06e006695550ea94201d0e31/element - {"using":"xpath","value":"//*[@id=\"__tile53\"]"}
RESULT: {"using":"xpath","value":"//*[@id=\"__tile53\"]"}
COMMAND: POST /session/d3cdda6f06e006695550ea94201d0e31/element/f.CF3EA173C6DD6742E6FF2C1FCC3ADAA5.d.B65054D79B60D63B34CAC4E03BA72693.e.192/click - {}
RESULT: {}
COMMAND: GET /session/d3cdda6f06e006695550ea94201d0e31/screenshot - {}
RESULT: {}
COMMAND: POST /session/d3cdda6f06e006695550ea94201d0e31/elements - {"using":"xpath","value":"//span[text()='Error']"}
RESULT: {"using":"xpath","value":"//span[text()='Error']"}
COMMAND: POST /session/d3cdda6f06e006695550ea94201d0e31/element - {"using":"xpath","value":"//button[@aria-label=\"Create\"]"}
RESULT: {"using":"xpath","value":"//button[@aria-label=\"Create\"]"}
COMMAND: POST /session/d3cdda6f06e006695550ea94201d0e31/elements - {"using":"xpath","value":"//button[@aria-label=\"Create\"]"}
RESULT: {"using":"xpath","value":"//button[@aria-label=\"Create\"]"}
COMMAND: POST /session/d3cdda6f06e006695550ea94201d0e31/execute/sync - {"script":"<script> [8489 bytes]","args":[{"element-6066-11e4-a52e-4f735466cecf":"f.CF3EA173C6DD6742E6FF2C1FCC3ADAA5.d.B65054D79B60D63B34CAC4E03BA72693.e.3476","ELEMENT":"f.CF3EA173C6DD6742E6FF2C1FCC3ADAA5.d.B65054D79B60D63B34CAC4E03BA72693.e.3476"}]}
RESULT: {"script":"<script> [8489 bytes]","args":[{"element-6066-11e4-a52e-4f735466cecf":"f.CF3EA173C6DD6742E6FF2C1FCC3ADAA5.d.B65054D79B60D63B34CAC4E03BA72693.e.3476","ELEMENT":"f.CF3EA173C6DD6742E6FF2C1FCC3ADAA5.d.B65054D79B60D63B34CAC4E03BA72693.e.3476"}]}
COMMAND: GET /session/d3cdda6f06e006695550ea94201d0e31/element/f.CF3EA173C6DD6742E6FF2C1FCC3ADAA5.d.B65054D79B60D63B34CAC4E03BA72693.e.3476/enabled - {}
COMMAND: GET /session/d3cdda6f06e006695550ea94201d0e31/screenshot - {}
RESULT: {}
COMMAND: POST /session/d3cdda6f06e006695550ea94201d0e31/execute/sync - {"script":"<script> [8489 bytes]","args":[{"element-6066-11e4-a52e-4f735466cecf":"f.CF3EA173C6DD6742E6FF2C1FCC3ADAA5.d.B65054D79B60D63B34CAC4E03BA72693.e.3476","ELEMENT":"f.CF3EA173C6DD6742E6FF2C1FCC3ADAA5.d.B65054D79B60D63B34CAC4E03BA72693.e.3476"}]}
COMMAND: GET /session/d3cdda6f06e006695550ea94201d0e31/screenshot - {}
RESULT: {}
RESULT: {"script":"<script> [8489 bytes]","args":[{"element-6066-11e4-a52e-4f735466cecf":"f.CF3EA173C6DD6742E6FF2C1FCC3ADAA5.d.B65054D79B60D63B34CAC4E03BA72693.e.3476","ELEMENT":"f.CF3EA173C6DD6742E6FF2C1FCC3ADAA5.d.B65054D79B60D63B34CAC4E03BA72693.e.3476"}]}
COMMAND: POST /session/d3cdda6f06e006695550ea94201d0e31/execute/sync - {"script":"<script> [5351 bytes]","args":[{"element-6066-11e4-a52e-4f735466cecf":"f.CF3EA173C6DD6742E6FF2C1FCC3ADAA5.d.B65054D79B60D63B34CAC4E03BA72693.e.3476","ELEMENT":"f.CF3EA173C6DD6742E6FF2C1FCC3ADAA5.d.B65054D79B60D63B34CAC4E03BA72693.e.3476"}]}
COMMAND: GET /session/d3cdda6f06e006695550ea94201d0e31/screenshot - {}
RESULT: {}
RESULT: {"script":"<script> [5351 bytes]","args":[{"element-6066-11e4-a52e-4f735466cecf":"f.CF3EA173C6DD6742E6FF2C1FCC3ADAA5.d.B65054D79B60D63B34CAC4E03BA72693.e.3476","ELEMENT":"f.CF3EA173C6DD6742E6FF2C1FCC3ADAA5.d.B65054D79B60D63B34CAC4E03BA72693.e.3476"}]}
COMMAND: POST /session/d3cdda6f06e006695550ea94201d0e31/element/f.CF3EA173C6DD6742E6FF2C1FCC3ADAA5.d.B65054D79B60D63B34CAC4E03BA72693.e.3476/click - {}
COMMAND: GET /session/d3cdda6f06e006695550ea94201d0e31/screenshot - {}
RESULT: {}
RESULT: {}
COMMAND: GET /session/d3cdda6f06e006695550ea94201d0e31/screenshot - {}
RESULT: {}
RESULT: {}
COMMAND: POST /session/d3cdda6f06e006695550ea94201d0e31/actions - {"actions":[{"id":"action13","type":"key","parameters":{},"actions":[{"type":"keyDown","value":"î€‡"},{"type":"pause","duration":10},{"type":"keyUp","value":"î€‡"}]}]}
RESULT: {"actions":[{"id":"action13","type":"key","parameters":{},"actions":[{"type":"keyDown","value":"î€‡"},{"type":"pause","duration":10},{"type":"keyUp","value":"î€‡"}]}]}
COMMAND: GET /session/d3cdda6f06e006695550ea94201d0e31/screenshot - {}
RESULT: {}
COMMAND: POST /session/d3cdda6f06e006695550ea94201d0e31/execute/async - {"script":"<script> [1562 bytes]","args":[{"selector":{"id":"application-manageconditionprice-display-component---newCondition--condBillCond-arrow"},"wdio_ui5_key":"applicationmanageconditionprice-display-component---newCondition--condBillCond-arrow"}]}
RESULT: {"script":"<script> [1562 bytes]","args":[{"selector":{"id":"application-manageconditionprice-display-component---newCondition--condBillCond-arrow"},"wdio_ui5_key":"applicationmanageconditionprice-display-component---newCondition--condBillCond-arrow"}]}
RESULT: undefined
COMMAND: POST /session/d3cdda6f06e006695550ea94201d0e31/element - {"using":"xpath","value":"//*[@id=\"application-manageconditionprice-display-component---newCondition--condBillCond-arrow\"]"}
RESULT: {"using":"xpath","value":"//*[@id=\"application-manageconditionprice-display-component---newCondition--condBillCond-arrow\"]"}
COMMAND: POST /session/d3cdda6f06e006695550ea94201d0e31/element/f.CF3EA173C6DD6742E6FF2C1FCC3ADAA5.d.B65054D79B60D63B34CAC4E03BA72693.e.3652/click - {}
RESULT: {}
COMMAND: GET /session/d3cdda6f06e006695550ea94201d0e31/screenshot - {}
RESULT: {}
COMMAND: POST /session/d3cdda6f06e006695550ea94201d0e31/element - {"using":"xpath","value":"//li[.//span[contains(text(), \"DISP - D&I special price\")]]"}
RESULT: {"using":"xpath","value":"//li[.//span[contains(text(), \"DISP - D&I special price\")]]"}
COMMAND: POST /session/d3cdda6f06e006695550ea94201d0e31/element/f.CF3EA173C6DD6742E6FF2C1FCC3ADAA5.d.B65054D79B60D63B34CAC4E03BA72693.e.3656/click - {}
RESULT: {}
COMMAND: GET /session/d3cdda6f06e006695550ea94201d0e31/screenshot - {}
RESULT: {}
COMMAND: POST /session/d3cdda6f06e006695550ea94201d0e31/execute/async - {"script":"<script> [1562 bytes]","args":[{"selector":{"id":"application-manageconditionprice-display-component---newCondition--condValidTo","interaction":{"idSuffix":"inner"}},"wdio_ui5_key":"applicationmanageconditionprice-display-component---newCondition--condValidTo"}]}
RESULT: {"script":"<script> [1562 bytes]","args":[{"selector":{"id":"application-manageconditionprice-display-component---newCondition--condValidTo","interaction":{"idSuffix":"inner"}},"wdio_ui5_key":"applicationmanageconditionprice-display-component---newCondition--condValidTo"}]}
RESULT: undefined
COMMAND: POST /session/d3cdda6f06e006695550ea94201d0e31/execute/async - {"script":"<script> [776 bytes]","args":[{"enterText":"1/21/26","selector":{"id":"application-manageconditionprice-display-component---newCondition--condValidTo","interaction":{"idSuffix":"inner"}},"clearTextFirst":true,"interactionType":"ENTER_TEXT"}]}
RESULT: {"script":"<script> [776 bytes]","args":[{"enterText":"1/21/26","selector":{"id":"application-manageconditionprice-display-component---newCondition--condValidTo","interaction":{"idSuffix":"inner"}},"clearTextFirst":true,"interactionType":"ENTER_TEXT"}]}
COMMAND: POST /session/d3cdda6f06e006695550ea94201d0e31/element - {"using":"xpath","value":"//input[@id=\"application-manageconditionprice-display-component---newCondition--condRU-inner\"]"}
RESULT: {"using":"xpath","value":"//input[@id=\"application-manageconditionprice-display-component---newCondition--condRU-inner\"]"}
COMMAND: POST /session/d3cdda6f06e006695550ea94201d0e31/element/f.CF3EA173C6DD6742E6FF2C1FCC3ADAA5.d.B65054D79B60D63B34CAC4E03BA72693.e.3524/clear - {}
RESULT: {}
COMMAND: POST /session/d3cdda6f06e006695550ea94201d0e31/element/f.CF3EA173C6DD6742E6FF2C1FCC3ADAA5.d.B65054D79B60D63B34CAC4E03BA72693.e.3524/value - {"text":"kcIguuNL1r"}
COMMAND: GET /session/d3cdda6f06e006695550ea94201d0e31/screenshot - {}
RESULT: {"text":"kcIguuNL1r"}
COMMAND: GET /session/d3cdda6f06e006695550ea94201d0e31/screenshot - {}
RESULT: {}
RESULT: {}
COMMAND: POST /session/d3cdda6f06e006695550ea94201d0e31/actions - {"actions":[{"id":"action14","type":"key","parameters":{},"actions":[{"type":"keyDown","value":"î€‡"},{"type":"pause","duration":10},{"type":"keyUp","value":"î€‡"}]}]}
RESULT: {"actions":[{"id":"action14","type":"key","parameters":{},"actions":[{"type":"keyDown","value":"î€‡"},{"type":"pause","duration":10},{"type":"keyUp","value":"î€‡"}]}]}
COMMAND: POST /session/d3cdda6f06e006695550ea94201d0e31/execute/async - {"script":"<script> [1562 bytes]","args":[{"selector":{"id":"application-manageconditionprice-display-component---newCondition--condBaseQty","interaction":{"idSuffix":"inner"}},"wdio_ui5_key":"applicationmanageconditionprice-display-component---newCondition--condBaseQty"}]}
COMMAND: GET /session/d3cdda6f06e006695550ea94201d0e31/screenshot - {}
RESULT: {"script":"<script> [1562 bytes]","args":[{"selector":{"id":"application-manageconditionprice-display-component---newCondition--condBaseQty","interaction":{"idSuffix":"inner"}},"wdio_ui5_key":"applicationmanageconditionprice-display-component---newCondition--condBaseQty"}]}
RESULT: undefined
COMMAND: POST /session/d3cdda6f06e006695550ea94201d0e31/execute/async - {"script":"<script> [776 bytes]","args":[{"enterText":"1","selector":{"id":"application-manageconditionprice-display-component---newCondition--condBaseQty","interaction":{"idSuffix":"inner"}},"clearTextFirst":true,"interactionType":"ENTER_TEXT"}]}
RESULT: {}
RESULT: {"script":"<script> [776 bytes]","args":[{"enterText":"1","selector":{"id":"application-manageconditionprice-display-component---newCondition--condBaseQty","interaction":{"idSuffix":"inner"}},"clearTextFirst":true,"interactionType":"ENTER_TEXT"}]}
COMMAND: POST /session/d3cdda6f06e006695550ea94201d0e31/execute/async - {"script":"<script> [1562 bytes]","args":[{"selector":{"id":"application-manageconditionprice-display-component---newCondition--condValue","interaction":{"idSuffix":"inner"}},"wdio_ui5_key":"applicationmanageconditionprice-display-component---newCondition--condValue"}]}
RESULT: {"script":"<script> [1562 bytes]","args":[{"selector":{"id":"application-manageconditionprice-display-component---newCondition--condValue","interaction":{"idSuffix":"inner"}},"wdio_ui5_key":"applicationmanageconditionprice-display-component---newCondition--condValue"}]}
RESULT: undefined
COMMAND: POST /session/d3cdda6f06e006695550ea94201d0e31/execute/async - {"script":"<script> [776 bytes]","args":[{"enterText":"100","selector":{"id":"application-manageconditionprice-display-component---newCondition--condValue","interaction":{"idSuffix":"inner"}},"clearTextFirst":true,"interactionType":"ENTER_TEXT"}]}
RESULT: {"script":"<script> [776 bytes]","args":[{"enterText":"100","selector":{"id":"application-manageconditionprice-display-component---newCondition--condValue","interaction":{"idSuffix":"inner"}},"clearTextFirst":true,"interactionType":"ENTER_TEXT"}]}
COMMAND: POST /session/d3cdda6f06e006695550ea94201d0e31/execute/async - {"script":"<script> [1562 bytes]","args":[{"selector":{"id":"application-manageconditionprice-display-component---newCondition--condCurr-arrow"},"wdio_ui5_key":"applicationmanageconditionprice-display-component---newCondition--condCurr-arrow"}]}
RESULT: {"script":"<script> [1562 bytes]","args":[{"selector":{"id":"application-manageconditionprice-display-component---newCondition--condCurr-arrow"},"wdio_ui5_key":"applicationmanageconditionprice-display-component---newCondition--condCurr-arrow"}]}
RESULT: undefined
COMMAND: POST /session/d3cdda6f06e006695550ea94201d0e31/element - {"using":"xpath","value":"//*[@id=\"application-manageconditionprice-display-component---newCondition--condCurr-arrow\"]"}
RESULT: {"using":"xpath","value":"//*[@id=\"application-manageconditionprice-display-component---newCondition--condCurr-arrow\"]"}
COMMAND: POST /session/d3cdda6f06e006695550ea94201d0e31/element/f.CF3EA173C6DD6742E6FF2C1FCC3ADAA5.d.B65054D79B60D63B34CAC4E03BA72693.e.3637/click - {}
RESULT: {}
COMMAND: POST /session/d3cdda6f06e006695550ea94201d0e31/element - {"using":"xpath","value":"//span[contains(text(), \"Euro\")]"}
COMMAND: GET /session/d3cdda6f06e006695550ea94201d0e31/screenshot - {}
RESULT: {"using":"xpath","value":"//span[contains(text(), \"Euro\")]"}
COMMAND: POST /session/d3cdda6f06e006695550ea94201d0e31/element/f.CF3EA173C6DD6742E6FF2C1FCC3ADAA5.d.B65054D79B60D63B34CAC4E03BA72693.e.3693/click - {}
RESULT: {}
RESULT: {}
COMMAND: POST /session/d3cdda6f06e006695550ea94201d0e31/element - {"using":"xpath","value":"//button[@data-kt=\"saveButton\"]"}
COMMAND: GET /session/d3cdda6f06e006695550ea94201d0e31/screenshot - {}
RESULT: {"using":"xpath","value":"//button[@data-kt=\"saveButton\"]"}
COMMAND: POST /session/d3cdda6f06e006695550ea94201d0e31/element/f.CF3EA173C6DD6742E6FF2C1FCC3ADAA5.d.B65054D79B60D63B34CAC4E03BA72693.e.3638/click - {}
RESULT: {}
RESULT: {}
COMMAND: GET /session/d3cdda6f06e006695550ea94201d0e31/screenshot - {}
RESULT: {}
COMMAND: POST /session/d3cdda6f06e006695550ea94201d0e31/execute/async - {"script":"<script> [1562 bytes]","args":[{"selector":{"id":"application-manageconditionprice-display-component---conditions--smartFilterBar-btnBasicSearch","interaction":{"idSuffix":"I"}},"wdio_ui5_key":"applicationmanageconditionprice-display-component---conditions--smartFilterBar-btnBasicSearch"}]}
RESULT: {"script":"<script> [1562 bytes]","args":[{"selector":{"id":"application-manageconditionprice-display-component---conditions--smartFilterBar-btnBasicSearch","interaction":{"idSuffix":"I"}},"wdio_ui5_key":"applicationmanageconditionprice-display-component---conditions--smartFilterBar-btnBasicSearch"}]}
RESULT: undefined
COMMAND: POST /session/d3cdda6f06e006695550ea94201d0e31/execute/async - {"script":"<script> [776 bytes]","args":[{"enterText":"kcIguuNL1r","selector":{"id":"application-manageconditionprice-display-component---conditions--smartFilterBar-btnBasicSearch","interaction":{"idSuffix":"I"}},"clearTextFirst":true,"interactionType":"ENTER_TEXT"}]}
RESULT: {"script":"<script> [776 bytes]","args":[{"enterText":"kcIguuNL1r","selector":{"id":"application-manageconditionprice-display-component---conditions--smartFilterBar-btnBasicSearch","interaction":{"idSuffix":"I"}},"clearTextFirst":true,"interactionType":"ENTER_TEXT"}]}
COMMAND: POST /session/d3cdda6f06e006695550ea94201d0e31/actions - {"actions":[{"id":"action15","type":"key","parameters":{},"actions":[{"type":"keyDown","value":"î€‡"},{"type":"pause","duration":10},{"type":"keyUp","value":"î€‡"}]}]}
RESULT: {"actions":[{"id":"action15","type":"key","parameters":{},"actions":[{"type":"keyDown","value":"î€‡"},{"type":"pause","duration":10},{"type":"keyUp","value":"î€‡"}]}]}
COMMAND: GET /session/d3cdda6f06e006695550ea94201d0e31/screenshot - {}
RESULT: {}
COMMAND: POST /session/d3cdda6f06e006695550ea94201d0e31/execute/async - {"script":"<script> [1562 bytes]","args":[{"selector":{"id":"application-manageconditionprice-display-component---conditions--smartFilterBar-filterItemControl_BASIC-BILL_TYPES-vhi"},"wdio_ui5_key":"applicationmanageconditionprice-display-component---conditions--smartFilterBar-filterItemControl_BASIC-BILL_TYPES-vhi"}]}
RESULT: {"script":"<script> [1562 bytes]","args":[{"selector":{"id":"application-manageconditionprice-display-component---conditions--smartFilterBar-filterItemControl_BASIC-BILL_TYPES-vhi"},"wdio_ui5_key":"applicationmanageconditionprice-display-component---conditions--smartFilterBar-filterItemControl_BASIC-BILL_TYPES-vhi"}]}
RESULT: undefined
COMMAND: POST /session/d3cdda6f06e006695550ea94201d0e31/element - {"using":"xpath","value":"//*[@id=\"application-manageconditionprice-display-component---conditions--smartFilterBar-filterItemControl_BASIC-BILL_TYPES-vhi\"]"}
RESULT: {"using":"xpath","value":"//*[@id=\"application-manageconditionprice-display-component---conditions--smartFilterBar-filterItemControl_BASIC-BILL_TYPES-vhi\"]"}
COMMAND: POST /session/d3cdda6f06e006695550ea94201d0e31/element/f.CF3EA173C6DD6742E6FF2C1FCC3ADAA5.d.B65054D79B60D63B34CAC4E03BA72693.e.3709/click - {}
RESULT: {}
COMMAND: POST /session/d3cdda6f06e006695550ea94201d0e31/execute/async - {"script":"<script> [1562 bytes]","args":[{"selector":{"id":"application-manageconditionprice-display-component---conditions--smartFilterBar-filterItemControl_BASIC-BILL_TYPES-valueHelpDialog-smartFilterBar-btnBasicSearch","searchOpenDialogs":true,"interaction":{"idSuffix":"I"}},"wdio_ui5_key":"applicationmanageconditionprice-display-component---conditions--smartFilterBar-filterItemControl_BASIC-BILL_TYPES-valueHelpDialog-smartFilterBar-btnBasicSearch"}]}
COMMAND: GET /session/d3cdda6f06e006695550ea94201d0e31/screenshot - {}
RESULT: {"script":"<script> [1562 bytes]","args":[{"selector":{"id":"application-manageconditionprice-display-component---conditions--smartFilterBar-filterItemControl_BASIC-BILL_TYPES-valueHelpDialog-smartFilterBar-btnBasicSearch","searchOpenDialogs":true,"interaction":{"idSuffix":"I"}},"wdio_ui5_key":"applicationmanageconditionprice-display-component---conditions--smartFilterBar-filterItemControl_BASIC-BILL_TYPES-valueHelpDialog-smartFilterBar-btnBasicSearch"}]}
RESULT: undefined
COMMAND: POST /session/d3cdda6f06e006695550ea94201d0e31/execute/async - {"script":"<script> [776 bytes]","args":[{"enterText":"TB","selector":{"id":"application-manageconditionprice-display-component---conditions--smartFilterBar-filterItemControl_BASIC-BILL_TYPES-valueHelpDialog-smartFilterBar-btnBasicSearch","searchOpenDialogs":true,"interaction":{"idSuffix":"I"}},"clearTextFirst":true,"interactionType":"ENTER_TEXT"}]}
RESULT: {}
RESULT: {"script":"<script> [776 bytes]","args":[{"enterText":"TB","selector":{"id":"application-manageconditionprice-display-component---conditions--smartFilterBar-filterItemControl_BASIC-BILL_TYPES-valueHelpDialog-smartFilterBar-btnBasicSearch","searchOpenDialogs":true,"interaction":{"idSuffix":"I"}},"clearTextFirst":true,"interactionType":"ENTER_TEXT"}]}
COMMAND: POST /session/d3cdda6f06e006695550ea94201d0e31/actions - {"actions":[{"id":"action16","type":"key","parameters":{},"actions":[{"type":"keyDown","value":"î€‡"},{"type":"pause","duration":10},{"type":"keyUp","value":"î€‡"}]}]}
RESULT: {"actions":[{"id":"action16","type":"key","parameters":{},"actions":[{"type":"keyDown","value":"î€‡"},{"type":"pause","duration":10},{"type":"keyUp","value":"î€‡"}]}]}
COMMAND: GET /session/d3cdda6f06e006695550ea94201d0e31/screenshot - {}
RESULT: {}
COMMAND: POST /session/d3cdda6f06e006695550ea94201d0e31/element - {"using":"xpath","value":"//div[contains(@id, 'application-manageconditionprice-display-component---conditions--smartFilterBar-filterItemControl_BASIC-BILL_TYPES-valueHelpDialog-table-rowsel0')]"}
RESULT: {"using":"xpath","value":"//div[contains(@id, 'application-manageconditionprice-display-component---conditions--smartFilterBar-filterItemControl_BASIC-BILL_TYPES-valueHelpDialog-table-rowsel0')]"}
COMMAND: POST /session/d3cdda6f06e006695550ea94201d0e31/element/f.CF3EA173C6DD6742E6FF2C1FCC3ADAA5.d.B65054D79B60D63B34CAC4E03BA72693.e.3718/click - {}
RESULT: {}
COMMAND: GET /session/d3cdda6f06e006695550ea94201d0e31/screenshot - {}
RESULT: {}
COMMAND: POST /session/d3cdda6f06e006695550ea94201d0e31/element - {"using":"xpath","value":"//bdi[contains(text(), \"OK\")]"}
RESULT: {"using":"xpath","value":"//bdi[contains(text(), \"OK\")]"}
COMMAND: POST /session/d3cdda6f06e006695550ea94201d0e31/element/f.CF3EA173C6DD6742E6FF2C1FCC3ADAA5.d.B65054D79B60D63B34CAC4E03BA72693.e.3720/click - {}
RESULT: {}
COMMAND: GET /session/d3cdda6f06e006695550ea94201d0e31/screenshot - {}
RESULT: {}
COMMAND: POST /session/d3cdda6f06e006695550ea94201d0e31/element - {"using":"xpath","value":"//span[@id=\"application-manageconditionprice-display-component---conditions--smartTable-header-inner\"]"}
RESULT: {"using":"xpath","value":"//span[@id=\"application-manageconditionprice-display-component---conditions--smartTable-header-inner\"]"}
COMMAND: POST /session/d3cdda6f06e006695550ea94201d0e31/elements - {"using":"xpath","value":"//span[@id=\"application-manageconditionprice-display-component---conditions--smartTable-header-inner\"]"}
RESULT: {"using":"xpath","value":"//span[@id=\"application-manageconditionprice-display-component---conditions--smartTable-header-inner\"]"}
COMMAND: POST /session/d3cdda6f06e006695550ea94201d0e31/execute/sync - {"script":"<script> [56 bytes]","args":[{"element-6066-11e4-a52e-4f735466cecf":"f.CF3EA173C6DD6742E6FF2C1FCC3ADAA5.d.B65054D79B60D63B34CAC4E03BA72693.e.3723","ELEMENT":"f.CF3EA173C6DD6742E6FF2C1FCC3ADAA5.d.B65054D79B60D63B34CAC4E03BA72693.e.3723"}]}
RESULT: {"script":"<script> [56 bytes]","args":[{"element-6066-11e4-a52e-4f735466cecf":"f.CF3EA173C6DD6742E6FF2C1FCC3ADAA5.d.B65054D79B60D63B34CAC4E03BA72693.e.3723","ELEMENT":"f.CF3EA173C6DD6742E6FF2C1FCC3ADAA5.d.B65054D79B60D63B34CAC4E03BA72693.e.3723"}]}
COMMAND: POST /session/d3cdda6f06e006695550ea94201d0e31/element - {"using":"css selector","value":"#shell-header-logo"}
COMMAND: GET /session/d3cdda6f06e006695550ea94201d0e31/screenshot - {}
RESULT: {"using":"css selector","value":"#shell-header-logo"}
COMMAND: POST /session/d3cdda6f06e006695550ea94201d0e31/element/f.CF3EA173C6DD6742E6FF2C1FCC3ADAA5.d.B65054D79B60D63B34CAC4E03BA72693.e.3444/click - {}
RESULT: {}
RESULT: {}
COMMAND: GET /session/d3cdda6f06e006695550ea94201d0e31/screenshot - {}
RESULT: {}
]]></system-out>
    </testcase>
    <testcase classname="chrome.136_0_7103_93.windows.Billing_confirm_US117289" name="Should do a stock increase" time="83.938">
      <system-out><![CDATA[
COMMAND: POST /session/d3cdda6f06e006695550ea94201d0e31/execute/async - {"script":"<script> [1562 bytes]","args":[{"selector":{"controlType":"sap.m.GenericTile","properties":{"header":"Manage Handovers"}},"wdio_ui5_key":"sapm.GenericTile{\"header\":\"Manage Handovers\"}"}]}
RESULT: {"script":"<script> [1562 bytes]","args":[{"selector":{"controlType":"sap.m.GenericTile","properties":{"header":"Manage Handovers"}},"wdio_ui5_key":"sapm.GenericTile{\"header\":\"Manage Handovers\"}"}]}
RESULT: undefined
COMMAND: POST /session/d3cdda6f06e006695550ea94201d0e31/element - {"using":"xpath","value":"//*[@id=\"__tile130\"]"}
RESULT: {"using":"xpath","value":"//*[@id=\"__tile130\"]"}
COMMAND: POST /session/d3cdda6f06e006695550ea94201d0e31/element/f.CF3EA173C6DD6742E6FF2C1FCC3ADAA5.d.B65054D79B60D63B34CAC4E03BA72693.e.230/click - {}
RESULT: {}
COMMAND: GET /session/d3cdda6f06e006695550ea94201d0e31/screenshot - {}
RESULT: {}
COMMAND: POST /session/d3cdda6f06e006695550ea94201d0e31/elements - {"using":"xpath","value":"//span[text()='Error']"}
RESULT: {"using":"xpath","value":"//span[text()='Error']"}
COMMAND: POST /session/d3cdda6f06e006695550ea94201d0e31/element - {"using":"xpath","value":"//button[@data-kt=\"masterHOAddButton\"]"}
RESULT: {"using":"xpath","value":"//button[@data-kt=\"masterHOAddButton\"]"}
COMMAND: POST /session/d3cdda6f06e006695550ea94201d0e31/elements - {"using":"xpath","value":"//button[@data-kt=\"masterHOAddButton\"]"}
RESULT: {"using":"xpath","value":"//button[@data-kt=\"masterHOAddButton\"]"}
COMMAND: POST /session/d3cdda6f06e006695550ea94201d0e31/execute/sync - {"script":"<script> [8489 bytes]","args":[{"element-6066-11e4-a52e-4f735466cecf":"f.CF3EA173C6DD6742E6FF2C1FCC3ADAA5.d.B65054D79B60D63B34CAC4E03BA72693.e.3758","ELEMENT":"f.CF3EA173C6DD6742E6FF2C1FCC3ADAA5.d.B65054D79B60D63B34CAC4E03BA72693.e.3758"}]}
RESULT: {"script":"<script> [8489 bytes]","args":[{"element-6066-11e4-a52e-4f735466cecf":"f.CF3EA173C6DD6742E6FF2C1FCC3ADAA5.d.B65054D79B60D63B34CAC4E03BA72693.e.3758","ELEMENT":"f.CF3EA173C6DD6742E6FF2C1FCC3ADAA5.d.B65054D79B60D63B34CAC4E03BA72693.e.3758"}]}
COMMAND: GET /session/d3cdda6f06e006695550ea94201d0e31/element/f.CF3EA173C6DD6742E6FF2C1FCC3ADAA5.d.B65054D79B60D63B34CAC4E03BA72693.e.3758/enabled - {}
COMMAND: GET /session/d3cdda6f06e006695550ea94201d0e31/screenshot - {}
RESULT: {}
COMMAND: POST /session/d3cdda6f06e006695550ea94201d0e31/execute/sync - {"script":"<script> [8489 bytes]","args":[{"element-6066-11e4-a52e-4f735466cecf":"f.CF3EA173C6DD6742E6FF2C1FCC3ADAA5.d.B65054D79B60D63B34CAC4E03BA72693.e.3758","ELEMENT":"f.CF3EA173C6DD6742E6FF2C1FCC3ADAA5.d.B65054D79B60D63B34CAC4E03BA72693.e.3758"}]}
COMMAND: GET /session/d3cdda6f06e006695550ea94201d0e31/screenshot - {}
RESULT: {}
RESULT: {"script":"<script> [8489 bytes]","args":[{"element-6066-11e4-a52e-4f735466cecf":"f.CF3EA173C6DD6742E6FF2C1FCC3ADAA5.d.B65054D79B60D63B34CAC4E03BA72693.e.3758","ELEMENT":"f.CF3EA173C6DD6742E6FF2C1FCC3ADAA5.d.B65054D79B60D63B34CAC4E03BA72693.e.3758"}]}
COMMAND: POST /session/d3cdda6f06e006695550ea94201d0e31/execute/sync - {"script":"<script> [5351 bytes]","args":[{"element-6066-11e4-a52e-4f735466cecf":"f.CF3EA173C6DD6742E6FF2C1FCC3ADAA5.d.B65054D79B60D63B34CAC4E03BA72693.e.3758","ELEMENT":"f.CF3EA173C6DD6742E6FF2C1FCC3ADAA5.d.B65054D79B60D63B34CAC4E03BA72693.e.3758"}]}
COMMAND: GET /session/d3cdda6f06e006695550ea94201d0e31/screenshot - {}
RESULT: {}
RESULT: {"script":"<script> [5351 bytes]","args":[{"element-6066-11e4-a52e-4f735466cecf":"f.CF3EA173C6DD6742E6FF2C1FCC3ADAA5.d.B65054D79B60D63B34CAC4E03BA72693.e.3758","ELEMENT":"f.CF3EA173C6DD6742E6FF2C1FCC3ADAA5.d.B65054D79B60D63B34CAC4E03BA72693.e.3758"}]}
COMMAND: POST /session/d3cdda6f06e006695550ea94201d0e31/element/f.CF3EA173C6DD6742E6FF2C1FCC3ADAA5.d.B65054D79B60D63B34CAC4E03BA72693.e.3758/click - {}
COMMAND: GET /session/d3cdda6f06e006695550ea94201d0e31/screenshot - {}
RESULT: {}
RESULT: {}
COMMAND: GET /session/d3cdda6f06e006695550ea94201d0e31/screenshot - {}
RESULT: {}
RESULT: {}
COMMAND: POST /session/d3cdda6f06e006695550ea94201d0e31/element - {"using":"xpath","value":"//span[contains(@id ,\"AddNewHO--typeSelect-arrow\")]"}
RESULT: {"using":"xpath","value":"//span[contains(@id ,\"AddNewHO--typeSelect-arrow\")]"}
COMMAND: POST /session/d3cdda6f06e006695550ea94201d0e31/element/f.CF3EA173C6DD6742E6FF2C1FCC3ADAA5.d.B65054D79B60D63B34CAC4E03BA72693.e.4126/click - {}
RESULT: {}
COMMAND: GET /session/d3cdda6f06e006695550ea94201d0e31/screenshot - {}
RESULT: {}
COMMAND: POST /session/d3cdda6f06e006695550ea94201d0e31/element - {"using":"xpath","value":"(//li[contains(text(), \"stock increase yard\")])[1]"}
RESULT: {"using":"xpath","value":"(//li[contains(text(), \"stock increase yard\")])[1]"}
COMMAND: POST /session/d3cdda6f06e006695550ea94201d0e31/element/f.CF3EA173C6DD6742E6FF2C1FCC3ADAA5.d.B65054D79B60D63B34CAC4E03BA72693.e.4127/click - {}
RESULT: {}
COMMAND: GET /session/d3cdda6f06e006695550ea94201d0e31/screenshot - {}
RESULT: {}
COMMAND: POST /session/d3cdda6f06e006695550ea94201d0e31/execute/async - {"script":"<script> [1562 bytes]","args":[{"selector":{"id":"application-managehandovers-display-component---AddNewHO--dueDate","interaction":{"idSuffix":"inner"}},"wdio_ui5_key":"applicationmanagehandovers-display-component---AddNewHO--dueDate"}]}
RESULT: {"script":"<script> [1562 bytes]","args":[{"selector":{"id":"application-managehandovers-display-component---AddNewHO--dueDate","interaction":{"idSuffix":"inner"}},"wdio_ui5_key":"applicationmanagehandovers-display-component---AddNewHO--dueDate"}]}
RESULT: undefined
COMMAND: POST /session/d3cdda6f06e006695550ea94201d0e31/execute/async - {"script":"<script> [6424 bytes]","args":[{"element-6066-11e4-a52e-4f735466cecf":"f.CF3EA173C6DD6742E6FF2C1FCC3ADAA5.d.B65054D79B60D63B34CAC4E03BA72693.e.4129"},"setValue",["5/21/25"]]}
RESULT: {"script":"<script> [6424 bytes]","args":[{"element-6066-11e4-a52e-4f735466cecf":"f.CF3EA173C6DD6742E6FF2C1FCC3ADAA5.d.B65054D79B60D63B34CAC4E03BA72693.e.4129"},"setValue",["5/21/25"]]}
COMMAND: POST /session/d3cdda6f06e006695550ea94201d0e31/element - {"using":"xpath","value":"//input[@id=\"generalSectionFrg--receiveYard-inner\"]"}
RESULT: {"using":"xpath","value":"//input[@id=\"generalSectionFrg--receiveYard-inner\"]"}
COMMAND: POST /session/d3cdda6f06e006695550ea94201d0e31/element/f.CF3EA173C6DD6742E6FF2C1FCC3ADAA5.d.B65054D79B60D63B34CAC4E03BA72693.e.4133/clear - {}
RESULT: {}
COMMAND: POST /session/d3cdda6f06e006695550ea94201d0e31/element/f.CF3EA173C6DD6742E6FF2C1FCC3ADAA5.d.B65054D79B60D63B34CAC4E03BA72693.e.4133/value - {"text":"619"}
COMMAND: GET /session/d3cdda6f06e006695550ea94201d0e31/screenshot - {}
RESULT: {"text":"619"}
COMMAND: GET /session/d3cdda6f06e006695550ea94201d0e31/screenshot - {}
RESULT: {}
RESULT: {}
COMMAND: POST /session/d3cdda6f06e006695550ea94201d0e31/element - {"using":"xpath","value":"//li[.//span[text()='619']]"}
RESULT: {"using":"xpath","value":"//li[.//span[text()='619']]"}
COMMAND: POST /session/d3cdda6f06e006695550ea94201d0e31/element/f.CF3EA173C6DD6742E6FF2C1FCC3ADAA5.d.B65054D79B60D63B34CAC4E03BA72693.e.4151/click - {}
RESULT: {}
COMMAND: GET /session/d3cdda6f06e006695550ea94201d0e31/screenshot - {}
RESULT: {}
COMMAND: POST /session/d3cdda6f06e006695550ea94201d0e31/execute/async - {"script":"<script> [1562 bytes]","args":[{"selector":{"id":"application-managehandovers-display-component---AddNewHO--ObjectPageLayout-anchBar-application-managehandovers-display-component---AddNewHO--section4-anchor","interaction":{"idSuffix":"BDI-content"}},"wdio_ui5_key":"applicationmanagehandovers-display-component---AddNewHO--ObjectPageLayout-anchBar-application-managehandovers-display-component---AddNewHO--section4-anchor"}]}
RESULT: {"script":"<script> [1562 bytes]","args":[{"selector":{"id":"application-managehandovers-display-component---AddNewHO--ObjectPageLayout-anchBar-application-managehandovers-display-component---AddNewHO--section4-anchor","interaction":{"idSuffix":"BDI-content"}},"wdio_ui5_key":"applicationmanagehandovers-display-component---AddNewHO--ObjectPageLayout-anchBar-application-managehandovers-display-component---AddNewHO--section4-anchor"}]}
RESULT: undefined
COMMAND: POST /session/d3cdda6f06e006695550ea94201d0e31/element - {"using":"xpath","value":"//*[@id=\"application-managehandovers-display-component---AddNewHO--ObjectPageLayout-anchBar-application-managehandovers-display-component---AddNewHO--section4-anchor\"]"}
RESULT: {"using":"xpath","value":"//*[@id=\"application-managehandovers-display-component---AddNewHO--ObjectPageLayout-anchBar-application-managehandovers-display-component---AddNewHO--section4-anchor\"]"}
COMMAND: POST /session/d3cdda6f06e006695550ea94201d0e31/element/f.CF3EA173C6DD6742E6FF2C1FCC3ADAA5.d.B65054D79B60D63B34CAC4E03BA72693.e.4153/click - {}
RESULT: {}
COMMAND: POST /session/d3cdda6f06e006695550ea94201d0e31/element - {"using":"xpath","value":"//button[@aria-label=\"Add\"]"}
COMMAND: GET /session/d3cdda6f06e006695550ea94201d0e31/screenshot - {}
RESULT: {}
RESULT: {"using":"xpath","value":"//button[@aria-label=\"Add\"]"}
COMMAND: POST /session/d3cdda6f06e006695550ea94201d0e31/element/f.CF3EA173C6DD6742E6FF2C1FCC3ADAA5.d.B65054D79B60D63B34CAC4E03BA72693.e.4155/click - {}
RESULT: {}
COMMAND: GET /session/d3cdda6f06e006695550ea94201d0e31/screenshot - {}
RESULT: {}
COMMAND: POST /session/d3cdda6f06e006695550ea94201d0e31/execute/async - {"script":"<script> [1562 bytes]","args":[{"selector":{"id":"application-managehandovers-display-component---AddNewHO--smartFilterBar-btnBasicSearch","searchOpenDialogs":true,"interaction":{"idSuffix":"I"}},"wdio_ui5_key":"applicationmanagehandovers-display-component---AddNewHO--smartFilterBar-btnBasicSearch"}]}
RESULT: {"script":"<script> [1562 bytes]","args":[{"selector":{"id":"application-managehandovers-display-component---AddNewHO--smartFilterBar-btnBasicSearch","searchOpenDialogs":true,"interaction":{"idSuffix":"I"}},"wdio_ui5_key":"applicationmanagehandovers-display-component---AddNewHO--smartFilterBar-btnBasicSearch"}]}
RESULT: undefined
COMMAND: POST /session/d3cdda6f06e006695550ea94201d0e31/execute/async - {"script":"<script> [776 bytes]","args":[{"enterText":"kcIguuNL1r","selector":{"id":"application-managehandovers-display-component---AddNewHO--smartFilterBar-btnBasicSearch","searchOpenDialogs":true,"interaction":{"idSuffix":"I"}},"clearTextFirst":true,"interactionType":"ENTER_TEXT"}]}
RESULT: {"script":"<script> [776 bytes]","args":[{"enterText":"kcIguuNL1r","selector":{"id":"application-managehandovers-display-component---AddNewHO--smartFilterBar-btnBasicSearch","searchOpenDialogs":true,"interaction":{"idSuffix":"I"}},"clearTextFirst":true,"interactionType":"ENTER_TEXT"}]}
COMMAND: POST /session/d3cdda6f06e006695550ea94201d0e31/actions - {"actions":[{"id":"action17","type":"key","parameters":{},"actions":[{"type":"keyDown","value":"î€‡"},{"type":"pause","duration":10},{"type":"keyUp","value":"î€‡"}]}]}
RESULT: {"actions":[{"id":"action17","type":"key","parameters":{},"actions":[{"type":"keyDown","value":"î€‡"},{"type":"pause","duration":10},{"type":"keyUp","value":"î€‡"}]}]}
COMMAND: GET /session/d3cdda6f06e006695550ea94201d0e31/screenshot - {}
RESULT: {}
COMMAND: POST /session/d3cdda6f06e006695550ea94201d0e31/execute/async - {"script":"<script> [1562 bytes]","args":[{"selector":{"id":"application-managehandovers-display-component---AddNewHO--popup-sa","searchOpenDialogs":true,"interaction":{"idSuffix":"CbBg"}},"wdio_ui5_key":"applicationmanagehandovers-display-component---AddNewHO--popup-sa"}]}
RESULT: {"script":"<script> [1562 bytes]","args":[{"selector":{"id":"application-managehandovers-display-component---AddNewHO--popup-sa","searchOpenDialogs":true,"interaction":{"idSuffix":"CbBg"}},"wdio_ui5_key":"applicationmanagehandovers-display-component---AddNewHO--popup-sa"}]}
RESULT: undefined
COMMAND: POST /session/d3cdda6f06e006695550ea94201d0e31/element - {"using":"xpath","value":"//*[@id=\"application-managehandovers-display-component---AddNewHO--popup-sa\"]"}
RESULT: {"using":"xpath","value":"//*[@id=\"application-managehandovers-display-component---AddNewHO--popup-sa\"]"}
COMMAND: POST /session/d3cdda6f06e006695550ea94201d0e31/element/f.CF3EA173C6DD6742E6FF2C1FCC3ADAA5.d.B65054D79B60D63B34CAC4E03BA72693.e.4308/click - {}
RESULT: {}
COMMAND: GET /session/d3cdda6f06e006695550ea94201d0e31/screenshot - {}
RESULT: {}
COMMAND: POST /session/d3cdda6f06e006695550ea94201d0e31/element - {"using":"xpath","value":"//bdi[contains(text(), \"Select\")]"}
RESULT: {"using":"xpath","value":"//bdi[contains(text(), \"Select\")]"}
COMMAND: POST /session/d3cdda6f06e006695550ea94201d0e31/element/f.CF3EA173C6DD6742E6FF2C1FCC3ADAA5.d.B65054D79B60D63B34CAC4E03BA72693.e.4309/click - {}
RESULT: {}
COMMAND: GET /session/d3cdda6f06e006695550ea94201d0e31/screenshot - {}
RESULT: {}
COMMAND: POST /session/d3cdda6f06e006695550ea94201d0e31/element - {"using":"xpath","value":"//button[@data-kt=\"AddNewHOSaveButton\"]"}
RESULT: {"using":"xpath","value":"//button[@data-kt=\"AddNewHOSaveButton\"]"}
COMMAND: POST /session/d3cdda6f06e006695550ea94201d0e31/element/f.CF3EA173C6DD6742E6FF2C1FCC3ADAA5.d.B65054D79B60D63B34CAC4E03BA72693.e.4313/click - {}
RESULT: {}
COMMAND: GET /session/d3cdda6f06e006695550ea94201d0e31/screenshot - {}
RESULT: {}
COMMAND: POST /session/d3cdda6f06e006695550ea94201d0e31/execute/async - {"script":"<script> [1562 bytes]","args":[{"selector":{"id":"receiptDatePicker","viewName":"etm.portal.ui.managehandovers.view.DetailExecuteHO","interaction":{"idSuffix":"inner"}},"wdio_ui5_key":"receiptDatePickeretmportal.ui.managehandovers.view.DetailExecuteHO"}]}
RESULT: {"script":"<script> [1562 bytes]","args":[{"selector":{"id":"receiptDatePicker","viewName":"etm.portal.ui.managehandovers.view.DetailExecuteHO","interaction":{"idSuffix":"inner"}},"wdio_ui5_key":"receiptDatePickeretmportal.ui.managehandovers.view.DetailExecuteHO"}]}
RESULT: undefined
COMMAND: POST /session/d3cdda6f06e006695550ea94201d0e31/execute/async - {"script":"<script> [6424 bytes]","args":[{"element-6066-11e4-a52e-4f735466cecf":"f.CF3EA173C6DD6742E6FF2C1FCC3ADAA5.d.B65054D79B60D63B34CAC4E03BA72693.e.4325"},"setValue",["5/21/25"]]}
RESULT: {"script":"<script> [6424 bytes]","args":[{"element-6066-11e4-a52e-4f735466cecf":"f.CF3EA173C6DD6742E6FF2C1FCC3ADAA5.d.B65054D79B60D63B34CAC4E03BA72693.e.4325"},"setValue",["5/21/25"]]}
COMMAND: POST /session/d3cdda6f06e006695550ea94201d0e31/element - {"using":"xpath","value":"//button[@data-kt=\"PickingTableConfirmAllButton\"]"}
RESULT: {"using":"xpath","value":"//button[@data-kt=\"PickingTableConfirmAllButton\"]"}
COMMAND: POST /session/d3cdda6f06e006695550ea94201d0e31/element/f.CF3EA173C6DD6742E6FF2C1FCC3ADAA5.d.B65054D79B60D63B34CAC4E03BA72693.e.4347/click - {}
RESULT: {}
COMMAND: GET /session/d3cdda6f06e006695550ea94201d0e31/screenshot - {}
RESULT: {}
COMMAND: POST /session/d3cdda6f06e006695550ea94201d0e31/element - {"using":"xpath","value":"//bdi[contains(text(), \"OK\")]"}
RESULT: {"using":"xpath","value":"//bdi[contains(text(), \"OK\")]"}
COMMAND: POST /session/d3cdda6f06e006695550ea94201d0e31/element/f.CF3EA173C6DD6742E6FF2C1FCC3ADAA5.d.B65054D79B60D63B34CAC4E03BA72693.e.4349/click - {}
RESULT: {}
COMMAND: GET /session/d3cdda6f06e006695550ea94201d0e31/screenshot - {}
RESULT: {}
COMMAND: POST /session/d3cdda6f06e006695550ea94201d0e31/element - {"using":"xpath","value":"(//bdi[contains(text(), \"Receive\")])[2]"}
RESULT: {"using":"xpath","value":"(//bdi[contains(text(), \"Receive\")])[2]"}
COMMAND: POST /session/d3cdda6f06e006695550ea94201d0e31/element/f.CF3EA173C6DD6742E6FF2C1FCC3ADAA5.d.B65054D79B60D63B34CAC4E03BA72693.e.4351/click - {}
RESULT: {}
COMMAND: GET /session/d3cdda6f06e006695550ea94201d0e31/screenshot - {}
RESULT: {}
COMMAND: POST /session/d3cdda6f06e006695550ea94201d0e31/element - {"using":"css selector","value":"#shell-header-logo"}
RESULT: {"using":"css selector","value":"#shell-header-logo"}
COMMAND: POST /session/d3cdda6f06e006695550ea94201d0e31/element/f.CF3EA173C6DD6742E6FF2C1FCC3ADAA5.d.B65054D79B60D63B34CAC4E03BA72693.e.3730/click - {}
RESULT: {}
COMMAND: GET /session/d3cdda6f06e006695550ea94201d0e31/screenshot - {}
RESULT: {}
]]></system-out>
    </testcase>
    <testcase classname="chrome.136_0_7103_93.windows.Billing_confirm_US117289" name="Should create a new contract" time="58.168">
      <system-out><![CDATA[
COMMAND: POST /session/d3cdda6f06e006695550ea94201d0e31/execute/async - {"script":"<script> [1562 bytes]","args":[{"selector":{"controlType":"sap.m.GenericTile","properties":{"header":"Manage Contracts"}},"wdio_ui5_key":"sapm.GenericTile{\"header\":\"Manage Contracts\"}"}]}
RESULT: {"script":"<script> [1562 bytes]","args":[{"selector":{"controlType":"sap.m.GenericTile","properties":{"header":"Manage Contracts"}},"wdio_ui5_key":"sapm.GenericTile{\"header\":\"Manage Contracts\"}"}]}
RESULT: undefined
COMMAND: POST /session/d3cdda6f06e006695550ea94201d0e31/element - {"using":"xpath","value":"//*[@id=\"__tile132\"]"}
RESULT: {"using":"xpath","value":"//*[@id=\"__tile132\"]"}
COMMAND: POST /session/d3cdda6f06e006695550ea94201d0e31/element/f.CF3EA173C6DD6742E6FF2C1FCC3ADAA5.d.B65054D79B60D63B34CAC4E03BA72693.e.161/click - {}
RESULT: {}
COMMAND: GET /session/d3cdda6f06e006695550ea94201d0e31/screenshot - {}
RESULT: {}
COMMAND: POST /session/d3cdda6f06e006695550ea94201d0e31/elements - {"using":"xpath","value":"//span[text()='Error']"}
RESULT: {"using":"xpath","value":"//span[text()='Error']"}
COMMAND: POST /session/d3cdda6f06e006695550ea94201d0e31/element - {"using":"xpath","value":"//button[@data-kt=\"addButton\"]"}
RESULT: {"using":"xpath","value":"//button[@data-kt=\"addButton\"]"}
COMMAND: POST /session/d3cdda6f06e006695550ea94201d0e31/elements - {"using":"xpath","value":"//button[@data-kt=\"addButton\"]"}
RESULT: {"using":"xpath","value":"//button[@data-kt=\"addButton\"]"}
COMMAND: POST /session/d3cdda6f06e006695550ea94201d0e31/execute/sync - {"script":"<script> [8489 bytes]","args":[{"element-6066-11e4-a52e-4f735466cecf":"f.CF3EA173C6DD6742E6FF2C1FCC3ADAA5.d.B65054D79B60D63B34CAC4E03BA72693.e.4574","ELEMENT":"f.CF3EA173C6DD6742E6FF2C1FCC3ADAA5.d.B65054D79B60D63B34CAC4E03BA72693.e.4574"}]}
RESULT: {"script":"<script> [8489 bytes]","args":[{"element-6066-11e4-a52e-4f735466cecf":"f.CF3EA173C6DD6742E6FF2C1FCC3ADAA5.d.B65054D79B60D63B34CAC4E03BA72693.e.4574","ELEMENT":"f.CF3EA173C6DD6742E6FF2C1FCC3ADAA5.d.B65054D79B60D63B34CAC4E03BA72693.e.4574"}]}
COMMAND: GET /session/d3cdda6f06e006695550ea94201d0e31/element/f.CF3EA173C6DD6742E6FF2C1FCC3ADAA5.d.B65054D79B60D63B34CAC4E03BA72693.e.4574/enabled - {}
COMMAND: GET /session/d3cdda6f06e006695550ea94201d0e31/screenshot - {}
RESULT: {}
COMMAND: POST /session/d3cdda6f06e006695550ea94201d0e31/execute/sync - {"script":"<script> [8489 bytes]","args":[{"element-6066-11e4-a52e-4f735466cecf":"f.CF3EA173C6DD6742E6FF2C1FCC3ADAA5.d.B65054D79B60D63B34CAC4E03BA72693.e.4574","ELEMENT":"f.CF3EA173C6DD6742E6FF2C1FCC3ADAA5.d.B65054D79B60D63B34CAC4E03BA72693.e.4574"}]}
COMMAND: GET /session/d3cdda6f06e006695550ea94201d0e31/screenshot - {}
RESULT: {}
RESULT: {"script":"<script> [8489 bytes]","args":[{"element-6066-11e4-a52e-4f735466cecf":"f.CF3EA173C6DD6742E6FF2C1FCC3ADAA5.d.B65054D79B60D63B34CAC4E03BA72693.e.4574","ELEMENT":"f.CF3EA173C6DD6742E6FF2C1FCC3ADAA5.d.B65054D79B60D63B34CAC4E03BA72693.e.4574"}]}
COMMAND: POST /session/d3cdda6f06e006695550ea94201d0e31/execute/sync - {"script":"<script> [5351 bytes]","args":[{"element-6066-11e4-a52e-4f735466cecf":"f.CF3EA173C6DD6742E6FF2C1FCC3ADAA5.d.B65054D79B60D63B34CAC4E03BA72693.e.4574","ELEMENT":"f.CF3EA173C6DD6742E6FF2C1FCC3ADAA5.d.B65054D79B60D63B34CAC4E03BA72693.e.4574"}]}
COMMAND: GET /session/d3cdda6f06e006695550ea94201d0e31/screenshot - {}
RESULT: {}
RESULT: {"script":"<script> [5351 bytes]","args":[{"element-6066-11e4-a52e-4f735466cecf":"f.CF3EA173C6DD6742E6FF2C1FCC3ADAA5.d.B65054D79B60D63B34CAC4E03BA72693.e.4574","ELEMENT":"f.CF3EA173C6DD6742E6FF2C1FCC3ADAA5.d.B65054D79B60D63B34CAC4E03BA72693.e.4574"}]}
COMMAND: GET /session/d3cdda6f06e006695550ea94201d0e31/screenshot - {}
RESULT: {}
RESULT: {}
COMMAND: POST /session/d3cdda6f06e006695550ea94201d0e31/element/f.CF3EA173C6DD6742E6FF2C1FCC3ADAA5.d.B65054D79B60D63B34CAC4E03BA72693.e.4574/click - {}
RESULT: {}
COMMAND: GET /session/d3cdda6f06e006695550ea94201d0e31/screenshot - {}
RESULT: {}
COMMAND: POST /session/d3cdda6f06e006695550ea94201d0e31/execute/async - {"script":"<script> [1562 bytes]","args":[{"selector":{"id":"application-managecontracts-display-component---AddNewContract--projectDescription","interaction":{"idSuffix":"inner"}},"wdio_ui5_key":"applicationmanagecontracts-display-component---AddNewContract--projectDescription"}]}
RESULT: {"script":"<script> [1562 bytes]","args":[{"selector":{"id":"application-managecontracts-display-component---AddNewContract--projectDescription","interaction":{"idSuffix":"inner"}},"wdio_ui5_key":"applicationmanagecontracts-display-component---AddNewContract--projectDescription"}]}
RESULT: undefined
COMMAND: POST /session/d3cdda6f06e006695550ea94201d0e31/execute/async - {"script":"<script> [776 bytes]","args":[{"enterText":"Contract WDIO","selector":{"id":"application-managecontracts-display-component---AddNewContract--projectDescription","interaction":{"idSuffix":"inner"}},"clearTextFirst":true,"interactionType":"ENTER_TEXT"}]}
RESULT: {"script":"<script> [776 bytes]","args":[{"enterText":"Contract WDIO","selector":{"id":"application-managecontracts-display-component---AddNewContract--projectDescription","interaction":{"idSuffix":"inner"}},"clearTextFirst":true,"interactionType":"ENTER_TEXT"}]}
COMMAND: POST /session/d3cdda6f06e006695550ea94201d0e31/element - {"using":"xpath","value":"//input[@id=\"application-managecontracts-display-component---AddNewContract--site-inner\"]"}
RESULT: {"using":"xpath","value":"//input[@id=\"application-managecontracts-display-component---AddNewContract--site-inner\"]"}
COMMAND: POST /session/d3cdda6f06e006695550ea94201d0e31/element/f.CF3EA173C6DD6742E6FF2C1FCC3ADAA5.d.B65054D79B60D63B34CAC4E03BA72693.e.4926/clear - {}
RESULT: {}
COMMAND: POST /session/d3cdda6f06e006695550ea94201d0e31/element/f.CF3EA173C6DD6742E6FF2C1FCC3ADAA5.d.B65054D79B60D63B34CAC4E03BA72693.e.4926/value - {"text":"2323"}
COMMAND: GET /session/d3cdda6f06e006695550ea94201d0e31/screenshot - {}
RESULT: {"text":"2323"}
COMMAND: GET /session/d3cdda6f06e006695550ea94201d0e31/screenshot - {}
RESULT: {}
RESULT: {}
COMMAND: POST /session/d3cdda6f06e006695550ea94201d0e31/element - {"using":"xpath","value":"//li[.//span[text()='2323']]"}
RESULT: {"using":"xpath","value":"//li[.//span[text()='2323']]"}
COMMAND: POST /session/d3cdda6f06e006695550ea94201d0e31/element/f.CF3EA173C6DD6742E6FF2C1FCC3ADAA5.d.B65054D79B60D63B34CAC4E03BA72693.e.4959/click - {}
RESULT: {}
COMMAND: GET /session/d3cdda6f06e006695550ea94201d0e31/screenshot - {}
RESULT: {}
COMMAND: POST /session/d3cdda6f06e006695550ea94201d0e31/element - {"using":"xpath","value":"//input[@id=\"application-managecontracts-display-component---AddNewContract--yardId-inner\"]"}
RESULT: {"using":"xpath","value":"//input[@id=\"application-managecontracts-display-component---AddNewContract--yardId-inner\"]"}
COMMAND: GET /session/d3cdda6f06e006695550ea94201d0e31/element/f.CF3EA173C6DD6742E6FF2C1FCC3ADAA5.d.B65054D79B60D63B34CAC4E03BA72693.e.4927/property/value - {}
RESULT: {}
COMMAND: POST /session/d3cdda6f06e006695550ea94201d0e31/element - {"using":"xpath","value":"//input[@id=\"application-managecontracts-display-component---AddNewContract--customerSelect-inner\"]"}
COMMAND: GET /session/d3cdda6f06e006695550ea94201d0e31/screenshot - {}
RESULT: {"using":"xpath","value":"//input[@id=\"application-managecontracts-display-component---AddNewContract--customerSelect-inner\"]"}
COMMAND: POST /session/d3cdda6f06e006695550ea94201d0e31/element/f.CF3EA173C6DD6742E6FF2C1FCC3ADAA5.d.B65054D79B60D63B34CAC4E03BA72693.e.4925/clear - {}
RESULT: {}
RESULT: {}
COMMAND: POST /session/d3cdda6f06e006695550ea94201d0e31/element/f.CF3EA173C6DD6742E6FF2C1FCC3ADAA5.d.B65054D79B60D63B34CAC4E03BA72693.e.4925/value - {"text":"1389"}
COMMAND: GET /session/d3cdda6f06e006695550ea94201d0e31/screenshot - {}
RESULT: {"text":"1389"}
COMMAND: GET /session/d3cdda6f06e006695550ea94201d0e31/screenshot - {}
RESULT: {}
RESULT: {}
COMMAND: POST /session/d3cdda6f06e006695550ea94201d0e31/element - {"using":"xpath","value":"//li[.//span[text()='1389']]"}
RESULT: {"using":"xpath","value":"//li[.//span[text()='1389']]"}
COMMAND: POST /session/d3cdda6f06e006695550ea94201d0e31/element/f.CF3EA173C6DD6742E6FF2C1FCC3ADAA5.d.B65054D79B60D63B34CAC4E03BA72693.e.4962/click - {}
RESULT: {}
COMMAND: GET /session/d3cdda6f06e006695550ea94201d0e31/screenshot - {}
RESULT: {}
COMMAND: POST /session/d3cdda6f06e006695550ea94201d0e31/element - {"using":"xpath","value":"//button[@data-kt=\"saveButton\"]"}
RESULT: {"using":"xpath","value":"//button[@data-kt=\"saveButton\"]"}
COMMAND: POST /session/d3cdda6f06e006695550ea94201d0e31/element/f.CF3EA173C6DD6742E6FF2C1FCC3ADAA5.d.B65054D79B60D63B34CAC4E03BA72693.e.4963/click - {}
RESULT: {}
COMMAND: GET /session/d3cdda6f06e006695550ea94201d0e31/screenshot - {}
RESULT: {}
COMMAND: POST /session/d3cdda6f06e006695550ea94201d0e31/element - {"using":"xpath","value":"//span[contains(@id ,\"contractDetailTitleNoExpanded\")]"}
RESULT: {"using":"xpath","value":"//span[contains(@id ,\"contractDetailTitleNoExpanded\")]"}
COMMAND: POST /session/d3cdda6f06e006695550ea94201d0e31/elements - {"using":"xpath","value":"//span[contains(@id ,\"contractDetailTitleNoExpanded\")]"}
RESULT: {"using":"xpath","value":"//span[contains(@id ,\"contractDetailTitleNoExpanded\")]"}
COMMAND: POST /session/d3cdda6f06e006695550ea94201d0e31/execute/sync - {"script":"<script> [56 bytes]","args":[{"element-6066-11e4-a52e-4f735466cecf":"f.CF3EA173C6DD6742E6FF2C1FCC3ADAA5.d.B65054D79B60D63B34CAC4E03BA72693.e.5035","ELEMENT":"f.CF3EA173C6DD6742E6FF2C1FCC3ADAA5.d.B65054D79B60D63B34CAC4E03BA72693.e.5035"}]}
RESULT: {"script":"<script> [56 bytes]","args":[{"element-6066-11e4-a52e-4f735466cecf":"f.CF3EA173C6DD6742E6FF2C1FCC3ADAA5.d.B65054D79B60D63B34CAC4E03BA72693.e.5035","ELEMENT":"f.CF3EA173C6DD6742E6FF2C1FCC3ADAA5.d.B65054D79B60D63B34CAC4E03BA72693.e.5035"}]}
COMMAND: GET /session/d3cdda6f06e006695550ea94201d0e31/screenshot - {}
RESULT: {}
]]></system-out>
    </testcase>
    <testcase classname="chrome.136_0_7103_93.windows.Billing_confirm_US117289" name="Should add created equipment to contract" time="46.215">
      <system-out><![CDATA[
COMMAND: POST /session/d3cdda6f06e006695550ea94201d0e31/element - {"using":"xpath","value":"//button[@data-kt=\"contractDetailEditBtnButton\"]"}
RESULT: {"using":"xpath","value":"//button[@data-kt=\"contractDetailEditBtnButton\"]"}
COMMAND: POST /session/d3cdda6f06e006695550ea94201d0e31/element/f.CF3EA173C6DD6742E6FF2C1FCC3ADAA5.d.B65054D79B60D63B34CAC4E03BA72693.e.5037/click - {}
RESULT: {}
COMMAND: GET /session/d3cdda6f06e006695550ea94201d0e31/screenshot - {}
RESULT: {}
COMMAND: POST /session/d3cdda6f06e006695550ea94201d0e31/element - {"using":"xpath","value":"(//span[contains(text(), \"Additional Addresses\")])[2]"}
RESULT: {"using":"xpath","value":"(//span[contains(text(), \"Additional Addresses\")])[2]"}
COMMAND: POST /session/d3cdda6f06e006695550ea94201d0e31/element/f.CF3EA173C6DD6742E6FF2C1FCC3ADAA5.d.B65054D79B60D63B34CAC4E03BA72693.e.5092/click - {}
RESULT: {}
COMMAND: GET /session/d3cdda6f06e006695550ea94201d0e31/screenshot - {}
RESULT: {}
COMMAND: POST /session/d3cdda6f06e006695550ea94201d0e31/element - {"using":"xpath","value":"//button[@data-kt=\"btnAddTableRowOverflowToolbarButton\"]"}
RESULT: {"using":"xpath","value":"//button[@data-kt=\"btnAddTableRowOverflowToolbarButton\"]"}
COMMAND: POST /session/d3cdda6f06e006695550ea94201d0e31/element/f.CF3EA173C6DD6742E6FF2C1FCC3ADAA5.d.B65054D79B60D63B34CAC4E03BA72693.e.5095/click - {}
RESULT: {}
COMMAND: GET /session/d3cdda6f06e006695550ea94201d0e31/screenshot - {}
RESULT: {}
COMMAND: POST /session/d3cdda6f06e006695550ea94201d0e31/element - {"using":"xpath","value":"//div[(text() = 'Standard Entry' or . = 'Standard Entry')]"}
RESULT: {"using":"xpath","value":"//div[(text() = 'Standard Entry' or . = 'Standard Entry')]"}
COMMAND: POST /session/d3cdda6f06e006695550ea94201d0e31/element/f.CF3EA173C6DD6742E6FF2C1FCC3ADAA5.d.B65054D79B60D63B34CAC4E03BA72693.e.5097/click - {}
RESULT: {}
COMMAND: GET /session/d3cdda6f06e006695550ea94201d0e31/screenshot - {}
RESULT: {}
COMMAND: POST /session/d3cdda6f06e006695550ea94201d0e31/element - {"using":"xpath","value":"//td[7]/div/div/input"}
RESULT: {"using":"xpath","value":"//td[7]/div/div/input"}
COMMAND: POST /session/d3cdda6f06e006695550ea94201d0e31/element/f.CF3EA173C6DD6742E6FF2C1FCC3ADAA5.d.B65054D79B60D63B34CAC4E03BA72693.e.5106/clear - {}
RESULT: {}
COMMAND: POST /session/d3cdda6f06e006695550ea94201d0e31/element/f.CF3EA173C6DD6742E6FF2C1FCC3ADAA5.d.B65054D79B60D63B34CAC4E03BA72693.e.5106/value - {"text":"kcIguuNL1r"}
COMMAND: GET /session/d3cdda6f06e006695550ea94201d0e31/screenshot - {}
RESULT: {"text":"kcIguuNL1r"}
COMMAND: GET /session/d3cdda6f06e006695550ea94201d0e31/screenshot - {}
RESULT: {}
RESULT: {}
COMMAND: POST /session/d3cdda6f06e006695550ea94201d0e31/actions - {"actions":[{"id":"action18","type":"key","parameters":{},"actions":[{"type":"keyDown","value":"î€‡"},{"type":"pause","duration":10},{"type":"keyUp","value":"î€‡"}]}]}
RESULT: {"actions":[{"id":"action18","type":"key","parameters":{},"actions":[{"type":"keyDown","value":"î€‡"},{"type":"pause","duration":10},{"type":"keyUp","value":"î€‡"}]}]}
COMMAND: GET /session/d3cdda6f06e006695550ea94201d0e31/screenshot - {}
RESULT: {}
COMMAND: POST /session/d3cdda6f06e006695550ea94201d0e31/execute/sync - {"script":"<script> [276 bytes]","args":["No pricing information was found"]}
RESULT: {"script":"<script> [276 bytes]","args":["No pricing information was found"]}
COMMAND: POST /session/d3cdda6f06e006695550ea94201d0e31/element - {"using":"xpath","value":"(//button[@data-kt=\"saveButton\"])[2]"}
COMMAND: GET /session/d3cdda6f06e006695550ea94201d0e31/screenshot - {}
RESULT: {"using":"xpath","value":"(//button[@data-kt=\"saveButton\"])[2]"}
COMMAND: POST /session/d3cdda6f06e006695550ea94201d0e31/element/f.CF3EA173C6DD6742E6FF2C1FCC3ADAA5.d.B65054D79B60D63B34CAC4E03BA72693.e.5121/click - {}
RESULT: {}
RESULT: {}
COMMAND: GET /session/d3cdda6f06e006695550ea94201d0e31/screenshot - {}
RESULT: {}
COMMAND: POST /session/d3cdda6f06e006695550ea94201d0e31/execute/sync - {"script":"<script> [276 bytes]","args":["Some contract items are having rental validity exceeding header rental validity"]}
RESULT: {"script":"<script> [276 bytes]","args":["Some contract items are having rental validity exceeding header rental validity"]}
COMMAND: GET /session/d3cdda6f06e006695550ea94201d0e31/screenshot - {}
RESULT: {}
COMMAND: POST /session/d3cdda6f06e006695550ea94201d0e31/element - {"using":"xpath","value":"//span[contains(@id ,\"contractItemsSmartTable-header-inner\")]"}
RESULT: {"using":"xpath","value":"//span[contains(@id ,\"contractItemsSmartTable-header-inner\")]"}
COMMAND: POST /session/d3cdda6f06e006695550ea94201d0e31/elements - {"using":"xpath","value":"//span[contains(@id ,\"contractItemsSmartTable-header-inner\")]"}
RESULT: {"using":"xpath","value":"//span[contains(@id ,\"contractItemsSmartTable-header-inner\")]"}
COMMAND: POST /session/d3cdda6f06e006695550ea94201d0e31/execute/sync - {"script":"<script> [56 bytes]","args":[{"element-6066-11e4-a52e-4f735466cecf":"f.CF3EA173C6DD6742E6FF2C1FCC3ADAA5.d.B65054D79B60D63B34CAC4E03BA72693.e.5128","ELEMENT":"f.CF3EA173C6DD6742E6FF2C1FCC3ADAA5.d.B65054D79B60D63B34CAC4E03BA72693.e.5128"}]}
RESULT: {"script":"<script> [56 bytes]","args":[{"element-6066-11e4-a52e-4f735466cecf":"f.CF3EA173C6DD6742E6FF2C1FCC3ADAA5.d.B65054D79B60D63B34CAC4E03BA72693.e.5128","ELEMENT":"f.CF3EA173C6DD6742E6FF2C1FCC3ADAA5.d.B65054D79B60D63B34CAC4E03BA72693.e.5128"}]}
]]></system-out>
    </testcase>
    <testcase classname="chrome.136_0_7103_93.windows.Billing_confirm_US117289" name="Should do a provide to site handover" time="56.104">
      <system-out><![CDATA[
COMMAND: POST /session/d3cdda6f06e006695550ea94201d0e31/element - {"using":"xpath","value":"//button[@data-kt=\"provideButton\"]"}
COMMAND: GET /session/d3cdda6f06e006695550ea94201d0e31/screenshot - {}
RESULT: {"using":"xpath","value":"//button[@data-kt=\"provideButton\"]"}
COMMAND: POST /session/d3cdda6f06e006695550ea94201d0e31/element/f.CF3EA173C6DD6742E6FF2C1FCC3ADAA5.d.B65054D79B60D63B34CAC4E03BA72693.e.5129/click - {}
RESULT: {}
RESULT: {}
COMMAND: GET /session/d3cdda6f06e006695550ea94201d0e31/screenshot - {}
RESULT: undefined
COMMAND: POST /session/d3cdda6f06e006695550ea94201d0e31/execute/async - {"script":"<script> [6424 bytes]","args":[{"element-6066-11e4-a52e-4f735466cecf":"f.CF3EA173C6DD6742E6FF2C1FCC3ADAA5.d.B65054D79B60D63B34CAC4E03BA72693.e.4129"},"setValue",["5/21/25"]]}
RESULT: {}
COMMAND: POST /session/d3cdda6f06e006695550ea94201d0e31/execute/async - {"script":"<script> [1562 bytes]","args":[{"selector":{"id":"application-managehandovers-display-component---AddNewHO--dueDate","interaction":{"idSuffix":"inner"}},"wdio_ui5_key":"applicationmanagehandovers-display-component---AddNewHO--dueDate"}]}
RESULT: {"script":"<script> [1562 bytes]","args":[{"selector":{"id":"application-managehandovers-display-component---AddNewHO--dueDate","interaction":{"idSuffix":"inner"}},"wdio_ui5_key":"applicationmanagehandovers-display-component---AddNewHO--dueDate"}]}
COMMAND: POST /session/d3cdda6f06e006695550ea94201d0e31/execute/async - {"script":"<script> [6424 bytes]","args":[{"element-6066-11e4-a52e-4f735466cecf":"f.CF3EA173C6DD6742E6FF2C1FCC3ADAA5.d.B65054D79B60D63B34CAC4E03BA72693.e.5220"},"setValue",["5/21/25"]]}
RESULT: {"script":"<script> [6424 bytes]","args":[{"element-6066-11e4-a52e-4f735466cecf":"f.CF3EA173C6DD6742E6FF2C1FCC3ADAA5.d.B65054D79B60D63B34CAC4E03BA72693.e.5220"},"setValue",["5/21/25"]]}
COMMAND: POST /session/d3cdda6f06e006695550ea94201d0e31/element - {"using":"xpath","value":"//bdi[contains(text(), \"Instructions\")]"}
RESULT: {"using":"xpath","value":"//bdi[contains(text(), \"Instructions\")]"}
COMMAND: POST /session/d3cdda6f06e006695550ea94201d0e31/element/f.CF3EA173C6DD6742E6FF2C1FCC3ADAA5.d.B65054D79B60D63B34CAC4E03BA72693.e.5270/click - {}
RESULT: {}
COMMAND: GET /session/d3cdda6f06e006695550ea94201d0e31/screenshot - {}
RESULT: {}
COMMAND: POST /session/d3cdda6f06e006695550ea94201d0e31/element - {"using":"xpath","value":"//button[@data-kt=\"AddNewHOProvideAddItemsButton\"]"}
RESULT: {"using":"xpath","value":"//button[@data-kt=\"AddNewHOProvideAddItemsButton\"]"}
COMMAND: POST /session/d3cdda6f06e006695550ea94201d0e31/element/f.CF3EA173C6DD6742E6FF2C1FCC3ADAA5.d.B65054D79B60D63B34CAC4E03BA72693.e.5275/click - {}
RESULT: {}
COMMAND: GET /session/d3cdda6f06e006695550ea94201d0e31/screenshot - {}
RESULT: {}
RESULT: undefined
COMMAND: POST /session/d3cdda6f06e006695550ea94201d0e31/element - {"using":"xpath","value":"//*[@id=\"application-managehandovers-display-component---AddNewHO--popup-sa\"]"}
RESULT: {"using":"xpath","value":"//*[@id=\"application-managehandovers-display-component---AddNewHO--popup-sa\"]"}
COMMAND: POST /session/d3cdda6f06e006695550ea94201d0e31/element/f.CF3EA173C6DD6742E6FF2C1FCC3ADAA5.d.B65054D79B60D63B34CAC4E03BA72693.e.5286/click - {}
RESULT: {}
COMMAND: GET /session/d3cdda6f06e006695550ea94201d0e31/screenshot - {}
RESULT: {}
COMMAND: POST /session/d3cdda6f06e006695550ea94201d0e31/element - {"using":"xpath","value":"//*[contains(@id ,\"BDI-content\")][contains(text(), \"Select\")]"}
RESULT: {"using":"xpath","value":"//*[contains(@id ,\"BDI-content\")][contains(text(), \"Select\")]"}
COMMAND: POST /session/d3cdda6f06e006695550ea94201d0e31/element/f.CF3EA173C6DD6742E6FF2C1FCC3ADAA5.d.B65054D79B60D63B34CAC4E03BA72693.e.5288/click - {}
RESULT: {}
COMMAND: GET /session/d3cdda6f06e006695550ea94201d0e31/screenshot - {}
RESULT: {}
COMMAND: POST /session/d3cdda6f06e006695550ea94201d0e31/execute/async - {"script":"<script> [1562 bytes]","args":[{"selector":{"id":"application-managehandovers-display-component---AddNewHO--confirmCreationButton","interaction":{"idSuffix":"BDI-content"}},"wdio_ui5_key":"applicationmanagehandovers-display-component---AddNewHO--confirmCreationButton"}]}
RESULT: {"script":"<script> [1562 bytes]","args":[{"selector":{"id":"application-managehandovers-display-component---AddNewHO--confirmCreationButton","interaction":{"idSuffix":"BDI-content"}},"wdio_ui5_key":"applicationmanagehandovers-display-component---AddNewHO--confirmCreationButton"}]}
RESULT: undefined
COMMAND: POST /session/d3cdda6f06e006695550ea94201d0e31/element - {"using":"xpath","value":"//*[@id=\"application-managehandovers-display-component---AddNewHO--confirmCreationButton\"]"}
RESULT: {"using":"xpath","value":"//*[@id=\"application-managehandovers-display-component---AddNewHO--confirmCreationButton\"]"}
COMMAND: POST /session/d3cdda6f06e006695550ea94201d0e31/element/f.CF3EA173C6DD6742E6FF2C1FCC3ADAA5.d.B65054D79B60D63B34CAC4E03BA72693.e.5250/click - {}
RESULT: {}
COMMAND: GET /session/d3cdda6f06e006695550ea94201d0e31/screenshot - {}
RESULT: {}
COMMAND: POST /session/d3cdda6f06e006695550ea94201d0e31/execute/async - {"script":"<script> [1562 bytes]","args":[{"selector":{"id":"issueDatePicker","viewName":"etm.portal.ui.managehandovers.view.DetailExecuteHO","interaction":{"idSuffix":"inner"}},"wdio_ui5_key":"issueDatePickeretmportal.ui.managehandovers.view.DetailExecuteHO"}]}
RESULT: {"script":"<script> [1562 bytes]","args":[{"selector":{"id":"issueDatePicker","viewName":"etm.portal.ui.managehandovers.view.DetailExecuteHO","interaction":{"idSuffix":"inner"}},"wdio_ui5_key":"issueDatePickeretmportal.ui.managehandovers.view.DetailExecuteHO"}]}
RESULT: undefined
COMMAND: POST /session/d3cdda6f06e006695550ea94201d0e31/execute/async - {"script":"<script> [776 bytes]","args":[{"enterText":"5/21/25","selector":{"id":"issueDatePicker","viewName":"etm.portal.ui.managehandovers.view.DetailExecuteHO","interaction":{"idSuffix":"inner"}},"clearTextFirst":true,"interactionType":"ENTER_TEXT"}]}
RESULT: {"script":"<script> [776 bytes]","args":[{"enterText":"5/21/25","selector":{"id":"issueDatePicker","viewName":"etm.portal.ui.managehandovers.view.DetailExecuteHO","interaction":{"idSuffix":"inner"}},"clearTextFirst":true,"interactionType":"ENTER_TEXT"}]}
COMMAND: POST /session/d3cdda6f06e006695550ea94201d0e31/element - {"using":"xpath","value":"//bdi[contains(text(), \"OK\")]"}
RESULT: {"using":"xpath","value":"//bdi[contains(text(), \"OK\")]"}
COMMAND: POST /session/d3cdda6f06e006695550ea94201d0e31/element/f.CF3EA173C6DD6742E6FF2C1FCC3ADAA5.d.B65054D79B60D63B34CAC4E03BA72693.e.5353/click - {}
RESULT: {}
COMMAND: GET /session/d3cdda6f06e006695550ea94201d0e31/screenshot - {}
RESULT: {}
COMMAND: POST /session/d3cdda6f06e006695550ea94201d0e31/element - {"using":"xpath","value":"//button[@data-kt=\"PickingTableConfirmAllButton\"]"}
RESULT: {"using":"xpath","value":"//button[@data-kt=\"PickingTableConfirmAllButton\"]"}
COMMAND: POST /session/d3cdda6f06e006695550ea94201d0e31/element/f.CF3EA173C6DD6742E6FF2C1FCC3ADAA5.d.B65054D79B60D63B34CAC4E03BA72693.e.5358/click - {}
RESULT: {}
COMMAND: GET /session/d3cdda6f06e006695550ea94201d0e31/screenshot - {}
RESULT: {}
COMMAND: POST /session/d3cdda6f06e006695550ea94201d0e31/element - {"using":"xpath","value":"//bdi[contains(text(), \"OK\")]"}
RESULT: {"using":"xpath","value":"//bdi[contains(text(), \"OK\")]"}
COMMAND: POST /session/d3cdda6f06e006695550ea94201d0e31/element/f.CF3EA173C6DD6742E6FF2C1FCC3ADAA5.d.B65054D79B60D63B34CAC4E03BA72693.e.5362/click - {}
RESULT: {}
COMMAND: GET /session/d3cdda6f06e006695550ea94201d0e31/screenshot - {}
RESULT: {}
COMMAND: POST /session/d3cdda6f06e006695550ea94201d0e31/element - {"using":"xpath","value":"//bdi[contains(text(), \"Issue\")]"}
RESULT: {"using":"xpath","value":"//bdi[contains(text(), \"Issue\")]"}
COMMAND: POST /session/d3cdda6f06e006695550ea94201d0e31/element/f.CF3EA173C6DD6742E6FF2C1FCC3ADAA5.d.B65054D79B60D63B34CAC4E03BA72693.e.5363/click - {}
RESULT: {}
COMMAND: GET /session/d3cdda6f06e006695550ea94201d0e31/screenshot - {}
RESULT: {}
COMMAND: POST /session/d3cdda6f06e006695550ea94201d0e31/element - {"using":"css selector","value":"#shell-header-logo"}
RESULT: {"using":"css selector","value":"#shell-header-logo"}
COMMAND: POST /session/d3cdda6f06e006695550ea94201d0e31/element/f.CF3EA173C6DD6742E6FF2C1FCC3ADAA5.d.B65054D79B60D63B34CAC4E03BA72693.e.4525/click - {}
RESULT: {}
COMMAND: GET /session/d3cdda6f06e006695550ea94201d0e31/screenshot - {}
RESULT: {}
]]></system-out>
    </testcase>
    <testcase classname="chrome.136_0_7103_93.windows.Billing_confirm_US117289" name="Should trigger calculation" time="77.767">
      <system-out><![CDATA[
COMMAND: POST /session/d3cdda6f06e006695550ea94201d0e31/execute/async - {"script":"<script> [1562 bytes]","args":[{"selector":{"controlType":"sap.m.GenericTile","properties":{"header":"Manage Billings"}},"wdio_ui5_key":"sapm.GenericTile{\"header\":\"Manage Billings\"}"}]}
RESULT: {"script":"<script> [1562 bytes]","args":[{"selector":{"controlType":"sap.m.GenericTile","properties":{"header":"Manage Billings"}},"wdio_ui5_key":"sapm.GenericTile{\"header\":\"Manage Billings\"}"}]}
RESULT: undefined
COMMAND: POST /session/d3cdda6f06e006695550ea94201d0e31/element - {"using":"xpath","value":"//*[@id=\"__tile51\"]"}
RESULT: {"using":"xpath","value":"//*[@id=\"__tile51\"]"}
COMMAND: POST /session/d3cdda6f06e006695550ea94201d0e31/element/f.CF3EA173C6DD6742E6FF2C1FCC3ADAA5.d.B65054D79B60D63B34CAC4E03BA72693.e.188/click - {}
RESULT: {}
COMMAND: GET /session/d3cdda6f06e006695550ea94201d0e31/screenshot - {}
RESULT: {}
COMMAND: POST /session/d3cdda6f06e006695550ea94201d0e31/elements - {"using":"xpath","value":"//span[text()='Error']"}
RESULT: {"using":"xpath","value":"//span[text()='Error']"}
COMMAND: POST /session/d3cdda6f06e006695550ea94201d0e31/execute/async - {"script":"<script> [1562 bytes]","args":[{"selector":{"id":"application-managebillings-display-component---billRunCalcResult--smartFilterBar-btnBasicSearch","interaction":{"idSuffix":"I"}},"wdio_ui5_key":"applicationmanagebillings-display-component---billRunCalcResult--smartFilterBar-btnBasicSearch"}]}
RESULT: {"script":"<script> [1562 bytes]","args":[{"selector":{"id":"application-managebillings-display-component---billRunCalcResult--smartFilterBar-btnBasicSearch","interaction":{"idSuffix":"I"}},"wdio_ui5_key":"applicationmanagebillings-display-component---billRunCalcResult--smartFilterBar-btnBasicSearch"}]}
RESULT: undefined
COMMAND: POST /session/d3cdda6f06e006695550ea94201d0e31/execute/async - {"script":"<script> [776 bytes]","args":[{"enterText":"10460","selector":{"id":"application-managebillings-display-component---billRunCalcResult--smartFilterBar-btnBasicSearch","interaction":{"idSuffix":"I"}},"clearTextFirst":true,"interactionType":"ENTER_TEXT"}]}
RESULT: {"script":"<script> [776 bytes]","args":[{"enterText":"10460","selector":{"id":"application-managebillings-display-component---billRunCalcResult--smartFilterBar-btnBasicSearch","interaction":{"idSuffix":"I"}},"clearTextFirst":true,"interactionType":"ENTER_TEXT"}]}
COMMAND: POST /session/d3cdda6f06e006695550ea94201d0e31/actions - {"actions":[{"id":"action19","type":"key","parameters":{},"actions":[{"type":"keyDown","value":"î€‡"},{"type":"pause","duration":10},{"type":"keyUp","value":"î€‡"}]}]}
RESULT: {"actions":[{"id":"action19","type":"key","parameters":{},"actions":[{"type":"keyDown","value":"î€‡"},{"type":"pause","duration":10},{"type":"keyUp","value":"î€‡"}]}]}
COMMAND: GET /session/d3cdda6f06e006695550ea94201d0e31/screenshot - {}
RESULT: {}
COMMAND: POST /session/d3cdda6f06e006695550ea94201d0e31/element - {"using":"xpath","value":"//td[@aria-colindex=\"1\"]/div/div[contains(@class, \"sapMCbBg\")]"}
RESULT: {"using":"xpath","value":"//td[@aria-colindex=\"1\"]/div/div[contains(@class, \"sapMCbBg\")]"}
COMMAND: POST /session/d3cdda6f06e006695550ea94201d0e31/element/f.CF3EA173C6DD6742E6FF2C1FCC3ADAA5.d.B65054D79B60D63B34CAC4E03BA72693.e.5962/click - {}
RESULT: {}
COMMAND: GET /session/d3cdda6f06e006695550ea94201d0e31/screenshot - {}
RESULT: {}
COMMAND: POST /session/d3cdda6f06e006695550ea94201d0e31/execute/async - {"script":"<script> [1562 bytes]","args":[{"selector":{"id":"application-managebillings-display-component---billRunCalcResult--contractBillRunDate","interaction":{"idSuffix":"inner"}},"wdio_ui5_key":"applicationmanagebillings-display-component---billRunCalcResult--contractBillRunDate"}]}
RESULT: {"script":"<script> [1562 bytes]","args":[{"selector":{"id":"application-managebillings-display-component---billRunCalcResult--contractBillRunDate","interaction":{"idSuffix":"inner"}},"wdio_ui5_key":"applicationmanagebillings-display-component---billRunCalcResult--contractBillRunDate"}]}
RESULT: undefined
COMMAND: POST /session/d3cdda6f06e006695550ea94201d0e31/execute/async - {"script":"<script> [776 bytes]","args":[{"enterText":"6/21/25","selector":{"id":"application-managebillings-display-component---billRunCalcResult--contractBillRunDate","interaction":{"idSuffix":"inner"}},"clearTextFirst":true,"interactionType":"ENTER_TEXT"}]}
RESULT: {"script":"<script> [776 bytes]","args":[{"enterText":"6/21/25","selector":{"id":"application-managebillings-display-component---billRunCalcResult--contractBillRunDate","interaction":{"idSuffix":"inner"}},"clearTextFirst":true,"interactionType":"ENTER_TEXT"}]}
COMMAND: POST /session/d3cdda6f06e006695550ea94201d0e31/element - {"using":"xpath","value":"//bdi[contains(text(), \"Trigger Calculation\")]"}
RESULT: {"using":"xpath","value":"//bdi[contains(text(), \"Trigger Calculation\")]"}
COMMAND: POST /session/d3cdda6f06e006695550ea94201d0e31/element/f.CF3EA173C6DD6742E6FF2C1FCC3ADAA5.d.B65054D79B60D63B34CAC4E03BA72693.e.5990/click - {}
RESULT: {}
COMMAND: GET /session/d3cdda6f06e006695550ea94201d0e31/screenshot - {}
RESULT: {}
COMMAND: POST /session/d3cdda6f06e006695550ea94201d0e31/element - {"using":"xpath","value":"(//span[contains(@id, \"imgNav\")])[1]"}
RESULT: {"using":"xpath","value":"(//span[contains(@id, \"imgNav\")])[1]"}
COMMAND: POST /session/d3cdda6f06e006695550ea94201d0e31/element/f.CF3EA173C6DD6742E6FF2C1FCC3ADAA5.d.B65054D79B60D63B34CAC4E03BA72693.e.5975/click - {}
RESULT: {}
COMMAND: GET /session/d3cdda6f06e006695550ea94201d0e31/screenshot - {}
RESULT: {}
COMMAND: POST /session/d3cdda6f06e006695550ea94201d0e31/element - {"using":"xpath","value":"//tr/td[6]/div[1]/span[1]/span[1]"}
RESULT: {"using":"xpath","value":"//tr/td[6]/div[1]/span[1]/span[1]"}
COMMAND: GET /session/d3cdda6f06e006695550ea94201d0e31/element/f.CF3EA173C6DD6742E6FF2C1FCC3ADAA5.d.B65054D79B60D63B34CAC4E03BA72693.e.5995/text - {}
RESULT: {}
COMMAND: POST /session/d3cdda6f06e006695550ea94201d0e31/element - {"using":"xpath","value":"(//span[contains(@id, \"imgNav\")])[2]"}
RESULT: {"using":"xpath","value":"(//span[contains(@id, \"imgNav\")])[2]"}
COMMAND: POST /session/d3cdda6f06e006695550ea94201d0e31/element/f.CF3EA173C6DD6742E6FF2C1FCC3ADAA5.d.B65054D79B60D63B34CAC4E03BA72693.e.5996/click - {}
RESULT: {}
COMMAND: GET /session/d3cdda6f06e006695550ea94201d0e31/screenshot - {}
RESULT: {}
COMMAND: POST /session/d3cdda6f06e006695550ea94201d0e31/element - {"using":"xpath","value":"//bdi[contains(text(), \"Business Confirm\")]"}
RESULT: {"using":"xpath","value":"//bdi[contains(text(), \"Business Confirm\")]"}
COMMAND: POST /session/d3cdda6f06e006695550ea94201d0e31/element/f.CF3EA173C6DD6742E6FF2C1FCC3ADAA5.d.B65054D79B60D63B34CAC4E03BA72693.e.6060/click - {}
RESULT: {}
COMMAND: GET /session/d3cdda6f06e006695550ea94201d0e31/screenshot - {}
RESULT: {}
COMMAND: POST /session/d3cdda6f06e006695550ea94201d0e31/element - {"using":"xpath","value":"//bdi[contains(text(), \"Business Confirmed\")]"}
RESULT: {"using":"xpath","value":"//bdi[contains(text(), \"Business Confirmed\")]"}
COMMAND: POST /session/d3cdda6f06e006695550ea94201d0e31/execute/sync - {"script":"<script> [56 bytes]","args":[{"element-6066-11e4-a52e-4f735466cecf":"f.CF3EA173C6DD6742E6FF2C1FCC3ADAA5.d.B65054D79B60D63B34CAC4E03BA72693.e.6060","ELEMENT":"f.CF3EA173C6DD6742E6FF2C1FCC3ADAA5.d.B65054D79B60D63B34CAC4E03BA72693.e.6060"}]}
RESULT: {"script":"<script> [56 bytes]","args":[{"element-6066-11e4-a52e-4f735466cecf":"f.CF3EA173C6DD6742E6FF2C1FCC3ADAA5.d.B65054D79B60D63B34CAC4E03BA72693.e.6060","ELEMENT":"f.CF3EA173C6DD6742E6FF2C1FCC3ADAA5.d.B65054D79B60D63B34CAC4E03BA72693.e.6060"}]}
COMMAND: POST /session/d3cdda6f06e006695550ea94201d0e31/element - {"using":"css selector","value":"#shell-header-logo"}
COMMAND: GET /session/d3cdda6f06e006695550ea94201d0e31/screenshot - {}
RESULT: {"using":"css selector","value":"#shell-header-logo"}
COMMAND: POST /session/d3cdda6f06e006695550ea94201d0e31/element/f.CF3EA173C6DD6742E6FF2C1FCC3ADAA5.d.B65054D79B60D63B34CAC4E03BA72693.e.5747/click - {}
RESULT: {}
RESULT: {}
COMMAND: GET /session/d3cdda6f06e006695550ea94201d0e31/screenshot - {}
RESULT: {}
COMMAND: POST /session/d3cdda6f06e006695550ea94201d0e31/element - {"using":"css selector","value":"#j_username"}
COMMAND: POST /session/d3cdda6f06e006695550ea94201d0e31/url - {"url":"https://qa-testing-00-live-etm-ui.cfapps.eu10-004.hana.ondemand.com/"}
RESULT: {"using":"css selector","value":"#j_username"}
COMMAND: POST /session/d3cdda6f06e006695550ea94201d0e31/element - {"using":"css selector","value":"#j_username"}
RESULT: {"url":"https://qa-testing-00-live-etm-ui.cfapps.eu10-004.hana.ondemand.com/"}
RESULT: undefined
COMMAND: GET /session/d3cdda6f06e006695550ea94201d0e31/screenshot - {}
RESULT: {"using":"css selector","value":"#j_username"}
COMMAND: POST /session/d3cdda6f06e006695550ea94201d0e31/element - {"using":"css selector","value":"#shell-header-logo"}
RESULT: {}
RESULT: {"using":"css selector","value":"#shell-header-logo"}
COMMAND: POST /session/d3cdda6f06e006695550ea94201d0e31/execute/sync - {"script":"<script> [8489 bytes]","args":[{"element-6066-11e4-a52e-4f735466cecf":"f.CF3EA173C6DD6742E6FF2C1FCC3ADAA5.d.A28C96F4086309C9258FB4333AD6518F.e.6070","ELEMENT":"f.CF3EA173C6DD6742E6FF2C1FCC3ADAA5.d.A28C96F4086309C9258FB4333AD6518F.e.6070"}]}
RESULT: {"script":"<script> [8489 bytes]","args":[{"element-6066-11e4-a52e-4f735466cecf":"f.CF3EA173C6DD6742E6FF2C1FCC3ADAA5.d.A28C96F4086309C9258FB4333AD6518F.e.6070","ELEMENT":"f.CF3EA173C6DD6742E6FF2C1FCC3ADAA5.d.A28C96F4086309C9258FB4333AD6518F.e.6070"}]}
COMMAND: POST /session/d3cdda6f06e006695550ea94201d0e31/element - {"using":"css selector","value":"#shell-header-logo"}
COMMAND: GET /session/d3cdda6f06e006695550ea94201d0e31/screenshot - {}
RESULT: {"using":"css selector","value":"#shell-header-logo"}
COMMAND: POST /session/d3cdda6f06e006695550ea94201d0e31/execute/sync - {"script":"<script> [8489 bytes]","args":[{"element-6066-11e4-a52e-4f735466cecf":"f.CF3EA173C6DD6742E6FF2C1FCC3ADAA5.d.A28C96F4086309C9258FB4333AD6518F.e.6070","ELEMENT":"f.CF3EA173C6DD6742E6FF2C1FCC3ADAA5.d.A28C96F4086309C9258FB4333AD6518F.e.6070"}]}
RESULT: {}
RESULT: {"script":"<script> [8489 bytes]","args":[{"element-6066-11e4-a52e-4f735466cecf":"f.CF3EA173C6DD6742E6FF2C1FCC3ADAA5.d.A28C96F4086309C9258FB4333AD6518F.e.6070","ELEMENT":"f.CF3EA173C6DD6742E6FF2C1FCC3ADAA5.d.A28C96F4086309C9258FB4333AD6518F.e.6070"}]}
COMMAND: POST /session/d3cdda6f06e006695550ea94201d0e31/execute/sync - {"script":"<script> [5351 bytes]","args":[{"element-6066-11e4-a52e-4f735466cecf":"f.CF3EA173C6DD6742E6FF2C1FCC3ADAA5.d.A28C96F4086309C9258FB4333AD6518F.e.6070","ELEMENT":"f.CF3EA173C6DD6742E6FF2C1FCC3ADAA5.d.A28C96F4086309C9258FB4333AD6518F.e.6070"}]}
COMMAND: GET /session/d3cdda6f06e006695550ea94201d0e31/screenshot - {}
RESULT: {"script":"<script> [5351 bytes]","args":[{"element-6066-11e4-a52e-4f735466cecf":"f.CF3EA173C6DD6742E6FF2C1FCC3ADAA5.d.A28C96F4086309C9258FB4333AD6518F.e.6070","ELEMENT":"f.CF3EA173C6DD6742E6FF2C1FCC3ADAA5.d.A28C96F4086309C9258FB4333AD6518F.e.6070"}]}
COMMAND: POST /session/d3cdda6f06e006695550ea94201d0e31/element - {"using":"css selector","value":"#shell-header-logo"}
COMMAND: GET /session/d3cdda6f06e006695550ea94201d0e31/screenshot - {}
RESULT: {}
RESULT: {"using":"css selector","value":"#shell-header-logo"}
COMMAND: POST /session/d3cdda6f06e006695550ea94201d0e31/element/f.CF3EA173C6DD6742E6FF2C1FCC3ADAA5.d.A28C96F4086309C9258FB4333AD6518F.e.6070/click - {}
RESULT: {}
RESULT: {}
COMMAND: GET /session/d3cdda6f06e006695550ea94201d0e31/screenshot - {}
RESULT: {}
COMMAND: POST /session/d3cdda6f06e006695550ea94201d0e31/execute/async - {"script":"<script> [189 bytes]","args":[]}
RESULT: {"script":"<script> [189 bytes]","args":[]}
COMMAND: POST /session/d3cdda6f06e006695550ea94201d0e31/execute/async - {"script":"<script> [123 bytes]","args":[]}
RESULT: {"script":"<script> [123 bytes]","args":[]}
COMMAND: POST /session/d3cdda6f06e006695550ea94201d0e31/timeouts - {"script":"<number>"}
RESULT: {"script":"<number>"}
COMMAND: GET /session/d3cdda6f06e006695550ea94201d0e31/timeouts - {}
RESULT: {}
RESULT: undefined
COMMAND: POST /session/d3cdda6f06e006695550ea94201d0e31/execute/async - {"script":"<script> [2676 bytes]","args":[]}
RESULT: {"script":"<script> [2676 bytes]","args":[]}
COMMAND: POST /session/d3cdda6f06e006695550ea94201d0e31/execute/async - {"script":"<script> [2342 bytes]","args":[{"protocol":"http","hostname":"0.0.0.0","path":"/","capabilities":{"browserName":"chrome","goog:chromeOptions":{"binary":"C:\\Program Files\\Google\\Chrome\\Application\\chrome.exe","args":["--start-maximized"]}},"logLevel":"warn","connectionRetryTimeout":120000,"connectionRetryCount":3,"logLevels":{},"enableDirectConnect":true,"strictSSL":true,"_":"65 more keys: [\"cacheDir\",\"port\",\"requestedCapabilities\",\"automationProtocol\",\"baseUrl\",\"waitforInterval\",\"waitforTimeout\",\"onReload\",\"beforeCommand\",\"afterCommand\",\"rootDir\",\"specs\",\"suites\",\"exclude\",\"groupLogsByTestSpec\",\"excludeDriverLogs\",\"bail\",\"framework\",\"reporters\",\"services\",\"maxInstances\",\"maxInstancesPerCapability\",\"injectGlobals\",\"filesToWatch\",\"execArgv\",\"runnerEnv\",\"runner\",\"shard\",\"specFileRetries\",\"specFileRetriesDelay\",\"specFileRetriesDeferred\",\"reporterSyncInterval\",\"reporterSyncTimeout\",\"cucumberFeaturesWithLineNumbers\",\"autoCompileOpts\",\"mochaOpts\",\"jasmineOpts\",\"cucumberOpts\",\"onPrepare\",\"onWorkerStart\",\"onWorkerEnd\",\"before\",\"beforeSession\",\"beforeSuite\",\"beforeHook\",\"beforeTest\",\"afterTest\",\"afterHook\",\"afterSuite\",\"afterSession\",\"after\",\"onComplete\",\"beforeAssertion\",\"afterAssertion\",\"beforeFeature\",\"beforeScenario\",\"beforeStep\",\"afterStep\",\"afterScenario\",\"afterFeature\",\"_\",\"suite\",\"$0\",\"ignoredWorkerServices\",\"wdi5\"]"}]}
RESULT: {"script":"<script> [2342 bytes]","args":[{"protocol":"http","hostname":"0.0.0.0","path":"/","capabilities":{"browserName":"chrome","goog:chromeOptions":{"binary":"C:\\Program Files\\Google\\Chrome\\Application\\chrome.exe","args":["--start-maximized"]}},"logLevel":"warn","connectionRetryTimeout":120000,"connectionRetryCount":3,"logLevels":{},"enableDirectConnect":true,"strictSSL":true,"_":"65 more keys: [\"cacheDir\",\"port\",\"requestedCapabilities\",\"automationProtocol\",\"baseUrl\",\"waitforInterval\",\"waitforTimeout\",\"onReload\",\"beforeCommand\",\"afterCommand\",\"rootDir\",\"specs\",\"suites\",\"exclude\",\"groupLogsByTestSpec\",\"excludeDriverLogs\",\"bail\",\"framework\",\"reporters\",\"services\",\"maxInstances\",\"maxInstancesPerCapability\",\"injectGlobals\",\"filesToWatch\",\"execArgv\",\"runnerEnv\",\"runner\",\"shard\",\"specFileRetries\",\"specFileRetriesDelay\",\"specFileRetriesDeferred\",\"reporterSyncInterval\",\"reporterSyncTimeout\",\"cucumberFeaturesWithLineNumbers\",\"autoCompileOpts\",\"mochaOpts\",\"jasmineOpts\",\"cucumberOpts\",\"onPrepare\",\"onWorkerStart\",\"onWorkerEnd\",\"before\",\"beforeSession\",\"beforeSuite\",\"beforeHook\",\"beforeTest\",\"afterTest\",\"afterHook\",\"afterSuite\",\"afterSession\",\"after\",\"onComplete\",\"beforeAssertion\",\"afterAssertion\",\"beforeFeature\",\"beforeScenario\",\"beforeStep\",\"afterStep\",\"afterScenario\",\"afterFeature\",\"_\",\"suite\",\"$0\",\"ignoredWorkerServices\",\"wdi5\"]"}]}
COMMAND: POST /session/d3cdda6f06e006695550ea94201d0e31/execute/async - {"script":"<script> [21126 bytes]","args":[35000]}
RESULT: {"script":"<script> [21126 bytes]","args":[35000]}
COMMAND: POST /session/d3cdda6f06e006695550ea94201d0e31/window/maximize - {}
RESULT: {}
COMMAND: POST /session/d3cdda6f06e006695550ea94201d0e31/execute/async - {"script":"<script> [1562 bytes]","args":[{"selector":{"id":"shell-header","interaction":{"idSuffix":"icon"}},"wdio_ui5_key":"shellheader"}]}
COMMAND: GET /session/d3cdda6f06e006695550ea94201d0e31/screenshot - {}
RESULT: {"script":"<script> [1562 bytes]","args":[{"selector":{"id":"shell-header","interaction":{"idSuffix":"icon"}},"wdio_ui5_key":"shellheader"}]}
RESULT: undefined
COMMAND: POST /session/d3cdda6f06e006695550ea94201d0e31/refresh - {}
RESULT: {}
RESULT: {}
COMMAND: GET /session/d3cdda6f06e006695550ea94201d0e31/screenshot - {}
RESULT: {}
COMMAND: POST /session/d3cdda6f06e006695550ea94201d0e31/refresh - {}
RESULT: {}
COMMAND: GET /session/d3cdda6f06e006695550ea94201d0e31/screenshot - {}
RESULT: {}
COMMAND: POST /session/d3cdda6f06e006695550ea94201d0e31/window/fullscreen - {}
RESULT: {}
COMMAND: POST /session/d3cdda6f06e006695550ea94201d0e31/execute/async - {"script":"<script> [189 bytes]","args":[]}
RESULT: {"script":"<script> [189 bytes]","args":[]}
COMMAND: POST /session/d3cdda6f06e006695550ea94201d0e31/execute/async - {"script":"<script> [123 bytes]","args":[]}
RESULT: {"script":"<script> [123 bytes]","args":[]}
COMMAND: POST /session/d3cdda6f06e006695550ea94201d0e31/timeouts - {"script":"<number>"}
RESULT: {"script":"<number>"}
COMMAND: GET /session/d3cdda6f06e006695550ea94201d0e31/timeouts - {}
RESULT: {}
RESULT: undefined
COMMAND: POST /session/d3cdda6f06e006695550ea94201d0e31/execute/async - {"script":"<script> [2676 bytes]","args":[]}
RESULT: {"script":"<script> [2676 bytes]","args":[]}
COMMAND: POST /session/d3cdda6f06e006695550ea94201d0e31/execute/async - {"script":"<script> [2342 bytes]","args":[{"protocol":"http","hostname":"0.0.0.0","path":"/","capabilities":{"browserName":"chrome","goog:chromeOptions":{"binary":"C:\\Program Files\\Google\\Chrome\\Application\\chrome.exe","args":["--start-maximized"]}},"logLevel":"warn","connectionRetryTimeout":120000,"connectionRetryCount":3,"logLevels":{},"enableDirectConnect":true,"strictSSL":true,"_":"65 more keys: [\"cacheDir\",\"port\",\"requestedCapabilities\",\"automationProtocol\",\"baseUrl\",\"waitforInterval\",\"waitforTimeout\",\"onReload\",\"beforeCommand\",\"afterCommand\",\"rootDir\",\"specs\",\"suites\",\"exclude\",\"groupLogsByTestSpec\",\"excludeDriverLogs\",\"bail\",\"framework\",\"reporters\",\"services\",\"maxInstances\",\"maxInstancesPerCapability\",\"injectGlobals\",\"filesToWatch\",\"execArgv\",\"runnerEnv\",\"runner\",\"shard\",\"specFileRetries\",\"specFileRetriesDelay\",\"specFileRetriesDeferred\",\"reporterSyncInterval\",\"reporterSyncTimeout\",\"cucumberFeaturesWithLineNumbers\",\"autoCompileOpts\",\"mochaOpts\",\"jasmineOpts\",\"cucumberOpts\",\"onPrepare\",\"onWorkerStart\",\"onWorkerEnd\",\"before\",\"beforeSession\",\"beforeSuite\",\"beforeHook\",\"beforeTest\",\"afterTest\",\"afterHook\",\"afterSuite\",\"afterSession\",\"after\",\"onComplete\",\"beforeAssertion\",\"afterAssertion\",\"beforeFeature\",\"beforeScenario\",\"beforeStep\",\"afterStep\",\"afterScenario\",\"afterFeature\",\"_\",\"suite\",\"$0\",\"ignoredWorkerServices\",\"wdi5\"]"}]}
RESULT: {"script":"<script> [2342 bytes]","args":[{"protocol":"http","hostname":"0.0.0.0","path":"/","capabilities":{"browserName":"chrome","goog:chromeOptions":{"binary":"C:\\Program Files\\Google\\Chrome\\Application\\chrome.exe","args":["--start-maximized"]}},"logLevel":"warn","connectionRetryTimeout":120000,"connectionRetryCount":3,"logLevels":{},"enableDirectConnect":true,"strictSSL":true,"_":"65 more keys: [\"cacheDir\",\"port\",\"requestedCapabilities\",\"automationProtocol\",\"baseUrl\",\"waitforInterval\",\"waitforTimeout\",\"onReload\",\"beforeCommand\",\"afterCommand\",\"rootDir\",\"specs\",\"suites\",\"exclude\",\"groupLogsByTestSpec\",\"excludeDriverLogs\",\"bail\",\"framework\",\"reporters\",\"services\",\"maxInstances\",\"maxInstancesPerCapability\",\"injectGlobals\",\"filesToWatch\",\"execArgv\",\"runnerEnv\",\"runner\",\"shard\",\"specFileRetries\",\"specFileRetriesDelay\",\"specFileRetriesDeferred\",\"reporterSyncInterval\",\"reporterSyncTimeout\",\"cucumberFeaturesWithLineNumbers\",\"autoCompileOpts\",\"mochaOpts\",\"jasmineOpts\",\"cucumberOpts\",\"onPrepare\",\"onWorkerStart\",\"onWorkerEnd\",\"before\",\"beforeSession\",\"beforeSuite\",\"beforeHook\",\"beforeTest\",\"afterTest\",\"afterHook\",\"afterSuite\",\"afterSession\",\"after\",\"onComplete\",\"beforeAssertion\",\"afterAssertion\",\"beforeFeature\",\"beforeScenario\",\"beforeStep\",\"afterStep\",\"afterScenario\",\"afterFeature\",\"_\",\"suite\",\"$0\",\"ignoredWorkerServices\",\"wdi5\"]"}]}
COMMAND: POST /session/d3cdda6f06e006695550ea94201d0e31/execute/async - {"script":"<script> [21126 bytes]","args":[35000]}
RESULT: {"script":"<script> [21126 bytes]","args":[35000]}
]]></system-out>
    </testcase>
  </testsuite>
  <testsuite timestamp="2025-05-21T06:03:30" time="1170.747" tests="14" failures="0" errors="0" skipped="0">
    <properties>
      <property name="specId" value="0" />
      <property name="suiteName" value="Create master data for mixed billing &amp; do billing calculation US151661" />
      <property name="capabilities" value="chrome.136_0_7103_93.windows" />
      <property name="file" value="file:///D:/a/1/s/test/specs/BTS/billing-calculation-mixed.spec.js" />
    </properties>
    <testcase classname="chrome.136_0_7103_93.windows.Create_master_data_for_mixed_billing_&amp;_do_billing_calculation_US151661" name="Should create a new yard" time="116.08">
      <system-out><![CDATA[
COMMAND: POST /session/d3cdda6f06e006695550ea94201d0e31/window/fullscreen - {}
RESULT: {}
COMMAND: POST /session/d3cdda6f06e006695550ea94201d0e31/execute/async - {"script":"<script> [1562 bytes]","args":[{"selector":{"controlType":"sap.m.GenericTile","properties":{"header":"Manage Yards"}},"wdio_ui5_key":"sapm.GenericTile{\"header\":\"Manage Yards\"}"}]}
RESULT: {"script":"<script> [1562 bytes]","args":[{"selector":{"controlType":"sap.m.GenericTile","properties":{"header":"Manage Yards"}},"wdio_ui5_key":"sapm.GenericTile{\"header\":\"Manage Yards\"}"}]}
RESULT: undefined
COMMAND: POST /session/d3cdda6f06e006695550ea94201d0e31/element - {"using":"xpath","value":"//*[@id=\"__tile41\"]"}
RESULT: {"using":"xpath","value":"//*[@id=\"__tile41\"]"}
COMMAND: POST /session/d3cdda6f06e006695550ea94201d0e31/element/f.CF3EA173C6DD6742E6FF2C1FCC3ADAA5.d.B920192F3A9E7958E0D78C9A3F40875B.e.6232/click - {}
RESULT: {}
COMMAND: GET /session/d3cdda6f06e006695550ea94201d0e31/screenshot - {}
RESULT: {}
COMMAND: POST /session/d3cdda6f06e006695550ea94201d0e31/elements - {"using":"xpath","value":"//span[text()='Error']"}
RESULT: {"using":"xpath","value":"//span[text()='Error']"}
COMMAND: POST /session/d3cdda6f06e006695550ea94201d0e31/element - {"using":"xpath","value":"//button[@data-kt=\"addNewYardOverflowToolbarButton\"]"}
RESULT: {"using":"xpath","value":"//button[@data-kt=\"addNewYardOverflowToolbarButton\"]"}
COMMAND: POST /session/d3cdda6f06e006695550ea94201d0e31/elements - {"using":"xpath","value":"//button[@data-kt=\"addNewYardOverflowToolbarButton\"]"}
RESULT: {"using":"xpath","value":"//button[@data-kt=\"addNewYardOverflowToolbarButton\"]"}
COMMAND: POST /session/d3cdda6f06e006695550ea94201d0e31/elements - {"using":"xpath","value":"//button[@data-kt=\"addNewYardOverflowToolbarButton\"]"}
RESULT: {"using":"xpath","value":"//button[@data-kt=\"addNewYardOverflowToolbarButton\"]"}
COMMAND: POST /session/d3cdda6f06e006695550ea94201d0e31/element - {"using":"xpath","value":"//button[@data-kt=\"addNewYardOverflowToolbarButton\"]"}
RESULT: {"using":"xpath","value":"//button[@data-kt=\"addNewYardOverflowToolbarButton\"]"}
COMMAND: POST /session/d3cdda6f06e006695550ea94201d0e31/execute/sync - {"script":"<script> [8489 bytes]","args":[{"element-6066-11e4-a52e-4f735466cecf":"f.CF3EA173C6DD6742E6FF2C1FCC3ADAA5.d.B920192F3A9E7958E0D78C9A3F40875B.e.6370","ELEMENT":"f.CF3EA173C6DD6742E6FF2C1FCC3ADAA5.d.B920192F3A9E7958E0D78C9A3F40875B.e.6370"}]}
RESULT: {"script":"<script> [8489 bytes]","args":[{"element-6066-11e4-a52e-4f735466cecf":"f.CF3EA173C6DD6742E6FF2C1FCC3ADAA5.d.B920192F3A9E7958E0D78C9A3F40875B.e.6370","ELEMENT":"f.CF3EA173C6DD6742E6FF2C1FCC3ADAA5.d.B920192F3A9E7958E0D78C9A3F40875B.e.6370"}]}
COMMAND: GET /session/d3cdda6f06e006695550ea94201d0e31/element/f.CF3EA173C6DD6742E6FF2C1FCC3ADAA5.d.B920192F3A9E7958E0D78C9A3F40875B.e.6370/enabled - {}
COMMAND: GET /session/d3cdda6f06e006695550ea94201d0e31/screenshot - {}
RESULT: {}
COMMAND: POST /session/d3cdda6f06e006695550ea94201d0e31/execute/sync - {"script":"<script> [8489 bytes]","args":[{"element-6066-11e4-a52e-4f735466cecf":"f.CF3EA173C6DD6742E6FF2C1FCC3ADAA5.d.B920192F3A9E7958E0D78C9A3F40875B.e.6370","ELEMENT":"f.CF3EA173C6DD6742E6FF2C1FCC3ADAA5.d.B920192F3A9E7958E0D78C9A3F40875B.e.6370"}]}
COMMAND: GET /session/d3cdda6f06e006695550ea94201d0e31/screenshot - {}
RESULT: {}
RESULT: {"script":"<script> [8489 bytes]","args":[{"element-6066-11e4-a52e-4f735466cecf":"f.CF3EA173C6DD6742E6FF2C1FCC3ADAA5.d.B920192F3A9E7958E0D78C9A3F40875B.e.6370","ELEMENT":"f.CF3EA173C6DD6742E6FF2C1FCC3ADAA5.d.B920192F3A9E7958E0D78C9A3F40875B.e.6370"}]}
COMMAND: POST /session/d3cdda6f06e006695550ea94201d0e31/execute/sync - {"script":"<script> [5351 bytes]","args":[{"element-6066-11e4-a52e-4f735466cecf":"f.CF3EA173C6DD6742E6FF2C1FCC3ADAA5.d.B920192F3A9E7958E0D78C9A3F40875B.e.6370","ELEMENT":"f.CF3EA173C6DD6742E6FF2C1FCC3ADAA5.d.B920192F3A9E7958E0D78C9A3F40875B.e.6370"}]}
COMMAND: GET /session/d3cdda6f06e006695550ea94201d0e31/screenshot - {}
RESULT: {}
RESULT: {"script":"<script> [5351 bytes]","args":[{"element-6066-11e4-a52e-4f735466cecf":"f.CF3EA173C6DD6742E6FF2C1FCC3ADAA5.d.B920192F3A9E7958E0D78C9A3F40875B.e.6370","ELEMENT":"f.CF3EA173C6DD6742E6FF2C1FCC3ADAA5.d.B920192F3A9E7958E0D78C9A3F40875B.e.6370"}]}
COMMAND: POST /session/d3cdda6f06e006695550ea94201d0e31/element/f.CF3EA173C6DD6742E6FF2C1FCC3ADAA5.d.B920192F3A9E7958E0D78C9A3F40875B.e.6370/click - {}
COMMAND: GET /session/d3cdda6f06e006695550ea94201d0e31/screenshot - {}
RESULT: {}
RESULT: {}
COMMAND: GET /session/d3cdda6f06e006695550ea94201d0e31/screenshot - {}
RESULT: {}
COMMAND: POST /session/d3cdda6f06e006695550ea94201d0e31/element - {"using":"xpath","value":"//input[@id=\"application-manageyards-display-component---NewYard--yardId-inner\"]"}
RESULT: {}
RESULT: {"using":"xpath","value":"//input[@id=\"application-manageyards-display-component---NewYard--yardId-inner\"]"}
COMMAND: POST /session/d3cdda6f06e006695550ea94201d0e31/element - {"using":"xpath","value":"//input[@id=\"application-manageyards-display-component---NewYard--yardId-inner\"]"}
RESULT: {"using":"xpath","value":"//input[@id=\"application-manageyards-display-component---NewYard--yardId-inner\"]"}
COMMAND: POST /session/d3cdda6f06e006695550ea94201d0e31/execute/async - {"script":"<script> [1562 bytes]","args":[{"selector":{"id":"application-manageyards-display-component---NewYard--addressDetailDetailsName1","interaction":{"idSuffix":"inner"}},"wdio_ui5_key":"applicationmanageyards-display-component---NewYard--addressDetailDetailsName1"}]}
RESULT: {"script":"<script> [1562 bytes]","args":[{"selector":{"id":"application-manageyards-display-component---NewYard--addressDetailDetailsName1","interaction":{"idSuffix":"inner"}},"wdio_ui5_key":"applicationmanageyards-display-component---NewYard--addressDetailDetailsName1"}]}
RESULT: undefined
COMMAND: POST /session/d3cdda6f06e006695550ea94201d0e31/execute/async - {"script":"<script> [776 bytes]","args":[{"enterText":"Intercompany Yard wdIO","selector":{"id":"application-manageyards-display-component---NewYard--addressDetailDetailsName1","interaction":{"idSuffix":"inner"}},"clearTextFirst":true,"interactionType":"ENTER_TEXT"}]}
RESULT: {"script":"<script> [776 bytes]","args":[{"enterText":"Intercompany Yard wdIO","selector":{"id":"application-manageyards-display-component---NewYard--addressDetailDetailsName1","interaction":{"idSuffix":"inner"}},"clearTextFirst":true,"interactionType":"ENTER_TEXT"}]}
COMMAND: POST /session/d3cdda6f06e006695550ea94201d0e31/execute/async - {"script":"<script> [1562 bytes]","args":[{"selector":{"id":"application-manageyards-display-component---NewYard--addressDetailDetailsLanguage-arrow"},"wdio_ui5_key":"applicationmanageyards-display-component---NewYard--addressDetailDetailsLanguage-arrow"}]}
RESULT: {"script":"<script> [1562 bytes]","args":[{"selector":{"id":"application-manageyards-display-component---NewYard--addressDetailDetailsLanguage-arrow"},"wdio_ui5_key":"applicationmanageyards-display-component---NewYard--addressDetailDetailsLanguage-arrow"}]}
RESULT: undefined
COMMAND: POST /session/d3cdda6f06e006695550ea94201d0e31/element - {"using":"xpath","value":"//*[@id=\"application-manageyards-display-component---NewYard--addressDetailDetailsLanguage-arrow\"]"}
RESULT: {"using":"xpath","value":"//*[@id=\"application-manageyards-display-component---NewYard--addressDetailDetailsLanguage-arrow\"]"}
COMMAND: POST /session/d3cdda6f06e006695550ea94201d0e31/element/f.CF3EA173C6DD6742E6FF2C1FCC3ADAA5.d.B920192F3A9E7958E0D78C9A3F40875B.e.6818/click - {}
RESULT: {}
COMMAND: POST /session/d3cdda6f06e006695550ea94201d0e31/element - {"using":"xpath","value":"//span[contains(text(), \"English\")]"}
COMMAND: GET /session/d3cdda6f06e006695550ea94201d0e31/screenshot - {}
RESULT: {"using":"xpath","value":"//span[contains(text(), \"English\")]"}
COMMAND: POST /session/d3cdda6f06e006695550ea94201d0e31/element/f.CF3EA173C6DD6742E6FF2C1FCC3ADAA5.d.B920192F3A9E7958E0D78C9A3F40875B.e.6819/click - {}
RESULT: {}
RESULT: {}
COMMAND: POST /session/d3cdda6f06e006695550ea94201d0e31/execute/async - {"script":"<script> [1562 bytes]","args":[{"selector":{"id":"application-manageyards-display-component---NewYard--addressDetailDetailsCity1","interaction":{"idSuffix":"inner"}},"wdio_ui5_key":"applicationmanageyards-display-component---NewYard--addressDetailDetailsCity1"}]}
COMMAND: GET /session/d3cdda6f06e006695550ea94201d0e31/screenshot - {}
RESULT: {"script":"<script> [1562 bytes]","args":[{"selector":{"id":"application-manageyards-display-component---NewYard--addressDetailDetailsCity1","interaction":{"idSuffix":"inner"}},"wdio_ui5_key":"applicationmanageyards-display-component---NewYard--addressDetailDetailsCity1"}]}
RESULT: undefined
COMMAND: POST /session/d3cdda6f06e006695550ea94201d0e31/execute/async - {"script":"<script> [776 bytes]","args":[{"enterText":"Rosario","selector":{"id":"application-manageyards-display-component---NewYard--addressDetailDetailsCity1","interaction":{"idSuffix":"inner"}},"clearTextFirst":true,"interactionType":"ENTER_TEXT"}]}
RESULT: {}
RESULT: {"script":"<script> [776 bytes]","args":[{"enterText":"Rosario","selector":{"id":"application-manageyards-display-component---NewYard--addressDetailDetailsCity1","interaction":{"idSuffix":"inner"}},"clearTextFirst":true,"interactionType":"ENTER_TEXT"}]}
COMMAND: POST /session/d3cdda6f06e006695550ea94201d0e31/execute/async - {"script":"<script> [1562 bytes]","args":[{"selector":{"id":"application-manageyards-display-component---NewYard--addressDetailDetailsCountry-arrow"},"wdio_ui5_key":"applicationmanageyards-display-component---NewYard--addressDetailDetailsCountry-arrow"}]}
RESULT: {"script":"<script> [1562 bytes]","args":[{"selector":{"id":"application-manageyards-display-component---NewYard--addressDetailDetailsCountry-arrow"},"wdio_ui5_key":"applicationmanageyards-display-component---NewYard--addressDetailDetailsCountry-arrow"}]}
RESULT: undefined
COMMAND: POST /session/d3cdda6f06e006695550ea94201d0e31/element - {"using":"xpath","value":"//*[@id=\"application-manageyards-display-component---NewYard--addressDetailDetailsCountry-arrow\"]"}
RESULT: {"using":"xpath","value":"//*[@id=\"application-manageyards-display-component---NewYard--addressDetailDetailsCountry-arrow\"]"}
COMMAND: POST /session/d3cdda6f06e006695550ea94201d0e31/element/f.CF3EA173C6DD6742E6FF2C1FCC3ADAA5.d.B920192F3A9E7958E0D78C9A3F40875B.e.6821/click - {}
RESULT: {}
COMMAND: POST /session/d3cdda6f06e006695550ea94201d0e31/element - {"using":"xpath","value":"//span[contains(text(), \"Argentina\")]"}
COMMAND: GET /session/d3cdda6f06e006695550ea94201d0e31/screenshot - {}
RESULT: {"using":"xpath","value":"//span[contains(text(), \"Argentina\")]"}
COMMAND: POST /session/d3cdda6f06e006695550ea94201d0e31/element/f.CF3EA173C6DD6742E6FF2C1FCC3ADAA5.d.B920192F3A9E7958E0D78C9A3F40875B.e.6823/click - {}
RESULT: {}
RESULT: {}
COMMAND: POST /session/d3cdda6f06e006695550ea94201d0e31/execute/async - {"script":"<script> [1562 bytes]","args":[{"selector":{"id":"application-manageyards-display-component---NewYard--addressEditDetailsCostObjectCstType-arrow"},"wdio_ui5_key":"applicationmanageyards-display-component---NewYard--addressEditDetailsCostObjectCstType-arrow"}]}
COMMAND: GET /session/d3cdda6f06e006695550ea94201d0e31/screenshot - {}
RESULT: {"script":"<script> [1562 bytes]","args":[{"selector":{"id":"application-manageyards-display-component---NewYard--addressEditDetailsCostObjectCstType-arrow"},"wdio_ui5_key":"applicationmanageyards-display-component---NewYard--addressEditDetailsCostObjectCstType-arrow"}]}
RESULT: undefined
COMMAND: POST /session/d3cdda6f06e006695550ea94201d0e31/element - {"using":"xpath","value":"//*[@id=\"application-manageyards-display-component---NewYard--addressEditDetailsCostObjectCstType-arrow\"]"}
RESULT: {}
RESULT: {"using":"xpath","value":"//*[@id=\"application-manageyards-display-component---NewYard--addressEditDetailsCostObjectCstType-arrow\"]"}
COMMAND: POST /session/d3cdda6f06e006695550ea94201d0e31/element/f.CF3EA173C6DD6742E6FF2C1FCC3ADAA5.d.B920192F3A9E7958E0D78C9A3F40875B.e.6824/click - {}
RESULT: {}
COMMAND: POST /session/d3cdda6f06e006695550ea94201d0e31/element - {"using":"xpath","value":"//span[contains(text(), \"Cost Center\")]"}
COMMAND: GET /session/d3cdda6f06e006695550ea94201d0e31/screenshot - {}
RESULT: {"using":"xpath","value":"//span[contains(text(), \"Cost Center\")]"}
COMMAND: POST /session/d3cdda6f06e006695550ea94201d0e31/element/f.CF3EA173C6DD6742E6FF2C1FCC3ADAA5.d.B920192F3A9E7958E0D78C9A3F40875B.e.6825/click - {}
RESULT: {}
RESULT: {}
COMMAND: GET /session/d3cdda6f06e006695550ea94201d0e31/screenshot - {}
RESULT: {}
COMMAND: POST /session/d3cdda6f06e006695550ea94201d0e31/element - {"using":"xpath","value":"//span[@id=\"application-manageyards-display-component---NewYard--addressNewCostObjectCstID-vhi\"]"}
RESULT: {"using":"xpath","value":"//span[@id=\"application-manageyards-display-component---NewYard--addressNewCostObjectCstID-vhi\"]"}
COMMAND: POST /session/d3cdda6f06e006695550ea94201d0e31/execute/sync - {"script":"<script> [8489 bytes]","args":[{"element-6066-11e4-a52e-4f735466cecf":"f.CF3EA173C6DD6742E6FF2C1FCC3ADAA5.d.B920192F3A9E7958E0D78C9A3F40875B.e.6829","ELEMENT":"f.CF3EA173C6DD6742E6FF2C1FCC3ADAA5.d.B920192F3A9E7958E0D78C9A3F40875B.e.6829"}]}
RESULT: {"script":"<script> [8489 bytes]","args":[{"element-6066-11e4-a52e-4f735466cecf":"f.CF3EA173C6DD6742E6FF2C1FCC3ADAA5.d.B920192F3A9E7958E0D78C9A3F40875B.e.6829","ELEMENT":"f.CF3EA173C6DD6742E6FF2C1FCC3ADAA5.d.B920192F3A9E7958E0D78C9A3F40875B.e.6829"}]}
COMMAND: POST /session/d3cdda6f06e006695550ea94201d0e31/execute/async - {"script":"<script> [1562 bytes]","args":[{"selector":{"id":"application-manageyards-display-component---NewYard--addressNewCostObjectCstID-vhi"},"wdio_ui5_key":"applicationmanageyards-display-component---NewYard--addressNewCostObjectCstID-vhi"}]}
COMMAND: GET /session/d3cdda6f06e006695550ea94201d0e31/screenshot - {}
RESULT: {"script":"<script> [1562 bytes]","args":[{"selector":{"id":"application-manageyards-display-component---NewYard--addressNewCostObjectCstID-vhi"},"wdio_ui5_key":"applicationmanageyards-display-component---NewYard--addressNewCostObjectCstID-vhi"}]}
RESULT: undefined
COMMAND: POST /session/d3cdda6f06e006695550ea94201d0e31/element - {"using":"xpath","value":"//*[@id=\"application-manageyards-display-component---NewYard--addressNewCostObjectCstID-vhi\"]"}
RESULT: {}
RESULT: {"using":"xpath","value":"//*[@id=\"application-manageyards-display-component---NewYard--addressNewCostObjectCstID-vhi\"]"}
COMMAND: POST /session/d3cdda6f06e006695550ea94201d0e31/element/f.CF3EA173C6DD6742E6FF2C1FCC3ADAA5.d.B920192F3A9E7958E0D78C9A3F40875B.e.6829/click - {}
RESULT: {}
COMMAND: GET /session/d3cdda6f06e006695550ea94201d0e31/screenshot - {}
RESULT: {}
COMMAND: POST /session/d3cdda6f06e006695550ea94201d0e31/execute/async - {"script":"<script> [1562 bytes]","args":[{"selector":{"controlType":"sap.m.SearchField","properties":{"placeholder":"Search"},"searchOpenDialogs":true,"interaction":{"idSuffix":"I"}},"wdio_ui5_key":"sapm.SearchField{\"placeholder\":\"Search\"}"}]}
RESULT: {"script":"<script> [1562 bytes]","args":[{"selector":{"controlType":"sap.m.SearchField","properties":{"placeholder":"Search"},"searchOpenDialogs":true,"interaction":{"idSuffix":"I"}},"wdio_ui5_key":"sapm.SearchField{\"placeholder\":\"Search\"}"}]}
RESULT: undefined
COMMAND: POST /session/d3cdda6f06e006695550ea94201d0e31/execute/async - {"script":"<script> [776 bytes]","args":[{"enterText":"bauh_b","selector":{"controlType":"sap.m.SearchField","properties":{"placeholder":"Search"},"searchOpenDialogs":true,"interaction":{"idSuffix":"I"}},"clearTextFirst":true,"interactionType":"ENTER_TEXT"}]}
RESULT: {"script":"<script> [776 bytes]","args":[{"enterText":"bauh_b","selector":{"controlType":"sap.m.SearchField","properties":{"placeholder":"Search"},"searchOpenDialogs":true,"interaction":{"idSuffix":"I"}},"clearTextFirst":true,"interactionType":"ENTER_TEXT"}]}
COMMAND: POST /session/d3cdda6f06e006695550ea94201d0e31/actions - {"actions":[{"id":"action20","type":"key","parameters":{},"actions":[{"type":"keyDown","value":"î€‡"},{"type":"pause","duration":10},{"type":"keyUp","value":"î€‡"}]}]}
RESULT: {"actions":[{"id":"action20","type":"key","parameters":{},"actions":[{"type":"keyDown","value":"î€‡"},{"type":"pause","duration":10},{"type":"keyUp","value":"î€‡"}]}]}
COMMAND: GET /session/d3cdda6f06e006695550ea94201d0e31/screenshot - {}
RESULT: {}
COMMAND: POST /session/d3cdda6f06e006695550ea94201d0e31/element - {"using":"xpath","value":"//span[contains(text(), \"Demo Yard\")]"}
RESULT: {"using":"xpath","value":"//span[contains(text(), \"Demo Yard\")]"}
COMMAND: POST /session/d3cdda6f06e006695550ea94201d0e31/element/f.CF3EA173C6DD6742E6FF2C1FCC3ADAA5.d.B920192F3A9E7958E0D78C9A3F40875B.e.6871/click - {}
RESULT: {}
COMMAND: GET /session/d3cdda6f06e006695550ea94201d0e31/screenshot - {}
RESULT: {}
COMMAND: POST /session/d3cdda6f06e006695550ea94201d0e31/element - {"using":"xpath","value":"//bdi[contains(text(), \"OK\")]"}
RESULT: {"using":"xpath","value":"//bdi[contains(text(), \"OK\")]"}
COMMAND: POST /session/d3cdda6f06e006695550ea94201d0e31/element/f.CF3EA173C6DD6742E6FF2C1FCC3ADAA5.d.B920192F3A9E7958E0D78C9A3F40875B.e.6872/click - {}
RESULT: {}
COMMAND: GET /session/d3cdda6f06e006695550ea94201d0e31/screenshot - {}
RESULT: {}
COMMAND: POST /session/d3cdda6f06e006695550ea94201d0e31/execute/async - {"script":"<script> [1562 bytes]","args":[{"selector":{"id":"application-manageyards-display-component---NewYard--addressEditDetailsCurrency-arrow"},"wdio_ui5_key":"applicationmanageyards-display-component---NewYard--addressEditDetailsCurrency-arrow"}]}
RESULT: {"script":"<script> [1562 bytes]","args":[{"selector":{"id":"application-manageyards-display-component---NewYard--addressEditDetailsCurrency-arrow"},"wdio_ui5_key":"applicationmanageyards-display-component---NewYard--addressEditDetailsCurrency-arrow"}]}
RESULT: undefined
COMMAND: POST /session/d3cdda6f06e006695550ea94201d0e31/element - {"using":"xpath","value":"//*[@id=\"application-manageyards-display-component---NewYard--addressEditDetailsCurrency-arrow\"]"}
RESULT: {"using":"xpath","value":"//*[@id=\"application-manageyards-display-component---NewYard--addressEditDetailsCurrency-arrow\"]"}
COMMAND: POST /session/d3cdda6f06e006695550ea94201d0e31/element/f.CF3EA173C6DD6742E6FF2C1FCC3ADAA5.d.B920192F3A9E7958E0D78C9A3F40875B.e.6875/click - {}
RESULT: {}
COMMAND: POST /session/d3cdda6f06e006695550ea94201d0e31/element - {"using":"xpath","value":"//span[contains(text(), \"Euro\")]"}
COMMAND: GET /session/d3cdda6f06e006695550ea94201d0e31/screenshot - {}
RESULT: {"using":"xpath","value":"//span[contains(text(), \"Euro\")]"}
COMMAND: POST /session/d3cdda6f06e006695550ea94201d0e31/element/f.CF3EA173C6DD6742E6FF2C1FCC3ADAA5.d.B920192F3A9E7958E0D78C9A3F40875B.e.6876/click - {}
RESULT: {}
RESULT: {}
COMMAND: POST /session/d3cdda6f06e006695550ea94201d0e31/execute/async - {"script":"<script> [1562 bytes]","args":[{"selector":{"controlType":"sap.m.Input","viewName":"etm.portal.ui.manageyards.view.New","viewId":"application-manageyards-display-component---NewYard","bindingPath":{"path":"","propertyPath":"/CONTROLLING_AREA","modelName":"NewYardModel"},"interaction":{"idSuffix":"inner"}},"wdio_ui5_key":"etmportal.ui.manageyards.view.Newsap.m.Input{\"path\":\"\",\"propertyPath\":\"/CONTROLLING_AREA\",\"modelName\":\"NewYardModel\"}"}]}
COMMAND: GET /session/d3cdda6f06e006695550ea94201d0e31/screenshot - {}
RESULT: {"script":"<script> [1562 bytes]","args":[{"selector":{"controlType":"sap.m.Input","viewName":"etm.portal.ui.manageyards.view.New","viewId":"application-manageyards-display-component---NewYard","bindingPath":{"path":"","propertyPath":"/CONTROLLING_AREA","modelName":"NewYardModel"},"interaction":{"idSuffix":"inner"}},"wdio_ui5_key":"etmportal.ui.manageyards.view.Newsap.m.Input{\"path\":\"\",\"propertyPath\":\"/CONTROLLING_AREA\",\"modelName\":\"NewYardModel\"}"}]}
RESULT: undefined
COMMAND: POST /session/d3cdda6f06e006695550ea94201d0e31/execute/async - {"script":"<script> [776 bytes]","args":[{"enterText":"Z001","selector":{"controlType":"sap.m.Input","viewName":"etm.portal.ui.manageyards.view.New","viewId":"application-manageyards-display-component---NewYard","bindingPath":{"path":"","propertyPath":"/CONTROLLING_AREA","modelName":"NewYardModel"},"interaction":{"idSuffix":"inner"}},"clearTextFirst":true,"interactionType":"ENTER_TEXT"}]}
RESULT: {}
RESULT: {"script":"<script> [776 bytes]","args":[{"enterText":"Z001","selector":{"controlType":"sap.m.Input","viewName":"etm.portal.ui.manageyards.view.New","viewId":"application-manageyards-display-component---NewYard","bindingPath":{"path":"","propertyPath":"/CONTROLLING_AREA","modelName":"NewYardModel"},"interaction":{"idSuffix":"inner"}},"clearTextFirst":true,"interactionType":"ENTER_TEXT"}]}
COMMAND: POST /session/d3cdda6f06e006695550ea94201d0e31/execute/async - {"script":"<script> [1562 bytes]","args":[{"selector":{"id":"application-manageyards-display-component---NewYard--companyCodeComboBox","interaction":{"idSuffix":"inner"}},"wdio_ui5_key":"applicationmanageyards-display-component---NewYard--companyCodeComboBox"}]}
RESULT: {"script":"<script> [1562 bytes]","args":[{"selector":{"id":"application-manageyards-display-component---NewYard--companyCodeComboBox","interaction":{"idSuffix":"inner"}},"wdio_ui5_key":"applicationmanageyards-display-component---NewYard--companyCodeComboBox"}]}
RESULT: undefined
COMMAND: POST /session/d3cdda6f06e006695550ea94201d0e31/execute/async - {"script":"<script> [776 bytes]","args":[{"enterText":"1000","selector":{"id":"application-manageyards-display-component---NewYard--companyCodeComboBox","interaction":{"idSuffix":"inner"}},"clearTextFirst":true,"interactionType":"ENTER_TEXT"}]}
RESULT: {"script":"<script> [776 bytes]","args":[{"enterText":"1000","selector":{"id":"application-manageyards-display-component---NewYard--companyCodeComboBox","interaction":{"idSuffix":"inner"}},"clearTextFirst":true,"interactionType":"ENTER_TEXT"}]}
COMMAND: POST /session/d3cdda6f06e006695550ea94201d0e31/execute/async - {"script":"<script> [1562 bytes]","args":[{"selector":{"controlType":"sap.m.Input","viewName":"etm.portal.ui.manageyards.view.New","viewId":"application-manageyards-display-component---NewYard","bindingPath":{"path":"","propertyPath":"/PLANT","modelName":"NewYardModel"},"interaction":{"idSuffix":"inner"}},"wdio_ui5_key":"etmportal.ui.manageyards.view.Newsap.m.Input{\"path\":\"\",\"propertyPath\":\"/PLANT\",\"modelName\":\"NewYardModel\"}"}]}
RESULT: {"script":"<script> [1562 bytes]","args":[{"selector":{"controlType":"sap.m.Input","viewName":"etm.portal.ui.manageyards.view.New","viewId":"application-manageyards-display-component---NewYard","bindingPath":{"path":"","propertyPath":"/PLANT","modelName":"NewYardModel"},"interaction":{"idSuffix":"inner"}},"wdio_ui5_key":"etmportal.ui.manageyards.view.Newsap.m.Input{\"path\":\"\",\"propertyPath\":\"/PLANT\",\"modelName\":\"NewYardModel\"}"}]}
RESULT: undefined
COMMAND: POST /session/d3cdda6f06e006695550ea94201d0e31/execute/async - {"script":"<script> [776 bytes]","args":[{"enterText":"1001","selector":{"controlType":"sap.m.Input","viewName":"etm.portal.ui.manageyards.view.New","viewId":"application-manageyards-display-component---NewYard","bindingPath":{"path":"","propertyPath":"/PLANT","modelName":"NewYardModel"},"interaction":{"idSuffix":"inner"}},"clearTextFirst":true,"interactionType":"ENTER_TEXT"}]}
RESULT: {"script":"<script> [776 bytes]","args":[{"enterText":"1001","selector":{"controlType":"sap.m.Input","viewName":"etm.portal.ui.manageyards.view.New","viewId":"application-manageyards-display-component---NewYard","bindingPath":{"path":"","propertyPath":"/PLANT","modelName":"NewYardModel"},"interaction":{"idSuffix":"inner"}},"clearTextFirst":true,"interactionType":"ENTER_TEXT"}]}
COMMAND: POST /session/d3cdda6f06e006695550ea94201d0e31/execute/async - {"script":"<script> [1562 bytes]","args":[{"selector":{"controlType":"sap.m.Input","viewName":"etm.portal.ui.manageyards.view.New","viewId":"application-manageyards-display-component---NewYard","bindingPath":{"path":"","propertyPath":"/SALES_AREA_VKORG","modelName":"NewYardModel"},"interaction":{"idSuffix":"inner"}},"wdio_ui5_key":"etmportal.ui.manageyards.view.Newsap.m.Input{\"path\":\"\",\"propertyPath\":\"/SALES_AREA_VKORG\",\"modelName\":\"NewYardModel\"}"}]}
RESULT: {"script":"<script> [1562 bytes]","args":[{"selector":{"controlType":"sap.m.Input","viewName":"etm.portal.ui.manageyards.view.New","viewId":"application-manageyards-display-component---NewYard","bindingPath":{"path":"","propertyPath":"/SALES_AREA_VKORG","modelName":"NewYardModel"},"interaction":{"idSuffix":"inner"}},"wdio_ui5_key":"etmportal.ui.manageyards.view.Newsap.m.Input{\"path\":\"\",\"propertyPath\":\"/SALES_AREA_VKORG\",\"modelName\":\"NewYardModel\"}"}]}
RESULT: undefined
COMMAND: POST /session/d3cdda6f06e006695550ea94201d0e31/execute/async - {"script":"<script> [776 bytes]","args":[{"enterText":"C002","selector":{"controlType":"sap.m.Input","viewName":"etm.portal.ui.manageyards.view.New","viewId":"application-manageyards-display-component---NewYard","bindingPath":{"path":"","propertyPath":"/SALES_AREA_VKORG","modelName":"NewYardModel"},"interaction":{"idSuffix":"inner"}},"clearTextFirst":true,"interactionType":"ENTER_TEXT"}]}
RESULT: {"script":"<script> [776 bytes]","args":[{"enterText":"C002","selector":{"controlType":"sap.m.Input","viewName":"etm.portal.ui.manageyards.view.New","viewId":"application-manageyards-display-component---NewYard","bindingPath":{"path":"","propertyPath":"/SALES_AREA_VKORG","modelName":"NewYardModel"},"interaction":{"idSuffix":"inner"}},"clearTextFirst":true,"interactionType":"ENTER_TEXT"}]}
COMMAND: POST /session/d3cdda6f06e006695550ea94201d0e31/execute/async - {"script":"<script> [1562 bytes]","args":[{"selector":{"controlType":"sap.m.Input","viewName":"etm.portal.ui.manageyards.view.New","viewId":"application-manageyards-display-component---NewYard","bindingPath":{"path":"","propertyPath":"/SALES_AREA_VTWEG","modelName":"NewYardModel"},"interaction":{"idSuffix":"inner"}},"wdio_ui5_key":"etmportal.ui.manageyards.view.Newsap.m.Input{\"path\":\"\",\"propertyPath\":\"/SALES_AREA_VTWEG\",\"modelName\":\"NewYardModel\"}"}]}
RESULT: {"script":"<script> [1562 bytes]","args":[{"selector":{"controlType":"sap.m.Input","viewName":"etm.portal.ui.manageyards.view.New","viewId":"application-manageyards-display-component---NewYard","bindingPath":{"path":"","propertyPath":"/SALES_AREA_VTWEG","modelName":"NewYardModel"},"interaction":{"idSuffix":"inner"}},"wdio_ui5_key":"etmportal.ui.manageyards.view.Newsap.m.Input{\"path\":\"\",\"propertyPath\":\"/SALES_AREA_VTWEG\",\"modelName\":\"NewYardModel\"}"}]}
RESULT: undefined
COMMAND: POST /session/d3cdda6f06e006695550ea94201d0e31/execute/async - {"script":"<script> [776 bytes]","args":[{"enterText":"C2","selector":{"controlType":"sap.m.Input","viewName":"etm.portal.ui.manageyards.view.New","viewId":"application-manageyards-display-component---NewYard","bindingPath":{"path":"","propertyPath":"/SALES_AREA_VTWEG","modelName":"NewYardModel"},"interaction":{"idSuffix":"inner"}},"clearTextFirst":true,"interactionType":"ENTER_TEXT"}]}
RESULT: {"script":"<script> [776 bytes]","args":[{"enterText":"C2","selector":{"controlType":"sap.m.Input","viewName":"etm.portal.ui.manageyards.view.New","viewId":"application-manageyards-display-component---NewYard","bindingPath":{"path":"","propertyPath":"/SALES_AREA_VTWEG","modelName":"NewYardModel"},"interaction":{"idSuffix":"inner"}},"clearTextFirst":true,"interactionType":"ENTER_TEXT"}]}
COMMAND: POST /session/d3cdda6f06e006695550ea94201d0e31/execute/async - {"script":"<script> [1562 bytes]","args":[{"selector":{"controlType":"sap.m.Input","viewName":"etm.portal.ui.manageyards.view.New","viewId":"application-manageyards-display-component---NewYard","bindingPath":{"path":"","propertyPath":"/SALES_AREA_SPART","modelName":"NewYardModel"},"interaction":{"idSuffix":"inner"}},"wdio_ui5_key":"etmportal.ui.manageyards.view.Newsap.m.Input{\"path\":\"\",\"propertyPath\":\"/SALES_AREA_SPART\",\"modelName\":\"NewYardModel\"}"}]}
RESULT: {"script":"<script> [1562 bytes]","args":[{"selector":{"controlType":"sap.m.Input","viewName":"etm.portal.ui.manageyards.view.New","viewId":"application-manageyards-display-component---NewYard","bindingPath":{"path":"","propertyPath":"/SALES_AREA_SPART","modelName":"NewYardModel"},"interaction":{"idSuffix":"inner"}},"wdio_ui5_key":"etmportal.ui.manageyards.view.Newsap.m.Input{\"path\":\"\",\"propertyPath\":\"/SALES_AREA_SPART\",\"modelName\":\"NewYardModel\"}"}]}
RESULT: undefined
COMMAND: POST /session/d3cdda6f06e006695550ea94201d0e31/execute/async - {"script":"<script> [776 bytes]","args":[{"enterText":"C2","selector":{"controlType":"sap.m.Input","viewName":"etm.portal.ui.manageyards.view.New","viewId":"application-manageyards-display-component---NewYard","bindingPath":{"path":"","propertyPath":"/SALES_AREA_SPART","modelName":"NewYardModel"},"interaction":{"idSuffix":"inner"}},"clearTextFirst":true,"interactionType":"ENTER_TEXT"}]}
RESULT: {"script":"<script> [776 bytes]","args":[{"enterText":"C2","selector":{"controlType":"sap.m.Input","viewName":"etm.portal.ui.manageyards.view.New","viewId":"application-manageyards-display-component---NewYard","bindingPath":{"path":"","propertyPath":"/SALES_AREA_SPART","modelName":"NewYardModel"},"interaction":{"idSuffix":"inner"}},"clearTextFirst":true,"interactionType":"ENTER_TEXT"}]}
COMMAND: POST /session/d3cdda6f06e006695550ea94201d0e31/execute/async - {"script":"<script> [1562 bytes]","args":[{"selector":{"controlType":"sap.m.Input","viewName":"etm.portal.ui.manageyards.view.New","viewId":"application-manageyards-display-component---NewYard","bindingPath":{"path":"","propertyPath":"/SHIP_POINT","modelName":"NewYardModel"},"interaction":{"idSuffix":"inner"}},"wdio_ui5_key":"etmportal.ui.manageyards.view.Newsap.m.Input{\"path\":\"\",\"propertyPath\":\"/SHIP_POINT\",\"modelName\":\"NewYardModel\"}"}]}
RESULT: {"script":"<script> [1562 bytes]","args":[{"selector":{"controlType":"sap.m.Input","viewName":"etm.portal.ui.manageyards.view.New","viewId":"application-manageyards-display-component---NewYard","bindingPath":{"path":"","propertyPath":"/SHIP_POINT","modelName":"NewYardModel"},"interaction":{"idSuffix":"inner"}},"wdio_ui5_key":"etmportal.ui.manageyards.view.Newsap.m.Input{\"path\":\"\",\"propertyPath\":\"/SHIP_POINT\",\"modelName\":\"NewYardModel\"}"}]}
RESULT: undefined
COMMAND: POST /session/d3cdda6f06e006695550ea94201d0e31/execute/async - {"script":"<script> [776 bytes]","args":[{"enterText":"1710","selector":{"controlType":"sap.m.Input","viewName":"etm.portal.ui.manageyards.view.New","viewId":"application-manageyards-display-component---NewYard","bindingPath":{"path":"","propertyPath":"/SHIP_POINT","modelName":"NewYardModel"},"interaction":{"idSuffix":"inner"}},"clearTextFirst":true,"interactionType":"ENTER_TEXT"}]}
RESULT: {"script":"<script> [776 bytes]","args":[{"enterText":"1710","selector":{"controlType":"sap.m.Input","viewName":"etm.portal.ui.manageyards.view.New","viewId":"application-manageyards-display-component---NewYard","bindingPath":{"path":"","propertyPath":"/SHIP_POINT","modelName":"NewYardModel"},"interaction":{"idSuffix":"inner"}},"clearTextFirst":true,"interactionType":"ENTER_TEXT"}]}
COMMAND: POST /session/d3cdda6f06e006695550ea94201d0e31/execute/async - {"script":"<script> [1562 bytes]","args":[{"selector":{"controlType":"sap.m.Input","viewName":"etm.portal.ui.manageyards.view.New","viewId":"application-manageyards-display-component---NewYard","bindingPath":{"path":"","propertyPath":"/DELIVERY_TYPE","modelName":"NewYardModel"},"interaction":{"idSuffix":"inner"}},"wdio_ui5_key":"etmportal.ui.manageyards.view.Newsap.m.Input{\"path\":\"\",\"propertyPath\":\"/DELIVERY_TYPE\",\"modelName\":\"NewYardModel\"}"}]}
RESULT: {"script":"<script> [1562 bytes]","args":[{"selector":{"controlType":"sap.m.Input","viewName":"etm.portal.ui.manageyards.view.New","viewId":"application-manageyards-display-component---NewYard","bindingPath":{"path":"","propertyPath":"/DELIVERY_TYPE","modelName":"NewYardModel"},"interaction":{"idSuffix":"inner"}},"wdio_ui5_key":"etmportal.ui.manageyards.view.Newsap.m.Input{\"path\":\"\",\"propertyPath\":\"/DELIVERY_TYPE\",\"modelName\":\"NewYardModel\"}"}]}
RESULT: undefined
COMMAND: POST /session/d3cdda6f06e006695550ea94201d0e31/execute/async - {"script":"<script> [776 bytes]","args":[{"enterText":"ZL01","selector":{"controlType":"sap.m.Input","viewName":"etm.portal.ui.manageyards.view.New","viewId":"application-manageyards-display-component---NewYard","bindingPath":{"path":"","propertyPath":"/DELIVERY_TYPE","modelName":"NewYardModel"},"interaction":{"idSuffix":"inner"}},"clearTextFirst":true,"interactionType":"ENTER_TEXT"}]}
RESULT: {"script":"<script> [776 bytes]","args":[{"enterText":"ZL01","selector":{"controlType":"sap.m.Input","viewName":"etm.portal.ui.manageyards.view.New","viewId":"application-manageyards-display-component---NewYard","bindingPath":{"path":"","propertyPath":"/DELIVERY_TYPE","modelName":"NewYardModel"},"interaction":{"idSuffix":"inner"}},"clearTextFirst":true,"interactionType":"ENTER_TEXT"}]}
COMMAND: POST /session/d3cdda6f06e006695550ea94201d0e31/execute/async - {"script":"<script> [1562 bytes]","args":[{"selector":{"controlType":"sap.m.Input","viewName":"etm.portal.ui.manageyards.view.New","viewId":"application-manageyards-display-component---NewYard","bindingPath":{"path":"","propertyPath":"/AUART","modelName":"NewYardModel"},"interaction":{"idSuffix":"inner"}},"wdio_ui5_key":"etmportal.ui.manageyards.view.Newsap.m.Input{\"path\":\"\",\"propertyPath\":\"/AUART\",\"modelName\":\"NewYardModel\"}"}]}
RESULT: {"script":"<script> [1562 bytes]","args":[{"selector":{"controlType":"sap.m.Input","viewName":"etm.portal.ui.manageyards.view.New","viewId":"application-manageyards-display-component---NewYard","bindingPath":{"path":"","propertyPath":"/AUART","modelName":"NewYardModel"},"interaction":{"idSuffix":"inner"}},"wdio_ui5_key":"etmportal.ui.manageyards.view.Newsap.m.Input{\"path\":\"\",\"propertyPath\":\"/AUART\",\"modelName\":\"NewYardModel\"}"}]}
RESULT: undefined
COMMAND: POST /session/d3cdda6f06e006695550ea94201d0e31/execute/async - {"script":"<script> [776 bytes]","args":[{"enterText":"TA","selector":{"controlType":"sap.m.Input","viewName":"etm.portal.ui.manageyards.view.New","viewId":"application-manageyards-display-component---NewYard","bindingPath":{"path":"","propertyPath":"/AUART","modelName":"NewYardModel"},"interaction":{"idSuffix":"inner"}},"clearTextFirst":true,"interactionType":"ENTER_TEXT"}]}
RESULT: {"script":"<script> [776 bytes]","args":[{"enterText":"TA","selector":{"controlType":"sap.m.Input","viewName":"etm.portal.ui.manageyards.view.New","viewId":"application-manageyards-display-component---NewYard","bindingPath":{"path":"","propertyPath":"/AUART","modelName":"NewYardModel"},"interaction":{"idSuffix":"inner"}},"clearTextFirst":true,"interactionType":"ENTER_TEXT"}]}
COMMAND: POST /session/d3cdda6f06e006695550ea94201d0e31/element - {"using":"xpath","value":"//button[@data-kt=\"newYardSaveButton\"]"}
RESULT: {"using":"xpath","value":"//button[@data-kt=\"newYardSaveButton\"]"}
COMMAND: POST /session/d3cdda6f06e006695550ea94201d0e31/element/f.CF3EA173C6DD6742E6FF2C1FCC3ADAA5.d.B920192F3A9E7958E0D78C9A3F40875B.e.6782/click - {}
RESULT: {}
COMMAND: GET /session/d3cdda6f06e006695550ea94201d0e31/screenshot - {}
RESULT: {}
COMMAND: POST /session/d3cdda6f06e006695550ea94201d0e31/element - {"using":"xpath","value":"//header[contains(@id, 'ObjectPageLayout-headerTitle')]/div[1]/div[2]/div[1]/span[1]"}
RESULT: {"using":"xpath","value":"//header[contains(@id, 'ObjectPageLayout-headerTitle')]/div[1]/div[2]/div[1]/span[1]"}
COMMAND: POST /session/d3cdda6f06e006695550ea94201d0e31/elements - {"using":"xpath","value":"//header[contains(@id, 'ObjectPageLayout-headerTitle')]/div[1]/div[2]/div[1]/span[1]"}
RESULT: {"using":"xpath","value":"//header[contains(@id, 'ObjectPageLayout-headerTitle')]/div[1]/div[2]/div[1]/span[1]"}
COMMAND: POST /session/d3cdda6f06e006695550ea94201d0e31/execute/sync - {"script":"<script> [56 bytes]","args":[{"element-6066-11e4-a52e-4f735466cecf":"f.CF3EA173C6DD6742E6FF2C1FCC3ADAA5.d.B920192F3A9E7958E0D78C9A3F40875B.e.7106","ELEMENT":"f.CF3EA173C6DD6742E6FF2C1FCC3ADAA5.d.B920192F3A9E7958E0D78C9A3F40875B.e.7106"}]}
RESULT: {"script":"<script> [56 bytes]","args":[{"element-6066-11e4-a52e-4f735466cecf":"f.CF3EA173C6DD6742E6FF2C1FCC3ADAA5.d.B920192F3A9E7958E0D78C9A3F40875B.e.7106","ELEMENT":"f.CF3EA173C6DD6742E6FF2C1FCC3ADAA5.d.B920192F3A9E7958E0D78C9A3F40875B.e.7106"}]}
COMMAND: GET /session/d3cdda6f06e006695550ea94201d0e31/screenshot - {}
RESULT: {}
COMMAND: POST /session/d3cdda6f06e006695550ea94201d0e31/element - {"using":"css selector","value":"#shell-header-logo"}
RESULT: {"using":"css selector","value":"#shell-header-logo"}
COMMAND: POST /session/d3cdda6f06e006695550ea94201d0e31/element/f.CF3EA173C6DD6742E6FF2C1FCC3ADAA5.d.B920192F3A9E7958E0D78C9A3F40875B.e.6338/click - {}
RESULT: {}
COMMAND: GET /session/d3cdda6f06e006695550ea94201d0e31/screenshot - {}
RESULT: {}
COMMAND: POST /session/d3cdda6f06e006695550ea94201d0e31/execute/sync - {"script":"<script> [299 bytes]","args":[["getModel","getResource"]]}
RESULT: {"script":"<script> [299 bytes]","args":[["getModel","getResource"]]}
]]></system-out>
    </testcase>
    <testcase classname="chrome.136_0_7103_93.windows.Create_master_data_for_mixed_billing_&amp;_do_billing_calculation_US151661" name="Should create a new partner" time="129.342">
      <system-out><![CDATA[
COMMAND: POST /session/d3cdda6f06e006695550ea94201d0e31/window/fullscreen - {}
COMMAND: GET /session/d3cdda6f06e006695550ea94201d0e31/screenshot - {}
RESULT: {}
COMMAND: POST /session/d3cdda6f06e006695550ea94201d0e31/execute/async - {"script":"<script> [1562 bytes]","args":[{"selector":{"controlType":"sap.m.GenericTile","properties":{"header":"Manage Partners"}},"wdio_ui5_key":"sapm.GenericTile{\"header\":\"Manage Partners\"}"}]}
RESULT: {}
RESULT: {"script":"<script> [1562 bytes]","args":[{"selector":{"controlType":"sap.m.GenericTile","properties":{"header":"Manage Partners"}},"wdio_ui5_key":"sapm.GenericTile{\"header\":\"Manage Partners\"}"}]}
RESULT: undefined
COMMAND: POST /session/d3cdda6f06e006695550ea94201d0e31/element - {"using":"xpath","value":"//*[@id=\"__tile38\"]"}
RESULT: {"using":"xpath","value":"//*[@id=\"__tile38\"]"}
COMMAND: POST /session/d3cdda6f06e006695550ea94201d0e31/element/f.CF3EA173C6DD6742E6FF2C1FCC3ADAA5.d.B920192F3A9E7958E0D78C9A3F40875B.e.6223/click - {}
RESULT: {}
COMMAND: GET /session/d3cdda6f06e006695550ea94201d0e31/screenshot - {}
RESULT: {}
COMMAND: POST /session/d3cdda6f06e006695550ea94201d0e31/elements - {"using":"xpath","value":"//span[text()='Error']"}
RESULT: {"using":"xpath","value":"//span[text()='Error']"}
COMMAND: POST /session/d3cdda6f06e006695550ea94201d0e31/element - {"using":"xpath","value":"//button[@data-kt=\"addButton\"]"}
RESULT: {"using":"xpath","value":"//button[@data-kt=\"addButton\"]"}
COMMAND: POST /session/d3cdda6f06e006695550ea94201d0e31/elements - {"using":"xpath","value":"//button[@data-kt=\"addButton\"]"}
RESULT: {"using":"xpath","value":"//button[@data-kt=\"addButton\"]"}
COMMAND: POST /session/d3cdda6f06e006695550ea94201d0e31/execute/sync - {"script":"<script> [8489 bytes]","args":[{"element-6066-11e4-a52e-4f735466cecf":"f.CF3EA173C6DD6742E6FF2C1FCC3ADAA5.d.B920192F3A9E7958E0D78C9A3F40875B.e.7153","ELEMENT":"f.CF3EA173C6DD6742E6FF2C1FCC3ADAA5.d.B920192F3A9E7958E0D78C9A3F40875B.e.7153"}]}
RESULT: {"script":"<script> [8489 bytes]","args":[{"element-6066-11e4-a52e-4f735466cecf":"f.CF3EA173C6DD6742E6FF2C1FCC3ADAA5.d.B920192F3A9E7958E0D78C9A3F40875B.e.7153","ELEMENT":"f.CF3EA173C6DD6742E6FF2C1FCC3ADAA5.d.B920192F3A9E7958E0D78C9A3F40875B.e.7153"}]}
COMMAND: GET /session/d3cdda6f06e006695550ea94201d0e31/element/f.CF3EA173C6DD6742E6FF2C1FCC3ADAA5.d.B920192F3A9E7958E0D78C9A3F40875B.e.7153/enabled - {}
COMMAND: GET /session/d3cdda6f06e006695550ea94201d0e31/screenshot - {}
RESULT: {}
COMMAND: POST /session/d3cdda6f06e006695550ea94201d0e31/execute/sync - {"script":"<script> [8489 bytes]","args":[{"element-6066-11e4-a52e-4f735466cecf":"f.CF3EA173C6DD6742E6FF2C1FCC3ADAA5.d.B920192F3A9E7958E0D78C9A3F40875B.e.7153","ELEMENT":"f.CF3EA173C6DD6742E6FF2C1FCC3ADAA5.d.B920192F3A9E7958E0D78C9A3F40875B.e.7153"}]}
COMMAND: GET /session/d3cdda6f06e006695550ea94201d0e31/screenshot - {}
RESULT: {}
RESULT: {"script":"<script> [8489 bytes]","args":[{"element-6066-11e4-a52e-4f735466cecf":"f.CF3EA173C6DD6742E6FF2C1FCC3ADAA5.d.B920192F3A9E7958E0D78C9A3F40875B.e.7153","ELEMENT":"f.CF3EA173C6DD6742E6FF2C1FCC3ADAA5.d.B920192F3A9E7958E0D78C9A3F40875B.e.7153"}]}
COMMAND: POST /session/d3cdda6f06e006695550ea94201d0e31/execute/sync - {"script":"<script> [5351 bytes]","args":[{"element-6066-11e4-a52e-4f735466cecf":"f.CF3EA173C6DD6742E6FF2C1FCC3ADAA5.d.B920192F3A9E7958E0D78C9A3F40875B.e.7153","ELEMENT":"f.CF3EA173C6DD6742E6FF2C1FCC3ADAA5.d.B920192F3A9E7958E0D78C9A3F40875B.e.7153"}]}
COMMAND: GET /session/d3cdda6f06e006695550ea94201d0e31/screenshot - {}
RESULT: {}
RESULT: {"script":"<script> [5351 bytes]","args":[{"element-6066-11e4-a52e-4f735466cecf":"f.CF3EA173C6DD6742E6FF2C1FCC3ADAA5.d.B920192F3A9E7958E0D78C9A3F40875B.e.7153","ELEMENT":"f.CF3EA173C6DD6742E6FF2C1FCC3ADAA5.d.B920192F3A9E7958E0D78C9A3F40875B.e.7153"}]}
COMMAND: POST /session/d3cdda6f06e006695550ea94201d0e31/element/f.CF3EA173C6DD6742E6FF2C1FCC3ADAA5.d.B920192F3A9E7958E0D78C9A3F40875B.e.7153/click - {}
COMMAND: GET /session/d3cdda6f06e006695550ea94201d0e31/screenshot - {}
RESULT: {}
RESULT: {}
COMMAND: GET /session/d3cdda6f06e006695550ea94201d0e31/screenshot - {}
COMMAND: POST /session/d3cdda6f06e006695550ea94201d0e31/execute/async - {"script":"<script> [1562 bytes]","args":[{"selector":{"id":"application-managepartners-display-component---NewPartner--addressDetailDetailsName1","interaction":{"idSuffix":"inner"}},"wdio_ui5_key":"applicationmanagepartners-display-component---NewPartner--addressDetailDetailsName1"}]}
RESULT: {}
RESULT: {}
RESULT: {"script":"<script> [1562 bytes]","args":[{"selector":{"id":"application-managepartners-display-component---NewPartner--addressDetailDetailsName1","interaction":{"idSuffix":"inner"}},"wdio_ui5_key":"applicationmanagepartners-display-component---NewPartner--addressDetailDetailsName1"}]}
RESULT: undefined
COMMAND: POST /session/d3cdda6f06e006695550ea94201d0e31/execute/async - {"script":"<script> [776 bytes]","args":[{"enterText":"Intercompany Partner WDIO","selector":{"id":"application-managepartners-display-component---NewPartner--addressDetailDetailsName1","interaction":{"idSuffix":"inner"}},"clearTextFirst":true,"interactionType":"ENTER_TEXT"}]}
RESULT: {"script":"<script> [776 bytes]","args":[{"enterText":"Intercompany Partner WDIO","selector":{"id":"application-managepartners-display-component---NewPartner--addressDetailDetailsName1","interaction":{"idSuffix":"inner"}},"clearTextFirst":true,"interactionType":"ENTER_TEXT"}]}
COMMAND: POST /session/d3cdda6f06e006695550ea94201d0e31/execute/async - {"script":"<script> [1562 bytes]","args":[{"selector":{"id":"application-managepartners-display-component---NewPartner--addressDetailDetailsLanguage-arrow"},"wdio_ui5_key":"applicationmanagepartners-display-component---NewPartner--addressDetailDetailsLanguage-arrow"}]}
RESULT: {"script":"<script> [1562 bytes]","args":[{"selector":{"id":"application-managepartners-display-component---NewPartner--addressDetailDetailsLanguage-arrow"},"wdio_ui5_key":"applicationmanagepartners-display-component---NewPartner--addressDetailDetailsLanguage-arrow"}]}
RESULT: undefined
COMMAND: POST /session/d3cdda6f06e006695550ea94201d0e31/element - {"using":"xpath","value":"//*[@id=\"application-managepartners-display-component---NewPartner--addressDetailDetailsLanguage-arrow\"]"}
RESULT: {"using":"xpath","value":"//*[@id=\"application-managepartners-display-component---NewPartner--addressDetailDetailsLanguage-arrow\"]"}
COMMAND: POST /session/d3cdda6f06e006695550ea94201d0e31/element/f.CF3EA173C6DD6742E6FF2C1FCC3ADAA5.d.B920192F3A9E7958E0D78C9A3F40875B.e.7596/click - {}
RESULT: {}
COMMAND: POST /session/d3cdda6f06e006695550ea94201d0e31/element - {"using":"xpath","value":"//span[contains(text(), \"English\")]"}
COMMAND: GET /session/d3cdda6f06e006695550ea94201d0e31/screenshot - {}
RESULT: {"using":"xpath","value":"//span[contains(text(), \"English\")]"}
COMMAND: POST /session/d3cdda6f06e006695550ea94201d0e31/element/f.CF3EA173C6DD6742E6FF2C1FCC3ADAA5.d.B920192F3A9E7958E0D78C9A3F40875B.e.7597/click - {}
RESULT: {}
RESULT: {}
COMMAND: GET /session/d3cdda6f06e006695550ea94201d0e31/screenshot - {}
RESULT: {}
COMMAND: POST /session/d3cdda6f06e006695550ea94201d0e31/execute/async - {"script":"<script> [1562 bytes]","args":[{"selector":{"id":"application-managepartners-display-component---NewPartner--addressDetailDetailsCity1","interaction":{"idSuffix":"inner"}},"wdio_ui5_key":"applicationmanagepartners-display-component---NewPartner--addressDetailDetailsCity1"}]}
RESULT: {"script":"<script> [1562 bytes]","args":[{"selector":{"id":"application-managepartners-display-component---NewPartner--addressDetailDetailsCity1","interaction":{"idSuffix":"inner"}},"wdio_ui5_key":"applicationmanagepartners-display-component---NewPartner--addressDetailDetailsCity1"}]}
RESULT: undefined
COMMAND: POST /session/d3cdda6f06e006695550ea94201d0e31/execute/async - {"script":"<script> [776 bytes]","args":[{"enterText":"Rosario","selector":{"id":"application-managepartners-display-component---NewPartner--addressDetailDetailsCity1","interaction":{"idSuffix":"inner"}},"clearTextFirst":true,"interactionType":"ENTER_TEXT"}]}
RESULT: {"script":"<script> [776 bytes]","args":[{"enterText":"Rosario","selector":{"id":"application-managepartners-display-component---NewPartner--addressDetailDetailsCity1","interaction":{"idSuffix":"inner"}},"clearTextFirst":true,"interactionType":"ENTER_TEXT"}]}
COMMAND: POST /session/d3cdda6f06e006695550ea94201d0e31/execute/async - {"script":"<script> [1562 bytes]","args":[{"selector":{"id":"application-managepartners-display-component---NewPartner--addressDetailDetailsCountry-arrow"},"wdio_ui5_key":"applicationmanagepartners-display-component---NewPartner--addressDetailDetailsCountry-arrow"}]}
RESULT: {"script":"<script> [1562 bytes]","args":[{"selector":{"id":"application-managepartners-display-component---NewPartner--addressDetailDetailsCountry-arrow"},"wdio_ui5_key":"applicationmanagepartners-display-component---NewPartner--addressDetailDetailsCountry-arrow"}]}
RESULT: undefined
COMMAND: POST /session/d3cdda6f06e006695550ea94201d0e31/element - {"using":"xpath","value":"//*[@id=\"application-managepartners-display-component---NewPartner--addressDetailDetailsCountry-arrow\"]"}
RESULT: {"using":"xpath","value":"//*[@id=\"application-managepartners-display-component---NewPartner--addressDetailDetailsCountry-arrow\"]"}
COMMAND: POST /session/d3cdda6f06e006695550ea94201d0e31/element/f.CF3EA173C6DD6742E6FF2C1FCC3ADAA5.d.B920192F3A9E7958E0D78C9A3F40875B.e.7583/click - {}
RESULT: {}
COMMAND: POST /session/d3cdda6f06e006695550ea94201d0e31/element - {"using":"xpath","value":"//span[contains(text(), \"Argentina\")]"}
COMMAND: GET /session/d3cdda6f06e006695550ea94201d0e31/screenshot - {}
RESULT: {"using":"xpath","value":"//span[contains(text(), \"Argentina\")]"}
COMMAND: POST /session/d3cdda6f06e006695550ea94201d0e31/element/f.CF3EA173C6DD6742E6FF2C1FCC3ADAA5.d.B920192F3A9E7958E0D78C9A3F40875B.e.7599/click - {}
RESULT: {}
RESULT: {}
COMMAND: GET /session/d3cdda6f06e006695550ea94201d0e31/screenshot - {}
RESULT: {}
COMMAND: POST /session/d3cdda6f06e006695550ea94201d0e31/element - {"using":"xpath","value":"//bdi[contains(text(), \"Commercial\")]"}
RESULT: {"using":"xpath","value":"//bdi[contains(text(), \"Commercial\")]"}
COMMAND: POST /session/d3cdda6f06e006695550ea94201d0e31/element/f.CF3EA173C6DD6742E6FF2C1FCC3ADAA5.d.B920192F3A9E7958E0D78C9A3F40875B.e.7600/click - {}
RESULT: {}
COMMAND: GET /session/d3cdda6f06e006695550ea94201d0e31/screenshot - {}
RESULT: {}
COMMAND: POST /session/d3cdda6f06e006695550ea94201d0e31/execute/async - {"script":"<script> [1562 bytes]","args":[{"selector":{"id":"application-managepartners-display-component---NewPartner--partnerDetailInternal-arrow"},"wdio_ui5_key":"applicationmanagepartners-display-component---NewPartner--partnerDetailInternal-arrow"}]}
RESULT: {"script":"<script> [1562 bytes]","args":[{"selector":{"id":"application-managepartners-display-component---NewPartner--partnerDetailInternal-arrow"},"wdio_ui5_key":"applicationmanagepartners-display-component---NewPartner--partnerDetailInternal-arrow"}]}
RESULT: undefined
COMMAND: POST /session/d3cdda6f06e006695550ea94201d0e31/element - {"using":"xpath","value":"//*[@id=\"application-managepartners-display-component---NewPartner--partnerDetailInternal-arrow\"]"}
RESULT: {"using":"xpath","value":"//*[@id=\"application-managepartners-display-component---NewPartner--partnerDetailInternal-arrow\"]"}
COMMAND: POST /session/d3cdda6f06e006695550ea94201d0e31/element/f.CF3EA173C6DD6742E6FF2C1FCC3ADAA5.d.B920192F3A9E7958E0D78C9A3F40875B.e.7606/click - {}
RESULT: {}
COMMAND: POST /session/d3cdda6f06e006695550ea94201d0e31/element - {"using":"xpath","value":"//span[contains(text(), \"Affiliated company\")]"}
COMMAND: GET /session/d3cdda6f06e006695550ea94201d0e31/screenshot - {}
RESULT: {"using":"xpath","value":"//span[contains(text(), \"Affiliated company\")]"}
COMMAND: POST /session/d3cdda6f06e006695550ea94201d0e31/element/f.CF3EA173C6DD6742E6FF2C1FCC3ADAA5.d.B920192F3A9E7958E0D78C9A3F40875B.e.7607/click - {}
RESULT: {}
RESULT: {}
COMMAND: POST /session/d3cdda6f06e006695550ea94201d0e31/execute/async - {"script":"<script> [1562 bytes]","args":[{"selector":{"id":"application-managepartners-display-component---NewPartner--partnerDetailsCurrency-arrow"},"wdio_ui5_key":"applicationmanagepartners-display-component---NewPartner--partnerDetailsCurrency-arrow"}]}
COMMAND: GET /session/d3cdda6f06e006695550ea94201d0e31/screenshot - {}
RESULT: {"script":"<script> [1562 bytes]","args":[{"selector":{"id":"application-managepartners-display-component---NewPartner--partnerDetailsCurrency-arrow"},"wdio_ui5_key":"applicationmanagepartners-display-component---NewPartner--partnerDetailsCurrency-arrow"}]}
RESULT: undefined
COMMAND: POST /session/d3cdda6f06e006695550ea94201d0e31/element - {"using":"xpath","value":"//*[@id=\"application-managepartners-display-component---NewPartner--partnerDetailsCurrency-arrow\"]"}
RESULT: {}
RESULT: {"using":"xpath","value":"//*[@id=\"application-managepartners-display-component---NewPartner--partnerDetailsCurrency-arrow\"]"}
COMMAND: POST /session/d3cdda6f06e006695550ea94201d0e31/element/f.CF3EA173C6DD6742E6FF2C1FCC3ADAA5.d.B920192F3A9E7958E0D78C9A3F40875B.e.7614/click - {}
RESULT: {}
COMMAND: POST /session/d3cdda6f06e006695550ea94201d0e31/element - {"using":"xpath","value":"//span[contains(text(), \"Euro\")]"}
COMMAND: GET /session/d3cdda6f06e006695550ea94201d0e31/screenshot - {}
RESULT: {"using":"xpath","value":"//span[contains(text(), \"Euro\")]"}
COMMAND: POST /session/d3cdda6f06e006695550ea94201d0e31/element/f.CF3EA173C6DD6742E6FF2C1FCC3ADAA5.d.B920192F3A9E7958E0D78C9A3F40875B.e.7615/click - {}
RESULT: {}
RESULT: {}
COMMAND: POST /session/d3cdda6f06e006695550ea94201d0e31/execute/async - {"script":"<script> [1562 bytes]","args":[{"selector":{"id":"application-managepartners-display-component---NewPartner--addressEditDetailsCostObjectCstType-arrow"},"wdio_ui5_key":"applicationmanagepartners-display-component---NewPartner--addressEditDetailsCostObjectCstType-arrow"}]}
COMMAND: GET /session/d3cdda6f06e006695550ea94201d0e31/screenshot - {}
RESULT: {"script":"<script> [1562 bytes]","args":[{"selector":{"id":"application-managepartners-display-component---NewPartner--addressEditDetailsCostObjectCstType-arrow"},"wdio_ui5_key":"applicationmanagepartners-display-component---NewPartner--addressEditDetailsCostObjectCstType-arrow"}]}
RESULT: undefined
COMMAND: POST /session/d3cdda6f06e006695550ea94201d0e31/element - {"using":"xpath","value":"//*[@id=\"application-managepartners-display-component---NewPartner--addressEditDetailsCostObjectCstType-arrow\"]"}
RESULT: {}
RESULT: {"using":"xpath","value":"//*[@id=\"application-managepartners-display-component---NewPartner--addressEditDetailsCostObjectCstType-arrow\"]"}
COMMAND: POST /session/d3cdda6f06e006695550ea94201d0e31/element/f.CF3EA173C6DD6742E6FF2C1FCC3ADAA5.d.B920192F3A9E7958E0D78C9A3F40875B.e.7616/click - {}
RESULT: {}
COMMAND: POST /session/d3cdda6f06e006695550ea94201d0e31/element - {"using":"xpath","value":"//span[contains(text(), \"Cost Center\")]"}
COMMAND: GET /session/d3cdda6f06e006695550ea94201d0e31/screenshot - {}
RESULT: {"using":"xpath","value":"//span[contains(text(), \"Cost Center\")]"}
COMMAND: POST /session/d3cdda6f06e006695550ea94201d0e31/element/f.CF3EA173C6DD6742E6FF2C1FCC3ADAA5.d.B920192F3A9E7958E0D78C9A3F40875B.e.7617/click - {}
RESULT: {}
RESULT: {}
COMMAND: GET /session/d3cdda6f06e006695550ea94201d0e31/screenshot - {}
RESULT: {}
COMMAND: POST /session/d3cdda6f06e006695550ea94201d0e31/element - {"using":"xpath","value":"//span[@id=\"application-managepartners-display-component---NewPartner--addressNewCostObjectCstID-vhi\"]"}
RESULT: {"using":"xpath","value":"//span[@id=\"application-managepartners-display-component---NewPartner--addressNewCostObjectCstID-vhi\"]"}
COMMAND: POST /session/d3cdda6f06e006695550ea94201d0e31/execute/sync - {"script":"<script> [8489 bytes]","args":[{"element-6066-11e4-a52e-4f735466cecf":"f.CF3EA173C6DD6742E6FF2C1FCC3ADAA5.d.B920192F3A9E7958E0D78C9A3F40875B.e.7621","ELEMENT":"f.CF3EA173C6DD6742E6FF2C1FCC3ADAA5.d.B920192F3A9E7958E0D78C9A3F40875B.e.7621"}]}
RESULT: {"script":"<script> [8489 bytes]","args":[{"element-6066-11e4-a52e-4f735466cecf":"f.CF3EA173C6DD6742E6FF2C1FCC3ADAA5.d.B920192F3A9E7958E0D78C9A3F40875B.e.7621","ELEMENT":"f.CF3EA173C6DD6742E6FF2C1FCC3ADAA5.d.B920192F3A9E7958E0D78C9A3F40875B.e.7621"}]}
COMMAND: POST /session/d3cdda6f06e006695550ea94201d0e31/execute/async - {"script":"<script> [1562 bytes]","args":[{"selector":{"id":"application-managepartners-display-component---NewPartner--addressNewCostObjectCstID-vhi"},"wdio_ui5_key":"applicationmanagepartners-display-component---NewPartner--addressNewCostObjectCstID-vhi"}]}
COMMAND: GET /session/d3cdda6f06e006695550ea94201d0e31/screenshot - {}
RESULT: {"script":"<script> [1562 bytes]","args":[{"selector":{"id":"application-managepartners-display-component---NewPartner--addressNewCostObjectCstID-vhi"},"wdio_ui5_key":"applicationmanagepartners-display-component---NewPartner--addressNewCostObjectCstID-vhi"}]}
RESULT: undefined
COMMAND: POST /session/d3cdda6f06e006695550ea94201d0e31/element - {"using":"xpath","value":"//*[@id=\"application-managepartners-display-component---NewPartner--addressNewCostObjectCstID-vhi\"]"}
RESULT: {}
RESULT: {"using":"xpath","value":"//*[@id=\"application-managepartners-display-component---NewPartner--addressNewCostObjectCstID-vhi\"]"}
COMMAND: POST /session/d3cdda6f06e006695550ea94201d0e31/element/f.CF3EA173C6DD6742E6FF2C1FCC3ADAA5.d.B920192F3A9E7958E0D78C9A3F40875B.e.7621/click - {}
RESULT: {}
COMMAND: GET /session/d3cdda6f06e006695550ea94201d0e31/screenshot - {}
RESULT: {}
RESULT: undefined
COMMAND: POST /session/d3cdda6f06e006695550ea94201d0e31/execute/async - {"script":"<script> [776 bytes]","args":[{"enterText":"10001013","selector":{"controlType":"sap.m.SearchField","properties":{"placeholder":"Search"},"searchOpenDialogs":true,"interaction":{"idSuffix":"I"}},"clearTextFirst":true,"interactionType":"ENTER_TEXT"}]}
RESULT: {"script":"<script> [776 bytes]","args":[{"enterText":"10001013","selector":{"controlType":"sap.m.SearchField","properties":{"placeholder":"Search"},"searchOpenDialogs":true,"interaction":{"idSuffix":"I"}},"clearTextFirst":true,"interactionType":"ENTER_TEXT"}]}
COMMAND: POST /session/d3cdda6f06e006695550ea94201d0e31/actions - {"actions":[{"id":"action21","type":"key","parameters":{},"actions":[{"type":"keyDown","value":"î€‡"},{"type":"pause","duration":10},{"type":"keyUp","value":"î€‡"}]}]}
RESULT: {"actions":[{"id":"action21","type":"key","parameters":{},"actions":[{"type":"keyDown","value":"î€‡"},{"type":"pause","duration":10},{"type":"keyUp","value":"î€‡"}]}]}
COMMAND: GET /session/d3cdda6f06e006695550ea94201d0e31/screenshot - {}
RESULT: {}
COMMAND: POST /session/d3cdda6f06e006695550ea94201d0e31/element - {"using":"xpath","value":"//span[contains(text(), \"General Management\")]"}
RESULT: {"using":"xpath","value":"//span[contains(text(), \"General Management\")]"}
COMMAND: POST /session/d3cdda6f06e006695550ea94201d0e31/element/f.CF3EA173C6DD6742E6FF2C1FCC3ADAA5.d.B920192F3A9E7958E0D78C9A3F40875B.e.7660/click - {}
RESULT: {}
COMMAND: GET /session/d3cdda6f06e006695550ea94201d0e31/screenshot - {}
RESULT: {}
COMMAND: POST /session/d3cdda6f06e006695550ea94201d0e31/element - {"using":"xpath","value":"//bdi[contains(text(), \"OK\")]"}
RESULT: {"using":"xpath","value":"//bdi[contains(text(), \"OK\")]"}
COMMAND: POST /session/d3cdda6f06e006695550ea94201d0e31/element/f.CF3EA173C6DD6742E6FF2C1FCC3ADAA5.d.B920192F3A9E7958E0D78C9A3F40875B.e.7661/click - {}
RESULT: {}
COMMAND: GET /session/d3cdda6f06e006695550ea94201d0e31/screenshot - {}
RESULT: {}
COMMAND: POST /session/d3cdda6f06e006695550ea94201d0e31/element - {"using":"xpath","value":"//input[@id=\"application-managepartners-display-component---NewPartner--companyCodeComboBox-inner\"]"}
RESULT: {"using":"xpath","value":"//input[@id=\"application-managepartners-display-component---NewPartner--companyCodeComboBox-inner\"]"}
COMMAND: POST /session/d3cdda6f06e006695550ea94201d0e31/element/f.CF3EA173C6DD6742E6FF2C1FCC3ADAA5.d.B920192F3A9E7958E0D78C9A3F40875B.e.7475/clear - {}
RESULT: {}
COMMAND: POST /session/d3cdda6f06e006695550ea94201d0e31/element/f.CF3EA173C6DD6742E6FF2C1FCC3ADAA5.d.B920192F3A9E7958E0D78C9A3F40875B.e.7475/value - {"text":"C002"}
COMMAND: GET /session/d3cdda6f06e006695550ea94201d0e31/screenshot - {}
RESULT: {"text":"C002"}
COMMAND: GET /session/d3cdda6f06e006695550ea94201d0e31/screenshot - {}
RESULT: {}
RESULT: {}
COMMAND: POST /session/d3cdda6f06e006695550ea94201d0e31/element - {"using":"xpath","value":"//li[.//span[text()= \"C002\"]]"}
RESULT: {"using":"xpath","value":"//li[.//span[text()= \"C002\"]]"}
COMMAND: POST /session/d3cdda6f06e006695550ea94201d0e31/element/f.CF3EA173C6DD6742E6FF2C1FCC3ADAA5.d.B920192F3A9E7958E0D78C9A3F40875B.e.7667/click - {}
RESULT: {}
COMMAND: GET /session/d3cdda6f06e006695550ea94201d0e31/screenshot - {}
RESULT: {}
COMMAND: POST /session/d3cdda6f06e006695550ea94201d0e31/execute/async - {"script":"<script> [1562 bytes]","args":[{"selector":{"id":"application-managepartners-display-component---NewPartner--btnAddTableRow-img"},"wdio_ui5_key":"applicationmanagepartners-display-component---NewPartner--btnAddTableRow-img"}]}
RESULT: {"script":"<script> [1562 bytes]","args":[{"selector":{"id":"application-managepartners-display-component---NewPartner--btnAddTableRow-img"},"wdio_ui5_key":"applicationmanagepartners-display-component---NewPartner--btnAddTableRow-img"}]}
RESULT: undefined
COMMAND: POST /session/d3cdda6f06e006695550ea94201d0e31/element - {"using":"xpath","value":"//*[@id=\"application-managepartners-display-component---NewPartner--btnAddTableRow-img\"]"}
RESULT: {"using":"xpath","value":"//*[@id=\"application-managepartners-display-component---NewPartner--btnAddTableRow-img\"]"}
COMMAND: POST /session/d3cdda6f06e006695550ea94201d0e31/element/f.CF3EA173C6DD6742E6FF2C1FCC3ADAA5.d.B920192F3A9E7958E0D78C9A3F40875B.e.7668/click - {}
RESULT: {}
COMMAND: GET /session/d3cdda6f06e006695550ea94201d0e31/screenshot - {}
RESULT: {}
COMMAND: POST /session/d3cdda6f06e006695550ea94201d0e31/element - {"using":"xpath","value":"//input[@id=\"application-managepartners-display-component---NewPartner--assignmentYard-application-managepartners-display-component---NewPartner--assignmentsTable-0-inner\"]"}
RESULT: {"using":"xpath","value":"//input[@id=\"application-managepartners-display-component---NewPartner--assignmentYard-application-managepartners-display-component---NewPartner--assignmentsTable-0-inner\"]"}
COMMAND: POST /session/d3cdda6f06e006695550ea94201d0e31/element/f.CF3EA173C6DD6742E6FF2C1FCC3ADAA5.d.B920192F3A9E7958E0D78C9A3F40875B.e.7671/clear - {}
RESULT: {}
COMMAND: POST /session/d3cdda6f06e006695550ea94201d0e31/element/f.CF3EA173C6DD6742E6FF2C1FCC3ADAA5.d.B920192F3A9E7958E0D78C9A3F40875B.e.7671/value - {"text":"621"}
COMMAND: GET /session/d3cdda6f06e006695550ea94201d0e31/screenshot - {}
RESULT: {"text":"621"}
COMMAND: GET /session/d3cdda6f06e006695550ea94201d0e31/screenshot - {}
RESULT: {}
RESULT: {}
COMMAND: POST /session/d3cdda6f06e006695550ea94201d0e31/element - {"using":"xpath","value":"//li[.//span[text()='621']]"}
RESULT: {"using":"xpath","value":"//li[.//span[text()='621']]"}
COMMAND: POST /session/d3cdda6f06e006695550ea94201d0e31/element/f.CF3EA173C6DD6742E6FF2C1FCC3ADAA5.d.B920192F3A9E7958E0D78C9A3F40875B.e.7680/click - {}
RESULT: {}
COMMAND: GET /session/d3cdda6f06e006695550ea94201d0e31/screenshot - {}
RESULT: {}
COMMAND: POST /session/d3cdda6f06e006695550ea94201d0e31/actions - {"actions":[{"id":"action22","type":"key","parameters":{},"actions":[{"type":"keyDown","value":"î€‡"},{"type":"pause","duration":10},{"type":"keyUp","value":"î€‡"}]}]}
RESULT: {"actions":[{"id":"action22","type":"key","parameters":{},"actions":[{"type":"keyDown","value":"î€‡"},{"type":"pause","duration":10},{"type":"keyUp","value":"î€‡"}]}]}
COMMAND: POST /session/d3cdda6f06e006695550ea94201d0e31/execute/async - {"script":"<script> [1562 bytes]","args":[{"selector":{"id":"application-managepartners-display-component---NewPartner--externalCustomerComboBox-application-managepartners-display-component---NewPartner--assignmentsTable-0-vhi"},"wdio_ui5_key":"applicationmanagepartners-display-component---NewPartner--externalCustomerComboBox-application-managepartners-display-component---NewPartner--assignmentsTable-0-vhi"}]}
COMMAND: GET /session/d3cdda6f06e006695550ea94201d0e31/screenshot - {}
RESULT: {"script":"<script> [1562 bytes]","args":[{"selector":{"id":"application-managepartners-display-component---NewPartner--externalCustomerComboBox-application-managepartners-display-component---NewPartner--assignmentsTable-0-vhi"},"wdio_ui5_key":"applicationmanagepartners-display-component---NewPartner--externalCustomerComboBox-application-managepartners-display-component---NewPartner--assignmentsTable-0-vhi"}]}
RESULT: undefined
COMMAND: POST /session/d3cdda6f06e006695550ea94201d0e31/element - {"using":"xpath","value":"//*[@id=\"application-managepartners-display-component---NewPartner--externalCustomerComboBox-application-managepartners-display-component---NewPartner--assignmentsTable-0-vhi\"]"}
RESULT: {}
RESULT: {"using":"xpath","value":"//*[@id=\"application-managepartners-display-component---NewPartner--externalCustomerComboBox-application-managepartners-display-component---NewPartner--assignmentsTable-0-vhi\"]"}
COMMAND: POST /session/d3cdda6f06e006695550ea94201d0e31/element/f.CF3EA173C6DD6742E6FF2C1FCC3ADAA5.d.B920192F3A9E7958E0D78C9A3F40875B.e.7684/click - {}
RESULT: {}
RESULT: undefined
COMMAND: POST /session/d3cdda6f06e006695550ea94201d0e31/execute/async - {"script":"<script> [776 bytes]","args":[{"enterText":"300003","selector":{"controlType":"sap.m.SearchField","properties":{"placeholder":"Search"},"searchOpenDialogs":true,"interaction":{"idSuffix":"I"}},"clearTextFirst":true,"interactionType":"ENTER_TEXT"}]}
COMMAND: GET /session/d3cdda6f06e006695550ea94201d0e31/screenshot - {}
RESULT: {}
RESULT: {"script":"<script> [776 bytes]","args":[{"enterText":"300003","selector":{"controlType":"sap.m.SearchField","properties":{"placeholder":"Search"},"searchOpenDialogs":true,"interaction":{"idSuffix":"I"}},"clearTextFirst":true,"interactionType":"ENTER_TEXT"}]}
COMMAND: POST /session/d3cdda6f06e006695550ea94201d0e31/actions - {"actions":[{"id":"action23","type":"key","parameters":{},"actions":[{"type":"keyDown","value":"î€‡"},{"type":"pause","duration":10},{"type":"keyUp","value":"î€‡"}]}]}
RESULT: {"actions":[{"id":"action23","type":"key","parameters":{},"actions":[{"type":"keyDown","value":"î€‡"},{"type":"pause","duration":10},{"type":"keyUp","value":"î€‡"}]}]}
COMMAND: GET /session/d3cdda6f06e006695550ea94201d0e31/screenshot - {}
RESULT: {}
COMMAND: POST /session/d3cdda6f06e006695550ea94201d0e31/element - {"using":"xpath","value":"//span[contains(text(), \"300003\")]"}
RESULT: {"using":"xpath","value":"//span[contains(text(), \"300003\")]"}
COMMAND: POST /session/d3cdda6f06e006695550ea94201d0e31/element/f.CF3EA173C6DD6742E6FF2C1FCC3ADAA5.d.B920192F3A9E7958E0D78C9A3F40875B.e.7702/click - {}
RESULT: {}
COMMAND: GET /session/d3cdda6f06e006695550ea94201d0e31/screenshot - {}
RESULT: {}
COMMAND: POST /session/d3cdda6f06e006695550ea94201d0e31/element - {"using":"xpath","value":"//bdi[contains(text(), \"OK\")]"}
RESULT: {"using":"xpath","value":"//bdi[contains(text(), \"OK\")]"}
COMMAND: POST /session/d3cdda6f06e006695550ea94201d0e31/element/f.CF3EA173C6DD6742E6FF2C1FCC3ADAA5.d.B920192F3A9E7958E0D78C9A3F40875B.e.7704/click - {}
RESULT: {}
COMMAND: GET /session/d3cdda6f06e006695550ea94201d0e31/screenshot - {}
RESULT: {}
COMMAND: POST /session/d3cdda6f06e006695550ea94201d0e31/execute/async - {"script":"<script> [1562 bytes]","args":[{"selector":{"id":"application-managepartners-display-component---NewPartner--intercompVendorComboBox-application-managepartners-display-component---NewPartner--assignmentsTable-0-vhi"},"wdio_ui5_key":"applicationmanagepartners-display-component---NewPartner--intercompVendorComboBox-application-managepartners-display-component---NewPartner--assignmentsTable-0-vhi"}]}
RESULT: {"script":"<script> [1562 bytes]","args":[{"selector":{"id":"application-managepartners-display-component---NewPartner--intercompVendorComboBox-application-managepartners-display-component---NewPartner--assignmentsTable-0-vhi"},"wdio_ui5_key":"applicationmanagepartners-display-component---NewPartner--intercompVendorComboBox-application-managepartners-display-component---NewPartner--assignmentsTable-0-vhi"}]}
RESULT: undefined
COMMAND: POST /session/d3cdda6f06e006695550ea94201d0e31/element - {"using":"xpath","value":"//*[@id=\"application-managepartners-display-component---NewPartner--intercompVendorComboBox-application-managepartners-display-component---NewPartner--assignmentsTable-0-vhi\"]"}
RESULT: {"using":"xpath","value":"//*[@id=\"application-managepartners-display-component---NewPartner--intercompVendorComboBox-application-managepartners-display-component---NewPartner--assignmentsTable-0-vhi\"]"}
COMMAND: POST /session/d3cdda6f06e006695550ea94201d0e31/element/f.CF3EA173C6DD6742E6FF2C1FCC3ADAA5.d.B920192F3A9E7958E0D78C9A3F40875B.e.7707/click - {}
RESULT: {}
RESULT: undefined
COMMAND: POST /session/d3cdda6f06e006695550ea94201d0e31/execute/async - {"script":"<script> [776 bytes]","args":[{"enterText":"100005","selector":{"controlType":"sap.m.SearchField","properties":{"placeholder":"Search"},"searchOpenDialogs":true,"interaction":{"idSuffix":"I"}},"clearTextFirst":true,"interactionType":"ENTER_TEXT"}]}
COMMAND: GET /session/d3cdda6f06e006695550ea94201d0e31/screenshot - {}
RESULT: {"script":"<script> [776 bytes]","args":[{"enterText":"100005","selector":{"controlType":"sap.m.SearchField","properties":{"placeholder":"Search"},"searchOpenDialogs":true,"interaction":{"idSuffix":"I"}},"clearTextFirst":true,"interactionType":"ENTER_TEXT"}]}
COMMAND: POST /session/d3cdda6f06e006695550ea94201d0e31/actions - {"actions":[{"id":"action24","type":"key","parameters":{},"actions":[{"type":"keyDown","value":"î€‡"},{"type":"pause","duration":10},{"type":"keyUp","value":"î€‡"}]}]}
RESULT: {}
RESULT: {"actions":[{"id":"action24","type":"key","parameters":{},"actions":[{"type":"keyDown","value":"î€‡"},{"type":"pause","duration":10},{"type":"keyUp","value":"î€‡"}]}]}
COMMAND: GET /session/d3cdda6f06e006695550ea94201d0e31/screenshot - {}
RESULT: {}
COMMAND: POST /session/d3cdda6f06e006695550ea94201d0e31/element - {"using":"xpath","value":"//span[contains(text(), \"Penguins - Field/12345 Berlin\")]"}
RESULT: {"using":"xpath","value":"//span[contains(text(), \"Penguins - Field/12345 Berlin\")]"}
COMMAND: POST /session/d3cdda6f06e006695550ea94201d0e31/element/f.CF3EA173C6DD6742E6FF2C1FCC3ADAA5.d.B920192F3A9E7958E0D78C9A3F40875B.e.7723/click - {}
RESULT: {}
COMMAND: GET /session/d3cdda6f06e006695550ea94201d0e31/screenshot - {}
RESULT: {}
COMMAND: POST /session/d3cdda6f06e006695550ea94201d0e31/element - {"using":"xpath","value":"//bdi[contains(text(), \"OK\")]"}
RESULT: {"using":"xpath","value":"//bdi[contains(text(), \"OK\")]"}
COMMAND: POST /session/d3cdda6f06e006695550ea94201d0e31/element/f.CF3EA173C6DD6742E6FF2C1FCC3ADAA5.d.B920192F3A9E7958E0D78C9A3F40875B.e.7724/click - {}
RESULT: {}
COMMAND: GET /session/d3cdda6f06e006695550ea94201d0e31/screenshot - {}
RESULT: {}
COMMAND: POST /session/d3cdda6f06e006695550ea94201d0e31/element - {"using":"xpath","value":"//button[@data-kt=\"saveButton\"]"}
RESULT: {"using":"xpath","value":"//button[@data-kt=\"saveButton\"]"}
COMMAND: POST /session/d3cdda6f06e006695550ea94201d0e31/element/f.CF3EA173C6DD6742E6FF2C1FCC3ADAA5.d.B920192F3A9E7958E0D78C9A3F40875B.e.7488/click - {}
RESULT: {}
COMMAND: GET /session/d3cdda6f06e006695550ea94201d0e31/screenshot - {}
RESULT: {}
COMMAND: POST /session/d3cdda6f06e006695550ea94201d0e31/element - {"using":"xpath","value":"//header[contains(@id, 'ObjectPageLayout-headerTitle')]/div[1]/div[2]/div[2]/span[1]"}
RESULT: {"using":"xpath","value":"//header[contains(@id, 'ObjectPageLayout-headerTitle')]/div[1]/div[2]/div[2]/span[1]"}
COMMAND: POST /session/d3cdda6f06e006695550ea94201d0e31/elements - {"using":"xpath","value":"//header[contains(@id, 'ObjectPageLayout-headerTitle')]/div[1]/div[2]/div[2]/span[1]"}
RESULT: {"using":"xpath","value":"//header[contains(@id, 'ObjectPageLayout-headerTitle')]/div[1]/div[2]/div[2]/span[1]"}
COMMAND: POST /session/d3cdda6f06e006695550ea94201d0e31/execute/sync - {"script":"<script> [56 bytes]","args":[{"element-6066-11e4-a52e-4f735466cecf":"f.CF3EA173C6DD6742E6FF2C1FCC3ADAA5.d.B920192F3A9E7958E0D78C9A3F40875B.e.7888","ELEMENT":"f.CF3EA173C6DD6742E6FF2C1FCC3ADAA5.d.B920192F3A9E7958E0D78C9A3F40875B.e.7888"}]}
RESULT: {"script":"<script> [56 bytes]","args":[{"element-6066-11e4-a52e-4f735466cecf":"f.CF3EA173C6DD6742E6FF2C1FCC3ADAA5.d.B920192F3A9E7958E0D78C9A3F40875B.e.7888","ELEMENT":"f.CF3EA173C6DD6742E6FF2C1FCC3ADAA5.d.B920192F3A9E7958E0D78C9A3F40875B.e.7888"}]}
COMMAND: POST /session/d3cdda6f06e006695550ea94201d0e31/element - {"using":"css selector","value":"#shell-header-logo"}
COMMAND: GET /session/d3cdda6f06e006695550ea94201d0e31/screenshot - {}
RESULT: {"using":"css selector","value":"#shell-header-logo"}
COMMAND: POST /session/d3cdda6f06e006695550ea94201d0e31/element/f.CF3EA173C6DD6742E6FF2C1FCC3ADAA5.d.B920192F3A9E7958E0D78C9A3F40875B.e.7109/click - {}
RESULT: {}
RESULT: {}
COMMAND: GET /session/d3cdda6f06e006695550ea94201d0e31/screenshot - {}
RESULT: {}
COMMAND: POST /session/d3cdda6f06e006695550ea94201d0e31/execute/sync - {"script":"<script> [299 bytes]","args":[["getModel","getResource"]]}
RESULT: {"script":"<script> [299 bytes]","args":[["getModel","getResource"]]}
]]></system-out>
    </testcase>
    <testcase classname="chrome.136_0_7103_93.windows.Create_master_data_for_mixed_billing_&amp;_do_billing_calculation_US151661" name="Should create a new site" time="88.517">
      <system-out><![CDATA[
COMMAND: GET /session/d3cdda6f06e006695550ea94201d0e31/screenshot - {}
COMMAND: POST /session/d3cdda6f06e006695550ea94201d0e31/execute/async - {"script":"<script> [1562 bytes]","args":[{"selector":{"controlType":"sap.m.GenericTile","properties":{"header":"Manage Sites"}},"wdio_ui5_key":"sapm.GenericTile{\"header\":\"Manage Sites\"}"}]}
RESULT: {}
RESULT: {"script":"<script> [1562 bytes]","args":[{"selector":{"controlType":"sap.m.GenericTile","properties":{"header":"Manage Sites"}},"wdio_ui5_key":"sapm.GenericTile{\"header\":\"Manage Sites\"}"}]}
RESULT: undefined
COMMAND: POST /session/d3cdda6f06e006695550ea94201d0e31/element - {"using":"xpath","value":"//*[@id=\"__tile40\"]"}
RESULT: {"using":"xpath","value":"//*[@id=\"__tile40\"]"}
COMMAND: POST /session/d3cdda6f06e006695550ea94201d0e31/element/f.CF3EA173C6DD6742E6FF2C1FCC3ADAA5.d.B920192F3A9E7958E0D78C9A3F40875B.e.6229/click - {}
RESULT: {}
COMMAND: GET /session/d3cdda6f06e006695550ea94201d0e31/screenshot - {}
RESULT: {}
COMMAND: POST /session/d3cdda6f06e006695550ea94201d0e31/elements - {"using":"xpath","value":"//span[text()='Error']"}
RESULT: {"using":"xpath","value":"//span[text()='Error']"}
COMMAND: POST /session/d3cdda6f06e006695550ea94201d0e31/element - {"using":"xpath","value":"//button[@data-kt=\"addOverflowToolbarButton\"]"}
RESULT: {"using":"xpath","value":"//button[@data-kt=\"addOverflowToolbarButton\"]"}
COMMAND: POST /session/d3cdda6f06e006695550ea94201d0e31/elements - {"using":"xpath","value":"//button[@data-kt=\"addOverflowToolbarButton\"]"}
RESULT: {"using":"xpath","value":"//button[@data-kt=\"addOverflowToolbarButton\"]"}
COMMAND: POST /session/d3cdda6f06e006695550ea94201d0e31/execute/sync - {"script":"<script> [8489 bytes]","args":[{"element-6066-11e4-a52e-4f735466cecf":"f.CF3EA173C6DD6742E6FF2C1FCC3ADAA5.d.B920192F3A9E7958E0D78C9A3F40875B.e.7935","ELEMENT":"f.CF3EA173C6DD6742E6FF2C1FCC3ADAA5.d.B920192F3A9E7958E0D78C9A3F40875B.e.7935"}]}
RESULT: {"script":"<script> [8489 bytes]","args":[{"element-6066-11e4-a52e-4f735466cecf":"f.CF3EA173C6DD6742E6FF2C1FCC3ADAA5.d.B920192F3A9E7958E0D78C9A3F40875B.e.7935","ELEMENT":"f.CF3EA173C6DD6742E6FF2C1FCC3ADAA5.d.B920192F3A9E7958E0D78C9A3F40875B.e.7935"}]}
COMMAND: GET /session/d3cdda6f06e006695550ea94201d0e31/element/f.CF3EA173C6DD6742E6FF2C1FCC3ADAA5.d.B920192F3A9E7958E0D78C9A3F40875B.e.7935/enabled - {}
COMMAND: GET /session/d3cdda6f06e006695550ea94201d0e31/screenshot - {}
RESULT: {}
COMMAND: POST /session/d3cdda6f06e006695550ea94201d0e31/execute/sync - {"script":"<script> [8489 bytes]","args":[{"element-6066-11e4-a52e-4f735466cecf":"f.CF3EA173C6DD6742E6FF2C1FCC3ADAA5.d.B920192F3A9E7958E0D78C9A3F40875B.e.7935","ELEMENT":"f.CF3EA173C6DD6742E6FF2C1FCC3ADAA5.d.B920192F3A9E7958E0D78C9A3F40875B.e.7935"}]}
COMMAND: GET /session/d3cdda6f06e006695550ea94201d0e31/screenshot - {}
RESULT: {}
RESULT: {"script":"<script> [8489 bytes]","args":[{"element-6066-11e4-a52e-4f735466cecf":"f.CF3EA173C6DD6742E6FF2C1FCC3ADAA5.d.B920192F3A9E7958E0D78C9A3F40875B.e.7935","ELEMENT":"f.CF3EA173C6DD6742E6FF2C1FCC3ADAA5.d.B920192F3A9E7958E0D78C9A3F40875B.e.7935"}]}
COMMAND: POST /session/d3cdda6f06e006695550ea94201d0e31/execute/sync - {"script":"<script> [5351 bytes]","args":[{"element-6066-11e4-a52e-4f735466cecf":"f.CF3EA173C6DD6742E6FF2C1FCC3ADAA5.d.B920192F3A9E7958E0D78C9A3F40875B.e.7935","ELEMENT":"f.CF3EA173C6DD6742E6FF2C1FCC3ADAA5.d.B920192F3A9E7958E0D78C9A3F40875B.e.7935"}]}
COMMAND: GET /session/d3cdda6f06e006695550ea94201d0e31/screenshot - {}
RESULT: {}
RESULT: {"script":"<script> [5351 bytes]","args":[{"element-6066-11e4-a52e-4f735466cecf":"f.CF3EA173C6DD6742E6FF2C1FCC3ADAA5.d.B920192F3A9E7958E0D78C9A3F40875B.e.7935","ELEMENT":"f.CF3EA173C6DD6742E6FF2C1FCC3ADAA5.d.B920192F3A9E7958E0D78C9A3F40875B.e.7935"}]}
COMMAND: POST /session/d3cdda6f06e006695550ea94201d0e31/element/f.CF3EA173C6DD6742E6FF2C1FCC3ADAA5.d.B920192F3A9E7958E0D78C9A3F40875B.e.7935/click - {}
COMMAND: GET /session/d3cdda6f06e006695550ea94201d0e31/screenshot - {}
RESULT: {}
RESULT: {}
RESULT: {}
COMMAND: GET /session/d3cdda6f06e006695550ea94201d0e31/screenshot - {}
RESULT: {}
COMMAND: POST /session/d3cdda6f06e006695550ea94201d0e31/element - {"using":"xpath","value":"//input[@id=\"application-managesites-display-component---NewSite--siteId-inner\"]"}
RESULT: {"using":"xpath","value":"//input[@id=\"application-managesites-display-component---NewSite--siteId-inner\"]"}
COMMAND: POST /session/d3cdda6f06e006695550ea94201d0e31/element - {"using":"xpath","value":"//input[@id=\"application-managesites-display-component---NewSite--siteId-inner\"]"}
RESULT: {"using":"xpath","value":"//input[@id=\"application-managesites-display-component---NewSite--siteId-inner\"]"}
COMMAND: POST /session/d3cdda6f06e006695550ea94201d0e31/execute/async - {"script":"<script> [1562 bytes]","args":[{"selector":{"id":"application-managesites-display-component---NewSite--addressDetailDetailsName1","interaction":{"idSuffix":"inner"}},"wdio_ui5_key":"applicationmanagesites-display-component---NewSite--addressDetailDetailsName1"}]}
RESULT: {"script":"<script> [1562 bytes]","args":[{"selector":{"id":"application-managesites-display-component---NewSite--addressDetailDetailsName1","interaction":{"idSuffix":"inner"}},"wdio_ui5_key":"applicationmanagesites-display-component---NewSite--addressDetailDetailsName1"}]}
RESULT: undefined
COMMAND: POST /session/d3cdda6f06e006695550ea94201d0e31/execute/async - {"script":"<script> [776 bytes]","args":[{"enterText":"Intercompany Site wdIO","selector":{"id":"application-managesites-display-component---NewSite--addressDetailDetailsName1","interaction":{"idSuffix":"inner"}},"clearTextFirst":true,"interactionType":"ENTER_TEXT"}]}
RESULT: {"script":"<script> [776 bytes]","args":[{"enterText":"Intercompany Site wdIO","selector":{"id":"application-managesites-display-component---NewSite--addressDetailDetailsName1","interaction":{"idSuffix":"inner"}},"clearTextFirst":true,"interactionType":"ENTER_TEXT"}]}
COMMAND: POST /session/d3cdda6f06e006695550ea94201d0e31/execute/async - {"script":"<script> [1562 bytes]","args":[{"selector":{"id":"application-managesites-display-component---NewSite--addressDetailDetailsLanguage-arrow"},"wdio_ui5_key":"applicationmanagesites-display-component---NewSite--addressDetailDetailsLanguage-arrow"}]}
RESULT: {"script":"<script> [1562 bytes]","args":[{"selector":{"id":"application-managesites-display-component---NewSite--addressDetailDetailsLanguage-arrow"},"wdio_ui5_key":"applicationmanagesites-display-component---NewSite--addressDetailDetailsLanguage-arrow"}]}
RESULT: undefined
COMMAND: POST /session/d3cdda6f06e006695550ea94201d0e31/element - {"using":"xpath","value":"//*[@id=\"application-managesites-display-component---NewSite--addressDetailDetailsLanguage-arrow\"]"}
RESULT: {"using":"xpath","value":"//*[@id=\"application-managesites-display-component---NewSite--addressDetailDetailsLanguage-arrow\"]"}
COMMAND: POST /session/d3cdda6f06e006695550ea94201d0e31/element/f.CF3EA173C6DD6742E6FF2C1FCC3ADAA5.d.B920192F3A9E7958E0D78C9A3F40875B.e.8578/click - {}
RESULT: {}
COMMAND: POST /session/d3cdda6f06e006695550ea94201d0e31/element - {"using":"xpath","value":"//span[contains(text(), \"English\")]"}
COMMAND: GET /session/d3cdda6f06e006695550ea94201d0e31/screenshot - {}
RESULT: {"using":"xpath","value":"//span[contains(text(), \"English\")]"}
COMMAND: POST /session/d3cdda6f06e006695550ea94201d0e31/element/f.CF3EA173C6DD6742E6FF2C1FCC3ADAA5.d.B920192F3A9E7958E0D78C9A3F40875B.e.8579/click - {}
RESULT: {}
RESULT: {}
COMMAND: POST /session/d3cdda6f06e006695550ea94201d0e31/execute/async - {"script":"<script> [1562 bytes]","args":[{"selector":{"id":"application-managesites-display-component---NewSite--addressDetailDetailsCity1","interaction":{"idSuffix":"inner"}},"wdio_ui5_key":"applicationmanagesites-display-component---NewSite--addressDetailDetailsCity1"}]}
COMMAND: GET /session/d3cdda6f06e006695550ea94201d0e31/screenshot - {}
RESULT: {"script":"<script> [1562 bytes]","args":[{"selector":{"id":"application-managesites-display-component---NewSite--addressDetailDetailsCity1","interaction":{"idSuffix":"inner"}},"wdio_ui5_key":"applicationmanagesites-display-component---NewSite--addressDetailDetailsCity1"}]}
RESULT: undefined
COMMAND: POST /session/d3cdda6f06e006695550ea94201d0e31/execute/async - {"script":"<script> [776 bytes]","args":[{"enterText":"Rosario","selector":{"id":"application-managesites-display-component---NewSite--addressDetailDetailsCity1","interaction":{"idSuffix":"inner"}},"clearTextFirst":true,"interactionType":"ENTER_TEXT"}]}
RESULT: {}
RESULT: {"script":"<script> [776 bytes]","args":[{"enterText":"Rosario","selector":{"id":"application-managesites-display-component---NewSite--addressDetailDetailsCity1","interaction":{"idSuffix":"inner"}},"clearTextFirst":true,"interactionType":"ENTER_TEXT"}]}
COMMAND: POST /session/d3cdda6f06e006695550ea94201d0e31/execute/async - {"script":"<script> [1562 bytes]","args":[{"selector":{"id":"application-managesites-display-component---NewSite--addressDetailDetailsCountry-arrow"},"wdio_ui5_key":"applicationmanagesites-display-component---NewSite--addressDetailDetailsCountry-arrow"}]}
RESULT: {"script":"<script> [1562 bytes]","args":[{"selector":{"id":"application-managesites-display-component---NewSite--addressDetailDetailsCountry-arrow"},"wdio_ui5_key":"applicationmanagesites-display-component---NewSite--addressDetailDetailsCountry-arrow"}]}
RESULT: undefined
COMMAND: POST /session/d3cdda6f06e006695550ea94201d0e31/element - {"using":"xpath","value":"//*[@id=\"application-managesites-display-component---NewSite--addressDetailDetailsCountry-arrow\"]"}
RESULT: {"using":"xpath","value":"//*[@id=\"application-managesites-display-component---NewSite--addressDetailDetailsCountry-arrow\"]"}
COMMAND: POST /session/d3cdda6f06e006695550ea94201d0e31/element/f.CF3EA173C6DD6742E6FF2C1FCC3ADAA5.d.B920192F3A9E7958E0D78C9A3F40875B.e.8581/click - {}
RESULT: {}
COMMAND: POST /session/d3cdda6f06e006695550ea94201d0e31/element - {"using":"xpath","value":"//span[contains(text(), \"Argentina\")]"}
COMMAND: GET /session/d3cdda6f06e006695550ea94201d0e31/screenshot - {}
RESULT: {"using":"xpath","value":"//span[contains(text(), \"Argentina\")]"}
COMMAND: POST /session/d3cdda6f06e006695550ea94201d0e31/element/f.CF3EA173C6DD6742E6FF2C1FCC3ADAA5.d.B920192F3A9E7958E0D78C9A3F40875B.e.8583/click - {}
RESULT: {}
RESULT: {}
COMMAND: GET /session/d3cdda6f06e006695550ea94201d0e31/screenshot - {}
RESULT: {}
COMMAND: POST /session/d3cdda6f06e006695550ea94201d0e31/execute/async - {"script":"<script> [1562 bytes]","args":[{"selector":{"id":"application-managesites-display-component---NewSite--addressEditDetailsCostObjectCstType-arrow"},"wdio_ui5_key":"applicationmanagesites-display-component---NewSite--addressEditDetailsCostObjectCstType-arrow"}]}
RESULT: {"script":"<script> [1562 bytes]","args":[{"selector":{"id":"application-managesites-display-component---NewSite--addressEditDetailsCostObjectCstType-arrow"},"wdio_ui5_key":"applicationmanagesites-display-component---NewSite--addressEditDetailsCostObjectCstType-arrow"}]}
RESULT: undefined
COMMAND: POST /session/d3cdda6f06e006695550ea94201d0e31/element - {"using":"xpath","value":"//*[@id=\"application-managesites-display-component---NewSite--addressEditDetailsCostObjectCstType-arrow\"]"}
RESULT: {"using":"xpath","value":"//*[@id=\"application-managesites-display-component---NewSite--addressEditDetailsCostObjectCstType-arrow\"]"}
COMMAND: POST /session/d3cdda6f06e006695550ea94201d0e31/element/f.CF3EA173C6DD6742E6FF2C1FCC3ADAA5.d.B920192F3A9E7958E0D78C9A3F40875B.e.8584/click - {}
RESULT: {}
COMMAND: POST /session/d3cdda6f06e006695550ea94201d0e31/element - {"using":"xpath","value":"//span[contains(text(), \"Cost Center\")]"}
COMMAND: GET /session/d3cdda6f06e006695550ea94201d0e31/screenshot - {}
RESULT: {"using":"xpath","value":"//span[contains(text(), \"Cost Center\")]"}
COMMAND: POST /session/d3cdda6f06e006695550ea94201d0e31/element/f.CF3EA173C6DD6742E6FF2C1FCC3ADAA5.d.B920192F3A9E7958E0D78C9A3F40875B.e.8585/click - {}
RESULT: {}
RESULT: {}
COMMAND: GET /session/d3cdda6f06e006695550ea94201d0e31/screenshot - {}
RESULT: {}
COMMAND: POST /session/d3cdda6f06e006695550ea94201d0e31/element - {"using":"xpath","value":"//span[@id=\"application-managesites-display-component---NewSite--addressNewCostObjectCstID-vhi\"]"}
RESULT: {"using":"xpath","value":"//span[@id=\"application-managesites-display-component---NewSite--addressNewCostObjectCstID-vhi\"]"}
COMMAND: POST /session/d3cdda6f06e006695550ea94201d0e31/execute/sync - {"script":"<script> [8489 bytes]","args":[{"element-6066-11e4-a52e-4f735466cecf":"f.CF3EA173C6DD6742E6FF2C1FCC3ADAA5.d.B920192F3A9E7958E0D78C9A3F40875B.e.8589","ELEMENT":"f.CF3EA173C6DD6742E6FF2C1FCC3ADAA5.d.B920192F3A9E7958E0D78C9A3F40875B.e.8589"}]}
RESULT: {"script":"<script> [8489 bytes]","args":[{"element-6066-11e4-a52e-4f735466cecf":"f.CF3EA173C6DD6742E6FF2C1FCC3ADAA5.d.B920192F3A9E7958E0D78C9A3F40875B.e.8589","ELEMENT":"f.CF3EA173C6DD6742E6FF2C1FCC3ADAA5.d.B920192F3A9E7958E0D78C9A3F40875B.e.8589"}]}
COMMAND: POST /session/d3cdda6f06e006695550ea94201d0e31/execute/async - {"script":"<script> [1562 bytes]","args":[{"selector":{"id":"application-managesites-display-component---NewSite--addressNewCostObjectCstID-vhi"},"wdio_ui5_key":"applicationmanagesites-display-component---NewSite--addressNewCostObjectCstID-vhi"}]}
COMMAND: GET /session/d3cdda6f06e006695550ea94201d0e31/screenshot - {}
RESULT: {"script":"<script> [1562 bytes]","args":[{"selector":{"id":"application-managesites-display-component---NewSite--addressNewCostObjectCstID-vhi"},"wdio_ui5_key":"applicationmanagesites-display-component---NewSite--addressNewCostObjectCstID-vhi"}]}
RESULT: undefined
COMMAND: POST /session/d3cdda6f06e006695550ea94201d0e31/element - {"using":"xpath","value":"//*[@id=\"application-managesites-display-component---NewSite--addressNewCostObjectCstID-vhi\"]"}
RESULT: {}
RESULT: {"using":"xpath","value":"//*[@id=\"application-managesites-display-component---NewSite--addressNewCostObjectCstID-vhi\"]"}
COMMAND: POST /session/d3cdda6f06e006695550ea94201d0e31/element/f.CF3EA173C6DD6742E6FF2C1FCC3ADAA5.d.B920192F3A9E7958E0D78C9A3F40875B.e.8589/click - {}
RESULT: {}
COMMAND: GET /session/d3cdda6f06e006695550ea94201d0e31/screenshot - {}
RESULT: {}
RESULT: undefined
COMMAND: POST /session/d3cdda6f06e006695550ea94201d0e31/execute/async - {"script":"<script> [776 bytes]","args":[{"enterText":"10001013","selector":{"controlType":"sap.m.SearchField","properties":{"placeholder":"Search"},"searchOpenDialogs":true,"interaction":{"idSuffix":"I"}},"clearTextFirst":true,"interactionType":"ENTER_TEXT"}]}
RESULT: {"script":"<script> [776 bytes]","args":[{"enterText":"10001013","selector":{"controlType":"sap.m.SearchField","properties":{"placeholder":"Search"},"searchOpenDialogs":true,"interaction":{"idSuffix":"I"}},"clearTextFirst":true,"interactionType":"ENTER_TEXT"}]}
COMMAND: POST /session/d3cdda6f06e006695550ea94201d0e31/actions - {"actions":[{"id":"action25","type":"key","parameters":{},"actions":[{"type":"keyDown","value":"î€‡"},{"type":"pause","duration":10},{"type":"keyUp","value":"î€‡"}]}]}
RESULT: {"actions":[{"id":"action25","type":"key","parameters":{},"actions":[{"type":"keyDown","value":"î€‡"},{"type":"pause","duration":10},{"type":"keyUp","value":"î€‡"}]}]}
COMMAND: GET /session/d3cdda6f06e006695550ea94201d0e31/screenshot - {}
RESULT: {}
COMMAND: POST /session/d3cdda6f06e006695550ea94201d0e31/element - {"using":"xpath","value":"//span[contains(text(), \"General Management\")]"}
RESULT: {"using":"xpath","value":"//span[contains(text(), \"General Management\")]"}
COMMAND: POST /session/d3cdda6f06e006695550ea94201d0e31/element/f.CF3EA173C6DD6742E6FF2C1FCC3ADAA5.d.B920192F3A9E7958E0D78C9A3F40875B.e.8627/click - {}
RESULT: {}
COMMAND: GET /session/d3cdda6f06e006695550ea94201d0e31/screenshot - {}
RESULT: {}
COMMAND: POST /session/d3cdda6f06e006695550ea94201d0e31/element - {"using":"xpath","value":"//bdi[contains(text(), \"OK\")]"}
RESULT: {"using":"xpath","value":"//bdi[contains(text(), \"OK\")]"}
COMMAND: POST /session/d3cdda6f06e006695550ea94201d0e31/element/f.CF3EA173C6DD6742E6FF2C1FCC3ADAA5.d.B920192F3A9E7958E0D78C9A3F40875B.e.8628/click - {}
RESULT: {}
COMMAND: GET /session/d3cdda6f06e006695550ea94201d0e31/screenshot - {}
RESULT: {}
COMMAND: POST /session/d3cdda6f06e006695550ea94201d0e31/element - {"using":"xpath","value":"//input[@id=\"application-managesites-display-component---NewSite--addressDetailDetailsCalendar-inner\"]"}
RESULT: {"using":"xpath","value":"//input[@id=\"application-managesites-display-component---NewSite--addressDetailDetailsCalendar-inner\"]"}
COMMAND: POST /session/d3cdda6f06e006695550ea94201d0e31/element/f.CF3EA173C6DD6742E6FF2C1FCC3ADAA5.d.B920192F3A9E7958E0D78C9A3F40875B.e.8374/clear - {}
RESULT: {}
COMMAND: POST /session/d3cdda6f06e006695550ea94201d0e31/element/f.CF3EA173C6DD6742E6FF2C1FCC3ADAA5.d.B920192F3A9E7958E0D78C9A3F40875B.e.8374/value - {"text":"Unit"}
COMMAND: GET /session/d3cdda6f06e006695550ea94201d0e31/screenshot - {}
RESULT: {"text":"Unit"}
COMMAND: GET /session/d3cdda6f06e006695550ea94201d0e31/screenshot - {}
RESULT: {}
RESULT: {}
COMMAND: POST /session/d3cdda6f06e006695550ea94201d0e31/actions - {"actions":[{"id":"action26","type":"key","parameters":{},"actions":[{"type":"keyDown","value":"î€‡"},{"type":"pause","duration":10},{"type":"keyUp","value":"î€‡"}]}]}
RESULT: {"actions":[{"id":"action26","type":"key","parameters":{},"actions":[{"type":"keyDown","value":"î€‡"},{"type":"pause","duration":10},{"type":"keyUp","value":"î€‡"}]}]}
COMMAND: POST /session/d3cdda6f06e006695550ea94201d0e31/element - {"using":"xpath","value":"//input[@id=\"application-managesites-display-component---NewSite--addressDetailDetailsYard-inner\"]"}
COMMAND: GET /session/d3cdda6f06e006695550ea94201d0e31/screenshot - {}
RESULT: {"using":"xpath","value":"//input[@id=\"application-managesites-display-component---NewSite--addressDetailDetailsYard-inner\"]"}
COMMAND: POST /session/d3cdda6f06e006695550ea94201d0e31/element/f.CF3EA173C6DD6742E6FF2C1FCC3ADAA5.d.B920192F3A9E7958E0D78C9A3F40875B.e.8375/clear - {}
RESULT: {}
RESULT: {}
COMMAND: POST /session/d3cdda6f06e006695550ea94201d0e31/element/f.CF3EA173C6DD6742E6FF2C1FCC3ADAA5.d.B920192F3A9E7958E0D78C9A3F40875B.e.8375/value - {"text":"621"}
COMMAND: GET /session/d3cdda6f06e006695550ea94201d0e31/screenshot - {}
RESULT: {"text":"621"}
COMMAND: GET /session/d3cdda6f06e006695550ea94201d0e31/screenshot - {}
RESULT: {}
RESULT: {}
COMMAND: POST /session/d3cdda6f06e006695550ea94201d0e31/element - {"using":"xpath","value":"//li[.//span[text()='621']]"}
RESULT: {"using":"xpath","value":"//li[.//span[text()='621']]"}
COMMAND: POST /session/d3cdda6f06e006695550ea94201d0e31/element/f.CF3EA173C6DD6742E6FF2C1FCC3ADAA5.d.B920192F3A9E7958E0D78C9A3F40875B.e.8636/click - {}
RESULT: {}
COMMAND: GET /session/d3cdda6f06e006695550ea94201d0e31/screenshot - {}
RESULT: {}
COMMAND: POST /session/d3cdda6f06e006695550ea94201d0e31/element - {"using":"xpath","value":"//input[@id=\"application-managesites-display-component---NewSite--addressDetailDetailsPartner-inner\"]"}
RESULT: {"using":"xpath","value":"//input[@id=\"application-managesites-display-component---NewSite--addressDetailDetailsPartner-inner\"]"}
COMMAND: POST /session/d3cdda6f06e006695550ea94201d0e31/element - {"using":"xpath","value":"//input[@id=\"application-managesites-display-component---NewSite--addressDetailDetailsPartner-inner\"]"}
RESULT: {"using":"xpath","value":"//input[@id=\"application-managesites-display-component---NewSite--addressDetailDetailsPartner-inner\"]"}
COMMAND: POST /session/d3cdda6f06e006695550ea94201d0e31/element - {"using":"xpath","value":"//button[@data-kt=\"saveButton\"]"}
RESULT: {"using":"xpath","value":"//button[@data-kt=\"saveButton\"]"}
COMMAND: POST /session/d3cdda6f06e006695550ea94201d0e31/element/f.CF3EA173C6DD6742E6FF2C1FCC3ADAA5.d.B920192F3A9E7958E0D78C9A3F40875B.e.8525/click - {}
RESULT: {}
COMMAND: GET /session/d3cdda6f06e006695550ea94201d0e31/screenshot - {}
RESULT: {}
COMMAND: POST /session/d3cdda6f06e006695550ea94201d0e31/element - {"using":"xpath","value":"//header[contains(@id, 'ObjectPageLayout-headerTitle')]/div[1]/div[2]/div[2]/span[1]"}
RESULT: {"using":"xpath","value":"//header[contains(@id, 'ObjectPageLayout-headerTitle')]/div[1]/div[2]/div[2]/span[1]"}
COMMAND: POST /session/d3cdda6f06e006695550ea94201d0e31/elements - {"using":"xpath","value":"//header[contains(@id, 'ObjectPageLayout-headerTitle')]/div[1]/div[2]/div[2]/span[1]"}
RESULT: {"using":"xpath","value":"//header[contains(@id, 'ObjectPageLayout-headerTitle')]/div[1]/div[2]/div[2]/span[1]"}
COMMAND: POST /session/d3cdda6f06e006695550ea94201d0e31/execute/sync - {"script":"<script> [56 bytes]","args":[{"element-6066-11e4-a52e-4f735466cecf":"f.CF3EA173C6DD6742E6FF2C1FCC3ADAA5.d.B920192F3A9E7958E0D78C9A3F40875B.e.8840","ELEMENT":"f.CF3EA173C6DD6742E6FF2C1FCC3ADAA5.d.B920192F3A9E7958E0D78C9A3F40875B.e.8840"}]}
RESULT: {"script":"<script> [56 bytes]","args":[{"element-6066-11e4-a52e-4f735466cecf":"f.CF3EA173C6DD6742E6FF2C1FCC3ADAA5.d.B920192F3A9E7958E0D78C9A3F40875B.e.8840","ELEMENT":"f.CF3EA173C6DD6742E6FF2C1FCC3ADAA5.d.B920192F3A9E7958E0D78C9A3F40875B.e.8840"}]}
COMMAND: POST /session/d3cdda6f06e006695550ea94201d0e31/element - {"using":"css selector","value":"#shell-header-logo"}
COMMAND: GET /session/d3cdda6f06e006695550ea94201d0e31/screenshot - {}
RESULT: {"using":"css selector","value":"#shell-header-logo"}
COMMAND: POST /session/d3cdda6f06e006695550ea94201d0e31/element/f.CF3EA173C6DD6742E6FF2C1FCC3ADAA5.d.B920192F3A9E7958E0D78C9A3F40875B.e.7892/click - {}
RESULT: {}
RESULT: {}
COMMAND: GET /session/d3cdda6f06e006695550ea94201d0e31/screenshot - {}
RESULT: {}
COMMAND: POST /session/d3cdda6f06e006695550ea94201d0e31/execute/sync - {"script":"<script> [299 bytes]","args":[["getModel","getResource"]]}
RESULT: {"script":"<script> [299 bytes]","args":[["getModel","getResource"]]}
]]></system-out>
    </testcase>
    <testcase classname="chrome.136_0_7103_93.windows.Create_master_data_for_mixed_billing_&amp;_do_billing_calculation_US151661" name="Should create a new equipment and add a counter to it" time="148.725">
      <system-out><![CDATA[
COMMAND: GET /session/d3cdda6f06e006695550ea94201d0e31/screenshot - {}
COMMAND: POST /session/d3cdda6f06e006695550ea94201d0e31/execute/async - {"script":"<script> [1562 bytes]","args":[{"selector":{"controlType":"sap.m.GenericTile","properties":{"header":"Manage Resources"}},"wdio_ui5_key":"sapm.GenericTile{\"header\":\"Manage Resources\"}"}]}
RESULT: {}
RESULT: {"script":"<script> [1562 bytes]","args":[{"selector":{"controlType":"sap.m.GenericTile","properties":{"header":"Manage Resources"}},"wdio_ui5_key":"sapm.GenericTile{\"header\":\"Manage Resources\"}"}]}
RESULT: undefined
COMMAND: POST /session/d3cdda6f06e006695550ea94201d0e31/element - {"using":"xpath","value":"//*[@id=\"__tile39\"]"}
RESULT: {"using":"xpath","value":"//*[@id=\"__tile39\"]"}
COMMAND: POST /session/d3cdda6f06e006695550ea94201d0e31/element/f.CF3EA173C6DD6742E6FF2C1FCC3ADAA5.d.B920192F3A9E7958E0D78C9A3F40875B.e.6226/click - {}
RESULT: {}
COMMAND: GET /session/d3cdda6f06e006695550ea94201d0e31/screenshot - {}
RESULT: {}
COMMAND: POST /session/d3cdda6f06e006695550ea94201d0e31/elements - {"using":"xpath","value":"//span[text()='Error']"}
RESULT: {"using":"xpath","value":"//span[text()='Error']"}
COMMAND: POST /session/d3cdda6f06e006695550ea94201d0e31/element - {"using":"xpath","value":"//button[@data-kt=\"addNewRUOverflowToolbarButton\"]"}
RESULT: {"using":"xpath","value":"//button[@data-kt=\"addNewRUOverflowToolbarButton\"]"}
COMMAND: POST /session/d3cdda6f06e006695550ea94201d0e31/elements - {"using":"xpath","value":"//button[@data-kt=\"addNewRUOverflowToolbarButton\"]"}
RESULT: {"using":"xpath","value":"//button[@data-kt=\"addNewRUOverflowToolbarButton\"]"}
COMMAND: POST /session/d3cdda6f06e006695550ea94201d0e31/execute/sync - {"script":"<script> [8489 bytes]","args":[{"element-6066-11e4-a52e-4f735466cecf":"f.CF3EA173C6DD6742E6FF2C1FCC3ADAA5.d.B920192F3A9E7958E0D78C9A3F40875B.e.8883","ELEMENT":"f.CF3EA173C6DD6742E6FF2C1FCC3ADAA5.d.B920192F3A9E7958E0D78C9A3F40875B.e.8883"}]}
RESULT: {"script":"<script> [8489 bytes]","args":[{"element-6066-11e4-a52e-4f735466cecf":"f.CF3EA173C6DD6742E6FF2C1FCC3ADAA5.d.B920192F3A9E7958E0D78C9A3F40875B.e.8883","ELEMENT":"f.CF3EA173C6DD6742E6FF2C1FCC3ADAA5.d.B920192F3A9E7958E0D78C9A3F40875B.e.8883"}]}
COMMAND: GET /session/d3cdda6f06e006695550ea94201d0e31/element/f.CF3EA173C6DD6742E6FF2C1FCC3ADAA5.d.B920192F3A9E7958E0D78C9A3F40875B.e.8883/enabled - {}
COMMAND: GET /session/d3cdda6f06e006695550ea94201d0e31/screenshot - {}
RESULT: {}
COMMAND: POST /session/d3cdda6f06e006695550ea94201d0e31/execute/sync - {"script":"<script> [8489 bytes]","args":[{"element-6066-11e4-a52e-4f735466cecf":"f.CF3EA173C6DD6742E6FF2C1FCC3ADAA5.d.B920192F3A9E7958E0D78C9A3F40875B.e.8883","ELEMENT":"f.CF3EA173C6DD6742E6FF2C1FCC3ADAA5.d.B920192F3A9E7958E0D78C9A3F40875B.e.8883"}]}
COMMAND: GET /session/d3cdda6f06e006695550ea94201d0e31/screenshot - {}
RESULT: {}
RESULT: {"script":"<script> [8489 bytes]","args":[{"element-6066-11e4-a52e-4f735466cecf":"f.CF3EA173C6DD6742E6FF2C1FCC3ADAA5.d.B920192F3A9E7958E0D78C9A3F40875B.e.8883","ELEMENT":"f.CF3EA173C6DD6742E6FF2C1FCC3ADAA5.d.B920192F3A9E7958E0D78C9A3F40875B.e.8883"}]}
COMMAND: POST /session/d3cdda6f06e006695550ea94201d0e31/execute/sync - {"script":"<script> [5351 bytes]","args":[{"element-6066-11e4-a52e-4f735466cecf":"f.CF3EA173C6DD6742E6FF2C1FCC3ADAA5.d.B920192F3A9E7958E0D78C9A3F40875B.e.8883","ELEMENT":"f.CF3EA173C6DD6742E6FF2C1FCC3ADAA5.d.B920192F3A9E7958E0D78C9A3F40875B.e.8883"}]}
COMMAND: GET /session/d3cdda6f06e006695550ea94201d0e31/screenshot - {}
RESULT: {}
RESULT: {"script":"<script> [5351 bytes]","args":[{"element-6066-11e4-a52e-4f735466cecf":"f.CF3EA173C6DD6742E6FF2C1FCC3ADAA5.d.B920192F3A9E7958E0D78C9A3F40875B.e.8883","ELEMENT":"f.CF3EA173C6DD6742E6FF2C1FCC3ADAA5.d.B920192F3A9E7958E0D78C9A3F40875B.e.8883"}]}
COMMAND: POST /session/d3cdda6f06e006695550ea94201d0e31/element/f.CF3EA173C6DD6742E6FF2C1FCC3ADAA5.d.B920192F3A9E7958E0D78C9A3F40875B.e.8883/click - {}
COMMAND: GET /session/d3cdda6f06e006695550ea94201d0e31/screenshot - {}
RESULT: {}
RESULT: {}
COMMAND: GET /session/d3cdda6f06e006695550ea94201d0e31/screenshot - {}
RESULT: {}
RESULT: {}
COMMAND: POST /session/d3cdda6f06e006695550ea94201d0e31/execute/async - {"script":"<script> [1562 bytes]","args":[{"selector":{"id":"application-manageresources-display-component---newResourceUnit--TYPE-arrow"},"wdio_ui5_key":"applicationmanageresources-display-component---newResourceUnit--TYPE-arrow"}]}
RESULT: {"script":"<script> [1562 bytes]","args":[{"selector":{"id":"application-manageresources-display-component---newResourceUnit--TYPE-arrow"},"wdio_ui5_key":"applicationmanageresources-display-component---newResourceUnit--TYPE-arrow"}]}
RESULT: undefined
COMMAND: POST /session/d3cdda6f06e006695550ea94201d0e31/element - {"using":"xpath","value":"//*[@id=\"application-manageresources-display-component---newResourceUnit--TYPE-arrow\"]"}
RESULT: {"using":"xpath","value":"//*[@id=\"application-manageresources-display-component---newResourceUnit--TYPE-arrow\"]"}
COMMAND: POST /session/d3cdda6f06e006695550ea94201d0e31/element/f.CF3EA173C6DD6742E6FF2C1FCC3ADAA5.d.B920192F3A9E7958E0D78C9A3F40875B.e.9236/click - {}
RESULT: {}
COMMAND: POST /session/d3cdda6f06e006695550ea94201d0e31/element - {"using":"xpath","value":"//input[@id=\"application-manageresources-display-component---newResourceUnit--TYPE-inner\"]"}
COMMAND: GET /session/d3cdda6f06e006695550ea94201d0e31/screenshot - {}
RESULT: {"using":"xpath","value":"//input[@id=\"application-manageresources-display-component---newResourceUnit--TYPE-inner\"]"}
COMMAND: POST /session/d3cdda6f06e006695550ea94201d0e31/element/f.CF3EA173C6DD6742E6FF2C1FCC3ADAA5.d.B920192F3A9E7958E0D78C9A3F40875B.e.9216/clear - {}
RESULT: {}
RESULT: {}
COMMAND: POST /session/d3cdda6f06e006695550ea94201d0e31/element/f.CF3EA173C6DD6742E6FF2C1FCC3ADAA5.d.B920192F3A9E7958E0D78C9A3F40875B.e.9216/value - {"text":"Equipment"}
COMMAND: GET /session/d3cdda6f06e006695550ea94201d0e31/screenshot - {}
RESULT: {"text":"Equipment"}
COMMAND: GET /session/d3cdda6f06e006695550ea94201d0e31/screenshot - {}
RESULT: {}
RESULT: {}
COMMAND: POST /session/d3cdda6f06e006695550ea94201d0e31/actions - {"actions":[{"id":"action27","type":"key","parameters":{},"actions":[{"type":"keyDown","value":"î€‡"},{"type":"pause","duration":10},{"type":"keyUp","value":"î€‡"}]}]}
RESULT: {"actions":[{"id":"action27","type":"key","parameters":{},"actions":[{"type":"keyDown","value":"î€‡"},{"type":"pause","duration":10},{"type":"keyUp","value":"î€‡"}]}]}
COMMAND: POST /session/d3cdda6f06e006695550ea94201d0e31/execute/async - {"script":"<script> [1562 bytes]","args":[{"selector":{"id":"application-manageresources-display-component---newResourceUnit--resourceId","interaction":{"idSuffix":"inner"}},"wdio_ui5_key":"applicationmanageresources-display-component---newResourceUnit--resourceId"}]}
COMMAND: GET /session/d3cdda6f06e006695550ea94201d0e31/screenshot - {}
RESULT: {"script":"<script> [1562 bytes]","args":[{"selector":{"id":"application-manageresources-display-component---newResourceUnit--resourceId","interaction":{"idSuffix":"inner"}},"wdio_ui5_key":"applicationmanageresources-display-component---newResourceUnit--resourceId"}]}
RESULT: undefined
COMMAND: POST /session/d3cdda6f06e006695550ea94201d0e31/execute/async - {"script":"<script> [776 bytes]","args":[{"enterText":"19vZ3HdrTe","selector":{"id":"application-manageresources-display-component---newResourceUnit--resourceId","interaction":{"idSuffix":"inner"}},"clearTextFirst":true,"interactionType":"ENTER_TEXT"}]}
RESULT: {}
RESULT: {"script":"<script> [776 bytes]","args":[{"enterText":"19vZ3HdrTe","selector":{"id":"application-manageresources-display-component---newResourceUnit--resourceId","interaction":{"idSuffix":"inner"}},"clearTextFirst":true,"interactionType":"ENTER_TEXT"}]}
COMMAND: POST /session/d3cdda6f06e006695550ea94201d0e31/execute/async - {"script":"<script> [1562 bytes]","args":[{"selector":{"id":"application-manageresources-display-component---newResourceUnit--SHORT_TEXT","interaction":{"idSuffix":"inner"}},"wdio_ui5_key":"applicationmanageresources-display-component---newResourceUnit--SHORT_TEXT"}]}
RESULT: {"script":"<script> [1562 bytes]","args":[{"selector":{"id":"application-manageresources-display-component---newResourceUnit--SHORT_TEXT","interaction":{"idSuffix":"inner"}},"wdio_ui5_key":"applicationmanageresources-display-component---newResourceUnit--SHORT_TEXT"}]}
RESULT: undefined
COMMAND: POST /session/d3cdda6f06e006695550ea94201d0e31/execute/async - {"script":"<script> [776 bytes]","args":[{"enterText":"Intercompany Equipment WDIO","selector":{"id":"application-manageresources-display-component---newResourceUnit--SHORT_TEXT","interaction":{"idSuffix":"inner"}},"clearTextFirst":true,"interactionType":"ENTER_TEXT"}]}
RESULT: {"script":"<script> [776 bytes]","args":[{"enterText":"Intercompany Equipment WDIO","selector":{"id":"application-manageresources-display-component---newResourceUnit--SHORT_TEXT","interaction":{"idSuffix":"inner"}},"clearTextFirst":true,"interactionType":"ENTER_TEXT"}]}
COMMAND: POST /session/d3cdda6f06e006695550ea94201d0e31/execute/async - {"script":"<script> [1562 bytes]","args":[{"selector":{"id":"application-manageresources-display-component---newResourceUnit--BASE_UNIT_OF_MEASURE","interaction":{"idSuffix":"inner"}},"wdio_ui5_key":"applicationmanageresources-display-component---newResourceUnit--BASE_UNIT_OF_MEASURE"}]}
RESULT: {"script":"<script> [1562 bytes]","args":[{"selector":{"id":"application-manageresources-display-component---newResourceUnit--BASE_UNIT_OF_MEASURE","interaction":{"idSuffix":"inner"}},"wdio_ui5_key":"applicationmanageresources-display-component---newResourceUnit--BASE_UNIT_OF_MEASURE"}]}
RESULT: undefined
COMMAND: POST /session/d3cdda6f06e006695550ea94201d0e31/execute/async - {"script":"<script> [776 bytes]","args":[{"enterText":"Piece","selector":{"id":"application-manageresources-display-component---newResourceUnit--BASE_UNIT_OF_MEASURE","interaction":{"idSuffix":"inner"}},"clearTextFirst":true,"interactionType":"ENTER_TEXT"}]}
RESULT: {"script":"<script> [776 bytes]","args":[{"enterText":"Piece","selector":{"id":"application-manageresources-display-component---newResourceUnit--BASE_UNIT_OF_MEASURE","interaction":{"idSuffix":"inner"}},"clearTextFirst":true,"interactionType":"ENTER_TEXT"}]}
COMMAND: POST /session/d3cdda6f06e006695550ea94201d0e31/execute/async - {"script":"<script> [1562 bytes]","args":[{"selector":{"id":"application-manageresources-display-component---newResourceUnit--WEIGHT_UNIT","interaction":{"idSuffix":"inner"}},"wdio_ui5_key":"applicationmanageresources-display-component---newResourceUnit--WEIGHT_UNIT"}]}
RESULT: {"script":"<script> [1562 bytes]","args":[{"selector":{"id":"application-manageresources-display-component---newResourceUnit--WEIGHT_UNIT","interaction":{"idSuffix":"inner"}},"wdio_ui5_key":"applicationmanageresources-display-component---newResourceUnit--WEIGHT_UNIT"}]}
RESULT: undefined
COMMAND: POST /session/d3cdda6f06e006695550ea94201d0e31/execute/async - {"script":"<script> [776 bytes]","args":[{"enterText":"Gram","selector":{"id":"application-manageresources-display-component---newResourceUnit--WEIGHT_UNIT","interaction":{"idSuffix":"inner"}},"clearTextFirst":true,"interactionType":"ENTER_TEXT"}]}
RESULT: {"script":"<script> [776 bytes]","args":[{"enterText":"Gram","selector":{"id":"application-manageresources-display-component---newResourceUnit--WEIGHT_UNIT","interaction":{"idSuffix":"inner"}},"clearTextFirst":true,"interactionType":"ENTER_TEXT"}]}
COMMAND: POST /session/d3cdda6f06e006695550ea94201d0e31/execute/async - {"script":"<script> [1562 bytes]","args":[{"selector":{"id":"application-manageresources-display-component---newResourceUnit--DIMENSION_UNIT","interaction":{"idSuffix":"inner"}},"wdio_ui5_key":"applicationmanageresources-display-component---newResourceUnit--DIMENSION_UNIT"}]}
RESULT: {"script":"<script> [1562 bytes]","args":[{"selector":{"id":"application-manageresources-display-component---newResourceUnit--DIMENSION_UNIT","interaction":{"idSuffix":"inner"}},"wdio_ui5_key":"applicationmanageresources-display-component---newResourceUnit--DIMENSION_UNIT"}]}
RESULT: undefined
COMMAND: POST /session/d3cdda6f06e006695550ea94201d0e31/execute/async - {"script":"<script> [776 bytes]","args":[{"enterText":"Meter","selector":{"id":"application-manageresources-display-component---newResourceUnit--DIMENSION_UNIT","interaction":{"idSuffix":"inner"}},"clearTextFirst":true,"interactionType":"ENTER_TEXT"}]}
RESULT: {"script":"<script> [776 bytes]","args":[{"enterText":"Meter","selector":{"id":"application-manageresources-display-component---newResourceUnit--DIMENSION_UNIT","interaction":{"idSuffix":"inner"}},"clearTextFirst":true,"interactionType":"ENTER_TEXT"}]}
COMMAND: POST /session/d3cdda6f06e006695550ea94201d0e31/execute/async - {"script":"<script> [1562 bytes]","args":[{"selector":{"id":"application-manageresources-display-component---newResourceUnit--newRRUPage-anchBar-application-manageresources-display-component---newResourceUnit--control-anchor","interaction":{"idSuffix":"BDI-content"}},"wdio_ui5_key":"applicationmanageresources-display-component---newResourceUnit--newRRUPage-anchBar-application-manageresources-display-component---newResourceUnit--control-anchor"}]}
RESULT: {"script":"<script> [1562 bytes]","args":[{"selector":{"id":"application-manageresources-display-component---newResourceUnit--newRRUPage-anchBar-application-manageresources-display-component---newResourceUnit--control-anchor","interaction":{"idSuffix":"BDI-content"}},"wdio_ui5_key":"applicationmanageresources-display-component---newResourceUnit--newRRUPage-anchBar-application-manageresources-display-component---newResourceUnit--control-anchor"}]}
RESULT: undefined
COMMAND: POST /session/d3cdda6f06e006695550ea94201d0e31/element - {"using":"xpath","value":"//*[@id=\"application-manageresources-display-component---newResourceUnit--newRRUPage-anchBar-application-manageresources-display-component---newResourceUnit--control-anchor\"]"}
RESULT: {"using":"xpath","value":"//*[@id=\"application-manageresources-display-component---newResourceUnit--newRRUPage-anchBar-application-manageresources-display-component---newResourceUnit--control-anchor\"]"}
COMMAND: POST /session/d3cdda6f06e006695550ea94201d0e31/element/f.CF3EA173C6DD6742E6FF2C1FCC3ADAA5.d.B920192F3A9E7958E0D78C9A3F40875B.e.9367/click - {}
RESULT: {}
COMMAND: POST /session/d3cdda6f06e006695550ea94201d0e31/execute/async - {"script":"<script> [1562 bytes]","args":[{"selector":{"id":"application-manageresources-display-component---newResourceUnit--PLANNING_GROUP","interaction":{"idSuffix":"inner"}},"wdio_ui5_key":"applicationmanageresources-display-component---newResourceUnit--PLANNING_GROUP"}]}
COMMAND: GET /session/d3cdda6f06e006695550ea94201d0e31/screenshot - {}
RESULT: {"script":"<script> [1562 bytes]","args":[{"selector":{"id":"application-manageresources-display-component---newResourceUnit--PLANNING_GROUP","interaction":{"idSuffix":"inner"}},"wdio_ui5_key":"applicationmanageresources-display-component---newResourceUnit--PLANNING_GROUP"}]}
RESULT: undefined
COMMAND: POST /session/d3cdda6f06e006695550ea94201d0e31/execute/async - {"script":"<script> [776 bytes]","args":[{"enterText":"Heavy Equi","selector":{"id":"application-manageresources-display-component---newResourceUnit--PLANNING_GROUP","interaction":{"idSuffix":"inner"}},"clearTextFirst":true,"interactionType":"ENTER_TEXT"}]}
RESULT: {}
RESULT: {"script":"<script> [776 bytes]","args":[{"enterText":"Heavy Equi","selector":{"id":"application-manageresources-display-component---newResourceUnit--PLANNING_GROUP","interaction":{"idSuffix":"inner"}},"clearTextFirst":true,"interactionType":"ENTER_TEXT"}]}
COMMAND: POST /session/d3cdda6f06e006695550ea94201d0e31/execute/async - {"script":"<script> [1562 bytes]","args":[{"selector":{"id":"application-manageresources-display-component---newResourceUnit--ITEM_TYPE-arrow"},"wdio_ui5_key":"applicationmanageresources-display-component---newResourceUnit--ITEM_TYPE-arrow"}]}
RESULT: {"script":"<script> [1562 bytes]","args":[{"selector":{"id":"application-manageresources-display-component---newResourceUnit--ITEM_TYPE-arrow"},"wdio_ui5_key":"applicationmanageresources-display-component---newResourceUnit--ITEM_TYPE-arrow"}]}
RESULT: undefined
COMMAND: POST /session/d3cdda6f06e006695550ea94201d0e31/element - {"using":"xpath","value":"//*[@id=\"application-manageresources-display-component---newResourceUnit--ITEM_TYPE-arrow\"]"}
RESULT: {"using":"xpath","value":"//*[@id=\"application-manageresources-display-component---newResourceUnit--ITEM_TYPE-arrow\"]"}
COMMAND: POST /session/d3cdda6f06e006695550ea94201d0e31/element/f.CF3EA173C6DD6742E6FF2C1FCC3ADAA5.d.B920192F3A9E7958E0D78C9A3F40875B.e.9376/click - {}
RESULT: {}
COMMAND: POST /session/d3cdda6f06e006695550ea94201d0e31/element - {"using":"xpath","value":"(//span[contains(text(), \"Resource Unit\")])[2]"}
COMMAND: GET /session/d3cdda6f06e006695550ea94201d0e31/screenshot - {}
RESULT: {"using":"xpath","value":"(//span[contains(text(), \"Resource Unit\")])[2]"}
COMMAND: POST /session/d3cdda6f06e006695550ea94201d0e31/element/f.CF3EA173C6DD6742E6FF2C1FCC3ADAA5.d.B920192F3A9E7958E0D78C9A3F40875B.e.9377/click - {}
RESULT: {}
RESULT: {}
COMMAND: GET /session/d3cdda6f06e006695550ea94201d0e31/screenshot - {}
RESULT: {}
COMMAND: POST /session/d3cdda6f06e006695550ea94201d0e31/element - {"using":"css selector","value":"#application-manageresources-display-component---newResourceUnit--btnAddTimeSegment"}
RESULT: {"using":"css selector","value":"#application-manageresources-display-component---newResourceUnit--btnAddTimeSegment"}
COMMAND: GET /session/d3cdda6f06e006695550ea94201d0e31/element/f.CF3EA173C6DD6742E6FF2C1FCC3ADAA5.d.B920192F3A9E7958E0D78C9A3F40875B.e.9378/rect - {}
RESULT: {}
COMMAND: GET /session/d3cdda6f06e006695550ea94201d0e31/window/rect - {}
RESULT: {}
COMMAND: POST /session/d3cdda6f06e006695550ea94201d0e31/execute/sync - {"script":"<script> [92 bytes]","args":[]}
RESULT: {"script":"<script> [92 bytes]","args":[]}
COMMAND: POST /session/d3cdda6f06e006695550ea94201d0e31/actions - {"actions":[{"id":"action28","type":"wheel","parameters":{},"actions":[{"type":"scroll","x":-1888,"y":-32,"deltaX":0,"deltaY":0,"duration":0,"origin":{"element-6066-11e4-a52e-4f735466cecf":"f.CF3EA173C6DD6742E6FF2C1FCC3ADAA5.d.B920192F3A9E7958E0D78C9A3F40875B.e.9378"}}]}]}
COMMAND: GET /session/d3cdda6f06e006695550ea94201d0e31/screenshot - {}
RESULT: {}
COMMAND: POST /session/d3cdda6f06e006695550ea94201d0e31/execute/sync - {"script":"<script> [79 bytes]","args":[{"element-6066-11e4-a52e-4f735466cecf":"f.CF3EA173C6DD6742E6FF2C1FCC3ADAA5.d.B920192F3A9E7958E0D78C9A3F40875B.e.9378","ELEMENT":"f.CF3EA173C6DD6742E6FF2C1FCC3ADAA5.d.B920192F3A9E7958E0D78C9A3F40875B.e.9378"},{"block":"start","inline":"nearest"}]}
RESULT: {"script":"<script> [79 bytes]","args":[{"element-6066-11e4-a52e-4f735466cecf":"f.CF3EA173C6DD6742E6FF2C1FCC3ADAA5.d.B920192F3A9E7958E0D78C9A3F40875B.e.9378","ELEMENT":"f.CF3EA173C6DD6742E6FF2C1FCC3ADAA5.d.B920192F3A9E7958E0D78C9A3F40875B.e.9378"},{"block":"start","inline":"nearest"}]}
COMMAND: POST /session/d3cdda6f06e006695550ea94201d0e31/execute/async - {"script":"<script> [1562 bytes]","args":[{"selector":{"id":"application-manageresources-display-component---newResourceUnit--btnAddTimeSegment","interaction":{"idSuffix":"inner"}},"wdio_ui5_key":"applicationmanageresources-display-component---newResourceUnit--btnAddTimeSegment"}]}
COMMAND: GET /session/d3cdda6f06e006695550ea94201d0e31/screenshot - {}
RESULT: {"script":"<script> [1562 bytes]","args":[{"selector":{"id":"application-manageresources-display-component---newResourceUnit--btnAddTimeSegment","interaction":{"idSuffix":"inner"}},"wdio_ui5_key":"applicationmanageresources-display-component---newResourceUnit--btnAddTimeSegment"}]}
RESULT: undefined
COMMAND: POST /session/d3cdda6f06e006695550ea94201d0e31/element - {"using":"xpath","value":"//*[@id=\"application-manageresources-display-component---newResourceUnit--btnAddTimeSegment\"]"}
RESULT: {}
RESULT: {"using":"xpath","value":"//*[@id=\"application-manageresources-display-component---newResourceUnit--btnAddTimeSegment\"]"}
COMMAND: POST /session/d3cdda6f06e006695550ea94201d0e31/element/f.CF3EA173C6DD6742E6FF2C1FCC3ADAA5.d.B920192F3A9E7958E0D78C9A3F40875B.e.9378/click - {}
RESULT: {}
COMMAND: GET /session/d3cdda6f06e006695550ea94201d0e31/screenshot - {}
RESULT: {}
COMMAND: POST /session/d3cdda6f06e006695550ea94201d0e31/element - {"using":"xpath","value":"//input[@id=\"application-manageresources-display-component---newResourceUnit--idRuTSAdmin-application-manageresources-display-component---newResourceUnit--RUTimeSegment-0-inner\"]"}
RESULT: {"using":"xpath","value":"//input[@id=\"application-manageresources-display-component---newResourceUnit--idRuTSAdmin-application-manageresources-display-component---newResourceUnit--RUTimeSegment-0-inner\"]"}
COMMAND: POST /session/d3cdda6f06e006695550ea94201d0e31/element/f.CF3EA173C6DD6742E6FF2C1FCC3ADAA5.d.B920192F3A9E7958E0D78C9A3F40875B.e.9384/clear - {}
RESULT: {}
COMMAND: POST /session/d3cdda6f06e006695550ea94201d0e31/element/f.CF3EA173C6DD6742E6FF2C1FCC3ADAA5.d.B920192F3A9E7958E0D78C9A3F40875B.e.9384/value - {"text":"621"}
COMMAND: GET /session/d3cdda6f06e006695550ea94201d0e31/screenshot - {}
RESULT: {"text":"621"}
COMMAND: GET /session/d3cdda6f06e006695550ea94201d0e31/screenshot - {}
RESULT: {}
RESULT: {}
COMMAND: POST /session/d3cdda6f06e006695550ea94201d0e31/element - {"using":"xpath","value":"//li[.//span[text()='621']]"}
RESULT: {"using":"xpath","value":"//li[.//span[text()='621']]"}
COMMAND: POST /session/d3cdda6f06e006695550ea94201d0e31/element/f.CF3EA173C6DD6742E6FF2C1FCC3ADAA5.d.B920192F3A9E7958E0D78C9A3F40875B.e.9396/click - {}
RESULT: {}
COMMAND: GET /session/d3cdda6f06e006695550ea94201d0e31/screenshot - {}
RESULT: {}
COMMAND: POST /session/d3cdda6f06e006695550ea94201d0e31/element - {"using":"xpath","value":"(//span[contains(@id, \"-application-manageresources-display-component---newResourceUnit--RUTimeSegment-0-arrow\")])[6]"}
RESULT: {"using":"xpath","value":"(//span[contains(@id, \"-application-manageresources-display-component---newResourceUnit--RUTimeSegment-0-arrow\")])[6]"}
COMMAND: POST /session/d3cdda6f06e006695550ea94201d0e31/element/f.CF3EA173C6DD6742E6FF2C1FCC3ADAA5.d.B920192F3A9E7958E0D78C9A3F40875B.e.9397/click - {}
RESULT: {}
COMMAND: GET /session/d3cdda6f06e006695550ea94201d0e31/screenshot - {}
RESULT: {}
COMMAND: POST /session/d3cdda6f06e006695550ea94201d0e31/element - {"using":"xpath","value":"//span[contains(text(), \"PM Order\")]"}
RESULT: {"using":"xpath","value":"//span[contains(text(), \"PM Order\")]"}
COMMAND: POST /session/d3cdda6f06e006695550ea94201d0e31/element/f.CF3EA173C6DD6742E6FF2C1FCC3ADAA5.d.B920192F3A9E7958E0D78C9A3F40875B.e.9400/click - {}
RESULT: {}
COMMAND: GET /session/d3cdda6f06e006695550ea94201d0e31/screenshot - {}
RESULT: {}
COMMAND: POST /session/d3cdda6f06e006695550ea94201d0e31/element - {"using":"xpath","value":"(//span[contains(@id ,\"manageresources-display-component---newResourceUnit--RUTimeSegment-0-vhi\")])[1]"}
RESULT: {"using":"xpath","value":"(//span[contains(@id ,\"manageresources-display-component---newResourceUnit--RUTimeSegment-0-vhi\")])[1]"}
COMMAND: GET /session/d3cdda6f06e006695550ea94201d0e31/element/f.CF3EA173C6DD6742E6FF2C1FCC3ADAA5.d.B920192F3A9E7958E0D78C9A3F40875B.e.9404/rect - {}
RESULT: {}
COMMAND: GET /session/d3cdda6f06e006695550ea94201d0e31/window/rect - {}
RESULT: {}
COMMAND: POST /session/d3cdda6f06e006695550ea94201d0e31/execute/sync - {"script":"<script> [92 bytes]","args":[]}
RESULT: {"script":"<script> [92 bytes]","args":[]}
COMMAND: POST /session/d3cdda6f06e006695550ea94201d0e31/actions - {"actions":[{"id":"action29","type":"wheel","parameters":{},"actions":[{"type":"scroll","x":-869,"y":-24,"deltaX":0,"deltaY":0,"duration":0,"origin":{"element-6066-11e4-a52e-4f735466cecf":"f.CF3EA173C6DD6742E6FF2C1FCC3ADAA5.d.B920192F3A9E7958E0D78C9A3F40875B.e.9404"}}]}]}
COMMAND: GET /session/d3cdda6f06e006695550ea94201d0e31/screenshot - {}
RESULT: {"actions":[{"id":"action29","type":"wheel","parameters":{},"actions":[{"type":"scroll","x":-869,"y":-24,"deltaX":0,"deltaY":0,"duration":0,"origin":{"element-6066-11e4-a52e-4f735466cecf":"f.CF3EA173C6DD6742E6FF2C1FCC3ADAA5.d.B920192F3A9E7958E0D78C9A3F40875B.e.9404"}}]}]}
COMMAND: DELETE /session/d3cdda6f06e006695550ea94201d0e31/actions - {}
COMMAND: GET /session/d3cdda6f06e006695550ea94201d0e31/screenshot - {}
RESULT: {}
RESULT: {}
COMMAND: GET /session/d3cdda6f06e006695550ea94201d0e31/screenshot - {}
RESULT: {}
RESULT: {}
COMMAND: POST /session/d3cdda6f06e006695550ea94201d0e31/element/f.CF3EA173C6DD6742E6FF2C1FCC3ADAA5.d.B920192F3A9E7958E0D78C9A3F40875B.e.9404/click - {}
RESULT: {}
COMMAND: GET /session/d3cdda6f06e006695550ea94201d0e31/screenshot - {}
RESULT: {}
RESULT: undefined
COMMAND: POST /session/d3cdda6f06e006695550ea94201d0e31/execute/async - {"script":"<script> [776 bytes]","args":[{"enterText":"4000360","selector":{"controlType":"sap.m.SearchField","properties":{"placeholder":"Search"},"searchOpenDialogs":true,"interaction":{"idSuffix":"I"}},"clearTextFirst":true,"interactionType":"ENTER_TEXT"}]}
RESULT: {"script":"<script> [776 bytes]","args":[{"enterText":"4000360","selector":{"controlType":"sap.m.SearchField","properties":{"placeholder":"Search"},"searchOpenDialogs":true,"interaction":{"idSuffix":"I"}},"clearTextFirst":true,"interactionType":"ENTER_TEXT"}]}
COMMAND: POST /session/d3cdda6f06e006695550ea94201d0e31/actions - {"actions":[{"id":"action30","type":"key","parameters":{},"actions":[{"type":"keyDown","value":"î€‡"},{"type":"pause","duration":10},{"type":"keyUp","value":"î€‡"}]}]}
RESULT: {"actions":[{"id":"action30","type":"key","parameters":{},"actions":[{"type":"keyDown","value":"î€‡"},{"type":"pause","duration":10},{"type":"keyUp","value":"î€‡"}]}]}
COMMAND: GET /session/d3cdda6f06e006695550ea94201d0e31/screenshot - {}
RESULT: {}
COMMAND: POST /session/d3cdda6f06e006695550ea94201d0e31/element - {"using":"xpath","value":"//td/div/span[contains(text(), \"BGL Vehicles\")]"}
RESULT: {"using":"xpath","value":"//td/div/span[contains(text(), \"BGL Vehicles\")]"}
COMMAND: POST /session/d3cdda6f06e006695550ea94201d0e31/element/f.CF3EA173C6DD6742E6FF2C1FCC3ADAA5.d.B920192F3A9E7958E0D78C9A3F40875B.e.9425/click - {}
RESULT: {}
COMMAND: GET /session/d3cdda6f06e006695550ea94201d0e31/screenshot - {}
RESULT: {}
COMMAND: POST /session/d3cdda6f06e006695550ea94201d0e31/element - {"using":"xpath","value":"//bdi[contains(text(), \"OK\")]"}
RESULT: {"using":"xpath","value":"//bdi[contains(text(), \"OK\")]"}
COMMAND: POST /session/d3cdda6f06e006695550ea94201d0e31/element/f.CF3EA173C6DD6742E6FF2C1FCC3ADAA5.d.B920192F3A9E7958E0D78C9A3F40875B.e.9426/click - {}
RESULT: {}
COMMAND: GET /session/d3cdda6f06e006695550ea94201d0e31/screenshot - {}
RESULT: {}
COMMAND: POST /session/d3cdda6f06e006695550ea94201d0e31/execute/async - {"script":"<script> [1562 bytes]","args":[{"selector":{"id":"application-manageresources-display-component---newResourceUnit--newRRUPage-anchBar-application-manageresources-display-component---newResourceUnit--resource-anchor","interaction":{"idSuffix":"BDI-content"}},"wdio_ui5_key":"applicationmanageresources-display-component---newResourceUnit--newRRUPage-anchBar-application-manageresources-display-component---newResourceUnit--resource-anchor"}]}
RESULT: {"script":"<script> [1562 bytes]","args":[{"selector":{"id":"application-manageresources-display-component---newResourceUnit--newRRUPage-anchBar-application-manageresources-display-component---newResourceUnit--resource-anchor","interaction":{"idSuffix":"BDI-content"}},"wdio_ui5_key":"applicationmanageresources-display-component---newResourceUnit--newRRUPage-anchBar-application-manageresources-display-component---newResourceUnit--resource-anchor"}]}
RESULT: undefined
COMMAND: POST /session/d3cdda6f06e006695550ea94201d0e31/element - {"using":"xpath","value":"//*[@id=\"application-manageresources-display-component---newResourceUnit--newRRUPage-anchBar-application-manageresources-display-component---newResourceUnit--resource-anchor\"]"}
RESULT: {"using":"xpath","value":"//*[@id=\"application-manageresources-display-component---newResourceUnit--newRRUPage-anchBar-application-manageresources-display-component---newResourceUnit--resource-anchor\"]"}
COMMAND: POST /session/d3cdda6f06e006695550ea94201d0e31/element/f.CF3EA173C6DD6742E6FF2C1FCC3ADAA5.d.B920192F3A9E7958E0D78C9A3F40875B.e.9430/click - {}
RESULT: {}
COMMAND: POST /session/d3cdda6f06e006695550ea94201d0e31/execute/async - {"script":"<script> [1562 bytes]","args":[{"selector":{"id":"application-manageresources-display-component---newResourceUnit--PLANNED_DELIVERY_DATE","interaction":{"idSuffix":"inner"}},"wdio_ui5_key":"applicationmanageresources-display-component---newResourceUnit--PLANNED_DELIVERY_DATE"}]}
COMMAND: GET /session/d3cdda6f06e006695550ea94201d0e31/screenshot - {}
RESULT: {"script":"<script> [1562 bytes]","args":[{"selector":{"id":"application-manageresources-display-component---newResourceUnit--PLANNED_DELIVERY_DATE","interaction":{"idSuffix":"inner"}},"wdio_ui5_key":"applicationmanageresources-display-component---newResourceUnit--PLANNED_DELIVERY_DATE"}]}
RESULT: undefined
COMMAND: POST /session/d3cdda6f06e006695550ea94201d0e31/execute/async - {"script":"<script> [6424 bytes]","args":[{"element-6066-11e4-a52e-4f735466cecf":"f.CF3EA173C6DD6742E6FF2C1FCC3ADAA5.d.B920192F3A9E7958E0D78C9A3F40875B.e.9292"},"setValue",["5/21/25"]]}
RESULT: {}
RESULT: {"script":"<script> [6424 bytes]","args":[{"element-6066-11e4-a52e-4f735466cecf":"f.CF3EA173C6DD6742E6FF2C1FCC3ADAA5.d.B920192F3A9E7958E0D78C9A3F40875B.e.9292"},"setValue",["5/21/25"]]}
COMMAND: POST /session/d3cdda6f06e006695550ea94201d0e31/element - {"using":"xpath","value":"//label[contains(@class, 'sapMLabelRequired') and .//bdi[contains(text(), 'Planned Retirement')]]"}
RESULT: {"using":"xpath","value":"//label[contains(@class, 'sapMLabelRequired') and .//bdi[contains(text(), 'Planned Retirement')]]"}
COMMAND: POST /session/d3cdda6f06e006695550ea94201d0e31/elements - {"using":"xpath","value":"//label[contains(@class, 'sapMLabelRequired') and .//bdi[contains(text(), 'Planned Retirement')]]"}
RESULT: {"using":"xpath","value":"//label[contains(@class, 'sapMLabelRequired') and .//bdi[contains(text(), 'Planned Retirement')]]"}
COMMAND: POST /session/d3cdda6f06e006695550ea94201d0e31/element - {"using":"xpath","value":"//button[@data-kt=\"resourceUnitSaveButton\"]"}
RESULT: {"using":"xpath","value":"//button[@data-kt=\"resourceUnitSaveButton\"]"}
COMMAND: POST /session/d3cdda6f06e006695550ea94201d0e31/element/f.CF3EA173C6DD6742E6FF2C1FCC3ADAA5.d.B920192F3A9E7958E0D78C9A3F40875B.e.9253/click - {}
RESULT: {}
COMMAND: GET /session/d3cdda6f06e006695550ea94201d0e31/screenshot - {}
RESULT: {}
COMMAND: POST /session/d3cdda6f06e006695550ea94201d0e31/element - {"using":"xpath","value":"//bdi[contains(text(), \"Close\")]"}
RESULT: {"using":"xpath","value":"//bdi[contains(text(), \"Close\")]"}
COMMAND: POST /session/d3cdda6f06e006695550ea94201d0e31/element/f.CF3EA173C6DD6742E6FF2C1FCC3ADAA5.d.B920192F3A9E7958E0D78C9A3F40875B.e.9438/click - {}
RESULT: {}
COMMAND: GET /session/d3cdda6f06e006695550ea94201d0e31/screenshot - {}
RESULT: {}
COMMAND: POST /session/d3cdda6f06e006695550ea94201d0e31/element - {"using":"xpath","value":"//bdi[contains(text(), \"Edit\")]"}
RESULT: {"using":"xpath","value":"//bdi[contains(text(), \"Edit\")]"}
COMMAND: POST /session/d3cdda6f06e006695550ea94201d0e31/execute/sync - {"script":"<script> [8489 bytes]","args":[{"element-6066-11e4-a52e-4f735466cecf":"f.CF3EA173C6DD6742E6FF2C1FCC3ADAA5.d.B920192F3A9E7958E0D78C9A3F40875B.e.9490","ELEMENT":"f.CF3EA173C6DD6742E6FF2C1FCC3ADAA5.d.B920192F3A9E7958E0D78C9A3F40875B.e.9490"}]}
RESULT: {"script":"<script> [8489 bytes]","args":[{"element-6066-11e4-a52e-4f735466cecf":"f.CF3EA173C6DD6742E6FF2C1FCC3ADAA5.d.B920192F3A9E7958E0D78C9A3F40875B.e.9490","ELEMENT":"f.CF3EA173C6DD6742E6FF2C1FCC3ADAA5.d.B920192F3A9E7958E0D78C9A3F40875B.e.9490"}]}
COMMAND: POST /session/d3cdda6f06e006695550ea94201d0e31/element/f.CF3EA173C6DD6742E6FF2C1FCC3ADAA5.d.B920192F3A9E7958E0D78C9A3F40875B.e.9490/click - {}
COMMAND: GET /session/d3cdda6f06e006695550ea94201d0e31/screenshot - {}
RESULT: {}
COMMAND: GET /session/d3cdda6f06e006695550ea94201d0e31/screenshot - {}
RESULT: {}
RESULT: {}
COMMAND: POST /session/d3cdda6f06e006695550ea94201d0e31/execute/async - {"script":"<script> [1562 bytes]","args":[{"selector":{"id":"application-manageresources-display-component---editResource--editRruPage-anchBar-application-manageresources-display-component---editResource--counters-anchor","interaction":{"idSuffix":"BDI-content"}},"wdio_ui5_key":"applicationmanageresources-display-component---editResource--editRruPage-anchBar-application-manageresources-display-component---editResource--counters-anchor"}]}
RESULT: {"script":"<script> [1562 bytes]","args":[{"selector":{"id":"application-manageresources-display-component---editResource--editRruPage-anchBar-application-manageresources-display-component---editResource--counters-anchor","interaction":{"idSuffix":"BDI-content"}},"wdio_ui5_key":"applicationmanageresources-display-component---editResource--editRruPage-anchBar-application-manageresources-display-component---editResource--counters-anchor"}]}
RESULT: undefined
COMMAND: POST /session/d3cdda6f06e006695550ea94201d0e31/element - {"using":"xpath","value":"//*[@id=\"application-manageresources-display-component---editResource--editRruPage-anchBar-application-manageresources-display-component---editResource--counters-anchor\"]"}
RESULT: {"using":"xpath","value":"//*[@id=\"application-manageresources-display-component---editResource--editRruPage-anchBar-application-manageresources-display-component---editResource--counters-anchor\"]"}
COMMAND: POST /session/d3cdda6f06e006695550ea94201d0e31/element/f.CF3EA173C6DD6742E6FF2C1FCC3ADAA5.d.B920192F3A9E7958E0D78C9A3F40875B.e.9600/click - {}
RESULT: {}
COMMAND: GET /session/d3cdda6f06e006695550ea94201d0e31/screenshot - {}
RESULT: {}
COMMAND: POST /session/d3cdda6f06e006695550ea94201d0e31/execute/async - {"script":"<script> [1562 bytes]","args":[{"selector":{"id":"application-manageresources-display-component---editResource--btnAddCounter-img"},"wdio_ui5_key":"applicationmanageresources-display-component---editResource--btnAddCounter-img"}]}
RESULT: {"script":"<script> [1562 bytes]","args":[{"selector":{"id":"application-manageresources-display-component---editResource--btnAddCounter-img"},"wdio_ui5_key":"applicationmanageresources-display-component---editResource--btnAddCounter-img"}]}
RESULT: undefined
COMMAND: POST /session/d3cdda6f06e006695550ea94201d0e31/element - {"using":"xpath","value":"//*[@id=\"application-manageresources-display-component---editResource--btnAddCounter-img\"]"}
RESULT: {"using":"xpath","value":"//*[@id=\"application-manageresources-display-component---editResource--btnAddCounter-img\"]"}
COMMAND: POST /session/d3cdda6f06e006695550ea94201d0e31/element/f.CF3EA173C6DD6742E6FF2C1FCC3ADAA5.d.B920192F3A9E7958E0D78C9A3F40875B.e.9634/click - {}
RESULT: {}
COMMAND: POST /session/d3cdda6f06e006695550ea94201d0e31/execute/async - {"script":"<script> [1562 bytes]","args":[{"selector":{"id":"application-manageresources-display-component---editResource--COUNTER_ID-application-manageresources-display-component---editResource--RUCounters-0-arrow"},"wdio_ui5_key":"applicationmanageresources-display-component---editResource--COUNTER_ID-application-manageresources-display-component---editResource--RUCounters-0-arrow"}]}
COMMAND: GET /session/d3cdda6f06e006695550ea94201d0e31/screenshot - {}
RESULT: {"script":"<script> [1562 bytes]","args":[{"selector":{"id":"application-manageresources-display-component---editResource--COUNTER_ID-application-manageresources-display-component---editResource--RUCounters-0-arrow"},"wdio_ui5_key":"applicationmanageresources-display-component---editResource--COUNTER_ID-application-manageresources-display-component---editResource--RUCounters-0-arrow"}]}
RESULT: undefined
COMMAND: POST /session/d3cdda6f06e006695550ea94201d0e31/element - {"using":"xpath","value":"//*[@id=\"application-manageresources-display-component---editResource--COUNTER_ID-application-manageresources-display-component---editResource--RUCounters-0-arrow\"]"}
RESULT: {}
RESULT: {"using":"xpath","value":"//*[@id=\"application-manageresources-display-component---editResource--COUNTER_ID-application-manageresources-display-component---editResource--RUCounters-0-arrow\"]"}
COMMAND: POST /session/d3cdda6f06e006695550ea94201d0e31/element/f.CF3EA173C6DD6742E6FF2C1FCC3ADAA5.d.B920192F3A9E7958E0D78C9A3F40875B.e.9639/click - {}
RESULT: {}
COMMAND: POST /session/d3cdda6f06e006695550ea94201d0e31/execute/async - {"script":"<script> [1562 bytes]","args":[{"selector":{"controlType":"sap.m.StandardListItem","viewName":"etm.portal.ui.manageresources.view.EditResource","viewId":"application-manageresources-display-component---editResource","properties":{"title":"fuel"},"searchOpenDialogs":true,"interaction":{"idSuffix":"content"}},"wdio_ui5_key":"etmportal.ui.manageresources.view.EditResourcesap.m.StandardListItem{\"title\":\"fuel\"}"}]}
COMMAND: GET /session/d3cdda6f06e006695550ea94201d0e31/screenshot - {}
RESULT: {"script":"<script> [1562 bytes]","args":[{"selector":{"controlType":"sap.m.StandardListItem","viewName":"etm.portal.ui.manageresources.view.EditResource","viewId":"application-manageresources-display-component---editResource","properties":{"title":"fuel"},"searchOpenDialogs":true,"interaction":{"idSuffix":"content"}},"wdio_ui5_key":"etmportal.ui.manageresources.view.EditResourcesap.m.StandardListItem{\"title\":\"fuel\"}"}]}
RESULT: undefined
COMMAND: POST /session/d3cdda6f06e006695550ea94201d0e31/element - {"using":"xpath","value":"//*[@id=\"__item2617\"]"}
RESULT: {}
RESULT: {"using":"xpath","value":"//*[@id=\"__item2617\"]"}
COMMAND: POST /session/d3cdda6f06e006695550ea94201d0e31/element/f.CF3EA173C6DD6742E6FF2C1FCC3ADAA5.d.B920192F3A9E7958E0D78C9A3F40875B.e.9641/click - {}
RESULT: {}
COMMAND: GET /session/d3cdda6f06e006695550ea94201d0e31/screenshot - {}
RESULT: {}
COMMAND: POST /session/d3cdda6f06e006695550ea94201d0e31/element - {"using":"xpath","value":"//button[@data-kt=\"saveButton\"]"}
RESULT: {"using":"xpath","value":"//button[@data-kt=\"saveButton\"]"}
COMMAND: POST /session/d3cdda6f06e006695550ea94201d0e31/element/f.CF3EA173C6DD6742E6FF2C1FCC3ADAA5.d.B920192F3A9E7958E0D78C9A3F40875B.e.9642/click - {}
RESULT: {}
COMMAND: GET /session/d3cdda6f06e006695550ea94201d0e31/screenshot - {}
RESULT: {}
COMMAND: POST /session/d3cdda6f06e006695550ea94201d0e31/element - {"using":"xpath","value":"(//button[contains(@id ,\"actionsToolbar-overflowButton\")])[1]"}
RESULT: {"using":"xpath","value":"(//button[contains(@id ,\"actionsToolbar-overflowButton\")])[1]"}
COMMAND: POST /session/d3cdda6f06e006695550ea94201d0e31/element/f.CF3EA173C6DD6742E6FF2C1FCC3ADAA5.d.B920192F3A9E7958E0D78C9A3F40875B.e.9653/click - {}
RESULT: {}
COMMAND: GET /session/d3cdda6f06e006695550ea94201d0e31/screenshot - {}
RESULT: {}
COMMAND: POST /session/d3cdda6f06e006695550ea94201d0e31/element - {"using":"xpath","value":"//button[@data-kt=\"priceInfoButton\"]"}
RESULT: {"using":"xpath","value":"//button[@data-kt=\"priceInfoButton\"]"}
COMMAND: POST /session/d3cdda6f06e006695550ea94201d0e31/element/f.CF3EA173C6DD6742E6FF2C1FCC3ADAA5.d.B920192F3A9E7958E0D78C9A3F40875B.e.9655/click - {}
RESULT: {}
COMMAND: GET /session/d3cdda6f06e006695550ea94201d0e31/screenshot - {}
RESULT: {}
]]></system-out>
    </testcase>
    <testcase classname="chrome.136_0_7103_93.windows.Create_master_data_for_mixed_billing_&amp;_do_billing_calculation_US151661" name="Should create a TB pricing procedure" time="52.244">
      <system-out><![CDATA[
COMMAND: POST /session/d3cdda6f06e006695550ea94201d0e31/element - {"using":"xpath","value":"//button[@data-kt=\"addButton\"]"}
RESULT: {"using":"xpath","value":"//button[@data-kt=\"addButton\"]"}
COMMAND: POST /session/d3cdda6f06e006695550ea94201d0e31/elements - {"using":"xpath","value":"//button[@data-kt=\"addButton\"]"}
RESULT: {"using":"xpath","value":"//button[@data-kt=\"addButton\"]"}
COMMAND: POST /session/d3cdda6f06e006695550ea94201d0e31/elements - {"using":"xpath","value":"//button[@data-kt=\"addButton\"]"}
RESULT: {"using":"xpath","value":"//button[@data-kt=\"addButton\"]"}
COMMAND: POST /session/d3cdda6f06e006695550ea94201d0e31/element - {"using":"xpath","value":"//button[@data-kt=\"addButton\"]"}
RESULT: {"using":"xpath","value":"//button[@data-kt=\"addButton\"]"}
COMMAND: POST /session/d3cdda6f06e006695550ea94201d0e31/execute/sync - {"script":"<script> [8489 bytes]","args":[{"element-6066-11e4-a52e-4f735466cecf":"f.CF3EA173C6DD6742E6FF2C1FCC3ADAA5.d.B920192F3A9E7958E0D78C9A3F40875B.e.9693","ELEMENT":"f.CF3EA173C6DD6742E6FF2C1FCC3ADAA5.d.B920192F3A9E7958E0D78C9A3F40875B.e.9693"}]}
RESULT: {"script":"<script> [8489 bytes]","args":[{"element-6066-11e4-a52e-4f735466cecf":"f.CF3EA173C6DD6742E6FF2C1FCC3ADAA5.d.B920192F3A9E7958E0D78C9A3F40875B.e.9693","ELEMENT":"f.CF3EA173C6DD6742E6FF2C1FCC3ADAA5.d.B920192F3A9E7958E0D78C9A3F40875B.e.9693"}]}
COMMAND: GET /session/d3cdda6f06e006695550ea94201d0e31/element/f.CF3EA173C6DD6742E6FF2C1FCC3ADAA5.d.B920192F3A9E7958E0D78C9A3F40875B.e.9693/enabled - {}
COMMAND: GET /session/d3cdda6f06e006695550ea94201d0e31/screenshot - {}
RESULT: {}
COMMAND: POST /session/d3cdda6f06e006695550ea94201d0e31/execute/sync - {"script":"<script> [8489 bytes]","args":[{"element-6066-11e4-a52e-4f735466cecf":"f.CF3EA173C6DD6742E6FF2C1FCC3ADAA5.d.B920192F3A9E7958E0D78C9A3F40875B.e.9693","ELEMENT":"f.CF3EA173C6DD6742E6FF2C1FCC3ADAA5.d.B920192F3A9E7958E0D78C9A3F40875B.e.9693"}]}
COMMAND: GET /session/d3cdda6f06e006695550ea94201d0e31/screenshot - {}
RESULT: {}
RESULT: {"script":"<script> [8489 bytes]","args":[{"element-6066-11e4-a52e-4f735466cecf":"f.CF3EA173C6DD6742E6FF2C1FCC3ADAA5.d.B920192F3A9E7958E0D78C9A3F40875B.e.9693","ELEMENT":"f.CF3EA173C6DD6742E6FF2C1FCC3ADAA5.d.B920192F3A9E7958E0D78C9A3F40875B.e.9693"}]}
COMMAND: POST /session/d3cdda6f06e006695550ea94201d0e31/execute/sync - {"script":"<script> [5351 bytes]","args":[{"element-6066-11e4-a52e-4f735466cecf":"f.CF3EA173C6DD6742E6FF2C1FCC3ADAA5.d.B920192F3A9E7958E0D78C9A3F40875B.e.9693","ELEMENT":"f.CF3EA173C6DD6742E6FF2C1FCC3ADAA5.d.B920192F3A9E7958E0D78C9A3F40875B.e.9693"}]}
COMMAND: GET /session/d3cdda6f06e006695550ea94201d0e31/screenshot - {}
RESULT: {}
RESULT: {"script":"<script> [5351 bytes]","args":[{"element-6066-11e4-a52e-4f735466cecf":"f.CF3EA173C6DD6742E6FF2C1FCC3ADAA5.d.B920192F3A9E7958E0D78C9A3F40875B.e.9693","ELEMENT":"f.CF3EA173C6DD6742E6FF2C1FCC3ADAA5.d.B920192F3A9E7958E0D78C9A3F40875B.e.9693"}]}
COMMAND: POST /session/d3cdda6f06e006695550ea94201d0e31/element/f.CF3EA173C6DD6742E6FF2C1FCC3ADAA5.d.B920192F3A9E7958E0D78C9A3F40875B.e.9693/click - {}
COMMAND: GET /session/d3cdda6f06e006695550ea94201d0e31/screenshot - {}
RESULT: {}
RESULT: {}
COMMAND: GET /session/d3cdda6f06e006695550ea94201d0e31/screenshot - {}
RESULT: {}
RESULT: {}
COMMAND: POST /session/d3cdda6f06e006695550ea94201d0e31/execute/async - {"script":"<script> [1562 bytes]","args":[{"selector":{"controlType":"sap.m.Title","viewName":"etm.portal.ui.managepricingrules.view.NewItem","viewId":"application-managepricingrules-display-component---newInfoPriceItem","properties":{"text":"New Pricing Rules - Item Level"}},"wdio_ui5_key":"etmportal.ui.managepricingrules.view.NewItemsap.m.Title{\"text\":\"New Pricing Rules - Item Level\"}"}]}
RESULT: {"script":"<script> [1562 bytes]","args":[{"selector":{"controlType":"sap.m.Title","viewName":"etm.portal.ui.managepricingrules.view.NewItem","viewId":"application-managepricingrules-display-component---newInfoPriceItem","properties":{"text":"New Pricing Rules - Item Level"}},"wdio_ui5_key":"etmportal.ui.managepricingrules.view.NewItemsap.m.Title{\"text\":\"New Pricing Rules - Item Level\"}"}]}
RESULT: undefined
COMMAND: POST /session/d3cdda6f06e006695550ea94201d0e31/execute/async - {"script":"<script> [6424 bytes]","args":[{"element-6066-11e4-a52e-4f735466cecf":"f.CF3EA173C6DD6742E6FF2C1FCC3ADAA5.d.B920192F3A9E7958E0D78C9A3F40875B.e.9862"},"getText",[]]}
RESULT: {"script":"<script> [6424 bytes]","args":[{"element-6066-11e4-a52e-4f735466cecf":"f.CF3EA173C6DD6742E6FF2C1FCC3ADAA5.d.B920192F3A9E7958E0D78C9A3F40875B.e.9862"},"getText",[]]}
COMMAND: POST /session/d3cdda6f06e006695550ea94201d0e31/execute/async - {"script":"<script> [1562 bytes]","args":[{"selector":{"id":"application-managepricingrules-display-component---newInfoPriceItem--condValidTo","interaction":{"idSuffix":"inner"}},"wdio_ui5_key":"applicationmanagepricingrules-display-component---newInfoPriceItem--condValidTo"}]}
RESULT: {"script":"<script> [1562 bytes]","args":[{"selector":{"id":"application-managepricingrules-display-component---newInfoPriceItem--condValidTo","interaction":{"idSuffix":"inner"}},"wdio_ui5_key":"applicationmanagepricingrules-display-component---newInfoPriceItem--condValidTo"}]}
RESULT: undefined
COMMAND: POST /session/d3cdda6f06e006695550ea94201d0e31/execute/async - {"script":"<script> [776 bytes]","args":[{"enterText":"1/21/26","selector":{"id":"application-managepricingrules-display-component---newInfoPriceItem--condValidTo","interaction":{"idSuffix":"inner"}},"clearTextFirst":true,"interactionType":"ENTER_TEXT"}]}
RESULT: {"script":"<script> [776 bytes]","args":[{"enterText":"1/21/26","selector":{"id":"application-managepricingrules-display-component---newInfoPriceItem--condValidTo","interaction":{"idSuffix":"inner"}},"clearTextFirst":true,"interactionType":"ENTER_TEXT"}]}
COMMAND: POST /session/d3cdda6f06e006695550ea94201d0e31/execute/async - {"script":"<script> [1562 bytes]","args":[{"selector":{"id":"application-managepricingrules-display-component---newInfoPriceItem--billType-arrow"},"wdio_ui5_key":"applicationmanagepricingrules-display-component---newInfoPriceItem--billType-arrow"}]}
RESULT: {"script":"<script> [1562 bytes]","args":[{"selector":{"id":"application-managepricingrules-display-component---newInfoPriceItem--billType-arrow"},"wdio_ui5_key":"applicationmanagepricingrules-display-component---newInfoPriceItem--billType-arrow"}]}
RESULT: undefined
COMMAND: POST /session/d3cdda6f06e006695550ea94201d0e31/element - {"using":"xpath","value":"//*[@id=\"application-managepricingrules-display-component---newInfoPriceItem--billType-arrow\"]"}
RESULT: {"using":"xpath","value":"//*[@id=\"application-managepricingrules-display-component---newInfoPriceItem--billType-arrow\"]"}
COMMAND: POST /session/d3cdda6f06e006695550ea94201d0e31/element/f.CF3EA173C6DD6742E6FF2C1FCC3ADAA5.d.B920192F3A9E7958E0D78C9A3F40875B.e.9822/click - {}
RESULT: {}
COMMAND: POST /session/d3cdda6f06e006695550ea94201d0e31/element - {"using":"xpath","value":"//span[contains(text(), \"TB - Time based\")]"}
COMMAND: GET /session/d3cdda6f06e006695550ea94201d0e31/screenshot - {}
RESULT: {"using":"xpath","value":"//span[contains(text(), \"TB - Time based\")]"}
COMMAND: POST /session/d3cdda6f06e006695550ea94201d0e31/element/f.CF3EA173C6DD6742E6FF2C1FCC3ADAA5.d.B920192F3A9E7958E0D78C9A3F40875B.e.9864/click - {}
RESULT: {}
RESULT: {}
COMMAND: POST /session/d3cdda6f06e006695550ea94201d0e31/execute/async - {"script":"<script> [1562 bytes]","args":[{"selector":{"id":"application-managepricingrules-display-component---newInfoPriceItem--priceProc-arrow"},"wdio_ui5_key":"applicationmanagepricingrules-display-component---newInfoPriceItem--priceProc-arrow"}]}
COMMAND: GET /session/d3cdda6f06e006695550ea94201d0e31/screenshot - {}
RESULT: {"script":"<script> [1562 bytes]","args":[{"selector":{"id":"application-managepricingrules-display-component---newInfoPriceItem--priceProc-arrow"},"wdio_ui5_key":"applicationmanagepricingrules-display-component---newInfoPriceItem--priceProc-arrow"}]}
RESULT: undefined
COMMAND: POST /session/d3cdda6f06e006695550ea94201d0e31/element - {"using":"xpath","value":"//*[@id=\"application-managepricingrules-display-component---newInfoPriceItem--priceProc-arrow\"]"}
RESULT: {}
RESULT: {"using":"xpath","value":"//*[@id=\"application-managepricingrules-display-component---newInfoPriceItem--priceProc-arrow\"]"}
COMMAND: POST /session/d3cdda6f06e006695550ea94201d0e31/element/f.CF3EA173C6DD6742E6FF2C1FCC3ADAA5.d.B920192F3A9E7958E0D78C9A3F40875B.e.9829/click - {}
RESULT: {}
COMMAND: POST /session/d3cdda6f06e006695550ea94201d0e31/element - {"using":"xpath","value":"//span[contains(text(), \"TB - Time based BGL\")]"}
COMMAND: GET /session/d3cdda6f06e006695550ea94201d0e31/screenshot - {}
RESULT: {"using":"xpath","value":"//span[contains(text(), \"TB - Time based BGL\")]"}
COMMAND: POST /session/d3cdda6f06e006695550ea94201d0e31/element/f.CF3EA173C6DD6742E6FF2C1FCC3ADAA5.d.B920192F3A9E7958E0D78C9A3F40875B.e.9865/click - {}
RESULT: {}
RESULT: {}
COMMAND: POST /session/d3cdda6f06e006695550ea94201d0e31/execute/async - {"script":"<script> [1562 bytes]","args":[{"selector":{"id":"application-managepricingrules-display-component---newInfoPriceItem--calcBase-arrow"},"wdio_ui5_key":"applicationmanagepricingrules-display-component---newInfoPriceItem--calcBase-arrow"}]}
COMMAND: GET /session/d3cdda6f06e006695550ea94201d0e31/screenshot - {}
RESULT: {"script":"<script> [1562 bytes]","args":[{"selector":{"id":"application-managepricingrules-display-component---newInfoPriceItem--calcBase-arrow"},"wdio_ui5_key":"applicationmanagepricingrules-display-component---newInfoPriceItem--calcBase-arrow"}]}
RESULT: undefined
COMMAND: POST /session/d3cdda6f06e006695550ea94201d0e31/element - {"using":"xpath","value":"//*[@id=\"application-managepricingrules-display-component---newInfoPriceItem--calcBase-arrow\"]"}
RESULT: {}
RESULT: {"using":"xpath","value":"//*[@id=\"application-managepricingrules-display-component---newInfoPriceItem--calcBase-arrow\"]"}
COMMAND: POST /session/d3cdda6f06e006695550ea94201d0e31/element/f.CF3EA173C6DD6742E6FF2C1FCC3ADAA5.d.B920192F3A9E7958E0D78C9A3F40875B.e.9836/click - {}
RESULT: {}
COMMAND: GET /session/d3cdda6f06e006695550ea94201d0e31/screenshot - {}
RESULT: {}
COMMAND: POST /session/d3cdda6f06e006695550ea94201d0e31/element - {"using":"xpath","value":"//span[contains(text(), \"0006 - TB(calendar days)\")]"}
RESULT: {"using":"xpath","value":"//span[contains(text(), \"0006 - TB(calendar days)\")]"}
COMMAND: POST /session/d3cdda6f06e006695550ea94201d0e31/element/f.CF3EA173C6DD6742E6FF2C1FCC3ADAA5.d.B920192F3A9E7958E0D78C9A3F40875B.e.9866/click - {}
RESULT: {}
COMMAND: GET /session/d3cdda6f06e006695550ea94201d0e31/screenshot - {}
RESULT: {}
COMMAND: POST /session/d3cdda6f06e006695550ea94201d0e31/execute/async - {"script":"<script> [1562 bytes]","args":[{"selector":{"id":"application-managepricingrules-display-component---newInfoPriceItem--hoursMonth","interaction":{"idSuffix":"inner"}},"wdio_ui5_key":"applicationmanagepricingrules-display-component---newInfoPriceItem--hoursMonth"}]}
RESULT: {"script":"<script> [1562 bytes]","args":[{"selector":{"id":"application-managepricingrules-display-component---newInfoPriceItem--hoursMonth","interaction":{"idSuffix":"inner"}},"wdio_ui5_key":"applicationmanagepricingrules-display-component---newInfoPriceItem--hoursMonth"}]}
RESULT: undefined
COMMAND: POST /session/d3cdda6f06e006695550ea94201d0e31/execute/async - {"script":"<script> [776 bytes]","args":[{"enterText":"160","selector":{"id":"application-managepricingrules-display-component---newInfoPriceItem--hoursMonth","interaction":{"idSuffix":"inner"}},"clearTextFirst":true,"interactionType":"ENTER_TEXT"}]}
RESULT: {"script":"<script> [776 bytes]","args":[{"enterText":"160","selector":{"id":"application-managepricingrules-display-component---newInfoPriceItem--hoursMonth","interaction":{"idSuffix":"inner"}},"clearTextFirst":true,"interactionType":"ENTER_TEXT"}]}
COMMAND: POST /session/d3cdda6f06e006695550ea94201d0e31/execute/async - {"script":"<script> [1562 bytes]","args":[{"selector":{"id":"application-managepricingrules-display-component---newInfoPriceItem--daysMonth","interaction":{"idSuffix":"inner"}},"wdio_ui5_key":"applicationmanagepricingrules-display-component---newInfoPriceItem--daysMonth"}]}
RESULT: {"script":"<script> [1562 bytes]","args":[{"selector":{"id":"application-managepricingrules-display-component---newInfoPriceItem--daysMonth","interaction":{"idSuffix":"inner"}},"wdio_ui5_key":"applicationmanagepricingrules-display-component---newInfoPriceItem--daysMonth"}]}
RESULT: undefined
COMMAND: POST /session/d3cdda6f06e006695550ea94201d0e31/execute/async - {"script":"<script> [776 bytes]","args":[{"enterText":"30","selector":{"id":"application-managepricingrules-display-component---newInfoPriceItem--daysMonth","interaction":{"idSuffix":"inner"}},"clearTextFirst":true,"interactionType":"ENTER_TEXT"}]}
RESULT: {"script":"<script> [776 bytes]","args":[{"enterText":"30","selector":{"id":"application-managepricingrules-display-component---newInfoPriceItem--daysMonth","interaction":{"idSuffix":"inner"}},"clearTextFirst":true,"interactionType":"ENTER_TEXT"}]}
COMMAND: POST /session/d3cdda6f06e006695550ea94201d0e31/element - {"using":"xpath","value":"//button[@data-kt=\"saveNewRuleButton\"]"}
RESULT: {"using":"xpath","value":"//button[@data-kt=\"saveNewRuleButton\"]"}
COMMAND: POST /session/d3cdda6f06e006695550ea94201d0e31/element/f.CF3EA173C6DD6742E6FF2C1FCC3ADAA5.d.B920192F3A9E7958E0D78C9A3F40875B.e.9856/click - {}
RESULT: {}
COMMAND: GET /session/d3cdda6f06e006695550ea94201d0e31/screenshot - {}
RESULT: {}
COMMAND: POST /session/d3cdda6f06e006695550ea94201d0e31/execute/async - {"script":"<script> [1562 bytes]","args":[{"selector":{"id":"application-managepricingrules-display-component---priceInfoItem--smartFilterBar-btnBasicSearch","interaction":{"idSuffix":"I"}},"wdio_ui5_key":"applicationmanagepricingrules-display-component---priceInfoItem--smartFilterBar-btnBasicSearch"}]}
RESULT: {"script":"<script> [1562 bytes]","args":[{"selector":{"id":"application-managepricingrules-display-component---priceInfoItem--smartFilterBar-btnBasicSearch","interaction":{"idSuffix":"I"}},"wdio_ui5_key":"applicationmanagepricingrules-display-component---priceInfoItem--smartFilterBar-btnBasicSearch"}]}
RESULT: undefined
COMMAND: POST /session/d3cdda6f06e006695550ea94201d0e31/execute/async - {"script":"<script> [776 bytes]","args":[{"enterText":"19vZ3HdrTe","selector":{"id":"application-managepricingrules-display-component---priceInfoItem--smartFilterBar-btnBasicSearch","interaction":{"idSuffix":"I"}},"clearTextFirst":true,"interactionType":"ENTER_TEXT"}]}
RESULT: {"script":"<script> [776 bytes]","args":[{"enterText":"19vZ3HdrTe","selector":{"id":"application-managepricingrules-display-component---priceInfoItem--smartFilterBar-btnBasicSearch","interaction":{"idSuffix":"I"}},"clearTextFirst":true,"interactionType":"ENTER_TEXT"}]}
COMMAND: POST /session/d3cdda6f06e006695550ea94201d0e31/actions - {"actions":[{"id":"action31","type":"key","parameters":{},"actions":[{"type":"keyDown","value":"î€‡"},{"type":"pause","duration":10},{"type":"keyUp","value":"î€‡"}]}]}
RESULT: {"actions":[{"id":"action31","type":"key","parameters":{},"actions":[{"type":"keyDown","value":"î€‡"},{"type":"pause","duration":10},{"type":"keyUp","value":"î€‡"}]}]}
COMMAND: GET /session/d3cdda6f06e006695550ea94201d0e31/screenshot - {}
RESULT: {}
COMMAND: POST /session/d3cdda6f06e006695550ea94201d0e31/element - {"using":"xpath","value":"//span[@id=\"application-managepricingrules-display-component---priceInfoItem--smartTable-header-inner\"]"}
RESULT: {"using":"xpath","value":"//span[@id=\"application-managepricingrules-display-component---priceInfoItem--smartTable-header-inner\"]"}
COMMAND: POST /session/d3cdda6f06e006695550ea94201d0e31/elements - {"using":"xpath","value":"//span[@id=\"application-managepricingrules-display-component---priceInfoItem--smartTable-header-inner\"]"}
RESULT: {"using":"xpath","value":"//span[@id=\"application-managepricingrules-display-component---priceInfoItem--smartTable-header-inner\"]"}
COMMAND: POST /session/d3cdda6f06e006695550ea94201d0e31/execute/sync - {"script":"<script> [56 bytes]","args":[{"element-6066-11e4-a52e-4f735466cecf":"f.CF3EA173C6DD6742E6FF2C1FCC3ADAA5.d.B920192F3A9E7958E0D78C9A3F40875B.e.9881","ELEMENT":"f.CF3EA173C6DD6742E6FF2C1FCC3ADAA5.d.B920192F3A9E7958E0D78C9A3F40875B.e.9881"}]}
RESULT: {"script":"<script> [56 bytes]","args":[{"element-6066-11e4-a52e-4f735466cecf":"f.CF3EA173C6DD6742E6FF2C1FCC3ADAA5.d.B920192F3A9E7958E0D78C9A3F40875B.e.9881","ELEMENT":"f.CF3EA173C6DD6742E6FF2C1FCC3ADAA5.d.B920192F3A9E7958E0D78C9A3F40875B.e.9881"}]}
COMMAND: POST /session/d3cdda6f06e006695550ea94201d0e31/element - {"using":"css selector","value":"#shell-header-logo"}
COMMAND: GET /session/d3cdda6f06e006695550ea94201d0e31/screenshot - {}
RESULT: {"using":"css selector","value":"#shell-header-logo"}
COMMAND: POST /session/d3cdda6f06e006695550ea94201d0e31/element/f.CF3EA173C6DD6742E6FF2C1FCC3ADAA5.d.B920192F3A9E7958E0D78C9A3F40875B.e.8843/click - {}
RESULT: {}
RESULT: {}
COMMAND: GET /session/d3cdda6f06e006695550ea94201d0e31/screenshot - {}
RESULT: {}
]]></system-out>
    </testcase>
    <testcase classname="chrome.136_0_7103_93.windows.Create_master_data_for_mixed_billing_&amp;_do_billing_calculation_US151661" name="Should add one time condition" time="63.364">
      <system-out><![CDATA[
COMMAND: POST /session/d3cdda6f06e006695550ea94201d0e31/execute/async - {"script":"<script> [1562 bytes]","args":[{"selector":{"controlType":"sap.m.GenericTile","properties":{"header":"Manage Conditions & Prices"}},"wdio_ui5_key":"sapm.GenericTile{\"header\":\"Manage Conditions & Prices\"}"}]}
RESULT: {"script":"<script> [1562 bytes]","args":[{"selector":{"controlType":"sap.m.GenericTile","properties":{"header":"Manage Conditions & Prices"}},"wdio_ui5_key":"sapm.GenericTile{\"header\":\"Manage Conditions & Prices\"}"}]}
RESULT: undefined
COMMAND: POST /session/d3cdda6f06e006695550ea94201d0e31/element - {"using":"xpath","value":"//*[@id=\"__tile53\"]"}
RESULT: {"using":"xpath","value":"//*[@id=\"__tile53\"]"}
COMMAND: POST /session/d3cdda6f06e006695550ea94201d0e31/element/f.CF3EA173C6DD6742E6FF2C1FCC3ADAA5.d.B920192F3A9E7958E0D78C9A3F40875B.e.6273/click - {}
RESULT: {}
COMMAND: GET /session/d3cdda6f06e006695550ea94201d0e31/screenshot - {}
RESULT: {}
COMMAND: POST /session/d3cdda6f06e006695550ea94201d0e31/elements - {"using":"xpath","value":"//span[text()='Error']"}
RESULT: {"using":"xpath","value":"//span[text()='Error']"}
COMMAND: POST /session/d3cdda6f06e006695550ea94201d0e31/element - {"using":"xpath","value":"//button[@aria-label=\"Create\"]"}
RESULT: {"using":"xpath","value":"//button[@aria-label=\"Create\"]"}
COMMAND: POST /session/d3cdda6f06e006695550ea94201d0e31/elements - {"using":"xpath","value":"//button[@aria-label=\"Create\"]"}
RESULT: {"using":"xpath","value":"//button[@aria-label=\"Create\"]"}
COMMAND: POST /session/d3cdda6f06e006695550ea94201d0e31/execute/sync - {"script":"<script> [8489 bytes]","args":[{"element-6066-11e4-a52e-4f735466cecf":"f.CF3EA173C6DD6742E6FF2C1FCC3ADAA5.d.B920192F3A9E7958E0D78C9A3F40875B.e.9916","ELEMENT":"f.CF3EA173C6DD6742E6FF2C1FCC3ADAA5.d.B920192F3A9E7958E0D78C9A3F40875B.e.9916"}]}
RESULT: {"script":"<script> [8489 bytes]","args":[{"element-6066-11e4-a52e-4f735466cecf":"f.CF3EA173C6DD6742E6FF2C1FCC3ADAA5.d.B920192F3A9E7958E0D78C9A3F40875B.e.9916","ELEMENT":"f.CF3EA173C6DD6742E6FF2C1FCC3ADAA5.d.B920192F3A9E7958E0D78C9A3F40875B.e.9916"}]}
COMMAND: GET /session/d3cdda6f06e006695550ea94201d0e31/element/f.CF3EA173C6DD6742E6FF2C1FCC3ADAA5.d.B920192F3A9E7958E0D78C9A3F40875B.e.9916/enabled - {}
COMMAND: GET /session/d3cdda6f06e006695550ea94201d0e31/screenshot - {}
RESULT: {}
COMMAND: POST /session/d3cdda6f06e006695550ea94201d0e31/execute/sync - {"script":"<script> [8489 bytes]","args":[{"element-6066-11e4-a52e-4f735466cecf":"f.CF3EA173C6DD6742E6FF2C1FCC3ADAA5.d.B920192F3A9E7958E0D78C9A3F40875B.e.9916","ELEMENT":"f.CF3EA173C6DD6742E6FF2C1FCC3ADAA5.d.B920192F3A9E7958E0D78C9A3F40875B.e.9916"}]}
COMMAND: GET /session/d3cdda6f06e006695550ea94201d0e31/screenshot - {}
RESULT: {}
RESULT: {"script":"<script> [8489 bytes]","args":[{"element-6066-11e4-a52e-4f735466cecf":"f.CF3EA173C6DD6742E6FF2C1FCC3ADAA5.d.B920192F3A9E7958E0D78C9A3F40875B.e.9916","ELEMENT":"f.CF3EA173C6DD6742E6FF2C1FCC3ADAA5.d.B920192F3A9E7958E0D78C9A3F40875B.e.9916"}]}
COMMAND: POST /session/d3cdda6f06e006695550ea94201d0e31/execute/sync - {"script":"<script> [5351 bytes]","args":[{"element-6066-11e4-a52e-4f735466cecf":"f.CF3EA173C6DD6742E6FF2C1FCC3ADAA5.d.B920192F3A9E7958E0D78C9A3F40875B.e.9916","ELEMENT":"f.CF3EA173C6DD6742E6FF2C1FCC3ADAA5.d.B920192F3A9E7958E0D78C9A3F40875B.e.9916"}]}
COMMAND: GET /session/d3cdda6f06e006695550ea94201d0e31/screenshot - {}
RESULT: {}
RESULT: {}
RESULT: {"script":"<script> [5351 bytes]","args":[{"element-6066-11e4-a52e-4f735466cecf":"f.CF3EA173C6DD6742E6FF2C1FCC3ADAA5.d.B920192F3A9E7958E0D78C9A3F40875B.e.9916","ELEMENT":"f.CF3EA173C6DD6742E6FF2C1FCC3ADAA5.d.B920192F3A9E7958E0D78C9A3F40875B.e.9916"}]}
COMMAND: POST /session/d3cdda6f06e006695550ea94201d0e31/element/f.CF3EA173C6DD6742E6FF2C1FCC3ADAA5.d.B920192F3A9E7958E0D78C9A3F40875B.e.9916/click - {}
COMMAND: GET /session/d3cdda6f06e006695550ea94201d0e31/screenshot - {}
RESULT: {}
COMMAND: GET /session/d3cdda6f06e006695550ea94201d0e31/screenshot - {}
RESULT: {}
RESULT: {}
COMMAND: POST /session/d3cdda6f06e006695550ea94201d0e31/actions - {"actions":[{"id":"action32","type":"key","parameters":{},"actions":[{"type":"keyDown","value":"î€‡"},{"type":"pause","duration":10},{"type":"keyUp","value":"î€‡"}]}]}
RESULT: {"actions":[{"id":"action32","type":"key","parameters":{},"actions":[{"type":"keyDown","value":"î€‡"},{"type":"pause","duration":10},{"type":"keyUp","value":"î€‡"}]}]}
COMMAND: GET /session/d3cdda6f06e006695550ea94201d0e31/screenshot - {}
RESULT: {}
COMMAND: POST /session/d3cdda6f06e006695550ea94201d0e31/execute/async - {"script":"<script> [1562 bytes]","args":[{"selector":{"id":"application-manageconditionprice-display-component---newCondition--condBillCond-arrow"},"wdio_ui5_key":"applicationmanageconditionprice-display-component---newCondition--condBillCond-arrow"}]}
RESULT: {"script":"<script> [1562 bytes]","args":[{"selector":{"id":"application-manageconditionprice-display-component---newCondition--condBillCond-arrow"},"wdio_ui5_key":"applicationmanageconditionprice-display-component---newCondition--condBillCond-arrow"}]}
RESULT: undefined
COMMAND: POST /session/d3cdda6f06e006695550ea94201d0e31/element - {"using":"xpath","value":"//*[@id=\"application-manageconditionprice-display-component---newCondition--condBillCond-arrow\"]"}
RESULT: {"using":"xpath","value":"//*[@id=\"application-manageconditionprice-display-component---newCondition--condBillCond-arrow\"]"}
COMMAND: POST /session/d3cdda6f06e006695550ea94201d0e31/element/f.CF3EA173C6DD6742E6FF2C1FCC3ADAA5.d.B920192F3A9E7958E0D78C9A3F40875B.e.10095/click - {}
RESULT: {}
COMMAND: GET /session/d3cdda6f06e006695550ea94201d0e31/screenshot - {}
RESULT: {}
COMMAND: POST /session/d3cdda6f06e006695550ea94201d0e31/element - {"using":"xpath","value":"//li[.//span[contains(text(), \"SAPR - Sales price\")]]"}
RESULT: {"using":"xpath","value":"//li[.//span[contains(text(), \"SAPR - Sales price\")]]"}
COMMAND: POST /session/d3cdda6f06e006695550ea94201d0e31/element/f.CF3EA173C6DD6742E6FF2C1FCC3ADAA5.d.B920192F3A9E7958E0D78C9A3F40875B.e.10098/click - {}
RESULT: {}
COMMAND: GET /session/d3cdda6f06e006695550ea94201d0e31/screenshot - {}
RESULT: {}
COMMAND: POST /session/d3cdda6f06e006695550ea94201d0e31/execute/async - {"script":"<script> [1562 bytes]","args":[{"selector":{"id":"application-manageconditionprice-display-component---newCondition--condValidTo","interaction":{"idSuffix":"inner"}},"wdio_ui5_key":"applicationmanageconditionprice-display-component---newCondition--condValidTo"}]}
RESULT: {"script":"<script> [1562 bytes]","args":[{"selector":{"id":"application-manageconditionprice-display-component---newCondition--condValidTo","interaction":{"idSuffix":"inner"}},"wdio_ui5_key":"applicationmanageconditionprice-display-component---newCondition--condValidTo"}]}
RESULT: undefined
COMMAND: POST /session/d3cdda6f06e006695550ea94201d0e31/execute/async - {"script":"<script> [776 bytes]","args":[{"enterText":"1/21/26","selector":{"id":"application-manageconditionprice-display-component---newCondition--condValidTo","interaction":{"idSuffix":"inner"}},"clearTextFirst":true,"interactionType":"ENTER_TEXT"}]}
RESULT: {"script":"<script> [776 bytes]","args":[{"enterText":"1/21/26","selector":{"id":"application-manageconditionprice-display-component---newCondition--condValidTo","interaction":{"idSuffix":"inner"}},"clearTextFirst":true,"interactionType":"ENTER_TEXT"}]}
COMMAND: POST /session/d3cdda6f06e006695550ea94201d0e31/element - {"using":"xpath","value":"//input[@id=\"application-manageconditionprice-display-component---newCondition--condRU-inner\"]"}
RESULT: {"using":"xpath","value":"//input[@id=\"application-manageconditionprice-display-component---newCondition--condRU-inner\"]"}
COMMAND: POST /session/d3cdda6f06e006695550ea94201d0e31/element/f.CF3EA173C6DD6742E6FF2C1FCC3ADAA5.d.B920192F3A9E7958E0D78C9A3F40875B.e.9932/clear - {}
RESULT: {}
COMMAND: POST /session/d3cdda6f06e006695550ea94201d0e31/element/f.CF3EA173C6DD6742E6FF2C1FCC3ADAA5.d.B920192F3A9E7958E0D78C9A3F40875B.e.9932/value - {"text":"19vZ3HdrTe"}
COMMAND: GET /session/d3cdda6f06e006695550ea94201d0e31/screenshot - {}
RESULT: {"text":"19vZ3HdrTe"}
COMMAND: GET /session/d3cdda6f06e006695550ea94201d0e31/screenshot - {}
RESULT: {}
RESULT: {}
COMMAND: POST /session/d3cdda6f06e006695550ea94201d0e31/actions - {"actions":[{"id":"action33","type":"key","parameters":{},"actions":[{"type":"keyDown","value":"î€‡"},{"type":"pause","duration":10},{"type":"keyUp","value":"î€‡"}]}]}
RESULT: {"actions":[{"id":"action33","type":"key","parameters":{},"actions":[{"type":"keyDown","value":"î€‡"},{"type":"pause","duration":10},{"type":"keyUp","value":"î€‡"}]}]}
COMMAND: POST /session/d3cdda6f06e006695550ea94201d0e31/execute/async - {"script":"<script> [1562 bytes]","args":[{"selector":{"id":"application-manageconditionprice-display-component---newCondition--condBaseQty","interaction":{"idSuffix":"inner"}},"wdio_ui5_key":"applicationmanageconditionprice-display-component---newCondition--condBaseQty"}]}
COMMAND: GET /session/d3cdda6f06e006695550ea94201d0e31/screenshot - {}
RESULT: {"script":"<script> [1562 bytes]","args":[{"selector":{"id":"application-manageconditionprice-display-component---newCondition--condBaseQty","interaction":{"idSuffix":"inner"}},"wdio_ui5_key":"applicationmanageconditionprice-display-component---newCondition--condBaseQty"}]}
RESULT: undefined
COMMAND: POST /session/d3cdda6f06e006695550ea94201d0e31/execute/async - {"script":"<script> [776 bytes]","args":[{"enterText":"1","selector":{"id":"application-manageconditionprice-display-component---newCondition--condBaseQty","interaction":{"idSuffix":"inner"}},"clearTextFirst":true,"interactionType":"ENTER_TEXT"}]}
RESULT: {}
RESULT: {"script":"<script> [776 bytes]","args":[{"enterText":"1","selector":{"id":"application-manageconditionprice-display-component---newCondition--condBaseQty","interaction":{"idSuffix":"inner"}},"clearTextFirst":true,"interactionType":"ENTER_TEXT"}]}
COMMAND: POST /session/d3cdda6f06e006695550ea94201d0e31/execute/async - {"script":"<script> [1562 bytes]","args":[{"selector":{"id":"application-manageconditionprice-display-component---newCondition--condValue","interaction":{"idSuffix":"inner"}},"wdio_ui5_key":"applicationmanageconditionprice-display-component---newCondition--condValue"}]}
RESULT: {"script":"<script> [1562 bytes]","args":[{"selector":{"id":"application-manageconditionprice-display-component---newCondition--condValue","interaction":{"idSuffix":"inner"}},"wdio_ui5_key":"applicationmanageconditionprice-display-component---newCondition--condValue"}]}
RESULT: undefined
COMMAND: POST /session/d3cdda6f06e006695550ea94201d0e31/execute/async - {"script":"<script> [776 bytes]","args":[{"enterText":"200","selector":{"id":"application-manageconditionprice-display-component---newCondition--condValue","interaction":{"idSuffix":"inner"}},"clearTextFirst":true,"interactionType":"ENTER_TEXT"}]}
RESULT: {"script":"<script> [776 bytes]","args":[{"enterText":"200","selector":{"id":"application-manageconditionprice-display-component---newCondition--condValue","interaction":{"idSuffix":"inner"}},"clearTextFirst":true,"interactionType":"ENTER_TEXT"}]}
COMMAND: POST /session/d3cdda6f06e006695550ea94201d0e31/execute/async - {"script":"<script> [1562 bytes]","args":[{"selector":{"id":"application-manageconditionprice-display-component---newCondition--condCurr-arrow"},"wdio_ui5_key":"applicationmanageconditionprice-display-component---newCondition--condCurr-arrow"}]}
RESULT: {"script":"<script> [1562 bytes]","args":[{"selector":{"id":"application-manageconditionprice-display-component---newCondition--condCurr-arrow"},"wdio_ui5_key":"applicationmanageconditionprice-display-component---newCondition--condCurr-arrow"}]}
RESULT: undefined
COMMAND: POST /session/d3cdda6f06e006695550ea94201d0e31/element - {"using":"xpath","value":"//*[@id=\"application-manageconditionprice-display-component---newCondition--condCurr-arrow\"]"}
RESULT: {"using":"xpath","value":"//*[@id=\"application-manageconditionprice-display-component---newCondition--condCurr-arrow\"]"}
COMMAND: POST /session/d3cdda6f06e006695550ea94201d0e31/element/f.CF3EA173C6DD6742E6FF2C1FCC3ADAA5.d.B920192F3A9E7958E0D78C9A3F40875B.e.10077/click - {}
RESULT: {}
COMMAND: POST /session/d3cdda6f06e006695550ea94201d0e31/element - {"using":"xpath","value":"//span[contains(text(), \"Euro\")]"}
COMMAND: GET /session/d3cdda6f06e006695550ea94201d0e31/screenshot - {}
RESULT: {"using":"xpath","value":"//span[contains(text(), \"Euro\")]"}
COMMAND: POST /session/d3cdda6f06e006695550ea94201d0e31/element/f.CF3EA173C6DD6742E6FF2C1FCC3ADAA5.d.B920192F3A9E7958E0D78C9A3F40875B.e.10134/click - {}
RESULT: {}
RESULT: {}
COMMAND: POST /session/d3cdda6f06e006695550ea94201d0e31/element - {"using":"xpath","value":"//button[@data-kt=\"saveButton\"]"}
COMMAND: GET /session/d3cdda6f06e006695550ea94201d0e31/screenshot - {}
RESULT: {"using":"xpath","value":"//button[@data-kt=\"saveButton\"]"}
COMMAND: POST /session/d3cdda6f06e006695550ea94201d0e31/element/f.CF3EA173C6DD6742E6FF2C1FCC3ADAA5.d.B920192F3A9E7958E0D78C9A3F40875B.e.10078/click - {}
RESULT: {}
RESULT: {}
COMMAND: GET /session/d3cdda6f06e006695550ea94201d0e31/screenshot - {}
RESULT: {}
COMMAND: POST /session/d3cdda6f06e006695550ea94201d0e31/execute/async - {"script":"<script> [1562 bytes]","args":[{"selector":{"id":"application-manageconditionprice-display-component---conditions--smartFilterBar-btnBasicSearch","interaction":{"idSuffix":"I"}},"wdio_ui5_key":"applicationmanageconditionprice-display-component---conditions--smartFilterBar-btnBasicSearch"}]}
RESULT: {"script":"<script> [1562 bytes]","args":[{"selector":{"id":"application-manageconditionprice-display-component---conditions--smartFilterBar-btnBasicSearch","interaction":{"idSuffix":"I"}},"wdio_ui5_key":"applicationmanageconditionprice-display-component---conditions--smartFilterBar-btnBasicSearch"}]}
RESULT: undefined
COMMAND: POST /session/d3cdda6f06e006695550ea94201d0e31/execute/async - {"script":"<script> [776 bytes]","args":[{"enterText":"19vZ3HdrTe","selector":{"id":"application-manageconditionprice-display-component---conditions--smartFilterBar-btnBasicSearch","interaction":{"idSuffix":"I"}},"clearTextFirst":true,"interactionType":"ENTER_TEXT"}]}
RESULT: {"script":"<script> [776 bytes]","args":[{"enterText":"19vZ3HdrTe","selector":{"id":"application-manageconditionprice-display-component---conditions--smartFilterBar-btnBasicSearch","interaction":{"idSuffix":"I"}},"clearTextFirst":true,"interactionType":"ENTER_TEXT"}]}
COMMAND: POST /session/d3cdda6f06e006695550ea94201d0e31/actions - {"actions":[{"id":"action34","type":"key","parameters":{},"actions":[{"type":"keyDown","value":"î€‡"},{"type":"pause","duration":10},{"type":"keyUp","value":"î€‡"}]}]}
RESULT: {"actions":[{"id":"action34","type":"key","parameters":{},"actions":[{"type":"keyDown","value":"î€‡"},{"type":"pause","duration":10},{"type":"keyUp","value":"î€‡"}]}]}
COMMAND: GET /session/d3cdda6f06e006695550ea94201d0e31/screenshot - {}
RESULT: {}
COMMAND: POST /session/d3cdda6f06e006695550ea94201d0e31/execute/async - {"script":"<script> [1562 bytes]","args":[{"selector":{"id":"application-manageconditionprice-display-component---conditions--smartFilterBar-filterItemControl_BASIC-BILL_TYPES-vhi"},"wdio_ui5_key":"applicationmanageconditionprice-display-component---conditions--smartFilterBar-filterItemControl_BASIC-BILL_TYPES-vhi"}]}
RESULT: {"script":"<script> [1562 bytes]","args":[{"selector":{"id":"application-manageconditionprice-display-component---conditions--smartFilterBar-filterItemControl_BASIC-BILL_TYPES-vhi"},"wdio_ui5_key":"applicationmanageconditionprice-display-component---conditions--smartFilterBar-filterItemControl_BASIC-BILL_TYPES-vhi"}]}
RESULT: undefined
COMMAND: POST /session/d3cdda6f06e006695550ea94201d0e31/element - {"using":"xpath","value":"//*[@id=\"application-manageconditionprice-display-component---conditions--smartFilterBar-filterItemControl_BASIC-BILL_TYPES-vhi\"]"}
RESULT: {"using":"xpath","value":"//*[@id=\"application-manageconditionprice-display-component---conditions--smartFilterBar-filterItemControl_BASIC-BILL_TYPES-vhi\"]"}
COMMAND: POST /session/d3cdda6f06e006695550ea94201d0e31/element/f.CF3EA173C6DD6742E6FF2C1FCC3ADAA5.d.B920192F3A9E7958E0D78C9A3F40875B.e.10241/click - {}
RESULT: {}
COMMAND: POST /session/d3cdda6f06e006695550ea94201d0e31/execute/async - {"script":"<script> [1562 bytes]","args":[{"selector":{"id":"application-manageconditionprice-display-component---conditions--smartFilterBar-filterItemControl_BASIC-BILL_TYPES-valueHelpDialog-smartFilterBar-btnBasicSearch","searchOpenDialogs":true,"interaction":{"idSuffix":"I"}},"wdio_ui5_key":"applicationmanageconditionprice-display-component---conditions--smartFilterBar-filterItemControl_BASIC-BILL_TYPES-valueHelpDialog-smartFilterBar-btnBasicSearch"}]}
COMMAND: GET /session/d3cdda6f06e006695550ea94201d0e31/screenshot - {}
RESULT: {"script":"<script> [1562 bytes]","args":[{"selector":{"id":"application-manageconditionprice-display-component---conditions--smartFilterBar-filterItemControl_BASIC-BILL_TYPES-valueHelpDialog-smartFilterBar-btnBasicSearch","searchOpenDialogs":true,"interaction":{"idSuffix":"I"}},"wdio_ui5_key":"applicationmanageconditionprice-display-component---conditions--smartFilterBar-filterItemControl_BASIC-BILL_TYPES-valueHelpDialog-smartFilterBar-btnBasicSearch"}]}
RESULT: undefined
COMMAND: POST /session/d3cdda6f06e006695550ea94201d0e31/execute/async - {"script":"<script> [776 bytes]","args":[{"enterText":"one","selector":{"id":"application-manageconditionprice-display-component---conditions--smartFilterBar-filterItemControl_BASIC-BILL_TYPES-valueHelpDialog-smartFilterBar-btnBasicSearch","searchOpenDialogs":true,"interaction":{"idSuffix":"I"}},"clearTextFirst":true,"interactionType":"ENTER_TEXT"}]}
RESULT: {}
RESULT: {"script":"<script> [776 bytes]","args":[{"enterText":"one","selector":{"id":"application-manageconditionprice-display-component---conditions--smartFilterBar-filterItemControl_BASIC-BILL_TYPES-valueHelpDialog-smartFilterBar-btnBasicSearch","searchOpenDialogs":true,"interaction":{"idSuffix":"I"}},"clearTextFirst":true,"interactionType":"ENTER_TEXT"}]}
COMMAND: POST /session/d3cdda6f06e006695550ea94201d0e31/actions - {"actions":[{"id":"action35","type":"key","parameters":{},"actions":[{"type":"keyDown","value":"î€‡"},{"type":"pause","duration":10},{"type":"keyUp","value":"î€‡"}]}]}
RESULT: {"actions":[{"id":"action35","type":"key","parameters":{},"actions":[{"type":"keyDown","value":"î€‡"},{"type":"pause","duration":10},{"type":"keyUp","value":"î€‡"}]}]}
COMMAND: GET /session/d3cdda6f06e006695550ea94201d0e31/screenshot - {}
RESULT: {}
COMMAND: POST /session/d3cdda6f06e006695550ea94201d0e31/element - {"using":"xpath","value":"//div[contains(@id, 'application-manageconditionprice-display-component---conditions--smartFilterBar-filterItemControl_BASIC-BILL_TYPES-valueHelpDialog-table-rowsel0')]"}
RESULT: {"using":"xpath","value":"//div[contains(@id, 'application-manageconditionprice-display-component---conditions--smartFilterBar-filterItemControl_BASIC-BILL_TYPES-valueHelpDialog-table-rowsel0')]"}
COMMAND: POST /session/d3cdda6f06e006695550ea94201d0e31/element/f.CF3EA173C6DD6742E6FF2C1FCC3ADAA5.d.B920192F3A9E7958E0D78C9A3F40875B.e.10251/click - {}
RESULT: {}
COMMAND: GET /session/d3cdda6f06e006695550ea94201d0e31/screenshot - {}
RESULT: {}
COMMAND: POST /session/d3cdda6f06e006695550ea94201d0e31/element - {"using":"xpath","value":"//bdi[contains(text(), \"OK\")]"}
RESULT: {"using":"xpath","value":"//bdi[contains(text(), \"OK\")]"}
COMMAND: POST /session/d3cdda6f06e006695550ea94201d0e31/element/f.CF3EA173C6DD6742E6FF2C1FCC3ADAA5.d.B920192F3A9E7958E0D78C9A3F40875B.e.10253/click - {}
RESULT: {}
COMMAND: GET /session/d3cdda6f06e006695550ea94201d0e31/screenshot - {}
RESULT: {}
COMMAND: POST /session/d3cdda6f06e006695550ea94201d0e31/element - {"using":"xpath","value":"//span[@id=\"application-manageconditionprice-display-component---conditions--smartTable-header-inner\"]"}
RESULT: {"using":"xpath","value":"//span[@id=\"application-manageconditionprice-display-component---conditions--smartTable-header-inner\"]"}
COMMAND: POST /session/d3cdda6f06e006695550ea94201d0e31/elements - {"using":"xpath","value":"//span[@id=\"application-manageconditionprice-display-component---conditions--smartTable-header-inner\"]"}
RESULT: {"using":"xpath","value":"//span[@id=\"application-manageconditionprice-display-component---conditions--smartTable-header-inner\"]"}
COMMAND: POST /session/d3cdda6f06e006695550ea94201d0e31/execute/sync - {"script":"<script> [56 bytes]","args":[{"element-6066-11e4-a52e-4f735466cecf":"f.CF3EA173C6DD6742E6FF2C1FCC3ADAA5.d.B920192F3A9E7958E0D78C9A3F40875B.e.10256","ELEMENT":"f.CF3EA173C6DD6742E6FF2C1FCC3ADAA5.d.B920192F3A9E7958E0D78C9A3F40875B.e.10256"}]}
RESULT: {"script":"<script> [56 bytes]","args":[{"element-6066-11e4-a52e-4f735466cecf":"f.CF3EA173C6DD6742E6FF2C1FCC3ADAA5.d.B920192F3A9E7958E0D78C9A3F40875B.e.10256","ELEMENT":"f.CF3EA173C6DD6742E6FF2C1FCC3ADAA5.d.B920192F3A9E7958E0D78C9A3F40875B.e.10256"}]}
COMMAND: POST /session/d3cdda6f06e006695550ea94201d0e31/element - {"using":"css selector","value":"#shell-header-logo"}
COMMAND: GET /session/d3cdda6f06e006695550ea94201d0e31/screenshot - {}
RESULT: {"using":"css selector","value":"#shell-header-logo"}
COMMAND: POST /session/d3cdda6f06e006695550ea94201d0e31/element/f.CF3EA173C6DD6742E6FF2C1FCC3ADAA5.d.B920192F3A9E7958E0D78C9A3F40875B.e.9884/click - {}
RESULT: {}
RESULT: {}
COMMAND: GET /session/d3cdda6f06e006695550ea94201d0e31/screenshot - {}
RESULT: {}
]]></system-out>
    </testcase>
    <testcase classname="chrome.136_0_7103_93.windows.Create_master_data_for_mixed_billing_&amp;_do_billing_calculation_US151661" name="Should add performance based condition" time="60.079">
      <system-out><![CDATA[
RESULT: undefined
COMMAND: POST /session/d3cdda6f06e006695550ea94201d0e31/element - {"using":"xpath","value":"//*[@id=\"__tile53\"]"}
RESULT: {"using":"xpath","value":"//*[@id=\"__tile53\"]"}
COMMAND: POST /session/d3cdda6f06e006695550ea94201d0e31/element/f.CF3EA173C6DD6742E6FF2C1FCC3ADAA5.d.B920192F3A9E7958E0D78C9A3F40875B.e.6273/click - {}
RESULT: {}
COMMAND: GET /session/d3cdda6f06e006695550ea94201d0e31/screenshot - {}
RESULT: {}
COMMAND: POST /session/d3cdda6f06e006695550ea94201d0e31/elements - {"using":"xpath","value":"//span[text()='Error']"}
RESULT: {"using":"xpath","value":"//span[text()='Error']"}
COMMAND: POST /session/d3cdda6f06e006695550ea94201d0e31/element - {"using":"xpath","value":"//button[@aria-label=\"Create\"]"}
RESULT: {"using":"xpath","value":"//button[@aria-label=\"Create\"]"}
COMMAND: POST /session/d3cdda6f06e006695550ea94201d0e31/elements - {"using":"xpath","value":"//button[@aria-label=\"Create\"]"}
RESULT: {"using":"xpath","value":"//button[@aria-label=\"Create\"]"}
COMMAND: POST /session/d3cdda6f06e006695550ea94201d0e31/execute/sync - {"script":"<script> [8489 bytes]","args":[{"element-6066-11e4-a52e-4f735466cecf":"f.CF3EA173C6DD6742E6FF2C1FCC3ADAA5.d.B920192F3A9E7958E0D78C9A3F40875B.e.10291","ELEMENT":"f.CF3EA173C6DD6742E6FF2C1FCC3ADAA5.d.B920192F3A9E7958E0D78C9A3F40875B.e.10291"}]}
RESULT: {"script":"<script> [8489 bytes]","args":[{"element-6066-11e4-a52e-4f735466cecf":"f.CF3EA173C6DD6742E6FF2C1FCC3ADAA5.d.B920192F3A9E7958E0D78C9A3F40875B.e.10291","ELEMENT":"f.CF3EA173C6DD6742E6FF2C1FCC3ADAA5.d.B920192F3A9E7958E0D78C9A3F40875B.e.10291"}]}
COMMAND: GET /session/d3cdda6f06e006695550ea94201d0e31/element/f.CF3EA173C6DD6742E6FF2C1FCC3ADAA5.d.B920192F3A9E7958E0D78C9A3F40875B.e.10291/enabled - {}
COMMAND: GET /session/d3cdda6f06e006695550ea94201d0e31/screenshot - {}
RESULT: {}
COMMAND: POST /session/d3cdda6f06e006695550ea94201d0e31/execute/sync - {"script":"<script> [8489 bytes]","args":[{"element-6066-11e4-a52e-4f735466cecf":"f.CF3EA173C6DD6742E6FF2C1FCC3ADAA5.d.B920192F3A9E7958E0D78C9A3F40875B.e.10291","ELEMENT":"f.CF3EA173C6DD6742E6FF2C1FCC3ADAA5.d.B920192F3A9E7958E0D78C9A3F40875B.e.10291"}]}
COMMAND: GET /session/d3cdda6f06e006695550ea94201d0e31/screenshot - {}
RESULT: {}
RESULT: {"script":"<script> [8489 bytes]","args":[{"element-6066-11e4-a52e-4f735466cecf":"f.CF3EA173C6DD6742E6FF2C1FCC3ADAA5.d.B920192F3A9E7958E0D78C9A3F40875B.e.10291","ELEMENT":"f.CF3EA173C6DD6742E6FF2C1FCC3ADAA5.d.B920192F3A9E7958E0D78C9A3F40875B.e.10291"}]}
COMMAND: POST /session/d3cdda6f06e006695550ea94201d0e31/execute/sync - {"script":"<script> [5351 bytes]","args":[{"element-6066-11e4-a52e-4f735466cecf":"f.CF3EA173C6DD6742E6FF2C1FCC3ADAA5.d.B920192F3A9E7958E0D78C9A3F40875B.e.10291","ELEMENT":"f.CF3EA173C6DD6742E6FF2C1FCC3ADAA5.d.B920192F3A9E7958E0D78C9A3F40875B.e.10291"}]}
COMMAND: GET /session/d3cdda6f06e006695550ea94201d0e31/screenshot - {}
RESULT: {}
RESULT: {"script":"<script> [5351 bytes]","args":[{"element-6066-11e4-a52e-4f735466cecf":"f.CF3EA173C6DD6742E6FF2C1FCC3ADAA5.d.B920192F3A9E7958E0D78C9A3F40875B.e.10291","ELEMENT":"f.CF3EA173C6DD6742E6FF2C1FCC3ADAA5.d.B920192F3A9E7958E0D78C9A3F40875B.e.10291"}]}
COMMAND: POST /session/d3cdda6f06e006695550ea94201d0e31/element/f.CF3EA173C6DD6742E6FF2C1FCC3ADAA5.d.B920192F3A9E7958E0D78C9A3F40875B.e.10291/click - {}
COMMAND: GET /session/d3cdda6f06e006695550ea94201d0e31/screenshot - {}
RESULT: {}
RESULT: {}
COMMAND: GET /session/d3cdda6f06e006695550ea94201d0e31/screenshot - {}
RESULT: {}
RESULT: {}
COMMAND: POST /session/d3cdda6f06e006695550ea94201d0e31/actions - {"actions":[{"id":"action36","type":"key","parameters":{},"actions":[{"type":"keyDown","value":"î€‡"},{"type":"pause","duration":10},{"type":"keyUp","value":"î€‡"}]}]}
RESULT: {"actions":[{"id":"action36","type":"key","parameters":{},"actions":[{"type":"keyDown","value":"î€‡"},{"type":"pause","duration":10},{"type":"keyUp","value":"î€‡"}]}]}
COMMAND: GET /session/d3cdda6f06e006695550ea94201d0e31/screenshot - {}
RESULT: undefined
COMMAND: POST /session/d3cdda6f06e006695550ea94201d0e31/element - {"using":"xpath","value":"//*[@id=\"application-manageconditionprice-display-component---newCondition--condBillCond-arrow\"]"}
RESULT: {}
RESULT: {"using":"xpath","value":"//*[@id=\"application-manageconditionprice-display-component---newCondition--condBillCond-arrow\"]"}
COMMAND: POST /session/d3cdda6f06e006695550ea94201d0e31/element/f.CF3EA173C6DD6742E6FF2C1FCC3ADAA5.d.B920192F3A9E7958E0D78C9A3F40875B.e.10792/click - {}
RESULT: {}
COMMAND: GET /session/d3cdda6f06e006695550ea94201d0e31/screenshot - {}
RESULT: {}
COMMAND: POST /session/d3cdda6f06e006695550ea94201d0e31/element - {"using":"xpath","value":"//li[.//span[contains(text(), \"PC06 - Performance Price - fuel\")]]"}
RESULT: {"using":"xpath","value":"//li[.//span[contains(text(), \"PC06 - Performance Price - fuel\")]]"}
COMMAND: POST /session/d3cdda6f06e006695550ea94201d0e31/element/f.CF3EA173C6DD6742E6FF2C1FCC3ADAA5.d.B920192F3A9E7958E0D78C9A3F40875B.e.10795/click - {}
RESULT: {}
COMMAND: GET /session/d3cdda6f06e006695550ea94201d0e31/screenshot - {}
RESULT: {}
RESULT: undefined
COMMAND: POST /session/d3cdda6f06e006695550ea94201d0e31/execute/async - {"script":"<script> [776 bytes]","args":[{"enterText":"1/21/26","selector":{"id":"application-manageconditionprice-display-component---newCondition--condValidTo","interaction":{"idSuffix":"inner"}},"clearTextFirst":true,"interactionType":"ENTER_TEXT"}]}
RESULT: {"script":"<script> [776 bytes]","args":[{"enterText":"1/21/26","selector":{"id":"application-manageconditionprice-display-component---newCondition--condValidTo","interaction":{"idSuffix":"inner"}},"clearTextFirst":true,"interactionType":"ENTER_TEXT"}]}
COMMAND: POST /session/d3cdda6f06e006695550ea94201d0e31/element - {"using":"xpath","value":"//input[@id=\"application-manageconditionprice-display-component---newCondition--condRU-inner\"]"}
RESULT: {"using":"xpath","value":"//input[@id=\"application-manageconditionprice-display-component---newCondition--condRU-inner\"]"}
COMMAND: POST /session/d3cdda6f06e006695550ea94201d0e31/element/f.CF3EA173C6DD6742E6FF2C1FCC3ADAA5.d.B920192F3A9E7958E0D78C9A3F40875B.e.10512/clear - {}
RESULT: {}
COMMAND: POST /session/d3cdda6f06e006695550ea94201d0e31/element/f.CF3EA173C6DD6742E6FF2C1FCC3ADAA5.d.B920192F3A9E7958E0D78C9A3F40875B.e.10512/value - {"text":"19vZ3HdrTe"}
COMMAND: GET /session/d3cdda6f06e006695550ea94201d0e31/screenshot - {}
RESULT: {"text":"19vZ3HdrTe"}
COMMAND: GET /session/d3cdda6f06e006695550ea94201d0e31/screenshot - {}
RESULT: {}
RESULT: {}
COMMAND: POST /session/d3cdda6f06e006695550ea94201d0e31/actions - {"actions":[{"id":"action37","type":"key","parameters":{},"actions":[{"type":"keyDown","value":"î€‡"},{"type":"pause","duration":10},{"type":"keyUp","value":"î€‡"}]}]}
RESULT: {"actions":[{"id":"action37","type":"key","parameters":{},"actions":[{"type":"keyDown","value":"î€‡"},{"type":"pause","duration":10},{"type":"keyUp","value":"î€‡"}]}]}
RESULT: undefined
COMMAND: POST /session/d3cdda6f06e006695550ea94201d0e31/execute/async - {"script":"<script> [776 bytes]","args":[{"enterText":"1","selector":{"id":"application-manageconditionprice-display-component---newCondition--condBaseQty","interaction":{"idSuffix":"inner"}},"clearTextFirst":true,"interactionType":"ENTER_TEXT"}]}
COMMAND: GET /session/d3cdda6f06e006695550ea94201d0e31/screenshot - {}
RESULT: {"script":"<script> [776 bytes]","args":[{"enterText":"1","selector":{"id":"application-manageconditionprice-display-component---newCondition--condBaseQty","interaction":{"idSuffix":"inner"}},"clearTextFirst":true,"interactionType":"ENTER_TEXT"}]}
RESULT: undefined
COMMAND: POST /session/d3cdda6f06e006695550ea94201d0e31/execute/async - {"script":"<script> [776 bytes]","args":[{"enterText":"10","selector":{"id":"application-manageconditionprice-display-component---newCondition--condValue","interaction":{"idSuffix":"inner"}},"clearTextFirst":true,"interactionType":"ENTER_TEXT"}]}
RESULT: {}
RESULT: {"script":"<script> [776 bytes]","args":[{"enterText":"10","selector":{"id":"application-manageconditionprice-display-component---newCondition--condValue","interaction":{"idSuffix":"inner"}},"clearTextFirst":true,"interactionType":"ENTER_TEXT"}]}
RESULT: undefined
COMMAND: POST /session/d3cdda6f06e006695550ea94201d0e31/element - {"using":"xpath","value":"//*[@id=\"application-manageconditionprice-display-component---newCondition--condCurr-arrow\"]"}
RESULT: {"using":"xpath","value":"//*[@id=\"application-manageconditionprice-display-component---newCondition--condCurr-arrow\"]"}
COMMAND: POST /session/d3cdda6f06e006695550ea94201d0e31/element/f.CF3EA173C6DD6742E6FF2C1FCC3ADAA5.d.B920192F3A9E7958E0D78C9A3F40875B.e.10749/click - {}
RESULT: {}
COMMAND: POST /session/d3cdda6f06e006695550ea94201d0e31/element - {"using":"xpath","value":"//span[contains(text(), \"Euro\")]"}
COMMAND: GET /session/d3cdda6f06e006695550ea94201d0e31/screenshot - {}
RESULT: {"using":"xpath","value":"//span[contains(text(), \"Euro\")]"}
COMMAND: POST /session/d3cdda6f06e006695550ea94201d0e31/element/f.CF3EA173C6DD6742E6FF2C1FCC3ADAA5.d.B920192F3A9E7958E0D78C9A3F40875B.e.10828/click - {}
RESULT: {}
RESULT: {}
COMMAND: POST /session/d3cdda6f06e006695550ea94201d0e31/element - {"using":"xpath","value":"//button[@data-kt=\"saveButton\"]"}
COMMAND: GET /session/d3cdda6f06e006695550ea94201d0e31/screenshot - {}
RESULT: {"using":"xpath","value":"//button[@data-kt=\"saveButton\"]"}
COMMAND: POST /session/d3cdda6f06e006695550ea94201d0e31/element/f.CF3EA173C6DD6742E6FF2C1FCC3ADAA5.d.B920192F3A9E7958E0D78C9A3F40875B.e.10750/click - {}
RESULT: {}
RESULT: {}
COMMAND: GET /session/d3cdda6f06e006695550ea94201d0e31/screenshot - {}
RESULT: {}
RESULT: undefined
COMMAND: POST /session/d3cdda6f06e006695550ea94201d0e31/execute/async - {"script":"<script> [776 bytes]","args":[{"enterText":"19vZ3HdrTe","selector":{"id":"application-manageconditionprice-display-component---conditions--smartFilterBar-btnBasicSearch","interaction":{"idSuffix":"I"}},"clearTextFirst":true,"interactionType":"ENTER_TEXT"}]}
RESULT: {"script":"<script> [776 bytes]","args":[{"enterText":"19vZ3HdrTe","selector":{"id":"application-manageconditionprice-display-component---conditions--smartFilterBar-btnBasicSearch","interaction":{"idSuffix":"I"}},"clearTextFirst":true,"interactionType":"ENTER_TEXT"}]}
COMMAND: POST /session/d3cdda6f06e006695550ea94201d0e31/actions - {"actions":[{"id":"action38","type":"key","parameters":{},"actions":[{"type":"keyDown","value":"î€‡"},{"type":"pause","duration":10},{"type":"keyUp","value":"î€‡"}]}]}
RESULT: {"actions":[{"id":"action38","type":"key","parameters":{},"actions":[{"type":"keyDown","value":"î€‡"},{"type":"pause","duration":10},{"type":"keyUp","value":"î€‡"}]}]}
COMMAND: GET /session/d3cdda6f06e006695550ea94201d0e31/screenshot - {}
RESULT: {}
RESULT: undefined
COMMAND: POST /session/d3cdda6f06e006695550ea94201d0e31/element - {"using":"xpath","value":"//*[@id=\"application-manageconditionprice-display-component---conditions--smartFilterBar-filterItemControl_BASIC-BILL_TYPES-vhi\"]"}
RESULT: {"using":"xpath","value":"//*[@id=\"application-manageconditionprice-display-component---conditions--smartFilterBar-filterItemControl_BASIC-BILL_TYPES-vhi\"]"}
COMMAND: POST /session/d3cdda6f06e006695550ea94201d0e31/element/f.CF3EA173C6DD6742E6FF2C1FCC3ADAA5.d.B920192F3A9E7958E0D78C9A3F40875B.e.11078/click - {}
RESULT: {}
RESULT: undefined
COMMAND: POST /session/d3cdda6f06e006695550ea94201d0e31/execute/async - {"script":"<script> [776 bytes]","args":[{"enterText":"PB","selector":{"id":"application-manageconditionprice-display-component---conditions--smartFilterBar-filterItemControl_BASIC-BILL_TYPES-valueHelpDialog-smartFilterBar-btnBasicSearch","searchOpenDialogs":true,"interaction":{"idSuffix":"I"}},"clearTextFirst":true,"interactionType":"ENTER_TEXT"}]}
COMMAND: GET /session/d3cdda6f06e006695550ea94201d0e31/screenshot - {}
RESULT: {"script":"<script> [776 bytes]","args":[{"enterText":"PB","selector":{"id":"application-manageconditionprice-display-component---conditions--smartFilterBar-filterItemControl_BASIC-BILL_TYPES-valueHelpDialog-smartFilterBar-btnBasicSearch","searchOpenDialogs":true,"interaction":{"idSuffix":"I"}},"clearTextFirst":true,"interactionType":"ENTER_TEXT"}]}
COMMAND: POST /session/d3cdda6f06e006695550ea94201d0e31/actions - {"actions":[{"id":"action39","type":"key","parameters":{},"actions":[{"type":"keyDown","value":"î€‡"},{"type":"pause","duration":10},{"type":"keyUp","value":"î€‡"}]}]}
RESULT: {}
RESULT: {"actions":[{"id":"action39","type":"key","parameters":{},"actions":[{"type":"keyDown","value":"î€‡"},{"type":"pause","duration":10},{"type":"keyUp","value":"î€‡"}]}]}
COMMAND: GET /session/d3cdda6f06e006695550ea94201d0e31/screenshot - {}
RESULT: {}
COMMAND: POST /session/d3cdda6f06e006695550ea94201d0e31/element - {"using":"xpath","value":"//div[contains(@id, 'application-manageconditionprice-display-component---conditions--smartFilterBar-filterItemControl_BASIC-BILL_TYPES-valueHelpDialog-table-rowsel0')]"}
RESULT: {"using":"xpath","value":"//div[contains(@id, 'application-manageconditionprice-display-component---conditions--smartFilterBar-filterItemControl_BASIC-BILL_TYPES-valueHelpDialog-table-rowsel0')]"}
COMMAND: POST /session/d3cdda6f06e006695550ea94201d0e31/element/f.CF3EA173C6DD6742E6FF2C1FCC3ADAA5.d.B920192F3A9E7958E0D78C9A3F40875B.e.11087/click - {}
RESULT: {}
COMMAND: GET /session/d3cdda6f06e006695550ea94201d0e31/screenshot - {}
RESULT: {}
COMMAND: POST /session/d3cdda6f06e006695550ea94201d0e31/element - {"using":"xpath","value":"//bdi[contains(text(), \"OK\")]"}
RESULT: {"using":"xpath","value":"//bdi[contains(text(), \"OK\")]"}
COMMAND: POST /session/d3cdda6f06e006695550ea94201d0e31/element/f.CF3EA173C6DD6742E6FF2C1FCC3ADAA5.d.B920192F3A9E7958E0D78C9A3F40875B.e.11089/click - {}
RESULT: {}
COMMAND: GET /session/d3cdda6f06e006695550ea94201d0e31/screenshot - {}
RESULT: {}
COMMAND: POST /session/d3cdda6f06e006695550ea94201d0e31/element - {"using":"xpath","value":"//span[@id=\"application-manageconditionprice-display-component---conditions--smartTable-header-inner\"]"}
RESULT: {"using":"xpath","value":"//span[@id=\"application-manageconditionprice-display-component---conditions--smartTable-header-inner\"]"}
COMMAND: POST /session/d3cdda6f06e006695550ea94201d0e31/elements - {"using":"xpath","value":"//span[@id=\"application-manageconditionprice-display-component---conditions--smartTable-header-inner\"]"}
RESULT: {"using":"xpath","value":"//span[@id=\"application-manageconditionprice-display-component---conditions--smartTable-header-inner\"]"}
COMMAND: POST /session/d3cdda6f06e006695550ea94201d0e31/execute/sync - {"script":"<script> [56 bytes]","args":[{"element-6066-11e4-a52e-4f735466cecf":"f.CF3EA173C6DD6742E6FF2C1FCC3ADAA5.d.B920192F3A9E7958E0D78C9A3F40875B.e.11092","ELEMENT":"f.CF3EA173C6DD6742E6FF2C1FCC3ADAA5.d.B920192F3A9E7958E0D78C9A3F40875B.e.11092"}]}
RESULT: {"script":"<script> [56 bytes]","args":[{"element-6066-11e4-a52e-4f735466cecf":"f.CF3EA173C6DD6742E6FF2C1FCC3ADAA5.d.B920192F3A9E7958E0D78C9A3F40875B.e.11092","ELEMENT":"f.CF3EA173C6DD6742E6FF2C1FCC3ADAA5.d.B920192F3A9E7958E0D78C9A3F40875B.e.11092"}]}
COMMAND: POST /session/d3cdda6f06e006695550ea94201d0e31/element - {"using":"css selector","value":"#shell-header-logo"}
COMMAND: GET /session/d3cdda6f06e006695550ea94201d0e31/screenshot - {}
RESULT: {"using":"css selector","value":"#shell-header-logo"}
COMMAND: POST /session/d3cdda6f06e006695550ea94201d0e31/element/f.CF3EA173C6DD6742E6FF2C1FCC3ADAA5.d.B920192F3A9E7958E0D78C9A3F40875B.e.10263/click - {}
RESULT: {}
RESULT: {}
COMMAND: GET /session/d3cdda6f06e006695550ea94201d0e31/screenshot - {}
RESULT: {}
]]></system-out>
    </testcase>
    <testcase classname="chrome.136_0_7103_93.windows.Create_master_data_for_mixed_billing_&amp;_do_billing_calculation_US151661" name="Should add time based condition" time="62.845">
      <system-out><![CDATA[
RESULT: undefined
COMMAND: POST /session/d3cdda6f06e006695550ea94201d0e31/element - {"using":"xpath","value":"//*[@id=\"__tile53\"]"}
RESULT: {"using":"xpath","value":"//*[@id=\"__tile53\"]"}
COMMAND: POST /session/d3cdda6f06e006695550ea94201d0e31/element/f.CF3EA173C6DD6742E6FF2C1FCC3ADAA5.d.B920192F3A9E7958E0D78C9A3F40875B.e.6273/click - {}
RESULT: {}
COMMAND: GET /session/d3cdda6f06e006695550ea94201d0e31/screenshot - {}
RESULT: {}
COMMAND: POST /session/d3cdda6f06e006695550ea94201d0e31/elements - {"using":"xpath","value":"//span[text()='Error']"}
RESULT: {"using":"xpath","value":"//span[text()='Error']"}
COMMAND: POST /session/d3cdda6f06e006695550ea94201d0e31/element - {"using":"xpath","value":"//button[@aria-label=\"Create\"]"}
RESULT: {"using":"xpath","value":"//button[@aria-label=\"Create\"]"}
COMMAND: POST /session/d3cdda6f06e006695550ea94201d0e31/elements - {"using":"xpath","value":"//button[@aria-label=\"Create\"]"}
RESULT: {"using":"xpath","value":"//button[@aria-label=\"Create\"]"}
COMMAND: POST /session/d3cdda6f06e006695550ea94201d0e31/execute/sync - {"script":"<script> [8489 bytes]","args":[{"element-6066-11e4-a52e-4f735466cecf":"f.CF3EA173C6DD6742E6FF2C1FCC3ADAA5.d.B920192F3A9E7958E0D78C9A3F40875B.e.11156","ELEMENT":"f.CF3EA173C6DD6742E6FF2C1FCC3ADAA5.d.B920192F3A9E7958E0D78C9A3F40875B.e.11156"}]}
RESULT: {"script":"<script> [8489 bytes]","args":[{"element-6066-11e4-a52e-4f735466cecf":"f.CF3EA173C6DD6742E6FF2C1FCC3ADAA5.d.B920192F3A9E7958E0D78C9A3F40875B.e.11156","ELEMENT":"f.CF3EA173C6DD6742E6FF2C1FCC3ADAA5.d.B920192F3A9E7958E0D78C9A3F40875B.e.11156"}]}
COMMAND: GET /session/d3cdda6f06e006695550ea94201d0e31/element/f.CF3EA173C6DD6742E6FF2C1FCC3ADAA5.d.B920192F3A9E7958E0D78C9A3F40875B.e.11156/enabled - {}
COMMAND: GET /session/d3cdda6f06e006695550ea94201d0e31/screenshot - {}
RESULT: {}
COMMAND: POST /session/d3cdda6f06e006695550ea94201d0e31/execute/sync - {"script":"<script> [8489 bytes]","args":[{"element-6066-11e4-a52e-4f735466cecf":"f.CF3EA173C6DD6742E6FF2C1FCC3ADAA5.d.B920192F3A9E7958E0D78C9A3F40875B.e.11156","ELEMENT":"f.CF3EA173C6DD6742E6FF2C1FCC3ADAA5.d.B920192F3A9E7958E0D78C9A3F40875B.e.11156"}]}
COMMAND: GET /session/d3cdda6f06e006695550ea94201d0e31/screenshot - {}
RESULT: {}
RESULT: {"script":"<script> [8489 bytes]","args":[{"element-6066-11e4-a52e-4f735466cecf":"f.CF3EA173C6DD6742E6FF2C1FCC3ADAA5.d.B920192F3A9E7958E0D78C9A3F40875B.e.11156","ELEMENT":"f.CF3EA173C6DD6742E6FF2C1FCC3ADAA5.d.B920192F3A9E7958E0D78C9A3F40875B.e.11156"}]}
COMMAND: POST /session/d3cdda6f06e006695550ea94201d0e31/execute/sync - {"script":"<script> [5351 bytes]","args":[{"element-6066-11e4-a52e-4f735466cecf":"f.CF3EA173C6DD6742E6FF2C1FCC3ADAA5.d.B920192F3A9E7958E0D78C9A3F40875B.e.11156","ELEMENT":"f.CF3EA173C6DD6742E6FF2C1FCC3ADAA5.d.B920192F3A9E7958E0D78C9A3F40875B.e.11156"}]}
COMMAND: GET /session/d3cdda6f06e006695550ea94201d0e31/screenshot - {}
RESULT: {}
RESULT: {"script":"<script> [5351 bytes]","args":[{"element-6066-11e4-a52e-4f735466cecf":"f.CF3EA173C6DD6742E6FF2C1FCC3ADAA5.d.B920192F3A9E7958E0D78C9A3F40875B.e.11156","ELEMENT":"f.CF3EA173C6DD6742E6FF2C1FCC3ADAA5.d.B920192F3A9E7958E0D78C9A3F40875B.e.11156"}]}
COMMAND: POST /session/d3cdda6f06e006695550ea94201d0e31/element/f.CF3EA173C6DD6742E6FF2C1FCC3ADAA5.d.B920192F3A9E7958E0D78C9A3F40875B.e.11156/click - {}
COMMAND: GET /session/d3cdda6f06e006695550ea94201d0e31/screenshot - {}
RESULT: {}
RESULT: {}
COMMAND: GET /session/d3cdda6f06e006695550ea94201d0e31/screenshot - {}
RESULT: {}
RESULT: {}
COMMAND: POST /session/d3cdda6f06e006695550ea94201d0e31/actions - {"actions":[{"id":"action40","type":"key","parameters":{},"actions":[{"type":"keyDown","value":"î€‡"},{"type":"pause","duration":10},{"type":"keyUp","value":"î€‡"}]}]}
RESULT: {"actions":[{"id":"action40","type":"key","parameters":{},"actions":[{"type":"keyDown","value":"î€‡"},{"type":"pause","duration":10},{"type":"keyUp","value":"î€‡"}]}]}
COMMAND: GET /session/d3cdda6f06e006695550ea94201d0e31/screenshot - {}
RESULT: undefined
COMMAND: POST /session/d3cdda6f06e006695550ea94201d0e31/element - {"using":"xpath","value":"//*[@id=\"application-manageconditionprice-display-component---newCondition--condBillCond-arrow\"]"}
RESULT: {}
RESULT: {"using":"xpath","value":"//*[@id=\"application-manageconditionprice-display-component---newCondition--condBillCond-arrow\"]"}
COMMAND: POST /session/d3cdda6f06e006695550ea94201d0e31/element/f.CF3EA173C6DD6742E6FF2C1FCC3ADAA5.d.B920192F3A9E7958E0D78C9A3F40875B.e.11959/click - {}
RESULT: {}
COMMAND: GET /session/d3cdda6f06e006695550ea94201d0e31/screenshot - {}
RESULT: {}
COMMAND: POST /session/d3cdda6f06e006695550ea94201d0e31/element - {"using":"xpath","value":"//li[.//span[contains(text(), \"DISP - D&I special price\")]]"}
RESULT: {"using":"xpath","value":"//li[.//span[contains(text(), \"DISP - D&I special price\")]]"}
COMMAND: POST /session/d3cdda6f06e006695550ea94201d0e31/element/f.CF3EA173C6DD6742E6FF2C1FCC3ADAA5.d.B920192F3A9E7958E0D78C9A3F40875B.e.11960/click - {}
RESULT: {}
COMMAND: GET /session/d3cdda6f06e006695550ea94201d0e31/screenshot - {}
RESULT: {}
RESULT: undefined
COMMAND: POST /session/d3cdda6f06e006695550ea94201d0e31/execute/async - {"script":"<script> [776 bytes]","args":[{"enterText":"1/21/26","selector":{"id":"application-manageconditionprice-display-component---newCondition--condValidTo","interaction":{"idSuffix":"inner"}},"clearTextFirst":true,"interactionType":"ENTER_TEXT"}]}
RESULT: {"script":"<script> [776 bytes]","args":[{"enterText":"1/21/26","selector":{"id":"application-manageconditionprice-display-component---newCondition--condValidTo","interaction":{"idSuffix":"inner"}},"clearTextFirst":true,"interactionType":"ENTER_TEXT"}]}
COMMAND: POST /session/d3cdda6f06e006695550ea94201d0e31/element - {"using":"xpath","value":"//input[@id=\"application-manageconditionprice-display-component---newCondition--condRU-inner\"]"}
RESULT: {"using":"xpath","value":"//input[@id=\"application-manageconditionprice-display-component---newCondition--condRU-inner\"]"}
COMMAND: POST /session/d3cdda6f06e006695550ea94201d0e31/element/f.CF3EA173C6DD6742E6FF2C1FCC3ADAA5.d.B920192F3A9E7958E0D78C9A3F40875B.e.11687/clear - {}
RESULT: {}
COMMAND: POST /session/d3cdda6f06e006695550ea94201d0e31/element/f.CF3EA173C6DD6742E6FF2C1FCC3ADAA5.d.B920192F3A9E7958E0D78C9A3F40875B.e.11687/value - {"text":"19vZ3HdrTe"}
COMMAND: GET /session/d3cdda6f06e006695550ea94201d0e31/screenshot - {}
RESULT: {"text":"19vZ3HdrTe"}
COMMAND: GET /session/d3cdda6f06e006695550ea94201d0e31/screenshot - {}
RESULT: {}
RESULT: {}
COMMAND: POST /session/d3cdda6f06e006695550ea94201d0e31/actions - {"actions":[{"id":"action41","type":"key","parameters":{},"actions":[{"type":"keyDown","value":"î€‡"},{"type":"pause","duration":10},{"type":"keyUp","value":"î€‡"}]}]}
RESULT: {"actions":[{"id":"action41","type":"key","parameters":{},"actions":[{"type":"keyDown","value":"î€‡"},{"type":"pause","duration":10},{"type":"keyUp","value":"î€‡"}]}]}
RESULT: undefined
COMMAND: POST /session/d3cdda6f06e006695550ea94201d0e31/execute/async - {"script":"<script> [776 bytes]","args":[{"enterText":"1","selector":{"id":"application-manageconditionprice-display-component---newCondition--condBaseQty","interaction":{"idSuffix":"inner"}},"clearTextFirst":true,"interactionType":"ENTER_TEXT"}]}
COMMAND: GET /session/d3cdda6f06e006695550ea94201d0e31/screenshot - {}
RESULT: {"script":"<script> [776 bytes]","args":[{"enterText":"1","selector":{"id":"application-manageconditionprice-display-component---newCondition--condBaseQty","interaction":{"idSuffix":"inner"}},"clearTextFirst":true,"interactionType":"ENTER_TEXT"}]}
RESULT: undefined
COMMAND: POST /session/d3cdda6f06e006695550ea94201d0e31/execute/async - {"script":"<script> [776 bytes]","args":[{"enterText":"100","selector":{"id":"application-manageconditionprice-display-component---newCondition--condValue","interaction":{"idSuffix":"inner"}},"clearTextFirst":true,"interactionType":"ENTER_TEXT"}]}
RESULT: {}
RESULT: {"script":"<script> [776 bytes]","args":[{"enterText":"100","selector":{"id":"application-manageconditionprice-display-component---newCondition--condValue","interaction":{"idSuffix":"inner"}},"clearTextFirst":true,"interactionType":"ENTER_TEXT"}]}
RESULT: undefined
COMMAND: POST /session/d3cdda6f06e006695550ea94201d0e31/element - {"using":"xpath","value":"//*[@id=\"application-manageconditionprice-display-component---newCondition--condCurr-arrow\"]"}
RESULT: {"using":"xpath","value":"//*[@id=\"application-manageconditionprice-display-component---newCondition--condCurr-arrow\"]"}
COMMAND: POST /session/d3cdda6f06e006695550ea94201d0e31/element/f.CF3EA173C6DD6742E6FF2C1FCC3ADAA5.d.B920192F3A9E7958E0D78C9A3F40875B.e.11914/click - {}
RESULT: {}
COMMAND: POST /session/d3cdda6f06e006695550ea94201d0e31/element - {"using":"xpath","value":"//span[contains(text(), \"Euro\")]"}
COMMAND: GET /session/d3cdda6f06e006695550ea94201d0e31/screenshot - {}
RESULT: {"using":"xpath","value":"//span[contains(text(), \"Euro\")]"}
COMMAND: POST /session/d3cdda6f06e006695550ea94201d0e31/element/f.CF3EA173C6DD6742E6FF2C1FCC3ADAA5.d.B920192F3A9E7958E0D78C9A3F40875B.e.11997/click - {}
RESULT: {}
RESULT: {}
COMMAND: POST /session/d3cdda6f06e006695550ea94201d0e31/element - {"using":"xpath","value":"//button[@data-kt=\"saveButton\"]"}
COMMAND: GET /session/d3cdda6f06e006695550ea94201d0e31/screenshot - {}
RESULT: {"using":"xpath","value":"//button[@data-kt=\"saveButton\"]"}
COMMAND: POST /session/d3cdda6f06e006695550ea94201d0e31/element/f.CF3EA173C6DD6742E6FF2C1FCC3ADAA5.d.B920192F3A9E7958E0D78C9A3F40875B.e.11915/click - {}
RESULT: {}
RESULT: {}
COMMAND: GET /session/d3cdda6f06e006695550ea94201d0e31/screenshot - {}
RESULT: {}
RESULT: undefined
COMMAND: POST /session/d3cdda6f06e006695550ea94201d0e31/execute/async - {"script":"<script> [776 bytes]","args":[{"enterText":"19vZ3HdrTe","selector":{"id":"application-manageconditionprice-display-component---conditions--smartFilterBar-btnBasicSearch","interaction":{"idSuffix":"I"}},"clearTextFirst":true,"interactionType":"ENTER_TEXT"}]}
RESULT: {"script":"<script> [776 bytes]","args":[{"enterText":"19vZ3HdrTe","selector":{"id":"application-manageconditionprice-display-component---conditions--smartFilterBar-btnBasicSearch","interaction":{"idSuffix":"I"}},"clearTextFirst":true,"interactionType":"ENTER_TEXT"}]}
COMMAND: POST /session/d3cdda6f06e006695550ea94201d0e31/actions - {"actions":[{"id":"action42","type":"key","parameters":{},"actions":[{"type":"keyDown","value":"î€‡"},{"type":"pause","duration":10},{"type":"keyUp","value":"î€‡"}]}]}
RESULT: {"actions":[{"id":"action42","type":"key","parameters":{},"actions":[{"type":"keyDown","value":"î€‡"},{"type":"pause","duration":10},{"type":"keyUp","value":"î€‡"}]}]}
COMMAND: GET /session/d3cdda6f06e006695550ea94201d0e31/screenshot - {}
RESULT: {}
RESULT: undefined
COMMAND: POST /session/d3cdda6f06e006695550ea94201d0e31/element - {"using":"xpath","value":"//*[@id=\"application-manageconditionprice-display-component---conditions--smartFilterBar-filterItemControl_BASIC-BILL_TYPES-vhi\"]"}
RESULT: {"using":"xpath","value":"//*[@id=\"application-manageconditionprice-display-component---conditions--smartFilterBar-filterItemControl_BASIC-BILL_TYPES-vhi\"]"}
COMMAND: POST /session/d3cdda6f06e006695550ea94201d0e31/element/f.CF3EA173C6DD6742E6FF2C1FCC3ADAA5.d.B920192F3A9E7958E0D78C9A3F40875B.e.12034/click - {}
RESULT: {}
RESULT: undefined
COMMAND: POST /session/d3cdda6f06e006695550ea94201d0e31/execute/async - {"script":"<script> [776 bytes]","args":[{"enterText":"TB","selector":{"id":"application-manageconditionprice-display-component---conditions--smartFilterBar-filterItemControl_BASIC-BILL_TYPES-valueHelpDialog-smartFilterBar-btnBasicSearch","searchOpenDialogs":true,"interaction":{"idSuffix":"I"}},"clearTextFirst":true,"interactionType":"ENTER_TEXT"}]}
COMMAND: GET /session/d3cdda6f06e006695550ea94201d0e31/screenshot - {}
RESULT: {"script":"<script> [776 bytes]","args":[{"enterText":"TB","selector":{"id":"application-manageconditionprice-display-component---conditions--smartFilterBar-filterItemControl_BASIC-BILL_TYPES-valueHelpDialog-smartFilterBar-btnBasicSearch","searchOpenDialogs":true,"interaction":{"idSuffix":"I"}},"clearTextFirst":true,"interactionType":"ENTER_TEXT"}]}
COMMAND: POST /session/d3cdda6f06e006695550ea94201d0e31/actions - {"actions":[{"id":"action43","type":"key","parameters":{},"actions":[{"type":"keyDown","value":"î€‡"},{"type":"pause","duration":10},{"type":"keyUp","value":"î€‡"}]}]}
RESULT: {}
RESULT: {"actions":[{"id":"action43","type":"key","parameters":{},"actions":[{"type":"keyDown","value":"î€‡"},{"type":"pause","duration":10},{"type":"keyUp","value":"î€‡"}]}]}
COMMAND: GET /session/d3cdda6f06e006695550ea94201d0e31/screenshot - {}
RESULT: {}
COMMAND: POST /session/d3cdda6f06e006695550ea94201d0e31/element - {"using":"xpath","value":"//div[contains(@id, 'application-manageconditionprice-display-component---conditions--smartFilterBar-filterItemControl_BASIC-BILL_TYPES-valueHelpDialog-table-rowsel0')]"}
RESULT: {"using":"xpath","value":"//div[contains(@id, 'application-manageconditionprice-display-component---conditions--smartFilterBar-filterItemControl_BASIC-BILL_TYPES-valueHelpDialog-table-rowsel0')]"}
COMMAND: POST /session/d3cdda6f06e006695550ea94201d0e31/element/f.CF3EA173C6DD6742E6FF2C1FCC3ADAA5.d.B920192F3A9E7958E0D78C9A3F40875B.e.12042/click - {}
RESULT: {}
COMMAND: GET /session/d3cdda6f06e006695550ea94201d0e31/screenshot - {}
RESULT: {}
COMMAND: POST /session/d3cdda6f06e006695550ea94201d0e31/element - {"using":"xpath","value":"//bdi[contains(text(), \"OK\")]"}
RESULT: {"using":"xpath","value":"//bdi[contains(text(), \"OK\")]"}
COMMAND: POST /session/d3cdda6f06e006695550ea94201d0e31/element/f.CF3EA173C6DD6742E6FF2C1FCC3ADAA5.d.B920192F3A9E7958E0D78C9A3F40875B.e.12044/click - {}
RESULT: {}
COMMAND: GET /session/d3cdda6f06e006695550ea94201d0e31/screenshot - {}
RESULT: {}
COMMAND: POST /session/d3cdda6f06e006695550ea94201d0e31/element - {"using":"xpath","value":"//span[@id=\"application-manageconditionprice-display-component---conditions--smartTable-header-inner\"]"}
RESULT: {"using":"xpath","value":"//span[@id=\"application-manageconditionprice-display-component---conditions--smartTable-header-inner\"]"}
COMMAND: POST /session/d3cdda6f06e006695550ea94201d0e31/elements - {"using":"xpath","value":"//span[@id=\"application-manageconditionprice-display-component---conditions--smartTable-header-inner\"]"}
RESULT: {"using":"xpath","value":"//span[@id=\"application-manageconditionprice-display-component---conditions--smartTable-header-inner\"]"}
COMMAND: POST /session/d3cdda6f06e006695550ea94201d0e31/execute/sync - {"script":"<script> [56 bytes]","args":[{"element-6066-11e4-a52e-4f735466cecf":"f.CF3EA173C6DD6742E6FF2C1FCC3ADAA5.d.B920192F3A9E7958E0D78C9A3F40875B.e.12054","ELEMENT":"f.CF3EA173C6DD6742E6FF2C1FCC3ADAA5.d.B920192F3A9E7958E0D78C9A3F40875B.e.12054"}]}
RESULT: {"script":"<script> [56 bytes]","args":[{"element-6066-11e4-a52e-4f735466cecf":"f.CF3EA173C6DD6742E6FF2C1FCC3ADAA5.d.B920192F3A9E7958E0D78C9A3F40875B.e.12054","ELEMENT":"f.CF3EA173C6DD6742E6FF2C1FCC3ADAA5.d.B920192F3A9E7958E0D78C9A3F40875B.e.12054"}]}
COMMAND: POST /session/d3cdda6f06e006695550ea94201d0e31/element - {"using":"css selector","value":"#shell-header-logo"}
COMMAND: GET /session/d3cdda6f06e006695550ea94201d0e31/screenshot - {}
RESULT: {"using":"css selector","value":"#shell-header-logo"}
COMMAND: POST /session/d3cdda6f06e006695550ea94201d0e31/element/f.CF3EA173C6DD6742E6FF2C1FCC3ADAA5.d.B920192F3A9E7958E0D78C9A3F40875B.e.11097/click - {}
RESULT: {}
RESULT: {}
COMMAND: GET /session/d3cdda6f06e006695550ea94201d0e31/screenshot - {}
RESULT: {}
]]></system-out>
    </testcase>
    <testcase classname="chrome.136_0_7103_93.windows.Create_master_data_for_mixed_billing_&amp;_do_billing_calculation_US151661" name="Should do a stock increase handover" time="82.844">
      <system-out><![CDATA[
COMMAND: POST /session/d3cdda6f06e006695550ea94201d0e31/execute/async - {"script":"<script> [1562 bytes]","args":[{"selector":{"controlType":"sap.m.GenericTile","properties":{"header":"Manage Handovers"}},"wdio_ui5_key":"sapm.GenericTile{\"header\":\"Manage Handovers\"}"}]}
RESULT: {"script":"<script> [1562 bytes]","args":[{"selector":{"controlType":"sap.m.GenericTile","properties":{"header":"Manage Handovers"}},"wdio_ui5_key":"sapm.GenericTile{\"header\":\"Manage Handovers\"}"}]}
RESULT: undefined
COMMAND: POST /session/d3cdda6f06e006695550ea94201d0e31/element - {"using":"xpath","value":"//*[@id=\"__tile132\"]"}
RESULT: {"using":"xpath","value":"//*[@id=\"__tile132\"]"}
COMMAND: POST /session/d3cdda6f06e006695550ea94201d0e31/element/f.CF3EA173C6DD6742E6FF2C1FCC3ADAA5.d.B920192F3A9E7958E0D78C9A3F40875B.e.6314/click - {}
RESULT: {}
COMMAND: GET /session/d3cdda6f06e006695550ea94201d0e31/screenshot - {}
RESULT: {}
COMMAND: POST /session/d3cdda6f06e006695550ea94201d0e31/elements - {"using":"xpath","value":"//span[text()='Error']"}
RESULT: {"using":"xpath","value":"//span[text()='Error']"}
COMMAND: POST /session/d3cdda6f06e006695550ea94201d0e31/element - {"using":"xpath","value":"//button[@data-kt=\"masterHOAddButton\"]"}
RESULT: {"using":"xpath","value":"//button[@data-kt=\"masterHOAddButton\"]"}
COMMAND: POST /session/d3cdda6f06e006695550ea94201d0e31/elements - {"using":"xpath","value":"//button[@data-kt=\"masterHOAddButton\"]"}
RESULT: {"using":"xpath","value":"//button[@data-kt=\"masterHOAddButton\"]"}
COMMAND: POST /session/d3cdda6f06e006695550ea94201d0e31/execute/sync - {"script":"<script> [8489 bytes]","args":[{"element-6066-11e4-a52e-4f735466cecf":"f.CF3EA173C6DD6742E6FF2C1FCC3ADAA5.d.B920192F3A9E7958E0D78C9A3F40875B.e.12091","ELEMENT":"f.CF3EA173C6DD6742E6FF2C1FCC3ADAA5.d.B920192F3A9E7958E0D78C9A3F40875B.e.12091"}]}
RESULT: {"script":"<script> [8489 bytes]","args":[{"element-6066-11e4-a52e-4f735466cecf":"f.CF3EA173C6DD6742E6FF2C1FCC3ADAA5.d.B920192F3A9E7958E0D78C9A3F40875B.e.12091","ELEMENT":"f.CF3EA173C6DD6742E6FF2C1FCC3ADAA5.d.B920192F3A9E7958E0D78C9A3F40875B.e.12091"}]}
COMMAND: GET /session/d3cdda6f06e006695550ea94201d0e31/element/f.CF3EA173C6DD6742E6FF2C1FCC3ADAA5.d.B920192F3A9E7958E0D78C9A3F40875B.e.12091/enabled - {}
COMMAND: GET /session/d3cdda6f06e006695550ea94201d0e31/screenshot - {}
RESULT: {}
COMMAND: POST /session/d3cdda6f06e006695550ea94201d0e31/execute/sync - {"script":"<script> [8489 bytes]","args":[{"element-6066-11e4-a52e-4f735466cecf":"f.CF3EA173C6DD6742E6FF2C1FCC3ADAA5.d.B920192F3A9E7958E0D78C9A3F40875B.e.12091","ELEMENT":"f.CF3EA173C6DD6742E6FF2C1FCC3ADAA5.d.B920192F3A9E7958E0D78C9A3F40875B.e.12091"}]}
COMMAND: GET /session/d3cdda6f06e006695550ea94201d0e31/screenshot - {}
RESULT: {}
RESULT: {"script":"<script> [8489 bytes]","args":[{"element-6066-11e4-a52e-4f735466cecf":"f.CF3EA173C6DD6742E6FF2C1FCC3ADAA5.d.B920192F3A9E7958E0D78C9A3F40875B.e.12091","ELEMENT":"f.CF3EA173C6DD6742E6FF2C1FCC3ADAA5.d.B920192F3A9E7958E0D78C9A3F40875B.e.12091"}]}
COMMAND: POST /session/d3cdda6f06e006695550ea94201d0e31/execute/sync - {"script":"<script> [5351 bytes]","args":[{"element-6066-11e4-a52e-4f735466cecf":"f.CF3EA173C6DD6742E6FF2C1FCC3ADAA5.d.B920192F3A9E7958E0D78C9A3F40875B.e.12091","ELEMENT":"f.CF3EA173C6DD6742E6FF2C1FCC3ADAA5.d.B920192F3A9E7958E0D78C9A3F40875B.e.12091"}]}
COMMAND: GET /session/d3cdda6f06e006695550ea94201d0e31/screenshot - {}
RESULT: {}
RESULT: {"script":"<script> [5351 bytes]","args":[{"element-6066-11e4-a52e-4f735466cecf":"f.CF3EA173C6DD6742E6FF2C1FCC3ADAA5.d.B920192F3A9E7958E0D78C9A3F40875B.e.12091","ELEMENT":"f.CF3EA173C6DD6742E6FF2C1FCC3ADAA5.d.B920192F3A9E7958E0D78C9A3F40875B.e.12091"}]}
COMMAND: POST /session/d3cdda6f06e006695550ea94201d0e31/element/f.CF3EA173C6DD6742E6FF2C1FCC3ADAA5.d.B920192F3A9E7958E0D78C9A3F40875B.e.12091/click - {}
COMMAND: GET /session/d3cdda6f06e006695550ea94201d0e31/screenshot - {}
RESULT: {}
RESULT: {}
COMMAND: GET /session/d3cdda6f06e006695550ea94201d0e31/screenshot - {}
RESULT: {}
RESULT: {}
COMMAND: POST /session/d3cdda6f06e006695550ea94201d0e31/element - {"using":"xpath","value":"//span[contains(@id ,\"AddNewHO--typeSelect-arrow\")]"}
RESULT: {"using":"xpath","value":"//span[contains(@id ,\"AddNewHO--typeSelect-arrow\")]"}
COMMAND: POST /session/d3cdda6f06e006695550ea94201d0e31/element/f.CF3EA173C6DD6742E6FF2C1FCC3ADAA5.d.B920192F3A9E7958E0D78C9A3F40875B.e.12454/click - {}
RESULT: {}
COMMAND: GET /session/d3cdda6f06e006695550ea94201d0e31/screenshot - {}
RESULT: {}
COMMAND: POST /session/d3cdda6f06e006695550ea94201d0e31/element - {"using":"xpath","value":"(//li[contains(text(), \"stock increase yard\")])[1]"}
RESULT: {"using":"xpath","value":"(//li[contains(text(), \"stock increase yard\")])[1]"}
COMMAND: POST /session/d3cdda6f06e006695550ea94201d0e31/element/f.CF3EA173C6DD6742E6FF2C1FCC3ADAA5.d.B920192F3A9E7958E0D78C9A3F40875B.e.12455/click - {}
RESULT: {}
COMMAND: GET /session/d3cdda6f06e006695550ea94201d0e31/screenshot - {}
RESULT: {}
COMMAND: POST /session/d3cdda6f06e006695550ea94201d0e31/execute/async - {"script":"<script> [1562 bytes]","args":[{"selector":{"id":"application-managehandovers-display-component---AddNewHO--dueDate","interaction":{"idSuffix":"inner"}},"wdio_ui5_key":"applicationmanagehandovers-display-component---AddNewHO--dueDate"}]}
RESULT: {"script":"<script> [1562 bytes]","args":[{"selector":{"id":"application-managehandovers-display-component---AddNewHO--dueDate","interaction":{"idSuffix":"inner"}},"wdio_ui5_key":"applicationmanagehandovers-display-component---AddNewHO--dueDate"}]}
RESULT: undefined
COMMAND: POST /session/d3cdda6f06e006695550ea94201d0e31/execute/async - {"script":"<script> [6424 bytes]","args":[{"element-6066-11e4-a52e-4f735466cecf":"f.CF3EA173C6DD6742E6FF2C1FCC3ADAA5.d.B920192F3A9E7958E0D78C9A3F40875B.e.12457"},"setValue",["5/21/25"]]}
RESULT: {"script":"<script> [6424 bytes]","args":[{"element-6066-11e4-a52e-4f735466cecf":"f.CF3EA173C6DD6742E6FF2C1FCC3ADAA5.d.B920192F3A9E7958E0D78C9A3F40875B.e.12457"},"setValue",["5/21/25"]]}
COMMAND: POST /session/d3cdda6f06e006695550ea94201d0e31/element - {"using":"xpath","value":"//input[@id=\"generalSectionFrg--receiveYard-inner\"]"}
RESULT: {"using":"xpath","value":"//input[@id=\"generalSectionFrg--receiveYard-inner\"]"}
COMMAND: POST /session/d3cdda6f06e006695550ea94201d0e31/element/f.CF3EA173C6DD6742E6FF2C1FCC3ADAA5.d.B920192F3A9E7958E0D78C9A3F40875B.e.12461/clear - {}
RESULT: {}
COMMAND: POST /session/d3cdda6f06e006695550ea94201d0e31/element/f.CF3EA173C6DD6742E6FF2C1FCC3ADAA5.d.B920192F3A9E7958E0D78C9A3F40875B.e.12461/value - {"text":"621"}
COMMAND: GET /session/d3cdda6f06e006695550ea94201d0e31/screenshot - {}
RESULT: {"text":"621"}
COMMAND: GET /session/d3cdda6f06e006695550ea94201d0e31/screenshot - {}
RESULT: {}
RESULT: {}
COMMAND: POST /session/d3cdda6f06e006695550ea94201d0e31/element - {"using":"xpath","value":"//li[.//span[text()='621']]"}
RESULT: {"using":"xpath","value":"//li[.//span[text()='621']]"}
COMMAND: POST /session/d3cdda6f06e006695550ea94201d0e31/element/f.CF3EA173C6DD6742E6FF2C1FCC3ADAA5.d.B920192F3A9E7958E0D78C9A3F40875B.e.12478/click - {}
RESULT: {}
COMMAND: GET /session/d3cdda6f06e006695550ea94201d0e31/screenshot - {}
RESULT: {}
COMMAND: POST /session/d3cdda6f06e006695550ea94201d0e31/execute/async - {"script":"<script> [1562 bytes]","args":[{"selector":{"id":"application-managehandovers-display-component---AddNewHO--ObjectPageLayout-anchBar-application-managehandovers-display-component---AddNewHO--section4-anchor","interaction":{"idSuffix":"BDI-content"}},"wdio_ui5_key":"applicationmanagehandovers-display-component---AddNewHO--ObjectPageLayout-anchBar-application-managehandovers-display-component---AddNewHO--section4-anchor"}]}
RESULT: {"script":"<script> [1562 bytes]","args":[{"selector":{"id":"application-managehandovers-display-component---AddNewHO--ObjectPageLayout-anchBar-application-managehandovers-display-component---AddNewHO--section4-anchor","interaction":{"idSuffix":"BDI-content"}},"wdio_ui5_key":"applicationmanagehandovers-display-component---AddNewHO--ObjectPageLayout-anchBar-application-managehandovers-display-component---AddNewHO--section4-anchor"}]}
RESULT: undefined
COMMAND: POST /session/d3cdda6f06e006695550ea94201d0e31/element - {"using":"xpath","value":"//*[@id=\"application-managehandovers-display-component---AddNewHO--ObjectPageLayout-anchBar-application-managehandovers-display-component---AddNewHO--section4-anchor\"]"}
RESULT: {"using":"xpath","value":"//*[@id=\"application-managehandovers-display-component---AddNewHO--ObjectPageLayout-anchBar-application-managehandovers-display-component---AddNewHO--section4-anchor\"]"}
COMMAND: POST /session/d3cdda6f06e006695550ea94201d0e31/element/f.CF3EA173C6DD6742E6FF2C1FCC3ADAA5.d.B920192F3A9E7958E0D78C9A3F40875B.e.12480/click - {}
RESULT: {}
COMMAND: POST /session/d3cdda6f06e006695550ea94201d0e31/element - {"using":"xpath","value":"//button[@aria-label=\"Add\"]"}
COMMAND: GET /session/d3cdda6f06e006695550ea94201d0e31/screenshot - {}
RESULT: {"using":"xpath","value":"//button[@aria-label=\"Add\"]"}
COMMAND: POST /session/d3cdda6f06e006695550ea94201d0e31/element/f.CF3EA173C6DD6742E6FF2C1FCC3ADAA5.d.B920192F3A9E7958E0D78C9A3F40875B.e.12482/click - {}
RESULT: {}
RESULT: {}
COMMAND: GET /session/d3cdda6f06e006695550ea94201d0e31/screenshot - {}
RESULT: {}
COMMAND: POST /session/d3cdda6f06e006695550ea94201d0e31/execute/async - {"script":"<script> [1562 bytes]","args":[{"selector":{"id":"application-managehandovers-display-component---AddNewHO--smartFilterBar-btnBasicSearch","searchOpenDialogs":true,"interaction":{"idSuffix":"I"}},"wdio_ui5_key":"applicationmanagehandovers-display-component---AddNewHO--smartFilterBar-btnBasicSearch"}]}
RESULT: {"script":"<script> [1562 bytes]","args":[{"selector":{"id":"application-managehandovers-display-component---AddNewHO--smartFilterBar-btnBasicSearch","searchOpenDialogs":true,"interaction":{"idSuffix":"I"}},"wdio_ui5_key":"applicationmanagehandovers-display-component---AddNewHO--smartFilterBar-btnBasicSearch"}]}
RESULT: undefined
COMMAND: POST /session/d3cdda6f06e006695550ea94201d0e31/execute/async - {"script":"<script> [776 bytes]","args":[{"enterText":"19vZ3HdrTe","selector":{"id":"application-managehandovers-display-component---AddNewHO--smartFilterBar-btnBasicSearch","searchOpenDialogs":true,"interaction":{"idSuffix":"I"}},"clearTextFirst":true,"interactionType":"ENTER_TEXT"}]}
RESULT: {"script":"<script> [776 bytes]","args":[{"enterText":"19vZ3HdrTe","selector":{"id":"application-managehandovers-display-component---AddNewHO--smartFilterBar-btnBasicSearch","searchOpenDialogs":true,"interaction":{"idSuffix":"I"}},"clearTextFirst":true,"interactionType":"ENTER_TEXT"}]}
COMMAND: POST /session/d3cdda6f06e006695550ea94201d0e31/actions - {"actions":[{"id":"action44","type":"key","parameters":{},"actions":[{"type":"keyDown","value":"î€‡"},{"type":"pause","duration":10},{"type":"keyUp","value":"î€‡"}]}]}
RESULT: {"actions":[{"id":"action44","type":"key","parameters":{},"actions":[{"type":"keyDown","value":"î€‡"},{"type":"pause","duration":10},{"type":"keyUp","value":"î€‡"}]}]}
COMMAND: GET /session/d3cdda6f06e006695550ea94201d0e31/screenshot - {}
RESULT: {}
COMMAND: POST /session/d3cdda6f06e006695550ea94201d0e31/execute/async - {"script":"<script> [1562 bytes]","args":[{"selector":{"id":"application-managehandovers-display-component---AddNewHO--popup-sa","searchOpenDialogs":true,"interaction":{"idSuffix":"CbBg"}},"wdio_ui5_key":"applicationmanagehandovers-display-component---AddNewHO--popup-sa"}]}
RESULT: {"script":"<script> [1562 bytes]","args":[{"selector":{"id":"application-managehandovers-display-component---AddNewHO--popup-sa","searchOpenDialogs":true,"interaction":{"idSuffix":"CbBg"}},"wdio_ui5_key":"applicationmanagehandovers-display-component---AddNewHO--popup-sa"}]}
RESULT: undefined
COMMAND: POST /session/d3cdda6f06e006695550ea94201d0e31/element - {"using":"xpath","value":"//*[@id=\"application-managehandovers-display-component---AddNewHO--popup-sa\"]"}
RESULT: {"using":"xpath","value":"//*[@id=\"application-managehandovers-display-component---AddNewHO--popup-sa\"]"}
COMMAND: POST /session/d3cdda6f06e006695550ea94201d0e31/element/f.CF3EA173C6DD6742E6FF2C1FCC3ADAA5.d.B920192F3A9E7958E0D78C9A3F40875B.e.12635/click - {}
RESULT: {}
COMMAND: GET /session/d3cdda6f06e006695550ea94201d0e31/screenshot - {}
RESULT: {}
COMMAND: POST /session/d3cdda6f06e006695550ea94201d0e31/element - {"using":"xpath","value":"//bdi[contains(text(), \"Select\")]"}
RESULT: {"using":"xpath","value":"//bdi[contains(text(), \"Select\")]"}
COMMAND: POST /session/d3cdda6f06e006695550ea94201d0e31/element/f.CF3EA173C6DD6742E6FF2C1FCC3ADAA5.d.B920192F3A9E7958E0D78C9A3F40875B.e.12636/click - {}
RESULT: {}
COMMAND: GET /session/d3cdda6f06e006695550ea94201d0e31/screenshot - {}
RESULT: {}
COMMAND: POST /session/d3cdda6f06e006695550ea94201d0e31/element - {"using":"xpath","value":"//button[@data-kt=\"AddNewHOSaveButton\"]"}
RESULT: {"using":"xpath","value":"//button[@data-kt=\"AddNewHOSaveButton\"]"}
COMMAND: POST /session/d3cdda6f06e006695550ea94201d0e31/element/f.CF3EA173C6DD6742E6FF2C1FCC3ADAA5.d.B920192F3A9E7958E0D78C9A3F40875B.e.12640/click - {}
RESULT: {}
COMMAND: GET /session/d3cdda6f06e006695550ea94201d0e31/screenshot - {}
RESULT: {}
COMMAND: POST /session/d3cdda6f06e006695550ea94201d0e31/execute/async - {"script":"<script> [1562 bytes]","args":[{"selector":{"id":"receiptDatePicker","viewName":"etm.portal.ui.managehandovers.view.DetailExecuteHO","interaction":{"idSuffix":"inner"}},"wdio_ui5_key":"receiptDatePickeretmportal.ui.managehandovers.view.DetailExecuteHO"}]}
RESULT: {"script":"<script> [1562 bytes]","args":[{"selector":{"id":"receiptDatePicker","viewName":"etm.portal.ui.managehandovers.view.DetailExecuteHO","interaction":{"idSuffix":"inner"}},"wdio_ui5_key":"receiptDatePickeretmportal.ui.managehandovers.view.DetailExecuteHO"}]}
RESULT: undefined
COMMAND: POST /session/d3cdda6f06e006695550ea94201d0e31/execute/async - {"script":"<script> [6424 bytes]","args":[{"element-6066-11e4-a52e-4f735466cecf":"f.CF3EA173C6DD6742E6FF2C1FCC3ADAA5.d.B920192F3A9E7958E0D78C9A3F40875B.e.12660"},"setValue",["5/21/25"]]}
RESULT: {"script":"<script> [6424 bytes]","args":[{"element-6066-11e4-a52e-4f735466cecf":"f.CF3EA173C6DD6742E6FF2C1FCC3ADAA5.d.B920192F3A9E7958E0D78C9A3F40875B.e.12660"},"setValue",["5/21/25"]]}
COMMAND: POST /session/d3cdda6f06e006695550ea94201d0e31/element - {"using":"xpath","value":"//button[@data-kt=\"PickingTableConfirmAllButton\"]"}
RESULT: {"using":"xpath","value":"//button[@data-kt=\"PickingTableConfirmAllButton\"]"}
COMMAND: POST /session/d3cdda6f06e006695550ea94201d0e31/element/f.CF3EA173C6DD6742E6FF2C1FCC3ADAA5.d.B920192F3A9E7958E0D78C9A3F40875B.e.12675/click - {}
RESULT: {}
COMMAND: GET /session/d3cdda6f06e006695550ea94201d0e31/screenshot - {}
RESULT: {}
COMMAND: POST /session/d3cdda6f06e006695550ea94201d0e31/element - {"using":"xpath","value":"//bdi[contains(text(), \"OK\")]"}
RESULT: {"using":"xpath","value":"//bdi[contains(text(), \"OK\")]"}
COMMAND: POST /session/d3cdda6f06e006695550ea94201d0e31/element/f.CF3EA173C6DD6742E6FF2C1FCC3ADAA5.d.B920192F3A9E7958E0D78C9A3F40875B.e.12677/click - {}
RESULT: {}
COMMAND: GET /session/d3cdda6f06e006695550ea94201d0e31/screenshot - {}
RESULT: {}
COMMAND: POST /session/d3cdda6f06e006695550ea94201d0e31/element - {"using":"xpath","value":"(//bdi[contains(text(), \"Receive\")])[2]"}
RESULT: {"using":"xpath","value":"(//bdi[contains(text(), \"Receive\")])[2]"}
COMMAND: POST /session/d3cdda6f06e006695550ea94201d0e31/element/f.CF3EA173C6DD6742E6FF2C1FCC3ADAA5.d.B920192F3A9E7958E0D78C9A3F40875B.e.12679/click - {}
RESULT: {}
COMMAND: GET /session/d3cdda6f06e006695550ea94201d0e31/screenshot - {}
RESULT: {}
COMMAND: POST /session/d3cdda6f06e006695550ea94201d0e31/element - {"using":"css selector","value":"#shell-header-logo"}
RESULT: {"using":"css selector","value":"#shell-header-logo"}
COMMAND: POST /session/d3cdda6f06e006695550ea94201d0e31/element/f.CF3EA173C6DD6742E6FF2C1FCC3ADAA5.d.B920192F3A9E7958E0D78C9A3F40875B.e.12058/click - {}
RESULT: {}
COMMAND: GET /session/d3cdda6f06e006695550ea94201d0e31/screenshot - {}
RESULT: {}
]]></system-out>
    </testcase>
    <testcase classname="chrome.136_0_7103_93.windows.Create_master_data_for_mixed_billing_&amp;_do_billing_calculation_US151661" name="Should create a new contract" time="58.26">
      <system-out><![CDATA[
COMMAND: POST /session/d3cdda6f06e006695550ea94201d0e31/execute/async - {"script":"<script> [1562 bytes]","args":[{"selector":{"controlType":"sap.m.GenericTile","properties":{"header":"Manage Contracts"}},"wdio_ui5_key":"sapm.GenericTile{\"header\":\"Manage Contracts\"}"}]}
RESULT: {"script":"<script> [1562 bytes]","args":[{"selector":{"controlType":"sap.m.GenericTile","properties":{"header":"Manage Contracts"}},"wdio_ui5_key":"sapm.GenericTile{\"header\":\"Manage Contracts\"}"}]}
RESULT: undefined
COMMAND: POST /session/d3cdda6f06e006695550ea94201d0e31/element - {"using":"xpath","value":"//*[@id=\"__tile130\"]"}
RESULT: {"using":"xpath","value":"//*[@id=\"__tile130\"]"}
COMMAND: POST /session/d3cdda6f06e006695550ea94201d0e31/element/f.CF3EA173C6DD6742E6FF2C1FCC3ADAA5.d.B920192F3A9E7958E0D78C9A3F40875B.e.6242/click - {}
RESULT: {}
COMMAND: GET /session/d3cdda6f06e006695550ea94201d0e31/screenshot - {}
RESULT: {}
COMMAND: POST /session/d3cdda6f06e006695550ea94201d0e31/elements - {"using":"xpath","value":"//span[text()='Error']"}
RESULT: {"using":"xpath","value":"//span[text()='Error']"}
COMMAND: POST /session/d3cdda6f06e006695550ea94201d0e31/element - {"using":"xpath","value":"//button[@data-kt=\"addButton\"]"}
RESULT: {"using":"xpath","value":"//button[@data-kt=\"addButton\"]"}
COMMAND: POST /session/d3cdda6f06e006695550ea94201d0e31/elements - {"using":"xpath","value":"//button[@data-kt=\"addButton\"]"}
RESULT: {"using":"xpath","value":"//button[@data-kt=\"addButton\"]"}
COMMAND: POST /session/d3cdda6f06e006695550ea94201d0e31/execute/sync - {"script":"<script> [8489 bytes]","args":[{"element-6066-11e4-a52e-4f735466cecf":"f.CF3EA173C6DD6742E6FF2C1FCC3ADAA5.d.B920192F3A9E7958E0D78C9A3F40875B.e.12894","ELEMENT":"f.CF3EA173C6DD6742E6FF2C1FCC3ADAA5.d.B920192F3A9E7958E0D78C9A3F40875B.e.12894"}]}
RESULT: {"script":"<script> [8489 bytes]","args":[{"element-6066-11e4-a52e-4f735466cecf":"f.CF3EA173C6DD6742E6FF2C1FCC3ADAA5.d.B920192F3A9E7958E0D78C9A3F40875B.e.12894","ELEMENT":"f.CF3EA173C6DD6742E6FF2C1FCC3ADAA5.d.B920192F3A9E7958E0D78C9A3F40875B.e.12894"}]}
COMMAND: GET /session/d3cdda6f06e006695550ea94201d0e31/element/f.CF3EA173C6DD6742E6FF2C1FCC3ADAA5.d.B920192F3A9E7958E0D78C9A3F40875B.e.12894/enabled - {}
COMMAND: GET /session/d3cdda6f06e006695550ea94201d0e31/screenshot - {}
RESULT: {}
COMMAND: POST /session/d3cdda6f06e006695550ea94201d0e31/execute/sync - {"script":"<script> [8489 bytes]","args":[{"element-6066-11e4-a52e-4f735466cecf":"f.CF3EA173C6DD6742E6FF2C1FCC3ADAA5.d.B920192F3A9E7958E0D78C9A3F40875B.e.12894","ELEMENT":"f.CF3EA173C6DD6742E6FF2C1FCC3ADAA5.d.B920192F3A9E7958E0D78C9A3F40875B.e.12894"}]}
COMMAND: GET /session/d3cdda6f06e006695550ea94201d0e31/screenshot - {}
RESULT: {}
RESULT: {"script":"<script> [8489 bytes]","args":[{"element-6066-11e4-a52e-4f735466cecf":"f.CF3EA173C6DD6742E6FF2C1FCC3ADAA5.d.B920192F3A9E7958E0D78C9A3F40875B.e.12894","ELEMENT":"f.CF3EA173C6DD6742E6FF2C1FCC3ADAA5.d.B920192F3A9E7958E0D78C9A3F40875B.e.12894"}]}
COMMAND: POST /session/d3cdda6f06e006695550ea94201d0e31/execute/sync - {"script":"<script> [5351 bytes]","args":[{"element-6066-11e4-a52e-4f735466cecf":"f.CF3EA173C6DD6742E6FF2C1FCC3ADAA5.d.B920192F3A9E7958E0D78C9A3F40875B.e.12894","ELEMENT":"f.CF3EA173C6DD6742E6FF2C1FCC3ADAA5.d.B920192F3A9E7958E0D78C9A3F40875B.e.12894"}]}
COMMAND: GET /session/d3cdda6f06e006695550ea94201d0e31/screenshot - {}
RESULT: {}
RESULT: {"script":"<script> [5351 bytes]","args":[{"element-6066-11e4-a52e-4f735466cecf":"f.CF3EA173C6DD6742E6FF2C1FCC3ADAA5.d.B920192F3A9E7958E0D78C9A3F40875B.e.12894","ELEMENT":"f.CF3EA173C6DD6742E6FF2C1FCC3ADAA5.d.B920192F3A9E7958E0D78C9A3F40875B.e.12894"}]}
COMMAND: GET /session/d3cdda6f06e006695550ea94201d0e31/screenshot - {}
RESULT: {}
RESULT: {}
COMMAND: POST /session/d3cdda6f06e006695550ea94201d0e31/element/f.CF3EA173C6DD6742E6FF2C1FCC3ADAA5.d.B920192F3A9E7958E0D78C9A3F40875B.e.12894/click - {}
RESULT: {}
COMMAND: GET /session/d3cdda6f06e006695550ea94201d0e31/screenshot - {}
COMMAND: POST /session/d3cdda6f06e006695550ea94201d0e31/execute/async - {"script":"<script> [1562 bytes]","args":[{"selector":{"id":"application-managecontracts-display-component---AddNewContract--projectDescription","interaction":{"idSuffix":"inner"}},"wdio_ui5_key":"applicationmanagecontracts-display-component---AddNewContract--projectDescription"}]}
RESULT: {}
RESULT: {"script":"<script> [1562 bytes]","args":[{"selector":{"id":"application-managecontracts-display-component---AddNewContract--projectDescription","interaction":{"idSuffix":"inner"}},"wdio_ui5_key":"applicationmanagecontracts-display-component---AddNewContract--projectDescription"}]}
RESULT: undefined
COMMAND: POST /session/d3cdda6f06e006695550ea94201d0e31/execute/async - {"script":"<script> [776 bytes]","args":[{"enterText":"Mixed Contract WDIO","selector":{"id":"application-managecontracts-display-component---AddNewContract--projectDescription","interaction":{"idSuffix":"inner"}},"clearTextFirst":true,"interactionType":"ENTER_TEXT"}]}
RESULT: {"script":"<script> [776 bytes]","args":[{"enterText":"Mixed Contract WDIO","selector":{"id":"application-managecontracts-display-component---AddNewContract--projectDescription","interaction":{"idSuffix":"inner"}},"clearTextFirst":true,"interactionType":"ENTER_TEXT"}]}
COMMAND: POST /session/d3cdda6f06e006695550ea94201d0e31/element - {"using":"xpath","value":"//input[@id=\"application-managecontracts-display-component---AddNewContract--site-inner\"]"}
RESULT: {"using":"xpath","value":"//input[@id=\"application-managecontracts-display-component---AddNewContract--site-inner\"]"}
COMMAND: POST /session/d3cdda6f06e006695550ea94201d0e31/element/f.CF3EA173C6DD6742E6FF2C1FCC3ADAA5.d.B920192F3A9E7958E0D78C9A3F40875B.e.13255/clear - {}
RESULT: {}
COMMAND: POST /session/d3cdda6f06e006695550ea94201d0e31/element/f.CF3EA173C6DD6742E6FF2C1FCC3ADAA5.d.B920192F3A9E7958E0D78C9A3F40875B.e.13255/value - {"text":"2325"}
COMMAND: GET /session/d3cdda6f06e006695550ea94201d0e31/screenshot - {}
RESULT: {"text":"2325"}
COMMAND: GET /session/d3cdda6f06e006695550ea94201d0e31/screenshot - {}
RESULT: {}
RESULT: {}
COMMAND: POST /session/d3cdda6f06e006695550ea94201d0e31/element - {"using":"xpath","value":"//li[.//span[text()='2325']]"}
RESULT: {"using":"xpath","value":"//li[.//span[text()='2325']]"}
COMMAND: POST /session/d3cdda6f06e006695550ea94201d0e31/element/f.CF3EA173C6DD6742E6FF2C1FCC3ADAA5.d.B920192F3A9E7958E0D78C9A3F40875B.e.13285/click - {}
RESULT: {}
COMMAND: GET /session/d3cdda6f06e006695550ea94201d0e31/screenshot - {}
RESULT: {}
COMMAND: POST /session/d3cdda6f06e006695550ea94201d0e31/element - {"using":"xpath","value":"//input[@id=\"application-managecontracts-display-component---AddNewContract--yardId-inner\"]"}
RESULT: {"using":"xpath","value":"//input[@id=\"application-managecontracts-display-component---AddNewContract--yardId-inner\"]"}
COMMAND: GET /session/d3cdda6f06e006695550ea94201d0e31/element/f.CF3EA173C6DD6742E6FF2C1FCC3ADAA5.d.B920192F3A9E7958E0D78C9A3F40875B.e.13256/property/value - {}
RESULT: {}
COMMAND: POST /session/d3cdda6f06e006695550ea94201d0e31/element - {"using":"xpath","value":"//input[@id=\"application-managecontracts-display-component---AddNewContract--customerSelect-inner\"]"}
COMMAND: GET /session/d3cdda6f06e006695550ea94201d0e31/screenshot - {}
RESULT: {"using":"xpath","value":"//input[@id=\"application-managecontracts-display-component---AddNewContract--customerSelect-inner\"]"}
COMMAND: POST /session/d3cdda6f06e006695550ea94201d0e31/element/f.CF3EA173C6DD6742E6FF2C1FCC3ADAA5.d.B920192F3A9E7958E0D78C9A3F40875B.e.13254/clear - {}
RESULT: {}
RESULT: {}
COMMAND: POST /session/d3cdda6f06e006695550ea94201d0e31/element/f.CF3EA173C6DD6742E6FF2C1FCC3ADAA5.d.B920192F3A9E7958E0D78C9A3F40875B.e.13254/value - {"text":"1391"}
COMMAND: GET /session/d3cdda6f06e006695550ea94201d0e31/screenshot - {}
RESULT: {"text":"1391"}
COMMAND: GET /session/d3cdda6f06e006695550ea94201d0e31/screenshot - {}
RESULT: {}
RESULT: {}
COMMAND: POST /session/d3cdda6f06e006695550ea94201d0e31/element - {"using":"xpath","value":"//li[.//span[text()='1391']]"}
RESULT: {"using":"xpath","value":"//li[.//span[text()='1391']]"}
COMMAND: POST /session/d3cdda6f06e006695550ea94201d0e31/element/f.CF3EA173C6DD6742E6FF2C1FCC3ADAA5.d.B920192F3A9E7958E0D78C9A3F40875B.e.13288/click - {}
RESULT: {}
COMMAND: GET /session/d3cdda6f06e006695550ea94201d0e31/screenshot - {}
RESULT: {}
COMMAND: POST /session/d3cdda6f06e006695550ea94201d0e31/element - {"using":"xpath","value":"//button[@data-kt=\"saveButton\"]"}
RESULT: {"using":"xpath","value":"//button[@data-kt=\"saveButton\"]"}
COMMAND: POST /session/d3cdda6f06e006695550ea94201d0e31/element/f.CF3EA173C6DD6742E6FF2C1FCC3ADAA5.d.B920192F3A9E7958E0D78C9A3F40875B.e.13289/click - {}
RESULT: {}
COMMAND: GET /session/d3cdda6f06e006695550ea94201d0e31/screenshot - {}
RESULT: {}
COMMAND: POST /session/d3cdda6f06e006695550ea94201d0e31/element - {"using":"xpath","value":"//span[contains(@id ,\"contractDetailTitleNoExpanded\")]"}
RESULT: {"using":"xpath","value":"//span[contains(@id ,\"contractDetailTitleNoExpanded\")]"}
COMMAND: POST /session/d3cdda6f06e006695550ea94201d0e31/elements - {"using":"xpath","value":"//span[contains(@id ,\"contractDetailTitleNoExpanded\")]"}
RESULT: {"using":"xpath","value":"//span[contains(@id ,\"contractDetailTitleNoExpanded\")]"}
COMMAND: POST /session/d3cdda6f06e006695550ea94201d0e31/execute/sync - {"script":"<script> [56 bytes]","args":[{"element-6066-11e4-a52e-4f735466cecf":"f.CF3EA173C6DD6742E6FF2C1FCC3ADAA5.d.B920192F3A9E7958E0D78C9A3F40875B.e.13362","ELEMENT":"f.CF3EA173C6DD6742E6FF2C1FCC3ADAA5.d.B920192F3A9E7958E0D78C9A3F40875B.e.13362"}]}
RESULT: {"script":"<script> [56 bytes]","args":[{"element-6066-11e4-a52e-4f735466cecf":"f.CF3EA173C6DD6742E6FF2C1FCC3ADAA5.d.B920192F3A9E7958E0D78C9A3F40875B.e.13362","ELEMENT":"f.CF3EA173C6DD6742E6FF2C1FCC3ADAA5.d.B920192F3A9E7958E0D78C9A3F40875B.e.13362"}]}
COMMAND: GET /session/d3cdda6f06e006695550ea94201d0e31/screenshot - {}
RESULT: {}
]]></system-out>
    </testcase>
    <testcase classname="chrome.136_0_7103_93.windows.Create_master_data_for_mixed_billing_&amp;_do_billing_calculation_US151661" name="Should add equipment to the contract" time="46.362">
      <system-out><![CDATA[
COMMAND: POST /session/d3cdda6f06e006695550ea94201d0e31/element - {"using":"xpath","value":"//button[@data-kt=\"contractDetailEditBtnButton\"]"}
RESULT: {"using":"xpath","value":"//button[@data-kt=\"contractDetailEditBtnButton\"]"}
COMMAND: POST /session/d3cdda6f06e006695550ea94201d0e31/element/f.CF3EA173C6DD6742E6FF2C1FCC3ADAA5.d.B920192F3A9E7958E0D78C9A3F40875B.e.13364/click - {}
RESULT: {}
COMMAND: GET /session/d3cdda6f06e006695550ea94201d0e31/screenshot - {}
RESULT: {}
COMMAND: POST /session/d3cdda6f06e006695550ea94201d0e31/element - {"using":"xpath","value":"(//span[contains(text(), \"Additional Addresses\")])[2]"}
RESULT: {"using":"xpath","value":"(//span[contains(text(), \"Additional Addresses\")])[2]"}
COMMAND: POST /session/d3cdda6f06e006695550ea94201d0e31/element/f.CF3EA173C6DD6742E6FF2C1FCC3ADAA5.d.B920192F3A9E7958E0D78C9A3F40875B.e.13424/click - {}
RESULT: {}
COMMAND: GET /session/d3cdda6f06e006695550ea94201d0e31/screenshot - {}
RESULT: {}
COMMAND: POST /session/d3cdda6f06e006695550ea94201d0e31/element - {"using":"xpath","value":"//button[@data-kt=\"btnAddTableRowOverflowToolbarButton\"]"}
RESULT: {"using":"xpath","value":"//button[@data-kt=\"btnAddTableRowOverflowToolbarButton\"]"}
COMMAND: POST /session/d3cdda6f06e006695550ea94201d0e31/element/f.CF3EA173C6DD6742E6FF2C1FCC3ADAA5.d.B920192F3A9E7958E0D78C9A3F40875B.e.13428/click - {}
RESULT: {}
COMMAND: GET /session/d3cdda6f06e006695550ea94201d0e31/screenshot - {}
RESULT: {}
COMMAND: POST /session/d3cdda6f06e006695550ea94201d0e31/element - {"using":"xpath","value":"//div[(text() = 'Standard Entry' or . = 'Standard Entry')]"}
RESULT: {"using":"xpath","value":"//div[(text() = 'Standard Entry' or . = 'Standard Entry')]"}
COMMAND: POST /session/d3cdda6f06e006695550ea94201d0e31/element/f.CF3EA173C6DD6742E6FF2C1FCC3ADAA5.d.B920192F3A9E7958E0D78C9A3F40875B.e.13430/click - {}
RESULT: {}
COMMAND: GET /session/d3cdda6f06e006695550ea94201d0e31/screenshot - {}
RESULT: {}
COMMAND: POST /session/d3cdda6f06e006695550ea94201d0e31/element - {"using":"xpath","value":"//td[7]/div/div/input"}
RESULT: {"using":"xpath","value":"//td[7]/div/div/input"}
COMMAND: POST /session/d3cdda6f06e006695550ea94201d0e31/element/f.CF3EA173C6DD6742E6FF2C1FCC3ADAA5.d.B920192F3A9E7958E0D78C9A3F40875B.e.13439/clear - {}
RESULT: {}
COMMAND: POST /session/d3cdda6f06e006695550ea94201d0e31/element/f.CF3EA173C6DD6742E6FF2C1FCC3ADAA5.d.B920192F3A9E7958E0D78C9A3F40875B.e.13439/value - {"text":"19vZ3HdrTe"}
COMMAND: GET /session/d3cdda6f06e006695550ea94201d0e31/screenshot - {}
RESULT: {"text":"19vZ3HdrTe"}
COMMAND: GET /session/d3cdda6f06e006695550ea94201d0e31/screenshot - {}
RESULT: {}
RESULT: {}
COMMAND: POST /session/d3cdda6f06e006695550ea94201d0e31/actions - {"actions":[{"id":"action45","type":"key","parameters":{},"actions":[{"type":"keyDown","value":"î€‡"},{"type":"pause","duration":10},{"type":"keyUp","value":"î€‡"}]}]}
RESULT: {"actions":[{"id":"action45","type":"key","parameters":{},"actions":[{"type":"keyDown","value":"î€‡"},{"type":"pause","duration":10},{"type":"keyUp","value":"î€‡"}]}]}
COMMAND: GET /session/d3cdda6f06e006695550ea94201d0e31/screenshot - {}
RESULT: {}
COMMAND: POST /session/d3cdda6f06e006695550ea94201d0e31/execute/sync - {"script":"<script> [276 bytes]","args":["No pricing information was found"]}
RESULT: {"script":"<script> [276 bytes]","args":["No pricing information was found"]}
COMMAND: POST /session/d3cdda6f06e006695550ea94201d0e31/element - {"using":"xpath","value":"(//button[@data-kt=\"saveButton\"])[2]"}
COMMAND: GET /session/d3cdda6f06e006695550ea94201d0e31/screenshot - {}
RESULT: {"using":"xpath","value":"(//button[@data-kt=\"saveButton\"])[2]"}
COMMAND: POST /session/d3cdda6f06e006695550ea94201d0e31/element/f.CF3EA173C6DD6742E6FF2C1FCC3ADAA5.d.B920192F3A9E7958E0D78C9A3F40875B.e.13454/click - {}
RESULT: {}
RESULT: {}
COMMAND: GET /session/d3cdda6f06e006695550ea94201d0e31/screenshot - {}
RESULT: {}
COMMAND: POST /session/d3cdda6f06e006695550ea94201d0e31/execute/sync - {"script":"<script> [276 bytes]","args":["Some contract items are having rental validity exceeding header rental validity"]}
RESULT: {"script":"<script> [276 bytes]","args":["Some contract items are having rental validity exceeding header rental validity"]}
COMMAND: GET /session/d3cdda6f06e006695550ea94201d0e31/screenshot - {}
RESULT: {}
COMMAND: POST /session/d3cdda6f06e006695550ea94201d0e31/element - {"using":"xpath","value":"//span[contains(@id ,\"contractItemsSmartTable-header-inner\")]"}
RESULT: {"using":"xpath","value":"//span[contains(@id ,\"contractItemsSmartTable-header-inner\")]"}
COMMAND: POST /session/d3cdda6f06e006695550ea94201d0e31/elements - {"using":"xpath","value":"//span[contains(@id ,\"contractItemsSmartTable-header-inner\")]"}
RESULT: {"using":"xpath","value":"//span[contains(@id ,\"contractItemsSmartTable-header-inner\")]"}
COMMAND: POST /session/d3cdda6f06e006695550ea94201d0e31/execute/sync - {"script":"<script> [56 bytes]","args":[{"element-6066-11e4-a52e-4f735466cecf":"f.CF3EA173C6DD6742E6FF2C1FCC3ADAA5.d.B920192F3A9E7958E0D78C9A3F40875B.e.13461","ELEMENT":"f.CF3EA173C6DD6742E6FF2C1FCC3ADAA5.d.B920192F3A9E7958E0D78C9A3F40875B.e.13461"}]}
RESULT: {"script":"<script> [56 bytes]","args":[{"element-6066-11e4-a52e-4f735466cecf":"f.CF3EA173C6DD6742E6FF2C1FCC3ADAA5.d.B920192F3A9E7958E0D78C9A3F40875B.e.13461","ELEMENT":"f.CF3EA173C6DD6742E6FF2C1FCC3ADAA5.d.B920192F3A9E7958E0D78C9A3F40875B.e.13461"}]}
]]></system-out>
    </testcase>
    <testcase classname="chrome.136_0_7103_93.windows.Create_master_data_for_mixed_billing_&amp;_do_billing_calculation_US151661" name="Should do a provide to site handover" time="61.381">
      <system-out><![CDATA[
COMMAND: GET /session/d3cdda6f06e006695550ea94201d0e31/screenshot - {}
COMMAND: POST /session/d3cdda6f06e006695550ea94201d0e31/element - {"using":"xpath","value":"//button[@data-kt=\"provideButton\"]"}
RESULT: {}
RESULT: {"using":"xpath","value":"//button[@data-kt=\"provideButton\"]"}
COMMAND: POST /session/d3cdda6f06e006695550ea94201d0e31/element/f.CF3EA173C6DD6742E6FF2C1FCC3ADAA5.d.B920192F3A9E7958E0D78C9A3F40875B.e.13462/click - {}
RESULT: {}
COMMAND: GET /session/d3cdda6f06e006695550ea94201d0e31/screenshot - {}
RESULT: undefined
COMMAND: POST /session/d3cdda6f06e006695550ea94201d0e31/execute/async - {"script":"<script> [6424 bytes]","args":[{"element-6066-11e4-a52e-4f735466cecf":"f.CF3EA173C6DD6742E6FF2C1FCC3ADAA5.d.B920192F3A9E7958E0D78C9A3F40875B.e.12457"},"setValue",["5/21/25"]]}
RESULT: {}
COMMAND: POST /session/d3cdda6f06e006695550ea94201d0e31/execute/async - {"script":"<script> [1562 bytes]","args":[{"selector":{"id":"application-managehandovers-display-component---AddNewHO--dueDate","interaction":{"idSuffix":"inner"}},"wdio_ui5_key":"applicationmanagehandovers-display-component---AddNewHO--dueDate"}]}
RESULT: {"script":"<script> [1562 bytes]","args":[{"selector":{"id":"application-managehandovers-display-component---AddNewHO--dueDate","interaction":{"idSuffix":"inner"}},"wdio_ui5_key":"applicationmanagehandovers-display-component---AddNewHO--dueDate"}]}
COMMAND: POST /session/d3cdda6f06e006695550ea94201d0e31/execute/async - {"script":"<script> [6424 bytes]","args":[{"element-6066-11e4-a52e-4f735466cecf":"f.CF3EA173C6DD6742E6FF2C1FCC3ADAA5.d.B920192F3A9E7958E0D78C9A3F40875B.e.13538"},"setValue",["5/21/25"]]}
RESULT: {"script":"<script> [6424 bytes]","args":[{"element-6066-11e4-a52e-4f735466cecf":"f.CF3EA173C6DD6742E6FF2C1FCC3ADAA5.d.B920192F3A9E7958E0D78C9A3F40875B.e.13538"},"setValue",["5/21/25"]]}
COMMAND: POST /session/d3cdda6f06e006695550ea94201d0e31/element - {"using":"xpath","value":"//bdi[contains(text(), \"Instructions\")]"}
RESULT: {"using":"xpath","value":"//bdi[contains(text(), \"Instructions\")]"}
COMMAND: POST /session/d3cdda6f06e006695550ea94201d0e31/element/f.CF3EA173C6DD6742E6FF2C1FCC3ADAA5.d.B920192F3A9E7958E0D78C9A3F40875B.e.13770/click - {}
RESULT: {}
COMMAND: GET /session/d3cdda6f06e006695550ea94201d0e31/screenshot - {}
RESULT: {}
COMMAND: POST /session/d3cdda6f06e006695550ea94201d0e31/element - {"using":"xpath","value":"//button[@data-kt=\"AddNewHOProvideAddItemsButton\"]"}
RESULT: {"using":"xpath","value":"//button[@data-kt=\"AddNewHOProvideAddItemsButton\"]"}
COMMAND: POST /session/d3cdda6f06e006695550ea94201d0e31/element/f.CF3EA173C6DD6742E6FF2C1FCC3ADAA5.d.B920192F3A9E7958E0D78C9A3F40875B.e.13775/click - {}
RESULT: {}
COMMAND: GET /session/d3cdda6f06e006695550ea94201d0e31/screenshot - {}
RESULT: {}
RESULT: undefined
COMMAND: POST /session/d3cdda6f06e006695550ea94201d0e31/element - {"using":"xpath","value":"//*[@id=\"application-managehandovers-display-component---AddNewHO--popup-sa\"]"}
RESULT: {"using":"xpath","value":"//*[@id=\"application-managehandovers-display-component---AddNewHO--popup-sa\"]"}
COMMAND: POST /session/d3cdda6f06e006695550ea94201d0e31/element/f.CF3EA173C6DD6742E6FF2C1FCC3ADAA5.d.B920192F3A9E7958E0D78C9A3F40875B.e.13784/click - {}
RESULT: {}
COMMAND: GET /session/d3cdda6f06e006695550ea94201d0e31/screenshot - {}
RESULT: {}
COMMAND: POST /session/d3cdda6f06e006695550ea94201d0e31/element - {"using":"xpath","value":"//*[contains(@id ,\"BDI-content\")][contains(text(), \"Select\")]"}
RESULT: {"using":"xpath","value":"//*[contains(@id ,\"BDI-content\")][contains(text(), \"Select\")]"}
COMMAND: POST /session/d3cdda6f06e006695550ea94201d0e31/element/f.CF3EA173C6DD6742E6FF2C1FCC3ADAA5.d.B920192F3A9E7958E0D78C9A3F40875B.e.13786/click - {}
RESULT: {}
COMMAND: GET /session/d3cdda6f06e006695550ea94201d0e31/screenshot - {}
RESULT: {}
COMMAND: POST /session/d3cdda6f06e006695550ea94201d0e31/execute/async - {"script":"<script> [1562 bytes]","args":[{"selector":{"id":"application-managehandovers-display-component---AddNewHO--confirmCreationButton","interaction":{"idSuffix":"BDI-content"}},"wdio_ui5_key":"applicationmanagehandovers-display-component---AddNewHO--confirmCreationButton"}]}
RESULT: {"script":"<script> [1562 bytes]","args":[{"selector":{"id":"application-managehandovers-display-component---AddNewHO--confirmCreationButton","interaction":{"idSuffix":"BDI-content"}},"wdio_ui5_key":"applicationmanagehandovers-display-component---AddNewHO--confirmCreationButton"}]}
RESULT: undefined
COMMAND: POST /session/d3cdda6f06e006695550ea94201d0e31/element - {"using":"xpath","value":"//*[@id=\"application-managehandovers-display-component---AddNewHO--confirmCreationButton\"]"}
RESULT: {"using":"xpath","value":"//*[@id=\"application-managehandovers-display-component---AddNewHO--confirmCreationButton\"]"}
COMMAND: POST /session/d3cdda6f06e006695550ea94201d0e31/element/f.CF3EA173C6DD6742E6FF2C1FCC3ADAA5.d.B920192F3A9E7958E0D78C9A3F40875B.e.13583/click - {}
RESULT: {}
COMMAND: GET /session/d3cdda6f06e006695550ea94201d0e31/screenshot - {}
RESULT: {}
COMMAND: POST /session/d3cdda6f06e006695550ea94201d0e31/execute/async - {"script":"<script> [1562 bytes]","args":[{"selector":{"id":"issueDatePicker","viewName":"etm.portal.ui.managehandovers.view.DetailExecuteHO","interaction":{"idSuffix":"inner"}},"wdio_ui5_key":"issueDatePickeretmportal.ui.managehandovers.view.DetailExecuteHO"}]}
RESULT: {"script":"<script> [1562 bytes]","args":[{"selector":{"id":"issueDatePicker","viewName":"etm.portal.ui.managehandovers.view.DetailExecuteHO","interaction":{"idSuffix":"inner"}},"wdio_ui5_key":"issueDatePickeretmportal.ui.managehandovers.view.DetailExecuteHO"}]}
RESULT: undefined
COMMAND: POST /session/d3cdda6f06e006695550ea94201d0e31/execute/async - {"script":"<script> [776 bytes]","args":[{"enterText":"5/21/25","selector":{"id":"issueDatePicker","viewName":"etm.portal.ui.managehandovers.view.DetailExecuteHO","interaction":{"idSuffix":"inner"}},"clearTextFirst":true,"interactionType":"ENTER_TEXT"}]}
RESULT: {"script":"<script> [776 bytes]","args":[{"enterText":"5/21/25","selector":{"id":"issueDatePicker","viewName":"etm.portal.ui.managehandovers.view.DetailExecuteHO","interaction":{"idSuffix":"inner"}},"clearTextFirst":true,"interactionType":"ENTER_TEXT"}]}
COMMAND: POST /session/d3cdda6f06e006695550ea94201d0e31/element - {"using":"xpath","value":"//bdi[contains(text(), \"OK\")]"}
RESULT: {"using":"xpath","value":"//bdi[contains(text(), \"OK\")]"}
COMMAND: POST /session/d3cdda6f06e006695550ea94201d0e31/element/f.CF3EA173C6DD6742E6FF2C1FCC3ADAA5.d.B920192F3A9E7958E0D78C9A3F40875B.e.13833/click - {}
RESULT: {}
COMMAND: GET /session/d3cdda6f06e006695550ea94201d0e31/screenshot - {}
RESULT: {}
COMMAND: POST /session/d3cdda6f06e006695550ea94201d0e31/element - {"using":"xpath","value":"//button[@data-kt=\"PickingTableConfirmAllButton\"]"}
RESULT: {"using":"xpath","value":"//button[@data-kt=\"PickingTableConfirmAllButton\"]"}
COMMAND: POST /session/d3cdda6f06e006695550ea94201d0e31/element/f.CF3EA173C6DD6742E6FF2C1FCC3ADAA5.d.B920192F3A9E7958E0D78C9A3F40875B.e.13839/click - {}
RESULT: {}
COMMAND: GET /session/d3cdda6f06e006695550ea94201d0e31/screenshot - {}
RESULT: {}
COMMAND: POST /session/d3cdda6f06e006695550ea94201d0e31/element - {"using":"xpath","value":"//bdi[contains(text(), \"OK\")]"}
RESULT: {"using":"xpath","value":"//bdi[contains(text(), \"OK\")]"}
COMMAND: POST /session/d3cdda6f06e006695550ea94201d0e31/element/f.CF3EA173C6DD6742E6FF2C1FCC3ADAA5.d.B920192F3A9E7958E0D78C9A3F40875B.e.13843/click - {}
RESULT: {}
COMMAND: GET /session/d3cdda6f06e006695550ea94201d0e31/screenshot - {}
RESULT: {}
COMMAND: POST /session/d3cdda6f06e006695550ea94201d0e31/element - {"using":"xpath","value":"//bdi[contains(text(), \"Issue\")]"}
RESULT: {"using":"xpath","value":"//bdi[contains(text(), \"Issue\")]"}
COMMAND: POST /session/d3cdda6f06e006695550ea94201d0e31/element/f.CF3EA173C6DD6742E6FF2C1FCC3ADAA5.d.B920192F3A9E7958E0D78C9A3F40875B.e.13844/click - {}
RESULT: {}
COMMAND: GET /session/d3cdda6f06e006695550ea94201d0e31/screenshot - {}
RESULT: {}
COMMAND: POST /session/d3cdda6f06e006695550ea94201d0e31/element - {"using":"css selector","value":"#shell-header-logo"}
RESULT: {"using":"css selector","value":"#shell-header-logo"}
COMMAND: POST /session/d3cdda6f06e006695550ea94201d0e31/element/f.CF3EA173C6DD6742E6FF2C1FCC3ADAA5.d.B920192F3A9E7958E0D78C9A3F40875B.e.12851/click - {}
RESULT: {}
COMMAND: GET /session/d3cdda6f06e006695550ea94201d0e31/screenshot - {}
RESULT: {}
]]></system-out>
    </testcase>
    <testcase classname="chrome.136_0_7103_93.windows.Create_master_data_for_mixed_billing_&amp;_do_billing_calculation_US151661" name="Should create a few performance documents" time="95.955">
      <system-out><![CDATA[
COMMAND: POST /session/d3cdda6f06e006695550ea94201d0e31/execute/async - {"script":"<script> [1562 bytes]","args":[{"selector":{"controlType":"sap.m.GenericTile","properties":{"header":"Manage States & Performance"}},"wdio_ui5_key":"sapm.GenericTile{\"header\":\"Manage States & Performance\"}"}]}
RESULT: {"script":"<script> [1562 bytes]","args":[{"selector":{"controlType":"sap.m.GenericTile","properties":{"header":"Manage States & Performance"}},"wdio_ui5_key":"sapm.GenericTile{\"header\":\"Manage States & Performance\"}"}]}
RESULT: undefined
COMMAND: POST /session/d3cdda6f06e006695550ea94201d0e31/element - {"using":"xpath","value":"//*[@id=\"__tile56\"]"}
RESULT: {"using":"xpath","value":"//*[@id=\"__tile56\"]"}
COMMAND: POST /session/d3cdda6f06e006695550ea94201d0e31/element/f.CF3EA173C6DD6742E6FF2C1FCC3ADAA5.d.B920192F3A9E7958E0D78C9A3F40875B.e.6335/click - {}
RESULT: {}
COMMAND: GET /session/d3cdda6f06e006695550ea94201d0e31/screenshot - {}
RESULT: {}
COMMAND: POST /session/d3cdda6f06e006695550ea94201d0e31/elements - {"using":"xpath","value":"//span[text()='Error']"}
RESULT: {"using":"xpath","value":"//span[text()='Error']"}
COMMAND: POST /session/d3cdda6f06e006695550ea94201d0e31/execute/async - {"script":"<script> [1562 bytes]","args":[{"selector":{"id":"application-managestatesandperformance-display-component---stateAndPerform--smartFilterBarResources-btnBasicSearch","interaction":{"idSuffix":"I"}},"wdio_ui5_key":"applicationmanagestatesandperformance-display-component---stateAndPerform--smartFilterBarResources-btnBasicSearch"}]}
RESULT: {"script":"<script> [1562 bytes]","args":[{"selector":{"id":"application-managestatesandperformance-display-component---stateAndPerform--smartFilterBarResources-btnBasicSearch","interaction":{"idSuffix":"I"}},"wdio_ui5_key":"applicationmanagestatesandperformance-display-component---stateAndPerform--smartFilterBarResources-btnBasicSearch"}]}
RESULT: undefined
COMMAND: POST /session/d3cdda6f06e006695550ea94201d0e31/execute/async - {"script":"<script> [776 bytes]","args":[{"enterText":"19vZ3HdrTe","selector":{"id":"application-managestatesandperformance-display-component---stateAndPerform--smartFilterBarResources-btnBasicSearch","interaction":{"idSuffix":"I"}},"clearTextFirst":true,"interactionType":"ENTER_TEXT"}]}
RESULT: {"script":"<script> [776 bytes]","args":[{"enterText":"19vZ3HdrTe","selector":{"id":"application-managestatesandperformance-display-component---stateAndPerform--smartFilterBarResources-btnBasicSearch","interaction":{"idSuffix":"I"}},"clearTextFirst":true,"interactionType":"ENTER_TEXT"}]}
COMMAND: POST /session/d3cdda6f06e006695550ea94201d0e31/actions - {"actions":[{"id":"action46","type":"key","parameters":{},"actions":[{"type":"keyDown","value":"î€‡"},{"type":"pause","duration":10},{"type":"keyUp","value":"î€‡"}]}]}
RESULT: {"actions":[{"id":"action46","type":"key","parameters":{},"actions":[{"type":"keyDown","value":"î€‡"},{"type":"pause","duration":10},{"type":"keyUp","value":"î€‡"}]}]}
COMMAND: GET /session/d3cdda6f06e006695550ea94201d0e31/screenshot - {}
RESULT: {}
COMMAND: POST /session/d3cdda6f06e006695550ea94201d0e31/execute/async - {"script":"<script> [1562 bytes]","args":[{"selector":{"id":"application-managestatesandperformance-display-component---stateAndPerform--stateAndPerformResourcesSmartTable-header"},"wdio_ui5_key":"applicationmanagestatesandperformance-display-component---stateAndPerform--stateAndPerformResourcesSmartTable-header"}]}
RESULT: {"script":"<script> [1562 bytes]","args":[{"selector":{"id":"application-managestatesandperformance-display-component---stateAndPerform--stateAndPerformResourcesSmartTable-header"},"wdio_ui5_key":"applicationmanagestatesandperformance-display-component---stateAndPerform--stateAndPerformResourcesSmartTable-header"}]}
RESULT: undefined
COMMAND: POST /session/d3cdda6f06e006695550ea94201d0e31/execute/async - {"script":"<script> [6424 bytes]","args":[{"element-6066-11e4-a52e-4f735466cecf":"f.CF3EA173C6DD6742E6FF2C1FCC3ADAA5.d.B920192F3A9E7958E0D78C9A3F40875B.e.14249"},"getText",[]]}
RESULT: {"script":"<script> [6424 bytes]","args":[{"element-6066-11e4-a52e-4f735466cecf":"f.CF3EA173C6DD6742E6FF2C1FCC3ADAA5.d.B920192F3A9E7958E0D78C9A3F40875B.e.14249"},"getText",[]]}
COMMAND: POST /session/d3cdda6f06e006695550ea94201d0e31/execute/async - {"script":"<script> [1562 bytes]","args":[{"selector":{"controlType":"sap.ui.core.Icon","viewName":"etm.portal.ui.managestatesandperformance.view.Master","viewId":"application-managestatesandperformance-display-component---stateAndPerform","properties":{"src":{"regex":{"source":"slim\\-arrow\\-right"}}}},"wdio_ui5_key":"etmportal.ui.managestatesandperformance.view.Mastersap.ui.core.Icon{\"src\":{\"regex\":{\"source\":\"slim\\\\-arrow\\\\-right\"}}}"}]}
RESULT: {"script":"<script> [1562 bytes]","args":[{"selector":{"controlType":"sap.ui.core.Icon","viewName":"etm.portal.ui.managestatesandperformance.view.Master","viewId":"application-managestatesandperformance-display-component---stateAndPerform","properties":{"src":{"regex":{"source":"slim\\-arrow\\-right"}}}},"wdio_ui5_key":"etmportal.ui.managestatesandperformance.view.Mastersap.ui.core.Icon{\"src\":{\"regex\":{\"source\":\"slim\\\\-arrow\\\\-right\"}}}"}]}
RESULT: undefined
COMMAND: POST /session/d3cdda6f06e006695550ea94201d0e31/element - {"using":"xpath","value":"//*[@id=\"__item4430-__clone16773-imgNav\"]"}
RESULT: {"using":"xpath","value":"//*[@id=\"__item4430-__clone16773-imgNav\"]"}
COMMAND: POST /session/d3cdda6f06e006695550ea94201d0e31/element/f.CF3EA173C6DD6742E6FF2C1FCC3ADAA5.d.B920192F3A9E7958E0D78C9A3F40875B.e.14106/click - {}
RESULT: {}
COMMAND: GET /session/d3cdda6f06e006695550ea94201d0e31/screenshot - {}
RESULT: {}
COMMAND: POST /session/d3cdda6f06e006695550ea94201d0e31/execute/async - {"script":"<script> [1562 bytes]","args":[{"selector":{"controlType":"sap.m.Button","viewName":"etm.portal.ui.managestatesandperformance.view.Detail","viewId":"application-managestatesandperformance-display-component---detailStateAndPerform","properties":{"text":"Performance Documents"}},"wdio_ui5_key":"etmportal.ui.managestatesandperformance.view.Detailsap.m.Button{\"text\":\"Performance Documents\"}"}]}
RESULT: {"script":"<script> [1562 bytes]","args":[{"selector":{"controlType":"sap.m.Button","viewName":"etm.portal.ui.managestatesandperformance.view.Detail","viewId":"application-managestatesandperformance-display-component---detailStateAndPerform","properties":{"text":"Performance Documents"}},"wdio_ui5_key":"etmportal.ui.managestatesandperformance.view.Detailsap.m.Button{\"text\":\"Performance Documents\"}"}]}
RESULT: undefined
COMMAND: POST /session/d3cdda6f06e006695550ea94201d0e31/element - {"using":"xpath","value":"//*[@id=\"__item4453-button\"]"}
RESULT: {"using":"xpath","value":"//*[@id=\"__item4453-button\"]"}
COMMAND: POST /session/d3cdda6f06e006695550ea94201d0e31/element/f.CF3EA173C6DD6742E6FF2C1FCC3ADAA5.d.B920192F3A9E7958E0D78C9A3F40875B.e.14286/click - {}
RESULT: {}
COMMAND: POST /session/d3cdda6f06e006695550ea94201d0e31/execute/async - {"script":"<script> [1562 bytes]","args":[{"selector":{"controlType":"sap.m.Button","viewName":"etm.portal.ui.managestatesandperformance.view.Detail","viewId":"application-managestatesandperformance-display-component---detailStateAndPerform","i18NText":{"propertyName":"text","key":"createPerformanceDoc"},"interaction":{"idSuffix":"BDI-content"}},"wdio_ui5_key":"etmportal.ui.managestatesandperformance.view.Detailsap.m.Button{\"propertyName\":\"text\",\"key\":\"createPerformanceDoc\"}"}]}
COMMAND: GET /session/d3cdda6f06e006695550ea94201d0e31/screenshot - {}
RESULT: {"script":"<script> [1562 bytes]","args":[{"selector":{"controlType":"sap.m.Button","viewName":"etm.portal.ui.managestatesandperformance.view.Detail","viewId":"application-managestatesandperformance-display-component---detailStateAndPerform","i18NText":{"propertyName":"text","key":"createPerformanceDoc"},"interaction":{"idSuffix":"BDI-content"}},"wdio_ui5_key":"etmportal.ui.managestatesandperformance.view.Detailsap.m.Button{\"propertyName\":\"text\",\"key\":\"createPerformanceDoc\"}"}]}
RESULT: undefined
COMMAND: POST /session/d3cdda6f06e006695550ea94201d0e31/element - {"using":"xpath","value":"//*[@id=\"__button507\"]"}
RESULT: {}
RESULT: {"using":"xpath","value":"//*[@id=\"__button507\"]"}
COMMAND: POST /session/d3cdda6f06e006695550ea94201d0e31/element/f.CF3EA173C6DD6742E6FF2C1FCC3ADAA5.d.B920192F3A9E7958E0D78C9A3F40875B.e.14289/click - {}
RESULT: {}
COMMAND: POST /session/d3cdda6f06e006695550ea94201d0e31/execute/async - {"script":"<script> [1562 bytes]","args":[{"selector":{"id":"application-managestatesandperformance-display-component---detailStateAndPerform--perfDocDatePicker","searchOpenDialogs":true,"interaction":{"idSuffix":"inner"}},"wdio_ui5_key":"applicationmanagestatesandperformance-display-component---detailStateAndPerform--perfDocDatePicker"}]}
COMMAND: GET /session/d3cdda6f06e006695550ea94201d0e31/screenshot - {}
RESULT: {"script":"<script> [1562 bytes]","args":[{"selector":{"id":"application-managestatesandperformance-display-component---detailStateAndPerform--perfDocDatePicker","searchOpenDialogs":true,"interaction":{"idSuffix":"inner"}},"wdio_ui5_key":"applicationmanagestatesandperformance-display-component---detailStateAndPerform--perfDocDatePicker"}]}
RESULT: undefined
COMMAND: POST /session/d3cdda6f06e006695550ea94201d0e31/execute/async - {"script":"<script> [776 bytes]","args":[{"enterText":"5/23/25","selector":{"id":"application-managestatesandperformance-display-component---detailStateAndPerform--perfDocDatePicker","searchOpenDialogs":true,"interaction":{"idSuffix":"inner"}},"clearTextFirst":true,"interactionType":"ENTER_TEXT"}]}
RESULT: {}
RESULT: {"script":"<script> [776 bytes]","args":[{"enterText":"5/23/25","selector":{"id":"application-managestatesandperformance-display-component---detailStateAndPerform--perfDocDatePicker","searchOpenDialogs":true,"interaction":{"idSuffix":"inner"}},"clearTextFirst":true,"interactionType":"ENTER_TEXT"}]}
COMMAND: POST /session/d3cdda6f06e006695550ea94201d0e31/execute/async - {"script":"<script> [1562 bytes]","args":[{"selector":{"id":"application-managestatesandperformance-display-component---detailStateAndPerform--counterValue-input","searchOpenDialogs":true,"interaction":{"idSuffix":"inner"}},"wdio_ui5_key":"applicationmanagestatesandperformance-display-component---detailStateAndPerform--counterValue-input"}]}
RESULT: {"script":"<script> [1562 bytes]","args":[{"selector":{"id":"application-managestatesandperformance-display-component---detailStateAndPerform--counterValue-input","searchOpenDialogs":true,"interaction":{"idSuffix":"inner"}},"wdio_ui5_key":"applicationmanagestatesandperformance-display-component---detailStateAndPerform--counterValue-input"}]}
RESULT: undefined
COMMAND: POST /session/d3cdda6f06e006695550ea94201d0e31/execute/async - {"script":"<script> [776 bytes]","args":[{"enterText":"15.00","selector":{"id":"application-managestatesandperformance-display-component---detailStateAndPerform--counterValue-input","searchOpenDialogs":true,"interaction":{"idSuffix":"inner"}},"clearTextFirst":true,"interactionType":"ENTER_TEXT"}]}
RESULT: {"script":"<script> [776 bytes]","args":[{"enterText":"15.00","selector":{"id":"application-managestatesandperformance-display-component---detailStateAndPerform--counterValue-input","searchOpenDialogs":true,"interaction":{"idSuffix":"inner"}},"clearTextFirst":true,"interactionType":"ENTER_TEXT"}]}
COMMAND: POST /session/d3cdda6f06e006695550ea94201d0e31/execute/async - {"script":"<script> [1562 bytes]","args":[{"selector":{"controlType":"sap.m.Button","viewName":"etm.portal.ui.managestatesandperformance.view.Detail","viewId":"application-managestatesandperformance-display-component---detailStateAndPerform","bindingPath":{"path":"","propertyPath":"/allowAddEdit","modelName":"oScreenModel"},"searchOpenDialogs":true,"interaction":{"idSuffix":"BDI-content"}},"wdio_ui5_key":"etmportal.ui.managestatesandperformance.view.Detailsap.m.Button{\"path\":\"\",\"propertyPath\":\"/allowAddEdit\",\"modelName\":\"oScreenModel\"}"}]}
RESULT: {"script":"<script> [1562 bytes]","args":[{"selector":{"controlType":"sap.m.Button","viewName":"etm.portal.ui.managestatesandperformance.view.Detail","viewId":"application-managestatesandperformance-display-component---detailStateAndPerform","bindingPath":{"path":"","propertyPath":"/allowAddEdit","modelName":"oScreenModel"},"searchOpenDialogs":true,"interaction":{"idSuffix":"BDI-content"}},"wdio_ui5_key":"etmportal.ui.managestatesandperformance.view.Detailsap.m.Button{\"path\":\"\",\"propertyPath\":\"/allowAddEdit\",\"modelName\":\"oScreenModel\"}"}]}
RESULT: undefined
COMMAND: POST /session/d3cdda6f06e006695550ea94201d0e31/element - {"using":"xpath","value":"//*[@id=\"__button514\"]"}
RESULT: {"using":"xpath","value":"//*[@id=\"__button514\"]"}
COMMAND: POST /session/d3cdda6f06e006695550ea94201d0e31/element/f.CF3EA173C6DD6742E6FF2C1FCC3ADAA5.d.B920192F3A9E7958E0D78C9A3F40875B.e.14310/click - {}
RESULT: {}
RESULT: undefined
COMMAND: POST /session/d3cdda6f06e006695550ea94201d0e31/element - {"using":"xpath","value":"//*[@id=\"__button507\"]"}
COMMAND: GET /session/d3cdda6f06e006695550ea94201d0e31/screenshot - {}
RESULT: {"using":"xpath","value":"//*[@id=\"__button507\"]"}
COMMAND: POST /session/d3cdda6f06e006695550ea94201d0e31/element/f.CF3EA173C6DD6742E6FF2C1FCC3ADAA5.d.B920192F3A9E7958E0D78C9A3F40875B.e.14289/click - {}
RESULT: {}
RESULT: {}
RESULT: undefined
COMMAND: POST /session/d3cdda6f06e006695550ea94201d0e31/execute/async - {"script":"<script> [776 bytes]","args":[{"enterText":"5/27/25","selector":{"id":"application-managestatesandperformance-display-component---detailStateAndPerform--perfDocDatePicker","searchOpenDialogs":true,"interaction":{"idSuffix":"inner"}},"clearTextFirst":true,"interactionType":"ENTER_TEXT"}]}
COMMAND: GET /session/d3cdda6f06e006695550ea94201d0e31/screenshot - {}
RESULT: {"script":"<script> [776 bytes]","args":[{"enterText":"5/27/25","selector":{"id":"application-managestatesandperformance-display-component---detailStateAndPerform--perfDocDatePicker","searchOpenDialogs":true,"interaction":{"idSuffix":"inner"}},"clearTextFirst":true,"interactionType":"ENTER_TEXT"}]}
RESULT: undefined
COMMAND: POST /session/d3cdda6f06e006695550ea94201d0e31/execute/async - {"script":"<script> [776 bytes]","args":[{"enterText":"20.00","selector":{"id":"application-managestatesandperformance-display-component---detailStateAndPerform--counterValue-input","searchOpenDialogs":true,"interaction":{"idSuffix":"inner"}},"clearTextFirst":true,"interactionType":"ENTER_TEXT"}]}
RESULT: {}
RESULT: {"script":"<script> [776 bytes]","args":[{"enterText":"20.00","selector":{"id":"application-managestatesandperformance-display-component---detailStateAndPerform--counterValue-input","searchOpenDialogs":true,"interaction":{"idSuffix":"inner"}},"clearTextFirst":true,"interactionType":"ENTER_TEXT"}]}
COMMAND: POST /session/d3cdda6f06e006695550ea94201d0e31/actions - {"actions":[{"id":"action47","type":"key","parameters":{},"actions":[{"type":"keyDown","value":"î€„"},{"type":"keyDown","value":"î€„"},{"type":"pause","duration":10},{"type":"keyUp","value":"î€„"},{"type":"keyUp","value":"î€„"}]}]}
RESULT: {"actions":[{"id":"action47","type":"key","parameters":{},"actions":[{"type":"keyDown","value":"î€„"},{"type":"keyDown","value":"î€„"},{"type":"pause","duration":10},{"type":"keyUp","value":"î€„"},{"type":"keyUp","value":"î€„"}]}]}
COMMAND: POST /session/d3cdda6f06e006695550ea94201d0e31/actions - {"actions":[{"id":"action48","type":"key","parameters":{},"actions":[{"type":"keyDown","value":"î€‡"},{"type":"pause","duration":10},{"type":"keyUp","value":"î€‡"}]}]}
COMMAND: GET /session/d3cdda6f06e006695550ea94201d0e31/screenshot - {}
RESULT: {"actions":[{"id":"action48","type":"key","parameters":{},"actions":[{"type":"keyDown","value":"î€‡"},{"type":"pause","duration":10},{"type":"keyUp","value":"î€‡"}]}]}
RESULT: undefined
COMMAND: POST /session/d3cdda6f06e006695550ea94201d0e31/element - {"using":"xpath","value":"//*[@id=\"__button514\"]"}
COMMAND: GET /session/d3cdda6f06e006695550ea94201d0e31/screenshot - {}
RESULT: {}
RESULT: {"using":"xpath","value":"//*[@id=\"__button514\"]"}
COMMAND: POST /session/d3cdda6f06e006695550ea94201d0e31/elements - {"using":"xpath","value":"//*[@id=\"__button514\"]"}
RESULT: {}
RESULT: {"using":"xpath","value":"//*[@id=\"__button514\"]"}
COMMAND: POST /session/d3cdda6f06e006695550ea94201d0e31/elements - {"using":"xpath","value":"//*[@id=\"__button514\"]"}
RESULT: {"using":"xpath","value":"//*[@id=\"__button514\"]"}
COMMAND: POST /session/d3cdda6f06e006695550ea94201d0e31/elements - {"using":"xpath","value":"//*[@id=\"__button514\"]"}
RESULT: {"using":"xpath","value":"//*[@id=\"__button514\"]"}
COMMAND: POST /session/d3cdda6f06e006695550ea94201d0e31/elements - {"using":"xpath","value":"//*[@id=\"__button514\"]"}
RESULT: {"using":"xpath","value":"//*[@id=\"__button514\"]"}
COMMAND: POST /session/d3cdda6f06e006695550ea94201d0e31/elements - {"using":"xpath","value":"//*[@id=\"__button514\"]"}
RESULT: {"using":"xpath","value":"//*[@id=\"__button514\"]"}
COMMAND: POST /session/d3cdda6f06e006695550ea94201d0e31/elements - {"using":"xpath","value":"//*[@id=\"__button514\"]"}
RESULT: {"using":"xpath","value":"//*[@id=\"__button514\"]"}
COMMAND: POST /session/d3cdda6f06e006695550ea94201d0e31/elements - {"using":"xpath","value":"//*[@id=\"__button514\"]"}
RESULT: {"using":"xpath","value":"//*[@id=\"__button514\"]"}
COMMAND: POST /session/d3cdda6f06e006695550ea94201d0e31/elements - {"using":"xpath","value":"//*[@id=\"__button514\"]"}
RESULT: {"using":"xpath","value":"//*[@id=\"__button514\"]"}
COMMAND: POST /session/d3cdda6f06e006695550ea94201d0e31/elements - {"using":"xpath","value":"//*[@id=\"__button514\"]"}
RESULT: {"using":"xpath","value":"//*[@id=\"__button514\"]"}
COMMAND: POST /session/d3cdda6f06e006695550ea94201d0e31/elements - {"using":"xpath","value":"//*[@id=\"__button514\"]"}
RESULT: {"using":"xpath","value":"//*[@id=\"__button514\"]"}
COMMAND: POST /session/d3cdda6f06e006695550ea94201d0e31/elements - {"using":"xpath","value":"//*[@id=\"__button514\"]"}
RESULT: {"using":"xpath","value":"//*[@id=\"__button514\"]"}
COMMAND: POST /session/d3cdda6f06e006695550ea94201d0e31/elements - {"using":"xpath","value":"//*[@id=\"__button514\"]"}
RESULT: {"using":"xpath","value":"//*[@id=\"__button514\"]"}
COMMAND: POST /session/d3cdda6f06e006695550ea94201d0e31/elements - {"using":"xpath","value":"//*[@id=\"__button514\"]"}
RESULT: {"using":"xpath","value":"//*[@id=\"__button514\"]"}
COMMAND: POST /session/d3cdda6f06e006695550ea94201d0e31/elements - {"using":"xpath","value":"//*[@id=\"__button514\"]"}
RESULT: {"using":"xpath","value":"//*[@id=\"__button514\"]"}
COMMAND: POST /session/d3cdda6f06e006695550ea94201d0e31/elements - {"using":"xpath","value":"//*[@id=\"__button514\"]"}
RESULT: {"using":"xpath","value":"//*[@id=\"__button514\"]"}
COMMAND: POST /session/d3cdda6f06e006695550ea94201d0e31/elements - {"using":"xpath","value":"//*[@id=\"__button514\"]"}
RESULT: {"using":"xpath","value":"//*[@id=\"__button514\"]"}
COMMAND: POST /session/d3cdda6f06e006695550ea94201d0e31/elements - {"using":"xpath","value":"//*[@id=\"__button514\"]"}
RESULT: {"using":"xpath","value":"//*[@id=\"__button514\"]"}
COMMAND: POST /session/d3cdda6f06e006695550ea94201d0e31/elements - {"using":"xpath","value":"//*[@id=\"__button514\"]"}
RESULT: {"using":"xpath","value":"//*[@id=\"__button514\"]"}
COMMAND: POST /session/d3cdda6f06e006695550ea94201d0e31/elements - {"using":"xpath","value":"//*[@id=\"__button514\"]"}
RESULT: {"using":"xpath","value":"//*[@id=\"__button514\"]"}
COMMAND: POST /session/d3cdda6f06e006695550ea94201d0e31/elements - {"using":"xpath","value":"//*[@id=\"__button514\"]"}
RESULT: {"using":"xpath","value":"//*[@id=\"__button514\"]"}
COMMAND: POST /session/d3cdda6f06e006695550ea94201d0e31/elements - {"using":"xpath","value":"//*[@id=\"__button514\"]"}
RESULT: {"using":"xpath","value":"//*[@id=\"__button514\"]"}
COMMAND: POST /session/d3cdda6f06e006695550ea94201d0e31/elements - {"using":"xpath","value":"//*[@id=\"__button514\"]"}
RESULT: {"using":"xpath","value":"//*[@id=\"__button514\"]"}
COMMAND: POST /session/d3cdda6f06e006695550ea94201d0e31/elements - {"using":"xpath","value":"//*[@id=\"__button514\"]"}
RESULT: {"using":"xpath","value":"//*[@id=\"__button514\"]"}
COMMAND: POST /session/d3cdda6f06e006695550ea94201d0e31/elements - {"using":"xpath","value":"//*[@id=\"__button514\"]"}
RESULT: {"using":"xpath","value":"//*[@id=\"__button514\"]"}
COMMAND: POST /session/d3cdda6f06e006695550ea94201d0e31/elements - {"using":"xpath","value":"//*[@id=\"__button514\"]"}
RESULT: {"using":"xpath","value":"//*[@id=\"__button514\"]"}
COMMAND: POST /session/d3cdda6f06e006695550ea94201d0e31/elements - {"using":"xpath","value":"//*[@id=\"__button514\"]"}
RESULT: {"using":"xpath","value":"//*[@id=\"__button514\"]"}
COMMAND: POST /session/d3cdda6f06e006695550ea94201d0e31/elements - {"using":"xpath","value":"//*[@id=\"__button514\"]"}
RESULT: {"using":"xpath","value":"//*[@id=\"__button514\"]"}
COMMAND: POST /session/d3cdda6f06e006695550ea94201d0e31/elements - {"using":"xpath","value":"//*[@id=\"__button514\"]"}
RESULT: {"using":"xpath","value":"//*[@id=\"__button514\"]"}
COMMAND: POST /session/d3cdda6f06e006695550ea94201d0e31/elements - {"using":"xpath","value":"//*[@id=\"__button514\"]"}
RESULT: {"using":"xpath","value":"//*[@id=\"__button514\"]"}
COMMAND: POST /session/d3cdda6f06e006695550ea94201d0e31/elements - {"using":"xpath","value":"//*[@id=\"__button514\"]"}
RESULT: {"using":"xpath","value":"//*[@id=\"__button514\"]"}
COMMAND: POST /session/d3cdda6f06e006695550ea94201d0e31/elements - {"using":"xpath","value":"//*[@id=\"__button514\"]"}
RESULT: {"using":"xpath","value":"//*[@id=\"__button514\"]"}
COMMAND: POST /session/d3cdda6f06e006695550ea94201d0e31/elements - {"using":"xpath","value":"//*[@id=\"__button514\"]"}
RESULT: {"using":"xpath","value":"//*[@id=\"__button514\"]"}
COMMAND: POST /session/d3cdda6f06e006695550ea94201d0e31/elements - {"using":"xpath","value":"//*[@id=\"__button514\"]"}
RESULT: {"using":"xpath","value":"//*[@id=\"__button514\"]"}
COMMAND: POST /session/d3cdda6f06e006695550ea94201d0e31/elements - {"using":"xpath","value":"//*[@id=\"__button514\"]"}
RESULT: {"using":"xpath","value":"//*[@id=\"__button514\"]"}
COMMAND: POST /session/d3cdda6f06e006695550ea94201d0e31/elements - {"using":"xpath","value":"//*[@id=\"__button514\"]"}
RESULT: {"using":"xpath","value":"//*[@id=\"__button514\"]"}
COMMAND: POST /session/d3cdda6f06e006695550ea94201d0e31/elements - {"using":"xpath","value":"//*[@id=\"__button514\"]"}
RESULT: {"using":"xpath","value":"//*[@id=\"__button514\"]"}
COMMAND: POST /session/d3cdda6f06e006695550ea94201d0e31/elements - {"using":"xpath","value":"//*[@id=\"__button514\"]"}
RESULT: {"using":"xpath","value":"//*[@id=\"__button514\"]"}
COMMAND: POST /session/d3cdda6f06e006695550ea94201d0e31/elements - {"using":"xpath","value":"//*[@id=\"__button514\"]"}
RESULT: {"using":"xpath","value":"//*[@id=\"__button514\"]"}
COMMAND: POST /session/d3cdda6f06e006695550ea94201d0e31/elements - {"using":"xpath","value":"//*[@id=\"__button514\"]"}
RESULT: {"using":"xpath","value":"//*[@id=\"__button514\"]"}
COMMAND: POST /session/d3cdda6f06e006695550ea94201d0e31/elements - {"using":"xpath","value":"//*[@id=\"__button514\"]"}
RESULT: {"using":"xpath","value":"//*[@id=\"__button514\"]"}
COMMAND: POST /session/d3cdda6f06e006695550ea94201d0e31/elements - {"using":"xpath","value":"//*[@id=\"__button514\"]"}
RESULT: {"using":"xpath","value":"//*[@id=\"__button514\"]"}
COMMAND: POST /session/d3cdda6f06e006695550ea94201d0e31/elements - {"using":"xpath","value":"//*[@id=\"__button514\"]"}
RESULT: {"using":"xpath","value":"//*[@id=\"__button514\"]"}
COMMAND: POST /session/d3cdda6f06e006695550ea94201d0e31/elements - {"using":"xpath","value":"//*[@id=\"__button514\"]"}
RESULT: {"using":"xpath","value":"//*[@id=\"__button514\"]"}
COMMAND: POST /session/d3cdda6f06e006695550ea94201d0e31/elements - {"using":"xpath","value":"//*[@id=\"__button514\"]"}
RESULT: {"using":"xpath","value":"//*[@id=\"__button514\"]"}
COMMAND: POST /session/d3cdda6f06e006695550ea94201d0e31/elements - {"using":"xpath","value":"//*[@id=\"__button514\"]"}
RESULT: {"using":"xpath","value":"//*[@id=\"__button514\"]"}
COMMAND: POST /session/d3cdda6f06e006695550ea94201d0e31/elements - {"using":"xpath","value":"//*[@id=\"__button514\"]"}
RESULT: {"using":"xpath","value":"//*[@id=\"__button514\"]"}
COMMAND: POST /session/d3cdda6f06e006695550ea94201d0e31/elements - {"using":"xpath","value":"//*[@id=\"__button514\"]"}
RESULT: {"using":"xpath","value":"//*[@id=\"__button514\"]"}
COMMAND: POST /session/d3cdda6f06e006695550ea94201d0e31/elements - {"using":"xpath","value":"//*[@id=\"__button514\"]"}
RESULT: {"using":"xpath","value":"//*[@id=\"__button514\"]"}
COMMAND: POST /session/d3cdda6f06e006695550ea94201d0e31/elements - {"using":"xpath","value":"//*[@id=\"__button514\"]"}
RESULT: {"using":"xpath","value":"//*[@id=\"__button514\"]"}
COMMAND: POST /session/d3cdda6f06e006695550ea94201d0e31/elements - {"using":"xpath","value":"//*[@id=\"__button514\"]"}
RESULT: {"using":"xpath","value":"//*[@id=\"__button514\"]"}
COMMAND: POST /session/d3cdda6f06e006695550ea94201d0e31/elements - {"using":"xpath","value":"//*[@id=\"__button514\"]"}
RESULT: {"using":"xpath","value":"//*[@id=\"__button514\"]"}
COMMAND: POST /session/d3cdda6f06e006695550ea94201d0e31/elements - {"using":"xpath","value":"//*[@id=\"__button514\"]"}
RESULT: {"using":"xpath","value":"//*[@id=\"__button514\"]"}
COMMAND: POST /session/d3cdda6f06e006695550ea94201d0e31/elements - {"using":"xpath","value":"//*[@id=\"__button514\"]"}
RESULT: {"using":"xpath","value":"//*[@id=\"__button514\"]"}
COMMAND: POST /session/d3cdda6f06e006695550ea94201d0e31/elements - {"using":"xpath","value":"//*[@id=\"__button514\"]"}
RESULT: {"using":"xpath","value":"//*[@id=\"__button514\"]"}
COMMAND: POST /session/d3cdda6f06e006695550ea94201d0e31/elements - {"using":"xpath","value":"//*[@id=\"__button514\"]"}
RESULT: {"using":"xpath","value":"//*[@id=\"__button514\"]"}
COMMAND: POST /session/d3cdda6f06e006695550ea94201d0e31/elements - {"using":"xpath","value":"//*[@id=\"__button514\"]"}
RESULT: {"using":"xpath","value":"//*[@id=\"__button514\"]"}
COMMAND: POST /session/d3cdda6f06e006695550ea94201d0e31/elements - {"using":"xpath","value":"//*[@id=\"__button514\"]"}
RESULT: {"using":"xpath","value":"//*[@id=\"__button514\"]"}
COMMAND: POST /session/d3cdda6f06e006695550ea94201d0e31/elements - {"using":"xpath","value":"//*[@id=\"__button514\"]"}
RESULT: {"using":"xpath","value":"//*[@id=\"__button514\"]"}
COMMAND: POST /session/d3cdda6f06e006695550ea94201d0e31/elements - {"using":"xpath","value":"//*[@id=\"__button514\"]"}
RESULT: {"using":"xpath","value":"//*[@id=\"__button514\"]"}
COMMAND: POST /session/d3cdda6f06e006695550ea94201d0e31/elements - {"using":"xpath","value":"//*[@id=\"__button514\"]"}
RESULT: {"using":"xpath","value":"//*[@id=\"__button514\"]"}
COMMAND: POST /session/d3cdda6f06e006695550ea94201d0e31/elements - {"using":"xpath","value":"//*[@id=\"__button514\"]"}
RESULT: {"using":"xpath","value":"//*[@id=\"__button514\"]"}
COMMAND: POST /session/d3cdda6f06e006695550ea94201d0e31/elements - {"using":"xpath","value":"//*[@id=\"__button514\"]"}
RESULT: {"using":"xpath","value":"//*[@id=\"__button514\"]"}
COMMAND: POST /session/d3cdda6f06e006695550ea94201d0e31/elements - {"using":"xpath","value":"//*[@id=\"__button514\"]"}
RESULT: {"using":"xpath","value":"//*[@id=\"__button514\"]"}
COMMAND: POST /session/d3cdda6f06e006695550ea94201d0e31/elements - {"using":"xpath","value":"//*[@id=\"__button514\"]"}
RESULT: {"using":"xpath","value":"//*[@id=\"__button514\"]"}
COMMAND: POST /session/d3cdda6f06e006695550ea94201d0e31/elements - {"using":"xpath","value":"//*[@id=\"__button514\"]"}
RESULT: {"using":"xpath","value":"//*[@id=\"__button514\"]"}
COMMAND: POST /session/d3cdda6f06e006695550ea94201d0e31/elements - {"using":"xpath","value":"//*[@id=\"__button514\"]"}
RESULT: {"using":"xpath","value":"//*[@id=\"__button514\"]"}
COMMAND: POST /session/d3cdda6f06e006695550ea94201d0e31/elements - {"using":"xpath","value":"//*[@id=\"__button514\"]"}
RESULT: {"using":"xpath","value":"//*[@id=\"__button514\"]"}
COMMAND: POST /session/d3cdda6f06e006695550ea94201d0e31/elements - {"using":"xpath","value":"//*[@id=\"__button514\"]"}
RESULT: {"using":"xpath","value":"//*[@id=\"__button514\"]"}
COMMAND: POST /session/d3cdda6f06e006695550ea94201d0e31/elements - {"using":"xpath","value":"//*[@id=\"__button514\"]"}
RESULT: {"using":"xpath","value":"//*[@id=\"__button514\"]"}
COMMAND: POST /session/d3cdda6f06e006695550ea94201d0e31/elements - {"using":"xpath","value":"//*[@id=\"__button514\"]"}
RESULT: {"using":"xpath","value":"//*[@id=\"__button514\"]"}
COMMAND: POST /session/d3cdda6f06e006695550ea94201d0e31/elements - {"using":"xpath","value":"//*[@id=\"__button514\"]"}
RESULT: {"using":"xpath","value":"//*[@id=\"__button514\"]"}
COMMAND: POST /session/d3cdda6f06e006695550ea94201d0e31/elements - {"using":"xpath","value":"//*[@id=\"__button514\"]"}
RESULT: {"using":"xpath","value":"//*[@id=\"__button514\"]"}
COMMAND: POST /session/d3cdda6f06e006695550ea94201d0e31/elements - {"using":"xpath","value":"//*[@id=\"__button514\"]"}
RESULT: {"using":"xpath","value":"//*[@id=\"__button514\"]"}
COMMAND: POST /session/d3cdda6f06e006695550ea94201d0e31/elements - {"using":"xpath","value":"//*[@id=\"__button514\"]"}
RESULT: {"using":"xpath","value":"//*[@id=\"__button514\"]"}
COMMAND: POST /session/d3cdda6f06e006695550ea94201d0e31/elements - {"using":"xpath","value":"//*[@id=\"__button514\"]"}
RESULT: {"using":"xpath","value":"//*[@id=\"__button514\"]"}
COMMAND: POST /session/d3cdda6f06e006695550ea94201d0e31/elements - {"using":"xpath","value":"//*[@id=\"__button514\"]"}
RESULT: {"using":"xpath","value":"//*[@id=\"__button514\"]"}
COMMAND: POST /session/d3cdda6f06e006695550ea94201d0e31/elements - {"using":"xpath","value":"//*[@id=\"__button514\"]"}
RESULT: {"using":"xpath","value":"//*[@id=\"__button514\"]"}
COMMAND: POST /session/d3cdda6f06e006695550ea94201d0e31/elements - {"using":"xpath","value":"//*[@id=\"__button514\"]"}
RESULT: {"using":"xpath","value":"//*[@id=\"__button514\"]"}
COMMAND: POST /session/d3cdda6f06e006695550ea94201d0e31/elements - {"using":"xpath","value":"//*[@id=\"__button514\"]"}
RESULT: {"using":"xpath","value":"//*[@id=\"__button514\"]"}
COMMAND: POST /session/d3cdda6f06e006695550ea94201d0e31/elements - {"using":"xpath","value":"//*[@id=\"__button514\"]"}
RESULT: {"using":"xpath","value":"//*[@id=\"__button514\"]"}
COMMAND: POST /session/d3cdda6f06e006695550ea94201d0e31/elements - {"using":"xpath","value":"//*[@id=\"__button514\"]"}
RESULT: {"using":"xpath","value":"//*[@id=\"__button514\"]"}
COMMAND: POST /session/d3cdda6f06e006695550ea94201d0e31/elements - {"using":"xpath","value":"//*[@id=\"__button514\"]"}
RESULT: {"using":"xpath","value":"//*[@id=\"__button514\"]"}
COMMAND: POST /session/d3cdda6f06e006695550ea94201d0e31/elements - {"using":"xpath","value":"//*[@id=\"__button514\"]"}
RESULT: {"using":"xpath","value":"//*[@id=\"__button514\"]"}
COMMAND: POST /session/d3cdda6f06e006695550ea94201d0e31/elements - {"using":"xpath","value":"//*[@id=\"__button514\"]"}
RESULT: {"using":"xpath","value":"//*[@id=\"__button514\"]"}
COMMAND: POST /session/d3cdda6f06e006695550ea94201d0e31/elements - {"using":"xpath","value":"//*[@id=\"__button514\"]"}
RESULT: {"using":"xpath","value":"//*[@id=\"__button514\"]"}
COMMAND: POST /session/d3cdda6f06e006695550ea94201d0e31/elements - {"using":"xpath","value":"//*[@id=\"__button514\"]"}
RESULT: {"using":"xpath","value":"//*[@id=\"__button514\"]"}
COMMAND: POST /session/d3cdda6f06e006695550ea94201d0e31/elements - {"using":"xpath","value":"//*[@id=\"__button514\"]"}
RESULT: {"using":"xpath","value":"//*[@id=\"__button514\"]"}
COMMAND: POST /session/d3cdda6f06e006695550ea94201d0e31/elements - {"using":"xpath","value":"//*[@id=\"__button514\"]"}
RESULT: {"using":"xpath","value":"//*[@id=\"__button514\"]"}
COMMAND: POST /session/d3cdda6f06e006695550ea94201d0e31/elements - {"using":"xpath","value":"//*[@id=\"__button514\"]"}
RESULT: {"using":"xpath","value":"//*[@id=\"__button514\"]"}
COMMAND: POST /session/d3cdda6f06e006695550ea94201d0e31/elements - {"using":"xpath","value":"//*[@id=\"__button514\"]"}
RESULT: {"using":"xpath","value":"//*[@id=\"__button514\"]"}
COMMAND: POST /session/d3cdda6f06e006695550ea94201d0e31/elements - {"using":"xpath","value":"//*[@id=\"__button514\"]"}
RESULT: {"using":"xpath","value":"//*[@id=\"__button514\"]"}
COMMAND: POST /session/d3cdda6f06e006695550ea94201d0e31/elements - {"using":"xpath","value":"//*[@id=\"__button514\"]"}
RESULT: {"using":"xpath","value":"//*[@id=\"__button514\"]"}
COMMAND: POST /session/d3cdda6f06e006695550ea94201d0e31/elements - {"using":"xpath","value":"//*[@id=\"__button514\"]"}
RESULT: {"using":"xpath","value":"//*[@id=\"__button514\"]"}
COMMAND: POST /session/d3cdda6f06e006695550ea94201d0e31/elements - {"using":"xpath","value":"//*[@id=\"__button514\"]"}
RESULT: {"using":"xpath","value":"//*[@id=\"__button514\"]"}
COMMAND: POST /session/d3cdda6f06e006695550ea94201d0e31/elements - {"using":"xpath","value":"//*[@id=\"__button514\"]"}
RESULT: {"using":"xpath","value":"//*[@id=\"__button514\"]"}
COMMAND: POST /session/d3cdda6f06e006695550ea94201d0e31/elements - {"using":"xpath","value":"//*[@id=\"__button514\"]"}
RESULT: {"using":"xpath","value":"//*[@id=\"__button514\"]"}
COMMAND: POST /session/d3cdda6f06e006695550ea94201d0e31/elements - {"using":"xpath","value":"//*[@id=\"__button514\"]"}
RESULT: {"using":"xpath","value":"//*[@id=\"__button514\"]"}
COMMAND: POST /session/d3cdda6f06e006695550ea94201d0e31/elements - {"using":"xpath","value":"//*[@id=\"__button514\"]"}
RESULT: {"using":"xpath","value":"//*[@id=\"__button514\"]"}
COMMAND: POST /session/d3cdda6f06e006695550ea94201d0e31/elements - {"using":"xpath","value":"//*[@id=\"__button514\"]"}
RESULT: {"using":"xpath","value":"//*[@id=\"__button514\"]"}
COMMAND: POST /session/d3cdda6f06e006695550ea94201d0e31/elements - {"using":"xpath","value":"//*[@id=\"__button514\"]"}
RESULT: {"using":"xpath","value":"//*[@id=\"__button514\"]"}
COMMAND: POST /session/d3cdda6f06e006695550ea94201d0e31/elements - {"using":"xpath","value":"//*[@id=\"__button514\"]"}
RESULT: {"using":"xpath","value":"//*[@id=\"__button514\"]"}
COMMAND: POST /session/d3cdda6f06e006695550ea94201d0e31/elements - {"using":"xpath","value":"//*[@id=\"__button514\"]"}
RESULT: {"using":"xpath","value":"//*[@id=\"__button514\"]"}
COMMAND: POST /session/d3cdda6f06e006695550ea94201d0e31/elements - {"using":"xpath","value":"//*[@id=\"__button514\"]"}
RESULT: {"using":"xpath","value":"//*[@id=\"__button514\"]"}
COMMAND: POST /session/d3cdda6f06e006695550ea94201d0e31/elements - {"using":"xpath","value":"//*[@id=\"__button514\"]"}
RESULT: {"using":"xpath","value":"//*[@id=\"__button514\"]"}
COMMAND: POST /session/d3cdda6f06e006695550ea94201d0e31/elements - {"using":"xpath","value":"//*[@id=\"__button514\"]"}
RESULT: {"using":"xpath","value":"//*[@id=\"__button514\"]"}
COMMAND: POST /session/d3cdda6f06e006695550ea94201d0e31/elements - {"using":"xpath","value":"//*[@id=\"__button514\"]"}
RESULT: {"using":"xpath","value":"//*[@id=\"__button514\"]"}
COMMAND: POST /session/d3cdda6f06e006695550ea94201d0e31/elements - {"using":"xpath","value":"//*[@id=\"__button514\"]"}
RESULT: {"using":"xpath","value":"//*[@id=\"__button514\"]"}
COMMAND: POST /session/d3cdda6f06e006695550ea94201d0e31/elements - {"using":"xpath","value":"//*[@id=\"__button514\"]"}
RESULT: {"using":"xpath","value":"//*[@id=\"__button514\"]"}
COMMAND: POST /session/d3cdda6f06e006695550ea94201d0e31/elements - {"using":"xpath","value":"//*[@id=\"__button514\"]"}
RESULT: {"using":"xpath","value":"//*[@id=\"__button514\"]"}
COMMAND: POST /session/d3cdda6f06e006695550ea94201d0e31/elements - {"using":"xpath","value":"//*[@id=\"__button514\"]"}
RESULT: {"using":"xpath","value":"//*[@id=\"__button514\"]"}
COMMAND: POST /session/d3cdda6f06e006695550ea94201d0e31/elements - {"using":"xpath","value":"//*[@id=\"__button514\"]"}
RESULT: {"using":"xpath","value":"//*[@id=\"__button514\"]"}
COMMAND: POST /session/d3cdda6f06e006695550ea94201d0e31/elements - {"using":"xpath","value":"//*[@id=\"__button514\"]"}
RESULT: {"using":"xpath","value":"//*[@id=\"__button514\"]"}
COMMAND: POST /session/d3cdda6f06e006695550ea94201d0e31/elements - {"using":"xpath","value":"//*[@id=\"__button514\"]"}
RESULT: {"using":"xpath","value":"//*[@id=\"__button514\"]"}
COMMAND: POST /session/d3cdda6f06e006695550ea94201d0e31/elements - {"using":"xpath","value":"//*[@id=\"__button514\"]"}
RESULT: {"using":"xpath","value":"//*[@id=\"__button514\"]"}
COMMAND: POST /session/d3cdda6f06e006695550ea94201d0e31/elements - {"using":"xpath","value":"//*[@id=\"__button514\"]"}
RESULT: {"using":"xpath","value":"//*[@id=\"__button514\"]"}
COMMAND: POST /session/d3cdda6f06e006695550ea94201d0e31/elements - {"using":"xpath","value":"//*[@id=\"__button514\"]"}
RESULT: {"using":"xpath","value":"//*[@id=\"__button514\"]"}
COMMAND: POST /session/d3cdda6f06e006695550ea94201d0e31/elements - {"using":"xpath","value":"//*[@id=\"__button514\"]"}
RESULT: {"using":"xpath","value":"//*[@id=\"__button514\"]"}
COMMAND: POST /session/d3cdda6f06e006695550ea94201d0e31/elements - {"using":"xpath","value":"//*[@id=\"__button514\"]"}
RESULT: {"using":"xpath","value":"//*[@id=\"__button514\"]"}
COMMAND: POST /session/d3cdda6f06e006695550ea94201d0e31/elements - {"using":"xpath","value":"//*[@id=\"__button514\"]"}
RESULT: {"using":"xpath","value":"//*[@id=\"__button514\"]"}
COMMAND: POST /session/d3cdda6f06e006695550ea94201d0e31/elements - {"using":"xpath","value":"//*[@id=\"__button514\"]"}
RESULT: {"using":"xpath","value":"//*[@id=\"__button514\"]"}
COMMAND: POST /session/d3cdda6f06e006695550ea94201d0e31/element - {"using":"css selector","value":"#shell-header-logo"}
RESULT: {"using":"css selector","value":"#shell-header-logo"}
COMMAND: POST /session/d3cdda6f06e006695550ea94201d0e31/execute/sync - {"script":"<script> [8489 bytes]","args":[{"element-6066-11e4-a52e-4f735466cecf":"f.CF3EA173C6DD6742E6FF2C1FCC3ADAA5.d.B920192F3A9E7958E0D78C9A3F40875B.e.14022","ELEMENT":"f.CF3EA173C6DD6742E6FF2C1FCC3ADAA5.d.B920192F3A9E7958E0D78C9A3F40875B.e.14022"}]}
RESULT: {"script":"<script> [8489 bytes]","args":[{"element-6066-11e4-a52e-4f735466cecf":"f.CF3EA173C6DD6742E6FF2C1FCC3ADAA5.d.B920192F3A9E7958E0D78C9A3F40875B.e.14022","ELEMENT":"f.CF3EA173C6DD6742E6FF2C1FCC3ADAA5.d.B920192F3A9E7958E0D78C9A3F40875B.e.14022"}]}
COMMAND: POST /session/d3cdda6f06e006695550ea94201d0e31/execute/sync - {"script":"<script> [5351 bytes]","args":[{"element-6066-11e4-a52e-4f735466cecf":"f.CF3EA173C6DD6742E6FF2C1FCC3ADAA5.d.B920192F3A9E7958E0D78C9A3F40875B.e.14022","ELEMENT":"f.CF3EA173C6DD6742E6FF2C1FCC3ADAA5.d.B920192F3A9E7958E0D78C9A3F40875B.e.14022"}]}
COMMAND: GET /session/d3cdda6f06e006695550ea94201d0e31/screenshot - {}
RESULT: {"script":"<script> [5351 bytes]","args":[{"element-6066-11e4-a52e-4f735466cecf":"f.CF3EA173C6DD6742E6FF2C1FCC3ADAA5.d.B920192F3A9E7958E0D78C9A3F40875B.e.14022","ELEMENT":"f.CF3EA173C6DD6742E6FF2C1FCC3ADAA5.d.B920192F3A9E7958E0D78C9A3F40875B.e.14022"}]}
COMMAND: POST /session/d3cdda6f06e006695550ea94201d0e31/element/f.CF3EA173C6DD6742E6FF2C1FCC3ADAA5.d.B920192F3A9E7958E0D78C9A3F40875B.e.14022/click - {}
COMMAND: GET /session/d3cdda6f06e006695550ea94201d0e31/screenshot - {}
RESULT: {}
RESULT: {}
]]></system-out>
    </testcase>
    <testcase classname="chrome.136_0_7103_93.windows.Create_master_data_for_mixed_billing_&amp;_do_billing_calculation_US151661" name="Should go to Manage Billings and trigger calculation check the conditions applied" time="59.566">
      <system-out><![CDATA[
COMMAND: POST /session/d3cdda6f06e006695550ea94201d0e31/execute/async - {"script":"<script> [1562 bytes]","args":[{"selector":{"controlType":"sap.m.GenericTile","properties":{"header":"Manage Billings"}},"wdio_ui5_key":"sapm.GenericTile{\"header\":\"Manage Billings\"}"}]}
COMMAND: GET /session/d3cdda6f06e006695550ea94201d0e31/screenshot - {}
RESULT: {}
RESULT: {"script":"<script> [1562 bytes]","args":[{"selector":{"controlType":"sap.m.GenericTile","properties":{"header":"Manage Billings"}},"wdio_ui5_key":"sapm.GenericTile{\"header\":\"Manage Billings\"}"}]}
RESULT: undefined
COMMAND: POST /session/d3cdda6f06e006695550ea94201d0e31/element - {"using":"xpath","value":"//*[@id=\"__tile51\"]"}
RESULT: {}
RESULT: {"using":"xpath","value":"//*[@id=\"__tile51\"]"}
COMMAND: POST /session/d3cdda6f06e006695550ea94201d0e31/element/f.CF3EA173C6DD6742E6FF2C1FCC3ADAA5.d.B920192F3A9E7958E0D78C9A3F40875B.e.6269/click - {}
RESULT: {}
COMMAND: GET /session/d3cdda6f06e006695550ea94201d0e31/screenshot - {}
RESULT: {}
COMMAND: POST /session/d3cdda6f06e006695550ea94201d0e31/elements - {"using":"xpath","value":"//span[text()='Error']"}
RESULT: {"using":"xpath","value":"//span[text()='Error']"}
COMMAND: POST /session/d3cdda6f06e006695550ea94201d0e31/execute/async - {"script":"<script> [1562 bytes]","args":[{"selector":{"id":"application-managebillings-display-component---billRunCalcResult--smartFilterBar-btnBasicSearch","interaction":{"idSuffix":"I"}},"wdio_ui5_key":"applicationmanagebillings-display-component---billRunCalcResult--smartFilterBar-btnBasicSearch"}]}
RESULT: {"script":"<script> [1562 bytes]","args":[{"selector":{"id":"application-managebillings-display-component---billRunCalcResult--smartFilterBar-btnBasicSearch","interaction":{"idSuffix":"I"}},"wdio_ui5_key":"applicationmanagebillings-display-component---billRunCalcResult--smartFilterBar-btnBasicSearch"}]}
RESULT: undefined
COMMAND: POST /session/d3cdda6f06e006695550ea94201d0e31/execute/async - {"script":"<script> [776 bytes]","args":[{"enterText":"10462","selector":{"id":"application-managebillings-display-component---billRunCalcResult--smartFilterBar-btnBasicSearch","interaction":{"idSuffix":"I"}},"clearTextFirst":true,"interactionType":"ENTER_TEXT"}]}
RESULT: {"script":"<script> [776 bytes]","args":[{"enterText":"10462","selector":{"id":"application-managebillings-display-component---billRunCalcResult--smartFilterBar-btnBasicSearch","interaction":{"idSuffix":"I"}},"clearTextFirst":true,"interactionType":"ENTER_TEXT"}]}
COMMAND: POST /session/d3cdda6f06e006695550ea94201d0e31/actions - {"actions":[{"id":"action49","type":"key","parameters":{},"actions":[{"type":"keyDown","value":"î€‡"},{"type":"pause","duration":10},{"type":"keyUp","value":"î€‡"}]}]}
RESULT: {"actions":[{"id":"action49","type":"key","parameters":{},"actions":[{"type":"keyDown","value":"î€‡"},{"type":"pause","duration":10},{"type":"keyUp","value":"î€‡"}]}]}
COMMAND: GET /session/d3cdda6f06e006695550ea94201d0e31/screenshot - {}
RESULT: {}
COMMAND: POST /session/d3cdda6f06e006695550ea94201d0e31/element - {"using":"xpath","value":"//td[@aria-colindex=\"1\"]/div/div[contains(@class, \"sapMCbBg\")]"}
RESULT: {"using":"xpath","value":"//td[@aria-colindex=\"1\"]/div/div[contains(@class, \"sapMCbBg\")]"}
COMMAND: POST /session/d3cdda6f06e006695550ea94201d0e31/element/f.CF3EA173C6DD6742E6FF2C1FCC3ADAA5.d.B920192F3A9E7958E0D78C9A3F40875B.e.14552/click - {}
RESULT: {}
COMMAND: GET /session/d3cdda6f06e006695550ea94201d0e31/screenshot - {}
RESULT: {}
COMMAND: POST /session/d3cdda6f06e006695550ea94201d0e31/execute/async - {"script":"<script> [1562 bytes]","args":[{"selector":{"id":"application-managebillings-display-component---billRunCalcResult--contractBillRunDate","interaction":{"idSuffix":"inner"}},"wdio_ui5_key":"applicationmanagebillings-display-component---billRunCalcResult--contractBillRunDate"}]}
RESULT: {"script":"<script> [1562 bytes]","args":[{"selector":{"id":"application-managebillings-display-component---billRunCalcResult--contractBillRunDate","interaction":{"idSuffix":"inner"}},"wdio_ui5_key":"applicationmanagebillings-display-component---billRunCalcResult--contractBillRunDate"}]}
RESULT: undefined
COMMAND: POST /session/d3cdda6f06e006695550ea94201d0e31/execute/async - {"script":"<script> [776 bytes]","args":[{"enterText":"6/21/25","selector":{"id":"application-managebillings-display-component---billRunCalcResult--contractBillRunDate","interaction":{"idSuffix":"inner"}},"clearTextFirst":true,"interactionType":"ENTER_TEXT"}]}
RESULT: {"script":"<script> [776 bytes]","args":[{"enterText":"6/21/25","selector":{"id":"application-managebillings-display-component---billRunCalcResult--contractBillRunDate","interaction":{"idSuffix":"inner"}},"clearTextFirst":true,"interactionType":"ENTER_TEXT"}]}
COMMAND: POST /session/d3cdda6f06e006695550ea94201d0e31/element - {"using":"xpath","value":"//bdi[contains(text(), \"Trigger Calculation\")]"}
RESULT: {"using":"xpath","value":"//bdi[contains(text(), \"Trigger Calculation\")]"}
COMMAND: POST /session/d3cdda6f06e006695550ea94201d0e31/element/f.CF3EA173C6DD6742E6FF2C1FCC3ADAA5.d.B920192F3A9E7958E0D78C9A3F40875B.e.14566/click - {}
RESULT: {}
COMMAND: GET /session/d3cdda6f06e006695550ea94201d0e31/screenshot - {}
RESULT: {}
COMMAND: POST /session/d3cdda6f06e006695550ea94201d0e31/element - {"using":"xpath","value":"(//span[contains(@id, \"imgNav\")])[1]"}
RESULT: {"using":"xpath","value":"(//span[contains(@id, \"imgNav\")])[1]"}
COMMAND: POST /session/d3cdda6f06e006695550ea94201d0e31/element/f.CF3EA173C6DD6742E6FF2C1FCC3ADAA5.d.B920192F3A9E7958E0D78C9A3F40875B.e.14549/click - {}
RESULT: {}
COMMAND: GET /session/d3cdda6f06e006695550ea94201d0e31/screenshot - {}
RESULT: {}
COMMAND: POST /session/d3cdda6f06e006695550ea94201d0e31/element - {"using":"xpath","value":"//tr/td[6]/div[1]/span[1]/span[1]"}
RESULT: {"using":"xpath","value":"//tr/td[6]/div[1]/span[1]/span[1]"}
COMMAND: GET /session/d3cdda6f06e006695550ea94201d0e31/element/f.CF3EA173C6DD6742E6FF2C1FCC3ADAA5.d.B920192F3A9E7958E0D78C9A3F40875B.e.14571/text - {}
RESULT: {}
COMMAND: POST /session/d3cdda6f06e006695550ea94201d0e31/element - {"using":"xpath","value":"(//span[contains(@id, \"imgNav\")])[2]"}
RESULT: {"using":"xpath","value":"(//span[contains(@id, \"imgNav\")])[2]"}
COMMAND: POST /session/d3cdda6f06e006695550ea94201d0e31/element/f.CF3EA173C6DD6742E6FF2C1FCC3ADAA5.d.B920192F3A9E7958E0D78C9A3F40875B.e.14572/click - {}
RESULT: {}
COMMAND: POST /session/d3cdda6f06e006695550ea94201d0e31/element - {"using":"xpath","value":"//bdi[contains(text(), \"Business Confirm\")]"}
COMMAND: GET /session/d3cdda6f06e006695550ea94201d0e31/screenshot - {}
RESULT: {"using":"xpath","value":"//bdi[contains(text(), \"Business Confirm\")]"}
COMMAND: POST /session/d3cdda6f06e006695550ea94201d0e31/elements - {"using":"xpath","value":"//bdi[contains(text(), \"Business Confirm\")]"}
RESULT: {}
RESULT: {"using":"xpath","value":"//bdi[contains(text(), \"Business Confirm\")]"}
COMMAND: POST /session/d3cdda6f06e006695550ea94201d0e31/elements - {"using":"xpath","value":"//bdi[contains(text(), \"Business Confirm\")]"}
RESULT: {"using":"xpath","value":"//bdi[contains(text(), \"Business Confirm\")]"}
COMMAND: POST /session/d3cdda6f06e006695550ea94201d0e31/element - {"using":"xpath","value":"//bdi[contains(text(), \"Business Confirm\")]"}
RESULT: {"using":"xpath","value":"//bdi[contains(text(), \"Business Confirm\")]"}
COMMAND: POST /session/d3cdda6f06e006695550ea94201d0e31/element/f.CF3EA173C6DD6742E6FF2C1FCC3ADAA5.d.B920192F3A9E7958E0D78C9A3F40875B.e.14575/click - {}
COMMAND: POST /session/d3cdda6f06e006695550ea94201d0e31/element - {"using":"xpath","value":"//bdi[contains(text(), \"Business Confirm\")]"}
RESULT: {"using":"xpath","value":"//bdi[contains(text(), \"Business Confirm\")]"}
COMMAND: POST /session/d3cdda6f06e006695550ea94201d0e31/element/f.CF3EA173C6DD6742E6FF2C1FCC3ADAA5.d.B920192F3A9E7958E0D78C9A3F40875B.e.14575/click - {}
COMMAND: POST /session/d3cdda6f06e006695550ea94201d0e31/element - {"using":"xpath","value":"//bdi[contains(text(), \"Business Confirm\")]"}
RESULT: {"using":"xpath","value":"//bdi[contains(text(), \"Business Confirm\")]"}
COMMAND: POST /session/d3cdda6f06e006695550ea94201d0e31/element/f.CF3EA173C6DD6742E6FF2C1FCC3ADAA5.d.B920192F3A9E7958E0D78C9A3F40875B.e.14615/click - {}
RESULT: {}
COMMAND: POST /session/d3cdda6f06e006695550ea94201d0e31/element - {"using":"css selector","value":"#shell-header-logo"}
COMMAND: GET /session/d3cdda6f06e006695550ea94201d0e31/screenshot - {}
RESULT: {"using":"css selector","value":"#shell-header-logo"}
COMMAND: POST /session/d3cdda6f06e006695550ea94201d0e31/element/f.CF3EA173C6DD6742E6FF2C1FCC3ADAA5.d.B920192F3A9E7958E0D78C9A3F40875B.e.14328/click - {}
RESULT: {}
RESULT: {}
COMMAND: GET /session/d3cdda6f06e006695550ea94201d0e31/screenshot - {}
RESULT: {}
COMMAND: POST /session/d3cdda6f06e006695550ea94201d0e31/element - {"using":"css selector","value":"#j_username"}
COMMAND: POST /session/d3cdda6f06e006695550ea94201d0e31/url - {"url":"https://qa-testing-00-live-etm-ui.cfapps.eu10-004.hana.ondemand.com/"}
RESULT: {"using":"css selector","value":"#j_username"}
COMMAND: POST /session/d3cdda6f06e006695550ea94201d0e31/element - {"using":"css selector","value":"#j_username"}
RESULT: {"url":"https://qa-testing-00-live-etm-ui.cfapps.eu10-004.hana.ondemand.com/"}
RESULT: undefined
COMMAND: GET /session/d3cdda6f06e006695550ea94201d0e31/screenshot - {}
RESULT: {"using":"css selector","value":"#j_username"}
COMMAND: POST /session/d3cdda6f06e006695550ea94201d0e31/element - {"using":"css selector","value":"#shell-header-logo"}
RESULT: {}
RESULT: {"using":"css selector","value":"#shell-header-logo"}
COMMAND: POST /session/d3cdda6f06e006695550ea94201d0e31/execute/sync - {"script":"<script> [8489 bytes]","args":[{"element-6066-11e4-a52e-4f735466cecf":"f.CF3EA173C6DD6742E6FF2C1FCC3ADAA5.d.316AEF6989975220D82969AB6C3EF1E6.e.14650","ELEMENT":"f.CF3EA173C6DD6742E6FF2C1FCC3ADAA5.d.316AEF6989975220D82969AB6C3EF1E6.e.14650"}]}
RESULT: {"script":"<script> [8489 bytes]","args":[{"element-6066-11e4-a52e-4f735466cecf":"f.CF3EA173C6DD6742E6FF2C1FCC3ADAA5.d.316AEF6989975220D82969AB6C3EF1E6.e.14650","ELEMENT":"f.CF3EA173C6DD6742E6FF2C1FCC3ADAA5.d.316AEF6989975220D82969AB6C3EF1E6.e.14650"}]}
COMMAND: POST /session/d3cdda6f06e006695550ea94201d0e31/element - {"using":"css selector","value":"#shell-header-logo"}
COMMAND: GET /session/d3cdda6f06e006695550ea94201d0e31/screenshot - {}
RESULT: {"using":"css selector","value":"#shell-header-logo"}
COMMAND: POST /session/d3cdda6f06e006695550ea94201d0e31/execute/sync - {"script":"<script> [8489 bytes]","args":[{"element-6066-11e4-a52e-4f735466cecf":"f.CF3EA173C6DD6742E6FF2C1FCC3ADAA5.d.316AEF6989975220D82969AB6C3EF1E6.e.14650","ELEMENT":"f.CF3EA173C6DD6742E6FF2C1FCC3ADAA5.d.316AEF6989975220D82969AB6C3EF1E6.e.14650"}]}
RESULT: {}
RESULT: {"script":"<script> [8489 bytes]","args":[{"element-6066-11e4-a52e-4f735466cecf":"f.CF3EA173C6DD6742E6FF2C1FCC3ADAA5.d.316AEF6989975220D82969AB6C3EF1E6.e.14650","ELEMENT":"f.CF3EA173C6DD6742E6FF2C1FCC3ADAA5.d.316AEF6989975220D82969AB6C3EF1E6.e.14650"}]}
COMMAND: POST /session/d3cdda6f06e006695550ea94201d0e31/execute/sync - {"script":"<script> [5351 bytes]","args":[{"element-6066-11e4-a52e-4f735466cecf":"f.CF3EA173C6DD6742E6FF2C1FCC3ADAA5.d.316AEF6989975220D82969AB6C3EF1E6.e.14650","ELEMENT":"f.CF3EA173C6DD6742E6FF2C1FCC3ADAA5.d.316AEF6989975220D82969AB6C3EF1E6.e.14650"}]}
COMMAND: GET /session/d3cdda6f06e006695550ea94201d0e31/screenshot - {}
RESULT: {"script":"<script> [5351 bytes]","args":[{"element-6066-11e4-a52e-4f735466cecf":"f.CF3EA173C6DD6742E6FF2C1FCC3ADAA5.d.316AEF6989975220D82969AB6C3EF1E6.e.14650","ELEMENT":"f.CF3EA173C6DD6742E6FF2C1FCC3ADAA5.d.316AEF6989975220D82969AB6C3EF1E6.e.14650"}]}
COMMAND: POST /session/d3cdda6f06e006695550ea94201d0e31/element - {"using":"css selector","value":"#shell-header-logo"}
COMMAND: GET /session/d3cdda6f06e006695550ea94201d0e31/screenshot - {}
RESULT: {}
RESULT: {"using":"css selector","value":"#shell-header-logo"}
COMMAND: POST /session/d3cdda6f06e006695550ea94201d0e31/element/f.CF3EA173C6DD6742E6FF2C1FCC3ADAA5.d.316AEF6989975220D82969AB6C3EF1E6.e.14650/click - {}
RESULT: {}
RESULT: {}
COMMAND: GET /session/d3cdda6f06e006695550ea94201d0e31/screenshot - {}
RESULT: {}
COMMAND: POST /session/d3cdda6f06e006695550ea94201d0e31/execute/async - {"script":"<script> [189 bytes]","args":[]}
RESULT: {"script":"<script> [189 bytes]","args":[]}
COMMAND: POST /session/d3cdda6f06e006695550ea94201d0e31/execute/async - {"script":"<script> [123 bytes]","args":[]}
RESULT: {"script":"<script> [123 bytes]","args":[]}
COMMAND: POST /session/d3cdda6f06e006695550ea94201d0e31/timeouts - {"script":"<number>"}
RESULT: {"script":"<number>"}
COMMAND: GET /session/d3cdda6f06e006695550ea94201d0e31/timeouts - {}
RESULT: {}
RESULT: undefined
COMMAND: POST /session/d3cdda6f06e006695550ea94201d0e31/execute/async - {"script":"<script> [2676 bytes]","args":[]}
RESULT: {"script":"<script> [2676 bytes]","args":[]}
COMMAND: POST /session/d3cdda6f06e006695550ea94201d0e31/execute/async - {"script":"<script> [2342 bytes]","args":[{"protocol":"http","hostname":"0.0.0.0","path":"/","capabilities":{"browserName":"chrome","goog:chromeOptions":{"binary":"C:\\Program Files\\Google\\Chrome\\Application\\chrome.exe","args":["--start-maximized"]}},"logLevel":"warn","connectionRetryTimeout":120000,"connectionRetryCount":3,"logLevels":{},"enableDirectConnect":true,"strictSSL":true,"_":"65 more keys: [\"cacheDir\",\"port\",\"requestedCapabilities\",\"automationProtocol\",\"baseUrl\",\"waitforInterval\",\"waitforTimeout\",\"onReload\",\"beforeCommand\",\"afterCommand\",\"rootDir\",\"specs\",\"suites\",\"exclude\",\"groupLogsByTestSpec\",\"excludeDriverLogs\",\"bail\",\"framework\",\"reporters\",\"services\",\"maxInstances\",\"maxInstancesPerCapability\",\"injectGlobals\",\"filesToWatch\",\"execArgv\",\"runnerEnv\",\"runner\",\"shard\",\"specFileRetries\",\"specFileRetriesDelay\",\"specFileRetriesDeferred\",\"reporterSyncInterval\",\"reporterSyncTimeout\",\"cucumberFeaturesWithLineNumbers\",\"autoCompileOpts\",\"mochaOpts\",\"jasmineOpts\",\"cucumberOpts\",\"onPrepare\",\"onWorkerStart\",\"onWorkerEnd\",\"before\",\"beforeSession\",\"beforeSuite\",\"beforeHook\",\"beforeTest\",\"afterTest\",\"afterHook\",\"afterSuite\",\"afterSession\",\"after\",\"onComplete\",\"beforeAssertion\",\"afterAssertion\",\"beforeFeature\",\"beforeScenario\",\"beforeStep\",\"afterStep\",\"afterScenario\",\"afterFeature\",\"_\",\"suite\",\"$0\",\"ignoredWorkerServices\",\"wdi5\"]"}]}
RESULT: {"script":"<script> [2342 bytes]","args":[{"protocol":"http","hostname":"0.0.0.0","path":"/","capabilities":{"browserName":"chrome","goog:chromeOptions":{"binary":"C:\\Program Files\\Google\\Chrome\\Application\\chrome.exe","args":["--start-maximized"]}},"logLevel":"warn","connectionRetryTimeout":120000,"connectionRetryCount":3,"logLevels":{},"enableDirectConnect":true,"strictSSL":true,"_":"65 more keys: [\"cacheDir\",\"port\",\"requestedCapabilities\",\"automationProtocol\",\"baseUrl\",\"waitforInterval\",\"waitforTimeout\",\"onReload\",\"beforeCommand\",\"afterCommand\",\"rootDir\",\"specs\",\"suites\",\"exclude\",\"groupLogsByTestSpec\",\"excludeDriverLogs\",\"bail\",\"framework\",\"reporters\",\"services\",\"maxInstances\",\"maxInstancesPerCapability\",\"injectGlobals\",\"filesToWatch\",\"execArgv\",\"runnerEnv\",\"runner\",\"shard\",\"specFileRetries\",\"specFileRetriesDelay\",\"specFileRetriesDeferred\",\"reporterSyncInterval\",\"reporterSyncTimeout\",\"cucumberFeaturesWithLineNumbers\",\"autoCompileOpts\",\"mochaOpts\",\"jasmineOpts\",\"cucumberOpts\",\"onPrepare\",\"onWorkerStart\",\"onWorkerEnd\",\"before\",\"beforeSession\",\"beforeSuite\",\"beforeHook\",\"beforeTest\",\"afterTest\",\"afterHook\",\"afterSuite\",\"afterSession\",\"after\",\"onComplete\",\"beforeAssertion\",\"afterAssertion\",\"beforeFeature\",\"beforeScenario\",\"beforeStep\",\"afterStep\",\"afterScenario\",\"afterFeature\",\"_\",\"suite\",\"$0\",\"ignoredWorkerServices\",\"wdi5\"]"}]}
COMMAND: POST /session/d3cdda6f06e006695550ea94201d0e31/execute/async - {"script":"<script> [21126 bytes]","args":[35000]}
RESULT: {"script":"<script> [21126 bytes]","args":[35000]}
COMMAND: POST /session/d3cdda6f06e006695550ea94201d0e31/window/maximize - {}
RESULT: {}
COMMAND: POST /session/d3cdda6f06e006695550ea94201d0e31/execute/async - {"script":"<script> [1562 bytes]","args":[{"selector":{"id":"shell-header","interaction":{"idSuffix":"icon"}},"wdio_ui5_key":"shellheader"}]}
COMMAND: GET /session/d3cdda6f06e006695550ea94201d0e31/screenshot - {}
RESULT: {"script":"<script> [1562 bytes]","args":[{"selector":{"id":"shell-header","interaction":{"idSuffix":"icon"}},"wdio_ui5_key":"shellheader"}]}
RESULT: undefined
COMMAND: POST /session/d3cdda6f06e006695550ea94201d0e31/refresh - {}
RESULT: {}
RESULT: {}
COMMAND: GET /session/d3cdda6f06e006695550ea94201d0e31/screenshot - {}
RESULT: {}
COMMAND: POST /session/d3cdda6f06e006695550ea94201d0e31/refresh - {}
RESULT: {}
COMMAND: GET /session/d3cdda6f06e006695550ea94201d0e31/screenshot - {}
RESULT: {}
COMMAND: POST /session/d3cdda6f06e006695550ea94201d0e31/window/fullscreen - {}
RESULT: {}
COMMAND: POST /session/d3cdda6f06e006695550ea94201d0e31/execute/async - {"script":"<script> [189 bytes]","args":[]}
RESULT: {"script":"<script> [189 bytes]","args":[]}
COMMAND: POST /session/d3cdda6f06e006695550ea94201d0e31/execute/async - {"script":"<script> [123 bytes]","args":[]}
RESULT: {"script":"<script> [123 bytes]","args":[]}
COMMAND: POST /session/d3cdda6f06e006695550ea94201d0e31/timeouts - {"script":"<number>"}
RESULT: {"script":"<number>"}
COMMAND: GET /session/d3cdda6f06e006695550ea94201d0e31/timeouts - {}
RESULT: {}
RESULT: undefined
COMMAND: POST /session/d3cdda6f06e006695550ea94201d0e31/execute/async - {"script":"<script> [2676 bytes]","args":[]}
RESULT: {"script":"<script> [2676 bytes]","args":[]}
COMMAND: POST /session/d3cdda6f06e006695550ea94201d0e31/execute/async - {"script":"<script> [2342 bytes]","args":[{"protocol":"http","hostname":"0.0.0.0","path":"/","capabilities":{"browserName":"chrome","goog:chromeOptions":{"binary":"C:\\Program Files\\Google\\Chrome\\Application\\chrome.exe","args":["--start-maximized"]}},"logLevel":"warn","connectionRetryTimeout":120000,"connectionRetryCount":3,"logLevels":{},"enableDirectConnect":true,"strictSSL":true,"_":"65 more keys: [\"cacheDir\",\"port\",\"requestedCapabilities\",\"automationProtocol\",\"baseUrl\",\"waitforInterval\",\"waitforTimeout\",\"onReload\",\"beforeCommand\",\"afterCommand\",\"rootDir\",\"specs\",\"suites\",\"exclude\",\"groupLogsByTestSpec\",\"excludeDriverLogs\",\"bail\",\"framework\",\"reporters\",\"services\",\"maxInstances\",\"maxInstancesPerCapability\",\"injectGlobals\",\"filesToWatch\",\"execArgv\",\"runnerEnv\",\"runner\",\"shard\",\"specFileRetries\",\"specFileRetriesDelay\",\"specFileRetriesDeferred\",\"reporterSyncInterval\",\"reporterSyncTimeout\",\"cucumberFeaturesWithLineNumbers\",\"autoCompileOpts\",\"mochaOpts\",\"jasmineOpts\",\"cucumberOpts\",\"onPrepare\",\"onWorkerStart\",\"onWorkerEnd\",\"before\",\"beforeSession\",\"beforeSuite\",\"beforeHook\",\"beforeTest\",\"afterTest\",\"afterHook\",\"afterSuite\",\"afterSession\",\"after\",\"onComplete\",\"beforeAssertion\",\"afterAssertion\",\"beforeFeature\",\"beforeScenario\",\"beforeStep\",\"afterStep\",\"afterScenario\",\"afterFeature\",\"_\",\"suite\",\"$0\",\"ignoredWorkerServices\",\"wdi5\"]"}]}
RESULT: {"script":"<script> [2342 bytes]","args":[{"protocol":"http","hostname":"0.0.0.0","path":"/","capabilities":{"browserName":"chrome","goog:chromeOptions":{"binary":"C:\\Program Files\\Google\\Chrome\\Application\\chrome.exe","args":["--start-maximized"]}},"logLevel":"warn","connectionRetryTimeout":120000,"connectionRetryCount":3,"logLevels":{},"enableDirectConnect":true,"strictSSL":true,"_":"65 more keys: [\"cacheDir\",\"port\",\"requestedCapabilities\",\"automationProtocol\",\"baseUrl\",\"waitforInterval\",\"waitforTimeout\",\"onReload\",\"beforeCommand\",\"afterCommand\",\"rootDir\",\"specs\",\"suites\",\"exclude\",\"groupLogsByTestSpec\",\"excludeDriverLogs\",\"bail\",\"framework\",\"reporters\",\"services\",\"maxInstances\",\"maxInstancesPerCapability\",\"injectGlobals\",\"filesToWatch\",\"execArgv\",\"runnerEnv\",\"runner\",\"shard\",\"specFileRetries\",\"specFileRetriesDelay\",\"specFileRetriesDeferred\",\"reporterSyncInterval\",\"reporterSyncTimeout\",\"cucumberFeaturesWithLineNumbers\",\"autoCompileOpts\",\"mochaOpts\",\"jasmineOpts\",\"cucumberOpts\",\"onPrepare\",\"onWorkerStart\",\"onWorkerEnd\",\"before\",\"beforeSession\",\"beforeSuite\",\"beforeHook\",\"beforeTest\",\"afterTest\",\"afterHook\",\"afterSuite\",\"afterSession\",\"after\",\"onComplete\",\"beforeAssertion\",\"afterAssertion\",\"beforeFeature\",\"beforeScenario\",\"beforeStep\",\"afterStep\",\"afterScenario\",\"afterFeature\",\"_\",\"suite\",\"$0\",\"ignoredWorkerServices\",\"wdi5\"]"}]}
COMMAND: POST /session/d3cdda6f06e006695550ea94201d0e31/execute/async - {"script":"<script> [21126 bytes]","args":[35000]}
RESULT: {"script":"<script> [21126 bytes]","args":[35000]}
]]></system-out>
    </testcase>
  </testsuite>
  <testsuite timestamp="2025-05-21T06:23:00" time="723.994" tests="13" failures="0" errors="0" skipped="0">
    <properties>
      <property name="specId" value="0" />
      <property name="suiteName" value="Performance based billing (work days) US139742" />
      <property name="capabilities" value="chrome.136_0_7103_93.windows" />
      <property name="file" value="file:///D:/a/1/s/test/specs/BTS/billing-performance-workdays.spec.js" />
    </properties>
    <testcase classname="chrome.136_0_7103_93.windows.Performance_based_billing_(work_days)_US139742" name="Should create a new yard" time="0.014">
      <system-out><![CDATA[
COMMAND: POST /session/d3cdda6f06e006695550ea94201d0e31/window/fullscreen - {}
RESULT: {}
]]></system-out>
    </testcase>
    <testcase classname="chrome.136_0_7103_93.windows.Performance_based_billing_(work_days)_US139742" name="Should create a new partner" time="0.004" />
    <testcase classname="chrome.136_0_7103_93.windows.Performance_based_billing_(work_days)_US139742" name="Should create a new site" time="0.003" />
    <testcase classname="chrome.136_0_7103_93.windows.Performance_based_billing_(work_days)_US139742" name="Should do prerequisite steps add equipment" time="123.188">
      <system-out><![CDATA[
COMMAND: POST /session/d3cdda6f06e006695550ea94201d0e31/execute/async - {"script":"<script> [1562 bytes]","args":[{"selector":{"controlType":"sap.m.GenericTile","properties":{"header":"Manage Resources"}},"wdio_ui5_key":"sapm.GenericTile{\"header\":\"Manage Resources\"}"}]}
RESULT: {"script":"<script> [1562 bytes]","args":[{"selector":{"controlType":"sap.m.GenericTile","properties":{"header":"Manage Resources"}},"wdio_ui5_key":"sapm.GenericTile{\"header\":\"Manage Resources\"}"}]}
RESULT: undefined
COMMAND: POST /session/d3cdda6f06e006695550ea94201d0e31/element - {"using":"xpath","value":"//*[@id=\"__tile39\"]"}
RESULT: {"using":"xpath","value":"//*[@id=\"__tile39\"]"}
COMMAND: POST /session/d3cdda6f06e006695550ea94201d0e31/element/f.CF3EA173C6DD6742E6FF2C1FCC3ADAA5.d.AEB8510FFC85D072722BE835B2FDA198.e.14811/click - {}
RESULT: {}
COMMAND: GET /session/d3cdda6f06e006695550ea94201d0e31/screenshot - {}
RESULT: {}
COMMAND: POST /session/d3cdda6f06e006695550ea94201d0e31/elements - {"using":"xpath","value":"//span[text()='Error']"}
RESULT: {"using":"xpath","value":"//span[text()='Error']"}
COMMAND: POST /session/d3cdda6f06e006695550ea94201d0e31/element - {"using":"xpath","value":"//button[@data-kt=\"addNewRUOverflowToolbarButton\"]"}
RESULT: {"using":"xpath","value":"//button[@data-kt=\"addNewRUOverflowToolbarButton\"]"}
COMMAND: POST /session/d3cdda6f06e006695550ea94201d0e31/elements - {"using":"xpath","value":"//button[@data-kt=\"addNewRUOverflowToolbarButton\"]"}
RESULT: {"using":"xpath","value":"//button[@data-kt=\"addNewRUOverflowToolbarButton\"]"}
COMMAND: POST /session/d3cdda6f06e006695550ea94201d0e31/execute/sync - {"script":"<script> [8489 bytes]","args":[{"element-6066-11e4-a52e-4f735466cecf":"f.CF3EA173C6DD6742E6FF2C1FCC3ADAA5.d.AEB8510FFC85D072722BE835B2FDA198.e.14943","ELEMENT":"f.CF3EA173C6DD6742E6FF2C1FCC3ADAA5.d.AEB8510FFC85D072722BE835B2FDA198.e.14943"}]}
RESULT: {"script":"<script> [8489 bytes]","args":[{"element-6066-11e4-a52e-4f735466cecf":"f.CF3EA173C6DD6742E6FF2C1FCC3ADAA5.d.AEB8510FFC85D072722BE835B2FDA198.e.14943","ELEMENT":"f.CF3EA173C6DD6742E6FF2C1FCC3ADAA5.d.AEB8510FFC85D072722BE835B2FDA198.e.14943"}]}
COMMAND: GET /session/d3cdda6f06e006695550ea94201d0e31/element/f.CF3EA173C6DD6742E6FF2C1FCC3ADAA5.d.AEB8510FFC85D072722BE835B2FDA198.e.14943/enabled - {}
COMMAND: GET /session/d3cdda6f06e006695550ea94201d0e31/screenshot - {}
RESULT: {}
COMMAND: POST /session/d3cdda6f06e006695550ea94201d0e31/execute/sync - {"script":"<script> [8489 bytes]","args":[{"element-6066-11e4-a52e-4f735466cecf":"f.CF3EA173C6DD6742E6FF2C1FCC3ADAA5.d.AEB8510FFC85D072722BE835B2FDA198.e.14943","ELEMENT":"f.CF3EA173C6DD6742E6FF2C1FCC3ADAA5.d.AEB8510FFC85D072722BE835B2FDA198.e.14943"}]}
COMMAND: GET /session/d3cdda6f06e006695550ea94201d0e31/screenshot - {}
RESULT: {}
RESULT: {"script":"<script> [8489 bytes]","args":[{"element-6066-11e4-a52e-4f735466cecf":"f.CF3EA173C6DD6742E6FF2C1FCC3ADAA5.d.AEB8510FFC85D072722BE835B2FDA198.e.14943","ELEMENT":"f.CF3EA173C6DD6742E6FF2C1FCC3ADAA5.d.AEB8510FFC85D072722BE835B2FDA198.e.14943"}]}
COMMAND: POST /session/d3cdda6f06e006695550ea94201d0e31/execute/sync - {"script":"<script> [5351 bytes]","args":[{"element-6066-11e4-a52e-4f735466cecf":"f.CF3EA173C6DD6742E6FF2C1FCC3ADAA5.d.AEB8510FFC85D072722BE835B2FDA198.e.14943","ELEMENT":"f.CF3EA173C6DD6742E6FF2C1FCC3ADAA5.d.AEB8510FFC85D072722BE835B2FDA198.e.14943"}]}
COMMAND: GET /session/d3cdda6f06e006695550ea94201d0e31/screenshot - {}
RESULT: {}
RESULT: {"script":"<script> [5351 bytes]","args":[{"element-6066-11e4-a52e-4f735466cecf":"f.CF3EA173C6DD6742E6FF2C1FCC3ADAA5.d.AEB8510FFC85D072722BE835B2FDA198.e.14943","ELEMENT":"f.CF3EA173C6DD6742E6FF2C1FCC3ADAA5.d.AEB8510FFC85D072722BE835B2FDA198.e.14943"}]}
COMMAND: POST /session/d3cdda6f06e006695550ea94201d0e31/element/f.CF3EA173C6DD6742E6FF2C1FCC3ADAA5.d.AEB8510FFC85D072722BE835B2FDA198.e.14943/click - {}
COMMAND: GET /session/d3cdda6f06e006695550ea94201d0e31/screenshot - {}
RESULT: {}
RESULT: {}
COMMAND: GET /session/d3cdda6f06e006695550ea94201d0e31/screenshot - {}
RESULT: {}
COMMAND: POST /session/d3cdda6f06e006695550ea94201d0e31/execute/async - {"script":"<script> [1562 bytes]","args":[{"selector":{"id":"application-manageresources-display-component---newResourceUnit--TYPE-arrow"},"wdio_ui5_key":"applicationmanageresources-display-component---newResourceUnit--TYPE-arrow"}]}
RESULT: {}
RESULT: {"script":"<script> [1562 bytes]","args":[{"selector":{"id":"application-manageresources-display-component---newResourceUnit--TYPE-arrow"},"wdio_ui5_key":"applicationmanageresources-display-component---newResourceUnit--TYPE-arrow"}]}
RESULT: undefined
COMMAND: POST /session/d3cdda6f06e006695550ea94201d0e31/element - {"using":"xpath","value":"//*[@id=\"application-manageresources-display-component---newResourceUnit--TYPE-arrow\"]"}
RESULT: {"using":"xpath","value":"//*[@id=\"application-manageresources-display-component---newResourceUnit--TYPE-arrow\"]"}
COMMAND: POST /session/d3cdda6f06e006695550ea94201d0e31/element/f.CF3EA173C6DD6742E6FF2C1FCC3ADAA5.d.AEB8510FFC85D072722BE835B2FDA198.e.15327/click - {}
RESULT: {}
COMMAND: POST /session/d3cdda6f06e006695550ea94201d0e31/element - {"using":"xpath","value":"//input[@id=\"application-manageresources-display-component---newResourceUnit--TYPE-inner\"]"}
COMMAND: GET /session/d3cdda6f06e006695550ea94201d0e31/screenshot - {}
RESULT: {"using":"xpath","value":"//input[@id=\"application-manageresources-display-component---newResourceUnit--TYPE-inner\"]"}
COMMAND: POST /session/d3cdda6f06e006695550ea94201d0e31/element/f.CF3EA173C6DD6742E6FF2C1FCC3ADAA5.d.AEB8510FFC85D072722BE835B2FDA198.e.15294/clear - {}
RESULT: {}
RESULT: {}
COMMAND: POST /session/d3cdda6f06e006695550ea94201d0e31/element/f.CF3EA173C6DD6742E6FF2C1FCC3ADAA5.d.AEB8510FFC85D072722BE835B2FDA198.e.15294/value - {"text":"Equipment"}
COMMAND: GET /session/d3cdda6f06e006695550ea94201d0e31/screenshot - {}
RESULT: {"text":"Equipment"}
COMMAND: GET /session/d3cdda6f06e006695550ea94201d0e31/screenshot - {}
RESULT: {}
RESULT: {}
COMMAND: POST /session/d3cdda6f06e006695550ea94201d0e31/actions - {"actions":[{"id":"action50","type":"key","parameters":{},"actions":[{"type":"keyDown","value":"î€‡"},{"type":"pause","duration":10},{"type":"keyUp","value":"î€‡"}]}]}
RESULT: {"actions":[{"id":"action50","type":"key","parameters":{},"actions":[{"type":"keyDown","value":"î€‡"},{"type":"pause","duration":10},{"type":"keyUp","value":"î€‡"}]}]}
COMMAND: POST /session/d3cdda6f06e006695550ea94201d0e31/execute/async - {"script":"<script> [1562 bytes]","args":[{"selector":{"id":"application-manageresources-display-component---newResourceUnit--resourceId","interaction":{"idSuffix":"inner"}},"wdio_ui5_key":"applicationmanageresources-display-component---newResourceUnit--resourceId"}]}
COMMAND: GET /session/d3cdda6f06e006695550ea94201d0e31/screenshot - {}
RESULT: {"script":"<script> [1562 bytes]","args":[{"selector":{"id":"application-manageresources-display-component---newResourceUnit--resourceId","interaction":{"idSuffix":"inner"}},"wdio_ui5_key":"applicationmanageresources-display-component---newResourceUnit--resourceId"}]}
RESULT: undefined
COMMAND: POST /session/d3cdda6f06e006695550ea94201d0e31/execute/async - {"script":"<script> [776 bytes]","args":[{"enterText":"ddAMNJdQ2w","selector":{"id":"application-manageresources-display-component---newResourceUnit--resourceId","interaction":{"idSuffix":"inner"}},"clearTextFirst":true,"interactionType":"ENTER_TEXT"}]}
RESULT: {}
RESULT: {"script":"<script> [776 bytes]","args":[{"enterText":"ddAMNJdQ2w","selector":{"id":"application-manageresources-display-component---newResourceUnit--resourceId","interaction":{"idSuffix":"inner"}},"clearTextFirst":true,"interactionType":"ENTER_TEXT"}]}
COMMAND: POST /session/d3cdda6f06e006695550ea94201d0e31/execute/async - {"script":"<script> [1562 bytes]","args":[{"selector":{"id":"application-manageresources-display-component---newResourceUnit--SHORT_TEXT","interaction":{"idSuffix":"inner"}},"wdio_ui5_key":"applicationmanageresources-display-component---newResourceUnit--SHORT_TEXT"}]}
RESULT: {"script":"<script> [1562 bytes]","args":[{"selector":{"id":"application-manageresources-display-component---newResourceUnit--SHORT_TEXT","interaction":{"idSuffix":"inner"}},"wdio_ui5_key":"applicationmanageresources-display-component---newResourceUnit--SHORT_TEXT"}]}
RESULT: undefined
COMMAND: POST /session/d3cdda6f06e006695550ea94201d0e31/execute/async - {"script":"<script> [776 bytes]","args":[{"enterText":"Intercompany Equipment WDIO","selector":{"id":"application-manageresources-display-component---newResourceUnit--SHORT_TEXT","interaction":{"idSuffix":"inner"}},"clearTextFirst":true,"interactionType":"ENTER_TEXT"}]}
RESULT: {"script":"<script> [776 bytes]","args":[{"enterText":"Intercompany Equipment WDIO","selector":{"id":"application-manageresources-display-component---newResourceUnit--SHORT_TEXT","interaction":{"idSuffix":"inner"}},"clearTextFirst":true,"interactionType":"ENTER_TEXT"}]}
COMMAND: POST /session/d3cdda6f06e006695550ea94201d0e31/execute/async - {"script":"<script> [1562 bytes]","args":[{"selector":{"id":"application-manageresources-display-component---newResourceUnit--BASE_UNIT_OF_MEASURE","interaction":{"idSuffix":"inner"}},"wdio_ui5_key":"applicationmanageresources-display-component---newResourceUnit--BASE_UNIT_OF_MEASURE"}]}
RESULT: {"script":"<script> [1562 bytes]","args":[{"selector":{"id":"application-manageresources-display-component---newResourceUnit--BASE_UNIT_OF_MEASURE","interaction":{"idSuffix":"inner"}},"wdio_ui5_key":"applicationmanageresources-display-component---newResourceUnit--BASE_UNIT_OF_MEASURE"}]}
RESULT: undefined
COMMAND: POST /session/d3cdda6f06e006695550ea94201d0e31/execute/async - {"script":"<script> [776 bytes]","args":[{"enterText":"Piece","selector":{"id":"application-manageresources-display-component---newResourceUnit--BASE_UNIT_OF_MEASURE","interaction":{"idSuffix":"inner"}},"clearTextFirst":true,"interactionType":"ENTER_TEXT"}]}
RESULT: {"script":"<script> [776 bytes]","args":[{"enterText":"Piece","selector":{"id":"application-manageresources-display-component---newResourceUnit--BASE_UNIT_OF_MEASURE","interaction":{"idSuffix":"inner"}},"clearTextFirst":true,"interactionType":"ENTER_TEXT"}]}
COMMAND: POST /session/d3cdda6f06e006695550ea94201d0e31/execute/async - {"script":"<script> [1562 bytes]","args":[{"selector":{"id":"application-manageresources-display-component---newResourceUnit--WEIGHT_UNIT","interaction":{"idSuffix":"inner"}},"wdio_ui5_key":"applicationmanageresources-display-component---newResourceUnit--WEIGHT_UNIT"}]}
RESULT: {"script":"<script> [1562 bytes]","args":[{"selector":{"id":"application-manageresources-display-component---newResourceUnit--WEIGHT_UNIT","interaction":{"idSuffix":"inner"}},"wdio_ui5_key":"applicationmanageresources-display-component---newResourceUnit--WEIGHT_UNIT"}]}
RESULT: undefined
COMMAND: POST /session/d3cdda6f06e006695550ea94201d0e31/execute/async - {"script":"<script> [776 bytes]","args":[{"enterText":"Gram","selector":{"id":"application-manageresources-display-component---newResourceUnit--WEIGHT_UNIT","interaction":{"idSuffix":"inner"}},"clearTextFirst":true,"interactionType":"ENTER_TEXT"}]}
RESULT: {"script":"<script> [776 bytes]","args":[{"enterText":"Gram","selector":{"id":"application-manageresources-display-component---newResourceUnit--WEIGHT_UNIT","interaction":{"idSuffix":"inner"}},"clearTextFirst":true,"interactionType":"ENTER_TEXT"}]}
COMMAND: POST /session/d3cdda6f06e006695550ea94201d0e31/execute/async - {"script":"<script> [1562 bytes]","args":[{"selector":{"id":"application-manageresources-display-component---newResourceUnit--DIMENSION_UNIT","interaction":{"idSuffix":"inner"}},"wdio_ui5_key":"applicationmanageresources-display-component---newResourceUnit--DIMENSION_UNIT"}]}
RESULT: {"script":"<script> [1562 bytes]","args":[{"selector":{"id":"application-manageresources-display-component---newResourceUnit--DIMENSION_UNIT","interaction":{"idSuffix":"inner"}},"wdio_ui5_key":"applicationmanageresources-display-component---newResourceUnit--DIMENSION_UNIT"}]}
RESULT: undefined
COMMAND: POST /session/d3cdda6f06e006695550ea94201d0e31/execute/async - {"script":"<script> [776 bytes]","args":[{"enterText":"Meter","selector":{"id":"application-manageresources-display-component---newResourceUnit--DIMENSION_UNIT","interaction":{"idSuffix":"inner"}},"clearTextFirst":true,"interactionType":"ENTER_TEXT"}]}
RESULT: {"script":"<script> [776 bytes]","args":[{"enterText":"Meter","selector":{"id":"application-manageresources-display-component---newResourceUnit--DIMENSION_UNIT","interaction":{"idSuffix":"inner"}},"clearTextFirst":true,"interactionType":"ENTER_TEXT"}]}
COMMAND: POST /session/d3cdda6f06e006695550ea94201d0e31/execute/async - {"script":"<script> [1562 bytes]","args":[{"selector":{"id":"application-manageresources-display-component---newResourceUnit--newRRUPage-anchBar-application-manageresources-display-component---newResourceUnit--control-anchor","interaction":{"idSuffix":"BDI-content"}},"wdio_ui5_key":"applicationmanageresources-display-component---newResourceUnit--newRRUPage-anchBar-application-manageresources-display-component---newResourceUnit--control-anchor"}]}
RESULT: {"script":"<script> [1562 bytes]","args":[{"selector":{"id":"application-manageresources-display-component---newResourceUnit--newRRUPage-anchBar-application-manageresources-display-component---newResourceUnit--control-anchor","interaction":{"idSuffix":"BDI-content"}},"wdio_ui5_key":"applicationmanageresources-display-component---newResourceUnit--newRRUPage-anchBar-application-manageresources-display-component---newResourceUnit--control-anchor"}]}
RESULT: undefined
COMMAND: POST /session/d3cdda6f06e006695550ea94201d0e31/element - {"using":"xpath","value":"//*[@id=\"application-manageresources-display-component---newResourceUnit--newRRUPage-anchBar-application-manageresources-display-component---newResourceUnit--control-anchor\"]"}
RESULT: {"using":"xpath","value":"//*[@id=\"application-manageresources-display-component---newResourceUnit--newRRUPage-anchBar-application-manageresources-display-component---newResourceUnit--control-anchor\"]"}
COMMAND: POST /session/d3cdda6f06e006695550ea94201d0e31/element/f.CF3EA173C6DD6742E6FF2C1FCC3ADAA5.d.AEB8510FFC85D072722BE835B2FDA198.e.15460/click - {}
RESULT: {}
COMMAND: POST /session/d3cdda6f06e006695550ea94201d0e31/execute/async - {"script":"<script> [1562 bytes]","args":[{"selector":{"id":"application-manageresources-display-component---newResourceUnit--PLANNING_GROUP","interaction":{"idSuffix":"inner"}},"wdio_ui5_key":"applicationmanageresources-display-component---newResourceUnit--PLANNING_GROUP"}]}
COMMAND: GET /session/d3cdda6f06e006695550ea94201d0e31/screenshot - {}
RESULT: {"script":"<script> [1562 bytes]","args":[{"selector":{"id":"application-manageresources-display-component---newResourceUnit--PLANNING_GROUP","interaction":{"idSuffix":"inner"}},"wdio_ui5_key":"applicationmanageresources-display-component---newResourceUnit--PLANNING_GROUP"}]}
RESULT: undefined
COMMAND: POST /session/d3cdda6f06e006695550ea94201d0e31/execute/async - {"script":"<script> [776 bytes]","args":[{"enterText":"Heavy Equi","selector":{"id":"application-manageresources-display-component---newResourceUnit--PLANNING_GROUP","interaction":{"idSuffix":"inner"}},"clearTextFirst":true,"interactionType":"ENTER_TEXT"}]}
RESULT: {}
RESULT: {"script":"<script> [776 bytes]","args":[{"enterText":"Heavy Equi","selector":{"id":"application-manageresources-display-component---newResourceUnit--PLANNING_GROUP","interaction":{"idSuffix":"inner"}},"clearTextFirst":true,"interactionType":"ENTER_TEXT"}]}
COMMAND: POST /session/d3cdda6f06e006695550ea94201d0e31/execute/async - {"script":"<script> [1562 bytes]","args":[{"selector":{"id":"application-manageresources-display-component---newResourceUnit--ITEM_TYPE-arrow"},"wdio_ui5_key":"applicationmanageresources-display-component---newResourceUnit--ITEM_TYPE-arrow"}]}
RESULT: {"script":"<script> [1562 bytes]","args":[{"selector":{"id":"application-manageresources-display-component---newResourceUnit--ITEM_TYPE-arrow"},"wdio_ui5_key":"applicationmanageresources-display-component---newResourceUnit--ITEM_TYPE-arrow"}]}
RESULT: undefined
COMMAND: POST /session/d3cdda6f06e006695550ea94201d0e31/element - {"using":"xpath","value":"//*[@id=\"application-manageresources-display-component---newResourceUnit--ITEM_TYPE-arrow\"]"}
RESULT: {"using":"xpath","value":"//*[@id=\"application-manageresources-display-component---newResourceUnit--ITEM_TYPE-arrow\"]"}
COMMAND: POST /session/d3cdda6f06e006695550ea94201d0e31/element/f.CF3EA173C6DD6742E6FF2C1FCC3ADAA5.d.AEB8510FFC85D072722BE835B2FDA198.e.15467/click - {}
RESULT: {}
COMMAND: POST /session/d3cdda6f06e006695550ea94201d0e31/element - {"using":"xpath","value":"(//span[contains(text(), \"Resource Unit\")])[2]"}
COMMAND: GET /session/d3cdda6f06e006695550ea94201d0e31/screenshot - {}
RESULT: {"using":"xpath","value":"(//span[contains(text(), \"Resource Unit\")])[2]"}
COMMAND: POST /session/d3cdda6f06e006695550ea94201d0e31/element/f.CF3EA173C6DD6742E6FF2C1FCC3ADAA5.d.AEB8510FFC85D072722BE835B2FDA198.e.15468/click - {}
RESULT: {}
RESULT: {}
COMMAND: GET /session/d3cdda6f06e006695550ea94201d0e31/screenshot - {}
RESULT: {}
COMMAND: POST /session/d3cdda6f06e006695550ea94201d0e31/element - {"using":"css selector","value":"#application-manageresources-display-component---newResourceUnit--btnAddTimeSegment"}
RESULT: {"using":"css selector","value":"#application-manageresources-display-component---newResourceUnit--btnAddTimeSegment"}
COMMAND: GET /session/d3cdda6f06e006695550ea94201d0e31/element/f.CF3EA173C6DD6742E6FF2C1FCC3ADAA5.d.AEB8510FFC85D072722BE835B2FDA198.e.15469/rect - {}
RESULT: {}
COMMAND: GET /session/d3cdda6f06e006695550ea94201d0e31/window/rect - {}
RESULT: {}
COMMAND: POST /session/d3cdda6f06e006695550ea94201d0e31/execute/sync - {"script":"<script> [92 bytes]","args":[]}
RESULT: {"script":"<script> [92 bytes]","args":[]}
COMMAND: POST /session/d3cdda6f06e006695550ea94201d0e31/actions - {"actions":[{"id":"action51","type":"wheel","parameters":{},"actions":[{"type":"scroll","x":-1888,"y":-32,"deltaX":0,"deltaY":0,"duration":0,"origin":{"element-6066-11e4-a52e-4f735466cecf":"f.CF3EA173C6DD6742E6FF2C1FCC3ADAA5.d.AEB8510FFC85D072722BE835B2FDA198.e.15469"}}]}]}
COMMAND: GET /session/d3cdda6f06e006695550ea94201d0e31/screenshot - {}
RESULT: {}
COMMAND: POST /session/d3cdda6f06e006695550ea94201d0e31/execute/sync - {"script":"<script> [79 bytes]","args":[{"element-6066-11e4-a52e-4f735466cecf":"f.CF3EA173C6DD6742E6FF2C1FCC3ADAA5.d.AEB8510FFC85D072722BE835B2FDA198.e.15469","ELEMENT":"f.CF3EA173C6DD6742E6FF2C1FCC3ADAA5.d.AEB8510FFC85D072722BE835B2FDA198.e.15469"},{"block":"start","inline":"nearest"}]}
RESULT: {"script":"<script> [79 bytes]","args":[{"element-6066-11e4-a52e-4f735466cecf":"f.CF3EA173C6DD6742E6FF2C1FCC3ADAA5.d.AEB8510FFC85D072722BE835B2FDA198.e.15469","ELEMENT":"f.CF3EA173C6DD6742E6FF2C1FCC3ADAA5.d.AEB8510FFC85D072722BE835B2FDA198.e.15469"},{"block":"start","inline":"nearest"}]}
COMMAND: POST /session/d3cdda6f06e006695550ea94201d0e31/execute/async - {"script":"<script> [1562 bytes]","args":[{"selector":{"id":"application-manageresources-display-component---newResourceUnit--btnAddTimeSegment","interaction":{"idSuffix":"inner"}},"wdio_ui5_key":"applicationmanageresources-display-component---newResourceUnit--btnAddTimeSegment"}]}
COMMAND: GET /session/d3cdda6f06e006695550ea94201d0e31/screenshot - {}
RESULT: {"script":"<script> [1562 bytes]","args":[{"selector":{"id":"application-manageresources-display-component---newResourceUnit--btnAddTimeSegment","interaction":{"idSuffix":"inner"}},"wdio_ui5_key":"applicationmanageresources-display-component---newResourceUnit--btnAddTimeSegment"}]}
RESULT: undefined
COMMAND: POST /session/d3cdda6f06e006695550ea94201d0e31/element - {"using":"xpath","value":"//*[@id=\"application-manageresources-display-component---newResourceUnit--btnAddTimeSegment\"]"}
RESULT: {}
RESULT: {"using":"xpath","value":"//*[@id=\"application-manageresources-display-component---newResourceUnit--btnAddTimeSegment\"]"}
COMMAND: POST /session/d3cdda6f06e006695550ea94201d0e31/element/f.CF3EA173C6DD6742E6FF2C1FCC3ADAA5.d.AEB8510FFC85D072722BE835B2FDA198.e.15469/click - {}
RESULT: {}
COMMAND: GET /session/d3cdda6f06e006695550ea94201d0e31/screenshot - {}
RESULT: {}
COMMAND: POST /session/d3cdda6f06e006695550ea94201d0e31/element - {"using":"xpath","value":"//input[@id=\"application-manageresources-display-component---newResourceUnit--idRuTSAdmin-application-manageresources-display-component---newResourceUnit--RUTimeSegment-0-inner\"]"}
RESULT: {"using":"xpath","value":"//input[@id=\"application-manageresources-display-component---newResourceUnit--idRuTSAdmin-application-manageresources-display-component---newResourceUnit--RUTimeSegment-0-inner\"]"}
COMMAND: POST /session/d3cdda6f06e006695550ea94201d0e31/element/f.CF3EA173C6DD6742E6FF2C1FCC3ADAA5.d.AEB8510FFC85D072722BE835B2FDA198.e.15475/clear - {}
RESULT: {}
COMMAND: POST /session/d3cdda6f06e006695550ea94201d0e31/element/f.CF3EA173C6DD6742E6FF2C1FCC3ADAA5.d.AEB8510FFC85D072722BE835B2FDA198.e.15475/value - {"text":"621"}
COMMAND: GET /session/d3cdda6f06e006695550ea94201d0e31/screenshot - {}
RESULT: {"text":"621"}
COMMAND: GET /session/d3cdda6f06e006695550ea94201d0e31/screenshot - {}
RESULT: {}
RESULT: {}
COMMAND: POST /session/d3cdda6f06e006695550ea94201d0e31/element - {"using":"xpath","value":"//li[.//span[text()='621']]"}
RESULT: {"using":"xpath","value":"//li[.//span[text()='621']]"}
COMMAND: POST /session/d3cdda6f06e006695550ea94201d0e31/element/f.CF3EA173C6DD6742E6FF2C1FCC3ADAA5.d.AEB8510FFC85D072722BE835B2FDA198.e.15487/click - {}
RESULT: {}
COMMAND: GET /session/d3cdda6f06e006695550ea94201d0e31/screenshot - {}
RESULT: {}
COMMAND: POST /session/d3cdda6f06e006695550ea94201d0e31/element - {"using":"xpath","value":"(//span[contains(@id, \"-application-manageresources-display-component---newResourceUnit--RUTimeSegment-0-arrow\")])[6]"}
RESULT: {"using":"xpath","value":"(//span[contains(@id, \"-application-manageresources-display-component---newResourceUnit--RUTimeSegment-0-arrow\")])[6]"}
COMMAND: POST /session/d3cdda6f06e006695550ea94201d0e31/element/f.CF3EA173C6DD6742E6FF2C1FCC3ADAA5.d.AEB8510FFC85D072722BE835B2FDA198.e.15488/click - {}
RESULT: {}
COMMAND: GET /session/d3cdda6f06e006695550ea94201d0e31/screenshot - {}
RESULT: {}
COMMAND: POST /session/d3cdda6f06e006695550ea94201d0e31/element - {"using":"xpath","value":"//span[contains(text(), \"PM Order\")]"}
RESULT: {"using":"xpath","value":"//span[contains(text(), \"PM Order\")]"}
COMMAND: POST /session/d3cdda6f06e006695550ea94201d0e31/element/f.CF3EA173C6DD6742E6FF2C1FCC3ADAA5.d.AEB8510FFC85D072722BE835B2FDA198.e.15491/click - {}
RESULT: {}
COMMAND: GET /session/d3cdda6f06e006695550ea94201d0e31/screenshot - {}
RESULT: {}
COMMAND: POST /session/d3cdda6f06e006695550ea94201d0e31/element - {"using":"xpath","value":"(//span[contains(@id ,\"manageresources-display-component---newResourceUnit--RUTimeSegment-0-vhi\")])[1]"}
RESULT: {"using":"xpath","value":"(//span[contains(@id ,\"manageresources-display-component---newResourceUnit--RUTimeSegment-0-vhi\")])[1]"}
COMMAND: GET /session/d3cdda6f06e006695550ea94201d0e31/element/f.CF3EA173C6DD6742E6FF2C1FCC3ADAA5.d.AEB8510FFC85D072722BE835B2FDA198.e.15495/rect - {}
RESULT: {}
COMMAND: GET /session/d3cdda6f06e006695550ea94201d0e31/window/rect - {}
RESULT: {}
COMMAND: POST /session/d3cdda6f06e006695550ea94201d0e31/execute/sync - {"script":"<script> [92 bytes]","args":[]}
RESULT: {"script":"<script> [92 bytes]","args":[]}
COMMAND: POST /session/d3cdda6f06e006695550ea94201d0e31/actions - {"actions":[{"id":"action52","type":"wheel","parameters":{},"actions":[{"type":"scroll","x":-869,"y":-24,"deltaX":0,"deltaY":0,"duration":0,"origin":{"element-6066-11e4-a52e-4f735466cecf":"f.CF3EA173C6DD6742E6FF2C1FCC3ADAA5.d.AEB8510FFC85D072722BE835B2FDA198.e.15495"}}]}]}
COMMAND: GET /session/d3cdda6f06e006695550ea94201d0e31/screenshot - {}
RESULT: {"actions":[{"id":"action52","type":"wheel","parameters":{},"actions":[{"type":"scroll","x":-869,"y":-24,"deltaX":0,"deltaY":0,"duration":0,"origin":{"element-6066-11e4-a52e-4f735466cecf":"f.CF3EA173C6DD6742E6FF2C1FCC3ADAA5.d.AEB8510FFC85D072722BE835B2FDA198.e.15495"}}]}]}
COMMAND: DELETE /session/d3cdda6f06e006695550ea94201d0e31/actions - {}
COMMAND: GET /session/d3cdda6f06e006695550ea94201d0e31/screenshot - {}
RESULT: {}
RESULT: {}
COMMAND: GET /session/d3cdda6f06e006695550ea94201d0e31/screenshot - {}
RESULT: {}
RESULT: {}
COMMAND: POST /session/d3cdda6f06e006695550ea94201d0e31/element/f.CF3EA173C6DD6742E6FF2C1FCC3ADAA5.d.AEB8510FFC85D072722BE835B2FDA198.e.15495/click - {}
RESULT: {}
COMMAND: GET /session/d3cdda6f06e006695550ea94201d0e31/screenshot - {}
RESULT: {}
COMMAND: POST /session/d3cdda6f06e006695550ea94201d0e31/execute/async - {"script":"<script> [1562 bytes]","args":[{"selector":{"controlType":"sap.m.SearchField","properties":{"placeholder":"Search"},"searchOpenDialogs":true,"interaction":{"idSuffix":"I"}},"wdio_ui5_key":"sapm.SearchField{\"placeholder\":\"Search\"}"}]}
RESULT: {"script":"<script> [1562 bytes]","args":[{"selector":{"controlType":"sap.m.SearchField","properties":{"placeholder":"Search"},"searchOpenDialogs":true,"interaction":{"idSuffix":"I"}},"wdio_ui5_key":"sapm.SearchField{\"placeholder\":\"Search\"}"}]}
RESULT: undefined
COMMAND: POST /session/d3cdda6f06e006695550ea94201d0e31/execute/async - {"script":"<script> [776 bytes]","args":[{"enterText":"4000360","selector":{"controlType":"sap.m.SearchField","properties":{"placeholder":"Search"},"searchOpenDialogs":true,"interaction":{"idSuffix":"I"}},"clearTextFirst":true,"interactionType":"ENTER_TEXT"}]}
RESULT: {"script":"<script> [776 bytes]","args":[{"enterText":"4000360","selector":{"controlType":"sap.m.SearchField","properties":{"placeholder":"Search"},"searchOpenDialogs":true,"interaction":{"idSuffix":"I"}},"clearTextFirst":true,"interactionType":"ENTER_TEXT"}]}
COMMAND: POST /session/d3cdda6f06e006695550ea94201d0e31/actions - {"actions":[{"id":"action53","type":"key","parameters":{},"actions":[{"type":"keyDown","value":"î€‡"},{"type":"pause","duration":10},{"type":"keyUp","value":"î€‡"}]}]}
RESULT: {"actions":[{"id":"action53","type":"key","parameters":{},"actions":[{"type":"keyDown","value":"î€‡"},{"type":"pause","duration":10},{"type":"keyUp","value":"î€‡"}]}]}
COMMAND: GET /session/d3cdda6f06e006695550ea94201d0e31/screenshot - {}
RESULT: {}
COMMAND: POST /session/d3cdda6f06e006695550ea94201d0e31/element - {"using":"xpath","value":"//td/div/span[contains(text(), \"BGL Vehicles\")]"}
RESULT: {"using":"xpath","value":"//td/div/span[contains(text(), \"BGL Vehicles\")]"}
COMMAND: POST /session/d3cdda6f06e006695550ea94201d0e31/element/f.CF3EA173C6DD6742E6FF2C1FCC3ADAA5.d.AEB8510FFC85D072722BE835B2FDA198.e.15517/click - {}
RESULT: {}
COMMAND: GET /session/d3cdda6f06e006695550ea94201d0e31/screenshot - {}
RESULT: {}
COMMAND: POST /session/d3cdda6f06e006695550ea94201d0e31/element - {"using":"xpath","value":"//bdi[contains(text(), \"OK\")]"}
RESULT: {"using":"xpath","value":"//bdi[contains(text(), \"OK\")]"}
COMMAND: POST /session/d3cdda6f06e006695550ea94201d0e31/element/f.CF3EA173C6DD6742E6FF2C1FCC3ADAA5.d.AEB8510FFC85D072722BE835B2FDA198.e.15518/click - {}
RESULT: {}
COMMAND: GET /session/d3cdda6f06e006695550ea94201d0e31/screenshot - {}
RESULT: {}
COMMAND: POST /session/d3cdda6f06e006695550ea94201d0e31/execute/async - {"script":"<script> [1562 bytes]","args":[{"selector":{"id":"application-manageresources-display-component---newResourceUnit--newRRUPage-anchBar-application-manageresources-display-component---newResourceUnit--resource-anchor","interaction":{"idSuffix":"BDI-content"}},"wdio_ui5_key":"applicationmanageresources-display-component---newResourceUnit--newRRUPage-anchBar-application-manageresources-display-component---newResourceUnit--resource-anchor"}]}
RESULT: {"script":"<script> [1562 bytes]","args":[{"selector":{"id":"application-manageresources-display-component---newResourceUnit--newRRUPage-anchBar-application-manageresources-display-component---newResourceUnit--resource-anchor","interaction":{"idSuffix":"BDI-content"}},"wdio_ui5_key":"applicationmanageresources-display-component---newResourceUnit--newRRUPage-anchBar-application-manageresources-display-component---newResourceUnit--resource-anchor"}]}
RESULT: undefined
COMMAND: POST /session/d3cdda6f06e006695550ea94201d0e31/element - {"using":"xpath","value":"//*[@id=\"application-manageresources-display-component---newResourceUnit--newRRUPage-anchBar-application-manageresources-display-component---newResourceUnit--resource-anchor\"]"}
RESULT: {"using":"xpath","value":"//*[@id=\"application-manageresources-display-component---newResourceUnit--newRRUPage-anchBar-application-manageresources-display-component---newResourceUnit--resource-anchor\"]"}
COMMAND: POST /session/d3cdda6f06e006695550ea94201d0e31/element/f.CF3EA173C6DD6742E6FF2C1FCC3ADAA5.d.AEB8510FFC85D072722BE835B2FDA198.e.15522/click - {}
RESULT: {}
COMMAND: POST /session/d3cdda6f06e006695550ea94201d0e31/execute/async - {"script":"<script> [1562 bytes]","args":[{"selector":{"id":"application-manageresources-display-component---newResourceUnit--PLANNED_DELIVERY_DATE","interaction":{"idSuffix":"inner"}},"wdio_ui5_key":"applicationmanageresources-display-component---newResourceUnit--PLANNED_DELIVERY_DATE"}]}
COMMAND: GET /session/d3cdda6f06e006695550ea94201d0e31/screenshot - {}
RESULT: {"script":"<script> [1562 bytes]","args":[{"selector":{"id":"application-manageresources-display-component---newResourceUnit--PLANNED_DELIVERY_DATE","interaction":{"idSuffix":"inner"}},"wdio_ui5_key":"applicationmanageresources-display-component---newResourceUnit--PLANNED_DELIVERY_DATE"}]}
RESULT: undefined
COMMAND: POST /session/d3cdda6f06e006695550ea94201d0e31/execute/async - {"script":"<script> [6424 bytes]","args":[{"element-6066-11e4-a52e-4f735466cecf":"f.CF3EA173C6DD6742E6FF2C1FCC3ADAA5.d.AEB8510FFC85D072722BE835B2FDA198.e.15385"},"setValue",["5/21/25"]]}
RESULT: {}
RESULT: {"script":"<script> [6424 bytes]","args":[{"element-6066-11e4-a52e-4f735466cecf":"f.CF3EA173C6DD6742E6FF2C1FCC3ADAA5.d.AEB8510FFC85D072722BE835B2FDA198.e.15385"},"setValue",["5/21/25"]]}
COMMAND: POST /session/d3cdda6f06e006695550ea94201d0e31/element - {"using":"xpath","value":"//label[contains(@class, 'sapMLabelRequired') and .//bdi[contains(text(), 'Planned Retirement')]]"}
RESULT: {"using":"xpath","value":"//label[contains(@class, 'sapMLabelRequired') and .//bdi[contains(text(), 'Planned Retirement')]]"}
COMMAND: POST /session/d3cdda6f06e006695550ea94201d0e31/elements - {"using":"xpath","value":"//label[contains(@class, 'sapMLabelRequired') and .//bdi[contains(text(), 'Planned Retirement')]]"}
RESULT: {"using":"xpath","value":"//label[contains(@class, 'sapMLabelRequired') and .//bdi[contains(text(), 'Planned Retirement')]]"}
COMMAND: POST /session/d3cdda6f06e006695550ea94201d0e31/element - {"using":"xpath","value":"//button[@data-kt=\"resourceUnitSaveButton\"]"}
RESULT: {"using":"xpath","value":"//button[@data-kt=\"resourceUnitSaveButton\"]"}
COMMAND: POST /session/d3cdda6f06e006695550ea94201d0e31/element/f.CF3EA173C6DD6742E6FF2C1FCC3ADAA5.d.AEB8510FFC85D072722BE835B2FDA198.e.15346/click - {}
RESULT: {}
COMMAND: GET /session/d3cdda6f06e006695550ea94201d0e31/screenshot - {}
RESULT: {}
COMMAND: POST /session/d3cdda6f06e006695550ea94201d0e31/element - {"using":"xpath","value":"//bdi[contains(text(), \"Close\")]"}
RESULT: {"using":"xpath","value":"//bdi[contains(text(), \"Close\")]"}
COMMAND: POST /session/d3cdda6f06e006695550ea94201d0e31/element/f.CF3EA173C6DD6742E6FF2C1FCC3ADAA5.d.AEB8510FFC85D072722BE835B2FDA198.e.15530/click - {}
RESULT: {}
COMMAND: GET /session/d3cdda6f06e006695550ea94201d0e31/screenshot - {}
RESULT: {}
COMMAND: POST /session/d3cdda6f06e006695550ea94201d0e31/element - {"using":"xpath","value":"(//button[contains(@id ,\"actionsToolbar-overflowButton\")])[1]"}
RESULT: {"using":"xpath","value":"(//button[contains(@id ,\"actionsToolbar-overflowButton\")])[1]"}
COMMAND: POST /session/d3cdda6f06e006695550ea94201d0e31/element/f.CF3EA173C6DD6742E6FF2C1FCC3ADAA5.d.AEB8510FFC85D072722BE835B2FDA198.e.15584/click - {}
RESULT: {}
COMMAND: GET /session/d3cdda6f06e006695550ea94201d0e31/screenshot - {}
RESULT: {}
COMMAND: POST /session/d3cdda6f06e006695550ea94201d0e31/element - {"using":"xpath","value":"//button[@data-kt=\"priceInfoButton\"]"}
RESULT: {"using":"xpath","value":"//button[@data-kt=\"priceInfoButton\"]"}
COMMAND: POST /session/d3cdda6f06e006695550ea94201d0e31/element/f.CF3EA173C6DD6742E6FF2C1FCC3ADAA5.d.AEB8510FFC85D072722BE835B2FDA198.e.15586/click - {}
RESULT: {}
COMMAND: GET /session/d3cdda6f06e006695550ea94201d0e31/screenshot - {}
RESULT: {}
]]></system-out>
    </testcase>
    <testcase classname="chrome.136_0_7103_93.windows.Performance_based_billing_(work_days)_US139742" name="Should create a pricing rule perf based on the equipment" time="47.078">
      <system-out><![CDATA[
COMMAND: POST /session/d3cdda6f06e006695550ea94201d0e31/element - {"using":"xpath","value":"//button[@data-kt=\"addButton\"]"}
RESULT: {"using":"xpath","value":"//button[@data-kt=\"addButton\"]"}
COMMAND: POST /session/d3cdda6f06e006695550ea94201d0e31/elements - {"using":"xpath","value":"//button[@data-kt=\"addButton\"]"}
RESULT: {"using":"xpath","value":"//button[@data-kt=\"addButton\"]"}
COMMAND: POST /session/d3cdda6f06e006695550ea94201d0e31/elements - {"using":"xpath","value":"//button[@data-kt=\"addButton\"]"}
RESULT: {"using":"xpath","value":"//button[@data-kt=\"addButton\"]"}
COMMAND: POST /session/d3cdda6f06e006695550ea94201d0e31/element - {"using":"xpath","value":"//button[@data-kt=\"addButton\"]"}
RESULT: {"using":"xpath","value":"//button[@data-kt=\"addButton\"]"}
COMMAND: POST /session/d3cdda6f06e006695550ea94201d0e31/execute/sync - {"script":"<script> [8489 bytes]","args":[{"element-6066-11e4-a52e-4f735466cecf":"f.CF3EA173C6DD6742E6FF2C1FCC3ADAA5.d.AEB8510FFC85D072722BE835B2FDA198.e.15624","ELEMENT":"f.CF3EA173C6DD6742E6FF2C1FCC3ADAA5.d.AEB8510FFC85D072722BE835B2FDA198.e.15624"}]}
RESULT: {"script":"<script> [8489 bytes]","args":[{"element-6066-11e4-a52e-4f735466cecf":"f.CF3EA173C6DD6742E6FF2C1FCC3ADAA5.d.AEB8510FFC85D072722BE835B2FDA198.e.15624","ELEMENT":"f.CF3EA173C6DD6742E6FF2C1FCC3ADAA5.d.AEB8510FFC85D072722BE835B2FDA198.e.15624"}]}
COMMAND: GET /session/d3cdda6f06e006695550ea94201d0e31/element/f.CF3EA173C6DD6742E6FF2C1FCC3ADAA5.d.AEB8510FFC85D072722BE835B2FDA198.e.15624/enabled - {}
COMMAND: GET /session/d3cdda6f06e006695550ea94201d0e31/screenshot - {}
RESULT: {}
COMMAND: POST /session/d3cdda6f06e006695550ea94201d0e31/execute/sync - {"script":"<script> [8489 bytes]","args":[{"element-6066-11e4-a52e-4f735466cecf":"f.CF3EA173C6DD6742E6FF2C1FCC3ADAA5.d.AEB8510FFC85D072722BE835B2FDA198.e.15624","ELEMENT":"f.CF3EA173C6DD6742E6FF2C1FCC3ADAA5.d.AEB8510FFC85D072722BE835B2FDA198.e.15624"}]}
COMMAND: GET /session/d3cdda6f06e006695550ea94201d0e31/screenshot - {}
RESULT: {}
RESULT: {"script":"<script> [8489 bytes]","args":[{"element-6066-11e4-a52e-4f735466cecf":"f.CF3EA173C6DD6742E6FF2C1FCC3ADAA5.d.AEB8510FFC85D072722BE835B2FDA198.e.15624","ELEMENT":"f.CF3EA173C6DD6742E6FF2C1FCC3ADAA5.d.AEB8510FFC85D072722BE835B2FDA198.e.15624"}]}
COMMAND: POST /session/d3cdda6f06e006695550ea94201d0e31/execute/sync - {"script":"<script> [5351 bytes]","args":[{"element-6066-11e4-a52e-4f735466cecf":"f.CF3EA173C6DD6742E6FF2C1FCC3ADAA5.d.AEB8510FFC85D072722BE835B2FDA198.e.15624","ELEMENT":"f.CF3EA173C6DD6742E6FF2C1FCC3ADAA5.d.AEB8510FFC85D072722BE835B2FDA198.e.15624"}]}
COMMAND: GET /session/d3cdda6f06e006695550ea94201d0e31/screenshot - {}
RESULT: {}
RESULT: {"script":"<script> [5351 bytes]","args":[{"element-6066-11e4-a52e-4f735466cecf":"f.CF3EA173C6DD6742E6FF2C1FCC3ADAA5.d.AEB8510FFC85D072722BE835B2FDA198.e.15624","ELEMENT":"f.CF3EA173C6DD6742E6FF2C1FCC3ADAA5.d.AEB8510FFC85D072722BE835B2FDA198.e.15624"}]}
COMMAND: POST /session/d3cdda6f06e006695550ea94201d0e31/element/f.CF3EA173C6DD6742E6FF2C1FCC3ADAA5.d.AEB8510FFC85D072722BE835B2FDA198.e.15624/click - {}
COMMAND: GET /session/d3cdda6f06e006695550ea94201d0e31/screenshot - {}
RESULT: {}
RESULT: {}
COMMAND: GET /session/d3cdda6f06e006695550ea94201d0e31/screenshot - {}
RESULT: {}
RESULT: {}
COMMAND: POST /session/d3cdda6f06e006695550ea94201d0e31/execute/async - {"script":"<script> [1562 bytes]","args":[{"selector":{"controlType":"sap.m.Title","viewName":"etm.portal.ui.managepricingrules.view.NewItem","viewId":"application-managepricingrules-display-component---newInfoPriceItem","properties":{"text":"New Pricing Rules - Item Level"}},"wdio_ui5_key":"etmportal.ui.managepricingrules.view.NewItemsap.m.Title{\"text\":\"New Pricing Rules - Item Level\"}"}]}
RESULT: {"script":"<script> [1562 bytes]","args":[{"selector":{"controlType":"sap.m.Title","viewName":"etm.portal.ui.managepricingrules.view.NewItem","viewId":"application-managepricingrules-display-component---newInfoPriceItem","properties":{"text":"New Pricing Rules - Item Level"}},"wdio_ui5_key":"etmportal.ui.managepricingrules.view.NewItemsap.m.Title{\"text\":\"New Pricing Rules - Item Level\"}"}]}
RESULT: undefined
COMMAND: POST /session/d3cdda6f06e006695550ea94201d0e31/execute/async - {"script":"<script> [6424 bytes]","args":[{"element-6066-11e4-a52e-4f735466cecf":"f.CF3EA173C6DD6742E6FF2C1FCC3ADAA5.d.AEB8510FFC85D072722BE835B2FDA198.e.15794"},"getText",[]]}
RESULT: {"script":"<script> [6424 bytes]","args":[{"element-6066-11e4-a52e-4f735466cecf":"f.CF3EA173C6DD6742E6FF2C1FCC3ADAA5.d.AEB8510FFC85D072722BE835B2FDA198.e.15794"},"getText",[]]}
COMMAND: POST /session/d3cdda6f06e006695550ea94201d0e31/execute/async - {"script":"<script> [1562 bytes]","args":[{"selector":{"id":"application-managepricingrules-display-component---newInfoPriceItem--condValidTo","interaction":{"idSuffix":"inner"}},"wdio_ui5_key":"applicationmanagepricingrules-display-component---newInfoPriceItem--condValidTo"}]}
RESULT: {"script":"<script> [1562 bytes]","args":[{"selector":{"id":"application-managepricingrules-display-component---newInfoPriceItem--condValidTo","interaction":{"idSuffix":"inner"}},"wdio_ui5_key":"applicationmanagepricingrules-display-component---newInfoPriceItem--condValidTo"}]}
RESULT: undefined
COMMAND: POST /session/d3cdda6f06e006695550ea94201d0e31/execute/async - {"script":"<script> [776 bytes]","args":[{"enterText":"1/21/26","selector":{"id":"application-managepricingrules-display-component---newInfoPriceItem--condValidTo","interaction":{"idSuffix":"inner"}},"clearTextFirst":true,"interactionType":"ENTER_TEXT"}]}
RESULT: {"script":"<script> [776 bytes]","args":[{"enterText":"1/21/26","selector":{"id":"application-managepricingrules-display-component---newInfoPriceItem--condValidTo","interaction":{"idSuffix":"inner"}},"clearTextFirst":true,"interactionType":"ENTER_TEXT"}]}
COMMAND: POST /session/d3cdda6f06e006695550ea94201d0e31/execute/async - {"script":"<script> [1562 bytes]","args":[{"selector":{"id":"application-managepricingrules-display-component---newInfoPriceItem--billType-arrow"},"wdio_ui5_key":"applicationmanagepricingrules-display-component---newInfoPriceItem--billType-arrow"}]}
RESULT: {"script":"<script> [1562 bytes]","args":[{"selector":{"id":"application-managepricingrules-display-component---newInfoPriceItem--billType-arrow"},"wdio_ui5_key":"applicationmanagepricingrules-display-component---newInfoPriceItem--billType-arrow"}]}
RESULT: undefined
COMMAND: POST /session/d3cdda6f06e006695550ea94201d0e31/element - {"using":"xpath","value":"//*[@id=\"application-managepricingrules-display-component---newInfoPriceItem--billType-arrow\"]"}
RESULT: {"using":"xpath","value":"//*[@id=\"application-managepricingrules-display-component---newInfoPriceItem--billType-arrow\"]"}
COMMAND: POST /session/d3cdda6f06e006695550ea94201d0e31/element/f.CF3EA173C6DD6742E6FF2C1FCC3ADAA5.d.AEB8510FFC85D072722BE835B2FDA198.e.15752/click - {}
RESULT: {}
COMMAND: POST /session/d3cdda6f06e006695550ea94201d0e31/element - {"using":"xpath","value":"//span[contains(text(), \"PB - Performance based\")]"}
COMMAND: GET /session/d3cdda6f06e006695550ea94201d0e31/screenshot - {}
RESULT: {"using":"xpath","value":"//span[contains(text(), \"PB - Performance based\")]"}
COMMAND: POST /session/d3cdda6f06e006695550ea94201d0e31/element/f.CF3EA173C6DD6742E6FF2C1FCC3ADAA5.d.AEB8510FFC85D072722BE835B2FDA198.e.15796/click - {}
RESULT: {}
RESULT: {}
COMMAND: POST /session/d3cdda6f06e006695550ea94201d0e31/execute/async - {"script":"<script> [1562 bytes]","args":[{"selector":{"id":"application-managepricingrules-display-component---newInfoPriceItem--priceProc-arrow"},"wdio_ui5_key":"applicationmanagepricingrules-display-component---newInfoPriceItem--priceProc-arrow"}]}
COMMAND: GET /session/d3cdda6f06e006695550ea94201d0e31/screenshot - {}
RESULT: {"script":"<script> [1562 bytes]","args":[{"selector":{"id":"application-managepricingrules-display-component---newInfoPriceItem--priceProc-arrow"},"wdio_ui5_key":"applicationmanagepricingrules-display-component---newInfoPriceItem--priceProc-arrow"}]}
RESULT: undefined
COMMAND: POST /session/d3cdda6f06e006695550ea94201d0e31/element - {"using":"xpath","value":"//*[@id=\"application-managepricingrules-display-component---newInfoPriceItem--priceProc-arrow\"]"}
RESULT: {}
RESULT: {"using":"xpath","value":"//*[@id=\"application-managepricingrules-display-component---newInfoPriceItem--priceProc-arrow\"]"}
COMMAND: POST /session/d3cdda6f06e006695550ea94201d0e31/element/f.CF3EA173C6DD6742E6FF2C1FCC3ADAA5.d.AEB8510FFC85D072722BE835B2FDA198.e.15759/click - {}
RESULT: {}
COMMAND: POST /session/d3cdda6f06e006695550ea94201d0e31/element - {"using":"xpath","value":"//span[contains(text(), \"PRF - Performance based\")]"}
COMMAND: GET /session/d3cdda6f06e006695550ea94201d0e31/screenshot - {}
RESULT: {"using":"xpath","value":"//span[contains(text(), \"PRF - Performance based\")]"}
COMMAND: POST /session/d3cdda6f06e006695550ea94201d0e31/element/f.CF3EA173C6DD6742E6FF2C1FCC3ADAA5.d.AEB8510FFC85D072722BE835B2FDA198.e.15797/click - {}
RESULT: {}
RESULT: {}
COMMAND: POST /session/d3cdda6f06e006695550ea94201d0e31/execute/async - {"script":"<script> [1562 bytes]","args":[{"selector":{"id":"application-managepricingrules-display-component---newInfoPriceItem--calcBase-arrow"},"wdio_ui5_key":"applicationmanagepricingrules-display-component---newInfoPriceItem--calcBase-arrow"}]}
COMMAND: GET /session/d3cdda6f06e006695550ea94201d0e31/screenshot - {}
RESULT: {"script":"<script> [1562 bytes]","args":[{"selector":{"id":"application-managepricingrules-display-component---newInfoPriceItem--calcBase-arrow"},"wdio_ui5_key":"applicationmanagepricingrules-display-component---newInfoPriceItem--calcBase-arrow"}]}
RESULT: undefined
COMMAND: POST /session/d3cdda6f06e006695550ea94201d0e31/element - {"using":"xpath","value":"//*[@id=\"application-managepricingrules-display-component---newInfoPriceItem--calcBase-arrow\"]"}
RESULT: {}
RESULT: {"using":"xpath","value":"//*[@id=\"application-managepricingrules-display-component---newInfoPriceItem--calcBase-arrow\"]"}
COMMAND: POST /session/d3cdda6f06e006695550ea94201d0e31/element/f.CF3EA173C6DD6742E6FF2C1FCC3ADAA5.d.AEB8510FFC85D072722BE835B2FDA198.e.15766/click - {}
RESULT: {}
COMMAND: GET /session/d3cdda6f06e006695550ea94201d0e31/screenshot - {}
RESULT: {}
COMMAND: POST /session/d3cdda6f06e006695550ea94201d0e31/element - {"using":"xpath","value":"//span[contains(text(), \"0007 - PB(work days)\")]"}
RESULT: {"using":"xpath","value":"//span[contains(text(), \"0007 - PB(work days)\")]"}
COMMAND: POST /session/d3cdda6f06e006695550ea94201d0e31/element/f.CF3EA173C6DD6742E6FF2C1FCC3ADAA5.d.AEB8510FFC85D072722BE835B2FDA198.e.15798/click - {}
RESULT: {}
COMMAND: GET /session/d3cdda6f06e006695550ea94201d0e31/screenshot - {}
RESULT: {}
COMMAND: POST /session/d3cdda6f06e006695550ea94201d0e31/execute/async - {"script":"<script> [1562 bytes]","args":[{"selector":{"id":"application-managepricingrules-display-component---newInfoPriceItem--hoursMonth","interaction":{"idSuffix":"inner"}},"wdio_ui5_key":"applicationmanagepricingrules-display-component---newInfoPriceItem--hoursMonth"}]}
RESULT: {"script":"<script> [1562 bytes]","args":[{"selector":{"id":"application-managepricingrules-display-component---newInfoPriceItem--hoursMonth","interaction":{"idSuffix":"inner"}},"wdio_ui5_key":"applicationmanagepricingrules-display-component---newInfoPriceItem--hoursMonth"}]}
RESULT: undefined
COMMAND: POST /session/d3cdda6f06e006695550ea94201d0e31/execute/async - {"script":"<script> [776 bytes]","args":[{"enterText":"160","selector":{"id":"application-managepricingrules-display-component---newInfoPriceItem--hoursMonth","interaction":{"idSuffix":"inner"}},"clearTextFirst":true,"interactionType":"ENTER_TEXT"}]}
RESULT: {"script":"<script> [776 bytes]","args":[{"enterText":"160","selector":{"id":"application-managepricingrules-display-component---newInfoPriceItem--hoursMonth","interaction":{"idSuffix":"inner"}},"clearTextFirst":true,"interactionType":"ENTER_TEXT"}]}
COMMAND: POST /session/d3cdda6f06e006695550ea94201d0e31/element - {"using":"xpath","value":"//button[@data-kt=\"saveNewRuleButton\"]"}
RESULT: {"using":"xpath","value":"//button[@data-kt=\"saveNewRuleButton\"]"}
COMMAND: POST /session/d3cdda6f06e006695550ea94201d0e31/element/f.CF3EA173C6DD6742E6FF2C1FCC3ADAA5.d.AEB8510FFC85D072722BE835B2FDA198.e.15786/click - {}
RESULT: {}
COMMAND: GET /session/d3cdda6f06e006695550ea94201d0e31/screenshot - {}
RESULT: {}
COMMAND: POST /session/d3cdda6f06e006695550ea94201d0e31/execute/async - {"script":"<script> [1562 bytes]","args":[{"selector":{"id":"application-managepricingrules-display-component---priceInfoItem--smartFilterBar-btnBasicSearch","interaction":{"idSuffix":"I"}},"wdio_ui5_key":"applicationmanagepricingrules-display-component---priceInfoItem--smartFilterBar-btnBasicSearch"}]}
RESULT: {"script":"<script> [1562 bytes]","args":[{"selector":{"id":"application-managepricingrules-display-component---priceInfoItem--smartFilterBar-btnBasicSearch","interaction":{"idSuffix":"I"}},"wdio_ui5_key":"applicationmanagepricingrules-display-component---priceInfoItem--smartFilterBar-btnBasicSearch"}]}
RESULT: undefined
COMMAND: POST /session/d3cdda6f06e006695550ea94201d0e31/execute/async - {"script":"<script> [776 bytes]","args":[{"enterText":"ddAMNJdQ2w","selector":{"id":"application-managepricingrules-display-component---priceInfoItem--smartFilterBar-btnBasicSearch","interaction":{"idSuffix":"I"}},"clearTextFirst":true,"interactionType":"ENTER_TEXT"}]}
RESULT: {"script":"<script> [776 bytes]","args":[{"enterText":"ddAMNJdQ2w","selector":{"id":"application-managepricingrules-display-component---priceInfoItem--smartFilterBar-btnBasicSearch","interaction":{"idSuffix":"I"}},"clearTextFirst":true,"interactionType":"ENTER_TEXT"}]}
COMMAND: POST /session/d3cdda6f06e006695550ea94201d0e31/actions - {"actions":[{"id":"action54","type":"key","parameters":{},"actions":[{"type":"keyDown","value":"î€‡"},{"type":"pause","duration":10},{"type":"keyUp","value":"î€‡"}]}]}
RESULT: {"actions":[{"id":"action54","type":"key","parameters":{},"actions":[{"type":"keyDown","value":"î€‡"},{"type":"pause","duration":10},{"type":"keyUp","value":"î€‡"}]}]}
COMMAND: GET /session/d3cdda6f06e006695550ea94201d0e31/screenshot - {}
RESULT: {}
COMMAND: POST /session/d3cdda6f06e006695550ea94201d0e31/element - {"using":"xpath","value":"//span[@id=\"application-managepricingrules-display-component---priceInfoItem--smartTable-header-inner\"]"}
RESULT: {"using":"xpath","value":"//span[@id=\"application-managepricingrules-display-component---priceInfoItem--smartTable-header-inner\"]"}
COMMAND: POST /session/d3cdda6f06e006695550ea94201d0e31/elements - {"using":"xpath","value":"//span[@id=\"application-managepricingrules-display-component---priceInfoItem--smartTable-header-inner\"]"}
RESULT: {"using":"xpath","value":"//span[@id=\"application-managepricingrules-display-component---priceInfoItem--smartTable-header-inner\"]"}
COMMAND: POST /session/d3cdda6f06e006695550ea94201d0e31/execute/sync - {"script":"<script> [56 bytes]","args":[{"element-6066-11e4-a52e-4f735466cecf":"f.CF3EA173C6DD6742E6FF2C1FCC3ADAA5.d.AEB8510FFC85D072722BE835B2FDA198.e.15811","ELEMENT":"f.CF3EA173C6DD6742E6FF2C1FCC3ADAA5.d.AEB8510FFC85D072722BE835B2FDA198.e.15811"}]}
RESULT: {"script":"<script> [56 bytes]","args":[{"element-6066-11e4-a52e-4f735466cecf":"f.CF3EA173C6DD6742E6FF2C1FCC3ADAA5.d.AEB8510FFC85D072722BE835B2FDA198.e.15811","ELEMENT":"f.CF3EA173C6DD6742E6FF2C1FCC3ADAA5.d.AEB8510FFC85D072722BE835B2FDA198.e.15811"}]}
COMMAND: POST /session/d3cdda6f06e006695550ea94201d0e31/element - {"using":"css selector","value":"#shell-header-logo"}
COMMAND: GET /session/d3cdda6f06e006695550ea94201d0e31/screenshot - {}
RESULT: {"using":"css selector","value":"#shell-header-logo"}
COMMAND: POST /session/d3cdda6f06e006695550ea94201d0e31/element/f.CF3EA173C6DD6742E6FF2C1FCC3ADAA5.d.AEB8510FFC85D072722BE835B2FDA198.e.14912/click - {}
RESULT: {}
RESULT: {}
COMMAND: GET /session/d3cdda6f06e006695550ea94201d0e31/screenshot - {}
RESULT: {}
]]></system-out>
    </testcase>
    <testcase classname="chrome.136_0_7103_93.windows.Performance_based_billing_(work_days)_US139742" name="Should create a performance based billing condition on the equipment" time="62.603">
      <system-out><![CDATA[
COMMAND: POST /session/d3cdda6f06e006695550ea94201d0e31/execute/async - {"script":"<script> [1562 bytes]","args":[{"selector":{"controlType":"sap.m.GenericTile","properties":{"header":"Manage Conditions & Prices"}},"wdio_ui5_key":"sapm.GenericTile{\"header\":\"Manage Conditions & Prices\"}"}]}
RESULT: {"script":"<script> [1562 bytes]","args":[{"selector":{"controlType":"sap.m.GenericTile","properties":{"header":"Manage Conditions & Prices"}},"wdio_ui5_key":"sapm.GenericTile{\"header\":\"Manage Conditions & Prices\"}"}]}
RESULT: undefined
COMMAND: POST /session/d3cdda6f06e006695550ea94201d0e31/element - {"using":"xpath","value":"//*[@id=\"__tile53\"]"}
RESULT: {"using":"xpath","value":"//*[@id=\"__tile53\"]"}
COMMAND: POST /session/d3cdda6f06e006695550ea94201d0e31/element/f.CF3EA173C6DD6742E6FF2C1FCC3ADAA5.d.AEB8510FFC85D072722BE835B2FDA198.e.14858/click - {}
RESULT: {}
COMMAND: GET /session/d3cdda6f06e006695550ea94201d0e31/screenshot - {}
RESULT: {}
COMMAND: POST /session/d3cdda6f06e006695550ea94201d0e31/elements - {"using":"xpath","value":"//span[text()='Error']"}
RESULT: {"using":"xpath","value":"//span[text()='Error']"}
COMMAND: POST /session/d3cdda6f06e006695550ea94201d0e31/element - {"using":"xpath","value":"//button[@aria-label=\"Create\"]"}
RESULT: {"using":"xpath","value":"//button[@aria-label=\"Create\"]"}
COMMAND: POST /session/d3cdda6f06e006695550ea94201d0e31/elements - {"using":"xpath","value":"//button[@aria-label=\"Create\"]"}
RESULT: {"using":"xpath","value":"//button[@aria-label=\"Create\"]"}
COMMAND: POST /session/d3cdda6f06e006695550ea94201d0e31/execute/sync - {"script":"<script> [8489 bytes]","args":[{"element-6066-11e4-a52e-4f735466cecf":"f.CF3EA173C6DD6742E6FF2C1FCC3ADAA5.d.AEB8510FFC85D072722BE835B2FDA198.e.15846","ELEMENT":"f.CF3EA173C6DD6742E6FF2C1FCC3ADAA5.d.AEB8510FFC85D072722BE835B2FDA198.e.15846"}]}
RESULT: {"script":"<script> [8489 bytes]","args":[{"element-6066-11e4-a52e-4f735466cecf":"f.CF3EA173C6DD6742E6FF2C1FCC3ADAA5.d.AEB8510FFC85D072722BE835B2FDA198.e.15846","ELEMENT":"f.CF3EA173C6DD6742E6FF2C1FCC3ADAA5.d.AEB8510FFC85D072722BE835B2FDA198.e.15846"}]}
COMMAND: GET /session/d3cdda6f06e006695550ea94201d0e31/element/f.CF3EA173C6DD6742E6FF2C1FCC3ADAA5.d.AEB8510FFC85D072722BE835B2FDA198.e.15846/enabled - {}
COMMAND: GET /session/d3cdda6f06e006695550ea94201d0e31/screenshot - {}
RESULT: {}
COMMAND: POST /session/d3cdda6f06e006695550ea94201d0e31/execute/sync - {"script":"<script> [8489 bytes]","args":[{"element-6066-11e4-a52e-4f735466cecf":"f.CF3EA173C6DD6742E6FF2C1FCC3ADAA5.d.AEB8510FFC85D072722BE835B2FDA198.e.15846","ELEMENT":"f.CF3EA173C6DD6742E6FF2C1FCC3ADAA5.d.AEB8510FFC85D072722BE835B2FDA198.e.15846"}]}
COMMAND: GET /session/d3cdda6f06e006695550ea94201d0e31/screenshot - {}
RESULT: {}
RESULT: {"script":"<script> [8489 bytes]","args":[{"element-6066-11e4-a52e-4f735466cecf":"f.CF3EA173C6DD6742E6FF2C1FCC3ADAA5.d.AEB8510FFC85D072722BE835B2FDA198.e.15846","ELEMENT":"f.CF3EA173C6DD6742E6FF2C1FCC3ADAA5.d.AEB8510FFC85D072722BE835B2FDA198.e.15846"}]}
COMMAND: POST /session/d3cdda6f06e006695550ea94201d0e31/execute/sync - {"script":"<script> [5351 bytes]","args":[{"element-6066-11e4-a52e-4f735466cecf":"f.CF3EA173C6DD6742E6FF2C1FCC3ADAA5.d.AEB8510FFC85D072722BE835B2FDA198.e.15846","ELEMENT":"f.CF3EA173C6DD6742E6FF2C1FCC3ADAA5.d.AEB8510FFC85D072722BE835B2FDA198.e.15846"}]}
COMMAND: GET /session/d3cdda6f06e006695550ea94201d0e31/screenshot - {}
RESULT: {}
RESULT: {"script":"<script> [5351 bytes]","args":[{"element-6066-11e4-a52e-4f735466cecf":"f.CF3EA173C6DD6742E6FF2C1FCC3ADAA5.d.AEB8510FFC85D072722BE835B2FDA198.e.15846","ELEMENT":"f.CF3EA173C6DD6742E6FF2C1FCC3ADAA5.d.AEB8510FFC85D072722BE835B2FDA198.e.15846"}]}
COMMAND: POST /session/d3cdda6f06e006695550ea94201d0e31/element/f.CF3EA173C6DD6742E6FF2C1FCC3ADAA5.d.AEB8510FFC85D072722BE835B2FDA198.e.15846/click - {}
COMMAND: GET /session/d3cdda6f06e006695550ea94201d0e31/screenshot - {}
RESULT: {}
RESULT: {}
COMMAND: GET /session/d3cdda6f06e006695550ea94201d0e31/screenshot - {}
RESULT: {}
RESULT: {}
COMMAND: POST /session/d3cdda6f06e006695550ea94201d0e31/actions - {"actions":[{"id":"action55","type":"key","parameters":{},"actions":[{"type":"keyDown","value":"î€‡"},{"type":"pause","duration":10},{"type":"keyUp","value":"î€‡"}]}]}
RESULT: {"actions":[{"id":"action55","type":"key","parameters":{},"actions":[{"type":"keyDown","value":"î€‡"},{"type":"pause","duration":10},{"type":"keyUp","value":"î€‡"}]}]}
COMMAND: GET /session/d3cdda6f06e006695550ea94201d0e31/screenshot - {}
RESULT: {}
COMMAND: POST /session/d3cdda6f06e006695550ea94201d0e31/execute/async - {"script":"<script> [1562 bytes]","args":[{"selector":{"id":"application-manageconditionprice-display-component---newCondition--condBillCond-arrow"},"wdio_ui5_key":"applicationmanageconditionprice-display-component---newCondition--condBillCond-arrow"}]}
RESULT: {"script":"<script> [1562 bytes]","args":[{"selector":{"id":"application-manageconditionprice-display-component---newCondition--condBillCond-arrow"},"wdio_ui5_key":"applicationmanageconditionprice-display-component---newCondition--condBillCond-arrow"}]}
RESULT: undefined
COMMAND: POST /session/d3cdda6f06e006695550ea94201d0e31/element - {"using":"xpath","value":"//*[@id=\"application-manageconditionprice-display-component---newCondition--condBillCond-arrow\"]"}
RESULT: {"using":"xpath","value":"//*[@id=\"application-manageconditionprice-display-component---newCondition--condBillCond-arrow\"]"}
COMMAND: POST /session/d3cdda6f06e006695550ea94201d0e31/element/f.CF3EA173C6DD6742E6FF2C1FCC3ADAA5.d.AEB8510FFC85D072722BE835B2FDA198.e.16023/click - {}
RESULT: {}
COMMAND: GET /session/d3cdda6f06e006695550ea94201d0e31/screenshot - {}
RESULT: {}
COMMAND: POST /session/d3cdda6f06e006695550ea94201d0e31/element - {"using":"xpath","value":"//li[.//span[contains(text(), \"PC06 - Performance Price - fuel\")]]"}
RESULT: {"using":"xpath","value":"//li[.//span[contains(text(), \"PC06 - Performance Price - fuel\")]]"}
COMMAND: POST /session/d3cdda6f06e006695550ea94201d0e31/element/f.CF3EA173C6DD6742E6FF2C1FCC3ADAA5.d.AEB8510FFC85D072722BE835B2FDA198.e.16026/click - {}
RESULT: {}
COMMAND: GET /session/d3cdda6f06e006695550ea94201d0e31/screenshot - {}
RESULT: {}
COMMAND: POST /session/d3cdda6f06e006695550ea94201d0e31/execute/async - {"script":"<script> [1562 bytes]","args":[{"selector":{"id":"application-manageconditionprice-display-component---newCondition--condValidTo","interaction":{"idSuffix":"inner"}},"wdio_ui5_key":"applicationmanageconditionprice-display-component---newCondition--condValidTo"}]}
RESULT: {"script":"<script> [1562 bytes]","args":[{"selector":{"id":"application-manageconditionprice-display-component---newCondition--condValidTo","interaction":{"idSuffix":"inner"}},"wdio_ui5_key":"applicationmanageconditionprice-display-component---newCondition--condValidTo"}]}
RESULT: undefined
COMMAND: POST /session/d3cdda6f06e006695550ea94201d0e31/execute/async - {"script":"<script> [776 bytes]","args":[{"enterText":"1/21/26","selector":{"id":"application-manageconditionprice-display-component---newCondition--condValidTo","interaction":{"idSuffix":"inner"}},"clearTextFirst":true,"interactionType":"ENTER_TEXT"}]}
RESULT: {"script":"<script> [776 bytes]","args":[{"enterText":"1/21/26","selector":{"id":"application-manageconditionprice-display-component---newCondition--condValidTo","interaction":{"idSuffix":"inner"}},"clearTextFirst":true,"interactionType":"ENTER_TEXT"}]}
COMMAND: POST /session/d3cdda6f06e006695550ea94201d0e31/element - {"using":"xpath","value":"//input[@id=\"application-manageconditionprice-display-component---newCondition--condRU-inner\"]"}
RESULT: {"using":"xpath","value":"//input[@id=\"application-manageconditionprice-display-component---newCondition--condRU-inner\"]"}
COMMAND: POST /session/d3cdda6f06e006695550ea94201d0e31/element/f.CF3EA173C6DD6742E6FF2C1FCC3ADAA5.d.AEB8510FFC85D072722BE835B2FDA198.e.15887/clear - {}
RESULT: {}
COMMAND: POST /session/d3cdda6f06e006695550ea94201d0e31/element/f.CF3EA173C6DD6742E6FF2C1FCC3ADAA5.d.AEB8510FFC85D072722BE835B2FDA198.e.15887/value - {"text":"ddAMNJdQ2w"}
COMMAND: GET /session/d3cdda6f06e006695550ea94201d0e31/screenshot - {}
RESULT: {"text":"ddAMNJdQ2w"}
COMMAND: GET /session/d3cdda6f06e006695550ea94201d0e31/screenshot - {}
RESULT: {}
RESULT: {}
COMMAND: POST /session/d3cdda6f06e006695550ea94201d0e31/actions - {"actions":[{"id":"action56","type":"key","parameters":{},"actions":[{"type":"keyDown","value":"î€‡"},{"type":"pause","duration":10},{"type":"keyUp","value":"î€‡"}]}]}
RESULT: {"actions":[{"id":"action56","type":"key","parameters":{},"actions":[{"type":"keyDown","value":"î€‡"},{"type":"pause","duration":10},{"type":"keyUp","value":"î€‡"}]}]}
COMMAND: POST /session/d3cdda6f06e006695550ea94201d0e31/execute/async - {"script":"<script> [1562 bytes]","args":[{"selector":{"id":"application-manageconditionprice-display-component---newCondition--condBaseQty","interaction":{"idSuffix":"inner"}},"wdio_ui5_key":"applicationmanageconditionprice-display-component---newCondition--condBaseQty"}]}
COMMAND: GET /session/d3cdda6f06e006695550ea94201d0e31/screenshot - {}
RESULT: {"script":"<script> [1562 bytes]","args":[{"selector":{"id":"application-manageconditionprice-display-component---newCondition--condBaseQty","interaction":{"idSuffix":"inner"}},"wdio_ui5_key":"applicationmanageconditionprice-display-component---newCondition--condBaseQty"}]}
RESULT: undefined
COMMAND: POST /session/d3cdda6f06e006695550ea94201d0e31/execute/async - {"script":"<script> [776 bytes]","args":[{"enterText":"1","selector":{"id":"application-manageconditionprice-display-component---newCondition--condBaseQty","interaction":{"idSuffix":"inner"}},"clearTextFirst":true,"interactionType":"ENTER_TEXT"}]}
RESULT: {}
RESULT: {"script":"<script> [776 bytes]","args":[{"enterText":"1","selector":{"id":"application-manageconditionprice-display-component---newCondition--condBaseQty","interaction":{"idSuffix":"inner"}},"clearTextFirst":true,"interactionType":"ENTER_TEXT"}]}
COMMAND: POST /session/d3cdda6f06e006695550ea94201d0e31/execute/async - {"script":"<script> [1562 bytes]","args":[{"selector":{"id":"application-manageconditionprice-display-component---newCondition--condValue","interaction":{"idSuffix":"inner"}},"wdio_ui5_key":"applicationmanageconditionprice-display-component---newCondition--condValue"}]}
RESULT: {"script":"<script> [1562 bytes]","args":[{"selector":{"id":"application-manageconditionprice-display-component---newCondition--condValue","interaction":{"idSuffix":"inner"}},"wdio_ui5_key":"applicationmanageconditionprice-display-component---newCondition--condValue"}]}
RESULT: undefined
COMMAND: POST /session/d3cdda6f06e006695550ea94201d0e31/execute/async - {"script":"<script> [776 bytes]","args":[{"enterText":"10","selector":{"id":"application-manageconditionprice-display-component---newCondition--condValue","interaction":{"idSuffix":"inner"}},"clearTextFirst":true,"interactionType":"ENTER_TEXT"}]}
RESULT: {"script":"<script> [776 bytes]","args":[{"enterText":"10","selector":{"id":"application-manageconditionprice-display-component---newCondition--condValue","interaction":{"idSuffix":"inner"}},"clearTextFirst":true,"interactionType":"ENTER_TEXT"}]}
COMMAND: POST /session/d3cdda6f06e006695550ea94201d0e31/execute/async - {"script":"<script> [1562 bytes]","args":[{"selector":{"id":"application-manageconditionprice-display-component---newCondition--condCurr-arrow"},"wdio_ui5_key":"applicationmanageconditionprice-display-component---newCondition--condCurr-arrow"}]}
RESULT: {"script":"<script> [1562 bytes]","args":[{"selector":{"id":"application-manageconditionprice-display-component---newCondition--condCurr-arrow"},"wdio_ui5_key":"applicationmanageconditionprice-display-component---newCondition--condCurr-arrow"}]}
RESULT: undefined
COMMAND: POST /session/d3cdda6f06e006695550ea94201d0e31/element - {"using":"xpath","value":"//*[@id=\"application-manageconditionprice-display-component---newCondition--condCurr-arrow\"]"}
RESULT: {"using":"xpath","value":"//*[@id=\"application-manageconditionprice-display-component---newCondition--condCurr-arrow\"]"}
COMMAND: POST /session/d3cdda6f06e006695550ea94201d0e31/element/f.CF3EA173C6DD6742E6FF2C1FCC3ADAA5.d.AEB8510FFC85D072722BE835B2FDA198.e.16002/click - {}
RESULT: {}
COMMAND: POST /session/d3cdda6f06e006695550ea94201d0e31/element - {"using":"xpath","value":"//span[contains(text(), \"Euro\")]"}
COMMAND: GET /session/d3cdda6f06e006695550ea94201d0e31/screenshot - {}
RESULT: {"using":"xpath","value":"//span[contains(text(), \"Euro\")]"}
COMMAND: POST /session/d3cdda6f06e006695550ea94201d0e31/element/f.CF3EA173C6DD6742E6FF2C1FCC3ADAA5.d.AEB8510FFC85D072722BE835B2FDA198.e.16059/click - {}
RESULT: {}
RESULT: {}
COMMAND: POST /session/d3cdda6f06e006695550ea94201d0e31/element - {"using":"xpath","value":"//button[@data-kt=\"saveButton\"]"}
COMMAND: GET /session/d3cdda6f06e006695550ea94201d0e31/screenshot - {}
RESULT: {"using":"xpath","value":"//button[@data-kt=\"saveButton\"]"}
COMMAND: POST /session/d3cdda6f06e006695550ea94201d0e31/element/f.CF3EA173C6DD6742E6FF2C1FCC3ADAA5.d.AEB8510FFC85D072722BE835B2FDA198.e.16003/click - {}
RESULT: {}
RESULT: {}
COMMAND: GET /session/d3cdda6f06e006695550ea94201d0e31/screenshot - {}
RESULT: {}
COMMAND: POST /session/d3cdda6f06e006695550ea94201d0e31/execute/async - {"script":"<script> [1562 bytes]","args":[{"selector":{"id":"application-manageconditionprice-display-component---conditions--smartFilterBar-btnBasicSearch","interaction":{"idSuffix":"I"}},"wdio_ui5_key":"applicationmanageconditionprice-display-component---conditions--smartFilterBar-btnBasicSearch"}]}
RESULT: {"script":"<script> [1562 bytes]","args":[{"selector":{"id":"application-manageconditionprice-display-component---conditions--smartFilterBar-btnBasicSearch","interaction":{"idSuffix":"I"}},"wdio_ui5_key":"applicationmanageconditionprice-display-component---conditions--smartFilterBar-btnBasicSearch"}]}
RESULT: undefined
COMMAND: POST /session/d3cdda6f06e006695550ea94201d0e31/execute/async - {"script":"<script> [776 bytes]","args":[{"enterText":"ddAMNJdQ2w","selector":{"id":"application-manageconditionprice-display-component---conditions--smartFilterBar-btnBasicSearch","interaction":{"idSuffix":"I"}},"clearTextFirst":true,"interactionType":"ENTER_TEXT"}]}
RESULT: {"script":"<script> [776 bytes]","args":[{"enterText":"ddAMNJdQ2w","selector":{"id":"application-manageconditionprice-display-component---conditions--smartFilterBar-btnBasicSearch","interaction":{"idSuffix":"I"}},"clearTextFirst":true,"interactionType":"ENTER_TEXT"}]}
COMMAND: POST /session/d3cdda6f06e006695550ea94201d0e31/actions - {"actions":[{"id":"action57","type":"key","parameters":{},"actions":[{"type":"keyDown","value":"î€‡"},{"type":"pause","duration":10},{"type":"keyUp","value":"î€‡"}]}]}
RESULT: {"actions":[{"id":"action57","type":"key","parameters":{},"actions":[{"type":"keyDown","value":"î€‡"},{"type":"pause","duration":10},{"type":"keyUp","value":"î€‡"}]}]}
COMMAND: GET /session/d3cdda6f06e006695550ea94201d0e31/screenshot - {}
RESULT: {}
COMMAND: POST /session/d3cdda6f06e006695550ea94201d0e31/execute/async - {"script":"<script> [1562 bytes]","args":[{"selector":{"id":"application-manageconditionprice-display-component---conditions--smartFilterBar-filterItemControl_BASIC-BILL_TYPES-vhi"},"wdio_ui5_key":"applicationmanageconditionprice-display-component---conditions--smartFilterBar-filterItemControl_BASIC-BILL_TYPES-vhi"}]}
RESULT: {"script":"<script> [1562 bytes]","args":[{"selector":{"id":"application-manageconditionprice-display-component---conditions--smartFilterBar-filterItemControl_BASIC-BILL_TYPES-vhi"},"wdio_ui5_key":"applicationmanageconditionprice-display-component---conditions--smartFilterBar-filterItemControl_BASIC-BILL_TYPES-vhi"}]}
RESULT: undefined
COMMAND: POST /session/d3cdda6f06e006695550ea94201d0e31/element - {"using":"xpath","value":"//*[@id=\"application-manageconditionprice-display-component---conditions--smartFilterBar-filterItemControl_BASIC-BILL_TYPES-vhi\"]"}
RESULT: {"using":"xpath","value":"//*[@id=\"application-manageconditionprice-display-component---conditions--smartFilterBar-filterItemControl_BASIC-BILL_TYPES-vhi\"]"}
COMMAND: POST /session/d3cdda6f06e006695550ea94201d0e31/element/f.CF3EA173C6DD6742E6FF2C1FCC3ADAA5.d.AEB8510FFC85D072722BE835B2FDA198.e.16075/click - {}
RESULT: {}
COMMAND: POST /session/d3cdda6f06e006695550ea94201d0e31/execute/async - {"script":"<script> [1562 bytes]","args":[{"selector":{"id":"application-manageconditionprice-display-component---conditions--smartFilterBar-filterItemControl_BASIC-BILL_TYPES-valueHelpDialog-smartFilterBar-btnBasicSearch","searchOpenDialogs":true,"interaction":{"idSuffix":"I"}},"wdio_ui5_key":"applicationmanageconditionprice-display-component---conditions--smartFilterBar-filterItemControl_BASIC-BILL_TYPES-valueHelpDialog-smartFilterBar-btnBasicSearch"}]}
COMMAND: GET /session/d3cdda6f06e006695550ea94201d0e31/screenshot - {}
RESULT: {"script":"<script> [1562 bytes]","args":[{"selector":{"id":"application-manageconditionprice-display-component---conditions--smartFilterBar-filterItemControl_BASIC-BILL_TYPES-valueHelpDialog-smartFilterBar-btnBasicSearch","searchOpenDialogs":true,"interaction":{"idSuffix":"I"}},"wdio_ui5_key":"applicationmanageconditionprice-display-component---conditions--smartFilterBar-filterItemControl_BASIC-BILL_TYPES-valueHelpDialog-smartFilterBar-btnBasicSearch"}]}
RESULT: undefined
COMMAND: POST /session/d3cdda6f06e006695550ea94201d0e31/execute/async - {"script":"<script> [776 bytes]","args":[{"enterText":"PB","selector":{"id":"application-manageconditionprice-display-component---conditions--smartFilterBar-filterItemControl_BASIC-BILL_TYPES-valueHelpDialog-smartFilterBar-btnBasicSearch","searchOpenDialogs":true,"interaction":{"idSuffix":"I"}},"clearTextFirst":true,"interactionType":"ENTER_TEXT"}]}
RESULT: {}
RESULT: {"script":"<script> [776 bytes]","args":[{"enterText":"PB","selector":{"id":"application-manageconditionprice-display-component---conditions--smartFilterBar-filterItemControl_BASIC-BILL_TYPES-valueHelpDialog-smartFilterBar-btnBasicSearch","searchOpenDialogs":true,"interaction":{"idSuffix":"I"}},"clearTextFirst":true,"interactionType":"ENTER_TEXT"}]}
COMMAND: POST /session/d3cdda6f06e006695550ea94201d0e31/actions - {"actions":[{"id":"action58","type":"key","parameters":{},"actions":[{"type":"keyDown","value":"î€‡"},{"type":"pause","duration":10},{"type":"keyUp","value":"î€‡"}]}]}
RESULT: {"actions":[{"id":"action58","type":"key","parameters":{},"actions":[{"type":"keyDown","value":"î€‡"},{"type":"pause","duration":10},{"type":"keyUp","value":"î€‡"}]}]}
COMMAND: GET /session/d3cdda6f06e006695550ea94201d0e31/screenshot - {}
RESULT: {}
COMMAND: POST /session/d3cdda6f06e006695550ea94201d0e31/element - {"using":"xpath","value":"//div[contains(@id, 'application-manageconditionprice-display-component---conditions--smartFilterBar-filterItemControl_BASIC-BILL_TYPES-valueHelpDialog-table-rowsel0')]"}
RESULT: {"using":"xpath","value":"//div[contains(@id, 'application-manageconditionprice-display-component---conditions--smartFilterBar-filterItemControl_BASIC-BILL_TYPES-valueHelpDialog-table-rowsel0')]"}
COMMAND: POST /session/d3cdda6f06e006695550ea94201d0e31/element/f.CF3EA173C6DD6742E6FF2C1FCC3ADAA5.d.AEB8510FFC85D072722BE835B2FDA198.e.16085/click - {}
RESULT: {}
COMMAND: GET /session/d3cdda6f06e006695550ea94201d0e31/screenshot - {}
RESULT: {}
COMMAND: POST /session/d3cdda6f06e006695550ea94201d0e31/element - {"using":"xpath","value":"//bdi[contains(text(), \"OK\")]"}
RESULT: {"using":"xpath","value":"//bdi[contains(text(), \"OK\")]"}
COMMAND: POST /session/d3cdda6f06e006695550ea94201d0e31/element/f.CF3EA173C6DD6742E6FF2C1FCC3ADAA5.d.AEB8510FFC85D072722BE835B2FDA198.e.16087/click - {}
RESULT: {}
COMMAND: GET /session/d3cdda6f06e006695550ea94201d0e31/screenshot - {}
RESULT: {}
COMMAND: POST /session/d3cdda6f06e006695550ea94201d0e31/element - {"using":"xpath","value":"//span[@id=\"application-manageconditionprice-display-component---conditions--smartTable-header-inner\"]"}
RESULT: {"using":"xpath","value":"//span[@id=\"application-manageconditionprice-display-component---conditions--smartTable-header-inner\"]"}
COMMAND: POST /session/d3cdda6f06e006695550ea94201d0e31/elements - {"using":"xpath","value":"//span[@id=\"application-manageconditionprice-display-component---conditions--smartTable-header-inner\"]"}
RESULT: {"using":"xpath","value":"//span[@id=\"application-manageconditionprice-display-component---conditions--smartTable-header-inner\"]"}
COMMAND: POST /session/d3cdda6f06e006695550ea94201d0e31/execute/sync - {"script":"<script> [56 bytes]","args":[{"element-6066-11e4-a52e-4f735466cecf":"f.CF3EA173C6DD6742E6FF2C1FCC3ADAA5.d.AEB8510FFC85D072722BE835B2FDA198.e.16090","ELEMENT":"f.CF3EA173C6DD6742E6FF2C1FCC3ADAA5.d.AEB8510FFC85D072722BE835B2FDA198.e.16090"}]}
RESULT: {"script":"<script> [56 bytes]","args":[{"element-6066-11e4-a52e-4f735466cecf":"f.CF3EA173C6DD6742E6FF2C1FCC3ADAA5.d.AEB8510FFC85D072722BE835B2FDA198.e.16090","ELEMENT":"f.CF3EA173C6DD6742E6FF2C1FCC3ADAA5.d.AEB8510FFC85D072722BE835B2FDA198.e.16090"}]}
COMMAND: POST /session/d3cdda6f06e006695550ea94201d0e31/element - {"using":"css selector","value":"#shell-header-logo"}
COMMAND: GET /session/d3cdda6f06e006695550ea94201d0e31/screenshot - {}
RESULT: {"using":"css selector","value":"#shell-header-logo"}
COMMAND: POST /session/d3cdda6f06e006695550ea94201d0e31/element/f.CF3EA173C6DD6742E6FF2C1FCC3ADAA5.d.AEB8510FFC85D072722BE835B2FDA198.e.15814/click - {}
RESULT: {}
RESULT: {}
COMMAND: GET /session/d3cdda6f06e006695550ea94201d0e31/screenshot - {}
RESULT: {}
]]></system-out>
    </testcase>
    <testcase classname="chrome.136_0_7103_93.windows.Performance_based_billing_(work_days)_US139742" name="Should add a counter to the equipment" time="42.35">
      <system-out><![CDATA[
RESULT: undefined
COMMAND: POST /session/d3cdda6f06e006695550ea94201d0e31/element - {"using":"xpath","value":"//*[@id=\"__tile39\"]"}
RESULT: {"using":"xpath","value":"//*[@id=\"__tile39\"]"}
COMMAND: POST /session/d3cdda6f06e006695550ea94201d0e31/element/f.CF3EA173C6DD6742E6FF2C1FCC3ADAA5.d.AEB8510FFC85D072722BE835B2FDA198.e.14811/click - {}
RESULT: {}
COMMAND: GET /session/d3cdda6f06e006695550ea94201d0e31/screenshot - {}
RESULT: {}
COMMAND: POST /session/d3cdda6f06e006695550ea94201d0e31/elements - {"using":"xpath","value":"//span[text()='Error']"}
RESULT: {"using":"xpath","value":"//span[text()='Error']"}
COMMAND: POST /session/d3cdda6f06e006695550ea94201d0e31/execute/async - {"script":"<script> [1562 bytes]","args":[{"selector":{"id":"application-manageresources-display-component---masterRU--smartFilterBar-btnBasicSearch","interaction":{"idSuffix":"I"}},"wdio_ui5_key":"applicationmanageresources-display-component---masterRU--smartFilterBar-btnBasicSearch"}]}
RESULT: {"script":"<script> [1562 bytes]","args":[{"selector":{"id":"application-manageresources-display-component---masterRU--smartFilterBar-btnBasicSearch","interaction":{"idSuffix":"I"}},"wdio_ui5_key":"applicationmanageresources-display-component---masterRU--smartFilterBar-btnBasicSearch"}]}
RESULT: undefined
COMMAND: POST /session/d3cdda6f06e006695550ea94201d0e31/execute/async - {"script":"<script> [776 bytes]","args":[{"enterText":"ddAMNJdQ2w","selector":{"id":"application-manageresources-display-component---masterRU--smartFilterBar-btnBasicSearch","interaction":{"idSuffix":"I"}},"clearTextFirst":true,"interactionType":"ENTER_TEXT"}]}
RESULT: {"script":"<script> [776 bytes]","args":[{"enterText":"ddAMNJdQ2w","selector":{"id":"application-manageresources-display-component---masterRU--smartFilterBar-btnBasicSearch","interaction":{"idSuffix":"I"}},"clearTextFirst":true,"interactionType":"ENTER_TEXT"}]}
COMMAND: POST /session/d3cdda6f06e006695550ea94201d0e31/actions - {"actions":[{"id":"action59","type":"key","parameters":{},"actions":[{"type":"keyDown","value":"î€‡"},{"type":"pause","duration":10},{"type":"keyUp","value":"î€‡"}]}]}
RESULT: {"actions":[{"id":"action59","type":"key","parameters":{},"actions":[{"type":"keyDown","value":"î€‡"},{"type":"pause","duration":10},{"type":"keyUp","value":"î€‡"}]}]}
COMMAND: GET /session/d3cdda6f06e006695550ea94201d0e31/screenshot - {}
RESULT: {}
COMMAND: POST /session/d3cdda6f06e006695550ea94201d0e31/execute/async - {"script":"<script> [1562 bytes]","args":[{"selector":{"id":"application-manageresources-display-component---masterRU--smartTable-header"},"wdio_ui5_key":"applicationmanageresources-display-component---masterRU--smartTable-header"}]}
RESULT: {"script":"<script> [1562 bytes]","args":[{"selector":{"id":"application-manageresources-display-component---masterRU--smartTable-header"},"wdio_ui5_key":"applicationmanageresources-display-component---masterRU--smartTable-header"}]}
RESULT: undefined
COMMAND: POST /session/d3cdda6f06e006695550ea94201d0e31/execute/async - {"script":"<script> [6424 bytes]","args":[{"element-6066-11e4-a52e-4f735466cecf":"f.CF3EA173C6DD6742E6FF2C1FCC3ADAA5.d.AEB8510FFC85D072722BE835B2FDA198.e.16277"},"getText",[]]}
RESULT: {"script":"<script> [6424 bytes]","args":[{"element-6066-11e4-a52e-4f735466cecf":"f.CF3EA173C6DD6742E6FF2C1FCC3ADAA5.d.AEB8510FFC85D072722BE835B2FDA198.e.16277"},"getText",[]]}
COMMAND: POST /session/d3cdda6f06e006695550ea94201d0e31/execute/async - {"script":"<script> [1562 bytes]","args":[{"selector":{"controlType":"sap.ui.core.Icon","viewName":"etm.portal.ui.manageresources.view.Master","viewId":"application-manageresources-display-component---masterRU","properties":{"src":{"regex":{"source":"slim\\-arrow\\-right"}}}},"wdio_ui5_key":"etmportal.ui.manageresources.view.Mastersap.ui.core.Icon{\"src\":{\"regex\":{\"source\":\"slim\\\\-arrow\\\\-right\"}}}"}]}
RESULT: {"script":"<script> [1562 bytes]","args":[{"selector":{"controlType":"sap.ui.core.Icon","viewName":"etm.portal.ui.manageresources.view.Master","viewId":"application-manageresources-display-component---masterRU","properties":{"src":{"regex":{"source":"slim\\-arrow\\-right"}}}},"wdio_ui5_key":"etmportal.ui.manageresources.view.Mastersap.ui.core.Icon{\"src\":{\"regex\":{\"source\":\"slim\\\\-arrow\\\\-right\"}}}"}]}
RESULT: undefined
COMMAND: POST /session/d3cdda6f06e006695550ea94201d0e31/element - {"using":"xpath","value":"//*[@id=\"__item1102-__clone2861-imgNav\"]"}
RESULT: {"using":"xpath","value":"//*[@id=\"__item1102-__clone2861-imgNav\"]"}
COMMAND: POST /session/d3cdda6f06e006695550ea94201d0e31/element/f.CF3EA173C6DD6742E6FF2C1FCC3ADAA5.d.AEB8510FFC85D072722BE835B2FDA198.e.16276/click - {}
RESULT: {}
COMMAND: GET /session/d3cdda6f06e006695550ea94201d0e31/screenshot - {}
COMMAND: POST /session/d3cdda6f06e006695550ea94201d0e31/element - {"using":"xpath","value":"//bdi[contains(text(), \"Edit\")]"}
RESULT: {}
RESULT: {"using":"xpath","value":"//bdi[contains(text(), \"Edit\")]"}
COMMAND: POST /session/d3cdda6f06e006695550ea94201d0e31/execute/sync - {"script":"<script> [8489 bytes]","args":[{"element-6066-11e4-a52e-4f735466cecf":"f.CF3EA173C6DD6742E6FF2C1FCC3ADAA5.d.AEB8510FFC85D072722BE835B2FDA198.e.16373","ELEMENT":"f.CF3EA173C6DD6742E6FF2C1FCC3ADAA5.d.AEB8510FFC85D072722BE835B2FDA198.e.16373"}]}
RESULT: {"script":"<script> [8489 bytes]","args":[{"element-6066-11e4-a52e-4f735466cecf":"f.CF3EA173C6DD6742E6FF2C1FCC3ADAA5.d.AEB8510FFC85D072722BE835B2FDA198.e.16373","ELEMENT":"f.CF3EA173C6DD6742E6FF2C1FCC3ADAA5.d.AEB8510FFC85D072722BE835B2FDA198.e.16373"}]}
COMMAND: POST /session/d3cdda6f06e006695550ea94201d0e31/element/f.CF3EA173C6DD6742E6FF2C1FCC3ADAA5.d.AEB8510FFC85D072722BE835B2FDA198.e.16373/click - {}
COMMAND: GET /session/d3cdda6f06e006695550ea94201d0e31/screenshot - {}
RESULT: {}
COMMAND: GET /session/d3cdda6f06e006695550ea94201d0e31/screenshot - {}
RESULT: {}
RESULT: {}
COMMAND: POST /session/d3cdda6f06e006695550ea94201d0e31/execute/async - {"script":"<script> [1562 bytes]","args":[{"selector":{"id":"application-manageresources-display-component---editResource--editRruPage-anchBar-application-manageresources-display-component---editResource--counters-anchor","interaction":{"idSuffix":"BDI-content"}},"wdio_ui5_key":"applicationmanageresources-display-component---editResource--editRruPage-anchBar-application-manageresources-display-component---editResource--counters-anchor"}]}
RESULT: {"script":"<script> [1562 bytes]","args":[{"selector":{"id":"application-manageresources-display-component---editResource--editRruPage-anchBar-application-manageresources-display-component---editResource--counters-anchor","interaction":{"idSuffix":"BDI-content"}},"wdio_ui5_key":"applicationmanageresources-display-component---editResource--editRruPage-anchBar-application-manageresources-display-component---editResource--counters-anchor"}]}
RESULT: undefined
COMMAND: POST /session/d3cdda6f06e006695550ea94201d0e31/element - {"using":"xpath","value":"//*[@id=\"application-manageresources-display-component---editResource--editRruPage-anchBar-application-manageresources-display-component---editResource--counters-anchor\"]"}
RESULT: {"using":"xpath","value":"//*[@id=\"application-manageresources-display-component---editResource--editRruPage-anchBar-application-manageresources-display-component---editResource--counters-anchor\"]"}
COMMAND: POST /session/d3cdda6f06e006695550ea94201d0e31/element/f.CF3EA173C6DD6742E6FF2C1FCC3ADAA5.d.AEB8510FFC85D072722BE835B2FDA198.e.16528/click - {}
RESULT: {}
COMMAND: GET /session/d3cdda6f06e006695550ea94201d0e31/screenshot - {}
RESULT: {}
COMMAND: POST /session/d3cdda6f06e006695550ea94201d0e31/execute/async - {"script":"<script> [1562 bytes]","args":[{"selector":{"id":"application-manageresources-display-component---editResource--btnAddCounter-img"},"wdio_ui5_key":"applicationmanageresources-display-component---editResource--btnAddCounter-img"}]}
RESULT: {"script":"<script> [1562 bytes]","args":[{"selector":{"id":"application-manageresources-display-component---editResource--btnAddCounter-img"},"wdio_ui5_key":"applicationmanageresources-display-component---editResource--btnAddCounter-img"}]}
RESULT: undefined
COMMAND: POST /session/d3cdda6f06e006695550ea94201d0e31/element - {"using":"xpath","value":"//*[@id=\"application-manageresources-display-component---editResource--btnAddCounter-img\"]"}
RESULT: {"using":"xpath","value":"//*[@id=\"application-manageresources-display-component---editResource--btnAddCounter-img\"]"}
COMMAND: POST /session/d3cdda6f06e006695550ea94201d0e31/element/f.CF3EA173C6DD6742E6FF2C1FCC3ADAA5.d.AEB8510FFC85D072722BE835B2FDA198.e.16533/click - {}
RESULT: {}
COMMAND: POST /session/d3cdda6f06e006695550ea94201d0e31/execute/async - {"script":"<script> [1562 bytes]","args":[{"selector":{"id":"application-manageresources-display-component---editResource--COUNTER_ID-application-manageresources-display-component---editResource--RUCounters-0-arrow"},"wdio_ui5_key":"applicationmanageresources-display-component---editResource--COUNTER_ID-application-manageresources-display-component---editResource--RUCounters-0-arrow"}]}
COMMAND: GET /session/d3cdda6f06e006695550ea94201d0e31/screenshot - {}
RESULT: {"script":"<script> [1562 bytes]","args":[{"selector":{"id":"application-manageresources-display-component---editResource--COUNTER_ID-application-manageresources-display-component---editResource--RUCounters-0-arrow"},"wdio_ui5_key":"applicationmanageresources-display-component---editResource--COUNTER_ID-application-manageresources-display-component---editResource--RUCounters-0-arrow"}]}
RESULT: undefined
COMMAND: POST /session/d3cdda6f06e006695550ea94201d0e31/element - {"using":"xpath","value":"//*[@id=\"application-manageresources-display-component---editResource--COUNTER_ID-application-manageresources-display-component---editResource--RUCounters-0-arrow\"]"}
RESULT: {}
RESULT: {"using":"xpath","value":"//*[@id=\"application-manageresources-display-component---editResource--COUNTER_ID-application-manageresources-display-component---editResource--RUCounters-0-arrow\"]"}
COMMAND: POST /session/d3cdda6f06e006695550ea94201d0e31/element/f.CF3EA173C6DD6742E6FF2C1FCC3ADAA5.d.AEB8510FFC85D072722BE835B2FDA198.e.16546/click - {}
RESULT: {}
COMMAND: POST /session/d3cdda6f06e006695550ea94201d0e31/execute/async - {"script":"<script> [1562 bytes]","args":[{"selector":{"controlType":"sap.m.StandardListItem","viewName":"etm.portal.ui.manageresources.view.EditResource","viewId":"application-manageresources-display-component---editResource","properties":{"title":"fuel"},"searchOpenDialogs":true,"interaction":{"idSuffix":"content"}},"wdio_ui5_key":"etmportal.ui.manageresources.view.EditResourcesap.m.StandardListItem{\"title\":\"fuel\"}"}]}
COMMAND: GET /session/d3cdda6f06e006695550ea94201d0e31/screenshot - {}
RESULT: {"script":"<script> [1562 bytes]","args":[{"selector":{"controlType":"sap.m.StandardListItem","viewName":"etm.portal.ui.manageresources.view.EditResource","viewId":"application-manageresources-display-component---editResource","properties":{"title":"fuel"},"searchOpenDialogs":true,"interaction":{"idSuffix":"content"}},"wdio_ui5_key":"etmportal.ui.manageresources.view.EditResourcesap.m.StandardListItem{\"title\":\"fuel\"}"}]}
RESULT: undefined
COMMAND: POST /session/d3cdda6f06e006695550ea94201d0e31/element - {"using":"xpath","value":"//*[@id=\"__item1382\"]"}
RESULT: {}
RESULT: {"using":"xpath","value":"//*[@id=\"__item1382\"]"}
COMMAND: POST /session/d3cdda6f06e006695550ea94201d0e31/element/f.CF3EA173C6DD6742E6FF2C1FCC3ADAA5.d.AEB8510FFC85D072722BE835B2FDA198.e.16548/click - {}
RESULT: {}
COMMAND: POST /session/d3cdda6f06e006695550ea94201d0e31/execute/async - {"script":"<script> [1562 bytes]","args":[{"selector":{"controlType":"sap.m.Button","viewName":"etm.portal.ui.manageresources.view.EditResource","viewId":"application-manageresources-display-component---editResource","i18NText":{"propertyName":"text","key":"save"},"interaction":{"idSuffix":"BDI-content"}},"wdio_ui5_key":"etmportal.ui.manageresources.view.EditResourcesap.m.Button{\"propertyName\":\"text\",\"key\":\"save\"}"}]}
COMMAND: GET /session/d3cdda6f06e006695550ea94201d0e31/screenshot - {}
RESULT: {"script":"<script> [1562 bytes]","args":[{"selector":{"controlType":"sap.m.Button","viewName":"etm.portal.ui.manageresources.view.EditResource","viewId":"application-manageresources-display-component---editResource","i18NText":{"propertyName":"text","key":"save"},"interaction":{"idSuffix":"BDI-content"}},"wdio_ui5_key":"etmportal.ui.manageresources.view.EditResourcesap.m.Button{\"propertyName\":\"text\",\"key\":\"save\"}"}]}
RESULT: undefined
COMMAND: POST /session/d3cdda6f06e006695550ea94201d0e31/element - {"using":"xpath","value":"//*[@id=\"__button166\"]"}
RESULT: {}
RESULT: {"using":"xpath","value":"//*[@id=\"__button166\"]"}
COMMAND: POST /session/d3cdda6f06e006695550ea94201d0e31/element/f.CF3EA173C6DD6742E6FF2C1FCC3ADAA5.d.AEB8510FFC85D072722BE835B2FDA198.e.16550/click - {}
RESULT: {}
COMMAND: GET /session/d3cdda6f06e006695550ea94201d0e31/screenshot - {}
RESULT: {}
COMMAND: POST /session/d3cdda6f06e006695550ea94201d0e31/element - {"using":"css selector","value":"#shell-header-logo"}
RESULT: {"using":"css selector","value":"#shell-header-logo"}
COMMAND: POST /session/d3cdda6f06e006695550ea94201d0e31/element/f.CF3EA173C6DD6742E6FF2C1FCC3ADAA5.d.AEB8510FFC85D072722BE835B2FDA198.e.16095/click - {}
RESULT: {}
COMMAND: GET /session/d3cdda6f06e006695550ea94201d0e31/screenshot - {}
RESULT: {}
]]></system-out>
    </testcase>
    <testcase classname="chrome.136_0_7103_93.windows.Performance_based_billing_(work_days)_US139742" name="Should do a stock increase on the yard for the equipment" time="81.416">
      <system-out><![CDATA[
COMMAND: POST /session/d3cdda6f06e006695550ea94201d0e31/execute/async - {"script":"<script> [1562 bytes]","args":[{"selector":{"controlType":"sap.m.GenericTile","properties":{"header":"Manage Handovers"}},"wdio_ui5_key":"sapm.GenericTile{\"header\":\"Manage Handovers\"}"}]}
RESULT: {"script":"<script> [1562 bytes]","args":[{"selector":{"controlType":"sap.m.GenericTile","properties":{"header":"Manage Handovers"}},"wdio_ui5_key":"sapm.GenericTile{\"header\":\"Manage Handovers\"}"}]}
RESULT: undefined
COMMAND: POST /session/d3cdda6f06e006695550ea94201d0e31/element - {"using":"xpath","value":"//*[@id=\"__tile130\"]"}
RESULT: {"using":"xpath","value":"//*[@id=\"__tile130\"]"}
COMMAND: POST /session/d3cdda6f06e006695550ea94201d0e31/element/f.CF3EA173C6DD6742E6FF2C1FCC3ADAA5.d.AEB8510FFC85D072722BE835B2FDA198.e.14888/click - {}
RESULT: {}
COMMAND: GET /session/d3cdda6f06e006695550ea94201d0e31/screenshot - {}
RESULT: {}
COMMAND: POST /session/d3cdda6f06e006695550ea94201d0e31/elements - {"using":"xpath","value":"//span[text()='Error']"}
RESULT: {"using":"xpath","value":"//span[text()='Error']"}
COMMAND: POST /session/d3cdda6f06e006695550ea94201d0e31/element - {"using":"xpath","value":"//button[@data-kt=\"masterHOAddButton\"]"}
RESULT: {"using":"xpath","value":"//button[@data-kt=\"masterHOAddButton\"]"}
COMMAND: POST /session/d3cdda6f06e006695550ea94201d0e31/elements - {"using":"xpath","value":"//button[@data-kt=\"masterHOAddButton\"]"}
RESULT: {"using":"xpath","value":"//button[@data-kt=\"masterHOAddButton\"]"}
COMMAND: POST /session/d3cdda6f06e006695550ea94201d0e31/execute/sync - {"script":"<script> [8489 bytes]","args":[{"element-6066-11e4-a52e-4f735466cecf":"f.CF3EA173C6DD6742E6FF2C1FCC3ADAA5.d.AEB8510FFC85D072722BE835B2FDA198.e.16602","ELEMENT":"f.CF3EA173C6DD6742E6FF2C1FCC3ADAA5.d.AEB8510FFC85D072722BE835B2FDA198.e.16602"}]}
RESULT: {"script":"<script> [8489 bytes]","args":[{"element-6066-11e4-a52e-4f735466cecf":"f.CF3EA173C6DD6742E6FF2C1FCC3ADAA5.d.AEB8510FFC85D072722BE835B2FDA198.e.16602","ELEMENT":"f.CF3EA173C6DD6742E6FF2C1FCC3ADAA5.d.AEB8510FFC85D072722BE835B2FDA198.e.16602"}]}
COMMAND: GET /session/d3cdda6f06e006695550ea94201d0e31/element/f.CF3EA173C6DD6742E6FF2C1FCC3ADAA5.d.AEB8510FFC85D072722BE835B2FDA198.e.16602/enabled - {}
COMMAND: GET /session/d3cdda6f06e006695550ea94201d0e31/screenshot - {}
RESULT: {}
COMMAND: POST /session/d3cdda6f06e006695550ea94201d0e31/execute/sync - {"script":"<script> [8489 bytes]","args":[{"element-6066-11e4-a52e-4f735466cecf":"f.CF3EA173C6DD6742E6FF2C1FCC3ADAA5.d.AEB8510FFC85D072722BE835B2FDA198.e.16602","ELEMENT":"f.CF3EA173C6DD6742E6FF2C1FCC3ADAA5.d.AEB8510FFC85D072722BE835B2FDA198.e.16602"}]}
COMMAND: GET /session/d3cdda6f06e006695550ea94201d0e31/screenshot - {}
RESULT: {}
RESULT: {"script":"<script> [8489 bytes]","args":[{"element-6066-11e4-a52e-4f735466cecf":"f.CF3EA173C6DD6742E6FF2C1FCC3ADAA5.d.AEB8510FFC85D072722BE835B2FDA198.e.16602","ELEMENT":"f.CF3EA173C6DD6742E6FF2C1FCC3ADAA5.d.AEB8510FFC85D072722BE835B2FDA198.e.16602"}]}
COMMAND: POST /session/d3cdda6f06e006695550ea94201d0e31/execute/sync - {"script":"<script> [5351 bytes]","args":[{"element-6066-11e4-a52e-4f735466cecf":"f.CF3EA173C6DD6742E6FF2C1FCC3ADAA5.d.AEB8510FFC85D072722BE835B2FDA198.e.16602","ELEMENT":"f.CF3EA173C6DD6742E6FF2C1FCC3ADAA5.d.AEB8510FFC85D072722BE835B2FDA198.e.16602"}]}
COMMAND: GET /session/d3cdda6f06e006695550ea94201d0e31/screenshot - {}
RESULT: {}
RESULT: {"script":"<script> [5351 bytes]","args":[{"element-6066-11e4-a52e-4f735466cecf":"f.CF3EA173C6DD6742E6FF2C1FCC3ADAA5.d.AEB8510FFC85D072722BE835B2FDA198.e.16602","ELEMENT":"f.CF3EA173C6DD6742E6FF2C1FCC3ADAA5.d.AEB8510FFC85D072722BE835B2FDA198.e.16602"}]}
COMMAND: POST /session/d3cdda6f06e006695550ea94201d0e31/element/f.CF3EA173C6DD6742E6FF2C1FCC3ADAA5.d.AEB8510FFC85D072722BE835B2FDA198.e.16602/click - {}
COMMAND: GET /session/d3cdda6f06e006695550ea94201d0e31/screenshot - {}
RESULT: {}
RESULT: {}
COMMAND: GET /session/d3cdda6f06e006695550ea94201d0e31/screenshot - {}
RESULT: {}
RESULT: {}
COMMAND: POST /session/d3cdda6f06e006695550ea94201d0e31/element - {"using":"xpath","value":"//span[contains(@id ,\"AddNewHO--typeSelect-arrow\")]"}
RESULT: {"using":"xpath","value":"//span[contains(@id ,\"AddNewHO--typeSelect-arrow\")]"}
COMMAND: POST /session/d3cdda6f06e006695550ea94201d0e31/element/f.CF3EA173C6DD6742E6FF2C1FCC3ADAA5.d.AEB8510FFC85D072722BE835B2FDA198.e.16961/click - {}
RESULT: {}
COMMAND: GET /session/d3cdda6f06e006695550ea94201d0e31/screenshot - {}
RESULT: {}
COMMAND: POST /session/d3cdda6f06e006695550ea94201d0e31/element - {"using":"xpath","value":"(//li[contains(text(), \"stock increase yard\")])[1]"}
RESULT: {"using":"xpath","value":"(//li[contains(text(), \"stock increase yard\")])[1]"}
COMMAND: POST /session/d3cdda6f06e006695550ea94201d0e31/element/f.CF3EA173C6DD6742E6FF2C1FCC3ADAA5.d.AEB8510FFC85D072722BE835B2FDA198.e.16962/click - {}
RESULT: {}
COMMAND: GET /session/d3cdda6f06e006695550ea94201d0e31/screenshot - {}
RESULT: {}
COMMAND: POST /session/d3cdda6f06e006695550ea94201d0e31/execute/async - {"script":"<script> [1562 bytes]","args":[{"selector":{"id":"application-managehandovers-display-component---AddNewHO--dueDate","interaction":{"idSuffix":"inner"}},"wdio_ui5_key":"applicationmanagehandovers-display-component---AddNewHO--dueDate"}]}
RESULT: {"script":"<script> [1562 bytes]","args":[{"selector":{"id":"application-managehandovers-display-component---AddNewHO--dueDate","interaction":{"idSuffix":"inner"}},"wdio_ui5_key":"applicationmanagehandovers-display-component---AddNewHO--dueDate"}]}
RESULT: undefined
COMMAND: POST /session/d3cdda6f06e006695550ea94201d0e31/execute/async - {"script":"<script> [6424 bytes]","args":[{"element-6066-11e4-a52e-4f735466cecf":"f.CF3EA173C6DD6742E6FF2C1FCC3ADAA5.d.AEB8510FFC85D072722BE835B2FDA198.e.16964"},"setValue",["5/21/25"]]}
RESULT: {"script":"<script> [6424 bytes]","args":[{"element-6066-11e4-a52e-4f735466cecf":"f.CF3EA173C6DD6742E6FF2C1FCC3ADAA5.d.AEB8510FFC85D072722BE835B2FDA198.e.16964"},"setValue",["5/21/25"]]}
COMMAND: POST /session/d3cdda6f06e006695550ea94201d0e31/element - {"using":"xpath","value":"//input[@id=\"generalSectionFrg--receiveYard-inner\"]"}
RESULT: {"using":"xpath","value":"//input[@id=\"generalSectionFrg--receiveYard-inner\"]"}
COMMAND: POST /session/d3cdda6f06e006695550ea94201d0e31/element/f.CF3EA173C6DD6742E6FF2C1FCC3ADAA5.d.AEB8510FFC85D072722BE835B2FDA198.e.16968/clear - {}
RESULT: {}
COMMAND: POST /session/d3cdda6f06e006695550ea94201d0e31/element/f.CF3EA173C6DD6742E6FF2C1FCC3ADAA5.d.AEB8510FFC85D072722BE835B2FDA198.e.16968/value - {"text":"621"}
COMMAND: GET /session/d3cdda6f06e006695550ea94201d0e31/screenshot - {}
RESULT: {"text":"621"}
COMMAND: GET /session/d3cdda6f06e006695550ea94201d0e31/screenshot - {}
RESULT: {}
RESULT: {}
COMMAND: POST /session/d3cdda6f06e006695550ea94201d0e31/element - {"using":"xpath","value":"//li[.//span[text()='621']]"}
RESULT: {"using":"xpath","value":"//li[.//span[text()='621']]"}
COMMAND: POST /session/d3cdda6f06e006695550ea94201d0e31/element/f.CF3EA173C6DD6742E6FF2C1FCC3ADAA5.d.AEB8510FFC85D072722BE835B2FDA198.e.16984/click - {}
RESULT: {}
COMMAND: GET /session/d3cdda6f06e006695550ea94201d0e31/screenshot - {}
RESULT: {}
COMMAND: POST /session/d3cdda6f06e006695550ea94201d0e31/execute/async - {"script":"<script> [1562 bytes]","args":[{"selector":{"id":"application-managehandovers-display-component---AddNewHO--ObjectPageLayout-anchBar-application-managehandovers-display-component---AddNewHO--section4-anchor","interaction":{"idSuffix":"BDI-content"}},"wdio_ui5_key":"applicationmanagehandovers-display-component---AddNewHO--ObjectPageLayout-anchBar-application-managehandovers-display-component---AddNewHO--section4-anchor"}]}
RESULT: {"script":"<script> [1562 bytes]","args":[{"selector":{"id":"application-managehandovers-display-component---AddNewHO--ObjectPageLayout-anchBar-application-managehandovers-display-component---AddNewHO--section4-anchor","interaction":{"idSuffix":"BDI-content"}},"wdio_ui5_key":"applicationmanagehandovers-display-component---AddNewHO--ObjectPageLayout-anchBar-application-managehandovers-display-component---AddNewHO--section4-anchor"}]}
RESULT: undefined
COMMAND: POST /session/d3cdda6f06e006695550ea94201d0e31/element - {"using":"xpath","value":"//*[@id=\"application-managehandovers-display-component---AddNewHO--ObjectPageLayout-anchBar-application-managehandovers-display-component---AddNewHO--section4-anchor\"]"}
RESULT: {"using":"xpath","value":"//*[@id=\"application-managehandovers-display-component---AddNewHO--ObjectPageLayout-anchBar-application-managehandovers-display-component---AddNewHO--section4-anchor\"]"}
COMMAND: POST /session/d3cdda6f06e006695550ea94201d0e31/element/f.CF3EA173C6DD6742E6FF2C1FCC3ADAA5.d.AEB8510FFC85D072722BE835B2FDA198.e.16986/click - {}
RESULT: {}
COMMAND: POST /session/d3cdda6f06e006695550ea94201d0e31/element - {"using":"xpath","value":"//button[@aria-label=\"Add\"]"}
COMMAND: GET /session/d3cdda6f06e006695550ea94201d0e31/screenshot - {}
RESULT: {"using":"xpath","value":"//button[@aria-label=\"Add\"]"}
COMMAND: POST /session/d3cdda6f06e006695550ea94201d0e31/element/f.CF3EA173C6DD6742E6FF2C1FCC3ADAA5.d.AEB8510FFC85D072722BE835B2FDA198.e.16988/click - {}
RESULT: {}
RESULT: {}
COMMAND: GET /session/d3cdda6f06e006695550ea94201d0e31/screenshot - {}
RESULT: {}
COMMAND: POST /session/d3cdda6f06e006695550ea94201d0e31/execute/async - {"script":"<script> [1562 bytes]","args":[{"selector":{"id":"application-managehandovers-display-component---AddNewHO--smartFilterBar-btnBasicSearch","searchOpenDialogs":true,"interaction":{"idSuffix":"I"}},"wdio_ui5_key":"applicationmanagehandovers-display-component---AddNewHO--smartFilterBar-btnBasicSearch"}]}
RESULT: {"script":"<script> [1562 bytes]","args":[{"selector":{"id":"application-managehandovers-display-component---AddNewHO--smartFilterBar-btnBasicSearch","searchOpenDialogs":true,"interaction":{"idSuffix":"I"}},"wdio_ui5_key":"applicationmanagehandovers-display-component---AddNewHO--smartFilterBar-btnBasicSearch"}]}
RESULT: undefined
COMMAND: POST /session/d3cdda6f06e006695550ea94201d0e31/execute/async - {"script":"<script> [776 bytes]","args":[{"enterText":"ddAMNJdQ2w","selector":{"id":"application-managehandovers-display-component---AddNewHO--smartFilterBar-btnBasicSearch","searchOpenDialogs":true,"interaction":{"idSuffix":"I"}},"clearTextFirst":true,"interactionType":"ENTER_TEXT"}]}
RESULT: {"script":"<script> [776 bytes]","args":[{"enterText":"ddAMNJdQ2w","selector":{"id":"application-managehandovers-display-component---AddNewHO--smartFilterBar-btnBasicSearch","searchOpenDialogs":true,"interaction":{"idSuffix":"I"}},"clearTextFirst":true,"interactionType":"ENTER_TEXT"}]}
COMMAND: POST /session/d3cdda6f06e006695550ea94201d0e31/actions - {"actions":[{"id":"action60","type":"key","parameters":{},"actions":[{"type":"keyDown","value":"î€‡"},{"type":"pause","duration":10},{"type":"keyUp","value":"î€‡"}]}]}
RESULT: {"actions":[{"id":"action60","type":"key","parameters":{},"actions":[{"type":"keyDown","value":"î€‡"},{"type":"pause","duration":10},{"type":"keyUp","value":"î€‡"}]}]}
COMMAND: GET /session/d3cdda6f06e006695550ea94201d0e31/screenshot - {}
RESULT: {}
COMMAND: POST /session/d3cdda6f06e006695550ea94201d0e31/execute/async - {"script":"<script> [1562 bytes]","args":[{"selector":{"id":"application-managehandovers-display-component---AddNewHO--popup-sa","searchOpenDialogs":true,"interaction":{"idSuffix":"CbBg"}},"wdio_ui5_key":"applicationmanagehandovers-display-component---AddNewHO--popup-sa"}]}
RESULT: {"script":"<script> [1562 bytes]","args":[{"selector":{"id":"application-managehandovers-display-component---AddNewHO--popup-sa","searchOpenDialogs":true,"interaction":{"idSuffix":"CbBg"}},"wdio_ui5_key":"applicationmanagehandovers-display-component---AddNewHO--popup-sa"}]}
RESULT: undefined
COMMAND: POST /session/d3cdda6f06e006695550ea94201d0e31/element - {"using":"xpath","value":"//*[@id=\"application-managehandovers-display-component---AddNewHO--popup-sa\"]"}
RESULT: {"using":"xpath","value":"//*[@id=\"application-managehandovers-display-component---AddNewHO--popup-sa\"]"}
COMMAND: POST /session/d3cdda6f06e006695550ea94201d0e31/element/f.CF3EA173C6DD6742E6FF2C1FCC3ADAA5.d.AEB8510FFC85D072722BE835B2FDA198.e.17141/click - {}
RESULT: {}
COMMAND: GET /session/d3cdda6f06e006695550ea94201d0e31/screenshot - {}
RESULT: {}
COMMAND: POST /session/d3cdda6f06e006695550ea94201d0e31/element - {"using":"xpath","value":"//bdi[contains(text(), \"Select\")]"}
RESULT: {"using":"xpath","value":"//bdi[contains(text(), \"Select\")]"}
COMMAND: POST /session/d3cdda6f06e006695550ea94201d0e31/element/f.CF3EA173C6DD6742E6FF2C1FCC3ADAA5.d.AEB8510FFC85D072722BE835B2FDA198.e.17142/click - {}
RESULT: {}
COMMAND: GET /session/d3cdda6f06e006695550ea94201d0e31/screenshot - {}
RESULT: {}
COMMAND: POST /session/d3cdda6f06e006695550ea94201d0e31/element - {"using":"xpath","value":"//button[@data-kt=\"AddNewHOSaveButton\"]"}
RESULT: {"using":"xpath","value":"//button[@data-kt=\"AddNewHOSaveButton\"]"}
COMMAND: POST /session/d3cdda6f06e006695550ea94201d0e31/element/f.CF3EA173C6DD6742E6FF2C1FCC3ADAA5.d.AEB8510FFC85D072722BE835B2FDA198.e.17146/click - {}
RESULT: {}
COMMAND: GET /session/d3cdda6f06e006695550ea94201d0e31/screenshot - {}
RESULT: {}
COMMAND: POST /session/d3cdda6f06e006695550ea94201d0e31/execute/async - {"script":"<script> [1562 bytes]","args":[{"selector":{"id":"receiptDatePicker","viewName":"etm.portal.ui.managehandovers.view.DetailExecuteHO","interaction":{"idSuffix":"inner"}},"wdio_ui5_key":"receiptDatePickeretmportal.ui.managehandovers.view.DetailExecuteHO"}]}
RESULT: {"script":"<script> [1562 bytes]","args":[{"selector":{"id":"receiptDatePicker","viewName":"etm.portal.ui.managehandovers.view.DetailExecuteHO","interaction":{"idSuffix":"inner"}},"wdio_ui5_key":"receiptDatePickeretmportal.ui.managehandovers.view.DetailExecuteHO"}]}
RESULT: undefined
COMMAND: POST /session/d3cdda6f06e006695550ea94201d0e31/execute/async - {"script":"<script> [6424 bytes]","args":[{"element-6066-11e4-a52e-4f735466cecf":"f.CF3EA173C6DD6742E6FF2C1FCC3ADAA5.d.AEB8510FFC85D072722BE835B2FDA198.e.17163"},"setValue",["5/21/25"]]}
RESULT: {"script":"<script> [6424 bytes]","args":[{"element-6066-11e4-a52e-4f735466cecf":"f.CF3EA173C6DD6742E6FF2C1FCC3ADAA5.d.AEB8510FFC85D072722BE835B2FDA198.e.17163"},"setValue",["5/21/25"]]}
COMMAND: POST /session/d3cdda6f06e006695550ea94201d0e31/element - {"using":"xpath","value":"//button[@data-kt=\"PickingTableConfirmAllButton\"]"}
RESULT: {"using":"xpath","value":"//button[@data-kt=\"PickingTableConfirmAllButton\"]"}
COMMAND: POST /session/d3cdda6f06e006695550ea94201d0e31/element/f.CF3EA173C6DD6742E6FF2C1FCC3ADAA5.d.AEB8510FFC85D072722BE835B2FDA198.e.17178/click - {}
RESULT: {}
COMMAND: GET /session/d3cdda6f06e006695550ea94201d0e31/screenshot - {}
RESULT: {}
COMMAND: POST /session/d3cdda6f06e006695550ea94201d0e31/element - {"using":"xpath","value":"//bdi[contains(text(), \"OK\")]"}
RESULT: {"using":"xpath","value":"//bdi[contains(text(), \"OK\")]"}
COMMAND: POST /session/d3cdda6f06e006695550ea94201d0e31/element/f.CF3EA173C6DD6742E6FF2C1FCC3ADAA5.d.AEB8510FFC85D072722BE835B2FDA198.e.17180/click - {}
RESULT: {}
COMMAND: GET /session/d3cdda6f06e006695550ea94201d0e31/screenshot - {}
RESULT: {}
COMMAND: POST /session/d3cdda6f06e006695550ea94201d0e31/element - {"using":"xpath","value":"(//bdi[contains(text(), \"Receive\")])[2]"}
RESULT: {"using":"xpath","value":"(//bdi[contains(text(), \"Receive\")])[2]"}
COMMAND: POST /session/d3cdda6f06e006695550ea94201d0e31/element/f.CF3EA173C6DD6742E6FF2C1FCC3ADAA5.d.AEB8510FFC85D072722BE835B2FDA198.e.17182/click - {}
RESULT: {}
COMMAND: GET /session/d3cdda6f06e006695550ea94201d0e31/screenshot - {}
RESULT: {}
COMMAND: POST /session/d3cdda6f06e006695550ea94201d0e31/element - {"using":"css selector","value":"#shell-header-logo"}
RESULT: {"using":"css selector","value":"#shell-header-logo"}
COMMAND: POST /session/d3cdda6f06e006695550ea94201d0e31/element/f.CF3EA173C6DD6742E6FF2C1FCC3ADAA5.d.AEB8510FFC85D072722BE835B2FDA198.e.16564/click - {}
RESULT: {}
COMMAND: GET /session/d3cdda6f06e006695550ea94201d0e31/screenshot - {}
RESULT: {}
]]></system-out>
    </testcase>
    <testcase classname="chrome.136_0_7103_93.windows.Performance_based_billing_(work_days)_US139742" name="Should create a new contract" time="59.829">
      <system-out><![CDATA[
COMMAND: POST /session/d3cdda6f06e006695550ea94201d0e31/execute/async - {"script":"<script> [1562 bytes]","args":[{"selector":{"controlType":"sap.m.GenericTile","properties":{"header":"Manage Contracts"}},"wdio_ui5_key":"sapm.GenericTile{\"header\":\"Manage Contracts\"}"}]}
RESULT: {"script":"<script> [1562 bytes]","args":[{"selector":{"controlType":"sap.m.GenericTile","properties":{"header":"Manage Contracts"}},"wdio_ui5_key":"sapm.GenericTile{\"header\":\"Manage Contracts\"}"}]}
RESULT: undefined
COMMAND: POST /session/d3cdda6f06e006695550ea94201d0e31/element - {"using":"xpath","value":"//*[@id=\"__tile131\"]"}
RESULT: {"using":"xpath","value":"//*[@id=\"__tile131\"]"}
COMMAND: POST /session/d3cdda6f06e006695550ea94201d0e31/element/f.CF3EA173C6DD6742E6FF2C1FCC3ADAA5.d.AEB8510FFC85D072722BE835B2FDA198.e.14827/click - {}
RESULT: {}
COMMAND: GET /session/d3cdda6f06e006695550ea94201d0e31/screenshot - {}
RESULT: {}
COMMAND: POST /session/d3cdda6f06e006695550ea94201d0e31/elements - {"using":"xpath","value":"//span[text()='Error']"}
RESULT: {"using":"xpath","value":"//span[text()='Error']"}
COMMAND: POST /session/d3cdda6f06e006695550ea94201d0e31/element - {"using":"xpath","value":"//button[@data-kt=\"addButton\"]"}
RESULT: {"using":"xpath","value":"//button[@data-kt=\"addButton\"]"}
COMMAND: POST /session/d3cdda6f06e006695550ea94201d0e31/elements - {"using":"xpath","value":"//button[@data-kt=\"addButton\"]"}
RESULT: {"using":"xpath","value":"//button[@data-kt=\"addButton\"]"}
COMMAND: POST /session/d3cdda6f06e006695550ea94201d0e31/execute/sync - {"script":"<script> [8489 bytes]","args":[{"element-6066-11e4-a52e-4f735466cecf":"f.CF3EA173C6DD6742E6FF2C1FCC3ADAA5.d.AEB8510FFC85D072722BE835B2FDA198.e.17401","ELEMENT":"f.CF3EA173C6DD6742E6FF2C1FCC3ADAA5.d.AEB8510FFC85D072722BE835B2FDA198.e.17401"}]}
RESULT: {"script":"<script> [8489 bytes]","args":[{"element-6066-11e4-a52e-4f735466cecf":"f.CF3EA173C6DD6742E6FF2C1FCC3ADAA5.d.AEB8510FFC85D072722BE835B2FDA198.e.17401","ELEMENT":"f.CF3EA173C6DD6742E6FF2C1FCC3ADAA5.d.AEB8510FFC85D072722BE835B2FDA198.e.17401"}]}
COMMAND: GET /session/d3cdda6f06e006695550ea94201d0e31/element/f.CF3EA173C6DD6742E6FF2C1FCC3ADAA5.d.AEB8510FFC85D072722BE835B2FDA198.e.17401/enabled - {}
COMMAND: GET /session/d3cdda6f06e006695550ea94201d0e31/screenshot - {}
RESULT: {}
COMMAND: POST /session/d3cdda6f06e006695550ea94201d0e31/execute/sync - {"script":"<script> [8489 bytes]","args":[{"element-6066-11e4-a52e-4f735466cecf":"f.CF3EA173C6DD6742E6FF2C1FCC3ADAA5.d.AEB8510FFC85D072722BE835B2FDA198.e.17401","ELEMENT":"f.CF3EA173C6DD6742E6FF2C1FCC3ADAA5.d.AEB8510FFC85D072722BE835B2FDA198.e.17401"}]}
COMMAND: GET /session/d3cdda6f06e006695550ea94201d0e31/screenshot - {}
RESULT: {}
RESULT: {}
RESULT: {"script":"<script> [8489 bytes]","args":[{"element-6066-11e4-a52e-4f735466cecf":"f.CF3EA173C6DD6742E6FF2C1FCC3ADAA5.d.AEB8510FFC85D072722BE835B2FDA198.e.17401","ELEMENT":"f.CF3EA173C6DD6742E6FF2C1FCC3ADAA5.d.AEB8510FFC85D072722BE835B2FDA198.e.17401"}]}
COMMAND: POST /session/d3cdda6f06e006695550ea94201d0e31/execute/sync - {"script":"<script> [5351 bytes]","args":[{"element-6066-11e4-a52e-4f735466cecf":"f.CF3EA173C6DD6742E6FF2C1FCC3ADAA5.d.AEB8510FFC85D072722BE835B2FDA198.e.17401","ELEMENT":"f.CF3EA173C6DD6742E6FF2C1FCC3ADAA5.d.AEB8510FFC85D072722BE835B2FDA198.e.17401"}]}
COMMAND: GET /session/d3cdda6f06e006695550ea94201d0e31/screenshot - {}
RESULT: {"script":"<script> [5351 bytes]","args":[{"element-6066-11e4-a52e-4f735466cecf":"f.CF3EA173C6DD6742E6FF2C1FCC3ADAA5.d.AEB8510FFC85D072722BE835B2FDA198.e.17401","ELEMENT":"f.CF3EA173C6DD6742E6FF2C1FCC3ADAA5.d.AEB8510FFC85D072722BE835B2FDA198.e.17401"}]}
COMMAND: GET /session/d3cdda6f06e006695550ea94201d0e31/screenshot - {}
RESULT: {}
RESULT: {}
COMMAND: POST /session/d3cdda6f06e006695550ea94201d0e31/element/f.CF3EA173C6DD6742E6FF2C1FCC3ADAA5.d.AEB8510FFC85D072722BE835B2FDA198.e.17401/click - {}
RESULT: {}
COMMAND: GET /session/d3cdda6f06e006695550ea94201d0e31/screenshot - {}
COMMAND: POST /session/d3cdda6f06e006695550ea94201d0e31/execute/async - {"script":"<script> [1562 bytes]","args":[{"selector":{"id":"application-managecontracts-display-component---AddNewContract--projectDescription","interaction":{"idSuffix":"inner"}},"wdio_ui5_key":"applicationmanagecontracts-display-component---AddNewContract--projectDescription"}]}
RESULT: {}
RESULT: {"script":"<script> [1562 bytes]","args":[{"selector":{"id":"application-managecontracts-display-component---AddNewContract--projectDescription","interaction":{"idSuffix":"inner"}},"wdio_ui5_key":"applicationmanagecontracts-display-component---AddNewContract--projectDescription"}]}
RESULT: undefined
COMMAND: POST /session/d3cdda6f06e006695550ea94201d0e31/execute/async - {"script":"<script> [776 bytes]","args":[{"enterText":"Performance Contract WDIO","selector":{"id":"application-managecontracts-display-component---AddNewContract--projectDescription","interaction":{"idSuffix":"inner"}},"clearTextFirst":true,"interactionType":"ENTER_TEXT"}]}
RESULT: {"script":"<script> [776 bytes]","args":[{"enterText":"Performance Contract WDIO","selector":{"id":"application-managecontracts-display-component---AddNewContract--projectDescription","interaction":{"idSuffix":"inner"}},"clearTextFirst":true,"interactionType":"ENTER_TEXT"}]}
COMMAND: POST /session/d3cdda6f06e006695550ea94201d0e31/element - {"using":"xpath","value":"//input[@id=\"application-managecontracts-display-component---AddNewContract--site-inner\"]"}
RESULT: {"using":"xpath","value":"//input[@id=\"application-managecontracts-display-component---AddNewContract--site-inner\"]"}
COMMAND: POST /session/d3cdda6f06e006695550ea94201d0e31/element/f.CF3EA173C6DD6742E6FF2C1FCC3ADAA5.d.AEB8510FFC85D072722BE835B2FDA198.e.17755/clear - {}
RESULT: {}
COMMAND: POST /session/d3cdda6f06e006695550ea94201d0e31/element/f.CF3EA173C6DD6742E6FF2C1FCC3ADAA5.d.AEB8510FFC85D072722BE835B2FDA198.e.17755/value - {"text":"2325"}
COMMAND: GET /session/d3cdda6f06e006695550ea94201d0e31/screenshot - {}
RESULT: {"text":"2325"}
COMMAND: GET /session/d3cdda6f06e006695550ea94201d0e31/screenshot - {}
RESULT: {}
RESULT: {}
COMMAND: POST /session/d3cdda6f06e006695550ea94201d0e31/element - {"using":"xpath","value":"//li[.//span[text()='2325']]"}
RESULT: {"using":"xpath","value":"//li[.//span[text()='2325']]"}
COMMAND: POST /session/d3cdda6f06e006695550ea94201d0e31/element/f.CF3EA173C6DD6742E6FF2C1FCC3ADAA5.d.AEB8510FFC85D072722BE835B2FDA198.e.17788/click - {}
RESULT: {}
COMMAND: GET /session/d3cdda6f06e006695550ea94201d0e31/screenshot - {}
RESULT: {}
COMMAND: POST /session/d3cdda6f06e006695550ea94201d0e31/element - {"using":"xpath","value":"//input[@id=\"application-managecontracts-display-component---AddNewContract--yardId-inner\"]"}
RESULT: {"using":"xpath","value":"//input[@id=\"application-managecontracts-display-component---AddNewContract--yardId-inner\"]"}
COMMAND: GET /session/d3cdda6f06e006695550ea94201d0e31/element/f.CF3EA173C6DD6742E6FF2C1FCC3ADAA5.d.AEB8510FFC85D072722BE835B2FDA198.e.17756/property/value - {}
RESULT: {}
COMMAND: POST /session/d3cdda6f06e006695550ea94201d0e31/element - {"using":"xpath","value":"//input[@id=\"application-managecontracts-display-component---AddNewContract--customerSelect-inner\"]"}
COMMAND: GET /session/d3cdda6f06e006695550ea94201d0e31/screenshot - {}
RESULT: {"using":"xpath","value":"//input[@id=\"application-managecontracts-display-component---AddNewContract--customerSelect-inner\"]"}
COMMAND: POST /session/d3cdda6f06e006695550ea94201d0e31/element/f.CF3EA173C6DD6742E6FF2C1FCC3ADAA5.d.AEB8510FFC85D072722BE835B2FDA198.e.17754/clear - {}
RESULT: {}
RESULT: {}
COMMAND: POST /session/d3cdda6f06e006695550ea94201d0e31/element/f.CF3EA173C6DD6742E6FF2C1FCC3ADAA5.d.AEB8510FFC85D072722BE835B2FDA198.e.17754/value - {"text":"1391"}
COMMAND: GET /session/d3cdda6f06e006695550ea94201d0e31/screenshot - {}
RESULT: {"text":"1391"}
COMMAND: GET /session/d3cdda6f06e006695550ea94201d0e31/screenshot - {}
RESULT: {}
RESULT: {}
COMMAND: POST /session/d3cdda6f06e006695550ea94201d0e31/element - {"using":"xpath","value":"//li[.//span[text()='1391']]"}
RESULT: {"using":"xpath","value":"//li[.//span[text()='1391']]"}
COMMAND: POST /session/d3cdda6f06e006695550ea94201d0e31/element/f.CF3EA173C6DD6742E6FF2C1FCC3ADAA5.d.AEB8510FFC85D072722BE835B2FDA198.e.17791/click - {}
RESULT: {}
COMMAND: GET /session/d3cdda6f06e006695550ea94201d0e31/screenshot - {}
RESULT: {}
COMMAND: POST /session/d3cdda6f06e006695550ea94201d0e31/element - {"using":"xpath","value":"//button[@data-kt=\"saveButton\"]"}
RESULT: {"using":"xpath","value":"//button[@data-kt=\"saveButton\"]"}
COMMAND: POST /session/d3cdda6f06e006695550ea94201d0e31/element/f.CF3EA173C6DD6742E6FF2C1FCC3ADAA5.d.AEB8510FFC85D072722BE835B2FDA198.e.17792/click - {}
RESULT: {}
COMMAND: GET /session/d3cdda6f06e006695550ea94201d0e31/screenshot - {}
RESULT: {}
COMMAND: POST /session/d3cdda6f06e006695550ea94201d0e31/element - {"using":"xpath","value":"//span[contains(@id ,\"contractDetailTitleNoExpanded\")]"}
RESULT: {"using":"xpath","value":"//span[contains(@id ,\"contractDetailTitleNoExpanded\")]"}
COMMAND: POST /session/d3cdda6f06e006695550ea94201d0e31/elements - {"using":"xpath","value":"//span[contains(@id ,\"contractDetailTitleNoExpanded\")]"}
RESULT: {"using":"xpath","value":"//span[contains(@id ,\"contractDetailTitleNoExpanded\")]"}
COMMAND: POST /session/d3cdda6f06e006695550ea94201d0e31/execute/sync - {"script":"<script> [56 bytes]","args":[{"element-6066-11e4-a52e-4f735466cecf":"f.CF3EA173C6DD6742E6FF2C1FCC3ADAA5.d.AEB8510FFC85D072722BE835B2FDA198.e.17864","ELEMENT":"f.CF3EA173C6DD6742E6FF2C1FCC3ADAA5.d.AEB8510FFC85D072722BE835B2FDA198.e.17864"}]}
RESULT: {"script":"<script> [56 bytes]","args":[{"element-6066-11e4-a52e-4f735466cecf":"f.CF3EA173C6DD6742E6FF2C1FCC3ADAA5.d.AEB8510FFC85D072722BE835B2FDA198.e.17864","ELEMENT":"f.CF3EA173C6DD6742E6FF2C1FCC3ADAA5.d.AEB8510FFC85D072722BE835B2FDA198.e.17864"}]}
COMMAND: GET /session/d3cdda6f06e006695550ea94201d0e31/screenshot - {}
RESULT: {}
]]></system-out>
    </testcase>
    <testcase classname="chrome.136_0_7103_93.windows.Performance_based_billing_(work_days)_US139742" name="Should add equipment to the contract" time="46.287">
      <system-out><![CDATA[
COMMAND: POST /session/d3cdda6f06e006695550ea94201d0e31/element - {"using":"xpath","value":"//button[@data-kt=\"contractDetailEditBtnButton\"]"}
RESULT: {"using":"xpath","value":"//button[@data-kt=\"contractDetailEditBtnButton\"]"}
COMMAND: POST /session/d3cdda6f06e006695550ea94201d0e31/element/f.CF3EA173C6DD6742E6FF2C1FCC3ADAA5.d.AEB8510FFC85D072722BE835B2FDA198.e.17865/click - {}
RESULT: {}
COMMAND: GET /session/d3cdda6f06e006695550ea94201d0e31/screenshot - {}
RESULT: {}
COMMAND: POST /session/d3cdda6f06e006695550ea94201d0e31/element - {"using":"xpath","value":"(//span[contains(text(), \"Additional Addresses\")])[2]"}
RESULT: {"using":"xpath","value":"(//span[contains(text(), \"Additional Addresses\")])[2]"}
COMMAND: POST /session/d3cdda6f06e006695550ea94201d0e31/element/f.CF3EA173C6DD6742E6FF2C1FCC3ADAA5.d.AEB8510FFC85D072722BE835B2FDA198.e.17919/click - {}
RESULT: {}
COMMAND: GET /session/d3cdda6f06e006695550ea94201d0e31/screenshot - {}
RESULT: {}
COMMAND: POST /session/d3cdda6f06e006695550ea94201d0e31/element - {"using":"xpath","value":"//button[@data-kt=\"btnAddTableRowOverflowToolbarButton\"]"}
RESULT: {"using":"xpath","value":"//button[@data-kt=\"btnAddTableRowOverflowToolbarButton\"]"}
COMMAND: POST /session/d3cdda6f06e006695550ea94201d0e31/element/f.CF3EA173C6DD6742E6FF2C1FCC3ADAA5.d.AEB8510FFC85D072722BE835B2FDA198.e.17923/click - {}
RESULT: {}
COMMAND: GET /session/d3cdda6f06e006695550ea94201d0e31/screenshot - {}
RESULT: {}
COMMAND: POST /session/d3cdda6f06e006695550ea94201d0e31/element - {"using":"xpath","value":"//div[(text() = 'Standard Entry' or . = 'Standard Entry')]"}
RESULT: {"using":"xpath","value":"//div[(text() = 'Standard Entry' or . = 'Standard Entry')]"}
COMMAND: POST /session/d3cdda6f06e006695550ea94201d0e31/element/f.CF3EA173C6DD6742E6FF2C1FCC3ADAA5.d.AEB8510FFC85D072722BE835B2FDA198.e.17925/click - {}
RESULT: {}
COMMAND: GET /session/d3cdda6f06e006695550ea94201d0e31/screenshot - {}
RESULT: {}
COMMAND: POST /session/d3cdda6f06e006695550ea94201d0e31/element - {"using":"xpath","value":"//td[7]/div/div/input"}
RESULT: {"using":"xpath","value":"//td[7]/div/div/input"}
COMMAND: POST /session/d3cdda6f06e006695550ea94201d0e31/element/f.CF3EA173C6DD6742E6FF2C1FCC3ADAA5.d.AEB8510FFC85D072722BE835B2FDA198.e.17934/clear - {}
RESULT: {}
COMMAND: POST /session/d3cdda6f06e006695550ea94201d0e31/element/f.CF3EA173C6DD6742E6FF2C1FCC3ADAA5.d.AEB8510FFC85D072722BE835B2FDA198.e.17934/value - {"text":"ddAMNJdQ2w"}
COMMAND: GET /session/d3cdda6f06e006695550ea94201d0e31/screenshot - {}
RESULT: {"text":"ddAMNJdQ2w"}
COMMAND: GET /session/d3cdda6f06e006695550ea94201d0e31/screenshot - {}
RESULT: {}
RESULT: {}
COMMAND: POST /session/d3cdda6f06e006695550ea94201d0e31/actions - {"actions":[{"id":"action61","type":"key","parameters":{},"actions":[{"type":"keyDown","value":"î€‡"},{"type":"pause","duration":10},{"type":"keyUp","value":"î€‡"}]}]}
RESULT: {"actions":[{"id":"action61","type":"key","parameters":{},"actions":[{"type":"keyDown","value":"î€‡"},{"type":"pause","duration":10},{"type":"keyUp","value":"î€‡"}]}]}
COMMAND: GET /session/d3cdda6f06e006695550ea94201d0e31/screenshot - {}
RESULT: {}
COMMAND: POST /session/d3cdda6f06e006695550ea94201d0e31/execute/sync - {"script":"<script> [276 bytes]","args":["No pricing information was found"]}
RESULT: {"script":"<script> [276 bytes]","args":["No pricing information was found"]}
COMMAND: POST /session/d3cdda6f06e006695550ea94201d0e31/element - {"using":"xpath","value":"(//button[@data-kt=\"saveButton\"])[2]"}
COMMAND: GET /session/d3cdda6f06e006695550ea94201d0e31/screenshot - {}
RESULT: {"using":"xpath","value":"(//button[@data-kt=\"saveButton\"])[2]"}
COMMAND: POST /session/d3cdda6f06e006695550ea94201d0e31/element/f.CF3EA173C6DD6742E6FF2C1FCC3ADAA5.d.AEB8510FFC85D072722BE835B2FDA198.e.17949/click - {}
RESULT: {}
RESULT: {}
COMMAND: GET /session/d3cdda6f06e006695550ea94201d0e31/screenshot - {}
RESULT: {}
COMMAND: POST /session/d3cdda6f06e006695550ea94201d0e31/execute/sync - {"script":"<script> [276 bytes]","args":["Some contract items are having rental validity exceeding header rental validity"]}
RESULT: {"script":"<script> [276 bytes]","args":["Some contract items are having rental validity exceeding header rental validity"]}
COMMAND: GET /session/d3cdda6f06e006695550ea94201d0e31/screenshot - {}
RESULT: {}
COMMAND: POST /session/d3cdda6f06e006695550ea94201d0e31/element - {"using":"xpath","value":"//span[contains(@id ,\"contractItemsSmartTable-header-inner\")]"}
RESULT: {"using":"xpath","value":"//span[contains(@id ,\"contractItemsSmartTable-header-inner\")]"}
COMMAND: POST /session/d3cdda6f06e006695550ea94201d0e31/elements - {"using":"xpath","value":"//span[contains(@id ,\"contractItemsSmartTable-header-inner\")]"}
RESULT: {"using":"xpath","value":"//span[contains(@id ,\"contractItemsSmartTable-header-inner\")]"}
COMMAND: POST /session/d3cdda6f06e006695550ea94201d0e31/execute/sync - {"script":"<script> [56 bytes]","args":[{"element-6066-11e4-a52e-4f735466cecf":"f.CF3EA173C6DD6742E6FF2C1FCC3ADAA5.d.AEB8510FFC85D072722BE835B2FDA198.e.17956","ELEMENT":"f.CF3EA173C6DD6742E6FF2C1FCC3ADAA5.d.AEB8510FFC85D072722BE835B2FDA198.e.17956"}]}
RESULT: {"script":"<script> [56 bytes]","args":[{"element-6066-11e4-a52e-4f735466cecf":"f.CF3EA173C6DD6742E6FF2C1FCC3ADAA5.d.AEB8510FFC85D072722BE835B2FDA198.e.17956","ELEMENT":"f.CF3EA173C6DD6742E6FF2C1FCC3ADAA5.d.AEB8510FFC85D072722BE835B2FDA198.e.17956"}]}
]]></system-out>
    </testcase>
    <testcase classname="chrome.136_0_7103_93.windows.Performance_based_billing_(work_days)_US139742" name="Should do a provide to site handover" time="56.479">
      <system-out><![CDATA[
COMMAND: GET /session/d3cdda6f06e006695550ea94201d0e31/screenshot - {}
COMMAND: POST /session/d3cdda6f06e006695550ea94201d0e31/element - {"using":"xpath","value":"//button[@data-kt=\"provideButton\"]"}
RESULT: {}
RESULT: {"using":"xpath","value":"//button[@data-kt=\"provideButton\"]"}
COMMAND: POST /session/d3cdda6f06e006695550ea94201d0e31/element/f.CF3EA173C6DD6742E6FF2C1FCC3ADAA5.d.AEB8510FFC85D072722BE835B2FDA198.e.17957/click - {}
RESULT: {}
COMMAND: GET /session/d3cdda6f06e006695550ea94201d0e31/screenshot - {}
RESULT: undefined
COMMAND: POST /session/d3cdda6f06e006695550ea94201d0e31/execute/async - {"script":"<script> [6424 bytes]","args":[{"element-6066-11e4-a52e-4f735466cecf":"f.CF3EA173C6DD6742E6FF2C1FCC3ADAA5.d.AEB8510FFC85D072722BE835B2FDA198.e.16964"},"setValue",["5/21/25"]]}
RESULT: {}
COMMAND: POST /session/d3cdda6f06e006695550ea94201d0e31/execute/async - {"script":"<script> [1562 bytes]","args":[{"selector":{"id":"application-managehandovers-display-component---AddNewHO--dueDate","interaction":{"idSuffix":"inner"}},"wdio_ui5_key":"applicationmanagehandovers-display-component---AddNewHO--dueDate"}]}
RESULT: {"script":"<script> [1562 bytes]","args":[{"selector":{"id":"application-managehandovers-display-component---AddNewHO--dueDate","interaction":{"idSuffix":"inner"}},"wdio_ui5_key":"applicationmanagehandovers-display-component---AddNewHO--dueDate"}]}
COMMAND: POST /session/d3cdda6f06e006695550ea94201d0e31/execute/async - {"script":"<script> [6424 bytes]","args":[{"element-6066-11e4-a52e-4f735466cecf":"f.CF3EA173C6DD6742E6FF2C1FCC3ADAA5.d.AEB8510FFC85D072722BE835B2FDA198.e.18047"},"setValue",["5/21/25"]]}
RESULT: {"script":"<script> [6424 bytes]","args":[{"element-6066-11e4-a52e-4f735466cecf":"f.CF3EA173C6DD6742E6FF2C1FCC3ADAA5.d.AEB8510FFC85D072722BE835B2FDA198.e.18047"},"setValue",["5/21/25"]]}
COMMAND: POST /session/d3cdda6f06e006695550ea94201d0e31/element - {"using":"xpath","value":"//bdi[contains(text(), \"Instructions\")]"}
RESULT: {"using":"xpath","value":"//bdi[contains(text(), \"Instructions\")]"}
COMMAND: POST /session/d3cdda6f06e006695550ea94201d0e31/element/f.CF3EA173C6DD6742E6FF2C1FCC3ADAA5.d.AEB8510FFC85D072722BE835B2FDA198.e.18137/click - {}
RESULT: {}
COMMAND: GET /session/d3cdda6f06e006695550ea94201d0e31/screenshot - {}
RESULT: {}
COMMAND: POST /session/d3cdda6f06e006695550ea94201d0e31/element - {"using":"xpath","value":"//button[@data-kt=\"AddNewHOProvideAddItemsButton\"]"}
RESULT: {"using":"xpath","value":"//button[@data-kt=\"AddNewHOProvideAddItemsButton\"]"}
COMMAND: POST /session/d3cdda6f06e006695550ea94201d0e31/element/f.CF3EA173C6DD6742E6FF2C1FCC3ADAA5.d.AEB8510FFC85D072722BE835B2FDA198.e.18143/click - {}
RESULT: {}
COMMAND: GET /session/d3cdda6f06e006695550ea94201d0e31/screenshot - {}
RESULT: {}
RESULT: undefined
COMMAND: POST /session/d3cdda6f06e006695550ea94201d0e31/element - {"using":"xpath","value":"//*[@id=\"application-managehandovers-display-component---AddNewHO--popup-sa\"]"}
RESULT: {"using":"xpath","value":"//*[@id=\"application-managehandovers-display-component---AddNewHO--popup-sa\"]"}
COMMAND: POST /session/d3cdda6f06e006695550ea94201d0e31/element/f.CF3EA173C6DD6742E6FF2C1FCC3ADAA5.d.AEB8510FFC85D072722BE835B2FDA198.e.18152/click - {}
RESULT: {}
COMMAND: GET /session/d3cdda6f06e006695550ea94201d0e31/screenshot - {}
RESULT: {}
COMMAND: POST /session/d3cdda6f06e006695550ea94201d0e31/element - {"using":"xpath","value":"//*[contains(@id ,\"BDI-content\")][contains(text(), \"Select\")]"}
RESULT: {"using":"xpath","value":"//*[contains(@id ,\"BDI-content\")][contains(text(), \"Select\")]"}
COMMAND: POST /session/d3cdda6f06e006695550ea94201d0e31/element/f.CF3EA173C6DD6742E6FF2C1FCC3ADAA5.d.AEB8510FFC85D072722BE835B2FDA198.e.18154/click - {}
RESULT: {}
COMMAND: GET /session/d3cdda6f06e006695550ea94201d0e31/screenshot - {}
RESULT: {}
COMMAND: POST /session/d3cdda6f06e006695550ea94201d0e31/execute/async - {"script":"<script> [1562 bytes]","args":[{"selector":{"id":"application-managehandovers-display-component---AddNewHO--confirmCreationButton","interaction":{"idSuffix":"BDI-content"}},"wdio_ui5_key":"applicationmanagehandovers-display-component---AddNewHO--confirmCreationButton"}]}
RESULT: {"script":"<script> [1562 bytes]","args":[{"selector":{"id":"application-managehandovers-display-component---AddNewHO--confirmCreationButton","interaction":{"idSuffix":"BDI-content"}},"wdio_ui5_key":"applicationmanagehandovers-display-component---AddNewHO--confirmCreationButton"}]}
RESULT: undefined
COMMAND: POST /session/d3cdda6f06e006695550ea94201d0e31/element - {"using":"xpath","value":"//*[@id=\"application-managehandovers-display-component---AddNewHO--confirmCreationButton\"]"}
RESULT: {"using":"xpath","value":"//*[@id=\"application-managehandovers-display-component---AddNewHO--confirmCreationButton\"]"}
COMMAND: POST /session/d3cdda6f06e006695550ea94201d0e31/element/f.CF3EA173C6DD6742E6FF2C1FCC3ADAA5.d.AEB8510FFC85D072722BE835B2FDA198.e.18099/click - {}
RESULT: {}
COMMAND: GET /session/d3cdda6f06e006695550ea94201d0e31/screenshot - {}
RESULT: {}
COMMAND: POST /session/d3cdda6f06e006695550ea94201d0e31/execute/async - {"script":"<script> [1562 bytes]","args":[{"selector":{"id":"issueDatePicker","viewName":"etm.portal.ui.managehandovers.view.DetailExecuteHO","interaction":{"idSuffix":"inner"}},"wdio_ui5_key":"issueDatePickeretmportal.ui.managehandovers.view.DetailExecuteHO"}]}
RESULT: {"script":"<script> [1562 bytes]","args":[{"selector":{"id":"issueDatePicker","viewName":"etm.portal.ui.managehandovers.view.DetailExecuteHO","interaction":{"idSuffix":"inner"}},"wdio_ui5_key":"issueDatePickeretmportal.ui.managehandovers.view.DetailExecuteHO"}]}
RESULT: undefined
COMMAND: POST /session/d3cdda6f06e006695550ea94201d0e31/execute/async - {"script":"<script> [776 bytes]","args":[{"enterText":"5/21/25","selector":{"id":"issueDatePicker","viewName":"etm.portal.ui.managehandovers.view.DetailExecuteHO","interaction":{"idSuffix":"inner"}},"clearTextFirst":true,"interactionType":"ENTER_TEXT"}]}
RESULT: {"script":"<script> [776 bytes]","args":[{"enterText":"5/21/25","selector":{"id":"issueDatePicker","viewName":"etm.portal.ui.managehandovers.view.DetailExecuteHO","interaction":{"idSuffix":"inner"}},"clearTextFirst":true,"interactionType":"ENTER_TEXT"}]}
COMMAND: POST /session/d3cdda6f06e006695550ea94201d0e31/element - {"using":"xpath","value":"//bdi[contains(text(), \"OK\")]"}
RESULT: {"using":"xpath","value":"//bdi[contains(text(), \"OK\")]"}
COMMAND: POST /session/d3cdda6f06e006695550ea94201d0e31/element/f.CF3EA173C6DD6742E6FF2C1FCC3ADAA5.d.AEB8510FFC85D072722BE835B2FDA198.e.18200/click - {}
RESULT: {}
COMMAND: GET /session/d3cdda6f06e006695550ea94201d0e31/screenshot - {}
RESULT: {}
COMMAND: POST /session/d3cdda6f06e006695550ea94201d0e31/element - {"using":"xpath","value":"//button[@data-kt=\"PickingTableConfirmAllButton\"]"}
RESULT: {"using":"xpath","value":"//button[@data-kt=\"PickingTableConfirmAllButton\"]"}
COMMAND: POST /session/d3cdda6f06e006695550ea94201d0e31/element/f.CF3EA173C6DD6742E6FF2C1FCC3ADAA5.d.AEB8510FFC85D072722BE835B2FDA198.e.18206/click - {}
RESULT: {}
COMMAND: GET /session/d3cdda6f06e006695550ea94201d0e31/screenshot - {}
RESULT: {}
COMMAND: POST /session/d3cdda6f06e006695550ea94201d0e31/element - {"using":"xpath","value":"//bdi[contains(text(), \"OK\")]"}
RESULT: {"using":"xpath","value":"//bdi[contains(text(), \"OK\")]"}
COMMAND: POST /session/d3cdda6f06e006695550ea94201d0e31/element/f.CF3EA173C6DD6742E6FF2C1FCC3ADAA5.d.AEB8510FFC85D072722BE835B2FDA198.e.18210/click - {}
RESULT: {}
COMMAND: GET /session/d3cdda6f06e006695550ea94201d0e31/screenshot - {}
RESULT: {}
COMMAND: POST /session/d3cdda6f06e006695550ea94201d0e31/element - {"using":"xpath","value":"//bdi[contains(text(), \"Issue\")]"}
RESULT: {"using":"xpath","value":"//bdi[contains(text(), \"Issue\")]"}
COMMAND: POST /session/d3cdda6f06e006695550ea94201d0e31/element/f.CF3EA173C6DD6742E6FF2C1FCC3ADAA5.d.AEB8510FFC85D072722BE835B2FDA198.e.18211/click - {}
RESULT: {}
COMMAND: GET /session/d3cdda6f06e006695550ea94201d0e31/screenshot - {}
RESULT: {}
COMMAND: POST /session/d3cdda6f06e006695550ea94201d0e31/element - {"using":"css selector","value":"#shell-header-logo"}
RESULT: {"using":"css selector","value":"#shell-header-logo"}
COMMAND: POST /session/d3cdda6f06e006695550ea94201d0e31/element/f.CF3EA173C6DD6742E6FF2C1FCC3ADAA5.d.AEB8510FFC85D072722BE835B2FDA198.e.17352/click - {}
RESULT: {}
COMMAND: GET /session/d3cdda6f06e006695550ea94201d0e31/screenshot - {}
RESULT: {}
]]></system-out>
    </testcase>
    <testcase classname="chrome.136_0_7103_93.windows.Performance_based_billing_(work_days)_US139742" name="Should create a few performance documents" time="96.415">
      <system-out><![CDATA[
COMMAND: POST /session/d3cdda6f06e006695550ea94201d0e31/execute/async - {"script":"<script> [1562 bytes]","args":[{"selector":{"controlType":"sap.m.GenericTile","properties":{"header":"Manage States & Performance"}},"wdio_ui5_key":"sapm.GenericTile{\"header\":\"Manage States & Performance\"}"}]}
RESULT: {"script":"<script> [1562 bytes]","args":[{"selector":{"controlType":"sap.m.GenericTile","properties":{"header":"Manage States & Performance"}},"wdio_ui5_key":"sapm.GenericTile{\"header\":\"Manage States & Performance\"}"}]}
RESULT: undefined
COMMAND: POST /session/d3cdda6f06e006695550ea94201d0e31/element - {"using":"xpath","value":"//*[@id=\"__tile56\"]"}
RESULT: {"using":"xpath","value":"//*[@id=\"__tile56\"]"}
COMMAND: POST /session/d3cdda6f06e006695550ea94201d0e31/element/f.CF3EA173C6DD6742E6FF2C1FCC3ADAA5.d.AEB8510FFC85D072722BE835B2FDA198.e.14909/click - {}
RESULT: {}
COMMAND: GET /session/d3cdda6f06e006695550ea94201d0e31/screenshot - {}
RESULT: {}
COMMAND: POST /session/d3cdda6f06e006695550ea94201d0e31/elements - {"using":"xpath","value":"//span[text()='Error']"}
RESULT: {"using":"xpath","value":"//span[text()='Error']"}
COMMAND: POST /session/d3cdda6f06e006695550ea94201d0e31/element - {"using":"xpath","value":"//div[@id=\"application-managestatesandperformance-display-component---stateAndPerform--smartFilterBarResources-btnBasicSearch\"]"}
RESULT: {"using":"xpath","value":"//div[@id=\"application-managestatesandperformance-display-component---stateAndPerform--smartFilterBarResources-btnBasicSearch\"]"}
COMMAND: POST /session/d3cdda6f06e006695550ea94201d0e31/elements - {"using":"xpath","value":"//div[@id=\"application-managestatesandperformance-display-component---stateAndPerform--smartFilterBarResources-btnBasicSearch\"]"}
RESULT: {"using":"xpath","value":"//div[@id=\"application-managestatesandperformance-display-component---stateAndPerform--smartFilterBarResources-btnBasicSearch\"]"}
COMMAND: POST /session/d3cdda6f06e006695550ea94201d0e31/execute/sync - {"script":"<script> [8489 bytes]","args":[{"element-6066-11e4-a52e-4f735466cecf":"f.CF3EA173C6DD6742E6FF2C1FCC3ADAA5.d.AEB8510FFC85D072722BE835B2FDA198.e.18611","ELEMENT":"f.CF3EA173C6DD6742E6FF2C1FCC3ADAA5.d.AEB8510FFC85D072722BE835B2FDA198.e.18611"}]}
RESULT: {"script":"<script> [8489 bytes]","args":[{"element-6066-11e4-a52e-4f735466cecf":"f.CF3EA173C6DD6742E6FF2C1FCC3ADAA5.d.AEB8510FFC85D072722BE835B2FDA198.e.18611","ELEMENT":"f.CF3EA173C6DD6742E6FF2C1FCC3ADAA5.d.AEB8510FFC85D072722BE835B2FDA198.e.18611"}]}
COMMAND: GET /session/d3cdda6f06e006695550ea94201d0e31/element/f.CF3EA173C6DD6742E6FF2C1FCC3ADAA5.d.AEB8510FFC85D072722BE835B2FDA198.e.18611/enabled - {}
COMMAND: GET /session/d3cdda6f06e006695550ea94201d0e31/screenshot - {}
RESULT: {}
COMMAND: POST /session/d3cdda6f06e006695550ea94201d0e31/execute/sync - {"script":"<script> [8489 bytes]","args":[{"element-6066-11e4-a52e-4f735466cecf":"f.CF3EA173C6DD6742E6FF2C1FCC3ADAA5.d.AEB8510FFC85D072722BE835B2FDA198.e.18611","ELEMENT":"f.CF3EA173C6DD6742E6FF2C1FCC3ADAA5.d.AEB8510FFC85D072722BE835B2FDA198.e.18611"}]}
COMMAND: GET /session/d3cdda6f06e006695550ea94201d0e31/screenshot - {}
RESULT: {}
RESULT: {"script":"<script> [8489 bytes]","args":[{"element-6066-11e4-a52e-4f735466cecf":"f.CF3EA173C6DD6742E6FF2C1FCC3ADAA5.d.AEB8510FFC85D072722BE835B2FDA198.e.18611","ELEMENT":"f.CF3EA173C6DD6742E6FF2C1FCC3ADAA5.d.AEB8510FFC85D072722BE835B2FDA198.e.18611"}]}
COMMAND: POST /session/d3cdda6f06e006695550ea94201d0e31/execute/sync - {"script":"<script> [5351 bytes]","args":[{"element-6066-11e4-a52e-4f735466cecf":"f.CF3EA173C6DD6742E6FF2C1FCC3ADAA5.d.AEB8510FFC85D072722BE835B2FDA198.e.18611","ELEMENT":"f.CF3EA173C6DD6742E6FF2C1FCC3ADAA5.d.AEB8510FFC85D072722BE835B2FDA198.e.18611"}]}
COMMAND: GET /session/d3cdda6f06e006695550ea94201d0e31/screenshot - {}
RESULT: {}
RESULT: {"script":"<script> [5351 bytes]","args":[{"element-6066-11e4-a52e-4f735466cecf":"f.CF3EA173C6DD6742E6FF2C1FCC3ADAA5.d.AEB8510FFC85D072722BE835B2FDA198.e.18611","ELEMENT":"f.CF3EA173C6DD6742E6FF2C1FCC3ADAA5.d.AEB8510FFC85D072722BE835B2FDA198.e.18611"}]}
COMMAND: POST /session/d3cdda6f06e006695550ea94201d0e31/execute/async - {"script":"<script> [1562 bytes]","args":[{"selector":{"id":"application-managestatesandperformance-display-component---stateAndPerform--smartFilterBarResources-btnBasicSearch","interaction":{"idSuffix":"I"}},"wdio_ui5_key":"applicationmanagestatesandperformance-display-component---stateAndPerform--smartFilterBarResources-btnBasicSearch"}]}
COMMAND: GET /session/d3cdda6f06e006695550ea94201d0e31/screenshot - {}
RESULT: {}
RESULT: {"script":"<script> [1562 bytes]","args":[{"selector":{"id":"application-managestatesandperformance-display-component---stateAndPerform--smartFilterBarResources-btnBasicSearch","interaction":{"idSuffix":"I"}},"wdio_ui5_key":"applicationmanagestatesandperformance-display-component---stateAndPerform--smartFilterBarResources-btnBasicSearch"}]}
RESULT: undefined
COMMAND: POST /session/d3cdda6f06e006695550ea94201d0e31/execute/async - {"script":"<script> [776 bytes]","args":[{"enterText":"ddAMNJdQ2w","selector":{"id":"application-managestatesandperformance-display-component---stateAndPerform--smartFilterBarResources-btnBasicSearch","interaction":{"idSuffix":"I"}},"clearTextFirst":true,"interactionType":"ENTER_TEXT"}]}
RESULT: {}
RESULT: {"script":"<script> [776 bytes]","args":[{"enterText":"ddAMNJdQ2w","selector":{"id":"application-managestatesandperformance-display-component---stateAndPerform--smartFilterBarResources-btnBasicSearch","interaction":{"idSuffix":"I"}},"clearTextFirst":true,"interactionType":"ENTER_TEXT"}]}
COMMAND: POST /session/d3cdda6f06e006695550ea94201d0e31/actions - {"actions":[{"id":"action62","type":"key","parameters":{},"actions":[{"type":"keyDown","value":"î€‡"},{"type":"pause","duration":10},{"type":"keyUp","value":"î€‡"}]}]}
RESULT: {"actions":[{"id":"action62","type":"key","parameters":{},"actions":[{"type":"keyDown","value":"î€‡"},{"type":"pause","duration":10},{"type":"keyUp","value":"î€‡"}]}]}
COMMAND: GET /session/d3cdda6f06e006695550ea94201d0e31/screenshot - {}
RESULT: {}
COMMAND: POST /session/d3cdda6f06e006695550ea94201d0e31/execute/async - {"script":"<script> [1562 bytes]","args":[{"selector":{"id":"application-managestatesandperformance-display-component---stateAndPerform--stateAndPerformResourcesSmartTable-header"},"wdio_ui5_key":"applicationmanagestatesandperformance-display-component---stateAndPerform--stateAndPerformResourcesSmartTable-header"}]}
RESULT: {"script":"<script> [1562 bytes]","args":[{"selector":{"id":"application-managestatesandperformance-display-component---stateAndPerform--stateAndPerformResourcesSmartTable-header"},"wdio_ui5_key":"applicationmanagestatesandperformance-display-component---stateAndPerform--stateAndPerformResourcesSmartTable-header"}]}
RESULT: undefined
COMMAND: POST /session/d3cdda6f06e006695550ea94201d0e31/execute/async - {"script":"<script> [6424 bytes]","args":[{"element-6066-11e4-a52e-4f735466cecf":"f.CF3EA173C6DD6742E6FF2C1FCC3ADAA5.d.AEB8510FFC85D072722BE835B2FDA198.e.18621"},"getText",[]]}
RESULT: {"script":"<script> [6424 bytes]","args":[{"element-6066-11e4-a52e-4f735466cecf":"f.CF3EA173C6DD6742E6FF2C1FCC3ADAA5.d.AEB8510FFC85D072722BE835B2FDA198.e.18621"},"getText",[]]}
COMMAND: POST /session/d3cdda6f06e006695550ea94201d0e31/execute/async - {"script":"<script> [1562 bytes]","args":[{"selector":{"controlType":"sap.ui.core.Icon","viewName":"etm.portal.ui.managestatesandperformance.view.Master","viewId":"application-managestatesandperformance-display-component---stateAndPerform","properties":{"src":{"regex":{"source":"slim\\-arrow\\-right"}}}},"wdio_ui5_key":"etmportal.ui.managestatesandperformance.view.Mastersap.ui.core.Icon{\"src\":{\"regex\":{\"source\":\"slim\\\\-arrow\\\\-right\"}}}"}]}
RESULT: {"script":"<script> [1562 bytes]","args":[{"selector":{"controlType":"sap.ui.core.Icon","viewName":"etm.portal.ui.managestatesandperformance.view.Master","viewId":"application-managestatesandperformance-display-component---stateAndPerform","properties":{"src":{"regex":{"source":"slim\\-arrow\\-right"}}}},"wdio_ui5_key":"etmportal.ui.managestatesandperformance.view.Mastersap.ui.core.Icon{\"src\":{\"regex\":{\"source\":\"slim\\\\-arrow\\\\-right\"}}}"}]}
RESULT: undefined
COMMAND: POST /session/d3cdda6f06e006695550ea94201d0e31/element - {"using":"xpath","value":"//*[@id=\"__item2480-__clone4550-imgNav\"]"}
RESULT: {"using":"xpath","value":"//*[@id=\"__item2480-__clone4550-imgNav\"]"}
COMMAND: POST /session/d3cdda6f06e006695550ea94201d0e31/element/f.CF3EA173C6DD6742E6FF2C1FCC3ADAA5.d.AEB8510FFC85D072722BE835B2FDA198.e.18499/click - {}
RESULT: {}
COMMAND: GET /session/d3cdda6f06e006695550ea94201d0e31/screenshot - {}
RESULT: {}
COMMAND: POST /session/d3cdda6f06e006695550ea94201d0e31/execute/async - {"script":"<script> [1562 bytes]","args":[{"selector":{"controlType":"sap.m.Button","viewName":"etm.portal.ui.managestatesandperformance.view.Detail","viewId":"application-managestatesandperformance-display-component---detailStateAndPerform","properties":{"text":"Performance Documents"}},"wdio_ui5_key":"etmportal.ui.managestatesandperformance.view.Detailsap.m.Button{\"text\":\"Performance Documents\"}"}]}
RESULT: {"script":"<script> [1562 bytes]","args":[{"selector":{"controlType":"sap.m.Button","viewName":"etm.portal.ui.managestatesandperformance.view.Detail","viewId":"application-managestatesandperformance-display-component---detailStateAndPerform","properties":{"text":"Performance Documents"}},"wdio_ui5_key":"etmportal.ui.managestatesandperformance.view.Detailsap.m.Button{\"text\":\"Performance Documents\"}"}]}
RESULT: undefined
COMMAND: POST /session/d3cdda6f06e006695550ea94201d0e31/element - {"using":"xpath","value":"//*[@id=\"__item2503-button\"]"}
RESULT: {"using":"xpath","value":"//*[@id=\"__item2503-button\"]"}
COMMAND: POST /session/d3cdda6f06e006695550ea94201d0e31/element/f.CF3EA173C6DD6742E6FF2C1FCC3ADAA5.d.AEB8510FFC85D072722BE835B2FDA198.e.18659/click - {}
RESULT: {}
COMMAND: POST /session/d3cdda6f06e006695550ea94201d0e31/execute/async - {"script":"<script> [1562 bytes]","args":[{"selector":{"controlType":"sap.m.Button","viewName":"etm.portal.ui.managestatesandperformance.view.Detail","viewId":"application-managestatesandperformance-display-component---detailStateAndPerform","i18NText":{"propertyName":"text","key":"createPerformanceDoc"},"interaction":{"idSuffix":"BDI-content"}},"wdio_ui5_key":"etmportal.ui.managestatesandperformance.view.Detailsap.m.Button{\"propertyName\":\"text\",\"key\":\"createPerformanceDoc\"}"}]}
COMMAND: GET /session/d3cdda6f06e006695550ea94201d0e31/screenshot - {}
RESULT: {"script":"<script> [1562 bytes]","args":[{"selector":{"controlType":"sap.m.Button","viewName":"etm.portal.ui.managestatesandperformance.view.Detail","viewId":"application-managestatesandperformance-display-component---detailStateAndPerform","i18NText":{"propertyName":"text","key":"createPerformanceDoc"},"interaction":{"idSuffix":"BDI-content"}},"wdio_ui5_key":"etmportal.ui.managestatesandperformance.view.Detailsap.m.Button{\"propertyName\":\"text\",\"key\":\"createPerformanceDoc\"}"}]}
RESULT: undefined
COMMAND: POST /session/d3cdda6f06e006695550ea94201d0e31/element - {"using":"xpath","value":"//*[@id=\"__button349\"]"}
RESULT: {}
RESULT: {"using":"xpath","value":"//*[@id=\"__button349\"]"}
COMMAND: POST /session/d3cdda6f06e006695550ea94201d0e31/element/f.CF3EA173C6DD6742E6FF2C1FCC3ADAA5.d.AEB8510FFC85D072722BE835B2FDA198.e.18662/click - {}
RESULT: {}
COMMAND: POST /session/d3cdda6f06e006695550ea94201d0e31/execute/async - {"script":"<script> [1562 bytes]","args":[{"selector":{"id":"application-managestatesandperformance-display-component---detailStateAndPerform--perfDocDatePicker","searchOpenDialogs":true,"interaction":{"idSuffix":"inner"}},"wdio_ui5_key":"applicationmanagestatesandperformance-display-component---detailStateAndPerform--perfDocDatePicker"}]}
COMMAND: GET /session/d3cdda6f06e006695550ea94201d0e31/screenshot - {}
RESULT: {"script":"<script> [1562 bytes]","args":[{"selector":{"id":"application-managestatesandperformance-display-component---detailStateAndPerform--perfDocDatePicker","searchOpenDialogs":true,"interaction":{"idSuffix":"inner"}},"wdio_ui5_key":"applicationmanagestatesandperformance-display-component---detailStateAndPerform--perfDocDatePicker"}]}
RESULT: undefined
COMMAND: POST /session/d3cdda6f06e006695550ea94201d0e31/execute/async - {"script":"<script> [776 bytes]","args":[{"enterText":"5/23/25","selector":{"id":"application-managestatesandperformance-display-component---detailStateAndPerform--perfDocDatePicker","searchOpenDialogs":true,"interaction":{"idSuffix":"inner"}},"clearTextFirst":true,"interactionType":"ENTER_TEXT"}]}
RESULT: {}
RESULT: {"script":"<script> [776 bytes]","args":[{"enterText":"5/23/25","selector":{"id":"application-managestatesandperformance-display-component---detailStateAndPerform--perfDocDatePicker","searchOpenDialogs":true,"interaction":{"idSuffix":"inner"}},"clearTextFirst":true,"interactionType":"ENTER_TEXT"}]}
COMMAND: POST /session/d3cdda6f06e006695550ea94201d0e31/execute/async - {"script":"<script> [1562 bytes]","args":[{"selector":{"id":"application-managestatesandperformance-display-component---detailStateAndPerform--counterValue-input","searchOpenDialogs":true,"interaction":{"idSuffix":"inner"}},"wdio_ui5_key":"applicationmanagestatesandperformance-display-component---detailStateAndPerform--counterValue-input"}]}
RESULT: {"script":"<script> [1562 bytes]","args":[{"selector":{"id":"application-managestatesandperformance-display-component---detailStateAndPerform--counterValue-input","searchOpenDialogs":true,"interaction":{"idSuffix":"inner"}},"wdio_ui5_key":"applicationmanagestatesandperformance-display-component---detailStateAndPerform--counterValue-input"}]}
RESULT: undefined
COMMAND: POST /session/d3cdda6f06e006695550ea94201d0e31/execute/async - {"script":"<script> [776 bytes]","args":[{"enterText":"15.00","selector":{"id":"application-managestatesandperformance-display-component---detailStateAndPerform--counterValue-input","searchOpenDialogs":true,"interaction":{"idSuffix":"inner"}},"clearTextFirst":true,"interactionType":"ENTER_TEXT"}]}
RESULT: {"script":"<script> [776 bytes]","args":[{"enterText":"15.00","selector":{"id":"application-managestatesandperformance-display-component---detailStateAndPerform--counterValue-input","searchOpenDialogs":true,"interaction":{"idSuffix":"inner"}},"clearTextFirst":true,"interactionType":"ENTER_TEXT"}]}
COMMAND: POST /session/d3cdda6f06e006695550ea94201d0e31/execute/async - {"script":"<script> [1562 bytes]","args":[{"selector":{"controlType":"sap.m.Button","viewName":"etm.portal.ui.managestatesandperformance.view.Detail","viewId":"application-managestatesandperformance-display-component---detailStateAndPerform","bindingPath":{"path":"","propertyPath":"/allowAddEdit","modelName":"oScreenModel"},"searchOpenDialogs":true,"interaction":{"idSuffix":"BDI-content"}},"wdio_ui5_key":"etmportal.ui.managestatesandperformance.view.Detailsap.m.Button{\"path\":\"\",\"propertyPath\":\"/allowAddEdit\",\"modelName\":\"oScreenModel\"}"}]}
RESULT: {"script":"<script> [1562 bytes]","args":[{"selector":{"controlType":"sap.m.Button","viewName":"etm.portal.ui.managestatesandperformance.view.Detail","viewId":"application-managestatesandperformance-display-component---detailStateAndPerform","bindingPath":{"path":"","propertyPath":"/allowAddEdit","modelName":"oScreenModel"},"searchOpenDialogs":true,"interaction":{"idSuffix":"BDI-content"}},"wdio_ui5_key":"etmportal.ui.managestatesandperformance.view.Detailsap.m.Button{\"path\":\"\",\"propertyPath\":\"/allowAddEdit\",\"modelName\":\"oScreenModel\"}"}]}
RESULT: undefined
COMMAND: POST /session/d3cdda6f06e006695550ea94201d0e31/element - {"using":"xpath","value":"//*[@id=\"__button356\"]"}
RESULT: {"using":"xpath","value":"//*[@id=\"__button356\"]"}
COMMAND: POST /session/d3cdda6f06e006695550ea94201d0e31/element/f.CF3EA173C6DD6742E6FF2C1FCC3ADAA5.d.AEB8510FFC85D072722BE835B2FDA198.e.18682/click - {}
RESULT: {}
RESULT: undefined
COMMAND: POST /session/d3cdda6f06e006695550ea94201d0e31/element - {"using":"xpath","value":"//*[@id=\"__button349\"]"}
COMMAND: GET /session/d3cdda6f06e006695550ea94201d0e31/screenshot - {}
RESULT: {"using":"xpath","value":"//*[@id=\"__button349\"]"}
COMMAND: POST /session/d3cdda6f06e006695550ea94201d0e31/element/f.CF3EA173C6DD6742E6FF2C1FCC3ADAA5.d.AEB8510FFC85D072722BE835B2FDA198.e.18662/click - {}
RESULT: {}
RESULT: {}
RESULT: undefined
COMMAND: POST /session/d3cdda6f06e006695550ea94201d0e31/execute/async - {"script":"<script> [776 bytes]","args":[{"enterText":"5/27/25","selector":{"id":"application-managestatesandperformance-display-component---detailStateAndPerform--perfDocDatePicker","searchOpenDialogs":true,"interaction":{"idSuffix":"inner"}},"clearTextFirst":true,"interactionType":"ENTER_TEXT"}]}
COMMAND: GET /session/d3cdda6f06e006695550ea94201d0e31/screenshot - {}
RESULT: {"script":"<script> [776 bytes]","args":[{"enterText":"5/27/25","selector":{"id":"application-managestatesandperformance-display-component---detailStateAndPerform--perfDocDatePicker","searchOpenDialogs":true,"interaction":{"idSuffix":"inner"}},"clearTextFirst":true,"interactionType":"ENTER_TEXT"}]}
RESULT: undefined
COMMAND: POST /session/d3cdda6f06e006695550ea94201d0e31/execute/async - {"script":"<script> [776 bytes]","args":[{"enterText":"20.00","selector":{"id":"application-managestatesandperformance-display-component---detailStateAndPerform--counterValue-input","searchOpenDialogs":true,"interaction":{"idSuffix":"inner"}},"clearTextFirst":true,"interactionType":"ENTER_TEXT"}]}
RESULT: {}
RESULT: {"script":"<script> [776 bytes]","args":[{"enterText":"20.00","selector":{"id":"application-managestatesandperformance-display-component---detailStateAndPerform--counterValue-input","searchOpenDialogs":true,"interaction":{"idSuffix":"inner"}},"clearTextFirst":true,"interactionType":"ENTER_TEXT"}]}
COMMAND: POST /session/d3cdda6f06e006695550ea94201d0e31/actions - {"actions":[{"id":"action63","type":"key","parameters":{},"actions":[{"type":"keyDown","value":"î€„"},{"type":"keyDown","value":"î€„"},{"type":"pause","duration":10},{"type":"keyUp","value":"î€„"},{"type":"keyUp","value":"î€„"}]}]}
RESULT: {"actions":[{"id":"action63","type":"key","parameters":{},"actions":[{"type":"keyDown","value":"î€„"},{"type":"keyDown","value":"î€„"},{"type":"pause","duration":10},{"type":"keyUp","value":"î€„"},{"type":"keyUp","value":"î€„"}]}]}
COMMAND: POST /session/d3cdda6f06e006695550ea94201d0e31/actions - {"actions":[{"id":"action64","type":"key","parameters":{},"actions":[{"type":"keyDown","value":"î€‡"},{"type":"pause","duration":10},{"type":"keyUp","value":"î€‡"}]}]}
COMMAND: GET /session/d3cdda6f06e006695550ea94201d0e31/screenshot - {}
RESULT: {"actions":[{"id":"action64","type":"key","parameters":{},"actions":[{"type":"keyDown","value":"î€‡"},{"type":"pause","duration":10},{"type":"keyUp","value":"î€‡"}]}]}
RESULT: undefined
COMMAND: POST /session/d3cdda6f06e006695550ea94201d0e31/element - {"using":"xpath","value":"//*[@id=\"__button356\"]"}
COMMAND: GET /session/d3cdda6f06e006695550ea94201d0e31/screenshot - {}
RESULT: {}
RESULT: {"using":"xpath","value":"//*[@id=\"__button356\"]"}
COMMAND: POST /session/d3cdda6f06e006695550ea94201d0e31/elements - {"using":"xpath","value":"//*[@id=\"__button356\"]"}
RESULT: {}
RESULT: {"using":"xpath","value":"//*[@id=\"__button356\"]"}
COMMAND: POST /session/d3cdda6f06e006695550ea94201d0e31/elements - {"using":"xpath","value":"//*[@id=\"__button356\"]"}
RESULT: {"using":"xpath","value":"//*[@id=\"__button356\"]"}
COMMAND: POST /session/d3cdda6f06e006695550ea94201d0e31/elements - {"using":"xpath","value":"//*[@id=\"__button356\"]"}
RESULT: {"using":"xpath","value":"//*[@id=\"__button356\"]"}
COMMAND: POST /session/d3cdda6f06e006695550ea94201d0e31/elements - {"using":"xpath","value":"//*[@id=\"__button356\"]"}
RESULT: {"using":"xpath","value":"//*[@id=\"__button356\"]"}
COMMAND: POST /session/d3cdda6f06e006695550ea94201d0e31/elements - {"using":"xpath","value":"//*[@id=\"__button356\"]"}
RESULT: {"using":"xpath","value":"//*[@id=\"__button356\"]"}
COMMAND: POST /session/d3cdda6f06e006695550ea94201d0e31/elements - {"using":"xpath","value":"//*[@id=\"__button356\"]"}
RESULT: {"using":"xpath","value":"//*[@id=\"__button356\"]"}
COMMAND: POST /session/d3cdda6f06e006695550ea94201d0e31/elements - {"using":"xpath","value":"//*[@id=\"__button356\"]"}
RESULT: {"using":"xpath","value":"//*[@id=\"__button356\"]"}
COMMAND: POST /session/d3cdda6f06e006695550ea94201d0e31/elements - {"using":"xpath","value":"//*[@id=\"__button356\"]"}
RESULT: {"using":"xpath","value":"//*[@id=\"__button356\"]"}
COMMAND: POST /session/d3cdda6f06e006695550ea94201d0e31/elements - {"using":"xpath","value":"//*[@id=\"__button356\"]"}
RESULT: {"using":"xpath","value":"//*[@id=\"__button356\"]"}
COMMAND: POST /session/d3cdda6f06e006695550ea94201d0e31/elements - {"using":"xpath","value":"//*[@id=\"__button356\"]"}
RESULT: {"using":"xpath","value":"//*[@id=\"__button356\"]"}
COMMAND: POST /session/d3cdda6f06e006695550ea94201d0e31/elements - {"using":"xpath","value":"//*[@id=\"__button356\"]"}
RESULT: {"using":"xpath","value":"//*[@id=\"__button356\"]"}
COMMAND: POST /session/d3cdda6f06e006695550ea94201d0e31/elements - {"using":"xpath","value":"//*[@id=\"__button356\"]"}
RESULT: {"using":"xpath","value":"//*[@id=\"__button356\"]"}
COMMAND: POST /session/d3cdda6f06e006695550ea94201d0e31/elements - {"using":"xpath","value":"//*[@id=\"__button356\"]"}
RESULT: {"using":"xpath","value":"//*[@id=\"__button356\"]"}
COMMAND: POST /session/d3cdda6f06e006695550ea94201d0e31/elements - {"using":"xpath","value":"//*[@id=\"__button356\"]"}
RESULT: {"using":"xpath","value":"//*[@id=\"__button356\"]"}
COMMAND: POST /session/d3cdda6f06e006695550ea94201d0e31/elements - {"using":"xpath","value":"//*[@id=\"__button356\"]"}
RESULT: {"using":"xpath","value":"//*[@id=\"__button356\"]"}
COMMAND: POST /session/d3cdda6f06e006695550ea94201d0e31/elements - {"using":"xpath","value":"//*[@id=\"__button356\"]"}
RESULT: {"using":"xpath","value":"//*[@id=\"__button356\"]"}
COMMAND: POST /session/d3cdda6f06e006695550ea94201d0e31/elements - {"using":"xpath","value":"//*[@id=\"__button356\"]"}
RESULT: {"using":"xpath","value":"//*[@id=\"__button356\"]"}
COMMAND: POST /session/d3cdda6f06e006695550ea94201d0e31/elements - {"using":"xpath","value":"//*[@id=\"__button356\"]"}
RESULT: {"using":"xpath","value":"//*[@id=\"__button356\"]"}
COMMAND: POST /session/d3cdda6f06e006695550ea94201d0e31/elements - {"using":"xpath","value":"//*[@id=\"__button356\"]"}
RESULT: {"using":"xpath","value":"//*[@id=\"__button356\"]"}
COMMAND: POST /session/d3cdda6f06e006695550ea94201d0e31/elements - {"using":"xpath","value":"//*[@id=\"__button356\"]"}
RESULT: {"using":"xpath","value":"//*[@id=\"__button356\"]"}
COMMAND: POST /session/d3cdda6f06e006695550ea94201d0e31/elements - {"using":"xpath","value":"//*[@id=\"__button356\"]"}
RESULT: {"using":"xpath","value":"//*[@id=\"__button356\"]"}
COMMAND: POST /session/d3cdda6f06e006695550ea94201d0e31/elements - {"using":"xpath","value":"//*[@id=\"__button356\"]"}
RESULT: {"using":"xpath","value":"//*[@id=\"__button356\"]"}
COMMAND: POST /session/d3cdda6f06e006695550ea94201d0e31/elements - {"using":"xpath","value":"//*[@id=\"__button356\"]"}
RESULT: {"using":"xpath","value":"//*[@id=\"__button356\"]"}
COMMAND: POST /session/d3cdda6f06e006695550ea94201d0e31/elements - {"using":"xpath","value":"//*[@id=\"__button356\"]"}
RESULT: {"using":"xpath","value":"//*[@id=\"__button356\"]"}
COMMAND: POST /session/d3cdda6f06e006695550ea94201d0e31/elements - {"using":"xpath","value":"//*[@id=\"__button356\"]"}
RESULT: {"using":"xpath","value":"//*[@id=\"__button356\"]"}
COMMAND: POST /session/d3cdda6f06e006695550ea94201d0e31/elements - {"using":"xpath","value":"//*[@id=\"__button356\"]"}
RESULT: {"using":"xpath","value":"//*[@id=\"__button356\"]"}
COMMAND: POST /session/d3cdda6f06e006695550ea94201d0e31/elements - {"using":"xpath","value":"//*[@id=\"__button356\"]"}
RESULT: {"using":"xpath","value":"//*[@id=\"__button356\"]"}
COMMAND: POST /session/d3cdda6f06e006695550ea94201d0e31/elements - {"using":"xpath","value":"//*[@id=\"__button356\"]"}
RESULT: {"using":"xpath","value":"//*[@id=\"__button356\"]"}
COMMAND: POST /session/d3cdda6f06e006695550ea94201d0e31/elements - {"using":"xpath","value":"//*[@id=\"__button356\"]"}
RESULT: {"using":"xpath","value":"//*[@id=\"__button356\"]"}
COMMAND: POST /session/d3cdda6f06e006695550ea94201d0e31/elements - {"using":"xpath","value":"//*[@id=\"__button356\"]"}
RESULT: {"using":"xpath","value":"//*[@id=\"__button356\"]"}
COMMAND: POST /session/d3cdda6f06e006695550ea94201d0e31/elements - {"using":"xpath","value":"//*[@id=\"__button356\"]"}
RESULT: {"using":"xpath","value":"//*[@id=\"__button356\"]"}
COMMAND: POST /session/d3cdda6f06e006695550ea94201d0e31/elements - {"using":"xpath","value":"//*[@id=\"__button356\"]"}
RESULT: {"using":"xpath","value":"//*[@id=\"__button356\"]"}
COMMAND: POST /session/d3cdda6f06e006695550ea94201d0e31/elements - {"using":"xpath","value":"//*[@id=\"__button356\"]"}
RESULT: {"using":"xpath","value":"//*[@id=\"__button356\"]"}
COMMAND: POST /session/d3cdda6f06e006695550ea94201d0e31/elements - {"using":"xpath","value":"//*[@id=\"__button356\"]"}
RESULT: {"using":"xpath","value":"//*[@id=\"__button356\"]"}
COMMAND: POST /session/d3cdda6f06e006695550ea94201d0e31/elements - {"using":"xpath","value":"//*[@id=\"__button356\"]"}
RESULT: {"using":"xpath","value":"//*[@id=\"__button356\"]"}
COMMAND: POST /session/d3cdda6f06e006695550ea94201d0e31/elements - {"using":"xpath","value":"//*[@id=\"__button356\"]"}
RESULT: {"using":"xpath","value":"//*[@id=\"__button356\"]"}
COMMAND: POST /session/d3cdda6f06e006695550ea94201d0e31/elements - {"using":"xpath","value":"//*[@id=\"__button356\"]"}
RESULT: {"using":"xpath","value":"//*[@id=\"__button356\"]"}
COMMAND: POST /session/d3cdda6f06e006695550ea94201d0e31/elements - {"using":"xpath","value":"//*[@id=\"__button356\"]"}
RESULT: {"using":"xpath","value":"//*[@id=\"__button356\"]"}
COMMAND: POST /session/d3cdda6f06e006695550ea94201d0e31/elements - {"using":"xpath","value":"//*[@id=\"__button356\"]"}
RESULT: {"using":"xpath","value":"//*[@id=\"__button356\"]"}
COMMAND: POST /session/d3cdda6f06e006695550ea94201d0e31/elements - {"using":"xpath","value":"//*[@id=\"__button356\"]"}
RESULT: {"using":"xpath","value":"//*[@id=\"__button356\"]"}
COMMAND: POST /session/d3cdda6f06e006695550ea94201d0e31/elements - {"using":"xpath","value":"//*[@id=\"__button356\"]"}
RESULT: {"using":"xpath","value":"//*[@id=\"__button356\"]"}
COMMAND: POST /session/d3cdda6f06e006695550ea94201d0e31/elements - {"using":"xpath","value":"//*[@id=\"__button356\"]"}
RESULT: {"using":"xpath","value":"//*[@id=\"__button356\"]"}
COMMAND: POST /session/d3cdda6f06e006695550ea94201d0e31/elements - {"using":"xpath","value":"//*[@id=\"__button356\"]"}
RESULT: {"using":"xpath","value":"//*[@id=\"__button356\"]"}
COMMAND: POST /session/d3cdda6f06e006695550ea94201d0e31/elements - {"using":"xpath","value":"//*[@id=\"__button356\"]"}
RESULT: {"using":"xpath","value":"//*[@id=\"__button356\"]"}
COMMAND: POST /session/d3cdda6f06e006695550ea94201d0e31/elements - {"using":"xpath","value":"//*[@id=\"__button356\"]"}
RESULT: {"using":"xpath","value":"//*[@id=\"__button356\"]"}
COMMAND: POST /session/d3cdda6f06e006695550ea94201d0e31/elements - {"using":"xpath","value":"//*[@id=\"__button356\"]"}
RESULT: {"using":"xpath","value":"//*[@id=\"__button356\"]"}
COMMAND: POST /session/d3cdda6f06e006695550ea94201d0e31/elements - {"using":"xpath","value":"//*[@id=\"__button356\"]"}
RESULT: {"using":"xpath","value":"//*[@id=\"__button356\"]"}
COMMAND: POST /session/d3cdda6f06e006695550ea94201d0e31/elements - {"using":"xpath","value":"//*[@id=\"__button356\"]"}
RESULT: {"using":"xpath","value":"//*[@id=\"__button356\"]"}
COMMAND: POST /session/d3cdda6f06e006695550ea94201d0e31/elements - {"using":"xpath","value":"//*[@id=\"__button356\"]"}
RESULT: {"using":"xpath","value":"//*[@id=\"__button356\"]"}
COMMAND: POST /session/d3cdda6f06e006695550ea94201d0e31/elements - {"using":"xpath","value":"//*[@id=\"__button356\"]"}
RESULT: {"using":"xpath","value":"//*[@id=\"__button356\"]"}
COMMAND: POST /session/d3cdda6f06e006695550ea94201d0e31/elements - {"using":"xpath","value":"//*[@id=\"__button356\"]"}
RESULT: {"using":"xpath","value":"//*[@id=\"__button356\"]"}
COMMAND: POST /session/d3cdda6f06e006695550ea94201d0e31/elements - {"using":"xpath","value":"//*[@id=\"__button356\"]"}
RESULT: {"using":"xpath","value":"//*[@id=\"__button356\"]"}
COMMAND: POST /session/d3cdda6f06e006695550ea94201d0e31/elements - {"using":"xpath","value":"//*[@id=\"__button356\"]"}
RESULT: {"using":"xpath","value":"//*[@id=\"__button356\"]"}
COMMAND: POST /session/d3cdda6f06e006695550ea94201d0e31/elements - {"using":"xpath","value":"//*[@id=\"__button356\"]"}
RESULT: {"using":"xpath","value":"//*[@id=\"__button356\"]"}
COMMAND: POST /session/d3cdda6f06e006695550ea94201d0e31/elements - {"using":"xpath","value":"//*[@id=\"__button356\"]"}
RESULT: {"using":"xpath","value":"//*[@id=\"__button356\"]"}
COMMAND: POST /session/d3cdda6f06e006695550ea94201d0e31/elements - {"using":"xpath","value":"//*[@id=\"__button356\"]"}
RESULT: {"using":"xpath","value":"//*[@id=\"__button356\"]"}
COMMAND: POST /session/d3cdda6f06e006695550ea94201d0e31/elements - {"using":"xpath","value":"//*[@id=\"__button356\"]"}
RESULT: {"using":"xpath","value":"//*[@id=\"__button356\"]"}
COMMAND: POST /session/d3cdda6f06e006695550ea94201d0e31/elements - {"using":"xpath","value":"//*[@id=\"__button356\"]"}
RESULT: {"using":"xpath","value":"//*[@id=\"__button356\"]"}
COMMAND: POST /session/d3cdda6f06e006695550ea94201d0e31/elements - {"using":"xpath","value":"//*[@id=\"__button356\"]"}
RESULT: {"using":"xpath","value":"//*[@id=\"__button356\"]"}
COMMAND: POST /session/d3cdda6f06e006695550ea94201d0e31/elements - {"using":"xpath","value":"//*[@id=\"__button356\"]"}
RESULT: {"using":"xpath","value":"//*[@id=\"__button356\"]"}
COMMAND: POST /session/d3cdda6f06e006695550ea94201d0e31/elements - {"using":"xpath","value":"//*[@id=\"__button356\"]"}
RESULT: {"using":"xpath","value":"//*[@id=\"__button356\"]"}
COMMAND: POST /session/d3cdda6f06e006695550ea94201d0e31/elements - {"using":"xpath","value":"//*[@id=\"__button356\"]"}
RESULT: {"using":"xpath","value":"//*[@id=\"__button356\"]"}
COMMAND: POST /session/d3cdda6f06e006695550ea94201d0e31/elements - {"using":"xpath","value":"//*[@id=\"__button356\"]"}
RESULT: {"using":"xpath","value":"//*[@id=\"__button356\"]"}
COMMAND: POST /session/d3cdda6f06e006695550ea94201d0e31/elements - {"using":"xpath","value":"//*[@id=\"__button356\"]"}
RESULT: {"using":"xpath","value":"//*[@id=\"__button356\"]"}
COMMAND: POST /session/d3cdda6f06e006695550ea94201d0e31/elements - {"using":"xpath","value":"//*[@id=\"__button356\"]"}
RESULT: {"using":"xpath","value":"//*[@id=\"__button356\"]"}
COMMAND: POST /session/d3cdda6f06e006695550ea94201d0e31/elements - {"using":"xpath","value":"//*[@id=\"__button356\"]"}
RESULT: {"using":"xpath","value":"//*[@id=\"__button356\"]"}
COMMAND: POST /session/d3cdda6f06e006695550ea94201d0e31/elements - {"using":"xpath","value":"//*[@id=\"__button356\"]"}
RESULT: {"using":"xpath","value":"//*[@id=\"__button356\"]"}
COMMAND: POST /session/d3cdda6f06e006695550ea94201d0e31/elements - {"using":"xpath","value":"//*[@id=\"__button356\"]"}
RESULT: {"using":"xpath","value":"//*[@id=\"__button356\"]"}
COMMAND: POST /session/d3cdda6f06e006695550ea94201d0e31/elements - {"using":"xpath","value":"//*[@id=\"__button356\"]"}
RESULT: {"using":"xpath","value":"//*[@id=\"__button356\"]"}
COMMAND: POST /session/d3cdda6f06e006695550ea94201d0e31/elements - {"using":"xpath","value":"//*[@id=\"__button356\"]"}
RESULT: {"using":"xpath","value":"//*[@id=\"__button356\"]"}
COMMAND: POST /session/d3cdda6f06e006695550ea94201d0e31/elements - {"using":"xpath","value":"//*[@id=\"__button356\"]"}
RESULT: {"using":"xpath","value":"//*[@id=\"__button356\"]"}
COMMAND: POST /session/d3cdda6f06e006695550ea94201d0e31/elements - {"using":"xpath","value":"//*[@id=\"__button356\"]"}
RESULT: {"using":"xpath","value":"//*[@id=\"__button356\"]"}
COMMAND: POST /session/d3cdda6f06e006695550ea94201d0e31/elements - {"using":"xpath","value":"//*[@id=\"__button356\"]"}
RESULT: {"using":"xpath","value":"//*[@id=\"__button356\"]"}
COMMAND: POST /session/d3cdda6f06e006695550ea94201d0e31/elements - {"using":"xpath","value":"//*[@id=\"__button356\"]"}
RESULT: {"using":"xpath","value":"//*[@id=\"__button356\"]"}
COMMAND: POST /session/d3cdda6f06e006695550ea94201d0e31/elements - {"using":"xpath","value":"//*[@id=\"__button356\"]"}
RESULT: {"using":"xpath","value":"//*[@id=\"__button356\"]"}
COMMAND: POST /session/d3cdda6f06e006695550ea94201d0e31/elements - {"using":"xpath","value":"//*[@id=\"__button356\"]"}
RESULT: {"using":"xpath","value":"//*[@id=\"__button356\"]"}
COMMAND: POST /session/d3cdda6f06e006695550ea94201d0e31/elements - {"using":"xpath","value":"//*[@id=\"__button356\"]"}
RESULT: {"using":"xpath","value":"//*[@id=\"__button356\"]"}
COMMAND: POST /session/d3cdda6f06e006695550ea94201d0e31/elements - {"using":"xpath","value":"//*[@id=\"__button356\"]"}
RESULT: {"using":"xpath","value":"//*[@id=\"__button356\"]"}
COMMAND: POST /session/d3cdda6f06e006695550ea94201d0e31/elements - {"using":"xpath","value":"//*[@id=\"__button356\"]"}
RESULT: {"using":"xpath","value":"//*[@id=\"__button356\"]"}
COMMAND: POST /session/d3cdda6f06e006695550ea94201d0e31/elements - {"using":"xpath","value":"//*[@id=\"__button356\"]"}
RESULT: {"using":"xpath","value":"//*[@id=\"__button356\"]"}
COMMAND: POST /session/d3cdda6f06e006695550ea94201d0e31/elements - {"using":"xpath","value":"//*[@id=\"__button356\"]"}
RESULT: {"using":"xpath","value":"//*[@id=\"__button356\"]"}
COMMAND: POST /session/d3cdda6f06e006695550ea94201d0e31/elements - {"using":"xpath","value":"//*[@id=\"__button356\"]"}
RESULT: {"using":"xpath","value":"//*[@id=\"__button356\"]"}
COMMAND: POST /session/d3cdda6f06e006695550ea94201d0e31/elements - {"using":"xpath","value":"//*[@id=\"__button356\"]"}
RESULT: {"using":"xpath","value":"//*[@id=\"__button356\"]"}
COMMAND: POST /session/d3cdda6f06e006695550ea94201d0e31/elements - {"using":"xpath","value":"//*[@id=\"__button356\"]"}
RESULT: {"using":"xpath","value":"//*[@id=\"__button356\"]"}
COMMAND: POST /session/d3cdda6f06e006695550ea94201d0e31/elements - {"using":"xpath","value":"//*[@id=\"__button356\"]"}
RESULT: {"using":"xpath","value":"//*[@id=\"__button356\"]"}
COMMAND: POST /session/d3cdda6f06e006695550ea94201d0e31/elements - {"using":"xpath","value":"//*[@id=\"__button356\"]"}
RESULT: {"using":"xpath","value":"//*[@id=\"__button356\"]"}
COMMAND: POST /session/d3cdda6f06e006695550ea94201d0e31/elements - {"using":"xpath","value":"//*[@id=\"__button356\"]"}
RESULT: {"using":"xpath","value":"//*[@id=\"__button356\"]"}
COMMAND: POST /session/d3cdda6f06e006695550ea94201d0e31/elements - {"using":"xpath","value":"//*[@id=\"__button356\"]"}
RESULT: {"using":"xpath","value":"//*[@id=\"__button356\"]"}
COMMAND: POST /session/d3cdda6f06e006695550ea94201d0e31/elements - {"using":"xpath","value":"//*[@id=\"__button356\"]"}
RESULT: {"using":"xpath","value":"//*[@id=\"__button356\"]"}
COMMAND: POST /session/d3cdda6f06e006695550ea94201d0e31/elements - {"using":"xpath","value":"//*[@id=\"__button356\"]"}
RESULT: {"using":"xpath","value":"//*[@id=\"__button356\"]"}
COMMAND: POST /session/d3cdda6f06e006695550ea94201d0e31/elements - {"using":"xpath","value":"//*[@id=\"__button356\"]"}
RESULT: {"using":"xpath","value":"//*[@id=\"__button356\"]"}
COMMAND: POST /session/d3cdda6f06e006695550ea94201d0e31/elements - {"using":"xpath","value":"//*[@id=\"__button356\"]"}
RESULT: {"using":"xpath","value":"//*[@id=\"__button356\"]"}
COMMAND: POST /session/d3cdda6f06e006695550ea94201d0e31/elements - {"using":"xpath","value":"//*[@id=\"__button356\"]"}
RESULT: {"using":"xpath","value":"//*[@id=\"__button356\"]"}
COMMAND: POST /session/d3cdda6f06e006695550ea94201d0e31/elements - {"using":"xpath","value":"//*[@id=\"__button356\"]"}
RESULT: {"using":"xpath","value":"//*[@id=\"__button356\"]"}
COMMAND: POST /session/d3cdda6f06e006695550ea94201d0e31/elements - {"using":"xpath","value":"//*[@id=\"__button356\"]"}
RESULT: {"using":"xpath","value":"//*[@id=\"__button356\"]"}
COMMAND: POST /session/d3cdda6f06e006695550ea94201d0e31/elements - {"using":"xpath","value":"//*[@id=\"__button356\"]"}
RESULT: {"using":"xpath","value":"//*[@id=\"__button356\"]"}
COMMAND: POST /session/d3cdda6f06e006695550ea94201d0e31/elements - {"using":"xpath","value":"//*[@id=\"__button356\"]"}
RESULT: {"using":"xpath","value":"//*[@id=\"__button356\"]"}
COMMAND: POST /session/d3cdda6f06e006695550ea94201d0e31/elements - {"using":"xpath","value":"//*[@id=\"__button356\"]"}
RESULT: {"using":"xpath","value":"//*[@id=\"__button356\"]"}
COMMAND: POST /session/d3cdda6f06e006695550ea94201d0e31/elements - {"using":"xpath","value":"//*[@id=\"__button356\"]"}
RESULT: {"using":"xpath","value":"//*[@id=\"__button356\"]"}
COMMAND: POST /session/d3cdda6f06e006695550ea94201d0e31/elements - {"using":"xpath","value":"//*[@id=\"__button356\"]"}
RESULT: {"using":"xpath","value":"//*[@id=\"__button356\"]"}
COMMAND: POST /session/d3cdda6f06e006695550ea94201d0e31/elements - {"using":"xpath","value":"//*[@id=\"__button356\"]"}
RESULT: {"using":"xpath","value":"//*[@id=\"__button356\"]"}
COMMAND: POST /session/d3cdda6f06e006695550ea94201d0e31/elements - {"using":"xpath","value":"//*[@id=\"__button356\"]"}
RESULT: {"using":"xpath","value":"//*[@id=\"__button356\"]"}
COMMAND: POST /session/d3cdda6f06e006695550ea94201d0e31/elements - {"using":"xpath","value":"//*[@id=\"__button356\"]"}
RESULT: {"using":"xpath","value":"//*[@id=\"__button356\"]"}
COMMAND: POST /session/d3cdda6f06e006695550ea94201d0e31/elements - {"using":"xpath","value":"//*[@id=\"__button356\"]"}
RESULT: {"using":"xpath","value":"//*[@id=\"__button356\"]"}
COMMAND: POST /session/d3cdda6f06e006695550ea94201d0e31/elements - {"using":"xpath","value":"//*[@id=\"__button356\"]"}
RESULT: {"using":"xpath","value":"//*[@id=\"__button356\"]"}
COMMAND: POST /session/d3cdda6f06e006695550ea94201d0e31/elements - {"using":"xpath","value":"//*[@id=\"__button356\"]"}
RESULT: {"using":"xpath","value":"//*[@id=\"__button356\"]"}
COMMAND: POST /session/d3cdda6f06e006695550ea94201d0e31/elements - {"using":"xpath","value":"//*[@id=\"__button356\"]"}
RESULT: {"using":"xpath","value":"//*[@id=\"__button356\"]"}
COMMAND: POST /session/d3cdda6f06e006695550ea94201d0e31/elements - {"using":"xpath","value":"//*[@id=\"__button356\"]"}
RESULT: {"using":"xpath","value":"//*[@id=\"__button356\"]"}
COMMAND: POST /session/d3cdda6f06e006695550ea94201d0e31/elements - {"using":"xpath","value":"//*[@id=\"__button356\"]"}
RESULT: {"using":"xpath","value":"//*[@id=\"__button356\"]"}
COMMAND: POST /session/d3cdda6f06e006695550ea94201d0e31/elements - {"using":"xpath","value":"//*[@id=\"__button356\"]"}
RESULT: {"using":"xpath","value":"//*[@id=\"__button356\"]"}
COMMAND: POST /session/d3cdda6f06e006695550ea94201d0e31/elements - {"using":"xpath","value":"//*[@id=\"__button356\"]"}
RESULT: {"using":"xpath","value":"//*[@id=\"__button356\"]"}
COMMAND: POST /session/d3cdda6f06e006695550ea94201d0e31/elements - {"using":"xpath","value":"//*[@id=\"__button356\"]"}
RESULT: {"using":"xpath","value":"//*[@id=\"__button356\"]"}
COMMAND: POST /session/d3cdda6f06e006695550ea94201d0e31/elements - {"using":"xpath","value":"//*[@id=\"__button356\"]"}
RESULT: {"using":"xpath","value":"//*[@id=\"__button356\"]"}
COMMAND: POST /session/d3cdda6f06e006695550ea94201d0e31/elements - {"using":"xpath","value":"//*[@id=\"__button356\"]"}
RESULT: {"using":"xpath","value":"//*[@id=\"__button356\"]"}
COMMAND: POST /session/d3cdda6f06e006695550ea94201d0e31/elements - {"using":"xpath","value":"//*[@id=\"__button356\"]"}
RESULT: {"using":"xpath","value":"//*[@id=\"__button356\"]"}
COMMAND: POST /session/d3cdda6f06e006695550ea94201d0e31/elements - {"using":"xpath","value":"//*[@id=\"__button356\"]"}
RESULT: {"using":"xpath","value":"//*[@id=\"__button356\"]"}
COMMAND: POST /session/d3cdda6f06e006695550ea94201d0e31/elements - {"using":"xpath","value":"//*[@id=\"__button356\"]"}
RESULT: {"using":"xpath","value":"//*[@id=\"__button356\"]"}
COMMAND: POST /session/d3cdda6f06e006695550ea94201d0e31/elements - {"using":"xpath","value":"//*[@id=\"__button356\"]"}
RESULT: {"using":"xpath","value":"//*[@id=\"__button356\"]"}
COMMAND: POST /session/d3cdda6f06e006695550ea94201d0e31/elements - {"using":"xpath","value":"//*[@id=\"__button356\"]"}
RESULT: {"using":"xpath","value":"//*[@id=\"__button356\"]"}
COMMAND: POST /session/d3cdda6f06e006695550ea94201d0e31/elements - {"using":"xpath","value":"//*[@id=\"__button356\"]"}
RESULT: {"using":"xpath","value":"//*[@id=\"__button356\"]"}
COMMAND: POST /session/d3cdda6f06e006695550ea94201d0e31/element - {"using":"css selector","value":"#shell-header-logo"}
RESULT: {"using":"css selector","value":"#shell-header-logo"}
COMMAND: POST /session/d3cdda6f06e006695550ea94201d0e31/execute/sync - {"script":"<script> [8489 bytes]","args":[{"element-6066-11e4-a52e-4f735466cecf":"f.CF3EA173C6DD6742E6FF2C1FCC3ADAA5.d.AEB8510FFC85D072722BE835B2FDA198.e.18394","ELEMENT":"f.CF3EA173C6DD6742E6FF2C1FCC3ADAA5.d.AEB8510FFC85D072722BE835B2FDA198.e.18394"}]}
RESULT: {"script":"<script> [8489 bytes]","args":[{"element-6066-11e4-a52e-4f735466cecf":"f.CF3EA173C6DD6742E6FF2C1FCC3ADAA5.d.AEB8510FFC85D072722BE835B2FDA198.e.18394","ELEMENT":"f.CF3EA173C6DD6742E6FF2C1FCC3ADAA5.d.AEB8510FFC85D072722BE835B2FDA198.e.18394"}]}
COMMAND: POST /session/d3cdda6f06e006695550ea94201d0e31/execute/sync - {"script":"<script> [5351 bytes]","args":[{"element-6066-11e4-a52e-4f735466cecf":"f.CF3EA173C6DD6742E6FF2C1FCC3ADAA5.d.AEB8510FFC85D072722BE835B2FDA198.e.18394","ELEMENT":"f.CF3EA173C6DD6742E6FF2C1FCC3ADAA5.d.AEB8510FFC85D072722BE835B2FDA198.e.18394"}]}
COMMAND: GET /session/d3cdda6f06e006695550ea94201d0e31/screenshot - {}
RESULT: {"script":"<script> [5351 bytes]","args":[{"element-6066-11e4-a52e-4f735466cecf":"f.CF3EA173C6DD6742E6FF2C1FCC3ADAA5.d.AEB8510FFC85D072722BE835B2FDA198.e.18394","ELEMENT":"f.CF3EA173C6DD6742E6FF2C1FCC3ADAA5.d.AEB8510FFC85D072722BE835B2FDA198.e.18394"}]}
COMMAND: POST /session/d3cdda6f06e006695550ea94201d0e31/element/f.CF3EA173C6DD6742E6FF2C1FCC3ADAA5.d.AEB8510FFC85D072722BE835B2FDA198.e.18394/click - {}
COMMAND: GET /session/d3cdda6f06e006695550ea94201d0e31/screenshot - {}
RESULT: {}
RESULT: {}
]]></system-out>
    </testcase>
    <testcase classname="chrome.136_0_7103_93.windows.Performance_based_billing_(work_days)_US139742" name="Should go to Manage Billings and trigger calculation check the conditions applied" time="59.72">
      <system-out><![CDATA[
COMMAND: POST /session/d3cdda6f06e006695550ea94201d0e31/execute/async - {"script":"<script> [1562 bytes]","args":[{"selector":{"controlType":"sap.m.GenericTile","properties":{"header":"Manage Billings"}},"wdio_ui5_key":"sapm.GenericTile{\"header\":\"Manage Billings\"}"}]}
COMMAND: GET /session/d3cdda6f06e006695550ea94201d0e31/screenshot - {}
RESULT: {}
RESULT: {"script":"<script> [1562 bytes]","args":[{"selector":{"controlType":"sap.m.GenericTile","properties":{"header":"Manage Billings"}},"wdio_ui5_key":"sapm.GenericTile{\"header\":\"Manage Billings\"}"}]}
RESULT: undefined
COMMAND: POST /session/d3cdda6f06e006695550ea94201d0e31/element - {"using":"xpath","value":"//*[@id=\"__tile51\"]"}
RESULT: {}
RESULT: {"using":"xpath","value":"//*[@id=\"__tile51\"]"}
COMMAND: POST /session/d3cdda6f06e006695550ea94201d0e31/element/f.CF3EA173C6DD6742E6FF2C1FCC3ADAA5.d.AEB8510FFC85D072722BE835B2FDA198.e.14854/click - {}
RESULT: {}
COMMAND: GET /session/d3cdda6f06e006695550ea94201d0e31/screenshot - {}
RESULT: {}
COMMAND: POST /session/d3cdda6f06e006695550ea94201d0e31/elements - {"using":"xpath","value":"//span[text()='Error']"}
RESULT: {"using":"xpath","value":"//span[text()='Error']"}
COMMAND: POST /session/d3cdda6f06e006695550ea94201d0e31/execute/async - {"script":"<script> [1562 bytes]","args":[{"selector":{"id":"application-managebillings-display-component---billRunCalcResult--smartFilterBar-btnBasicSearch","interaction":{"idSuffix":"I"}},"wdio_ui5_key":"applicationmanagebillings-display-component---billRunCalcResult--smartFilterBar-btnBasicSearch"}]}
RESULT: {"script":"<script> [1562 bytes]","args":[{"selector":{"id":"application-managebillings-display-component---billRunCalcResult--smartFilterBar-btnBasicSearch","interaction":{"idSuffix":"I"}},"wdio_ui5_key":"applicationmanagebillings-display-component---billRunCalcResult--smartFilterBar-btnBasicSearch"}]}
RESULT: undefined
COMMAND: POST /session/d3cdda6f06e006695550ea94201d0e31/execute/async - {"script":"<script> [776 bytes]","args":[{"enterText":"10463","selector":{"id":"application-managebillings-display-component---billRunCalcResult--smartFilterBar-btnBasicSearch","interaction":{"idSuffix":"I"}},"clearTextFirst":true,"interactionType":"ENTER_TEXT"}]}
RESULT: {"script":"<script> [776 bytes]","args":[{"enterText":"10463","selector":{"id":"application-managebillings-display-component---billRunCalcResult--smartFilterBar-btnBasicSearch","interaction":{"idSuffix":"I"}},"clearTextFirst":true,"interactionType":"ENTER_TEXT"}]}
COMMAND: POST /session/d3cdda6f06e006695550ea94201d0e31/actions - {"actions":[{"id":"action65","type":"key","parameters":{},"actions":[{"type":"keyDown","value":"î€‡"},{"type":"pause","duration":10},{"type":"keyUp","value":"î€‡"}]}]}
RESULT: {"actions":[{"id":"action65","type":"key","parameters":{},"actions":[{"type":"keyDown","value":"î€‡"},{"type":"pause","duration":10},{"type":"keyUp","value":"î€‡"}]}]}
COMMAND: GET /session/d3cdda6f06e006695550ea94201d0e31/screenshot - {}
RESULT: {}
COMMAND: POST /session/d3cdda6f06e006695550ea94201d0e31/element - {"using":"xpath","value":"//td[@aria-colindex=\"1\"]/div/div[contains(@class, \"sapMCbBg\")]"}
RESULT: {"using":"xpath","value":"//td[@aria-colindex=\"1\"]/div/div[contains(@class, \"sapMCbBg\")]"}
COMMAND: POST /session/d3cdda6f06e006695550ea94201d0e31/element/f.CF3EA173C6DD6742E6FF2C1FCC3ADAA5.d.AEB8510FFC85D072722BE835B2FDA198.e.19014/click - {}
RESULT: {}
COMMAND: GET /session/d3cdda6f06e006695550ea94201d0e31/screenshot - {}
RESULT: {}
COMMAND: POST /session/d3cdda6f06e006695550ea94201d0e31/execute/async - {"script":"<script> [1562 bytes]","args":[{"selector":{"id":"application-managebillings-display-component---billRunCalcResult--contractBillRunDate","interaction":{"idSuffix":"inner"}},"wdio_ui5_key":"applicationmanagebillings-display-component---billRunCalcResult--contractBillRunDate"}]}
RESULT: {"script":"<script> [1562 bytes]","args":[{"selector":{"id":"application-managebillings-display-component---billRunCalcResult--contractBillRunDate","interaction":{"idSuffix":"inner"}},"wdio_ui5_key":"applicationmanagebillings-display-component---billRunCalcResult--contractBillRunDate"}]}
RESULT: undefined
COMMAND: POST /session/d3cdda6f06e006695550ea94201d0e31/execute/async - {"script":"<script> [776 bytes]","args":[{"enterText":"6/21/25","selector":{"id":"application-managebillings-display-component---billRunCalcResult--contractBillRunDate","interaction":{"idSuffix":"inner"}},"clearTextFirst":true,"interactionType":"ENTER_TEXT"}]}
RESULT: {"script":"<script> [776 bytes]","args":[{"enterText":"6/21/25","selector":{"id":"application-managebillings-display-component---billRunCalcResult--contractBillRunDate","interaction":{"idSuffix":"inner"}},"clearTextFirst":true,"interactionType":"ENTER_TEXT"}]}
COMMAND: POST /session/d3cdda6f06e006695550ea94201d0e31/element - {"using":"xpath","value":"//bdi[contains(text(), \"Trigger Calculation\")]"}
RESULT: {"using":"xpath","value":"//bdi[contains(text(), \"Trigger Calculation\")]"}
COMMAND: POST /session/d3cdda6f06e006695550ea94201d0e31/element/f.CF3EA173C6DD6742E6FF2C1FCC3ADAA5.d.AEB8510FFC85D072722BE835B2FDA198.e.19043/click - {}
RESULT: {}
COMMAND: GET /session/d3cdda6f06e006695550ea94201d0e31/screenshot - {}
RESULT: {}
COMMAND: POST /session/d3cdda6f06e006695550ea94201d0e31/element - {"using":"xpath","value":"(//span[contains(@id, \"imgNav\")])[1]"}
RESULT: {"using":"xpath","value":"(//span[contains(@id, \"imgNav\")])[1]"}
COMMAND: POST /session/d3cdda6f06e006695550ea94201d0e31/element/f.CF3EA173C6DD6742E6FF2C1FCC3ADAA5.d.AEB8510FFC85D072722BE835B2FDA198.e.19016/click - {}
RESULT: {}
COMMAND: GET /session/d3cdda6f06e006695550ea94201d0e31/screenshot - {}
RESULT: {}
COMMAND: POST /session/d3cdda6f06e006695550ea94201d0e31/element - {"using":"xpath","value":"//tr/td[6]/div[1]/span[1]/span[1]"}
RESULT: {"using":"xpath","value":"//tr/td[6]/div[1]/span[1]/span[1]"}
COMMAND: GET /session/d3cdda6f06e006695550ea94201d0e31/element/f.CF3EA173C6DD6742E6FF2C1FCC3ADAA5.d.AEB8510FFC85D072722BE835B2FDA198.e.19048/text - {}
RESULT: {}
COMMAND: POST /session/d3cdda6f06e006695550ea94201d0e31/element - {"using":"xpath","value":"(//span[contains(@id, \"imgNav\")])[2]"}
RESULT: {"using":"xpath","value":"(//span[contains(@id, \"imgNav\")])[2]"}
COMMAND: POST /session/d3cdda6f06e006695550ea94201d0e31/element/f.CF3EA173C6DD6742E6FF2C1FCC3ADAA5.d.AEB8510FFC85D072722BE835B2FDA198.e.19049/click - {}
RESULT: {}
COMMAND: POST /session/d3cdda6f06e006695550ea94201d0e31/element - {"using":"xpath","value":"//bdi[contains(text(), \"Business Confirm\")]"}
COMMAND: GET /session/d3cdda6f06e006695550ea94201d0e31/screenshot - {}
RESULT: {"using":"xpath","value":"//bdi[contains(text(), \"Business Confirm\")]"}
COMMAND: POST /session/d3cdda6f06e006695550ea94201d0e31/elements - {"using":"xpath","value":"//bdi[contains(text(), \"Business Confirm\")]"}
RESULT: {}
RESULT: {"using":"xpath","value":"//bdi[contains(text(), \"Business Confirm\")]"}
COMMAND: POST /session/d3cdda6f06e006695550ea94201d0e31/elements - {"using":"xpath","value":"//bdi[contains(text(), \"Business Confirm\")]"}
RESULT: {"using":"xpath","value":"//bdi[contains(text(), \"Business Confirm\")]"}
COMMAND: POST /session/d3cdda6f06e006695550ea94201d0e31/elements - {"using":"xpath","value":"//bdi[contains(text(), \"Business Confirm\")]"}
RESULT: {"using":"xpath","value":"//bdi[contains(text(), \"Business Confirm\")]"}
COMMAND: POST /session/d3cdda6f06e006695550ea94201d0e31/element - {"using":"xpath","value":"//bdi[contains(text(), \"Business Confirm\")]"}
RESULT: {"using":"xpath","value":"//bdi[contains(text(), \"Business Confirm\")]"}
COMMAND: POST /session/d3cdda6f06e006695550ea94201d0e31/element/f.CF3EA173C6DD6742E6FF2C1FCC3ADAA5.d.AEB8510FFC85D072722BE835B2FDA198.e.19109/click - {}
RESULT: {}
COMMAND: POST /session/d3cdda6f06e006695550ea94201d0e31/element - {"using":"css selector","value":"#shell-header-logo"}
COMMAND: GET /session/d3cdda6f06e006695550ea94201d0e31/screenshot - {}
RESULT: {"using":"css selector","value":"#shell-header-logo"}
COMMAND: POST /session/d3cdda6f06e006695550ea94201d0e31/element/f.CF3EA173C6DD6742E6FF2C1FCC3ADAA5.d.AEB8510FFC85D072722BE835B2FDA198.e.18703/click - {}
RESULT: {}
RESULT: {}
COMMAND: GET /session/d3cdda6f06e006695550ea94201d0e31/screenshot - {}
RESULT: {}
COMMAND: POST /session/d3cdda6f06e006695550ea94201d0e31/element - {"using":"css selector","value":"#j_username"}
COMMAND: POST /session/d3cdda6f06e006695550ea94201d0e31/url - {"url":"https://qa-testing-00-live-etm-ui.cfapps.eu10-004.hana.ondemand.com/"}
RESULT: {"using":"css selector","value":"#j_username"}
COMMAND: POST /session/d3cdda6f06e006695550ea94201d0e31/element - {"using":"css selector","value":"#j_username"}
RESULT: {"url":"https://qa-testing-00-live-etm-ui.cfapps.eu10-004.hana.ondemand.com/"}
RESULT: undefined
COMMAND: GET /session/d3cdda6f06e006695550ea94201d0e31/screenshot - {}
RESULT: {"using":"css selector","value":"#j_username"}
COMMAND: POST /session/d3cdda6f06e006695550ea94201d0e31/element - {"using":"css selector","value":"#shell-header-logo"}
RESULT: {}
RESULT: {"using":"css selector","value":"#shell-header-logo"}
COMMAND: POST /session/d3cdda6f06e006695550ea94201d0e31/execute/sync - {"script":"<script> [8489 bytes]","args":[{"element-6066-11e4-a52e-4f735466cecf":"f.CF3EA173C6DD6742E6FF2C1FCC3ADAA5.d.B7F2937F487E2D6B8606CCC513BFF678.e.19124","ELEMENT":"f.CF3EA173C6DD6742E6FF2C1FCC3ADAA5.d.B7F2937F487E2D6B8606CCC513BFF678.e.19124"}]}
RESULT: {"script":"<script> [8489 bytes]","args":[{"element-6066-11e4-a52e-4f735466cecf":"f.CF3EA173C6DD6742E6FF2C1FCC3ADAA5.d.B7F2937F487E2D6B8606CCC513BFF678.e.19124","ELEMENT":"f.CF3EA173C6DD6742E6FF2C1FCC3ADAA5.d.B7F2937F487E2D6B8606CCC513BFF678.e.19124"}]}
COMMAND: POST /session/d3cdda6f06e006695550ea94201d0e31/element - {"using":"css selector","value":"#shell-header-logo"}
COMMAND: GET /session/d3cdda6f06e006695550ea94201d0e31/screenshot - {}
RESULT: {"using":"css selector","value":"#shell-header-logo"}
COMMAND: POST /session/d3cdda6f06e006695550ea94201d0e31/execute/sync - {"script":"<script> [8489 bytes]","args":[{"element-6066-11e4-a52e-4f735466cecf":"f.CF3EA173C6DD6742E6FF2C1FCC3ADAA5.d.B7F2937F487E2D6B8606CCC513BFF678.e.19124","ELEMENT":"f.CF3EA173C6DD6742E6FF2C1FCC3ADAA5.d.B7F2937F487E2D6B8606CCC513BFF678.e.19124"}]}
RESULT: {}
RESULT: {"script":"<script> [8489 bytes]","args":[{"element-6066-11e4-a52e-4f735466cecf":"f.CF3EA173C6DD6742E6FF2C1FCC3ADAA5.d.B7F2937F487E2D6B8606CCC513BFF678.e.19124","ELEMENT":"f.CF3EA173C6DD6742E6FF2C1FCC3ADAA5.d.B7F2937F487E2D6B8606CCC513BFF678.e.19124"}]}
COMMAND: POST /session/d3cdda6f06e006695550ea94201d0e31/execute/sync - {"script":"<script> [5351 bytes]","args":[{"element-6066-11e4-a52e-4f735466cecf":"f.CF3EA173C6DD6742E6FF2C1FCC3ADAA5.d.B7F2937F487E2D6B8606CCC513BFF678.e.19124","ELEMENT":"f.CF3EA173C6DD6742E6FF2C1FCC3ADAA5.d.B7F2937F487E2D6B8606CCC513BFF678.e.19124"}]}
COMMAND: GET /session/d3cdda6f06e006695550ea94201d0e31/screenshot - {}
RESULT: {"script":"<script> [5351 bytes]","args":[{"element-6066-11e4-a52e-4f735466cecf":"f.CF3EA173C6DD6742E6FF2C1FCC3ADAA5.d.B7F2937F487E2D6B8606CCC513BFF678.e.19124","ELEMENT":"f.CF3EA173C6DD6742E6FF2C1FCC3ADAA5.d.B7F2937F487E2D6B8606CCC513BFF678.e.19124"}]}
COMMAND: POST /session/d3cdda6f06e006695550ea94201d0e31/element - {"using":"css selector","value":"#shell-header-logo"}
COMMAND: GET /session/d3cdda6f06e006695550ea94201d0e31/screenshot - {}
RESULT: {}
RESULT: {"using":"css selector","value":"#shell-header-logo"}
COMMAND: POST /session/d3cdda6f06e006695550ea94201d0e31/element/f.CF3EA173C6DD6742E6FF2C1FCC3ADAA5.d.B7F2937F487E2D6B8606CCC513BFF678.e.19124/click - {}
RESULT: {}
RESULT: {}
COMMAND: GET /session/d3cdda6f06e006695550ea94201d0e31/screenshot - {}
RESULT: {}
COMMAND: POST /session/d3cdda6f06e006695550ea94201d0e31/execute/async - {"script":"<script> [189 bytes]","args":[]}
RESULT: {"script":"<script> [189 bytes]","args":[]}
COMMAND: POST /session/d3cdda6f06e006695550ea94201d0e31/execute/async - {"script":"<script> [123 bytes]","args":[]}
RESULT: {"script":"<script> [123 bytes]","args":[]}
COMMAND: POST /session/d3cdda6f06e006695550ea94201d0e31/timeouts - {"script":"<number>"}
RESULT: {"script":"<number>"}
COMMAND: GET /session/d3cdda6f06e006695550ea94201d0e31/timeouts - {}
RESULT: {}
RESULT: undefined
COMMAND: POST /session/d3cdda6f06e006695550ea94201d0e31/execute/async - {"script":"<script> [2676 bytes]","args":[]}
RESULT: {"script":"<script> [2676 bytes]","args":[]}
COMMAND: POST /session/d3cdda6f06e006695550ea94201d0e31/execute/async - {"script":"<script> [2342 bytes]","args":[{"protocol":"http","hostname":"0.0.0.0","path":"/","capabilities":{"browserName":"chrome","goog:chromeOptions":{"binary":"C:\\Program Files\\Google\\Chrome\\Application\\chrome.exe","args":["--start-maximized"]}},"logLevel":"warn","connectionRetryTimeout":120000,"connectionRetryCount":3,"logLevels":{},"enableDirectConnect":true,"strictSSL":true,"_":"65 more keys: [\"cacheDir\",\"port\",\"requestedCapabilities\",\"automationProtocol\",\"baseUrl\",\"waitforInterval\",\"waitforTimeout\",\"onReload\",\"beforeCommand\",\"afterCommand\",\"rootDir\",\"specs\",\"suites\",\"exclude\",\"groupLogsByTestSpec\",\"excludeDriverLogs\",\"bail\",\"framework\",\"reporters\",\"services\",\"maxInstances\",\"maxInstancesPerCapability\",\"injectGlobals\",\"filesToWatch\",\"execArgv\",\"runnerEnv\",\"runner\",\"shard\",\"specFileRetries\",\"specFileRetriesDelay\",\"specFileRetriesDeferred\",\"reporterSyncInterval\",\"reporterSyncTimeout\",\"cucumberFeaturesWithLineNumbers\",\"autoCompileOpts\",\"mochaOpts\",\"jasmineOpts\",\"cucumberOpts\",\"onPrepare\",\"onWorkerStart\",\"onWorkerEnd\",\"before\",\"beforeSession\",\"beforeSuite\",\"beforeHook\",\"beforeTest\",\"afterTest\",\"afterHook\",\"afterSuite\",\"afterSession\",\"after\",\"onComplete\",\"beforeAssertion\",\"afterAssertion\",\"beforeFeature\",\"beforeScenario\",\"beforeStep\",\"afterStep\",\"afterScenario\",\"afterFeature\",\"_\",\"suite\",\"$0\",\"ignoredWorkerServices\",\"wdi5\"]"}]}
RESULT: {"script":"<script> [2342 bytes]","args":[{"protocol":"http","hostname":"0.0.0.0","path":"/","capabilities":{"browserName":"chrome","goog:chromeOptions":{"binary":"C:\\Program Files\\Google\\Chrome\\Application\\chrome.exe","args":["--start-maximized"]}},"logLevel":"warn","connectionRetryTimeout":120000,"connectionRetryCount":3,"logLevels":{},"enableDirectConnect":true,"strictSSL":true,"_":"65 more keys: [\"cacheDir\",\"port\",\"requestedCapabilities\",\"automationProtocol\",\"baseUrl\",\"waitforInterval\",\"waitforTimeout\",\"onReload\",\"beforeCommand\",\"afterCommand\",\"rootDir\",\"specs\",\"suites\",\"exclude\",\"groupLogsByTestSpec\",\"excludeDriverLogs\",\"bail\",\"framework\",\"reporters\",\"services\",\"maxInstances\",\"maxInstancesPerCapability\",\"injectGlobals\",\"filesToWatch\",\"execArgv\",\"runnerEnv\",\"runner\",\"shard\",\"specFileRetries\",\"specFileRetriesDelay\",\"specFileRetriesDeferred\",\"reporterSyncInterval\",\"reporterSyncTimeout\",\"cucumberFeaturesWithLineNumbers\",\"autoCompileOpts\",\"mochaOpts\",\"jasmineOpts\",\"cucumberOpts\",\"onPrepare\",\"onWorkerStart\",\"onWorkerEnd\",\"before\",\"beforeSession\",\"beforeSuite\",\"beforeHook\",\"beforeTest\",\"afterTest\",\"afterHook\",\"afterSuite\",\"afterSession\",\"after\",\"onComplete\",\"beforeAssertion\",\"afterAssertion\",\"beforeFeature\",\"beforeScenario\",\"beforeStep\",\"afterStep\",\"afterScenario\",\"afterFeature\",\"_\",\"suite\",\"$0\",\"ignoredWorkerServices\",\"wdi5\"]"}]}
COMMAND: POST /session/d3cdda6f06e006695550ea94201d0e31/execute/async - {"script":"<script> [21126 bytes]","args":[35000]}
RESULT: {"script":"<script> [21126 bytes]","args":[35000]}
COMMAND: POST /session/d3cdda6f06e006695550ea94201d0e31/window/maximize - {}
RESULT: {}
COMMAND: POST /session/d3cdda6f06e006695550ea94201d0e31/execute/async - {"script":"<script> [1562 bytes]","args":[{"selector":{"id":"shell-header","interaction":{"idSuffix":"icon"}},"wdio_ui5_key":"shellheader"}]}
COMMAND: GET /session/d3cdda6f06e006695550ea94201d0e31/screenshot - {}
RESULT: {"script":"<script> [1562 bytes]","args":[{"selector":{"id":"shell-header","interaction":{"idSuffix":"icon"}},"wdio_ui5_key":"shellheader"}]}
RESULT: undefined
COMMAND: POST /session/d3cdda6f06e006695550ea94201d0e31/refresh - {}
RESULT: {}
RESULT: {}
COMMAND: GET /session/d3cdda6f06e006695550ea94201d0e31/screenshot - {}
RESULT: {}
COMMAND: POST /session/d3cdda6f06e006695550ea94201d0e31/refresh - {}
RESULT: {}
COMMAND: GET /session/d3cdda6f06e006695550ea94201d0e31/screenshot - {}
RESULT: {}
COMMAND: POST /session/d3cdda6f06e006695550ea94201d0e31/window/fullscreen - {}
RESULT: {}
COMMAND: POST /session/d3cdda6f06e006695550ea94201d0e31/execute/async - {"script":"<script> [189 bytes]","args":[]}
RESULT: {"script":"<script> [189 bytes]","args":[]}
COMMAND: POST /session/d3cdda6f06e006695550ea94201d0e31/execute/async - {"script":"<script> [123 bytes]","args":[]}
RESULT: {"script":"<script> [123 bytes]","args":[]}
COMMAND: POST /session/d3cdda6f06e006695550ea94201d0e31/timeouts - {"script":"<number>"}
RESULT: {"script":"<number>"}
COMMAND: GET /session/d3cdda6f06e006695550ea94201d0e31/timeouts - {}
RESULT: {}
RESULT: undefined
COMMAND: POST /session/d3cdda6f06e006695550ea94201d0e31/execute/async - {"script":"<script> [2676 bytes]","args":[]}
RESULT: {"script":"<script> [2676 bytes]","args":[]}
COMMAND: POST /session/d3cdda6f06e006695550ea94201d0e31/execute/async - {"script":"<script> [2342 bytes]","args":[{"protocol":"http","hostname":"0.0.0.0","path":"/","capabilities":{"browserName":"chrome","goog:chromeOptions":{"binary":"C:\\Program Files\\Google\\Chrome\\Application\\chrome.exe","args":["--start-maximized"]}},"logLevel":"warn","connectionRetryTimeout":120000,"connectionRetryCount":3,"logLevels":{},"enableDirectConnect":true,"strictSSL":true,"_":"65 more keys: [\"cacheDir\",\"port\",\"requestedCapabilities\",\"automationProtocol\",\"baseUrl\",\"waitforInterval\",\"waitforTimeout\",\"onReload\",\"beforeCommand\",\"afterCommand\",\"rootDir\",\"specs\",\"suites\",\"exclude\",\"groupLogsByTestSpec\",\"excludeDriverLogs\",\"bail\",\"framework\",\"reporters\",\"services\",\"maxInstances\",\"maxInstancesPerCapability\",\"injectGlobals\",\"filesToWatch\",\"execArgv\",\"runnerEnv\",\"runner\",\"shard\",\"specFileRetries\",\"specFileRetriesDelay\",\"specFileRetriesDeferred\",\"reporterSyncInterval\",\"reporterSyncTimeout\",\"cucumberFeaturesWithLineNumbers\",\"autoCompileOpts\",\"mochaOpts\",\"jasmineOpts\",\"cucumberOpts\",\"onPrepare\",\"onWorkerStart\",\"onWorkerEnd\",\"before\",\"beforeSession\",\"beforeSuite\",\"beforeHook\",\"beforeTest\",\"afterTest\",\"afterHook\",\"afterSuite\",\"afterSession\",\"after\",\"onComplete\",\"beforeAssertion\",\"afterAssertion\",\"beforeFeature\",\"beforeScenario\",\"beforeStep\",\"afterStep\",\"afterScenario\",\"afterFeature\",\"_\",\"suite\",\"$0\",\"ignoredWorkerServices\",\"wdi5\"]"}]}
RESULT: {"script":"<script> [2342 bytes]","args":[{"protocol":"http","hostname":"0.0.0.0","path":"/","capabilities":{"browserName":"chrome","goog:chromeOptions":{"binary":"C:\\Program Files\\Google\\Chrome\\Application\\chrome.exe","args":["--start-maximized"]}},"logLevel":"warn","connectionRetryTimeout":120000,"connectionRetryCount":3,"logLevels":{},"enableDirectConnect":true,"strictSSL":true,"_":"65 more keys: [\"cacheDir\",\"port\",\"requestedCapabilities\",\"automationProtocol\",\"baseUrl\",\"waitforInterval\",\"waitforTimeout\",\"onReload\",\"beforeCommand\",\"afterCommand\",\"rootDir\",\"specs\",\"suites\",\"exclude\",\"groupLogsByTestSpec\",\"excludeDriverLogs\",\"bail\",\"framework\",\"reporters\",\"services\",\"maxInstances\",\"maxInstancesPerCapability\",\"injectGlobals\",\"filesToWatch\",\"execArgv\",\"runnerEnv\",\"runner\",\"shard\",\"specFileRetries\",\"specFileRetriesDelay\",\"specFileRetriesDeferred\",\"reporterSyncInterval\",\"reporterSyncTimeout\",\"cucumberFeaturesWithLineNumbers\",\"autoCompileOpts\",\"mochaOpts\",\"jasmineOpts\",\"cucumberOpts\",\"onPrepare\",\"onWorkerStart\",\"onWorkerEnd\",\"before\",\"beforeSession\",\"beforeSuite\",\"beforeHook\",\"beforeTest\",\"afterTest\",\"afterHook\",\"afterSuite\",\"afterSession\",\"after\",\"onComplete\",\"beforeAssertion\",\"afterAssertion\",\"beforeFeature\",\"beforeScenario\",\"beforeStep\",\"afterStep\",\"afterScenario\",\"afterFeature\",\"_\",\"suite\",\"$0\",\"ignoredWorkerServices\",\"wdi5\"]"}]}
COMMAND: POST /session/d3cdda6f06e006695550ea94201d0e31/execute/async - {"script":"<script> [21126 bytes]","args":[35000]}
RESULT: {"script":"<script> [21126 bytes]","args":[35000]}
]]></system-out>
    </testcase>
  </testsuite>
  <testsuite timestamp="2025-05-21T06:35:04" time="1246.273" tests="20" failures="0" errors="0" skipped="0">
    <properties>
      <property name="specId" value="0" />
      <property name="suiteName" value="Billing Calculation - Time based (considering transport times) US139738" />
      <property name="capabilities" value="chrome.136_0_7103_93.windows" />
      <property name="file" value="file:///D:/a/1/s/test/specs/BTS/billing-calculation-transp-times.spec.js" />
    </properties>
    <testcase classname="chrome.136_0_7103_93.windows.Billing_Calculation_-_Time_based_(considering_transport_times)_US139738" name="Should create a new yard" time="0.009">
      <system-out><![CDATA[
COMMAND: POST /session/d3cdda6f06e006695550ea94201d0e31/window/fullscreen - {}
RESULT: {}
]]></system-out>
    </testcase>
    <testcase classname="chrome.136_0_7103_93.windows.Billing_Calculation_-_Time_based_(considering_transport_times)_US139738" name="Should create a new partner" time="0.003" />
    <testcase classname="chrome.136_0_7103_93.windows.Billing_Calculation_-_Time_based_(considering_transport_times)_US139738" name="Should create a new site" time="0.003" />
    <testcase classname="chrome.136_0_7103_93.windows.Billing_Calculation_-_Time_based_(considering_transport_times)_US139738" name="Should create the equipment" time="124.128">
      <system-out><![CDATA[
COMMAND: POST /session/d3cdda6f06e006695550ea94201d0e31/execute/async - {"script":"<script> [1562 bytes]","args":[{"selector":{"controlType":"sap.m.GenericTile","properties":{"header":"Manage Resources"}},"wdio_ui5_key":"sapm.GenericTile{\"header\":\"Manage Resources\"}"}]}
RESULT: {"script":"<script> [1562 bytes]","args":[{"selector":{"controlType":"sap.m.GenericTile","properties":{"header":"Manage Resources"}},"wdio_ui5_key":"sapm.GenericTile{\"header\":\"Manage Resources\"}"}]}
RESULT: undefined
COMMAND: POST /session/d3cdda6f06e006695550ea94201d0e31/element - {"using":"xpath","value":"//*[@id=\"__tile39\"]"}
RESULT: {"using":"xpath","value":"//*[@id=\"__tile39\"]"}
COMMAND: POST /session/d3cdda6f06e006695550ea94201d0e31/element/f.CF3EA173C6DD6742E6FF2C1FCC3ADAA5.d.83F743E422E802F46F4E1735CC858424.e.19279/click - {}
RESULT: {}
COMMAND: GET /session/d3cdda6f06e006695550ea94201d0e31/screenshot - {}
RESULT: {}
COMMAND: POST /session/d3cdda6f06e006695550ea94201d0e31/elements - {"using":"xpath","value":"//span[text()='Error']"}
RESULT: {"using":"xpath","value":"//span[text()='Error']"}
COMMAND: POST /session/d3cdda6f06e006695550ea94201d0e31/element - {"using":"xpath","value":"//button[@data-kt=\"addNewRUOverflowToolbarButton\"]"}
RESULT: {"using":"xpath","value":"//button[@data-kt=\"addNewRUOverflowToolbarButton\"]"}
COMMAND: POST /session/d3cdda6f06e006695550ea94201d0e31/elements - {"using":"xpath","value":"//button[@data-kt=\"addNewRUOverflowToolbarButton\"]"}
RESULT: {"using":"xpath","value":"//button[@data-kt=\"addNewRUOverflowToolbarButton\"]"}
COMMAND: POST /session/d3cdda6f06e006695550ea94201d0e31/execute/sync - {"script":"<script> [8489 bytes]","args":[{"element-6066-11e4-a52e-4f735466cecf":"f.CF3EA173C6DD6742E6FF2C1FCC3ADAA5.d.83F743E422E802F46F4E1735CC858424.e.19410","ELEMENT":"f.CF3EA173C6DD6742E6FF2C1FCC3ADAA5.d.83F743E422E802F46F4E1735CC858424.e.19410"}]}
RESULT: {"script":"<script> [8489 bytes]","args":[{"element-6066-11e4-a52e-4f735466cecf":"f.CF3EA173C6DD6742E6FF2C1FCC3ADAA5.d.83F743E422E802F46F4E1735CC858424.e.19410","ELEMENT":"f.CF3EA173C6DD6742E6FF2C1FCC3ADAA5.d.83F743E422E802F46F4E1735CC858424.e.19410"}]}
COMMAND: GET /session/d3cdda6f06e006695550ea94201d0e31/element/f.CF3EA173C6DD6742E6FF2C1FCC3ADAA5.d.83F743E422E802F46F4E1735CC858424.e.19410/enabled - {}
COMMAND: GET /session/d3cdda6f06e006695550ea94201d0e31/screenshot - {}
RESULT: {}
COMMAND: POST /session/d3cdda6f06e006695550ea94201d0e31/execute/sync - {"script":"<script> [8489 bytes]","args":[{"element-6066-11e4-a52e-4f735466cecf":"f.CF3EA173C6DD6742E6FF2C1FCC3ADAA5.d.83F743E422E802F46F4E1735CC858424.e.19410","ELEMENT":"f.CF3EA173C6DD6742E6FF2C1FCC3ADAA5.d.83F743E422E802F46F4E1735CC858424.e.19410"}]}
COMMAND: GET /session/d3cdda6f06e006695550ea94201d0e31/screenshot - {}
RESULT: {}
RESULT: {"script":"<script> [8489 bytes]","args":[{"element-6066-11e4-a52e-4f735466cecf":"f.CF3EA173C6DD6742E6FF2C1FCC3ADAA5.d.83F743E422E802F46F4E1735CC858424.e.19410","ELEMENT":"f.CF3EA173C6DD6742E6FF2C1FCC3ADAA5.d.83F743E422E802F46F4E1735CC858424.e.19410"}]}
COMMAND: POST /session/d3cdda6f06e006695550ea94201d0e31/execute/sync - {"script":"<script> [5351 bytes]","args":[{"element-6066-11e4-a52e-4f735466cecf":"f.CF3EA173C6DD6742E6FF2C1FCC3ADAA5.d.83F743E422E802F46F4E1735CC858424.e.19410","ELEMENT":"f.CF3EA173C6DD6742E6FF2C1FCC3ADAA5.d.83F743E422E802F46F4E1735CC858424.e.19410"}]}
COMMAND: GET /session/d3cdda6f06e006695550ea94201d0e31/screenshot - {}
RESULT: {}
RESULT: {"script":"<script> [5351 bytes]","args":[{"element-6066-11e4-a52e-4f735466cecf":"f.CF3EA173C6DD6742E6FF2C1FCC3ADAA5.d.83F743E422E802F46F4E1735CC858424.e.19410","ELEMENT":"f.CF3EA173C6DD6742E6FF2C1FCC3ADAA5.d.83F743E422E802F46F4E1735CC858424.e.19410"}]}
COMMAND: POST /session/d3cdda6f06e006695550ea94201d0e31/element/f.CF3EA173C6DD6742E6FF2C1FCC3ADAA5.d.83F743E422E802F46F4E1735CC858424.e.19410/click - {}
COMMAND: GET /session/d3cdda6f06e006695550ea94201d0e31/screenshot - {}
RESULT: {}
RESULT: {}
COMMAND: GET /session/d3cdda6f06e006695550ea94201d0e31/screenshot - {}
RESULT: {}
RESULT: {}
COMMAND: POST /session/d3cdda6f06e006695550ea94201d0e31/execute/async - {"script":"<script> [1562 bytes]","args":[{"selector":{"id":"application-manageresources-display-component---newResourceUnit--TYPE-arrow"},"wdio_ui5_key":"applicationmanageresources-display-component---newResourceUnit--TYPE-arrow"}]}
RESULT: {"script":"<script> [1562 bytes]","args":[{"selector":{"id":"application-manageresources-display-component---newResourceUnit--TYPE-arrow"},"wdio_ui5_key":"applicationmanageresources-display-component---newResourceUnit--TYPE-arrow"}]}
RESULT: undefined
COMMAND: POST /session/d3cdda6f06e006695550ea94201d0e31/element - {"using":"xpath","value":"//*[@id=\"application-manageresources-display-component---newResourceUnit--TYPE-arrow\"]"}
RESULT: {"using":"xpath","value":"//*[@id=\"application-manageresources-display-component---newResourceUnit--TYPE-arrow\"]"}
COMMAND: POST /session/d3cdda6f06e006695550ea94201d0e31/element/f.CF3EA173C6DD6742E6FF2C1FCC3ADAA5.d.83F743E422E802F46F4E1735CC858424.e.19778/click - {}
RESULT: {}
COMMAND: POST /session/d3cdda6f06e006695550ea94201d0e31/element - {"using":"xpath","value":"//input[@id=\"application-manageresources-display-component---newResourceUnit--TYPE-inner\"]"}
COMMAND: GET /session/d3cdda6f06e006695550ea94201d0e31/screenshot - {}
RESULT: {"using":"xpath","value":"//input[@id=\"application-manageresources-display-component---newResourceUnit--TYPE-inner\"]"}
COMMAND: POST /session/d3cdda6f06e006695550ea94201d0e31/element/f.CF3EA173C6DD6742E6FF2C1FCC3ADAA5.d.83F743E422E802F46F4E1735CC858424.e.19756/clear - {}
RESULT: {}
RESULT: {}
COMMAND: POST /session/d3cdda6f06e006695550ea94201d0e31/element/f.CF3EA173C6DD6742E6FF2C1FCC3ADAA5.d.83F743E422E802F46F4E1735CC858424.e.19756/value - {"text":"Equipment"}
COMMAND: GET /session/d3cdda6f06e006695550ea94201d0e31/screenshot - {}
RESULT: {"text":"Equipment"}
COMMAND: GET /session/d3cdda6f06e006695550ea94201d0e31/screenshot - {}
RESULT: {}
RESULT: {}
COMMAND: POST /session/d3cdda6f06e006695550ea94201d0e31/actions - {"actions":[{"id":"action66","type":"key","parameters":{},"actions":[{"type":"keyDown","value":"î€‡"},{"type":"pause","duration":10},{"type":"keyUp","value":"î€‡"}]}]}
RESULT: {"actions":[{"id":"action66","type":"key","parameters":{},"actions":[{"type":"keyDown","value":"î€‡"},{"type":"pause","duration":10},{"type":"keyUp","value":"î€‡"}]}]}
COMMAND: POST /session/d3cdda6f06e006695550ea94201d0e31/execute/async - {"script":"<script> [1562 bytes]","args":[{"selector":{"id":"application-manageresources-display-component---newResourceUnit--resourceId","interaction":{"idSuffix":"inner"}},"wdio_ui5_key":"applicationmanageresources-display-component---newResourceUnit--resourceId"}]}
COMMAND: GET /session/d3cdda6f06e006695550ea94201d0e31/screenshot - {}
RESULT: {"script":"<script> [1562 bytes]","args":[{"selector":{"id":"application-manageresources-display-component---newResourceUnit--resourceId","interaction":{"idSuffix":"inner"}},"wdio_ui5_key":"applicationmanageresources-display-component---newResourceUnit--resourceId"}]}
RESULT: undefined
COMMAND: POST /session/d3cdda6f06e006695550ea94201d0e31/execute/async - {"script":"<script> [776 bytes]","args":[{"enterText":"7OGxiGkaWN","selector":{"id":"application-manageresources-display-component---newResourceUnit--resourceId","interaction":{"idSuffix":"inner"}},"clearTextFirst":true,"interactionType":"ENTER_TEXT"}]}
RESULT: {}
RESULT: {"script":"<script> [776 bytes]","args":[{"enterText":"7OGxiGkaWN","selector":{"id":"application-manageresources-display-component---newResourceUnit--resourceId","interaction":{"idSuffix":"inner"}},"clearTextFirst":true,"interactionType":"ENTER_TEXT"}]}
COMMAND: POST /session/d3cdda6f06e006695550ea94201d0e31/execute/async - {"script":"<script> [1562 bytes]","args":[{"selector":{"id":"application-manageresources-display-component---newResourceUnit--SHORT_TEXT","interaction":{"idSuffix":"inner"}},"wdio_ui5_key":"applicationmanageresources-display-component---newResourceUnit--SHORT_TEXT"}]}
RESULT: {"script":"<script> [1562 bytes]","args":[{"selector":{"id":"application-manageresources-display-component---newResourceUnit--SHORT_TEXT","interaction":{"idSuffix":"inner"}},"wdio_ui5_key":"applicationmanageresources-display-component---newResourceUnit--SHORT_TEXT"}]}
RESULT: undefined
COMMAND: POST /session/d3cdda6f06e006695550ea94201d0e31/execute/async - {"script":"<script> [776 bytes]","args":[{"enterText":"Intercompany Equipment WDIO","selector":{"id":"application-manageresources-display-component---newResourceUnit--SHORT_TEXT","interaction":{"idSuffix":"inner"}},"clearTextFirst":true,"interactionType":"ENTER_TEXT"}]}
RESULT: {"script":"<script> [776 bytes]","args":[{"enterText":"Intercompany Equipment WDIO","selector":{"id":"application-manageresources-display-component---newResourceUnit--SHORT_TEXT","interaction":{"idSuffix":"inner"}},"clearTextFirst":true,"interactionType":"ENTER_TEXT"}]}
COMMAND: POST /session/d3cdda6f06e006695550ea94201d0e31/execute/async - {"script":"<script> [1562 bytes]","args":[{"selector":{"id":"application-manageresources-display-component---newResourceUnit--BASE_UNIT_OF_MEASURE","interaction":{"idSuffix":"inner"}},"wdio_ui5_key":"applicationmanageresources-display-component---newResourceUnit--BASE_UNIT_OF_MEASURE"}]}
RESULT: {"script":"<script> [1562 bytes]","args":[{"selector":{"id":"application-manageresources-display-component---newResourceUnit--BASE_UNIT_OF_MEASURE","interaction":{"idSuffix":"inner"}},"wdio_ui5_key":"applicationmanageresources-display-component---newResourceUnit--BASE_UNIT_OF_MEASURE"}]}
RESULT: undefined
COMMAND: POST /session/d3cdda6f06e006695550ea94201d0e31/execute/async - {"script":"<script> [776 bytes]","args":[{"enterText":"Piece","selector":{"id":"application-manageresources-display-component---newResourceUnit--BASE_UNIT_OF_MEASURE","interaction":{"idSuffix":"inner"}},"clearTextFirst":true,"interactionType":"ENTER_TEXT"}]}
RESULT: {"script":"<script> [776 bytes]","args":[{"enterText":"Piece","selector":{"id":"application-manageresources-display-component---newResourceUnit--BASE_UNIT_OF_MEASURE","interaction":{"idSuffix":"inner"}},"clearTextFirst":true,"interactionType":"ENTER_TEXT"}]}
COMMAND: POST /session/d3cdda6f06e006695550ea94201d0e31/execute/async - {"script":"<script> [1562 bytes]","args":[{"selector":{"id":"application-manageresources-display-component---newResourceUnit--WEIGHT_UNIT","interaction":{"idSuffix":"inner"}},"wdio_ui5_key":"applicationmanageresources-display-component---newResourceUnit--WEIGHT_UNIT"}]}
RESULT: {"script":"<script> [1562 bytes]","args":[{"selector":{"id":"application-manageresources-display-component---newResourceUnit--WEIGHT_UNIT","interaction":{"idSuffix":"inner"}},"wdio_ui5_key":"applicationmanageresources-display-component---newResourceUnit--WEIGHT_UNIT"}]}
RESULT: undefined
COMMAND: POST /session/d3cdda6f06e006695550ea94201d0e31/execute/async - {"script":"<script> [776 bytes]","args":[{"enterText":"Gram","selector":{"id":"application-manageresources-display-component---newResourceUnit--WEIGHT_UNIT","interaction":{"idSuffix":"inner"}},"clearTextFirst":true,"interactionType":"ENTER_TEXT"}]}
RESULT: {"script":"<script> [776 bytes]","args":[{"enterText":"Gram","selector":{"id":"application-manageresources-display-component---newResourceUnit--WEIGHT_UNIT","interaction":{"idSuffix":"inner"}},"clearTextFirst":true,"interactionType":"ENTER_TEXT"}]}
COMMAND: POST /session/d3cdda6f06e006695550ea94201d0e31/execute/async - {"script":"<script> [1562 bytes]","args":[{"selector":{"id":"application-manageresources-display-component---newResourceUnit--DIMENSION_UNIT","interaction":{"idSuffix":"inner"}},"wdio_ui5_key":"applicationmanageresources-display-component---newResourceUnit--DIMENSION_UNIT"}]}
RESULT: {"script":"<script> [1562 bytes]","args":[{"selector":{"id":"application-manageresources-display-component---newResourceUnit--DIMENSION_UNIT","interaction":{"idSuffix":"inner"}},"wdio_ui5_key":"applicationmanageresources-display-component---newResourceUnit--DIMENSION_UNIT"}]}
RESULT: undefined
COMMAND: POST /session/d3cdda6f06e006695550ea94201d0e31/execute/async - {"script":"<script> [776 bytes]","args":[{"enterText":"Meter","selector":{"id":"application-manageresources-display-component---newResourceUnit--DIMENSION_UNIT","interaction":{"idSuffix":"inner"}},"clearTextFirst":true,"interactionType":"ENTER_TEXT"}]}
RESULT: {"script":"<script> [776 bytes]","args":[{"enterText":"Meter","selector":{"id":"application-manageresources-display-component---newResourceUnit--DIMENSION_UNIT","interaction":{"idSuffix":"inner"}},"clearTextFirst":true,"interactionType":"ENTER_TEXT"}]}
COMMAND: POST /session/d3cdda6f06e006695550ea94201d0e31/execute/async - {"script":"<script> [1562 bytes]","args":[{"selector":{"id":"application-manageresources-display-component---newResourceUnit--newRRUPage-anchBar-application-manageresources-display-component---newResourceUnit--control-anchor","interaction":{"idSuffix":"BDI-content"}},"wdio_ui5_key":"applicationmanageresources-display-component---newResourceUnit--newRRUPage-anchBar-application-manageresources-display-component---newResourceUnit--control-anchor"}]}
RESULT: {"script":"<script> [1562 bytes]","args":[{"selector":{"id":"application-manageresources-display-component---newResourceUnit--newRRUPage-anchBar-application-manageresources-display-component---newResourceUnit--control-anchor","interaction":{"idSuffix":"BDI-content"}},"wdio_ui5_key":"applicationmanageresources-display-component---newResourceUnit--newRRUPage-anchBar-application-manageresources-display-component---newResourceUnit--control-anchor"}]}
RESULT: undefined
COMMAND: POST /session/d3cdda6f06e006695550ea94201d0e31/element - {"using":"xpath","value":"//*[@id=\"application-manageresources-display-component---newResourceUnit--newRRUPage-anchBar-application-manageresources-display-component---newResourceUnit--control-anchor\"]"}
RESULT: {"using":"xpath","value":"//*[@id=\"application-manageresources-display-component---newResourceUnit--newRRUPage-anchBar-application-manageresources-display-component---newResourceUnit--control-anchor\"]"}
COMMAND: POST /session/d3cdda6f06e006695550ea94201d0e31/element/f.CF3EA173C6DD6742E6FF2C1FCC3ADAA5.d.83F743E422E802F46F4E1735CC858424.e.19910/click - {}
RESULT: {}
COMMAND: POST /session/d3cdda6f06e006695550ea94201d0e31/execute/async - {"script":"<script> [1562 bytes]","args":[{"selector":{"id":"application-manageresources-display-component---newResourceUnit--PLANNING_GROUP","interaction":{"idSuffix":"inner"}},"wdio_ui5_key":"applicationmanageresources-display-component---newResourceUnit--PLANNING_GROUP"}]}
COMMAND: GET /session/d3cdda6f06e006695550ea94201d0e31/screenshot - {}
RESULT: {"script":"<script> [1562 bytes]","args":[{"selector":{"id":"application-manageresources-display-component---newResourceUnit--PLANNING_GROUP","interaction":{"idSuffix":"inner"}},"wdio_ui5_key":"applicationmanageresources-display-component---newResourceUnit--PLANNING_GROUP"}]}
RESULT: undefined
COMMAND: POST /session/d3cdda6f06e006695550ea94201d0e31/execute/async - {"script":"<script> [776 bytes]","args":[{"enterText":"Heavy Equi","selector":{"id":"application-manageresources-display-component---newResourceUnit--PLANNING_GROUP","interaction":{"idSuffix":"inner"}},"clearTextFirst":true,"interactionType":"ENTER_TEXT"}]}
RESULT: {}
RESULT: {"script":"<script> [776 bytes]","args":[{"enterText":"Heavy Equi","selector":{"id":"application-manageresources-display-component---newResourceUnit--PLANNING_GROUP","interaction":{"idSuffix":"inner"}},"clearTextFirst":true,"interactionType":"ENTER_TEXT"}]}
COMMAND: POST /session/d3cdda6f06e006695550ea94201d0e31/execute/async - {"script":"<script> [1562 bytes]","args":[{"selector":{"id":"application-manageresources-display-component---newResourceUnit--ITEM_TYPE-arrow"},"wdio_ui5_key":"applicationmanageresources-display-component---newResourceUnit--ITEM_TYPE-arrow"}]}
RESULT: {"script":"<script> [1562 bytes]","args":[{"selector":{"id":"application-manageresources-display-component---newResourceUnit--ITEM_TYPE-arrow"},"wdio_ui5_key":"applicationmanageresources-display-component---newResourceUnit--ITEM_TYPE-arrow"}]}
RESULT: undefined
COMMAND: POST /session/d3cdda6f06e006695550ea94201d0e31/element - {"using":"xpath","value":"//*[@id=\"application-manageresources-display-component---newResourceUnit--ITEM_TYPE-arrow\"]"}
RESULT: {"using":"xpath","value":"//*[@id=\"application-manageresources-display-component---newResourceUnit--ITEM_TYPE-arrow\"]"}
COMMAND: POST /session/d3cdda6f06e006695550ea94201d0e31/element/f.CF3EA173C6DD6742E6FF2C1FCC3ADAA5.d.83F743E422E802F46F4E1735CC858424.e.19917/click - {}
RESULT: {}
COMMAND: POST /session/d3cdda6f06e006695550ea94201d0e31/element - {"using":"xpath","value":"(//span[contains(text(), \"Resource Unit\")])[2]"}
COMMAND: GET /session/d3cdda6f06e006695550ea94201d0e31/screenshot - {}
RESULT: {"using":"xpath","value":"(//span[contains(text(), \"Resource Unit\")])[2]"}
COMMAND: POST /session/d3cdda6f06e006695550ea94201d0e31/element/f.CF3EA173C6DD6742E6FF2C1FCC3ADAA5.d.83F743E422E802F46F4E1735CC858424.e.19918/click - {}
RESULT: {}
RESULT: {}
COMMAND: GET /session/d3cdda6f06e006695550ea94201d0e31/screenshot - {}
RESULT: {}
COMMAND: POST /session/d3cdda6f06e006695550ea94201d0e31/element - {"using":"css selector","value":"#application-manageresources-display-component---newResourceUnit--btnAddTimeSegment"}
RESULT: {"using":"css selector","value":"#application-manageresources-display-component---newResourceUnit--btnAddTimeSegment"}
COMMAND: GET /session/d3cdda6f06e006695550ea94201d0e31/element/f.CF3EA173C6DD6742E6FF2C1FCC3ADAA5.d.83F743E422E802F46F4E1735CC858424.e.19919/rect - {}
RESULT: {}
COMMAND: GET /session/d3cdda6f06e006695550ea94201d0e31/window/rect - {}
RESULT: {}
COMMAND: POST /session/d3cdda6f06e006695550ea94201d0e31/execute/sync - {"script":"<script> [92 bytes]","args":[]}
RESULT: {"script":"<script> [92 bytes]","args":[]}
COMMAND: POST /session/d3cdda6f06e006695550ea94201d0e31/actions - {"actions":[{"id":"action67","type":"wheel","parameters":{},"actions":[{"type":"scroll","x":-1888,"y":-32,"deltaX":0,"deltaY":0,"duration":0,"origin":{"element-6066-11e4-a52e-4f735466cecf":"f.CF3EA173C6DD6742E6FF2C1FCC3ADAA5.d.83F743E422E802F46F4E1735CC858424.e.19919"}}]}]}
COMMAND: GET /session/d3cdda6f06e006695550ea94201d0e31/screenshot - {}
RESULT: {}
COMMAND: POST /session/d3cdda6f06e006695550ea94201d0e31/execute/sync - {"script":"<script> [79 bytes]","args":[{"element-6066-11e4-a52e-4f735466cecf":"f.CF3EA173C6DD6742E6FF2C1FCC3ADAA5.d.83F743E422E802F46F4E1735CC858424.e.19919","ELEMENT":"f.CF3EA173C6DD6742E6FF2C1FCC3ADAA5.d.83F743E422E802F46F4E1735CC858424.e.19919"},{"block":"start","inline":"nearest"}]}
RESULT: {"script":"<script> [79 bytes]","args":[{"element-6066-11e4-a52e-4f735466cecf":"f.CF3EA173C6DD6742E6FF2C1FCC3ADAA5.d.83F743E422E802F46F4E1735CC858424.e.19919","ELEMENT":"f.CF3EA173C6DD6742E6FF2C1FCC3ADAA5.d.83F743E422E802F46F4E1735CC858424.e.19919"},{"block":"start","inline":"nearest"}]}
COMMAND: POST /session/d3cdda6f06e006695550ea94201d0e31/execute/async - {"script":"<script> [1562 bytes]","args":[{"selector":{"id":"application-manageresources-display-component---newResourceUnit--btnAddTimeSegment","interaction":{"idSuffix":"inner"}},"wdio_ui5_key":"applicationmanageresources-display-component---newResourceUnit--btnAddTimeSegment"}]}
COMMAND: GET /session/d3cdda6f06e006695550ea94201d0e31/screenshot - {}
RESULT: {"script":"<script> [1562 bytes]","args":[{"selector":{"id":"application-manageresources-display-component---newResourceUnit--btnAddTimeSegment","interaction":{"idSuffix":"inner"}},"wdio_ui5_key":"applicationmanageresources-display-component---newResourceUnit--btnAddTimeSegment"}]}
RESULT: undefined
COMMAND: POST /session/d3cdda6f06e006695550ea94201d0e31/element - {"using":"xpath","value":"//*[@id=\"application-manageresources-display-component---newResourceUnit--btnAddTimeSegment\"]"}
RESULT: {}
RESULT: {"using":"xpath","value":"//*[@id=\"application-manageresources-display-component---newResourceUnit--btnAddTimeSegment\"]"}
COMMAND: POST /session/d3cdda6f06e006695550ea94201d0e31/element/f.CF3EA173C6DD6742E6FF2C1FCC3ADAA5.d.83F743E422E802F46F4E1735CC858424.e.19919/click - {}
RESULT: {}
COMMAND: GET /session/d3cdda6f06e006695550ea94201d0e31/screenshot - {}
RESULT: {}
COMMAND: POST /session/d3cdda6f06e006695550ea94201d0e31/element - {"using":"xpath","value":"//input[@id=\"application-manageresources-display-component---newResourceUnit--idRuTSAdmin-application-manageresources-display-component---newResourceUnit--RUTimeSegment-0-inner\"]"}
RESULT: {"using":"xpath","value":"//input[@id=\"application-manageresources-display-component---newResourceUnit--idRuTSAdmin-application-manageresources-display-component---newResourceUnit--RUTimeSegment-0-inner\"]"}
COMMAND: POST /session/d3cdda6f06e006695550ea94201d0e31/element/f.CF3EA173C6DD6742E6FF2C1FCC3ADAA5.d.83F743E422E802F46F4E1735CC858424.e.19925/clear - {}
RESULT: {}
COMMAND: POST /session/d3cdda6f06e006695550ea94201d0e31/element/f.CF3EA173C6DD6742E6FF2C1FCC3ADAA5.d.83F743E422E802F46F4E1735CC858424.e.19925/value - {"text":"619"}
COMMAND: GET /session/d3cdda6f06e006695550ea94201d0e31/screenshot - {}
RESULT: {"text":"619"}
COMMAND: GET /session/d3cdda6f06e006695550ea94201d0e31/screenshot - {}
RESULT: {}
RESULT: {}
COMMAND: POST /session/d3cdda6f06e006695550ea94201d0e31/element - {"using":"xpath","value":"//li[.//span[text()='619']]"}
RESULT: {"using":"xpath","value":"//li[.//span[text()='619']]"}
COMMAND: POST /session/d3cdda6f06e006695550ea94201d0e31/element/f.CF3EA173C6DD6742E6FF2C1FCC3ADAA5.d.83F743E422E802F46F4E1735CC858424.e.19937/click - {}
RESULT: {}
COMMAND: GET /session/d3cdda6f06e006695550ea94201d0e31/screenshot - {}
RESULT: {}
COMMAND: POST /session/d3cdda6f06e006695550ea94201d0e31/element - {"using":"xpath","value":"(//span[contains(@id, \"-application-manageresources-display-component---newResourceUnit--RUTimeSegment-0-arrow\")])[6]"}
RESULT: {"using":"xpath","value":"(//span[contains(@id, \"-application-manageresources-display-component---newResourceUnit--RUTimeSegment-0-arrow\")])[6]"}
COMMAND: POST /session/d3cdda6f06e006695550ea94201d0e31/element/f.CF3EA173C6DD6742E6FF2C1FCC3ADAA5.d.83F743E422E802F46F4E1735CC858424.e.19938/click - {}
RESULT: {}
COMMAND: GET /session/d3cdda6f06e006695550ea94201d0e31/screenshot - {}
RESULT: {}
COMMAND: POST /session/d3cdda6f06e006695550ea94201d0e31/element - {"using":"xpath","value":"//span[contains(text(), \"PM Order\")]"}
RESULT: {"using":"xpath","value":"//span[contains(text(), \"PM Order\")]"}
COMMAND: POST /session/d3cdda6f06e006695550ea94201d0e31/element/f.CF3EA173C6DD6742E6FF2C1FCC3ADAA5.d.83F743E422E802F46F4E1735CC858424.e.19941/click - {}
RESULT: {}
COMMAND: GET /session/d3cdda6f06e006695550ea94201d0e31/screenshot - {}
RESULT: {}
COMMAND: POST /session/d3cdda6f06e006695550ea94201d0e31/element - {"using":"xpath","value":"(//span[contains(@id ,\"manageresources-display-component---newResourceUnit--RUTimeSegment-0-vhi\")])[1]"}
RESULT: {"using":"xpath","value":"(//span[contains(@id ,\"manageresources-display-component---newResourceUnit--RUTimeSegment-0-vhi\")])[1]"}
COMMAND: GET /session/d3cdda6f06e006695550ea94201d0e31/element/f.CF3EA173C6DD6742E6FF2C1FCC3ADAA5.d.83F743E422E802F46F4E1735CC858424.e.19945/rect - {}
RESULT: {}
COMMAND: GET /session/d3cdda6f06e006695550ea94201d0e31/window/rect - {}
RESULT: {}
COMMAND: POST /session/d3cdda6f06e006695550ea94201d0e31/execute/sync - {"script":"<script> [92 bytes]","args":[]}
RESULT: {"script":"<script> [92 bytes]","args":[]}
COMMAND: POST /session/d3cdda6f06e006695550ea94201d0e31/actions - {"actions":[{"id":"action68","type":"wheel","parameters":{},"actions":[{"type":"scroll","x":-869,"y":-24,"deltaX":0,"deltaY":0,"duration":0,"origin":{"element-6066-11e4-a52e-4f735466cecf":"f.CF3EA173C6DD6742E6FF2C1FCC3ADAA5.d.83F743E422E802F46F4E1735CC858424.e.19945"}}]}]}
COMMAND: GET /session/d3cdda6f06e006695550ea94201d0e31/screenshot - {}
RESULT: {"actions":[{"id":"action68","type":"wheel","parameters":{},"actions":[{"type":"scroll","x":-869,"y":-24,"deltaX":0,"deltaY":0,"duration":0,"origin":{"element-6066-11e4-a52e-4f735466cecf":"f.CF3EA173C6DD6742E6FF2C1FCC3ADAA5.d.83F743E422E802F46F4E1735CC858424.e.19945"}}]}]}
COMMAND: DELETE /session/d3cdda6f06e006695550ea94201d0e31/actions - {}
COMMAND: GET /session/d3cdda6f06e006695550ea94201d0e31/screenshot - {}
RESULT: {}
RESULT: {}
RESULT: {}
COMMAND: GET /session/d3cdda6f06e006695550ea94201d0e31/screenshot - {}
RESULT: {}
COMMAND: POST /session/d3cdda6f06e006695550ea94201d0e31/element/f.CF3EA173C6DD6742E6FF2C1FCC3ADAA5.d.83F743E422E802F46F4E1735CC858424.e.19945/click - {}
RESULT: {}
COMMAND: GET /session/d3cdda6f06e006695550ea94201d0e31/screenshot - {}
RESULT: {}
COMMAND: POST /session/d3cdda6f06e006695550ea94201d0e31/execute/async - {"script":"<script> [1562 bytes]","args":[{"selector":{"controlType":"sap.m.SearchField","properties":{"placeholder":"Search"},"searchOpenDialogs":true,"interaction":{"idSuffix":"I"}},"wdio_ui5_key":"sapm.SearchField{\"placeholder\":\"Search\"}"}]}
RESULT: {"script":"<script> [1562 bytes]","args":[{"selector":{"controlType":"sap.m.SearchField","properties":{"placeholder":"Search"},"searchOpenDialogs":true,"interaction":{"idSuffix":"I"}},"wdio_ui5_key":"sapm.SearchField{\"placeholder\":\"Search\"}"}]}
RESULT: undefined
COMMAND: POST /session/d3cdda6f06e006695550ea94201d0e31/execute/async - {"script":"<script> [776 bytes]","args":[{"enterText":"4000360","selector":{"controlType":"sap.m.SearchField","properties":{"placeholder":"Search"},"searchOpenDialogs":true,"interaction":{"idSuffix":"I"}},"clearTextFirst":true,"interactionType":"ENTER_TEXT"}]}
RESULT: {"script":"<script> [776 bytes]","args":[{"enterText":"4000360","selector":{"controlType":"sap.m.SearchField","properties":{"placeholder":"Search"},"searchOpenDialogs":true,"interaction":{"idSuffix":"I"}},"clearTextFirst":true,"interactionType":"ENTER_TEXT"}]}
COMMAND: POST /session/d3cdda6f06e006695550ea94201d0e31/actions - {"actions":[{"id":"action69","type":"key","parameters":{},"actions":[{"type":"keyDown","value":"î€‡"},{"type":"pause","duration":10},{"type":"keyUp","value":"î€‡"}]}]}
RESULT: {"actions":[{"id":"action69","type":"key","parameters":{},"actions":[{"type":"keyDown","value":"î€‡"},{"type":"pause","duration":10},{"type":"keyUp","value":"î€‡"}]}]}
COMMAND: GET /session/d3cdda6f06e006695550ea94201d0e31/screenshot - {}
RESULT: {}
COMMAND: POST /session/d3cdda6f06e006695550ea94201d0e31/element - {"using":"xpath","value":"//td/div/span[contains(text(), \"BGL Vehicles\")]"}
RESULT: {"using":"xpath","value":"//td/div/span[contains(text(), \"BGL Vehicles\")]"}
COMMAND: POST /session/d3cdda6f06e006695550ea94201d0e31/element/f.CF3EA173C6DD6742E6FF2C1FCC3ADAA5.d.83F743E422E802F46F4E1735CC858424.e.19967/click - {}
RESULT: {}
COMMAND: GET /session/d3cdda6f06e006695550ea94201d0e31/screenshot - {}
RESULT: {}
COMMAND: POST /session/d3cdda6f06e006695550ea94201d0e31/element - {"using":"xpath","value":"//bdi[contains(text(), \"OK\")]"}
RESULT: {"using":"xpath","value":"//bdi[contains(text(), \"OK\")]"}
COMMAND: POST /session/d3cdda6f06e006695550ea94201d0e31/element/f.CF3EA173C6DD6742E6FF2C1FCC3ADAA5.d.83F743E422E802F46F4E1735CC858424.e.19968/click - {}
RESULT: {}
COMMAND: GET /session/d3cdda6f06e006695550ea94201d0e31/screenshot - {}
RESULT: {}
COMMAND: POST /session/d3cdda6f06e006695550ea94201d0e31/execute/async - {"script":"<script> [1562 bytes]","args":[{"selector":{"id":"application-manageresources-display-component---newResourceUnit--newRRUPage-anchBar-application-manageresources-display-component---newResourceUnit--resource-anchor","interaction":{"idSuffix":"BDI-content"}},"wdio_ui5_key":"applicationmanageresources-display-component---newResourceUnit--newRRUPage-anchBar-application-manageresources-display-component---newResourceUnit--resource-anchor"}]}
RESULT: {"script":"<script> [1562 bytes]","args":[{"selector":{"id":"application-manageresources-display-component---newResourceUnit--newRRUPage-anchBar-application-manageresources-display-component---newResourceUnit--resource-anchor","interaction":{"idSuffix":"BDI-content"}},"wdio_ui5_key":"applicationmanageresources-display-component---newResourceUnit--newRRUPage-anchBar-application-manageresources-display-component---newResourceUnit--resource-anchor"}]}
RESULT: undefined
COMMAND: POST /session/d3cdda6f06e006695550ea94201d0e31/element - {"using":"xpath","value":"//*[@id=\"application-manageresources-display-component---newResourceUnit--newRRUPage-anchBar-application-manageresources-display-component---newResourceUnit--resource-anchor\"]"}
RESULT: {"using":"xpath","value":"//*[@id=\"application-manageresources-display-component---newResourceUnit--newRRUPage-anchBar-application-manageresources-display-component---newResourceUnit--resource-anchor\"]"}
COMMAND: POST /session/d3cdda6f06e006695550ea94201d0e31/element/f.CF3EA173C6DD6742E6FF2C1FCC3ADAA5.d.83F743E422E802F46F4E1735CC858424.e.19972/click - {}
RESULT: {}
COMMAND: POST /session/d3cdda6f06e006695550ea94201d0e31/execute/async - {"script":"<script> [1562 bytes]","args":[{"selector":{"id":"application-manageresources-display-component---newResourceUnit--PLANNED_DELIVERY_DATE","interaction":{"idSuffix":"inner"}},"wdio_ui5_key":"applicationmanageresources-display-component---newResourceUnit--PLANNED_DELIVERY_DATE"}]}
COMMAND: GET /session/d3cdda6f06e006695550ea94201d0e31/screenshot - {}
RESULT: {"script":"<script> [1562 bytes]","args":[{"selector":{"id":"application-manageresources-display-component---newResourceUnit--PLANNED_DELIVERY_DATE","interaction":{"idSuffix":"inner"}},"wdio_ui5_key":"applicationmanageresources-display-component---newResourceUnit--PLANNED_DELIVERY_DATE"}]}
RESULT: undefined
COMMAND: POST /session/d3cdda6f06e006695550ea94201d0e31/execute/async - {"script":"<script> [6424 bytes]","args":[{"element-6066-11e4-a52e-4f735466cecf":"f.CF3EA173C6DD6742E6FF2C1FCC3ADAA5.d.83F743E422E802F46F4E1735CC858424.e.19835"},"setValue",["5/21/25"]]}
RESULT: {}
RESULT: {"script":"<script> [6424 bytes]","args":[{"element-6066-11e4-a52e-4f735466cecf":"f.CF3EA173C6DD6742E6FF2C1FCC3ADAA5.d.83F743E422E802F46F4E1735CC858424.e.19835"},"setValue",["5/21/25"]]}
COMMAND: POST /session/d3cdda6f06e006695550ea94201d0e31/element - {"using":"xpath","value":"//label[contains(@class, 'sapMLabelRequired') and .//bdi[contains(text(), 'Planned Retirement')]]"}
RESULT: {"using":"xpath","value":"//label[contains(@class, 'sapMLabelRequired') and .//bdi[contains(text(), 'Planned Retirement')]]"}
COMMAND: POST /session/d3cdda6f06e006695550ea94201d0e31/elements - {"using":"xpath","value":"//label[contains(@class, 'sapMLabelRequired') and .//bdi[contains(text(), 'Planned Retirement')]]"}
RESULT: {"using":"xpath","value":"//label[contains(@class, 'sapMLabelRequired') and .//bdi[contains(text(), 'Planned Retirement')]]"}
COMMAND: POST /session/d3cdda6f06e006695550ea94201d0e31/element - {"using":"xpath","value":"//button[@data-kt=\"resourceUnitSaveButton\"]"}
RESULT: {"using":"xpath","value":"//button[@data-kt=\"resourceUnitSaveButton\"]"}
COMMAND: POST /session/d3cdda6f06e006695550ea94201d0e31/element/f.CF3EA173C6DD6742E6FF2C1FCC3ADAA5.d.83F743E422E802F46F4E1735CC858424.e.19795/click - {}
RESULT: {}
COMMAND: GET /session/d3cdda6f06e006695550ea94201d0e31/screenshot - {}
RESULT: {}
COMMAND: POST /session/d3cdda6f06e006695550ea94201d0e31/element - {"using":"xpath","value":"//bdi[contains(text(), \"Close\")]"}
RESULT: {"using":"xpath","value":"//bdi[contains(text(), \"Close\")]"}
COMMAND: POST /session/d3cdda6f06e006695550ea94201d0e31/element/f.CF3EA173C6DD6742E6FF2C1FCC3ADAA5.d.83F743E422E802F46F4E1735CC858424.e.19982/click - {}
RESULT: {}
COMMAND: GET /session/d3cdda6f06e006695550ea94201d0e31/screenshot - {}
RESULT: {}
COMMAND: POST /session/d3cdda6f06e006695550ea94201d0e31/element - {"using":"xpath","value":"(//button[contains(@id ,\"actionsToolbar-overflowButton\")])[1]"}
RESULT: {"using":"xpath","value":"(//button[contains(@id ,\"actionsToolbar-overflowButton\")])[1]"}
COMMAND: POST /session/d3cdda6f06e006695550ea94201d0e31/element/f.CF3EA173C6DD6742E6FF2C1FCC3ADAA5.d.83F743E422E802F46F4E1735CC858424.e.20014/click - {}
RESULT: {}
COMMAND: GET /session/d3cdda6f06e006695550ea94201d0e31/screenshot - {}
RESULT: {}
COMMAND: POST /session/d3cdda6f06e006695550ea94201d0e31/element - {"using":"xpath","value":"//button[@data-kt=\"priceInfoButton\"]"}
RESULT: {"using":"xpath","value":"//button[@data-kt=\"priceInfoButton\"]"}
COMMAND: POST /session/d3cdda6f06e006695550ea94201d0e31/element/f.CF3EA173C6DD6742E6FF2C1FCC3ADAA5.d.83F743E422E802F46F4E1735CC858424.e.20016/click - {}
RESULT: {}
COMMAND: GET /session/d3cdda6f06e006695550ea94201d0e31/screenshot - {}
RESULT: {}
]]></system-out>
    </testcase>
    <testcase classname="chrome.136_0_7103_93.windows.Billing_Calculation_-_Time_based_(considering_transport_times)_US139738" name="Should create new pricing rule for the equipment" time="47.419">
      <system-out><![CDATA[
COMMAND: POST /session/d3cdda6f06e006695550ea94201d0e31/element - {"using":"xpath","value":"//button[@data-kt=\"addButton\"]"}
RESULT: {"using":"xpath","value":"//button[@data-kt=\"addButton\"]"}
COMMAND: POST /session/d3cdda6f06e006695550ea94201d0e31/elements - {"using":"xpath","value":"//button[@data-kt=\"addButton\"]"}
RESULT: {"using":"xpath","value":"//button[@data-kt=\"addButton\"]"}
COMMAND: POST /session/d3cdda6f06e006695550ea94201d0e31/elements - {"using":"xpath","value":"//button[@data-kt=\"addButton\"]"}
RESULT: {"using":"xpath","value":"//button[@data-kt=\"addButton\"]"}
COMMAND: POST /session/d3cdda6f06e006695550ea94201d0e31/element - {"using":"xpath","value":"//button[@data-kt=\"addButton\"]"}
RESULT: {"using":"xpath","value":"//button[@data-kt=\"addButton\"]"}
COMMAND: POST /session/d3cdda6f06e006695550ea94201d0e31/execute/sync - {"script":"<script> [8489 bytes]","args":[{"element-6066-11e4-a52e-4f735466cecf":"f.CF3EA173C6DD6742E6FF2C1FCC3ADAA5.d.83F743E422E802F46F4E1735CC858424.e.20052","ELEMENT":"f.CF3EA173C6DD6742E6FF2C1FCC3ADAA5.d.83F743E422E802F46F4E1735CC858424.e.20052"}]}
RESULT: {"script":"<script> [8489 bytes]","args":[{"element-6066-11e4-a52e-4f735466cecf":"f.CF3EA173C6DD6742E6FF2C1FCC3ADAA5.d.83F743E422E802F46F4E1735CC858424.e.20052","ELEMENT":"f.CF3EA173C6DD6742E6FF2C1FCC3ADAA5.d.83F743E422E802F46F4E1735CC858424.e.20052"}]}
COMMAND: GET /session/d3cdda6f06e006695550ea94201d0e31/element/f.CF3EA173C6DD6742E6FF2C1FCC3ADAA5.d.83F743E422E802F46F4E1735CC858424.e.20052/enabled - {}
COMMAND: GET /session/d3cdda6f06e006695550ea94201d0e31/screenshot - {}
RESULT: {}
COMMAND: POST /session/d3cdda6f06e006695550ea94201d0e31/execute/sync - {"script":"<script> [8489 bytes]","args":[{"element-6066-11e4-a52e-4f735466cecf":"f.CF3EA173C6DD6742E6FF2C1FCC3ADAA5.d.83F743E422E802F46F4E1735CC858424.e.20052","ELEMENT":"f.CF3EA173C6DD6742E6FF2C1FCC3ADAA5.d.83F743E422E802F46F4E1735CC858424.e.20052"}]}
COMMAND: GET /session/d3cdda6f06e006695550ea94201d0e31/screenshot - {}
RESULT: {}
RESULT: {"script":"<script> [8489 bytes]","args":[{"element-6066-11e4-a52e-4f735466cecf":"f.CF3EA173C6DD6742E6FF2C1FCC3ADAA5.d.83F743E422E802F46F4E1735CC858424.e.20052","ELEMENT":"f.CF3EA173C6DD6742E6FF2C1FCC3ADAA5.d.83F743E422E802F46F4E1735CC858424.e.20052"}]}
COMMAND: POST /session/d3cdda6f06e006695550ea94201d0e31/execute/sync - {"script":"<script> [5351 bytes]","args":[{"element-6066-11e4-a52e-4f735466cecf":"f.CF3EA173C6DD6742E6FF2C1FCC3ADAA5.d.83F743E422E802F46F4E1735CC858424.e.20052","ELEMENT":"f.CF3EA173C6DD6742E6FF2C1FCC3ADAA5.d.83F743E422E802F46F4E1735CC858424.e.20052"}]}
COMMAND: GET /session/d3cdda6f06e006695550ea94201d0e31/screenshot - {}
RESULT: {}
RESULT: {"script":"<script> [5351 bytes]","args":[{"element-6066-11e4-a52e-4f735466cecf":"f.CF3EA173C6DD6742E6FF2C1FCC3ADAA5.d.83F743E422E802F46F4E1735CC858424.e.20052","ELEMENT":"f.CF3EA173C6DD6742E6FF2C1FCC3ADAA5.d.83F743E422E802F46F4E1735CC858424.e.20052"}]}
COMMAND: POST /session/d3cdda6f06e006695550ea94201d0e31/element/f.CF3EA173C6DD6742E6FF2C1FCC3ADAA5.d.83F743E422E802F46F4E1735CC858424.e.20052/click - {}
COMMAND: GET /session/d3cdda6f06e006695550ea94201d0e31/screenshot - {}
RESULT: {}
RESULT: {}
COMMAND: GET /session/d3cdda6f06e006695550ea94201d0e31/screenshot - {}
RESULT: {}
RESULT: {}
COMMAND: POST /session/d3cdda6f06e006695550ea94201d0e31/execute/async - {"script":"<script> [1562 bytes]","args":[{"selector":{"controlType":"sap.m.Title","viewName":"etm.portal.ui.managepricingrules.view.NewItem","viewId":"application-managepricingrules-display-component---newInfoPriceItem","properties":{"text":"New Pricing Rules - Item Level"}},"wdio_ui5_key":"etmportal.ui.managepricingrules.view.NewItemsap.m.Title{\"text\":\"New Pricing Rules - Item Level\"}"}]}
RESULT: {"script":"<script> [1562 bytes]","args":[{"selector":{"controlType":"sap.m.Title","viewName":"etm.portal.ui.managepricingrules.view.NewItem","viewId":"application-managepricingrules-display-component---newInfoPriceItem","properties":{"text":"New Pricing Rules - Item Level"}},"wdio_ui5_key":"etmportal.ui.managepricingrules.view.NewItemsap.m.Title{\"text\":\"New Pricing Rules - Item Level\"}"}]}
RESULT: undefined
COMMAND: POST /session/d3cdda6f06e006695550ea94201d0e31/execute/async - {"script":"<script> [6424 bytes]","args":[{"element-6066-11e4-a52e-4f735466cecf":"f.CF3EA173C6DD6742E6FF2C1FCC3ADAA5.d.83F743E422E802F46F4E1735CC858424.e.20224"},"getText",[]]}
RESULT: {"script":"<script> [6424 bytes]","args":[{"element-6066-11e4-a52e-4f735466cecf":"f.CF3EA173C6DD6742E6FF2C1FCC3ADAA5.d.83F743E422E802F46F4E1735CC858424.e.20224"},"getText",[]]}
COMMAND: POST /session/d3cdda6f06e006695550ea94201d0e31/execute/async - {"script":"<script> [1562 bytes]","args":[{"selector":{"id":"application-managepricingrules-display-component---newInfoPriceItem--condValidTo","interaction":{"idSuffix":"inner"}},"wdio_ui5_key":"applicationmanagepricingrules-display-component---newInfoPriceItem--condValidTo"}]}
RESULT: {"script":"<script> [1562 bytes]","args":[{"selector":{"id":"application-managepricingrules-display-component---newInfoPriceItem--condValidTo","interaction":{"idSuffix":"inner"}},"wdio_ui5_key":"applicationmanagepricingrules-display-component---newInfoPriceItem--condValidTo"}]}
RESULT: undefined
COMMAND: POST /session/d3cdda6f06e006695550ea94201d0e31/execute/async - {"script":"<script> [776 bytes]","args":[{"enterText":"1/21/26","selector":{"id":"application-managepricingrules-display-component---newInfoPriceItem--condValidTo","interaction":{"idSuffix":"inner"}},"clearTextFirst":true,"interactionType":"ENTER_TEXT"}]}
RESULT: {"script":"<script> [776 bytes]","args":[{"enterText":"1/21/26","selector":{"id":"application-managepricingrules-display-component---newInfoPriceItem--condValidTo","interaction":{"idSuffix":"inner"}},"clearTextFirst":true,"interactionType":"ENTER_TEXT"}]}
COMMAND: POST /session/d3cdda6f06e006695550ea94201d0e31/execute/async - {"script":"<script> [1562 bytes]","args":[{"selector":{"id":"application-managepricingrules-display-component---newInfoPriceItem--billType-arrow"},"wdio_ui5_key":"applicationmanagepricingrules-display-component---newInfoPriceItem--billType-arrow"}]}
RESULT: {"script":"<script> [1562 bytes]","args":[{"selector":{"id":"application-managepricingrules-display-component---newInfoPriceItem--billType-arrow"},"wdio_ui5_key":"applicationmanagepricingrules-display-component---newInfoPriceItem--billType-arrow"}]}
RESULT: undefined
COMMAND: POST /session/d3cdda6f06e006695550ea94201d0e31/element - {"using":"xpath","value":"//*[@id=\"application-managepricingrules-display-component---newInfoPriceItem--billType-arrow\"]"}
RESULT: {"using":"xpath","value":"//*[@id=\"application-managepricingrules-display-component---newInfoPriceItem--billType-arrow\"]"}
COMMAND: POST /session/d3cdda6f06e006695550ea94201d0e31/element/f.CF3EA173C6DD6742E6FF2C1FCC3ADAA5.d.83F743E422E802F46F4E1735CC858424.e.20182/click - {}
RESULT: {}
COMMAND: POST /session/d3cdda6f06e006695550ea94201d0e31/element - {"using":"xpath","value":"//span[contains(text(), \"TB - Time based\")]"}
COMMAND: GET /session/d3cdda6f06e006695550ea94201d0e31/screenshot - {}
RESULT: {"using":"xpath","value":"//span[contains(text(), \"TB - Time based\")]"}
COMMAND: POST /session/d3cdda6f06e006695550ea94201d0e31/element/f.CF3EA173C6DD6742E6FF2C1FCC3ADAA5.d.83F743E422E802F46F4E1735CC858424.e.20226/click - {}
RESULT: {}
RESULT: {}
COMMAND: POST /session/d3cdda6f06e006695550ea94201d0e31/execute/async - {"script":"<script> [1562 bytes]","args":[{"selector":{"id":"application-managepricingrules-display-component---newInfoPriceItem--priceProc-arrow"},"wdio_ui5_key":"applicationmanagepricingrules-display-component---newInfoPriceItem--priceProc-arrow"}]}
COMMAND: GET /session/d3cdda6f06e006695550ea94201d0e31/screenshot - {}
RESULT: {"script":"<script> [1562 bytes]","args":[{"selector":{"id":"application-managepricingrules-display-component---newInfoPriceItem--priceProc-arrow"},"wdio_ui5_key":"applicationmanagepricingrules-display-component---newInfoPriceItem--priceProc-arrow"}]}
RESULT: undefined
COMMAND: POST /session/d3cdda6f06e006695550ea94201d0e31/element - {"using":"xpath","value":"//*[@id=\"application-managepricingrules-display-component---newInfoPriceItem--priceProc-arrow\"]"}
RESULT: {}
RESULT: {"using":"xpath","value":"//*[@id=\"application-managepricingrules-display-component---newInfoPriceItem--priceProc-arrow\"]"}
COMMAND: POST /session/d3cdda6f06e006695550ea94201d0e31/element/f.CF3EA173C6DD6742E6FF2C1FCC3ADAA5.d.83F743E422E802F46F4E1735CC858424.e.20189/click - {}
RESULT: {}
COMMAND: POST /session/d3cdda6f06e006695550ea94201d0e31/element - {"using":"xpath","value":"//span[contains(text(), \"TBS - Time based standard\")]"}
COMMAND: GET /session/d3cdda6f06e006695550ea94201d0e31/screenshot - {}
RESULT: {"using":"xpath","value":"//span[contains(text(), \"TBS - Time based standard\")]"}
COMMAND: POST /session/d3cdda6f06e006695550ea94201d0e31/element/f.CF3EA173C6DD6742E6FF2C1FCC3ADAA5.d.83F743E422E802F46F4E1735CC858424.e.20227/click - {}
RESULT: {}
RESULT: {}
COMMAND: POST /session/d3cdda6f06e006695550ea94201d0e31/execute/async - {"script":"<script> [1562 bytes]","args":[{"selector":{"id":"application-managepricingrules-display-component---newInfoPriceItem--calcBase-arrow"},"wdio_ui5_key":"applicationmanagepricingrules-display-component---newInfoPriceItem--calcBase-arrow"}]}
COMMAND: GET /session/d3cdda6f06e006695550ea94201d0e31/screenshot - {}
RESULT: {"script":"<script> [1562 bytes]","args":[{"selector":{"id":"application-managepricingrules-display-component---newInfoPriceItem--calcBase-arrow"},"wdio_ui5_key":"applicationmanagepricingrules-display-component---newInfoPriceItem--calcBase-arrow"}]}
RESULT: undefined
COMMAND: POST /session/d3cdda6f06e006695550ea94201d0e31/element - {"using":"xpath","value":"//*[@id=\"application-managepricingrules-display-component---newInfoPriceItem--calcBase-arrow\"]"}
RESULT: {}
RESULT: {"using":"xpath","value":"//*[@id=\"application-managepricingrules-display-component---newInfoPriceItem--calcBase-arrow\"]"}
COMMAND: POST /session/d3cdda6f06e006695550ea94201d0e31/element/f.CF3EA173C6DD6742E6FF2C1FCC3ADAA5.d.83F743E422E802F46F4E1735CC858424.e.20196/click - {}
RESULT: {}
COMMAND: GET /session/d3cdda6f06e006695550ea94201d0e31/screenshot - {}
RESULT: {}
COMMAND: POST /session/d3cdda6f06e006695550ea94201d0e31/element - {"using":"xpath","value":"//span[contains(text(), \"0006 - TB(calendar days)\")]"}
RESULT: {"using":"xpath","value":"//span[contains(text(), \"0006 - TB(calendar days)\")]"}
COMMAND: POST /session/d3cdda6f06e006695550ea94201d0e31/element/f.CF3EA173C6DD6742E6FF2C1FCC3ADAA5.d.83F743E422E802F46F4E1735CC858424.e.20228/click - {}
RESULT: {}
COMMAND: GET /session/d3cdda6f06e006695550ea94201d0e31/screenshot - {}
RESULT: {}
COMMAND: POST /session/d3cdda6f06e006695550ea94201d0e31/execute/async - {"script":"<script> [1562 bytes]","args":[{"selector":{"id":"application-managepricingrules-display-component---newInfoPriceItem--daysMonth","interaction":{"idSuffix":"inner"}},"wdio_ui5_key":"applicationmanagepricingrules-display-component---newInfoPriceItem--daysMonth"}]}
RESULT: {"script":"<script> [1562 bytes]","args":[{"selector":{"id":"application-managepricingrules-display-component---newInfoPriceItem--daysMonth","interaction":{"idSuffix":"inner"}},"wdio_ui5_key":"applicationmanagepricingrules-display-component---newInfoPriceItem--daysMonth"}]}
RESULT: undefined
COMMAND: POST /session/d3cdda6f06e006695550ea94201d0e31/execute/async - {"script":"<script> [776 bytes]","args":[{"enterText":"30","selector":{"id":"application-managepricingrules-display-component---newInfoPriceItem--daysMonth","interaction":{"idSuffix":"inner"}},"clearTextFirst":true,"interactionType":"ENTER_TEXT"}]}
RESULT: {"script":"<script> [776 bytes]","args":[{"enterText":"30","selector":{"id":"application-managepricingrules-display-component---newInfoPriceItem--daysMonth","interaction":{"idSuffix":"inner"}},"clearTextFirst":true,"interactionType":"ENTER_TEXT"}]}
COMMAND: POST /session/d3cdda6f06e006695550ea94201d0e31/element - {"using":"xpath","value":"//button[@data-kt=\"saveNewRuleButton\"]"}
RESULT: {"using":"xpath","value":"//button[@data-kt=\"saveNewRuleButton\"]"}
COMMAND: POST /session/d3cdda6f06e006695550ea94201d0e31/element/f.CF3EA173C6DD6742E6FF2C1FCC3ADAA5.d.83F743E422E802F46F4E1735CC858424.e.20216/click - {}
RESULT: {}
COMMAND: GET /session/d3cdda6f06e006695550ea94201d0e31/screenshot - {}
RESULT: {}
COMMAND: POST /session/d3cdda6f06e006695550ea94201d0e31/execute/async - {"script":"<script> [1562 bytes]","args":[{"selector":{"id":"application-managepricingrules-display-component---priceInfoItem--smartFilterBar-btnBasicSearch","interaction":{"idSuffix":"I"}},"wdio_ui5_key":"applicationmanagepricingrules-display-component---priceInfoItem--smartFilterBar-btnBasicSearch"}]}
RESULT: {"script":"<script> [1562 bytes]","args":[{"selector":{"id":"application-managepricingrules-display-component---priceInfoItem--smartFilterBar-btnBasicSearch","interaction":{"idSuffix":"I"}},"wdio_ui5_key":"applicationmanagepricingrules-display-component---priceInfoItem--smartFilterBar-btnBasicSearch"}]}
RESULT: undefined
COMMAND: POST /session/d3cdda6f06e006695550ea94201d0e31/execute/async - {"script":"<script> [776 bytes]","args":[{"enterText":"7OGxiGkaWN","selector":{"id":"application-managepricingrules-display-component---priceInfoItem--smartFilterBar-btnBasicSearch","interaction":{"idSuffix":"I"}},"clearTextFirst":true,"interactionType":"ENTER_TEXT"}]}
RESULT: {"script":"<script> [776 bytes]","args":[{"enterText":"7OGxiGkaWN","selector":{"id":"application-managepricingrules-display-component---priceInfoItem--smartFilterBar-btnBasicSearch","interaction":{"idSuffix":"I"}},"clearTextFirst":true,"interactionType":"ENTER_TEXT"}]}
COMMAND: POST /session/d3cdda6f06e006695550ea94201d0e31/actions - {"actions":[{"id":"action70","type":"key","parameters":{},"actions":[{"type":"keyDown","value":"î€‡"},{"type":"pause","duration":10},{"type":"keyUp","value":"î€‡"}]}]}
RESULT: {"actions":[{"id":"action70","type":"key","parameters":{},"actions":[{"type":"keyDown","value":"î€‡"},{"type":"pause","duration":10},{"type":"keyUp","value":"î€‡"}]}]}
COMMAND: GET /session/d3cdda6f06e006695550ea94201d0e31/screenshot - {}
RESULT: {}
COMMAND: POST /session/d3cdda6f06e006695550ea94201d0e31/element - {"using":"xpath","value":"//span[@id=\"application-managepricingrules-display-component---priceInfoItem--smartTable-header-inner\"]"}
RESULT: {"using":"xpath","value":"//span[@id=\"application-managepricingrules-display-component---priceInfoItem--smartTable-header-inner\"]"}
COMMAND: POST /session/d3cdda6f06e006695550ea94201d0e31/elements - {"using":"xpath","value":"//span[@id=\"application-managepricingrules-display-component---priceInfoItem--smartTable-header-inner\"]"}
RESULT: {"using":"xpath","value":"//span[@id=\"application-managepricingrules-display-component---priceInfoItem--smartTable-header-inner\"]"}
COMMAND: POST /session/d3cdda6f06e006695550ea94201d0e31/execute/sync - {"script":"<script> [56 bytes]","args":[{"element-6066-11e4-a52e-4f735466cecf":"f.CF3EA173C6DD6742E6FF2C1FCC3ADAA5.d.83F743E422E802F46F4E1735CC858424.e.20241","ELEMENT":"f.CF3EA173C6DD6742E6FF2C1FCC3ADAA5.d.83F743E422E802F46F4E1735CC858424.e.20241"}]}
RESULT: {"script":"<script> [56 bytes]","args":[{"element-6066-11e4-a52e-4f735466cecf":"f.CF3EA173C6DD6742E6FF2C1FCC3ADAA5.d.83F743E422E802F46F4E1735CC858424.e.20241","ELEMENT":"f.CF3EA173C6DD6742E6FF2C1FCC3ADAA5.d.83F743E422E802F46F4E1735CC858424.e.20241"}]}
COMMAND: POST /session/d3cdda6f06e006695550ea94201d0e31/element - {"using":"css selector","value":"#shell-header-logo"}
COMMAND: GET /session/d3cdda6f06e006695550ea94201d0e31/screenshot - {}
RESULT: {"using":"css selector","value":"#shell-header-logo"}
COMMAND: POST /session/d3cdda6f06e006695550ea94201d0e31/element/f.CF3EA173C6DD6742E6FF2C1FCC3ADAA5.d.83F743E422E802F46F4E1735CC858424.e.19381/click - {}
RESULT: {}
RESULT: {}
COMMAND: GET /session/d3cdda6f06e006695550ea94201d0e31/screenshot - {}
RESULT: {}
]]></system-out>
    </testcase>
    <testcase classname="chrome.136_0_7103_93.windows.Billing_Calculation_-_Time_based_(considering_transport_times)_US139738" name="Should create new pricing condition for the equipment" time="63.377">
      <system-out><![CDATA[
COMMAND: POST /session/d3cdda6f06e006695550ea94201d0e31/execute/async - {"script":"<script> [1562 bytes]","args":[{"selector":{"controlType":"sap.m.GenericTile","properties":{"header":"Manage Conditions & Prices"}},"wdio_ui5_key":"sapm.GenericTile{\"header\":\"Manage Conditions & Prices\"}"}]}
RESULT: {"script":"<script> [1562 bytes]","args":[{"selector":{"controlType":"sap.m.GenericTile","properties":{"header":"Manage Conditions & Prices"}},"wdio_ui5_key":"sapm.GenericTile{\"header\":\"Manage Conditions & Prices\"}"}]}
RESULT: undefined
COMMAND: POST /session/d3cdda6f06e006695550ea94201d0e31/element - {"using":"xpath","value":"//*[@id=\"__tile53\"]"}
RESULT: {"using":"xpath","value":"//*[@id=\"__tile53\"]"}
COMMAND: POST /session/d3cdda6f06e006695550ea94201d0e31/element/f.CF3EA173C6DD6742E6FF2C1FCC3ADAA5.d.83F743E422E802F46F4E1735CC858424.e.19326/click - {}
RESULT: {}
COMMAND: GET /session/d3cdda6f06e006695550ea94201d0e31/screenshot - {}
RESULT: {}
COMMAND: POST /session/d3cdda6f06e006695550ea94201d0e31/elements - {"using":"xpath","value":"//span[text()='Error']"}
RESULT: {"using":"xpath","value":"//span[text()='Error']"}
COMMAND: POST /session/d3cdda6f06e006695550ea94201d0e31/element - {"using":"xpath","value":"//button[@aria-label=\"Create\"]"}
RESULT: {"using":"xpath","value":"//button[@aria-label=\"Create\"]"}
COMMAND: POST /session/d3cdda6f06e006695550ea94201d0e31/elements - {"using":"xpath","value":"//button[@aria-label=\"Create\"]"}
RESULT: {"using":"xpath","value":"//button[@aria-label=\"Create\"]"}
COMMAND: POST /session/d3cdda6f06e006695550ea94201d0e31/execute/sync - {"script":"<script> [8489 bytes]","args":[{"element-6066-11e4-a52e-4f735466cecf":"f.CF3EA173C6DD6742E6FF2C1FCC3ADAA5.d.83F743E422E802F46F4E1735CC858424.e.20276","ELEMENT":"f.CF3EA173C6DD6742E6FF2C1FCC3ADAA5.d.83F743E422E802F46F4E1735CC858424.e.20276"}]}
RESULT: {"script":"<script> [8489 bytes]","args":[{"element-6066-11e4-a52e-4f735466cecf":"f.CF3EA173C6DD6742E6FF2C1FCC3ADAA5.d.83F743E422E802F46F4E1735CC858424.e.20276","ELEMENT":"f.CF3EA173C6DD6742E6FF2C1FCC3ADAA5.d.83F743E422E802F46F4E1735CC858424.e.20276"}]}
COMMAND: GET /session/d3cdda6f06e006695550ea94201d0e31/element/f.CF3EA173C6DD6742E6FF2C1FCC3ADAA5.d.83F743E422E802F46F4E1735CC858424.e.20276/enabled - {}
COMMAND: GET /session/d3cdda6f06e006695550ea94201d0e31/screenshot - {}
RESULT: {}
COMMAND: POST /session/d3cdda6f06e006695550ea94201d0e31/execute/sync - {"script":"<script> [8489 bytes]","args":[{"element-6066-11e4-a52e-4f735466cecf":"f.CF3EA173C6DD6742E6FF2C1FCC3ADAA5.d.83F743E422E802F46F4E1735CC858424.e.20276","ELEMENT":"f.CF3EA173C6DD6742E6FF2C1FCC3ADAA5.d.83F743E422E802F46F4E1735CC858424.e.20276"}]}
COMMAND: GET /session/d3cdda6f06e006695550ea94201d0e31/screenshot - {}
RESULT: {}
RESULT: {"script":"<script> [8489 bytes]","args":[{"element-6066-11e4-a52e-4f735466cecf":"f.CF3EA173C6DD6742E6FF2C1FCC3ADAA5.d.83F743E422E802F46F4E1735CC858424.e.20276","ELEMENT":"f.CF3EA173C6DD6742E6FF2C1FCC3ADAA5.d.83F743E422E802F46F4E1735CC858424.e.20276"}]}
COMMAND: POST /session/d3cdda6f06e006695550ea94201d0e31/execute/sync - {"script":"<script> [5351 bytes]","args":[{"element-6066-11e4-a52e-4f735466cecf":"f.CF3EA173C6DD6742E6FF2C1FCC3ADAA5.d.83F743E422E802F46F4E1735CC858424.e.20276","ELEMENT":"f.CF3EA173C6DD6742E6FF2C1FCC3ADAA5.d.83F743E422E802F46F4E1735CC858424.e.20276"}]}
COMMAND: GET /session/d3cdda6f06e006695550ea94201d0e31/screenshot - {}
RESULT: {}
RESULT: {"script":"<script> [5351 bytes]","args":[{"element-6066-11e4-a52e-4f735466cecf":"f.CF3EA173C6DD6742E6FF2C1FCC3ADAA5.d.83F743E422E802F46F4E1735CC858424.e.20276","ELEMENT":"f.CF3EA173C6DD6742E6FF2C1FCC3ADAA5.d.83F743E422E802F46F4E1735CC858424.e.20276"}]}
COMMAND: POST /session/d3cdda6f06e006695550ea94201d0e31/element/f.CF3EA173C6DD6742E6FF2C1FCC3ADAA5.d.83F743E422E802F46F4E1735CC858424.e.20276/click - {}
COMMAND: GET /session/d3cdda6f06e006695550ea94201d0e31/screenshot - {}
RESULT: {}
RESULT: {}
COMMAND: GET /session/d3cdda6f06e006695550ea94201d0e31/screenshot - {}
RESULT: {}
RESULT: {}
COMMAND: POST /session/d3cdda6f06e006695550ea94201d0e31/actions - {"actions":[{"id":"action71","type":"key","parameters":{},"actions":[{"type":"keyDown","value":"î€‡"},{"type":"pause","duration":10},{"type":"keyUp","value":"î€‡"}]}]}
RESULT: {"actions":[{"id":"action71","type":"key","parameters":{},"actions":[{"type":"keyDown","value":"î€‡"},{"type":"pause","duration":10},{"type":"keyUp","value":"î€‡"}]}]}
COMMAND: GET /session/d3cdda6f06e006695550ea94201d0e31/screenshot - {}
RESULT: {}
COMMAND: POST /session/d3cdda6f06e006695550ea94201d0e31/execute/async - {"script":"<script> [1562 bytes]","args":[{"selector":{"id":"application-manageconditionprice-display-component---newCondition--condBillCond-arrow"},"wdio_ui5_key":"applicationmanageconditionprice-display-component---newCondition--condBillCond-arrow"}]}
RESULT: {"script":"<script> [1562 bytes]","args":[{"selector":{"id":"application-manageconditionprice-display-component---newCondition--condBillCond-arrow"},"wdio_ui5_key":"applicationmanageconditionprice-display-component---newCondition--condBillCond-arrow"}]}
RESULT: undefined
COMMAND: POST /session/d3cdda6f06e006695550ea94201d0e31/element - {"using":"xpath","value":"//*[@id=\"application-manageconditionprice-display-component---newCondition--condBillCond-arrow\"]"}
RESULT: {"using":"xpath","value":"//*[@id=\"application-manageconditionprice-display-component---newCondition--condBillCond-arrow\"]"}
COMMAND: POST /session/d3cdda6f06e006695550ea94201d0e31/element/f.CF3EA173C6DD6742E6FF2C1FCC3ADAA5.d.83F743E422E802F46F4E1735CC858424.e.20454/click - {}
RESULT: {}
COMMAND: GET /session/d3cdda6f06e006695550ea94201d0e31/screenshot - {}
RESULT: {}
COMMAND: POST /session/d3cdda6f06e006695550ea94201d0e31/element - {"using":"xpath","value":"//li[.//span[contains(text(), \"DISP - D&I special price\")]]"}
RESULT: {"using":"xpath","value":"//li[.//span[contains(text(), \"DISP - D&I special price\")]]"}
COMMAND: POST /session/d3cdda6f06e006695550ea94201d0e31/element/f.CF3EA173C6DD6742E6FF2C1FCC3ADAA5.d.83F743E422E802F46F4E1735CC858424.e.20458/click - {}
RESULT: {}
COMMAND: GET /session/d3cdda6f06e006695550ea94201d0e31/screenshot - {}
RESULT: {}
COMMAND: POST /session/d3cdda6f06e006695550ea94201d0e31/execute/async - {"script":"<script> [1562 bytes]","args":[{"selector":{"id":"application-manageconditionprice-display-component---newCondition--condValidTo","interaction":{"idSuffix":"inner"}},"wdio_ui5_key":"applicationmanageconditionprice-display-component---newCondition--condValidTo"}]}
RESULT: {"script":"<script> [1562 bytes]","args":[{"selector":{"id":"application-manageconditionprice-display-component---newCondition--condValidTo","interaction":{"idSuffix":"inner"}},"wdio_ui5_key":"applicationmanageconditionprice-display-component---newCondition--condValidTo"}]}
RESULT: undefined
COMMAND: POST /session/d3cdda6f06e006695550ea94201d0e31/execute/async - {"script":"<script> [776 bytes]","args":[{"enterText":"1/21/26","selector":{"id":"application-manageconditionprice-display-component---newCondition--condValidTo","interaction":{"idSuffix":"inner"}},"clearTextFirst":true,"interactionType":"ENTER_TEXT"}]}
RESULT: {"script":"<script> [776 bytes]","args":[{"enterText":"1/21/26","selector":{"id":"application-manageconditionprice-display-component---newCondition--condValidTo","interaction":{"idSuffix":"inner"}},"clearTextFirst":true,"interactionType":"ENTER_TEXT"}]}
COMMAND: POST /session/d3cdda6f06e006695550ea94201d0e31/element - {"using":"xpath","value":"//input[@id=\"application-manageconditionprice-display-component---newCondition--condRU-inner\"]"}
RESULT: {"using":"xpath","value":"//input[@id=\"application-manageconditionprice-display-component---newCondition--condRU-inner\"]"}
COMMAND: POST /session/d3cdda6f06e006695550ea94201d0e31/element/f.CF3EA173C6DD6742E6FF2C1FCC3ADAA5.d.83F743E422E802F46F4E1735CC858424.e.20292/clear - {}
RESULT: {}
COMMAND: POST /session/d3cdda6f06e006695550ea94201d0e31/element/f.CF3EA173C6DD6742E6FF2C1FCC3ADAA5.d.83F743E422E802F46F4E1735CC858424.e.20292/value - {"text":"7OGxiGkaWN"}
COMMAND: GET /session/d3cdda6f06e006695550ea94201d0e31/screenshot - {}
RESULT: {"text":"7OGxiGkaWN"}
COMMAND: GET /session/d3cdda6f06e006695550ea94201d0e31/screenshot - {}
RESULT: {}
RESULT: {}
COMMAND: POST /session/d3cdda6f06e006695550ea94201d0e31/actions - {"actions":[{"id":"action72","type":"key","parameters":{},"actions":[{"type":"keyDown","value":"î€‡"},{"type":"pause","duration":10},{"type":"keyUp","value":"î€‡"}]}]}
RESULT: {"actions":[{"id":"action72","type":"key","parameters":{},"actions":[{"type":"keyDown","value":"î€‡"},{"type":"pause","duration":10},{"type":"keyUp","value":"î€‡"}]}]}
COMMAND: POST /session/d3cdda6f06e006695550ea94201d0e31/execute/async - {"script":"<script> [1562 bytes]","args":[{"selector":{"id":"application-manageconditionprice-display-component---newCondition--condBaseQty","interaction":{"idSuffix":"inner"}},"wdio_ui5_key":"applicationmanageconditionprice-display-component---newCondition--condBaseQty"}]}
COMMAND: GET /session/d3cdda6f06e006695550ea94201d0e31/screenshot - {}
RESULT: {"script":"<script> [1562 bytes]","args":[{"selector":{"id":"application-manageconditionprice-display-component---newCondition--condBaseQty","interaction":{"idSuffix":"inner"}},"wdio_ui5_key":"applicationmanageconditionprice-display-component---newCondition--condBaseQty"}]}
RESULT: undefined
COMMAND: POST /session/d3cdda6f06e006695550ea94201d0e31/execute/async - {"script":"<script> [776 bytes]","args":[{"enterText":"1","selector":{"id":"application-manageconditionprice-display-component---newCondition--condBaseQty","interaction":{"idSuffix":"inner"}},"clearTextFirst":true,"interactionType":"ENTER_TEXT"}]}
RESULT: {}
RESULT: {"script":"<script> [776 bytes]","args":[{"enterText":"1","selector":{"id":"application-manageconditionprice-display-component---newCondition--condBaseQty","interaction":{"idSuffix":"inner"}},"clearTextFirst":true,"interactionType":"ENTER_TEXT"}]}
COMMAND: POST /session/d3cdda6f06e006695550ea94201d0e31/execute/async - {"script":"<script> [1562 bytes]","args":[{"selector":{"id":"application-manageconditionprice-display-component---newCondition--condValue","interaction":{"idSuffix":"inner"}},"wdio_ui5_key":"applicationmanageconditionprice-display-component---newCondition--condValue"}]}
RESULT: {"script":"<script> [1562 bytes]","args":[{"selector":{"id":"application-manageconditionprice-display-component---newCondition--condValue","interaction":{"idSuffix":"inner"}},"wdio_ui5_key":"applicationmanageconditionprice-display-component---newCondition--condValue"}]}
RESULT: undefined
COMMAND: POST /session/d3cdda6f06e006695550ea94201d0e31/execute/async - {"script":"<script> [776 bytes]","args":[{"enterText":"100","selector":{"id":"application-manageconditionprice-display-component---newCondition--condValue","interaction":{"idSuffix":"inner"}},"clearTextFirst":true,"interactionType":"ENTER_TEXT"}]}
RESULT: {"script":"<script> [776 bytes]","args":[{"enterText":"100","selector":{"id":"application-manageconditionprice-display-component---newCondition--condValue","interaction":{"idSuffix":"inner"}},"clearTextFirst":true,"interactionType":"ENTER_TEXT"}]}
COMMAND: POST /session/d3cdda6f06e006695550ea94201d0e31/execute/async - {"script":"<script> [1562 bytes]","args":[{"selector":{"id":"application-manageconditionprice-display-component---newCondition--condCurr-arrow"},"wdio_ui5_key":"applicationmanageconditionprice-display-component---newCondition--condCurr-arrow"}]}
RESULT: {"script":"<script> [1562 bytes]","args":[{"selector":{"id":"application-manageconditionprice-display-component---newCondition--condCurr-arrow"},"wdio_ui5_key":"applicationmanageconditionprice-display-component---newCondition--condCurr-arrow"}]}
RESULT: undefined
COMMAND: POST /session/d3cdda6f06e006695550ea94201d0e31/element - {"using":"xpath","value":"//*[@id=\"application-manageconditionprice-display-component---newCondition--condCurr-arrow\"]"}
RESULT: {"using":"xpath","value":"//*[@id=\"application-manageconditionprice-display-component---newCondition--condCurr-arrow\"]"}
COMMAND: POST /session/d3cdda6f06e006695550ea94201d0e31/element/f.CF3EA173C6DD6742E6FF2C1FCC3ADAA5.d.83F743E422E802F46F4E1735CC858424.e.20441/click - {}
RESULT: {}
COMMAND: POST /session/d3cdda6f06e006695550ea94201d0e31/element - {"using":"xpath","value":"//span[contains(text(), \"Euro\")]"}
COMMAND: GET /session/d3cdda6f06e006695550ea94201d0e31/screenshot - {}
RESULT: {"using":"xpath","value":"//span[contains(text(), \"Euro\")]"}
COMMAND: POST /session/d3cdda6f06e006695550ea94201d0e31/element/f.CF3EA173C6DD6742E6FF2C1FCC3ADAA5.d.83F743E422E802F46F4E1735CC858424.e.20495/click - {}
RESULT: {}
RESULT: {}
COMMAND: POST /session/d3cdda6f06e006695550ea94201d0e31/element - {"using":"xpath","value":"//button[@data-kt=\"saveButton\"]"}
COMMAND: GET /session/d3cdda6f06e006695550ea94201d0e31/screenshot - {}
RESULT: {"using":"xpath","value":"//button[@data-kt=\"saveButton\"]"}
COMMAND: POST /session/d3cdda6f06e006695550ea94201d0e31/element/f.CF3EA173C6DD6742E6FF2C1FCC3ADAA5.d.83F743E422E802F46F4E1735CC858424.e.20442/click - {}
RESULT: {}
RESULT: {}
COMMAND: GET /session/d3cdda6f06e006695550ea94201d0e31/screenshot - {}
RESULT: {}
COMMAND: POST /session/d3cdda6f06e006695550ea94201d0e31/execute/async - {"script":"<script> [1562 bytes]","args":[{"selector":{"id":"application-manageconditionprice-display-component---conditions--smartFilterBar-btnBasicSearch","interaction":{"idSuffix":"I"}},"wdio_ui5_key":"applicationmanageconditionprice-display-component---conditions--smartFilterBar-btnBasicSearch"}]}
RESULT: {"script":"<script> [1562 bytes]","args":[{"selector":{"id":"application-manageconditionprice-display-component---conditions--smartFilterBar-btnBasicSearch","interaction":{"idSuffix":"I"}},"wdio_ui5_key":"applicationmanageconditionprice-display-component---conditions--smartFilterBar-btnBasicSearch"}]}
RESULT: undefined
COMMAND: POST /session/d3cdda6f06e006695550ea94201d0e31/execute/async - {"script":"<script> [776 bytes]","args":[{"enterText":"7OGxiGkaWN","selector":{"id":"application-manageconditionprice-display-component---conditions--smartFilterBar-btnBasicSearch","interaction":{"idSuffix":"I"}},"clearTextFirst":true,"interactionType":"ENTER_TEXT"}]}
RESULT: {"script":"<script> [776 bytes]","args":[{"enterText":"7OGxiGkaWN","selector":{"id":"application-manageconditionprice-display-component---conditions--smartFilterBar-btnBasicSearch","interaction":{"idSuffix":"I"}},"clearTextFirst":true,"interactionType":"ENTER_TEXT"}]}
COMMAND: POST /session/d3cdda6f06e006695550ea94201d0e31/actions - {"actions":[{"id":"action73","type":"key","parameters":{},"actions":[{"type":"keyDown","value":"î€‡"},{"type":"pause","duration":10},{"type":"keyUp","value":"î€‡"}]}]}
RESULT: {"actions":[{"id":"action73","type":"key","parameters":{},"actions":[{"type":"keyDown","value":"î€‡"},{"type":"pause","duration":10},{"type":"keyUp","value":"î€‡"}]}]}
COMMAND: GET /session/d3cdda6f06e006695550ea94201d0e31/screenshot - {}
RESULT: {}
COMMAND: POST /session/d3cdda6f06e006695550ea94201d0e31/execute/async - {"script":"<script> [1562 bytes]","args":[{"selector":{"id":"application-manageconditionprice-display-component---conditions--smartFilterBar-filterItemControl_BASIC-BILL_TYPES-vhi"},"wdio_ui5_key":"applicationmanageconditionprice-display-component---conditions--smartFilterBar-filterItemControl_BASIC-BILL_TYPES-vhi"}]}
RESULT: {"script":"<script> [1562 bytes]","args":[{"selector":{"id":"application-manageconditionprice-display-component---conditions--smartFilterBar-filterItemControl_BASIC-BILL_TYPES-vhi"},"wdio_ui5_key":"applicationmanageconditionprice-display-component---conditions--smartFilterBar-filterItemControl_BASIC-BILL_TYPES-vhi"}]}
RESULT: undefined
COMMAND: POST /session/d3cdda6f06e006695550ea94201d0e31/element - {"using":"xpath","value":"//*[@id=\"application-manageconditionprice-display-component---conditions--smartFilterBar-filterItemControl_BASIC-BILL_TYPES-vhi\"]"}
RESULT: {"using":"xpath","value":"//*[@id=\"application-manageconditionprice-display-component---conditions--smartFilterBar-filterItemControl_BASIC-BILL_TYPES-vhi\"]"}
COMMAND: POST /session/d3cdda6f06e006695550ea94201d0e31/element/f.CF3EA173C6DD6742E6FF2C1FCC3ADAA5.d.83F743E422E802F46F4E1735CC858424.e.20512/click - {}
RESULT: {}
COMMAND: POST /session/d3cdda6f06e006695550ea94201d0e31/execute/async - {"script":"<script> [1562 bytes]","args":[{"selector":{"id":"application-manageconditionprice-display-component---conditions--smartFilterBar-filterItemControl_BASIC-BILL_TYPES-valueHelpDialog-smartFilterBar-btnBasicSearch","searchOpenDialogs":true,"interaction":{"idSuffix":"I"}},"wdio_ui5_key":"applicationmanageconditionprice-display-component---conditions--smartFilterBar-filterItemControl_BASIC-BILL_TYPES-valueHelpDialog-smartFilterBar-btnBasicSearch"}]}
COMMAND: GET /session/d3cdda6f06e006695550ea94201d0e31/screenshot - {}
RESULT: {"script":"<script> [1562 bytes]","args":[{"selector":{"id":"application-manageconditionprice-display-component---conditions--smartFilterBar-filterItemControl_BASIC-BILL_TYPES-valueHelpDialog-smartFilterBar-btnBasicSearch","searchOpenDialogs":true,"interaction":{"idSuffix":"I"}},"wdio_ui5_key":"applicationmanageconditionprice-display-component---conditions--smartFilterBar-filterItemControl_BASIC-BILL_TYPES-valueHelpDialog-smartFilterBar-btnBasicSearch"}]}
RESULT: undefined
COMMAND: POST /session/d3cdda6f06e006695550ea94201d0e31/execute/async - {"script":"<script> [776 bytes]","args":[{"enterText":"TB","selector":{"id":"application-manageconditionprice-display-component---conditions--smartFilterBar-filterItemControl_BASIC-BILL_TYPES-valueHelpDialog-smartFilterBar-btnBasicSearch","searchOpenDialogs":true,"interaction":{"idSuffix":"I"}},"clearTextFirst":true,"interactionType":"ENTER_TEXT"}]}
RESULT: {}
RESULT: {"script":"<script> [776 bytes]","args":[{"enterText":"TB","selector":{"id":"application-manageconditionprice-display-component---conditions--smartFilterBar-filterItemControl_BASIC-BILL_TYPES-valueHelpDialog-smartFilterBar-btnBasicSearch","searchOpenDialogs":true,"interaction":{"idSuffix":"I"}},"clearTextFirst":true,"interactionType":"ENTER_TEXT"}]}
COMMAND: POST /session/d3cdda6f06e006695550ea94201d0e31/actions - {"actions":[{"id":"action74","type":"key","parameters":{},"actions":[{"type":"keyDown","value":"î€‡"},{"type":"pause","duration":10},{"type":"keyUp","value":"î€‡"}]}]}
RESULT: {"actions":[{"id":"action74","type":"key","parameters":{},"actions":[{"type":"keyDown","value":"î€‡"},{"type":"pause","duration":10},{"type":"keyUp","value":"î€‡"}]}]}
COMMAND: GET /session/d3cdda6f06e006695550ea94201d0e31/screenshot - {}
RESULT: {}
COMMAND: POST /session/d3cdda6f06e006695550ea94201d0e31/element - {"using":"xpath","value":"//div[contains(@id, 'application-manageconditionprice-display-component---conditions--smartFilterBar-filterItemControl_BASIC-BILL_TYPES-valueHelpDialog-table-rowsel0')]"}
RESULT: {"using":"xpath","value":"//div[contains(@id, 'application-manageconditionprice-display-component---conditions--smartFilterBar-filterItemControl_BASIC-BILL_TYPES-valueHelpDialog-table-rowsel0')]"}
COMMAND: POST /session/d3cdda6f06e006695550ea94201d0e31/element/f.CF3EA173C6DD6742E6FF2C1FCC3ADAA5.d.83F743E422E802F46F4E1735CC858424.e.20521/click - {}
RESULT: {}
COMMAND: GET /session/d3cdda6f06e006695550ea94201d0e31/screenshot - {}
RESULT: {}
COMMAND: POST /session/d3cdda6f06e006695550ea94201d0e31/element - {"using":"xpath","value":"//bdi[contains(text(), \"OK\")]"}
RESULT: {"using":"xpath","value":"//bdi[contains(text(), \"OK\")]"}
COMMAND: POST /session/d3cdda6f06e006695550ea94201d0e31/element/f.CF3EA173C6DD6742E6FF2C1FCC3ADAA5.d.83F743E422E802F46F4E1735CC858424.e.20523/click - {}
RESULT: {}
COMMAND: GET /session/d3cdda6f06e006695550ea94201d0e31/screenshot - {}
RESULT: {}
COMMAND: POST /session/d3cdda6f06e006695550ea94201d0e31/element - {"using":"xpath","value":"//span[@id=\"application-manageconditionprice-display-component---conditions--smartTable-header-inner\"]"}
RESULT: {"using":"xpath","value":"//span[@id=\"application-manageconditionprice-display-component---conditions--smartTable-header-inner\"]"}
COMMAND: POST /session/d3cdda6f06e006695550ea94201d0e31/elements - {"using":"xpath","value":"//span[@id=\"application-manageconditionprice-display-component---conditions--smartTable-header-inner\"]"}
RESULT: {"using":"xpath","value":"//span[@id=\"application-manageconditionprice-display-component---conditions--smartTable-header-inner\"]"}
COMMAND: POST /session/d3cdda6f06e006695550ea94201d0e31/execute/sync - {"script":"<script> [56 bytes]","args":[{"element-6066-11e4-a52e-4f735466cecf":"f.CF3EA173C6DD6742E6FF2C1FCC3ADAA5.d.83F743E422E802F46F4E1735CC858424.e.20526","ELEMENT":"f.CF3EA173C6DD6742E6FF2C1FCC3ADAA5.d.83F743E422E802F46F4E1735CC858424.e.20526"}]}
RESULT: {"script":"<script> [56 bytes]","args":[{"element-6066-11e4-a52e-4f735466cecf":"f.CF3EA173C6DD6742E6FF2C1FCC3ADAA5.d.83F743E422E802F46F4E1735CC858424.e.20526","ELEMENT":"f.CF3EA173C6DD6742E6FF2C1FCC3ADAA5.d.83F743E422E802F46F4E1735CC858424.e.20526"}]}
COMMAND: POST /session/d3cdda6f06e006695550ea94201d0e31/element - {"using":"css selector","value":"#shell-header-logo"}
COMMAND: GET /session/d3cdda6f06e006695550ea94201d0e31/screenshot - {}
RESULT: {"using":"css selector","value":"#shell-header-logo"}
COMMAND: POST /session/d3cdda6f06e006695550ea94201d0e31/element/f.CF3EA173C6DD6742E6FF2C1FCC3ADAA5.d.83F743E422E802F46F4E1735CC858424.e.20244/click - {}
RESULT: {}
RESULT: {}
COMMAND: GET /session/d3cdda6f06e006695550ea94201d0e31/screenshot - {}
RESULT: {}
]]></system-out>
    </testcase>
    <testcase classname="chrome.136_0_7103_93.windows.Billing_Calculation_-_Time_based_(considering_transport_times)_US139738" name="Should do a stock increase for the equipment" time="80.557">
      <system-out><![CDATA[
COMMAND: POST /session/d3cdda6f06e006695550ea94201d0e31/execute/async - {"script":"<script> [1562 bytes]","args":[{"selector":{"controlType":"sap.m.GenericTile","properties":{"header":"Manage Handovers"}},"wdio_ui5_key":"sapm.GenericTile{\"header\":\"Manage Handovers\"}"}]}
RESULT: {"script":"<script> [1562 bytes]","args":[{"selector":{"controlType":"sap.m.GenericTile","properties":{"header":"Manage Handovers"}},"wdio_ui5_key":"sapm.GenericTile{\"header\":\"Manage Handovers\"}"}]}
RESULT: undefined
COMMAND: POST /session/d3cdda6f06e006695550ea94201d0e31/element - {"using":"xpath","value":"//*[@id=\"__tile131\"]"}
RESULT: {"using":"xpath","value":"//*[@id=\"__tile131\"]"}
COMMAND: POST /session/d3cdda6f06e006695550ea94201d0e31/element/f.CF3EA173C6DD6742E6FF2C1FCC3ADAA5.d.83F743E422E802F46F4E1735CC858424.e.19356/click - {}
RESULT: {}
COMMAND: GET /session/d3cdda6f06e006695550ea94201d0e31/screenshot - {}
RESULT: {}
COMMAND: POST /session/d3cdda6f06e006695550ea94201d0e31/elements - {"using":"xpath","value":"//span[text()='Error']"}
RESULT: {"using":"xpath","value":"//span[text()='Error']"}
COMMAND: POST /session/d3cdda6f06e006695550ea94201d0e31/element - {"using":"xpath","value":"//button[@data-kt=\"masterHOAddButton\"]"}
RESULT: {"using":"xpath","value":"//button[@data-kt=\"masterHOAddButton\"]"}
COMMAND: POST /session/d3cdda6f06e006695550ea94201d0e31/elements - {"using":"xpath","value":"//button[@data-kt=\"masterHOAddButton\"]"}
RESULT: {"using":"xpath","value":"//button[@data-kt=\"masterHOAddButton\"]"}
COMMAND: POST /session/d3cdda6f06e006695550ea94201d0e31/execute/sync - {"script":"<script> [8489 bytes]","args":[{"element-6066-11e4-a52e-4f735466cecf":"f.CF3EA173C6DD6742E6FF2C1FCC3ADAA5.d.83F743E422E802F46F4E1735CC858424.e.20571","ELEMENT":"f.CF3EA173C6DD6742E6FF2C1FCC3ADAA5.d.83F743E422E802F46F4E1735CC858424.e.20571"}]}
RESULT: {"script":"<script> [8489 bytes]","args":[{"element-6066-11e4-a52e-4f735466cecf":"f.CF3EA173C6DD6742E6FF2C1FCC3ADAA5.d.83F743E422E802F46F4E1735CC858424.e.20571","ELEMENT":"f.CF3EA173C6DD6742E6FF2C1FCC3ADAA5.d.83F743E422E802F46F4E1735CC858424.e.20571"}]}
COMMAND: GET /session/d3cdda6f06e006695550ea94201d0e31/element/f.CF3EA173C6DD6742E6FF2C1FCC3ADAA5.d.83F743E422E802F46F4E1735CC858424.e.20571/enabled - {}
COMMAND: GET /session/d3cdda6f06e006695550ea94201d0e31/screenshot - {}
RESULT: {}
COMMAND: POST /session/d3cdda6f06e006695550ea94201d0e31/execute/sync - {"script":"<script> [8489 bytes]","args":[{"element-6066-11e4-a52e-4f735466cecf":"f.CF3EA173C6DD6742E6FF2C1FCC3ADAA5.d.83F743E422E802F46F4E1735CC858424.e.20571","ELEMENT":"f.CF3EA173C6DD6742E6FF2C1FCC3ADAA5.d.83F743E422E802F46F4E1735CC858424.e.20571"}]}
COMMAND: GET /session/d3cdda6f06e006695550ea94201d0e31/screenshot - {}
RESULT: {}
RESULT: {"script":"<script> [8489 bytes]","args":[{"element-6066-11e4-a52e-4f735466cecf":"f.CF3EA173C6DD6742E6FF2C1FCC3ADAA5.d.83F743E422E802F46F4E1735CC858424.e.20571","ELEMENT":"f.CF3EA173C6DD6742E6FF2C1FCC3ADAA5.d.83F743E422E802F46F4E1735CC858424.e.20571"}]}
COMMAND: POST /session/d3cdda6f06e006695550ea94201d0e31/execute/sync - {"script":"<script> [5351 bytes]","args":[{"element-6066-11e4-a52e-4f735466cecf":"f.CF3EA173C6DD6742E6FF2C1FCC3ADAA5.d.83F743E422E802F46F4E1735CC858424.e.20571","ELEMENT":"f.CF3EA173C6DD6742E6FF2C1FCC3ADAA5.d.83F743E422E802F46F4E1735CC858424.e.20571"}]}
COMMAND: GET /session/d3cdda6f06e006695550ea94201d0e31/screenshot - {}
RESULT: {}
RESULT: {"script":"<script> [5351 bytes]","args":[{"element-6066-11e4-a52e-4f735466cecf":"f.CF3EA173C6DD6742E6FF2C1FCC3ADAA5.d.83F743E422E802F46F4E1735CC858424.e.20571","ELEMENT":"f.CF3EA173C6DD6742E6FF2C1FCC3ADAA5.d.83F743E422E802F46F4E1735CC858424.e.20571"}]}
COMMAND: POST /session/d3cdda6f06e006695550ea94201d0e31/element/f.CF3EA173C6DD6742E6FF2C1FCC3ADAA5.d.83F743E422E802F46F4E1735CC858424.e.20571/click - {}
COMMAND: GET /session/d3cdda6f06e006695550ea94201d0e31/screenshot - {}
RESULT: {}
RESULT: {}
COMMAND: GET /session/d3cdda6f06e006695550ea94201d0e31/screenshot - {}
RESULT: {}
RESULT: {}
COMMAND: POST /session/d3cdda6f06e006695550ea94201d0e31/element - {"using":"xpath","value":"//span[contains(@id ,\"AddNewHO--typeSelect-arrow\")]"}
RESULT: {"using":"xpath","value":"//span[contains(@id ,\"AddNewHO--typeSelect-arrow\")]"}
COMMAND: POST /session/d3cdda6f06e006695550ea94201d0e31/element/f.CF3EA173C6DD6742E6FF2C1FCC3ADAA5.d.83F743E422E802F46F4E1735CC858424.e.20913/click - {}
RESULT: {}
COMMAND: GET /session/d3cdda6f06e006695550ea94201d0e31/screenshot - {}
RESULT: {}
COMMAND: POST /session/d3cdda6f06e006695550ea94201d0e31/element - {"using":"xpath","value":"(//li[contains(text(), \"stock increase yard\")])[1]"}
RESULT: {"using":"xpath","value":"(//li[contains(text(), \"stock increase yard\")])[1]"}
COMMAND: POST /session/d3cdda6f06e006695550ea94201d0e31/element/f.CF3EA173C6DD6742E6FF2C1FCC3ADAA5.d.83F743E422E802F46F4E1735CC858424.e.20914/click - {}
RESULT: {}
COMMAND: GET /session/d3cdda6f06e006695550ea94201d0e31/screenshot - {}
RESULT: {}
COMMAND: POST /session/d3cdda6f06e006695550ea94201d0e31/execute/async - {"script":"<script> [1562 bytes]","args":[{"selector":{"id":"application-managehandovers-display-component---AddNewHO--dueDate","interaction":{"idSuffix":"inner"}},"wdio_ui5_key":"applicationmanagehandovers-display-component---AddNewHO--dueDate"}]}
RESULT: {"script":"<script> [1562 bytes]","args":[{"selector":{"id":"application-managehandovers-display-component---AddNewHO--dueDate","interaction":{"idSuffix":"inner"}},"wdio_ui5_key":"applicationmanagehandovers-display-component---AddNewHO--dueDate"}]}
RESULT: undefined
COMMAND: POST /session/d3cdda6f06e006695550ea94201d0e31/execute/async - {"script":"<script> [6424 bytes]","args":[{"element-6066-11e4-a52e-4f735466cecf":"f.CF3EA173C6DD6742E6FF2C1FCC3ADAA5.d.83F743E422E802F46F4E1735CC858424.e.20916"},"setValue",["5/21/25"]]}
RESULT: {"script":"<script> [6424 bytes]","args":[{"element-6066-11e4-a52e-4f735466cecf":"f.CF3EA173C6DD6742E6FF2C1FCC3ADAA5.d.83F743E422E802F46F4E1735CC858424.e.20916"},"setValue",["5/21/25"]]}
COMMAND: POST /session/d3cdda6f06e006695550ea94201d0e31/element - {"using":"xpath","value":"//input[@id=\"generalSectionFrg--receiveYard-inner\"]"}
RESULT: {"using":"xpath","value":"//input[@id=\"generalSectionFrg--receiveYard-inner\"]"}
COMMAND: POST /session/d3cdda6f06e006695550ea94201d0e31/element/f.CF3EA173C6DD6742E6FF2C1FCC3ADAA5.d.83F743E422E802F46F4E1735CC858424.e.20920/clear - {}
RESULT: {}
COMMAND: POST /session/d3cdda6f06e006695550ea94201d0e31/element/f.CF3EA173C6DD6742E6FF2C1FCC3ADAA5.d.83F743E422E802F46F4E1735CC858424.e.20920/value - {"text":"619"}
COMMAND: GET /session/d3cdda6f06e006695550ea94201d0e31/screenshot - {}
RESULT: {"text":"619"}
COMMAND: GET /session/d3cdda6f06e006695550ea94201d0e31/screenshot - {}
RESULT: {}
RESULT: {}
COMMAND: POST /session/d3cdda6f06e006695550ea94201d0e31/element - {"using":"xpath","value":"//li[.//span[text()='619']]"}
RESULT: {"using":"xpath","value":"//li[.//span[text()='619']]"}
COMMAND: POST /session/d3cdda6f06e006695550ea94201d0e31/element/f.CF3EA173C6DD6742E6FF2C1FCC3ADAA5.d.83F743E422E802F46F4E1735CC858424.e.20936/click - {}
RESULT: {}
COMMAND: GET /session/d3cdda6f06e006695550ea94201d0e31/screenshot - {}
RESULT: {}
COMMAND: POST /session/d3cdda6f06e006695550ea94201d0e31/execute/async - {"script":"<script> [1562 bytes]","args":[{"selector":{"id":"application-managehandovers-display-component---AddNewHO--ObjectPageLayout-anchBar-application-managehandovers-display-component---AddNewHO--section4-anchor","interaction":{"idSuffix":"BDI-content"}},"wdio_ui5_key":"applicationmanagehandovers-display-component---AddNewHO--ObjectPageLayout-anchBar-application-managehandovers-display-component---AddNewHO--section4-anchor"}]}
RESULT: {"script":"<script> [1562 bytes]","args":[{"selector":{"id":"application-managehandovers-display-component---AddNewHO--ObjectPageLayout-anchBar-application-managehandovers-display-component---AddNewHO--section4-anchor","interaction":{"idSuffix":"BDI-content"}},"wdio_ui5_key":"applicationmanagehandovers-display-component---AddNewHO--ObjectPageLayout-anchBar-application-managehandovers-display-component---AddNewHO--section4-anchor"}]}
RESULT: undefined
COMMAND: POST /session/d3cdda6f06e006695550ea94201d0e31/element - {"using":"xpath","value":"//*[@id=\"application-managehandovers-display-component---AddNewHO--ObjectPageLayout-anchBar-application-managehandovers-display-component---AddNewHO--section4-anchor\"]"}
RESULT: {"using":"xpath","value":"//*[@id=\"application-managehandovers-display-component---AddNewHO--ObjectPageLayout-anchBar-application-managehandovers-display-component---AddNewHO--section4-anchor\"]"}
COMMAND: POST /session/d3cdda6f06e006695550ea94201d0e31/element/f.CF3EA173C6DD6742E6FF2C1FCC3ADAA5.d.83F743E422E802F46F4E1735CC858424.e.20938/click - {}
RESULT: {}
COMMAND: POST /session/d3cdda6f06e006695550ea94201d0e31/element - {"using":"xpath","value":"//button[@aria-label=\"Add\"]"}
COMMAND: GET /session/d3cdda6f06e006695550ea94201d0e31/screenshot - {}
RESULT: {"using":"xpath","value":"//button[@aria-label=\"Add\"]"}
COMMAND: POST /session/d3cdda6f06e006695550ea94201d0e31/element/f.CF3EA173C6DD6742E6FF2C1FCC3ADAA5.d.83F743E422E802F46F4E1735CC858424.e.20940/click - {}
RESULT: {}
RESULT: {}
COMMAND: GET /session/d3cdda6f06e006695550ea94201d0e31/screenshot - {}
RESULT: {}
COMMAND: POST /session/d3cdda6f06e006695550ea94201d0e31/execute/async - {"script":"<script> [1562 bytes]","args":[{"selector":{"id":"application-managehandovers-display-component---AddNewHO--smartFilterBar-btnBasicSearch","searchOpenDialogs":true,"interaction":{"idSuffix":"I"}},"wdio_ui5_key":"applicationmanagehandovers-display-component---AddNewHO--smartFilterBar-btnBasicSearch"}]}
RESULT: {"script":"<script> [1562 bytes]","args":[{"selector":{"id":"application-managehandovers-display-component---AddNewHO--smartFilterBar-btnBasicSearch","searchOpenDialogs":true,"interaction":{"idSuffix":"I"}},"wdio_ui5_key":"applicationmanagehandovers-display-component---AddNewHO--smartFilterBar-btnBasicSearch"}]}
RESULT: undefined
COMMAND: POST /session/d3cdda6f06e006695550ea94201d0e31/execute/async - {"script":"<script> [776 bytes]","args":[{"enterText":"7OGxiGkaWN","selector":{"id":"application-managehandovers-display-component---AddNewHO--smartFilterBar-btnBasicSearch","searchOpenDialogs":true,"interaction":{"idSuffix":"I"}},"clearTextFirst":true,"interactionType":"ENTER_TEXT"}]}
RESULT: {"script":"<script> [776 bytes]","args":[{"enterText":"7OGxiGkaWN","selector":{"id":"application-managehandovers-display-component---AddNewHO--smartFilterBar-btnBasicSearch","searchOpenDialogs":true,"interaction":{"idSuffix":"I"}},"clearTextFirst":true,"interactionType":"ENTER_TEXT"}]}
COMMAND: POST /session/d3cdda6f06e006695550ea94201d0e31/actions - {"actions":[{"id":"action75","type":"key","parameters":{},"actions":[{"type":"keyDown","value":"î€‡"},{"type":"pause","duration":10},{"type":"keyUp","value":"î€‡"}]}]}
RESULT: {"actions":[{"id":"action75","type":"key","parameters":{},"actions":[{"type":"keyDown","value":"î€‡"},{"type":"pause","duration":10},{"type":"keyUp","value":"î€‡"}]}]}
COMMAND: GET /session/d3cdda6f06e006695550ea94201d0e31/screenshot - {}
RESULT: {}
COMMAND: POST /session/d3cdda6f06e006695550ea94201d0e31/execute/async - {"script":"<script> [1562 bytes]","args":[{"selector":{"id":"application-managehandovers-display-component---AddNewHO--popup-sa","searchOpenDialogs":true,"interaction":{"idSuffix":"CbBg"}},"wdio_ui5_key":"applicationmanagehandovers-display-component---AddNewHO--popup-sa"}]}
RESULT: {"script":"<script> [1562 bytes]","args":[{"selector":{"id":"application-managehandovers-display-component---AddNewHO--popup-sa","searchOpenDialogs":true,"interaction":{"idSuffix":"CbBg"}},"wdio_ui5_key":"applicationmanagehandovers-display-component---AddNewHO--popup-sa"}]}
RESULT: undefined
COMMAND: POST /session/d3cdda6f06e006695550ea94201d0e31/element - {"using":"xpath","value":"//*[@id=\"application-managehandovers-display-component---AddNewHO--popup-sa\"]"}
RESULT: {"using":"xpath","value":"//*[@id=\"application-managehandovers-display-component---AddNewHO--popup-sa\"]"}
COMMAND: POST /session/d3cdda6f06e006695550ea94201d0e31/element/f.CF3EA173C6DD6742E6FF2C1FCC3ADAA5.d.83F743E422E802F46F4E1735CC858424.e.21093/click - {}
RESULT: {}
COMMAND: GET /session/d3cdda6f06e006695550ea94201d0e31/screenshot - {}
RESULT: {}
COMMAND: POST /session/d3cdda6f06e006695550ea94201d0e31/element - {"using":"xpath","value":"//bdi[contains(text(), \"Select\")]"}
RESULT: {"using":"xpath","value":"//bdi[contains(text(), \"Select\")]"}
COMMAND: POST /session/d3cdda6f06e006695550ea94201d0e31/element/f.CF3EA173C6DD6742E6FF2C1FCC3ADAA5.d.83F743E422E802F46F4E1735CC858424.e.21094/click - {}
RESULT: {}
COMMAND: GET /session/d3cdda6f06e006695550ea94201d0e31/screenshot - {}
RESULT: {}
COMMAND: POST /session/d3cdda6f06e006695550ea94201d0e31/element - {"using":"xpath","value":"//button[@data-kt=\"AddNewHOSaveButton\"]"}
RESULT: {"using":"xpath","value":"//button[@data-kt=\"AddNewHOSaveButton\"]"}
COMMAND: POST /session/d3cdda6f06e006695550ea94201d0e31/element/f.CF3EA173C6DD6742E6FF2C1FCC3ADAA5.d.83F743E422E802F46F4E1735CC858424.e.21098/click - {}
RESULT: {}
COMMAND: GET /session/d3cdda6f06e006695550ea94201d0e31/screenshot - {}
RESULT: {}
COMMAND: POST /session/d3cdda6f06e006695550ea94201d0e31/execute/async - {"script":"<script> [1562 bytes]","args":[{"selector":{"id":"receiptDatePicker","viewName":"etm.portal.ui.managehandovers.view.DetailExecuteHO","interaction":{"idSuffix":"inner"}},"wdio_ui5_key":"receiptDatePickeretmportal.ui.managehandovers.view.DetailExecuteHO"}]}
RESULT: {"script":"<script> [1562 bytes]","args":[{"selector":{"id":"receiptDatePicker","viewName":"etm.portal.ui.managehandovers.view.DetailExecuteHO","interaction":{"idSuffix":"inner"}},"wdio_ui5_key":"receiptDatePickeretmportal.ui.managehandovers.view.DetailExecuteHO"}]}
RESULT: undefined
COMMAND: POST /session/d3cdda6f06e006695550ea94201d0e31/execute/async - {"script":"<script> [6424 bytes]","args":[{"element-6066-11e4-a52e-4f735466cecf":"f.CF3EA173C6DD6742E6FF2C1FCC3ADAA5.d.83F743E422E802F46F4E1735CC858424.e.21110"},"setValue",["5/21/25"]]}
RESULT: {"script":"<script> [6424 bytes]","args":[{"element-6066-11e4-a52e-4f735466cecf":"f.CF3EA173C6DD6742E6FF2C1FCC3ADAA5.d.83F743E422E802F46F4E1735CC858424.e.21110"},"setValue",["5/21/25"]]}
COMMAND: POST /session/d3cdda6f06e006695550ea94201d0e31/element - {"using":"xpath","value":"//button[@data-kt=\"PickingTableConfirmAllButton\"]"}
RESULT: {"using":"xpath","value":"//button[@data-kt=\"PickingTableConfirmAllButton\"]"}
COMMAND: POST /session/d3cdda6f06e006695550ea94201d0e31/element/f.CF3EA173C6DD6742E6FF2C1FCC3ADAA5.d.83F743E422E802F46F4E1735CC858424.e.21133/click - {}
RESULT: {}
COMMAND: GET /session/d3cdda6f06e006695550ea94201d0e31/screenshot - {}
RESULT: {}
COMMAND: POST /session/d3cdda6f06e006695550ea94201d0e31/element - {"using":"xpath","value":"//bdi[contains(text(), \"OK\")]"}
RESULT: {"using":"xpath","value":"//bdi[contains(text(), \"OK\")]"}
COMMAND: POST /session/d3cdda6f06e006695550ea94201d0e31/element/f.CF3EA173C6DD6742E6FF2C1FCC3ADAA5.d.83F743E422E802F46F4E1735CC858424.e.21135/click - {}
RESULT: {}
COMMAND: GET /session/d3cdda6f06e006695550ea94201d0e31/screenshot - {}
RESULT: {}
COMMAND: POST /session/d3cdda6f06e006695550ea94201d0e31/element - {"using":"xpath","value":"(//bdi[contains(text(), \"Receive\")])[2]"}
RESULT: {"using":"xpath","value":"(//bdi[contains(text(), \"Receive\")])[2]"}
COMMAND: POST /session/d3cdda6f06e006695550ea94201d0e31/element/f.CF3EA173C6DD6742E6FF2C1FCC3ADAA5.d.83F743E422E802F46F4E1735CC858424.e.21137/click - {}
RESULT: {}
COMMAND: GET /session/d3cdda6f06e006695550ea94201d0e31/screenshot - {}
RESULT: {}
COMMAND: POST /session/d3cdda6f06e006695550ea94201d0e31/element - {"using":"css selector","value":"#shell-header-logo"}
RESULT: {"using":"css selector","value":"#shell-header-logo"}
COMMAND: POST /session/d3cdda6f06e006695550ea94201d0e31/element/f.CF3EA173C6DD6742E6FF2C1FCC3ADAA5.d.83F743E422E802F46F4E1735CC858424.e.20532/click - {}
RESULT: {}
COMMAND: GET /session/d3cdda6f06e006695550ea94201d0e31/screenshot - {}
RESULT: {}
]]></system-out>
    </testcase>
    <testcase classname="chrome.136_0_7103_93.windows.Billing_Calculation_-_Time_based_(considering_transport_times)_US139738" name="Should create a new contract" time="58.507">
      <system-out><![CDATA[
COMMAND: POST /session/d3cdda6f06e006695550ea94201d0e31/execute/async - {"script":"<script> [1562 bytes]","args":[{"selector":{"controlType":"sap.m.GenericTile","properties":{"header":"Manage Contracts"}},"wdio_ui5_key":"sapm.GenericTile{\"header\":\"Manage Contracts\"}"}]}
RESULT: {"script":"<script> [1562 bytes]","args":[{"selector":{"controlType":"sap.m.GenericTile","properties":{"header":"Manage Contracts"}},"wdio_ui5_key":"sapm.GenericTile{\"header\":\"Manage Contracts\"}"}]}
RESULT: undefined
COMMAND: POST /session/d3cdda6f06e006695550ea94201d0e31/element - {"using":"xpath","value":"//*[@id=\"__tile132\"]"}
RESULT: {"using":"xpath","value":"//*[@id=\"__tile132\"]"}
COMMAND: POST /session/d3cdda6f06e006695550ea94201d0e31/element/f.CF3EA173C6DD6742E6FF2C1FCC3ADAA5.d.83F743E422E802F46F4E1735CC858424.e.19295/click - {}
RESULT: {}
COMMAND: GET /session/d3cdda6f06e006695550ea94201d0e31/screenshot - {}
RESULT: {}
COMMAND: POST /session/d3cdda6f06e006695550ea94201d0e31/elements - {"using":"xpath","value":"//span[text()='Error']"}
RESULT: {"using":"xpath","value":"//span[text()='Error']"}
COMMAND: POST /session/d3cdda6f06e006695550ea94201d0e31/element - {"using":"xpath","value":"//button[@data-kt=\"addButton\"]"}
RESULT: {"using":"xpath","value":"//button[@data-kt=\"addButton\"]"}
COMMAND: POST /session/d3cdda6f06e006695550ea94201d0e31/elements - {"using":"xpath","value":"//button[@data-kt=\"addButton\"]"}
RESULT: {"using":"xpath","value":"//button[@data-kt=\"addButton\"]"}
COMMAND: POST /session/d3cdda6f06e006695550ea94201d0e31/execute/sync - {"script":"<script> [8489 bytes]","args":[{"element-6066-11e4-a52e-4f735466cecf":"f.CF3EA173C6DD6742E6FF2C1FCC3ADAA5.d.83F743E422E802F46F4E1735CC858424.e.21354","ELEMENT":"f.CF3EA173C6DD6742E6FF2C1FCC3ADAA5.d.83F743E422E802F46F4E1735CC858424.e.21354"}]}
RESULT: {"script":"<script> [8489 bytes]","args":[{"element-6066-11e4-a52e-4f735466cecf":"f.CF3EA173C6DD6742E6FF2C1FCC3ADAA5.d.83F743E422E802F46F4E1735CC858424.e.21354","ELEMENT":"f.CF3EA173C6DD6742E6FF2C1FCC3ADAA5.d.83F743E422E802F46F4E1735CC858424.e.21354"}]}
COMMAND: GET /session/d3cdda6f06e006695550ea94201d0e31/element/f.CF3EA173C6DD6742E6FF2C1FCC3ADAA5.d.83F743E422E802F46F4E1735CC858424.e.21354/enabled - {}
COMMAND: GET /session/d3cdda6f06e006695550ea94201d0e31/screenshot - {}
RESULT: {}
COMMAND: POST /session/d3cdda6f06e006695550ea94201d0e31/execute/sync - {"script":"<script> [8489 bytes]","args":[{"element-6066-11e4-a52e-4f735466cecf":"f.CF3EA173C6DD6742E6FF2C1FCC3ADAA5.d.83F743E422E802F46F4E1735CC858424.e.21354","ELEMENT":"f.CF3EA173C6DD6742E6FF2C1FCC3ADAA5.d.83F743E422E802F46F4E1735CC858424.e.21354"}]}
COMMAND: GET /session/d3cdda6f06e006695550ea94201d0e31/screenshot - {}
RESULT: {}
RESULT: {"script":"<script> [8489 bytes]","args":[{"element-6066-11e4-a52e-4f735466cecf":"f.CF3EA173C6DD6742E6FF2C1FCC3ADAA5.d.83F743E422E802F46F4E1735CC858424.e.21354","ELEMENT":"f.CF3EA173C6DD6742E6FF2C1FCC3ADAA5.d.83F743E422E802F46F4E1735CC858424.e.21354"}]}
COMMAND: POST /session/d3cdda6f06e006695550ea94201d0e31/execute/sync - {"script":"<script> [5351 bytes]","args":[{"element-6066-11e4-a52e-4f735466cecf":"f.CF3EA173C6DD6742E6FF2C1FCC3ADAA5.d.83F743E422E802F46F4E1735CC858424.e.21354","ELEMENT":"f.CF3EA173C6DD6742E6FF2C1FCC3ADAA5.d.83F743E422E802F46F4E1735CC858424.e.21354"}]}
COMMAND: GET /session/d3cdda6f06e006695550ea94201d0e31/screenshot - {}
RESULT: {}
RESULT: {"script":"<script> [5351 bytes]","args":[{"element-6066-11e4-a52e-4f735466cecf":"f.CF3EA173C6DD6742E6FF2C1FCC3ADAA5.d.83F743E422E802F46F4E1735CC858424.e.21354","ELEMENT":"f.CF3EA173C6DD6742E6FF2C1FCC3ADAA5.d.83F743E422E802F46F4E1735CC858424.e.21354"}]}
COMMAND: GET /session/d3cdda6f06e006695550ea94201d0e31/screenshot - {}
RESULT: {}
RESULT: {}
COMMAND: POST /session/d3cdda6f06e006695550ea94201d0e31/element/f.CF3EA173C6DD6742E6FF2C1FCC3ADAA5.d.83F743E422E802F46F4E1735CC858424.e.21354/click - {}
RESULT: {}
COMMAND: GET /session/d3cdda6f06e006695550ea94201d0e31/screenshot - {}
COMMAND: POST /session/d3cdda6f06e006695550ea94201d0e31/execute/async - {"script":"<script> [1562 bytes]","args":[{"selector":{"id":"application-managecontracts-display-component---AddNewContract--projectDescription","interaction":{"idSuffix":"inner"}},"wdio_ui5_key":"applicationmanagecontracts-display-component---AddNewContract--projectDescription"}]}
RESULT: {}
RESULT: {"script":"<script> [1562 bytes]","args":[{"selector":{"id":"application-managecontracts-display-component---AddNewContract--projectDescription","interaction":{"idSuffix":"inner"}},"wdio_ui5_key":"applicationmanagecontracts-display-component---AddNewContract--projectDescription"}]}
RESULT: undefined
COMMAND: POST /session/d3cdda6f06e006695550ea94201d0e31/execute/async - {"script":"<script> [776 bytes]","args":[{"enterText":"Contract WDIO","selector":{"id":"application-managecontracts-display-component---AddNewContract--projectDescription","interaction":{"idSuffix":"inner"}},"clearTextFirst":true,"interactionType":"ENTER_TEXT"}]}
RESULT: {"script":"<script> [776 bytes]","args":[{"enterText":"Contract WDIO","selector":{"id":"application-managecontracts-display-component---AddNewContract--projectDescription","interaction":{"idSuffix":"inner"}},"clearTextFirst":true,"interactionType":"ENTER_TEXT"}]}
COMMAND: POST /session/d3cdda6f06e006695550ea94201d0e31/element - {"using":"xpath","value":"//input[@id=\"application-managecontracts-display-component---AddNewContract--site-inner\"]"}
RESULT: {"using":"xpath","value":"//input[@id=\"application-managecontracts-display-component---AddNewContract--site-inner\"]"}
COMMAND: POST /session/d3cdda6f06e006695550ea94201d0e31/element/f.CF3EA173C6DD6742E6FF2C1FCC3ADAA5.d.83F743E422E802F46F4E1735CC858424.e.21705/clear - {}
RESULT: {}
COMMAND: POST /session/d3cdda6f06e006695550ea94201d0e31/element/f.CF3EA173C6DD6742E6FF2C1FCC3ADAA5.d.83F743E422E802F46F4E1735CC858424.e.21705/value - {"text":"2323"}
COMMAND: GET /session/d3cdda6f06e006695550ea94201d0e31/screenshot - {}
RESULT: {"text":"2323"}
COMMAND: GET /session/d3cdda6f06e006695550ea94201d0e31/screenshot - {}
RESULT: {}
RESULT: {}
COMMAND: POST /session/d3cdda6f06e006695550ea94201d0e31/element - {"using":"xpath","value":"//li[.//span[text()='2323']]"}
RESULT: {"using":"xpath","value":"//li[.//span[text()='2323']]"}
COMMAND: POST /session/d3cdda6f06e006695550ea94201d0e31/element/f.CF3EA173C6DD6742E6FF2C1FCC3ADAA5.d.83F743E422E802F46F4E1735CC858424.e.21737/click - {}
RESULT: {}
COMMAND: GET /session/d3cdda6f06e006695550ea94201d0e31/screenshot - {}
RESULT: {}
COMMAND: POST /session/d3cdda6f06e006695550ea94201d0e31/element - {"using":"xpath","value":"//input[@id=\"application-managecontracts-display-component---AddNewContract--yardId-inner\"]"}
RESULT: {"using":"xpath","value":"//input[@id=\"application-managecontracts-display-component---AddNewContract--yardId-inner\"]"}
COMMAND: GET /session/d3cdda6f06e006695550ea94201d0e31/element/f.CF3EA173C6DD6742E6FF2C1FCC3ADAA5.d.83F743E422E802F46F4E1735CC858424.e.21706/property/value - {}
RESULT: {}
COMMAND: POST /session/d3cdda6f06e006695550ea94201d0e31/element - {"using":"xpath","value":"//input[@id=\"application-managecontracts-display-component---AddNewContract--customerSelect-inner\"]"}
COMMAND: GET /session/d3cdda6f06e006695550ea94201d0e31/screenshot - {}
RESULT: {"using":"xpath","value":"//input[@id=\"application-managecontracts-display-component---AddNewContract--customerSelect-inner\"]"}
COMMAND: POST /session/d3cdda6f06e006695550ea94201d0e31/element/f.CF3EA173C6DD6742E6FF2C1FCC3ADAA5.d.83F743E422E802F46F4E1735CC858424.e.21704/clear - {}
RESULT: {}
RESULT: {}
COMMAND: POST /session/d3cdda6f06e006695550ea94201d0e31/element/f.CF3EA173C6DD6742E6FF2C1FCC3ADAA5.d.83F743E422E802F46F4E1735CC858424.e.21704/value - {"text":"1389"}
COMMAND: GET /session/d3cdda6f06e006695550ea94201d0e31/screenshot - {}
RESULT: {"text":"1389"}
COMMAND: GET /session/d3cdda6f06e006695550ea94201d0e31/screenshot - {}
RESULT: {}
RESULT: {}
COMMAND: POST /session/d3cdda6f06e006695550ea94201d0e31/element - {"using":"xpath","value":"//li[.//span[text()='1389']]"}
RESULT: {"using":"xpath","value":"//li[.//span[text()='1389']]"}
COMMAND: POST /session/d3cdda6f06e006695550ea94201d0e31/element/f.CF3EA173C6DD6742E6FF2C1FCC3ADAA5.d.83F743E422E802F46F4E1735CC858424.e.21740/click - {}
RESULT: {}
COMMAND: GET /session/d3cdda6f06e006695550ea94201d0e31/screenshot - {}
RESULT: {}
COMMAND: POST /session/d3cdda6f06e006695550ea94201d0e31/element - {"using":"xpath","value":"//button[@data-kt=\"saveButton\"]"}
RESULT: {"using":"xpath","value":"//button[@data-kt=\"saveButton\"]"}
COMMAND: POST /session/d3cdda6f06e006695550ea94201d0e31/element/f.CF3EA173C6DD6742E6FF2C1FCC3ADAA5.d.83F743E422E802F46F4E1735CC858424.e.21741/click - {}
RESULT: {}
COMMAND: GET /session/d3cdda6f06e006695550ea94201d0e31/screenshot - {}
RESULT: {}
COMMAND: POST /session/d3cdda6f06e006695550ea94201d0e31/element - {"using":"xpath","value":"//span[contains(@id ,\"contractDetailTitleNoExpanded\")]"}
RESULT: {"using":"xpath","value":"//span[contains(@id ,\"contractDetailTitleNoExpanded\")]"}
COMMAND: POST /session/d3cdda6f06e006695550ea94201d0e31/elements - {"using":"xpath","value":"//span[contains(@id ,\"contractDetailTitleNoExpanded\")]"}
RESULT: {"using":"xpath","value":"//span[contains(@id ,\"contractDetailTitleNoExpanded\")]"}
COMMAND: POST /session/d3cdda6f06e006695550ea94201d0e31/execute/sync - {"script":"<script> [56 bytes]","args":[{"element-6066-11e4-a52e-4f735466cecf":"f.CF3EA173C6DD6742E6FF2C1FCC3ADAA5.d.83F743E422E802F46F4E1735CC858424.e.21810","ELEMENT":"f.CF3EA173C6DD6742E6FF2C1FCC3ADAA5.d.83F743E422E802F46F4E1735CC858424.e.21810"}]}
RESULT: {"script":"<script> [56 bytes]","args":[{"element-6066-11e4-a52e-4f735466cecf":"f.CF3EA173C6DD6742E6FF2C1FCC3ADAA5.d.83F743E422E802F46F4E1735CC858424.e.21810","ELEMENT":"f.CF3EA173C6DD6742E6FF2C1FCC3ADAA5.d.83F743E422E802F46F4E1735CC858424.e.21810"}]}
COMMAND: GET /session/d3cdda6f06e006695550ea94201d0e31/screenshot - {}
RESULT: {}
]]></system-out>
    </testcase>
    <testcase classname="chrome.136_0_7103_93.windows.Billing_Calculation_-_Time_based_(considering_transport_times)_US139738" name="Should add transport time checkbox on contract details" time="15.868">
      <system-out><![CDATA[
COMMAND: POST /session/d3cdda6f06e006695550ea94201d0e31/element - {"using":"xpath","value":"//button[@data-kt=\"contractDetailEditBtnButton\"]"}
RESULT: {"using":"xpath","value":"//button[@data-kt=\"contractDetailEditBtnButton\"]"}
COMMAND: POST /session/d3cdda6f06e006695550ea94201d0e31/element/f.CF3EA173C6DD6742E6FF2C1FCC3ADAA5.d.83F743E422E802F46F4E1735CC858424.e.21813/click - {}
RESULT: {}
COMMAND: GET /session/d3cdda6f06e006695550ea94201d0e31/screenshot - {}
RESULT: {}
COMMAND: POST /session/d3cdda6f06e006695550ea94201d0e31/element - {"using":"xpath","value":"(//span[contains(text(), \"Contract Billing\")])[2]"}
RESULT: {"using":"xpath","value":"(//span[contains(text(), \"Contract Billing\")])[2]"}
COMMAND: POST /session/d3cdda6f06e006695550ea94201d0e31/element/f.CF3EA173C6DD6742E6FF2C1FCC3ADAA5.d.83F743E422E802F46F4E1735CC858424.e.21868/click - {}
RESULT: {}
COMMAND: GET /session/d3cdda6f06e006695550ea94201d0e31/screenshot - {}
RESULT: {}
COMMAND: POST /session/d3cdda6f06e006695550ea94201d0e31/element - {"using":"xpath","value":"(//div[contains(@id, \"transportTimesBilled-CbBg\")])"}
RESULT: {"using":"xpath","value":"(//div[contains(@id, \"transportTimesBilled-CbBg\")])"}
COMMAND: POST /session/d3cdda6f06e006695550ea94201d0e31/element/f.CF3EA173C6DD6742E6FF2C1FCC3ADAA5.d.83F743E422E802F46F4E1735CC858424.e.21899/click - {}
RESULT: {}
COMMAND: GET /session/d3cdda6f06e006695550ea94201d0e31/screenshot - {}
RESULT: {}
COMMAND: POST /session/d3cdda6f06e006695550ea94201d0e31/element - {"using":"xpath","value":"(//button[@data-kt=\"saveButton\"])[2]"}
RESULT: {"using":"xpath","value":"(//button[@data-kt=\"saveButton\"])[2]"}
COMMAND: POST /session/d3cdda6f06e006695550ea94201d0e31/element/f.CF3EA173C6DD6742E6FF2C1FCC3ADAA5.d.83F743E422E802F46F4E1735CC858424.e.21900/click - {}
RESULT: {}
COMMAND: GET /session/d3cdda6f06e006695550ea94201d0e31/screenshot - {}
RESULT: {}
]]></system-out>
    </testcase>
    <testcase classname="chrome.136_0_7103_93.windows.Billing_Calculation_-_Time_based_(considering_transport_times)_US139738" name="Should add created equipment to contract" time="47.341">
      <system-out><![CDATA[
COMMAND: POST /session/d3cdda6f06e006695550ea94201d0e31/element - {"using":"xpath","value":"//button[@data-kt=\"contractDetailEditBtnButton\"]"}
RESULT: {"using":"xpath","value":"//button[@data-kt=\"contractDetailEditBtnButton\"]"}
COMMAND: POST /session/d3cdda6f06e006695550ea94201d0e31/element/f.CF3EA173C6DD6742E6FF2C1FCC3ADAA5.d.83F743E422E802F46F4E1735CC858424.e.21813/click - {}
RESULT: {}
COMMAND: GET /session/d3cdda6f06e006695550ea94201d0e31/screenshot - {}
RESULT: {}
COMMAND: POST /session/d3cdda6f06e006695550ea94201d0e31/element - {"using":"xpath","value":"(//span[contains(text(), \"Additional Addresses\")])[2]"}
RESULT: {"using":"xpath","value":"(//span[contains(text(), \"Additional Addresses\")])[2]"}
COMMAND: POST /session/d3cdda6f06e006695550ea94201d0e31/element/f.CF3EA173C6DD6742E6FF2C1FCC3ADAA5.d.83F743E422E802F46F4E1735CC858424.e.21916/click - {}
RESULT: {}
COMMAND: GET /session/d3cdda6f06e006695550ea94201d0e31/screenshot - {}
RESULT: {}
COMMAND: POST /session/d3cdda6f06e006695550ea94201d0e31/element - {"using":"xpath","value":"//button[@data-kt=\"btnAddTableRowOverflowToolbarButton\"]"}
RESULT: {"using":"xpath","value":"//button[@data-kt=\"btnAddTableRowOverflowToolbarButton\"]"}
COMMAND: POST /session/d3cdda6f06e006695550ea94201d0e31/element/f.CF3EA173C6DD6742E6FF2C1FCC3ADAA5.d.83F743E422E802F46F4E1735CC858424.e.21919/click - {}
RESULT: {}
COMMAND: GET /session/d3cdda6f06e006695550ea94201d0e31/screenshot - {}
RESULT: {}
COMMAND: POST /session/d3cdda6f06e006695550ea94201d0e31/element - {"using":"xpath","value":"//div[(text() = 'Standard Entry' or . = 'Standard Entry')]"}
RESULT: {"using":"xpath","value":"//div[(text() = 'Standard Entry' or . = 'Standard Entry')]"}
COMMAND: POST /session/d3cdda6f06e006695550ea94201d0e31/element/f.CF3EA173C6DD6742E6FF2C1FCC3ADAA5.d.83F743E422E802F46F4E1735CC858424.e.21921/click - {}
RESULT: {}
COMMAND: GET /session/d3cdda6f06e006695550ea94201d0e31/screenshot - {}
RESULT: {}
COMMAND: POST /session/d3cdda6f06e006695550ea94201d0e31/element - {"using":"xpath","value":"//td[7]/div/div/input"}
RESULT: {"using":"xpath","value":"//td[7]/div/div/input"}
COMMAND: POST /session/d3cdda6f06e006695550ea94201d0e31/element/f.CF3EA173C6DD6742E6FF2C1FCC3ADAA5.d.83F743E422E802F46F4E1735CC858424.e.21930/clear - {}
RESULT: {}
COMMAND: POST /session/d3cdda6f06e006695550ea94201d0e31/element/f.CF3EA173C6DD6742E6FF2C1FCC3ADAA5.d.83F743E422E802F46F4E1735CC858424.e.21930/value - {"text":"7OGxiGkaWN"}
COMMAND: GET /session/d3cdda6f06e006695550ea94201d0e31/screenshot - {}
RESULT: {"text":"7OGxiGkaWN"}
COMMAND: GET /session/d3cdda6f06e006695550ea94201d0e31/screenshot - {}
RESULT: {}
RESULT: {}
COMMAND: POST /session/d3cdda6f06e006695550ea94201d0e31/actions - {"actions":[{"id":"action76","type":"key","parameters":{},"actions":[{"type":"keyDown","value":"î€‡"},{"type":"pause","duration":10},{"type":"keyUp","value":"î€‡"}]}]}
RESULT: {"actions":[{"id":"action76","type":"key","parameters":{},"actions":[{"type":"keyDown","value":"î€‡"},{"type":"pause","duration":10},{"type":"keyUp","value":"î€‡"}]}]}
COMMAND: GET /session/d3cdda6f06e006695550ea94201d0e31/screenshot - {}
RESULT: {}
COMMAND: POST /session/d3cdda6f06e006695550ea94201d0e31/execute/sync - {"script":"<script> [276 bytes]","args":["No pricing information was found"]}
RESULT: {"script":"<script> [276 bytes]","args":["No pricing information was found"]}
COMMAND: POST /session/d3cdda6f06e006695550ea94201d0e31/element - {"using":"xpath","value":"(//button[@data-kt=\"saveButton\"])[2]"}
COMMAND: GET /session/d3cdda6f06e006695550ea94201d0e31/screenshot - {}
RESULT: {"using":"xpath","value":"(//button[@data-kt=\"saveButton\"])[2]"}
COMMAND: POST /session/d3cdda6f06e006695550ea94201d0e31/element/f.CF3EA173C6DD6742E6FF2C1FCC3ADAA5.d.83F743E422E802F46F4E1735CC858424.e.21900/click - {}
RESULT: {}
RESULT: {}
COMMAND: GET /session/d3cdda6f06e006695550ea94201d0e31/screenshot - {}
RESULT: {}
COMMAND: POST /session/d3cdda6f06e006695550ea94201d0e31/execute/sync - {"script":"<script> [276 bytes]","args":["Some contract items are having rental validity exceeding header rental validity"]}
RESULT: {"script":"<script> [276 bytes]","args":["Some contract items are having rental validity exceeding header rental validity"]}
COMMAND: GET /session/d3cdda6f06e006695550ea94201d0e31/screenshot - {}
RESULT: {}
COMMAND: POST /session/d3cdda6f06e006695550ea94201d0e31/element - {"using":"xpath","value":"//span[contains(@id ,\"contractItemsSmartTable-header-inner\")]"}
RESULT: {"using":"xpath","value":"//span[contains(@id ,\"contractItemsSmartTable-header-inner\")]"}
COMMAND: POST /session/d3cdda6f06e006695550ea94201d0e31/elements - {"using":"xpath","value":"//span[contains(@id ,\"contractItemsSmartTable-header-inner\")]"}
RESULT: {"using":"xpath","value":"//span[contains(@id ,\"contractItemsSmartTable-header-inner\")]"}
COMMAND: POST /session/d3cdda6f06e006695550ea94201d0e31/execute/sync - {"script":"<script> [56 bytes]","args":[{"element-6066-11e4-a52e-4f735466cecf":"f.CF3EA173C6DD6742E6FF2C1FCC3ADAA5.d.83F743E422E802F46F4E1735CC858424.e.21951","ELEMENT":"f.CF3EA173C6DD6742E6FF2C1FCC3ADAA5.d.83F743E422E802F46F4E1735CC858424.e.21951"}]}
RESULT: {"script":"<script> [56 bytes]","args":[{"element-6066-11e4-a52e-4f735466cecf":"f.CF3EA173C6DD6742E6FF2C1FCC3ADAA5.d.83F743E422E802F46F4E1735CC858424.e.21951","ELEMENT":"f.CF3EA173C6DD6742E6FF2C1FCC3ADAA5.d.83F743E422E802F46F4E1735CC858424.e.21951"}]}
]]></system-out>
    </testcase>
    <testcase classname="chrome.136_0_7103_93.windows.Billing_Calculation_-_Time_based_(considering_transport_times)_US139738" name="Should do a provide to site 2 step" time="138.962">
      <system-out><![CDATA[
COMMAND: POST /session/d3cdda6f06e006695550ea94201d0e31/element - {"using":"xpath","value":"//button[@data-kt=\"provideButton\"]"}
COMMAND: GET /session/d3cdda6f06e006695550ea94201d0e31/screenshot - {}
RESULT: {"using":"xpath","value":"//button[@data-kt=\"provideButton\"]"}
COMMAND: POST /session/d3cdda6f06e006695550ea94201d0e31/element/f.CF3EA173C6DD6742E6FF2C1FCC3ADAA5.d.83F743E422E802F46F4E1735CC858424.e.21952/click - {}
RESULT: {}
RESULT: {}
COMMAND: GET /session/d3cdda6f06e006695550ea94201d0e31/screenshot - {}
RESULT: {}
COMMAND: POST /session/d3cdda6f06e006695550ea94201d0e31/element - {"using":"xpath","value":"(//div[contains(@id, \"application-managehandovers-display-component---AddNewHO--oneStep-CbBg\")])"}
RESULT: {"using":"xpath","value":"(//div[contains(@id, \"application-managehandovers-display-component---AddNewHO--oneStep-CbBg\")])"}
COMMAND: POST /session/d3cdda6f06e006695550ea94201d0e31/element - {"using":"xpath","value":"(//div[contains(@id, \"application-managehandovers-display-component---AddNewHO--oneStep-CbBg\")])/input"}
RESULT: {"using":"xpath","value":"(//div[contains(@id, \"application-managehandovers-display-component---AddNewHO--oneStep-CbBg\")])/input"}
COMMAND: GET /session/d3cdda6f06e006695550ea94201d0e31/element/f.CF3EA173C6DD6742E6FF2C1FCC3ADAA5.d.83F743E422E802F46F4E1735CC858424.e.22011/attribute/checked - {}
RESULT: {}
RESULT: undefined
COMMAND: POST /session/d3cdda6f06e006695550ea94201d0e31/execute/async - {"script":"<script> [6424 bytes]","args":[{"element-6066-11e4-a52e-4f735466cecf":"f.CF3EA173C6DD6742E6FF2C1FCC3ADAA5.d.83F743E422E802F46F4E1735CC858424.e.20916"},"setValue",["5/21/25"]]}
COMMAND: POST /session/d3cdda6f06e006695550ea94201d0e31/element/f.CF3EA173C6DD6742E6FF2C1FCC3ADAA5.d.83F743E422E802F46F4E1735CC858424.e.22257/click - {}
COMMAND: POST /session/d3cdda6f06e006695550ea94201d0e31/execute/async - {"script":"<script> [1562 bytes]","args":[{"selector":{"id":"application-managehandovers-display-component---AddNewHO--dueDate","interaction":{"idSuffix":"inner"}},"wdio_ui5_key":"applicationmanagehandovers-display-component---AddNewHO--dueDate"}]}
RESULT: {}
COMMAND: GET /session/d3cdda6f06e006695550ea94201d0e31/screenshot - {}
RESULT: {"script":"<script> [1562 bytes]","args":[{"selector":{"id":"application-managehandovers-display-component---AddNewHO--dueDate","interaction":{"idSuffix":"inner"}},"wdio_ui5_key":"applicationmanagehandovers-display-component---AddNewHO--dueDate"}]}
COMMAND: POST /session/d3cdda6f06e006695550ea94201d0e31/execute/async - {"script":"<script> [6424 bytes]","args":[{"element-6066-11e4-a52e-4f735466cecf":"f.CF3EA173C6DD6742E6FF2C1FCC3ADAA5.d.83F743E422E802F46F4E1735CC858424.e.22009"},"setValue",["5/21/25"]]}
RESULT: {}
RESULT: {"script":"<script> [6424 bytes]","args":[{"element-6066-11e4-a52e-4f735466cecf":"f.CF3EA173C6DD6742E6FF2C1FCC3ADAA5.d.83F743E422E802F46F4E1735CC858424.e.22009"},"setValue",["5/21/25"]]}
COMMAND: POST /session/d3cdda6f06e006695550ea94201d0e31/element - {"using":"xpath","value":"//bdi[contains(text(), \"Instructions\")]"}
RESULT: {"using":"xpath","value":"//bdi[contains(text(), \"Instructions\")]"}
COMMAND: POST /session/d3cdda6f06e006695550ea94201d0e31/element/f.CF3EA173C6DD6742E6FF2C1FCC3ADAA5.d.83F743E422E802F46F4E1735CC858424.e.22259/click - {}
RESULT: {}
COMMAND: GET /session/d3cdda6f06e006695550ea94201d0e31/screenshot - {}
RESULT: {}
COMMAND: POST /session/d3cdda6f06e006695550ea94201d0e31/element - {"using":"xpath","value":"//button[@data-kt=\"AddNewHOProvideAddItemsButton\"]"}
RESULT: {"using":"xpath","value":"//button[@data-kt=\"AddNewHOProvideAddItemsButton\"]"}
COMMAND: POST /session/d3cdda6f06e006695550ea94201d0e31/element/f.CF3EA173C6DD6742E6FF2C1FCC3ADAA5.d.83F743E422E802F46F4E1735CC858424.e.22262/click - {}
RESULT: {}
COMMAND: GET /session/d3cdda6f06e006695550ea94201d0e31/screenshot - {}
RESULT: {}
RESULT: undefined
COMMAND: POST /session/d3cdda6f06e006695550ea94201d0e31/element - {"using":"xpath","value":"//*[@id=\"application-managehandovers-display-component---AddNewHO--popup-sa\"]"}
RESULT: {"using":"xpath","value":"//*[@id=\"application-managehandovers-display-component---AddNewHO--popup-sa\"]"}
COMMAND: POST /session/d3cdda6f06e006695550ea94201d0e31/element/f.CF3EA173C6DD6742E6FF2C1FCC3ADAA5.d.83F743E422E802F46F4E1735CC858424.e.22279/click - {}
RESULT: {}
COMMAND: GET /session/d3cdda6f06e006695550ea94201d0e31/screenshot - {}
RESULT: {}
COMMAND: POST /session/d3cdda6f06e006695550ea94201d0e31/element - {"using":"xpath","value":"//*[contains(@id ,\"BDI-content\")][contains(text(), \"Select\")]"}
RESULT: {"using":"xpath","value":"//*[contains(@id ,\"BDI-content\")][contains(text(), \"Select\")]"}
COMMAND: POST /session/d3cdda6f06e006695550ea94201d0e31/element/f.CF3EA173C6DD6742E6FF2C1FCC3ADAA5.d.83F743E422E802F46F4E1735CC858424.e.22281/click - {}
RESULT: {}
COMMAND: GET /session/d3cdda6f06e006695550ea94201d0e31/screenshot - {}
RESULT: {}
COMMAND: POST /session/d3cdda6f06e006695550ea94201d0e31/execute/async - {"script":"<script> [1562 bytes]","args":[{"selector":{"id":"application-managehandovers-display-component---AddNewHO--confirmCreationButton","interaction":{"idSuffix":"BDI-content"}},"wdio_ui5_key":"applicationmanagehandovers-display-component---AddNewHO--confirmCreationButton"}]}
RESULT: {"script":"<script> [1562 bytes]","args":[{"selector":{"id":"application-managehandovers-display-component---AddNewHO--confirmCreationButton","interaction":{"idSuffix":"BDI-content"}},"wdio_ui5_key":"applicationmanagehandovers-display-component---AddNewHO--confirmCreationButton"}]}
RESULT: undefined
COMMAND: POST /session/d3cdda6f06e006695550ea94201d0e31/element - {"using":"xpath","value":"//*[@id=\"application-managehandovers-display-component---AddNewHO--confirmCreationButton\"]"}
RESULT: {"using":"xpath","value":"//*[@id=\"application-managehandovers-display-component---AddNewHO--confirmCreationButton\"]"}
COMMAND: POST /session/d3cdda6f06e006695550ea94201d0e31/element/f.CF3EA173C6DD6742E6FF2C1FCC3ADAA5.d.83F743E422E802F46F4E1735CC858424.e.22087/click - {}
RESULT: {}
COMMAND: GET /session/d3cdda6f06e006695550ea94201d0e31/screenshot - {}
RESULT: {}
COMMAND: POST /session/d3cdda6f06e006695550ea94201d0e31/execute/async - {"script":"<script> [1562 bytes]","args":[{"selector":{"id":"issueDatePicker","viewName":"etm.portal.ui.managehandovers.view.DetailExecuteHO","interaction":{"idSuffix":"inner"}},"wdio_ui5_key":"issueDatePickeretmportal.ui.managehandovers.view.DetailExecuteHO"}]}
RESULT: {"script":"<script> [1562 bytes]","args":[{"selector":{"id":"issueDatePicker","viewName":"etm.portal.ui.managehandovers.view.DetailExecuteHO","interaction":{"idSuffix":"inner"}},"wdio_ui5_key":"issueDatePickeretmportal.ui.managehandovers.view.DetailExecuteHO"}]}
RESULT: undefined
COMMAND: POST /session/d3cdda6f06e006695550ea94201d0e31/execute/async - {"script":"<script> [776 bytes]","args":[{"enterText":"5/21/25","selector":{"id":"issueDatePicker","viewName":"etm.portal.ui.managehandovers.view.DetailExecuteHO","interaction":{"idSuffix":"inner"}},"clearTextFirst":true,"interactionType":"ENTER_TEXT"}]}
RESULT: {"script":"<script> [776 bytes]","args":[{"enterText":"5/21/25","selector":{"id":"issueDatePicker","viewName":"etm.portal.ui.managehandovers.view.DetailExecuteHO","interaction":{"idSuffix":"inner"}},"clearTextFirst":true,"interactionType":"ENTER_TEXT"}]}
COMMAND: POST /session/d3cdda6f06e006695550ea94201d0e31/element - {"using":"xpath","value":"//bdi[contains(text(), \"OK\")]"}
RESULT: {"using":"xpath","value":"//bdi[contains(text(), \"OK\")]"}
COMMAND: POST /session/d3cdda6f06e006695550ea94201d0e31/element/f.CF3EA173C6DD6742E6FF2C1FCC3ADAA5.d.83F743E422E802F46F4E1735CC858424.e.22346/click - {}
RESULT: {}
COMMAND: GET /session/d3cdda6f06e006695550ea94201d0e31/screenshot - {}
RESULT: {}
COMMAND: POST /session/d3cdda6f06e006695550ea94201d0e31/element - {"using":"xpath","value":"//button[@data-kt=\"PickingTableConfirmAllButton\"]"}
RESULT: {"using":"xpath","value":"//button[@data-kt=\"PickingTableConfirmAllButton\"]"}
COMMAND: POST /session/d3cdda6f06e006695550ea94201d0e31/element/f.CF3EA173C6DD6742E6FF2C1FCC3ADAA5.d.83F743E422E802F46F4E1735CC858424.e.22351/click - {}
RESULT: {}
COMMAND: GET /session/d3cdda6f06e006695550ea94201d0e31/screenshot - {}
RESULT: {}
COMMAND: POST /session/d3cdda6f06e006695550ea94201d0e31/element - {"using":"xpath","value":"//bdi[contains(text(), \"OK\")]"}
RESULT: {"using":"xpath","value":"//bdi[contains(text(), \"OK\")]"}
COMMAND: POST /session/d3cdda6f06e006695550ea94201d0e31/element/f.CF3EA173C6DD6742E6FF2C1FCC3ADAA5.d.83F743E422E802F46F4E1735CC858424.e.22355/click - {}
RESULT: {}
COMMAND: GET /session/d3cdda6f06e006695550ea94201d0e31/screenshot - {}
RESULT: {}
COMMAND: POST /session/d3cdda6f06e006695550ea94201d0e31/element - {"using":"xpath","value":"//button[@data-kt=\"execHoPickButton\"]"}
RESULT: {"using":"xpath","value":"//button[@data-kt=\"execHoPickButton\"]"}
COMMAND: POST /session/d3cdda6f06e006695550ea94201d0e31/element/f.CF3EA173C6DD6742E6FF2C1FCC3ADAA5.d.83F743E422E802F46F4E1735CC858424.e.22356/click - {}
RESULT: {}
COMMAND: GET /session/d3cdda6f06e006695550ea94201d0e31/screenshot - {}
RESULT: {}
COMMAND: POST /session/d3cdda6f06e006695550ea94201d0e31/element - {"using":"xpath","value":"//span[contains(@id ,\"filterItemControl_BASIC-RECEIVE_CONTRACT-vhi\")]"}
RESULT: {"using":"xpath","value":"//span[contains(@id ,\"filterItemControl_BASIC-RECEIVE_CONTRACT-vhi\")]"}
COMMAND: POST /session/d3cdda6f06e006695550ea94201d0e31/element/f.CF3EA173C6DD6742E6FF2C1FCC3ADAA5.d.83F743E422E802F46F4E1735CC858424.e.22530/click - {}
RESULT: {}
COMMAND: GET /session/d3cdda6f06e006695550ea94201d0e31/screenshot - {}
RESULT: {}
COMMAND: POST /session/d3cdda6f06e006695550ea94201d0e31/execute/async - {"script":"<script> [1562 bytes]","args":[{"selector":{"controlType":"sap.m.SearchField","viewName":"etm.portal.ui.managehandovers.view.MasterHO","bindingPath":{"path":"","propertyPath":"/_BASIC_SEARCH_FIELD","modelName":"fi1t3rM0d31"},"searchOpenDialogs":true,"interaction":{"idSuffix":"I"}},"wdio_ui5_key":"etmportal.ui.managehandovers.view.MasterHOsap.m.SearchField{\"path\":\"\",\"propertyPath\":\"/_BASIC_SEARCH_FIELD\",\"modelName\":\"fi1t3rM0d31\"}"}]}
RESULT: {"script":"<script> [1562 bytes]","args":[{"selector":{"controlType":"sap.m.SearchField","viewName":"etm.portal.ui.managehandovers.view.MasterHO","bindingPath":{"path":"","propertyPath":"/_BASIC_SEARCH_FIELD","modelName":"fi1t3rM0d31"},"searchOpenDialogs":true,"interaction":{"idSuffix":"I"}},"wdio_ui5_key":"etmportal.ui.managehandovers.view.MasterHOsap.m.SearchField{\"path\":\"\",\"propertyPath\":\"/_BASIC_SEARCH_FIELD\",\"modelName\":\"fi1t3rM0d31\"}"}]}
RESULT: undefined
COMMAND: POST /session/d3cdda6f06e006695550ea94201d0e31/execute/async - {"script":"<script> [776 bytes]","args":[{"enterText":"10464","selector":{"controlType":"sap.m.SearchField","viewName":"etm.portal.ui.managehandovers.view.MasterHO","bindingPath":{"path":"","propertyPath":"/_BASIC_SEARCH_FIELD","modelName":"fi1t3rM0d31"},"searchOpenDialogs":true,"interaction":{"idSuffix":"I"}},"clearTextFirst":true,"interactionType":"ENTER_TEXT"}]}
RESULT: {"script":"<script> [776 bytes]","args":[{"enterText":"10464","selector":{"controlType":"sap.m.SearchField","viewName":"etm.portal.ui.managehandovers.view.MasterHO","bindingPath":{"path":"","propertyPath":"/_BASIC_SEARCH_FIELD","modelName":"fi1t3rM0d31"},"searchOpenDialogs":true,"interaction":{"idSuffix":"I"}},"clearTextFirst":true,"interactionType":"ENTER_TEXT"}]}
COMMAND: POST /session/d3cdda6f06e006695550ea94201d0e31/actions - {"actions":[{"id":"action77","type":"key","parameters":{},"actions":[{"type":"keyDown","value":"î€‡"},{"type":"pause","duration":10},{"type":"keyUp","value":"î€‡"}]}]}
RESULT: {"actions":[{"id":"action77","type":"key","parameters":{},"actions":[{"type":"keyDown","value":"î€‡"},{"type":"pause","duration":10},{"type":"keyUp","value":"î€‡"}]}]}
COMMAND: GET /session/d3cdda6f06e006695550ea94201d0e31/screenshot - {}
RESULT: {}
COMMAND: POST /session/d3cdda6f06e006695550ea94201d0e31/element - {"using":"xpath","value":"//div[contains(@id, 'filterItemControl_BASIC-RECEIVE_CONTRACT-valueHelpDialog-table-rowsel0')]"}
RESULT: {"using":"xpath","value":"//div[contains(@id, 'filterItemControl_BASIC-RECEIVE_CONTRACT-valueHelpDialog-table-rowsel0')]"}
COMMAND: POST /session/d3cdda6f06e006695550ea94201d0e31/element/f.CF3EA173C6DD6742E6FF2C1FCC3ADAA5.d.83F743E422E802F46F4E1735CC858424.e.22540/click - {}
RESULT: {}
COMMAND: GET /session/d3cdda6f06e006695550ea94201d0e31/screenshot - {}
RESULT: {}
COMMAND: POST /session/d3cdda6f06e006695550ea94201d0e31/element - {"using":"xpath","value":"//bdi[contains(text(), \"OK\")]"}
RESULT: {"using":"xpath","value":"//bdi[contains(text(), \"OK\")]"}
COMMAND: POST /session/d3cdda6f06e006695550ea94201d0e31/element/f.CF3EA173C6DD6742E6FF2C1FCC3ADAA5.d.83F743E422E802F46F4E1735CC858424.e.22542/click - {}
RESULT: {}
COMMAND: GET /session/d3cdda6f06e006695550ea94201d0e31/screenshot - {}
RESULT: {}
COMMAND: POST /session/d3cdda6f06e006695550ea94201d0e31/element - {"using":"xpath","value":"//span[contains(@id, \"smartTable-header-inner\")]"}
RESULT: {"using":"xpath","value":"//span[contains(@id, \"smartTable-header-inner\")]"}
COMMAND: POST /session/d3cdda6f06e006695550ea94201d0e31/elements - {"using":"xpath","value":"//span[contains(@id, \"smartTable-header-inner\")]"}
RESULT: {"using":"xpath","value":"//span[contains(@id, \"smartTable-header-inner\")]"}
COMMAND: POST /session/d3cdda6f06e006695550ea94201d0e31/execute/sync - {"script":"<script> [56 bytes]","args":[{"element-6066-11e4-a52e-4f735466cecf":"f.CF3EA173C6DD6742E6FF2C1FCC3ADAA5.d.83F743E422E802F46F4E1735CC858424.e.22570","ELEMENT":"f.CF3EA173C6DD6742E6FF2C1FCC3ADAA5.d.83F743E422E802F46F4E1735CC858424.e.22570"}]}
RESULT: {"script":"<script> [56 bytes]","args":[{"element-6066-11e4-a52e-4f735466cecf":"f.CF3EA173C6DD6742E6FF2C1FCC3ADAA5.d.83F743E422E802F46F4E1735CC858424.e.22570","ELEMENT":"f.CF3EA173C6DD6742E6FF2C1FCC3ADAA5.d.83F743E422E802F46F4E1735CC858424.e.22570"}]}
COMMAND: POST /session/d3cdda6f06e006695550ea94201d0e31/element - {"using":"xpath","value":"//table[contains(@id, \"customHandovers\")]//tbody/tr[1]/td[2]/span"}
COMMAND: GET /session/d3cdda6f06e006695550ea94201d0e31/screenshot - {}
RESULT: {"using":"xpath","value":"//table[contains(@id, \"customHandovers\")]//tbody/tr[1]/td[2]/span"}
COMMAND: POST /session/d3cdda6f06e006695550ea94201d0e31/execute/sync - {"script":"<script> [56 bytes]","args":[{"element-6066-11e4-a52e-4f735466cecf":"f.CF3EA173C6DD6742E6FF2C1FCC3ADAA5.d.83F743E422E802F46F4E1735CC858424.e.22571","ELEMENT":"f.CF3EA173C6DD6742E6FF2C1FCC3ADAA5.d.83F743E422E802F46F4E1735CC858424.e.22571"}]}
RESULT: {}
RESULT: {"script":"<script> [56 bytes]","args":[{"element-6066-11e4-a52e-4f735466cecf":"f.CF3EA173C6DD6742E6FF2C1FCC3ADAA5.d.83F743E422E802F46F4E1735CC858424.e.22571","ELEMENT":"f.CF3EA173C6DD6742E6FF2C1FCC3ADAA5.d.83F743E422E802F46F4E1735CC858424.e.22571"}]}
COMMAND: POST /session/d3cdda6f06e006695550ea94201d0e31/element - {"using":"xpath","value":"(//span[contains(@id, \"imgNav\")])[1]"}
COMMAND: GET /session/d3cdda6f06e006695550ea94201d0e31/screenshot - {}
RESULT: {"using":"xpath","value":"(//span[contains(@id, \"imgNav\")])[1]"}
COMMAND: POST /session/d3cdda6f06e006695550ea94201d0e31/element/f.CF3EA173C6DD6742E6FF2C1FCC3ADAA5.d.83F743E422E802F46F4E1735CC858424.e.22568/click - {}
RESULT: {}
RESULT: {}
COMMAND: GET /session/d3cdda6f06e006695550ea94201d0e31/screenshot - {}
RESULT: {}
RESULT: undefined
COMMAND: POST /session/d3cdda6f06e006695550ea94201d0e31/execute/async - {"script":"<script> [776 bytes]","args":[{"enterText":"5/21/25","selector":{"id":"issueDatePicker","viewName":"etm.portal.ui.managehandovers.view.DetailExecuteHO","interaction":{"idSuffix":"inner"}},"clearTextFirst":true,"interactionType":"ENTER_TEXT"}]}
RESULT: {"script":"<script> [776 bytes]","args":[{"enterText":"5/21/25","selector":{"id":"issueDatePicker","viewName":"etm.portal.ui.managehandovers.view.DetailExecuteHO","interaction":{"idSuffix":"inner"}},"clearTextFirst":true,"interactionType":"ENTER_TEXT"}]}
COMMAND: POST /session/d3cdda6f06e006695550ea94201d0e31/element - {"using":"xpath","value":"//button[@data-kt=\"PickingTableConfirmAllButton\"]"}
RESULT: {"using":"xpath","value":"//button[@data-kt=\"PickingTableConfirmAllButton\"]"}
COMMAND: POST /session/d3cdda6f06e006695550ea94201d0e31/element/f.CF3EA173C6DD6742E6FF2C1FCC3ADAA5.d.83F743E422E802F46F4E1735CC858424.e.22588/click - {}
RESULT: {}
COMMAND: GET /session/d3cdda6f06e006695550ea94201d0e31/screenshot - {}
RESULT: {}
COMMAND: POST /session/d3cdda6f06e006695550ea94201d0e31/element - {"using":"xpath","value":"//bdi[contains(text(), \"OK\")]"}
RESULT: {"using":"xpath","value":"//bdi[contains(text(), \"OK\")]"}
COMMAND: POST /session/d3cdda6f06e006695550ea94201d0e31/element/f.CF3EA173C6DD6742E6FF2C1FCC3ADAA5.d.83F743E422E802F46F4E1735CC858424.e.22602/click - {}
RESULT: {}
COMMAND: GET /session/d3cdda6f06e006695550ea94201d0e31/screenshot - {}
RESULT: {}
COMMAND: POST /session/d3cdda6f06e006695550ea94201d0e31/element - {"using":"xpath","value":"//button[@data-kt=\"execHoIssueButton\"]"}
RESULT: {"using":"xpath","value":"//button[@data-kt=\"execHoIssueButton\"]"}
COMMAND: POST /session/d3cdda6f06e006695550ea94201d0e31/element/f.CF3EA173C6DD6742E6FF2C1FCC3ADAA5.d.83F743E422E802F46F4E1735CC858424.e.22604/click - {}
RESULT: {}
COMMAND: GET /session/d3cdda6f06e006695550ea94201d0e31/screenshot - {}
RESULT: {}
COMMAND: POST /session/d3cdda6f06e006695550ea94201d0e31/element - {"using":"xpath","value":"//input[contains(@id ,\"smartFilterBar-btnBasicSearch-I\")]"}
RESULT: {"using":"xpath","value":"//input[contains(@id ,\"smartFilterBar-btnBasicSearch-I\")]"}
COMMAND: POST /session/d3cdda6f06e006695550ea94201d0e31/elements - {"using":"xpath","value":"//input[contains(@id ,\"smartFilterBar-btnBasicSearch-I\")]"}
RESULT: {"using":"xpath","value":"//input[contains(@id ,\"smartFilterBar-btnBasicSearch-I\")]"}
COMMAND: POST /session/d3cdda6f06e006695550ea94201d0e31/execute/sync - {"script":"<script> [8489 bytes]","args":[{"element-6066-11e4-a52e-4f735466cecf":"f.CF3EA173C6DD6742E6FF2C1FCC3ADAA5.d.83F743E422E802F46F4E1735CC858424.e.22008","ELEMENT":"f.CF3EA173C6DD6742E6FF2C1FCC3ADAA5.d.83F743E422E802F46F4E1735CC858424.e.22008"}]}
RESULT: {"script":"<script> [8489 bytes]","args":[{"element-6066-11e4-a52e-4f735466cecf":"f.CF3EA173C6DD6742E6FF2C1FCC3ADAA5.d.83F743E422E802F46F4E1735CC858424.e.22008","ELEMENT":"f.CF3EA173C6DD6742E6FF2C1FCC3ADAA5.d.83F743E422E802F46F4E1735CC858424.e.22008"}]}
COMMAND: GET /session/d3cdda6f06e006695550ea94201d0e31/element/f.CF3EA173C6DD6742E6FF2C1FCC3ADAA5.d.83F743E422E802F46F4E1735CC858424.e.22008/enabled - {}
COMMAND: GET /session/d3cdda6f06e006695550ea94201d0e31/screenshot - {}
RESULT: {}
COMMAND: POST /session/d3cdda6f06e006695550ea94201d0e31/element/f.CF3EA173C6DD6742E6FF2C1FCC3ADAA5.d.83F743E422E802F46F4E1735CC858424.e.22008/clear - {}
COMMAND: GET /session/d3cdda6f06e006695550ea94201d0e31/screenshot - {}
RESULT: {}
RESULT: {}
COMMAND: POST /session/d3cdda6f06e006695550ea94201d0e31/element/f.CF3EA173C6DD6742E6FF2C1FCC3ADAA5.d.83F743E422E802F46F4E1735CC858424.e.22008/value - {"text":"30922"}
COMMAND: GET /session/d3cdda6f06e006695550ea94201d0e31/screenshot - {}
RESULT: {}
RESULT: {"text":"30922"}
COMMAND: GET /session/d3cdda6f06e006695550ea94201d0e31/screenshot - {}
RESULT: {}
RESULT: {}
COMMAND: POST /session/d3cdda6f06e006695550ea94201d0e31/actions - {"actions":[{"id":"action78","type":"key","parameters":{},"actions":[{"type":"keyDown","value":"î€‡"},{"type":"pause","duration":10},{"type":"keyUp","value":"î€‡"}]}]}
RESULT: {"actions":[{"id":"action78","type":"key","parameters":{},"actions":[{"type":"keyDown","value":"î€‡"},{"type":"pause","duration":10},{"type":"keyUp","value":"î€‡"}]}]}
COMMAND: GET /session/d3cdda6f06e006695550ea94201d0e31/screenshot - {}
RESULT: {}
COMMAND: POST /session/d3cdda6f06e006695550ea94201d0e31/element - {"using":"xpath","value":"//span[contains(@id, \"smartTable-header-inner\")]"}
RESULT: {"using":"xpath","value":"//span[contains(@id, \"smartTable-header-inner\")]"}
COMMAND: POST /session/d3cdda6f06e006695550ea94201d0e31/elements - {"using":"xpath","value":"//span[contains(@id, \"smartTable-header-inner\")]"}
RESULT: {"using":"xpath","value":"//span[contains(@id, \"smartTable-header-inner\")]"}
COMMAND: POST /session/d3cdda6f06e006695550ea94201d0e31/execute/sync - {"script":"<script> [56 bytes]","args":[{"element-6066-11e4-a52e-4f735466cecf":"f.CF3EA173C6DD6742E6FF2C1FCC3ADAA5.d.83F743E422E802F46F4E1735CC858424.e.22570","ELEMENT":"f.CF3EA173C6DD6742E6FF2C1FCC3ADAA5.d.83F743E422E802F46F4E1735CC858424.e.22570"}]}
RESULT: {"script":"<script> [56 bytes]","args":[{"element-6066-11e4-a52e-4f735466cecf":"f.CF3EA173C6DD6742E6FF2C1FCC3ADAA5.d.83F743E422E802F46F4E1735CC858424.e.22570","ELEMENT":"f.CF3EA173C6DD6742E6FF2C1FCC3ADAA5.d.83F743E422E802F46F4E1735CC858424.e.22570"}]}
COMMAND: POST /session/d3cdda6f06e006695550ea94201d0e31/elements - {"using":"xpath","value":"//thead[contains(@class, \"sapMTableTH\")]/tr/th"}
COMMAND: GET /session/d3cdda6f06e006695550ea94201d0e31/screenshot - {}
RESULT: {"using":"xpath","value":"//thead[contains(@class, \"sapMTableTH\")]/tr/th"}
COMMAND: GET /session/d3cdda6f06e006695550ea94201d0e31/element/f.CF3EA173C6DD6742E6FF2C1FCC3ADAA5.d.83F743E422E802F46F4E1735CC858424.e.22642/text - {}
RESULT: {}
RESULT: {}
COMMAND: GET /session/d3cdda6f06e006695550ea94201d0e31/element/f.CF3EA173C6DD6742E6FF2C1FCC3ADAA5.d.83F743E422E802F46F4E1735CC858424.e.22643/text - {}
RESULT: {}
COMMAND: GET /session/d3cdda6f06e006695550ea94201d0e31/element/f.CF3EA173C6DD6742E6FF2C1FCC3ADAA5.d.83F743E422E802F46F4E1735CC858424.e.22053/text - {}
RESULT: {}
COMMAND: GET /session/d3cdda6f06e006695550ea94201d0e31/element/f.CF3EA173C6DD6742E6FF2C1FCC3ADAA5.d.83F743E422E802F46F4E1735CC858424.e.22055/text - {}
RESULT: {}
COMMAND: GET /session/d3cdda6f06e006695550ea94201d0e31/element/f.CF3EA173C6DD6742E6FF2C1FCC3ADAA5.d.83F743E422E802F46F4E1735CC858424.e.22608/text - {}
RESULT: {}
COMMAND: GET /session/d3cdda6f06e006695550ea94201d0e31/element/f.CF3EA173C6DD6742E6FF2C1FCC3ADAA5.d.83F743E422E802F46F4E1735CC858424.e.22609/text - {}
RESULT: {}
COMMAND: GET /session/d3cdda6f06e006695550ea94201d0e31/element/f.CF3EA173C6DD6742E6FF2C1FCC3ADAA5.d.83F743E422E802F46F4E1735CC858424.e.22610/text - {}
RESULT: {}
COMMAND: GET /session/d3cdda6f06e006695550ea94201d0e31/element/f.CF3EA173C6DD6742E6FF2C1FCC3ADAA5.d.83F743E422E802F46F4E1735CC858424.e.22611/text - {}
RESULT: {}
COMMAND: GET /session/d3cdda6f06e006695550ea94201d0e31/element/f.CF3EA173C6DD6742E6FF2C1FCC3ADAA5.d.83F743E422E802F46F4E1735CC858424.e.22612/text - {}
RESULT: {}
COMMAND: GET /session/d3cdda6f06e006695550ea94201d0e31/element/f.CF3EA173C6DD6742E6FF2C1FCC3ADAA5.d.83F743E422E802F46F4E1735CC858424.e.22613/text - {}
RESULT: {}
COMMAND: GET /session/d3cdda6f06e006695550ea94201d0e31/element/f.CF3EA173C6DD6742E6FF2C1FCC3ADAA5.d.83F743E422E802F46F4E1735CC858424.e.22614/text - {}
RESULT: {}
COMMAND: GET /session/d3cdda6f06e006695550ea94201d0e31/element/f.CF3EA173C6DD6742E6FF2C1FCC3ADAA5.d.83F743E422E802F46F4E1735CC858424.e.22615/text - {}
RESULT: {}
COMMAND: GET /session/d3cdda6f06e006695550ea94201d0e31/element/f.CF3EA173C6DD6742E6FF2C1FCC3ADAA5.d.83F743E422E802F46F4E1735CC858424.e.22616/text - {}
RESULT: {}
COMMAND: GET /session/d3cdda6f06e006695550ea94201d0e31/element/f.CF3EA173C6DD6742E6FF2C1FCC3ADAA5.d.83F743E422E802F46F4E1735CC858424.e.22056/text - {}
RESULT: {}
COMMAND: POST /session/d3cdda6f06e006695550ea94201d0e31/element - {"using":"xpath","value":"//tbody[contains(@id, \"customHandoversTable-tblBody\")]/tr[1]/td[14]/div/span"}
RESULT: {"using":"xpath","value":"//tbody[contains(@id, \"customHandoversTable-tblBody\")]/tr[1]/td[14]/div/span"}
COMMAND: POST /session/d3cdda6f06e006695550ea94201d0e31/execute/sync - {"script":"<script> [56 bytes]","args":[{"element-6066-11e4-a52e-4f735466cecf":"f.CF3EA173C6DD6742E6FF2C1FCC3ADAA5.d.83F743E422E802F46F4E1735CC858424.e.22695","ELEMENT":"f.CF3EA173C6DD6742E6FF2C1FCC3ADAA5.d.83F743E422E802F46F4E1735CC858424.e.22695"}]}
RESULT: {"script":"<script> [56 bytes]","args":[{"element-6066-11e4-a52e-4f735466cecf":"f.CF3EA173C6DD6742E6FF2C1FCC3ADAA5.d.83F743E422E802F46F4E1735CC858424.e.22695","ELEMENT":"f.CF3EA173C6DD6742E6FF2C1FCC3ADAA5.d.83F743E422E802F46F4E1735CC858424.e.22695"}]}
COMMAND: POST /session/d3cdda6f06e006695550ea94201d0e31/element - {"using":"xpath","value":"(//span[contains(@id, \"imgNav\")])[1]"}
COMMAND: GET /session/d3cdda6f06e006695550ea94201d0e31/screenshot - {}
RESULT: {"using":"xpath","value":"(//span[contains(@id, \"imgNav\")])[1]"}
COMMAND: POST /session/d3cdda6f06e006695550ea94201d0e31/element/f.CF3EA173C6DD6742E6FF2C1FCC3ADAA5.d.83F743E422E802F46F4E1735CC858424.e.22696/click - {}
RESULT: {}
RESULT: {}
COMMAND: GET /session/d3cdda6f06e006695550ea94201d0e31/screenshot - {}
RESULT: {}
RESULT: undefined
COMMAND: POST /session/d3cdda6f06e006695550ea94201d0e31/execute/async - {"script":"<script> [776 bytes]","args":[{"enterText":"5/28/25","selector":{"id":"receiptDatePicker","viewName":"etm.portal.ui.managehandovers.view.DetailExecuteHO","interaction":{"idSuffix":"inner"}},"clearTextFirst":true,"interactionType":"ENTER_TEXT"}]}
RESULT: {"script":"<script> [776 bytes]","args":[{"enterText":"5/28/25","selector":{"id":"receiptDatePicker","viewName":"etm.portal.ui.managehandovers.view.DetailExecuteHO","interaction":{"idSuffix":"inner"}},"clearTextFirst":true,"interactionType":"ENTER_TEXT"}]}
COMMAND: POST /session/d3cdda6f06e006695550ea94201d0e31/element - {"using":"xpath","value":"//bdi[contains(text(), \"OK\")]"}
RESULT: {"using":"xpath","value":"//bdi[contains(text(), \"OK\")]"}
COMMAND: POST /session/d3cdda6f06e006695550ea94201d0e31/element/f.CF3EA173C6DD6742E6FF2C1FCC3ADAA5.d.83F743E422E802F46F4E1735CC858424.e.22738/click - {}
RESULT: {}
COMMAND: GET /session/d3cdda6f06e006695550ea94201d0e31/screenshot - {}
RESULT: {}
COMMAND: POST /session/d3cdda6f06e006695550ea94201d0e31/element - {"using":"xpath","value":"//button[@data-kt=\"PickingTableConfirmAllButton\"]"}
RESULT: {"using":"xpath","value":"//button[@data-kt=\"PickingTableConfirmAllButton\"]"}
COMMAND: POST /session/d3cdda6f06e006695550ea94201d0e31/element/f.CF3EA173C6DD6742E6FF2C1FCC3ADAA5.d.83F743E422E802F46F4E1735CC858424.e.22724/click - {}
RESULT: {}
COMMAND: GET /session/d3cdda6f06e006695550ea94201d0e31/screenshot - {}
RESULT: {}
COMMAND: POST /session/d3cdda6f06e006695550ea94201d0e31/element - {"using":"xpath","value":"//bdi[contains(text(), \"OK\")]"}
RESULT: {"using":"xpath","value":"//bdi[contains(text(), \"OK\")]"}
COMMAND: POST /session/d3cdda6f06e006695550ea94201d0e31/element/f.CF3EA173C6DD6742E6FF2C1FCC3ADAA5.d.83F743E422E802F46F4E1735CC858424.e.22753/click - {}
RESULT: {}
COMMAND: GET /session/d3cdda6f06e006695550ea94201d0e31/screenshot - {}
RESULT: {}
COMMAND: POST /session/d3cdda6f06e006695550ea94201d0e31/element - {"using":"xpath","value":"//button[@data-kt= \"execHoReceiveButton\"]"}
RESULT: {"using":"xpath","value":"//button[@data-kt= \"execHoReceiveButton\"]"}
COMMAND: POST /session/d3cdda6f06e006695550ea94201d0e31/element/f.CF3EA173C6DD6742E6FF2C1FCC3ADAA5.d.83F743E422E802F46F4E1735CC858424.e.22754/click - {}
RESULT: {}
COMMAND: GET /session/d3cdda6f06e006695550ea94201d0e31/screenshot - {}
RESULT: {}
COMMAND: POST /session/d3cdda6f06e006695550ea94201d0e31/element - {"using":"xpath","value":"//input[contains(@id ,\"smartFilterBar-btnBasicSearch-I\")]"}
RESULT: {"using":"xpath","value":"//input[contains(@id ,\"smartFilterBar-btnBasicSearch-I\")]"}
COMMAND: POST /session/d3cdda6f06e006695550ea94201d0e31/elements - {"using":"xpath","value":"//input[contains(@id ,\"smartFilterBar-btnBasicSearch-I\")]"}
RESULT: {"using":"xpath","value":"//input[contains(@id ,\"smartFilterBar-btnBasicSearch-I\")]"}
COMMAND: POST /session/d3cdda6f06e006695550ea94201d0e31/execute/sync - {"script":"<script> [8489 bytes]","args":[{"element-6066-11e4-a52e-4f735466cecf":"f.CF3EA173C6DD6742E6FF2C1FCC3ADAA5.d.83F743E422E802F46F4E1735CC858424.e.22008","ELEMENT":"f.CF3EA173C6DD6742E6FF2C1FCC3ADAA5.d.83F743E422E802F46F4E1735CC858424.e.22008"}]}
RESULT: {"script":"<script> [8489 bytes]","args":[{"element-6066-11e4-a52e-4f735466cecf":"f.CF3EA173C6DD6742E6FF2C1FCC3ADAA5.d.83F743E422E802F46F4E1735CC858424.e.22008","ELEMENT":"f.CF3EA173C6DD6742E6FF2C1FCC3ADAA5.d.83F743E422E802F46F4E1735CC858424.e.22008"}]}
COMMAND: GET /session/d3cdda6f06e006695550ea94201d0e31/element/f.CF3EA173C6DD6742E6FF2C1FCC3ADAA5.d.83F743E422E802F46F4E1735CC858424.e.22008/enabled - {}
COMMAND: GET /session/d3cdda6f06e006695550ea94201d0e31/screenshot - {}
RESULT: {}
COMMAND: POST /session/d3cdda6f06e006695550ea94201d0e31/element/f.CF3EA173C6DD6742E6FF2C1FCC3ADAA5.d.83F743E422E802F46F4E1735CC858424.e.22008/clear - {}
COMMAND: GET /session/d3cdda6f06e006695550ea94201d0e31/screenshot - {}
RESULT: {}
RESULT: {}
COMMAND: POST /session/d3cdda6f06e006695550ea94201d0e31/element/f.CF3EA173C6DD6742E6FF2C1FCC3ADAA5.d.83F743E422E802F46F4E1735CC858424.e.22008/value - {"text":"30922"}
COMMAND: GET /session/d3cdda6f06e006695550ea94201d0e31/screenshot - {}
RESULT: {}
RESULT: {"text":"30922"}
COMMAND: GET /session/d3cdda6f06e006695550ea94201d0e31/screenshot - {}
RESULT: {}
RESULT: {}
COMMAND: POST /session/d3cdda6f06e006695550ea94201d0e31/actions - {"actions":[{"id":"action79","type":"key","parameters":{},"actions":[{"type":"keyDown","value":"î€‡"},{"type":"pause","duration":10},{"type":"keyUp","value":"î€‡"}]}]}
RESULT: {"actions":[{"id":"action79","type":"key","parameters":{},"actions":[{"type":"keyDown","value":"î€‡"},{"type":"pause","duration":10},{"type":"keyUp","value":"î€‡"}]}]}
COMMAND: GET /session/d3cdda6f06e006695550ea94201d0e31/screenshot - {}
RESULT: {}
COMMAND: POST /session/d3cdda6f06e006695550ea94201d0e31/element - {"using":"xpath","value":"//span[contains(@id, \"smartTable-header-inner\")]"}
RESULT: {"using":"xpath","value":"//span[contains(@id, \"smartTable-header-inner\")]"}
COMMAND: POST /session/d3cdda6f06e006695550ea94201d0e31/elements - {"using":"xpath","value":"//span[contains(@id, \"smartTable-header-inner\")]"}
RESULT: {"using":"xpath","value":"//span[contains(@id, \"smartTable-header-inner\")]"}
COMMAND: POST /session/d3cdda6f06e006695550ea94201d0e31/execute/sync - {"script":"<script> [56 bytes]","args":[{"element-6066-11e4-a52e-4f735466cecf":"f.CF3EA173C6DD6742E6FF2C1FCC3ADAA5.d.83F743E422E802F46F4E1735CC858424.e.22570","ELEMENT":"f.CF3EA173C6DD6742E6FF2C1FCC3ADAA5.d.83F743E422E802F46F4E1735CC858424.e.22570"}]}
RESULT: {"script":"<script> [56 bytes]","args":[{"element-6066-11e4-a52e-4f735466cecf":"f.CF3EA173C6DD6742E6FF2C1FCC3ADAA5.d.83F743E422E802F46F4E1735CC858424.e.22570","ELEMENT":"f.CF3EA173C6DD6742E6FF2C1FCC3ADAA5.d.83F743E422E802F46F4E1735CC858424.e.22570"}]}
COMMAND: POST /session/d3cdda6f06e006695550ea94201d0e31/elements - {"using":"xpath","value":"//thead[contains(@class, \"sapMTableTH\")]/tr/th"}
COMMAND: GET /session/d3cdda6f06e006695550ea94201d0e31/screenshot - {}
RESULT: {"using":"xpath","value":"//thead[contains(@class, \"sapMTableTH\")]/tr/th"}
COMMAND: GET /session/d3cdda6f06e006695550ea94201d0e31/element/f.CF3EA173C6DD6742E6FF2C1FCC3ADAA5.d.83F743E422E802F46F4E1735CC858424.e.22642/text - {}
RESULT: {}
RESULT: {}
COMMAND: GET /session/d3cdda6f06e006695550ea94201d0e31/element/f.CF3EA173C6DD6742E6FF2C1FCC3ADAA5.d.83F743E422E802F46F4E1735CC858424.e.22643/text - {}
RESULT: {}
COMMAND: GET /session/d3cdda6f06e006695550ea94201d0e31/element/f.CF3EA173C6DD6742E6FF2C1FCC3ADAA5.d.83F743E422E802F46F4E1735CC858424.e.22053/text - {}
RESULT: {}
COMMAND: GET /session/d3cdda6f06e006695550ea94201d0e31/element/f.CF3EA173C6DD6742E6FF2C1FCC3ADAA5.d.83F743E422E802F46F4E1735CC858424.e.22055/text - {}
RESULT: {}
COMMAND: GET /session/d3cdda6f06e006695550ea94201d0e31/element/f.CF3EA173C6DD6742E6FF2C1FCC3ADAA5.d.83F743E422E802F46F4E1735CC858424.e.22758/text - {}
RESULT: {}
COMMAND: GET /session/d3cdda6f06e006695550ea94201d0e31/element/f.CF3EA173C6DD6742E6FF2C1FCC3ADAA5.d.83F743E422E802F46F4E1735CC858424.e.22759/text - {}
RESULT: {}
COMMAND: GET /session/d3cdda6f06e006695550ea94201d0e31/element/f.CF3EA173C6DD6742E6FF2C1FCC3ADAA5.d.83F743E422E802F46F4E1735CC858424.e.22760/text - {}
RESULT: {}
COMMAND: GET /session/d3cdda6f06e006695550ea94201d0e31/element/f.CF3EA173C6DD6742E6FF2C1FCC3ADAA5.d.83F743E422E802F46F4E1735CC858424.e.22761/text - {}
RESULT: {}
COMMAND: GET /session/d3cdda6f06e006695550ea94201d0e31/element/f.CF3EA173C6DD6742E6FF2C1FCC3ADAA5.d.83F743E422E802F46F4E1735CC858424.e.22762/text - {}
RESULT: {}
COMMAND: GET /session/d3cdda6f06e006695550ea94201d0e31/element/f.CF3EA173C6DD6742E6FF2C1FCC3ADAA5.d.83F743E422E802F46F4E1735CC858424.e.22763/text - {}
RESULT: {}
COMMAND: GET /session/d3cdda6f06e006695550ea94201d0e31/element/f.CF3EA173C6DD6742E6FF2C1FCC3ADAA5.d.83F743E422E802F46F4E1735CC858424.e.22764/text - {}
RESULT: {}
COMMAND: GET /session/d3cdda6f06e006695550ea94201d0e31/element/f.CF3EA173C6DD6742E6FF2C1FCC3ADAA5.d.83F743E422E802F46F4E1735CC858424.e.22765/text - {}
RESULT: {}
COMMAND: GET /session/d3cdda6f06e006695550ea94201d0e31/element/f.CF3EA173C6DD6742E6FF2C1FCC3ADAA5.d.83F743E422E802F46F4E1735CC858424.e.22766/text - {}
RESULT: {}
COMMAND: GET /session/d3cdda6f06e006695550ea94201d0e31/element/f.CF3EA173C6DD6742E6FF2C1FCC3ADAA5.d.83F743E422E802F46F4E1735CC858424.e.22056/text - {}
RESULT: {}
COMMAND: POST /session/d3cdda6f06e006695550ea94201d0e31/element - {"using":"xpath","value":"//tbody[contains(@id, \"customHandoversTable-tblBody\")]/tr[1]/td[14]/div/span"}
RESULT: {"using":"xpath","value":"//tbody[contains(@id, \"customHandoversTable-tblBody\")]/tr[1]/td[14]/div/span"}
COMMAND: POST /session/d3cdda6f06e006695550ea94201d0e31/execute/sync - {"script":"<script> [56 bytes]","args":[{"element-6066-11e4-a52e-4f735466cecf":"f.CF3EA173C6DD6742E6FF2C1FCC3ADAA5.d.83F743E422E802F46F4E1735CC858424.e.22809","ELEMENT":"f.CF3EA173C6DD6742E6FF2C1FCC3ADAA5.d.83F743E422E802F46F4E1735CC858424.e.22809"}]}
RESULT: {"script":"<script> [56 bytes]","args":[{"element-6066-11e4-a52e-4f735466cecf":"f.CF3EA173C6DD6742E6FF2C1FCC3ADAA5.d.83F743E422E802F46F4E1735CC858424.e.22809","ELEMENT":"f.CF3EA173C6DD6742E6FF2C1FCC3ADAA5.d.83F743E422E802F46F4E1735CC858424.e.22809"}]}
COMMAND: POST /session/d3cdda6f06e006695550ea94201d0e31/element - {"using":"css selector","value":"#shell-header-logo"}
COMMAND: GET /session/d3cdda6f06e006695550ea94201d0e31/screenshot - {}
RESULT: {"using":"css selector","value":"#shell-header-logo"}
COMMAND: POST /session/d3cdda6f06e006695550ea94201d0e31/element/f.CF3EA173C6DD6742E6FF2C1FCC3ADAA5.d.83F743E422E802F46F4E1735CC858424.e.21305/click - {}
RESULT: {}
RESULT: {}
COMMAND: GET /session/d3cdda6f06e006695550ea94201d0e31/screenshot - {}
RESULT: {}
]]></system-out>
    </testcase>
    <testcase classname="chrome.136_0_7103_93.windows.Billing_Calculation_-_Time_based_(considering_transport_times)_US139738" name="Should navigate to Manage Billings and trigger contract calculation business confirm it" time="57.884">
      <system-out><![CDATA[
COMMAND: POST /session/d3cdda6f06e006695550ea94201d0e31/execute/async - {"script":"<script> [1562 bytes]","args":[{"selector":{"controlType":"sap.m.GenericTile","properties":{"header":"Manage Billings"}},"wdio_ui5_key":"sapm.GenericTile{\"header\":\"Manage Billings\"}"}]}
RESULT: {"script":"<script> [1562 bytes]","args":[{"selector":{"controlType":"sap.m.GenericTile","properties":{"header":"Manage Billings"}},"wdio_ui5_key":"sapm.GenericTile{\"header\":\"Manage Billings\"}"}]}
RESULT: undefined
COMMAND: POST /session/d3cdda6f06e006695550ea94201d0e31/element - {"using":"xpath","value":"//*[@id=\"__tile51\"]"}
RESULT: {"using":"xpath","value":"//*[@id=\"__tile51\"]"}
COMMAND: POST /session/d3cdda6f06e006695550ea94201d0e31/element/f.CF3EA173C6DD6742E6FF2C1FCC3ADAA5.d.83F743E422E802F46F4E1735CC858424.e.19322/click - {}
RESULT: {}
COMMAND: GET /session/d3cdda6f06e006695550ea94201d0e31/screenshot - {}
RESULT: {}
COMMAND: POST /session/d3cdda6f06e006695550ea94201d0e31/elements - {"using":"xpath","value":"//span[text()='Error']"}
RESULT: {"using":"xpath","value":"//span[text()='Error']"}
COMMAND: POST /session/d3cdda6f06e006695550ea94201d0e31/execute/async - {"script":"<script> [1562 bytes]","args":[{"selector":{"id":"application-managebillings-display-component---billRunCalcResult--smartFilterBar-btnBasicSearch","interaction":{"idSuffix":"I"}},"wdio_ui5_key":"applicationmanagebillings-display-component---billRunCalcResult--smartFilterBar-btnBasicSearch"}]}
RESULT: {"script":"<script> [1562 bytes]","args":[{"selector":{"id":"application-managebillings-display-component---billRunCalcResult--smartFilterBar-btnBasicSearch","interaction":{"idSuffix":"I"}},"wdio_ui5_key":"applicationmanagebillings-display-component---billRunCalcResult--smartFilterBar-btnBasicSearch"}]}
RESULT: undefined
COMMAND: POST /session/d3cdda6f06e006695550ea94201d0e31/execute/async - {"script":"<script> [776 bytes]","args":[{"enterText":"10464","selector":{"id":"application-managebillings-display-component---billRunCalcResult--smartFilterBar-btnBasicSearch","interaction":{"idSuffix":"I"}},"clearTextFirst":true,"interactionType":"ENTER_TEXT"}]}
RESULT: {"script":"<script> [776 bytes]","args":[{"enterText":"10464","selector":{"id":"application-managebillings-display-component---billRunCalcResult--smartFilterBar-btnBasicSearch","interaction":{"idSuffix":"I"}},"clearTextFirst":true,"interactionType":"ENTER_TEXT"}]}
COMMAND: POST /session/d3cdda6f06e006695550ea94201d0e31/actions - {"actions":[{"id":"action80","type":"key","parameters":{},"actions":[{"type":"keyDown","value":"î€‡"},{"type":"pause","duration":10},{"type":"keyUp","value":"î€‡"}]}]}
RESULT: {"actions":[{"id":"action80","type":"key","parameters":{},"actions":[{"type":"keyDown","value":"î€‡"},{"type":"pause","duration":10},{"type":"keyUp","value":"î€‡"}]}]}
COMMAND: GET /session/d3cdda6f06e006695550ea94201d0e31/screenshot - {}
RESULT: {}
COMMAND: POST /session/d3cdda6f06e006695550ea94201d0e31/element - {"using":"xpath","value":"//td[@aria-colindex=\"1\"]/div/div[contains(@class, \"sapMCbBg\")]"}
RESULT: {"using":"xpath","value":"//td[@aria-colindex=\"1\"]/div/div[contains(@class, \"sapMCbBg\")]"}
COMMAND: POST /session/d3cdda6f06e006695550ea94201d0e31/element/f.CF3EA173C6DD6742E6FF2C1FCC3ADAA5.d.83F743E422E802F46F4E1735CC858424.e.23022/click - {}
RESULT: {}
COMMAND: GET /session/d3cdda6f06e006695550ea94201d0e31/screenshot - {}
RESULT: {}
COMMAND: POST /session/d3cdda6f06e006695550ea94201d0e31/execute/async - {"script":"<script> [1562 bytes]","args":[{"selector":{"id":"application-managebillings-display-component---billRunCalcResult--contractBillRunDate","interaction":{"idSuffix":"inner"}},"wdio_ui5_key":"applicationmanagebillings-display-component---billRunCalcResult--contractBillRunDate"}]}
RESULT: {"script":"<script> [1562 bytes]","args":[{"selector":{"id":"application-managebillings-display-component---billRunCalcResult--contractBillRunDate","interaction":{"idSuffix":"inner"}},"wdio_ui5_key":"applicationmanagebillings-display-component---billRunCalcResult--contractBillRunDate"}]}
RESULT: undefined
COMMAND: POST /session/d3cdda6f06e006695550ea94201d0e31/execute/async - {"script":"<script> [776 bytes]","args":[{"enterText":"5/21/25","selector":{"id":"application-managebillings-display-component---billRunCalcResult--contractBillRunDate","interaction":{"idSuffix":"inner"}},"clearTextFirst":true,"interactionType":"ENTER_TEXT"}]}
RESULT: {"script":"<script> [776 bytes]","args":[{"enterText":"5/21/25","selector":{"id":"application-managebillings-display-component---billRunCalcResult--contractBillRunDate","interaction":{"idSuffix":"inner"}},"clearTextFirst":true,"interactionType":"ENTER_TEXT"}]}
COMMAND: POST /session/d3cdda6f06e006695550ea94201d0e31/element - {"using":"xpath","value":"//bdi[contains(text(), \"Trigger Calculation\")]"}
RESULT: {"using":"xpath","value":"//bdi[contains(text(), \"Trigger Calculation\")]"}
COMMAND: POST /session/d3cdda6f06e006695550ea94201d0e31/element/f.CF3EA173C6DD6742E6FF2C1FCC3ADAA5.d.83F743E422E802F46F4E1735CC858424.e.23072/click - {}
RESULT: {}
COMMAND: GET /session/d3cdda6f06e006695550ea94201d0e31/screenshot - {}
RESULT: {}
COMMAND: POST /session/d3cdda6f06e006695550ea94201d0e31/element - {"using":"xpath","value":"(//span[contains(@id, \"imgNav\")])[1]"}
RESULT: {"using":"xpath","value":"(//span[contains(@id, \"imgNav\")])[1]"}
COMMAND: POST /session/d3cdda6f06e006695550ea94201d0e31/element/f.CF3EA173C6DD6742E6FF2C1FCC3ADAA5.d.83F743E422E802F46F4E1735CC858424.e.23023/click - {}
RESULT: {}
COMMAND: GET /session/d3cdda6f06e006695550ea94201d0e31/screenshot - {}
RESULT: {}
COMMAND: POST /session/d3cdda6f06e006695550ea94201d0e31/element - {"using":"xpath","value":"//tr/td[6]/div[1]/span[1]/span[1]"}
RESULT: {"using":"xpath","value":"//tr/td[6]/div[1]/span[1]/span[1]"}
COMMAND: GET /session/d3cdda6f06e006695550ea94201d0e31/element/f.CF3EA173C6DD6742E6FF2C1FCC3ADAA5.d.83F743E422E802F46F4E1735CC858424.e.23077/text - {}
RESULT: {}
COMMAND: POST /session/d3cdda6f06e006695550ea94201d0e31/element - {"using":"xpath","value":"(//span[contains(@id, \"imgNav\")])[2]"}
RESULT: {"using":"xpath","value":"(//span[contains(@id, \"imgNav\")])[2]"}
COMMAND: POST /session/d3cdda6f06e006695550ea94201d0e31/element/f.CF3EA173C6DD6742E6FF2C1FCC3ADAA5.d.83F743E422E802F46F4E1735CC858424.e.23078/click - {}
RESULT: {}
COMMAND: POST /session/d3cdda6f06e006695550ea94201d0e31/element - {"using":"xpath","value":"//bdi[contains(text(), \"Business Confirm\")]"}
COMMAND: GET /session/d3cdda6f06e006695550ea94201d0e31/screenshot - {}
RESULT: {"using":"xpath","value":"//bdi[contains(text(), \"Business Confirm\")]"}
COMMAND: POST /session/d3cdda6f06e006695550ea94201d0e31/elements - {"using":"xpath","value":"//bdi[contains(text(), \"Business Confirm\")]"}
RESULT: {}
RESULT: {"using":"xpath","value":"//bdi[contains(text(), \"Business Confirm\")]"}
COMMAND: POST /session/d3cdda6f06e006695550ea94201d0e31/elements - {"using":"xpath","value":"//bdi[contains(text(), \"Business Confirm\")]"}
RESULT: {"using":"xpath","value":"//bdi[contains(text(), \"Business Confirm\")]"}
COMMAND: POST /session/d3cdda6f06e006695550ea94201d0e31/element - {"using":"xpath","value":"//bdi[contains(text(), \"Business Confirm\")]"}
RESULT: {"using":"xpath","value":"//bdi[contains(text(), \"Business Confirm\")]"}
COMMAND: POST /session/d3cdda6f06e006695550ea94201d0e31/element/f.CF3EA173C6DD6742E6FF2C1FCC3ADAA5.d.83F743E422E802F46F4E1735CC858424.e.23119/click - {}
RESULT: {}
COMMAND: POST /session/d3cdda6f06e006695550ea94201d0e31/element - {"using":"css selector","value":"#shell-header-logo"}
COMMAND: GET /session/d3cdda6f06e006695550ea94201d0e31/screenshot - {}
RESULT: {"using":"css selector","value":"#shell-header-logo"}
COMMAND: POST /session/d3cdda6f06e006695550ea94201d0e31/element/f.CF3EA173C6DD6742E6FF2C1FCC3ADAA5.d.83F743E422E802F46F4E1735CC858424.e.22813/click - {}
RESULT: {}
RESULT: {}
COMMAND: GET /session/d3cdda6f06e006695550ea94201d0e31/screenshot - {}
RESULT: {}
]]></system-out>
    </testcase>
    <testcase classname="chrome.136_0_7103_93.windows.Billing_Calculation_-_Time_based_(considering_transport_times)_US139738" name="Should transfer the billing all the way to completion" time="70.391">
      <system-out><![CDATA[
COMMAND: POST /session/d3cdda6f06e006695550ea94201d0e31/execute/async - {"script":"<script> [1562 bytes]","args":[{"selector":{"controlType":"sap.m.GenericTile","properties":{"header":"Billing Transfer"}},"wdio_ui5_key":"sapm.GenericTile{\"header\":\"Billing Transfer\"}"}]}
RESULT: {"script":"<script> [1562 bytes]","args":[{"selector":{"controlType":"sap.m.GenericTile","properties":{"header":"Billing Transfer"}},"wdio_ui5_key":"sapm.GenericTile{\"header\":\"Billing Transfer\"}"}]}
RESULT: undefined
COMMAND: POST /session/d3cdda6f06e006695550ea94201d0e31/element - {"using":"xpath","value":"//*[@id=\"__tile50\"]"}
RESULT: {"using":"xpath","value":"//*[@id=\"__tile50\"]"}
COMMAND: POST /session/d3cdda6f06e006695550ea94201d0e31/element/f.CF3EA173C6DD6742E6FF2C1FCC3ADAA5.d.83F743E422E802F46F4E1735CC858424.e.19320/click - {}
RESULT: {}
COMMAND: GET /session/d3cdda6f06e006695550ea94201d0e31/screenshot - {}
RESULT: {}
COMMAND: POST /session/d3cdda6f06e006695550ea94201d0e31/elements - {"using":"xpath","value":"//span[text()='Error']"}
RESULT: {"using":"xpath","value":"//span[text()='Error']"}
COMMAND: POST /session/d3cdda6f06e006695550ea94201d0e31/element - {"using":"xpath","value":"//input[contains(@id ,\"application-billingtransfer-display-component---billingWorkbench--smartFilterBar-btnBasicSearch\")]"}
RESULT: {"using":"xpath","value":"//input[contains(@id ,\"application-billingtransfer-display-component---billingWorkbench--smartFilterBar-btnBasicSearch\")]"}
COMMAND: POST /session/d3cdda6f06e006695550ea94201d0e31/elements - {"using":"xpath","value":"//input[contains(@id ,\"application-billingtransfer-display-component---billingWorkbench--smartFilterBar-btnBasicSearch\")]"}
RESULT: {"using":"xpath","value":"//input[contains(@id ,\"application-billingtransfer-display-component---billingWorkbench--smartFilterBar-btnBasicSearch\")]"}
COMMAND: POST /session/d3cdda6f06e006695550ea94201d0e31/execute/sync - {"script":"<script> [8489 bytes]","args":[{"element-6066-11e4-a52e-4f735466cecf":"f.CF3EA173C6DD6742E6FF2C1FCC3ADAA5.d.83F743E422E802F46F4E1735CC858424.e.23146","ELEMENT":"f.CF3EA173C6DD6742E6FF2C1FCC3ADAA5.d.83F743E422E802F46F4E1735CC858424.e.23146"}]}
RESULT: {"script":"<script> [8489 bytes]","args":[{"element-6066-11e4-a52e-4f735466cecf":"f.CF3EA173C6DD6742E6FF2C1FCC3ADAA5.d.83F743E422E802F46F4E1735CC858424.e.23146","ELEMENT":"f.CF3EA173C6DD6742E6FF2C1FCC3ADAA5.d.83F743E422E802F46F4E1735CC858424.e.23146"}]}
COMMAND: GET /session/d3cdda6f06e006695550ea94201d0e31/element/f.CF3EA173C6DD6742E6FF2C1FCC3ADAA5.d.83F743E422E802F46F4E1735CC858424.e.23146/enabled - {}
COMMAND: GET /session/d3cdda6f06e006695550ea94201d0e31/screenshot - {}
RESULT: {}
COMMAND: POST /session/d3cdda6f06e006695550ea94201d0e31/element/f.CF3EA173C6DD6742E6FF2C1FCC3ADAA5.d.83F743E422E802F46F4E1735CC858424.e.23146/click - {}
COMMAND: GET /session/d3cdda6f06e006695550ea94201d0e31/screenshot - {}
RESULT: {}
RESULT: {}
COMMAND: GET /session/d3cdda6f06e006695550ea94201d0e31/screenshot - {}
RESULT: {}
RESULT: {}
COMMAND: POST /session/d3cdda6f06e006695550ea94201d0e31/element/f.CF3EA173C6DD6742E6FF2C1FCC3ADAA5.d.83F743E422E802F46F4E1735CC858424.e.23146/clear - {}
RESULT: {}
COMMAND: POST /session/d3cdda6f06e006695550ea94201d0e31/element/f.CF3EA173C6DD6742E6FF2C1FCC3ADAA5.d.83F743E422E802F46F4E1735CC858424.e.23146/value - {"text":"10464"}
COMMAND: GET /session/d3cdda6f06e006695550ea94201d0e31/screenshot - {}
RESULT: {"text":"10464"}
COMMAND: POST /session/d3cdda6f06e006695550ea94201d0e31/actions - {"actions":[{"id":"action81","type":"key","parameters":{},"actions":[{"type":"keyDown","value":"î€‡"},{"type":"pause","duration":10},{"type":"keyUp","value":"î€‡"}]}]}
COMMAND: GET /session/d3cdda6f06e006695550ea94201d0e31/screenshot - {}
RESULT: {}
RESULT: {"actions":[{"id":"action81","type":"key","parameters":{},"actions":[{"type":"keyDown","value":"î€‡"},{"type":"pause","duration":10},{"type":"keyUp","value":"î€‡"}]}]}
COMMAND: GET /session/d3cdda6f06e006695550ea94201d0e31/screenshot - {}
RESULT: {}
RESULT: {}
COMMAND: POST /session/d3cdda6f06e006695550ea94201d0e31/element - {"using":"xpath","value":"//span[contains(@id ,\"application-billingtransfer-display-component---billingWorkbench--smartTableBillingRuns-header-inner\")]"}
RESULT: {"using":"xpath","value":"//span[contains(@id ,\"application-billingtransfer-display-component---billingWorkbench--smartTableBillingRuns-header-inner\")]"}
COMMAND: POST /session/d3cdda6f06e006695550ea94201d0e31/elements - {"using":"xpath","value":"//span[contains(@id ,\"application-billingtransfer-display-component---billingWorkbench--smartTableBillingRuns-header-inner\")]"}
RESULT: {"using":"xpath","value":"//span[contains(@id ,\"application-billingtransfer-display-component---billingWorkbench--smartTableBillingRuns-header-inner\")]"}
COMMAND: POST /session/d3cdda6f06e006695550ea94201d0e31/execute/sync - {"script":"<script> [56 bytes]","args":[{"element-6066-11e4-a52e-4f735466cecf":"f.CF3EA173C6DD6742E6FF2C1FCC3ADAA5.d.83F743E422E802F46F4E1735CC858424.e.23369","ELEMENT":"f.CF3EA173C6DD6742E6FF2C1FCC3ADAA5.d.83F743E422E802F46F4E1735CC858424.e.23369"}]}
RESULT: {"script":"<script> [56 bytes]","args":[{"element-6066-11e4-a52e-4f735466cecf":"f.CF3EA173C6DD6742E6FF2C1FCC3ADAA5.d.83F743E422E802F46F4E1735CC858424.e.23369","ELEMENT":"f.CF3EA173C6DD6742E6FF2C1FCC3ADAA5.d.83F743E422E802F46F4E1735CC858424.e.23369"}]}
COMMAND: POST /session/d3cdda6f06e006695550ea94201d0e31/element - {"using":"xpath","value":"//td[@aria-colindex=\"1\"]/div/div[contains(@class, \"sapMCbBg\")]"}
COMMAND: GET /session/d3cdda6f06e006695550ea94201d0e31/screenshot - {}
RESULT: {}
RESULT: {"using":"xpath","value":"//td[@aria-colindex=\"1\"]/div/div[contains(@class, \"sapMCbBg\")]"}
COMMAND: POST /session/d3cdda6f06e006695550ea94201d0e31/element/f.CF3EA173C6DD6742E6FF2C1FCC3ADAA5.d.83F743E422E802F46F4E1735CC858424.e.23277/click - {}
RESULT: {}
COMMAND: GET /session/d3cdda6f06e006695550ea94201d0e31/screenshot - {}
RESULT: {}
COMMAND: POST /session/d3cdda6f06e006695550ea94201d0e31/element - {"using":"xpath","value":"//bdi[contains(text(), \"Check\")]"}
RESULT: {"using":"xpath","value":"//bdi[contains(text(), \"Check\")]"}
COMMAND: POST /session/d3cdda6f06e006695550ea94201d0e31/element/f.CF3EA173C6DD6742E6FF2C1FCC3ADAA5.d.83F743E422E802F46F4E1735CC858424.e.23370/click - {}
RESULT: {}
COMMAND: GET /session/d3cdda6f06e006695550ea94201d0e31/screenshot - {}
RESULT: {}
COMMAND: POST /session/d3cdda6f06e006695550ea94201d0e31/element - {"using":"xpath","value":"//bdi[contains(text(), \"OK\")]"}
RESULT: {"using":"xpath","value":"//bdi[contains(text(), \"OK\")]"}
COMMAND: POST /session/d3cdda6f06e006695550ea94201d0e31/element/f.CF3EA173C6DD6742E6FF2C1FCC3ADAA5.d.83F743E422E802F46F4E1735CC858424.e.23374/click - {}
RESULT: {}
COMMAND: GET /session/d3cdda6f06e006695550ea94201d0e31/screenshot - {}
RESULT: {}
COMMAND: POST /session/d3cdda6f06e006695550ea94201d0e31/element - {"using":"xpath","value":"(//span[contains(text(), \"CO/SD checked\")]/parent::div/preceding-sibling::div/span)[1]"}
RESULT: {"using":"xpath","value":"(//span[contains(text(), \"CO/SD checked\")]/parent::div/preceding-sibling::div/span)[1]"}
COMMAND: POST /session/d3cdda6f06e006695550ea94201d0e31/element/f.CF3EA173C6DD6742E6FF2C1FCC3ADAA5.d.83F743E422E802F46F4E1735CC858424.e.23375/click - {}
RESULT: {}
COMMAND: GET /session/d3cdda6f06e006695550ea94201d0e31/screenshot - {}
RESULT: {}
COMMAND: POST /session/d3cdda6f06e006695550ea94201d0e31/element - {"using":"xpath","value":"//input[contains(@id ,\"application-billingtransfer-display-component---billingWorkbench--smartFilterBar-btnBasicSearch\")]"}
RESULT: {"using":"xpath","value":"//input[contains(@id ,\"application-billingtransfer-display-component---billingWorkbench--smartFilterBar-btnBasicSearch\")]"}
COMMAND: POST /session/d3cdda6f06e006695550ea94201d0e31/elements - {"using":"xpath","value":"//input[contains(@id ,\"application-billingtransfer-display-component---billingWorkbench--smartFilterBar-btnBasicSearch\")]"}
RESULT: {"using":"xpath","value":"//input[contains(@id ,\"application-billingtransfer-display-component---billingWorkbench--smartFilterBar-btnBasicSearch\")]"}
COMMAND: POST /session/d3cdda6f06e006695550ea94201d0e31/execute/sync - {"script":"<script> [8489 bytes]","args":[{"element-6066-11e4-a52e-4f735466cecf":"f.CF3EA173C6DD6742E6FF2C1FCC3ADAA5.d.83F743E422E802F46F4E1735CC858424.e.23146","ELEMENT":"f.CF3EA173C6DD6742E6FF2C1FCC3ADAA5.d.83F743E422E802F46F4E1735CC858424.e.23146"}]}
RESULT: {"script":"<script> [8489 bytes]","args":[{"element-6066-11e4-a52e-4f735466cecf":"f.CF3EA173C6DD6742E6FF2C1FCC3ADAA5.d.83F743E422E802F46F4E1735CC858424.e.23146","ELEMENT":"f.CF3EA173C6DD6742E6FF2C1FCC3ADAA5.d.83F743E422E802F46F4E1735CC858424.e.23146"}]}
COMMAND: GET /session/d3cdda6f06e006695550ea94201d0e31/element/f.CF3EA173C6DD6742E6FF2C1FCC3ADAA5.d.83F743E422E802F46F4E1735CC858424.e.23146/enabled - {}
COMMAND: GET /session/d3cdda6f06e006695550ea94201d0e31/screenshot - {}
RESULT: {}
COMMAND: POST /session/d3cdda6f06e006695550ea94201d0e31/element/f.CF3EA173C6DD6742E6FF2C1FCC3ADAA5.d.83F743E422E802F46F4E1735CC858424.e.23146/click - {}
COMMAND: GET /session/d3cdda6f06e006695550ea94201d0e31/screenshot - {}
RESULT: {}
RESULT: {}
COMMAND: GET /session/d3cdda6f06e006695550ea94201d0e31/screenshot - {}
RESULT: {}
RESULT: {}
COMMAND: POST /session/d3cdda6f06e006695550ea94201d0e31/element/f.CF3EA173C6DD6742E6FF2C1FCC3ADAA5.d.83F743E422E802F46F4E1735CC858424.e.23146/clear - {}
RESULT: {}
COMMAND: POST /session/d3cdda6f06e006695550ea94201d0e31/element/f.CF3EA173C6DD6742E6FF2C1FCC3ADAA5.d.83F743E422E802F46F4E1735CC858424.e.23146/value - {"text":"10464"}
COMMAND: GET /session/d3cdda6f06e006695550ea94201d0e31/screenshot - {}
RESULT: {"text":"10464"}
COMMAND: POST /session/d3cdda6f06e006695550ea94201d0e31/actions - {"actions":[{"id":"action82","type":"key","parameters":{},"actions":[{"type":"keyDown","value":"î€‡"},{"type":"pause","duration":10},{"type":"keyUp","value":"î€‡"}]}]}
COMMAND: GET /session/d3cdda6f06e006695550ea94201d0e31/screenshot - {}
RESULT: {}
RESULT: {"actions":[{"id":"action82","type":"key","parameters":{},"actions":[{"type":"keyDown","value":"î€‡"},{"type":"pause","duration":10},{"type":"keyUp","value":"î€‡"}]}]}
COMMAND: GET /session/d3cdda6f06e006695550ea94201d0e31/screenshot - {}
RESULT: {}
RESULT: {}
COMMAND: POST /session/d3cdda6f06e006695550ea94201d0e31/element - {"using":"xpath","value":"//span[contains(@id ,\"application-billingtransfer-display-component---billingWorkbench--smartTableBillingRuns-header-inner\")]"}
RESULT: {"using":"xpath","value":"//span[contains(@id ,\"application-billingtransfer-display-component---billingWorkbench--smartTableBillingRuns-header-inner\")]"}
COMMAND: POST /session/d3cdda6f06e006695550ea94201d0e31/elements - {"using":"xpath","value":"//span[contains(@id ,\"application-billingtransfer-display-component---billingWorkbench--smartTableBillingRuns-header-inner\")]"}
RESULT: {"using":"xpath","value":"//span[contains(@id ,\"application-billingtransfer-display-component---billingWorkbench--smartTableBillingRuns-header-inner\")]"}
COMMAND: POST /session/d3cdda6f06e006695550ea94201d0e31/execute/sync - {"script":"<script> [56 bytes]","args":[{"element-6066-11e4-a52e-4f735466cecf":"f.CF3EA173C6DD6742E6FF2C1FCC3ADAA5.d.83F743E422E802F46F4E1735CC858424.e.23369","ELEMENT":"f.CF3EA173C6DD6742E6FF2C1FCC3ADAA5.d.83F743E422E802F46F4E1735CC858424.e.23369"}]}
RESULT: {"script":"<script> [56 bytes]","args":[{"element-6066-11e4-a52e-4f735466cecf":"f.CF3EA173C6DD6742E6FF2C1FCC3ADAA5.d.83F743E422E802F46F4E1735CC858424.e.23369","ELEMENT":"f.CF3EA173C6DD6742E6FF2C1FCC3ADAA5.d.83F743E422E802F46F4E1735CC858424.e.23369"}]}
COMMAND: POST /session/d3cdda6f06e006695550ea94201d0e31/element - {"using":"xpath","value":"//td[@aria-colindex=\"1\"]/div/div[contains(@class, \"sapMCbBg\")]"}
COMMAND: GET /session/d3cdda6f06e006695550ea94201d0e31/screenshot - {}
RESULT: {"using":"xpath","value":"//td[@aria-colindex=\"1\"]/div/div[contains(@class, \"sapMCbBg\")]"}
COMMAND: POST /session/d3cdda6f06e006695550ea94201d0e31/element/f.CF3EA173C6DD6742E6FF2C1FCC3ADAA5.d.83F743E422E802F46F4E1735CC858424.e.23378/click - {}
RESULT: {}
RESULT: {}
COMMAND: GET /session/d3cdda6f06e006695550ea94201d0e31/screenshot - {}
RESULT: {}
COMMAND: POST /session/d3cdda6f06e006695550ea94201d0e31/element - {"using":"xpath","value":"//bdi[text()=\"Transfer\"]"}
RESULT: {"using":"xpath","value":"//bdi[text()=\"Transfer\"]"}
COMMAND: POST /session/d3cdda6f06e006695550ea94201d0e31/element/f.CF3EA173C6DD6742E6FF2C1FCC3ADAA5.d.83F743E422E802F46F4E1735CC858424.e.23379/click - {}
RESULT: {}
COMMAND: GET /session/d3cdda6f06e006695550ea94201d0e31/screenshot - {}
RESULT: {}
COMMAND: POST /session/d3cdda6f06e006695550ea94201d0e31/element - {"using":"xpath","value":"//bdi[contains(text(), \"OK\")]"}
RESULT: {"using":"xpath","value":"//bdi[contains(text(), \"OK\")]"}
COMMAND: POST /session/d3cdda6f06e006695550ea94201d0e31/element/f.CF3EA173C6DD6742E6FF2C1FCC3ADAA5.d.83F743E422E802F46F4E1735CC858424.e.23382/click - {}
RESULT: {}
COMMAND: GET /session/d3cdda6f06e006695550ea94201d0e31/screenshot - {}
RESULT: {}
COMMAND: POST /session/d3cdda6f06e006695550ea94201d0e31/element - {"using":"xpath","value":"(//span[contains(text(), \"Completed\")]/parent::div/preceding-sibling::div/span)[1]"}
RESULT: {"using":"xpath","value":"(//span[contains(text(), \"Completed\")]/parent::div/preceding-sibling::div/span)[1]"}
COMMAND: POST /session/d3cdda6f06e006695550ea94201d0e31/element/f.CF3EA173C6DD6742E6FF2C1FCC3ADAA5.d.83F743E422E802F46F4E1735CC858424.e.23390/click - {}
RESULT: {}
COMMAND: POST /session/d3cdda6f06e006695550ea94201d0e31/element - {"using":"xpath","value":"//input[contains(@id ,\"application-billingtransfer-display-component---billingWorkbench--smartFilterBar-btnBasicSearch\")]"}
COMMAND: GET /session/d3cdda6f06e006695550ea94201d0e31/screenshot - {}
RESULT: {"using":"xpath","value":"//input[contains(@id ,\"application-billingtransfer-display-component---billingWorkbench--smartFilterBar-btnBasicSearch\")]"}
COMMAND: POST /session/d3cdda6f06e006695550ea94201d0e31/elements - {"using":"xpath","value":"//input[contains(@id ,\"application-billingtransfer-display-component---billingWorkbench--smartFilterBar-btnBasicSearch\")]"}
RESULT: {}
RESULT: {"using":"xpath","value":"//input[contains(@id ,\"application-billingtransfer-display-component---billingWorkbench--smartFilterBar-btnBasicSearch\")]"}
COMMAND: POST /session/d3cdda6f06e006695550ea94201d0e31/execute/sync - {"script":"<script> [8489 bytes]","args":[{"element-6066-11e4-a52e-4f735466cecf":"f.CF3EA173C6DD6742E6FF2C1FCC3ADAA5.d.83F743E422E802F46F4E1735CC858424.e.23146","ELEMENT":"f.CF3EA173C6DD6742E6FF2C1FCC3ADAA5.d.83F743E422E802F46F4E1735CC858424.e.23146"}]}
RESULT: {"script":"<script> [8489 bytes]","args":[{"element-6066-11e4-a52e-4f735466cecf":"f.CF3EA173C6DD6742E6FF2C1FCC3ADAA5.d.83F743E422E802F46F4E1735CC858424.e.23146","ELEMENT":"f.CF3EA173C6DD6742E6FF2C1FCC3ADAA5.d.83F743E422E802F46F4E1735CC858424.e.23146"}]}
COMMAND: GET /session/d3cdda6f06e006695550ea94201d0e31/element/f.CF3EA173C6DD6742E6FF2C1FCC3ADAA5.d.83F743E422E802F46F4E1735CC858424.e.23146/enabled - {}
COMMAND: GET /session/d3cdda6f06e006695550ea94201d0e31/screenshot - {}
RESULT: {}
COMMAND: POST /session/d3cdda6f06e006695550ea94201d0e31/element/f.CF3EA173C6DD6742E6FF2C1FCC3ADAA5.d.83F743E422E802F46F4E1735CC858424.e.23146/click - {}
COMMAND: GET /session/d3cdda6f06e006695550ea94201d0e31/screenshot - {}
RESULT: {}
RESULT: {}
COMMAND: GET /session/d3cdda6f06e006695550ea94201d0e31/screenshot - {}
RESULT: {}
RESULT: {}
COMMAND: POST /session/d3cdda6f06e006695550ea94201d0e31/element/f.CF3EA173C6DD6742E6FF2C1FCC3ADAA5.d.83F743E422E802F46F4E1735CC858424.e.23146/clear - {}
RESULT: {}
COMMAND: POST /session/d3cdda6f06e006695550ea94201d0e31/element/f.CF3EA173C6DD6742E6FF2C1FCC3ADAA5.d.83F743E422E802F46F4E1735CC858424.e.23146/value - {"text":"10464"}
COMMAND: GET /session/d3cdda6f06e006695550ea94201d0e31/screenshot - {}
RESULT: {"text":"10464"}
COMMAND: POST /session/d3cdda6f06e006695550ea94201d0e31/actions - {"actions":[{"id":"action83","type":"key","parameters":{},"actions":[{"type":"keyDown","value":"î€‡"},{"type":"pause","duration":10},{"type":"keyUp","value":"î€‡"}]}]}
COMMAND: GET /session/d3cdda6f06e006695550ea94201d0e31/screenshot - {}
RESULT: {}
RESULT: {"actions":[{"id":"action83","type":"key","parameters":{},"actions":[{"type":"keyDown","value":"î€‡"},{"type":"pause","duration":10},{"type":"keyUp","value":"î€‡"}]}]}
COMMAND: GET /session/d3cdda6f06e006695550ea94201d0e31/screenshot - {}
RESULT: {}
RESULT: {}
COMMAND: POST /session/d3cdda6f06e006695550ea94201d0e31/element - {"using":"xpath","value":"//span[contains(@id ,\"application-billingtransfer-display-component---billingWorkbench--smartTableBillingRuns-header-inner\")]"}
RESULT: {"using":"xpath","value":"//span[contains(@id ,\"application-billingtransfer-display-component---billingWorkbench--smartTableBillingRuns-header-inner\")]"}
COMMAND: POST /session/d3cdda6f06e006695550ea94201d0e31/elements - {"using":"xpath","value":"//span[contains(@id ,\"application-billingtransfer-display-component---billingWorkbench--smartTableBillingRuns-header-inner\")]"}
RESULT: {"using":"xpath","value":"//span[contains(@id ,\"application-billingtransfer-display-component---billingWorkbench--smartTableBillingRuns-header-inner\")]"}
COMMAND: POST /session/d3cdda6f06e006695550ea94201d0e31/execute/sync - {"script":"<script> [56 bytes]","args":[{"element-6066-11e4-a52e-4f735466cecf":"f.CF3EA173C6DD6742E6FF2C1FCC3ADAA5.d.83F743E422E802F46F4E1735CC858424.e.23369","ELEMENT":"f.CF3EA173C6DD6742E6FF2C1FCC3ADAA5.d.83F743E422E802F46F4E1735CC858424.e.23369"}]}
RESULT: {"script":"<script> [56 bytes]","args":[{"element-6066-11e4-a52e-4f735466cecf":"f.CF3EA173C6DD6742E6FF2C1FCC3ADAA5.d.83F743E422E802F46F4E1735CC858424.e.23369","ELEMENT":"f.CF3EA173C6DD6742E6FF2C1FCC3ADAA5.d.83F743E422E802F46F4E1735CC858424.e.23369"}]}
COMMAND: GET /session/d3cdda6f06e006695550ea94201d0e31/screenshot - {}
RESULT: {}
COMMAND: POST /session/d3cdda6f06e006695550ea94201d0e31/execute/sync - {"script":"<script> [56 bytes]","args":[{"element-6066-11e4-a52e-4f735466cecf":"f.CF3EA173C6DD6742E6FF2C1FCC3ADAA5.d.83F743E422E802F46F4E1735CC858424.e.23369","ELEMENT":"f.CF3EA173C6DD6742E6FF2C1FCC3ADAA5.d.83F743E422E802F46F4E1735CC858424.e.23369"}]}
RESULT: {"script":"<script> [56 bytes]","args":[{"element-6066-11e4-a52e-4f735466cecf":"f.CF3EA173C6DD6742E6FF2C1FCC3ADAA5.d.83F743E422E802F46F4E1735CC858424.e.23369","ELEMENT":"f.CF3EA173C6DD6742E6FF2C1FCC3ADAA5.d.83F743E422E802F46F4E1735CC858424.e.23369"}]}
COMMAND: GET /session/d3cdda6f06e006695550ea94201d0e31/screenshot - {}
RESULT: {}
COMMAND: POST /session/d3cdda6f06e006695550ea94201d0e31/execute/sync - {"script":"<script> [56 bytes]","args":[{"element-6066-11e4-a52e-4f735466cecf":"f.CF3EA173C6DD6742E6FF2C1FCC3ADAA5.d.83F743E422E802F46F4E1735CC858424.e.23369","ELEMENT":"f.CF3EA173C6DD6742E6FF2C1FCC3ADAA5.d.83F743E422E802F46F4E1735CC858424.e.23369"}]}
RESULT: {"script":"<script> [56 bytes]","args":[{"element-6066-11e4-a52e-4f735466cecf":"f.CF3EA173C6DD6742E6FF2C1FCC3ADAA5.d.83F743E422E802F46F4E1735CC858424.e.23369","ELEMENT":"f.CF3EA173C6DD6742E6FF2C1FCC3ADAA5.d.83F743E422E802F46F4E1735CC858424.e.23369"}]}
COMMAND: GET /session/d3cdda6f06e006695550ea94201d0e31/screenshot - {}
RESULT: {}
COMMAND: POST /session/d3cdda6f06e006695550ea94201d0e31/execute/sync - {"script":"<script> [56 bytes]","args":[{"element-6066-11e4-a52e-4f735466cecf":"f.CF3EA173C6DD6742E6FF2C1FCC3ADAA5.d.83F743E422E802F46F4E1735CC858424.e.23369","ELEMENT":"f.CF3EA173C6DD6742E6FF2C1FCC3ADAA5.d.83F743E422E802F46F4E1735CC858424.e.23369"}]}
RESULT: {"script":"<script> [56 bytes]","args":[{"element-6066-11e4-a52e-4f735466cecf":"f.CF3EA173C6DD6742E6FF2C1FCC3ADAA5.d.83F743E422E802F46F4E1735CC858424.e.23369","ELEMENT":"f.CF3EA173C6DD6742E6FF2C1FCC3ADAA5.d.83F743E422E802F46F4E1735CC858424.e.23369"}]}
COMMAND: GET /session/d3cdda6f06e006695550ea94201d0e31/screenshot - {}
RESULT: {}
COMMAND: POST /session/d3cdda6f06e006695550ea94201d0e31/execute/sync - {"script":"<script> [56 bytes]","args":[{"element-6066-11e4-a52e-4f735466cecf":"f.CF3EA173C6DD6742E6FF2C1FCC3ADAA5.d.83F743E422E802F46F4E1735CC858424.e.23369","ELEMENT":"f.CF3EA173C6DD6742E6FF2C1FCC3ADAA5.d.83F743E422E802F46F4E1735CC858424.e.23369"}]}
RESULT: {"script":"<script> [56 bytes]","args":[{"element-6066-11e4-a52e-4f735466cecf":"f.CF3EA173C6DD6742E6FF2C1FCC3ADAA5.d.83F743E422E802F46F4E1735CC858424.e.23369","ELEMENT":"f.CF3EA173C6DD6742E6FF2C1FCC3ADAA5.d.83F743E422E802F46F4E1735CC858424.e.23369"}]}
COMMAND: GET /session/d3cdda6f06e006695550ea94201d0e31/screenshot - {}
RESULT: {}
COMMAND: POST /session/d3cdda6f06e006695550ea94201d0e31/execute/sync - {"script":"<script> [56 bytes]","args":[{"element-6066-11e4-a52e-4f735466cecf":"f.CF3EA173C6DD6742E6FF2C1FCC3ADAA5.d.83F743E422E802F46F4E1735CC858424.e.23369","ELEMENT":"f.CF3EA173C6DD6742E6FF2C1FCC3ADAA5.d.83F743E422E802F46F4E1735CC858424.e.23369"}]}
RESULT: {"script":"<script> [56 bytes]","args":[{"element-6066-11e4-a52e-4f735466cecf":"f.CF3EA173C6DD6742E6FF2C1FCC3ADAA5.d.83F743E422E802F46F4E1735CC858424.e.23369","ELEMENT":"f.CF3EA173C6DD6742E6FF2C1FCC3ADAA5.d.83F743E422E802F46F4E1735CC858424.e.23369"}]}
COMMAND: GET /session/d3cdda6f06e006695550ea94201d0e31/screenshot - {}
RESULT: {}
COMMAND: POST /session/d3cdda6f06e006695550ea94201d0e31/execute/sync - {"script":"<script> [56 bytes]","args":[{"element-6066-11e4-a52e-4f735466cecf":"f.CF3EA173C6DD6742E6FF2C1FCC3ADAA5.d.83F743E422E802F46F4E1735CC858424.e.23369","ELEMENT":"f.CF3EA173C6DD6742E6FF2C1FCC3ADAA5.d.83F743E422E802F46F4E1735CC858424.e.23369"}]}
RESULT: {"script":"<script> [56 bytes]","args":[{"element-6066-11e4-a52e-4f735466cecf":"f.CF3EA173C6DD6742E6FF2C1FCC3ADAA5.d.83F743E422E802F46F4E1735CC858424.e.23369","ELEMENT":"f.CF3EA173C6DD6742E6FF2C1FCC3ADAA5.d.83F743E422E802F46F4E1735CC858424.e.23369"}]}
COMMAND: POST /session/d3cdda6f06e006695550ea94201d0e31/element - {"using":"css selector","value":"#shell-header-logo"}
COMMAND: GET /session/d3cdda6f06e006695550ea94201d0e31/screenshot - {}
RESULT: {"using":"css selector","value":"#shell-header-logo"}
COMMAND: POST /session/d3cdda6f06e006695550ea94201d0e31/element/f.CF3EA173C6DD6742E6FF2C1FCC3ADAA5.d.83F743E422E802F46F4E1735CC858424.e.23144/click - {}
RESULT: {}
RESULT: {}
COMMAND: GET /session/d3cdda6f06e006695550ea94201d0e31/screenshot - {}
RESULT: {}
]]></system-out>
    </testcase>
    <testcase classname="chrome.136_0_7103_93.windows.Billing_Calculation_-_Time_based_(considering_transport_times)_US139738" name="Should navigate to the contract item check the billed until field value" time="40.704">
      <system-out><![CDATA[
RESULT: undefined
COMMAND: POST /session/d3cdda6f06e006695550ea94201d0e31/element - {"using":"xpath","value":"//*[@id=\"__tile132\"]"}
RESULT: {"using":"xpath","value":"//*[@id=\"__tile132\"]"}
COMMAND: POST /session/d3cdda6f06e006695550ea94201d0e31/element/f.CF3EA173C6DD6742E6FF2C1FCC3ADAA5.d.83F743E422E802F46F4E1735CC858424.e.19295/click - {}
RESULT: {}
COMMAND: GET /session/d3cdda6f06e006695550ea94201d0e31/screenshot - {}
RESULT: {}
COMMAND: POST /session/d3cdda6f06e006695550ea94201d0e31/elements - {"using":"xpath","value":"//span[text()='Error']"}
RESULT: {"using":"xpath","value":"//span[text()='Error']"}
COMMAND: POST /session/d3cdda6f06e006695550ea94201d0e31/element - {"using":"xpath","value":"//button[@data-kt=\"addButton\"]"}
RESULT: {"using":"xpath","value":"//button[@data-kt=\"addButton\"]"}
COMMAND: POST /session/d3cdda6f06e006695550ea94201d0e31/elements - {"using":"xpath","value":"//button[@data-kt=\"addButton\"]"}
RESULT: {"using":"xpath","value":"//button[@data-kt=\"addButton\"]"}
COMMAND: POST /session/d3cdda6f06e006695550ea94201d0e31/execute/sync - {"script":"<script> [8489 bytes]","args":[{"element-6066-11e4-a52e-4f735466cecf":"f.CF3EA173C6DD6742E6FF2C1FCC3ADAA5.d.83F743E422E802F46F4E1735CC858424.e.23445","ELEMENT":"f.CF3EA173C6DD6742E6FF2C1FCC3ADAA5.d.83F743E422E802F46F4E1735CC858424.e.23445"}]}
RESULT: {"script":"<script> [8489 bytes]","args":[{"element-6066-11e4-a52e-4f735466cecf":"f.CF3EA173C6DD6742E6FF2C1FCC3ADAA5.d.83F743E422E802F46F4E1735CC858424.e.23445","ELEMENT":"f.CF3EA173C6DD6742E6FF2C1FCC3ADAA5.d.83F743E422E802F46F4E1735CC858424.e.23445"}]}
COMMAND: GET /session/d3cdda6f06e006695550ea94201d0e31/element/f.CF3EA173C6DD6742E6FF2C1FCC3ADAA5.d.83F743E422E802F46F4E1735CC858424.e.23445/enabled - {}
COMMAND: GET /session/d3cdda6f06e006695550ea94201d0e31/screenshot - {}
RESULT: {}
COMMAND: POST /session/d3cdda6f06e006695550ea94201d0e31/execute/sync - {"script":"<script> [8489 bytes]","args":[{"element-6066-11e4-a52e-4f735466cecf":"f.CF3EA173C6DD6742E6FF2C1FCC3ADAA5.d.83F743E422E802F46F4E1735CC858424.e.23445","ELEMENT":"f.CF3EA173C6DD6742E6FF2C1FCC3ADAA5.d.83F743E422E802F46F4E1735CC858424.e.23445"}]}
COMMAND: GET /session/d3cdda6f06e006695550ea94201d0e31/screenshot - {}
RESULT: {}
RESULT: {"script":"<script> [8489 bytes]","args":[{"element-6066-11e4-a52e-4f735466cecf":"f.CF3EA173C6DD6742E6FF2C1FCC3ADAA5.d.83F743E422E802F46F4E1735CC858424.e.23445","ELEMENT":"f.CF3EA173C6DD6742E6FF2C1FCC3ADAA5.d.83F743E422E802F46F4E1735CC858424.e.23445"}]}
COMMAND: POST /session/d3cdda6f06e006695550ea94201d0e31/execute/sync - {"script":"<script> [5351 bytes]","args":[{"element-6066-11e4-a52e-4f735466cecf":"f.CF3EA173C6DD6742E6FF2C1FCC3ADAA5.d.83F743E422E802F46F4E1735CC858424.e.23445","ELEMENT":"f.CF3EA173C6DD6742E6FF2C1FCC3ADAA5.d.83F743E422E802F46F4E1735CC858424.e.23445"}]}
COMMAND: GET /session/d3cdda6f06e006695550ea94201d0e31/screenshot - {}
RESULT: {}
RESULT: {"script":"<script> [5351 bytes]","args":[{"element-6066-11e4-a52e-4f735466cecf":"f.CF3EA173C6DD6742E6FF2C1FCC3ADAA5.d.83F743E422E802F46F4E1735CC858424.e.23445","ELEMENT":"f.CF3EA173C6DD6742E6FF2C1FCC3ADAA5.d.83F743E422E802F46F4E1735CC858424.e.23445"}]}
COMMAND: POST /session/d3cdda6f06e006695550ea94201d0e31/element - {"using":"xpath","value":"//input[contains(@id ,\"smartContractFilterBar-btnBasicSearch-I\")]"}
COMMAND: GET /session/d3cdda6f06e006695550ea94201d0e31/screenshot - {}
RESULT: {}
RESULT: {"using":"xpath","value":"//input[contains(@id ,\"smartContractFilterBar-btnBasicSearch-I\")]"}
COMMAND: POST /session/d3cdda6f06e006695550ea94201d0e31/elements - {"using":"xpath","value":"//input[contains(@id ,\"smartContractFilterBar-btnBasicSearch-I\")]"}
RESULT: {}
RESULT: {"using":"xpath","value":"//input[contains(@id ,\"smartContractFilterBar-btnBasicSearch-I\")]"}
COMMAND: POST /session/d3cdda6f06e006695550ea94201d0e31/execute/sync - {"script":"<script> [8489 bytes]","args":[{"element-6066-11e4-a52e-4f735466cecf":"f.CF3EA173C6DD6742E6FF2C1FCC3ADAA5.d.83F743E422E802F46F4E1735CC858424.e.23399","ELEMENT":"f.CF3EA173C6DD6742E6FF2C1FCC3ADAA5.d.83F743E422E802F46F4E1735CC858424.e.23399"}]}
RESULT: {"script":"<script> [8489 bytes]","args":[{"element-6066-11e4-a52e-4f735466cecf":"f.CF3EA173C6DD6742E6FF2C1FCC3ADAA5.d.83F743E422E802F46F4E1735CC858424.e.23399","ELEMENT":"f.CF3EA173C6DD6742E6FF2C1FCC3ADAA5.d.83F743E422E802F46F4E1735CC858424.e.23399"}]}
COMMAND: GET /session/d3cdda6f06e006695550ea94201d0e31/element/f.CF3EA173C6DD6742E6FF2C1FCC3ADAA5.d.83F743E422E802F46F4E1735CC858424.e.23399/enabled - {}
COMMAND: GET /session/d3cdda6f06e006695550ea94201d0e31/screenshot - {}
RESULT: {}
COMMAND: POST /session/d3cdda6f06e006695550ea94201d0e31/element/f.CF3EA173C6DD6742E6FF2C1FCC3ADAA5.d.83F743E422E802F46F4E1735CC858424.e.23399/clear - {}
COMMAND: GET /session/d3cdda6f06e006695550ea94201d0e31/screenshot - {}
RESULT: {}
RESULT: {}
COMMAND: POST /session/d3cdda6f06e006695550ea94201d0e31/element/f.CF3EA173C6DD6742E6FF2C1FCC3ADAA5.d.83F743E422E802F46F4E1735CC858424.e.23399/value - {"text":"10464"}
COMMAND: GET /session/d3cdda6f06e006695550ea94201d0e31/screenshot - {}
RESULT: {}
RESULT: {"text":"10464"}
COMMAND: GET /session/d3cdda6f06e006695550ea94201d0e31/screenshot - {}
RESULT: {}
RESULT: {}
COMMAND: POST /session/d3cdda6f06e006695550ea94201d0e31/actions - {"actions":[{"id":"action84","type":"key","parameters":{},"actions":[{"type":"keyDown","value":"î€‡"},{"type":"pause","duration":10},{"type":"keyUp","value":"î€‡"}]}]}
RESULT: {"actions":[{"id":"action84","type":"key","parameters":{},"actions":[{"type":"keyDown","value":"î€‡"},{"type":"pause","duration":10},{"type":"keyUp","value":"î€‡"}]}]}
COMMAND: GET /session/d3cdda6f06e006695550ea94201d0e31/screenshot - {}
RESULT: {}
COMMAND: POST /session/d3cdda6f06e006695550ea94201d0e31/element - {"using":"xpath","value":"//span[contains(@id, \"masterListContractsSmartTable-header-inner\")]"}
RESULT: {"using":"xpath","value":"//span[contains(@id, \"masterListContractsSmartTable-header-inner\")]"}
COMMAND: POST /session/d3cdda6f06e006695550ea94201d0e31/elements - {"using":"xpath","value":"//span[contains(@id, \"masterListContractsSmartTable-header-inner\")]"}
RESULT: {"using":"xpath","value":"//span[contains(@id, \"masterListContractsSmartTable-header-inner\")]"}
COMMAND: POST /session/d3cdda6f06e006695550ea94201d0e31/execute/sync - {"script":"<script> [56 bytes]","args":[{"element-6066-11e4-a52e-4f735466cecf":"f.CF3EA173C6DD6742E6FF2C1FCC3ADAA5.d.83F743E422E802F46F4E1735CC858424.e.23496","ELEMENT":"f.CF3EA173C6DD6742E6FF2C1FCC3ADAA5.d.83F743E422E802F46F4E1735CC858424.e.23496"}]}
RESULT: {"script":"<script> [56 bytes]","args":[{"element-6066-11e4-a52e-4f735466cecf":"f.CF3EA173C6DD6742E6FF2C1FCC3ADAA5.d.83F743E422E802F46F4E1735CC858424.e.23496","ELEMENT":"f.CF3EA173C6DD6742E6FF2C1FCC3ADAA5.d.83F743E422E802F46F4E1735CC858424.e.23496"}]}
COMMAND: POST /session/d3cdda6f06e006695550ea94201d0e31/element - {"using":"xpath","value":"(//span[contains(@id, \"imgNav\")])[1]"}
COMMAND: GET /session/d3cdda6f06e006695550ea94201d0e31/screenshot - {}
RESULT: {"using":"xpath","value":"(//span[contains(@id, \"imgNav\")])[1]"}
COMMAND: POST /session/d3cdda6f06e006695550ea94201d0e31/element/f.CF3EA173C6DD6742E6FF2C1FCC3ADAA5.d.83F743E422E802F46F4E1735CC858424.e.23494/click - {}
RESULT: {}
RESULT: {}
COMMAND: GET /session/d3cdda6f06e006695550ea94201d0e31/screenshot - {}
RESULT: {}
COMMAND: POST /session/d3cdda6f06e006695550ea94201d0e31/element - {"using":"xpath","value":"//tr[@data-kt=\"productsColumnListItem\"]//td//span[contains(@id, \"imgNav\")][1]"}
RESULT: {"using":"xpath","value":"//tr[@data-kt=\"productsColumnListItem\"]//td//span[contains(@id, \"imgNav\")][1]"}
COMMAND: POST /session/d3cdda6f06e006695550ea94201d0e31/element/f.CF3EA173C6DD6742E6FF2C1FCC3ADAA5.d.83F743E422E802F46F4E1735CC858424.e.23669/click - {}
RESULT: {}
COMMAND: GET /session/d3cdda6f06e006695550ea94201d0e31/screenshot - {}
RESULT: {}
COMMAND: POST /session/d3cdda6f06e006695550ea94201d0e31/element - {"using":"xpath","value":"//section[contains(@id, \"application-managecontracts-display-component---BillingItem--ObjectPageLayout-OPHeaderContent\")]/div/div/div/div/div[2]/div/div[2]/span"}
RESULT: {"using":"xpath","value":"//section[contains(@id, \"application-managecontracts-display-component---BillingItem--ObjectPageLayout-OPHeaderContent\")]/div/div/div/div/div[2]/div/div[2]/span"}
COMMAND: POST /session/d3cdda6f06e006695550ea94201d0e31/execute/sync - {"script":"<script> [56 bytes]","args":[{"element-6066-11e4-a52e-4f735466cecf":"f.CF3EA173C6DD6742E6FF2C1FCC3ADAA5.d.83F743E422E802F46F4E1735CC858424.e.23805","ELEMENT":"f.CF3EA173C6DD6742E6FF2C1FCC3ADAA5.d.83F743E422E802F46F4E1735CC858424.e.23805"}]}
RESULT: {"script":"<script> [56 bytes]","args":[{"element-6066-11e4-a52e-4f735466cecf":"f.CF3EA173C6DD6742E6FF2C1FCC3ADAA5.d.83F743E422E802F46F4E1735CC858424.e.23805","ELEMENT":"f.CF3EA173C6DD6742E6FF2C1FCC3ADAA5.d.83F743E422E802F46F4E1735CC858424.e.23805"}]}
COMMAND: POST /session/d3cdda6f06e006695550ea94201d0e31/element - {"using":"xpath","value":"//table[contains(@id, \"application-managecontracts-display-component---BillingItem--billingList-listUl\")]//td//*[contains(text(), \"partial billed\")]"}
COMMAND: GET /session/d3cdda6f06e006695550ea94201d0e31/screenshot - {}
RESULT: {"using":"xpath","value":"//table[contains(@id, \"application-managecontracts-display-component---BillingItem--billingList-listUl\")]//td//*[contains(text(), \"partial billed\")]"}
COMMAND: POST /session/d3cdda6f06e006695550ea94201d0e31/execute/sync - {"script":"<script> [56 bytes]","args":[{"element-6066-11e4-a52e-4f735466cecf":"f.CF3EA173C6DD6742E6FF2C1FCC3ADAA5.d.83F743E422E802F46F4E1735CC858424.e.23806","ELEMENT":"f.CF3EA173C6DD6742E6FF2C1FCC3ADAA5.d.83F743E422E802F46F4E1735CC858424.e.23806"}]}
RESULT: {}
RESULT: {"script":"<script> [56 bytes]","args":[{"element-6066-11e4-a52e-4f735466cecf":"f.CF3EA173C6DD6742E6FF2C1FCC3ADAA5.d.83F743E422E802F46F4E1735CC858424.e.23806","ELEMENT":"f.CF3EA173C6DD6742E6FF2C1FCC3ADAA5.d.83F743E422E802F46F4E1735CC858424.e.23806"}]}
COMMAND: POST /session/d3cdda6f06e006695550ea94201d0e31/element - {"using":"css selector","value":"#shell-header-logo"}
COMMAND: GET /session/d3cdda6f06e006695550ea94201d0e31/screenshot - {}
RESULT: {"using":"css selector","value":"#shell-header-logo"}
COMMAND: POST /session/d3cdda6f06e006695550ea94201d0e31/element/f.CF3EA173C6DD6742E6FF2C1FCC3ADAA5.d.83F743E422E802F46F4E1735CC858424.e.23395/click - {}
RESULT: {}
RESULT: {}
COMMAND: GET /session/d3cdda6f06e006695550ea94201d0e31/screenshot - {}
RESULT: {}
]]></system-out>
    </testcase>
    <testcase classname="chrome.136_0_7103_93.windows.Billing_Calculation_-_Time_based_(considering_transport_times)_US139738" name="Should do a handover return 2 step 7 days after provide or 14 days from today receive it in 21 days" time="155.753">
      <system-out><![CDATA[
RESULT: undefined
COMMAND: POST /session/d3cdda6f06e006695550ea94201d0e31/element - {"using":"xpath","value":"//*[@id=\"__tile132\"]"}
RESULT: {"using":"xpath","value":"//*[@id=\"__tile132\"]"}
COMMAND: POST /session/d3cdda6f06e006695550ea94201d0e31/element/f.CF3EA173C6DD6742E6FF2C1FCC3ADAA5.d.83F743E422E802F46F4E1735CC858424.e.19295/click - {}
RESULT: {}
COMMAND: GET /session/d3cdda6f06e006695550ea94201d0e31/screenshot - {}
RESULT: {}
COMMAND: POST /session/d3cdda6f06e006695550ea94201d0e31/elements - {"using":"xpath","value":"//span[text()='Error']"}
RESULT: {"using":"xpath","value":"//span[text()='Error']"}
COMMAND: POST /session/d3cdda6f06e006695550ea94201d0e31/element - {"using":"xpath","value":"//button[@data-kt=\"addButton\"]"}
RESULT: {"using":"xpath","value":"//button[@data-kt=\"addButton\"]"}
COMMAND: POST /session/d3cdda6f06e006695550ea94201d0e31/elements - {"using":"xpath","value":"//button[@data-kt=\"addButton\"]"}
RESULT: {"using":"xpath","value":"//button[@data-kt=\"addButton\"]"}
COMMAND: POST /session/d3cdda6f06e006695550ea94201d0e31/execute/sync - {"script":"<script> [8489 bytes]","args":[{"element-6066-11e4-a52e-4f735466cecf":"f.CF3EA173C6DD6742E6FF2C1FCC3ADAA5.d.83F743E422E802F46F4E1735CC858424.e.23850","ELEMENT":"f.CF3EA173C6DD6742E6FF2C1FCC3ADAA5.d.83F743E422E802F46F4E1735CC858424.e.23850"}]}
RESULT: {"script":"<script> [8489 bytes]","args":[{"element-6066-11e4-a52e-4f735466cecf":"f.CF3EA173C6DD6742E6FF2C1FCC3ADAA5.d.83F743E422E802F46F4E1735CC858424.e.23850","ELEMENT":"f.CF3EA173C6DD6742E6FF2C1FCC3ADAA5.d.83F743E422E802F46F4E1735CC858424.e.23850"}]}
COMMAND: GET /session/d3cdda6f06e006695550ea94201d0e31/element/f.CF3EA173C6DD6742E6FF2C1FCC3ADAA5.d.83F743E422E802F46F4E1735CC858424.e.23850/enabled - {}
COMMAND: GET /session/d3cdda6f06e006695550ea94201d0e31/screenshot - {}
RESULT: {}
COMMAND: POST /session/d3cdda6f06e006695550ea94201d0e31/execute/sync - {"script":"<script> [8489 bytes]","args":[{"element-6066-11e4-a52e-4f735466cecf":"f.CF3EA173C6DD6742E6FF2C1FCC3ADAA5.d.83F743E422E802F46F4E1735CC858424.e.23850","ELEMENT":"f.CF3EA173C6DD6742E6FF2C1FCC3ADAA5.d.83F743E422E802F46F4E1735CC858424.e.23850"}]}
COMMAND: GET /session/d3cdda6f06e006695550ea94201d0e31/screenshot - {}
RESULT: {}
RESULT: {"script":"<script> [8489 bytes]","args":[{"element-6066-11e4-a52e-4f735466cecf":"f.CF3EA173C6DD6742E6FF2C1FCC3ADAA5.d.83F743E422E802F46F4E1735CC858424.e.23850","ELEMENT":"f.CF3EA173C6DD6742E6FF2C1FCC3ADAA5.d.83F743E422E802F46F4E1735CC858424.e.23850"}]}
COMMAND: POST /session/d3cdda6f06e006695550ea94201d0e31/execute/sync - {"script":"<script> [5351 bytes]","args":[{"element-6066-11e4-a52e-4f735466cecf":"f.CF3EA173C6DD6742E6FF2C1FCC3ADAA5.d.83F743E422E802F46F4E1735CC858424.e.23850","ELEMENT":"f.CF3EA173C6DD6742E6FF2C1FCC3ADAA5.d.83F743E422E802F46F4E1735CC858424.e.23850"}]}
COMMAND: GET /session/d3cdda6f06e006695550ea94201d0e31/screenshot - {}
RESULT: {}
RESULT: {"script":"<script> [5351 bytes]","args":[{"element-6066-11e4-a52e-4f735466cecf":"f.CF3EA173C6DD6742E6FF2C1FCC3ADAA5.d.83F743E422E802F46F4E1735CC858424.e.23850","ELEMENT":"f.CF3EA173C6DD6742E6FF2C1FCC3ADAA5.d.83F743E422E802F46F4E1735CC858424.e.23850"}]}
COMMAND: GET /session/d3cdda6f06e006695550ea94201d0e31/screenshot - {}
RESULT: {}
RESULT: {}
COMMAND: POST /session/d3cdda6f06e006695550ea94201d0e31/element - {"using":"xpath","value":"//input[contains(@id ,\"smartContractFilterBar-btnBasicSearch-I\")]"}
RESULT: {"using":"xpath","value":"//input[contains(@id ,\"smartContractFilterBar-btnBasicSearch-I\")]"}
COMMAND: POST /session/d3cdda6f06e006695550ea94201d0e31/elements - {"using":"xpath","value":"//input[contains(@id ,\"smartContractFilterBar-btnBasicSearch-I\")]"}
RESULT: {"using":"xpath","value":"//input[contains(@id ,\"smartContractFilterBar-btnBasicSearch-I\")]"}
COMMAND: POST /session/d3cdda6f06e006695550ea94201d0e31/execute/sync - {"script":"<script> [8489 bytes]","args":[{"element-6066-11e4-a52e-4f735466cecf":"f.CF3EA173C6DD6742E6FF2C1FCC3ADAA5.d.83F743E422E802F46F4E1735CC858424.e.23813","ELEMENT":"f.CF3EA173C6DD6742E6FF2C1FCC3ADAA5.d.83F743E422E802F46F4E1735CC858424.e.23813"}]}
RESULT: {"script":"<script> [8489 bytes]","args":[{"element-6066-11e4-a52e-4f735466cecf":"f.CF3EA173C6DD6742E6FF2C1FCC3ADAA5.d.83F743E422E802F46F4E1735CC858424.e.23813","ELEMENT":"f.CF3EA173C6DD6742E6FF2C1FCC3ADAA5.d.83F743E422E802F46F4E1735CC858424.e.23813"}]}
COMMAND: GET /session/d3cdda6f06e006695550ea94201d0e31/element/f.CF3EA173C6DD6742E6FF2C1FCC3ADAA5.d.83F743E422E802F46F4E1735CC858424.e.23813/enabled - {}
COMMAND: GET /session/d3cdda6f06e006695550ea94201d0e31/screenshot - {}
RESULT: {}
COMMAND: POST /session/d3cdda6f06e006695550ea94201d0e31/element/f.CF3EA173C6DD6742E6FF2C1FCC3ADAA5.d.83F743E422E802F46F4E1735CC858424.e.23813/clear - {}
COMMAND: GET /session/d3cdda6f06e006695550ea94201d0e31/screenshot - {}
RESULT: {}
RESULT: {}
COMMAND: POST /session/d3cdda6f06e006695550ea94201d0e31/element/f.CF3EA173C6DD6742E6FF2C1FCC3ADAA5.d.83F743E422E802F46F4E1735CC858424.e.23813/value - {"text":"10464"}
COMMAND: GET /session/d3cdda6f06e006695550ea94201d0e31/screenshot - {}
RESULT: {}
RESULT: {"text":"10464"}
COMMAND: GET /session/d3cdda6f06e006695550ea94201d0e31/screenshot - {}
RESULT: {}
RESULT: {}
COMMAND: POST /session/d3cdda6f06e006695550ea94201d0e31/actions - {"actions":[{"id":"action85","type":"key","parameters":{},"actions":[{"type":"keyDown","value":"î€‡"},{"type":"pause","duration":10},{"type":"keyUp","value":"î€‡"}]}]}
RESULT: {"actions":[{"id":"action85","type":"key","parameters":{},"actions":[{"type":"keyDown","value":"î€‡"},{"type":"pause","duration":10},{"type":"keyUp","value":"î€‡"}]}]}
COMMAND: GET /session/d3cdda6f06e006695550ea94201d0e31/screenshot - {}
RESULT: {}
COMMAND: POST /session/d3cdda6f06e006695550ea94201d0e31/element - {"using":"xpath","value":"//span[contains(@id, \"masterListContractsSmartTable-header-inner\")]"}
RESULT: {"using":"xpath","value":"//span[contains(@id, \"masterListContractsSmartTable-header-inner\")]"}
COMMAND: POST /session/d3cdda6f06e006695550ea94201d0e31/elements - {"using":"xpath","value":"//span[contains(@id, \"masterListContractsSmartTable-header-inner\")]"}
RESULT: {"using":"xpath","value":"//span[contains(@id, \"masterListContractsSmartTable-header-inner\")]"}
COMMAND: POST /session/d3cdda6f06e006695550ea94201d0e31/execute/sync - {"script":"<script> [56 bytes]","args":[{"element-6066-11e4-a52e-4f735466cecf":"f.CF3EA173C6DD6742E6FF2C1FCC3ADAA5.d.83F743E422E802F46F4E1735CC858424.e.23920","ELEMENT":"f.CF3EA173C6DD6742E6FF2C1FCC3ADAA5.d.83F743E422E802F46F4E1735CC858424.e.23920"}]}
RESULT: {"script":"<script> [56 bytes]","args":[{"element-6066-11e4-a52e-4f735466cecf":"f.CF3EA173C6DD6742E6FF2C1FCC3ADAA5.d.83F743E422E802F46F4E1735CC858424.e.23920","ELEMENT":"f.CF3EA173C6DD6742E6FF2C1FCC3ADAA5.d.83F743E422E802F46F4E1735CC858424.e.23920"}]}
COMMAND: POST /session/d3cdda6f06e006695550ea94201d0e31/element - {"using":"xpath","value":"(//span[contains(@id, \"imgNav\")])[1]"}
COMMAND: GET /session/d3cdda6f06e006695550ea94201d0e31/screenshot - {}
RESULT: {"using":"xpath","value":"(//span[contains(@id, \"imgNav\")])[1]"}
COMMAND: POST /session/d3cdda6f06e006695550ea94201d0e31/element/f.CF3EA173C6DD6742E6FF2C1FCC3ADAA5.d.83F743E422E802F46F4E1735CC858424.e.23919/click - {}
RESULT: {}
RESULT: {}
COMMAND: GET /session/d3cdda6f06e006695550ea94201d0e31/screenshot - {}
RESULT: {}
COMMAND: POST /session/d3cdda6f06e006695550ea94201d0e31/element - {"using":"xpath","value":"//button[contains(@id, \"contractDetailReturnButton\")]"}
RESULT: {"using":"xpath","value":"//button[contains(@id, \"contractDetailReturnButton\")]"}
COMMAND: POST /session/d3cdda6f06e006695550ea94201d0e31/element/f.CF3EA173C6DD6742E6FF2C1FCC3ADAA5.d.83F743E422E802F46F4E1735CC858424.e.24013/click - {}
RESULT: {}
COMMAND: GET /session/d3cdda6f06e006695550ea94201d0e31/screenshot - {}
RESULT: undefined
COMMAND: POST /session/d3cdda6f06e006695550ea94201d0e31/execute/async - {"script":"<script> [776 bytes]","args":[{"enterText":"6/4/25","selector":{"id":"application-managehandovers-display-component---AddNewHO--dueDate","interaction":{"idSuffix":"inner"}},"clearTextFirst":true,"interactionType":"ENTER_TEXT"}]}
RESULT: {}
RESULT: {"script":"<script> [776 bytes]","args":[{"enterText":"6/4/25","selector":{"id":"application-managehandovers-display-component---AddNewHO--dueDate","interaction":{"idSuffix":"inner"}},"clearTextFirst":true,"interactionType":"ENTER_TEXT"}]}
COMMAND: POST /session/d3cdda6f06e006695550ea94201d0e31/element - {"using":"xpath","value":"//bdi[contains(text(), \"Instructions\")]"}
RESULT: {"using":"xpath","value":"//bdi[contains(text(), \"Instructions\")]"}
COMMAND: POST /session/d3cdda6f06e006695550ea94201d0e31/element/f.CF3EA173C6DD6742E6FF2C1FCC3ADAA5.d.83F743E422E802F46F4E1735CC858424.e.24397/click - {}
RESULT: {}
COMMAND: GET /session/d3cdda6f06e006695550ea94201d0e31/screenshot - {}
RESULT: {}
COMMAND: POST /session/d3cdda6f06e006695550ea94201d0e31/element - {"using":"xpath","value":"//button[@data-kt=\"AddNewHOProvideAddItemsButton\"]"}
RESULT: {"using":"xpath","value":"//button[@data-kt=\"AddNewHOProvideAddItemsButton\"]"}
COMMAND: POST /session/d3cdda6f06e006695550ea94201d0e31/element/f.CF3EA173C6DD6742E6FF2C1FCC3ADAA5.d.83F743E422E802F46F4E1735CC858424.e.24221/click - {}
RESULT: {}
COMMAND: GET /session/d3cdda6f06e006695550ea94201d0e31/screenshot - {}
RESULT: {}
RESULT: undefined
COMMAND: POST /session/d3cdda6f06e006695550ea94201d0e31/element - {"using":"xpath","value":"//*[@id=\"application-managehandovers-display-component---AddNewHO--popup-sa\"]"}
RESULT: {"using":"xpath","value":"//*[@id=\"application-managehandovers-display-component---AddNewHO--popup-sa\"]"}
COMMAND: POST /session/d3cdda6f06e006695550ea94201d0e31/element/f.CF3EA173C6DD6742E6FF2C1FCC3ADAA5.d.83F743E422E802F46F4E1735CC858424.e.24409/click - {}
RESULT: {}
COMMAND: GET /session/d3cdda6f06e006695550ea94201d0e31/screenshot - {}
RESULT: {}
COMMAND: POST /session/d3cdda6f06e006695550ea94201d0e31/element - {"using":"xpath","value":"//*[contains(@id ,\"BDI-content\")][contains(text(), \"Select\")]"}
RESULT: {"using":"xpath","value":"//*[contains(@id ,\"BDI-content\")][contains(text(), \"Select\")]"}
COMMAND: POST /session/d3cdda6f06e006695550ea94201d0e31/element/f.CF3EA173C6DD6742E6FF2C1FCC3ADAA5.d.83F743E422E802F46F4E1735CC858424.e.24411/click - {}
RESULT: {}
COMMAND: GET /session/d3cdda6f06e006695550ea94201d0e31/screenshot - {}
RESULT: {}
COMMAND: POST /session/d3cdda6f06e006695550ea94201d0e31/element - {"using":"xpath","value":"(//div[contains(@id, \"application-managehandovers-display-component---AddNewHO--oneStep-CbBg\")])"}
RESULT: {"using":"xpath","value":"(//div[contains(@id, \"application-managehandovers-display-component---AddNewHO--oneStep-CbBg\")])"}
COMMAND: POST /session/d3cdda6f06e006695550ea94201d0e31/element/f.CF3EA173C6DD6742E6FF2C1FCC3ADAA5.d.83F743E422E802F46F4E1735CC858424.e.24414/click - {}
RESULT: {}
RESULT: undefined
COMMAND: POST /session/d3cdda6f06e006695550ea94201d0e31/element - {"using":"xpath","value":"//*[@id=\"application-managehandovers-display-component---AddNewHO--confirmCreationButton\"]"}
COMMAND: GET /session/d3cdda6f06e006695550ea94201d0e31/screenshot - {}
RESULT: {"using":"xpath","value":"//*[@id=\"application-managehandovers-display-component---AddNewHO--confirmCreationButton\"]"}
COMMAND: POST /session/d3cdda6f06e006695550ea94201d0e31/element/f.CF3EA173C6DD6742E6FF2C1FCC3ADAA5.d.83F743E422E802F46F4E1735CC858424.e.24228/click - {}
RESULT: {}
RESULT: {}
COMMAND: GET /session/d3cdda6f06e006695550ea94201d0e31/screenshot - {}
RESULT: {}
RESULT: undefined
COMMAND: POST /session/d3cdda6f06e006695550ea94201d0e31/execute/async - {"script":"<script> [776 bytes]","args":[{"enterText":"6/4/25","selector":{"id":"issueDatePicker","viewName":"etm.portal.ui.managehandovers.view.DetailExecuteHO","interaction":{"idSuffix":"inner"}},"clearTextFirst":true,"interactionType":"ENTER_TEXT"}]}
RESULT: {"script":"<script> [776 bytes]","args":[{"enterText":"6/4/25","selector":{"id":"issueDatePicker","viewName":"etm.portal.ui.managehandovers.view.DetailExecuteHO","interaction":{"idSuffix":"inner"}},"clearTextFirst":true,"interactionType":"ENTER_TEXT"}]}
COMMAND: POST /session/d3cdda6f06e006695550ea94201d0e31/element - {"using":"xpath","value":"//bdi[contains(text(), \"OK\")]"}
RESULT: {"using":"xpath","value":"//bdi[contains(text(), \"OK\")]"}
COMMAND: POST /session/d3cdda6f06e006695550ea94201d0e31/element/f.CF3EA173C6DD6742E6FF2C1FCC3ADAA5.d.83F743E422E802F46F4E1735CC858424.e.24458/click - {}
RESULT: {}
COMMAND: GET /session/d3cdda6f06e006695550ea94201d0e31/screenshot - {}
RESULT: {}
COMMAND: POST /session/d3cdda6f06e006695550ea94201d0e31/element - {"using":"xpath","value":"//button[@data-kt=\"PickingTableConfirmAllButton\"]"}
RESULT: {"using":"xpath","value":"//button[@data-kt=\"PickingTableConfirmAllButton\"]"}
COMMAND: POST /session/d3cdda6f06e006695550ea94201d0e31/element/f.CF3EA173C6DD6742E6FF2C1FCC3ADAA5.d.83F743E422E802F46F4E1735CC858424.e.24463/click - {}
RESULT: {}
COMMAND: GET /session/d3cdda6f06e006695550ea94201d0e31/screenshot - {}
RESULT: {}
COMMAND: POST /session/d3cdda6f06e006695550ea94201d0e31/element - {"using":"xpath","value":"//bdi[contains(text(), \"OK\")]"}
RESULT: {"using":"xpath","value":"//bdi[contains(text(), \"OK\")]"}
COMMAND: POST /session/d3cdda6f06e006695550ea94201d0e31/element/f.CF3EA173C6DD6742E6FF2C1FCC3ADAA5.d.83F743E422E802F46F4E1735CC858424.e.24467/click - {}
RESULT: {}
COMMAND: GET /session/d3cdda6f06e006695550ea94201d0e31/screenshot - {}
RESULT: {}
COMMAND: POST /session/d3cdda6f06e006695550ea94201d0e31/element - {"using":"xpath","value":"//button[@data-kt=\"execHoPickButton\"]"}
RESULT: {"using":"xpath","value":"//button[@data-kt=\"execHoPickButton\"]"}
COMMAND: POST /session/d3cdda6f06e006695550ea94201d0e31/element/f.CF3EA173C6DD6742E6FF2C1FCC3ADAA5.d.83F743E422E802F46F4E1735CC858424.e.24468/click - {}
RESULT: {}
COMMAND: GET /session/d3cdda6f06e006695550ea94201d0e31/screenshot - {}
RESULT: {}
COMMAND: POST /session/d3cdda6f06e006695550ea94201d0e31/element - {"using":"xpath","value":"//span[contains(@id ,\"filterItemControl_BASIC-SEND_CONTRACT-vhi\")]"}
RESULT: {"using":"xpath","value":"//span[contains(@id ,\"filterItemControl_BASIC-SEND_CONTRACT-vhi\")]"}
COMMAND: POST /session/d3cdda6f06e006695550ea94201d0e31/element/f.CF3EA173C6DD6742E6FF2C1FCC3ADAA5.d.83F743E422E802F46F4E1735CC858424.e.24643/click - {}
RESULT: {}
COMMAND: GET /session/d3cdda6f06e006695550ea94201d0e31/screenshot - {}
RESULT: {}
RESULT: undefined
COMMAND: POST /session/d3cdda6f06e006695550ea94201d0e31/execute/async - {"script":"<script> [776 bytes]","args":[{"enterText":"10464","selector":{"controlType":"sap.m.SearchField","viewName":"etm.portal.ui.managehandovers.view.MasterHO","bindingPath":{"path":"","propertyPath":"/_BASIC_SEARCH_FIELD","modelName":"fi1t3rM0d31"},"searchOpenDialogs":true,"interaction":{"idSuffix":"I"}},"clearTextFirst":true,"interactionType":"ENTER_TEXT"}]}
RESULT: {"script":"<script> [776 bytes]","args":[{"enterText":"10464","selector":{"controlType":"sap.m.SearchField","viewName":"etm.portal.ui.managehandovers.view.MasterHO","bindingPath":{"path":"","propertyPath":"/_BASIC_SEARCH_FIELD","modelName":"fi1t3rM0d31"},"searchOpenDialogs":true,"interaction":{"idSuffix":"I"}},"clearTextFirst":true,"interactionType":"ENTER_TEXT"}]}
COMMAND: POST /session/d3cdda6f06e006695550ea94201d0e31/actions - {"actions":[{"id":"action86","type":"key","parameters":{},"actions":[{"type":"keyDown","value":"î€‡"},{"type":"pause","duration":10},{"type":"keyUp","value":"î€‡"}]}]}
RESULT: {"actions":[{"id":"action86","type":"key","parameters":{},"actions":[{"type":"keyDown","value":"î€‡"},{"type":"pause","duration":10},{"type":"keyUp","value":"î€‡"}]}]}
COMMAND: GET /session/d3cdda6f06e006695550ea94201d0e31/screenshot - {}
RESULT: {}
COMMAND: POST /session/d3cdda6f06e006695550ea94201d0e31/element - {"using":"xpath","value":"//div[contains(@id, 'filterItemControl_BASIC-SEND_CONTRACT-valueHelpDialog-table-rowsel0')]"}
RESULT: {"using":"xpath","value":"//div[contains(@id, 'filterItemControl_BASIC-SEND_CONTRACT-valueHelpDialog-table-rowsel0')]"}
COMMAND: POST /session/d3cdda6f06e006695550ea94201d0e31/element/f.CF3EA173C6DD6742E6FF2C1FCC3ADAA5.d.83F743E422E802F46F4E1735CC858424.e.24652/click - {}
RESULT: {}
COMMAND: GET /session/d3cdda6f06e006695550ea94201d0e31/screenshot - {}
RESULT: {}
COMMAND: POST /session/d3cdda6f06e006695550ea94201d0e31/element - {"using":"xpath","value":"//bdi[contains(text(), \"OK\")]"}
RESULT: {"using":"xpath","value":"//bdi[contains(text(), \"OK\")]"}
COMMAND: POST /session/d3cdda6f06e006695550ea94201d0e31/element/f.CF3EA173C6DD6742E6FF2C1FCC3ADAA5.d.83F743E422E802F46F4E1735CC858424.e.24654/click - {}
RESULT: {}
COMMAND: GET /session/d3cdda6f06e006695550ea94201d0e31/screenshot - {}
RESULT: {}
COMMAND: POST /session/d3cdda6f06e006695550ea94201d0e31/element - {"using":"xpath","value":"//span[contains(@id, \"smartTable-header-inner\")]"}
RESULT: {"using":"xpath","value":"//span[contains(@id, \"smartTable-header-inner\")]"}
COMMAND: POST /session/d3cdda6f06e006695550ea94201d0e31/elements - {"using":"xpath","value":"//span[contains(@id, \"smartTable-header-inner\")]"}
RESULT: {"using":"xpath","value":"//span[contains(@id, \"smartTable-header-inner\")]"}
COMMAND: POST /session/d3cdda6f06e006695550ea94201d0e31/execute/sync - {"script":"<script> [56 bytes]","args":[{"element-6066-11e4-a52e-4f735466cecf":"f.CF3EA173C6DD6742E6FF2C1FCC3ADAA5.d.83F743E422E802F46F4E1735CC858424.e.24683","ELEMENT":"f.CF3EA173C6DD6742E6FF2C1FCC3ADAA5.d.83F743E422E802F46F4E1735CC858424.e.24683"}]}
RESULT: {"script":"<script> [56 bytes]","args":[{"element-6066-11e4-a52e-4f735466cecf":"f.CF3EA173C6DD6742E6FF2C1FCC3ADAA5.d.83F743E422E802F46F4E1735CC858424.e.24683","ELEMENT":"f.CF3EA173C6DD6742E6FF2C1FCC3ADAA5.d.83F743E422E802F46F4E1735CC858424.e.24683"}]}
COMMAND: POST /session/d3cdda6f06e006695550ea94201d0e31/element - {"using":"xpath","value":"//table[contains(@id, \"customHandovers\")]//tbody/tr[1]/td[2]/span"}
COMMAND: GET /session/d3cdda6f06e006695550ea94201d0e31/screenshot - {}
RESULT: {"using":"xpath","value":"//table[contains(@id, \"customHandovers\")]//tbody/tr[1]/td[2]/span"}
COMMAND: POST /session/d3cdda6f06e006695550ea94201d0e31/execute/sync - {"script":"<script> [56 bytes]","args":[{"element-6066-11e4-a52e-4f735466cecf":"f.CF3EA173C6DD6742E6FF2C1FCC3ADAA5.d.83F743E422E802F46F4E1735CC858424.e.24684","ELEMENT":"f.CF3EA173C6DD6742E6FF2C1FCC3ADAA5.d.83F743E422E802F46F4E1735CC858424.e.24684"}]}
RESULT: {}
RESULT: {"script":"<script> [56 bytes]","args":[{"element-6066-11e4-a52e-4f735466cecf":"f.CF3EA173C6DD6742E6FF2C1FCC3ADAA5.d.83F743E422E802F46F4E1735CC858424.e.24684","ELEMENT":"f.CF3EA173C6DD6742E6FF2C1FCC3ADAA5.d.83F743E422E802F46F4E1735CC858424.e.24684"}]}
COMMAND: POST /session/d3cdda6f06e006695550ea94201d0e31/element - {"using":"xpath","value":"(//span[contains(@id, \"imgNav\")])[1]"}
COMMAND: GET /session/d3cdda6f06e006695550ea94201d0e31/screenshot - {}
RESULT: {"using":"xpath","value":"(//span[contains(@id, \"imgNav\")])[1]"}
COMMAND: POST /session/d3cdda6f06e006695550ea94201d0e31/element/f.CF3EA173C6DD6742E6FF2C1FCC3ADAA5.d.83F743E422E802F46F4E1735CC858424.e.24681/click - {}
RESULT: {}
RESULT: {}
COMMAND: GET /session/d3cdda6f06e006695550ea94201d0e31/screenshot - {}
RESULT: {}
RESULT: undefined
COMMAND: POST /session/d3cdda6f06e006695550ea94201d0e31/execute/async - {"script":"<script> [776 bytes]","args":[{"enterText":"6/4/25","selector":{"id":"issueDatePicker","viewName":"etm.portal.ui.managehandovers.view.DetailExecuteHO","interaction":{"idSuffix":"inner"}},"clearTextFirst":true,"interactionType":"ENTER_TEXT"}]}
RESULT: {"script":"<script> [776 bytes]","args":[{"enterText":"6/4/25","selector":{"id":"issueDatePicker","viewName":"etm.portal.ui.managehandovers.view.DetailExecuteHO","interaction":{"idSuffix":"inner"}},"clearTextFirst":true,"interactionType":"ENTER_TEXT"}]}
COMMAND: POST /session/d3cdda6f06e006695550ea94201d0e31/element - {"using":"xpath","value":"//button[@data-kt=\"PickingTableConfirmAllButton\"]"}
RESULT: {"using":"xpath","value":"//button[@data-kt=\"PickingTableConfirmAllButton\"]"}
COMMAND: POST /session/d3cdda6f06e006695550ea94201d0e31/element/f.CF3EA173C6DD6742E6FF2C1FCC3ADAA5.d.83F743E422E802F46F4E1735CC858424.e.24700/click - {}
RESULT: {}
COMMAND: GET /session/d3cdda6f06e006695550ea94201d0e31/screenshot - {}
RESULT: {}
COMMAND: POST /session/d3cdda6f06e006695550ea94201d0e31/element - {"using":"xpath","value":"//bdi[contains(text(), \"OK\")]"}
RESULT: {"using":"xpath","value":"//bdi[contains(text(), \"OK\")]"}
COMMAND: POST /session/d3cdda6f06e006695550ea94201d0e31/element/f.CF3EA173C6DD6742E6FF2C1FCC3ADAA5.d.83F743E422E802F46F4E1735CC858424.e.24730/click - {}
RESULT: {}
COMMAND: GET /session/d3cdda6f06e006695550ea94201d0e31/screenshot - {}
RESULT: {}
COMMAND: POST /session/d3cdda6f06e006695550ea94201d0e31/element - {"using":"xpath","value":"//button[@data-kt=\"execHoIssueButton\"]"}
RESULT: {"using":"xpath","value":"//button[@data-kt=\"execHoIssueButton\"]"}
COMMAND: POST /session/d3cdda6f06e006695550ea94201d0e31/element/f.CF3EA173C6DD6742E6FF2C1FCC3ADAA5.d.83F743E422E802F46F4E1735CC858424.e.24731/click - {}
RESULT: {}
COMMAND: GET /session/d3cdda6f06e006695550ea94201d0e31/screenshot - {}
RESULT: {}
COMMAND: POST /session/d3cdda6f06e006695550ea94201d0e31/element - {"using":"xpath","value":"//input[contains(@id ,\"smartFilterBar-btnBasicSearch-I\")]"}
RESULT: {"using":"xpath","value":"//input[contains(@id ,\"smartFilterBar-btnBasicSearch-I\")]"}
COMMAND: POST /session/d3cdda6f06e006695550ea94201d0e31/elements - {"using":"xpath","value":"//input[contains(@id ,\"smartFilterBar-btnBasicSearch-I\")]"}
RESULT: {"using":"xpath","value":"//input[contains(@id ,\"smartFilterBar-btnBasicSearch-I\")]"}
COMMAND: POST /session/d3cdda6f06e006695550ea94201d0e31/execute/sync - {"script":"<script> [8489 bytes]","args":[{"element-6066-11e4-a52e-4f735466cecf":"f.CF3EA173C6DD6742E6FF2C1FCC3ADAA5.d.83F743E422E802F46F4E1735CC858424.e.24152","ELEMENT":"f.CF3EA173C6DD6742E6FF2C1FCC3ADAA5.d.83F743E422E802F46F4E1735CC858424.e.24152"}]}
RESULT: {"script":"<script> [8489 bytes]","args":[{"element-6066-11e4-a52e-4f735466cecf":"f.CF3EA173C6DD6742E6FF2C1FCC3ADAA5.d.83F743E422E802F46F4E1735CC858424.e.24152","ELEMENT":"f.CF3EA173C6DD6742E6FF2C1FCC3ADAA5.d.83F743E422E802F46F4E1735CC858424.e.24152"}]}
COMMAND: GET /session/d3cdda6f06e006695550ea94201d0e31/element/f.CF3EA173C6DD6742E6FF2C1FCC3ADAA5.d.83F743E422E802F46F4E1735CC858424.e.24152/enabled - {}
COMMAND: GET /session/d3cdda6f06e006695550ea94201d0e31/screenshot - {}
RESULT: {}
COMMAND: POST /session/d3cdda6f06e006695550ea94201d0e31/element/f.CF3EA173C6DD6742E6FF2C1FCC3ADAA5.d.83F743E422E802F46F4E1735CC858424.e.24152/clear - {}
COMMAND: GET /session/d3cdda6f06e006695550ea94201d0e31/screenshot - {}
RESULT: {}
RESULT: {}
COMMAND: POST /session/d3cdda6f06e006695550ea94201d0e31/element/f.CF3EA173C6DD6742E6FF2C1FCC3ADAA5.d.83F743E422E802F46F4E1735CC858424.e.24152/value - {"text":"30924"}
COMMAND: GET /session/d3cdda6f06e006695550ea94201d0e31/screenshot - {}
RESULT: {}
RESULT: {"text":"30924"}
COMMAND: GET /session/d3cdda6f06e006695550ea94201d0e31/screenshot - {}
RESULT: {}
RESULT: {}
COMMAND: POST /session/d3cdda6f06e006695550ea94201d0e31/actions - {"actions":[{"id":"action87","type":"key","parameters":{},"actions":[{"type":"keyDown","value":"î€‡"},{"type":"pause","duration":10},{"type":"keyUp","value":"î€‡"}]}]}
RESULT: {"actions":[{"id":"action87","type":"key","parameters":{},"actions":[{"type":"keyDown","value":"î€‡"},{"type":"pause","duration":10},{"type":"keyUp","value":"î€‡"}]}]}
COMMAND: GET /session/d3cdda6f06e006695550ea94201d0e31/screenshot - {}
RESULT: {}
COMMAND: POST /session/d3cdda6f06e006695550ea94201d0e31/element - {"using":"xpath","value":"//span[contains(@id, \"smartTable-header-inner\")]"}
RESULT: {"using":"xpath","value":"//span[contains(@id, \"smartTable-header-inner\")]"}
COMMAND: POST /session/d3cdda6f06e006695550ea94201d0e31/elements - {"using":"xpath","value":"//span[contains(@id, \"smartTable-header-inner\")]"}
RESULT: {"using":"xpath","value":"//span[contains(@id, \"smartTable-header-inner\")]"}
COMMAND: POST /session/d3cdda6f06e006695550ea94201d0e31/execute/sync - {"script":"<script> [56 bytes]","args":[{"element-6066-11e4-a52e-4f735466cecf":"f.CF3EA173C6DD6742E6FF2C1FCC3ADAA5.d.83F743E422E802F46F4E1735CC858424.e.24683","ELEMENT":"f.CF3EA173C6DD6742E6FF2C1FCC3ADAA5.d.83F743E422E802F46F4E1735CC858424.e.24683"}]}
RESULT: {"script":"<script> [56 bytes]","args":[{"element-6066-11e4-a52e-4f735466cecf":"f.CF3EA173C6DD6742E6FF2C1FCC3ADAA5.d.83F743E422E802F46F4E1735CC858424.e.24683","ELEMENT":"f.CF3EA173C6DD6742E6FF2C1FCC3ADAA5.d.83F743E422E802F46F4E1735CC858424.e.24683"}]}
COMMAND: POST /session/d3cdda6f06e006695550ea94201d0e31/elements - {"using":"xpath","value":"//thead[contains(@class, \"sapMTableTH\")]/tr/th"}
COMMAND: GET /session/d3cdda6f06e006695550ea94201d0e31/screenshot - {}
RESULT: {"using":"xpath","value":"//thead[contains(@class, \"sapMTableTH\")]/tr/th"}
COMMAND: GET /session/d3cdda6f06e006695550ea94201d0e31/element/f.CF3EA173C6DD6742E6FF2C1FCC3ADAA5.d.83F743E422E802F46F4E1735CC858424.e.24784/text - {}
RESULT: {}
RESULT: {}
COMMAND: GET /session/d3cdda6f06e006695550ea94201d0e31/element/f.CF3EA173C6DD6742E6FF2C1FCC3ADAA5.d.83F743E422E802F46F4E1735CC858424.e.24785/text - {}
RESULT: {}
COMMAND: GET /session/d3cdda6f06e006695550ea94201d0e31/element/f.CF3EA173C6DD6742E6FF2C1FCC3ADAA5.d.83F743E422E802F46F4E1735CC858424.e.24195/text - {}
RESULT: {}
COMMAND: GET /session/d3cdda6f06e006695550ea94201d0e31/element/f.CF3EA173C6DD6742E6FF2C1FCC3ADAA5.d.83F743E422E802F46F4E1735CC858424.e.24197/text - {}
RESULT: {}
COMMAND: GET /session/d3cdda6f06e006695550ea94201d0e31/element/f.CF3EA173C6DD6742E6FF2C1FCC3ADAA5.d.83F743E422E802F46F4E1735CC858424.e.24735/text - {}
RESULT: {}
COMMAND: GET /session/d3cdda6f06e006695550ea94201d0e31/element/f.CF3EA173C6DD6742E6FF2C1FCC3ADAA5.d.83F743E422E802F46F4E1735CC858424.e.24736/text - {}
RESULT: {}
COMMAND: GET /session/d3cdda6f06e006695550ea94201d0e31/element/f.CF3EA173C6DD6742E6FF2C1FCC3ADAA5.d.83F743E422E802F46F4E1735CC858424.e.24737/text - {}
RESULT: {}
COMMAND: GET /session/d3cdda6f06e006695550ea94201d0e31/element/f.CF3EA173C6DD6742E6FF2C1FCC3ADAA5.d.83F743E422E802F46F4E1735CC858424.e.24738/text - {}
RESULT: {}
COMMAND: GET /session/d3cdda6f06e006695550ea94201d0e31/element/f.CF3EA173C6DD6742E6FF2C1FCC3ADAA5.d.83F743E422E802F46F4E1735CC858424.e.24739/text - {}
RESULT: {}
COMMAND: GET /session/d3cdda6f06e006695550ea94201d0e31/element/f.CF3EA173C6DD6742E6FF2C1FCC3ADAA5.d.83F743E422E802F46F4E1735CC858424.e.24740/text - {}
RESULT: {}
COMMAND: GET /session/d3cdda6f06e006695550ea94201d0e31/element/f.CF3EA173C6DD6742E6FF2C1FCC3ADAA5.d.83F743E422E802F46F4E1735CC858424.e.24741/text - {}
RESULT: {}
COMMAND: GET /session/d3cdda6f06e006695550ea94201d0e31/element/f.CF3EA173C6DD6742E6FF2C1FCC3ADAA5.d.83F743E422E802F46F4E1735CC858424.e.24742/text - {}
RESULT: {}
COMMAND: GET /session/d3cdda6f06e006695550ea94201d0e31/element/f.CF3EA173C6DD6742E6FF2C1FCC3ADAA5.d.83F743E422E802F46F4E1735CC858424.e.24743/text - {}
RESULT: {}
COMMAND: GET /session/d3cdda6f06e006695550ea94201d0e31/element/f.CF3EA173C6DD6742E6FF2C1FCC3ADAA5.d.83F743E422E802F46F4E1735CC858424.e.24198/text - {}
RESULT: {}
COMMAND: POST /session/d3cdda6f06e006695550ea94201d0e31/element - {"using":"xpath","value":"//tbody[contains(@id, \"customHandoversTable-tblBody\")]/tr[1]/td[14]/div/span"}
RESULT: {"using":"xpath","value":"//tbody[contains(@id, \"customHandoversTable-tblBody\")]/tr[1]/td[14]/div/span"}
COMMAND: POST /session/d3cdda6f06e006695550ea94201d0e31/execute/sync - {"script":"<script> [56 bytes]","args":[{"element-6066-11e4-a52e-4f735466cecf":"f.CF3EA173C6DD6742E6FF2C1FCC3ADAA5.d.83F743E422E802F46F4E1735CC858424.e.24838","ELEMENT":"f.CF3EA173C6DD6742E6FF2C1FCC3ADAA5.d.83F743E422E802F46F4E1735CC858424.e.24838"}]}
RESULT: {"script":"<script> [56 bytes]","args":[{"element-6066-11e4-a52e-4f735466cecf":"f.CF3EA173C6DD6742E6FF2C1FCC3ADAA5.d.83F743E422E802F46F4E1735CC858424.e.24838","ELEMENT":"f.CF3EA173C6DD6742E6FF2C1FCC3ADAA5.d.83F743E422E802F46F4E1735CC858424.e.24838"}]}
COMMAND: POST /session/d3cdda6f06e006695550ea94201d0e31/element - {"using":"xpath","value":"(//span[contains(@id, \"imgNav\")])[1]"}
COMMAND: GET /session/d3cdda6f06e006695550ea94201d0e31/screenshot - {}
RESULT: {"using":"xpath","value":"(//span[contains(@id, \"imgNav\")])[1]"}
COMMAND: POST /session/d3cdda6f06e006695550ea94201d0e31/element/f.CF3EA173C6DD6742E6FF2C1FCC3ADAA5.d.83F743E422E802F46F4E1735CC858424.e.24780/click - {}
RESULT: {}
RESULT: {}
COMMAND: GET /session/d3cdda6f06e006695550ea94201d0e31/screenshot - {}
RESULT: {}
RESULT: undefined
COMMAND: POST /session/d3cdda6f06e006695550ea94201d0e31/execute/async - {"script":"<script> [776 bytes]","args":[{"enterText":"6/11/25","selector":{"id":"receiptDatePicker","viewName":"etm.portal.ui.managehandovers.view.DetailExecuteHO","interaction":{"idSuffix":"inner"}},"clearTextFirst":true,"interactionType":"ENTER_TEXT"}]}
RESULT: {"script":"<script> [776 bytes]","args":[{"enterText":"6/11/25","selector":{"id":"receiptDatePicker","viewName":"etm.portal.ui.managehandovers.view.DetailExecuteHO","interaction":{"idSuffix":"inner"}},"clearTextFirst":true,"interactionType":"ENTER_TEXT"}]}
COMMAND: POST /session/d3cdda6f06e006695550ea94201d0e31/element - {"using":"xpath","value":"//bdi[contains(text(), \"OK\")]"}
RESULT: {"using":"xpath","value":"//bdi[contains(text(), \"OK\")]"}
COMMAND: POST /session/d3cdda6f06e006695550ea94201d0e31/element/f.CF3EA173C6DD6742E6FF2C1FCC3ADAA5.d.83F743E422E802F46F4E1735CC858424.e.24863/click - {}
RESULT: {}
COMMAND: GET /session/d3cdda6f06e006695550ea94201d0e31/screenshot - {}
RESULT: {}
COMMAND: POST /session/d3cdda6f06e006695550ea94201d0e31/element - {"using":"xpath","value":"//button[@data-kt=\"PickingTableConfirmAllButton\"]"}
RESULT: {"using":"xpath","value":"//button[@data-kt=\"PickingTableConfirmAllButton\"]"}
COMMAND: POST /session/d3cdda6f06e006695550ea94201d0e31/element/f.CF3EA173C6DD6742E6FF2C1FCC3ADAA5.d.83F743E422E802F46F4E1735CC858424.e.24845/click - {}
RESULT: {}
COMMAND: GET /session/d3cdda6f06e006695550ea94201d0e31/screenshot - {}
RESULT: {}
COMMAND: POST /session/d3cdda6f06e006695550ea94201d0e31/element - {"using":"xpath","value":"//bdi[contains(text(), \"OK\")]"}
RESULT: {"using":"xpath","value":"//bdi[contains(text(), \"OK\")]"}
COMMAND: POST /session/d3cdda6f06e006695550ea94201d0e31/element/f.CF3EA173C6DD6742E6FF2C1FCC3ADAA5.d.83F743E422E802F46F4E1735CC858424.e.24877/click - {}
RESULT: {}
COMMAND: GET /session/d3cdda6f06e006695550ea94201d0e31/screenshot - {}
RESULT: {}
COMMAND: POST /session/d3cdda6f06e006695550ea94201d0e31/element - {"using":"xpath","value":"//button[@data-kt= \"execHoReceiveButton\"]"}
RESULT: {"using":"xpath","value":"//button[@data-kt= \"execHoReceiveButton\"]"}
COMMAND: POST /session/d3cdda6f06e006695550ea94201d0e31/element/f.CF3EA173C6DD6742E6FF2C1FCC3ADAA5.d.83F743E422E802F46F4E1735CC858424.e.24878/click - {}
RESULT: {}
COMMAND: GET /session/d3cdda6f06e006695550ea94201d0e31/screenshot - {}
RESULT: {}
COMMAND: POST /session/d3cdda6f06e006695550ea94201d0e31/element - {"using":"xpath","value":"//input[contains(@id ,\"smartFilterBar-btnBasicSearch-I\")]"}
RESULT: {"using":"xpath","value":"//input[contains(@id ,\"smartFilterBar-btnBasicSearch-I\")]"}
COMMAND: POST /session/d3cdda6f06e006695550ea94201d0e31/elements - {"using":"xpath","value":"//input[contains(@id ,\"smartFilterBar-btnBasicSearch-I\")]"}
RESULT: {"using":"xpath","value":"//input[contains(@id ,\"smartFilterBar-btnBasicSearch-I\")]"}
COMMAND: POST /session/d3cdda6f06e006695550ea94201d0e31/execute/sync - {"script":"<script> [8489 bytes]","args":[{"element-6066-11e4-a52e-4f735466cecf":"f.CF3EA173C6DD6742E6FF2C1FCC3ADAA5.d.83F743E422E802F46F4E1735CC858424.e.24152","ELEMENT":"f.CF3EA173C6DD6742E6FF2C1FCC3ADAA5.d.83F743E422E802F46F4E1735CC858424.e.24152"}]}
RESULT: {"script":"<script> [8489 bytes]","args":[{"element-6066-11e4-a52e-4f735466cecf":"f.CF3EA173C6DD6742E6FF2C1FCC3ADAA5.d.83F743E422E802F46F4E1735CC858424.e.24152","ELEMENT":"f.CF3EA173C6DD6742E6FF2C1FCC3ADAA5.d.83F743E422E802F46F4E1735CC858424.e.24152"}]}
COMMAND: GET /session/d3cdda6f06e006695550ea94201d0e31/element/f.CF3EA173C6DD6742E6FF2C1FCC3ADAA5.d.83F743E422E802F46F4E1735CC858424.e.24152/enabled - {}
COMMAND: GET /session/d3cdda6f06e006695550ea94201d0e31/screenshot - {}
RESULT: {}
COMMAND: POST /session/d3cdda6f06e006695550ea94201d0e31/element/f.CF3EA173C6DD6742E6FF2C1FCC3ADAA5.d.83F743E422E802F46F4E1735CC858424.e.24152/clear - {}
COMMAND: GET /session/d3cdda6f06e006695550ea94201d0e31/screenshot - {}
RESULT: {}
RESULT: {}
COMMAND: POST /session/d3cdda6f06e006695550ea94201d0e31/element/f.CF3EA173C6DD6742E6FF2C1FCC3ADAA5.d.83F743E422E802F46F4E1735CC858424.e.24152/value - {"text":"30924"}
COMMAND: GET /session/d3cdda6f06e006695550ea94201d0e31/screenshot - {}
RESULT: {}
RESULT: {"text":"30924"}
COMMAND: GET /session/d3cdda6f06e006695550ea94201d0e31/screenshot - {}
RESULT: {}
RESULT: {}
COMMAND: POST /session/d3cdda6f06e006695550ea94201d0e31/actions - {"actions":[{"id":"action88","type":"key","parameters":{},"actions":[{"type":"keyDown","value":"î€‡"},{"type":"pause","duration":10},{"type":"keyUp","value":"î€‡"}]}]}
RESULT: {"actions":[{"id":"action88","type":"key","parameters":{},"actions":[{"type":"keyDown","value":"î€‡"},{"type":"pause","duration":10},{"type":"keyUp","value":"î€‡"}]}]}
COMMAND: GET /session/d3cdda6f06e006695550ea94201d0e31/screenshot - {}
RESULT: {}
COMMAND: POST /session/d3cdda6f06e006695550ea94201d0e31/element - {"using":"xpath","value":"//span[contains(@id, \"smartTable-header-inner\")]"}
RESULT: {"using":"xpath","value":"//span[contains(@id, \"smartTable-header-inner\")]"}
COMMAND: POST /session/d3cdda6f06e006695550ea94201d0e31/elements - {"using":"xpath","value":"//span[contains(@id, \"smartTable-header-inner\")]"}
RESULT: {"using":"xpath","value":"//span[contains(@id, \"smartTable-header-inner\")]"}
COMMAND: POST /session/d3cdda6f06e006695550ea94201d0e31/execute/sync - {"script":"<script> [56 bytes]","args":[{"element-6066-11e4-a52e-4f735466cecf":"f.CF3EA173C6DD6742E6FF2C1FCC3ADAA5.d.83F743E422E802F46F4E1735CC858424.e.24683","ELEMENT":"f.CF3EA173C6DD6742E6FF2C1FCC3ADAA5.d.83F743E422E802F46F4E1735CC858424.e.24683"}]}
RESULT: {"script":"<script> [56 bytes]","args":[{"element-6066-11e4-a52e-4f735466cecf":"f.CF3EA173C6DD6742E6FF2C1FCC3ADAA5.d.83F743E422E802F46F4E1735CC858424.e.24683","ELEMENT":"f.CF3EA173C6DD6742E6FF2C1FCC3ADAA5.d.83F743E422E802F46F4E1735CC858424.e.24683"}]}
COMMAND: POST /session/d3cdda6f06e006695550ea94201d0e31/elements - {"using":"xpath","value":"//thead[contains(@class, \"sapMTableTH\")]/tr/th"}
COMMAND: GET /session/d3cdda6f06e006695550ea94201d0e31/screenshot - {}
RESULT: {"using":"xpath","value":"//thead[contains(@class, \"sapMTableTH\")]/tr/th"}
COMMAND: GET /session/d3cdda6f06e006695550ea94201d0e31/element/f.CF3EA173C6DD6742E6FF2C1FCC3ADAA5.d.83F743E422E802F46F4E1735CC858424.e.24784/text - {}
RESULT: {}
RESULT: {}
COMMAND: GET /session/d3cdda6f06e006695550ea94201d0e31/element/f.CF3EA173C6DD6742E6FF2C1FCC3ADAA5.d.83F743E422E802F46F4E1735CC858424.e.24785/text - {}
RESULT: {}
COMMAND: GET /session/d3cdda6f06e006695550ea94201d0e31/element/f.CF3EA173C6DD6742E6FF2C1FCC3ADAA5.d.83F743E422E802F46F4E1735CC858424.e.24195/text - {}
RESULT: {}
COMMAND: GET /session/d3cdda6f06e006695550ea94201d0e31/element/f.CF3EA173C6DD6742E6FF2C1FCC3ADAA5.d.83F743E422E802F46F4E1735CC858424.e.24197/text - {}
RESULT: {}
COMMAND: GET /session/d3cdda6f06e006695550ea94201d0e31/element/f.CF3EA173C6DD6742E6FF2C1FCC3ADAA5.d.83F743E422E802F46F4E1735CC858424.e.24882/text - {}
RESULT: {}
COMMAND: GET /session/d3cdda6f06e006695550ea94201d0e31/element/f.CF3EA173C6DD6742E6FF2C1FCC3ADAA5.d.83F743E422E802F46F4E1735CC858424.e.24883/text - {}
RESULT: {}
COMMAND: GET /session/d3cdda6f06e006695550ea94201d0e31/element/f.CF3EA173C6DD6742E6FF2C1FCC3ADAA5.d.83F743E422E802F46F4E1735CC858424.e.24884/text - {}
RESULT: {}
COMMAND: GET /session/d3cdda6f06e006695550ea94201d0e31/element/f.CF3EA173C6DD6742E6FF2C1FCC3ADAA5.d.83F743E422E802F46F4E1735CC858424.e.24885/text - {}
RESULT: {}
COMMAND: GET /session/d3cdda6f06e006695550ea94201d0e31/element/f.CF3EA173C6DD6742E6FF2C1FCC3ADAA5.d.83F743E422E802F46F4E1735CC858424.e.24886/text - {}
RESULT: {}
COMMAND: GET /session/d3cdda6f06e006695550ea94201d0e31/element/f.CF3EA173C6DD6742E6FF2C1FCC3ADAA5.d.83F743E422E802F46F4E1735CC858424.e.24887/text - {}
RESULT: {}
COMMAND: GET /session/d3cdda6f06e006695550ea94201d0e31/element/f.CF3EA173C6DD6742E6FF2C1FCC3ADAA5.d.83F743E422E802F46F4E1735CC858424.e.24888/text - {}
RESULT: {}
COMMAND: GET /session/d3cdda6f06e006695550ea94201d0e31/element/f.CF3EA173C6DD6742E6FF2C1FCC3ADAA5.d.83F743E422E802F46F4E1735CC858424.e.24889/text - {}
RESULT: {}
COMMAND: GET /session/d3cdda6f06e006695550ea94201d0e31/element/f.CF3EA173C6DD6742E6FF2C1FCC3ADAA5.d.83F743E422E802F46F4E1735CC858424.e.24890/text - {}
RESULT: {}
COMMAND: GET /session/d3cdda6f06e006695550ea94201d0e31/element/f.CF3EA173C6DD6742E6FF2C1FCC3ADAA5.d.83F743E422E802F46F4E1735CC858424.e.24198/text - {}
RESULT: {}
COMMAND: POST /session/d3cdda6f06e006695550ea94201d0e31/element - {"using":"xpath","value":"//tbody[contains(@id, \"customHandoversTable-tblBody\")]/tr[1]/td[14]/div/span"}
RESULT: {"using":"xpath","value":"//tbody[contains(@id, \"customHandoversTable-tblBody\")]/tr[1]/td[14]/div/span"}
COMMAND: POST /session/d3cdda6f06e006695550ea94201d0e31/execute/sync - {"script":"<script> [56 bytes]","args":[{"element-6066-11e4-a52e-4f735466cecf":"f.CF3EA173C6DD6742E6FF2C1FCC3ADAA5.d.83F743E422E802F46F4E1735CC858424.e.24949","ELEMENT":"f.CF3EA173C6DD6742E6FF2C1FCC3ADAA5.d.83F743E422E802F46F4E1735CC858424.e.24949"}]}
RESULT: {"script":"<script> [56 bytes]","args":[{"element-6066-11e4-a52e-4f735466cecf":"f.CF3EA173C6DD6742E6FF2C1FCC3ADAA5.d.83F743E422E802F46F4E1735CC858424.e.24949","ELEMENT":"f.CF3EA173C6DD6742E6FF2C1FCC3ADAA5.d.83F743E422E802F46F4E1735CC858424.e.24949"}]}
COMMAND: POST /session/d3cdda6f06e006695550ea94201d0e31/element - {"using":"css selector","value":"#shell-header-logo"}
COMMAND: GET /session/d3cdda6f06e006695550ea94201d0e31/screenshot - {}
RESULT: {"using":"css selector","value":"#shell-header-logo"}
COMMAND: POST /session/d3cdda6f06e006695550ea94201d0e31/element/f.CF3EA173C6DD6742E6FF2C1FCC3ADAA5.d.83F743E422E802F46F4E1735CC858424.e.23809/click - {}
RESULT: {}
RESULT: {}
COMMAND: GET /session/d3cdda6f06e006695550ea94201d0e31/screenshot - {}
RESULT: {}
]]></system-out>
    </testcase>
    <testcase classname="chrome.136_0_7103_93.windows.Billing_Calculation_-_Time_based_(considering_transport_times)_US139738" name="Should do another billing run but in around 17 days from today" time="56.584">
      <system-out><![CDATA[
RESULT: undefined
COMMAND: POST /session/d3cdda6f06e006695550ea94201d0e31/element - {"using":"xpath","value":"//*[@id=\"__tile51\"]"}
RESULT: {"using":"xpath","value":"//*[@id=\"__tile51\"]"}
COMMAND: POST /session/d3cdda6f06e006695550ea94201d0e31/element/f.CF3EA173C6DD6742E6FF2C1FCC3ADAA5.d.83F743E422E802F46F4E1735CC858424.e.19322/click - {}
RESULT: {}
COMMAND: GET /session/d3cdda6f06e006695550ea94201d0e31/screenshot - {}
RESULT: {}
COMMAND: POST /session/d3cdda6f06e006695550ea94201d0e31/elements - {"using":"xpath","value":"//span[text()='Error']"}
RESULT: {"using":"xpath","value":"//span[text()='Error']"}
RESULT: undefined
COMMAND: POST /session/d3cdda6f06e006695550ea94201d0e31/execute/async - {"script":"<script> [776 bytes]","args":[{"enterText":"10464","selector":{"id":"application-managebillings-display-component---billRunCalcResult--smartFilterBar-btnBasicSearch","interaction":{"idSuffix":"I"}},"clearTextFirst":true,"interactionType":"ENTER_TEXT"}]}
RESULT: {"script":"<script> [776 bytes]","args":[{"enterText":"10464","selector":{"id":"application-managebillings-display-component---billRunCalcResult--smartFilterBar-btnBasicSearch","interaction":{"idSuffix":"I"}},"clearTextFirst":true,"interactionType":"ENTER_TEXT"}]}
COMMAND: POST /session/d3cdda6f06e006695550ea94201d0e31/actions - {"actions":[{"id":"action89","type":"key","parameters":{},"actions":[{"type":"keyDown","value":"î€‡"},{"type":"pause","duration":10},{"type":"keyUp","value":"î€‡"}]}]}
RESULT: {"actions":[{"id":"action89","type":"key","parameters":{},"actions":[{"type":"keyDown","value":"î€‡"},{"type":"pause","duration":10},{"type":"keyUp","value":"î€‡"}]}]}
COMMAND: GET /session/d3cdda6f06e006695550ea94201d0e31/screenshot - {}
RESULT: {}
COMMAND: POST /session/d3cdda6f06e006695550ea94201d0e31/element - {"using":"xpath","value":"//td[@aria-colindex=\"1\"]/div/div[contains(@class, \"sapMCbBg\")]"}
RESULT: {"using":"xpath","value":"//td[@aria-colindex=\"1\"]/div/div[contains(@class, \"sapMCbBg\")]"}
COMMAND: POST /session/d3cdda6f06e006695550ea94201d0e31/element/f.CF3EA173C6DD6742E6FF2C1FCC3ADAA5.d.83F743E422E802F46F4E1735CC858424.e.25171/click - {}
RESULT: {}
COMMAND: GET /session/d3cdda6f06e006695550ea94201d0e31/screenshot - {}
RESULT: {}
RESULT: undefined
COMMAND: POST /session/d3cdda6f06e006695550ea94201d0e31/execute/async - {"script":"<script> [776 bytes]","args":[{"enterText":"6/7/25","selector":{"id":"application-managebillings-display-component---billRunCalcResult--contractBillRunDate","interaction":{"idSuffix":"inner"}},"clearTextFirst":true,"interactionType":"ENTER_TEXT"}]}
RESULT: {"script":"<script> [776 bytes]","args":[{"enterText":"6/7/25","selector":{"id":"application-managebillings-display-component---billRunCalcResult--contractBillRunDate","interaction":{"idSuffix":"inner"}},"clearTextFirst":true,"interactionType":"ENTER_TEXT"}]}
COMMAND: POST /session/d3cdda6f06e006695550ea94201d0e31/element - {"using":"xpath","value":"//bdi[contains(text(), \"Trigger Calculation\")]"}
RESULT: {"using":"xpath","value":"//bdi[contains(text(), \"Trigger Calculation\")]"}
COMMAND: POST /session/d3cdda6f06e006695550ea94201d0e31/element/f.CF3EA173C6DD6742E6FF2C1FCC3ADAA5.d.83F743E422E802F46F4E1735CC858424.e.25221/click - {}
RESULT: {}
COMMAND: GET /session/d3cdda6f06e006695550ea94201d0e31/screenshot - {}
RESULT: {}
COMMAND: POST /session/d3cdda6f06e006695550ea94201d0e31/element - {"using":"xpath","value":"(//span[contains(@id, \"imgNav\")])[1]"}
RESULT: {"using":"xpath","value":"(//span[contains(@id, \"imgNav\")])[1]"}
COMMAND: POST /session/d3cdda6f06e006695550ea94201d0e31/element/f.CF3EA173C6DD6742E6FF2C1FCC3ADAA5.d.83F743E422E802F46F4E1735CC858424.e.25172/click - {}
RESULT: {}
COMMAND: GET /session/d3cdda6f06e006695550ea94201d0e31/screenshot - {}
RESULT: {}
COMMAND: POST /session/d3cdda6f06e006695550ea94201d0e31/element - {"using":"xpath","value":"//tr/td[6]/div[1]/span[1]/span[1]"}
RESULT: {"using":"xpath","value":"//tr/td[6]/div[1]/span[1]/span[1]"}
COMMAND: GET /session/d3cdda6f06e006695550ea94201d0e31/element/f.CF3EA173C6DD6742E6FF2C1FCC3ADAA5.d.83F743E422E802F46F4E1735CC858424.e.25226/text - {}
RESULT: {}
COMMAND: POST /session/d3cdda6f06e006695550ea94201d0e31/element - {"using":"xpath","value":"(//span[contains(@id, \"imgNav\")])[2]"}
RESULT: {"using":"xpath","value":"(//span[contains(@id, \"imgNav\")])[2]"}
COMMAND: POST /session/d3cdda6f06e006695550ea94201d0e31/element/f.CF3EA173C6DD6742E6FF2C1FCC3ADAA5.d.83F743E422E802F46F4E1735CC858424.e.25227/click - {}
RESULT: {}
COMMAND: POST /session/d3cdda6f06e006695550ea94201d0e31/element - {"using":"xpath","value":"//bdi[contains(text(), \"Business Confirm\")]"}
COMMAND: GET /session/d3cdda6f06e006695550ea94201d0e31/screenshot - {}
RESULT: {"using":"xpath","value":"//bdi[contains(text(), \"Business Confirm\")]"}
COMMAND: POST /session/d3cdda6f06e006695550ea94201d0e31/elements - {"using":"xpath","value":"//bdi[contains(text(), \"Business Confirm\")]"}
RESULT: {}
RESULT: {"using":"xpath","value":"//bdi[contains(text(), \"Business Confirm\")]"}
COMMAND: POST /session/d3cdda6f06e006695550ea94201d0e31/elements - {"using":"xpath","value":"//bdi[contains(text(), \"Business Confirm\")]"}
RESULT: {"using":"xpath","value":"//bdi[contains(text(), \"Business Confirm\")]"}
COMMAND: POST /session/d3cdda6f06e006695550ea94201d0e31/element - {"using":"xpath","value":"//bdi[contains(text(), \"Business Confirm\")]"}
RESULT: {"using":"xpath","value":"//bdi[contains(text(), \"Business Confirm\")]"}
COMMAND: POST /session/d3cdda6f06e006695550ea94201d0e31/element/f.CF3EA173C6DD6742E6FF2C1FCC3ADAA5.d.83F743E422E802F46F4E1735CC858424.e.25281/click - {}
RESULT: {}
COMMAND: POST /session/d3cdda6f06e006695550ea94201d0e31/element - {"using":"css selector","value":"#shell-header-logo"}
COMMAND: GET /session/d3cdda6f06e006695550ea94201d0e31/screenshot - {}
RESULT: {"using":"css selector","value":"#shell-header-logo"}
COMMAND: POST /session/d3cdda6f06e006695550ea94201d0e31/element/f.CF3EA173C6DD6742E6FF2C1FCC3ADAA5.d.83F743E422E802F46F4E1735CC858424.e.24953/click - {}
RESULT: {}
RESULT: {}
COMMAND: GET /session/d3cdda6f06e006695550ea94201d0e31/screenshot - {}
RESULT: {}
]]></system-out>
    </testcase>
    <testcase classname="chrome.136_0_7103_93.windows.Billing_Calculation_-_Time_based_(considering_transport_times)_US139738" name="Should transfer the billing all the way to completion" time="76.71">
      <system-out><![CDATA[
RESULT: undefined
COMMAND: POST /session/d3cdda6f06e006695550ea94201d0e31/element - {"using":"xpath","value":"//*[@id=\"__tile50\"]"}
RESULT: {"using":"xpath","value":"//*[@id=\"__tile50\"]"}
COMMAND: POST /session/d3cdda6f06e006695550ea94201d0e31/element/f.CF3EA173C6DD6742E6FF2C1FCC3ADAA5.d.83F743E422E802F46F4E1735CC858424.e.19320/click - {}
RESULT: {}
COMMAND: GET /session/d3cdda6f06e006695550ea94201d0e31/screenshot - {}
RESULT: {}
COMMAND: POST /session/d3cdda6f06e006695550ea94201d0e31/elements - {"using":"xpath","value":"//span[text()='Error']"}
RESULT: {"using":"xpath","value":"//span[text()='Error']"}
COMMAND: POST /session/d3cdda6f06e006695550ea94201d0e31/element - {"using":"xpath","value":"//input[contains(@id ,\"application-billingtransfer-display-component---billingWorkbench--smartFilterBar-btnBasicSearch\")]"}
RESULT: {"using":"xpath","value":"//input[contains(@id ,\"application-billingtransfer-display-component---billingWorkbench--smartFilterBar-btnBasicSearch\")]"}
COMMAND: POST /session/d3cdda6f06e006695550ea94201d0e31/elements - {"using":"xpath","value":"//input[contains(@id ,\"application-billingtransfer-display-component---billingWorkbench--smartFilterBar-btnBasicSearch\")]"}
RESULT: {"using":"xpath","value":"//input[contains(@id ,\"application-billingtransfer-display-component---billingWorkbench--smartFilterBar-btnBasicSearch\")]"}
COMMAND: POST /session/d3cdda6f06e006695550ea94201d0e31/execute/sync - {"script":"<script> [8489 bytes]","args":[{"element-6066-11e4-a52e-4f735466cecf":"f.CF3EA173C6DD6742E6FF2C1FCC3ADAA5.d.83F743E422E802F46F4E1735CC858424.e.25307","ELEMENT":"f.CF3EA173C6DD6742E6FF2C1FCC3ADAA5.d.83F743E422E802F46F4E1735CC858424.e.25307"}]}
RESULT: {"script":"<script> [8489 bytes]","args":[{"element-6066-11e4-a52e-4f735466cecf":"f.CF3EA173C6DD6742E6FF2C1FCC3ADAA5.d.83F743E422E802F46F4E1735CC858424.e.25307","ELEMENT":"f.CF3EA173C6DD6742E6FF2C1FCC3ADAA5.d.83F743E422E802F46F4E1735CC858424.e.25307"}]}
COMMAND: GET /session/d3cdda6f06e006695550ea94201d0e31/element/f.CF3EA173C6DD6742E6FF2C1FCC3ADAA5.d.83F743E422E802F46F4E1735CC858424.e.25307/enabled - {}
COMMAND: GET /session/d3cdda6f06e006695550ea94201d0e31/screenshot - {}
RESULT: {}
COMMAND: POST /session/d3cdda6f06e006695550ea94201d0e31/element/f.CF3EA173C6DD6742E6FF2C1FCC3ADAA5.d.83F743E422E802F46F4E1735CC858424.e.25307/click - {}
COMMAND: GET /session/d3cdda6f06e006695550ea94201d0e31/screenshot - {}
RESULT: {}
RESULT: {}
COMMAND: GET /session/d3cdda6f06e006695550ea94201d0e31/screenshot - {}
RESULT: {}
RESULT: {}
COMMAND: POST /session/d3cdda6f06e006695550ea94201d0e31/element/f.CF3EA173C6DD6742E6FF2C1FCC3ADAA5.d.83F743E422E802F46F4E1735CC858424.e.25307/clear - {}
RESULT: {}
COMMAND: POST /session/d3cdda6f06e006695550ea94201d0e31/element/f.CF3EA173C6DD6742E6FF2C1FCC3ADAA5.d.83F743E422E802F46F4E1735CC858424.e.25307/value - {"text":"10464"}
COMMAND: GET /session/d3cdda6f06e006695550ea94201d0e31/screenshot - {}
RESULT: {"text":"10464"}
COMMAND: POST /session/d3cdda6f06e006695550ea94201d0e31/actions - {"actions":[{"id":"action90","type":"key","parameters":{},"actions":[{"type":"keyDown","value":"î€‡"},{"type":"pause","duration":10},{"type":"keyUp","value":"î€‡"}]}]}
COMMAND: GET /session/d3cdda6f06e006695550ea94201d0e31/screenshot - {}
RESULT: {}
RESULT: {"actions":[{"id":"action90","type":"key","parameters":{},"actions":[{"type":"keyDown","value":"î€‡"},{"type":"pause","duration":10},{"type":"keyUp","value":"î€‡"}]}]}
COMMAND: GET /session/d3cdda6f06e006695550ea94201d0e31/screenshot - {}
RESULT: {}
RESULT: {}
COMMAND: POST /session/d3cdda6f06e006695550ea94201d0e31/element - {"using":"xpath","value":"//span[contains(@id ,\"application-billingtransfer-display-component---billingWorkbench--smartTableBillingRuns-header-inner\")]"}
RESULT: {"using":"xpath","value":"//span[contains(@id ,\"application-billingtransfer-display-component---billingWorkbench--smartTableBillingRuns-header-inner\")]"}
COMMAND: POST /session/d3cdda6f06e006695550ea94201d0e31/elements - {"using":"xpath","value":"//span[contains(@id ,\"application-billingtransfer-display-component---billingWorkbench--smartTableBillingRuns-header-inner\")]"}
RESULT: {"using":"xpath","value":"//span[contains(@id ,\"application-billingtransfer-display-component---billingWorkbench--smartTableBillingRuns-header-inner\")]"}
COMMAND: POST /session/d3cdda6f06e006695550ea94201d0e31/execute/sync - {"script":"<script> [56 bytes]","args":[{"element-6066-11e4-a52e-4f735466cecf":"f.CF3EA173C6DD6742E6FF2C1FCC3ADAA5.d.83F743E422E802F46F4E1735CC858424.e.25708","ELEMENT":"f.CF3EA173C6DD6742E6FF2C1FCC3ADAA5.d.83F743E422E802F46F4E1735CC858424.e.25708"}]}
RESULT: {"script":"<script> [56 bytes]","args":[{"element-6066-11e4-a52e-4f735466cecf":"f.CF3EA173C6DD6742E6FF2C1FCC3ADAA5.d.83F743E422E802F46F4E1735CC858424.e.25708","ELEMENT":"f.CF3EA173C6DD6742E6FF2C1FCC3ADAA5.d.83F743E422E802F46F4E1735CC858424.e.25708"}]}
COMMAND: POST /session/d3cdda6f06e006695550ea94201d0e31/element - {"using":"xpath","value":"//td[@aria-colindex=\"1\"]/div/div[contains(@class, \"sapMCbBg\")]"}
COMMAND: GET /session/d3cdda6f06e006695550ea94201d0e31/screenshot - {}
RESULT: {"using":"xpath","value":"//td[@aria-colindex=\"1\"]/div/div[contains(@class, \"sapMCbBg\")]"}
COMMAND: POST /session/d3cdda6f06e006695550ea94201d0e31/element/f.CF3EA173C6DD6742E6FF2C1FCC3ADAA5.d.83F743E422E802F46F4E1735CC858424.e.25465/click - {}
RESULT: {}
RESULT: {}
COMMAND: GET /session/d3cdda6f06e006695550ea94201d0e31/screenshot - {}
RESULT: {}
COMMAND: POST /session/d3cdda6f06e006695550ea94201d0e31/element - {"using":"xpath","value":"//bdi[contains(text(), \"Check\")]"}
RESULT: {"using":"xpath","value":"//bdi[contains(text(), \"Check\")]"}
COMMAND: POST /session/d3cdda6f06e006695550ea94201d0e31/element/f.CF3EA173C6DD6742E6FF2C1FCC3ADAA5.d.83F743E422E802F46F4E1735CC858424.e.25709/click - {}
RESULT: {}
COMMAND: GET /session/d3cdda6f06e006695550ea94201d0e31/screenshot - {}
RESULT: {}
COMMAND: POST /session/d3cdda6f06e006695550ea94201d0e31/element - {"using":"xpath","value":"//bdi[contains(text(), \"OK\")]"}
RESULT: {"using":"xpath","value":"//bdi[contains(text(), \"OK\")]"}
COMMAND: POST /session/d3cdda6f06e006695550ea94201d0e31/element/f.CF3EA173C6DD6742E6FF2C1FCC3ADAA5.d.83F743E422E802F46F4E1735CC858424.e.25712/click - {}
RESULT: {}
COMMAND: GET /session/d3cdda6f06e006695550ea94201d0e31/screenshot - {}
RESULT: {}
COMMAND: POST /session/d3cdda6f06e006695550ea94201d0e31/element - {"using":"xpath","value":"(//span[contains(text(), \"CO/SD checked\")]/parent::div/preceding-sibling::div/span)[1]"}
RESULT: {"using":"xpath","value":"(//span[contains(text(), \"CO/SD checked\")]/parent::div/preceding-sibling::div/span)[1]"}
COMMAND: POST /session/d3cdda6f06e006695550ea94201d0e31/element/f.CF3EA173C6DD6742E6FF2C1FCC3ADAA5.d.83F743E422E802F46F4E1735CC858424.e.25713/click - {}
RESULT: {}
COMMAND: GET /session/d3cdda6f06e006695550ea94201d0e31/screenshot - {}
RESULT: {}
COMMAND: POST /session/d3cdda6f06e006695550ea94201d0e31/element - {"using":"xpath","value":"//input[contains(@id ,\"application-billingtransfer-display-component---billingWorkbench--smartFilterBar-btnBasicSearch\")]"}
RESULT: {"using":"xpath","value":"//input[contains(@id ,\"application-billingtransfer-display-component---billingWorkbench--smartFilterBar-btnBasicSearch\")]"}
COMMAND: POST /session/d3cdda6f06e006695550ea94201d0e31/elements - {"using":"xpath","value":"//input[contains(@id ,\"application-billingtransfer-display-component---billingWorkbench--smartFilterBar-btnBasicSearch\")]"}
RESULT: {"using":"xpath","value":"//input[contains(@id ,\"application-billingtransfer-display-component---billingWorkbench--smartFilterBar-btnBasicSearch\")]"}
COMMAND: POST /session/d3cdda6f06e006695550ea94201d0e31/execute/sync - {"script":"<script> [8489 bytes]","args":[{"element-6066-11e4-a52e-4f735466cecf":"f.CF3EA173C6DD6742E6FF2C1FCC3ADAA5.d.83F743E422E802F46F4E1735CC858424.e.25307","ELEMENT":"f.CF3EA173C6DD6742E6FF2C1FCC3ADAA5.d.83F743E422E802F46F4E1735CC858424.e.25307"}]}
RESULT: {"script":"<script> [8489 bytes]","args":[{"element-6066-11e4-a52e-4f735466cecf":"f.CF3EA173C6DD6742E6FF2C1FCC3ADAA5.d.83F743E422E802F46F4E1735CC858424.e.25307","ELEMENT":"f.CF3EA173C6DD6742E6FF2C1FCC3ADAA5.d.83F743E422E802F46F4E1735CC858424.e.25307"}]}
COMMAND: GET /session/d3cdda6f06e006695550ea94201d0e31/element/f.CF3EA173C6DD6742E6FF2C1FCC3ADAA5.d.83F743E422E802F46F4E1735CC858424.e.25307/enabled - {}
COMMAND: GET /session/d3cdda6f06e006695550ea94201d0e31/screenshot - {}
RESULT: {}
COMMAND: POST /session/d3cdda6f06e006695550ea94201d0e31/element/f.CF3EA173C6DD6742E6FF2C1FCC3ADAA5.d.83F743E422E802F46F4E1735CC858424.e.25307/click - {}
COMMAND: GET /session/d3cdda6f06e006695550ea94201d0e31/screenshot - {}
RESULT: {}
RESULT: {}
COMMAND: GET /session/d3cdda6f06e006695550ea94201d0e31/screenshot - {}
RESULT: {}
RESULT: {}
COMMAND: POST /session/d3cdda6f06e006695550ea94201d0e31/element/f.CF3EA173C6DD6742E6FF2C1FCC3ADAA5.d.83F743E422E802F46F4E1735CC858424.e.25307/clear - {}
RESULT: {}
COMMAND: POST /session/d3cdda6f06e006695550ea94201d0e31/element/f.CF3EA173C6DD6742E6FF2C1FCC3ADAA5.d.83F743E422E802F46F4E1735CC858424.e.25307/value - {"text":"10464"}
COMMAND: GET /session/d3cdda6f06e006695550ea94201d0e31/screenshot - {}
RESULT: {"text":"10464"}
COMMAND: POST /session/d3cdda6f06e006695550ea94201d0e31/actions - {"actions":[{"id":"action91","type":"key","parameters":{},"actions":[{"type":"keyDown","value":"î€‡"},{"type":"pause","duration":10},{"type":"keyUp","value":"î€‡"}]}]}
COMMAND: GET /session/d3cdda6f06e006695550ea94201d0e31/screenshot - {}
RESULT: {}
RESULT: {"actions":[{"id":"action91","type":"key","parameters":{},"actions":[{"type":"keyDown","value":"î€‡"},{"type":"pause","duration":10},{"type":"keyUp","value":"î€‡"}]}]}
COMMAND: GET /session/d3cdda6f06e006695550ea94201d0e31/screenshot - {}
RESULT: {}
RESULT: {}
COMMAND: POST /session/d3cdda6f06e006695550ea94201d0e31/element - {"using":"xpath","value":"//span[contains(@id ,\"application-billingtransfer-display-component---billingWorkbench--smartTableBillingRuns-header-inner\")]"}
RESULT: {"using":"xpath","value":"//span[contains(@id ,\"application-billingtransfer-display-component---billingWorkbench--smartTableBillingRuns-header-inner\")]"}
COMMAND: POST /session/d3cdda6f06e006695550ea94201d0e31/elements - {"using":"xpath","value":"//span[contains(@id ,\"application-billingtransfer-display-component---billingWorkbench--smartTableBillingRuns-header-inner\")]"}
RESULT: {"using":"xpath","value":"//span[contains(@id ,\"application-billingtransfer-display-component---billingWorkbench--smartTableBillingRuns-header-inner\")]"}
COMMAND: POST /session/d3cdda6f06e006695550ea94201d0e31/execute/sync - {"script":"<script> [56 bytes]","args":[{"element-6066-11e4-a52e-4f735466cecf":"f.CF3EA173C6DD6742E6FF2C1FCC3ADAA5.d.83F743E422E802F46F4E1735CC858424.e.25708","ELEMENT":"f.CF3EA173C6DD6742E6FF2C1FCC3ADAA5.d.83F743E422E802F46F4E1735CC858424.e.25708"}]}
RESULT: {"script":"<script> [56 bytes]","args":[{"element-6066-11e4-a52e-4f735466cecf":"f.CF3EA173C6DD6742E6FF2C1FCC3ADAA5.d.83F743E422E802F46F4E1735CC858424.e.25708","ELEMENT":"f.CF3EA173C6DD6742E6FF2C1FCC3ADAA5.d.83F743E422E802F46F4E1735CC858424.e.25708"}]}
COMMAND: POST /session/d3cdda6f06e006695550ea94201d0e31/element - {"using":"xpath","value":"//td[@aria-colindex=\"1\"]/div/div[contains(@class, \"sapMCbBg\")]"}
COMMAND: GET /session/d3cdda6f06e006695550ea94201d0e31/screenshot - {}
RESULT: {"using":"xpath","value":"//td[@aria-colindex=\"1\"]/div/div[contains(@class, \"sapMCbBg\")]"}
COMMAND: POST /session/d3cdda6f06e006695550ea94201d0e31/element/f.CF3EA173C6DD6742E6FF2C1FCC3ADAA5.d.83F743E422E802F46F4E1735CC858424.e.25716/click - {}
RESULT: {}
RESULT: {}
COMMAND: GET /session/d3cdda6f06e006695550ea94201d0e31/screenshot - {}
RESULT: {}
COMMAND: POST /session/d3cdda6f06e006695550ea94201d0e31/element - {"using":"xpath","value":"//bdi[text()=\"Transfer\"]"}
RESULT: {"using":"xpath","value":"//bdi[text()=\"Transfer\"]"}
COMMAND: POST /session/d3cdda6f06e006695550ea94201d0e31/element/f.CF3EA173C6DD6742E6FF2C1FCC3ADAA5.d.83F743E422E802F46F4E1735CC858424.e.25717/click - {}
RESULT: {}
COMMAND: GET /session/d3cdda6f06e006695550ea94201d0e31/screenshot - {}
RESULT: {}
COMMAND: POST /session/d3cdda6f06e006695550ea94201d0e31/element - {"using":"xpath","value":"//bdi[contains(text(), \"OK\")]"}
RESULT: {"using":"xpath","value":"//bdi[contains(text(), \"OK\")]"}
COMMAND: POST /session/d3cdda6f06e006695550ea94201d0e31/element/f.CF3EA173C6DD6742E6FF2C1FCC3ADAA5.d.83F743E422E802F46F4E1735CC858424.e.25720/click - {}
RESULT: {}
COMMAND: GET /session/d3cdda6f06e006695550ea94201d0e31/screenshot - {}
RESULT: {}
COMMAND: POST /session/d3cdda6f06e006695550ea94201d0e31/element - {"using":"xpath","value":"(//span[contains(text(), \"Completed\")]/parent::div/preceding-sibling::div/span)[1]"}
RESULT: {"using":"xpath","value":"(//span[contains(text(), \"Completed\")]/parent::div/preceding-sibling::div/span)[1]"}
COMMAND: POST /session/d3cdda6f06e006695550ea94201d0e31/element/f.CF3EA173C6DD6742E6FF2C1FCC3ADAA5.d.83F743E422E802F46F4E1735CC858424.e.25728/click - {}
RESULT: {}
COMMAND: POST /session/d3cdda6f06e006695550ea94201d0e31/element - {"using":"xpath","value":"//input[contains(@id ,\"application-billingtransfer-display-component---billingWorkbench--smartFilterBar-btnBasicSearch\")]"}
COMMAND: GET /session/d3cdda6f06e006695550ea94201d0e31/screenshot - {}
RESULT: {"using":"xpath","value":"//input[contains(@id ,\"application-billingtransfer-display-component---billingWorkbench--smartFilterBar-btnBasicSearch\")]"}
COMMAND: POST /session/d3cdda6f06e006695550ea94201d0e31/elements - {"using":"xpath","value":"//input[contains(@id ,\"application-billingtransfer-display-component---billingWorkbench--smartFilterBar-btnBasicSearch\")]"}
RESULT: {}
RESULT: {"using":"xpath","value":"//input[contains(@id ,\"application-billingtransfer-display-component---billingWorkbench--smartFilterBar-btnBasicSearch\")]"}
COMMAND: POST /session/d3cdda6f06e006695550ea94201d0e31/execute/sync - {"script":"<script> [8489 bytes]","args":[{"element-6066-11e4-a52e-4f735466cecf":"f.CF3EA173C6DD6742E6FF2C1FCC3ADAA5.d.83F743E422E802F46F4E1735CC858424.e.25307","ELEMENT":"f.CF3EA173C6DD6742E6FF2C1FCC3ADAA5.d.83F743E422E802F46F4E1735CC858424.e.25307"}]}
RESULT: {"script":"<script> [8489 bytes]","args":[{"element-6066-11e4-a52e-4f735466cecf":"f.CF3EA173C6DD6742E6FF2C1FCC3ADAA5.d.83F743E422E802F46F4E1735CC858424.e.25307","ELEMENT":"f.CF3EA173C6DD6742E6FF2C1FCC3ADAA5.d.83F743E422E802F46F4E1735CC858424.e.25307"}]}
COMMAND: GET /session/d3cdda6f06e006695550ea94201d0e31/element/f.CF3EA173C6DD6742E6FF2C1FCC3ADAA5.d.83F743E422E802F46F4E1735CC858424.e.25307/enabled - {}
COMMAND: GET /session/d3cdda6f06e006695550ea94201d0e31/screenshot - {}
RESULT: {}
COMMAND: POST /session/d3cdda6f06e006695550ea94201d0e31/element/f.CF3EA173C6DD6742E6FF2C1FCC3ADAA5.d.83F743E422E802F46F4E1735CC858424.e.25307/click - {}
COMMAND: GET /session/d3cdda6f06e006695550ea94201d0e31/screenshot - {}
RESULT: {}
RESULT: {}
COMMAND: GET /session/d3cdda6f06e006695550ea94201d0e31/screenshot - {}
RESULT: {}
RESULT: {}
COMMAND: POST /session/d3cdda6f06e006695550ea94201d0e31/element/f.CF3EA173C6DD6742E6FF2C1FCC3ADAA5.d.83F743E422E802F46F4E1735CC858424.e.25307/clear - {}
RESULT: {}
COMMAND: POST /session/d3cdda6f06e006695550ea94201d0e31/element/f.CF3EA173C6DD6742E6FF2C1FCC3ADAA5.d.83F743E422E802F46F4E1735CC858424.e.25307/value - {"text":"10464"}
COMMAND: GET /session/d3cdda6f06e006695550ea94201d0e31/screenshot - {}
RESULT: {"text":"10464"}
COMMAND: POST /session/d3cdda6f06e006695550ea94201d0e31/actions - {"actions":[{"id":"action92","type":"key","parameters":{},"actions":[{"type":"keyDown","value":"î€‡"},{"type":"pause","duration":10},{"type":"keyUp","value":"î€‡"}]}]}
COMMAND: GET /session/d3cdda6f06e006695550ea94201d0e31/screenshot - {}
RESULT: {}
RESULT: {"actions":[{"id":"action92","type":"key","parameters":{},"actions":[{"type":"keyDown","value":"î€‡"},{"type":"pause","duration":10},{"type":"keyUp","value":"î€‡"}]}]}
COMMAND: GET /session/d3cdda6f06e006695550ea94201d0e31/screenshot - {}
RESULT: {}
RESULT: {}
COMMAND: POST /session/d3cdda6f06e006695550ea94201d0e31/element - {"using":"xpath","value":"//span[contains(@id ,\"application-billingtransfer-display-component---billingWorkbench--smartTableBillingRuns-header-inner\")]"}
RESULT: {"using":"xpath","value":"//span[contains(@id ,\"application-billingtransfer-display-component---billingWorkbench--smartTableBillingRuns-header-inner\")]"}
COMMAND: POST /session/d3cdda6f06e006695550ea94201d0e31/elements - {"using":"xpath","value":"//span[contains(@id ,\"application-billingtransfer-display-component---billingWorkbench--smartTableBillingRuns-header-inner\")]"}
RESULT: {"using":"xpath","value":"//span[contains(@id ,\"application-billingtransfer-display-component---billingWorkbench--smartTableBillingRuns-header-inner\")]"}
COMMAND: POST /session/d3cdda6f06e006695550ea94201d0e31/execute/sync - {"script":"<script> [56 bytes]","args":[{"element-6066-11e4-a52e-4f735466cecf":"f.CF3EA173C6DD6742E6FF2C1FCC3ADAA5.d.83F743E422E802F46F4E1735CC858424.e.25708","ELEMENT":"f.CF3EA173C6DD6742E6FF2C1FCC3ADAA5.d.83F743E422E802F46F4E1735CC858424.e.25708"}]}
RESULT: {"script":"<script> [56 bytes]","args":[{"element-6066-11e4-a52e-4f735466cecf":"f.CF3EA173C6DD6742E6FF2C1FCC3ADAA5.d.83F743E422E802F46F4E1735CC858424.e.25708","ELEMENT":"f.CF3EA173C6DD6742E6FF2C1FCC3ADAA5.d.83F743E422E802F46F4E1735CC858424.e.25708"}]}
COMMAND: GET /session/d3cdda6f06e006695550ea94201d0e31/screenshot - {}
RESULT: {}
COMMAND: POST /session/d3cdda6f06e006695550ea94201d0e31/execute/sync - {"script":"<script> [56 bytes]","args":[{"element-6066-11e4-a52e-4f735466cecf":"f.CF3EA173C6DD6742E6FF2C1FCC3ADAA5.d.83F743E422E802F46F4E1735CC858424.e.25708","ELEMENT":"f.CF3EA173C6DD6742E6FF2C1FCC3ADAA5.d.83F743E422E802F46F4E1735CC858424.e.25708"}]}
RESULT: {"script":"<script> [56 bytes]","args":[{"element-6066-11e4-a52e-4f735466cecf":"f.CF3EA173C6DD6742E6FF2C1FCC3ADAA5.d.83F743E422E802F46F4E1735CC858424.e.25708","ELEMENT":"f.CF3EA173C6DD6742E6FF2C1FCC3ADAA5.d.83F743E422E802F46F4E1735CC858424.e.25708"}]}
COMMAND: GET /session/d3cdda6f06e006695550ea94201d0e31/screenshot - {}
RESULT: {}
COMMAND: POST /session/d3cdda6f06e006695550ea94201d0e31/execute/sync - {"script":"<script> [56 bytes]","args":[{"element-6066-11e4-a52e-4f735466cecf":"f.CF3EA173C6DD6742E6FF2C1FCC3ADAA5.d.83F743E422E802F46F4E1735CC858424.e.25708","ELEMENT":"f.CF3EA173C6DD6742E6FF2C1FCC3ADAA5.d.83F743E422E802F46F4E1735CC858424.e.25708"}]}
RESULT: {"script":"<script> [56 bytes]","args":[{"element-6066-11e4-a52e-4f735466cecf":"f.CF3EA173C6DD6742E6FF2C1FCC3ADAA5.d.83F743E422E802F46F4E1735CC858424.e.25708","ELEMENT":"f.CF3EA173C6DD6742E6FF2C1FCC3ADAA5.d.83F743E422E802F46F4E1735CC858424.e.25708"}]}
COMMAND: GET /session/d3cdda6f06e006695550ea94201d0e31/screenshot - {}
RESULT: {}
COMMAND: POST /session/d3cdda6f06e006695550ea94201d0e31/execute/sync - {"script":"<script> [56 bytes]","args":[{"element-6066-11e4-a52e-4f735466cecf":"f.CF3EA173C6DD6742E6FF2C1FCC3ADAA5.d.83F743E422E802F46F4E1735CC858424.e.25708","ELEMENT":"f.CF3EA173C6DD6742E6FF2C1FCC3ADAA5.d.83F743E422E802F46F4E1735CC858424.e.25708"}]}
RESULT: {"script":"<script> [56 bytes]","args":[{"element-6066-11e4-a52e-4f735466cecf":"f.CF3EA173C6DD6742E6FF2C1FCC3ADAA5.d.83F743E422E802F46F4E1735CC858424.e.25708","ELEMENT":"f.CF3EA173C6DD6742E6FF2C1FCC3ADAA5.d.83F743E422E802F46F4E1735CC858424.e.25708"}]}
COMMAND: GET /session/d3cdda6f06e006695550ea94201d0e31/screenshot - {}
RESULT: {}
COMMAND: POST /session/d3cdda6f06e006695550ea94201d0e31/execute/sync - {"script":"<script> [56 bytes]","args":[{"element-6066-11e4-a52e-4f735466cecf":"f.CF3EA173C6DD6742E6FF2C1FCC3ADAA5.d.83F743E422E802F46F4E1735CC858424.e.25708","ELEMENT":"f.CF3EA173C6DD6742E6FF2C1FCC3ADAA5.d.83F743E422E802F46F4E1735CC858424.e.25708"}]}
RESULT: {"script":"<script> [56 bytes]","args":[{"element-6066-11e4-a52e-4f735466cecf":"f.CF3EA173C6DD6742E6FF2C1FCC3ADAA5.d.83F743E422E802F46F4E1735CC858424.e.25708","ELEMENT":"f.CF3EA173C6DD6742E6FF2C1FCC3ADAA5.d.83F743E422E802F46F4E1735CC858424.e.25708"}]}
COMMAND: GET /session/d3cdda6f06e006695550ea94201d0e31/screenshot - {}
RESULT: {}
COMMAND: POST /session/d3cdda6f06e006695550ea94201d0e31/execute/sync - {"script":"<script> [56 bytes]","args":[{"element-6066-11e4-a52e-4f735466cecf":"f.CF3EA173C6DD6742E6FF2C1FCC3ADAA5.d.83F743E422E802F46F4E1735CC858424.e.25708","ELEMENT":"f.CF3EA173C6DD6742E6FF2C1FCC3ADAA5.d.83F743E422E802F46F4E1735CC858424.e.25708"}]}
RESULT: {"script":"<script> [56 bytes]","args":[{"element-6066-11e4-a52e-4f735466cecf":"f.CF3EA173C6DD6742E6FF2C1FCC3ADAA5.d.83F743E422E802F46F4E1735CC858424.e.25708","ELEMENT":"f.CF3EA173C6DD6742E6FF2C1FCC3ADAA5.d.83F743E422E802F46F4E1735CC858424.e.25708"}]}
COMMAND: GET /session/d3cdda6f06e006695550ea94201d0e31/screenshot - {}
RESULT: {}
COMMAND: POST /session/d3cdda6f06e006695550ea94201d0e31/execute/sync - {"script":"<script> [56 bytes]","args":[{"element-6066-11e4-a52e-4f735466cecf":"f.CF3EA173C6DD6742E6FF2C1FCC3ADAA5.d.83F743E422E802F46F4E1735CC858424.e.25708","ELEMENT":"f.CF3EA173C6DD6742E6FF2C1FCC3ADAA5.d.83F743E422E802F46F4E1735CC858424.e.25708"}]}
RESULT: {"script":"<script> [56 bytes]","args":[{"element-6066-11e4-a52e-4f735466cecf":"f.CF3EA173C6DD6742E6FF2C1FCC3ADAA5.d.83F743E422E802F46F4E1735CC858424.e.25708","ELEMENT":"f.CF3EA173C6DD6742E6FF2C1FCC3ADAA5.d.83F743E422E802F46F4E1735CC858424.e.25708"}]}
COMMAND: GET /session/d3cdda6f06e006695550ea94201d0e31/screenshot - {}
RESULT: {}
COMMAND: POST /session/d3cdda6f06e006695550ea94201d0e31/execute/sync - {"script":"<script> [56 bytes]","args":[{"element-6066-11e4-a52e-4f735466cecf":"f.CF3EA173C6DD6742E6FF2C1FCC3ADAA5.d.83F743E422E802F46F4E1735CC858424.e.25708","ELEMENT":"f.CF3EA173C6DD6742E6FF2C1FCC3ADAA5.d.83F743E422E802F46F4E1735CC858424.e.25708"}]}
RESULT: {"script":"<script> [56 bytes]","args":[{"element-6066-11e4-a52e-4f735466cecf":"f.CF3EA173C6DD6742E6FF2C1FCC3ADAA5.d.83F743E422E802F46F4E1735CC858424.e.25708","ELEMENT":"f.CF3EA173C6DD6742E6FF2C1FCC3ADAA5.d.83F743E422E802F46F4E1735CC858424.e.25708"}]}
COMMAND: GET /session/d3cdda6f06e006695550ea94201d0e31/screenshot - {}
RESULT: {}
COMMAND: POST /session/d3cdda6f06e006695550ea94201d0e31/execute/sync - {"script":"<script> [56 bytes]","args":[{"element-6066-11e4-a52e-4f735466cecf":"f.CF3EA173C6DD6742E6FF2C1FCC3ADAA5.d.83F743E422E802F46F4E1735CC858424.e.25708","ELEMENT":"f.CF3EA173C6DD6742E6FF2C1FCC3ADAA5.d.83F743E422E802F46F4E1735CC858424.e.25708"}]}
RESULT: {"script":"<script> [56 bytes]","args":[{"element-6066-11e4-a52e-4f735466cecf":"f.CF3EA173C6DD6742E6FF2C1FCC3ADAA5.d.83F743E422E802F46F4E1735CC858424.e.25708","ELEMENT":"f.CF3EA173C6DD6742E6FF2C1FCC3ADAA5.d.83F743E422E802F46F4E1735CC858424.e.25708"}]}
COMMAND: GET /session/d3cdda6f06e006695550ea94201d0e31/screenshot - {}
RESULT: {}
COMMAND: POST /session/d3cdda6f06e006695550ea94201d0e31/execute/sync - {"script":"<script> [56 bytes]","args":[{"element-6066-11e4-a52e-4f735466cecf":"f.CF3EA173C6DD6742E6FF2C1FCC3ADAA5.d.83F743E422E802F46F4E1735CC858424.e.25708","ELEMENT":"f.CF3EA173C6DD6742E6FF2C1FCC3ADAA5.d.83F743E422E802F46F4E1735CC858424.e.25708"}]}
RESULT: {"script":"<script> [56 bytes]","args":[{"element-6066-11e4-a52e-4f735466cecf":"f.CF3EA173C6DD6742E6FF2C1FCC3ADAA5.d.83F743E422E802F46F4E1735CC858424.e.25708","ELEMENT":"f.CF3EA173C6DD6742E6FF2C1FCC3ADAA5.d.83F743E422E802F46F4E1735CC858424.e.25708"}]}
COMMAND: GET /session/d3cdda6f06e006695550ea94201d0e31/screenshot - {}
RESULT: {}
COMMAND: POST /session/d3cdda6f06e006695550ea94201d0e31/execute/sync - {"script":"<script> [56 bytes]","args":[{"element-6066-11e4-a52e-4f735466cecf":"f.CF3EA173C6DD6742E6FF2C1FCC3ADAA5.d.83F743E422E802F46F4E1735CC858424.e.25708","ELEMENT":"f.CF3EA173C6DD6742E6FF2C1FCC3ADAA5.d.83F743E422E802F46F4E1735CC858424.e.25708"}]}
RESULT: {"script":"<script> [56 bytes]","args":[{"element-6066-11e4-a52e-4f735466cecf":"f.CF3EA173C6DD6742E6FF2C1FCC3ADAA5.d.83F743E422E802F46F4E1735CC858424.e.25708","ELEMENT":"f.CF3EA173C6DD6742E6FF2C1FCC3ADAA5.d.83F743E422E802F46F4E1735CC858424.e.25708"}]}
COMMAND: GET /session/d3cdda6f06e006695550ea94201d0e31/screenshot - {}
RESULT: {}
COMMAND: POST /session/d3cdda6f06e006695550ea94201d0e31/execute/sync - {"script":"<script> [56 bytes]","args":[{"element-6066-11e4-a52e-4f735466cecf":"f.CF3EA173C6DD6742E6FF2C1FCC3ADAA5.d.83F743E422E802F46F4E1735CC858424.e.25708","ELEMENT":"f.CF3EA173C6DD6742E6FF2C1FCC3ADAA5.d.83F743E422E802F46F4E1735CC858424.e.25708"}]}
RESULT: {"script":"<script> [56 bytes]","args":[{"element-6066-11e4-a52e-4f735466cecf":"f.CF3EA173C6DD6742E6FF2C1FCC3ADAA5.d.83F743E422E802F46F4E1735CC858424.e.25708","ELEMENT":"f.CF3EA173C6DD6742E6FF2C1FCC3ADAA5.d.83F743E422E802F46F4E1735CC858424.e.25708"}]}
COMMAND: GET /session/d3cdda6f06e006695550ea94201d0e31/screenshot - {}
RESULT: {}
COMMAND: POST /session/d3cdda6f06e006695550ea94201d0e31/execute/sync - {"script":"<script> [56 bytes]","args":[{"element-6066-11e4-a52e-4f735466cecf":"f.CF3EA173C6DD6742E6FF2C1FCC3ADAA5.d.83F743E422E802F46F4E1735CC858424.e.25708","ELEMENT":"f.CF3EA173C6DD6742E6FF2C1FCC3ADAA5.d.83F743E422E802F46F4E1735CC858424.e.25708"}]}
RESULT: {"script":"<script> [56 bytes]","args":[{"element-6066-11e4-a52e-4f735466cecf":"f.CF3EA173C6DD6742E6FF2C1FCC3ADAA5.d.83F743E422E802F46F4E1735CC858424.e.25708","ELEMENT":"f.CF3EA173C6DD6742E6FF2C1FCC3ADAA5.d.83F743E422E802F46F4E1735CC858424.e.25708"}]}
COMMAND: GET /session/d3cdda6f06e006695550ea94201d0e31/screenshot - {}
RESULT: {}
COMMAND: POST /session/d3cdda6f06e006695550ea94201d0e31/execute/sync - {"script":"<script> [56 bytes]","args":[{"element-6066-11e4-a52e-4f735466cecf":"f.CF3EA173C6DD6742E6FF2C1FCC3ADAA5.d.83F743E422E802F46F4E1735CC858424.e.25708","ELEMENT":"f.CF3EA173C6DD6742E6FF2C1FCC3ADAA5.d.83F743E422E802F46F4E1735CC858424.e.25708"}]}
RESULT: {"script":"<script> [56 bytes]","args":[{"element-6066-11e4-a52e-4f735466cecf":"f.CF3EA173C6DD6742E6FF2C1FCC3ADAA5.d.83F743E422E802F46F4E1735CC858424.e.25708","ELEMENT":"f.CF3EA173C6DD6742E6FF2C1FCC3ADAA5.d.83F743E422E802F46F4E1735CC858424.e.25708"}]}
COMMAND: GET /session/d3cdda6f06e006695550ea94201d0e31/screenshot - {}
RESULT: {}
COMMAND: POST /session/d3cdda6f06e006695550ea94201d0e31/execute/sync - {"script":"<script> [56 bytes]","args":[{"element-6066-11e4-a52e-4f735466cecf":"f.CF3EA173C6DD6742E6FF2C1FCC3ADAA5.d.83F743E422E802F46F4E1735CC858424.e.25708","ELEMENT":"f.CF3EA173C6DD6742E6FF2C1FCC3ADAA5.d.83F743E422E802F46F4E1735CC858424.e.25708"}]}
RESULT: {"script":"<script> [56 bytes]","args":[{"element-6066-11e4-a52e-4f735466cecf":"f.CF3EA173C6DD6742E6FF2C1FCC3ADAA5.d.83F743E422E802F46F4E1735CC858424.e.25708","ELEMENT":"f.CF3EA173C6DD6742E6FF2C1FCC3ADAA5.d.83F743E422E802F46F4E1735CC858424.e.25708"}]}
COMMAND: GET /session/d3cdda6f06e006695550ea94201d0e31/screenshot - {}
RESULT: {}
COMMAND: POST /session/d3cdda6f06e006695550ea94201d0e31/execute/sync - {"script":"<script> [56 bytes]","args":[{"element-6066-11e4-a52e-4f735466cecf":"f.CF3EA173C6DD6742E6FF2C1FCC3ADAA5.d.83F743E422E802F46F4E1735CC858424.e.25708","ELEMENT":"f.CF3EA173C6DD6742E6FF2C1FCC3ADAA5.d.83F743E422E802F46F4E1735CC858424.e.25708"}]}
RESULT: {"script":"<script> [56 bytes]","args":[{"element-6066-11e4-a52e-4f735466cecf":"f.CF3EA173C6DD6742E6FF2C1FCC3ADAA5.d.83F743E422E802F46F4E1735CC858424.e.25708","ELEMENT":"f.CF3EA173C6DD6742E6FF2C1FCC3ADAA5.d.83F743E422E802F46F4E1735CC858424.e.25708"}]}
COMMAND: GET /session/d3cdda6f06e006695550ea94201d0e31/screenshot - {}
RESULT: {}
COMMAND: POST /session/d3cdda6f06e006695550ea94201d0e31/execute/sync - {"script":"<script> [56 bytes]","args":[{"element-6066-11e4-a52e-4f735466cecf":"f.CF3EA173C6DD6742E6FF2C1FCC3ADAA5.d.83F743E422E802F46F4E1735CC858424.e.25708","ELEMENT":"f.CF3EA173C6DD6742E6FF2C1FCC3ADAA5.d.83F743E422E802F46F4E1735CC858424.e.25708"}]}
RESULT: {"script":"<script> [56 bytes]","args":[{"element-6066-11e4-a52e-4f735466cecf":"f.CF3EA173C6DD6742E6FF2C1FCC3ADAA5.d.83F743E422E802F46F4E1735CC858424.e.25708","ELEMENT":"f.CF3EA173C6DD6742E6FF2C1FCC3ADAA5.d.83F743E422E802F46F4E1735CC858424.e.25708"}]}
COMMAND: GET /session/d3cdda6f06e006695550ea94201d0e31/screenshot - {}
RESULT: {}
COMMAND: POST /session/d3cdda6f06e006695550ea94201d0e31/execute/sync - {"script":"<script> [56 bytes]","args":[{"element-6066-11e4-a52e-4f735466cecf":"f.CF3EA173C6DD6742E6FF2C1FCC3ADAA5.d.83F743E422E802F46F4E1735CC858424.e.25708","ELEMENT":"f.CF3EA173C6DD6742E6FF2C1FCC3ADAA5.d.83F743E422E802F46F4E1735CC858424.e.25708"}]}
RESULT: {"script":"<script> [56 bytes]","args":[{"element-6066-11e4-a52e-4f735466cecf":"f.CF3EA173C6DD6742E6FF2C1FCC3ADAA5.d.83F743E422E802F46F4E1735CC858424.e.25708","ELEMENT":"f.CF3EA173C6DD6742E6FF2C1FCC3ADAA5.d.83F743E422E802F46F4E1735CC858424.e.25708"}]}
COMMAND: GET /session/d3cdda6f06e006695550ea94201d0e31/screenshot - {}
RESULT: {}
COMMAND: POST /session/d3cdda6f06e006695550ea94201d0e31/execute/sync - {"script":"<script> [56 bytes]","args":[{"element-6066-11e4-a52e-4f735466cecf":"f.CF3EA173C6DD6742E6FF2C1FCC3ADAA5.d.83F743E422E802F46F4E1735CC858424.e.25708","ELEMENT":"f.CF3EA173C6DD6742E6FF2C1FCC3ADAA5.d.83F743E422E802F46F4E1735CC858424.e.25708"}]}
RESULT: {"script":"<script> [56 bytes]","args":[{"element-6066-11e4-a52e-4f735466cecf":"f.CF3EA173C6DD6742E6FF2C1FCC3ADAA5.d.83F743E422E802F46F4E1735CC858424.e.25708","ELEMENT":"f.CF3EA173C6DD6742E6FF2C1FCC3ADAA5.d.83F743E422E802F46F4E1735CC858424.e.25708"}]}
COMMAND: GET /session/d3cdda6f06e006695550ea94201d0e31/screenshot - {}
RESULT: {}
COMMAND: POST /session/d3cdda6f06e006695550ea94201d0e31/execute/sync - {"script":"<script> [56 bytes]","args":[{"element-6066-11e4-a52e-4f735466cecf":"f.CF3EA173C6DD6742E6FF2C1FCC3ADAA5.d.83F743E422E802F46F4E1735CC858424.e.25708","ELEMENT":"f.CF3EA173C6DD6742E6FF2C1FCC3ADAA5.d.83F743E422E802F46F4E1735CC858424.e.25708"}]}
RESULT: {"script":"<script> [56 bytes]","args":[{"element-6066-11e4-a52e-4f735466cecf":"f.CF3EA173C6DD6742E6FF2C1FCC3ADAA5.d.83F743E422E802F46F4E1735CC858424.e.25708","ELEMENT":"f.CF3EA173C6DD6742E6FF2C1FCC3ADAA5.d.83F743E422E802F46F4E1735CC858424.e.25708"}]}
COMMAND: GET /session/d3cdda6f06e006695550ea94201d0e31/screenshot - {}
RESULT: {}
COMMAND: POST /session/d3cdda6f06e006695550ea94201d0e31/execute/sync - {"script":"<script> [56 bytes]","args":[{"element-6066-11e4-a52e-4f735466cecf":"f.CF3EA173C6DD6742E6FF2C1FCC3ADAA5.d.83F743E422E802F46F4E1735CC858424.e.25708","ELEMENT":"f.CF3EA173C6DD6742E6FF2C1FCC3ADAA5.d.83F743E422E802F46F4E1735CC858424.e.25708"}]}
RESULT: {"script":"<script> [56 bytes]","args":[{"element-6066-11e4-a52e-4f735466cecf":"f.CF3EA173C6DD6742E6FF2C1FCC3ADAA5.d.83F743E422E802F46F4E1735CC858424.e.25708","ELEMENT":"f.CF3EA173C6DD6742E6FF2C1FCC3ADAA5.d.83F743E422E802F46F4E1735CC858424.e.25708"}]}
COMMAND: GET /session/d3cdda6f06e006695550ea94201d0e31/screenshot - {}
RESULT: {}
COMMAND: POST /session/d3cdda6f06e006695550ea94201d0e31/execute/sync - {"script":"<script> [56 bytes]","args":[{"element-6066-11e4-a52e-4f735466cecf":"f.CF3EA173C6DD6742E6FF2C1FCC3ADAA5.d.83F743E422E802F46F4E1735CC858424.e.25708","ELEMENT":"f.CF3EA173C6DD6742E6FF2C1FCC3ADAA5.d.83F743E422E802F46F4E1735CC858424.e.25708"}]}
RESULT: {"script":"<script> [56 bytes]","args":[{"element-6066-11e4-a52e-4f735466cecf":"f.CF3EA173C6DD6742E6FF2C1FCC3ADAA5.d.83F743E422E802F46F4E1735CC858424.e.25708","ELEMENT":"f.CF3EA173C6DD6742E6FF2C1FCC3ADAA5.d.83F743E422E802F46F4E1735CC858424.e.25708"}]}
COMMAND: POST /session/d3cdda6f06e006695550ea94201d0e31/element - {"using":"css selector","value":"#shell-header-logo"}
COMMAND: GET /session/d3cdda6f06e006695550ea94201d0e31/screenshot - {}
RESULT: {"using":"css selector","value":"#shell-header-logo"}
COMMAND: POST /session/d3cdda6f06e006695550ea94201d0e31/element/f.CF3EA173C6DD6742E6FF2C1FCC3ADAA5.d.83F743E422E802F46F4E1735CC858424.e.25305/click - {}
RESULT: {}
RESULT: {}
COMMAND: GET /session/d3cdda6f06e006695550ea94201d0e31/screenshot - {}
RESULT: {}
]]></system-out>
    </testcase>
    <testcase classname="chrome.136_0_7103_93.windows.Billing_Calculation_-_Time_based_(considering_transport_times)_US139738" name="Should do another billing run but in around 25 days from today" time="60.019">
      <system-out><![CDATA[
RESULT: undefined
COMMAND: POST /session/d3cdda6f06e006695550ea94201d0e31/element - {"using":"xpath","value":"//*[@id=\"__tile51\"]"}
RESULT: {"using":"xpath","value":"//*[@id=\"__tile51\"]"}
COMMAND: POST /session/d3cdda6f06e006695550ea94201d0e31/element/f.CF3EA173C6DD6742E6FF2C1FCC3ADAA5.d.83F743E422E802F46F4E1735CC858424.e.19322/click - {}
RESULT: {}
COMMAND: GET /session/d3cdda6f06e006695550ea94201d0e31/screenshot - {}
COMMAND: POST /session/d3cdda6f06e006695550ea94201d0e31/elements - {"using":"xpath","value":"//span[text()='Error']"}
RESULT: {}
RESULT: {"using":"xpath","value":"//span[text()='Error']"}
RESULT: undefined
COMMAND: POST /session/d3cdda6f06e006695550ea94201d0e31/execute/async - {"script":"<script> [776 bytes]","args":[{"enterText":"10464","selector":{"id":"application-managebillings-display-component---billRunCalcResult--smartFilterBar-btnBasicSearch","interaction":{"idSuffix":"I"}},"clearTextFirst":true,"interactionType":"ENTER_TEXT"}]}
RESULT: {"script":"<script> [776 bytes]","args":[{"enterText":"10464","selector":{"id":"application-managebillings-display-component---billRunCalcResult--smartFilterBar-btnBasicSearch","interaction":{"idSuffix":"I"}},"clearTextFirst":true,"interactionType":"ENTER_TEXT"}]}
COMMAND: POST /session/d3cdda6f06e006695550ea94201d0e31/actions - {"actions":[{"id":"action93","type":"key","parameters":{},"actions":[{"type":"keyDown","value":"î€‡"},{"type":"pause","duration":10},{"type":"keyUp","value":"î€‡"}]}]}
RESULT: {"actions":[{"id":"action93","type":"key","parameters":{},"actions":[{"type":"keyDown","value":"î€‡"},{"type":"pause","duration":10},{"type":"keyUp","value":"î€‡"}]}]}
COMMAND: GET /session/d3cdda6f06e006695550ea94201d0e31/screenshot - {}
RESULT: {}
COMMAND: POST /session/d3cdda6f06e006695550ea94201d0e31/element - {"using":"xpath","value":"//td[@aria-colindex=\"1\"]/div/div[contains(@class, \"sapMCbBg\")]"}
RESULT: {"using":"xpath","value":"//td[@aria-colindex=\"1\"]/div/div[contains(@class, \"sapMCbBg\")]"}
COMMAND: POST /session/d3cdda6f06e006695550ea94201d0e31/element/f.CF3EA173C6DD6742E6FF2C1FCC3ADAA5.d.83F743E422E802F46F4E1735CC858424.e.25946/click - {}
RESULT: {}
COMMAND: GET /session/d3cdda6f06e006695550ea94201d0e31/screenshot - {}
RESULT: {}
RESULT: undefined
COMMAND: POST /session/d3cdda6f06e006695550ea94201d0e31/execute/async - {"script":"<script> [776 bytes]","args":[{"enterText":"6/15/25","selector":{"id":"application-managebillings-display-component---billRunCalcResult--contractBillRunDate","interaction":{"idSuffix":"inner"}},"clearTextFirst":true,"interactionType":"ENTER_TEXT"}]}
RESULT: {"script":"<script> [776 bytes]","args":[{"enterText":"6/15/25","selector":{"id":"application-managebillings-display-component---billRunCalcResult--contractBillRunDate","interaction":{"idSuffix":"inner"}},"clearTextFirst":true,"interactionType":"ENTER_TEXT"}]}
COMMAND: POST /session/d3cdda6f06e006695550ea94201d0e31/element - {"using":"xpath","value":"//bdi[contains(text(), \"Trigger Calculation\")]"}
RESULT: {"using":"xpath","value":"//bdi[contains(text(), \"Trigger Calculation\")]"}
COMMAND: POST /session/d3cdda6f06e006695550ea94201d0e31/element/f.CF3EA173C6DD6742E6FF2C1FCC3ADAA5.d.83F743E422E802F46F4E1735CC858424.e.26002/click - {}
RESULT: {}
COMMAND: GET /session/d3cdda6f06e006695550ea94201d0e31/screenshot - {}
RESULT: {}
COMMAND: POST /session/d3cdda6f06e006695550ea94201d0e31/element - {"using":"xpath","value":"(//span[contains(@id, \"imgNav\")])[1]"}
RESULT: {"using":"xpath","value":"(//span[contains(@id, \"imgNav\")])[1]"}
COMMAND: POST /session/d3cdda6f06e006695550ea94201d0e31/element/f.CF3EA173C6DD6742E6FF2C1FCC3ADAA5.d.83F743E422E802F46F4E1735CC858424.e.25947/click - {}
RESULT: {}
COMMAND: GET /session/d3cdda6f06e006695550ea94201d0e31/screenshot - {}
RESULT: {}
COMMAND: POST /session/d3cdda6f06e006695550ea94201d0e31/element - {"using":"xpath","value":"//tr/td[6]/div[1]/span[1]/span[1]"}
RESULT: {"using":"xpath","value":"//tr/td[6]/div[1]/span[1]/span[1]"}
COMMAND: GET /session/d3cdda6f06e006695550ea94201d0e31/element/f.CF3EA173C6DD6742E6FF2C1FCC3ADAA5.d.83F743E422E802F46F4E1735CC858424.e.26007/text - {}
RESULT: {}
COMMAND: POST /session/d3cdda6f06e006695550ea94201d0e31/element - {"using":"xpath","value":"(//span[contains(@id, \"imgNav\")])[2]"}
RESULT: {"using":"xpath","value":"(//span[contains(@id, \"imgNav\")])[2]"}
COMMAND: POST /session/d3cdda6f06e006695550ea94201d0e31/element/f.CF3EA173C6DD6742E6FF2C1FCC3ADAA5.d.83F743E422E802F46F4E1735CC858424.e.26008/click - {}
RESULT: {}
COMMAND: POST /session/d3cdda6f06e006695550ea94201d0e31/element - {"using":"xpath","value":"//bdi[contains(text(), \"Business Confirm\")]"}
COMMAND: GET /session/d3cdda6f06e006695550ea94201d0e31/screenshot - {}
RESULT: {"using":"xpath","value":"//bdi[contains(text(), \"Business Confirm\")]"}
COMMAND: POST /session/d3cdda6f06e006695550ea94201d0e31/elements - {"using":"xpath","value":"//bdi[contains(text(), \"Business Confirm\")]"}
RESULT: {}
RESULT: {"using":"xpath","value":"//bdi[contains(text(), \"Business Confirm\")]"}
COMMAND: POST /session/d3cdda6f06e006695550ea94201d0e31/elements - {"using":"xpath","value":"//bdi[contains(text(), \"Business Confirm\")]"}
RESULT: {"using":"xpath","value":"//bdi[contains(text(), \"Business Confirm\")]"}
COMMAND: POST /session/d3cdda6f06e006695550ea94201d0e31/element - {"using":"xpath","value":"//bdi[contains(text(), \"Business Confirm\")]"}
RESULT: {"using":"xpath","value":"//bdi[contains(text(), \"Business Confirm\")]"}
COMMAND: POST /session/d3cdda6f06e006695550ea94201d0e31/element/f.CF3EA173C6DD6742E6FF2C1FCC3ADAA5.d.83F743E422E802F46F4E1735CC858424.e.26010/click - {}
COMMAND: POST /session/d3cdda6f06e006695550ea94201d0e31/element - {"using":"xpath","value":"//bdi[contains(text(), \"Business Confirm\")]"}
RESULT: {"using":"xpath","value":"//bdi[contains(text(), \"Business Confirm\")]"}
COMMAND: POST /session/d3cdda6f06e006695550ea94201d0e31/element/f.CF3EA173C6DD6742E6FF2C1FCC3ADAA5.d.83F743E422E802F46F4E1735CC858424.e.26010/click - {}
COMMAND: POST /session/d3cdda6f06e006695550ea94201d0e31/element - {"using":"xpath","value":"//bdi[contains(text(), \"Business Confirm\")]"}
RESULT: {"using":"xpath","value":"//bdi[contains(text(), \"Business Confirm\")]"}
COMMAND: POST /session/d3cdda6f06e006695550ea94201d0e31/element/f.CF3EA173C6DD6742E6FF2C1FCC3ADAA5.d.83F743E422E802F46F4E1735CC858424.e.26058/click - {}
RESULT: {}
COMMAND: POST /session/d3cdda6f06e006695550ea94201d0e31/element - {"using":"css selector","value":"#shell-header-logo"}
COMMAND: GET /session/d3cdda6f06e006695550ea94201d0e31/screenshot - {}
RESULT: {"using":"css selector","value":"#shell-header-logo"}
COMMAND: POST /session/d3cdda6f06e006695550ea94201d0e31/element/f.CF3EA173C6DD6742E6FF2C1FCC3ADAA5.d.83F743E422E802F46F4E1735CC858424.e.25736/click - {}
RESULT: {}
RESULT: {}
COMMAND: GET /session/d3cdda6f06e006695550ea94201d0e31/screenshot - {}
RESULT: {}
]]></system-out>
    </testcase>
    <testcase classname="chrome.136_0_7103_93.windows.Billing_Calculation_-_Time_based_(considering_transport_times)_US139738" name="Should transfer the billing all the way to completion" time="66.373">
      <system-out><![CDATA[
RESULT: undefined
COMMAND: POST /session/d3cdda6f06e006695550ea94201d0e31/element - {"using":"xpath","value":"//*[@id=\"__tile50\"]"}
RESULT: {"using":"xpath","value":"//*[@id=\"__tile50\"]"}
COMMAND: POST /session/d3cdda6f06e006695550ea94201d0e31/element/f.CF3EA173C6DD6742E6FF2C1FCC3ADAA5.d.83F743E422E802F46F4E1735CC858424.e.19320/click - {}
RESULT: {}
COMMAND: GET /session/d3cdda6f06e006695550ea94201d0e31/screenshot - {}
RESULT: {}
COMMAND: POST /session/d3cdda6f06e006695550ea94201d0e31/elements - {"using":"xpath","value":"//span[text()='Error']"}
RESULT: {"using":"xpath","value":"//span[text()='Error']"}
COMMAND: POST /session/d3cdda6f06e006695550ea94201d0e31/element - {"using":"xpath","value":"//input[contains(@id ,\"application-billingtransfer-display-component---billingWorkbench--smartFilterBar-btnBasicSearch\")]"}
RESULT: {"using":"xpath","value":"//input[contains(@id ,\"application-billingtransfer-display-component---billingWorkbench--smartFilterBar-btnBasicSearch\")]"}
COMMAND: POST /session/d3cdda6f06e006695550ea94201d0e31/elements - {"using":"xpath","value":"//input[contains(@id ,\"application-billingtransfer-display-component---billingWorkbench--smartFilterBar-btnBasicSearch\")]"}
RESULT: {"using":"xpath","value":"//input[contains(@id ,\"application-billingtransfer-display-component---billingWorkbench--smartFilterBar-btnBasicSearch\")]"}
COMMAND: POST /session/d3cdda6f06e006695550ea94201d0e31/execute/sync - {"script":"<script> [8489 bytes]","args":[{"element-6066-11e4-a52e-4f735466cecf":"f.CF3EA173C6DD6742E6FF2C1FCC3ADAA5.d.83F743E422E802F46F4E1735CC858424.e.26087","ELEMENT":"f.CF3EA173C6DD6742E6FF2C1FCC3ADAA5.d.83F743E422E802F46F4E1735CC858424.e.26087"}]}
RESULT: {"script":"<script> [8489 bytes]","args":[{"element-6066-11e4-a52e-4f735466cecf":"f.CF3EA173C6DD6742E6FF2C1FCC3ADAA5.d.83F743E422E802F46F4E1735CC858424.e.26087","ELEMENT":"f.CF3EA173C6DD6742E6FF2C1FCC3ADAA5.d.83F743E422E802F46F4E1735CC858424.e.26087"}]}
COMMAND: GET /session/d3cdda6f06e006695550ea94201d0e31/element/f.CF3EA173C6DD6742E6FF2C1FCC3ADAA5.d.83F743E422E802F46F4E1735CC858424.e.26087/enabled - {}
COMMAND: GET /session/d3cdda6f06e006695550ea94201d0e31/screenshot - {}
RESULT: {}
COMMAND: POST /session/d3cdda6f06e006695550ea94201d0e31/element/f.CF3EA173C6DD6742E6FF2C1FCC3ADAA5.d.83F743E422E802F46F4E1735CC858424.e.26087/click - {}
COMMAND: GET /session/d3cdda6f06e006695550ea94201d0e31/screenshot - {}
RESULT: {}
RESULT: {}
COMMAND: GET /session/d3cdda6f06e006695550ea94201d0e31/screenshot - {}
RESULT: {}
RESULT: {}
COMMAND: POST /session/d3cdda6f06e006695550ea94201d0e31/element/f.CF3EA173C6DD6742E6FF2C1FCC3ADAA5.d.83F743E422E802F46F4E1735CC858424.e.26087/clear - {}
RESULT: {}
COMMAND: POST /session/d3cdda6f06e006695550ea94201d0e31/element/f.CF3EA173C6DD6742E6FF2C1FCC3ADAA5.d.83F743E422E802F46F4E1735CC858424.e.26087/value - {"text":"10464"}
COMMAND: GET /session/d3cdda6f06e006695550ea94201d0e31/screenshot - {}
RESULT: {"text":"10464"}
COMMAND: POST /session/d3cdda6f06e006695550ea94201d0e31/actions - {"actions":[{"id":"action94","type":"key","parameters":{},"actions":[{"type":"keyDown","value":"î€‡"},{"type":"pause","duration":10},{"type":"keyUp","value":"î€‡"}]}]}
COMMAND: GET /session/d3cdda6f06e006695550ea94201d0e31/screenshot - {}
RESULT: {}
RESULT: {"actions":[{"id":"action94","type":"key","parameters":{},"actions":[{"type":"keyDown","value":"î€‡"},{"type":"pause","duration":10},{"type":"keyUp","value":"î€‡"}]}]}
COMMAND: GET /session/d3cdda6f06e006695550ea94201d0e31/screenshot - {}
RESULT: {}
RESULT: {}
COMMAND: POST /session/d3cdda6f06e006695550ea94201d0e31/element - {"using":"xpath","value":"//span[contains(@id ,\"application-billingtransfer-display-component---billingWorkbench--smartTableBillingRuns-header-inner\")]"}
RESULT: {"using":"xpath","value":"//span[contains(@id ,\"application-billingtransfer-display-component---billingWorkbench--smartTableBillingRuns-header-inner\")]"}
COMMAND: POST /session/d3cdda6f06e006695550ea94201d0e31/elements - {"using":"xpath","value":"//span[contains(@id ,\"application-billingtransfer-display-component---billingWorkbench--smartTableBillingRuns-header-inner\")]"}
RESULT: {"using":"xpath","value":"//span[contains(@id ,\"application-billingtransfer-display-component---billingWorkbench--smartTableBillingRuns-header-inner\")]"}
COMMAND: POST /session/d3cdda6f06e006695550ea94201d0e31/execute/sync - {"script":"<script> [56 bytes]","args":[{"element-6066-11e4-a52e-4f735466cecf":"f.CF3EA173C6DD6742E6FF2C1FCC3ADAA5.d.83F743E422E802F46F4E1735CC858424.e.26314","ELEMENT":"f.CF3EA173C6DD6742E6FF2C1FCC3ADAA5.d.83F743E422E802F46F4E1735CC858424.e.26314"}]}
RESULT: {"script":"<script> [56 bytes]","args":[{"element-6066-11e4-a52e-4f735466cecf":"f.CF3EA173C6DD6742E6FF2C1FCC3ADAA5.d.83F743E422E802F46F4E1735CC858424.e.26314","ELEMENT":"f.CF3EA173C6DD6742E6FF2C1FCC3ADAA5.d.83F743E422E802F46F4E1735CC858424.e.26314"}]}
COMMAND: POST /session/d3cdda6f06e006695550ea94201d0e31/element - {"using":"xpath","value":"//td[@aria-colindex=\"1\"]/div/div[contains(@class, \"sapMCbBg\")]"}
COMMAND: GET /session/d3cdda6f06e006695550ea94201d0e31/screenshot - {}
RESULT: {"using":"xpath","value":"//td[@aria-colindex=\"1\"]/div/div[contains(@class, \"sapMCbBg\")]"}
COMMAND: POST /session/d3cdda6f06e006695550ea94201d0e31/element/f.CF3EA173C6DD6742E6FF2C1FCC3ADAA5.d.83F743E422E802F46F4E1735CC858424.e.26209/click - {}
RESULT: {}
RESULT: {}
COMMAND: GET /session/d3cdda6f06e006695550ea94201d0e31/screenshot - {}
RESULT: {}
COMMAND: POST /session/d3cdda6f06e006695550ea94201d0e31/element - {"using":"xpath","value":"//bdi[contains(text(), \"Check\")]"}
RESULT: {"using":"xpath","value":"//bdi[contains(text(), \"Check\")]"}
COMMAND: POST /session/d3cdda6f06e006695550ea94201d0e31/element/f.CF3EA173C6DD6742E6FF2C1FCC3ADAA5.d.83F743E422E802F46F4E1735CC858424.e.26315/click - {}
RESULT: {}
COMMAND: GET /session/d3cdda6f06e006695550ea94201d0e31/screenshot - {}
RESULT: {}
COMMAND: POST /session/d3cdda6f06e006695550ea94201d0e31/element - {"using":"xpath","value":"//bdi[contains(text(), \"OK\")]"}
RESULT: {"using":"xpath","value":"//bdi[contains(text(), \"OK\")]"}
COMMAND: POST /session/d3cdda6f06e006695550ea94201d0e31/element/f.CF3EA173C6DD6742E6FF2C1FCC3ADAA5.d.83F743E422E802F46F4E1735CC858424.e.26318/click - {}
RESULT: {}
COMMAND: GET /session/d3cdda6f06e006695550ea94201d0e31/screenshot - {}
RESULT: {}
COMMAND: POST /session/d3cdda6f06e006695550ea94201d0e31/element - {"using":"xpath","value":"(//span[contains(text(), \"CO/SD checked\")]/parent::div/preceding-sibling::div/span)[1]"}
RESULT: {"using":"xpath","value":"(//span[contains(text(), \"CO/SD checked\")]/parent::div/preceding-sibling::div/span)[1]"}
COMMAND: POST /session/d3cdda6f06e006695550ea94201d0e31/element/f.CF3EA173C6DD6742E6FF2C1FCC3ADAA5.d.83F743E422E802F46F4E1735CC858424.e.26320/click - {}
RESULT: {}
COMMAND: GET /session/d3cdda6f06e006695550ea94201d0e31/screenshot - {}
RESULT: {}
COMMAND: POST /session/d3cdda6f06e006695550ea94201d0e31/element - {"using":"xpath","value":"//input[contains(@id ,\"application-billingtransfer-display-component---billingWorkbench--smartFilterBar-btnBasicSearch\")]"}
RESULT: {"using":"xpath","value":"//input[contains(@id ,\"application-billingtransfer-display-component---billingWorkbench--smartFilterBar-btnBasicSearch\")]"}
COMMAND: POST /session/d3cdda6f06e006695550ea94201d0e31/elements - {"using":"xpath","value":"//input[contains(@id ,\"application-billingtransfer-display-component---billingWorkbench--smartFilterBar-btnBasicSearch\")]"}
RESULT: {"using":"xpath","value":"//input[contains(@id ,\"application-billingtransfer-display-component---billingWorkbench--smartFilterBar-btnBasicSearch\")]"}
COMMAND: POST /session/d3cdda6f06e006695550ea94201d0e31/execute/sync - {"script":"<script> [8489 bytes]","args":[{"element-6066-11e4-a52e-4f735466cecf":"f.CF3EA173C6DD6742E6FF2C1FCC3ADAA5.d.83F743E422E802F46F4E1735CC858424.e.26087","ELEMENT":"f.CF3EA173C6DD6742E6FF2C1FCC3ADAA5.d.83F743E422E802F46F4E1735CC858424.e.26087"}]}
RESULT: {"script":"<script> [8489 bytes]","args":[{"element-6066-11e4-a52e-4f735466cecf":"f.CF3EA173C6DD6742E6FF2C1FCC3ADAA5.d.83F743E422E802F46F4E1735CC858424.e.26087","ELEMENT":"f.CF3EA173C6DD6742E6FF2C1FCC3ADAA5.d.83F743E422E802F46F4E1735CC858424.e.26087"}]}
COMMAND: GET /session/d3cdda6f06e006695550ea94201d0e31/element/f.CF3EA173C6DD6742E6FF2C1FCC3ADAA5.d.83F743E422E802F46F4E1735CC858424.e.26087/enabled - {}
COMMAND: GET /session/d3cdda6f06e006695550ea94201d0e31/screenshot - {}
RESULT: {}
COMMAND: POST /session/d3cdda6f06e006695550ea94201d0e31/element/f.CF3EA173C6DD6742E6FF2C1FCC3ADAA5.d.83F743E422E802F46F4E1735CC858424.e.26087/click - {}
COMMAND: GET /session/d3cdda6f06e006695550ea94201d0e31/screenshot - {}
RESULT: {}
RESULT: {}
COMMAND: GET /session/d3cdda6f06e006695550ea94201d0e31/screenshot - {}
RESULT: {}
RESULT: {}
COMMAND: POST /session/d3cdda6f06e006695550ea94201d0e31/element/f.CF3EA173C6DD6742E6FF2C1FCC3ADAA5.d.83F743E422E802F46F4E1735CC858424.e.26087/clear - {}
RESULT: {}
COMMAND: POST /session/d3cdda6f06e006695550ea94201d0e31/element/f.CF3EA173C6DD6742E6FF2C1FCC3ADAA5.d.83F743E422E802F46F4E1735CC858424.e.26087/value - {"text":"10464"}
COMMAND: GET /session/d3cdda6f06e006695550ea94201d0e31/screenshot - {}
RESULT: {"text":"10464"}
COMMAND: POST /session/d3cdda6f06e006695550ea94201d0e31/actions - {"actions":[{"id":"action95","type":"key","parameters":{},"actions":[{"type":"keyDown","value":"î€‡"},{"type":"pause","duration":10},{"type":"keyUp","value":"î€‡"}]}]}
COMMAND: GET /session/d3cdda6f06e006695550ea94201d0e31/screenshot - {}
RESULT: {}
RESULT: {"actions":[{"id":"action95","type":"key","parameters":{},"actions":[{"type":"keyDown","value":"î€‡"},{"type":"pause","duration":10},{"type":"keyUp","value":"î€‡"}]}]}
COMMAND: GET /session/d3cdda6f06e006695550ea94201d0e31/screenshot - {}
RESULT: {}
RESULT: {}
COMMAND: POST /session/d3cdda6f06e006695550ea94201d0e31/element - {"using":"xpath","value":"//span[contains(@id ,\"application-billingtransfer-display-component---billingWorkbench--smartTableBillingRuns-header-inner\")]"}
RESULT: {"using":"xpath","value":"//span[contains(@id ,\"application-billingtransfer-display-component---billingWorkbench--smartTableBillingRuns-header-inner\")]"}
COMMAND: POST /session/d3cdda6f06e006695550ea94201d0e31/elements - {"using":"xpath","value":"//span[contains(@id ,\"application-billingtransfer-display-component---billingWorkbench--smartTableBillingRuns-header-inner\")]"}
RESULT: {"using":"xpath","value":"//span[contains(@id ,\"application-billingtransfer-display-component---billingWorkbench--smartTableBillingRuns-header-inner\")]"}
COMMAND: POST /session/d3cdda6f06e006695550ea94201d0e31/execute/sync - {"script":"<script> [56 bytes]","args":[{"element-6066-11e4-a52e-4f735466cecf":"f.CF3EA173C6DD6742E6FF2C1FCC3ADAA5.d.83F743E422E802F46F4E1735CC858424.e.26314","ELEMENT":"f.CF3EA173C6DD6742E6FF2C1FCC3ADAA5.d.83F743E422E802F46F4E1735CC858424.e.26314"}]}
RESULT: {"script":"<script> [56 bytes]","args":[{"element-6066-11e4-a52e-4f735466cecf":"f.CF3EA173C6DD6742E6FF2C1FCC3ADAA5.d.83F743E422E802F46F4E1735CC858424.e.26314","ELEMENT":"f.CF3EA173C6DD6742E6FF2C1FCC3ADAA5.d.83F743E422E802F46F4E1735CC858424.e.26314"}]}
COMMAND: POST /session/d3cdda6f06e006695550ea94201d0e31/element - {"using":"xpath","value":"//td[@aria-colindex=\"1\"]/div/div[contains(@class, \"sapMCbBg\")]"}
COMMAND: GET /session/d3cdda6f06e006695550ea94201d0e31/screenshot - {}
RESULT: {"using":"xpath","value":"//td[@aria-colindex=\"1\"]/div/div[contains(@class, \"sapMCbBg\")]"}
COMMAND: POST /session/d3cdda6f06e006695550ea94201d0e31/element/f.CF3EA173C6DD6742E6FF2C1FCC3ADAA5.d.83F743E422E802F46F4E1735CC858424.e.26323/click - {}
RESULT: {}
RESULT: {}
COMMAND: GET /session/d3cdda6f06e006695550ea94201d0e31/screenshot - {}
RESULT: {}
COMMAND: POST /session/d3cdda6f06e006695550ea94201d0e31/element - {"using":"xpath","value":"//bdi[text()=\"Transfer\"]"}
RESULT: {"using":"xpath","value":"//bdi[text()=\"Transfer\"]"}
COMMAND: POST /session/d3cdda6f06e006695550ea94201d0e31/element/f.CF3EA173C6DD6742E6FF2C1FCC3ADAA5.d.83F743E422E802F46F4E1735CC858424.e.26324/click - {}
RESULT: {}
COMMAND: GET /session/d3cdda6f06e006695550ea94201d0e31/screenshot - {}
RESULT: {}
COMMAND: POST /session/d3cdda6f06e006695550ea94201d0e31/element - {"using":"xpath","value":"//bdi[contains(text(), \"OK\")]"}
RESULT: {"using":"xpath","value":"//bdi[contains(text(), \"OK\")]"}
COMMAND: POST /session/d3cdda6f06e006695550ea94201d0e31/element/f.CF3EA173C6DD6742E6FF2C1FCC3ADAA5.d.83F743E422E802F46F4E1735CC858424.e.26327/click - {}
RESULT: {}
COMMAND: GET /session/d3cdda6f06e006695550ea94201d0e31/screenshot - {}
RESULT: {}
COMMAND: POST /session/d3cdda6f06e006695550ea94201d0e31/element - {"using":"xpath","value":"(//span[contains(text(), \"Completed\")]/parent::div/preceding-sibling::div/span)[1]"}
RESULT: {"using":"xpath","value":"(//span[contains(text(), \"Completed\")]/parent::div/preceding-sibling::div/span)[1]"}
COMMAND: POST /session/d3cdda6f06e006695550ea94201d0e31/element/f.CF3EA173C6DD6742E6FF2C1FCC3ADAA5.d.83F743E422E802F46F4E1735CC858424.e.26335/click - {}
RESULT: {}
COMMAND: POST /session/d3cdda6f06e006695550ea94201d0e31/element - {"using":"xpath","value":"//input[contains(@id ,\"application-billingtransfer-display-component---billingWorkbench--smartFilterBar-btnBasicSearch\")]"}
COMMAND: GET /session/d3cdda6f06e006695550ea94201d0e31/screenshot - {}
RESULT: {"using":"xpath","value":"//input[contains(@id ,\"application-billingtransfer-display-component---billingWorkbench--smartFilterBar-btnBasicSearch\")]"}
COMMAND: POST /session/d3cdda6f06e006695550ea94201d0e31/elements - {"using":"xpath","value":"//input[contains(@id ,\"application-billingtransfer-display-component---billingWorkbench--smartFilterBar-btnBasicSearch\")]"}
RESULT: {}
RESULT: {"using":"xpath","value":"//input[contains(@id ,\"application-billingtransfer-display-component---billingWorkbench--smartFilterBar-btnBasicSearch\")]"}
COMMAND: POST /session/d3cdda6f06e006695550ea94201d0e31/execute/sync - {"script":"<script> [8489 bytes]","args":[{"element-6066-11e4-a52e-4f735466cecf":"f.CF3EA173C6DD6742E6FF2C1FCC3ADAA5.d.83F743E422E802F46F4E1735CC858424.e.26087","ELEMENT":"f.CF3EA173C6DD6742E6FF2C1FCC3ADAA5.d.83F743E422E802F46F4E1735CC858424.e.26087"}]}
RESULT: {"script":"<script> [8489 bytes]","args":[{"element-6066-11e4-a52e-4f735466cecf":"f.CF3EA173C6DD6742E6FF2C1FCC3ADAA5.d.83F743E422E802F46F4E1735CC858424.e.26087","ELEMENT":"f.CF3EA173C6DD6742E6FF2C1FCC3ADAA5.d.83F743E422E802F46F4E1735CC858424.e.26087"}]}
COMMAND: GET /session/d3cdda6f06e006695550ea94201d0e31/element/f.CF3EA173C6DD6742E6FF2C1FCC3ADAA5.d.83F743E422E802F46F4E1735CC858424.e.26087/enabled - {}
COMMAND: GET /session/d3cdda6f06e006695550ea94201d0e31/screenshot - {}
RESULT: {}
COMMAND: POST /session/d3cdda6f06e006695550ea94201d0e31/element/f.CF3EA173C6DD6742E6FF2C1FCC3ADAA5.d.83F743E422E802F46F4E1735CC858424.e.26087/click - {}
COMMAND: GET /session/d3cdda6f06e006695550ea94201d0e31/screenshot - {}
RESULT: {}
RESULT: {}
COMMAND: GET /session/d3cdda6f06e006695550ea94201d0e31/screenshot - {}
RESULT: {}
RESULT: {}
COMMAND: POST /session/d3cdda6f06e006695550ea94201d0e31/element/f.CF3EA173C6DD6742E6FF2C1FCC3ADAA5.d.83F743E422E802F46F4E1735CC858424.e.26087/clear - {}
RESULT: {}
COMMAND: POST /session/d3cdda6f06e006695550ea94201d0e31/element/f.CF3EA173C6DD6742E6FF2C1FCC3ADAA5.d.83F743E422E802F46F4E1735CC858424.e.26087/value - {"text":"10464"}
COMMAND: GET /session/d3cdda6f06e006695550ea94201d0e31/screenshot - {}
RESULT: {"text":"10464"}
COMMAND: POST /session/d3cdda6f06e006695550ea94201d0e31/actions - {"actions":[{"id":"action96","type":"key","parameters":{},"actions":[{"type":"keyDown","value":"î€‡"},{"type":"pause","duration":10},{"type":"keyUp","value":"î€‡"}]}]}
COMMAND: GET /session/d3cdda6f06e006695550ea94201d0e31/screenshot - {}
RESULT: {}
RESULT: {"actions":[{"id":"action96","type":"key","parameters":{},"actions":[{"type":"keyDown","value":"î€‡"},{"type":"pause","duration":10},{"type":"keyUp","value":"î€‡"}]}]}
COMMAND: GET /session/d3cdda6f06e006695550ea94201d0e31/screenshot - {}
RESULT: {}
RESULT: {}
COMMAND: POST /session/d3cdda6f06e006695550ea94201d0e31/element - {"using":"xpath","value":"//span[contains(@id ,\"application-billingtransfer-display-component---billingWorkbench--smartTableBillingRuns-header-inner\")]"}
RESULT: {"using":"xpath","value":"//span[contains(@id ,\"application-billingtransfer-display-component---billingWorkbench--smartTableBillingRuns-header-inner\")]"}
COMMAND: POST /session/d3cdda6f06e006695550ea94201d0e31/elements - {"using":"xpath","value":"//span[contains(@id ,\"application-billingtransfer-display-component---billingWorkbench--smartTableBillingRuns-header-inner\")]"}
RESULT: {"using":"xpath","value":"//span[contains(@id ,\"application-billingtransfer-display-component---billingWorkbench--smartTableBillingRuns-header-inner\")]"}
COMMAND: POST /session/d3cdda6f06e006695550ea94201d0e31/execute/sync - {"script":"<script> [56 bytes]","args":[{"element-6066-11e4-a52e-4f735466cecf":"f.CF3EA173C6DD6742E6FF2C1FCC3ADAA5.d.83F743E422E802F46F4E1735CC858424.e.26314","ELEMENT":"f.CF3EA173C6DD6742E6FF2C1FCC3ADAA5.d.83F743E422E802F46F4E1735CC858424.e.26314"}]}
RESULT: {"script":"<script> [56 bytes]","args":[{"element-6066-11e4-a52e-4f735466cecf":"f.CF3EA173C6DD6742E6FF2C1FCC3ADAA5.d.83F743E422E802F46F4E1735CC858424.e.26314","ELEMENT":"f.CF3EA173C6DD6742E6FF2C1FCC3ADAA5.d.83F743E422E802F46F4E1735CC858424.e.26314"}]}
COMMAND: POST /session/d3cdda6f06e006695550ea94201d0e31/element - {"using":"css selector","value":"#shell-header-logo"}
COMMAND: GET /session/d3cdda6f06e006695550ea94201d0e31/screenshot - {}
RESULT: {"using":"css selector","value":"#shell-header-logo"}
COMMAND: POST /session/d3cdda6f06e006695550ea94201d0e31/element/f.CF3EA173C6DD6742E6FF2C1FCC3ADAA5.d.83F743E422E802F46F4E1735CC858424.e.26085/click - {}
RESULT: {}
RESULT: {}
COMMAND: GET /session/d3cdda6f06e006695550ea94201d0e31/screenshot - {}
RESULT: {}
]]></system-out>
    </testcase>
    <testcase classname="chrome.136_0_7103_93.windows.Billing_Calculation_-_Time_based_(considering_transport_times)_US139738" name="Should navigate to the contract item check the billed until field value" time="40.366">
      <system-out><![CDATA[
RESULT: undefined
COMMAND: POST /session/d3cdda6f06e006695550ea94201d0e31/element - {"using":"xpath","value":"//*[@id=\"__tile132\"]"}
RESULT: {"using":"xpath","value":"//*[@id=\"__tile132\"]"}
COMMAND: POST /session/d3cdda6f06e006695550ea94201d0e31/element/f.CF3EA173C6DD6742E6FF2C1FCC3ADAA5.d.83F743E422E802F46F4E1735CC858424.e.19295/click - {}
RESULT: {}
COMMAND: GET /session/d3cdda6f06e006695550ea94201d0e31/screenshot - {}
RESULT: {}
COMMAND: POST /session/d3cdda6f06e006695550ea94201d0e31/elements - {"using":"xpath","value":"//span[text()='Error']"}
RESULT: {"using":"xpath","value":"//span[text()='Error']"}
COMMAND: POST /session/d3cdda6f06e006695550ea94201d0e31/element - {"using":"xpath","value":"//button[@data-kt=\"addButton\"]"}
RESULT: {"using":"xpath","value":"//button[@data-kt=\"addButton\"]"}
COMMAND: POST /session/d3cdda6f06e006695550ea94201d0e31/elements - {"using":"xpath","value":"//button[@data-kt=\"addButton\"]"}
RESULT: {"using":"xpath","value":"//button[@data-kt=\"addButton\"]"}
COMMAND: POST /session/d3cdda6f06e006695550ea94201d0e31/execute/sync - {"script":"<script> [8489 bytes]","args":[{"element-6066-11e4-a52e-4f735466cecf":"f.CF3EA173C6DD6742E6FF2C1FCC3ADAA5.d.83F743E422E802F46F4E1735CC858424.e.26387","ELEMENT":"f.CF3EA173C6DD6742E6FF2C1FCC3ADAA5.d.83F743E422E802F46F4E1735CC858424.e.26387"}]}
RESULT: {"script":"<script> [8489 bytes]","args":[{"element-6066-11e4-a52e-4f735466cecf":"f.CF3EA173C6DD6742E6FF2C1FCC3ADAA5.d.83F743E422E802F46F4E1735CC858424.e.26387","ELEMENT":"f.CF3EA173C6DD6742E6FF2C1FCC3ADAA5.d.83F743E422E802F46F4E1735CC858424.e.26387"}]}
COMMAND: GET /session/d3cdda6f06e006695550ea94201d0e31/element/f.CF3EA173C6DD6742E6FF2C1FCC3ADAA5.d.83F743E422E802F46F4E1735CC858424.e.26387/enabled - {}
COMMAND: GET /session/d3cdda6f06e006695550ea94201d0e31/screenshot - {}
RESULT: {}
COMMAND: POST /session/d3cdda6f06e006695550ea94201d0e31/execute/sync - {"script":"<script> [8489 bytes]","args":[{"element-6066-11e4-a52e-4f735466cecf":"f.CF3EA173C6DD6742E6FF2C1FCC3ADAA5.d.83F743E422E802F46F4E1735CC858424.e.26387","ELEMENT":"f.CF3EA173C6DD6742E6FF2C1FCC3ADAA5.d.83F743E422E802F46F4E1735CC858424.e.26387"}]}
COMMAND: GET /session/d3cdda6f06e006695550ea94201d0e31/screenshot - {}
RESULT: {}
RESULT: {"script":"<script> [8489 bytes]","args":[{"element-6066-11e4-a52e-4f735466cecf":"f.CF3EA173C6DD6742E6FF2C1FCC3ADAA5.d.83F743E422E802F46F4E1735CC858424.e.26387","ELEMENT":"f.CF3EA173C6DD6742E6FF2C1FCC3ADAA5.d.83F743E422E802F46F4E1735CC858424.e.26387"}]}
COMMAND: POST /session/d3cdda6f06e006695550ea94201d0e31/execute/sync - {"script":"<script> [5351 bytes]","args":[{"element-6066-11e4-a52e-4f735466cecf":"f.CF3EA173C6DD6742E6FF2C1FCC3ADAA5.d.83F743E422E802F46F4E1735CC858424.e.26387","ELEMENT":"f.CF3EA173C6DD6742E6FF2C1FCC3ADAA5.d.83F743E422E802F46F4E1735CC858424.e.26387"}]}
COMMAND: GET /session/d3cdda6f06e006695550ea94201d0e31/screenshot - {}
RESULT: {}
RESULT: {"script":"<script> [5351 bytes]","args":[{"element-6066-11e4-a52e-4f735466cecf":"f.CF3EA173C6DD6742E6FF2C1FCC3ADAA5.d.83F743E422E802F46F4E1735CC858424.e.26387","ELEMENT":"f.CF3EA173C6DD6742E6FF2C1FCC3ADAA5.d.83F743E422E802F46F4E1735CC858424.e.26387"}]}
COMMAND: POST /session/d3cdda6f06e006695550ea94201d0e31/element - {"using":"xpath","value":"//input[contains(@id ,\"smartContractFilterBar-btnBasicSearch-I\")]"}
COMMAND: GET /session/d3cdda6f06e006695550ea94201d0e31/screenshot - {}
RESULT: {}
RESULT: {"using":"xpath","value":"//input[contains(@id ,\"smartContractFilterBar-btnBasicSearch-I\")]"}
COMMAND: POST /session/d3cdda6f06e006695550ea94201d0e31/elements - {"using":"xpath","value":"//input[contains(@id ,\"smartContractFilterBar-btnBasicSearch-I\")]"}
RESULT: {}
RESULT: {"using":"xpath","value":"//input[contains(@id ,\"smartContractFilterBar-btnBasicSearch-I\")]"}
COMMAND: POST /session/d3cdda6f06e006695550ea94201d0e31/execute/sync - {"script":"<script> [8489 bytes]","args":[{"element-6066-11e4-a52e-4f735466cecf":"f.CF3EA173C6DD6742E6FF2C1FCC3ADAA5.d.83F743E422E802F46F4E1735CC858424.e.26348","ELEMENT":"f.CF3EA173C6DD6742E6FF2C1FCC3ADAA5.d.83F743E422E802F46F4E1735CC858424.e.26348"}]}
RESULT: {"script":"<script> [8489 bytes]","args":[{"element-6066-11e4-a52e-4f735466cecf":"f.CF3EA173C6DD6742E6FF2C1FCC3ADAA5.d.83F743E422E802F46F4E1735CC858424.e.26348","ELEMENT":"f.CF3EA173C6DD6742E6FF2C1FCC3ADAA5.d.83F743E422E802F46F4E1735CC858424.e.26348"}]}
COMMAND: GET /session/d3cdda6f06e006695550ea94201d0e31/element/f.CF3EA173C6DD6742E6FF2C1FCC3ADAA5.d.83F743E422E802F46F4E1735CC858424.e.26348/enabled - {}
COMMAND: GET /session/d3cdda6f06e006695550ea94201d0e31/screenshot - {}
RESULT: {}
COMMAND: POST /session/d3cdda6f06e006695550ea94201d0e31/element/f.CF3EA173C6DD6742E6FF2C1FCC3ADAA5.d.83F743E422E802F46F4E1735CC858424.e.26348/clear - {}
COMMAND: GET /session/d3cdda6f06e006695550ea94201d0e31/screenshot - {}
RESULT: {}
RESULT: {}
COMMAND: POST /session/d3cdda6f06e006695550ea94201d0e31/element/f.CF3EA173C6DD6742E6FF2C1FCC3ADAA5.d.83F743E422E802F46F4E1735CC858424.e.26348/value - {"text":"10464"}
COMMAND: GET /session/d3cdda6f06e006695550ea94201d0e31/screenshot - {}
RESULT: {}
RESULT: {"text":"10464"}
COMMAND: GET /session/d3cdda6f06e006695550ea94201d0e31/screenshot - {}
RESULT: {}
RESULT: {}
COMMAND: POST /session/d3cdda6f06e006695550ea94201d0e31/actions - {"actions":[{"id":"action97","type":"key","parameters":{},"actions":[{"type":"keyDown","value":"î€‡"},{"type":"pause","duration":10},{"type":"keyUp","value":"î€‡"}]}]}
RESULT: {"actions":[{"id":"action97","type":"key","parameters":{},"actions":[{"type":"keyDown","value":"î€‡"},{"type":"pause","duration":10},{"type":"keyUp","value":"î€‡"}]}]}
COMMAND: GET /session/d3cdda6f06e006695550ea94201d0e31/screenshot - {}
RESULT: {}
COMMAND: POST /session/d3cdda6f06e006695550ea94201d0e31/element - {"using":"xpath","value":"//span[contains(@id, \"masterListContractsSmartTable-header-inner\")]"}
RESULT: {"using":"xpath","value":"//span[contains(@id, \"masterListContractsSmartTable-header-inner\")]"}
COMMAND: POST /session/d3cdda6f06e006695550ea94201d0e31/elements - {"using":"xpath","value":"//span[contains(@id, \"masterListContractsSmartTable-header-inner\")]"}
RESULT: {"using":"xpath","value":"//span[contains(@id, \"masterListContractsSmartTable-header-inner\")]"}
COMMAND: POST /session/d3cdda6f06e006695550ea94201d0e31/execute/sync - {"script":"<script> [56 bytes]","args":[{"element-6066-11e4-a52e-4f735466cecf":"f.CF3EA173C6DD6742E6FF2C1FCC3ADAA5.d.83F743E422E802F46F4E1735CC858424.e.26457","ELEMENT":"f.CF3EA173C6DD6742E6FF2C1FCC3ADAA5.d.83F743E422E802F46F4E1735CC858424.e.26457"}]}
RESULT: {"script":"<script> [56 bytes]","args":[{"element-6066-11e4-a52e-4f735466cecf":"f.CF3EA173C6DD6742E6FF2C1FCC3ADAA5.d.83F743E422E802F46F4E1735CC858424.e.26457","ELEMENT":"f.CF3EA173C6DD6742E6FF2C1FCC3ADAA5.d.83F743E422E802F46F4E1735CC858424.e.26457"}]}
COMMAND: POST /session/d3cdda6f06e006695550ea94201d0e31/element - {"using":"xpath","value":"(//span[contains(@id, \"imgNav\")])[1]"}
COMMAND: GET /session/d3cdda6f06e006695550ea94201d0e31/screenshot - {}
RESULT: {"using":"xpath","value":"(//span[contains(@id, \"imgNav\")])[1]"}
COMMAND: POST /session/d3cdda6f06e006695550ea94201d0e31/element/f.CF3EA173C6DD6742E6FF2C1FCC3ADAA5.d.83F743E422E802F46F4E1735CC858424.e.26455/click - {}
RESULT: {}
RESULT: {}
COMMAND: GET /session/d3cdda6f06e006695550ea94201d0e31/screenshot - {}
RESULT: {}
COMMAND: POST /session/d3cdda6f06e006695550ea94201d0e31/element - {"using":"xpath","value":"//tr[@data-kt=\"productsColumnListItem\"]//td//span[contains(@id, \"imgNav\")][1]"}
RESULT: {"using":"xpath","value":"//tr[@data-kt=\"productsColumnListItem\"]//td//span[contains(@id, \"imgNav\")][1]"}
COMMAND: POST /session/d3cdda6f06e006695550ea94201d0e31/element/f.CF3EA173C6DD6742E6FF2C1FCC3ADAA5.d.83F743E422E802F46F4E1735CC858424.e.26631/click - {}
RESULT: {}
COMMAND: GET /session/d3cdda6f06e006695550ea94201d0e31/screenshot - {}
RESULT: {}
COMMAND: POST /session/d3cdda6f06e006695550ea94201d0e31/element - {"using":"xpath","value":"//section[contains(@id, \"application-managecontracts-display-component---BillingItem--ObjectPageLayout-OPHeaderContent\")]/div/div/div/div/div[2]/div/div[2]/span"}
RESULT: {"using":"xpath","value":"//section[contains(@id, \"application-managecontracts-display-component---BillingItem--ObjectPageLayout-OPHeaderContent\")]/div/div/div/div/div[2]/div/div[2]/span"}
COMMAND: POST /session/d3cdda6f06e006695550ea94201d0e31/execute/sync - {"script":"<script> [56 bytes]","args":[{"element-6066-11e4-a52e-4f735466cecf":"f.CF3EA173C6DD6742E6FF2C1FCC3ADAA5.d.83F743E422E802F46F4E1735CC858424.e.26760","ELEMENT":"f.CF3EA173C6DD6742E6FF2C1FCC3ADAA5.d.83F743E422E802F46F4E1735CC858424.e.26760"}]}
RESULT: {"script":"<script> [56 bytes]","args":[{"element-6066-11e4-a52e-4f735466cecf":"f.CF3EA173C6DD6742E6FF2C1FCC3ADAA5.d.83F743E422E802F46F4E1735CC858424.e.26760","ELEMENT":"f.CF3EA173C6DD6742E6FF2C1FCC3ADAA5.d.83F743E422E802F46F4E1735CC858424.e.26760"}]}
COMMAND: POST /session/d3cdda6f06e006695550ea94201d0e31/element - {"using":"xpath","value":"//table[contains(@id, \"application-managecontracts-display-component---BillingItem--billingList-listUl\")]//td//*[contains(text(), \"final billed\")]"}
COMMAND: GET /session/d3cdda6f06e006695550ea94201d0e31/screenshot - {}
RESULT: {"using":"xpath","value":"//table[contains(@id, \"application-managecontracts-display-component---BillingItem--billingList-listUl\")]//td//*[contains(text(), \"final billed\")]"}
COMMAND: POST /session/d3cdda6f06e006695550ea94201d0e31/execute/sync - {"script":"<script> [56 bytes]","args":[{"element-6066-11e4-a52e-4f735466cecf":"f.CF3EA173C6DD6742E6FF2C1FCC3ADAA5.d.83F743E422E802F46F4E1735CC858424.e.26761","ELEMENT":"f.CF3EA173C6DD6742E6FF2C1FCC3ADAA5.d.83F743E422E802F46F4E1735CC858424.e.26761"}]}
RESULT: {}
RESULT: {"script":"<script> [56 bytes]","args":[{"element-6066-11e4-a52e-4f735466cecf":"f.CF3EA173C6DD6742E6FF2C1FCC3ADAA5.d.83F743E422E802F46F4E1735CC858424.e.26761","ELEMENT":"f.CF3EA173C6DD6742E6FF2C1FCC3ADAA5.d.83F743E422E802F46F4E1735CC858424.e.26761"}]}
COMMAND: POST /session/d3cdda6f06e006695550ea94201d0e31/element - {"using":"css selector","value":"#shell-header-logo"}
COMMAND: GET /session/d3cdda6f06e006695550ea94201d0e31/screenshot - {}
RESULT: {"using":"css selector","value":"#shell-header-logo"}
COMMAND: POST /session/d3cdda6f06e006695550ea94201d0e31/element/f.CF3EA173C6DD6742E6FF2C1FCC3ADAA5.d.83F743E422E802F46F4E1735CC858424.e.26343/click - {}
RESULT: {}
RESULT: {}
COMMAND: GET /session/d3cdda6f06e006695550ea94201d0e31/screenshot - {}
RESULT: {}
COMMAND: DELETE /session/d3cdda6f06e006695550ea94201d0e31 - {}
RESULT: {}
]]></system-out>
    </testcase>
  </testsuite>
</testsuites>