<?xml version="1.0" encoding="UTF-8"?>
<testsuites tests="17" failures="1" errors="1" skipped="0">
  <testsuite timestamp="2025-05-30T17:28:29" time="2001.414" tests="13" failures="0" errors="0" skipped="0">
    <properties>
      <property name="specId" value="0"/>
      <property name="suiteName" value="Partner specific tests US150819 US151080 US151654 US151176 US103444 US151078 US151079 US151109 US151174 US151175 US151189"/>
      <property name="capabilities" value="chrome.136_0_7103_93.windows"/>
      <property name="file" value="file:///D:/a/1/s/test/specs/BTS/manage-partners.spec.js"/>
    </properties>
    <testcase classname="chrome.136_0_7103_93.windows.Partner_specific_tests_US150819_US151080_US151654_US151176_US103444_US151078_US151079_US151109_US151174_US151175_US151189" name="Should create a new yard prerequisite" time="141.082">
      <system-out><![CDATA[
COMMAND: POST /session/637de528f4e604e156fb3e125ad907fc/window/fullscreen - {}
RESULT: {}
COMMAND: POST /session/637de528f4e604e156fb3e125ad907fc/element - {"using":"xpath","value":"//li[.//span[text()=\"Manage Partners\"]]"}
RESULT: {"using":"xpath","value":"//li[.//span[text()=\"Manage Partners\"]]"}
COMMAND: POST /session/637de528f4e604e156fb3e125ad907fc/element - {"using":"xpath","value":"//li[.//span[text()=\"Manage Partners\"]]"}
RESULT: {"using":"xpath","value":"//li[.//span[text()=\"Manage Partners\"]]"}
COMMAND: POST /session/637de528f4e604e156fb3e125ad907fc/element - {"using":"css selector","value":"#shell-header-logo"}
RESULT: {"using":"css selector","value":"#shell-header-logo"}
COMMAND: POST /session/637de528f4e604e156fb3e125ad907fc/element/f.71948811B2353B7E36D356F88F4B3924.d.35035944C3C1C45FB00158CC609A0C05.e.265/click - {}
COMMAND: POST /session/637de528f4e604e156fb3e125ad907fc/execute/sync - {"script":"<script> [8489 bytes]","args":[{"element-6066-11e4-a52e-4f735466cecf":"f.71948811B2353B7E36D356F88F4B3924.d.35035944C3C1C45FB00158CC609A0C05.e.265","ELEMENT":"f.71948811B2353B7E36D356F88F4B3924.d.35035944C3C1C45FB00158CC609A0C05.e.265"}]}
RESULT: {}
COMMAND: GET /session/637de528f4e604e156fb3e125ad907fc/screenshot - {}
RESULT: {"script":"<script> [8489 bytes]","args":[{"element-6066-11e4-a52e-4f735466cecf":"f.71948811B2353B7E36D356F88F4B3924.d.35035944C3C1C45FB00158CC609A0C05.e.265","ELEMENT":"f.71948811B2353B7E36D356F88F4B3924.d.35035944C3C1C45FB00158CC609A0C05.e.265"}]}
COMMAND: POST /session/637de528f4e604e156fb3e125ad907fc/execute/sync - {"script":"<script> [5351 bytes]","args":[{"element-6066-11e4-a52e-4f735466cecf":"f.71948811B2353B7E36D356F88F4B3924.d.35035944C3C1C45FB00158CC609A0C05.e.265","ELEMENT":"f.71948811B2353B7E36D356F88F4B3924.d.35035944C3C1C45FB00158CC609A0C05.e.265"}]}
COMMAND: GET /session/637de528f4e604e156fb3e125ad907fc/screenshot - {}
RESULT: {}
RESULT: {"script":"<script> [5351 bytes]","args":[{"element-6066-11e4-a52e-4f735466cecf":"f.71948811B2353B7E36D356F88F4B3924.d.35035944C3C1C45FB00158CC609A0C05.e.265","ELEMENT":"f.71948811B2353B7E36D356F88F4B3924.d.35035944C3C1C45FB00158CC609A0C05.e.265"}]}
COMMAND: GET /session/637de528f4e604e156fb3e125ad907fc/screenshot - {}
RESULT: {}
RESULT: {}
COMMAND: POST /session/637de528f4e604e156fb3e125ad907fc/execute/async - {"script":"<script> [1562 bytes]","args":[{"selector":{"controlType":"sap.m.GenericTile","properties":{"header":"Manage Yards"}},"wdio_ui5_key":"sapm.GenericTile{\"header\":\"Manage Yards\"}"}]}
RESULT: {"script":"<script> [1562 bytes]","args":[{"selector":{"controlType":"sap.m.GenericTile","properties":{"header":"Manage Yards"}},"wdio_ui5_key":"sapm.GenericTile{\"header\":\"Manage Yards\"}"}]}
RESULT: undefined
COMMAND: POST /session/637de528f4e604e156fb3e125ad907fc/element - {"using":"xpath","value":"//*[@id=\"__tile41\"]"}
RESULT: {"using":"xpath","value":"//*[@id=\"__tile41\"]"}
COMMAND: POST /session/637de528f4e604e156fb3e125ad907fc/element/f.71948811B2353B7E36D356F88F4B3924.d.35035944C3C1C45FB00158CC609A0C05.e.162/click - {}
RESULT: {}
COMMAND: GET /session/637de528f4e604e156fb3e125ad907fc/screenshot - {}
RESULT: {}
COMMAND: POST /session/637de528f4e604e156fb3e125ad907fc/elements - {"using":"xpath","value":"//span[text()='Error']"}
RESULT: {"using":"xpath","value":"//span[text()='Error']"}
COMMAND: POST /session/637de528f4e604e156fb3e125ad907fc/element - {"using":"xpath","value":"//button[@data-kt=\"addNewYardOverflowToolbarButton\"]"}
RESULT: {"using":"xpath","value":"//button[@data-kt=\"addNewYardOverflowToolbarButton\"]"}
COMMAND: POST /session/637de528f4e604e156fb3e125ad907fc/elements - {"using":"xpath","value":"//button[@data-kt=\"addNewYardOverflowToolbarButton\"]"}
RESULT: {"using":"xpath","value":"//button[@data-kt=\"addNewYardOverflowToolbarButton\"]"}
COMMAND: POST /session/637de528f4e604e156fb3e125ad907fc/elements - {"using":"xpath","value":"//button[@data-kt=\"addNewYardOverflowToolbarButton\"]"}
RESULT: {"using":"xpath","value":"//button[@data-kt=\"addNewYardOverflowToolbarButton\"]"}
COMMAND: POST /session/637de528f4e604e156fb3e125ad907fc/elements - {"using":"xpath","value":"//button[@data-kt=\"addNewYardOverflowToolbarButton\"]"}
RESULT: {"using":"xpath","value":"//button[@data-kt=\"addNewYardOverflowToolbarButton\"]"}
COMMAND: POST /session/637de528f4e604e156fb3e125ad907fc/elements - {"using":"xpath","value":"//button[@data-kt=\"addNewYardOverflowToolbarButton\"]"}
RESULT: {"using":"xpath","value":"//button[@data-kt=\"addNewYardOverflowToolbarButton\"]"}
COMMAND: POST /session/637de528f4e604e156fb3e125ad907fc/elements - {"using":"xpath","value":"//button[@data-kt=\"addNewYardOverflowToolbarButton\"]"}
RESULT: {"using":"xpath","value":"//button[@data-kt=\"addNewYardOverflowToolbarButton\"]"}
COMMAND: POST /session/637de528f4e604e156fb3e125ad907fc/elements - {"using":"xpath","value":"//button[@data-kt=\"addNewYardOverflowToolbarButton\"]"}
RESULT: {"using":"xpath","value":"//button[@data-kt=\"addNewYardOverflowToolbarButton\"]"}
COMMAND: POST /session/637de528f4e604e156fb3e125ad907fc/elements - {"using":"xpath","value":"//button[@data-kt=\"addNewYardOverflowToolbarButton\"]"}
RESULT: {"using":"xpath","value":"//button[@data-kt=\"addNewYardOverflowToolbarButton\"]"}
COMMAND: POST /session/637de528f4e604e156fb3e125ad907fc/elements - {"using":"xpath","value":"//button[@data-kt=\"addNewYardOverflowToolbarButton\"]"}
RESULT: {"using":"xpath","value":"//button[@data-kt=\"addNewYardOverflowToolbarButton\"]"}
COMMAND: POST /session/637de528f4e604e156fb3e125ad907fc/elements - {"using":"xpath","value":"//button[@data-kt=\"addNewYardOverflowToolbarButton\"]"}
RESULT: {"using":"xpath","value":"//button[@data-kt=\"addNewYardOverflowToolbarButton\"]"}
COMMAND: POST /session/637de528f4e604e156fb3e125ad907fc/elements - {"using":"xpath","value":"//button[@data-kt=\"addNewYardOverflowToolbarButton\"]"}
RESULT: {"using":"xpath","value":"//button[@data-kt=\"addNewYardOverflowToolbarButton\"]"}
COMMAND: POST /session/637de528f4e604e156fb3e125ad907fc/elements - {"using":"xpath","value":"//button[@data-kt=\"addNewYardOverflowToolbarButton\"]"}
RESULT: {"using":"xpath","value":"//button[@data-kt=\"addNewYardOverflowToolbarButton\"]"}
COMMAND: POST /session/637de528f4e604e156fb3e125ad907fc/elements - {"using":"xpath","value":"//button[@data-kt=\"addNewYardOverflowToolbarButton\"]"}
RESULT: {"using":"xpath","value":"//button[@data-kt=\"addNewYardOverflowToolbarButton\"]"}
COMMAND: POST /session/637de528f4e604e156fb3e125ad907fc/elements - {"using":"xpath","value":"//button[@data-kt=\"addNewYardOverflowToolbarButton\"]"}
RESULT: {"using":"xpath","value":"//button[@data-kt=\"addNewYardOverflowToolbarButton\"]"}
COMMAND: POST /session/637de528f4e604e156fb3e125ad907fc/elements - {"using":"xpath","value":"//button[@data-kt=\"addNewYardOverflowToolbarButton\"]"}
RESULT: {"using":"xpath","value":"//button[@data-kt=\"addNewYardOverflowToolbarButton\"]"}
COMMAND: POST /session/637de528f4e604e156fb3e125ad907fc/element - {"using":"xpath","value":"//button[@data-kt=\"addNewYardOverflowToolbarButton\"]"}
RESULT: {"using":"xpath","value":"//button[@data-kt=\"addNewYardOverflowToolbarButton\"]"}
COMMAND: POST /session/637de528f4e604e156fb3e125ad907fc/execute/sync - {"script":"<script> [8489 bytes]","args":[{"element-6066-11e4-a52e-4f735466cecf":"f.71948811B2353B7E36D356F88F4B3924.d.35035944C3C1C45FB00158CC609A0C05.e.308","ELEMENT":"f.71948811B2353B7E36D356F88F4B3924.d.35035944C3C1C45FB00158CC609A0C05.e.308"}]}
RESULT: {"script":"<script> [8489 bytes]","args":[{"element-6066-11e4-a52e-4f735466cecf":"f.71948811B2353B7E36D356F88F4B3924.d.35035944C3C1C45FB00158CC609A0C05.e.308","ELEMENT":"f.71948811B2353B7E36D356F88F4B3924.d.35035944C3C1C45FB00158CC609A0C05.e.308"}]}
COMMAND: GET /session/637de528f4e604e156fb3e125ad907fc/element/f.71948811B2353B7E36D356F88F4B3924.d.35035944C3C1C45FB00158CC609A0C05.e.308/enabled - {}
COMMAND: GET /session/637de528f4e604e156fb3e125ad907fc/screenshot - {}
RESULT: {}
COMMAND: POST /session/637de528f4e604e156fb3e125ad907fc/execute/sync - {"script":"<script> [8489 bytes]","args":[{"element-6066-11e4-a52e-4f735466cecf":"f.71948811B2353B7E36D356F88F4B3924.d.35035944C3C1C45FB00158CC609A0C05.e.308","ELEMENT":"f.71948811B2353B7E36D356F88F4B3924.d.35035944C3C1C45FB00158CC609A0C05.e.308"}]}
COMMAND: GET /session/637de528f4e604e156fb3e125ad907fc/screenshot - {}
RESULT: {}
RESULT: {"script":"<script> [8489 bytes]","args":[{"element-6066-11e4-a52e-4f735466cecf":"f.71948811B2353B7E36D356F88F4B3924.d.35035944C3C1C45FB00158CC609A0C05.e.308","ELEMENT":"f.71948811B2353B7E36D356F88F4B3924.d.35035944C3C1C45FB00158CC609A0C05.e.308"}]}
COMMAND: POST /session/637de528f4e604e156fb3e125ad907fc/execute/sync - {"script":"<script> [5351 bytes]","args":[{"element-6066-11e4-a52e-4f735466cecf":"f.71948811B2353B7E36D356F88F4B3924.d.35035944C3C1C45FB00158CC609A0C05.e.308","ELEMENT":"f.71948811B2353B7E36D356F88F4B3924.d.35035944C3C1C45FB00158CC609A0C05.e.308"}]}
COMMAND: GET /session/637de528f4e604e156fb3e125ad907fc/screenshot - {}
RESULT: {}
RESULT: {"script":"<script> [5351 bytes]","args":[{"element-6066-11e4-a52e-4f735466cecf":"f.71948811B2353B7E36D356F88F4B3924.d.35035944C3C1C45FB00158CC609A0C05.e.308","ELEMENT":"f.71948811B2353B7E36D356F88F4B3924.d.35035944C3C1C45FB00158CC609A0C05.e.308"}]}
COMMAND: POST /session/637de528f4e604e156fb3e125ad907fc/element/f.71948811B2353B7E36D356F88F4B3924.d.35035944C3C1C45FB00158CC609A0C05.e.308/click - {}
COMMAND: GET /session/637de528f4e604e156fb3e125ad907fc/screenshot - {}
RESULT: {}
RESULT: {}
COMMAND: GET /session/637de528f4e604e156fb3e125ad907fc/screenshot - {}
RESULT: {}
RESULT: {}
COMMAND: POST /session/637de528f4e604e156fb3e125ad907fc/element - {"using":"xpath","value":"//input[@id=\"application-manageyards-display-component---NewYard--yardId-inner\"]"}
RESULT: {"using":"xpath","value":"//input[@id=\"application-manageyards-display-component---NewYard--yardId-inner\"]"}
COMMAND: POST /session/637de528f4e604e156fb3e125ad907fc/element - {"using":"xpath","value":"//input[@id=\"application-manageyards-display-component---NewYard--yardId-inner\"]"}
RESULT: {"using":"xpath","value":"//input[@id=\"application-manageyards-display-component---NewYard--yardId-inner\"]"}
COMMAND: POST /session/637de528f4e604e156fb3e125ad907fc/execute/async - {"script":"<script> [1562 bytes]","args":[{"selector":{"id":"application-manageyards-display-component---NewYard--addressDetailDetailsName1","interaction":{"idSuffix":"inner"}},"wdio_ui5_key":"applicationmanageyards-display-component---NewYard--addressDetailDetailsName1"}]}
RESULT: {"script":"<script> [1562 bytes]","args":[{"selector":{"id":"application-manageyards-display-component---NewYard--addressDetailDetailsName1","interaction":{"idSuffix":"inner"}},"wdio_ui5_key":"applicationmanageyards-display-component---NewYard--addressDetailDetailsName1"}]}
RESULT: undefined
COMMAND: POST /session/637de528f4e604e156fb3e125ad907fc/execute/async - {"script":"<script> [776 bytes]","args":[{"enterText":"Intracompany Yard wdIO","selector":{"id":"application-manageyards-display-component---NewYard--addressDetailDetailsName1","interaction":{"idSuffix":"inner"}},"clearTextFirst":true,"interactionType":"ENTER_TEXT"}]}
RESULT: {"script":"<script> [776 bytes]","args":[{"enterText":"Intracompany Yard wdIO","selector":{"id":"application-manageyards-display-component---NewYard--addressDetailDetailsName1","interaction":{"idSuffix":"inner"}},"clearTextFirst":true,"interactionType":"ENTER_TEXT"}]}
COMMAND: POST /session/637de528f4e604e156fb3e125ad907fc/execute/async - {"script":"<script> [1562 bytes]","args":[{"selector":{"id":"application-manageyards-display-component---NewYard--addressDetailDetailsLanguage-arrow"},"wdio_ui5_key":"applicationmanageyards-display-component---NewYard--addressDetailDetailsLanguage-arrow"}]}
RESULT: {"script":"<script> [1562 bytes]","args":[{"selector":{"id":"application-manageyards-display-component---NewYard--addressDetailDetailsLanguage-arrow"},"wdio_ui5_key":"applicationmanageyards-display-component---NewYard--addressDetailDetailsLanguage-arrow"}]}
RESULT: undefined
COMMAND: POST /session/637de528f4e604e156fb3e125ad907fc/element - {"using":"xpath","value":"//*[@id=\"application-manageyards-display-component---NewYard--addressDetailDetailsLanguage-arrow\"]"}
RESULT: {"using":"xpath","value":"//*[@id=\"application-manageyards-display-component---NewYard--addressDetailDetailsLanguage-arrow\"]"}
COMMAND: POST /session/637de528f4e604e156fb3e125ad907fc/element/f.71948811B2353B7E36D356F88F4B3924.d.35035944C3C1C45FB00158CC609A0C05.e.727/click - {}
RESULT: {}
COMMAND: POST /session/637de528f4e604e156fb3e125ad907fc/element - {"using":"xpath","value":"//span[contains(text(), \"English\")]"}
COMMAND: GET /session/637de528f4e604e156fb3e125ad907fc/screenshot - {}
RESULT: {"using":"xpath","value":"//span[contains(text(), \"English\")]"}
COMMAND: POST /session/637de528f4e604e156fb3e125ad907fc/element/f.71948811B2353B7E36D356F88F4B3924.d.35035944C3C1C45FB00158CC609A0C05.e.728/click - {}
RESULT: {}
RESULT: {}
COMMAND: POST /session/637de528f4e604e156fb3e125ad907fc/execute/async - {"script":"<script> [1562 bytes]","args":[{"selector":{"id":"application-manageyards-display-component---NewYard--addressDetailDetailsCity1","interaction":{"idSuffix":"inner"}},"wdio_ui5_key":"applicationmanageyards-display-component---NewYard--addressDetailDetailsCity1"}]}
COMMAND: GET /session/637de528f4e604e156fb3e125ad907fc/screenshot - {}
RESULT: {"script":"<script> [1562 bytes]","args":[{"selector":{"id":"application-manageyards-display-component---NewYard--addressDetailDetailsCity1","interaction":{"idSuffix":"inner"}},"wdio_ui5_key":"applicationmanageyards-display-component---NewYard--addressDetailDetailsCity1"}]}
RESULT: undefined
COMMAND: POST /session/637de528f4e604e156fb3e125ad907fc/execute/async - {"script":"<script> [776 bytes]","args":[{"enterText":"Rosario","selector":{"id":"application-manageyards-display-component---NewYard--addressDetailDetailsCity1","interaction":{"idSuffix":"inner"}},"clearTextFirst":true,"interactionType":"ENTER_TEXT"}]}
RESULT: {}
RESULT: {"script":"<script> [776 bytes]","args":[{"enterText":"Rosario","selector":{"id":"application-manageyards-display-component---NewYard--addressDetailDetailsCity1","interaction":{"idSuffix":"inner"}},"clearTextFirst":true,"interactionType":"ENTER_TEXT"}]}
COMMAND: POST /session/637de528f4e604e156fb3e125ad907fc/execute/async - {"script":"<script> [1562 bytes]","args":[{"selector":{"id":"application-manageyards-display-component---NewYard--addressDetailDetailsCountry-arrow"},"wdio_ui5_key":"applicationmanageyards-display-component---NewYard--addressDetailDetailsCountry-arrow"}]}
RESULT: {"script":"<script> [1562 bytes]","args":[{"selector":{"id":"application-manageyards-display-component---NewYard--addressDetailDetailsCountry-arrow"},"wdio_ui5_key":"applicationmanageyards-display-component---NewYard--addressDetailDetailsCountry-arrow"}]}
RESULT: undefined
COMMAND: POST /session/637de528f4e604e156fb3e125ad907fc/element - {"using":"xpath","value":"//*[@id=\"application-manageyards-display-component---NewYard--addressDetailDetailsCountry-arrow\"]"}
RESULT: {"using":"xpath","value":"//*[@id=\"application-manageyards-display-component---NewYard--addressDetailDetailsCountry-arrow\"]"}
COMMAND: POST /session/637de528f4e604e156fb3e125ad907fc/element/f.71948811B2353B7E36D356F88F4B3924.d.35035944C3C1C45FB00158CC609A0C05.e.730/click - {}
RESULT: {}
COMMAND: POST /session/637de528f4e604e156fb3e125ad907fc/element - {"using":"xpath","value":"//span[contains(text(), \"Argentina\")]"}
COMMAND: GET /session/637de528f4e604e156fb3e125ad907fc/screenshot - {}
RESULT: {"using":"xpath","value":"//span[contains(text(), \"Argentina\")]"}
COMMAND: POST /session/637de528f4e604e156fb3e125ad907fc/element/f.71948811B2353B7E36D356F88F4B3924.d.35035944C3C1C45FB00158CC609A0C05.e.731/click - {}
RESULT: {}
RESULT: {}
COMMAND: POST /session/637de528f4e604e156fb3e125ad907fc/execute/async - {"script":"<script> [1562 bytes]","args":[{"selector":{"id":"application-manageyards-display-component---NewYard--addressEditDetailsCostObjectCstType-arrow"},"wdio_ui5_key":"applicationmanageyards-display-component---NewYard--addressEditDetailsCostObjectCstType-arrow"}]}
COMMAND: GET /session/637de528f4e604e156fb3e125ad907fc/screenshot - {}
RESULT: {"script":"<script> [1562 bytes]","args":[{"selector":{"id":"application-manageyards-display-component---NewYard--addressEditDetailsCostObjectCstType-arrow"},"wdio_ui5_key":"applicationmanageyards-display-component---NewYard--addressEditDetailsCostObjectCstType-arrow"}]}
RESULT: undefined
COMMAND: POST /session/637de528f4e604e156fb3e125ad907fc/element - {"using":"xpath","value":"//*[@id=\"application-manageyards-display-component---NewYard--addressEditDetailsCostObjectCstType-arrow\"]"}
RESULT: {}
RESULT: {"using":"xpath","value":"//*[@id=\"application-manageyards-display-component---NewYard--addressEditDetailsCostObjectCstType-arrow\"]"}
COMMAND: POST /session/637de528f4e604e156fb3e125ad907fc/element/f.71948811B2353B7E36D356F88F4B3924.d.35035944C3C1C45FB00158CC609A0C05.e.733/click - {}
RESULT: {}
COMMAND: POST /session/637de528f4e604e156fb3e125ad907fc/element - {"using":"xpath","value":"//span[contains(text(), \"Cost Center\")]"}
COMMAND: GET /session/637de528f4e604e156fb3e125ad907fc/screenshot - {}
RESULT: {"using":"xpath","value":"//span[contains(text(), \"Cost Center\")]"}
COMMAND: POST /session/637de528f4e604e156fb3e125ad907fc/element/f.71948811B2353B7E36D356F88F4B3924.d.35035944C3C1C45FB00158CC609A0C05.e.734/click - {}
RESULT: {}
RESULT: {}
COMMAND: GET /session/637de528f4e604e156fb3e125ad907fc/screenshot - {}
RESULT: {}
COMMAND: POST /session/637de528f4e604e156fb3e125ad907fc/element - {"using":"xpath","value":"//span[@id=\"application-manageyards-display-component---NewYard--addressNewCostObjectCstID-vhi\"]"}
RESULT: {"using":"xpath","value":"//span[@id=\"application-manageyards-display-component---NewYard--addressNewCostObjectCstID-vhi\"]"}
COMMAND: POST /session/637de528f4e604e156fb3e125ad907fc/execute/sync - {"script":"<script> [8489 bytes]","args":[{"element-6066-11e4-a52e-4f735466cecf":"f.71948811B2353B7E36D356F88F4B3924.d.35035944C3C1C45FB00158CC609A0C05.e.738","ELEMENT":"f.71948811B2353B7E36D356F88F4B3924.d.35035944C3C1C45FB00158CC609A0C05.e.738"}]}
RESULT: {"script":"<script> [8489 bytes]","args":[{"element-6066-11e4-a52e-4f735466cecf":"f.71948811B2353B7E36D356F88F4B3924.d.35035944C3C1C45FB00158CC609A0C05.e.738","ELEMENT":"f.71948811B2353B7E36D356F88F4B3924.d.35035944C3C1C45FB00158CC609A0C05.e.738"}]}
COMMAND: POST /session/637de528f4e604e156fb3e125ad907fc/execute/async - {"script":"<script> [1562 bytes]","args":[{"selector":{"id":"application-manageyards-display-component---NewYard--addressNewCostObjectCstID-vhi"},"wdio_ui5_key":"applicationmanageyards-display-component---NewYard--addressNewCostObjectCstID-vhi"}]}
COMMAND: GET /session/637de528f4e604e156fb3e125ad907fc/screenshot - {}
RESULT: {"script":"<script> [1562 bytes]","args":[{"selector":{"id":"application-manageyards-display-component---NewYard--addressNewCostObjectCstID-vhi"},"wdio_ui5_key":"applicationmanageyards-display-component---NewYard--addressNewCostObjectCstID-vhi"}]}
RESULT: undefined
COMMAND: POST /session/637de528f4e604e156fb3e125ad907fc/element - {"using":"xpath","value":"//*[@id=\"application-manageyards-display-component---NewYard--addressNewCostObjectCstID-vhi\"]"}
RESULT: {}
RESULT: {"using":"xpath","value":"//*[@id=\"application-manageyards-display-component---NewYard--addressNewCostObjectCstID-vhi\"]"}
COMMAND: POST /session/637de528f4e604e156fb3e125ad907fc/element/f.71948811B2353B7E36D356F88F4B3924.d.35035944C3C1C45FB00158CC609A0C05.e.738/click - {}
RESULT: {}
COMMAND: GET /session/637de528f4e604e156fb3e125ad907fc/screenshot - {}
RESULT: {}
COMMAND: POST /session/637de528f4e604e156fb3e125ad907fc/execute/async - {"script":"<script> [1562 bytes]","args":[{"selector":{"controlType":"sap.m.SearchField","properties":{"placeholder":"Search"},"searchOpenDialogs":true,"interaction":{"idSuffix":"I"}},"wdio_ui5_key":"sapm.SearchField{\"placeholder\":\"Search\"}"}]}
RESULT: {"script":"<script> [1562 bytes]","args":[{"selector":{"controlType":"sap.m.SearchField","properties":{"placeholder":"Search"},"searchOpenDialogs":true,"interaction":{"idSuffix":"I"}},"wdio_ui5_key":"sapm.SearchField{\"placeholder\":\"Search\"}"}]}
RESULT: undefined
COMMAND: POST /session/637de528f4e604e156fb3e125ad907fc/execute/async - {"script":"<script> [776 bytes]","args":[{"enterText":"bauh_b","selector":{"controlType":"sap.m.SearchField","properties":{"placeholder":"Search"},"searchOpenDialogs":true,"interaction":{"idSuffix":"I"}},"clearTextFirst":true,"interactionType":"ENTER_TEXT"}]}
RESULT: {"script":"<script> [776 bytes]","args":[{"enterText":"bauh_b","selector":{"controlType":"sap.m.SearchField","properties":{"placeholder":"Search"},"searchOpenDialogs":true,"interaction":{"idSuffix":"I"}},"clearTextFirst":true,"interactionType":"ENTER_TEXT"}]}
COMMAND: POST /session/637de528f4e604e156fb3e125ad907fc/actions - {"actions":[{"id":"action1","type":"key","parameters":{},"actions":[{"type":"keyDown","value":""},{"type":"pause","duration":10},{"type":"keyUp","value":""}]}]}
RESULT: {"actions":[{"id":"action1","type":"key","parameters":{},"actions":[{"type":"keyDown","value":""},{"type":"pause","duration":10},{"type":"keyUp","value":""}]}]}
COMMAND: GET /session/637de528f4e604e156fb3e125ad907fc/screenshot - {}
RESULT: {}
COMMAND: POST /session/637de528f4e604e156fb3e125ad907fc/element - {"using":"xpath","value":"//span[contains(text(), \"Demo Yard\")]"}
RESULT: {"using":"xpath","value":"//span[contains(text(), \"Demo Yard\")]"}
COMMAND: POST /session/637de528f4e604e156fb3e125ad907fc/element/f.71948811B2353B7E36D356F88F4B3924.d.35035944C3C1C45FB00158CC609A0C05.e.779/click - {}
RESULT: {}
COMMAND: GET /session/637de528f4e604e156fb3e125ad907fc/screenshot - {}
RESULT: {}
COMMAND: POST /session/637de528f4e604e156fb3e125ad907fc/element - {"using":"xpath","value":"//bdi[contains(text(), \"OK\")]"}
RESULT: {"using":"xpath","value":"//bdi[contains(text(), \"OK\")]"}
COMMAND: POST /session/637de528f4e604e156fb3e125ad907fc/element/f.71948811B2353B7E36D356F88F4B3924.d.35035944C3C1C45FB00158CC609A0C05.e.780/click - {}
RESULT: {}
COMMAND: GET /session/637de528f4e604e156fb3e125ad907fc/screenshot - {}
RESULT: {}
COMMAND: POST /session/637de528f4e604e156fb3e125ad907fc/execute/async - {"script":"<script> [1562 bytes]","args":[{"selector":{"id":"application-manageyards-display-component---NewYard--addressEditDetailsCurrency-arrow"},"wdio_ui5_key":"applicationmanageyards-display-component---NewYard--addressEditDetailsCurrency-arrow"}]}
RESULT: {"script":"<script> [1562 bytes]","args":[{"selector":{"id":"application-manageyards-display-component---NewYard--addressEditDetailsCurrency-arrow"},"wdio_ui5_key":"applicationmanageyards-display-component---NewYard--addressEditDetailsCurrency-arrow"}]}
RESULT: undefined
COMMAND: POST /session/637de528f4e604e156fb3e125ad907fc/element - {"using":"xpath","value":"//*[@id=\"application-manageyards-display-component---NewYard--addressEditDetailsCurrency-arrow\"]"}
RESULT: {"using":"xpath","value":"//*[@id=\"application-manageyards-display-component---NewYard--addressEditDetailsCurrency-arrow\"]"}
COMMAND: POST /session/637de528f4e604e156fb3e125ad907fc/element/f.71948811B2353B7E36D356F88F4B3924.d.35035944C3C1C45FB00158CC609A0C05.e.783/click - {}
RESULT: {}
COMMAND: POST /session/637de528f4e604e156fb3e125ad907fc/element - {"using":"xpath","value":"//span[contains(text(), \"Euro\")]"}
COMMAND: GET /session/637de528f4e604e156fb3e125ad907fc/screenshot - {}
RESULT: {"using":"xpath","value":"//span[contains(text(), \"Euro\")]"}
COMMAND: POST /session/637de528f4e604e156fb3e125ad907fc/element/f.71948811B2353B7E36D356F88F4B3924.d.35035944C3C1C45FB00158CC609A0C05.e.784/click - {}
RESULT: {}
RESULT: {}
COMMAND: POST /session/637de528f4e604e156fb3e125ad907fc/execute/async - {"script":"<script> [1562 bytes]","args":[{"selector":{"controlType":"sap.m.Input","viewName":"etm.portal.ui.manageyards.view.New","viewId":"application-manageyards-display-component---NewYard","bindingPath":{"path":"","propertyPath":"/CONTROLLING_AREA","modelName":"NewYardModel"},"interaction":{"idSuffix":"inner"}},"wdio_ui5_key":"etmportal.ui.manageyards.view.Newsap.m.Input{\"path\":\"\",\"propertyPath\":\"/CONTROLLING_AREA\",\"modelName\":\"NewYardModel\"}"}]}
COMMAND: GET /session/637de528f4e604e156fb3e125ad907fc/screenshot - {}
RESULT: {"script":"<script> [1562 bytes]","args":[{"selector":{"controlType":"sap.m.Input","viewName":"etm.portal.ui.manageyards.view.New","viewId":"application-manageyards-display-component---NewYard","bindingPath":{"path":"","propertyPath":"/CONTROLLING_AREA","modelName":"NewYardModel"},"interaction":{"idSuffix":"inner"}},"wdio_ui5_key":"etmportal.ui.manageyards.view.Newsap.m.Input{\"path\":\"\",\"propertyPath\":\"/CONTROLLING_AREA\",\"modelName\":\"NewYardModel\"}"}]}
RESULT: undefined
COMMAND: POST /session/637de528f4e604e156fb3e125ad907fc/execute/async - {"script":"<script> [776 bytes]","args":[{"enterText":"Z001","selector":{"controlType":"sap.m.Input","viewName":"etm.portal.ui.manageyards.view.New","viewId":"application-manageyards-display-component---NewYard","bindingPath":{"path":"","propertyPath":"/CONTROLLING_AREA","modelName":"NewYardModel"},"interaction":{"idSuffix":"inner"}},"clearTextFirst":true,"interactionType":"ENTER_TEXT"}]}
RESULT: {}
RESULT: {"script":"<script> [776 bytes]","args":[{"enterText":"Z001","selector":{"controlType":"sap.m.Input","viewName":"etm.portal.ui.manageyards.view.New","viewId":"application-manageyards-display-component---NewYard","bindingPath":{"path":"","propertyPath":"/CONTROLLING_AREA","modelName":"NewYardModel"},"interaction":{"idSuffix":"inner"}},"clearTextFirst":true,"interactionType":"ENTER_TEXT"}]}
COMMAND: POST /session/637de528f4e604e156fb3e125ad907fc/execute/async - {"script":"<script> [1562 bytes]","args":[{"selector":{"id":"application-manageyards-display-component---NewYard--companyCodeComboBox","interaction":{"idSuffix":"inner"}},"wdio_ui5_key":"applicationmanageyards-display-component---NewYard--companyCodeComboBox"}]}
RESULT: {"script":"<script> [1562 bytes]","args":[{"selector":{"id":"application-manageyards-display-component---NewYard--companyCodeComboBox","interaction":{"idSuffix":"inner"}},"wdio_ui5_key":"applicationmanageyards-display-component---NewYard--companyCodeComboBox"}]}
RESULT: undefined
COMMAND: POST /session/637de528f4e604e156fb3e125ad907fc/execute/async - {"script":"<script> [776 bytes]","args":[{"enterText":"1000","selector":{"id":"application-manageyards-display-component---NewYard--companyCodeComboBox","interaction":{"idSuffix":"inner"}},"clearTextFirst":true,"interactionType":"ENTER_TEXT"}]}
RESULT: {"script":"<script> [776 bytes]","args":[{"enterText":"1000","selector":{"id":"application-manageyards-display-component---NewYard--companyCodeComboBox","interaction":{"idSuffix":"inner"}},"clearTextFirst":true,"interactionType":"ENTER_TEXT"}]}
COMMAND: POST /session/637de528f4e604e156fb3e125ad907fc/execute/async - {"script":"<script> [1562 bytes]","args":[{"selector":{"controlType":"sap.m.Input","viewName":"etm.portal.ui.manageyards.view.New","viewId":"application-manageyards-display-component---NewYard","bindingPath":{"path":"","propertyPath":"/PLANT","modelName":"NewYardModel"},"interaction":{"idSuffix":"inner"}},"wdio_ui5_key":"etmportal.ui.manageyards.view.Newsap.m.Input{\"path\":\"\",\"propertyPath\":\"/PLANT\",\"modelName\":\"NewYardModel\"}"}]}
RESULT: {"script":"<script> [1562 bytes]","args":[{"selector":{"controlType":"sap.m.Input","viewName":"etm.portal.ui.manageyards.view.New","viewId":"application-manageyards-display-component---NewYard","bindingPath":{"path":"","propertyPath":"/PLANT","modelName":"NewYardModel"},"interaction":{"idSuffix":"inner"}},"wdio_ui5_key":"etmportal.ui.manageyards.view.Newsap.m.Input{\"path\":\"\",\"propertyPath\":\"/PLANT\",\"modelName\":\"NewYardModel\"}"}]}
RESULT: undefined
COMMAND: POST /session/637de528f4e604e156fb3e125ad907fc/execute/async - {"script":"<script> [776 bytes]","args":[{"enterText":"1001","selector":{"controlType":"sap.m.Input","viewName":"etm.portal.ui.manageyards.view.New","viewId":"application-manageyards-display-component---NewYard","bindingPath":{"path":"","propertyPath":"/PLANT","modelName":"NewYardModel"},"interaction":{"idSuffix":"inner"}},"clearTextFirst":true,"interactionType":"ENTER_TEXT"}]}
RESULT: {"script":"<script> [776 bytes]","args":[{"enterText":"1001","selector":{"controlType":"sap.m.Input","viewName":"etm.portal.ui.manageyards.view.New","viewId":"application-manageyards-display-component---NewYard","bindingPath":{"path":"","propertyPath":"/PLANT","modelName":"NewYardModel"},"interaction":{"idSuffix":"inner"}},"clearTextFirst":true,"interactionType":"ENTER_TEXT"}]}
COMMAND: POST /session/637de528f4e604e156fb3e125ad907fc/execute/async - {"script":"<script> [1562 bytes]","args":[{"selector":{"controlType":"sap.m.Input","viewName":"etm.portal.ui.manageyards.view.New","viewId":"application-manageyards-display-component---NewYard","bindingPath":{"path":"","propertyPath":"/SALES_AREA_VKORG","modelName":"NewYardModel"},"interaction":{"idSuffix":"inner"}},"wdio_ui5_key":"etmportal.ui.manageyards.view.Newsap.m.Input{\"path\":\"\",\"propertyPath\":\"/SALES_AREA_VKORG\",\"modelName\":\"NewYardModel\"}"}]}
RESULT: {"script":"<script> [1562 bytes]","args":[{"selector":{"controlType":"sap.m.Input","viewName":"etm.portal.ui.manageyards.view.New","viewId":"application-manageyards-display-component---NewYard","bindingPath":{"path":"","propertyPath":"/SALES_AREA_VKORG","modelName":"NewYardModel"},"interaction":{"idSuffix":"inner"}},"wdio_ui5_key":"etmportal.ui.manageyards.view.Newsap.m.Input{\"path\":\"\",\"propertyPath\":\"/SALES_AREA_VKORG\",\"modelName\":\"NewYardModel\"}"}]}
RESULT: undefined
COMMAND: POST /session/637de528f4e604e156fb3e125ad907fc/execute/async - {"script":"<script> [776 bytes]","args":[{"enterText":"C002","selector":{"controlType":"sap.m.Input","viewName":"etm.portal.ui.manageyards.view.New","viewId":"application-manageyards-display-component---NewYard","bindingPath":{"path":"","propertyPath":"/SALES_AREA_VKORG","modelName":"NewYardModel"},"interaction":{"idSuffix":"inner"}},"clearTextFirst":true,"interactionType":"ENTER_TEXT"}]}
RESULT: {"script":"<script> [776 bytes]","args":[{"enterText":"C002","selector":{"controlType":"sap.m.Input","viewName":"etm.portal.ui.manageyards.view.New","viewId":"application-manageyards-display-component---NewYard","bindingPath":{"path":"","propertyPath":"/SALES_AREA_VKORG","modelName":"NewYardModel"},"interaction":{"idSuffix":"inner"}},"clearTextFirst":true,"interactionType":"ENTER_TEXT"}]}
COMMAND: POST /session/637de528f4e604e156fb3e125ad907fc/execute/async - {"script":"<script> [1562 bytes]","args":[{"selector":{"controlType":"sap.m.Input","viewName":"etm.portal.ui.manageyards.view.New","viewId":"application-manageyards-display-component---NewYard","bindingPath":{"path":"","propertyPath":"/SALES_AREA_VTWEG","modelName":"NewYardModel"},"interaction":{"idSuffix":"inner"}},"wdio_ui5_key":"etmportal.ui.manageyards.view.Newsap.m.Input{\"path\":\"\",\"propertyPath\":\"/SALES_AREA_VTWEG\",\"modelName\":\"NewYardModel\"}"}]}
RESULT: {"script":"<script> [1562 bytes]","args":[{"selector":{"controlType":"sap.m.Input","viewName":"etm.portal.ui.manageyards.view.New","viewId":"application-manageyards-display-component---NewYard","bindingPath":{"path":"","propertyPath":"/SALES_AREA_VTWEG","modelName":"NewYardModel"},"interaction":{"idSuffix":"inner"}},"wdio_ui5_key":"etmportal.ui.manageyards.view.Newsap.m.Input{\"path\":\"\",\"propertyPath\":\"/SALES_AREA_VTWEG\",\"modelName\":\"NewYardModel\"}"}]}
RESULT: undefined
COMMAND: POST /session/637de528f4e604e156fb3e125ad907fc/execute/async - {"script":"<script> [776 bytes]","args":[{"enterText":"C2","selector":{"controlType":"sap.m.Input","viewName":"etm.portal.ui.manageyards.view.New","viewId":"application-manageyards-display-component---NewYard","bindingPath":{"path":"","propertyPath":"/SALES_AREA_VTWEG","modelName":"NewYardModel"},"interaction":{"idSuffix":"inner"}},"clearTextFirst":true,"interactionType":"ENTER_TEXT"}]}
RESULT: {"script":"<script> [776 bytes]","args":[{"enterText":"C2","selector":{"controlType":"sap.m.Input","viewName":"etm.portal.ui.manageyards.view.New","viewId":"application-manageyards-display-component---NewYard","bindingPath":{"path":"","propertyPath":"/SALES_AREA_VTWEG","modelName":"NewYardModel"},"interaction":{"idSuffix":"inner"}},"clearTextFirst":true,"interactionType":"ENTER_TEXT"}]}
COMMAND: POST /session/637de528f4e604e156fb3e125ad907fc/execute/async - {"script":"<script> [1562 bytes]","args":[{"selector":{"controlType":"sap.m.Input","viewName":"etm.portal.ui.manageyards.view.New","viewId":"application-manageyards-display-component---NewYard","bindingPath":{"path":"","propertyPath":"/SALES_AREA_SPART","modelName":"NewYardModel"},"interaction":{"idSuffix":"inner"}},"wdio_ui5_key":"etmportal.ui.manageyards.view.Newsap.m.Input{\"path\":\"\",\"propertyPath\":\"/SALES_AREA_SPART\",\"modelName\":\"NewYardModel\"}"}]}
RESULT: {"script":"<script> [1562 bytes]","args":[{"selector":{"controlType":"sap.m.Input","viewName":"etm.portal.ui.manageyards.view.New","viewId":"application-manageyards-display-component---NewYard","bindingPath":{"path":"","propertyPath":"/SALES_AREA_SPART","modelName":"NewYardModel"},"interaction":{"idSuffix":"inner"}},"wdio_ui5_key":"etmportal.ui.manageyards.view.Newsap.m.Input{\"path\":\"\",\"propertyPath\":\"/SALES_AREA_SPART\",\"modelName\":\"NewYardModel\"}"}]}
RESULT: undefined
COMMAND: POST /session/637de528f4e604e156fb3e125ad907fc/execute/async - {"script":"<script> [776 bytes]","args":[{"enterText":"C2","selector":{"controlType":"sap.m.Input","viewName":"etm.portal.ui.manageyards.view.New","viewId":"application-manageyards-display-component---NewYard","bindingPath":{"path":"","propertyPath":"/SALES_AREA_SPART","modelName":"NewYardModel"},"interaction":{"idSuffix":"inner"}},"clearTextFirst":true,"interactionType":"ENTER_TEXT"}]}
RESULT: {"script":"<script> [776 bytes]","args":[{"enterText":"C2","selector":{"controlType":"sap.m.Input","viewName":"etm.portal.ui.manageyards.view.New","viewId":"application-manageyards-display-component---NewYard","bindingPath":{"path":"","propertyPath":"/SALES_AREA_SPART","modelName":"NewYardModel"},"interaction":{"idSuffix":"inner"}},"clearTextFirst":true,"interactionType":"ENTER_TEXT"}]}
COMMAND: POST /session/637de528f4e604e156fb3e125ad907fc/execute/async - {"script":"<script> [1562 bytes]","args":[{"selector":{"controlType":"sap.m.Input","viewName":"etm.portal.ui.manageyards.view.New","viewId":"application-manageyards-display-component---NewYard","bindingPath":{"path":"","propertyPath":"/SHIP_POINT","modelName":"NewYardModel"},"interaction":{"idSuffix":"inner"}},"wdio_ui5_key":"etmportal.ui.manageyards.view.Newsap.m.Input{\"path\":\"\",\"propertyPath\":\"/SHIP_POINT\",\"modelName\":\"NewYardModel\"}"}]}
RESULT: {"script":"<script> [1562 bytes]","args":[{"selector":{"controlType":"sap.m.Input","viewName":"etm.portal.ui.manageyards.view.New","viewId":"application-manageyards-display-component---NewYard","bindingPath":{"path":"","propertyPath":"/SHIP_POINT","modelName":"NewYardModel"},"interaction":{"idSuffix":"inner"}},"wdio_ui5_key":"etmportal.ui.manageyards.view.Newsap.m.Input{\"path\":\"\",\"propertyPath\":\"/SHIP_POINT\",\"modelName\":\"NewYardModel\"}"}]}
RESULT: undefined
COMMAND: POST /session/637de528f4e604e156fb3e125ad907fc/execute/async - {"script":"<script> [776 bytes]","args":[{"enterText":"1710","selector":{"controlType":"sap.m.Input","viewName":"etm.portal.ui.manageyards.view.New","viewId":"application-manageyards-display-component---NewYard","bindingPath":{"path":"","propertyPath":"/SHIP_POINT","modelName":"NewYardModel"},"interaction":{"idSuffix":"inner"}},"clearTextFirst":true,"interactionType":"ENTER_TEXT"}]}
RESULT: {"script":"<script> [776 bytes]","args":[{"enterText":"1710","selector":{"controlType":"sap.m.Input","viewName":"etm.portal.ui.manageyards.view.New","viewId":"application-manageyards-display-component---NewYard","bindingPath":{"path":"","propertyPath":"/SHIP_POINT","modelName":"NewYardModel"},"interaction":{"idSuffix":"inner"}},"clearTextFirst":true,"interactionType":"ENTER_TEXT"}]}
COMMAND: POST /session/637de528f4e604e156fb3e125ad907fc/execute/async - {"script":"<script> [1562 bytes]","args":[{"selector":{"controlType":"sap.m.Input","viewName":"etm.portal.ui.manageyards.view.New","viewId":"application-manageyards-display-component---NewYard","bindingPath":{"path":"","propertyPath":"/DELIVERY_TYPE","modelName":"NewYardModel"},"interaction":{"idSuffix":"inner"}},"wdio_ui5_key":"etmportal.ui.manageyards.view.Newsap.m.Input{\"path\":\"\",\"propertyPath\":\"/DELIVERY_TYPE\",\"modelName\":\"NewYardModel\"}"}]}
RESULT: {"script":"<script> [1562 bytes]","args":[{"selector":{"controlType":"sap.m.Input","viewName":"etm.portal.ui.manageyards.view.New","viewId":"application-manageyards-display-component---NewYard","bindingPath":{"path":"","propertyPath":"/DELIVERY_TYPE","modelName":"NewYardModel"},"interaction":{"idSuffix":"inner"}},"wdio_ui5_key":"etmportal.ui.manageyards.view.Newsap.m.Input{\"path\":\"\",\"propertyPath\":\"/DELIVERY_TYPE\",\"modelName\":\"NewYardModel\"}"}]}
RESULT: undefined
COMMAND: POST /session/637de528f4e604e156fb3e125ad907fc/execute/async - {"script":"<script> [776 bytes]","args":[{"enterText":"ZL01","selector":{"controlType":"sap.m.Input","viewName":"etm.portal.ui.manageyards.view.New","viewId":"application-manageyards-display-component---NewYard","bindingPath":{"path":"","propertyPath":"/DELIVERY_TYPE","modelName":"NewYardModel"},"interaction":{"idSuffix":"inner"}},"clearTextFirst":true,"interactionType":"ENTER_TEXT"}]}
RESULT: {"script":"<script> [776 bytes]","args":[{"enterText":"ZL01","selector":{"controlType":"sap.m.Input","viewName":"etm.portal.ui.manageyards.view.New","viewId":"application-manageyards-display-component---NewYard","bindingPath":{"path":"","propertyPath":"/DELIVERY_TYPE","modelName":"NewYardModel"},"interaction":{"idSuffix":"inner"}},"clearTextFirst":true,"interactionType":"ENTER_TEXT"}]}
COMMAND: POST /session/637de528f4e604e156fb3e125ad907fc/execute/async - {"script":"<script> [1562 bytes]","args":[{"selector":{"controlType":"sap.m.Input","viewName":"etm.portal.ui.manageyards.view.New","viewId":"application-manageyards-display-component---NewYard","bindingPath":{"path":"","propertyPath":"/AUART","modelName":"NewYardModel"},"interaction":{"idSuffix":"inner"}},"wdio_ui5_key":"etmportal.ui.manageyards.view.Newsap.m.Input{\"path\":\"\",\"propertyPath\":\"/AUART\",\"modelName\":\"NewYardModel\"}"}]}
RESULT: {"script":"<script> [1562 bytes]","args":[{"selector":{"controlType":"sap.m.Input","viewName":"etm.portal.ui.manageyards.view.New","viewId":"application-manageyards-display-component---NewYard","bindingPath":{"path":"","propertyPath":"/AUART","modelName":"NewYardModel"},"interaction":{"idSuffix":"inner"}},"wdio_ui5_key":"etmportal.ui.manageyards.view.Newsap.m.Input{\"path\":\"\",\"propertyPath\":\"/AUART\",\"modelName\":\"NewYardModel\"}"}]}
RESULT: undefined
COMMAND: POST /session/637de528f4e604e156fb3e125ad907fc/execute/async - {"script":"<script> [776 bytes]","args":[{"enterText":"TA","selector":{"controlType":"sap.m.Input","viewName":"etm.portal.ui.manageyards.view.New","viewId":"application-manageyards-display-component---NewYard","bindingPath":{"path":"","propertyPath":"/AUART","modelName":"NewYardModel"},"interaction":{"idSuffix":"inner"}},"clearTextFirst":true,"interactionType":"ENTER_TEXT"}]}
RESULT: {"script":"<script> [776 bytes]","args":[{"enterText":"TA","selector":{"controlType":"sap.m.Input","viewName":"etm.portal.ui.manageyards.view.New","viewId":"application-manageyards-display-component---NewYard","bindingPath":{"path":"","propertyPath":"/AUART","modelName":"NewYardModel"},"interaction":{"idSuffix":"inner"}},"clearTextFirst":true,"interactionType":"ENTER_TEXT"}]}
COMMAND: POST /session/637de528f4e604e156fb3e125ad907fc/element - {"using":"xpath","value":"//button[@data-kt=\"newYardSaveButton\"]"}
RESULT: {"using":"xpath","value":"//button[@data-kt=\"newYardSaveButton\"]"}
COMMAND: POST /session/637de528f4e604e156fb3e125ad907fc/element/f.71948811B2353B7E36D356F88F4B3924.d.35035944C3C1C45FB00158CC609A0C05.e.710/click - {}
RESULT: {}
COMMAND: GET /session/637de528f4e604e156fb3e125ad907fc/screenshot - {}
RESULT: {}
COMMAND: POST /session/637de528f4e604e156fb3e125ad907fc/element - {"using":"xpath","value":"//header[contains(@id, 'ObjectPageLayout-headerTitle')]/div[1]/div[2]/div[1]/span[1]"}
RESULT: {"using":"xpath","value":"//header[contains(@id, 'ObjectPageLayout-headerTitle')]/div[1]/div[2]/div[1]/span[1]"}
COMMAND: POST /session/637de528f4e604e156fb3e125ad907fc/elements - {"using":"xpath","value":"//header[contains(@id, 'ObjectPageLayout-headerTitle')]/div[1]/div[2]/div[1]/span[1]"}
RESULT: {"using":"xpath","value":"//header[contains(@id, 'ObjectPageLayout-headerTitle')]/div[1]/div[2]/div[1]/span[1]"}
COMMAND: POST /session/637de528f4e604e156fb3e125ad907fc/execute/sync - {"script":"<script> [56 bytes]","args":[{"element-6066-11e4-a52e-4f735466cecf":"f.71948811B2353B7E36D356F88F4B3924.d.35035944C3C1C45FB00158CC609A0C05.e.1005","ELEMENT":"f.71948811B2353B7E36D356F88F4B3924.d.35035944C3C1C45FB00158CC609A0C05.e.1005"}]}
RESULT: {"script":"<script> [56 bytes]","args":[{"element-6066-11e4-a52e-4f735466cecf":"f.71948811B2353B7E36D356F88F4B3924.d.35035944C3C1C45FB00158CC609A0C05.e.1005","ELEMENT":"f.71948811B2353B7E36D356F88F4B3924.d.35035944C3C1C45FB00158CC609A0C05.e.1005"}]}
COMMAND: GET /session/637de528f4e604e156fb3e125ad907fc/screenshot - {}
RESULT: {}
COMMAND: POST /session/637de528f4e604e156fb3e125ad907fc/element - {"using":"css selector","value":"#shell-header-logo"}
RESULT: {"using":"css selector","value":"#shell-header-logo"}
COMMAND: POST /session/637de528f4e604e156fb3e125ad907fc/element/f.71948811B2353B7E36D356F88F4B3924.d.35035944C3C1C45FB00158CC609A0C05.e.265/click - {}
RESULT: {}
COMMAND: GET /session/637de528f4e604e156fb3e125ad907fc/screenshot - {}
RESULT: {}
COMMAND: POST /session/637de528f4e604e156fb3e125ad907fc/execute/sync - {"script":"<script> [299 bytes]","args":[["getModel","getResource"]]}
RESULT: {"script":"<script> [299 bytes]","args":[["getModel","getResource"]]}
COMMAND: GET /session/637de528f4e604e156fb3e125ad907fc/screenshot - {}
]]></system-out>
    </testcase>
    <testcase classname="chrome.136_0_7103_93.windows.Partner_specific_tests_US150819_US151080_US151654_US151176_US103444_US151078_US151079_US151109_US151174_US151175_US151189" name="Should create new external partner US150819" time="114.63">
      <system-out><![CDATA[
COMMAND: POST /session/637de528f4e604e156fb3e125ad907fc/element - {"using":"xpath","value":"//li[.//span[text()=\"Manage Partners\"]]"}
RESULT: {}
RESULT: {"using":"xpath","value":"//li[.//span[text()=\"Manage Partners\"]]"}
COMMAND: POST /session/637de528f4e604e156fb3e125ad907fc/element - {"using":"xpath","value":"//li[.//span[text()=\"Manage Partners\"]]"}
RESULT: {"using":"xpath","value":"//li[.//span[text()=\"Manage Partners\"]]"}
COMMAND: POST /session/637de528f4e604e156fb3e125ad907fc/element - {"using":"css selector","value":"#shell-header-logo"}
RESULT: {"using":"css selector","value":"#shell-header-logo"}
COMMAND: POST /session/637de528f4e604e156fb3e125ad907fc/element/f.71948811B2353B7E36D356F88F4B3924.d.35035944C3C1C45FB00158CC609A0C05.e.1007/click - {}
COMMAND: POST /session/637de528f4e604e156fb3e125ad907fc/execute/sync - {"script":"<script> [8489 bytes]","args":[{"element-6066-11e4-a52e-4f735466cecf":"f.71948811B2353B7E36D356F88F4B3924.d.35035944C3C1C45FB00158CC609A0C05.e.1007","ELEMENT":"f.71948811B2353B7E36D356F88F4B3924.d.35035944C3C1C45FB00158CC609A0C05.e.1007"}]}
RESULT: {"script":"<script> [8489 bytes]","args":[{"element-6066-11e4-a52e-4f735466cecf":"f.71948811B2353B7E36D356F88F4B3924.d.35035944C3C1C45FB00158CC609A0C05.e.1007","ELEMENT":"f.71948811B2353B7E36D356F88F4B3924.d.35035944C3C1C45FB00158CC609A0C05.e.1007"}]}
COMMAND: POST /session/637de528f4e604e156fb3e125ad907fc/execute/sync - {"script":"<script> [5351 bytes]","args":[{"element-6066-11e4-a52e-4f735466cecf":"f.71948811B2353B7E36D356F88F4B3924.d.35035944C3C1C45FB00158CC609A0C05.e.1007","ELEMENT":"f.71948811B2353B7E36D356F88F4B3924.d.35035944C3C1C45FB00158CC609A0C05.e.1007"}]}
COMMAND: GET /session/637de528f4e604e156fb3e125ad907fc/screenshot - {}
RESULT: {}
COMMAND: GET /session/637de528f4e604e156fb3e125ad907fc/screenshot - {}
RESULT: {"script":"<script> [5351 bytes]","args":[{"element-6066-11e4-a52e-4f735466cecf":"f.71948811B2353B7E36D356F88F4B3924.d.35035944C3C1C45FB00158CC609A0C05.e.1007","ELEMENT":"f.71948811B2353B7E36D356F88F4B3924.d.35035944C3C1C45FB00158CC609A0C05.e.1007"}]}
COMMAND: GET /session/637de528f4e604e156fb3e125ad907fc/screenshot - {}
RESULT: {}
RESULT: {}
RESULT: {}
COMMAND: POST /session/637de528f4e604e156fb3e125ad907fc/window/fullscreen - {}
RESULT: {}
COMMAND: POST /session/637de528f4e604e156fb3e125ad907fc/execute/async - {"script":"<script> [1562 bytes]","args":[{"selector":{"controlType":"sap.m.GenericTile","properties":{"header":"Manage Partners"}},"wdio_ui5_key":"sapm.GenericTile{\"header\":\"Manage Partners\"}"}]}
RESULT: {"script":"<script> [1562 bytes]","args":[{"selector":{"controlType":"sap.m.GenericTile","properties":{"header":"Manage Partners"}},"wdio_ui5_key":"sapm.GenericTile{\"header\":\"Manage Partners\"}"}]}
RESULT: undefined
COMMAND: POST /session/637de528f4e604e156fb3e125ad907fc/element - {"using":"xpath","value":"//*[@id=\"__tile38\"]"}
RESULT: {"using":"xpath","value":"//*[@id=\"__tile38\"]"}
COMMAND: POST /session/637de528f4e604e156fb3e125ad907fc/element/f.71948811B2353B7E36D356F88F4B3924.d.35035944C3C1C45FB00158CC609A0C05.e.153/click - {}
RESULT: {}
COMMAND: GET /session/637de528f4e604e156fb3e125ad907fc/screenshot - {}
RESULT: {}
COMMAND: POST /session/637de528f4e604e156fb3e125ad907fc/elements - {"using":"xpath","value":"//span[text()='Error']"}
RESULT: {"using":"xpath","value":"//span[text()='Error']"}
COMMAND: POST /session/637de528f4e604e156fb3e125ad907fc/element - {"using":"xpath","value":"//button[@data-kt=\"addButton\"]"}
RESULT: {"using":"xpath","value":"//button[@data-kt=\"addButton\"]"}
COMMAND: POST /session/637de528f4e604e156fb3e125ad907fc/elements - {"using":"xpath","value":"//button[@data-kt=\"addButton\"]"}
RESULT: {"using":"xpath","value":"//button[@data-kt=\"addButton\"]"}
COMMAND: POST /session/637de528f4e604e156fb3e125ad907fc/elements - {"using":"xpath","value":"//button[@data-kt=\"addButton\"]"}
RESULT: {"using":"xpath","value":"//button[@data-kt=\"addButton\"]"}
COMMAND: POST /session/637de528f4e604e156fb3e125ad907fc/element - {"using":"xpath","value":"//button[@data-kt=\"addButton\"]"}
RESULT: {"using":"xpath","value":"//button[@data-kt=\"addButton\"]"}
COMMAND: POST /session/637de528f4e604e156fb3e125ad907fc/execute/sync - {"script":"<script> [8489 bytes]","args":[{"element-6066-11e4-a52e-4f735466cecf":"f.71948811B2353B7E36D356F88F4B3924.d.35035944C3C1C45FB00158CC609A0C05.e.1054","ELEMENT":"f.71948811B2353B7E36D356F88F4B3924.d.35035944C3C1C45FB00158CC609A0C05.e.1054"}]}
RESULT: {"script":"<script> [8489 bytes]","args":[{"element-6066-11e4-a52e-4f735466cecf":"f.71948811B2353B7E36D356F88F4B3924.d.35035944C3C1C45FB00158CC609A0C05.e.1054","ELEMENT":"f.71948811B2353B7E36D356F88F4B3924.d.35035944C3C1C45FB00158CC609A0C05.e.1054"}]}
COMMAND: GET /session/637de528f4e604e156fb3e125ad907fc/element/f.71948811B2353B7E36D356F88F4B3924.d.35035944C3C1C45FB00158CC609A0C05.e.1054/enabled - {}
COMMAND: GET /session/637de528f4e604e156fb3e125ad907fc/screenshot - {}
RESULT: {}
COMMAND: POST /session/637de528f4e604e156fb3e125ad907fc/execute/sync - {"script":"<script> [8489 bytes]","args":[{"element-6066-11e4-a52e-4f735466cecf":"f.71948811B2353B7E36D356F88F4B3924.d.35035944C3C1C45FB00158CC609A0C05.e.1054","ELEMENT":"f.71948811B2353B7E36D356F88F4B3924.d.35035944C3C1C45FB00158CC609A0C05.e.1054"}]}
COMMAND: GET /session/637de528f4e604e156fb3e125ad907fc/screenshot - {}
RESULT: {}
RESULT: {"script":"<script> [8489 bytes]","args":[{"element-6066-11e4-a52e-4f735466cecf":"f.71948811B2353B7E36D356F88F4B3924.d.35035944C3C1C45FB00158CC609A0C05.e.1054","ELEMENT":"f.71948811B2353B7E36D356F88F4B3924.d.35035944C3C1C45FB00158CC609A0C05.e.1054"}]}
COMMAND: POST /session/637de528f4e604e156fb3e125ad907fc/execute/sync - {"script":"<script> [5351 bytes]","args":[{"element-6066-11e4-a52e-4f735466cecf":"f.71948811B2353B7E36D356F88F4B3924.d.35035944C3C1C45FB00158CC609A0C05.e.1054","ELEMENT":"f.71948811B2353B7E36D356F88F4B3924.d.35035944C3C1C45FB00158CC609A0C05.e.1054"}]}
COMMAND: GET /session/637de528f4e604e156fb3e125ad907fc/screenshot - {}
RESULT: {}
RESULT: {"script":"<script> [5351 bytes]","args":[{"element-6066-11e4-a52e-4f735466cecf":"f.71948811B2353B7E36D356F88F4B3924.d.35035944C3C1C45FB00158CC609A0C05.e.1054","ELEMENT":"f.71948811B2353B7E36D356F88F4B3924.d.35035944C3C1C45FB00158CC609A0C05.e.1054"}]}
COMMAND: POST /session/637de528f4e604e156fb3e125ad907fc/element/f.71948811B2353B7E36D356F88F4B3924.d.35035944C3C1C45FB00158CC609A0C05.e.1054/click - {}
COMMAND: GET /session/637de528f4e604e156fb3e125ad907fc/screenshot - {}
RESULT: {}
RESULT: {}
COMMAND: GET /session/637de528f4e604e156fb3e125ad907fc/screenshot - {}
COMMAND: POST /session/637de528f4e604e156fb3e125ad907fc/execute/async - {"script":"<script> [1562 bytes]","args":[{"selector":{"id":"application-managepartners-display-component---NewPartner--addressDetailDetailsName1","interaction":{"idSuffix":"inner"}},"wdio_ui5_key":"applicationmanagepartners-display-component---NewPartner--addressDetailDetailsName1"}]}
RESULT: {}
RESULT: {}
RESULT: {"script":"<script> [1562 bytes]","args":[{"selector":{"id":"application-managepartners-display-component---NewPartner--addressDetailDetailsName1","interaction":{"idSuffix":"inner"}},"wdio_ui5_key":"applicationmanagepartners-display-component---NewPartner--addressDetailDetailsName1"}]}
RESULT: undefined
COMMAND: POST /session/637de528f4e604e156fb3e125ad907fc/execute/async - {"script":"<script> [776 bytes]","args":[{"enterText":"External Partner WDIO","selector":{"id":"application-managepartners-display-component---NewPartner--addressDetailDetailsName1","interaction":{"idSuffix":"inner"}},"clearTextFirst":true,"interactionType":"ENTER_TEXT"}]}
RESULT: {"script":"<script> [776 bytes]","args":[{"enterText":"External Partner WDIO","selector":{"id":"application-managepartners-display-component---NewPartner--addressDetailDetailsName1","interaction":{"idSuffix":"inner"}},"clearTextFirst":true,"interactionType":"ENTER_TEXT"}]}
COMMAND: POST /session/637de528f4e604e156fb3e125ad907fc/execute/async - {"script":"<script> [1562 bytes]","args":[{"selector":{"id":"application-managepartners-display-component---NewPartner--addressDetailDetailsLanguage-arrow"},"wdio_ui5_key":"applicationmanagepartners-display-component---NewPartner--addressDetailDetailsLanguage-arrow"}]}
RESULT: {"script":"<script> [1562 bytes]","args":[{"selector":{"id":"application-managepartners-display-component---NewPartner--addressDetailDetailsLanguage-arrow"},"wdio_ui5_key":"applicationmanagepartners-display-component---NewPartner--addressDetailDetailsLanguage-arrow"}]}
RESULT: undefined
COMMAND: POST /session/637de528f4e604e156fb3e125ad907fc/element - {"using":"xpath","value":"//*[@id=\"application-managepartners-display-component---NewPartner--addressDetailDetailsLanguage-arrow\"]"}
RESULT: {"using":"xpath","value":"//*[@id=\"application-managepartners-display-component---NewPartner--addressDetailDetailsLanguage-arrow\"]"}
COMMAND: POST /session/637de528f4e604e156fb3e125ad907fc/element/f.71948811B2353B7E36D356F88F4B3924.d.35035944C3C1C45FB00158CC609A0C05.e.1493/click - {}
RESULT: {}
COMMAND: POST /session/637de528f4e604e156fb3e125ad907fc/element - {"using":"xpath","value":"//span[contains(text(), \"English\")]"}
COMMAND: GET /session/637de528f4e604e156fb3e125ad907fc/screenshot - {}
RESULT: {"using":"xpath","value":"//span[contains(text(), \"English\")]"}
COMMAND: POST /session/637de528f4e604e156fb3e125ad907fc/element/f.71948811B2353B7E36D356F88F4B3924.d.35035944C3C1C45FB00158CC609A0C05.e.1494/click - {}
RESULT: {}
RESULT: {}
COMMAND: GET /session/637de528f4e604e156fb3e125ad907fc/screenshot - {}
RESULT: {}
COMMAND: POST /session/637de528f4e604e156fb3e125ad907fc/execute/async - {"script":"<script> [1562 bytes]","args":[{"selector":{"id":"application-managepartners-display-component---NewPartner--addressDetailDetailsCity1","interaction":{"idSuffix":"inner"}},"wdio_ui5_key":"applicationmanagepartners-display-component---NewPartner--addressDetailDetailsCity1"}]}
RESULT: {"script":"<script> [1562 bytes]","args":[{"selector":{"id":"application-managepartners-display-component---NewPartner--addressDetailDetailsCity1","interaction":{"idSuffix":"inner"}},"wdio_ui5_key":"applicationmanagepartners-display-component---NewPartner--addressDetailDetailsCity1"}]}
RESULT: undefined
COMMAND: POST /session/637de528f4e604e156fb3e125ad907fc/execute/async - {"script":"<script> [776 bytes]","args":[{"enterText":"Rosario","selector":{"id":"application-managepartners-display-component---NewPartner--addressDetailDetailsCity1","interaction":{"idSuffix":"inner"}},"clearTextFirst":true,"interactionType":"ENTER_TEXT"}]}
RESULT: {"script":"<script> [776 bytes]","args":[{"enterText":"Rosario","selector":{"id":"application-managepartners-display-component---NewPartner--addressDetailDetailsCity1","interaction":{"idSuffix":"inner"}},"clearTextFirst":true,"interactionType":"ENTER_TEXT"}]}
COMMAND: POST /session/637de528f4e604e156fb3e125ad907fc/execute/async - {"script":"<script> [1562 bytes]","args":[{"selector":{"id":"application-managepartners-display-component---NewPartner--addressDetailDetailsCountry-arrow"},"wdio_ui5_key":"applicationmanagepartners-display-component---NewPartner--addressDetailDetailsCountry-arrow"}]}
RESULT: {"script":"<script> [1562 bytes]","args":[{"selector":{"id":"application-managepartners-display-component---NewPartner--addressDetailDetailsCountry-arrow"},"wdio_ui5_key":"applicationmanagepartners-display-component---NewPartner--addressDetailDetailsCountry-arrow"}]}
RESULT: undefined
COMMAND: POST /session/637de528f4e604e156fb3e125ad907fc/element - {"using":"xpath","value":"//*[@id=\"application-managepartners-display-component---NewPartner--addressDetailDetailsCountry-arrow\"]"}
RESULT: {"using":"xpath","value":"//*[@id=\"application-managepartners-display-component---NewPartner--addressDetailDetailsCountry-arrow\"]"}
COMMAND: POST /session/637de528f4e604e156fb3e125ad907fc/element/f.71948811B2353B7E36D356F88F4B3924.d.35035944C3C1C45FB00158CC609A0C05.e.1475/click - {}
RESULT: {}
COMMAND: POST /session/637de528f4e604e156fb3e125ad907fc/element - {"using":"xpath","value":"//span[contains(text(), \"Argentina\")]"}
COMMAND: GET /session/637de528f4e604e156fb3e125ad907fc/screenshot - {}
RESULT: {"using":"xpath","value":"//span[contains(text(), \"Argentina\")]"}
COMMAND: POST /session/637de528f4e604e156fb3e125ad907fc/element/f.71948811B2353B7E36D356F88F4B3924.d.35035944C3C1C45FB00158CC609A0C05.e.1496/click - {}
RESULT: {}
RESULT: {}
COMMAND: GET /session/637de528f4e604e156fb3e125ad907fc/screenshot - {}
RESULT: {}
COMMAND: POST /session/637de528f4e604e156fb3e125ad907fc/element - {"using":"xpath","value":"//bdi[contains(text(), \"Commercial\")]"}
RESULT: {"using":"xpath","value":"//bdi[contains(text(), \"Commercial\")]"}
COMMAND: POST /session/637de528f4e604e156fb3e125ad907fc/element/f.71948811B2353B7E36D356F88F4B3924.d.35035944C3C1C45FB00158CC609A0C05.e.1497/click - {}
RESULT: {}
COMMAND: GET /session/637de528f4e604e156fb3e125ad907fc/screenshot - {}
RESULT: {}
COMMAND: POST /session/637de528f4e604e156fb3e125ad907fc/execute/async - {"script":"<script> [1562 bytes]","args":[{"selector":{"id":"application-managepartners-display-component---NewPartner--partnerDetailInternal-arrow"},"wdio_ui5_key":"applicationmanagepartners-display-component---NewPartner--partnerDetailInternal-arrow"}]}
RESULT: {"script":"<script> [1562 bytes]","args":[{"selector":{"id":"application-managepartners-display-component---NewPartner--partnerDetailInternal-arrow"},"wdio_ui5_key":"applicationmanagepartners-display-component---NewPartner--partnerDetailInternal-arrow"}]}
RESULT: undefined
COMMAND: POST /session/637de528f4e604e156fb3e125ad907fc/element - {"using":"xpath","value":"//*[@id=\"application-managepartners-display-component---NewPartner--partnerDetailInternal-arrow\"]"}
RESULT: {"using":"xpath","value":"//*[@id=\"application-managepartners-display-component---NewPartner--partnerDetailInternal-arrow\"]"}
COMMAND: POST /session/637de528f4e604e156fb3e125ad907fc/element/f.71948811B2353B7E36D356F88F4B3924.d.35035944C3C1C45FB00158CC609A0C05.e.1502/click - {}
RESULT: {}
COMMAND: POST /session/637de528f4e604e156fb3e125ad907fc/element - {"using":"xpath","value":"//span[contains(text(), \"External partner\")]"}
COMMAND: GET /session/637de528f4e604e156fb3e125ad907fc/screenshot - {}
RESULT: {"using":"xpath","value":"//span[contains(text(), \"External partner\")]"}
COMMAND: POST /session/637de528f4e604e156fb3e125ad907fc/element/f.71948811B2353B7E36D356F88F4B3924.d.35035944C3C1C45FB00158CC609A0C05.e.1505/click - {}
RESULT: {}
RESULT: {}
COMMAND: POST /session/637de528f4e604e156fb3e125ad907fc/execute/async - {"script":"<script> [1562 bytes]","args":[{"selector":{"id":"application-managepartners-display-component---NewPartner--partnerDetailsCurrency-arrow"},"wdio_ui5_key":"applicationmanagepartners-display-component---NewPartner--partnerDetailsCurrency-arrow"}]}
COMMAND: GET /session/637de528f4e604e156fb3e125ad907fc/screenshot - {}
RESULT: {"script":"<script> [1562 bytes]","args":[{"selector":{"id":"application-managepartners-display-component---NewPartner--partnerDetailsCurrency-arrow"},"wdio_ui5_key":"applicationmanagepartners-display-component---NewPartner--partnerDetailsCurrency-arrow"}]}
RESULT: undefined
COMMAND: POST /session/637de528f4e604e156fb3e125ad907fc/element - {"using":"xpath","value":"//*[@id=\"application-managepartners-display-component---NewPartner--partnerDetailsCurrency-arrow\"]"}
RESULT: {}
RESULT: {"using":"xpath","value":"//*[@id=\"application-managepartners-display-component---NewPartner--partnerDetailsCurrency-arrow\"]"}
COMMAND: POST /session/637de528f4e604e156fb3e125ad907fc/element/f.71948811B2353B7E36D356F88F4B3924.d.35035944C3C1C45FB00158CC609A0C05.e.1510/click - {}
RESULT: {}
COMMAND: POST /session/637de528f4e604e156fb3e125ad907fc/element - {"using":"xpath","value":"//span[contains(text(), \"US Dollar\")]"}
COMMAND: GET /session/637de528f4e604e156fb3e125ad907fc/screenshot - {}
RESULT: {"using":"xpath","value":"//span[contains(text(), \"US Dollar\")]"}
COMMAND: POST /session/637de528f4e604e156fb3e125ad907fc/element/f.71948811B2353B7E36D356F88F4B3924.d.35035944C3C1C45FB00158CC609A0C05.e.1511/click - {}
RESULT: {}
RESULT: {}
COMMAND: GET /session/637de528f4e604e156fb3e125ad907fc/screenshot - {}
RESULT: {}
COMMAND: POST /session/637de528f4e604e156fb3e125ad907fc/element - {"using":"xpath","value":"//input[@id=\"application-managepartners-display-component---NewPartner--companyCodeComboBox-inner\"]"}
RESULT: {"using":"xpath","value":"//input[@id=\"application-managepartners-display-component---NewPartner--companyCodeComboBox-inner\"]"}
COMMAND: POST /session/637de528f4e604e156fb3e125ad907fc/element/f.71948811B2353B7E36D356F88F4B3924.d.35035944C3C1C45FB00158CC609A0C05.e.1359/clear - {}
RESULT: {}
COMMAND: POST /session/637de528f4e604e156fb3e125ad907fc/element/f.71948811B2353B7E36D356F88F4B3924.d.35035944C3C1C45FB00158CC609A0C05.e.1359/value - {"text":"C002"}
COMMAND: GET /session/637de528f4e604e156fb3e125ad907fc/screenshot - {}
RESULT: {"text":"C002"}
COMMAND: GET /session/637de528f4e604e156fb3e125ad907fc/screenshot - {}
RESULT: {}
RESULT: {}
COMMAND: POST /session/637de528f4e604e156fb3e125ad907fc/element - {"using":"xpath","value":"//li[.//span[text()= \"C002\"]]"}
RESULT: {"using":"xpath","value":"//li[.//span[text()= \"C002\"]]"}
COMMAND: POST /session/637de528f4e604e156fb3e125ad907fc/element/f.71948811B2353B7E36D356F88F4B3924.d.35035944C3C1C45FB00158CC609A0C05.e.1515/click - {}
RESULT: {}
COMMAND: GET /session/637de528f4e604e156fb3e125ad907fc/screenshot - {}
RESULT: {}
COMMAND: POST /session/637de528f4e604e156fb3e125ad907fc/execute/async - {"script":"<script> [1562 bytes]","args":[{"selector":{"controlType":"sap.ui.core.Icon","viewName":"etm.portal.ui.managepartners.view.NewPartner","viewId":"application-managepartners-display-component---NewPartner","properties":{"src":{"regex":{"source":"slim\\-arrow\\-down"}}},"ancestor":{"controlType":"sap.m.ComboBox","viewName":"etm.portal.ui.managepartners.view.NewPartner","viewId":"application-managepartners-display-component---NewPartner","bindingPath":{"path":"","propertyPath":"/CATALOG","modelName":"oNewPartnerModel"}}},"wdio_ui5_key":"etmportal.ui.managepartners.view.NewPartnersap.ui.core.Icon{\"src\":{\"regex\":{\"source\":\"slim\\\\-arrow\\\\-down\"}}}{\"controlType\":\"sap.m.ComboBox\",\"viewName\":\"etm.portal.ui.managepartners.view.NewPartner\",\"viewId\":\"application-managepartners-display-component---NewPartner\",\"bindingPath\":{\"path\":\"\",\"propertyPath\":\"/CATALOG\",\"modelName\":\"oNewPartnerModel\"}}"}]}
RESULT: {"script":"<script> [1562 bytes]","args":[{"selector":{"controlType":"sap.ui.core.Icon","viewName":"etm.portal.ui.managepartners.view.NewPartner","viewId":"application-managepartners-display-component---NewPartner","properties":{"src":{"regex":{"source":"slim\\-arrow\\-down"}}},"ancestor":{"controlType":"sap.m.ComboBox","viewName":"etm.portal.ui.managepartners.view.NewPartner","viewId":"application-managepartners-display-component---NewPartner","bindingPath":{"path":"","propertyPath":"/CATALOG","modelName":"oNewPartnerModel"}}},"wdio_ui5_key":"etmportal.ui.managepartners.view.NewPartnersap.ui.core.Icon{\"src\":{\"regex\":{\"source\":\"slim\\\\-arrow\\\\-down\"}}}{\"controlType\":\"sap.m.ComboBox\",\"viewName\":\"etm.portal.ui.managepartners.view.NewPartner\",\"viewId\":\"application-managepartners-display-component---NewPartner\",\"bindingPath\":{\"path\":\"\",\"propertyPath\":\"/CATALOG\",\"modelName\":\"oNewPartnerModel\"}}"}]}
RESULT: undefined
COMMAND: POST /session/637de528f4e604e156fb3e125ad907fc/element - {"using":"xpath","value":"//*[@id=\"__box22-arrow\"]"}
RESULT: {"using":"xpath","value":"//*[@id=\"__box22-arrow\"]"}
COMMAND: POST /session/637de528f4e604e156fb3e125ad907fc/element/f.71948811B2353B7E36D356F88F4B3924.d.35035944C3C1C45FB00158CC609A0C05.e.1476/click - {}
RESULT: {}
COMMAND: GET /session/637de528f4e604e156fb3e125ad907fc/screenshot - {}
RESULT: {}
COMMAND: POST /session/637de528f4e604e156fb3e125ad907fc/element - {"using":"xpath","value":"//ul[contains(@id,\"popup-list-listUl\")]//li[.//span[text()= \"Webshop Catalog\"]]"}
RESULT: {"using":"xpath","value":"//ul[contains(@id,\"popup-list-listUl\")]//li[.//span[text()= \"Webshop Catalog\"]]"}
COMMAND: POST /session/637de528f4e604e156fb3e125ad907fc/element/f.71948811B2353B7E36D356F88F4B3924.d.35035944C3C1C45FB00158CC609A0C05.e.1517/click - {}
RESULT: {}
COMMAND: GET /session/637de528f4e604e156fb3e125ad907fc/screenshot - {}
RESULT: {}
COMMAND: POST /session/637de528f4e604e156fb3e125ad907fc/execute/async - {"script":"<script> [1562 bytes]","args":[{"selector":{"id":"application-managepartners-display-component---NewPartner--btnAddTableRow-img"},"wdio_ui5_key":"applicationmanagepartners-display-component---NewPartner--btnAddTableRow-img"}]}
RESULT: {"script":"<script> [1562 bytes]","args":[{"selector":{"id":"application-managepartners-display-component---NewPartner--btnAddTableRow-img"},"wdio_ui5_key":"applicationmanagepartners-display-component---NewPartner--btnAddTableRow-img"}]}
RESULT: undefined
COMMAND: POST /session/637de528f4e604e156fb3e125ad907fc/element - {"using":"xpath","value":"//*[@id=\"application-managepartners-display-component---NewPartner--btnAddTableRow-img\"]"}
RESULT: {"using":"xpath","value":"//*[@id=\"application-managepartners-display-component---NewPartner--btnAddTableRow-img\"]"}
COMMAND: POST /session/637de528f4e604e156fb3e125ad907fc/element/f.71948811B2353B7E36D356F88F4B3924.d.35035944C3C1C45FB00158CC609A0C05.e.1518/click - {}
RESULT: {}
COMMAND: GET /session/637de528f4e604e156fb3e125ad907fc/screenshot - {}
RESULT: {}
COMMAND: POST /session/637de528f4e604e156fb3e125ad907fc/element - {"using":"xpath","value":"//input[@id=\"application-managepartners-display-component---NewPartner--assignmentYard-application-managepartners-display-component---NewPartner--assignmentsTable-0-inner\"]"}
RESULT: {"using":"xpath","value":"//input[@id=\"application-managepartners-display-component---NewPartner--assignmentYard-application-managepartners-display-component---NewPartner--assignmentsTable-0-inner\"]"}
COMMAND: POST /session/637de528f4e604e156fb3e125ad907fc/element/f.71948811B2353B7E36D356F88F4B3924.d.35035944C3C1C45FB00158CC609A0C05.e.1521/clear - {}
RESULT: {}
COMMAND: POST /session/637de528f4e604e156fb3e125ad907fc/element/f.71948811B2353B7E36D356F88F4B3924.d.35035944C3C1C45FB00158CC609A0C05.e.1521/value - {"text":"507"}
COMMAND: GET /session/637de528f4e604e156fb3e125ad907fc/screenshot - {}
RESULT: {"text":"507"}
COMMAND: GET /session/637de528f4e604e156fb3e125ad907fc/screenshot - {}
RESULT: {}
RESULT: {}
COMMAND: POST /session/637de528f4e604e156fb3e125ad907fc/element - {"using":"xpath","value":"//li[.//span[text()='507']]"}
RESULT: {"using":"xpath","value":"//li[.//span[text()='507']]"}
COMMAND: POST /session/637de528f4e604e156fb3e125ad907fc/element/f.71948811B2353B7E36D356F88F4B3924.d.35035944C3C1C45FB00158CC609A0C05.e.1529/click - {}
RESULT: {}
COMMAND: GET /session/637de528f4e604e156fb3e125ad907fc/screenshot - {}
RESULT: {}
COMMAND: POST /session/637de528f4e604e156fb3e125ad907fc/actions - {"actions":[{"id":"action2","type":"key","parameters":{},"actions":[{"type":"keyDown","value":""},{"type":"pause","duration":10},{"type":"keyUp","value":""}]}]}
RESULT: {"actions":[{"id":"action2","type":"key","parameters":{},"actions":[{"type":"keyDown","value":""},{"type":"pause","duration":10},{"type":"keyUp","value":""}]}]}
COMMAND: POST /session/637de528f4e604e156fb3e125ad907fc/element - {"using":"xpath","value":"//td[contains(@id, \"assignmentsTable-0-cell2\")]/div/div"}
COMMAND: GET /session/637de528f4e604e156fb3e125ad907fc/screenshot - {}
RESULT: {"using":"xpath","value":"//td[contains(@id, \"assignmentsTable-0-cell2\")]/div/div"}
COMMAND: POST /session/637de528f4e604e156fb3e125ad907fc/element/f.71948811B2353B7E36D356F88F4B3924.d.35035944C3C1C45FB00158CC609A0C05.e.1532/click - {}
RESULT: {}
RESULT: {}
COMMAND: GET /session/637de528f4e604e156fb3e125ad907fc/screenshot - {}
RESULT: {}
COMMAND: POST /session/637de528f4e604e156fb3e125ad907fc/element - {"using":"xpath","value":"//button[@data-kt=\"saveButton\"]"}
RESULT: {"using":"xpath","value":"//button[@data-kt=\"saveButton\"]"}
COMMAND: POST /session/637de528f4e604e156fb3e125ad907fc/element/f.71948811B2353B7E36D356F88F4B3924.d.35035944C3C1C45FB00158CC609A0C05.e.1477/click - {}
RESULT: {}
COMMAND: GET /session/637de528f4e604e156fb3e125ad907fc/screenshot - {}
RESULT: {}
COMMAND: POST /session/637de528f4e604e156fb3e125ad907fc/element - {"using":"xpath","value":"//header[contains(@id, 'ObjectPageLayout-headerTitle')]/div[1]/div[2]/div[2]/span[1]"}
RESULT: {"using":"xpath","value":"//header[contains(@id, 'ObjectPageLayout-headerTitle')]/div[1]/div[2]/div[2]/span[1]"}
COMMAND: POST /session/637de528f4e604e156fb3e125ad907fc/elements - {"using":"xpath","value":"//header[contains(@id, 'ObjectPageLayout-headerTitle')]/div[1]/div[2]/div[2]/span[1]"}
RESULT: {"using":"xpath","value":"//header[contains(@id, 'ObjectPageLayout-headerTitle')]/div[1]/div[2]/div[2]/span[1]"}
COMMAND: POST /session/637de528f4e604e156fb3e125ad907fc/execute/sync - {"script":"<script> [56 bytes]","args":[{"element-6066-11e4-a52e-4f735466cecf":"f.71948811B2353B7E36D356F88F4B3924.d.35035944C3C1C45FB00158CC609A0C05.e.1693","ELEMENT":"f.71948811B2353B7E36D356F88F4B3924.d.35035944C3C1C45FB00158CC609A0C05.e.1693"}]}
RESULT: {"script":"<script> [56 bytes]","args":[{"element-6066-11e4-a52e-4f735466cecf":"f.71948811B2353B7E36D356F88F4B3924.d.35035944C3C1C45FB00158CC609A0C05.e.1693","ELEMENT":"f.71948811B2353B7E36D356F88F4B3924.d.35035944C3C1C45FB00158CC609A0C05.e.1693"}]}
COMMAND: POST /session/637de528f4e604e156fb3e125ad907fc/element - {"using":"css selector","value":"#shell-header-logo"}
COMMAND: GET /session/637de528f4e604e156fb3e125ad907fc/screenshot - {}
RESULT: {"using":"css selector","value":"#shell-header-logo"}
COMMAND: POST /session/637de528f4e604e156fb3e125ad907fc/element/f.71948811B2353B7E36D356F88F4B3924.d.35035944C3C1C45FB00158CC609A0C05.e.1007/click - {}
RESULT: {}
RESULT: {}
COMMAND: GET /session/637de528f4e604e156fb3e125ad907fc/screenshot - {}
RESULT: {}
COMMAND: POST /session/637de528f4e604e156fb3e125ad907fc/execute/sync - {"script":"<script> [299 bytes]","args":[["getModel","getResource"]]}
RESULT: {"script":"<script> [299 bytes]","args":[["getModel","getResource"]]}
]]></system-out>
    </testcase>
    <testcase classname="chrome.136_0_7103_93.windows.Partner_specific_tests_US150819_US151080_US151654_US151176_US103444_US151078_US151079_US151109_US151174_US151175_US151189" name="Should filter and search partners US151080" time="97.009">
      <system-out><![CDATA[
COMMAND: POST /session/637de528f4e604e156fb3e125ad907fc/element - {"using":"xpath","value":"//li[.//span[text()=\"Manage Partners\"]]"}
COMMAND: GET /session/637de528f4e604e156fb3e125ad907fc/screenshot - {}
RESULT: {"using":"xpath","value":"//li[.//span[text()=\"Manage Partners\"]]"}
COMMAND: POST /session/637de528f4e604e156fb3e125ad907fc/element - {"using":"xpath","value":"//li[.//span[text()=\"Manage Partners\"]]"}
RESULT: {}
RESULT: {"using":"xpath","value":"//li[.//span[text()=\"Manage Partners\"]]"}
COMMAND: POST /session/637de528f4e604e156fb3e125ad907fc/element - {"using":"css selector","value":"#shell-header-logo"}
RESULT: {"using":"css selector","value":"#shell-header-logo"}
COMMAND: POST /session/637de528f4e604e156fb3e125ad907fc/element/f.71948811B2353B7E36D356F88F4B3924.d.35035944C3C1C45FB00158CC609A0C05.e.1695/click - {}
COMMAND: POST /session/637de528f4e604e156fb3e125ad907fc/execute/sync - {"script":"<script> [8489 bytes]","args":[{"element-6066-11e4-a52e-4f735466cecf":"f.71948811B2353B7E36D356F88F4B3924.d.35035944C3C1C45FB00158CC609A0C05.e.1695","ELEMENT":"f.71948811B2353B7E36D356F88F4B3924.d.35035944C3C1C45FB00158CC609A0C05.e.1695"}]}
RESULT: {}
COMMAND: GET /session/637de528f4e604e156fb3e125ad907fc/screenshot - {}
RESULT: {"script":"<script> [8489 bytes]","args":[{"element-6066-11e4-a52e-4f735466cecf":"f.71948811B2353B7E36D356F88F4B3924.d.35035944C3C1C45FB00158CC609A0C05.e.1695","ELEMENT":"f.71948811B2353B7E36D356F88F4B3924.d.35035944C3C1C45FB00158CC609A0C05.e.1695"}]}
COMMAND: POST /session/637de528f4e604e156fb3e125ad907fc/execute/sync - {"script":"<script> [5351 bytes]","args":[{"element-6066-11e4-a52e-4f735466cecf":"f.71948811B2353B7E36D356F88F4B3924.d.35035944C3C1C45FB00158CC609A0C05.e.1695","ELEMENT":"f.71948811B2353B7E36D356F88F4B3924.d.35035944C3C1C45FB00158CC609A0C05.e.1695"}]}
COMMAND: GET /session/637de528f4e604e156fb3e125ad907fc/screenshot - {}
RESULT: {}
RESULT: {"script":"<script> [5351 bytes]","args":[{"element-6066-11e4-a52e-4f735466cecf":"f.71948811B2353B7E36D356F88F4B3924.d.35035944C3C1C45FB00158CC609A0C05.e.1695","ELEMENT":"f.71948811B2353B7E36D356F88F4B3924.d.35035944C3C1C45FB00158CC609A0C05.e.1695"}]}
COMMAND: GET /session/637de528f4e604e156fb3e125ad907fc/screenshot - {}
RESULT: {}
RESULT: {}
RESULT: undefined
COMMAND: POST /session/637de528f4e604e156fb3e125ad907fc/element - {"using":"xpath","value":"//*[@id=\"__tile38\"]"}
RESULT: {"using":"xpath","value":"//*[@id=\"__tile38\"]"}
COMMAND: POST /session/637de528f4e604e156fb3e125ad907fc/element/f.71948811B2353B7E36D356F88F4B3924.d.35035944C3C1C45FB00158CC609A0C05.e.153/click - {}
RESULT: {}
COMMAND: GET /session/637de528f4e604e156fb3e125ad907fc/screenshot - {}
COMMAND: POST /session/637de528f4e604e156fb3e125ad907fc/elements - {"using":"xpath","value":"//span[text()='Error']"}
RESULT: {}
RESULT: {"using":"xpath","value":"//span[text()='Error']"}
COMMAND: POST /session/637de528f4e604e156fb3e125ad907fc/element - {"using":"xpath","value":"//button[@data-kt=\"addButton\"]"}
RESULT: {"using":"xpath","value":"//button[@data-kt=\"addButton\"]"}
COMMAND: POST /session/637de528f4e604e156fb3e125ad907fc/elements - {"using":"xpath","value":"//button[@data-kt=\"addButton\"]"}
RESULT: {"using":"xpath","value":"//button[@data-kt=\"addButton\"]"}
COMMAND: POST /session/637de528f4e604e156fb3e125ad907fc/execute/sync - {"script":"<script> [8489 bytes]","args":[{"element-6066-11e4-a52e-4f735466cecf":"f.71948811B2353B7E36D356F88F4B3924.d.35035944C3C1C45FB00158CC609A0C05.e.1740","ELEMENT":"f.71948811B2353B7E36D356F88F4B3924.d.35035944C3C1C45FB00158CC609A0C05.e.1740"}]}
RESULT: {"script":"<script> [8489 bytes]","args":[{"element-6066-11e4-a52e-4f735466cecf":"f.71948811B2353B7E36D356F88F4B3924.d.35035944C3C1C45FB00158CC609A0C05.e.1740","ELEMENT":"f.71948811B2353B7E36D356F88F4B3924.d.35035944C3C1C45FB00158CC609A0C05.e.1740"}]}
COMMAND: GET /session/637de528f4e604e156fb3e125ad907fc/element/f.71948811B2353B7E36D356F88F4B3924.d.35035944C3C1C45FB00158CC609A0C05.e.1740/enabled - {}
COMMAND: GET /session/637de528f4e604e156fb3e125ad907fc/screenshot - {}
RESULT: {}
COMMAND: POST /session/637de528f4e604e156fb3e125ad907fc/execute/sync - {"script":"<script> [8489 bytes]","args":[{"element-6066-11e4-a52e-4f735466cecf":"f.71948811B2353B7E36D356F88F4B3924.d.35035944C3C1C45FB00158CC609A0C05.e.1740","ELEMENT":"f.71948811B2353B7E36D356F88F4B3924.d.35035944C3C1C45FB00158CC609A0C05.e.1740"}]}
COMMAND: GET /session/637de528f4e604e156fb3e125ad907fc/screenshot - {}
RESULT: {}
RESULT: {"script":"<script> [8489 bytes]","args":[{"element-6066-11e4-a52e-4f735466cecf":"f.71948811B2353B7E36D356F88F4B3924.d.35035944C3C1C45FB00158CC609A0C05.e.1740","ELEMENT":"f.71948811B2353B7E36D356F88F4B3924.d.35035944C3C1C45FB00158CC609A0C05.e.1740"}]}
COMMAND: POST /session/637de528f4e604e156fb3e125ad907fc/execute/sync - {"script":"<script> [5351 bytes]","args":[{"element-6066-11e4-a52e-4f735466cecf":"f.71948811B2353B7E36D356F88F4B3924.d.35035944C3C1C45FB00158CC609A0C05.e.1740","ELEMENT":"f.71948811B2353B7E36D356F88F4B3924.d.35035944C3C1C45FB00158CC609A0C05.e.1740"}]}
COMMAND: GET /session/637de528f4e604e156fb3e125ad907fc/screenshot - {}
RESULT: {}
RESULT: {"script":"<script> [5351 bytes]","args":[{"element-6066-11e4-a52e-4f735466cecf":"f.71948811B2353B7E36D356F88F4B3924.d.35035944C3C1C45FB00158CC609A0C05.e.1740","ELEMENT":"f.71948811B2353B7E36D356F88F4B3924.d.35035944C3C1C45FB00158CC609A0C05.e.1740"}]}
COMMAND: GET /session/637de528f4e604e156fb3e125ad907fc/screenshot - {}
RESULT: {}
RESULT: {}
COMMAND: POST /session/637de528f4e604e156fb3e125ad907fc/execute/async - {"script":"<script> [1562 bytes]","args":[{"selector":{"id":"application-managepartners-display-component---masterPtm--smartTable-btnPersonalisation-img"},"wdio_ui5_key":"applicationmanagepartners-display-component---masterPtm--smartTable-btnPersonalisation-img"}]}
RESULT: {"script":"<script> [1562 bytes]","args":[{"selector":{"id":"application-managepartners-display-component---masterPtm--smartTable-btnPersonalisation-img"},"wdio_ui5_key":"applicationmanagepartners-display-component---masterPtm--smartTable-btnPersonalisation-img"}]}
RESULT: undefined
COMMAND: POST /session/637de528f4e604e156fb3e125ad907fc/element - {"using":"xpath","value":"//*[@id=\"application-managepartners-display-component---masterPtm--smartTable-btnPersonalisation-img\"]"}
RESULT: {"using":"xpath","value":"//*[@id=\"application-managepartners-display-component---masterPtm--smartTable-btnPersonalisation-img\"]"}
COMMAND: POST /session/637de528f4e604e156fb3e125ad907fc/element/f.71948811B2353B7E36D356F88F4B3924.d.35035944C3C1C45FB00158CC609A0C05.e.1745/click - {}
RESULT: {}
COMMAND: GET /session/637de528f4e604e156fb3e125ad907fc/screenshot - {}
RESULT: {}
COMMAND: POST /session/637de528f4e604e156fb3e125ad907fc/execute/async - {"script":"<script> [1562 bytes]","args":[{"selector":{"controlType":"sap.m.IconTabFilter","viewName":"etm.portal.ui.managepartners.view.Master","viewId":"application-managepartners-display-component---masterPtm","properties":{"text":"Sort"},"searchOpenDialogs":true,"interaction":{"idSuffix":"text"}},"wdio_ui5_key":"etmportal.ui.managepartners.view.Mastersap.m.IconTabFilter{\"text\":\"Sort\"}"}]}
RESULT: {"script":"<script> [1562 bytes]","args":[{"selector":{"controlType":"sap.m.IconTabFilter","viewName":"etm.portal.ui.managepartners.view.Master","viewId":"application-managepartners-display-component---masterPtm","properties":{"text":"Sort"},"searchOpenDialogs":true,"interaction":{"idSuffix":"text"}},"wdio_ui5_key":"etmportal.ui.managepartners.view.Mastersap.m.IconTabFilter{\"text\":\"Sort\"}"}]}
RESULT: undefined
COMMAND: POST /session/637de528f4e604e156fb3e125ad907fc/element - {"using":"xpath","value":"//*[@id=\"__filter1\"]"}
RESULT: {"using":"xpath","value":"//*[@id=\"__filter1\"]"}
COMMAND: POST /session/637de528f4e604e156fb3e125ad907fc/element/f.71948811B2353B7E36D356F88F4B3924.d.35035944C3C1C45FB00158CC609A0C05.e.1887/click - {}
RESULT: {}
COMMAND: GET /session/637de528f4e604e156fb3e125ad907fc/screenshot - {}
RESULT: {}
COMMAND: POST /session/637de528f4e604e156fb3e125ad907fc/element - {"using":"xpath","value":"//input[@placeholder=\"Sort by\"]/following-sibling::div//span"}
RESULT: {"using":"xpath","value":"//input[@placeholder=\"Sort by\"]/following-sibling::div//span"}
COMMAND: POST /session/637de528f4e604e156fb3e125ad907fc/element/f.71948811B2353B7E36D356F88F4B3924.d.35035944C3C1C45FB00158CC609A0C05.e.1889/click - {}
RESULT: {}
COMMAND: GET /session/637de528f4e604e156fb3e125ad907fc/screenshot - {}
RESULT: {}
COMMAND: POST /session/637de528f4e604e156fb3e125ad907fc/element - {"using":"xpath","value":"//li[.//span[text()=\"Language\"]]"}
RESULT: {"using":"xpath","value":"//li[.//span[text()=\"Language\"]]"}
COMMAND: POST /session/637de528f4e604e156fb3e125ad907fc/element/f.71948811B2353B7E36D356F88F4B3924.d.35035944C3C1C45FB00158CC609A0C05.e.1890/click - {}
RESULT: {}
COMMAND: GET /session/637de528f4e604e156fb3e125ad907fc/screenshot - {}
RESULT: {}
COMMAND: POST /session/637de528f4e604e156fb3e125ad907fc/element - {"using":"xpath","value":"//bdi[contains(text(), \"OK\")]"}
RESULT: {"using":"xpath","value":"//bdi[contains(text(), \"OK\")]"}
COMMAND: POST /session/637de528f4e604e156fb3e125ad907fc/element/f.71948811B2353B7E36D356F88F4B3924.d.35035944C3C1C45FB00158CC609A0C05.e.1894/click - {}
RESULT: {}
COMMAND: GET /session/637de528f4e604e156fb3e125ad907fc/screenshot - {}
RESULT: {}
COMMAND: POST /session/637de528f4e604e156fb3e125ad907fc/element - {"using":"xpath","value":"//table[contains(@id, \"customPartnersTable\")]//tbody/tr[1]/td[3]/span"}
RESULT: {"using":"xpath","value":"//table[contains(@id, \"customPartnersTable\")]//tbody/tr[1]/td[3]/span"}
COMMAND: POST /session/637de528f4e604e156fb3e125ad907fc/execute/sync - {"script":"<script> [56 bytes]","args":[{"element-6066-11e4-a52e-4f735466cecf":"f.71948811B2353B7E36D356F88F4B3924.d.35035944C3C1C45FB00158CC609A0C05.e.2003","ELEMENT":"f.71948811B2353B7E36D356F88F4B3924.d.35035944C3C1C45FB00158CC609A0C05.e.2003"}]}
RESULT: {"script":"<script> [56 bytes]","args":[{"element-6066-11e4-a52e-4f735466cecf":"f.71948811B2353B7E36D356F88F4B3924.d.35035944C3C1C45FB00158CC609A0C05.e.2003","ELEMENT":"f.71948811B2353B7E36D356F88F4B3924.d.35035944C3C1C45FB00158CC609A0C05.e.2003"}]}
RESULT: undefined
COMMAND: POST /session/637de528f4e604e156fb3e125ad907fc/element - {"using":"xpath","value":"//*[@id=\"application-managepartners-display-component---masterPtm--smartTable-btnPersonalisation-img\"]"}
COMMAND: GET /session/637de528f4e604e156fb3e125ad907fc/screenshot - {}
RESULT: {"using":"xpath","value":"//*[@id=\"application-managepartners-display-component---masterPtm--smartTable-btnPersonalisation-img\"]"}
COMMAND: POST /session/637de528f4e604e156fb3e125ad907fc/element/f.71948811B2353B7E36D356F88F4B3924.d.35035944C3C1C45FB00158CC609A0C05.e.1745/click - {}
RESULT: {}
RESULT: {}
COMMAND: GET /session/637de528f4e604e156fb3e125ad907fc/screenshot - {}
RESULT: {}
COMMAND: POST /session/637de528f4e604e156fb3e125ad907fc/element - {"using":"xpath","value":"//bdi[contains(text(), \"Reset\")]"}
RESULT: {"using":"xpath","value":"//bdi[contains(text(), \"Reset\")]"}
COMMAND: POST /session/637de528f4e604e156fb3e125ad907fc/element/f.71948811B2353B7E36D356F88F4B3924.d.35035944C3C1C45FB00158CC609A0C05.e.2008/click - {}
RESULT: {}
COMMAND: GET /session/637de528f4e604e156fb3e125ad907fc/screenshot - {}
RESULT: {}
COMMAND: POST /session/637de528f4e604e156fb3e125ad907fc/element - {"using":"xpath","value":"(//bdi[contains(text(), \"OK\")])[2]"}
RESULT: {"using":"xpath","value":"(//bdi[contains(text(), \"OK\")])[2]"}
COMMAND: POST /session/637de528f4e604e156fb3e125ad907fc/element/f.71948811B2353B7E36D356F88F4B3924.d.35035944C3C1C45FB00158CC609A0C05.e.2010/click - {}
RESULT: {}
COMMAND: GET /session/637de528f4e604e156fb3e125ad907fc/screenshot - {}
RESULT: {}
COMMAND: POST /session/637de528f4e604e156fb3e125ad907fc/element - {"using":"xpath","value":"//bdi[contains(text(), \"OK\")]"}
RESULT: {"using":"xpath","value":"//bdi[contains(text(), \"OK\")]"}
COMMAND: POST /session/637de528f4e604e156fb3e125ad907fc/element/f.71948811B2353B7E36D356F88F4B3924.d.35035944C3C1C45FB00158CC609A0C05.e.2059/click - {}
RESULT: {}
COMMAND: GET /session/637de528f4e604e156fb3e125ad907fc/screenshot - {}
RESULT: {}
COMMAND: POST /session/637de528f4e604e156fb3e125ad907fc/element - {"using":"xpath","value":"//table[contains(@id, \"customPartnersTable\")]//tbody/tr[1]/td[3]/span"}
RESULT: {"using":"xpath","value":"//table[contains(@id, \"customPartnersTable\")]//tbody/tr[1]/td[3]/span"}
COMMAND: POST /session/637de528f4e604e156fb3e125ad907fc/execute/sync - {"script":"<script> [56 bytes]","args":[{"element-6066-11e4-a52e-4f735466cecf":"f.71948811B2353B7E36D356F88F4B3924.d.35035944C3C1C45FB00158CC609A0C05.e.2061","ELEMENT":"f.71948811B2353B7E36D356F88F4B3924.d.35035944C3C1C45FB00158CC609A0C05.e.2061"}]}
RESULT: {"script":"<script> [56 bytes]","args":[{"element-6066-11e4-a52e-4f735466cecf":"f.71948811B2353B7E36D356F88F4B3924.d.35035944C3C1C45FB00158CC609A0C05.e.2061","ELEMENT":"f.71948811B2353B7E36D356F88F4B3924.d.35035944C3C1C45FB00158CC609A0C05.e.2061"}]}
RESULT: undefined
COMMAND: POST /session/637de528f4e604e156fb3e125ad907fc/element - {"using":"xpath","value":"//*[@id=\"application-managepartners-display-component---masterPtm--smartTable-btnPersonalisation-img\"]"}
COMMAND: GET /session/637de528f4e604e156fb3e125ad907fc/screenshot - {}
RESULT: {"using":"xpath","value":"//*[@id=\"application-managepartners-display-component---masterPtm--smartTable-btnPersonalisation-img\"]"}
COMMAND: POST /session/637de528f4e604e156fb3e125ad907fc/element/f.71948811B2353B7E36D356F88F4B3924.d.35035944C3C1C45FB00158CC609A0C05.e.1745/click - {}
RESULT: {}
RESULT: {}
COMMAND: GET /session/637de528f4e604e156fb3e125ad907fc/screenshot - {}
RESULT: {}
COMMAND: POST /session/637de528f4e604e156fb3e125ad907fc/execute/async - {"script":"<script> [1562 bytes]","args":[{"selector":{"controlType":"sap.m.IconTabFilter","viewName":"etm.portal.ui.managepartners.view.Master","viewId":"application-managepartners-display-component---masterPtm","properties":{"text":"Filter"},"searchOpenDialogs":true,"interaction":{"idSuffix":"text"}},"wdio_ui5_key":"etmportal.ui.managepartners.view.Mastersap.m.IconTabFilter{\"text\":\"Filter\"}"}]}
RESULT: {"script":"<script> [1562 bytes]","args":[{"selector":{"controlType":"sap.m.IconTabFilter","viewName":"etm.portal.ui.managepartners.view.Master","viewId":"application-managepartners-display-component---masterPtm","properties":{"text":"Filter"},"searchOpenDialogs":true,"interaction":{"idSuffix":"text"}},"wdio_ui5_key":"etmportal.ui.managepartners.view.Mastersap.m.IconTabFilter{\"text\":\"Filter\"}"}]}
RESULT: undefined
COMMAND: POST /session/637de528f4e604e156fb3e125ad907fc/element - {"using":"xpath","value":"//*[@id=\"__filter10\"]"}
RESULT: {"using":"xpath","value":"//*[@id=\"__filter10\"]"}
COMMAND: POST /session/637de528f4e604e156fb3e125ad907fc/element/f.71948811B2353B7E36D356F88F4B3924.d.35035944C3C1C45FB00158CC609A0C05.e.2066/click - {}
RESULT: {}
COMMAND: GET /session/637de528f4e604e156fb3e125ad907fc/screenshot - {}
RESULT: {}
COMMAND: POST /session/637de528f4e604e156fb3e125ad907fc/element - {"using":"xpath","value":"//input[@placeholder=\"Filter by\"]/following-sibling::div//span"}
RESULT: {"using":"xpath","value":"//input[@placeholder=\"Filter by\"]/following-sibling::div//span"}
COMMAND: POST /session/637de528f4e604e156fb3e125ad907fc/element/f.71948811B2353B7E36D356F88F4B3924.d.35035944C3C1C45FB00158CC609A0C05.e.2068/click - {}
RESULT: {}
COMMAND: GET /session/637de528f4e604e156fb3e125ad907fc/screenshot - {}
RESULT: {}
COMMAND: POST /session/637de528f4e604e156fb3e125ad907fc/element - {"using":"xpath","value":"//li[.//span[text()=\"Preferred Yard\"]]"}
RESULT: {"using":"xpath","value":"//li[.//span[text()=\"Preferred Yard\"]]"}
COMMAND: POST /session/637de528f4e604e156fb3e125ad907fc/element/f.71948811B2353B7E36D356F88F4B3924.d.35035944C3C1C45FB00158CC609A0C05.e.2069/click - {}
RESULT: {}
COMMAND: GET /session/637de528f4e604e156fb3e125ad907fc/screenshot - {}
RESULT: {}
COMMAND: POST /session/637de528f4e604e156fb3e125ad907fc/execute/async - {"script":"<script> [1562 bytes]","args":[{"selector":{"id":"FilterPanel-filterItemControl_BASIC-application-managepartners-display-component---masterPtm--smartTable-YARDYARD-vhi","searchOpenDialogs":true},"wdio_ui5_key":"FilterPanelfilterItemControl_BASIC-application-managepartners-display-component---masterPtm--smartTable-YARDYARD-vhi"}]}
RESULT: {"script":"<script> [1562 bytes]","args":[{"selector":{"id":"FilterPanel-filterItemControl_BASIC-application-managepartners-display-component---masterPtm--smartTable-YARDYARD-vhi","searchOpenDialogs":true},"wdio_ui5_key":"FilterPanelfilterItemControl_BASIC-application-managepartners-display-component---masterPtm--smartTable-YARDYARD-vhi"}]}
RESULT: undefined
COMMAND: POST /session/637de528f4e604e156fb3e125ad907fc/element - {"using":"xpath","value":"//*[@id=\"FilterPanel-filterItemControl_BASIC-application-managepartners-display-component---masterPtm--smartTable-YARDYARD-vhi\"]"}
RESULT: {"using":"xpath","value":"//*[@id=\"FilterPanel-filterItemControl_BASIC-application-managepartners-display-component---masterPtm--smartTable-YARDYARD-vhi\"]"}
COMMAND: POST /session/637de528f4e604e156fb3e125ad907fc/element/f.71948811B2353B7E36D356F88F4B3924.d.35035944C3C1C45FB00158CC609A0C05.e.2072/click - {}
RESULT: {}
COMMAND: GET /session/637de528f4e604e156fb3e125ad907fc/screenshot - {}
RESULT: {}
COMMAND: POST /session/637de528f4e604e156fb3e125ad907fc/execute/async - {"script":"<script> [1562 bytes]","args":[{"selector":{"id":"FilterPanel-filterItemControl_BASIC-application-managepartners-display-component---masterPtm--smartTable-YARDYARD-valueHelpDialog-smartFilterBar-btnBasicSearch","searchOpenDialogs":true,"interaction":{"idSuffix":"I"}},"wdio_ui5_key":"FilterPanelfilterItemControl_BASIC-application-managepartners-display-component---masterPtm--smartTable-YARDYARD-valueHelpDialog-smartFilterBar-btnBasicSearch"}]}
RESULT: {"script":"<script> [1562 bytes]","args":[{"selector":{"id":"FilterPanel-filterItemControl_BASIC-application-managepartners-display-component---masterPtm--smartTable-YARDYARD-valueHelpDialog-smartFilterBar-btnBasicSearch","searchOpenDialogs":true,"interaction":{"idSuffix":"I"}},"wdio_ui5_key":"FilterPanelfilterItemControl_BASIC-application-managepartners-display-component---masterPtm--smartTable-YARDYARD-valueHelpDialog-smartFilterBar-btnBasicSearch"}]}
RESULT: undefined
COMMAND: POST /session/637de528f4e604e156fb3e125ad907fc/execute/async - {"script":"<script> [776 bytes]","args":[{"enterText":"507","selector":{"id":"FilterPanel-filterItemControl_BASIC-application-managepartners-display-component---masterPtm--smartTable-YARDYARD-valueHelpDialog-smartFilterBar-btnBasicSearch","searchOpenDialogs":true,"interaction":{"idSuffix":"I"}},"clearTextFirst":true,"interactionType":"ENTER_TEXT"}]}
RESULT: {"script":"<script> [776 bytes]","args":[{"enterText":"507","selector":{"id":"FilterPanel-filterItemControl_BASIC-application-managepartners-display-component---masterPtm--smartTable-YARDYARD-valueHelpDialog-smartFilterBar-btnBasicSearch","searchOpenDialogs":true,"interaction":{"idSuffix":"I"}},"clearTextFirst":true,"interactionType":"ENTER_TEXT"}]}
COMMAND: POST /session/637de528f4e604e156fb3e125ad907fc/actions - {"actions":[{"id":"action3","type":"key","parameters":{},"actions":[{"type":"keyDown","value":""},{"type":"pause","duration":10},{"type":"keyUp","value":""}]}]}
RESULT: {"actions":[{"id":"action3","type":"key","parameters":{},"actions":[{"type":"keyDown","value":""},{"type":"pause","duration":10},{"type":"keyUp","value":""}]}]}
COMMAND: GET /session/637de528f4e604e156fb3e125ad907fc/screenshot - {}
RESULT: {}
COMMAND: POST /session/637de528f4e604e156fb3e125ad907fc/elements - {"using":"xpath","value":"//table[contains(@id, \"smartTable-YARDYARD-valueHelpDialog-table-table\")]/tbody/tr"}
RESULT: {"using":"xpath","value":"//table[contains(@id, \"smartTable-YARDYARD-valueHelpDialog-table-table\")]/tbody/tr"}
COMMAND: POST /session/637de528f4e604e156fb3e125ad907fc/element - {"using":"xpath","value":"//table[contains(@id, \"smartTable-YARDYARD-valueHelpDialog-table-table\")]/tbody/tr[1]/td[1]/div/span"}
RESULT: {"using":"xpath","value":"//table[contains(@id, \"smartTable-YARDYARD-valueHelpDialog-table-table\")]/tbody/tr[1]/td[1]/div/span"}
COMMAND: POST /session/637de528f4e604e156fb3e125ad907fc/elements - {"using":"xpath","value":"//table[contains(@id, \"smartTable-YARDYARD-valueHelpDialog-table-table\")]/tbody/tr[1]/td[1]/div/span"}
RESULT: {"using":"xpath","value":"//table[contains(@id, \"smartTable-YARDYARD-valueHelpDialog-table-table\")]/tbody/tr[1]/td[1]/div/span"}
COMMAND: POST /session/637de528f4e604e156fb3e125ad907fc/execute/sync - {"script":"<script> [56 bytes]","args":[{"element-6066-11e4-a52e-4f735466cecf":"f.71948811B2353B7E36D356F88F4B3924.d.35035944C3C1C45FB00158CC609A0C05.e.2091","ELEMENT":"f.71948811B2353B7E36D356F88F4B3924.d.35035944C3C1C45FB00158CC609A0C05.e.2091"}]}
RESULT: {"script":"<script> [56 bytes]","args":[{"element-6066-11e4-a52e-4f735466cecf":"f.71948811B2353B7E36D356F88F4B3924.d.35035944C3C1C45FB00158CC609A0C05.e.2091","ELEMENT":"f.71948811B2353B7E36D356F88F4B3924.d.35035944C3C1C45FB00158CC609A0C05.e.2091"}]}
COMMAND: POST /session/637de528f4e604e156fb3e125ad907fc/element - {"using":"xpath","value":"//div[contains(@id, \"YARDYARD-valueHelpDialog-table-rowsel0\")]"}
COMMAND: GET /session/637de528f4e604e156fb3e125ad907fc/screenshot - {}
RESULT: {"using":"xpath","value":"//div[contains(@id, \"YARDYARD-valueHelpDialog-table-rowsel0\")]"}
COMMAND: POST /session/637de528f4e604e156fb3e125ad907fc/element/f.71948811B2353B7E36D356F88F4B3924.d.35035944C3C1C45FB00158CC609A0C05.e.2092/click - {}
RESULT: {}
RESULT: {}
COMMAND: GET /session/637de528f4e604e156fb3e125ad907fc/screenshot - {}
RESULT: {}
COMMAND: POST /session/637de528f4e604e156fb3e125ad907fc/element - {"using":"xpath","value":"(//bdi[contains(text(), \"OK\")])[2]"}
RESULT: {"using":"xpath","value":"(//bdi[contains(text(), \"OK\")])[2]"}
COMMAND: POST /session/637de528f4e604e156fb3e125ad907fc/element/f.71948811B2353B7E36D356F88F4B3924.d.35035944C3C1C45FB00158CC609A0C05.e.2094/click - {}
RESULT: {}
COMMAND: GET /session/637de528f4e604e156fb3e125ad907fc/screenshot - {}
RESULT: {}
COMMAND: POST /session/637de528f4e604e156fb3e125ad907fc/element - {"using":"xpath","value":"//bdi[contains(text(), \"OK\")]"}
RESULT: {"using":"xpath","value":"//bdi[contains(text(), \"OK\")]"}
COMMAND: POST /session/637de528f4e604e156fb3e125ad907fc/element/f.71948811B2353B7E36D356F88F4B3924.d.35035944C3C1C45FB00158CC609A0C05.e.2097/click - {}
RESULT: {}
COMMAND: GET /session/637de528f4e604e156fb3e125ad907fc/screenshot - {}
RESULT: {}
COMMAND: POST /session/637de528f4e604e156fb3e125ad907fc/element - {"using":"xpath","value":"//table[contains(@id, \"customPartnersTable\")]//tbody/tr[1]/td[3]/span"}
RESULT: {"using":"xpath","value":"//table[contains(@id, \"customPartnersTable\")]//tbody/tr[1]/td[3]/span"}
COMMAND: POST /session/637de528f4e604e156fb3e125ad907fc/execute/sync - {"script":"<script> [56 bytes]","args":[{"element-6066-11e4-a52e-4f735466cecf":"f.71948811B2353B7E36D356F88F4B3924.d.35035944C3C1C45FB00158CC609A0C05.e.2061","ELEMENT":"f.71948811B2353B7E36D356F88F4B3924.d.35035944C3C1C45FB00158CC609A0C05.e.2061"}]}
RESULT: {"script":"<script> [56 bytes]","args":[{"element-6066-11e4-a52e-4f735466cecf":"f.71948811B2353B7E36D356F88F4B3924.d.35035944C3C1C45FB00158CC609A0C05.e.2061","ELEMENT":"f.71948811B2353B7E36D356F88F4B3924.d.35035944C3C1C45FB00158CC609A0C05.e.2061"}]}
COMMAND: POST /session/637de528f4e604e156fb3e125ad907fc/element - {"using":"css selector","value":"#shell-header-logo"}
COMMAND: GET /session/637de528f4e604e156fb3e125ad907fc/screenshot - {}
RESULT: {"using":"css selector","value":"#shell-header-logo"}
COMMAND: POST /session/637de528f4e604e156fb3e125ad907fc/element/f.71948811B2353B7E36D356F88F4B3924.d.35035944C3C1C45FB00158CC609A0C05.e.1695/click - {}
RESULT: {}
RESULT: {}
COMMAND: GET /session/637de528f4e604e156fb3e125ad907fc/screenshot - {}
RESULT: {}
]]></system-out>
    </testcase>
    <testcase classname="chrome.136_0_7103_93.windows.Partner_specific_tests_US150819_US151080_US151654_US151176_US103444_US151078_US151079_US151109_US151174_US151175_US151189" name="Should deactivate the created partner in earlier step US151654" time="58.712">
      <system-out><![CDATA[
COMMAND: POST /session/637de528f4e604e156fb3e125ad907fc/element - {"using":"xpath","value":"//li[.//span[text()=\"Manage Partners\"]]"}
RESULT: {"using":"xpath","value":"//li[.//span[text()=\"Manage Partners\"]]"}
COMMAND: POST /session/637de528f4e604e156fb3e125ad907fc/element - {"using":"xpath","value":"//li[.//span[text()=\"Manage Partners\"]]"}
RESULT: {"using":"xpath","value":"//li[.//span[text()=\"Manage Partners\"]]"}
COMMAND: POST /session/637de528f4e604e156fb3e125ad907fc/element - {"using":"css selector","value":"#shell-header-logo"}
RESULT: {"using":"css selector","value":"#shell-header-logo"}
COMMAND: POST /session/637de528f4e604e156fb3e125ad907fc/element/f.71948811B2353B7E36D356F88F4B3924.d.35035944C3C1C45FB00158CC609A0C05.e.2154/click - {}
COMMAND: POST /session/637de528f4e604e156fb3e125ad907fc/execute/sync - {"script":"<script> [8489 bytes]","args":[{"element-6066-11e4-a52e-4f735466cecf":"f.71948811B2353B7E36D356F88F4B3924.d.35035944C3C1C45FB00158CC609A0C05.e.2154","ELEMENT":"f.71948811B2353B7E36D356F88F4B3924.d.35035944C3C1C45FB00158CC609A0C05.e.2154"}]}
RESULT: {}
COMMAND: GET /session/637de528f4e604e156fb3e125ad907fc/screenshot - {}
RESULT: {"script":"<script> [8489 bytes]","args":[{"element-6066-11e4-a52e-4f735466cecf":"f.71948811B2353B7E36D356F88F4B3924.d.35035944C3C1C45FB00158CC609A0C05.e.2154","ELEMENT":"f.71948811B2353B7E36D356F88F4B3924.d.35035944C3C1C45FB00158CC609A0C05.e.2154"}]}
COMMAND: POST /session/637de528f4e604e156fb3e125ad907fc/execute/sync - {"script":"<script> [5351 bytes]","args":[{"element-6066-11e4-a52e-4f735466cecf":"f.71948811B2353B7E36D356F88F4B3924.d.35035944C3C1C45FB00158CC609A0C05.e.2154","ELEMENT":"f.71948811B2353B7E36D356F88F4B3924.d.35035944C3C1C45FB00158CC609A0C05.e.2154"}]}
COMMAND: GET /session/637de528f4e604e156fb3e125ad907fc/screenshot - {}
RESULT: {}
RESULT: {"script":"<script> [5351 bytes]","args":[{"element-6066-11e4-a52e-4f735466cecf":"f.71948811B2353B7E36D356F88F4B3924.d.35035944C3C1C45FB00158CC609A0C05.e.2154","ELEMENT":"f.71948811B2353B7E36D356F88F4B3924.d.35035944C3C1C45FB00158CC609A0C05.e.2154"}]}
COMMAND: GET /session/637de528f4e604e156fb3e125ad907fc/screenshot - {}
RESULT: {}
RESULT: {}
RESULT: undefined
COMMAND: POST /session/637de528f4e604e156fb3e125ad907fc/element - {"using":"xpath","value":"//*[@id=\"__tile38\"]"}
RESULT: {"using":"xpath","value":"//*[@id=\"__tile38\"]"}
COMMAND: POST /session/637de528f4e604e156fb3e125ad907fc/element/f.71948811B2353B7E36D356F88F4B3924.d.35035944C3C1C45FB00158CC609A0C05.e.153/click - {}
RESULT: {}
COMMAND: GET /session/637de528f4e604e156fb3e125ad907fc/screenshot - {}
COMMAND: POST /session/637de528f4e604e156fb3e125ad907fc/elements - {"using":"xpath","value":"//span[text()='Error']"}
RESULT: {}
RESULT: {"using":"xpath","value":"//span[text()='Error']"}
COMMAND: POST /session/637de528f4e604e156fb3e125ad907fc/element - {"using":"xpath","value":"//button[@data-kt=\"addButton\"]"}
RESULT: {"using":"xpath","value":"//button[@data-kt=\"addButton\"]"}
COMMAND: POST /session/637de528f4e604e156fb3e125ad907fc/elements - {"using":"xpath","value":"//button[@data-kt=\"addButton\"]"}
RESULT: {"using":"xpath","value":"//button[@data-kt=\"addButton\"]"}
COMMAND: POST /session/637de528f4e604e156fb3e125ad907fc/elements - {"using":"xpath","value":"//button[@data-kt=\"addButton\"]"}
RESULT: {"using":"xpath","value":"//button[@data-kt=\"addButton\"]"}
COMMAND: POST /session/637de528f4e604e156fb3e125ad907fc/element - {"using":"xpath","value":"//button[@data-kt=\"addButton\"]"}
RESULT: {"using":"xpath","value":"//button[@data-kt=\"addButton\"]"}
COMMAND: POST /session/637de528f4e604e156fb3e125ad907fc/execute/sync - {"script":"<script> [8489 bytes]","args":[{"element-6066-11e4-a52e-4f735466cecf":"f.71948811B2353B7E36D356F88F4B3924.d.35035944C3C1C45FB00158CC609A0C05.e.2199","ELEMENT":"f.71948811B2353B7E36D356F88F4B3924.d.35035944C3C1C45FB00158CC609A0C05.e.2199"}]}
RESULT: {"script":"<script> [8489 bytes]","args":[{"element-6066-11e4-a52e-4f735466cecf":"f.71948811B2353B7E36D356F88F4B3924.d.35035944C3C1C45FB00158CC609A0C05.e.2199","ELEMENT":"f.71948811B2353B7E36D356F88F4B3924.d.35035944C3C1C45FB00158CC609A0C05.e.2199"}]}
COMMAND: GET /session/637de528f4e604e156fb3e125ad907fc/element/f.71948811B2353B7E36D356F88F4B3924.d.35035944C3C1C45FB00158CC609A0C05.e.2199/enabled - {}
COMMAND: GET /session/637de528f4e604e156fb3e125ad907fc/screenshot - {}
RESULT: {}
COMMAND: POST /session/637de528f4e604e156fb3e125ad907fc/execute/sync - {"script":"<script> [8489 bytes]","args":[{"element-6066-11e4-a52e-4f735466cecf":"f.71948811B2353B7E36D356F88F4B3924.d.35035944C3C1C45FB00158CC609A0C05.e.2199","ELEMENT":"f.71948811B2353B7E36D356F88F4B3924.d.35035944C3C1C45FB00158CC609A0C05.e.2199"}]}
COMMAND: GET /session/637de528f4e604e156fb3e125ad907fc/screenshot - {}
RESULT: {}
RESULT: {"script":"<script> [8489 bytes]","args":[{"element-6066-11e4-a52e-4f735466cecf":"f.71948811B2353B7E36D356F88F4B3924.d.35035944C3C1C45FB00158CC609A0C05.e.2199","ELEMENT":"f.71948811B2353B7E36D356F88F4B3924.d.35035944C3C1C45FB00158CC609A0C05.e.2199"}]}
COMMAND: POST /session/637de528f4e604e156fb3e125ad907fc/execute/sync - {"script":"<script> [5351 bytes]","args":[{"element-6066-11e4-a52e-4f735466cecf":"f.71948811B2353B7E36D356F88F4B3924.d.35035944C3C1C45FB00158CC609A0C05.e.2199","ELEMENT":"f.71948811B2353B7E36D356F88F4B3924.d.35035944C3C1C45FB00158CC609A0C05.e.2199"}]}
COMMAND: GET /session/637de528f4e604e156fb3e125ad907fc/screenshot - {}
RESULT: {}
RESULT: {"script":"<script> [5351 bytes]","args":[{"element-6066-11e4-a52e-4f735466cecf":"f.71948811B2353B7E36D356F88F4B3924.d.35035944C3C1C45FB00158CC609A0C05.e.2199","ELEMENT":"f.71948811B2353B7E36D356F88F4B3924.d.35035944C3C1C45FB00158CC609A0C05.e.2199"}]}
COMMAND: GET /session/637de528f4e604e156fb3e125ad907fc/screenshot - {}
RESULT: {}
RESULT: {}
COMMAND: POST /session/637de528f4e604e156fb3e125ad907fc/execute/async - {"script":"<script> [1562 bytes]","args":[{"selector":{"id":"application-managepartners-display-component---masterPtm--smartFilterBar-btnBasicSearch","interaction":{"idSuffix":"I"}},"wdio_ui5_key":"applicationmanagepartners-display-component---masterPtm--smartFilterBar-btnBasicSearch"}]}
RESULT: {"script":"<script> [1562 bytes]","args":[{"selector":{"id":"application-managepartners-display-component---masterPtm--smartFilterBar-btnBasicSearch","interaction":{"idSuffix":"I"}},"wdio_ui5_key":"applicationmanagepartners-display-component---masterPtm--smartFilterBar-btnBasicSearch"}]}
RESULT: undefined
COMMAND: POST /session/637de528f4e604e156fb3e125ad907fc/execute/async - {"script":"<script> [776 bytes]","args":[{"enterText":"1311","selector":{"id":"application-managepartners-display-component---masterPtm--smartFilterBar-btnBasicSearch","interaction":{"idSuffix":"I"}},"clearTextFirst":true,"interactionType":"ENTER_TEXT"}]}
RESULT: {"script":"<script> [776 bytes]","args":[{"enterText":"1311","selector":{"id":"application-managepartners-display-component---masterPtm--smartFilterBar-btnBasicSearch","interaction":{"idSuffix":"I"}},"clearTextFirst":true,"interactionType":"ENTER_TEXT"}]}
COMMAND: POST /session/637de528f4e604e156fb3e125ad907fc/actions - {"actions":[{"id":"action4","type":"key","parameters":{},"actions":[{"type":"keyDown","value":""},{"type":"pause","duration":10},{"type":"keyUp","value":""}]}]}
RESULT: {"actions":[{"id":"action4","type":"key","parameters":{},"actions":[{"type":"keyDown","value":""},{"type":"pause","duration":10},{"type":"keyUp","value":""}]}]}
COMMAND: GET /session/637de528f4e604e156fb3e125ad907fc/screenshot - {}
RESULT: {}
COMMAND: POST /session/637de528f4e604e156fb3e125ad907fc/elements - {"using":"xpath","value":"//table[contains(@id, \"customPartnersTable-listUl\")]/tbody/tr"}
RESULT: {"using":"xpath","value":"//table[contains(@id, \"customPartnersTable-listUl\")]/tbody/tr"}
COMMAND: POST /session/637de528f4e604e156fb3e125ad907fc/element - {"using":"xpath","value":"//table[contains(@id, \"customPartnersTable-listUl\")]/tbody/tr[1]/td[3]/span"}
RESULT: {"using":"xpath","value":"//table[contains(@id, \"customPartnersTable-listUl\")]/tbody/tr[1]/td[3]/span"}
COMMAND: POST /session/637de528f4e604e156fb3e125ad907fc/elements - {"using":"xpath","value":"//table[contains(@id, \"customPartnersTable-listUl\")]/tbody/tr[1]/td[3]/span"}
RESULT: {"using":"xpath","value":"//table[contains(@id, \"customPartnersTable-listUl\")]/tbody/tr[1]/td[3]/span"}
COMMAND: POST /session/637de528f4e604e156fb3e125ad907fc/execute/sync - {"script":"<script> [56 bytes]","args":[{"element-6066-11e4-a52e-4f735466cecf":"f.71948811B2353B7E36D356F88F4B3924.d.35035944C3C1C45FB00158CC609A0C05.e.2333","ELEMENT":"f.71948811B2353B7E36D356F88F4B3924.d.35035944C3C1C45FB00158CC609A0C05.e.2333"}]}
RESULT: {"script":"<script> [56 bytes]","args":[{"element-6066-11e4-a52e-4f735466cecf":"f.71948811B2353B7E36D356F88F4B3924.d.35035944C3C1C45FB00158CC609A0C05.e.2333","ELEMENT":"f.71948811B2353B7E36D356F88F4B3924.d.35035944C3C1C45FB00158CC609A0C05.e.2333"}]}
COMMAND: POST /session/637de528f4e604e156fb3e125ad907fc/element - {"using":"xpath","value":"//table[contains(@id, \"customPartnersTable-listUl\")]/tbody/tr[1]/td[7]/div/span"}
COMMAND: GET /session/637de528f4e604e156fb3e125ad907fc/screenshot - {}
RESULT: {"using":"xpath","value":"//table[contains(@id, \"customPartnersTable-listUl\")]/tbody/tr[1]/td[7]/div/span"}
COMMAND: POST /session/637de528f4e604e156fb3e125ad907fc/execute/sync - {"script":"<script> [56 bytes]","args":[{"element-6066-11e4-a52e-4f735466cecf":"f.71948811B2353B7E36D356F88F4B3924.d.35035944C3C1C45FB00158CC609A0C05.e.2334","ELEMENT":"f.71948811B2353B7E36D356F88F4B3924.d.35035944C3C1C45FB00158CC609A0C05.e.2334"}]}
RESULT: {}
RESULT: {"script":"<script> [56 bytes]","args":[{"element-6066-11e4-a52e-4f735466cecf":"f.71948811B2353B7E36D356F88F4B3924.d.35035944C3C1C45FB00158CC609A0C05.e.2334","ELEMENT":"f.71948811B2353B7E36D356F88F4B3924.d.35035944C3C1C45FB00158CC609A0C05.e.2334"}]}
COMMAND: POST /session/637de528f4e604e156fb3e125ad907fc/element - {"using":"xpath","value":"//table[contains(@id, \"customPartnersTable-listUl\")]/tbody/tr[1]/td[2]/div/div"}
COMMAND: GET /session/637de528f4e604e156fb3e125ad907fc/screenshot - {}
RESULT: {"using":"xpath","value":"//table[contains(@id, \"customPartnersTable-listUl\")]/tbody/tr[1]/td[2]/div/div"}
COMMAND: POST /session/637de528f4e604e156fb3e125ad907fc/element/f.71948811B2353B7E36D356F88F4B3924.d.35035944C3C1C45FB00158CC609A0C05.e.2335/click - {}
RESULT: {}
RESULT: {}
COMMAND: GET /session/637de528f4e604e156fb3e125ad907fc/screenshot - {}
RESULT: {}
COMMAND: POST /session/637de528f4e604e156fb3e125ad907fc/element - {"using":"xpath","value":"//bdi[contains(text(), \"Deactivate\")]"}
RESULT: {"using":"xpath","value":"//bdi[contains(text(), \"Deactivate\")]"}
COMMAND: POST /session/637de528f4e604e156fb3e125ad907fc/element/f.71948811B2353B7E36D356F88F4B3924.d.35035944C3C1C45FB00158CC609A0C05.e.2336/click - {}
RESULT: {}
COMMAND: GET /session/637de528f4e604e156fb3e125ad907fc/screenshot - {}
RESULT: {}
COMMAND: POST /session/637de528f4e604e156fb3e125ad907fc/element - {"using":"xpath","value":"//bdi[contains(text(), \"Yes\")]"}
RESULT: {"using":"xpath","value":"//bdi[contains(text(), \"Yes\")]"}
COMMAND: POST /session/637de528f4e604e156fb3e125ad907fc/element/f.71948811B2353B7E36D356F88F4B3924.d.35035944C3C1C45FB00158CC609A0C05.e.2338/click - {}
RESULT: {}
COMMAND: GET /session/637de528f4e604e156fb3e125ad907fc/screenshot - {}
RESULT: {}
COMMAND: POST /session/637de528f4e604e156fb3e125ad907fc/element - {"using":"xpath","value":"//table[contains(@id, \"customPartnersTable-listUl\")]/tbody/tr[1]/td[7]/div/span"}
RESULT: {"using":"xpath","value":"//table[contains(@id, \"customPartnersTable-listUl\")]/tbody/tr[1]/td[7]/div/span"}
COMMAND: POST /session/637de528f4e604e156fb3e125ad907fc/execute/sync - {"script":"<script> [56 bytes]","args":[{"element-6066-11e4-a52e-4f735466cecf":"f.71948811B2353B7E36D356F88F4B3924.d.35035944C3C1C45FB00158CC609A0C05.e.2334","ELEMENT":"f.71948811B2353B7E36D356F88F4B3924.d.35035944C3C1C45FB00158CC609A0C05.e.2334"}]}
RESULT: {"script":"<script> [56 bytes]","args":[{"element-6066-11e4-a52e-4f735466cecf":"f.71948811B2353B7E36D356F88F4B3924.d.35035944C3C1C45FB00158CC609A0C05.e.2334","ELEMENT":"f.71948811B2353B7E36D356F88F4B3924.d.35035944C3C1C45FB00158CC609A0C05.e.2334"}]}
COMMAND: GET /session/637de528f4e604e156fb3e125ad907fc/screenshot - {}
RESULT: {}
COMMAND: POST /session/637de528f4e604e156fb3e125ad907fc/element - {"using":"css selector","value":"#shell-header-logo"}
RESULT: {"using":"css selector","value":"#shell-header-logo"}
COMMAND: POST /session/637de528f4e604e156fb3e125ad907fc/element/f.71948811B2353B7E36D356F88F4B3924.d.35035944C3C1C45FB00158CC609A0C05.e.2154/click - {}
RESULT: {}
COMMAND: GET /session/637de528f4e604e156fb3e125ad907fc/screenshot - {}
RESULT: {}
]]></system-out>
    </testcase>
    <testcase classname="chrome.136_0_7103_93.windows.Partner_specific_tests_US150819_US151080_US151654_US151176_US103444_US151078_US151079_US151109_US151174_US151175_US151189" name="Should activate the created partner again US151176" time="60.617">
      <system-out><![CDATA[
COMMAND: POST /session/637de528f4e604e156fb3e125ad907fc/element - {"using":"xpath","value":"//li[.//span[text()=\"Manage Partners\"]]"}
RESULT: {"using":"xpath","value":"//li[.//span[text()=\"Manage Partners\"]]"}
COMMAND: POST /session/637de528f4e604e156fb3e125ad907fc/element - {"using":"xpath","value":"//li[.//span[text()=\"Manage Partners\"]]"}
RESULT: {"using":"xpath","value":"//li[.//span[text()=\"Manage Partners\"]]"}
COMMAND: POST /session/637de528f4e604e156fb3e125ad907fc/element - {"using":"css selector","value":"#shell-header-logo"}
RESULT: {"using":"css selector","value":"#shell-header-logo"}
COMMAND: POST /session/637de528f4e604e156fb3e125ad907fc/element/f.71948811B2353B7E36D356F88F4B3924.d.35035944C3C1C45FB00158CC609A0C05.e.2342/click - {}
COMMAND: POST /session/637de528f4e604e156fb3e125ad907fc/execute/sync - {"script":"<script> [8489 bytes]","args":[{"element-6066-11e4-a52e-4f735466cecf":"f.71948811B2353B7E36D356F88F4B3924.d.35035944C3C1C45FB00158CC609A0C05.e.2342","ELEMENT":"f.71948811B2353B7E36D356F88F4B3924.d.35035944C3C1C45FB00158CC609A0C05.e.2342"}]}
RESULT: {}
COMMAND: GET /session/637de528f4e604e156fb3e125ad907fc/screenshot - {}
RESULT: {"script":"<script> [8489 bytes]","args":[{"element-6066-11e4-a52e-4f735466cecf":"f.71948811B2353B7E36D356F88F4B3924.d.35035944C3C1C45FB00158CC609A0C05.e.2342","ELEMENT":"f.71948811B2353B7E36D356F88F4B3924.d.35035944C3C1C45FB00158CC609A0C05.e.2342"}]}
COMMAND: POST /session/637de528f4e604e156fb3e125ad907fc/execute/sync - {"script":"<script> [5351 bytes]","args":[{"element-6066-11e4-a52e-4f735466cecf":"f.71948811B2353B7E36D356F88F4B3924.d.35035944C3C1C45FB00158CC609A0C05.e.2342","ELEMENT":"f.71948811B2353B7E36D356F88F4B3924.d.35035944C3C1C45FB00158CC609A0C05.e.2342"}]}
COMMAND: GET /session/637de528f4e604e156fb3e125ad907fc/screenshot - {}
RESULT: {}
RESULT: {"script":"<script> [5351 bytes]","args":[{"element-6066-11e4-a52e-4f735466cecf":"f.71948811B2353B7E36D356F88F4B3924.d.35035944C3C1C45FB00158CC609A0C05.e.2342","ELEMENT":"f.71948811B2353B7E36D356F88F4B3924.d.35035944C3C1C45FB00158CC609A0C05.e.2342"}]}
COMMAND: GET /session/637de528f4e604e156fb3e125ad907fc/screenshot - {}
RESULT: {}
RESULT: {}
RESULT: undefined
COMMAND: POST /session/637de528f4e604e156fb3e125ad907fc/element - {"using":"xpath","value":"//*[@id=\"__tile38\"]"}
RESULT: {"using":"xpath","value":"//*[@id=\"__tile38\"]"}
COMMAND: POST /session/637de528f4e604e156fb3e125ad907fc/element/f.71948811B2353B7E36D356F88F4B3924.d.35035944C3C1C45FB00158CC609A0C05.e.153/click - {}
RESULT: {}
COMMAND: GET /session/637de528f4e604e156fb3e125ad907fc/screenshot - {}
RESULT: {}
COMMAND: POST /session/637de528f4e604e156fb3e125ad907fc/elements - {"using":"xpath","value":"//span[text()='Error']"}
RESULT: {"using":"xpath","value":"//span[text()='Error']"}
COMMAND: POST /session/637de528f4e604e156fb3e125ad907fc/element - {"using":"xpath","value":"//button[@data-kt=\"addButton\"]"}
RESULT: {"using":"xpath","value":"//button[@data-kt=\"addButton\"]"}
COMMAND: POST /session/637de528f4e604e156fb3e125ad907fc/elements - {"using":"xpath","value":"//button[@data-kt=\"addButton\"]"}
RESULT: {"using":"xpath","value":"//button[@data-kt=\"addButton\"]"}
COMMAND: POST /session/637de528f4e604e156fb3e125ad907fc/execute/sync - {"script":"<script> [8489 bytes]","args":[{"element-6066-11e4-a52e-4f735466cecf":"f.71948811B2353B7E36D356F88F4B3924.d.35035944C3C1C45FB00158CC609A0C05.e.2387","ELEMENT":"f.71948811B2353B7E36D356F88F4B3924.d.35035944C3C1C45FB00158CC609A0C05.e.2387"}]}
RESULT: {"script":"<script> [8489 bytes]","args":[{"element-6066-11e4-a52e-4f735466cecf":"f.71948811B2353B7E36D356F88F4B3924.d.35035944C3C1C45FB00158CC609A0C05.e.2387","ELEMENT":"f.71948811B2353B7E36D356F88F4B3924.d.35035944C3C1C45FB00158CC609A0C05.e.2387"}]}
COMMAND: GET /session/637de528f4e604e156fb3e125ad907fc/element/f.71948811B2353B7E36D356F88F4B3924.d.35035944C3C1C45FB00158CC609A0C05.e.2387/enabled - {}
COMMAND: GET /session/637de528f4e604e156fb3e125ad907fc/screenshot - {}
RESULT: {}
COMMAND: POST /session/637de528f4e604e156fb3e125ad907fc/execute/sync - {"script":"<script> [8489 bytes]","args":[{"element-6066-11e4-a52e-4f735466cecf":"f.71948811B2353B7E36D356F88F4B3924.d.35035944C3C1C45FB00158CC609A0C05.e.2387","ELEMENT":"f.71948811B2353B7E36D356F88F4B3924.d.35035944C3C1C45FB00158CC609A0C05.e.2387"}]}
COMMAND: GET /session/637de528f4e604e156fb3e125ad907fc/screenshot - {}
RESULT: {}
RESULT: {"script":"<script> [8489 bytes]","args":[{"element-6066-11e4-a52e-4f735466cecf":"f.71948811B2353B7E36D356F88F4B3924.d.35035944C3C1C45FB00158CC609A0C05.e.2387","ELEMENT":"f.71948811B2353B7E36D356F88F4B3924.d.35035944C3C1C45FB00158CC609A0C05.e.2387"}]}
COMMAND: POST /session/637de528f4e604e156fb3e125ad907fc/execute/sync - {"script":"<script> [5351 bytes]","args":[{"element-6066-11e4-a52e-4f735466cecf":"f.71948811B2353B7E36D356F88F4B3924.d.35035944C3C1C45FB00158CC609A0C05.e.2387","ELEMENT":"f.71948811B2353B7E36D356F88F4B3924.d.35035944C3C1C45FB00158CC609A0C05.e.2387"}]}
COMMAND: GET /session/637de528f4e604e156fb3e125ad907fc/screenshot - {}
RESULT: {}
RESULT: {"script":"<script> [5351 bytes]","args":[{"element-6066-11e4-a52e-4f735466cecf":"f.71948811B2353B7E36D356F88F4B3924.d.35035944C3C1C45FB00158CC609A0C05.e.2387","ELEMENT":"f.71948811B2353B7E36D356F88F4B3924.d.35035944C3C1C45FB00158CC609A0C05.e.2387"}]}
COMMAND: GET /session/637de528f4e604e156fb3e125ad907fc/screenshot - {}
RESULT: {}
RESULT: {}
RESULT: undefined
COMMAND: POST /session/637de528f4e604e156fb3e125ad907fc/execute/async - {"script":"<script> [776 bytes]","args":[{"enterText":"1311","selector":{"id":"application-managepartners-display-component---masterPtm--smartFilterBar-btnBasicSearch","interaction":{"idSuffix":"I"}},"clearTextFirst":true,"interactionType":"ENTER_TEXT"}]}
RESULT: {"script":"<script> [776 bytes]","args":[{"enterText":"1311","selector":{"id":"application-managepartners-display-component---masterPtm--smartFilterBar-btnBasicSearch","interaction":{"idSuffix":"I"}},"clearTextFirst":true,"interactionType":"ENTER_TEXT"}]}
COMMAND: POST /session/637de528f4e604e156fb3e125ad907fc/actions - {"actions":[{"id":"action5","type":"key","parameters":{},"actions":[{"type":"keyDown","value":""},{"type":"pause","duration":10},{"type":"keyUp","value":""}]}]}
RESULT: {"actions":[{"id":"action5","type":"key","parameters":{},"actions":[{"type":"keyDown","value":""},{"type":"pause","duration":10},{"type":"keyUp","value":""}]}]}
COMMAND: GET /session/637de528f4e604e156fb3e125ad907fc/screenshot - {}
RESULT: {}
COMMAND: POST /session/637de528f4e604e156fb3e125ad907fc/elements - {"using":"xpath","value":"//table[contains(@id, \"customPartnersTable-listUl\")]/tbody/tr"}
RESULT: {"using":"xpath","value":"//table[contains(@id, \"customPartnersTable-listUl\")]/tbody/tr"}
COMMAND: POST /session/637de528f4e604e156fb3e125ad907fc/element - {"using":"xpath","value":"//table[contains(@id, \"customPartnersTable-listUl\")]/tbody/tr[1]/td[3]/span"}
RESULT: {"using":"xpath","value":"//table[contains(@id, \"customPartnersTable-listUl\")]/tbody/tr[1]/td[3]/span"}
COMMAND: POST /session/637de528f4e604e156fb3e125ad907fc/elements - {"using":"xpath","value":"//table[contains(@id, \"customPartnersTable-listUl\")]/tbody/tr[1]/td[3]/span"}
RESULT: {"using":"xpath","value":"//table[contains(@id, \"customPartnersTable-listUl\")]/tbody/tr[1]/td[3]/span"}
COMMAND: POST /session/637de528f4e604e156fb3e125ad907fc/execute/sync - {"script":"<script> [56 bytes]","args":[{"element-6066-11e4-a52e-4f735466cecf":"f.71948811B2353B7E36D356F88F4B3924.d.35035944C3C1C45FB00158CC609A0C05.e.2522","ELEMENT":"f.71948811B2353B7E36D356F88F4B3924.d.35035944C3C1C45FB00158CC609A0C05.e.2522"}]}
RESULT: {"script":"<script> [56 bytes]","args":[{"element-6066-11e4-a52e-4f735466cecf":"f.71948811B2353B7E36D356F88F4B3924.d.35035944C3C1C45FB00158CC609A0C05.e.2522","ELEMENT":"f.71948811B2353B7E36D356F88F4B3924.d.35035944C3C1C45FB00158CC609A0C05.e.2522"}]}
COMMAND: POST /session/637de528f4e604e156fb3e125ad907fc/element - {"using":"xpath","value":"//table[contains(@id, \"customPartnersTable-listUl\")]/tbody/tr[1]/td[7]/div/span"}
COMMAND: GET /session/637de528f4e604e156fb3e125ad907fc/screenshot - {}
RESULT: {"using":"xpath","value":"//table[contains(@id, \"customPartnersTable-listUl\")]/tbody/tr[1]/td[7]/div/span"}
COMMAND: POST /session/637de528f4e604e156fb3e125ad907fc/execute/sync - {"script":"<script> [56 bytes]","args":[{"element-6066-11e4-a52e-4f735466cecf":"f.71948811B2353B7E36D356F88F4B3924.d.35035944C3C1C45FB00158CC609A0C05.e.2523","ELEMENT":"f.71948811B2353B7E36D356F88F4B3924.d.35035944C3C1C45FB00158CC609A0C05.e.2523"}]}
RESULT: {}
RESULT: {"script":"<script> [56 bytes]","args":[{"element-6066-11e4-a52e-4f735466cecf":"f.71948811B2353B7E36D356F88F4B3924.d.35035944C3C1C45FB00158CC609A0C05.e.2523","ELEMENT":"f.71948811B2353B7E36D356F88F4B3924.d.35035944C3C1C45FB00158CC609A0C05.e.2523"}]}
COMMAND: POST /session/637de528f4e604e156fb3e125ad907fc/element - {"using":"xpath","value":"//table[contains(@id, \"customPartnersTable-listUl\")]/tbody/tr[1]/td[2]/div/div"}
COMMAND: GET /session/637de528f4e604e156fb3e125ad907fc/screenshot - {}
RESULT: {"using":"xpath","value":"//table[contains(@id, \"customPartnersTable-listUl\")]/tbody/tr[1]/td[2]/div/div"}
COMMAND: POST /session/637de528f4e604e156fb3e125ad907fc/element/f.71948811B2353B7E36D356F88F4B3924.d.35035944C3C1C45FB00158CC609A0C05.e.2524/click - {}
RESULT: {}
RESULT: {}
COMMAND: GET /session/637de528f4e604e156fb3e125ad907fc/screenshot - {}
RESULT: {}
COMMAND: POST /session/637de528f4e604e156fb3e125ad907fc/element - {"using":"xpath","value":"//bdi[contains(text(), \"Activate\")]"}
RESULT: {"using":"xpath","value":"//bdi[contains(text(), \"Activate\")]"}
COMMAND: POST /session/637de528f4e604e156fb3e125ad907fc/element/f.71948811B2353B7E36D356F88F4B3924.d.35035944C3C1C45FB00158CC609A0C05.e.2525/click - {}
RESULT: {}
COMMAND: GET /session/637de528f4e604e156fb3e125ad907fc/screenshot - {}
RESULT: {}
COMMAND: POST /session/637de528f4e604e156fb3e125ad907fc/element - {"using":"xpath","value":"//bdi[contains(text(), \"Yes\")]"}
RESULT: {"using":"xpath","value":"//bdi[contains(text(), \"Yes\")]"}
COMMAND: POST /session/637de528f4e604e156fb3e125ad907fc/element/f.71948811B2353B7E36D356F88F4B3924.d.35035944C3C1C45FB00158CC609A0C05.e.2527/click - {}
RESULT: {}
COMMAND: GET /session/637de528f4e604e156fb3e125ad907fc/screenshot - {}
RESULT: {}
COMMAND: POST /session/637de528f4e604e156fb3e125ad907fc/element - {"using":"xpath","value":"//table[contains(@id, \"customPartnersTable-listUl\")]/tbody/tr[1]/td[7]/div/span"}
RESULT: {"using":"xpath","value":"//table[contains(@id, \"customPartnersTable-listUl\")]/tbody/tr[1]/td[7]/div/span"}
COMMAND: POST /session/637de528f4e604e156fb3e125ad907fc/execute/sync - {"script":"<script> [56 bytes]","args":[{"element-6066-11e4-a52e-4f735466cecf":"f.71948811B2353B7E36D356F88F4B3924.d.35035944C3C1C45FB00158CC609A0C05.e.2523","ELEMENT":"f.71948811B2353B7E36D356F88F4B3924.d.35035944C3C1C45FB00158CC609A0C05.e.2523"}]}
RESULT: {"script":"<script> [56 bytes]","args":[{"element-6066-11e4-a52e-4f735466cecf":"f.71948811B2353B7E36D356F88F4B3924.d.35035944C3C1C45FB00158CC609A0C05.e.2523","ELEMENT":"f.71948811B2353B7E36D356F88F4B3924.d.35035944C3C1C45FB00158CC609A0C05.e.2523"}]}
COMMAND: GET /session/637de528f4e604e156fb3e125ad907fc/screenshot - {}
RESULT: {}
COMMAND: POST /session/637de528f4e604e156fb3e125ad907fc/element - {"using":"css selector","value":"#shell-header-logo"}
RESULT: {"using":"css selector","value":"#shell-header-logo"}
COMMAND: POST /session/637de528f4e604e156fb3e125ad907fc/element/f.71948811B2353B7E36D356F88F4B3924.d.35035944C3C1C45FB00158CC609A0C05.e.2342/click - {}
RESULT: {}
COMMAND: GET /session/637de528f4e604e156fb3e125ad907fc/screenshot - {}
RESULT: {}
]]></system-out>
    </testcase>
    <testcase classname="chrome.136_0_7103_93.windows.Partner_specific_tests_US150819_US151080_US151654_US151176_US103444_US151078_US151079_US151109_US151174_US151175_US151189" name="Should edit the created external partner and save it and check its content US103444" time="67.477">
      <system-out><![CDATA[
COMMAND: POST /session/637de528f4e604e156fb3e125ad907fc/element - {"using":"xpath","value":"//li[.//span[text()=\"Manage Partners\"]]"}
RESULT: {"using":"xpath","value":"//li[.//span[text()=\"Manage Partners\"]]"}
COMMAND: POST /session/637de528f4e604e156fb3e125ad907fc/element - {"using":"xpath","value":"//li[.//span[text()=\"Manage Partners\"]]"}
RESULT: {"using":"xpath","value":"//li[.//span[text()=\"Manage Partners\"]]"}
COMMAND: POST /session/637de528f4e604e156fb3e125ad907fc/element - {"using":"css selector","value":"#shell-header-logo"}
RESULT: {"using":"css selector","value":"#shell-header-logo"}
COMMAND: POST /session/637de528f4e604e156fb3e125ad907fc/element/f.71948811B2353B7E36D356F88F4B3924.d.35035944C3C1C45FB00158CC609A0C05.e.2531/click - {}
COMMAND: POST /session/637de528f4e604e156fb3e125ad907fc/execute/sync - {"script":"<script> [8489 bytes]","args":[{"element-6066-11e4-a52e-4f735466cecf":"f.71948811B2353B7E36D356F88F4B3924.d.35035944C3C1C45FB00158CC609A0C05.e.2531","ELEMENT":"f.71948811B2353B7E36D356F88F4B3924.d.35035944C3C1C45FB00158CC609A0C05.e.2531"}]}
RESULT: {"script":"<script> [8489 bytes]","args":[{"element-6066-11e4-a52e-4f735466cecf":"f.71948811B2353B7E36D356F88F4B3924.d.35035944C3C1C45FB00158CC609A0C05.e.2531","ELEMENT":"f.71948811B2353B7E36D356F88F4B3924.d.35035944C3C1C45FB00158CC609A0C05.e.2531"}]}
COMMAND: POST /session/637de528f4e604e156fb3e125ad907fc/execute/sync - {"script":"<script> [5351 bytes]","args":[{"element-6066-11e4-a52e-4f735466cecf":"f.71948811B2353B7E36D356F88F4B3924.d.35035944C3C1C45FB00158CC609A0C05.e.2531","ELEMENT":"f.71948811B2353B7E36D356F88F4B3924.d.35035944C3C1C45FB00158CC609A0C05.e.2531"}]}
COMMAND: GET /session/637de528f4e604e156fb3e125ad907fc/screenshot - {}
RESULT: {}
COMMAND: GET /session/637de528f4e604e156fb3e125ad907fc/screenshot - {}
RESULT: {"script":"<script> [5351 bytes]","args":[{"element-6066-11e4-a52e-4f735466cecf":"f.71948811B2353B7E36D356F88F4B3924.d.35035944C3C1C45FB00158CC609A0C05.e.2531","ELEMENT":"f.71948811B2353B7E36D356F88F4B3924.d.35035944C3C1C45FB00158CC609A0C05.e.2531"}]}
COMMAND: GET /session/637de528f4e604e156fb3e125ad907fc/screenshot - {}
RESULT: {}
RESULT: {}
RESULT: {}
RESULT: undefined
COMMAND: POST /session/637de528f4e604e156fb3e125ad907fc/element - {"using":"xpath","value":"//*[@id=\"__tile38\"]"}
RESULT: {"using":"xpath","value":"//*[@id=\"__tile38\"]"}
COMMAND: POST /session/637de528f4e604e156fb3e125ad907fc/element/f.71948811B2353B7E36D356F88F4B3924.d.35035944C3C1C45FB00158CC609A0C05.e.153/click - {}
RESULT: {}
COMMAND: GET /session/637de528f4e604e156fb3e125ad907fc/screenshot - {}
RESULT: {}
COMMAND: POST /session/637de528f4e604e156fb3e125ad907fc/elements - {"using":"xpath","value":"//span[text()='Error']"}
RESULT: {"using":"xpath","value":"//span[text()='Error']"}
COMMAND: POST /session/637de528f4e604e156fb3e125ad907fc/element - {"using":"xpath","value":"//button[@data-kt=\"addButton\"]"}
RESULT: {"using":"xpath","value":"//button[@data-kt=\"addButton\"]"}
COMMAND: POST /session/637de528f4e604e156fb3e125ad907fc/elements - {"using":"xpath","value":"//button[@data-kt=\"addButton\"]"}
RESULT: {"using":"xpath","value":"//button[@data-kt=\"addButton\"]"}
COMMAND: POST /session/637de528f4e604e156fb3e125ad907fc/execute/sync - {"script":"<script> [8489 bytes]","args":[{"element-6066-11e4-a52e-4f735466cecf":"f.71948811B2353B7E36D356F88F4B3924.d.35035944C3C1C45FB00158CC609A0C05.e.2576","ELEMENT":"f.71948811B2353B7E36D356F88F4B3924.d.35035944C3C1C45FB00158CC609A0C05.e.2576"}]}
RESULT: {"script":"<script> [8489 bytes]","args":[{"element-6066-11e4-a52e-4f735466cecf":"f.71948811B2353B7E36D356F88F4B3924.d.35035944C3C1C45FB00158CC609A0C05.e.2576","ELEMENT":"f.71948811B2353B7E36D356F88F4B3924.d.35035944C3C1C45FB00158CC609A0C05.e.2576"}]}
COMMAND: GET /session/637de528f4e604e156fb3e125ad907fc/element/f.71948811B2353B7E36D356F88F4B3924.d.35035944C3C1C45FB00158CC609A0C05.e.2576/enabled - {}
COMMAND: GET /session/637de528f4e604e156fb3e125ad907fc/screenshot - {}
RESULT: {}
COMMAND: POST /session/637de528f4e604e156fb3e125ad907fc/execute/sync - {"script":"<script> [8489 bytes]","args":[{"element-6066-11e4-a52e-4f735466cecf":"f.71948811B2353B7E36D356F88F4B3924.d.35035944C3C1C45FB00158CC609A0C05.e.2576","ELEMENT":"f.71948811B2353B7E36D356F88F4B3924.d.35035944C3C1C45FB00158CC609A0C05.e.2576"}]}
COMMAND: GET /session/637de528f4e604e156fb3e125ad907fc/screenshot - {}
RESULT: {}
RESULT: {"script":"<script> [8489 bytes]","args":[{"element-6066-11e4-a52e-4f735466cecf":"f.71948811B2353B7E36D356F88F4B3924.d.35035944C3C1C45FB00158CC609A0C05.e.2576","ELEMENT":"f.71948811B2353B7E36D356F88F4B3924.d.35035944C3C1C45FB00158CC609A0C05.e.2576"}]}
COMMAND: POST /session/637de528f4e604e156fb3e125ad907fc/execute/sync - {"script":"<script> [5351 bytes]","args":[{"element-6066-11e4-a52e-4f735466cecf":"f.71948811B2353B7E36D356F88F4B3924.d.35035944C3C1C45FB00158CC609A0C05.e.2576","ELEMENT":"f.71948811B2353B7E36D356F88F4B3924.d.35035944C3C1C45FB00158CC609A0C05.e.2576"}]}
COMMAND: GET /session/637de528f4e604e156fb3e125ad907fc/screenshot - {}
RESULT: {}
RESULT: {"script":"<script> [5351 bytes]","args":[{"element-6066-11e4-a52e-4f735466cecf":"f.71948811B2353B7E36D356F88F4B3924.d.35035944C3C1C45FB00158CC609A0C05.e.2576","ELEMENT":"f.71948811B2353B7E36D356F88F4B3924.d.35035944C3C1C45FB00158CC609A0C05.e.2576"}]}
COMMAND: GET /session/637de528f4e604e156fb3e125ad907fc/screenshot - {}
RESULT: {}
RESULT: {}
RESULT: undefined
COMMAND: POST /session/637de528f4e604e156fb3e125ad907fc/execute/async - {"script":"<script> [776 bytes]","args":[{"enterText":"1311","selector":{"id":"application-managepartners-display-component---masterPtm--smartFilterBar-btnBasicSearch","interaction":{"idSuffix":"I"}},"clearTextFirst":true,"interactionType":"ENTER_TEXT"}]}
RESULT: {"script":"<script> [776 bytes]","args":[{"enterText":"1311","selector":{"id":"application-managepartners-display-component---masterPtm--smartFilterBar-btnBasicSearch","interaction":{"idSuffix":"I"}},"clearTextFirst":true,"interactionType":"ENTER_TEXT"}]}
COMMAND: POST /session/637de528f4e604e156fb3e125ad907fc/actions - {"actions":[{"id":"action6","type":"key","parameters":{},"actions":[{"type":"keyDown","value":""},{"type":"pause","duration":10},{"type":"keyUp","value":""}]}]}
RESULT: {"actions":[{"id":"action6","type":"key","parameters":{},"actions":[{"type":"keyDown","value":""},{"type":"pause","duration":10},{"type":"keyUp","value":""}]}]}
COMMAND: GET /session/637de528f4e604e156fb3e125ad907fc/screenshot - {}
RESULT: {}
COMMAND: POST /session/637de528f4e604e156fb3e125ad907fc/elements - {"using":"xpath","value":"//table[contains(@id, \"customPartnersTable-listUl\")]/tbody/tr"}
RESULT: {"using":"xpath","value":"//table[contains(@id, \"customPartnersTable-listUl\")]/tbody/tr"}
COMMAND: POST /session/637de528f4e604e156fb3e125ad907fc/element - {"using":"xpath","value":"//table[contains(@id, \"customPartnersTable-listUl\")]/tbody/tr[1]/td[3]/span"}
RESULT: {"using":"xpath","value":"//table[contains(@id, \"customPartnersTable-listUl\")]/tbody/tr[1]/td[3]/span"}
COMMAND: POST /session/637de528f4e604e156fb3e125ad907fc/elements - {"using":"xpath","value":"//table[contains(@id, \"customPartnersTable-listUl\")]/tbody/tr[1]/td[3]/span"}
RESULT: {"using":"xpath","value":"//table[contains(@id, \"customPartnersTable-listUl\")]/tbody/tr[1]/td[3]/span"}
COMMAND: POST /session/637de528f4e604e156fb3e125ad907fc/execute/sync - {"script":"<script> [56 bytes]","args":[{"element-6066-11e4-a52e-4f735466cecf":"f.71948811B2353B7E36D356F88F4B3924.d.35035944C3C1C45FB00158CC609A0C05.e.2712","ELEMENT":"f.71948811B2353B7E36D356F88F4B3924.d.35035944C3C1C45FB00158CC609A0C05.e.2712"}]}
RESULT: {"script":"<script> [56 bytes]","args":[{"element-6066-11e4-a52e-4f735466cecf":"f.71948811B2353B7E36D356F88F4B3924.d.35035944C3C1C45FB00158CC609A0C05.e.2712","ELEMENT":"f.71948811B2353B7E36D356F88F4B3924.d.35035944C3C1C45FB00158CC609A0C05.e.2712"}]}
COMMAND: POST /session/637de528f4e604e156fb3e125ad907fc/element - {"using":"xpath","value":"(//span[contains(@id, \"imgNav\")])[1]"}
COMMAND: GET /session/637de528f4e604e156fb3e125ad907fc/screenshot - {}
RESULT: {"using":"xpath","value":"(//span[contains(@id, \"imgNav\")])[1]"}
COMMAND: POST /session/637de528f4e604e156fb3e125ad907fc/element/f.71948811B2353B7E36D356F88F4B3924.d.35035944C3C1C45FB00158CC609A0C05.e.2709/click - {}
RESULT: {}
RESULT: {}
COMMAND: GET /session/637de528f4e604e156fb3e125ad907fc/screenshot - {}
RESULT: {}
COMMAND: POST /session/637de528f4e604e156fb3e125ad907fc/element - {"using":"xpath","value":"//bdi[contains(text(), \"Edit\")]"}
RESULT: {"using":"xpath","value":"//bdi[contains(text(), \"Edit\")]"}
COMMAND: POST /session/637de528f4e604e156fb3e125ad907fc/element/f.71948811B2353B7E36D356F88F4B3924.d.35035944C3C1C45FB00158CC609A0C05.e.2855/click - {}
RESULT: {}
COMMAND: GET /session/637de528f4e604e156fb3e125ad907fc/screenshot - {}
RESULT: {}
COMMAND: POST /session/637de528f4e604e156fb3e125ad907fc/execute/async - {"script":"<script> [1562 bytes]","args":[{"selector":{"controlType":"sap.m.Input","viewName":"etm.portal.ui.managepartners.view.EditDetail","labelFor":{"text":"Name"},"interaction":{"idSuffix":"inner"}},"wdio_ui5_key":"etmportal.ui.managepartners.view.EditDetailsap.m.Input{\"text\":\"Name\"}"}]}
RESULT: {"script":"<script> [1562 bytes]","args":[{"selector":{"controlType":"sap.m.Input","viewName":"etm.portal.ui.managepartners.view.EditDetail","labelFor":{"text":"Name"},"interaction":{"idSuffix":"inner"}},"wdio_ui5_key":"etmportal.ui.managepartners.view.EditDetailsap.m.Input{\"text\":\"Name\"}"}]}
RESULT: undefined
COMMAND: POST /session/637de528f4e604e156fb3e125ad907fc/execute/async - {"script":"<script> [776 bytes]","args":[{"enterText":"External EDIT","selector":{"controlType":"sap.m.Input","viewName":"etm.portal.ui.managepartners.view.EditDetail","labelFor":{"text":"Name"},"interaction":{"idSuffix":"inner"}},"clearTextFirst":true,"interactionType":"ENTER_TEXT"}]}
RESULT: {"script":"<script> [776 bytes]","args":[{"enterText":"External EDIT","selector":{"controlType":"sap.m.Input","viewName":"etm.portal.ui.managepartners.view.EditDetail","labelFor":{"text":"Name"},"interaction":{"idSuffix":"inner"}},"clearTextFirst":true,"interactionType":"ENTER_TEXT"}]}
COMMAND: POST /session/637de528f4e604e156fb3e125ad907fc/element - {"using":"xpath","value":"(//span[contains(@id,\"addressDetailDetailsLanguage-arrow\")])[1]"}
RESULT: {"using":"xpath","value":"(//span[contains(@id,\"addressDetailDetailsLanguage-arrow\")])[1]"}
COMMAND: POST /session/637de528f4e604e156fb3e125ad907fc/element/f.71948811B2353B7E36D356F88F4B3924.d.35035944C3C1C45FB00158CC609A0C05.e.2934/click - {}
RESULT: {}
COMMAND: POST /session/637de528f4e604e156fb3e125ad907fc/element - {"using":"xpath","value":"//span[contains(text(), \"Chinese\")]"}
COMMAND: GET /session/637de528f4e604e156fb3e125ad907fc/screenshot - {}
RESULT: {"using":"xpath","value":"//span[contains(text(), \"Chinese\")]"}
COMMAND: POST /session/637de528f4e604e156fb3e125ad907fc/element/f.71948811B2353B7E36D356F88F4B3924.d.35035944C3C1C45FB00158CC609A0C05.e.2935/click - {}
RESULT: {}
RESULT: {}
COMMAND: GET /session/637de528f4e604e156fb3e125ad907fc/screenshot - {}
RESULT: {}
COMMAND: POST /session/637de528f4e604e156fb3e125ad907fc/execute/async - {"script":"<script> [1562 bytes]","args":[{"selector":{"controlType":"sap.m.Input","viewName":"etm.portal.ui.managepartners.view.EditDetail","labelFor":{"text":"City"},"interaction":{"idSuffix":"inner"}},"wdio_ui5_key":"etmportal.ui.managepartners.view.EditDetailsap.m.Input{\"text\":\"City\"}"}]}
RESULT: {"script":"<script> [1562 bytes]","args":[{"selector":{"controlType":"sap.m.Input","viewName":"etm.portal.ui.managepartners.view.EditDetail","labelFor":{"text":"City"},"interaction":{"idSuffix":"inner"}},"wdio_ui5_key":"etmportal.ui.managepartners.view.EditDetailsap.m.Input{\"text\":\"City\"}"}]}
RESULT: undefined
COMMAND: POST /session/637de528f4e604e156fb3e125ad907fc/execute/async - {"script":"<script> [776 bytes]","args":[{"enterText":"Clooj-Napoca","selector":{"controlType":"sap.m.Input","viewName":"etm.portal.ui.managepartners.view.EditDetail","labelFor":{"text":"City"},"interaction":{"idSuffix":"inner"}},"clearTextFirst":true,"interactionType":"ENTER_TEXT"}]}
RESULT: {"script":"<script> [776 bytes]","args":[{"enterText":"Clooj-Napoca","selector":{"controlType":"sap.m.Input","viewName":"etm.portal.ui.managepartners.view.EditDetail","labelFor":{"text":"City"},"interaction":{"idSuffix":"inner"}},"clearTextFirst":true,"interactionType":"ENTER_TEXT"}]}
COMMAND: POST /session/637de528f4e604e156fb3e125ad907fc/element - {"using":"xpath","value":"//button[@data-kt=\"saveButton\"]"}
RESULT: {"using":"xpath","value":"//button[@data-kt=\"saveButton\"]"}
COMMAND: POST /session/637de528f4e604e156fb3e125ad907fc/element/f.71948811B2353B7E36D356F88F4B3924.d.35035944C3C1C45FB00158CC609A0C05.e.2917/click - {}
RESULT: {}
COMMAND: GET /session/637de528f4e604e156fb3e125ad907fc/screenshot - {}
RESULT: {}
COMMAND: POST /session/637de528f4e604e156fb3e125ad907fc/execute/async - {"script":"<script> [1562 bytes]","args":[{"selector":{"id":"application-managepartners-display-component---detailPtm--addressDetailDetailsName1"},"wdio_ui5_key":"applicationmanagepartners-display-component---detailPtm--addressDetailDetailsName1"}]}
RESULT: {"script":"<script> [1562 bytes]","args":[{"selector":{"id":"application-managepartners-display-component---detailPtm--addressDetailDetailsName1"},"wdio_ui5_key":"applicationmanagepartners-display-component---detailPtm--addressDetailDetailsName1"}]}
RESULT: undefined
COMMAND: POST /session/637de528f4e604e156fb3e125ad907fc/execute/async - {"script":"<script> [6424 bytes]","args":[{"element-6066-11e4-a52e-4f735466cecf":"f.71948811B2353B7E36D356F88F4B3924.d.35035944C3C1C45FB00158CC609A0C05.e.2966"},"getValue",[]]}
RESULT: {"script":"<script> [6424 bytes]","args":[{"element-6066-11e4-a52e-4f735466cecf":"f.71948811B2353B7E36D356F88F4B3924.d.35035944C3C1C45FB00158CC609A0C05.e.2966"},"getValue",[]]}
COMMAND: POST /session/637de528f4e604e156fb3e125ad907fc/element - {"using":"xpath","value":"//input[@id = \"application-managepartners-display-component---detailPtm--addressDetailDetailsLanguage-inner\"]"}
RESULT: {"using":"xpath","value":"//input[@id = \"application-managepartners-display-component---detailPtm--addressDetailDetailsLanguage-inner\"]"}
COMMAND: GET /session/637de528f4e604e156fb3e125ad907fc/element/f.71948811B2353B7E36D356F88F4B3924.d.35035944C3C1C45FB00158CC609A0C05.e.2967/property/value - {}
RESULT: {}
COMMAND: POST /session/637de528f4e604e156fb3e125ad907fc/execute/async - {"script":"<script> [1562 bytes]","args":[{"selector":{"id":"application-managepartners-display-component---detailPtm--addressDetailDetailsCity1"},"wdio_ui5_key":"applicationmanagepartners-display-component---detailPtm--addressDetailDetailsCity1"}]}
COMMAND: GET /session/637de528f4e604e156fb3e125ad907fc/screenshot - {}
RESULT: {"script":"<script> [1562 bytes]","args":[{"selector":{"id":"application-managepartners-display-component---detailPtm--addressDetailDetailsCity1"},"wdio_ui5_key":"applicationmanagepartners-display-component---detailPtm--addressDetailDetailsCity1"}]}
RESULT: undefined
COMMAND: POST /session/637de528f4e604e156fb3e125ad907fc/execute/async - {"script":"<script> [6424 bytes]","args":[{"element-6066-11e4-a52e-4f735466cecf":"f.71948811B2353B7E36D356F88F4B3924.d.35035944C3C1C45FB00158CC609A0C05.e.2968"},"getValue",[]]}
RESULT: {}
RESULT: {"script":"<script> [6424 bytes]","args":[{"element-6066-11e4-a52e-4f735466cecf":"f.71948811B2353B7E36D356F88F4B3924.d.35035944C3C1C45FB00158CC609A0C05.e.2968"},"getValue",[]]}
COMMAND: POST /session/637de528f4e604e156fb3e125ad907fc/element - {"using":"css selector","value":"#shell-header-logo"}
RESULT: {"using":"css selector","value":"#shell-header-logo"}
COMMAND: POST /session/637de528f4e604e156fb3e125ad907fc/element/f.71948811B2353B7E36D356F88F4B3924.d.35035944C3C1C45FB00158CC609A0C05.e.2531/click - {}
RESULT: {}
COMMAND: GET /session/637de528f4e604e156fb3e125ad907fc/screenshot - {}
RESULT: {}
]]></system-out>
    </testcase>
    <testcase classname="chrome.136_0_7103_93.windows.Partner_specific_tests_US150819_US151080_US151654_US151176_US103444_US151078_US151079_US151109_US151174_US151175_US151189" name="Should create a new intercompany partner edit some of its fields US151078" time="261.655">
      <system-out><![CDATA[
COMMAND: POST /session/637de528f4e604e156fb3e125ad907fc/element - {"using":"xpath","value":"//li[.//span[text()=\"Manage Partners\"]]"}
RESULT: {"using":"xpath","value":"//li[.//span[text()=\"Manage Partners\"]]"}
COMMAND: POST /session/637de528f4e604e156fb3e125ad907fc/element - {"using":"xpath","value":"//li[.//span[text()=\"Manage Partners\"]]"}
RESULT: {"using":"xpath","value":"//li[.//span[text()=\"Manage Partners\"]]"}
COMMAND: POST /session/637de528f4e604e156fb3e125ad907fc/element - {"using":"css selector","value":"#shell-header-logo"}
RESULT: {"using":"css selector","value":"#shell-header-logo"}
COMMAND: POST /session/637de528f4e604e156fb3e125ad907fc/element/f.71948811B2353B7E36D356F88F4B3924.d.35035944C3C1C45FB00158CC609A0C05.e.2998/click - {}
COMMAND: POST /session/637de528f4e604e156fb3e125ad907fc/execute/sync - {"script":"<script> [8489 bytes]","args":[{"element-6066-11e4-a52e-4f735466cecf":"f.71948811B2353B7E36D356F88F4B3924.d.35035944C3C1C45FB00158CC609A0C05.e.2998","ELEMENT":"f.71948811B2353B7E36D356F88F4B3924.d.35035944C3C1C45FB00158CC609A0C05.e.2998"}]}
RESULT: {"script":"<script> [8489 bytes]","args":[{"element-6066-11e4-a52e-4f735466cecf":"f.71948811B2353B7E36D356F88F4B3924.d.35035944C3C1C45FB00158CC609A0C05.e.2998","ELEMENT":"f.71948811B2353B7E36D356F88F4B3924.d.35035944C3C1C45FB00158CC609A0C05.e.2998"}]}
COMMAND: POST /session/637de528f4e604e156fb3e125ad907fc/execute/sync - {"script":"<script> [5351 bytes]","args":[{"element-6066-11e4-a52e-4f735466cecf":"f.71948811B2353B7E36D356F88F4B3924.d.35035944C3C1C45FB00158CC609A0C05.e.2998","ELEMENT":"f.71948811B2353B7E36D356F88F4B3924.d.35035944C3C1C45FB00158CC609A0C05.e.2998"}]}
COMMAND: GET /session/637de528f4e604e156fb3e125ad907fc/screenshot - {}
RESULT: {}
COMMAND: GET /session/637de528f4e604e156fb3e125ad907fc/screenshot - {}
RESULT: {"script":"<script> [5351 bytes]","args":[{"element-6066-11e4-a52e-4f735466cecf":"f.71948811B2353B7E36D356F88F4B3924.d.35035944C3C1C45FB00158CC609A0C05.e.2998","ELEMENT":"f.71948811B2353B7E36D356F88F4B3924.d.35035944C3C1C45FB00158CC609A0C05.e.2998"}]}
COMMAND: GET /session/637de528f4e604e156fb3e125ad907fc/screenshot - {}
RESULT: {}
RESULT: {}
RESULT: {}
COMMAND: POST /session/637de528f4e604e156fb3e125ad907fc/refresh - {}
RESULT: {}
COMMAND: GET /session/637de528f4e604e156fb3e125ad907fc/screenshot - {}
RESULT: {}
COMMAND: POST /session/637de528f4e604e156fb3e125ad907fc/refresh - {}
RESULT: {}
COMMAND: GET /session/637de528f4e604e156fb3e125ad907fc/screenshot - {}
RESULT: {}
COMMAND: POST /session/637de528f4e604e156fb3e125ad907fc/window/fullscreen - {}
RESULT: {}
COMMAND: POST /session/637de528f4e604e156fb3e125ad907fc/execute/async - {"script":"<script> [189 bytes]","args":[]}
RESULT: {"script":"<script> [189 bytes]","args":[]}
COMMAND: POST /session/637de528f4e604e156fb3e125ad907fc/execute/async - {"script":"<script> [123 bytes]","args":[]}
RESULT: {"script":"<script> [123 bytes]","args":[]}
COMMAND: POST /session/637de528f4e604e156fb3e125ad907fc/timeouts - {"script":"<number>"}
RESULT: {"script":"<number>"}
COMMAND: GET /session/637de528f4e604e156fb3e125ad907fc/timeouts - {}
RESULT: {}
RESULT: undefined
COMMAND: POST /session/637de528f4e604e156fb3e125ad907fc/execute/async - {"script":"<script> [2676 bytes]","args":[]}
RESULT: {"script":"<script> [2676 bytes]","args":[]}
COMMAND: POST /session/637de528f4e604e156fb3e125ad907fc/execute/async - {"script":"<script> [2342 bytes]","args":[{"protocol":"http","hostname":"0.0.0.0","path":"/","capabilities":{"browserName":"chrome","goog:chromeOptions":{"binary":"C:\\Program Files\\Google\\Chrome\\Application\\chrome.exe","args":["--start-maximized"]}},"logLevel":"warn","connectionRetryTimeout":120000,"connectionRetryCount":3,"logLevels":{},"enableDirectConnect":true,"strictSSL":true,"_":"65 more keys: [\"cacheDir\",\"port\",\"requestedCapabilities\",\"automationProtocol\",\"baseUrl\",\"waitforInterval\",\"waitforTimeout\",\"onReload\",\"beforeCommand\",\"afterCommand\",\"rootDir\",\"specs\",\"suites\",\"exclude\",\"groupLogsByTestSpec\",\"excludeDriverLogs\",\"bail\",\"framework\",\"reporters\",\"services\",\"maxInstances\",\"maxInstancesPerCapability\",\"injectGlobals\",\"filesToWatch\",\"execArgv\",\"runnerEnv\",\"runner\",\"shard\",\"specFileRetries\",\"specFileRetriesDelay\",\"specFileRetriesDeferred\",\"reporterSyncInterval\",\"reporterSyncTimeout\",\"cucumberFeaturesWithLineNumbers\",\"autoCompileOpts\",\"mochaOpts\",\"jasmineOpts\",\"cucumberOpts\",\"onPrepare\",\"onWorkerStart\",\"onWorkerEnd\",\"before\",\"beforeSession\",\"beforeSuite\",\"beforeHook\",\"beforeTest\",\"afterTest\",\"afterHook\",\"afterSuite\",\"afterSession\",\"after\",\"onComplete\",\"beforeAssertion\",\"afterAssertion\",\"beforeFeature\",\"beforeScenario\",\"beforeStep\",\"afterStep\",\"afterScenario\",\"afterFeature\",\"_\",\"suite\",\"$0\",\"ignoredWorkerServices\",\"wdi5\"]"}]}
RESULT: {"script":"<script> [2342 bytes]","args":[{"protocol":"http","hostname":"0.0.0.0","path":"/","capabilities":{"browserName":"chrome","goog:chromeOptions":{"binary":"C:\\Program Files\\Google\\Chrome\\Application\\chrome.exe","args":["--start-maximized"]}},"logLevel":"warn","connectionRetryTimeout":120000,"connectionRetryCount":3,"logLevels":{},"enableDirectConnect":true,"strictSSL":true,"_":"65 more keys: [\"cacheDir\",\"port\",\"requestedCapabilities\",\"automationProtocol\",\"baseUrl\",\"waitforInterval\",\"waitforTimeout\",\"onReload\",\"beforeCommand\",\"afterCommand\",\"rootDir\",\"specs\",\"suites\",\"exclude\",\"groupLogsByTestSpec\",\"excludeDriverLogs\",\"bail\",\"framework\",\"reporters\",\"services\",\"maxInstances\",\"maxInstancesPerCapability\",\"injectGlobals\",\"filesToWatch\",\"execArgv\",\"runnerEnv\",\"runner\",\"shard\",\"specFileRetries\",\"specFileRetriesDelay\",\"specFileRetriesDeferred\",\"reporterSyncInterval\",\"reporterSyncTimeout\",\"cucumberFeaturesWithLineNumbers\",\"autoCompileOpts\",\"mochaOpts\",\"jasmineOpts\",\"cucumberOpts\",\"onPrepare\",\"onWorkerStart\",\"onWorkerEnd\",\"before\",\"beforeSession\",\"beforeSuite\",\"beforeHook\",\"beforeTest\",\"afterTest\",\"afterHook\",\"afterSuite\",\"afterSession\",\"after\",\"onComplete\",\"beforeAssertion\",\"afterAssertion\",\"beforeFeature\",\"beforeScenario\",\"beforeStep\",\"afterStep\",\"afterScenario\",\"afterFeature\",\"_\",\"suite\",\"$0\",\"ignoredWorkerServices\",\"wdi5\"]"}]}
COMMAND: POST /session/637de528f4e604e156fb3e125ad907fc/execute/async - {"script":"<script> [21126 bytes]","args":[35000]}
RESULT: {"script":"<script> [21126 bytes]","args":[35000]}
COMMAND: POST /session/637de528f4e604e156fb3e125ad907fc/window/fullscreen - {}
RESULT: {}
COMMAND: POST /session/637de528f4e604e156fb3e125ad907fc/window/fullscreen - {}
RESULT: {}
COMMAND: POST /session/637de528f4e604e156fb3e125ad907fc/execute/async - {"script":"<script> [1562 bytes]","args":[{"selector":{"controlType":"sap.m.GenericTile","properties":{"header":"Manage Partners"}},"wdio_ui5_key":"sapm.GenericTile{\"header\":\"Manage Partners\"}"}]}
RESULT: {"script":"<script> [1562 bytes]","args":[{"selector":{"controlType":"sap.m.GenericTile","properties":{"header":"Manage Partners"}},"wdio_ui5_key":"sapm.GenericTile{\"header\":\"Manage Partners\"}"}]}
RESULT: undefined
COMMAND: POST /session/637de528f4e604e156fb3e125ad907fc/element - {"using":"xpath","value":"//*[@id=\"__tile30\"]"}
RESULT: {"using":"xpath","value":"//*[@id=\"__tile30\"]"}
COMMAND: POST /session/637de528f4e604e156fb3e125ad907fc/element/f.71948811B2353B7E36D356F88F4B3924.d.99A74585A9865CC6A4F3E4FB0D7A2223.e.3103/click - {}
RESULT: {}
COMMAND: GET /session/637de528f4e604e156fb3e125ad907fc/screenshot - {}
RESULT: {}
COMMAND: POST /session/637de528f4e604e156fb3e125ad907fc/elements - {"using":"xpath","value":"//span[text()='Error']"}
RESULT: {"using":"xpath","value":"//span[text()='Error']"}
COMMAND: POST /session/637de528f4e604e156fb3e125ad907fc/element - {"using":"xpath","value":"//button[@data-kt=\"addButton\"]"}
RESULT: {"using":"xpath","value":"//button[@data-kt=\"addButton\"]"}
COMMAND: POST /session/637de528f4e604e156fb3e125ad907fc/elements - {"using":"xpath","value":"//button[@data-kt=\"addButton\"]"}
RESULT: {"using":"xpath","value":"//button[@data-kt=\"addButton\"]"}
COMMAND: POST /session/637de528f4e604e156fb3e125ad907fc/elements - {"using":"xpath","value":"//button[@data-kt=\"addButton\"]"}
RESULT: {"using":"xpath","value":"//button[@data-kt=\"addButton\"]"}
COMMAND: POST /session/637de528f4e604e156fb3e125ad907fc/elements - {"using":"xpath","value":"//button[@data-kt=\"addButton\"]"}
RESULT: {"using":"xpath","value":"//button[@data-kt=\"addButton\"]"}
COMMAND: POST /session/637de528f4e604e156fb3e125ad907fc/element - {"using":"xpath","value":"//button[@data-kt=\"addButton\"]"}
RESULT: {"using":"xpath","value":"//button[@data-kt=\"addButton\"]"}
COMMAND: POST /session/637de528f4e604e156fb3e125ad907fc/execute/sync - {"script":"<script> [8489 bytes]","args":[{"element-6066-11e4-a52e-4f735466cecf":"f.71948811B2353B7E36D356F88F4B3924.d.99A74585A9865CC6A4F3E4FB0D7A2223.e.3218","ELEMENT":"f.71948811B2353B7E36D356F88F4B3924.d.99A74585A9865CC6A4F3E4FB0D7A2223.e.3218"}]}
RESULT: {"script":"<script> [8489 bytes]","args":[{"element-6066-11e4-a52e-4f735466cecf":"f.71948811B2353B7E36D356F88F4B3924.d.99A74585A9865CC6A4F3E4FB0D7A2223.e.3218","ELEMENT":"f.71948811B2353B7E36D356F88F4B3924.d.99A74585A9865CC6A4F3E4FB0D7A2223.e.3218"}]}
COMMAND: GET /session/637de528f4e604e156fb3e125ad907fc/element/f.71948811B2353B7E36D356F88F4B3924.d.99A74585A9865CC6A4F3E4FB0D7A2223.e.3218/enabled - {}
COMMAND: GET /session/637de528f4e604e156fb3e125ad907fc/screenshot - {}
RESULT: {}
COMMAND: POST /session/637de528f4e604e156fb3e125ad907fc/execute/sync - {"script":"<script> [8489 bytes]","args":[{"element-6066-11e4-a52e-4f735466cecf":"f.71948811B2353B7E36D356F88F4B3924.d.99A74585A9865CC6A4F3E4FB0D7A2223.e.3218","ELEMENT":"f.71948811B2353B7E36D356F88F4B3924.d.99A74585A9865CC6A4F3E4FB0D7A2223.e.3218"}]}
COMMAND: GET /session/637de528f4e604e156fb3e125ad907fc/screenshot - {}
RESULT: {}
RESULT: {"script":"<script> [8489 bytes]","args":[{"element-6066-11e4-a52e-4f735466cecf":"f.71948811B2353B7E36D356F88F4B3924.d.99A74585A9865CC6A4F3E4FB0D7A2223.e.3218","ELEMENT":"f.71948811B2353B7E36D356F88F4B3924.d.99A74585A9865CC6A4F3E4FB0D7A2223.e.3218"}]}
COMMAND: POST /session/637de528f4e604e156fb3e125ad907fc/execute/sync - {"script":"<script> [5351 bytes]","args":[{"element-6066-11e4-a52e-4f735466cecf":"f.71948811B2353B7E36D356F88F4B3924.d.99A74585A9865CC6A4F3E4FB0D7A2223.e.3218","ELEMENT":"f.71948811B2353B7E36D356F88F4B3924.d.99A74585A9865CC6A4F3E4FB0D7A2223.e.3218"}]}
COMMAND: GET /session/637de528f4e604e156fb3e125ad907fc/screenshot - {}
RESULT: {}
RESULT: {"script":"<script> [5351 bytes]","args":[{"element-6066-11e4-a52e-4f735466cecf":"f.71948811B2353B7E36D356F88F4B3924.d.99A74585A9865CC6A4F3E4FB0D7A2223.e.3218","ELEMENT":"f.71948811B2353B7E36D356F88F4B3924.d.99A74585A9865CC6A4F3E4FB0D7A2223.e.3218"}]}
COMMAND: POST /session/637de528f4e604e156fb3e125ad907fc/element/f.71948811B2353B7E36D356F88F4B3924.d.99A74585A9865CC6A4F3E4FB0D7A2223.e.3218/click - {}
COMMAND: GET /session/637de528f4e604e156fb3e125ad907fc/screenshot - {}
RESULT: {}
RESULT: {}
COMMAND: GET /session/637de528f4e604e156fb3e125ad907fc/screenshot - {}
RESULT: {}
COMMAND: POST /session/637de528f4e604e156fb3e125ad907fc/execute/async - {"script":"<script> [1562 bytes]","args":[{"selector":{"id":"application-managepartners-display-component---NewPartner--addressDetailDetailsName1","interaction":{"idSuffix":"inner"}},"wdio_ui5_key":"applicationmanagepartners-display-component---NewPartner--addressDetailDetailsName1"}]}
RESULT: {}
RESULT: {"script":"<script> [1562 bytes]","args":[{"selector":{"id":"application-managepartners-display-component---NewPartner--addressDetailDetailsName1","interaction":{"idSuffix":"inner"}},"wdio_ui5_key":"applicationmanagepartners-display-component---NewPartner--addressDetailDetailsName1"}]}
RESULT: undefined
COMMAND: POST /session/637de528f4e604e156fb3e125ad907fc/execute/async - {"script":"<script> [776 bytes]","args":[{"enterText":"Intercompany Partner WDIO","selector":{"id":"application-managepartners-display-component---NewPartner--addressDetailDetailsName1","interaction":{"idSuffix":"inner"}},"clearTextFirst":true,"interactionType":"ENTER_TEXT"}]}
RESULT: {"script":"<script> [776 bytes]","args":[{"enterText":"Intercompany Partner WDIO","selector":{"id":"application-managepartners-display-component---NewPartner--addressDetailDetailsName1","interaction":{"idSuffix":"inner"}},"clearTextFirst":true,"interactionType":"ENTER_TEXT"}]}
COMMAND: POST /session/637de528f4e604e156fb3e125ad907fc/execute/async - {"script":"<script> [1562 bytes]","args":[{"selector":{"id":"application-managepartners-display-component---NewPartner--addressDetailDetailsLanguage-arrow"},"wdio_ui5_key":"applicationmanagepartners-display-component---NewPartner--addressDetailDetailsLanguage-arrow"}]}
RESULT: {"script":"<script> [1562 bytes]","args":[{"selector":{"id":"application-managepartners-display-component---NewPartner--addressDetailDetailsLanguage-arrow"},"wdio_ui5_key":"applicationmanagepartners-display-component---NewPartner--addressDetailDetailsLanguage-arrow"}]}
RESULT: undefined
COMMAND: POST /session/637de528f4e604e156fb3e125ad907fc/element - {"using":"xpath","value":"//*[@id=\"application-managepartners-display-component---NewPartner--addressDetailDetailsLanguage-arrow\"]"}
RESULT: {"using":"xpath","value":"//*[@id=\"application-managepartners-display-component---NewPartner--addressDetailDetailsLanguage-arrow\"]"}
COMMAND: POST /session/637de528f4e604e156fb3e125ad907fc/element/f.71948811B2353B7E36D356F88F4B3924.d.99A74585A9865CC6A4F3E4FB0D7A2223.e.3661/click - {}
RESULT: {}
COMMAND: POST /session/637de528f4e604e156fb3e125ad907fc/element - {"using":"xpath","value":"//span[contains(text(), \"English\")]"}
COMMAND: GET /session/637de528f4e604e156fb3e125ad907fc/screenshot - {}
RESULT: {"using":"xpath","value":"//span[contains(text(), \"English\")]"}
COMMAND: POST /session/637de528f4e604e156fb3e125ad907fc/element/f.71948811B2353B7E36D356F88F4B3924.d.99A74585A9865CC6A4F3E4FB0D7A2223.e.3662/click - {}
RESULT: {}
RESULT: {}
COMMAND: GET /session/637de528f4e604e156fb3e125ad907fc/screenshot - {}
RESULT: {}
COMMAND: POST /session/637de528f4e604e156fb3e125ad907fc/execute/async - {"script":"<script> [1562 bytes]","args":[{"selector":{"id":"application-managepartners-display-component---NewPartner--addressDetailDetailsCity1","interaction":{"idSuffix":"inner"}},"wdio_ui5_key":"applicationmanagepartners-display-component---NewPartner--addressDetailDetailsCity1"}]}
RESULT: {"script":"<script> [1562 bytes]","args":[{"selector":{"id":"application-managepartners-display-component---NewPartner--addressDetailDetailsCity1","interaction":{"idSuffix":"inner"}},"wdio_ui5_key":"applicationmanagepartners-display-component---NewPartner--addressDetailDetailsCity1"}]}
RESULT: undefined
COMMAND: POST /session/637de528f4e604e156fb3e125ad907fc/execute/async - {"script":"<script> [776 bytes]","args":[{"enterText":"Rosario","selector":{"id":"application-managepartners-display-component---NewPartner--addressDetailDetailsCity1","interaction":{"idSuffix":"inner"}},"clearTextFirst":true,"interactionType":"ENTER_TEXT"}]}
RESULT: {"script":"<script> [776 bytes]","args":[{"enterText":"Rosario","selector":{"id":"application-managepartners-display-component---NewPartner--addressDetailDetailsCity1","interaction":{"idSuffix":"inner"}},"clearTextFirst":true,"interactionType":"ENTER_TEXT"}]}
COMMAND: POST /session/637de528f4e604e156fb3e125ad907fc/execute/async - {"script":"<script> [1562 bytes]","args":[{"selector":{"id":"application-managepartners-display-component---NewPartner--addressDetailDetailsCountry-arrow"},"wdio_ui5_key":"applicationmanagepartners-display-component---NewPartner--addressDetailDetailsCountry-arrow"}]}
RESULT: {"script":"<script> [1562 bytes]","args":[{"selector":{"id":"application-managepartners-display-component---NewPartner--addressDetailDetailsCountry-arrow"},"wdio_ui5_key":"applicationmanagepartners-display-component---NewPartner--addressDetailDetailsCountry-arrow"}]}
RESULT: undefined
COMMAND: POST /session/637de528f4e604e156fb3e125ad907fc/element - {"using":"xpath","value":"//*[@id=\"application-managepartners-display-component---NewPartner--addressDetailDetailsCountry-arrow\"]"}
RESULT: {"using":"xpath","value":"//*[@id=\"application-managepartners-display-component---NewPartner--addressDetailDetailsCountry-arrow\"]"}
COMMAND: POST /session/637de528f4e604e156fb3e125ad907fc/element/f.71948811B2353B7E36D356F88F4B3924.d.99A74585A9865CC6A4F3E4FB0D7A2223.e.3648/click - {}
RESULT: {}
COMMAND: POST /session/637de528f4e604e156fb3e125ad907fc/element - {"using":"xpath","value":"//span[contains(text(), \"Argentina\")]"}
COMMAND: GET /session/637de528f4e604e156fb3e125ad907fc/screenshot - {}
RESULT: {"using":"xpath","value":"//span[contains(text(), \"Argentina\")]"}
COMMAND: POST /session/637de528f4e604e156fb3e125ad907fc/element/f.71948811B2353B7E36D356F88F4B3924.d.99A74585A9865CC6A4F3E4FB0D7A2223.e.3664/click - {}
RESULT: {}
RESULT: {}
COMMAND: GET /session/637de528f4e604e156fb3e125ad907fc/screenshot - {}
RESULT: {}
COMMAND: POST /session/637de528f4e604e156fb3e125ad907fc/element - {"using":"xpath","value":"//bdi[contains(text(), \"Commercial\")]"}
RESULT: {"using":"xpath","value":"//bdi[contains(text(), \"Commercial\")]"}
COMMAND: POST /session/637de528f4e604e156fb3e125ad907fc/element/f.71948811B2353B7E36D356F88F4B3924.d.99A74585A9865CC6A4F3E4FB0D7A2223.e.3665/click - {}
RESULT: {}
COMMAND: GET /session/637de528f4e604e156fb3e125ad907fc/screenshot - {}
RESULT: {}
COMMAND: POST /session/637de528f4e604e156fb3e125ad907fc/execute/async - {"script":"<script> [1562 bytes]","args":[{"selector":{"id":"application-managepartners-display-component---NewPartner--partnerDetailInternal-arrow"},"wdio_ui5_key":"applicationmanagepartners-display-component---NewPartner--partnerDetailInternal-arrow"}]}
RESULT: {"script":"<script> [1562 bytes]","args":[{"selector":{"id":"application-managepartners-display-component---NewPartner--partnerDetailInternal-arrow"},"wdio_ui5_key":"applicationmanagepartners-display-component---NewPartner--partnerDetailInternal-arrow"}]}
RESULT: undefined
COMMAND: POST /session/637de528f4e604e156fb3e125ad907fc/element - {"using":"xpath","value":"//*[@id=\"application-managepartners-display-component---NewPartner--partnerDetailInternal-arrow\"]"}
RESULT: {"using":"xpath","value":"//*[@id=\"application-managepartners-display-component---NewPartner--partnerDetailInternal-arrow\"]"}
COMMAND: POST /session/637de528f4e604e156fb3e125ad907fc/element/f.71948811B2353B7E36D356F88F4B3924.d.99A74585A9865CC6A4F3E4FB0D7A2223.e.3671/click - {}
RESULT: {}
COMMAND: POST /session/637de528f4e604e156fb3e125ad907fc/element - {"using":"xpath","value":"//span[contains(text(), \"Affiliated company\")]"}
COMMAND: GET /session/637de528f4e604e156fb3e125ad907fc/screenshot - {}
RESULT: {"using":"xpath","value":"//span[contains(text(), \"Affiliated company\")]"}
COMMAND: POST /session/637de528f4e604e156fb3e125ad907fc/element/f.71948811B2353B7E36D356F88F4B3924.d.99A74585A9865CC6A4F3E4FB0D7A2223.e.3672/click - {}
RESULT: {}
RESULT: {}
COMMAND: POST /session/637de528f4e604e156fb3e125ad907fc/execute/async - {"script":"<script> [1562 bytes]","args":[{"selector":{"id":"application-managepartners-display-component---NewPartner--partnerDetailsCurrency-arrow"},"wdio_ui5_key":"applicationmanagepartners-display-component---NewPartner--partnerDetailsCurrency-arrow"}]}
COMMAND: GET /session/637de528f4e604e156fb3e125ad907fc/screenshot - {}
RESULT: {"script":"<script> [1562 bytes]","args":[{"selector":{"id":"application-managepartners-display-component---NewPartner--partnerDetailsCurrency-arrow"},"wdio_ui5_key":"applicationmanagepartners-display-component---NewPartner--partnerDetailsCurrency-arrow"}]}
RESULT: undefined
COMMAND: POST /session/637de528f4e604e156fb3e125ad907fc/element - {"using":"xpath","value":"//*[@id=\"application-managepartners-display-component---NewPartner--partnerDetailsCurrency-arrow\"]"}
RESULT: {}
RESULT: {"using":"xpath","value":"//*[@id=\"application-managepartners-display-component---NewPartner--partnerDetailsCurrency-arrow\"]"}
COMMAND: POST /session/637de528f4e604e156fb3e125ad907fc/element/f.71948811B2353B7E36D356F88F4B3924.d.99A74585A9865CC6A4F3E4FB0D7A2223.e.3679/click - {}
RESULT: {}
COMMAND: POST /session/637de528f4e604e156fb3e125ad907fc/element - {"using":"xpath","value":"//span[contains(text(), \"Euro\")]"}
COMMAND: GET /session/637de528f4e604e156fb3e125ad907fc/screenshot - {}
RESULT: {"using":"xpath","value":"//span[contains(text(), \"Euro\")]"}
COMMAND: POST /session/637de528f4e604e156fb3e125ad907fc/element/f.71948811B2353B7E36D356F88F4B3924.d.99A74585A9865CC6A4F3E4FB0D7A2223.e.3680/click - {}
RESULT: {}
RESULT: {}
COMMAND: POST /session/637de528f4e604e156fb3e125ad907fc/execute/async - {"script":"<script> [1562 bytes]","args":[{"selector":{"id":"application-managepartners-display-component---NewPartner--addressEditDetailsCostObjectCstType-arrow"},"wdio_ui5_key":"applicationmanagepartners-display-component---NewPartner--addressEditDetailsCostObjectCstType-arrow"}]}
COMMAND: GET /session/637de528f4e604e156fb3e125ad907fc/screenshot - {}
RESULT: {"script":"<script> [1562 bytes]","args":[{"selector":{"id":"application-managepartners-display-component---NewPartner--addressEditDetailsCostObjectCstType-arrow"},"wdio_ui5_key":"applicationmanagepartners-display-component---NewPartner--addressEditDetailsCostObjectCstType-arrow"}]}
RESULT: undefined
COMMAND: POST /session/637de528f4e604e156fb3e125ad907fc/element - {"using":"xpath","value":"//*[@id=\"application-managepartners-display-component---NewPartner--addressEditDetailsCostObjectCstType-arrow\"]"}
RESULT: {}
RESULT: {"using":"xpath","value":"//*[@id=\"application-managepartners-display-component---NewPartner--addressEditDetailsCostObjectCstType-arrow\"]"}
COMMAND: POST /session/637de528f4e604e156fb3e125ad907fc/element/f.71948811B2353B7E36D356F88F4B3924.d.99A74585A9865CC6A4F3E4FB0D7A2223.e.3681/click - {}
RESULT: {}
COMMAND: POST /session/637de528f4e604e156fb3e125ad907fc/element - {"using":"xpath","value":"//span[contains(text(), \"Cost Center\")]"}
COMMAND: GET /session/637de528f4e604e156fb3e125ad907fc/screenshot - {}
RESULT: {"using":"xpath","value":"//span[contains(text(), \"Cost Center\")]"}
COMMAND: POST /session/637de528f4e604e156fb3e125ad907fc/element/f.71948811B2353B7E36D356F88F4B3924.d.99A74585A9865CC6A4F3E4FB0D7A2223.e.3682/click - {}
RESULT: {}
RESULT: {}
COMMAND: GET /session/637de528f4e604e156fb3e125ad907fc/screenshot - {}
RESULT: {}
COMMAND: POST /session/637de528f4e604e156fb3e125ad907fc/element - {"using":"xpath","value":"//span[@id=\"application-managepartners-display-component---NewPartner--addressNewCostObjectCstID-vhi\"]"}
RESULT: {"using":"xpath","value":"//span[@id=\"application-managepartners-display-component---NewPartner--addressNewCostObjectCstID-vhi\"]"}
COMMAND: POST /session/637de528f4e604e156fb3e125ad907fc/execute/sync - {"script":"<script> [8489 bytes]","args":[{"element-6066-11e4-a52e-4f735466cecf":"f.71948811B2353B7E36D356F88F4B3924.d.99A74585A9865CC6A4F3E4FB0D7A2223.e.3686","ELEMENT":"f.71948811B2353B7E36D356F88F4B3924.d.99A74585A9865CC6A4F3E4FB0D7A2223.e.3686"}]}
RESULT: {"script":"<script> [8489 bytes]","args":[{"element-6066-11e4-a52e-4f735466cecf":"f.71948811B2353B7E36D356F88F4B3924.d.99A74585A9865CC6A4F3E4FB0D7A2223.e.3686","ELEMENT":"f.71948811B2353B7E36D356F88F4B3924.d.99A74585A9865CC6A4F3E4FB0D7A2223.e.3686"}]}
COMMAND: POST /session/637de528f4e604e156fb3e125ad907fc/execute/async - {"script":"<script> [1562 bytes]","args":[{"selector":{"id":"application-managepartners-display-component---NewPartner--addressNewCostObjectCstID-vhi"},"wdio_ui5_key":"applicationmanagepartners-display-component---NewPartner--addressNewCostObjectCstID-vhi"}]}
COMMAND: GET /session/637de528f4e604e156fb3e125ad907fc/screenshot - {}
RESULT: {"script":"<script> [1562 bytes]","args":[{"selector":{"id":"application-managepartners-display-component---NewPartner--addressNewCostObjectCstID-vhi"},"wdio_ui5_key":"applicationmanagepartners-display-component---NewPartner--addressNewCostObjectCstID-vhi"}]}
RESULT: undefined
COMMAND: POST /session/637de528f4e604e156fb3e125ad907fc/element - {"using":"xpath","value":"//*[@id=\"application-managepartners-display-component---NewPartner--addressNewCostObjectCstID-vhi\"]"}
RESULT: {}
RESULT: {"using":"xpath","value":"//*[@id=\"application-managepartners-display-component---NewPartner--addressNewCostObjectCstID-vhi\"]"}
COMMAND: POST /session/637de528f4e604e156fb3e125ad907fc/element/f.71948811B2353B7E36D356F88F4B3924.d.99A74585A9865CC6A4F3E4FB0D7A2223.e.3686/click - {}
RESULT: {}
COMMAND: GET /session/637de528f4e604e156fb3e125ad907fc/screenshot - {}
RESULT: {}
COMMAND: POST /session/637de528f4e604e156fb3e125ad907fc/execute/async - {"script":"<script> [1562 bytes]","args":[{"selector":{"controlType":"sap.m.SearchField","properties":{"placeholder":"Search"},"searchOpenDialogs":true,"interaction":{"idSuffix":"I"}},"wdio_ui5_key":"sapm.SearchField{\"placeholder\":\"Search\"}"}]}
RESULT: {"script":"<script> [1562 bytes]","args":[{"selector":{"controlType":"sap.m.SearchField","properties":{"placeholder":"Search"},"searchOpenDialogs":true,"interaction":{"idSuffix":"I"}},"wdio_ui5_key":"sapm.SearchField{\"placeholder\":\"Search\"}"}]}
RESULT: undefined
COMMAND: POST /session/637de528f4e604e156fb3e125ad907fc/execute/async - {"script":"<script> [776 bytes]","args":[{"enterText":"10001013","selector":{"controlType":"sap.m.SearchField","properties":{"placeholder":"Search"},"searchOpenDialogs":true,"interaction":{"idSuffix":"I"}},"clearTextFirst":true,"interactionType":"ENTER_TEXT"}]}
RESULT: {"script":"<script> [776 bytes]","args":[{"enterText":"10001013","selector":{"controlType":"sap.m.SearchField","properties":{"placeholder":"Search"},"searchOpenDialogs":true,"interaction":{"idSuffix":"I"}},"clearTextFirst":true,"interactionType":"ENTER_TEXT"}]}
COMMAND: POST /session/637de528f4e604e156fb3e125ad907fc/actions - {"actions":[{"id":"action7","type":"key","parameters":{},"actions":[{"type":"keyDown","value":""},{"type":"pause","duration":10},{"type":"keyUp","value":""}]}]}
RESULT: {"actions":[{"id":"action7","type":"key","parameters":{},"actions":[{"type":"keyDown","value":""},{"type":"pause","duration":10},{"type":"keyUp","value":""}]}]}
COMMAND: GET /session/637de528f4e604e156fb3e125ad907fc/screenshot - {}
RESULT: {}
COMMAND: POST /session/637de528f4e604e156fb3e125ad907fc/element - {"using":"xpath","value":"//span[contains(text(), \"General Management\")]"}
RESULT: {"using":"xpath","value":"//span[contains(text(), \"General Management\")]"}
COMMAND: POST /session/637de528f4e604e156fb3e125ad907fc/element/f.71948811B2353B7E36D356F88F4B3924.d.99A74585A9865CC6A4F3E4FB0D7A2223.e.3728/click - {}
RESULT: {}
COMMAND: GET /session/637de528f4e604e156fb3e125ad907fc/screenshot - {}
RESULT: {}
COMMAND: POST /session/637de528f4e604e156fb3e125ad907fc/element - {"using":"xpath","value":"//bdi[contains(text(), \"OK\")]"}
RESULT: {"using":"xpath","value":"//bdi[contains(text(), \"OK\")]"}
COMMAND: POST /session/637de528f4e604e156fb3e125ad907fc/element/f.71948811B2353B7E36D356F88F4B3924.d.99A74585A9865CC6A4F3E4FB0D7A2223.e.3729/click - {}
RESULT: {}
COMMAND: GET /session/637de528f4e604e156fb3e125ad907fc/screenshot - {}
RESULT: {}
COMMAND: POST /session/637de528f4e604e156fb3e125ad907fc/element - {"using":"xpath","value":"//input[@id=\"application-managepartners-display-component---NewPartner--companyCodeComboBox-inner\"]"}
RESULT: {"using":"xpath","value":"//input[@id=\"application-managepartners-display-component---NewPartner--companyCodeComboBox-inner\"]"}
COMMAND: POST /session/637de528f4e604e156fb3e125ad907fc/element/f.71948811B2353B7E36D356F88F4B3924.d.99A74585A9865CC6A4F3E4FB0D7A2223.e.3527/clear - {}
RESULT: {}
COMMAND: POST /session/637de528f4e604e156fb3e125ad907fc/element/f.71948811B2353B7E36D356F88F4B3924.d.99A74585A9865CC6A4F3E4FB0D7A2223.e.3527/value - {"text":"C002"}
COMMAND: GET /session/637de528f4e604e156fb3e125ad907fc/screenshot - {}
RESULT: {"text":"C002"}
COMMAND: GET /session/637de528f4e604e156fb3e125ad907fc/screenshot - {}
RESULT: {}
RESULT: {}
COMMAND: POST /session/637de528f4e604e156fb3e125ad907fc/element - {"using":"xpath","value":"//li[.//span[text()= \"C002\"]]"}
RESULT: {"using":"xpath","value":"//li[.//span[text()= \"C002\"]]"}
COMMAND: POST /session/637de528f4e604e156fb3e125ad907fc/element/f.71948811B2353B7E36D356F88F4B3924.d.99A74585A9865CC6A4F3E4FB0D7A2223.e.3735/click - {}
RESULT: {}
COMMAND: GET /session/637de528f4e604e156fb3e125ad907fc/screenshot - {}
RESULT: {}
COMMAND: POST /session/637de528f4e604e156fb3e125ad907fc/execute/async - {"script":"<script> [1562 bytes]","args":[{"selector":{"id":"application-managepartners-display-component---NewPartner--btnAddTableRow-img"},"wdio_ui5_key":"applicationmanagepartners-display-component---NewPartner--btnAddTableRow-img"}]}
RESULT: {"script":"<script> [1562 bytes]","args":[{"selector":{"id":"application-managepartners-display-component---NewPartner--btnAddTableRow-img"},"wdio_ui5_key":"applicationmanagepartners-display-component---NewPartner--btnAddTableRow-img"}]}
RESULT: undefined
COMMAND: POST /session/637de528f4e604e156fb3e125ad907fc/element - {"using":"xpath","value":"//*[@id=\"application-managepartners-display-component---NewPartner--btnAddTableRow-img\"]"}
RESULT: {"using":"xpath","value":"//*[@id=\"application-managepartners-display-component---NewPartner--btnAddTableRow-img\"]"}
COMMAND: POST /session/637de528f4e604e156fb3e125ad907fc/element/f.71948811B2353B7E36D356F88F4B3924.d.99A74585A9865CC6A4F3E4FB0D7A2223.e.3736/click - {}
RESULT: {}
COMMAND: GET /session/637de528f4e604e156fb3e125ad907fc/screenshot - {}
RESULT: {}
COMMAND: POST /session/637de528f4e604e156fb3e125ad907fc/element - {"using":"xpath","value":"//input[@id=\"application-managepartners-display-component---NewPartner--assignmentYard-application-managepartners-display-component---NewPartner--assignmentsTable-0-inner\"]"}
RESULT: {"using":"xpath","value":"//input[@id=\"application-managepartners-display-component---NewPartner--assignmentYard-application-managepartners-display-component---NewPartner--assignmentsTable-0-inner\"]"}
COMMAND: POST /session/637de528f4e604e156fb3e125ad907fc/element/f.71948811B2353B7E36D356F88F4B3924.d.99A74585A9865CC6A4F3E4FB0D7A2223.e.3739/clear - {}
RESULT: {}
COMMAND: POST /session/637de528f4e604e156fb3e125ad907fc/element/f.71948811B2353B7E36D356F88F4B3924.d.99A74585A9865CC6A4F3E4FB0D7A2223.e.3739/value - {"text":"507"}
COMMAND: GET /session/637de528f4e604e156fb3e125ad907fc/screenshot - {}
RESULT: {"text":"507"}
COMMAND: GET /session/637de528f4e604e156fb3e125ad907fc/screenshot - {}
RESULT: {}
RESULT: {}
COMMAND: POST /session/637de528f4e604e156fb3e125ad907fc/element - {"using":"xpath","value":"//li[.//span[text()='507']]"}
RESULT: {"using":"xpath","value":"//li[.//span[text()='507']]"}
COMMAND: POST /session/637de528f4e604e156fb3e125ad907fc/element/f.71948811B2353B7E36D356F88F4B3924.d.99A74585A9865CC6A4F3E4FB0D7A2223.e.3749/click - {}
RESULT: {}
COMMAND: GET /session/637de528f4e604e156fb3e125ad907fc/screenshot - {}
RESULT: {}
COMMAND: POST /session/637de528f4e604e156fb3e125ad907fc/actions - {"actions":[{"id":"action8","type":"key","parameters":{},"actions":[{"type":"keyDown","value":""},{"type":"pause","duration":10},{"type":"keyUp","value":""}]}]}
RESULT: {"actions":[{"id":"action8","type":"key","parameters":{},"actions":[{"type":"keyDown","value":""},{"type":"pause","duration":10},{"type":"keyUp","value":""}]}]}
COMMAND: POST /session/637de528f4e604e156fb3e125ad907fc/execute/async - {"script":"<script> [1562 bytes]","args":[{"selector":{"id":"application-managepartners-display-component---NewPartner--externalCustomerComboBox-application-managepartners-display-component---NewPartner--assignmentsTable-0-vhi"},"wdio_ui5_key":"applicationmanagepartners-display-component---NewPartner--externalCustomerComboBox-application-managepartners-display-component---NewPartner--assignmentsTable-0-vhi"}]}
COMMAND: GET /session/637de528f4e604e156fb3e125ad907fc/screenshot - {}
RESULT: {"script":"<script> [1562 bytes]","args":[{"selector":{"id":"application-managepartners-display-component---NewPartner--externalCustomerComboBox-application-managepartners-display-component---NewPartner--assignmentsTable-0-vhi"},"wdio_ui5_key":"applicationmanagepartners-display-component---NewPartner--externalCustomerComboBox-application-managepartners-display-component---NewPartner--assignmentsTable-0-vhi"}]}
RESULT: undefined
COMMAND: POST /session/637de528f4e604e156fb3e125ad907fc/element - {"using":"xpath","value":"//*[@id=\"application-managepartners-display-component---NewPartner--externalCustomerComboBox-application-managepartners-display-component---NewPartner--assignmentsTable-0-vhi\"]"}
RESULT: {}
RESULT: {"using":"xpath","value":"//*[@id=\"application-managepartners-display-component---NewPartner--externalCustomerComboBox-application-managepartners-display-component---NewPartner--assignmentsTable-0-vhi\"]"}
COMMAND: POST /session/637de528f4e604e156fb3e125ad907fc/element/f.71948811B2353B7E36D356F88F4B3924.d.99A74585A9865CC6A4F3E4FB0D7A2223.e.3753/click - {}
RESULT: {}
RESULT: undefined
COMMAND: POST /session/637de528f4e604e156fb3e125ad907fc/execute/async - {"script":"<script> [776 bytes]","args":[{"enterText":"300003","selector":{"controlType":"sap.m.SearchField","properties":{"placeholder":"Search"},"searchOpenDialogs":true,"interaction":{"idSuffix":"I"}},"clearTextFirst":true,"interactionType":"ENTER_TEXT"}]}
COMMAND: GET /session/637de528f4e604e156fb3e125ad907fc/screenshot - {}
RESULT: {"script":"<script> [776 bytes]","args":[{"enterText":"300003","selector":{"controlType":"sap.m.SearchField","properties":{"placeholder":"Search"},"searchOpenDialogs":true,"interaction":{"idSuffix":"I"}},"clearTextFirst":true,"interactionType":"ENTER_TEXT"}]}
COMMAND: POST /session/637de528f4e604e156fb3e125ad907fc/actions - {"actions":[{"id":"action9","type":"key","parameters":{},"actions":[{"type":"keyDown","value":""},{"type":"pause","duration":10},{"type":"keyUp","value":""}]}]}
RESULT: {}
RESULT: {"actions":[{"id":"action9","type":"key","parameters":{},"actions":[{"type":"keyDown","value":""},{"type":"pause","duration":10},{"type":"keyUp","value":""}]}]}
COMMAND: GET /session/637de528f4e604e156fb3e125ad907fc/screenshot - {}
RESULT: {}
COMMAND: POST /session/637de528f4e604e156fb3e125ad907fc/element - {"using":"xpath","value":"//span[contains(text(), \"300003\")]"}
RESULT: {"using":"xpath","value":"//span[contains(text(), \"300003\")]"}
COMMAND: POST /session/637de528f4e604e156fb3e125ad907fc/element/f.71948811B2353B7E36D356F88F4B3924.d.99A74585A9865CC6A4F3E4FB0D7A2223.e.3771/click - {}
RESULT: {}
COMMAND: GET /session/637de528f4e604e156fb3e125ad907fc/screenshot - {}
RESULT: {}
COMMAND: POST /session/637de528f4e604e156fb3e125ad907fc/element - {"using":"xpath","value":"//bdi[contains(text(), \"OK\")]"}
RESULT: {"using":"xpath","value":"//bdi[contains(text(), \"OK\")]"}
COMMAND: POST /session/637de528f4e604e156fb3e125ad907fc/element/f.71948811B2353B7E36D356F88F4B3924.d.99A74585A9865CC6A4F3E4FB0D7A2223.e.3773/click - {}
RESULT: {}
COMMAND: GET /session/637de528f4e604e156fb3e125ad907fc/screenshot - {}
RESULT: {}
COMMAND: POST /session/637de528f4e604e156fb3e125ad907fc/execute/async - {"script":"<script> [1562 bytes]","args":[{"selector":{"id":"application-managepartners-display-component---NewPartner--intercompVendorComboBox-application-managepartners-display-component---NewPartner--assignmentsTable-0-vhi"},"wdio_ui5_key":"applicationmanagepartners-display-component---NewPartner--intercompVendorComboBox-application-managepartners-display-component---NewPartner--assignmentsTable-0-vhi"}]}
RESULT: {"script":"<script> [1562 bytes]","args":[{"selector":{"id":"application-managepartners-display-component---NewPartner--intercompVendorComboBox-application-managepartners-display-component---NewPartner--assignmentsTable-0-vhi"},"wdio_ui5_key":"applicationmanagepartners-display-component---NewPartner--intercompVendorComboBox-application-managepartners-display-component---NewPartner--assignmentsTable-0-vhi"}]}
RESULT: undefined
COMMAND: POST /session/637de528f4e604e156fb3e125ad907fc/element - {"using":"xpath","value":"//*[@id=\"application-managepartners-display-component---NewPartner--intercompVendorComboBox-application-managepartners-display-component---NewPartner--assignmentsTable-0-vhi\"]"}
RESULT: {"using":"xpath","value":"//*[@id=\"application-managepartners-display-component---NewPartner--intercompVendorComboBox-application-managepartners-display-component---NewPartner--assignmentsTable-0-vhi\"]"}
COMMAND: POST /session/637de528f4e604e156fb3e125ad907fc/element/f.71948811B2353B7E36D356F88F4B3924.d.99A74585A9865CC6A4F3E4FB0D7A2223.e.3777/click - {}
RESULT: {}
RESULT: undefined
COMMAND: POST /session/637de528f4e604e156fb3e125ad907fc/execute/async - {"script":"<script> [776 bytes]","args":[{"enterText":"100005","selector":{"controlType":"sap.m.SearchField","properties":{"placeholder":"Search"},"searchOpenDialogs":true,"interaction":{"idSuffix":"I"}},"clearTextFirst":true,"interactionType":"ENTER_TEXT"}]}
COMMAND: GET /session/637de528f4e604e156fb3e125ad907fc/screenshot - {}
RESULT: {"script":"<script> [776 bytes]","args":[{"enterText":"100005","selector":{"controlType":"sap.m.SearchField","properties":{"placeholder":"Search"},"searchOpenDialogs":true,"interaction":{"idSuffix":"I"}},"clearTextFirst":true,"interactionType":"ENTER_TEXT"}]}
COMMAND: POST /session/637de528f4e604e156fb3e125ad907fc/actions - {"actions":[{"id":"action10","type":"key","parameters":{},"actions":[{"type":"keyDown","value":""},{"type":"pause","duration":10},{"type":"keyUp","value":""}]}]}
RESULT: {}
RESULT: {"actions":[{"id":"action10","type":"key","parameters":{},"actions":[{"type":"keyDown","value":""},{"type":"pause","duration":10},{"type":"keyUp","value":""}]}]}
COMMAND: GET /session/637de528f4e604e156fb3e125ad907fc/screenshot - {}
RESULT: {}
COMMAND: POST /session/637de528f4e604e156fb3e125ad907fc/element - {"using":"xpath","value":"//span[contains(text(), \"Penguins - Field/12345 Berlin\")]"}
RESULT: {"using":"xpath","value":"//span[contains(text(), \"Penguins - Field/12345 Berlin\")]"}
COMMAND: POST /session/637de528f4e604e156fb3e125ad907fc/element/f.71948811B2353B7E36D356F88F4B3924.d.99A74585A9865CC6A4F3E4FB0D7A2223.e.3796/click - {}
RESULT: {}
COMMAND: GET /session/637de528f4e604e156fb3e125ad907fc/screenshot - {}
RESULT: {}
COMMAND: POST /session/637de528f4e604e156fb3e125ad907fc/element - {"using":"xpath","value":"//bdi[contains(text(), \"OK\")]"}
RESULT: {"using":"xpath","value":"//bdi[contains(text(), \"OK\")]"}
COMMAND: POST /session/637de528f4e604e156fb3e125ad907fc/element/f.71948811B2353B7E36D356F88F4B3924.d.99A74585A9865CC6A4F3E4FB0D7A2223.e.3797/click - {}
RESULT: {}
COMMAND: GET /session/637de528f4e604e156fb3e125ad907fc/screenshot - {}
RESULT: {}
COMMAND: POST /session/637de528f4e604e156fb3e125ad907fc/element - {"using":"xpath","value":"//button[@data-kt=\"saveButton\"]"}
RESULT: {"using":"xpath","value":"//button[@data-kt=\"saveButton\"]"}
COMMAND: POST /session/637de528f4e604e156fb3e125ad907fc/element/f.71948811B2353B7E36D356F88F4B3924.d.99A74585A9865CC6A4F3E4FB0D7A2223.e.3598/click - {}
RESULT: {}
COMMAND: GET /session/637de528f4e604e156fb3e125ad907fc/screenshot - {}
RESULT: {}
COMMAND: POST /session/637de528f4e604e156fb3e125ad907fc/element - {"using":"xpath","value":"//header[contains(@id, 'ObjectPageLayout-headerTitle')]/div[1]/div[2]/div[2]/span[1]"}
RESULT: {"using":"xpath","value":"//header[contains(@id, 'ObjectPageLayout-headerTitle')]/div[1]/div[2]/div[2]/span[1]"}
COMMAND: POST /session/637de528f4e604e156fb3e125ad907fc/elements - {"using":"xpath","value":"//header[contains(@id, 'ObjectPageLayout-headerTitle')]/div[1]/div[2]/div[2]/span[1]"}
RESULT: {"using":"xpath","value":"//header[contains(@id, 'ObjectPageLayout-headerTitle')]/div[1]/div[2]/div[2]/span[1]"}
COMMAND: POST /session/637de528f4e604e156fb3e125ad907fc/execute/sync - {"script":"<script> [56 bytes]","args":[{"element-6066-11e4-a52e-4f735466cecf":"f.71948811B2353B7E36D356F88F4B3924.d.99A74585A9865CC6A4F3E4FB0D7A2223.e.3964","ELEMENT":"f.71948811B2353B7E36D356F88F4B3924.d.99A74585A9865CC6A4F3E4FB0D7A2223.e.3964"}]}
RESULT: {"script":"<script> [56 bytes]","args":[{"element-6066-11e4-a52e-4f735466cecf":"f.71948811B2353B7E36D356F88F4B3924.d.99A74585A9865CC6A4F3E4FB0D7A2223.e.3964","ELEMENT":"f.71948811B2353B7E36D356F88F4B3924.d.99A74585A9865CC6A4F3E4FB0D7A2223.e.3964"}]}
COMMAND: POST /session/637de528f4e604e156fb3e125ad907fc/element - {"using":"css selector","value":"#shell-header-logo"}
COMMAND: GET /session/637de528f4e604e156fb3e125ad907fc/screenshot - {}
RESULT: {"using":"css selector","value":"#shell-header-logo"}
COMMAND: POST /session/637de528f4e604e156fb3e125ad907fc/element/f.71948811B2353B7E36D356F88F4B3924.d.99A74585A9865CC6A4F3E4FB0D7A2223.e.3183/click - {}
RESULT: {}
RESULT: {}
COMMAND: GET /session/637de528f4e604e156fb3e125ad907fc/screenshot - {}
RESULT: {}
COMMAND: POST /session/637de528f4e604e156fb3e125ad907fc/execute/sync - {"script":"<script> [299 bytes]","args":[["getModel","getResource"]]}
RESULT: {"script":"<script> [299 bytes]","args":[["getModel","getResource"]]}
RESULT: undefined
COMMAND: POST /session/637de528f4e604e156fb3e125ad907fc/element - {"using":"xpath","value":"//*[@id=\"__tile30\"]"}
COMMAND: GET /session/637de528f4e604e156fb3e125ad907fc/screenshot - {}
RESULT: {"using":"xpath","value":"//*[@id=\"__tile30\"]"}
COMMAND: POST /session/637de528f4e604e156fb3e125ad907fc/element/f.71948811B2353B7E36D356F88F4B3924.d.99A74585A9865CC6A4F3E4FB0D7A2223.e.3103/click - {}
RESULT: {}
RESULT: {}
COMMAND: GET /session/637de528f4e604e156fb3e125ad907fc/screenshot - {}
RESULT: {}
COMMAND: POST /session/637de528f4e604e156fb3e125ad907fc/elements - {"using":"xpath","value":"//span[text()='Error']"}
RESULT: {"using":"xpath","value":"//span[text()='Error']"}
COMMAND: POST /session/637de528f4e604e156fb3e125ad907fc/element - {"using":"xpath","value":"//button[@data-kt=\"addButton\"]"}
RESULT: {"using":"xpath","value":"//button[@data-kt=\"addButton\"]"}
COMMAND: POST /session/637de528f4e604e156fb3e125ad907fc/elements - {"using":"xpath","value":"//button[@data-kt=\"addButton\"]"}
RESULT: {"using":"xpath","value":"//button[@data-kt=\"addButton\"]"}
COMMAND: POST /session/637de528f4e604e156fb3e125ad907fc/execute/sync - {"script":"<script> [8489 bytes]","args":[{"element-6066-11e4-a52e-4f735466cecf":"f.71948811B2353B7E36D356F88F4B3924.d.99A74585A9865CC6A4F3E4FB0D7A2223.e.4111","ELEMENT":"f.71948811B2353B7E36D356F88F4B3924.d.99A74585A9865CC6A4F3E4FB0D7A2223.e.4111"}]}
RESULT: {"script":"<script> [8489 bytes]","args":[{"element-6066-11e4-a52e-4f735466cecf":"f.71948811B2353B7E36D356F88F4B3924.d.99A74585A9865CC6A4F3E4FB0D7A2223.e.4111","ELEMENT":"f.71948811B2353B7E36D356F88F4B3924.d.99A74585A9865CC6A4F3E4FB0D7A2223.e.4111"}]}
COMMAND: GET /session/637de528f4e604e156fb3e125ad907fc/element/f.71948811B2353B7E36D356F88F4B3924.d.99A74585A9865CC6A4F3E4FB0D7A2223.e.4111/enabled - {}
COMMAND: GET /session/637de528f4e604e156fb3e125ad907fc/screenshot - {}
RESULT: {}
COMMAND: POST /session/637de528f4e604e156fb3e125ad907fc/execute/sync - {"script":"<script> [8489 bytes]","args":[{"element-6066-11e4-a52e-4f735466cecf":"f.71948811B2353B7E36D356F88F4B3924.d.99A74585A9865CC6A4F3E4FB0D7A2223.e.4111","ELEMENT":"f.71948811B2353B7E36D356F88F4B3924.d.99A74585A9865CC6A4F3E4FB0D7A2223.e.4111"}]}
COMMAND: GET /session/637de528f4e604e156fb3e125ad907fc/screenshot - {}
RESULT: {}
RESULT: {"script":"<script> [8489 bytes]","args":[{"element-6066-11e4-a52e-4f735466cecf":"f.71948811B2353B7E36D356F88F4B3924.d.99A74585A9865CC6A4F3E4FB0D7A2223.e.4111","ELEMENT":"f.71948811B2353B7E36D356F88F4B3924.d.99A74585A9865CC6A4F3E4FB0D7A2223.e.4111"}]}
COMMAND: POST /session/637de528f4e604e156fb3e125ad907fc/execute/sync - {"script":"<script> [5351 bytes]","args":[{"element-6066-11e4-a52e-4f735466cecf":"f.71948811B2353B7E36D356F88F4B3924.d.99A74585A9865CC6A4F3E4FB0D7A2223.e.4111","ELEMENT":"f.71948811B2353B7E36D356F88F4B3924.d.99A74585A9865CC6A4F3E4FB0D7A2223.e.4111"}]}
COMMAND: GET /session/637de528f4e604e156fb3e125ad907fc/screenshot - {}
RESULT: {}
RESULT: {"script":"<script> [5351 bytes]","args":[{"element-6066-11e4-a52e-4f735466cecf":"f.71948811B2353B7E36D356F88F4B3924.d.99A74585A9865CC6A4F3E4FB0D7A2223.e.4111","ELEMENT":"f.71948811B2353B7E36D356F88F4B3924.d.99A74585A9865CC6A4F3E4FB0D7A2223.e.4111"}]}
COMMAND: GET /session/637de528f4e604e156fb3e125ad907fc/screenshot - {}
RESULT: {}
RESULT: {}
COMMAND: POST /session/637de528f4e604e156fb3e125ad907fc/execute/async - {"script":"<script> [1562 bytes]","args":[{"selector":{"id":"application-managepartners-display-component---masterPtm--smartFilterBar-btnBasicSearch","interaction":{"idSuffix":"I"}},"wdio_ui5_key":"applicationmanagepartners-display-component---masterPtm--smartFilterBar-btnBasicSearch"}]}
RESULT: {"script":"<script> [1562 bytes]","args":[{"selector":{"id":"application-managepartners-display-component---masterPtm--smartFilterBar-btnBasicSearch","interaction":{"idSuffix":"I"}},"wdio_ui5_key":"applicationmanagepartners-display-component---masterPtm--smartFilterBar-btnBasicSearch"}]}
RESULT: undefined
COMMAND: POST /session/637de528f4e604e156fb3e125ad907fc/execute/async - {"script":"<script> [776 bytes]","args":[{"enterText":"1312","selector":{"id":"application-managepartners-display-component---masterPtm--smartFilterBar-btnBasicSearch","interaction":{"idSuffix":"I"}},"clearTextFirst":true,"interactionType":"ENTER_TEXT"}]}
RESULT: {"script":"<script> [776 bytes]","args":[{"enterText":"1312","selector":{"id":"application-managepartners-display-component---masterPtm--smartFilterBar-btnBasicSearch","interaction":{"idSuffix":"I"}},"clearTextFirst":true,"interactionType":"ENTER_TEXT"}]}
COMMAND: POST /session/637de528f4e604e156fb3e125ad907fc/actions - {"actions":[{"id":"action11","type":"key","parameters":{},"actions":[{"type":"keyDown","value":""},{"type":"pause","duration":10},{"type":"keyUp","value":""}]}]}
RESULT: {"actions":[{"id":"action11","type":"key","parameters":{},"actions":[{"type":"keyDown","value":""},{"type":"pause","duration":10},{"type":"keyUp","value":""}]}]}
COMMAND: GET /session/637de528f4e604e156fb3e125ad907fc/screenshot - {}
RESULT: {}
COMMAND: POST /session/637de528f4e604e156fb3e125ad907fc/elements - {"using":"xpath","value":"//table[contains(@id, \"customPartnersTable-listUl\")]/tbody/tr"}
RESULT: {"using":"xpath","value":"//table[contains(@id, \"customPartnersTable-listUl\")]/tbody/tr"}
COMMAND: POST /session/637de528f4e604e156fb3e125ad907fc/element - {"using":"xpath","value":"//table[contains(@id, \"customPartnersTable-listUl\")]/tbody/tr[1]/td[3]/span"}
RESULT: {"using":"xpath","value":"//table[contains(@id, \"customPartnersTable-listUl\")]/tbody/tr[1]/td[3]/span"}
COMMAND: POST /session/637de528f4e604e156fb3e125ad907fc/elements - {"using":"xpath","value":"//table[contains(@id, \"customPartnersTable-listUl\")]/tbody/tr[1]/td[3]/span"}
RESULT: {"using":"xpath","value":"//table[contains(@id, \"customPartnersTable-listUl\")]/tbody/tr[1]/td[3]/span"}
COMMAND: POST /session/637de528f4e604e156fb3e125ad907fc/execute/sync - {"script":"<script> [56 bytes]","args":[{"element-6066-11e4-a52e-4f735466cecf":"f.71948811B2353B7E36D356F88F4B3924.d.99A74585A9865CC6A4F3E4FB0D7A2223.e.4148","ELEMENT":"f.71948811B2353B7E36D356F88F4B3924.d.99A74585A9865CC6A4F3E4FB0D7A2223.e.4148"}]}
RESULT: {"script":"<script> [56 bytes]","args":[{"element-6066-11e4-a52e-4f735466cecf":"f.71948811B2353B7E36D356F88F4B3924.d.99A74585A9865CC6A4F3E4FB0D7A2223.e.4148","ELEMENT":"f.71948811B2353B7E36D356F88F4B3924.d.99A74585A9865CC6A4F3E4FB0D7A2223.e.4148"}]}
COMMAND: POST /session/637de528f4e604e156fb3e125ad907fc/element - {"using":"xpath","value":"(//span[contains(@id, \"imgNav\")])[1]"}
COMMAND: GET /session/637de528f4e604e156fb3e125ad907fc/screenshot - {}
RESULT: {"using":"xpath","value":"(//span[contains(@id, \"imgNav\")])[1]"}
COMMAND: POST /session/637de528f4e604e156fb3e125ad907fc/element/f.71948811B2353B7E36D356F88F4B3924.d.99A74585A9865CC6A4F3E4FB0D7A2223.e.4146/click - {}
RESULT: {}
RESULT: {}
COMMAND: GET /session/637de528f4e604e156fb3e125ad907fc/screenshot - {}
RESULT: {}
COMMAND: POST /session/637de528f4e604e156fb3e125ad907fc/element - {"using":"xpath","value":"//bdi[contains(text(), \"Edit\")]"}
RESULT: {"using":"xpath","value":"//bdi[contains(text(), \"Edit\")]"}
COMMAND: POST /session/637de528f4e604e156fb3e125ad907fc/element/f.71948811B2353B7E36D356F88F4B3924.d.99A74585A9865CC6A4F3E4FB0D7A2223.e.4294/click - {}
RESULT: {}
COMMAND: GET /session/637de528f4e604e156fb3e125ad907fc/screenshot - {}
RESULT: {}
COMMAND: POST /session/637de528f4e604e156fb3e125ad907fc/execute/async - {"script":"<script> [1562 bytes]","args":[{"selector":{"controlType":"sap.m.Input","viewName":"etm.portal.ui.managepartners.view.EditDetail","labelFor":{"text":"Name"},"interaction":{"idSuffix":"inner"}},"wdio_ui5_key":"etmportal.ui.managepartners.view.EditDetailsap.m.Input{\"text\":\"Name\"}"}]}
RESULT: {"script":"<script> [1562 bytes]","args":[{"selector":{"controlType":"sap.m.Input","viewName":"etm.portal.ui.managepartners.view.EditDetail","labelFor":{"text":"Name"},"interaction":{"idSuffix":"inner"}},"wdio_ui5_key":"etmportal.ui.managepartners.view.EditDetailsap.m.Input{\"text\":\"Name\"}"}]}
RESULT: undefined
COMMAND: POST /session/637de528f4e604e156fb3e125ad907fc/execute/async - {"script":"<script> [776 bytes]","args":[{"enterText":"Intercompany EDIT","selector":{"controlType":"sap.m.Input","viewName":"etm.portal.ui.managepartners.view.EditDetail","labelFor":{"text":"Name"},"interaction":{"idSuffix":"inner"}},"clearTextFirst":true,"interactionType":"ENTER_TEXT"}]}
RESULT: {"script":"<script> [776 bytes]","args":[{"enterText":"Intercompany EDIT","selector":{"controlType":"sap.m.Input","viewName":"etm.portal.ui.managepartners.view.EditDetail","labelFor":{"text":"Name"},"interaction":{"idSuffix":"inner"}},"clearTextFirst":true,"interactionType":"ENTER_TEXT"}]}
COMMAND: POST /session/637de528f4e604e156fb3e125ad907fc/element - {"using":"xpath","value":"(//span[contains(@id,\"addressDetailDetailsLanguage-arrow\")])[1]"}
RESULT: {"using":"xpath","value":"(//span[contains(@id,\"addressDetailDetailsLanguage-arrow\")])[1]"}
COMMAND: POST /session/637de528f4e604e156fb3e125ad907fc/element/f.71948811B2353B7E36D356F88F4B3924.d.99A74585A9865CC6A4F3E4FB0D7A2223.e.4378/click - {}
RESULT: {}
COMMAND: POST /session/637de528f4e604e156fb3e125ad907fc/element - {"using":"xpath","value":"//span[contains(text(), \"Chinese\")]"}
COMMAND: GET /session/637de528f4e604e156fb3e125ad907fc/screenshot - {}
RESULT: {"using":"xpath","value":"//span[contains(text(), \"Chinese\")]"}
COMMAND: POST /session/637de528f4e604e156fb3e125ad907fc/element/f.71948811B2353B7E36D356F88F4B3924.d.99A74585A9865CC6A4F3E4FB0D7A2223.e.4379/click - {}
RESULT: {}
RESULT: {}
COMMAND: GET /session/637de528f4e604e156fb3e125ad907fc/screenshot - {}
RESULT: {}
COMMAND: POST /session/637de528f4e604e156fb3e125ad907fc/execute/async - {"script":"<script> [1562 bytes]","args":[{"selector":{"controlType":"sap.m.Input","viewName":"etm.portal.ui.managepartners.view.EditDetail","labelFor":{"text":"City"},"interaction":{"idSuffix":"inner"}},"wdio_ui5_key":"etmportal.ui.managepartners.view.EditDetailsap.m.Input{\"text\":\"City\"}"}]}
RESULT: {"script":"<script> [1562 bytes]","args":[{"selector":{"controlType":"sap.m.Input","viewName":"etm.portal.ui.managepartners.view.EditDetail","labelFor":{"text":"City"},"interaction":{"idSuffix":"inner"}},"wdio_ui5_key":"etmportal.ui.managepartners.view.EditDetailsap.m.Input{\"text\":\"City\"}"}]}
RESULT: undefined
COMMAND: POST /session/637de528f4e604e156fb3e125ad907fc/execute/async - {"script":"<script> [776 bytes]","args":[{"enterText":"Clooj-Napoca","selector":{"controlType":"sap.m.Input","viewName":"etm.portal.ui.managepartners.view.EditDetail","labelFor":{"text":"City"},"interaction":{"idSuffix":"inner"}},"clearTextFirst":true,"interactionType":"ENTER_TEXT"}]}
RESULT: {"script":"<script> [776 bytes]","args":[{"enterText":"Clooj-Napoca","selector":{"controlType":"sap.m.Input","viewName":"etm.portal.ui.managepartners.view.EditDetail","labelFor":{"text":"City"},"interaction":{"idSuffix":"inner"}},"clearTextFirst":true,"interactionType":"ENTER_TEXT"}]}
COMMAND: POST /session/637de528f4e604e156fb3e125ad907fc/element - {"using":"xpath","value":"//button[@data-kt=\"saveButton\"]"}
RESULT: {"using":"xpath","value":"//button[@data-kt=\"saveButton\"]"}
COMMAND: POST /session/637de528f4e604e156fb3e125ad907fc/element/f.71948811B2353B7E36D356F88F4B3924.d.99A74585A9865CC6A4F3E4FB0D7A2223.e.4357/click - {}
RESULT: {}
COMMAND: GET /session/637de528f4e604e156fb3e125ad907fc/screenshot - {}
RESULT: {}
COMMAND: POST /session/637de528f4e604e156fb3e125ad907fc/execute/async - {"script":"<script> [1562 bytes]","args":[{"selector":{"id":"application-managepartners-display-component---detailPtm--addressDetailDetailsName1"},"wdio_ui5_key":"applicationmanagepartners-display-component---detailPtm--addressDetailDetailsName1"}]}
RESULT: {"script":"<script> [1562 bytes]","args":[{"selector":{"id":"application-managepartners-display-component---detailPtm--addressDetailDetailsName1"},"wdio_ui5_key":"applicationmanagepartners-display-component---detailPtm--addressDetailDetailsName1"}]}
RESULT: undefined
COMMAND: POST /session/637de528f4e604e156fb3e125ad907fc/execute/async - {"script":"<script> [6424 bytes]","args":[{"element-6066-11e4-a52e-4f735466cecf":"f.71948811B2353B7E36D356F88F4B3924.d.99A74585A9865CC6A4F3E4FB0D7A2223.e.4410"},"getValue",[]]}
RESULT: {"script":"<script> [6424 bytes]","args":[{"element-6066-11e4-a52e-4f735466cecf":"f.71948811B2353B7E36D356F88F4B3924.d.99A74585A9865CC6A4F3E4FB0D7A2223.e.4410"},"getValue",[]]}
COMMAND: POST /session/637de528f4e604e156fb3e125ad907fc/element - {"using":"xpath","value":"//input[@id = \"application-managepartners-display-component---detailPtm--addressDetailDetailsLanguage-inner\"]"}
RESULT: {"using":"xpath","value":"//input[@id = \"application-managepartners-display-component---detailPtm--addressDetailDetailsLanguage-inner\"]"}
COMMAND: GET /session/637de528f4e604e156fb3e125ad907fc/element/f.71948811B2353B7E36D356F88F4B3924.d.99A74585A9865CC6A4F3E4FB0D7A2223.e.4411/property/value - {}
RESULT: {}
COMMAND: POST /session/637de528f4e604e156fb3e125ad907fc/execute/async - {"script":"<script> [1562 bytes]","args":[{"selector":{"id":"application-managepartners-display-component---detailPtm--addressDetailDetailsCity1"},"wdio_ui5_key":"applicationmanagepartners-display-component---detailPtm--addressDetailDetailsCity1"}]}
COMMAND: GET /session/637de528f4e604e156fb3e125ad907fc/screenshot - {}
RESULT: {"script":"<script> [1562 bytes]","args":[{"selector":{"id":"application-managepartners-display-component---detailPtm--addressDetailDetailsCity1"},"wdio_ui5_key":"applicationmanagepartners-display-component---detailPtm--addressDetailDetailsCity1"}]}
RESULT: undefined
COMMAND: POST /session/637de528f4e604e156fb3e125ad907fc/execute/async - {"script":"<script> [6424 bytes]","args":[{"element-6066-11e4-a52e-4f735466cecf":"f.71948811B2353B7E36D356F88F4B3924.d.99A74585A9865CC6A4F3E4FB0D7A2223.e.4412"},"getValue",[]]}
RESULT: {}
RESULT: {"script":"<script> [6424 bytes]","args":[{"element-6066-11e4-a52e-4f735466cecf":"f.71948811B2353B7E36D356F88F4B3924.d.99A74585A9865CC6A4F3E4FB0D7A2223.e.4412"},"getValue",[]]}
COMMAND: POST /session/637de528f4e604e156fb3e125ad907fc/element - {"using":"css selector","value":"#shell-header-logo"}
RESULT: {"using":"css selector","value":"#shell-header-logo"}
COMMAND: POST /session/637de528f4e604e156fb3e125ad907fc/element/f.71948811B2353B7E36D356F88F4B3924.d.99A74585A9865CC6A4F3E4FB0D7A2223.e.3967/click - {}
RESULT: {}
COMMAND: GET /session/637de528f4e604e156fb3e125ad907fc/screenshot - {}
RESULT: {}
]]></system-out>
    </testcase>
    <testcase classname="chrome.136_0_7103_93.windows.Partner_specific_tests_US150819_US151080_US151654_US151176_US103444_US151078_US151079_US151109_US151174_US151175_US151189" name="Should create a new intracompany partner edit some of its fields US151079" time="253.372">
      <system-out><![CDATA[
COMMAND: POST /session/637de528f4e604e156fb3e125ad907fc/element - {"using":"xpath","value":"//li[.//span[text()=\"Manage Partners\"]]"}
RESULT: {"using":"xpath","value":"//li[.//span[text()=\"Manage Partners\"]]"}
COMMAND: POST /session/637de528f4e604e156fb3e125ad907fc/element - {"using":"xpath","value":"//li[.//span[text()=\"Manage Partners\"]]"}
RESULT: {"using":"xpath","value":"//li[.//span[text()=\"Manage Partners\"]]"}
COMMAND: POST /session/637de528f4e604e156fb3e125ad907fc/element - {"using":"css selector","value":"#shell-header-logo"}
RESULT: {"using":"css selector","value":"#shell-header-logo"}
COMMAND: POST /session/637de528f4e604e156fb3e125ad907fc/element/f.71948811B2353B7E36D356F88F4B3924.d.99A74585A9865CC6A4F3E4FB0D7A2223.e.4442/click - {}
COMMAND: POST /session/637de528f4e604e156fb3e125ad907fc/execute/sync - {"script":"<script> [8489 bytes]","args":[{"element-6066-11e4-a52e-4f735466cecf":"f.71948811B2353B7E36D356F88F4B3924.d.99A74585A9865CC6A4F3E4FB0D7A2223.e.4442","ELEMENT":"f.71948811B2353B7E36D356F88F4B3924.d.99A74585A9865CC6A4F3E4FB0D7A2223.e.4442"}]}
RESULT: {}
COMMAND: GET /session/637de528f4e604e156fb3e125ad907fc/screenshot - {}
RESULT: {"script":"<script> [8489 bytes]","args":[{"element-6066-11e4-a52e-4f735466cecf":"f.71948811B2353B7E36D356F88F4B3924.d.99A74585A9865CC6A4F3E4FB0D7A2223.e.4442","ELEMENT":"f.71948811B2353B7E36D356F88F4B3924.d.99A74585A9865CC6A4F3E4FB0D7A2223.e.4442"}]}
COMMAND: POST /session/637de528f4e604e156fb3e125ad907fc/execute/sync - {"script":"<script> [5351 bytes]","args":[{"element-6066-11e4-a52e-4f735466cecf":"f.71948811B2353B7E36D356F88F4B3924.d.99A74585A9865CC6A4F3E4FB0D7A2223.e.4442","ELEMENT":"f.71948811B2353B7E36D356F88F4B3924.d.99A74585A9865CC6A4F3E4FB0D7A2223.e.4442"}]}
COMMAND: GET /session/637de528f4e604e156fb3e125ad907fc/screenshot - {}
RESULT: {}
RESULT: {"script":"<script> [5351 bytes]","args":[{"element-6066-11e4-a52e-4f735466cecf":"f.71948811B2353B7E36D356F88F4B3924.d.99A74585A9865CC6A4F3E4FB0D7A2223.e.4442","ELEMENT":"f.71948811B2353B7E36D356F88F4B3924.d.99A74585A9865CC6A4F3E4FB0D7A2223.e.4442"}]}
COMMAND: GET /session/637de528f4e604e156fb3e125ad907fc/screenshot - {}
RESULT: {}
RESULT: {}
COMMAND: POST /session/637de528f4e604e156fb3e125ad907fc/refresh - {}
RESULT: {}
COMMAND: GET /session/637de528f4e604e156fb3e125ad907fc/screenshot - {}
RESULT: {}
COMMAND: POST /session/637de528f4e604e156fb3e125ad907fc/refresh - {}
RESULT: {}
COMMAND: GET /session/637de528f4e604e156fb3e125ad907fc/screenshot - {}
RESULT: {}
COMMAND: POST /session/637de528f4e604e156fb3e125ad907fc/window/fullscreen - {}
RESULT: {}
COMMAND: POST /session/637de528f4e604e156fb3e125ad907fc/execute/async - {"script":"<script> [189 bytes]","args":[]}
RESULT: {"script":"<script> [189 bytes]","args":[]}
COMMAND: POST /session/637de528f4e604e156fb3e125ad907fc/execute/async - {"script":"<script> [123 bytes]","args":[]}
RESULT: {"script":"<script> [123 bytes]","args":[]}
COMMAND: POST /session/637de528f4e604e156fb3e125ad907fc/timeouts - {"script":"<number>"}
RESULT: {"script":"<number>"}
COMMAND: GET /session/637de528f4e604e156fb3e125ad907fc/timeouts - {}
RESULT: {}
RESULT: undefined
COMMAND: POST /session/637de528f4e604e156fb3e125ad907fc/execute/async - {"script":"<script> [2676 bytes]","args":[]}
RESULT: {"script":"<script> [2676 bytes]","args":[]}
COMMAND: POST /session/637de528f4e604e156fb3e125ad907fc/execute/async - {"script":"<script> [2342 bytes]","args":[{"protocol":"http","hostname":"0.0.0.0","path":"/","capabilities":{"browserName":"chrome","goog:chromeOptions":{"binary":"C:\\Program Files\\Google\\Chrome\\Application\\chrome.exe","args":["--start-maximized"]}},"logLevel":"warn","connectionRetryTimeout":120000,"connectionRetryCount":3,"logLevels":{},"enableDirectConnect":true,"strictSSL":true,"_":"65 more keys: [\"cacheDir\",\"port\",\"requestedCapabilities\",\"automationProtocol\",\"baseUrl\",\"waitforInterval\",\"waitforTimeout\",\"onReload\",\"beforeCommand\",\"afterCommand\",\"rootDir\",\"specs\",\"suites\",\"exclude\",\"groupLogsByTestSpec\",\"excludeDriverLogs\",\"bail\",\"framework\",\"reporters\",\"services\",\"maxInstances\",\"maxInstancesPerCapability\",\"injectGlobals\",\"filesToWatch\",\"execArgv\",\"runnerEnv\",\"runner\",\"shard\",\"specFileRetries\",\"specFileRetriesDelay\",\"specFileRetriesDeferred\",\"reporterSyncInterval\",\"reporterSyncTimeout\",\"cucumberFeaturesWithLineNumbers\",\"autoCompileOpts\",\"mochaOpts\",\"jasmineOpts\",\"cucumberOpts\",\"onPrepare\",\"onWorkerStart\",\"onWorkerEnd\",\"before\",\"beforeSession\",\"beforeSuite\",\"beforeHook\",\"beforeTest\",\"afterTest\",\"afterHook\",\"afterSuite\",\"afterSession\",\"after\",\"onComplete\",\"beforeAssertion\",\"afterAssertion\",\"beforeFeature\",\"beforeScenario\",\"beforeStep\",\"afterStep\",\"afterScenario\",\"afterFeature\",\"_\",\"suite\",\"$0\",\"ignoredWorkerServices\",\"wdi5\"]"}]}
RESULT: {"script":"<script> [2342 bytes]","args":[{"protocol":"http","hostname":"0.0.0.0","path":"/","capabilities":{"browserName":"chrome","goog:chromeOptions":{"binary":"C:\\Program Files\\Google\\Chrome\\Application\\chrome.exe","args":["--start-maximized"]}},"logLevel":"warn","connectionRetryTimeout":120000,"connectionRetryCount":3,"logLevels":{},"enableDirectConnect":true,"strictSSL":true,"_":"65 more keys: [\"cacheDir\",\"port\",\"requestedCapabilities\",\"automationProtocol\",\"baseUrl\",\"waitforInterval\",\"waitforTimeout\",\"onReload\",\"beforeCommand\",\"afterCommand\",\"rootDir\",\"specs\",\"suites\",\"exclude\",\"groupLogsByTestSpec\",\"excludeDriverLogs\",\"bail\",\"framework\",\"reporters\",\"services\",\"maxInstances\",\"maxInstancesPerCapability\",\"injectGlobals\",\"filesToWatch\",\"execArgv\",\"runnerEnv\",\"runner\",\"shard\",\"specFileRetries\",\"specFileRetriesDelay\",\"specFileRetriesDeferred\",\"reporterSyncInterval\",\"reporterSyncTimeout\",\"cucumberFeaturesWithLineNumbers\",\"autoCompileOpts\",\"mochaOpts\",\"jasmineOpts\",\"cucumberOpts\",\"onPrepare\",\"onWorkerStart\",\"onWorkerEnd\",\"before\",\"beforeSession\",\"beforeSuite\",\"beforeHook\",\"beforeTest\",\"afterTest\",\"afterHook\",\"afterSuite\",\"afterSession\",\"after\",\"onComplete\",\"beforeAssertion\",\"afterAssertion\",\"beforeFeature\",\"beforeScenario\",\"beforeStep\",\"afterStep\",\"afterScenario\",\"afterFeature\",\"_\",\"suite\",\"$0\",\"ignoredWorkerServices\",\"wdi5\"]"}]}
COMMAND: POST /session/637de528f4e604e156fb3e125ad907fc/execute/async - {"script":"<script> [21126 bytes]","args":[35000]}
RESULT: {"script":"<script> [21126 bytes]","args":[35000]}
COMMAND: POST /session/637de528f4e604e156fb3e125ad907fc/window/fullscreen - {}
RESULT: {}
COMMAND: POST /session/637de528f4e604e156fb3e125ad907fc/window/fullscreen - {}
RESULT: {}
COMMAND: POST /session/637de528f4e604e156fb3e125ad907fc/execute/async - {"script":"<script> [1562 bytes]","args":[{"selector":{"controlType":"sap.m.GenericTile","properties":{"header":"Manage Partners"}},"wdio_ui5_key":"sapm.GenericTile{\"header\":\"Manage Partners\"}"}]}
RESULT: {"script":"<script> [1562 bytes]","args":[{"selector":{"controlType":"sap.m.GenericTile","properties":{"header":"Manage Partners"}},"wdio_ui5_key":"sapm.GenericTile{\"header\":\"Manage Partners\"}"}]}
RESULT: undefined
COMMAND: POST /session/637de528f4e604e156fb3e125ad907fc/element - {"using":"xpath","value":"//*[@id=\"__tile30\"]"}
RESULT: {"using":"xpath","value":"//*[@id=\"__tile30\"]"}
COMMAND: POST /session/637de528f4e604e156fb3e125ad907fc/element/f.71948811B2353B7E36D356F88F4B3924.d.10BA770F4DB8AB27D1D45FC2B340631F.e.4509/click - {}
RESULT: {}
COMMAND: GET /session/637de528f4e604e156fb3e125ad907fc/screenshot - {}
RESULT: {}
COMMAND: POST /session/637de528f4e604e156fb3e125ad907fc/elements - {"using":"xpath","value":"//span[text()='Error']"}
RESULT: {"using":"xpath","value":"//span[text()='Error']"}
COMMAND: POST /session/637de528f4e604e156fb3e125ad907fc/element - {"using":"xpath","value":"//button[@data-kt=\"addButton\"]"}
RESULT: {"using":"xpath","value":"//button[@data-kt=\"addButton\"]"}
COMMAND: POST /session/637de528f4e604e156fb3e125ad907fc/elements - {"using":"xpath","value":"//button[@data-kt=\"addButton\"]"}
RESULT: {"using":"xpath","value":"//button[@data-kt=\"addButton\"]"}
COMMAND: POST /session/637de528f4e604e156fb3e125ad907fc/execute/sync - {"script":"<script> [8489 bytes]","args":[{"element-6066-11e4-a52e-4f735466cecf":"f.71948811B2353B7E36D356F88F4B3924.d.10BA770F4DB8AB27D1D45FC2B340631F.e.4634","ELEMENT":"f.71948811B2353B7E36D356F88F4B3924.d.10BA770F4DB8AB27D1D45FC2B340631F.e.4634"}]}
RESULT: {"script":"<script> [8489 bytes]","args":[{"element-6066-11e4-a52e-4f735466cecf":"f.71948811B2353B7E36D356F88F4B3924.d.10BA770F4DB8AB27D1D45FC2B340631F.e.4634","ELEMENT":"f.71948811B2353B7E36D356F88F4B3924.d.10BA770F4DB8AB27D1D45FC2B340631F.e.4634"}]}
COMMAND: GET /session/637de528f4e604e156fb3e125ad907fc/element/f.71948811B2353B7E36D356F88F4B3924.d.10BA770F4DB8AB27D1D45FC2B340631F.e.4634/enabled - {}
COMMAND: GET /session/637de528f4e604e156fb3e125ad907fc/screenshot - {}
RESULT: {}
COMMAND: POST /session/637de528f4e604e156fb3e125ad907fc/execute/sync - {"script":"<script> [8489 bytes]","args":[{"element-6066-11e4-a52e-4f735466cecf":"f.71948811B2353B7E36D356F88F4B3924.d.10BA770F4DB8AB27D1D45FC2B340631F.e.4634","ELEMENT":"f.71948811B2353B7E36D356F88F4B3924.d.10BA770F4DB8AB27D1D45FC2B340631F.e.4634"}]}
COMMAND: GET /session/637de528f4e604e156fb3e125ad907fc/screenshot - {}
RESULT: {}
RESULT: {"script":"<script> [8489 bytes]","args":[{"element-6066-11e4-a52e-4f735466cecf":"f.71948811B2353B7E36D356F88F4B3924.d.10BA770F4DB8AB27D1D45FC2B340631F.e.4634","ELEMENT":"f.71948811B2353B7E36D356F88F4B3924.d.10BA770F4DB8AB27D1D45FC2B340631F.e.4634"}]}
COMMAND: POST /session/637de528f4e604e156fb3e125ad907fc/execute/sync - {"script":"<script> [5351 bytes]","args":[{"element-6066-11e4-a52e-4f735466cecf":"f.71948811B2353B7E36D356F88F4B3924.d.10BA770F4DB8AB27D1D45FC2B340631F.e.4634","ELEMENT":"f.71948811B2353B7E36D356F88F4B3924.d.10BA770F4DB8AB27D1D45FC2B340631F.e.4634"}]}
COMMAND: GET /session/637de528f4e604e156fb3e125ad907fc/screenshot - {}
RESULT: {}
RESULT: {"script":"<script> [5351 bytes]","args":[{"element-6066-11e4-a52e-4f735466cecf":"f.71948811B2353B7E36D356F88F4B3924.d.10BA770F4DB8AB27D1D45FC2B340631F.e.4634","ELEMENT":"f.71948811B2353B7E36D356F88F4B3924.d.10BA770F4DB8AB27D1D45FC2B340631F.e.4634"}]}
COMMAND: POST /session/637de528f4e604e156fb3e125ad907fc/element/f.71948811B2353B7E36D356F88F4B3924.d.10BA770F4DB8AB27D1D45FC2B340631F.e.4634/click - {}
COMMAND: GET /session/637de528f4e604e156fb3e125ad907fc/screenshot - {}
RESULT: {}
RESULT: {}
COMMAND: GET /session/637de528f4e604e156fb3e125ad907fc/screenshot - {}
COMMAND: POST /session/637de528f4e604e156fb3e125ad907fc/execute/async - {"script":"<script> [1562 bytes]","args":[{"selector":{"id":"application-managepartners-display-component---NewPartner--addressDetailDetailsName1","interaction":{"idSuffix":"inner"}},"wdio_ui5_key":"applicationmanagepartners-display-component---NewPartner--addressDetailDetailsName1"}]}
RESULT: {}
RESULT: {}
RESULT: {"script":"<script> [1562 bytes]","args":[{"selector":{"id":"application-managepartners-display-component---NewPartner--addressDetailDetailsName1","interaction":{"idSuffix":"inner"}},"wdio_ui5_key":"applicationmanagepartners-display-component---NewPartner--addressDetailDetailsName1"}]}
RESULT: undefined
COMMAND: POST /session/637de528f4e604e156fb3e125ad907fc/execute/async - {"script":"<script> [776 bytes]","args":[{"enterText":"Intracompany Partner WDIO","selector":{"id":"application-managepartners-display-component---NewPartner--addressDetailDetailsName1","interaction":{"idSuffix":"inner"}},"clearTextFirst":true,"interactionType":"ENTER_TEXT"}]}
RESULT: {"script":"<script> [776 bytes]","args":[{"enterText":"Intracompany Partner WDIO","selector":{"id":"application-managepartners-display-component---NewPartner--addressDetailDetailsName1","interaction":{"idSuffix":"inner"}},"clearTextFirst":true,"interactionType":"ENTER_TEXT"}]}
COMMAND: POST /session/637de528f4e604e156fb3e125ad907fc/execute/async - {"script":"<script> [1562 bytes]","args":[{"selector":{"id":"application-managepartners-display-component---NewPartner--addressDetailDetailsLanguage-arrow"},"wdio_ui5_key":"applicationmanagepartners-display-component---NewPartner--addressDetailDetailsLanguage-arrow"}]}
RESULT: {"script":"<script> [1562 bytes]","args":[{"selector":{"id":"application-managepartners-display-component---NewPartner--addressDetailDetailsLanguage-arrow"},"wdio_ui5_key":"applicationmanagepartners-display-component---NewPartner--addressDetailDetailsLanguage-arrow"}]}
RESULT: undefined
COMMAND: POST /session/637de528f4e604e156fb3e125ad907fc/element - {"using":"xpath","value":"//*[@id=\"application-managepartners-display-component---NewPartner--addressDetailDetailsLanguage-arrow\"]"}
RESULT: {"using":"xpath","value":"//*[@id=\"application-managepartners-display-component---NewPartner--addressDetailDetailsLanguage-arrow\"]"}
COMMAND: POST /session/637de528f4e604e156fb3e125ad907fc/element/f.71948811B2353B7E36D356F88F4B3924.d.10BA770F4DB8AB27D1D45FC2B340631F.e.5078/click - {}
RESULT: {}
COMMAND: POST /session/637de528f4e604e156fb3e125ad907fc/element - {"using":"xpath","value":"//span[contains(text(), \"English\")]"}
COMMAND: GET /session/637de528f4e604e156fb3e125ad907fc/screenshot - {}
RESULT: {"using":"xpath","value":"//span[contains(text(), \"English\")]"}
COMMAND: POST /session/637de528f4e604e156fb3e125ad907fc/element/f.71948811B2353B7E36D356F88F4B3924.d.10BA770F4DB8AB27D1D45FC2B340631F.e.5079/click - {}
RESULT: {}
RESULT: {}
COMMAND: GET /session/637de528f4e604e156fb3e125ad907fc/screenshot - {}
RESULT: {}
COMMAND: POST /session/637de528f4e604e156fb3e125ad907fc/execute/async - {"script":"<script> [1562 bytes]","args":[{"selector":{"id":"application-managepartners-display-component---NewPartner--addressDetailDetailsCity1","interaction":{"idSuffix":"inner"}},"wdio_ui5_key":"applicationmanagepartners-display-component---NewPartner--addressDetailDetailsCity1"}]}
RESULT: {"script":"<script> [1562 bytes]","args":[{"selector":{"id":"application-managepartners-display-component---NewPartner--addressDetailDetailsCity1","interaction":{"idSuffix":"inner"}},"wdio_ui5_key":"applicationmanagepartners-display-component---NewPartner--addressDetailDetailsCity1"}]}
RESULT: undefined
COMMAND: POST /session/637de528f4e604e156fb3e125ad907fc/execute/async - {"script":"<script> [776 bytes]","args":[{"enterText":"Rosario","selector":{"id":"application-managepartners-display-component---NewPartner--addressDetailDetailsCity1","interaction":{"idSuffix":"inner"}},"clearTextFirst":true,"interactionType":"ENTER_TEXT"}]}
RESULT: {"script":"<script> [776 bytes]","args":[{"enterText":"Rosario","selector":{"id":"application-managepartners-display-component---NewPartner--addressDetailDetailsCity1","interaction":{"idSuffix":"inner"}},"clearTextFirst":true,"interactionType":"ENTER_TEXT"}]}
COMMAND: POST /session/637de528f4e604e156fb3e125ad907fc/execute/async - {"script":"<script> [1562 bytes]","args":[{"selector":{"id":"application-managepartners-display-component---NewPartner--addressDetailDetailsCountry-arrow"},"wdio_ui5_key":"applicationmanagepartners-display-component---NewPartner--addressDetailDetailsCountry-arrow"}]}
RESULT: {"script":"<script> [1562 bytes]","args":[{"selector":{"id":"application-managepartners-display-component---NewPartner--addressDetailDetailsCountry-arrow"},"wdio_ui5_key":"applicationmanagepartners-display-component---NewPartner--addressDetailDetailsCountry-arrow"}]}
RESULT: undefined
COMMAND: POST /session/637de528f4e604e156fb3e125ad907fc/element - {"using":"xpath","value":"//*[@id=\"application-managepartners-display-component---NewPartner--addressDetailDetailsCountry-arrow\"]"}
RESULT: {"using":"xpath","value":"//*[@id=\"application-managepartners-display-component---NewPartner--addressDetailDetailsCountry-arrow\"]"}
COMMAND: POST /session/637de528f4e604e156fb3e125ad907fc/element/f.71948811B2353B7E36D356F88F4B3924.d.10BA770F4DB8AB27D1D45FC2B340631F.e.5060/click - {}
RESULT: {}
COMMAND: POST /session/637de528f4e604e156fb3e125ad907fc/element - {"using":"xpath","value":"//span[contains(text(), \"Argentina\")]"}
COMMAND: GET /session/637de528f4e604e156fb3e125ad907fc/screenshot - {}
RESULT: {"using":"xpath","value":"//span[contains(text(), \"Argentina\")]"}
COMMAND: POST /session/637de528f4e604e156fb3e125ad907fc/element/f.71948811B2353B7E36D356F88F4B3924.d.10BA770F4DB8AB27D1D45FC2B340631F.e.5081/click - {}
RESULT: {}
RESULT: {}
COMMAND: GET /session/637de528f4e604e156fb3e125ad907fc/screenshot - {}
RESULT: {}
COMMAND: POST /session/637de528f4e604e156fb3e125ad907fc/element - {"using":"xpath","value":"//bdi[contains(text(), \"Commercial\")]"}
RESULT: {"using":"xpath","value":"//bdi[contains(text(), \"Commercial\")]"}
COMMAND: POST /session/637de528f4e604e156fb3e125ad907fc/element/f.71948811B2353B7E36D356F88F4B3924.d.10BA770F4DB8AB27D1D45FC2B340631F.e.5082/click - {}
RESULT: {}
COMMAND: GET /session/637de528f4e604e156fb3e125ad907fc/screenshot - {}
RESULT: {}
COMMAND: POST /session/637de528f4e604e156fb3e125ad907fc/execute/async - {"script":"<script> [1562 bytes]","args":[{"selector":{"id":"application-managepartners-display-component---NewPartner--partnerDetailInternal-arrow"},"wdio_ui5_key":"applicationmanagepartners-display-component---NewPartner--partnerDetailInternal-arrow"}]}
RESULT: {"script":"<script> [1562 bytes]","args":[{"selector":{"id":"application-managepartners-display-component---NewPartner--partnerDetailInternal-arrow"},"wdio_ui5_key":"applicationmanagepartners-display-component---NewPartner--partnerDetailInternal-arrow"}]}
RESULT: undefined
COMMAND: POST /session/637de528f4e604e156fb3e125ad907fc/element - {"using":"xpath","value":"//*[@id=\"application-managepartners-display-component---NewPartner--partnerDetailInternal-arrow\"]"}
RESULT: {"using":"xpath","value":"//*[@id=\"application-managepartners-display-component---NewPartner--partnerDetailInternal-arrow\"]"}
COMMAND: POST /session/637de528f4e604e156fb3e125ad907fc/element/f.71948811B2353B7E36D356F88F4B3924.d.10BA770F4DB8AB27D1D45FC2B340631F.e.5088/click - {}
RESULT: {}
COMMAND: POST /session/637de528f4e604e156fb3e125ad907fc/element - {"using":"xpath","value":"//span[contains(text(), \"Affiliated company\")]"}
COMMAND: GET /session/637de528f4e604e156fb3e125ad907fc/screenshot - {}
RESULT: {"using":"xpath","value":"//span[contains(text(), \"Affiliated company\")]"}
COMMAND: POST /session/637de528f4e604e156fb3e125ad907fc/element/f.71948811B2353B7E36D356F88F4B3924.d.10BA770F4DB8AB27D1D45FC2B340631F.e.5089/click - {}
RESULT: {}
RESULT: {}
COMMAND: POST /session/637de528f4e604e156fb3e125ad907fc/execute/async - {"script":"<script> [1562 bytes]","args":[{"selector":{"id":"application-managepartners-display-component---NewPartner--partnerDetailsCurrency-arrow"},"wdio_ui5_key":"applicationmanagepartners-display-component---NewPartner--partnerDetailsCurrency-arrow"}]}
COMMAND: GET /session/637de528f4e604e156fb3e125ad907fc/screenshot - {}
RESULT: {"script":"<script> [1562 bytes]","args":[{"selector":{"id":"application-managepartners-display-component---NewPartner--partnerDetailsCurrency-arrow"},"wdio_ui5_key":"applicationmanagepartners-display-component---NewPartner--partnerDetailsCurrency-arrow"}]}
RESULT: undefined
COMMAND: POST /session/637de528f4e604e156fb3e125ad907fc/element - {"using":"xpath","value":"//*[@id=\"application-managepartners-display-component---NewPartner--partnerDetailsCurrency-arrow\"]"}
RESULT: {}
RESULT: {"using":"xpath","value":"//*[@id=\"application-managepartners-display-component---NewPartner--partnerDetailsCurrency-arrow\"]"}
COMMAND: POST /session/637de528f4e604e156fb3e125ad907fc/element/f.71948811B2353B7E36D356F88F4B3924.d.10BA770F4DB8AB27D1D45FC2B340631F.e.5096/click - {}
RESULT: {}
COMMAND: POST /session/637de528f4e604e156fb3e125ad907fc/element - {"using":"xpath","value":"//span[contains(text(), \"Euro\")]"}
COMMAND: GET /session/637de528f4e604e156fb3e125ad907fc/screenshot - {}
RESULT: {"using":"xpath","value":"//span[contains(text(), \"Euro\")]"}
COMMAND: POST /session/637de528f4e604e156fb3e125ad907fc/element/f.71948811B2353B7E36D356F88F4B3924.d.10BA770F4DB8AB27D1D45FC2B340631F.e.5097/click - {}
RESULT: {}
RESULT: {}
COMMAND: POST /session/637de528f4e604e156fb3e125ad907fc/execute/async - {"script":"<script> [1562 bytes]","args":[{"selector":{"id":"application-managepartners-display-component---NewPartner--addressEditDetailsCostObjectCstType-arrow"},"wdio_ui5_key":"applicationmanagepartners-display-component---NewPartner--addressEditDetailsCostObjectCstType-arrow"}]}
COMMAND: GET /session/637de528f4e604e156fb3e125ad907fc/screenshot - {}
RESULT: {"script":"<script> [1562 bytes]","args":[{"selector":{"id":"application-managepartners-display-component---NewPartner--addressEditDetailsCostObjectCstType-arrow"},"wdio_ui5_key":"applicationmanagepartners-display-component---NewPartner--addressEditDetailsCostObjectCstType-arrow"}]}
RESULT: undefined
COMMAND: POST /session/637de528f4e604e156fb3e125ad907fc/element - {"using":"xpath","value":"//*[@id=\"application-managepartners-display-component---NewPartner--addressEditDetailsCostObjectCstType-arrow\"]"}
RESULT: {}
RESULT: {"using":"xpath","value":"//*[@id=\"application-managepartners-display-component---NewPartner--addressEditDetailsCostObjectCstType-arrow\"]"}
COMMAND: POST /session/637de528f4e604e156fb3e125ad907fc/element/f.71948811B2353B7E36D356F88F4B3924.d.10BA770F4DB8AB27D1D45FC2B340631F.e.5098/click - {}
RESULT: {}
COMMAND: POST /session/637de528f4e604e156fb3e125ad907fc/element - {"using":"xpath","value":"//span[contains(text(), \"Cost Center\")]"}
COMMAND: GET /session/637de528f4e604e156fb3e125ad907fc/screenshot - {}
RESULT: {"using":"xpath","value":"//span[contains(text(), \"Cost Center\")]"}
COMMAND: POST /session/637de528f4e604e156fb3e125ad907fc/element/f.71948811B2353B7E36D356F88F4B3924.d.10BA770F4DB8AB27D1D45FC2B340631F.e.5099/click - {}
RESULT: {}
RESULT: {}
COMMAND: GET /session/637de528f4e604e156fb3e125ad907fc/screenshot - {}
RESULT: {}
COMMAND: POST /session/637de528f4e604e156fb3e125ad907fc/element - {"using":"xpath","value":"//span[@id=\"application-managepartners-display-component---NewPartner--addressNewCostObjectCstID-vhi\"]"}
RESULT: {"using":"xpath","value":"//span[@id=\"application-managepartners-display-component---NewPartner--addressNewCostObjectCstID-vhi\"]"}
COMMAND: POST /session/637de528f4e604e156fb3e125ad907fc/execute/sync - {"script":"<script> [8489 bytes]","args":[{"element-6066-11e4-a52e-4f735466cecf":"f.71948811B2353B7E36D356F88F4B3924.d.10BA770F4DB8AB27D1D45FC2B340631F.e.5103","ELEMENT":"f.71948811B2353B7E36D356F88F4B3924.d.10BA770F4DB8AB27D1D45FC2B340631F.e.5103"}]}
RESULT: {"script":"<script> [8489 bytes]","args":[{"element-6066-11e4-a52e-4f735466cecf":"f.71948811B2353B7E36D356F88F4B3924.d.10BA770F4DB8AB27D1D45FC2B340631F.e.5103","ELEMENT":"f.71948811B2353B7E36D356F88F4B3924.d.10BA770F4DB8AB27D1D45FC2B340631F.e.5103"}]}
COMMAND: POST /session/637de528f4e604e156fb3e125ad907fc/execute/async - {"script":"<script> [1562 bytes]","args":[{"selector":{"id":"application-managepartners-display-component---NewPartner--addressNewCostObjectCstID-vhi"},"wdio_ui5_key":"applicationmanagepartners-display-component---NewPartner--addressNewCostObjectCstID-vhi"}]}
COMMAND: GET /session/637de528f4e604e156fb3e125ad907fc/screenshot - {}
RESULT: {"script":"<script> [1562 bytes]","args":[{"selector":{"id":"application-managepartners-display-component---NewPartner--addressNewCostObjectCstID-vhi"},"wdio_ui5_key":"applicationmanagepartners-display-component---NewPartner--addressNewCostObjectCstID-vhi"}]}
RESULT: undefined
COMMAND: POST /session/637de528f4e604e156fb3e125ad907fc/element - {"using":"xpath","value":"//*[@id=\"application-managepartners-display-component---NewPartner--addressNewCostObjectCstID-vhi\"]"}
RESULT: {}
RESULT: {"using":"xpath","value":"//*[@id=\"application-managepartners-display-component---NewPartner--addressNewCostObjectCstID-vhi\"]"}
COMMAND: POST /session/637de528f4e604e156fb3e125ad907fc/element/f.71948811B2353B7E36D356F88F4B3924.d.10BA770F4DB8AB27D1D45FC2B340631F.e.5103/click - {}
RESULT: {}
COMMAND: GET /session/637de528f4e604e156fb3e125ad907fc/screenshot - {}
RESULT: {}
COMMAND: POST /session/637de528f4e604e156fb3e125ad907fc/execute/async - {"script":"<script> [1562 bytes]","args":[{"selector":{"controlType":"sap.m.SearchField","properties":{"placeholder":"Search"},"searchOpenDialogs":true,"interaction":{"idSuffix":"I"}},"wdio_ui5_key":"sapm.SearchField{\"placeholder\":\"Search\"}"}]}
RESULT: {"script":"<script> [1562 bytes]","args":[{"selector":{"controlType":"sap.m.SearchField","properties":{"placeholder":"Search"},"searchOpenDialogs":true,"interaction":{"idSuffix":"I"}},"wdio_ui5_key":"sapm.SearchField{\"placeholder\":\"Search\"}"}]}
RESULT: undefined
COMMAND: POST /session/637de528f4e604e156fb3e125ad907fc/execute/async - {"script":"<script> [776 bytes]","args":[{"enterText":"10001013","selector":{"controlType":"sap.m.SearchField","properties":{"placeholder":"Search"},"searchOpenDialogs":true,"interaction":{"idSuffix":"I"}},"clearTextFirst":true,"interactionType":"ENTER_TEXT"}]}
RESULT: {"script":"<script> [776 bytes]","args":[{"enterText":"10001013","selector":{"controlType":"sap.m.SearchField","properties":{"placeholder":"Search"},"searchOpenDialogs":true,"interaction":{"idSuffix":"I"}},"clearTextFirst":true,"interactionType":"ENTER_TEXT"}]}
COMMAND: POST /session/637de528f4e604e156fb3e125ad907fc/actions - {"actions":[{"id":"action12","type":"key","parameters":{},"actions":[{"type":"keyDown","value":""},{"type":"pause","duration":10},{"type":"keyUp","value":""}]}]}
RESULT: {"actions":[{"id":"action12","type":"key","parameters":{},"actions":[{"type":"keyDown","value":""},{"type":"pause","duration":10},{"type":"keyUp","value":""}]}]}
COMMAND: GET /session/637de528f4e604e156fb3e125ad907fc/screenshot - {}
RESULT: {}
COMMAND: POST /session/637de528f4e604e156fb3e125ad907fc/element - {"using":"xpath","value":"//span[contains(text(), \"General Management\")]"}
RESULT: {"using":"xpath","value":"//span[contains(text(), \"General Management\")]"}
COMMAND: POST /session/637de528f4e604e156fb3e125ad907fc/element/f.71948811B2353B7E36D356F88F4B3924.d.10BA770F4DB8AB27D1D45FC2B340631F.e.5145/click - {}
RESULT: {}
COMMAND: GET /session/637de528f4e604e156fb3e125ad907fc/screenshot - {}
RESULT: {}
COMMAND: POST /session/637de528f4e604e156fb3e125ad907fc/element - {"using":"xpath","value":"//bdi[contains(text(), \"OK\")]"}
RESULT: {"using":"xpath","value":"//bdi[contains(text(), \"OK\")]"}
COMMAND: POST /session/637de528f4e604e156fb3e125ad907fc/element/f.71948811B2353B7E36D356F88F4B3924.d.10BA770F4DB8AB27D1D45FC2B340631F.e.5146/click - {}
RESULT: {}
COMMAND: GET /session/637de528f4e604e156fb3e125ad907fc/screenshot - {}
RESULT: {}
COMMAND: POST /session/637de528f4e604e156fb3e125ad907fc/element - {"using":"xpath","value":"//input[@id=\"application-managepartners-display-component---NewPartner--companyCodeComboBox-inner\"]"}
RESULT: {"using":"xpath","value":"//input[@id=\"application-managepartners-display-component---NewPartner--companyCodeComboBox-inner\"]"}
COMMAND: POST /session/637de528f4e604e156fb3e125ad907fc/element/f.71948811B2353B7E36D356F88F4B3924.d.10BA770F4DB8AB27D1D45FC2B340631F.e.4938/clear - {}
RESULT: {}
COMMAND: POST /session/637de528f4e604e156fb3e125ad907fc/element/f.71948811B2353B7E36D356F88F4B3924.d.10BA770F4DB8AB27D1D45FC2B340631F.e.4938/value - {"text":"1000"}
COMMAND: GET /session/637de528f4e604e156fb3e125ad907fc/screenshot - {}
RESULT: {"text":"1000"}
COMMAND: GET /session/637de528f4e604e156fb3e125ad907fc/screenshot - {}
RESULT: {}
RESULT: {}
COMMAND: POST /session/637de528f4e604e156fb3e125ad907fc/element - {"using":"xpath","value":"//li[.//span[text()= \"1000\"]]"}
RESULT: {"using":"xpath","value":"//li[.//span[text()= \"1000\"]]"}
COMMAND: POST /session/637de528f4e604e156fb3e125ad907fc/element/f.71948811B2353B7E36D356F88F4B3924.d.10BA770F4DB8AB27D1D45FC2B340631F.e.5152/click - {}
RESULT: {}
COMMAND: GET /session/637de528f4e604e156fb3e125ad907fc/screenshot - {}
RESULT: {}
COMMAND: POST /session/637de528f4e604e156fb3e125ad907fc/execute/async - {"script":"<script> [1562 bytes]","args":[{"selector":{"id":"application-managepartners-display-component---NewPartner--btnAddTableRow-img"},"wdio_ui5_key":"applicationmanagepartners-display-component---NewPartner--btnAddTableRow-img"}]}
RESULT: {"script":"<script> [1562 bytes]","args":[{"selector":{"id":"application-managepartners-display-component---NewPartner--btnAddTableRow-img"},"wdio_ui5_key":"applicationmanagepartners-display-component---NewPartner--btnAddTableRow-img"}]}
RESULT: undefined
COMMAND: POST /session/637de528f4e604e156fb3e125ad907fc/element - {"using":"xpath","value":"//*[@id=\"application-managepartners-display-component---NewPartner--btnAddTableRow-img\"]"}
RESULT: {"using":"xpath","value":"//*[@id=\"application-managepartners-display-component---NewPartner--btnAddTableRow-img\"]"}
COMMAND: POST /session/637de528f4e604e156fb3e125ad907fc/element/f.71948811B2353B7E36D356F88F4B3924.d.10BA770F4DB8AB27D1D45FC2B340631F.e.5153/click - {}
RESULT: {}
COMMAND: GET /session/637de528f4e604e156fb3e125ad907fc/screenshot - {}
RESULT: {}
COMMAND: POST /session/637de528f4e604e156fb3e125ad907fc/element - {"using":"xpath","value":"//input[@id=\"application-managepartners-display-component---NewPartner--assignmentYard-application-managepartners-display-component---NewPartner--assignmentsTable-0-inner\"]"}
RESULT: {"using":"xpath","value":"//input[@id=\"application-managepartners-display-component---NewPartner--assignmentYard-application-managepartners-display-component---NewPartner--assignmentsTable-0-inner\"]"}
COMMAND: POST /session/637de528f4e604e156fb3e125ad907fc/element/f.71948811B2353B7E36D356F88F4B3924.d.10BA770F4DB8AB27D1D45FC2B340631F.e.5156/clear - {}
RESULT: {}
COMMAND: POST /session/637de528f4e604e156fb3e125ad907fc/element/f.71948811B2353B7E36D356F88F4B3924.d.10BA770F4DB8AB27D1D45FC2B340631F.e.5156/value - {"text":"507"}
COMMAND: GET /session/637de528f4e604e156fb3e125ad907fc/screenshot - {}
RESULT: {"text":"507"}
COMMAND: GET /session/637de528f4e604e156fb3e125ad907fc/screenshot - {}
RESULT: {}
RESULT: {}
COMMAND: POST /session/637de528f4e604e156fb3e125ad907fc/element - {"using":"xpath","value":"//li[.//span[text()='507']]"}
RESULT: {"using":"xpath","value":"//li[.//span[text()='507']]"}
COMMAND: POST /session/637de528f4e604e156fb3e125ad907fc/element/f.71948811B2353B7E36D356F88F4B3924.d.10BA770F4DB8AB27D1D45FC2B340631F.e.5165/click - {}
RESULT: {}
COMMAND: GET /session/637de528f4e604e156fb3e125ad907fc/screenshot - {}
RESULT: {}
COMMAND: POST /session/637de528f4e604e156fb3e125ad907fc/actions - {"actions":[{"id":"action13","type":"key","parameters":{},"actions":[{"type":"keyDown","value":""},{"type":"pause","duration":10},{"type":"keyUp","value":""}]}]}
RESULT: {"actions":[{"id":"action13","type":"key","parameters":{},"actions":[{"type":"keyDown","value":""},{"type":"pause","duration":10},{"type":"keyUp","value":""}]}]}
COMMAND: POST /session/637de528f4e604e156fb3e125ad907fc/execute/async - {"script":"<script> [1562 bytes]","args":[{"selector":{"id":"application-managepartners-display-component---NewPartner--externalCustomerComboBox-application-managepartners-display-component---NewPartner--assignmentsTable-0-vhi"},"wdio_ui5_key":"applicationmanagepartners-display-component---NewPartner--externalCustomerComboBox-application-managepartners-display-component---NewPartner--assignmentsTable-0-vhi"}]}
COMMAND: GET /session/637de528f4e604e156fb3e125ad907fc/screenshot - {}
RESULT: {"script":"<script> [1562 bytes]","args":[{"selector":{"id":"application-managepartners-display-component---NewPartner--externalCustomerComboBox-application-managepartners-display-component---NewPartner--assignmentsTable-0-vhi"},"wdio_ui5_key":"applicationmanagepartners-display-component---NewPartner--externalCustomerComboBox-application-managepartners-display-component---NewPartner--assignmentsTable-0-vhi"}]}
RESULT: undefined
COMMAND: POST /session/637de528f4e604e156fb3e125ad907fc/element - {"using":"xpath","value":"//*[@id=\"application-managepartners-display-component---NewPartner--externalCustomerComboBox-application-managepartners-display-component---NewPartner--assignmentsTable-0-vhi\"]"}
RESULT: {}
RESULT: {"using":"xpath","value":"//*[@id=\"application-managepartners-display-component---NewPartner--externalCustomerComboBox-application-managepartners-display-component---NewPartner--assignmentsTable-0-vhi\"]"}
COMMAND: POST /session/637de528f4e604e156fb3e125ad907fc/element/f.71948811B2353B7E36D356F88F4B3924.d.10BA770F4DB8AB27D1D45FC2B340631F.e.5169/click - {}
RESULT: {}
RESULT: undefined
COMMAND: POST /session/637de528f4e604e156fb3e125ad907fc/execute/async - {"script":"<script> [776 bytes]","args":[{"enterText":"300003","selector":{"controlType":"sap.m.SearchField","properties":{"placeholder":"Search"},"searchOpenDialogs":true,"interaction":{"idSuffix":"I"}},"clearTextFirst":true,"interactionType":"ENTER_TEXT"}]}
COMMAND: GET /session/637de528f4e604e156fb3e125ad907fc/screenshot - {}
RESULT: {"script":"<script> [776 bytes]","args":[{"enterText":"300003","selector":{"controlType":"sap.m.SearchField","properties":{"placeholder":"Search"},"searchOpenDialogs":true,"interaction":{"idSuffix":"I"}},"clearTextFirst":true,"interactionType":"ENTER_TEXT"}]}
COMMAND: POST /session/637de528f4e604e156fb3e125ad907fc/actions - {"actions":[{"id":"action14","type":"key","parameters":{},"actions":[{"type":"keyDown","value":""},{"type":"pause","duration":10},{"type":"keyUp","value":""}]}]}
RESULT: {}
RESULT: {"actions":[{"id":"action14","type":"key","parameters":{},"actions":[{"type":"keyDown","value":""},{"type":"pause","duration":10},{"type":"keyUp","value":""}]}]}
COMMAND: GET /session/637de528f4e604e156fb3e125ad907fc/screenshot - {}
RESULT: {}
COMMAND: POST /session/637de528f4e604e156fb3e125ad907fc/element - {"using":"xpath","value":"//span[contains(text(), \"300003\")]"}
RESULT: {"using":"xpath","value":"//span[contains(text(), \"300003\")]"}
COMMAND: POST /session/637de528f4e604e156fb3e125ad907fc/element/f.71948811B2353B7E36D356F88F4B3924.d.10BA770F4DB8AB27D1D45FC2B340631F.e.5189/click - {}
RESULT: {}
COMMAND: GET /session/637de528f4e604e156fb3e125ad907fc/screenshot - {}
RESULT: {}
COMMAND: POST /session/637de528f4e604e156fb3e125ad907fc/element - {"using":"xpath","value":"//bdi[contains(text(), \"OK\")]"}
RESULT: {"using":"xpath","value":"//bdi[contains(text(), \"OK\")]"}
COMMAND: POST /session/637de528f4e604e156fb3e125ad907fc/element/f.71948811B2353B7E36D356F88F4B3924.d.10BA770F4DB8AB27D1D45FC2B340631F.e.5191/click - {}
RESULT: {}
COMMAND: GET /session/637de528f4e604e156fb3e125ad907fc/screenshot - {}
RESULT: {}
COMMAND: POST /session/637de528f4e604e156fb3e125ad907fc/execute/async - {"script":"<script> [1562 bytes]","args":[{"selector":{"id":"application-managepartners-display-component---NewPartner--intercompVendorComboBox-application-managepartners-display-component---NewPartner--assignmentsTable-0-vhi"},"wdio_ui5_key":"applicationmanagepartners-display-component---NewPartner--intercompVendorComboBox-application-managepartners-display-component---NewPartner--assignmentsTable-0-vhi"}]}
RESULT: {"script":"<script> [1562 bytes]","args":[{"selector":{"id":"application-managepartners-display-component---NewPartner--intercompVendorComboBox-application-managepartners-display-component---NewPartner--assignmentsTable-0-vhi"},"wdio_ui5_key":"applicationmanagepartners-display-component---NewPartner--intercompVendorComboBox-application-managepartners-display-component---NewPartner--assignmentsTable-0-vhi"}]}
RESULT: undefined
COMMAND: POST /session/637de528f4e604e156fb3e125ad907fc/element - {"using":"xpath","value":"//*[@id=\"application-managepartners-display-component---NewPartner--intercompVendorComboBox-application-managepartners-display-component---NewPartner--assignmentsTable-0-vhi\"]"}
RESULT: {"using":"xpath","value":"//*[@id=\"application-managepartners-display-component---NewPartner--intercompVendorComboBox-application-managepartners-display-component---NewPartner--assignmentsTable-0-vhi\"]"}
COMMAND: POST /session/637de528f4e604e156fb3e125ad907fc/element/f.71948811B2353B7E36D356F88F4B3924.d.10BA770F4DB8AB27D1D45FC2B340631F.e.5194/click - {}
RESULT: {}
RESULT: undefined
COMMAND: POST /session/637de528f4e604e156fb3e125ad907fc/execute/async - {"script":"<script> [776 bytes]","args":[{"enterText":"100005","selector":{"controlType":"sap.m.SearchField","properties":{"placeholder":"Search"},"searchOpenDialogs":true,"interaction":{"idSuffix":"I"}},"clearTextFirst":true,"interactionType":"ENTER_TEXT"}]}
COMMAND: GET /session/637de528f4e604e156fb3e125ad907fc/screenshot - {}
RESULT: {"script":"<script> [776 bytes]","args":[{"enterText":"100005","selector":{"controlType":"sap.m.SearchField","properties":{"placeholder":"Search"},"searchOpenDialogs":true,"interaction":{"idSuffix":"I"}},"clearTextFirst":true,"interactionType":"ENTER_TEXT"}]}
COMMAND: POST /session/637de528f4e604e156fb3e125ad907fc/actions - {"actions":[{"id":"action15","type":"key","parameters":{},"actions":[{"type":"keyDown","value":""},{"type":"pause","duration":10},{"type":"keyUp","value":""}]}]}
RESULT: {}
RESULT: {"actions":[{"id":"action15","type":"key","parameters":{},"actions":[{"type":"keyDown","value":""},{"type":"pause","duration":10},{"type":"keyUp","value":""}]}]}
COMMAND: GET /session/637de528f4e604e156fb3e125ad907fc/screenshot - {}
RESULT: {}
COMMAND: POST /session/637de528f4e604e156fb3e125ad907fc/element - {"using":"xpath","value":"//span[contains(text(), \"Penguins - Field/12345 Berlin\")]"}
RESULT: {"using":"xpath","value":"//span[contains(text(), \"Penguins - Field/12345 Berlin\")]"}
COMMAND: POST /session/637de528f4e604e156fb3e125ad907fc/element/f.71948811B2353B7E36D356F88F4B3924.d.10BA770F4DB8AB27D1D45FC2B340631F.e.5213/click - {}
RESULT: {}
COMMAND: GET /session/637de528f4e604e156fb3e125ad907fc/screenshot - {}
RESULT: {}
COMMAND: POST /session/637de528f4e604e156fb3e125ad907fc/element - {"using":"xpath","value":"//bdi[contains(text(), \"OK\")]"}
RESULT: {"using":"xpath","value":"//bdi[contains(text(), \"OK\")]"}
COMMAND: POST /session/637de528f4e604e156fb3e125ad907fc/element/f.71948811B2353B7E36D356F88F4B3924.d.10BA770F4DB8AB27D1D45FC2B340631F.e.5214/click - {}
RESULT: {}
COMMAND: GET /session/637de528f4e604e156fb3e125ad907fc/screenshot - {}
RESULT: {}
COMMAND: POST /session/637de528f4e604e156fb3e125ad907fc/element - {"using":"xpath","value":"//button[@data-kt=\"saveButton\"]"}
RESULT: {"using":"xpath","value":"//button[@data-kt=\"saveButton\"]"}
COMMAND: POST /session/637de528f4e604e156fb3e125ad907fc/element/f.71948811B2353B7E36D356F88F4B3924.d.10BA770F4DB8AB27D1D45FC2B340631F.e.5062/click - {}
RESULT: {}
COMMAND: GET /session/637de528f4e604e156fb3e125ad907fc/screenshot - {}
RESULT: {}
COMMAND: POST /session/637de528f4e604e156fb3e125ad907fc/element - {"using":"xpath","value":"//header[contains(@id, 'ObjectPageLayout-headerTitle')]/div[1]/div[2]/div[2]/span[1]"}
RESULT: {"using":"xpath","value":"//header[contains(@id, 'ObjectPageLayout-headerTitle')]/div[1]/div[2]/div[2]/span[1]"}
COMMAND: POST /session/637de528f4e604e156fb3e125ad907fc/elements - {"using":"xpath","value":"//header[contains(@id, 'ObjectPageLayout-headerTitle')]/div[1]/div[2]/div[2]/span[1]"}
RESULT: {"using":"xpath","value":"//header[contains(@id, 'ObjectPageLayout-headerTitle')]/div[1]/div[2]/div[2]/span[1]"}
COMMAND: POST /session/637de528f4e604e156fb3e125ad907fc/execute/sync - {"script":"<script> [56 bytes]","args":[{"element-6066-11e4-a52e-4f735466cecf":"f.71948811B2353B7E36D356F88F4B3924.d.10BA770F4DB8AB27D1D45FC2B340631F.e.5382","ELEMENT":"f.71948811B2353B7E36D356F88F4B3924.d.10BA770F4DB8AB27D1D45FC2B340631F.e.5382"}]}
RESULT: {"script":"<script> [56 bytes]","args":[{"element-6066-11e4-a52e-4f735466cecf":"f.71948811B2353B7E36D356F88F4B3924.d.10BA770F4DB8AB27D1D45FC2B340631F.e.5382","ELEMENT":"f.71948811B2353B7E36D356F88F4B3924.d.10BA770F4DB8AB27D1D45FC2B340631F.e.5382"}]}
COMMAND: POST /session/637de528f4e604e156fb3e125ad907fc/element - {"using":"css selector","value":"#shell-header-logo"}
COMMAND: GET /session/637de528f4e604e156fb3e125ad907fc/screenshot - {}
RESULT: {"using":"css selector","value":"#shell-header-logo"}
COMMAND: POST /session/637de528f4e604e156fb3e125ad907fc/element/f.71948811B2353B7E36D356F88F4B3924.d.10BA770F4DB8AB27D1D45FC2B340631F.e.4588/click - {}
RESULT: {}
RESULT: {}
COMMAND: GET /session/637de528f4e604e156fb3e125ad907fc/screenshot - {}
RESULT: {}
COMMAND: POST /session/637de528f4e604e156fb3e125ad907fc/execute/sync - {"script":"<script> [299 bytes]","args":[["getModel","getResource"]]}
RESULT: {"script":"<script> [299 bytes]","args":[["getModel","getResource"]]}
RESULT: undefined
COMMAND: POST /session/637de528f4e604e156fb3e125ad907fc/element - {"using":"xpath","value":"//*[@id=\"__tile30\"]"}
COMMAND: GET /session/637de528f4e604e156fb3e125ad907fc/screenshot - {}
RESULT: {"using":"xpath","value":"//*[@id=\"__tile30\"]"}
COMMAND: POST /session/637de528f4e604e156fb3e125ad907fc/element/f.71948811B2353B7E36D356F88F4B3924.d.10BA770F4DB8AB27D1D45FC2B340631F.e.4509/click - {}
RESULT: {}
RESULT: {}
COMMAND: GET /session/637de528f4e604e156fb3e125ad907fc/screenshot - {}
RESULT: {}
COMMAND: POST /session/637de528f4e604e156fb3e125ad907fc/elements - {"using":"xpath","value":"//span[text()='Error']"}
RESULT: {"using":"xpath","value":"//span[text()='Error']"}
COMMAND: POST /session/637de528f4e604e156fb3e125ad907fc/element - {"using":"xpath","value":"//button[@data-kt=\"addButton\"]"}
RESULT: {"using":"xpath","value":"//button[@data-kt=\"addButton\"]"}
COMMAND: POST /session/637de528f4e604e156fb3e125ad907fc/elements - {"using":"xpath","value":"//button[@data-kt=\"addButton\"]"}
RESULT: {"using":"xpath","value":"//button[@data-kt=\"addButton\"]"}
COMMAND: POST /session/637de528f4e604e156fb3e125ad907fc/execute/sync - {"script":"<script> [8489 bytes]","args":[{"element-6066-11e4-a52e-4f735466cecf":"f.71948811B2353B7E36D356F88F4B3924.d.10BA770F4DB8AB27D1D45FC2B340631F.e.5429","ELEMENT":"f.71948811B2353B7E36D356F88F4B3924.d.10BA770F4DB8AB27D1D45FC2B340631F.e.5429"}]}
RESULT: {"script":"<script> [8489 bytes]","args":[{"element-6066-11e4-a52e-4f735466cecf":"f.71948811B2353B7E36D356F88F4B3924.d.10BA770F4DB8AB27D1D45FC2B340631F.e.5429","ELEMENT":"f.71948811B2353B7E36D356F88F4B3924.d.10BA770F4DB8AB27D1D45FC2B340631F.e.5429"}]}
COMMAND: GET /session/637de528f4e604e156fb3e125ad907fc/element/f.71948811B2353B7E36D356F88F4B3924.d.10BA770F4DB8AB27D1D45FC2B340631F.e.5429/enabled - {}
COMMAND: GET /session/637de528f4e604e156fb3e125ad907fc/screenshot - {}
RESULT: {}
COMMAND: POST /session/637de528f4e604e156fb3e125ad907fc/execute/sync - {"script":"<script> [8489 bytes]","args":[{"element-6066-11e4-a52e-4f735466cecf":"f.71948811B2353B7E36D356F88F4B3924.d.10BA770F4DB8AB27D1D45FC2B340631F.e.5429","ELEMENT":"f.71948811B2353B7E36D356F88F4B3924.d.10BA770F4DB8AB27D1D45FC2B340631F.e.5429"}]}
COMMAND: GET /session/637de528f4e604e156fb3e125ad907fc/screenshot - {}
RESULT: {}
RESULT: {"script":"<script> [8489 bytes]","args":[{"element-6066-11e4-a52e-4f735466cecf":"f.71948811B2353B7E36D356F88F4B3924.d.10BA770F4DB8AB27D1D45FC2B340631F.e.5429","ELEMENT":"f.71948811B2353B7E36D356F88F4B3924.d.10BA770F4DB8AB27D1D45FC2B340631F.e.5429"}]}
COMMAND: POST /session/637de528f4e604e156fb3e125ad907fc/execute/sync - {"script":"<script> [5351 bytes]","args":[{"element-6066-11e4-a52e-4f735466cecf":"f.71948811B2353B7E36D356F88F4B3924.d.10BA770F4DB8AB27D1D45FC2B340631F.e.5429","ELEMENT":"f.71948811B2353B7E36D356F88F4B3924.d.10BA770F4DB8AB27D1D45FC2B340631F.e.5429"}]}
COMMAND: GET /session/637de528f4e604e156fb3e125ad907fc/screenshot - {}
RESULT: {}
RESULT: {"script":"<script> [5351 bytes]","args":[{"element-6066-11e4-a52e-4f735466cecf":"f.71948811B2353B7E36D356F88F4B3924.d.10BA770F4DB8AB27D1D45FC2B340631F.e.5429","ELEMENT":"f.71948811B2353B7E36D356F88F4B3924.d.10BA770F4DB8AB27D1D45FC2B340631F.e.5429"}]}
COMMAND: GET /session/637de528f4e604e156fb3e125ad907fc/screenshot - {}
RESULT: {}
RESULT: {}
COMMAND: POST /session/637de528f4e604e156fb3e125ad907fc/execute/async - {"script":"<script> [1562 bytes]","args":[{"selector":{"id":"application-managepartners-display-component---masterPtm--smartFilterBar-btnBasicSearch","interaction":{"idSuffix":"I"}},"wdio_ui5_key":"applicationmanagepartners-display-component---masterPtm--smartFilterBar-btnBasicSearch"}]}
RESULT: {"script":"<script> [1562 bytes]","args":[{"selector":{"id":"application-managepartners-display-component---masterPtm--smartFilterBar-btnBasicSearch","interaction":{"idSuffix":"I"}},"wdio_ui5_key":"applicationmanagepartners-display-component---masterPtm--smartFilterBar-btnBasicSearch"}]}
RESULT: undefined
COMMAND: POST /session/637de528f4e604e156fb3e125ad907fc/execute/async - {"script":"<script> [776 bytes]","args":[{"enterText":"1313","selector":{"id":"application-managepartners-display-component---masterPtm--smartFilterBar-btnBasicSearch","interaction":{"idSuffix":"I"}},"clearTextFirst":true,"interactionType":"ENTER_TEXT"}]}
RESULT: {"script":"<script> [776 bytes]","args":[{"enterText":"1313","selector":{"id":"application-managepartners-display-component---masterPtm--smartFilterBar-btnBasicSearch","interaction":{"idSuffix":"I"}},"clearTextFirst":true,"interactionType":"ENTER_TEXT"}]}
COMMAND: POST /session/637de528f4e604e156fb3e125ad907fc/actions - {"actions":[{"id":"action16","type":"key","parameters":{},"actions":[{"type":"keyDown","value":""},{"type":"pause","duration":10},{"type":"keyUp","value":""}]}]}
RESULT: {"actions":[{"id":"action16","type":"key","parameters":{},"actions":[{"type":"keyDown","value":""},{"type":"pause","duration":10},{"type":"keyUp","value":""}]}]}
COMMAND: GET /session/637de528f4e604e156fb3e125ad907fc/screenshot - {}
RESULT: {}
COMMAND: POST /session/637de528f4e604e156fb3e125ad907fc/elements - {"using":"xpath","value":"//table[contains(@id, \"customPartnersTable-listUl\")]/tbody/tr"}
RESULT: {"using":"xpath","value":"//table[contains(@id, \"customPartnersTable-listUl\")]/tbody/tr"}
COMMAND: POST /session/637de528f4e604e156fb3e125ad907fc/element - {"using":"xpath","value":"//table[contains(@id, \"customPartnersTable-listUl\")]/tbody/tr[1]/td[3]/span"}
RESULT: {"using":"xpath","value":"//table[contains(@id, \"customPartnersTable-listUl\")]/tbody/tr[1]/td[3]/span"}
COMMAND: POST /session/637de528f4e604e156fb3e125ad907fc/elements - {"using":"xpath","value":"//table[contains(@id, \"customPartnersTable-listUl\")]/tbody/tr[1]/td[3]/span"}
RESULT: {"using":"xpath","value":"//table[contains(@id, \"customPartnersTable-listUl\")]/tbody/tr[1]/td[3]/span"}
COMMAND: POST /session/637de528f4e604e156fb3e125ad907fc/execute/sync - {"script":"<script> [56 bytes]","args":[{"element-6066-11e4-a52e-4f735466cecf":"f.71948811B2353B7E36D356F88F4B3924.d.10BA770F4DB8AB27D1D45FC2B340631F.e.5564","ELEMENT":"f.71948811B2353B7E36D356F88F4B3924.d.10BA770F4DB8AB27D1D45FC2B340631F.e.5564"}]}
RESULT: {"script":"<script> [56 bytes]","args":[{"element-6066-11e4-a52e-4f735466cecf":"f.71948811B2353B7E36D356F88F4B3924.d.10BA770F4DB8AB27D1D45FC2B340631F.e.5564","ELEMENT":"f.71948811B2353B7E36D356F88F4B3924.d.10BA770F4DB8AB27D1D45FC2B340631F.e.5564"}]}
COMMAND: POST /session/637de528f4e604e156fb3e125ad907fc/element - {"using":"xpath","value":"(//span[contains(@id, \"imgNav\")])[1]"}
COMMAND: GET /session/637de528f4e604e156fb3e125ad907fc/screenshot - {}
RESULT: {"using":"xpath","value":"(//span[contains(@id, \"imgNav\")])[1]"}
COMMAND: POST /session/637de528f4e604e156fb3e125ad907fc/element/f.71948811B2353B7E36D356F88F4B3924.d.10BA770F4DB8AB27D1D45FC2B340631F.e.5562/click - {}
RESULT: {}
RESULT: {}
COMMAND: GET /session/637de528f4e604e156fb3e125ad907fc/screenshot - {}
RESULT: {}
COMMAND: POST /session/637de528f4e604e156fb3e125ad907fc/element - {"using":"xpath","value":"//bdi[contains(text(), \"Edit\")]"}
RESULT: {"using":"xpath","value":"//bdi[contains(text(), \"Edit\")]"}
COMMAND: POST /session/637de528f4e604e156fb3e125ad907fc/element/f.71948811B2353B7E36D356F88F4B3924.d.10BA770F4DB8AB27D1D45FC2B340631F.e.5708/click - {}
RESULT: {}
COMMAND: GET /session/637de528f4e604e156fb3e125ad907fc/screenshot - {}
RESULT: {}
COMMAND: POST /session/637de528f4e604e156fb3e125ad907fc/execute/async - {"script":"<script> [1562 bytes]","args":[{"selector":{"controlType":"sap.m.Input","viewName":"etm.portal.ui.managepartners.view.EditDetail","labelFor":{"text":"Name"},"interaction":{"idSuffix":"inner"}},"wdio_ui5_key":"etmportal.ui.managepartners.view.EditDetailsap.m.Input{\"text\":\"Name\"}"}]}
RESULT: {"script":"<script> [1562 bytes]","args":[{"selector":{"controlType":"sap.m.Input","viewName":"etm.portal.ui.managepartners.view.EditDetail","labelFor":{"text":"Name"},"interaction":{"idSuffix":"inner"}},"wdio_ui5_key":"etmportal.ui.managepartners.view.EditDetailsap.m.Input{\"text\":\"Name\"}"}]}
RESULT: undefined
COMMAND: POST /session/637de528f4e604e156fb3e125ad907fc/execute/async - {"script":"<script> [776 bytes]","args":[{"enterText":"Intracompany EDIT","selector":{"controlType":"sap.m.Input","viewName":"etm.portal.ui.managepartners.view.EditDetail","labelFor":{"text":"Name"},"interaction":{"idSuffix":"inner"}},"clearTextFirst":true,"interactionType":"ENTER_TEXT"}]}
RESULT: {"script":"<script> [776 bytes]","args":[{"enterText":"Intracompany EDIT","selector":{"controlType":"sap.m.Input","viewName":"etm.portal.ui.managepartners.view.EditDetail","labelFor":{"text":"Name"},"interaction":{"idSuffix":"inner"}},"clearTextFirst":true,"interactionType":"ENTER_TEXT"}]}
COMMAND: POST /session/637de528f4e604e156fb3e125ad907fc/element - {"using":"xpath","value":"(//span[contains(@id,\"addressDetailDetailsLanguage-arrow\")])[1]"}
RESULT: {"using":"xpath","value":"(//span[contains(@id,\"addressDetailDetailsLanguage-arrow\")])[1]"}
COMMAND: POST /session/637de528f4e604e156fb3e125ad907fc/element/f.71948811B2353B7E36D356F88F4B3924.d.10BA770F4DB8AB27D1D45FC2B340631F.e.5793/click - {}
RESULT: {}
COMMAND: POST /session/637de528f4e604e156fb3e125ad907fc/element - {"using":"xpath","value":"//span[contains(text(), \"Chinese\")]"}
COMMAND: GET /session/637de528f4e604e156fb3e125ad907fc/screenshot - {}
RESULT: {"using":"xpath","value":"//span[contains(text(), \"Chinese\")]"}
COMMAND: POST /session/637de528f4e604e156fb3e125ad907fc/element/f.71948811B2353B7E36D356F88F4B3924.d.10BA770F4DB8AB27D1D45FC2B340631F.e.5794/click - {}
RESULT: {}
RESULT: {}
COMMAND: GET /session/637de528f4e604e156fb3e125ad907fc/screenshot - {}
RESULT: {}
COMMAND: POST /session/637de528f4e604e156fb3e125ad907fc/execute/async - {"script":"<script> [1562 bytes]","args":[{"selector":{"controlType":"sap.m.Input","viewName":"etm.portal.ui.managepartners.view.EditDetail","labelFor":{"text":"City"},"interaction":{"idSuffix":"inner"}},"wdio_ui5_key":"etmportal.ui.managepartners.view.EditDetailsap.m.Input{\"text\":\"City\"}"}]}
RESULT: {"script":"<script> [1562 bytes]","args":[{"selector":{"controlType":"sap.m.Input","viewName":"etm.portal.ui.managepartners.view.EditDetail","labelFor":{"text":"City"},"interaction":{"idSuffix":"inner"}},"wdio_ui5_key":"etmportal.ui.managepartners.view.EditDetailsap.m.Input{\"text\":\"City\"}"}]}
RESULT: undefined
COMMAND: POST /session/637de528f4e604e156fb3e125ad907fc/execute/async - {"script":"<script> [776 bytes]","args":[{"enterText":"Clooj-Napoca","selector":{"controlType":"sap.m.Input","viewName":"etm.portal.ui.managepartners.view.EditDetail","labelFor":{"text":"City"},"interaction":{"idSuffix":"inner"}},"clearTextFirst":true,"interactionType":"ENTER_TEXT"}]}
RESULT: {"script":"<script> [776 bytes]","args":[{"enterText":"Clooj-Napoca","selector":{"controlType":"sap.m.Input","viewName":"etm.portal.ui.managepartners.view.EditDetail","labelFor":{"text":"City"},"interaction":{"idSuffix":"inner"}},"clearTextFirst":true,"interactionType":"ENTER_TEXT"}]}
COMMAND: POST /session/637de528f4e604e156fb3e125ad907fc/element - {"using":"xpath","value":"//button[@data-kt=\"saveButton\"]"}
RESULT: {"using":"xpath","value":"//button[@data-kt=\"saveButton\"]"}
COMMAND: POST /session/637de528f4e604e156fb3e125ad907fc/element/f.71948811B2353B7E36D356F88F4B3924.d.10BA770F4DB8AB27D1D45FC2B340631F.e.5770/click - {}
RESULT: {}
COMMAND: GET /session/637de528f4e604e156fb3e125ad907fc/screenshot - {}
RESULT: {}
COMMAND: POST /session/637de528f4e604e156fb3e125ad907fc/execute/async - {"script":"<script> [1562 bytes]","args":[{"selector":{"id":"application-managepartners-display-component---detailPtm--addressDetailDetailsName1"},"wdio_ui5_key":"applicationmanagepartners-display-component---detailPtm--addressDetailDetailsName1"}]}
RESULT: {"script":"<script> [1562 bytes]","args":[{"selector":{"id":"application-managepartners-display-component---detailPtm--addressDetailDetailsName1"},"wdio_ui5_key":"applicationmanagepartners-display-component---detailPtm--addressDetailDetailsName1"}]}
RESULT: undefined
COMMAND: POST /session/637de528f4e604e156fb3e125ad907fc/execute/async - {"script":"<script> [6424 bytes]","args":[{"element-6066-11e4-a52e-4f735466cecf":"f.71948811B2353B7E36D356F88F4B3924.d.10BA770F4DB8AB27D1D45FC2B340631F.e.5825"},"getValue",[]]}
RESULT: {"script":"<script> [6424 bytes]","args":[{"element-6066-11e4-a52e-4f735466cecf":"f.71948811B2353B7E36D356F88F4B3924.d.10BA770F4DB8AB27D1D45FC2B340631F.e.5825"},"getValue",[]]}
COMMAND: POST /session/637de528f4e604e156fb3e125ad907fc/element - {"using":"xpath","value":"//input[@id = \"application-managepartners-display-component---detailPtm--addressDetailDetailsLanguage-inner\"]"}
RESULT: {"using":"xpath","value":"//input[@id = \"application-managepartners-display-component---detailPtm--addressDetailDetailsLanguage-inner\"]"}
COMMAND: GET /session/637de528f4e604e156fb3e125ad907fc/element/f.71948811B2353B7E36D356F88F4B3924.d.10BA770F4DB8AB27D1D45FC2B340631F.e.5826/property/value - {}
RESULT: {}
COMMAND: POST /session/637de528f4e604e156fb3e125ad907fc/execute/async - {"script":"<script> [1562 bytes]","args":[{"selector":{"id":"application-managepartners-display-component---detailPtm--addressDetailDetailsCity1"},"wdio_ui5_key":"applicationmanagepartners-display-component---detailPtm--addressDetailDetailsCity1"}]}
COMMAND: GET /session/637de528f4e604e156fb3e125ad907fc/screenshot - {}
RESULT: {"script":"<script> [1562 bytes]","args":[{"selector":{"id":"application-managepartners-display-component---detailPtm--addressDetailDetailsCity1"},"wdio_ui5_key":"applicationmanagepartners-display-component---detailPtm--addressDetailDetailsCity1"}]}
RESULT: undefined
COMMAND: POST /session/637de528f4e604e156fb3e125ad907fc/execute/async - {"script":"<script> [6424 bytes]","args":[{"element-6066-11e4-a52e-4f735466cecf":"f.71948811B2353B7E36D356F88F4B3924.d.10BA770F4DB8AB27D1D45FC2B340631F.e.5827"},"getValue",[]]}
RESULT: {}
RESULT: {"script":"<script> [6424 bytes]","args":[{"element-6066-11e4-a52e-4f735466cecf":"f.71948811B2353B7E36D356F88F4B3924.d.10BA770F4DB8AB27D1D45FC2B340631F.e.5827"},"getValue",[]]}
COMMAND: POST /session/637de528f4e604e156fb3e125ad907fc/element - {"using":"css selector","value":"#shell-header-logo"}
RESULT: {"using":"css selector","value":"#shell-header-logo"}
COMMAND: POST /session/637de528f4e604e156fb3e125ad907fc/element/f.71948811B2353B7E36D356F88F4B3924.d.10BA770F4DB8AB27D1D45FC2B340631F.e.5385/click - {}
RESULT: {}
COMMAND: GET /session/637de528f4e604e156fb3e125ad907fc/screenshot - {}
RESULT: {}
]]></system-out>
    </testcase>
    <testcase classname="chrome.136_0_7103_93.windows.Partner_specific_tests_US150819_US151080_US151654_US151176_US103444_US151078_US151079_US151109_US151174_US151175_US151189" name="Should do filtering and navigation tests US151109" time="179.28">
      <system-out><![CDATA[
COMMAND: POST /session/637de528f4e604e156fb3e125ad907fc/element - {"using":"xpath","value":"//li[.//span[text()=\"Manage Partners\"]]"}
RESULT: {"using":"xpath","value":"//li[.//span[text()=\"Manage Partners\"]]"}
COMMAND: POST /session/637de528f4e604e156fb3e125ad907fc/element - {"using":"xpath","value":"//li[.//span[text()=\"Manage Partners\"]]"}
RESULT: {"using":"xpath","value":"//li[.//span[text()=\"Manage Partners\"]]"}
COMMAND: POST /session/637de528f4e604e156fb3e125ad907fc/element - {"using":"css selector","value":"#shell-header-logo"}
RESULT: {"using":"css selector","value":"#shell-header-logo"}
COMMAND: POST /session/637de528f4e604e156fb3e125ad907fc/element/f.71948811B2353B7E36D356F88F4B3924.d.10BA770F4DB8AB27D1D45FC2B340631F.e.5857/click - {}
COMMAND: POST /session/637de528f4e604e156fb3e125ad907fc/execute/sync - {"script":"<script> [8489 bytes]","args":[{"element-6066-11e4-a52e-4f735466cecf":"f.71948811B2353B7E36D356F88F4B3924.d.10BA770F4DB8AB27D1D45FC2B340631F.e.5857","ELEMENT":"f.71948811B2353B7E36D356F88F4B3924.d.10BA770F4DB8AB27D1D45FC2B340631F.e.5857"}]}
RESULT: {}
COMMAND: GET /session/637de528f4e604e156fb3e125ad907fc/screenshot - {}
RESULT: {"script":"<script> [8489 bytes]","args":[{"element-6066-11e4-a52e-4f735466cecf":"f.71948811B2353B7E36D356F88F4B3924.d.10BA770F4DB8AB27D1D45FC2B340631F.e.5857","ELEMENT":"f.71948811B2353B7E36D356F88F4B3924.d.10BA770F4DB8AB27D1D45FC2B340631F.e.5857"}]}
COMMAND: POST /session/637de528f4e604e156fb3e125ad907fc/execute/sync - {"script":"<script> [5351 bytes]","args":[{"element-6066-11e4-a52e-4f735466cecf":"f.71948811B2353B7E36D356F88F4B3924.d.10BA770F4DB8AB27D1D45FC2B340631F.e.5857","ELEMENT":"f.71948811B2353B7E36D356F88F4B3924.d.10BA770F4DB8AB27D1D45FC2B340631F.e.5857"}]}
COMMAND: GET /session/637de528f4e604e156fb3e125ad907fc/screenshot - {}
RESULT: {}
RESULT: {"script":"<script> [5351 bytes]","args":[{"element-6066-11e4-a52e-4f735466cecf":"f.71948811B2353B7E36D356F88F4B3924.d.10BA770F4DB8AB27D1D45FC2B340631F.e.5857","ELEMENT":"f.71948811B2353B7E36D356F88F4B3924.d.10BA770F4DB8AB27D1D45FC2B340631F.e.5857"}]}
COMMAND: GET /session/637de528f4e604e156fb3e125ad907fc/screenshot - {}
RESULT: {}
RESULT: {}
RESULT: undefined
COMMAND: POST /session/637de528f4e604e156fb3e125ad907fc/element - {"using":"xpath","value":"//*[@id=\"__tile30\"]"}
RESULT: {"using":"xpath","value":"//*[@id=\"__tile30\"]"}
COMMAND: POST /session/637de528f4e604e156fb3e125ad907fc/element/f.71948811B2353B7E36D356F88F4B3924.d.10BA770F4DB8AB27D1D45FC2B340631F.e.4509/click - {}
RESULT: {}
COMMAND: GET /session/637de528f4e604e156fb3e125ad907fc/screenshot - {}
RESULT: {}
COMMAND: POST /session/637de528f4e604e156fb3e125ad907fc/elements - {"using":"xpath","value":"//span[text()='Error']"}
RESULT: {"using":"xpath","value":"//span[text()='Error']"}
COMMAND: POST /session/637de528f4e604e156fb3e125ad907fc/element - {"using":"xpath","value":"//button[@data-kt=\"addButton\"]"}
RESULT: {"using":"xpath","value":"//button[@data-kt=\"addButton\"]"}
COMMAND: POST /session/637de528f4e604e156fb3e125ad907fc/elements - {"using":"xpath","value":"//button[@data-kt=\"addButton\"]"}
RESULT: {"using":"xpath","value":"//button[@data-kt=\"addButton\"]"}
COMMAND: POST /session/637de528f4e604e156fb3e125ad907fc/execute/sync - {"script":"<script> [8489 bytes]","args":[{"element-6066-11e4-a52e-4f735466cecf":"f.71948811B2353B7E36D356F88F4B3924.d.10BA770F4DB8AB27D1D45FC2B340631F.e.5902","ELEMENT":"f.71948811B2353B7E36D356F88F4B3924.d.10BA770F4DB8AB27D1D45FC2B340631F.e.5902"}]}
RESULT: {"script":"<script> [8489 bytes]","args":[{"element-6066-11e4-a52e-4f735466cecf":"f.71948811B2353B7E36D356F88F4B3924.d.10BA770F4DB8AB27D1D45FC2B340631F.e.5902","ELEMENT":"f.71948811B2353B7E36D356F88F4B3924.d.10BA770F4DB8AB27D1D45FC2B340631F.e.5902"}]}
COMMAND: GET /session/637de528f4e604e156fb3e125ad907fc/element/f.71948811B2353B7E36D356F88F4B3924.d.10BA770F4DB8AB27D1D45FC2B340631F.e.5902/enabled - {}
COMMAND: GET /session/637de528f4e604e156fb3e125ad907fc/screenshot - {}
RESULT: {}
COMMAND: POST /session/637de528f4e604e156fb3e125ad907fc/execute/sync - {"script":"<script> [8489 bytes]","args":[{"element-6066-11e4-a52e-4f735466cecf":"f.71948811B2353B7E36D356F88F4B3924.d.10BA770F4DB8AB27D1D45FC2B340631F.e.5902","ELEMENT":"f.71948811B2353B7E36D356F88F4B3924.d.10BA770F4DB8AB27D1D45FC2B340631F.e.5902"}]}
COMMAND: GET /session/637de528f4e604e156fb3e125ad907fc/screenshot - {}
RESULT: {}
RESULT: {"script":"<script> [8489 bytes]","args":[{"element-6066-11e4-a52e-4f735466cecf":"f.71948811B2353B7E36D356F88F4B3924.d.10BA770F4DB8AB27D1D45FC2B340631F.e.5902","ELEMENT":"f.71948811B2353B7E36D356F88F4B3924.d.10BA770F4DB8AB27D1D45FC2B340631F.e.5902"}]}
COMMAND: POST /session/637de528f4e604e156fb3e125ad907fc/execute/sync - {"script":"<script> [5351 bytes]","args":[{"element-6066-11e4-a52e-4f735466cecf":"f.71948811B2353B7E36D356F88F4B3924.d.10BA770F4DB8AB27D1D45FC2B340631F.e.5902","ELEMENT":"f.71948811B2353B7E36D356F88F4B3924.d.10BA770F4DB8AB27D1D45FC2B340631F.e.5902"}]}
COMMAND: GET /session/637de528f4e604e156fb3e125ad907fc/screenshot - {}
RESULT: {}
RESULT: {"script":"<script> [5351 bytes]","args":[{"element-6066-11e4-a52e-4f735466cecf":"f.71948811B2353B7E36D356F88F4B3924.d.10BA770F4DB8AB27D1D45FC2B340631F.e.5902","ELEMENT":"f.71948811B2353B7E36D356F88F4B3924.d.10BA770F4DB8AB27D1D45FC2B340631F.e.5902"}]}
COMMAND: GET /session/637de528f4e604e156fb3e125ad907fc/screenshot - {}
RESULT: {}
RESULT: {}
COMMAND: POST /session/637de528f4e604e156fb3e125ad907fc/element - {"using":"xpath","value":"//span[@id=\"application-managepartners-display-component---masterPtm--smartTable-header-inner\"]"}
RESULT: {"using":"xpath","value":"//span[@id=\"application-managepartners-display-component---masterPtm--smartTable-header-inner\"]"}
COMMAND: POST /session/637de528f4e604e156fb3e125ad907fc/elements - {"using":"xpath","value":"//span[@id=\"application-managepartners-display-component---masterPtm--smartTable-header-inner\"]"}
RESULT: {"using":"xpath","value":"//span[@id=\"application-managepartners-display-component---masterPtm--smartTable-header-inner\"]"}
COMMAND: POST /session/637de528f4e604e156fb3e125ad907fc/execute/sync - {"script":"<script> [56 bytes]","args":[{"element-6066-11e4-a52e-4f735466cecf":"f.71948811B2353B7E36D356F88F4B3924.d.10BA770F4DB8AB27D1D45FC2B340631F.e.6025","ELEMENT":"f.71948811B2353B7E36D356F88F4B3924.d.10BA770F4DB8AB27D1D45FC2B340631F.e.6025"}]}
RESULT: {"script":"<script> [56 bytes]","args":[{"element-6066-11e4-a52e-4f735466cecf":"f.71948811B2353B7E36D356F88F4B3924.d.10BA770F4DB8AB27D1D45FC2B340631F.e.6025","ELEMENT":"f.71948811B2353B7E36D356F88F4B3924.d.10BA770F4DB8AB27D1D45FC2B340631F.e.6025"}]}
RESULT: undefined
COMMAND: POST /session/637de528f4e604e156fb3e125ad907fc/execute/async - {"script":"<script> [776 bytes]","args":[{"enterText":"External Partner WDIO","selector":{"id":"application-managepartners-display-component---masterPtm--smartFilterBar-btnBasicSearch","interaction":{"idSuffix":"I"}},"clearTextFirst":true,"interactionType":"ENTER_TEXT"}]}
COMMAND: GET /session/637de528f4e604e156fb3e125ad907fc/screenshot - {}
RESULT: {}
RESULT: {"script":"<script> [776 bytes]","args":[{"enterText":"External Partner WDIO","selector":{"id":"application-managepartners-display-component---masterPtm--smartFilterBar-btnBasicSearch","interaction":{"idSuffix":"I"}},"clearTextFirst":true,"interactionType":"ENTER_TEXT"}]}
COMMAND: POST /session/637de528f4e604e156fb3e125ad907fc/actions - {"actions":[{"id":"action17","type":"key","parameters":{},"actions":[{"type":"keyDown","value":""},{"type":"pause","duration":10},{"type":"keyUp","value":""}]}]}
RESULT: {"actions":[{"id":"action17","type":"key","parameters":{},"actions":[{"type":"keyDown","value":""},{"type":"pause","duration":10},{"type":"keyUp","value":""}]}]}
COMMAND: GET /session/637de528f4e604e156fb3e125ad907fc/screenshot - {}
RESULT: {}
COMMAND: POST /session/637de528f4e604e156fb3e125ad907fc/element - {"using":"xpath","value":"//span[@id=\"application-managepartners-display-component---masterPtm--smartTable-header-inner\"]"}
RESULT: {"using":"xpath","value":"//span[@id=\"application-managepartners-display-component---masterPtm--smartTable-header-inner\"]"}
COMMAND: POST /session/637de528f4e604e156fb3e125ad907fc/elements - {"using":"xpath","value":"//span[@id=\"application-managepartners-display-component---masterPtm--smartTable-header-inner\"]"}
RESULT: {"using":"xpath","value":"//span[@id=\"application-managepartners-display-component---masterPtm--smartTable-header-inner\"]"}
COMMAND: POST /session/637de528f4e604e156fb3e125ad907fc/execute/sync - {"script":"<script> [56 bytes]","args":[{"element-6066-11e4-a52e-4f735466cecf":"f.71948811B2353B7E36D356F88F4B3924.d.10BA770F4DB8AB27D1D45FC2B340631F.e.6025","ELEMENT":"f.71948811B2353B7E36D356F88F4B3924.d.10BA770F4DB8AB27D1D45FC2B340631F.e.6025"}]}
RESULT: {"script":"<script> [56 bytes]","args":[{"element-6066-11e4-a52e-4f735466cecf":"f.71948811B2353B7E36D356F88F4B3924.d.10BA770F4DB8AB27D1D45FC2B340631F.e.6025","ELEMENT":"f.71948811B2353B7E36D356F88F4B3924.d.10BA770F4DB8AB27D1D45FC2B340631F.e.6025"}]}
COMMAND: POST /session/637de528f4e604e156fb3e125ad907fc/element - {"using":"xpath","value":"//div[contains(@id, \"managepartners-display-component---masterPtm--smartFilterBar-btnBasicSearch-reset\")]"}
COMMAND: GET /session/637de528f4e604e156fb3e125ad907fc/screenshot - {}
RESULT: {"using":"xpath","value":"//div[contains(@id, \"managepartners-display-component---masterPtm--smartFilterBar-btnBasicSearch-reset\")]"}
COMMAND: POST /session/637de528f4e604e156fb3e125ad907fc/element/f.71948811B2353B7E36D356F88F4B3924.d.10BA770F4DB8AB27D1D45FC2B340631F.e.6170/click - {}
RESULT: {}
RESULT: {}
COMMAND: GET /session/637de528f4e604e156fb3e125ad907fc/screenshot - {}
RESULT: {}
COMMAND: POST /session/637de528f4e604e156fb3e125ad907fc/execute/async - {"script":"<script> [1562 bytes]","args":[{"selector":{"id":"application-managepartners-display-component---masterPtm--smartFilterBar-filterItemControl_BASIC-MAIN_ADDRESS-vhi"},"wdio_ui5_key":"applicationmanagepartners-display-component---masterPtm--smartFilterBar-filterItemControl_BASIC-MAIN_ADDRESS-vhi"}]}
RESULT: {"script":"<script> [1562 bytes]","args":[{"selector":{"id":"application-managepartners-display-component---masterPtm--smartFilterBar-filterItemControl_BASIC-MAIN_ADDRESS-vhi"},"wdio_ui5_key":"applicationmanagepartners-display-component---masterPtm--smartFilterBar-filterItemControl_BASIC-MAIN_ADDRESS-vhi"}]}
RESULT: undefined
COMMAND: POST /session/637de528f4e604e156fb3e125ad907fc/element - {"using":"xpath","value":"//*[@id=\"application-managepartners-display-component---masterPtm--smartFilterBar-filterItemControl_BASIC-MAIN_ADDRESS-vhi\"]"}
RESULT: {"using":"xpath","value":"//*[@id=\"application-managepartners-display-component---masterPtm--smartFilterBar-filterItemControl_BASIC-MAIN_ADDRESS-vhi\"]"}
COMMAND: POST /session/637de528f4e604e156fb3e125ad907fc/element/f.71948811B2353B7E36D356F88F4B3924.d.10BA770F4DB8AB27D1D45FC2B340631F.e.6254/click - {}
RESULT: {}
COMMAND: GET /session/637de528f4e604e156fb3e125ad907fc/screenshot - {}
RESULT: {}
COMMAND: POST /session/637de528f4e604e156fb3e125ad907fc/execute/async - {"script":"<script> [1562 bytes]","args":[{"selector":{"id":"application-managepartners-display-component---masterPtm--smartFilterBar-filterItemControl_BASIC-MAIN_ADDRESS-valueHelpDialog-smartFilterBar-btnBasicSearch","searchOpenDialogs":true,"interaction":{"idSuffix":"I"}},"wdio_ui5_key":"applicationmanagepartners-display-component---masterPtm--smartFilterBar-filterItemControl_BASIC-MAIN_ADDRESS-valueHelpDialog-smartFilterBar-btnBasicSearch"}]}
RESULT: {"script":"<script> [1562 bytes]","args":[{"selector":{"id":"application-managepartners-display-component---masterPtm--smartFilterBar-filterItemControl_BASIC-MAIN_ADDRESS-valueHelpDialog-smartFilterBar-btnBasicSearch","searchOpenDialogs":true,"interaction":{"idSuffix":"I"}},"wdio_ui5_key":"applicationmanagepartners-display-component---masterPtm--smartFilterBar-filterItemControl_BASIC-MAIN_ADDRESS-valueHelpDialog-smartFilterBar-btnBasicSearch"}]}
RESULT: undefined
COMMAND: POST /session/637de528f4e604e156fb3e125ad907fc/execute/async - {"script":"<script> [776 bytes]","args":[{"enterText":"Romania","selector":{"id":"application-managepartners-display-component---masterPtm--smartFilterBar-filterItemControl_BASIC-MAIN_ADDRESS-valueHelpDialog-smartFilterBar-btnBasicSearch","searchOpenDialogs":true,"interaction":{"idSuffix":"I"}},"clearTextFirst":true,"interactionType":"ENTER_TEXT"}]}
RESULT: {"script":"<script> [776 bytes]","args":[{"enterText":"Romania","selector":{"id":"application-managepartners-display-component---masterPtm--smartFilterBar-filterItemControl_BASIC-MAIN_ADDRESS-valueHelpDialog-smartFilterBar-btnBasicSearch","searchOpenDialogs":true,"interaction":{"idSuffix":"I"}},"clearTextFirst":true,"interactionType":"ENTER_TEXT"}]}
COMMAND: POST /session/637de528f4e604e156fb3e125ad907fc/actions - {"actions":[{"id":"action18","type":"key","parameters":{},"actions":[{"type":"keyDown","value":""},{"type":"pause","duration":10},{"type":"keyUp","value":""}]}]}
RESULT: {"actions":[{"id":"action18","type":"key","parameters":{},"actions":[{"type":"keyDown","value":""},{"type":"pause","duration":10},{"type":"keyUp","value":""}]}]}
COMMAND: POST /session/637de528f4e604e156fb3e125ad907fc/elements - {"using":"xpath","value":"//table[contains(@id, \"smartFilterBar-filterItemControl_BASIC-MAIN_ADDRESS-valueHelpDialog-table-table\")]/tbody/tr"}
COMMAND: GET /session/637de528f4e604e156fb3e125ad907fc/screenshot - {}
RESULT: {"using":"xpath","value":"//table[contains(@id, \"smartFilterBar-filterItemControl_BASIC-MAIN_ADDRESS-valueHelpDialog-table-table\")]/tbody/tr"}
COMMAND: POST /session/637de528f4e604e156fb3e125ad907fc/element - {"using":"xpath","value":"//table[contains(@id, \"smartFilterBar-filterItemControl_BASIC-MAIN_ADDRESS-valueHelpDialog-table-table\")]/tbody/tr[1]/td[1]/div/span"}
RESULT: {}
RESULT: {"using":"xpath","value":"//table[contains(@id, \"smartFilterBar-filterItemControl_BASIC-MAIN_ADDRESS-valueHelpDialog-table-table\")]/tbody/tr[1]/td[1]/div/span"}
COMMAND: POST /session/637de528f4e604e156fb3e125ad907fc/elements - {"using":"xpath","value":"//table[contains(@id, \"smartFilterBar-filterItemControl_BASIC-MAIN_ADDRESS-valueHelpDialog-table-table\")]/tbody/tr[1]/td[1]/div/span"}
RESULT: {"using":"xpath","value":"//table[contains(@id, \"smartFilterBar-filterItemControl_BASIC-MAIN_ADDRESS-valueHelpDialog-table-table\")]/tbody/tr[1]/td[1]/div/span"}
COMMAND: POST /session/637de528f4e604e156fb3e125ad907fc/execute/sync - {"script":"<script> [56 bytes]","args":[{"element-6066-11e4-a52e-4f735466cecf":"f.71948811B2353B7E36D356F88F4B3924.d.10BA770F4DB8AB27D1D45FC2B340631F.e.6273","ELEMENT":"f.71948811B2353B7E36D356F88F4B3924.d.10BA770F4DB8AB27D1D45FC2B340631F.e.6273"}]}
RESULT: {"script":"<script> [56 bytes]","args":[{"element-6066-11e4-a52e-4f735466cecf":"f.71948811B2353B7E36D356F88F4B3924.d.10BA770F4DB8AB27D1D45FC2B340631F.e.6273","ELEMENT":"f.71948811B2353B7E36D356F88F4B3924.d.10BA770F4DB8AB27D1D45FC2B340631F.e.6273"}]}
COMMAND: POST /session/637de528f4e604e156fb3e125ad907fc/element - {"using":"xpath","value":"//div[contains(@id, \"filterItemControl_BASIC-MAIN_ADDRESS-valueHelpDialog-table-rowsel0\")]"}
COMMAND: GET /session/637de528f4e604e156fb3e125ad907fc/screenshot - {}
RESULT: {"using":"xpath","value":"//div[contains(@id, \"filterItemControl_BASIC-MAIN_ADDRESS-valueHelpDialog-table-rowsel0\")]"}
COMMAND: POST /session/637de528f4e604e156fb3e125ad907fc/element/f.71948811B2353B7E36D356F88F4B3924.d.10BA770F4DB8AB27D1D45FC2B340631F.e.6274/click - {}
RESULT: {}
RESULT: {}
COMMAND: GET /session/637de528f4e604e156fb3e125ad907fc/screenshot - {}
RESULT: {}
COMMAND: POST /session/637de528f4e604e156fb3e125ad907fc/element - {"using":"xpath","value":"(//bdi[contains(text(), \"OK\")])[1]"}
RESULT: {"using":"xpath","value":"(//bdi[contains(text(), \"OK\")])[1]"}
COMMAND: POST /session/637de528f4e604e156fb3e125ad907fc/element/f.71948811B2353B7E36D356F88F4B3924.d.10BA770F4DB8AB27D1D45FC2B340631F.e.6276/click - {}
RESULT: {}
COMMAND: GET /session/637de528f4e604e156fb3e125ad907fc/screenshot - {}
RESULT: {}
COMMAND: POST /session/637de528f4e604e156fb3e125ad907fc/element - {"using":"xpath","value":"//span[@id=\"application-managepartners-display-component---masterPtm--smartTable-header-inner\"]"}
RESULT: {"using":"xpath","value":"//span[@id=\"application-managepartners-display-component---masterPtm--smartTable-header-inner\"]"}
COMMAND: POST /session/637de528f4e604e156fb3e125ad907fc/elements - {"using":"xpath","value":"//span[@id=\"application-managepartners-display-component---masterPtm--smartTable-header-inner\"]"}
RESULT: {"using":"xpath","value":"//span[@id=\"application-managepartners-display-component---masterPtm--smartTable-header-inner\"]"}
COMMAND: POST /session/637de528f4e604e156fb3e125ad907fc/execute/sync - {"script":"<script> [56 bytes]","args":[{"element-6066-11e4-a52e-4f735466cecf":"f.71948811B2353B7E36D356F88F4B3924.d.10BA770F4DB8AB27D1D45FC2B340631F.e.6025","ELEMENT":"f.71948811B2353B7E36D356F88F4B3924.d.10BA770F4DB8AB27D1D45FC2B340631F.e.6025"}]}
RESULT: {"script":"<script> [56 bytes]","args":[{"element-6066-11e4-a52e-4f735466cecf":"f.71948811B2353B7E36D356F88F4B3924.d.10BA770F4DB8AB27D1D45FC2B340631F.e.6025","ELEMENT":"f.71948811B2353B7E36D356F88F4B3924.d.10BA770F4DB8AB27D1D45FC2B340631F.e.6025"}]}
COMMAND: POST /session/637de528f4e604e156fb3e125ad907fc/element - {"using":"xpath","value":"//span[contains(@title, \"Remove\")]"}
COMMAND: GET /session/637de528f4e604e156fb3e125ad907fc/screenshot - {}
RESULT: {"using":"xpath","value":"//span[contains(@title, \"Remove\")]"}
COMMAND: POST /session/637de528f4e604e156fb3e125ad907fc/element/f.71948811B2353B7E36D356F88F4B3924.d.10BA770F4DB8AB27D1D45FC2B340631F.e.6289/click - {}
RESULT: {}
RESULT: {}
COMMAND: GET /session/637de528f4e604e156fb3e125ad907fc/screenshot - {}
RESULT: {}
COMMAND: POST /session/637de528f4e604e156fb3e125ad907fc/element - {"using":"xpath","value":"//span[@id=\"application-managepartners-display-component---masterPtm--smartTable-header-inner\"]"}
RESULT: {"using":"xpath","value":"//span[@id=\"application-managepartners-display-component---masterPtm--smartTable-header-inner\"]"}
COMMAND: POST /session/637de528f4e604e156fb3e125ad907fc/elements - {"using":"xpath","value":"//span[@id=\"application-managepartners-display-component---masterPtm--smartTable-header-inner\"]"}
RESULT: {"using":"xpath","value":"//span[@id=\"application-managepartners-display-component---masterPtm--smartTable-header-inner\"]"}
COMMAND: POST /session/637de528f4e604e156fb3e125ad907fc/execute/sync - {"script":"<script> [56 bytes]","args":[{"element-6066-11e4-a52e-4f735466cecf":"f.71948811B2353B7E36D356F88F4B3924.d.10BA770F4DB8AB27D1D45FC2B340631F.e.6025","ELEMENT":"f.71948811B2353B7E36D356F88F4B3924.d.10BA770F4DB8AB27D1D45FC2B340631F.e.6025"}]}
RESULT: {"script":"<script> [56 bytes]","args":[{"element-6066-11e4-a52e-4f735466cecf":"f.71948811B2353B7E36D356F88F4B3924.d.10BA770F4DB8AB27D1D45FC2B340631F.e.6025","ELEMENT":"f.71948811B2353B7E36D356F88F4B3924.d.10BA770F4DB8AB27D1D45FC2B340631F.e.6025"}]}
COMMAND: POST /session/637de528f4e604e156fb3e125ad907fc/execute/async - {"script":"<script> [1562 bytes]","args":[{"selector":{"id":"application-managepartners-display-component---masterPtm--smartFilterBar-filterItemControl_BASIC-YARD-vhi"},"wdio_ui5_key":"applicationmanagepartners-display-component---masterPtm--smartFilterBar-filterItemControl_BASIC-YARD-vhi"}]}
COMMAND: GET /session/637de528f4e604e156fb3e125ad907fc/screenshot - {}
RESULT: {"script":"<script> [1562 bytes]","args":[{"selector":{"id":"application-managepartners-display-component---masterPtm--smartFilterBar-filterItemControl_BASIC-YARD-vhi"},"wdio_ui5_key":"applicationmanagepartners-display-component---masterPtm--smartFilterBar-filterItemControl_BASIC-YARD-vhi"}]}
RESULT: undefined
COMMAND: POST /session/637de528f4e604e156fb3e125ad907fc/element - {"using":"xpath","value":"//*[@id=\"application-managepartners-display-component---masterPtm--smartFilterBar-filterItemControl_BASIC-YARD-vhi\"]"}
RESULT: {}
RESULT: {"using":"xpath","value":"//*[@id=\"application-managepartners-display-component---masterPtm--smartFilterBar-filterItemControl_BASIC-YARD-vhi\"]"}
COMMAND: POST /session/637de528f4e604e156fb3e125ad907fc/element/f.71948811B2353B7E36D356F88F4B3924.d.10BA770F4DB8AB27D1D45FC2B340631F.e.6395/click - {}
RESULT: {}
COMMAND: GET /session/637de528f4e604e156fb3e125ad907fc/screenshot - {}
RESULT: {}
COMMAND: POST /session/637de528f4e604e156fb3e125ad907fc/execute/async - {"script":"<script> [1562 bytes]","args":[{"selector":{"id":"application-managepartners-display-component---masterPtm--smartFilterBar-filterItemControl_BASIC-YARD-valueHelpDialog-smartFilterBar-btnBasicSearch","searchOpenDialogs":true,"interaction":{"idSuffix":"I"}},"wdio_ui5_key":"applicationmanagepartners-display-component---masterPtm--smartFilterBar-filterItemControl_BASIC-YARD-valueHelpDialog-smartFilterBar-btnBasicSearch"}]}
RESULT: {"script":"<script> [1562 bytes]","args":[{"selector":{"id":"application-managepartners-display-component---masterPtm--smartFilterBar-filterItemControl_BASIC-YARD-valueHelpDialog-smartFilterBar-btnBasicSearch","searchOpenDialogs":true,"interaction":{"idSuffix":"I"}},"wdio_ui5_key":"applicationmanagepartners-display-component---masterPtm--smartFilterBar-filterItemControl_BASIC-YARD-valueHelpDialog-smartFilterBar-btnBasicSearch"}]}
RESULT: undefined
COMMAND: POST /session/637de528f4e604e156fb3e125ad907fc/execute/async - {"script":"<script> [776 bytes]","args":[{"enterText":"Test","selector":{"id":"application-managepartners-display-component---masterPtm--smartFilterBar-filterItemControl_BASIC-YARD-valueHelpDialog-smartFilterBar-btnBasicSearch","searchOpenDialogs":true,"interaction":{"idSuffix":"I"}},"clearTextFirst":true,"interactionType":"ENTER_TEXT"}]}
RESULT: {"script":"<script> [776 bytes]","args":[{"enterText":"Test","selector":{"id":"application-managepartners-display-component---masterPtm--smartFilterBar-filterItemControl_BASIC-YARD-valueHelpDialog-smartFilterBar-btnBasicSearch","searchOpenDialogs":true,"interaction":{"idSuffix":"I"}},"clearTextFirst":true,"interactionType":"ENTER_TEXT"}]}
COMMAND: POST /session/637de528f4e604e156fb3e125ad907fc/actions - {"actions":[{"id":"action19","type":"key","parameters":{},"actions":[{"type":"keyDown","value":""},{"type":"pause","duration":10},{"type":"keyUp","value":""}]}]}
RESULT: {"actions":[{"id":"action19","type":"key","parameters":{},"actions":[{"type":"keyDown","value":""},{"type":"pause","duration":10},{"type":"keyUp","value":""}]}]}
COMMAND: POST /session/637de528f4e604e156fb3e125ad907fc/elements - {"using":"xpath","value":"//table[contains(@id, \"smartFilterBar-filterItemControl_BASIC-YARD-valueHelpDialog-table-table\")]/tbody/tr"}
COMMAND: GET /session/637de528f4e604e156fb3e125ad907fc/screenshot - {}
RESULT: {"using":"xpath","value":"//table[contains(@id, \"smartFilterBar-filterItemControl_BASIC-YARD-valueHelpDialog-table-table\")]/tbody/tr"}
COMMAND: POST /session/637de528f4e604e156fb3e125ad907fc/element - {"using":"xpath","value":"//table[contains(@id, \"smartFilterBar-filterItemControl_BASIC-YARD-valueHelpDialog-table-table\")]/tbody/tr[1]/td[1]/div/span"}
RESULT: {}
RESULT: {"using":"xpath","value":"//table[contains(@id, \"smartFilterBar-filterItemControl_BASIC-YARD-valueHelpDialog-table-table\")]/tbody/tr[1]/td[1]/div/span"}
COMMAND: POST /session/637de528f4e604e156fb3e125ad907fc/elements - {"using":"xpath","value":"//table[contains(@id, \"smartFilterBar-filterItemControl_BASIC-YARD-valueHelpDialog-table-table\")]/tbody/tr[1]/td[1]/div/span"}
RESULT: {"using":"xpath","value":"//table[contains(@id, \"smartFilterBar-filterItemControl_BASIC-YARD-valueHelpDialog-table-table\")]/tbody/tr[1]/td[1]/div/span"}
COMMAND: POST /session/637de528f4e604e156fb3e125ad907fc/execute/sync - {"script":"<script> [56 bytes]","args":[{"element-6066-11e4-a52e-4f735466cecf":"f.71948811B2353B7E36D356F88F4B3924.d.10BA770F4DB8AB27D1D45FC2B340631F.e.6415","ELEMENT":"f.71948811B2353B7E36D356F88F4B3924.d.10BA770F4DB8AB27D1D45FC2B340631F.e.6415"}]}
RESULT: {"script":"<script> [56 bytes]","args":[{"element-6066-11e4-a52e-4f735466cecf":"f.71948811B2353B7E36D356F88F4B3924.d.10BA770F4DB8AB27D1D45FC2B340631F.e.6415","ELEMENT":"f.71948811B2353B7E36D356F88F4B3924.d.10BA770F4DB8AB27D1D45FC2B340631F.e.6415"}]}
COMMAND: POST /session/637de528f4e604e156fb3e125ad907fc/element - {"using":"xpath","value":"//table[contains(@id, \"smartFilterBar-filterItemControl_BASIC-YARD-valueHelpDialog-table-table\")]/tbody/tr[2]/td[1]/div/span"}
COMMAND: GET /session/637de528f4e604e156fb3e125ad907fc/screenshot - {}
RESULT: {"using":"xpath","value":"//table[contains(@id, \"smartFilterBar-filterItemControl_BASIC-YARD-valueHelpDialog-table-table\")]/tbody/tr[2]/td[1]/div/span"}
COMMAND: POST /session/637de528f4e604e156fb3e125ad907fc/elements - {"using":"xpath","value":"//table[contains(@id, \"smartFilterBar-filterItemControl_BASIC-YARD-valueHelpDialog-table-table\")]/tbody/tr[2]/td[1]/div/span"}
RESULT: {}
RESULT: {"using":"xpath","value":"//table[contains(@id, \"smartFilterBar-filterItemControl_BASIC-YARD-valueHelpDialog-table-table\")]/tbody/tr[2]/td[1]/div/span"}
COMMAND: POST /session/637de528f4e604e156fb3e125ad907fc/execute/sync - {"script":"<script> [56 bytes]","args":[{"element-6066-11e4-a52e-4f735466cecf":"f.71948811B2353B7E36D356F88F4B3924.d.10BA770F4DB8AB27D1D45FC2B340631F.e.6416","ELEMENT":"f.71948811B2353B7E36D356F88F4B3924.d.10BA770F4DB8AB27D1D45FC2B340631F.e.6416"}]}
RESULT: {"script":"<script> [56 bytes]","args":[{"element-6066-11e4-a52e-4f735466cecf":"f.71948811B2353B7E36D356F88F4B3924.d.10BA770F4DB8AB27D1D45FC2B340631F.e.6416","ELEMENT":"f.71948811B2353B7E36D356F88F4B3924.d.10BA770F4DB8AB27D1D45FC2B340631F.e.6416"}]}
COMMAND: POST /session/637de528f4e604e156fb3e125ad907fc/element - {"using":"xpath","value":"//table[contains(@id, \"smartFilterBar-filterItemControl_BASIC-YARD-valueHelpDialog-table-table\")]/tbody/tr[3]/td[1]/div/span"}
COMMAND: GET /session/637de528f4e604e156fb3e125ad907fc/screenshot - {}
RESULT: {}
RESULT: {"using":"xpath","value":"//table[contains(@id, \"smartFilterBar-filterItemControl_BASIC-YARD-valueHelpDialog-table-table\")]/tbody/tr[3]/td[1]/div/span"}
COMMAND: POST /session/637de528f4e604e156fb3e125ad907fc/elements - {"using":"xpath","value":"//table[contains(@id, \"smartFilterBar-filterItemControl_BASIC-YARD-valueHelpDialog-table-table\")]/tbody/tr[3]/td[1]/div/span"}
RESULT: {"using":"xpath","value":"//table[contains(@id, \"smartFilterBar-filterItemControl_BASIC-YARD-valueHelpDialog-table-table\")]/tbody/tr[3]/td[1]/div/span"}
COMMAND: POST /session/637de528f4e604e156fb3e125ad907fc/execute/sync - {"script":"<script> [56 bytes]","args":[{"element-6066-11e4-a52e-4f735466cecf":"f.71948811B2353B7E36D356F88F4B3924.d.10BA770F4DB8AB27D1D45FC2B340631F.e.6417","ELEMENT":"f.71948811B2353B7E36D356F88F4B3924.d.10BA770F4DB8AB27D1D45FC2B340631F.e.6417"}]}
RESULT: {"script":"<script> [56 bytes]","args":[{"element-6066-11e4-a52e-4f735466cecf":"f.71948811B2353B7E36D356F88F4B3924.d.10BA770F4DB8AB27D1D45FC2B340631F.e.6417","ELEMENT":"f.71948811B2353B7E36D356F88F4B3924.d.10BA770F4DB8AB27D1D45FC2B340631F.e.6417"}]}
COMMAND: POST /session/637de528f4e604e156fb3e125ad907fc/element - {"using":"xpath","value":"//div[contains(@id, \"filterItemControl_BASIC-YARD-valueHelpDialog-table-rowsel2\")]"}
COMMAND: GET /session/637de528f4e604e156fb3e125ad907fc/screenshot - {}
RESULT: {"using":"xpath","value":"//div[contains(@id, \"filterItemControl_BASIC-YARD-valueHelpDialog-table-rowsel2\")]"}
COMMAND: POST /session/637de528f4e604e156fb3e125ad907fc/element/f.71948811B2353B7E36D356F88F4B3924.d.10BA770F4DB8AB27D1D45FC2B340631F.e.6418/click - {}
RESULT: {}
RESULT: {}
COMMAND: GET /session/637de528f4e604e156fb3e125ad907fc/screenshot - {}
RESULT: {}
COMMAND: POST /session/637de528f4e604e156fb3e125ad907fc/element - {"using":"xpath","value":"(//bdi[contains(text(), \"OK\")])[1]"}
RESULT: {"using":"xpath","value":"(//bdi[contains(text(), \"OK\")])[1]"}
COMMAND: POST /session/637de528f4e604e156fb3e125ad907fc/element/f.71948811B2353B7E36D356F88F4B3924.d.10BA770F4DB8AB27D1D45FC2B340631F.e.6420/click - {}
RESULT: {}
COMMAND: GET /session/637de528f4e604e156fb3e125ad907fc/screenshot - {}
RESULT: {}
COMMAND: POST /session/637de528f4e604e156fb3e125ad907fc/element - {"using":"xpath","value":"//span[@id=\"application-managepartners-display-component---masterPtm--smartTable-header-inner\"]"}
RESULT: {"using":"xpath","value":"//span[@id=\"application-managepartners-display-component---masterPtm--smartTable-header-inner\"]"}
COMMAND: POST /session/637de528f4e604e156fb3e125ad907fc/elements - {"using":"xpath","value":"//span[@id=\"application-managepartners-display-component---masterPtm--smartTable-header-inner\"]"}
RESULT: {"using":"xpath","value":"//span[@id=\"application-managepartners-display-component---masterPtm--smartTable-header-inner\"]"}
COMMAND: POST /session/637de528f4e604e156fb3e125ad907fc/execute/sync - {"script":"<script> [56 bytes]","args":[{"element-6066-11e4-a52e-4f735466cecf":"f.71948811B2353B7E36D356F88F4B3924.d.10BA770F4DB8AB27D1D45FC2B340631F.e.6025","ELEMENT":"f.71948811B2353B7E36D356F88F4B3924.d.10BA770F4DB8AB27D1D45FC2B340631F.e.6025"}]}
RESULT: {"script":"<script> [56 bytes]","args":[{"element-6066-11e4-a52e-4f735466cecf":"f.71948811B2353B7E36D356F88F4B3924.d.10BA770F4DB8AB27D1D45FC2B340631F.e.6025","ELEMENT":"f.71948811B2353B7E36D356F88F4B3924.d.10BA770F4DB8AB27D1D45FC2B340631F.e.6025"}]}
COMMAND: POST /session/637de528f4e604e156fb3e125ad907fc/element - {"using":"xpath","value":"//span[contains(@title, \"Remove\")]"}
COMMAND: GET /session/637de528f4e604e156fb3e125ad907fc/screenshot - {}
RESULT: {"using":"xpath","value":"//span[contains(@title, \"Remove\")]"}
COMMAND: POST /session/637de528f4e604e156fb3e125ad907fc/element/f.71948811B2353B7E36D356F88F4B3924.d.10BA770F4DB8AB27D1D45FC2B340631F.e.6433/click - {}
RESULT: {}
RESULT: {}
COMMAND: GET /session/637de528f4e604e156fb3e125ad907fc/screenshot - {}
RESULT: {}
COMMAND: POST /session/637de528f4e604e156fb3e125ad907fc/element - {"using":"xpath","value":"//span[@id=\"application-managepartners-display-component---masterPtm--smartTable-header-inner\"]"}
RESULT: {"using":"xpath","value":"//span[@id=\"application-managepartners-display-component---masterPtm--smartTable-header-inner\"]"}
COMMAND: POST /session/637de528f4e604e156fb3e125ad907fc/elements - {"using":"xpath","value":"//span[@id=\"application-managepartners-display-component---masterPtm--smartTable-header-inner\"]"}
RESULT: {"using":"xpath","value":"//span[@id=\"application-managepartners-display-component---masterPtm--smartTable-header-inner\"]"}
COMMAND: POST /session/637de528f4e604e156fb3e125ad907fc/execute/sync - {"script":"<script> [56 bytes]","args":[{"element-6066-11e4-a52e-4f735466cecf":"f.71948811B2353B7E36D356F88F4B3924.d.10BA770F4DB8AB27D1D45FC2B340631F.e.6025","ELEMENT":"f.71948811B2353B7E36D356F88F4B3924.d.10BA770F4DB8AB27D1D45FC2B340631F.e.6025"}]}
RESULT: {"script":"<script> [56 bytes]","args":[{"element-6066-11e4-a52e-4f735466cecf":"f.71948811B2353B7E36D356F88F4B3924.d.10BA770F4DB8AB27D1D45FC2B340631F.e.6025","ELEMENT":"f.71948811B2353B7E36D356F88F4B3924.d.10BA770F4DB8AB27D1D45FC2B340631F.e.6025"}]}
COMMAND: POST /session/637de528f4e604e156fb3e125ad907fc/execute/async - {"script":"<script> [1562 bytes]","args":[{"selector":{"id":"application-managepartners-display-component---masterPtm--smartFilterBar-filterItemControl_BASIC-ALL_TAGS-vhi"},"wdio_ui5_key":"applicationmanagepartners-display-component---masterPtm--smartFilterBar-filterItemControl_BASIC-ALL_TAGS-vhi"}]}
COMMAND: GET /session/637de528f4e604e156fb3e125ad907fc/screenshot - {}
RESULT: {"script":"<script> [1562 bytes]","args":[{"selector":{"id":"application-managepartners-display-component---masterPtm--smartFilterBar-filterItemControl_BASIC-ALL_TAGS-vhi"},"wdio_ui5_key":"applicationmanagepartners-display-component---masterPtm--smartFilterBar-filterItemControl_BASIC-ALL_TAGS-vhi"}]}
RESULT: undefined
COMMAND: POST /session/637de528f4e604e156fb3e125ad907fc/element - {"using":"xpath","value":"//*[@id=\"application-managepartners-display-component---masterPtm--smartFilterBar-filterItemControl_BASIC-ALL_TAGS-vhi\"]"}
RESULT: {}
RESULT: {"using":"xpath","value":"//*[@id=\"application-managepartners-display-component---masterPtm--smartFilterBar-filterItemControl_BASIC-ALL_TAGS-vhi\"]"}
COMMAND: POST /session/637de528f4e604e156fb3e125ad907fc/element/f.71948811B2353B7E36D356F88F4B3924.d.10BA770F4DB8AB27D1D45FC2B340631F.e.6537/click - {}
RESULT: {}
COMMAND: GET /session/637de528f4e604e156fb3e125ad907fc/screenshot - {}
RESULT: {}
COMMAND: POST /session/637de528f4e604e156fb3e125ad907fc/execute/async - {"script":"<script> [1562 bytes]","args":[{"selector":{"id":"application-managepartners-display-component---masterPtm--smartFilterBar-filterItemControl_BASIC-ALL_TAGS-valueHelpDialog-smartFilterBar-btnBasicSearch","searchOpenDialogs":true,"interaction":{"idSuffix":"I"}},"wdio_ui5_key":"applicationmanagepartners-display-component---masterPtm--smartFilterBar-filterItemControl_BASIC-ALL_TAGS-valueHelpDialog-smartFilterBar-btnBasicSearch"}]}
RESULT: {"script":"<script> [1562 bytes]","args":[{"selector":{"id":"application-managepartners-display-component---masterPtm--smartFilterBar-filterItemControl_BASIC-ALL_TAGS-valueHelpDialog-smartFilterBar-btnBasicSearch","searchOpenDialogs":true,"interaction":{"idSuffix":"I"}},"wdio_ui5_key":"applicationmanagepartners-display-component---masterPtm--smartFilterBar-filterItemControl_BASIC-ALL_TAGS-valueHelpDialog-smartFilterBar-btnBasicSearch"}]}
RESULT: undefined
COMMAND: POST /session/637de528f4e604e156fb3e125ad907fc/execute/async - {"script":"<script> [776 bytes]","args":[{"enterText":"test-tag-1","selector":{"id":"application-managepartners-display-component---masterPtm--smartFilterBar-filterItemControl_BASIC-ALL_TAGS-valueHelpDialog-smartFilterBar-btnBasicSearch","searchOpenDialogs":true,"interaction":{"idSuffix":"I"}},"clearTextFirst":true,"interactionType":"ENTER_TEXT"}]}
RESULT: {"script":"<script> [776 bytes]","args":[{"enterText":"test-tag-1","selector":{"id":"application-managepartners-display-component---masterPtm--smartFilterBar-filterItemControl_BASIC-ALL_TAGS-valueHelpDialog-smartFilterBar-btnBasicSearch","searchOpenDialogs":true,"interaction":{"idSuffix":"I"}},"clearTextFirst":true,"interactionType":"ENTER_TEXT"}]}
COMMAND: POST /session/637de528f4e604e156fb3e125ad907fc/actions - {"actions":[{"id":"action20","type":"key","parameters":{},"actions":[{"type":"keyDown","value":""},{"type":"pause","duration":10},{"type":"keyUp","value":""}]}]}
RESULT: {"actions":[{"id":"action20","type":"key","parameters":{},"actions":[{"type":"keyDown","value":""},{"type":"pause","duration":10},{"type":"keyUp","value":""}]}]}
COMMAND: POST /session/637de528f4e604e156fb3e125ad907fc/elements - {"using":"xpath","value":"//table[contains(@id, \"smartFilterBar-filterItemControl_BASIC-ALL_TAGS-valueHelpDialog-table-table\")]/tbody/tr"}
COMMAND: GET /session/637de528f4e604e156fb3e125ad907fc/screenshot - {}
RESULT: {"using":"xpath","value":"//table[contains(@id, \"smartFilterBar-filterItemControl_BASIC-ALL_TAGS-valueHelpDialog-table-table\")]/tbody/tr"}
COMMAND: POST /session/637de528f4e604e156fb3e125ad907fc/element - {"using":"xpath","value":"//table[contains(@id, \"smartFilterBar-filterItemControl_BASIC-ALL_TAGS-valueHelpDialog-table-table\")]/tbody/tr[1]/td[1]/div/span"}
RESULT: {}
RESULT: {"using":"xpath","value":"//table[contains(@id, \"smartFilterBar-filterItemControl_BASIC-ALL_TAGS-valueHelpDialog-table-table\")]/tbody/tr[1]/td[1]/div/span"}
COMMAND: POST /session/637de528f4e604e156fb3e125ad907fc/elements - {"using":"xpath","value":"//table[contains(@id, \"smartFilterBar-filterItemControl_BASIC-ALL_TAGS-valueHelpDialog-table-table\")]/tbody/tr[1]/td[1]/div/span"}
RESULT: {"using":"xpath","value":"//table[contains(@id, \"smartFilterBar-filterItemControl_BASIC-ALL_TAGS-valueHelpDialog-table-table\")]/tbody/tr[1]/td[1]/div/span"}
COMMAND: POST /session/637de528f4e604e156fb3e125ad907fc/execute/sync - {"script":"<script> [56 bytes]","args":[{"element-6066-11e4-a52e-4f735466cecf":"f.71948811B2353B7E36D356F88F4B3924.d.10BA770F4DB8AB27D1D45FC2B340631F.e.6559","ELEMENT":"f.71948811B2353B7E36D356F88F4B3924.d.10BA770F4DB8AB27D1D45FC2B340631F.e.6559"}]}
RESULT: {"script":"<script> [56 bytes]","args":[{"element-6066-11e4-a52e-4f735466cecf":"f.71948811B2353B7E36D356F88F4B3924.d.10BA770F4DB8AB27D1D45FC2B340631F.e.6559","ELEMENT":"f.71948811B2353B7E36D356F88F4B3924.d.10BA770F4DB8AB27D1D45FC2B340631F.e.6559"}]}
COMMAND: POST /session/637de528f4e604e156fb3e125ad907fc/element - {"using":"xpath","value":"//div[contains(@id, \"filterItemControl_BASIC-ALL_TAGS-valueHelpDialog-table-rowsel0\")]"}
COMMAND: GET /session/637de528f4e604e156fb3e125ad907fc/screenshot - {}
RESULT: {"using":"xpath","value":"//div[contains(@id, \"filterItemControl_BASIC-ALL_TAGS-valueHelpDialog-table-rowsel0\")]"}
COMMAND: POST /session/637de528f4e604e156fb3e125ad907fc/element/f.71948811B2353B7E36D356F88F4B3924.d.10BA770F4DB8AB27D1D45FC2B340631F.e.6560/click - {}
RESULT: {}
RESULT: {}
COMMAND: GET /session/637de528f4e604e156fb3e125ad907fc/screenshot - {}
RESULT: {}
COMMAND: POST /session/637de528f4e604e156fb3e125ad907fc/element - {"using":"xpath","value":"(//bdi[contains(text(), \"OK\")])[1]"}
RESULT: {"using":"xpath","value":"(//bdi[contains(text(), \"OK\")])[1]"}
COMMAND: POST /session/637de528f4e604e156fb3e125ad907fc/element/f.71948811B2353B7E36D356F88F4B3924.d.10BA770F4DB8AB27D1D45FC2B340631F.e.6562/click - {}
RESULT: {}
COMMAND: GET /session/637de528f4e604e156fb3e125ad907fc/screenshot - {}
RESULT: {}
COMMAND: POST /session/637de528f4e604e156fb3e125ad907fc/element - {"using":"xpath","value":"//span[@id=\"application-managepartners-display-component---masterPtm--smartTable-header-inner\"]"}
RESULT: {"using":"xpath","value":"//span[@id=\"application-managepartners-display-component---masterPtm--smartTable-header-inner\"]"}
COMMAND: POST /session/637de528f4e604e156fb3e125ad907fc/elements - {"using":"xpath","value":"//span[@id=\"application-managepartners-display-component---masterPtm--smartTable-header-inner\"]"}
RESULT: {"using":"xpath","value":"//span[@id=\"application-managepartners-display-component---masterPtm--smartTable-header-inner\"]"}
COMMAND: POST /session/637de528f4e604e156fb3e125ad907fc/execute/sync - {"script":"<script> [56 bytes]","args":[{"element-6066-11e4-a52e-4f735466cecf":"f.71948811B2353B7E36D356F88F4B3924.d.10BA770F4DB8AB27D1D45FC2B340631F.e.6025","ELEMENT":"f.71948811B2353B7E36D356F88F4B3924.d.10BA770F4DB8AB27D1D45FC2B340631F.e.6025"}]}
RESULT: {"script":"<script> [56 bytes]","args":[{"element-6066-11e4-a52e-4f735466cecf":"f.71948811B2353B7E36D356F88F4B3924.d.10BA770F4DB8AB27D1D45FC2B340631F.e.6025","ELEMENT":"f.71948811B2353B7E36D356F88F4B3924.d.10BA770F4DB8AB27D1D45FC2B340631F.e.6025"}]}
COMMAND: POST /session/637de528f4e604e156fb3e125ad907fc/element - {"using":"xpath","value":"//span[contains(@title, \"Remove\")]"}
COMMAND: GET /session/637de528f4e604e156fb3e125ad907fc/screenshot - {}
RESULT: {"using":"xpath","value":"//span[contains(@title, \"Remove\")]"}
COMMAND: POST /session/637de528f4e604e156fb3e125ad907fc/element/f.71948811B2353B7E36D356F88F4B3924.d.10BA770F4DB8AB27D1D45FC2B340631F.e.6584/click - {}
RESULT: {}
RESULT: {}
COMMAND: GET /session/637de528f4e604e156fb3e125ad907fc/screenshot - {}
RESULT: {}
COMMAND: POST /session/637de528f4e604e156fb3e125ad907fc/execute/async - {"script":"<script> [1562 bytes]","args":[{"selector":{"id":"application-managepartners-display-component---masterPtm--partnerTypes-arrow"},"wdio_ui5_key":"applicationmanagepartners-display-component---masterPtm--partnerTypes-arrow"}]}
RESULT: {"script":"<script> [1562 bytes]","args":[{"selector":{"id":"application-managepartners-display-component---masterPtm--partnerTypes-arrow"},"wdio_ui5_key":"applicationmanagepartners-display-component---masterPtm--partnerTypes-arrow"}]}
RESULT: undefined
COMMAND: POST /session/637de528f4e604e156fb3e125ad907fc/element - {"using":"xpath","value":"//*[@id=\"application-managepartners-display-component---masterPtm--partnerTypes-arrow\"]"}
RESULT: {"using":"xpath","value":"//*[@id=\"application-managepartners-display-component---masterPtm--partnerTypes-arrow\"]"}
COMMAND: POST /session/637de528f4e604e156fb3e125ad907fc/element/f.71948811B2353B7E36D356F88F4B3924.d.10BA770F4DB8AB27D1D45FC2B340631F.e.6687/click - {}
RESULT: {}
COMMAND: GET /session/637de528f4e604e156fb3e125ad907fc/screenshot - {}
RESULT: {}
COMMAND: POST /session/637de528f4e604e156fb3e125ad907fc/element - {"using":"xpath","value":"//li[.//span[text()=\"External partner\"]]//div[contains(@class,\"sapMCbBg\")]"}
RESULT: {"using":"xpath","value":"//li[.//span[text()=\"External partner\"]]//div[contains(@class,\"sapMCbBg\")]"}
COMMAND: POST /session/637de528f4e604e156fb3e125ad907fc/element/f.71948811B2353B7E36D356F88F4B3924.d.10BA770F4DB8AB27D1D45FC2B340631F.e.6692/click - {}
RESULT: {}
COMMAND: GET /session/637de528f4e604e156fb3e125ad907fc/screenshot - {}
RESULT: {}
COMMAND: POST /session/637de528f4e604e156fb3e125ad907fc/element - {"using":"xpath","value":"//div[contains(@id,\"application-managepartners-display-component---masterPtm--smartFilterBar-btnBasicSearch-search\")]"}
RESULT: {"using":"xpath","value":"//div[contains(@id,\"application-managepartners-display-component---masterPtm--smartFilterBar-btnBasicSearch-search\")]"}
COMMAND: POST /session/637de528f4e604e156fb3e125ad907fc/element/f.71948811B2353B7E36D356F88F4B3924.d.10BA770F4DB8AB27D1D45FC2B340631F.e.6769/click - {}
RESULT: {}
COMMAND: GET /session/637de528f4e604e156fb3e125ad907fc/screenshot - {}
RESULT: {}
COMMAND: POST /session/637de528f4e604e156fb3e125ad907fc/element - {"using":"xpath","value":"//span[@id=\"application-managepartners-display-component---masterPtm--smartTable-header-inner\"]"}
RESULT: {"using":"xpath","value":"//span[@id=\"application-managepartners-display-component---masterPtm--smartTable-header-inner\"]"}
COMMAND: POST /session/637de528f4e604e156fb3e125ad907fc/elements - {"using":"xpath","value":"//span[@id=\"application-managepartners-display-component---masterPtm--smartTable-header-inner\"]"}
RESULT: {"using":"xpath","value":"//span[@id=\"application-managepartners-display-component---masterPtm--smartTable-header-inner\"]"}
COMMAND: POST /session/637de528f4e604e156fb3e125ad907fc/execute/sync - {"script":"<script> [56 bytes]","args":[{"element-6066-11e4-a52e-4f735466cecf":"f.71948811B2353B7E36D356F88F4B3924.d.10BA770F4DB8AB27D1D45FC2B340631F.e.6025","ELEMENT":"f.71948811B2353B7E36D356F88F4B3924.d.10BA770F4DB8AB27D1D45FC2B340631F.e.6025"}]}
RESULT: {"script":"<script> [56 bytes]","args":[{"element-6066-11e4-a52e-4f735466cecf":"f.71948811B2353B7E36D356F88F4B3924.d.10BA770F4DB8AB27D1D45FC2B340631F.e.6025","ELEMENT":"f.71948811B2353B7E36D356F88F4B3924.d.10BA770F4DB8AB27D1D45FC2B340631F.e.6025"}]}
COMMAND: POST /session/637de528f4e604e156fb3e125ad907fc/element - {"using":"xpath","value":"//span[contains(@title, \"Remove\")]"}
COMMAND: GET /session/637de528f4e604e156fb3e125ad907fc/screenshot - {}
RESULT: {"using":"xpath","value":"//span[contains(@title, \"Remove\")]"}
COMMAND: POST /session/637de528f4e604e156fb3e125ad907fc/element/f.71948811B2353B7E36D356F88F4B3924.d.10BA770F4DB8AB27D1D45FC2B340631F.e.6772/click - {}
RESULT: {}
RESULT: {}
COMMAND: GET /session/637de528f4e604e156fb3e125ad907fc/screenshot - {}
RESULT: {}
COMMAND: POST /session/637de528f4e604e156fb3e125ad907fc/execute/async - {"script":"<script> [1562 bytes]","args":[{"selector":{"id":"application-managepartners-display-component---masterPtm--smartFilterBar-btnFilters","interaction":{"idSuffix":"BDI-content"}},"wdio_ui5_key":"applicationmanagepartners-display-component---masterPtm--smartFilterBar-btnFilters"}]}
RESULT: {"script":"<script> [1562 bytes]","args":[{"selector":{"id":"application-managepartners-display-component---masterPtm--smartFilterBar-btnFilters","interaction":{"idSuffix":"BDI-content"}},"wdio_ui5_key":"applicationmanagepartners-display-component---masterPtm--smartFilterBar-btnFilters"}]}
RESULT: undefined
COMMAND: POST /session/637de528f4e604e156fb3e125ad907fc/element - {"using":"xpath","value":"//*[@id=\"application-managepartners-display-component---masterPtm--smartFilterBar-btnFilters\"]"}
RESULT: {"using":"xpath","value":"//*[@id=\"application-managepartners-display-component---masterPtm--smartFilterBar-btnFilters\"]"}
COMMAND: POST /session/637de528f4e604e156fb3e125ad907fc/element/f.71948811B2353B7E36D356F88F4B3924.d.10BA770F4DB8AB27D1D45FC2B340631F.e.5867/click - {}
RESULT: {}
COMMAND: GET /session/637de528f4e604e156fb3e125ad907fc/screenshot - {}
RESULT: {}
COMMAND: POST /session/637de528f4e604e156fb3e125ad907fc/elements - {"using":"xpath","value":"//table[contains(@id, \"listView-innerSelectionPanelTable-listUl\")]/tbody/tr"}
RESULT: {"using":"xpath","value":"//table[contains(@id, \"listView-innerSelectionPanelTable-listUl\")]/tbody/tr"}
COMMAND: POST /session/637de528f4e604e156fb3e125ad907fc/element - {"using":"xpath","value":"//table[contains(@id, \"listView-innerSelectionPanelTable-listUl\")]/tbody/tr[2]/td[2]/div/div"}
RESULT: {"using":"xpath","value":"//table[contains(@id, \"listView-innerSelectionPanelTable-listUl\")]/tbody/tr[2]/td[2]/div/div"}
COMMAND: POST /session/637de528f4e604e156fb3e125ad907fc/element - {"using":"xpath","value":"//table[contains(@id, \"listView-innerSelectionPanelTable-listUl\")]/tbody/tr[2]/td[2]/div"}
RESULT: {"using":"xpath","value":"//table[contains(@id, \"listView-innerSelectionPanelTable-listUl\")]/tbody/tr[2]/td[2]/div"}
COMMAND: POST /session/637de528f4e604e156fb3e125ad907fc/element - {"using":"xpath","value":"//table[contains(@id, \"listView-innerSelectionPanelTable-listUl\")]/tbody/tr[2]/td[3]/div/div/span/span[1]/bdi"}
RESULT: {"using":"xpath","value":"//table[contains(@id, \"listView-innerSelectionPanelTable-listUl\")]/tbody/tr[2]/td[3]/div/div/span/span[1]/bdi"}
COMMAND: POST /session/637de528f4e604e156fb3e125ad907fc/execute/sync - {"script":"<script> [56 bytes]","args":[{"element-6066-11e4-a52e-4f735466cecf":"f.71948811B2353B7E36D356F88F4B3924.d.10BA770F4DB8AB27D1D45FC2B340631F.e.6879","ELEMENT":"f.71948811B2353B7E36D356F88F4B3924.d.10BA770F4DB8AB27D1D45FC2B340631F.e.6879"}]}
RESULT: {"script":"<script> [56 bytes]","args":[{"element-6066-11e4-a52e-4f735466cecf":"f.71948811B2353B7E36D356F88F4B3924.d.10BA770F4DB8AB27D1D45FC2B340631F.e.6879","ELEMENT":"f.71948811B2353B7E36D356F88F4B3924.d.10BA770F4DB8AB27D1D45FC2B340631F.e.6879"}]}
COMMAND: GET /session/637de528f4e604e156fb3e125ad907fc/element/f.71948811B2353B7E36D356F88F4B3924.d.10BA770F4DB8AB27D1D45FC2B340631F.e.6878/attribute/aria-checked - {}
COMMAND: GET /session/637de528f4e604e156fb3e125ad907fc/screenshot - {}
RESULT: {}
COMMAND: POST /session/637de528f4e604e156fb3e125ad907fc/element - {"using":"xpath","value":"//table[contains(@id, \"listView-innerSelectionPanelTable-listUl\")]/tbody/tr[3]/td[2]/div/div"}
RESULT: {}
RESULT: {"using":"xpath","value":"//table[contains(@id, \"listView-innerSelectionPanelTable-listUl\")]/tbody/tr[3]/td[2]/div/div"}
COMMAND: POST /session/637de528f4e604e156fb3e125ad907fc/element - {"using":"xpath","value":"//table[contains(@id, \"listView-innerSelectionPanelTable-listUl\")]/tbody/tr[3]/td[2]/div"}
RESULT: {"using":"xpath","value":"//table[contains(@id, \"listView-innerSelectionPanelTable-listUl\")]/tbody/tr[3]/td[2]/div"}
COMMAND: POST /session/637de528f4e604e156fb3e125ad907fc/element - {"using":"xpath","value":"//table[contains(@id, \"listView-innerSelectionPanelTable-listUl\")]/tbody/tr[3]/td[3]/div/div/span/span[1]/bdi"}
RESULT: {"using":"xpath","value":"//table[contains(@id, \"listView-innerSelectionPanelTable-listUl\")]/tbody/tr[3]/td[3]/div/div/span/span[1]/bdi"}
COMMAND: POST /session/637de528f4e604e156fb3e125ad907fc/execute/sync - {"script":"<script> [56 bytes]","args":[{"element-6066-11e4-a52e-4f735466cecf":"f.71948811B2353B7E36D356F88F4B3924.d.10BA770F4DB8AB27D1D45FC2B340631F.e.6882","ELEMENT":"f.71948811B2353B7E36D356F88F4B3924.d.10BA770F4DB8AB27D1D45FC2B340631F.e.6882"}]}
RESULT: {"script":"<script> [56 bytes]","args":[{"element-6066-11e4-a52e-4f735466cecf":"f.71948811B2353B7E36D356F88F4B3924.d.10BA770F4DB8AB27D1D45FC2B340631F.e.6882","ELEMENT":"f.71948811B2353B7E36D356F88F4B3924.d.10BA770F4DB8AB27D1D45FC2B340631F.e.6882"}]}
COMMAND: GET /session/637de528f4e604e156fb3e125ad907fc/element/f.71948811B2353B7E36D356F88F4B3924.d.10BA770F4DB8AB27D1D45FC2B340631F.e.6881/attribute/aria-checked - {}
COMMAND: GET /session/637de528f4e604e156fb3e125ad907fc/screenshot - {}
RESULT: {}
COMMAND: POST /session/637de528f4e604e156fb3e125ad907fc/element - {"using":"xpath","value":"//table[contains(@id, \"listView-innerSelectionPanelTable-listUl\")]/tbody/tr[4]/td[2]/div/div"}
RESULT: {}
RESULT: {"using":"xpath","value":"//table[contains(@id, \"listView-innerSelectionPanelTable-listUl\")]/tbody/tr[4]/td[2]/div/div"}
COMMAND: POST /session/637de528f4e604e156fb3e125ad907fc/element - {"using":"xpath","value":"//table[contains(@id, \"listView-innerSelectionPanelTable-listUl\")]/tbody/tr[4]/td[2]/div"}
RESULT: {"using":"xpath","value":"//table[contains(@id, \"listView-innerSelectionPanelTable-listUl\")]/tbody/tr[4]/td[2]/div"}
COMMAND: POST /session/637de528f4e604e156fb3e125ad907fc/element - {"using":"xpath","value":"//table[contains(@id, \"listView-innerSelectionPanelTable-listUl\")]/tbody/tr[4]/td[3]/div/div/span/span[1]/bdi"}
RESULT: {"using":"xpath","value":"//table[contains(@id, \"listView-innerSelectionPanelTable-listUl\")]/tbody/tr[4]/td[3]/div/div/span/span[1]/bdi"}
COMMAND: POST /session/637de528f4e604e156fb3e125ad907fc/execute/sync - {"script":"<script> [56 bytes]","args":[{"element-6066-11e4-a52e-4f735466cecf":"f.71948811B2353B7E36D356F88F4B3924.d.10BA770F4DB8AB27D1D45FC2B340631F.e.6885","ELEMENT":"f.71948811B2353B7E36D356F88F4B3924.d.10BA770F4DB8AB27D1D45FC2B340631F.e.6885"}]}
RESULT: {"script":"<script> [56 bytes]","args":[{"element-6066-11e4-a52e-4f735466cecf":"f.71948811B2353B7E36D356F88F4B3924.d.10BA770F4DB8AB27D1D45FC2B340631F.e.6885","ELEMENT":"f.71948811B2353B7E36D356F88F4B3924.d.10BA770F4DB8AB27D1D45FC2B340631F.e.6885"}]}
COMMAND: GET /session/637de528f4e604e156fb3e125ad907fc/element/f.71948811B2353B7E36D356F88F4B3924.d.10BA770F4DB8AB27D1D45FC2B340631F.e.6884/attribute/aria-checked - {}
COMMAND: GET /session/637de528f4e604e156fb3e125ad907fc/screenshot - {}
RESULT: {}
COMMAND: POST /session/637de528f4e604e156fb3e125ad907fc/element - {"using":"xpath","value":"//table[contains(@id, \"listView-innerSelectionPanelTable-listUl\")]/tbody/tr[5]/td[2]/div/div"}
RESULT: {}
RESULT: {"using":"xpath","value":"//table[contains(@id, \"listView-innerSelectionPanelTable-listUl\")]/tbody/tr[5]/td[2]/div/div"}
COMMAND: POST /session/637de528f4e604e156fb3e125ad907fc/element - {"using":"xpath","value":"//table[contains(@id, \"listView-innerSelectionPanelTable-listUl\")]/tbody/tr[5]/td[2]/div"}
RESULT: {"using":"xpath","value":"//table[contains(@id, \"listView-innerSelectionPanelTable-listUl\")]/tbody/tr[5]/td[2]/div"}
COMMAND: POST /session/637de528f4e604e156fb3e125ad907fc/element - {"using":"xpath","value":"//table[contains(@id, \"listView-innerSelectionPanelTable-listUl\")]/tbody/tr[5]/td[3]/div/div/span/span[1]/bdi"}
RESULT: {"using":"xpath","value":"//table[contains(@id, \"listView-innerSelectionPanelTable-listUl\")]/tbody/tr[5]/td[3]/div/div/span/span[1]/bdi"}
COMMAND: POST /session/637de528f4e604e156fb3e125ad907fc/execute/sync - {"script":"<script> [56 bytes]","args":[{"element-6066-11e4-a52e-4f735466cecf":"f.71948811B2353B7E36D356F88F4B3924.d.10BA770F4DB8AB27D1D45FC2B340631F.e.6888","ELEMENT":"f.71948811B2353B7E36D356F88F4B3924.d.10BA770F4DB8AB27D1D45FC2B340631F.e.6888"}]}
RESULT: {"script":"<script> [56 bytes]","args":[{"element-6066-11e4-a52e-4f735466cecf":"f.71948811B2353B7E36D356F88F4B3924.d.10BA770F4DB8AB27D1D45FC2B340631F.e.6888","ELEMENT":"f.71948811B2353B7E36D356F88F4B3924.d.10BA770F4DB8AB27D1D45FC2B340631F.e.6888"}]}
COMMAND: GET /session/637de528f4e604e156fb3e125ad907fc/element/f.71948811B2353B7E36D356F88F4B3924.d.10BA770F4DB8AB27D1D45FC2B340631F.e.6887/attribute/aria-checked - {}
COMMAND: GET /session/637de528f4e604e156fb3e125ad907fc/screenshot - {}
RESULT: {}
COMMAND: POST /session/637de528f4e604e156fb3e125ad907fc/element - {"using":"xpath","value":"//table[contains(@id, \"listView-innerSelectionPanelTable-listUl\")]/tbody/tr[6]/td[2]/div/div"}
RESULT: {}
RESULT: {"using":"xpath","value":"//table[contains(@id, \"listView-innerSelectionPanelTable-listUl\")]/tbody/tr[6]/td[2]/div/div"}
COMMAND: POST /session/637de528f4e604e156fb3e125ad907fc/element - {"using":"xpath","value":"//table[contains(@id, \"listView-innerSelectionPanelTable-listUl\")]/tbody/tr[6]/td[2]/div"}
RESULT: {"using":"xpath","value":"//table[contains(@id, \"listView-innerSelectionPanelTable-listUl\")]/tbody/tr[6]/td[2]/div"}
COMMAND: POST /session/637de528f4e604e156fb3e125ad907fc/element - {"using":"xpath","value":"//table[contains(@id, \"listView-innerSelectionPanelTable-listUl\")]/tbody/tr[6]/td[3]/div/div/span/span[1]/bdi"}
RESULT: {"using":"xpath","value":"//table[contains(@id, \"listView-innerSelectionPanelTable-listUl\")]/tbody/tr[6]/td[3]/div/div/span/span[1]/bdi"}
COMMAND: POST /session/637de528f4e604e156fb3e125ad907fc/execute/sync - {"script":"<script> [56 bytes]","args":[{"element-6066-11e4-a52e-4f735466cecf":"f.71948811B2353B7E36D356F88F4B3924.d.10BA770F4DB8AB27D1D45FC2B340631F.e.6891","ELEMENT":"f.71948811B2353B7E36D356F88F4B3924.d.10BA770F4DB8AB27D1D45FC2B340631F.e.6891"}]}
RESULT: {"script":"<script> [56 bytes]","args":[{"element-6066-11e4-a52e-4f735466cecf":"f.71948811B2353B7E36D356F88F4B3924.d.10BA770F4DB8AB27D1D45FC2B340631F.e.6891","ELEMENT":"f.71948811B2353B7E36D356F88F4B3924.d.10BA770F4DB8AB27D1D45FC2B340631F.e.6891"}]}
COMMAND: GET /session/637de528f4e604e156fb3e125ad907fc/element/f.71948811B2353B7E36D356F88F4B3924.d.10BA770F4DB8AB27D1D45FC2B340631F.e.6890/attribute/aria-checked - {}
COMMAND: GET /session/637de528f4e604e156fb3e125ad907fc/screenshot - {}
RESULT: {}
COMMAND: POST /session/637de528f4e604e156fb3e125ad907fc/element - {"using":"xpath","value":"//table[contains(@id, \"listView-innerSelectionPanelTable-listUl\")]/tbody/tr[7]/td[2]/div/div"}
RESULT: {}
RESULT: {"using":"xpath","value":"//table[contains(@id, \"listView-innerSelectionPanelTable-listUl\")]/tbody/tr[7]/td[2]/div/div"}
COMMAND: POST /session/637de528f4e604e156fb3e125ad907fc/element - {"using":"xpath","value":"//table[contains(@id, \"listView-innerSelectionPanelTable-listUl\")]/tbody/tr[7]/td[2]/div"}
RESULT: {"using":"xpath","value":"//table[contains(@id, \"listView-innerSelectionPanelTable-listUl\")]/tbody/tr[7]/td[2]/div"}
COMMAND: POST /session/637de528f4e604e156fb3e125ad907fc/element - {"using":"xpath","value":"//table[contains(@id, \"listView-innerSelectionPanelTable-listUl\")]/tbody/tr[7]/td[3]/div/div/span/span[1]/bdi"}
RESULT: {"using":"xpath","value":"//table[contains(@id, \"listView-innerSelectionPanelTable-listUl\")]/tbody/tr[7]/td[3]/div/div/span/span[1]/bdi"}
COMMAND: POST /session/637de528f4e604e156fb3e125ad907fc/execute/sync - {"script":"<script> [56 bytes]","args":[{"element-6066-11e4-a52e-4f735466cecf":"f.71948811B2353B7E36D356F88F4B3924.d.10BA770F4DB8AB27D1D45FC2B340631F.e.6894","ELEMENT":"f.71948811B2353B7E36D356F88F4B3924.d.10BA770F4DB8AB27D1D45FC2B340631F.e.6894"}]}
RESULT: {"script":"<script> [56 bytes]","args":[{"element-6066-11e4-a52e-4f735466cecf":"f.71948811B2353B7E36D356F88F4B3924.d.10BA770F4DB8AB27D1D45FC2B340631F.e.6894","ELEMENT":"f.71948811B2353B7E36D356F88F4B3924.d.10BA770F4DB8AB27D1D45FC2B340631F.e.6894"}]}
COMMAND: GET /session/637de528f4e604e156fb3e125ad907fc/element/f.71948811B2353B7E36D356F88F4B3924.d.10BA770F4DB8AB27D1D45FC2B340631F.e.6893/attribute/aria-checked - {}
COMMAND: GET /session/637de528f4e604e156fb3e125ad907fc/screenshot - {}
RESULT: {}
COMMAND: POST /session/637de528f4e604e156fb3e125ad907fc/element - {"using":"xpath","value":"//table[contains(@id, \"listView-innerSelectionPanelTable-listUl\")]/tbody/tr[8]/td[2]/div/div"}
RESULT: {}
RESULT: {"using":"xpath","value":"//table[contains(@id, \"listView-innerSelectionPanelTable-listUl\")]/tbody/tr[8]/td[2]/div/div"}
COMMAND: POST /session/637de528f4e604e156fb3e125ad907fc/element - {"using":"xpath","value":"//table[contains(@id, \"listView-innerSelectionPanelTable-listUl\")]/tbody/tr[8]/td[2]/div"}
RESULT: {"using":"xpath","value":"//table[contains(@id, \"listView-innerSelectionPanelTable-listUl\")]/tbody/tr[8]/td[2]/div"}
COMMAND: POST /session/637de528f4e604e156fb3e125ad907fc/element - {"using":"xpath","value":"//table[contains(@id, \"listView-innerSelectionPanelTable-listUl\")]/tbody/tr[8]/td[3]/div/div/span/span[1]/bdi"}
RESULT: {"using":"xpath","value":"//table[contains(@id, \"listView-innerSelectionPanelTable-listUl\")]/tbody/tr[8]/td[3]/div/div/span/span[1]/bdi"}
COMMAND: POST /session/637de528f4e604e156fb3e125ad907fc/execute/sync - {"script":"<script> [56 bytes]","args":[{"element-6066-11e4-a52e-4f735466cecf":"f.71948811B2353B7E36D356F88F4B3924.d.10BA770F4DB8AB27D1D45FC2B340631F.e.6897","ELEMENT":"f.71948811B2353B7E36D356F88F4B3924.d.10BA770F4DB8AB27D1D45FC2B340631F.e.6897"}]}
RESULT: {"script":"<script> [56 bytes]","args":[{"element-6066-11e4-a52e-4f735466cecf":"f.71948811B2353B7E36D356F88F4B3924.d.10BA770F4DB8AB27D1D45FC2B340631F.e.6897","ELEMENT":"f.71948811B2353B7E36D356F88F4B3924.d.10BA770F4DB8AB27D1D45FC2B340631F.e.6897"}]}
COMMAND: GET /session/637de528f4e604e156fb3e125ad907fc/element/f.71948811B2353B7E36D356F88F4B3924.d.10BA770F4DB8AB27D1D45FC2B340631F.e.6896/attribute/aria-checked - {}
COMMAND: GET /session/637de528f4e604e156fb3e125ad907fc/screenshot - {}
RESULT: {}
COMMAND: POST /session/637de528f4e604e156fb3e125ad907fc/element - {"using":"xpath","value":"//table[contains(@id, \"listView-innerSelectionPanelTable-listUl\")]/tbody/tr[9]/td[2]/div/div"}
RESULT: {}
RESULT: {"using":"xpath","value":"//table[contains(@id, \"listView-innerSelectionPanelTable-listUl\")]/tbody/tr[9]/td[2]/div/div"}
COMMAND: POST /session/637de528f4e604e156fb3e125ad907fc/element - {"using":"xpath","value":"//table[contains(@id, \"listView-innerSelectionPanelTable-listUl\")]/tbody/tr[9]/td[2]/div"}
RESULT: {"using":"xpath","value":"//table[contains(@id, \"listView-innerSelectionPanelTable-listUl\")]/tbody/tr[9]/td[2]/div"}
COMMAND: POST /session/637de528f4e604e156fb3e125ad907fc/element - {"using":"xpath","value":"//table[contains(@id, \"listView-innerSelectionPanelTable-listUl\")]/tbody/tr[9]/td[3]/div/div/span/span[1]/bdi"}
RESULT: {"using":"xpath","value":"//table[contains(@id, \"listView-innerSelectionPanelTable-listUl\")]/tbody/tr[9]/td[3]/div/div/span/span[1]/bdi"}
COMMAND: POST /session/637de528f4e604e156fb3e125ad907fc/execute/sync - {"script":"<script> [56 bytes]","args":[{"element-6066-11e4-a52e-4f735466cecf":"f.71948811B2353B7E36D356F88F4B3924.d.10BA770F4DB8AB27D1D45FC2B340631F.e.6900","ELEMENT":"f.71948811B2353B7E36D356F88F4B3924.d.10BA770F4DB8AB27D1D45FC2B340631F.e.6900"}]}
RESULT: {"script":"<script> [56 bytes]","args":[{"element-6066-11e4-a52e-4f735466cecf":"f.71948811B2353B7E36D356F88F4B3924.d.10BA770F4DB8AB27D1D45FC2B340631F.e.6900","ELEMENT":"f.71948811B2353B7E36D356F88F4B3924.d.10BA770F4DB8AB27D1D45FC2B340631F.e.6900"}]}
COMMAND: GET /session/637de528f4e604e156fb3e125ad907fc/element/f.71948811B2353B7E36D356F88F4B3924.d.10BA770F4DB8AB27D1D45FC2B340631F.e.6899/attribute/aria-checked - {}
COMMAND: GET /session/637de528f4e604e156fb3e125ad907fc/screenshot - {}
RESULT: {}
COMMAND: POST /session/637de528f4e604e156fb3e125ad907fc/element - {"using":"xpath","value":"//table[contains(@id, \"listView-innerSelectionPanelTable-listUl\")]/tbody/tr[10]/td[2]/div/div"}
RESULT: {}
RESULT: {"using":"xpath","value":"//table[contains(@id, \"listView-innerSelectionPanelTable-listUl\")]/tbody/tr[10]/td[2]/div/div"}
COMMAND: POST /session/637de528f4e604e156fb3e125ad907fc/element - {"using":"xpath","value":"//table[contains(@id, \"listView-innerSelectionPanelTable-listUl\")]/tbody/tr[10]/td[2]/div"}
RESULT: {"using":"xpath","value":"//table[contains(@id, \"listView-innerSelectionPanelTable-listUl\")]/tbody/tr[10]/td[2]/div"}
COMMAND: POST /session/637de528f4e604e156fb3e125ad907fc/element - {"using":"xpath","value":"//table[contains(@id, \"listView-innerSelectionPanelTable-listUl\")]/tbody/tr[10]/td[3]/div/div/span/span[1]/bdi"}
RESULT: {"using":"xpath","value":"//table[contains(@id, \"listView-innerSelectionPanelTable-listUl\")]/tbody/tr[10]/td[3]/div/div/span/span[1]/bdi"}
COMMAND: POST /session/637de528f4e604e156fb3e125ad907fc/execute/sync - {"script":"<script> [56 bytes]","args":[{"element-6066-11e4-a52e-4f735466cecf":"f.71948811B2353B7E36D356F88F4B3924.d.10BA770F4DB8AB27D1D45FC2B340631F.e.6903","ELEMENT":"f.71948811B2353B7E36D356F88F4B3924.d.10BA770F4DB8AB27D1D45FC2B340631F.e.6903"}]}
RESULT: {"script":"<script> [56 bytes]","args":[{"element-6066-11e4-a52e-4f735466cecf":"f.71948811B2353B7E36D356F88F4B3924.d.10BA770F4DB8AB27D1D45FC2B340631F.e.6903","ELEMENT":"f.71948811B2353B7E36D356F88F4B3924.d.10BA770F4DB8AB27D1D45FC2B340631F.e.6903"}]}
COMMAND: GET /session/637de528f4e604e156fb3e125ad907fc/element/f.71948811B2353B7E36D356F88F4B3924.d.10BA770F4DB8AB27D1D45FC2B340631F.e.6902/attribute/aria-checked - {}
COMMAND: GET /session/637de528f4e604e156fb3e125ad907fc/screenshot - {}
RESULT: {}
COMMAND: POST /session/637de528f4e604e156fb3e125ad907fc/element - {"using":"xpath","value":"//table[contains(@id, \"listView-innerSelectionPanelTable-listUl\")]/tbody/tr[11]/td[2]/div/div"}
RESULT: {}
RESULT: {"using":"xpath","value":"//table[contains(@id, \"listView-innerSelectionPanelTable-listUl\")]/tbody/tr[11]/td[2]/div/div"}
COMMAND: POST /session/637de528f4e604e156fb3e125ad907fc/element - {"using":"xpath","value":"//table[contains(@id, \"listView-innerSelectionPanelTable-listUl\")]/tbody/tr[11]/td[2]/div"}
RESULT: {"using":"xpath","value":"//table[contains(@id, \"listView-innerSelectionPanelTable-listUl\")]/tbody/tr[11]/td[2]/div"}
COMMAND: POST /session/637de528f4e604e156fb3e125ad907fc/element - {"using":"xpath","value":"//table[contains(@id, \"listView-innerSelectionPanelTable-listUl\")]/tbody/tr[11]/td[3]/div/div/span/span[1]/bdi"}
RESULT: {"using":"xpath","value":"//table[contains(@id, \"listView-innerSelectionPanelTable-listUl\")]/tbody/tr[11]/td[3]/div/div/span/span[1]/bdi"}
COMMAND: POST /session/637de528f4e604e156fb3e125ad907fc/execute/sync - {"script":"<script> [56 bytes]","args":[{"element-6066-11e4-a52e-4f735466cecf":"f.71948811B2353B7E36D356F88F4B3924.d.10BA770F4DB8AB27D1D45FC2B340631F.e.6906","ELEMENT":"f.71948811B2353B7E36D356F88F4B3924.d.10BA770F4DB8AB27D1D45FC2B340631F.e.6906"}]}
RESULT: {"script":"<script> [56 bytes]","args":[{"element-6066-11e4-a52e-4f735466cecf":"f.71948811B2353B7E36D356F88F4B3924.d.10BA770F4DB8AB27D1D45FC2B340631F.e.6906","ELEMENT":"f.71948811B2353B7E36D356F88F4B3924.d.10BA770F4DB8AB27D1D45FC2B340631F.e.6906"}]}
COMMAND: GET /session/637de528f4e604e156fb3e125ad907fc/element/f.71948811B2353B7E36D356F88F4B3924.d.10BA770F4DB8AB27D1D45FC2B340631F.e.6905/attribute/aria-checked - {}
COMMAND: GET /session/637de528f4e604e156fb3e125ad907fc/screenshot - {}
RESULT: {}
COMMAND: POST /session/637de528f4e604e156fb3e125ad907fc/element - {"using":"xpath","value":"//table[contains(@id, \"listView-innerSelectionPanelTable-listUl\")]/tbody/tr[12]/td[2]/div/div"}
RESULT: {}
RESULT: {"using":"xpath","value":"//table[contains(@id, \"listView-innerSelectionPanelTable-listUl\")]/tbody/tr[12]/td[2]/div/div"}
COMMAND: POST /session/637de528f4e604e156fb3e125ad907fc/element - {"using":"xpath","value":"//table[contains(@id, \"listView-innerSelectionPanelTable-listUl\")]/tbody/tr[12]/td[2]/div"}
RESULT: {"using":"xpath","value":"//table[contains(@id, \"listView-innerSelectionPanelTable-listUl\")]/tbody/tr[12]/td[2]/div"}
COMMAND: POST /session/637de528f4e604e156fb3e125ad907fc/element - {"using":"xpath","value":"//table[contains(@id, \"listView-innerSelectionPanelTable-listUl\")]/tbody/tr[12]/td[3]/div/div/span/span[1]/bdi"}
RESULT: {"using":"xpath","value":"//table[contains(@id, \"listView-innerSelectionPanelTable-listUl\")]/tbody/tr[12]/td[3]/div/div/span/span[1]/bdi"}
COMMAND: POST /session/637de528f4e604e156fb3e125ad907fc/execute/sync - {"script":"<script> [56 bytes]","args":[{"element-6066-11e4-a52e-4f735466cecf":"f.71948811B2353B7E36D356F88F4B3924.d.10BA770F4DB8AB27D1D45FC2B340631F.e.6909","ELEMENT":"f.71948811B2353B7E36D356F88F4B3924.d.10BA770F4DB8AB27D1D45FC2B340631F.e.6909"}]}
RESULT: {"script":"<script> [56 bytes]","args":[{"element-6066-11e4-a52e-4f735466cecf":"f.71948811B2353B7E36D356F88F4B3924.d.10BA770F4DB8AB27D1D45FC2B340631F.e.6909","ELEMENT":"f.71948811B2353B7E36D356F88F4B3924.d.10BA770F4DB8AB27D1D45FC2B340631F.e.6909"}]}
COMMAND: GET /session/637de528f4e604e156fb3e125ad907fc/element/f.71948811B2353B7E36D356F88F4B3924.d.10BA770F4DB8AB27D1D45FC2B340631F.e.6908/attribute/aria-checked - {}
COMMAND: GET /session/637de528f4e604e156fb3e125ad907fc/screenshot - {}
RESULT: {}
COMMAND: POST /session/637de528f4e604e156fb3e125ad907fc/element - {"using":"xpath","value":"//table[contains(@id, \"listView-innerSelectionPanelTable-listUl\")]/tbody/tr[13]/td[2]/div/div"}
RESULT: {}
RESULT: {"using":"xpath","value":"//table[contains(@id, \"listView-innerSelectionPanelTable-listUl\")]/tbody/tr[13]/td[2]/div/div"}
COMMAND: POST /session/637de528f4e604e156fb3e125ad907fc/element - {"using":"xpath","value":"//table[contains(@id, \"listView-innerSelectionPanelTable-listUl\")]/tbody/tr[13]/td[2]/div"}
RESULT: {"using":"xpath","value":"//table[contains(@id, \"listView-innerSelectionPanelTable-listUl\")]/tbody/tr[13]/td[2]/div"}
COMMAND: POST /session/637de528f4e604e156fb3e125ad907fc/element - {"using":"xpath","value":"//table[contains(@id, \"listView-innerSelectionPanelTable-listUl\")]/tbody/tr[13]/td[3]/div/div/span/span[1]/bdi"}
RESULT: {"using":"xpath","value":"//table[contains(@id, \"listView-innerSelectionPanelTable-listUl\")]/tbody/tr[13]/td[3]/div/div/span/span[1]/bdi"}
COMMAND: POST /session/637de528f4e604e156fb3e125ad907fc/execute/sync - {"script":"<script> [56 bytes]","args":[{"element-6066-11e4-a52e-4f735466cecf":"f.71948811B2353B7E36D356F88F4B3924.d.10BA770F4DB8AB27D1D45FC2B340631F.e.6912","ELEMENT":"f.71948811B2353B7E36D356F88F4B3924.d.10BA770F4DB8AB27D1D45FC2B340631F.e.6912"}]}
RESULT: {"script":"<script> [56 bytes]","args":[{"element-6066-11e4-a52e-4f735466cecf":"f.71948811B2353B7E36D356F88F4B3924.d.10BA770F4DB8AB27D1D45FC2B340631F.e.6912","ELEMENT":"f.71948811B2353B7E36D356F88F4B3924.d.10BA770F4DB8AB27D1D45FC2B340631F.e.6912"}]}
COMMAND: GET /session/637de528f4e604e156fb3e125ad907fc/element/f.71948811B2353B7E36D356F88F4B3924.d.10BA770F4DB8AB27D1D45FC2B340631F.e.6911/attribute/aria-checked - {}
COMMAND: GET /session/637de528f4e604e156fb3e125ad907fc/screenshot - {}
RESULT: {}
COMMAND: POST /session/637de528f4e604e156fb3e125ad907fc/element - {"using":"xpath","value":"//table[contains(@id, \"listView-innerSelectionPanelTable-listUl\")]/tbody/tr[14]/td[2]/div/div"}
COMMAND: POST /session/637de528f4e604e156fb3e125ad907fc/element/f.71948811B2353B7E36D356F88F4B3924.d.10BA770F4DB8AB27D1D45FC2B340631F.e.6910/click - {}
RESULT: {}
RESULT: {"using":"xpath","value":"//table[contains(@id, \"listView-innerSelectionPanelTable-listUl\")]/tbody/tr[14]/td[2]/div/div"}
COMMAND: POST /session/637de528f4e604e156fb3e125ad907fc/element - {"using":"xpath","value":"//table[contains(@id, \"listView-innerSelectionPanelTable-listUl\")]/tbody/tr[14]/td[2]/div"}
RESULT: {}
COMMAND: GET /session/637de528f4e604e156fb3e125ad907fc/screenshot - {}
RESULT: {"using":"xpath","value":"//table[contains(@id, \"listView-innerSelectionPanelTable-listUl\")]/tbody/tr[14]/td[2]/div"}
COMMAND: POST /session/637de528f4e604e156fb3e125ad907fc/element - {"using":"xpath","value":"//table[contains(@id, \"listView-innerSelectionPanelTable-listUl\")]/tbody/tr[14]/td[3]/div/div/span/span[1]/bdi"}
RESULT: {}
RESULT: {"using":"xpath","value":"//table[contains(@id, \"listView-innerSelectionPanelTable-listUl\")]/tbody/tr[14]/td[3]/div/div/span/span[1]/bdi"}
COMMAND: POST /session/637de528f4e604e156fb3e125ad907fc/execute/sync - {"script":"<script> [56 bytes]","args":[{"element-6066-11e4-a52e-4f735466cecf":"f.71948811B2353B7E36D356F88F4B3924.d.10BA770F4DB8AB27D1D45FC2B340631F.e.6916","ELEMENT":"f.71948811B2353B7E36D356F88F4B3924.d.10BA770F4DB8AB27D1D45FC2B340631F.e.6916"}]}
RESULT: {"script":"<script> [56 bytes]","args":[{"element-6066-11e4-a52e-4f735466cecf":"f.71948811B2353B7E36D356F88F4B3924.d.10BA770F4DB8AB27D1D45FC2B340631F.e.6916","ELEMENT":"f.71948811B2353B7E36D356F88F4B3924.d.10BA770F4DB8AB27D1D45FC2B340631F.e.6916"}]}
COMMAND: GET /session/637de528f4e604e156fb3e125ad907fc/element/f.71948811B2353B7E36D356F88F4B3924.d.10BA770F4DB8AB27D1D45FC2B340631F.e.6915/attribute/aria-checked - {}
COMMAND: GET /session/637de528f4e604e156fb3e125ad907fc/screenshot - {}
RESULT: {}
COMMAND: POST /session/637de528f4e604e156fb3e125ad907fc/element - {"using":"xpath","value":"//table[contains(@id, \"listView-innerSelectionPanelTable-listUl\")]/tbody/tr[15]/td[2]/div/div"}
RESULT: {}
RESULT: {"using":"xpath","value":"//table[contains(@id, \"listView-innerSelectionPanelTable-listUl\")]/tbody/tr[15]/td[2]/div/div"}
COMMAND: POST /session/637de528f4e604e156fb3e125ad907fc/element - {"using":"xpath","value":"//table[contains(@id, \"listView-innerSelectionPanelTable-listUl\")]/tbody/tr[15]/td[2]/div"}
RESULT: {"using":"xpath","value":"//table[contains(@id, \"listView-innerSelectionPanelTable-listUl\")]/tbody/tr[15]/td[2]/div"}
COMMAND: POST /session/637de528f4e604e156fb3e125ad907fc/element - {"using":"xpath","value":"//table[contains(@id, \"listView-innerSelectionPanelTable-listUl\")]/tbody/tr[15]/td[3]/div/div/span/span[1]/bdi"}
RESULT: {"using":"xpath","value":"//table[contains(@id, \"listView-innerSelectionPanelTable-listUl\")]/tbody/tr[15]/td[3]/div/div/span/span[1]/bdi"}
COMMAND: POST /session/637de528f4e604e156fb3e125ad907fc/execute/sync - {"script":"<script> [56 bytes]","args":[{"element-6066-11e4-a52e-4f735466cecf":"f.71948811B2353B7E36D356F88F4B3924.d.10BA770F4DB8AB27D1D45FC2B340631F.e.6919","ELEMENT":"f.71948811B2353B7E36D356F88F4B3924.d.10BA770F4DB8AB27D1D45FC2B340631F.e.6919"}]}
RESULT: {"script":"<script> [56 bytes]","args":[{"element-6066-11e4-a52e-4f735466cecf":"f.71948811B2353B7E36D356F88F4B3924.d.10BA770F4DB8AB27D1D45FC2B340631F.e.6919","ELEMENT":"f.71948811B2353B7E36D356F88F4B3924.d.10BA770F4DB8AB27D1D45FC2B340631F.e.6919"}]}
COMMAND: GET /session/637de528f4e604e156fb3e125ad907fc/element/f.71948811B2353B7E36D356F88F4B3924.d.10BA770F4DB8AB27D1D45FC2B340631F.e.6918/attribute/aria-checked - {}
COMMAND: GET /session/637de528f4e604e156fb3e125ad907fc/screenshot - {}
RESULT: {}
COMMAND: POST /session/637de528f4e604e156fb3e125ad907fc/element - {"using":"xpath","value":"//table[contains(@id, \"listView-innerSelectionPanelTable-listUl\")]/tbody/tr[16]/td[2]/div/div"}
RESULT: {}
RESULT: {"using":"xpath","value":"//table[contains(@id, \"listView-innerSelectionPanelTable-listUl\")]/tbody/tr[16]/td[2]/div/div"}
COMMAND: POST /session/637de528f4e604e156fb3e125ad907fc/element - {"using":"xpath","value":"//table[contains(@id, \"listView-innerSelectionPanelTable-listUl\")]/tbody/tr[16]/td[2]/div"}
RESULT: {"using":"xpath","value":"//table[contains(@id, \"listView-innerSelectionPanelTable-listUl\")]/tbody/tr[16]/td[2]/div"}
COMMAND: POST /session/637de528f4e604e156fb3e125ad907fc/element - {"using":"xpath","value":"//table[contains(@id, \"listView-innerSelectionPanelTable-listUl\")]/tbody/tr[16]/td[3]/div/div/span/span[1]/bdi"}
RESULT: {"using":"xpath","value":"//table[contains(@id, \"listView-innerSelectionPanelTable-listUl\")]/tbody/tr[16]/td[3]/div/div/span/span[1]/bdi"}
COMMAND: POST /session/637de528f4e604e156fb3e125ad907fc/execute/sync - {"script":"<script> [56 bytes]","args":[{"element-6066-11e4-a52e-4f735466cecf":"f.71948811B2353B7E36D356F88F4B3924.d.10BA770F4DB8AB27D1D45FC2B340631F.e.6922","ELEMENT":"f.71948811B2353B7E36D356F88F4B3924.d.10BA770F4DB8AB27D1D45FC2B340631F.e.6922"}]}
RESULT: {"script":"<script> [56 bytes]","args":[{"element-6066-11e4-a52e-4f735466cecf":"f.71948811B2353B7E36D356F88F4B3924.d.10BA770F4DB8AB27D1D45FC2B340631F.e.6922","ELEMENT":"f.71948811B2353B7E36D356F88F4B3924.d.10BA770F4DB8AB27D1D45FC2B340631F.e.6922"}]}
COMMAND: GET /session/637de528f4e604e156fb3e125ad907fc/element/f.71948811B2353B7E36D356F88F4B3924.d.10BA770F4DB8AB27D1D45FC2B340631F.e.6921/attribute/aria-checked - {}
COMMAND: GET /session/637de528f4e604e156fb3e125ad907fc/screenshot - {}
RESULT: {}
COMMAND: POST /session/637de528f4e604e156fb3e125ad907fc/element - {"using":"xpath","value":"//table[contains(@id, \"listView-innerSelectionPanelTable-listUl\")]/tbody/tr[17]/td[2]/div/div"}
RESULT: {}
RESULT: {"using":"xpath","value":"//table[contains(@id, \"listView-innerSelectionPanelTable-listUl\")]/tbody/tr[17]/td[2]/div/div"}
COMMAND: POST /session/637de528f4e604e156fb3e125ad907fc/element - {"using":"xpath","value":"//table[contains(@id, \"listView-innerSelectionPanelTable-listUl\")]/tbody/tr[17]/td[2]/div"}
RESULT: {"using":"xpath","value":"//table[contains(@id, \"listView-innerSelectionPanelTable-listUl\")]/tbody/tr[17]/td[2]/div"}
COMMAND: POST /session/637de528f4e604e156fb3e125ad907fc/element - {"using":"xpath","value":"//table[contains(@id, \"listView-innerSelectionPanelTable-listUl\")]/tbody/tr[17]/td[3]/div/div/span/span[1]/bdi"}
RESULT: {"using":"xpath","value":"//table[contains(@id, \"listView-innerSelectionPanelTable-listUl\")]/tbody/tr[17]/td[3]/div/div/span/span[1]/bdi"}
COMMAND: POST /session/637de528f4e604e156fb3e125ad907fc/execute/sync - {"script":"<script> [56 bytes]","args":[{"element-6066-11e4-a52e-4f735466cecf":"f.71948811B2353B7E36D356F88F4B3924.d.10BA770F4DB8AB27D1D45FC2B340631F.e.6925","ELEMENT":"f.71948811B2353B7E36D356F88F4B3924.d.10BA770F4DB8AB27D1D45FC2B340631F.e.6925"}]}
RESULT: {"script":"<script> [56 bytes]","args":[{"element-6066-11e4-a52e-4f735466cecf":"f.71948811B2353B7E36D356F88F4B3924.d.10BA770F4DB8AB27D1D45FC2B340631F.e.6925","ELEMENT":"f.71948811B2353B7E36D356F88F4B3924.d.10BA770F4DB8AB27D1D45FC2B340631F.e.6925"}]}
COMMAND: GET /session/637de528f4e604e156fb3e125ad907fc/element/f.71948811B2353B7E36D356F88F4B3924.d.10BA770F4DB8AB27D1D45FC2B340631F.e.6924/attribute/aria-checked - {}
COMMAND: GET /session/637de528f4e604e156fb3e125ad907fc/screenshot - {}
RESULT: {}
COMMAND: POST /session/637de528f4e604e156fb3e125ad907fc/element - {"using":"xpath","value":"//table[contains(@id, \"listView-innerSelectionPanelTable-listUl\")]/tbody/tr[18]/td[2]/div/div"}
RESULT: {}
RESULT: {"using":"xpath","value":"//table[contains(@id, \"listView-innerSelectionPanelTable-listUl\")]/tbody/tr[18]/td[2]/div/div"}
COMMAND: POST /session/637de528f4e604e156fb3e125ad907fc/element - {"using":"xpath","value":"//table[contains(@id, \"listView-innerSelectionPanelTable-listUl\")]/tbody/tr[18]/td[2]/div"}
RESULT: {"using":"xpath","value":"//table[contains(@id, \"listView-innerSelectionPanelTable-listUl\")]/tbody/tr[18]/td[2]/div"}
COMMAND: POST /session/637de528f4e604e156fb3e125ad907fc/element - {"using":"xpath","value":"//table[contains(@id, \"listView-innerSelectionPanelTable-listUl\")]/tbody/tr[18]/td[3]/div/div/span/span[1]/bdi"}
RESULT: {"using":"xpath","value":"//table[contains(@id, \"listView-innerSelectionPanelTable-listUl\")]/tbody/tr[18]/td[3]/div/div/span/span[1]/bdi"}
COMMAND: POST /session/637de528f4e604e156fb3e125ad907fc/execute/sync - {"script":"<script> [56 bytes]","args":[{"element-6066-11e4-a52e-4f735466cecf":"f.71948811B2353B7E36D356F88F4B3924.d.10BA770F4DB8AB27D1D45FC2B340631F.e.6928","ELEMENT":"f.71948811B2353B7E36D356F88F4B3924.d.10BA770F4DB8AB27D1D45FC2B340631F.e.6928"}]}
RESULT: {"script":"<script> [56 bytes]","args":[{"element-6066-11e4-a52e-4f735466cecf":"f.71948811B2353B7E36D356F88F4B3924.d.10BA770F4DB8AB27D1D45FC2B340631F.e.6928","ELEMENT":"f.71948811B2353B7E36D356F88F4B3924.d.10BA770F4DB8AB27D1D45FC2B340631F.e.6928"}]}
COMMAND: GET /session/637de528f4e604e156fb3e125ad907fc/element/f.71948811B2353B7E36D356F88F4B3924.d.10BA770F4DB8AB27D1D45FC2B340631F.e.6927/attribute/aria-checked - {}
COMMAND: GET /session/637de528f4e604e156fb3e125ad907fc/screenshot - {}
RESULT: {}
COMMAND: POST /session/637de528f4e604e156fb3e125ad907fc/element - {"using":"xpath","value":"//table[contains(@id, \"listView-innerSelectionPanelTable-listUl\")]/tbody/tr[19]/td[2]/div/div"}
RESULT: {}
RESULT: {"using":"xpath","value":"//table[contains(@id, \"listView-innerSelectionPanelTable-listUl\")]/tbody/tr[19]/td[2]/div/div"}
COMMAND: POST /session/637de528f4e604e156fb3e125ad907fc/element - {"using":"xpath","value":"//table[contains(@id, \"listView-innerSelectionPanelTable-listUl\")]/tbody/tr[19]/td[2]/div"}
RESULT: {"using":"xpath","value":"//table[contains(@id, \"listView-innerSelectionPanelTable-listUl\")]/tbody/tr[19]/td[2]/div"}
COMMAND: POST /session/637de528f4e604e156fb3e125ad907fc/element - {"using":"xpath","value":"//table[contains(@id, \"listView-innerSelectionPanelTable-listUl\")]/tbody/tr[19]/td[3]/div/div/span/span[1]/bdi"}
RESULT: {"using":"xpath","value":"//table[contains(@id, \"listView-innerSelectionPanelTable-listUl\")]/tbody/tr[19]/td[3]/div/div/span/span[1]/bdi"}
COMMAND: POST /session/637de528f4e604e156fb3e125ad907fc/execute/sync - {"script":"<script> [56 bytes]","args":[{"element-6066-11e4-a52e-4f735466cecf":"f.71948811B2353B7E36D356F88F4B3924.d.10BA770F4DB8AB27D1D45FC2B340631F.e.6931","ELEMENT":"f.71948811B2353B7E36D356F88F4B3924.d.10BA770F4DB8AB27D1D45FC2B340631F.e.6931"}]}
RESULT: {"script":"<script> [56 bytes]","args":[{"element-6066-11e4-a52e-4f735466cecf":"f.71948811B2353B7E36D356F88F4B3924.d.10BA770F4DB8AB27D1D45FC2B340631F.e.6931","ELEMENT":"f.71948811B2353B7E36D356F88F4B3924.d.10BA770F4DB8AB27D1D45FC2B340631F.e.6931"}]}
COMMAND: GET /session/637de528f4e604e156fb3e125ad907fc/element/f.71948811B2353B7E36D356F88F4B3924.d.10BA770F4DB8AB27D1D45FC2B340631F.e.6930/attribute/aria-checked - {}
COMMAND: GET /session/637de528f4e604e156fb3e125ad907fc/screenshot - {}
RESULT: {}
COMMAND: POST /session/637de528f4e604e156fb3e125ad907fc/element - {"using":"xpath","value":"//table[contains(@id, \"listView-innerSelectionPanelTable-listUl\")]/tbody/tr[20]/td[2]/div/div"}
RESULT: {}
RESULT: {"using":"xpath","value":"//table[contains(@id, \"listView-innerSelectionPanelTable-listUl\")]/tbody/tr[20]/td[2]/div/div"}
COMMAND: POST /session/637de528f4e604e156fb3e125ad907fc/element - {"using":"xpath","value":"//table[contains(@id, \"listView-innerSelectionPanelTable-listUl\")]/tbody/tr[20]/td[2]/div"}
RESULT: {"using":"xpath","value":"//table[contains(@id, \"listView-innerSelectionPanelTable-listUl\")]/tbody/tr[20]/td[2]/div"}
COMMAND: POST /session/637de528f4e604e156fb3e125ad907fc/element - {"using":"xpath","value":"//table[contains(@id, \"listView-innerSelectionPanelTable-listUl\")]/tbody/tr[20]/td[3]/div/div/span/span[1]/bdi"}
RESULT: {"using":"xpath","value":"//table[contains(@id, \"listView-innerSelectionPanelTable-listUl\")]/tbody/tr[20]/td[3]/div/div/span/span[1]/bdi"}
COMMAND: POST /session/637de528f4e604e156fb3e125ad907fc/execute/sync - {"script":"<script> [56 bytes]","args":[{"element-6066-11e4-a52e-4f735466cecf":"f.71948811B2353B7E36D356F88F4B3924.d.10BA770F4DB8AB27D1D45FC2B340631F.e.6934","ELEMENT":"f.71948811B2353B7E36D356F88F4B3924.d.10BA770F4DB8AB27D1D45FC2B340631F.e.6934"}]}
RESULT: {"script":"<script> [56 bytes]","args":[{"element-6066-11e4-a52e-4f735466cecf":"f.71948811B2353B7E36D356F88F4B3924.d.10BA770F4DB8AB27D1D45FC2B340631F.e.6934","ELEMENT":"f.71948811B2353B7E36D356F88F4B3924.d.10BA770F4DB8AB27D1D45FC2B340631F.e.6934"}]}
COMMAND: GET /session/637de528f4e604e156fb3e125ad907fc/element/f.71948811B2353B7E36D356F88F4B3924.d.10BA770F4DB8AB27D1D45FC2B340631F.e.6933/attribute/aria-checked - {}
COMMAND: GET /session/637de528f4e604e156fb3e125ad907fc/screenshot - {}
RESULT: {}
COMMAND: POST /session/637de528f4e604e156fb3e125ad907fc/element - {"using":"xpath","value":"//table[contains(@id, \"listView-innerSelectionPanelTable-listUl\")]/tbody/tr[21]/td[2]/div/div"}
RESULT: {}
RESULT: {"using":"xpath","value":"//table[contains(@id, \"listView-innerSelectionPanelTable-listUl\")]/tbody/tr[21]/td[2]/div/div"}
COMMAND: POST /session/637de528f4e604e156fb3e125ad907fc/element - {"using":"xpath","value":"//table[contains(@id, \"listView-innerSelectionPanelTable-listUl\")]/tbody/tr[21]/td[2]/div"}
RESULT: {"using":"xpath","value":"//table[contains(@id, \"listView-innerSelectionPanelTable-listUl\")]/tbody/tr[21]/td[2]/div"}
COMMAND: POST /session/637de528f4e604e156fb3e125ad907fc/element - {"using":"xpath","value":"//table[contains(@id, \"listView-innerSelectionPanelTable-listUl\")]/tbody/tr[21]/td[3]/div/div/span/span[1]/bdi"}
RESULT: {"using":"xpath","value":"//table[contains(@id, \"listView-innerSelectionPanelTable-listUl\")]/tbody/tr[21]/td[3]/div/div/span/span[1]/bdi"}
COMMAND: POST /session/637de528f4e604e156fb3e125ad907fc/execute/sync - {"script":"<script> [56 bytes]","args":[{"element-6066-11e4-a52e-4f735466cecf":"f.71948811B2353B7E36D356F88F4B3924.d.10BA770F4DB8AB27D1D45FC2B340631F.e.6937","ELEMENT":"f.71948811B2353B7E36D356F88F4B3924.d.10BA770F4DB8AB27D1D45FC2B340631F.e.6937"}]}
RESULT: {"script":"<script> [56 bytes]","args":[{"element-6066-11e4-a52e-4f735466cecf":"f.71948811B2353B7E36D356F88F4B3924.d.10BA770F4DB8AB27D1D45FC2B340631F.e.6937","ELEMENT":"f.71948811B2353B7E36D356F88F4B3924.d.10BA770F4DB8AB27D1D45FC2B340631F.e.6937"}]}
COMMAND: GET /session/637de528f4e604e156fb3e125ad907fc/element/f.71948811B2353B7E36D356F88F4B3924.d.10BA770F4DB8AB27D1D45FC2B340631F.e.6936/attribute/aria-checked - {}
COMMAND: GET /session/637de528f4e604e156fb3e125ad907fc/screenshot - {}
RESULT: {}
COMMAND: POST /session/637de528f4e604e156fb3e125ad907fc/element - {"using":"xpath","value":"//table[contains(@id, \"listView-innerSelectionPanelTable-listUl\")]/tbody/tr[22]/td[2]/div/div"}
RESULT: {}
RESULT: {"using":"xpath","value":"//table[contains(@id, \"listView-innerSelectionPanelTable-listUl\")]/tbody/tr[22]/td[2]/div/div"}
COMMAND: POST /session/637de528f4e604e156fb3e125ad907fc/element - {"using":"xpath","value":"//table[contains(@id, \"listView-innerSelectionPanelTable-listUl\")]/tbody/tr[22]/td[2]/div"}
RESULT: {"using":"xpath","value":"//table[contains(@id, \"listView-innerSelectionPanelTable-listUl\")]/tbody/tr[22]/td[2]/div"}
COMMAND: POST /session/637de528f4e604e156fb3e125ad907fc/element - {"using":"xpath","value":"//table[contains(@id, \"listView-innerSelectionPanelTable-listUl\")]/tbody/tr[22]/td[3]/div/div/span/span[1]/bdi"}
RESULT: {"using":"xpath","value":"//table[contains(@id, \"listView-innerSelectionPanelTable-listUl\")]/tbody/tr[22]/td[3]/div/div/span/span[1]/bdi"}
COMMAND: POST /session/637de528f4e604e156fb3e125ad907fc/execute/sync - {"script":"<script> [56 bytes]","args":[{"element-6066-11e4-a52e-4f735466cecf":"f.71948811B2353B7E36D356F88F4B3924.d.10BA770F4DB8AB27D1D45FC2B340631F.e.6940","ELEMENT":"f.71948811B2353B7E36D356F88F4B3924.d.10BA770F4DB8AB27D1D45FC2B340631F.e.6940"}]}
RESULT: {"script":"<script> [56 bytes]","args":[{"element-6066-11e4-a52e-4f735466cecf":"f.71948811B2353B7E36D356F88F4B3924.d.10BA770F4DB8AB27D1D45FC2B340631F.e.6940","ELEMENT":"f.71948811B2353B7E36D356F88F4B3924.d.10BA770F4DB8AB27D1D45FC2B340631F.e.6940"}]}
COMMAND: GET /session/637de528f4e604e156fb3e125ad907fc/element/f.71948811B2353B7E36D356F88F4B3924.d.10BA770F4DB8AB27D1D45FC2B340631F.e.6939/attribute/aria-checked - {}
COMMAND: GET /session/637de528f4e604e156fb3e125ad907fc/screenshot - {}
RESULT: {}
COMMAND: POST /session/637de528f4e604e156fb3e125ad907fc/element - {"using":"xpath","value":"//table[contains(@id, \"listView-innerSelectionPanelTable-listUl\")]/tbody/tr[23]/td[2]/div/div"}
RESULT: {}
RESULT: {"using":"xpath","value":"//table[contains(@id, \"listView-innerSelectionPanelTable-listUl\")]/tbody/tr[23]/td[2]/div/div"}
COMMAND: POST /session/637de528f4e604e156fb3e125ad907fc/element - {"using":"xpath","value":"//table[contains(@id, \"listView-innerSelectionPanelTable-listUl\")]/tbody/tr[23]/td[2]/div"}
RESULT: {"using":"xpath","value":"//table[contains(@id, \"listView-innerSelectionPanelTable-listUl\")]/tbody/tr[23]/td[2]/div"}
COMMAND: POST /session/637de528f4e604e156fb3e125ad907fc/element - {"using":"xpath","value":"//table[contains(@id, \"listView-innerSelectionPanelTable-listUl\")]/tbody/tr[23]/td[3]/div/div/span/span[1]/bdi"}
RESULT: {"using":"xpath","value":"//table[contains(@id, \"listView-innerSelectionPanelTable-listUl\")]/tbody/tr[23]/td[3]/div/div/span/span[1]/bdi"}
COMMAND: POST /session/637de528f4e604e156fb3e125ad907fc/execute/sync - {"script":"<script> [56 bytes]","args":[{"element-6066-11e4-a52e-4f735466cecf":"f.71948811B2353B7E36D356F88F4B3924.d.10BA770F4DB8AB27D1D45FC2B340631F.e.6943","ELEMENT":"f.71948811B2353B7E36D356F88F4B3924.d.10BA770F4DB8AB27D1D45FC2B340631F.e.6943"}]}
RESULT: {"script":"<script> [56 bytes]","args":[{"element-6066-11e4-a52e-4f735466cecf":"f.71948811B2353B7E36D356F88F4B3924.d.10BA770F4DB8AB27D1D45FC2B340631F.e.6943","ELEMENT":"f.71948811B2353B7E36D356F88F4B3924.d.10BA770F4DB8AB27D1D45FC2B340631F.e.6943"}]}
COMMAND: GET /session/637de528f4e604e156fb3e125ad907fc/element/f.71948811B2353B7E36D356F88F4B3924.d.10BA770F4DB8AB27D1D45FC2B340631F.e.6942/attribute/aria-checked - {}
COMMAND: GET /session/637de528f4e604e156fb3e125ad907fc/screenshot - {}
RESULT: {}
COMMAND: POST /session/637de528f4e604e156fb3e125ad907fc/element - {"using":"xpath","value":"//table[contains(@id, \"listView-innerSelectionPanelTable-listUl\")]/tbody/tr[24]/td[2]/div/div"}
RESULT: {}
RESULT: {"using":"xpath","value":"//table[contains(@id, \"listView-innerSelectionPanelTable-listUl\")]/tbody/tr[24]/td[2]/div/div"}
COMMAND: POST /session/637de528f4e604e156fb3e125ad907fc/element - {"using":"xpath","value":"//table[contains(@id, \"listView-innerSelectionPanelTable-listUl\")]/tbody/tr[24]/td[2]/div"}
RESULT: {"using":"xpath","value":"//table[contains(@id, \"listView-innerSelectionPanelTable-listUl\")]/tbody/tr[24]/td[2]/div"}
COMMAND: POST /session/637de528f4e604e156fb3e125ad907fc/element - {"using":"xpath","value":"//table[contains(@id, \"listView-innerSelectionPanelTable-listUl\")]/tbody/tr[24]/td[3]/div/div/span/span[1]/bdi"}
RESULT: {"using":"xpath","value":"//table[contains(@id, \"listView-innerSelectionPanelTable-listUl\")]/tbody/tr[24]/td[3]/div/div/span/span[1]/bdi"}
COMMAND: POST /session/637de528f4e604e156fb3e125ad907fc/execute/sync - {"script":"<script> [56 bytes]","args":[{"element-6066-11e4-a52e-4f735466cecf":"f.71948811B2353B7E36D356F88F4B3924.d.10BA770F4DB8AB27D1D45FC2B340631F.e.6946","ELEMENT":"f.71948811B2353B7E36D356F88F4B3924.d.10BA770F4DB8AB27D1D45FC2B340631F.e.6946"}]}
RESULT: {"script":"<script> [56 bytes]","args":[{"element-6066-11e4-a52e-4f735466cecf":"f.71948811B2353B7E36D356F88F4B3924.d.10BA770F4DB8AB27D1D45FC2B340631F.e.6946","ELEMENT":"f.71948811B2353B7E36D356F88F4B3924.d.10BA770F4DB8AB27D1D45FC2B340631F.e.6946"}]}
COMMAND: GET /session/637de528f4e604e156fb3e125ad907fc/element/f.71948811B2353B7E36D356F88F4B3924.d.10BA770F4DB8AB27D1D45FC2B340631F.e.6945/attribute/aria-checked - {}
COMMAND: GET /session/637de528f4e604e156fb3e125ad907fc/screenshot - {}
RESULT: {}
COMMAND: POST /session/637de528f4e604e156fb3e125ad907fc/element - {"using":"xpath","value":"//table[contains(@id, \"listView-innerSelectionPanelTable-listUl\")]/tbody/tr[25]/td[2]/div/div"}
RESULT: {}
RESULT: {"using":"xpath","value":"//table[contains(@id, \"listView-innerSelectionPanelTable-listUl\")]/tbody/tr[25]/td[2]/div/div"}
COMMAND: POST /session/637de528f4e604e156fb3e125ad907fc/element - {"using":"xpath","value":"//table[contains(@id, \"listView-innerSelectionPanelTable-listUl\")]/tbody/tr[25]/td[2]/div"}
RESULT: {"using":"xpath","value":"//table[contains(@id, \"listView-innerSelectionPanelTable-listUl\")]/tbody/tr[25]/td[2]/div"}
COMMAND: POST /session/637de528f4e604e156fb3e125ad907fc/element - {"using":"xpath","value":"//table[contains(@id, \"listView-innerSelectionPanelTable-listUl\")]/tbody/tr[25]/td[3]/div/div/span/span[1]/bdi"}
RESULT: {"using":"xpath","value":"//table[contains(@id, \"listView-innerSelectionPanelTable-listUl\")]/tbody/tr[25]/td[3]/div/div/span/span[1]/bdi"}
COMMAND: POST /session/637de528f4e604e156fb3e125ad907fc/execute/sync - {"script":"<script> [56 bytes]","args":[{"element-6066-11e4-a52e-4f735466cecf":"f.71948811B2353B7E36D356F88F4B3924.d.10BA770F4DB8AB27D1D45FC2B340631F.e.6949","ELEMENT":"f.71948811B2353B7E36D356F88F4B3924.d.10BA770F4DB8AB27D1D45FC2B340631F.e.6949"}]}
RESULT: {"script":"<script> [56 bytes]","args":[{"element-6066-11e4-a52e-4f735466cecf":"f.71948811B2353B7E36D356F88F4B3924.d.10BA770F4DB8AB27D1D45FC2B340631F.e.6949","ELEMENT":"f.71948811B2353B7E36D356F88F4B3924.d.10BA770F4DB8AB27D1D45FC2B340631F.e.6949"}]}
COMMAND: GET /session/637de528f4e604e156fb3e125ad907fc/element/f.71948811B2353B7E36D356F88F4B3924.d.10BA770F4DB8AB27D1D45FC2B340631F.e.6948/attribute/aria-checked - {}
COMMAND: GET /session/637de528f4e604e156fb3e125ad907fc/screenshot - {}
RESULT: {}
COMMAND: POST /session/637de528f4e604e156fb3e125ad907fc/element - {"using":"xpath","value":"//bdi[contains(text(), \"OK\")]"}
RESULT: {}
RESULT: {"using":"xpath","value":"//bdi[contains(text(), \"OK\")]"}
COMMAND: POST /session/637de528f4e604e156fb3e125ad907fc/element/f.71948811B2353B7E36D356F88F4B3924.d.10BA770F4DB8AB27D1D45FC2B340631F.e.6950/click - {}
RESULT: {}
COMMAND: GET /session/637de528f4e604e156fb3e125ad907fc/screenshot - {}
RESULT: {}
COMMAND: POST /session/637de528f4e604e156fb3e125ad907fc/execute/async - {"script":"<script> [1562 bytes]","args":[{"selector":{"id":"application-managepartners-display-component---masterPtm--smartFilterBar-filterItemControlA_-LINK_TO_ADDRESSES_MAIN.CITY1-vhi"},"wdio_ui5_key":"applicationmanagepartners-display-component---masterPtm--smartFilterBar-filterItemControlA_-LINK_TO_ADDRESSES_MAIN.CITY1-vhi"}]}
RESULT: {"script":"<script> [1562 bytes]","args":[{"selector":{"id":"application-managepartners-display-component---masterPtm--smartFilterBar-filterItemControlA_-LINK_TO_ADDRESSES_MAIN.CITY1-vhi"},"wdio_ui5_key":"applicationmanagepartners-display-component---masterPtm--smartFilterBar-filterItemControlA_-LINK_TO_ADDRESSES_MAIN.CITY1-vhi"}]}
RESULT: undefined
COMMAND: POST /session/637de528f4e604e156fb3e125ad907fc/element - {"using":"xpath","value":"//*[@id=\"application-managepartners-display-component---masterPtm--smartFilterBar-filterItemControlA_-LINK_TO_ADDRESSES_MAIN.CITY1-vhi\"]"}
RESULT: {"using":"xpath","value":"//*[@id=\"application-managepartners-display-component---masterPtm--smartFilterBar-filterItemControlA_-LINK_TO_ADDRESSES_MAIN.CITY1-vhi\"]"}
COMMAND: POST /session/637de528f4e604e156fb3e125ad907fc/element/f.71948811B2353B7E36D356F88F4B3924.d.10BA770F4DB8AB27D1D45FC2B340631F.e.6964/click - {}
RESULT: {}
COMMAND: GET /session/637de528f4e604e156fb3e125ad907fc/screenshot - {}
RESULT: {}
COMMAND: POST /session/637de528f4e604e156fb3e125ad907fc/execute/async - {"script":"<script> [1562 bytes]","args":[{"selector":{"controlType":"sap.m.Input","viewName":"etm.portal.ui.managepartners.view.Master","viewId":"application-managepartners-display-component---masterPtm","properties":{"valueState":"None"},"searchOpenDialogs":true,"interaction":{"idSuffix":"inner"}},"wdio_ui5_key":"etmportal.ui.managepartners.view.Mastersap.m.Input{\"valueState\":\"None\"}"}]}
RESULT: {"script":"<script> [1562 bytes]","args":[{"selector":{"controlType":"sap.m.Input","viewName":"etm.portal.ui.managepartners.view.Master","viewId":"application-managepartners-display-component---masterPtm","properties":{"valueState":"None"},"searchOpenDialogs":true,"interaction":{"idSuffix":"inner"}},"wdio_ui5_key":"etmportal.ui.managepartners.view.Mastersap.m.Input{\"valueState\":\"None\"}"}]}
RESULT: undefined
COMMAND: POST /session/637de528f4e604e156fb3e125ad907fc/execute/async - {"script":"<script> [776 bytes]","args":[{"enterText":"Bucure","selector":{"controlType":"sap.m.Input","viewName":"etm.portal.ui.managepartners.view.Master","viewId":"application-managepartners-display-component---masterPtm","properties":{"valueState":"None"},"searchOpenDialogs":true,"interaction":{"idSuffix":"inner"}},"clearTextFirst":true,"interactionType":"ENTER_TEXT"}]}
RESULT: {"script":"<script> [776 bytes]","args":[{"enterText":"Bucure","selector":{"controlType":"sap.m.Input","viewName":"etm.portal.ui.managepartners.view.Master","viewId":"application-managepartners-display-component---masterPtm","properties":{"valueState":"None"},"searchOpenDialogs":true,"interaction":{"idSuffix":"inner"}},"clearTextFirst":true,"interactionType":"ENTER_TEXT"}]}
COMMAND: POST /session/637de528f4e604e156fb3e125ad907fc/actions - {"actions":[{"id":"action21","type":"key","parameters":{},"actions":[{"type":"keyDown","value":""},{"type":"pause","duration":10},{"type":"keyUp","value":""}]}]}
RESULT: {"actions":[{"id":"action21","type":"key","parameters":{},"actions":[{"type":"keyDown","value":""},{"type":"pause","duration":10},{"type":"keyUp","value":""}]}]}
COMMAND: GET /session/637de528f4e604e156fb3e125ad907fc/screenshot - {}
RESULT: {}
COMMAND: POST /session/637de528f4e604e156fb3e125ad907fc/element - {"using":"xpath","value":"(//bdi[contains(text(), \"OK\")])[1]"}
RESULT: {"using":"xpath","value":"(//bdi[contains(text(), \"OK\")])[1]"}
COMMAND: POST /session/637de528f4e604e156fb3e125ad907fc/element/f.71948811B2353B7E36D356F88F4B3924.d.10BA770F4DB8AB27D1D45FC2B340631F.e.6970/click - {}
RESULT: {}
COMMAND: GET /session/637de528f4e604e156fb3e125ad907fc/screenshot - {}
RESULT: {}
COMMAND: POST /session/637de528f4e604e156fb3e125ad907fc/element - {"using":"xpath","value":"//span[@id=\"application-managepartners-display-component---masterPtm--smartTable-header-inner\"]"}
RESULT: {"using":"xpath","value":"//span[@id=\"application-managepartners-display-component---masterPtm--smartTable-header-inner\"]"}
COMMAND: POST /session/637de528f4e604e156fb3e125ad907fc/elements - {"using":"xpath","value":"//span[@id=\"application-managepartners-display-component---masterPtm--smartTable-header-inner\"]"}
RESULT: {"using":"xpath","value":"//span[@id=\"application-managepartners-display-component---masterPtm--smartTable-header-inner\"]"}
COMMAND: POST /session/637de528f4e604e156fb3e125ad907fc/execute/sync - {"script":"<script> [56 bytes]","args":[{"element-6066-11e4-a52e-4f735466cecf":"f.71948811B2353B7E36D356F88F4B3924.d.10BA770F4DB8AB27D1D45FC2B340631F.e.6025","ELEMENT":"f.71948811B2353B7E36D356F88F4B3924.d.10BA770F4DB8AB27D1D45FC2B340631F.e.6025"}]}
RESULT: {"script":"<script> [56 bytes]","args":[{"element-6066-11e4-a52e-4f735466cecf":"f.71948811B2353B7E36D356F88F4B3924.d.10BA770F4DB8AB27D1D45FC2B340631F.e.6025","ELEMENT":"f.71948811B2353B7E36D356F88F4B3924.d.10BA770F4DB8AB27D1D45FC2B340631F.e.6025"}]}
COMMAND: POST /session/637de528f4e604e156fb3e125ad907fc/element - {"using":"xpath","value":"//span[contains(@title, \"Remove\")]"}
COMMAND: GET /session/637de528f4e604e156fb3e125ad907fc/screenshot - {}
RESULT: {"using":"xpath","value":"//span[contains(@title, \"Remove\")]"}
COMMAND: POST /session/637de528f4e604e156fb3e125ad907fc/element/f.71948811B2353B7E36D356F88F4B3924.d.10BA770F4DB8AB27D1D45FC2B340631F.e.7046/click - {}
RESULT: {}
RESULT: {}
COMMAND: GET /session/637de528f4e604e156fb3e125ad907fc/screenshot - {}
RESULT: {}
COMMAND: POST /session/637de528f4e604e156fb3e125ad907fc/element - {"using":"xpath","value":"//span[@id=\"application-managepartners-display-component---masterPtm--smartTable-header-inner\"]"}
RESULT: {"using":"xpath","value":"//span[@id=\"application-managepartners-display-component---masterPtm--smartTable-header-inner\"]"}
COMMAND: POST /session/637de528f4e604e156fb3e125ad907fc/elements - {"using":"xpath","value":"//span[@id=\"application-managepartners-display-component---masterPtm--smartTable-header-inner\"]"}
RESULT: {"using":"xpath","value":"//span[@id=\"application-managepartners-display-component---masterPtm--smartTable-header-inner\"]"}
COMMAND: POST /session/637de528f4e604e156fb3e125ad907fc/execute/sync - {"script":"<script> [56 bytes]","args":[{"element-6066-11e4-a52e-4f735466cecf":"f.71948811B2353B7E36D356F88F4B3924.d.10BA770F4DB8AB27D1D45FC2B340631F.e.6025","ELEMENT":"f.71948811B2353B7E36D356F88F4B3924.d.10BA770F4DB8AB27D1D45FC2B340631F.e.6025"}]}
RESULT: {"script":"<script> [56 bytes]","args":[{"element-6066-11e4-a52e-4f735466cecf":"f.71948811B2353B7E36D356F88F4B3924.d.10BA770F4DB8AB27D1D45FC2B340631F.e.6025","ELEMENT":"f.71948811B2353B7E36D356F88F4B3924.d.10BA770F4DB8AB27D1D45FC2B340631F.e.6025"}]}
COMMAND: POST /session/637de528f4e604e156fb3e125ad907fc/element - {"using":"css selector","value":"#shell-header-logo"}
COMMAND: GET /session/637de528f4e604e156fb3e125ad907fc/screenshot - {}
RESULT: {"using":"css selector","value":"#shell-header-logo"}
COMMAND: POST /session/637de528f4e604e156fb3e125ad907fc/element/f.71948811B2353B7E36D356F88F4B3924.d.10BA770F4DB8AB27D1D45FC2B340631F.e.5857/click - {}
RESULT: {}
RESULT: {}
COMMAND: GET /session/637de528f4e604e156fb3e125ad907fc/screenshot - {}
RESULT: {}
]]></system-out>
    </testcase>
    <testcase classname="chrome.136_0_7103_93.windows.Partner_specific_tests_US150819_US151080_US151654_US151176_US103444_US151078_US151079_US151109_US151174_US151175_US151189" name="Should try to save empty partner US151174" time="50.938">
      <system-out><![CDATA[
COMMAND: POST /session/637de528f4e604e156fb3e125ad907fc/element - {"using":"xpath","value":"//li[.//span[text()=\"Manage Partners\"]]"}
RESULT: {"using":"xpath","value":"//li[.//span[text()=\"Manage Partners\"]]"}
COMMAND: POST /session/637de528f4e604e156fb3e125ad907fc/element - {"using":"xpath","value":"//li[.//span[text()=\"Manage Partners\"]]"}
RESULT: {"using":"xpath","value":"//li[.//span[text()=\"Manage Partners\"]]"}
COMMAND: POST /session/637de528f4e604e156fb3e125ad907fc/element - {"using":"css selector","value":"#shell-header-logo"}
RESULT: {"using":"css selector","value":"#shell-header-logo"}
COMMAND: POST /session/637de528f4e604e156fb3e125ad907fc/element/f.71948811B2353B7E36D356F88F4B3924.d.10BA770F4DB8AB27D1D45FC2B340631F.e.7141/click - {}
COMMAND: POST /session/637de528f4e604e156fb3e125ad907fc/execute/sync - {"script":"<script> [8489 bytes]","args":[{"element-6066-11e4-a52e-4f735466cecf":"f.71948811B2353B7E36D356F88F4B3924.d.10BA770F4DB8AB27D1D45FC2B340631F.e.7141","ELEMENT":"f.71948811B2353B7E36D356F88F4B3924.d.10BA770F4DB8AB27D1D45FC2B340631F.e.7141"}]}
RESULT: {}
COMMAND: GET /session/637de528f4e604e156fb3e125ad907fc/screenshot - {}
RESULT: {"script":"<script> [8489 bytes]","args":[{"element-6066-11e4-a52e-4f735466cecf":"f.71948811B2353B7E36D356F88F4B3924.d.10BA770F4DB8AB27D1D45FC2B340631F.e.7141","ELEMENT":"f.71948811B2353B7E36D356F88F4B3924.d.10BA770F4DB8AB27D1D45FC2B340631F.e.7141"}]}
COMMAND: POST /session/637de528f4e604e156fb3e125ad907fc/execute/sync - {"script":"<script> [5351 bytes]","args":[{"element-6066-11e4-a52e-4f735466cecf":"f.71948811B2353B7E36D356F88F4B3924.d.10BA770F4DB8AB27D1D45FC2B340631F.e.7141","ELEMENT":"f.71948811B2353B7E36D356F88F4B3924.d.10BA770F4DB8AB27D1D45FC2B340631F.e.7141"}]}
COMMAND: GET /session/637de528f4e604e156fb3e125ad907fc/screenshot - {}
RESULT: {}
RESULT: {"script":"<script> [5351 bytes]","args":[{"element-6066-11e4-a52e-4f735466cecf":"f.71948811B2353B7E36D356F88F4B3924.d.10BA770F4DB8AB27D1D45FC2B340631F.e.7141","ELEMENT":"f.71948811B2353B7E36D356F88F4B3924.d.10BA770F4DB8AB27D1D45FC2B340631F.e.7141"}]}
COMMAND: GET /session/637de528f4e604e156fb3e125ad907fc/screenshot - {}
RESULT: {}
RESULT: {}
RESULT: undefined
COMMAND: POST /session/637de528f4e604e156fb3e125ad907fc/element - {"using":"xpath","value":"//*[@id=\"__tile30\"]"}
RESULT: {"using":"xpath","value":"//*[@id=\"__tile30\"]"}
COMMAND: POST /session/637de528f4e604e156fb3e125ad907fc/element/f.71948811B2353B7E36D356F88F4B3924.d.10BA770F4DB8AB27D1D45FC2B340631F.e.4509/click - {}
RESULT: {}
COMMAND: GET /session/637de528f4e604e156fb3e125ad907fc/screenshot - {}
RESULT: {}
COMMAND: POST /session/637de528f4e604e156fb3e125ad907fc/elements - {"using":"xpath","value":"//span[text()='Error']"}
RESULT: {"using":"xpath","value":"//span[text()='Error']"}
COMMAND: POST /session/637de528f4e604e156fb3e125ad907fc/element - {"using":"xpath","value":"//button[@data-kt=\"addButton\"]"}
RESULT: {"using":"xpath","value":"//button[@data-kt=\"addButton\"]"}
COMMAND: POST /session/637de528f4e604e156fb3e125ad907fc/elements - {"using":"xpath","value":"//button[@data-kt=\"addButton\"]"}
RESULT: {"using":"xpath","value":"//button[@data-kt=\"addButton\"]"}
COMMAND: POST /session/637de528f4e604e156fb3e125ad907fc/execute/sync - {"script":"<script> [8489 bytes]","args":[{"element-6066-11e4-a52e-4f735466cecf":"f.71948811B2353B7E36D356F88F4B3924.d.10BA770F4DB8AB27D1D45FC2B340631F.e.7285","ELEMENT":"f.71948811B2353B7E36D356F88F4B3924.d.10BA770F4DB8AB27D1D45FC2B340631F.e.7285"}]}
RESULT: {"script":"<script> [8489 bytes]","args":[{"element-6066-11e4-a52e-4f735466cecf":"f.71948811B2353B7E36D356F88F4B3924.d.10BA770F4DB8AB27D1D45FC2B340631F.e.7285","ELEMENT":"f.71948811B2353B7E36D356F88F4B3924.d.10BA770F4DB8AB27D1D45FC2B340631F.e.7285"}]}
COMMAND: GET /session/637de528f4e604e156fb3e125ad907fc/element/f.71948811B2353B7E36D356F88F4B3924.d.10BA770F4DB8AB27D1D45FC2B340631F.e.7285/enabled - {}
COMMAND: GET /session/637de528f4e604e156fb3e125ad907fc/screenshot - {}
RESULT: {}
COMMAND: POST /session/637de528f4e604e156fb3e125ad907fc/execute/sync - {"script":"<script> [8489 bytes]","args":[{"element-6066-11e4-a52e-4f735466cecf":"f.71948811B2353B7E36D356F88F4B3924.d.10BA770F4DB8AB27D1D45FC2B340631F.e.7285","ELEMENT":"f.71948811B2353B7E36D356F88F4B3924.d.10BA770F4DB8AB27D1D45FC2B340631F.e.7285"}]}
COMMAND: GET /session/637de528f4e604e156fb3e125ad907fc/screenshot - {}
RESULT: {}
RESULT: {"script":"<script> [8489 bytes]","args":[{"element-6066-11e4-a52e-4f735466cecf":"f.71948811B2353B7E36D356F88F4B3924.d.10BA770F4DB8AB27D1D45FC2B340631F.e.7285","ELEMENT":"f.71948811B2353B7E36D356F88F4B3924.d.10BA770F4DB8AB27D1D45FC2B340631F.e.7285"}]}
COMMAND: POST /session/637de528f4e604e156fb3e125ad907fc/execute/sync - {"script":"<script> [5351 bytes]","args":[{"element-6066-11e4-a52e-4f735466cecf":"f.71948811B2353B7E36D356F88F4B3924.d.10BA770F4DB8AB27D1D45FC2B340631F.e.7285","ELEMENT":"f.71948811B2353B7E36D356F88F4B3924.d.10BA770F4DB8AB27D1D45FC2B340631F.e.7285"}]}
COMMAND: GET /session/637de528f4e604e156fb3e125ad907fc/screenshot - {}
RESULT: {}
RESULT: {"script":"<script> [5351 bytes]","args":[{"element-6066-11e4-a52e-4f735466cecf":"f.71948811B2353B7E36D356F88F4B3924.d.10BA770F4DB8AB27D1D45FC2B340631F.e.7285","ELEMENT":"f.71948811B2353B7E36D356F88F4B3924.d.10BA770F4DB8AB27D1D45FC2B340631F.e.7285"}]}
COMMAND: POST /session/637de528f4e604e156fb3e125ad907fc/element/f.71948811B2353B7E36D356F88F4B3924.d.10BA770F4DB8AB27D1D45FC2B340631F.e.7285/click - {}
COMMAND: GET /session/637de528f4e604e156fb3e125ad907fc/screenshot - {}
RESULT: {}
RESULT: {}
COMMAND: GET /session/637de528f4e604e156fb3e125ad907fc/screenshot - {}
COMMAND: POST /session/637de528f4e604e156fb3e125ad907fc/element - {"using":"xpath","value":"//button[@data-kt=\"saveButton\"]"}
RESULT: {}
RESULT: {}
RESULT: {"using":"xpath","value":"//button[@data-kt=\"saveButton\"]"}
COMMAND: POST /session/637de528f4e604e156fb3e125ad907fc/element/f.71948811B2353B7E36D356F88F4B3924.d.10BA770F4DB8AB27D1D45FC2B340631F.e.7566/click - {}
RESULT: {}
COMMAND: GET /session/637de528f4e604e156fb3e125ad907fc/screenshot - {}
RESULT: {}
COMMAND: POST /session/637de528f4e604e156fb3e125ad907fc/element - {"using":"xpath","value":"//span[contains(@class, \"sapMMsgBoxText\")]"}
RESULT: {"using":"xpath","value":"//span[contains(@class, \"sapMMsgBoxText\")]"}
COMMAND: POST /session/637de528f4e604e156fb3e125ad907fc/execute/sync - {"script":"<script> [56 bytes]","args":[{"element-6066-11e4-a52e-4f735466cecf":"f.71948811B2353B7E36D356F88F4B3924.d.10BA770F4DB8AB27D1D45FC2B340631F.e.7627","ELEMENT":"f.71948811B2353B7E36D356F88F4B3924.d.10BA770F4DB8AB27D1D45FC2B340631F.e.7627"}]}
RESULT: {"script":"<script> [56 bytes]","args":[{"element-6066-11e4-a52e-4f735466cecf":"f.71948811B2353B7E36D356F88F4B3924.d.10BA770F4DB8AB27D1D45FC2B340631F.e.7627","ELEMENT":"f.71948811B2353B7E36D356F88F4B3924.d.10BA770F4DB8AB27D1D45FC2B340631F.e.7627"}]}
COMMAND: POST /session/637de528f4e604e156fb3e125ad907fc/element - {"using":"xpath","value":"(//bdi[contains(text(), \"Close\")])[1]"}
COMMAND: POST /session/637de528f4e604e156fb3e125ad907fc/elements - {"using":"xpath","value":"//span[contains(@class, \"sapMMsgBoxText\")]"}
COMMAND: GET /session/637de528f4e604e156fb3e125ad907fc/screenshot - {}
RESULT: {"using":"xpath","value":"(//bdi[contains(text(), \"Close\")])[1]"}
COMMAND: POST /session/637de528f4e604e156fb3e125ad907fc/element/f.71948811B2353B7E36D356F88F4B3924.d.10BA770F4DB8AB27D1D45FC2B340631F.e.7628/click - {}
RESULT: {"using":"xpath","value":"//span[contains(@class, \"sapMMsgBoxText\")]"}
RESULT: {}
RESULT: {}
COMMAND: GET /session/637de528f4e604e156fb3e125ad907fc/screenshot - {}
RESULT: {}
COMMAND: POST /session/637de528f4e604e156fb3e125ad907fc/element - {"using":"css selector","value":"#shell-header-logo"}
RESULT: {"using":"css selector","value":"#shell-header-logo"}
COMMAND: POST /session/637de528f4e604e156fb3e125ad907fc/element/f.71948811B2353B7E36D356F88F4B3924.d.10BA770F4DB8AB27D1D45FC2B340631F.e.7141/click - {}
RESULT: {}
COMMAND: GET /session/637de528f4e604e156fb3e125ad907fc/screenshot - {}
RESULT: {}
]]></system-out>
    </testcase>
    <testcase classname="chrome.136_0_7103_93.windows.Partner_specific_tests_US150819_US151080_US151654_US151176_US103444_US151078_US151079_US151109_US151174_US151175_US151189" name="Should do various searches US151175" time="159.96">
      <system-out><![CDATA[
COMMAND: POST /session/637de528f4e604e156fb3e125ad907fc/element - {"using":"xpath","value":"//li[.//span[text()=\"Manage Partners\"]]"}
RESULT: {"using":"xpath","value":"//li[.//span[text()=\"Manage Partners\"]]"}
COMMAND: POST /session/637de528f4e604e156fb3e125ad907fc/element - {"using":"xpath","value":"//li[.//span[text()=\"Manage Partners\"]]"}
RESULT: {"using":"xpath","value":"//li[.//span[text()=\"Manage Partners\"]]"}
COMMAND: POST /session/637de528f4e604e156fb3e125ad907fc/element - {"using":"css selector","value":"#shell-header-logo"}
RESULT: {"using":"css selector","value":"#shell-header-logo"}
COMMAND: POST /session/637de528f4e604e156fb3e125ad907fc/element/f.71948811B2353B7E36D356F88F4B3924.d.10BA770F4DB8AB27D1D45FC2B340631F.e.7630/click - {}
COMMAND: POST /session/637de528f4e604e156fb3e125ad907fc/execute/sync - {"script":"<script> [8489 bytes]","args":[{"element-6066-11e4-a52e-4f735466cecf":"f.71948811B2353B7E36D356F88F4B3924.d.10BA770F4DB8AB27D1D45FC2B340631F.e.7630","ELEMENT":"f.71948811B2353B7E36D356F88F4B3924.d.10BA770F4DB8AB27D1D45FC2B340631F.e.7630"}]}
RESULT: {}
COMMAND: GET /session/637de528f4e604e156fb3e125ad907fc/screenshot - {}
RESULT: {"script":"<script> [8489 bytes]","args":[{"element-6066-11e4-a52e-4f735466cecf":"f.71948811B2353B7E36D356F88F4B3924.d.10BA770F4DB8AB27D1D45FC2B340631F.e.7630","ELEMENT":"f.71948811B2353B7E36D356F88F4B3924.d.10BA770F4DB8AB27D1D45FC2B340631F.e.7630"}]}
COMMAND: POST /session/637de528f4e604e156fb3e125ad907fc/execute/sync - {"script":"<script> [5351 bytes]","args":[{"element-6066-11e4-a52e-4f735466cecf":"f.71948811B2353B7E36D356F88F4B3924.d.10BA770F4DB8AB27D1D45FC2B340631F.e.7630","ELEMENT":"f.71948811B2353B7E36D356F88F4B3924.d.10BA770F4DB8AB27D1D45FC2B340631F.e.7630"}]}
COMMAND: GET /session/637de528f4e604e156fb3e125ad907fc/screenshot - {}
RESULT: {}
RESULT: {"script":"<script> [5351 bytes]","args":[{"element-6066-11e4-a52e-4f735466cecf":"f.71948811B2353B7E36D356F88F4B3924.d.10BA770F4DB8AB27D1D45FC2B340631F.e.7630","ELEMENT":"f.71948811B2353B7E36D356F88F4B3924.d.10BA770F4DB8AB27D1D45FC2B340631F.e.7630"}]}
COMMAND: GET /session/637de528f4e604e156fb3e125ad907fc/screenshot - {}
RESULT: {}
RESULT: {}
RESULT: undefined
COMMAND: POST /session/637de528f4e604e156fb3e125ad907fc/element - {"using":"xpath","value":"//*[@id=\"__tile30\"]"}
RESULT: {"using":"xpath","value":"//*[@id=\"__tile30\"]"}
COMMAND: POST /session/637de528f4e604e156fb3e125ad907fc/element/f.71948811B2353B7E36D356F88F4B3924.d.10BA770F4DB8AB27D1D45FC2B340631F.e.4509/click - {}
RESULT: {}
COMMAND: GET /session/637de528f4e604e156fb3e125ad907fc/screenshot - {}
RESULT: {}
COMMAND: POST /session/637de528f4e604e156fb3e125ad907fc/elements - {"using":"xpath","value":"//span[text()='Error']"}
RESULT: {"using":"xpath","value":"//span[text()='Error']"}
COMMAND: POST /session/637de528f4e604e156fb3e125ad907fc/element - {"using":"xpath","value":"//button[@data-kt=\"addButton\"]"}
RESULT: {"using":"xpath","value":"//button[@data-kt=\"addButton\"]"}
COMMAND: POST /session/637de528f4e604e156fb3e125ad907fc/elements - {"using":"xpath","value":"//button[@data-kt=\"addButton\"]"}
RESULT: {"using":"xpath","value":"//button[@data-kt=\"addButton\"]"}
COMMAND: POST /session/637de528f4e604e156fb3e125ad907fc/execute/sync - {"script":"<script> [8489 bytes]","args":[{"element-6066-11e4-a52e-4f735466cecf":"f.71948811B2353B7E36D356F88F4B3924.d.10BA770F4DB8AB27D1D45FC2B340631F.e.7675","ELEMENT":"f.71948811B2353B7E36D356F88F4B3924.d.10BA770F4DB8AB27D1D45FC2B340631F.e.7675"}]}
RESULT: {"script":"<script> [8489 bytes]","args":[{"element-6066-11e4-a52e-4f735466cecf":"f.71948811B2353B7E36D356F88F4B3924.d.10BA770F4DB8AB27D1D45FC2B340631F.e.7675","ELEMENT":"f.71948811B2353B7E36D356F88F4B3924.d.10BA770F4DB8AB27D1D45FC2B340631F.e.7675"}]}
COMMAND: GET /session/637de528f4e604e156fb3e125ad907fc/element/f.71948811B2353B7E36D356F88F4B3924.d.10BA770F4DB8AB27D1D45FC2B340631F.e.7675/enabled - {}
COMMAND: GET /session/637de528f4e604e156fb3e125ad907fc/screenshot - {}
RESULT: {}
COMMAND: POST /session/637de528f4e604e156fb3e125ad907fc/execute/sync - {"script":"<script> [8489 bytes]","args":[{"element-6066-11e4-a52e-4f735466cecf":"f.71948811B2353B7E36D356F88F4B3924.d.10BA770F4DB8AB27D1D45FC2B340631F.e.7675","ELEMENT":"f.71948811B2353B7E36D356F88F4B3924.d.10BA770F4DB8AB27D1D45FC2B340631F.e.7675"}]}
COMMAND: GET /session/637de528f4e604e156fb3e125ad907fc/screenshot - {}
RESULT: {}
RESULT: {"script":"<script> [8489 bytes]","args":[{"element-6066-11e4-a52e-4f735466cecf":"f.71948811B2353B7E36D356F88F4B3924.d.10BA770F4DB8AB27D1D45FC2B340631F.e.7675","ELEMENT":"f.71948811B2353B7E36D356F88F4B3924.d.10BA770F4DB8AB27D1D45FC2B340631F.e.7675"}]}
COMMAND: POST /session/637de528f4e604e156fb3e125ad907fc/execute/sync - {"script":"<script> [5351 bytes]","args":[{"element-6066-11e4-a52e-4f735466cecf":"f.71948811B2353B7E36D356F88F4B3924.d.10BA770F4DB8AB27D1D45FC2B340631F.e.7675","ELEMENT":"f.71948811B2353B7E36D356F88F4B3924.d.10BA770F4DB8AB27D1D45FC2B340631F.e.7675"}]}
COMMAND: GET /session/637de528f4e604e156fb3e125ad907fc/screenshot - {}
RESULT: {}
RESULT: {"script":"<script> [5351 bytes]","args":[{"element-6066-11e4-a52e-4f735466cecf":"f.71948811B2353B7E36D356F88F4B3924.d.10BA770F4DB8AB27D1D45FC2B340631F.e.7675","ELEMENT":"f.71948811B2353B7E36D356F88F4B3924.d.10BA770F4DB8AB27D1D45FC2B340631F.e.7675"}]}
COMMAND: GET /session/637de528f4e604e156fb3e125ad907fc/screenshot - {}
RESULT: {}
RESULT: {}
COMMAND: POST /session/637de528f4e604e156fb3e125ad907fc/element - {"using":"xpath","value":"//span[@id=\"application-managepartners-display-component---masterPtm--smartTable-header-inner\"]"}
RESULT: {"using":"xpath","value":"//span[@id=\"application-managepartners-display-component---masterPtm--smartTable-header-inner\"]"}
COMMAND: POST /session/637de528f4e604e156fb3e125ad907fc/elements - {"using":"xpath","value":"//span[@id=\"application-managepartners-display-component---masterPtm--smartTable-header-inner\"]"}
RESULT: {"using":"xpath","value":"//span[@id=\"application-managepartners-display-component---masterPtm--smartTable-header-inner\"]"}
COMMAND: POST /session/637de528f4e604e156fb3e125ad907fc/execute/sync - {"script":"<script> [56 bytes]","args":[{"element-6066-11e4-a52e-4f735466cecf":"f.71948811B2353B7E36D356F88F4B3924.d.10BA770F4DB8AB27D1D45FC2B340631F.e.7800","ELEMENT":"f.71948811B2353B7E36D356F88F4B3924.d.10BA770F4DB8AB27D1D45FC2B340631F.e.7800"}]}
RESULT: {"script":"<script> [56 bytes]","args":[{"element-6066-11e4-a52e-4f735466cecf":"f.71948811B2353B7E36D356F88F4B3924.d.10BA770F4DB8AB27D1D45FC2B340631F.e.7800","ELEMENT":"f.71948811B2353B7E36D356F88F4B3924.d.10BA770F4DB8AB27D1D45FC2B340631F.e.7800"}]}
RESULT: undefined
COMMAND: POST /session/637de528f4e604e156fb3e125ad907fc/element - {"using":"xpath","value":"//*[@id=\"application-managepartners-display-component---masterPtm--smartFilterBar-btnFilters\"]"}
COMMAND: GET /session/637de528f4e604e156fb3e125ad907fc/screenshot - {}
RESULT: {"using":"xpath","value":"//*[@id=\"application-managepartners-display-component---masterPtm--smartFilterBar-btnFilters\"]"}
COMMAND: POST /session/637de528f4e604e156fb3e125ad907fc/element/f.71948811B2353B7E36D356F88F4B3924.d.10BA770F4DB8AB27D1D45FC2B340631F.e.7652/click - {}
RESULT: {}
RESULT: {}
COMMAND: GET /session/637de528f4e604e156fb3e125ad907fc/screenshot - {}
RESULT: {}
COMMAND: POST /session/637de528f4e604e156fb3e125ad907fc/elements - {"using":"xpath","value":"//table[contains(@id, \"listView-innerSelectionPanelTable-listUl\")]/tbody/tr"}
RESULT: {"using":"xpath","value":"//table[contains(@id, \"listView-innerSelectionPanelTable-listUl\")]/tbody/tr"}
COMMAND: POST /session/637de528f4e604e156fb3e125ad907fc/element - {"using":"xpath","value":"//table[contains(@id, \"listView-innerSelectionPanelTable-listUl\")]/tbody/tr[2]/td[2]/div/div"}
RESULT: {"using":"xpath","value":"//table[contains(@id, \"listView-innerSelectionPanelTable-listUl\")]/tbody/tr[2]/td[2]/div/div"}
COMMAND: POST /session/637de528f4e604e156fb3e125ad907fc/element - {"using":"xpath","value":"//table[contains(@id, \"listView-innerSelectionPanelTable-listUl\")]/tbody/tr[2]/td[2]/div"}
RESULT: {"using":"xpath","value":"//table[contains(@id, \"listView-innerSelectionPanelTable-listUl\")]/tbody/tr[2]/td[2]/div"}
COMMAND: POST /session/637de528f4e604e156fb3e125ad907fc/element - {"using":"xpath","value":"//table[contains(@id, \"listView-innerSelectionPanelTable-listUl\")]/tbody/tr[2]/td[3]/div/div/span/span[1]/bdi"}
RESULT: {"using":"xpath","value":"//table[contains(@id, \"listView-innerSelectionPanelTable-listUl\")]/tbody/tr[2]/td[3]/div/div/span/span[1]/bdi"}
COMMAND: POST /session/637de528f4e604e156fb3e125ad907fc/execute/sync - {"script":"<script> [56 bytes]","args":[{"element-6066-11e4-a52e-4f735466cecf":"f.71948811B2353B7E36D356F88F4B3924.d.10BA770F4DB8AB27D1D45FC2B340631F.e.7868","ELEMENT":"f.71948811B2353B7E36D356F88F4B3924.d.10BA770F4DB8AB27D1D45FC2B340631F.e.7868"}]}
RESULT: {"script":"<script> [56 bytes]","args":[{"element-6066-11e4-a52e-4f735466cecf":"f.71948811B2353B7E36D356F88F4B3924.d.10BA770F4DB8AB27D1D45FC2B340631F.e.7868","ELEMENT":"f.71948811B2353B7E36D356F88F4B3924.d.10BA770F4DB8AB27D1D45FC2B340631F.e.7868"}]}
COMMAND: GET /session/637de528f4e604e156fb3e125ad907fc/element/f.71948811B2353B7E36D356F88F4B3924.d.10BA770F4DB8AB27D1D45FC2B340631F.e.7867/attribute/aria-checked - {}
COMMAND: GET /session/637de528f4e604e156fb3e125ad907fc/screenshot - {}
RESULT: {}
COMMAND: POST /session/637de528f4e604e156fb3e125ad907fc/element - {"using":"xpath","value":"//table[contains(@id, \"listView-innerSelectionPanelTable-listUl\")]/tbody/tr[3]/td[2]/div/div"}
RESULT: {}
RESULT: {"using":"xpath","value":"//table[contains(@id, \"listView-innerSelectionPanelTable-listUl\")]/tbody/tr[3]/td[2]/div/div"}
COMMAND: POST /session/637de528f4e604e156fb3e125ad907fc/element - {"using":"xpath","value":"//table[contains(@id, \"listView-innerSelectionPanelTable-listUl\")]/tbody/tr[3]/td[2]/div"}
RESULT: {"using":"xpath","value":"//table[contains(@id, \"listView-innerSelectionPanelTable-listUl\")]/tbody/tr[3]/td[2]/div"}
COMMAND: POST /session/637de528f4e604e156fb3e125ad907fc/element - {"using":"xpath","value":"//table[contains(@id, \"listView-innerSelectionPanelTable-listUl\")]/tbody/tr[3]/td[3]/div/div/span/span[1]/bdi"}
RESULT: {"using":"xpath","value":"//table[contains(@id, \"listView-innerSelectionPanelTable-listUl\")]/tbody/tr[3]/td[3]/div/div/span/span[1]/bdi"}
COMMAND: POST /session/637de528f4e604e156fb3e125ad907fc/execute/sync - {"script":"<script> [56 bytes]","args":[{"element-6066-11e4-a52e-4f735466cecf":"f.71948811B2353B7E36D356F88F4B3924.d.10BA770F4DB8AB27D1D45FC2B340631F.e.7871","ELEMENT":"f.71948811B2353B7E36D356F88F4B3924.d.10BA770F4DB8AB27D1D45FC2B340631F.e.7871"}]}
RESULT: {"script":"<script> [56 bytes]","args":[{"element-6066-11e4-a52e-4f735466cecf":"f.71948811B2353B7E36D356F88F4B3924.d.10BA770F4DB8AB27D1D45FC2B340631F.e.7871","ELEMENT":"f.71948811B2353B7E36D356F88F4B3924.d.10BA770F4DB8AB27D1D45FC2B340631F.e.7871"}]}
COMMAND: GET /session/637de528f4e604e156fb3e125ad907fc/element/f.71948811B2353B7E36D356F88F4B3924.d.10BA770F4DB8AB27D1D45FC2B340631F.e.7870/attribute/aria-checked - {}
COMMAND: GET /session/637de528f4e604e156fb3e125ad907fc/screenshot - {}
RESULT: {}
COMMAND: POST /session/637de528f4e604e156fb3e125ad907fc/element - {"using":"xpath","value":"//table[contains(@id, \"listView-innerSelectionPanelTable-listUl\")]/tbody/tr[4]/td[2]/div/div"}
RESULT: {}
RESULT: {"using":"xpath","value":"//table[contains(@id, \"listView-innerSelectionPanelTable-listUl\")]/tbody/tr[4]/td[2]/div/div"}
COMMAND: POST /session/637de528f4e604e156fb3e125ad907fc/element - {"using":"xpath","value":"//table[contains(@id, \"listView-innerSelectionPanelTable-listUl\")]/tbody/tr[4]/td[2]/div"}
RESULT: {"using":"xpath","value":"//table[contains(@id, \"listView-innerSelectionPanelTable-listUl\")]/tbody/tr[4]/td[2]/div"}
COMMAND: POST /session/637de528f4e604e156fb3e125ad907fc/element - {"using":"xpath","value":"//table[contains(@id, \"listView-innerSelectionPanelTable-listUl\")]/tbody/tr[4]/td[3]/div/div/span/span[1]/bdi"}
RESULT: {"using":"xpath","value":"//table[contains(@id, \"listView-innerSelectionPanelTable-listUl\")]/tbody/tr[4]/td[3]/div/div/span/span[1]/bdi"}
COMMAND: POST /session/637de528f4e604e156fb3e125ad907fc/execute/sync - {"script":"<script> [56 bytes]","args":[{"element-6066-11e4-a52e-4f735466cecf":"f.71948811B2353B7E36D356F88F4B3924.d.10BA770F4DB8AB27D1D45FC2B340631F.e.7874","ELEMENT":"f.71948811B2353B7E36D356F88F4B3924.d.10BA770F4DB8AB27D1D45FC2B340631F.e.7874"}]}
RESULT: {"script":"<script> [56 bytes]","args":[{"element-6066-11e4-a52e-4f735466cecf":"f.71948811B2353B7E36D356F88F4B3924.d.10BA770F4DB8AB27D1D45FC2B340631F.e.7874","ELEMENT":"f.71948811B2353B7E36D356F88F4B3924.d.10BA770F4DB8AB27D1D45FC2B340631F.e.7874"}]}
COMMAND: GET /session/637de528f4e604e156fb3e125ad907fc/element/f.71948811B2353B7E36D356F88F4B3924.d.10BA770F4DB8AB27D1D45FC2B340631F.e.7873/attribute/aria-checked - {}
COMMAND: GET /session/637de528f4e604e156fb3e125ad907fc/screenshot - {}
RESULT: {}
COMMAND: POST /session/637de528f4e604e156fb3e125ad907fc/element - {"using":"xpath","value":"//table[contains(@id, \"listView-innerSelectionPanelTable-listUl\")]/tbody/tr[5]/td[2]/div/div"}
RESULT: {}
RESULT: {"using":"xpath","value":"//table[contains(@id, \"listView-innerSelectionPanelTable-listUl\")]/tbody/tr[5]/td[2]/div/div"}
COMMAND: POST /session/637de528f4e604e156fb3e125ad907fc/element - {"using":"xpath","value":"//table[contains(@id, \"listView-innerSelectionPanelTable-listUl\")]/tbody/tr[5]/td[2]/div"}
RESULT: {"using":"xpath","value":"//table[contains(@id, \"listView-innerSelectionPanelTable-listUl\")]/tbody/tr[5]/td[2]/div"}
COMMAND: POST /session/637de528f4e604e156fb3e125ad907fc/element - {"using":"xpath","value":"//table[contains(@id, \"listView-innerSelectionPanelTable-listUl\")]/tbody/tr[5]/td[3]/div/div/span/span[1]/bdi"}
RESULT: {"using":"xpath","value":"//table[contains(@id, \"listView-innerSelectionPanelTable-listUl\")]/tbody/tr[5]/td[3]/div/div/span/span[1]/bdi"}
COMMAND: POST /session/637de528f4e604e156fb3e125ad907fc/execute/sync - {"script":"<script> [56 bytes]","args":[{"element-6066-11e4-a52e-4f735466cecf":"f.71948811B2353B7E36D356F88F4B3924.d.10BA770F4DB8AB27D1D45FC2B340631F.e.7877","ELEMENT":"f.71948811B2353B7E36D356F88F4B3924.d.10BA770F4DB8AB27D1D45FC2B340631F.e.7877"}]}
RESULT: {"script":"<script> [56 bytes]","args":[{"element-6066-11e4-a52e-4f735466cecf":"f.71948811B2353B7E36D356F88F4B3924.d.10BA770F4DB8AB27D1D45FC2B340631F.e.7877","ELEMENT":"f.71948811B2353B7E36D356F88F4B3924.d.10BA770F4DB8AB27D1D45FC2B340631F.e.7877"}]}
COMMAND: GET /session/637de528f4e604e156fb3e125ad907fc/element/f.71948811B2353B7E36D356F88F4B3924.d.10BA770F4DB8AB27D1D45FC2B340631F.e.7876/attribute/aria-checked - {}
COMMAND: GET /session/637de528f4e604e156fb3e125ad907fc/screenshot - {}
RESULT: {}
COMMAND: POST /session/637de528f4e604e156fb3e125ad907fc/element - {"using":"xpath","value":"//table[contains(@id, \"listView-innerSelectionPanelTable-listUl\")]/tbody/tr[6]/td[2]/div/div"}
RESULT: {}
RESULT: {"using":"xpath","value":"//table[contains(@id, \"listView-innerSelectionPanelTable-listUl\")]/tbody/tr[6]/td[2]/div/div"}
COMMAND: POST /session/637de528f4e604e156fb3e125ad907fc/element - {"using":"xpath","value":"//table[contains(@id, \"listView-innerSelectionPanelTable-listUl\")]/tbody/tr[6]/td[2]/div"}
RESULT: {"using":"xpath","value":"//table[contains(@id, \"listView-innerSelectionPanelTable-listUl\")]/tbody/tr[6]/td[2]/div"}
COMMAND: POST /session/637de528f4e604e156fb3e125ad907fc/element - {"using":"xpath","value":"//table[contains(@id, \"listView-innerSelectionPanelTable-listUl\")]/tbody/tr[6]/td[3]/div/div/span/span[1]/bdi"}
RESULT: {"using":"xpath","value":"//table[contains(@id, \"listView-innerSelectionPanelTable-listUl\")]/tbody/tr[6]/td[3]/div/div/span/span[1]/bdi"}
COMMAND: POST /session/637de528f4e604e156fb3e125ad907fc/execute/sync - {"script":"<script> [56 bytes]","args":[{"element-6066-11e4-a52e-4f735466cecf":"f.71948811B2353B7E36D356F88F4B3924.d.10BA770F4DB8AB27D1D45FC2B340631F.e.7880","ELEMENT":"f.71948811B2353B7E36D356F88F4B3924.d.10BA770F4DB8AB27D1D45FC2B340631F.e.7880"}]}
RESULT: {"script":"<script> [56 bytes]","args":[{"element-6066-11e4-a52e-4f735466cecf":"f.71948811B2353B7E36D356F88F4B3924.d.10BA770F4DB8AB27D1D45FC2B340631F.e.7880","ELEMENT":"f.71948811B2353B7E36D356F88F4B3924.d.10BA770F4DB8AB27D1D45FC2B340631F.e.7880"}]}
COMMAND: GET /session/637de528f4e604e156fb3e125ad907fc/element/f.71948811B2353B7E36D356F88F4B3924.d.10BA770F4DB8AB27D1D45FC2B340631F.e.7879/attribute/aria-checked - {}
COMMAND: GET /session/637de528f4e604e156fb3e125ad907fc/screenshot - {}
RESULT: {}
COMMAND: POST /session/637de528f4e604e156fb3e125ad907fc/element - {"using":"xpath","value":"//table[contains(@id, \"listView-innerSelectionPanelTable-listUl\")]/tbody/tr[7]/td[2]/div/div"}
RESULT: {}
RESULT: {"using":"xpath","value":"//table[contains(@id, \"listView-innerSelectionPanelTable-listUl\")]/tbody/tr[7]/td[2]/div/div"}
COMMAND: POST /session/637de528f4e604e156fb3e125ad907fc/element - {"using":"xpath","value":"//table[contains(@id, \"listView-innerSelectionPanelTable-listUl\")]/tbody/tr[7]/td[2]/div"}
RESULT: {"using":"xpath","value":"//table[contains(@id, \"listView-innerSelectionPanelTable-listUl\")]/tbody/tr[7]/td[2]/div"}
COMMAND: POST /session/637de528f4e604e156fb3e125ad907fc/element - {"using":"xpath","value":"//table[contains(@id, \"listView-innerSelectionPanelTable-listUl\")]/tbody/tr[7]/td[3]/div/div/span/span[1]/bdi"}
RESULT: {"using":"xpath","value":"//table[contains(@id, \"listView-innerSelectionPanelTable-listUl\")]/tbody/tr[7]/td[3]/div/div/span/span[1]/bdi"}
COMMAND: POST /session/637de528f4e604e156fb3e125ad907fc/execute/sync - {"script":"<script> [56 bytes]","args":[{"element-6066-11e4-a52e-4f735466cecf":"f.71948811B2353B7E36D356F88F4B3924.d.10BA770F4DB8AB27D1D45FC2B340631F.e.7883","ELEMENT":"f.71948811B2353B7E36D356F88F4B3924.d.10BA770F4DB8AB27D1D45FC2B340631F.e.7883"}]}
RESULT: {"script":"<script> [56 bytes]","args":[{"element-6066-11e4-a52e-4f735466cecf":"f.71948811B2353B7E36D356F88F4B3924.d.10BA770F4DB8AB27D1D45FC2B340631F.e.7883","ELEMENT":"f.71948811B2353B7E36D356F88F4B3924.d.10BA770F4DB8AB27D1D45FC2B340631F.e.7883"}]}
COMMAND: GET /session/637de528f4e604e156fb3e125ad907fc/element/f.71948811B2353B7E36D356F88F4B3924.d.10BA770F4DB8AB27D1D45FC2B340631F.e.7882/attribute/aria-checked - {}
COMMAND: GET /session/637de528f4e604e156fb3e125ad907fc/screenshot - {}
RESULT: {}
COMMAND: POST /session/637de528f4e604e156fb3e125ad907fc/element - {"using":"xpath","value":"//table[contains(@id, \"listView-innerSelectionPanelTable-listUl\")]/tbody/tr[8]/td[2]/div/div"}
RESULT: {}
RESULT: {"using":"xpath","value":"//table[contains(@id, \"listView-innerSelectionPanelTable-listUl\")]/tbody/tr[8]/td[2]/div/div"}
COMMAND: POST /session/637de528f4e604e156fb3e125ad907fc/element - {"using":"xpath","value":"//table[contains(@id, \"listView-innerSelectionPanelTable-listUl\")]/tbody/tr[8]/td[2]/div"}
RESULT: {"using":"xpath","value":"//table[contains(@id, \"listView-innerSelectionPanelTable-listUl\")]/tbody/tr[8]/td[2]/div"}
COMMAND: POST /session/637de528f4e604e156fb3e125ad907fc/element - {"using":"xpath","value":"//table[contains(@id, \"listView-innerSelectionPanelTable-listUl\")]/tbody/tr[8]/td[3]/div/div/span/span[1]/bdi"}
RESULT: {"using":"xpath","value":"//table[contains(@id, \"listView-innerSelectionPanelTable-listUl\")]/tbody/tr[8]/td[3]/div/div/span/span[1]/bdi"}
COMMAND: POST /session/637de528f4e604e156fb3e125ad907fc/execute/sync - {"script":"<script> [56 bytes]","args":[{"element-6066-11e4-a52e-4f735466cecf":"f.71948811B2353B7E36D356F88F4B3924.d.10BA770F4DB8AB27D1D45FC2B340631F.e.7886","ELEMENT":"f.71948811B2353B7E36D356F88F4B3924.d.10BA770F4DB8AB27D1D45FC2B340631F.e.7886"}]}
RESULT: {"script":"<script> [56 bytes]","args":[{"element-6066-11e4-a52e-4f735466cecf":"f.71948811B2353B7E36D356F88F4B3924.d.10BA770F4DB8AB27D1D45FC2B340631F.e.7886","ELEMENT":"f.71948811B2353B7E36D356F88F4B3924.d.10BA770F4DB8AB27D1D45FC2B340631F.e.7886"}]}
COMMAND: GET /session/637de528f4e604e156fb3e125ad907fc/element/f.71948811B2353B7E36D356F88F4B3924.d.10BA770F4DB8AB27D1D45FC2B340631F.e.7885/attribute/aria-checked - {}
COMMAND: GET /session/637de528f4e604e156fb3e125ad907fc/screenshot - {}
RESULT: {}
COMMAND: POST /session/637de528f4e604e156fb3e125ad907fc/element - {"using":"xpath","value":"//table[contains(@id, \"listView-innerSelectionPanelTable-listUl\")]/tbody/tr[9]/td[2]/div/div"}
RESULT: {}
RESULT: {"using":"xpath","value":"//table[contains(@id, \"listView-innerSelectionPanelTable-listUl\")]/tbody/tr[9]/td[2]/div/div"}
COMMAND: POST /session/637de528f4e604e156fb3e125ad907fc/element - {"using":"xpath","value":"//table[contains(@id, \"listView-innerSelectionPanelTable-listUl\")]/tbody/tr[9]/td[2]/div"}
RESULT: {"using":"xpath","value":"//table[contains(@id, \"listView-innerSelectionPanelTable-listUl\")]/tbody/tr[9]/td[2]/div"}
COMMAND: POST /session/637de528f4e604e156fb3e125ad907fc/element - {"using":"xpath","value":"//table[contains(@id, \"listView-innerSelectionPanelTable-listUl\")]/tbody/tr[9]/td[3]/div/div/span/span[1]/bdi"}
RESULT: {"using":"xpath","value":"//table[contains(@id, \"listView-innerSelectionPanelTable-listUl\")]/tbody/tr[9]/td[3]/div/div/span/span[1]/bdi"}
COMMAND: POST /session/637de528f4e604e156fb3e125ad907fc/execute/sync - {"script":"<script> [56 bytes]","args":[{"element-6066-11e4-a52e-4f735466cecf":"f.71948811B2353B7E36D356F88F4B3924.d.10BA770F4DB8AB27D1D45FC2B340631F.e.7889","ELEMENT":"f.71948811B2353B7E36D356F88F4B3924.d.10BA770F4DB8AB27D1D45FC2B340631F.e.7889"}]}
RESULT: {"script":"<script> [56 bytes]","args":[{"element-6066-11e4-a52e-4f735466cecf":"f.71948811B2353B7E36D356F88F4B3924.d.10BA770F4DB8AB27D1D45FC2B340631F.e.7889","ELEMENT":"f.71948811B2353B7E36D356F88F4B3924.d.10BA770F4DB8AB27D1D45FC2B340631F.e.7889"}]}
COMMAND: GET /session/637de528f4e604e156fb3e125ad907fc/element/f.71948811B2353B7E36D356F88F4B3924.d.10BA770F4DB8AB27D1D45FC2B340631F.e.7888/attribute/aria-checked - {}
COMMAND: GET /session/637de528f4e604e156fb3e125ad907fc/screenshot - {}
RESULT: {}
COMMAND: POST /session/637de528f4e604e156fb3e125ad907fc/element - {"using":"xpath","value":"//table[contains(@id, \"listView-innerSelectionPanelTable-listUl\")]/tbody/tr[10]/td[2]/div/div"}
RESULT: {}
RESULT: {"using":"xpath","value":"//table[contains(@id, \"listView-innerSelectionPanelTable-listUl\")]/tbody/tr[10]/td[2]/div/div"}
COMMAND: POST /session/637de528f4e604e156fb3e125ad907fc/element - {"using":"xpath","value":"//table[contains(@id, \"listView-innerSelectionPanelTable-listUl\")]/tbody/tr[10]/td[2]/div"}
RESULT: {"using":"xpath","value":"//table[contains(@id, \"listView-innerSelectionPanelTable-listUl\")]/tbody/tr[10]/td[2]/div"}
COMMAND: POST /session/637de528f4e604e156fb3e125ad907fc/element - {"using":"xpath","value":"//table[contains(@id, \"listView-innerSelectionPanelTable-listUl\")]/tbody/tr[10]/td[3]/div/div/span/span[1]/bdi"}
RESULT: {"using":"xpath","value":"//table[contains(@id, \"listView-innerSelectionPanelTable-listUl\")]/tbody/tr[10]/td[3]/div/div/span/span[1]/bdi"}
COMMAND: POST /session/637de528f4e604e156fb3e125ad907fc/execute/sync - {"script":"<script> [56 bytes]","args":[{"element-6066-11e4-a52e-4f735466cecf":"f.71948811B2353B7E36D356F88F4B3924.d.10BA770F4DB8AB27D1D45FC2B340631F.e.7892","ELEMENT":"f.71948811B2353B7E36D356F88F4B3924.d.10BA770F4DB8AB27D1D45FC2B340631F.e.7892"}]}
RESULT: {"script":"<script> [56 bytes]","args":[{"element-6066-11e4-a52e-4f735466cecf":"f.71948811B2353B7E36D356F88F4B3924.d.10BA770F4DB8AB27D1D45FC2B340631F.e.7892","ELEMENT":"f.71948811B2353B7E36D356F88F4B3924.d.10BA770F4DB8AB27D1D45FC2B340631F.e.7892"}]}
COMMAND: GET /session/637de528f4e604e156fb3e125ad907fc/element/f.71948811B2353B7E36D356F88F4B3924.d.10BA770F4DB8AB27D1D45FC2B340631F.e.7891/attribute/aria-checked - {}
COMMAND: GET /session/637de528f4e604e156fb3e125ad907fc/screenshot - {}
RESULT: {}
COMMAND: POST /session/637de528f4e604e156fb3e125ad907fc/element - {"using":"xpath","value":"//table[contains(@id, \"listView-innerSelectionPanelTable-listUl\")]/tbody/tr[11]/td[2]/div/div"}
RESULT: {}
RESULT: {"using":"xpath","value":"//table[contains(@id, \"listView-innerSelectionPanelTable-listUl\")]/tbody/tr[11]/td[2]/div/div"}
COMMAND: POST /session/637de528f4e604e156fb3e125ad907fc/element - {"using":"xpath","value":"//table[contains(@id, \"listView-innerSelectionPanelTable-listUl\")]/tbody/tr[11]/td[2]/div"}
RESULT: {"using":"xpath","value":"//table[contains(@id, \"listView-innerSelectionPanelTable-listUl\")]/tbody/tr[11]/td[2]/div"}
COMMAND: POST /session/637de528f4e604e156fb3e125ad907fc/element - {"using":"xpath","value":"//table[contains(@id, \"listView-innerSelectionPanelTable-listUl\")]/tbody/tr[11]/td[3]/div/div/span/span[1]/bdi"}
RESULT: {"using":"xpath","value":"//table[contains(@id, \"listView-innerSelectionPanelTable-listUl\")]/tbody/tr[11]/td[3]/div/div/span/span[1]/bdi"}
COMMAND: POST /session/637de528f4e604e156fb3e125ad907fc/execute/sync - {"script":"<script> [56 bytes]","args":[{"element-6066-11e4-a52e-4f735466cecf":"f.71948811B2353B7E36D356F88F4B3924.d.10BA770F4DB8AB27D1D45FC2B340631F.e.7895","ELEMENT":"f.71948811B2353B7E36D356F88F4B3924.d.10BA770F4DB8AB27D1D45FC2B340631F.e.7895"}]}
RESULT: {"script":"<script> [56 bytes]","args":[{"element-6066-11e4-a52e-4f735466cecf":"f.71948811B2353B7E36D356F88F4B3924.d.10BA770F4DB8AB27D1D45FC2B340631F.e.7895","ELEMENT":"f.71948811B2353B7E36D356F88F4B3924.d.10BA770F4DB8AB27D1D45FC2B340631F.e.7895"}]}
COMMAND: GET /session/637de528f4e604e156fb3e125ad907fc/element/f.71948811B2353B7E36D356F88F4B3924.d.10BA770F4DB8AB27D1D45FC2B340631F.e.7894/attribute/aria-checked - {}
COMMAND: GET /session/637de528f4e604e156fb3e125ad907fc/screenshot - {}
RESULT: {}
COMMAND: POST /session/637de528f4e604e156fb3e125ad907fc/element - {"using":"xpath","value":"//table[contains(@id, \"listView-innerSelectionPanelTable-listUl\")]/tbody/tr[12]/td[2]/div/div"}
RESULT: {}
RESULT: {"using":"xpath","value":"//table[contains(@id, \"listView-innerSelectionPanelTable-listUl\")]/tbody/tr[12]/td[2]/div/div"}
COMMAND: POST /session/637de528f4e604e156fb3e125ad907fc/element - {"using":"xpath","value":"//table[contains(@id, \"listView-innerSelectionPanelTable-listUl\")]/tbody/tr[12]/td[2]/div"}
RESULT: {"using":"xpath","value":"//table[contains(@id, \"listView-innerSelectionPanelTable-listUl\")]/tbody/tr[12]/td[2]/div"}
COMMAND: POST /session/637de528f4e604e156fb3e125ad907fc/element - {"using":"xpath","value":"//table[contains(@id, \"listView-innerSelectionPanelTable-listUl\")]/tbody/tr[12]/td[3]/div/div/span/span[1]/bdi"}
RESULT: {"using":"xpath","value":"//table[contains(@id, \"listView-innerSelectionPanelTable-listUl\")]/tbody/tr[12]/td[3]/div/div/span/span[1]/bdi"}
COMMAND: POST /session/637de528f4e604e156fb3e125ad907fc/execute/sync - {"script":"<script> [56 bytes]","args":[{"element-6066-11e4-a52e-4f735466cecf":"f.71948811B2353B7E36D356F88F4B3924.d.10BA770F4DB8AB27D1D45FC2B340631F.e.7898","ELEMENT":"f.71948811B2353B7E36D356F88F4B3924.d.10BA770F4DB8AB27D1D45FC2B340631F.e.7898"}]}
RESULT: {"script":"<script> [56 bytes]","args":[{"element-6066-11e4-a52e-4f735466cecf":"f.71948811B2353B7E36D356F88F4B3924.d.10BA770F4DB8AB27D1D45FC2B340631F.e.7898","ELEMENT":"f.71948811B2353B7E36D356F88F4B3924.d.10BA770F4DB8AB27D1D45FC2B340631F.e.7898"}]}
COMMAND: GET /session/637de528f4e604e156fb3e125ad907fc/element/f.71948811B2353B7E36D356F88F4B3924.d.10BA770F4DB8AB27D1D45FC2B340631F.e.7897/attribute/aria-checked - {}
COMMAND: GET /session/637de528f4e604e156fb3e125ad907fc/screenshot - {}
RESULT: {}
COMMAND: POST /session/637de528f4e604e156fb3e125ad907fc/element - {"using":"xpath","value":"//table[contains(@id, \"listView-innerSelectionPanelTable-listUl\")]/tbody/tr[13]/td[2]/div/div"}
RESULT: {}
RESULT: {"using":"xpath","value":"//table[contains(@id, \"listView-innerSelectionPanelTable-listUl\")]/tbody/tr[13]/td[2]/div/div"}
COMMAND: POST /session/637de528f4e604e156fb3e125ad907fc/element - {"using":"xpath","value":"//table[contains(@id, \"listView-innerSelectionPanelTable-listUl\")]/tbody/tr[13]/td[2]/div"}
RESULT: {"using":"xpath","value":"//table[contains(@id, \"listView-innerSelectionPanelTable-listUl\")]/tbody/tr[13]/td[2]/div"}
COMMAND: POST /session/637de528f4e604e156fb3e125ad907fc/element - {"using":"xpath","value":"//table[contains(@id, \"listView-innerSelectionPanelTable-listUl\")]/tbody/tr[13]/td[3]/div/div/span/span[1]/bdi"}
RESULT: {"using":"xpath","value":"//table[contains(@id, \"listView-innerSelectionPanelTable-listUl\")]/tbody/tr[13]/td[3]/div/div/span/span[1]/bdi"}
COMMAND: POST /session/637de528f4e604e156fb3e125ad907fc/execute/sync - {"script":"<script> [56 bytes]","args":[{"element-6066-11e4-a52e-4f735466cecf":"f.71948811B2353B7E36D356F88F4B3924.d.10BA770F4DB8AB27D1D45FC2B340631F.e.7901","ELEMENT":"f.71948811B2353B7E36D356F88F4B3924.d.10BA770F4DB8AB27D1D45FC2B340631F.e.7901"}]}
RESULT: {"script":"<script> [56 bytes]","args":[{"element-6066-11e4-a52e-4f735466cecf":"f.71948811B2353B7E36D356F88F4B3924.d.10BA770F4DB8AB27D1D45FC2B340631F.e.7901","ELEMENT":"f.71948811B2353B7E36D356F88F4B3924.d.10BA770F4DB8AB27D1D45FC2B340631F.e.7901"}]}
COMMAND: GET /session/637de528f4e604e156fb3e125ad907fc/element/f.71948811B2353B7E36D356F88F4B3924.d.10BA770F4DB8AB27D1D45FC2B340631F.e.7900/attribute/aria-checked - {}
COMMAND: GET /session/637de528f4e604e156fb3e125ad907fc/screenshot - {}
RESULT: {}
COMMAND: POST /session/637de528f4e604e156fb3e125ad907fc/element - {"using":"xpath","value":"//table[contains(@id, \"listView-innerSelectionPanelTable-listUl\")]/tbody/tr[14]/td[2]/div/div"}
RESULT: {}
RESULT: {"using":"xpath","value":"//table[contains(@id, \"listView-innerSelectionPanelTable-listUl\")]/tbody/tr[14]/td[2]/div/div"}
COMMAND: POST /session/637de528f4e604e156fb3e125ad907fc/element - {"using":"xpath","value":"//table[contains(@id, \"listView-innerSelectionPanelTable-listUl\")]/tbody/tr[14]/td[2]/div"}
RESULT: {"using":"xpath","value":"//table[contains(@id, \"listView-innerSelectionPanelTable-listUl\")]/tbody/tr[14]/td[2]/div"}
COMMAND: POST /session/637de528f4e604e156fb3e125ad907fc/element - {"using":"xpath","value":"//table[contains(@id, \"listView-innerSelectionPanelTable-listUl\")]/tbody/tr[14]/td[3]/div/div/span/span[1]/bdi"}
RESULT: {"using":"xpath","value":"//table[contains(@id, \"listView-innerSelectionPanelTable-listUl\")]/tbody/tr[14]/td[3]/div/div/span/span[1]/bdi"}
COMMAND: POST /session/637de528f4e604e156fb3e125ad907fc/execute/sync - {"script":"<script> [56 bytes]","args":[{"element-6066-11e4-a52e-4f735466cecf":"f.71948811B2353B7E36D356F88F4B3924.d.10BA770F4DB8AB27D1D45FC2B340631F.e.7904","ELEMENT":"f.71948811B2353B7E36D356F88F4B3924.d.10BA770F4DB8AB27D1D45FC2B340631F.e.7904"}]}
RESULT: {"script":"<script> [56 bytes]","args":[{"element-6066-11e4-a52e-4f735466cecf":"f.71948811B2353B7E36D356F88F4B3924.d.10BA770F4DB8AB27D1D45FC2B340631F.e.7904","ELEMENT":"f.71948811B2353B7E36D356F88F4B3924.d.10BA770F4DB8AB27D1D45FC2B340631F.e.7904"}]}
COMMAND: GET /session/637de528f4e604e156fb3e125ad907fc/element/f.71948811B2353B7E36D356F88F4B3924.d.10BA770F4DB8AB27D1D45FC2B340631F.e.7903/attribute/aria-checked - {}
COMMAND: GET /session/637de528f4e604e156fb3e125ad907fc/screenshot - {}
RESULT: {}
COMMAND: POST /session/637de528f4e604e156fb3e125ad907fc/element - {"using":"xpath","value":"//table[contains(@id, \"listView-innerSelectionPanelTable-listUl\")]/tbody/tr[15]/td[2]/div/div"}
RESULT: {}
RESULT: {"using":"xpath","value":"//table[contains(@id, \"listView-innerSelectionPanelTable-listUl\")]/tbody/tr[15]/td[2]/div/div"}
COMMAND: POST /session/637de528f4e604e156fb3e125ad907fc/element - {"using":"xpath","value":"//table[contains(@id, \"listView-innerSelectionPanelTable-listUl\")]/tbody/tr[15]/td[2]/div"}
RESULT: {"using":"xpath","value":"//table[contains(@id, \"listView-innerSelectionPanelTable-listUl\")]/tbody/tr[15]/td[2]/div"}
COMMAND: POST /session/637de528f4e604e156fb3e125ad907fc/element - {"using":"xpath","value":"//table[contains(@id, \"listView-innerSelectionPanelTable-listUl\")]/tbody/tr[15]/td[3]/div/div/span/span[1]/bdi"}
RESULT: {"using":"xpath","value":"//table[contains(@id, \"listView-innerSelectionPanelTable-listUl\")]/tbody/tr[15]/td[3]/div/div/span/span[1]/bdi"}
COMMAND: POST /session/637de528f4e604e156fb3e125ad907fc/execute/sync - {"script":"<script> [56 bytes]","args":[{"element-6066-11e4-a52e-4f735466cecf":"f.71948811B2353B7E36D356F88F4B3924.d.10BA770F4DB8AB27D1D45FC2B340631F.e.7907","ELEMENT":"f.71948811B2353B7E36D356F88F4B3924.d.10BA770F4DB8AB27D1D45FC2B340631F.e.7907"}]}
RESULT: {"script":"<script> [56 bytes]","args":[{"element-6066-11e4-a52e-4f735466cecf":"f.71948811B2353B7E36D356F88F4B3924.d.10BA770F4DB8AB27D1D45FC2B340631F.e.7907","ELEMENT":"f.71948811B2353B7E36D356F88F4B3924.d.10BA770F4DB8AB27D1D45FC2B340631F.e.7907"}]}
COMMAND: GET /session/637de528f4e604e156fb3e125ad907fc/element/f.71948811B2353B7E36D356F88F4B3924.d.10BA770F4DB8AB27D1D45FC2B340631F.e.7906/attribute/aria-checked - {}
COMMAND: GET /session/637de528f4e604e156fb3e125ad907fc/screenshot - {}
RESULT: {}
COMMAND: POST /session/637de528f4e604e156fb3e125ad907fc/element - {"using":"xpath","value":"//table[contains(@id, \"listView-innerSelectionPanelTable-listUl\")]/tbody/tr[16]/td[2]/div/div"}
RESULT: {}
RESULT: {"using":"xpath","value":"//table[contains(@id, \"listView-innerSelectionPanelTable-listUl\")]/tbody/tr[16]/td[2]/div/div"}
COMMAND: POST /session/637de528f4e604e156fb3e125ad907fc/element - {"using":"xpath","value":"//table[contains(@id, \"listView-innerSelectionPanelTable-listUl\")]/tbody/tr[16]/td[2]/div"}
RESULT: {"using":"xpath","value":"//table[contains(@id, \"listView-innerSelectionPanelTable-listUl\")]/tbody/tr[16]/td[2]/div"}
COMMAND: POST /session/637de528f4e604e156fb3e125ad907fc/element - {"using":"xpath","value":"//table[contains(@id, \"listView-innerSelectionPanelTable-listUl\")]/tbody/tr[16]/td[3]/div/div/span/span[1]/bdi"}
RESULT: {"using":"xpath","value":"//table[contains(@id, \"listView-innerSelectionPanelTable-listUl\")]/tbody/tr[16]/td[3]/div/div/span/span[1]/bdi"}
COMMAND: POST /session/637de528f4e604e156fb3e125ad907fc/execute/sync - {"script":"<script> [56 bytes]","args":[{"element-6066-11e4-a52e-4f735466cecf":"f.71948811B2353B7E36D356F88F4B3924.d.10BA770F4DB8AB27D1D45FC2B340631F.e.7910","ELEMENT":"f.71948811B2353B7E36D356F88F4B3924.d.10BA770F4DB8AB27D1D45FC2B340631F.e.7910"}]}
RESULT: {"script":"<script> [56 bytes]","args":[{"element-6066-11e4-a52e-4f735466cecf":"f.71948811B2353B7E36D356F88F4B3924.d.10BA770F4DB8AB27D1D45FC2B340631F.e.7910","ELEMENT":"f.71948811B2353B7E36D356F88F4B3924.d.10BA770F4DB8AB27D1D45FC2B340631F.e.7910"}]}
COMMAND: GET /session/637de528f4e604e156fb3e125ad907fc/element/f.71948811B2353B7E36D356F88F4B3924.d.10BA770F4DB8AB27D1D45FC2B340631F.e.7909/attribute/aria-checked - {}
COMMAND: GET /session/637de528f4e604e156fb3e125ad907fc/screenshot - {}
RESULT: {}
COMMAND: POST /session/637de528f4e604e156fb3e125ad907fc/element - {"using":"xpath","value":"//table[contains(@id, \"listView-innerSelectionPanelTable-listUl\")]/tbody/tr[17]/td[2]/div/div"}
RESULT: {}
RESULT: {"using":"xpath","value":"//table[contains(@id, \"listView-innerSelectionPanelTable-listUl\")]/tbody/tr[17]/td[2]/div/div"}
COMMAND: POST /session/637de528f4e604e156fb3e125ad907fc/element - {"using":"xpath","value":"//table[contains(@id, \"listView-innerSelectionPanelTable-listUl\")]/tbody/tr[17]/td[2]/div"}
RESULT: {"using":"xpath","value":"//table[contains(@id, \"listView-innerSelectionPanelTable-listUl\")]/tbody/tr[17]/td[2]/div"}
COMMAND: POST /session/637de528f4e604e156fb3e125ad907fc/element - {"using":"xpath","value":"//table[contains(@id, \"listView-innerSelectionPanelTable-listUl\")]/tbody/tr[17]/td[3]/div/div/span/span[1]/bdi"}
RESULT: {"using":"xpath","value":"//table[contains(@id, \"listView-innerSelectionPanelTable-listUl\")]/tbody/tr[17]/td[3]/div/div/span/span[1]/bdi"}
COMMAND: POST /session/637de528f4e604e156fb3e125ad907fc/execute/sync - {"script":"<script> [56 bytes]","args":[{"element-6066-11e4-a52e-4f735466cecf":"f.71948811B2353B7E36D356F88F4B3924.d.10BA770F4DB8AB27D1D45FC2B340631F.e.7913","ELEMENT":"f.71948811B2353B7E36D356F88F4B3924.d.10BA770F4DB8AB27D1D45FC2B340631F.e.7913"}]}
RESULT: {"script":"<script> [56 bytes]","args":[{"element-6066-11e4-a52e-4f735466cecf":"f.71948811B2353B7E36D356F88F4B3924.d.10BA770F4DB8AB27D1D45FC2B340631F.e.7913","ELEMENT":"f.71948811B2353B7E36D356F88F4B3924.d.10BA770F4DB8AB27D1D45FC2B340631F.e.7913"}]}
COMMAND: GET /session/637de528f4e604e156fb3e125ad907fc/element/f.71948811B2353B7E36D356F88F4B3924.d.10BA770F4DB8AB27D1D45FC2B340631F.e.7912/attribute/aria-checked - {}
COMMAND: GET /session/637de528f4e604e156fb3e125ad907fc/screenshot - {}
RESULT: {}
COMMAND: POST /session/637de528f4e604e156fb3e125ad907fc/element - {"using":"xpath","value":"//table[contains(@id, \"listView-innerSelectionPanelTable-listUl\")]/tbody/tr[18]/td[2]/div/div"}
RESULT: {}
RESULT: {"using":"xpath","value":"//table[contains(@id, \"listView-innerSelectionPanelTable-listUl\")]/tbody/tr[18]/td[2]/div/div"}
COMMAND: POST /session/637de528f4e604e156fb3e125ad907fc/element - {"using":"xpath","value":"//table[contains(@id, \"listView-innerSelectionPanelTable-listUl\")]/tbody/tr[18]/td[2]/div"}
RESULT: {"using":"xpath","value":"//table[contains(@id, \"listView-innerSelectionPanelTable-listUl\")]/tbody/tr[18]/td[2]/div"}
COMMAND: POST /session/637de528f4e604e156fb3e125ad907fc/element - {"using":"xpath","value":"//table[contains(@id, \"listView-innerSelectionPanelTable-listUl\")]/tbody/tr[18]/td[3]/div/div/span/span[1]/bdi"}
RESULT: {"using":"xpath","value":"//table[contains(@id, \"listView-innerSelectionPanelTable-listUl\")]/tbody/tr[18]/td[3]/div/div/span/span[1]/bdi"}
COMMAND: POST /session/637de528f4e604e156fb3e125ad907fc/execute/sync - {"script":"<script> [56 bytes]","args":[{"element-6066-11e4-a52e-4f735466cecf":"f.71948811B2353B7E36D356F88F4B3924.d.10BA770F4DB8AB27D1D45FC2B340631F.e.7916","ELEMENT":"f.71948811B2353B7E36D356F88F4B3924.d.10BA770F4DB8AB27D1D45FC2B340631F.e.7916"}]}
RESULT: {"script":"<script> [56 bytes]","args":[{"element-6066-11e4-a52e-4f735466cecf":"f.71948811B2353B7E36D356F88F4B3924.d.10BA770F4DB8AB27D1D45FC2B340631F.e.7916","ELEMENT":"f.71948811B2353B7E36D356F88F4B3924.d.10BA770F4DB8AB27D1D45FC2B340631F.e.7916"}]}
COMMAND: GET /session/637de528f4e604e156fb3e125ad907fc/element/f.71948811B2353B7E36D356F88F4B3924.d.10BA770F4DB8AB27D1D45FC2B340631F.e.7915/attribute/aria-checked - {}
COMMAND: GET /session/637de528f4e604e156fb3e125ad907fc/screenshot - {}
RESULT: {}
COMMAND: POST /session/637de528f4e604e156fb3e125ad907fc/element - {"using":"xpath","value":"//table[contains(@id, \"listView-innerSelectionPanelTable-listUl\")]/tbody/tr[19]/td[2]/div/div"}
RESULT: {}
RESULT: {"using":"xpath","value":"//table[contains(@id, \"listView-innerSelectionPanelTable-listUl\")]/tbody/tr[19]/td[2]/div/div"}
COMMAND: POST /session/637de528f4e604e156fb3e125ad907fc/element - {"using":"xpath","value":"//table[contains(@id, \"listView-innerSelectionPanelTable-listUl\")]/tbody/tr[19]/td[2]/div"}
RESULT: {"using":"xpath","value":"//table[contains(@id, \"listView-innerSelectionPanelTable-listUl\")]/tbody/tr[19]/td[2]/div"}
COMMAND: POST /session/637de528f4e604e156fb3e125ad907fc/element - {"using":"xpath","value":"//table[contains(@id, \"listView-innerSelectionPanelTable-listUl\")]/tbody/tr[19]/td[3]/div/div/span/span[1]/bdi"}
RESULT: {"using":"xpath","value":"//table[contains(@id, \"listView-innerSelectionPanelTable-listUl\")]/tbody/tr[19]/td[3]/div/div/span/span[1]/bdi"}
COMMAND: POST /session/637de528f4e604e156fb3e125ad907fc/execute/sync - {"script":"<script> [56 bytes]","args":[{"element-6066-11e4-a52e-4f735466cecf":"f.71948811B2353B7E36D356F88F4B3924.d.10BA770F4DB8AB27D1D45FC2B340631F.e.7919","ELEMENT":"f.71948811B2353B7E36D356F88F4B3924.d.10BA770F4DB8AB27D1D45FC2B340631F.e.7919"}]}
RESULT: {"script":"<script> [56 bytes]","args":[{"element-6066-11e4-a52e-4f735466cecf":"f.71948811B2353B7E36D356F88F4B3924.d.10BA770F4DB8AB27D1D45FC2B340631F.e.7919","ELEMENT":"f.71948811B2353B7E36D356F88F4B3924.d.10BA770F4DB8AB27D1D45FC2B340631F.e.7919"}]}
COMMAND: GET /session/637de528f4e604e156fb3e125ad907fc/element/f.71948811B2353B7E36D356F88F4B3924.d.10BA770F4DB8AB27D1D45FC2B340631F.e.7918/attribute/aria-checked - {}
COMMAND: GET /session/637de528f4e604e156fb3e125ad907fc/screenshot - {}
RESULT: {}
COMMAND: POST /session/637de528f4e604e156fb3e125ad907fc/element - {"using":"xpath","value":"//table[contains(@id, \"listView-innerSelectionPanelTable-listUl\")]/tbody/tr[20]/td[2]/div/div"}
RESULT: {}
RESULT: {"using":"xpath","value":"//table[contains(@id, \"listView-innerSelectionPanelTable-listUl\")]/tbody/tr[20]/td[2]/div/div"}
COMMAND: POST /session/637de528f4e604e156fb3e125ad907fc/element - {"using":"xpath","value":"//table[contains(@id, \"listView-innerSelectionPanelTable-listUl\")]/tbody/tr[20]/td[2]/div"}
RESULT: {"using":"xpath","value":"//table[contains(@id, \"listView-innerSelectionPanelTable-listUl\")]/tbody/tr[20]/td[2]/div"}
COMMAND: POST /session/637de528f4e604e156fb3e125ad907fc/element - {"using":"xpath","value":"//table[contains(@id, \"listView-innerSelectionPanelTable-listUl\")]/tbody/tr[20]/td[3]/div/div/span/span[1]/bdi"}
RESULT: {"using":"xpath","value":"//table[contains(@id, \"listView-innerSelectionPanelTable-listUl\")]/tbody/tr[20]/td[3]/div/div/span/span[1]/bdi"}
COMMAND: POST /session/637de528f4e604e156fb3e125ad907fc/execute/sync - {"script":"<script> [56 bytes]","args":[{"element-6066-11e4-a52e-4f735466cecf":"f.71948811B2353B7E36D356F88F4B3924.d.10BA770F4DB8AB27D1D45FC2B340631F.e.7922","ELEMENT":"f.71948811B2353B7E36D356F88F4B3924.d.10BA770F4DB8AB27D1D45FC2B340631F.e.7922"}]}
RESULT: {"script":"<script> [56 bytes]","args":[{"element-6066-11e4-a52e-4f735466cecf":"f.71948811B2353B7E36D356F88F4B3924.d.10BA770F4DB8AB27D1D45FC2B340631F.e.7922","ELEMENT":"f.71948811B2353B7E36D356F88F4B3924.d.10BA770F4DB8AB27D1D45FC2B340631F.e.7922"}]}
COMMAND: GET /session/637de528f4e604e156fb3e125ad907fc/element/f.71948811B2353B7E36D356F88F4B3924.d.10BA770F4DB8AB27D1D45FC2B340631F.e.7921/attribute/aria-checked - {}
COMMAND: GET /session/637de528f4e604e156fb3e125ad907fc/screenshot - {}
RESULT: {}
COMMAND: POST /session/637de528f4e604e156fb3e125ad907fc/element - {"using":"xpath","value":"//table[contains(@id, \"listView-innerSelectionPanelTable-listUl\")]/tbody/tr[21]/td[2]/div/div"}
COMMAND: POST /session/637de528f4e604e156fb3e125ad907fc/element/f.71948811B2353B7E36D356F88F4B3924.d.10BA770F4DB8AB27D1D45FC2B340631F.e.7920/click - {}
RESULT: {}
RESULT: {}
COMMAND: GET /session/637de528f4e604e156fb3e125ad907fc/screenshot - {}
RESULT: {"using":"xpath","value":"//table[contains(@id, \"listView-innerSelectionPanelTable-listUl\")]/tbody/tr[21]/td[2]/div/div"}
COMMAND: POST /session/637de528f4e604e156fb3e125ad907fc/element - {"using":"xpath","value":"//table[contains(@id, \"listView-innerSelectionPanelTable-listUl\")]/tbody/tr[21]/td[2]/div"}
RESULT: {}
RESULT: {"using":"xpath","value":"//table[contains(@id, \"listView-innerSelectionPanelTable-listUl\")]/tbody/tr[21]/td[2]/div"}
COMMAND: POST /session/637de528f4e604e156fb3e125ad907fc/element - {"using":"xpath","value":"//table[contains(@id, \"listView-innerSelectionPanelTable-listUl\")]/tbody/tr[21]/td[3]/div/div/span/span[1]/bdi"}
RESULT: {"using":"xpath","value":"//table[contains(@id, \"listView-innerSelectionPanelTable-listUl\")]/tbody/tr[21]/td[3]/div/div/span/span[1]/bdi"}
COMMAND: POST /session/637de528f4e604e156fb3e125ad907fc/execute/sync - {"script":"<script> [56 bytes]","args":[{"element-6066-11e4-a52e-4f735466cecf":"f.71948811B2353B7E36D356F88F4B3924.d.10BA770F4DB8AB27D1D45FC2B340631F.e.7928","ELEMENT":"f.71948811B2353B7E36D356F88F4B3924.d.10BA770F4DB8AB27D1D45FC2B340631F.e.7928"}]}
RESULT: {"script":"<script> [56 bytes]","args":[{"element-6066-11e4-a52e-4f735466cecf":"f.71948811B2353B7E36D356F88F4B3924.d.10BA770F4DB8AB27D1D45FC2B340631F.e.7928","ELEMENT":"f.71948811B2353B7E36D356F88F4B3924.d.10BA770F4DB8AB27D1D45FC2B340631F.e.7928"}]}
COMMAND: GET /session/637de528f4e604e156fb3e125ad907fc/element/f.71948811B2353B7E36D356F88F4B3924.d.10BA770F4DB8AB27D1D45FC2B340631F.e.7927/attribute/aria-checked - {}
COMMAND: GET /session/637de528f4e604e156fb3e125ad907fc/screenshot - {}
RESULT: {}
COMMAND: POST /session/637de528f4e604e156fb3e125ad907fc/element - {"using":"xpath","value":"//table[contains(@id, \"listView-innerSelectionPanelTable-listUl\")]/tbody/tr[22]/td[2]/div/div"}
COMMAND: POST /session/637de528f4e604e156fb3e125ad907fc/element/f.71948811B2353B7E36D356F88F4B3924.d.10BA770F4DB8AB27D1D45FC2B340631F.e.7926/click - {}
RESULT: {}
RESULT: {}
COMMAND: GET /session/637de528f4e604e156fb3e125ad907fc/screenshot - {}
RESULT: {"using":"xpath","value":"//table[contains(@id, \"listView-innerSelectionPanelTable-listUl\")]/tbody/tr[22]/td[2]/div/div"}
COMMAND: POST /session/637de528f4e604e156fb3e125ad907fc/element - {"using":"xpath","value":"//table[contains(@id, \"listView-innerSelectionPanelTable-listUl\")]/tbody/tr[22]/td[2]/div"}
RESULT: {}
RESULT: {"using":"xpath","value":"//table[contains(@id, \"listView-innerSelectionPanelTable-listUl\")]/tbody/tr[22]/td[2]/div"}
COMMAND: POST /session/637de528f4e604e156fb3e125ad907fc/element - {"using":"xpath","value":"//table[contains(@id, \"listView-innerSelectionPanelTable-listUl\")]/tbody/tr[22]/td[3]/div/div/span/span[1]/bdi"}
RESULT: {"using":"xpath","value":"//table[contains(@id, \"listView-innerSelectionPanelTable-listUl\")]/tbody/tr[22]/td[3]/div/div/span/span[1]/bdi"}
COMMAND: POST /session/637de528f4e604e156fb3e125ad907fc/execute/sync - {"script":"<script> [56 bytes]","args":[{"element-6066-11e4-a52e-4f735466cecf":"f.71948811B2353B7E36D356F88F4B3924.d.10BA770F4DB8AB27D1D45FC2B340631F.e.7932","ELEMENT":"f.71948811B2353B7E36D356F88F4B3924.d.10BA770F4DB8AB27D1D45FC2B340631F.e.7932"}]}
RESULT: {"script":"<script> [56 bytes]","args":[{"element-6066-11e4-a52e-4f735466cecf":"f.71948811B2353B7E36D356F88F4B3924.d.10BA770F4DB8AB27D1D45FC2B340631F.e.7932","ELEMENT":"f.71948811B2353B7E36D356F88F4B3924.d.10BA770F4DB8AB27D1D45FC2B340631F.e.7932"}]}
COMMAND: GET /session/637de528f4e604e156fb3e125ad907fc/element/f.71948811B2353B7E36D356F88F4B3924.d.10BA770F4DB8AB27D1D45FC2B340631F.e.7931/attribute/aria-checked - {}
COMMAND: GET /session/637de528f4e604e156fb3e125ad907fc/screenshot - {}
RESULT: {}
COMMAND: POST /session/637de528f4e604e156fb3e125ad907fc/element - {"using":"xpath","value":"//table[contains(@id, \"listView-innerSelectionPanelTable-listUl\")]/tbody/tr[23]/td[2]/div/div"}
RESULT: {}
RESULT: {"using":"xpath","value":"//table[contains(@id, \"listView-innerSelectionPanelTable-listUl\")]/tbody/tr[23]/td[2]/div/div"}
COMMAND: POST /session/637de528f4e604e156fb3e125ad907fc/element - {"using":"xpath","value":"//table[contains(@id, \"listView-innerSelectionPanelTable-listUl\")]/tbody/tr[23]/td[2]/div"}
RESULT: {"using":"xpath","value":"//table[contains(@id, \"listView-innerSelectionPanelTable-listUl\")]/tbody/tr[23]/td[2]/div"}
COMMAND: POST /session/637de528f4e604e156fb3e125ad907fc/element - {"using":"xpath","value":"//table[contains(@id, \"listView-innerSelectionPanelTable-listUl\")]/tbody/tr[23]/td[3]/div/div/span/span[1]/bdi"}
RESULT: {"using":"xpath","value":"//table[contains(@id, \"listView-innerSelectionPanelTable-listUl\")]/tbody/tr[23]/td[3]/div/div/span/span[1]/bdi"}
COMMAND: POST /session/637de528f4e604e156fb3e125ad907fc/execute/sync - {"script":"<script> [56 bytes]","args":[{"element-6066-11e4-a52e-4f735466cecf":"f.71948811B2353B7E36D356F88F4B3924.d.10BA770F4DB8AB27D1D45FC2B340631F.e.7935","ELEMENT":"f.71948811B2353B7E36D356F88F4B3924.d.10BA770F4DB8AB27D1D45FC2B340631F.e.7935"}]}
RESULT: {"script":"<script> [56 bytes]","args":[{"element-6066-11e4-a52e-4f735466cecf":"f.71948811B2353B7E36D356F88F4B3924.d.10BA770F4DB8AB27D1D45FC2B340631F.e.7935","ELEMENT":"f.71948811B2353B7E36D356F88F4B3924.d.10BA770F4DB8AB27D1D45FC2B340631F.e.7935"}]}
COMMAND: GET /session/637de528f4e604e156fb3e125ad907fc/element/f.71948811B2353B7E36D356F88F4B3924.d.10BA770F4DB8AB27D1D45FC2B340631F.e.7934/attribute/aria-checked - {}
COMMAND: GET /session/637de528f4e604e156fb3e125ad907fc/screenshot - {}
RESULT: {}
COMMAND: POST /session/637de528f4e604e156fb3e125ad907fc/element - {"using":"xpath","value":"//table[contains(@id, \"listView-innerSelectionPanelTable-listUl\")]/tbody/tr[24]/td[2]/div/div"}
RESULT: {}
RESULT: {"using":"xpath","value":"//table[contains(@id, \"listView-innerSelectionPanelTable-listUl\")]/tbody/tr[24]/td[2]/div/div"}
COMMAND: POST /session/637de528f4e604e156fb3e125ad907fc/element - {"using":"xpath","value":"//table[contains(@id, \"listView-innerSelectionPanelTable-listUl\")]/tbody/tr[24]/td[2]/div"}
RESULT: {"using":"xpath","value":"//table[contains(@id, \"listView-innerSelectionPanelTable-listUl\")]/tbody/tr[24]/td[2]/div"}
COMMAND: POST /session/637de528f4e604e156fb3e125ad907fc/element - {"using":"xpath","value":"//table[contains(@id, \"listView-innerSelectionPanelTable-listUl\")]/tbody/tr[24]/td[3]/div/div/span/span[1]/bdi"}
RESULT: {"using":"xpath","value":"//table[contains(@id, \"listView-innerSelectionPanelTable-listUl\")]/tbody/tr[24]/td[3]/div/div/span/span[1]/bdi"}
COMMAND: POST /session/637de528f4e604e156fb3e125ad907fc/execute/sync - {"script":"<script> [56 bytes]","args":[{"element-6066-11e4-a52e-4f735466cecf":"f.71948811B2353B7E36D356F88F4B3924.d.10BA770F4DB8AB27D1D45FC2B340631F.e.7938","ELEMENT":"f.71948811B2353B7E36D356F88F4B3924.d.10BA770F4DB8AB27D1D45FC2B340631F.e.7938"}]}
RESULT: {"script":"<script> [56 bytes]","args":[{"element-6066-11e4-a52e-4f735466cecf":"f.71948811B2353B7E36D356F88F4B3924.d.10BA770F4DB8AB27D1D45FC2B340631F.e.7938","ELEMENT":"f.71948811B2353B7E36D356F88F4B3924.d.10BA770F4DB8AB27D1D45FC2B340631F.e.7938"}]}
COMMAND: GET /session/637de528f4e604e156fb3e125ad907fc/element/f.71948811B2353B7E36D356F88F4B3924.d.10BA770F4DB8AB27D1D45FC2B340631F.e.7937/attribute/aria-checked - {}
COMMAND: GET /session/637de528f4e604e156fb3e125ad907fc/screenshot - {}
RESULT: {}
COMMAND: POST /session/637de528f4e604e156fb3e125ad907fc/element - {"using":"xpath","value":"//table[contains(@id, \"listView-innerSelectionPanelTable-listUl\")]/tbody/tr[25]/td[2]/div/div"}
RESULT: {}
RESULT: {"using":"xpath","value":"//table[contains(@id, \"listView-innerSelectionPanelTable-listUl\")]/tbody/tr[25]/td[2]/div/div"}
COMMAND: POST /session/637de528f4e604e156fb3e125ad907fc/element - {"using":"xpath","value":"//table[contains(@id, \"listView-innerSelectionPanelTable-listUl\")]/tbody/tr[25]/td[2]/div"}
RESULT: {"using":"xpath","value":"//table[contains(@id, \"listView-innerSelectionPanelTable-listUl\")]/tbody/tr[25]/td[2]/div"}
COMMAND: POST /session/637de528f4e604e156fb3e125ad907fc/element - {"using":"xpath","value":"//table[contains(@id, \"listView-innerSelectionPanelTable-listUl\")]/tbody/tr[25]/td[3]/div/div/span/span[1]/bdi"}
RESULT: {"using":"xpath","value":"//table[contains(@id, \"listView-innerSelectionPanelTable-listUl\")]/tbody/tr[25]/td[3]/div/div/span/span[1]/bdi"}
COMMAND: POST /session/637de528f4e604e156fb3e125ad907fc/execute/sync - {"script":"<script> [56 bytes]","args":[{"element-6066-11e4-a52e-4f735466cecf":"f.71948811B2353B7E36D356F88F4B3924.d.10BA770F4DB8AB27D1D45FC2B340631F.e.7941","ELEMENT":"f.71948811B2353B7E36D356F88F4B3924.d.10BA770F4DB8AB27D1D45FC2B340631F.e.7941"}]}
RESULT: {"script":"<script> [56 bytes]","args":[{"element-6066-11e4-a52e-4f735466cecf":"f.71948811B2353B7E36D356F88F4B3924.d.10BA770F4DB8AB27D1D45FC2B340631F.e.7941","ELEMENT":"f.71948811B2353B7E36D356F88F4B3924.d.10BA770F4DB8AB27D1D45FC2B340631F.e.7941"}]}
COMMAND: GET /session/637de528f4e604e156fb3e125ad907fc/element/f.71948811B2353B7E36D356F88F4B3924.d.10BA770F4DB8AB27D1D45FC2B340631F.e.7940/attribute/aria-checked - {}
COMMAND: GET /session/637de528f4e604e156fb3e125ad907fc/screenshot - {}
RESULT: {}
COMMAND: POST /session/637de528f4e604e156fb3e125ad907fc/element - {"using":"xpath","value":"//bdi[contains(text(), \"OK\")]"}
RESULT: {}
RESULT: {"using":"xpath","value":"//bdi[contains(text(), \"OK\")]"}
COMMAND: POST /session/637de528f4e604e156fb3e125ad907fc/element/f.71948811B2353B7E36D356F88F4B3924.d.10BA770F4DB8AB27D1D45FC2B340631F.e.7942/click - {}
RESULT: {}
COMMAND: GET /session/637de528f4e604e156fb3e125ad907fc/screenshot - {}
RESULT: {}
COMMAND: POST /session/637de528f4e604e156fb3e125ad907fc/execute/async - {"script":"<script> [1562 bytes]","args":[{"selector":{"id":"application-managepartners-display-component---masterPtm--smartFilterBar-filterItemControlA_-LINK_TO_ADDRESSES_MAIN.ID-vhi"},"wdio_ui5_key":"applicationmanagepartners-display-component---masterPtm--smartFilterBar-filterItemControlA_-LINK_TO_ADDRESSES_MAIN.ID-vhi"}]}
RESULT: {"script":"<script> [1562 bytes]","args":[{"selector":{"id":"application-managepartners-display-component---masterPtm--smartFilterBar-filterItemControlA_-LINK_TO_ADDRESSES_MAIN.ID-vhi"},"wdio_ui5_key":"applicationmanagepartners-display-component---masterPtm--smartFilterBar-filterItemControlA_-LINK_TO_ADDRESSES_MAIN.ID-vhi"}]}
RESULT: undefined
COMMAND: POST /session/637de528f4e604e156fb3e125ad907fc/element - {"using":"xpath","value":"//*[@id=\"application-managepartners-display-component---masterPtm--smartFilterBar-filterItemControlA_-LINK_TO_ADDRESSES_MAIN.ID-vhi\"]"}
RESULT: {"using":"xpath","value":"//*[@id=\"application-managepartners-display-component---masterPtm--smartFilterBar-filterItemControlA_-LINK_TO_ADDRESSES_MAIN.ID-vhi\"]"}
COMMAND: POST /session/637de528f4e604e156fb3e125ad907fc/element/f.71948811B2353B7E36D356F88F4B3924.d.10BA770F4DB8AB27D1D45FC2B340631F.e.7955/click - {}
RESULT: {}
COMMAND: GET /session/637de528f4e604e156fb3e125ad907fc/screenshot - {}
RESULT: {}
COMMAND: POST /session/637de528f4e604e156fb3e125ad907fc/element - {"using":"xpath","value":"//div[input[@value=\"contains\"]]//span[contains(@id, \"arrow\")]"}
RESULT: {"using":"xpath","value":"//div[input[@value=\"contains\"]]//span[contains(@id, \"arrow\")]"}
COMMAND: POST /session/637de528f4e604e156fb3e125ad907fc/element/f.71948811B2353B7E36D356F88F4B3924.d.10BA770F4DB8AB27D1D45FC2B340631F.e.7960/click - {}
RESULT: {}
COMMAND: GET /session/637de528f4e604e156fb3e125ad907fc/screenshot - {}
RESULT: {}
COMMAND: POST /session/637de528f4e604e156fb3e125ad907fc/element - {"using":"xpath","value":"//li[.//span[text()='equal to']]"}
RESULT: {"using":"xpath","value":"//li[.//span[text()='equal to']]"}
COMMAND: POST /session/637de528f4e604e156fb3e125ad907fc/element/f.71948811B2353B7E36D356F88F4B3924.d.10BA770F4DB8AB27D1D45FC2B340631F.e.7961/click - {}
RESULT: {}
COMMAND: GET /session/637de528f4e604e156fb3e125ad907fc/screenshot - {}
RESULT: {}
RESULT: undefined
COMMAND: POST /session/637de528f4e604e156fb3e125ad907fc/execute/async - {"script":"<script> [776 bytes]","args":[{"enterText":"1006","selector":{"controlType":"sap.m.Input","viewName":"etm.portal.ui.managepartners.view.Master","viewId":"application-managepartners-display-component---masterPtm","properties":{"valueState":"None"},"searchOpenDialogs":true,"interaction":{"idSuffix":"inner"}},"clearTextFirst":true,"interactionType":"ENTER_TEXT"}]}
RESULT: {"script":"<script> [776 bytes]","args":[{"enterText":"1006","selector":{"controlType":"sap.m.Input","viewName":"etm.portal.ui.managepartners.view.Master","viewId":"application-managepartners-display-component---masterPtm","properties":{"valueState":"None"},"searchOpenDialogs":true,"interaction":{"idSuffix":"inner"}},"clearTextFirst":true,"interactionType":"ENTER_TEXT"}]}
COMMAND: POST /session/637de528f4e604e156fb3e125ad907fc/actions - {"actions":[{"id":"action22","type":"key","parameters":{},"actions":[{"type":"keyDown","value":""},{"type":"pause","duration":10},{"type":"keyUp","value":""}]}]}
RESULT: {"actions":[{"id":"action22","type":"key","parameters":{},"actions":[{"type":"keyDown","value":""},{"type":"pause","duration":10},{"type":"keyUp","value":""}]}]}
COMMAND: GET /session/637de528f4e604e156fb3e125ad907fc/screenshot - {}
RESULT: {}
COMMAND: POST /session/637de528f4e604e156fb3e125ad907fc/element - {"using":"xpath","value":"(//bdi[contains(text(), \"OK\")])[1]"}
RESULT: {"using":"xpath","value":"(//bdi[contains(text(), \"OK\")])[1]"}
COMMAND: POST /session/637de528f4e604e156fb3e125ad907fc/element/f.71948811B2353B7E36D356F88F4B3924.d.10BA770F4DB8AB27D1D45FC2B340631F.e.7962/click - {}
RESULT: {}
COMMAND: GET /session/637de528f4e604e156fb3e125ad907fc/screenshot - {}
RESULT: {}
COMMAND: POST /session/637de528f4e604e156fb3e125ad907fc/element - {"using":"xpath","value":"//span[@id=\"application-managepartners-display-component---masterPtm--smartTable-header-inner\"]"}
RESULT: {"using":"xpath","value":"//span[@id=\"application-managepartners-display-component---masterPtm--smartTable-header-inner\"]"}
COMMAND: POST /session/637de528f4e604e156fb3e125ad907fc/elements - {"using":"xpath","value":"//span[@id=\"application-managepartners-display-component---masterPtm--smartTable-header-inner\"]"}
RESULT: {"using":"xpath","value":"//span[@id=\"application-managepartners-display-component---masterPtm--smartTable-header-inner\"]"}
COMMAND: POST /session/637de528f4e604e156fb3e125ad907fc/execute/sync - {"script":"<script> [56 bytes]","args":[{"element-6066-11e4-a52e-4f735466cecf":"f.71948811B2353B7E36D356F88F4B3924.d.10BA770F4DB8AB27D1D45FC2B340631F.e.7800","ELEMENT":"f.71948811B2353B7E36D356F88F4B3924.d.10BA770F4DB8AB27D1D45FC2B340631F.e.7800"}]}
RESULT: {"script":"<script> [56 bytes]","args":[{"element-6066-11e4-a52e-4f735466cecf":"f.71948811B2353B7E36D356F88F4B3924.d.10BA770F4DB8AB27D1D45FC2B340631F.e.7800","ELEMENT":"f.71948811B2353B7E36D356F88F4B3924.d.10BA770F4DB8AB27D1D45FC2B340631F.e.7800"}]}
COMMAND: POST /session/637de528f4e604e156fb3e125ad907fc/element - {"using":"xpath","value":"//span[contains(@title, \"Remove\")]"}
COMMAND: GET /session/637de528f4e604e156fb3e125ad907fc/screenshot - {}
RESULT: {"using":"xpath","value":"//span[contains(@title, \"Remove\")]"}
COMMAND: POST /session/637de528f4e604e156fb3e125ad907fc/element/f.71948811B2353B7E36D356F88F4B3924.d.10BA770F4DB8AB27D1D45FC2B340631F.e.7966/click - {}
RESULT: {}
RESULT: {}
COMMAND: GET /session/637de528f4e604e156fb3e125ad907fc/screenshot - {}
RESULT: {}
RESULT: undefined
COMMAND: POST /session/637de528f4e604e156fb3e125ad907fc/element - {"using":"xpath","value":"//*[@id=\"application-managepartners-display-component---masterPtm--smartFilterBar-filterItemControl_BASIC-YARD-vhi\"]"}
RESULT: {"using":"xpath","value":"//*[@id=\"application-managepartners-display-component---masterPtm--smartFilterBar-filterItemControl_BASIC-YARD-vhi\"]"}
COMMAND: POST /session/637de528f4e604e156fb3e125ad907fc/element/f.71948811B2353B7E36D356F88F4B3924.d.10BA770F4DB8AB27D1D45FC2B340631F.e.8075/click - {}
RESULT: {}
COMMAND: GET /session/637de528f4e604e156fb3e125ad907fc/screenshot - {}
RESULT: {}
RESULT: undefined
COMMAND: POST /session/637de528f4e604e156fb3e125ad907fc/execute/async - {"script":"<script> [776 bytes]","args":[{"enterText":"Test","selector":{"id":"application-managepartners-display-component---masterPtm--smartFilterBar-filterItemControl_BASIC-YARD-valueHelpDialog-smartFilterBar-btnBasicSearch","searchOpenDialogs":true,"interaction":{"idSuffix":"I"}},"clearTextFirst":true,"interactionType":"ENTER_TEXT"}]}
RESULT: {"script":"<script> [776 bytes]","args":[{"enterText":"Test","selector":{"id":"application-managepartners-display-component---masterPtm--smartFilterBar-filterItemControl_BASIC-YARD-valueHelpDialog-smartFilterBar-btnBasicSearch","searchOpenDialogs":true,"interaction":{"idSuffix":"I"}},"clearTextFirst":true,"interactionType":"ENTER_TEXT"}]}
COMMAND: POST /session/637de528f4e604e156fb3e125ad907fc/actions - {"actions":[{"id":"action23","type":"key","parameters":{},"actions":[{"type":"keyDown","value":""},{"type":"pause","duration":10},{"type":"keyUp","value":""}]}]}
RESULT: {"actions":[{"id":"action23","type":"key","parameters":{},"actions":[{"type":"keyDown","value":""},{"type":"pause","duration":10},{"type":"keyUp","value":""}]}]}
COMMAND: POST /session/637de528f4e604e156fb3e125ad907fc/elements - {"using":"xpath","value":"//table[contains(@id, \"smartFilterBar-filterItemControl_BASIC-YARD-valueHelpDialog-table-table\")]/tbody/tr"}
COMMAND: GET /session/637de528f4e604e156fb3e125ad907fc/screenshot - {}
RESULT: {"using":"xpath","value":"//table[contains(@id, \"smartFilterBar-filterItemControl_BASIC-YARD-valueHelpDialog-table-table\")]/tbody/tr"}
COMMAND: POST /session/637de528f4e604e156fb3e125ad907fc/element - {"using":"xpath","value":"//table[contains(@id, \"smartFilterBar-filterItemControl_BASIC-YARD-valueHelpDialog-table-table\")]/tbody/tr[1]/td[1]/div/span"}
RESULT: {}
RESULT: {"using":"xpath","value":"//table[contains(@id, \"smartFilterBar-filterItemControl_BASIC-YARD-valueHelpDialog-table-table\")]/tbody/tr[1]/td[1]/div/span"}
COMMAND: POST /session/637de528f4e604e156fb3e125ad907fc/elements - {"using":"xpath","value":"//table[contains(@id, \"smartFilterBar-filterItemControl_BASIC-YARD-valueHelpDialog-table-table\")]/tbody/tr[1]/td[1]/div/span"}
RESULT: {"using":"xpath","value":"//table[contains(@id, \"smartFilterBar-filterItemControl_BASIC-YARD-valueHelpDialog-table-table\")]/tbody/tr[1]/td[1]/div/span"}
COMMAND: POST /session/637de528f4e604e156fb3e125ad907fc/execute/sync - {"script":"<script> [56 bytes]","args":[{"element-6066-11e4-a52e-4f735466cecf":"f.71948811B2353B7E36D356F88F4B3924.d.10BA770F4DB8AB27D1D45FC2B340631F.e.8093","ELEMENT":"f.71948811B2353B7E36D356F88F4B3924.d.10BA770F4DB8AB27D1D45FC2B340631F.e.8093"}]}
RESULT: {"script":"<script> [56 bytes]","args":[{"element-6066-11e4-a52e-4f735466cecf":"f.71948811B2353B7E36D356F88F4B3924.d.10BA770F4DB8AB27D1D45FC2B340631F.e.8093","ELEMENT":"f.71948811B2353B7E36D356F88F4B3924.d.10BA770F4DB8AB27D1D45FC2B340631F.e.8093"}]}
COMMAND: POST /session/637de528f4e604e156fb3e125ad907fc/element - {"using":"xpath","value":"//table[contains(@id, \"smartFilterBar-filterItemControl_BASIC-YARD-valueHelpDialog-table-table\")]/tbody/tr[2]/td[1]/div/span"}
COMMAND: GET /session/637de528f4e604e156fb3e125ad907fc/screenshot - {}
RESULT: {"using":"xpath","value":"//table[contains(@id, \"smartFilterBar-filterItemControl_BASIC-YARD-valueHelpDialog-table-table\")]/tbody/tr[2]/td[1]/div/span"}
COMMAND: POST /session/637de528f4e604e156fb3e125ad907fc/elements - {"using":"xpath","value":"//table[contains(@id, \"smartFilterBar-filterItemControl_BASIC-YARD-valueHelpDialog-table-table\")]/tbody/tr[2]/td[1]/div/span"}
RESULT: {}
RESULT: {"using":"xpath","value":"//table[contains(@id, \"smartFilterBar-filterItemControl_BASIC-YARD-valueHelpDialog-table-table\")]/tbody/tr[2]/td[1]/div/span"}
COMMAND: POST /session/637de528f4e604e156fb3e125ad907fc/execute/sync - {"script":"<script> [56 bytes]","args":[{"element-6066-11e4-a52e-4f735466cecf":"f.71948811B2353B7E36D356F88F4B3924.d.10BA770F4DB8AB27D1D45FC2B340631F.e.8094","ELEMENT":"f.71948811B2353B7E36D356F88F4B3924.d.10BA770F4DB8AB27D1D45FC2B340631F.e.8094"}]}
RESULT: {"script":"<script> [56 bytes]","args":[{"element-6066-11e4-a52e-4f735466cecf":"f.71948811B2353B7E36D356F88F4B3924.d.10BA770F4DB8AB27D1D45FC2B340631F.e.8094","ELEMENT":"f.71948811B2353B7E36D356F88F4B3924.d.10BA770F4DB8AB27D1D45FC2B340631F.e.8094"}]}
COMMAND: POST /session/637de528f4e604e156fb3e125ad907fc/element - {"using":"xpath","value":"//table[contains(@id, \"smartFilterBar-filterItemControl_BASIC-YARD-valueHelpDialog-table-table\")]/tbody/tr[3]/td[1]/div/span"}
COMMAND: GET /session/637de528f4e604e156fb3e125ad907fc/screenshot - {}
RESULT: {"using":"xpath","value":"//table[contains(@id, \"smartFilterBar-filterItemControl_BASIC-YARD-valueHelpDialog-table-table\")]/tbody/tr[3]/td[1]/div/span"}
COMMAND: POST /session/637de528f4e604e156fb3e125ad907fc/elements - {"using":"xpath","value":"//table[contains(@id, \"smartFilterBar-filterItemControl_BASIC-YARD-valueHelpDialog-table-table\")]/tbody/tr[3]/td[1]/div/span"}
RESULT: {}
RESULT: {"using":"xpath","value":"//table[contains(@id, \"smartFilterBar-filterItemControl_BASIC-YARD-valueHelpDialog-table-table\")]/tbody/tr[3]/td[1]/div/span"}
COMMAND: POST /session/637de528f4e604e156fb3e125ad907fc/execute/sync - {"script":"<script> [56 bytes]","args":[{"element-6066-11e4-a52e-4f735466cecf":"f.71948811B2353B7E36D356F88F4B3924.d.10BA770F4DB8AB27D1D45FC2B340631F.e.8095","ELEMENT":"f.71948811B2353B7E36D356F88F4B3924.d.10BA770F4DB8AB27D1D45FC2B340631F.e.8095"}]}
RESULT: {"script":"<script> [56 bytes]","args":[{"element-6066-11e4-a52e-4f735466cecf":"f.71948811B2353B7E36D356F88F4B3924.d.10BA770F4DB8AB27D1D45FC2B340631F.e.8095","ELEMENT":"f.71948811B2353B7E36D356F88F4B3924.d.10BA770F4DB8AB27D1D45FC2B340631F.e.8095"}]}
COMMAND: POST /session/637de528f4e604e156fb3e125ad907fc/element - {"using":"xpath","value":"//div[contains(@id, \"filterItemControl_BASIC-YARD-valueHelpDialog-table-rowsel2\")]"}
COMMAND: GET /session/637de528f4e604e156fb3e125ad907fc/screenshot - {}
RESULT: {"using":"xpath","value":"//div[contains(@id, \"filterItemControl_BASIC-YARD-valueHelpDialog-table-rowsel2\")]"}
COMMAND: POST /session/637de528f4e604e156fb3e125ad907fc/element/f.71948811B2353B7E36D356F88F4B3924.d.10BA770F4DB8AB27D1D45FC2B340631F.e.8096/click - {}
RESULT: {}
RESULT: {}
COMMAND: GET /session/637de528f4e604e156fb3e125ad907fc/screenshot - {}
RESULT: {}
COMMAND: POST /session/637de528f4e604e156fb3e125ad907fc/element - {"using":"xpath","value":"(//bdi[contains(text(), \"OK\")])[1]"}
RESULT: {"using":"xpath","value":"(//bdi[contains(text(), \"OK\")])[1]"}
COMMAND: POST /session/637de528f4e604e156fb3e125ad907fc/element/f.71948811B2353B7E36D356F88F4B3924.d.10BA770F4DB8AB27D1D45FC2B340631F.e.8098/click - {}
RESULT: {}
COMMAND: GET /session/637de528f4e604e156fb3e125ad907fc/screenshot - {}
RESULT: {}
COMMAND: POST /session/637de528f4e604e156fb3e125ad907fc/element - {"using":"xpath","value":"//span[@id=\"application-managepartners-display-component---masterPtm--smartTable-header-inner\"]"}
RESULT: {"using":"xpath","value":"//span[@id=\"application-managepartners-display-component---masterPtm--smartTable-header-inner\"]"}
COMMAND: POST /session/637de528f4e604e156fb3e125ad907fc/elements - {"using":"xpath","value":"//span[@id=\"application-managepartners-display-component---masterPtm--smartTable-header-inner\"]"}
RESULT: {"using":"xpath","value":"//span[@id=\"application-managepartners-display-component---masterPtm--smartTable-header-inner\"]"}
COMMAND: POST /session/637de528f4e604e156fb3e125ad907fc/execute/sync - {"script":"<script> [56 bytes]","args":[{"element-6066-11e4-a52e-4f735466cecf":"f.71948811B2353B7E36D356F88F4B3924.d.10BA770F4DB8AB27D1D45FC2B340631F.e.7800","ELEMENT":"f.71948811B2353B7E36D356F88F4B3924.d.10BA770F4DB8AB27D1D45FC2B340631F.e.7800"}]}
RESULT: {"script":"<script> [56 bytes]","args":[{"element-6066-11e4-a52e-4f735466cecf":"f.71948811B2353B7E36D356F88F4B3924.d.10BA770F4DB8AB27D1D45FC2B340631F.e.7800","ELEMENT":"f.71948811B2353B7E36D356F88F4B3924.d.10BA770F4DB8AB27D1D45FC2B340631F.e.7800"}]}
COMMAND: POST /session/637de528f4e604e156fb3e125ad907fc/element - {"using":"xpath","value":"//span[contains(@title, \"Remove\")]"}
COMMAND: GET /session/637de528f4e604e156fb3e125ad907fc/screenshot - {}
RESULT: {"using":"xpath","value":"//span[contains(@title, \"Remove\")]"}
COMMAND: POST /session/637de528f4e604e156fb3e125ad907fc/element/f.71948811B2353B7E36D356F88F4B3924.d.10BA770F4DB8AB27D1D45FC2B340631F.e.8112/click - {}
RESULT: {}
RESULT: {}
COMMAND: GET /session/637de528f4e604e156fb3e125ad907fc/screenshot - {}
RESULT: {}
RESULT: undefined
COMMAND: POST /session/637de528f4e604e156fb3e125ad907fc/element - {"using":"xpath","value":"//*[@id=\"application-managepartners-display-component---masterPtm--smartFilterBar-filterItemControl_BASIC-MAIN_ADDRESS-vhi\"]"}
RESULT: {"using":"xpath","value":"//*[@id=\"application-managepartners-display-component---masterPtm--smartFilterBar-filterItemControl_BASIC-MAIN_ADDRESS-vhi\"]"}
COMMAND: POST /session/637de528f4e604e156fb3e125ad907fc/element/f.71948811B2353B7E36D356F88F4B3924.d.10BA770F4DB8AB27D1D45FC2B340631F.e.8214/click - {}
RESULT: {}
COMMAND: GET /session/637de528f4e604e156fb3e125ad907fc/screenshot - {}
RESULT: {}
RESULT: undefined
COMMAND: POST /session/637de528f4e604e156fb3e125ad907fc/execute/async - {"script":"<script> [776 bytes]","args":[{"enterText":"Romania","selector":{"id":"application-managepartners-display-component---masterPtm--smartFilterBar-filterItemControl_BASIC-MAIN_ADDRESS-valueHelpDialog-smartFilterBar-btnBasicSearch","searchOpenDialogs":true,"interaction":{"idSuffix":"I"}},"clearTextFirst":true,"interactionType":"ENTER_TEXT"}]}
RESULT: {"script":"<script> [776 bytes]","args":[{"enterText":"Romania","selector":{"id":"application-managepartners-display-component---masterPtm--smartFilterBar-filterItemControl_BASIC-MAIN_ADDRESS-valueHelpDialog-smartFilterBar-btnBasicSearch","searchOpenDialogs":true,"interaction":{"idSuffix":"I"}},"clearTextFirst":true,"interactionType":"ENTER_TEXT"}]}
COMMAND: POST /session/637de528f4e604e156fb3e125ad907fc/actions - {"actions":[{"id":"action24","type":"key","parameters":{},"actions":[{"type":"keyDown","value":""},{"type":"pause","duration":10},{"type":"keyUp","value":""}]}]}
RESULT: {"actions":[{"id":"action24","type":"key","parameters":{},"actions":[{"type":"keyDown","value":""},{"type":"pause","duration":10},{"type":"keyUp","value":""}]}]}
COMMAND: POST /session/637de528f4e604e156fb3e125ad907fc/elements - {"using":"xpath","value":"//table[contains(@id, \"smartFilterBar-filterItemControl_BASIC-MAIN_ADDRESS-valueHelpDialog-table-table\")]/tbody/tr"}
COMMAND: GET /session/637de528f4e604e156fb3e125ad907fc/screenshot - {}
RESULT: {"using":"xpath","value":"//table[contains(@id, \"smartFilterBar-filterItemControl_BASIC-MAIN_ADDRESS-valueHelpDialog-table-table\")]/tbody/tr"}
COMMAND: POST /session/637de528f4e604e156fb3e125ad907fc/element - {"using":"xpath","value":"//table[contains(@id, \"smartFilterBar-filterItemControl_BASIC-MAIN_ADDRESS-valueHelpDialog-table-table\")]/tbody/tr[1]/td[1]/div/span"}
RESULT: {}
RESULT: {"using":"xpath","value":"//table[contains(@id, \"smartFilterBar-filterItemControl_BASIC-MAIN_ADDRESS-valueHelpDialog-table-table\")]/tbody/tr[1]/td[1]/div/span"}
COMMAND: POST /session/637de528f4e604e156fb3e125ad907fc/elements - {"using":"xpath","value":"//table[contains(@id, \"smartFilterBar-filterItemControl_BASIC-MAIN_ADDRESS-valueHelpDialog-table-table\")]/tbody/tr[1]/td[1]/div/span"}
RESULT: {"using":"xpath","value":"//table[contains(@id, \"smartFilterBar-filterItemControl_BASIC-MAIN_ADDRESS-valueHelpDialog-table-table\")]/tbody/tr[1]/td[1]/div/span"}
COMMAND: POST /session/637de528f4e604e156fb3e125ad907fc/execute/sync - {"script":"<script> [56 bytes]","args":[{"element-6066-11e4-a52e-4f735466cecf":"f.71948811B2353B7E36D356F88F4B3924.d.10BA770F4DB8AB27D1D45FC2B340631F.e.8235","ELEMENT":"f.71948811B2353B7E36D356F88F4B3924.d.10BA770F4DB8AB27D1D45FC2B340631F.e.8235"}]}
RESULT: {"script":"<script> [56 bytes]","args":[{"element-6066-11e4-a52e-4f735466cecf":"f.71948811B2353B7E36D356F88F4B3924.d.10BA770F4DB8AB27D1D45FC2B340631F.e.8235","ELEMENT":"f.71948811B2353B7E36D356F88F4B3924.d.10BA770F4DB8AB27D1D45FC2B340631F.e.8235"}]}
COMMAND: POST /session/637de528f4e604e156fb3e125ad907fc/element - {"using":"xpath","value":"//div[contains(@id, \"filterItemControl_BASIC-MAIN_ADDRESS-valueHelpDialog-table-rowsel0\")]"}
COMMAND: GET /session/637de528f4e604e156fb3e125ad907fc/screenshot - {}
RESULT: {"using":"xpath","value":"//div[contains(@id, \"filterItemControl_BASIC-MAIN_ADDRESS-valueHelpDialog-table-rowsel0\")]"}
COMMAND: POST /session/637de528f4e604e156fb3e125ad907fc/element/f.71948811B2353B7E36D356F88F4B3924.d.10BA770F4DB8AB27D1D45FC2B340631F.e.8236/click - {}
RESULT: {}
RESULT: {}
COMMAND: GET /session/637de528f4e604e156fb3e125ad907fc/screenshot - {}
RESULT: {}
COMMAND: POST /session/637de528f4e604e156fb3e125ad907fc/element - {"using":"xpath","value":"(//bdi[contains(text(), \"OK\")])[1]"}
RESULT: {"using":"xpath","value":"(//bdi[contains(text(), \"OK\")])[1]"}
COMMAND: POST /session/637de528f4e604e156fb3e125ad907fc/element/f.71948811B2353B7E36D356F88F4B3924.d.10BA770F4DB8AB27D1D45FC2B340631F.e.8238/click - {}
RESULT: {}
COMMAND: GET /session/637de528f4e604e156fb3e125ad907fc/screenshot - {}
RESULT: {}
COMMAND: POST /session/637de528f4e604e156fb3e125ad907fc/element - {"using":"xpath","value":"//span[@id=\"application-managepartners-display-component---masterPtm--smartTable-header-inner\"]"}
RESULT: {"using":"xpath","value":"//span[@id=\"application-managepartners-display-component---masterPtm--smartTable-header-inner\"]"}
COMMAND: POST /session/637de528f4e604e156fb3e125ad907fc/elements - {"using":"xpath","value":"//span[@id=\"application-managepartners-display-component---masterPtm--smartTable-header-inner\"]"}
RESULT: {"using":"xpath","value":"//span[@id=\"application-managepartners-display-component---masterPtm--smartTable-header-inner\"]"}
COMMAND: POST /session/637de528f4e604e156fb3e125ad907fc/execute/sync - {"script":"<script> [56 bytes]","args":[{"element-6066-11e4-a52e-4f735466cecf":"f.71948811B2353B7E36D356F88F4B3924.d.10BA770F4DB8AB27D1D45FC2B340631F.e.7800","ELEMENT":"f.71948811B2353B7E36D356F88F4B3924.d.10BA770F4DB8AB27D1D45FC2B340631F.e.7800"}]}
RESULT: {"script":"<script> [56 bytes]","args":[{"element-6066-11e4-a52e-4f735466cecf":"f.71948811B2353B7E36D356F88F4B3924.d.10BA770F4DB8AB27D1D45FC2B340631F.e.7800","ELEMENT":"f.71948811B2353B7E36D356F88F4B3924.d.10BA770F4DB8AB27D1D45FC2B340631F.e.7800"}]}
COMMAND: POST /session/637de528f4e604e156fb3e125ad907fc/element - {"using":"xpath","value":"//span[contains(@title, \"Remove\")]"}
COMMAND: GET /session/637de528f4e604e156fb3e125ad907fc/screenshot - {}
RESULT: {"using":"xpath","value":"//span[contains(@title, \"Remove\")]"}
COMMAND: POST /session/637de528f4e604e156fb3e125ad907fc/element/f.71948811B2353B7E36D356F88F4B3924.d.10BA770F4DB8AB27D1D45FC2B340631F.e.8251/click - {}
RESULT: {}
RESULT: {}
COMMAND: GET /session/637de528f4e604e156fb3e125ad907fc/screenshot - {}
COMMAND: POST /session/637de528f4e604e156fb3e125ad907fc/execute/async - {"script":"<script> [1562 bytes]","args":[{"selector":{"id":"application-managepartners-display-component---masterPtm--catalogs-arrow"},"wdio_ui5_key":"applicationmanagepartners-display-component---masterPtm--catalogs-arrow"}]}
RESULT: {}
RESULT: {"script":"<script> [1562 bytes]","args":[{"selector":{"id":"application-managepartners-display-component---masterPtm--catalogs-arrow"},"wdio_ui5_key":"applicationmanagepartners-display-component---masterPtm--catalogs-arrow"}]}
RESULT: undefined
COMMAND: POST /session/637de528f4e604e156fb3e125ad907fc/element - {"using":"xpath","value":"//*[@id=\"application-managepartners-display-component---masterPtm--catalogs-arrow\"]"}
RESULT: {"using":"xpath","value":"//*[@id=\"application-managepartners-display-component---masterPtm--catalogs-arrow\"]"}
COMMAND: POST /session/637de528f4e604e156fb3e125ad907fc/element/f.71948811B2353B7E36D356F88F4B3924.d.10BA770F4DB8AB27D1D45FC2B340631F.e.8354/click - {}
RESULT: {}
COMMAND: GET /session/637de528f4e604e156fb3e125ad907fc/screenshot - {}
RESULT: {}
COMMAND: POST /session/637de528f4e604e156fb3e125ad907fc/element - {"using":"xpath","value":"//li[.//span[text()=\"Webshop Catalog\"]]//div[contains(@class,\"sapMCbBg\")]"}
RESULT: {"using":"xpath","value":"//li[.//span[text()=\"Webshop Catalog\"]]//div[contains(@class,\"sapMCbBg\")]"}
COMMAND: POST /session/637de528f4e604e156fb3e125ad907fc/element/f.71948811B2353B7E36D356F88F4B3924.d.10BA770F4DB8AB27D1D45FC2B340631F.e.8368/click - {}
RESULT: {}
COMMAND: GET /session/637de528f4e604e156fb3e125ad907fc/screenshot - {}
RESULT: {}
RESULT: undefined
COMMAND: POST /session/637de528f4e604e156fb3e125ad907fc/element - {"using":"xpath","value":"//*[@id=\"application-managepartners-display-component---masterPtm--catalogs-arrow\"]"}
RESULT: {"using":"xpath","value":"//*[@id=\"application-managepartners-display-component---masterPtm--catalogs-arrow\"]"}
COMMAND: POST /session/637de528f4e604e156fb3e125ad907fc/element/f.71948811B2353B7E36D356F88F4B3924.d.10BA770F4DB8AB27D1D45FC2B340631F.e.8354/click - {}
RESULT: {}
COMMAND: POST /session/637de528f4e604e156fb3e125ad907fc/element - {"using":"xpath","value":"//span[@id=\"application-managepartners-display-component---masterPtm--smartTable-header-inner\"]"}
COMMAND: GET /session/637de528f4e604e156fb3e125ad907fc/screenshot - {}
RESULT: {"using":"xpath","value":"//span[@id=\"application-managepartners-display-component---masterPtm--smartTable-header-inner\"]"}
COMMAND: POST /session/637de528f4e604e156fb3e125ad907fc/elements - {"using":"xpath","value":"//span[@id=\"application-managepartners-display-component---masterPtm--smartTable-header-inner\"]"}
RESULT: {}
RESULT: {"using":"xpath","value":"//span[@id=\"application-managepartners-display-component---masterPtm--smartTable-header-inner\"]"}
COMMAND: POST /session/637de528f4e604e156fb3e125ad907fc/execute/sync - {"script":"<script> [56 bytes]","args":[{"element-6066-11e4-a52e-4f735466cecf":"f.71948811B2353B7E36D356F88F4B3924.d.10BA770F4DB8AB27D1D45FC2B340631F.e.7800","ELEMENT":"f.71948811B2353B7E36D356F88F4B3924.d.10BA770F4DB8AB27D1D45FC2B340631F.e.7800"}]}
RESULT: {"script":"<script> [56 bytes]","args":[{"element-6066-11e4-a52e-4f735466cecf":"f.71948811B2353B7E36D356F88F4B3924.d.10BA770F4DB8AB27D1D45FC2B340631F.e.7800","ELEMENT":"f.71948811B2353B7E36D356F88F4B3924.d.10BA770F4DB8AB27D1D45FC2B340631F.e.7800"}]}
COMMAND: POST /session/637de528f4e604e156fb3e125ad907fc/element - {"using":"xpath","value":"//span[contains(@title, \"Remove\")]"}
COMMAND: GET /session/637de528f4e604e156fb3e125ad907fc/screenshot - {}
RESULT: {"using":"xpath","value":"//span[contains(@title, \"Remove\")]"}
COMMAND: POST /session/637de528f4e604e156fb3e125ad907fc/element/f.71948811B2353B7E36D356F88F4B3924.d.10BA770F4DB8AB27D1D45FC2B340631F.e.8384/click - {}
RESULT: {}
RESULT: {}
COMMAND: GET /session/637de528f4e604e156fb3e125ad907fc/screenshot - {}
RESULT: {}
COMMAND: POST /session/637de528f4e604e156fb3e125ad907fc/execute/async - {"script":"<script> [1562 bytes]","args":[{"selector":{"id":"application-managepartners-display-component---masterPtm--currencies-arrow"},"wdio_ui5_key":"applicationmanagepartners-display-component---masterPtm--currencies-arrow"}]}
RESULT: {"script":"<script> [1562 bytes]","args":[{"selector":{"id":"application-managepartners-display-component---masterPtm--currencies-arrow"},"wdio_ui5_key":"applicationmanagepartners-display-component---masterPtm--currencies-arrow"}]}
RESULT: undefined
COMMAND: POST /session/637de528f4e604e156fb3e125ad907fc/element - {"using":"xpath","value":"//*[@id=\"application-managepartners-display-component---masterPtm--currencies-arrow\"]"}
RESULT: {"using":"xpath","value":"//*[@id=\"application-managepartners-display-component---masterPtm--currencies-arrow\"]"}
COMMAND: POST /session/637de528f4e604e156fb3e125ad907fc/element/f.71948811B2353B7E36D356F88F4B3924.d.10BA770F4DB8AB27D1D45FC2B340631F.e.8474/click - {}
RESULT: {}
COMMAND: GET /session/637de528f4e604e156fb3e125ad907fc/screenshot - {}
RESULT: {}
COMMAND: POST /session/637de528f4e604e156fb3e125ad907fc/element - {"using":"xpath","value":"//li[.//span[text()=\"US Dollar\"]]//div[contains(@class,\"sapMCbBg\")]"}
RESULT: {"using":"xpath","value":"//li[.//span[text()=\"US Dollar\"]]//div[contains(@class,\"sapMCbBg\")]"}
COMMAND: POST /session/637de528f4e604e156fb3e125ad907fc/element/f.71948811B2353B7E36D356F88F4B3924.d.10BA770F4DB8AB27D1D45FC2B340631F.e.8477/click - {}
RESULT: {}
COMMAND: GET /session/637de528f4e604e156fb3e125ad907fc/screenshot - {}
RESULT: {}
RESULT: undefined
COMMAND: POST /session/637de528f4e604e156fb3e125ad907fc/element - {"using":"xpath","value":"//*[@id=\"application-managepartners-display-component---masterPtm--currencies-arrow\"]"}
RESULT: {"using":"xpath","value":"//*[@id=\"application-managepartners-display-component---masterPtm--currencies-arrow\"]"}
COMMAND: POST /session/637de528f4e604e156fb3e125ad907fc/element/f.71948811B2353B7E36D356F88F4B3924.d.10BA770F4DB8AB27D1D45FC2B340631F.e.8474/click - {}
RESULT: {}
COMMAND: POST /session/637de528f4e604e156fb3e125ad907fc/element - {"using":"xpath","value":"//span[@id=\"application-managepartners-display-component---masterPtm--smartTable-header-inner\"]"}
COMMAND: GET /session/637de528f4e604e156fb3e125ad907fc/screenshot - {}
RESULT: {"using":"xpath","value":"//span[@id=\"application-managepartners-display-component---masterPtm--smartTable-header-inner\"]"}
COMMAND: POST /session/637de528f4e604e156fb3e125ad907fc/elements - {"using":"xpath","value":"//span[@id=\"application-managepartners-display-component---masterPtm--smartTable-header-inner\"]"}
RESULT: {}
RESULT: {"using":"xpath","value":"//span[@id=\"application-managepartners-display-component---masterPtm--smartTable-header-inner\"]"}
COMMAND: POST /session/637de528f4e604e156fb3e125ad907fc/execute/sync - {"script":"<script> [56 bytes]","args":[{"element-6066-11e4-a52e-4f735466cecf":"f.71948811B2353B7E36D356F88F4B3924.d.10BA770F4DB8AB27D1D45FC2B340631F.e.7800","ELEMENT":"f.71948811B2353B7E36D356F88F4B3924.d.10BA770F4DB8AB27D1D45FC2B340631F.e.7800"}]}
RESULT: {"script":"<script> [56 bytes]","args":[{"element-6066-11e4-a52e-4f735466cecf":"f.71948811B2353B7E36D356F88F4B3924.d.10BA770F4DB8AB27D1D45FC2B340631F.e.7800","ELEMENT":"f.71948811B2353B7E36D356F88F4B3924.d.10BA770F4DB8AB27D1D45FC2B340631F.e.7800"}]}
COMMAND: POST /session/637de528f4e604e156fb3e125ad907fc/element - {"using":"xpath","value":"//span[contains(@title, \"Remove\")]"}
COMMAND: GET /session/637de528f4e604e156fb3e125ad907fc/screenshot - {}
RESULT: {"using":"xpath","value":"//span[contains(@title, \"Remove\")]"}
COMMAND: POST /session/637de528f4e604e156fb3e125ad907fc/element/f.71948811B2353B7E36D356F88F4B3924.d.10BA770F4DB8AB27D1D45FC2B340631F.e.8636/click - {}
RESULT: {}
RESULT: {}
COMMAND: GET /session/637de528f4e604e156fb3e125ad907fc/screenshot - {}
RESULT: {}
COMMAND: POST /session/637de528f4e604e156fb3e125ad907fc/execute/async - {"script":"<script> [1562 bytes]","args":[{"selector":{"id":"application-managepartners-display-component---masterPtm--languages-arrow"},"wdio_ui5_key":"applicationmanagepartners-display-component---masterPtm--languages-arrow"}]}
RESULT: {"script":"<script> [1562 bytes]","args":[{"selector":{"id":"application-managepartners-display-component---masterPtm--languages-arrow"},"wdio_ui5_key":"applicationmanagepartners-display-component---masterPtm--languages-arrow"}]}
RESULT: undefined
COMMAND: POST /session/637de528f4e604e156fb3e125ad907fc/element - {"using":"xpath","value":"//*[@id=\"application-managepartners-display-component---masterPtm--languages-arrow\"]"}
RESULT: {"using":"xpath","value":"//*[@id=\"application-managepartners-display-component---masterPtm--languages-arrow\"]"}
COMMAND: POST /session/637de528f4e604e156fb3e125ad907fc/element/f.71948811B2353B7E36D356F88F4B3924.d.10BA770F4DB8AB27D1D45FC2B340631F.e.8719/click - {}
RESULT: {}
COMMAND: GET /session/637de528f4e604e156fb3e125ad907fc/screenshot - {}
RESULT: {}
COMMAND: POST /session/637de528f4e604e156fb3e125ad907fc/element - {"using":"xpath","value":"//li[.//span[text()=\"German\"]]//div[contains(@class,\"sapMCbBg\")]"}
RESULT: {"using":"xpath","value":"//li[.//span[text()=\"German\"]]//div[contains(@class,\"sapMCbBg\")]"}
COMMAND: POST /session/637de528f4e604e156fb3e125ad907fc/element/f.71948811B2353B7E36D356F88F4B3924.d.10BA770F4DB8AB27D1D45FC2B340631F.e.8763/click - {}
RESULT: {}
COMMAND: GET /session/637de528f4e604e156fb3e125ad907fc/screenshot - {}
RESULT: {}
RESULT: undefined
COMMAND: POST /session/637de528f4e604e156fb3e125ad907fc/element - {"using":"xpath","value":"//*[@id=\"application-managepartners-display-component---masterPtm--languages-arrow\"]"}
RESULT: {"using":"xpath","value":"//*[@id=\"application-managepartners-display-component---masterPtm--languages-arrow\"]"}
COMMAND: POST /session/637de528f4e604e156fb3e125ad907fc/element/f.71948811B2353B7E36D356F88F4B3924.d.10BA770F4DB8AB27D1D45FC2B340631F.e.8719/click - {}
RESULT: {}
COMMAND: POST /session/637de528f4e604e156fb3e125ad907fc/element - {"using":"xpath","value":"//span[@id=\"application-managepartners-display-component---masterPtm--smartTable-header-inner\"]"}
COMMAND: GET /session/637de528f4e604e156fb3e125ad907fc/screenshot - {}
RESULT: {"using":"xpath","value":"//span[@id=\"application-managepartners-display-component---masterPtm--smartTable-header-inner\"]"}
COMMAND: POST /session/637de528f4e604e156fb3e125ad907fc/elements - {"using":"xpath","value":"//span[@id=\"application-managepartners-display-component---masterPtm--smartTable-header-inner\"]"}
RESULT: {}
RESULT: {"using":"xpath","value":"//span[@id=\"application-managepartners-display-component---masterPtm--smartTable-header-inner\"]"}
COMMAND: POST /session/637de528f4e604e156fb3e125ad907fc/execute/sync - {"script":"<script> [56 bytes]","args":[{"element-6066-11e4-a52e-4f735466cecf":"f.71948811B2353B7E36D356F88F4B3924.d.10BA770F4DB8AB27D1D45FC2B340631F.e.7800","ELEMENT":"f.71948811B2353B7E36D356F88F4B3924.d.10BA770F4DB8AB27D1D45FC2B340631F.e.7800"}]}
RESULT: {"script":"<script> [56 bytes]","args":[{"element-6066-11e4-a52e-4f735466cecf":"f.71948811B2353B7E36D356F88F4B3924.d.10BA770F4DB8AB27D1D45FC2B340631F.e.7800","ELEMENT":"f.71948811B2353B7E36D356F88F4B3924.d.10BA770F4DB8AB27D1D45FC2B340631F.e.7800"}]}
COMMAND: POST /session/637de528f4e604e156fb3e125ad907fc/element - {"using":"css selector","value":"#shell-header-logo"}
COMMAND: GET /session/637de528f4e604e156fb3e125ad907fc/screenshot - {}
RESULT: {"using":"css selector","value":"#shell-header-logo"}
COMMAND: POST /session/637de528f4e604e156fb3e125ad907fc/element/f.71948811B2353B7E36D356F88F4B3924.d.10BA770F4DB8AB27D1D45FC2B340631F.e.7630/click - {}
RESULT: {}
RESULT: {}
COMMAND: GET /session/637de528f4e604e156fb3e125ad907fc/screenshot - {}
RESULT: {}
]]></system-out>
    </testcase>
    <testcase classname="chrome.136_0_7103_93.windows.Partner_specific_tests_US150819_US151080_US151654_US151176_US103444_US151078_US151079_US151109_US151174_US151175_US151189" name="Should add a new Business Partner role same role US151541" time="80.574">
      <system-out><![CDATA[
COMMAND: POST /session/637de528f4e604e156fb3e125ad907fc/execute/async - {"script":"<script> [1562 bytes]","args":[{"selector":{"controlType":"sap.m.GenericTile","properties":{"header":"Data Explorer"}},"wdio_ui5_key":"sapm.GenericTile{\"header\":\"Data Explorer\"}"}]}
RESULT: {"script":"<script> [1562 bytes]","args":[{"selector":{"controlType":"sap.m.GenericTile","properties":{"header":"Data Explorer"}},"wdio_ui5_key":"sapm.GenericTile{\"header\":\"Data Explorer\"}"}]}
RESULT: undefined
COMMAND: POST /session/637de528f4e604e156fb3e125ad907fc/element - {"using":"xpath","value":"//*[@id=\"__tile117\"]"}
RESULT: {"using":"xpath","value":"//*[@id=\"__tile117\"]"}
COMMAND: POST /session/637de528f4e604e156fb3e125ad907fc/element/f.71948811B2353B7E36D356F88F4B3924.d.10BA770F4DB8AB27D1D45FC2B340631F.e.8827/click - {}
RESULT: {}
COMMAND: GET /session/637de528f4e604e156fb3e125ad907fc/screenshot - {}
RESULT: {}
COMMAND: POST /session/637de528f4e604e156fb3e125ad907fc/elements - {"using":"xpath","value":"//span[text()='Error']"}
RESULT: {"using":"xpath","value":"//span[text()='Error']"}
COMMAND: POST /session/637de528f4e604e156fb3e125ad907fc/window/fullscreen - {}
RESULT: {}
COMMAND: POST /session/637de528f4e604e156fb3e125ad907fc/element - {"using":"xpath","value":"//input[@id=\"application-businessconfigurations-display-component---masterBusinessConfigurations--smartFilterBar-btnBasicSearch-I\"]"}
RESULT: {"using":"xpath","value":"//input[@id=\"application-businessconfigurations-display-component---masterBusinessConfigurations--smartFilterBar-btnBasicSearch-I\"]"}
COMMAND: POST /session/637de528f4e604e156fb3e125ad907fc/elements - {"using":"xpath","value":"//input[@id=\"application-businessconfigurations-display-component---masterBusinessConfigurations--smartFilterBar-btnBasicSearch-I\"]"}
RESULT: {"using":"xpath","value":"//input[@id=\"application-businessconfigurations-display-component---masterBusinessConfigurations--smartFilterBar-btnBasicSearch-I\"]"}
COMMAND: POST /session/637de528f4e604e156fb3e125ad907fc/execute/sync - {"script":"<script> [8489 bytes]","args":[{"element-6066-11e4-a52e-4f735466cecf":"f.71948811B2353B7E36D356F88F4B3924.d.10BA770F4DB8AB27D1D45FC2B340631F.e.8851","ELEMENT":"f.71948811B2353B7E36D356F88F4B3924.d.10BA770F4DB8AB27D1D45FC2B340631F.e.8851"}]}
RESULT: {"script":"<script> [8489 bytes]","args":[{"element-6066-11e4-a52e-4f735466cecf":"f.71948811B2353B7E36D356F88F4B3924.d.10BA770F4DB8AB27D1D45FC2B340631F.e.8851","ELEMENT":"f.71948811B2353B7E36D356F88F4B3924.d.10BA770F4DB8AB27D1D45FC2B340631F.e.8851"}]}
COMMAND: GET /session/637de528f4e604e156fb3e125ad907fc/element/f.71948811B2353B7E36D356F88F4B3924.d.10BA770F4DB8AB27D1D45FC2B340631F.e.8851/enabled - {}
COMMAND: GET /session/637de528f4e604e156fb3e125ad907fc/screenshot - {}
RESULT: {}
COMMAND: POST /session/637de528f4e604e156fb3e125ad907fc/execute/sync - {"script":"<script> [8489 bytes]","args":[{"element-6066-11e4-a52e-4f735466cecf":"f.71948811B2353B7E36D356F88F4B3924.d.10BA770F4DB8AB27D1D45FC2B340631F.e.8851","ELEMENT":"f.71948811B2353B7E36D356F88F4B3924.d.10BA770F4DB8AB27D1D45FC2B340631F.e.8851"}]}
COMMAND: GET /session/637de528f4e604e156fb3e125ad907fc/screenshot - {}
RESULT: {}
RESULT: {"script":"<script> [8489 bytes]","args":[{"element-6066-11e4-a52e-4f735466cecf":"f.71948811B2353B7E36D356F88F4B3924.d.10BA770F4DB8AB27D1D45FC2B340631F.e.8851","ELEMENT":"f.71948811B2353B7E36D356F88F4B3924.d.10BA770F4DB8AB27D1D45FC2B340631F.e.8851"}]}
COMMAND: POST /session/637de528f4e604e156fb3e125ad907fc/execute/sync - {"script":"<script> [5351 bytes]","args":[{"element-6066-11e4-a52e-4f735466cecf":"f.71948811B2353B7E36D356F88F4B3924.d.10BA770F4DB8AB27D1D45FC2B340631F.e.8851","ELEMENT":"f.71948811B2353B7E36D356F88F4B3924.d.10BA770F4DB8AB27D1D45FC2B340631F.e.8851"}]}
COMMAND: GET /session/637de528f4e604e156fb3e125ad907fc/screenshot - {}
RESULT: {}
RESULT: {"script":"<script> [5351 bytes]","args":[{"element-6066-11e4-a52e-4f735466cecf":"f.71948811B2353B7E36D356F88F4B3924.d.10BA770F4DB8AB27D1D45FC2B340631F.e.8851","ELEMENT":"f.71948811B2353B7E36D356F88F4B3924.d.10BA770F4DB8AB27D1D45FC2B340631F.e.8851"}]}
COMMAND: GET /session/637de528f4e604e156fb3e125ad907fc/screenshot - {}
RESULT: {}
RESULT: {}
COMMAND: POST /session/637de528f4e604e156fb3e125ad907fc/element - {"using":"xpath","value":"//span[@id=\"application-businessconfigurations-display-component---masterBusinessConfigurations--masterListDataExplorerSmartTable-header-inner\"]"}
RESULT: {"using":"xpath","value":"//span[@id=\"application-businessconfigurations-display-component---masterBusinessConfigurations--masterListDataExplorerSmartTable-header-inner\"]"}
COMMAND: POST /session/637de528f4e604e156fb3e125ad907fc/elements - {"using":"xpath","value":"//span[@id=\"application-businessconfigurations-display-component---masterBusinessConfigurations--masterListDataExplorerSmartTable-header-inner\"]"}
RESULT: {"using":"xpath","value":"//span[@id=\"application-businessconfigurations-display-component---masterBusinessConfigurations--masterListDataExplorerSmartTable-header-inner\"]"}
COMMAND: POST /session/637de528f4e604e156fb3e125ad907fc/execute/sync - {"script":"<script> [56 bytes]","args":[{"element-6066-11e4-a52e-4f735466cecf":"f.71948811B2353B7E36D356F88F4B3924.d.10BA770F4DB8AB27D1D45FC2B340631F.e.9000","ELEMENT":"f.71948811B2353B7E36D356F88F4B3924.d.10BA770F4DB8AB27D1D45FC2B340631F.e.9000"}]}
RESULT: {"script":"<script> [56 bytes]","args":[{"element-6066-11e4-a52e-4f735466cecf":"f.71948811B2353B7E36D356F88F4B3924.d.10BA770F4DB8AB27D1D45FC2B340631F.e.9000","ELEMENT":"f.71948811B2353B7E36D356F88F4B3924.d.10BA770F4DB8AB27D1D45FC2B340631F.e.9000"}]}
COMMAND: POST /session/637de528f4e604e156fb3e125ad907fc/element/f.71948811B2353B7E36D356F88F4B3924.d.10BA770F4DB8AB27D1D45FC2B340631F.e.8851/clear - {}
COMMAND: GET /session/637de528f4e604e156fb3e125ad907fc/screenshot - {}
RESULT: {}
COMMAND: POST /session/637de528f4e604e156fb3e125ad907fc/element/f.71948811B2353B7E36D356F88F4B3924.d.10BA770F4DB8AB27D1D45FC2B340631F.e.8851/value - {"text":"NETM_C_BUSINESS_PARTNER_ROLES"}
COMMAND: GET /session/637de528f4e604e156fb3e125ad907fc/screenshot - {}
RESULT: {}
RESULT: {"text":"NETM_C_BUSINESS_PARTNER_ROLES"}
COMMAND: GET /session/637de528f4e604e156fb3e125ad907fc/screenshot - {}
RESULT: {}
RESULT: {}
COMMAND: POST /session/637de528f4e604e156fb3e125ad907fc/actions - {"actions":[{"id":"action25","type":"key","parameters":{},"actions":[{"type":"keyDown","value":""},{"type":"pause","duration":10},{"type":"keyUp","value":""}]}]}
RESULT: {"actions":[{"id":"action25","type":"key","parameters":{},"actions":[{"type":"keyDown","value":""},{"type":"pause","duration":10},{"type":"keyUp","value":""}]}]}
COMMAND: GET /session/637de528f4e604e156fb3e125ad907fc/screenshot - {}
RESULT: {}
COMMAND: POST /session/637de528f4e604e156fb3e125ad907fc/elements - {"using":"xpath","value":"//table[contains(@id, \"masterListDataExplorerTable-listUl\")]/tbody/tr"}
RESULT: {"using":"xpath","value":"//table[contains(@id, \"masterListDataExplorerTable-listUl\")]/tbody/tr"}
COMMAND: POST /session/637de528f4e604e156fb3e125ad907fc/element - {"using":"xpath","value":"//table[contains(@id, \"masterListDataExplorerTable-listUl\")]/tbody/tr[2]/td[4]/span"}
RESULT: {"using":"xpath","value":"//table[contains(@id, \"masterListDataExplorerTable-listUl\")]/tbody/tr[2]/td[4]/span"}
COMMAND: POST /session/637de528f4e604e156fb3e125ad907fc/elements - {"using":"xpath","value":"//table[contains(@id, \"masterListDataExplorerTable-listUl\")]/tbody/tr[2]/td[4]/span"}
RESULT: {"using":"xpath","value":"//table[contains(@id, \"masterListDataExplorerTable-listUl\")]/tbody/tr[2]/td[4]/span"}
COMMAND: POST /session/637de528f4e604e156fb3e125ad907fc/execute/sync - {"script":"<script> [56 bytes]","args":[{"element-6066-11e4-a52e-4f735466cecf":"f.71948811B2353B7E36D356F88F4B3924.d.10BA770F4DB8AB27D1D45FC2B340631F.e.9008","ELEMENT":"f.71948811B2353B7E36D356F88F4B3924.d.10BA770F4DB8AB27D1D45FC2B340631F.e.9008"}]}
RESULT: {"script":"<script> [56 bytes]","args":[{"element-6066-11e4-a52e-4f735466cecf":"f.71948811B2353B7E36D356F88F4B3924.d.10BA770F4DB8AB27D1D45FC2B340631F.e.9008","ELEMENT":"f.71948811B2353B7E36D356F88F4B3924.d.10BA770F4DB8AB27D1D45FC2B340631F.e.9008"}]}
COMMAND: POST /session/637de528f4e604e156fb3e125ad907fc/element - {"using":"xpath","value":"(//span[contains(@id, \"imgNav\")])[1]"}
COMMAND: GET /session/637de528f4e604e156fb3e125ad907fc/screenshot - {}
RESULT: {"using":"xpath","value":"(//span[contains(@id, \"imgNav\")])[1]"}
COMMAND: POST /session/637de528f4e604e156fb3e125ad907fc/element/f.71948811B2353B7E36D356F88F4B3924.d.10BA770F4DB8AB27D1D45FC2B340631F.e.9009/click - {}
RESULT: {}
RESULT: {}
COMMAND: GET /session/637de528f4e604e156fb3e125ad907fc/screenshot - {}
RESULT: {}
COMMAND: POST /session/637de528f4e604e156fb3e125ad907fc/element - {"using":"xpath","value":"//bdi[contains(text(), \"Edit\")]"}
RESULT: {"using":"xpath","value":"//bdi[contains(text(), \"Edit\")]"}
COMMAND: POST /session/637de528f4e604e156fb3e125ad907fc/element/f.71948811B2353B7E36D356F88F4B3924.d.10BA770F4DB8AB27D1D45FC2B340631F.e.9140/click - {}
RESULT: {}
COMMAND: GET /session/637de528f4e604e156fb3e125ad907fc/screenshot - {}
RESULT: {}
COMMAND: POST /session/637de528f4e604e156fb3e125ad907fc/element - {"using":"xpath","value":"//button[contains(@id, \"detailBusinessConfigurations--addButton\")]"}
RESULT: {"using":"xpath","value":"//button[contains(@id, \"detailBusinessConfigurations--addButton\")]"}
COMMAND: POST /session/637de528f4e604e156fb3e125ad907fc/element/f.71948811B2353B7E36D356F88F4B3924.d.10BA770F4DB8AB27D1D45FC2B340631F.e.9150/click - {}
RESULT: {}
COMMAND: GET /session/637de528f4e604e156fb3e125ad907fc/screenshot - {}
RESULT: {}
COMMAND: POST /session/637de528f4e604e156fb3e125ad907fc/elements - {"using":"xpath","value":"//table[contains(@id, \"detailBusinessConfigurations--detailsTable-listUl\")]/tbody/tr"}
RESULT: {"using":"xpath","value":"//table[contains(@id, \"detailBusinessConfigurations--detailsTable-listUl\")]/tbody/tr"}
COMMAND: POST /session/637de528f4e604e156fb3e125ad907fc/element - {"using":"xpath","value":"//table[contains(@id, \"detailBusinessConfigurations--detailsTable-listUl\")]/tbody/tr[1]/td[3]/div/div/div/div/input"}
RESULT: {"using":"xpath","value":"//table[contains(@id, \"detailBusinessConfigurations--detailsTable-listUl\")]/tbody/tr[1]/td[3]/div/div/div/div/input"}
COMMAND: POST /session/637de528f4e604e156fb3e125ad907fc/element/f.71948811B2353B7E36D356F88F4B3924.d.10BA770F4DB8AB27D1D45FC2B340631F.e.9153/clear - {}
RESULT: {}
COMMAND: POST /session/637de528f4e604e156fb3e125ad907fc/element/f.71948811B2353B7E36D356F88F4B3924.d.10BA770F4DB8AB27D1D45FC2B340631F.e.9153/value - {"text":"WebDriver Testy"}
COMMAND: GET /session/637de528f4e604e156fb3e125ad907fc/screenshot - {}
RESULT: {"text":"WebDriver Testy"}
COMMAND: GET /session/637de528f4e604e156fb3e125ad907fc/screenshot - {}
RESULT: {}
RESULT: {}
COMMAND: POST /session/637de528f4e604e156fb3e125ad907fc/element - {"using":"xpath","value":"//button[contains(@id, \"detailBusinessConfigurations--addButton\")]"}
RESULT: {"using":"xpath","value":"//button[contains(@id, \"detailBusinessConfigurations--addButton\")]"}
COMMAND: POST /session/637de528f4e604e156fb3e125ad907fc/element/f.71948811B2353B7E36D356F88F4B3924.d.10BA770F4DB8AB27D1D45FC2B340631F.e.9150/click - {}
RESULT: {}
COMMAND: GET /session/637de528f4e604e156fb3e125ad907fc/screenshot - {}
RESULT: {}
COMMAND: POST /session/637de528f4e604e156fb3e125ad907fc/element - {"using":"xpath","value":"//table[contains(@id, \"detailBusinessConfigurations--detailsTable-listUl\")]/tbody/tr[1]/td[3]/div/div/div/div/input"}
RESULT: {"using":"xpath","value":"//table[contains(@id, \"detailBusinessConfigurations--detailsTable-listUl\")]/tbody/tr[1]/td[3]/div/div/div/div/input"}
COMMAND: POST /session/637de528f4e604e156fb3e125ad907fc/element/f.71948811B2353B7E36D356F88F4B3924.d.10BA770F4DB8AB27D1D45FC2B340631F.e.9166/clear - {}
RESULT: {}
COMMAND: POST /session/637de528f4e604e156fb3e125ad907fc/element/f.71948811B2353B7E36D356F88F4B3924.d.10BA770F4DB8AB27D1D45FC2B340631F.e.9166/value - {"text":"WebDriver Testy"}
COMMAND: GET /session/637de528f4e604e156fb3e125ad907fc/screenshot - {}
RESULT: {"text":"WebDriver Testy"}
COMMAND: GET /session/637de528f4e604e156fb3e125ad907fc/screenshot - {}
RESULT: {}
RESULT: {}
COMMAND: POST /session/637de528f4e604e156fb3e125ad907fc/element - {"using":"xpath","value":"//bdi[text()=\"Save\"]"}
RESULT: {"using":"xpath","value":"//bdi[text()=\"Save\"]"}
COMMAND: POST /session/637de528f4e604e156fb3e125ad907fc/element/f.71948811B2353B7E36D356F88F4B3924.d.10BA770F4DB8AB27D1D45FC2B340631F.e.9173/click - {}
RESULT: {}
COMMAND: GET /session/637de528f4e604e156fb3e125ad907fc/screenshot - {}
RESULT: {}
COMMAND: POST /session/637de528f4e604e156fb3e125ad907fc/element - {"using":"xpath","value":"//span[contains(@class, \"sapMMsgBoxText\")]"}
RESULT: {"using":"xpath","value":"//span[contains(@class, \"sapMMsgBoxText\")]"}
COMMAND: POST /session/637de528f4e604e156fb3e125ad907fc/elements - {"using":"xpath","value":"//span[contains(@class, \"sapMMsgBoxText\")]"}
RESULT: {"using":"xpath","value":"//span[contains(@class, \"sapMMsgBoxText\")]"}
COMMAND: POST /session/637de528f4e604e156fb3e125ad907fc/execute/sync - {"script":"<script> [56 bytes]","args":[{"element-6066-11e4-a52e-4f735466cecf":"f.71948811B2353B7E36D356F88F4B3924.d.10BA770F4DB8AB27D1D45FC2B340631F.e.9192","ELEMENT":"f.71948811B2353B7E36D356F88F4B3924.d.10BA770F4DB8AB27D1D45FC2B340631F.e.9192"}]}
RESULT: {"script":"<script> [56 bytes]","args":[{"element-6066-11e4-a52e-4f735466cecf":"f.71948811B2353B7E36D356F88F4B3924.d.10BA770F4DB8AB27D1D45FC2B340631F.e.9192","ELEMENT":"f.71948811B2353B7E36D356F88F4B3924.d.10BA770F4DB8AB27D1D45FC2B340631F.e.9192"}]}
COMMAND: POST /session/637de528f4e604e156fb3e125ad907fc/element - {"using":"xpath","value":"//bdi[text()=\"Close\"]"}
COMMAND: GET /session/637de528f4e604e156fb3e125ad907fc/screenshot - {}
RESULT: {"using":"xpath","value":"//bdi[text()=\"Close\"]"}
COMMAND: POST /session/637de528f4e604e156fb3e125ad907fc/element/f.71948811B2353B7E36D356F88F4B3924.d.10BA770F4DB8AB27D1D45FC2B340631F.e.9193/click - {}
RESULT: {}
RESULT: {}
COMMAND: GET /session/637de528f4e604e156fb3e125ad907fc/screenshot - {}
RESULT: {}
COMMAND: POST /session/637de528f4e604e156fb3e125ad907fc/element - {"using":"css selector","value":"#shell-header-logo"}
RESULT: {"using":"css selector","value":"#shell-header-logo"}
COMMAND: POST /session/637de528f4e604e156fb3e125ad907fc/element/f.71948811B2353B7E36D356F88F4B3924.d.10BA770F4DB8AB27D1D45FC2B340631F.e.8834/click - {}
RESULT: {}
COMMAND: GET /session/637de528f4e604e156fb3e125ad907fc/screenshot - {}
RESULT: {}
]]></system-out>
    </testcase>
    <testcase classname="chrome.136_0_7103_93.windows.Partner_specific_tests_US150819_US151080_US151654_US151176_US103444_US151078_US151079_US151109_US151174_US151175_US151189" name="Should do QC various tests US151189" time="421.441">
      <system-out><![CDATA[
RESULT: undefined
COMMAND: POST /session/637de528f4e604e156fb3e125ad907fc/element - {"using":"xpath","value":"//*[@id=\"__tile30\"]"}
RESULT: {"using":"xpath","value":"//*[@id=\"__tile30\"]"}
COMMAND: POST /session/637de528f4e604e156fb3e125ad907fc/element/f.71948811B2353B7E36D356F88F4B3924.d.10BA770F4DB8AB27D1D45FC2B340631F.e.4509/click - {}
RESULT: {}
COMMAND: POST /session/637de528f4e604e156fb3e125ad907fc/element - {"using":"xpath","value":"//button[@data-kt=\"addButton\"]"}
COMMAND: GET /session/637de528f4e604e156fb3e125ad907fc/screenshot - {}
RESULT: {"using":"xpath","value":"//button[@data-kt=\"addButton\"]"}
COMMAND: POST /session/637de528f4e604e156fb3e125ad907fc/elements - {"using":"xpath","value":"//button[@data-kt=\"addButton\"]"}
RESULT: {}
RESULT: {"using":"xpath","value":"//button[@data-kt=\"addButton\"]"}
COMMAND: POST /session/637de528f4e604e156fb3e125ad907fc/elements - {"using":"xpath","value":"//button[@data-kt=\"addButton\"]"}
RESULT: {"using":"xpath","value":"//button[@data-kt=\"addButton\"]"}
COMMAND: POST /session/637de528f4e604e156fb3e125ad907fc/element - {"using":"xpath","value":"//button[@data-kt=\"addButton\"]"}
RESULT: {"using":"xpath","value":"//button[@data-kt=\"addButton\"]"}
COMMAND: POST /session/637de528f4e604e156fb3e125ad907fc/execute/sync - {"script":"<script> [8489 bytes]","args":[{"element-6066-11e4-a52e-4f735466cecf":"f.71948811B2353B7E36D356F88F4B3924.d.10BA770F4DB8AB27D1D45FC2B340631F.e.9230","ELEMENT":"f.71948811B2353B7E36D356F88F4B3924.d.10BA770F4DB8AB27D1D45FC2B340631F.e.9230"}]}
RESULT: {"script":"<script> [8489 bytes]","args":[{"element-6066-11e4-a52e-4f735466cecf":"f.71948811B2353B7E36D356F88F4B3924.d.10BA770F4DB8AB27D1D45FC2B340631F.e.9230","ELEMENT":"f.71948811B2353B7E36D356F88F4B3924.d.10BA770F4DB8AB27D1D45FC2B340631F.e.9230"}]}
COMMAND: GET /session/637de528f4e604e156fb3e125ad907fc/element/f.71948811B2353B7E36D356F88F4B3924.d.10BA770F4DB8AB27D1D45FC2B340631F.e.9230/enabled - {}
COMMAND: GET /session/637de528f4e604e156fb3e125ad907fc/screenshot - {}
RESULT: {}
COMMAND: POST /session/637de528f4e604e156fb3e125ad907fc/execute/sync - {"script":"<script> [8489 bytes]","args":[{"element-6066-11e4-a52e-4f735466cecf":"f.71948811B2353B7E36D356F88F4B3924.d.10BA770F4DB8AB27D1D45FC2B340631F.e.9230","ELEMENT":"f.71948811B2353B7E36D356F88F4B3924.d.10BA770F4DB8AB27D1D45FC2B340631F.e.9230"}]}
COMMAND: GET /session/637de528f4e604e156fb3e125ad907fc/screenshot - {}
RESULT: {}
RESULT: {"script":"<script> [8489 bytes]","args":[{"element-6066-11e4-a52e-4f735466cecf":"f.71948811B2353B7E36D356F88F4B3924.d.10BA770F4DB8AB27D1D45FC2B340631F.e.9230","ELEMENT":"f.71948811B2353B7E36D356F88F4B3924.d.10BA770F4DB8AB27D1D45FC2B340631F.e.9230"}]}
COMMAND: POST /session/637de528f4e604e156fb3e125ad907fc/execute/sync - {"script":"<script> [5351 bytes]","args":[{"element-6066-11e4-a52e-4f735466cecf":"f.71948811B2353B7E36D356F88F4B3924.d.10BA770F4DB8AB27D1D45FC2B340631F.e.9230","ELEMENT":"f.71948811B2353B7E36D356F88F4B3924.d.10BA770F4DB8AB27D1D45FC2B340631F.e.9230"}]}
COMMAND: GET /session/637de528f4e604e156fb3e125ad907fc/screenshot - {}
RESULT: {}
RESULT: {"script":"<script> [5351 bytes]","args":[{"element-6066-11e4-a52e-4f735466cecf":"f.71948811B2353B7E36D356F88F4B3924.d.10BA770F4DB8AB27D1D45FC2B340631F.e.9230","ELEMENT":"f.71948811B2353B7E36D356F88F4B3924.d.10BA770F4DB8AB27D1D45FC2B340631F.e.9230"}]}
COMMAND: GET /session/637de528f4e604e156fb3e125ad907fc/screenshot - {}
RESULT: {}
RESULT: {}
COMMAND: POST /session/637de528f4e604e156fb3e125ad907fc/element - {"using":"xpath","value":"//span[@id=\"application-managepartners-display-component---masterPtm--smartTable-header-inner\"]"}
RESULT: {"using":"xpath","value":"//span[@id=\"application-managepartners-display-component---masterPtm--smartTable-header-inner\"]"}
COMMAND: POST /session/637de528f4e604e156fb3e125ad907fc/elements - {"using":"xpath","value":"//span[@id=\"application-managepartners-display-component---masterPtm--smartTable-header-inner\"]"}
RESULT: {"using":"xpath","value":"//span[@id=\"application-managepartners-display-component---masterPtm--smartTable-header-inner\"]"}
COMMAND: POST /session/637de528f4e604e156fb3e125ad907fc/execute/sync - {"script":"<script> [56 bytes]","args":[{"element-6066-11e4-a52e-4f735466cecf":"f.71948811B2353B7E36D356F88F4B3924.d.10BA770F4DB8AB27D1D45FC2B340631F.e.9366","ELEMENT":"f.71948811B2353B7E36D356F88F4B3924.d.10BA770F4DB8AB27D1D45FC2B340631F.e.9366"}]}
RESULT: {"script":"<script> [56 bytes]","args":[{"element-6066-11e4-a52e-4f735466cecf":"f.71948811B2353B7E36D356F88F4B3924.d.10BA770F4DB8AB27D1D45FC2B340631F.e.9366","ELEMENT":"f.71948811B2353B7E36D356F88F4B3924.d.10BA770F4DB8AB27D1D45FC2B340631F.e.9366"}]}
RESULT: undefined
COMMAND: POST /session/637de528f4e604e156fb3e125ad907fc/execute/async - {"script":"<script> [776 bytes]","args":[{"enterText":"1311","selector":{"id":"application-managepartners-display-component---masterPtm--smartFilterBar-btnBasicSearch","interaction":{"idSuffix":"I"}},"clearTextFirst":true,"interactionType":"ENTER_TEXT"}]}
COMMAND: GET /session/637de528f4e604e156fb3e125ad907fc/screenshot - {}
RESULT: {"script":"<script> [776 bytes]","args":[{"enterText":"1311","selector":{"id":"application-managepartners-display-component---masterPtm--smartFilterBar-btnBasicSearch","interaction":{"idSuffix":"I"}},"clearTextFirst":true,"interactionType":"ENTER_TEXT"}]}
COMMAND: POST /session/637de528f4e604e156fb3e125ad907fc/actions - {"actions":[{"id":"action26","type":"key","parameters":{},"actions":[{"type":"keyDown","value":""},{"type":"pause","duration":10},{"type":"keyUp","value":""}]}]}
RESULT: {}
RESULT: {"actions":[{"id":"action26","type":"key","parameters":{},"actions":[{"type":"keyDown","value":""},{"type":"pause","duration":10},{"type":"keyUp","value":""}]}]}
COMMAND: GET /session/637de528f4e604e156fb3e125ad907fc/screenshot - {}
RESULT: {}
COMMAND: POST /session/637de528f4e604e156fb3e125ad907fc/elements - {"using":"xpath","value":"//table[contains(@id, \"customPartnersTable-listUl\")]/tbody/tr"}
RESULT: {"using":"xpath","value":"//table[contains(@id, \"customPartnersTable-listUl\")]/tbody/tr"}
COMMAND: POST /session/637de528f4e604e156fb3e125ad907fc/element - {"using":"xpath","value":"//table[contains(@id, \"customPartnersTable-listUl\")]/tbody/tr[1]/td[3]/span"}
RESULT: {"using":"xpath","value":"//table[contains(@id, \"customPartnersTable-listUl\")]/tbody/tr[1]/td[3]/span"}
COMMAND: POST /session/637de528f4e604e156fb3e125ad907fc/elements - {"using":"xpath","value":"//table[contains(@id, \"customPartnersTable-listUl\")]/tbody/tr[1]/td[3]/span"}
RESULT: {"using":"xpath","value":"//table[contains(@id, \"customPartnersTable-listUl\")]/tbody/tr[1]/td[3]/span"}
COMMAND: POST /session/637de528f4e604e156fb3e125ad907fc/execute/sync - {"script":"<script> [56 bytes]","args":[{"element-6066-11e4-a52e-4f735466cecf":"f.71948811B2353B7E36D356F88F4B3924.d.10BA770F4DB8AB27D1D45FC2B340631F.e.9377","ELEMENT":"f.71948811B2353B7E36D356F88F4B3924.d.10BA770F4DB8AB27D1D45FC2B340631F.e.9377"}]}
RESULT: {"script":"<script> [56 bytes]","args":[{"element-6066-11e4-a52e-4f735466cecf":"f.71948811B2353B7E36D356F88F4B3924.d.10BA770F4DB8AB27D1D45FC2B340631F.e.9377","ELEMENT":"f.71948811B2353B7E36D356F88F4B3924.d.10BA770F4DB8AB27D1D45FC2B340631F.e.9377"}]}
COMMAND: POST /session/637de528f4e604e156fb3e125ad907fc/element - {"using":"xpath","value":"//div[contains(@id, \"smartFilterBar-btnBasicSearch-reset\")]"}
COMMAND: GET /session/637de528f4e604e156fb3e125ad907fc/screenshot - {}
RESULT: {"using":"xpath","value":"//div[contains(@id, \"smartFilterBar-btnBasicSearch-reset\")]"}
COMMAND: POST /session/637de528f4e604e156fb3e125ad907fc/element/f.71948811B2353B7E36D356F88F4B3924.d.10BA770F4DB8AB27D1D45FC2B340631F.e.9378/click - {}
RESULT: {}
RESULT: {}
COMMAND: GET /session/637de528f4e604e156fb3e125ad907fc/screenshot - {}
RESULT: {}
RESULT: undefined
COMMAND: POST /session/637de528f4e604e156fb3e125ad907fc/element - {"using":"xpath","value":"//*[@id=\"application-managepartners-display-component---masterPtm--smartFilterBar-filterItemControl_BASIC-MAIN_ADDRESS-vhi\"]"}
RESULT: {"using":"xpath","value":"//*[@id=\"application-managepartners-display-component---masterPtm--smartFilterBar-filterItemControl_BASIC-MAIN_ADDRESS-vhi\"]"}
COMMAND: POST /session/637de528f4e604e156fb3e125ad907fc/element/f.71948811B2353B7E36D356F88F4B3924.d.10BA770F4DB8AB27D1D45FC2B340631F.e.9481/click - {}
RESULT: {}
COMMAND: GET /session/637de528f4e604e156fb3e125ad907fc/screenshot - {}
RESULT: {}
RESULT: undefined
COMMAND: POST /session/637de528f4e604e156fb3e125ad907fc/execute/async - {"script":"<script> [776 bytes]","args":[{"enterText":"Romania","selector":{"id":"application-managepartners-display-component---masterPtm--smartFilterBar-filterItemControl_BASIC-MAIN_ADDRESS-valueHelpDialog-smartFilterBar-btnBasicSearch","searchOpenDialogs":true,"interaction":{"idSuffix":"I"}},"clearTextFirst":true,"interactionType":"ENTER_TEXT"}]}
RESULT: {"script":"<script> [776 bytes]","args":[{"enterText":"Romania","selector":{"id":"application-managepartners-display-component---masterPtm--smartFilterBar-filterItemControl_BASIC-MAIN_ADDRESS-valueHelpDialog-smartFilterBar-btnBasicSearch","searchOpenDialogs":true,"interaction":{"idSuffix":"I"}},"clearTextFirst":true,"interactionType":"ENTER_TEXT"}]}
COMMAND: POST /session/637de528f4e604e156fb3e125ad907fc/actions - {"actions":[{"id":"action27","type":"key","parameters":{},"actions":[{"type":"keyDown","value":""},{"type":"pause","duration":10},{"type":"keyUp","value":""}]}]}
RESULT: {"actions":[{"id":"action27","type":"key","parameters":{},"actions":[{"type":"keyDown","value":""},{"type":"pause","duration":10},{"type":"keyUp","value":""}]}]}
COMMAND: GET /session/637de528f4e604e156fb3e125ad907fc/screenshot - {}
RESULT: {}
COMMAND: POST /session/637de528f4e604e156fb3e125ad907fc/elements - {"using":"xpath","value":"//table[contains(@id, \"smartFilterBar-filterItemControl_BASIC-MAIN_ADDRESS-valueHelpDialog-table-table\")]/tbody/tr"}
RESULT: {"using":"xpath","value":"//table[contains(@id, \"smartFilterBar-filterItemControl_BASIC-MAIN_ADDRESS-valueHelpDialog-table-table\")]/tbody/tr"}
COMMAND: POST /session/637de528f4e604e156fb3e125ad907fc/element - {"using":"xpath","value":"//table[contains(@id, \"smartFilterBar-filterItemControl_BASIC-MAIN_ADDRESS-valueHelpDialog-table-table\")]/tbody/tr[1]/td[1]/div/span"}
RESULT: {"using":"xpath","value":"//table[contains(@id, \"smartFilterBar-filterItemControl_BASIC-MAIN_ADDRESS-valueHelpDialog-table-table\")]/tbody/tr[1]/td[1]/div/span"}
COMMAND: POST /session/637de528f4e604e156fb3e125ad907fc/elements - {"using":"xpath","value":"//table[contains(@id, \"smartFilterBar-filterItemControl_BASIC-MAIN_ADDRESS-valueHelpDialog-table-table\")]/tbody/tr[1]/td[1]/div/span"}
RESULT: {"using":"xpath","value":"//table[contains(@id, \"smartFilterBar-filterItemControl_BASIC-MAIN_ADDRESS-valueHelpDialog-table-table\")]/tbody/tr[1]/td[1]/div/span"}
COMMAND: POST /session/637de528f4e604e156fb3e125ad907fc/execute/sync - {"script":"<script> [56 bytes]","args":[{"element-6066-11e4-a52e-4f735466cecf":"f.71948811B2353B7E36D356F88F4B3924.d.10BA770F4DB8AB27D1D45FC2B340631F.e.9501","ELEMENT":"f.71948811B2353B7E36D356F88F4B3924.d.10BA770F4DB8AB27D1D45FC2B340631F.e.9501"}]}
RESULT: {"script":"<script> [56 bytes]","args":[{"element-6066-11e4-a52e-4f735466cecf":"f.71948811B2353B7E36D356F88F4B3924.d.10BA770F4DB8AB27D1D45FC2B340631F.e.9501","ELEMENT":"f.71948811B2353B7E36D356F88F4B3924.d.10BA770F4DB8AB27D1D45FC2B340631F.e.9501"}]}
COMMAND: POST /session/637de528f4e604e156fb3e125ad907fc/element - {"using":"xpath","value":"//div[contains(@id, \"filterItemControl_BASIC-MAIN_ADDRESS-valueHelpDialog-table-rowsel0\")]"}
COMMAND: GET /session/637de528f4e604e156fb3e125ad907fc/screenshot - {}
RESULT: {"using":"xpath","value":"//div[contains(@id, \"filterItemControl_BASIC-MAIN_ADDRESS-valueHelpDialog-table-rowsel0\")]"}
COMMAND: POST /session/637de528f4e604e156fb3e125ad907fc/element/f.71948811B2353B7E36D356F88F4B3924.d.10BA770F4DB8AB27D1D45FC2B340631F.e.9502/click - {}
RESULT: {}
RESULT: {}
COMMAND: GET /session/637de528f4e604e156fb3e125ad907fc/screenshot - {}
RESULT: {}
RESULT: undefined
COMMAND: POST /session/637de528f4e604e156fb3e125ad907fc/execute/async - {"script":"<script> [776 bytes]","args":[{"enterText":"Germany","selector":{"id":"application-managepartners-display-component---masterPtm--smartFilterBar-filterItemControl_BASIC-MAIN_ADDRESS-valueHelpDialog-smartFilterBar-btnBasicSearch","searchOpenDialogs":true,"interaction":{"idSuffix":"I"}},"clearTextFirst":true,"interactionType":"ENTER_TEXT"}]}
RESULT: {"script":"<script> [776 bytes]","args":[{"enterText":"Germany","selector":{"id":"application-managepartners-display-component---masterPtm--smartFilterBar-filterItemControl_BASIC-MAIN_ADDRESS-valueHelpDialog-smartFilterBar-btnBasicSearch","searchOpenDialogs":true,"interaction":{"idSuffix":"I"}},"clearTextFirst":true,"interactionType":"ENTER_TEXT"}]}
COMMAND: POST /session/637de528f4e604e156fb3e125ad907fc/actions - {"actions":[{"id":"action28","type":"key","parameters":{},"actions":[{"type":"keyDown","value":""},{"type":"pause","duration":10},{"type":"keyUp","value":""}]}]}
RESULT: {"actions":[{"id":"action28","type":"key","parameters":{},"actions":[{"type":"keyDown","value":""},{"type":"pause","duration":10},{"type":"keyUp","value":""}]}]}
COMMAND: GET /session/637de528f4e604e156fb3e125ad907fc/screenshot - {}
RESULT: {}
COMMAND: POST /session/637de528f4e604e156fb3e125ad907fc/elements - {"using":"xpath","value":"//table[contains(@id, \"smartFilterBar-filterItemControl_BASIC-MAIN_ADDRESS-valueHelpDialog-table-table\")]/tbody/tr"}
RESULT: {"using":"xpath","value":"//table[contains(@id, \"smartFilterBar-filterItemControl_BASIC-MAIN_ADDRESS-valueHelpDialog-table-table\")]/tbody/tr"}
COMMAND: POST /session/637de528f4e604e156fb3e125ad907fc/element - {"using":"xpath","value":"//table[contains(@id, \"smartFilterBar-filterItemControl_BASIC-MAIN_ADDRESS-valueHelpDialog-table-table\")]/tbody/tr[1]/td[1]/div/span"}
RESULT: {"using":"xpath","value":"//table[contains(@id, \"smartFilterBar-filterItemControl_BASIC-MAIN_ADDRESS-valueHelpDialog-table-table\")]/tbody/tr[1]/td[1]/div/span"}
COMMAND: POST /session/637de528f4e604e156fb3e125ad907fc/elements - {"using":"xpath","value":"//table[contains(@id, \"smartFilterBar-filterItemControl_BASIC-MAIN_ADDRESS-valueHelpDialog-table-table\")]/tbody/tr[1]/td[1]/div/span"}
RESULT: {"using":"xpath","value":"//table[contains(@id, \"smartFilterBar-filterItemControl_BASIC-MAIN_ADDRESS-valueHelpDialog-table-table\")]/tbody/tr[1]/td[1]/div/span"}
COMMAND: POST /session/637de528f4e604e156fb3e125ad907fc/execute/sync - {"script":"<script> [56 bytes]","args":[{"element-6066-11e4-a52e-4f735466cecf":"f.71948811B2353B7E36D356F88F4B3924.d.10BA770F4DB8AB27D1D45FC2B340631F.e.9501","ELEMENT":"f.71948811B2353B7E36D356F88F4B3924.d.10BA770F4DB8AB27D1D45FC2B340631F.e.9501"}]}
RESULT: {"script":"<script> [56 bytes]","args":[{"element-6066-11e4-a52e-4f735466cecf":"f.71948811B2353B7E36D356F88F4B3924.d.10BA770F4DB8AB27D1D45FC2B340631F.e.9501","ELEMENT":"f.71948811B2353B7E36D356F88F4B3924.d.10BA770F4DB8AB27D1D45FC2B340631F.e.9501"}]}
COMMAND: POST /session/637de528f4e604e156fb3e125ad907fc/element - {"using":"xpath","value":"//div[contains(@id, \"filterItemControl_BASIC-MAIN_ADDRESS-valueHelpDialog-table-rowsel0\")]"}
COMMAND: GET /session/637de528f4e604e156fb3e125ad907fc/screenshot - {}
RESULT: {"using":"xpath","value":"//div[contains(@id, \"filterItemControl_BASIC-MAIN_ADDRESS-valueHelpDialog-table-rowsel0\")]"}
COMMAND: POST /session/637de528f4e604e156fb3e125ad907fc/element/f.71948811B2353B7E36D356F88F4B3924.d.10BA770F4DB8AB27D1D45FC2B340631F.e.9502/click - {}
RESULT: {}
RESULT: {}
COMMAND: GET /session/637de528f4e604e156fb3e125ad907fc/screenshot - {}
RESULT: {}
RESULT: undefined
COMMAND: POST /session/637de528f4e604e156fb3e125ad907fc/execute/async - {"script":"<script> [776 bytes]","args":[{"enterText":"Argentina","selector":{"id":"application-managepartners-display-component---masterPtm--smartFilterBar-filterItemControl_BASIC-MAIN_ADDRESS-valueHelpDialog-smartFilterBar-btnBasicSearch","searchOpenDialogs":true,"interaction":{"idSuffix":"I"}},"clearTextFirst":true,"interactionType":"ENTER_TEXT"}]}
RESULT: {"script":"<script> [776 bytes]","args":[{"enterText":"Argentina","selector":{"id":"application-managepartners-display-component---masterPtm--smartFilterBar-filterItemControl_BASIC-MAIN_ADDRESS-valueHelpDialog-smartFilterBar-btnBasicSearch","searchOpenDialogs":true,"interaction":{"idSuffix":"I"}},"clearTextFirst":true,"interactionType":"ENTER_TEXT"}]}
COMMAND: POST /session/637de528f4e604e156fb3e125ad907fc/actions - {"actions":[{"id":"action29","type":"key","parameters":{},"actions":[{"type":"keyDown","value":""},{"type":"pause","duration":10},{"type":"keyUp","value":""}]}]}
RESULT: {"actions":[{"id":"action29","type":"key","parameters":{},"actions":[{"type":"keyDown","value":""},{"type":"pause","duration":10},{"type":"keyUp","value":""}]}]}
COMMAND: GET /session/637de528f4e604e156fb3e125ad907fc/screenshot - {}
RESULT: {}
COMMAND: POST /session/637de528f4e604e156fb3e125ad907fc/element - {"using":"xpath","value":"//div[contains(@id, \"filterItemControl_BASIC-MAIN_ADDRESS-valueHelpDialog-table-rowsel0\")]"}
RESULT: {"using":"xpath","value":"//div[contains(@id, \"filterItemControl_BASIC-MAIN_ADDRESS-valueHelpDialog-table-rowsel0\")]"}
COMMAND: POST /session/637de528f4e604e156fb3e125ad907fc/element/f.71948811B2353B7E36D356F88F4B3924.d.10BA770F4DB8AB27D1D45FC2B340631F.e.9502/click - {}
RESULT: {}
COMMAND: GET /session/637de528f4e604e156fb3e125ad907fc/screenshot - {}
RESULT: {}
COMMAND: POST /session/637de528f4e604e156fb3e125ad907fc/element - {"using":"xpath","value":"(//bdi[contains(text(), \"OK\")])[1]"}
RESULT: {"using":"xpath","value":"(//bdi[contains(text(), \"OK\")])[1]"}
COMMAND: POST /session/637de528f4e604e156fb3e125ad907fc/element/f.71948811B2353B7E36D356F88F4B3924.d.10BA770F4DB8AB27D1D45FC2B340631F.e.9505/click - {}
RESULT: {}
COMMAND: GET /session/637de528f4e604e156fb3e125ad907fc/screenshot - {}
RESULT: {}
COMMAND: POST /session/637de528f4e604e156fb3e125ad907fc/element - {"using":"xpath","value":"//span[@id=\"application-managepartners-display-component---masterPtm--smartTable-header-inner\"]"}
RESULT: {"using":"xpath","value":"//span[@id=\"application-managepartners-display-component---masterPtm--smartTable-header-inner\"]"}
COMMAND: POST /session/637de528f4e604e156fb3e125ad907fc/elements - {"using":"xpath","value":"//span[@id=\"application-managepartners-display-component---masterPtm--smartTable-header-inner\"]"}
RESULT: {"using":"xpath","value":"//span[@id=\"application-managepartners-display-component---masterPtm--smartTable-header-inner\"]"}
COMMAND: POST /session/637de528f4e604e156fb3e125ad907fc/execute/sync - {"script":"<script> [56 bytes]","args":[{"element-6066-11e4-a52e-4f735466cecf":"f.71948811B2353B7E36D356F88F4B3924.d.10BA770F4DB8AB27D1D45FC2B340631F.e.9366","ELEMENT":"f.71948811B2353B7E36D356F88F4B3924.d.10BA770F4DB8AB27D1D45FC2B340631F.e.9366"}]}
RESULT: {"script":"<script> [56 bytes]","args":[{"element-6066-11e4-a52e-4f735466cecf":"f.71948811B2353B7E36D356F88F4B3924.d.10BA770F4DB8AB27D1D45FC2B340631F.e.9366","ELEMENT":"f.71948811B2353B7E36D356F88F4B3924.d.10BA770F4DB8AB27D1D45FC2B340631F.e.9366"}]}
COMMAND: POST /session/637de528f4e604e156fb3e125ad907fc/element - {"using":"xpath","value":"//span[contains(@title, \"Remove\")]"}
COMMAND: GET /session/637de528f4e604e156fb3e125ad907fc/screenshot - {}
RESULT: {"using":"xpath","value":"//span[contains(@title, \"Remove\")]"}
COMMAND: POST /session/637de528f4e604e156fb3e125ad907fc/element/f.71948811B2353B7E36D356F88F4B3924.d.10BA770F4DB8AB27D1D45FC2B340631F.e.9537/click - {}
RESULT: {}
RESULT: {}
COMMAND: GET /session/637de528f4e604e156fb3e125ad907fc/screenshot - {}
RESULT: {}
COMMAND: POST /session/637de528f4e604e156fb3e125ad907fc/element - {"using":"xpath","value":"//span[contains(@title, \"Remove\")]"}
RESULT: {"using":"xpath","value":"//span[contains(@title, \"Remove\")]"}
COMMAND: POST /session/637de528f4e604e156fb3e125ad907fc/element/f.71948811B2353B7E36D356F88F4B3924.d.10BA770F4DB8AB27D1D45FC2B340631F.e.9538/click - {}
RESULT: {}
COMMAND: GET /session/637de528f4e604e156fb3e125ad907fc/screenshot - {}
RESULT: {}
COMMAND: POST /session/637de528f4e604e156fb3e125ad907fc/element - {"using":"xpath","value":"//span[contains(@title, \"Remove\")]"}
RESULT: {"using":"xpath","value":"//span[contains(@title, \"Remove\")]"}
COMMAND: POST /session/637de528f4e604e156fb3e125ad907fc/element/f.71948811B2353B7E36D356F88F4B3924.d.10BA770F4DB8AB27D1D45FC2B340631F.e.9539/click - {}
RESULT: {}
COMMAND: GET /session/637de528f4e604e156fb3e125ad907fc/screenshot - {}
RESULT: undefined
COMMAND: POST /session/637de528f4e604e156fb3e125ad907fc/element - {"using":"xpath","value":"//*[@id=\"application-managepartners-display-component---masterPtm--smartFilterBar-filterItemControl_BASIC-YARD-vhi\"]"}
RESULT: {}
RESULT: {"using":"xpath","value":"//*[@id=\"application-managepartners-display-component---masterPtm--smartFilterBar-filterItemControl_BASIC-YARD-vhi\"]"}
COMMAND: POST /session/637de528f4e604e156fb3e125ad907fc/element/f.71948811B2353B7E36D356F88F4B3924.d.10BA770F4DB8AB27D1D45FC2B340631F.e.9642/click - {}
RESULT: {}
COMMAND: GET /session/637de528f4e604e156fb3e125ad907fc/screenshot - {}
RESULT: {}
RESULT: undefined
COMMAND: POST /session/637de528f4e604e156fb3e125ad907fc/execute/async - {"script":"<script> [776 bytes]","args":[{"enterText":"507","selector":{"id":"application-managepartners-display-component---masterPtm--smartFilterBar-filterItemControl_BASIC-YARD-valueHelpDialog-smartFilterBar-btnBasicSearch","searchOpenDialogs":true,"interaction":{"idSuffix":"I"}},"clearTextFirst":true,"interactionType":"ENTER_TEXT"}]}
RESULT: {"script":"<script> [776 bytes]","args":[{"enterText":"507","selector":{"id":"application-managepartners-display-component---masterPtm--smartFilterBar-filterItemControl_BASIC-YARD-valueHelpDialog-smartFilterBar-btnBasicSearch","searchOpenDialogs":true,"interaction":{"idSuffix":"I"}},"clearTextFirst":true,"interactionType":"ENTER_TEXT"}]}
COMMAND: POST /session/637de528f4e604e156fb3e125ad907fc/actions - {"actions":[{"id":"action30","type":"key","parameters":{},"actions":[{"type":"keyDown","value":""},{"type":"pause","duration":10},{"type":"keyUp","value":""}]}]}
RESULT: {"actions":[{"id":"action30","type":"key","parameters":{},"actions":[{"type":"keyDown","value":""},{"type":"pause","duration":10},{"type":"keyUp","value":""}]}]}
COMMAND: GET /session/637de528f4e604e156fb3e125ad907fc/screenshot - {}
RESULT: {}
COMMAND: POST /session/637de528f4e604e156fb3e125ad907fc/elements - {"using":"xpath","value":"//table[contains(@id, \"smartFilterBar-filterItemControl_BASIC-YARD-valueHelpDialog-table-table\")]/tbody/tr"}
RESULT: {"using":"xpath","value":"//table[contains(@id, \"smartFilterBar-filterItemControl_BASIC-YARD-valueHelpDialog-table-table\")]/tbody/tr"}
COMMAND: POST /session/637de528f4e604e156fb3e125ad907fc/element - {"using":"xpath","value":"//table[contains(@id, \"smartFilterBar-filterItemControl_BASIC-YARD-valueHelpDialog-table-table\")]/tbody/tr[1]/td[1]/div/span"}
RESULT: {"using":"xpath","value":"//table[contains(@id, \"smartFilterBar-filterItemControl_BASIC-YARD-valueHelpDialog-table-table\")]/tbody/tr[1]/td[1]/div/span"}
COMMAND: POST /session/637de528f4e604e156fb3e125ad907fc/elements - {"using":"xpath","value":"//table[contains(@id, \"smartFilterBar-filterItemControl_BASIC-YARD-valueHelpDialog-table-table\")]/tbody/tr[1]/td[1]/div/span"}
RESULT: {"using":"xpath","value":"//table[contains(@id, \"smartFilterBar-filterItemControl_BASIC-YARD-valueHelpDialog-table-table\")]/tbody/tr[1]/td[1]/div/span"}
COMMAND: POST /session/637de528f4e604e156fb3e125ad907fc/execute/sync - {"script":"<script> [56 bytes]","args":[{"element-6066-11e4-a52e-4f735466cecf":"f.71948811B2353B7E36D356F88F4B3924.d.10BA770F4DB8AB27D1D45FC2B340631F.e.9661","ELEMENT":"f.71948811B2353B7E36D356F88F4B3924.d.10BA770F4DB8AB27D1D45FC2B340631F.e.9661"}]}
RESULT: {"script":"<script> [56 bytes]","args":[{"element-6066-11e4-a52e-4f735466cecf":"f.71948811B2353B7E36D356F88F4B3924.d.10BA770F4DB8AB27D1D45FC2B340631F.e.9661","ELEMENT":"f.71948811B2353B7E36D356F88F4B3924.d.10BA770F4DB8AB27D1D45FC2B340631F.e.9661"}]}
COMMAND: POST /session/637de528f4e604e156fb3e125ad907fc/element - {"using":"xpath","value":"//div[contains(@id, \"filterItemControl_BASIC-YARD-valueHelpDialog-table-rowsel0\")]"}
COMMAND: GET /session/637de528f4e604e156fb3e125ad907fc/screenshot - {}
RESULT: {"using":"xpath","value":"//div[contains(@id, \"filterItemControl_BASIC-YARD-valueHelpDialog-table-rowsel0\")]"}
COMMAND: POST /session/637de528f4e604e156fb3e125ad907fc/element/f.71948811B2353B7E36D356F88F4B3924.d.10BA770F4DB8AB27D1D45FC2B340631F.e.9662/click - {}
RESULT: {}
RESULT: {}
COMMAND: GET /session/637de528f4e604e156fb3e125ad907fc/screenshot - {}
RESULT: {}
RESULT: undefined
COMMAND: POST /session/637de528f4e604e156fb3e125ad907fc/execute/async - {"script":"<script> [776 bytes]","args":[{"enterText":"106","selector":{"id":"application-managepartners-display-component---masterPtm--smartFilterBar-filterItemControl_BASIC-YARD-valueHelpDialog-smartFilterBar-btnBasicSearch","searchOpenDialogs":true,"interaction":{"idSuffix":"I"}},"clearTextFirst":true,"interactionType":"ENTER_TEXT"}]}
RESULT: {"script":"<script> [776 bytes]","args":[{"enterText":"106","selector":{"id":"application-managepartners-display-component---masterPtm--smartFilterBar-filterItemControl_BASIC-YARD-valueHelpDialog-smartFilterBar-btnBasicSearch","searchOpenDialogs":true,"interaction":{"idSuffix":"I"}},"clearTextFirst":true,"interactionType":"ENTER_TEXT"}]}
COMMAND: POST /session/637de528f4e604e156fb3e125ad907fc/actions - {"actions":[{"id":"action31","type":"key","parameters":{},"actions":[{"type":"keyDown","value":""},{"type":"pause","duration":10},{"type":"keyUp","value":""}]}]}
RESULT: {"actions":[{"id":"action31","type":"key","parameters":{},"actions":[{"type":"keyDown","value":""},{"type":"pause","duration":10},{"type":"keyUp","value":""}]}]}
COMMAND: GET /session/637de528f4e604e156fb3e125ad907fc/screenshot - {}
RESULT: {}
COMMAND: POST /session/637de528f4e604e156fb3e125ad907fc/elements - {"using":"xpath","value":"//table[contains(@id, \"smartFilterBar-filterItemControl_BASIC-YARD-valueHelpDialog-table-table\")]/tbody/tr"}
RESULT: {"using":"xpath","value":"//table[contains(@id, \"smartFilterBar-filterItemControl_BASIC-YARD-valueHelpDialog-table-table\")]/tbody/tr"}
COMMAND: POST /session/637de528f4e604e156fb3e125ad907fc/element - {"using":"xpath","value":"//table[contains(@id, \"smartFilterBar-filterItemControl_BASIC-YARD-valueHelpDialog-table-table\")]/tbody/tr[1]/td[1]/div/span"}
RESULT: {"using":"xpath","value":"//table[contains(@id, \"smartFilterBar-filterItemControl_BASIC-YARD-valueHelpDialog-table-table\")]/tbody/tr[1]/td[1]/div/span"}
COMMAND: POST /session/637de528f4e604e156fb3e125ad907fc/elements - {"using":"xpath","value":"//table[contains(@id, \"smartFilterBar-filterItemControl_BASIC-YARD-valueHelpDialog-table-table\")]/tbody/tr[1]/td[1]/div/span"}
RESULT: {"using":"xpath","value":"//table[contains(@id, \"smartFilterBar-filterItemControl_BASIC-YARD-valueHelpDialog-table-table\")]/tbody/tr[1]/td[1]/div/span"}
COMMAND: POST /session/637de528f4e604e156fb3e125ad907fc/execute/sync - {"script":"<script> [56 bytes]","args":[{"element-6066-11e4-a52e-4f735466cecf":"f.71948811B2353B7E36D356F88F4B3924.d.10BA770F4DB8AB27D1D45FC2B340631F.e.9661","ELEMENT":"f.71948811B2353B7E36D356F88F4B3924.d.10BA770F4DB8AB27D1D45FC2B340631F.e.9661"}]}
RESULT: {"script":"<script> [56 bytes]","args":[{"element-6066-11e4-a52e-4f735466cecf":"f.71948811B2353B7E36D356F88F4B3924.d.10BA770F4DB8AB27D1D45FC2B340631F.e.9661","ELEMENT":"f.71948811B2353B7E36D356F88F4B3924.d.10BA770F4DB8AB27D1D45FC2B340631F.e.9661"}]}
COMMAND: POST /session/637de528f4e604e156fb3e125ad907fc/element - {"using":"xpath","value":"//div[contains(@id, \"filterItemControl_BASIC-YARD-valueHelpDialog-table-rowsel0\")]"}
COMMAND: GET /session/637de528f4e604e156fb3e125ad907fc/screenshot - {}
RESULT: {"using":"xpath","value":"//div[contains(@id, \"filterItemControl_BASIC-YARD-valueHelpDialog-table-rowsel0\")]"}
COMMAND: POST /session/637de528f4e604e156fb3e125ad907fc/element/f.71948811B2353B7E36D356F88F4B3924.d.10BA770F4DB8AB27D1D45FC2B340631F.e.9662/click - {}
RESULT: {}
RESULT: {}
COMMAND: GET /session/637de528f4e604e156fb3e125ad907fc/screenshot - {}
RESULT: {}
COMMAND: POST /session/637de528f4e604e156fb3e125ad907fc/element - {"using":"xpath","value":"(//bdi[contains(text(), \"OK\")])[1]"}
RESULT: {"using":"xpath","value":"(//bdi[contains(text(), \"OK\")])[1]"}
COMMAND: POST /session/637de528f4e604e156fb3e125ad907fc/element/f.71948811B2353B7E36D356F88F4B3924.d.10BA770F4DB8AB27D1D45FC2B340631F.e.9664/click - {}
RESULT: {}
COMMAND: GET /session/637de528f4e604e156fb3e125ad907fc/screenshot - {}
RESULT: {}
COMMAND: POST /session/637de528f4e604e156fb3e125ad907fc/element - {"using":"xpath","value":"//span[@id=\"application-managepartners-display-component---masterPtm--smartTable-header-inner\"]"}
RESULT: {"using":"xpath","value":"//span[@id=\"application-managepartners-display-component---masterPtm--smartTable-header-inner\"]"}
COMMAND: POST /session/637de528f4e604e156fb3e125ad907fc/elements - {"using":"xpath","value":"//span[@id=\"application-managepartners-display-component---masterPtm--smartTable-header-inner\"]"}
RESULT: {"using":"xpath","value":"//span[@id=\"application-managepartners-display-component---masterPtm--smartTable-header-inner\"]"}
COMMAND: POST /session/637de528f4e604e156fb3e125ad907fc/execute/sync - {"script":"<script> [56 bytes]","args":[{"element-6066-11e4-a52e-4f735466cecf":"f.71948811B2353B7E36D356F88F4B3924.d.10BA770F4DB8AB27D1D45FC2B340631F.e.9366","ELEMENT":"f.71948811B2353B7E36D356F88F4B3924.d.10BA770F4DB8AB27D1D45FC2B340631F.e.9366"}]}
RESULT: {"script":"<script> [56 bytes]","args":[{"element-6066-11e4-a52e-4f735466cecf":"f.71948811B2353B7E36D356F88F4B3924.d.10BA770F4DB8AB27D1D45FC2B340631F.e.9366","ELEMENT":"f.71948811B2353B7E36D356F88F4B3924.d.10BA770F4DB8AB27D1D45FC2B340631F.e.9366"}]}
COMMAND: POST /session/637de528f4e604e156fb3e125ad907fc/element - {"using":"xpath","value":"//span[contains(@title, \"Remove\")]"}
COMMAND: GET /session/637de528f4e604e156fb3e125ad907fc/screenshot - {}
RESULT: {"using":"xpath","value":"//span[contains(@title, \"Remove\")]"}
COMMAND: POST /session/637de528f4e604e156fb3e125ad907fc/element/f.71948811B2353B7E36D356F88F4B3924.d.10BA770F4DB8AB27D1D45FC2B340631F.e.9686/click - {}
RESULT: {}
RESULT: {}
COMMAND: GET /session/637de528f4e604e156fb3e125ad907fc/screenshot - {}
RESULT: {}
COMMAND: POST /session/637de528f4e604e156fb3e125ad907fc/element - {"using":"xpath","value":"//span[contains(@title, \"Remove\")]"}
RESULT: {"using":"xpath","value":"//span[contains(@title, \"Remove\")]"}
COMMAND: POST /session/637de528f4e604e156fb3e125ad907fc/element/f.71948811B2353B7E36D356F88F4B3924.d.10BA770F4DB8AB27D1D45FC2B340631F.e.9687/click - {}
RESULT: {}
COMMAND: GET /session/637de528f4e604e156fb3e125ad907fc/screenshot - {}
RESULT: {}
RESULT: undefined
COMMAND: POST /session/637de528f4e604e156fb3e125ad907fc/element - {"using":"xpath","value":"//*[@id=\"application-managepartners-display-component---masterPtm--catalogs-arrow\"]"}
RESULT: {"using":"xpath","value":"//*[@id=\"application-managepartners-display-component---masterPtm--catalogs-arrow\"]"}
COMMAND: POST /session/637de528f4e604e156fb3e125ad907fc/element/f.71948811B2353B7E36D356F88F4B3924.d.10BA770F4DB8AB27D1D45FC2B340631F.e.9791/click - {}
RESULT: {}
COMMAND: GET /session/637de528f4e604e156fb3e125ad907fc/screenshot - {}
RESULT: {}
COMMAND: POST /session/637de528f4e604e156fb3e125ad907fc/element - {"using":"xpath","value":"(//li[.//span[contains(text(), \"Webshop Catalog\")]])[1]"}
RESULT: {"using":"xpath","value":"(//li[.//span[contains(text(), \"Webshop Catalog\")]])[1]"}
COMMAND: POST /session/637de528f4e604e156fb3e125ad907fc/element/f.71948811B2353B7E36D356F88F4B3924.d.10BA770F4DB8AB27D1D45FC2B340631F.e.9803/click - {}
RESULT: {}
COMMAND: GET /session/637de528f4e604e156fb3e125ad907fc/screenshot - {}
RESULT: {}
COMMAND: POST /session/637de528f4e604e156fb3e125ad907fc/element - {"using":"xpath","value":"//span[@id=\"application-managepartners-display-component---masterPtm--smartTable-header-inner\"]"}
RESULT: {"using":"xpath","value":"//span[@id=\"application-managepartners-display-component---masterPtm--smartTable-header-inner\"]"}
COMMAND: POST /session/637de528f4e604e156fb3e125ad907fc/elements - {"using":"xpath","value":"//span[@id=\"application-managepartners-display-component---masterPtm--smartTable-header-inner\"]"}
RESULT: {"using":"xpath","value":"//span[@id=\"application-managepartners-display-component---masterPtm--smartTable-header-inner\"]"}
COMMAND: POST /session/637de528f4e604e156fb3e125ad907fc/execute/sync - {"script":"<script> [56 bytes]","args":[{"element-6066-11e4-a52e-4f735466cecf":"f.71948811B2353B7E36D356F88F4B3924.d.10BA770F4DB8AB27D1D45FC2B340631F.e.9366","ELEMENT":"f.71948811B2353B7E36D356F88F4B3924.d.10BA770F4DB8AB27D1D45FC2B340631F.e.9366"}]}
RESULT: {"script":"<script> [56 bytes]","args":[{"element-6066-11e4-a52e-4f735466cecf":"f.71948811B2353B7E36D356F88F4B3924.d.10BA770F4DB8AB27D1D45FC2B340631F.e.9366","ELEMENT":"f.71948811B2353B7E36D356F88F4B3924.d.10BA770F4DB8AB27D1D45FC2B340631F.e.9366"}]}
COMMAND: POST /session/637de528f4e604e156fb3e125ad907fc/element - {"using":"xpath","value":"//span[contains(@title, \"Remove\")]"}
COMMAND: GET /session/637de528f4e604e156fb3e125ad907fc/screenshot - {}
RESULT: {"using":"xpath","value":"//span[contains(@title, \"Remove\")]"}
COMMAND: POST /session/637de528f4e604e156fb3e125ad907fc/element/f.71948811B2353B7E36D356F88F4B3924.d.10BA770F4DB8AB27D1D45FC2B340631F.e.9819/click - {}
RESULT: {}
RESULT: {}
COMMAND: GET /session/637de528f4e604e156fb3e125ad907fc/screenshot - {}
RESULT: undefined
COMMAND: POST /session/637de528f4e604e156fb3e125ad907fc/element - {"using":"xpath","value":"//*[@id=\"application-managepartners-display-component---masterPtm--partnerTypes-arrow\"]"}
RESULT: {}
RESULT: {"using":"xpath","value":"//*[@id=\"application-managepartners-display-component---masterPtm--partnerTypes-arrow\"]"}
COMMAND: POST /session/637de528f4e604e156fb3e125ad907fc/element/f.71948811B2353B7E36D356F88F4B3924.d.10BA770F4DB8AB27D1D45FC2B340631F.e.9909/click - {}
RESULT: {}
COMMAND: GET /session/637de528f4e604e156fb3e125ad907fc/screenshot - {}
RESULT: {}
COMMAND: POST /session/637de528f4e604e156fb3e125ad907fc/element - {"using":"xpath","value":"(//li[.//span[contains(text(), \"External partner\")]])[1]"}
RESULT: {"using":"xpath","value":"(//li[.//span[contains(text(), \"External partner\")]])[1]"}
COMMAND: POST /session/637de528f4e604e156fb3e125ad907fc/element/f.71948811B2353B7E36D356F88F4B3924.d.10BA770F4DB8AB27D1D45FC2B340631F.e.9912/click - {}
RESULT: {}
COMMAND: GET /session/637de528f4e604e156fb3e125ad907fc/screenshot - {}
RESULT: {}
COMMAND: POST /session/637de528f4e604e156fb3e125ad907fc/element - {"using":"xpath","value":"//span[@id=\"application-managepartners-display-component---masterPtm--smartTable-header-inner\"]"}
RESULT: {"using":"xpath","value":"//span[@id=\"application-managepartners-display-component---masterPtm--smartTable-header-inner\"]"}
COMMAND: POST /session/637de528f4e604e156fb3e125ad907fc/elements - {"using":"xpath","value":"//span[@id=\"application-managepartners-display-component---masterPtm--smartTable-header-inner\"]"}
RESULT: {"using":"xpath","value":"//span[@id=\"application-managepartners-display-component---masterPtm--smartTable-header-inner\"]"}
COMMAND: POST /session/637de528f4e604e156fb3e125ad907fc/execute/sync - {"script":"<script> [56 bytes]","args":[{"element-6066-11e4-a52e-4f735466cecf":"f.71948811B2353B7E36D356F88F4B3924.d.10BA770F4DB8AB27D1D45FC2B340631F.e.9366","ELEMENT":"f.71948811B2353B7E36D356F88F4B3924.d.10BA770F4DB8AB27D1D45FC2B340631F.e.9366"}]}
RESULT: {"script":"<script> [56 bytes]","args":[{"element-6066-11e4-a52e-4f735466cecf":"f.71948811B2353B7E36D356F88F4B3924.d.10BA770F4DB8AB27D1D45FC2B340631F.e.9366","ELEMENT":"f.71948811B2353B7E36D356F88F4B3924.d.10BA770F4DB8AB27D1D45FC2B340631F.e.9366"}]}
COMMAND: POST /session/637de528f4e604e156fb3e125ad907fc/element - {"using":"xpath","value":"//span[contains(@title, \"Remove\")]"}
COMMAND: GET /session/637de528f4e604e156fb3e125ad907fc/screenshot - {}
RESULT: {"using":"xpath","value":"//span[contains(@title, \"Remove\")]"}
COMMAND: POST /session/637de528f4e604e156fb3e125ad907fc/element/f.71948811B2353B7E36D356F88F4B3924.d.10BA770F4DB8AB27D1D45FC2B340631F.e.9988/click - {}
RESULT: {}
RESULT: {}
COMMAND: GET /session/637de528f4e604e156fb3e125ad907fc/screenshot - {}
RESULT: {}
RESULT: undefined
COMMAND: POST /session/637de528f4e604e156fb3e125ad907fc/element - {"using":"xpath","value":"//*[@id=\"application-managepartners-display-component---masterPtm--currencies-arrow\"]"}
RESULT: {"using":"xpath","value":"//*[@id=\"application-managepartners-display-component---masterPtm--currencies-arrow\"]"}
COMMAND: POST /session/637de528f4e604e156fb3e125ad907fc/element/f.71948811B2353B7E36D356F88F4B3924.d.10BA770F4DB8AB27D1D45FC2B340631F.e.10029/click - {}
RESULT: {}
COMMAND: GET /session/637de528f4e604e156fb3e125ad907fc/screenshot - {}
RESULT: {}
COMMAND: POST /session/637de528f4e604e156fb3e125ad907fc/element - {"using":"xpath","value":"(//li[.//span[contains(text(), \"US Dollar\")]])[1]"}
RESULT: {"using":"xpath","value":"(//li[.//span[contains(text(), \"US Dollar\")]])[1]"}
COMMAND: POST /session/637de528f4e604e156fb3e125ad907fc/element/f.71948811B2353B7E36D356F88F4B3924.d.10BA770F4DB8AB27D1D45FC2B340631F.e.10032/click - {}
RESULT: {}
COMMAND: GET /session/637de528f4e604e156fb3e125ad907fc/screenshot - {}
COMMAND: POST /session/637de528f4e604e156fb3e125ad907fc/element - {"using":"xpath","value":"//span[@id=\"application-managepartners-display-component---masterPtm--smartTable-header-inner\"]"}
RESULT: {}
RESULT: {"using":"xpath","value":"//span[@id=\"application-managepartners-display-component---masterPtm--smartTable-header-inner\"]"}
COMMAND: POST /session/637de528f4e604e156fb3e125ad907fc/elements - {"using":"xpath","value":"//span[@id=\"application-managepartners-display-component---masterPtm--smartTable-header-inner\"]"}
RESULT: {"using":"xpath","value":"//span[@id=\"application-managepartners-display-component---masterPtm--smartTable-header-inner\"]"}
COMMAND: POST /session/637de528f4e604e156fb3e125ad907fc/execute/sync - {"script":"<script> [56 bytes]","args":[{"element-6066-11e4-a52e-4f735466cecf":"f.71948811B2353B7E36D356F88F4B3924.d.10BA770F4DB8AB27D1D45FC2B340631F.e.9366","ELEMENT":"f.71948811B2353B7E36D356F88F4B3924.d.10BA770F4DB8AB27D1D45FC2B340631F.e.9366"}]}
RESULT: {"script":"<script> [56 bytes]","args":[{"element-6066-11e4-a52e-4f735466cecf":"f.71948811B2353B7E36D356F88F4B3924.d.10BA770F4DB8AB27D1D45FC2B340631F.e.9366","ELEMENT":"f.71948811B2353B7E36D356F88F4B3924.d.10BA770F4DB8AB27D1D45FC2B340631F.e.9366"}]}
COMMAND: POST /session/637de528f4e604e156fb3e125ad907fc/element - {"using":"xpath","value":"//span[contains(@title, \"Remove\")]"}
COMMAND: GET /session/637de528f4e604e156fb3e125ad907fc/screenshot - {}
RESULT: {"using":"xpath","value":"//span[contains(@title, \"Remove\")]"}
COMMAND: POST /session/637de528f4e604e156fb3e125ad907fc/element/f.71948811B2353B7E36D356F88F4B3924.d.10BA770F4DB8AB27D1D45FC2B340631F.e.10188/click - {}
RESULT: {}
RESULT: {}
COMMAND: GET /session/637de528f4e604e156fb3e125ad907fc/screenshot - {}
RESULT: {}
RESULT: undefined
COMMAND: POST /session/637de528f4e604e156fb3e125ad907fc/element - {"using":"xpath","value":"//*[@id=\"application-managepartners-display-component---masterPtm--languages-arrow\"]"}
RESULT: {"using":"xpath","value":"//*[@id=\"application-managepartners-display-component---masterPtm--languages-arrow\"]"}
COMMAND: POST /session/637de528f4e604e156fb3e125ad907fc/element/f.71948811B2353B7E36D356F88F4B3924.d.10BA770F4DB8AB27D1D45FC2B340631F.e.10271/click - {}
RESULT: {}
COMMAND: GET /session/637de528f4e604e156fb3e125ad907fc/screenshot - {}
RESULT: {}
COMMAND: POST /session/637de528f4e604e156fb3e125ad907fc/element - {"using":"xpath","value":"(//li[.//span[contains(text(), \"German\")]])[1]"}
RESULT: {"using":"xpath","value":"(//li[.//span[contains(text(), \"German\")]])[1]"}
COMMAND: POST /session/637de528f4e604e156fb3e125ad907fc/element/f.71948811B2353B7E36D356F88F4B3924.d.10BA770F4DB8AB27D1D45FC2B340631F.e.10317/click - {}
RESULT: {}
COMMAND: GET /session/637de528f4e604e156fb3e125ad907fc/screenshot - {}
RESULT: {}
COMMAND: POST /session/637de528f4e604e156fb3e125ad907fc/element - {"using":"xpath","value":"//span[@id=\"application-managepartners-display-component---masterPtm--smartTable-header-inner\"]"}
RESULT: {"using":"xpath","value":"//span[@id=\"application-managepartners-display-component---masterPtm--smartTable-header-inner\"]"}
COMMAND: POST /session/637de528f4e604e156fb3e125ad907fc/elements - {"using":"xpath","value":"//span[@id=\"application-managepartners-display-component---masterPtm--smartTable-header-inner\"]"}
RESULT: {"using":"xpath","value":"//span[@id=\"application-managepartners-display-component---masterPtm--smartTable-header-inner\"]"}
COMMAND: POST /session/637de528f4e604e156fb3e125ad907fc/execute/sync - {"script":"<script> [56 bytes]","args":[{"element-6066-11e4-a52e-4f735466cecf":"f.71948811B2353B7E36D356F88F4B3924.d.10BA770F4DB8AB27D1D45FC2B340631F.e.9366","ELEMENT":"f.71948811B2353B7E36D356F88F4B3924.d.10BA770F4DB8AB27D1D45FC2B340631F.e.9366"}]}
RESULT: {"script":"<script> [56 bytes]","args":[{"element-6066-11e4-a52e-4f735466cecf":"f.71948811B2353B7E36D356F88F4B3924.d.10BA770F4DB8AB27D1D45FC2B340631F.e.9366","ELEMENT":"f.71948811B2353B7E36D356F88F4B3924.d.10BA770F4DB8AB27D1D45FC2B340631F.e.9366"}]}
COMMAND: POST /session/637de528f4e604e156fb3e125ad907fc/element - {"using":"xpath","value":"//span[contains(@title, \"Remove\")]"}
COMMAND: GET /session/637de528f4e604e156fb3e125ad907fc/screenshot - {}
RESULT: {"using":"xpath","value":"//span[contains(@title, \"Remove\")]"}
COMMAND: POST /session/637de528f4e604e156fb3e125ad907fc/element/f.71948811B2353B7E36D356F88F4B3924.d.10BA770F4DB8AB27D1D45FC2B340631F.e.10380/click - {}
RESULT: {}
RESULT: {}
COMMAND: GET /session/637de528f4e604e156fb3e125ad907fc/screenshot - {}
RESULT: {}
COMMAND: POST /session/637de528f4e604e156fb3e125ad907fc/execute/async - {"script":"<script> [1562 bytes]","args":[{"selector":{"controlType":"sap.ui.core.Icon","viewName":"etm.portal.ui.managepartners.view.Master","viewId":"application-managepartners-display-component---masterPtm","properties":{"src":{"regex":{"source":"slim\\-arrow\\-down"}}},"ancestor":{"controlType":"sap.m.MultiComboBox","viewName":"etm.portal.ui.managepartners.view.Master","viewId":"application-managepartners-display-component---masterPtm","labelFor":{"text":"Status"}}},"wdio_ui5_key":"etmportal.ui.managepartners.view.Mastersap.ui.core.Icon{\"src\":{\"regex\":{\"source\":\"slim\\\\-arrow\\\\-down\"}}}{\"controlType\":\"sap.m.MultiComboBox\",\"viewName\":\"etm.portal.ui.managepartners.view.Master\",\"viewId\":\"application-managepartners-display-component---masterPtm\",\"labelFor\":{\"text\":\"Status\"}}"}]}
RESULT: {"script":"<script> [1562 bytes]","args":[{"selector":{"controlType":"sap.ui.core.Icon","viewName":"etm.portal.ui.managepartners.view.Master","viewId":"application-managepartners-display-component---masterPtm","properties":{"src":{"regex":{"source":"slim\\-arrow\\-down"}}},"ancestor":{"controlType":"sap.m.MultiComboBox","viewName":"etm.portal.ui.managepartners.view.Master","viewId":"application-managepartners-display-component---masterPtm","labelFor":{"text":"Status"}}},"wdio_ui5_key":"etmportal.ui.managepartners.view.Mastersap.ui.core.Icon{\"src\":{\"regex\":{\"source\":\"slim\\\\-arrow\\\\-down\"}}}{\"controlType\":\"sap.m.MultiComboBox\",\"viewName\":\"etm.portal.ui.managepartners.view.Master\",\"viewId\":\"application-managepartners-display-component---masterPtm\",\"labelFor\":{\"text\":\"Status\"}}"}]}
RESULT: undefined
COMMAND: POST /session/637de528f4e604e156fb3e125ad907fc/element - {"using":"xpath","value":"//*[@id=\"__box88-arrow\"]"}
RESULT: {"using":"xpath","value":"//*[@id=\"__box88-arrow\"]"}
COMMAND: POST /session/637de528f4e604e156fb3e125ad907fc/element/f.71948811B2353B7E36D356F88F4B3924.d.10BA770F4DB8AB27D1D45FC2B340631F.e.10526/click - {}
RESULT: {}
COMMAND: GET /session/637de528f4e604e156fb3e125ad907fc/screenshot - {}
RESULT: {}
COMMAND: POST /session/637de528f4e604e156fb3e125ad907fc/element - {"using":"xpath","value":"(//li[.//span[contains(text(), \"Inactive\")]])[1]"}
RESULT: {"using":"xpath","value":"(//li[.//span[contains(text(), \"Inactive\")]])[1]"}
COMMAND: POST /session/637de528f4e604e156fb3e125ad907fc/element/f.71948811B2353B7E36D356F88F4B3924.d.10BA770F4DB8AB27D1D45FC2B340631F.e.10529/click - {}
RESULT: {}
COMMAND: GET /session/637de528f4e604e156fb3e125ad907fc/screenshot - {}
RESULT: {}
COMMAND: POST /session/637de528f4e604e156fb3e125ad907fc/element - {"using":"xpath","value":"//span[@id=\"application-managepartners-display-component---masterPtm--smartTable-header-inner\"]"}
RESULT: {"using":"xpath","value":"//span[@id=\"application-managepartners-display-component---masterPtm--smartTable-header-inner\"]"}
COMMAND: POST /session/637de528f4e604e156fb3e125ad907fc/elements - {"using":"xpath","value":"//span[@id=\"application-managepartners-display-component---masterPtm--smartTable-header-inner\"]"}
RESULT: {"using":"xpath","value":"//span[@id=\"application-managepartners-display-component---masterPtm--smartTable-header-inner\"]"}
COMMAND: POST /session/637de528f4e604e156fb3e125ad907fc/execute/sync - {"script":"<script> [56 bytes]","args":[{"element-6066-11e4-a52e-4f735466cecf":"f.71948811B2353B7E36D356F88F4B3924.d.10BA770F4DB8AB27D1D45FC2B340631F.e.9366","ELEMENT":"f.71948811B2353B7E36D356F88F4B3924.d.10BA770F4DB8AB27D1D45FC2B340631F.e.9366"}]}
RESULT: {"script":"<script> [56 bytes]","args":[{"element-6066-11e4-a52e-4f735466cecf":"f.71948811B2353B7E36D356F88F4B3924.d.10BA770F4DB8AB27D1D45FC2B340631F.e.9366","ELEMENT":"f.71948811B2353B7E36D356F88F4B3924.d.10BA770F4DB8AB27D1D45FC2B340631F.e.9366"}]}
COMMAND: POST /session/637de528f4e604e156fb3e125ad907fc/element - {"using":"xpath","value":"//span[contains(@title, \"Remove\")]"}
COMMAND: GET /session/637de528f4e604e156fb3e125ad907fc/screenshot - {}
RESULT: {"using":"xpath","value":"//span[contains(@title, \"Remove\")]"}
COMMAND: POST /session/637de528f4e604e156fb3e125ad907fc/element/f.71948811B2353B7E36D356F88F4B3924.d.10BA770F4DB8AB27D1D45FC2B340631F.e.10535/click - {}
RESULT: {}
RESULT: {}
COMMAND: GET /session/637de528f4e604e156fb3e125ad907fc/screenshot - {}
RESULT: {}
COMMAND: POST /session/637de528f4e604e156fb3e125ad907fc/execute/async - {"script":"<script> [1562 bytes]","args":[{"selector":{"controlType":"sap.ui.core.Icon","viewName":"etm.portal.ui.managepartners.view.Master","viewId":"application-managepartners-display-component---masterPtm","properties":{"src":{"regex":{"source":"slim\\-arrow\\-down"}}},"ancestor":{"controlType":"sap.m.MultiComboBox","viewName":"etm.portal.ui.managepartners.view.Master","viewId":"application-managepartners-display-component---masterPtm","labelFor":{"text":"Joint Venture"}}},"wdio_ui5_key":"etmportal.ui.managepartners.view.Mastersap.ui.core.Icon{\"src\":{\"regex\":{\"source\":\"slim\\\\-arrow\\\\-down\"}}}{\"controlType\":\"sap.m.MultiComboBox\",\"viewName\":\"etm.portal.ui.managepartners.view.Master\",\"viewId\":\"application-managepartners-display-component---masterPtm\",\"labelFor\":{\"text\":\"Joint Venture\"}}"}]}
RESULT: {"script":"<script> [1562 bytes]","args":[{"selector":{"controlType":"sap.ui.core.Icon","viewName":"etm.portal.ui.managepartners.view.Master","viewId":"application-managepartners-display-component---masterPtm","properties":{"src":{"regex":{"source":"slim\\-arrow\\-down"}}},"ancestor":{"controlType":"sap.m.MultiComboBox","viewName":"etm.portal.ui.managepartners.view.Master","viewId":"application-managepartners-display-component---masterPtm","labelFor":{"text":"Joint Venture"}}},"wdio_ui5_key":"etmportal.ui.managepartners.view.Mastersap.ui.core.Icon{\"src\":{\"regex\":{\"source\":\"slim\\\\-arrow\\\\-down\"}}}{\"controlType\":\"sap.m.MultiComboBox\",\"viewName\":\"etm.portal.ui.managepartners.view.Master\",\"viewId\":\"application-managepartners-display-component---masterPtm\",\"labelFor\":{\"text\":\"Joint Venture\"}}"}]}
RESULT: undefined
COMMAND: POST /session/637de528f4e604e156fb3e125ad907fc/element - {"using":"xpath","value":"//*[@id=\"__box89-arrow\"]"}
RESULT: {"using":"xpath","value":"//*[@id=\"__box89-arrow\"]"}
COMMAND: POST /session/637de528f4e604e156fb3e125ad907fc/element/f.71948811B2353B7E36D356F88F4B3924.d.10BA770F4DB8AB27D1D45FC2B340631F.e.10642/click - {}
RESULT: {}
COMMAND: GET /session/637de528f4e604e156fb3e125ad907fc/screenshot - {}
RESULT: {}
COMMAND: POST /session/637de528f4e604e156fb3e125ad907fc/element - {"using":"xpath","value":"(//li[.//span[contains(text(), \"Yes\")]])[1]"}
RESULT: {"using":"xpath","value":"(//li[.//span[contains(text(), \"Yes\")]])[1]"}
COMMAND: POST /session/637de528f4e604e156fb3e125ad907fc/element/f.71948811B2353B7E36D356F88F4B3924.d.10BA770F4DB8AB27D1D45FC2B340631F.e.10645/click - {}
RESULT: {}
COMMAND: GET /session/637de528f4e604e156fb3e125ad907fc/screenshot - {}
RESULT: {}
COMMAND: POST /session/637de528f4e604e156fb3e125ad907fc/element - {"using":"xpath","value":"//span[@id=\"application-managepartners-display-component---masterPtm--smartTable-header-inner\"]"}
RESULT: {"using":"xpath","value":"//span[@id=\"application-managepartners-display-component---masterPtm--smartTable-header-inner\"]"}
COMMAND: POST /session/637de528f4e604e156fb3e125ad907fc/elements - {"using":"xpath","value":"//span[@id=\"application-managepartners-display-component---masterPtm--smartTable-header-inner\"]"}
RESULT: {"using":"xpath","value":"//span[@id=\"application-managepartners-display-component---masterPtm--smartTable-header-inner\"]"}
COMMAND: POST /session/637de528f4e604e156fb3e125ad907fc/execute/sync - {"script":"<script> [56 bytes]","args":[{"element-6066-11e4-a52e-4f735466cecf":"f.71948811B2353B7E36D356F88F4B3924.d.10BA770F4DB8AB27D1D45FC2B340631F.e.9366","ELEMENT":"f.71948811B2353B7E36D356F88F4B3924.d.10BA770F4DB8AB27D1D45FC2B340631F.e.9366"}]}
RESULT: {"script":"<script> [56 bytes]","args":[{"element-6066-11e4-a52e-4f735466cecf":"f.71948811B2353B7E36D356F88F4B3924.d.10BA770F4DB8AB27D1D45FC2B340631F.e.9366","ELEMENT":"f.71948811B2353B7E36D356F88F4B3924.d.10BA770F4DB8AB27D1D45FC2B340631F.e.9366"}]}
COMMAND: POST /session/637de528f4e604e156fb3e125ad907fc/element - {"using":"xpath","value":"//span[contains(@title, \"Remove\")]"}
COMMAND: GET /session/637de528f4e604e156fb3e125ad907fc/screenshot - {}
RESULT: {"using":"xpath","value":"//span[contains(@title, \"Remove\")]"}
COMMAND: POST /session/637de528f4e604e156fb3e125ad907fc/element/f.71948811B2353B7E36D356F88F4B3924.d.10BA770F4DB8AB27D1D45FC2B340631F.e.10656/click - {}
RESULT: {}
RESULT: {}
COMMAND: GET /session/637de528f4e604e156fb3e125ad907fc/screenshot - {}
RESULT: {}
RESULT: undefined
COMMAND: POST /session/637de528f4e604e156fb3e125ad907fc/element - {"using":"xpath","value":"//*[@id=\"application-managepartners-display-component---masterPtm--smartFilterBar-filterItemControl_BASIC-ALL_TAGS-vhi\"]"}
RESULT: {"using":"xpath","value":"//*[@id=\"application-managepartners-display-component---masterPtm--smartFilterBar-filterItemControl_BASIC-ALL_TAGS-vhi\"]"}
COMMAND: POST /session/637de528f4e604e156fb3e125ad907fc/element/f.71948811B2353B7E36D356F88F4B3924.d.10BA770F4DB8AB27D1D45FC2B340631F.e.10763/click - {}
RESULT: {}
COMMAND: GET /session/637de528f4e604e156fb3e125ad907fc/screenshot - {}
RESULT: {}
RESULT: undefined
COMMAND: POST /session/637de528f4e604e156fb3e125ad907fc/execute/async - {"script":"<script> [776 bytes]","args":[{"enterText":"test-tag-1","selector":{"id":"application-managepartners-display-component---masterPtm--smartFilterBar-filterItemControl_BASIC-ALL_TAGS-valueHelpDialog-smartFilterBar-btnBasicSearch","searchOpenDialogs":true,"interaction":{"idSuffix":"I"}},"clearTextFirst":true,"interactionType":"ENTER_TEXT"}]}
RESULT: {"script":"<script> [776 bytes]","args":[{"enterText":"test-tag-1","selector":{"id":"application-managepartners-display-component---masterPtm--smartFilterBar-filterItemControl_BASIC-ALL_TAGS-valueHelpDialog-smartFilterBar-btnBasicSearch","searchOpenDialogs":true,"interaction":{"idSuffix":"I"}},"clearTextFirst":true,"interactionType":"ENTER_TEXT"}]}
COMMAND: POST /session/637de528f4e604e156fb3e125ad907fc/actions - {"actions":[{"id":"action32","type":"key","parameters":{},"actions":[{"type":"keyDown","value":""},{"type":"pause","duration":10},{"type":"keyUp","value":""}]}]}
RESULT: {"actions":[{"id":"action32","type":"key","parameters":{},"actions":[{"type":"keyDown","value":""},{"type":"pause","duration":10},{"type":"keyUp","value":""}]}]}
COMMAND: GET /session/637de528f4e604e156fb3e125ad907fc/screenshot - {}
RESULT: {}
COMMAND: POST /session/637de528f4e604e156fb3e125ad907fc/elements - {"using":"xpath","value":"//table[contains(@id, \"smartFilterBar-filterItemControl_BASIC-ALL_TAGS-valueHelpDialog-table-table\")]/tbody/tr"}
RESULT: {"using":"xpath","value":"//table[contains(@id, \"smartFilterBar-filterItemControl_BASIC-ALL_TAGS-valueHelpDialog-table-table\")]/tbody/tr"}
COMMAND: POST /session/637de528f4e604e156fb3e125ad907fc/element - {"using":"xpath","value":"//table[contains(@id, \"smartFilterBar-filterItemControl_BASIC-ALL_TAGS-valueHelpDialog-table-table\")]/tbody/tr[1]/td[1]/div/span"}
RESULT: {"using":"xpath","value":"//table[contains(@id, \"smartFilterBar-filterItemControl_BASIC-ALL_TAGS-valueHelpDialog-table-table\")]/tbody/tr[1]/td[1]/div/span"}
COMMAND: POST /session/637de528f4e604e156fb3e125ad907fc/elements - {"using":"xpath","value":"//table[contains(@id, \"smartFilterBar-filterItemControl_BASIC-ALL_TAGS-valueHelpDialog-table-table\")]/tbody/tr[1]/td[1]/div/span"}
RESULT: {"using":"xpath","value":"//table[contains(@id, \"smartFilterBar-filterItemControl_BASIC-ALL_TAGS-valueHelpDialog-table-table\")]/tbody/tr[1]/td[1]/div/span"}
COMMAND: POST /session/637de528f4e604e156fb3e125ad907fc/execute/sync - {"script":"<script> [56 bytes]","args":[{"element-6066-11e4-a52e-4f735466cecf":"f.71948811B2353B7E36D356F88F4B3924.d.10BA770F4DB8AB27D1D45FC2B340631F.e.10784","ELEMENT":"f.71948811B2353B7E36D356F88F4B3924.d.10BA770F4DB8AB27D1D45FC2B340631F.e.10784"}]}
RESULT: {"script":"<script> [56 bytes]","args":[{"element-6066-11e4-a52e-4f735466cecf":"f.71948811B2353B7E36D356F88F4B3924.d.10BA770F4DB8AB27D1D45FC2B340631F.e.10784","ELEMENT":"f.71948811B2353B7E36D356F88F4B3924.d.10BA770F4DB8AB27D1D45FC2B340631F.e.10784"}]}
COMMAND: POST /session/637de528f4e604e156fb3e125ad907fc/element - {"using":"xpath","value":"//div[contains(@id, \"filterItemControl_BASIC-ALL_TAGS-valueHelpDialog-table-rowsel0\")]"}
COMMAND: GET /session/637de528f4e604e156fb3e125ad907fc/screenshot - {}
RESULT: {"using":"xpath","value":"//div[contains(@id, \"filterItemControl_BASIC-ALL_TAGS-valueHelpDialog-table-rowsel0\")]"}
COMMAND: POST /session/637de528f4e604e156fb3e125ad907fc/element/f.71948811B2353B7E36D356F88F4B3924.d.10BA770F4DB8AB27D1D45FC2B340631F.e.10785/click - {}
RESULT: {}
RESULT: {}
COMMAND: GET /session/637de528f4e604e156fb3e125ad907fc/screenshot - {}
RESULT: {}
COMMAND: POST /session/637de528f4e604e156fb3e125ad907fc/element - {"using":"xpath","value":"(//bdi[contains(text(), \"OK\")])[1]"}
RESULT: {"using":"xpath","value":"(//bdi[contains(text(), \"OK\")])[1]"}
COMMAND: POST /session/637de528f4e604e156fb3e125ad907fc/element/f.71948811B2353B7E36D356F88F4B3924.d.10BA770F4DB8AB27D1D45FC2B340631F.e.10787/click - {}
RESULT: {}
COMMAND: GET /session/637de528f4e604e156fb3e125ad907fc/screenshot - {}
RESULT: {}
COMMAND: POST /session/637de528f4e604e156fb3e125ad907fc/element - {"using":"xpath","value":"//span[@id=\"application-managepartners-display-component---masterPtm--smartTable-header-inner\"]"}
RESULT: {"using":"xpath","value":"//span[@id=\"application-managepartners-display-component---masterPtm--smartTable-header-inner\"]"}
COMMAND: POST /session/637de528f4e604e156fb3e125ad907fc/elements - {"using":"xpath","value":"//span[@id=\"application-managepartners-display-component---masterPtm--smartTable-header-inner\"]"}
RESULT: {"using":"xpath","value":"//span[@id=\"application-managepartners-display-component---masterPtm--smartTable-header-inner\"]"}
COMMAND: POST /session/637de528f4e604e156fb3e125ad907fc/execute/sync - {"script":"<script> [56 bytes]","args":[{"element-6066-11e4-a52e-4f735466cecf":"f.71948811B2353B7E36D356F88F4B3924.d.10BA770F4DB8AB27D1D45FC2B340631F.e.9366","ELEMENT":"f.71948811B2353B7E36D356F88F4B3924.d.10BA770F4DB8AB27D1D45FC2B340631F.e.9366"}]}
RESULT: {"script":"<script> [56 bytes]","args":[{"element-6066-11e4-a52e-4f735466cecf":"f.71948811B2353B7E36D356F88F4B3924.d.10BA770F4DB8AB27D1D45FC2B340631F.e.9366","ELEMENT":"f.71948811B2353B7E36D356F88F4B3924.d.10BA770F4DB8AB27D1D45FC2B340631F.e.9366"}]}
COMMAND: POST /session/637de528f4e604e156fb3e125ad907fc/element - {"using":"xpath","value":"//span[contains(@title, \"Remove\")]"}
COMMAND: GET /session/637de528f4e604e156fb3e125ad907fc/screenshot - {}
RESULT: {"using":"xpath","value":"//span[contains(@title, \"Remove\")]"}
COMMAND: POST /session/637de528f4e604e156fb3e125ad907fc/element/f.71948811B2353B7E36D356F88F4B3924.d.10BA770F4DB8AB27D1D45FC2B340631F.e.10810/click - {}
RESULT: {}
RESULT: {}
COMMAND: GET /session/637de528f4e604e156fb3e125ad907fc/screenshot - {}
COMMAND: POST /session/637de528f4e604e156fb3e125ad907fc/execute/async - {"script":"<script> [1562 bytes]","args":[{"selector":{"id":"application-managepartners-display-component---masterPtm--smartFilterBar-btnShowHide","interaction":{"idSuffix":"BDI-content"}},"wdio_ui5_key":"applicationmanagepartners-display-component---masterPtm--smartFilterBar-btnShowHide"}]}
RESULT: {}
RESULT: {"script":"<script> [1562 bytes]","args":[{"selector":{"id":"application-managepartners-display-component---masterPtm--smartFilterBar-btnShowHide","interaction":{"idSuffix":"BDI-content"}},"wdio_ui5_key":"applicationmanagepartners-display-component---masterPtm--smartFilterBar-btnShowHide"}]}
RESULT: undefined
COMMAND: POST /session/637de528f4e604e156fb3e125ad907fc/element - {"using":"xpath","value":"//*[@id=\"application-managepartners-display-component---masterPtm--smartFilterBar-btnShowHide\"]"}
RESULT: {"using":"xpath","value":"//*[@id=\"application-managepartners-display-component---masterPtm--smartFilterBar-btnShowHide\"]"}
COMMAND: POST /session/637de528f4e604e156fb3e125ad907fc/element/f.71948811B2353B7E36D356F88F4B3924.d.10BA770F4DB8AB27D1D45FC2B340631F.e.9216/click - {}
RESULT: {}
COMMAND: GET /session/637de528f4e604e156fb3e125ad907fc/screenshot - {}
RESULT: {}
COMMAND: POST /session/637de528f4e604e156fb3e125ad907fc/element - {"using":"xpath","value":"//span[contains(@id,\"smartFilterBar-filterItemControl_BASIC-ALL_TAGS-vhi\")]"}
RESULT: {"using":"xpath","value":"//span[contains(@id,\"smartFilterBar-filterItemControl_BASIC-ALL_TAGS-vhi\")]"}
COMMAND: POST /session/637de528f4e604e156fb3e125ad907fc/elements - {"using":"xpath","value":"//span[contains(@id,\"smartFilterBar-filterItemControl_BASIC-ALL_TAGS-vhi\")]"}
RESULT: {"using":"xpath","value":"//span[contains(@id,\"smartFilterBar-filterItemControl_BASIC-ALL_TAGS-vhi\")]"}
RESULT: undefined
COMMAND: POST /session/637de528f4e604e156fb3e125ad907fc/element - {"using":"xpath","value":"//*[@id=\"application-managepartners-display-component---masterPtm--smartFilterBar-btnShowHide\"]"}
RESULT: {"using":"xpath","value":"//*[@id=\"application-managepartners-display-component---masterPtm--smartFilterBar-btnShowHide\"]"}
COMMAND: POST /session/637de528f4e604e156fb3e125ad907fc/element/f.71948811B2353B7E36D356F88F4B3924.d.10BA770F4DB8AB27D1D45FC2B340631F.e.9216/click - {}
RESULT: {}
COMMAND: GET /session/637de528f4e604e156fb3e125ad907fc/screenshot - {}
RESULT: {}
COMMAND: POST /session/637de528f4e604e156fb3e125ad907fc/element - {"using":"xpath","value":"//span[contains(@id,\"smartFilterBar-filterItemControl_BASIC-ALL_TAGS-vhi\")]"}
RESULT: {"using":"xpath","value":"//span[contains(@id,\"smartFilterBar-filterItemControl_BASIC-ALL_TAGS-vhi\")]"}
COMMAND: POST /session/637de528f4e604e156fb3e125ad907fc/elements - {"using":"xpath","value":"//span[contains(@id,\"smartFilterBar-filterItemControl_BASIC-ALL_TAGS-vhi\")]"}
RESULT: {"using":"xpath","value":"//span[contains(@id,\"smartFilterBar-filterItemControl_BASIC-ALL_TAGS-vhi\")]"}
RESULT: undefined
COMMAND: POST /session/637de528f4e604e156fb3e125ad907fc/element - {"using":"xpath","value":"//*[@id=\"application-managepartners-display-component---masterPtm--smartFilterBar-btnFilters\"]"}
RESULT: {"using":"xpath","value":"//*[@id=\"application-managepartners-display-component---masterPtm--smartFilterBar-btnFilters\"]"}
COMMAND: POST /session/637de528f4e604e156fb3e125ad907fc/element/f.71948811B2353B7E36D356F88F4B3924.d.10BA770F4DB8AB27D1D45FC2B340631F.e.9218/click - {}
RESULT: {}
COMMAND: GET /session/637de528f4e604e156fb3e125ad907fc/screenshot - {}
RESULT: {}
COMMAND: POST /session/637de528f4e604e156fb3e125ad907fc/elements - {"using":"xpath","value":"//table[contains(@id, \"listView-innerSelectionPanelTable-listUl\")]/tbody/tr"}
RESULT: {"using":"xpath","value":"//table[contains(@id, \"listView-innerSelectionPanelTable-listUl\")]/tbody/tr"}
COMMAND: POST /session/637de528f4e604e156fb3e125ad907fc/element - {"using":"xpath","value":"//table[contains(@id, \"listView-innerSelectionPanelTable-listUl\")]/tbody/tr[2]/td[2]/div/div"}
RESULT: {"using":"xpath","value":"//table[contains(@id, \"listView-innerSelectionPanelTable-listUl\")]/tbody/tr[2]/td[2]/div/div"}
COMMAND: POST /session/637de528f4e604e156fb3e125ad907fc/element - {"using":"xpath","value":"//table[contains(@id, \"listView-innerSelectionPanelTable-listUl\")]/tbody/tr[2]/td[2]/div"}
RESULT: {"using":"xpath","value":"//table[contains(@id, \"listView-innerSelectionPanelTable-listUl\")]/tbody/tr[2]/td[2]/div"}
COMMAND: POST /session/637de528f4e604e156fb3e125ad907fc/element - {"using":"xpath","value":"//table[contains(@id, \"listView-innerSelectionPanelTable-listUl\")]/tbody/tr[2]/td[3]/div/div/span/span[1]/bdi"}
RESULT: {"using":"xpath","value":"//table[contains(@id, \"listView-innerSelectionPanelTable-listUl\")]/tbody/tr[2]/td[3]/div/div/span/span[1]/bdi"}
COMMAND: POST /session/637de528f4e604e156fb3e125ad907fc/execute/sync - {"script":"<script> [56 bytes]","args":[{"element-6066-11e4-a52e-4f735466cecf":"f.71948811B2353B7E36D356F88F4B3924.d.10BA770F4DB8AB27D1D45FC2B340631F.e.11120","ELEMENT":"f.71948811B2353B7E36D356F88F4B3924.d.10BA770F4DB8AB27D1D45FC2B340631F.e.11120"}]}
RESULT: {"script":"<script> [56 bytes]","args":[{"element-6066-11e4-a52e-4f735466cecf":"f.71948811B2353B7E36D356F88F4B3924.d.10BA770F4DB8AB27D1D45FC2B340631F.e.11120","ELEMENT":"f.71948811B2353B7E36D356F88F4B3924.d.10BA770F4DB8AB27D1D45FC2B340631F.e.11120"}]}
COMMAND: GET /session/637de528f4e604e156fb3e125ad907fc/element/f.71948811B2353B7E36D356F88F4B3924.d.10BA770F4DB8AB27D1D45FC2B340631F.e.11119/attribute/aria-checked - {}
COMMAND: GET /session/637de528f4e604e156fb3e125ad907fc/screenshot - {}
RESULT: {}
COMMAND: POST /session/637de528f4e604e156fb3e125ad907fc/element - {"using":"xpath","value":"//table[contains(@id, \"listView-innerSelectionPanelTable-listUl\")]/tbody/tr[3]/td[2]/div/div"}
RESULT: {}
RESULT: {"using":"xpath","value":"//table[contains(@id, \"listView-innerSelectionPanelTable-listUl\")]/tbody/tr[3]/td[2]/div/div"}
COMMAND: POST /session/637de528f4e604e156fb3e125ad907fc/element - {"using":"xpath","value":"//table[contains(@id, \"listView-innerSelectionPanelTable-listUl\")]/tbody/tr[3]/td[2]/div"}
RESULT: {"using":"xpath","value":"//table[contains(@id, \"listView-innerSelectionPanelTable-listUl\")]/tbody/tr[3]/td[2]/div"}
COMMAND: POST /session/637de528f4e604e156fb3e125ad907fc/element - {"using":"xpath","value":"//table[contains(@id, \"listView-innerSelectionPanelTable-listUl\")]/tbody/tr[3]/td[3]/div/div/span/span[1]/bdi"}
RESULT: {"using":"xpath","value":"//table[contains(@id, \"listView-innerSelectionPanelTable-listUl\")]/tbody/tr[3]/td[3]/div/div/span/span[1]/bdi"}
COMMAND: POST /session/637de528f4e604e156fb3e125ad907fc/execute/sync - {"script":"<script> [56 bytes]","args":[{"element-6066-11e4-a52e-4f735466cecf":"f.71948811B2353B7E36D356F88F4B3924.d.10BA770F4DB8AB27D1D45FC2B340631F.e.11123","ELEMENT":"f.71948811B2353B7E36D356F88F4B3924.d.10BA770F4DB8AB27D1D45FC2B340631F.e.11123"}]}
RESULT: {"script":"<script> [56 bytes]","args":[{"element-6066-11e4-a52e-4f735466cecf":"f.71948811B2353B7E36D356F88F4B3924.d.10BA770F4DB8AB27D1D45FC2B340631F.e.11123","ELEMENT":"f.71948811B2353B7E36D356F88F4B3924.d.10BA770F4DB8AB27D1D45FC2B340631F.e.11123"}]}
COMMAND: GET /session/637de528f4e604e156fb3e125ad907fc/element/f.71948811B2353B7E36D356F88F4B3924.d.10BA770F4DB8AB27D1D45FC2B340631F.e.11122/attribute/aria-checked - {}
COMMAND: GET /session/637de528f4e604e156fb3e125ad907fc/screenshot - {}
RESULT: {}
COMMAND: POST /session/637de528f4e604e156fb3e125ad907fc/element - {"using":"xpath","value":"//table[contains(@id, \"listView-innerSelectionPanelTable-listUl\")]/tbody/tr[4]/td[2]/div/div"}
RESULT: {}
RESULT: {"using":"xpath","value":"//table[contains(@id, \"listView-innerSelectionPanelTable-listUl\")]/tbody/tr[4]/td[2]/div/div"}
COMMAND: POST /session/637de528f4e604e156fb3e125ad907fc/element - {"using":"xpath","value":"//table[contains(@id, \"listView-innerSelectionPanelTable-listUl\")]/tbody/tr[4]/td[2]/div"}
RESULT: {"using":"xpath","value":"//table[contains(@id, \"listView-innerSelectionPanelTable-listUl\")]/tbody/tr[4]/td[2]/div"}
COMMAND: POST /session/637de528f4e604e156fb3e125ad907fc/element - {"using":"xpath","value":"//table[contains(@id, \"listView-innerSelectionPanelTable-listUl\")]/tbody/tr[4]/td[3]/div/div/span/span[1]/bdi"}
RESULT: {"using":"xpath","value":"//table[contains(@id, \"listView-innerSelectionPanelTable-listUl\")]/tbody/tr[4]/td[3]/div/div/span/span[1]/bdi"}
COMMAND: POST /session/637de528f4e604e156fb3e125ad907fc/execute/sync - {"script":"<script> [56 bytes]","args":[{"element-6066-11e4-a52e-4f735466cecf":"f.71948811B2353B7E36D356F88F4B3924.d.10BA770F4DB8AB27D1D45FC2B340631F.e.11126","ELEMENT":"f.71948811B2353B7E36D356F88F4B3924.d.10BA770F4DB8AB27D1D45FC2B340631F.e.11126"}]}
RESULT: {"script":"<script> [56 bytes]","args":[{"element-6066-11e4-a52e-4f735466cecf":"f.71948811B2353B7E36D356F88F4B3924.d.10BA770F4DB8AB27D1D45FC2B340631F.e.11126","ELEMENT":"f.71948811B2353B7E36D356F88F4B3924.d.10BA770F4DB8AB27D1D45FC2B340631F.e.11126"}]}
COMMAND: GET /session/637de528f4e604e156fb3e125ad907fc/element/f.71948811B2353B7E36D356F88F4B3924.d.10BA770F4DB8AB27D1D45FC2B340631F.e.11125/attribute/aria-checked - {}
COMMAND: GET /session/637de528f4e604e156fb3e125ad907fc/screenshot - {}
RESULT: {}
COMMAND: POST /session/637de528f4e604e156fb3e125ad907fc/element - {"using":"xpath","value":"//table[contains(@id, \"listView-innerSelectionPanelTable-listUl\")]/tbody/tr[5]/td[2]/div/div"}
RESULT: {}
RESULT: {"using":"xpath","value":"//table[contains(@id, \"listView-innerSelectionPanelTable-listUl\")]/tbody/tr[5]/td[2]/div/div"}
COMMAND: POST /session/637de528f4e604e156fb3e125ad907fc/element - {"using":"xpath","value":"//table[contains(@id, \"listView-innerSelectionPanelTable-listUl\")]/tbody/tr[5]/td[2]/div"}
RESULT: {"using":"xpath","value":"//table[contains(@id, \"listView-innerSelectionPanelTable-listUl\")]/tbody/tr[5]/td[2]/div"}
COMMAND: POST /session/637de528f4e604e156fb3e125ad907fc/element - {"using":"xpath","value":"//table[contains(@id, \"listView-innerSelectionPanelTable-listUl\")]/tbody/tr[5]/td[3]/div/div/span/span[1]/bdi"}
RESULT: {"using":"xpath","value":"//table[contains(@id, \"listView-innerSelectionPanelTable-listUl\")]/tbody/tr[5]/td[3]/div/div/span/span[1]/bdi"}
COMMAND: POST /session/637de528f4e604e156fb3e125ad907fc/execute/sync - {"script":"<script> [56 bytes]","args":[{"element-6066-11e4-a52e-4f735466cecf":"f.71948811B2353B7E36D356F88F4B3924.d.10BA770F4DB8AB27D1D45FC2B340631F.e.11129","ELEMENT":"f.71948811B2353B7E36D356F88F4B3924.d.10BA770F4DB8AB27D1D45FC2B340631F.e.11129"}]}
RESULT: {"script":"<script> [56 bytes]","args":[{"element-6066-11e4-a52e-4f735466cecf":"f.71948811B2353B7E36D356F88F4B3924.d.10BA770F4DB8AB27D1D45FC2B340631F.e.11129","ELEMENT":"f.71948811B2353B7E36D356F88F4B3924.d.10BA770F4DB8AB27D1D45FC2B340631F.e.11129"}]}
COMMAND: GET /session/637de528f4e604e156fb3e125ad907fc/element/f.71948811B2353B7E36D356F88F4B3924.d.10BA770F4DB8AB27D1D45FC2B340631F.e.11128/attribute/aria-checked - {}
COMMAND: GET /session/637de528f4e604e156fb3e125ad907fc/screenshot - {}
RESULT: {}
COMMAND: POST /session/637de528f4e604e156fb3e125ad907fc/element - {"using":"xpath","value":"//table[contains(@id, \"listView-innerSelectionPanelTable-listUl\")]/tbody/tr[6]/td[2]/div/div"}
RESULT: {}
RESULT: {"using":"xpath","value":"//table[contains(@id, \"listView-innerSelectionPanelTable-listUl\")]/tbody/tr[6]/td[2]/div/div"}
COMMAND: POST /session/637de528f4e604e156fb3e125ad907fc/element - {"using":"xpath","value":"//table[contains(@id, \"listView-innerSelectionPanelTable-listUl\")]/tbody/tr[6]/td[2]/div"}
RESULT: {"using":"xpath","value":"//table[contains(@id, \"listView-innerSelectionPanelTable-listUl\")]/tbody/tr[6]/td[2]/div"}
COMMAND: POST /session/637de528f4e604e156fb3e125ad907fc/element - {"using":"xpath","value":"//table[contains(@id, \"listView-innerSelectionPanelTable-listUl\")]/tbody/tr[6]/td[3]/div/div/span/span[1]/bdi"}
RESULT: {"using":"xpath","value":"//table[contains(@id, \"listView-innerSelectionPanelTable-listUl\")]/tbody/tr[6]/td[3]/div/div/span/span[1]/bdi"}
COMMAND: POST /session/637de528f4e604e156fb3e125ad907fc/execute/sync - {"script":"<script> [56 bytes]","args":[{"element-6066-11e4-a52e-4f735466cecf":"f.71948811B2353B7E36D356F88F4B3924.d.10BA770F4DB8AB27D1D45FC2B340631F.e.11132","ELEMENT":"f.71948811B2353B7E36D356F88F4B3924.d.10BA770F4DB8AB27D1D45FC2B340631F.e.11132"}]}
RESULT: {"script":"<script> [56 bytes]","args":[{"element-6066-11e4-a52e-4f735466cecf":"f.71948811B2353B7E36D356F88F4B3924.d.10BA770F4DB8AB27D1D45FC2B340631F.e.11132","ELEMENT":"f.71948811B2353B7E36D356F88F4B3924.d.10BA770F4DB8AB27D1D45FC2B340631F.e.11132"}]}
COMMAND: GET /session/637de528f4e604e156fb3e125ad907fc/element/f.71948811B2353B7E36D356F88F4B3924.d.10BA770F4DB8AB27D1D45FC2B340631F.e.11131/attribute/aria-checked - {}
COMMAND: GET /session/637de528f4e604e156fb3e125ad907fc/screenshot - {}
RESULT: {}
COMMAND: POST /session/637de528f4e604e156fb3e125ad907fc/element - {"using":"xpath","value":"//table[contains(@id, \"listView-innerSelectionPanelTable-listUl\")]/tbody/tr[7]/td[2]/div/div"}
RESULT: {}
RESULT: {"using":"xpath","value":"//table[contains(@id, \"listView-innerSelectionPanelTable-listUl\")]/tbody/tr[7]/td[2]/div/div"}
COMMAND: POST /session/637de528f4e604e156fb3e125ad907fc/element - {"using":"xpath","value":"//table[contains(@id, \"listView-innerSelectionPanelTable-listUl\")]/tbody/tr[7]/td[2]/div"}
RESULT: {"using":"xpath","value":"//table[contains(@id, \"listView-innerSelectionPanelTable-listUl\")]/tbody/tr[7]/td[2]/div"}
COMMAND: POST /session/637de528f4e604e156fb3e125ad907fc/element - {"using":"xpath","value":"//table[contains(@id, \"listView-innerSelectionPanelTable-listUl\")]/tbody/tr[7]/td[3]/div/div/span/span[1]/bdi"}
RESULT: {"using":"xpath","value":"//table[contains(@id, \"listView-innerSelectionPanelTable-listUl\")]/tbody/tr[7]/td[3]/div/div/span/span[1]/bdi"}
COMMAND: POST /session/637de528f4e604e156fb3e125ad907fc/execute/sync - {"script":"<script> [56 bytes]","args":[{"element-6066-11e4-a52e-4f735466cecf":"f.71948811B2353B7E36D356F88F4B3924.d.10BA770F4DB8AB27D1D45FC2B340631F.e.11135","ELEMENT":"f.71948811B2353B7E36D356F88F4B3924.d.10BA770F4DB8AB27D1D45FC2B340631F.e.11135"}]}
RESULT: {"script":"<script> [56 bytes]","args":[{"element-6066-11e4-a52e-4f735466cecf":"f.71948811B2353B7E36D356F88F4B3924.d.10BA770F4DB8AB27D1D45FC2B340631F.e.11135","ELEMENT":"f.71948811B2353B7E36D356F88F4B3924.d.10BA770F4DB8AB27D1D45FC2B340631F.e.11135"}]}
COMMAND: GET /session/637de528f4e604e156fb3e125ad907fc/element/f.71948811B2353B7E36D356F88F4B3924.d.10BA770F4DB8AB27D1D45FC2B340631F.e.11134/attribute/aria-checked - {}
COMMAND: GET /session/637de528f4e604e156fb3e125ad907fc/screenshot - {}
RESULT: {}
COMMAND: POST /session/637de528f4e604e156fb3e125ad907fc/element - {"using":"xpath","value":"//table[contains(@id, \"listView-innerSelectionPanelTable-listUl\")]/tbody/tr[8]/td[2]/div/div"}
RESULT: {}
RESULT: {"using":"xpath","value":"//table[contains(@id, \"listView-innerSelectionPanelTable-listUl\")]/tbody/tr[8]/td[2]/div/div"}
COMMAND: POST /session/637de528f4e604e156fb3e125ad907fc/element - {"using":"xpath","value":"//table[contains(@id, \"listView-innerSelectionPanelTable-listUl\")]/tbody/tr[8]/td[2]/div"}
RESULT: {"using":"xpath","value":"//table[contains(@id, \"listView-innerSelectionPanelTable-listUl\")]/tbody/tr[8]/td[2]/div"}
COMMAND: POST /session/637de528f4e604e156fb3e125ad907fc/element - {"using":"xpath","value":"//table[contains(@id, \"listView-innerSelectionPanelTable-listUl\")]/tbody/tr[8]/td[3]/div/div/span/span[1]/bdi"}
RESULT: {"using":"xpath","value":"//table[contains(@id, \"listView-innerSelectionPanelTable-listUl\")]/tbody/tr[8]/td[3]/div/div/span/span[1]/bdi"}
COMMAND: POST /session/637de528f4e604e156fb3e125ad907fc/execute/sync - {"script":"<script> [56 bytes]","args":[{"element-6066-11e4-a52e-4f735466cecf":"f.71948811B2353B7E36D356F88F4B3924.d.10BA770F4DB8AB27D1D45FC2B340631F.e.11138","ELEMENT":"f.71948811B2353B7E36D356F88F4B3924.d.10BA770F4DB8AB27D1D45FC2B340631F.e.11138"}]}
RESULT: {"script":"<script> [56 bytes]","args":[{"element-6066-11e4-a52e-4f735466cecf":"f.71948811B2353B7E36D356F88F4B3924.d.10BA770F4DB8AB27D1D45FC2B340631F.e.11138","ELEMENT":"f.71948811B2353B7E36D356F88F4B3924.d.10BA770F4DB8AB27D1D45FC2B340631F.e.11138"}]}
COMMAND: GET /session/637de528f4e604e156fb3e125ad907fc/element/f.71948811B2353B7E36D356F88F4B3924.d.10BA770F4DB8AB27D1D45FC2B340631F.e.11137/attribute/aria-checked - {}
COMMAND: GET /session/637de528f4e604e156fb3e125ad907fc/screenshot - {}
RESULT: {}
COMMAND: POST /session/637de528f4e604e156fb3e125ad907fc/element - {"using":"xpath","value":"//table[contains(@id, \"listView-innerSelectionPanelTable-listUl\")]/tbody/tr[9]/td[2]/div/div"}
RESULT: {}
RESULT: {"using":"xpath","value":"//table[contains(@id, \"listView-innerSelectionPanelTable-listUl\")]/tbody/tr[9]/td[2]/div/div"}
COMMAND: POST /session/637de528f4e604e156fb3e125ad907fc/element - {"using":"xpath","value":"//table[contains(@id, \"listView-innerSelectionPanelTable-listUl\")]/tbody/tr[9]/td[2]/div"}
RESULT: {"using":"xpath","value":"//table[contains(@id, \"listView-innerSelectionPanelTable-listUl\")]/tbody/tr[9]/td[2]/div"}
COMMAND: POST /session/637de528f4e604e156fb3e125ad907fc/element - {"using":"xpath","value":"//table[contains(@id, \"listView-innerSelectionPanelTable-listUl\")]/tbody/tr[9]/td[3]/div/div/span/span[1]/bdi"}
RESULT: {"using":"xpath","value":"//table[contains(@id, \"listView-innerSelectionPanelTable-listUl\")]/tbody/tr[9]/td[3]/div/div/span/span[1]/bdi"}
COMMAND: POST /session/637de528f4e604e156fb3e125ad907fc/execute/sync - {"script":"<script> [56 bytes]","args":[{"element-6066-11e4-a52e-4f735466cecf":"f.71948811B2353B7E36D356F88F4B3924.d.10BA770F4DB8AB27D1D45FC2B340631F.e.11141","ELEMENT":"f.71948811B2353B7E36D356F88F4B3924.d.10BA770F4DB8AB27D1D45FC2B340631F.e.11141"}]}
RESULT: {"script":"<script> [56 bytes]","args":[{"element-6066-11e4-a52e-4f735466cecf":"f.71948811B2353B7E36D356F88F4B3924.d.10BA770F4DB8AB27D1D45FC2B340631F.e.11141","ELEMENT":"f.71948811B2353B7E36D356F88F4B3924.d.10BA770F4DB8AB27D1D45FC2B340631F.e.11141"}]}
COMMAND: GET /session/637de528f4e604e156fb3e125ad907fc/element/f.71948811B2353B7E36D356F88F4B3924.d.10BA770F4DB8AB27D1D45FC2B340631F.e.11140/attribute/aria-checked - {}
COMMAND: GET /session/637de528f4e604e156fb3e125ad907fc/screenshot - {}
RESULT: {}
COMMAND: POST /session/637de528f4e604e156fb3e125ad907fc/element - {"using":"xpath","value":"//table[contains(@id, \"listView-innerSelectionPanelTable-listUl\")]/tbody/tr[10]/td[2]/div/div"}
RESULT: {}
RESULT: {"using":"xpath","value":"//table[contains(@id, \"listView-innerSelectionPanelTable-listUl\")]/tbody/tr[10]/td[2]/div/div"}
COMMAND: POST /session/637de528f4e604e156fb3e125ad907fc/element - {"using":"xpath","value":"//table[contains(@id, \"listView-innerSelectionPanelTable-listUl\")]/tbody/tr[10]/td[2]/div"}
RESULT: {"using":"xpath","value":"//table[contains(@id, \"listView-innerSelectionPanelTable-listUl\")]/tbody/tr[10]/td[2]/div"}
COMMAND: POST /session/637de528f4e604e156fb3e125ad907fc/element - {"using":"xpath","value":"//table[contains(@id, \"listView-innerSelectionPanelTable-listUl\")]/tbody/tr[10]/td[3]/div/div/span/span[1]/bdi"}
RESULT: {"using":"xpath","value":"//table[contains(@id, \"listView-innerSelectionPanelTable-listUl\")]/tbody/tr[10]/td[3]/div/div/span/span[1]/bdi"}
COMMAND: POST /session/637de528f4e604e156fb3e125ad907fc/execute/sync - {"script":"<script> [56 bytes]","args":[{"element-6066-11e4-a52e-4f735466cecf":"f.71948811B2353B7E36D356F88F4B3924.d.10BA770F4DB8AB27D1D45FC2B340631F.e.11144","ELEMENT":"f.71948811B2353B7E36D356F88F4B3924.d.10BA770F4DB8AB27D1D45FC2B340631F.e.11144"}]}
RESULT: {"script":"<script> [56 bytes]","args":[{"element-6066-11e4-a52e-4f735466cecf":"f.71948811B2353B7E36D356F88F4B3924.d.10BA770F4DB8AB27D1D45FC2B340631F.e.11144","ELEMENT":"f.71948811B2353B7E36D356F88F4B3924.d.10BA770F4DB8AB27D1D45FC2B340631F.e.11144"}]}
COMMAND: GET /session/637de528f4e604e156fb3e125ad907fc/element/f.71948811B2353B7E36D356F88F4B3924.d.10BA770F4DB8AB27D1D45FC2B340631F.e.11143/attribute/aria-checked - {}
COMMAND: GET /session/637de528f4e604e156fb3e125ad907fc/screenshot - {}
RESULT: {}
COMMAND: POST /session/637de528f4e604e156fb3e125ad907fc/element - {"using":"xpath","value":"//table[contains(@id, \"listView-innerSelectionPanelTable-listUl\")]/tbody/tr[11]/td[2]/div/div"}
RESULT: {}
RESULT: {"using":"xpath","value":"//table[contains(@id, \"listView-innerSelectionPanelTable-listUl\")]/tbody/tr[11]/td[2]/div/div"}
COMMAND: POST /session/637de528f4e604e156fb3e125ad907fc/element - {"using":"xpath","value":"//table[contains(@id, \"listView-innerSelectionPanelTable-listUl\")]/tbody/tr[11]/td[2]/div"}
RESULT: {"using":"xpath","value":"//table[contains(@id, \"listView-innerSelectionPanelTable-listUl\")]/tbody/tr[11]/td[2]/div"}
COMMAND: POST /session/637de528f4e604e156fb3e125ad907fc/element - {"using":"xpath","value":"//table[contains(@id, \"listView-innerSelectionPanelTable-listUl\")]/tbody/tr[11]/td[3]/div/div/span/span[1]/bdi"}
RESULT: {"using":"xpath","value":"//table[contains(@id, \"listView-innerSelectionPanelTable-listUl\")]/tbody/tr[11]/td[3]/div/div/span/span[1]/bdi"}
COMMAND: POST /session/637de528f4e604e156fb3e125ad907fc/execute/sync - {"script":"<script> [56 bytes]","args":[{"element-6066-11e4-a52e-4f735466cecf":"f.71948811B2353B7E36D356F88F4B3924.d.10BA770F4DB8AB27D1D45FC2B340631F.e.11147","ELEMENT":"f.71948811B2353B7E36D356F88F4B3924.d.10BA770F4DB8AB27D1D45FC2B340631F.e.11147"}]}
RESULT: {"script":"<script> [56 bytes]","args":[{"element-6066-11e4-a52e-4f735466cecf":"f.71948811B2353B7E36D356F88F4B3924.d.10BA770F4DB8AB27D1D45FC2B340631F.e.11147","ELEMENT":"f.71948811B2353B7E36D356F88F4B3924.d.10BA770F4DB8AB27D1D45FC2B340631F.e.11147"}]}
COMMAND: GET /session/637de528f4e604e156fb3e125ad907fc/element/f.71948811B2353B7E36D356F88F4B3924.d.10BA770F4DB8AB27D1D45FC2B340631F.e.11146/attribute/aria-checked - {}
COMMAND: GET /session/637de528f4e604e156fb3e125ad907fc/screenshot - {}
RESULT: {}
COMMAND: POST /session/637de528f4e604e156fb3e125ad907fc/element - {"using":"xpath","value":"//table[contains(@id, \"listView-innerSelectionPanelTable-listUl\")]/tbody/tr[12]/td[2]/div/div"}
RESULT: {}
RESULT: {"using":"xpath","value":"//table[contains(@id, \"listView-innerSelectionPanelTable-listUl\")]/tbody/tr[12]/td[2]/div/div"}
COMMAND: POST /session/637de528f4e604e156fb3e125ad907fc/element - {"using":"xpath","value":"//table[contains(@id, \"listView-innerSelectionPanelTable-listUl\")]/tbody/tr[12]/td[2]/div"}
RESULT: {"using":"xpath","value":"//table[contains(@id, \"listView-innerSelectionPanelTable-listUl\")]/tbody/tr[12]/td[2]/div"}
COMMAND: POST /session/637de528f4e604e156fb3e125ad907fc/element - {"using":"xpath","value":"//table[contains(@id, \"listView-innerSelectionPanelTable-listUl\")]/tbody/tr[12]/td[3]/div/div/span/span[1]/bdi"}
RESULT: {"using":"xpath","value":"//table[contains(@id, \"listView-innerSelectionPanelTable-listUl\")]/tbody/tr[12]/td[3]/div/div/span/span[1]/bdi"}
COMMAND: POST /session/637de528f4e604e156fb3e125ad907fc/execute/sync - {"script":"<script> [56 bytes]","args":[{"element-6066-11e4-a52e-4f735466cecf":"f.71948811B2353B7E36D356F88F4B3924.d.10BA770F4DB8AB27D1D45FC2B340631F.e.11150","ELEMENT":"f.71948811B2353B7E36D356F88F4B3924.d.10BA770F4DB8AB27D1D45FC2B340631F.e.11150"}]}
RESULT: {"script":"<script> [56 bytes]","args":[{"element-6066-11e4-a52e-4f735466cecf":"f.71948811B2353B7E36D356F88F4B3924.d.10BA770F4DB8AB27D1D45FC2B340631F.e.11150","ELEMENT":"f.71948811B2353B7E36D356F88F4B3924.d.10BA770F4DB8AB27D1D45FC2B340631F.e.11150"}]}
COMMAND: GET /session/637de528f4e604e156fb3e125ad907fc/element/f.71948811B2353B7E36D356F88F4B3924.d.10BA770F4DB8AB27D1D45FC2B340631F.e.11149/attribute/aria-checked - {}
COMMAND: GET /session/637de528f4e604e156fb3e125ad907fc/screenshot - {}
RESULT: {}
COMMAND: POST /session/637de528f4e604e156fb3e125ad907fc/element - {"using":"xpath","value":"//table[contains(@id, \"listView-innerSelectionPanelTable-listUl\")]/tbody/tr[13]/td[2]/div/div"}
RESULT: {}
RESULT: {"using":"xpath","value":"//table[contains(@id, \"listView-innerSelectionPanelTable-listUl\")]/tbody/tr[13]/td[2]/div/div"}
COMMAND: POST /session/637de528f4e604e156fb3e125ad907fc/element - {"using":"xpath","value":"//table[contains(@id, \"listView-innerSelectionPanelTable-listUl\")]/tbody/tr[13]/td[2]/div"}
RESULT: {"using":"xpath","value":"//table[contains(@id, \"listView-innerSelectionPanelTable-listUl\")]/tbody/tr[13]/td[2]/div"}
COMMAND: POST /session/637de528f4e604e156fb3e125ad907fc/element - {"using":"xpath","value":"//table[contains(@id, \"listView-innerSelectionPanelTable-listUl\")]/tbody/tr[13]/td[3]/div/div/span/span[1]/bdi"}
RESULT: {"using":"xpath","value":"//table[contains(@id, \"listView-innerSelectionPanelTable-listUl\")]/tbody/tr[13]/td[3]/div/div/span/span[1]/bdi"}
COMMAND: POST /session/637de528f4e604e156fb3e125ad907fc/execute/sync - {"script":"<script> [56 bytes]","args":[{"element-6066-11e4-a52e-4f735466cecf":"f.71948811B2353B7E36D356F88F4B3924.d.10BA770F4DB8AB27D1D45FC2B340631F.e.11153","ELEMENT":"f.71948811B2353B7E36D356F88F4B3924.d.10BA770F4DB8AB27D1D45FC2B340631F.e.11153"}]}
RESULT: {"script":"<script> [56 bytes]","args":[{"element-6066-11e4-a52e-4f735466cecf":"f.71948811B2353B7E36D356F88F4B3924.d.10BA770F4DB8AB27D1D45FC2B340631F.e.11153","ELEMENT":"f.71948811B2353B7E36D356F88F4B3924.d.10BA770F4DB8AB27D1D45FC2B340631F.e.11153"}]}
COMMAND: GET /session/637de528f4e604e156fb3e125ad907fc/element/f.71948811B2353B7E36D356F88F4B3924.d.10BA770F4DB8AB27D1D45FC2B340631F.e.11152/attribute/aria-checked - {}
COMMAND: GET /session/637de528f4e604e156fb3e125ad907fc/screenshot - {}
RESULT: {}
COMMAND: POST /session/637de528f4e604e156fb3e125ad907fc/element/f.71948811B2353B7E36D356F88F4B3924.d.10BA770F4DB8AB27D1D45FC2B340631F.e.11151/click - {}
RESULT: {}
RESULT: {}
COMMAND: GET /session/637de528f4e604e156fb3e125ad907fc/screenshot - {}
COMMAND: POST /session/637de528f4e604e156fb3e125ad907fc/element - {"using":"xpath","value":"//table[contains(@id, \"listView-innerSelectionPanelTable-listUl\")]/tbody/tr[14]/td[2]/div/div"}
RESULT: {}
RESULT: {"using":"xpath","value":"//table[contains(@id, \"listView-innerSelectionPanelTable-listUl\")]/tbody/tr[14]/td[2]/div/div"}
COMMAND: POST /session/637de528f4e604e156fb3e125ad907fc/element - {"using":"xpath","value":"//table[contains(@id, \"listView-innerSelectionPanelTable-listUl\")]/tbody/tr[14]/td[2]/div"}
RESULT: {"using":"xpath","value":"//table[contains(@id, \"listView-innerSelectionPanelTable-listUl\")]/tbody/tr[14]/td[2]/div"}
COMMAND: POST /session/637de528f4e604e156fb3e125ad907fc/element - {"using":"xpath","value":"//table[contains(@id, \"listView-innerSelectionPanelTable-listUl\")]/tbody/tr[14]/td[3]/div/div/span/span[1]/bdi"}
RESULT: {"using":"xpath","value":"//table[contains(@id, \"listView-innerSelectionPanelTable-listUl\")]/tbody/tr[14]/td[3]/div/div/span/span[1]/bdi"}
COMMAND: POST /session/637de528f4e604e156fb3e125ad907fc/execute/sync - {"script":"<script> [56 bytes]","args":[{"element-6066-11e4-a52e-4f735466cecf":"f.71948811B2353B7E36D356F88F4B3924.d.10BA770F4DB8AB27D1D45FC2B340631F.e.11157","ELEMENT":"f.71948811B2353B7E36D356F88F4B3924.d.10BA770F4DB8AB27D1D45FC2B340631F.e.11157"}]}
RESULT: {"script":"<script> [56 bytes]","args":[{"element-6066-11e4-a52e-4f735466cecf":"f.71948811B2353B7E36D356F88F4B3924.d.10BA770F4DB8AB27D1D45FC2B340631F.e.11157","ELEMENT":"f.71948811B2353B7E36D356F88F4B3924.d.10BA770F4DB8AB27D1D45FC2B340631F.e.11157"}]}
COMMAND: GET /session/637de528f4e604e156fb3e125ad907fc/element/f.71948811B2353B7E36D356F88F4B3924.d.10BA770F4DB8AB27D1D45FC2B340631F.e.11156/attribute/aria-checked - {}
COMMAND: GET /session/637de528f4e604e156fb3e125ad907fc/screenshot - {}
RESULT: {}
COMMAND: POST /session/637de528f4e604e156fb3e125ad907fc/element/f.71948811B2353B7E36D356F88F4B3924.d.10BA770F4DB8AB27D1D45FC2B340631F.e.11155/click - {}
RESULT: {}
RESULT: {}
COMMAND: GET /session/637de528f4e604e156fb3e125ad907fc/screenshot - {}
COMMAND: POST /session/637de528f4e604e156fb3e125ad907fc/element - {"using":"xpath","value":"//table[contains(@id, \"listView-innerSelectionPanelTable-listUl\")]/tbody/tr[15]/td[2]/div/div"}
RESULT: {}
RESULT: {"using":"xpath","value":"//table[contains(@id, \"listView-innerSelectionPanelTable-listUl\")]/tbody/tr[15]/td[2]/div/div"}
COMMAND: POST /session/637de528f4e604e156fb3e125ad907fc/element - {"using":"xpath","value":"//table[contains(@id, \"listView-innerSelectionPanelTable-listUl\")]/tbody/tr[15]/td[2]/div"}
RESULT: {"using":"xpath","value":"//table[contains(@id, \"listView-innerSelectionPanelTable-listUl\")]/tbody/tr[15]/td[2]/div"}
COMMAND: POST /session/637de528f4e604e156fb3e125ad907fc/element - {"using":"xpath","value":"//table[contains(@id, \"listView-innerSelectionPanelTable-listUl\")]/tbody/tr[15]/td[3]/div/div/span/span[1]/bdi"}
RESULT: {"using":"xpath","value":"//table[contains(@id, \"listView-innerSelectionPanelTable-listUl\")]/tbody/tr[15]/td[3]/div/div/span/span[1]/bdi"}
COMMAND: POST /session/637de528f4e604e156fb3e125ad907fc/execute/sync - {"script":"<script> [56 bytes]","args":[{"element-6066-11e4-a52e-4f735466cecf":"f.71948811B2353B7E36D356F88F4B3924.d.10BA770F4DB8AB27D1D45FC2B340631F.e.11161","ELEMENT":"f.71948811B2353B7E36D356F88F4B3924.d.10BA770F4DB8AB27D1D45FC2B340631F.e.11161"}]}
RESULT: {"script":"<script> [56 bytes]","args":[{"element-6066-11e4-a52e-4f735466cecf":"f.71948811B2353B7E36D356F88F4B3924.d.10BA770F4DB8AB27D1D45FC2B340631F.e.11161","ELEMENT":"f.71948811B2353B7E36D356F88F4B3924.d.10BA770F4DB8AB27D1D45FC2B340631F.e.11161"}]}
COMMAND: GET /session/637de528f4e604e156fb3e125ad907fc/element/f.71948811B2353B7E36D356F88F4B3924.d.10BA770F4DB8AB27D1D45FC2B340631F.e.11160/attribute/aria-checked - {}
COMMAND: GET /session/637de528f4e604e156fb3e125ad907fc/screenshot - {}
RESULT: {}
COMMAND: POST /session/637de528f4e604e156fb3e125ad907fc/element - {"using":"xpath","value":"//table[contains(@id, \"listView-innerSelectionPanelTable-listUl\")]/tbody/tr[16]/td[2]/div/div"}
RESULT: {}
RESULT: {"using":"xpath","value":"//table[contains(@id, \"listView-innerSelectionPanelTable-listUl\")]/tbody/tr[16]/td[2]/div/div"}
COMMAND: POST /session/637de528f4e604e156fb3e125ad907fc/element - {"using":"xpath","value":"//table[contains(@id, \"listView-innerSelectionPanelTable-listUl\")]/tbody/tr[16]/td[2]/div"}
RESULT: {"using":"xpath","value":"//table[contains(@id, \"listView-innerSelectionPanelTable-listUl\")]/tbody/tr[16]/td[2]/div"}
COMMAND: POST /session/637de528f4e604e156fb3e125ad907fc/element - {"using":"xpath","value":"//table[contains(@id, \"listView-innerSelectionPanelTable-listUl\")]/tbody/tr[16]/td[3]/div/div/span/span[1]/bdi"}
RESULT: {"using":"xpath","value":"//table[contains(@id, \"listView-innerSelectionPanelTable-listUl\")]/tbody/tr[16]/td[3]/div/div/span/span[1]/bdi"}
COMMAND: POST /session/637de528f4e604e156fb3e125ad907fc/execute/sync - {"script":"<script> [56 bytes]","args":[{"element-6066-11e4-a52e-4f735466cecf":"f.71948811B2353B7E36D356F88F4B3924.d.10BA770F4DB8AB27D1D45FC2B340631F.e.11164","ELEMENT":"f.71948811B2353B7E36D356F88F4B3924.d.10BA770F4DB8AB27D1D45FC2B340631F.e.11164"}]}
RESULT: {"script":"<script> [56 bytes]","args":[{"element-6066-11e4-a52e-4f735466cecf":"f.71948811B2353B7E36D356F88F4B3924.d.10BA770F4DB8AB27D1D45FC2B340631F.e.11164","ELEMENT":"f.71948811B2353B7E36D356F88F4B3924.d.10BA770F4DB8AB27D1D45FC2B340631F.e.11164"}]}
COMMAND: GET /session/637de528f4e604e156fb3e125ad907fc/element/f.71948811B2353B7E36D356F88F4B3924.d.10BA770F4DB8AB27D1D45FC2B340631F.e.11163/attribute/aria-checked - {}
COMMAND: GET /session/637de528f4e604e156fb3e125ad907fc/screenshot - {}
RESULT: {}
COMMAND: POST /session/637de528f4e604e156fb3e125ad907fc/element/f.71948811B2353B7E36D356F88F4B3924.d.10BA770F4DB8AB27D1D45FC2B340631F.e.11162/click - {}
RESULT: {}
RESULT: {}
COMMAND: GET /session/637de528f4e604e156fb3e125ad907fc/screenshot - {}
COMMAND: POST /session/637de528f4e604e156fb3e125ad907fc/element - {"using":"xpath","value":"//table[contains(@id, \"listView-innerSelectionPanelTable-listUl\")]/tbody/tr[17]/td[2]/div/div"}
RESULT: {}
RESULT: {"using":"xpath","value":"//table[contains(@id, \"listView-innerSelectionPanelTable-listUl\")]/tbody/tr[17]/td[2]/div/div"}
COMMAND: POST /session/637de528f4e604e156fb3e125ad907fc/element - {"using":"xpath","value":"//table[contains(@id, \"listView-innerSelectionPanelTable-listUl\")]/tbody/tr[17]/td[2]/div"}
RESULT: {"using":"xpath","value":"//table[contains(@id, \"listView-innerSelectionPanelTable-listUl\")]/tbody/tr[17]/td[2]/div"}
COMMAND: POST /session/637de528f4e604e156fb3e125ad907fc/element - {"using":"xpath","value":"//table[contains(@id, \"listView-innerSelectionPanelTable-listUl\")]/tbody/tr[17]/td[3]/div/div/span/span[1]/bdi"}
RESULT: {"using":"xpath","value":"//table[contains(@id, \"listView-innerSelectionPanelTable-listUl\")]/tbody/tr[17]/td[3]/div/div/span/span[1]/bdi"}
COMMAND: POST /session/637de528f4e604e156fb3e125ad907fc/execute/sync - {"script":"<script> [56 bytes]","args":[{"element-6066-11e4-a52e-4f735466cecf":"f.71948811B2353B7E36D356F88F4B3924.d.10BA770F4DB8AB27D1D45FC2B340631F.e.11168","ELEMENT":"f.71948811B2353B7E36D356F88F4B3924.d.10BA770F4DB8AB27D1D45FC2B340631F.e.11168"}]}
RESULT: {"script":"<script> [56 bytes]","args":[{"element-6066-11e4-a52e-4f735466cecf":"f.71948811B2353B7E36D356F88F4B3924.d.10BA770F4DB8AB27D1D45FC2B340631F.e.11168","ELEMENT":"f.71948811B2353B7E36D356F88F4B3924.d.10BA770F4DB8AB27D1D45FC2B340631F.e.11168"}]}
COMMAND: GET /session/637de528f4e604e156fb3e125ad907fc/element/f.71948811B2353B7E36D356F88F4B3924.d.10BA770F4DB8AB27D1D45FC2B340631F.e.11167/attribute/aria-checked - {}
COMMAND: GET /session/637de528f4e604e156fb3e125ad907fc/screenshot - {}
RESULT: {}
COMMAND: POST /session/637de528f4e604e156fb3e125ad907fc/element - {"using":"xpath","value":"//table[contains(@id, \"listView-innerSelectionPanelTable-listUl\")]/tbody/tr[18]/td[2]/div/div"}
RESULT: {}
RESULT: {"using":"xpath","value":"//table[contains(@id, \"listView-innerSelectionPanelTable-listUl\")]/tbody/tr[18]/td[2]/div/div"}
COMMAND: POST /session/637de528f4e604e156fb3e125ad907fc/element - {"using":"xpath","value":"//table[contains(@id, \"listView-innerSelectionPanelTable-listUl\")]/tbody/tr[18]/td[2]/div"}
RESULT: {"using":"xpath","value":"//table[contains(@id, \"listView-innerSelectionPanelTable-listUl\")]/tbody/tr[18]/td[2]/div"}
COMMAND: POST /session/637de528f4e604e156fb3e125ad907fc/element - {"using":"xpath","value":"//table[contains(@id, \"listView-innerSelectionPanelTable-listUl\")]/tbody/tr[18]/td[3]/div/div/span/span[1]/bdi"}
RESULT: {"using":"xpath","value":"//table[contains(@id, \"listView-innerSelectionPanelTable-listUl\")]/tbody/tr[18]/td[3]/div/div/span/span[1]/bdi"}
COMMAND: POST /session/637de528f4e604e156fb3e125ad907fc/execute/sync - {"script":"<script> [56 bytes]","args":[{"element-6066-11e4-a52e-4f735466cecf":"f.71948811B2353B7E36D356F88F4B3924.d.10BA770F4DB8AB27D1D45FC2B340631F.e.11171","ELEMENT":"f.71948811B2353B7E36D356F88F4B3924.d.10BA770F4DB8AB27D1D45FC2B340631F.e.11171"}]}
RESULT: {"script":"<script> [56 bytes]","args":[{"element-6066-11e4-a52e-4f735466cecf":"f.71948811B2353B7E36D356F88F4B3924.d.10BA770F4DB8AB27D1D45FC2B340631F.e.11171","ELEMENT":"f.71948811B2353B7E36D356F88F4B3924.d.10BA770F4DB8AB27D1D45FC2B340631F.e.11171"}]}
COMMAND: GET /session/637de528f4e604e156fb3e125ad907fc/element/f.71948811B2353B7E36D356F88F4B3924.d.10BA770F4DB8AB27D1D45FC2B340631F.e.11170/attribute/aria-checked - {}
COMMAND: GET /session/637de528f4e604e156fb3e125ad907fc/screenshot - {}
RESULT: {}
COMMAND: POST /session/637de528f4e604e156fb3e125ad907fc/element - {"using":"xpath","value":"//table[contains(@id, \"listView-innerSelectionPanelTable-listUl\")]/tbody/tr[19]/td[2]/div/div"}
RESULT: {}
RESULT: {"using":"xpath","value":"//table[contains(@id, \"listView-innerSelectionPanelTable-listUl\")]/tbody/tr[19]/td[2]/div/div"}
COMMAND: POST /session/637de528f4e604e156fb3e125ad907fc/element - {"using":"xpath","value":"//table[contains(@id, \"listView-innerSelectionPanelTable-listUl\")]/tbody/tr[19]/td[2]/div"}
RESULT: {"using":"xpath","value":"//table[contains(@id, \"listView-innerSelectionPanelTable-listUl\")]/tbody/tr[19]/td[2]/div"}
COMMAND: POST /session/637de528f4e604e156fb3e125ad907fc/element - {"using":"xpath","value":"//table[contains(@id, \"listView-innerSelectionPanelTable-listUl\")]/tbody/tr[19]/td[3]/div/div/span/span[1]/bdi"}
RESULT: {"using":"xpath","value":"//table[contains(@id, \"listView-innerSelectionPanelTable-listUl\")]/tbody/tr[19]/td[3]/div/div/span/span[1]/bdi"}
COMMAND: POST /session/637de528f4e604e156fb3e125ad907fc/execute/sync - {"script":"<script> [56 bytes]","args":[{"element-6066-11e4-a52e-4f735466cecf":"f.71948811B2353B7E36D356F88F4B3924.d.10BA770F4DB8AB27D1D45FC2B340631F.e.11174","ELEMENT":"f.71948811B2353B7E36D356F88F4B3924.d.10BA770F4DB8AB27D1D45FC2B340631F.e.11174"}]}
RESULT: {"script":"<script> [56 bytes]","args":[{"element-6066-11e4-a52e-4f735466cecf":"f.71948811B2353B7E36D356F88F4B3924.d.10BA770F4DB8AB27D1D45FC2B340631F.e.11174","ELEMENT":"f.71948811B2353B7E36D356F88F4B3924.d.10BA770F4DB8AB27D1D45FC2B340631F.e.11174"}]}
COMMAND: GET /session/637de528f4e604e156fb3e125ad907fc/element/f.71948811B2353B7E36D356F88F4B3924.d.10BA770F4DB8AB27D1D45FC2B340631F.e.11173/attribute/aria-checked - {}
COMMAND: GET /session/637de528f4e604e156fb3e125ad907fc/screenshot - {}
RESULT: {}
COMMAND: POST /session/637de528f4e604e156fb3e125ad907fc/element - {"using":"xpath","value":"//table[contains(@id, \"listView-innerSelectionPanelTable-listUl\")]/tbody/tr[20]/td[2]/div/div"}
RESULT: {}
RESULT: {"using":"xpath","value":"//table[contains(@id, \"listView-innerSelectionPanelTable-listUl\")]/tbody/tr[20]/td[2]/div/div"}
COMMAND: POST /session/637de528f4e604e156fb3e125ad907fc/element - {"using":"xpath","value":"//table[contains(@id, \"listView-innerSelectionPanelTable-listUl\")]/tbody/tr[20]/td[2]/div"}
RESULT: {"using":"xpath","value":"//table[contains(@id, \"listView-innerSelectionPanelTable-listUl\")]/tbody/tr[20]/td[2]/div"}
COMMAND: POST /session/637de528f4e604e156fb3e125ad907fc/element - {"using":"xpath","value":"//table[contains(@id, \"listView-innerSelectionPanelTable-listUl\")]/tbody/tr[20]/td[3]/div/div/span/span[1]/bdi"}
RESULT: {"using":"xpath","value":"//table[contains(@id, \"listView-innerSelectionPanelTable-listUl\")]/tbody/tr[20]/td[3]/div/div/span/span[1]/bdi"}
COMMAND: POST /session/637de528f4e604e156fb3e125ad907fc/execute/sync - {"script":"<script> [56 bytes]","args":[{"element-6066-11e4-a52e-4f735466cecf":"f.71948811B2353B7E36D356F88F4B3924.d.10BA770F4DB8AB27D1D45FC2B340631F.e.11177","ELEMENT":"f.71948811B2353B7E36D356F88F4B3924.d.10BA770F4DB8AB27D1D45FC2B340631F.e.11177"}]}
RESULT: {"script":"<script> [56 bytes]","args":[{"element-6066-11e4-a52e-4f735466cecf":"f.71948811B2353B7E36D356F88F4B3924.d.10BA770F4DB8AB27D1D45FC2B340631F.e.11177","ELEMENT":"f.71948811B2353B7E36D356F88F4B3924.d.10BA770F4DB8AB27D1D45FC2B340631F.e.11177"}]}
COMMAND: GET /session/637de528f4e604e156fb3e125ad907fc/element/f.71948811B2353B7E36D356F88F4B3924.d.10BA770F4DB8AB27D1D45FC2B340631F.e.11176/attribute/aria-checked - {}
COMMAND: GET /session/637de528f4e604e156fb3e125ad907fc/screenshot - {}
RESULT: {}
COMMAND: POST /session/637de528f4e604e156fb3e125ad907fc/element - {"using":"xpath","value":"//table[contains(@id, \"listView-innerSelectionPanelTable-listUl\")]/tbody/tr[21]/td[2]/div/div"}
RESULT: {}
RESULT: {"using":"xpath","value":"//table[contains(@id, \"listView-innerSelectionPanelTable-listUl\")]/tbody/tr[21]/td[2]/div/div"}
COMMAND: POST /session/637de528f4e604e156fb3e125ad907fc/element - {"using":"xpath","value":"//table[contains(@id, \"listView-innerSelectionPanelTable-listUl\")]/tbody/tr[21]/td[2]/div"}
RESULT: {"using":"xpath","value":"//table[contains(@id, \"listView-innerSelectionPanelTable-listUl\")]/tbody/tr[21]/td[2]/div"}
COMMAND: POST /session/637de528f4e604e156fb3e125ad907fc/element - {"using":"xpath","value":"//table[contains(@id, \"listView-innerSelectionPanelTable-listUl\")]/tbody/tr[21]/td[3]/div/div/span/span[1]/bdi"}
RESULT: {"using":"xpath","value":"//table[contains(@id, \"listView-innerSelectionPanelTable-listUl\")]/tbody/tr[21]/td[3]/div/div/span/span[1]/bdi"}
COMMAND: POST /session/637de528f4e604e156fb3e125ad907fc/execute/sync - {"script":"<script> [56 bytes]","args":[{"element-6066-11e4-a52e-4f735466cecf":"f.71948811B2353B7E36D356F88F4B3924.d.10BA770F4DB8AB27D1D45FC2B340631F.e.11180","ELEMENT":"f.71948811B2353B7E36D356F88F4B3924.d.10BA770F4DB8AB27D1D45FC2B340631F.e.11180"}]}
RESULT: {"script":"<script> [56 bytes]","args":[{"element-6066-11e4-a52e-4f735466cecf":"f.71948811B2353B7E36D356F88F4B3924.d.10BA770F4DB8AB27D1D45FC2B340631F.e.11180","ELEMENT":"f.71948811B2353B7E36D356F88F4B3924.d.10BA770F4DB8AB27D1D45FC2B340631F.e.11180"}]}
COMMAND: GET /session/637de528f4e604e156fb3e125ad907fc/element/f.71948811B2353B7E36D356F88F4B3924.d.10BA770F4DB8AB27D1D45FC2B340631F.e.11179/attribute/aria-checked - {}
COMMAND: GET /session/637de528f4e604e156fb3e125ad907fc/screenshot - {}
RESULT: {}
COMMAND: POST /session/637de528f4e604e156fb3e125ad907fc/element - {"using":"xpath","value":"//table[contains(@id, \"listView-innerSelectionPanelTable-listUl\")]/tbody/tr[22]/td[2]/div/div"}
RESULT: {}
RESULT: {"using":"xpath","value":"//table[contains(@id, \"listView-innerSelectionPanelTable-listUl\")]/tbody/tr[22]/td[2]/div/div"}
COMMAND: POST /session/637de528f4e604e156fb3e125ad907fc/element - {"using":"xpath","value":"//table[contains(@id, \"listView-innerSelectionPanelTable-listUl\")]/tbody/tr[22]/td[2]/div"}
RESULT: {"using":"xpath","value":"//table[contains(@id, \"listView-innerSelectionPanelTable-listUl\")]/tbody/tr[22]/td[2]/div"}
COMMAND: POST /session/637de528f4e604e156fb3e125ad907fc/element - {"using":"xpath","value":"//table[contains(@id, \"listView-innerSelectionPanelTable-listUl\")]/tbody/tr[22]/td[3]/div/div/span/span[1]/bdi"}
RESULT: {"using":"xpath","value":"//table[contains(@id, \"listView-innerSelectionPanelTable-listUl\")]/tbody/tr[22]/td[3]/div/div/span/span[1]/bdi"}
COMMAND: POST /session/637de528f4e604e156fb3e125ad907fc/execute/sync - {"script":"<script> [56 bytes]","args":[{"element-6066-11e4-a52e-4f735466cecf":"f.71948811B2353B7E36D356F88F4B3924.d.10BA770F4DB8AB27D1D45FC2B340631F.e.11183","ELEMENT":"f.71948811B2353B7E36D356F88F4B3924.d.10BA770F4DB8AB27D1D45FC2B340631F.e.11183"}]}
RESULT: {"script":"<script> [56 bytes]","args":[{"element-6066-11e4-a52e-4f735466cecf":"f.71948811B2353B7E36D356F88F4B3924.d.10BA770F4DB8AB27D1D45FC2B340631F.e.11183","ELEMENT":"f.71948811B2353B7E36D356F88F4B3924.d.10BA770F4DB8AB27D1D45FC2B340631F.e.11183"}]}
COMMAND: GET /session/637de528f4e604e156fb3e125ad907fc/element/f.71948811B2353B7E36D356F88F4B3924.d.10BA770F4DB8AB27D1D45FC2B340631F.e.11182/attribute/aria-checked - {}
COMMAND: GET /session/637de528f4e604e156fb3e125ad907fc/screenshot - {}
RESULT: {}
COMMAND: POST /session/637de528f4e604e156fb3e125ad907fc/element - {"using":"xpath","value":"//table[contains(@id, \"listView-innerSelectionPanelTable-listUl\")]/tbody/tr[23]/td[2]/div/div"}
RESULT: {}
RESULT: {"using":"xpath","value":"//table[contains(@id, \"listView-innerSelectionPanelTable-listUl\")]/tbody/tr[23]/td[2]/div/div"}
COMMAND: POST /session/637de528f4e604e156fb3e125ad907fc/element - {"using":"xpath","value":"//table[contains(@id, \"listView-innerSelectionPanelTable-listUl\")]/tbody/tr[23]/td[2]/div"}
RESULT: {"using":"xpath","value":"//table[contains(@id, \"listView-innerSelectionPanelTable-listUl\")]/tbody/tr[23]/td[2]/div"}
COMMAND: POST /session/637de528f4e604e156fb3e125ad907fc/element - {"using":"xpath","value":"//table[contains(@id, \"listView-innerSelectionPanelTable-listUl\")]/tbody/tr[23]/td[3]/div/div/span/span[1]/bdi"}
RESULT: {"using":"xpath","value":"//table[contains(@id, \"listView-innerSelectionPanelTable-listUl\")]/tbody/tr[23]/td[3]/div/div/span/span[1]/bdi"}
COMMAND: POST /session/637de528f4e604e156fb3e125ad907fc/execute/sync - {"script":"<script> [56 bytes]","args":[{"element-6066-11e4-a52e-4f735466cecf":"f.71948811B2353B7E36D356F88F4B3924.d.10BA770F4DB8AB27D1D45FC2B340631F.e.11186","ELEMENT":"f.71948811B2353B7E36D356F88F4B3924.d.10BA770F4DB8AB27D1D45FC2B340631F.e.11186"}]}
RESULT: {"script":"<script> [56 bytes]","args":[{"element-6066-11e4-a52e-4f735466cecf":"f.71948811B2353B7E36D356F88F4B3924.d.10BA770F4DB8AB27D1D45FC2B340631F.e.11186","ELEMENT":"f.71948811B2353B7E36D356F88F4B3924.d.10BA770F4DB8AB27D1D45FC2B340631F.e.11186"}]}
COMMAND: GET /session/637de528f4e604e156fb3e125ad907fc/element/f.71948811B2353B7E36D356F88F4B3924.d.10BA770F4DB8AB27D1D45FC2B340631F.e.11185/attribute/aria-checked - {}
COMMAND: GET /session/637de528f4e604e156fb3e125ad907fc/screenshot - {}
RESULT: {}
COMMAND: POST /session/637de528f4e604e156fb3e125ad907fc/element - {"using":"xpath","value":"//table[contains(@id, \"listView-innerSelectionPanelTable-listUl\")]/tbody/tr[24]/td[2]/div/div"}
RESULT: {}
RESULT: {"using":"xpath","value":"//table[contains(@id, \"listView-innerSelectionPanelTable-listUl\")]/tbody/tr[24]/td[2]/div/div"}
COMMAND: POST /session/637de528f4e604e156fb3e125ad907fc/element - {"using":"xpath","value":"//table[contains(@id, \"listView-innerSelectionPanelTable-listUl\")]/tbody/tr[24]/td[2]/div"}
RESULT: {"using":"xpath","value":"//table[contains(@id, \"listView-innerSelectionPanelTable-listUl\")]/tbody/tr[24]/td[2]/div"}
COMMAND: POST /session/637de528f4e604e156fb3e125ad907fc/element - {"using":"xpath","value":"//table[contains(@id, \"listView-innerSelectionPanelTable-listUl\")]/tbody/tr[24]/td[3]/div/div/span/span[1]/bdi"}
RESULT: {"using":"xpath","value":"//table[contains(@id, \"listView-innerSelectionPanelTable-listUl\")]/tbody/tr[24]/td[3]/div/div/span/span[1]/bdi"}
COMMAND: POST /session/637de528f4e604e156fb3e125ad907fc/execute/sync - {"script":"<script> [56 bytes]","args":[{"element-6066-11e4-a52e-4f735466cecf":"f.71948811B2353B7E36D356F88F4B3924.d.10BA770F4DB8AB27D1D45FC2B340631F.e.11189","ELEMENT":"f.71948811B2353B7E36D356F88F4B3924.d.10BA770F4DB8AB27D1D45FC2B340631F.e.11189"}]}
RESULT: {"script":"<script> [56 bytes]","args":[{"element-6066-11e4-a52e-4f735466cecf":"f.71948811B2353B7E36D356F88F4B3924.d.10BA770F4DB8AB27D1D45FC2B340631F.e.11189","ELEMENT":"f.71948811B2353B7E36D356F88F4B3924.d.10BA770F4DB8AB27D1D45FC2B340631F.e.11189"}]}
COMMAND: GET /session/637de528f4e604e156fb3e125ad907fc/element/f.71948811B2353B7E36D356F88F4B3924.d.10BA770F4DB8AB27D1D45FC2B340631F.e.11188/attribute/aria-checked - {}
COMMAND: GET /session/637de528f4e604e156fb3e125ad907fc/screenshot - {}
RESULT: {}
COMMAND: POST /session/637de528f4e604e156fb3e125ad907fc/element - {"using":"xpath","value":"//table[contains(@id, \"listView-innerSelectionPanelTable-listUl\")]/tbody/tr[25]/td[2]/div/div"}
RESULT: {}
RESULT: {"using":"xpath","value":"//table[contains(@id, \"listView-innerSelectionPanelTable-listUl\")]/tbody/tr[25]/td[2]/div/div"}
COMMAND: POST /session/637de528f4e604e156fb3e125ad907fc/element - {"using":"xpath","value":"//table[contains(@id, \"listView-innerSelectionPanelTable-listUl\")]/tbody/tr[25]/td[2]/div"}
RESULT: {"using":"xpath","value":"//table[contains(@id, \"listView-innerSelectionPanelTable-listUl\")]/tbody/tr[25]/td[2]/div"}
COMMAND: POST /session/637de528f4e604e156fb3e125ad907fc/element - {"using":"xpath","value":"//table[contains(@id, \"listView-innerSelectionPanelTable-listUl\")]/tbody/tr[25]/td[3]/div/div/span/span[1]/bdi"}
RESULT: {"using":"xpath","value":"//table[contains(@id, \"listView-innerSelectionPanelTable-listUl\")]/tbody/tr[25]/td[3]/div/div/span/span[1]/bdi"}
COMMAND: POST /session/637de528f4e604e156fb3e125ad907fc/execute/sync - {"script":"<script> [56 bytes]","args":[{"element-6066-11e4-a52e-4f735466cecf":"f.71948811B2353B7E36D356F88F4B3924.d.10BA770F4DB8AB27D1D45FC2B340631F.e.11192","ELEMENT":"f.71948811B2353B7E36D356F88F4B3924.d.10BA770F4DB8AB27D1D45FC2B340631F.e.11192"}]}
RESULT: {"script":"<script> [56 bytes]","args":[{"element-6066-11e4-a52e-4f735466cecf":"f.71948811B2353B7E36D356F88F4B3924.d.10BA770F4DB8AB27D1D45FC2B340631F.e.11192","ELEMENT":"f.71948811B2353B7E36D356F88F4B3924.d.10BA770F4DB8AB27D1D45FC2B340631F.e.11192"}]}
COMMAND: GET /session/637de528f4e604e156fb3e125ad907fc/element/f.71948811B2353B7E36D356F88F4B3924.d.10BA770F4DB8AB27D1D45FC2B340631F.e.11191/attribute/aria-checked - {}
COMMAND: GET /session/637de528f4e604e156fb3e125ad907fc/screenshot - {}
RESULT: {}
COMMAND: POST /session/637de528f4e604e156fb3e125ad907fc/element - {"using":"xpath","value":"//bdi[contains(text(), \"OK\")]"}
RESULT: {}
RESULT: {"using":"xpath","value":"//bdi[contains(text(), \"OK\")]"}
COMMAND: POST /session/637de528f4e604e156fb3e125ad907fc/element/f.71948811B2353B7E36D356F88F4B3924.d.10BA770F4DB8AB27D1D45FC2B340631F.e.11193/click - {}
RESULT: {}
COMMAND: GET /session/637de528f4e604e156fb3e125ad907fc/screenshot - {}
RESULT: {}
RESULT: undefined
COMMAND: POST /session/637de528f4e604e156fb3e125ad907fc/element - {"using":"xpath","value":"//*[@id=\"application-managepartners-display-component---masterPtm--smartFilterBar-filterItemControlA_-LINK_TO_ADDRESSES_MAIN.CITY1-vhi\"]"}
RESULT: {"using":"xpath","value":"//*[@id=\"application-managepartners-display-component---masterPtm--smartFilterBar-filterItemControlA_-LINK_TO_ADDRESSES_MAIN.CITY1-vhi\"]"}
COMMAND: POST /session/637de528f4e604e156fb3e125ad907fc/element/f.71948811B2353B7E36D356F88F4B3924.d.10BA770F4DB8AB27D1D45FC2B340631F.e.11269/click - {}
RESULT: {}
COMMAND: GET /session/637de528f4e604e156fb3e125ad907fc/screenshot - {}
RESULT: {}
COMMAND: POST /session/637de528f4e604e156fb3e125ad907fc/element - {"using":"xpath","value":"//bdi[contains(text(), \"Cancel\")]"}
RESULT: {"using":"xpath","value":"//bdi[contains(text(), \"Cancel\")]"}
COMMAND: POST /session/637de528f4e604e156fb3e125ad907fc/element/f.71948811B2353B7E36D356F88F4B3924.d.10BA770F4DB8AB27D1D45FC2B340631F.e.11274/click - {}
RESULT: {}
COMMAND: GET /session/637de528f4e604e156fb3e125ad907fc/screenshot - {}
RESULT: {}
COMMAND: POST /session/637de528f4e604e156fb3e125ad907fc/execute/async - {"script":"<script> [1562 bytes]","args":[{"selector":{"id":"application-managepartners-display-component---masterPtm--smartFilterBar-filterItemControlA_-LINK_TO_ADDRESSES_MAIN.COUNTRY-vhi"},"wdio_ui5_key":"applicationmanagepartners-display-component---masterPtm--smartFilterBar-filterItemControlA_-LINK_TO_ADDRESSES_MAIN.COUNTRY-vhi"}]}
RESULT: {"script":"<script> [1562 bytes]","args":[{"selector":{"id":"application-managepartners-display-component---masterPtm--smartFilterBar-filterItemControlA_-LINK_TO_ADDRESSES_MAIN.COUNTRY-vhi"},"wdio_ui5_key":"applicationmanagepartners-display-component---masterPtm--smartFilterBar-filterItemControlA_-LINK_TO_ADDRESSES_MAIN.COUNTRY-vhi"}]}
RESULT: undefined
COMMAND: POST /session/637de528f4e604e156fb3e125ad907fc/element - {"using":"xpath","value":"//*[@id=\"application-managepartners-display-component---masterPtm--smartFilterBar-filterItemControlA_-LINK_TO_ADDRESSES_MAIN.COUNTRY-vhi\"]"}
RESULT: {"using":"xpath","value":"//*[@id=\"application-managepartners-display-component---masterPtm--smartFilterBar-filterItemControlA_-LINK_TO_ADDRESSES_MAIN.COUNTRY-vhi\"]"}
COMMAND: POST /session/637de528f4e604e156fb3e125ad907fc/element/f.71948811B2353B7E36D356F88F4B3924.d.10BA770F4DB8AB27D1D45FC2B340631F.e.11276/click - {}
RESULT: {}
COMMAND: GET /session/637de528f4e604e156fb3e125ad907fc/screenshot - {}
RESULT: {}
COMMAND: POST /session/637de528f4e604e156fb3e125ad907fc/element - {"using":"xpath","value":"//bdi[contains(text(), \"Cancel\")]"}
RESULT: {"using":"xpath","value":"//bdi[contains(text(), \"Cancel\")]"}
COMMAND: POST /session/637de528f4e604e156fb3e125ad907fc/element/f.71948811B2353B7E36D356F88F4B3924.d.10BA770F4DB8AB27D1D45FC2B340631F.e.11284/click - {}
RESULT: {}
COMMAND: GET /session/637de528f4e604e156fb3e125ad907fc/screenshot - {}
RESULT: {}
COMMAND: POST /session/637de528f4e604e156fb3e125ad907fc/execute/async - {"script":"<script> [1562 bytes]","args":[{"selector":{"id":"application-managepartners-display-component---masterPtm--smartFilterBar-filterItemControlA_-COMPANY_CODE-vhi"},"wdio_ui5_key":"applicationmanagepartners-display-component---masterPtm--smartFilterBar-filterItemControlA_-COMPANY_CODE-vhi"}]}
RESULT: {"script":"<script> [1562 bytes]","args":[{"selector":{"id":"application-managepartners-display-component---masterPtm--smartFilterBar-filterItemControlA_-COMPANY_CODE-vhi"},"wdio_ui5_key":"applicationmanagepartners-display-component---masterPtm--smartFilterBar-filterItemControlA_-COMPANY_CODE-vhi"}]}
RESULT: undefined
COMMAND: POST /session/637de528f4e604e156fb3e125ad907fc/element - {"using":"xpath","value":"//*[@id=\"application-managepartners-display-component---masterPtm--smartFilterBar-filterItemControlA_-COMPANY_CODE-vhi\"]"}
RESULT: {"using":"xpath","value":"//*[@id=\"application-managepartners-display-component---masterPtm--smartFilterBar-filterItemControlA_-COMPANY_CODE-vhi\"]"}
COMMAND: POST /session/637de528f4e604e156fb3e125ad907fc/element/f.71948811B2353B7E36D356F88F4B3924.d.10BA770F4DB8AB27D1D45FC2B340631F.e.11287/click - {}
RESULT: {}
COMMAND: GET /session/637de528f4e604e156fb3e125ad907fc/screenshot - {}
RESULT: {}
COMMAND: POST /session/637de528f4e604e156fb3e125ad907fc/element - {"using":"xpath","value":"//bdi[contains(text(), \"Cancel\")]"}
RESULT: {"using":"xpath","value":"//bdi[contains(text(), \"Cancel\")]"}
COMMAND: POST /session/637de528f4e604e156fb3e125ad907fc/element/f.71948811B2353B7E36D356F88F4B3924.d.10BA770F4DB8AB27D1D45FC2B340631F.e.11292/click - {}
RESULT: {}
COMMAND: GET /session/637de528f4e604e156fb3e125ad907fc/screenshot - {}
RESULT: {}
COMMAND: POST /session/637de528f4e604e156fb3e125ad907fc/execute/async - {"script":"<script> [1562 bytes]","args":[{"selector":{"id":"application-managepartners-display-component---masterPtm--smartTable-btnPersonalisation-img"},"wdio_ui5_key":"applicationmanagepartners-display-component---masterPtm--smartTable-btnPersonalisation-img"}]}
RESULT: {"script":"<script> [1562 bytes]","args":[{"selector":{"id":"application-managepartners-display-component---masterPtm--smartTable-btnPersonalisation-img"},"wdio_ui5_key":"applicationmanagepartners-display-component---masterPtm--smartTable-btnPersonalisation-img"}]}
RESULT: undefined
COMMAND: POST /session/637de528f4e604e156fb3e125ad907fc/element - {"using":"xpath","value":"//*[@id=\"application-managepartners-display-component---masterPtm--smartTable-btnPersonalisation-img\"]"}
RESULT: {"using":"xpath","value":"//*[@id=\"application-managepartners-display-component---masterPtm--smartTable-btnPersonalisation-img\"]"}
COMMAND: POST /session/637de528f4e604e156fb3e125ad907fc/element/f.71948811B2353B7E36D356F88F4B3924.d.10BA770F4DB8AB27D1D45FC2B340631F.e.9246/click - {}
RESULT: {}
COMMAND: GET /session/637de528f4e604e156fb3e125ad907fc/screenshot - {}
RESULT: {}
COMMAND: POST /session/637de528f4e604e156fb3e125ad907fc/elements - {"using":"xpath","value":"//table[contains(@id, \"innerSelectionPanelTable-listUl\")]/tbody/tr"}
RESULT: {"using":"xpath","value":"//table[contains(@id, \"innerSelectionPanelTable-listUl\")]/tbody/tr"}
COMMAND: POST /session/637de528f4e604e156fb3e125ad907fc/element - {"using":"xpath","value":"//table[contains(@id, \"innerSelectionPanelTable-listUl\")]/tbody/tr[2]/td[2]/div/div"}
RESULT: {"using":"xpath","value":"//table[contains(@id, \"innerSelectionPanelTable-listUl\")]/tbody/tr[2]/td[2]/div/div"}
COMMAND: POST /session/637de528f4e604e156fb3e125ad907fc/element - {"using":"xpath","value":"//table[contains(@id, \"innerSelectionPanelTable-listUl\")]/tbody/tr[2]/td[3]/div/div/span/span[1]/bdi"}
RESULT: {"using":"xpath","value":"//table[contains(@id, \"innerSelectionPanelTable-listUl\")]/tbody/tr[2]/td[3]/div/div/span/span[1]/bdi"}
COMMAND: POST /session/637de528f4e604e156fb3e125ad907fc/execute/sync - {"script":"<script> [56 bytes]","args":[{"element-6066-11e4-a52e-4f735466cecf":"f.71948811B2353B7E36D356F88F4B3924.d.10BA770F4DB8AB27D1D45FC2B340631F.e.11330","ELEMENT":"f.71948811B2353B7E36D356F88F4B3924.d.10BA770F4DB8AB27D1D45FC2B340631F.e.11330"}]}
RESULT: {"script":"<script> [56 bytes]","args":[{"element-6066-11e4-a52e-4f735466cecf":"f.71948811B2353B7E36D356F88F4B3924.d.10BA770F4DB8AB27D1D45FC2B340631F.e.11330","ELEMENT":"f.71948811B2353B7E36D356F88F4B3924.d.10BA770F4DB8AB27D1D45FC2B340631F.e.11330"}]}
COMMAND: POST /session/637de528f4e604e156fb3e125ad907fc/element - {"using":"xpath","value":"//table[contains(@id, \"innerSelectionPanelTable-listUl\")]/tbody/tr[3]/td[2]/div/div"}
COMMAND: GET /session/637de528f4e604e156fb3e125ad907fc/screenshot - {}
RESULT: {"using":"xpath","value":"//table[contains(@id, \"innerSelectionPanelTable-listUl\")]/tbody/tr[3]/td[2]/div/div"}
COMMAND: POST /session/637de528f4e604e156fb3e125ad907fc/element - {"using":"xpath","value":"//table[contains(@id, \"innerSelectionPanelTable-listUl\")]/tbody/tr[3]/td[3]/div/div/span/span[1]/bdi"}
RESULT: {}
RESULT: {"using":"xpath","value":"//table[contains(@id, \"innerSelectionPanelTable-listUl\")]/tbody/tr[3]/td[3]/div/div/span/span[1]/bdi"}
COMMAND: POST /session/637de528f4e604e156fb3e125ad907fc/execute/sync - {"script":"<script> [56 bytes]","args":[{"element-6066-11e4-a52e-4f735466cecf":"f.71948811B2353B7E36D356F88F4B3924.d.10BA770F4DB8AB27D1D45FC2B340631F.e.11332","ELEMENT":"f.71948811B2353B7E36D356F88F4B3924.d.10BA770F4DB8AB27D1D45FC2B340631F.e.11332"}]}
RESULT: {"script":"<script> [56 bytes]","args":[{"element-6066-11e4-a52e-4f735466cecf":"f.71948811B2353B7E36D356F88F4B3924.d.10BA770F4DB8AB27D1D45FC2B340631F.e.11332","ELEMENT":"f.71948811B2353B7E36D356F88F4B3924.d.10BA770F4DB8AB27D1D45FC2B340631F.e.11332"}]}
COMMAND: POST /session/637de528f4e604e156fb3e125ad907fc/element - {"using":"xpath","value":"//table[contains(@id, \"innerSelectionPanelTable-listUl\")]/tbody/tr[4]/td[2]/div/div"}
COMMAND: GET /session/637de528f4e604e156fb3e125ad907fc/screenshot - {}
RESULT: {"using":"xpath","value":"//table[contains(@id, \"innerSelectionPanelTable-listUl\")]/tbody/tr[4]/td[2]/div/div"}
COMMAND: POST /session/637de528f4e604e156fb3e125ad907fc/element - {"using":"xpath","value":"//table[contains(@id, \"innerSelectionPanelTable-listUl\")]/tbody/tr[4]/td[3]/div/div/span/span[1]/bdi"}
RESULT: {}
RESULT: {"using":"xpath","value":"//table[contains(@id, \"innerSelectionPanelTable-listUl\")]/tbody/tr[4]/td[3]/div/div/span/span[1]/bdi"}
COMMAND: POST /session/637de528f4e604e156fb3e125ad907fc/execute/sync - {"script":"<script> [56 bytes]","args":[{"element-6066-11e4-a52e-4f735466cecf":"f.71948811B2353B7E36D356F88F4B3924.d.10BA770F4DB8AB27D1D45FC2B340631F.e.11334","ELEMENT":"f.71948811B2353B7E36D356F88F4B3924.d.10BA770F4DB8AB27D1D45FC2B340631F.e.11334"}]}
RESULT: {"script":"<script> [56 bytes]","args":[{"element-6066-11e4-a52e-4f735466cecf":"f.71948811B2353B7E36D356F88F4B3924.d.10BA770F4DB8AB27D1D45FC2B340631F.e.11334","ELEMENT":"f.71948811B2353B7E36D356F88F4B3924.d.10BA770F4DB8AB27D1D45FC2B340631F.e.11334"}]}
COMMAND: POST /session/637de528f4e604e156fb3e125ad907fc/element - {"using":"xpath","value":"//table[contains(@id, \"innerSelectionPanelTable-listUl\")]/tbody/tr[5]/td[2]/div/div"}
COMMAND: POST /session/637de528f4e604e156fb3e125ad907fc/element/f.71948811B2353B7E36D356F88F4B3924.d.10BA770F4DB8AB27D1D45FC2B340631F.e.11333/click - {}
COMMAND: GET /session/637de528f4e604e156fb3e125ad907fc/screenshot - {}
RESULT: {"using":"xpath","value":"//table[contains(@id, \"innerSelectionPanelTable-listUl\")]/tbody/tr[5]/td[2]/div/div"}
COMMAND: POST /session/637de528f4e604e156fb3e125ad907fc/element - {"using":"xpath","value":"//table[contains(@id, \"innerSelectionPanelTable-listUl\")]/tbody/tr[5]/td[3]/div/div/span/span[1]/bdi"}
RESULT: {}
COMMAND: GET /session/637de528f4e604e156fb3e125ad907fc/screenshot - {}
RESULT: {}
RESULT: {"using":"xpath","value":"//table[contains(@id, \"innerSelectionPanelTable-listUl\")]/tbody/tr[5]/td[3]/div/div/span/span[1]/bdi"}
COMMAND: POST /session/637de528f4e604e156fb3e125ad907fc/execute/sync - {"script":"<script> [56 bytes]","args":[{"element-6066-11e4-a52e-4f735466cecf":"f.71948811B2353B7E36D356F88F4B3924.d.10BA770F4DB8AB27D1D45FC2B340631F.e.11338","ELEMENT":"f.71948811B2353B7E36D356F88F4B3924.d.10BA770F4DB8AB27D1D45FC2B340631F.e.11338"}]}
RESULT: {}
RESULT: {"script":"<script> [56 bytes]","args":[{"element-6066-11e4-a52e-4f735466cecf":"f.71948811B2353B7E36D356F88F4B3924.d.10BA770F4DB8AB27D1D45FC2B340631F.e.11338","ELEMENT":"f.71948811B2353B7E36D356F88F4B3924.d.10BA770F4DB8AB27D1D45FC2B340631F.e.11338"}]}
COMMAND: POST /session/637de528f4e604e156fb3e125ad907fc/element - {"using":"xpath","value":"//table[contains(@id, \"innerSelectionPanelTable-listUl\")]/tbody/tr[6]/td[2]/div/div"}
COMMAND: GET /session/637de528f4e604e156fb3e125ad907fc/screenshot - {}
RESULT: {"using":"xpath","value":"//table[contains(@id, \"innerSelectionPanelTable-listUl\")]/tbody/tr[6]/td[2]/div/div"}
COMMAND: POST /session/637de528f4e604e156fb3e125ad907fc/element - {"using":"xpath","value":"//table[contains(@id, \"innerSelectionPanelTable-listUl\")]/tbody/tr[6]/td[3]/div/div/span/span[1]/bdi"}
RESULT: {}
RESULT: {"using":"xpath","value":"//table[contains(@id, \"innerSelectionPanelTable-listUl\")]/tbody/tr[6]/td[3]/div/div/span/span[1]/bdi"}
COMMAND: POST /session/637de528f4e604e156fb3e125ad907fc/execute/sync - {"script":"<script> [56 bytes]","args":[{"element-6066-11e4-a52e-4f735466cecf":"f.71948811B2353B7E36D356F88F4B3924.d.10BA770F4DB8AB27D1D45FC2B340631F.e.11340","ELEMENT":"f.71948811B2353B7E36D356F88F4B3924.d.10BA770F4DB8AB27D1D45FC2B340631F.e.11340"}]}
RESULT: {"script":"<script> [56 bytes]","args":[{"element-6066-11e4-a52e-4f735466cecf":"f.71948811B2353B7E36D356F88F4B3924.d.10BA770F4DB8AB27D1D45FC2B340631F.e.11340","ELEMENT":"f.71948811B2353B7E36D356F88F4B3924.d.10BA770F4DB8AB27D1D45FC2B340631F.e.11340"}]}
COMMAND: POST /session/637de528f4e604e156fb3e125ad907fc/element - {"using":"xpath","value":"//table[contains(@id, \"innerSelectionPanelTable-listUl\")]/tbody/tr[7]/td[2]/div/div"}
COMMAND: POST /session/637de528f4e604e156fb3e125ad907fc/element/f.71948811B2353B7E36D356F88F4B3924.d.10BA770F4DB8AB27D1D45FC2B340631F.e.11339/click - {}
COMMAND: GET /session/637de528f4e604e156fb3e125ad907fc/screenshot - {}
RESULT: {}
COMMAND: GET /session/637de528f4e604e156fb3e125ad907fc/screenshot - {}
RESULT: {"using":"xpath","value":"//table[contains(@id, \"innerSelectionPanelTable-listUl\")]/tbody/tr[7]/td[2]/div/div"}
COMMAND: POST /session/637de528f4e604e156fb3e125ad907fc/element - {"using":"xpath","value":"//table[contains(@id, \"innerSelectionPanelTable-listUl\")]/tbody/tr[7]/td[3]/div/div/span/span[1]/bdi"}
RESULT: {}
RESULT: {}
RESULT: {"using":"xpath","value":"//table[contains(@id, \"innerSelectionPanelTable-listUl\")]/tbody/tr[7]/td[3]/div/div/span/span[1]/bdi"}
COMMAND: POST /session/637de528f4e604e156fb3e125ad907fc/execute/sync - {"script":"<script> [56 bytes]","args":[{"element-6066-11e4-a52e-4f735466cecf":"f.71948811B2353B7E36D356F88F4B3924.d.10BA770F4DB8AB27D1D45FC2B340631F.e.11343","ELEMENT":"f.71948811B2353B7E36D356F88F4B3924.d.10BA770F4DB8AB27D1D45FC2B340631F.e.11343"}]}
RESULT: {"script":"<script> [56 bytes]","args":[{"element-6066-11e4-a52e-4f735466cecf":"f.71948811B2353B7E36D356F88F4B3924.d.10BA770F4DB8AB27D1D45FC2B340631F.e.11343","ELEMENT":"f.71948811B2353B7E36D356F88F4B3924.d.10BA770F4DB8AB27D1D45FC2B340631F.e.11343"}]}
COMMAND: POST /session/637de528f4e604e156fb3e125ad907fc/element - {"using":"xpath","value":"//table[contains(@id, \"innerSelectionPanelTable-listUl\")]/tbody/tr[8]/td[2]/div/div"}
COMMAND: GET /session/637de528f4e604e156fb3e125ad907fc/screenshot - {}
RESULT: {"using":"xpath","value":"//table[contains(@id, \"innerSelectionPanelTable-listUl\")]/tbody/tr[8]/td[2]/div/div"}
COMMAND: POST /session/637de528f4e604e156fb3e125ad907fc/element - {"using":"xpath","value":"//table[contains(@id, \"innerSelectionPanelTable-listUl\")]/tbody/tr[8]/td[3]/div/div/span/span[1]/bdi"}
RESULT: {}
RESULT: {"using":"xpath","value":"//table[contains(@id, \"innerSelectionPanelTable-listUl\")]/tbody/tr[8]/td[3]/div/div/span/span[1]/bdi"}
COMMAND: POST /session/637de528f4e604e156fb3e125ad907fc/execute/sync - {"script":"<script> [56 bytes]","args":[{"element-6066-11e4-a52e-4f735466cecf":"f.71948811B2353B7E36D356F88F4B3924.d.10BA770F4DB8AB27D1D45FC2B340631F.e.11345","ELEMENT":"f.71948811B2353B7E36D356F88F4B3924.d.10BA770F4DB8AB27D1D45FC2B340631F.e.11345"}]}
RESULT: {"script":"<script> [56 bytes]","args":[{"element-6066-11e4-a52e-4f735466cecf":"f.71948811B2353B7E36D356F88F4B3924.d.10BA770F4DB8AB27D1D45FC2B340631F.e.11345","ELEMENT":"f.71948811B2353B7E36D356F88F4B3924.d.10BA770F4DB8AB27D1D45FC2B340631F.e.11345"}]}
COMMAND: POST /session/637de528f4e604e156fb3e125ad907fc/element - {"using":"xpath","value":"//table[contains(@id, \"innerSelectionPanelTable-listUl\")]/tbody/tr[9]/td[2]/div/div"}
COMMAND: GET /session/637de528f4e604e156fb3e125ad907fc/screenshot - {}
RESULT: {"using":"xpath","value":"//table[contains(@id, \"innerSelectionPanelTable-listUl\")]/tbody/tr[9]/td[2]/div/div"}
COMMAND: POST /session/637de528f4e604e156fb3e125ad907fc/element - {"using":"xpath","value":"//table[contains(@id, \"innerSelectionPanelTable-listUl\")]/tbody/tr[9]/td[3]/div/div/span/span[1]/bdi"}
RESULT: {}
RESULT: {"using":"xpath","value":"//table[contains(@id, \"innerSelectionPanelTable-listUl\")]/tbody/tr[9]/td[3]/div/div/span/span[1]/bdi"}
COMMAND: POST /session/637de528f4e604e156fb3e125ad907fc/execute/sync - {"script":"<script> [56 bytes]","args":[{"element-6066-11e4-a52e-4f735466cecf":"f.71948811B2353B7E36D356F88F4B3924.d.10BA770F4DB8AB27D1D45FC2B340631F.e.11347","ELEMENT":"f.71948811B2353B7E36D356F88F4B3924.d.10BA770F4DB8AB27D1D45FC2B340631F.e.11347"}]}
RESULT: {"script":"<script> [56 bytes]","args":[{"element-6066-11e4-a52e-4f735466cecf":"f.71948811B2353B7E36D356F88F4B3924.d.10BA770F4DB8AB27D1D45FC2B340631F.e.11347","ELEMENT":"f.71948811B2353B7E36D356F88F4B3924.d.10BA770F4DB8AB27D1D45FC2B340631F.e.11347"}]}
COMMAND: POST /session/637de528f4e604e156fb3e125ad907fc/element - {"using":"xpath","value":"//table[contains(@id, \"innerSelectionPanelTable-listUl\")]/tbody/tr[10]/td[2]/div/div"}
COMMAND: GET /session/637de528f4e604e156fb3e125ad907fc/screenshot - {}
RESULT: {"using":"xpath","value":"//table[contains(@id, \"innerSelectionPanelTable-listUl\")]/tbody/tr[10]/td[2]/div/div"}
COMMAND: POST /session/637de528f4e604e156fb3e125ad907fc/element - {"using":"xpath","value":"//table[contains(@id, \"innerSelectionPanelTable-listUl\")]/tbody/tr[10]/td[3]/div/div/span/span[1]/bdi"}
RESULT: {}
RESULT: {"using":"xpath","value":"//table[contains(@id, \"innerSelectionPanelTable-listUl\")]/tbody/tr[10]/td[3]/div/div/span/span[1]/bdi"}
COMMAND: POST /session/637de528f4e604e156fb3e125ad907fc/execute/sync - {"script":"<script> [56 bytes]","args":[{"element-6066-11e4-a52e-4f735466cecf":"f.71948811B2353B7E36D356F88F4B3924.d.10BA770F4DB8AB27D1D45FC2B340631F.e.11349","ELEMENT":"f.71948811B2353B7E36D356F88F4B3924.d.10BA770F4DB8AB27D1D45FC2B340631F.e.11349"}]}
RESULT: {"script":"<script> [56 bytes]","args":[{"element-6066-11e4-a52e-4f735466cecf":"f.71948811B2353B7E36D356F88F4B3924.d.10BA770F4DB8AB27D1D45FC2B340631F.e.11349","ELEMENT":"f.71948811B2353B7E36D356F88F4B3924.d.10BA770F4DB8AB27D1D45FC2B340631F.e.11349"}]}
COMMAND: POST /session/637de528f4e604e156fb3e125ad907fc/element - {"using":"xpath","value":"//table[contains(@id, \"innerSelectionPanelTable-listUl\")]/tbody/tr[11]/td[2]/div/div"}
COMMAND: GET /session/637de528f4e604e156fb3e125ad907fc/screenshot - {}
RESULT: {"using":"xpath","value":"//table[contains(@id, \"innerSelectionPanelTable-listUl\")]/tbody/tr[11]/td[2]/div/div"}
COMMAND: POST /session/637de528f4e604e156fb3e125ad907fc/element - {"using":"xpath","value":"//table[contains(@id, \"innerSelectionPanelTable-listUl\")]/tbody/tr[11]/td[3]/div/div/span/span[1]/bdi"}
RESULT: {}
RESULT: {"using":"xpath","value":"//table[contains(@id, \"innerSelectionPanelTable-listUl\")]/tbody/tr[11]/td[3]/div/div/span/span[1]/bdi"}
COMMAND: POST /session/637de528f4e604e156fb3e125ad907fc/execute/sync - {"script":"<script> [56 bytes]","args":[{"element-6066-11e4-a52e-4f735466cecf":"f.71948811B2353B7E36D356F88F4B3924.d.10BA770F4DB8AB27D1D45FC2B340631F.e.11351","ELEMENT":"f.71948811B2353B7E36D356F88F4B3924.d.10BA770F4DB8AB27D1D45FC2B340631F.e.11351"}]}
RESULT: {"script":"<script> [56 bytes]","args":[{"element-6066-11e4-a52e-4f735466cecf":"f.71948811B2353B7E36D356F88F4B3924.d.10BA770F4DB8AB27D1D45FC2B340631F.e.11351","ELEMENT":"f.71948811B2353B7E36D356F88F4B3924.d.10BA770F4DB8AB27D1D45FC2B340631F.e.11351"}]}
COMMAND: POST /session/637de528f4e604e156fb3e125ad907fc/element - {"using":"xpath","value":"//table[contains(@id, \"innerSelectionPanelTable-listUl\")]/tbody/tr[12]/td[2]/div/div"}
COMMAND: GET /session/637de528f4e604e156fb3e125ad907fc/screenshot - {}
RESULT: {"using":"xpath","value":"//table[contains(@id, \"innerSelectionPanelTable-listUl\")]/tbody/tr[12]/td[2]/div/div"}
COMMAND: POST /session/637de528f4e604e156fb3e125ad907fc/element - {"using":"xpath","value":"//table[contains(@id, \"innerSelectionPanelTable-listUl\")]/tbody/tr[12]/td[3]/div/div/span/span[1]/bdi"}
RESULT: {}
RESULT: {"using":"xpath","value":"//table[contains(@id, \"innerSelectionPanelTable-listUl\")]/tbody/tr[12]/td[3]/div/div/span/span[1]/bdi"}
COMMAND: POST /session/637de528f4e604e156fb3e125ad907fc/execute/sync - {"script":"<script> [56 bytes]","args":[{"element-6066-11e4-a52e-4f735466cecf":"f.71948811B2353B7E36D356F88F4B3924.d.10BA770F4DB8AB27D1D45FC2B340631F.e.11353","ELEMENT":"f.71948811B2353B7E36D356F88F4B3924.d.10BA770F4DB8AB27D1D45FC2B340631F.e.11353"}]}
RESULT: {"script":"<script> [56 bytes]","args":[{"element-6066-11e4-a52e-4f735466cecf":"f.71948811B2353B7E36D356F88F4B3924.d.10BA770F4DB8AB27D1D45FC2B340631F.e.11353","ELEMENT":"f.71948811B2353B7E36D356F88F4B3924.d.10BA770F4DB8AB27D1D45FC2B340631F.e.11353"}]}
COMMAND: POST /session/637de528f4e604e156fb3e125ad907fc/element - {"using":"xpath","value":"//table[contains(@id, \"innerSelectionPanelTable-listUl\")]/tbody/tr[13]/td[2]/div/div"}
COMMAND: POST /session/637de528f4e604e156fb3e125ad907fc/element/f.71948811B2353B7E36D356F88F4B3924.d.10BA770F4DB8AB27D1D45FC2B340631F.e.11352/click - {}
COMMAND: GET /session/637de528f4e604e156fb3e125ad907fc/screenshot - {}
RESULT: {}
COMMAND: GET /session/637de528f4e604e156fb3e125ad907fc/screenshot - {}
RESULT: {"using":"xpath","value":"//table[contains(@id, \"innerSelectionPanelTable-listUl\")]/tbody/tr[13]/td[2]/div/div"}
COMMAND: POST /session/637de528f4e604e156fb3e125ad907fc/element - {"using":"xpath","value":"//table[contains(@id, \"innerSelectionPanelTable-listUl\")]/tbody/tr[13]/td[3]/div/div/span/span[1]/bdi"}
RESULT: {}
RESULT: {}
RESULT: {"using":"xpath","value":"//table[contains(@id, \"innerSelectionPanelTable-listUl\")]/tbody/tr[13]/td[3]/div/div/span/span[1]/bdi"}
COMMAND: POST /session/637de528f4e604e156fb3e125ad907fc/execute/sync - {"script":"<script> [56 bytes]","args":[{"element-6066-11e4-a52e-4f735466cecf":"f.71948811B2353B7E36D356F88F4B3924.d.10BA770F4DB8AB27D1D45FC2B340631F.e.11357","ELEMENT":"f.71948811B2353B7E36D356F88F4B3924.d.10BA770F4DB8AB27D1D45FC2B340631F.e.11357"}]}
RESULT: {"script":"<script> [56 bytes]","args":[{"element-6066-11e4-a52e-4f735466cecf":"f.71948811B2353B7E36D356F88F4B3924.d.10BA770F4DB8AB27D1D45FC2B340631F.e.11357","ELEMENT":"f.71948811B2353B7E36D356F88F4B3924.d.10BA770F4DB8AB27D1D45FC2B340631F.e.11357"}]}
COMMAND: POST /session/637de528f4e604e156fb3e125ad907fc/element - {"using":"xpath","value":"//table[contains(@id, \"innerSelectionPanelTable-listUl\")]/tbody/tr[14]/td[2]/div/div"}
COMMAND: GET /session/637de528f4e604e156fb3e125ad907fc/screenshot - {}
RESULT: {"using":"xpath","value":"//table[contains(@id, \"innerSelectionPanelTable-listUl\")]/tbody/tr[14]/td[2]/div/div"}
COMMAND: POST /session/637de528f4e604e156fb3e125ad907fc/element - {"using":"xpath","value":"//table[contains(@id, \"innerSelectionPanelTable-listUl\")]/tbody/tr[14]/td[3]/div/div/span/span[1]/bdi"}
RESULT: {}
RESULT: {"using":"xpath","value":"//table[contains(@id, \"innerSelectionPanelTable-listUl\")]/tbody/tr[14]/td[3]/div/div/span/span[1]/bdi"}
COMMAND: POST /session/637de528f4e604e156fb3e125ad907fc/execute/sync - {"script":"<script> [56 bytes]","args":[{"element-6066-11e4-a52e-4f735466cecf":"f.71948811B2353B7E36D356F88F4B3924.d.10BA770F4DB8AB27D1D45FC2B340631F.e.11359","ELEMENT":"f.71948811B2353B7E36D356F88F4B3924.d.10BA770F4DB8AB27D1D45FC2B340631F.e.11359"}]}
RESULT: {"script":"<script> [56 bytes]","args":[{"element-6066-11e4-a52e-4f735466cecf":"f.71948811B2353B7E36D356F88F4B3924.d.10BA770F4DB8AB27D1D45FC2B340631F.e.11359","ELEMENT":"f.71948811B2353B7E36D356F88F4B3924.d.10BA770F4DB8AB27D1D45FC2B340631F.e.11359"}]}
COMMAND: POST /session/637de528f4e604e156fb3e125ad907fc/element - {"using":"xpath","value":"//bdi[contains(text(), \"OK\")]"}
COMMAND: GET /session/637de528f4e604e156fb3e125ad907fc/screenshot - {}
RESULT: {"using":"xpath","value":"//bdi[contains(text(), \"OK\")]"}
COMMAND: POST /session/637de528f4e604e156fb3e125ad907fc/element/f.71948811B2353B7E36D356F88F4B3924.d.10BA770F4DB8AB27D1D45FC2B340631F.e.11360/click - {}
RESULT: {}
RESULT: {}
COMMAND: GET /session/637de528f4e604e156fb3e125ad907fc/screenshot - {}
RESULT: {}
COMMAND: POST /session/637de528f4e604e156fb3e125ad907fc/element - {"using":"xpath","value":"//table[contains(@id, \"customPartnersTable-listUl\")]/thead/tr[1]/th[contains(., \"Catalog\")]"}
RESULT: {"using":"xpath","value":"//table[contains(@id, \"customPartnersTable-listUl\")]/thead/tr[1]/th[contains(., \"Catalog\")]"}
COMMAND: POST /session/637de528f4e604e156fb3e125ad907fc/elements - {"using":"xpath","value":"//table[contains(@id, \"customPartnersTable-listUl\")]/thead/tr[1]/th[contains(., \"Catalog\")]"}
RESULT: {"using":"xpath","value":"//table[contains(@id, \"customPartnersTable-listUl\")]/thead/tr[1]/th[contains(., \"Catalog\")]"}
COMMAND: POST /session/637de528f4e604e156fb3e125ad907fc/element - {"using":"xpath","value":"//table[contains(@id, \"customPartnersTable-listUl\")]/thead/tr[1]/th[contains(., \"Currency\")]"}
RESULT: {"using":"xpath","value":"//table[contains(@id, \"customPartnersTable-listUl\")]/thead/tr[1]/th[contains(., \"Currency\")]"}
COMMAND: POST /session/637de528f4e604e156fb3e125ad907fc/elements - {"using":"xpath","value":"//table[contains(@id, \"customPartnersTable-listUl\")]/thead/tr[1]/th[contains(., \"Currency\")]"}
RESULT: {"using":"xpath","value":"//table[contains(@id, \"customPartnersTable-listUl\")]/thead/tr[1]/th[contains(., \"Currency\")]"}
COMMAND: POST /session/637de528f4e604e156fb3e125ad907fc/element - {"using":"xpath","value":"//table[contains(@id, \"customPartnersTable-listUl\")]/thead/tr[1]/th[contains(., \"Partner Type\")]"}
RESULT: {"using":"xpath","value":"//table[contains(@id, \"customPartnersTable-listUl\")]/thead/tr[1]/th[contains(., \"Partner Type\")]"}
COMMAND: POST /session/637de528f4e604e156fb3e125ad907fc/elements - {"using":"xpath","value":"//table[contains(@id, \"customPartnersTable-listUl\")]/thead/tr[1]/th[contains(., \"Partner Type\")]"}
RESULT: {"using":"xpath","value":"//table[contains(@id, \"customPartnersTable-listUl\")]/thead/tr[1]/th[contains(., \"Partner Type\")]"}
COMMAND: POST /session/637de528f4e604e156fb3e125ad907fc/execute/async - {"script":"<script> [1562 bytes]","args":[{"selector":{"id":"application-managepartners-display-component---masterPtm--smartTable-btnExcelExport-internalSplitBtn-textButton-img"},"wdio_ui5_key":"applicationmanagepartners-display-component---masterPtm--smartTable-btnExcelExport-internalSplitBtn-textButton-img"}]}
RESULT: {"script":"<script> [1562 bytes]","args":[{"selector":{"id":"application-managepartners-display-component---masterPtm--smartTable-btnExcelExport-internalSplitBtn-textButton-img"},"wdio_ui5_key":"applicationmanagepartners-display-component---masterPtm--smartTable-btnExcelExport-internalSplitBtn-textButton-img"}]}
RESULT: undefined
COMMAND: POST /session/637de528f4e604e156fb3e125ad907fc/element - {"using":"xpath","value":"//*[@id=\"application-managepartners-display-component---masterPtm--smartTable-btnExcelExport-internalSplitBtn-textButton-img\"]"}
RESULT: {"using":"xpath","value":"//*[@id=\"application-managepartners-display-component---masterPtm--smartTable-btnExcelExport-internalSplitBtn-textButton-img\"]"}
COMMAND: POST /session/637de528f4e604e156fb3e125ad907fc/element/f.71948811B2353B7E36D356F88F4B3924.d.10BA770F4DB8AB27D1D45FC2B340631F.e.9251/click - {}
RESULT: {}
COMMAND: POST /session/637de528f4e604e156fb3e125ad907fc/element - {"using":"css selector","value":"div.sapMDialog, div.sapMBusyDialog"}
COMMAND: GET /session/637de528f4e604e156fb3e125ad907fc/screenshot - {}
RESULT: {"using":"css selector","value":"div.sapMDialog, div.sapMBusyDialog"}
COMMAND: POST /session/637de528f4e604e156fb3e125ad907fc/execute/sync - {"script":"<script> [8489 bytes]","args":[{"element-6066-11e4-a52e-4f735466cecf":"f.71948811B2353B7E36D356F88F4B3924.d.10BA770F4DB8AB27D1D45FC2B340631F.e.11535","ELEMENT":"f.71948811B2353B7E36D356F88F4B3924.d.10BA770F4DB8AB27D1D45FC2B340631F.e.11535"}]}
RESULT: {}
RESULT: {"script":"<script> [8489 bytes]","args":[{"element-6066-11e4-a52e-4f735466cecf":"f.71948811B2353B7E36D356F88F4B3924.d.10BA770F4DB8AB27D1D45FC2B340631F.e.11535","ELEMENT":"f.71948811B2353B7E36D356F88F4B3924.d.10BA770F4DB8AB27D1D45FC2B340631F.e.11535"}]}
COMMAND: POST /session/637de528f4e604e156fb3e125ad907fc/execute/sync - {"script":"<script> [8489 bytes]","args":[{"element-6066-11e4-a52e-4f735466cecf":"f.71948811B2353B7E36D356F88F4B3924.d.10BA770F4DB8AB27D1D45FC2B340631F.e.11535","ELEMENT":"f.71948811B2353B7E36D356F88F4B3924.d.10BA770F4DB8AB27D1D45FC2B340631F.e.11535"}]}
COMMAND: GET /session/637de528f4e604e156fb3e125ad907fc/screenshot - {}
RESULT: {"script":"<script> [8489 bytes]","args":[{"element-6066-11e4-a52e-4f735466cecf":"f.71948811B2353B7E36D356F88F4B3924.d.10BA770F4DB8AB27D1D45FC2B340631F.e.11535","ELEMENT":"f.71948811B2353B7E36D356F88F4B3924.d.10BA770F4DB8AB27D1D45FC2B340631F.e.11535"}]}
COMMAND: GET /session/637de528f4e604e156fb3e125ad907fc/screenshot - {}
RESULT: {}
COMMAND: POST /session/637de528f4e604e156fb3e125ad907fc/execute/sync - {"script":"<script> [8489 bytes]","args":[{"element-6066-11e4-a52e-4f735466cecf":"f.71948811B2353B7E36D356F88F4B3924.d.10BA770F4DB8AB27D1D45FC2B340631F.e.11535","ELEMENT":"f.71948811B2353B7E36D356F88F4B3924.d.10BA770F4DB8AB27D1D45FC2B340631F.e.11535"}]}
RESULT: {}
RESULT: {"script":"<script> [8489 bytes]","args":[{"element-6066-11e4-a52e-4f735466cecf":"f.71948811B2353B7E36D356F88F4B3924.d.10BA770F4DB8AB27D1D45FC2B340631F.e.11535","ELEMENT":"f.71948811B2353B7E36D356F88F4B3924.d.10BA770F4DB8AB27D1D45FC2B340631F.e.11535"}]}
COMMAND: GET /session/637de528f4e604e156fb3e125ad907fc/screenshot - {}
COMMAND: POST /session/637de528f4e604e156fb3e125ad907fc/execute/sync - {"script":"<script> [8489 bytes]","args":[{"element-6066-11e4-a52e-4f735466cecf":"f.71948811B2353B7E36D356F88F4B3924.d.10BA770F4DB8AB27D1D45FC2B340631F.e.11535","ELEMENT":"f.71948811B2353B7E36D356F88F4B3924.d.10BA770F4DB8AB27D1D45FC2B340631F.e.11535"}]}
RESULT: {}
RESULT: {"script":"<script> [8489 bytes]","args":[{"element-6066-11e4-a52e-4f735466cecf":"f.71948811B2353B7E36D356F88F4B3924.d.10BA770F4DB8AB27D1D45FC2B340631F.e.11535","ELEMENT":"f.71948811B2353B7E36D356F88F4B3924.d.10BA770F4DB8AB27D1D45FC2B340631F.e.11535"}]}
COMMAND: GET /session/637de528f4e604e156fb3e125ad907fc/screenshot - {}
COMMAND: POST /session/637de528f4e604e156fb3e125ad907fc/execute/sync - {"script":"<script> [8489 bytes]","args":[{"element-6066-11e4-a52e-4f735466cecf":"f.71948811B2353B7E36D356F88F4B3924.d.10BA770F4DB8AB27D1D45FC2B340631F.e.11535","ELEMENT":"f.71948811B2353B7E36D356F88F4B3924.d.10BA770F4DB8AB27D1D45FC2B340631F.e.11535"}]}
RESULT: {}
RESULT: {"script":"<script> [8489 bytes]","args":[{"element-6066-11e4-a52e-4f735466cecf":"f.71948811B2353B7E36D356F88F4B3924.d.10BA770F4DB8AB27D1D45FC2B340631F.e.11535","ELEMENT":"f.71948811B2353B7E36D356F88F4B3924.d.10BA770F4DB8AB27D1D45FC2B340631F.e.11535"}]}
COMMAND: GET /session/637de528f4e604e156fb3e125ad907fc/screenshot - {}
COMMAND: POST /session/637de528f4e604e156fb3e125ad907fc/execute/sync - {"script":"<script> [8489 bytes]","args":[{"element-6066-11e4-a52e-4f735466cecf":"f.71948811B2353B7E36D356F88F4B3924.d.10BA770F4DB8AB27D1D45FC2B340631F.e.11535","ELEMENT":"f.71948811B2353B7E36D356F88F4B3924.d.10BA770F4DB8AB27D1D45FC2B340631F.e.11535"}]}
RESULT: {}
RESULT: {"script":"<script> [8489 bytes]","args":[{"element-6066-11e4-a52e-4f735466cecf":"f.71948811B2353B7E36D356F88F4B3924.d.10BA770F4DB8AB27D1D45FC2B340631F.e.11535","ELEMENT":"f.71948811B2353B7E36D356F88F4B3924.d.10BA770F4DB8AB27D1D45FC2B340631F.e.11535"}]}
COMMAND: GET /session/637de528f4e604e156fb3e125ad907fc/screenshot - {}
COMMAND: POST /session/637de528f4e604e156fb3e125ad907fc/execute/sync - {"script":"<script> [8489 bytes]","args":[{"element-6066-11e4-a52e-4f735466cecf":"f.71948811B2353B7E36D356F88F4B3924.d.10BA770F4DB8AB27D1D45FC2B340631F.e.11535","ELEMENT":"f.71948811B2353B7E36D356F88F4B3924.d.10BA770F4DB8AB27D1D45FC2B340631F.e.11535"}]}
RESULT: {}
COMMAND: POST /session/637de528f4e604e156fb3e125ad907fc/element - {"using":"css selector","value":"div.sapMDialog, div.sapMBusyDialog"}
RESULT: {"using":"css selector","value":"div.sapMDialog, div.sapMBusyDialog"}
COMMAND: POST /session/637de528f4e604e156fb3e125ad907fc/element - {"using":"css selector","value":"div.sapMDialog, div.sapMBusyDialog"}
RESULT: {"using":"css selector","value":"div.sapMDialog, div.sapMBusyDialog"}
COMMAND: POST /session/637de528f4e604e156fb3e125ad907fc/execute/async - {"script":"<script> [1562 bytes]","args":[{"selector":{"id":"application-managepartners-display-component---masterPtm--smartTable-btnExcelExport-internalSplitBtn-arrowButton-img"},"wdio_ui5_key":"applicationmanagepartners-display-component---masterPtm--smartTable-btnExcelExport-internalSplitBtn-arrowButton-img"}]}
RESULT: {"script":"<script> [1562 bytes]","args":[{"selector":{"id":"application-managepartners-display-component---masterPtm--smartTable-btnExcelExport-internalSplitBtn-arrowButton-img"},"wdio_ui5_key":"applicationmanagepartners-display-component---masterPtm--smartTable-btnExcelExport-internalSplitBtn-arrowButton-img"}]}
RESULT: undefined
COMMAND: POST /session/637de528f4e604e156fb3e125ad907fc/element - {"using":"xpath","value":"//*[@id=\"application-managepartners-display-component---masterPtm--smartTable-btnExcelExport-internalSplitBtn-arrowButton-img\"]"}
RESULT: {"using":"xpath","value":"//*[@id=\"application-managepartners-display-component---masterPtm--smartTable-btnExcelExport-internalSplitBtn-arrowButton-img\"]"}
COMMAND: POST /session/637de528f4e604e156fb3e125ad907fc/element/f.71948811B2353B7E36D356F88F4B3924.d.10BA770F4DB8AB27D1D45FC2B340631F.e.9254/click - {}
RESULT: {}
COMMAND: GET /session/637de528f4e604e156fb3e125ad907fc/screenshot - {}
RESULT: {}
COMMAND: POST /session/637de528f4e604e156fb3e125ad907fc/actions - {"actions":[{"id":"action33","type":"key","parameters":{},"actions":[{"type":"keyDown","value":""},{"type":"pause","duration":10},{"type":"keyUp","value":""}]}]}
RESULT: {"actions":[{"id":"action33","type":"key","parameters":{},"actions":[{"type":"keyDown","value":""},{"type":"pause","duration":10},{"type":"keyUp","value":""}]}]}
COMMAND: POST /session/637de528f4e604e156fb3e125ad907fc/actions - {"actions":[{"id":"action34","type":"key","parameters":{},"actions":[{"type":"keyDown","value":""},{"type":"pause","duration":10},{"type":"keyUp","value":""}]}]}
COMMAND: GET /session/637de528f4e604e156fb3e125ad907fc/screenshot - {}
RESULT: {"actions":[{"id":"action34","type":"key","parameters":{},"actions":[{"type":"keyDown","value":""},{"type":"pause","duration":10},{"type":"keyUp","value":""}]}]}
COMMAND: GET /session/637de528f4e604e156fb3e125ad907fc/screenshot - {}
RESULT: {}
RESULT: {}
COMMAND: POST /session/637de528f4e604e156fb3e125ad907fc/element - {"using":"xpath","value":"//div[@id=\"exportSettingsDialog\"]"}
RESULT: {"using":"xpath","value":"//div[@id=\"exportSettingsDialog\"]"}
COMMAND: POST /session/637de528f4e604e156fb3e125ad907fc/execute/sync - {"script":"<script> [8489 bytes]","args":[{"element-6066-11e4-a52e-4f735466cecf":"f.71948811B2353B7E36D356F88F4B3924.d.10BA770F4DB8AB27D1D45FC2B340631F.e.11544","ELEMENT":"f.71948811B2353B7E36D356F88F4B3924.d.10BA770F4DB8AB27D1D45FC2B340631F.e.11544"}]}
RESULT: {"script":"<script> [8489 bytes]","args":[{"element-6066-11e4-a52e-4f735466cecf":"f.71948811B2353B7E36D356F88F4B3924.d.10BA770F4DB8AB27D1D45FC2B340631F.e.11544","ELEMENT":"f.71948811B2353B7E36D356F88F4B3924.d.10BA770F4DB8AB27D1D45FC2B340631F.e.11544"}]}
COMMAND: GET /session/637de528f4e604e156fb3e125ad907fc/screenshot - {}
RESULT: {}
COMMAND: POST /session/637de528f4e604e156fb3e125ad907fc/element - {"using":"xpath","value":"//button[contains(@id,\"exportSettingsDialog-exportButton\")]"}
RESULT: {"using":"xpath","value":"//button[contains(@id,\"exportSettingsDialog-exportButton\")]"}
COMMAND: POST /session/637de528f4e604e156fb3e125ad907fc/element/f.71948811B2353B7E36D356F88F4B3924.d.10BA770F4DB8AB27D1D45FC2B340631F.e.11545/click - {}
RESULT: {}
COMMAND: GET /session/637de528f4e604e156fb3e125ad907fc/screenshot - {}
COMMAND: POST /session/637de528f4e604e156fb3e125ad907fc/element - {"using":"css selector","value":"div.sapMDialog, div.sapMBusyDialog"}
RESULT: {}
RESULT: {"using":"css selector","value":"div.sapMDialog, div.sapMBusyDialog"}
COMMAND: POST /session/637de528f4e604e156fb3e125ad907fc/execute/sync - {"script":"<script> [8489 bytes]","args":[{"element-6066-11e4-a52e-4f735466cecf":"f.71948811B2353B7E36D356F88F4B3924.d.10BA770F4DB8AB27D1D45FC2B340631F.e.11548","ELEMENT":"f.71948811B2353B7E36D356F88F4B3924.d.10BA770F4DB8AB27D1D45FC2B340631F.e.11548"}]}
RESULT: {"script":"<script> [8489 bytes]","args":[{"element-6066-11e4-a52e-4f735466cecf":"f.71948811B2353B7E36D356F88F4B3924.d.10BA770F4DB8AB27D1D45FC2B340631F.e.11548","ELEMENT":"f.71948811B2353B7E36D356F88F4B3924.d.10BA770F4DB8AB27D1D45FC2B340631F.e.11548"}]}
COMMAND: POST /session/637de528f4e604e156fb3e125ad907fc/execute/sync - {"script":"<script> [8489 bytes]","args":[{"element-6066-11e4-a52e-4f735466cecf":"f.71948811B2353B7E36D356F88F4B3924.d.10BA770F4DB8AB27D1D45FC2B340631F.e.11548","ELEMENT":"f.71948811B2353B7E36D356F88F4B3924.d.10BA770F4DB8AB27D1D45FC2B340631F.e.11548"}]}
COMMAND: GET /session/637de528f4e604e156fb3e125ad907fc/screenshot - {}
RESULT: {"script":"<script> [8489 bytes]","args":[{"element-6066-11e4-a52e-4f735466cecf":"f.71948811B2353B7E36D356F88F4B3924.d.10BA770F4DB8AB27D1D45FC2B340631F.e.11548","ELEMENT":"f.71948811B2353B7E36D356F88F4B3924.d.10BA770F4DB8AB27D1D45FC2B340631F.e.11548"}]}
COMMAND: GET /session/637de528f4e604e156fb3e125ad907fc/screenshot - {}
RESULT: {}
COMMAND: POST /session/637de528f4e604e156fb3e125ad907fc/execute/sync - {"script":"<script> [8489 bytes]","args":[{"element-6066-11e4-a52e-4f735466cecf":"f.71948811B2353B7E36D356F88F4B3924.d.10BA770F4DB8AB27D1D45FC2B340631F.e.11548","ELEMENT":"f.71948811B2353B7E36D356F88F4B3924.d.10BA770F4DB8AB27D1D45FC2B340631F.e.11548"}]}
RESULT: {}
RESULT: {"script":"<script> [8489 bytes]","args":[{"element-6066-11e4-a52e-4f735466cecf":"f.71948811B2353B7E36D356F88F4B3924.d.10BA770F4DB8AB27D1D45FC2B340631F.e.11548","ELEMENT":"f.71948811B2353B7E36D356F88F4B3924.d.10BA770F4DB8AB27D1D45FC2B340631F.e.11548"}]}
COMMAND: GET /session/637de528f4e604e156fb3e125ad907fc/screenshot - {}
COMMAND: POST /session/637de528f4e604e156fb3e125ad907fc/execute/sync - {"script":"<script> [8489 bytes]","args":[{"element-6066-11e4-a52e-4f735466cecf":"f.71948811B2353B7E36D356F88F4B3924.d.10BA770F4DB8AB27D1D45FC2B340631F.e.11548","ELEMENT":"f.71948811B2353B7E36D356F88F4B3924.d.10BA770F4DB8AB27D1D45FC2B340631F.e.11548"}]}
RESULT: {}
RESULT: {"script":"<script> [8489 bytes]","args":[{"element-6066-11e4-a52e-4f735466cecf":"f.71948811B2353B7E36D356F88F4B3924.d.10BA770F4DB8AB27D1D45FC2B340631F.e.11548","ELEMENT":"f.71948811B2353B7E36D356F88F4B3924.d.10BA770F4DB8AB27D1D45FC2B340631F.e.11548"}]}
COMMAND: GET /session/637de528f4e604e156fb3e125ad907fc/screenshot - {}
COMMAND: POST /session/637de528f4e604e156fb3e125ad907fc/execute/sync - {"script":"<script> [8489 bytes]","args":[{"element-6066-11e4-a52e-4f735466cecf":"f.71948811B2353B7E36D356F88F4B3924.d.10BA770F4DB8AB27D1D45FC2B340631F.e.11548","ELEMENT":"f.71948811B2353B7E36D356F88F4B3924.d.10BA770F4DB8AB27D1D45FC2B340631F.e.11548"}]}
RESULT: {}
RESULT: {"script":"<script> [8489 bytes]","args":[{"element-6066-11e4-a52e-4f735466cecf":"f.71948811B2353B7E36D356F88F4B3924.d.10BA770F4DB8AB27D1D45FC2B340631F.e.11548","ELEMENT":"f.71948811B2353B7E36D356F88F4B3924.d.10BA770F4DB8AB27D1D45FC2B340631F.e.11548"}]}
COMMAND: GET /session/637de528f4e604e156fb3e125ad907fc/screenshot - {}
COMMAND: POST /session/637de528f4e604e156fb3e125ad907fc/execute/sync - {"script":"<script> [8489 bytes]","args":[{"element-6066-11e4-a52e-4f735466cecf":"f.71948811B2353B7E36D356F88F4B3924.d.10BA770F4DB8AB27D1D45FC2B340631F.e.11548","ELEMENT":"f.71948811B2353B7E36D356F88F4B3924.d.10BA770F4DB8AB27D1D45FC2B340631F.e.11548"}]}
RESULT: {}
RESULT: {"script":"<script> [8489 bytes]","args":[{"element-6066-11e4-a52e-4f735466cecf":"f.71948811B2353B7E36D356F88F4B3924.d.10BA770F4DB8AB27D1D45FC2B340631F.e.11548","ELEMENT":"f.71948811B2353B7E36D356F88F4B3924.d.10BA770F4DB8AB27D1D45FC2B340631F.e.11548"}]}
COMMAND: GET /session/637de528f4e604e156fb3e125ad907fc/screenshot - {}
COMMAND: POST /session/637de528f4e604e156fb3e125ad907fc/execute/sync - {"script":"<script> [8489 bytes]","args":[{"element-6066-11e4-a52e-4f735466cecf":"f.71948811B2353B7E36D356F88F4B3924.d.10BA770F4DB8AB27D1D45FC2B340631F.e.11548","ELEMENT":"f.71948811B2353B7E36D356F88F4B3924.d.10BA770F4DB8AB27D1D45FC2B340631F.e.11548"}]}
RESULT: {}
COMMAND: POST /session/637de528f4e604e156fb3e125ad907fc/element - {"using":"css selector","value":"div.sapMDialog, div.sapMBusyDialog"}
RESULT: {"using":"css selector","value":"div.sapMDialog, div.sapMBusyDialog"}
COMMAND: POST /session/637de528f4e604e156fb3e125ad907fc/element - {"using":"css selector","value":"div.sapMDialog, div.sapMBusyDialog"}
RESULT: {"using":"css selector","value":"div.sapMDialog, div.sapMBusyDialog"}
COMMAND: POST /session/637de528f4e604e156fb3e125ad907fc/execute/async - {"script":"<script> [1562 bytes]","args":[{"selector":{"id":"application-managepartners-display-component---masterPtm--smartTable-btnFullScreen-img"},"wdio_ui5_key":"applicationmanagepartners-display-component---masterPtm--smartTable-btnFullScreen-img"}]}
RESULT: {"script":"<script> [1562 bytes]","args":[{"selector":{"id":"application-managepartners-display-component---masterPtm--smartTable-btnFullScreen-img"},"wdio_ui5_key":"applicationmanagepartners-display-component---masterPtm--smartTable-btnFullScreen-img"}]}
RESULT: undefined
COMMAND: POST /session/637de528f4e604e156fb3e125ad907fc/element - {"using":"xpath","value":"//*[@id=\"application-managepartners-display-component---masterPtm--smartTable-btnFullScreen-img\"]"}
RESULT: {"using":"xpath","value":"//*[@id=\"application-managepartners-display-component---masterPtm--smartTable-btnFullScreen-img\"]"}
COMMAND: POST /session/637de528f4e604e156fb3e125ad907fc/element/f.71948811B2353B7E36D356F88F4B3924.d.10BA770F4DB8AB27D1D45FC2B340631F.e.9257/click - {}
RESULT: {}
COMMAND: GET /session/637de528f4e604e156fb3e125ad907fc/screenshot - {}
RESULT: {}
COMMAND: POST /session/637de528f4e604e156fb3e125ad907fc/element - {"using":"xpath","value":"//div[contains(@role,\"dialog\") and contains(@id, \"dialog\")]"}
RESULT: {"using":"xpath","value":"//div[contains(@role,\"dialog\") and contains(@id, \"dialog\")]"}
COMMAND: POST /session/637de528f4e604e156fb3e125ad907fc/execute/sync - {"script":"<script> [8489 bytes]","args":[{"element-6066-11e4-a52e-4f735466cecf":"f.71948811B2353B7E36D356F88F4B3924.d.10BA770F4DB8AB27D1D45FC2B340631F.e.11555","ELEMENT":"f.71948811B2353B7E36D356F88F4B3924.d.10BA770F4DB8AB27D1D45FC2B340631F.e.11555"}]}
RESULT: {"script":"<script> [8489 bytes]","args":[{"element-6066-11e4-a52e-4f735466cecf":"f.71948811B2353B7E36D356F88F4B3924.d.10BA770F4DB8AB27D1D45FC2B340631F.e.11555","ELEMENT":"f.71948811B2353B7E36D356F88F4B3924.d.10BA770F4DB8AB27D1D45FC2B340631F.e.11555"}]}
COMMAND: GET /session/637de528f4e604e156fb3e125ad907fc/screenshot - {}
RESULT: {}
RESULT: undefined
COMMAND: POST /session/637de528f4e604e156fb3e125ad907fc/element - {"using":"xpath","value":"//*[@id=\"application-managepartners-display-component---masterPtm--smartTable-btnFullScreen-img\"]"}
RESULT: {"using":"xpath","value":"//*[@id=\"application-managepartners-display-component---masterPtm--smartTable-btnFullScreen-img\"]"}
COMMAND: POST /session/637de528f4e604e156fb3e125ad907fc/element/f.71948811B2353B7E36D356F88F4B3924.d.10BA770F4DB8AB27D1D45FC2B340631F.e.9257/click - {}
RESULT: {}
COMMAND: GET /session/637de528f4e604e156fb3e125ad907fc/screenshot - {}
RESULT: {}
COMMAND: POST /session/637de528f4e604e156fb3e125ad907fc/element - {"using":"xpath","value":"//div[contains(@role,\"dialog\") and contains(@id, \"dialog\")]"}
RESULT: {"using":"xpath","value":"//div[contains(@role,\"dialog\") and contains(@id, \"dialog\")]"}
COMMAND: POST /session/637de528f4e604e156fb3e125ad907fc/element - {"using":"xpath","value":"//div[contains(@role,\"dialog\") and contains(@id, \"dialog\")]"}
RESULT: {"using":"xpath","value":"//div[contains(@role,\"dialog\") and contains(@id, \"dialog\")]"}
RESULT: undefined
COMMAND: POST /session/637de528f4e604e156fb3e125ad907fc/execute/async - {"script":"<script> [776 bytes]","args":[{"enterText":"1311","selector":{"id":"application-managepartners-display-component---masterPtm--smartFilterBar-btnBasicSearch","interaction":{"idSuffix":"I"}},"clearTextFirst":true,"interactionType":"ENTER_TEXT"}]}
RESULT: {"script":"<script> [776 bytes]","args":[{"enterText":"1311","selector":{"id":"application-managepartners-display-component---masterPtm--smartFilterBar-btnBasicSearch","interaction":{"idSuffix":"I"}},"clearTextFirst":true,"interactionType":"ENTER_TEXT"}]}
COMMAND: POST /session/637de528f4e604e156fb3e125ad907fc/actions - {"actions":[{"id":"action35","type":"key","parameters":{},"actions":[{"type":"keyDown","value":""},{"type":"pause","duration":10},{"type":"keyUp","value":""}]}]}
RESULT: {"actions":[{"id":"action35","type":"key","parameters":{},"actions":[{"type":"keyDown","value":""},{"type":"pause","duration":10},{"type":"keyUp","value":""}]}]}
COMMAND: GET /session/637de528f4e604e156fb3e125ad907fc/screenshot - {}
RESULT: {}
COMMAND: POST /session/637de528f4e604e156fb3e125ad907fc/elements - {"using":"xpath","value":"//table[contains(@id, \"customPartnersTable-listUl\")]/tbody/tr"}
RESULT: {"using":"xpath","value":"//table[contains(@id, \"customPartnersTable-listUl\")]/tbody/tr"}
COMMAND: POST /session/637de528f4e604e156fb3e125ad907fc/element - {"using":"xpath","value":"//table[contains(@id, \"customPartnersTable-listUl\")]/tbody/tr[1]/td[3]/span"}
RESULT: {"using":"xpath","value":"//table[contains(@id, \"customPartnersTable-listUl\")]/tbody/tr[1]/td[3]/span"}
COMMAND: POST /session/637de528f4e604e156fb3e125ad907fc/elements - {"using":"xpath","value":"//table[contains(@id, \"customPartnersTable-listUl\")]/tbody/tr[1]/td[3]/span"}
RESULT: {"using":"xpath","value":"//table[contains(@id, \"customPartnersTable-listUl\")]/tbody/tr[1]/td[3]/span"}
COMMAND: POST /session/637de528f4e604e156fb3e125ad907fc/execute/sync - {"script":"<script> [56 bytes]","args":[{"element-6066-11e4-a52e-4f735466cecf":"f.71948811B2353B7E36D356F88F4B3924.d.10BA770F4DB8AB27D1D45FC2B340631F.e.11566","ELEMENT":"f.71948811B2353B7E36D356F88F4B3924.d.10BA770F4DB8AB27D1D45FC2B340631F.e.11566"}]}
RESULT: {"script":"<script> [56 bytes]","args":[{"element-6066-11e4-a52e-4f735466cecf":"f.71948811B2353B7E36D356F88F4B3924.d.10BA770F4DB8AB27D1D45FC2B340631F.e.11566","ELEMENT":"f.71948811B2353B7E36D356F88F4B3924.d.10BA770F4DB8AB27D1D45FC2B340631F.e.11566"}]}
COMMAND: POST /session/637de528f4e604e156fb3e125ad907fc/element - {"using":"xpath","value":"(//span[contains(@id, \"imgNav\")])[1]"}
COMMAND: GET /session/637de528f4e604e156fb3e125ad907fc/screenshot - {}
RESULT: {"using":"xpath","value":"(//span[contains(@id, \"imgNav\")])[1]"}
COMMAND: POST /session/637de528f4e604e156fb3e125ad907fc/element/f.71948811B2353B7E36D356F88F4B3924.d.10BA770F4DB8AB27D1D45FC2B340631F.e.11564/click - {}
RESULT: {}
RESULT: {}
COMMAND: GET /session/637de528f4e604e156fb3e125ad907fc/screenshot - {}
RESULT: {}
COMMAND: POST /session/637de528f4e604e156fb3e125ad907fc/execute/async - {"script":"<script> [1562 bytes]","args":[{"selector":{"controlType":"sap.m.Text","viewName":"etm.portal.ui.managepartners.view.Detail","viewId":"application-managepartners-display-component---detailPtm","bindingPath":{"path":"/PartnersWithBillingType(ID='1311')","propertyPath":"ID","modelName":"catalogModel"}},"wdio_ui5_key":"etmportal.ui.managepartners.view.Detailsap.m.Text{\"path\":\"/PartnersWithBillingType(ID='1311')\",\"propertyPath\":\"ID\",\"modelName\":\"catalogModel\"}"}]}
RESULT: {"script":"<script> [1562 bytes]","args":[{"selector":{"controlType":"sap.m.Text","viewName":"etm.portal.ui.managepartners.view.Detail","viewId":"application-managepartners-display-component---detailPtm","bindingPath":{"path":"/PartnersWithBillingType(ID='1311')","propertyPath":"ID","modelName":"catalogModel"}},"wdio_ui5_key":"etmportal.ui.managepartners.view.Detailsap.m.Text{\"path\":\"/PartnersWithBillingType(ID='1311')\",\"propertyPath\":\"ID\",\"modelName\":\"catalogModel\"}"}]}
RESULT: undefined
COMMAND: POST /session/637de528f4e604e156fb3e125ad907fc/execute/async - {"script":"<script> [6424 bytes]","args":[{"element-6066-11e4-a52e-4f735466cecf":"f.71948811B2353B7E36D356F88F4B3924.d.10BA770F4DB8AB27D1D45FC2B340631F.e.11780"},"getText",[]]}
RESULT: {"script":"<script> [6424 bytes]","args":[{"element-6066-11e4-a52e-4f735466cecf":"f.71948811B2353B7E36D356F88F4B3924.d.10BA770F4DB8AB27D1D45FC2B340631F.e.11780"},"getText",[]]}
COMMAND: POST /session/637de528f4e604e156fb3e125ad907fc/element - {"using":"xpath","value":"//bdi[contains(text(), \"Edit\")]"}
RESULT: {"using":"xpath","value":"//bdi[contains(text(), \"Edit\")]"}
COMMAND: POST /session/637de528f4e604e156fb3e125ad907fc/element/f.71948811B2353B7E36D356F88F4B3924.d.10BA770F4DB8AB27D1D45FC2B340631F.e.11781/click - {}
RESULT: {}
COMMAND: GET /session/637de528f4e604e156fb3e125ad907fc/screenshot - {}
RESULT: {}
RESULT: undefined
COMMAND: POST /session/637de528f4e604e156fb3e125ad907fc/execute/async - {"script":"<script> [776 bytes]","args":[{"enterText":"EDITED PARTNER","selector":{"controlType":"sap.m.Input","viewName":"etm.portal.ui.managepartners.view.EditDetail","labelFor":{"text":"Name"},"interaction":{"idSuffix":"inner"}},"clearTextFirst":true,"interactionType":"ENTER_TEXT"}]}
RESULT: {"script":"<script> [776 bytes]","args":[{"enterText":"EDITED PARTNER","selector":{"controlType":"sap.m.Input","viewName":"etm.portal.ui.managepartners.view.EditDetail","labelFor":{"text":"Name"},"interaction":{"idSuffix":"inner"}},"clearTextFirst":true,"interactionType":"ENTER_TEXT"}]}
COMMAND: POST /session/637de528f4e604e156fb3e125ad907fc/element - {"using":"xpath","value":"//button[@data-kt=\"saveButton\"]"}
RESULT: {"using":"xpath","value":"//button[@data-kt=\"saveButton\"]"}
COMMAND: POST /session/637de528f4e604e156fb3e125ad907fc/element/f.71948811B2353B7E36D356F88F4B3924.d.10BA770F4DB8AB27D1D45FC2B340631F.e.11908/click - {}
RESULT: {}
COMMAND: GET /session/637de528f4e604e156fb3e125ad907fc/screenshot - {}
RESULT: {}
RESULT: undefined
COMMAND: POST /session/637de528f4e604e156fb3e125ad907fc/execute/async - {"script":"<script> [6424 bytes]","args":[{"element-6066-11e4-a52e-4f735466cecf":"f.71948811B2353B7E36D356F88F4B3924.d.10BA770F4DB8AB27D1D45FC2B340631F.e.5825"},"getValue",[]]}
COMMAND: POST /session/637de528f4e604e156fb3e125ad907fc/execute/async - {"script":"<script> [1562 bytes]","args":[{"selector":{"id":"application-managepartners-display-component---detailPtm--addressDetailDetailsName1"},"wdio_ui5_key":"applicationmanagepartners-display-component---detailPtm--addressDetailDetailsName1"}]}
RESULT: {"script":"<script> [1562 bytes]","args":[{"selector":{"id":"application-managepartners-display-component---detailPtm--addressDetailDetailsName1"},"wdio_ui5_key":"applicationmanagepartners-display-component---detailPtm--addressDetailDetailsName1"}]}
COMMAND: POST /session/637de528f4e604e156fb3e125ad907fc/execute/async - {"script":"<script> [6424 bytes]","args":[{"element-6066-11e4-a52e-4f735466cecf":"f.71948811B2353B7E36D356F88F4B3924.d.10BA770F4DB8AB27D1D45FC2B340631F.e.11956"},"getValue",[]]}
RESULT: {"script":"<script> [6424 bytes]","args":[{"element-6066-11e4-a52e-4f735466cecf":"f.71948811B2353B7E36D356F88F4B3924.d.10BA770F4DB8AB27D1D45FC2B340631F.e.11956"},"getValue",[]]}
COMMAND: POST /session/637de528f4e604e156fb3e125ad907fc/execute/async - {"script":"<script> [1562 bytes]","args":[{"selector":{"controlType":"sap.ui.core.Icon","viewName":"etm.portal.ui.managepartners.view.Detail","viewId":"application-managepartners-display-component---detailPtm","properties":{"src":{"regex":{"source":"decline"}}}},"wdio_ui5_key":"etmportal.ui.managepartners.view.Detailsap.ui.core.Icon{\"src\":{\"regex\":{\"source\":\"decline\"}}}"}]}
RESULT: {"script":"<script> [1562 bytes]","args":[{"selector":{"controlType":"sap.ui.core.Icon","viewName":"etm.portal.ui.managepartners.view.Detail","viewId":"application-managepartners-display-component---detailPtm","properties":{"src":{"regex":{"source":"decline"}}}},"wdio_ui5_key":"etmportal.ui.managepartners.view.Detailsap.ui.core.Icon{\"src\":{\"regex\":{\"source\":\"decline\"}}}"}]}
RESULT: undefined
COMMAND: POST /session/637de528f4e604e156fb3e125ad907fc/element - {"using":"xpath","value":"//*[@id=\"__button225-img\"]"}
RESULT: {"using":"xpath","value":"//*[@id=\"__button225-img\"]"}
COMMAND: POST /session/637de528f4e604e156fb3e125ad907fc/element/f.71948811B2353B7E36D356F88F4B3924.d.10BA770F4DB8AB27D1D45FC2B340631F.e.12046/click - {}
RESULT: {}
COMMAND: GET /session/637de528f4e604e156fb3e125ad907fc/screenshot - {}
RESULT: {}
COMMAND: POST /session/637de528f4e604e156fb3e125ad907fc/element - {"using":"xpath","value":"//button[@data-kt=\"addButton\"]"}
RESULT: {"using":"xpath","value":"//button[@data-kt=\"addButton\"]"}
COMMAND: GET /session/637de528f4e604e156fb3e125ad907fc/element/f.71948811B2353B7E36D356F88F4B3924.d.10BA770F4DB8AB27D1D45FC2B340631F.e.12075/enabled - {}
RESULT: {}
COMMAND: POST /session/637de528f4e604e156fb3e125ad907fc/execute/sync - {"script":"<script> [8489 bytes]","args":[{"element-6066-11e4-a52e-4f735466cecf":"f.71948811B2353B7E36D356F88F4B3924.d.10BA770F4DB8AB27D1D45FC2B340631F.e.12075","ELEMENT":"f.71948811B2353B7E36D356F88F4B3924.d.10BA770F4DB8AB27D1D45FC2B340631F.e.12075"}]}
COMMAND: GET /session/637de528f4e604e156fb3e125ad907fc/screenshot - {}
RESULT: {"script":"<script> [8489 bytes]","args":[{"element-6066-11e4-a52e-4f735466cecf":"f.71948811B2353B7E36D356F88F4B3924.d.10BA770F4DB8AB27D1D45FC2B340631F.e.12075","ELEMENT":"f.71948811B2353B7E36D356F88F4B3924.d.10BA770F4DB8AB27D1D45FC2B340631F.e.12075"}]}
COMMAND: POST /session/637de528f4e604e156fb3e125ad907fc/execute/sync - {"script":"<script> [5351 bytes]","args":[{"element-6066-11e4-a52e-4f735466cecf":"f.71948811B2353B7E36D356F88F4B3924.d.10BA770F4DB8AB27D1D45FC2B340631F.e.12075","ELEMENT":"f.71948811B2353B7E36D356F88F4B3924.d.10BA770F4DB8AB27D1D45FC2B340631F.e.12075"}]}
COMMAND: GET /session/637de528f4e604e156fb3e125ad907fc/screenshot - {}
RESULT: {}
RESULT: {"script":"<script> [5351 bytes]","args":[{"element-6066-11e4-a52e-4f735466cecf":"f.71948811B2353B7E36D356F88F4B3924.d.10BA770F4DB8AB27D1D45FC2B340631F.e.12075","ELEMENT":"f.71948811B2353B7E36D356F88F4B3924.d.10BA770F4DB8AB27D1D45FC2B340631F.e.12075"}]}
COMMAND: POST /session/637de528f4e604e156fb3e125ad907fc/element/f.71948811B2353B7E36D356F88F4B3924.d.10BA770F4DB8AB27D1D45FC2B340631F.e.12075/click - {}
COMMAND: GET /session/637de528f4e604e156fb3e125ad907fc/screenshot - {}
RESULT: {}
RESULT: {}
COMMAND: GET /session/637de528f4e604e156fb3e125ad907fc/screenshot - {}
RESULT: {}
RESULT: {}
RESULT: undefined
COMMAND: POST /session/637de528f4e604e156fb3e125ad907fc/execute/async - {"script":"<script> [776 bytes]","args":[{"enterText":"New Partner WDIO","selector":{"id":"application-managepartners-display-component---NewPartner--addressDetailDetailsName1","interaction":{"idSuffix":"inner"}},"clearTextFirst":true,"interactionType":"ENTER_TEXT"}]}
RESULT: {"script":"<script> [776 bytes]","args":[{"enterText":"New Partner WDIO","selector":{"id":"application-managepartners-display-component---NewPartner--addressDetailDetailsName1","interaction":{"idSuffix":"inner"}},"clearTextFirst":true,"interactionType":"ENTER_TEXT"}]}
RESULT: undefined
COMMAND: POST /session/637de528f4e604e156fb3e125ad907fc/element - {"using":"xpath","value":"//*[@id=\"application-managepartners-display-component---NewPartner--addressDetailDetailsLanguage-arrow\"]"}
RESULT: {"using":"xpath","value":"//*[@id=\"application-managepartners-display-component---NewPartner--addressDetailDetailsLanguage-arrow\"]"}
COMMAND: POST /session/637de528f4e604e156fb3e125ad907fc/element/f.71948811B2353B7E36D356F88F4B3924.d.10BA770F4DB8AB27D1D45FC2B340631F.e.12391/click - {}
RESULT: {}
COMMAND: GET /session/637de528f4e604e156fb3e125ad907fc/screenshot - {}
RESULT: {}
COMMAND: POST /session/637de528f4e604e156fb3e125ad907fc/element - {"using":"xpath","value":"//ul[contains(@id,\"DetailDetailsLanguage-popup-list-listUl\")]//li[.//span[contains(text(), \"English\")]]"}
RESULT: {"using":"xpath","value":"//ul[contains(@id,\"DetailDetailsLanguage-popup-list-listUl\")]//li[.//span[contains(text(), \"English\")]]"}
COMMAND: POST /session/637de528f4e604e156fb3e125ad907fc/element/f.71948811B2353B7E36D356F88F4B3924.d.10BA770F4DB8AB27D1D45FC2B340631F.e.12392/click - {}
RESULT: {}
COMMAND: GET /session/637de528f4e604e156fb3e125ad907fc/screenshot - {}
RESULT: {}
RESULT: undefined
COMMAND: POST /session/637de528f4e604e156fb3e125ad907fc/execute/async - {"script":"<script> [776 bytes]","args":[{"enterText":"Deva","selector":{"id":"application-managepartners-display-component---NewPartner--addressDetailDetailsCity1","interaction":{"idSuffix":"inner"}},"clearTextFirst":true,"interactionType":"ENTER_TEXT"}]}
RESULT: {"script":"<script> [776 bytes]","args":[{"enterText":"Deva","selector":{"id":"application-managepartners-display-component---NewPartner--addressDetailDetailsCity1","interaction":{"idSuffix":"inner"}},"clearTextFirst":true,"interactionType":"ENTER_TEXT"}]}
RESULT: undefined
COMMAND: POST /session/637de528f4e604e156fb3e125ad907fc/element - {"using":"xpath","value":"//*[@id=\"application-managepartners-display-component---NewPartner--addressDetailDetailsCountry-arrow\"]"}
RESULT: {"using":"xpath","value":"//*[@id=\"application-managepartners-display-component---NewPartner--addressDetailDetailsCountry-arrow\"]"}
COMMAND: POST /session/637de528f4e604e156fb3e125ad907fc/element/f.71948811B2353B7E36D356F88F4B3924.d.10BA770F4DB8AB27D1D45FC2B340631F.e.12381/click - {}
RESULT: {}
COMMAND: GET /session/637de528f4e604e156fb3e125ad907fc/screenshot - {}
RESULT: {}
COMMAND: POST /session/637de528f4e604e156fb3e125ad907fc/element - {"using":"xpath","value":"//ul[contains(@id,\"DetailsCountry-popup-list-listUl\")]//li[.//span[contains(text(), \"Armenia\")]]"}
RESULT: {"using":"xpath","value":"//ul[contains(@id,\"DetailsCountry-popup-list-listUl\")]//li[.//span[contains(text(), \"Armenia\")]]"}
COMMAND: POST /session/637de528f4e604e156fb3e125ad907fc/element/f.71948811B2353B7E36D356F88F4B3924.d.10BA770F4DB8AB27D1D45FC2B340631F.e.12393/click - {}
RESULT: {}
COMMAND: GET /session/637de528f4e604e156fb3e125ad907fc/screenshot - {}
RESULT: {}
COMMAND: POST /session/637de528f4e604e156fb3e125ad907fc/element - {"using":"xpath","value":"//bdi[contains(text(), \"Commercial\")]"}
RESULT: {"using":"xpath","value":"//bdi[contains(text(), \"Commercial\")]"}
COMMAND: POST /session/637de528f4e604e156fb3e125ad907fc/element/f.71948811B2353B7E36D356F88F4B3924.d.10BA770F4DB8AB27D1D45FC2B340631F.e.12394/click - {}
RESULT: {}
COMMAND: GET /session/637de528f4e604e156fb3e125ad907fc/screenshot - {}
RESULT: {}
RESULT: undefined
COMMAND: POST /session/637de528f4e604e156fb3e125ad907fc/element - {"using":"xpath","value":"//*[@id=\"application-managepartners-display-component---NewPartner--partnerDetailInternal-arrow\"]"}
RESULT: {"using":"xpath","value":"//*[@id=\"application-managepartners-display-component---NewPartner--partnerDetailInternal-arrow\"]"}
COMMAND: POST /session/637de528f4e604e156fb3e125ad907fc/element/f.71948811B2353B7E36D356F88F4B3924.d.10BA770F4DB8AB27D1D45FC2B340631F.e.12402/click - {}
RESULT: {}
COMMAND: GET /session/637de528f4e604e156fb3e125ad907fc/screenshot - {}
RESULT: {}
COMMAND: POST /session/637de528f4e604e156fb3e125ad907fc/element - {"using":"xpath","value":"//ul[contains(@id,\"partnerDetailInternal-popup-list-listUl\")]//li[.//span[contains(text(), \"External partner\")]]"}
RESULT: {"using":"xpath","value":"//ul[contains(@id,\"partnerDetailInternal-popup-list-listUl\")]//li[.//span[contains(text(), \"External partner\")]]"}
COMMAND: POST /session/637de528f4e604e156fb3e125ad907fc/element/f.71948811B2353B7E36D356F88F4B3924.d.10BA770F4DB8AB27D1D45FC2B340631F.e.12403/click - {}
RESULT: {}
RESULT: undefined
COMMAND: POST /session/637de528f4e604e156fb3e125ad907fc/element - {"using":"xpath","value":"//*[@id=\"application-managepartners-display-component---NewPartner--partnerDetailsCurrency-arrow\"]"}
COMMAND: GET /session/637de528f4e604e156fb3e125ad907fc/screenshot - {}
RESULT: {"using":"xpath","value":"//*[@id=\"application-managepartners-display-component---NewPartner--partnerDetailsCurrency-arrow\"]"}
COMMAND: POST /session/637de528f4e604e156fb3e125ad907fc/element/f.71948811B2353B7E36D356F88F4B3924.d.10BA770F4DB8AB27D1D45FC2B340631F.e.12408/click - {}
RESULT: {}
RESULT: {}
COMMAND: GET /session/637de528f4e604e156fb3e125ad907fc/screenshot - {}
RESULT: {}
COMMAND: POST /session/637de528f4e604e156fb3e125ad907fc/element - {"using":"xpath","value":"//ul[contains(@id,\"partnerDetailsCurrency-popup-list-listUl\")]//li[.//span[contains(text(), \"US Dollar\")]]"}
RESULT: {"using":"xpath","value":"//ul[contains(@id,\"partnerDetailsCurrency-popup-list-listUl\")]//li[.//span[contains(text(), \"US Dollar\")]]"}
COMMAND: POST /session/637de528f4e604e156fb3e125ad907fc/element/f.71948811B2353B7E36D356F88F4B3924.d.10BA770F4DB8AB27D1D45FC2B340631F.e.12409/click - {}
RESULT: {}
COMMAND: GET /session/637de528f4e604e156fb3e125ad907fc/screenshot - {}
RESULT: {}
COMMAND: POST /session/637de528f4e604e156fb3e125ad907fc/element - {"using":"xpath","value":"//input[@id=\"application-managepartners-display-component---NewPartner--companyCodeComboBox-inner\"]"}
RESULT: {"using":"xpath","value":"//input[@id=\"application-managepartners-display-component---NewPartner--companyCodeComboBox-inner\"]"}
COMMAND: POST /session/637de528f4e604e156fb3e125ad907fc/element/f.71948811B2353B7E36D356F88F4B3924.d.10BA770F4DB8AB27D1D45FC2B340631F.e.12328/clear - {}
RESULT: {}
COMMAND: POST /session/637de528f4e604e156fb3e125ad907fc/element/f.71948811B2353B7E36D356F88F4B3924.d.10BA770F4DB8AB27D1D45FC2B340631F.e.12328/value - {"text":"C002"}
COMMAND: GET /session/637de528f4e604e156fb3e125ad907fc/screenshot - {}
RESULT: {"text":"C002"}
COMMAND: GET /session/637de528f4e604e156fb3e125ad907fc/screenshot - {}
RESULT: {}
RESULT: {}
COMMAND: POST /session/637de528f4e604e156fb3e125ad907fc/element - {"using":"xpath","value":"//ul[contains(@id,\"companyCodeComboBox-popup-list-listUl\")]//li[.//span[text()= \"C002\"]]"}
RESULT: {"using":"xpath","value":"//ul[contains(@id,\"companyCodeComboBox-popup-list-listUl\")]//li[.//span[text()= \"C002\"]]"}
COMMAND: POST /session/637de528f4e604e156fb3e125ad907fc/element/f.71948811B2353B7E36D356F88F4B3924.d.10BA770F4DB8AB27D1D45FC2B340631F.e.12413/click - {}
RESULT: {}
COMMAND: GET /session/637de528f4e604e156fb3e125ad907fc/screenshot - {}
RESULT: {}
RESULT: undefined
COMMAND: POST /session/637de528f4e604e156fb3e125ad907fc/element - {"using":"xpath","value":"//*[@id=\"application-managepartners-display-component---NewPartner--btnAddTableRow-img\"]"}
RESULT: {"using":"xpath","value":"//*[@id=\"application-managepartners-display-component---NewPartner--btnAddTableRow-img\"]"}
COMMAND: POST /session/637de528f4e604e156fb3e125ad907fc/element/f.71948811B2353B7E36D356F88F4B3924.d.10BA770F4DB8AB27D1D45FC2B340631F.e.12414/click - {}
RESULT: {}
COMMAND: GET /session/637de528f4e604e156fb3e125ad907fc/screenshot - {}
RESULT: {}
COMMAND: POST /session/637de528f4e604e156fb3e125ad907fc/element - {"using":"xpath","value":"//input[@id=\"application-managepartners-display-component---NewPartner--assignmentYard-application-managepartners-display-component---NewPartner--assignmentsTable-0-inner\"]"}
RESULT: {"using":"xpath","value":"//input[@id=\"application-managepartners-display-component---NewPartner--assignmentYard-application-managepartners-display-component---NewPartner--assignmentsTable-0-inner\"]"}
COMMAND: POST /session/637de528f4e604e156fb3e125ad907fc/element/f.71948811B2353B7E36D356F88F4B3924.d.10BA770F4DB8AB27D1D45FC2B340631F.e.12417/clear - {}
RESULT: {}
COMMAND: POST /session/637de528f4e604e156fb3e125ad907fc/element/f.71948811B2353B7E36D356F88F4B3924.d.10BA770F4DB8AB27D1D45FC2B340631F.e.12417/value - {"text":"507"}
COMMAND: GET /session/637de528f4e604e156fb3e125ad907fc/screenshot - {}
RESULT: {"text":"507"}
COMMAND: GET /session/637de528f4e604e156fb3e125ad907fc/screenshot - {}
RESULT: {}
RESULT: {}
COMMAND: POST /session/637de528f4e604e156fb3e125ad907fc/element - {"using":"xpath","value":"//ul[contains(@id,\"assignmentYard-application-managepartners-display-component---NewPartner--assignmentsTable-0-popup-list-listUl\")]//li[.//span[text()='507']]"}
RESULT: {"using":"xpath","value":"//ul[contains(@id,\"assignmentYard-application-managepartners-display-component---NewPartner--assignmentsTable-0-popup-list-listUl\")]//li[.//span[text()='507']]"}
COMMAND: POST /session/637de528f4e604e156fb3e125ad907fc/element/f.71948811B2353B7E36D356F88F4B3924.d.10BA770F4DB8AB27D1D45FC2B340631F.e.12425/click - {}
RESULT: {}
COMMAND: GET /session/637de528f4e604e156fb3e125ad907fc/screenshot - {}
RESULT: {}
COMMAND: POST /session/637de528f4e604e156fb3e125ad907fc/actions - {"actions":[{"id":"action36","type":"key","parameters":{},"actions":[{"type":"keyDown","value":""},{"type":"pause","duration":10},{"type":"keyUp","value":""}]}]}
RESULT: {"actions":[{"id":"action36","type":"key","parameters":{},"actions":[{"type":"keyDown","value":""},{"type":"pause","duration":10},{"type":"keyUp","value":""}]}]}
COMMAND: GET /session/637de528f4e604e156fb3e125ad907fc/screenshot - {}
RESULT: {}
COMMAND: POST /session/637de528f4e604e156fb3e125ad907fc/element - {"using":"xpath","value":"//bdi[contains(text(), \"Contacts\")]"}
RESULT: {"using":"xpath","value":"//bdi[contains(text(), \"Contacts\")]"}
COMMAND: POST /session/637de528f4e604e156fb3e125ad907fc/element/f.71948811B2353B7E36D356F88F4B3924.d.10BA770F4DB8AB27D1D45FC2B340631F.e.12428/click - {}
RESULT: {}
COMMAND: GET /session/637de528f4e604e156fb3e125ad907fc/screenshot - {}
RESULT: {}
COMMAND: POST /session/637de528f4e604e156fb3e125ad907fc/element - {"using":"xpath","value":"//button[contains(@title,\"Add Contact\")]"}
RESULT: {"using":"xpath","value":"//button[contains(@title,\"Add Contact\")]"}
COMMAND: POST /session/637de528f4e604e156fb3e125ad907fc/element/f.71948811B2353B7E36D356F88F4B3924.d.10BA770F4DB8AB27D1D45FC2B340631F.e.12433/click - {}
RESULT: {}
COMMAND: GET /session/637de528f4e604e156fb3e125ad907fc/screenshot - {}
RESULT: {}
COMMAND: POST /session/637de528f4e604e156fb3e125ad907fc/element - {"using":"xpath","value":"//span[contains(@id,\"NewPartner--siteAddresses-0-arrow\")]"}
RESULT: {"using":"xpath","value":"//span[contains(@id,\"NewPartner--siteAddresses-0-arrow\")]"}
COMMAND: POST /session/637de528f4e604e156fb3e125ad907fc/element/f.71948811B2353B7E36D356F88F4B3924.d.10BA770F4DB8AB27D1D45FC2B340631F.e.12443/click - {}
RESULT: {}
COMMAND: GET /session/637de528f4e604e156fb3e125ad907fc/screenshot - {}
RESULT: {}
COMMAND: POST /session/637de528f4e604e156fb3e125ad907fc/element - {"using":"xpath","value":"//li[.//span[text()='Mr.']]"}
RESULT: {"using":"xpath","value":"//li[.//span[text()='Mr.']]"}
COMMAND: POST /session/637de528f4e604e156fb3e125ad907fc/element/f.71948811B2353B7E36D356F88F4B3924.d.10BA770F4DB8AB27D1D45FC2B340631F.e.12444/click - {}
RESULT: {}
COMMAND: GET /session/637de528f4e604e156fb3e125ad907fc/screenshot - {}
RESULT: {}
COMMAND: POST /session/637de528f4e604e156fb3e125ad907fc/execute/async - {"script":"<script> [1562 bytes]","args":[{"selector":{"controlType":"sap.m.Input","viewName":"etm.portal.ui.managepartners.view.NewPartner","viewId":"application-managepartners-display-component---NewPartner","bindingPath":{"path":"/Addresses/0","propertyPath":"NAME1","modelName":"NewAddresses"},"interaction":{"idSuffix":"inner"}},"wdio_ui5_key":"etmportal.ui.managepartners.view.NewPartnersap.m.Input{\"path\":\"/Addresses/0\",\"propertyPath\":\"NAME1\",\"modelName\":\"NewAddresses\"}"}]}
RESULT: {"script":"<script> [1562 bytes]","args":[{"selector":{"controlType":"sap.m.Input","viewName":"etm.portal.ui.managepartners.view.NewPartner","viewId":"application-managepartners-display-component---NewPartner","bindingPath":{"path":"/Addresses/0","propertyPath":"NAME1","modelName":"NewAddresses"},"interaction":{"idSuffix":"inner"}},"wdio_ui5_key":"etmportal.ui.managepartners.view.NewPartnersap.m.Input{\"path\":\"/Addresses/0\",\"propertyPath\":\"NAME1\",\"modelName\":\"NewAddresses\"}"}]}
RESULT: undefined
COMMAND: POST /session/637de528f4e604e156fb3e125ad907fc/execute/async - {"script":"<script> [776 bytes]","args":[{"enterText":"Johnny","selector":{"controlType":"sap.m.Input","viewName":"etm.portal.ui.managepartners.view.NewPartner","viewId":"application-managepartners-display-component---NewPartner","bindingPath":{"path":"/Addresses/0","propertyPath":"NAME1","modelName":"NewAddresses"},"interaction":{"idSuffix":"inner"}},"clearTextFirst":true,"interactionType":"ENTER_TEXT"}]}
RESULT: {"script":"<script> [776 bytes]","args":[{"enterText":"Johnny","selector":{"controlType":"sap.m.Input","viewName":"etm.portal.ui.managepartners.view.NewPartner","viewId":"application-managepartners-display-component---NewPartner","bindingPath":{"path":"/Addresses/0","propertyPath":"NAME1","modelName":"NewAddresses"},"interaction":{"idSuffix":"inner"}},"clearTextFirst":true,"interactionType":"ENTER_TEXT"}]}
COMMAND: POST /session/637de528f4e604e156fb3e125ad907fc/execute/async - {"script":"<script> [1562 bytes]","args":[{"selector":{"controlType":"sap.m.Input","viewName":"etm.portal.ui.managepartners.view.NewPartner","viewId":"application-managepartners-display-component---NewPartner","bindingPath":{"path":"/Addresses/0","propertyPath":"NAME2","modelName":"NewAddresses"},"interaction":{"idSuffix":"inner"}},"wdio_ui5_key":"etmportal.ui.managepartners.view.NewPartnersap.m.Input{\"path\":\"/Addresses/0\",\"propertyPath\":\"NAME2\",\"modelName\":\"NewAddresses\"}"}]}
RESULT: {"script":"<script> [1562 bytes]","args":[{"selector":{"controlType":"sap.m.Input","viewName":"etm.portal.ui.managepartners.view.NewPartner","viewId":"application-managepartners-display-component---NewPartner","bindingPath":{"path":"/Addresses/0","propertyPath":"NAME2","modelName":"NewAddresses"},"interaction":{"idSuffix":"inner"}},"wdio_ui5_key":"etmportal.ui.managepartners.view.NewPartnersap.m.Input{\"path\":\"/Addresses/0\",\"propertyPath\":\"NAME2\",\"modelName\":\"NewAddresses\"}"}]}
RESULT: undefined
COMMAND: POST /session/637de528f4e604e156fb3e125ad907fc/execute/async - {"script":"<script> [776 bytes]","args":[{"enterText":"Cusca","selector":{"controlType":"sap.m.Input","viewName":"etm.portal.ui.managepartners.view.NewPartner","viewId":"application-managepartners-display-component---NewPartner","bindingPath":{"path":"/Addresses/0","propertyPath":"NAME2","modelName":"NewAddresses"},"interaction":{"idSuffix":"inner"}},"clearTextFirst":true,"interactionType":"ENTER_TEXT"}]}
RESULT: {"script":"<script> [776 bytes]","args":[{"enterText":"Cusca","selector":{"controlType":"sap.m.Input","viewName":"etm.portal.ui.managepartners.view.NewPartner","viewId":"application-managepartners-display-component---NewPartner","bindingPath":{"path":"/Addresses/0","propertyPath":"NAME2","modelName":"NewAddresses"},"interaction":{"idSuffix":"inner"}},"clearTextFirst":true,"interactionType":"ENTER_TEXT"}]}
COMMAND: POST /session/637de528f4e604e156fb3e125ad907fc/execute/async - {"script":"<script> [1562 bytes]","args":[{"selector":{"controlType":"sap.m.Input","viewName":"etm.portal.ui.managepartners.view.NewPartner","viewId":"application-managepartners-display-component---NewPartner","bindingPath":{"path":"/Addresses/0","propertyPath":"JOB_TITLE","modelName":"NewAddresses"},"interaction":{"idSuffix":"inner"}},"wdio_ui5_key":"etmportal.ui.managepartners.view.NewPartnersap.m.Input{\"path\":\"/Addresses/0\",\"propertyPath\":\"JOB_TITLE\",\"modelName\":\"NewAddresses\"}"}]}
RESULT: {"script":"<script> [1562 bytes]","args":[{"selector":{"controlType":"sap.m.Input","viewName":"etm.portal.ui.managepartners.view.NewPartner","viewId":"application-managepartners-display-component---NewPartner","bindingPath":{"path":"/Addresses/0","propertyPath":"JOB_TITLE","modelName":"NewAddresses"},"interaction":{"idSuffix":"inner"}},"wdio_ui5_key":"etmportal.ui.managepartners.view.NewPartnersap.m.Input{\"path\":\"/Addresses/0\",\"propertyPath\":\"JOB_TITLE\",\"modelName\":\"NewAddresses\"}"}]}
RESULT: undefined
COMMAND: POST /session/637de528f4e604e156fb3e125ad907fc/execute/async - {"script":"<script> [776 bytes]","args":[{"enterText":"tester sef","selector":{"controlType":"sap.m.Input","viewName":"etm.portal.ui.managepartners.view.NewPartner","viewId":"application-managepartners-display-component---NewPartner","bindingPath":{"path":"/Addresses/0","propertyPath":"JOB_TITLE","modelName":"NewAddresses"},"interaction":{"idSuffix":"inner"}},"clearTextFirst":true,"interactionType":"ENTER_TEXT"}]}
RESULT: {"script":"<script> [776 bytes]","args":[{"enterText":"tester sef","selector":{"controlType":"sap.m.Input","viewName":"etm.portal.ui.managepartners.view.NewPartner","viewId":"application-managepartners-display-component---NewPartner","bindingPath":{"path":"/Addresses/0","propertyPath":"JOB_TITLE","modelName":"NewAddresses"},"interaction":{"idSuffix":"inner"}},"clearTextFirst":true,"interactionType":"ENTER_TEXT"}]}
COMMAND: POST /session/637de528f4e604e156fb3e125ad907fc/execute/async - {"script":"<script> [1562 bytes]","args":[{"selector":{"controlType":"sap.m.Input","viewName":"etm.portal.ui.managepartners.view.NewPartner","viewId":"application-managepartners-display-component---NewPartner","bindingPath":{"path":"/Addresses/0","propertyPath":"TELEPHONE_NO","modelName":"NewAddresses"},"interaction":{"idSuffix":"inner"}},"wdio_ui5_key":"etmportal.ui.managepartners.view.NewPartnersap.m.Input{\"path\":\"/Addresses/0\",\"propertyPath\":\"TELEPHONE_NO\",\"modelName\":\"NewAddresses\"}"}]}
RESULT: {"script":"<script> [1562 bytes]","args":[{"selector":{"controlType":"sap.m.Input","viewName":"etm.portal.ui.managepartners.view.NewPartner","viewId":"application-managepartners-display-component---NewPartner","bindingPath":{"path":"/Addresses/0","propertyPath":"TELEPHONE_NO","modelName":"NewAddresses"},"interaction":{"idSuffix":"inner"}},"wdio_ui5_key":"etmportal.ui.managepartners.view.NewPartnersap.m.Input{\"path\":\"/Addresses/0\",\"propertyPath\":\"TELEPHONE_NO\",\"modelName\":\"NewAddresses\"}"}]}
RESULT: undefined
COMMAND: POST /session/637de528f4e604e156fb3e125ad907fc/execute/async - {"script":"<script> [776 bytes]","args":[{"enterText":"0782113322","selector":{"controlType":"sap.m.Input","viewName":"etm.portal.ui.managepartners.view.NewPartner","viewId":"application-managepartners-display-component---NewPartner","bindingPath":{"path":"/Addresses/0","propertyPath":"TELEPHONE_NO","modelName":"NewAddresses"},"interaction":{"idSuffix":"inner"}},"clearTextFirst":true,"interactionType":"ENTER_TEXT"}]}
RESULT: {"script":"<script> [776 bytes]","args":[{"enterText":"0782113322","selector":{"controlType":"sap.m.Input","viewName":"etm.portal.ui.managepartners.view.NewPartner","viewId":"application-managepartners-display-component---NewPartner","bindingPath":{"path":"/Addresses/0","propertyPath":"TELEPHONE_NO","modelName":"NewAddresses"},"interaction":{"idSuffix":"inner"}},"clearTextFirst":true,"interactionType":"ENTER_TEXT"}]}
COMMAND: POST /session/637de528f4e604e156fb3e125ad907fc/element - {"using":"xpath","value":"//button[@data-kt=\"saveButton\"]"}
RESULT: {"using":"xpath","value":"//button[@data-kt=\"saveButton\"]"}
COMMAND: POST /session/637de528f4e604e156fb3e125ad907fc/element/f.71948811B2353B7E36D356F88F4B3924.d.10BA770F4DB8AB27D1D45FC2B340631F.e.12377/click - {}
RESULT: {}
COMMAND: GET /session/637de528f4e604e156fb3e125ad907fc/screenshot - {}
RESULT: {}
COMMAND: POST /session/637de528f4e604e156fb3e125ad907fc/element - {"using":"xpath","value":"//header[contains(@id, 'ObjectPageLayout-headerTitle')]/div[1]/div[2]/div[2]/span[1]"}
RESULT: {"using":"xpath","value":"//header[contains(@id, 'ObjectPageLayout-headerTitle')]/div[1]/div[2]/div[2]/span[1]"}
COMMAND: POST /session/637de528f4e604e156fb3e125ad907fc/elements - {"using":"xpath","value":"//header[contains(@id, 'ObjectPageLayout-headerTitle')]/div[1]/div[2]/div[2]/span[1]"}
RESULT: {"using":"xpath","value":"//header[contains(@id, 'ObjectPageLayout-headerTitle')]/div[1]/div[2]/div[2]/span[1]"}
COMMAND: POST /session/637de528f4e604e156fb3e125ad907fc/execute/sync - {"script":"<script> [56 bytes]","args":[{"element-6066-11e4-a52e-4f735466cecf":"f.71948811B2353B7E36D356F88F4B3924.d.10BA770F4DB8AB27D1D45FC2B340631F.e.12556","ELEMENT":"f.71948811B2353B7E36D356F88F4B3924.d.10BA770F4DB8AB27D1D45FC2B340631F.e.12556"}]}
RESULT: {"script":"<script> [56 bytes]","args":[{"element-6066-11e4-a52e-4f735466cecf":"f.71948811B2353B7E36D356F88F4B3924.d.10BA770F4DB8AB27D1D45FC2B340631F.e.12556","ELEMENT":"f.71948811B2353B7E36D356F88F4B3924.d.10BA770F4DB8AB27D1D45FC2B340631F.e.12556"}]}
COMMAND: POST /session/637de528f4e604e156fb3e125ad907fc/element - {"using":"xpath","value":"//span[contains(@id,\"smartTableAssignmentsDisplay-header-inner\")]"}
COMMAND: GET /session/637de528f4e604e156fb3e125ad907fc/screenshot - {}
RESULT: {"using":"xpath","value":"//span[contains(@id,\"smartTableAssignmentsDisplay-header-inner\")]"}
COMMAND: POST /session/637de528f4e604e156fb3e125ad907fc/elements - {"using":"xpath","value":"//span[contains(@id,\"smartTableAssignmentsDisplay-header-inner\")]"}
RESULT: {}
RESULT: {"using":"xpath","value":"//span[contains(@id,\"smartTableAssignmentsDisplay-header-inner\")]"}
COMMAND: POST /session/637de528f4e604e156fb3e125ad907fc/execute/sync - {"script":"<script> [56 bytes]","args":[{"element-6066-11e4-a52e-4f735466cecf":"f.71948811B2353B7E36D356F88F4B3924.d.10BA770F4DB8AB27D1D45FC2B340631F.e.12557","ELEMENT":"f.71948811B2353B7E36D356F88F4B3924.d.10BA770F4DB8AB27D1D45FC2B340631F.e.12557"}]}
RESULT: {"script":"<script> [56 bytes]","args":[{"element-6066-11e4-a52e-4f735466cecf":"f.71948811B2353B7E36D356F88F4B3924.d.10BA770F4DB8AB27D1D45FC2B340631F.e.12557","ELEMENT":"f.71948811B2353B7E36D356F88F4B3924.d.10BA770F4DB8AB27D1D45FC2B340631F.e.12557"}]}
COMMAND: POST /session/637de528f4e604e156fb3e125ad907fc/element - {"using":"xpath","value":"//span[contains(@id,\"smartTableContactsDisplay-header-inner\")]"}
COMMAND: GET /session/637de528f4e604e156fb3e125ad907fc/screenshot - {}
RESULT: {"using":"xpath","value":"//span[contains(@id,\"smartTableContactsDisplay-header-inner\")]"}
COMMAND: POST /session/637de528f4e604e156fb3e125ad907fc/elements - {"using":"xpath","value":"//span[contains(@id,\"smartTableContactsDisplay-header-inner\")]"}
RESULT: {}
RESULT: {"using":"xpath","value":"//span[contains(@id,\"smartTableContactsDisplay-header-inner\")]"}
COMMAND: POST /session/637de528f4e604e156fb3e125ad907fc/execute/sync - {"script":"<script> [56 bytes]","args":[{"element-6066-11e4-a52e-4f735466cecf":"f.71948811B2353B7E36D356F88F4B3924.d.10BA770F4DB8AB27D1D45FC2B340631F.e.12558","ELEMENT":"f.71948811B2353B7E36D356F88F4B3924.d.10BA770F4DB8AB27D1D45FC2B340631F.e.12558"}]}
RESULT: {"script":"<script> [56 bytes]","args":[{"element-6066-11e4-a52e-4f735466cecf":"f.71948811B2353B7E36D356F88F4B3924.d.10BA770F4DB8AB27D1D45FC2B340631F.e.12558","ELEMENT":"f.71948811B2353B7E36D356F88F4B3924.d.10BA770F4DB8AB27D1D45FC2B340631F.e.12558"}]}
COMMAND: POST /session/637de528f4e604e156fb3e125ad907fc/element - {"using":"css selector","value":"#shell-header-logo"}
COMMAND: GET /session/637de528f4e604e156fb3e125ad907fc/screenshot - {}
RESULT: {"using":"css selector","value":"#shell-header-logo"}
COMMAND: POST /session/637de528f4e604e156fb3e125ad907fc/element/f.71948811B2353B7E36D356F88F4B3924.d.10BA770F4DB8AB27D1D45FC2B340631F.e.9197/click - {}
RESULT: {}
RESULT: {}
COMMAND: GET /session/637de528f4e604e156fb3e125ad907fc/screenshot - {}
RESULT: {}
COMMAND: POST /session/637de528f4e604e156fb3e125ad907fc/element - {"using":"css selector","value":"#j_username"}
COMMAND: POST /session/637de528f4e604e156fb3e125ad907fc/url - {"url":"https://qa-testing-00-live-etm-ui.cfapps.eu10-004.hana.ondemand.com/"}
RESULT: {"using":"css selector","value":"#j_username"}
COMMAND: POST /session/637de528f4e604e156fb3e125ad907fc/element - {"using":"css selector","value":"#j_username"}
RESULT: {"url":"https://qa-testing-00-live-etm-ui.cfapps.eu10-004.hana.ondemand.com/"}
RESULT: undefined
COMMAND: GET /session/637de528f4e604e156fb3e125ad907fc/screenshot - {}
RESULT: {"using":"css selector","value":"#j_username"}
COMMAND: POST /session/637de528f4e604e156fb3e125ad907fc/element - {"using":"css selector","value":"#shell-header-logo"}
RESULT: {}
RESULT: {"using":"css selector","value":"#shell-header-logo"}
COMMAND: POST /session/637de528f4e604e156fb3e125ad907fc/execute/sync - {"script":"<script> [8489 bytes]","args":[{"element-6066-11e4-a52e-4f735466cecf":"f.71948811B2353B7E36D356F88F4B3924.d.41E4E9D3AFF281C602174ACADF55D0D7.e.12576","ELEMENT":"f.71948811B2353B7E36D356F88F4B3924.d.41E4E9D3AFF281C602174ACADF55D0D7.e.12576"}]}
RESULT: {"script":"<script> [8489 bytes]","args":[{"element-6066-11e4-a52e-4f735466cecf":"f.71948811B2353B7E36D356F88F4B3924.d.41E4E9D3AFF281C602174ACADF55D0D7.e.12576","ELEMENT":"f.71948811B2353B7E36D356F88F4B3924.d.41E4E9D3AFF281C602174ACADF55D0D7.e.12576"}]}
COMMAND: POST /session/637de528f4e604e156fb3e125ad907fc/element - {"using":"css selector","value":"#shell-header-logo"}
COMMAND: GET /session/637de528f4e604e156fb3e125ad907fc/screenshot - {}
RESULT: {"using":"css selector","value":"#shell-header-logo"}
COMMAND: POST /session/637de528f4e604e156fb3e125ad907fc/execute/sync - {"script":"<script> [8489 bytes]","args":[{"element-6066-11e4-a52e-4f735466cecf":"f.71948811B2353B7E36D356F88F4B3924.d.41E4E9D3AFF281C602174ACADF55D0D7.e.12576","ELEMENT":"f.71948811B2353B7E36D356F88F4B3924.d.41E4E9D3AFF281C602174ACADF55D0D7.e.12576"}]}
RESULT: {}
RESULT: {"script":"<script> [8489 bytes]","args":[{"element-6066-11e4-a52e-4f735466cecf":"f.71948811B2353B7E36D356F88F4B3924.d.41E4E9D3AFF281C602174ACADF55D0D7.e.12576","ELEMENT":"f.71948811B2353B7E36D356F88F4B3924.d.41E4E9D3AFF281C602174ACADF55D0D7.e.12576"}]}
COMMAND: POST /session/637de528f4e604e156fb3e125ad907fc/execute/sync - {"script":"<script> [5351 bytes]","args":[{"element-6066-11e4-a52e-4f735466cecf":"f.71948811B2353B7E36D356F88F4B3924.d.41E4E9D3AFF281C602174ACADF55D0D7.e.12576","ELEMENT":"f.71948811B2353B7E36D356F88F4B3924.d.41E4E9D3AFF281C602174ACADF55D0D7.e.12576"}]}
COMMAND: GET /session/637de528f4e604e156fb3e125ad907fc/screenshot - {}
RESULT: {"script":"<script> [5351 bytes]","args":[{"element-6066-11e4-a52e-4f735466cecf":"f.71948811B2353B7E36D356F88F4B3924.d.41E4E9D3AFF281C602174ACADF55D0D7.e.12576","ELEMENT":"f.71948811B2353B7E36D356F88F4B3924.d.41E4E9D3AFF281C602174ACADF55D0D7.e.12576"}]}
COMMAND: POST /session/637de528f4e604e156fb3e125ad907fc/element - {"using":"css selector","value":"#shell-header-logo"}
COMMAND: GET /session/637de528f4e604e156fb3e125ad907fc/screenshot - {}
RESULT: {}
RESULT: {"using":"css selector","value":"#shell-header-logo"}
COMMAND: POST /session/637de528f4e604e156fb3e125ad907fc/element/f.71948811B2353B7E36D356F88F4B3924.d.41E4E9D3AFF281C602174ACADF55D0D7.e.12576/click - {}
RESULT: {}
RESULT: {}
COMMAND: GET /session/637de528f4e604e156fb3e125ad907fc/screenshot - {}
RESULT: {}
COMMAND: POST /session/637de528f4e604e156fb3e125ad907fc/execute/async - {"script":"<script> [189 bytes]","args":[]}
RESULT: {"script":"<script> [189 bytes]","args":[]}
COMMAND: POST /session/637de528f4e604e156fb3e125ad907fc/execute/async - {"script":"<script> [123 bytes]","args":[]}
RESULT: {"script":"<script> [123 bytes]","args":[]}
COMMAND: POST /session/637de528f4e604e156fb3e125ad907fc/timeouts - {"script":"<number>"}
RESULT: {"script":"<number>"}
COMMAND: GET /session/637de528f4e604e156fb3e125ad907fc/timeouts - {}
RESULT: {}
RESULT: undefined
COMMAND: POST /session/637de528f4e604e156fb3e125ad907fc/execute/async - {"script":"<script> [2676 bytes]","args":[]}
RESULT: {"script":"<script> [2676 bytes]","args":[]}
COMMAND: POST /session/637de528f4e604e156fb3e125ad907fc/execute/async - {"script":"<script> [2342 bytes]","args":[{"protocol":"http","hostname":"0.0.0.0","path":"/","capabilities":{"browserName":"chrome","goog:chromeOptions":{"binary":"C:\\Program Files\\Google\\Chrome\\Application\\chrome.exe","args":["--start-maximized"]}},"logLevel":"warn","connectionRetryTimeout":120000,"connectionRetryCount":3,"logLevels":{},"enableDirectConnect":true,"strictSSL":true,"_":"65 more keys: [\"cacheDir\",\"port\",\"requestedCapabilities\",\"automationProtocol\",\"baseUrl\",\"waitforInterval\",\"waitforTimeout\",\"onReload\",\"beforeCommand\",\"afterCommand\",\"rootDir\",\"specs\",\"suites\",\"exclude\",\"groupLogsByTestSpec\",\"excludeDriverLogs\",\"bail\",\"framework\",\"reporters\",\"services\",\"maxInstances\",\"maxInstancesPerCapability\",\"injectGlobals\",\"filesToWatch\",\"execArgv\",\"runnerEnv\",\"runner\",\"shard\",\"specFileRetries\",\"specFileRetriesDelay\",\"specFileRetriesDeferred\",\"reporterSyncInterval\",\"reporterSyncTimeout\",\"cucumberFeaturesWithLineNumbers\",\"autoCompileOpts\",\"mochaOpts\",\"jasmineOpts\",\"cucumberOpts\",\"onPrepare\",\"onWorkerStart\",\"onWorkerEnd\",\"before\",\"beforeSession\",\"beforeSuite\",\"beforeHook\",\"beforeTest\",\"afterTest\",\"afterHook\",\"afterSuite\",\"afterSession\",\"after\",\"onComplete\",\"beforeAssertion\",\"afterAssertion\",\"beforeFeature\",\"beforeScenario\",\"beforeStep\",\"afterStep\",\"afterScenario\",\"afterFeature\",\"_\",\"suite\",\"$0\",\"ignoredWorkerServices\",\"wdi5\"]"}]}
RESULT: {"script":"<script> [2342 bytes]","args":[{"protocol":"http","hostname":"0.0.0.0","path":"/","capabilities":{"browserName":"chrome","goog:chromeOptions":{"binary":"C:\\Program Files\\Google\\Chrome\\Application\\chrome.exe","args":["--start-maximized"]}},"logLevel":"warn","connectionRetryTimeout":120000,"connectionRetryCount":3,"logLevels":{},"enableDirectConnect":true,"strictSSL":true,"_":"65 more keys: [\"cacheDir\",\"port\",\"requestedCapabilities\",\"automationProtocol\",\"baseUrl\",\"waitforInterval\",\"waitforTimeout\",\"onReload\",\"beforeCommand\",\"afterCommand\",\"rootDir\",\"specs\",\"suites\",\"exclude\",\"groupLogsByTestSpec\",\"excludeDriverLogs\",\"bail\",\"framework\",\"reporters\",\"services\",\"maxInstances\",\"maxInstancesPerCapability\",\"injectGlobals\",\"filesToWatch\",\"execArgv\",\"runnerEnv\",\"runner\",\"shard\",\"specFileRetries\",\"specFileRetriesDelay\",\"specFileRetriesDeferred\",\"reporterSyncInterval\",\"reporterSyncTimeout\",\"cucumberFeaturesWithLineNumbers\",\"autoCompileOpts\",\"mochaOpts\",\"jasmineOpts\",\"cucumberOpts\",\"onPrepare\",\"onWorkerStart\",\"onWorkerEnd\",\"before\",\"beforeSession\",\"beforeSuite\",\"beforeHook\",\"beforeTest\",\"afterTest\",\"afterHook\",\"afterSuite\",\"afterSession\",\"after\",\"onComplete\",\"beforeAssertion\",\"afterAssertion\",\"beforeFeature\",\"beforeScenario\",\"beforeStep\",\"afterStep\",\"afterScenario\",\"afterFeature\",\"_\",\"suite\",\"$0\",\"ignoredWorkerServices\",\"wdi5\"]"}]}
COMMAND: POST /session/637de528f4e604e156fb3e125ad907fc/execute/async - {"script":"<script> [21126 bytes]","args":[35000]}
RESULT: {"script":"<script> [21126 bytes]","args":[35000]}
COMMAND: POST /session/637de528f4e604e156fb3e125ad907fc/window/maximize - {}
RESULT: {}
COMMAND: POST /session/637de528f4e604e156fb3e125ad907fc/execute/async - {"script":"<script> [1562 bytes]","args":[{"selector":{"id":"shell-header","interaction":{"idSuffix":"icon"}},"wdio_ui5_key":"shellheader"}]}
COMMAND: GET /session/637de528f4e604e156fb3e125ad907fc/screenshot - {}
RESULT: {"script":"<script> [1562 bytes]","args":[{"selector":{"id":"shell-header","interaction":{"idSuffix":"icon"}},"wdio_ui5_key":"shellheader"}]}
RESULT: undefined
COMMAND: POST /session/637de528f4e604e156fb3e125ad907fc/refresh - {}
RESULT: {}
RESULT: {}
COMMAND: GET /session/637de528f4e604e156fb3e125ad907fc/screenshot - {}
RESULT: {}
COMMAND: POST /session/637de528f4e604e156fb3e125ad907fc/refresh - {}
RESULT: {}
COMMAND: GET /session/637de528f4e604e156fb3e125ad907fc/screenshot - {}
RESULT: {}
COMMAND: POST /session/637de528f4e604e156fb3e125ad907fc/window/fullscreen - {}
RESULT: {}
COMMAND: POST /session/637de528f4e604e156fb3e125ad907fc/execute/async - {"script":"<script> [189 bytes]","args":[]}
RESULT: {"script":"<script> [189 bytes]","args":[]}
COMMAND: POST /session/637de528f4e604e156fb3e125ad907fc/execute/async - {"script":"<script> [123 bytes]","args":[]}
RESULT: {"script":"<script> [123 bytes]","args":[]}
COMMAND: POST /session/637de528f4e604e156fb3e125ad907fc/timeouts - {"script":"<number>"}
RESULT: {"script":"<number>"}
COMMAND: GET /session/637de528f4e604e156fb3e125ad907fc/timeouts - {}
RESULT: {}
RESULT: undefined
COMMAND: POST /session/637de528f4e604e156fb3e125ad907fc/execute/async - {"script":"<script> [2676 bytes]","args":[]}
RESULT: {"script":"<script> [2676 bytes]","args":[]}
COMMAND: POST /session/637de528f4e604e156fb3e125ad907fc/execute/async - {"script":"<script> [2342 bytes]","args":[{"protocol":"http","hostname":"0.0.0.0","path":"/","capabilities":{"browserName":"chrome","goog:chromeOptions":{"binary":"C:\\Program Files\\Google\\Chrome\\Application\\chrome.exe","args":["--start-maximized"]}},"logLevel":"warn","connectionRetryTimeout":120000,"connectionRetryCount":3,"logLevels":{},"enableDirectConnect":true,"strictSSL":true,"_":"65 more keys: [\"cacheDir\",\"port\",\"requestedCapabilities\",\"automationProtocol\",\"baseUrl\",\"waitforInterval\",\"waitforTimeout\",\"onReload\",\"beforeCommand\",\"afterCommand\",\"rootDir\",\"specs\",\"suites\",\"exclude\",\"groupLogsByTestSpec\",\"excludeDriverLogs\",\"bail\",\"framework\",\"reporters\",\"services\",\"maxInstances\",\"maxInstancesPerCapability\",\"injectGlobals\",\"filesToWatch\",\"execArgv\",\"runnerEnv\",\"runner\",\"shard\",\"specFileRetries\",\"specFileRetriesDelay\",\"specFileRetriesDeferred\",\"reporterSyncInterval\",\"reporterSyncTimeout\",\"cucumberFeaturesWithLineNumbers\",\"autoCompileOpts\",\"mochaOpts\",\"jasmineOpts\",\"cucumberOpts\",\"onPrepare\",\"onWorkerStart\",\"onWorkerEnd\",\"before\",\"beforeSession\",\"beforeSuite\",\"beforeHook\",\"beforeTest\",\"afterTest\",\"afterHook\",\"afterSuite\",\"afterSession\",\"after\",\"onComplete\",\"beforeAssertion\",\"afterAssertion\",\"beforeFeature\",\"beforeScenario\",\"beforeStep\",\"afterStep\",\"afterScenario\",\"afterFeature\",\"_\",\"suite\",\"$0\",\"ignoredWorkerServices\",\"wdi5\"]"}]}
RESULT: {"script":"<script> [2342 bytes]","args":[{"protocol":"http","hostname":"0.0.0.0","path":"/","capabilities":{"browserName":"chrome","goog:chromeOptions":{"binary":"C:\\Program Files\\Google\\Chrome\\Application\\chrome.exe","args":["--start-maximized"]}},"logLevel":"warn","connectionRetryTimeout":120000,"connectionRetryCount":3,"logLevels":{},"enableDirectConnect":true,"strictSSL":true,"_":"65 more keys: [\"cacheDir\",\"port\",\"requestedCapabilities\",\"automationProtocol\",\"baseUrl\",\"waitforInterval\",\"waitforTimeout\",\"onReload\",\"beforeCommand\",\"afterCommand\",\"rootDir\",\"specs\",\"suites\",\"exclude\",\"groupLogsByTestSpec\",\"excludeDriverLogs\",\"bail\",\"framework\",\"reporters\",\"services\",\"maxInstances\",\"maxInstancesPerCapability\",\"injectGlobals\",\"filesToWatch\",\"execArgv\",\"runnerEnv\",\"runner\",\"shard\",\"specFileRetries\",\"specFileRetriesDelay\",\"specFileRetriesDeferred\",\"reporterSyncInterval\",\"reporterSyncTimeout\",\"cucumberFeaturesWithLineNumbers\",\"autoCompileOpts\",\"mochaOpts\",\"jasmineOpts\",\"cucumberOpts\",\"onPrepare\",\"onWorkerStart\",\"onWorkerEnd\",\"before\",\"beforeSession\",\"beforeSuite\",\"beforeHook\",\"beforeTest\",\"afterTest\",\"afterHook\",\"afterSuite\",\"afterSession\",\"after\",\"onComplete\",\"beforeAssertion\",\"afterAssertion\",\"beforeFeature\",\"beforeScenario\",\"beforeStep\",\"afterStep\",\"afterScenario\",\"afterFeature\",\"_\",\"suite\",\"$0\",\"ignoredWorkerServices\",\"wdi5\"]"}]}
COMMAND: POST /session/637de528f4e604e156fb3e125ad907fc/execute/async - {"script":"<script> [21126 bytes]","args":[35000]}
RESULT: {"script":"<script> [21126 bytes]","args":[35000]}
]]></system-out>
    </testcase>
  </testsuite>
  <testsuite timestamp="2025-05-30T18:01:50" time="564.428" tests="4" failures="1" errors="1" skipped="0">
    <properties>
      <property name="specId" value="0"/>
      <property name="suiteName" value="Create partner US118246"/>
      <property name="capabilities" value="chrome.136_0_7103_93.windows"/>
      <property name="file" value="file:///D:/a/1/s/test/specs/BTS/create-partner.spec.js"/>
    </properties>
    <testcase classname="chrome.136_0_7103_93.windows.Create_partner_US118246" name="Should create a new yard in case create yard failed" time="124.422">
      <system-out><![CDATA[
COMMAND: POST /session/637de528f4e604e156fb3e125ad907fc/window/fullscreen - {}
RESULT: {}
COMMAND: POST /session/637de528f4e604e156fb3e125ad907fc/execute/async - {"script":"<script> [1562 bytes]","args":[{"selector":{"controlType":"sap.m.GenericTile","properties":{"header":"Manage Yards"}},"wdio_ui5_key":"sapm.GenericTile{\"header\":\"Manage Yards\"}"}]}
RESULT: {"script":"<script> [1562 bytes]","args":[{"selector":{"controlType":"sap.m.GenericTile","properties":{"header":"Manage Yards"}},"wdio_ui5_key":"sapm.GenericTile{\"header\":\"Manage Yards\"}"}]}
RESULT: undefined
COMMAND: POST /session/637de528f4e604e156fb3e125ad907fc/element - {"using":"xpath","value":"//*[@id=\"__tile41\"]"}
RESULT: {"using":"xpath","value":"//*[@id=\"__tile41\"]"}
COMMAND: POST /session/637de528f4e604e156fb3e125ad907fc/element/f.71948811B2353B7E36D356F88F4B3924.d.0E662E7028BF60B3D77236B8FA8C7CB4.e.12729/click - {}
RESULT: {}
COMMAND: GET /session/637de528f4e604e156fb3e125ad907fc/screenshot - {}
RESULT: {}
COMMAND: POST /session/637de528f4e604e156fb3e125ad907fc/elements - {"using":"xpath","value":"//span[text()='Error']"}
RESULT: {"using":"xpath","value":"//span[text()='Error']"}
COMMAND: POST /session/637de528f4e604e156fb3e125ad907fc/element - {"using":"xpath","value":"//button[@data-kt=\"addNewYardOverflowToolbarButton\"]"}
RESULT: {"using":"xpath","value":"//button[@data-kt=\"addNewYardOverflowToolbarButton\"]"}
COMMAND: POST /session/637de528f4e604e156fb3e125ad907fc/elements - {"using":"xpath","value":"//button[@data-kt=\"addNewYardOverflowToolbarButton\"]"}
RESULT: {"using":"xpath","value":"//button[@data-kt=\"addNewYardOverflowToolbarButton\"]"}
COMMAND: POST /session/637de528f4e604e156fb3e125ad907fc/elements - {"using":"xpath","value":"//button[@data-kt=\"addNewYardOverflowToolbarButton\"]"}
RESULT: {"using":"xpath","value":"//button[@data-kt=\"addNewYardOverflowToolbarButton\"]"}
COMMAND: POST /session/637de528f4e604e156fb3e125ad907fc/element - {"using":"xpath","value":"//button[@data-kt=\"addNewYardOverflowToolbarButton\"]"}
RESULT: {"using":"xpath","value":"//button[@data-kt=\"addNewYardOverflowToolbarButton\"]"}
COMMAND: POST /session/637de528f4e604e156fb3e125ad907fc/execute/sync - {"script":"<script> [8489 bytes]","args":[{"element-6066-11e4-a52e-4f735466cecf":"f.71948811B2353B7E36D356F88F4B3924.d.0E662E7028BF60B3D77236B8FA8C7CB4.e.12864","ELEMENT":"f.71948811B2353B7E36D356F88F4B3924.d.0E662E7028BF60B3D77236B8FA8C7CB4.e.12864"}]}
RESULT: {"script":"<script> [8489 bytes]","args":[{"element-6066-11e4-a52e-4f735466cecf":"f.71948811B2353B7E36D356F88F4B3924.d.0E662E7028BF60B3D77236B8FA8C7CB4.e.12864","ELEMENT":"f.71948811B2353B7E36D356F88F4B3924.d.0E662E7028BF60B3D77236B8FA8C7CB4.e.12864"}]}
COMMAND: GET /session/637de528f4e604e156fb3e125ad907fc/element/f.71948811B2353B7E36D356F88F4B3924.d.0E662E7028BF60B3D77236B8FA8C7CB4.e.12864/enabled - {}
COMMAND: GET /session/637de528f4e604e156fb3e125ad907fc/screenshot - {}
RESULT: {}
COMMAND: POST /session/637de528f4e604e156fb3e125ad907fc/execute/sync - {"script":"<script> [8489 bytes]","args":[{"element-6066-11e4-a52e-4f735466cecf":"f.71948811B2353B7E36D356F88F4B3924.d.0E662E7028BF60B3D77236B8FA8C7CB4.e.12864","ELEMENT":"f.71948811B2353B7E36D356F88F4B3924.d.0E662E7028BF60B3D77236B8FA8C7CB4.e.12864"}]}
COMMAND: GET /session/637de528f4e604e156fb3e125ad907fc/screenshot - {}
RESULT: {}
RESULT: {"script":"<script> [8489 bytes]","args":[{"element-6066-11e4-a52e-4f735466cecf":"f.71948811B2353B7E36D356F88F4B3924.d.0E662E7028BF60B3D77236B8FA8C7CB4.e.12864","ELEMENT":"f.71948811B2353B7E36D356F88F4B3924.d.0E662E7028BF60B3D77236B8FA8C7CB4.e.12864"}]}
COMMAND: POST /session/637de528f4e604e156fb3e125ad907fc/execute/sync - {"script":"<script> [5351 bytes]","args":[{"element-6066-11e4-a52e-4f735466cecf":"f.71948811B2353B7E36D356F88F4B3924.d.0E662E7028BF60B3D77236B8FA8C7CB4.e.12864","ELEMENT":"f.71948811B2353B7E36D356F88F4B3924.d.0E662E7028BF60B3D77236B8FA8C7CB4.e.12864"}]}
COMMAND: GET /session/637de528f4e604e156fb3e125ad907fc/screenshot - {}
RESULT: {}
RESULT: {"script":"<script> [5351 bytes]","args":[{"element-6066-11e4-a52e-4f735466cecf":"f.71948811B2353B7E36D356F88F4B3924.d.0E662E7028BF60B3D77236B8FA8C7CB4.e.12864","ELEMENT":"f.71948811B2353B7E36D356F88F4B3924.d.0E662E7028BF60B3D77236B8FA8C7CB4.e.12864"}]}
COMMAND: POST /session/637de528f4e604e156fb3e125ad907fc/element/f.71948811B2353B7E36D356F88F4B3924.d.0E662E7028BF60B3D77236B8FA8C7CB4.e.12864/click - {}
COMMAND: GET /session/637de528f4e604e156fb3e125ad907fc/screenshot - {}
RESULT: {}
RESULT: {}
COMMAND: GET /session/637de528f4e604e156fb3e125ad907fc/screenshot - {}
RESULT: {}
COMMAND: POST /session/637de528f4e604e156fb3e125ad907fc/element - {"using":"xpath","value":"//input[@id=\"application-manageyards-display-component---NewYard--yardId-inner\"]"}
RESULT: {}
RESULT: {"using":"xpath","value":"//input[@id=\"application-manageyards-display-component---NewYard--yardId-inner\"]"}
COMMAND: POST /session/637de528f4e604e156fb3e125ad907fc/element - {"using":"xpath","value":"//input[@id=\"application-manageyards-display-component---NewYard--yardId-inner\"]"}
RESULT: {"using":"xpath","value":"//input[@id=\"application-manageyards-display-component---NewYard--yardId-inner\"]"}
COMMAND: POST /session/637de528f4e604e156fb3e125ad907fc/execute/async - {"script":"<script> [1562 bytes]","args":[{"selector":{"id":"application-manageyards-display-component---NewYard--addressDetailDetailsName1","interaction":{"idSuffix":"inner"}},"wdio_ui5_key":"applicationmanageyards-display-component---NewYard--addressDetailDetailsName1"}]}
RESULT: {"script":"<script> [1562 bytes]","args":[{"selector":{"id":"application-manageyards-display-component---NewYard--addressDetailDetailsName1","interaction":{"idSuffix":"inner"}},"wdio_ui5_key":"applicationmanageyards-display-component---NewYard--addressDetailDetailsName1"}]}
RESULT: undefined
COMMAND: POST /session/637de528f4e604e156fb3e125ad907fc/execute/async - {"script":"<script> [776 bytes]","args":[{"enterText":"Intracompany Yard wdIO","selector":{"id":"application-manageyards-display-component---NewYard--addressDetailDetailsName1","interaction":{"idSuffix":"inner"}},"clearTextFirst":true,"interactionType":"ENTER_TEXT"}]}
RESULT: {"script":"<script> [776 bytes]","args":[{"enterText":"Intracompany Yard wdIO","selector":{"id":"application-manageyards-display-component---NewYard--addressDetailDetailsName1","interaction":{"idSuffix":"inner"}},"clearTextFirst":true,"interactionType":"ENTER_TEXT"}]}
COMMAND: POST /session/637de528f4e604e156fb3e125ad907fc/execute/async - {"script":"<script> [1562 bytes]","args":[{"selector":{"id":"application-manageyards-display-component---NewYard--addressDetailDetailsLanguage-arrow"},"wdio_ui5_key":"applicationmanageyards-display-component---NewYard--addressDetailDetailsLanguage-arrow"}]}
RESULT: {"script":"<script> [1562 bytes]","args":[{"selector":{"id":"application-manageyards-display-component---NewYard--addressDetailDetailsLanguage-arrow"},"wdio_ui5_key":"applicationmanageyards-display-component---NewYard--addressDetailDetailsLanguage-arrow"}]}
RESULT: undefined
COMMAND: POST /session/637de528f4e604e156fb3e125ad907fc/element - {"using":"xpath","value":"//*[@id=\"application-manageyards-display-component---NewYard--addressDetailDetailsLanguage-arrow\"]"}
RESULT: {"using":"xpath","value":"//*[@id=\"application-manageyards-display-component---NewYard--addressDetailDetailsLanguage-arrow\"]"}
COMMAND: POST /session/637de528f4e604e156fb3e125ad907fc/element/f.71948811B2353B7E36D356F88F4B3924.d.0E662E7028BF60B3D77236B8FA8C7CB4.e.13295/click - {}
RESULT: {}
COMMAND: POST /session/637de528f4e604e156fb3e125ad907fc/element - {"using":"xpath","value":"//span[contains(text(), \"English\")]"}
COMMAND: GET /session/637de528f4e604e156fb3e125ad907fc/screenshot - {}
RESULT: {"using":"xpath","value":"//span[contains(text(), \"English\")]"}
COMMAND: POST /session/637de528f4e604e156fb3e125ad907fc/element/f.71948811B2353B7E36D356F88F4B3924.d.0E662E7028BF60B3D77236B8FA8C7CB4.e.13296/click - {}
RESULT: {}
RESULT: {}
COMMAND: POST /session/637de528f4e604e156fb3e125ad907fc/execute/async - {"script":"<script> [1562 bytes]","args":[{"selector":{"id":"application-manageyards-display-component---NewYard--addressDetailDetailsCity1","interaction":{"idSuffix":"inner"}},"wdio_ui5_key":"applicationmanageyards-display-component---NewYard--addressDetailDetailsCity1"}]}
COMMAND: GET /session/637de528f4e604e156fb3e125ad907fc/screenshot - {}
RESULT: {"script":"<script> [1562 bytes]","args":[{"selector":{"id":"application-manageyards-display-component---NewYard--addressDetailDetailsCity1","interaction":{"idSuffix":"inner"}},"wdio_ui5_key":"applicationmanageyards-display-component---NewYard--addressDetailDetailsCity1"}]}
RESULT: undefined
COMMAND: POST /session/637de528f4e604e156fb3e125ad907fc/execute/async - {"script":"<script> [776 bytes]","args":[{"enterText":"Rosario","selector":{"id":"application-manageyards-display-component---NewYard--addressDetailDetailsCity1","interaction":{"idSuffix":"inner"}},"clearTextFirst":true,"interactionType":"ENTER_TEXT"}]}
RESULT: {}
RESULT: {"script":"<script> [776 bytes]","args":[{"enterText":"Rosario","selector":{"id":"application-manageyards-display-component---NewYard--addressDetailDetailsCity1","interaction":{"idSuffix":"inner"}},"clearTextFirst":true,"interactionType":"ENTER_TEXT"}]}
COMMAND: POST /session/637de528f4e604e156fb3e125ad907fc/execute/async - {"script":"<script> [1562 bytes]","args":[{"selector":{"id":"application-manageyards-display-component---NewYard--addressDetailDetailsCountry-arrow"},"wdio_ui5_key":"applicationmanageyards-display-component---NewYard--addressDetailDetailsCountry-arrow"}]}
RESULT: {"script":"<script> [1562 bytes]","args":[{"selector":{"id":"application-manageyards-display-component---NewYard--addressDetailDetailsCountry-arrow"},"wdio_ui5_key":"applicationmanageyards-display-component---NewYard--addressDetailDetailsCountry-arrow"}]}
RESULT: undefined
COMMAND: POST /session/637de528f4e604e156fb3e125ad907fc/element - {"using":"xpath","value":"//*[@id=\"application-manageyards-display-component---NewYard--addressDetailDetailsCountry-arrow\"]"}
RESULT: {"using":"xpath","value":"//*[@id=\"application-manageyards-display-component---NewYard--addressDetailDetailsCountry-arrow\"]"}
COMMAND: POST /session/637de528f4e604e156fb3e125ad907fc/element/f.71948811B2353B7E36D356F88F4B3924.d.0E662E7028BF60B3D77236B8FA8C7CB4.e.13298/click - {}
RESULT: {}
COMMAND: POST /session/637de528f4e604e156fb3e125ad907fc/element - {"using":"xpath","value":"//span[contains(text(), \"Argentina\")]"}
COMMAND: GET /session/637de528f4e604e156fb3e125ad907fc/screenshot - {}
RESULT: {"using":"xpath","value":"//span[contains(text(), \"Argentina\")]"}
COMMAND: POST /session/637de528f4e604e156fb3e125ad907fc/element/f.71948811B2353B7E36D356F88F4B3924.d.0E662E7028BF60B3D77236B8FA8C7CB4.e.13299/click - {}
RESULT: {}
RESULT: {}
COMMAND: POST /session/637de528f4e604e156fb3e125ad907fc/execute/async - {"script":"<script> [1562 bytes]","args":[{"selector":{"id":"application-manageyards-display-component---NewYard--addressEditDetailsCostObjectCstType-arrow"},"wdio_ui5_key":"applicationmanageyards-display-component---NewYard--addressEditDetailsCostObjectCstType-arrow"}]}
COMMAND: GET /session/637de528f4e604e156fb3e125ad907fc/screenshot - {}
RESULT: {"script":"<script> [1562 bytes]","args":[{"selector":{"id":"application-manageyards-display-component---NewYard--addressEditDetailsCostObjectCstType-arrow"},"wdio_ui5_key":"applicationmanageyards-display-component---NewYard--addressEditDetailsCostObjectCstType-arrow"}]}
RESULT: undefined
COMMAND: POST /session/637de528f4e604e156fb3e125ad907fc/element - {"using":"xpath","value":"//*[@id=\"application-manageyards-display-component---NewYard--addressEditDetailsCostObjectCstType-arrow\"]"}
RESULT: {}
RESULT: {"using":"xpath","value":"//*[@id=\"application-manageyards-display-component---NewYard--addressEditDetailsCostObjectCstType-arrow\"]"}
COMMAND: POST /session/637de528f4e604e156fb3e125ad907fc/element/f.71948811B2353B7E36D356F88F4B3924.d.0E662E7028BF60B3D77236B8FA8C7CB4.e.13301/click - {}
RESULT: {}
COMMAND: POST /session/637de528f4e604e156fb3e125ad907fc/element - {"using":"xpath","value":"//span[contains(text(), \"Cost Center\")]"}
COMMAND: GET /session/637de528f4e604e156fb3e125ad907fc/screenshot - {}
RESULT: {"using":"xpath","value":"//span[contains(text(), \"Cost Center\")]"}
COMMAND: POST /session/637de528f4e604e156fb3e125ad907fc/element/f.71948811B2353B7E36D356F88F4B3924.d.0E662E7028BF60B3D77236B8FA8C7CB4.e.13302/click - {}
RESULT: {}
RESULT: {}
COMMAND: GET /session/637de528f4e604e156fb3e125ad907fc/screenshot - {}
RESULT: {}
COMMAND: POST /session/637de528f4e604e156fb3e125ad907fc/element - {"using":"xpath","value":"//span[@id=\"application-manageyards-display-component---NewYard--addressNewCostObjectCstID-vhi\"]"}
RESULT: {"using":"xpath","value":"//span[@id=\"application-manageyards-display-component---NewYard--addressNewCostObjectCstID-vhi\"]"}
COMMAND: POST /session/637de528f4e604e156fb3e125ad907fc/execute/sync - {"script":"<script> [8489 bytes]","args":[{"element-6066-11e4-a52e-4f735466cecf":"f.71948811B2353B7E36D356F88F4B3924.d.0E662E7028BF60B3D77236B8FA8C7CB4.e.13306","ELEMENT":"f.71948811B2353B7E36D356F88F4B3924.d.0E662E7028BF60B3D77236B8FA8C7CB4.e.13306"}]}
RESULT: {"script":"<script> [8489 bytes]","args":[{"element-6066-11e4-a52e-4f735466cecf":"f.71948811B2353B7E36D356F88F4B3924.d.0E662E7028BF60B3D77236B8FA8C7CB4.e.13306","ELEMENT":"f.71948811B2353B7E36D356F88F4B3924.d.0E662E7028BF60B3D77236B8FA8C7CB4.e.13306"}]}
COMMAND: POST /session/637de528f4e604e156fb3e125ad907fc/execute/async - {"script":"<script> [1562 bytes]","args":[{"selector":{"id":"application-manageyards-display-component---NewYard--addressNewCostObjectCstID-vhi"},"wdio_ui5_key":"applicationmanageyards-display-component---NewYard--addressNewCostObjectCstID-vhi"}]}
COMMAND: GET /session/637de528f4e604e156fb3e125ad907fc/screenshot - {}
RESULT: {"script":"<script> [1562 bytes]","args":[{"selector":{"id":"application-manageyards-display-component---NewYard--addressNewCostObjectCstID-vhi"},"wdio_ui5_key":"applicationmanageyards-display-component---NewYard--addressNewCostObjectCstID-vhi"}]}
RESULT: undefined
COMMAND: POST /session/637de528f4e604e156fb3e125ad907fc/element - {"using":"xpath","value":"//*[@id=\"application-manageyards-display-component---NewYard--addressNewCostObjectCstID-vhi\"]"}
RESULT: {}
RESULT: {"using":"xpath","value":"//*[@id=\"application-manageyards-display-component---NewYard--addressNewCostObjectCstID-vhi\"]"}
COMMAND: POST /session/637de528f4e604e156fb3e125ad907fc/element/f.71948811B2353B7E36D356F88F4B3924.d.0E662E7028BF60B3D77236B8FA8C7CB4.e.13306/click - {}
RESULT: {}
COMMAND: GET /session/637de528f4e604e156fb3e125ad907fc/screenshot - {}
RESULT: {}
COMMAND: POST /session/637de528f4e604e156fb3e125ad907fc/execute/async - {"script":"<script> [1562 bytes]","args":[{"selector":{"controlType":"sap.m.SearchField","properties":{"placeholder":"Search"},"searchOpenDialogs":true,"interaction":{"idSuffix":"I"}},"wdio_ui5_key":"sapm.SearchField{\"placeholder\":\"Search\"}"}]}
RESULT: {"script":"<script> [1562 bytes]","args":[{"selector":{"controlType":"sap.m.SearchField","properties":{"placeholder":"Search"},"searchOpenDialogs":true,"interaction":{"idSuffix":"I"}},"wdio_ui5_key":"sapm.SearchField{\"placeholder\":\"Search\"}"}]}
RESULT: undefined
COMMAND: POST /session/637de528f4e604e156fb3e125ad907fc/execute/async - {"script":"<script> [776 bytes]","args":[{"enterText":"bauh_b","selector":{"controlType":"sap.m.SearchField","properties":{"placeholder":"Search"},"searchOpenDialogs":true,"interaction":{"idSuffix":"I"}},"clearTextFirst":true,"interactionType":"ENTER_TEXT"}]}
RESULT: {"script":"<script> [776 bytes]","args":[{"enterText":"bauh_b","selector":{"controlType":"sap.m.SearchField","properties":{"placeholder":"Search"},"searchOpenDialogs":true,"interaction":{"idSuffix":"I"}},"clearTextFirst":true,"interactionType":"ENTER_TEXT"}]}
COMMAND: POST /session/637de528f4e604e156fb3e125ad907fc/actions - {"actions":[{"id":"action37","type":"key","parameters":{},"actions":[{"type":"keyDown","value":""},{"type":"pause","duration":10},{"type":"keyUp","value":""}]}]}
RESULT: {"actions":[{"id":"action37","type":"key","parameters":{},"actions":[{"type":"keyDown","value":""},{"type":"pause","duration":10},{"type":"keyUp","value":""}]}]}
COMMAND: GET /session/637de528f4e604e156fb3e125ad907fc/screenshot - {}
RESULT: {}
COMMAND: POST /session/637de528f4e604e156fb3e125ad907fc/element - {"using":"xpath","value":"//span[contains(text(), \"Demo Yard\")]"}
RESULT: {"using":"xpath","value":"//span[contains(text(), \"Demo Yard\")]"}
COMMAND: POST /session/637de528f4e604e156fb3e125ad907fc/element/f.71948811B2353B7E36D356F88F4B3924.d.0E662E7028BF60B3D77236B8FA8C7CB4.e.13346/click - {}
RESULT: {}
COMMAND: GET /session/637de528f4e604e156fb3e125ad907fc/screenshot - {}
RESULT: {}
COMMAND: POST /session/637de528f4e604e156fb3e125ad907fc/element - {"using":"xpath","value":"//bdi[contains(text(), \"OK\")]"}
RESULT: {"using":"xpath","value":"//bdi[contains(text(), \"OK\")]"}
COMMAND: POST /session/637de528f4e604e156fb3e125ad907fc/element/f.71948811B2353B7E36D356F88F4B3924.d.0E662E7028BF60B3D77236B8FA8C7CB4.e.13347/click - {}
RESULT: {}
COMMAND: GET /session/637de528f4e604e156fb3e125ad907fc/screenshot - {}
RESULT: {}
COMMAND: POST /session/637de528f4e604e156fb3e125ad907fc/execute/async - {"script":"<script> [1562 bytes]","args":[{"selector":{"id":"application-manageyards-display-component---NewYard--addressEditDetailsCurrency-arrow"},"wdio_ui5_key":"applicationmanageyards-display-component---NewYard--addressEditDetailsCurrency-arrow"}]}
RESULT: {"script":"<script> [1562 bytes]","args":[{"selector":{"id":"application-manageyards-display-component---NewYard--addressEditDetailsCurrency-arrow"},"wdio_ui5_key":"applicationmanageyards-display-component---NewYard--addressEditDetailsCurrency-arrow"}]}
RESULT: undefined
COMMAND: POST /session/637de528f4e604e156fb3e125ad907fc/element - {"using":"xpath","value":"//*[@id=\"application-manageyards-display-component---NewYard--addressEditDetailsCurrency-arrow\"]"}
RESULT: {"using":"xpath","value":"//*[@id=\"application-manageyards-display-component---NewYard--addressEditDetailsCurrency-arrow\"]"}
COMMAND: POST /session/637de528f4e604e156fb3e125ad907fc/element/f.71948811B2353B7E36D356F88F4B3924.d.0E662E7028BF60B3D77236B8FA8C7CB4.e.13350/click - {}
RESULT: {}
COMMAND: POST /session/637de528f4e604e156fb3e125ad907fc/element - {"using":"xpath","value":"//span[contains(text(), \"Euro\")]"}
COMMAND: GET /session/637de528f4e604e156fb3e125ad907fc/screenshot - {}
RESULT: {"using":"xpath","value":"//span[contains(text(), \"Euro\")]"}
COMMAND: POST /session/637de528f4e604e156fb3e125ad907fc/element/f.71948811B2353B7E36D356F88F4B3924.d.0E662E7028BF60B3D77236B8FA8C7CB4.e.13351/click - {}
RESULT: {}
RESULT: {}
COMMAND: POST /session/637de528f4e604e156fb3e125ad907fc/execute/async - {"script":"<script> [1562 bytes]","args":[{"selector":{"controlType":"sap.m.Input","viewName":"etm.portal.ui.manageyards.view.New","viewId":"application-manageyards-display-component---NewYard","bindingPath":{"path":"","propertyPath":"/CONTROLLING_AREA","modelName":"NewYardModel"},"interaction":{"idSuffix":"inner"}},"wdio_ui5_key":"etmportal.ui.manageyards.view.Newsap.m.Input{\"path\":\"\",\"propertyPath\":\"/CONTROLLING_AREA\",\"modelName\":\"NewYardModel\"}"}]}
COMMAND: GET /session/637de528f4e604e156fb3e125ad907fc/screenshot - {}
RESULT: {"script":"<script> [1562 bytes]","args":[{"selector":{"controlType":"sap.m.Input","viewName":"etm.portal.ui.manageyards.view.New","viewId":"application-manageyards-display-component---NewYard","bindingPath":{"path":"","propertyPath":"/CONTROLLING_AREA","modelName":"NewYardModel"},"interaction":{"idSuffix":"inner"}},"wdio_ui5_key":"etmportal.ui.manageyards.view.Newsap.m.Input{\"path\":\"\",\"propertyPath\":\"/CONTROLLING_AREA\",\"modelName\":\"NewYardModel\"}"}]}
RESULT: undefined
COMMAND: POST /session/637de528f4e604e156fb3e125ad907fc/execute/async - {"script":"<script> [776 bytes]","args":[{"enterText":"Z001","selector":{"controlType":"sap.m.Input","viewName":"etm.portal.ui.manageyards.view.New","viewId":"application-manageyards-display-component---NewYard","bindingPath":{"path":"","propertyPath":"/CONTROLLING_AREA","modelName":"NewYardModel"},"interaction":{"idSuffix":"inner"}},"clearTextFirst":true,"interactionType":"ENTER_TEXT"}]}
RESULT: {}
RESULT: {"script":"<script> [776 bytes]","args":[{"enterText":"Z001","selector":{"controlType":"sap.m.Input","viewName":"etm.portal.ui.manageyards.view.New","viewId":"application-manageyards-display-component---NewYard","bindingPath":{"path":"","propertyPath":"/CONTROLLING_AREA","modelName":"NewYardModel"},"interaction":{"idSuffix":"inner"}},"clearTextFirst":true,"interactionType":"ENTER_TEXT"}]}
COMMAND: POST /session/637de528f4e604e156fb3e125ad907fc/execute/async - {"script":"<script> [1562 bytes]","args":[{"selector":{"id":"application-manageyards-display-component---NewYard--companyCodeComboBox","interaction":{"idSuffix":"inner"}},"wdio_ui5_key":"applicationmanageyards-display-component---NewYard--companyCodeComboBox"}]}
RESULT: {"script":"<script> [1562 bytes]","args":[{"selector":{"id":"application-manageyards-display-component---NewYard--companyCodeComboBox","interaction":{"idSuffix":"inner"}},"wdio_ui5_key":"applicationmanageyards-display-component---NewYard--companyCodeComboBox"}]}
RESULT: undefined
COMMAND: POST /session/637de528f4e604e156fb3e125ad907fc/execute/async - {"script":"<script> [776 bytes]","args":[{"enterText":"1000","selector":{"id":"application-manageyards-display-component---NewYard--companyCodeComboBox","interaction":{"idSuffix":"inner"}},"clearTextFirst":true,"interactionType":"ENTER_TEXT"}]}
RESULT: {"script":"<script> [776 bytes]","args":[{"enterText":"1000","selector":{"id":"application-manageyards-display-component---NewYard--companyCodeComboBox","interaction":{"idSuffix":"inner"}},"clearTextFirst":true,"interactionType":"ENTER_TEXT"}]}
COMMAND: POST /session/637de528f4e604e156fb3e125ad907fc/execute/async - {"script":"<script> [1562 bytes]","args":[{"selector":{"controlType":"sap.m.Input","viewName":"etm.portal.ui.manageyards.view.New","viewId":"application-manageyards-display-component---NewYard","bindingPath":{"path":"","propertyPath":"/PLANT","modelName":"NewYardModel"},"interaction":{"idSuffix":"inner"}},"wdio_ui5_key":"etmportal.ui.manageyards.view.Newsap.m.Input{\"path\":\"\",\"propertyPath\":\"/PLANT\",\"modelName\":\"NewYardModel\"}"}]}
RESULT: {"script":"<script> [1562 bytes]","args":[{"selector":{"controlType":"sap.m.Input","viewName":"etm.portal.ui.manageyards.view.New","viewId":"application-manageyards-display-component---NewYard","bindingPath":{"path":"","propertyPath":"/PLANT","modelName":"NewYardModel"},"interaction":{"idSuffix":"inner"}},"wdio_ui5_key":"etmportal.ui.manageyards.view.Newsap.m.Input{\"path\":\"\",\"propertyPath\":\"/PLANT\",\"modelName\":\"NewYardModel\"}"}]}
RESULT: undefined
COMMAND: POST /session/637de528f4e604e156fb3e125ad907fc/execute/async - {"script":"<script> [776 bytes]","args":[{"enterText":"1001","selector":{"controlType":"sap.m.Input","viewName":"etm.portal.ui.manageyards.view.New","viewId":"application-manageyards-display-component---NewYard","bindingPath":{"path":"","propertyPath":"/PLANT","modelName":"NewYardModel"},"interaction":{"idSuffix":"inner"}},"clearTextFirst":true,"interactionType":"ENTER_TEXT"}]}
RESULT: {"script":"<script> [776 bytes]","args":[{"enterText":"1001","selector":{"controlType":"sap.m.Input","viewName":"etm.portal.ui.manageyards.view.New","viewId":"application-manageyards-display-component---NewYard","bindingPath":{"path":"","propertyPath":"/PLANT","modelName":"NewYardModel"},"interaction":{"idSuffix":"inner"}},"clearTextFirst":true,"interactionType":"ENTER_TEXT"}]}
COMMAND: POST /session/637de528f4e604e156fb3e125ad907fc/execute/async - {"script":"<script> [1562 bytes]","args":[{"selector":{"controlType":"sap.m.Input","viewName":"etm.portal.ui.manageyards.view.New","viewId":"application-manageyards-display-component---NewYard","bindingPath":{"path":"","propertyPath":"/SALES_AREA_VKORG","modelName":"NewYardModel"},"interaction":{"idSuffix":"inner"}},"wdio_ui5_key":"etmportal.ui.manageyards.view.Newsap.m.Input{\"path\":\"\",\"propertyPath\":\"/SALES_AREA_VKORG\",\"modelName\":\"NewYardModel\"}"}]}
RESULT: {"script":"<script> [1562 bytes]","args":[{"selector":{"controlType":"sap.m.Input","viewName":"etm.portal.ui.manageyards.view.New","viewId":"application-manageyards-display-component---NewYard","bindingPath":{"path":"","propertyPath":"/SALES_AREA_VKORG","modelName":"NewYardModel"},"interaction":{"idSuffix":"inner"}},"wdio_ui5_key":"etmportal.ui.manageyards.view.Newsap.m.Input{\"path\":\"\",\"propertyPath\":\"/SALES_AREA_VKORG\",\"modelName\":\"NewYardModel\"}"}]}
RESULT: undefined
COMMAND: POST /session/637de528f4e604e156fb3e125ad907fc/execute/async - {"script":"<script> [776 bytes]","args":[{"enterText":"C002","selector":{"controlType":"sap.m.Input","viewName":"etm.portal.ui.manageyards.view.New","viewId":"application-manageyards-display-component---NewYard","bindingPath":{"path":"","propertyPath":"/SALES_AREA_VKORG","modelName":"NewYardModel"},"interaction":{"idSuffix":"inner"}},"clearTextFirst":true,"interactionType":"ENTER_TEXT"}]}
RESULT: {"script":"<script> [776 bytes]","args":[{"enterText":"C002","selector":{"controlType":"sap.m.Input","viewName":"etm.portal.ui.manageyards.view.New","viewId":"application-manageyards-display-component---NewYard","bindingPath":{"path":"","propertyPath":"/SALES_AREA_VKORG","modelName":"NewYardModel"},"interaction":{"idSuffix":"inner"}},"clearTextFirst":true,"interactionType":"ENTER_TEXT"}]}
COMMAND: POST /session/637de528f4e604e156fb3e125ad907fc/execute/async - {"script":"<script> [1562 bytes]","args":[{"selector":{"controlType":"sap.m.Input","viewName":"etm.portal.ui.manageyards.view.New","viewId":"application-manageyards-display-component---NewYard","bindingPath":{"path":"","propertyPath":"/SALES_AREA_VTWEG","modelName":"NewYardModel"},"interaction":{"idSuffix":"inner"}},"wdio_ui5_key":"etmportal.ui.manageyards.view.Newsap.m.Input{\"path\":\"\",\"propertyPath\":\"/SALES_AREA_VTWEG\",\"modelName\":\"NewYardModel\"}"}]}
RESULT: {"script":"<script> [1562 bytes]","args":[{"selector":{"controlType":"sap.m.Input","viewName":"etm.portal.ui.manageyards.view.New","viewId":"application-manageyards-display-component---NewYard","bindingPath":{"path":"","propertyPath":"/SALES_AREA_VTWEG","modelName":"NewYardModel"},"interaction":{"idSuffix":"inner"}},"wdio_ui5_key":"etmportal.ui.manageyards.view.Newsap.m.Input{\"path\":\"\",\"propertyPath\":\"/SALES_AREA_VTWEG\",\"modelName\":\"NewYardModel\"}"}]}
RESULT: undefined
COMMAND: POST /session/637de528f4e604e156fb3e125ad907fc/execute/async - {"script":"<script> [776 bytes]","args":[{"enterText":"C2","selector":{"controlType":"sap.m.Input","viewName":"etm.portal.ui.manageyards.view.New","viewId":"application-manageyards-display-component---NewYard","bindingPath":{"path":"","propertyPath":"/SALES_AREA_VTWEG","modelName":"NewYardModel"},"interaction":{"idSuffix":"inner"}},"clearTextFirst":true,"interactionType":"ENTER_TEXT"}]}
RESULT: {"script":"<script> [776 bytes]","args":[{"enterText":"C2","selector":{"controlType":"sap.m.Input","viewName":"etm.portal.ui.manageyards.view.New","viewId":"application-manageyards-display-component---NewYard","bindingPath":{"path":"","propertyPath":"/SALES_AREA_VTWEG","modelName":"NewYardModel"},"interaction":{"idSuffix":"inner"}},"clearTextFirst":true,"interactionType":"ENTER_TEXT"}]}
COMMAND: POST /session/637de528f4e604e156fb3e125ad907fc/execute/async - {"script":"<script> [1562 bytes]","args":[{"selector":{"controlType":"sap.m.Input","viewName":"etm.portal.ui.manageyards.view.New","viewId":"application-manageyards-display-component---NewYard","bindingPath":{"path":"","propertyPath":"/SALES_AREA_SPART","modelName":"NewYardModel"},"interaction":{"idSuffix":"inner"}},"wdio_ui5_key":"etmportal.ui.manageyards.view.Newsap.m.Input{\"path\":\"\",\"propertyPath\":\"/SALES_AREA_SPART\",\"modelName\":\"NewYardModel\"}"}]}
RESULT: {"script":"<script> [1562 bytes]","args":[{"selector":{"controlType":"sap.m.Input","viewName":"etm.portal.ui.manageyards.view.New","viewId":"application-manageyards-display-component---NewYard","bindingPath":{"path":"","propertyPath":"/SALES_AREA_SPART","modelName":"NewYardModel"},"interaction":{"idSuffix":"inner"}},"wdio_ui5_key":"etmportal.ui.manageyards.view.Newsap.m.Input{\"path\":\"\",\"propertyPath\":\"/SALES_AREA_SPART\",\"modelName\":\"NewYardModel\"}"}]}
RESULT: undefined
COMMAND: POST /session/637de528f4e604e156fb3e125ad907fc/execute/async - {"script":"<script> [776 bytes]","args":[{"enterText":"C2","selector":{"controlType":"sap.m.Input","viewName":"etm.portal.ui.manageyards.view.New","viewId":"application-manageyards-display-component---NewYard","bindingPath":{"path":"","propertyPath":"/SALES_AREA_SPART","modelName":"NewYardModel"},"interaction":{"idSuffix":"inner"}},"clearTextFirst":true,"interactionType":"ENTER_TEXT"}]}
RESULT: {"script":"<script> [776 bytes]","args":[{"enterText":"C2","selector":{"controlType":"sap.m.Input","viewName":"etm.portal.ui.manageyards.view.New","viewId":"application-manageyards-display-component---NewYard","bindingPath":{"path":"","propertyPath":"/SALES_AREA_SPART","modelName":"NewYardModel"},"interaction":{"idSuffix":"inner"}},"clearTextFirst":true,"interactionType":"ENTER_TEXT"}]}
COMMAND: POST /session/637de528f4e604e156fb3e125ad907fc/execute/async - {"script":"<script> [1562 bytes]","args":[{"selector":{"controlType":"sap.m.Input","viewName":"etm.portal.ui.manageyards.view.New","viewId":"application-manageyards-display-component---NewYard","bindingPath":{"path":"","propertyPath":"/SHIP_POINT","modelName":"NewYardModel"},"interaction":{"idSuffix":"inner"}},"wdio_ui5_key":"etmportal.ui.manageyards.view.Newsap.m.Input{\"path\":\"\",\"propertyPath\":\"/SHIP_POINT\",\"modelName\":\"NewYardModel\"}"}]}
RESULT: {"script":"<script> [1562 bytes]","args":[{"selector":{"controlType":"sap.m.Input","viewName":"etm.portal.ui.manageyards.view.New","viewId":"application-manageyards-display-component---NewYard","bindingPath":{"path":"","propertyPath":"/SHIP_POINT","modelName":"NewYardModel"},"interaction":{"idSuffix":"inner"}},"wdio_ui5_key":"etmportal.ui.manageyards.view.Newsap.m.Input{\"path\":\"\",\"propertyPath\":\"/SHIP_POINT\",\"modelName\":\"NewYardModel\"}"}]}
RESULT: undefined
COMMAND: POST /session/637de528f4e604e156fb3e125ad907fc/execute/async - {"script":"<script> [776 bytes]","args":[{"enterText":"1710","selector":{"controlType":"sap.m.Input","viewName":"etm.portal.ui.manageyards.view.New","viewId":"application-manageyards-display-component---NewYard","bindingPath":{"path":"","propertyPath":"/SHIP_POINT","modelName":"NewYardModel"},"interaction":{"idSuffix":"inner"}},"clearTextFirst":true,"interactionType":"ENTER_TEXT"}]}
RESULT: {"script":"<script> [776 bytes]","args":[{"enterText":"1710","selector":{"controlType":"sap.m.Input","viewName":"etm.portal.ui.manageyards.view.New","viewId":"application-manageyards-display-component---NewYard","bindingPath":{"path":"","propertyPath":"/SHIP_POINT","modelName":"NewYardModel"},"interaction":{"idSuffix":"inner"}},"clearTextFirst":true,"interactionType":"ENTER_TEXT"}]}
COMMAND: POST /session/637de528f4e604e156fb3e125ad907fc/execute/async - {"script":"<script> [1562 bytes]","args":[{"selector":{"controlType":"sap.m.Input","viewName":"etm.portal.ui.manageyards.view.New","viewId":"application-manageyards-display-component---NewYard","bindingPath":{"path":"","propertyPath":"/DELIVERY_TYPE","modelName":"NewYardModel"},"interaction":{"idSuffix":"inner"}},"wdio_ui5_key":"etmportal.ui.manageyards.view.Newsap.m.Input{\"path\":\"\",\"propertyPath\":\"/DELIVERY_TYPE\",\"modelName\":\"NewYardModel\"}"}]}
RESULT: {"script":"<script> [1562 bytes]","args":[{"selector":{"controlType":"sap.m.Input","viewName":"etm.portal.ui.manageyards.view.New","viewId":"application-manageyards-display-component---NewYard","bindingPath":{"path":"","propertyPath":"/DELIVERY_TYPE","modelName":"NewYardModel"},"interaction":{"idSuffix":"inner"}},"wdio_ui5_key":"etmportal.ui.manageyards.view.Newsap.m.Input{\"path\":\"\",\"propertyPath\":\"/DELIVERY_TYPE\",\"modelName\":\"NewYardModel\"}"}]}
RESULT: undefined
COMMAND: POST /session/637de528f4e604e156fb3e125ad907fc/execute/async - {"script":"<script> [776 bytes]","args":[{"enterText":"ZL01","selector":{"controlType":"sap.m.Input","viewName":"etm.portal.ui.manageyards.view.New","viewId":"application-manageyards-display-component---NewYard","bindingPath":{"path":"","propertyPath":"/DELIVERY_TYPE","modelName":"NewYardModel"},"interaction":{"idSuffix":"inner"}},"clearTextFirst":true,"interactionType":"ENTER_TEXT"}]}
RESULT: {"script":"<script> [776 bytes]","args":[{"enterText":"ZL01","selector":{"controlType":"sap.m.Input","viewName":"etm.portal.ui.manageyards.view.New","viewId":"application-manageyards-display-component---NewYard","bindingPath":{"path":"","propertyPath":"/DELIVERY_TYPE","modelName":"NewYardModel"},"interaction":{"idSuffix":"inner"}},"clearTextFirst":true,"interactionType":"ENTER_TEXT"}]}
COMMAND: POST /session/637de528f4e604e156fb3e125ad907fc/execute/async - {"script":"<script> [1562 bytes]","args":[{"selector":{"controlType":"sap.m.Input","viewName":"etm.portal.ui.manageyards.view.New","viewId":"application-manageyards-display-component---NewYard","bindingPath":{"path":"","propertyPath":"/AUART","modelName":"NewYardModel"},"interaction":{"idSuffix":"inner"}},"wdio_ui5_key":"etmportal.ui.manageyards.view.Newsap.m.Input{\"path\":\"\",\"propertyPath\":\"/AUART\",\"modelName\":\"NewYardModel\"}"}]}
RESULT: {"script":"<script> [1562 bytes]","args":[{"selector":{"controlType":"sap.m.Input","viewName":"etm.portal.ui.manageyards.view.New","viewId":"application-manageyards-display-component---NewYard","bindingPath":{"path":"","propertyPath":"/AUART","modelName":"NewYardModel"},"interaction":{"idSuffix":"inner"}},"wdio_ui5_key":"etmportal.ui.manageyards.view.Newsap.m.Input{\"path\":\"\",\"propertyPath\":\"/AUART\",\"modelName\":\"NewYardModel\"}"}]}
RESULT: undefined
COMMAND: POST /session/637de528f4e604e156fb3e125ad907fc/execute/async - {"script":"<script> [776 bytes]","args":[{"enterText":"TA","selector":{"controlType":"sap.m.Input","viewName":"etm.portal.ui.manageyards.view.New","viewId":"application-manageyards-display-component---NewYard","bindingPath":{"path":"","propertyPath":"/AUART","modelName":"NewYardModel"},"interaction":{"idSuffix":"inner"}},"clearTextFirst":true,"interactionType":"ENTER_TEXT"}]}
RESULT: {"script":"<script> [776 bytes]","args":[{"enterText":"TA","selector":{"controlType":"sap.m.Input","viewName":"etm.portal.ui.manageyards.view.New","viewId":"application-manageyards-display-component---NewYard","bindingPath":{"path":"","propertyPath":"/AUART","modelName":"NewYardModel"},"interaction":{"idSuffix":"inner"}},"clearTextFirst":true,"interactionType":"ENTER_TEXT"}]}
COMMAND: POST /session/637de528f4e604e156fb3e125ad907fc/element - {"using":"xpath","value":"//button[@data-kt=\"newYardSaveButton\"]"}
RESULT: {"using":"xpath","value":"//button[@data-kt=\"newYardSaveButton\"]"}
COMMAND: POST /session/637de528f4e604e156fb3e125ad907fc/element/f.71948811B2353B7E36D356F88F4B3924.d.0E662E7028BF60B3D77236B8FA8C7CB4.e.13280/click - {}
RESULT: {}
COMMAND: GET /session/637de528f4e604e156fb3e125ad907fc/screenshot - {}
RESULT: {}
COMMAND: POST /session/637de528f4e604e156fb3e125ad907fc/element - {"using":"xpath","value":"//header[contains(@id, 'ObjectPageLayout-headerTitle')]/div[1]/div[2]/div[1]/span[1]"}
RESULT: {"using":"xpath","value":"//header[contains(@id, 'ObjectPageLayout-headerTitle')]/div[1]/div[2]/div[1]/span[1]"}
COMMAND: POST /session/637de528f4e604e156fb3e125ad907fc/elements - {"using":"xpath","value":"//header[contains(@id, 'ObjectPageLayout-headerTitle')]/div[1]/div[2]/div[1]/span[1]"}
RESULT: {"using":"xpath","value":"//header[contains(@id, 'ObjectPageLayout-headerTitle')]/div[1]/div[2]/div[1]/span[1]"}
COMMAND: POST /session/637de528f4e604e156fb3e125ad907fc/execute/sync - {"script":"<script> [56 bytes]","args":[{"element-6066-11e4-a52e-4f735466cecf":"f.71948811B2353B7E36D356F88F4B3924.d.0E662E7028BF60B3D77236B8FA8C7CB4.e.13570","ELEMENT":"f.71948811B2353B7E36D356F88F4B3924.d.0E662E7028BF60B3D77236B8FA8C7CB4.e.13570"}]}
RESULT: {"script":"<script> [56 bytes]","args":[{"element-6066-11e4-a52e-4f735466cecf":"f.71948811B2353B7E36D356F88F4B3924.d.0E662E7028BF60B3D77236B8FA8C7CB4.e.13570","ELEMENT":"f.71948811B2353B7E36D356F88F4B3924.d.0E662E7028BF60B3D77236B8FA8C7CB4.e.13570"}]}
COMMAND: GET /session/637de528f4e604e156fb3e125ad907fc/screenshot - {}
RESULT: {}
COMMAND: POST /session/637de528f4e604e156fb3e125ad907fc/element - {"using":"css selector","value":"#shell-header-logo"}
RESULT: {"using":"css selector","value":"#shell-header-logo"}
COMMAND: POST /session/637de528f4e604e156fb3e125ad907fc/element/f.71948811B2353B7E36D356F88F4B3924.d.0E662E7028BF60B3D77236B8FA8C7CB4.e.12832/click - {}
RESULT: {}
COMMAND: GET /session/637de528f4e604e156fb3e125ad907fc/screenshot - {}
RESULT: {}
COMMAND: POST /session/637de528f4e604e156fb3e125ad907fc/execute/sync - {"script":"<script> [299 bytes]","args":[["getModel","getResource"]]}
RESULT: {"script":"<script> [299 bytes]","args":[["getModel","getResource"]]}
]]></system-out>
    </testcase>
    <testcase classname="chrome.136_0_7103_93.windows.Create_partner_US118246" name="Should create new external partner" time="113.251">
      <system-out><![CDATA[
COMMAND: GET /session/637de528f4e604e156fb3e125ad907fc/screenshot - {}
COMMAND: POST /session/637de528f4e604e156fb3e125ad907fc/window/fullscreen - {}
RESULT: {}
RESULT: {}
COMMAND: POST /session/637de528f4e604e156fb3e125ad907fc/execute/async - {"script":"<script> [1562 bytes]","args":[{"selector":{"controlType":"sap.m.GenericTile","properties":{"header":"Manage Partners"}},"wdio_ui5_key":"sapm.GenericTile{\"header\":\"Manage Partners\"}"}]}
RESULT: {"script":"<script> [1562 bytes]","args":[{"selector":{"controlType":"sap.m.GenericTile","properties":{"header":"Manage Partners"}},"wdio_ui5_key":"sapm.GenericTile{\"header\":\"Manage Partners\"}"}]}
RESULT: undefined
COMMAND: POST /session/637de528f4e604e156fb3e125ad907fc/element - {"using":"xpath","value":"//*[@id=\"__tile38\"]"}
RESULT: {"using":"xpath","value":"//*[@id=\"__tile38\"]"}
COMMAND: POST /session/637de528f4e604e156fb3e125ad907fc/element/f.71948811B2353B7E36D356F88F4B3924.d.0E662E7028BF60B3D77236B8FA8C7CB4.e.12721/click - {}
RESULT: {}
COMMAND: GET /session/637de528f4e604e156fb3e125ad907fc/screenshot - {}
RESULT: {}
COMMAND: POST /session/637de528f4e604e156fb3e125ad907fc/elements - {"using":"xpath","value":"//span[text()='Error']"}
RESULT: {"using":"xpath","value":"//span[text()='Error']"}
COMMAND: POST /session/637de528f4e604e156fb3e125ad907fc/element - {"using":"xpath","value":"//button[@data-kt=\"addButton\"]"}
RESULT: {"using":"xpath","value":"//button[@data-kt=\"addButton\"]"}
COMMAND: POST /session/637de528f4e604e156fb3e125ad907fc/elements - {"using":"xpath","value":"//button[@data-kt=\"addButton\"]"}
RESULT: {"using":"xpath","value":"//button[@data-kt=\"addButton\"]"}
COMMAND: POST /session/637de528f4e604e156fb3e125ad907fc/elements - {"using":"xpath","value":"//button[@data-kt=\"addButton\"]"}
RESULT: {"using":"xpath","value":"//button[@data-kt=\"addButton\"]"}
COMMAND: POST /session/637de528f4e604e156fb3e125ad907fc/elements - {"using":"xpath","value":"//button[@data-kt=\"addButton\"]"}
RESULT: {"using":"xpath","value":"//button[@data-kt=\"addButton\"]"}
COMMAND: POST /session/637de528f4e604e156fb3e125ad907fc/elements - {"using":"xpath","value":"//button[@data-kt=\"addButton\"]"}
RESULT: {"using":"xpath","value":"//button[@data-kt=\"addButton\"]"}
COMMAND: POST /session/637de528f4e604e156fb3e125ad907fc/element - {"using":"xpath","value":"//button[@data-kt=\"addButton\"]"}
RESULT: {"using":"xpath","value":"//button[@data-kt=\"addButton\"]"}
COMMAND: POST /session/637de528f4e604e156fb3e125ad907fc/execute/sync - {"script":"<script> [8489 bytes]","args":[{"element-6066-11e4-a52e-4f735466cecf":"f.71948811B2353B7E36D356F88F4B3924.d.0E662E7028BF60B3D77236B8FA8C7CB4.e.13607","ELEMENT":"f.71948811B2353B7E36D356F88F4B3924.d.0E662E7028BF60B3D77236B8FA8C7CB4.e.13607"}]}
RESULT: {"script":"<script> [8489 bytes]","args":[{"element-6066-11e4-a52e-4f735466cecf":"f.71948811B2353B7E36D356F88F4B3924.d.0E662E7028BF60B3D77236B8FA8C7CB4.e.13607","ELEMENT":"f.71948811B2353B7E36D356F88F4B3924.d.0E662E7028BF60B3D77236B8FA8C7CB4.e.13607"}]}
COMMAND: GET /session/637de528f4e604e156fb3e125ad907fc/element/f.71948811B2353B7E36D356F88F4B3924.d.0E662E7028BF60B3D77236B8FA8C7CB4.e.13607/enabled - {}
COMMAND: GET /session/637de528f4e604e156fb3e125ad907fc/screenshot - {}
RESULT: {}
COMMAND: POST /session/637de528f4e604e156fb3e125ad907fc/execute/sync - {"script":"<script> [8489 bytes]","args":[{"element-6066-11e4-a52e-4f735466cecf":"f.71948811B2353B7E36D356F88F4B3924.d.0E662E7028BF60B3D77236B8FA8C7CB4.e.13607","ELEMENT":"f.71948811B2353B7E36D356F88F4B3924.d.0E662E7028BF60B3D77236B8FA8C7CB4.e.13607"}]}
COMMAND: GET /session/637de528f4e604e156fb3e125ad907fc/screenshot - {}
RESULT: {}
RESULT: {"script":"<script> [8489 bytes]","args":[{"element-6066-11e4-a52e-4f735466cecf":"f.71948811B2353B7E36D356F88F4B3924.d.0E662E7028BF60B3D77236B8FA8C7CB4.e.13607","ELEMENT":"f.71948811B2353B7E36D356F88F4B3924.d.0E662E7028BF60B3D77236B8FA8C7CB4.e.13607"}]}
COMMAND: POST /session/637de528f4e604e156fb3e125ad907fc/execute/sync - {"script":"<script> [5351 bytes]","args":[{"element-6066-11e4-a52e-4f735466cecf":"f.71948811B2353B7E36D356F88F4B3924.d.0E662E7028BF60B3D77236B8FA8C7CB4.e.13607","ELEMENT":"f.71948811B2353B7E36D356F88F4B3924.d.0E662E7028BF60B3D77236B8FA8C7CB4.e.13607"}]}
COMMAND: GET /session/637de528f4e604e156fb3e125ad907fc/screenshot - {}
RESULT: {}
RESULT: {"script":"<script> [5351 bytes]","args":[{"element-6066-11e4-a52e-4f735466cecf":"f.71948811B2353B7E36D356F88F4B3924.d.0E662E7028BF60B3D77236B8FA8C7CB4.e.13607","ELEMENT":"f.71948811B2353B7E36D356F88F4B3924.d.0E662E7028BF60B3D77236B8FA8C7CB4.e.13607"}]}
COMMAND: POST /session/637de528f4e604e156fb3e125ad907fc/element/f.71948811B2353B7E36D356F88F4B3924.d.0E662E7028BF60B3D77236B8FA8C7CB4.e.13607/click - {}
COMMAND: GET /session/637de528f4e604e156fb3e125ad907fc/screenshot - {}
RESULT: {}
RESULT: {}
COMMAND: GET /session/637de528f4e604e156fb3e125ad907fc/screenshot - {}
COMMAND: POST /session/637de528f4e604e156fb3e125ad907fc/execute/async - {"script":"<script> [1562 bytes]","args":[{"selector":{"id":"application-managepartners-display-component---NewPartner--addressDetailDetailsName1","interaction":{"idSuffix":"inner"}},"wdio_ui5_key":"applicationmanagepartners-display-component---NewPartner--addressDetailDetailsName1"}]}
RESULT: {}
RESULT: {}
RESULT: {"script":"<script> [1562 bytes]","args":[{"selector":{"id":"application-managepartners-display-component---NewPartner--addressDetailDetailsName1","interaction":{"idSuffix":"inner"}},"wdio_ui5_key":"applicationmanagepartners-display-component---NewPartner--addressDetailDetailsName1"}]}
RESULT: undefined
COMMAND: POST /session/637de528f4e604e156fb3e125ad907fc/execute/async - {"script":"<script> [776 bytes]","args":[{"enterText":"External Partner WDIO","selector":{"id":"application-managepartners-display-component---NewPartner--addressDetailDetailsName1","interaction":{"idSuffix":"inner"}},"clearTextFirst":true,"interactionType":"ENTER_TEXT"}]}
RESULT: {"script":"<script> [776 bytes]","args":[{"enterText":"External Partner WDIO","selector":{"id":"application-managepartners-display-component---NewPartner--addressDetailDetailsName1","interaction":{"idSuffix":"inner"}},"clearTextFirst":true,"interactionType":"ENTER_TEXT"}]}
COMMAND: POST /session/637de528f4e604e156fb3e125ad907fc/execute/async - {"script":"<script> [1562 bytes]","args":[{"selector":{"id":"application-managepartners-display-component---NewPartner--addressDetailDetailsLanguage-arrow"},"wdio_ui5_key":"applicationmanagepartners-display-component---NewPartner--addressDetailDetailsLanguage-arrow"}]}
RESULT: {"script":"<script> [1562 bytes]","args":[{"selector":{"id":"application-managepartners-display-component---NewPartner--addressDetailDetailsLanguage-arrow"},"wdio_ui5_key":"applicationmanagepartners-display-component---NewPartner--addressDetailDetailsLanguage-arrow"}]}
RESULT: undefined
COMMAND: POST /session/637de528f4e604e156fb3e125ad907fc/element - {"using":"xpath","value":"//*[@id=\"application-managepartners-display-component---NewPartner--addressDetailDetailsLanguage-arrow\"]"}
RESULT: {"using":"xpath","value":"//*[@id=\"application-managepartners-display-component---NewPartner--addressDetailDetailsLanguage-arrow\"]"}
COMMAND: POST /session/637de528f4e604e156fb3e125ad907fc/element/f.71948811B2353B7E36D356F88F4B3924.d.0E662E7028BF60B3D77236B8FA8C7CB4.e.14059/click - {}
RESULT: {}
COMMAND: POST /session/637de528f4e604e156fb3e125ad907fc/element - {"using":"xpath","value":"//span[contains(text(), \"English\")]"}
COMMAND: GET /session/637de528f4e604e156fb3e125ad907fc/screenshot - {}
RESULT: {"using":"xpath","value":"//span[contains(text(), \"English\")]"}
COMMAND: POST /session/637de528f4e604e156fb3e125ad907fc/element/f.71948811B2353B7E36D356F88F4B3924.d.0E662E7028BF60B3D77236B8FA8C7CB4.e.14060/click - {}
RESULT: {}
RESULT: {}
COMMAND: GET /session/637de528f4e604e156fb3e125ad907fc/screenshot - {}
RESULT: {}
COMMAND: POST /session/637de528f4e604e156fb3e125ad907fc/execute/async - {"script":"<script> [1562 bytes]","args":[{"selector":{"id":"application-managepartners-display-component---NewPartner--addressDetailDetailsCity1","interaction":{"idSuffix":"inner"}},"wdio_ui5_key":"applicationmanagepartners-display-component---NewPartner--addressDetailDetailsCity1"}]}
RESULT: {"script":"<script> [1562 bytes]","args":[{"selector":{"id":"application-managepartners-display-component---NewPartner--addressDetailDetailsCity1","interaction":{"idSuffix":"inner"}},"wdio_ui5_key":"applicationmanagepartners-display-component---NewPartner--addressDetailDetailsCity1"}]}
RESULT: undefined
COMMAND: POST /session/637de528f4e604e156fb3e125ad907fc/execute/async - {"script":"<script> [776 bytes]","args":[{"enterText":"Rosario","selector":{"id":"application-managepartners-display-component---NewPartner--addressDetailDetailsCity1","interaction":{"idSuffix":"inner"}},"clearTextFirst":true,"interactionType":"ENTER_TEXT"}]}
RESULT: {"script":"<script> [776 bytes]","args":[{"enterText":"Rosario","selector":{"id":"application-managepartners-display-component---NewPartner--addressDetailDetailsCity1","interaction":{"idSuffix":"inner"}},"clearTextFirst":true,"interactionType":"ENTER_TEXT"}]}
COMMAND: POST /session/637de528f4e604e156fb3e125ad907fc/execute/async - {"script":"<script> [1562 bytes]","args":[{"selector":{"id":"application-managepartners-display-component---NewPartner--addressDetailDetailsCountry-arrow"},"wdio_ui5_key":"applicationmanagepartners-display-component---NewPartner--addressDetailDetailsCountry-arrow"}]}
RESULT: {"script":"<script> [1562 bytes]","args":[{"selector":{"id":"application-managepartners-display-component---NewPartner--addressDetailDetailsCountry-arrow"},"wdio_ui5_key":"applicationmanagepartners-display-component---NewPartner--addressDetailDetailsCountry-arrow"}]}
RESULT: undefined
COMMAND: POST /session/637de528f4e604e156fb3e125ad907fc/element - {"using":"xpath","value":"//*[@id=\"application-managepartners-display-component---NewPartner--addressDetailDetailsCountry-arrow\"]"}
RESULT: {"using":"xpath","value":"//*[@id=\"application-managepartners-display-component---NewPartner--addressDetailDetailsCountry-arrow\"]"}
COMMAND: POST /session/637de528f4e604e156fb3e125ad907fc/element/f.71948811B2353B7E36D356F88F4B3924.d.0E662E7028BF60B3D77236B8FA8C7CB4.e.14040/click - {}
RESULT: {}
COMMAND: POST /session/637de528f4e604e156fb3e125ad907fc/element - {"using":"xpath","value":"//span[contains(text(), \"Argentina\")]"}
COMMAND: GET /session/637de528f4e604e156fb3e125ad907fc/screenshot - {}
RESULT: {"using":"xpath","value":"//span[contains(text(), \"Argentina\")]"}
COMMAND: POST /session/637de528f4e604e156fb3e125ad907fc/element/f.71948811B2353B7E36D356F88F4B3924.d.0E662E7028BF60B3D77236B8FA8C7CB4.e.14062/click - {}
RESULT: {}
RESULT: {}
COMMAND: GET /session/637de528f4e604e156fb3e125ad907fc/screenshot - {}
RESULT: {}
COMMAND: POST /session/637de528f4e604e156fb3e125ad907fc/element - {"using":"xpath","value":"//bdi[contains(text(), \"Commercial\")]"}
RESULT: {"using":"xpath","value":"//bdi[contains(text(), \"Commercial\")]"}
COMMAND: POST /session/637de528f4e604e156fb3e125ad907fc/element/f.71948811B2353B7E36D356F88F4B3924.d.0E662E7028BF60B3D77236B8FA8C7CB4.e.14063/click - {}
RESULT: {}
COMMAND: GET /session/637de528f4e604e156fb3e125ad907fc/screenshot - {}
RESULT: {}
COMMAND: POST /session/637de528f4e604e156fb3e125ad907fc/execute/async - {"script":"<script> [1562 bytes]","args":[{"selector":{"id":"application-managepartners-display-component---NewPartner--partnerDetailInternal-arrow"},"wdio_ui5_key":"applicationmanagepartners-display-component---NewPartner--partnerDetailInternal-arrow"}]}
RESULT: {"script":"<script> [1562 bytes]","args":[{"selector":{"id":"application-managepartners-display-component---NewPartner--partnerDetailInternal-arrow"},"wdio_ui5_key":"applicationmanagepartners-display-component---NewPartner--partnerDetailInternal-arrow"}]}
RESULT: undefined
COMMAND: POST /session/637de528f4e604e156fb3e125ad907fc/element - {"using":"xpath","value":"//*[@id=\"application-managepartners-display-component---NewPartner--partnerDetailInternal-arrow\"]"}
RESULT: {"using":"xpath","value":"//*[@id=\"application-managepartners-display-component---NewPartner--partnerDetailInternal-arrow\"]"}
COMMAND: POST /session/637de528f4e604e156fb3e125ad907fc/element/f.71948811B2353B7E36D356F88F4B3924.d.0E662E7028BF60B3D77236B8FA8C7CB4.e.14071/click - {}
RESULT: {}
COMMAND: POST /session/637de528f4e604e156fb3e125ad907fc/element - {"using":"xpath","value":"//span[contains(text(), \"External partner\")]"}
COMMAND: GET /session/637de528f4e604e156fb3e125ad907fc/screenshot - {}
RESULT: {"using":"xpath","value":"//span[contains(text(), \"External partner\")]"}
COMMAND: POST /session/637de528f4e604e156fb3e125ad907fc/element/f.71948811B2353B7E36D356F88F4B3924.d.0E662E7028BF60B3D77236B8FA8C7CB4.e.14072/click - {}
RESULT: {}
RESULT: {}
COMMAND: POST /session/637de528f4e604e156fb3e125ad907fc/execute/async - {"script":"<script> [1562 bytes]","args":[{"selector":{"id":"application-managepartners-display-component---NewPartner--partnerDetailsCurrency-arrow"},"wdio_ui5_key":"applicationmanagepartners-display-component---NewPartner--partnerDetailsCurrency-arrow"}]}
COMMAND: GET /session/637de528f4e604e156fb3e125ad907fc/screenshot - {}
RESULT: {"script":"<script> [1562 bytes]","args":[{"selector":{"id":"application-managepartners-display-component---NewPartner--partnerDetailsCurrency-arrow"},"wdio_ui5_key":"applicationmanagepartners-display-component---NewPartner--partnerDetailsCurrency-arrow"}]}
RESULT: undefined
COMMAND: POST /session/637de528f4e604e156fb3e125ad907fc/element - {"using":"xpath","value":"//*[@id=\"application-managepartners-display-component---NewPartner--partnerDetailsCurrency-arrow\"]"}
RESULT: {}
RESULT: {"using":"xpath","value":"//*[@id=\"application-managepartners-display-component---NewPartner--partnerDetailsCurrency-arrow\"]"}
COMMAND: POST /session/637de528f4e604e156fb3e125ad907fc/element/f.71948811B2353B7E36D356F88F4B3924.d.0E662E7028BF60B3D77236B8FA8C7CB4.e.14077/click - {}
RESULT: {}
COMMAND: POST /session/637de528f4e604e156fb3e125ad907fc/element - {"using":"xpath","value":"//span[contains(text(), \"US Dollar\")]"}
COMMAND: GET /session/637de528f4e604e156fb3e125ad907fc/screenshot - {}
RESULT: {"using":"xpath","value":"//span[contains(text(), \"US Dollar\")]"}
COMMAND: POST /session/637de528f4e604e156fb3e125ad907fc/element/f.71948811B2353B7E36D356F88F4B3924.d.0E662E7028BF60B3D77236B8FA8C7CB4.e.14078/click - {}
RESULT: {}
RESULT: {}
COMMAND: GET /session/637de528f4e604e156fb3e125ad907fc/screenshot - {}
RESULT: {}
COMMAND: POST /session/637de528f4e604e156fb3e125ad907fc/element - {"using":"xpath","value":"//input[@id=\"application-managepartners-display-component---NewPartner--companyCodeComboBox-inner\"]"}
RESULT: {"using":"xpath","value":"//input[@id=\"application-managepartners-display-component---NewPartner--companyCodeComboBox-inner\"]"}
COMMAND: POST /session/637de528f4e604e156fb3e125ad907fc/element/f.71948811B2353B7E36D356F88F4B3924.d.0E662E7028BF60B3D77236B8FA8C7CB4.e.13919/clear - {}
RESULT: {}
COMMAND: POST /session/637de528f4e604e156fb3e125ad907fc/element/f.71948811B2353B7E36D356F88F4B3924.d.0E662E7028BF60B3D77236B8FA8C7CB4.e.13919/value - {"text":"C002"}
COMMAND: GET /session/637de528f4e604e156fb3e125ad907fc/screenshot - {}
RESULT: {"text":"C002"}
COMMAND: GET /session/637de528f4e604e156fb3e125ad907fc/screenshot - {}
RESULT: {}
RESULT: {}
COMMAND: POST /session/637de528f4e604e156fb3e125ad907fc/element - {"using":"xpath","value":"//li[.//span[text()= \"C002\"]]"}
RESULT: {"using":"xpath","value":"//li[.//span[text()= \"C002\"]]"}
COMMAND: POST /session/637de528f4e604e156fb3e125ad907fc/element/f.71948811B2353B7E36D356F88F4B3924.d.0E662E7028BF60B3D77236B8FA8C7CB4.e.14082/click - {}
RESULT: {}
COMMAND: GET /session/637de528f4e604e156fb3e125ad907fc/screenshot - {}
RESULT: {}
COMMAND: POST /session/637de528f4e604e156fb3e125ad907fc/execute/async - {"script":"<script> [1562 bytes]","args":[{"selector":{"controlType":"sap.ui.core.Icon","viewName":"etm.portal.ui.managepartners.view.NewPartner","viewId":"application-managepartners-display-component---NewPartner","properties":{"src":{"regex":{"source":"slim\\-arrow\\-down"}}},"ancestor":{"controlType":"sap.m.ComboBox","viewName":"etm.portal.ui.managepartners.view.NewPartner","viewId":"application-managepartners-display-component---NewPartner","bindingPath":{"path":"","propertyPath":"/CATALOG","modelName":"oNewPartnerModel"}}},"wdio_ui5_key":"etmportal.ui.managepartners.view.NewPartnersap.ui.core.Icon{\"src\":{\"regex\":{\"source\":\"slim\\\\-arrow\\\\-down\"}}}{\"controlType\":\"sap.m.ComboBox\",\"viewName\":\"etm.portal.ui.managepartners.view.NewPartner\",\"viewId\":\"application-managepartners-display-component---NewPartner\",\"bindingPath\":{\"path\":\"\",\"propertyPath\":\"/CATALOG\",\"modelName\":\"oNewPartnerModel\"}}"}]}
RESULT: {"script":"<script> [1562 bytes]","args":[{"selector":{"controlType":"sap.ui.core.Icon","viewName":"etm.portal.ui.managepartners.view.NewPartner","viewId":"application-managepartners-display-component---NewPartner","properties":{"src":{"regex":{"source":"slim\\-arrow\\-down"}}},"ancestor":{"controlType":"sap.m.ComboBox","viewName":"etm.portal.ui.managepartners.view.NewPartner","viewId":"application-managepartners-display-component---NewPartner","bindingPath":{"path":"","propertyPath":"/CATALOG","modelName":"oNewPartnerModel"}}},"wdio_ui5_key":"etmportal.ui.managepartners.view.NewPartnersap.ui.core.Icon{\"src\":{\"regex\":{\"source\":\"slim\\\\-arrow\\\\-down\"}}}{\"controlType\":\"sap.m.ComboBox\",\"viewName\":\"etm.portal.ui.managepartners.view.NewPartner\",\"viewId\":\"application-managepartners-display-component---NewPartner\",\"bindingPath\":{\"path\":\"\",\"propertyPath\":\"/CATALOG\",\"modelName\":\"oNewPartnerModel\"}}"}]}
RESULT: undefined
COMMAND: POST /session/637de528f4e604e156fb3e125ad907fc/element - {"using":"xpath","value":"//*[@id=\"__box22-arrow\"]"}
RESULT: {"using":"xpath","value":"//*[@id=\"__box22-arrow\"]"}
COMMAND: POST /session/637de528f4e604e156fb3e125ad907fc/element/f.71948811B2353B7E36D356F88F4B3924.d.0E662E7028BF60B3D77236B8FA8C7CB4.e.14041/click - {}
RESULT: {}
COMMAND: GET /session/637de528f4e604e156fb3e125ad907fc/screenshot - {}
RESULT: {}
COMMAND: POST /session/637de528f4e604e156fb3e125ad907fc/element - {"using":"xpath","value":"//ul[contains(@id,\"popup-list-listUl\")]//li[.//span[text()= \"Webshop Catalog\"]]"}
RESULT: {"using":"xpath","value":"//ul[contains(@id,\"popup-list-listUl\")]//li[.//span[text()= \"Webshop Catalog\"]]"}
COMMAND: POST /session/637de528f4e604e156fb3e125ad907fc/element/f.71948811B2353B7E36D356F88F4B3924.d.0E662E7028BF60B3D77236B8FA8C7CB4.e.14084/click - {}
RESULT: {}
COMMAND: GET /session/637de528f4e604e156fb3e125ad907fc/screenshot - {}
RESULT: {}
COMMAND: POST /session/637de528f4e604e156fb3e125ad907fc/execute/async - {"script":"<script> [1562 bytes]","args":[{"selector":{"id":"application-managepartners-display-component---NewPartner--btnAddTableRow-img"},"wdio_ui5_key":"applicationmanagepartners-display-component---NewPartner--btnAddTableRow-img"}]}
RESULT: {"script":"<script> [1562 bytes]","args":[{"selector":{"id":"application-managepartners-display-component---NewPartner--btnAddTableRow-img"},"wdio_ui5_key":"applicationmanagepartners-display-component---NewPartner--btnAddTableRow-img"}]}
RESULT: undefined
COMMAND: POST /session/637de528f4e604e156fb3e125ad907fc/element - {"using":"xpath","value":"//*[@id=\"application-managepartners-display-component---NewPartner--btnAddTableRow-img\"]"}
RESULT: {"using":"xpath","value":"//*[@id=\"application-managepartners-display-component---NewPartner--btnAddTableRow-img\"]"}
COMMAND: POST /session/637de528f4e604e156fb3e125ad907fc/element/f.71948811B2353B7E36D356F88F4B3924.d.0E662E7028BF60B3D77236B8FA8C7CB4.e.14085/click - {}
RESULT: {}
COMMAND: GET /session/637de528f4e604e156fb3e125ad907fc/screenshot - {}
RESULT: {}
COMMAND: POST /session/637de528f4e604e156fb3e125ad907fc/element - {"using":"xpath","value":"//input[@id=\"application-managepartners-display-component---NewPartner--assignmentYard-application-managepartners-display-component---NewPartner--assignmentsTable-0-inner\"]"}
RESULT: {"using":"xpath","value":"//input[@id=\"application-managepartners-display-component---NewPartner--assignmentYard-application-managepartners-display-component---NewPartner--assignmentsTable-0-inner\"]"}
COMMAND: POST /session/637de528f4e604e156fb3e125ad907fc/element/f.71948811B2353B7E36D356F88F4B3924.d.0E662E7028BF60B3D77236B8FA8C7CB4.e.14088/clear - {}
RESULT: {}
COMMAND: POST /session/637de528f4e604e156fb3e125ad907fc/element/f.71948811B2353B7E36D356F88F4B3924.d.0E662E7028BF60B3D77236B8FA8C7CB4.e.14088/value - {"text":"512"}
COMMAND: GET /session/637de528f4e604e156fb3e125ad907fc/screenshot - {}
RESULT: {"text":"512"}
COMMAND: GET /session/637de528f4e604e156fb3e125ad907fc/screenshot - {}
RESULT: {}
RESULT: {}
COMMAND: POST /session/637de528f4e604e156fb3e125ad907fc/element - {"using":"xpath","value":"//li[.//span[text()='512']]"}
RESULT: {"using":"xpath","value":"//li[.//span[text()='512']]"}
COMMAND: POST /session/637de528f4e604e156fb3e125ad907fc/element/f.71948811B2353B7E36D356F88F4B3924.d.0E662E7028BF60B3D77236B8FA8C7CB4.e.14096/click - {}
RESULT: {}
COMMAND: GET /session/637de528f4e604e156fb3e125ad907fc/screenshot - {}
RESULT: {}
COMMAND: POST /session/637de528f4e604e156fb3e125ad907fc/actions - {"actions":[{"id":"action38","type":"key","parameters":{},"actions":[{"type":"keyDown","value":""},{"type":"pause","duration":10},{"type":"keyUp","value":""}]}]}
RESULT: {"actions":[{"id":"action38","type":"key","parameters":{},"actions":[{"type":"keyDown","value":""},{"type":"pause","duration":10},{"type":"keyUp","value":""}]}]}
COMMAND: POST /session/637de528f4e604e156fb3e125ad907fc/element - {"using":"xpath","value":"//td[contains(@id, \"assignmentsTable-0-cell2\")]/div/div"}
COMMAND: GET /session/637de528f4e604e156fb3e125ad907fc/screenshot - {}
RESULT: {"using":"xpath","value":"//td[contains(@id, \"assignmentsTable-0-cell2\")]/div/div"}
COMMAND: POST /session/637de528f4e604e156fb3e125ad907fc/element/f.71948811B2353B7E36D356F88F4B3924.d.0E662E7028BF60B3D77236B8FA8C7CB4.e.14099/click - {}
RESULT: {}
RESULT: {}
COMMAND: GET /session/637de528f4e604e156fb3e125ad907fc/screenshot - {}
RESULT: {}
COMMAND: POST /session/637de528f4e604e156fb3e125ad907fc/element - {"using":"xpath","value":"//button[@data-kt=\"saveButton\"]"}
RESULT: {"using":"xpath","value":"//button[@data-kt=\"saveButton\"]"}
COMMAND: POST /session/637de528f4e604e156fb3e125ad907fc/element/f.71948811B2353B7E36D356F88F4B3924.d.0E662E7028BF60B3D77236B8FA8C7CB4.e.14042/click - {}
RESULT: {}
COMMAND: GET /session/637de528f4e604e156fb3e125ad907fc/screenshot - {}
RESULT: {}
COMMAND: POST /session/637de528f4e604e156fb3e125ad907fc/element - {"using":"xpath","value":"//header[contains(@id, 'ObjectPageLayout-headerTitle')]/div[1]/div[2]/div[2]/span[1]"}
RESULT: {"using":"xpath","value":"//header[contains(@id, 'ObjectPageLayout-headerTitle')]/div[1]/div[2]/div[2]/span[1]"}
COMMAND: POST /session/637de528f4e604e156fb3e125ad907fc/elements - {"using":"xpath","value":"//header[contains(@id, 'ObjectPageLayout-headerTitle')]/div[1]/div[2]/div[2]/span[1]"}
RESULT: {"using":"xpath","value":"//header[contains(@id, 'ObjectPageLayout-headerTitle')]/div[1]/div[2]/div[2]/span[1]"}
COMMAND: POST /session/637de528f4e604e156fb3e125ad907fc/execute/sync - {"script":"<script> [56 bytes]","args":[{"element-6066-11e4-a52e-4f735466cecf":"f.71948811B2353B7E36D356F88F4B3924.d.0E662E7028BF60B3D77236B8FA8C7CB4.e.14266","ELEMENT":"f.71948811B2353B7E36D356F88F4B3924.d.0E662E7028BF60B3D77236B8FA8C7CB4.e.14266"}]}
RESULT: {"script":"<script> [56 bytes]","args":[{"element-6066-11e4-a52e-4f735466cecf":"f.71948811B2353B7E36D356F88F4B3924.d.0E662E7028BF60B3D77236B8FA8C7CB4.e.14266","ELEMENT":"f.71948811B2353B7E36D356F88F4B3924.d.0E662E7028BF60B3D77236B8FA8C7CB4.e.14266"}]}
COMMAND: POST /session/637de528f4e604e156fb3e125ad907fc/element - {"using":"css selector","value":"#shell-header-logo"}
COMMAND: GET /session/637de528f4e604e156fb3e125ad907fc/screenshot - {}
RESULT: {"using":"css selector","value":"#shell-header-logo"}
COMMAND: POST /session/637de528f4e604e156fb3e125ad907fc/element/f.71948811B2353B7E36D356F88F4B3924.d.0E662E7028BF60B3D77236B8FA8C7CB4.e.13574/click - {}
RESULT: {}
RESULT: {}
COMMAND: GET /session/637de528f4e604e156fb3e125ad907fc/screenshot - {}
RESULT: {}
COMMAND: POST /session/637de528f4e604e156fb3e125ad907fc/execute/sync - {"script":"<script> [299 bytes]","args":[["getModel","getResource"]]}
RESULT: {"script":"<script> [299 bytes]","args":[["getModel","getResource"]]}
]]></system-out>
    </testcase>
    <testcase classname="chrome.136_0_7103_93.windows.Create_partner_US118246" name="Should create a new yard in case create yard failed" time="105.586">
      <system-out><![CDATA[
RESULT: undefined
COMMAND: POST /session/637de528f4e604e156fb3e125ad907fc/element - {"using":"xpath","value":"//*[@id=\"__tile41\"]"}
COMMAND: GET /session/637de528f4e604e156fb3e125ad907fc/screenshot - {}
RESULT: {"using":"xpath","value":"//*[@id=\"__tile41\"]"}
COMMAND: POST /session/637de528f4e604e156fb3e125ad907fc/element/f.71948811B2353B7E36D356F88F4B3924.d.0E662E7028BF60B3D77236B8FA8C7CB4.e.12729/click - {}
RESULT: {}
RESULT: {}
COMMAND: GET /session/637de528f4e604e156fb3e125ad907fc/screenshot - {}
RESULT: {}
COMMAND: POST /session/637de528f4e604e156fb3e125ad907fc/elements - {"using":"xpath","value":"//span[text()='Error']"}
RESULT: {"using":"xpath","value":"//span[text()='Error']"}
COMMAND: POST /session/637de528f4e604e156fb3e125ad907fc/element - {"using":"xpath","value":"//button[@data-kt=\"addNewYardOverflowToolbarButton\"]"}
RESULT: {"using":"xpath","value":"//button[@data-kt=\"addNewYardOverflowToolbarButton\"]"}
COMMAND: POST /session/637de528f4e604e156fb3e125ad907fc/elements - {"using":"xpath","value":"//button[@data-kt=\"addNewYardOverflowToolbarButton\"]"}
RESULT: {"using":"xpath","value":"//button[@data-kt=\"addNewYardOverflowToolbarButton\"]"}
COMMAND: POST /session/637de528f4e604e156fb3e125ad907fc/execute/sync - {"script":"<script> [8489 bytes]","args":[{"element-6066-11e4-a52e-4f735466cecf":"f.71948811B2353B7E36D356F88F4B3924.d.0E662E7028BF60B3D77236B8FA8C7CB4.e.14308","ELEMENT":"f.71948811B2353B7E36D356F88F4B3924.d.0E662E7028BF60B3D77236B8FA8C7CB4.e.14308"}]}
RESULT: {"script":"<script> [8489 bytes]","args":[{"element-6066-11e4-a52e-4f735466cecf":"f.71948811B2353B7E36D356F88F4B3924.d.0E662E7028BF60B3D77236B8FA8C7CB4.e.14308","ELEMENT":"f.71948811B2353B7E36D356F88F4B3924.d.0E662E7028BF60B3D77236B8FA8C7CB4.e.14308"}]}
COMMAND: GET /session/637de528f4e604e156fb3e125ad907fc/element/f.71948811B2353B7E36D356F88F4B3924.d.0E662E7028BF60B3D77236B8FA8C7CB4.e.14308/enabled - {}
COMMAND: GET /session/637de528f4e604e156fb3e125ad907fc/screenshot - {}
RESULT: {}
COMMAND: POST /session/637de528f4e604e156fb3e125ad907fc/execute/sync - {"script":"<script> [8489 bytes]","args":[{"element-6066-11e4-a52e-4f735466cecf":"f.71948811B2353B7E36D356F88F4B3924.d.0E662E7028BF60B3D77236B8FA8C7CB4.e.14308","ELEMENT":"f.71948811B2353B7E36D356F88F4B3924.d.0E662E7028BF60B3D77236B8FA8C7CB4.e.14308"}]}
COMMAND: GET /session/637de528f4e604e156fb3e125ad907fc/screenshot - {}
RESULT: {}
RESULT: {"script":"<script> [8489 bytes]","args":[{"element-6066-11e4-a52e-4f735466cecf":"f.71948811B2353B7E36D356F88F4B3924.d.0E662E7028BF60B3D77236B8FA8C7CB4.e.14308","ELEMENT":"f.71948811B2353B7E36D356F88F4B3924.d.0E662E7028BF60B3D77236B8FA8C7CB4.e.14308"}]}
COMMAND: POST /session/637de528f4e604e156fb3e125ad907fc/execute/sync - {"script":"<script> [5351 bytes]","args":[{"element-6066-11e4-a52e-4f735466cecf":"f.71948811B2353B7E36D356F88F4B3924.d.0E662E7028BF60B3D77236B8FA8C7CB4.e.14308","ELEMENT":"f.71948811B2353B7E36D356F88F4B3924.d.0E662E7028BF60B3D77236B8FA8C7CB4.e.14308"}]}
COMMAND: GET /session/637de528f4e604e156fb3e125ad907fc/screenshot - {}
RESULT: {}
RESULT: {"script":"<script> [5351 bytes]","args":[{"element-6066-11e4-a52e-4f735466cecf":"f.71948811B2353B7E36D356F88F4B3924.d.0E662E7028BF60B3D77236B8FA8C7CB4.e.14308","ELEMENT":"f.71948811B2353B7E36D356F88F4B3924.d.0E662E7028BF60B3D77236B8FA8C7CB4.e.14308"}]}
COMMAND: POST /session/637de528f4e604e156fb3e125ad907fc/element/f.71948811B2353B7E36D356F88F4B3924.d.0E662E7028BF60B3D77236B8FA8C7CB4.e.14308/click - {}
COMMAND: GET /session/637de528f4e604e156fb3e125ad907fc/screenshot - {}
RESULT: {}
RESULT: {}
COMMAND: GET /session/637de528f4e604e156fb3e125ad907fc/screenshot - {}
RESULT: {}
RESULT: {}
COMMAND: POST /session/637de528f4e604e156fb3e125ad907fc/element - {"using":"xpath","value":"//input[@id=\"application-manageyards-display-component---NewYard--yardId-inner\"]"}
RESULT: {"using":"xpath","value":"//input[@id=\"application-manageyards-display-component---NewYard--yardId-inner\"]"}
COMMAND: POST /session/637de528f4e604e156fb3e125ad907fc/element - {"using":"xpath","value":"//input[@id=\"application-manageyards-display-component---NewYard--yardId-inner\"]"}
RESULT: {"using":"xpath","value":"//input[@id=\"application-manageyards-display-component---NewYard--yardId-inner\"]"}
RESULT: undefined
COMMAND: POST /session/637de528f4e604e156fb3e125ad907fc/execute/async - {"script":"<script> [776 bytes]","args":[{"enterText":"Warehouse Managed WDIO","selector":{"id":"application-manageyards-display-component---NewYard--addressDetailDetailsName1","interaction":{"idSuffix":"inner"}},"clearTextFirst":true,"interactionType":"ENTER_TEXT"}]}
RESULT: {"script":"<script> [776 bytes]","args":[{"enterText":"Warehouse Managed WDIO","selector":{"id":"application-manageyards-display-component---NewYard--addressDetailDetailsName1","interaction":{"idSuffix":"inner"}},"clearTextFirst":true,"interactionType":"ENTER_TEXT"}]}
RESULT: undefined
COMMAND: POST /session/637de528f4e604e156fb3e125ad907fc/element - {"using":"xpath","value":"//*[@id=\"application-manageyards-display-component---NewYard--addressDetailDetailsLanguage-arrow\"]"}
RESULT: {"using":"xpath","value":"//*[@id=\"application-manageyards-display-component---NewYard--addressDetailDetailsLanguage-arrow\"]"}
COMMAND: POST /session/637de528f4e604e156fb3e125ad907fc/element/f.71948811B2353B7E36D356F88F4B3924.d.0E662E7028BF60B3D77236B8FA8C7CB4.e.14918/click - {}
RESULT: {}
COMMAND: POST /session/637de528f4e604e156fb3e125ad907fc/element - {"using":"xpath","value":"//span[contains(text(), \"English\")]"}
COMMAND: GET /session/637de528f4e604e156fb3e125ad907fc/screenshot - {}
RESULT: {"using":"xpath","value":"//span[contains(text(), \"English\")]"}
COMMAND: POST /session/637de528f4e604e156fb3e125ad907fc/element/f.71948811B2353B7E36D356F88F4B3924.d.0E662E7028BF60B3D77236B8FA8C7CB4.e.14919/click - {}
RESULT: {}
RESULT: {}
RESULT: undefined
COMMAND: POST /session/637de528f4e604e156fb3e125ad907fc/execute/async - {"script":"<script> [776 bytes]","args":[{"enterText":"Rosario","selector":{"id":"application-manageyards-display-component---NewYard--addressDetailDetailsCity1","interaction":{"idSuffix":"inner"}},"clearTextFirst":true,"interactionType":"ENTER_TEXT"}]}
COMMAND: GET /session/637de528f4e604e156fb3e125ad907fc/screenshot - {}
RESULT: {"script":"<script> [776 bytes]","args":[{"enterText":"Rosario","selector":{"id":"application-manageyards-display-component---NewYard--addressDetailDetailsCity1","interaction":{"idSuffix":"inner"}},"clearTextFirst":true,"interactionType":"ENTER_TEXT"}]}
RESULT: undefined
COMMAND: POST /session/637de528f4e604e156fb3e125ad907fc/element - {"using":"xpath","value":"//*[@id=\"application-manageyards-display-component---NewYard--addressDetailDetailsCountry-arrow\"]"}
RESULT: {}
RESULT: {"using":"xpath","value":"//*[@id=\"application-manageyards-display-component---NewYard--addressDetailDetailsCountry-arrow\"]"}
COMMAND: POST /session/637de528f4e604e156fb3e125ad907fc/element/f.71948811B2353B7E36D356F88F4B3924.d.0E662E7028BF60B3D77236B8FA8C7CB4.e.14920/click - {}
RESULT: {}
COMMAND: POST /session/637de528f4e604e156fb3e125ad907fc/element - {"using":"xpath","value":"//span[contains(text(), \"Argentina\")]"}
COMMAND: GET /session/637de528f4e604e156fb3e125ad907fc/screenshot - {}
RESULT: {"using":"xpath","value":"//span[contains(text(), \"Argentina\")]"}
COMMAND: POST /session/637de528f4e604e156fb3e125ad907fc/element/f.71948811B2353B7E36D356F88F4B3924.d.0E662E7028BF60B3D77236B8FA8C7CB4.e.14922/click - {}
RESULT: {}
RESULT: {}
RESULT: undefined
COMMAND: POST /session/637de528f4e604e156fb3e125ad907fc/element - {"using":"xpath","value":"//*[@id=\"application-manageyards-display-component---NewYard--addressEditDetailsCostObjectCstType-arrow\"]"}
COMMAND: GET /session/637de528f4e604e156fb3e125ad907fc/screenshot - {}
RESULT: {"using":"xpath","value":"//*[@id=\"application-manageyards-display-component---NewYard--addressEditDetailsCostObjectCstType-arrow\"]"}
COMMAND: POST /session/637de528f4e604e156fb3e125ad907fc/element/f.71948811B2353B7E36D356F88F4B3924.d.0E662E7028BF60B3D77236B8FA8C7CB4.e.14923/click - {}
RESULT: {}
RESULT: {}
COMMAND: POST /session/637de528f4e604e156fb3e125ad907fc/element - {"using":"xpath","value":"//span[contains(text(), \"Cost Center\")]"}
COMMAND: GET /session/637de528f4e604e156fb3e125ad907fc/screenshot - {}
RESULT: {"using":"xpath","value":"//span[contains(text(), \"Cost Center\")]"}
COMMAND: POST /session/637de528f4e604e156fb3e125ad907fc/element/f.71948811B2353B7E36D356F88F4B3924.d.0E662E7028BF60B3D77236B8FA8C7CB4.e.14924/click - {}
RESULT: {}
RESULT: {}
COMMAND: GET /session/637de528f4e604e156fb3e125ad907fc/screenshot - {}
RESULT: {}
COMMAND: POST /session/637de528f4e604e156fb3e125ad907fc/element - {"using":"xpath","value":"//span[@id=\"application-manageyards-display-component---NewYard--addressNewCostObjectCstID-vhi\"]"}
RESULT: {"using":"xpath","value":"//span[@id=\"application-manageyards-display-component---NewYard--addressNewCostObjectCstID-vhi\"]"}
COMMAND: POST /session/637de528f4e604e156fb3e125ad907fc/execute/sync - {"script":"<script> [8489 bytes]","args":[{"element-6066-11e4-a52e-4f735466cecf":"f.71948811B2353B7E36D356F88F4B3924.d.0E662E7028BF60B3D77236B8FA8C7CB4.e.14928","ELEMENT":"f.71948811B2353B7E36D356F88F4B3924.d.0E662E7028BF60B3D77236B8FA8C7CB4.e.14928"}]}
RESULT: {"script":"<script> [8489 bytes]","args":[{"element-6066-11e4-a52e-4f735466cecf":"f.71948811B2353B7E36D356F88F4B3924.d.0E662E7028BF60B3D77236B8FA8C7CB4.e.14928","ELEMENT":"f.71948811B2353B7E36D356F88F4B3924.d.0E662E7028BF60B3D77236B8FA8C7CB4.e.14928"}]}
RESULT: undefined
COMMAND: POST /session/637de528f4e604e156fb3e125ad907fc/element - {"using":"xpath","value":"//*[@id=\"application-manageyards-display-component---NewYard--addressNewCostObjectCstID-vhi\"]"}
COMMAND: GET /session/637de528f4e604e156fb3e125ad907fc/screenshot - {}
RESULT: {"using":"xpath","value":"//*[@id=\"application-manageyards-display-component---NewYard--addressNewCostObjectCstID-vhi\"]"}
COMMAND: POST /session/637de528f4e604e156fb3e125ad907fc/element/f.71948811B2353B7E36D356F88F4B3924.d.0E662E7028BF60B3D77236B8FA8C7CB4.e.14928/click - {}
RESULT: {}
RESULT: {}
COMMAND: GET /session/637de528f4e604e156fb3e125ad907fc/screenshot - {}
RESULT: {}
RESULT: undefined
COMMAND: POST /session/637de528f4e604e156fb3e125ad907fc/execute/async - {"script":"<script> [776 bytes]","args":[{"enterText":"bauh_b","selector":{"controlType":"sap.m.SearchField","properties":{"placeholder":"Search"},"searchOpenDialogs":true,"interaction":{"idSuffix":"I"}},"clearTextFirst":true,"interactionType":"ENTER_TEXT"}]}
RESULT: {"script":"<script> [776 bytes]","args":[{"enterText":"bauh_b","selector":{"controlType":"sap.m.SearchField","properties":{"placeholder":"Search"},"searchOpenDialogs":true,"interaction":{"idSuffix":"I"}},"clearTextFirst":true,"interactionType":"ENTER_TEXT"}]}
COMMAND: POST /session/637de528f4e604e156fb3e125ad907fc/actions - {"actions":[{"id":"action39","type":"key","parameters":{},"actions":[{"type":"keyDown","value":""},{"type":"pause","duration":10},{"type":"keyUp","value":""}]}]}
RESULT: {"actions":[{"id":"action39","type":"key","parameters":{},"actions":[{"type":"keyDown","value":""},{"type":"pause","duration":10},{"type":"keyUp","value":""}]}]}
COMMAND: GET /session/637de528f4e604e156fb3e125ad907fc/screenshot - {}
RESULT: {}
COMMAND: POST /session/637de528f4e604e156fb3e125ad907fc/element - {"using":"xpath","value":"//span[contains(text(), \"Demo Yard\")]"}
RESULT: {"using":"xpath","value":"//span[contains(text(), \"Demo Yard\")]"}
COMMAND: POST /session/637de528f4e604e156fb3e125ad907fc/element/f.71948811B2353B7E36D356F88F4B3924.d.0E662E7028BF60B3D77236B8FA8C7CB4.e.14968/click - {}
RESULT: {}
COMMAND: GET /session/637de528f4e604e156fb3e125ad907fc/screenshot - {}
RESULT: {}
COMMAND: POST /session/637de528f4e604e156fb3e125ad907fc/element - {"using":"xpath","value":"//bdi[contains(text(), \"OK\")]"}
RESULT: {"using":"xpath","value":"//bdi[contains(text(), \"OK\")]"}
COMMAND: POST /session/637de528f4e604e156fb3e125ad907fc/element/f.71948811B2353B7E36D356F88F4B3924.d.0E662E7028BF60B3D77236B8FA8C7CB4.e.14969/click - {}
RESULT: {}
COMMAND: GET /session/637de528f4e604e156fb3e125ad907fc/screenshot - {}
RESULT: {}
RESULT: undefined
COMMAND: POST /session/637de528f4e604e156fb3e125ad907fc/element - {"using":"xpath","value":"//*[@id=\"application-manageyards-display-component---NewYard--addressEditDetailsCurrency-arrow\"]"}
RESULT: {"using":"xpath","value":"//*[@id=\"application-manageyards-display-component---NewYard--addressEditDetailsCurrency-arrow\"]"}
COMMAND: POST /session/637de528f4e604e156fb3e125ad907fc/element/f.71948811B2353B7E36D356F88F4B3924.d.0E662E7028BF60B3D77236B8FA8C7CB4.e.14972/click - {}
RESULT: {}
COMMAND: POST /session/637de528f4e604e156fb3e125ad907fc/element - {"using":"xpath","value":"//span[contains(text(), \"Euro\")]"}
COMMAND: GET /session/637de528f4e604e156fb3e125ad907fc/screenshot - {}
RESULT: {"using":"xpath","value":"//span[contains(text(), \"Euro\")]"}
COMMAND: POST /session/637de528f4e604e156fb3e125ad907fc/element/f.71948811B2353B7E36D356F88F4B3924.d.0E662E7028BF60B3D77236B8FA8C7CB4.e.14973/click - {}
RESULT: {}
RESULT: {}
RESULT: undefined
COMMAND: POST /session/637de528f4e604e156fb3e125ad907fc/execute/async - {"script":"<script> [776 bytes]","args":[{"enterText":"Z001","selector":{"controlType":"sap.m.Input","viewName":"etm.portal.ui.manageyards.view.New","viewId":"application-manageyards-display-component---NewYard","bindingPath":{"path":"","propertyPath":"/CONTROLLING_AREA","modelName":"NewYardModel"},"interaction":{"idSuffix":"inner"}},"clearTextFirst":true,"interactionType":"ENTER_TEXT"}]}
COMMAND: GET /session/637de528f4e604e156fb3e125ad907fc/screenshot - {}
RESULT: {"script":"<script> [776 bytes]","args":[{"enterText":"Z001","selector":{"controlType":"sap.m.Input","viewName":"etm.portal.ui.manageyards.view.New","viewId":"application-manageyards-display-component---NewYard","bindingPath":{"path":"","propertyPath":"/CONTROLLING_AREA","modelName":"NewYardModel"},"interaction":{"idSuffix":"inner"}},"clearTextFirst":true,"interactionType":"ENTER_TEXT"}]}
RESULT: undefined
COMMAND: POST /session/637de528f4e604e156fb3e125ad907fc/execute/async - {"script":"<script> [776 bytes]","args":[{"enterText":"1000","selector":{"id":"application-manageyards-display-component---NewYard--companyCodeComboBox","interaction":{"idSuffix":"inner"}},"clearTextFirst":true,"interactionType":"ENTER_TEXT"}]}
RESULT: {}
RESULT: {"script":"<script> [776 bytes]","args":[{"enterText":"1000","selector":{"id":"application-manageyards-display-component---NewYard--companyCodeComboBox","interaction":{"idSuffix":"inner"}},"clearTextFirst":true,"interactionType":"ENTER_TEXT"}]}
RESULT: undefined
COMMAND: POST /session/637de528f4e604e156fb3e125ad907fc/execute/async - {"script":"<script> [776 bytes]","args":[{"enterText":"1001","selector":{"controlType":"sap.m.Input","viewName":"etm.portal.ui.manageyards.view.New","viewId":"application-manageyards-display-component---NewYard","bindingPath":{"path":"","propertyPath":"/PLANT","modelName":"NewYardModel"},"interaction":{"idSuffix":"inner"}},"clearTextFirst":true,"interactionType":"ENTER_TEXT"}]}
RESULT: {"script":"<script> [776 bytes]","args":[{"enterText":"1001","selector":{"controlType":"sap.m.Input","viewName":"etm.portal.ui.manageyards.view.New","viewId":"application-manageyards-display-component---NewYard","bindingPath":{"path":"","propertyPath":"/PLANT","modelName":"NewYardModel"},"interaction":{"idSuffix":"inner"}},"clearTextFirst":true,"interactionType":"ENTER_TEXT"}]}
RESULT: undefined
COMMAND: POST /session/637de528f4e604e156fb3e125ad907fc/execute/async - {"script":"<script> [776 bytes]","args":[{"enterText":"C002","selector":{"controlType":"sap.m.Input","viewName":"etm.portal.ui.manageyards.view.New","viewId":"application-manageyards-display-component---NewYard","bindingPath":{"path":"","propertyPath":"/SALES_AREA_VKORG","modelName":"NewYardModel"},"interaction":{"idSuffix":"inner"}},"clearTextFirst":true,"interactionType":"ENTER_TEXT"}]}
RESULT: {"script":"<script> [776 bytes]","args":[{"enterText":"C002","selector":{"controlType":"sap.m.Input","viewName":"etm.portal.ui.manageyards.view.New","viewId":"application-manageyards-display-component---NewYard","bindingPath":{"path":"","propertyPath":"/SALES_AREA_VKORG","modelName":"NewYardModel"},"interaction":{"idSuffix":"inner"}},"clearTextFirst":true,"interactionType":"ENTER_TEXT"}]}
RESULT: undefined
COMMAND: POST /session/637de528f4e604e156fb3e125ad907fc/execute/async - {"script":"<script> [776 bytes]","args":[{"enterText":"C2","selector":{"controlType":"sap.m.Input","viewName":"etm.portal.ui.manageyards.view.New","viewId":"application-manageyards-display-component---NewYard","bindingPath":{"path":"","propertyPath":"/SALES_AREA_VTWEG","modelName":"NewYardModel"},"interaction":{"idSuffix":"inner"}},"clearTextFirst":true,"interactionType":"ENTER_TEXT"}]}
RESULT: {"script":"<script> [776 bytes]","args":[{"enterText":"C2","selector":{"controlType":"sap.m.Input","viewName":"etm.portal.ui.manageyards.view.New","viewId":"application-manageyards-display-component---NewYard","bindingPath":{"path":"","propertyPath":"/SALES_AREA_VTWEG","modelName":"NewYardModel"},"interaction":{"idSuffix":"inner"}},"clearTextFirst":true,"interactionType":"ENTER_TEXT"}]}
RESULT: undefined
COMMAND: POST /session/637de528f4e604e156fb3e125ad907fc/execute/async - {"script":"<script> [776 bytes]","args":[{"enterText":"C2","selector":{"controlType":"sap.m.Input","viewName":"etm.portal.ui.manageyards.view.New","viewId":"application-manageyards-display-component---NewYard","bindingPath":{"path":"","propertyPath":"/SALES_AREA_SPART","modelName":"NewYardModel"},"interaction":{"idSuffix":"inner"}},"clearTextFirst":true,"interactionType":"ENTER_TEXT"}]}
RESULT: {"script":"<script> [776 bytes]","args":[{"enterText":"C2","selector":{"controlType":"sap.m.Input","viewName":"etm.portal.ui.manageyards.view.New","viewId":"application-manageyards-display-component---NewYard","bindingPath":{"path":"","propertyPath":"/SALES_AREA_SPART","modelName":"NewYardModel"},"interaction":{"idSuffix":"inner"}},"clearTextFirst":true,"interactionType":"ENTER_TEXT"}]}
RESULT: undefined
COMMAND: POST /session/637de528f4e604e156fb3e125ad907fc/execute/async - {"script":"<script> [776 bytes]","args":[{"enterText":"1710","selector":{"controlType":"sap.m.Input","viewName":"etm.portal.ui.manageyards.view.New","viewId":"application-manageyards-display-component---NewYard","bindingPath":{"path":"","propertyPath":"/SHIP_POINT","modelName":"NewYardModel"},"interaction":{"idSuffix":"inner"}},"clearTextFirst":true,"interactionType":"ENTER_TEXT"}]}
RESULT: {"script":"<script> [776 bytes]","args":[{"enterText":"1710","selector":{"controlType":"sap.m.Input","viewName":"etm.portal.ui.manageyards.view.New","viewId":"application-manageyards-display-component---NewYard","bindingPath":{"path":"","propertyPath":"/SHIP_POINT","modelName":"NewYardModel"},"interaction":{"idSuffix":"inner"}},"clearTextFirst":true,"interactionType":"ENTER_TEXT"}]}
RESULT: undefined
COMMAND: POST /session/637de528f4e604e156fb3e125ad907fc/execute/async - {"script":"<script> [776 bytes]","args":[{"enterText":"ZL01","selector":{"controlType":"sap.m.Input","viewName":"etm.portal.ui.manageyards.view.New","viewId":"application-manageyards-display-component---NewYard","bindingPath":{"path":"","propertyPath":"/DELIVERY_TYPE","modelName":"NewYardModel"},"interaction":{"idSuffix":"inner"}},"clearTextFirst":true,"interactionType":"ENTER_TEXT"}]}
RESULT: {"script":"<script> [776 bytes]","args":[{"enterText":"ZL01","selector":{"controlType":"sap.m.Input","viewName":"etm.portal.ui.manageyards.view.New","viewId":"application-manageyards-display-component---NewYard","bindingPath":{"path":"","propertyPath":"/DELIVERY_TYPE","modelName":"NewYardModel"},"interaction":{"idSuffix":"inner"}},"clearTextFirst":true,"interactionType":"ENTER_TEXT"}]}
RESULT: undefined
COMMAND: POST /session/637de528f4e604e156fb3e125ad907fc/execute/async - {"script":"<script> [776 bytes]","args":[{"enterText":"TA","selector":{"controlType":"sap.m.Input","viewName":"etm.portal.ui.manageyards.view.New","viewId":"application-manageyards-display-component---NewYard","bindingPath":{"path":"","propertyPath":"/AUART","modelName":"NewYardModel"},"interaction":{"idSuffix":"inner"}},"clearTextFirst":true,"interactionType":"ENTER_TEXT"}]}
RESULT: {"script":"<script> [776 bytes]","args":[{"enterText":"TA","selector":{"controlType":"sap.m.Input","viewName":"etm.portal.ui.manageyards.view.New","viewId":"application-manageyards-display-component---NewYard","bindingPath":{"path":"","propertyPath":"/AUART","modelName":"NewYardModel"},"interaction":{"idSuffix":"inner"}},"clearTextFirst":true,"interactionType":"ENTER_TEXT"}]}
COMMAND: POST /session/637de528f4e604e156fb3e125ad907fc/execute/async - {"script":"<script> [1562 bytes]","args":[{"selector":{"id":"application-manageyards-display-component---NewYard--whmCheckBox","interaction":{"idSuffix":"CbBg"}},"wdio_ui5_key":"applicationmanageyards-display-component---NewYard--whmCheckBox"}]}
RESULT: {"script":"<script> [1562 bytes]","args":[{"selector":{"id":"application-manageyards-display-component---NewYard--whmCheckBox","interaction":{"idSuffix":"CbBg"}},"wdio_ui5_key":"applicationmanageyards-display-component---NewYard--whmCheckBox"}]}
RESULT: undefined
COMMAND: POST /session/637de528f4e604e156fb3e125ad907fc/element - {"using":"xpath","value":"//*[@id=\"application-manageyards-display-component---NewYard--whmCheckBox\"]"}
RESULT: {"using":"xpath","value":"//*[@id=\"application-manageyards-display-component---NewYard--whmCheckBox\"]"}
COMMAND: POST /session/637de528f4e604e156fb3e125ad907fc/element/f.71948811B2353B7E36D356F88F4B3924.d.0E662E7028BF60B3D77236B8FA8C7CB4.e.14983/click - {}
RESULT: {}
COMMAND: GET /session/637de528f4e604e156fb3e125ad907fc/screenshot - {}
RESULT: {}
COMMAND: POST /session/637de528f4e604e156fb3e125ad907fc/element - {"using":"xpath","value":"//button[@data-kt=\"newYardSaveButton\"]"}
RESULT: {"using":"xpath","value":"//button[@data-kt=\"newYardSaveButton\"]"}
COMMAND: POST /session/637de528f4e604e156fb3e125ad907fc/element/f.71948811B2353B7E36D356F88F4B3924.d.0E662E7028BF60B3D77236B8FA8C7CB4.e.14887/click - {}
RESULT: {}
COMMAND: GET /session/637de528f4e604e156fb3e125ad907fc/screenshot - {}
RESULT: {}
COMMAND: POST /session/637de528f4e604e156fb3e125ad907fc/element - {"using":"xpath","value":"//header[contains(@id, 'ObjectPageLayout-headerTitle')]/div[1]/div[2]/div[1]/span[1]"}
RESULT: {"using":"xpath","value":"//header[contains(@id, 'ObjectPageLayout-headerTitle')]/div[1]/div[2]/div[1]/span[1]"}
COMMAND: POST /session/637de528f4e604e156fb3e125ad907fc/elements - {"using":"xpath","value":"//header[contains(@id, 'ObjectPageLayout-headerTitle')]/div[1]/div[2]/div[1]/span[1]"}
RESULT: {"using":"xpath","value":"//header[contains(@id, 'ObjectPageLayout-headerTitle')]/div[1]/div[2]/div[1]/span[1]"}
COMMAND: POST /session/637de528f4e604e156fb3e125ad907fc/execute/sync - {"script":"<script> [56 bytes]","args":[{"element-6066-11e4-a52e-4f735466cecf":"f.71948811B2353B7E36D356F88F4B3924.d.0E662E7028BF60B3D77236B8FA8C7CB4.e.15180","ELEMENT":"f.71948811B2353B7E36D356F88F4B3924.d.0E662E7028BF60B3D77236B8FA8C7CB4.e.15180"}]}
RESULT: {"script":"<script> [56 bytes]","args":[{"element-6066-11e4-a52e-4f735466cecf":"f.71948811B2353B7E36D356F88F4B3924.d.0E662E7028BF60B3D77236B8FA8C7CB4.e.15180","ELEMENT":"f.71948811B2353B7E36D356F88F4B3924.d.0E662E7028BF60B3D77236B8FA8C7CB4.e.15180"}]}
COMMAND: GET /session/637de528f4e604e156fb3e125ad907fc/screenshot - {}
RESULT: {}
COMMAND: POST /session/637de528f4e604e156fb3e125ad907fc/element - {"using":"css selector","value":"#shell-header-logo"}
RESULT: {"using":"css selector","value":"#shell-header-logo"}
COMMAND: POST /session/637de528f4e604e156fb3e125ad907fc/element/f.71948811B2353B7E36D356F88F4B3924.d.0E662E7028BF60B3D77236B8FA8C7CB4.e.14270/click - {}
RESULT: {}
COMMAND: GET /session/637de528f4e604e156fb3e125ad907fc/screenshot - {}
RESULT: {}
COMMAND: POST /session/637de528f4e604e156fb3e125ad907fc/execute/sync - {"script":"<script> [299 bytes]","args":[["getModel","getResource"]]}
RESULT: {"script":"<script> [299 bytes]","args":[["getModel","getResource"]]}
]]></system-out>
    </testcase>
    <testcase classname="chrome.136_0_7103_93.windows.Create_partner_US118246" name="Should create new external WHM partner" time="165.602">
      <failure/>
      <error message="Can't call click on element with selector &quot;//ul[contains(@id,&quot;popup-list-listUl&quot;)]//li[.//span[text()= &quot;Webshop Catalog&quot;]]&quot; because element wasn't found"/>
      <system-out><![CDATA[
COMMAND: GET /session/637de528f4e604e156fb3e125ad907fc/screenshot - {}
COMMAND: POST /session/637de528f4e604e156fb3e125ad907fc/window/fullscreen - {}
RESULT: {}
RESULT: {}
RESULT: undefined
COMMAND: POST /session/637de528f4e604e156fb3e125ad907fc/element - {"using":"xpath","value":"//*[@id=\"__tile38\"]"}
RESULT: {"using":"xpath","value":"//*[@id=\"__tile38\"]"}
COMMAND: POST /session/637de528f4e604e156fb3e125ad907fc/element/f.71948811B2353B7E36D356F88F4B3924.d.0E662E7028BF60B3D77236B8FA8C7CB4.e.12721/click - {}
RESULT: {}
COMMAND: GET /session/637de528f4e604e156fb3e125ad907fc/screenshot - {}
RESULT: {}
COMMAND: POST /session/637de528f4e604e156fb3e125ad907fc/elements - {"using":"xpath","value":"//span[text()='Error']"}
RESULT: {"using":"xpath","value":"//span[text()='Error']"}
COMMAND: POST /session/637de528f4e604e156fb3e125ad907fc/element - {"using":"xpath","value":"//button[@data-kt=\"addButton\"]"}
RESULT: {"using":"xpath","value":"//button[@data-kt=\"addButton\"]"}
COMMAND: POST /session/637de528f4e604e156fb3e125ad907fc/elements - {"using":"xpath","value":"//button[@data-kt=\"addButton\"]"}
RESULT: {"using":"xpath","value":"//button[@data-kt=\"addButton\"]"}
COMMAND: POST /session/637de528f4e604e156fb3e125ad907fc/execute/sync - {"script":"<script> [8489 bytes]","args":[{"element-6066-11e4-a52e-4f735466cecf":"f.71948811B2353B7E36D356F88F4B3924.d.0E662E7028BF60B3D77236B8FA8C7CB4.e.15228","ELEMENT":"f.71948811B2353B7E36D356F88F4B3924.d.0E662E7028BF60B3D77236B8FA8C7CB4.e.15228"}]}
RESULT: {"script":"<script> [8489 bytes]","args":[{"element-6066-11e4-a52e-4f735466cecf":"f.71948811B2353B7E36D356F88F4B3924.d.0E662E7028BF60B3D77236B8FA8C7CB4.e.15228","ELEMENT":"f.71948811B2353B7E36D356F88F4B3924.d.0E662E7028BF60B3D77236B8FA8C7CB4.e.15228"}]}
COMMAND: GET /session/637de528f4e604e156fb3e125ad907fc/element/f.71948811B2353B7E36D356F88F4B3924.d.0E662E7028BF60B3D77236B8FA8C7CB4.e.15228/enabled - {}
COMMAND: GET /session/637de528f4e604e156fb3e125ad907fc/screenshot - {}
RESULT: {}
COMMAND: POST /session/637de528f4e604e156fb3e125ad907fc/execute/sync - {"script":"<script> [8489 bytes]","args":[{"element-6066-11e4-a52e-4f735466cecf":"f.71948811B2353B7E36D356F88F4B3924.d.0E662E7028BF60B3D77236B8FA8C7CB4.e.15228","ELEMENT":"f.71948811B2353B7E36D356F88F4B3924.d.0E662E7028BF60B3D77236B8FA8C7CB4.e.15228"}]}
COMMAND: GET /session/637de528f4e604e156fb3e125ad907fc/screenshot - {}
RESULT: {}
RESULT: {"script":"<script> [8489 bytes]","args":[{"element-6066-11e4-a52e-4f735466cecf":"f.71948811B2353B7E36D356F88F4B3924.d.0E662E7028BF60B3D77236B8FA8C7CB4.e.15228","ELEMENT":"f.71948811B2353B7E36D356F88F4B3924.d.0E662E7028BF60B3D77236B8FA8C7CB4.e.15228"}]}
COMMAND: POST /session/637de528f4e604e156fb3e125ad907fc/execute/sync - {"script":"<script> [5351 bytes]","args":[{"element-6066-11e4-a52e-4f735466cecf":"f.71948811B2353B7E36D356F88F4B3924.d.0E662E7028BF60B3D77236B8FA8C7CB4.e.15228","ELEMENT":"f.71948811B2353B7E36D356F88F4B3924.d.0E662E7028BF60B3D77236B8FA8C7CB4.e.15228"}]}
COMMAND: GET /session/637de528f4e604e156fb3e125ad907fc/screenshot - {}
RESULT: {}
RESULT: {"script":"<script> [5351 bytes]","args":[{"element-6066-11e4-a52e-4f735466cecf":"f.71948811B2353B7E36D356F88F4B3924.d.0E662E7028BF60B3D77236B8FA8C7CB4.e.15228","ELEMENT":"f.71948811B2353B7E36D356F88F4B3924.d.0E662E7028BF60B3D77236B8FA8C7CB4.e.15228"}]}
COMMAND: POST /session/637de528f4e604e156fb3e125ad907fc/element/f.71948811B2353B7E36D356F88F4B3924.d.0E662E7028BF60B3D77236B8FA8C7CB4.e.15228/click - {}
COMMAND: GET /session/637de528f4e604e156fb3e125ad907fc/screenshot - {}
RESULT: {}
RESULT: {}
COMMAND: GET /session/637de528f4e604e156fb3e125ad907fc/screenshot - {}
RESULT: undefined
COMMAND: POST /session/637de528f4e604e156fb3e125ad907fc/execute/async - {"script":"<script> [776 bytes]","args":[{"enterText":"External Partner WDIO","selector":{"id":"application-managepartners-display-component---NewPartner--addressDetailDetailsName1","interaction":{"idSuffix":"inner"}},"clearTextFirst":true,"interactionType":"ENTER_TEXT"}]}
RESULT: {}
RESULT: {}
RESULT: {"script":"<script> [776 bytes]","args":[{"enterText":"External Partner WDIO","selector":{"id":"application-managepartners-display-component---NewPartner--addressDetailDetailsName1","interaction":{"idSuffix":"inner"}},"clearTextFirst":true,"interactionType":"ENTER_TEXT"}]}
RESULT: undefined
COMMAND: POST /session/637de528f4e604e156fb3e125ad907fc/element - {"using":"xpath","value":"//*[@id=\"application-managepartners-display-component---NewPartner--addressDetailDetailsLanguage-arrow\"]"}
RESULT: {"using":"xpath","value":"//*[@id=\"application-managepartners-display-component---NewPartner--addressDetailDetailsLanguage-arrow\"]"}
COMMAND: POST /session/637de528f4e604e156fb3e125ad907fc/element/f.71948811B2353B7E36D356F88F4B3924.d.0E662E7028BF60B3D77236B8FA8C7CB4.e.15659/click - {}
RESULT: {}
COMMAND: POST /session/637de528f4e604e156fb3e125ad907fc/element - {"using":"xpath","value":"//span[contains(text(), \"English\")]"}
COMMAND: GET /session/637de528f4e604e156fb3e125ad907fc/screenshot - {}
RESULT: {"using":"xpath","value":"//span[contains(text(), \"English\")]"}
COMMAND: POST /session/637de528f4e604e156fb3e125ad907fc/element/f.71948811B2353B7E36D356F88F4B3924.d.0E662E7028BF60B3D77236B8FA8C7CB4.e.15660/click - {}
RESULT: {}
RESULT: {}
COMMAND: GET /session/637de528f4e604e156fb3e125ad907fc/screenshot - {}
RESULT: {}
RESULT: undefined
COMMAND: POST /session/637de528f4e604e156fb3e125ad907fc/execute/async - {"script":"<script> [776 bytes]","args":[{"enterText":"Rosario","selector":{"id":"application-managepartners-display-component---NewPartner--addressDetailDetailsCity1","interaction":{"idSuffix":"inner"}},"clearTextFirst":true,"interactionType":"ENTER_TEXT"}]}
RESULT: {"script":"<script> [776 bytes]","args":[{"enterText":"Rosario","selector":{"id":"application-managepartners-display-component---NewPartner--addressDetailDetailsCity1","interaction":{"idSuffix":"inner"}},"clearTextFirst":true,"interactionType":"ENTER_TEXT"}]}
RESULT: undefined
COMMAND: POST /session/637de528f4e604e156fb3e125ad907fc/element - {"using":"xpath","value":"//*[@id=\"application-managepartners-display-component---NewPartner--addressDetailDetailsCountry-arrow\"]"}
RESULT: {"using":"xpath","value":"//*[@id=\"application-managepartners-display-component---NewPartner--addressDetailDetailsCountry-arrow\"]"}
COMMAND: POST /session/637de528f4e604e156fb3e125ad907fc/element/f.71948811B2353B7E36D356F88F4B3924.d.0E662E7028BF60B3D77236B8FA8C7CB4.e.15639/click - {}
RESULT: {}
COMMAND: POST /session/637de528f4e604e156fb3e125ad907fc/element - {"using":"xpath","value":"//span[contains(text(), \"Argentina\")]"}
COMMAND: GET /session/637de528f4e604e156fb3e125ad907fc/screenshot - {}
RESULT: {"using":"xpath","value":"//span[contains(text(), \"Argentina\")]"}
COMMAND: POST /session/637de528f4e604e156fb3e125ad907fc/element/f.71948811B2353B7E36D356F88F4B3924.d.0E662E7028BF60B3D77236B8FA8C7CB4.e.15661/click - {}
RESULT: {}
RESULT: {}
COMMAND: GET /session/637de528f4e604e156fb3e125ad907fc/screenshot - {}
RESULT: {}
COMMAND: POST /session/637de528f4e604e156fb3e125ad907fc/element - {"using":"xpath","value":"//bdi[contains(text(), \"Commercial\")]"}
RESULT: {"using":"xpath","value":"//bdi[contains(text(), \"Commercial\")]"}
COMMAND: POST /session/637de528f4e604e156fb3e125ad907fc/element/f.71948811B2353B7E36D356F88F4B3924.d.0E662E7028BF60B3D77236B8FA8C7CB4.e.15662/click - {}
RESULT: {}
COMMAND: GET /session/637de528f4e604e156fb3e125ad907fc/screenshot - {}
RESULT: {}
RESULT: undefined
COMMAND: POST /session/637de528f4e604e156fb3e125ad907fc/element - {"using":"xpath","value":"//*[@id=\"application-managepartners-display-component---NewPartner--partnerDetailInternal-arrow\"]"}
RESULT: {"using":"xpath","value":"//*[@id=\"application-managepartners-display-component---NewPartner--partnerDetailInternal-arrow\"]"}
COMMAND: POST /session/637de528f4e604e156fb3e125ad907fc/element/f.71948811B2353B7E36D356F88F4B3924.d.0E662E7028BF60B3D77236B8FA8C7CB4.e.15668/click - {}
RESULT: {}
COMMAND: POST /session/637de528f4e604e156fb3e125ad907fc/element - {"using":"xpath","value":"//span[contains(text(), \"External partner\")]"}
COMMAND: GET /session/637de528f4e604e156fb3e125ad907fc/screenshot - {}
RESULT: {"using":"xpath","value":"//span[contains(text(), \"External partner\")]"}
COMMAND: POST /session/637de528f4e604e156fb3e125ad907fc/element/f.71948811B2353B7E36D356F88F4B3924.d.0E662E7028BF60B3D77236B8FA8C7CB4.e.15669/click - {}
RESULT: {}
RESULT: {}
RESULT: undefined
COMMAND: POST /session/637de528f4e604e156fb3e125ad907fc/element - {"using":"xpath","value":"//*[@id=\"application-managepartners-display-component---NewPartner--partnerDetailsCurrency-arrow\"]"}
COMMAND: GET /session/637de528f4e604e156fb3e125ad907fc/screenshot - {}
RESULT: {"using":"xpath","value":"//*[@id=\"application-managepartners-display-component---NewPartner--partnerDetailsCurrency-arrow\"]"}
COMMAND: POST /session/637de528f4e604e156fb3e125ad907fc/element/f.71948811B2353B7E36D356F88F4B3924.d.0E662E7028BF60B3D77236B8FA8C7CB4.e.15674/click - {}
RESULT: {}
RESULT: {}
COMMAND: POST /session/637de528f4e604e156fb3e125ad907fc/element - {"using":"xpath","value":"//span[contains(text(), \"US Dollar\")]"}
COMMAND: GET /session/637de528f4e604e156fb3e125ad907fc/screenshot - {}
RESULT: {"using":"xpath","value":"//span[contains(text(), \"US Dollar\")]"}
COMMAND: POST /session/637de528f4e604e156fb3e125ad907fc/element/f.71948811B2353B7E36D356F88F4B3924.d.0E662E7028BF60B3D77236B8FA8C7CB4.e.15675/click - {}
RESULT: {}
RESULT: {}
COMMAND: GET /session/637de528f4e604e156fb3e125ad907fc/screenshot - {}
RESULT: {}
COMMAND: POST /session/637de528f4e604e156fb3e125ad907fc/element - {"using":"xpath","value":"//input[@id=\"application-managepartners-display-component---NewPartner--companyCodeComboBox-inner\"]"}
RESULT: {"using":"xpath","value":"//input[@id=\"application-managepartners-display-component---NewPartner--companyCodeComboBox-inner\"]"}
COMMAND: POST /session/637de528f4e604e156fb3e125ad907fc/element/f.71948811B2353B7E36D356F88F4B3924.d.0E662E7028BF60B3D77236B8FA8C7CB4.e.15534/clear - {}
RESULT: {}
COMMAND: POST /session/637de528f4e604e156fb3e125ad907fc/element/f.71948811B2353B7E36D356F88F4B3924.d.0E662E7028BF60B3D77236B8FA8C7CB4.e.15534/value - {"text":"C002"}
COMMAND: GET /session/637de528f4e604e156fb3e125ad907fc/screenshot - {}
RESULT: {"text":"C002"}
COMMAND: GET /session/637de528f4e604e156fb3e125ad907fc/screenshot - {}
RESULT: {}
RESULT: {}
COMMAND: POST /session/637de528f4e604e156fb3e125ad907fc/element - {"using":"xpath","value":"//li[.//span[text()= \"C002\"]]"}
RESULT: {"using":"xpath","value":"//li[.//span[text()= \"C002\"]]"}
COMMAND: POST /session/637de528f4e604e156fb3e125ad907fc/element/f.71948811B2353B7E36D356F88F4B3924.d.0E662E7028BF60B3D77236B8FA8C7CB4.e.15679/click - {}
RESULT: {}
COMMAND: GET /session/637de528f4e604e156fb3e125ad907fc/screenshot - {}
RESULT: {}
RESULT: undefined
COMMAND: POST /session/637de528f4e604e156fb3e125ad907fc/element - {"using":"xpath","value":"//*[@id=\"__box22-arrow\"]"}
RESULT: {"using":"xpath","value":"//*[@id=\"__box22-arrow\"]"}
COMMAND: POST /session/637de528f4e604e156fb3e125ad907fc/elements - {"using":"xpath","value":"//*[@id=\"__box22-arrow\"]"}
RESULT: {"using":"xpath","value":"//*[@id=\"__box22-arrow\"]"}
COMMAND: POST /session/637de528f4e604e156fb3e125ad907fc/elements - {"using":"xpath","value":"//*[@id=\"__box22-arrow\"]"}
RESULT: {"using":"xpath","value":"//*[@id=\"__box22-arrow\"]"}
COMMAND: POST /session/637de528f4e604e156fb3e125ad907fc/elements - {"using":"xpath","value":"//*[@id=\"__box22-arrow\"]"}
RESULT: {"using":"xpath","value":"//*[@id=\"__box22-arrow\"]"}
COMMAND: POST /session/637de528f4e604e156fb3e125ad907fc/elements - {"using":"xpath","value":"//*[@id=\"__box22-arrow\"]"}
RESULT: {"using":"xpath","value":"//*[@id=\"__box22-arrow\"]"}
COMMAND: POST /session/637de528f4e604e156fb3e125ad907fc/elements - {"using":"xpath","value":"//*[@id=\"__box22-arrow\"]"}
RESULT: {"using":"xpath","value":"//*[@id=\"__box22-arrow\"]"}
COMMAND: POST /session/637de528f4e604e156fb3e125ad907fc/elements - {"using":"xpath","value":"//*[@id=\"__box22-arrow\"]"}
RESULT: {"using":"xpath","value":"//*[@id=\"__box22-arrow\"]"}
COMMAND: POST /session/637de528f4e604e156fb3e125ad907fc/elements - {"using":"xpath","value":"//*[@id=\"__box22-arrow\"]"}
RESULT: {"using":"xpath","value":"//*[@id=\"__box22-arrow\"]"}
COMMAND: POST /session/637de528f4e604e156fb3e125ad907fc/elements - {"using":"xpath","value":"//*[@id=\"__box22-arrow\"]"}
RESULT: {"using":"xpath","value":"//*[@id=\"__box22-arrow\"]"}
COMMAND: POST /session/637de528f4e604e156fb3e125ad907fc/elements - {"using":"xpath","value":"//*[@id=\"__box22-arrow\"]"}
RESULT: {"using":"xpath","value":"//*[@id=\"__box22-arrow\"]"}
COMMAND: POST /session/637de528f4e604e156fb3e125ad907fc/elements - {"using":"xpath","value":"//*[@id=\"__box22-arrow\"]"}
RESULT: {"using":"xpath","value":"//*[@id=\"__box22-arrow\"]"}
COMMAND: POST /session/637de528f4e604e156fb3e125ad907fc/elements - {"using":"xpath","value":"//*[@id=\"__box22-arrow\"]"}
RESULT: {"using":"xpath","value":"//*[@id=\"__box22-arrow\"]"}
COMMAND: POST /session/637de528f4e604e156fb3e125ad907fc/elements - {"using":"xpath","value":"//*[@id=\"__box22-arrow\"]"}
RESULT: {"using":"xpath","value":"//*[@id=\"__box22-arrow\"]"}
COMMAND: POST /session/637de528f4e604e156fb3e125ad907fc/elements - {"using":"xpath","value":"//*[@id=\"__box22-arrow\"]"}
RESULT: {"using":"xpath","value":"//*[@id=\"__box22-arrow\"]"}
COMMAND: POST /session/637de528f4e604e156fb3e125ad907fc/elements - {"using":"xpath","value":"//*[@id=\"__box22-arrow\"]"}
RESULT: {"using":"xpath","value":"//*[@id=\"__box22-arrow\"]"}
COMMAND: POST /session/637de528f4e604e156fb3e125ad907fc/elements - {"using":"xpath","value":"//*[@id=\"__box22-arrow\"]"}
RESULT: {"using":"xpath","value":"//*[@id=\"__box22-arrow\"]"}
COMMAND: POST /session/637de528f4e604e156fb3e125ad907fc/elements - {"using":"xpath","value":"//*[@id=\"__box22-arrow\"]"}
RESULT: {"using":"xpath","value":"//*[@id=\"__box22-arrow\"]"}
COMMAND: POST /session/637de528f4e604e156fb3e125ad907fc/elements - {"using":"xpath","value":"//*[@id=\"__box22-arrow\"]"}
RESULT: {"using":"xpath","value":"//*[@id=\"__box22-arrow\"]"}
COMMAND: POST /session/637de528f4e604e156fb3e125ad907fc/elements - {"using":"xpath","value":"//*[@id=\"__box22-arrow\"]"}
RESULT: {"using":"xpath","value":"//*[@id=\"__box22-arrow\"]"}
COMMAND: POST /session/637de528f4e604e156fb3e125ad907fc/elements - {"using":"xpath","value":"//*[@id=\"__box22-arrow\"]"}
RESULT: {"using":"xpath","value":"//*[@id=\"__box22-arrow\"]"}
COMMAND: POST /session/637de528f4e604e156fb3e125ad907fc/elements - {"using":"xpath","value":"//*[@id=\"__box22-arrow\"]"}
RESULT: {"using":"xpath","value":"//*[@id=\"__box22-arrow\"]"}
COMMAND: POST /session/637de528f4e604e156fb3e125ad907fc/elements - {"using":"xpath","value":"//*[@id=\"__box22-arrow\"]"}
RESULT: {"using":"xpath","value":"//*[@id=\"__box22-arrow\"]"}
COMMAND: POST /session/637de528f4e604e156fb3e125ad907fc/elements - {"using":"xpath","value":"//*[@id=\"__box22-arrow\"]"}
RESULT: {"using":"xpath","value":"//*[@id=\"__box22-arrow\"]"}
COMMAND: POST /session/637de528f4e604e156fb3e125ad907fc/elements - {"using":"xpath","value":"//*[@id=\"__box22-arrow\"]"}
RESULT: {"using":"xpath","value":"//*[@id=\"__box22-arrow\"]"}
COMMAND: POST /session/637de528f4e604e156fb3e125ad907fc/elements - {"using":"xpath","value":"//*[@id=\"__box22-arrow\"]"}
RESULT: {"using":"xpath","value":"//*[@id=\"__box22-arrow\"]"}
COMMAND: POST /session/637de528f4e604e156fb3e125ad907fc/elements - {"using":"xpath","value":"//*[@id=\"__box22-arrow\"]"}
RESULT: {"using":"xpath","value":"//*[@id=\"__box22-arrow\"]"}
COMMAND: POST /session/637de528f4e604e156fb3e125ad907fc/elements - {"using":"xpath","value":"//*[@id=\"__box22-arrow\"]"}
RESULT: {"using":"xpath","value":"//*[@id=\"__box22-arrow\"]"}
COMMAND: POST /session/637de528f4e604e156fb3e125ad907fc/elements - {"using":"xpath","value":"//*[@id=\"__box22-arrow\"]"}
RESULT: {"using":"xpath","value":"//*[@id=\"__box22-arrow\"]"}
COMMAND: POST /session/637de528f4e604e156fb3e125ad907fc/elements - {"using":"xpath","value":"//*[@id=\"__box22-arrow\"]"}
RESULT: {"using":"xpath","value":"//*[@id=\"__box22-arrow\"]"}
COMMAND: POST /session/637de528f4e604e156fb3e125ad907fc/elements - {"using":"xpath","value":"//*[@id=\"__box22-arrow\"]"}
RESULT: {"using":"xpath","value":"//*[@id=\"__box22-arrow\"]"}
COMMAND: POST /session/637de528f4e604e156fb3e125ad907fc/elements - {"using":"xpath","value":"//*[@id=\"__box22-arrow\"]"}
RESULT: {"using":"xpath","value":"//*[@id=\"__box22-arrow\"]"}
COMMAND: POST /session/637de528f4e604e156fb3e125ad907fc/elements - {"using":"xpath","value":"//*[@id=\"__box22-arrow\"]"}
RESULT: {"using":"xpath","value":"//*[@id=\"__box22-arrow\"]"}
COMMAND: POST /session/637de528f4e604e156fb3e125ad907fc/elements - {"using":"xpath","value":"//*[@id=\"__box22-arrow\"]"}
RESULT: {"using":"xpath","value":"//*[@id=\"__box22-arrow\"]"}
COMMAND: POST /session/637de528f4e604e156fb3e125ad907fc/elements - {"using":"xpath","value":"//*[@id=\"__box22-arrow\"]"}
RESULT: {"using":"xpath","value":"//*[@id=\"__box22-arrow\"]"}
COMMAND: POST /session/637de528f4e604e156fb3e125ad907fc/elements - {"using":"xpath","value":"//*[@id=\"__box22-arrow\"]"}
RESULT: {"using":"xpath","value":"//*[@id=\"__box22-arrow\"]"}
COMMAND: POST /session/637de528f4e604e156fb3e125ad907fc/elements - {"using":"xpath","value":"//*[@id=\"__box22-arrow\"]"}
RESULT: {"using":"xpath","value":"//*[@id=\"__box22-arrow\"]"}
COMMAND: POST /session/637de528f4e604e156fb3e125ad907fc/elements - {"using":"xpath","value":"//*[@id=\"__box22-arrow\"]"}
RESULT: {"using":"xpath","value":"//*[@id=\"__box22-arrow\"]"}
COMMAND: POST /session/637de528f4e604e156fb3e125ad907fc/elements - {"using":"xpath","value":"//*[@id=\"__box22-arrow\"]"}
RESULT: {"using":"xpath","value":"//*[@id=\"__box22-arrow\"]"}
COMMAND: POST /session/637de528f4e604e156fb3e125ad907fc/elements - {"using":"xpath","value":"//*[@id=\"__box22-arrow\"]"}
RESULT: {"using":"xpath","value":"//*[@id=\"__box22-arrow\"]"}
COMMAND: POST /session/637de528f4e604e156fb3e125ad907fc/elements - {"using":"xpath","value":"//*[@id=\"__box22-arrow\"]"}
RESULT: {"using":"xpath","value":"//*[@id=\"__box22-arrow\"]"}
COMMAND: POST /session/637de528f4e604e156fb3e125ad907fc/elements - {"using":"xpath","value":"//*[@id=\"__box22-arrow\"]"}
RESULT: {"using":"xpath","value":"//*[@id=\"__box22-arrow\"]"}
COMMAND: POST /session/637de528f4e604e156fb3e125ad907fc/elements - {"using":"xpath","value":"//*[@id=\"__box22-arrow\"]"}
RESULT: {"using":"xpath","value":"//*[@id=\"__box22-arrow\"]"}
COMMAND: POST /session/637de528f4e604e156fb3e125ad907fc/elements - {"using":"xpath","value":"//*[@id=\"__box22-arrow\"]"}
RESULT: {"using":"xpath","value":"//*[@id=\"__box22-arrow\"]"}
COMMAND: POST /session/637de528f4e604e156fb3e125ad907fc/elements - {"using":"xpath","value":"//*[@id=\"__box22-arrow\"]"}
RESULT: {"using":"xpath","value":"//*[@id=\"__box22-arrow\"]"}
COMMAND: POST /session/637de528f4e604e156fb3e125ad907fc/elements - {"using":"xpath","value":"//*[@id=\"__box22-arrow\"]"}
RESULT: {"using":"xpath","value":"//*[@id=\"__box22-arrow\"]"}
COMMAND: POST /session/637de528f4e604e156fb3e125ad907fc/elements - {"using":"xpath","value":"//*[@id=\"__box22-arrow\"]"}
RESULT: {"using":"xpath","value":"//*[@id=\"__box22-arrow\"]"}
COMMAND: POST /session/637de528f4e604e156fb3e125ad907fc/elements - {"using":"xpath","value":"//*[@id=\"__box22-arrow\"]"}
RESULT: {"using":"xpath","value":"//*[@id=\"__box22-arrow\"]"}
COMMAND: POST /session/637de528f4e604e156fb3e125ad907fc/elements - {"using":"xpath","value":"//*[@id=\"__box22-arrow\"]"}
RESULT: {"using":"xpath","value":"//*[@id=\"__box22-arrow\"]"}
COMMAND: POST /session/637de528f4e604e156fb3e125ad907fc/elements - {"using":"xpath","value":"//*[@id=\"__box22-arrow\"]"}
RESULT: {"using":"xpath","value":"//*[@id=\"__box22-arrow\"]"}
COMMAND: POST /session/637de528f4e604e156fb3e125ad907fc/elements - {"using":"xpath","value":"//*[@id=\"__box22-arrow\"]"}
RESULT: {"using":"xpath","value":"//*[@id=\"__box22-arrow\"]"}
COMMAND: POST /session/637de528f4e604e156fb3e125ad907fc/elements - {"using":"xpath","value":"//*[@id=\"__box22-arrow\"]"}
RESULT: {"using":"xpath","value":"//*[@id=\"__box22-arrow\"]"}
COMMAND: POST /session/637de528f4e604e156fb3e125ad907fc/elements - {"using":"xpath","value":"//*[@id=\"__box22-arrow\"]"}
RESULT: {"using":"xpath","value":"//*[@id=\"__box22-arrow\"]"}
COMMAND: POST /session/637de528f4e604e156fb3e125ad907fc/elements - {"using":"xpath","value":"//*[@id=\"__box22-arrow\"]"}
RESULT: {"using":"xpath","value":"//*[@id=\"__box22-arrow\"]"}
COMMAND: POST /session/637de528f4e604e156fb3e125ad907fc/elements - {"using":"xpath","value":"//*[@id=\"__box22-arrow\"]"}
RESULT: {"using":"xpath","value":"//*[@id=\"__box22-arrow\"]"}
COMMAND: POST /session/637de528f4e604e156fb3e125ad907fc/elements - {"using":"xpath","value":"//*[@id=\"__box22-arrow\"]"}
RESULT: {"using":"xpath","value":"//*[@id=\"__box22-arrow\"]"}
COMMAND: POST /session/637de528f4e604e156fb3e125ad907fc/elements - {"using":"xpath","value":"//*[@id=\"__box22-arrow\"]"}
RESULT: {"using":"xpath","value":"//*[@id=\"__box22-arrow\"]"}
COMMAND: POST /session/637de528f4e604e156fb3e125ad907fc/elements - {"using":"xpath","value":"//*[@id=\"__box22-arrow\"]"}
RESULT: {"using":"xpath","value":"//*[@id=\"__box22-arrow\"]"}
COMMAND: POST /session/637de528f4e604e156fb3e125ad907fc/elements - {"using":"xpath","value":"//*[@id=\"__box22-arrow\"]"}
RESULT: {"using":"xpath","value":"//*[@id=\"__box22-arrow\"]"}
COMMAND: POST /session/637de528f4e604e156fb3e125ad907fc/elements - {"using":"xpath","value":"//*[@id=\"__box22-arrow\"]"}
RESULT: {"using":"xpath","value":"//*[@id=\"__box22-arrow\"]"}
COMMAND: POST /session/637de528f4e604e156fb3e125ad907fc/elements - {"using":"xpath","value":"//*[@id=\"__box22-arrow\"]"}
RESULT: {"using":"xpath","value":"//*[@id=\"__box22-arrow\"]"}
COMMAND: POST /session/637de528f4e604e156fb3e125ad907fc/elements - {"using":"xpath","value":"//*[@id=\"__box22-arrow\"]"}
RESULT: {"using":"xpath","value":"//*[@id=\"__box22-arrow\"]"}
COMMAND: POST /session/637de528f4e604e156fb3e125ad907fc/elements - {"using":"xpath","value":"//*[@id=\"__box22-arrow\"]"}
RESULT: {"using":"xpath","value":"//*[@id=\"__box22-arrow\"]"}
COMMAND: POST /session/637de528f4e604e156fb3e125ad907fc/elements - {"using":"xpath","value":"//*[@id=\"__box22-arrow\"]"}
RESULT: {"using":"xpath","value":"//*[@id=\"__box22-arrow\"]"}
COMMAND: POST /session/637de528f4e604e156fb3e125ad907fc/elements - {"using":"xpath","value":"//*[@id=\"__box22-arrow\"]"}
RESULT: {"using":"xpath","value":"//*[@id=\"__box22-arrow\"]"}
COMMAND: POST /session/637de528f4e604e156fb3e125ad907fc/elements - {"using":"xpath","value":"//*[@id=\"__box22-arrow\"]"}
RESULT: {"using":"xpath","value":"//*[@id=\"__box22-arrow\"]"}
COMMAND: POST /session/637de528f4e604e156fb3e125ad907fc/elements - {"using":"xpath","value":"//*[@id=\"__box22-arrow\"]"}
RESULT: {"using":"xpath","value":"//*[@id=\"__box22-arrow\"]"}
COMMAND: POST /session/637de528f4e604e156fb3e125ad907fc/elements - {"using":"xpath","value":"//*[@id=\"__box22-arrow\"]"}
RESULT: {"using":"xpath","value":"//*[@id=\"__box22-arrow\"]"}
COMMAND: POST /session/637de528f4e604e156fb3e125ad907fc/elements - {"using":"xpath","value":"//*[@id=\"__box22-arrow\"]"}
RESULT: {"using":"xpath","value":"//*[@id=\"__box22-arrow\"]"}
COMMAND: POST /session/637de528f4e604e156fb3e125ad907fc/elements - {"using":"xpath","value":"//*[@id=\"__box22-arrow\"]"}
RESULT: {"using":"xpath","value":"//*[@id=\"__box22-arrow\"]"}
COMMAND: POST /session/637de528f4e604e156fb3e125ad907fc/elements - {"using":"xpath","value":"//*[@id=\"__box22-arrow\"]"}
RESULT: {"using":"xpath","value":"//*[@id=\"__box22-arrow\"]"}
COMMAND: POST /session/637de528f4e604e156fb3e125ad907fc/elements - {"using":"xpath","value":"//*[@id=\"__box22-arrow\"]"}
RESULT: {"using":"xpath","value":"//*[@id=\"__box22-arrow\"]"}
COMMAND: POST /session/637de528f4e604e156fb3e125ad907fc/elements - {"using":"xpath","value":"//*[@id=\"__box22-arrow\"]"}
RESULT: {"using":"xpath","value":"//*[@id=\"__box22-arrow\"]"}
COMMAND: POST /session/637de528f4e604e156fb3e125ad907fc/elements - {"using":"xpath","value":"//*[@id=\"__box22-arrow\"]"}
RESULT: {"using":"xpath","value":"//*[@id=\"__box22-arrow\"]"}
COMMAND: POST /session/637de528f4e604e156fb3e125ad907fc/elements - {"using":"xpath","value":"//*[@id=\"__box22-arrow\"]"}
RESULT: {"using":"xpath","value":"//*[@id=\"__box22-arrow\"]"}
COMMAND: POST /session/637de528f4e604e156fb3e125ad907fc/elements - {"using":"xpath","value":"//*[@id=\"__box22-arrow\"]"}
RESULT: {"using":"xpath","value":"//*[@id=\"__box22-arrow\"]"}
COMMAND: POST /session/637de528f4e604e156fb3e125ad907fc/elements - {"using":"xpath","value":"//*[@id=\"__box22-arrow\"]"}
RESULT: {"using":"xpath","value":"//*[@id=\"__box22-arrow\"]"}
COMMAND: POST /session/637de528f4e604e156fb3e125ad907fc/elements - {"using":"xpath","value":"//*[@id=\"__box22-arrow\"]"}
RESULT: {"using":"xpath","value":"//*[@id=\"__box22-arrow\"]"}
COMMAND: POST /session/637de528f4e604e156fb3e125ad907fc/elements - {"using":"xpath","value":"//*[@id=\"__box22-arrow\"]"}
RESULT: {"using":"xpath","value":"//*[@id=\"__box22-arrow\"]"}
COMMAND: POST /session/637de528f4e604e156fb3e125ad907fc/elements - {"using":"xpath","value":"//*[@id=\"__box22-arrow\"]"}
RESULT: {"using":"xpath","value":"//*[@id=\"__box22-arrow\"]"}
COMMAND: POST /session/637de528f4e604e156fb3e125ad907fc/elements - {"using":"xpath","value":"//*[@id=\"__box22-arrow\"]"}
RESULT: {"using":"xpath","value":"//*[@id=\"__box22-arrow\"]"}
COMMAND: POST /session/637de528f4e604e156fb3e125ad907fc/elements - {"using":"xpath","value":"//*[@id=\"__box22-arrow\"]"}
RESULT: {"using":"xpath","value":"//*[@id=\"__box22-arrow\"]"}
COMMAND: POST /session/637de528f4e604e156fb3e125ad907fc/elements - {"using":"xpath","value":"//*[@id=\"__box22-arrow\"]"}
RESULT: {"using":"xpath","value":"//*[@id=\"__box22-arrow\"]"}
COMMAND: POST /session/637de528f4e604e156fb3e125ad907fc/elements - {"using":"xpath","value":"//*[@id=\"__box22-arrow\"]"}
RESULT: {"using":"xpath","value":"//*[@id=\"__box22-arrow\"]"}
COMMAND: POST /session/637de528f4e604e156fb3e125ad907fc/elements - {"using":"xpath","value":"//*[@id=\"__box22-arrow\"]"}
RESULT: {"using":"xpath","value":"//*[@id=\"__box22-arrow\"]"}
COMMAND: POST /session/637de528f4e604e156fb3e125ad907fc/elements - {"using":"xpath","value":"//*[@id=\"__box22-arrow\"]"}
RESULT: {"using":"xpath","value":"//*[@id=\"__box22-arrow\"]"}
COMMAND: POST /session/637de528f4e604e156fb3e125ad907fc/elements - {"using":"xpath","value":"//*[@id=\"__box22-arrow\"]"}
RESULT: {"using":"xpath","value":"//*[@id=\"__box22-arrow\"]"}
COMMAND: POST /session/637de528f4e604e156fb3e125ad907fc/elements - {"using":"xpath","value":"//*[@id=\"__box22-arrow\"]"}
RESULT: {"using":"xpath","value":"//*[@id=\"__box22-arrow\"]"}
COMMAND: POST /session/637de528f4e604e156fb3e125ad907fc/elements - {"using":"xpath","value":"//*[@id=\"__box22-arrow\"]"}
RESULT: {"using":"xpath","value":"//*[@id=\"__box22-arrow\"]"}
COMMAND: POST /session/637de528f4e604e156fb3e125ad907fc/elements - {"using":"xpath","value":"//*[@id=\"__box22-arrow\"]"}
RESULT: {"using":"xpath","value":"//*[@id=\"__box22-arrow\"]"}
COMMAND: POST /session/637de528f4e604e156fb3e125ad907fc/elements - {"using":"xpath","value":"//*[@id=\"__box22-arrow\"]"}
RESULT: {"using":"xpath","value":"//*[@id=\"__box22-arrow\"]"}
COMMAND: POST /session/637de528f4e604e156fb3e125ad907fc/elements - {"using":"xpath","value":"//*[@id=\"__box22-arrow\"]"}
RESULT: {"using":"xpath","value":"//*[@id=\"__box22-arrow\"]"}
COMMAND: POST /session/637de528f4e604e156fb3e125ad907fc/elements - {"using":"xpath","value":"//*[@id=\"__box22-arrow\"]"}
RESULT: {"using":"xpath","value":"//*[@id=\"__box22-arrow\"]"}
COMMAND: POST /session/637de528f4e604e156fb3e125ad907fc/elements - {"using":"xpath","value":"//*[@id=\"__box22-arrow\"]"}
RESULT: {"using":"xpath","value":"//*[@id=\"__box22-arrow\"]"}
COMMAND: POST /session/637de528f4e604e156fb3e125ad907fc/elements - {"using":"xpath","value":"//*[@id=\"__box22-arrow\"]"}
RESULT: {"using":"xpath","value":"//*[@id=\"__box22-arrow\"]"}
COMMAND: POST /session/637de528f4e604e156fb3e125ad907fc/elements - {"using":"xpath","value":"//*[@id=\"__box22-arrow\"]"}
RESULT: {"using":"xpath","value":"//*[@id=\"__box22-arrow\"]"}
COMMAND: POST /session/637de528f4e604e156fb3e125ad907fc/elements - {"using":"xpath","value":"//*[@id=\"__box22-arrow\"]"}
RESULT: {"using":"xpath","value":"//*[@id=\"__box22-arrow\"]"}
COMMAND: POST /session/637de528f4e604e156fb3e125ad907fc/elements - {"using":"xpath","value":"//*[@id=\"__box22-arrow\"]"}
RESULT: {"using":"xpath","value":"//*[@id=\"__box22-arrow\"]"}
COMMAND: POST /session/637de528f4e604e156fb3e125ad907fc/elements - {"using":"xpath","value":"//*[@id=\"__box22-arrow\"]"}
RESULT: {"using":"xpath","value":"//*[@id=\"__box22-arrow\"]"}
COMMAND: POST /session/637de528f4e604e156fb3e125ad907fc/elements - {"using":"xpath","value":"//*[@id=\"__box22-arrow\"]"}
RESULT: {"using":"xpath","value":"//*[@id=\"__box22-arrow\"]"}
COMMAND: POST /session/637de528f4e604e156fb3e125ad907fc/elements - {"using":"xpath","value":"//*[@id=\"__box22-arrow\"]"}
RESULT: {"using":"xpath","value":"//*[@id=\"__box22-arrow\"]"}
COMMAND: POST /session/637de528f4e604e156fb3e125ad907fc/elements - {"using":"xpath","value":"//*[@id=\"__box22-arrow\"]"}
RESULT: {"using":"xpath","value":"//*[@id=\"__box22-arrow\"]"}
COMMAND: POST /session/637de528f4e604e156fb3e125ad907fc/elements - {"using":"xpath","value":"//*[@id=\"__box22-arrow\"]"}
RESULT: {"using":"xpath","value":"//*[@id=\"__box22-arrow\"]"}
COMMAND: POST /session/637de528f4e604e156fb3e125ad907fc/elements - {"using":"xpath","value":"//*[@id=\"__box22-arrow\"]"}
RESULT: {"using":"xpath","value":"//*[@id=\"__box22-arrow\"]"}
COMMAND: POST /session/637de528f4e604e156fb3e125ad907fc/elements - {"using":"xpath","value":"//*[@id=\"__box22-arrow\"]"}
RESULT: {"using":"xpath","value":"//*[@id=\"__box22-arrow\"]"}
COMMAND: POST /session/637de528f4e604e156fb3e125ad907fc/elements - {"using":"xpath","value":"//*[@id=\"__box22-arrow\"]"}
RESULT: {"using":"xpath","value":"//*[@id=\"__box22-arrow\"]"}
COMMAND: POST /session/637de528f4e604e156fb3e125ad907fc/elements - {"using":"xpath","value":"//*[@id=\"__box22-arrow\"]"}
RESULT: {"using":"xpath","value":"//*[@id=\"__box22-arrow\"]"}
COMMAND: POST /session/637de528f4e604e156fb3e125ad907fc/elements - {"using":"xpath","value":"//*[@id=\"__box22-arrow\"]"}
RESULT: {"using":"xpath","value":"//*[@id=\"__box22-arrow\"]"}
COMMAND: POST /session/637de528f4e604e156fb3e125ad907fc/elements - {"using":"xpath","value":"//*[@id=\"__box22-arrow\"]"}
RESULT: {"using":"xpath","value":"//*[@id=\"__box22-arrow\"]"}
COMMAND: POST /session/637de528f4e604e156fb3e125ad907fc/elements - {"using":"xpath","value":"//*[@id=\"__box22-arrow\"]"}
RESULT: {"using":"xpath","value":"//*[@id=\"__box22-arrow\"]"}
COMMAND: POST /session/637de528f4e604e156fb3e125ad907fc/elements - {"using":"xpath","value":"//*[@id=\"__box22-arrow\"]"}
RESULT: {"using":"xpath","value":"//*[@id=\"__box22-arrow\"]"}
COMMAND: POST /session/637de528f4e604e156fb3e125ad907fc/elements - {"using":"xpath","value":"//*[@id=\"__box22-arrow\"]"}
RESULT: {"using":"xpath","value":"//*[@id=\"__box22-arrow\"]"}
COMMAND: POST /session/637de528f4e604e156fb3e125ad907fc/elements - {"using":"xpath","value":"//*[@id=\"__box22-arrow\"]"}
RESULT: {"using":"xpath","value":"//*[@id=\"__box22-arrow\"]"}
COMMAND: POST /session/637de528f4e604e156fb3e125ad907fc/elements - {"using":"xpath","value":"//*[@id=\"__box22-arrow\"]"}
RESULT: {"using":"xpath","value":"//*[@id=\"__box22-arrow\"]"}
COMMAND: POST /session/637de528f4e604e156fb3e125ad907fc/elements - {"using":"xpath","value":"//*[@id=\"__box22-arrow\"]"}
RESULT: {"using":"xpath","value":"//*[@id=\"__box22-arrow\"]"}
COMMAND: POST /session/637de528f4e604e156fb3e125ad907fc/elements - {"using":"xpath","value":"//*[@id=\"__box22-arrow\"]"}
RESULT: {"using":"xpath","value":"//*[@id=\"__box22-arrow\"]"}
COMMAND: POST /session/637de528f4e604e156fb3e125ad907fc/elements - {"using":"xpath","value":"//*[@id=\"__box22-arrow\"]"}
RESULT: {"using":"xpath","value":"//*[@id=\"__box22-arrow\"]"}
COMMAND: POST /session/637de528f4e604e156fb3e125ad907fc/elements - {"using":"xpath","value":"//*[@id=\"__box22-arrow\"]"}
RESULT: {"using":"xpath","value":"//*[@id=\"__box22-arrow\"]"}
COMMAND: POST /session/637de528f4e604e156fb3e125ad907fc/elements - {"using":"xpath","value":"//*[@id=\"__box22-arrow\"]"}
RESULT: {"using":"xpath","value":"//*[@id=\"__box22-arrow\"]"}
COMMAND: POST /session/637de528f4e604e156fb3e125ad907fc/elements - {"using":"xpath","value":"//*[@id=\"__box22-arrow\"]"}
RESULT: {"using":"xpath","value":"//*[@id=\"__box22-arrow\"]"}
COMMAND: POST /session/637de528f4e604e156fb3e125ad907fc/elements - {"using":"xpath","value":"//*[@id=\"__box22-arrow\"]"}
RESULT: {"using":"xpath","value":"//*[@id=\"__box22-arrow\"]"}
COMMAND: POST /session/637de528f4e604e156fb3e125ad907fc/elements - {"using":"xpath","value":"//*[@id=\"__box22-arrow\"]"}
RESULT: {"using":"xpath","value":"//*[@id=\"__box22-arrow\"]"}
COMMAND: POST /session/637de528f4e604e156fb3e125ad907fc/elements - {"using":"xpath","value":"//*[@id=\"__box22-arrow\"]"}
RESULT: {"using":"xpath","value":"//*[@id=\"__box22-arrow\"]"}
COMMAND: POST /session/637de528f4e604e156fb3e125ad907fc/element - {"using":"xpath","value":"//ul[contains(@id,\"popup-list-listUl\")]//li[.//span[text()= \"Webshop Catalog\"]]"}
RESULT: {"using":"xpath","value":"//ul[contains(@id,\"popup-list-listUl\")]//li[.//span[text()= \"Webshop Catalog\"]]"}
COMMAND: POST /session/637de528f4e604e156fb3e125ad907fc/elements - {"using":"xpath","value":"//ul[contains(@id,\"popup-list-listUl\")]//li[.//span[text()= \"Webshop Catalog\"]]"}
RESULT: {"using":"xpath","value":"//ul[contains(@id,\"popup-list-listUl\")]//li[.//span[text()= \"Webshop Catalog\"]]"}
COMMAND: POST /session/637de528f4e604e156fb3e125ad907fc/elements - {"using":"xpath","value":"//ul[contains(@id,\"popup-list-listUl\")]//li[.//span[text()= \"Webshop Catalog\"]]"}
RESULT: {"using":"xpath","value":"//ul[contains(@id,\"popup-list-listUl\")]//li[.//span[text()= \"Webshop Catalog\"]]"}
COMMAND: POST /session/637de528f4e604e156fb3e125ad907fc/elements - {"using":"xpath","value":"//ul[contains(@id,\"popup-list-listUl\")]//li[.//span[text()= \"Webshop Catalog\"]]"}
RESULT: {"using":"xpath","value":"//ul[contains(@id,\"popup-list-listUl\")]//li[.//span[text()= \"Webshop Catalog\"]]"}
COMMAND: POST /session/637de528f4e604e156fb3e125ad907fc/elements - {"using":"xpath","value":"//ul[contains(@id,\"popup-list-listUl\")]//li[.//span[text()= \"Webshop Catalog\"]]"}
RESULT: {"using":"xpath","value":"//ul[contains(@id,\"popup-list-listUl\")]//li[.//span[text()= \"Webshop Catalog\"]]"}
COMMAND: POST /session/637de528f4e604e156fb3e125ad907fc/elements - {"using":"xpath","value":"//ul[contains(@id,\"popup-list-listUl\")]//li[.//span[text()= \"Webshop Catalog\"]]"}
RESULT: {"using":"xpath","value":"//ul[contains(@id,\"popup-list-listUl\")]//li[.//span[text()= \"Webshop Catalog\"]]"}
COMMAND: POST /session/637de528f4e604e156fb3e125ad907fc/elements - {"using":"xpath","value":"//ul[contains(@id,\"popup-list-listUl\")]//li[.//span[text()= \"Webshop Catalog\"]]"}
RESULT: {"using":"xpath","value":"//ul[contains(@id,\"popup-list-listUl\")]//li[.//span[text()= \"Webshop Catalog\"]]"}
COMMAND: POST /session/637de528f4e604e156fb3e125ad907fc/elements - {"using":"xpath","value":"//ul[contains(@id,\"popup-list-listUl\")]//li[.//span[text()= \"Webshop Catalog\"]]"}
RESULT: {"using":"xpath","value":"//ul[contains(@id,\"popup-list-listUl\")]//li[.//span[text()= \"Webshop Catalog\"]]"}
COMMAND: POST /session/637de528f4e604e156fb3e125ad907fc/elements - {"using":"xpath","value":"//ul[contains(@id,\"popup-list-listUl\")]//li[.//span[text()= \"Webshop Catalog\"]]"}
RESULT: {"using":"xpath","value":"//ul[contains(@id,\"popup-list-listUl\")]//li[.//span[text()= \"Webshop Catalog\"]]"}
COMMAND: POST /session/637de528f4e604e156fb3e125ad907fc/elements - {"using":"xpath","value":"//ul[contains(@id,\"popup-list-listUl\")]//li[.//span[text()= \"Webshop Catalog\"]]"}
RESULT: {"using":"xpath","value":"//ul[contains(@id,\"popup-list-listUl\")]//li[.//span[text()= \"Webshop Catalog\"]]"}
COMMAND: POST /session/637de528f4e604e156fb3e125ad907fc/elements - {"using":"xpath","value":"//ul[contains(@id,\"popup-list-listUl\")]//li[.//span[text()= \"Webshop Catalog\"]]"}
RESULT: {"using":"xpath","value":"//ul[contains(@id,\"popup-list-listUl\")]//li[.//span[text()= \"Webshop Catalog\"]]"}
COMMAND: POST /session/637de528f4e604e156fb3e125ad907fc/elements - {"using":"xpath","value":"//ul[contains(@id,\"popup-list-listUl\")]//li[.//span[text()= \"Webshop Catalog\"]]"}
RESULT: {"using":"xpath","value":"//ul[contains(@id,\"popup-list-listUl\")]//li[.//span[text()= \"Webshop Catalog\"]]"}
COMMAND: POST /session/637de528f4e604e156fb3e125ad907fc/elements - {"using":"xpath","value":"//ul[contains(@id,\"popup-list-listUl\")]//li[.//span[text()= \"Webshop Catalog\"]]"}
RESULT: {"using":"xpath","value":"//ul[contains(@id,\"popup-list-listUl\")]//li[.//span[text()= \"Webshop Catalog\"]]"}
COMMAND: POST /session/637de528f4e604e156fb3e125ad907fc/elements - {"using":"xpath","value":"//ul[contains(@id,\"popup-list-listUl\")]//li[.//span[text()= \"Webshop Catalog\"]]"}
RESULT: {"using":"xpath","value":"//ul[contains(@id,\"popup-list-listUl\")]//li[.//span[text()= \"Webshop Catalog\"]]"}
COMMAND: POST /session/637de528f4e604e156fb3e125ad907fc/elements - {"using":"xpath","value":"//ul[contains(@id,\"popup-list-listUl\")]//li[.//span[text()= \"Webshop Catalog\"]]"}
RESULT: {"using":"xpath","value":"//ul[contains(@id,\"popup-list-listUl\")]//li[.//span[text()= \"Webshop Catalog\"]]"}
COMMAND: POST /session/637de528f4e604e156fb3e125ad907fc/elements - {"using":"xpath","value":"//ul[contains(@id,\"popup-list-listUl\")]//li[.//span[text()= \"Webshop Catalog\"]]"}
RESULT: {"using":"xpath","value":"//ul[contains(@id,\"popup-list-listUl\")]//li[.//span[text()= \"Webshop Catalog\"]]"}
COMMAND: POST /session/637de528f4e604e156fb3e125ad907fc/elements - {"using":"xpath","value":"//ul[contains(@id,\"popup-list-listUl\")]//li[.//span[text()= \"Webshop Catalog\"]]"}
RESULT: {"using":"xpath","value":"//ul[contains(@id,\"popup-list-listUl\")]//li[.//span[text()= \"Webshop Catalog\"]]"}
COMMAND: POST /session/637de528f4e604e156fb3e125ad907fc/elements - {"using":"xpath","value":"//ul[contains(@id,\"popup-list-listUl\")]//li[.//span[text()= \"Webshop Catalog\"]]"}
RESULT: {"using":"xpath","value":"//ul[contains(@id,\"popup-list-listUl\")]//li[.//span[text()= \"Webshop Catalog\"]]"}
COMMAND: POST /session/637de528f4e604e156fb3e125ad907fc/elements - {"using":"xpath","value":"//ul[contains(@id,\"popup-list-listUl\")]//li[.//span[text()= \"Webshop Catalog\"]]"}
RESULT: {"using":"xpath","value":"//ul[contains(@id,\"popup-list-listUl\")]//li[.//span[text()= \"Webshop Catalog\"]]"}
COMMAND: POST /session/637de528f4e604e156fb3e125ad907fc/elements - {"using":"xpath","value":"//ul[contains(@id,\"popup-list-listUl\")]//li[.//span[text()= \"Webshop Catalog\"]]"}
RESULT: {"using":"xpath","value":"//ul[contains(@id,\"popup-list-listUl\")]//li[.//span[text()= \"Webshop Catalog\"]]"}
COMMAND: POST /session/637de528f4e604e156fb3e125ad907fc/elements - {"using":"xpath","value":"//ul[contains(@id,\"popup-list-listUl\")]//li[.//span[text()= \"Webshop Catalog\"]]"}
RESULT: {"using":"xpath","value":"//ul[contains(@id,\"popup-list-listUl\")]//li[.//span[text()= \"Webshop Catalog\"]]"}
COMMAND: POST /session/637de528f4e604e156fb3e125ad907fc/elements - {"using":"xpath","value":"//ul[contains(@id,\"popup-list-listUl\")]//li[.//span[text()= \"Webshop Catalog\"]]"}
RESULT: {"using":"xpath","value":"//ul[contains(@id,\"popup-list-listUl\")]//li[.//span[text()= \"Webshop Catalog\"]]"}
COMMAND: POST /session/637de528f4e604e156fb3e125ad907fc/elements - {"using":"xpath","value":"//ul[contains(@id,\"popup-list-listUl\")]//li[.//span[text()= \"Webshop Catalog\"]]"}
RESULT: {"using":"xpath","value":"//ul[contains(@id,\"popup-list-listUl\")]//li[.//span[text()= \"Webshop Catalog\"]]"}
COMMAND: POST /session/637de528f4e604e156fb3e125ad907fc/elements - {"using":"xpath","value":"//ul[contains(@id,\"popup-list-listUl\")]//li[.//span[text()= \"Webshop Catalog\"]]"}
RESULT: {"using":"xpath","value":"//ul[contains(@id,\"popup-list-listUl\")]//li[.//span[text()= \"Webshop Catalog\"]]"}
COMMAND: POST /session/637de528f4e604e156fb3e125ad907fc/elements - {"using":"xpath","value":"//ul[contains(@id,\"popup-list-listUl\")]//li[.//span[text()= \"Webshop Catalog\"]]"}
RESULT: {"using":"xpath","value":"//ul[contains(@id,\"popup-list-listUl\")]//li[.//span[text()= \"Webshop Catalog\"]]"}
COMMAND: POST /session/637de528f4e604e156fb3e125ad907fc/elements - {"using":"xpath","value":"//ul[contains(@id,\"popup-list-listUl\")]//li[.//span[text()= \"Webshop Catalog\"]]"}
RESULT: {"using":"xpath","value":"//ul[contains(@id,\"popup-list-listUl\")]//li[.//span[text()= \"Webshop Catalog\"]]"}
COMMAND: POST /session/637de528f4e604e156fb3e125ad907fc/elements - {"using":"xpath","value":"//ul[contains(@id,\"popup-list-listUl\")]//li[.//span[text()= \"Webshop Catalog\"]]"}
RESULT: {"using":"xpath","value":"//ul[contains(@id,\"popup-list-listUl\")]//li[.//span[text()= \"Webshop Catalog\"]]"}
COMMAND: POST /session/637de528f4e604e156fb3e125ad907fc/elements - {"using":"xpath","value":"//ul[contains(@id,\"popup-list-listUl\")]//li[.//span[text()= \"Webshop Catalog\"]]"}
RESULT: {"using":"xpath","value":"//ul[contains(@id,\"popup-list-listUl\")]//li[.//span[text()= \"Webshop Catalog\"]]"}
COMMAND: POST /session/637de528f4e604e156fb3e125ad907fc/elements - {"using":"xpath","value":"//ul[contains(@id,\"popup-list-listUl\")]//li[.//span[text()= \"Webshop Catalog\"]]"}
RESULT: {"using":"xpath","value":"//ul[contains(@id,\"popup-list-listUl\")]//li[.//span[text()= \"Webshop Catalog\"]]"}
COMMAND: POST /session/637de528f4e604e156fb3e125ad907fc/elements - {"using":"xpath","value":"//ul[contains(@id,\"popup-list-listUl\")]//li[.//span[text()= \"Webshop Catalog\"]]"}
RESULT: {"using":"xpath","value":"//ul[contains(@id,\"popup-list-listUl\")]//li[.//span[text()= \"Webshop Catalog\"]]"}
COMMAND: POST /session/637de528f4e604e156fb3e125ad907fc/elements - {"using":"xpath","value":"//ul[contains(@id,\"popup-list-listUl\")]//li[.//span[text()= \"Webshop Catalog\"]]"}
RESULT: {"using":"xpath","value":"//ul[contains(@id,\"popup-list-listUl\")]//li[.//span[text()= \"Webshop Catalog\"]]"}
COMMAND: POST /session/637de528f4e604e156fb3e125ad907fc/elements - {"using":"xpath","value":"//ul[contains(@id,\"popup-list-listUl\")]//li[.//span[text()= \"Webshop Catalog\"]]"}
RESULT: {"using":"xpath","value":"//ul[contains(@id,\"popup-list-listUl\")]//li[.//span[text()= \"Webshop Catalog\"]]"}
COMMAND: POST /session/637de528f4e604e156fb3e125ad907fc/elements - {"using":"xpath","value":"//ul[contains(@id,\"popup-list-listUl\")]//li[.//span[text()= \"Webshop Catalog\"]]"}
RESULT: {"using":"xpath","value":"//ul[contains(@id,\"popup-list-listUl\")]//li[.//span[text()= \"Webshop Catalog\"]]"}
COMMAND: POST /session/637de528f4e604e156fb3e125ad907fc/elements - {"using":"xpath","value":"//ul[contains(@id,\"popup-list-listUl\")]//li[.//span[text()= \"Webshop Catalog\"]]"}
RESULT: {"using":"xpath","value":"//ul[contains(@id,\"popup-list-listUl\")]//li[.//span[text()= \"Webshop Catalog\"]]"}
COMMAND: POST /session/637de528f4e604e156fb3e125ad907fc/elements - {"using":"xpath","value":"//ul[contains(@id,\"popup-list-listUl\")]//li[.//span[text()= \"Webshop Catalog\"]]"}
RESULT: {"using":"xpath","value":"//ul[contains(@id,\"popup-list-listUl\")]//li[.//span[text()= \"Webshop Catalog\"]]"}
COMMAND: POST /session/637de528f4e604e156fb3e125ad907fc/elements - {"using":"xpath","value":"//ul[contains(@id,\"popup-list-listUl\")]//li[.//span[text()= \"Webshop Catalog\"]]"}
RESULT: {"using":"xpath","value":"//ul[contains(@id,\"popup-list-listUl\")]//li[.//span[text()= \"Webshop Catalog\"]]"}
COMMAND: POST /session/637de528f4e604e156fb3e125ad907fc/elements - {"using":"xpath","value":"//ul[contains(@id,\"popup-list-listUl\")]//li[.//span[text()= \"Webshop Catalog\"]]"}
RESULT: {"using":"xpath","value":"//ul[contains(@id,\"popup-list-listUl\")]//li[.//span[text()= \"Webshop Catalog\"]]"}
COMMAND: POST /session/637de528f4e604e156fb3e125ad907fc/elements - {"using":"xpath","value":"//ul[contains(@id,\"popup-list-listUl\")]//li[.//span[text()= \"Webshop Catalog\"]]"}
RESULT: {"using":"xpath","value":"//ul[contains(@id,\"popup-list-listUl\")]//li[.//span[text()= \"Webshop Catalog\"]]"}
COMMAND: POST /session/637de528f4e604e156fb3e125ad907fc/elements - {"using":"xpath","value":"//ul[contains(@id,\"popup-list-listUl\")]//li[.//span[text()= \"Webshop Catalog\"]]"}
RESULT: {"using":"xpath","value":"//ul[contains(@id,\"popup-list-listUl\")]//li[.//span[text()= \"Webshop Catalog\"]]"}
COMMAND: POST /session/637de528f4e604e156fb3e125ad907fc/elements - {"using":"xpath","value":"//ul[contains(@id,\"popup-list-listUl\")]//li[.//span[text()= \"Webshop Catalog\"]]"}
RESULT: {"using":"xpath","value":"//ul[contains(@id,\"popup-list-listUl\")]//li[.//span[text()= \"Webshop Catalog\"]]"}
COMMAND: POST /session/637de528f4e604e156fb3e125ad907fc/elements - {"using":"xpath","value":"//ul[contains(@id,\"popup-list-listUl\")]//li[.//span[text()= \"Webshop Catalog\"]]"}
RESULT: {"using":"xpath","value":"//ul[contains(@id,\"popup-list-listUl\")]//li[.//span[text()= \"Webshop Catalog\"]]"}
COMMAND: POST /session/637de528f4e604e156fb3e125ad907fc/elements - {"using":"xpath","value":"//ul[contains(@id,\"popup-list-listUl\")]//li[.//span[text()= \"Webshop Catalog\"]]"}
RESULT: {"using":"xpath","value":"//ul[contains(@id,\"popup-list-listUl\")]//li[.//span[text()= \"Webshop Catalog\"]]"}
COMMAND: POST /session/637de528f4e604e156fb3e125ad907fc/elements - {"using":"xpath","value":"//ul[contains(@id,\"popup-list-listUl\")]//li[.//span[text()= \"Webshop Catalog\"]]"}
RESULT: {"using":"xpath","value":"//ul[contains(@id,\"popup-list-listUl\")]//li[.//span[text()= \"Webshop Catalog\"]]"}
COMMAND: POST /session/637de528f4e604e156fb3e125ad907fc/elements - {"using":"xpath","value":"//ul[contains(@id,\"popup-list-listUl\")]//li[.//span[text()= \"Webshop Catalog\"]]"}
RESULT: {"using":"xpath","value":"//ul[contains(@id,\"popup-list-listUl\")]//li[.//span[text()= \"Webshop Catalog\"]]"}
COMMAND: POST /session/637de528f4e604e156fb3e125ad907fc/elements - {"using":"xpath","value":"//ul[contains(@id,\"popup-list-listUl\")]//li[.//span[text()= \"Webshop Catalog\"]]"}
RESULT: {"using":"xpath","value":"//ul[contains(@id,\"popup-list-listUl\")]//li[.//span[text()= \"Webshop Catalog\"]]"}
COMMAND: POST /session/637de528f4e604e156fb3e125ad907fc/elements - {"using":"xpath","value":"//ul[contains(@id,\"popup-list-listUl\")]//li[.//span[text()= \"Webshop Catalog\"]]"}
RESULT: {"using":"xpath","value":"//ul[contains(@id,\"popup-list-listUl\")]//li[.//span[text()= \"Webshop Catalog\"]]"}
COMMAND: POST /session/637de528f4e604e156fb3e125ad907fc/elements - {"using":"xpath","value":"//ul[contains(@id,\"popup-list-listUl\")]//li[.//span[text()= \"Webshop Catalog\"]]"}
RESULT: {"using":"xpath","value":"//ul[contains(@id,\"popup-list-listUl\")]//li[.//span[text()= \"Webshop Catalog\"]]"}
COMMAND: POST /session/637de528f4e604e156fb3e125ad907fc/elements - {"using":"xpath","value":"//ul[contains(@id,\"popup-list-listUl\")]//li[.//span[text()= \"Webshop Catalog\"]]"}
RESULT: {"using":"xpath","value":"//ul[contains(@id,\"popup-list-listUl\")]//li[.//span[text()= \"Webshop Catalog\"]]"}
COMMAND: POST /session/637de528f4e604e156fb3e125ad907fc/elements - {"using":"xpath","value":"//ul[contains(@id,\"popup-list-listUl\")]//li[.//span[text()= \"Webshop Catalog\"]]"}
RESULT: {"using":"xpath","value":"//ul[contains(@id,\"popup-list-listUl\")]//li[.//span[text()= \"Webshop Catalog\"]]"}
COMMAND: POST /session/637de528f4e604e156fb3e125ad907fc/elements - {"using":"xpath","value":"//ul[contains(@id,\"popup-list-listUl\")]//li[.//span[text()= \"Webshop Catalog\"]]"}
RESULT: {"using":"xpath","value":"//ul[contains(@id,\"popup-list-listUl\")]//li[.//span[text()= \"Webshop Catalog\"]]"}
COMMAND: POST /session/637de528f4e604e156fb3e125ad907fc/elements - {"using":"xpath","value":"//ul[contains(@id,\"popup-list-listUl\")]//li[.//span[text()= \"Webshop Catalog\"]]"}
RESULT: {"using":"xpath","value":"//ul[contains(@id,\"popup-list-listUl\")]//li[.//span[text()= \"Webshop Catalog\"]]"}
COMMAND: POST /session/637de528f4e604e156fb3e125ad907fc/elements - {"using":"xpath","value":"//ul[contains(@id,\"popup-list-listUl\")]//li[.//span[text()= \"Webshop Catalog\"]]"}
RESULT: {"using":"xpath","value":"//ul[contains(@id,\"popup-list-listUl\")]//li[.//span[text()= \"Webshop Catalog\"]]"}
COMMAND: POST /session/637de528f4e604e156fb3e125ad907fc/elements - {"using":"xpath","value":"//ul[contains(@id,\"popup-list-listUl\")]//li[.//span[text()= \"Webshop Catalog\"]]"}
RESULT: {"using":"xpath","value":"//ul[contains(@id,\"popup-list-listUl\")]//li[.//span[text()= \"Webshop Catalog\"]]"}
COMMAND: POST /session/637de528f4e604e156fb3e125ad907fc/elements - {"using":"xpath","value":"//ul[contains(@id,\"popup-list-listUl\")]//li[.//span[text()= \"Webshop Catalog\"]]"}
RESULT: {"using":"xpath","value":"//ul[contains(@id,\"popup-list-listUl\")]//li[.//span[text()= \"Webshop Catalog\"]]"}
COMMAND: POST /session/637de528f4e604e156fb3e125ad907fc/elements - {"using":"xpath","value":"//ul[contains(@id,\"popup-list-listUl\")]//li[.//span[text()= \"Webshop Catalog\"]]"}
RESULT: {"using":"xpath","value":"//ul[contains(@id,\"popup-list-listUl\")]//li[.//span[text()= \"Webshop Catalog\"]]"}
COMMAND: POST /session/637de528f4e604e156fb3e125ad907fc/elements - {"using":"xpath","value":"//ul[contains(@id,\"popup-list-listUl\")]//li[.//span[text()= \"Webshop Catalog\"]]"}
RESULT: {"using":"xpath","value":"//ul[contains(@id,\"popup-list-listUl\")]//li[.//span[text()= \"Webshop Catalog\"]]"}
COMMAND: POST /session/637de528f4e604e156fb3e125ad907fc/elements - {"using":"xpath","value":"//ul[contains(@id,\"popup-list-listUl\")]//li[.//span[text()= \"Webshop Catalog\"]]"}
RESULT: {"using":"xpath","value":"//ul[contains(@id,\"popup-list-listUl\")]//li[.//span[text()= \"Webshop Catalog\"]]"}
COMMAND: POST /session/637de528f4e604e156fb3e125ad907fc/elements - {"using":"xpath","value":"//ul[contains(@id,\"popup-list-listUl\")]//li[.//span[text()= \"Webshop Catalog\"]]"}
RESULT: {"using":"xpath","value":"//ul[contains(@id,\"popup-list-listUl\")]//li[.//span[text()= \"Webshop Catalog\"]]"}
COMMAND: POST /session/637de528f4e604e156fb3e125ad907fc/elements - {"using":"xpath","value":"//ul[contains(@id,\"popup-list-listUl\")]//li[.//span[text()= \"Webshop Catalog\"]]"}
RESULT: {"using":"xpath","value":"//ul[contains(@id,\"popup-list-listUl\")]//li[.//span[text()= \"Webshop Catalog\"]]"}
COMMAND: POST /session/637de528f4e604e156fb3e125ad907fc/elements - {"using":"xpath","value":"//ul[contains(@id,\"popup-list-listUl\")]//li[.//span[text()= \"Webshop Catalog\"]]"}
RESULT: {"using":"xpath","value":"//ul[contains(@id,\"popup-list-listUl\")]//li[.//span[text()= \"Webshop Catalog\"]]"}
COMMAND: POST /session/637de528f4e604e156fb3e125ad907fc/elements - {"using":"xpath","value":"//ul[contains(@id,\"popup-list-listUl\")]//li[.//span[text()= \"Webshop Catalog\"]]"}
RESULT: {"using":"xpath","value":"//ul[contains(@id,\"popup-list-listUl\")]//li[.//span[text()= \"Webshop Catalog\"]]"}
COMMAND: POST /session/637de528f4e604e156fb3e125ad907fc/elements - {"using":"xpath","value":"//ul[contains(@id,\"popup-list-listUl\")]//li[.//span[text()= \"Webshop Catalog\"]]"}
RESULT: {"using":"xpath","value":"//ul[contains(@id,\"popup-list-listUl\")]//li[.//span[text()= \"Webshop Catalog\"]]"}
COMMAND: POST /session/637de528f4e604e156fb3e125ad907fc/elements - {"using":"xpath","value":"//ul[contains(@id,\"popup-list-listUl\")]//li[.//span[text()= \"Webshop Catalog\"]]"}
RESULT: {"using":"xpath","value":"//ul[contains(@id,\"popup-list-listUl\")]//li[.//span[text()= \"Webshop Catalog\"]]"}
COMMAND: POST /session/637de528f4e604e156fb3e125ad907fc/elements - {"using":"xpath","value":"//ul[contains(@id,\"popup-list-listUl\")]//li[.//span[text()= \"Webshop Catalog\"]]"}
RESULT: {"using":"xpath","value":"//ul[contains(@id,\"popup-list-listUl\")]//li[.//span[text()= \"Webshop Catalog\"]]"}
COMMAND: POST /session/637de528f4e604e156fb3e125ad907fc/elements - {"using":"xpath","value":"//ul[contains(@id,\"popup-list-listUl\")]//li[.//span[text()= \"Webshop Catalog\"]]"}
RESULT: {"using":"xpath","value":"//ul[contains(@id,\"popup-list-listUl\")]//li[.//span[text()= \"Webshop Catalog\"]]"}
COMMAND: POST /session/637de528f4e604e156fb3e125ad907fc/elements - {"using":"xpath","value":"//ul[contains(@id,\"popup-list-listUl\")]//li[.//span[text()= \"Webshop Catalog\"]]"}
RESULT: {"using":"xpath","value":"//ul[contains(@id,\"popup-list-listUl\")]//li[.//span[text()= \"Webshop Catalog\"]]"}
COMMAND: POST /session/637de528f4e604e156fb3e125ad907fc/elements - {"using":"xpath","value":"//ul[contains(@id,\"popup-list-listUl\")]//li[.//span[text()= \"Webshop Catalog\"]]"}
RESULT: {"using":"xpath","value":"//ul[contains(@id,\"popup-list-listUl\")]//li[.//span[text()= \"Webshop Catalog\"]]"}
COMMAND: POST /session/637de528f4e604e156fb3e125ad907fc/elements - {"using":"xpath","value":"//ul[contains(@id,\"popup-list-listUl\")]//li[.//span[text()= \"Webshop Catalog\"]]"}
RESULT: {"using":"xpath","value":"//ul[contains(@id,\"popup-list-listUl\")]//li[.//span[text()= \"Webshop Catalog\"]]"}
COMMAND: POST /session/637de528f4e604e156fb3e125ad907fc/elements - {"using":"xpath","value":"//ul[contains(@id,\"popup-list-listUl\")]//li[.//span[text()= \"Webshop Catalog\"]]"}
RESULT: {"using":"xpath","value":"//ul[contains(@id,\"popup-list-listUl\")]//li[.//span[text()= \"Webshop Catalog\"]]"}
COMMAND: POST /session/637de528f4e604e156fb3e125ad907fc/elements - {"using":"xpath","value":"//ul[contains(@id,\"popup-list-listUl\")]//li[.//span[text()= \"Webshop Catalog\"]]"}
RESULT: {"using":"xpath","value":"//ul[contains(@id,\"popup-list-listUl\")]//li[.//span[text()= \"Webshop Catalog\"]]"}
COMMAND: POST /session/637de528f4e604e156fb3e125ad907fc/elements - {"using":"xpath","value":"//ul[contains(@id,\"popup-list-listUl\")]//li[.//span[text()= \"Webshop Catalog\"]]"}
RESULT: {"using":"xpath","value":"//ul[contains(@id,\"popup-list-listUl\")]//li[.//span[text()= \"Webshop Catalog\"]]"}
COMMAND: POST /session/637de528f4e604e156fb3e125ad907fc/elements - {"using":"xpath","value":"//ul[contains(@id,\"popup-list-listUl\")]//li[.//span[text()= \"Webshop Catalog\"]]"}
RESULT: {"using":"xpath","value":"//ul[contains(@id,\"popup-list-listUl\")]//li[.//span[text()= \"Webshop Catalog\"]]"}
COMMAND: POST /session/637de528f4e604e156fb3e125ad907fc/elements - {"using":"xpath","value":"//ul[contains(@id,\"popup-list-listUl\")]//li[.//span[text()= \"Webshop Catalog\"]]"}
RESULT: {"using":"xpath","value":"//ul[contains(@id,\"popup-list-listUl\")]//li[.//span[text()= \"Webshop Catalog\"]]"}
COMMAND: POST /session/637de528f4e604e156fb3e125ad907fc/elements - {"using":"xpath","value":"//ul[contains(@id,\"popup-list-listUl\")]//li[.//span[text()= \"Webshop Catalog\"]]"}
RESULT: {"using":"xpath","value":"//ul[contains(@id,\"popup-list-listUl\")]//li[.//span[text()= \"Webshop Catalog\"]]"}
COMMAND: POST /session/637de528f4e604e156fb3e125ad907fc/elements - {"using":"xpath","value":"//ul[contains(@id,\"popup-list-listUl\")]//li[.//span[text()= \"Webshop Catalog\"]]"}
RESULT: {"using":"xpath","value":"//ul[contains(@id,\"popup-list-listUl\")]//li[.//span[text()= \"Webshop Catalog\"]]"}
COMMAND: POST /session/637de528f4e604e156fb3e125ad907fc/elements - {"using":"xpath","value":"//ul[contains(@id,\"popup-list-listUl\")]//li[.//span[text()= \"Webshop Catalog\"]]"}
RESULT: {"using":"xpath","value":"//ul[contains(@id,\"popup-list-listUl\")]//li[.//span[text()= \"Webshop Catalog\"]]"}
COMMAND: POST /session/637de528f4e604e156fb3e125ad907fc/elements - {"using":"xpath","value":"//ul[contains(@id,\"popup-list-listUl\")]//li[.//span[text()= \"Webshop Catalog\"]]"}
RESULT: {"using":"xpath","value":"//ul[contains(@id,\"popup-list-listUl\")]//li[.//span[text()= \"Webshop Catalog\"]]"}
COMMAND: POST /session/637de528f4e604e156fb3e125ad907fc/elements - {"using":"xpath","value":"//ul[contains(@id,\"popup-list-listUl\")]//li[.//span[text()= \"Webshop Catalog\"]]"}
RESULT: {"using":"xpath","value":"//ul[contains(@id,\"popup-list-listUl\")]//li[.//span[text()= \"Webshop Catalog\"]]"}
COMMAND: POST /session/637de528f4e604e156fb3e125ad907fc/elements - {"using":"xpath","value":"//ul[contains(@id,\"popup-list-listUl\")]//li[.//span[text()= \"Webshop Catalog\"]]"}
RESULT: {"using":"xpath","value":"//ul[contains(@id,\"popup-list-listUl\")]//li[.//span[text()= \"Webshop Catalog\"]]"}
COMMAND: POST /session/637de528f4e604e156fb3e125ad907fc/elements - {"using":"xpath","value":"//ul[contains(@id,\"popup-list-listUl\")]//li[.//span[text()= \"Webshop Catalog\"]]"}
RESULT: {"using":"xpath","value":"//ul[contains(@id,\"popup-list-listUl\")]//li[.//span[text()= \"Webshop Catalog\"]]"}
COMMAND: POST /session/637de528f4e604e156fb3e125ad907fc/elements - {"using":"xpath","value":"//ul[contains(@id,\"popup-list-listUl\")]//li[.//span[text()= \"Webshop Catalog\"]]"}
RESULT: {"using":"xpath","value":"//ul[contains(@id,\"popup-list-listUl\")]//li[.//span[text()= \"Webshop Catalog\"]]"}
COMMAND: POST /session/637de528f4e604e156fb3e125ad907fc/elements - {"using":"xpath","value":"//ul[contains(@id,\"popup-list-listUl\")]//li[.//span[text()= \"Webshop Catalog\"]]"}
RESULT: {"using":"xpath","value":"//ul[contains(@id,\"popup-list-listUl\")]//li[.//span[text()= \"Webshop Catalog\"]]"}
COMMAND: POST /session/637de528f4e604e156fb3e125ad907fc/elements - {"using":"xpath","value":"//ul[contains(@id,\"popup-list-listUl\")]//li[.//span[text()= \"Webshop Catalog\"]]"}
RESULT: {"using":"xpath","value":"//ul[contains(@id,\"popup-list-listUl\")]//li[.//span[text()= \"Webshop Catalog\"]]"}
COMMAND: POST /session/637de528f4e604e156fb3e125ad907fc/elements - {"using":"xpath","value":"//ul[contains(@id,\"popup-list-listUl\")]//li[.//span[text()= \"Webshop Catalog\"]]"}
RESULT: {"using":"xpath","value":"//ul[contains(@id,\"popup-list-listUl\")]//li[.//span[text()= \"Webshop Catalog\"]]"}
COMMAND: POST /session/637de528f4e604e156fb3e125ad907fc/elements - {"using":"xpath","value":"//ul[contains(@id,\"popup-list-listUl\")]//li[.//span[text()= \"Webshop Catalog\"]]"}
RESULT: {"using":"xpath","value":"//ul[contains(@id,\"popup-list-listUl\")]//li[.//span[text()= \"Webshop Catalog\"]]"}
COMMAND: POST /session/637de528f4e604e156fb3e125ad907fc/elements - {"using":"xpath","value":"//ul[contains(@id,\"popup-list-listUl\")]//li[.//span[text()= \"Webshop Catalog\"]]"}
RESULT: {"using":"xpath","value":"//ul[contains(@id,\"popup-list-listUl\")]//li[.//span[text()= \"Webshop Catalog\"]]"}
COMMAND: POST /session/637de528f4e604e156fb3e125ad907fc/elements - {"using":"xpath","value":"//ul[contains(@id,\"popup-list-listUl\")]//li[.//span[text()= \"Webshop Catalog\"]]"}
RESULT: {"using":"xpath","value":"//ul[contains(@id,\"popup-list-listUl\")]//li[.//span[text()= \"Webshop Catalog\"]]"}
COMMAND: POST /session/637de528f4e604e156fb3e125ad907fc/elements - {"using":"xpath","value":"//ul[contains(@id,\"popup-list-listUl\")]//li[.//span[text()= \"Webshop Catalog\"]]"}
RESULT: {"using":"xpath","value":"//ul[contains(@id,\"popup-list-listUl\")]//li[.//span[text()= \"Webshop Catalog\"]]"}
COMMAND: POST /session/637de528f4e604e156fb3e125ad907fc/elements - {"using":"xpath","value":"//ul[contains(@id,\"popup-list-listUl\")]//li[.//span[text()= \"Webshop Catalog\"]]"}
RESULT: {"using":"xpath","value":"//ul[contains(@id,\"popup-list-listUl\")]//li[.//span[text()= \"Webshop Catalog\"]]"}
COMMAND: POST /session/637de528f4e604e156fb3e125ad907fc/elements - {"using":"xpath","value":"//ul[contains(@id,\"popup-list-listUl\")]//li[.//span[text()= \"Webshop Catalog\"]]"}
RESULT: {"using":"xpath","value":"//ul[contains(@id,\"popup-list-listUl\")]//li[.//span[text()= \"Webshop Catalog\"]]"}
COMMAND: POST /session/637de528f4e604e156fb3e125ad907fc/elements - {"using":"xpath","value":"//ul[contains(@id,\"popup-list-listUl\")]//li[.//span[text()= \"Webshop Catalog\"]]"}
RESULT: {"using":"xpath","value":"//ul[contains(@id,\"popup-list-listUl\")]//li[.//span[text()= \"Webshop Catalog\"]]"}
COMMAND: POST /session/637de528f4e604e156fb3e125ad907fc/elements - {"using":"xpath","value":"//ul[contains(@id,\"popup-list-listUl\")]//li[.//span[text()= \"Webshop Catalog\"]]"}
RESULT: {"using":"xpath","value":"//ul[contains(@id,\"popup-list-listUl\")]//li[.//span[text()= \"Webshop Catalog\"]]"}
COMMAND: POST /session/637de528f4e604e156fb3e125ad907fc/elements - {"using":"xpath","value":"//ul[contains(@id,\"popup-list-listUl\")]//li[.//span[text()= \"Webshop Catalog\"]]"}
RESULT: {"using":"xpath","value":"//ul[contains(@id,\"popup-list-listUl\")]//li[.//span[text()= \"Webshop Catalog\"]]"}
COMMAND: POST /session/637de528f4e604e156fb3e125ad907fc/elements - {"using":"xpath","value":"//ul[contains(@id,\"popup-list-listUl\")]//li[.//span[text()= \"Webshop Catalog\"]]"}
RESULT: {"using":"xpath","value":"//ul[contains(@id,\"popup-list-listUl\")]//li[.//span[text()= \"Webshop Catalog\"]]"}
COMMAND: POST /session/637de528f4e604e156fb3e125ad907fc/elements - {"using":"xpath","value":"//ul[contains(@id,\"popup-list-listUl\")]//li[.//span[text()= \"Webshop Catalog\"]]"}
RESULT: {"using":"xpath","value":"//ul[contains(@id,\"popup-list-listUl\")]//li[.//span[text()= \"Webshop Catalog\"]]"}
COMMAND: POST /session/637de528f4e604e156fb3e125ad907fc/elements - {"using":"xpath","value":"//ul[contains(@id,\"popup-list-listUl\")]//li[.//span[text()= \"Webshop Catalog\"]]"}
RESULT: {"using":"xpath","value":"//ul[contains(@id,\"popup-list-listUl\")]//li[.//span[text()= \"Webshop Catalog\"]]"}
COMMAND: POST /session/637de528f4e604e156fb3e125ad907fc/elements - {"using":"xpath","value":"//ul[contains(@id,\"popup-list-listUl\")]//li[.//span[text()= \"Webshop Catalog\"]]"}
RESULT: {"using":"xpath","value":"//ul[contains(@id,\"popup-list-listUl\")]//li[.//span[text()= \"Webshop Catalog\"]]"}
COMMAND: POST /session/637de528f4e604e156fb3e125ad907fc/elements - {"using":"xpath","value":"//ul[contains(@id,\"popup-list-listUl\")]//li[.//span[text()= \"Webshop Catalog\"]]"}
RESULT: {"using":"xpath","value":"//ul[contains(@id,\"popup-list-listUl\")]//li[.//span[text()= \"Webshop Catalog\"]]"}
COMMAND: POST /session/637de528f4e604e156fb3e125ad907fc/elements - {"using":"xpath","value":"//ul[contains(@id,\"popup-list-listUl\")]//li[.//span[text()= \"Webshop Catalog\"]]"}
RESULT: {"using":"xpath","value":"//ul[contains(@id,\"popup-list-listUl\")]//li[.//span[text()= \"Webshop Catalog\"]]"}
COMMAND: POST /session/637de528f4e604e156fb3e125ad907fc/elements - {"using":"xpath","value":"//ul[contains(@id,\"popup-list-listUl\")]//li[.//span[text()= \"Webshop Catalog\"]]"}
RESULT: {"using":"xpath","value":"//ul[contains(@id,\"popup-list-listUl\")]//li[.//span[text()= \"Webshop Catalog\"]]"}
COMMAND: POST /session/637de528f4e604e156fb3e125ad907fc/elements - {"using":"xpath","value":"//ul[contains(@id,\"popup-list-listUl\")]//li[.//span[text()= \"Webshop Catalog\"]]"}
RESULT: {"using":"xpath","value":"//ul[contains(@id,\"popup-list-listUl\")]//li[.//span[text()= \"Webshop Catalog\"]]"}
COMMAND: POST /session/637de528f4e604e156fb3e125ad907fc/elements - {"using":"xpath","value":"//ul[contains(@id,\"popup-list-listUl\")]//li[.//span[text()= \"Webshop Catalog\"]]"}
RESULT: {"using":"xpath","value":"//ul[contains(@id,\"popup-list-listUl\")]//li[.//span[text()= \"Webshop Catalog\"]]"}
COMMAND: POST /session/637de528f4e604e156fb3e125ad907fc/elements - {"using":"xpath","value":"//ul[contains(@id,\"popup-list-listUl\")]//li[.//span[text()= \"Webshop Catalog\"]]"}
RESULT: {"using":"xpath","value":"//ul[contains(@id,\"popup-list-listUl\")]//li[.//span[text()= \"Webshop Catalog\"]]"}
COMMAND: POST /session/637de528f4e604e156fb3e125ad907fc/elements - {"using":"xpath","value":"//ul[contains(@id,\"popup-list-listUl\")]//li[.//span[text()= \"Webshop Catalog\"]]"}
RESULT: {"using":"xpath","value":"//ul[contains(@id,\"popup-list-listUl\")]//li[.//span[text()= \"Webshop Catalog\"]]"}
COMMAND: POST /session/637de528f4e604e156fb3e125ad907fc/elements - {"using":"xpath","value":"//ul[contains(@id,\"popup-list-listUl\")]//li[.//span[text()= \"Webshop Catalog\"]]"}
RESULT: {"using":"xpath","value":"//ul[contains(@id,\"popup-list-listUl\")]//li[.//span[text()= \"Webshop Catalog\"]]"}
COMMAND: POST /session/637de528f4e604e156fb3e125ad907fc/elements - {"using":"xpath","value":"//ul[contains(@id,\"popup-list-listUl\")]//li[.//span[text()= \"Webshop Catalog\"]]"}
RESULT: {"using":"xpath","value":"//ul[contains(@id,\"popup-list-listUl\")]//li[.//span[text()= \"Webshop Catalog\"]]"}
COMMAND: POST /session/637de528f4e604e156fb3e125ad907fc/elements - {"using":"xpath","value":"//ul[contains(@id,\"popup-list-listUl\")]//li[.//span[text()= \"Webshop Catalog\"]]"}
RESULT: {"using":"xpath","value":"//ul[contains(@id,\"popup-list-listUl\")]//li[.//span[text()= \"Webshop Catalog\"]]"}
COMMAND: POST /session/637de528f4e604e156fb3e125ad907fc/elements - {"using":"xpath","value":"//ul[contains(@id,\"popup-list-listUl\")]//li[.//span[text()= \"Webshop Catalog\"]]"}
RESULT: {"using":"xpath","value":"//ul[contains(@id,\"popup-list-listUl\")]//li[.//span[text()= \"Webshop Catalog\"]]"}
COMMAND: POST /session/637de528f4e604e156fb3e125ad907fc/elements - {"using":"xpath","value":"//ul[contains(@id,\"popup-list-listUl\")]//li[.//span[text()= \"Webshop Catalog\"]]"}
RESULT: {"using":"xpath","value":"//ul[contains(@id,\"popup-list-listUl\")]//li[.//span[text()= \"Webshop Catalog\"]]"}
COMMAND: POST /session/637de528f4e604e156fb3e125ad907fc/elements - {"using":"xpath","value":"//ul[contains(@id,\"popup-list-listUl\")]//li[.//span[text()= \"Webshop Catalog\"]]"}
RESULT: {"using":"xpath","value":"//ul[contains(@id,\"popup-list-listUl\")]//li[.//span[text()= \"Webshop Catalog\"]]"}
COMMAND: POST /session/637de528f4e604e156fb3e125ad907fc/elements - {"using":"xpath","value":"//ul[contains(@id,\"popup-list-listUl\")]//li[.//span[text()= \"Webshop Catalog\"]]"}
RESULT: {"using":"xpath","value":"//ul[contains(@id,\"popup-list-listUl\")]//li[.//span[text()= \"Webshop Catalog\"]]"}
COMMAND: POST /session/637de528f4e604e156fb3e125ad907fc/elements - {"using":"xpath","value":"//ul[contains(@id,\"popup-list-listUl\")]//li[.//span[text()= \"Webshop Catalog\"]]"}
RESULT: {"using":"xpath","value":"//ul[contains(@id,\"popup-list-listUl\")]//li[.//span[text()= \"Webshop Catalog\"]]"}
COMMAND: POST /session/637de528f4e604e156fb3e125ad907fc/elements - {"using":"xpath","value":"//ul[contains(@id,\"popup-list-listUl\")]//li[.//span[text()= \"Webshop Catalog\"]]"}
RESULT: {"using":"xpath","value":"//ul[contains(@id,\"popup-list-listUl\")]//li[.//span[text()= \"Webshop Catalog\"]]"}
COMMAND: POST /session/637de528f4e604e156fb3e125ad907fc/elements - {"using":"xpath","value":"//ul[contains(@id,\"popup-list-listUl\")]//li[.//span[text()= \"Webshop Catalog\"]]"}
RESULT: {"using":"xpath","value":"//ul[contains(@id,\"popup-list-listUl\")]//li[.//span[text()= \"Webshop Catalog\"]]"}
COMMAND: POST /session/637de528f4e604e156fb3e125ad907fc/elements - {"using":"xpath","value":"//ul[contains(@id,\"popup-list-listUl\")]//li[.//span[text()= \"Webshop Catalog\"]]"}
RESULT: {"using":"xpath","value":"//ul[contains(@id,\"popup-list-listUl\")]//li[.//span[text()= \"Webshop Catalog\"]]"}
COMMAND: POST /session/637de528f4e604e156fb3e125ad907fc/elements - {"using":"xpath","value":"//ul[contains(@id,\"popup-list-listUl\")]//li[.//span[text()= \"Webshop Catalog\"]]"}
RESULT: {"using":"xpath","value":"//ul[contains(@id,\"popup-list-listUl\")]//li[.//span[text()= \"Webshop Catalog\"]]"}
COMMAND: POST /session/637de528f4e604e156fb3e125ad907fc/elements - {"using":"xpath","value":"//ul[contains(@id,\"popup-list-listUl\")]//li[.//span[text()= \"Webshop Catalog\"]]"}
RESULT: {"using":"xpath","value":"//ul[contains(@id,\"popup-list-listUl\")]//li[.//span[text()= \"Webshop Catalog\"]]"}
COMMAND: POST /session/637de528f4e604e156fb3e125ad907fc/elements - {"using":"xpath","value":"//ul[contains(@id,\"popup-list-listUl\")]//li[.//span[text()= \"Webshop Catalog\"]]"}
RESULT: {"using":"xpath","value":"//ul[contains(@id,\"popup-list-listUl\")]//li[.//span[text()= \"Webshop Catalog\"]]"}
COMMAND: POST /session/637de528f4e604e156fb3e125ad907fc/elements - {"using":"xpath","value":"//ul[contains(@id,\"popup-list-listUl\")]//li[.//span[text()= \"Webshop Catalog\"]]"}
RESULT: {"using":"xpath","value":"//ul[contains(@id,\"popup-list-listUl\")]//li[.//span[text()= \"Webshop Catalog\"]]"}
COMMAND: POST /session/637de528f4e604e156fb3e125ad907fc/elements - {"using":"xpath","value":"//ul[contains(@id,\"popup-list-listUl\")]//li[.//span[text()= \"Webshop Catalog\"]]"}
RESULT: {"using":"xpath","value":"//ul[contains(@id,\"popup-list-listUl\")]//li[.//span[text()= \"Webshop Catalog\"]]"}
COMMAND: POST /session/637de528f4e604e156fb3e125ad907fc/elements - {"using":"xpath","value":"//ul[contains(@id,\"popup-list-listUl\")]//li[.//span[text()= \"Webshop Catalog\"]]"}
RESULT: {"using":"xpath","value":"//ul[contains(@id,\"popup-list-listUl\")]//li[.//span[text()= \"Webshop Catalog\"]]"}
COMMAND: POST /session/637de528f4e604e156fb3e125ad907fc/elements - {"using":"xpath","value":"//ul[contains(@id,\"popup-list-listUl\")]//li[.//span[text()= \"Webshop Catalog\"]]"}
COMMAND: GET /session/637de528f4e604e156fb3e125ad907fc/screenshot - {}
RESULT: {"using":"xpath","value":"//ul[contains(@id,\"popup-list-listUl\")]//li[.//span[text()= \"Webshop Catalog\"]]"}
RESULT: {}
COMMAND: GET /session/637de528f4e604e156fb3e125ad907fc/screenshot - {}
COMMAND: GET /session/637de528f4e604e156fb3e125ad907fc/screenshot - {}
RESULT: {}
RESULT: {}
COMMAND: DELETE /session/637de528f4e604e156fb3e125ad907fc - {}
RESULT: {}
]]></system-out>
      <system-err><![CDATA[
Error: Can't call click on element with selector "//ul[contains(@id,"popup-list-listUl")]//li[.//span[text()= "Webshop Catalog"]]" because element wasn't found
    at async UtilsPrerequisites.partnerCreation (D:\a\1\s\test\specs\BTS\prerequisites-and-utils-functions.js:518:13)
    at async Context.<anonymous> (D:\a\1\s\test\specs\BTS\create-partner.spec.js:43:47)
]]></system-err>
    </testcase>
  </testsuite>
</testsuites>