<?xml version="1.0" encoding="UTF-8"?>
<testsuites tests="21" failures="10" errors="10" skipped="0">
  <testsuite timestamp="2025-05-04T16:58:01" time="383.216" tests="3" failures="0" errors="0" skipped="0">
    <properties>
      <property name="specId" value="0" />
      <property name="suiteName" value="Create condition pricing US117289 US134625" />
      <property name="capabilities" value="chrome.135_0_7049_96.windows" />
      <property name="file" value="file:///D:/a/1/s/test/specs/BTS/create-condition-pricing.spec.js" />
    </properties>
    <testcase classname="chrome.135_0_7049_96.windows.Create_condition_pricing_US117289_US134625" name="Should create a new yard used for all following tests" time="115.697">
      <system-out><![CDATA[
COMMAND: POST /session/bb2e7e08feb0a54f1655a5fd6971b62c/window/fullscreen - {}
RESULT: {}
COMMAND: POST /session/bb2e7e08feb0a54f1655a5fd6971b62c/execute/async - {"script":"<script> [1562 bytes]","args":[{"selector":{"controlType":"sap.m.GenericTile","properties":{"header":"Manage Yards"}},"wdio_ui5_key":"sapm.GenericTile{\"header\":\"Manage Yards\"}"}]}
RESULT: {"script":"<script> [1562 bytes]","args":[{"selector":{"controlType":"sap.m.GenericTile","properties":{"header":"Manage Yards"}},"wdio_ui5_key":"sapm.GenericTile{\"header\":\"Manage Yards\"}"}]}
RESULT: undefined
COMMAND: POST /session/bb2e7e08feb0a54f1655a5fd6971b62c/element - {"using":"xpath","value":"//*[@id=\"__tile41\"]"}
RESULT: {"using":"xpath","value":"//*[@id=\"__tile41\"]"}
COMMAND: POST /session/bb2e7e08feb0a54f1655a5fd6971b62c/element/f.026F3DCA0CB25E323D9C654115917965.d.A65FB483A53C20A435C9FA0682FD5786.e.161/click - {}
RESULT: {}
COMMAND: POST /session/bb2e7e08feb0a54f1655a5fd6971b62c/element - {"using":"xpath","value":"//button[@data-kt=\"addNewYardOverflowToolbarButton\"]"}
COMMAND: GET /session/bb2e7e08feb0a54f1655a5fd6971b62c/screenshot - {}
RESULT: {"using":"xpath","value":"//button[@data-kt=\"addNewYardOverflowToolbarButton\"]"}
COMMAND: POST /session/bb2e7e08feb0a54f1655a5fd6971b62c/elements - {"using":"xpath","value":"//button[@data-kt=\"addNewYardOverflowToolbarButton\"]"}
RESULT: {}
RESULT: {"using":"xpath","value":"//button[@data-kt=\"addNewYardOverflowToolbarButton\"]"}
COMMAND: POST /session/bb2e7e08feb0a54f1655a5fd6971b62c/elements - {"using":"xpath","value":"//button[@data-kt=\"addNewYardOverflowToolbarButton\"]"}
RESULT: {"using":"xpath","value":"//button[@data-kt=\"addNewYardOverflowToolbarButton\"]"}
COMMAND: POST /session/bb2e7e08feb0a54f1655a5fd6971b62c/elements - {"using":"xpath","value":"//button[@data-kt=\"addNewYardOverflowToolbarButton\"]"}
RESULT: {"using":"xpath","value":"//button[@data-kt=\"addNewYardOverflowToolbarButton\"]"}
COMMAND: POST /session/bb2e7e08feb0a54f1655a5fd6971b62c/elements - {"using":"xpath","value":"//button[@data-kt=\"addNewYardOverflowToolbarButton\"]"}
RESULT: {"using":"xpath","value":"//button[@data-kt=\"addNewYardOverflowToolbarButton\"]"}
COMMAND: POST /session/bb2e7e08feb0a54f1655a5fd6971b62c/elements - {"using":"xpath","value":"//button[@data-kt=\"addNewYardOverflowToolbarButton\"]"}
RESULT: {"using":"xpath","value":"//button[@data-kt=\"addNewYardOverflowToolbarButton\"]"}
COMMAND: POST /session/bb2e7e08feb0a54f1655a5fd6971b62c/elements - {"using":"xpath","value":"//button[@data-kt=\"addNewYardOverflowToolbarButton\"]"}
RESULT: {"using":"xpath","value":"//button[@data-kt=\"addNewYardOverflowToolbarButton\"]"}
COMMAND: POST /session/bb2e7e08feb0a54f1655a5fd6971b62c/elements - {"using":"xpath","value":"//button[@data-kt=\"addNewYardOverflowToolbarButton\"]"}
RESULT: {"using":"xpath","value":"//button[@data-kt=\"addNewYardOverflowToolbarButton\"]"}
COMMAND: POST /session/bb2e7e08feb0a54f1655a5fd6971b62c/elements - {"using":"xpath","value":"//button[@data-kt=\"addNewYardOverflowToolbarButton\"]"}
RESULT: {"using":"xpath","value":"//button[@data-kt=\"addNewYardOverflowToolbarButton\"]"}
COMMAND: POST /session/bb2e7e08feb0a54f1655a5fd6971b62c/elements - {"using":"xpath","value":"//button[@data-kt=\"addNewYardOverflowToolbarButton\"]"}
RESULT: {"using":"xpath","value":"//button[@data-kt=\"addNewYardOverflowToolbarButton\"]"}
COMMAND: POST /session/bb2e7e08feb0a54f1655a5fd6971b62c/elements - {"using":"xpath","value":"//button[@data-kt=\"addNewYardOverflowToolbarButton\"]"}
RESULT: {"using":"xpath","value":"//button[@data-kt=\"addNewYardOverflowToolbarButton\"]"}
COMMAND: POST /session/bb2e7e08feb0a54f1655a5fd6971b62c/elements - {"using":"xpath","value":"//button[@data-kt=\"addNewYardOverflowToolbarButton\"]"}
RESULT: {"using":"xpath","value":"//button[@data-kt=\"addNewYardOverflowToolbarButton\"]"}
COMMAND: POST /session/bb2e7e08feb0a54f1655a5fd6971b62c/elements - {"using":"xpath","value":"//button[@data-kt=\"addNewYardOverflowToolbarButton\"]"}
RESULT: {"using":"xpath","value":"//button[@data-kt=\"addNewYardOverflowToolbarButton\"]"}
COMMAND: POST /session/bb2e7e08feb0a54f1655a5fd6971b62c/elements - {"using":"xpath","value":"//button[@data-kt=\"addNewYardOverflowToolbarButton\"]"}
RESULT: {"using":"xpath","value":"//button[@data-kt=\"addNewYardOverflowToolbarButton\"]"}
COMMAND: POST /session/bb2e7e08feb0a54f1655a5fd6971b62c/elements - {"using":"xpath","value":"//button[@data-kt=\"addNewYardOverflowToolbarButton\"]"}
RESULT: {"using":"xpath","value":"//button[@data-kt=\"addNewYardOverflowToolbarButton\"]"}
COMMAND: POST /session/bb2e7e08feb0a54f1655a5fd6971b62c/elements - {"using":"xpath","value":"//button[@data-kt=\"addNewYardOverflowToolbarButton\"]"}
RESULT: {"using":"xpath","value":"//button[@data-kt=\"addNewYardOverflowToolbarButton\"]"}
COMMAND: POST /session/bb2e7e08feb0a54f1655a5fd6971b62c/elements - {"using":"xpath","value":"//button[@data-kt=\"addNewYardOverflowToolbarButton\"]"}
RESULT: {"using":"xpath","value":"//button[@data-kt=\"addNewYardOverflowToolbarButton\"]"}
COMMAND: POST /session/bb2e7e08feb0a54f1655a5fd6971b62c/elements - {"using":"xpath","value":"//button[@data-kt=\"addNewYardOverflowToolbarButton\"]"}
RESULT: {"using":"xpath","value":"//button[@data-kt=\"addNewYardOverflowToolbarButton\"]"}
COMMAND: POST /session/bb2e7e08feb0a54f1655a5fd6971b62c/elements - {"using":"xpath","value":"//button[@data-kt=\"addNewYardOverflowToolbarButton\"]"}
RESULT: {"using":"xpath","value":"//button[@data-kt=\"addNewYardOverflowToolbarButton\"]"}
COMMAND: POST /session/bb2e7e08feb0a54f1655a5fd6971b62c/elements - {"using":"xpath","value":"//button[@data-kt=\"addNewYardOverflowToolbarButton\"]"}
RESULT: {"using":"xpath","value":"//button[@data-kt=\"addNewYardOverflowToolbarButton\"]"}
COMMAND: POST /session/bb2e7e08feb0a54f1655a5fd6971b62c/elements - {"using":"xpath","value":"//button[@data-kt=\"addNewYardOverflowToolbarButton\"]"}
RESULT: {"using":"xpath","value":"//button[@data-kt=\"addNewYardOverflowToolbarButton\"]"}
COMMAND: POST /session/bb2e7e08feb0a54f1655a5fd6971b62c/elements - {"using":"xpath","value":"//button[@data-kt=\"addNewYardOverflowToolbarButton\"]"}
RESULT: {"using":"xpath","value":"//button[@data-kt=\"addNewYardOverflowToolbarButton\"]"}
COMMAND: POST /session/bb2e7e08feb0a54f1655a5fd6971b62c/elements - {"using":"xpath","value":"//button[@data-kt=\"addNewYardOverflowToolbarButton\"]"}
RESULT: {"using":"xpath","value":"//button[@data-kt=\"addNewYardOverflowToolbarButton\"]"}
COMMAND: POST /session/bb2e7e08feb0a54f1655a5fd6971b62c/elements - {"using":"xpath","value":"//button[@data-kt=\"addNewYardOverflowToolbarButton\"]"}
RESULT: {"using":"xpath","value":"//button[@data-kt=\"addNewYardOverflowToolbarButton\"]"}
COMMAND: POST /session/bb2e7e08feb0a54f1655a5fd6971b62c/elements - {"using":"xpath","value":"//button[@data-kt=\"addNewYardOverflowToolbarButton\"]"}
RESULT: {"using":"xpath","value":"//button[@data-kt=\"addNewYardOverflowToolbarButton\"]"}
COMMAND: POST /session/bb2e7e08feb0a54f1655a5fd6971b62c/elements - {"using":"xpath","value":"//button[@data-kt=\"addNewYardOverflowToolbarButton\"]"}
RESULT: {"using":"xpath","value":"//button[@data-kt=\"addNewYardOverflowToolbarButton\"]"}
COMMAND: POST /session/bb2e7e08feb0a54f1655a5fd6971b62c/elements - {"using":"xpath","value":"//button[@data-kt=\"addNewYardOverflowToolbarButton\"]"}
RESULT: {"using":"xpath","value":"//button[@data-kt=\"addNewYardOverflowToolbarButton\"]"}
COMMAND: POST /session/bb2e7e08feb0a54f1655a5fd6971b62c/elements - {"using":"xpath","value":"//button[@data-kt=\"addNewYardOverflowToolbarButton\"]"}
RESULT: {"using":"xpath","value":"//button[@data-kt=\"addNewYardOverflowToolbarButton\"]"}
COMMAND: POST /session/bb2e7e08feb0a54f1655a5fd6971b62c/elements - {"using":"xpath","value":"//button[@data-kt=\"addNewYardOverflowToolbarButton\"]"}
RESULT: {"using":"xpath","value":"//button[@data-kt=\"addNewYardOverflowToolbarButton\"]"}
COMMAND: POST /session/bb2e7e08feb0a54f1655a5fd6971b62c/elements - {"using":"xpath","value":"//button[@data-kt=\"addNewYardOverflowToolbarButton\"]"}
RESULT: {"using":"xpath","value":"//button[@data-kt=\"addNewYardOverflowToolbarButton\"]"}
COMMAND: POST /session/bb2e7e08feb0a54f1655a5fd6971b62c/elements - {"using":"xpath","value":"//button[@data-kt=\"addNewYardOverflowToolbarButton\"]"}
RESULT: {"using":"xpath","value":"//button[@data-kt=\"addNewYardOverflowToolbarButton\"]"}
COMMAND: POST /session/bb2e7e08feb0a54f1655a5fd6971b62c/elements - {"using":"xpath","value":"//button[@data-kt=\"addNewYardOverflowToolbarButton\"]"}
RESULT: {"using":"xpath","value":"//button[@data-kt=\"addNewYardOverflowToolbarButton\"]"}
COMMAND: POST /session/bb2e7e08feb0a54f1655a5fd6971b62c/elements - {"using":"xpath","value":"//button[@data-kt=\"addNewYardOverflowToolbarButton\"]"}
RESULT: {"using":"xpath","value":"//button[@data-kt=\"addNewYardOverflowToolbarButton\"]"}
COMMAND: POST /session/bb2e7e08feb0a54f1655a5fd6971b62c/elements - {"using":"xpath","value":"//button[@data-kt=\"addNewYardOverflowToolbarButton\"]"}
RESULT: {"using":"xpath","value":"//button[@data-kt=\"addNewYardOverflowToolbarButton\"]"}
COMMAND: POST /session/bb2e7e08feb0a54f1655a5fd6971b62c/elements - {"using":"xpath","value":"//button[@data-kt=\"addNewYardOverflowToolbarButton\"]"}
RESULT: {"using":"xpath","value":"//button[@data-kt=\"addNewYardOverflowToolbarButton\"]"}
COMMAND: POST /session/bb2e7e08feb0a54f1655a5fd6971b62c/element - {"using":"xpath","value":"//button[@data-kt=\"addNewYardOverflowToolbarButton\"]"}
RESULT: {"using":"xpath","value":"//button[@data-kt=\"addNewYardOverflowToolbarButton\"]"}
COMMAND: POST /session/bb2e7e08feb0a54f1655a5fd6971b62c/execute/sync - {"script":"<script> [8489 bytes]","args":[{"element-6066-11e4-a52e-4f735466cecf":"f.026F3DCA0CB25E323D9C654115917965.d.A65FB483A53C20A435C9FA0682FD5786.e.308","ELEMENT":"f.026F3DCA0CB25E323D9C654115917965.d.A65FB483A53C20A435C9FA0682FD5786.e.308"}]}
RESULT: {"script":"<script> [8489 bytes]","args":[{"element-6066-11e4-a52e-4f735466cecf":"f.026F3DCA0CB25E323D9C654115917965.d.A65FB483A53C20A435C9FA0682FD5786.e.308","ELEMENT":"f.026F3DCA0CB25E323D9C654115917965.d.A65FB483A53C20A435C9FA0682FD5786.e.308"}]}
COMMAND: GET /session/bb2e7e08feb0a54f1655a5fd6971b62c/element/f.026F3DCA0CB25E323D9C654115917965.d.A65FB483A53C20A435C9FA0682FD5786.e.308/enabled - {}
COMMAND: GET /session/bb2e7e08feb0a54f1655a5fd6971b62c/screenshot - {}
RESULT: {}
COMMAND: POST /session/bb2e7e08feb0a54f1655a5fd6971b62c/execute/sync - {"script":"<script> [8489 bytes]","args":[{"element-6066-11e4-a52e-4f735466cecf":"f.026F3DCA0CB25E323D9C654115917965.d.A65FB483A53C20A435C9FA0682FD5786.e.308","ELEMENT":"f.026F3DCA0CB25E323D9C654115917965.d.A65FB483A53C20A435C9FA0682FD5786.e.308"}]}
COMMAND: GET /session/bb2e7e08feb0a54f1655a5fd6971b62c/screenshot - {}
RESULT: {}
RESULT: {"script":"<script> [8489 bytes]","args":[{"element-6066-11e4-a52e-4f735466cecf":"f.026F3DCA0CB25E323D9C654115917965.d.A65FB483A53C20A435C9FA0682FD5786.e.308","ELEMENT":"f.026F3DCA0CB25E323D9C654115917965.d.A65FB483A53C20A435C9FA0682FD5786.e.308"}]}
COMMAND: POST /session/bb2e7e08feb0a54f1655a5fd6971b62c/execute/sync - {"script":"<script> [5351 bytes]","args":[{"element-6066-11e4-a52e-4f735466cecf":"f.026F3DCA0CB25E323D9C654115917965.d.A65FB483A53C20A435C9FA0682FD5786.e.308","ELEMENT":"f.026F3DCA0CB25E323D9C654115917965.d.A65FB483A53C20A435C9FA0682FD5786.e.308"}]}
COMMAND: GET /session/bb2e7e08feb0a54f1655a5fd6971b62c/screenshot - {}
RESULT: {}
RESULT: {"script":"<script> [5351 bytes]","args":[{"element-6066-11e4-a52e-4f735466cecf":"f.026F3DCA0CB25E323D9C654115917965.d.A65FB483A53C20A435C9FA0682FD5786.e.308","ELEMENT":"f.026F3DCA0CB25E323D9C654115917965.d.A65FB483A53C20A435C9FA0682FD5786.e.308"}]}
COMMAND: POST /session/bb2e7e08feb0a54f1655a5fd6971b62c/element/f.026F3DCA0CB25E323D9C654115917965.d.A65FB483A53C20A435C9FA0682FD5786.e.308/click - {}
COMMAND: GET /session/bb2e7e08feb0a54f1655a5fd6971b62c/screenshot - {}
RESULT: {}
RESULT: {}
COMMAND: GET /session/bb2e7e08feb0a54f1655a5fd6971b62c/screenshot - {}
COMMAND: POST /session/bb2e7e08feb0a54f1655a5fd6971b62c/element - {"using":"xpath","value":"//input[@id=\"application-manageyards-display-component---NewYard--yardId-inner\"]"}
RESULT: {}
RESULT: {}
RESULT: {"using":"xpath","value":"//input[@id=\"application-manageyards-display-component---NewYard--yardId-inner\"]"}
COMMAND: POST /session/bb2e7e08feb0a54f1655a5fd6971b62c/element - {"using":"xpath","value":"//input[@id=\"application-manageyards-display-component---NewYard--yardId-inner\"]"}
RESULT: {"using":"xpath","value":"//input[@id=\"application-manageyards-display-component---NewYard--yardId-inner\"]"}
COMMAND: POST /session/bb2e7e08feb0a54f1655a5fd6971b62c/execute/async - {"script":"<script> [1562 bytes]","args":[{"selector":{"id":"application-manageyards-display-component---NewYard--addressDetailDetailsName1","interaction":{"idSuffix":"inner"}},"wdio_ui5_key":"applicationmanageyards-display-component---NewYard--addressDetailDetailsName1"}]}
RESULT: {"script":"<script> [1562 bytes]","args":[{"selector":{"id":"application-manageyards-display-component---NewYard--addressDetailDetailsName1","interaction":{"idSuffix":"inner"}},"wdio_ui5_key":"applicationmanageyards-display-component---NewYard--addressDetailDetailsName1"}]}
RESULT: undefined
COMMAND: POST /session/bb2e7e08feb0a54f1655a5fd6971b62c/execute/async - {"script":"<script> [776 bytes]","args":[{"enterText":"DailyPrice WDIO","selector":{"id":"application-manageyards-display-component---NewYard--addressDetailDetailsName1","interaction":{"idSuffix":"inner"}},"clearTextFirst":true,"interactionType":"ENTER_TEXT"}]}
RESULT: {"script":"<script> [776 bytes]","args":[{"enterText":"DailyPrice WDIO","selector":{"id":"application-manageyards-display-component---NewYard--addressDetailDetailsName1","interaction":{"idSuffix":"inner"}},"clearTextFirst":true,"interactionType":"ENTER_TEXT"}]}
COMMAND: POST /session/bb2e7e08feb0a54f1655a5fd6971b62c/execute/async - {"script":"<script> [1562 bytes]","args":[{"selector":{"id":"application-manageyards-display-component---NewYard--addressDetailDetailsLanguage-arrow"},"wdio_ui5_key":"applicationmanageyards-display-component---NewYard--addressDetailDetailsLanguage-arrow"}]}
RESULT: {"script":"<script> [1562 bytes]","args":[{"selector":{"id":"application-manageyards-display-component---NewYard--addressDetailDetailsLanguage-arrow"},"wdio_ui5_key":"applicationmanageyards-display-component---NewYard--addressDetailDetailsLanguage-arrow"}]}
RESULT: undefined
COMMAND: POST /session/bb2e7e08feb0a54f1655a5fd6971b62c/element - {"using":"xpath","value":"//*[@id=\"application-manageyards-display-component---NewYard--addressDetailDetailsLanguage-arrow\"]"}
RESULT: {"using":"xpath","value":"//*[@id=\"application-manageyards-display-component---NewYard--addressDetailDetailsLanguage-arrow\"]"}
COMMAND: POST /session/bb2e7e08feb0a54f1655a5fd6971b62c/element/f.026F3DCA0CB25E323D9C654115917965.d.A65FB483A53C20A435C9FA0682FD5786.e.736/click - {}
RESULT: {}
COMMAND: POST /session/bb2e7e08feb0a54f1655a5fd6971b62c/element - {"using":"xpath","value":"//span[contains(text(), \"English\")]"}
COMMAND: GET /session/bb2e7e08feb0a54f1655a5fd6971b62c/screenshot - {}
RESULT: {"using":"xpath","value":"//span[contains(text(), \"English\")]"}
COMMAND: POST /session/bb2e7e08feb0a54f1655a5fd6971b62c/element/f.026F3DCA0CB25E323D9C654115917965.d.A65FB483A53C20A435C9FA0682FD5786.e.737/click - {}
RESULT: {}
RESULT: {}
COMMAND: POST /session/bb2e7e08feb0a54f1655a5fd6971b62c/execute/async - {"script":"<script> [1562 bytes]","args":[{"selector":{"id":"application-manageyards-display-component---NewYard--addressDetailDetailsCity1","interaction":{"idSuffix":"inner"}},"wdio_ui5_key":"applicationmanageyards-display-component---NewYard--addressDetailDetailsCity1"}]}
COMMAND: GET /session/bb2e7e08feb0a54f1655a5fd6971b62c/screenshot - {}
RESULT: {"script":"<script> [1562 bytes]","args":[{"selector":{"id":"application-manageyards-display-component---NewYard--addressDetailDetailsCity1","interaction":{"idSuffix":"inner"}},"wdio_ui5_key":"applicationmanageyards-display-component---NewYard--addressDetailDetailsCity1"}]}
RESULT: undefined
COMMAND: POST /session/bb2e7e08feb0a54f1655a5fd6971b62c/execute/async - {"script":"<script> [776 bytes]","args":[{"enterText":"Rosario","selector":{"id":"application-manageyards-display-component---NewYard--addressDetailDetailsCity1","interaction":{"idSuffix":"inner"}},"clearTextFirst":true,"interactionType":"ENTER_TEXT"}]}
RESULT: {}
RESULT: {"script":"<script> [776 bytes]","args":[{"enterText":"Rosario","selector":{"id":"application-manageyards-display-component---NewYard--addressDetailDetailsCity1","interaction":{"idSuffix":"inner"}},"clearTextFirst":true,"interactionType":"ENTER_TEXT"}]}
COMMAND: POST /session/bb2e7e08feb0a54f1655a5fd6971b62c/execute/async - {"script":"<script> [1562 bytes]","args":[{"selector":{"id":"application-manageyards-display-component---NewYard--addressDetailDetailsCountry-arrow"},"wdio_ui5_key":"applicationmanageyards-display-component---NewYard--addressDetailDetailsCountry-arrow"}]}
RESULT: {"script":"<script> [1562 bytes]","args":[{"selector":{"id":"application-manageyards-display-component---NewYard--addressDetailDetailsCountry-arrow"},"wdio_ui5_key":"applicationmanageyards-display-component---NewYard--addressDetailDetailsCountry-arrow"}]}
RESULT: undefined
COMMAND: POST /session/bb2e7e08feb0a54f1655a5fd6971b62c/element - {"using":"xpath","value":"//*[@id=\"application-manageyards-display-component---NewYard--addressDetailDetailsCountry-arrow\"]"}
RESULT: {"using":"xpath","value":"//*[@id=\"application-manageyards-display-component---NewYard--addressDetailDetailsCountry-arrow\"]"}
COMMAND: POST /session/bb2e7e08feb0a54f1655a5fd6971b62c/element/f.026F3DCA0CB25E323D9C654115917965.d.A65FB483A53C20A435C9FA0682FD5786.e.739/click - {}
RESULT: {}
COMMAND: POST /session/bb2e7e08feb0a54f1655a5fd6971b62c/element - {"using":"xpath","value":"//span[contains(text(), \"Argentina\")]"}
COMMAND: GET /session/bb2e7e08feb0a54f1655a5fd6971b62c/screenshot - {}
RESULT: {"using":"xpath","value":"//span[contains(text(), \"Argentina\")]"}
COMMAND: POST /session/bb2e7e08feb0a54f1655a5fd6971b62c/element/f.026F3DCA0CB25E323D9C654115917965.d.A65FB483A53C20A435C9FA0682FD5786.e.740/click - {}
RESULT: {}
RESULT: {}
COMMAND: POST /session/bb2e7e08feb0a54f1655a5fd6971b62c/execute/async - {"script":"<script> [1562 bytes]","args":[{"selector":{"id":"application-manageyards-display-component---NewYard--addressEditDetailsCostObjectCstType-arrow"},"wdio_ui5_key":"applicationmanageyards-display-component---NewYard--addressEditDetailsCostObjectCstType-arrow"}]}
COMMAND: GET /session/bb2e7e08feb0a54f1655a5fd6971b62c/screenshot - {}
RESULT: {"script":"<script> [1562 bytes]","args":[{"selector":{"id":"application-manageyards-display-component---NewYard--addressEditDetailsCostObjectCstType-arrow"},"wdio_ui5_key":"applicationmanageyards-display-component---NewYard--addressEditDetailsCostObjectCstType-arrow"}]}
RESULT: undefined
COMMAND: POST /session/bb2e7e08feb0a54f1655a5fd6971b62c/element - {"using":"xpath","value":"//*[@id=\"application-manageyards-display-component---NewYard--addressEditDetailsCostObjectCstType-arrow\"]"}
RESULT: {}
RESULT: {"using":"xpath","value":"//*[@id=\"application-manageyards-display-component---NewYard--addressEditDetailsCostObjectCstType-arrow\"]"}
COMMAND: POST /session/bb2e7e08feb0a54f1655a5fd6971b62c/element/f.026F3DCA0CB25E323D9C654115917965.d.A65FB483A53C20A435C9FA0682FD5786.e.742/click - {}
RESULT: {}
COMMAND: POST /session/bb2e7e08feb0a54f1655a5fd6971b62c/element - {"using":"xpath","value":"//span[contains(text(), \"Cost Center\")]"}
COMMAND: GET /session/bb2e7e08feb0a54f1655a5fd6971b62c/screenshot - {}
RESULT: {"using":"xpath","value":"//span[contains(text(), \"Cost Center\")]"}
COMMAND: POST /session/bb2e7e08feb0a54f1655a5fd6971b62c/element/f.026F3DCA0CB25E323D9C654115917965.d.A65FB483A53C20A435C9FA0682FD5786.e.743/click - {}
RESULT: {}
RESULT: {}
COMMAND: GET /session/bb2e7e08feb0a54f1655a5fd6971b62c/screenshot - {}
RESULT: {}
COMMAND: POST /session/bb2e7e08feb0a54f1655a5fd6971b62c/element - {"using":"xpath","value":"//span[@id=\"application-manageyards-display-component---NewYard--addressNewCostObjectCstID-vhi\"]"}
RESULT: {"using":"xpath","value":"//span[@id=\"application-manageyards-display-component---NewYard--addressNewCostObjectCstID-vhi\"]"}
COMMAND: POST /session/bb2e7e08feb0a54f1655a5fd6971b62c/execute/sync - {"script":"<script> [8489 bytes]","args":[{"element-6066-11e4-a52e-4f735466cecf":"f.026F3DCA0CB25E323D9C654115917965.d.A65FB483A53C20A435C9FA0682FD5786.e.747","ELEMENT":"f.026F3DCA0CB25E323D9C654115917965.d.A65FB483A53C20A435C9FA0682FD5786.e.747"}]}
RESULT: {"script":"<script> [8489 bytes]","args":[{"element-6066-11e4-a52e-4f735466cecf":"f.026F3DCA0CB25E323D9C654115917965.d.A65FB483A53C20A435C9FA0682FD5786.e.747","ELEMENT":"f.026F3DCA0CB25E323D9C654115917965.d.A65FB483A53C20A435C9FA0682FD5786.e.747"}]}
COMMAND: POST /session/bb2e7e08feb0a54f1655a5fd6971b62c/execute/async - {"script":"<script> [1562 bytes]","args":[{"selector":{"id":"application-manageyards-display-component---NewYard--addressNewCostObjectCstID-vhi"},"wdio_ui5_key":"applicationmanageyards-display-component---NewYard--addressNewCostObjectCstID-vhi"}]}
COMMAND: GET /session/bb2e7e08feb0a54f1655a5fd6971b62c/screenshot - {}
RESULT: {"script":"<script> [1562 bytes]","args":[{"selector":{"id":"application-manageyards-display-component---NewYard--addressNewCostObjectCstID-vhi"},"wdio_ui5_key":"applicationmanageyards-display-component---NewYard--addressNewCostObjectCstID-vhi"}]}
RESULT: undefined
COMMAND: POST /session/bb2e7e08feb0a54f1655a5fd6971b62c/element - {"using":"xpath","value":"//*[@id=\"application-manageyards-display-component---NewYard--addressNewCostObjectCstID-vhi\"]"}
RESULT: {}
RESULT: {"using":"xpath","value":"//*[@id=\"application-manageyards-display-component---NewYard--addressNewCostObjectCstID-vhi\"]"}
COMMAND: POST /session/bb2e7e08feb0a54f1655a5fd6971b62c/element/f.026F3DCA0CB25E323D9C654115917965.d.A65FB483A53C20A435C9FA0682FD5786.e.747/click - {}
RESULT: {}
COMMAND: GET /session/bb2e7e08feb0a54f1655a5fd6971b62c/screenshot - {}
RESULT: {}
COMMAND: POST /session/bb2e7e08feb0a54f1655a5fd6971b62c/execute/async - {"script":"<script> [1562 bytes]","args":[{"selector":{"controlType":"sap.m.SearchField","properties":{"placeholder":"Search"},"searchOpenDialogs":true,"interaction":{"idSuffix":"I"}},"wdio_ui5_key":"sapm.SearchField{\"placeholder\":\"Search\"}"}]}
RESULT: {"script":"<script> [1562 bytes]","args":[{"selector":{"controlType":"sap.m.SearchField","properties":{"placeholder":"Search"},"searchOpenDialogs":true,"interaction":{"idSuffix":"I"}},"wdio_ui5_key":"sapm.SearchField{\"placeholder\":\"Search\"}"}]}
RESULT: undefined
COMMAND: POST /session/bb2e7e08feb0a54f1655a5fd6971b62c/execute/async - {"script":"<script> [776 bytes]","args":[{"enterText":"10001013","selector":{"controlType":"sap.m.SearchField","properties":{"placeholder":"Search"},"searchOpenDialogs":true,"interaction":{"idSuffix":"I"}},"clearTextFirst":true,"interactionType":"ENTER_TEXT"}]}
RESULT: {"script":"<script> [776 bytes]","args":[{"enterText":"10001013","selector":{"controlType":"sap.m.SearchField","properties":{"placeholder":"Search"},"searchOpenDialogs":true,"interaction":{"idSuffix":"I"}},"clearTextFirst":true,"interactionType":"ENTER_TEXT"}]}
COMMAND: POST /session/bb2e7e08feb0a54f1655a5fd6971b62c/actions - {"actions":[{"id":"action1","type":"key","parameters":{},"actions":[{"type":"keyDown","value":"î€‡"},{"type":"pause","duration":10},{"type":"keyUp","value":"î€‡"}]}]}
RESULT: {"actions":[{"id":"action1","type":"key","parameters":{},"actions":[{"type":"keyDown","value":"î€‡"},{"type":"pause","duration":10},{"type":"keyUp","value":"î€‡"}]}]}
COMMAND: GET /session/bb2e7e08feb0a54f1655a5fd6971b62c/screenshot - {}
RESULT: {}
COMMAND: POST /session/bb2e7e08feb0a54f1655a5fd6971b62c/element - {"using":"xpath","value":"//span[contains(text(), \"General Management\")]"}
RESULT: {"using":"xpath","value":"//span[contains(text(), \"General Management\")]"}
COMMAND: POST /session/bb2e7e08feb0a54f1655a5fd6971b62c/element/f.026F3DCA0CB25E323D9C654115917965.d.A65FB483A53C20A435C9FA0682FD5786.e.789/click - {}
RESULT: {}
COMMAND: GET /session/bb2e7e08feb0a54f1655a5fd6971b62c/screenshot - {}
RESULT: {}
COMMAND: POST /session/bb2e7e08feb0a54f1655a5fd6971b62c/element - {"using":"xpath","value":"//bdi[contains(text(), \"OK\")]"}
RESULT: {"using":"xpath","value":"//bdi[contains(text(), \"OK\")]"}
COMMAND: POST /session/bb2e7e08feb0a54f1655a5fd6971b62c/element/f.026F3DCA0CB25E323D9C654115917965.d.A65FB483A53C20A435C9FA0682FD5786.e.790/click - {}
RESULT: {}
COMMAND: GET /session/bb2e7e08feb0a54f1655a5fd6971b62c/screenshot - {}
RESULT: {}
COMMAND: POST /session/bb2e7e08feb0a54f1655a5fd6971b62c/execute/async - {"script":"<script> [1562 bytes]","args":[{"selector":{"id":"application-manageyards-display-component---NewYard--addressEditDetailsCurrency-arrow"},"wdio_ui5_key":"applicationmanageyards-display-component---NewYard--addressEditDetailsCurrency-arrow"}]}
RESULT: {"script":"<script> [1562 bytes]","args":[{"selector":{"id":"application-manageyards-display-component---NewYard--addressEditDetailsCurrency-arrow"},"wdio_ui5_key":"applicationmanageyards-display-component---NewYard--addressEditDetailsCurrency-arrow"}]}
RESULT: undefined
COMMAND: POST /session/bb2e7e08feb0a54f1655a5fd6971b62c/element - {"using":"xpath","value":"//*[@id=\"application-manageyards-display-component---NewYard--addressEditDetailsCurrency-arrow\"]"}
RESULT: {"using":"xpath","value":"//*[@id=\"application-manageyards-display-component---NewYard--addressEditDetailsCurrency-arrow\"]"}
COMMAND: POST /session/bb2e7e08feb0a54f1655a5fd6971b62c/element/f.026F3DCA0CB25E323D9C654115917965.d.A65FB483A53C20A435C9FA0682FD5786.e.793/click - {}
RESULT: {}
COMMAND: POST /session/bb2e7e08feb0a54f1655a5fd6971b62c/element - {"using":"xpath","value":"//span[contains(text(), \"Euro\")]"}
COMMAND: GET /session/bb2e7e08feb0a54f1655a5fd6971b62c/screenshot - {}
RESULT: {"using":"xpath","value":"//span[contains(text(), \"Euro\")]"}
COMMAND: POST /session/bb2e7e08feb0a54f1655a5fd6971b62c/element/f.026F3DCA0CB25E323D9C654115917965.d.A65FB483A53C20A435C9FA0682FD5786.e.794/click - {}
RESULT: {}
RESULT: {}
COMMAND: POST /session/bb2e7e08feb0a54f1655a5fd6971b62c/execute/async - {"script":"<script> [1562 bytes]","args":[{"selector":{"controlType":"sap.m.Input","viewName":"etm.portal.ui.manageyards.view.New","viewId":"application-manageyards-display-component---NewYard","bindingPath":{"path":"","propertyPath":"/CONTROLLING_AREA","modelName":"NewYardModel"},"interaction":{"idSuffix":"inner"}},"wdio_ui5_key":"etmportal.ui.manageyards.view.Newsap.m.Input{\"path\":\"\",\"propertyPath\":\"/CONTROLLING_AREA\",\"modelName\":\"NewYardModel\"}"}]}
COMMAND: GET /session/bb2e7e08feb0a54f1655a5fd6971b62c/screenshot - {}
RESULT: {"script":"<script> [1562 bytes]","args":[{"selector":{"controlType":"sap.m.Input","viewName":"etm.portal.ui.manageyards.view.New","viewId":"application-manageyards-display-component---NewYard","bindingPath":{"path":"","propertyPath":"/CONTROLLING_AREA","modelName":"NewYardModel"},"interaction":{"idSuffix":"inner"}},"wdio_ui5_key":"etmportal.ui.manageyards.view.Newsap.m.Input{\"path\":\"\",\"propertyPath\":\"/CONTROLLING_AREA\",\"modelName\":\"NewYardModel\"}"}]}
RESULT: undefined
COMMAND: POST /session/bb2e7e08feb0a54f1655a5fd6971b62c/execute/async - {"script":"<script> [776 bytes]","args":[{"enterText":"Z001","selector":{"controlType":"sap.m.Input","viewName":"etm.portal.ui.manageyards.view.New","viewId":"application-manageyards-display-component---NewYard","bindingPath":{"path":"","propertyPath":"/CONTROLLING_AREA","modelName":"NewYardModel"},"interaction":{"idSuffix":"inner"}},"clearTextFirst":true,"interactionType":"ENTER_TEXT"}]}
RESULT: {}
RESULT: {"script":"<script> [776 bytes]","args":[{"enterText":"Z001","selector":{"controlType":"sap.m.Input","viewName":"etm.portal.ui.manageyards.view.New","viewId":"application-manageyards-display-component---NewYard","bindingPath":{"path":"","propertyPath":"/CONTROLLING_AREA","modelName":"NewYardModel"},"interaction":{"idSuffix":"inner"}},"clearTextFirst":true,"interactionType":"ENTER_TEXT"}]}
COMMAND: POST /session/bb2e7e08feb0a54f1655a5fd6971b62c/execute/async - {"script":"<script> [1562 bytes]","args":[{"selector":{"id":"application-manageyards-display-component---NewYard--companyCodeComboBox","interaction":{"idSuffix":"inner"}},"wdio_ui5_key":"applicationmanageyards-display-component---NewYard--companyCodeComboBox"}]}
RESULT: {"script":"<script> [1562 bytes]","args":[{"selector":{"id":"application-manageyards-display-component---NewYard--companyCodeComboBox","interaction":{"idSuffix":"inner"}},"wdio_ui5_key":"applicationmanageyards-display-component---NewYard--companyCodeComboBox"}]}
RESULT: undefined
COMMAND: POST /session/bb2e7e08feb0a54f1655a5fd6971b62c/execute/async - {"script":"<script> [776 bytes]","args":[{"enterText":"1000","selector":{"id":"application-manageyards-display-component---NewYard--companyCodeComboBox","interaction":{"idSuffix":"inner"}},"clearTextFirst":true,"interactionType":"ENTER_TEXT"}]}
RESULT: {"script":"<script> [776 bytes]","args":[{"enterText":"1000","selector":{"id":"application-manageyards-display-component---NewYard--companyCodeComboBox","interaction":{"idSuffix":"inner"}},"clearTextFirst":true,"interactionType":"ENTER_TEXT"}]}
COMMAND: POST /session/bb2e7e08feb0a54f1655a5fd6971b62c/execute/async - {"script":"<script> [1562 bytes]","args":[{"selector":{"controlType":"sap.m.Input","viewName":"etm.portal.ui.manageyards.view.New","viewId":"application-manageyards-display-component---NewYard","bindingPath":{"path":"","propertyPath":"/PLANT","modelName":"NewYardModel"},"interaction":{"idSuffix":"inner"}},"wdio_ui5_key":"etmportal.ui.manageyards.view.Newsap.m.Input{\"path\":\"\",\"propertyPath\":\"/PLANT\",\"modelName\":\"NewYardModel\"}"}]}
RESULT: {"script":"<script> [1562 bytes]","args":[{"selector":{"controlType":"sap.m.Input","viewName":"etm.portal.ui.manageyards.view.New","viewId":"application-manageyards-display-component---NewYard","bindingPath":{"path":"","propertyPath":"/PLANT","modelName":"NewYardModel"},"interaction":{"idSuffix":"inner"}},"wdio_ui5_key":"etmportal.ui.manageyards.view.Newsap.m.Input{\"path\":\"\",\"propertyPath\":\"/PLANT\",\"modelName\":\"NewYardModel\"}"}]}
RESULT: undefined
COMMAND: POST /session/bb2e7e08feb0a54f1655a5fd6971b62c/execute/async - {"script":"<script> [776 bytes]","args":[{"enterText":"1001","selector":{"controlType":"sap.m.Input","viewName":"etm.portal.ui.manageyards.view.New","viewId":"application-manageyards-display-component---NewYard","bindingPath":{"path":"","propertyPath":"/PLANT","modelName":"NewYardModel"},"interaction":{"idSuffix":"inner"}},"clearTextFirst":true,"interactionType":"ENTER_TEXT"}]}
RESULT: {"script":"<script> [776 bytes]","args":[{"enterText":"1001","selector":{"controlType":"sap.m.Input","viewName":"etm.portal.ui.manageyards.view.New","viewId":"application-manageyards-display-component---NewYard","bindingPath":{"path":"","propertyPath":"/PLANT","modelName":"NewYardModel"},"interaction":{"idSuffix":"inner"}},"clearTextFirst":true,"interactionType":"ENTER_TEXT"}]}
COMMAND: POST /session/bb2e7e08feb0a54f1655a5fd6971b62c/execute/async - {"script":"<script> [1562 bytes]","args":[{"selector":{"controlType":"sap.m.Input","viewName":"etm.portal.ui.manageyards.view.New","viewId":"application-manageyards-display-component---NewYard","bindingPath":{"path":"","propertyPath":"/SALES_AREA_VKORG","modelName":"NewYardModel"},"interaction":{"idSuffix":"inner"}},"wdio_ui5_key":"etmportal.ui.manageyards.view.Newsap.m.Input{\"path\":\"\",\"propertyPath\":\"/SALES_AREA_VKORG\",\"modelName\":\"NewYardModel\"}"}]}
RESULT: {"script":"<script> [1562 bytes]","args":[{"selector":{"controlType":"sap.m.Input","viewName":"etm.portal.ui.manageyards.view.New","viewId":"application-manageyards-display-component---NewYard","bindingPath":{"path":"","propertyPath":"/SALES_AREA_VKORG","modelName":"NewYardModel"},"interaction":{"idSuffix":"inner"}},"wdio_ui5_key":"etmportal.ui.manageyards.view.Newsap.m.Input{\"path\":\"\",\"propertyPath\":\"/SALES_AREA_VKORG\",\"modelName\":\"NewYardModel\"}"}]}
RESULT: undefined
COMMAND: POST /session/bb2e7e08feb0a54f1655a5fd6971b62c/execute/async - {"script":"<script> [776 bytes]","args":[{"enterText":"C002","selector":{"controlType":"sap.m.Input","viewName":"etm.portal.ui.manageyards.view.New","viewId":"application-manageyards-display-component---NewYard","bindingPath":{"path":"","propertyPath":"/SALES_AREA_VKORG","modelName":"NewYardModel"},"interaction":{"idSuffix":"inner"}},"clearTextFirst":true,"interactionType":"ENTER_TEXT"}]}
RESULT: {"script":"<script> [776 bytes]","args":[{"enterText":"C002","selector":{"controlType":"sap.m.Input","viewName":"etm.portal.ui.manageyards.view.New","viewId":"application-manageyards-display-component---NewYard","bindingPath":{"path":"","propertyPath":"/SALES_AREA_VKORG","modelName":"NewYardModel"},"interaction":{"idSuffix":"inner"}},"clearTextFirst":true,"interactionType":"ENTER_TEXT"}]}
COMMAND: POST /session/bb2e7e08feb0a54f1655a5fd6971b62c/execute/async - {"script":"<script> [1562 bytes]","args":[{"selector":{"controlType":"sap.m.Input","viewName":"etm.portal.ui.manageyards.view.New","viewId":"application-manageyards-display-component---NewYard","bindingPath":{"path":"","propertyPath":"/SALES_AREA_VTWEG","modelName":"NewYardModel"},"interaction":{"idSuffix":"inner"}},"wdio_ui5_key":"etmportal.ui.manageyards.view.Newsap.m.Input{\"path\":\"\",\"propertyPath\":\"/SALES_AREA_VTWEG\",\"modelName\":\"NewYardModel\"}"}]}
RESULT: {"script":"<script> [1562 bytes]","args":[{"selector":{"controlType":"sap.m.Input","viewName":"etm.portal.ui.manageyards.view.New","viewId":"application-manageyards-display-component---NewYard","bindingPath":{"path":"","propertyPath":"/SALES_AREA_VTWEG","modelName":"NewYardModel"},"interaction":{"idSuffix":"inner"}},"wdio_ui5_key":"etmportal.ui.manageyards.view.Newsap.m.Input{\"path\":\"\",\"propertyPath\":\"/SALES_AREA_VTWEG\",\"modelName\":\"NewYardModel\"}"}]}
RESULT: undefined
COMMAND: POST /session/bb2e7e08feb0a54f1655a5fd6971b62c/execute/async - {"script":"<script> [776 bytes]","args":[{"enterText":"C2","selector":{"controlType":"sap.m.Input","viewName":"etm.portal.ui.manageyards.view.New","viewId":"application-manageyards-display-component---NewYard","bindingPath":{"path":"","propertyPath":"/SALES_AREA_VTWEG","modelName":"NewYardModel"},"interaction":{"idSuffix":"inner"}},"clearTextFirst":true,"interactionType":"ENTER_TEXT"}]}
RESULT: {"script":"<script> [776 bytes]","args":[{"enterText":"C2","selector":{"controlType":"sap.m.Input","viewName":"etm.portal.ui.manageyards.view.New","viewId":"application-manageyards-display-component---NewYard","bindingPath":{"path":"","propertyPath":"/SALES_AREA_VTWEG","modelName":"NewYardModel"},"interaction":{"idSuffix":"inner"}},"clearTextFirst":true,"interactionType":"ENTER_TEXT"}]}
COMMAND: POST /session/bb2e7e08feb0a54f1655a5fd6971b62c/execute/async - {"script":"<script> [1562 bytes]","args":[{"selector":{"controlType":"sap.m.Input","viewName":"etm.portal.ui.manageyards.view.New","viewId":"application-manageyards-display-component---NewYard","bindingPath":{"path":"","propertyPath":"/SALES_AREA_SPART","modelName":"NewYardModel"},"interaction":{"idSuffix":"inner"}},"wdio_ui5_key":"etmportal.ui.manageyards.view.Newsap.m.Input{\"path\":\"\",\"propertyPath\":\"/SALES_AREA_SPART\",\"modelName\":\"NewYardModel\"}"}]}
RESULT: {"script":"<script> [1562 bytes]","args":[{"selector":{"controlType":"sap.m.Input","viewName":"etm.portal.ui.manageyards.view.New","viewId":"application-manageyards-display-component---NewYard","bindingPath":{"path":"","propertyPath":"/SALES_AREA_SPART","modelName":"NewYardModel"},"interaction":{"idSuffix":"inner"}},"wdio_ui5_key":"etmportal.ui.manageyards.view.Newsap.m.Input{\"path\":\"\",\"propertyPath\":\"/SALES_AREA_SPART\",\"modelName\":\"NewYardModel\"}"}]}
RESULT: undefined
COMMAND: POST /session/bb2e7e08feb0a54f1655a5fd6971b62c/execute/async - {"script":"<script> [776 bytes]","args":[{"enterText":"C2","selector":{"controlType":"sap.m.Input","viewName":"etm.portal.ui.manageyards.view.New","viewId":"application-manageyards-display-component---NewYard","bindingPath":{"path":"","propertyPath":"/SALES_AREA_SPART","modelName":"NewYardModel"},"interaction":{"idSuffix":"inner"}},"clearTextFirst":true,"interactionType":"ENTER_TEXT"}]}
RESULT: {"script":"<script> [776 bytes]","args":[{"enterText":"C2","selector":{"controlType":"sap.m.Input","viewName":"etm.portal.ui.manageyards.view.New","viewId":"application-manageyards-display-component---NewYard","bindingPath":{"path":"","propertyPath":"/SALES_AREA_SPART","modelName":"NewYardModel"},"interaction":{"idSuffix":"inner"}},"clearTextFirst":true,"interactionType":"ENTER_TEXT"}]}
COMMAND: POST /session/bb2e7e08feb0a54f1655a5fd6971b62c/execute/async - {"script":"<script> [1562 bytes]","args":[{"selector":{"controlType":"sap.m.Input","viewName":"etm.portal.ui.manageyards.view.New","viewId":"application-manageyards-display-component---NewYard","bindingPath":{"path":"","propertyPath":"/SHIP_POINT","modelName":"NewYardModel"},"interaction":{"idSuffix":"inner"}},"wdio_ui5_key":"etmportal.ui.manageyards.view.Newsap.m.Input{\"path\":\"\",\"propertyPath\":\"/SHIP_POINT\",\"modelName\":\"NewYardModel\"}"}]}
RESULT: {"script":"<script> [1562 bytes]","args":[{"selector":{"controlType":"sap.m.Input","viewName":"etm.portal.ui.manageyards.view.New","viewId":"application-manageyards-display-component---NewYard","bindingPath":{"path":"","propertyPath":"/SHIP_POINT","modelName":"NewYardModel"},"interaction":{"idSuffix":"inner"}},"wdio_ui5_key":"etmportal.ui.manageyards.view.Newsap.m.Input{\"path\":\"\",\"propertyPath\":\"/SHIP_POINT\",\"modelName\":\"NewYardModel\"}"}]}
RESULT: undefined
COMMAND: POST /session/bb2e7e08feb0a54f1655a5fd6971b62c/execute/async - {"script":"<script> [776 bytes]","args":[{"enterText":"1710","selector":{"controlType":"sap.m.Input","viewName":"etm.portal.ui.manageyards.view.New","viewId":"application-manageyards-display-component---NewYard","bindingPath":{"path":"","propertyPath":"/SHIP_POINT","modelName":"NewYardModel"},"interaction":{"idSuffix":"inner"}},"clearTextFirst":true,"interactionType":"ENTER_TEXT"}]}
RESULT: {"script":"<script> [776 bytes]","args":[{"enterText":"1710","selector":{"controlType":"sap.m.Input","viewName":"etm.portal.ui.manageyards.view.New","viewId":"application-manageyards-display-component---NewYard","bindingPath":{"path":"","propertyPath":"/SHIP_POINT","modelName":"NewYardModel"},"interaction":{"idSuffix":"inner"}},"clearTextFirst":true,"interactionType":"ENTER_TEXT"}]}
COMMAND: POST /session/bb2e7e08feb0a54f1655a5fd6971b62c/execute/async - {"script":"<script> [1562 bytes]","args":[{"selector":{"controlType":"sap.m.Input","viewName":"etm.portal.ui.manageyards.view.New","viewId":"application-manageyards-display-component---NewYard","bindingPath":{"path":"","propertyPath":"/DELIVERY_TYPE","modelName":"NewYardModel"},"interaction":{"idSuffix":"inner"}},"wdio_ui5_key":"etmportal.ui.manageyards.view.Newsap.m.Input{\"path\":\"\",\"propertyPath\":\"/DELIVERY_TYPE\",\"modelName\":\"NewYardModel\"}"}]}
RESULT: {"script":"<script> [1562 bytes]","args":[{"selector":{"controlType":"sap.m.Input","viewName":"etm.portal.ui.manageyards.view.New","viewId":"application-manageyards-display-component---NewYard","bindingPath":{"path":"","propertyPath":"/DELIVERY_TYPE","modelName":"NewYardModel"},"interaction":{"idSuffix":"inner"}},"wdio_ui5_key":"etmportal.ui.manageyards.view.Newsap.m.Input{\"path\":\"\",\"propertyPath\":\"/DELIVERY_TYPE\",\"modelName\":\"NewYardModel\"}"}]}
RESULT: undefined
COMMAND: POST /session/bb2e7e08feb0a54f1655a5fd6971b62c/execute/async - {"script":"<script> [776 bytes]","args":[{"enterText":"ZL01","selector":{"controlType":"sap.m.Input","viewName":"etm.portal.ui.manageyards.view.New","viewId":"application-manageyards-display-component---NewYard","bindingPath":{"path":"","propertyPath":"/DELIVERY_TYPE","modelName":"NewYardModel"},"interaction":{"idSuffix":"inner"}},"clearTextFirst":true,"interactionType":"ENTER_TEXT"}]}
RESULT: {"script":"<script> [776 bytes]","args":[{"enterText":"ZL01","selector":{"controlType":"sap.m.Input","viewName":"etm.portal.ui.manageyards.view.New","viewId":"application-manageyards-display-component---NewYard","bindingPath":{"path":"","propertyPath":"/DELIVERY_TYPE","modelName":"NewYardModel"},"interaction":{"idSuffix":"inner"}},"clearTextFirst":true,"interactionType":"ENTER_TEXT"}]}
COMMAND: POST /session/bb2e7e08feb0a54f1655a5fd6971b62c/execute/async - {"script":"<script> [1562 bytes]","args":[{"selector":{"controlType":"sap.m.Input","viewName":"etm.portal.ui.manageyards.view.New","viewId":"application-manageyards-display-component---NewYard","bindingPath":{"path":"","propertyPath":"/AUART","modelName":"NewYardModel"},"interaction":{"idSuffix":"inner"}},"wdio_ui5_key":"etmportal.ui.manageyards.view.Newsap.m.Input{\"path\":\"\",\"propertyPath\":\"/AUART\",\"modelName\":\"NewYardModel\"}"}]}
RESULT: {"script":"<script> [1562 bytes]","args":[{"selector":{"controlType":"sap.m.Input","viewName":"etm.portal.ui.manageyards.view.New","viewId":"application-manageyards-display-component---NewYard","bindingPath":{"path":"","propertyPath":"/AUART","modelName":"NewYardModel"},"interaction":{"idSuffix":"inner"}},"wdio_ui5_key":"etmportal.ui.manageyards.view.Newsap.m.Input{\"path\":\"\",\"propertyPath\":\"/AUART\",\"modelName\":\"NewYardModel\"}"}]}
RESULT: undefined
COMMAND: POST /session/bb2e7e08feb0a54f1655a5fd6971b62c/execute/async - {"script":"<script> [776 bytes]","args":[{"enterText":"TA","selector":{"controlType":"sap.m.Input","viewName":"etm.portal.ui.manageyards.view.New","viewId":"application-manageyards-display-component---NewYard","bindingPath":{"path":"","propertyPath":"/AUART","modelName":"NewYardModel"},"interaction":{"idSuffix":"inner"}},"clearTextFirst":true,"interactionType":"ENTER_TEXT"}]}
RESULT: {"script":"<script> [776 bytes]","args":[{"enterText":"TA","selector":{"controlType":"sap.m.Input","viewName":"etm.portal.ui.manageyards.view.New","viewId":"application-manageyards-display-component---NewYard","bindingPath":{"path":"","propertyPath":"/AUART","modelName":"NewYardModel"},"interaction":{"idSuffix":"inner"}},"clearTextFirst":true,"interactionType":"ENTER_TEXT"}]}
COMMAND: POST /session/bb2e7e08feb0a54f1655a5fd6971b62c/element - {"using":"xpath","value":"//button[@data-kt=\"newYardSaveButton\"]"}
RESULT: {"using":"xpath","value":"//button[@data-kt=\"newYardSaveButton\"]"}
COMMAND: POST /session/bb2e7e08feb0a54f1655a5fd6971b62c/element/f.026F3DCA0CB25E323D9C654115917965.d.A65FB483A53C20A435C9FA0682FD5786.e.719/click - {}
RESULT: {}
COMMAND: GET /session/bb2e7e08feb0a54f1655a5fd6971b62c/screenshot - {}
RESULT: {}
COMMAND: POST /session/bb2e7e08feb0a54f1655a5fd6971b62c/element - {"using":"xpath","value":"//header[contains(@id, 'ObjectPageLayout-headerTitle')]/div[1]/div[2]/div[1]/span[1]"}
RESULT: {"using":"xpath","value":"//header[contains(@id, 'ObjectPageLayout-headerTitle')]/div[1]/div[2]/div[1]/span[1]"}
COMMAND: POST /session/bb2e7e08feb0a54f1655a5fd6971b62c/elements - {"using":"xpath","value":"//header[contains(@id, 'ObjectPageLayout-headerTitle')]/div[1]/div[2]/div[1]/span[1]"}
RESULT: {"using":"xpath","value":"//header[contains(@id, 'ObjectPageLayout-headerTitle')]/div[1]/div[2]/div[1]/span[1]"}
COMMAND: POST /session/bb2e7e08feb0a54f1655a5fd6971b62c/execute/sync - {"script":"<script> [56 bytes]","args":[{"element-6066-11e4-a52e-4f735466cecf":"f.026F3DCA0CB25E323D9C654115917965.d.A65FB483A53C20A435C9FA0682FD5786.e.1027","ELEMENT":"f.026F3DCA0CB25E323D9C654115917965.d.A65FB483A53C20A435C9FA0682FD5786.e.1027"}]}
RESULT: {"script":"<script> [56 bytes]","args":[{"element-6066-11e4-a52e-4f735466cecf":"f.026F3DCA0CB25E323D9C654115917965.d.A65FB483A53C20A435C9FA0682FD5786.e.1027","ELEMENT":"f.026F3DCA0CB25E323D9C654115917965.d.A65FB483A53C20A435C9FA0682FD5786.e.1027"}]}
COMMAND: GET /session/bb2e7e08feb0a54f1655a5fd6971b62c/screenshot - {}
RESULT: {}
COMMAND: POST /session/bb2e7e08feb0a54f1655a5fd6971b62c/element - {"using":"css selector","value":"#shell-header-logo"}
RESULT: {"using":"css selector","value":"#shell-header-logo"}
COMMAND: POST /session/bb2e7e08feb0a54f1655a5fd6971b62c/element/f.026F3DCA0CB25E323D9C654115917965.d.A65FB483A53C20A435C9FA0682FD5786.e.264/click - {}
RESULT: {}
COMMAND: GET /session/bb2e7e08feb0a54f1655a5fd6971b62c/screenshot - {}
RESULT: {}
COMMAND: POST /session/bb2e7e08feb0a54f1655a5fd6971b62c/execute/sync - {"script":"<script> [299 bytes]","args":[["getModel","getResource"]]}
RESULT: {"script":"<script> [299 bytes]","args":[["getModel","getResource"]]}
]]></system-out>
    </testcase>
    <testcase classname="chrome.135_0_7049_96.windows.Create_condition_pricing_US117289_US134625" name="Should create a new equipment used for all following tests" time="136.509">
      <system-out><![CDATA[
COMMAND: GET /session/bb2e7e08feb0a54f1655a5fd6971b62c/screenshot - {}
COMMAND: POST /session/bb2e7e08feb0a54f1655a5fd6971b62c/execute/async - {"script":"<script> [1562 bytes]","args":[{"selector":{"controlType":"sap.m.GenericTile","properties":{"header":"Manage Resources"}},"wdio_ui5_key":"sapm.GenericTile{\"header\":\"Manage Resources\"}"}]}
RESULT: {}
RESULT: {"script":"<script> [1562 bytes]","args":[{"selector":{"controlType":"sap.m.GenericTile","properties":{"header":"Manage Resources"}},"wdio_ui5_key":"sapm.GenericTile{\"header\":\"Manage Resources\"}"}]}
RESULT: undefined
COMMAND: POST /session/bb2e7e08feb0a54f1655a5fd6971b62c/element - {"using":"xpath","value":"//*[@id=\"__tile39\"]"}
RESULT: {"using":"xpath","value":"//*[@id=\"__tile39\"]"}
COMMAND: POST /session/bb2e7e08feb0a54f1655a5fd6971b62c/element/f.026F3DCA0CB25E323D9C654115917965.d.A65FB483A53C20A435C9FA0682FD5786.e.155/click - {}
RESULT: {}
COMMAND: POST /session/bb2e7e08feb0a54f1655a5fd6971b62c/element - {"using":"xpath","value":"//button[@data-kt=\"addNewRUOverflowToolbarButton\"]"}
COMMAND: GET /session/bb2e7e08feb0a54f1655a5fd6971b62c/screenshot - {}
RESULT: {"using":"xpath","value":"//button[@data-kt=\"addNewRUOverflowToolbarButton\"]"}
COMMAND: POST /session/bb2e7e08feb0a54f1655a5fd6971b62c/elements - {"using":"xpath","value":"//button[@data-kt=\"addNewRUOverflowToolbarButton\"]"}
RESULT: {}
RESULT: {"using":"xpath","value":"//button[@data-kt=\"addNewRUOverflowToolbarButton\"]"}
COMMAND: POST /session/bb2e7e08feb0a54f1655a5fd6971b62c/elements - {"using":"xpath","value":"//button[@data-kt=\"addNewRUOverflowToolbarButton\"]"}
RESULT: {"using":"xpath","value":"//button[@data-kt=\"addNewRUOverflowToolbarButton\"]"}
COMMAND: POST /session/bb2e7e08feb0a54f1655a5fd6971b62c/elements - {"using":"xpath","value":"//button[@data-kt=\"addNewRUOverflowToolbarButton\"]"}
RESULT: {"using":"xpath","value":"//button[@data-kt=\"addNewRUOverflowToolbarButton\"]"}
COMMAND: POST /session/bb2e7e08feb0a54f1655a5fd6971b62c/elements - {"using":"xpath","value":"//button[@data-kt=\"addNewRUOverflowToolbarButton\"]"}
RESULT: {"using":"xpath","value":"//button[@data-kt=\"addNewRUOverflowToolbarButton\"]"}
COMMAND: POST /session/bb2e7e08feb0a54f1655a5fd6971b62c/elements - {"using":"xpath","value":"//button[@data-kt=\"addNewRUOverflowToolbarButton\"]"}
RESULT: {"using":"xpath","value":"//button[@data-kt=\"addNewRUOverflowToolbarButton\"]"}
COMMAND: POST /session/bb2e7e08feb0a54f1655a5fd6971b62c/elements - {"using":"xpath","value":"//button[@data-kt=\"addNewRUOverflowToolbarButton\"]"}
RESULT: {"using":"xpath","value":"//button[@data-kt=\"addNewRUOverflowToolbarButton\"]"}
COMMAND: POST /session/bb2e7e08feb0a54f1655a5fd6971b62c/elements - {"using":"xpath","value":"//button[@data-kt=\"addNewRUOverflowToolbarButton\"]"}
RESULT: {"using":"xpath","value":"//button[@data-kt=\"addNewRUOverflowToolbarButton\"]"}
COMMAND: POST /session/bb2e7e08feb0a54f1655a5fd6971b62c/elements - {"using":"xpath","value":"//button[@data-kt=\"addNewRUOverflowToolbarButton\"]"}
RESULT: {"using":"xpath","value":"//button[@data-kt=\"addNewRUOverflowToolbarButton\"]"}
COMMAND: POST /session/bb2e7e08feb0a54f1655a5fd6971b62c/elements - {"using":"xpath","value":"//button[@data-kt=\"addNewRUOverflowToolbarButton\"]"}
RESULT: {"using":"xpath","value":"//button[@data-kt=\"addNewRUOverflowToolbarButton\"]"}
COMMAND: POST /session/bb2e7e08feb0a54f1655a5fd6971b62c/elements - {"using":"xpath","value":"//button[@data-kt=\"addNewRUOverflowToolbarButton\"]"}
RESULT: {"using":"xpath","value":"//button[@data-kt=\"addNewRUOverflowToolbarButton\"]"}
COMMAND: POST /session/bb2e7e08feb0a54f1655a5fd6971b62c/elements - {"using":"xpath","value":"//button[@data-kt=\"addNewRUOverflowToolbarButton\"]"}
RESULT: {"using":"xpath","value":"//button[@data-kt=\"addNewRUOverflowToolbarButton\"]"}
COMMAND: POST /session/bb2e7e08feb0a54f1655a5fd6971b62c/element - {"using":"xpath","value":"//button[@data-kt=\"addNewRUOverflowToolbarButton\"]"}
RESULT: {"using":"xpath","value":"//button[@data-kt=\"addNewRUOverflowToolbarButton\"]"}
COMMAND: POST /session/bb2e7e08feb0a54f1655a5fd6971b62c/execute/sync - {"script":"<script> [8489 bytes]","args":[{"element-6066-11e4-a52e-4f735466cecf":"f.026F3DCA0CB25E323D9C654115917965.d.A65FB483A53C20A435C9FA0682FD5786.e.1062","ELEMENT":"f.026F3DCA0CB25E323D9C654115917965.d.A65FB483A53C20A435C9FA0682FD5786.e.1062"}]}
RESULT: {"script":"<script> [8489 bytes]","args":[{"element-6066-11e4-a52e-4f735466cecf":"f.026F3DCA0CB25E323D9C654115917965.d.A65FB483A53C20A435C9FA0682FD5786.e.1062","ELEMENT":"f.026F3DCA0CB25E323D9C654115917965.d.A65FB483A53C20A435C9FA0682FD5786.e.1062"}]}
COMMAND: GET /session/bb2e7e08feb0a54f1655a5fd6971b62c/element/f.026F3DCA0CB25E323D9C654115917965.d.A65FB483A53C20A435C9FA0682FD5786.e.1062/enabled - {}
COMMAND: GET /session/bb2e7e08feb0a54f1655a5fd6971b62c/screenshot - {}
RESULT: {}
COMMAND: POST /session/bb2e7e08feb0a54f1655a5fd6971b62c/execute/sync - {"script":"<script> [8489 bytes]","args":[{"element-6066-11e4-a52e-4f735466cecf":"f.026F3DCA0CB25E323D9C654115917965.d.A65FB483A53C20A435C9FA0682FD5786.e.1062","ELEMENT":"f.026F3DCA0CB25E323D9C654115917965.d.A65FB483A53C20A435C9FA0682FD5786.e.1062"}]}
COMMAND: GET /session/bb2e7e08feb0a54f1655a5fd6971b62c/screenshot - {}
RESULT: {}
RESULT: {"script":"<script> [8489 bytes]","args":[{"element-6066-11e4-a52e-4f735466cecf":"f.026F3DCA0CB25E323D9C654115917965.d.A65FB483A53C20A435C9FA0682FD5786.e.1062","ELEMENT":"f.026F3DCA0CB25E323D9C654115917965.d.A65FB483A53C20A435C9FA0682FD5786.e.1062"}]}
COMMAND: POST /session/bb2e7e08feb0a54f1655a5fd6971b62c/execute/sync - {"script":"<script> [5351 bytes]","args":[{"element-6066-11e4-a52e-4f735466cecf":"f.026F3DCA0CB25E323D9C654115917965.d.A65FB483A53C20A435C9FA0682FD5786.e.1062","ELEMENT":"f.026F3DCA0CB25E323D9C654115917965.d.A65FB483A53C20A435C9FA0682FD5786.e.1062"}]}
COMMAND: GET /session/bb2e7e08feb0a54f1655a5fd6971b62c/screenshot - {}
RESULT: {}
RESULT: {"script":"<script> [5351 bytes]","args":[{"element-6066-11e4-a52e-4f735466cecf":"f.026F3DCA0CB25E323D9C654115917965.d.A65FB483A53C20A435C9FA0682FD5786.e.1062","ELEMENT":"f.026F3DCA0CB25E323D9C654115917965.d.A65FB483A53C20A435C9FA0682FD5786.e.1062"}]}
COMMAND: POST /session/bb2e7e08feb0a54f1655a5fd6971b62c/element/f.026F3DCA0CB25E323D9C654115917965.d.A65FB483A53C20A435C9FA0682FD5786.e.1062/click - {}
COMMAND: GET /session/bb2e7e08feb0a54f1655a5fd6971b62c/screenshot - {}
RESULT: {}
RESULT: {}
COMMAND: GET /session/bb2e7e08feb0a54f1655a5fd6971b62c/screenshot - {}
COMMAND: POST /session/bb2e7e08feb0a54f1655a5fd6971b62c/execute/async - {"script":"<script> [1562 bytes]","args":[{"selector":{"id":"application-manageresources-display-component---newResourceUnit--TYPE-arrow"},"wdio_ui5_key":"applicationmanageresources-display-component---newResourceUnit--TYPE-arrow"}]}
RESULT: {}
RESULT: {}
RESULT: {"script":"<script> [1562 bytes]","args":[{"selector":{"id":"application-manageresources-display-component---newResourceUnit--TYPE-arrow"},"wdio_ui5_key":"applicationmanageresources-display-component---newResourceUnit--TYPE-arrow"}]}
RESULT: undefined
COMMAND: POST /session/bb2e7e08feb0a54f1655a5fd6971b62c/element - {"using":"xpath","value":"//*[@id=\"application-manageresources-display-component---newResourceUnit--TYPE-arrow\"]"}
RESULT: {"using":"xpath","value":"//*[@id=\"application-manageresources-display-component---newResourceUnit--TYPE-arrow\"]"}
COMMAND: POST /session/bb2e7e08feb0a54f1655a5fd6971b62c/element/f.026F3DCA0CB25E323D9C654115917965.d.A65FB483A53C20A435C9FA0682FD5786.e.1432/click - {}
RESULT: {}
COMMAND: POST /session/bb2e7e08feb0a54f1655a5fd6971b62c/element - {"using":"xpath","value":"//input[@id=\"application-manageresources-display-component---newResourceUnit--TYPE-inner\"]"}
COMMAND: GET /session/bb2e7e08feb0a54f1655a5fd6971b62c/screenshot - {}
RESULT: {"using":"xpath","value":"//input[@id=\"application-manageresources-display-component---newResourceUnit--TYPE-inner\"]"}
COMMAND: POST /session/bb2e7e08feb0a54f1655a5fd6971b62c/element/f.026F3DCA0CB25E323D9C654115917965.d.A65FB483A53C20A435C9FA0682FD5786.e.1417/clear - {}
RESULT: {}
RESULT: {}
COMMAND: POST /session/bb2e7e08feb0a54f1655a5fd6971b62c/element/f.026F3DCA0CB25E323D9C654115917965.d.A65FB483A53C20A435C9FA0682FD5786.e.1417/value - {"text":"Equipment"}
COMMAND: GET /session/bb2e7e08feb0a54f1655a5fd6971b62c/screenshot - {}
RESULT: {"text":"Equipment"}
COMMAND: GET /session/bb2e7e08feb0a54f1655a5fd6971b62c/screenshot - {}
RESULT: {}
RESULT: {}
COMMAND: POST /session/bb2e7e08feb0a54f1655a5fd6971b62c/actions - {"actions":[{"id":"action2","type":"key","parameters":{},"actions":[{"type":"keyDown","value":"î€‡"},{"type":"pause","duration":10},{"type":"keyUp","value":"î€‡"}]}]}
RESULT: {"actions":[{"id":"action2","type":"key","parameters":{},"actions":[{"type":"keyDown","value":"î€‡"},{"type":"pause","duration":10},{"type":"keyUp","value":"î€‡"}]}]}
COMMAND: POST /session/bb2e7e08feb0a54f1655a5fd6971b62c/execute/async - {"script":"<script> [1562 bytes]","args":[{"selector":{"id":"application-manageresources-display-component---newResourceUnit--resourceId","interaction":{"idSuffix":"inner"}},"wdio_ui5_key":"applicationmanageresources-display-component---newResourceUnit--resourceId"}]}
COMMAND: GET /session/bb2e7e08feb0a54f1655a5fd6971b62c/screenshot - {}
RESULT: {"script":"<script> [1562 bytes]","args":[{"selector":{"id":"application-manageresources-display-component---newResourceUnit--resourceId","interaction":{"idSuffix":"inner"}},"wdio_ui5_key":"applicationmanageresources-display-component---newResourceUnit--resourceId"}]}
RESULT: undefined
COMMAND: POST /session/bb2e7e08feb0a54f1655a5fd6971b62c/execute/async - {"script":"<script> [776 bytes]","args":[{"enterText":"N6sYdfj2Hs","selector":{"id":"application-manageresources-display-component---newResourceUnit--resourceId","interaction":{"idSuffix":"inner"}},"clearTextFirst":true,"interactionType":"ENTER_TEXT"}]}
RESULT: {}
RESULT: {"script":"<script> [776 bytes]","args":[{"enterText":"N6sYdfj2Hs","selector":{"id":"application-manageresources-display-component---newResourceUnit--resourceId","interaction":{"idSuffix":"inner"}},"clearTextFirst":true,"interactionType":"ENTER_TEXT"}]}
COMMAND: POST /session/bb2e7e08feb0a54f1655a5fd6971b62c/execute/async - {"script":"<script> [1562 bytes]","args":[{"selector":{"id":"application-manageresources-display-component---newResourceUnit--SHORT_TEXT","interaction":{"idSuffix":"inner"}},"wdio_ui5_key":"applicationmanageresources-display-component---newResourceUnit--SHORT_TEXT"}]}
RESULT: {"script":"<script> [1562 bytes]","args":[{"selector":{"id":"application-manageresources-display-component---newResourceUnit--SHORT_TEXT","interaction":{"idSuffix":"inner"}},"wdio_ui5_key":"applicationmanageresources-display-component---newResourceUnit--SHORT_TEXT"}]}
RESULT: undefined
COMMAND: POST /session/bb2e7e08feb0a54f1655a5fd6971b62c/execute/async - {"script":"<script> [776 bytes]","args":[{"enterText":"Intercompany Equipment WDIO","selector":{"id":"application-manageresources-display-component---newResourceUnit--SHORT_TEXT","interaction":{"idSuffix":"inner"}},"clearTextFirst":true,"interactionType":"ENTER_TEXT"}]}
RESULT: {"script":"<script> [776 bytes]","args":[{"enterText":"Intercompany Equipment WDIO","selector":{"id":"application-manageresources-display-component---newResourceUnit--SHORT_TEXT","interaction":{"idSuffix":"inner"}},"clearTextFirst":true,"interactionType":"ENTER_TEXT"}]}
COMMAND: POST /session/bb2e7e08feb0a54f1655a5fd6971b62c/execute/async - {"script":"<script> [1562 bytes]","args":[{"selector":{"id":"application-manageresources-display-component---newResourceUnit--BASE_UNIT_OF_MEASURE","interaction":{"idSuffix":"inner"}},"wdio_ui5_key":"applicationmanageresources-display-component---newResourceUnit--BASE_UNIT_OF_MEASURE"}]}
RESULT: {"script":"<script> [1562 bytes]","args":[{"selector":{"id":"application-manageresources-display-component---newResourceUnit--BASE_UNIT_OF_MEASURE","interaction":{"idSuffix":"inner"}},"wdio_ui5_key":"applicationmanageresources-display-component---newResourceUnit--BASE_UNIT_OF_MEASURE"}]}
RESULT: undefined
COMMAND: POST /session/bb2e7e08feb0a54f1655a5fd6971b62c/execute/async - {"script":"<script> [776 bytes]","args":[{"enterText":"Piece","selector":{"id":"application-manageresources-display-component---newResourceUnit--BASE_UNIT_OF_MEASURE","interaction":{"idSuffix":"inner"}},"clearTextFirst":true,"interactionType":"ENTER_TEXT"}]}
RESULT: {"script":"<script> [776 bytes]","args":[{"enterText":"Piece","selector":{"id":"application-manageresources-display-component---newResourceUnit--BASE_UNIT_OF_MEASURE","interaction":{"idSuffix":"inner"}},"clearTextFirst":true,"interactionType":"ENTER_TEXT"}]}
COMMAND: POST /session/bb2e7e08feb0a54f1655a5fd6971b62c/execute/async - {"script":"<script> [1562 bytes]","args":[{"selector":{"id":"application-manageresources-display-component---newResourceUnit--WEIGHT_UNIT","interaction":{"idSuffix":"inner"}},"wdio_ui5_key":"applicationmanageresources-display-component---newResourceUnit--WEIGHT_UNIT"}]}
RESULT: {"script":"<script> [1562 bytes]","args":[{"selector":{"id":"application-manageresources-display-component---newResourceUnit--WEIGHT_UNIT","interaction":{"idSuffix":"inner"}},"wdio_ui5_key":"applicationmanageresources-display-component---newResourceUnit--WEIGHT_UNIT"}]}
RESULT: undefined
COMMAND: POST /session/bb2e7e08feb0a54f1655a5fd6971b62c/execute/async - {"script":"<script> [776 bytes]","args":[{"enterText":"Gram","selector":{"id":"application-manageresources-display-component---newResourceUnit--WEIGHT_UNIT","interaction":{"idSuffix":"inner"}},"clearTextFirst":true,"interactionType":"ENTER_TEXT"}]}
RESULT: {"script":"<script> [776 bytes]","args":[{"enterText":"Gram","selector":{"id":"application-manageresources-display-component---newResourceUnit--WEIGHT_UNIT","interaction":{"idSuffix":"inner"}},"clearTextFirst":true,"interactionType":"ENTER_TEXT"}]}
COMMAND: POST /session/bb2e7e08feb0a54f1655a5fd6971b62c/execute/async - {"script":"<script> [1562 bytes]","args":[{"selector":{"id":"application-manageresources-display-component---newResourceUnit--DIMENSION_UNIT","interaction":{"idSuffix":"inner"}},"wdio_ui5_key":"applicationmanageresources-display-component---newResourceUnit--DIMENSION_UNIT"}]}
RESULT: {"script":"<script> [1562 bytes]","args":[{"selector":{"id":"application-manageresources-display-component---newResourceUnit--DIMENSION_UNIT","interaction":{"idSuffix":"inner"}},"wdio_ui5_key":"applicationmanageresources-display-component---newResourceUnit--DIMENSION_UNIT"}]}
RESULT: undefined
COMMAND: POST /session/bb2e7e08feb0a54f1655a5fd6971b62c/execute/async - {"script":"<script> [776 bytes]","args":[{"enterText":"Meter","selector":{"id":"application-manageresources-display-component---newResourceUnit--DIMENSION_UNIT","interaction":{"idSuffix":"inner"}},"clearTextFirst":true,"interactionType":"ENTER_TEXT"}]}
RESULT: {"script":"<script> [776 bytes]","args":[{"enterText":"Meter","selector":{"id":"application-manageresources-display-component---newResourceUnit--DIMENSION_UNIT","interaction":{"idSuffix":"inner"}},"clearTextFirst":true,"interactionType":"ENTER_TEXT"}]}
COMMAND: POST /session/bb2e7e08feb0a54f1655a5fd6971b62c/execute/async - {"script":"<script> [1562 bytes]","args":[{"selector":{"id":"application-manageresources-display-component---newResourceUnit--newRRUPage-anchBar-application-manageresources-display-component---newResourceUnit--control-anchor","interaction":{"idSuffix":"BDI-content"}},"wdio_ui5_key":"applicationmanageresources-display-component---newResourceUnit--newRRUPage-anchBar-application-manageresources-display-component---newResourceUnit--control-anchor"}]}
RESULT: {"script":"<script> [1562 bytes]","args":[{"selector":{"id":"application-manageresources-display-component---newResourceUnit--newRRUPage-anchBar-application-manageresources-display-component---newResourceUnit--control-anchor","interaction":{"idSuffix":"BDI-content"}},"wdio_ui5_key":"applicationmanageresources-display-component---newResourceUnit--newRRUPage-anchBar-application-manageresources-display-component---newResourceUnit--control-anchor"}]}
RESULT: undefined
COMMAND: POST /session/bb2e7e08feb0a54f1655a5fd6971b62c/element - {"using":"xpath","value":"//*[@id=\"application-manageresources-display-component---newResourceUnit--newRRUPage-anchBar-application-manageresources-display-component---newResourceUnit--control-anchor\"]"}
RESULT: {"using":"xpath","value":"//*[@id=\"application-manageresources-display-component---newResourceUnit--newRRUPage-anchBar-application-manageresources-display-component---newResourceUnit--control-anchor\"]"}
COMMAND: POST /session/bb2e7e08feb0a54f1655a5fd6971b62c/element/f.026F3DCA0CB25E323D9C654115917965.d.A65FB483A53C20A435C9FA0682FD5786.e.1565/click - {}
RESULT: {}
COMMAND: POST /session/bb2e7e08feb0a54f1655a5fd6971b62c/execute/async - {"script":"<script> [1562 bytes]","args":[{"selector":{"id":"application-manageresources-display-component---newResourceUnit--PLANNING_GROUP","interaction":{"idSuffix":"inner"}},"wdio_ui5_key":"applicationmanageresources-display-component---newResourceUnit--PLANNING_GROUP"}]}
COMMAND: GET /session/bb2e7e08feb0a54f1655a5fd6971b62c/screenshot - {}
RESULT: {"script":"<script> [1562 bytes]","args":[{"selector":{"id":"application-manageresources-display-component---newResourceUnit--PLANNING_GROUP","interaction":{"idSuffix":"inner"}},"wdio_ui5_key":"applicationmanageresources-display-component---newResourceUnit--PLANNING_GROUP"}]}
RESULT: undefined
COMMAND: POST /session/bb2e7e08feb0a54f1655a5fd6971b62c/execute/async - {"script":"<script> [776 bytes]","args":[{"enterText":"Heavy Equi","selector":{"id":"application-manageresources-display-component---newResourceUnit--PLANNING_GROUP","interaction":{"idSuffix":"inner"}},"clearTextFirst":true,"interactionType":"ENTER_TEXT"}]}
RESULT: {}
RESULT: {"script":"<script> [776 bytes]","args":[{"enterText":"Heavy Equi","selector":{"id":"application-manageresources-display-component---newResourceUnit--PLANNING_GROUP","interaction":{"idSuffix":"inner"}},"clearTextFirst":true,"interactionType":"ENTER_TEXT"}]}
COMMAND: POST /session/bb2e7e08feb0a54f1655a5fd6971b62c/execute/async - {"script":"<script> [1562 bytes]","args":[{"selector":{"id":"application-manageresources-display-component---newResourceUnit--ITEM_TYPE-arrow"},"wdio_ui5_key":"applicationmanageresources-display-component---newResourceUnit--ITEM_TYPE-arrow"}]}
RESULT: {"script":"<script> [1562 bytes]","args":[{"selector":{"id":"application-manageresources-display-component---newResourceUnit--ITEM_TYPE-arrow"},"wdio_ui5_key":"applicationmanageresources-display-component---newResourceUnit--ITEM_TYPE-arrow"}]}
RESULT: undefined
COMMAND: POST /session/bb2e7e08feb0a54f1655a5fd6971b62c/element - {"using":"xpath","value":"//*[@id=\"application-manageresources-display-component---newResourceUnit--ITEM_TYPE-arrow\"]"}
RESULT: {"using":"xpath","value":"//*[@id=\"application-manageresources-display-component---newResourceUnit--ITEM_TYPE-arrow\"]"}
COMMAND: POST /session/bb2e7e08feb0a54f1655a5fd6971b62c/element/f.026F3DCA0CB25E323D9C654115917965.d.A65FB483A53C20A435C9FA0682FD5786.e.1572/click - {}
RESULT: {}
COMMAND: POST /session/bb2e7e08feb0a54f1655a5fd6971b62c/element - {"using":"xpath","value":"(//span[contains(text(), \"Resource Unit\")])[2]"}
COMMAND: GET /session/bb2e7e08feb0a54f1655a5fd6971b62c/screenshot - {}
RESULT: {"using":"xpath","value":"(//span[contains(text(), \"Resource Unit\")])[2]"}
COMMAND: POST /session/bb2e7e08feb0a54f1655a5fd6971b62c/element/f.026F3DCA0CB25E323D9C654115917965.d.A65FB483A53C20A435C9FA0682FD5786.e.1573/click - {}
RESULT: {}
RESULT: {}
COMMAND: GET /session/bb2e7e08feb0a54f1655a5fd6971b62c/screenshot - {}
RESULT: {}
COMMAND: POST /session/bb2e7e08feb0a54f1655a5fd6971b62c/element - {"using":"css selector","value":"#application-manageresources-display-component---newResourceUnit--btnAddTimeSegment"}
RESULT: {"using":"css selector","value":"#application-manageresources-display-component---newResourceUnit--btnAddTimeSegment"}
COMMAND: GET /session/bb2e7e08feb0a54f1655a5fd6971b62c/element/f.026F3DCA0CB25E323D9C654115917965.d.A65FB483A53C20A435C9FA0682FD5786.e.1574/rect - {}
RESULT: {}
COMMAND: GET /session/bb2e7e08feb0a54f1655a5fd6971b62c/window/rect - {}
RESULT: {}
COMMAND: POST /session/bb2e7e08feb0a54f1655a5fd6971b62c/execute/sync - {"script":"<script> [92 bytes]","args":[]}
RESULT: {"script":"<script> [92 bytes]","args":[]}
COMMAND: POST /session/bb2e7e08feb0a54f1655a5fd6971b62c/actions - {"actions":[{"id":"action3","type":"wheel","parameters":{},"actions":[{"type":"scroll","x":-1888,"y":-32,"deltaX":0,"deltaY":0,"duration":0,"origin":{"element-6066-11e4-a52e-4f735466cecf":"f.026F3DCA0CB25E323D9C654115917965.d.A65FB483A53C20A435C9FA0682FD5786.e.1574"}}]}]}
COMMAND: GET /session/bb2e7e08feb0a54f1655a5fd6971b62c/screenshot - {}
RESULT: {}
COMMAND: POST /session/bb2e7e08feb0a54f1655a5fd6971b62c/execute/sync - {"script":"<script> [79 bytes]","args":[{"element-6066-11e4-a52e-4f735466cecf":"f.026F3DCA0CB25E323D9C654115917965.d.A65FB483A53C20A435C9FA0682FD5786.e.1574","ELEMENT":"f.026F3DCA0CB25E323D9C654115917965.d.A65FB483A53C20A435C9FA0682FD5786.e.1574"},{"block":"start","inline":"nearest"}]}
RESULT: {"script":"<script> [79 bytes]","args":[{"element-6066-11e4-a52e-4f735466cecf":"f.026F3DCA0CB25E323D9C654115917965.d.A65FB483A53C20A435C9FA0682FD5786.e.1574","ELEMENT":"f.026F3DCA0CB25E323D9C654115917965.d.A65FB483A53C20A435C9FA0682FD5786.e.1574"},{"block":"start","inline":"nearest"}]}
COMMAND: POST /session/bb2e7e08feb0a54f1655a5fd6971b62c/execute/async - {"script":"<script> [1562 bytes]","args":[{"selector":{"id":"application-manageresources-display-component---newResourceUnit--btnAddTimeSegment","interaction":{"idSuffix":"inner"}},"wdio_ui5_key":"applicationmanageresources-display-component---newResourceUnit--btnAddTimeSegment"}]}
COMMAND: GET /session/bb2e7e08feb0a54f1655a5fd6971b62c/screenshot - {}
RESULT: {"script":"<script> [1562 bytes]","args":[{"selector":{"id":"application-manageresources-display-component---newResourceUnit--btnAddTimeSegment","interaction":{"idSuffix":"inner"}},"wdio_ui5_key":"applicationmanageresources-display-component---newResourceUnit--btnAddTimeSegment"}]}
RESULT: undefined
COMMAND: POST /session/bb2e7e08feb0a54f1655a5fd6971b62c/element - {"using":"xpath","value":"//*[@id=\"application-manageresources-display-component---newResourceUnit--btnAddTimeSegment\"]"}
RESULT: {}
RESULT: {"using":"xpath","value":"//*[@id=\"application-manageresources-display-component---newResourceUnit--btnAddTimeSegment\"]"}
COMMAND: POST /session/bb2e7e08feb0a54f1655a5fd6971b62c/element/f.026F3DCA0CB25E323D9C654115917965.d.A65FB483A53C20A435C9FA0682FD5786.e.1574/click - {}
RESULT: {}
COMMAND: GET /session/bb2e7e08feb0a54f1655a5fd6971b62c/screenshot - {}
RESULT: {}
COMMAND: POST /session/bb2e7e08feb0a54f1655a5fd6971b62c/element - {"using":"xpath","value":"//input[@id=\"application-manageresources-display-component---newResourceUnit--idRuTSAdmin-application-manageresources-display-component---newResourceUnit--RUTimeSegment-0-inner\"]"}
RESULT: {"using":"xpath","value":"//input[@id=\"application-manageresources-display-component---newResourceUnit--idRuTSAdmin-application-manageresources-display-component---newResourceUnit--RUTimeSegment-0-inner\"]"}
COMMAND: POST /session/bb2e7e08feb0a54f1655a5fd6971b62c/element/f.026F3DCA0CB25E323D9C654115917965.d.A65FB483A53C20A435C9FA0682FD5786.e.1580/clear - {}
RESULT: {}
COMMAND: POST /session/bb2e7e08feb0a54f1655a5fd6971b62c/element/f.026F3DCA0CB25E323D9C654115917965.d.A65FB483A53C20A435C9FA0682FD5786.e.1580/value - {"text":"545"}
COMMAND: GET /session/bb2e7e08feb0a54f1655a5fd6971b62c/screenshot - {}
RESULT: {"text":"545"}
COMMAND: GET /session/bb2e7e08feb0a54f1655a5fd6971b62c/screenshot - {}
RESULT: {}
RESULT: {}
COMMAND: POST /session/bb2e7e08feb0a54f1655a5fd6971b62c/element - {"using":"xpath","value":"//li[.//span[text()='545']]"}
RESULT: {"using":"xpath","value":"//li[.//span[text()='545']]"}
COMMAND: POST /session/bb2e7e08feb0a54f1655a5fd6971b62c/element/f.026F3DCA0CB25E323D9C654115917965.d.A65FB483A53C20A435C9FA0682FD5786.e.1592/click - {}
RESULT: {}
COMMAND: GET /session/bb2e7e08feb0a54f1655a5fd6971b62c/screenshot - {}
RESULT: {}
COMMAND: POST /session/bb2e7e08feb0a54f1655a5fd6971b62c/element - {"using":"xpath","value":"(//span[contains(@id, \"-application-manageresources-display-component---newResourceUnit--RUTimeSegment-0-arrow\")])[6]"}
RESULT: {"using":"xpath","value":"(//span[contains(@id, \"-application-manageresources-display-component---newResourceUnit--RUTimeSegment-0-arrow\")])[6]"}
COMMAND: POST /session/bb2e7e08feb0a54f1655a5fd6971b62c/element/f.026F3DCA0CB25E323D9C654115917965.d.A65FB483A53C20A435C9FA0682FD5786.e.1593/click - {}
RESULT: {}
COMMAND: GET /session/bb2e7e08feb0a54f1655a5fd6971b62c/screenshot - {}
RESULT: {}
COMMAND: POST /session/bb2e7e08feb0a54f1655a5fd6971b62c/element - {"using":"xpath","value":"//span[contains(text(), \"PM Order\")]"}
RESULT: {"using":"xpath","value":"//span[contains(text(), \"PM Order\")]"}
COMMAND: POST /session/bb2e7e08feb0a54f1655a5fd6971b62c/element/f.026F3DCA0CB25E323D9C654115917965.d.A65FB483A53C20A435C9FA0682FD5786.e.1596/click - {}
RESULT: {}
COMMAND: GET /session/bb2e7e08feb0a54f1655a5fd6971b62c/screenshot - {}
RESULT: {}
COMMAND: POST /session/bb2e7e08feb0a54f1655a5fd6971b62c/element - {"using":"xpath","value":"(//span[contains(@id ,\"manageresources-display-component---newResourceUnit--RUTimeSegment-0-vhi\")])[1]"}
RESULT: {"using":"xpath","value":"(//span[contains(@id ,\"manageresources-display-component---newResourceUnit--RUTimeSegment-0-vhi\")])[1]"}
COMMAND: GET /session/bb2e7e08feb0a54f1655a5fd6971b62c/element/f.026F3DCA0CB25E323D9C654115917965.d.A65FB483A53C20A435C9FA0682FD5786.e.1600/rect - {}
RESULT: {}
COMMAND: GET /session/bb2e7e08feb0a54f1655a5fd6971b62c/window/rect - {}
RESULT: {}
COMMAND: POST /session/bb2e7e08feb0a54f1655a5fd6971b62c/execute/sync - {"script":"<script> [92 bytes]","args":[]}
RESULT: {"script":"<script> [92 bytes]","args":[]}
COMMAND: POST /session/bb2e7e08feb0a54f1655a5fd6971b62c/actions - {"actions":[{"id":"action4","type":"wheel","parameters":{},"actions":[{"type":"scroll","x":-869,"y":-24,"deltaX":0,"deltaY":0,"duration":0,"origin":{"element-6066-11e4-a52e-4f735466cecf":"f.026F3DCA0CB25E323D9C654115917965.d.A65FB483A53C20A435C9FA0682FD5786.e.1600"}}]}]}
COMMAND: GET /session/bb2e7e08feb0a54f1655a5fd6971b62c/screenshot - {}
RESULT: {"actions":[{"id":"action4","type":"wheel","parameters":{},"actions":[{"type":"scroll","x":-869,"y":-24,"deltaX":0,"deltaY":0,"duration":0,"origin":{"element-6066-11e4-a52e-4f735466cecf":"f.026F3DCA0CB25E323D9C654115917965.d.A65FB483A53C20A435C9FA0682FD5786.e.1600"}}]}]}
COMMAND: DELETE /session/bb2e7e08feb0a54f1655a5fd6971b62c/actions - {}
COMMAND: GET /session/bb2e7e08feb0a54f1655a5fd6971b62c/screenshot - {}
RESULT: {}
RESULT: {}
COMMAND: GET /session/bb2e7e08feb0a54f1655a5fd6971b62c/screenshot - {}
RESULT: {}
RESULT: {}
COMMAND: POST /session/bb2e7e08feb0a54f1655a5fd6971b62c/element/f.026F3DCA0CB25E323D9C654115917965.d.A65FB483A53C20A435C9FA0682FD5786.e.1600/click - {}
RESULT: {}
COMMAND: GET /session/bb2e7e08feb0a54f1655a5fd6971b62c/screenshot - {}
RESULT: {}
RESULT: undefined
COMMAND: POST /session/bb2e7e08feb0a54f1655a5fd6971b62c/execute/async - {"script":"<script> [776 bytes]","args":[{"enterText":"4000360","selector":{"controlType":"sap.m.SearchField","properties":{"placeholder":"Search"},"searchOpenDialogs":true,"interaction":{"idSuffix":"I"}},"clearTextFirst":true,"interactionType":"ENTER_TEXT"}]}
RESULT: {"script":"<script> [776 bytes]","args":[{"enterText":"4000360","selector":{"controlType":"sap.m.SearchField","properties":{"placeholder":"Search"},"searchOpenDialogs":true,"interaction":{"idSuffix":"I"}},"clearTextFirst":true,"interactionType":"ENTER_TEXT"}]}
COMMAND: POST /session/bb2e7e08feb0a54f1655a5fd6971b62c/actions - {"actions":[{"id":"action5","type":"key","parameters":{},"actions":[{"type":"keyDown","value":"î€‡"},{"type":"pause","duration":10},{"type":"keyUp","value":"î€‡"}]}]}
RESULT: {"actions":[{"id":"action5","type":"key","parameters":{},"actions":[{"type":"keyDown","value":"î€‡"},{"type":"pause","duration":10},{"type":"keyUp","value":"î€‡"}]}]}
COMMAND: GET /session/bb2e7e08feb0a54f1655a5fd6971b62c/screenshot - {}
RESULT: {}
COMMAND: POST /session/bb2e7e08feb0a54f1655a5fd6971b62c/element - {"using":"xpath","value":"//td/div/span[contains(text(), \"BGL Vehicles\")]"}
RESULT: {"using":"xpath","value":"//td/div/span[contains(text(), \"BGL Vehicles\")]"}
COMMAND: POST /session/bb2e7e08feb0a54f1655a5fd6971b62c/element/f.026F3DCA0CB25E323D9C654115917965.d.A65FB483A53C20A435C9FA0682FD5786.e.1621/click - {}
RESULT: {}
COMMAND: GET /session/bb2e7e08feb0a54f1655a5fd6971b62c/screenshot - {}
RESULT: {}
COMMAND: POST /session/bb2e7e08feb0a54f1655a5fd6971b62c/element - {"using":"xpath","value":"//bdi[contains(text(), \"OK\")]"}
RESULT: {"using":"xpath","value":"//bdi[contains(text(), \"OK\")]"}
COMMAND: POST /session/bb2e7e08feb0a54f1655a5fd6971b62c/element/f.026F3DCA0CB25E323D9C654115917965.d.A65FB483A53C20A435C9FA0682FD5786.e.1622/click - {}
RESULT: {}
COMMAND: GET /session/bb2e7e08feb0a54f1655a5fd6971b62c/screenshot - {}
RESULT: {}
COMMAND: POST /session/bb2e7e08feb0a54f1655a5fd6971b62c/execute/async - {"script":"<script> [1562 bytes]","args":[{"selector":{"id":"application-manageresources-display-component---newResourceUnit--newRRUPage-anchBar-application-manageresources-display-component---newResourceUnit--resource-anchor","interaction":{"idSuffix":"BDI-content"}},"wdio_ui5_key":"applicationmanageresources-display-component---newResourceUnit--newRRUPage-anchBar-application-manageresources-display-component---newResourceUnit--resource-anchor"}]}
RESULT: {"script":"<script> [1562 bytes]","args":[{"selector":{"id":"application-manageresources-display-component---newResourceUnit--newRRUPage-anchBar-application-manageresources-display-component---newResourceUnit--resource-anchor","interaction":{"idSuffix":"BDI-content"}},"wdio_ui5_key":"applicationmanageresources-display-component---newResourceUnit--newRRUPage-anchBar-application-manageresources-display-component---newResourceUnit--resource-anchor"}]}
RESULT: undefined
COMMAND: POST /session/bb2e7e08feb0a54f1655a5fd6971b62c/element - {"using":"xpath","value":"//*[@id=\"application-manageresources-display-component---newResourceUnit--newRRUPage-anchBar-application-manageresources-display-component---newResourceUnit--resource-anchor\"]"}
RESULT: {"using":"xpath","value":"//*[@id=\"application-manageresources-display-component---newResourceUnit--newRRUPage-anchBar-application-manageresources-display-component---newResourceUnit--resource-anchor\"]"}
COMMAND: POST /session/bb2e7e08feb0a54f1655a5fd6971b62c/element/f.026F3DCA0CB25E323D9C654115917965.d.A65FB483A53C20A435C9FA0682FD5786.e.1626/click - {}
RESULT: {}
COMMAND: POST /session/bb2e7e08feb0a54f1655a5fd6971b62c/execute/async - {"script":"<script> [1562 bytes]","args":[{"selector":{"id":"application-manageresources-display-component---newResourceUnit--PLANNED_DELIVERY_DATE","interaction":{"idSuffix":"inner"}},"wdio_ui5_key":"applicationmanageresources-display-component---newResourceUnit--PLANNED_DELIVERY_DATE"}]}
COMMAND: GET /session/bb2e7e08feb0a54f1655a5fd6971b62c/screenshot - {}
RESULT: {"script":"<script> [1562 bytes]","args":[{"selector":{"id":"application-manageresources-display-component---newResourceUnit--PLANNED_DELIVERY_DATE","interaction":{"idSuffix":"inner"}},"wdio_ui5_key":"applicationmanageresources-display-component---newResourceUnit--PLANNED_DELIVERY_DATE"}]}
RESULT: undefined
COMMAND: POST /session/bb2e7e08feb0a54f1655a5fd6971b62c/execute/async - {"script":"<script> [6424 bytes]","args":[{"element-6066-11e4-a52e-4f735466cecf":"f.026F3DCA0CB25E323D9C654115917965.d.A65FB483A53C20A435C9FA0682FD5786.e.1488"},"setValue",["5/4/25"]]}
RESULT: {}
RESULT: {"script":"<script> [6424 bytes]","args":[{"element-6066-11e4-a52e-4f735466cecf":"f.026F3DCA0CB25E323D9C654115917965.d.A65FB483A53C20A435C9FA0682FD5786.e.1488"},"setValue",["5/4/25"]]}
COMMAND: POST /session/bb2e7e08feb0a54f1655a5fd6971b62c/element - {"using":"xpath","value":"//button[@data-kt=\"resourceUnitSaveButton\"]"}
RESULT: {"using":"xpath","value":"//button[@data-kt=\"resourceUnitSaveButton\"]"}
COMMAND: POST /session/bb2e7e08feb0a54f1655a5fd6971b62c/element/f.026F3DCA0CB25E323D9C654115917965.d.A65FB483A53C20A435C9FA0682FD5786.e.1449/click - {}
RESULT: {}
COMMAND: GET /session/bb2e7e08feb0a54f1655a5fd6971b62c/screenshot - {}
RESULT: {}
COMMAND: POST /session/bb2e7e08feb0a54f1655a5fd6971b62c/element - {"using":"xpath","value":"//bdi[contains(text(), \"Close\")]"}
RESULT: {"using":"xpath","value":"//bdi[contains(text(), \"Close\")]"}
COMMAND: POST /session/bb2e7e08feb0a54f1655a5fd6971b62c/element/f.026F3DCA0CB25E323D9C654115917965.d.A65FB483A53C20A435C9FA0682FD5786.e.1634/click - {}
RESULT: {}
COMMAND: GET /session/bb2e7e08feb0a54f1655a5fd6971b62c/screenshot - {}
RESULT: {}
COMMAND: POST /session/bb2e7e08feb0a54f1655a5fd6971b62c/element - {"using":"xpath","value":"(//button[contains(@id ,\"actionsToolbar-overflowButton\")])[1]"}
RESULT: {"using":"xpath","value":"(//button[contains(@id ,\"actionsToolbar-overflowButton\")])[1]"}
COMMAND: POST /session/bb2e7e08feb0a54f1655a5fd6971b62c/element/f.026F3DCA0CB25E323D9C654115917965.d.A65FB483A53C20A435C9FA0682FD5786.e.1690/click - {}
RESULT: {}
COMMAND: GET /session/bb2e7e08feb0a54f1655a5fd6971b62c/screenshot - {}
RESULT: {}
COMMAND: POST /session/bb2e7e08feb0a54f1655a5fd6971b62c/element - {"using":"xpath","value":"//button[@data-kt=\"priceInfoButton\"]"}
RESULT: {"using":"xpath","value":"//button[@data-kt=\"priceInfoButton\"]"}
COMMAND: POST /session/bb2e7e08feb0a54f1655a5fd6971b62c/element/f.026F3DCA0CB25E323D9C654115917965.d.A65FB483A53C20A435C9FA0682FD5786.e.1692/click - {}
RESULT: {}
COMMAND: GET /session/bb2e7e08feb0a54f1655a5fd6971b62c/screenshot - {}
RESULT: {}
COMMAND: POST /session/bb2e7e08feb0a54f1655a5fd6971b62c/element - {"using":"css selector","value":"#shell-header-logo"}
RESULT: {"using":"css selector","value":"#shell-header-logo"}
COMMAND: POST /session/bb2e7e08feb0a54f1655a5fd6971b62c/element/f.026F3DCA0CB25E323D9C654115917965.d.A65FB483A53C20A435C9FA0682FD5786.e.1035/click - {}
RESULT: {}
]]></system-out>
    </testcase>
    <testcase classname="chrome.135_0_7049_96.windows.Create_condition_pricing_US117289_US134625" name="Should create new condition" time="73.287">
      <system-out><![CDATA[
COMMAND: GET /session/bb2e7e08feb0a54f1655a5fd6971b62c/screenshot - {}
COMMAND: POST /session/bb2e7e08feb0a54f1655a5fd6971b62c/execute/async - {"script":"<script> [1562 bytes]","args":[{"selector":{"controlType":"sap.m.Text","properties":{"text":"Manage Conditions & Prices"},"interaction":{"idSuffix":"inner"}},"wdio_ui5_key":"sapm.Text{\"text\":\"Manage Conditions & Prices\"}"}]}
RESULT: {}
RESULT: {"script":"<script> [1562 bytes]","args":[{"selector":{"controlType":"sap.m.Text","properties":{"text":"Manage Conditions & Prices"},"interaction":{"idSuffix":"inner"}},"wdio_ui5_key":"sapm.Text{\"text\":\"Manage Conditions & Prices\"}"}]}
RESULT: undefined
COMMAND: POST /session/bb2e7e08feb0a54f1655a5fd6971b62c/element - {"using":"xpath","value":"//*[@id=\"__tile53-title\"]"}
RESULT: {"using":"xpath","value":"//*[@id=\"__tile53-title\"]"}
COMMAND: POST /session/bb2e7e08feb0a54f1655a5fd6971b62c/element/f.026F3DCA0CB25E323D9C654115917965.d.A65FB483A53C20A435C9FA0682FD5786.e.1697/click - {}
RESULT: {}
COMMAND: POST /session/bb2e7e08feb0a54f1655a5fd6971b62c/element - {"using":"xpath","value":"//button[@aria-label=\"Create\"]"}
COMMAND: GET /session/bb2e7e08feb0a54f1655a5fd6971b62c/screenshot - {}
RESULT: {"using":"xpath","value":"//button[@aria-label=\"Create\"]"}
COMMAND: POST /session/bb2e7e08feb0a54f1655a5fd6971b62c/elements - {"using":"xpath","value":"//button[@aria-label=\"Create\"]"}
RESULT: {}
RESULT: {"using":"xpath","value":"//button[@aria-label=\"Create\"]"}
COMMAND: POST /session/bb2e7e08feb0a54f1655a5fd6971b62c/elements - {"using":"xpath","value":"//button[@aria-label=\"Create\"]"}
RESULT: {"using":"xpath","value":"//button[@aria-label=\"Create\"]"}
COMMAND: POST /session/bb2e7e08feb0a54f1655a5fd6971b62c/elements - {"using":"xpath","value":"//button[@aria-label=\"Create\"]"}
RESULT: {"using":"xpath","value":"//button[@aria-label=\"Create\"]"}
COMMAND: POST /session/bb2e7e08feb0a54f1655a5fd6971b62c/elements - {"using":"xpath","value":"//button[@aria-label=\"Create\"]"}
RESULT: {"using":"xpath","value":"//button[@aria-label=\"Create\"]"}
COMMAND: POST /session/bb2e7e08feb0a54f1655a5fd6971b62c/elements - {"using":"xpath","value":"//button[@aria-label=\"Create\"]"}
RESULT: {"using":"xpath","value":"//button[@aria-label=\"Create\"]"}
COMMAND: POST /session/bb2e7e08feb0a54f1655a5fd6971b62c/elements - {"using":"xpath","value":"//button[@aria-label=\"Create\"]"}
RESULT: {"using":"xpath","value":"//button[@aria-label=\"Create\"]"}
COMMAND: POST /session/bb2e7e08feb0a54f1655a5fd6971b62c/elements - {"using":"xpath","value":"//button[@aria-label=\"Create\"]"}
RESULT: {"using":"xpath","value":"//button[@aria-label=\"Create\"]"}
COMMAND: POST /session/bb2e7e08feb0a54f1655a5fd6971b62c/elements - {"using":"xpath","value":"//button[@aria-label=\"Create\"]"}
RESULT: {"using":"xpath","value":"//button[@aria-label=\"Create\"]"}
COMMAND: POST /session/bb2e7e08feb0a54f1655a5fd6971b62c/elements - {"using":"xpath","value":"//button[@aria-label=\"Create\"]"}
RESULT: {"using":"xpath","value":"//button[@aria-label=\"Create\"]"}
COMMAND: POST /session/bb2e7e08feb0a54f1655a5fd6971b62c/elements - {"using":"xpath","value":"//button[@aria-label=\"Create\"]"}
RESULT: {"using":"xpath","value":"//button[@aria-label=\"Create\"]"}
COMMAND: POST /session/bb2e7e08feb0a54f1655a5fd6971b62c/elements - {"using":"xpath","value":"//button[@aria-label=\"Create\"]"}
RESULT: {"using":"xpath","value":"//button[@aria-label=\"Create\"]"}
COMMAND: POST /session/bb2e7e08feb0a54f1655a5fd6971b62c/elements - {"using":"xpath","value":"//button[@aria-label=\"Create\"]"}
RESULT: {"using":"xpath","value":"//button[@aria-label=\"Create\"]"}
COMMAND: POST /session/bb2e7e08feb0a54f1655a5fd6971b62c/elements - {"using":"xpath","value":"//button[@aria-label=\"Create\"]"}
RESULT: {"using":"xpath","value":"//button[@aria-label=\"Create\"]"}
COMMAND: POST /session/bb2e7e08feb0a54f1655a5fd6971b62c/elements - {"using":"xpath","value":"//button[@aria-label=\"Create\"]"}
RESULT: {"using":"xpath","value":"//button[@aria-label=\"Create\"]"}
COMMAND: POST /session/bb2e7e08feb0a54f1655a5fd6971b62c/elements - {"using":"xpath","value":"//button[@aria-label=\"Create\"]"}
RESULT: {"using":"xpath","value":"//button[@aria-label=\"Create\"]"}
COMMAND: POST /session/bb2e7e08feb0a54f1655a5fd6971b62c/elements - {"using":"xpath","value":"//button[@aria-label=\"Create\"]"}
RESULT: {"using":"xpath","value":"//button[@aria-label=\"Create\"]"}
COMMAND: POST /session/bb2e7e08feb0a54f1655a5fd6971b62c/elements - {"using":"xpath","value":"//button[@aria-label=\"Create\"]"}
RESULT: {"using":"xpath","value":"//button[@aria-label=\"Create\"]"}
COMMAND: POST /session/bb2e7e08feb0a54f1655a5fd6971b62c/elements - {"using":"xpath","value":"//button[@aria-label=\"Create\"]"}
RESULT: {"using":"xpath","value":"//button[@aria-label=\"Create\"]"}
COMMAND: POST /session/bb2e7e08feb0a54f1655a5fd6971b62c/elements - {"using":"xpath","value":"//button[@aria-label=\"Create\"]"}
RESULT: {"using":"xpath","value":"//button[@aria-label=\"Create\"]"}
COMMAND: POST /session/bb2e7e08feb0a54f1655a5fd6971b62c/elements - {"using":"xpath","value":"//button[@aria-label=\"Create\"]"}
RESULT: {"using":"xpath","value":"//button[@aria-label=\"Create\"]"}
COMMAND: POST /session/bb2e7e08feb0a54f1655a5fd6971b62c/element - {"using":"xpath","value":"//button[@aria-label=\"Create\"]"}
RESULT: {"using":"xpath","value":"//button[@aria-label=\"Create\"]"}
COMMAND: POST /session/bb2e7e08feb0a54f1655a5fd6971b62c/execute/sync - {"script":"<script> [8489 bytes]","args":[{"element-6066-11e4-a52e-4f735466cecf":"f.026F3DCA0CB25E323D9C654115917965.d.A65FB483A53C20A435C9FA0682FD5786.e.1732","ELEMENT":"f.026F3DCA0CB25E323D9C654115917965.d.A65FB483A53C20A435C9FA0682FD5786.e.1732"}]}
RESULT: {"script":"<script> [8489 bytes]","args":[{"element-6066-11e4-a52e-4f735466cecf":"f.026F3DCA0CB25E323D9C654115917965.d.A65FB483A53C20A435C9FA0682FD5786.e.1732","ELEMENT":"f.026F3DCA0CB25E323D9C654115917965.d.A65FB483A53C20A435C9FA0682FD5786.e.1732"}]}
COMMAND: GET /session/bb2e7e08feb0a54f1655a5fd6971b62c/element/f.026F3DCA0CB25E323D9C654115917965.d.A65FB483A53C20A435C9FA0682FD5786.e.1732/enabled - {}
COMMAND: GET /session/bb2e7e08feb0a54f1655a5fd6971b62c/screenshot - {}
RESULT: {}
COMMAND: POST /session/bb2e7e08feb0a54f1655a5fd6971b62c/execute/sync - {"script":"<script> [8489 bytes]","args":[{"element-6066-11e4-a52e-4f735466cecf":"f.026F3DCA0CB25E323D9C654115917965.d.A65FB483A53C20A435C9FA0682FD5786.e.1732","ELEMENT":"f.026F3DCA0CB25E323D9C654115917965.d.A65FB483A53C20A435C9FA0682FD5786.e.1732"}]}
COMMAND: GET /session/bb2e7e08feb0a54f1655a5fd6971b62c/screenshot - {}
RESULT: {}
RESULT: {"script":"<script> [8489 bytes]","args":[{"element-6066-11e4-a52e-4f735466cecf":"f.026F3DCA0CB25E323D9C654115917965.d.A65FB483A53C20A435C9FA0682FD5786.e.1732","ELEMENT":"f.026F3DCA0CB25E323D9C654115917965.d.A65FB483A53C20A435C9FA0682FD5786.e.1732"}]}
COMMAND: POST /session/bb2e7e08feb0a54f1655a5fd6971b62c/execute/sync - {"script":"<script> [5351 bytes]","args":[{"element-6066-11e4-a52e-4f735466cecf":"f.026F3DCA0CB25E323D9C654115917965.d.A65FB483A53C20A435C9FA0682FD5786.e.1732","ELEMENT":"f.026F3DCA0CB25E323D9C654115917965.d.A65FB483A53C20A435C9FA0682FD5786.e.1732"}]}
COMMAND: GET /session/bb2e7e08feb0a54f1655a5fd6971b62c/screenshot - {}
RESULT: {}
RESULT: {"script":"<script> [5351 bytes]","args":[{"element-6066-11e4-a52e-4f735466cecf":"f.026F3DCA0CB25E323D9C654115917965.d.A65FB483A53C20A435C9FA0682FD5786.e.1732","ELEMENT":"f.026F3DCA0CB25E323D9C654115917965.d.A65FB483A53C20A435C9FA0682FD5786.e.1732"}]}
COMMAND: POST /session/bb2e7e08feb0a54f1655a5fd6971b62c/element/f.026F3DCA0CB25E323D9C654115917965.d.A65FB483A53C20A435C9FA0682FD5786.e.1732/click - {}
COMMAND: GET /session/bb2e7e08feb0a54f1655a5fd6971b62c/screenshot - {}
RESULT: {}
RESULT: {}
COMMAND: GET /session/bb2e7e08feb0a54f1655a5fd6971b62c/screenshot - {}
RESULT: {}
RESULT: {}
COMMAND: POST /session/bb2e7e08feb0a54f1655a5fd6971b62c/actions - {"actions":[{"id":"action6","type":"key","parameters":{},"actions":[{"type":"keyDown","value":"î€‡"},{"type":"pause","duration":10},{"type":"keyUp","value":"î€‡"}]}]}
RESULT: {"actions":[{"id":"action6","type":"key","parameters":{},"actions":[{"type":"keyDown","value":"î€‡"},{"type":"pause","duration":10},{"type":"keyUp","value":"î€‡"}]}]}
COMMAND: GET /session/bb2e7e08feb0a54f1655a5fd6971b62c/screenshot - {}
RESULT: {}
COMMAND: POST /session/bb2e7e08feb0a54f1655a5fd6971b62c/execute/async - {"script":"<script> [1562 bytes]","args":[{"selector":{"id":"application-manageconditionprice-display-component---newCondition--condBillCond-arrow"},"wdio_ui5_key":"applicationmanageconditionprice-display-component---newCondition--condBillCond-arrow"}]}
RESULT: {"script":"<script> [1562 bytes]","args":[{"selector":{"id":"application-manageconditionprice-display-component---newCondition--condBillCond-arrow"},"wdio_ui5_key":"applicationmanageconditionprice-display-component---newCondition--condBillCond-arrow"}]}
RESULT: undefined
COMMAND: POST /session/bb2e7e08feb0a54f1655a5fd6971b62c/element - {"using":"xpath","value":"//*[@id=\"application-manageconditionprice-display-component---newCondition--condBillCond-arrow\"]"}
RESULT: {"using":"xpath","value":"//*[@id=\"application-manageconditionprice-display-component---newCondition--condBillCond-arrow\"]"}
COMMAND: POST /session/bb2e7e08feb0a54f1655a5fd6971b62c/element/f.026F3DCA0CB25E323D9C654115917965.d.A65FB483A53C20A435C9FA0682FD5786.e.1911/click - {}
RESULT: {}
COMMAND: GET /session/bb2e7e08feb0a54f1655a5fd6971b62c/screenshot - {}
RESULT: {}
COMMAND: POST /session/bb2e7e08feb0a54f1655a5fd6971b62c/element - {"using":"xpath","value":"//li[.//span[contains(text(), \"SAPR - Sales price\")]]"}
RESULT: {"using":"xpath","value":"//li[.//span[contains(text(), \"SAPR - Sales price\")]]"}
COMMAND: POST /session/bb2e7e08feb0a54f1655a5fd6971b62c/element/f.026F3DCA0CB25E323D9C654115917965.d.A65FB483A53C20A435C9FA0682FD5786.e.1914/click - {}
RESULT: {}
COMMAND: GET /session/bb2e7e08feb0a54f1655a5fd6971b62c/screenshot - {}
RESULT: {}
COMMAND: POST /session/bb2e7e08feb0a54f1655a5fd6971b62c/execute/async - {"script":"<script> [1562 bytes]","args":[{"selector":{"id":"application-manageconditionprice-display-component---newCondition--condValidTo","interaction":{"idSuffix":"inner"}},"wdio_ui5_key":"applicationmanageconditionprice-display-component---newCondition--condValidTo"}]}
RESULT: {"script":"<script> [1562 bytes]","args":[{"selector":{"id":"application-manageconditionprice-display-component---newCondition--condValidTo","interaction":{"idSuffix":"inner"}},"wdio_ui5_key":"applicationmanageconditionprice-display-component---newCondition--condValidTo"}]}
RESULT: undefined
COMMAND: POST /session/bb2e7e08feb0a54f1655a5fd6971b62c/execute/async - {"script":"<script> [776 bytes]","args":[{"enterText":"01/04/26","selector":{"id":"application-manageconditionprice-display-component---newCondition--condValidTo","interaction":{"idSuffix":"inner"}},"clearTextFirst":true,"interactionType":"ENTER_TEXT"}]}
RESULT: {"script":"<script> [776 bytes]","args":[{"enterText":"01/04/26","selector":{"id":"application-manageconditionprice-display-component---newCondition--condValidTo","interaction":{"idSuffix":"inner"}},"clearTextFirst":true,"interactionType":"ENTER_TEXT"}]}
COMMAND: POST /session/bb2e7e08feb0a54f1655a5fd6971b62c/element - {"using":"xpath","value":"//input[@id=\"application-manageconditionprice-display-component---newCondition--condRU-inner\"]"}
RESULT: {"using":"xpath","value":"//input[@id=\"application-manageconditionprice-display-component---newCondition--condRU-inner\"]"}
COMMAND: POST /session/bb2e7e08feb0a54f1655a5fd6971b62c/element/f.026F3DCA0CB25E323D9C654115917965.d.A65FB483A53C20A435C9FA0682FD5786.e.1748/clear - {}
RESULT: {}
COMMAND: POST /session/bb2e7e08feb0a54f1655a5fd6971b62c/element/f.026F3DCA0CB25E323D9C654115917965.d.A65FB483A53C20A435C9FA0682FD5786.e.1748/value - {"text":"N6sYdfj2Hs"}
COMMAND: GET /session/bb2e7e08feb0a54f1655a5fd6971b62c/screenshot - {}
RESULT: {"text":"N6sYdfj2Hs"}
COMMAND: GET /session/bb2e7e08feb0a54f1655a5fd6971b62c/screenshot - {}
RESULT: {}
RESULT: {}
COMMAND: POST /session/bb2e7e08feb0a54f1655a5fd6971b62c/actions - {"actions":[{"id":"action7","type":"key","parameters":{},"actions":[{"type":"keyDown","value":"î€‡"},{"type":"pause","duration":10},{"type":"keyUp","value":"î€‡"}]}]}
RESULT: {"actions":[{"id":"action7","type":"key","parameters":{},"actions":[{"type":"keyDown","value":"î€‡"},{"type":"pause","duration":10},{"type":"keyUp","value":"î€‡"}]}]}
COMMAND: POST /session/bb2e7e08feb0a54f1655a5fd6971b62c/execute/async - {"script":"<script> [1562 bytes]","args":[{"selector":{"id":"application-manageconditionprice-display-component---newCondition--condBaseQty","interaction":{"idSuffix":"inner"}},"wdio_ui5_key":"applicationmanageconditionprice-display-component---newCondition--condBaseQty"}]}
COMMAND: GET /session/bb2e7e08feb0a54f1655a5fd6971b62c/screenshot - {}
RESULT: {"script":"<script> [1562 bytes]","args":[{"selector":{"id":"application-manageconditionprice-display-component---newCondition--condBaseQty","interaction":{"idSuffix":"inner"}},"wdio_ui5_key":"applicationmanageconditionprice-display-component---newCondition--condBaseQty"}]}
RESULT: undefined
COMMAND: POST /session/bb2e7e08feb0a54f1655a5fd6971b62c/execute/async - {"script":"<script> [776 bytes]","args":[{"enterText":"1","selector":{"id":"application-manageconditionprice-display-component---newCondition--condBaseQty","interaction":{"idSuffix":"inner"}},"clearTextFirst":true,"interactionType":"ENTER_TEXT"}]}
RESULT: {}
RESULT: {"script":"<script> [776 bytes]","args":[{"enterText":"1","selector":{"id":"application-manageconditionprice-display-component---newCondition--condBaseQty","interaction":{"idSuffix":"inner"}},"clearTextFirst":true,"interactionType":"ENTER_TEXT"}]}
COMMAND: POST /session/bb2e7e08feb0a54f1655a5fd6971b62c/execute/async - {"script":"<script> [1562 bytes]","args":[{"selector":{"id":"application-manageconditionprice-display-component---newCondition--condValue","interaction":{"idSuffix":"inner"}},"wdio_ui5_key":"applicationmanageconditionprice-display-component---newCondition--condValue"}]}
RESULT: {"script":"<script> [1562 bytes]","args":[{"selector":{"id":"application-manageconditionprice-display-component---newCondition--condValue","interaction":{"idSuffix":"inner"}},"wdio_ui5_key":"applicationmanageconditionprice-display-component---newCondition--condValue"}]}
RESULT: undefined
COMMAND: POST /session/bb2e7e08feb0a54f1655a5fd6971b62c/execute/async - {"script":"<script> [776 bytes]","args":[{"enterText":"200","selector":{"id":"application-manageconditionprice-display-component---newCondition--condValue","interaction":{"idSuffix":"inner"}},"clearTextFirst":true,"interactionType":"ENTER_TEXT"}]}
RESULT: {"script":"<script> [776 bytes]","args":[{"enterText":"200","selector":{"id":"application-manageconditionprice-display-component---newCondition--condValue","interaction":{"idSuffix":"inner"}},"clearTextFirst":true,"interactionType":"ENTER_TEXT"}]}
COMMAND: POST /session/bb2e7e08feb0a54f1655a5fd6971b62c/execute/async - {"script":"<script> [1562 bytes]","args":[{"selector":{"id":"application-manageconditionprice-display-component---newCondition--condCurr-arrow"},"wdio_ui5_key":"applicationmanageconditionprice-display-component---newCondition--condCurr-arrow"}]}
RESULT: {"script":"<script> [1562 bytes]","args":[{"selector":{"id":"application-manageconditionprice-display-component---newCondition--condCurr-arrow"},"wdio_ui5_key":"applicationmanageconditionprice-display-component---newCondition--condCurr-arrow"}]}
RESULT: undefined
COMMAND: POST /session/bb2e7e08feb0a54f1655a5fd6971b62c/element - {"using":"xpath","value":"//*[@id=\"application-manageconditionprice-display-component---newCondition--condCurr-arrow\"]"}
RESULT: {"using":"xpath","value":"//*[@id=\"application-manageconditionprice-display-component---newCondition--condCurr-arrow\"]"}
COMMAND: POST /session/bb2e7e08feb0a54f1655a5fd6971b62c/element/f.026F3DCA0CB25E323D9C654115917965.d.A65FB483A53C20A435C9FA0682FD5786.e.1893/click - {}
RESULT: {}
COMMAND: POST /session/bb2e7e08feb0a54f1655a5fd6971b62c/element - {"using":"xpath","value":"//span[contains(text(), \"Euro\")]"}
COMMAND: GET /session/bb2e7e08feb0a54f1655a5fd6971b62c/screenshot - {}
RESULT: {"using":"xpath","value":"//span[contains(text(), \"Euro\")]"}
COMMAND: POST /session/bb2e7e08feb0a54f1655a5fd6971b62c/element/f.026F3DCA0CB25E323D9C654115917965.d.A65FB483A53C20A435C9FA0682FD5786.e.1952/click - {}
RESULT: {}
RESULT: {}
COMMAND: POST /session/bb2e7e08feb0a54f1655a5fd6971b62c/element - {"using":"xpath","value":"//button[@data-kt=\"saveButton\"]"}
RESULT: {"using":"xpath","value":"//button[@data-kt=\"saveButton\"]"}
COMMAND: POST /session/bb2e7e08feb0a54f1655a5fd6971b62c/element/f.026F3DCA0CB25E323D9C654115917965.d.A65FB483A53C20A435C9FA0682FD5786.e.1894/click - {}
COMMAND: GET /session/bb2e7e08feb0a54f1655a5fd6971b62c/screenshot - {}
RESULT: {}
COMMAND: GET /session/bb2e7e08feb0a54f1655a5fd6971b62c/screenshot - {}
RESULT: {}
RESULT: {}
COMMAND: POST /session/bb2e7e08feb0a54f1655a5fd6971b62c/execute/async - {"script":"<script> [1562 bytes]","args":[{"selector":{"id":"application-manageconditionprice-display-component---conditions--smartFilterBar-btnBasicSearch","interaction":{"idSuffix":"I"}},"wdio_ui5_key":"applicationmanageconditionprice-display-component---conditions--smartFilterBar-btnBasicSearch"}]}
RESULT: {"script":"<script> [1562 bytes]","args":[{"selector":{"id":"application-manageconditionprice-display-component---conditions--smartFilterBar-btnBasicSearch","interaction":{"idSuffix":"I"}},"wdio_ui5_key":"applicationmanageconditionprice-display-component---conditions--smartFilterBar-btnBasicSearch"}]}
RESULT: undefined
COMMAND: POST /session/bb2e7e08feb0a54f1655a5fd6971b62c/execute/async - {"script":"<script> [776 bytes]","args":[{"enterText":"N6sYdfj2Hs","selector":{"id":"application-manageconditionprice-display-component---conditions--smartFilterBar-btnBasicSearch","interaction":{"idSuffix":"I"}},"clearTextFirst":true,"interactionType":"ENTER_TEXT"}]}
RESULT: {"script":"<script> [776 bytes]","args":[{"enterText":"N6sYdfj2Hs","selector":{"id":"application-manageconditionprice-display-component---conditions--smartFilterBar-btnBasicSearch","interaction":{"idSuffix":"I"}},"clearTextFirst":true,"interactionType":"ENTER_TEXT"}]}
COMMAND: POST /session/bb2e7e08feb0a54f1655a5fd6971b62c/actions - {"actions":[{"id":"action8","type":"key","parameters":{},"actions":[{"type":"keyDown","value":"î€‡"},{"type":"pause","duration":10},{"type":"keyUp","value":"î€‡"}]}]}
RESULT: {"actions":[{"id":"action8","type":"key","parameters":{},"actions":[{"type":"keyDown","value":"î€‡"},{"type":"pause","duration":10},{"type":"keyUp","value":"î€‡"}]}]}
COMMAND: GET /session/bb2e7e08feb0a54f1655a5fd6971b62c/screenshot - {}
RESULT: {}
COMMAND: POST /session/bb2e7e08feb0a54f1655a5fd6971b62c/execute/async - {"script":"<script> [1562 bytes]","args":[{"selector":{"id":"application-manageconditionprice-display-component---conditions--smartFilterBar-filterItemControl_BASIC-BILL_TYPES-vhi"},"wdio_ui5_key":"applicationmanageconditionprice-display-component---conditions--smartFilterBar-filterItemControl_BASIC-BILL_TYPES-vhi"}]}
RESULT: {"script":"<script> [1562 bytes]","args":[{"selector":{"id":"application-manageconditionprice-display-component---conditions--smartFilterBar-filterItemControl_BASIC-BILL_TYPES-vhi"},"wdio_ui5_key":"applicationmanageconditionprice-display-component---conditions--smartFilterBar-filterItemControl_BASIC-BILL_TYPES-vhi"}]}
RESULT: undefined
COMMAND: POST /session/bb2e7e08feb0a54f1655a5fd6971b62c/element - {"using":"xpath","value":"//*[@id=\"application-manageconditionprice-display-component---conditions--smartFilterBar-filterItemControl_BASIC-BILL_TYPES-vhi\"]"}
RESULT: {"using":"xpath","value":"//*[@id=\"application-manageconditionprice-display-component---conditions--smartFilterBar-filterItemControl_BASIC-BILL_TYPES-vhi\"]"}
COMMAND: POST /session/bb2e7e08feb0a54f1655a5fd6971b62c/element/f.026F3DCA0CB25E323D9C654115917965.d.A65FB483A53C20A435C9FA0682FD5786.e.1970/click - {}
RESULT: {}
COMMAND: POST /session/bb2e7e08feb0a54f1655a5fd6971b62c/execute/async - {"script":"<script> [1562 bytes]","args":[{"selector":{"id":"application-manageconditionprice-display-component---conditions--smartFilterBar-filterItemControl_BASIC-BILL_TYPES-valueHelpDialog-smartFilterBar-btnBasicSearch","searchOpenDialogs":true,"interaction":{"idSuffix":"I"}},"wdio_ui5_key":"applicationmanageconditionprice-display-component---conditions--smartFilterBar-filterItemControl_BASIC-BILL_TYPES-valueHelpDialog-smartFilterBar-btnBasicSearch"}]}
COMMAND: GET /session/bb2e7e08feb0a54f1655a5fd6971b62c/screenshot - {}
RESULT: {"script":"<script> [1562 bytes]","args":[{"selector":{"id":"application-manageconditionprice-display-component---conditions--smartFilterBar-filterItemControl_BASIC-BILL_TYPES-valueHelpDialog-smartFilterBar-btnBasicSearch","searchOpenDialogs":true,"interaction":{"idSuffix":"I"}},"wdio_ui5_key":"applicationmanageconditionprice-display-component---conditions--smartFilterBar-filterItemControl_BASIC-BILL_TYPES-valueHelpDialog-smartFilterBar-btnBasicSearch"}]}
RESULT: undefined
COMMAND: POST /session/bb2e7e08feb0a54f1655a5fd6971b62c/execute/async - {"script":"<script> [776 bytes]","args":[{"enterText":"one","selector":{"id":"application-manageconditionprice-display-component---conditions--smartFilterBar-filterItemControl_BASIC-BILL_TYPES-valueHelpDialog-smartFilterBar-btnBasicSearch","searchOpenDialogs":true,"interaction":{"idSuffix":"I"}},"clearTextFirst":true,"interactionType":"ENTER_TEXT"}]}
RESULT: {}
RESULT: {"script":"<script> [776 bytes]","args":[{"enterText":"one","selector":{"id":"application-manageconditionprice-display-component---conditions--smartFilterBar-filterItemControl_BASIC-BILL_TYPES-valueHelpDialog-smartFilterBar-btnBasicSearch","searchOpenDialogs":true,"interaction":{"idSuffix":"I"}},"clearTextFirst":true,"interactionType":"ENTER_TEXT"}]}
COMMAND: POST /session/bb2e7e08feb0a54f1655a5fd6971b62c/actions - {"actions":[{"id":"action9","type":"key","parameters":{},"actions":[{"type":"keyDown","value":"î€‡"},{"type":"pause","duration":10},{"type":"keyUp","value":"î€‡"}]}]}
RESULT: {"actions":[{"id":"action9","type":"key","parameters":{},"actions":[{"type":"keyDown","value":"î€‡"},{"type":"pause","duration":10},{"type":"keyUp","value":"î€‡"}]}]}
COMMAND: GET /session/bb2e7e08feb0a54f1655a5fd6971b62c/screenshot - {}
RESULT: {}
COMMAND: POST /session/bb2e7e08feb0a54f1655a5fd6971b62c/element - {"using":"xpath","value":"//div[contains(@id, 'application-manageconditionprice-display-component---conditions--smartFilterBar-filterItemControl_BASIC-BILL_TYPES-valueHelpDialog-table-rowsel0')]"}
RESULT: {"using":"xpath","value":"//div[contains(@id, 'application-manageconditionprice-display-component---conditions--smartFilterBar-filterItemControl_BASIC-BILL_TYPES-valueHelpDialog-table-rowsel0')]"}
COMMAND: POST /session/bb2e7e08feb0a54f1655a5fd6971b62c/element/f.026F3DCA0CB25E323D9C654115917965.d.A65FB483A53C20A435C9FA0682FD5786.e.1979/click - {}
RESULT: {}
COMMAND: GET /session/bb2e7e08feb0a54f1655a5fd6971b62c/screenshot - {}
RESULT: {}
COMMAND: POST /session/bb2e7e08feb0a54f1655a5fd6971b62c/element - {"using":"xpath","value":"//bdi[contains(text(), \"OK\")]"}
RESULT: {"using":"xpath","value":"//bdi[contains(text(), \"OK\")]"}
COMMAND: POST /session/bb2e7e08feb0a54f1655a5fd6971b62c/element/f.026F3DCA0CB25E323D9C654115917965.d.A65FB483A53C20A435C9FA0682FD5786.e.1981/click - {}
RESULT: {}
COMMAND: GET /session/bb2e7e08feb0a54f1655a5fd6971b62c/screenshot - {}
RESULT: {}
COMMAND: POST /session/bb2e7e08feb0a54f1655a5fd6971b62c/element - {"using":"xpath","value":"//span[@id=\"application-manageconditionprice-display-component---conditions--smartTable-header-inner\"]"}
RESULT: {"using":"xpath","value":"//span[@id=\"application-manageconditionprice-display-component---conditions--smartTable-header-inner\"]"}
COMMAND: POST /session/bb2e7e08feb0a54f1655a5fd6971b62c/elements - {"using":"xpath","value":"//span[@id=\"application-manageconditionprice-display-component---conditions--smartTable-header-inner\"]"}
RESULT: {"using":"xpath","value":"//span[@id=\"application-manageconditionprice-display-component---conditions--smartTable-header-inner\"]"}
COMMAND: POST /session/bb2e7e08feb0a54f1655a5fd6971b62c/execute/sync - {"script":"<script> [56 bytes]","args":[{"element-6066-11e4-a52e-4f735466cecf":"f.026F3DCA0CB25E323D9C654115917965.d.A65FB483A53C20A435C9FA0682FD5786.e.1984","ELEMENT":"f.026F3DCA0CB25E323D9C654115917965.d.A65FB483A53C20A435C9FA0682FD5786.e.1984"}]}
RESULT: {"script":"<script> [56 bytes]","args":[{"element-6066-11e4-a52e-4f735466cecf":"f.026F3DCA0CB25E323D9C654115917965.d.A65FB483A53C20A435C9FA0682FD5786.e.1984","ELEMENT":"f.026F3DCA0CB25E323D9C654115917965.d.A65FB483A53C20A435C9FA0682FD5786.e.1984"}]}
COMMAND: POST /session/bb2e7e08feb0a54f1655a5fd6971b62c/element - {"using":"css selector","value":"#shell-header-logo"}
COMMAND: GET /session/bb2e7e08feb0a54f1655a5fd6971b62c/screenshot - {}
RESULT: {"using":"css selector","value":"#shell-header-logo"}
COMMAND: POST /session/bb2e7e08feb0a54f1655a5fd6971b62c/element/f.026F3DCA0CB25E323D9C654115917965.d.A65FB483A53C20A435C9FA0682FD5786.e.1700/click - {}
RESULT: {}
RESULT: {}
COMMAND: GET /session/bb2e7e08feb0a54f1655a5fd6971b62c/screenshot - {}
RESULT: {}
COMMAND: POST /session/bb2e7e08feb0a54f1655a5fd6971b62c/element - {"using":"css selector","value":"#j_username"}
COMMAND: POST /session/bb2e7e08feb0a54f1655a5fd6971b62c/url - {"url":"https://qa-testing-00-live-etm-ui.cfapps.eu10-004.hana.ondemand.com/"}
RESULT: {"using":"css selector","value":"#j_username"}
COMMAND: POST /session/bb2e7e08feb0a54f1655a5fd6971b62c/element - {"using":"css selector","value":"#j_username"}
RESULT: {"url":"https://qa-testing-00-live-etm-ui.cfapps.eu10-004.hana.ondemand.com/"}
RESULT: undefined
COMMAND: GET /session/bb2e7e08feb0a54f1655a5fd6971b62c/screenshot - {}
RESULT: {"using":"css selector","value":"#j_username"}
COMMAND: POST /session/bb2e7e08feb0a54f1655a5fd6971b62c/element - {"using":"css selector","value":"#shell-header-logo"}
RESULT: {}
RESULT: {"using":"css selector","value":"#shell-header-logo"}
COMMAND: POST /session/bb2e7e08feb0a54f1655a5fd6971b62c/execute/sync - {"script":"<script> [8489 bytes]","args":[{"element-6066-11e4-a52e-4f735466cecf":"f.026F3DCA0CB25E323D9C654115917965.d.CBAB203138D5FE3FFFF34FCDA10A1481.e.1998","ELEMENT":"f.026F3DCA0CB25E323D9C654115917965.d.CBAB203138D5FE3FFFF34FCDA10A1481.e.1998"}]}
RESULT: {"script":"<script> [8489 bytes]","args":[{"element-6066-11e4-a52e-4f735466cecf":"f.026F3DCA0CB25E323D9C654115917965.d.CBAB203138D5FE3FFFF34FCDA10A1481.e.1998","ELEMENT":"f.026F3DCA0CB25E323D9C654115917965.d.CBAB203138D5FE3FFFF34FCDA10A1481.e.1998"}]}
COMMAND: POST /session/bb2e7e08feb0a54f1655a5fd6971b62c/element - {"using":"css selector","value":"#shell-header-logo"}
COMMAND: GET /session/bb2e7e08feb0a54f1655a5fd6971b62c/screenshot - {}
RESULT: {"using":"css selector","value":"#shell-header-logo"}
COMMAND: POST /session/bb2e7e08feb0a54f1655a5fd6971b62c/execute/sync - {"script":"<script> [8489 bytes]","args":[{"element-6066-11e4-a52e-4f735466cecf":"f.026F3DCA0CB25E323D9C654115917965.d.CBAB203138D5FE3FFFF34FCDA10A1481.e.1998","ELEMENT":"f.026F3DCA0CB25E323D9C654115917965.d.CBAB203138D5FE3FFFF34FCDA10A1481.e.1998"}]}
RESULT: {}
RESULT: {"script":"<script> [8489 bytes]","args":[{"element-6066-11e4-a52e-4f735466cecf":"f.026F3DCA0CB25E323D9C654115917965.d.CBAB203138D5FE3FFFF34FCDA10A1481.e.1998","ELEMENT":"f.026F3DCA0CB25E323D9C654115917965.d.CBAB203138D5FE3FFFF34FCDA10A1481.e.1998"}]}
COMMAND: POST /session/bb2e7e08feb0a54f1655a5fd6971b62c/execute/sync - {"script":"<script> [5351 bytes]","args":[{"element-6066-11e4-a52e-4f735466cecf":"f.026F3DCA0CB25E323D9C654115917965.d.CBAB203138D5FE3FFFF34FCDA10A1481.e.1998","ELEMENT":"f.026F3DCA0CB25E323D9C654115917965.d.CBAB203138D5FE3FFFF34FCDA10A1481.e.1998"}]}
COMMAND: GET /session/bb2e7e08feb0a54f1655a5fd6971b62c/screenshot - {}
RESULT: {"script":"<script> [5351 bytes]","args":[{"element-6066-11e4-a52e-4f735466cecf":"f.026F3DCA0CB25E323D9C654115917965.d.CBAB203138D5FE3FFFF34FCDA10A1481.e.1998","ELEMENT":"f.026F3DCA0CB25E323D9C654115917965.d.CBAB203138D5FE3FFFF34FCDA10A1481.e.1998"}]}
COMMAND: POST /session/bb2e7e08feb0a54f1655a5fd6971b62c/element - {"using":"css selector","value":"#shell-header-logo"}
COMMAND: GET /session/bb2e7e08feb0a54f1655a5fd6971b62c/screenshot - {}
RESULT: {}
RESULT: {"using":"css selector","value":"#shell-header-logo"}
COMMAND: POST /session/bb2e7e08feb0a54f1655a5fd6971b62c/element/f.026F3DCA0CB25E323D9C654115917965.d.CBAB203138D5FE3FFFF34FCDA10A1481.e.1998/click - {}
RESULT: {}
RESULT: {}
COMMAND: GET /session/bb2e7e08feb0a54f1655a5fd6971b62c/screenshot - {}
RESULT: {}
COMMAND: POST /session/bb2e7e08feb0a54f1655a5fd6971b62c/execute/async - {"script":"<script> [189 bytes]","args":[]}
RESULT: {"script":"<script> [189 bytes]","args":[]}
COMMAND: POST /session/bb2e7e08feb0a54f1655a5fd6971b62c/execute/async - {"script":"<script> [123 bytes]","args":[]}
RESULT: {"script":"<script> [123 bytes]","args":[]}
COMMAND: POST /session/bb2e7e08feb0a54f1655a5fd6971b62c/timeouts - {"script":"<number>"}
RESULT: {"script":"<number>"}
COMMAND: GET /session/bb2e7e08feb0a54f1655a5fd6971b62c/timeouts - {}
RESULT: {}
RESULT: undefined
COMMAND: POST /session/bb2e7e08feb0a54f1655a5fd6971b62c/execute/async - {"script":"<script> [2676 bytes]","args":[]}
RESULT: {"script":"<script> [2676 bytes]","args":[]}
COMMAND: POST /session/bb2e7e08feb0a54f1655a5fd6971b62c/execute/async - {"script":"<script> [2342 bytes]","args":[{"protocol":"http","hostname":"0.0.0.0","path":"/","capabilities":{"browserName":"chrome","goog:chromeOptions":{"binary":"C:\\Program Files\\Google\\Chrome\\Application\\chrome.exe","args":["--start-maximized"]}},"logLevel":"warn","connectionRetryTimeout":120000,"connectionRetryCount":3,"logLevels":{},"enableDirectConnect":true,"strictSSL":true,"_":"65 more keys: [\"cacheDir\",\"port\",\"requestedCapabilities\",\"automationProtocol\",\"baseUrl\",\"waitforInterval\",\"waitforTimeout\",\"onReload\",\"beforeCommand\",\"afterCommand\",\"rootDir\",\"specs\",\"suites\",\"exclude\",\"groupLogsByTestSpec\",\"excludeDriverLogs\",\"bail\",\"framework\",\"reporters\",\"services\",\"maxInstances\",\"maxInstancesPerCapability\",\"injectGlobals\",\"filesToWatch\",\"execArgv\",\"runnerEnv\",\"runner\",\"shard\",\"specFileRetries\",\"specFileRetriesDelay\",\"specFileRetriesDeferred\",\"reporterSyncInterval\",\"reporterSyncTimeout\",\"cucumberFeaturesWithLineNumbers\",\"autoCompileOpts\",\"mochaOpts\",\"jasmineOpts\",\"cucumberOpts\",\"onPrepare\",\"onWorkerStart\",\"onWorkerEnd\",\"before\",\"beforeSession\",\"beforeSuite\",\"beforeHook\",\"beforeTest\",\"afterTest\",\"afterHook\",\"afterSuite\",\"afterSession\",\"after\",\"onComplete\",\"beforeAssertion\",\"afterAssertion\",\"beforeFeature\",\"beforeScenario\",\"beforeStep\",\"afterStep\",\"afterScenario\",\"afterFeature\",\"_\",\"suite\",\"$0\",\"ignoredWorkerServices\",\"wdi5\"]"}]}
RESULT: {"script":"<script> [2342 bytes]","args":[{"protocol":"http","hostname":"0.0.0.0","path":"/","capabilities":{"browserName":"chrome","goog:chromeOptions":{"binary":"C:\\Program Files\\Google\\Chrome\\Application\\chrome.exe","args":["--start-maximized"]}},"logLevel":"warn","connectionRetryTimeout":120000,"connectionRetryCount":3,"logLevels":{},"enableDirectConnect":true,"strictSSL":true,"_":"65 more keys: [\"cacheDir\",\"port\",\"requestedCapabilities\",\"automationProtocol\",\"baseUrl\",\"waitforInterval\",\"waitforTimeout\",\"onReload\",\"beforeCommand\",\"afterCommand\",\"rootDir\",\"specs\",\"suites\",\"exclude\",\"groupLogsByTestSpec\",\"excludeDriverLogs\",\"bail\",\"framework\",\"reporters\",\"services\",\"maxInstances\",\"maxInstancesPerCapability\",\"injectGlobals\",\"filesToWatch\",\"execArgv\",\"runnerEnv\",\"runner\",\"shard\",\"specFileRetries\",\"specFileRetriesDelay\",\"specFileRetriesDeferred\",\"reporterSyncInterval\",\"reporterSyncTimeout\",\"cucumberFeaturesWithLineNumbers\",\"autoCompileOpts\",\"mochaOpts\",\"jasmineOpts\",\"cucumberOpts\",\"onPrepare\",\"onWorkerStart\",\"onWorkerEnd\",\"before\",\"beforeSession\",\"beforeSuite\",\"beforeHook\",\"beforeTest\",\"afterTest\",\"afterHook\",\"afterSuite\",\"afterSession\",\"after\",\"onComplete\",\"beforeAssertion\",\"afterAssertion\",\"beforeFeature\",\"beforeScenario\",\"beforeStep\",\"afterStep\",\"afterScenario\",\"afterFeature\",\"_\",\"suite\",\"$0\",\"ignoredWorkerServices\",\"wdi5\"]"}]}
COMMAND: POST /session/bb2e7e08feb0a54f1655a5fd6971b62c/execute/async - {"script":"<script> [21126 bytes]","args":[35000]}
RESULT: {"script":"<script> [21126 bytes]","args":[35000]}
COMMAND: POST /session/bb2e7e08feb0a54f1655a5fd6971b62c/window/maximize - {}
RESULT: {}
COMMAND: POST /session/bb2e7e08feb0a54f1655a5fd6971b62c/execute/async - {"script":"<script> [1562 bytes]","args":[{"selector":{"id":"shell-header","interaction":{"idSuffix":"icon"}},"wdio_ui5_key":"shellheader"}]}
COMMAND: GET /session/bb2e7e08feb0a54f1655a5fd6971b62c/screenshot - {}
RESULT: {"script":"<script> [1562 bytes]","args":[{"selector":{"id":"shell-header","interaction":{"idSuffix":"icon"}},"wdio_ui5_key":"shellheader"}]}
RESULT: undefined
COMMAND: POST /session/bb2e7e08feb0a54f1655a5fd6971b62c/refresh - {}
RESULT: {}
RESULT: {}
COMMAND: GET /session/bb2e7e08feb0a54f1655a5fd6971b62c/screenshot - {}
RESULT: {}
COMMAND: POST /session/bb2e7e08feb0a54f1655a5fd6971b62c/refresh - {}
RESULT: {}
COMMAND: GET /session/bb2e7e08feb0a54f1655a5fd6971b62c/screenshot - {}
RESULT: {}
COMMAND: POST /session/bb2e7e08feb0a54f1655a5fd6971b62c/window/fullscreen - {}
RESULT: {}
COMMAND: POST /session/bb2e7e08feb0a54f1655a5fd6971b62c/execute/async - {"script":"<script> [189 bytes]","args":[]}
RESULT: {"script":"<script> [189 bytes]","args":[]}
COMMAND: POST /session/bb2e7e08feb0a54f1655a5fd6971b62c/execute/async - {"script":"<script> [123 bytes]","args":[]}
RESULT: {"script":"<script> [123 bytes]","args":[]}
COMMAND: POST /session/bb2e7e08feb0a54f1655a5fd6971b62c/timeouts - {"script":"<number>"}
RESULT: {"script":"<number>"}
COMMAND: GET /session/bb2e7e08feb0a54f1655a5fd6971b62c/timeouts - {}
RESULT: {}
RESULT: undefined
COMMAND: POST /session/bb2e7e08feb0a54f1655a5fd6971b62c/execute/async - {"script":"<script> [2676 bytes]","args":[]}
RESULT: {"script":"<script> [2676 bytes]","args":[]}
COMMAND: POST /session/bb2e7e08feb0a54f1655a5fd6971b62c/execute/async - {"script":"<script> [2342 bytes]","args":[{"protocol":"http","hostname":"0.0.0.0","path":"/","capabilities":{"browserName":"chrome","goog:chromeOptions":{"binary":"C:\\Program Files\\Google\\Chrome\\Application\\chrome.exe","args":["--start-maximized"]}},"logLevel":"warn","connectionRetryTimeout":120000,"connectionRetryCount":3,"logLevels":{},"enableDirectConnect":true,"strictSSL":true,"_":"65 more keys: [\"cacheDir\",\"port\",\"requestedCapabilities\",\"automationProtocol\",\"baseUrl\",\"waitforInterval\",\"waitforTimeout\",\"onReload\",\"beforeCommand\",\"afterCommand\",\"rootDir\",\"specs\",\"suites\",\"exclude\",\"groupLogsByTestSpec\",\"excludeDriverLogs\",\"bail\",\"framework\",\"reporters\",\"services\",\"maxInstances\",\"maxInstancesPerCapability\",\"injectGlobals\",\"filesToWatch\",\"execArgv\",\"runnerEnv\",\"runner\",\"shard\",\"specFileRetries\",\"specFileRetriesDelay\",\"specFileRetriesDeferred\",\"reporterSyncInterval\",\"reporterSyncTimeout\",\"cucumberFeaturesWithLineNumbers\",\"autoCompileOpts\",\"mochaOpts\",\"jasmineOpts\",\"cucumberOpts\",\"onPrepare\",\"onWorkerStart\",\"onWorkerEnd\",\"before\",\"beforeSession\",\"beforeSuite\",\"beforeHook\",\"beforeTest\",\"afterTest\",\"afterHook\",\"afterSuite\",\"afterSession\",\"after\",\"onComplete\",\"beforeAssertion\",\"afterAssertion\",\"beforeFeature\",\"beforeScenario\",\"beforeStep\",\"afterStep\",\"afterScenario\",\"afterFeature\",\"_\",\"suite\",\"$0\",\"ignoredWorkerServices\",\"wdi5\"]"}]}
RESULT: {"script":"<script> [2342 bytes]","args":[{"protocol":"http","hostname":"0.0.0.0","path":"/","capabilities":{"browserName":"chrome","goog:chromeOptions":{"binary":"C:\\Program Files\\Google\\Chrome\\Application\\chrome.exe","args":["--start-maximized"]}},"logLevel":"warn","connectionRetryTimeout":120000,"connectionRetryCount":3,"logLevels":{},"enableDirectConnect":true,"strictSSL":true,"_":"65 more keys: [\"cacheDir\",\"port\",\"requestedCapabilities\",\"automationProtocol\",\"baseUrl\",\"waitforInterval\",\"waitforTimeout\",\"onReload\",\"beforeCommand\",\"afterCommand\",\"rootDir\",\"specs\",\"suites\",\"exclude\",\"groupLogsByTestSpec\",\"excludeDriverLogs\",\"bail\",\"framework\",\"reporters\",\"services\",\"maxInstances\",\"maxInstancesPerCapability\",\"injectGlobals\",\"filesToWatch\",\"execArgv\",\"runnerEnv\",\"runner\",\"shard\",\"specFileRetries\",\"specFileRetriesDelay\",\"specFileRetriesDeferred\",\"reporterSyncInterval\",\"reporterSyncTimeout\",\"cucumberFeaturesWithLineNumbers\",\"autoCompileOpts\",\"mochaOpts\",\"jasmineOpts\",\"cucumberOpts\",\"onPrepare\",\"onWorkerStart\",\"onWorkerEnd\",\"before\",\"beforeSession\",\"beforeSuite\",\"beforeHook\",\"beforeTest\",\"afterTest\",\"afterHook\",\"afterSuite\",\"afterSession\",\"after\",\"onComplete\",\"beforeAssertion\",\"afterAssertion\",\"beforeFeature\",\"beforeScenario\",\"beforeStep\",\"afterStep\",\"afterScenario\",\"afterFeature\",\"_\",\"suite\",\"$0\",\"ignoredWorkerServices\",\"wdi5\"]"}]}
COMMAND: POST /session/bb2e7e08feb0a54f1655a5fd6971b62c/execute/async - {"script":"<script> [21126 bytes]","args":[35000]}
RESULT: {"script":"<script> [21126 bytes]","args":[35000]}
]]></system-out>
    </testcase>
  </testsuite>
  <testsuite timestamp="2025-05-04T17:04:24" time="132.219" tests="3" failures="0" errors="0" skipped="0">
    <properties>
      <property name="specId" value="0" />
      <property name="suiteName" value="Set up pricing rule(OT) 104624" />
      <property name="capabilities" value="chrome.135_0_7049_96.windows" />
      <property name="file" value="file:///D:/a/1/s/test/specs/BTS/create-pricing-rule.spec.js" />
    </properties>
    <testcase classname="chrome.135_0_7049_96.windows.Set_up_pricing_rule(OT)_104624" name="Should create a new yard used for all following tests" time="0.038">
      <system-out><![CDATA[
COMMAND: POST /session/bb2e7e08feb0a54f1655a5fd6971b62c/window/fullscreen - {}
RESULT: {}
]]></system-out>
    </testcase>
    <testcase classname="chrome.135_0_7049_96.windows.Set_up_pricing_rule(OT)_104624" name="Should create a new equipment used for all following tests" time="0.004" />
    <testcase classname="chrome.135_0_7049_96.windows.Set_up_pricing_rule(OT)_104624" name="Should create new pricing rule on the created resource from earlier module or above" time="75.819">
      <system-out><![CDATA[
COMMAND: POST /session/bb2e7e08feb0a54f1655a5fd6971b62c/execute/async - {"script":"<script> [1562 bytes]","args":[{"selector":{"controlType":"sap.m.Text","properties":{"text":"Manage Pricing Rules"},"interaction":{"idSuffix":"inner"}},"wdio_ui5_key":"sapm.Text{\"text\":\"Manage Pricing Rules\"}"}]}
RESULT: {"script":"<script> [1562 bytes]","args":[{"selector":{"controlType":"sap.m.Text","properties":{"text":"Manage Pricing Rules"},"interaction":{"idSuffix":"inner"}},"wdio_ui5_key":"sapm.Text{\"text\":\"Manage Pricing Rules\"}"}]}
RESULT: undefined
COMMAND: POST /session/bb2e7e08feb0a54f1655a5fd6971b62c/element - {"using":"xpath","value":"//*[@id=\"__tile55-title\"]"}
RESULT: {"using":"xpath","value":"//*[@id=\"__tile55-title\"]"}
COMMAND: POST /session/bb2e7e08feb0a54f1655a5fd6971b62c/element/f.026F3DCA0CB25E323D9C654115917965.d.B05F4C12602988DCE649D0E571B38DAD.e.2256/click - {}
RESULT: {}
COMMAND: POST /session/bb2e7e08feb0a54f1655a5fd6971b62c/execute/async - {"script":"<script> [1562 bytes]","args":[{"selector":{"controlType":"sap.ui.core.Icon","viewName":"etm.portal.ui.managepricingrules.view.MasterHeader","viewId":"application-managepricingrules-display-component---priceInfoHeader","properties":{"src":{"regex":{"source":"activity\\-items"}}}},"wdio_ui5_key":"etmportal.ui.managepricingrules.view.MasterHeadersap.ui.core.Icon{\"src\":{\"regex\":{\"source\":\"activity\\\\-items\"}}}"}]}
COMMAND: GET /session/bb2e7e08feb0a54f1655a5fd6971b62c/screenshot - {}
RESULT: {"script":"<script> [1562 bytes]","args":[{"selector":{"controlType":"sap.ui.core.Icon","viewName":"etm.portal.ui.managepricingrules.view.MasterHeader","viewId":"application-managepricingrules-display-component---priceInfoHeader","properties":{"src":{"regex":{"source":"activity\\-items"}}}},"wdio_ui5_key":"etmportal.ui.managepricingrules.view.MasterHeadersap.ui.core.Icon{\"src\":{\"regex\":{\"source\":\"activity\\\\-items\"}}}"}]}
RESULT: undefined
COMMAND: POST /session/bb2e7e08feb0a54f1655a5fd6971b62c/element - {"using":"xpath","value":"//*[@id=\"__filter1-icon\"]"}
RESULT: {}
RESULT: {"using":"xpath","value":"//*[@id=\"__filter1-icon\"]"}
COMMAND: POST /session/bb2e7e08feb0a54f1655a5fd6971b62c/element/f.026F3DCA0CB25E323D9C654115917965.d.B05F4C12602988DCE649D0E571B38DAD.e.2306/click - {}
RESULT: {}
COMMAND: GET /session/bb2e7e08feb0a54f1655a5fd6971b62c/screenshot - {}
RESULT: {}
COMMAND: POST /session/bb2e7e08feb0a54f1655a5fd6971b62c/element - {"using":"xpath","value":"//button[@data-kt=\"addButton\"]"}
RESULT: {"using":"xpath","value":"//button[@data-kt=\"addButton\"]"}
COMMAND: POST /session/bb2e7e08feb0a54f1655a5fd6971b62c/elements - {"using":"xpath","value":"//button[@data-kt=\"addButton\"]"}
RESULT: {"using":"xpath","value":"//button[@data-kt=\"addButton\"]"}
COMMAND: POST /session/bb2e7e08feb0a54f1655a5fd6971b62c/execute/sync - {"script":"<script> [8489 bytes]","args":[{"element-6066-11e4-a52e-4f735466cecf":"f.026F3DCA0CB25E323D9C654115917965.d.B05F4C12602988DCE649D0E571B38DAD.e.2354","ELEMENT":"f.026F3DCA0CB25E323D9C654115917965.d.B05F4C12602988DCE649D0E571B38DAD.e.2354"}]}
RESULT: {"script":"<script> [8489 bytes]","args":[{"element-6066-11e4-a52e-4f735466cecf":"f.026F3DCA0CB25E323D9C654115917965.d.B05F4C12602988DCE649D0E571B38DAD.e.2354","ELEMENT":"f.026F3DCA0CB25E323D9C654115917965.d.B05F4C12602988DCE649D0E571B38DAD.e.2354"}]}
COMMAND: GET /session/bb2e7e08feb0a54f1655a5fd6971b62c/element/f.026F3DCA0CB25E323D9C654115917965.d.B05F4C12602988DCE649D0E571B38DAD.e.2354/enabled - {}
COMMAND: GET /session/bb2e7e08feb0a54f1655a5fd6971b62c/screenshot - {}
RESULT: {}
COMMAND: POST /session/bb2e7e08feb0a54f1655a5fd6971b62c/execute/sync - {"script":"<script> [8489 bytes]","args":[{"element-6066-11e4-a52e-4f735466cecf":"f.026F3DCA0CB25E323D9C654115917965.d.B05F4C12602988DCE649D0E571B38DAD.e.2354","ELEMENT":"f.026F3DCA0CB25E323D9C654115917965.d.B05F4C12602988DCE649D0E571B38DAD.e.2354"}]}
COMMAND: GET /session/bb2e7e08feb0a54f1655a5fd6971b62c/screenshot - {}
RESULT: {}
RESULT: {"script":"<script> [8489 bytes]","args":[{"element-6066-11e4-a52e-4f735466cecf":"f.026F3DCA0CB25E323D9C654115917965.d.B05F4C12602988DCE649D0E571B38DAD.e.2354","ELEMENT":"f.026F3DCA0CB25E323D9C654115917965.d.B05F4C12602988DCE649D0E571B38DAD.e.2354"}]}
COMMAND: POST /session/bb2e7e08feb0a54f1655a5fd6971b62c/execute/sync - {"script":"<script> [5351 bytes]","args":[{"element-6066-11e4-a52e-4f735466cecf":"f.026F3DCA0CB25E323D9C654115917965.d.B05F4C12602988DCE649D0E571B38DAD.e.2354","ELEMENT":"f.026F3DCA0CB25E323D9C654115917965.d.B05F4C12602988DCE649D0E571B38DAD.e.2354"}]}
COMMAND: GET /session/bb2e7e08feb0a54f1655a5fd6971b62c/screenshot - {}
RESULT: {}
RESULT: {"script":"<script> [5351 bytes]","args":[{"element-6066-11e4-a52e-4f735466cecf":"f.026F3DCA0CB25E323D9C654115917965.d.B05F4C12602988DCE649D0E571B38DAD.e.2354","ELEMENT":"f.026F3DCA0CB25E323D9C654115917965.d.B05F4C12602988DCE649D0E571B38DAD.e.2354"}]}
COMMAND: POST /session/bb2e7e08feb0a54f1655a5fd6971b62c/element/f.026F3DCA0CB25E323D9C654115917965.d.B05F4C12602988DCE649D0E571B38DAD.e.2354/click - {}
COMMAND: GET /session/bb2e7e08feb0a54f1655a5fd6971b62c/screenshot - {}
RESULT: {}
RESULT: {}
COMMAND: GET /session/bb2e7e08feb0a54f1655a5fd6971b62c/screenshot - {}
RESULT: {}
RESULT: {}
COMMAND: POST /session/bb2e7e08feb0a54f1655a5fd6971b62c/execute/async - {"script":"<script> [1562 bytes]","args":[{"selector":{"controlType":"sap.m.Title","viewName":"etm.portal.ui.managepricingrules.view.NewItem","viewId":"application-managepricingrules-display-component---newInfoPriceItem","properties":{"text":"New Pricing Rules - Item Level"}},"wdio_ui5_key":"etmportal.ui.managepricingrules.view.NewItemsap.m.Title{\"text\":\"New Pricing Rules - Item Level\"}"}]}
RESULT: {"script":"<script> [1562 bytes]","args":[{"selector":{"controlType":"sap.m.Title","viewName":"etm.portal.ui.managepricingrules.view.NewItem","viewId":"application-managepricingrules-display-component---newInfoPriceItem","properties":{"text":"New Pricing Rules - Item Level"}},"wdio_ui5_key":"etmportal.ui.managepricingrules.view.NewItemsap.m.Title{\"text\":\"New Pricing Rules - Item Level\"}"}]}
RESULT: undefined
COMMAND: POST /session/bb2e7e08feb0a54f1655a5fd6971b62c/execute/async - {"script":"<script> [6424 bytes]","args":[{"element-6066-11e4-a52e-4f735466cecf":"f.026F3DCA0CB25E323D9C654115917965.d.B05F4C12602988DCE649D0E571B38DAD.e.2697"},"getText",[]]}
RESULT: {"script":"<script> [6424 bytes]","args":[{"element-6066-11e4-a52e-4f735466cecf":"f.026F3DCA0CB25E323D9C654115917965.d.B05F4C12602988DCE649D0E571B38DAD.e.2697"},"getText",[]]}
COMMAND: POST /session/bb2e7e08feb0a54f1655a5fd6971b62c/execute/async - {"script":"<script> [1562 bytes]","args":[{"selector":{"id":"application-managepricingrules-display-component---newInfoPriceItem--condValidTo","interaction":{"idSuffix":"inner"}},"wdio_ui5_key":"applicationmanagepricingrules-display-component---newInfoPriceItem--condValidTo"}]}
RESULT: {"script":"<script> [1562 bytes]","args":[{"selector":{"id":"application-managepricingrules-display-component---newInfoPriceItem--condValidTo","interaction":{"idSuffix":"inner"}},"wdio_ui5_key":"applicationmanagepricingrules-display-component---newInfoPriceItem--condValidTo"}]}
RESULT: undefined
COMMAND: POST /session/bb2e7e08feb0a54f1655a5fd6971b62c/execute/async - {"script":"<script> [776 bytes]","args":[{"enterText":"01/04/26","selector":{"id":"application-managepricingrules-display-component---newInfoPriceItem--condValidTo","interaction":{"idSuffix":"inner"}},"clearTextFirst":true,"interactionType":"ENTER_TEXT"}]}
RESULT: {"script":"<script> [776 bytes]","args":[{"enterText":"01/04/26","selector":{"id":"application-managepricingrules-display-component---newInfoPriceItem--condValidTo","interaction":{"idSuffix":"inner"}},"clearTextFirst":true,"interactionType":"ENTER_TEXT"}]}
COMMAND: POST /session/bb2e7e08feb0a54f1655a5fd6971b62c/element - {"using":"xpath","value":"//input[@id=\"application-managepricingrules-display-component---newInfoPriceItem--condRU-inner\"]"}
RESULT: {"using":"xpath","value":"//input[@id=\"application-managepricingrules-display-component---newInfoPriceItem--condRU-inner\"]"}
COMMAND: POST /session/bb2e7e08feb0a54f1655a5fd6971b62c/element/f.026F3DCA0CB25E323D9C654115917965.d.B05F4C12602988DCE649D0E571B38DAD.e.2592/clear - {}
RESULT: {}
COMMAND: POST /session/bb2e7e08feb0a54f1655a5fd6971b62c/element/f.026F3DCA0CB25E323D9C654115917965.d.B05F4C12602988DCE649D0E571B38DAD.e.2592/value - {"text":"N6sYdfj2Hs"}
COMMAND: GET /session/bb2e7e08feb0a54f1655a5fd6971b62c/screenshot - {}
RESULT: {"text":"N6sYdfj2Hs"}
COMMAND: GET /session/bb2e7e08feb0a54f1655a5fd6971b62c/screenshot - {}
RESULT: {}
RESULT: {}
COMMAND: POST /session/bb2e7e08feb0a54f1655a5fd6971b62c/execute/async - {"script":"<script> [1562 bytes]","args":[{"selector":{"id":"application-managepricingrules-display-component---newInfoPriceItem--billType-arrow"},"wdio_ui5_key":"applicationmanagepricingrules-display-component---newInfoPriceItem--billType-arrow"}]}
RESULT: {"script":"<script> [1562 bytes]","args":[{"selector":{"id":"application-managepricingrules-display-component---newInfoPriceItem--billType-arrow"},"wdio_ui5_key":"applicationmanagepricingrules-display-component---newInfoPriceItem--billType-arrow"}]}
RESULT: undefined
COMMAND: POST /session/bb2e7e08feb0a54f1655a5fd6971b62c/element - {"using":"xpath","value":"//*[@id=\"application-managepricingrules-display-component---newInfoPriceItem--billType-arrow\"]"}
RESULT: {"using":"xpath","value":"//*[@id=\"application-managepricingrules-display-component---newInfoPriceItem--billType-arrow\"]"}
COMMAND: POST /session/bb2e7e08feb0a54f1655a5fd6971b62c/element/f.026F3DCA0CB25E323D9C654115917965.d.B05F4C12602988DCE649D0E571B38DAD.e.2700/click - {}
RESULT: {}
COMMAND: POST /session/bb2e7e08feb0a54f1655a5fd6971b62c/element - {"using":"xpath","value":"//span[contains(text(), \"OT - Sales (one-time)\")]"}
COMMAND: GET /session/bb2e7e08feb0a54f1655a5fd6971b62c/screenshot - {}
RESULT: {"using":"xpath","value":"//span[contains(text(), \"OT - Sales (one-time)\")]"}
COMMAND: POST /session/bb2e7e08feb0a54f1655a5fd6971b62c/element/f.026F3DCA0CB25E323D9C654115917965.d.B05F4C12602988DCE649D0E571B38DAD.e.2701/click - {}
RESULT: {}
RESULT: {}
COMMAND: POST /session/bb2e7e08feb0a54f1655a5fd6971b62c/execute/async - {"script":"<script> [1562 bytes]","args":[{"selector":{"id":"application-managepricingrules-display-component---newInfoPriceItem--priceProc-arrow"},"wdio_ui5_key":"applicationmanagepricingrules-display-component---newInfoPriceItem--priceProc-arrow"}]}
COMMAND: GET /session/bb2e7e08feb0a54f1655a5fd6971b62c/screenshot - {}
RESULT: {"script":"<script> [1562 bytes]","args":[{"selector":{"id":"application-managepricingrules-display-component---newInfoPriceItem--priceProc-arrow"},"wdio_ui5_key":"applicationmanagepricingrules-display-component---newInfoPriceItem--priceProc-arrow"}]}
RESULT: undefined
COMMAND: POST /session/bb2e7e08feb0a54f1655a5fd6971b62c/element - {"using":"xpath","value":"//*[@id=\"application-managepricingrules-display-component---newInfoPriceItem--priceProc-arrow\"]"}
RESULT: {}
RESULT: {"using":"xpath","value":"//*[@id=\"application-managepricingrules-display-component---newInfoPriceItem--priceProc-arrow\"]"}
COMMAND: POST /session/bb2e7e08feb0a54f1655a5fd6971b62c/element/f.026F3DCA0CB25E323D9C654115917965.d.B05F4C12602988DCE649D0E571B38DAD.e.2702/click - {}
RESULT: {}
COMMAND: POST /session/bb2e7e08feb0a54f1655a5fd6971b62c/element - {"using":"xpath","value":"//span[contains(text(), \"MAT - Material\")]"}
COMMAND: GET /session/bb2e7e08feb0a54f1655a5fd6971b62c/screenshot - {}
RESULT: {"using":"xpath","value":"//span[contains(text(), \"MAT - Material\")]"}
COMMAND: POST /session/bb2e7e08feb0a54f1655a5fd6971b62c/element/f.026F3DCA0CB25E323D9C654115917965.d.B05F4C12602988DCE649D0E571B38DAD.e.2703/click - {}
RESULT: {}
RESULT: {}
COMMAND: POST /session/bb2e7e08feb0a54f1655a5fd6971b62c/execute/async - {"script":"<script> [1562 bytes]","args":[{"selector":{"id":"application-managepricingrules-display-component---newInfoPriceItem--calcBase-arrow"},"wdio_ui5_key":"applicationmanagepricingrules-display-component---newInfoPriceItem--calcBase-arrow"}]}
COMMAND: GET /session/bb2e7e08feb0a54f1655a5fd6971b62c/screenshot - {}
RESULT: {"script":"<script> [1562 bytes]","args":[{"selector":{"id":"application-managepricingrules-display-component---newInfoPriceItem--calcBase-arrow"},"wdio_ui5_key":"applicationmanagepricingrules-display-component---newInfoPriceItem--calcBase-arrow"}]}
RESULT: undefined
COMMAND: POST /session/bb2e7e08feb0a54f1655a5fd6971b62c/element - {"using":"xpath","value":"//*[@id=\"application-managepricingrules-display-component---newInfoPriceItem--calcBase-arrow\"]"}
RESULT: {}
RESULT: {"using":"xpath","value":"//*[@id=\"application-managepricingrules-display-component---newInfoPriceItem--calcBase-arrow\"]"}
COMMAND: POST /session/bb2e7e08feb0a54f1655a5fd6971b62c/element/f.026F3DCA0CB25E323D9C654115917965.d.B05F4C12602988DCE649D0E571B38DAD.e.2671/click - {}
RESULT: {}
COMMAND: GET /session/bb2e7e08feb0a54f1655a5fd6971b62c/screenshot - {}
RESULT: {}
COMMAND: POST /session/bb2e7e08feb0a54f1655a5fd6971b62c/element - {"using":"xpath","value":"//span[contains(text(), \"0001 - TB(exact month + cal_days)\")]"}
RESULT: {"using":"xpath","value":"//span[contains(text(), \"0001 - TB(exact month + cal_days)\")]"}
COMMAND: POST /session/bb2e7e08feb0a54f1655a5fd6971b62c/element/f.026F3DCA0CB25E323D9C654115917965.d.B05F4C12602988DCE649D0E571B38DAD.e.2704/click - {}
RESULT: {}
COMMAND: GET /session/bb2e7e08feb0a54f1655a5fd6971b62c/screenshot - {}
RESULT: {}
COMMAND: POST /session/bb2e7e08feb0a54f1655a5fd6971b62c/element - {"using":"xpath","value":"//button[@data-kt=\"saveNewRuleButton\"]"}
RESULT: {"using":"xpath","value":"//button[@data-kt=\"saveNewRuleButton\"]"}
COMMAND: POST /session/bb2e7e08feb0a54f1655a5fd6971b62c/element/f.026F3DCA0CB25E323D9C654115917965.d.B05F4C12602988DCE649D0E571B38DAD.e.2683/click - {}
RESULT: {}
COMMAND: GET /session/bb2e7e08feb0a54f1655a5fd6971b62c/screenshot - {}
RESULT: {}
COMMAND: POST /session/bb2e7e08feb0a54f1655a5fd6971b62c/execute/async - {"script":"<script> [1562 bytes]","args":[{"selector":{"id":"application-managepricingrules-display-component---priceInfoItem--smartFilterBar-btnBasicSearch","interaction":{"idSuffix":"I"}},"wdio_ui5_key":"applicationmanagepricingrules-display-component---priceInfoItem--smartFilterBar-btnBasicSearch"}]}
RESULT: {"script":"<script> [1562 bytes]","args":[{"selector":{"id":"application-managepricingrules-display-component---priceInfoItem--smartFilterBar-btnBasicSearch","interaction":{"idSuffix":"I"}},"wdio_ui5_key":"applicationmanagepricingrules-display-component---priceInfoItem--smartFilterBar-btnBasicSearch"}]}
RESULT: undefined
COMMAND: POST /session/bb2e7e08feb0a54f1655a5fd6971b62c/execute/async - {"script":"<script> [776 bytes]","args":[{"enterText":"N6sYdfj2Hs","selector":{"id":"application-managepricingrules-display-component---priceInfoItem--smartFilterBar-btnBasicSearch","interaction":{"idSuffix":"I"}},"clearTextFirst":true,"interactionType":"ENTER_TEXT"}]}
RESULT: {"script":"<script> [776 bytes]","args":[{"enterText":"N6sYdfj2Hs","selector":{"id":"application-managepricingrules-display-component---priceInfoItem--smartFilterBar-btnBasicSearch","interaction":{"idSuffix":"I"}},"clearTextFirst":true,"interactionType":"ENTER_TEXT"}]}
COMMAND: POST /session/bb2e7e08feb0a54f1655a5fd6971b62c/actions - {"actions":[{"id":"action10","type":"key","parameters":{},"actions":[{"type":"keyDown","value":"î€‡"},{"type":"pause","duration":10},{"type":"keyUp","value":"î€‡"}]}]}
RESULT: {"actions":[{"id":"action10","type":"key","parameters":{},"actions":[{"type":"keyDown","value":"î€‡"},{"type":"pause","duration":10},{"type":"keyUp","value":"î€‡"}]}]}
COMMAND: GET /session/bb2e7e08feb0a54f1655a5fd6971b62c/screenshot - {}
RESULT: {}
COMMAND: POST /session/bb2e7e08feb0a54f1655a5fd6971b62c/element - {"using":"xpath","value":"//span[@id=\"application-managepricingrules-display-component---priceInfoItem--smartTable-header-inner\"]"}
RESULT: {"using":"xpath","value":"//span[@id=\"application-managepricingrules-display-component---priceInfoItem--smartTable-header-inner\"]"}
COMMAND: POST /session/bb2e7e08feb0a54f1655a5fd6971b62c/elements - {"using":"xpath","value":"//span[@id=\"application-managepricingrules-display-component---priceInfoItem--smartTable-header-inner\"]"}
RESULT: {"using":"xpath","value":"//span[@id=\"application-managepricingrules-display-component---priceInfoItem--smartTable-header-inner\"]"}
COMMAND: POST /session/bb2e7e08feb0a54f1655a5fd6971b62c/execute/sync - {"script":"<script> [56 bytes]","args":[{"element-6066-11e4-a52e-4f735466cecf":"f.026F3DCA0CB25E323D9C654115917965.d.B05F4C12602988DCE649D0E571B38DAD.e.2733","ELEMENT":"f.026F3DCA0CB25E323D9C654115917965.d.B05F4C12602988DCE649D0E571B38DAD.e.2733"}]}
RESULT: {"script":"<script> [56 bytes]","args":[{"element-6066-11e4-a52e-4f735466cecf":"f.026F3DCA0CB25E323D9C654115917965.d.B05F4C12602988DCE649D0E571B38DAD.e.2733","ELEMENT":"f.026F3DCA0CB25E323D9C654115917965.d.B05F4C12602988DCE649D0E571B38DAD.e.2733"}]}
COMMAND: POST /session/bb2e7e08feb0a54f1655a5fd6971b62c/element - {"using":"css selector","value":"#shell-header-logo"}
COMMAND: GET /session/bb2e7e08feb0a54f1655a5fd6971b62c/screenshot - {}
RESULT: {"using":"css selector","value":"#shell-header-logo"}
COMMAND: POST /session/bb2e7e08feb0a54f1655a5fd6971b62c/element/f.026F3DCA0CB25E323D9C654115917965.d.B05F4C12602988DCE649D0E571B38DAD.e.2257/click - {}
RESULT: {}
RESULT: {}
COMMAND: GET /session/bb2e7e08feb0a54f1655a5fd6971b62c/screenshot - {}
RESULT: {}
COMMAND: POST /session/bb2e7e08feb0a54f1655a5fd6971b62c/element - {"using":"css selector","value":"#j_username"}
COMMAND: POST /session/bb2e7e08feb0a54f1655a5fd6971b62c/url - {"url":"https://qa-testing-00-live-etm-ui.cfapps.eu10-004.hana.ondemand.com/"}
RESULT: {"using":"css selector","value":"#j_username"}
COMMAND: POST /session/bb2e7e08feb0a54f1655a5fd6971b62c/element - {"using":"css selector","value":"#j_username"}
RESULT: {"url":"https://qa-testing-00-live-etm-ui.cfapps.eu10-004.hana.ondemand.com/"}
RESULT: undefined
COMMAND: GET /session/bb2e7e08feb0a54f1655a5fd6971b62c/screenshot - {}
RESULT: {"using":"css selector","value":"#j_username"}
COMMAND: POST /session/bb2e7e08feb0a54f1655a5fd6971b62c/element - {"using":"css selector","value":"#shell-header-logo"}
RESULT: {}
RESULT: {"using":"css selector","value":"#shell-header-logo"}
COMMAND: POST /session/bb2e7e08feb0a54f1655a5fd6971b62c/execute/sync - {"script":"<script> [8489 bytes]","args":[{"element-6066-11e4-a52e-4f735466cecf":"f.026F3DCA0CB25E323D9C654115917965.d.4B6062110CF77E5139D74D66BCB3BF6F.e.2754","ELEMENT":"f.026F3DCA0CB25E323D9C654115917965.d.4B6062110CF77E5139D74D66BCB3BF6F.e.2754"}]}
RESULT: {"script":"<script> [8489 bytes]","args":[{"element-6066-11e4-a52e-4f735466cecf":"f.026F3DCA0CB25E323D9C654115917965.d.4B6062110CF77E5139D74D66BCB3BF6F.e.2754","ELEMENT":"f.026F3DCA0CB25E323D9C654115917965.d.4B6062110CF77E5139D74D66BCB3BF6F.e.2754"}]}
COMMAND: POST /session/bb2e7e08feb0a54f1655a5fd6971b62c/element - {"using":"css selector","value":"#shell-header-logo"}
COMMAND: GET /session/bb2e7e08feb0a54f1655a5fd6971b62c/screenshot - {}
RESULT: {"using":"css selector","value":"#shell-header-logo"}
COMMAND: POST /session/bb2e7e08feb0a54f1655a5fd6971b62c/execute/sync - {"script":"<script> [8489 bytes]","args":[{"element-6066-11e4-a52e-4f735466cecf":"f.026F3DCA0CB25E323D9C654115917965.d.4B6062110CF77E5139D74D66BCB3BF6F.e.2754","ELEMENT":"f.026F3DCA0CB25E323D9C654115917965.d.4B6062110CF77E5139D74D66BCB3BF6F.e.2754"}]}
RESULT: {}
RESULT: {"script":"<script> [8489 bytes]","args":[{"element-6066-11e4-a52e-4f735466cecf":"f.026F3DCA0CB25E323D9C654115917965.d.4B6062110CF77E5139D74D66BCB3BF6F.e.2754","ELEMENT":"f.026F3DCA0CB25E323D9C654115917965.d.4B6062110CF77E5139D74D66BCB3BF6F.e.2754"}]}
COMMAND: POST /session/bb2e7e08feb0a54f1655a5fd6971b62c/execute/sync - {"script":"<script> [5351 bytes]","args":[{"element-6066-11e4-a52e-4f735466cecf":"f.026F3DCA0CB25E323D9C654115917965.d.4B6062110CF77E5139D74D66BCB3BF6F.e.2754","ELEMENT":"f.026F3DCA0CB25E323D9C654115917965.d.4B6062110CF77E5139D74D66BCB3BF6F.e.2754"}]}
COMMAND: GET /session/bb2e7e08feb0a54f1655a5fd6971b62c/screenshot - {}
RESULT: {"script":"<script> [5351 bytes]","args":[{"element-6066-11e4-a52e-4f735466cecf":"f.026F3DCA0CB25E323D9C654115917965.d.4B6062110CF77E5139D74D66BCB3BF6F.e.2754","ELEMENT":"f.026F3DCA0CB25E323D9C654115917965.d.4B6062110CF77E5139D74D66BCB3BF6F.e.2754"}]}
COMMAND: POST /session/bb2e7e08feb0a54f1655a5fd6971b62c/element - {"using":"css selector","value":"#shell-header-logo"}
COMMAND: GET /session/bb2e7e08feb0a54f1655a5fd6971b62c/screenshot - {}
RESULT: {}
RESULT: {"using":"css selector","value":"#shell-header-logo"}
COMMAND: POST /session/bb2e7e08feb0a54f1655a5fd6971b62c/element/f.026F3DCA0CB25E323D9C654115917965.d.4B6062110CF77E5139D74D66BCB3BF6F.e.2754/click - {}
RESULT: {}
RESULT: {}
COMMAND: GET /session/bb2e7e08feb0a54f1655a5fd6971b62c/screenshot - {}
RESULT: {}
COMMAND: POST /session/bb2e7e08feb0a54f1655a5fd6971b62c/execute/async - {"script":"<script> [189 bytes]","args":[]}
RESULT: {"script":"<script> [189 bytes]","args":[]}
COMMAND: POST /session/bb2e7e08feb0a54f1655a5fd6971b62c/execute/async - {"script":"<script> [123 bytes]","args":[]}
RESULT: {"script":"<script> [123 bytes]","args":[]}
COMMAND: POST /session/bb2e7e08feb0a54f1655a5fd6971b62c/timeouts - {"script":"<number>"}
RESULT: {"script":"<number>"}
COMMAND: GET /session/bb2e7e08feb0a54f1655a5fd6971b62c/timeouts - {}
RESULT: {}
RESULT: undefined
COMMAND: POST /session/bb2e7e08feb0a54f1655a5fd6971b62c/execute/async - {"script":"<script> [2676 bytes]","args":[]}
RESULT: {"script":"<script> [2676 bytes]","args":[]}
COMMAND: POST /session/bb2e7e08feb0a54f1655a5fd6971b62c/execute/async - {"script":"<script> [2342 bytes]","args":[{"protocol":"http","hostname":"0.0.0.0","path":"/","capabilities":{"browserName":"chrome","goog:chromeOptions":{"binary":"C:\\Program Files\\Google\\Chrome\\Application\\chrome.exe","args":["--start-maximized"]}},"logLevel":"warn","connectionRetryTimeout":120000,"connectionRetryCount":3,"logLevels":{},"enableDirectConnect":true,"strictSSL":true,"_":"65 more keys: [\"cacheDir\",\"port\",\"requestedCapabilities\",\"automationProtocol\",\"baseUrl\",\"waitforInterval\",\"waitforTimeout\",\"onReload\",\"beforeCommand\",\"afterCommand\",\"rootDir\",\"specs\",\"suites\",\"exclude\",\"groupLogsByTestSpec\",\"excludeDriverLogs\",\"bail\",\"framework\",\"reporters\",\"services\",\"maxInstances\",\"maxInstancesPerCapability\",\"injectGlobals\",\"filesToWatch\",\"execArgv\",\"runnerEnv\",\"runner\",\"shard\",\"specFileRetries\",\"specFileRetriesDelay\",\"specFileRetriesDeferred\",\"reporterSyncInterval\",\"reporterSyncTimeout\",\"cucumberFeaturesWithLineNumbers\",\"autoCompileOpts\",\"mochaOpts\",\"jasmineOpts\",\"cucumberOpts\",\"onPrepare\",\"onWorkerStart\",\"onWorkerEnd\",\"before\",\"beforeSession\",\"beforeSuite\",\"beforeHook\",\"beforeTest\",\"afterTest\",\"afterHook\",\"afterSuite\",\"afterSession\",\"after\",\"onComplete\",\"beforeAssertion\",\"afterAssertion\",\"beforeFeature\",\"beforeScenario\",\"beforeStep\",\"afterStep\",\"afterScenario\",\"afterFeature\",\"_\",\"suite\",\"$0\",\"ignoredWorkerServices\",\"wdi5\"]"}]}
RESULT: {"script":"<script> [2342 bytes]","args":[{"protocol":"http","hostname":"0.0.0.0","path":"/","capabilities":{"browserName":"chrome","goog:chromeOptions":{"binary":"C:\\Program Files\\Google\\Chrome\\Application\\chrome.exe","args":["--start-maximized"]}},"logLevel":"warn","connectionRetryTimeout":120000,"connectionRetryCount":3,"logLevels":{},"enableDirectConnect":true,"strictSSL":true,"_":"65 more keys: [\"cacheDir\",\"port\",\"requestedCapabilities\",\"automationProtocol\",\"baseUrl\",\"waitforInterval\",\"waitforTimeout\",\"onReload\",\"beforeCommand\",\"afterCommand\",\"rootDir\",\"specs\",\"suites\",\"exclude\",\"groupLogsByTestSpec\",\"excludeDriverLogs\",\"bail\",\"framework\",\"reporters\",\"services\",\"maxInstances\",\"maxInstancesPerCapability\",\"injectGlobals\",\"filesToWatch\",\"execArgv\",\"runnerEnv\",\"runner\",\"shard\",\"specFileRetries\",\"specFileRetriesDelay\",\"specFileRetriesDeferred\",\"reporterSyncInterval\",\"reporterSyncTimeout\",\"cucumberFeaturesWithLineNumbers\",\"autoCompileOpts\",\"mochaOpts\",\"jasmineOpts\",\"cucumberOpts\",\"onPrepare\",\"onWorkerStart\",\"onWorkerEnd\",\"before\",\"beforeSession\",\"beforeSuite\",\"beforeHook\",\"beforeTest\",\"afterTest\",\"afterHook\",\"afterSuite\",\"afterSession\",\"after\",\"onComplete\",\"beforeAssertion\",\"afterAssertion\",\"beforeFeature\",\"beforeScenario\",\"beforeStep\",\"afterStep\",\"afterScenario\",\"afterFeature\",\"_\",\"suite\",\"$0\",\"ignoredWorkerServices\",\"wdi5\"]"}]}
COMMAND: POST /session/bb2e7e08feb0a54f1655a5fd6971b62c/execute/async - {"script":"<script> [21126 bytes]","args":[35000]}
RESULT: {"script":"<script> [21126 bytes]","args":[35000]}
COMMAND: POST /session/bb2e7e08feb0a54f1655a5fd6971b62c/window/maximize - {}
RESULT: {}
COMMAND: POST /session/bb2e7e08feb0a54f1655a5fd6971b62c/execute/async - {"script":"<script> [1562 bytes]","args":[{"selector":{"id":"shell-header","interaction":{"idSuffix":"icon"}},"wdio_ui5_key":"shellheader"}]}
COMMAND: GET /session/bb2e7e08feb0a54f1655a5fd6971b62c/screenshot - {}
RESULT: {"script":"<script> [1562 bytes]","args":[{"selector":{"id":"shell-header","interaction":{"idSuffix":"icon"}},"wdio_ui5_key":"shellheader"}]}
RESULT: undefined
COMMAND: POST /session/bb2e7e08feb0a54f1655a5fd6971b62c/refresh - {}
RESULT: {}
RESULT: {}
COMMAND: GET /session/bb2e7e08feb0a54f1655a5fd6971b62c/screenshot - {}
RESULT: {}
COMMAND: POST /session/bb2e7e08feb0a54f1655a5fd6971b62c/refresh - {}
RESULT: {}
COMMAND: GET /session/bb2e7e08feb0a54f1655a5fd6971b62c/screenshot - {}
RESULT: {}
COMMAND: POST /session/bb2e7e08feb0a54f1655a5fd6971b62c/window/fullscreen - {}
RESULT: {}
COMMAND: POST /session/bb2e7e08feb0a54f1655a5fd6971b62c/execute/async - {"script":"<script> [189 bytes]","args":[]}
RESULT: {"script":"<script> [189 bytes]","args":[]}
COMMAND: POST /session/bb2e7e08feb0a54f1655a5fd6971b62c/execute/async - {"script":"<script> [123 bytes]","args":[]}
RESULT: {"script":"<script> [123 bytes]","args":[]}
COMMAND: POST /session/bb2e7e08feb0a54f1655a5fd6971b62c/timeouts - {"script":"<number>"}
RESULT: {"script":"<number>"}
COMMAND: GET /session/bb2e7e08feb0a54f1655a5fd6971b62c/timeouts - {}
RESULT: {}
RESULT: undefined
COMMAND: POST /session/bb2e7e08feb0a54f1655a5fd6971b62c/execute/async - {"script":"<script> [2676 bytes]","args":[]}
RESULT: {"script":"<script> [2676 bytes]","args":[]}
COMMAND: POST /session/bb2e7e08feb0a54f1655a5fd6971b62c/execute/async - {"script":"<script> [2342 bytes]","args":[{"protocol":"http","hostname":"0.0.0.0","path":"/","capabilities":{"browserName":"chrome","goog:chromeOptions":{"binary":"C:\\Program Files\\Google\\Chrome\\Application\\chrome.exe","args":["--start-maximized"]}},"logLevel":"warn","connectionRetryTimeout":120000,"connectionRetryCount":3,"logLevels":{},"enableDirectConnect":true,"strictSSL":true,"_":"65 more keys: [\"cacheDir\",\"port\",\"requestedCapabilities\",\"automationProtocol\",\"baseUrl\",\"waitforInterval\",\"waitforTimeout\",\"onReload\",\"beforeCommand\",\"afterCommand\",\"rootDir\",\"specs\",\"suites\",\"exclude\",\"groupLogsByTestSpec\",\"excludeDriverLogs\",\"bail\",\"framework\",\"reporters\",\"services\",\"maxInstances\",\"maxInstancesPerCapability\",\"injectGlobals\",\"filesToWatch\",\"execArgv\",\"runnerEnv\",\"runner\",\"shard\",\"specFileRetries\",\"specFileRetriesDelay\",\"specFileRetriesDeferred\",\"reporterSyncInterval\",\"reporterSyncTimeout\",\"cucumberFeaturesWithLineNumbers\",\"autoCompileOpts\",\"mochaOpts\",\"jasmineOpts\",\"cucumberOpts\",\"onPrepare\",\"onWorkerStart\",\"onWorkerEnd\",\"before\",\"beforeSession\",\"beforeSuite\",\"beforeHook\",\"beforeTest\",\"afterTest\",\"afterHook\",\"afterSuite\",\"afterSession\",\"after\",\"onComplete\",\"beforeAssertion\",\"afterAssertion\",\"beforeFeature\",\"beforeScenario\",\"beforeStep\",\"afterStep\",\"afterScenario\",\"afterFeature\",\"_\",\"suite\",\"$0\",\"ignoredWorkerServices\",\"wdi5\"]"}]}
RESULT: {"script":"<script> [2342 bytes]","args":[{"protocol":"http","hostname":"0.0.0.0","path":"/","capabilities":{"browserName":"chrome","goog:chromeOptions":{"binary":"C:\\Program Files\\Google\\Chrome\\Application\\chrome.exe","args":["--start-maximized"]}},"logLevel":"warn","connectionRetryTimeout":120000,"connectionRetryCount":3,"logLevels":{},"enableDirectConnect":true,"strictSSL":true,"_":"65 more keys: [\"cacheDir\",\"port\",\"requestedCapabilities\",\"automationProtocol\",\"baseUrl\",\"waitforInterval\",\"waitforTimeout\",\"onReload\",\"beforeCommand\",\"afterCommand\",\"rootDir\",\"specs\",\"suites\",\"exclude\",\"groupLogsByTestSpec\",\"excludeDriverLogs\",\"bail\",\"framework\",\"reporters\",\"services\",\"maxInstances\",\"maxInstancesPerCapability\",\"injectGlobals\",\"filesToWatch\",\"execArgv\",\"runnerEnv\",\"runner\",\"shard\",\"specFileRetries\",\"specFileRetriesDelay\",\"specFileRetriesDeferred\",\"reporterSyncInterval\",\"reporterSyncTimeout\",\"cucumberFeaturesWithLineNumbers\",\"autoCompileOpts\",\"mochaOpts\",\"jasmineOpts\",\"cucumberOpts\",\"onPrepare\",\"onWorkerStart\",\"onWorkerEnd\",\"before\",\"beforeSession\",\"beforeSuite\",\"beforeHook\",\"beforeTest\",\"afterTest\",\"afterHook\",\"afterSuite\",\"afterSession\",\"after\",\"onComplete\",\"beforeAssertion\",\"afterAssertion\",\"beforeFeature\",\"beforeScenario\",\"beforeStep\",\"afterStep\",\"afterScenario\",\"afterFeature\",\"_\",\"suite\",\"$0\",\"ignoredWorkerServices\",\"wdi5\"]"}]}
COMMAND: POST /session/bb2e7e08feb0a54f1655a5fd6971b62c/execute/async - {"script":"<script> [21126 bytes]","args":[35000]}
RESULT: {"script":"<script> [21126 bytes]","args":[35000]}
]]></system-out>
    </testcase>
  </testsuite>
  <testsuite timestamp="2025-05-04T17:06:36" time="380.313" tests="6" failures="3" errors="3" skipped="0">
    <properties>
      <property name="specId" value="0" />
      <property name="suiteName" value="Edit and delete daily price US134629 US134627" />
      <property name="capabilities" value="chrome.135_0_7049_96.windows" />
      <property name="file" value="file:///D:/a/1/s/test/specs/BTS/conditions-prices-daily-price.spec.js" />
    </properties>
    <testcase classname="chrome.135_0_7049_96.windows.Edit_and_delete_daily_price_US134629_US134627" name="Should create a new yard used for all following tests" time="0.275">
      <system-out><![CDATA[
COMMAND: POST /session/bb2e7e08feb0a54f1655a5fd6971b62c/window/fullscreen - {}
RESULT: {}
]]></system-out>
    </testcase>
    <testcase classname="chrome.135_0_7049_96.windows.Edit_and_delete_daily_price_US134629_US134627" name="Should create a new partner" time="139.822">
      <system-out><![CDATA[
COMMAND: POST /session/bb2e7e08feb0a54f1655a5fd6971b62c/window/fullscreen - {}
RESULT: {}
COMMAND: POST /session/bb2e7e08feb0a54f1655a5fd6971b62c/execute/async - {"script":"<script> [1562 bytes]","args":[{"selector":{"controlType":"sap.m.GenericTile","properties":{"header":"Manage Partners"}},"wdio_ui5_key":"sapm.GenericTile{\"header\":\"Manage Partners\"}"}]}
RESULT: {"script":"<script> [1562 bytes]","args":[{"selector":{"controlType":"sap.m.GenericTile","properties":{"header":"Manage Partners"}},"wdio_ui5_key":"sapm.GenericTile{\"header\":\"Manage Partners\"}"}]}
RESULT: undefined
COMMAND: POST /session/bb2e7e08feb0a54f1655a5fd6971b62c/element - {"using":"xpath","value":"//*[@id=\"__tile38\"]"}
RESULT: {"using":"xpath","value":"//*[@id=\"__tile38\"]"}
COMMAND: POST /session/bb2e7e08feb0a54f1655a5fd6971b62c/element/f.026F3DCA0CB25E323D9C654115917965.d.CD5C0BCB30CC151C85D0AA431A0E88B9.e.2900/click - {}
RESULT: {}
COMMAND: POST /session/bb2e7e08feb0a54f1655a5fd6971b62c/element - {"using":"xpath","value":"//button[@data-kt=\"addButton\"]"}
COMMAND: GET /session/bb2e7e08feb0a54f1655a5fd6971b62c/screenshot - {}
RESULT: {"using":"xpath","value":"//button[@data-kt=\"addButton\"]"}
COMMAND: POST /session/bb2e7e08feb0a54f1655a5fd6971b62c/elements - {"using":"xpath","value":"//button[@data-kt=\"addButton\"]"}
RESULT: {}
RESULT: {"using":"xpath","value":"//button[@data-kt=\"addButton\"]"}
COMMAND: POST /session/bb2e7e08feb0a54f1655a5fd6971b62c/elements - {"using":"xpath","value":"//button[@data-kt=\"addButton\"]"}
RESULT: {"using":"xpath","value":"//button[@data-kt=\"addButton\"]"}
COMMAND: POST /session/bb2e7e08feb0a54f1655a5fd6971b62c/elements - {"using":"xpath","value":"//button[@data-kt=\"addButton\"]"}
RESULT: {"using":"xpath","value":"//button[@data-kt=\"addButton\"]"}
COMMAND: POST /session/bb2e7e08feb0a54f1655a5fd6971b62c/elements - {"using":"xpath","value":"//button[@data-kt=\"addButton\"]"}
RESULT: {"using":"xpath","value":"//button[@data-kt=\"addButton\"]"}
COMMAND: POST /session/bb2e7e08feb0a54f1655a5fd6971b62c/elements - {"using":"xpath","value":"//button[@data-kt=\"addButton\"]"}
RESULT: {"using":"xpath","value":"//button[@data-kt=\"addButton\"]"}
COMMAND: POST /session/bb2e7e08feb0a54f1655a5fd6971b62c/elements - {"using":"xpath","value":"//button[@data-kt=\"addButton\"]"}
RESULT: {"using":"xpath","value":"//button[@data-kt=\"addButton\"]"}
COMMAND: POST /session/bb2e7e08feb0a54f1655a5fd6971b62c/elements - {"using":"xpath","value":"//button[@data-kt=\"addButton\"]"}
RESULT: {"using":"xpath","value":"//button[@data-kt=\"addButton\"]"}
COMMAND: POST /session/bb2e7e08feb0a54f1655a5fd6971b62c/elements - {"using":"xpath","value":"//button[@data-kt=\"addButton\"]"}
RESULT: {"using":"xpath","value":"//button[@data-kt=\"addButton\"]"}
COMMAND: POST /session/bb2e7e08feb0a54f1655a5fd6971b62c/elements - {"using":"xpath","value":"//button[@data-kt=\"addButton\"]"}
RESULT: {"using":"xpath","value":"//button[@data-kt=\"addButton\"]"}
COMMAND: POST /session/bb2e7e08feb0a54f1655a5fd6971b62c/elements - {"using":"xpath","value":"//button[@data-kt=\"addButton\"]"}
RESULT: {"using":"xpath","value":"//button[@data-kt=\"addButton\"]"}
COMMAND: POST /session/bb2e7e08feb0a54f1655a5fd6971b62c/elements - {"using":"xpath","value":"//button[@data-kt=\"addButton\"]"}
RESULT: {"using":"xpath","value":"//button[@data-kt=\"addButton\"]"}
COMMAND: POST /session/bb2e7e08feb0a54f1655a5fd6971b62c/elements - {"using":"xpath","value":"//button[@data-kt=\"addButton\"]"}
RESULT: {"using":"xpath","value":"//button[@data-kt=\"addButton\"]"}
COMMAND: POST /session/bb2e7e08feb0a54f1655a5fd6971b62c/elements - {"using":"xpath","value":"//button[@data-kt=\"addButton\"]"}
RESULT: {"using":"xpath","value":"//button[@data-kt=\"addButton\"]"}
COMMAND: POST /session/bb2e7e08feb0a54f1655a5fd6971b62c/elements - {"using":"xpath","value":"//button[@data-kt=\"addButton\"]"}
RESULT: {"using":"xpath","value":"//button[@data-kt=\"addButton\"]"}
COMMAND: POST /session/bb2e7e08feb0a54f1655a5fd6971b62c/elements - {"using":"xpath","value":"//button[@data-kt=\"addButton\"]"}
RESULT: {"using":"xpath","value":"//button[@data-kt=\"addButton\"]"}
COMMAND: POST /session/bb2e7e08feb0a54f1655a5fd6971b62c/elements - {"using":"xpath","value":"//button[@data-kt=\"addButton\"]"}
RESULT: {"using":"xpath","value":"//button[@data-kt=\"addButton\"]"}
COMMAND: POST /session/bb2e7e08feb0a54f1655a5fd6971b62c/elements - {"using":"xpath","value":"//button[@data-kt=\"addButton\"]"}
RESULT: {"using":"xpath","value":"//button[@data-kt=\"addButton\"]"}
COMMAND: POST /session/bb2e7e08feb0a54f1655a5fd6971b62c/elements - {"using":"xpath","value":"//button[@data-kt=\"addButton\"]"}
RESULT: {"using":"xpath","value":"//button[@data-kt=\"addButton\"]"}
COMMAND: POST /session/bb2e7e08feb0a54f1655a5fd6971b62c/elements - {"using":"xpath","value":"//button[@data-kt=\"addButton\"]"}
RESULT: {"using":"xpath","value":"//button[@data-kt=\"addButton\"]"}
COMMAND: POST /session/bb2e7e08feb0a54f1655a5fd6971b62c/elements - {"using":"xpath","value":"//button[@data-kt=\"addButton\"]"}
RESULT: {"using":"xpath","value":"//button[@data-kt=\"addButton\"]"}
COMMAND: POST /session/bb2e7e08feb0a54f1655a5fd6971b62c/elements - {"using":"xpath","value":"//button[@data-kt=\"addButton\"]"}
RESULT: {"using":"xpath","value":"//button[@data-kt=\"addButton\"]"}
COMMAND: POST /session/bb2e7e08feb0a54f1655a5fd6971b62c/elements - {"using":"xpath","value":"//button[@data-kt=\"addButton\"]"}
RESULT: {"using":"xpath","value":"//button[@data-kt=\"addButton\"]"}
COMMAND: POST /session/bb2e7e08feb0a54f1655a5fd6971b62c/elements - {"using":"xpath","value":"//button[@data-kt=\"addButton\"]"}
RESULT: {"using":"xpath","value":"//button[@data-kt=\"addButton\"]"}
COMMAND: POST /session/bb2e7e08feb0a54f1655a5fd6971b62c/elements - {"using":"xpath","value":"//button[@data-kt=\"addButton\"]"}
RESULT: {"using":"xpath","value":"//button[@data-kt=\"addButton\"]"}
COMMAND: POST /session/bb2e7e08feb0a54f1655a5fd6971b62c/elements - {"using":"xpath","value":"//button[@data-kt=\"addButton\"]"}
RESULT: {"using":"xpath","value":"//button[@data-kt=\"addButton\"]"}
COMMAND: POST /session/bb2e7e08feb0a54f1655a5fd6971b62c/elements - {"using":"xpath","value":"//button[@data-kt=\"addButton\"]"}
RESULT: {"using":"xpath","value":"//button[@data-kt=\"addButton\"]"}
COMMAND: POST /session/bb2e7e08feb0a54f1655a5fd6971b62c/elements - {"using":"xpath","value":"//button[@data-kt=\"addButton\"]"}
RESULT: {"using":"xpath","value":"//button[@data-kt=\"addButton\"]"}
COMMAND: POST /session/bb2e7e08feb0a54f1655a5fd6971b62c/elements - {"using":"xpath","value":"//button[@data-kt=\"addButton\"]"}
RESULT: {"using":"xpath","value":"//button[@data-kt=\"addButton\"]"}
COMMAND: POST /session/bb2e7e08feb0a54f1655a5fd6971b62c/element - {"using":"xpath","value":"//button[@data-kt=\"addButton\"]"}
RESULT: {"using":"xpath","value":"//button[@data-kt=\"addButton\"]"}
COMMAND: POST /session/bb2e7e08feb0a54f1655a5fd6971b62c/execute/sync - {"script":"<script> [8489 bytes]","args":[{"element-6066-11e4-a52e-4f735466cecf":"f.026F3DCA0CB25E323D9C654115917965.d.CD5C0BCB30CC151C85D0AA431A0E88B9.e.3047","ELEMENT":"f.026F3DCA0CB25E323D9C654115917965.d.CD5C0BCB30CC151C85D0AA431A0E88B9.e.3047"}]}
RESULT: {"script":"<script> [8489 bytes]","args":[{"element-6066-11e4-a52e-4f735466cecf":"f.026F3DCA0CB25E323D9C654115917965.d.CD5C0BCB30CC151C85D0AA431A0E88B9.e.3047","ELEMENT":"f.026F3DCA0CB25E323D9C654115917965.d.CD5C0BCB30CC151C85D0AA431A0E88B9.e.3047"}]}
COMMAND: GET /session/bb2e7e08feb0a54f1655a5fd6971b62c/element/f.026F3DCA0CB25E323D9C654115917965.d.CD5C0BCB30CC151C85D0AA431A0E88B9.e.3047/enabled - {}
COMMAND: GET /session/bb2e7e08feb0a54f1655a5fd6971b62c/screenshot - {}
RESULT: {}
COMMAND: POST /session/bb2e7e08feb0a54f1655a5fd6971b62c/execute/sync - {"script":"<script> [8489 bytes]","args":[{"element-6066-11e4-a52e-4f735466cecf":"f.026F3DCA0CB25E323D9C654115917965.d.CD5C0BCB30CC151C85D0AA431A0E88B9.e.3047","ELEMENT":"f.026F3DCA0CB25E323D9C654115917965.d.CD5C0BCB30CC151C85D0AA431A0E88B9.e.3047"}]}
COMMAND: GET /session/bb2e7e08feb0a54f1655a5fd6971b62c/screenshot - {}
RESULT: {}
RESULT: {"script":"<script> [8489 bytes]","args":[{"element-6066-11e4-a52e-4f735466cecf":"f.026F3DCA0CB25E323D9C654115917965.d.CD5C0BCB30CC151C85D0AA431A0E88B9.e.3047","ELEMENT":"f.026F3DCA0CB25E323D9C654115917965.d.CD5C0BCB30CC151C85D0AA431A0E88B9.e.3047"}]}
COMMAND: POST /session/bb2e7e08feb0a54f1655a5fd6971b62c/execute/sync - {"script":"<script> [5351 bytes]","args":[{"element-6066-11e4-a52e-4f735466cecf":"f.026F3DCA0CB25E323D9C654115917965.d.CD5C0BCB30CC151C85D0AA431A0E88B9.e.3047","ELEMENT":"f.026F3DCA0CB25E323D9C654115917965.d.CD5C0BCB30CC151C85D0AA431A0E88B9.e.3047"}]}
COMMAND: GET /session/bb2e7e08feb0a54f1655a5fd6971b62c/screenshot - {}
RESULT: {}
RESULT: {"script":"<script> [5351 bytes]","args":[{"element-6066-11e4-a52e-4f735466cecf":"f.026F3DCA0CB25E323D9C654115917965.d.CD5C0BCB30CC151C85D0AA431A0E88B9.e.3047","ELEMENT":"f.026F3DCA0CB25E323D9C654115917965.d.CD5C0BCB30CC151C85D0AA431A0E88B9.e.3047"}]}
COMMAND: POST /session/bb2e7e08feb0a54f1655a5fd6971b62c/element/f.026F3DCA0CB25E323D9C654115917965.d.CD5C0BCB30CC151C85D0AA431A0E88B9.e.3047/click - {}
COMMAND: GET /session/bb2e7e08feb0a54f1655a5fd6971b62c/screenshot - {}
RESULT: {}
RESULT: {}
COMMAND: GET /session/bb2e7e08feb0a54f1655a5fd6971b62c/screenshot - {}
RESULT: {}
RESULT: {}
COMMAND: POST /session/bb2e7e08feb0a54f1655a5fd6971b62c/execute/async - {"script":"<script> [1562 bytes]","args":[{"selector":{"id":"application-managepartners-display-component---NewPartner--addressDetailDetailsName1","interaction":{"idSuffix":"inner"}},"wdio_ui5_key":"applicationmanagepartners-display-component---NewPartner--addressDetailDetailsName1"}]}
RESULT: {"script":"<script> [1562 bytes]","args":[{"selector":{"id":"application-managepartners-display-component---NewPartner--addressDetailDetailsName1","interaction":{"idSuffix":"inner"}},"wdio_ui5_key":"applicationmanagepartners-display-component---NewPartner--addressDetailDetailsName1"}]}
RESULT: undefined
COMMAND: POST /session/bb2e7e08feb0a54f1655a5fd6971b62c/execute/async - {"script":"<script> [776 bytes]","args":[{"enterText":"DailyPrice Partner WDIO","selector":{"id":"application-managepartners-display-component---NewPartner--addressDetailDetailsName1","interaction":{"idSuffix":"inner"}},"clearTextFirst":true,"interactionType":"ENTER_TEXT"}]}
RESULT: {"script":"<script> [776 bytes]","args":[{"enterText":"DailyPrice Partner WDIO","selector":{"id":"application-managepartners-display-component---NewPartner--addressDetailDetailsName1","interaction":{"idSuffix":"inner"}},"clearTextFirst":true,"interactionType":"ENTER_TEXT"}]}
COMMAND: POST /session/bb2e7e08feb0a54f1655a5fd6971b62c/execute/async - {"script":"<script> [1562 bytes]","args":[{"selector":{"id":"application-managepartners-display-component---NewPartner--addressDetailDetailsLanguage-arrow"},"wdio_ui5_key":"applicationmanagepartners-display-component---NewPartner--addressDetailDetailsLanguage-arrow"}]}
RESULT: {"script":"<script> [1562 bytes]","args":[{"selector":{"id":"application-managepartners-display-component---NewPartner--addressDetailDetailsLanguage-arrow"},"wdio_ui5_key":"applicationmanagepartners-display-component---NewPartner--addressDetailDetailsLanguage-arrow"}]}
RESULT: undefined
COMMAND: POST /session/bb2e7e08feb0a54f1655a5fd6971b62c/element - {"using":"xpath","value":"//*[@id=\"application-managepartners-display-component---NewPartner--addressDetailDetailsLanguage-arrow\"]"}
RESULT: {"using":"xpath","value":"//*[@id=\"application-managepartners-display-component---NewPartner--addressDetailDetailsLanguage-arrow\"]"}
COMMAND: POST /session/bb2e7e08feb0a54f1655a5fd6971b62c/element/f.026F3DCA0CB25E323D9C654115917965.d.CD5C0BCB30CC151C85D0AA431A0E88B9.e.3495/click - {}
RESULT: {}
COMMAND: POST /session/bb2e7e08feb0a54f1655a5fd6971b62c/element - {"using":"xpath","value":"//span[contains(text(), \"English\")]"}
COMMAND: GET /session/bb2e7e08feb0a54f1655a5fd6971b62c/screenshot - {}
RESULT: {"using":"xpath","value":"//span[contains(text(), \"English\")]"}
COMMAND: POST /session/bb2e7e08feb0a54f1655a5fd6971b62c/element/f.026F3DCA0CB25E323D9C654115917965.d.CD5C0BCB30CC151C85D0AA431A0E88B9.e.3496/click - {}
RESULT: {}
RESULT: {}
COMMAND: GET /session/bb2e7e08feb0a54f1655a5fd6971b62c/screenshot - {}
RESULT: {}
COMMAND: POST /session/bb2e7e08feb0a54f1655a5fd6971b62c/execute/async - {"script":"<script> [1562 bytes]","args":[{"selector":{"id":"application-managepartners-display-component---NewPartner--addressDetailDetailsCity1","interaction":{"idSuffix":"inner"}},"wdio_ui5_key":"applicationmanagepartners-display-component---NewPartner--addressDetailDetailsCity1"}]}
RESULT: {"script":"<script> [1562 bytes]","args":[{"selector":{"id":"application-managepartners-display-component---NewPartner--addressDetailDetailsCity1","interaction":{"idSuffix":"inner"}},"wdio_ui5_key":"applicationmanagepartners-display-component---NewPartner--addressDetailDetailsCity1"}]}
RESULT: undefined
COMMAND: POST /session/bb2e7e08feb0a54f1655a5fd6971b62c/execute/async - {"script":"<script> [776 bytes]","args":[{"enterText":"Rosario","selector":{"id":"application-managepartners-display-component---NewPartner--addressDetailDetailsCity1","interaction":{"idSuffix":"inner"}},"clearTextFirst":true,"interactionType":"ENTER_TEXT"}]}
RESULT: {"script":"<script> [776 bytes]","args":[{"enterText":"Rosario","selector":{"id":"application-managepartners-display-component---NewPartner--addressDetailDetailsCity1","interaction":{"idSuffix":"inner"}},"clearTextFirst":true,"interactionType":"ENTER_TEXT"}]}
COMMAND: POST /session/bb2e7e08feb0a54f1655a5fd6971b62c/execute/async - {"script":"<script> [1562 bytes]","args":[{"selector":{"id":"application-managepartners-display-component---NewPartner--addressDetailDetailsCountry-arrow"},"wdio_ui5_key":"applicationmanagepartners-display-component---NewPartner--addressDetailDetailsCountry-arrow"}]}
RESULT: {"script":"<script> [1562 bytes]","args":[{"selector":{"id":"application-managepartners-display-component---NewPartner--addressDetailDetailsCountry-arrow"},"wdio_ui5_key":"applicationmanagepartners-display-component---NewPartner--addressDetailDetailsCountry-arrow"}]}
RESULT: undefined
COMMAND: POST /session/bb2e7e08feb0a54f1655a5fd6971b62c/element - {"using":"xpath","value":"//*[@id=\"application-managepartners-display-component---NewPartner--addressDetailDetailsCountry-arrow\"]"}
RESULT: {"using":"xpath","value":"//*[@id=\"application-managepartners-display-component---NewPartner--addressDetailDetailsCountry-arrow\"]"}
COMMAND: POST /session/bb2e7e08feb0a54f1655a5fd6971b62c/element/f.026F3DCA0CB25E323D9C654115917965.d.CD5C0BCB30CC151C85D0AA431A0E88B9.e.3463/click - {}
RESULT: {}
COMMAND: POST /session/bb2e7e08feb0a54f1655a5fd6971b62c/element - {"using":"xpath","value":"//span[contains(text(), \"Argentina\")]"}
COMMAND: GET /session/bb2e7e08feb0a54f1655a5fd6971b62c/screenshot - {}
RESULT: {"using":"xpath","value":"//span[contains(text(), \"Argentina\")]"}
COMMAND: POST /session/bb2e7e08feb0a54f1655a5fd6971b62c/element/f.026F3DCA0CB25E323D9C654115917965.d.CD5C0BCB30CC151C85D0AA431A0E88B9.e.3498/click - {}
RESULT: {}
RESULT: {}
COMMAND: GET /session/bb2e7e08feb0a54f1655a5fd6971b62c/screenshot - {}
RESULT: {}
COMMAND: POST /session/bb2e7e08feb0a54f1655a5fd6971b62c/element - {"using":"xpath","value":"//bdi[contains(text(), \"Commercial\")]"}
RESULT: {"using":"xpath","value":"//bdi[contains(text(), \"Commercial\")]"}
COMMAND: POST /session/bb2e7e08feb0a54f1655a5fd6971b62c/element/f.026F3DCA0CB25E323D9C654115917965.d.CD5C0BCB30CC151C85D0AA431A0E88B9.e.3499/click - {}
RESULT: {}
COMMAND: GET /session/bb2e7e08feb0a54f1655a5fd6971b62c/screenshot - {}
RESULT: {}
COMMAND: POST /session/bb2e7e08feb0a54f1655a5fd6971b62c/execute/async - {"script":"<script> [1562 bytes]","args":[{"selector":{"id":"application-managepartners-display-component---NewPartner--partnerDetailInternal-arrow"},"wdio_ui5_key":"applicationmanagepartners-display-component---NewPartner--partnerDetailInternal-arrow"}]}
RESULT: {"script":"<script> [1562 bytes]","args":[{"selector":{"id":"application-managepartners-display-component---NewPartner--partnerDetailInternal-arrow"},"wdio_ui5_key":"applicationmanagepartners-display-component---NewPartner--partnerDetailInternal-arrow"}]}
RESULT: undefined
COMMAND: POST /session/bb2e7e08feb0a54f1655a5fd6971b62c/element - {"using":"xpath","value":"//*[@id=\"application-managepartners-display-component---NewPartner--partnerDetailInternal-arrow\"]"}
RESULT: {"using":"xpath","value":"//*[@id=\"application-managepartners-display-component---NewPartner--partnerDetailInternal-arrow\"]"}
COMMAND: POST /session/bb2e7e08feb0a54f1655a5fd6971b62c/element/f.026F3DCA0CB25E323D9C654115917965.d.CD5C0BCB30CC151C85D0AA431A0E88B9.e.3507/click - {}
RESULT: {}
COMMAND: POST /session/bb2e7e08feb0a54f1655a5fd6971b62c/element - {"using":"xpath","value":"//span[contains(text(), \"Affiliated company\")]"}
COMMAND: GET /session/bb2e7e08feb0a54f1655a5fd6971b62c/screenshot - {}
RESULT: {"using":"xpath","value":"//span[contains(text(), \"Affiliated company\")]"}
COMMAND: POST /session/bb2e7e08feb0a54f1655a5fd6971b62c/element/f.026F3DCA0CB25E323D9C654115917965.d.CD5C0BCB30CC151C85D0AA431A0E88B9.e.3508/click - {}
RESULT: {}
RESULT: {}
COMMAND: POST /session/bb2e7e08feb0a54f1655a5fd6971b62c/execute/async - {"script":"<script> [1562 bytes]","args":[{"selector":{"id":"application-managepartners-display-component---NewPartner--partnerDetailsCurrency-arrow"},"wdio_ui5_key":"applicationmanagepartners-display-component---NewPartner--partnerDetailsCurrency-arrow"}]}
COMMAND: GET /session/bb2e7e08feb0a54f1655a5fd6971b62c/screenshot - {}
RESULT: {"script":"<script> [1562 bytes]","args":[{"selector":{"id":"application-managepartners-display-component---NewPartner--partnerDetailsCurrency-arrow"},"wdio_ui5_key":"applicationmanagepartners-display-component---NewPartner--partnerDetailsCurrency-arrow"}]}
RESULT: undefined
COMMAND: POST /session/bb2e7e08feb0a54f1655a5fd6971b62c/element - {"using":"xpath","value":"//*[@id=\"application-managepartners-display-component---NewPartner--partnerDetailsCurrency-arrow\"]"}
RESULT: {}
RESULT: {"using":"xpath","value":"//*[@id=\"application-managepartners-display-component---NewPartner--partnerDetailsCurrency-arrow\"]"}
COMMAND: POST /session/bb2e7e08feb0a54f1655a5fd6971b62c/element/f.026F3DCA0CB25E323D9C654115917965.d.CD5C0BCB30CC151C85D0AA431A0E88B9.e.3515/click - {}
RESULT: {}
COMMAND: POST /session/bb2e7e08feb0a54f1655a5fd6971b62c/element - {"using":"xpath","value":"//span[contains(text(), \"Euro\")]"}
COMMAND: GET /session/bb2e7e08feb0a54f1655a5fd6971b62c/screenshot - {}
RESULT: {"using":"xpath","value":"//span[contains(text(), \"Euro\")]"}
COMMAND: POST /session/bb2e7e08feb0a54f1655a5fd6971b62c/element/f.026F3DCA0CB25E323D9C654115917965.d.CD5C0BCB30CC151C85D0AA431A0E88B9.e.3516/click - {}
RESULT: {}
RESULT: {}
COMMAND: POST /session/bb2e7e08feb0a54f1655a5fd6971b62c/execute/async - {"script":"<script> [1562 bytes]","args":[{"selector":{"id":"application-managepartners-display-component---NewPartner--addressEditDetailsCostObjectCstType-arrow"},"wdio_ui5_key":"applicationmanagepartners-display-component---NewPartner--addressEditDetailsCostObjectCstType-arrow"}]}
COMMAND: GET /session/bb2e7e08feb0a54f1655a5fd6971b62c/screenshot - {}
RESULT: {"script":"<script> [1562 bytes]","args":[{"selector":{"id":"application-managepartners-display-component---NewPartner--addressEditDetailsCostObjectCstType-arrow"},"wdio_ui5_key":"applicationmanagepartners-display-component---NewPartner--addressEditDetailsCostObjectCstType-arrow"}]}
RESULT: undefined
COMMAND: POST /session/bb2e7e08feb0a54f1655a5fd6971b62c/element - {"using":"xpath","value":"//*[@id=\"application-managepartners-display-component---NewPartner--addressEditDetailsCostObjectCstType-arrow\"]"}
RESULT: {}
RESULT: {"using":"xpath","value":"//*[@id=\"application-managepartners-display-component---NewPartner--addressEditDetailsCostObjectCstType-arrow\"]"}
COMMAND: POST /session/bb2e7e08feb0a54f1655a5fd6971b62c/element/f.026F3DCA0CB25E323D9C654115917965.d.CD5C0BCB30CC151C85D0AA431A0E88B9.e.3517/click - {}
RESULT: {}
COMMAND: POST /session/bb2e7e08feb0a54f1655a5fd6971b62c/element - {"using":"xpath","value":"//span[contains(text(), \"Cost Center\")]"}
COMMAND: GET /session/bb2e7e08feb0a54f1655a5fd6971b62c/screenshot - {}
RESULT: {"using":"xpath","value":"//span[contains(text(), \"Cost Center\")]"}
COMMAND: POST /session/bb2e7e08feb0a54f1655a5fd6971b62c/element/f.026F3DCA0CB25E323D9C654115917965.d.CD5C0BCB30CC151C85D0AA431A0E88B9.e.3518/click - {}
RESULT: {}
RESULT: {}
COMMAND: GET /session/bb2e7e08feb0a54f1655a5fd6971b62c/screenshot - {}
RESULT: {}
COMMAND: POST /session/bb2e7e08feb0a54f1655a5fd6971b62c/element - {"using":"xpath","value":"//span[@id=\"application-managepartners-display-component---NewPartner--addressNewCostObjectCstID-vhi\"]"}
RESULT: {"using":"xpath","value":"//span[@id=\"application-managepartners-display-component---NewPartner--addressNewCostObjectCstID-vhi\"]"}
COMMAND: POST /session/bb2e7e08feb0a54f1655a5fd6971b62c/execute/sync - {"script":"<script> [8489 bytes]","args":[{"element-6066-11e4-a52e-4f735466cecf":"f.026F3DCA0CB25E323D9C654115917965.d.CD5C0BCB30CC151C85D0AA431A0E88B9.e.3522","ELEMENT":"f.026F3DCA0CB25E323D9C654115917965.d.CD5C0BCB30CC151C85D0AA431A0E88B9.e.3522"}]}
RESULT: {"script":"<script> [8489 bytes]","args":[{"element-6066-11e4-a52e-4f735466cecf":"f.026F3DCA0CB25E323D9C654115917965.d.CD5C0BCB30CC151C85D0AA431A0E88B9.e.3522","ELEMENT":"f.026F3DCA0CB25E323D9C654115917965.d.CD5C0BCB30CC151C85D0AA431A0E88B9.e.3522"}]}
COMMAND: POST /session/bb2e7e08feb0a54f1655a5fd6971b62c/execute/async - {"script":"<script> [1562 bytes]","args":[{"selector":{"id":"application-managepartners-display-component---NewPartner--addressNewCostObjectCstID-vhi"},"wdio_ui5_key":"applicationmanagepartners-display-component---NewPartner--addressNewCostObjectCstID-vhi"}]}
COMMAND: GET /session/bb2e7e08feb0a54f1655a5fd6971b62c/screenshot - {}
RESULT: {"script":"<script> [1562 bytes]","args":[{"selector":{"id":"application-managepartners-display-component---NewPartner--addressNewCostObjectCstID-vhi"},"wdio_ui5_key":"applicationmanagepartners-display-component---NewPartner--addressNewCostObjectCstID-vhi"}]}
RESULT: undefined
COMMAND: POST /session/bb2e7e08feb0a54f1655a5fd6971b62c/element - {"using":"xpath","value":"//*[@id=\"application-managepartners-display-component---NewPartner--addressNewCostObjectCstID-vhi\"]"}
RESULT: {}
RESULT: {"using":"xpath","value":"//*[@id=\"application-managepartners-display-component---NewPartner--addressNewCostObjectCstID-vhi\"]"}
COMMAND: POST /session/bb2e7e08feb0a54f1655a5fd6971b62c/element/f.026F3DCA0CB25E323D9C654115917965.d.CD5C0BCB30CC151C85D0AA431A0E88B9.e.3522/click - {}
RESULT: {}
COMMAND: GET /session/bb2e7e08feb0a54f1655a5fd6971b62c/screenshot - {}
RESULT: {}
COMMAND: POST /session/bb2e7e08feb0a54f1655a5fd6971b62c/execute/async - {"script":"<script> [1562 bytes]","args":[{"selector":{"controlType":"sap.m.SearchField","properties":{"placeholder":"Search"},"searchOpenDialogs":true,"interaction":{"idSuffix":"I"}},"wdio_ui5_key":"sapm.SearchField{\"placeholder\":\"Search\"}"}]}
RESULT: {"script":"<script> [1562 bytes]","args":[{"selector":{"controlType":"sap.m.SearchField","properties":{"placeholder":"Search"},"searchOpenDialogs":true,"interaction":{"idSuffix":"I"}},"wdio_ui5_key":"sapm.SearchField{\"placeholder\":\"Search\"}"}]}
RESULT: undefined
COMMAND: POST /session/bb2e7e08feb0a54f1655a5fd6971b62c/execute/async - {"script":"<script> [776 bytes]","args":[{"enterText":"10001013","selector":{"controlType":"sap.m.SearchField","properties":{"placeholder":"Search"},"searchOpenDialogs":true,"interaction":{"idSuffix":"I"}},"clearTextFirst":true,"interactionType":"ENTER_TEXT"}]}
RESULT: {"script":"<script> [776 bytes]","args":[{"enterText":"10001013","selector":{"controlType":"sap.m.SearchField","properties":{"placeholder":"Search"},"searchOpenDialogs":true,"interaction":{"idSuffix":"I"}},"clearTextFirst":true,"interactionType":"ENTER_TEXT"}]}
COMMAND: POST /session/bb2e7e08feb0a54f1655a5fd6971b62c/actions - {"actions":[{"id":"action11","type":"key","parameters":{},"actions":[{"type":"keyDown","value":"î€‡"},{"type":"pause","duration":10},{"type":"keyUp","value":"î€‡"}]}]}
RESULT: {"actions":[{"id":"action11","type":"key","parameters":{},"actions":[{"type":"keyDown","value":"î€‡"},{"type":"pause","duration":10},{"type":"keyUp","value":"î€‡"}]}]}
COMMAND: GET /session/bb2e7e08feb0a54f1655a5fd6971b62c/screenshot - {}
RESULT: {}
COMMAND: POST /session/bb2e7e08feb0a54f1655a5fd6971b62c/element - {"using":"xpath","value":"//span[contains(text(), \"General Management\")]"}
RESULT: {"using":"xpath","value":"//span[contains(text(), \"General Management\")]"}
COMMAND: POST /session/bb2e7e08feb0a54f1655a5fd6971b62c/element/f.026F3DCA0CB25E323D9C654115917965.d.CD5C0BCB30CC151C85D0AA431A0E88B9.e.3563/click - {}
RESULT: {}
COMMAND: GET /session/bb2e7e08feb0a54f1655a5fd6971b62c/screenshot - {}
RESULT: {}
COMMAND: POST /session/bb2e7e08feb0a54f1655a5fd6971b62c/element - {"using":"xpath","value":"//bdi[contains(text(), \"OK\")]"}
RESULT: {"using":"xpath","value":"//bdi[contains(text(), \"OK\")]"}
COMMAND: POST /session/bb2e7e08feb0a54f1655a5fd6971b62c/element/f.026F3DCA0CB25E323D9C654115917965.d.CD5C0BCB30CC151C85D0AA431A0E88B9.e.3564/click - {}
RESULT: {}
COMMAND: GET /session/bb2e7e08feb0a54f1655a5fd6971b62c/screenshot - {}
RESULT: {}
COMMAND: POST /session/bb2e7e08feb0a54f1655a5fd6971b62c/element - {"using":"xpath","value":"//input[@id=\"application-managepartners-display-component---NewPartner--companyCodeComboBox-inner\"]"}
RESULT: {"using":"xpath","value":"//input[@id=\"application-managepartners-display-component---NewPartner--companyCodeComboBox-inner\"]"}
COMMAND: POST /session/bb2e7e08feb0a54f1655a5fd6971b62c/element/f.026F3DCA0CB25E323D9C654115917965.d.CD5C0BCB30CC151C85D0AA431A0E88B9.e.3361/clear - {}
RESULT: {}
COMMAND: POST /session/bb2e7e08feb0a54f1655a5fd6971b62c/element/f.026F3DCA0CB25E323D9C654115917965.d.CD5C0BCB30CC151C85D0AA431A0E88B9.e.3361/value - {"text":"C002"}
COMMAND: GET /session/bb2e7e08feb0a54f1655a5fd6971b62c/screenshot - {}
RESULT: {"text":"C002"}
COMMAND: GET /session/bb2e7e08feb0a54f1655a5fd6971b62c/screenshot - {}
RESULT: {}
RESULT: {}
COMMAND: POST /session/bb2e7e08feb0a54f1655a5fd6971b62c/element - {"using":"xpath","value":"//span[contains(text(), \"C002\")]"}
RESULT: {"using":"xpath","value":"//span[contains(text(), \"C002\")]"}
COMMAND: POST /session/bb2e7e08feb0a54f1655a5fd6971b62c/element/f.026F3DCA0CB25E323D9C654115917965.d.CD5C0BCB30CC151C85D0AA431A0E88B9.e.3570/click - {}
RESULT: {}
COMMAND: GET /session/bb2e7e08feb0a54f1655a5fd6971b62c/screenshot - {}
RESULT: {}
COMMAND: POST /session/bb2e7e08feb0a54f1655a5fd6971b62c/execute/async - {"script":"<script> [1562 bytes]","args":[{"selector":{"id":"application-managepartners-display-component---NewPartner--btnAddTableRow-img"},"wdio_ui5_key":"applicationmanagepartners-display-component---NewPartner--btnAddTableRow-img"}]}
RESULT: {"script":"<script> [1562 bytes]","args":[{"selector":{"id":"application-managepartners-display-component---NewPartner--btnAddTableRow-img"},"wdio_ui5_key":"applicationmanagepartners-display-component---NewPartner--btnAddTableRow-img"}]}
RESULT: undefined
COMMAND: POST /session/bb2e7e08feb0a54f1655a5fd6971b62c/element - {"using":"xpath","value":"//*[@id=\"application-managepartners-display-component---NewPartner--btnAddTableRow-img\"]"}
RESULT: {"using":"xpath","value":"//*[@id=\"application-managepartners-display-component---NewPartner--btnAddTableRow-img\"]"}
COMMAND: POST /session/bb2e7e08feb0a54f1655a5fd6971b62c/element/f.026F3DCA0CB25E323D9C654115917965.d.CD5C0BCB30CC151C85D0AA431A0E88B9.e.3571/click - {}
RESULT: {}
COMMAND: GET /session/bb2e7e08feb0a54f1655a5fd6971b62c/screenshot - {}
RESULT: {}
COMMAND: POST /session/bb2e7e08feb0a54f1655a5fd6971b62c/element - {"using":"xpath","value":"//input[@id=\"application-managepartners-display-component---NewPartner--assignmentYard-application-managepartners-display-component---NewPartner--assignmentsTable-0-inner\"]"}
RESULT: {"using":"xpath","value":"//input[@id=\"application-managepartners-display-component---NewPartner--assignmentYard-application-managepartners-display-component---NewPartner--assignmentsTable-0-inner\"]"}
COMMAND: POST /session/bb2e7e08feb0a54f1655a5fd6971b62c/element/f.026F3DCA0CB25E323D9C654115917965.d.CD5C0BCB30CC151C85D0AA431A0E88B9.e.3574/clear - {}
RESULT: {}
COMMAND: POST /session/bb2e7e08feb0a54f1655a5fd6971b62c/element/f.026F3DCA0CB25E323D9C654115917965.d.CD5C0BCB30CC151C85D0AA431A0E88B9.e.3574/value - {"text":"545"}
COMMAND: GET /session/bb2e7e08feb0a54f1655a5fd6971b62c/screenshot - {}
RESULT: {}
RESULT: {"text":"545"}
COMMAND: GET /session/bb2e7e08feb0a54f1655a5fd6971b62c/screenshot - {}
RESULT: {}
COMMAND: POST /session/bb2e7e08feb0a54f1655a5fd6971b62c/element - {"using":"xpath","value":"//li[.//span[text()='545']]"}
RESULT: {"using":"xpath","value":"//li[.//span[text()='545']]"}
COMMAND: POST /session/bb2e7e08feb0a54f1655a5fd6971b62c/element/f.026F3DCA0CB25E323D9C654115917965.d.CD5C0BCB30CC151C85D0AA431A0E88B9.e.3583/click - {}
RESULT: {}
COMMAND: GET /session/bb2e7e08feb0a54f1655a5fd6971b62c/screenshot - {}
RESULT: {}
COMMAND: POST /session/bb2e7e08feb0a54f1655a5fd6971b62c/actions - {"actions":[{"id":"action12","type":"key","parameters":{},"actions":[{"type":"keyDown","value":"î€‡"},{"type":"pause","duration":10},{"type":"keyUp","value":"î€‡"}]}]}
RESULT: {"actions":[{"id":"action12","type":"key","parameters":{},"actions":[{"type":"keyDown","value":"î€‡"},{"type":"pause","duration":10},{"type":"keyUp","value":"î€‡"}]}]}
COMMAND: POST /session/bb2e7e08feb0a54f1655a5fd6971b62c/execute/async - {"script":"<script> [1562 bytes]","args":[{"selector":{"id":"application-managepartners-display-component---NewPartner--externalCustomerComboBox-application-managepartners-display-component---NewPartner--assignmentsTable-0-vhi"},"wdio_ui5_key":"applicationmanagepartners-display-component---NewPartner--externalCustomerComboBox-application-managepartners-display-component---NewPartner--assignmentsTable-0-vhi"}]}
COMMAND: GET /session/bb2e7e08feb0a54f1655a5fd6971b62c/screenshot - {}
RESULT: {"script":"<script> [1562 bytes]","args":[{"selector":{"id":"application-managepartners-display-component---NewPartner--externalCustomerComboBox-application-managepartners-display-component---NewPartner--assignmentsTable-0-vhi"},"wdio_ui5_key":"applicationmanagepartners-display-component---NewPartner--externalCustomerComboBox-application-managepartners-display-component---NewPartner--assignmentsTable-0-vhi"}]}
RESULT: undefined
COMMAND: POST /session/bb2e7e08feb0a54f1655a5fd6971b62c/element - {"using":"xpath","value":"//*[@id=\"application-managepartners-display-component---NewPartner--externalCustomerComboBox-application-managepartners-display-component---NewPartner--assignmentsTable-0-vhi\"]"}
RESULT: {}
RESULT: {"using":"xpath","value":"//*[@id=\"application-managepartners-display-component---NewPartner--externalCustomerComboBox-application-managepartners-display-component---NewPartner--assignmentsTable-0-vhi\"]"}
COMMAND: POST /session/bb2e7e08feb0a54f1655a5fd6971b62c/element/f.026F3DCA0CB25E323D9C654115917965.d.CD5C0BCB30CC151C85D0AA431A0E88B9.e.3587/click - {}
RESULT: {}
RESULT: undefined
COMMAND: POST /session/bb2e7e08feb0a54f1655a5fd6971b62c/execute/async - {"script":"<script> [776 bytes]","args":[{"enterText":"300003","selector":{"controlType":"sap.m.SearchField","properties":{"placeholder":"Search"},"searchOpenDialogs":true,"interaction":{"idSuffix":"I"}},"clearTextFirst":true,"interactionType":"ENTER_TEXT"}]}
COMMAND: GET /session/bb2e7e08feb0a54f1655a5fd6971b62c/screenshot - {}
RESULT: {"script":"<script> [776 bytes]","args":[{"enterText":"300003","selector":{"controlType":"sap.m.SearchField","properties":{"placeholder":"Search"},"searchOpenDialogs":true,"interaction":{"idSuffix":"I"}},"clearTextFirst":true,"interactionType":"ENTER_TEXT"}]}
COMMAND: POST /session/bb2e7e08feb0a54f1655a5fd6971b62c/actions - {"actions":[{"id":"action13","type":"key","parameters":{},"actions":[{"type":"keyDown","value":"î€‡"},{"type":"pause","duration":10},{"type":"keyUp","value":"î€‡"}]}]}
RESULT: {}
RESULT: {"actions":[{"id":"action13","type":"key","parameters":{},"actions":[{"type":"keyDown","value":"î€‡"},{"type":"pause","duration":10},{"type":"keyUp","value":"î€‡"}]}]}
COMMAND: GET /session/bb2e7e08feb0a54f1655a5fd6971b62c/screenshot - {}
RESULT: {}
COMMAND: POST /session/bb2e7e08feb0a54f1655a5fd6971b62c/element - {"using":"xpath","value":"//span[contains(text(), \"300003\")]"}
RESULT: {"using":"xpath","value":"//span[contains(text(), \"300003\")]"}
COMMAND: POST /session/bb2e7e08feb0a54f1655a5fd6971b62c/element/f.026F3DCA0CB25E323D9C654115917965.d.CD5C0BCB30CC151C85D0AA431A0E88B9.e.3604/click - {}
RESULT: {}
COMMAND: GET /session/bb2e7e08feb0a54f1655a5fd6971b62c/screenshot - {}
RESULT: {}
COMMAND: POST /session/bb2e7e08feb0a54f1655a5fd6971b62c/element - {"using":"xpath","value":"//bdi[contains(text(), \"OK\")]"}
RESULT: {"using":"xpath","value":"//bdi[contains(text(), \"OK\")]"}
COMMAND: POST /session/bb2e7e08feb0a54f1655a5fd6971b62c/element/f.026F3DCA0CB25E323D9C654115917965.d.CD5C0BCB30CC151C85D0AA431A0E88B9.e.3606/click - {}
RESULT: {}
COMMAND: GET /session/bb2e7e08feb0a54f1655a5fd6971b62c/screenshot - {}
COMMAND: POST /session/bb2e7e08feb0a54f1655a5fd6971b62c/execute/async - {"script":"<script> [1562 bytes]","args":[{"selector":{"id":"application-managepartners-display-component---NewPartner--intercompVendorComboBox-application-managepartners-display-component---NewPartner--assignmentsTable-0-vhi"},"wdio_ui5_key":"applicationmanagepartners-display-component---NewPartner--intercompVendorComboBox-application-managepartners-display-component---NewPartner--assignmentsTable-0-vhi"}]}
RESULT: {}
RESULT: {"script":"<script> [1562 bytes]","args":[{"selector":{"id":"application-managepartners-display-component---NewPartner--intercompVendorComboBox-application-managepartners-display-component---NewPartner--assignmentsTable-0-vhi"},"wdio_ui5_key":"applicationmanagepartners-display-component---NewPartner--intercompVendorComboBox-application-managepartners-display-component---NewPartner--assignmentsTable-0-vhi"}]}
RESULT: undefined
COMMAND: POST /session/bb2e7e08feb0a54f1655a5fd6971b62c/element - {"using":"xpath","value":"//*[@id=\"application-managepartners-display-component---NewPartner--intercompVendorComboBox-application-managepartners-display-component---NewPartner--assignmentsTable-0-vhi\"]"}
RESULT: {"using":"xpath","value":"//*[@id=\"application-managepartners-display-component---NewPartner--intercompVendorComboBox-application-managepartners-display-component---NewPartner--assignmentsTable-0-vhi\"]"}
COMMAND: POST /session/bb2e7e08feb0a54f1655a5fd6971b62c/element/f.026F3DCA0CB25E323D9C654115917965.d.CD5C0BCB30CC151C85D0AA431A0E88B9.e.3610/click - {}
RESULT: {}
RESULT: undefined
COMMAND: POST /session/bb2e7e08feb0a54f1655a5fd6971b62c/execute/async - {"script":"<script> [776 bytes]","args":[{"enterText":"100005","selector":{"controlType":"sap.m.SearchField","properties":{"placeholder":"Search"},"searchOpenDialogs":true,"interaction":{"idSuffix":"I"}},"clearTextFirst":true,"interactionType":"ENTER_TEXT"}]}
COMMAND: GET /session/bb2e7e08feb0a54f1655a5fd6971b62c/screenshot - {}
RESULT: {"script":"<script> [776 bytes]","args":[{"enterText":"100005","selector":{"controlType":"sap.m.SearchField","properties":{"placeholder":"Search"},"searchOpenDialogs":true,"interaction":{"idSuffix":"I"}},"clearTextFirst":true,"interactionType":"ENTER_TEXT"}]}
COMMAND: POST /session/bb2e7e08feb0a54f1655a5fd6971b62c/actions - {"actions":[{"id":"action14","type":"key","parameters":{},"actions":[{"type":"keyDown","value":"î€‡"},{"type":"pause","duration":10},{"type":"keyUp","value":"î€‡"}]}]}
RESULT: {}
RESULT: {"actions":[{"id":"action14","type":"key","parameters":{},"actions":[{"type":"keyDown","value":"î€‡"},{"type":"pause","duration":10},{"type":"keyUp","value":"î€‡"}]}]}
COMMAND: GET /session/bb2e7e08feb0a54f1655a5fd6971b62c/screenshot - {}
RESULT: {}
COMMAND: POST /session/bb2e7e08feb0a54f1655a5fd6971b62c/element - {"using":"xpath","value":"//span[contains(text(), \"Penguins - Field/12345 Berlin\")]"}
RESULT: {"using":"xpath","value":"//span[contains(text(), \"Penguins - Field/12345 Berlin\")]"}
COMMAND: POST /session/bb2e7e08feb0a54f1655a5fd6971b62c/element/f.026F3DCA0CB25E323D9C654115917965.d.CD5C0BCB30CC151C85D0AA431A0E88B9.e.3627/click - {}
RESULT: {}
COMMAND: GET /session/bb2e7e08feb0a54f1655a5fd6971b62c/screenshot - {}
RESULT: {}
COMMAND: POST /session/bb2e7e08feb0a54f1655a5fd6971b62c/element - {"using":"xpath","value":"//bdi[contains(text(), \"OK\")]"}
RESULT: {"using":"xpath","value":"//bdi[contains(text(), \"OK\")]"}
COMMAND: POST /session/bb2e7e08feb0a54f1655a5fd6971b62c/element/f.026F3DCA0CB25E323D9C654115917965.d.CD5C0BCB30CC151C85D0AA431A0E88B9.e.3628/click - {}
RESULT: {}
COMMAND: GET /session/bb2e7e08feb0a54f1655a5fd6971b62c/screenshot - {}
RESULT: {}
COMMAND: POST /session/bb2e7e08feb0a54f1655a5fd6971b62c/element - {"using":"xpath","value":"//button[@data-kt=\"saveButton\"]"}
RESULT: {"using":"xpath","value":"//button[@data-kt=\"saveButton\"]"}
COMMAND: POST /session/bb2e7e08feb0a54f1655a5fd6971b62c/element/f.026F3DCA0CB25E323D9C654115917965.d.CD5C0BCB30CC151C85D0AA431A0E88B9.e.3432/click - {}
RESULT: {}
COMMAND: GET /session/bb2e7e08feb0a54f1655a5fd6971b62c/screenshot - {}
RESULT: {}
COMMAND: POST /session/bb2e7e08feb0a54f1655a5fd6971b62c/element - {"using":"xpath","value":"//header[contains(@id, 'ObjectPageLayout-headerTitle')]/div[1]/div[2]/div[2]/span[1]"}
RESULT: {"using":"xpath","value":"//header[contains(@id, 'ObjectPageLayout-headerTitle')]/div[1]/div[2]/div[2]/span[1]"}
COMMAND: POST /session/bb2e7e08feb0a54f1655a5fd6971b62c/elements - {"using":"xpath","value":"//header[contains(@id, 'ObjectPageLayout-headerTitle')]/div[1]/div[2]/div[2]/span[1]"}
RESULT: {"using":"xpath","value":"//header[contains(@id, 'ObjectPageLayout-headerTitle')]/div[1]/div[2]/div[2]/span[1]"}
COMMAND: POST /session/bb2e7e08feb0a54f1655a5fd6971b62c/execute/sync - {"script":"<script> [56 bytes]","args":[{"element-6066-11e4-a52e-4f735466cecf":"f.026F3DCA0CB25E323D9C654115917965.d.CD5C0BCB30CC151C85D0AA431A0E88B9.e.3796","ELEMENT":"f.026F3DCA0CB25E323D9C654115917965.d.CD5C0BCB30CC151C85D0AA431A0E88B9.e.3796"}]}
RESULT: {"script":"<script> [56 bytes]","args":[{"element-6066-11e4-a52e-4f735466cecf":"f.026F3DCA0CB25E323D9C654115917965.d.CD5C0BCB30CC151C85D0AA431A0E88B9.e.3796","ELEMENT":"f.026F3DCA0CB25E323D9C654115917965.d.CD5C0BCB30CC151C85D0AA431A0E88B9.e.3796"}]}
COMMAND: POST /session/bb2e7e08feb0a54f1655a5fd6971b62c/element - {"using":"css selector","value":"#shell-header-logo"}
COMMAND: GET /session/bb2e7e08feb0a54f1655a5fd6971b62c/screenshot - {}
RESULT: {"using":"css selector","value":"#shell-header-logo"}
COMMAND: POST /session/bb2e7e08feb0a54f1655a5fd6971b62c/element/f.026F3DCA0CB25E323D9C654115917965.d.CD5C0BCB30CC151C85D0AA431A0E88B9.e.3012/click - {}
RESULT: {}
RESULT: {}
COMMAND: GET /session/bb2e7e08feb0a54f1655a5fd6971b62c/screenshot - {}
RESULT: {}
COMMAND: POST /session/bb2e7e08feb0a54f1655a5fd6971b62c/execute/sync - {"script":"<script> [299 bytes]","args":[["getModel","getResource"]]}
RESULT: {"script":"<script> [299 bytes]","args":[["getModel","getResource"]]}
]]></system-out>
    </testcase>
    <testcase classname="chrome.135_0_7049_96.windows.Edit_and_delete_daily_price_US134629_US134627" name="Should go into edit and delete all the rows that match the yard we have created for this scenario check if all rows deleted" time="13.145">
      <system-out><![CDATA[
COMMAND: GET /session/bb2e7e08feb0a54f1655a5fd6971b62c/screenshot - {}
COMMAND: POST /session/bb2e7e08feb0a54f1655a5fd6971b62c/execute/async - {"script":"<script> [1562 bytes]","args":[{"selector":{"id":"application-manageconditionprice-display-component---dailyPrices--editBtn","interaction":{"idSuffix":"BDI-content"}},"wdio_ui5_key":"applicationmanageconditionprice-display-component---dailyPrices--editBtn"}]}
RESULT: {}
RESULT: {"script":"<script> [1562 bytes]","args":[{"selector":{"id":"application-manageconditionprice-display-component---dailyPrices--editBtn","interaction":{"idSuffix":"BDI-content"}},"wdio_ui5_key":"applicationmanageconditionprice-display-component---dailyPrices--editBtn"}]}
RESULT: undefined
COMMAND: POST /session/bb2e7e08feb0a54f1655a5fd6971b62c/elements - {"using":"css selector","value":"table tr"}
RESULT: {"using":"css selector","value":"table tr"}
COMMAND: POST /session/bb2e7e08feb0a54f1655a5fd6971b62c/execute/async - {"script":"<script> [1562 bytes]","args":[{"selector":{"id":"application-manageconditionprice-display-component---dailyPrices--deleteBtn","interaction":{"idSuffix":"content"}},"wdio_ui5_key":"applicationmanageconditionprice-display-component---dailyPrices--deleteBtn"}]}
RESULT: {"script":"<script> [1562 bytes]","args":[{"selector":{"id":"application-manageconditionprice-display-component---dailyPrices--deleteBtn","interaction":{"idSuffix":"content"}},"wdio_ui5_key":"applicationmanageconditionprice-display-component---dailyPrices--deleteBtn"}]}
RESULT: undefined
COMMAND: POST /session/bb2e7e08feb0a54f1655a5fd6971b62c/execute/async - {"script":"<script> [1562 bytes]","args":[{"selector":{"controlType":"sap.m.Button","properties":{"text":"OK"},"searchOpenDialogs":true,"interaction":{"idSuffix":"BDI-content"}},"wdio_ui5_key":"sapm.Button{\"text\":\"OK\"}"}]}
RESULT: {"script":"<script> [1562 bytes]","args":[{"selector":{"controlType":"sap.m.Button","properties":{"text":"OK"},"searchOpenDialogs":true,"interaction":{"idSuffix":"BDI-content"}},"wdio_ui5_key":"sapm.Button{\"text\":\"OK\"}"}]}
RESULT: undefined
COMMAND: POST /session/bb2e7e08feb0a54f1655a5fd6971b62c/execute/async - {"script":"<script> [1562 bytes]","args":[{"selector":{"controlType":"sap.m.Button","viewName":"etm.portal.ui.manageconditionprice.view.DailyPrices","viewId":"application-manageconditionprice-display-component---dailyPrices","i18NText":{"propertyName":"tooltip","key":"save"},"interaction":{"idSuffix":"BDI-content"}},"wdio_ui5_key":"etmportal.ui.manageconditionprice.view.DailyPricessap.m.Button{\"propertyName\":\"tooltip\",\"key\":\"save\"}"}]}
RESULT: {"script":"<script> [1562 bytes]","args":[{"selector":{"controlType":"sap.m.Button","viewName":"etm.portal.ui.manageconditionprice.view.DailyPrices","viewId":"application-manageconditionprice-display-component---dailyPrices","i18NText":{"propertyName":"tooltip","key":"save"},"interaction":{"idSuffix":"BDI-content"}},"wdio_ui5_key":"etmportal.ui.manageconditionprice.view.DailyPricessap.m.Button{\"propertyName\":\"tooltip\",\"key\":\"save\"}"}]}
RESULT: undefined
COMMAND: POST /session/bb2e7e08feb0a54f1655a5fd6971b62c/elements - {"using":"css selector","value":"table tr"}
RESULT: {"using":"css selector","value":"table tr"}
COMMAND: POST /session/bb2e7e08feb0a54f1655a5fd6971b62c/element - {"using":"css selector","value":"#j_username"}
COMMAND: POST /session/bb2e7e08feb0a54f1655a5fd6971b62c/url - {"url":"https://qa-testing-00-live-etm-ui.cfapps.eu10-004.hana.ondemand.com/"}
COMMAND: GET /session/bb2e7e08feb0a54f1655a5fd6971b62c/screenshot - {}
RESULT: {"using":"css selector","value":"#j_username"}
COMMAND: POST /session/bb2e7e08feb0a54f1655a5fd6971b62c/element - {"using":"css selector","value":"#j_username"}
RESULT: {"url":"https://qa-testing-00-live-etm-ui.cfapps.eu10-004.hana.ondemand.com/"}
RESULT: undefined
COMMAND: GET /session/bb2e7e08feb0a54f1655a5fd6971b62c/screenshot - {}
RESULT: {}
RESULT: {"using":"css selector","value":"#j_username"}
COMMAND: POST /session/bb2e7e08feb0a54f1655a5fd6971b62c/element - {"using":"css selector","value":"#shell-header-logo"}
RESULT: {}
RESULT: {"using":"css selector","value":"#shell-header-logo"}
COMMAND: POST /session/bb2e7e08feb0a54f1655a5fd6971b62c/execute/sync - {"script":"<script> [8489 bytes]","args":[{"element-6066-11e4-a52e-4f735466cecf":"f.026F3DCA0CB25E323D9C654115917965.d.542B652DEC9E21FFF8846528291818B8.e.4758","ELEMENT":"f.026F3DCA0CB25E323D9C654115917965.d.542B652DEC9E21FFF8846528291818B8.e.4758"}]}
RESULT: {"script":"<script> [8489 bytes]","args":[{"element-6066-11e4-a52e-4f735466cecf":"f.026F3DCA0CB25E323D9C654115917965.d.542B652DEC9E21FFF8846528291818B8.e.4758","ELEMENT":"f.026F3DCA0CB25E323D9C654115917965.d.542B652DEC9E21FFF8846528291818B8.e.4758"}]}
COMMAND: POST /session/bb2e7e08feb0a54f1655a5fd6971b62c/element - {"using":"css selector","value":"#shell-header-logo"}
COMMAND: GET /session/bb2e7e08feb0a54f1655a5fd6971b62c/screenshot - {}
RESULT: {"using":"css selector","value":"#shell-header-logo"}
COMMAND: POST /session/bb2e7e08feb0a54f1655a5fd6971b62c/execute/sync - {"script":"<script> [8489 bytes]","args":[{"element-6066-11e4-a52e-4f735466cecf":"f.026F3DCA0CB25E323D9C654115917965.d.542B652DEC9E21FFF8846528291818B8.e.4758","ELEMENT":"f.026F3DCA0CB25E323D9C654115917965.d.542B652DEC9E21FFF8846528291818B8.e.4758"}]}
RESULT: {}
RESULT: {"script":"<script> [8489 bytes]","args":[{"element-6066-11e4-a52e-4f735466cecf":"f.026F3DCA0CB25E323D9C654115917965.d.542B652DEC9E21FFF8846528291818B8.e.4758","ELEMENT":"f.026F3DCA0CB25E323D9C654115917965.d.542B652DEC9E21FFF8846528291818B8.e.4758"}]}
COMMAND: POST /session/bb2e7e08feb0a54f1655a5fd6971b62c/execute/sync - {"script":"<script> [5351 bytes]","args":[{"element-6066-11e4-a52e-4f735466cecf":"f.026F3DCA0CB25E323D9C654115917965.d.542B652DEC9E21FFF8846528291818B8.e.4758","ELEMENT":"f.026F3DCA0CB25E323D9C654115917965.d.542B652DEC9E21FFF8846528291818B8.e.4758"}]}
COMMAND: GET /session/bb2e7e08feb0a54f1655a5fd6971b62c/screenshot - {}
RESULT: {"script":"<script> [5351 bytes]","args":[{"element-6066-11e4-a52e-4f735466cecf":"f.026F3DCA0CB25E323D9C654115917965.d.542B652DEC9E21FFF8846528291818B8.e.4758","ELEMENT":"f.026F3DCA0CB25E323D9C654115917965.d.542B652DEC9E21FFF8846528291818B8.e.4758"}]}
COMMAND: POST /session/bb2e7e08feb0a54f1655a5fd6971b62c/element - {"using":"css selector","value":"#shell-header-logo"}
COMMAND: GET /session/bb2e7e08feb0a54f1655a5fd6971b62c/screenshot - {}
RESULT: {}
RESULT: {"using":"css selector","value":"#shell-header-logo"}
COMMAND: POST /session/bb2e7e08feb0a54f1655a5fd6971b62c/element/f.026F3DCA0CB25E323D9C654115917965.d.542B652DEC9E21FFF8846528291818B8.e.4758/click - {}
RESULT: {}
RESULT: {}
COMMAND: GET /session/bb2e7e08feb0a54f1655a5fd6971b62c/screenshot - {}
RESULT: {}
COMMAND: POST /session/bb2e7e08feb0a54f1655a5fd6971b62c/execute/async - {"script":"<script> [189 bytes]","args":[]}
RESULT: {"script":"<script> [189 bytes]","args":[]}
COMMAND: POST /session/bb2e7e08feb0a54f1655a5fd6971b62c/execute/async - {"script":"<script> [123 bytes]","args":[]}
RESULT: {"script":"<script> [123 bytes]","args":[]}
COMMAND: POST /session/bb2e7e08feb0a54f1655a5fd6971b62c/timeouts - {"script":"<number>"}
RESULT: {"script":"<number>"}
COMMAND: GET /session/bb2e7e08feb0a54f1655a5fd6971b62c/timeouts - {}
RESULT: {}
RESULT: undefined
COMMAND: POST /session/bb2e7e08feb0a54f1655a5fd6971b62c/execute/async - {"script":"<script> [2676 bytes]","args":[]}
RESULT: {"script":"<script> [2676 bytes]","args":[]}
COMMAND: POST /session/bb2e7e08feb0a54f1655a5fd6971b62c/execute/async - {"script":"<script> [2342 bytes]","args":[{"protocol":"http","hostname":"0.0.0.0","path":"/","capabilities":{"browserName":"chrome","goog:chromeOptions":{"binary":"C:\\Program Files\\Google\\Chrome\\Application\\chrome.exe","args":["--start-maximized"]}},"logLevel":"warn","connectionRetryTimeout":120000,"connectionRetryCount":3,"logLevels":{},"enableDirectConnect":true,"strictSSL":true,"_":"65 more keys: [\"cacheDir\",\"port\",\"requestedCapabilities\",\"automationProtocol\",\"baseUrl\",\"waitforInterval\",\"waitforTimeout\",\"onReload\",\"beforeCommand\",\"afterCommand\",\"rootDir\",\"specs\",\"suites\",\"exclude\",\"groupLogsByTestSpec\",\"excludeDriverLogs\",\"bail\",\"framework\",\"reporters\",\"services\",\"maxInstances\",\"maxInstancesPerCapability\",\"injectGlobals\",\"filesToWatch\",\"execArgv\",\"runnerEnv\",\"runner\",\"shard\",\"specFileRetries\",\"specFileRetriesDelay\",\"specFileRetriesDeferred\",\"reporterSyncInterval\",\"reporterSyncTimeout\",\"cucumberFeaturesWithLineNumbers\",\"autoCompileOpts\",\"mochaOpts\",\"jasmineOpts\",\"cucumberOpts\",\"onPrepare\",\"onWorkerStart\",\"onWorkerEnd\",\"before\",\"beforeSession\",\"beforeSuite\",\"beforeHook\",\"beforeTest\",\"afterTest\",\"afterHook\",\"afterSuite\",\"afterSession\",\"after\",\"onComplete\",\"beforeAssertion\",\"afterAssertion\",\"beforeFeature\",\"beforeScenario\",\"beforeStep\",\"afterStep\",\"afterScenario\",\"afterFeature\",\"_\",\"suite\",\"$0\",\"ignoredWorkerServices\",\"wdi5\"]"}]}
RESULT: {"script":"<script> [2342 bytes]","args":[{"protocol":"http","hostname":"0.0.0.0","path":"/","capabilities":{"browserName":"chrome","goog:chromeOptions":{"binary":"C:\\Program Files\\Google\\Chrome\\Application\\chrome.exe","args":["--start-maximized"]}},"logLevel":"warn","connectionRetryTimeout":120000,"connectionRetryCount":3,"logLevels":{},"enableDirectConnect":true,"strictSSL":true,"_":"65 more keys: [\"cacheDir\",\"port\",\"requestedCapabilities\",\"automationProtocol\",\"baseUrl\",\"waitforInterval\",\"waitforTimeout\",\"onReload\",\"beforeCommand\",\"afterCommand\",\"rootDir\",\"specs\",\"suites\",\"exclude\",\"groupLogsByTestSpec\",\"excludeDriverLogs\",\"bail\",\"framework\",\"reporters\",\"services\",\"maxInstances\",\"maxInstancesPerCapability\",\"injectGlobals\",\"filesToWatch\",\"execArgv\",\"runnerEnv\",\"runner\",\"shard\",\"specFileRetries\",\"specFileRetriesDelay\",\"specFileRetriesDeferred\",\"reporterSyncInterval\",\"reporterSyncTimeout\",\"cucumberFeaturesWithLineNumbers\",\"autoCompileOpts\",\"mochaOpts\",\"jasmineOpts\",\"cucumberOpts\",\"onPrepare\",\"onWorkerStart\",\"onWorkerEnd\",\"before\",\"beforeSession\",\"beforeSuite\",\"beforeHook\",\"beforeTest\",\"afterTest\",\"afterHook\",\"afterSuite\",\"afterSession\",\"after\",\"onComplete\",\"beforeAssertion\",\"afterAssertion\",\"beforeFeature\",\"beforeScenario\",\"beforeStep\",\"afterStep\",\"afterScenario\",\"afterFeature\",\"_\",\"suite\",\"$0\",\"ignoredWorkerServices\",\"wdi5\"]"}]}
COMMAND: POST /session/bb2e7e08feb0a54f1655a5fd6971b62c/execute/async - {"script":"<script> [21126 bytes]","args":[35000]}
RESULT: {"script":"<script> [21126 bytes]","args":[35000]}
COMMAND: POST /session/bb2e7e08feb0a54f1655a5fd6971b62c/window/maximize - {}
RESULT: {}
COMMAND: POST /session/bb2e7e08feb0a54f1655a5fd6971b62c/execute/async - {"script":"<script> [1562 bytes]","args":[{"selector":{"id":"shell-header","interaction":{"idSuffix":"icon"}},"wdio_ui5_key":"shellheader"}]}
COMMAND: GET /session/bb2e7e08feb0a54f1655a5fd6971b62c/screenshot - {}
RESULT: {"script":"<script> [1562 bytes]","args":[{"selector":{"id":"shell-header","interaction":{"idSuffix":"icon"}},"wdio_ui5_key":"shellheader"}]}
RESULT: undefined
COMMAND: POST /session/bb2e7e08feb0a54f1655a5fd6971b62c/refresh - {}
RESULT: {}
RESULT: {}
COMMAND: GET /session/bb2e7e08feb0a54f1655a5fd6971b62c/screenshot - {}
RESULT: {}
COMMAND: POST /session/bb2e7e08feb0a54f1655a5fd6971b62c/refresh - {}
RESULT: {}
COMMAND: GET /session/bb2e7e08feb0a54f1655a5fd6971b62c/screenshot - {}
RESULT: {}
COMMAND: POST /session/bb2e7e08feb0a54f1655a5fd6971b62c/window/fullscreen - {}
RESULT: {}
COMMAND: POST /session/bb2e7e08feb0a54f1655a5fd6971b62c/execute/async - {"script":"<script> [189 bytes]","args":[]}
RESULT: {"script":"<script> [189 bytes]","args":[]}
COMMAND: POST /session/bb2e7e08feb0a54f1655a5fd6971b62c/execute/async - {"script":"<script> [123 bytes]","args":[]}
RESULT: {"script":"<script> [123 bytes]","args":[]}
COMMAND: POST /session/bb2e7e08feb0a54f1655a5fd6971b62c/timeouts - {"script":"<number>"}
RESULT: {"script":"<number>"}
COMMAND: GET /session/bb2e7e08feb0a54f1655a5fd6971b62c/timeouts - {}
RESULT: {}
RESULT: undefined
COMMAND: POST /session/bb2e7e08feb0a54f1655a5fd6971b62c/execute/async - {"script":"<script> [2676 bytes]","args":[]}
RESULT: {"script":"<script> [2676 bytes]","args":[]}
COMMAND: POST /session/bb2e7e08feb0a54f1655a5fd6971b62c/execute/async - {"script":"<script> [2342 bytes]","args":[{"protocol":"http","hostname":"0.0.0.0","path":"/","capabilities":{"browserName":"chrome","goog:chromeOptions":{"binary":"C:\\Program Files\\Google\\Chrome\\Application\\chrome.exe","args":["--start-maximized"]}},"logLevel":"warn","connectionRetryTimeout":120000,"connectionRetryCount":3,"logLevels":{},"enableDirectConnect":true,"strictSSL":true,"_":"65 more keys: [\"cacheDir\",\"port\",\"requestedCapabilities\",\"automationProtocol\",\"baseUrl\",\"waitforInterval\",\"waitforTimeout\",\"onReload\",\"beforeCommand\",\"afterCommand\",\"rootDir\",\"specs\",\"suites\",\"exclude\",\"groupLogsByTestSpec\",\"excludeDriverLogs\",\"bail\",\"framework\",\"reporters\",\"services\",\"maxInstances\",\"maxInstancesPerCapability\",\"injectGlobals\",\"filesToWatch\",\"execArgv\",\"runnerEnv\",\"runner\",\"shard\",\"specFileRetries\",\"specFileRetriesDelay\",\"specFileRetriesDeferred\",\"reporterSyncInterval\",\"reporterSyncTimeout\",\"cucumberFeaturesWithLineNumbers\",\"autoCompileOpts\",\"mochaOpts\",\"jasmineOpts\",\"cucumberOpts\",\"onPrepare\",\"onWorkerStart\",\"onWorkerEnd\",\"before\",\"beforeSession\",\"beforeSuite\",\"beforeHook\",\"beforeTest\",\"afterTest\",\"afterHook\",\"afterSuite\",\"afterSession\",\"after\",\"onComplete\",\"beforeAssertion\",\"afterAssertion\",\"beforeFeature\",\"beforeScenario\",\"beforeStep\",\"afterStep\",\"afterScenario\",\"afterFeature\",\"_\",\"suite\",\"$0\",\"ignoredWorkerServices\",\"wdi5\"]"}]}
RESULT: {"script":"<script> [2342 bytes]","args":[{"protocol":"http","hostname":"0.0.0.0","path":"/","capabilities":{"browserName":"chrome","goog:chromeOptions":{"binary":"C:\\Program Files\\Google\\Chrome\\Application\\chrome.exe","args":["--start-maximized"]}},"logLevel":"warn","connectionRetryTimeout":120000,"connectionRetryCount":3,"logLevels":{},"enableDirectConnect":true,"strictSSL":true,"_":"65 more keys: [\"cacheDir\",\"port\",\"requestedCapabilities\",\"automationProtocol\",\"baseUrl\",\"waitforInterval\",\"waitforTimeout\",\"onReload\",\"beforeCommand\",\"afterCommand\",\"rootDir\",\"specs\",\"suites\",\"exclude\",\"groupLogsByTestSpec\",\"excludeDriverLogs\",\"bail\",\"framework\",\"reporters\",\"services\",\"maxInstances\",\"maxInstancesPerCapability\",\"injectGlobals\",\"filesToWatch\",\"execArgv\",\"runnerEnv\",\"runner\",\"shard\",\"specFileRetries\",\"specFileRetriesDelay\",\"specFileRetriesDeferred\",\"reporterSyncInterval\",\"reporterSyncTimeout\",\"cucumberFeaturesWithLineNumbers\",\"autoCompileOpts\",\"mochaOpts\",\"jasmineOpts\",\"cucumberOpts\",\"onPrepare\",\"onWorkerStart\",\"onWorkerEnd\",\"before\",\"beforeSession\",\"beforeSuite\",\"beforeHook\",\"beforeTest\",\"afterTest\",\"afterHook\",\"afterSuite\",\"afterSession\",\"after\",\"onComplete\",\"beforeAssertion\",\"afterAssertion\",\"beforeFeature\",\"beforeScenario\",\"beforeStep\",\"afterStep\",\"afterScenario\",\"afterFeature\",\"_\",\"suite\",\"$0\",\"ignoredWorkerServices\",\"wdi5\"]"}]}
COMMAND: POST /session/bb2e7e08feb0a54f1655a5fd6971b62c/execute/async - {"script":"<script> [21126 bytes]","args":[35000]}
RESULT: {"script":"<script> [21126 bytes]","args":[35000]}
]]></system-out>
    </testcase>
  </testsuite>
  <testsuite timestamp="2025-05-04T17:12:57" time="440.36" tests="9" failures="7" errors="7" skipped="0">
    <properties>
      <property name="specId" value="0" />
      <property name="suiteName" value="US134625 Set up price condition - one time" />
      <property name="capabilities" value="chrome.135_0_7049_96.windows" />
      <property name="file" value="file:///D:/a/1/s/test/specs/BTS/set-up-price-condition-one-time.spec.js" />
    </properties>
    <testcase classname="chrome.135_0_7049_96.windows.US134625_Set_up_price_condition_-_one_time" name="Should create a new yard used for all following tests" time="0.013">
      <system-out><![CDATA[
COMMAND: POST /session/bb2e7e08feb0a54f1655a5fd6971b62c/window/fullscreen - {}
RESULT: {}
]]></system-out>
    </testcase>
    <testcase classname="chrome.135_0_7049_96.windows.US134625_Set_up_price_condition_-_one_time" name="Should create a new partner" time="0.005" />
  </testsuite>
</testsuites>