<?xml version="1.0" encoding="UTF-8"?>
<testsuites tests="21" failures="0" errors="0" skipped="0">
  <testsuite timestamp="2025-05-02T16:57:30" time="418.599" tests="3" failures="0" errors="0" skipped="0">
    <properties>
      <property name="specId" value="0" />
      <property name="suiteName" value="Create condition pricing US117289 US134625" />
      <property name="capabilities" value="chrome.135_0_7049_96.windows" />
      <property name="file" value="file:///D:/a/1/s/test/specs/BTS/create-condition-pricing.spec.js" />
    </properties>
    <testcase classname="chrome.135_0_7049_96.windows.Create_condition_pricing_US117289_US134625" name="Should create a new yard used for all following tests" time="140.52">
      <system-out><![CDATA[
COMMAND: POST /session/7b6bf687a76b2f82f8be10a20d274994/window/fullscreen - {}
RESULT: {}
COMMAND: POST /session/7b6bf687a76b2f82f8be10a20d274994/execute/async - {"script":"<script> [1562 bytes]","args":[{"selector":{"controlType":"sap.m.GenericTile","properties":{"header":"Manage Yards"}},"wdio_ui5_key":"sapm.GenericTile{\"header\":\"Manage Yards\"}"}]}
RESULT: {"script":"<script> [1562 bytes]","args":[{"selector":{"controlType":"sap.m.GenericTile","properties":{"header":"Manage Yards"}},"wdio_ui5_key":"sapm.GenericTile{\"header\":\"Manage Yards\"}"}]}
RESULT: undefined
COMMAND: POST /session/7b6bf687a76b2f82f8be10a20d274994/element - {"using":"xpath","value":"//*[@id=\"__tile41\"]"}
RESULT: {"using":"xpath","value":"//*[@id=\"__tile41\"]"}
COMMAND: POST /session/7b6bf687a76b2f82f8be10a20d274994/element/f.5952FD13A0E9015951015C7D643014E2.d.F79387094EC60EE9700A3FFB9D21CC59.e.156/click - {}
RESULT: {}
COMMAND: POST /session/7b6bf687a76b2f82f8be10a20d274994/element - {"using":"xpath","value":"//button[@data-kt=\"addNewYardOverflowToolbarButton\"]"}
COMMAND: GET /session/7b6bf687a76b2f82f8be10a20d274994/screenshot - {}
RESULT: {"using":"xpath","value":"//button[@data-kt=\"addNewYardOverflowToolbarButton\"]"}
COMMAND: POST /session/7b6bf687a76b2f82f8be10a20d274994/elements - {"using":"xpath","value":"//button[@data-kt=\"addNewYardOverflowToolbarButton\"]"}
RESULT: {}
RESULT: {"using":"xpath","value":"//button[@data-kt=\"addNewYardOverflowToolbarButton\"]"}
COMMAND: POST /session/7b6bf687a76b2f82f8be10a20d274994/elements - {"using":"xpath","value":"//button[@data-kt=\"addNewYardOverflowToolbarButton\"]"}
RESULT: {"using":"xpath","value":"//button[@data-kt=\"addNewYardOverflowToolbarButton\"]"}
COMMAND: POST /session/7b6bf687a76b2f82f8be10a20d274994/elements - {"using":"xpath","value":"//button[@data-kt=\"addNewYardOverflowToolbarButton\"]"}
RESULT: {"using":"xpath","value":"//button[@data-kt=\"addNewYardOverflowToolbarButton\"]"}
COMMAND: POST /session/7b6bf687a76b2f82f8be10a20d274994/elements - {"using":"xpath","value":"//button[@data-kt=\"addNewYardOverflowToolbarButton\"]"}
RESULT: {"using":"xpath","value":"//button[@data-kt=\"addNewYardOverflowToolbarButton\"]"}
COMMAND: POST /session/7b6bf687a76b2f82f8be10a20d274994/elements - {"using":"xpath","value":"//button[@data-kt=\"addNewYardOverflowToolbarButton\"]"}
RESULT: {"using":"xpath","value":"//button[@data-kt=\"addNewYardOverflowToolbarButton\"]"}
COMMAND: POST /session/7b6bf687a76b2f82f8be10a20d274994/elements - {"using":"xpath","value":"//button[@data-kt=\"addNewYardOverflowToolbarButton\"]"}
RESULT: {"using":"xpath","value":"//button[@data-kt=\"addNewYardOverflowToolbarButton\"]"}
COMMAND: POST /session/7b6bf687a76b2f82f8be10a20d274994/elements - {"using":"xpath","value":"//button[@data-kt=\"addNewYardOverflowToolbarButton\"]"}
RESULT: {"using":"xpath","value":"//button[@data-kt=\"addNewYardOverflowToolbarButton\"]"}
COMMAND: POST /session/7b6bf687a76b2f82f8be10a20d274994/elements - {"using":"xpath","value":"//button[@data-kt=\"addNewYardOverflowToolbarButton\"]"}
RESULT: {"using":"xpath","value":"//button[@data-kt=\"addNewYardOverflowToolbarButton\"]"}
COMMAND: POST /session/7b6bf687a76b2f82f8be10a20d274994/elements - {"using":"xpath","value":"//button[@data-kt=\"addNewYardOverflowToolbarButton\"]"}
RESULT: {"using":"xpath","value":"//button[@data-kt=\"addNewYardOverflowToolbarButton\"]"}
COMMAND: POST /session/7b6bf687a76b2f82f8be10a20d274994/elements - {"using":"xpath","value":"//button[@data-kt=\"addNewYardOverflowToolbarButton\"]"}
RESULT: {"using":"xpath","value":"//button[@data-kt=\"addNewYardOverflowToolbarButton\"]"}
COMMAND: POST /session/7b6bf687a76b2f82f8be10a20d274994/elements - {"using":"xpath","value":"//button[@data-kt=\"addNewYardOverflowToolbarButton\"]"}
RESULT: {"using":"xpath","value":"//button[@data-kt=\"addNewYardOverflowToolbarButton\"]"}
COMMAND: POST /session/7b6bf687a76b2f82f8be10a20d274994/elements - {"using":"xpath","value":"//button[@data-kt=\"addNewYardOverflowToolbarButton\"]"}
RESULT: {"using":"xpath","value":"//button[@data-kt=\"addNewYardOverflowToolbarButton\"]"}
COMMAND: POST /session/7b6bf687a76b2f82f8be10a20d274994/elements - {"using":"xpath","value":"//button[@data-kt=\"addNewYardOverflowToolbarButton\"]"}
RESULT: {"using":"xpath","value":"//button[@data-kt=\"addNewYardOverflowToolbarButton\"]"}
COMMAND: POST /session/7b6bf687a76b2f82f8be10a20d274994/elements - {"using":"xpath","value":"//button[@data-kt=\"addNewYardOverflowToolbarButton\"]"}
RESULT: {"using":"xpath","value":"//button[@data-kt=\"addNewYardOverflowToolbarButton\"]"}
COMMAND: POST /session/7b6bf687a76b2f82f8be10a20d274994/elements - {"using":"xpath","value":"//button[@data-kt=\"addNewYardOverflowToolbarButton\"]"}
RESULT: {"using":"xpath","value":"//button[@data-kt=\"addNewYardOverflowToolbarButton\"]"}
COMMAND: POST /session/7b6bf687a76b2f82f8be10a20d274994/elements - {"using":"xpath","value":"//button[@data-kt=\"addNewYardOverflowToolbarButton\"]"}
RESULT: {"using":"xpath","value":"//button[@data-kt=\"addNewYardOverflowToolbarButton\"]"}
COMMAND: POST /session/7b6bf687a76b2f82f8be10a20d274994/elements - {"using":"xpath","value":"//button[@data-kt=\"addNewYardOverflowToolbarButton\"]"}
RESULT: {"using":"xpath","value":"//button[@data-kt=\"addNewYardOverflowToolbarButton\"]"}
COMMAND: POST /session/7b6bf687a76b2f82f8be10a20d274994/elements - {"using":"xpath","value":"//button[@data-kt=\"addNewYardOverflowToolbarButton\"]"}
RESULT: {"using":"xpath","value":"//button[@data-kt=\"addNewYardOverflowToolbarButton\"]"}
COMMAND: POST /session/7b6bf687a76b2f82f8be10a20d274994/elements - {"using":"xpath","value":"//button[@data-kt=\"addNewYardOverflowToolbarButton\"]"}
RESULT: {"using":"xpath","value":"//button[@data-kt=\"addNewYardOverflowToolbarButton\"]"}
COMMAND: POST /session/7b6bf687a76b2f82f8be10a20d274994/elements - {"using":"xpath","value":"//button[@data-kt=\"addNewYardOverflowToolbarButton\"]"}
RESULT: {"using":"xpath","value":"//button[@data-kt=\"addNewYardOverflowToolbarButton\"]"}
COMMAND: POST /session/7b6bf687a76b2f82f8be10a20d274994/elements - {"using":"xpath","value":"//button[@data-kt=\"addNewYardOverflowToolbarButton\"]"}
RESULT: {"using":"xpath","value":"//button[@data-kt=\"addNewYardOverflowToolbarButton\"]"}
COMMAND: POST /session/7b6bf687a76b2f82f8be10a20d274994/elements - {"using":"xpath","value":"//button[@data-kt=\"addNewYardOverflowToolbarButton\"]"}
RESULT: {"using":"xpath","value":"//button[@data-kt=\"addNewYardOverflowToolbarButton\"]"}
COMMAND: POST /session/7b6bf687a76b2f82f8be10a20d274994/elements - {"using":"xpath","value":"//button[@data-kt=\"addNewYardOverflowToolbarButton\"]"}
RESULT: {"using":"xpath","value":"//button[@data-kt=\"addNewYardOverflowToolbarButton\"]"}
COMMAND: POST /session/7b6bf687a76b2f82f8be10a20d274994/elements - {"using":"xpath","value":"//button[@data-kt=\"addNewYardOverflowToolbarButton\"]"}
RESULT: {"using":"xpath","value":"//button[@data-kt=\"addNewYardOverflowToolbarButton\"]"}
COMMAND: POST /session/7b6bf687a76b2f82f8be10a20d274994/elements - {"using":"xpath","value":"//button[@data-kt=\"addNewYardOverflowToolbarButton\"]"}
RESULT: {"using":"xpath","value":"//button[@data-kt=\"addNewYardOverflowToolbarButton\"]"}
COMMAND: POST /session/7b6bf687a76b2f82f8be10a20d274994/elements - {"using":"xpath","value":"//button[@data-kt=\"addNewYardOverflowToolbarButton\"]"}
RESULT: {"using":"xpath","value":"//button[@data-kt=\"addNewYardOverflowToolbarButton\"]"}
COMMAND: POST /session/7b6bf687a76b2f82f8be10a20d274994/elements - {"using":"xpath","value":"//button[@data-kt=\"addNewYardOverflowToolbarButton\"]"}
RESULT: {"using":"xpath","value":"//button[@data-kt=\"addNewYardOverflowToolbarButton\"]"}
COMMAND: POST /session/7b6bf687a76b2f82f8be10a20d274994/elements - {"using":"xpath","value":"//button[@data-kt=\"addNewYardOverflowToolbarButton\"]"}
RESULT: {"using":"xpath","value":"//button[@data-kt=\"addNewYardOverflowToolbarButton\"]"}
COMMAND: POST /session/7b6bf687a76b2f82f8be10a20d274994/elements - {"using":"xpath","value":"//button[@data-kt=\"addNewYardOverflowToolbarButton\"]"}
RESULT: {"using":"xpath","value":"//button[@data-kt=\"addNewYardOverflowToolbarButton\"]"}
COMMAND: POST /session/7b6bf687a76b2f82f8be10a20d274994/elements - {"using":"xpath","value":"//button[@data-kt=\"addNewYardOverflowToolbarButton\"]"}
RESULT: {"using":"xpath","value":"//button[@data-kt=\"addNewYardOverflowToolbarButton\"]"}
COMMAND: POST /session/7b6bf687a76b2f82f8be10a20d274994/elements - {"using":"xpath","value":"//button[@data-kt=\"addNewYardOverflowToolbarButton\"]"}
RESULT: {"using":"xpath","value":"//button[@data-kt=\"addNewYardOverflowToolbarButton\"]"}
COMMAND: POST /session/7b6bf687a76b2f82f8be10a20d274994/elements - {"using":"xpath","value":"//button[@data-kt=\"addNewYardOverflowToolbarButton\"]"}
RESULT: {"using":"xpath","value":"//button[@data-kt=\"addNewYardOverflowToolbarButton\"]"}
COMMAND: POST /session/7b6bf687a76b2f82f8be10a20d274994/elements - {"using":"xpath","value":"//button[@data-kt=\"addNewYardOverflowToolbarButton\"]"}
RESULT: {"using":"xpath","value":"//button[@data-kt=\"addNewYardOverflowToolbarButton\"]"}
COMMAND: POST /session/7b6bf687a76b2f82f8be10a20d274994/elements - {"using":"xpath","value":"//button[@data-kt=\"addNewYardOverflowToolbarButton\"]"}
RESULT: {"using":"xpath","value":"//button[@data-kt=\"addNewYardOverflowToolbarButton\"]"}
COMMAND: POST /session/7b6bf687a76b2f82f8be10a20d274994/elements - {"using":"xpath","value":"//button[@data-kt=\"addNewYardOverflowToolbarButton\"]"}
RESULT: {"using":"xpath","value":"//button[@data-kt=\"addNewYardOverflowToolbarButton\"]"}
COMMAND: POST /session/7b6bf687a76b2f82f8be10a20d274994/elements - {"using":"xpath","value":"//button[@data-kt=\"addNewYardOverflowToolbarButton\"]"}
RESULT: {"using":"xpath","value":"//button[@data-kt=\"addNewYardOverflowToolbarButton\"]"}
COMMAND: POST /session/7b6bf687a76b2f82f8be10a20d274994/elements - {"using":"xpath","value":"//button[@data-kt=\"addNewYardOverflowToolbarButton\"]"}
RESULT: {"using":"xpath","value":"//button[@data-kt=\"addNewYardOverflowToolbarButton\"]"}
COMMAND: POST /session/7b6bf687a76b2f82f8be10a20d274994/elements - {"using":"xpath","value":"//button[@data-kt=\"addNewYardOverflowToolbarButton\"]"}
RESULT: {"using":"xpath","value":"//button[@data-kt=\"addNewYardOverflowToolbarButton\"]"}
COMMAND: POST /session/7b6bf687a76b2f82f8be10a20d274994/elements - {"using":"xpath","value":"//button[@data-kt=\"addNewYardOverflowToolbarButton\"]"}
RESULT: {"using":"xpath","value":"//button[@data-kt=\"addNewYardOverflowToolbarButton\"]"}
COMMAND: POST /session/7b6bf687a76b2f82f8be10a20d274994/elements - {"using":"xpath","value":"//button[@data-kt=\"addNewYardOverflowToolbarButton\"]"}
RESULT: {"using":"xpath","value":"//button[@data-kt=\"addNewYardOverflowToolbarButton\"]"}
COMMAND: POST /session/7b6bf687a76b2f82f8be10a20d274994/elements - {"using":"xpath","value":"//button[@data-kt=\"addNewYardOverflowToolbarButton\"]"}
RESULT: {"using":"xpath","value":"//button[@data-kt=\"addNewYardOverflowToolbarButton\"]"}
COMMAND: POST /session/7b6bf687a76b2f82f8be10a20d274994/elements - {"using":"xpath","value":"//button[@data-kt=\"addNewYardOverflowToolbarButton\"]"}
RESULT: {"using":"xpath","value":"//button[@data-kt=\"addNewYardOverflowToolbarButton\"]"}
COMMAND: POST /session/7b6bf687a76b2f82f8be10a20d274994/elements - {"using":"xpath","value":"//button[@data-kt=\"addNewYardOverflowToolbarButton\"]"}
RESULT: {"using":"xpath","value":"//button[@data-kt=\"addNewYardOverflowToolbarButton\"]"}
COMMAND: POST /session/7b6bf687a76b2f82f8be10a20d274994/elements - {"using":"xpath","value":"//button[@data-kt=\"addNewYardOverflowToolbarButton\"]"}
RESULT: {"using":"xpath","value":"//button[@data-kt=\"addNewYardOverflowToolbarButton\"]"}
COMMAND: POST /session/7b6bf687a76b2f82f8be10a20d274994/elements - {"using":"xpath","value":"//button[@data-kt=\"addNewYardOverflowToolbarButton\"]"}
RESULT: {"using":"xpath","value":"//button[@data-kt=\"addNewYardOverflowToolbarButton\"]"}
COMMAND: POST /session/7b6bf687a76b2f82f8be10a20d274994/elements - {"using":"xpath","value":"//button[@data-kt=\"addNewYardOverflowToolbarButton\"]"}
RESULT: {"using":"xpath","value":"//button[@data-kt=\"addNewYardOverflowToolbarButton\"]"}
COMMAND: POST /session/7b6bf687a76b2f82f8be10a20d274994/elements - {"using":"xpath","value":"//button[@data-kt=\"addNewYardOverflowToolbarButton\"]"}
RESULT: {"using":"xpath","value":"//button[@data-kt=\"addNewYardOverflowToolbarButton\"]"}
COMMAND: POST /session/7b6bf687a76b2f82f8be10a20d274994/elements - {"using":"xpath","value":"//button[@data-kt=\"addNewYardOverflowToolbarButton\"]"}
RESULT: {"using":"xpath","value":"//button[@data-kt=\"addNewYardOverflowToolbarButton\"]"}
COMMAND: POST /session/7b6bf687a76b2f82f8be10a20d274994/elements - {"using":"xpath","value":"//button[@data-kt=\"addNewYardOverflowToolbarButton\"]"}
RESULT: {"using":"xpath","value":"//button[@data-kt=\"addNewYardOverflowToolbarButton\"]"}
COMMAND: POST /session/7b6bf687a76b2f82f8be10a20d274994/elements - {"using":"xpath","value":"//button[@data-kt=\"addNewYardOverflowToolbarButton\"]"}
RESULT: {"using":"xpath","value":"//button[@data-kt=\"addNewYardOverflowToolbarButton\"]"}
COMMAND: POST /session/7b6bf687a76b2f82f8be10a20d274994/elements - {"using":"xpath","value":"//button[@data-kt=\"addNewYardOverflowToolbarButton\"]"}
RESULT: {"using":"xpath","value":"//button[@data-kt=\"addNewYardOverflowToolbarButton\"]"}
COMMAND: POST /session/7b6bf687a76b2f82f8be10a20d274994/elements - {"using":"xpath","value":"//button[@data-kt=\"addNewYardOverflowToolbarButton\"]"}
RESULT: {"using":"xpath","value":"//button[@data-kt=\"addNewYardOverflowToolbarButton\"]"}
COMMAND: POST /session/7b6bf687a76b2f82f8be10a20d274994/elements - {"using":"xpath","value":"//button[@data-kt=\"addNewYardOverflowToolbarButton\"]"}
RESULT: {"using":"xpath","value":"//button[@data-kt=\"addNewYardOverflowToolbarButton\"]"}
COMMAND: POST /session/7b6bf687a76b2f82f8be10a20d274994/elements - {"using":"xpath","value":"//button[@data-kt=\"addNewYardOverflowToolbarButton\"]"}
RESULT: {"using":"xpath","value":"//button[@data-kt=\"addNewYardOverflowToolbarButton\"]"}
COMMAND: POST /session/7b6bf687a76b2f82f8be10a20d274994/elements - {"using":"xpath","value":"//button[@data-kt=\"addNewYardOverflowToolbarButton\"]"}
RESULT: {"using":"xpath","value":"//button[@data-kt=\"addNewYardOverflowToolbarButton\"]"}
COMMAND: POST /session/7b6bf687a76b2f82f8be10a20d274994/elements - {"using":"xpath","value":"//button[@data-kt=\"addNewYardOverflowToolbarButton\"]"}
RESULT: {"using":"xpath","value":"//button[@data-kt=\"addNewYardOverflowToolbarButton\"]"}
COMMAND: POST /session/7b6bf687a76b2f82f8be10a20d274994/elements - {"using":"xpath","value":"//button[@data-kt=\"addNewYardOverflowToolbarButton\"]"}
RESULT: {"using":"xpath","value":"//button[@data-kt=\"addNewYardOverflowToolbarButton\"]"}
COMMAND: POST /session/7b6bf687a76b2f82f8be10a20d274994/elements - {"using":"xpath","value":"//button[@data-kt=\"addNewYardOverflowToolbarButton\"]"}
RESULT: {"using":"xpath","value":"//button[@data-kt=\"addNewYardOverflowToolbarButton\"]"}
COMMAND: POST /session/7b6bf687a76b2f82f8be10a20d274994/element - {"using":"xpath","value":"//button[@data-kt=\"addNewYardOverflowToolbarButton\"]"}
RESULT: {"using":"xpath","value":"//button[@data-kt=\"addNewYardOverflowToolbarButton\"]"}
COMMAND: POST /session/7b6bf687a76b2f82f8be10a20d274994/execute/sync - {"script":"<script> [8489 bytes]","args":[{"element-6066-11e4-a52e-4f735466cecf":"f.5952FD13A0E9015951015C7D643014E2.d.F79387094EC60EE9700A3FFB9D21CC59.e.291","ELEMENT":"f.5952FD13A0E9015951015C7D643014E2.d.F79387094EC60EE9700A3FFB9D21CC59.e.291"}]}
RESULT: {"script":"<script> [8489 bytes]","args":[{"element-6066-11e4-a52e-4f735466cecf":"f.5952FD13A0E9015951015C7D643014E2.d.F79387094EC60EE9700A3FFB9D21CC59.e.291","ELEMENT":"f.5952FD13A0E9015951015C7D643014E2.d.F79387094EC60EE9700A3FFB9D21CC59.e.291"}]}
COMMAND: GET /session/7b6bf687a76b2f82f8be10a20d274994/element/f.5952FD13A0E9015951015C7D643014E2.d.F79387094EC60EE9700A3FFB9D21CC59.e.291/enabled - {}
COMMAND: GET /session/7b6bf687a76b2f82f8be10a20d274994/screenshot - {}
RESULT: {}
COMMAND: POST /session/7b6bf687a76b2f82f8be10a20d274994/execute/sync - {"script":"<script> [8489 bytes]","args":[{"element-6066-11e4-a52e-4f735466cecf":"f.5952FD13A0E9015951015C7D643014E2.d.F79387094EC60EE9700A3FFB9D21CC59.e.291","ELEMENT":"f.5952FD13A0E9015951015C7D643014E2.d.F79387094EC60EE9700A3FFB9D21CC59.e.291"}]}
COMMAND: GET /session/7b6bf687a76b2f82f8be10a20d274994/screenshot - {}
RESULT: {}
RESULT: {"script":"<script> [8489 bytes]","args":[{"element-6066-11e4-a52e-4f735466cecf":"f.5952FD13A0E9015951015C7D643014E2.d.F79387094EC60EE9700A3FFB9D21CC59.e.291","ELEMENT":"f.5952FD13A0E9015951015C7D643014E2.d.F79387094EC60EE9700A3FFB9D21CC59.e.291"}]}
COMMAND: POST /session/7b6bf687a76b2f82f8be10a20d274994/execute/sync - {"script":"<script> [5351 bytes]","args":[{"element-6066-11e4-a52e-4f735466cecf":"f.5952FD13A0E9015951015C7D643014E2.d.F79387094EC60EE9700A3FFB9D21CC59.e.291","ELEMENT":"f.5952FD13A0E9015951015C7D643014E2.d.F79387094EC60EE9700A3FFB9D21CC59.e.291"}]}
COMMAND: GET /session/7b6bf687a76b2f82f8be10a20d274994/screenshot - {}
RESULT: {}
RESULT: {"script":"<script> [5351 bytes]","args":[{"element-6066-11e4-a52e-4f735466cecf":"f.5952FD13A0E9015951015C7D643014E2.d.F79387094EC60EE9700A3FFB9D21CC59.e.291","ELEMENT":"f.5952FD13A0E9015951015C7D643014E2.d.F79387094EC60EE9700A3FFB9D21CC59.e.291"}]}
COMMAND: POST /session/7b6bf687a76b2f82f8be10a20d274994/element/f.5952FD13A0E9015951015C7D643014E2.d.F79387094EC60EE9700A3FFB9D21CC59.e.291/click - {}
COMMAND: GET /session/7b6bf687a76b2f82f8be10a20d274994/screenshot - {}
RESULT: {}
RESULT: {}
COMMAND: GET /session/7b6bf687a76b2f82f8be10a20d274994/screenshot - {}
RESULT: {}
RESULT: {}
COMMAND: POST /session/7b6bf687a76b2f82f8be10a20d274994/element - {"using":"xpath","value":"//input[@id=\"application-manageyards-display-component---NewYard--yardId-inner\"]"}
RESULT: {"using":"xpath","value":"//input[@id=\"application-manageyards-display-component---NewYard--yardId-inner\"]"}
COMMAND: POST /session/7b6bf687a76b2f82f8be10a20d274994/element - {"using":"xpath","value":"//input[@id=\"application-manageyards-display-component---NewYard--yardId-inner\"]"}
RESULT: {"using":"xpath","value":"//input[@id=\"application-manageyards-display-component---NewYard--yardId-inner\"]"}
COMMAND: POST /session/7b6bf687a76b2f82f8be10a20d274994/execute/async - {"script":"<script> [1562 bytes]","args":[{"selector":{"id":"application-manageyards-display-component---NewYard--addressDetailDetailsName1","interaction":{"idSuffix":"inner"}},"wdio_ui5_key":"applicationmanageyards-display-component---NewYard--addressDetailDetailsName1"}]}
RESULT: {"script":"<script> [1562 bytes]","args":[{"selector":{"id":"application-manageyards-display-component---NewYard--addressDetailDetailsName1","interaction":{"idSuffix":"inner"}},"wdio_ui5_key":"applicationmanageyards-display-component---NewYard--addressDetailDetailsName1"}]}
RESULT: undefined
COMMAND: POST /session/7b6bf687a76b2f82f8be10a20d274994/execute/async - {"script":"<script> [776 bytes]","args":[{"enterText":"DailyPrice WDIO","selector":{"id":"application-manageyards-display-component---NewYard--addressDetailDetailsName1","interaction":{"idSuffix":"inner"}},"clearTextFirst":true,"interactionType":"ENTER_TEXT"}]}
RESULT: {"script":"<script> [776 bytes]","args":[{"enterText":"DailyPrice WDIO","selector":{"id":"application-manageyards-display-component---NewYard--addressDetailDetailsName1","interaction":{"idSuffix":"inner"}},"clearTextFirst":true,"interactionType":"ENTER_TEXT"}]}
COMMAND: POST /session/7b6bf687a76b2f82f8be10a20d274994/execute/async - {"script":"<script> [1562 bytes]","args":[{"selector":{"id":"application-manageyards-display-component---NewYard--addressDetailDetailsLanguage-arrow"},"wdio_ui5_key":"applicationmanageyards-display-component---NewYard--addressDetailDetailsLanguage-arrow"}]}
RESULT: {"script":"<script> [1562 bytes]","args":[{"selector":{"id":"application-manageyards-display-component---NewYard--addressDetailDetailsLanguage-arrow"},"wdio_ui5_key":"applicationmanageyards-display-component---NewYard--addressDetailDetailsLanguage-arrow"}]}
RESULT: undefined
COMMAND: POST /session/7b6bf687a76b2f82f8be10a20d274994/element - {"using":"xpath","value":"//*[@id=\"application-manageyards-display-component---NewYard--addressDetailDetailsLanguage-arrow\"]"}
RESULT: {"using":"xpath","value":"//*[@id=\"application-manageyards-display-component---NewYard--addressDetailDetailsLanguage-arrow\"]"}
COMMAND: POST /session/7b6bf687a76b2f82f8be10a20d274994/element/f.5952FD13A0E9015951015C7D643014E2.d.F79387094EC60EE9700A3FFB9D21CC59.e.728/click - {}
RESULT: {}
COMMAND: POST /session/7b6bf687a76b2f82f8be10a20d274994/element - {"using":"xpath","value":"//span[contains(text(), \"English\")]"}
COMMAND: GET /session/7b6bf687a76b2f82f8be10a20d274994/screenshot - {}
RESULT: {"using":"xpath","value":"//span[contains(text(), \"English\")]"}
COMMAND: POST /session/7b6bf687a76b2f82f8be10a20d274994/element/f.5952FD13A0E9015951015C7D643014E2.d.F79387094EC60EE9700A3FFB9D21CC59.e.729/click - {}
RESULT: {}
RESULT: {}
COMMAND: POST /session/7b6bf687a76b2f82f8be10a20d274994/execute/async - {"script":"<script> [1562 bytes]","args":[{"selector":{"id":"application-manageyards-display-component---NewYard--addressDetailDetailsCity1","interaction":{"idSuffix":"inner"}},"wdio_ui5_key":"applicationmanageyards-display-component---NewYard--addressDetailDetailsCity1"}]}
COMMAND: GET /session/7b6bf687a76b2f82f8be10a20d274994/screenshot - {}
RESULT: {"script":"<script> [1562 bytes]","args":[{"selector":{"id":"application-manageyards-display-component---NewYard--addressDetailDetailsCity1","interaction":{"idSuffix":"inner"}},"wdio_ui5_key":"applicationmanageyards-display-component---NewYard--addressDetailDetailsCity1"}]}
RESULT: undefined
COMMAND: POST /session/7b6bf687a76b2f82f8be10a20d274994/execute/async - {"script":"<script> [776 bytes]","args":[{"enterText":"Rosario","selector":{"id":"application-manageyards-display-component---NewYard--addressDetailDetailsCity1","interaction":{"idSuffix":"inner"}},"clearTextFirst":true,"interactionType":"ENTER_TEXT"}]}
RESULT: {}
RESULT: {"script":"<script> [776 bytes]","args":[{"enterText":"Rosario","selector":{"id":"application-manageyards-display-component---NewYard--addressDetailDetailsCity1","interaction":{"idSuffix":"inner"}},"clearTextFirst":true,"interactionType":"ENTER_TEXT"}]}
COMMAND: POST /session/7b6bf687a76b2f82f8be10a20d274994/execute/async - {"script":"<script> [1562 bytes]","args":[{"selector":{"id":"application-manageyards-display-component---NewYard--addressDetailDetailsCountry-arrow"},"wdio_ui5_key":"applicationmanageyards-display-component---NewYard--addressDetailDetailsCountry-arrow"}]}
RESULT: {"script":"<script> [1562 bytes]","args":[{"selector":{"id":"application-manageyards-display-component---NewYard--addressDetailDetailsCountry-arrow"},"wdio_ui5_key":"applicationmanageyards-display-component---NewYard--addressDetailDetailsCountry-arrow"}]}
RESULT: undefined
COMMAND: POST /session/7b6bf687a76b2f82f8be10a20d274994/element - {"using":"xpath","value":"//*[@id=\"application-manageyards-display-component---NewYard--addressDetailDetailsCountry-arrow\"]"}
RESULT: {"using":"xpath","value":"//*[@id=\"application-manageyards-display-component---NewYard--addressDetailDetailsCountry-arrow\"]"}
COMMAND: POST /session/7b6bf687a76b2f82f8be10a20d274994/element/f.5952FD13A0E9015951015C7D643014E2.d.F79387094EC60EE9700A3FFB9D21CC59.e.731/click - {}
RESULT: {}
COMMAND: POST /session/7b6bf687a76b2f82f8be10a20d274994/element - {"using":"xpath","value":"//span[contains(text(), \"Argentina\")]"}
COMMAND: GET /session/7b6bf687a76b2f82f8be10a20d274994/screenshot - {}
RESULT: {"using":"xpath","value":"//span[contains(text(), \"Argentina\")]"}
COMMAND: POST /session/7b6bf687a76b2f82f8be10a20d274994/element/f.5952FD13A0E9015951015C7D643014E2.d.F79387094EC60EE9700A3FFB9D21CC59.e.733/click - {}
RESULT: {}
RESULT: {}
COMMAND: POST /session/7b6bf687a76b2f82f8be10a20d274994/execute/async - {"script":"<script> [1562 bytes]","args":[{"selector":{"id":"application-manageyards-display-component---NewYard--addressEditDetailsCostObjectCstType-arrow"},"wdio_ui5_key":"applicationmanageyards-display-component---NewYard--addressEditDetailsCostObjectCstType-arrow"}]}
COMMAND: GET /session/7b6bf687a76b2f82f8be10a20d274994/screenshot - {}
RESULT: {"script":"<script> [1562 bytes]","args":[{"selector":{"id":"application-manageyards-display-component---NewYard--addressEditDetailsCostObjectCstType-arrow"},"wdio_ui5_key":"applicationmanageyards-display-component---NewYard--addressEditDetailsCostObjectCstType-arrow"}]}
RESULT: undefined
COMMAND: POST /session/7b6bf687a76b2f82f8be10a20d274994/element - {"using":"xpath","value":"//*[@id=\"application-manageyards-display-component---NewYard--addressEditDetailsCostObjectCstType-arrow\"]"}
RESULT: {}
RESULT: {"using":"xpath","value":"//*[@id=\"application-manageyards-display-component---NewYard--addressEditDetailsCostObjectCstType-arrow\"]"}
COMMAND: POST /session/7b6bf687a76b2f82f8be10a20d274994/element/f.5952FD13A0E9015951015C7D643014E2.d.F79387094EC60EE9700A3FFB9D21CC59.e.734/click - {}
RESULT: {}
COMMAND: POST /session/7b6bf687a76b2f82f8be10a20d274994/element - {"using":"xpath","value":"//span[contains(text(), \"Cost Center\")]"}
COMMAND: GET /session/7b6bf687a76b2f82f8be10a20d274994/screenshot - {}
RESULT: {"using":"xpath","value":"//span[contains(text(), \"Cost Center\")]"}
COMMAND: POST /session/7b6bf687a76b2f82f8be10a20d274994/element/f.5952FD13A0E9015951015C7D643014E2.d.F79387094EC60EE9700A3FFB9D21CC59.e.735/click - {}
RESULT: {}
RESULT: {}
COMMAND: GET /session/7b6bf687a76b2f82f8be10a20d274994/screenshot - {}
RESULT: {}
COMMAND: POST /session/7b6bf687a76b2f82f8be10a20d274994/element - {"using":"xpath","value":"//span[@id=\"application-manageyards-display-component---NewYard--addressNewCostObjectCstID-vhi\"]"}
RESULT: {"using":"xpath","value":"//span[@id=\"application-manageyards-display-component---NewYard--addressNewCostObjectCstID-vhi\"]"}
COMMAND: POST /session/7b6bf687a76b2f82f8be10a20d274994/execute/sync - {"script":"<script> [8489 bytes]","args":[{"element-6066-11e4-a52e-4f735466cecf":"f.5952FD13A0E9015951015C7D643014E2.d.F79387094EC60EE9700A3FFB9D21CC59.e.739","ELEMENT":"f.5952FD13A0E9015951015C7D643014E2.d.F79387094EC60EE9700A3FFB9D21CC59.e.739"}]}
RESULT: {"script":"<script> [8489 bytes]","args":[{"element-6066-11e4-a52e-4f735466cecf":"f.5952FD13A0E9015951015C7D643014E2.d.F79387094EC60EE9700A3FFB9D21CC59.e.739","ELEMENT":"f.5952FD13A0E9015951015C7D643014E2.d.F79387094EC60EE9700A3FFB9D21CC59.e.739"}]}
COMMAND: POST /session/7b6bf687a76b2f82f8be10a20d274994/execute/async - {"script":"<script> [1562 bytes]","args":[{"selector":{"id":"application-manageyards-display-component---NewYard--addressNewCostObjectCstID-vhi"},"wdio_ui5_key":"applicationmanageyards-display-component---NewYard--addressNewCostObjectCstID-vhi"}]}
COMMAND: GET /session/7b6bf687a76b2f82f8be10a20d274994/screenshot - {}
RESULT: {"script":"<script> [1562 bytes]","args":[{"selector":{"id":"application-manageyards-display-component---NewYard--addressNewCostObjectCstID-vhi"},"wdio_ui5_key":"applicationmanageyards-display-component---NewYard--addressNewCostObjectCstID-vhi"}]}
RESULT: undefined
COMMAND: POST /session/7b6bf687a76b2f82f8be10a20d274994/element - {"using":"xpath","value":"//*[@id=\"application-manageyards-display-component---NewYard--addressNewCostObjectCstID-vhi\"]"}
RESULT: {}
RESULT: {"using":"xpath","value":"//*[@id=\"application-manageyards-display-component---NewYard--addressNewCostObjectCstID-vhi\"]"}
COMMAND: POST /session/7b6bf687a76b2f82f8be10a20d274994/element/f.5952FD13A0E9015951015C7D643014E2.d.F79387094EC60EE9700A3FFB9D21CC59.e.739/click - {}
RESULT: {}
COMMAND: GET /session/7b6bf687a76b2f82f8be10a20d274994/screenshot - {}
RESULT: {}
COMMAND: POST /session/7b6bf687a76b2f82f8be10a20d274994/execute/async - {"script":"<script> [1562 bytes]","args":[{"selector":{"controlType":"sap.m.SearchField","properties":{"placeholder":"Search"},"searchOpenDialogs":true,"interaction":{"idSuffix":"I"}},"wdio_ui5_key":"sapm.SearchField{\"placeholder\":\"Search\"}"}]}
RESULT: {"script":"<script> [1562 bytes]","args":[{"selector":{"controlType":"sap.m.SearchField","properties":{"placeholder":"Search"},"searchOpenDialogs":true,"interaction":{"idSuffix":"I"}},"wdio_ui5_key":"sapm.SearchField{\"placeholder\":\"Search\"}"}]}
RESULT: undefined
COMMAND: POST /session/7b6bf687a76b2f82f8be10a20d274994/execute/async - {"script":"<script> [776 bytes]","args":[{"enterText":"10001013","selector":{"controlType":"sap.m.SearchField","properties":{"placeholder":"Search"},"searchOpenDialogs":true,"interaction":{"idSuffix":"I"}},"clearTextFirst":true,"interactionType":"ENTER_TEXT"}]}
RESULT: {"script":"<script> [776 bytes]","args":[{"enterText":"10001013","selector":{"controlType":"sap.m.SearchField","properties":{"placeholder":"Search"},"searchOpenDialogs":true,"interaction":{"idSuffix":"I"}},"clearTextFirst":true,"interactionType":"ENTER_TEXT"}]}
COMMAND: POST /session/7b6bf687a76b2f82f8be10a20d274994/actions - {"actions":[{"id":"action1","type":"key","parameters":{},"actions":[{"type":"keyDown","value":"î€‡"},{"type":"pause","duration":10},{"type":"keyUp","value":"î€‡"}]}]}
RESULT: {"actions":[{"id":"action1","type":"key","parameters":{},"actions":[{"type":"keyDown","value":"î€‡"},{"type":"pause","duration":10},{"type":"keyUp","value":"î€‡"}]}]}
COMMAND: GET /session/7b6bf687a76b2f82f8be10a20d274994/screenshot - {}
RESULT: {}
COMMAND: POST /session/7b6bf687a76b2f82f8be10a20d274994/element - {"using":"xpath","value":"//span[contains(text(), \"General Management\")]"}
RESULT: {"using":"xpath","value":"//span[contains(text(), \"General Management\")]"}
COMMAND: POST /session/7b6bf687a76b2f82f8be10a20d274994/element/f.5952FD13A0E9015951015C7D643014E2.d.F79387094EC60EE9700A3FFB9D21CC59.e.781/click - {}
RESULT: {}
COMMAND: GET /session/7b6bf687a76b2f82f8be10a20d274994/screenshot - {}
RESULT: {}
COMMAND: POST /session/7b6bf687a76b2f82f8be10a20d274994/element - {"using":"xpath","value":"//bdi[contains(text(), \"OK\")]"}
RESULT: {"using":"xpath","value":"//bdi[contains(text(), \"OK\")]"}
COMMAND: POST /session/7b6bf687a76b2f82f8be10a20d274994/element/f.5952FD13A0E9015951015C7D643014E2.d.F79387094EC60EE9700A3FFB9D21CC59.e.782/click - {}
RESULT: {}
COMMAND: GET /session/7b6bf687a76b2f82f8be10a20d274994/screenshot - {}
RESULT: {}
COMMAND: POST /session/7b6bf687a76b2f82f8be10a20d274994/execute/async - {"script":"<script> [1562 bytes]","args":[{"selector":{"id":"application-manageyards-display-component---NewYard--addressEditDetailsCurrency-arrow"},"wdio_ui5_key":"applicationmanageyards-display-component---NewYard--addressEditDetailsCurrency-arrow"}]}
RESULT: {"script":"<script> [1562 bytes]","args":[{"selector":{"id":"application-manageyards-display-component---NewYard--addressEditDetailsCurrency-arrow"},"wdio_ui5_key":"applicationmanageyards-display-component---NewYard--addressEditDetailsCurrency-arrow"}]}
RESULT: undefined
COMMAND: POST /session/7b6bf687a76b2f82f8be10a20d274994/element - {"using":"xpath","value":"//*[@id=\"application-manageyards-display-component---NewYard--addressEditDetailsCurrency-arrow\"]"}
RESULT: {"using":"xpath","value":"//*[@id=\"application-manageyards-display-component---NewYard--addressEditDetailsCurrency-arrow\"]"}
COMMAND: POST /session/7b6bf687a76b2f82f8be10a20d274994/element/f.5952FD13A0E9015951015C7D643014E2.d.F79387094EC60EE9700A3FFB9D21CC59.e.785/click - {}
RESULT: {}
COMMAND: POST /session/7b6bf687a76b2f82f8be10a20d274994/element - {"using":"xpath","value":"//span[contains(text(), \"Euro\")]"}
COMMAND: GET /session/7b6bf687a76b2f82f8be10a20d274994/screenshot - {}
RESULT: {"using":"xpath","value":"//span[contains(text(), \"Euro\")]"}
COMMAND: POST /session/7b6bf687a76b2f82f8be10a20d274994/element/f.5952FD13A0E9015951015C7D643014E2.d.F79387094EC60EE9700A3FFB9D21CC59.e.786/click - {}
RESULT: {}
RESULT: {}
COMMAND: POST /session/7b6bf687a76b2f82f8be10a20d274994/execute/async - {"script":"<script> [1562 bytes]","args":[{"selector":{"controlType":"sap.m.Input","viewName":"etm.portal.ui.manageyards.view.New","viewId":"application-manageyards-display-component---NewYard","bindingPath":{"path":"","propertyPath":"/CONTROLLING_AREA","modelName":"NewYardModel"},"interaction":{"idSuffix":"inner"}},"wdio_ui5_key":"etmportal.ui.manageyards.view.Newsap.m.Input{\"path\":\"\",\"propertyPath\":\"/CONTROLLING_AREA\",\"modelName\":\"NewYardModel\"}"}]}
COMMAND: GET /session/7b6bf687a76b2f82f8be10a20d274994/screenshot - {}
RESULT: {"script":"<script> [1562 bytes]","args":[{"selector":{"controlType":"sap.m.Input","viewName":"etm.portal.ui.manageyards.view.New","viewId":"application-manageyards-display-component---NewYard","bindingPath":{"path":"","propertyPath":"/CONTROLLING_AREA","modelName":"NewYardModel"},"interaction":{"idSuffix":"inner"}},"wdio_ui5_key":"etmportal.ui.manageyards.view.Newsap.m.Input{\"path\":\"\",\"propertyPath\":\"/CONTROLLING_AREA\",\"modelName\":\"NewYardModel\"}"}]}
RESULT: undefined
COMMAND: POST /session/7b6bf687a76b2f82f8be10a20d274994/execute/async - {"script":"<script> [776 bytes]","args":[{"enterText":"Z001","selector":{"controlType":"sap.m.Input","viewName":"etm.portal.ui.manageyards.view.New","viewId":"application-manageyards-display-component---NewYard","bindingPath":{"path":"","propertyPath":"/CONTROLLING_AREA","modelName":"NewYardModel"},"interaction":{"idSuffix":"inner"}},"clearTextFirst":true,"interactionType":"ENTER_TEXT"}]}
RESULT: {}
RESULT: {"script":"<script> [776 bytes]","args":[{"enterText":"Z001","selector":{"controlType":"sap.m.Input","viewName":"etm.portal.ui.manageyards.view.New","viewId":"application-manageyards-display-component---NewYard","bindingPath":{"path":"","propertyPath":"/CONTROLLING_AREA","modelName":"NewYardModel"},"interaction":{"idSuffix":"inner"}},"clearTextFirst":true,"interactionType":"ENTER_TEXT"}]}
COMMAND: POST /session/7b6bf687a76b2f82f8be10a20d274994/execute/async - {"script":"<script> [1562 bytes]","args":[{"selector":{"id":"application-manageyards-display-component---NewYard--companyCodeComboBox","interaction":{"idSuffix":"inner"}},"wdio_ui5_key":"applicationmanageyards-display-component---NewYard--companyCodeComboBox"}]}
RESULT: {"script":"<script> [1562 bytes]","args":[{"selector":{"id":"application-manageyards-display-component---NewYard--companyCodeComboBox","interaction":{"idSuffix":"inner"}},"wdio_ui5_key":"applicationmanageyards-display-component---NewYard--companyCodeComboBox"}]}
RESULT: undefined
COMMAND: POST /session/7b6bf687a76b2f82f8be10a20d274994/execute/async - {"script":"<script> [776 bytes]","args":[{"enterText":"1000","selector":{"id":"application-manageyards-display-component---NewYard--companyCodeComboBox","interaction":{"idSuffix":"inner"}},"clearTextFirst":true,"interactionType":"ENTER_TEXT"}]}
RESULT: {"script":"<script> [776 bytes]","args":[{"enterText":"1000","selector":{"id":"application-manageyards-display-component---NewYard--companyCodeComboBox","interaction":{"idSuffix":"inner"}},"clearTextFirst":true,"interactionType":"ENTER_TEXT"}]}
COMMAND: POST /session/7b6bf687a76b2f82f8be10a20d274994/execute/async - {"script":"<script> [1562 bytes]","args":[{"selector":{"controlType":"sap.m.Input","viewName":"etm.portal.ui.manageyards.view.New","viewId":"application-manageyards-display-component---NewYard","bindingPath":{"path":"","propertyPath":"/PLANT","modelName":"NewYardModel"},"interaction":{"idSuffix":"inner"}},"wdio_ui5_key":"etmportal.ui.manageyards.view.Newsap.m.Input{\"path\":\"\",\"propertyPath\":\"/PLANT\",\"modelName\":\"NewYardModel\"}"}]}
RESULT: {"script":"<script> [1562 bytes]","args":[{"selector":{"controlType":"sap.m.Input","viewName":"etm.portal.ui.manageyards.view.New","viewId":"application-manageyards-display-component---NewYard","bindingPath":{"path":"","propertyPath":"/PLANT","modelName":"NewYardModel"},"interaction":{"idSuffix":"inner"}},"wdio_ui5_key":"etmportal.ui.manageyards.view.Newsap.m.Input{\"path\":\"\",\"propertyPath\":\"/PLANT\",\"modelName\":\"NewYardModel\"}"}]}
RESULT: undefined
COMMAND: POST /session/7b6bf687a76b2f82f8be10a20d274994/execute/async - {"script":"<script> [776 bytes]","args":[{"enterText":"1001","selector":{"controlType":"sap.m.Input","viewName":"etm.portal.ui.manageyards.view.New","viewId":"application-manageyards-display-component---NewYard","bindingPath":{"path":"","propertyPath":"/PLANT","modelName":"NewYardModel"},"interaction":{"idSuffix":"inner"}},"clearTextFirst":true,"interactionType":"ENTER_TEXT"}]}
RESULT: {"script":"<script> [776 bytes]","args":[{"enterText":"1001","selector":{"controlType":"sap.m.Input","viewName":"etm.portal.ui.manageyards.view.New","viewId":"application-manageyards-display-component---NewYard","bindingPath":{"path":"","propertyPath":"/PLANT","modelName":"NewYardModel"},"interaction":{"idSuffix":"inner"}},"clearTextFirst":true,"interactionType":"ENTER_TEXT"}]}
COMMAND: POST /session/7b6bf687a76b2f82f8be10a20d274994/execute/async - {"script":"<script> [1562 bytes]","args":[{"selector":{"controlType":"sap.m.Input","viewName":"etm.portal.ui.manageyards.view.New","viewId":"application-manageyards-display-component---NewYard","bindingPath":{"path":"","propertyPath":"/SALES_AREA_VKORG","modelName":"NewYardModel"},"interaction":{"idSuffix":"inner"}},"wdio_ui5_key":"etmportal.ui.manageyards.view.Newsap.m.Input{\"path\":\"\",\"propertyPath\":\"/SALES_AREA_VKORG\",\"modelName\":\"NewYardModel\"}"}]}
RESULT: {"script":"<script> [1562 bytes]","args":[{"selector":{"controlType":"sap.m.Input","viewName":"etm.portal.ui.manageyards.view.New","viewId":"application-manageyards-display-component---NewYard","bindingPath":{"path":"","propertyPath":"/SALES_AREA_VKORG","modelName":"NewYardModel"},"interaction":{"idSuffix":"inner"}},"wdio_ui5_key":"etmportal.ui.manageyards.view.Newsap.m.Input{\"path\":\"\",\"propertyPath\":\"/SALES_AREA_VKORG\",\"modelName\":\"NewYardModel\"}"}]}
RESULT: undefined
COMMAND: POST /session/7b6bf687a76b2f82f8be10a20d274994/execute/async - {"script":"<script> [776 bytes]","args":[{"enterText":"C002","selector":{"controlType":"sap.m.Input","viewName":"etm.portal.ui.manageyards.view.New","viewId":"application-manageyards-display-component---NewYard","bindingPath":{"path":"","propertyPath":"/SALES_AREA_VKORG","modelName":"NewYardModel"},"interaction":{"idSuffix":"inner"}},"clearTextFirst":true,"interactionType":"ENTER_TEXT"}]}
RESULT: {"script":"<script> [776 bytes]","args":[{"enterText":"C002","selector":{"controlType":"sap.m.Input","viewName":"etm.portal.ui.manageyards.view.New","viewId":"application-manageyards-display-component---NewYard","bindingPath":{"path":"","propertyPath":"/SALES_AREA_VKORG","modelName":"NewYardModel"},"interaction":{"idSuffix":"inner"}},"clearTextFirst":true,"interactionType":"ENTER_TEXT"}]}
COMMAND: POST /session/7b6bf687a76b2f82f8be10a20d274994/execute/async - {"script":"<script> [1562 bytes]","args":[{"selector":{"controlType":"sap.m.Input","viewName":"etm.portal.ui.manageyards.view.New","viewId":"application-manageyards-display-component---NewYard","bindingPath":{"path":"","propertyPath":"/SALES_AREA_VTWEG","modelName":"NewYardModel"},"interaction":{"idSuffix":"inner"}},"wdio_ui5_key":"etmportal.ui.manageyards.view.Newsap.m.Input{\"path\":\"\",\"propertyPath\":\"/SALES_AREA_VTWEG\",\"modelName\":\"NewYardModel\"}"}]}
RESULT: {"script":"<script> [1562 bytes]","args":[{"selector":{"controlType":"sap.m.Input","viewName":"etm.portal.ui.manageyards.view.New","viewId":"application-manageyards-display-component---NewYard","bindingPath":{"path":"","propertyPath":"/SALES_AREA_VTWEG","modelName":"NewYardModel"},"interaction":{"idSuffix":"inner"}},"wdio_ui5_key":"etmportal.ui.manageyards.view.Newsap.m.Input{\"path\":\"\",\"propertyPath\":\"/SALES_AREA_VTWEG\",\"modelName\":\"NewYardModel\"}"}]}
RESULT: undefined
COMMAND: POST /session/7b6bf687a76b2f82f8be10a20d274994/execute/async - {"script":"<script> [776 bytes]","args":[{"enterText":"C2","selector":{"controlType":"sap.m.Input","viewName":"etm.portal.ui.manageyards.view.New","viewId":"application-manageyards-display-component---NewYard","bindingPath":{"path":"","propertyPath":"/SALES_AREA_VTWEG","modelName":"NewYardModel"},"interaction":{"idSuffix":"inner"}},"clearTextFirst":true,"interactionType":"ENTER_TEXT"}]}
RESULT: {"script":"<script> [776 bytes]","args":[{"enterText":"C2","selector":{"controlType":"sap.m.Input","viewName":"etm.portal.ui.manageyards.view.New","viewId":"application-manageyards-display-component---NewYard","bindingPath":{"path":"","propertyPath":"/SALES_AREA_VTWEG","modelName":"NewYardModel"},"interaction":{"idSuffix":"inner"}},"clearTextFirst":true,"interactionType":"ENTER_TEXT"}]}
COMMAND: POST /session/7b6bf687a76b2f82f8be10a20d274994/execute/async - {"script":"<script> [1562 bytes]","args":[{"selector":{"controlType":"sap.m.Input","viewName":"etm.portal.ui.manageyards.view.New","viewId":"application-manageyards-display-component---NewYard","bindingPath":{"path":"","propertyPath":"/SALES_AREA_SPART","modelName":"NewYardModel"},"interaction":{"idSuffix":"inner"}},"wdio_ui5_key":"etmportal.ui.manageyards.view.Newsap.m.Input{\"path\":\"\",\"propertyPath\":\"/SALES_AREA_SPART\",\"modelName\":\"NewYardModel\"}"}]}
RESULT: {"script":"<script> [1562 bytes]","args":[{"selector":{"controlType":"sap.m.Input","viewName":"etm.portal.ui.manageyards.view.New","viewId":"application-manageyards-display-component---NewYard","bindingPath":{"path":"","propertyPath":"/SALES_AREA_SPART","modelName":"NewYardModel"},"interaction":{"idSuffix":"inner"}},"wdio_ui5_key":"etmportal.ui.manageyards.view.Newsap.m.Input{\"path\":\"\",\"propertyPath\":\"/SALES_AREA_SPART\",\"modelName\":\"NewYardModel\"}"}]}
RESULT: undefined
COMMAND: POST /session/7b6bf687a76b2f82f8be10a20d274994/execute/async - {"script":"<script> [776 bytes]","args":[{"enterText":"C2","selector":{"controlType":"sap.m.Input","viewName":"etm.portal.ui.manageyards.view.New","viewId":"application-manageyards-display-component---NewYard","bindingPath":{"path":"","propertyPath":"/SALES_AREA_SPART","modelName":"NewYardModel"},"interaction":{"idSuffix":"inner"}},"clearTextFirst":true,"interactionType":"ENTER_TEXT"}]}
RESULT: {"script":"<script> [776 bytes]","args":[{"enterText":"C2","selector":{"controlType":"sap.m.Input","viewName":"etm.portal.ui.manageyards.view.New","viewId":"application-manageyards-display-component---NewYard","bindingPath":{"path":"","propertyPath":"/SALES_AREA_SPART","modelName":"NewYardModel"},"interaction":{"idSuffix":"inner"}},"clearTextFirst":true,"interactionType":"ENTER_TEXT"}]}
COMMAND: POST /session/7b6bf687a76b2f82f8be10a20d274994/execute/async - {"script":"<script> [1562 bytes]","args":[{"selector":{"controlType":"sap.m.Input","viewName":"etm.portal.ui.manageyards.view.New","viewId":"application-manageyards-display-component---NewYard","bindingPath":{"path":"","propertyPath":"/SHIP_POINT","modelName":"NewYardModel"},"interaction":{"idSuffix":"inner"}},"wdio_ui5_key":"etmportal.ui.manageyards.view.Newsap.m.Input{\"path\":\"\",\"propertyPath\":\"/SHIP_POINT\",\"modelName\":\"NewYardModel\"}"}]}
RESULT: {"script":"<script> [1562 bytes]","args":[{"selector":{"controlType":"sap.m.Input","viewName":"etm.portal.ui.manageyards.view.New","viewId":"application-manageyards-display-component---NewYard","bindingPath":{"path":"","propertyPath":"/SHIP_POINT","modelName":"NewYardModel"},"interaction":{"idSuffix":"inner"}},"wdio_ui5_key":"etmportal.ui.manageyards.view.Newsap.m.Input{\"path\":\"\",\"propertyPath\":\"/SHIP_POINT\",\"modelName\":\"NewYardModel\"}"}]}
RESULT: undefined
COMMAND: POST /session/7b6bf687a76b2f82f8be10a20d274994/execute/async - {"script":"<script> [776 bytes]","args":[{"enterText":"1710","selector":{"controlType":"sap.m.Input","viewName":"etm.portal.ui.manageyards.view.New","viewId":"application-manageyards-display-component---NewYard","bindingPath":{"path":"","propertyPath":"/SHIP_POINT","modelName":"NewYardModel"},"interaction":{"idSuffix":"inner"}},"clearTextFirst":true,"interactionType":"ENTER_TEXT"}]}
RESULT: {"script":"<script> [776 bytes]","args":[{"enterText":"1710","selector":{"controlType":"sap.m.Input","viewName":"etm.portal.ui.manageyards.view.New","viewId":"application-manageyards-display-component---NewYard","bindingPath":{"path":"","propertyPath":"/SHIP_POINT","modelName":"NewYardModel"},"interaction":{"idSuffix":"inner"}},"clearTextFirst":true,"interactionType":"ENTER_TEXT"}]}
COMMAND: POST /session/7b6bf687a76b2f82f8be10a20d274994/execute/async - {"script":"<script> [1562 bytes]","args":[{"selector":{"controlType":"sap.m.Input","viewName":"etm.portal.ui.manageyards.view.New","viewId":"application-manageyards-display-component---NewYard","bindingPath":{"path":"","propertyPath":"/DELIVERY_TYPE","modelName":"NewYardModel"},"interaction":{"idSuffix":"inner"}},"wdio_ui5_key":"etmportal.ui.manageyards.view.Newsap.m.Input{\"path\":\"\",\"propertyPath\":\"/DELIVERY_TYPE\",\"modelName\":\"NewYardModel\"}"}]}
RESULT: {"script":"<script> [1562 bytes]","args":[{"selector":{"controlType":"sap.m.Input","viewName":"etm.portal.ui.manageyards.view.New","viewId":"application-manageyards-display-component---NewYard","bindingPath":{"path":"","propertyPath":"/DELIVERY_TYPE","modelName":"NewYardModel"},"interaction":{"idSuffix":"inner"}},"wdio_ui5_key":"etmportal.ui.manageyards.view.Newsap.m.Input{\"path\":\"\",\"propertyPath\":\"/DELIVERY_TYPE\",\"modelName\":\"NewYardModel\"}"}]}
RESULT: undefined
COMMAND: POST /session/7b6bf687a76b2f82f8be10a20d274994/execute/async - {"script":"<script> [776 bytes]","args":[{"enterText":"ZL01","selector":{"controlType":"sap.m.Input","viewName":"etm.portal.ui.manageyards.view.New","viewId":"application-manageyards-display-component---NewYard","bindingPath":{"path":"","propertyPath":"/DELIVERY_TYPE","modelName":"NewYardModel"},"interaction":{"idSuffix":"inner"}},"clearTextFirst":true,"interactionType":"ENTER_TEXT"}]}
RESULT: {"script":"<script> [776 bytes]","args":[{"enterText":"ZL01","selector":{"controlType":"sap.m.Input","viewName":"etm.portal.ui.manageyards.view.New","viewId":"application-manageyards-display-component---NewYard","bindingPath":{"path":"","propertyPath":"/DELIVERY_TYPE","modelName":"NewYardModel"},"interaction":{"idSuffix":"inner"}},"clearTextFirst":true,"interactionType":"ENTER_TEXT"}]}
COMMAND: POST /session/7b6bf687a76b2f82f8be10a20d274994/execute/async - {"script":"<script> [1562 bytes]","args":[{"selector":{"controlType":"sap.m.Input","viewName":"etm.portal.ui.manageyards.view.New","viewId":"application-manageyards-display-component---NewYard","bindingPath":{"path":"","propertyPath":"/AUART","modelName":"NewYardModel"},"interaction":{"idSuffix":"inner"}},"wdio_ui5_key":"etmportal.ui.manageyards.view.Newsap.m.Input{\"path\":\"\",\"propertyPath\":\"/AUART\",\"modelName\":\"NewYardModel\"}"}]}
RESULT: {"script":"<script> [1562 bytes]","args":[{"selector":{"controlType":"sap.m.Input","viewName":"etm.portal.ui.manageyards.view.New","viewId":"application-manageyards-display-component---NewYard","bindingPath":{"path":"","propertyPath":"/AUART","modelName":"NewYardModel"},"interaction":{"idSuffix":"inner"}},"wdio_ui5_key":"etmportal.ui.manageyards.view.Newsap.m.Input{\"path\":\"\",\"propertyPath\":\"/AUART\",\"modelName\":\"NewYardModel\"}"}]}
RESULT: undefined
COMMAND: POST /session/7b6bf687a76b2f82f8be10a20d274994/execute/async - {"script":"<script> [776 bytes]","args":[{"enterText":"TA","selector":{"controlType":"sap.m.Input","viewName":"etm.portal.ui.manageyards.view.New","viewId":"application-manageyards-display-component---NewYard","bindingPath":{"path":"","propertyPath":"/AUART","modelName":"NewYardModel"},"interaction":{"idSuffix":"inner"}},"clearTextFirst":true,"interactionType":"ENTER_TEXT"}]}
RESULT: {"script":"<script> [776 bytes]","args":[{"enterText":"TA","selector":{"controlType":"sap.m.Input","viewName":"etm.portal.ui.manageyards.view.New","viewId":"application-manageyards-display-component---NewYard","bindingPath":{"path":"","propertyPath":"/AUART","modelName":"NewYardModel"},"interaction":{"idSuffix":"inner"}},"clearTextFirst":true,"interactionType":"ENTER_TEXT"}]}
COMMAND: POST /session/7b6bf687a76b2f82f8be10a20d274994/element - {"using":"xpath","value":"//button[@data-kt=\"newYardSaveButton\"]"}
RESULT: {"using":"xpath","value":"//button[@data-kt=\"newYardSaveButton\"]"}
COMMAND: POST /session/7b6bf687a76b2f82f8be10a20d274994/element/f.5952FD13A0E9015951015C7D643014E2.d.F79387094EC60EE9700A3FFB9D21CC59.e.713/click - {}
RESULT: {}
COMMAND: GET /session/7b6bf687a76b2f82f8be10a20d274994/screenshot - {}
COMMAND: POST /session/7b6bf687a76b2f82f8be10a20d274994/element - {"using":"xpath","value":"//header[contains(@id, 'ObjectPageLayout-headerTitle')]/div[1]/div[2]/div[1]/span[1]"}
RESULT: {}
RESULT: {"using":"xpath","value":"//header[contains(@id, 'ObjectPageLayout-headerTitle')]/div[1]/div[2]/div[1]/span[1]"}
COMMAND: POST /session/7b6bf687a76b2f82f8be10a20d274994/elements - {"using":"xpath","value":"//header[contains(@id, 'ObjectPageLayout-headerTitle')]/div[1]/div[2]/div[1]/span[1]"}
RESULT: {"using":"xpath","value":"//header[contains(@id, 'ObjectPageLayout-headerTitle')]/div[1]/div[2]/div[1]/span[1]"}
COMMAND: POST /session/7b6bf687a76b2f82f8be10a20d274994/execute/sync - {"script":"<script> [56 bytes]","args":[{"element-6066-11e4-a52e-4f735466cecf":"f.5952FD13A0E9015951015C7D643014E2.d.F79387094EC60EE9700A3FFB9D21CC59.e.1010","ELEMENT":"f.5952FD13A0E9015951015C7D643014E2.d.F79387094EC60EE9700A3FFB9D21CC59.e.1010"}]}
RESULT: {"script":"<script> [56 bytes]","args":[{"element-6066-11e4-a52e-4f735466cecf":"f.5952FD13A0E9015951015C7D643014E2.d.F79387094EC60EE9700A3FFB9D21CC59.e.1010","ELEMENT":"f.5952FD13A0E9015951015C7D643014E2.d.F79387094EC60EE9700A3FFB9D21CC59.e.1010"}]}
COMMAND: GET /session/7b6bf687a76b2f82f8be10a20d274994/screenshot - {}
RESULT: {}
COMMAND: POST /session/7b6bf687a76b2f82f8be10a20d274994/element - {"using":"css selector","value":"#shell-header-logo"}
RESULT: {"using":"css selector","value":"#shell-header-logo"}
COMMAND: POST /session/7b6bf687a76b2f82f8be10a20d274994/element/f.5952FD13A0E9015951015C7D643014E2.d.F79387094EC60EE9700A3FFB9D21CC59.e.260/click - {}
RESULT: {}
COMMAND: GET /session/7b6bf687a76b2f82f8be10a20d274994/screenshot - {}
RESULT: {}
COMMAND: POST /session/7b6bf687a76b2f82f8be10a20d274994/execute/sync - {"script":"<script> [299 bytes]","args":[["getModel","getResource"]]}
RESULT: {"script":"<script> [299 bytes]","args":[["getModel","getResource"]]}
COMMAND: GET /session/7b6bf687a76b2f82f8be10a20d274994/screenshot - {}
]]></system-out>
    </testcase>
    <testcase classname="chrome.135_0_7049_96.windows.Create_condition_pricing_US117289_US134625" name="Should create a new equipment used for all following tests" time="141.793">
      <system-out><![CDATA[
COMMAND: POST /session/7b6bf687a76b2f82f8be10a20d274994/execute/async - {"script":"<script> [1562 bytes]","args":[{"selector":{"controlType":"sap.m.GenericTile","properties":{"header":"Manage Resources"}},"wdio_ui5_key":"sapm.GenericTile{\"header\":\"Manage Resources\"}"}]}
RESULT: {}
RESULT: {"script":"<script> [1562 bytes]","args":[{"selector":{"controlType":"sap.m.GenericTile","properties":{"header":"Manage Resources"}},"wdio_ui5_key":"sapm.GenericTile{\"header\":\"Manage Resources\"}"}]}
RESULT: undefined
COMMAND: POST /session/7b6bf687a76b2f82f8be10a20d274994/element - {"using":"xpath","value":"//*[@id=\"__tile39\"]"}
RESULT: {"using":"xpath","value":"//*[@id=\"__tile39\"]"}
COMMAND: POST /session/7b6bf687a76b2f82f8be10a20d274994/element/f.5952FD13A0E9015951015C7D643014E2.d.F79387094EC60EE9700A3FFB9D21CC59.e.150/click - {}
RESULT: {}
COMMAND: POST /session/7b6bf687a76b2f82f8be10a20d274994/element - {"using":"xpath","value":"//button[@data-kt=\"addNewRUOverflowToolbarButton\"]"}
COMMAND: GET /session/7b6bf687a76b2f82f8be10a20d274994/screenshot - {}
RESULT: {"using":"xpath","value":"//button[@data-kt=\"addNewRUOverflowToolbarButton\"]"}
COMMAND: POST /session/7b6bf687a76b2f82f8be10a20d274994/elements - {"using":"xpath","value":"//button[@data-kt=\"addNewRUOverflowToolbarButton\"]"}
RESULT: {}
RESULT: {"using":"xpath","value":"//button[@data-kt=\"addNewRUOverflowToolbarButton\"]"}
COMMAND: POST /session/7b6bf687a76b2f82f8be10a20d274994/elements - {"using":"xpath","value":"//button[@data-kt=\"addNewRUOverflowToolbarButton\"]"}
RESULT: {"using":"xpath","value":"//button[@data-kt=\"addNewRUOverflowToolbarButton\"]"}
COMMAND: POST /session/7b6bf687a76b2f82f8be10a20d274994/elements - {"using":"xpath","value":"//button[@data-kt=\"addNewRUOverflowToolbarButton\"]"}
RESULT: {"using":"xpath","value":"//button[@data-kt=\"addNewRUOverflowToolbarButton\"]"}
COMMAND: POST /session/7b6bf687a76b2f82f8be10a20d274994/elements - {"using":"xpath","value":"//button[@data-kt=\"addNewRUOverflowToolbarButton\"]"}
RESULT: {"using":"xpath","value":"//button[@data-kt=\"addNewRUOverflowToolbarButton\"]"}
COMMAND: POST /session/7b6bf687a76b2f82f8be10a20d274994/element - {"using":"xpath","value":"//button[@data-kt=\"addNewRUOverflowToolbarButton\"]"}
RESULT: {"using":"xpath","value":"//button[@data-kt=\"addNewRUOverflowToolbarButton\"]"}
COMMAND: POST /session/7b6bf687a76b2f82f8be10a20d274994/execute/sync - {"script":"<script> [8489 bytes]","args":[{"element-6066-11e4-a52e-4f735466cecf":"f.5952FD13A0E9015951015C7D643014E2.d.F79387094EC60EE9700A3FFB9D21CC59.e.1042","ELEMENT":"f.5952FD13A0E9015951015C7D643014E2.d.F79387094EC60EE9700A3FFB9D21CC59.e.1042"}]}
RESULT: {"script":"<script> [8489 bytes]","args":[{"element-6066-11e4-a52e-4f735466cecf":"f.5952FD13A0E9015951015C7D643014E2.d.F79387094EC60EE9700A3FFB9D21CC59.e.1042","ELEMENT":"f.5952FD13A0E9015951015C7D643014E2.d.F79387094EC60EE9700A3FFB9D21CC59.e.1042"}]}
COMMAND: GET /session/7b6bf687a76b2f82f8be10a20d274994/element/f.5952FD13A0E9015951015C7D643014E2.d.F79387094EC60EE9700A3FFB9D21CC59.e.1042/enabled - {}
COMMAND: GET /session/7b6bf687a76b2f82f8be10a20d274994/screenshot - {}
RESULT: {}
COMMAND: POST /session/7b6bf687a76b2f82f8be10a20d274994/execute/sync - {"script":"<script> [8489 bytes]","args":[{"element-6066-11e4-a52e-4f735466cecf":"f.5952FD13A0E9015951015C7D643014E2.d.F79387094EC60EE9700A3FFB9D21CC59.e.1042","ELEMENT":"f.5952FD13A0E9015951015C7D643014E2.d.F79387094EC60EE9700A3FFB9D21CC59.e.1042"}]}
COMMAND: GET /session/7b6bf687a76b2f82f8be10a20d274994/screenshot - {}
RESULT: {}
RESULT: {}
RESULT: {"script":"<script> [8489 bytes]","args":[{"element-6066-11e4-a52e-4f735466cecf":"f.5952FD13A0E9015951015C7D643014E2.d.F79387094EC60EE9700A3FFB9D21CC59.e.1042","ELEMENT":"f.5952FD13A0E9015951015C7D643014E2.d.F79387094EC60EE9700A3FFB9D21CC59.e.1042"}]}
COMMAND: POST /session/7b6bf687a76b2f82f8be10a20d274994/execute/sync - {"script":"<script> [5351 bytes]","args":[{"element-6066-11e4-a52e-4f735466cecf":"f.5952FD13A0E9015951015C7D643014E2.d.F79387094EC60EE9700A3FFB9D21CC59.e.1042","ELEMENT":"f.5952FD13A0E9015951015C7D643014E2.d.F79387094EC60EE9700A3FFB9D21CC59.e.1042"}]}
COMMAND: GET /session/7b6bf687a76b2f82f8be10a20d274994/screenshot - {}
RESULT: {"script":"<script> [5351 bytes]","args":[{"element-6066-11e4-a52e-4f735466cecf":"f.5952FD13A0E9015951015C7D643014E2.d.F79387094EC60EE9700A3FFB9D21CC59.e.1042","ELEMENT":"f.5952FD13A0E9015951015C7D643014E2.d.F79387094EC60EE9700A3FFB9D21CC59.e.1042"}]}
COMMAND: POST /session/7b6bf687a76b2f82f8be10a20d274994/element/f.5952FD13A0E9015951015C7D643014E2.d.F79387094EC60EE9700A3FFB9D21CC59.e.1042/click - {}
COMMAND: GET /session/7b6bf687a76b2f82f8be10a20d274994/screenshot - {}
RESULT: {}
RESULT: {}
COMMAND: GET /session/7b6bf687a76b2f82f8be10a20d274994/screenshot - {}
COMMAND: POST /session/7b6bf687a76b2f82f8be10a20d274994/execute/async - {"script":"<script> [1562 bytes]","args":[{"selector":{"id":"application-manageresources-display-component---newResourceUnit--TYPE-arrow"},"wdio_ui5_key":"applicationmanageresources-display-component---newResourceUnit--TYPE-arrow"}]}
RESULT: {}
RESULT: {}
RESULT: {"script":"<script> [1562 bytes]","args":[{"selector":{"id":"application-manageresources-display-component---newResourceUnit--TYPE-arrow"},"wdio_ui5_key":"applicationmanageresources-display-component---newResourceUnit--TYPE-arrow"}]}
RESULT: undefined
COMMAND: POST /session/7b6bf687a76b2f82f8be10a20d274994/element - {"using":"xpath","value":"//*[@id=\"application-manageresources-display-component---newResourceUnit--TYPE-arrow\"]"}
RESULT: {"using":"xpath","value":"//*[@id=\"application-manageresources-display-component---newResourceUnit--TYPE-arrow\"]"}
COMMAND: POST /session/7b6bf687a76b2f82f8be10a20d274994/element/f.5952FD13A0E9015951015C7D643014E2.d.F79387094EC60EE9700A3FFB9D21CC59.e.1210/click - {}
RESULT: {}
COMMAND: POST /session/7b6bf687a76b2f82f8be10a20d274994/element - {"using":"xpath","value":"//input[@id=\"application-manageresources-display-component---newResourceUnit--TYPE-inner\"]"}
COMMAND: GET /session/7b6bf687a76b2f82f8be10a20d274994/screenshot - {}
RESULT: {"using":"xpath","value":"//input[@id=\"application-manageresources-display-component---newResourceUnit--TYPE-inner\"]"}
COMMAND: POST /session/7b6bf687a76b2f82f8be10a20d274994/element/f.5952FD13A0E9015951015C7D643014E2.d.F79387094EC60EE9700A3FFB9D21CC59.e.1097/clear - {}
RESULT: {}
RESULT: {}
COMMAND: POST /session/7b6bf687a76b2f82f8be10a20d274994/element/f.5952FD13A0E9015951015C7D643014E2.d.F79387094EC60EE9700A3FFB9D21CC59.e.1097/value - {"text":"Equipment"}
COMMAND: GET /session/7b6bf687a76b2f82f8be10a20d274994/screenshot - {}
RESULT: {"text":"Equipment"}
COMMAND: GET /session/7b6bf687a76b2f82f8be10a20d274994/screenshot - {}
RESULT: {}
RESULT: {}
COMMAND: POST /session/7b6bf687a76b2f82f8be10a20d274994/actions - {"actions":[{"id":"action2","type":"key","parameters":{},"actions":[{"type":"keyDown","value":"î€‡"},{"type":"pause","duration":10},{"type":"keyUp","value":"î€‡"}]}]}
RESULT: {"actions":[{"id":"action2","type":"key","parameters":{},"actions":[{"type":"keyDown","value":"î€‡"},{"type":"pause","duration":10},{"type":"keyUp","value":"î€‡"}]}]}
COMMAND: POST /session/7b6bf687a76b2f82f8be10a20d274994/execute/async - {"script":"<script> [1562 bytes]","args":[{"selector":{"id":"application-manageresources-display-component---newResourceUnit--resourceId","interaction":{"idSuffix":"inner"}},"wdio_ui5_key":"applicationmanageresources-display-component---newResourceUnit--resourceId"}]}
COMMAND: GET /session/7b6bf687a76b2f82f8be10a20d274994/screenshot - {}
RESULT: {"script":"<script> [1562 bytes]","args":[{"selector":{"id":"application-manageresources-display-component---newResourceUnit--resourceId","interaction":{"idSuffix":"inner"}},"wdio_ui5_key":"applicationmanageresources-display-component---newResourceUnit--resourceId"}]}
RESULT: undefined
COMMAND: POST /session/7b6bf687a76b2f82f8be10a20d274994/execute/async - {"script":"<script> [776 bytes]","args":[{"enterText":"bW6QPFDkuL","selector":{"id":"application-manageresources-display-component---newResourceUnit--resourceId","interaction":{"idSuffix":"inner"}},"clearTextFirst":true,"interactionType":"ENTER_TEXT"}]}
RESULT: {}
RESULT: {"script":"<script> [776 bytes]","args":[{"enterText":"bW6QPFDkuL","selector":{"id":"application-manageresources-display-component---newResourceUnit--resourceId","interaction":{"idSuffix":"inner"}},"clearTextFirst":true,"interactionType":"ENTER_TEXT"}]}
COMMAND: POST /session/7b6bf687a76b2f82f8be10a20d274994/execute/async - {"script":"<script> [1562 bytes]","args":[{"selector":{"id":"application-manageresources-display-component---newResourceUnit--SHORT_TEXT","interaction":{"idSuffix":"inner"}},"wdio_ui5_key":"applicationmanageresources-display-component---newResourceUnit--SHORT_TEXT"}]}
RESULT: {"script":"<script> [1562 bytes]","args":[{"selector":{"id":"application-manageresources-display-component---newResourceUnit--SHORT_TEXT","interaction":{"idSuffix":"inner"}},"wdio_ui5_key":"applicationmanageresources-display-component---newResourceUnit--SHORT_TEXT"}]}
RESULT: undefined
COMMAND: POST /session/7b6bf687a76b2f82f8be10a20d274994/execute/async - {"script":"<script> [776 bytes]","args":[{"enterText":"Intercompany Equipment WDIO","selector":{"id":"application-manageresources-display-component---newResourceUnit--SHORT_TEXT","interaction":{"idSuffix":"inner"}},"clearTextFirst":true,"interactionType":"ENTER_TEXT"}]}
RESULT: {"script":"<script> [776 bytes]","args":[{"enterText":"Intercompany Equipment WDIO","selector":{"id":"application-manageresources-display-component---newResourceUnit--SHORT_TEXT","interaction":{"idSuffix":"inner"}},"clearTextFirst":true,"interactionType":"ENTER_TEXT"}]}
COMMAND: POST /session/7b6bf687a76b2f82f8be10a20d274994/execute/async - {"script":"<script> [1562 bytes]","args":[{"selector":{"id":"application-manageresources-display-component---newResourceUnit--BASE_UNIT_OF_MEASURE","interaction":{"idSuffix":"inner"}},"wdio_ui5_key":"applicationmanageresources-display-component---newResourceUnit--BASE_UNIT_OF_MEASURE"}]}
RESULT: {"script":"<script> [1562 bytes]","args":[{"selector":{"id":"application-manageresources-display-component---newResourceUnit--BASE_UNIT_OF_MEASURE","interaction":{"idSuffix":"inner"}},"wdio_ui5_key":"applicationmanageresources-display-component---newResourceUnit--BASE_UNIT_OF_MEASURE"}]}
RESULT: undefined
COMMAND: POST /session/7b6bf687a76b2f82f8be10a20d274994/execute/async - {"script":"<script> [776 bytes]","args":[{"enterText":"Piece","selector":{"id":"application-manageresources-display-component---newResourceUnit--BASE_UNIT_OF_MEASURE","interaction":{"idSuffix":"inner"}},"clearTextFirst":true,"interactionType":"ENTER_TEXT"}]}
RESULT: {"script":"<script> [776 bytes]","args":[{"enterText":"Piece","selector":{"id":"application-manageresources-display-component---newResourceUnit--BASE_UNIT_OF_MEASURE","interaction":{"idSuffix":"inner"}},"clearTextFirst":true,"interactionType":"ENTER_TEXT"}]}
COMMAND: POST /session/7b6bf687a76b2f82f8be10a20d274994/execute/async - {"script":"<script> [1562 bytes]","args":[{"selector":{"id":"application-manageresources-display-component---newResourceUnit--WEIGHT_UNIT","interaction":{"idSuffix":"inner"}},"wdio_ui5_key":"applicationmanageresources-display-component---newResourceUnit--WEIGHT_UNIT"}]}
RESULT: {"script":"<script> [1562 bytes]","args":[{"selector":{"id":"application-manageresources-display-component---newResourceUnit--WEIGHT_UNIT","interaction":{"idSuffix":"inner"}},"wdio_ui5_key":"applicationmanageresources-display-component---newResourceUnit--WEIGHT_UNIT"}]}
RESULT: undefined
COMMAND: POST /session/7b6bf687a76b2f82f8be10a20d274994/execute/async - {"script":"<script> [776 bytes]","args":[{"enterText":"Gram","selector":{"id":"application-manageresources-display-component---newResourceUnit--WEIGHT_UNIT","interaction":{"idSuffix":"inner"}},"clearTextFirst":true,"interactionType":"ENTER_TEXT"}]}
RESULT: {"script":"<script> [776 bytes]","args":[{"enterText":"Gram","selector":{"id":"application-manageresources-display-component---newResourceUnit--WEIGHT_UNIT","interaction":{"idSuffix":"inner"}},"clearTextFirst":true,"interactionType":"ENTER_TEXT"}]}
COMMAND: POST /session/7b6bf687a76b2f82f8be10a20d274994/execute/async - {"script":"<script> [1562 bytes]","args":[{"selector":{"id":"application-manageresources-display-component---newResourceUnit--DIMENSION_UNIT","interaction":{"idSuffix":"inner"}},"wdio_ui5_key":"applicationmanageresources-display-component---newResourceUnit--DIMENSION_UNIT"}]}
RESULT: {"script":"<script> [1562 bytes]","args":[{"selector":{"id":"application-manageresources-display-component---newResourceUnit--DIMENSION_UNIT","interaction":{"idSuffix":"inner"}},"wdio_ui5_key":"applicationmanageresources-display-component---newResourceUnit--DIMENSION_UNIT"}]}
RESULT: undefined
COMMAND: POST /session/7b6bf687a76b2f82f8be10a20d274994/execute/async - {"script":"<script> [776 bytes]","args":[{"enterText":"Meter","selector":{"id":"application-manageresources-display-component---newResourceUnit--DIMENSION_UNIT","interaction":{"idSuffix":"inner"}},"clearTextFirst":true,"interactionType":"ENTER_TEXT"}]}
RESULT: {"script":"<script> [776 bytes]","args":[{"enterText":"Meter","selector":{"id":"application-manageresources-display-component---newResourceUnit--DIMENSION_UNIT","interaction":{"idSuffix":"inner"}},"clearTextFirst":true,"interactionType":"ENTER_TEXT"}]}
COMMAND: POST /session/7b6bf687a76b2f82f8be10a20d274994/execute/async - {"script":"<script> [1562 bytes]","args":[{"selector":{"id":"application-manageresources-display-component---newResourceUnit--newRRUPage-anchBar-application-manageresources-display-component---newResourceUnit--control-anchor","interaction":{"idSuffix":"BDI-content"}},"wdio_ui5_key":"applicationmanageresources-display-component---newResourceUnit--newRRUPage-anchBar-application-manageresources-display-component---newResourceUnit--control-anchor"}]}
RESULT: {"script":"<script> [1562 bytes]","args":[{"selector":{"id":"application-manageresources-display-component---newResourceUnit--newRRUPage-anchBar-application-manageresources-display-component---newResourceUnit--control-anchor","interaction":{"idSuffix":"BDI-content"}},"wdio_ui5_key":"applicationmanageresources-display-component---newResourceUnit--newRRUPage-anchBar-application-manageresources-display-component---newResourceUnit--control-anchor"}]}
RESULT: undefined
COMMAND: POST /session/7b6bf687a76b2f82f8be10a20d274994/element - {"using":"xpath","value":"//*[@id=\"application-manageresources-display-component---newResourceUnit--newRRUPage-anchBar-application-manageresources-display-component---newResourceUnit--control-anchor\"]"}
RESULT: {"using":"xpath","value":"//*[@id=\"application-manageresources-display-component---newResourceUnit--newRRUPage-anchBar-application-manageresources-display-component---newResourceUnit--control-anchor\"]"}
COMMAND: POST /session/7b6bf687a76b2f82f8be10a20d274994/element/f.5952FD13A0E9015951015C7D643014E2.d.F79387094EC60EE9700A3FFB9D21CC59.e.1342/click - {}
RESULT: {}
COMMAND: POST /session/7b6bf687a76b2f82f8be10a20d274994/execute/async - {"script":"<script> [1562 bytes]","args":[{"selector":{"id":"application-manageresources-display-component---newResourceUnit--PLANNING_GROUP","interaction":{"idSuffix":"inner"}},"wdio_ui5_key":"applicationmanageresources-display-component---newResourceUnit--PLANNING_GROUP"}]}
COMMAND: GET /session/7b6bf687a76b2f82f8be10a20d274994/screenshot - {}
RESULT: {"script":"<script> [1562 bytes]","args":[{"selector":{"id":"application-manageresources-display-component---newResourceUnit--PLANNING_GROUP","interaction":{"idSuffix":"inner"}},"wdio_ui5_key":"applicationmanageresources-display-component---newResourceUnit--PLANNING_GROUP"}]}
RESULT: undefined
COMMAND: POST /session/7b6bf687a76b2f82f8be10a20d274994/execute/async - {"script":"<script> [776 bytes]","args":[{"enterText":"Heavy Equi","selector":{"id":"application-manageresources-display-component---newResourceUnit--PLANNING_GROUP","interaction":{"idSuffix":"inner"}},"clearTextFirst":true,"interactionType":"ENTER_TEXT"}]}
RESULT: {}
RESULT: {"script":"<script> [776 bytes]","args":[{"enterText":"Heavy Equi","selector":{"id":"application-manageresources-display-component---newResourceUnit--PLANNING_GROUP","interaction":{"idSuffix":"inner"}},"clearTextFirst":true,"interactionType":"ENTER_TEXT"}]}
COMMAND: POST /session/7b6bf687a76b2f82f8be10a20d274994/execute/async - {"script":"<script> [1562 bytes]","args":[{"selector":{"id":"application-manageresources-display-component---newResourceUnit--ITEM_TYPE-arrow"},"wdio_ui5_key":"applicationmanageresources-display-component---newResourceUnit--ITEM_TYPE-arrow"}]}
RESULT: {"script":"<script> [1562 bytes]","args":[{"selector":{"id":"application-manageresources-display-component---newResourceUnit--ITEM_TYPE-arrow"},"wdio_ui5_key":"applicationmanageresources-display-component---newResourceUnit--ITEM_TYPE-arrow"}]}
RESULT: undefined
COMMAND: POST /session/7b6bf687a76b2f82f8be10a20d274994/element - {"using":"xpath","value":"//*[@id=\"application-manageresources-display-component---newResourceUnit--ITEM_TYPE-arrow\"]"}
RESULT: {"using":"xpath","value":"//*[@id=\"application-manageresources-display-component---newResourceUnit--ITEM_TYPE-arrow\"]"}
COMMAND: POST /session/7b6bf687a76b2f82f8be10a20d274994/element/f.5952FD13A0E9015951015C7D643014E2.d.F79387094EC60EE9700A3FFB9D21CC59.e.1351/click - {}
RESULT: {}
COMMAND: POST /session/7b6bf687a76b2f82f8be10a20d274994/element - {"using":"xpath","value":"(//span[contains(text(), \"Resource Unit\")])[2]"}
COMMAND: GET /session/7b6bf687a76b2f82f8be10a20d274994/screenshot - {}
RESULT: {"using":"xpath","value":"(//span[contains(text(), \"Resource Unit\")])[2]"}
COMMAND: POST /session/7b6bf687a76b2f82f8be10a20d274994/element/f.5952FD13A0E9015951015C7D643014E2.d.F79387094EC60EE9700A3FFB9D21CC59.e.1352/click - {}
RESULT: {}
RESULT: {}
COMMAND: GET /session/7b6bf687a76b2f82f8be10a20d274994/screenshot - {}
RESULT: {}
COMMAND: POST /session/7b6bf687a76b2f82f8be10a20d274994/element - {"using":"css selector","value":"#application-manageresources-display-component---newResourceUnit--btnAddTimeSegment"}
RESULT: {"using":"css selector","value":"#application-manageresources-display-component---newResourceUnit--btnAddTimeSegment"}
COMMAND: GET /session/7b6bf687a76b2f82f8be10a20d274994/element/f.5952FD13A0E9015951015C7D643014E2.d.F79387094EC60EE9700A3FFB9D21CC59.e.1353/rect - {}
RESULT: {}
COMMAND: GET /session/7b6bf687a76b2f82f8be10a20d274994/window/rect - {}
RESULT: {}
COMMAND: POST /session/7b6bf687a76b2f82f8be10a20d274994/execute/sync - {"script":"<script> [92 bytes]","args":[]}
RESULT: {"script":"<script> [92 bytes]","args":[]}
COMMAND: POST /session/7b6bf687a76b2f82f8be10a20d274994/actions - {"actions":[{"id":"action3","type":"wheel","parameters":{},"actions":[{"type":"scroll","x":-1888,"y":-32,"deltaX":0,"deltaY":0,"duration":0,"origin":{"element-6066-11e4-a52e-4f735466cecf":"f.5952FD13A0E9015951015C7D643014E2.d.F79387094EC60EE9700A3FFB9D21CC59.e.1353"}}]}]}
COMMAND: GET /session/7b6bf687a76b2f82f8be10a20d274994/screenshot - {}
RESULT: {}
COMMAND: POST /session/7b6bf687a76b2f82f8be10a20d274994/execute/sync - {"script":"<script> [79 bytes]","args":[{"element-6066-11e4-a52e-4f735466cecf":"f.5952FD13A0E9015951015C7D643014E2.d.F79387094EC60EE9700A3FFB9D21CC59.e.1353","ELEMENT":"f.5952FD13A0E9015951015C7D643014E2.d.F79387094EC60EE9700A3FFB9D21CC59.e.1353"},{"block":"start","inline":"nearest"}]}
RESULT: {"script":"<script> [79 bytes]","args":[{"element-6066-11e4-a52e-4f735466cecf":"f.5952FD13A0E9015951015C7D643014E2.d.F79387094EC60EE9700A3FFB9D21CC59.e.1353","ELEMENT":"f.5952FD13A0E9015951015C7D643014E2.d.F79387094EC60EE9700A3FFB9D21CC59.e.1353"},{"block":"start","inline":"nearest"}]}
COMMAND: POST /session/7b6bf687a76b2f82f8be10a20d274994/execute/async - {"script":"<script> [1562 bytes]","args":[{"selector":{"id":"application-manageresources-display-component---newResourceUnit--btnAddTimeSegment","interaction":{"idSuffix":"inner"}},"wdio_ui5_key":"applicationmanageresources-display-component---newResourceUnit--btnAddTimeSegment"}]}
COMMAND: GET /session/7b6bf687a76b2f82f8be10a20d274994/screenshot - {}
RESULT: {"script":"<script> [1562 bytes]","args":[{"selector":{"id":"application-manageresources-display-component---newResourceUnit--btnAddTimeSegment","interaction":{"idSuffix":"inner"}},"wdio_ui5_key":"applicationmanageresources-display-component---newResourceUnit--btnAddTimeSegment"}]}
RESULT: undefined
COMMAND: POST /session/7b6bf687a76b2f82f8be10a20d274994/element - {"using":"xpath","value":"//*[@id=\"application-manageresources-display-component---newResourceUnit--btnAddTimeSegment\"]"}
RESULT: {}
RESULT: {"using":"xpath","value":"//*[@id=\"application-manageresources-display-component---newResourceUnit--btnAddTimeSegment\"]"}
COMMAND: POST /session/7b6bf687a76b2f82f8be10a20d274994/element/f.5952FD13A0E9015951015C7D643014E2.d.F79387094EC60EE9700A3FFB9D21CC59.e.1353/click - {}
RESULT: {}
COMMAND: GET /session/7b6bf687a76b2f82f8be10a20d274994/screenshot - {}
RESULT: {}
COMMAND: POST /session/7b6bf687a76b2f82f8be10a20d274994/element - {"using":"xpath","value":"//input[@id=\"application-manageresources-display-component---newResourceUnit--idRuTSAdmin-application-manageresources-display-component---newResourceUnit--RUTimeSegment-0-inner\"]"}
RESULT: {"using":"xpath","value":"//input[@id=\"application-manageresources-display-component---newResourceUnit--idRuTSAdmin-application-manageresources-display-component---newResourceUnit--RUTimeSegment-0-inner\"]"}
COMMAND: POST /session/7b6bf687a76b2f82f8be10a20d274994/element/f.5952FD13A0E9015951015C7D643014E2.d.F79387094EC60EE9700A3FFB9D21CC59.e.1359/clear - {}
RESULT: {}
COMMAND: POST /session/7b6bf687a76b2f82f8be10a20d274994/element/f.5952FD13A0E9015951015C7D643014E2.d.F79387094EC60EE9700A3FFB9D21CC59.e.1359/value - {"text":"509"}
COMMAND: GET /session/7b6bf687a76b2f82f8be10a20d274994/screenshot - {}
RESULT: {"text":"509"}
COMMAND: GET /session/7b6bf687a76b2f82f8be10a20d274994/screenshot - {}
RESULT: {}
RESULT: {}
COMMAND: POST /session/7b6bf687a76b2f82f8be10a20d274994/element - {"using":"xpath","value":"//li[.//span[text()='509']]"}
RESULT: {"using":"xpath","value":"//li[.//span[text()='509']]"}
COMMAND: POST /session/7b6bf687a76b2f82f8be10a20d274994/element/f.5952FD13A0E9015951015C7D643014E2.d.F79387094EC60EE9700A3FFB9D21CC59.e.1374/click - {}
RESULT: {}
COMMAND: GET /session/7b6bf687a76b2f82f8be10a20d274994/screenshot - {}
RESULT: {}
COMMAND: POST /session/7b6bf687a76b2f82f8be10a20d274994/element - {"using":"xpath","value":"(//span[contains(@id, \"-application-manageresources-display-component---newResourceUnit--RUTimeSegment-0-arrow\")])[6]"}
RESULT: {"using":"xpath","value":"(//span[contains(@id, \"-application-manageresources-display-component---newResourceUnit--RUTimeSegment-0-arrow\")])[6]"}
COMMAND: POST /session/7b6bf687a76b2f82f8be10a20d274994/element/f.5952FD13A0E9015951015C7D643014E2.d.F79387094EC60EE9700A3FFB9D21CC59.e.1375/click - {}
RESULT: {}
COMMAND: GET /session/7b6bf687a76b2f82f8be10a20d274994/screenshot - {}
RESULT: {}
COMMAND: POST /session/7b6bf687a76b2f82f8be10a20d274994/element - {"using":"xpath","value":"//span[contains(text(), \"PM Order\")]"}
RESULT: {"using":"xpath","value":"//span[contains(text(), \"PM Order\")]"}
COMMAND: POST /session/7b6bf687a76b2f82f8be10a20d274994/element/f.5952FD13A0E9015951015C7D643014E2.d.F79387094EC60EE9700A3FFB9D21CC59.e.1378/click - {}
RESULT: {}
COMMAND: GET /session/7b6bf687a76b2f82f8be10a20d274994/screenshot - {}
RESULT: {}
COMMAND: POST /session/7b6bf687a76b2f82f8be10a20d274994/element - {"using":"xpath","value":"(//span[contains(@id ,\"manageresources-display-component---newResourceUnit--RUTimeSegment-0-vhi\")])[1]"}
RESULT: {"using":"xpath","value":"(//span[contains(@id ,\"manageresources-display-component---newResourceUnit--RUTimeSegment-0-vhi\")])[1]"}
COMMAND: GET /session/7b6bf687a76b2f82f8be10a20d274994/element/f.5952FD13A0E9015951015C7D643014E2.d.F79387094EC60EE9700A3FFB9D21CC59.e.1382/rect - {}
RESULT: {}
COMMAND: GET /session/7b6bf687a76b2f82f8be10a20d274994/window/rect - {}
RESULT: {}
COMMAND: POST /session/7b6bf687a76b2f82f8be10a20d274994/execute/sync - {"script":"<script> [92 bytes]","args":[]}
RESULT: {"script":"<script> [92 bytes]","args":[]}
COMMAND: POST /session/7b6bf687a76b2f82f8be10a20d274994/actions - {"actions":[{"id":"action4","type":"wheel","parameters":{},"actions":[{"type":"scroll","x":-869,"y":-24,"deltaX":0,"deltaY":0,"duration":0,"origin":{"element-6066-11e4-a52e-4f735466cecf":"f.5952FD13A0E9015951015C7D643014E2.d.F79387094EC60EE9700A3FFB9D21CC59.e.1382"}}]}]}
COMMAND: GET /session/7b6bf687a76b2f82f8be10a20d274994/screenshot - {}
RESULT: {"actions":[{"id":"action4","type":"wheel","parameters":{},"actions":[{"type":"scroll","x":-869,"y":-24,"deltaX":0,"deltaY":0,"duration":0,"origin":{"element-6066-11e4-a52e-4f735466cecf":"f.5952FD13A0E9015951015C7D643014E2.d.F79387094EC60EE9700A3FFB9D21CC59.e.1382"}}]}]}
COMMAND: DELETE /session/7b6bf687a76b2f82f8be10a20d274994/actions - {}
COMMAND: GET /session/7b6bf687a76b2f82f8be10a20d274994/screenshot - {}
RESULT: {}
RESULT: {}
COMMAND: GET /session/7b6bf687a76b2f82f8be10a20d274994/screenshot - {}
RESULT: {}
RESULT: {}
COMMAND: POST /session/7b6bf687a76b2f82f8be10a20d274994/element/f.5952FD13A0E9015951015C7D643014E2.d.F79387094EC60EE9700A3FFB9D21CC59.e.1382/click - {}
RESULT: {}
COMMAND: GET /session/7b6bf687a76b2f82f8be10a20d274994/screenshot - {}
RESULT: {}
RESULT: undefined
COMMAND: POST /session/7b6bf687a76b2f82f8be10a20d274994/execute/async - {"script":"<script> [776 bytes]","args":[{"enterText":"4000360","selector":{"controlType":"sap.m.SearchField","properties":{"placeholder":"Search"},"searchOpenDialogs":true,"interaction":{"idSuffix":"I"}},"clearTextFirst":true,"interactionType":"ENTER_TEXT"}]}
RESULT: {"script":"<script> [776 bytes]","args":[{"enterText":"4000360","selector":{"controlType":"sap.m.SearchField","properties":{"placeholder":"Search"},"searchOpenDialogs":true,"interaction":{"idSuffix":"I"}},"clearTextFirst":true,"interactionType":"ENTER_TEXT"}]}
COMMAND: POST /session/7b6bf687a76b2f82f8be10a20d274994/actions - {"actions":[{"id":"action5","type":"key","parameters":{},"actions":[{"type":"keyDown","value":"î€‡"},{"type":"pause","duration":10},{"type":"keyUp","value":"î€‡"}]}]}
RESULT: {"actions":[{"id":"action5","type":"key","parameters":{},"actions":[{"type":"keyDown","value":"î€‡"},{"type":"pause","duration":10},{"type":"keyUp","value":"î€‡"}]}]}
COMMAND: GET /session/7b6bf687a76b2f82f8be10a20d274994/screenshot - {}
RESULT: {}
COMMAND: POST /session/7b6bf687a76b2f82f8be10a20d274994/element - {"using":"xpath","value":"//td/div/span[contains(text(), \"BGL Vehicles\")]"}
RESULT: {"using":"xpath","value":"//td/div/span[contains(text(), \"BGL Vehicles\")]"}
COMMAND: POST /session/7b6bf687a76b2f82f8be10a20d274994/element/f.5952FD13A0E9015951015C7D643014E2.d.F79387094EC60EE9700A3FFB9D21CC59.e.1401/click - {}
RESULT: {}
COMMAND: GET /session/7b6bf687a76b2f82f8be10a20d274994/screenshot - {}
RESULT: {}
COMMAND: POST /session/7b6bf687a76b2f82f8be10a20d274994/element - {"using":"xpath","value":"//bdi[contains(text(), \"OK\")]"}
RESULT: {"using":"xpath","value":"//bdi[contains(text(), \"OK\")]"}
COMMAND: POST /session/7b6bf687a76b2f82f8be10a20d274994/element/f.5952FD13A0E9015951015C7D643014E2.d.F79387094EC60EE9700A3FFB9D21CC59.e.1402/click - {}
RESULT: {}
COMMAND: GET /session/7b6bf687a76b2f82f8be10a20d274994/screenshot - {}
RESULT: {}
COMMAND: POST /session/7b6bf687a76b2f82f8be10a20d274994/execute/async - {"script":"<script> [1562 bytes]","args":[{"selector":{"id":"application-manageresources-display-component---newResourceUnit--newRRUPage-anchBar-application-manageresources-display-component---newResourceUnit--resource-anchor","interaction":{"idSuffix":"BDI-content"}},"wdio_ui5_key":"applicationmanageresources-display-component---newResourceUnit--newRRUPage-anchBar-application-manageresources-display-component---newResourceUnit--resource-anchor"}]}
RESULT: {"script":"<script> [1562 bytes]","args":[{"selector":{"id":"application-manageresources-display-component---newResourceUnit--newRRUPage-anchBar-application-manageresources-display-component---newResourceUnit--resource-anchor","interaction":{"idSuffix":"BDI-content"}},"wdio_ui5_key":"applicationmanageresources-display-component---newResourceUnit--newRRUPage-anchBar-application-manageresources-display-component---newResourceUnit--resource-anchor"}]}
RESULT: undefined
COMMAND: POST /session/7b6bf687a76b2f82f8be10a20d274994/element - {"using":"xpath","value":"//*[@id=\"application-manageresources-display-component---newResourceUnit--newRRUPage-anchBar-application-manageresources-display-component---newResourceUnit--resource-anchor\"]"}
RESULT: {"using":"xpath","value":"//*[@id=\"application-manageresources-display-component---newResourceUnit--newRRUPage-anchBar-application-manageresources-display-component---newResourceUnit--resource-anchor\"]"}
COMMAND: POST /session/7b6bf687a76b2f82f8be10a20d274994/element/f.5952FD13A0E9015951015C7D643014E2.d.F79387094EC60EE9700A3FFB9D21CC59.e.1406/click - {}
RESULT: {}
COMMAND: POST /session/7b6bf687a76b2f82f8be10a20d274994/execute/async - {"script":"<script> [1562 bytes]","args":[{"selector":{"id":"application-manageresources-display-component---newResourceUnit--PLANNED_DELIVERY_DATE","interaction":{"idSuffix":"inner"}},"wdio_ui5_key":"applicationmanageresources-display-component---newResourceUnit--PLANNED_DELIVERY_DATE"}]}
COMMAND: GET /session/7b6bf687a76b2f82f8be10a20d274994/screenshot - {}
RESULT: {"script":"<script> [1562 bytes]","args":[{"selector":{"id":"application-manageresources-display-component---newResourceUnit--PLANNED_DELIVERY_DATE","interaction":{"idSuffix":"inner"}},"wdio_ui5_key":"applicationmanageresources-display-component---newResourceUnit--PLANNED_DELIVERY_DATE"}]}
RESULT: undefined
COMMAND: POST /session/7b6bf687a76b2f82f8be10a20d274994/execute/async - {"script":"<script> [6424 bytes]","args":[{"element-6066-11e4-a52e-4f735466cecf":"f.5952FD13A0E9015951015C7D643014E2.d.F79387094EC60EE9700A3FFB9D21CC59.e.1264"},"setValue",["5/2/25"]]}
RESULT: {}
RESULT: {"script":"<script> [6424 bytes]","args":[{"element-6066-11e4-a52e-4f735466cecf":"f.5952FD13A0E9015951015C7D643014E2.d.F79387094EC60EE9700A3FFB9D21CC59.e.1264"},"setValue",["5/2/25"]]}
COMMAND: POST /session/7b6bf687a76b2f82f8be10a20d274994/element - {"using":"xpath","value":"//button[@data-kt=\"resourceUnitSaveButton\"]"}
RESULT: {"using":"xpath","value":"//button[@data-kt=\"resourceUnitSaveButton\"]"}
COMMAND: POST /session/7b6bf687a76b2f82f8be10a20d274994/element/f.5952FD13A0E9015951015C7D643014E2.d.F79387094EC60EE9700A3FFB9D21CC59.e.1225/click - {}
RESULT: {}
COMMAND: GET /session/7b6bf687a76b2f82f8be10a20d274994/screenshot - {}
RESULT: {}
COMMAND: POST /session/7b6bf687a76b2f82f8be10a20d274994/element - {"using":"xpath","value":"//bdi[contains(text(), \"Close\")]"}
RESULT: {"using":"xpath","value":"//bdi[contains(text(), \"Close\")]"}
COMMAND: POST /session/7b6bf687a76b2f82f8be10a20d274994/element/f.5952FD13A0E9015951015C7D643014E2.d.F79387094EC60EE9700A3FFB9D21CC59.e.1414/click - {}
RESULT: {}
COMMAND: GET /session/7b6bf687a76b2f82f8be10a20d274994/screenshot - {}
RESULT: {}
COMMAND: POST /session/7b6bf687a76b2f82f8be10a20d274994/element - {"using":"xpath","value":"(//button[contains(@id ,\"actionsToolbar-overflowButton\")])[1]"}
RESULT: {"using":"xpath","value":"(//button[contains(@id ,\"actionsToolbar-overflowButton\")])[1]"}
COMMAND: POST /session/7b6bf687a76b2f82f8be10a20d274994/element/f.5952FD13A0E9015951015C7D643014E2.d.F79387094EC60EE9700A3FFB9D21CC59.e.1445/click - {}
RESULT: {}
COMMAND: GET /session/7b6bf687a76b2f82f8be10a20d274994/screenshot - {}
RESULT: {}
COMMAND: POST /session/7b6bf687a76b2f82f8be10a20d274994/element - {"using":"xpath","value":"//button[@data-kt=\"priceInfoButton\"]"}
RESULT: {"using":"xpath","value":"//button[@data-kt=\"priceInfoButton\"]"}
COMMAND: POST /session/7b6bf687a76b2f82f8be10a20d274994/element/f.5952FD13A0E9015951015C7D643014E2.d.F79387094EC60EE9700A3FFB9D21CC59.e.1447/click - {}
RESULT: {}
COMMAND: GET /session/7b6bf687a76b2f82f8be10a20d274994/screenshot - {}
RESULT: {}
COMMAND: POST /session/7b6bf687a76b2f82f8be10a20d274994/element - {"using":"css selector","value":"#shell-header-logo"}
RESULT: {"using":"css selector","value":"#shell-header-logo"}
COMMAND: POST /session/7b6bf687a76b2f82f8be10a20d274994/element/f.5952FD13A0E9015951015C7D643014E2.d.F79387094EC60EE9700A3FFB9D21CC59.e.1014/click - {}
RESULT: {}
]]></system-out>
    </testcase>
    <testcase classname="chrome.135_0_7049_96.windows.Create_condition_pricing_US117289_US134625" name="Should create new condition" time="71.138">
      <system-out><![CDATA[
COMMAND: POST /session/7b6bf687a76b2f82f8be10a20d274994/execute/async - {"script":"<script> [1562 bytes]","args":[{"selector":{"controlType":"sap.m.Text","properties":{"text":"Manage Conditions & Prices"},"interaction":{"idSuffix":"inner"}},"wdio_ui5_key":"sapm.Text{\"text\":\"Manage Conditions & Prices\"}"}]}
COMMAND: GET /session/7b6bf687a76b2f82f8be10a20d274994/screenshot - {}
RESULT: {"script":"<script> [1562 bytes]","args":[{"selector":{"controlType":"sap.m.Text","properties":{"text":"Manage Conditions & Prices"},"interaction":{"idSuffix":"inner"}},"wdio_ui5_key":"sapm.Text{\"text\":\"Manage Conditions & Prices\"}"}]}
RESULT: undefined
COMMAND: POST /session/7b6bf687a76b2f82f8be10a20d274994/element - {"using":"xpath","value":"//*[@id=\"__tile53-title\"]"}
RESULT: {}
RESULT: {"using":"xpath","value":"//*[@id=\"__tile53-title\"]"}
COMMAND: POST /session/7b6bf687a76b2f82f8be10a20d274994/element/f.5952FD13A0E9015951015C7D643014E2.d.F79387094EC60EE9700A3FFB9D21CC59.e.1486/click - {}
RESULT: {}
COMMAND: POST /session/7b6bf687a76b2f82f8be10a20d274994/element - {"using":"xpath","value":"//button[@aria-label=\"Create\"]"}
COMMAND: GET /session/7b6bf687a76b2f82f8be10a20d274994/screenshot - {}
RESULT: {"using":"xpath","value":"//button[@aria-label=\"Create\"]"}
COMMAND: POST /session/7b6bf687a76b2f82f8be10a20d274994/elements - {"using":"xpath","value":"//button[@aria-label=\"Create\"]"}
RESULT: {}
RESULT: {"using":"xpath","value":"//button[@aria-label=\"Create\"]"}
COMMAND: POST /session/7b6bf687a76b2f82f8be10a20d274994/elements - {"using":"xpath","value":"//button[@aria-label=\"Create\"]"}
RESULT: {"using":"xpath","value":"//button[@aria-label=\"Create\"]"}
COMMAND: POST /session/7b6bf687a76b2f82f8be10a20d274994/elements - {"using":"xpath","value":"//button[@aria-label=\"Create\"]"}
RESULT: {"using":"xpath","value":"//button[@aria-label=\"Create\"]"}
COMMAND: POST /session/7b6bf687a76b2f82f8be10a20d274994/elements - {"using":"xpath","value":"//button[@aria-label=\"Create\"]"}
RESULT: {"using":"xpath","value":"//button[@aria-label=\"Create\"]"}
COMMAND: POST /session/7b6bf687a76b2f82f8be10a20d274994/element - {"using":"xpath","value":"//button[@aria-label=\"Create\"]"}
RESULT: {"using":"xpath","value":"//button[@aria-label=\"Create\"]"}
COMMAND: POST /session/7b6bf687a76b2f82f8be10a20d274994/execute/sync - {"script":"<script> [8489 bytes]","args":[{"element-6066-11e4-a52e-4f735466cecf":"f.5952FD13A0E9015951015C7D643014E2.d.F79387094EC60EE9700A3FFB9D21CC59.e.1521","ELEMENT":"f.5952FD13A0E9015951015C7D643014E2.d.F79387094EC60EE9700A3FFB9D21CC59.e.1521"}]}
RESULT: {"script":"<script> [8489 bytes]","args":[{"element-6066-11e4-a52e-4f735466cecf":"f.5952FD13A0E9015951015C7D643014E2.d.F79387094EC60EE9700A3FFB9D21CC59.e.1521","ELEMENT":"f.5952FD13A0E9015951015C7D643014E2.d.F79387094EC60EE9700A3FFB9D21CC59.e.1521"}]}
COMMAND: GET /session/7b6bf687a76b2f82f8be10a20d274994/element/f.5952FD13A0E9015951015C7D643014E2.d.F79387094EC60EE9700A3FFB9D21CC59.e.1521/enabled - {}
COMMAND: GET /session/7b6bf687a76b2f82f8be10a20d274994/screenshot - {}
RESULT: {}
COMMAND: POST /session/7b6bf687a76b2f82f8be10a20d274994/execute/sync - {"script":"<script> [8489 bytes]","args":[{"element-6066-11e4-a52e-4f735466cecf":"f.5952FD13A0E9015951015C7D643014E2.d.F79387094EC60EE9700A3FFB9D21CC59.e.1521","ELEMENT":"f.5952FD13A0E9015951015C7D643014E2.d.F79387094EC60EE9700A3FFB9D21CC59.e.1521"}]}
COMMAND: GET /session/7b6bf687a76b2f82f8be10a20d274994/screenshot - {}
RESULT: {}
RESULT: {"script":"<script> [8489 bytes]","args":[{"element-6066-11e4-a52e-4f735466cecf":"f.5952FD13A0E9015951015C7D643014E2.d.F79387094EC60EE9700A3FFB9D21CC59.e.1521","ELEMENT":"f.5952FD13A0E9015951015C7D643014E2.d.F79387094EC60EE9700A3FFB9D21CC59.e.1521"}]}
COMMAND: POST /session/7b6bf687a76b2f82f8be10a20d274994/execute/sync - {"script":"<script> [5351 bytes]","args":[{"element-6066-11e4-a52e-4f735466cecf":"f.5952FD13A0E9015951015C7D643014E2.d.F79387094EC60EE9700A3FFB9D21CC59.e.1521","ELEMENT":"f.5952FD13A0E9015951015C7D643014E2.d.F79387094EC60EE9700A3FFB9D21CC59.e.1521"}]}
COMMAND: GET /session/7b6bf687a76b2f82f8be10a20d274994/screenshot - {}
RESULT: {}
RESULT: {"script":"<script> [5351 bytes]","args":[{"element-6066-11e4-a52e-4f735466cecf":"f.5952FD13A0E9015951015C7D643014E2.d.F79387094EC60EE9700A3FFB9D21CC59.e.1521","ELEMENT":"f.5952FD13A0E9015951015C7D643014E2.d.F79387094EC60EE9700A3FFB9D21CC59.e.1521"}]}
COMMAND: POST /session/7b6bf687a76b2f82f8be10a20d274994/element/f.5952FD13A0E9015951015C7D643014E2.d.F79387094EC60EE9700A3FFB9D21CC59.e.1521/click - {}
COMMAND: GET /session/7b6bf687a76b2f82f8be10a20d274994/screenshot - {}
RESULT: {}
RESULT: {}
COMMAND: GET /session/7b6bf687a76b2f82f8be10a20d274994/screenshot - {}
RESULT: {}
RESULT: {}
COMMAND: POST /session/7b6bf687a76b2f82f8be10a20d274994/actions - {"actions":[{"id":"action6","type":"key","parameters":{},"actions":[{"type":"keyDown","value":"î€‡"},{"type":"pause","duration":10},{"type":"keyUp","value":"î€‡"}]}]}
RESULT: {"actions":[{"id":"action6","type":"key","parameters":{},"actions":[{"type":"keyDown","value":"î€‡"},{"type":"pause","duration":10},{"type":"keyUp","value":"î€‡"}]}]}
COMMAND: GET /session/7b6bf687a76b2f82f8be10a20d274994/screenshot - {}
RESULT: {}
COMMAND: POST /session/7b6bf687a76b2f82f8be10a20d274994/execute/async - {"script":"<script> [1562 bytes]","args":[{"selector":{"id":"application-manageconditionprice-display-component---newCondition--condBillCond-arrow"},"wdio_ui5_key":"applicationmanageconditionprice-display-component---newCondition--condBillCond-arrow"}]}
RESULT: {"script":"<script> [1562 bytes]","args":[{"selector":{"id":"application-manageconditionprice-display-component---newCondition--condBillCond-arrow"},"wdio_ui5_key":"applicationmanageconditionprice-display-component---newCondition--condBillCond-arrow"}]}
RESULT: undefined
COMMAND: POST /session/7b6bf687a76b2f82f8be10a20d274994/element - {"using":"xpath","value":"//*[@id=\"application-manageconditionprice-display-component---newCondition--condBillCond-arrow\"]"}
RESULT: {"using":"xpath","value":"//*[@id=\"application-manageconditionprice-display-component---newCondition--condBillCond-arrow\"]"}
COMMAND: POST /session/7b6bf687a76b2f82f8be10a20d274994/element/f.5952FD13A0E9015951015C7D643014E2.d.F79387094EC60EE9700A3FFB9D21CC59.e.1701/click - {}
RESULT: {}
COMMAND: GET /session/7b6bf687a76b2f82f8be10a20d274994/screenshot - {}
RESULT: {}
COMMAND: POST /session/7b6bf687a76b2f82f8be10a20d274994/element - {"using":"xpath","value":"//li[.//span[contains(text(), \"SAPR - Sales price\")]]"}
RESULT: {"using":"xpath","value":"//li[.//span[contains(text(), \"SAPR - Sales price\")]]"}
COMMAND: POST /session/7b6bf687a76b2f82f8be10a20d274994/element/f.5952FD13A0E9015951015C7D643014E2.d.F79387094EC60EE9700A3FFB9D21CC59.e.1704/click - {}
RESULT: {}
COMMAND: GET /session/7b6bf687a76b2f82f8be10a20d274994/screenshot - {}
RESULT: {}
COMMAND: POST /session/7b6bf687a76b2f82f8be10a20d274994/execute/async - {"script":"<script> [1562 bytes]","args":[{"selector":{"id":"application-manageconditionprice-display-component---newCondition--condValidTo","interaction":{"idSuffix":"inner"}},"wdio_ui5_key":"applicationmanageconditionprice-display-component---newCondition--condValidTo"}]}
RESULT: {"script":"<script> [1562 bytes]","args":[{"selector":{"id":"application-manageconditionprice-display-component---newCondition--condValidTo","interaction":{"idSuffix":"inner"}},"wdio_ui5_key":"applicationmanageconditionprice-display-component---newCondition--condValidTo"}]}
RESULT: undefined
COMMAND: POST /session/7b6bf687a76b2f82f8be10a20d274994/execute/async - {"script":"<script> [776 bytes]","args":[{"enterText":"01/02/26","selector":{"id":"application-manageconditionprice-display-component---newCondition--condValidTo","interaction":{"idSuffix":"inner"}},"clearTextFirst":true,"interactionType":"ENTER_TEXT"}]}
RESULT: {"script":"<script> [776 bytes]","args":[{"enterText":"01/02/26","selector":{"id":"application-manageconditionprice-display-component---newCondition--condValidTo","interaction":{"idSuffix":"inner"}},"clearTextFirst":true,"interactionType":"ENTER_TEXT"}]}
COMMAND: POST /session/7b6bf687a76b2f82f8be10a20d274994/element - {"using":"xpath","value":"//input[@id=\"application-manageconditionprice-display-component---newCondition--condRU-inner\"]"}
RESULT: {"using":"xpath","value":"//input[@id=\"application-manageconditionprice-display-component---newCondition--condRU-inner\"]"}
COMMAND: POST /session/7b6bf687a76b2f82f8be10a20d274994/element/f.5952FD13A0E9015951015C7D643014E2.d.F79387094EC60EE9700A3FFB9D21CC59.e.1567/clear - {}
RESULT: {}
COMMAND: POST /session/7b6bf687a76b2f82f8be10a20d274994/element/f.5952FD13A0E9015951015C7D643014E2.d.F79387094EC60EE9700A3FFB9D21CC59.e.1567/value - {"text":"bW6QPFDkuL"}
COMMAND: GET /session/7b6bf687a76b2f82f8be10a20d274994/screenshot - {}
RESULT: {"text":"bW6QPFDkuL"}
COMMAND: GET /session/7b6bf687a76b2f82f8be10a20d274994/screenshot - {}
RESULT: {}
RESULT: {}
COMMAND: POST /session/7b6bf687a76b2f82f8be10a20d274994/actions - {"actions":[{"id":"action7","type":"key","parameters":{},"actions":[{"type":"keyDown","value":"î€‡"},{"type":"pause","duration":10},{"type":"keyUp","value":"î€‡"}]}]}
RESULT: {"actions":[{"id":"action7","type":"key","parameters":{},"actions":[{"type":"keyDown","value":"î€‡"},{"type":"pause","duration":10},{"type":"keyUp","value":"î€‡"}]}]}
COMMAND: POST /session/7b6bf687a76b2f82f8be10a20d274994/execute/async - {"script":"<script> [1562 bytes]","args":[{"selector":{"id":"application-manageconditionprice-display-component---newCondition--condBaseQty","interaction":{"idSuffix":"inner"}},"wdio_ui5_key":"applicationmanageconditionprice-display-component---newCondition--condBaseQty"}]}
COMMAND: GET /session/7b6bf687a76b2f82f8be10a20d274994/screenshot - {}
RESULT: {"script":"<script> [1562 bytes]","args":[{"selector":{"id":"application-manageconditionprice-display-component---newCondition--condBaseQty","interaction":{"idSuffix":"inner"}},"wdio_ui5_key":"applicationmanageconditionprice-display-component---newCondition--condBaseQty"}]}
RESULT: undefined
COMMAND: POST /session/7b6bf687a76b2f82f8be10a20d274994/execute/async - {"script":"<script> [776 bytes]","args":[{"enterText":"1","selector":{"id":"application-manageconditionprice-display-component---newCondition--condBaseQty","interaction":{"idSuffix":"inner"}},"clearTextFirst":true,"interactionType":"ENTER_TEXT"}]}
RESULT: {}
RESULT: {"script":"<script> [776 bytes]","args":[{"enterText":"1","selector":{"id":"application-manageconditionprice-display-component---newCondition--condBaseQty","interaction":{"idSuffix":"inner"}},"clearTextFirst":true,"interactionType":"ENTER_TEXT"}]}
COMMAND: POST /session/7b6bf687a76b2f82f8be10a20d274994/execute/async - {"script":"<script> [1562 bytes]","args":[{"selector":{"id":"application-manageconditionprice-display-component---newCondition--condValue","interaction":{"idSuffix":"inner"}},"wdio_ui5_key":"applicationmanageconditionprice-display-component---newCondition--condValue"}]}
RESULT: {"script":"<script> [1562 bytes]","args":[{"selector":{"id":"application-manageconditionprice-display-component---newCondition--condValue","interaction":{"idSuffix":"inner"}},"wdio_ui5_key":"applicationmanageconditionprice-display-component---newCondition--condValue"}]}
RESULT: undefined
COMMAND: POST /session/7b6bf687a76b2f82f8be10a20d274994/execute/async - {"script":"<script> [776 bytes]","args":[{"enterText":"200","selector":{"id":"application-manageconditionprice-display-component---newCondition--condValue","interaction":{"idSuffix":"inner"}},"clearTextFirst":true,"interactionType":"ENTER_TEXT"}]}
RESULT: {"script":"<script> [776 bytes]","args":[{"enterText":"200","selector":{"id":"application-manageconditionprice-display-component---newCondition--condValue","interaction":{"idSuffix":"inner"}},"clearTextFirst":true,"interactionType":"ENTER_TEXT"}]}
COMMAND: POST /session/7b6bf687a76b2f82f8be10a20d274994/execute/async - {"script":"<script> [1562 bytes]","args":[{"selector":{"id":"application-manageconditionprice-display-component---newCondition--condCurr-arrow"},"wdio_ui5_key":"applicationmanageconditionprice-display-component---newCondition--condCurr-arrow"}]}
RESULT: {"script":"<script> [1562 bytes]","args":[{"selector":{"id":"application-manageconditionprice-display-component---newCondition--condCurr-arrow"},"wdio_ui5_key":"applicationmanageconditionprice-display-component---newCondition--condCurr-arrow"}]}
RESULT: undefined
COMMAND: POST /session/7b6bf687a76b2f82f8be10a20d274994/element - {"using":"xpath","value":"//*[@id=\"application-manageconditionprice-display-component---newCondition--condCurr-arrow\"]"}
RESULT: {"using":"xpath","value":"//*[@id=\"application-manageconditionprice-display-component---newCondition--condCurr-arrow\"]"}
COMMAND: POST /session/7b6bf687a76b2f82f8be10a20d274994/element/f.5952FD13A0E9015951015C7D643014E2.d.F79387094EC60EE9700A3FFB9D21CC59.e.1673/click - {}
RESULT: {}
COMMAND: POST /session/7b6bf687a76b2f82f8be10a20d274994/element - {"using":"xpath","value":"//span[contains(text(), \"Euro\")]"}
COMMAND: GET /session/7b6bf687a76b2f82f8be10a20d274994/screenshot - {}
RESULT: {"using":"xpath","value":"//span[contains(text(), \"Euro\")]"}
COMMAND: POST /session/7b6bf687a76b2f82f8be10a20d274994/element/f.5952FD13A0E9015951015C7D643014E2.d.F79387094EC60EE9700A3FFB9D21CC59.e.1742/click - {}
RESULT: {}
RESULT: {}
COMMAND: POST /session/7b6bf687a76b2f82f8be10a20d274994/element - {"using":"xpath","value":"//button[@data-kt=\"saveButton\"]"}
COMMAND: GET /session/7b6bf687a76b2f82f8be10a20d274994/screenshot - {}
RESULT: {"using":"xpath","value":"//button[@data-kt=\"saveButton\"]"}
COMMAND: POST /session/7b6bf687a76b2f82f8be10a20d274994/element/f.5952FD13A0E9015951015C7D643014E2.d.F79387094EC60EE9700A3FFB9D21CC59.e.1674/click - {}
RESULT: {}
RESULT: {}
COMMAND: GET /session/7b6bf687a76b2f82f8be10a20d274994/screenshot - {}
RESULT: {}
COMMAND: POST /session/7b6bf687a76b2f82f8be10a20d274994/execute/async - {"script":"<script> [1562 bytes]","args":[{"selector":{"id":"application-manageconditionprice-display-component---conditions--smartFilterBar-btnBasicSearch","interaction":{"idSuffix":"I"}},"wdio_ui5_key":"applicationmanageconditionprice-display-component---conditions--smartFilterBar-btnBasicSearch"}]}
RESULT: {"script":"<script> [1562 bytes]","args":[{"selector":{"id":"application-manageconditionprice-display-component---conditions--smartFilterBar-btnBasicSearch","interaction":{"idSuffix":"I"}},"wdio_ui5_key":"applicationmanageconditionprice-display-component---conditions--smartFilterBar-btnBasicSearch"}]}
RESULT: undefined
COMMAND: POST /session/7b6bf687a76b2f82f8be10a20d274994/execute/async - {"script":"<script> [776 bytes]","args":[{"enterText":"bW6QPFDkuL","selector":{"id":"application-manageconditionprice-display-component---conditions--smartFilterBar-btnBasicSearch","interaction":{"idSuffix":"I"}},"clearTextFirst":true,"interactionType":"ENTER_TEXT"}]}
RESULT: {"script":"<script> [776 bytes]","args":[{"enterText":"bW6QPFDkuL","selector":{"id":"application-manageconditionprice-display-component---conditions--smartFilterBar-btnBasicSearch","interaction":{"idSuffix":"I"}},"clearTextFirst":true,"interactionType":"ENTER_TEXT"}]}
COMMAND: POST /session/7b6bf687a76b2f82f8be10a20d274994/actions - {"actions":[{"id":"action8","type":"key","parameters":{},"actions":[{"type":"keyDown","value":"î€‡"},{"type":"pause","duration":10},{"type":"keyUp","value":"î€‡"}]}]}
RESULT: {"actions":[{"id":"action8","type":"key","parameters":{},"actions":[{"type":"keyDown","value":"î€‡"},{"type":"pause","duration":10},{"type":"keyUp","value":"î€‡"}]}]}
COMMAND: GET /session/7b6bf687a76b2f82f8be10a20d274994/screenshot - {}
RESULT: {}
COMMAND: POST /session/7b6bf687a76b2f82f8be10a20d274994/execute/async - {"script":"<script> [1562 bytes]","args":[{"selector":{"id":"application-manageconditionprice-display-component---conditions--smartFilterBar-filterItemControl_BASIC-BILL_TYPES-vhi"},"wdio_ui5_key":"applicationmanageconditionprice-display-component---conditions--smartFilterBar-filterItemControl_BASIC-BILL_TYPES-vhi"}]}
RESULT: {"script":"<script> [1562 bytes]","args":[{"selector":{"id":"application-manageconditionprice-display-component---conditions--smartFilterBar-filterItemControl_BASIC-BILL_TYPES-vhi"},"wdio_ui5_key":"applicationmanageconditionprice-display-component---conditions--smartFilterBar-filterItemControl_BASIC-BILL_TYPES-vhi"}]}
RESULT: undefined
COMMAND: POST /session/7b6bf687a76b2f82f8be10a20d274994/element - {"using":"xpath","value":"//*[@id=\"application-manageconditionprice-display-component---conditions--smartFilterBar-filterItemControl_BASIC-BILL_TYPES-vhi\"]"}
RESULT: {"using":"xpath","value":"//*[@id=\"application-manageconditionprice-display-component---conditions--smartFilterBar-filterItemControl_BASIC-BILL_TYPES-vhi\"]"}
COMMAND: POST /session/7b6bf687a76b2f82f8be10a20d274994/element/f.5952FD13A0E9015951015C7D643014E2.d.F79387094EC60EE9700A3FFB9D21CC59.e.1849/click - {}
RESULT: {}
COMMAND: POST /session/7b6bf687a76b2f82f8be10a20d274994/execute/async - {"script":"<script> [1562 bytes]","args":[{"selector":{"id":"application-manageconditionprice-display-component---conditions--smartFilterBar-filterItemControl_BASIC-BILL_TYPES-valueHelpDialog-smartFilterBar-btnBasicSearch","searchOpenDialogs":true,"interaction":{"idSuffix":"I"}},"wdio_ui5_key":"applicationmanageconditionprice-display-component---conditions--smartFilterBar-filterItemControl_BASIC-BILL_TYPES-valueHelpDialog-smartFilterBar-btnBasicSearch"}]}
COMMAND: GET /session/7b6bf687a76b2f82f8be10a20d274994/screenshot - {}
RESULT: {"script":"<script> [1562 bytes]","args":[{"selector":{"id":"application-manageconditionprice-display-component---conditions--smartFilterBar-filterItemControl_BASIC-BILL_TYPES-valueHelpDialog-smartFilterBar-btnBasicSearch","searchOpenDialogs":true,"interaction":{"idSuffix":"I"}},"wdio_ui5_key":"applicationmanageconditionprice-display-component---conditions--smartFilterBar-filterItemControl_BASIC-BILL_TYPES-valueHelpDialog-smartFilterBar-btnBasicSearch"}]}
RESULT: undefined
COMMAND: POST /session/7b6bf687a76b2f82f8be10a20d274994/execute/async - {"script":"<script> [776 bytes]","args":[{"enterText":"one","selector":{"id":"application-manageconditionprice-display-component---conditions--smartFilterBar-filterItemControl_BASIC-BILL_TYPES-valueHelpDialog-smartFilterBar-btnBasicSearch","searchOpenDialogs":true,"interaction":{"idSuffix":"I"}},"clearTextFirst":true,"interactionType":"ENTER_TEXT"}]}
RESULT: {}
RESULT: {"script":"<script> [776 bytes]","args":[{"enterText":"one","selector":{"id":"application-manageconditionprice-display-component---conditions--smartFilterBar-filterItemControl_BASIC-BILL_TYPES-valueHelpDialog-smartFilterBar-btnBasicSearch","searchOpenDialogs":true,"interaction":{"idSuffix":"I"}},"clearTextFirst":true,"interactionType":"ENTER_TEXT"}]}
COMMAND: POST /session/7b6bf687a76b2f82f8be10a20d274994/actions - {"actions":[{"id":"action9","type":"key","parameters":{},"actions":[{"type":"keyDown","value":"î€‡"},{"type":"pause","duration":10},{"type":"keyUp","value":"î€‡"}]}]}
RESULT: {"actions":[{"id":"action9","type":"key","parameters":{},"actions":[{"type":"keyDown","value":"î€‡"},{"type":"pause","duration":10},{"type":"keyUp","value":"î€‡"}]}]}
COMMAND: GET /session/7b6bf687a76b2f82f8be10a20d274994/screenshot - {}
RESULT: {}
COMMAND: POST /session/7b6bf687a76b2f82f8be10a20d274994/element - {"using":"xpath","value":"//div[contains(@id, 'application-manageconditionprice-display-component---conditions--smartFilterBar-filterItemControl_BASIC-BILL_TYPES-valueHelpDialog-table-rowsel0')]"}
RESULT: {"using":"xpath","value":"//div[contains(@id, 'application-manageconditionprice-display-component---conditions--smartFilterBar-filterItemControl_BASIC-BILL_TYPES-valueHelpDialog-table-rowsel0')]"}
COMMAND: POST /session/7b6bf687a76b2f82f8be10a20d274994/element/f.5952FD13A0E9015951015C7D643014E2.d.F79387094EC60EE9700A3FFB9D21CC59.e.1859/click - {}
RESULT: {}
COMMAND: GET /session/7b6bf687a76b2f82f8be10a20d274994/screenshot - {}
RESULT: {}
COMMAND: POST /session/7b6bf687a76b2f82f8be10a20d274994/element - {"using":"xpath","value":"//bdi[contains(text(), \"OK\")]"}
RESULT: {"using":"xpath","value":"//bdi[contains(text(), \"OK\")]"}
COMMAND: POST /session/7b6bf687a76b2f82f8be10a20d274994/element/f.5952FD13A0E9015951015C7D643014E2.d.F79387094EC60EE9700A3FFB9D21CC59.e.1861/click - {}
RESULT: {}
COMMAND: GET /session/7b6bf687a76b2f82f8be10a20d274994/screenshot - {}
RESULT: {}
COMMAND: POST /session/7b6bf687a76b2f82f8be10a20d274994/element - {"using":"xpath","value":"//span[@id=\"application-manageconditionprice-display-component---conditions--smartTable-header-inner\"]"}
RESULT: {"using":"xpath","value":"//span[@id=\"application-manageconditionprice-display-component---conditions--smartTable-header-inner\"]"}
COMMAND: POST /session/7b6bf687a76b2f82f8be10a20d274994/elements - {"using":"xpath","value":"//span[@id=\"application-manageconditionprice-display-component---conditions--smartTable-header-inner\"]"}
RESULT: {"using":"xpath","value":"//span[@id=\"application-manageconditionprice-display-component---conditions--smartTable-header-inner\"]"}
COMMAND: POST /session/7b6bf687a76b2f82f8be10a20d274994/execute/sync - {"script":"<script> [56 bytes]","args":[{"element-6066-11e4-a52e-4f735466cecf":"f.5952FD13A0E9015951015C7D643014E2.d.F79387094EC60EE9700A3FFB9D21CC59.e.1864","ELEMENT":"f.5952FD13A0E9015951015C7D643014E2.d.F79387094EC60EE9700A3FFB9D21CC59.e.1864"}]}
RESULT: {"script":"<script> [56 bytes]","args":[{"element-6066-11e4-a52e-4f735466cecf":"f.5952FD13A0E9015951015C7D643014E2.d.F79387094EC60EE9700A3FFB9D21CC59.e.1864","ELEMENT":"f.5952FD13A0E9015951015C7D643014E2.d.F79387094EC60EE9700A3FFB9D21CC59.e.1864"}]}
COMMAND: POST /session/7b6bf687a76b2f82f8be10a20d274994/element - {"using":"css selector","value":"#shell-header-logo"}
COMMAND: GET /session/7b6bf687a76b2f82f8be10a20d274994/screenshot - {}
RESULT: {"using":"css selector","value":"#shell-header-logo"}
COMMAND: POST /session/7b6bf687a76b2f82f8be10a20d274994/element/f.5952FD13A0E9015951015C7D643014E2.d.F79387094EC60EE9700A3FFB9D21CC59.e.1489/click - {}
RESULT: {}
RESULT: {}
COMMAND: GET /session/7b6bf687a76b2f82f8be10a20d274994/screenshot - {}
RESULT: {}
COMMAND: POST /session/7b6bf687a76b2f82f8be10a20d274994/element - {"using":"css selector","value":"#j_username"}
COMMAND: POST /session/7b6bf687a76b2f82f8be10a20d274994/url - {"url":"https://qa-testing-00-live-etm-ui.cfapps.eu10-004.hana.ondemand.com/"}
RESULT: {"using":"css selector","value":"#j_username"}
COMMAND: POST /session/7b6bf687a76b2f82f8be10a20d274994/element - {"using":"css selector","value":"#j_username"}
RESULT: {"url":"https://qa-testing-00-live-etm-ui.cfapps.eu10-004.hana.ondemand.com/"}
RESULT: undefined
COMMAND: GET /session/7b6bf687a76b2f82f8be10a20d274994/screenshot - {}
RESULT: {"using":"css selector","value":"#j_username"}
COMMAND: POST /session/7b6bf687a76b2f82f8be10a20d274994/element - {"using":"css selector","value":"#shell-header-logo"}
RESULT: {}
RESULT: {"using":"css selector","value":"#shell-header-logo"}
COMMAND: POST /session/7b6bf687a76b2f82f8be10a20d274994/execute/sync - {"script":"<script> [8489 bytes]","args":[{"element-6066-11e4-a52e-4f735466cecf":"f.5952FD13A0E9015951015C7D643014E2.d.496EC13FEAD3019D6126D074EAC79BBD.e.1883","ELEMENT":"f.5952FD13A0E9015951015C7D643014E2.d.496EC13FEAD3019D6126D074EAC79BBD.e.1883"}]}
RESULT: {"script":"<script> [8489 bytes]","args":[{"element-6066-11e4-a52e-4f735466cecf":"f.5952FD13A0E9015951015C7D643014E2.d.496EC13FEAD3019D6126D074EAC79BBD.e.1883","ELEMENT":"f.5952FD13A0E9015951015C7D643014E2.d.496EC13FEAD3019D6126D074EAC79BBD.e.1883"}]}
COMMAND: POST /session/7b6bf687a76b2f82f8be10a20d274994/element - {"using":"css selector","value":"#shell-header-logo"}
COMMAND: GET /session/7b6bf687a76b2f82f8be10a20d274994/screenshot - {}
RESULT: {"using":"css selector","value":"#shell-header-logo"}
COMMAND: POST /session/7b6bf687a76b2f82f8be10a20d274994/execute/sync - {"script":"<script> [8489 bytes]","args":[{"element-6066-11e4-a52e-4f735466cecf":"f.5952FD13A0E9015951015C7D643014E2.d.496EC13FEAD3019D6126D074EAC79BBD.e.1883","ELEMENT":"f.5952FD13A0E9015951015C7D643014E2.d.496EC13FEAD3019D6126D074EAC79BBD.e.1883"}]}
RESULT: {}
RESULT: {"script":"<script> [8489 bytes]","args":[{"element-6066-11e4-a52e-4f735466cecf":"f.5952FD13A0E9015951015C7D643014E2.d.496EC13FEAD3019D6126D074EAC79BBD.e.1883","ELEMENT":"f.5952FD13A0E9015951015C7D643014E2.d.496EC13FEAD3019D6126D074EAC79BBD.e.1883"}]}
COMMAND: POST /session/7b6bf687a76b2f82f8be10a20d274994/execute/sync - {"script":"<script> [5351 bytes]","args":[{"element-6066-11e4-a52e-4f735466cecf":"f.5952FD13A0E9015951015C7D643014E2.d.496EC13FEAD3019D6126D074EAC79BBD.e.1883","ELEMENT":"f.5952FD13A0E9015951015C7D643014E2.d.496EC13FEAD3019D6126D074EAC79BBD.e.1883"}]}
COMMAND: GET /session/7b6bf687a76b2f82f8be10a20d274994/screenshot - {}
RESULT: {"script":"<script> [5351 bytes]","args":[{"element-6066-11e4-a52e-4f735466cecf":"f.5952FD13A0E9015951015C7D643014E2.d.496EC13FEAD3019D6126D074EAC79BBD.e.1883","ELEMENT":"f.5952FD13A0E9015951015C7D643014E2.d.496EC13FEAD3019D6126D074EAC79BBD.e.1883"}]}
COMMAND: POST /session/7b6bf687a76b2f82f8be10a20d274994/element - {"using":"css selector","value":"#shell-header-logo"}
COMMAND: GET /session/7b6bf687a76b2f82f8be10a20d274994/screenshot - {}
RESULT: {}
RESULT: {"using":"css selector","value":"#shell-header-logo"}
COMMAND: POST /session/7b6bf687a76b2f82f8be10a20d274994/element/f.5952FD13A0E9015951015C7D643014E2.d.496EC13FEAD3019D6126D074EAC79BBD.e.1883/click - {}
RESULT: {}
RESULT: {}
COMMAND: GET /session/7b6bf687a76b2f82f8be10a20d274994/screenshot - {}
RESULT: {}
COMMAND: POST /session/7b6bf687a76b2f82f8be10a20d274994/execute/async - {"script":"<script> [189 bytes]","args":[]}
RESULT: {"script":"<script> [189 bytes]","args":[]}
COMMAND: POST /session/7b6bf687a76b2f82f8be10a20d274994/execute/async - {"script":"<script> [123 bytes]","args":[]}
RESULT: {"script":"<script> [123 bytes]","args":[]}
COMMAND: POST /session/7b6bf687a76b2f82f8be10a20d274994/timeouts - {"script":"<number>"}
RESULT: {"script":"<number>"}
COMMAND: GET /session/7b6bf687a76b2f82f8be10a20d274994/timeouts - {}
RESULT: {}
RESULT: undefined
COMMAND: POST /session/7b6bf687a76b2f82f8be10a20d274994/execute/async - {"script":"<script> [2676 bytes]","args":[]}
RESULT: {"script":"<script> [2676 bytes]","args":[]}
COMMAND: POST /session/7b6bf687a76b2f82f8be10a20d274994/execute/async - {"script":"<script> [2342 bytes]","args":[{"protocol":"http","hostname":"0.0.0.0","path":"/","capabilities":{"browserName":"chrome","goog:chromeOptions":{"binary":"C:\\Program Files\\Google\\Chrome\\Application\\chrome.exe","args":["--start-maximized"]}},"logLevel":"warn","connectionRetryTimeout":120000,"connectionRetryCount":3,"logLevels":{},"enableDirectConnect":true,"strictSSL":true,"_":"65 more keys: [\"cacheDir\",\"port\",\"requestedCapabilities\",\"automationProtocol\",\"baseUrl\",\"waitforInterval\",\"waitforTimeout\",\"onReload\",\"beforeCommand\",\"afterCommand\",\"rootDir\",\"specs\",\"suites\",\"exclude\",\"groupLogsByTestSpec\",\"excludeDriverLogs\",\"bail\",\"framework\",\"reporters\",\"services\",\"maxInstances\",\"maxInstancesPerCapability\",\"injectGlobals\",\"filesToWatch\",\"execArgv\",\"runnerEnv\",\"runner\",\"shard\",\"specFileRetries\",\"specFileRetriesDelay\",\"specFileRetriesDeferred\",\"reporterSyncInterval\",\"reporterSyncTimeout\",\"cucumberFeaturesWithLineNumbers\",\"autoCompileOpts\",\"mochaOpts\",\"jasmineOpts\",\"cucumberOpts\",\"onPrepare\",\"onWorkerStart\",\"onWorkerEnd\",\"before\",\"beforeSession\",\"beforeSuite\",\"beforeHook\",\"beforeTest\",\"afterTest\",\"afterHook\",\"afterSuite\",\"afterSession\",\"after\",\"onComplete\",\"beforeAssertion\",\"afterAssertion\",\"beforeFeature\",\"beforeScenario\",\"beforeStep\",\"afterStep\",\"afterScenario\",\"afterFeature\",\"_\",\"suite\",\"$0\",\"ignoredWorkerServices\",\"wdi5\"]"}]}
RESULT: {"script":"<script> [2342 bytes]","args":[{"protocol":"http","hostname":"0.0.0.0","path":"/","capabilities":{"browserName":"chrome","goog:chromeOptions":{"binary":"C:\\Program Files\\Google\\Chrome\\Application\\chrome.exe","args":["--start-maximized"]}},"logLevel":"warn","connectionRetryTimeout":120000,"connectionRetryCount":3,"logLevels":{},"enableDirectConnect":true,"strictSSL":true,"_":"65 more keys: [\"cacheDir\",\"port\",\"requestedCapabilities\",\"automationProtocol\",\"baseUrl\",\"waitforInterval\",\"waitforTimeout\",\"onReload\",\"beforeCommand\",\"afterCommand\",\"rootDir\",\"specs\",\"suites\",\"exclude\",\"groupLogsByTestSpec\",\"excludeDriverLogs\",\"bail\",\"framework\",\"reporters\",\"services\",\"maxInstances\",\"maxInstancesPerCapability\",\"injectGlobals\",\"filesToWatch\",\"execArgv\",\"runnerEnv\",\"runner\",\"shard\",\"specFileRetries\",\"specFileRetriesDelay\",\"specFileRetriesDeferred\",\"reporterSyncInterval\",\"reporterSyncTimeout\",\"cucumberFeaturesWithLineNumbers\",\"autoCompileOpts\",\"mochaOpts\",\"jasmineOpts\",\"cucumberOpts\",\"onPrepare\",\"onWorkerStart\",\"onWorkerEnd\",\"before\",\"beforeSession\",\"beforeSuite\",\"beforeHook\",\"beforeTest\",\"afterTest\",\"afterHook\",\"afterSuite\",\"afterSession\",\"after\",\"onComplete\",\"beforeAssertion\",\"afterAssertion\",\"beforeFeature\",\"beforeScenario\",\"beforeStep\",\"afterStep\",\"afterScenario\",\"afterFeature\",\"_\",\"suite\",\"$0\",\"ignoredWorkerServices\",\"wdi5\"]"}]}
COMMAND: POST /session/7b6bf687a76b2f82f8be10a20d274994/execute/async - {"script":"<script> [21126 bytes]","args":[35000]}
RESULT: {"script":"<script> [21126 bytes]","args":[35000]}
COMMAND: POST /session/7b6bf687a76b2f82f8be10a20d274994/window/maximize - {}
RESULT: {}
COMMAND: POST /session/7b6bf687a76b2f82f8be10a20d274994/execute/async - {"script":"<script> [1562 bytes]","args":[{"selector":{"id":"shell-header","interaction":{"idSuffix":"icon"}},"wdio_ui5_key":"shellheader"}]}
COMMAND: GET /session/7b6bf687a76b2f82f8be10a20d274994/screenshot - {}
RESULT: {"script":"<script> [1562 bytes]","args":[{"selector":{"id":"shell-header","interaction":{"idSuffix":"icon"}},"wdio_ui5_key":"shellheader"}]}
RESULT: undefined
COMMAND: POST /session/7b6bf687a76b2f82f8be10a20d274994/refresh - {}
RESULT: {}
RESULT: {}
COMMAND: GET /session/7b6bf687a76b2f82f8be10a20d274994/screenshot - {}
RESULT: {}
COMMAND: POST /session/7b6bf687a76b2f82f8be10a20d274994/refresh - {}
RESULT: {}
COMMAND: GET /session/7b6bf687a76b2f82f8be10a20d274994/screenshot - {}
RESULT: {}
COMMAND: POST /session/7b6bf687a76b2f82f8be10a20d274994/window/fullscreen - {}
RESULT: {}
COMMAND: POST /session/7b6bf687a76b2f82f8be10a20d274994/execute/async - {"script":"<script> [189 bytes]","args":[]}
RESULT: {"script":"<script> [189 bytes]","args":[]}
COMMAND: POST /session/7b6bf687a76b2f82f8be10a20d274994/execute/async - {"script":"<script> [123 bytes]","args":[]}
RESULT: {"script":"<script> [123 bytes]","args":[]}
COMMAND: POST /session/7b6bf687a76b2f82f8be10a20d274994/timeouts - {"script":"<number>"}
RESULT: {"script":"<number>"}
COMMAND: GET /session/7b6bf687a76b2f82f8be10a20d274994/timeouts - {}
RESULT: {}
RESULT: undefined
COMMAND: POST /session/7b6bf687a76b2f82f8be10a20d274994/execute/async - {"script":"<script> [2676 bytes]","args":[]}
RESULT: {"script":"<script> [2676 bytes]","args":[]}
COMMAND: POST /session/7b6bf687a76b2f82f8be10a20d274994/execute/async - {"script":"<script> [2342 bytes]","args":[{"protocol":"http","hostname":"0.0.0.0","path":"/","capabilities":{"browserName":"chrome","goog:chromeOptions":{"binary":"C:\\Program Files\\Google\\Chrome\\Application\\chrome.exe","args":["--start-maximized"]}},"logLevel":"warn","connectionRetryTimeout":120000,"connectionRetryCount":3,"logLevels":{},"enableDirectConnect":true,"strictSSL":true,"_":"65 more keys: [\"cacheDir\",\"port\",\"requestedCapabilities\",\"automationProtocol\",\"baseUrl\",\"waitforInterval\",\"waitforTimeout\",\"onReload\",\"beforeCommand\",\"afterCommand\",\"rootDir\",\"specs\",\"suites\",\"exclude\",\"groupLogsByTestSpec\",\"excludeDriverLogs\",\"bail\",\"framework\",\"reporters\",\"services\",\"maxInstances\",\"maxInstancesPerCapability\",\"injectGlobals\",\"filesToWatch\",\"execArgv\",\"runnerEnv\",\"runner\",\"shard\",\"specFileRetries\",\"specFileRetriesDelay\",\"specFileRetriesDeferred\",\"reporterSyncInterval\",\"reporterSyncTimeout\",\"cucumberFeaturesWithLineNumbers\",\"autoCompileOpts\",\"mochaOpts\",\"jasmineOpts\",\"cucumberOpts\",\"onPrepare\",\"onWorkerStart\",\"onWorkerEnd\",\"before\",\"beforeSession\",\"beforeSuite\",\"beforeHook\",\"beforeTest\",\"afterTest\",\"afterHook\",\"afterSuite\",\"afterSession\",\"after\",\"onComplete\",\"beforeAssertion\",\"afterAssertion\",\"beforeFeature\",\"beforeScenario\",\"beforeStep\",\"afterStep\",\"afterScenario\",\"afterFeature\",\"_\",\"suite\",\"$0\",\"ignoredWorkerServices\",\"wdi5\"]"}]}
RESULT: {"script":"<script> [2342 bytes]","args":[{"protocol":"http","hostname":"0.0.0.0","path":"/","capabilities":{"browserName":"chrome","goog:chromeOptions":{"binary":"C:\\Program Files\\Google\\Chrome\\Application\\chrome.exe","args":["--start-maximized"]}},"logLevel":"warn","connectionRetryTimeout":120000,"connectionRetryCount":3,"logLevels":{},"enableDirectConnect":true,"strictSSL":true,"_":"65 more keys: [\"cacheDir\",\"port\",\"requestedCapabilities\",\"automationProtocol\",\"baseUrl\",\"waitforInterval\",\"waitforTimeout\",\"onReload\",\"beforeCommand\",\"afterCommand\",\"rootDir\",\"specs\",\"suites\",\"exclude\",\"groupLogsByTestSpec\",\"excludeDriverLogs\",\"bail\",\"framework\",\"reporters\",\"services\",\"maxInstances\",\"maxInstancesPerCapability\",\"injectGlobals\",\"filesToWatch\",\"execArgv\",\"runnerEnv\",\"runner\",\"shard\",\"specFileRetries\",\"specFileRetriesDelay\",\"specFileRetriesDeferred\",\"reporterSyncInterval\",\"reporterSyncTimeout\",\"cucumberFeaturesWithLineNumbers\",\"autoCompileOpts\",\"mochaOpts\",\"jasmineOpts\",\"cucumberOpts\",\"onPrepare\",\"onWorkerStart\",\"onWorkerEnd\",\"before\",\"beforeSession\",\"beforeSuite\",\"beforeHook\",\"beforeTest\",\"afterTest\",\"afterHook\",\"afterSuite\",\"afterSession\",\"after\",\"onComplete\",\"beforeAssertion\",\"afterAssertion\",\"beforeFeature\",\"beforeScenario\",\"beforeStep\",\"afterStep\",\"afterScenario\",\"afterFeature\",\"_\",\"suite\",\"$0\",\"ignoredWorkerServices\",\"wdi5\"]"}]}
COMMAND: POST /session/7b6bf687a76b2f82f8be10a20d274994/execute/async - {"script":"<script> [21126 bytes]","args":[35000]}
RESULT: {"script":"<script> [21126 bytes]","args":[35000]}
]]></system-out>
    </testcase>
  </testsuite>
  <testsuite timestamp="2025-05-02T17:04:29" time="137.738" tests="3" failures="0" errors="0" skipped="0">
    <properties>
      <property name="specId" value="0" />
      <property name="suiteName" value="Set up pricing rule(OT) 104624" />
      <property name="capabilities" value="chrome.135_0_7049_96.windows" />
      <property name="file" value="file:///D:/a/1/s/test/specs/BTS/create-pricing-rule.spec.js" />
    </properties>
    <testcase classname="chrome.135_0_7049_96.windows.Set_up_pricing_rule(OT)_104624" name="Should create a new yard used for all following tests" time="0.016">
      <system-out><![CDATA[
COMMAND: POST /session/7b6bf687a76b2f82f8be10a20d274994/window/fullscreen - {}
RESULT: {}
]]></system-out>
    </testcase>
    <testcase classname="chrome.135_0_7049_96.windows.Set_up_pricing_rule(OT)_104624" name="Should create a new equipment used for all following tests" time="0.005" />
    <testcase classname="chrome.135_0_7049_96.windows.Set_up_pricing_rule(OT)_104624" name="Should create new pricing rule on the created resource from earlier module or above" time="73.602">
      <system-out><![CDATA[
COMMAND: POST /session/7b6bf687a76b2f82f8be10a20d274994/execute/async - {"script":"<script> [1562 bytes]","args":[{"selector":{"controlType":"sap.m.Text","properties":{"text":"Manage Pricing Rules"},"interaction":{"idSuffix":"inner"}},"wdio_ui5_key":"sapm.Text{\"text\":\"Manage Pricing Rules\"}"}]}
RESULT: {"script":"<script> [1562 bytes]","args":[{"selector":{"controlType":"sap.m.Text","properties":{"text":"Manage Pricing Rules"},"interaction":{"idSuffix":"inner"}},"wdio_ui5_key":"sapm.Text{\"text\":\"Manage Pricing Rules\"}"}]}
RESULT: undefined
COMMAND: POST /session/7b6bf687a76b2f82f8be10a20d274994/element - {"using":"xpath","value":"//*[@id=\"__tile55-title\"]"}
RESULT: {"using":"xpath","value":"//*[@id=\"__tile55-title\"]"}
COMMAND: POST /session/7b6bf687a76b2f82f8be10a20d274994/element/f.5952FD13A0E9015951015C7D643014E2.d.F5609249F3BFF56FB0D0A5B6C6EC0EAA.e.2142/click - {}
RESULT: {}
COMMAND: POST /session/7b6bf687a76b2f82f8be10a20d274994/execute/async - {"script":"<script> [1562 bytes]","args":[{"selector":{"controlType":"sap.ui.core.Icon","viewName":"etm.portal.ui.managepricingrules.view.MasterHeader","viewId":"application-managepricingrules-display-component---priceInfoHeader","properties":{"src":{"regex":{"source":"activity\\-items"}}}},"wdio_ui5_key":"etmportal.ui.managepricingrules.view.MasterHeadersap.ui.core.Icon{\"src\":{\"regex\":{\"source\":\"activity\\\\-items\"}}}"}]}
COMMAND: GET /session/7b6bf687a76b2f82f8be10a20d274994/screenshot - {}
RESULT: {"script":"<script> [1562 bytes]","args":[{"selector":{"controlType":"sap.ui.core.Icon","viewName":"etm.portal.ui.managepricingrules.view.MasterHeader","viewId":"application-managepricingrules-display-component---priceInfoHeader","properties":{"src":{"regex":{"source":"activity\\-items"}}}},"wdio_ui5_key":"etmportal.ui.managepricingrules.view.MasterHeadersap.ui.core.Icon{\"src\":{\"regex\":{\"source\":\"activity\\\\-items\"}}}"}]}
RESULT: undefined
COMMAND: POST /session/7b6bf687a76b2f82f8be10a20d274994/element - {"using":"xpath","value":"//*[@id=\"__filter1-icon\"]"}
RESULT: {}
RESULT: {"using":"xpath","value":"//*[@id=\"__filter1-icon\"]"}
COMMAND: POST /session/7b6bf687a76b2f82f8be10a20d274994/element/f.5952FD13A0E9015951015C7D643014E2.d.F5609249F3BFF56FB0D0A5B6C6EC0EAA.e.2192/click - {}
RESULT: {}
COMMAND: GET /session/7b6bf687a76b2f82f8be10a20d274994/screenshot - {}
RESULT: {}
COMMAND: POST /session/7b6bf687a76b2f82f8be10a20d274994/element - {"using":"xpath","value":"//button[@data-kt=\"addButton\"]"}
RESULT: {"using":"xpath","value":"//button[@data-kt=\"addButton\"]"}
COMMAND: POST /session/7b6bf687a76b2f82f8be10a20d274994/elements - {"using":"xpath","value":"//button[@data-kt=\"addButton\"]"}
RESULT: {"using":"xpath","value":"//button[@data-kt=\"addButton\"]"}
COMMAND: POST /session/7b6bf687a76b2f82f8be10a20d274994/execute/sync - {"script":"<script> [8489 bytes]","args":[{"element-6066-11e4-a52e-4f735466cecf":"f.5952FD13A0E9015951015C7D643014E2.d.F5609249F3BFF56FB0D0A5B6C6EC0EAA.e.2240","ELEMENT":"f.5952FD13A0E9015951015C7D643014E2.d.F5609249F3BFF56FB0D0A5B6C6EC0EAA.e.2240"}]}
RESULT: {"script":"<script> [8489 bytes]","args":[{"element-6066-11e4-a52e-4f735466cecf":"f.5952FD13A0E9015951015C7D643014E2.d.F5609249F3BFF56FB0D0A5B6C6EC0EAA.e.2240","ELEMENT":"f.5952FD13A0E9015951015C7D643014E2.d.F5609249F3BFF56FB0D0A5B6C6EC0EAA.e.2240"}]}
COMMAND: GET /session/7b6bf687a76b2f82f8be10a20d274994/element/f.5952FD13A0E9015951015C7D643014E2.d.F5609249F3BFF56FB0D0A5B6C6EC0EAA.e.2240/enabled - {}
COMMAND: GET /session/7b6bf687a76b2f82f8be10a20d274994/screenshot - {}
RESULT: {}
COMMAND: POST /session/7b6bf687a76b2f82f8be10a20d274994/execute/sync - {"script":"<script> [8489 bytes]","args":[{"element-6066-11e4-a52e-4f735466cecf":"f.5952FD13A0E9015951015C7D643014E2.d.F5609249F3BFF56FB0D0A5B6C6EC0EAA.e.2240","ELEMENT":"f.5952FD13A0E9015951015C7D643014E2.d.F5609249F3BFF56FB0D0A5B6C6EC0EAA.e.2240"}]}
COMMAND: GET /session/7b6bf687a76b2f82f8be10a20d274994/screenshot - {}
RESULT: {}
RESULT: {"script":"<script> [8489 bytes]","args":[{"element-6066-11e4-a52e-4f735466cecf":"f.5952FD13A0E9015951015C7D643014E2.d.F5609249F3BFF56FB0D0A5B6C6EC0EAA.e.2240","ELEMENT":"f.5952FD13A0E9015951015C7D643014E2.d.F5609249F3BFF56FB0D0A5B6C6EC0EAA.e.2240"}]}
COMMAND: POST /session/7b6bf687a76b2f82f8be10a20d274994/execute/sync - {"script":"<script> [5351 bytes]","args":[{"element-6066-11e4-a52e-4f735466cecf":"f.5952FD13A0E9015951015C7D643014E2.d.F5609249F3BFF56FB0D0A5B6C6EC0EAA.e.2240","ELEMENT":"f.5952FD13A0E9015951015C7D643014E2.d.F5609249F3BFF56FB0D0A5B6C6EC0EAA.e.2240"}]}
COMMAND: GET /session/7b6bf687a76b2f82f8be10a20d274994/screenshot - {}
RESULT: {}
RESULT: {"script":"<script> [5351 bytes]","args":[{"element-6066-11e4-a52e-4f735466cecf":"f.5952FD13A0E9015951015C7D643014E2.d.F5609249F3BFF56FB0D0A5B6C6EC0EAA.e.2240","ELEMENT":"f.5952FD13A0E9015951015C7D643014E2.d.F5609249F3BFF56FB0D0A5B6C6EC0EAA.e.2240"}]}
COMMAND: POST /session/7b6bf687a76b2f82f8be10a20d274994/element/f.5952FD13A0E9015951015C7D643014E2.d.F5609249F3BFF56FB0D0A5B6C6EC0EAA.e.2240/click - {}
COMMAND: GET /session/7b6bf687a76b2f82f8be10a20d274994/screenshot - {}
RESULT: {}
RESULT: {}
COMMAND: GET /session/7b6bf687a76b2f82f8be10a20d274994/screenshot - {}
RESULT: {}
RESULT: {}
COMMAND: POST /session/7b6bf687a76b2f82f8be10a20d274994/execute/async - {"script":"<script> [1562 bytes]","args":[{"selector":{"controlType":"sap.m.Title","viewName":"etm.portal.ui.managepricingrules.view.NewItem","viewId":"application-managepricingrules-display-component---newInfoPriceItem","properties":{"text":"New Pricing Rules - Item Level"}},"wdio_ui5_key":"etmportal.ui.managepricingrules.view.NewItemsap.m.Title{\"text\":\"New Pricing Rules - Item Level\"}"}]}
RESULT: {"script":"<script> [1562 bytes]","args":[{"selector":{"controlType":"sap.m.Title","viewName":"etm.portal.ui.managepricingrules.view.NewItem","viewId":"application-managepricingrules-display-component---newInfoPriceItem","properties":{"text":"New Pricing Rules - Item Level"}},"wdio_ui5_key":"etmportal.ui.managepricingrules.view.NewItemsap.m.Title{\"text\":\"New Pricing Rules - Item Level\"}"}]}
RESULT: undefined
COMMAND: POST /session/7b6bf687a76b2f82f8be10a20d274994/execute/async - {"script":"<script> [6424 bytes]","args":[{"element-6066-11e4-a52e-4f735466cecf":"f.5952FD13A0E9015951015C7D643014E2.d.F5609249F3BFF56FB0D0A5B6C6EC0EAA.e.2527"},"getText",[]]}
RESULT: {"script":"<script> [6424 bytes]","args":[{"element-6066-11e4-a52e-4f735466cecf":"f.5952FD13A0E9015951015C7D643014E2.d.F5609249F3BFF56FB0D0A5B6C6EC0EAA.e.2527"},"getText",[]]}
COMMAND: POST /session/7b6bf687a76b2f82f8be10a20d274994/execute/async - {"script":"<script> [1562 bytes]","args":[{"selector":{"id":"application-managepricingrules-display-component---newInfoPriceItem--condValidTo","interaction":{"idSuffix":"inner"}},"wdio_ui5_key":"applicationmanagepricingrules-display-component---newInfoPriceItem--condValidTo"}]}
RESULT: {"script":"<script> [1562 bytes]","args":[{"selector":{"id":"application-managepricingrules-display-component---newInfoPriceItem--condValidTo","interaction":{"idSuffix":"inner"}},"wdio_ui5_key":"applicationmanagepricingrules-display-component---newInfoPriceItem--condValidTo"}]}
RESULT: undefined
COMMAND: POST /session/7b6bf687a76b2f82f8be10a20d274994/execute/async - {"script":"<script> [776 bytes]","args":[{"enterText":"01/02/26","selector":{"id":"application-managepricingrules-display-component---newInfoPriceItem--condValidTo","interaction":{"idSuffix":"inner"}},"clearTextFirst":true,"interactionType":"ENTER_TEXT"}]}
RESULT: {"script":"<script> [776 bytes]","args":[{"enterText":"01/02/26","selector":{"id":"application-managepricingrules-display-component---newInfoPriceItem--condValidTo","interaction":{"idSuffix":"inner"}},"clearTextFirst":true,"interactionType":"ENTER_TEXT"}]}
COMMAND: POST /session/7b6bf687a76b2f82f8be10a20d274994/element - {"using":"xpath","value":"//input[@id=\"application-managepricingrules-display-component---newInfoPriceItem--condRU-inner\"]"}
RESULT: {"using":"xpath","value":"//input[@id=\"application-managepricingrules-display-component---newInfoPriceItem--condRU-inner\"]"}
COMMAND: POST /session/7b6bf687a76b2f82f8be10a20d274994/element/f.5952FD13A0E9015951015C7D643014E2.d.F5609249F3BFF56FB0D0A5B6C6EC0EAA.e.2496/clear - {}
RESULT: {}
COMMAND: POST /session/7b6bf687a76b2f82f8be10a20d274994/element/f.5952FD13A0E9015951015C7D643014E2.d.F5609249F3BFF56FB0D0A5B6C6EC0EAA.e.2496/value - {"text":"bW6QPFDkuL"}
COMMAND: GET /session/7b6bf687a76b2f82f8be10a20d274994/screenshot - {}
RESULT: {"text":"bW6QPFDkuL"}
COMMAND: GET /session/7b6bf687a76b2f82f8be10a20d274994/screenshot - {}
RESULT: {}
RESULT: {}
COMMAND: POST /session/7b6bf687a76b2f82f8be10a20d274994/execute/async - {"script":"<script> [1562 bytes]","args":[{"selector":{"id":"application-managepricingrules-display-component---newInfoPriceItem--billType-arrow"},"wdio_ui5_key":"applicationmanagepricingrules-display-component---newInfoPriceItem--billType-arrow"}]}
RESULT: {"script":"<script> [1562 bytes]","args":[{"selector":{"id":"application-managepricingrules-display-component---newInfoPriceItem--billType-arrow"},"wdio_ui5_key":"applicationmanagepricingrules-display-component---newInfoPriceItem--billType-arrow"}]}
RESULT: undefined
COMMAND: POST /session/7b6bf687a76b2f82f8be10a20d274994/element - {"using":"xpath","value":"//*[@id=\"application-managepricingrules-display-component---newInfoPriceItem--billType-arrow\"]"}
RESULT: {"using":"xpath","value":"//*[@id=\"application-managepricingrules-display-component---newInfoPriceItem--billType-arrow\"]"}
COMMAND: POST /session/7b6bf687a76b2f82f8be10a20d274994/element/f.5952FD13A0E9015951015C7D643014E2.d.F5609249F3BFF56FB0D0A5B6C6EC0EAA.e.2584/click - {}
RESULT: {}
COMMAND: POST /session/7b6bf687a76b2f82f8be10a20d274994/element - {"using":"xpath","value":"//span[contains(text(), \"OT - Sales (one-time)\")]"}
COMMAND: GET /session/7b6bf687a76b2f82f8be10a20d274994/screenshot - {}
RESULT: {"using":"xpath","value":"//span[contains(text(), \"OT - Sales (one-time)\")]"}
COMMAND: POST /session/7b6bf687a76b2f82f8be10a20d274994/element/f.5952FD13A0E9015951015C7D643014E2.d.F5609249F3BFF56FB0D0A5B6C6EC0EAA.e.2632/click - {}
RESULT: {}
RESULT: {}
COMMAND: POST /session/7b6bf687a76b2f82f8be10a20d274994/execute/async - {"script":"<script> [1562 bytes]","args":[{"selector":{"id":"application-managepricingrules-display-component---newInfoPriceItem--priceProc-arrow"},"wdio_ui5_key":"applicationmanagepricingrules-display-component---newInfoPriceItem--priceProc-arrow"}]}
COMMAND: GET /session/7b6bf687a76b2f82f8be10a20d274994/screenshot - {}
RESULT: {"script":"<script> [1562 bytes]","args":[{"selector":{"id":"application-managepricingrules-display-component---newInfoPriceItem--priceProc-arrow"},"wdio_ui5_key":"applicationmanagepricingrules-display-component---newInfoPriceItem--priceProc-arrow"}]}
RESULT: undefined
COMMAND: POST /session/7b6bf687a76b2f82f8be10a20d274994/element - {"using":"xpath","value":"//*[@id=\"application-managepricingrules-display-component---newInfoPriceItem--priceProc-arrow\"]"}
RESULT: {}
RESULT: {"using":"xpath","value":"//*[@id=\"application-managepricingrules-display-component---newInfoPriceItem--priceProc-arrow\"]"}
COMMAND: POST /session/7b6bf687a76b2f82f8be10a20d274994/element/f.5952FD13A0E9015951015C7D643014E2.d.F5609249F3BFF56FB0D0A5B6C6EC0EAA.e.2591/click - {}
RESULT: {}
COMMAND: POST /session/7b6bf687a76b2f82f8be10a20d274994/element - {"using":"xpath","value":"//span[contains(text(), \"MAT - Material\")]"}
COMMAND: GET /session/7b6bf687a76b2f82f8be10a20d274994/screenshot - {}
RESULT: {"using":"xpath","value":"//span[contains(text(), \"MAT - Material\")]"}
COMMAND: POST /session/7b6bf687a76b2f82f8be10a20d274994/element/f.5952FD13A0E9015951015C7D643014E2.d.F5609249F3BFF56FB0D0A5B6C6EC0EAA.e.2633/click - {}
RESULT: {}
RESULT: {}
COMMAND: POST /session/7b6bf687a76b2f82f8be10a20d274994/execute/async - {"script":"<script> [1562 bytes]","args":[{"selector":{"id":"application-managepricingrules-display-component---newInfoPriceItem--calcBase-arrow"},"wdio_ui5_key":"applicationmanagepricingrules-display-component---newInfoPriceItem--calcBase-arrow"}]}
COMMAND: GET /session/7b6bf687a76b2f82f8be10a20d274994/screenshot - {}
RESULT: {"script":"<script> [1562 bytes]","args":[{"selector":{"id":"application-managepricingrules-display-component---newInfoPriceItem--calcBase-arrow"},"wdio_ui5_key":"applicationmanagepricingrules-display-component---newInfoPriceItem--calcBase-arrow"}]}
RESULT: undefined
COMMAND: POST /session/7b6bf687a76b2f82f8be10a20d274994/element - {"using":"xpath","value":"//*[@id=\"application-managepricingrules-display-component---newInfoPriceItem--calcBase-arrow\"]"}
RESULT: {}
RESULT: {"using":"xpath","value":"//*[@id=\"application-managepricingrules-display-component---newInfoPriceItem--calcBase-arrow\"]"}
COMMAND: POST /session/7b6bf687a76b2f82f8be10a20d274994/element/f.5952FD13A0E9015951015C7D643014E2.d.F5609249F3BFF56FB0D0A5B6C6EC0EAA.e.2598/click - {}
RESULT: {}
COMMAND: GET /session/7b6bf687a76b2f82f8be10a20d274994/screenshot - {}
RESULT: {}
COMMAND: POST /session/7b6bf687a76b2f82f8be10a20d274994/element - {"using":"xpath","value":"//span[contains(text(), \"0001 - TB(exact month + cal_days)\")]"}
RESULT: {"using":"xpath","value":"//span[contains(text(), \"0001 - TB(exact month + cal_days)\")]"}
COMMAND: POST /session/7b6bf687a76b2f82f8be10a20d274994/element/f.5952FD13A0E9015951015C7D643014E2.d.F5609249F3BFF56FB0D0A5B6C6EC0EAA.e.2634/click - {}
RESULT: {}
COMMAND: GET /session/7b6bf687a76b2f82f8be10a20d274994/screenshot - {}
RESULT: {}
COMMAND: POST /session/7b6bf687a76b2f82f8be10a20d274994/element - {"using":"xpath","value":"//button[@data-kt=\"saveNewRuleButton\"]"}
RESULT: {"using":"xpath","value":"//button[@data-kt=\"saveNewRuleButton\"]"}
COMMAND: POST /session/7b6bf687a76b2f82f8be10a20d274994/element/f.5952FD13A0E9015951015C7D643014E2.d.F5609249F3BFF56FB0D0A5B6C6EC0EAA.e.2619/click - {}
RESULT: {}
COMMAND: GET /session/7b6bf687a76b2f82f8be10a20d274994/screenshot - {}
RESULT: {}
COMMAND: POST /session/7b6bf687a76b2f82f8be10a20d274994/execute/async - {"script":"<script> [1562 bytes]","args":[{"selector":{"id":"application-managepricingrules-display-component---priceInfoItem--smartFilterBar-btnBasicSearch","interaction":{"idSuffix":"I"}},"wdio_ui5_key":"applicationmanagepricingrules-display-component---priceInfoItem--smartFilterBar-btnBasicSearch"}]}
RESULT: {"script":"<script> [1562 bytes]","args":[{"selector":{"id":"application-managepricingrules-display-component---priceInfoItem--smartFilterBar-btnBasicSearch","interaction":{"idSuffix":"I"}},"wdio_ui5_key":"applicationmanagepricingrules-display-component---priceInfoItem--smartFilterBar-btnBasicSearch"}]}
RESULT: undefined
COMMAND: POST /session/7b6bf687a76b2f82f8be10a20d274994/execute/async - {"script":"<script> [776 bytes]","args":[{"enterText":"bW6QPFDkuL","selector":{"id":"application-managepricingrules-display-component---priceInfoItem--smartFilterBar-btnBasicSearch","interaction":{"idSuffix":"I"}},"clearTextFirst":true,"interactionType":"ENTER_TEXT"}]}
RESULT: {"script":"<script> [776 bytes]","args":[{"enterText":"bW6QPFDkuL","selector":{"id":"application-managepricingrules-display-component---priceInfoItem--smartFilterBar-btnBasicSearch","interaction":{"idSuffix":"I"}},"clearTextFirst":true,"interactionType":"ENTER_TEXT"}]}
COMMAND: POST /session/7b6bf687a76b2f82f8be10a20d274994/actions - {"actions":[{"id":"action10","type":"key","parameters":{},"actions":[{"type":"keyDown","value":"î€‡"},{"type":"pause","duration":10},{"type":"keyUp","value":"î€‡"}]}]}
RESULT: {"actions":[{"id":"action10","type":"key","parameters":{},"actions":[{"type":"keyDown","value":"î€‡"},{"type":"pause","duration":10},{"type":"keyUp","value":"î€‡"}]}]}
COMMAND: GET /session/7b6bf687a76b2f82f8be10a20d274994/screenshot - {}
RESULT: {}
COMMAND: POST /session/7b6bf687a76b2f82f8be10a20d274994/element - {"using":"xpath","value":"//span[@id=\"application-managepricingrules-display-component---priceInfoItem--smartTable-header-inner\"]"}
RESULT: {"using":"xpath","value":"//span[@id=\"application-managepricingrules-display-component---priceInfoItem--smartTable-header-inner\"]"}
COMMAND: POST /session/7b6bf687a76b2f82f8be10a20d274994/elements - {"using":"xpath","value":"//span[@id=\"application-managepricingrules-display-component---priceInfoItem--smartTable-header-inner\"]"}
RESULT: {"using":"xpath","value":"//span[@id=\"application-managepricingrules-display-component---priceInfoItem--smartTable-header-inner\"]"}
COMMAND: POST /session/7b6bf687a76b2f82f8be10a20d274994/execute/sync - {"script":"<script> [56 bytes]","args":[{"element-6066-11e4-a52e-4f735466cecf":"f.5952FD13A0E9015951015C7D643014E2.d.F5609249F3BFF56FB0D0A5B6C6EC0EAA.e.2663","ELEMENT":"f.5952FD13A0E9015951015C7D643014E2.d.F5609249F3BFF56FB0D0A5B6C6EC0EAA.e.2663"}]}
RESULT: {"script":"<script> [56 bytes]","args":[{"element-6066-11e4-a52e-4f735466cecf":"f.5952FD13A0E9015951015C7D643014E2.d.F5609249F3BFF56FB0D0A5B6C6EC0EAA.e.2663","ELEMENT":"f.5952FD13A0E9015951015C7D643014E2.d.F5609249F3BFF56FB0D0A5B6C6EC0EAA.e.2663"}]}
COMMAND: POST /session/7b6bf687a76b2f82f8be10a20d274994/element - {"using":"css selector","value":"#shell-header-logo"}
COMMAND: GET /session/7b6bf687a76b2f82f8be10a20d274994/screenshot - {}
RESULT: {"using":"css selector","value":"#shell-header-logo"}
COMMAND: POST /session/7b6bf687a76b2f82f8be10a20d274994/element/f.5952FD13A0E9015951015C7D643014E2.d.F5609249F3BFF56FB0D0A5B6C6EC0EAA.e.2143/click - {}
RESULT: {}
RESULT: {}
COMMAND: GET /session/7b6bf687a76b2f82f8be10a20d274994/screenshot - {}
RESULT: {}
COMMAND: POST /session/7b6bf687a76b2f82f8be10a20d274994/element - {"using":"css selector","value":"#j_username"}
COMMAND: POST /session/7b6bf687a76b2f82f8be10a20d274994/url - {"url":"https://qa-testing-00-live-etm-ui.cfapps.eu10-004.hana.ondemand.com/"}
RESULT: {"using":"css selector","value":"#j_username"}
COMMAND: POST /session/7b6bf687a76b2f82f8be10a20d274994/element - {"using":"css selector","value":"#j_username"}
RESULT: {"url":"https://qa-testing-00-live-etm-ui.cfapps.eu10-004.hana.ondemand.com/"}
RESULT: undefined
COMMAND: GET /session/7b6bf687a76b2f82f8be10a20d274994/screenshot - {}
RESULT: {"using":"css selector","value":"#j_username"}
COMMAND: POST /session/7b6bf687a76b2f82f8be10a20d274994/element - {"using":"css selector","value":"#shell-header-logo"}
RESULT: {}
RESULT: {"using":"css selector","value":"#shell-header-logo"}
COMMAND: POST /session/7b6bf687a76b2f82f8be10a20d274994/execute/sync - {"script":"<script> [8489 bytes]","args":[{"element-6066-11e4-a52e-4f735466cecf":"f.5952FD13A0E9015951015C7D643014E2.d.CDFFACB8F52B6C8BD9ACB81682D6FF9F.e.2685","ELEMENT":"f.5952FD13A0E9015951015C7D643014E2.d.CDFFACB8F52B6C8BD9ACB81682D6FF9F.e.2685"}]}
RESULT: {"script":"<script> [8489 bytes]","args":[{"element-6066-11e4-a52e-4f735466cecf":"f.5952FD13A0E9015951015C7D643014E2.d.CDFFACB8F52B6C8BD9ACB81682D6FF9F.e.2685","ELEMENT":"f.5952FD13A0E9015951015C7D643014E2.d.CDFFACB8F52B6C8BD9ACB81682D6FF9F.e.2685"}]}
COMMAND: POST /session/7b6bf687a76b2f82f8be10a20d274994/element - {"using":"css selector","value":"#shell-header-logo"}
COMMAND: GET /session/7b6bf687a76b2f82f8be10a20d274994/screenshot - {}
RESULT: {"using":"css selector","value":"#shell-header-logo"}
COMMAND: POST /session/7b6bf687a76b2f82f8be10a20d274994/execute/sync - {"script":"<script> [8489 bytes]","args":[{"element-6066-11e4-a52e-4f735466cecf":"f.5952FD13A0E9015951015C7D643014E2.d.CDFFACB8F52B6C8BD9ACB81682D6FF9F.e.2685","ELEMENT":"f.5952FD13A0E9015951015C7D643014E2.d.CDFFACB8F52B6C8BD9ACB81682D6FF9F.e.2685"}]}
RESULT: {}
RESULT: {"script":"<script> [8489 bytes]","args":[{"element-6066-11e4-a52e-4f735466cecf":"f.5952FD13A0E9015951015C7D643014E2.d.CDFFACB8F52B6C8BD9ACB81682D6FF9F.e.2685","ELEMENT":"f.5952FD13A0E9015951015C7D643014E2.d.CDFFACB8F52B6C8BD9ACB81682D6FF9F.e.2685"}]}
COMMAND: POST /session/7b6bf687a76b2f82f8be10a20d274994/execute/sync - {"script":"<script> [5351 bytes]","args":[{"element-6066-11e4-a52e-4f735466cecf":"f.5952FD13A0E9015951015C7D643014E2.d.CDFFACB8F52B6C8BD9ACB81682D6FF9F.e.2685","ELEMENT":"f.5952FD13A0E9015951015C7D643014E2.d.CDFFACB8F52B6C8BD9ACB81682D6FF9F.e.2685"}]}
COMMAND: GET /session/7b6bf687a76b2f82f8be10a20d274994/screenshot - {}
RESULT: {"script":"<script> [5351 bytes]","args":[{"element-6066-11e4-a52e-4f735466cecf":"f.5952FD13A0E9015951015C7D643014E2.d.CDFFACB8F52B6C8BD9ACB81682D6FF9F.e.2685","ELEMENT":"f.5952FD13A0E9015951015C7D643014E2.d.CDFFACB8F52B6C8BD9ACB81682D6FF9F.e.2685"}]}
COMMAND: POST /session/7b6bf687a76b2f82f8be10a20d274994/element - {"using":"css selector","value":"#shell-header-logo"}
COMMAND: GET /session/7b6bf687a76b2f82f8be10a20d274994/screenshot - {}
RESULT: {}
RESULT: {"using":"css selector","value":"#shell-header-logo"}
COMMAND: POST /session/7b6bf687a76b2f82f8be10a20d274994/element/f.5952FD13A0E9015951015C7D643014E2.d.CDFFACB8F52B6C8BD9ACB81682D6FF9F.e.2685/click - {}
RESULT: {}
RESULT: {}
COMMAND: GET /session/7b6bf687a76b2f82f8be10a20d274994/screenshot - {}
RESULT: {}
COMMAND: POST /session/7b6bf687a76b2f82f8be10a20d274994/execute/async - {"script":"<script> [189 bytes]","args":[]}
RESULT: {"script":"<script> [189 bytes]","args":[]}
COMMAND: POST /session/7b6bf687a76b2f82f8be10a20d274994/execute/async - {"script":"<script> [123 bytes]","args":[]}
RESULT: {"script":"<script> [123 bytes]","args":[]}
COMMAND: POST /session/7b6bf687a76b2f82f8be10a20d274994/timeouts - {"script":"<number>"}
RESULT: {"script":"<number>"}
COMMAND: GET /session/7b6bf687a76b2f82f8be10a20d274994/timeouts - {}
RESULT: {}
RESULT: undefined
COMMAND: POST /session/7b6bf687a76b2f82f8be10a20d274994/execute/async - {"script":"<script> [2676 bytes]","args":[]}
RESULT: {"script":"<script> [2676 bytes]","args":[]}
COMMAND: POST /session/7b6bf687a76b2f82f8be10a20d274994/execute/async - {"script":"<script> [2342 bytes]","args":[{"protocol":"http","hostname":"0.0.0.0","path":"/","capabilities":{"browserName":"chrome","goog:chromeOptions":{"binary":"C:\\Program Files\\Google\\Chrome\\Application\\chrome.exe","args":["--start-maximized"]}},"logLevel":"warn","connectionRetryTimeout":120000,"connectionRetryCount":3,"logLevels":{},"enableDirectConnect":true,"strictSSL":true,"_":"65 more keys: [\"cacheDir\",\"port\",\"requestedCapabilities\",\"automationProtocol\",\"baseUrl\",\"waitforInterval\",\"waitforTimeout\",\"onReload\",\"beforeCommand\",\"afterCommand\",\"rootDir\",\"specs\",\"suites\",\"exclude\",\"groupLogsByTestSpec\",\"excludeDriverLogs\",\"bail\",\"framework\",\"reporters\",\"services\",\"maxInstances\",\"maxInstancesPerCapability\",\"injectGlobals\",\"filesToWatch\",\"execArgv\",\"runnerEnv\",\"runner\",\"shard\",\"specFileRetries\",\"specFileRetriesDelay\",\"specFileRetriesDeferred\",\"reporterSyncInterval\",\"reporterSyncTimeout\",\"cucumberFeaturesWithLineNumbers\",\"autoCompileOpts\",\"mochaOpts\",\"jasmineOpts\",\"cucumberOpts\",\"onPrepare\",\"onWorkerStart\",\"onWorkerEnd\",\"before\",\"beforeSession\",\"beforeSuite\",\"beforeHook\",\"beforeTest\",\"afterTest\",\"afterHook\",\"afterSuite\",\"afterSession\",\"after\",\"onComplete\",\"beforeAssertion\",\"afterAssertion\",\"beforeFeature\",\"beforeScenario\",\"beforeStep\",\"afterStep\",\"afterScenario\",\"afterFeature\",\"_\",\"suite\",\"$0\",\"ignoredWorkerServices\",\"wdi5\"]"}]}
RESULT: {"script":"<script> [2342 bytes]","args":[{"protocol":"http","hostname":"0.0.0.0","path":"/","capabilities":{"browserName":"chrome","goog:chromeOptions":{"binary":"C:\\Program Files\\Google\\Chrome\\Application\\chrome.exe","args":["--start-maximized"]}},"logLevel":"warn","connectionRetryTimeout":120000,"connectionRetryCount":3,"logLevels":{},"enableDirectConnect":true,"strictSSL":true,"_":"65 more keys: [\"cacheDir\",\"port\",\"requestedCapabilities\",\"automationProtocol\",\"baseUrl\",\"waitforInterval\",\"waitforTimeout\",\"onReload\",\"beforeCommand\",\"afterCommand\",\"rootDir\",\"specs\",\"suites\",\"exclude\",\"groupLogsByTestSpec\",\"excludeDriverLogs\",\"bail\",\"framework\",\"reporters\",\"services\",\"maxInstances\",\"maxInstancesPerCapability\",\"injectGlobals\",\"filesToWatch\",\"execArgv\",\"runnerEnv\",\"runner\",\"shard\",\"specFileRetries\",\"specFileRetriesDelay\",\"specFileRetriesDeferred\",\"reporterSyncInterval\",\"reporterSyncTimeout\",\"cucumberFeaturesWithLineNumbers\",\"autoCompileOpts\",\"mochaOpts\",\"jasmineOpts\",\"cucumberOpts\",\"onPrepare\",\"onWorkerStart\",\"onWorkerEnd\",\"before\",\"beforeSession\",\"beforeSuite\",\"beforeHook\",\"beforeTest\",\"afterTest\",\"afterHook\",\"afterSuite\",\"afterSession\",\"after\",\"onComplete\",\"beforeAssertion\",\"afterAssertion\",\"beforeFeature\",\"beforeScenario\",\"beforeStep\",\"afterStep\",\"afterScenario\",\"afterFeature\",\"_\",\"suite\",\"$0\",\"ignoredWorkerServices\",\"wdi5\"]"}]}
COMMAND: POST /session/7b6bf687a76b2f82f8be10a20d274994/execute/async - {"script":"<script> [21126 bytes]","args":[35000]}
RESULT: {"script":"<script> [21126 bytes]","args":[35000]}
COMMAND: POST /session/7b6bf687a76b2f82f8be10a20d274994/window/maximize - {}
RESULT: {}
COMMAND: POST /session/7b6bf687a76b2f82f8be10a20d274994/execute/async - {"script":"<script> [1562 bytes]","args":[{"selector":{"id":"shell-header","interaction":{"idSuffix":"icon"}},"wdio_ui5_key":"shellheader"}]}
COMMAND: GET /session/7b6bf687a76b2f82f8be10a20d274994/screenshot - {}
RESULT: {"script":"<script> [1562 bytes]","args":[{"selector":{"id":"shell-header","interaction":{"idSuffix":"icon"}},"wdio_ui5_key":"shellheader"}]}
RESULT: undefined
COMMAND: POST /session/7b6bf687a76b2f82f8be10a20d274994/refresh - {}
RESULT: {}
RESULT: {}
COMMAND: GET /session/7b6bf687a76b2f82f8be10a20d274994/screenshot - {}
RESULT: {}
COMMAND: POST /session/7b6bf687a76b2f82f8be10a20d274994/refresh - {}
RESULT: {}
COMMAND: GET /session/7b6bf687a76b2f82f8be10a20d274994/screenshot - {}
RESULT: {}
COMMAND: POST /session/7b6bf687a76b2f82f8be10a20d274994/window/fullscreen - {}
RESULT: {}
COMMAND: POST /session/7b6bf687a76b2f82f8be10a20d274994/execute/async - {"script":"<script> [189 bytes]","args":[]}
RESULT: {"script":"<script> [189 bytes]","args":[]}
COMMAND: POST /session/7b6bf687a76b2f82f8be10a20d274994/execute/async - {"script":"<script> [123 bytes]","args":[]}
RESULT: {"script":"<script> [123 bytes]","args":[]}
COMMAND: POST /session/7b6bf687a76b2f82f8be10a20d274994/timeouts - {"script":"<number>"}
RESULT: {"script":"<number>"}
COMMAND: GET /session/7b6bf687a76b2f82f8be10a20d274994/timeouts - {}
RESULT: {}
RESULT: undefined
COMMAND: POST /session/7b6bf687a76b2f82f8be10a20d274994/execute/async - {"script":"<script> [2676 bytes]","args":[]}
RESULT: {"script":"<script> [2676 bytes]","args":[]}
COMMAND: POST /session/7b6bf687a76b2f82f8be10a20d274994/execute/async - {"script":"<script> [2342 bytes]","args":[{"protocol":"http","hostname":"0.0.0.0","path":"/","capabilities":{"browserName":"chrome","goog:chromeOptions":{"binary":"C:\\Program Files\\Google\\Chrome\\Application\\chrome.exe","args":["--start-maximized"]}},"logLevel":"warn","connectionRetryTimeout":120000,"connectionRetryCount":3,"logLevels":{},"enableDirectConnect":true,"strictSSL":true,"_":"65 more keys: [\"cacheDir\",\"port\",\"requestedCapabilities\",\"automationProtocol\",\"baseUrl\",\"waitforInterval\",\"waitforTimeout\",\"onReload\",\"beforeCommand\",\"afterCommand\",\"rootDir\",\"specs\",\"suites\",\"exclude\",\"groupLogsByTestSpec\",\"excludeDriverLogs\",\"bail\",\"framework\",\"reporters\",\"services\",\"maxInstances\",\"maxInstancesPerCapability\",\"injectGlobals\",\"filesToWatch\",\"execArgv\",\"runnerEnv\",\"runner\",\"shard\",\"specFileRetries\",\"specFileRetriesDelay\",\"specFileRetriesDeferred\",\"reporterSyncInterval\",\"reporterSyncTimeout\",\"cucumberFeaturesWithLineNumbers\",\"autoCompileOpts\",\"mochaOpts\",\"jasmineOpts\",\"cucumberOpts\",\"onPrepare\",\"onWorkerStart\",\"onWorkerEnd\",\"before\",\"beforeSession\",\"beforeSuite\",\"beforeHook\",\"beforeTest\",\"afterTest\",\"afterHook\",\"afterSuite\",\"afterSession\",\"after\",\"onComplete\",\"beforeAssertion\",\"afterAssertion\",\"beforeFeature\",\"beforeScenario\",\"beforeStep\",\"afterStep\",\"afterScenario\",\"afterFeature\",\"_\",\"suite\",\"$0\",\"ignoredWorkerServices\",\"wdi5\"]"}]}
RESULT: {"script":"<script> [2342 bytes]","args":[{"protocol":"http","hostname":"0.0.0.0","path":"/","capabilities":{"browserName":"chrome","goog:chromeOptions":{"binary":"C:\\Program Files\\Google\\Chrome\\Application\\chrome.exe","args":["--start-maximized"]}},"logLevel":"warn","connectionRetryTimeout":120000,"connectionRetryCount":3,"logLevels":{},"enableDirectConnect":true,"strictSSL":true,"_":"65 more keys: [\"cacheDir\",\"port\",\"requestedCapabilities\",\"automationProtocol\",\"baseUrl\",\"waitforInterval\",\"waitforTimeout\",\"onReload\",\"beforeCommand\",\"afterCommand\",\"rootDir\",\"specs\",\"suites\",\"exclude\",\"groupLogsByTestSpec\",\"excludeDriverLogs\",\"bail\",\"framework\",\"reporters\",\"services\",\"maxInstances\",\"maxInstancesPerCapability\",\"injectGlobals\",\"filesToWatch\",\"execArgv\",\"runnerEnv\",\"runner\",\"shard\",\"specFileRetries\",\"specFileRetriesDelay\",\"specFileRetriesDeferred\",\"reporterSyncInterval\",\"reporterSyncTimeout\",\"cucumberFeaturesWithLineNumbers\",\"autoCompileOpts\",\"mochaOpts\",\"jasmineOpts\",\"cucumberOpts\",\"onPrepare\",\"onWorkerStart\",\"onWorkerEnd\",\"before\",\"beforeSession\",\"beforeSuite\",\"beforeHook\",\"beforeTest\",\"afterTest\",\"afterHook\",\"afterSuite\",\"afterSession\",\"after\",\"onComplete\",\"beforeAssertion\",\"afterAssertion\",\"beforeFeature\",\"beforeScenario\",\"beforeStep\",\"afterStep\",\"afterScenario\",\"afterFeature\",\"_\",\"suite\",\"$0\",\"ignoredWorkerServices\",\"wdi5\"]"}]}
COMMAND: POST /session/7b6bf687a76b2f82f8be10a20d274994/execute/async - {"script":"<script> [21126 bytes]","args":[35000]}
RESULT: {"script":"<script> [21126 bytes]","args":[35000]}
]]></system-out>
    </testcase>
  </testsuite>
  <testsuite timestamp="2025-05-02T17:06:46" time="435.859" tests="6" failures="0" errors="0" skipped="0">
    <properties>
      <property name="specId" value="0" />
      <property name="suiteName" value="Edit and delete daily price US134629 US134627" />
      <property name="capabilities" value="chrome.135_0_7049_96.windows" />
      <property name="file" value="file:///D:/a/1/s/test/specs/BTS/conditions-prices-daily-price.spec.js" />
    </properties>
    <testcase classname="chrome.135_0_7049_96.windows.Edit_and_delete_daily_price_US134629_US134627" name="Should create a new yard used for all following tests" time="0.015">
      <system-out><![CDATA[
COMMAND: POST /session/7b6bf687a76b2f82f8be10a20d274994/window/fullscreen - {}
RESULT: {}
]]></system-out>
    </testcase>
    <testcase classname="chrome.135_0_7049_96.windows.Edit_and_delete_daily_price_US134629_US134627" name="Should create a new partner" time="138.247">
      <system-out><![CDATA[
COMMAND: POST /session/7b6bf687a76b2f82f8be10a20d274994/window/fullscreen - {}
RESULT: {}
COMMAND: POST /session/7b6bf687a76b2f82f8be10a20d274994/execute/async - {"script":"<script> [1562 bytes]","args":[{"selector":{"controlType":"sap.m.GenericTile","properties":{"header":"Manage Partners"}},"wdio_ui5_key":"sapm.GenericTile{\"header\":\"Manage Partners\"}"}]}
RESULT: {"script":"<script> [1562 bytes]","args":[{"selector":{"controlType":"sap.m.GenericTile","properties":{"header":"Manage Partners"}},"wdio_ui5_key":"sapm.GenericTile{\"header\":\"Manage Partners\"}"}]}
RESULT: undefined
COMMAND: POST /session/7b6bf687a76b2f82f8be10a20d274994/element - {"using":"xpath","value":"//*[@id=\"__tile38\"]"}
RESULT: {"using":"xpath","value":"//*[@id=\"__tile38\"]"}
COMMAND: POST /session/7b6bf687a76b2f82f8be10a20d274994/element/f.5952FD13A0E9015951015C7D643014E2.d.A166065718E764DEECBEB9ADB3DDF333.e.2827/click - {}
RESULT: {}
COMMAND: POST /session/7b6bf687a76b2f82f8be10a20d274994/element - {"using":"xpath","value":"//button[@data-kt=\"addButton\"]"}
COMMAND: GET /session/7b6bf687a76b2f82f8be10a20d274994/screenshot - {}
RESULT: {"using":"xpath","value":"//button[@data-kt=\"addButton\"]"}
COMMAND: POST /session/7b6bf687a76b2f82f8be10a20d274994/elements - {"using":"xpath","value":"//button[@data-kt=\"addButton\"]"}
RESULT: {}
RESULT: {"using":"xpath","value":"//button[@data-kt=\"addButton\"]"}
COMMAND: POST /session/7b6bf687a76b2f82f8be10a20d274994/elements - {"using":"xpath","value":"//button[@data-kt=\"addButton\"]"}
RESULT: {"using":"xpath","value":"//button[@data-kt=\"addButton\"]"}
COMMAND: POST /session/7b6bf687a76b2f82f8be10a20d274994/elements - {"using":"xpath","value":"//button[@data-kt=\"addButton\"]"}
RESULT: {"using":"xpath","value":"//button[@data-kt=\"addButton\"]"}
COMMAND: POST /session/7b6bf687a76b2f82f8be10a20d274994/elements - {"using":"xpath","value":"//button[@data-kt=\"addButton\"]"}
RESULT: {"using":"xpath","value":"//button[@data-kt=\"addButton\"]"}
COMMAND: POST /session/7b6bf687a76b2f82f8be10a20d274994/elements - {"using":"xpath","value":"//button[@data-kt=\"addButton\"]"}
RESULT: {"using":"xpath","value":"//button[@data-kt=\"addButton\"]"}
COMMAND: POST /session/7b6bf687a76b2f82f8be10a20d274994/elements - {"using":"xpath","value":"//button[@data-kt=\"addButton\"]"}
RESULT: {"using":"xpath","value":"//button[@data-kt=\"addButton\"]"}
COMMAND: POST /session/7b6bf687a76b2f82f8be10a20d274994/elements - {"using":"xpath","value":"//button[@data-kt=\"addButton\"]"}
RESULT: {"using":"xpath","value":"//button[@data-kt=\"addButton\"]"}
COMMAND: POST /session/7b6bf687a76b2f82f8be10a20d274994/elements - {"using":"xpath","value":"//button[@data-kt=\"addButton\"]"}
RESULT: {"using":"xpath","value":"//button[@data-kt=\"addButton\"]"}
COMMAND: POST /session/7b6bf687a76b2f82f8be10a20d274994/elements - {"using":"xpath","value":"//button[@data-kt=\"addButton\"]"}
RESULT: {"using":"xpath","value":"//button[@data-kt=\"addButton\"]"}
COMMAND: POST /session/7b6bf687a76b2f82f8be10a20d274994/elements - {"using":"xpath","value":"//button[@data-kt=\"addButton\"]"}
RESULT: {"using":"xpath","value":"//button[@data-kt=\"addButton\"]"}
COMMAND: POST /session/7b6bf687a76b2f82f8be10a20d274994/elements - {"using":"xpath","value":"//button[@data-kt=\"addButton\"]"}
RESULT: {"using":"xpath","value":"//button[@data-kt=\"addButton\"]"}
COMMAND: POST /session/7b6bf687a76b2f82f8be10a20d274994/elements - {"using":"xpath","value":"//button[@data-kt=\"addButton\"]"}
RESULT: {"using":"xpath","value":"//button[@data-kt=\"addButton\"]"}
COMMAND: POST /session/7b6bf687a76b2f82f8be10a20d274994/elements - {"using":"xpath","value":"//button[@data-kt=\"addButton\"]"}
RESULT: {"using":"xpath","value":"//button[@data-kt=\"addButton\"]"}
COMMAND: POST /session/7b6bf687a76b2f82f8be10a20d274994/elements - {"using":"xpath","value":"//button[@data-kt=\"addButton\"]"}
RESULT: {"using":"xpath","value":"//button[@data-kt=\"addButton\"]"}
COMMAND: POST /session/7b6bf687a76b2f82f8be10a20d274994/elements - {"using":"xpath","value":"//button[@data-kt=\"addButton\"]"}
RESULT: {"using":"xpath","value":"//button[@data-kt=\"addButton\"]"}
COMMAND: POST /session/7b6bf687a76b2f82f8be10a20d274994/elements - {"using":"xpath","value":"//button[@data-kt=\"addButton\"]"}
RESULT: {"using":"xpath","value":"//button[@data-kt=\"addButton\"]"}
COMMAND: POST /session/7b6bf687a76b2f82f8be10a20d274994/elements - {"using":"xpath","value":"//button[@data-kt=\"addButton\"]"}
RESULT: {"using":"xpath","value":"//button[@data-kt=\"addButton\"]"}
COMMAND: POST /session/7b6bf687a76b2f82f8be10a20d274994/elements - {"using":"xpath","value":"//button[@data-kt=\"addButton\"]"}
RESULT: {"using":"xpath","value":"//button[@data-kt=\"addButton\"]"}
COMMAND: POST /session/7b6bf687a76b2f82f8be10a20d274994/elements - {"using":"xpath","value":"//button[@data-kt=\"addButton\"]"}
RESULT: {"using":"xpath","value":"//button[@data-kt=\"addButton\"]"}
COMMAND: POST /session/7b6bf687a76b2f82f8be10a20d274994/elements - {"using":"xpath","value":"//button[@data-kt=\"addButton\"]"}
RESULT: {"using":"xpath","value":"//button[@data-kt=\"addButton\"]"}
COMMAND: POST /session/7b6bf687a76b2f82f8be10a20d274994/elements - {"using":"xpath","value":"//button[@data-kt=\"addButton\"]"}
RESULT: {"using":"xpath","value":"//button[@data-kt=\"addButton\"]"}
COMMAND: POST /session/7b6bf687a76b2f82f8be10a20d274994/elements - {"using":"xpath","value":"//button[@data-kt=\"addButton\"]"}
RESULT: {"using":"xpath","value":"//button[@data-kt=\"addButton\"]"}
COMMAND: POST /session/7b6bf687a76b2f82f8be10a20d274994/elements - {"using":"xpath","value":"//button[@data-kt=\"addButton\"]"}
RESULT: {"using":"xpath","value":"//button[@data-kt=\"addButton\"]"}
COMMAND: POST /session/7b6bf687a76b2f82f8be10a20d274994/elements - {"using":"xpath","value":"//button[@data-kt=\"addButton\"]"}
RESULT: {"using":"xpath","value":"//button[@data-kt=\"addButton\"]"}
COMMAND: POST /session/7b6bf687a76b2f82f8be10a20d274994/elements - {"using":"xpath","value":"//button[@data-kt=\"addButton\"]"}
RESULT: {"using":"xpath","value":"//button[@data-kt=\"addButton\"]"}
COMMAND: POST /session/7b6bf687a76b2f82f8be10a20d274994/elements - {"using":"xpath","value":"//button[@data-kt=\"addButton\"]"}
RESULT: {"using":"xpath","value":"//button[@data-kt=\"addButton\"]"}
COMMAND: POST /session/7b6bf687a76b2f82f8be10a20d274994/elements - {"using":"xpath","value":"//button[@data-kt=\"addButton\"]"}
RESULT: {"using":"xpath","value":"//button[@data-kt=\"addButton\"]"}
COMMAND: POST /session/7b6bf687a76b2f82f8be10a20d274994/elements - {"using":"xpath","value":"//button[@data-kt=\"addButton\"]"}
RESULT: {"using":"xpath","value":"//button[@data-kt=\"addButton\"]"}
COMMAND: POST /session/7b6bf687a76b2f82f8be10a20d274994/element - {"using":"xpath","value":"//button[@data-kt=\"addButton\"]"}
RESULT: {"using":"xpath","value":"//button[@data-kt=\"addButton\"]"}
COMMAND: POST /session/7b6bf687a76b2f82f8be10a20d274994/execute/sync - {"script":"<script> [8489 bytes]","args":[{"element-6066-11e4-a52e-4f735466cecf":"f.5952FD13A0E9015951015C7D643014E2.d.A166065718E764DEECBEB9ADB3DDF333.e.2963","ELEMENT":"f.5952FD13A0E9015951015C7D643014E2.d.A166065718E764DEECBEB9ADB3DDF333.e.2963"}]}
RESULT: {"script":"<script> [8489 bytes]","args":[{"element-6066-11e4-a52e-4f735466cecf":"f.5952FD13A0E9015951015C7D643014E2.d.A166065718E764DEECBEB9ADB3DDF333.e.2963","ELEMENT":"f.5952FD13A0E9015951015C7D643014E2.d.A166065718E764DEECBEB9ADB3DDF333.e.2963"}]}
COMMAND: GET /session/7b6bf687a76b2f82f8be10a20d274994/element/f.5952FD13A0E9015951015C7D643014E2.d.A166065718E764DEECBEB9ADB3DDF333.e.2963/enabled - {}
RESULT: {}
COMMAND: POST /session/7b6bf687a76b2f82f8be10a20d274994/execute/sync - {"script":"<script> [8489 bytes]","args":[{"element-6066-11e4-a52e-4f735466cecf":"f.5952FD13A0E9015951015C7D643014E2.d.A166065718E764DEECBEB9ADB3DDF333.e.2963","ELEMENT":"f.5952FD13A0E9015951015C7D643014E2.d.A166065718E764DEECBEB9ADB3DDF333.e.2963"}]}
COMMAND: GET /session/7b6bf687a76b2f82f8be10a20d274994/screenshot - {}
COMMAND: GET /session/7b6bf687a76b2f82f8be10a20d274994/screenshot - {}
RESULT: {"script":"<script> [8489 bytes]","args":[{"element-6066-11e4-a52e-4f735466cecf":"f.5952FD13A0E9015951015C7D643014E2.d.A166065718E764DEECBEB9ADB3DDF333.e.2963","ELEMENT":"f.5952FD13A0E9015951015C7D643014E2.d.A166065718E764DEECBEB9ADB3DDF333.e.2963"}]}
COMMAND: POST /session/7b6bf687a76b2f82f8be10a20d274994/execute/sync - {"script":"<script> [5351 bytes]","args":[{"element-6066-11e4-a52e-4f735466cecf":"f.5952FD13A0E9015951015C7D643014E2.d.A166065718E764DEECBEB9ADB3DDF333.e.2963","ELEMENT":"f.5952FD13A0E9015951015C7D643014E2.d.A166065718E764DEECBEB9ADB3DDF333.e.2963"}]}
COMMAND: GET /session/7b6bf687a76b2f82f8be10a20d274994/screenshot - {}
RESULT: {}
RESULT: {}
RESULT: {"script":"<script> [5351 bytes]","args":[{"element-6066-11e4-a52e-4f735466cecf":"f.5952FD13A0E9015951015C7D643014E2.d.A166065718E764DEECBEB9ADB3DDF333.e.2963","ELEMENT":"f.5952FD13A0E9015951015C7D643014E2.d.A166065718E764DEECBEB9ADB3DDF333.e.2963"}]}
COMMAND: POST /session/7b6bf687a76b2f82f8be10a20d274994/element/f.5952FD13A0E9015951015C7D643014E2.d.A166065718E764DEECBEB9ADB3DDF333.e.2963/click - {}
COMMAND: GET /session/7b6bf687a76b2f82f8be10a20d274994/screenshot - {}
RESULT: {}
RESULT: {}
COMMAND: GET /session/7b6bf687a76b2f82f8be10a20d274994/screenshot - {}
RESULT: {}
RESULT: {}
COMMAND: POST /session/7b6bf687a76b2f82f8be10a20d274994/execute/async - {"script":"<script> [1562 bytes]","args":[{"selector":{"id":"application-managepartners-display-component---NewPartner--addressDetailDetailsName1","interaction":{"idSuffix":"inner"}},"wdio_ui5_key":"applicationmanagepartners-display-component---NewPartner--addressDetailDetailsName1"}]}
RESULT: {"script":"<script> [1562 bytes]","args":[{"selector":{"id":"application-managepartners-display-component---NewPartner--addressDetailDetailsName1","interaction":{"idSuffix":"inner"}},"wdio_ui5_key":"applicationmanagepartners-display-component---NewPartner--addressDetailDetailsName1"}]}
RESULT: undefined
COMMAND: POST /session/7b6bf687a76b2f82f8be10a20d274994/execute/async - {"script":"<script> [776 bytes]","args":[{"enterText":"DailyPrice Partner WDIO","selector":{"id":"application-managepartners-display-component---NewPartner--addressDetailDetailsName1","interaction":{"idSuffix":"inner"}},"clearTextFirst":true,"interactionType":"ENTER_TEXT"}]}
RESULT: {"script":"<script> [776 bytes]","args":[{"enterText":"DailyPrice Partner WDIO","selector":{"id":"application-managepartners-display-component---NewPartner--addressDetailDetailsName1","interaction":{"idSuffix":"inner"}},"clearTextFirst":true,"interactionType":"ENTER_TEXT"}]}
COMMAND: POST /session/7b6bf687a76b2f82f8be10a20d274994/execute/async - {"script":"<script> [1562 bytes]","args":[{"selector":{"id":"application-managepartners-display-component---NewPartner--addressDetailDetailsLanguage-arrow"},"wdio_ui5_key":"applicationmanagepartners-display-component---NewPartner--addressDetailDetailsLanguage-arrow"}]}
RESULT: {"script":"<script> [1562 bytes]","args":[{"selector":{"id":"application-managepartners-display-component---NewPartner--addressDetailDetailsLanguage-arrow"},"wdio_ui5_key":"applicationmanagepartners-display-component---NewPartner--addressDetailDetailsLanguage-arrow"}]}
RESULT: undefined
COMMAND: POST /session/7b6bf687a76b2f82f8be10a20d274994/element - {"using":"xpath","value":"//*[@id=\"application-managepartners-display-component---NewPartner--addressDetailDetailsLanguage-arrow\"]"}
RESULT: {"using":"xpath","value":"//*[@id=\"application-managepartners-display-component---NewPartner--addressDetailDetailsLanguage-arrow\"]"}
COMMAND: POST /session/7b6bf687a76b2f82f8be10a20d274994/element/f.5952FD13A0E9015951015C7D643014E2.d.A166065718E764DEECBEB9ADB3DDF333.e.3229/click - {}
RESULT: {}
COMMAND: POST /session/7b6bf687a76b2f82f8be10a20d274994/element - {"using":"xpath","value":"//span[contains(text(), \"English\")]"}
COMMAND: GET /session/7b6bf687a76b2f82f8be10a20d274994/screenshot - {}
RESULT: {"using":"xpath","value":"//span[contains(text(), \"English\")]"}
COMMAND: POST /session/7b6bf687a76b2f82f8be10a20d274994/element/f.5952FD13A0E9015951015C7D643014E2.d.A166065718E764DEECBEB9ADB3DDF333.e.3230/click - {}
RESULT: {}
RESULT: {}
COMMAND: GET /session/7b6bf687a76b2f82f8be10a20d274994/screenshot - {}
RESULT: {}
COMMAND: POST /session/7b6bf687a76b2f82f8be10a20d274994/execute/async - {"script":"<script> [1562 bytes]","args":[{"selector":{"id":"application-managepartners-display-component---NewPartner--addressDetailDetailsCity1","interaction":{"idSuffix":"inner"}},"wdio_ui5_key":"applicationmanagepartners-display-component---NewPartner--addressDetailDetailsCity1"}]}
RESULT: {"script":"<script> [1562 bytes]","args":[{"selector":{"id":"application-managepartners-display-component---NewPartner--addressDetailDetailsCity1","interaction":{"idSuffix":"inner"}},"wdio_ui5_key":"applicationmanagepartners-display-component---NewPartner--addressDetailDetailsCity1"}]}
RESULT: undefined
COMMAND: POST /session/7b6bf687a76b2f82f8be10a20d274994/execute/async - {"script":"<script> [776 bytes]","args":[{"enterText":"Rosario","selector":{"id":"application-managepartners-display-component---NewPartner--addressDetailDetailsCity1","interaction":{"idSuffix":"inner"}},"clearTextFirst":true,"interactionType":"ENTER_TEXT"}]}
RESULT: {"script":"<script> [776 bytes]","args":[{"enterText":"Rosario","selector":{"id":"application-managepartners-display-component---NewPartner--addressDetailDetailsCity1","interaction":{"idSuffix":"inner"}},"clearTextFirst":true,"interactionType":"ENTER_TEXT"}]}
COMMAND: POST /session/7b6bf687a76b2f82f8be10a20d274994/execute/async - {"script":"<script> [1562 bytes]","args":[{"selector":{"id":"application-managepartners-display-component---NewPartner--addressDetailDetailsCountry-arrow"},"wdio_ui5_key":"applicationmanagepartners-display-component---NewPartner--addressDetailDetailsCountry-arrow"}]}
RESULT: {"script":"<script> [1562 bytes]","args":[{"selector":{"id":"application-managepartners-display-component---NewPartner--addressDetailDetailsCountry-arrow"},"wdio_ui5_key":"applicationmanagepartners-display-component---NewPartner--addressDetailDetailsCountry-arrow"}]}
RESULT: undefined
COMMAND: POST /session/7b6bf687a76b2f82f8be10a20d274994/element - {"using":"xpath","value":"//*[@id=\"application-managepartners-display-component---NewPartner--addressDetailDetailsCountry-arrow\"]"}
RESULT: {"using":"xpath","value":"//*[@id=\"application-managepartners-display-component---NewPartner--addressDetailDetailsCountry-arrow\"]"}
COMMAND: POST /session/7b6bf687a76b2f82f8be10a20d274994/element/f.5952FD13A0E9015951015C7D643014E2.d.A166065718E764DEECBEB9ADB3DDF333.e.3063/click - {}
RESULT: {}
COMMAND: POST /session/7b6bf687a76b2f82f8be10a20d274994/element - {"using":"xpath","value":"//span[contains(text(), \"Argentina\")]"}
COMMAND: GET /session/7b6bf687a76b2f82f8be10a20d274994/screenshot - {}
RESULT: {"using":"xpath","value":"//span[contains(text(), \"Argentina\")]"}
COMMAND: POST /session/7b6bf687a76b2f82f8be10a20d274994/element/f.5952FD13A0E9015951015C7D643014E2.d.A166065718E764DEECBEB9ADB3DDF333.e.3232/click - {}
RESULT: {}
RESULT: {}
COMMAND: GET /session/7b6bf687a76b2f82f8be10a20d274994/screenshot - {}
RESULT: {}
COMMAND: POST /session/7b6bf687a76b2f82f8be10a20d274994/element - {"using":"xpath","value":"//bdi[contains(text(), \"Commercial\")]"}
RESULT: {"using":"xpath","value":"//bdi[contains(text(), \"Commercial\")]"}
COMMAND: POST /session/7b6bf687a76b2f82f8be10a20d274994/element/f.5952FD13A0E9015951015C7D643014E2.d.A166065718E764DEECBEB9ADB3DDF333.e.3233/click - {}
RESULT: {}
COMMAND: GET /session/7b6bf687a76b2f82f8be10a20d274994/screenshot - {}
RESULT: {}
COMMAND: POST /session/7b6bf687a76b2f82f8be10a20d274994/execute/async - {"script":"<script> [1562 bytes]","args":[{"selector":{"id":"application-managepartners-display-component---NewPartner--partnerDetailInternal-arrow"},"wdio_ui5_key":"applicationmanagepartners-display-component---NewPartner--partnerDetailInternal-arrow"}]}
RESULT: {"script":"<script> [1562 bytes]","args":[{"selector":{"id":"application-managepartners-display-component---NewPartner--partnerDetailInternal-arrow"},"wdio_ui5_key":"applicationmanagepartners-display-component---NewPartner--partnerDetailInternal-arrow"}]}
RESULT: undefined
COMMAND: POST /session/7b6bf687a76b2f82f8be10a20d274994/element - {"using":"xpath","value":"//*[@id=\"application-managepartners-display-component---NewPartner--partnerDetailInternal-arrow\"]"}
RESULT: {"using":"xpath","value":"//*[@id=\"application-managepartners-display-component---NewPartner--partnerDetailInternal-arrow\"]"}
COMMAND: POST /session/7b6bf687a76b2f82f8be10a20d274994/element/f.5952FD13A0E9015951015C7D643014E2.d.A166065718E764DEECBEB9ADB3DDF333.e.3239/click - {}
RESULT: {}
COMMAND: POST /session/7b6bf687a76b2f82f8be10a20d274994/element - {"using":"xpath","value":"//span[contains(text(), \"Affiliated company\")]"}
COMMAND: GET /session/7b6bf687a76b2f82f8be10a20d274994/screenshot - {}
RESULT: {"using":"xpath","value":"//span[contains(text(), \"Affiliated company\")]"}
COMMAND: POST /session/7b6bf687a76b2f82f8be10a20d274994/element/f.5952FD13A0E9015951015C7D643014E2.d.A166065718E764DEECBEB9ADB3DDF333.e.3240/click - {}
RESULT: {}
RESULT: {}
COMMAND: POST /session/7b6bf687a76b2f82f8be10a20d274994/execute/async - {"script":"<script> [1562 bytes]","args":[{"selector":{"id":"application-managepartners-display-component---NewPartner--partnerDetailsCurrency-arrow"},"wdio_ui5_key":"applicationmanagepartners-display-component---NewPartner--partnerDetailsCurrency-arrow"}]}
COMMAND: GET /session/7b6bf687a76b2f82f8be10a20d274994/screenshot - {}
RESULT: {"script":"<script> [1562 bytes]","args":[{"selector":{"id":"application-managepartners-display-component---NewPartner--partnerDetailsCurrency-arrow"},"wdio_ui5_key":"applicationmanagepartners-display-component---NewPartner--partnerDetailsCurrency-arrow"}]}
RESULT: undefined
COMMAND: POST /session/7b6bf687a76b2f82f8be10a20d274994/element - {"using":"xpath","value":"//*[@id=\"application-managepartners-display-component---NewPartner--partnerDetailsCurrency-arrow\"]"}
RESULT: {}
RESULT: {"using":"xpath","value":"//*[@id=\"application-managepartners-display-component---NewPartner--partnerDetailsCurrency-arrow\"]"}
COMMAND: POST /session/7b6bf687a76b2f82f8be10a20d274994/element/f.5952FD13A0E9015951015C7D643014E2.d.A166065718E764DEECBEB9ADB3DDF333.e.3247/click - {}
RESULT: {}
COMMAND: POST /session/7b6bf687a76b2f82f8be10a20d274994/element - {"using":"xpath","value":"//span[contains(text(), \"Euro\")]"}
COMMAND: GET /session/7b6bf687a76b2f82f8be10a20d274994/screenshot - {}
RESULT: {"using":"xpath","value":"//span[contains(text(), \"Euro\")]"}
COMMAND: POST /session/7b6bf687a76b2f82f8be10a20d274994/element/f.5952FD13A0E9015951015C7D643014E2.d.A166065718E764DEECBEB9ADB3DDF333.e.3248/click - {}
RESULT: {}
RESULT: {}
COMMAND: POST /session/7b6bf687a76b2f82f8be10a20d274994/execute/async - {"script":"<script> [1562 bytes]","args":[{"selector":{"id":"application-managepartners-display-component---NewPartner--addressEditDetailsCostObjectCstType-arrow"},"wdio_ui5_key":"applicationmanagepartners-display-component---NewPartner--addressEditDetailsCostObjectCstType-arrow"}]}
COMMAND: GET /session/7b6bf687a76b2f82f8be10a20d274994/screenshot - {}
RESULT: {"script":"<script> [1562 bytes]","args":[{"selector":{"id":"application-managepartners-display-component---NewPartner--addressEditDetailsCostObjectCstType-arrow"},"wdio_ui5_key":"applicationmanagepartners-display-component---NewPartner--addressEditDetailsCostObjectCstType-arrow"}]}
RESULT: undefined
COMMAND: POST /session/7b6bf687a76b2f82f8be10a20d274994/element - {"using":"xpath","value":"//*[@id=\"application-managepartners-display-component---NewPartner--addressEditDetailsCostObjectCstType-arrow\"]"}
RESULT: {}
RESULT: {"using":"xpath","value":"//*[@id=\"application-managepartners-display-component---NewPartner--addressEditDetailsCostObjectCstType-arrow\"]"}
COMMAND: POST /session/7b6bf687a76b2f82f8be10a20d274994/element/f.5952FD13A0E9015951015C7D643014E2.d.A166065718E764DEECBEB9ADB3DDF333.e.3249/click - {}
RESULT: {}
COMMAND: POST /session/7b6bf687a76b2f82f8be10a20d274994/element - {"using":"xpath","value":"//span[contains(text(), \"Cost Center\")]"}
COMMAND: GET /session/7b6bf687a76b2f82f8be10a20d274994/screenshot - {}
RESULT: {"using":"xpath","value":"//span[contains(text(), \"Cost Center\")]"}
COMMAND: POST /session/7b6bf687a76b2f82f8be10a20d274994/element/f.5952FD13A0E9015951015C7D643014E2.d.A166065718E764DEECBEB9ADB3DDF333.e.3250/click - {}
RESULT: {}
RESULT: {}
COMMAND: GET /session/7b6bf687a76b2f82f8be10a20d274994/screenshot - {}
RESULT: {}
COMMAND: POST /session/7b6bf687a76b2f82f8be10a20d274994/element - {"using":"xpath","value":"//span[@id=\"application-managepartners-display-component---NewPartner--addressNewCostObjectCstID-vhi\"]"}
RESULT: {"using":"xpath","value":"//span[@id=\"application-managepartners-display-component---NewPartner--addressNewCostObjectCstID-vhi\"]"}
COMMAND: POST /session/7b6bf687a76b2f82f8be10a20d274994/execute/sync - {"script":"<script> [8489 bytes]","args":[{"element-6066-11e4-a52e-4f735466cecf":"f.5952FD13A0E9015951015C7D643014E2.d.A166065718E764DEECBEB9ADB3DDF333.e.3254","ELEMENT":"f.5952FD13A0E9015951015C7D643014E2.d.A166065718E764DEECBEB9ADB3DDF333.e.3254"}]}
RESULT: {"script":"<script> [8489 bytes]","args":[{"element-6066-11e4-a52e-4f735466cecf":"f.5952FD13A0E9015951015C7D643014E2.d.A166065718E764DEECBEB9ADB3DDF333.e.3254","ELEMENT":"f.5952FD13A0E9015951015C7D643014E2.d.A166065718E764DEECBEB9ADB3DDF333.e.3254"}]}
COMMAND: POST /session/7b6bf687a76b2f82f8be10a20d274994/execute/async - {"script":"<script> [1562 bytes]","args":[{"selector":{"id":"application-managepartners-display-component---NewPartner--addressNewCostObjectCstID-vhi"},"wdio_ui5_key":"applicationmanagepartners-display-component---NewPartner--addressNewCostObjectCstID-vhi"}]}
COMMAND: GET /session/7b6bf687a76b2f82f8be10a20d274994/screenshot - {}
RESULT: {"script":"<script> [1562 bytes]","args":[{"selector":{"id":"application-managepartners-display-component---NewPartner--addressNewCostObjectCstID-vhi"},"wdio_ui5_key":"applicationmanagepartners-display-component---NewPartner--addressNewCostObjectCstID-vhi"}]}
RESULT: undefined
COMMAND: POST /session/7b6bf687a76b2f82f8be10a20d274994/element - {"using":"xpath","value":"//*[@id=\"application-managepartners-display-component---NewPartner--addressNewCostObjectCstID-vhi\"]"}
RESULT: {}
RESULT: {"using":"xpath","value":"//*[@id=\"application-managepartners-display-component---NewPartner--addressNewCostObjectCstID-vhi\"]"}
COMMAND: POST /session/7b6bf687a76b2f82f8be10a20d274994/element/f.5952FD13A0E9015951015C7D643014E2.d.A166065718E764DEECBEB9ADB3DDF333.e.3254/click - {}
RESULT: {}
COMMAND: GET /session/7b6bf687a76b2f82f8be10a20d274994/screenshot - {}
RESULT: {}
COMMAND: POST /session/7b6bf687a76b2f82f8be10a20d274994/execute/async - {"script":"<script> [1562 bytes]","args":[{"selector":{"controlType":"sap.m.SearchField","properties":{"placeholder":"Search"},"searchOpenDialogs":true,"interaction":{"idSuffix":"I"}},"wdio_ui5_key":"sapm.SearchField{\"placeholder\":\"Search\"}"}]}
RESULT: {"script":"<script> [1562 bytes]","args":[{"selector":{"controlType":"sap.m.SearchField","properties":{"placeholder":"Search"},"searchOpenDialogs":true,"interaction":{"idSuffix":"I"}},"wdio_ui5_key":"sapm.SearchField{\"placeholder\":\"Search\"}"}]}
RESULT: undefined
COMMAND: POST /session/7b6bf687a76b2f82f8be10a20d274994/execute/async - {"script":"<script> [776 bytes]","args":[{"enterText":"10001013","selector":{"controlType":"sap.m.SearchField","properties":{"placeholder":"Search"},"searchOpenDialogs":true,"interaction":{"idSuffix":"I"}},"clearTextFirst":true,"interactionType":"ENTER_TEXT"}]}
RESULT: {"script":"<script> [776 bytes]","args":[{"enterText":"10001013","selector":{"controlType":"sap.m.SearchField","properties":{"placeholder":"Search"},"searchOpenDialogs":true,"interaction":{"idSuffix":"I"}},"clearTextFirst":true,"interactionType":"ENTER_TEXT"}]}
COMMAND: POST /session/7b6bf687a76b2f82f8be10a20d274994/actions - {"actions":[{"id":"action11","type":"key","parameters":{},"actions":[{"type":"keyDown","value":"î€‡"},{"type":"pause","duration":10},{"type":"keyUp","value":"î€‡"}]}]}
RESULT: {"actions":[{"id":"action11","type":"key","parameters":{},"actions":[{"type":"keyDown","value":"î€‡"},{"type":"pause","duration":10},{"type":"keyUp","value":"î€‡"}]}]}
COMMAND: GET /session/7b6bf687a76b2f82f8be10a20d274994/screenshot - {}
RESULT: {}
COMMAND: POST /session/7b6bf687a76b2f82f8be10a20d274994/element - {"using":"xpath","value":"//span[contains(text(), \"General Management\")]"}
RESULT: {"using":"xpath","value":"//span[contains(text(), \"General Management\")]"}
COMMAND: POST /session/7b6bf687a76b2f82f8be10a20d274994/element/f.5952FD13A0E9015951015C7D643014E2.d.A166065718E764DEECBEB9ADB3DDF333.e.3295/click - {}
RESULT: {}
COMMAND: GET /session/7b6bf687a76b2f82f8be10a20d274994/screenshot - {}
RESULT: {}
COMMAND: POST /session/7b6bf687a76b2f82f8be10a20d274994/element - {"using":"xpath","value":"//bdi[contains(text(), \"OK\")]"}
RESULT: {"using":"xpath","value":"//bdi[contains(text(), \"OK\")]"}
COMMAND: POST /session/7b6bf687a76b2f82f8be10a20d274994/element/f.5952FD13A0E9015951015C7D643014E2.d.A166065718E764DEECBEB9ADB3DDF333.e.3296/click - {}
RESULT: {}
COMMAND: GET /session/7b6bf687a76b2f82f8be10a20d274994/screenshot - {}
RESULT: {}
COMMAND: POST /session/7b6bf687a76b2f82f8be10a20d274994/element - {"using":"xpath","value":"//input[@id=\"application-managepartners-display-component---NewPartner--companyCodeComboBox-inner\"]"}
RESULT: {"using":"xpath","value":"//input[@id=\"application-managepartners-display-component---NewPartner--companyCodeComboBox-inner\"]"}
COMMAND: POST /session/7b6bf687a76b2f82f8be10a20d274994/element/f.5952FD13A0E9015951015C7D643014E2.d.A166065718E764DEECBEB9ADB3DDF333.e.3050/clear - {}
RESULT: {}
COMMAND: POST /session/7b6bf687a76b2f82f8be10a20d274994/element/f.5952FD13A0E9015951015C7D643014E2.d.A166065718E764DEECBEB9ADB3DDF333.e.3050/value - {"text":"C002"}
COMMAND: GET /session/7b6bf687a76b2f82f8be10a20d274994/screenshot - {}
RESULT: {"text":"C002"}
COMMAND: GET /session/7b6bf687a76b2f82f8be10a20d274994/screenshot - {}
RESULT: {}
RESULT: {}
COMMAND: POST /session/7b6bf687a76b2f82f8be10a20d274994/element - {"using":"xpath","value":"//span[contains(text(), \"C002\")]"}
RESULT: {"using":"xpath","value":"//span[contains(text(), \"C002\")]"}
COMMAND: POST /session/7b6bf687a76b2f82f8be10a20d274994/element/f.5952FD13A0E9015951015C7D643014E2.d.A166065718E764DEECBEB9ADB3DDF333.e.3302/click - {}
RESULT: {}
COMMAND: GET /session/7b6bf687a76b2f82f8be10a20d274994/screenshot - {}
RESULT: {}
COMMAND: POST /session/7b6bf687a76b2f82f8be10a20d274994/execute/async - {"script":"<script> [1562 bytes]","args":[{"selector":{"id":"application-managepartners-display-component---NewPartner--btnAddTableRow-img"},"wdio_ui5_key":"applicationmanagepartners-display-component---NewPartner--btnAddTableRow-img"}]}
RESULT: {"script":"<script> [1562 bytes]","args":[{"selector":{"id":"application-managepartners-display-component---NewPartner--btnAddTableRow-img"},"wdio_ui5_key":"applicationmanagepartners-display-component---NewPartner--btnAddTableRow-img"}]}
RESULT: undefined
COMMAND: POST /session/7b6bf687a76b2f82f8be10a20d274994/element - {"using":"xpath","value":"//*[@id=\"application-managepartners-display-component---NewPartner--btnAddTableRow-img\"]"}
RESULT: {"using":"xpath","value":"//*[@id=\"application-managepartners-display-component---NewPartner--btnAddTableRow-img\"]"}
COMMAND: POST /session/7b6bf687a76b2f82f8be10a20d274994/element/f.5952FD13A0E9015951015C7D643014E2.d.A166065718E764DEECBEB9ADB3DDF333.e.3303/click - {}
RESULT: {}
COMMAND: GET /session/7b6bf687a76b2f82f8be10a20d274994/screenshot - {}
RESULT: {}
COMMAND: POST /session/7b6bf687a76b2f82f8be10a20d274994/element - {"using":"xpath","value":"//input[@id=\"application-managepartners-display-component---NewPartner--assignmentYard-application-managepartners-display-component---NewPartner--assignmentsTable-0-inner\"]"}
RESULT: {"using":"xpath","value":"//input[@id=\"application-managepartners-display-component---NewPartner--assignmentYard-application-managepartners-display-component---NewPartner--assignmentsTable-0-inner\"]"}
COMMAND: POST /session/7b6bf687a76b2f82f8be10a20d274994/element/f.5952FD13A0E9015951015C7D643014E2.d.A166065718E764DEECBEB9ADB3DDF333.e.3306/clear - {}
RESULT: {}
COMMAND: POST /session/7b6bf687a76b2f82f8be10a20d274994/element/f.5952FD13A0E9015951015C7D643014E2.d.A166065718E764DEECBEB9ADB3DDF333.e.3306/value - {"text":"509"}
COMMAND: GET /session/7b6bf687a76b2f82f8be10a20d274994/screenshot - {}
RESULT: {"text":"509"}
COMMAND: GET /session/7b6bf687a76b2f82f8be10a20d274994/screenshot - {}
RESULT: {}
RESULT: {}
COMMAND: POST /session/7b6bf687a76b2f82f8be10a20d274994/element - {"using":"xpath","value":"//li[.//span[text()='509']]"}
RESULT: {"using":"xpath","value":"//li[.//span[text()='509']]"}
COMMAND: POST /session/7b6bf687a76b2f82f8be10a20d274994/element/f.5952FD13A0E9015951015C7D643014E2.d.A166065718E764DEECBEB9ADB3DDF333.e.3315/click - {}
RESULT: {}
COMMAND: GET /session/7b6bf687a76b2f82f8be10a20d274994/screenshot - {}
RESULT: {}
COMMAND: POST /session/7b6bf687a76b2f82f8be10a20d274994/actions - {"actions":[{"id":"action12","type":"key","parameters":{},"actions":[{"type":"keyDown","value":"î€‡"},{"type":"pause","duration":10},{"type":"keyUp","value":"î€‡"}]}]}
RESULT: {"actions":[{"id":"action12","type":"key","parameters":{},"actions":[{"type":"keyDown","value":"î€‡"},{"type":"pause","duration":10},{"type":"keyUp","value":"î€‡"}]}]}
COMMAND: POST /session/7b6bf687a76b2f82f8be10a20d274994/execute/async - {"script":"<script> [1562 bytes]","args":[{"selector":{"id":"application-managepartners-display-component---NewPartner--externalCustomerComboBox-application-managepartners-display-component---NewPartner--assignmentsTable-0-vhi"},"wdio_ui5_key":"applicationmanagepartners-display-component---NewPartner--externalCustomerComboBox-application-managepartners-display-component---NewPartner--assignmentsTable-0-vhi"}]}
COMMAND: GET /session/7b6bf687a76b2f82f8be10a20d274994/screenshot - {}
RESULT: {"script":"<script> [1562 bytes]","args":[{"selector":{"id":"application-managepartners-display-component---NewPartner--externalCustomerComboBox-application-managepartners-display-component---NewPartner--assignmentsTable-0-vhi"},"wdio_ui5_key":"applicationmanagepartners-display-component---NewPartner--externalCustomerComboBox-application-managepartners-display-component---NewPartner--assignmentsTable-0-vhi"}]}
RESULT: undefined
COMMAND: POST /session/7b6bf687a76b2f82f8be10a20d274994/element - {"using":"xpath","value":"//*[@id=\"application-managepartners-display-component---NewPartner--externalCustomerComboBox-application-managepartners-display-component---NewPartner--assignmentsTable-0-vhi\"]"}
RESULT: {}
RESULT: {"using":"xpath","value":"//*[@id=\"application-managepartners-display-component---NewPartner--externalCustomerComboBox-application-managepartners-display-component---NewPartner--assignmentsTable-0-vhi\"]"}
COMMAND: POST /session/7b6bf687a76b2f82f8be10a20d274994/element/f.5952FD13A0E9015951015C7D643014E2.d.A166065718E764DEECBEB9ADB3DDF333.e.3319/click - {}
RESULT: {}
RESULT: undefined
COMMAND: POST /session/7b6bf687a76b2f82f8be10a20d274994/execute/async - {"script":"<script> [776 bytes]","args":[{"enterText":"300003","selector":{"controlType":"sap.m.SearchField","properties":{"placeholder":"Search"},"searchOpenDialogs":true,"interaction":{"idSuffix":"I"}},"clearTextFirst":true,"interactionType":"ENTER_TEXT"}]}
COMMAND: GET /session/7b6bf687a76b2f82f8be10a20d274994/screenshot - {}
RESULT: {"script":"<script> [776 bytes]","args":[{"enterText":"300003","selector":{"controlType":"sap.m.SearchField","properties":{"placeholder":"Search"},"searchOpenDialogs":true,"interaction":{"idSuffix":"I"}},"clearTextFirst":true,"interactionType":"ENTER_TEXT"}]}
COMMAND: POST /session/7b6bf687a76b2f82f8be10a20d274994/actions - {"actions":[{"id":"action13","type":"key","parameters":{},"actions":[{"type":"keyDown","value":"î€‡"},{"type":"pause","duration":10},{"type":"keyUp","value":"î€‡"}]}]}
RESULT: {}
RESULT: {"actions":[{"id":"action13","type":"key","parameters":{},"actions":[{"type":"keyDown","value":"î€‡"},{"type":"pause","duration":10},{"type":"keyUp","value":"î€‡"}]}]}
COMMAND: GET /session/7b6bf687a76b2f82f8be10a20d274994/screenshot - {}
RESULT: {}
COMMAND: POST /session/7b6bf687a76b2f82f8be10a20d274994/element - {"using":"xpath","value":"//span[contains(text(), \"300003\")]"}
RESULT: {"using":"xpath","value":"//span[contains(text(), \"300003\")]"}
COMMAND: POST /session/7b6bf687a76b2f82f8be10a20d274994/element/f.5952FD13A0E9015951015C7D643014E2.d.A166065718E764DEECBEB9ADB3DDF333.e.3336/click - {}
RESULT: {}
COMMAND: GET /session/7b6bf687a76b2f82f8be10a20d274994/screenshot - {}
RESULT: {}
COMMAND: POST /session/7b6bf687a76b2f82f8be10a20d274994/element - {"using":"xpath","value":"//bdi[contains(text(), \"OK\")]"}
RESULT: {"using":"xpath","value":"//bdi[contains(text(), \"OK\")]"}
COMMAND: POST /session/7b6bf687a76b2f82f8be10a20d274994/element/f.5952FD13A0E9015951015C7D643014E2.d.A166065718E764DEECBEB9ADB3DDF333.e.3338/click - {}
RESULT: {}
COMMAND: GET /session/7b6bf687a76b2f82f8be10a20d274994/screenshot - {}
RESULT: {}
COMMAND: POST /session/7b6bf687a76b2f82f8be10a20d274994/execute/async - {"script":"<script> [1562 bytes]","args":[{"selector":{"id":"application-managepartners-display-component---NewPartner--intercompVendorComboBox-application-managepartners-display-component---NewPartner--assignmentsTable-0-vhi"},"wdio_ui5_key":"applicationmanagepartners-display-component---NewPartner--intercompVendorComboBox-application-managepartners-display-component---NewPartner--assignmentsTable-0-vhi"}]}
RESULT: {"script":"<script> [1562 bytes]","args":[{"selector":{"id":"application-managepartners-display-component---NewPartner--intercompVendorComboBox-application-managepartners-display-component---NewPartner--assignmentsTable-0-vhi"},"wdio_ui5_key":"applicationmanagepartners-display-component---NewPartner--intercompVendorComboBox-application-managepartners-display-component---NewPartner--assignmentsTable-0-vhi"}]}
RESULT: undefined
COMMAND: POST /session/7b6bf687a76b2f82f8be10a20d274994/element - {"using":"xpath","value":"//*[@id=\"application-managepartners-display-component---NewPartner--intercompVendorComboBox-application-managepartners-display-component---NewPartner--assignmentsTable-0-vhi\"]"}
RESULT: {"using":"xpath","value":"//*[@id=\"application-managepartners-display-component---NewPartner--intercompVendorComboBox-application-managepartners-display-component---NewPartner--assignmentsTable-0-vhi\"]"}
COMMAND: POST /session/7b6bf687a76b2f82f8be10a20d274994/element/f.5952FD13A0E9015951015C7D643014E2.d.A166065718E764DEECBEB9ADB3DDF333.e.3342/click - {}
RESULT: {}
RESULT: undefined
COMMAND: POST /session/7b6bf687a76b2f82f8be10a20d274994/execute/async - {"script":"<script> [776 bytes]","args":[{"enterText":"100005","selector":{"controlType":"sap.m.SearchField","properties":{"placeholder":"Search"},"searchOpenDialogs":true,"interaction":{"idSuffix":"I"}},"clearTextFirst":true,"interactionType":"ENTER_TEXT"}]}
COMMAND: GET /session/7b6bf687a76b2f82f8be10a20d274994/screenshot - {}
RESULT: {"script":"<script> [776 bytes]","args":[{"enterText":"100005","selector":{"controlType":"sap.m.SearchField","properties":{"placeholder":"Search"},"searchOpenDialogs":true,"interaction":{"idSuffix":"I"}},"clearTextFirst":true,"interactionType":"ENTER_TEXT"}]}
COMMAND: POST /session/7b6bf687a76b2f82f8be10a20d274994/actions - {"actions":[{"id":"action14","type":"key","parameters":{},"actions":[{"type":"keyDown","value":"î€‡"},{"type":"pause","duration":10},{"type":"keyUp","value":"î€‡"}]}]}
RESULT: {}
RESULT: {"actions":[{"id":"action14","type":"key","parameters":{},"actions":[{"type":"keyDown","value":"î€‡"},{"type":"pause","duration":10},{"type":"keyUp","value":"î€‡"}]}]}
COMMAND: GET /session/7b6bf687a76b2f82f8be10a20d274994/screenshot - {}
RESULT: {}
COMMAND: POST /session/7b6bf687a76b2f82f8be10a20d274994/element - {"using":"xpath","value":"//span[contains(text(), \"Penguins - Field/12345 Berlin\")]"}
RESULT: {"using":"xpath","value":"//span[contains(text(), \"Penguins - Field/12345 Berlin\")]"}
COMMAND: POST /session/7b6bf687a76b2f82f8be10a20d274994/element/f.5952FD13A0E9015951015C7D643014E2.d.A166065718E764DEECBEB9ADB3DDF333.e.3361/click - {}
RESULT: {}
COMMAND: GET /session/7b6bf687a76b2f82f8be10a20d274994/screenshot - {}
RESULT: {}
COMMAND: POST /session/7b6bf687a76b2f82f8be10a20d274994/element - {"using":"xpath","value":"//bdi[contains(text(), \"OK\")]"}
RESULT: {"using":"xpath","value":"//bdi[contains(text(), \"OK\")]"}
COMMAND: POST /session/7b6bf687a76b2f82f8be10a20d274994/element/f.5952FD13A0E9015951015C7D643014E2.d.A166065718E764DEECBEB9ADB3DDF333.e.3363/click - {}
RESULT: {}
COMMAND: GET /session/7b6bf687a76b2f82f8be10a20d274994/screenshot - {}
RESULT: {}
COMMAND: POST /session/7b6bf687a76b2f82f8be10a20d274994/element - {"using":"xpath","value":"//button[@data-kt=\"saveButton\"]"}
RESULT: {"using":"xpath","value":"//button[@data-kt=\"saveButton\"]"}
COMMAND: POST /session/7b6bf687a76b2f82f8be10a20d274994/element/f.5952FD13A0E9015951015C7D643014E2.d.A166065718E764DEECBEB9ADB3DDF333.e.3065/click - {}
RESULT: {}
COMMAND: GET /session/7b6bf687a76b2f82f8be10a20d274994/screenshot - {}
RESULT: {}
COMMAND: POST /session/7b6bf687a76b2f82f8be10a20d274994/element - {"using":"xpath","value":"//header[contains(@id, 'ObjectPageLayout-headerTitle')]/div[1]/div[2]/div[2]/span[1]"}
RESULT: {"using":"xpath","value":"//header[contains(@id, 'ObjectPageLayout-headerTitle')]/div[1]/div[2]/div[2]/span[1]"}
COMMAND: POST /session/7b6bf687a76b2f82f8be10a20d274994/elements - {"using":"xpath","value":"//header[contains(@id, 'ObjectPageLayout-headerTitle')]/div[1]/div[2]/div[2]/span[1]"}
RESULT: {"using":"xpath","value":"//header[contains(@id, 'ObjectPageLayout-headerTitle')]/div[1]/div[2]/div[2]/span[1]"}
COMMAND: POST /session/7b6bf687a76b2f82f8be10a20d274994/execute/sync - {"script":"<script> [56 bytes]","args":[{"element-6066-11e4-a52e-4f735466cecf":"f.5952FD13A0E9015951015C7D643014E2.d.A166065718E764DEECBEB9ADB3DDF333.e.3528","ELEMENT":"f.5952FD13A0E9015951015C7D643014E2.d.A166065718E764DEECBEB9ADB3DDF333.e.3528"}]}
RESULT: {"script":"<script> [56 bytes]","args":[{"element-6066-11e4-a52e-4f735466cecf":"f.5952FD13A0E9015951015C7D643014E2.d.A166065718E764DEECBEB9ADB3DDF333.e.3528","ELEMENT":"f.5952FD13A0E9015951015C7D643014E2.d.A166065718E764DEECBEB9ADB3DDF333.e.3528"}]}
COMMAND: POST /session/7b6bf687a76b2f82f8be10a20d274994/element - {"using":"css selector","value":"#shell-header-logo"}
COMMAND: GET /session/7b6bf687a76b2f82f8be10a20d274994/screenshot - {}
RESULT: {"using":"css selector","value":"#shell-header-logo"}
COMMAND: POST /session/7b6bf687a76b2f82f8be10a20d274994/element/f.5952FD13A0E9015951015C7D643014E2.d.A166065718E764DEECBEB9ADB3DDF333.e.2928/click - {}
RESULT: {}
RESULT: {}
COMMAND: GET /session/7b6bf687a76b2f82f8be10a20d274994/screenshot - {}
RESULT: {}
COMMAND: POST /session/7b6bf687a76b2f82f8be10a20d274994/execute/sync - {"script":"<script> [299 bytes]","args":[["getModel","getResource"]]}
RESULT: {"script":"<script> [299 bytes]","args":[["getModel","getResource"]]}
]]></system-out>
    </testcase>
    <testcase classname="chrome.135_0_7049_96.windows.Edit_and_delete_daily_price_US134629_US134627" name="Should create a new site used for following tests" time="110.114">
      <system-out><![CDATA[
COMMAND: GET /session/7b6bf687a76b2f82f8be10a20d274994/screenshot - {}
COMMAND: POST /session/7b6bf687a76b2f82f8be10a20d274994/execute/async - {"script":"<script> [1562 bytes]","args":[{"selector":{"controlType":"sap.m.TileContent","bindingPath":{"path":"","propertyPath":"/properties/info"},"ancestor":{"controlType":"sap.m.GenericTile","properties":{"header":"Manage Sites"}}},"wdio_ui5_key":"sapm.TileContent{\"path\":\"\",\"propertyPath\":\"/properties/info\"}{\"controlType\":\"sap.m.GenericTile\",\"properties\":{\"header\":\"Manage Sites\"}}"}]}
RESULT: {}
RESULT: {"script":"<script> [1562 bytes]","args":[{"selector":{"controlType":"sap.m.TileContent","bindingPath":{"path":"","propertyPath":"/properties/info"},"ancestor":{"controlType":"sap.m.GenericTile","properties":{"header":"Manage Sites"}}},"wdio_ui5_key":"sapm.TileContent{\"path\":\"\",\"propertyPath\":\"/properties/info\"}{\"controlType\":\"sap.m.GenericTile\",\"properties\":{\"header\":\"Manage Sites\"}}"}]}
RESULT: undefined
COMMAND: POST /session/7b6bf687a76b2f82f8be10a20d274994/element - {"using":"xpath","value":"//*[@id=\"__xmlview7--numericTileContent\"]"}
RESULT: {"using":"xpath","value":"//*[@id=\"__xmlview7--numericTileContent\"]"}
COMMAND: POST /session/7b6bf687a76b2f82f8be10a20d274994/element/f.5952FD13A0E9015951015C7D643014E2.d.A166065718E764DEECBEB9ADB3DDF333.e.3530/click - {}
RESULT: {}
COMMAND: POST /session/7b6bf687a76b2f82f8be10a20d274994/element - {"using":"xpath","value":"//button[@data-kt=\"addOverflowToolbarButton\"]"}
COMMAND: GET /session/7b6bf687a76b2f82f8be10a20d274994/screenshot - {}
RESULT: {"using":"xpath","value":"//button[@data-kt=\"addOverflowToolbarButton\"]"}
COMMAND: POST /session/7b6bf687a76b2f82f8be10a20d274994/elements - {"using":"xpath","value":"//button[@data-kt=\"addOverflowToolbarButton\"]"}
RESULT: {}
RESULT: {"using":"xpath","value":"//button[@data-kt=\"addOverflowToolbarButton\"]"}
COMMAND: POST /session/7b6bf687a76b2f82f8be10a20d274994/elements - {"using":"xpath","value":"//button[@data-kt=\"addOverflowToolbarButton\"]"}
RESULT: {"using":"xpath","value":"//button[@data-kt=\"addOverflowToolbarButton\"]"}
COMMAND: POST /session/7b6bf687a76b2f82f8be10a20d274994/elements - {"using":"xpath","value":"//button[@data-kt=\"addOverflowToolbarButton\"]"}
RESULT: {"using":"xpath","value":"//button[@data-kt=\"addOverflowToolbarButton\"]"}
COMMAND: POST /session/7b6bf687a76b2f82f8be10a20d274994/element - {"using":"xpath","value":"//button[@data-kt=\"addOverflowToolbarButton\"]"}
RESULT: {"using":"xpath","value":"//button[@data-kt=\"addOverflowToolbarButton\"]"}
COMMAND: POST /session/7b6bf687a76b2f82f8be10a20d274994/execute/sync - {"script":"<script> [8489 bytes]","args":[{"element-6066-11e4-a52e-4f735466cecf":"f.5952FD13A0E9015951015C7D643014E2.d.A166065718E764DEECBEB9ADB3DDF333.e.3576","ELEMENT":"f.5952FD13A0E9015951015C7D643014E2.d.A166065718E764DEECBEB9ADB3DDF333.e.3576"}]}
RESULT: {"script":"<script> [8489 bytes]","args":[{"element-6066-11e4-a52e-4f735466cecf":"f.5952FD13A0E9015951015C7D643014E2.d.A166065718E764DEECBEB9ADB3DDF333.e.3576","ELEMENT":"f.5952FD13A0E9015951015C7D643014E2.d.A166065718E764DEECBEB9ADB3DDF333.e.3576"}]}
COMMAND: GET /session/7b6bf687a76b2f82f8be10a20d274994/element/f.5952FD13A0E9015951015C7D643014E2.d.A166065718E764DEECBEB9ADB3DDF333.e.3576/enabled - {}
COMMAND: GET /session/7b6bf687a76b2f82f8be10a20d274994/screenshot - {}
RESULT: {}
COMMAND: POST /session/7b6bf687a76b2f82f8be10a20d274994/execute/sync - {"script":"<script> [8489 bytes]","args":[{"element-6066-11e4-a52e-4f735466cecf":"f.5952FD13A0E9015951015C7D643014E2.d.A166065718E764DEECBEB9ADB3DDF333.e.3576","ELEMENT":"f.5952FD13A0E9015951015C7D643014E2.d.A166065718E764DEECBEB9ADB3DDF333.e.3576"}]}
COMMAND: GET /session/7b6bf687a76b2f82f8be10a20d274994/screenshot - {}
RESULT: {}
RESULT: {"script":"<script> [8489 bytes]","args":[{"element-6066-11e4-a52e-4f735466cecf":"f.5952FD13A0E9015951015C7D643014E2.d.A166065718E764DEECBEB9ADB3DDF333.e.3576","ELEMENT":"f.5952FD13A0E9015951015C7D643014E2.d.A166065718E764DEECBEB9ADB3DDF333.e.3576"}]}
COMMAND: POST /session/7b6bf687a76b2f82f8be10a20d274994/execute/sync - {"script":"<script> [5351 bytes]","args":[{"element-6066-11e4-a52e-4f735466cecf":"f.5952FD13A0E9015951015C7D643014E2.d.A166065718E764DEECBEB9ADB3DDF333.e.3576","ELEMENT":"f.5952FD13A0E9015951015C7D643014E2.d.A166065718E764DEECBEB9ADB3DDF333.e.3576"}]}
COMMAND: GET /session/7b6bf687a76b2f82f8be10a20d274994/screenshot - {}
RESULT: {}
RESULT: {"script":"<script> [5351 bytes]","args":[{"element-6066-11e4-a52e-4f735466cecf":"f.5952FD13A0E9015951015C7D643014E2.d.A166065718E764DEECBEB9ADB3DDF333.e.3576","ELEMENT":"f.5952FD13A0E9015951015C7D643014E2.d.A166065718E764DEECBEB9ADB3DDF333.e.3576"}]}
COMMAND: POST /session/7b6bf687a76b2f82f8be10a20d274994/element/f.5952FD13A0E9015951015C7D643014E2.d.A166065718E764DEECBEB9ADB3DDF333.e.3576/click - {}
COMMAND: GET /session/7b6bf687a76b2f82f8be10a20d274994/screenshot - {}
RESULT: {}
RESULT: {}
COMMAND: GET /session/7b6bf687a76b2f82f8be10a20d274994/screenshot - {}
COMMAND: POST /session/7b6bf687a76b2f82f8be10a20d274994/execute/async - {"script":"<script> [1562 bytes]","args":[{"selector":{"id":"application-managesites-display-component---NewSite--addressDetailDetailsName1","interaction":{"idSuffix":"inner"}},"wdio_ui5_key":"applicationmanagesites-display-component---NewSite--addressDetailDetailsName1"}]}
RESULT: {}
RESULT: {}
RESULT: {"script":"<script> [1562 bytes]","args":[{"selector":{"id":"application-managesites-display-component---NewSite--addressDetailDetailsName1","interaction":{"idSuffix":"inner"}},"wdio_ui5_key":"applicationmanagesites-display-component---NewSite--addressDetailDetailsName1"}]}
RESULT: undefined
COMMAND: POST /session/7b6bf687a76b2f82f8be10a20d274994/execute/async - {"script":"<script> [776 bytes]","args":[{"enterText":"DailyPrice WDIO","selector":{"id":"application-managesites-display-component---NewSite--addressDetailDetailsName1","interaction":{"idSuffix":"inner"}},"clearTextFirst":true,"interactionType":"ENTER_TEXT"}]}
RESULT: {"script":"<script> [776 bytes]","args":[{"enterText":"DailyPrice WDIO","selector":{"id":"application-managesites-display-component---NewSite--addressDetailDetailsName1","interaction":{"idSuffix":"inner"}},"clearTextFirst":true,"interactionType":"ENTER_TEXT"}]}
COMMAND: POST /session/7b6bf687a76b2f82f8be10a20d274994/execute/async - {"script":"<script> [1562 bytes]","args":[{"selector":{"id":"application-managesites-display-component---NewSite--addressDetailDetailsLanguage-arrow"},"wdio_ui5_key":"applicationmanagesites-display-component---NewSite--addressDetailDetailsLanguage-arrow"}]}
RESULT: {"script":"<script> [1562 bytes]","args":[{"selector":{"id":"application-managesites-display-component---NewSite--addressDetailDetailsLanguage-arrow"},"wdio_ui5_key":"applicationmanagesites-display-component---NewSite--addressDetailDetailsLanguage-arrow"}]}
RESULT: undefined
COMMAND: POST /session/7b6bf687a76b2f82f8be10a20d274994/element - {"using":"xpath","value":"//*[@id=\"application-managesites-display-component---NewSite--addressDetailDetailsLanguage-arrow\"]"}
RESULT: {"using":"xpath","value":"//*[@id=\"application-managesites-display-component---NewSite--addressDetailDetailsLanguage-arrow\"]"}
COMMAND: POST /session/7b6bf687a76b2f82f8be10a20d274994/element/f.5952FD13A0E9015951015C7D643014E2.d.A166065718E764DEECBEB9ADB3DDF333.e.3975/click - {}
RESULT: {}
COMMAND: POST /session/7b6bf687a76b2f82f8be10a20d274994/element - {"using":"xpath","value":"//span[contains(text(), \"English\")]"}
COMMAND: GET /session/7b6bf687a76b2f82f8be10a20d274994/screenshot - {}
RESULT: {"using":"xpath","value":"//span[contains(text(), \"English\")]"}
COMMAND: POST /session/7b6bf687a76b2f82f8be10a20d274994/element/f.5952FD13A0E9015951015C7D643014E2.d.A166065718E764DEECBEB9ADB3DDF333.e.3976/click - {}
RESULT: {}
RESULT: {}
COMMAND: POST /session/7b6bf687a76b2f82f8be10a20d274994/execute/async - {"script":"<script> [1562 bytes]","args":[{"selector":{"id":"application-managesites-display-component---NewSite--addressDetailDetailsCity1","interaction":{"idSuffix":"inner"}},"wdio_ui5_key":"applicationmanagesites-display-component---NewSite--addressDetailDetailsCity1"}]}
COMMAND: GET /session/7b6bf687a76b2f82f8be10a20d274994/screenshot - {}
RESULT: {"script":"<script> [1562 bytes]","args":[{"selector":{"id":"application-managesites-display-component---NewSite--addressDetailDetailsCity1","interaction":{"idSuffix":"inner"}},"wdio_ui5_key":"applicationmanagesites-display-component---NewSite--addressDetailDetailsCity1"}]}
RESULT: undefined
COMMAND: POST /session/7b6bf687a76b2f82f8be10a20d274994/execute/async - {"script":"<script> [776 bytes]","args":[{"enterText":"Rosario","selector":{"id":"application-managesites-display-component---NewSite--addressDetailDetailsCity1","interaction":{"idSuffix":"inner"}},"clearTextFirst":true,"interactionType":"ENTER_TEXT"}]}
RESULT: {}
RESULT: {"script":"<script> [776 bytes]","args":[{"enterText":"Rosario","selector":{"id":"application-managesites-display-component---NewSite--addressDetailDetailsCity1","interaction":{"idSuffix":"inner"}},"clearTextFirst":true,"interactionType":"ENTER_TEXT"}]}
COMMAND: POST /session/7b6bf687a76b2f82f8be10a20d274994/execute/async - {"script":"<script> [1562 bytes]","args":[{"selector":{"id":"application-managesites-display-component---NewSite--addressDetailDetailsCountry-arrow"},"wdio_ui5_key":"applicationmanagesites-display-component---NewSite--addressDetailDetailsCountry-arrow"}]}
RESULT: {"script":"<script> [1562 bytes]","args":[{"selector":{"id":"application-managesites-display-component---NewSite--addressDetailDetailsCountry-arrow"},"wdio_ui5_key":"applicationmanagesites-display-component---NewSite--addressDetailDetailsCountry-arrow"}]}
RESULT: undefined
COMMAND: POST /session/7b6bf687a76b2f82f8be10a20d274994/element - {"using":"xpath","value":"//*[@id=\"application-managesites-display-component---NewSite--addressDetailDetailsCountry-arrow\"]"}
RESULT: {"using":"xpath","value":"//*[@id=\"application-managesites-display-component---NewSite--addressDetailDetailsCountry-arrow\"]"}
COMMAND: POST /session/7b6bf687a76b2f82f8be10a20d274994/element/f.5952FD13A0E9015951015C7D643014E2.d.A166065718E764DEECBEB9ADB3DDF333.e.3978/click - {}
RESULT: {}
COMMAND: POST /session/7b6bf687a76b2f82f8be10a20d274994/element - {"using":"xpath","value":"//span[contains(text(), \"Argentina\")]"}
COMMAND: GET /session/7b6bf687a76b2f82f8be10a20d274994/screenshot - {}
RESULT: {"using":"xpath","value":"//span[contains(text(), \"Argentina\")]"}
COMMAND: POST /session/7b6bf687a76b2f82f8be10a20d274994/element/f.5952FD13A0E9015951015C7D643014E2.d.A166065718E764DEECBEB9ADB3DDF333.e.3979/click - {}
RESULT: {}
RESULT: {}
COMMAND: GET /session/7b6bf687a76b2f82f8be10a20d274994/screenshot - {}
RESULT: {}
COMMAND: POST /session/7b6bf687a76b2f82f8be10a20d274994/execute/async - {"script":"<script> [1562 bytes]","args":[{"selector":{"id":"application-managesites-display-component---NewSite--addressEditDetailsCostObjectCstType-arrow"},"wdio_ui5_key":"applicationmanagesites-display-component---NewSite--addressEditDetailsCostObjectCstType-arrow"}]}
RESULT: {"script":"<script> [1562 bytes]","args":[{"selector":{"id":"application-managesites-display-component---NewSite--addressEditDetailsCostObjectCstType-arrow"},"wdio_ui5_key":"applicationmanagesites-display-component---NewSite--addressEditDetailsCostObjectCstType-arrow"}]}
RESULT: undefined
COMMAND: POST /session/7b6bf687a76b2f82f8be10a20d274994/element - {"using":"xpath","value":"//*[@id=\"application-managesites-display-component---NewSite--addressEditDetailsCostObjectCstType-arrow\"]"}
RESULT: {"using":"xpath","value":"//*[@id=\"application-managesites-display-component---NewSite--addressEditDetailsCostObjectCstType-arrow\"]"}
COMMAND: POST /session/7b6bf687a76b2f82f8be10a20d274994/element/f.5952FD13A0E9015951015C7D643014E2.d.A166065718E764DEECBEB9ADB3DDF333.e.3981/click - {}
RESULT: {}
COMMAND: POST /session/7b6bf687a76b2f82f8be10a20d274994/element - {"using":"xpath","value":"//span[contains(text(), \"Cost Center\")]"}
COMMAND: GET /session/7b6bf687a76b2f82f8be10a20d274994/screenshot - {}
RESULT: {"using":"xpath","value":"//span[contains(text(), \"Cost Center\")]"}
COMMAND: POST /session/7b6bf687a76b2f82f8be10a20d274994/element/f.5952FD13A0E9015951015C7D643014E2.d.A166065718E764DEECBEB9ADB3DDF333.e.3982/click - {}
RESULT: {}
RESULT: {}
COMMAND: GET /session/7b6bf687a76b2f82f8be10a20d274994/screenshot - {}
RESULT: {}
COMMAND: POST /session/7b6bf687a76b2f82f8be10a20d274994/element - {"using":"xpath","value":"//span[@id=\"application-managesites-display-component---NewSite--addressNewCostObjectCstID-vhi\"]"}
RESULT: {"using":"xpath","value":"//span[@id=\"application-managesites-display-component---NewSite--addressNewCostObjectCstID-vhi\"]"}
COMMAND: POST /session/7b6bf687a76b2f82f8be10a20d274994/execute/sync - {"script":"<script> [8489 bytes]","args":[{"element-6066-11e4-a52e-4f735466cecf":"f.5952FD13A0E9015951015C7D643014E2.d.A166065718E764DEECBEB9ADB3DDF333.e.3987","ELEMENT":"f.5952FD13A0E9015951015C7D643014E2.d.A166065718E764DEECBEB9ADB3DDF333.e.3987"}]}
RESULT: {"script":"<script> [8489 bytes]","args":[{"element-6066-11e4-a52e-4f735466cecf":"f.5952FD13A0E9015951015C7D643014E2.d.A166065718E764DEECBEB9ADB3DDF333.e.3987","ELEMENT":"f.5952FD13A0E9015951015C7D643014E2.d.A166065718E764DEECBEB9ADB3DDF333.e.3987"}]}
COMMAND: POST /session/7b6bf687a76b2f82f8be10a20d274994/execute/async - {"script":"<script> [1562 bytes]","args":[{"selector":{"id":"application-managesites-display-component---NewSite--addressNewCostObjectCstID-vhi"},"wdio_ui5_key":"applicationmanagesites-display-component---NewSite--addressNewCostObjectCstID-vhi"}]}
COMMAND: GET /session/7b6bf687a76b2f82f8be10a20d274994/screenshot - {}
RESULT: {"script":"<script> [1562 bytes]","args":[{"selector":{"id":"application-managesites-display-component---NewSite--addressNewCostObjectCstID-vhi"},"wdio_ui5_key":"applicationmanagesites-display-component---NewSite--addressNewCostObjectCstID-vhi"}]}
RESULT: undefined
COMMAND: POST /session/7b6bf687a76b2f82f8be10a20d274994/element - {"using":"xpath","value":"//*[@id=\"application-managesites-display-component---NewSite--addressNewCostObjectCstID-vhi\"]"}
RESULT: {}
RESULT: {"using":"xpath","value":"//*[@id=\"application-managesites-display-component---NewSite--addressNewCostObjectCstID-vhi\"]"}
COMMAND: POST /session/7b6bf687a76b2f82f8be10a20d274994/element/f.5952FD13A0E9015951015C7D643014E2.d.A166065718E764DEECBEB9ADB3DDF333.e.3987/click - {}
RESULT: {}
COMMAND: GET /session/7b6bf687a76b2f82f8be10a20d274994/screenshot - {}
RESULT: {}
RESULT: undefined
COMMAND: POST /session/7b6bf687a76b2f82f8be10a20d274994/execute/async - {"script":"<script> [776 bytes]","args":[{"enterText":"10001013","selector":{"controlType":"sap.m.SearchField","properties":{"placeholder":"Search"},"searchOpenDialogs":true,"interaction":{"idSuffix":"I"}},"clearTextFirst":true,"interactionType":"ENTER_TEXT"}]}
RESULT: {"script":"<script> [776 bytes]","args":[{"enterText":"10001013","selector":{"controlType":"sap.m.SearchField","properties":{"placeholder":"Search"},"searchOpenDialogs":true,"interaction":{"idSuffix":"I"}},"clearTextFirst":true,"interactionType":"ENTER_TEXT"}]}
COMMAND: POST /session/7b6bf687a76b2f82f8be10a20d274994/actions - {"actions":[{"id":"action15","type":"key","parameters":{},"actions":[{"type":"keyDown","value":"î€‡"},{"type":"pause","duration":10},{"type":"keyUp","value":"î€‡"}]}]}
RESULT: {"actions":[{"id":"action15","type":"key","parameters":{},"actions":[{"type":"keyDown","value":"î€‡"},{"type":"pause","duration":10},{"type":"keyUp","value":"î€‡"}]}]}
COMMAND: GET /session/7b6bf687a76b2f82f8be10a20d274994/screenshot - {}
RESULT: {}
COMMAND: POST /session/7b6bf687a76b2f82f8be10a20d274994/element - {"using":"xpath","value":"//span[contains(text(), \"General Management\")]"}
RESULT: {"using":"xpath","value":"//span[contains(text(), \"General Management\")]"}
COMMAND: POST /session/7b6bf687a76b2f82f8be10a20d274994/element/f.5952FD13A0E9015951015C7D643014E2.d.A166065718E764DEECBEB9ADB3DDF333.e.4026/click - {}
RESULT: {}
COMMAND: GET /session/7b6bf687a76b2f82f8be10a20d274994/screenshot - {}
RESULT: {}
COMMAND: POST /session/7b6bf687a76b2f82f8be10a20d274994/element - {"using":"xpath","value":"//bdi[contains(text(), \"OK\")]"}
RESULT: {"using":"xpath","value":"//bdi[contains(text(), \"OK\")]"}
COMMAND: POST /session/7b6bf687a76b2f82f8be10a20d274994/element/f.5952FD13A0E9015951015C7D643014E2.d.A166065718E764DEECBEB9ADB3DDF333.e.4027/click - {}
RESULT: {}
COMMAND: GET /session/7b6bf687a76b2f82f8be10a20d274994/screenshot - {}
RESULT: {}
COMMAND: POST /session/7b6bf687a76b2f82f8be10a20d274994/element - {"using":"xpath","value":"//input[@id=\"application-managesites-display-component---NewSite--addressDetailDetailsCalendar-inner\"]"}
RESULT: {"using":"xpath","value":"//input[@id=\"application-managesites-display-component---NewSite--addressDetailDetailsCalendar-inner\"]"}
COMMAND: POST /session/7b6bf687a76b2f82f8be10a20d274994/element/f.5952FD13A0E9015951015C7D643014E2.d.A166065718E764DEECBEB9ADB3DDF333.e.3776/clear - {}
RESULT: {}
COMMAND: POST /session/7b6bf687a76b2f82f8be10a20d274994/element/f.5952FD13A0E9015951015C7D643014E2.d.A166065718E764DEECBEB9ADB3DDF333.e.3776/value - {"text":"Unit"}
COMMAND: GET /session/7b6bf687a76b2f82f8be10a20d274994/screenshot - {}
RESULT: {"text":"Unit"}
COMMAND: GET /session/7b6bf687a76b2f82f8be10a20d274994/screenshot - {}
RESULT: {}
RESULT: {}
COMMAND: POST /session/7b6bf687a76b2f82f8be10a20d274994/actions - {"actions":[{"id":"action16","type":"key","parameters":{},"actions":[{"type":"keyDown","value":"î€‡"},{"type":"pause","duration":10},{"type":"keyUp","value":"î€‡"}]}]}
RESULT: {"actions":[{"id":"action16","type":"key","parameters":{},"actions":[{"type":"keyDown","value":"î€‡"},{"type":"pause","duration":10},{"type":"keyUp","value":"î€‡"}]}]}
COMMAND: POST /session/7b6bf687a76b2f82f8be10a20d274994/element - {"using":"xpath","value":"//input[@id=\"application-managesites-display-component---NewSite--addressDetailDetailsYard-inner\"]"}
COMMAND: GET /session/7b6bf687a76b2f82f8be10a20d274994/screenshot - {}
RESULT: {"using":"xpath","value":"//input[@id=\"application-managesites-display-component---NewSite--addressDetailDetailsYard-inner\"]"}
COMMAND: POST /session/7b6bf687a76b2f82f8be10a20d274994/element/f.5952FD13A0E9015951015C7D643014E2.d.A166065718E764DEECBEB9ADB3DDF333.e.3777/clear - {}
RESULT: {}
RESULT: {}
COMMAND: POST /session/7b6bf687a76b2f82f8be10a20d274994/element/f.5952FD13A0E9015951015C7D643014E2.d.A166065718E764DEECBEB9ADB3DDF333.e.3777/value - {"text":"509"}
COMMAND: GET /session/7b6bf687a76b2f82f8be10a20d274994/screenshot - {}
RESULT: {"text":"509"}
COMMAND: GET /session/7b6bf687a76b2f82f8be10a20d274994/screenshot - {}
RESULT: {}
RESULT: {}
COMMAND: POST /session/7b6bf687a76b2f82f8be10a20d274994/element - {"using":"xpath","value":"//li[.//span[text()='509']]"}
RESULT: {"using":"xpath","value":"//li[.//span[text()='509']]"}
COMMAND: POST /session/7b6bf687a76b2f82f8be10a20d274994/element/f.5952FD13A0E9015951015C7D643014E2.d.A166065718E764DEECBEB9ADB3DDF333.e.4035/click - {}
RESULT: {}
COMMAND: GET /session/7b6bf687a76b2f82f8be10a20d274994/screenshot - {}
RESULT: {}
COMMAND: POST /session/7b6bf687a76b2f82f8be10a20d274994/element - {"using":"xpath","value":"//input[@id=\"application-managesites-display-component---NewSite--addressDetailDetailsPartner-inner\"]"}
RESULT: {"using":"xpath","value":"//input[@id=\"application-managesites-display-component---NewSite--addressDetailDetailsPartner-inner\"]"}
COMMAND: POST /session/7b6bf687a76b2f82f8be10a20d274994/element - {"using":"xpath","value":"//input[@id=\"application-managesites-display-component---NewSite--addressDetailDetailsPartner-inner\"]"}
RESULT: {"using":"xpath","value":"//input[@id=\"application-managesites-display-component---NewSite--addressDetailDetailsPartner-inner\"]"}
COMMAND: POST /session/7b6bf687a76b2f82f8be10a20d274994/element - {"using":"xpath","value":"//button[@data-kt=\"saveButton\"]"}
RESULT: {"using":"xpath","value":"//button[@data-kt=\"saveButton\"]"}
COMMAND: POST /session/7b6bf687a76b2f82f8be10a20d274994/element/f.5952FD13A0E9015951015C7D643014E2.d.A166065718E764DEECBEB9ADB3DDF333.e.3960/click - {}
RESULT: {}
COMMAND: GET /session/7b6bf687a76b2f82f8be10a20d274994/screenshot - {}
RESULT: {}
COMMAND: POST /session/7b6bf687a76b2f82f8be10a20d274994/element - {"using":"xpath","value":"//header[contains(@id, 'ObjectPageLayout-headerTitle')]/div[1]/div[2]/div[2]/span[1]"}
RESULT: {"using":"xpath","value":"//header[contains(@id, 'ObjectPageLayout-headerTitle')]/div[1]/div[2]/div[2]/span[1]"}
COMMAND: POST /session/7b6bf687a76b2f82f8be10a20d274994/elements - {"using":"xpath","value":"//header[contains(@id, 'ObjectPageLayout-headerTitle')]/div[1]/div[2]/div[2]/span[1]"}
RESULT: {"using":"xpath","value":"//header[contains(@id, 'ObjectPageLayout-headerTitle')]/div[1]/div[2]/div[2]/span[1]"}
COMMAND: POST /session/7b6bf687a76b2f82f8be10a20d274994/execute/sync - {"script":"<script> [56 bytes]","args":[{"element-6066-11e4-a52e-4f735466cecf":"f.5952FD13A0E9015951015C7D643014E2.d.A166065718E764DEECBEB9ADB3DDF333.e.4236","ELEMENT":"f.5952FD13A0E9015951015C7D643014E2.d.A166065718E764DEECBEB9ADB3DDF333.e.4236"}]}
RESULT: {"script":"<script> [56 bytes]","args":[{"element-6066-11e4-a52e-4f735466cecf":"f.5952FD13A0E9015951015C7D643014E2.d.A166065718E764DEECBEB9ADB3DDF333.e.4236","ELEMENT":"f.5952FD13A0E9015951015C7D643014E2.d.A166065718E764DEECBEB9ADB3DDF333.e.4236"}]}
COMMAND: POST /session/7b6bf687a76b2f82f8be10a20d274994/element - {"using":"css selector","value":"#shell-header-logo"}
RESULT: {"using":"css selector","value":"#shell-header-logo"}
COMMAND: POST /session/7b6bf687a76b2f82f8be10a20d274994/element/f.5952FD13A0E9015951015C7D643014E2.d.A166065718E764DEECBEB9ADB3DDF333.e.3534/click - {}
RESULT: {}
COMMAND: GET /session/7b6bf687a76b2f82f8be10a20d274994/screenshot - {}
COMMAND: GET /session/7b6bf687a76b2f82f8be10a20d274994/screenshot - {}
RESULT: {}
RESULT: {}
COMMAND: POST /session/7b6bf687a76b2f82f8be10a20d274994/execute/sync - {"script":"<script> [299 bytes]","args":[["getModel","getResource"]]}
RESULT: {"script":"<script> [299 bytes]","args":[["getModel","getResource"]]}
]]></system-out>
    </testcase>
    <testcase classname="chrome.135_0_7049_96.windows.Edit_and_delete_daily_price_US134629_US134627" name="Should go to Manage Conditions Daily Price and add the 2 rows one with yard site and one with yard" time="77.795">
      <system-out><![CDATA[
COMMAND: GET /session/7b6bf687a76b2f82f8be10a20d274994/screenshot - {}
COMMAND: POST /session/7b6bf687a76b2f82f8be10a20d274994/window/fullscreen - {}
RESULT: {}
COMMAND: POST /session/7b6bf687a76b2f82f8be10a20d274994/execute/async - {"script":"<script> [1562 bytes]","args":[{"selector":{"controlType":"sap.m.GenericTile","properties":{"header":"Manage Conditions & Prices"}},"wdio_ui5_key":"sapm.GenericTile{\"header\":\"Manage Conditions & Prices\"}"}]}
RESULT: {}
RESULT: {"script":"<script> [1562 bytes]","args":[{"selector":{"controlType":"sap.m.GenericTile","properties":{"header":"Manage Conditions & Prices"}},"wdio_ui5_key":"sapm.GenericTile{\"header\":\"Manage Conditions & Prices\"}"}]}
RESULT: undefined
COMMAND: POST /session/7b6bf687a76b2f82f8be10a20d274994/element - {"using":"xpath","value":"//*[@id=\"__tile53\"]"}
RESULT: {"using":"xpath","value":"//*[@id=\"__tile53\"]"}
COMMAND: POST /session/7b6bf687a76b2f82f8be10a20d274994/element/f.5952FD13A0E9015951015C7D643014E2.d.A166065718E764DEECBEB9ADB3DDF333.e.2867/click - {}
RESULT: {}
COMMAND: POST /session/7b6bf687a76b2f82f8be10a20d274994/element - {"using":"xpath","value":"//button[@aria-label=\"Create\"]"}
COMMAND: GET /session/7b6bf687a76b2f82f8be10a20d274994/screenshot - {}
RESULT: {"using":"xpath","value":"//button[@aria-label=\"Create\"]"}
COMMAND: POST /session/7b6bf687a76b2f82f8be10a20d274994/elements - {"using":"xpath","value":"//button[@aria-label=\"Create\"]"}
RESULT: {}
RESULT: {"using":"xpath","value":"//button[@aria-label=\"Create\"]"}
COMMAND: POST /session/7b6bf687a76b2f82f8be10a20d274994/elements - {"using":"xpath","value":"//button[@aria-label=\"Create\"]"}
RESULT: {"using":"xpath","value":"//button[@aria-label=\"Create\"]"}
COMMAND: POST /session/7b6bf687a76b2f82f8be10a20d274994/element - {"using":"xpath","value":"//button[@aria-label=\"Create\"]"}
RESULT: {"using":"xpath","value":"//button[@aria-label=\"Create\"]"}
COMMAND: POST /session/7b6bf687a76b2f82f8be10a20d274994/element/f.5952FD13A0E9015951015C7D643014E2.d.A166065718E764DEECBEB9ADB3DDF333.e.4274/click - {}
RESULT: {}
COMMAND: GET /session/7b6bf687a76b2f82f8be10a20d274994/screenshot - {}
RESULT: {}
COMMAND: POST /session/7b6bf687a76b2f82f8be10a20d274994/actions - {"actions":[{"id":"action17","type":"key","parameters":{},"actions":[{"type":"keyDown","value":"î€•"},{"type":"pause","duration":10},{"type":"keyUp","value":"î€•"}]}]}
RESULT: {"actions":[{"id":"action17","type":"key","parameters":{},"actions":[{"type":"keyDown","value":"î€•"},{"type":"pause","duration":10},{"type":"keyUp","value":"î€•"}]}]}
COMMAND: POST /session/7b6bf687a76b2f82f8be10a20d274994/actions - {"actions":[{"id":"action18","type":"key","parameters":{},"actions":[{"type":"keyDown","value":"î€‡"},{"type":"pause","duration":10},{"type":"keyUp","value":"î€‡"}]}]}
COMMAND: GET /session/7b6bf687a76b2f82f8be10a20d274994/screenshot - {}
RESULT: {"actions":[{"id":"action18","type":"key","parameters":{},"actions":[{"type":"keyDown","value":"î€‡"},{"type":"pause","duration":10},{"type":"keyUp","value":"î€‡"}]}]}
COMMAND: POST /session/7b6bf687a76b2f82f8be10a20d274994/execute/async - {"script":"<script> [1562 bytes]","args":[{"selector":{"controlType":"sap.m.Title","viewName":"etm.portal.ui.manageconditionprice.view.DailyPrices","viewId":"application-manageconditionprice-display-component---dailyPrices","i18NText":{"propertyName":"text","key":"dailyPrices"}},"wdio_ui5_key":"etmportal.ui.manageconditionprice.view.DailyPricessap.m.Title{\"propertyName\":\"text\",\"key\":\"dailyPrices\"}"}]}
COMMAND: GET /session/7b6bf687a76b2f82f8be10a20d274994/screenshot - {}
RESULT: {}
RESULT: {"script":"<script> [1562 bytes]","args":[{"selector":{"controlType":"sap.m.Title","viewName":"etm.portal.ui.manageconditionprice.view.DailyPrices","viewId":"application-manageconditionprice-display-component---dailyPrices","i18NText":{"propertyName":"text","key":"dailyPrices"}},"wdio_ui5_key":"etmportal.ui.manageconditionprice.view.DailyPricessap.m.Title{\"propertyName\":\"text\",\"key\":\"dailyPrices\"}"}]}
RESULT: undefined
COMMAND: POST /session/7b6bf687a76b2f82f8be10a20d274994/execute/async - {"script":"<script> [6424 bytes]","args":[{"element-6066-11e4-a52e-4f735466cecf":"f.5952FD13A0E9015951015C7D643014E2.d.A166065718E764DEECBEB9ADB3DDF333.e.4634"},"getText",[]]}
RESULT: {}
RESULT: {"script":"<script> [6424 bytes]","args":[{"element-6066-11e4-a52e-4f735466cecf":"f.5952FD13A0E9015951015C7D643014E2.d.A166065718E764DEECBEB9ADB3DDF333.e.4634"},"getText",[]]}
COMMAND: POST /session/7b6bf687a76b2f82f8be10a20d274994/execute/async - {"script":"<script> [1562 bytes]","args":[{"selector":{"id":"application-manageconditionprice-display-component---dailyPrices--condBillCond","interaction":{"idSuffix":"inner"}},"wdio_ui5_key":"applicationmanageconditionprice-display-component---dailyPrices--condBillCond"}]}
RESULT: {"script":"<script> [1562 bytes]","args":[{"selector":{"id":"application-manageconditionprice-display-component---dailyPrices--condBillCond","interaction":{"idSuffix":"inner"}},"wdio_ui5_key":"applicationmanageconditionprice-display-component---dailyPrices--condBillCond"}]}
RESULT: undefined
COMMAND: POST /session/7b6bf687a76b2f82f8be10a20d274994/execute/async - {"script":"<script> [776 bytes]","args":[{"enterText":"Residual Value %","selector":{"id":"application-manageconditionprice-display-component---dailyPrices--condBillCond","interaction":{"idSuffix":"inner"}},"clearTextFirst":true,"interactionType":"ENTER_TEXT"}]}
RESULT: {"script":"<script> [776 bytes]","args":[{"enterText":"Residual Value %","selector":{"id":"application-manageconditionprice-display-component---dailyPrices--condBillCond","interaction":{"idSuffix":"inner"}},"clearTextFirst":true,"interactionType":"ENTER_TEXT"}]}
COMMAND: POST /session/7b6bf687a76b2f82f8be10a20d274994/execute/async - {"script":"<script> [1562 bytes]","args":[{"selector":{"controlType":"sap.m.StandardListItem","viewName":"etm.portal.ui.manageconditionprice.view.DailyPrices","viewId":"application-manageconditionprice-display-component---dailyPrices","properties":{"type":"Active"},"searchOpenDialogs":true,"interaction":{"idSuffix":"titleText"}},"wdio_ui5_key":"etmportal.ui.manageconditionprice.view.DailyPricessap.m.StandardListItem{\"type\":\"Active\"}"}]}
RESULT: {"script":"<script> [1562 bytes]","args":[{"selector":{"controlType":"sap.m.StandardListItem","viewName":"etm.portal.ui.manageconditionprice.view.DailyPrices","viewId":"application-manageconditionprice-display-component---dailyPrices","properties":{"type":"Active"},"searchOpenDialogs":true,"interaction":{"idSuffix":"titleText"}},"wdio_ui5_key":"etmportal.ui.manageconditionprice.view.DailyPricessap.m.StandardListItem{\"type\":\"Active\"}"}]}
RESULT: undefined
COMMAND: POST /session/7b6bf687a76b2f82f8be10a20d274994/element - {"using":"xpath","value":"//*[@id=\"__item1221\"]"}
RESULT: {"using":"xpath","value":"//*[@id=\"__item1221\"]"}
COMMAND: POST /session/7b6bf687a76b2f82f8be10a20d274994/element/f.5952FD13A0E9015951015C7D643014E2.d.A166065718E764DEECBEB9ADB3DDF333.e.4638/click - {}
RESULT: {}
COMMAND: POST /session/7b6bf687a76b2f82f8be10a20d274994/execute/async - {"script":"<script> [1562 bytes]","args":[{"selector":{"id":"application-manageconditionprice-display-component---dailyPrices--editBtn","interaction":{"idSuffix":"BDI-content"}},"wdio_ui5_key":"applicationmanageconditionprice-display-component---dailyPrices--editBtn"}]}
COMMAND: GET /session/7b6bf687a76b2f82f8be10a20d274994/screenshot - {}
RESULT: {"script":"<script> [1562 bytes]","args":[{"selector":{"id":"application-manageconditionprice-display-component---dailyPrices--editBtn","interaction":{"idSuffix":"BDI-content"}},"wdio_ui5_key":"applicationmanageconditionprice-display-component---dailyPrices--editBtn"}]}
RESULT: undefined
COMMAND: POST /session/7b6bf687a76b2f82f8be10a20d274994/element - {"using":"xpath","value":"//*[@id=\"application-manageconditionprice-display-component---dailyPrices--editBtn\"]"}
RESULT: {}
RESULT: {"using":"xpath","value":"//*[@id=\"application-manageconditionprice-display-component---dailyPrices--editBtn\"]"}
COMMAND: POST /session/7b6bf687a76b2f82f8be10a20d274994/element/f.5952FD13A0E9015951015C7D643014E2.d.A166065718E764DEECBEB9ADB3DDF333.e.4636/click - {}
RESULT: {}
COMMAND: POST /session/7b6bf687a76b2f82f8be10a20d274994/execute/async - {"script":"<script> [1562 bytes]","args":[{"selector":{"controlType":"sap.m.Button","viewName":"etm.portal.ui.manageconditionprice.view.DailyPrices","viewId":"application-manageconditionprice-display-component---dailyPrices","i18NText":{"propertyName":"text","key":"add"},"interaction":{"idSuffix":"BDI-content"}},"wdio_ui5_key":"etmportal.ui.manageconditionprice.view.DailyPricessap.m.Button{\"propertyName\":\"text\",\"key\":\"add\"}"}]}
COMMAND: GET /session/7b6bf687a76b2f82f8be10a20d274994/screenshot - {}
RESULT: {"script":"<script> [1562 bytes]","args":[{"selector":{"controlType":"sap.m.Button","viewName":"etm.portal.ui.manageconditionprice.view.DailyPrices","viewId":"application-manageconditionprice-display-component---dailyPrices","i18NText":{"propertyName":"text","key":"add"},"interaction":{"idSuffix":"BDI-content"}},"wdio_ui5_key":"etmportal.ui.manageconditionprice.view.DailyPricessap.m.Button{\"propertyName\":\"text\",\"key\":\"add\"}"}]}
RESULT: undefined
COMMAND: POST /session/7b6bf687a76b2f82f8be10a20d274994/element - {"using":"xpath","value":"//*[@id=\"__button113\"]"}
RESULT: {}
RESULT: {"using":"xpath","value":"//*[@id=\"__button113\"]"}
COMMAND: POST /session/7b6bf687a76b2f82f8be10a20d274994/element/f.5952FD13A0E9015951015C7D643014E2.d.A166065718E764DEECBEB9ADB3DDF333.e.4646/click - {}
RESULT: {}
COMMAND: POST /session/7b6bf687a76b2f82f8be10a20d274994/elements - {"using":"css selector","value":"table tr"}
COMMAND: GET /session/7b6bf687a76b2f82f8be10a20d274994/screenshot - {}
RESULT: {"using":"css selector","value":"table tr"}
COMMAND: POST /session/7b6bf687a76b2f82f8be10a20d274994/element/f.5952FD13A0E9015951015C7D643014E2.d.A166065718E764DEECBEB9ADB3DDF333.e.4844/elements - {"using":"css selector","value":"input"}
RESULT: {}
RESULT: {"using":"css selector","value":"input"}
COMMAND: POST /session/7b6bf687a76b2f82f8be10a20d274994/element/f.5952FD13A0E9015951015C7D643014E2.d.A166065718E764DEECBEB9ADB3DDF333.e.4847/clear - {}
COMMAND: POST /session/7b6bf687a76b2f82f8be10a20d274994/element/f.5952FD13A0E9015951015C7D643014E2.d.A166065718E764DEECBEB9ADB3DDF333.e.4845/clear - {}
COMMAND: POST /session/7b6bf687a76b2f82f8be10a20d274994/element/f.5952FD13A0E9015951015C7D643014E2.d.A166065718E764DEECBEB9ADB3DDF333.e.4848/clear - {}
COMMAND: POST /session/7b6bf687a76b2f82f8be10a20d274994/element/f.5952FD13A0E9015951015C7D643014E2.d.A166065718E764DEECBEB9ADB3DDF333.e.4846/clear - {}
COMMAND: POST /session/7b6bf687a76b2f82f8be10a20d274994/element/f.5952FD13A0E9015951015C7D643014E2.d.A166065718E764DEECBEB9ADB3DDF333.e.4844/elements - {"using":"css selector","value":"td"}
RESULT: {}
COMMAND: POST /session/7b6bf687a76b2f82f8be10a20d274994/element/f.5952FD13A0E9015951015C7D643014E2.d.A166065718E764DEECBEB9ADB3DDF333.e.4847/value - {"text":"705.60"}
COMMAND: GET /session/7b6bf687a76b2f82f8be10a20d274994/screenshot - {}
RESULT: {}
COMMAND: POST /session/7b6bf687a76b2f82f8be10a20d274994/element/f.5952FD13A0E9015951015C7D643014E2.d.A166065718E764DEECBEB9ADB3DDF333.e.4845/value - {"text":"05/02/25"}
COMMAND: GET /session/7b6bf687a76b2f82f8be10a20d274994/screenshot - {}
RESULT: {}
COMMAND: POST /session/7b6bf687a76b2f82f8be10a20d274994/element/f.5952FD13A0E9015951015C7D643014E2.d.A166065718E764DEECBEB9ADB3DDF333.e.4848/value - {"text":"Euro"}
COMMAND: GET /session/7b6bf687a76b2f82f8be10a20d274994/screenshot - {}
RESULT: {}
COMMAND: POST /session/7b6bf687a76b2f82f8be10a20d274994/element/f.5952FD13A0E9015951015C7D643014E2.d.A166065718E764DEECBEB9ADB3DDF333.e.4846/value - {"text":"10/02/25"}
COMMAND: GET /session/7b6bf687a76b2f82f8be10a20d274994/screenshot - {}
RESULT: {"using":"css selector","value":"td"}
COMMAND: POST /session/7b6bf687a76b2f82f8be10a20d274994/element - {"using":"xpath","value":".//li[contains(., \"2344\") and not(.//li)]"}
COMMAND: POST /session/7b6bf687a76b2f82f8be10a20d274994/element/f.5952FD13A0E9015951015C7D643014E2.d.A166065718E764DEECBEB9ADB3DDF333.e.4866/element - {"using":"css selector","value":"input"}
COMMAND: POST /session/7b6bf687a76b2f82f8be10a20d274994/element/f.5952FD13A0E9015951015C7D643014E2.d.A166065718E764DEECBEB9ADB3DDF333.e.4866/element - {"using":"css selector","value":"input"}
RESULT: {"text":"705.60"}
COMMAND: GET /session/7b6bf687a76b2f82f8be10a20d274994/screenshot - {}
RESULT: {}
RESULT: {"text":"05/02/25"}
COMMAND: GET /session/7b6bf687a76b2f82f8be10a20d274994/screenshot - {}
RESULT: {}
RESULT: {"text":"Euro"}
COMMAND: GET /session/7b6bf687a76b2f82f8be10a20d274994/screenshot - {}
RESULT: {}
RESULT: {"text":"10/02/25"}
COMMAND: GET /session/7b6bf687a76b2f82f8be10a20d274994/screenshot - {}
RESULT: {}
RESULT: {"using":"xpath","value":".//li[contains(., \"2344\") and not(.//li)]"}
RESULT: {"using":"css selector","value":"input"}
COMMAND: POST /session/7b6bf687a76b2f82f8be10a20d274994/element/f.5952FD13A0E9015951015C7D643014E2.d.A166065718E764DEECBEB9ADB3DDF333.e.4849/click - {}
RESULT: {"using":"css selector","value":"input"}
COMMAND: POST /session/7b6bf687a76b2f82f8be10a20d274994/element/f.5952FD13A0E9015951015C7D643014E2.d.A166065718E764DEECBEB9ADB3DDF333.e.4849/clear - {}
RESULT: {}
RESULT: {}
RESULT: {}
COMMAND: POST /session/7b6bf687a76b2f82f8be10a20d274994/elements - {"using":"xpath","value":".//li[contains(., \"2344\") and not(.//li)]"}
RESULT: {}
RESULT: {}
COMMAND: GET /session/7b6bf687a76b2f82f8be10a20d274994/screenshot - {}
RESULT: {}
COMMAND: POST /session/7b6bf687a76b2f82f8be10a20d274994/element/f.5952FD13A0E9015951015C7D643014E2.d.A166065718E764DEECBEB9ADB3DDF333.e.4849/value - {"text":"2344"}
COMMAND: GET /session/7b6bf687a76b2f82f8be10a20d274994/screenshot - {}
RESULT: {"using":"xpath","value":".//li[contains(., \"2344\") and not(.//li)]"}
COMMAND: POST /session/7b6bf687a76b2f82f8be10a20d274994/elements - {"using":"xpath","value":".//li[contains(., \"2344\") and not(.//li)]"}
RESULT: {}
RESULT: {"text":"2344"}
COMMAND: GET /session/7b6bf687a76b2f82f8be10a20d274994/screenshot - {}
RESULT: {}
RESULT: {"using":"xpath","value":".//li[contains(., \"2344\") and not(.//li)]"}
COMMAND: POST /session/7b6bf687a76b2f82f8be10a20d274994/element - {"using":"xpath","value":".//li[contains(., \"2344\") and not(.//li)]"}
RESULT: {}
RESULT: {"using":"xpath","value":".//li[contains(., \"2344\") and not(.//li)]"}
COMMAND: POST /session/7b6bf687a76b2f82f8be10a20d274994/element/f.5952FD13A0E9015951015C7D643014E2.d.A166065718E764DEECBEB9ADB3DDF333.e.4873/click - {}
RESULT: {}
COMMAND: POST /session/7b6bf687a76b2f82f8be10a20d274994/element - {"using":"xpath","value":".//li[contains(., \"509\") and not(.//li)]"}
COMMAND: POST /session/7b6bf687a76b2f82f8be10a20d274994/element/f.5952FD13A0E9015951015C7D643014E2.d.A166065718E764DEECBEB9ADB3DDF333.e.4867/element - {"using":"css selector","value":"input"}
COMMAND: POST /session/7b6bf687a76b2f82f8be10a20d274994/element/f.5952FD13A0E9015951015C7D643014E2.d.A166065718E764DEECBEB9ADB3DDF333.e.4867/element - {"using":"css selector","value":"input"}
COMMAND: GET /session/7b6bf687a76b2f82f8be10a20d274994/screenshot - {}
RESULT: {"using":"css selector","value":"input"}
COMMAND: POST /session/7b6bf687a76b2f82f8be10a20d274994/element/f.5952FD13A0E9015951015C7D643014E2.d.A166065718E764DEECBEB9ADB3DDF333.e.4850/click - {}
RESULT: {"using":"css selector","value":"input"}
COMMAND: POST /session/7b6bf687a76b2f82f8be10a20d274994/element/f.5952FD13A0E9015951015C7D643014E2.d.A166065718E764DEECBEB9ADB3DDF333.e.4850/clear - {}
RESULT: {"using":"xpath","value":".//li[contains(., \"509\") and not(.//li)]"}
RESULT: {}
RESULT: {}
COMMAND: GET /session/7b6bf687a76b2f82f8be10a20d274994/screenshot - {}
RESULT: {}
COMMAND: POST /session/7b6bf687a76b2f82f8be10a20d274994/element/f.5952FD13A0E9015951015C7D643014E2.d.A166065718E764DEECBEB9ADB3DDF333.e.4850/value - {"text":"509"}
COMMAND: GET /session/7b6bf687a76b2f82f8be10a20d274994/screenshot - {}
RESULT: {}
COMMAND: POST /session/7b6bf687a76b2f82f8be10a20d274994/elements - {"using":"xpath","value":".//li[contains(., \"509\") and not(.//li)]"}
RESULT: {"text":"509"}
COMMAND: GET /session/7b6bf687a76b2f82f8be10a20d274994/screenshot - {}
RESULT: {}
RESULT: {"using":"xpath","value":".//li[contains(., \"509\") and not(.//li)]"}
COMMAND: POST /session/7b6bf687a76b2f82f8be10a20d274994/elements - {"using":"xpath","value":".//li[contains(., \"509\") and not(.//li)]"}
RESULT: {}
RESULT: {"using":"xpath","value":".//li[contains(., \"509\") and not(.//li)]"}
COMMAND: POST /session/7b6bf687a76b2f82f8be10a20d274994/element - {"using":"xpath","value":".//li[contains(., \"509\") and not(.//li)]"}
RESULT: {"using":"xpath","value":".//li[contains(., \"509\") and not(.//li)]"}
COMMAND: POST /session/7b6bf687a76b2f82f8be10a20d274994/element/f.5952FD13A0E9015951015C7D643014E2.d.A166065718E764DEECBEB9ADB3DDF333.e.4874/click - {}
RESULT: {}
RESULT: undefined
COMMAND: POST /session/7b6bf687a76b2f82f8be10a20d274994/element - {"using":"xpath","value":"//*[@id=\"__button113\"]"}
COMMAND: GET /session/7b6bf687a76b2f82f8be10a20d274994/screenshot - {}
RESULT: {"using":"xpath","value":"//*[@id=\"__button113\"]"}
COMMAND: POST /session/7b6bf687a76b2f82f8be10a20d274994/element/f.5952FD13A0E9015951015C7D643014E2.d.A166065718E764DEECBEB9ADB3DDF333.e.4646/click - {}
RESULT: {}
RESULT: {}
COMMAND: POST /session/7b6bf687a76b2f82f8be10a20d274994/elements - {"using":"css selector","value":"table tr"}
COMMAND: GET /session/7b6bf687a76b2f82f8be10a20d274994/screenshot - {}
RESULT: {"using":"css selector","value":"table tr"}
COMMAND: POST /session/7b6bf687a76b2f82f8be10a20d274994/element/f.5952FD13A0E9015951015C7D643014E2.d.A166065718E764DEECBEB9ADB3DDF333.e.4883/elements - {"using":"css selector","value":"input"}
RESULT: {}
RESULT: {"using":"css selector","value":"input"}
COMMAND: POST /session/7b6bf687a76b2f82f8be10a20d274994/element/f.5952FD13A0E9015951015C7D643014E2.d.A166065718E764DEECBEB9ADB3DDF333.e.4878/clear - {}
COMMAND: POST /session/7b6bf687a76b2f82f8be10a20d274994/element/f.5952FD13A0E9015951015C7D643014E2.d.A166065718E764DEECBEB9ADB3DDF333.e.4876/clear - {}
COMMAND: POST /session/7b6bf687a76b2f82f8be10a20d274994/element/f.5952FD13A0E9015951015C7D643014E2.d.A166065718E764DEECBEB9ADB3DDF333.e.4879/clear - {}
COMMAND: POST /session/7b6bf687a76b2f82f8be10a20d274994/element/f.5952FD13A0E9015951015C7D643014E2.d.A166065718E764DEECBEB9ADB3DDF333.e.4877/clear - {}
COMMAND: POST /session/7b6bf687a76b2f82f8be10a20d274994/element/f.5952FD13A0E9015951015C7D643014E2.d.A166065718E764DEECBEB9ADB3DDF333.e.4883/elements - {"using":"css selector","value":"td"}
RESULT: {}
COMMAND: POST /session/7b6bf687a76b2f82f8be10a20d274994/element/f.5952FD13A0E9015951015C7D643014E2.d.A166065718E764DEECBEB9ADB3DDF333.e.4878/value - {"text":"99.5"}
COMMAND: GET /session/7b6bf687a76b2f82f8be10a20d274994/screenshot - {}
RESULT: {}
COMMAND: POST /session/7b6bf687a76b2f82f8be10a20d274994/element/f.5952FD13A0E9015951015C7D643014E2.d.A166065718E764DEECBEB9ADB3DDF333.e.4876/value - {"text":"05/02/25"}
COMMAND: GET /session/7b6bf687a76b2f82f8be10a20d274994/screenshot - {}
RESULT: {}
COMMAND: POST /session/7b6bf687a76b2f82f8be10a20d274994/element/f.5952FD13A0E9015951015C7D643014E2.d.A166065718E764DEECBEB9ADB3DDF333.e.4879/value - {"text":"US Dollar"}
COMMAND: GET /session/7b6bf687a76b2f82f8be10a20d274994/screenshot - {}
RESULT: {}
COMMAND: POST /session/7b6bf687a76b2f82f8be10a20d274994/element/f.5952FD13A0E9015951015C7D643014E2.d.A166065718E764DEECBEB9ADB3DDF333.e.4877/value - {"text":"10/02/25"}
COMMAND: GET /session/7b6bf687a76b2f82f8be10a20d274994/screenshot - {}
RESULT: {"using":"css selector","value":"td"}
COMMAND: POST /session/7b6bf687a76b2f82f8be10a20d274994/element - {"using":"xpath","value":"(//li[div//span[contains(text(), '2344')]])[2]"}
COMMAND: POST /session/7b6bf687a76b2f82f8be10a20d274994/element/f.5952FD13A0E9015951015C7D643014E2.d.A166065718E764DEECBEB9ADB3DDF333.e.4898/element - {"using":"css selector","value":"input"}
COMMAND: POST /session/7b6bf687a76b2f82f8be10a20d274994/element/f.5952FD13A0E9015951015C7D643014E2.d.A166065718E764DEECBEB9ADB3DDF333.e.4898/element - {"using":"css selector","value":"input"}
RESULT: {"text":"99.5"}
COMMAND: GET /session/7b6bf687a76b2f82f8be10a20d274994/screenshot - {}
RESULT: {}
RESULT: {"text":"05/02/25"}
COMMAND: GET /session/7b6bf687a76b2f82f8be10a20d274994/screenshot - {}
RESULT: {}
RESULT: {"text":"US Dollar"}
COMMAND: GET /session/7b6bf687a76b2f82f8be10a20d274994/screenshot - {}
RESULT: {}
RESULT: {"text":"10/02/25"}
COMMAND: GET /session/7b6bf687a76b2f82f8be10a20d274994/screenshot - {}
RESULT: {}
RESULT: {"using":"css selector","value":"input"}
COMMAND: POST /session/7b6bf687a76b2f82f8be10a20d274994/element/f.5952FD13A0E9015951015C7D643014E2.d.A166065718E764DEECBEB9ADB3DDF333.e.4880/clear - {}
RESULT: {"using":"css selector","value":"input"}
COMMAND: POST /session/7b6bf687a76b2f82f8be10a20d274994/element/f.5952FD13A0E9015951015C7D643014E2.d.A166065718E764DEECBEB9ADB3DDF333.e.4880/click - {}
RESULT: {"using":"xpath","value":"(//li[div//span[contains(text(), '2344')]])[2]"}
RESULT: {}
RESULT: {}
RESULT: {}
RESULT: {}
RESULT: {}
COMMAND: POST /session/7b6bf687a76b2f82f8be10a20d274994/element/f.5952FD13A0E9015951015C7D643014E2.d.A166065718E764DEECBEB9ADB3DDF333.e.4880/value - {"text":"2344"}
COMMAND: GET /session/7b6bf687a76b2f82f8be10a20d274994/screenshot - {}
COMMAND: POST /session/7b6bf687a76b2f82f8be10a20d274994/elements - {"using":"xpath","value":"(//li[div//span[contains(text(), '2344')]])[2]"}
RESULT: {}
COMMAND: GET /session/7b6bf687a76b2f82f8be10a20d274994/screenshot - {}
RESULT: {"text":"2344"}
COMMAND: GET /session/7b6bf687a76b2f82f8be10a20d274994/screenshot - {}
RESULT: {}
RESULT: {"using":"xpath","value":"(//li[div//span[contains(text(), '2344')]])[2]"}
COMMAND: POST /session/7b6bf687a76b2f82f8be10a20d274994/element - {"using":"xpath","value":"(//li[div//span[contains(text(), '2344')]])[2]"}
RESULT: {}
RESULT: {}
RESULT: {"using":"xpath","value":"(//li[div//span[contains(text(), '2344')]])[2]"}
COMMAND: POST /session/7b6bf687a76b2f82f8be10a20d274994/element/f.5952FD13A0E9015951015C7D643014E2.d.A166065718E764DEECBEB9ADB3DDF333.e.4906/click - {}
RESULT: {}
COMMAND: POST /session/7b6bf687a76b2f82f8be10a20d274994/execute/async - {"script":"<script> [1562 bytes]","args":[{"selector":{"controlType":"sap.m.Button","viewName":"etm.portal.ui.manageconditionprice.view.DailyPrices","viewId":"application-manageconditionprice-display-component---dailyPrices","i18NText":{"propertyName":"tooltip","key":"save"},"interaction":{"idSuffix":"BDI-content"}},"wdio_ui5_key":"etmportal.ui.manageconditionprice.view.DailyPricessap.m.Button{\"propertyName\":\"tooltip\",\"key\":\"save\"}"}]}
COMMAND: GET /session/7b6bf687a76b2f82f8be10a20d274994/screenshot - {}
RESULT: {"script":"<script> [1562 bytes]","args":[{"selector":{"controlType":"sap.m.Button","viewName":"etm.portal.ui.manageconditionprice.view.DailyPrices","viewId":"application-manageconditionprice-display-component---dailyPrices","i18NText":{"propertyName":"tooltip","key":"save"},"interaction":{"idSuffix":"BDI-content"}},"wdio_ui5_key":"etmportal.ui.manageconditionprice.view.DailyPricessap.m.Button{\"propertyName\":\"tooltip\",\"key\":\"save\"}"}]}
RESULT: undefined
COMMAND: POST /session/7b6bf687a76b2f82f8be10a20d274994/element - {"using":"xpath","value":"//*[@id=\"__button115\"]"}
RESULT: {}
RESULT: {"using":"xpath","value":"//*[@id=\"__button115\"]"}
COMMAND: POST /session/7b6bf687a76b2f82f8be10a20d274994/element/f.5952FD13A0E9015951015C7D643014E2.d.A166065718E764DEECBEB9ADB3DDF333.e.4640/click - {}
RESULT: {}
COMMAND: GET /session/7b6bf687a76b2f82f8be10a20d274994/screenshot - {}
RESULT: {}
]]></system-out>
    </testcase>
    <testcase classname="chrome.135_0_7049_96.windows.Edit_and_delete_daily_price_US134629_US134627" name="Should check whether the 2 rows have been added then edit one of the rows s currency and value and save and check the edited values" time="13.519">
      <system-out><![CDATA[
COMMAND: POST /session/7b6bf687a76b2f82f8be10a20d274994/elements - {"using":"css selector","value":"table tr"}
RESULT: {"using":"css selector","value":"table tr"}
COMMAND: POST /session/7b6bf687a76b2f82f8be10a20d274994/element/f.5952FD13A0E9015951015C7D643014E2.d.A166065718E764DEECBEB9ADB3DDF333.e.4883/elements - {"using":"css selector","value":"td"}
RESULT: {"using":"css selector","value":"td"}
COMMAND: POST /session/7b6bf687a76b2f82f8be10a20d274994/element/f.5952FD13A0E9015951015C7D643014E2.d.A166065718E764DEECBEB9ADB3DDF333.e.4844/elements - {"using":"css selector","value":"td"}
RESULT: {"using":"css selector","value":"td"}
COMMAND: POST /session/7b6bf687a76b2f82f8be10a20d274994/element/f.5952FD13A0E9015951015C7D643014E2.d.A166065718E764DEECBEB9ADB3DDF333.e.4909/element - {"using":"css selector","value":".sapMObjectNumberText"}
RESULT: {"using":"css selector","value":".sapMObjectNumberText"}
COMMAND: GET /session/7b6bf687a76b2f82f8be10a20d274994/element/f.5952FD13A0E9015951015C7D643014E2.d.A166065718E764DEECBEB9ADB3DDF333.e.4911/text - {}
RESULT: {}
COMMAND: POST /session/7b6bf687a76b2f82f8be10a20d274994/element/f.5952FD13A0E9015951015C7D643014E2.d.A166065718E764DEECBEB9ADB3DDF333.e.4910/element - {"using":"css selector","value":".sapMObjectNumberText"}
RESULT: {"using":"css selector","value":".sapMObjectNumberText"}
COMMAND: GET /session/7b6bf687a76b2f82f8be10a20d274994/element/f.5952FD13A0E9015951015C7D643014E2.d.A166065718E764DEECBEB9ADB3DDF333.e.4912/text - {}
RESULT: {}
RESULT: undefined
COMMAND: POST /session/7b6bf687a76b2f82f8be10a20d274994/element - {"using":"xpath","value":"//*[@id=\"application-manageconditionprice-display-component---dailyPrices--editBtn\"]"}
RESULT: {"using":"xpath","value":"//*[@id=\"application-manageconditionprice-display-component---dailyPrices--editBtn\"]"}
COMMAND: POST /session/7b6bf687a76b2f82f8be10a20d274994/element/f.5952FD13A0E9015951015C7D643014E2.d.A166065718E764DEECBEB9ADB3DDF333.e.4908/click - {}
RESULT: {}
COMMAND: POST /session/7b6bf687a76b2f82f8be10a20d274994/elements - {"using":"css selector","value":"table tr"}
COMMAND: GET /session/7b6bf687a76b2f82f8be10a20d274994/screenshot - {}
RESULT: {"using":"css selector","value":"table tr"}
COMMAND: POST /session/7b6bf687a76b2f82f8be10a20d274994/element/f.5952FD13A0E9015951015C7D643014E2.d.A166065718E764DEECBEB9ADB3DDF333.e.4883/elements - {"using":"css selector","value":"input"}
RESULT: {}
RESULT: {"using":"css selector","value":"input"}
COMMAND: POST /session/7b6bf687a76b2f82f8be10a20d274994/element/f.5952FD13A0E9015951015C7D643014E2.d.A166065718E764DEECBEB9ADB3DDF333.e.4927/clear - {}
COMMAND: POST /session/7b6bf687a76b2f82f8be10a20d274994/element/f.5952FD13A0E9015951015C7D643014E2.d.A166065718E764DEECBEB9ADB3DDF333.e.4928/clear - {}
RESULT: {}
COMMAND: POST /session/7b6bf687a76b2f82f8be10a20d274994/element/f.5952FD13A0E9015951015C7D643014E2.d.A166065718E764DEECBEB9ADB3DDF333.e.4927/value - {"text":"566.1"}
COMMAND: GET /session/7b6bf687a76b2f82f8be10a20d274994/screenshot - {}
RESULT: {}
COMMAND: POST /session/7b6bf687a76b2f82f8be10a20d274994/element/f.5952FD13A0E9015951015C7D643014E2.d.A166065718E764DEECBEB9ADB3DDF333.e.4928/value - {"text":"US Dollar"}
COMMAND: GET /session/7b6bf687a76b2f82f8be10a20d274994/screenshot - {}
RESULT: {"text":"566.1"}
COMMAND: GET /session/7b6bf687a76b2f82f8be10a20d274994/screenshot - {}
RESULT: undefined
COMMAND: POST /session/7b6bf687a76b2f82f8be10a20d274994/element - {"using":"xpath","value":"//*[@id=\"__button115\"]"}
RESULT: {}
RESULT: {"text":"US Dollar"}
COMMAND: GET /session/7b6bf687a76b2f82f8be10a20d274994/screenshot - {}
RESULT: {}
RESULT: {}
RESULT: {"using":"xpath","value":"//*[@id=\"__button115\"]"}
COMMAND: POST /session/7b6bf687a76b2f82f8be10a20d274994/element/f.5952FD13A0E9015951015C7D643014E2.d.A166065718E764DEECBEB9ADB3DDF333.e.4913/click - {}
RESULT: {}
RESULT: {}
COMMAND: GET /session/7b6bf687a76b2f82f8be10a20d274994/screenshot - {}
RESULT: {}
COMMAND: POST /session/7b6bf687a76b2f82f8be10a20d274994/elements - {"using":"css selector","value":"table tr"}
RESULT: {"using":"css selector","value":"table tr"}
COMMAND: POST /session/7b6bf687a76b2f82f8be10a20d274994/element/f.5952FD13A0E9015951015C7D643014E2.d.A166065718E764DEECBEB9ADB3DDF333.e.4883/elements - {"using":"css selector","value":"td"}
RESULT: {"using":"css selector","value":"td"}
COMMAND: POST /session/7b6bf687a76b2f82f8be10a20d274994/element/f.5952FD13A0E9015951015C7D643014E2.d.A166065718E764DEECBEB9ADB3DDF333.e.4932/element - {"using":"css selector","value":".sapMObjectNumberText"}
RESULT: {"using":"css selector","value":".sapMObjectNumberText"}
COMMAND: GET /session/7b6bf687a76b2f82f8be10a20d274994/element/f.5952FD13A0E9015951015C7D643014E2.d.A166065718E764DEECBEB9ADB3DDF333.e.4934/text - {}
RESULT: {}
]]></system-out>
    </testcase>
    <testcase classname="chrome.135_0_7049_96.windows.Edit_and_delete_daily_price_US134629_US134627" name="Should go into edit and delete all the rows that match the yard we have created for this scenario check if all rows deleted" time="31.492">
      <system-out><![CDATA[
RESULT: undefined
COMMAND: POST /session/7b6bf687a76b2f82f8be10a20d274994/element - {"using":"xpath","value":"//*[@id=\"application-manageconditionprice-display-component---dailyPrices--editBtn\"]"}
RESULT: {"using":"xpath","value":"//*[@id=\"application-manageconditionprice-display-component---dailyPrices--editBtn\"]"}
COMMAND: POST /session/7b6bf687a76b2f82f8be10a20d274994/element/f.5952FD13A0E9015951015C7D643014E2.d.A166065718E764DEECBEB9ADB3DDF333.e.4931/click - {}
RESULT: {}
COMMAND: GET /session/7b6bf687a76b2f82f8be10a20d274994/screenshot - {}
RESULT: {}
COMMAND: POST /session/7b6bf687a76b2f82f8be10a20d274994/elements - {"using":"css selector","value":"table tr"}
RESULT: {"using":"css selector","value":"table tr"}
COMMAND: POST /session/7b6bf687a76b2f82f8be10a20d274994/element/f.5952FD13A0E9015951015C7D643014E2.d.A166065718E764DEECBEB9ADB3DDF333.e.4648/elements - {"using":"css selector","value":"td"}
RESULT: {"using":"css selector","value":"td"}
COMMAND: POST /session/7b6bf687a76b2f82f8be10a20d274994/element/f.5952FD13A0E9015951015C7D643014E2.d.A166065718E764DEECBEB9ADB3DDF333.e.4649/elements - {"using":"css selector","value":"td"}
RESULT: {"using":"css selector","value":"td"}
COMMAND: POST /session/7b6bf687a76b2f82f8be10a20d274994/element/f.5952FD13A0E9015951015C7D643014E2.d.A166065718E764DEECBEB9ADB3DDF333.e.4650/elements - {"using":"css selector","value":"td"}
RESULT: {"using":"css selector","value":"td"}
COMMAND: POST /session/7b6bf687a76b2f82f8be10a20d274994/element/f.5952FD13A0E9015951015C7D643014E2.d.A166065718E764DEECBEB9ADB3DDF333.e.4560/elements - {"using":"css selector","value":"td"}
RESULT: {"using":"css selector","value":"td"}
COMMAND: POST /session/7b6bf687a76b2f82f8be10a20d274994/element/f.5952FD13A0E9015951015C7D643014E2.d.A166065718E764DEECBEB9ADB3DDF333.e.4561/elements - {"using":"css selector","value":"td"}
RESULT: {"using":"css selector","value":"td"}
COMMAND: POST /session/7b6bf687a76b2f82f8be10a20d274994/element/f.5952FD13A0E9015951015C7D643014E2.d.A166065718E764DEECBEB9ADB3DDF333.e.4570/elements - {"using":"css selector","value":"td"}
RESULT: {"using":"css selector","value":"td"}
COMMAND: POST /session/7b6bf687a76b2f82f8be10a20d274994/element/f.5952FD13A0E9015951015C7D643014E2.d.A166065718E764DEECBEB9ADB3DDF333.e.4571/elements - {"using":"css selector","value":"td"}
RESULT: {"using":"css selector","value":"td"}
COMMAND: POST /session/7b6bf687a76b2f82f8be10a20d274994/element/f.5952FD13A0E9015951015C7D643014E2.d.A166065718E764DEECBEB9ADB3DDF333.e.4577/elements - {"using":"css selector","value":"td"}
RESULT: {"using":"css selector","value":"td"}
COMMAND: POST /session/7b6bf687a76b2f82f8be10a20d274994/element/f.5952FD13A0E9015951015C7D643014E2.d.A166065718E764DEECBEB9ADB3DDF333.e.4578/elements - {"using":"css selector","value":"td"}
RESULT: {"using":"css selector","value":"td"}
COMMAND: POST /session/7b6bf687a76b2f82f8be10a20d274994/element/f.5952FD13A0E9015951015C7D643014E2.d.A166065718E764DEECBEB9ADB3DDF333.e.4584/elements - {"using":"css selector","value":"td"}
RESULT: {"using":"css selector","value":"td"}
COMMAND: POST /session/7b6bf687a76b2f82f8be10a20d274994/element/f.5952FD13A0E9015951015C7D643014E2.d.A166065718E764DEECBEB9ADB3DDF333.e.4651/elements - {"using":"css selector","value":"td"}
RESULT: {"using":"css selector","value":"td"}
COMMAND: POST /session/7b6bf687a76b2f82f8be10a20d274994/element/f.5952FD13A0E9015951015C7D643014E2.d.A166065718E764DEECBEB9ADB3DDF333.e.4652/elements - {"using":"css selector","value":"td"}
RESULT: {"using":"css selector","value":"td"}
COMMAND: POST /session/7b6bf687a76b2f82f8be10a20d274994/element/f.5952FD13A0E9015951015C7D643014E2.d.A166065718E764DEECBEB9ADB3DDF333.e.4653/elements - {"using":"css selector","value":"td"}
RESULT: {"using":"css selector","value":"td"}
COMMAND: POST /session/7b6bf687a76b2f82f8be10a20d274994/element/f.5952FD13A0E9015951015C7D643014E2.d.A166065718E764DEECBEB9ADB3DDF333.e.4654/elements - {"using":"css selector","value":"td"}
RESULT: {"using":"css selector","value":"td"}
COMMAND: POST /session/7b6bf687a76b2f82f8be10a20d274994/element/f.5952FD13A0E9015951015C7D643014E2.d.A166065718E764DEECBEB9ADB3DDF333.e.4655/elements - {"using":"css selector","value":"td"}
RESULT: {"using":"css selector","value":"td"}
COMMAND: POST /session/7b6bf687a76b2f82f8be10a20d274994/element/f.5952FD13A0E9015951015C7D643014E2.d.A166065718E764DEECBEB9ADB3DDF333.e.4656/elements - {"using":"css selector","value":"td"}
RESULT: {"using":"css selector","value":"td"}
COMMAND: POST /session/7b6bf687a76b2f82f8be10a20d274994/element/f.5952FD13A0E9015951015C7D643014E2.d.A166065718E764DEECBEB9ADB3DDF333.e.4657/elements - {"using":"css selector","value":"td"}
RESULT: {"using":"css selector","value":"td"}
COMMAND: POST /session/7b6bf687a76b2f82f8be10a20d274994/element/f.5952FD13A0E9015951015C7D643014E2.d.A166065718E764DEECBEB9ADB3DDF333.e.4658/elements - {"using":"css selector","value":"td"}
RESULT: {"using":"css selector","value":"td"}
COMMAND: POST /session/7b6bf687a76b2f82f8be10a20d274994/element/f.5952FD13A0E9015951015C7D643014E2.d.A166065718E764DEECBEB9ADB3DDF333.e.4659/elements - {"using":"css selector","value":"td"}
RESULT: {"using":"css selector","value":"td"}
COMMAND: POST /session/7b6bf687a76b2f82f8be10a20d274994/element/f.5952FD13A0E9015951015C7D643014E2.d.A166065718E764DEECBEB9ADB3DDF333.e.4660/elements - {"using":"css selector","value":"td"}
RESULT: {"using":"css selector","value":"td"}
COMMAND: POST /session/7b6bf687a76b2f82f8be10a20d274994/element/f.5952FD13A0E9015951015C7D643014E2.d.A166065718E764DEECBEB9ADB3DDF333.e.4661/elements - {"using":"css selector","value":"td"}
RESULT: {"using":"css selector","value":"td"}
COMMAND: POST /session/7b6bf687a76b2f82f8be10a20d274994/element/f.5952FD13A0E9015951015C7D643014E2.d.A166065718E764DEECBEB9ADB3DDF333.e.4662/elements - {"using":"css selector","value":"td"}
RESULT: {"using":"css selector","value":"td"}
COMMAND: POST /session/7b6bf687a76b2f82f8be10a20d274994/element/f.5952FD13A0E9015951015C7D643014E2.d.A166065718E764DEECBEB9ADB3DDF333.e.4663/elements - {"using":"css selector","value":"td"}
RESULT: {"using":"css selector","value":"td"}
COMMAND: POST /session/7b6bf687a76b2f82f8be10a20d274994/element/f.5952FD13A0E9015951015C7D643014E2.d.A166065718E764DEECBEB9ADB3DDF333.e.4664/elements - {"using":"css selector","value":"td"}
RESULT: {"using":"css selector","value":"td"}
COMMAND: POST /session/7b6bf687a76b2f82f8be10a20d274994/element/f.5952FD13A0E9015951015C7D643014E2.d.A166065718E764DEECBEB9ADB3DDF333.e.4665/elements - {"using":"css selector","value":"td"}
RESULT: {"using":"css selector","value":"td"}
COMMAND: POST /session/7b6bf687a76b2f82f8be10a20d274994/element/f.5952FD13A0E9015951015C7D643014E2.d.A166065718E764DEECBEB9ADB3DDF333.e.4666/elements - {"using":"css selector","value":"td"}
RESULT: {"using":"css selector","value":"td"}
COMMAND: POST /session/7b6bf687a76b2f82f8be10a20d274994/element/f.5952FD13A0E9015951015C7D643014E2.d.A166065718E764DEECBEB9ADB3DDF333.e.4667/elements - {"using":"css selector","value":"td"}
RESULT: {"using":"css selector","value":"td"}
COMMAND: POST /session/7b6bf687a76b2f82f8be10a20d274994/element/f.5952FD13A0E9015951015C7D643014E2.d.A166065718E764DEECBEB9ADB3DDF333.e.4668/elements - {"using":"css selector","value":"td"}
RESULT: {"using":"css selector","value":"td"}
COMMAND: POST /session/7b6bf687a76b2f82f8be10a20d274994/element/f.5952FD13A0E9015951015C7D643014E2.d.A166065718E764DEECBEB9ADB3DDF333.e.4669/elements - {"using":"css selector","value":"td"}
RESULT: {"using":"css selector","value":"td"}
COMMAND: POST /session/7b6bf687a76b2f82f8be10a20d274994/element/f.5952FD13A0E9015951015C7D643014E2.d.A166065718E764DEECBEB9ADB3DDF333.e.4670/elements - {"using":"css selector","value":"td"}
RESULT: {"using":"css selector","value":"td"}
COMMAND: POST /session/7b6bf687a76b2f82f8be10a20d274994/element/f.5952FD13A0E9015951015C7D643014E2.d.A166065718E764DEECBEB9ADB3DDF333.e.4671/elements - {"using":"css selector","value":"td"}
RESULT: {"using":"css selector","value":"td"}
COMMAND: POST /session/7b6bf687a76b2f82f8be10a20d274994/element/f.5952FD13A0E9015951015C7D643014E2.d.A166065718E764DEECBEB9ADB3DDF333.e.4672/elements - {"using":"css selector","value":"td"}
RESULT: {"using":"css selector","value":"td"}
COMMAND: POST /session/7b6bf687a76b2f82f8be10a20d274994/element/f.5952FD13A0E9015951015C7D643014E2.d.A166065718E764DEECBEB9ADB3DDF333.e.4673/elements - {"using":"css selector","value":"td"}
RESULT: {"using":"css selector","value":"td"}
COMMAND: POST /session/7b6bf687a76b2f82f8be10a20d274994/element/f.5952FD13A0E9015951015C7D643014E2.d.A166065718E764DEECBEB9ADB3DDF333.e.4674/elements - {"using":"css selector","value":"td"}
RESULT: {"using":"css selector","value":"td"}
COMMAND: POST /session/7b6bf687a76b2f82f8be10a20d274994/element/f.5952FD13A0E9015951015C7D643014E2.d.A166065718E764DEECBEB9ADB3DDF333.e.4675/elements - {"using":"css selector","value":"td"}
RESULT: {"using":"css selector","value":"td"}
COMMAND: POST /session/7b6bf687a76b2f82f8be10a20d274994/element/f.5952FD13A0E9015951015C7D643014E2.d.A166065718E764DEECBEB9ADB3DDF333.e.4676/elements - {"using":"css selector","value":"td"}
RESULT: {"using":"css selector","value":"td"}
COMMAND: POST /session/7b6bf687a76b2f82f8be10a20d274994/element/f.5952FD13A0E9015951015C7D643014E2.d.A166065718E764DEECBEB9ADB3DDF333.e.4677/elements - {"using":"css selector","value":"td"}
RESULT: {"using":"css selector","value":"td"}
COMMAND: POST /session/7b6bf687a76b2f82f8be10a20d274994/element/f.5952FD13A0E9015951015C7D643014E2.d.A166065718E764DEECBEB9ADB3DDF333.e.4678/elements - {"using":"css selector","value":"td"}
RESULT: {"using":"css selector","value":"td"}
COMMAND: POST /session/7b6bf687a76b2f82f8be10a20d274994/element/f.5952FD13A0E9015951015C7D643014E2.d.A166065718E764DEECBEB9ADB3DDF333.e.4679/elements - {"using":"css selector","value":"td"}
RESULT: {"using":"css selector","value":"td"}
COMMAND: POST /session/7b6bf687a76b2f82f8be10a20d274994/element/f.5952FD13A0E9015951015C7D643014E2.d.A166065718E764DEECBEB9ADB3DDF333.e.4680/elements - {"using":"css selector","value":"td"}
RESULT: {"using":"css selector","value":"td"}
COMMAND: POST /session/7b6bf687a76b2f82f8be10a20d274994/element/f.5952FD13A0E9015951015C7D643014E2.d.A166065718E764DEECBEB9ADB3DDF333.e.4681/elements - {"using":"css selector","value":"td"}
RESULT: {"using":"css selector","value":"td"}
COMMAND: POST /session/7b6bf687a76b2f82f8be10a20d274994/element/f.5952FD13A0E9015951015C7D643014E2.d.A166065718E764DEECBEB9ADB3DDF333.e.4682/elements - {"using":"css selector","value":"td"}
RESULT: {"using":"css selector","value":"td"}
COMMAND: POST /session/7b6bf687a76b2f82f8be10a20d274994/element/f.5952FD13A0E9015951015C7D643014E2.d.A166065718E764DEECBEB9ADB3DDF333.e.4683/elements - {"using":"css selector","value":"td"}
RESULT: {"using":"css selector","value":"td"}
COMMAND: POST /session/7b6bf687a76b2f82f8be10a20d274994/element/f.5952FD13A0E9015951015C7D643014E2.d.A166065718E764DEECBEB9ADB3DDF333.e.4684/elements - {"using":"css selector","value":"td"}
RESULT: {"using":"css selector","value":"td"}
COMMAND: POST /session/7b6bf687a76b2f82f8be10a20d274994/element/f.5952FD13A0E9015951015C7D643014E2.d.A166065718E764DEECBEB9ADB3DDF333.e.4685/elements - {"using":"css selector","value":"td"}
RESULT: {"using":"css selector","value":"td"}
COMMAND: POST /session/7b6bf687a76b2f82f8be10a20d274994/element/f.5952FD13A0E9015951015C7D643014E2.d.A166065718E764DEECBEB9ADB3DDF333.e.4686/elements - {"using":"css selector","value":"td"}
RESULT: {"using":"css selector","value":"td"}
COMMAND: POST /session/7b6bf687a76b2f82f8be10a20d274994/element/f.5952FD13A0E9015951015C7D643014E2.d.A166065718E764DEECBEB9ADB3DDF333.e.4687/elements - {"using":"css selector","value":"td"}
RESULT: {"using":"css selector","value":"td"}
COMMAND: POST /session/7b6bf687a76b2f82f8be10a20d274994/element/f.5952FD13A0E9015951015C7D643014E2.d.A166065718E764DEECBEB9ADB3DDF333.e.4688/elements - {"using":"css selector","value":"td"}
RESULT: {"using":"css selector","value":"td"}
COMMAND: POST /session/7b6bf687a76b2f82f8be10a20d274994/element/f.5952FD13A0E9015951015C7D643014E2.d.A166065718E764DEECBEB9ADB3DDF333.e.4689/elements - {"using":"css selector","value":"td"}
RESULT: {"using":"css selector","value":"td"}
COMMAND: POST /session/7b6bf687a76b2f82f8be10a20d274994/element/f.5952FD13A0E9015951015C7D643014E2.d.A166065718E764DEECBEB9ADB3DDF333.e.4690/elements - {"using":"css selector","value":"td"}
RESULT: {"using":"css selector","value":"td"}
COMMAND: POST /session/7b6bf687a76b2f82f8be10a20d274994/element/f.5952FD13A0E9015951015C7D643014E2.d.A166065718E764DEECBEB9ADB3DDF333.e.4691/elements - {"using":"css selector","value":"td"}
RESULT: {"using":"css selector","value":"td"}
COMMAND: POST /session/7b6bf687a76b2f82f8be10a20d274994/element/f.5952FD13A0E9015951015C7D643014E2.d.A166065718E764DEECBEB9ADB3DDF333.e.4692/elements - {"using":"css selector","value":"td"}
RESULT: {"using":"css selector","value":"td"}
COMMAND: POST /session/7b6bf687a76b2f82f8be10a20d274994/element/f.5952FD13A0E9015951015C7D643014E2.d.A166065718E764DEECBEB9ADB3DDF333.e.4693/elements - {"using":"css selector","value":"td"}
RESULT: {"using":"css selector","value":"td"}
COMMAND: POST /session/7b6bf687a76b2f82f8be10a20d274994/element/f.5952FD13A0E9015951015C7D643014E2.d.A166065718E764DEECBEB9ADB3DDF333.e.4694/elements - {"using":"css selector","value":"td"}
RESULT: {"using":"css selector","value":"td"}
COMMAND: POST /session/7b6bf687a76b2f82f8be10a20d274994/element/f.5952FD13A0E9015951015C7D643014E2.d.A166065718E764DEECBEB9ADB3DDF333.e.4695/elements - {"using":"css selector","value":"td"}
RESULT: {"using":"css selector","value":"td"}
COMMAND: POST /session/7b6bf687a76b2f82f8be10a20d274994/element/f.5952FD13A0E9015951015C7D643014E2.d.A166065718E764DEECBEB9ADB3DDF333.e.4696/elements - {"using":"css selector","value":"td"}
RESULT: {"using":"css selector","value":"td"}
COMMAND: POST /session/7b6bf687a76b2f82f8be10a20d274994/element/f.5952FD13A0E9015951015C7D643014E2.d.A166065718E764DEECBEB9ADB3DDF333.e.4697/elements - {"using":"css selector","value":"td"}
RESULT: {"using":"css selector","value":"td"}
COMMAND: POST /session/7b6bf687a76b2f82f8be10a20d274994/element/f.5952FD13A0E9015951015C7D643014E2.d.A166065718E764DEECBEB9ADB3DDF333.e.4698/elements - {"using":"css selector","value":"td"}
RESULT: {"using":"css selector","value":"td"}
COMMAND: POST /session/7b6bf687a76b2f82f8be10a20d274994/element/f.5952FD13A0E9015951015C7D643014E2.d.A166065718E764DEECBEB9ADB3DDF333.e.4699/elements - {"using":"css selector","value":"td"}
RESULT: {"using":"css selector","value":"td"}
COMMAND: POST /session/7b6bf687a76b2f82f8be10a20d274994/element/f.5952FD13A0E9015951015C7D643014E2.d.A166065718E764DEECBEB9ADB3DDF333.e.4700/elements - {"using":"css selector","value":"td"}
RESULT: {"using":"css selector","value":"td"}
COMMAND: POST /session/7b6bf687a76b2f82f8be10a20d274994/element/f.5952FD13A0E9015951015C7D643014E2.d.A166065718E764DEECBEB9ADB3DDF333.e.4701/elements - {"using":"css selector","value":"td"}
RESULT: {"using":"css selector","value":"td"}
COMMAND: POST /session/7b6bf687a76b2f82f8be10a20d274994/element/f.5952FD13A0E9015951015C7D643014E2.d.A166065718E764DEECBEB9ADB3DDF333.e.4702/elements - {"using":"css selector","value":"td"}
RESULT: {"using":"css selector","value":"td"}
COMMAND: POST /session/7b6bf687a76b2f82f8be10a20d274994/element/f.5952FD13A0E9015951015C7D643014E2.d.A166065718E764DEECBEB9ADB3DDF333.e.4703/elements - {"using":"css selector","value":"td"}
RESULT: {"using":"css selector","value":"td"}
COMMAND: POST /session/7b6bf687a76b2f82f8be10a20d274994/element/f.5952FD13A0E9015951015C7D643014E2.d.A166065718E764DEECBEB9ADB3DDF333.e.4704/elements - {"using":"css selector","value":"td"}
RESULT: {"using":"css selector","value":"td"}
COMMAND: POST /session/7b6bf687a76b2f82f8be10a20d274994/element/f.5952FD13A0E9015951015C7D643014E2.d.A166065718E764DEECBEB9ADB3DDF333.e.4705/elements - {"using":"css selector","value":"td"}
RESULT: {"using":"css selector","value":"td"}
COMMAND: POST /session/7b6bf687a76b2f82f8be10a20d274994/element/f.5952FD13A0E9015951015C7D643014E2.d.A166065718E764DEECBEB9ADB3DDF333.e.4706/elements - {"using":"css selector","value":"td"}
RESULT: {"using":"css selector","value":"td"}
COMMAND: POST /session/7b6bf687a76b2f82f8be10a20d274994/element/f.5952FD13A0E9015951015C7D643014E2.d.A166065718E764DEECBEB9ADB3DDF333.e.4707/elements - {"using":"css selector","value":"td"}
RESULT: {"using":"css selector","value":"td"}
COMMAND: POST /session/7b6bf687a76b2f82f8be10a20d274994/element/f.5952FD13A0E9015951015C7D643014E2.d.A166065718E764DEECBEB9ADB3DDF333.e.4708/elements - {"using":"css selector","value":"td"}
RESULT: {"using":"css selector","value":"td"}
COMMAND: POST /session/7b6bf687a76b2f82f8be10a20d274994/element/f.5952FD13A0E9015951015C7D643014E2.d.A166065718E764DEECBEB9ADB3DDF333.e.4709/elements - {"using":"css selector","value":"td"}
RESULT: {"using":"css selector","value":"td"}
COMMAND: POST /session/7b6bf687a76b2f82f8be10a20d274994/element/f.5952FD13A0E9015951015C7D643014E2.d.A166065718E764DEECBEB9ADB3DDF333.e.4710/elements - {"using":"css selector","value":"td"}
RESULT: {"using":"css selector","value":"td"}
COMMAND: POST /session/7b6bf687a76b2f82f8be10a20d274994/element/f.5952FD13A0E9015951015C7D643014E2.d.A166065718E764DEECBEB9ADB3DDF333.e.4711/elements - {"using":"css selector","value":"td"}
RESULT: {"using":"css selector","value":"td"}
COMMAND: POST /session/7b6bf687a76b2f82f8be10a20d274994/element/f.5952FD13A0E9015951015C7D643014E2.d.A166065718E764DEECBEB9ADB3DDF333.e.4712/elements - {"using":"css selector","value":"td"}
RESULT: {"using":"css selector","value":"td"}
COMMAND: POST /session/7b6bf687a76b2f82f8be10a20d274994/element/f.5952FD13A0E9015951015C7D643014E2.d.A166065718E764DEECBEB9ADB3DDF333.e.4713/elements - {"using":"css selector","value":"td"}
RESULT: {"using":"css selector","value":"td"}
COMMAND: POST /session/7b6bf687a76b2f82f8be10a20d274994/element/f.5952FD13A0E9015951015C7D643014E2.d.A166065718E764DEECBEB9ADB3DDF333.e.4714/elements - {"using":"css selector","value":"td"}
RESULT: {"using":"css selector","value":"td"}
COMMAND: POST /session/7b6bf687a76b2f82f8be10a20d274994/element/f.5952FD13A0E9015951015C7D643014E2.d.A166065718E764DEECBEB9ADB3DDF333.e.4715/elements - {"using":"css selector","value":"td"}
RESULT: {"using":"css selector","value":"td"}
COMMAND: POST /session/7b6bf687a76b2f82f8be10a20d274994/element/f.5952FD13A0E9015951015C7D643014E2.d.A166065718E764DEECBEB9ADB3DDF333.e.4716/elements - {"using":"css selector","value":"td"}
RESULT: {"using":"css selector","value":"td"}
COMMAND: POST /session/7b6bf687a76b2f82f8be10a20d274994/element/f.5952FD13A0E9015951015C7D643014E2.d.A166065718E764DEECBEB9ADB3DDF333.e.4717/elements - {"using":"css selector","value":"td"}
RESULT: {"using":"css selector","value":"td"}
COMMAND: POST /session/7b6bf687a76b2f82f8be10a20d274994/element/f.5952FD13A0E9015951015C7D643014E2.d.A166065718E764DEECBEB9ADB3DDF333.e.4718/elements - {"using":"css selector","value":"td"}
RESULT: {"using":"css selector","value":"td"}
COMMAND: POST /session/7b6bf687a76b2f82f8be10a20d274994/element/f.5952FD13A0E9015951015C7D643014E2.d.A166065718E764DEECBEB9ADB3DDF333.e.4719/elements - {"using":"css selector","value":"td"}
RESULT: {"using":"css selector","value":"td"}
COMMAND: POST /session/7b6bf687a76b2f82f8be10a20d274994/element/f.5952FD13A0E9015951015C7D643014E2.d.A166065718E764DEECBEB9ADB3DDF333.e.4720/elements - {"using":"css selector","value":"td"}
RESULT: {"using":"css selector","value":"td"}
COMMAND: POST /session/7b6bf687a76b2f82f8be10a20d274994/element/f.5952FD13A0E9015951015C7D643014E2.d.A166065718E764DEECBEB9ADB3DDF333.e.4721/elements - {"using":"css selector","value":"td"}
RESULT: {"using":"css selector","value":"td"}
COMMAND: POST /session/7b6bf687a76b2f82f8be10a20d274994/element/f.5952FD13A0E9015951015C7D643014E2.d.A166065718E764DEECBEB9ADB3DDF333.e.4722/elements - {"using":"css selector","value":"td"}
RESULT: {"using":"css selector","value":"td"}
COMMAND: POST /session/7b6bf687a76b2f82f8be10a20d274994/element/f.5952FD13A0E9015951015C7D643014E2.d.A166065718E764DEECBEB9ADB3DDF333.e.4723/elements - {"using":"css selector","value":"td"}
RESULT: {"using":"css selector","value":"td"}
COMMAND: POST /session/7b6bf687a76b2f82f8be10a20d274994/element/f.5952FD13A0E9015951015C7D643014E2.d.A166065718E764DEECBEB9ADB3DDF333.e.4724/elements - {"using":"css selector","value":"td"}
RESULT: {"using":"css selector","value":"td"}
COMMAND: POST /session/7b6bf687a76b2f82f8be10a20d274994/element/f.5952FD13A0E9015951015C7D643014E2.d.A166065718E764DEECBEB9ADB3DDF333.e.4725/elements - {"using":"css selector","value":"td"}
RESULT: {"using":"css selector","value":"td"}
COMMAND: POST /session/7b6bf687a76b2f82f8be10a20d274994/element/f.5952FD13A0E9015951015C7D643014E2.d.A166065718E764DEECBEB9ADB3DDF333.e.4726/elements - {"using":"css selector","value":"td"}
RESULT: {"using":"css selector","value":"td"}
COMMAND: POST /session/7b6bf687a76b2f82f8be10a20d274994/element/f.5952FD13A0E9015951015C7D643014E2.d.A166065718E764DEECBEB9ADB3DDF333.e.4727/elements - {"using":"css selector","value":"td"}
RESULT: {"using":"css selector","value":"td"}
COMMAND: POST /session/7b6bf687a76b2f82f8be10a20d274994/element/f.5952FD13A0E9015951015C7D643014E2.d.A166065718E764DEECBEB9ADB3DDF333.e.4728/elements - {"using":"css selector","value":"td"}
RESULT: {"using":"css selector","value":"td"}
COMMAND: POST /session/7b6bf687a76b2f82f8be10a20d274994/element/f.5952FD13A0E9015951015C7D643014E2.d.A166065718E764DEECBEB9ADB3DDF333.e.4729/elements - {"using":"css selector","value":"td"}
RESULT: {"using":"css selector","value":"td"}
COMMAND: POST /session/7b6bf687a76b2f82f8be10a20d274994/element/f.5952FD13A0E9015951015C7D643014E2.d.A166065718E764DEECBEB9ADB3DDF333.e.4730/elements - {"using":"css selector","value":"td"}
RESULT: {"using":"css selector","value":"td"}
COMMAND: POST /session/7b6bf687a76b2f82f8be10a20d274994/element/f.5952FD13A0E9015951015C7D643014E2.d.A166065718E764DEECBEB9ADB3DDF333.e.4731/elements - {"using":"css selector","value":"td"}
RESULT: {"using":"css selector","value":"td"}
COMMAND: POST /session/7b6bf687a76b2f82f8be10a20d274994/element/f.5952FD13A0E9015951015C7D643014E2.d.A166065718E764DEECBEB9ADB3DDF333.e.4732/elements - {"using":"css selector","value":"td"}
RESULT: {"using":"css selector","value":"td"}
COMMAND: POST /session/7b6bf687a76b2f82f8be10a20d274994/element/f.5952FD13A0E9015951015C7D643014E2.d.A166065718E764DEECBEB9ADB3DDF333.e.4733/elements - {"using":"css selector","value":"td"}
RESULT: {"using":"css selector","value":"td"}
COMMAND: POST /session/7b6bf687a76b2f82f8be10a20d274994/element/f.5952FD13A0E9015951015C7D643014E2.d.A166065718E764DEECBEB9ADB3DDF333.e.4734/elements - {"using":"css selector","value":"td"}
RESULT: {"using":"css selector","value":"td"}
COMMAND: POST /session/7b6bf687a76b2f82f8be10a20d274994/element/f.5952FD13A0E9015951015C7D643014E2.d.A166065718E764DEECBEB9ADB3DDF333.e.4735/elements - {"using":"css selector","value":"td"}
RESULT: {"using":"css selector","value":"td"}
COMMAND: POST /session/7b6bf687a76b2f82f8be10a20d274994/element/f.5952FD13A0E9015951015C7D643014E2.d.A166065718E764DEECBEB9ADB3DDF333.e.4736/elements - {"using":"css selector","value":"td"}
RESULT: {"using":"css selector","value":"td"}
COMMAND: POST /session/7b6bf687a76b2f82f8be10a20d274994/element/f.5952FD13A0E9015951015C7D643014E2.d.A166065718E764DEECBEB9ADB3DDF333.e.4737/elements - {"using":"css selector","value":"td"}
RESULT: {"using":"css selector","value":"td"}
COMMAND: POST /session/7b6bf687a76b2f82f8be10a20d274994/element/f.5952FD13A0E9015951015C7D643014E2.d.A166065718E764DEECBEB9ADB3DDF333.e.4738/elements - {"using":"css selector","value":"td"}
RESULT: {"using":"css selector","value":"td"}
COMMAND: POST /session/7b6bf687a76b2f82f8be10a20d274994/element/f.5952FD13A0E9015951015C7D643014E2.d.A166065718E764DEECBEB9ADB3DDF333.e.4739/elements - {"using":"css selector","value":"td"}
RESULT: {"using":"css selector","value":"td"}
COMMAND: POST /session/7b6bf687a76b2f82f8be10a20d274994/element/f.5952FD13A0E9015951015C7D643014E2.d.A166065718E764DEECBEB9ADB3DDF333.e.4740/elements - {"using":"css selector","value":"td"}
RESULT: {"using":"css selector","value":"td"}
COMMAND: POST /session/7b6bf687a76b2f82f8be10a20d274994/element/f.5952FD13A0E9015951015C7D643014E2.d.A166065718E764DEECBEB9ADB3DDF333.e.4741/elements - {"using":"css selector","value":"td"}
RESULT: {"using":"css selector","value":"td"}
COMMAND: POST /session/7b6bf687a76b2f82f8be10a20d274994/element/f.5952FD13A0E9015951015C7D643014E2.d.A166065718E764DEECBEB9ADB3DDF333.e.4742/elements - {"using":"css selector","value":"td"}
RESULT: {"using":"css selector","value":"td"}
COMMAND: POST /session/7b6bf687a76b2f82f8be10a20d274994/element/f.5952FD13A0E9015951015C7D643014E2.d.A166065718E764DEECBEB9ADB3DDF333.e.4743/elements - {"using":"css selector","value":"td"}
RESULT: {"using":"css selector","value":"td"}
COMMAND: POST /session/7b6bf687a76b2f82f8be10a20d274994/element/f.5952FD13A0E9015951015C7D643014E2.d.A166065718E764DEECBEB9ADB3DDF333.e.4744/elements - {"using":"css selector","value":"td"}
RESULT: {"using":"css selector","value":"td"}
COMMAND: POST /session/7b6bf687a76b2f82f8be10a20d274994/element/f.5952FD13A0E9015951015C7D643014E2.d.A166065718E764DEECBEB9ADB3DDF333.e.4745/elements - {"using":"css selector","value":"td"}
RESULT: {"using":"css selector","value":"td"}
COMMAND: POST /session/7b6bf687a76b2f82f8be10a20d274994/element/f.5952FD13A0E9015951015C7D643014E2.d.A166065718E764DEECBEB9ADB3DDF333.e.4746/elements - {"using":"css selector","value":"td"}
RESULT: {"using":"css selector","value":"td"}
COMMAND: POST /session/7b6bf687a76b2f82f8be10a20d274994/element/f.5952FD13A0E9015951015C7D643014E2.d.A166065718E764DEECBEB9ADB3DDF333.e.4747/elements - {"using":"css selector","value":"td"}
RESULT: {"using":"css selector","value":"td"}
COMMAND: POST /session/7b6bf687a76b2f82f8be10a20d274994/element/f.5952FD13A0E9015951015C7D643014E2.d.A166065718E764DEECBEB9ADB3DDF333.e.4748/elements - {"using":"css selector","value":"td"}
RESULT: {"using":"css selector","value":"td"}
COMMAND: POST /session/7b6bf687a76b2f82f8be10a20d274994/element/f.5952FD13A0E9015951015C7D643014E2.d.A166065718E764DEECBEB9ADB3DDF333.e.4749/elements - {"using":"css selector","value":"td"}
RESULT: {"using":"css selector","value":"td"}
COMMAND: POST /session/7b6bf687a76b2f82f8be10a20d274994/element/f.5952FD13A0E9015951015C7D643014E2.d.A166065718E764DEECBEB9ADB3DDF333.e.4750/elements - {"using":"css selector","value":"td"}
RESULT: {"using":"css selector","value":"td"}
COMMAND: POST /session/7b6bf687a76b2f82f8be10a20d274994/element/f.5952FD13A0E9015951015C7D643014E2.d.A166065718E764DEECBEB9ADB3DDF333.e.4751/elements - {"using":"css selector","value":"td"}
RESULT: {"using":"css selector","value":"td"}
COMMAND: POST /session/7b6bf687a76b2f82f8be10a20d274994/element/f.5952FD13A0E9015951015C7D643014E2.d.A166065718E764DEECBEB9ADB3DDF333.e.4752/elements - {"using":"css selector","value":"td"}
RESULT: {"using":"css selector","value":"td"}
COMMAND: POST /session/7b6bf687a76b2f82f8be10a20d274994/element/f.5952FD13A0E9015951015C7D643014E2.d.A166065718E764DEECBEB9ADB3DDF333.e.4753/elements - {"using":"css selector","value":"td"}
RESULT: {"using":"css selector","value":"td"}
COMMAND: POST /session/7b6bf687a76b2f82f8be10a20d274994/element/f.5952FD13A0E9015951015C7D643014E2.d.A166065718E764DEECBEB9ADB3DDF333.e.4754/elements - {"using":"css selector","value":"td"}
RESULT: {"using":"css selector","value":"td"}
COMMAND: POST /session/7b6bf687a76b2f82f8be10a20d274994/element/f.5952FD13A0E9015951015C7D643014E2.d.A166065718E764DEECBEB9ADB3DDF333.e.4755/elements - {"using":"css selector","value":"td"}
RESULT: {"using":"css selector","value":"td"}
COMMAND: POST /session/7b6bf687a76b2f82f8be10a20d274994/element/f.5952FD13A0E9015951015C7D643014E2.d.A166065718E764DEECBEB9ADB3DDF333.e.4756/elements - {"using":"css selector","value":"td"}
RESULT: {"using":"css selector","value":"td"}
COMMAND: POST /session/7b6bf687a76b2f82f8be10a20d274994/element/f.5952FD13A0E9015951015C7D643014E2.d.A166065718E764DEECBEB9ADB3DDF333.e.4757/elements - {"using":"css selector","value":"td"}
RESULT: {"using":"css selector","value":"td"}
COMMAND: POST /session/7b6bf687a76b2f82f8be10a20d274994/element/f.5952FD13A0E9015951015C7D643014E2.d.A166065718E764DEECBEB9ADB3DDF333.e.4758/elements - {"using":"css selector","value":"td"}
RESULT: {"using":"css selector","value":"td"}
COMMAND: POST /session/7b6bf687a76b2f82f8be10a20d274994/element/f.5952FD13A0E9015951015C7D643014E2.d.A166065718E764DEECBEB9ADB3DDF333.e.4759/elements - {"using":"css selector","value":"td"}
RESULT: {"using":"css selector","value":"td"}
COMMAND: POST /session/7b6bf687a76b2f82f8be10a20d274994/element/f.5952FD13A0E9015951015C7D643014E2.d.A166065718E764DEECBEB9ADB3DDF333.e.4760/elements - {"using":"css selector","value":"td"}
RESULT: {"using":"css selector","value":"td"}
COMMAND: POST /session/7b6bf687a76b2f82f8be10a20d274994/element/f.5952FD13A0E9015951015C7D643014E2.d.A166065718E764DEECBEB9ADB3DDF333.e.4761/elements - {"using":"css selector","value":"td"}
RESULT: {"using":"css selector","value":"td"}
COMMAND: POST /session/7b6bf687a76b2f82f8be10a20d274994/element/f.5952FD13A0E9015951015C7D643014E2.d.A166065718E764DEECBEB9ADB3DDF333.e.4762/elements - {"using":"css selector","value":"td"}
RESULT: {"using":"css selector","value":"td"}
COMMAND: POST /session/7b6bf687a76b2f82f8be10a20d274994/element/f.5952FD13A0E9015951015C7D643014E2.d.A166065718E764DEECBEB9ADB3DDF333.e.4763/elements - {"using":"css selector","value":"td"}
RESULT: {"using":"css selector","value":"td"}
COMMAND: POST /session/7b6bf687a76b2f82f8be10a20d274994/element/f.5952FD13A0E9015951015C7D643014E2.d.A166065718E764DEECBEB9ADB3DDF333.e.4764/elements - {"using":"css selector","value":"td"}
RESULT: {"using":"css selector","value":"td"}
COMMAND: POST /session/7b6bf687a76b2f82f8be10a20d274994/element/f.5952FD13A0E9015951015C7D643014E2.d.A166065718E764DEECBEB9ADB3DDF333.e.4765/elements - {"using":"css selector","value":"td"}
RESULT: {"using":"css selector","value":"td"}
COMMAND: POST /session/7b6bf687a76b2f82f8be10a20d274994/element/f.5952FD13A0E9015951015C7D643014E2.d.A166065718E764DEECBEB9ADB3DDF333.e.4766/elements - {"using":"css selector","value":"td"}
RESULT: {"using":"css selector","value":"td"}
COMMAND: POST /session/7b6bf687a76b2f82f8be10a20d274994/element/f.5952FD13A0E9015951015C7D643014E2.d.A166065718E764DEECBEB9ADB3DDF333.e.4767/elements - {"using":"css selector","value":"td"}
RESULT: {"using":"css selector","value":"td"}
COMMAND: POST /session/7b6bf687a76b2f82f8be10a20d274994/element/f.5952FD13A0E9015951015C7D643014E2.d.A166065718E764DEECBEB9ADB3DDF333.e.4768/elements - {"using":"css selector","value":"td"}
RESULT: {"using":"css selector","value":"td"}
COMMAND: POST /session/7b6bf687a76b2f82f8be10a20d274994/element/f.5952FD13A0E9015951015C7D643014E2.d.A166065718E764DEECBEB9ADB3DDF333.e.4769/elements - {"using":"css selector","value":"td"}
RESULT: {"using":"css selector","value":"td"}
COMMAND: POST /session/7b6bf687a76b2f82f8be10a20d274994/element/f.5952FD13A0E9015951015C7D643014E2.d.A166065718E764DEECBEB9ADB3DDF333.e.4770/elements - {"using":"css selector","value":"td"}
RESULT: {"using":"css selector","value":"td"}
COMMAND: POST /session/7b6bf687a76b2f82f8be10a20d274994/element/f.5952FD13A0E9015951015C7D643014E2.d.A166065718E764DEECBEB9ADB3DDF333.e.4771/elements - {"using":"css selector","value":"td"}
RESULT: {"using":"css selector","value":"td"}
COMMAND: POST /session/7b6bf687a76b2f82f8be10a20d274994/element/f.5952FD13A0E9015951015C7D643014E2.d.A166065718E764DEECBEB9ADB3DDF333.e.4772/elements - {"using":"css selector","value":"td"}
RESULT: {"using":"css selector","value":"td"}
COMMAND: POST /session/7b6bf687a76b2f82f8be10a20d274994/element/f.5952FD13A0E9015951015C7D643014E2.d.A166065718E764DEECBEB9ADB3DDF333.e.4773/elements - {"using":"css selector","value":"td"}
RESULT: {"using":"css selector","value":"td"}
COMMAND: POST /session/7b6bf687a76b2f82f8be10a20d274994/element/f.5952FD13A0E9015951015C7D643014E2.d.A166065718E764DEECBEB9ADB3DDF333.e.4774/elements - {"using":"css selector","value":"td"}
RESULT: {"using":"css selector","value":"td"}
COMMAND: POST /session/7b6bf687a76b2f82f8be10a20d274994/element/f.5952FD13A0E9015951015C7D643014E2.d.A166065718E764DEECBEB9ADB3DDF333.e.4775/elements - {"using":"css selector","value":"td"}
RESULT: {"using":"css selector","value":"td"}
COMMAND: POST /session/7b6bf687a76b2f82f8be10a20d274994/element/f.5952FD13A0E9015951015C7D643014E2.d.A166065718E764DEECBEB9ADB3DDF333.e.4776/elements - {"using":"css selector","value":"td"}
RESULT: {"using":"css selector","value":"td"}
COMMAND: POST /session/7b6bf687a76b2f82f8be10a20d274994/element/f.5952FD13A0E9015951015C7D643014E2.d.A166065718E764DEECBEB9ADB3DDF333.e.4777/elements - {"using":"css selector","value":"td"}
RESULT: {"using":"css selector","value":"td"}
COMMAND: POST /session/7b6bf687a76b2f82f8be10a20d274994/element/f.5952FD13A0E9015951015C7D643014E2.d.A166065718E764DEECBEB9ADB3DDF333.e.4778/elements - {"using":"css selector","value":"td"}
RESULT: {"using":"css selector","value":"td"}
COMMAND: POST /session/7b6bf687a76b2f82f8be10a20d274994/element/f.5952FD13A0E9015951015C7D643014E2.d.A166065718E764DEECBEB9ADB3DDF333.e.4779/elements - {"using":"css selector","value":"td"}
RESULT: {"using":"css selector","value":"td"}
COMMAND: POST /session/7b6bf687a76b2f82f8be10a20d274994/element/f.5952FD13A0E9015951015C7D643014E2.d.A166065718E764DEECBEB9ADB3DDF333.e.4780/elements - {"using":"css selector","value":"td"}
RESULT: {"using":"css selector","value":"td"}
COMMAND: POST /session/7b6bf687a76b2f82f8be10a20d274994/element/f.5952FD13A0E9015951015C7D643014E2.d.A166065718E764DEECBEB9ADB3DDF333.e.4781/elements - {"using":"css selector","value":"td"}
RESULT: {"using":"css selector","value":"td"}
COMMAND: POST /session/7b6bf687a76b2f82f8be10a20d274994/element/f.5952FD13A0E9015951015C7D643014E2.d.A166065718E764DEECBEB9ADB3DDF333.e.4782/elements - {"using":"css selector","value":"td"}
RESULT: {"using":"css selector","value":"td"}
COMMAND: POST /session/7b6bf687a76b2f82f8be10a20d274994/element/f.5952FD13A0E9015951015C7D643014E2.d.A166065718E764DEECBEB9ADB3DDF333.e.4783/elements - {"using":"css selector","value":"td"}
RESULT: {"using":"css selector","value":"td"}
COMMAND: POST /session/7b6bf687a76b2f82f8be10a20d274994/element/f.5952FD13A0E9015951015C7D643014E2.d.A166065718E764DEECBEB9ADB3DDF333.e.4784/elements - {"using":"css selector","value":"td"}
RESULT: {"using":"css selector","value":"td"}
COMMAND: POST /session/7b6bf687a76b2f82f8be10a20d274994/element/f.5952FD13A0E9015951015C7D643014E2.d.A166065718E764DEECBEB9ADB3DDF333.e.4785/elements - {"using":"css selector","value":"td"}
RESULT: {"using":"css selector","value":"td"}
COMMAND: POST /session/7b6bf687a76b2f82f8be10a20d274994/element/f.5952FD13A0E9015951015C7D643014E2.d.A166065718E764DEECBEB9ADB3DDF333.e.4786/elements - {"using":"css selector","value":"td"}
RESULT: {"using":"css selector","value":"td"}
COMMAND: POST /session/7b6bf687a76b2f82f8be10a20d274994/element/f.5952FD13A0E9015951015C7D643014E2.d.A166065718E764DEECBEB9ADB3DDF333.e.4787/elements - {"using":"css selector","value":"td"}
RESULT: {"using":"css selector","value":"td"}
COMMAND: POST /session/7b6bf687a76b2f82f8be10a20d274994/element/f.5952FD13A0E9015951015C7D643014E2.d.A166065718E764DEECBEB9ADB3DDF333.e.4788/elements - {"using":"css selector","value":"td"}
RESULT: {"using":"css selector","value":"td"}
COMMAND: POST /session/7b6bf687a76b2f82f8be10a20d274994/element/f.5952FD13A0E9015951015C7D643014E2.d.A166065718E764DEECBEB9ADB3DDF333.e.4789/elements - {"using":"css selector","value":"td"}
RESULT: {"using":"css selector","value":"td"}
COMMAND: POST /session/7b6bf687a76b2f82f8be10a20d274994/element/f.5952FD13A0E9015951015C7D643014E2.d.A166065718E764DEECBEB9ADB3DDF333.e.4790/elements - {"using":"css selector","value":"td"}
RESULT: {"using":"css selector","value":"td"}
COMMAND: POST /session/7b6bf687a76b2f82f8be10a20d274994/element/f.5952FD13A0E9015951015C7D643014E2.d.A166065718E764DEECBEB9ADB3DDF333.e.4791/elements - {"using":"css selector","value":"td"}
RESULT: {"using":"css selector","value":"td"}
COMMAND: POST /session/7b6bf687a76b2f82f8be10a20d274994/element/f.5952FD13A0E9015951015C7D643014E2.d.A166065718E764DEECBEB9ADB3DDF333.e.4792/elements - {"using":"css selector","value":"td"}
RESULT: {"using":"css selector","value":"td"}
COMMAND: POST /session/7b6bf687a76b2f82f8be10a20d274994/element/f.5952FD13A0E9015951015C7D643014E2.d.A166065718E764DEECBEB9ADB3DDF333.e.4793/elements - {"using":"css selector","value":"td"}
RESULT: {"using":"css selector","value":"td"}
COMMAND: POST /session/7b6bf687a76b2f82f8be10a20d274994/element/f.5952FD13A0E9015951015C7D643014E2.d.A166065718E764DEECBEB9ADB3DDF333.e.4794/elements - {"using":"css selector","value":"td"}
RESULT: {"using":"css selector","value":"td"}
COMMAND: POST /session/7b6bf687a76b2f82f8be10a20d274994/element/f.5952FD13A0E9015951015C7D643014E2.d.A166065718E764DEECBEB9ADB3DDF333.e.4795/elements - {"using":"css selector","value":"td"}
RESULT: {"using":"css selector","value":"td"}
COMMAND: POST /session/7b6bf687a76b2f82f8be10a20d274994/element/f.5952FD13A0E9015951015C7D643014E2.d.A166065718E764DEECBEB9ADB3DDF333.e.4796/elements - {"using":"css selector","value":"td"}
RESULT: {"using":"css selector","value":"td"}
COMMAND: POST /session/7b6bf687a76b2f82f8be10a20d274994/element/f.5952FD13A0E9015951015C7D643014E2.d.A166065718E764DEECBEB9ADB3DDF333.e.4797/elements - {"using":"css selector","value":"td"}
RESULT: {"using":"css selector","value":"td"}
COMMAND: POST /session/7b6bf687a76b2f82f8be10a20d274994/element/f.5952FD13A0E9015951015C7D643014E2.d.A166065718E764DEECBEB9ADB3DDF333.e.4798/elements - {"using":"css selector","value":"td"}
RESULT: {"using":"css selector","value":"td"}
COMMAND: POST /session/7b6bf687a76b2f82f8be10a20d274994/element/f.5952FD13A0E9015951015C7D643014E2.d.A166065718E764DEECBEB9ADB3DDF333.e.4799/elements - {"using":"css selector","value":"td"}
RESULT: {"using":"css selector","value":"td"}
COMMAND: POST /session/7b6bf687a76b2f82f8be10a20d274994/element/f.5952FD13A0E9015951015C7D643014E2.d.A166065718E764DEECBEB9ADB3DDF333.e.4800/elements - {"using":"css selector","value":"td"}
RESULT: {"using":"css selector","value":"td"}
COMMAND: POST /session/7b6bf687a76b2f82f8be10a20d274994/element/f.5952FD13A0E9015951015C7D643014E2.d.A166065718E764DEECBEB9ADB3DDF333.e.4801/elements - {"using":"css selector","value":"td"}
RESULT: {"using":"css selector","value":"td"}
COMMAND: POST /session/7b6bf687a76b2f82f8be10a20d274994/element/f.5952FD13A0E9015951015C7D643014E2.d.A166065718E764DEECBEB9ADB3DDF333.e.4802/elements - {"using":"css selector","value":"td"}
RESULT: {"using":"css selector","value":"td"}
COMMAND: POST /session/7b6bf687a76b2f82f8be10a20d274994/element/f.5952FD13A0E9015951015C7D643014E2.d.A166065718E764DEECBEB9ADB3DDF333.e.4803/elements - {"using":"css selector","value":"td"}
RESULT: {"using":"css selector","value":"td"}
COMMAND: POST /session/7b6bf687a76b2f82f8be10a20d274994/element/f.5952FD13A0E9015951015C7D643014E2.d.A166065718E764DEECBEB9ADB3DDF333.e.4804/elements - {"using":"css selector","value":"td"}
RESULT: {"using":"css selector","value":"td"}
COMMAND: POST /session/7b6bf687a76b2f82f8be10a20d274994/element/f.5952FD13A0E9015951015C7D643014E2.d.A166065718E764DEECBEB9ADB3DDF333.e.4805/elements - {"using":"css selector","value":"td"}
RESULT: {"using":"css selector","value":"td"}
COMMAND: POST /session/7b6bf687a76b2f82f8be10a20d274994/element/f.5952FD13A0E9015951015C7D643014E2.d.A166065718E764DEECBEB9ADB3DDF333.e.4806/elements - {"using":"css selector","value":"td"}
RESULT: {"using":"css selector","value":"td"}
COMMAND: POST /session/7b6bf687a76b2f82f8be10a20d274994/element/f.5952FD13A0E9015951015C7D643014E2.d.A166065718E764DEECBEB9ADB3DDF333.e.4807/elements - {"using":"css selector","value":"td"}
RESULT: {"using":"css selector","value":"td"}
COMMAND: POST /session/7b6bf687a76b2f82f8be10a20d274994/element/f.5952FD13A0E9015951015C7D643014E2.d.A166065718E764DEECBEB9ADB3DDF333.e.4808/elements - {"using":"css selector","value":"td"}
RESULT: {"using":"css selector","value":"td"}
COMMAND: POST /session/7b6bf687a76b2f82f8be10a20d274994/element/f.5952FD13A0E9015951015C7D643014E2.d.A166065718E764DEECBEB9ADB3DDF333.e.4809/elements - {"using":"css selector","value":"td"}
RESULT: {"using":"css selector","value":"td"}
COMMAND: POST /session/7b6bf687a76b2f82f8be10a20d274994/element/f.5952FD13A0E9015951015C7D643014E2.d.A166065718E764DEECBEB9ADB3DDF333.e.4810/elements - {"using":"css selector","value":"td"}
RESULT: {"using":"css selector","value":"td"}
COMMAND: POST /session/7b6bf687a76b2f82f8be10a20d274994/element/f.5952FD13A0E9015951015C7D643014E2.d.A166065718E764DEECBEB9ADB3DDF333.e.4811/elements - {"using":"css selector","value":"td"}
RESULT: {"using":"css selector","value":"td"}
COMMAND: POST /session/7b6bf687a76b2f82f8be10a20d274994/element/f.5952FD13A0E9015951015C7D643014E2.d.A166065718E764DEECBEB9ADB3DDF333.e.4812/elements - {"using":"css selector","value":"td"}
RESULT: {"using":"css selector","value":"td"}
COMMAND: POST /session/7b6bf687a76b2f82f8be10a20d274994/element/f.5952FD13A0E9015951015C7D643014E2.d.A166065718E764DEECBEB9ADB3DDF333.e.4813/elements - {"using":"css selector","value":"td"}
RESULT: {"using":"css selector","value":"td"}
COMMAND: POST /session/7b6bf687a76b2f82f8be10a20d274994/element/f.5952FD13A0E9015951015C7D643014E2.d.A166065718E764DEECBEB9ADB3DDF333.e.4814/elements - {"using":"css selector","value":"td"}
RESULT: {"using":"css selector","value":"td"}
COMMAND: POST /session/7b6bf687a76b2f82f8be10a20d274994/element/f.5952FD13A0E9015951015C7D643014E2.d.A166065718E764DEECBEB9ADB3DDF333.e.4815/elements - {"using":"css selector","value":"td"}
RESULT: {"using":"css selector","value":"td"}
COMMAND: POST /session/7b6bf687a76b2f82f8be10a20d274994/element/f.5952FD13A0E9015951015C7D643014E2.d.A166065718E764DEECBEB9ADB3DDF333.e.4816/elements - {"using":"css selector","value":"td"}
RESULT: {"using":"css selector","value":"td"}
COMMAND: POST /session/7b6bf687a76b2f82f8be10a20d274994/element/f.5952FD13A0E9015951015C7D643014E2.d.A166065718E764DEECBEB9ADB3DDF333.e.4817/elements - {"using":"css selector","value":"td"}
RESULT: {"using":"css selector","value":"td"}
COMMAND: POST /session/7b6bf687a76b2f82f8be10a20d274994/element/f.5952FD13A0E9015951015C7D643014E2.d.A166065718E764DEECBEB9ADB3DDF333.e.4818/elements - {"using":"css selector","value":"td"}
RESULT: {"using":"css selector","value":"td"}
COMMAND: POST /session/7b6bf687a76b2f82f8be10a20d274994/element/f.5952FD13A0E9015951015C7D643014E2.d.A166065718E764DEECBEB9ADB3DDF333.e.4819/elements - {"using":"css selector","value":"td"}
RESULT: {"using":"css selector","value":"td"}
COMMAND: POST /session/7b6bf687a76b2f82f8be10a20d274994/element/f.5952FD13A0E9015951015C7D643014E2.d.A166065718E764DEECBEB9ADB3DDF333.e.4820/elements - {"using":"css selector","value":"td"}
RESULT: {"using":"css selector","value":"td"}
COMMAND: POST /session/7b6bf687a76b2f82f8be10a20d274994/element/f.5952FD13A0E9015951015C7D643014E2.d.A166065718E764DEECBEB9ADB3DDF333.e.4821/elements - {"using":"css selector","value":"td"}
RESULT: {"using":"css selector","value":"td"}
COMMAND: POST /session/7b6bf687a76b2f82f8be10a20d274994/element/f.5952FD13A0E9015951015C7D643014E2.d.A166065718E764DEECBEB9ADB3DDF333.e.4822/elements - {"using":"css selector","value":"td"}
RESULT: {"using":"css selector","value":"td"}
COMMAND: POST /session/7b6bf687a76b2f82f8be10a20d274994/element/f.5952FD13A0E9015951015C7D643014E2.d.A166065718E764DEECBEB9ADB3DDF333.e.4823/elements - {"using":"css selector","value":"td"}
RESULT: {"using":"css selector","value":"td"}
COMMAND: POST /session/7b6bf687a76b2f82f8be10a20d274994/element/f.5952FD13A0E9015951015C7D643014E2.d.A166065718E764DEECBEB9ADB3DDF333.e.4824/elements - {"using":"css selector","value":"td"}
RESULT: {"using":"css selector","value":"td"}
COMMAND: POST /session/7b6bf687a76b2f82f8be10a20d274994/element/f.5952FD13A0E9015951015C7D643014E2.d.A166065718E764DEECBEB9ADB3DDF333.e.4825/elements - {"using":"css selector","value":"td"}
RESULT: {"using":"css selector","value":"td"}
COMMAND: POST /session/7b6bf687a76b2f82f8be10a20d274994/element/f.5952FD13A0E9015951015C7D643014E2.d.A166065718E764DEECBEB9ADB3DDF333.e.4826/elements - {"using":"css selector","value":"td"}
RESULT: {"using":"css selector","value":"td"}
COMMAND: POST /session/7b6bf687a76b2f82f8be10a20d274994/element/f.5952FD13A0E9015951015C7D643014E2.d.A166065718E764DEECBEB9ADB3DDF333.e.4827/elements - {"using":"css selector","value":"td"}
RESULT: {"using":"css selector","value":"td"}
COMMAND: POST /session/7b6bf687a76b2f82f8be10a20d274994/element/f.5952FD13A0E9015951015C7D643014E2.d.A166065718E764DEECBEB9ADB3DDF333.e.4828/elements - {"using":"css selector","value":"td"}
RESULT: {"using":"css selector","value":"td"}
COMMAND: POST /session/7b6bf687a76b2f82f8be10a20d274994/element/f.5952FD13A0E9015951015C7D643014E2.d.A166065718E764DEECBEB9ADB3DDF333.e.4829/elements - {"using":"css selector","value":"td"}
RESULT: {"using":"css selector","value":"td"}
COMMAND: POST /session/7b6bf687a76b2f82f8be10a20d274994/element/f.5952FD13A0E9015951015C7D643014E2.d.A166065718E764DEECBEB9ADB3DDF333.e.4830/elements - {"using":"css selector","value":"td"}
RESULT: {"using":"css selector","value":"td"}
COMMAND: POST /session/7b6bf687a76b2f82f8be10a20d274994/element/f.5952FD13A0E9015951015C7D643014E2.d.A166065718E764DEECBEB9ADB3DDF333.e.4831/elements - {"using":"css selector","value":"td"}
RESULT: {"using":"css selector","value":"td"}
COMMAND: POST /session/7b6bf687a76b2f82f8be10a20d274994/element/f.5952FD13A0E9015951015C7D643014E2.d.A166065718E764DEECBEB9ADB3DDF333.e.4832/elements - {"using":"css selector","value":"td"}
RESULT: {"using":"css selector","value":"td"}
COMMAND: POST /session/7b6bf687a76b2f82f8be10a20d274994/element/f.5952FD13A0E9015951015C7D643014E2.d.A166065718E764DEECBEB9ADB3DDF333.e.4833/elements - {"using":"css selector","value":"td"}
RESULT: {"using":"css selector","value":"td"}
COMMAND: POST /session/7b6bf687a76b2f82f8be10a20d274994/element/f.5952FD13A0E9015951015C7D643014E2.d.A166065718E764DEECBEB9ADB3DDF333.e.4834/elements - {"using":"css selector","value":"td"}
RESULT: {"using":"css selector","value":"td"}
COMMAND: POST /session/7b6bf687a76b2f82f8be10a20d274994/element/f.5952FD13A0E9015951015C7D643014E2.d.A166065718E764DEECBEB9ADB3DDF333.e.4835/elements - {"using":"css selector","value":"td"}
RESULT: {"using":"css selector","value":"td"}
COMMAND: POST /session/7b6bf687a76b2f82f8be10a20d274994/element/f.5952FD13A0E9015951015C7D643014E2.d.A166065718E764DEECBEB9ADB3DDF333.e.4836/elements - {"using":"css selector","value":"td"}
RESULT: {"using":"css selector","value":"td"}
COMMAND: POST /session/7b6bf687a76b2f82f8be10a20d274994/element/f.5952FD13A0E9015951015C7D643014E2.d.A166065718E764DEECBEB9ADB3DDF333.e.4837/elements - {"using":"css selector","value":"td"}
RESULT: {"using":"css selector","value":"td"}
COMMAND: POST /session/7b6bf687a76b2f82f8be10a20d274994/element/f.5952FD13A0E9015951015C7D643014E2.d.A166065718E764DEECBEB9ADB3DDF333.e.4838/elements - {"using":"css selector","value":"td"}
RESULT: {"using":"css selector","value":"td"}
COMMAND: POST /session/7b6bf687a76b2f82f8be10a20d274994/element/f.5952FD13A0E9015951015C7D643014E2.d.A166065718E764DEECBEB9ADB3DDF333.e.4839/elements - {"using":"css selector","value":"td"}
RESULT: {"using":"css selector","value":"td"}
COMMAND: POST /session/7b6bf687a76b2f82f8be10a20d274994/element/f.5952FD13A0E9015951015C7D643014E2.d.A166065718E764DEECBEB9ADB3DDF333.e.4840/elements - {"using":"css selector","value":"td"}
RESULT: {"using":"css selector","value":"td"}
COMMAND: POST /session/7b6bf687a76b2f82f8be10a20d274994/element/f.5952FD13A0E9015951015C7D643014E2.d.A166065718E764DEECBEB9ADB3DDF333.e.4841/elements - {"using":"css selector","value":"td"}
RESULT: {"using":"css selector","value":"td"}
COMMAND: POST /session/7b6bf687a76b2f82f8be10a20d274994/element/f.5952FD13A0E9015951015C7D643014E2.d.A166065718E764DEECBEB9ADB3DDF333.e.4842/elements - {"using":"css selector","value":"td"}
RESULT: {"using":"css selector","value":"td"}
COMMAND: POST /session/7b6bf687a76b2f82f8be10a20d274994/element/f.5952FD13A0E9015951015C7D643014E2.d.A166065718E764DEECBEB9ADB3DDF333.e.4843/elements - {"using":"css selector","value":"td"}
RESULT: {"using":"css selector","value":"td"}
COMMAND: POST /session/7b6bf687a76b2f82f8be10a20d274994/element/f.5952FD13A0E9015951015C7D643014E2.d.A166065718E764DEECBEB9ADB3DDF333.e.4844/elements - {"using":"css selector","value":"td"}
RESULT: {"using":"css selector","value":"td"}
COMMAND: POST /session/7b6bf687a76b2f82f8be10a20d274994/element/f.5952FD13A0E9015951015C7D643014E2.d.A166065718E764DEECBEB9ADB3DDF333.e.4866/element - {"using":"css selector","value":"input"}
RESULT: {"using":"css selector","value":"input"}
COMMAND: GET /session/7b6bf687a76b2f82f8be10a20d274994/element/f.5952FD13A0E9015951015C7D643014E2.d.A166065718E764DEECBEB9ADB3DDF333.e.4849/property/value - {}
RESULT: {}
COMMAND: POST /session/7b6bf687a76b2f82f8be10a20d274994/element/f.5952FD13A0E9015951015C7D643014E2.d.A166065718E764DEECBEB9ADB3DDF333.e.4844/element - {"using":"css selector","value":".sapMCbBg"}
COMMAND: GET /session/7b6bf687a76b2f82f8be10a20d274994/screenshot - {}
RESULT: {"using":"css selector","value":".sapMCbBg"}
COMMAND: GET /session/7b6bf687a76b2f82f8be10a20d274994/element/f.5952FD13A0E9015951015C7D643014E2.d.A166065718E764DEECBEB9ADB3DDF333.e.5740/selected - {}
RESULT: {}
RESULT: {}
COMMAND: POST /session/7b6bf687a76b2f82f8be10a20d274994/element/f.5952FD13A0E9015951015C7D643014E2.d.A166065718E764DEECBEB9ADB3DDF333.e.5740/click - {}
COMMAND: GET /session/7b6bf687a76b2f82f8be10a20d274994/screenshot - {}
RESULT: {}
COMMAND: POST /session/7b6bf687a76b2f82f8be10a20d274994/element/f.5952FD13A0E9015951015C7D643014E2.d.A166065718E764DEECBEB9ADB3DDF333.e.4883/elements - {"using":"css selector","value":"td"}
COMMAND: GET /session/7b6bf687a76b2f82f8be10a20d274994/screenshot - {}
RESULT: {}
RESULT: {"using":"css selector","value":"td"}
COMMAND: POST /session/7b6bf687a76b2f82f8be10a20d274994/element/f.5952FD13A0E9015951015C7D643014E2.d.A166065718E764DEECBEB9ADB3DDF333.e.4898/element - {"using":"css selector","value":"input"}
RESULT: {}
RESULT: {"using":"css selector","value":"input"}
COMMAND: GET /session/7b6bf687a76b2f82f8be10a20d274994/element/f.5952FD13A0E9015951015C7D643014E2.d.A166065718E764DEECBEB9ADB3DDF333.e.4880/property/value - {}
RESULT: {}
COMMAND: POST /session/7b6bf687a76b2f82f8be10a20d274994/element/f.5952FD13A0E9015951015C7D643014E2.d.A166065718E764DEECBEB9ADB3DDF333.e.4883/element - {"using":"css selector","value":".sapMCbBg"}
COMMAND: GET /session/7b6bf687a76b2f82f8be10a20d274994/screenshot - {}
RESULT: {"using":"css selector","value":".sapMCbBg"}
COMMAND: GET /session/7b6bf687a76b2f82f8be10a20d274994/element/f.5952FD13A0E9015951015C7D643014E2.d.A166065718E764DEECBEB9ADB3DDF333.e.5744/selected - {}
RESULT: {}
RESULT: {}
COMMAND: POST /session/7b6bf687a76b2f82f8be10a20d274994/element/f.5952FD13A0E9015951015C7D643014E2.d.A166065718E764DEECBEB9ADB3DDF333.e.5744/click - {}
COMMAND: GET /session/7b6bf687a76b2f82f8be10a20d274994/screenshot - {}
RESULT: {}
COMMAND: GET /session/7b6bf687a76b2f82f8be10a20d274994/screenshot - {}
RESULT: {}
RESULT: {}
COMMAND: POST /session/7b6bf687a76b2f82f8be10a20d274994/execute/async - {"script":"<script> [1562 bytes]","args":[{"selector":{"id":"application-manageconditionprice-display-component---dailyPrices--deleteBtn","interaction":{"idSuffix":"content"}},"wdio_ui5_key":"applicationmanageconditionprice-display-component---dailyPrices--deleteBtn"}]}
RESULT: {"script":"<script> [1562 bytes]","args":[{"selector":{"id":"application-manageconditionprice-display-component---dailyPrices--deleteBtn","interaction":{"idSuffix":"content"}},"wdio_ui5_key":"applicationmanageconditionprice-display-component---dailyPrices--deleteBtn"}]}
RESULT: undefined
COMMAND: POST /session/7b6bf687a76b2f82f8be10a20d274994/element - {"using":"xpath","value":"//*[@id=\"application-manageconditionprice-display-component---dailyPrices--deleteBtn\"]"}
RESULT: {"using":"xpath","value":"//*[@id=\"application-manageconditionprice-display-component---dailyPrices--deleteBtn\"]"}
COMMAND: POST /session/7b6bf687a76b2f82f8be10a20d274994/element/f.5952FD13A0E9015951015C7D643014E2.d.A166065718E764DEECBEB9ADB3DDF333.e.5746/click - {}
RESULT: {}
COMMAND: POST /session/7b6bf687a76b2f82f8be10a20d274994/execute/async - {"script":"<script> [1562 bytes]","args":[{"selector":{"controlType":"sap.m.Button","properties":{"text":"OK"},"searchOpenDialogs":true,"interaction":{"idSuffix":"BDI-content"}},"wdio_ui5_key":"sapm.Button{\"text\":\"OK\"}"}]}
COMMAND: GET /session/7b6bf687a76b2f82f8be10a20d274994/screenshot - {}
RESULT: {"script":"<script> [1562 bytes]","args":[{"selector":{"controlType":"sap.m.Button","properties":{"text":"OK"},"searchOpenDialogs":true,"interaction":{"idSuffix":"BDI-content"}},"wdio_ui5_key":"sapm.Button{\"text\":\"OK\"}"}]}
RESULT: undefined
COMMAND: POST /session/7b6bf687a76b2f82f8be10a20d274994/element - {"using":"xpath","value":"//*[@id=\"__mbox-btn-0\"]"}
RESULT: {}
RESULT: {"using":"xpath","value":"//*[@id=\"__mbox-btn-0\"]"}
COMMAND: POST /session/7b6bf687a76b2f82f8be10a20d274994/element/f.5952FD13A0E9015951015C7D643014E2.d.A166065718E764DEECBEB9ADB3DDF333.e.5747/click - {}
RESULT: {}
COMMAND: GET /session/7b6bf687a76b2f82f8be10a20d274994/screenshot - {}
RESULT: {}
RESULT: undefined
COMMAND: POST /session/7b6bf687a76b2f82f8be10a20d274994/element - {"using":"xpath","value":"//*[@id=\"__button115\"]"}
RESULT: {"using":"xpath","value":"//*[@id=\"__button115\"]"}
COMMAND: POST /session/7b6bf687a76b2f82f8be10a20d274994/element/f.5952FD13A0E9015951015C7D643014E2.d.A166065718E764DEECBEB9ADB3DDF333.e.4935/click - {}
RESULT: {}
COMMAND: GET /session/7b6bf687a76b2f82f8be10a20d274994/screenshot - {}
RESULT: {}
COMMAND: POST /session/7b6bf687a76b2f82f8be10a20d274994/elements - {"using":"css selector","value":"table tr"}
RESULT: {"using":"css selector","value":"table tr"}
COMMAND: POST /session/7b6bf687a76b2f82f8be10a20d274994/element/f.5952FD13A0E9015951015C7D643014E2.d.A166065718E764DEECBEB9ADB3DDF333.e.4648/elements - {"using":"css selector","value":"td"}
RESULT: {"using":"css selector","value":"td"}
COMMAND: POST /session/7b6bf687a76b2f82f8be10a20d274994/element/f.5952FD13A0E9015951015C7D643014E2.d.A166065718E764DEECBEB9ADB3DDF333.e.4649/elements - {"using":"css selector","value":"td"}
RESULT: {"using":"css selector","value":"td"}
COMMAND: POST /session/7b6bf687a76b2f82f8be10a20d274994/element/f.5952FD13A0E9015951015C7D643014E2.d.A166065718E764DEECBEB9ADB3DDF333.e.4650/elements - {"using":"css selector","value":"td"}
RESULT: {"using":"css selector","value":"td"}
COMMAND: POST /session/7b6bf687a76b2f82f8be10a20d274994/element/f.5952FD13A0E9015951015C7D643014E2.d.A166065718E764DEECBEB9ADB3DDF333.e.4560/elements - {"using":"css selector","value":"td"}
RESULT: {"using":"css selector","value":"td"}
COMMAND: POST /session/7b6bf687a76b2f82f8be10a20d274994/element/f.5952FD13A0E9015951015C7D643014E2.d.A166065718E764DEECBEB9ADB3DDF333.e.4561/elements - {"using":"css selector","value":"td"}
RESULT: {"using":"css selector","value":"td"}
COMMAND: POST /session/7b6bf687a76b2f82f8be10a20d274994/element/f.5952FD13A0E9015951015C7D643014E2.d.A166065718E764DEECBEB9ADB3DDF333.e.4570/elements - {"using":"css selector","value":"td"}
RESULT: {"using":"css selector","value":"td"}
COMMAND: POST /session/7b6bf687a76b2f82f8be10a20d274994/element/f.5952FD13A0E9015951015C7D643014E2.d.A166065718E764DEECBEB9ADB3DDF333.e.4571/elements - {"using":"css selector","value":"td"}
RESULT: {"using":"css selector","value":"td"}
COMMAND: POST /session/7b6bf687a76b2f82f8be10a20d274994/element/f.5952FD13A0E9015951015C7D643014E2.d.A166065718E764DEECBEB9ADB3DDF333.e.4577/elements - {"using":"css selector","value":"td"}
RESULT: {"using":"css selector","value":"td"}
COMMAND: POST /session/7b6bf687a76b2f82f8be10a20d274994/element/f.5952FD13A0E9015951015C7D643014E2.d.A166065718E764DEECBEB9ADB3DDF333.e.4578/elements - {"using":"css selector","value":"td"}
RESULT: {"using":"css selector","value":"td"}
COMMAND: POST /session/7b6bf687a76b2f82f8be10a20d274994/element/f.5952FD13A0E9015951015C7D643014E2.d.A166065718E764DEECBEB9ADB3DDF333.e.4584/elements - {"using":"css selector","value":"td"}
RESULT: {"using":"css selector","value":"td"}
COMMAND: POST /session/7b6bf687a76b2f82f8be10a20d274994/element/f.5952FD13A0E9015951015C7D643014E2.d.A166065718E764DEECBEB9ADB3DDF333.e.4651/elements - {"using":"css selector","value":"td"}
RESULT: {"using":"css selector","value":"td"}
COMMAND: POST /session/7b6bf687a76b2f82f8be10a20d274994/element/f.5952FD13A0E9015951015C7D643014E2.d.A166065718E764DEECBEB9ADB3DDF333.e.4652/elements - {"using":"css selector","value":"td"}
RESULT: {"using":"css selector","value":"td"}
COMMAND: POST /session/7b6bf687a76b2f82f8be10a20d274994/element/f.5952FD13A0E9015951015C7D643014E2.d.A166065718E764DEECBEB9ADB3DDF333.e.4653/elements - {"using":"css selector","value":"td"}
RESULT: {"using":"css selector","value":"td"}
COMMAND: POST /session/7b6bf687a76b2f82f8be10a20d274994/element/f.5952FD13A0E9015951015C7D643014E2.d.A166065718E764DEECBEB9ADB3DDF333.e.4654/elements - {"using":"css selector","value":"td"}
RESULT: {"using":"css selector","value":"td"}
COMMAND: POST /session/7b6bf687a76b2f82f8be10a20d274994/element/f.5952FD13A0E9015951015C7D643014E2.d.A166065718E764DEECBEB9ADB3DDF333.e.4655/elements - {"using":"css selector","value":"td"}
RESULT: {"using":"css selector","value":"td"}
COMMAND: POST /session/7b6bf687a76b2f82f8be10a20d274994/element/f.5952FD13A0E9015951015C7D643014E2.d.A166065718E764DEECBEB9ADB3DDF333.e.4656/elements - {"using":"css selector","value":"td"}
RESULT: {"using":"css selector","value":"td"}
COMMAND: POST /session/7b6bf687a76b2f82f8be10a20d274994/element/f.5952FD13A0E9015951015C7D643014E2.d.A166065718E764DEECBEB9ADB3DDF333.e.4657/elements - {"using":"css selector","value":"td"}
RESULT: {"using":"css selector","value":"td"}
COMMAND: POST /session/7b6bf687a76b2f82f8be10a20d274994/element/f.5952FD13A0E9015951015C7D643014E2.d.A166065718E764DEECBEB9ADB3DDF333.e.4658/elements - {"using":"css selector","value":"td"}
RESULT: {"using":"css selector","value":"td"}
COMMAND: POST /session/7b6bf687a76b2f82f8be10a20d274994/element/f.5952FD13A0E9015951015C7D643014E2.d.A166065718E764DEECBEB9ADB3DDF333.e.4659/elements - {"using":"css selector","value":"td"}
RESULT: {"using":"css selector","value":"td"}
COMMAND: POST /session/7b6bf687a76b2f82f8be10a20d274994/element/f.5952FD13A0E9015951015C7D643014E2.d.A166065718E764DEECBEB9ADB3DDF333.e.4660/elements - {"using":"css selector","value":"td"}
RESULT: {"using":"css selector","value":"td"}
COMMAND: POST /session/7b6bf687a76b2f82f8be10a20d274994/element/f.5952FD13A0E9015951015C7D643014E2.d.A166065718E764DEECBEB9ADB3DDF333.e.4661/elements - {"using":"css selector","value":"td"}
RESULT: {"using":"css selector","value":"td"}
COMMAND: POST /session/7b6bf687a76b2f82f8be10a20d274994/element/f.5952FD13A0E9015951015C7D643014E2.d.A166065718E764DEECBEB9ADB3DDF333.e.4662/elements - {"using":"css selector","value":"td"}
RESULT: {"using":"css selector","value":"td"}
COMMAND: POST /session/7b6bf687a76b2f82f8be10a20d274994/element/f.5952FD13A0E9015951015C7D643014E2.d.A166065718E764DEECBEB9ADB3DDF333.e.4663/elements - {"using":"css selector","value":"td"}
RESULT: {"using":"css selector","value":"td"}
COMMAND: POST /session/7b6bf687a76b2f82f8be10a20d274994/element/f.5952FD13A0E9015951015C7D643014E2.d.A166065718E764DEECBEB9ADB3DDF333.e.4664/elements - {"using":"css selector","value":"td"}
RESULT: {"using":"css selector","value":"td"}
COMMAND: POST /session/7b6bf687a76b2f82f8be10a20d274994/element/f.5952FD13A0E9015951015C7D643014E2.d.A166065718E764DEECBEB9ADB3DDF333.e.4665/elements - {"using":"css selector","value":"td"}
RESULT: {"using":"css selector","value":"td"}
COMMAND: POST /session/7b6bf687a76b2f82f8be10a20d274994/element/f.5952FD13A0E9015951015C7D643014E2.d.A166065718E764DEECBEB9ADB3DDF333.e.4666/elements - {"using":"css selector","value":"td"}
RESULT: {"using":"css selector","value":"td"}
COMMAND: POST /session/7b6bf687a76b2f82f8be10a20d274994/element/f.5952FD13A0E9015951015C7D643014E2.d.A166065718E764DEECBEB9ADB3DDF333.e.4667/elements - {"using":"css selector","value":"td"}
RESULT: {"using":"css selector","value":"td"}
COMMAND: POST /session/7b6bf687a76b2f82f8be10a20d274994/element/f.5952FD13A0E9015951015C7D643014E2.d.A166065718E764DEECBEB9ADB3DDF333.e.4668/elements - {"using":"css selector","value":"td"}
RESULT: {"using":"css selector","value":"td"}
COMMAND: POST /session/7b6bf687a76b2f82f8be10a20d274994/element/f.5952FD13A0E9015951015C7D643014E2.d.A166065718E764DEECBEB9ADB3DDF333.e.4669/elements - {"using":"css selector","value":"td"}
RESULT: {"using":"css selector","value":"td"}
COMMAND: POST /session/7b6bf687a76b2f82f8be10a20d274994/element/f.5952FD13A0E9015951015C7D643014E2.d.A166065718E764DEECBEB9ADB3DDF333.e.4670/elements - {"using":"css selector","value":"td"}
RESULT: {"using":"css selector","value":"td"}
COMMAND: POST /session/7b6bf687a76b2f82f8be10a20d274994/element/f.5952FD13A0E9015951015C7D643014E2.d.A166065718E764DEECBEB9ADB3DDF333.e.4671/elements - {"using":"css selector","value":"td"}
RESULT: {"using":"css selector","value":"td"}
COMMAND: POST /session/7b6bf687a76b2f82f8be10a20d274994/element/f.5952FD13A0E9015951015C7D643014E2.d.A166065718E764DEECBEB9ADB3DDF333.e.4672/elements - {"using":"css selector","value":"td"}
RESULT: {"using":"css selector","value":"td"}
COMMAND: POST /session/7b6bf687a76b2f82f8be10a20d274994/element/f.5952FD13A0E9015951015C7D643014E2.d.A166065718E764DEECBEB9ADB3DDF333.e.4673/elements - {"using":"css selector","value":"td"}
RESULT: {"using":"css selector","value":"td"}
COMMAND: POST /session/7b6bf687a76b2f82f8be10a20d274994/element/f.5952FD13A0E9015951015C7D643014E2.d.A166065718E764DEECBEB9ADB3DDF333.e.4674/elements - {"using":"css selector","value":"td"}
RESULT: {"using":"css selector","value":"td"}
COMMAND: POST /session/7b6bf687a76b2f82f8be10a20d274994/element/f.5952FD13A0E9015951015C7D643014E2.d.A166065718E764DEECBEB9ADB3DDF333.e.4675/elements - {"using":"css selector","value":"td"}
RESULT: {"using":"css selector","value":"td"}
COMMAND: POST /session/7b6bf687a76b2f82f8be10a20d274994/element/f.5952FD13A0E9015951015C7D643014E2.d.A166065718E764DEECBEB9ADB3DDF333.e.4676/elements - {"using":"css selector","value":"td"}
RESULT: {"using":"css selector","value":"td"}
COMMAND: POST /session/7b6bf687a76b2f82f8be10a20d274994/element/f.5952FD13A0E9015951015C7D643014E2.d.A166065718E764DEECBEB9ADB3DDF333.e.4677/elements - {"using":"css selector","value":"td"}
RESULT: {"using":"css selector","value":"td"}
COMMAND: POST /session/7b6bf687a76b2f82f8be10a20d274994/element/f.5952FD13A0E9015951015C7D643014E2.d.A166065718E764DEECBEB9ADB3DDF333.e.4678/elements - {"using":"css selector","value":"td"}
RESULT: {"using":"css selector","value":"td"}
COMMAND: POST /session/7b6bf687a76b2f82f8be10a20d274994/element/f.5952FD13A0E9015951015C7D643014E2.d.A166065718E764DEECBEB9ADB3DDF333.e.4679/elements - {"using":"css selector","value":"td"}
RESULT: {"using":"css selector","value":"td"}
COMMAND: POST /session/7b6bf687a76b2f82f8be10a20d274994/element/f.5952FD13A0E9015951015C7D643014E2.d.A166065718E764DEECBEB9ADB3DDF333.e.4680/elements - {"using":"css selector","value":"td"}
RESULT: {"using":"css selector","value":"td"}
COMMAND: POST /session/7b6bf687a76b2f82f8be10a20d274994/element/f.5952FD13A0E9015951015C7D643014E2.d.A166065718E764DEECBEB9ADB3DDF333.e.4681/elements - {"using":"css selector","value":"td"}
RESULT: {"using":"css selector","value":"td"}
COMMAND: POST /session/7b6bf687a76b2f82f8be10a20d274994/element/f.5952FD13A0E9015951015C7D643014E2.d.A166065718E764DEECBEB9ADB3DDF333.e.4682/elements - {"using":"css selector","value":"td"}
RESULT: {"using":"css selector","value":"td"}
COMMAND: POST /session/7b6bf687a76b2f82f8be10a20d274994/element/f.5952FD13A0E9015951015C7D643014E2.d.A166065718E764DEECBEB9ADB3DDF333.e.4683/elements - {"using":"css selector","value":"td"}
RESULT: {"using":"css selector","value":"td"}
COMMAND: POST /session/7b6bf687a76b2f82f8be10a20d274994/element/f.5952FD13A0E9015951015C7D643014E2.d.A166065718E764DEECBEB9ADB3DDF333.e.4684/elements - {"using":"css selector","value":"td"}
RESULT: {"using":"css selector","value":"td"}
COMMAND: POST /session/7b6bf687a76b2f82f8be10a20d274994/element/f.5952FD13A0E9015951015C7D643014E2.d.A166065718E764DEECBEB9ADB3DDF333.e.4685/elements - {"using":"css selector","value":"td"}
RESULT: {"using":"css selector","value":"td"}
COMMAND: POST /session/7b6bf687a76b2f82f8be10a20d274994/element/f.5952FD13A0E9015951015C7D643014E2.d.A166065718E764DEECBEB9ADB3DDF333.e.4686/elements - {"using":"css selector","value":"td"}
RESULT: {"using":"css selector","value":"td"}
COMMAND: POST /session/7b6bf687a76b2f82f8be10a20d274994/element/f.5952FD13A0E9015951015C7D643014E2.d.A166065718E764DEECBEB9ADB3DDF333.e.4687/elements - {"using":"css selector","value":"td"}
RESULT: {"using":"css selector","value":"td"}
COMMAND: POST /session/7b6bf687a76b2f82f8be10a20d274994/element/f.5952FD13A0E9015951015C7D643014E2.d.A166065718E764DEECBEB9ADB3DDF333.e.4688/elements - {"using":"css selector","value":"td"}
RESULT: {"using":"css selector","value":"td"}
COMMAND: POST /session/7b6bf687a76b2f82f8be10a20d274994/element/f.5952FD13A0E9015951015C7D643014E2.d.A166065718E764DEECBEB9ADB3DDF333.e.4689/elements - {"using":"css selector","value":"td"}
RESULT: {"using":"css selector","value":"td"}
COMMAND: POST /session/7b6bf687a76b2f82f8be10a20d274994/element/f.5952FD13A0E9015951015C7D643014E2.d.A166065718E764DEECBEB9ADB3DDF333.e.4690/elements - {"using":"css selector","value":"td"}
RESULT: {"using":"css selector","value":"td"}
COMMAND: POST /session/7b6bf687a76b2f82f8be10a20d274994/element/f.5952FD13A0E9015951015C7D643014E2.d.A166065718E764DEECBEB9ADB3DDF333.e.4691/elements - {"using":"css selector","value":"td"}
RESULT: {"using":"css selector","value":"td"}
COMMAND: POST /session/7b6bf687a76b2f82f8be10a20d274994/element/f.5952FD13A0E9015951015C7D643014E2.d.A166065718E764DEECBEB9ADB3DDF333.e.4692/elements - {"using":"css selector","value":"td"}
RESULT: {"using":"css selector","value":"td"}
COMMAND: POST /session/7b6bf687a76b2f82f8be10a20d274994/element/f.5952FD13A0E9015951015C7D643014E2.d.A166065718E764DEECBEB9ADB3DDF333.e.4693/elements - {"using":"css selector","value":"td"}
RESULT: {"using":"css selector","value":"td"}
COMMAND: POST /session/7b6bf687a76b2f82f8be10a20d274994/element/f.5952FD13A0E9015951015C7D643014E2.d.A166065718E764DEECBEB9ADB3DDF333.e.4694/elements - {"using":"css selector","value":"td"}
RESULT: {"using":"css selector","value":"td"}
COMMAND: POST /session/7b6bf687a76b2f82f8be10a20d274994/element/f.5952FD13A0E9015951015C7D643014E2.d.A166065718E764DEECBEB9ADB3DDF333.e.4695/elements - {"using":"css selector","value":"td"}
RESULT: {"using":"css selector","value":"td"}
COMMAND: POST /session/7b6bf687a76b2f82f8be10a20d274994/element/f.5952FD13A0E9015951015C7D643014E2.d.A166065718E764DEECBEB9ADB3DDF333.e.4696/elements - {"using":"css selector","value":"td"}
RESULT: {"using":"css selector","value":"td"}
COMMAND: POST /session/7b6bf687a76b2f82f8be10a20d274994/element/f.5952FD13A0E9015951015C7D643014E2.d.A166065718E764DEECBEB9ADB3DDF333.e.4697/elements - {"using":"css selector","value":"td"}
RESULT: {"using":"css selector","value":"td"}
COMMAND: POST /session/7b6bf687a76b2f82f8be10a20d274994/element/f.5952FD13A0E9015951015C7D643014E2.d.A166065718E764DEECBEB9ADB3DDF333.e.4698/elements - {"using":"css selector","value":"td"}
RESULT: {"using":"css selector","value":"td"}
COMMAND: POST /session/7b6bf687a76b2f82f8be10a20d274994/element/f.5952FD13A0E9015951015C7D643014E2.d.A166065718E764DEECBEB9ADB3DDF333.e.4699/elements - {"using":"css selector","value":"td"}
RESULT: {"using":"css selector","value":"td"}
COMMAND: POST /session/7b6bf687a76b2f82f8be10a20d274994/element/f.5952FD13A0E9015951015C7D643014E2.d.A166065718E764DEECBEB9ADB3DDF333.e.4700/elements - {"using":"css selector","value":"td"}
RESULT: {"using":"css selector","value":"td"}
COMMAND: POST /session/7b6bf687a76b2f82f8be10a20d274994/element/f.5952FD13A0E9015951015C7D643014E2.d.A166065718E764DEECBEB9ADB3DDF333.e.4701/elements - {"using":"css selector","value":"td"}
RESULT: {"using":"css selector","value":"td"}
COMMAND: POST /session/7b6bf687a76b2f82f8be10a20d274994/element/f.5952FD13A0E9015951015C7D643014E2.d.A166065718E764DEECBEB9ADB3DDF333.e.4702/elements - {"using":"css selector","value":"td"}
RESULT: {"using":"css selector","value":"td"}
COMMAND: POST /session/7b6bf687a76b2f82f8be10a20d274994/element/f.5952FD13A0E9015951015C7D643014E2.d.A166065718E764DEECBEB9ADB3DDF333.e.4703/elements - {"using":"css selector","value":"td"}
RESULT: {"using":"css selector","value":"td"}
COMMAND: POST /session/7b6bf687a76b2f82f8be10a20d274994/element/f.5952FD13A0E9015951015C7D643014E2.d.A166065718E764DEECBEB9ADB3DDF333.e.4704/elements - {"using":"css selector","value":"td"}
RESULT: {"using":"css selector","value":"td"}
COMMAND: POST /session/7b6bf687a76b2f82f8be10a20d274994/element/f.5952FD13A0E9015951015C7D643014E2.d.A166065718E764DEECBEB9ADB3DDF333.e.4705/elements - {"using":"css selector","value":"td"}
RESULT: {"using":"css selector","value":"td"}
COMMAND: POST /session/7b6bf687a76b2f82f8be10a20d274994/element/f.5952FD13A0E9015951015C7D643014E2.d.A166065718E764DEECBEB9ADB3DDF333.e.4706/elements - {"using":"css selector","value":"td"}
RESULT: {"using":"css selector","value":"td"}
COMMAND: POST /session/7b6bf687a76b2f82f8be10a20d274994/element/f.5952FD13A0E9015951015C7D643014E2.d.A166065718E764DEECBEB9ADB3DDF333.e.4707/elements - {"using":"css selector","value":"td"}
RESULT: {"using":"css selector","value":"td"}
COMMAND: POST /session/7b6bf687a76b2f82f8be10a20d274994/element/f.5952FD13A0E9015951015C7D643014E2.d.A166065718E764DEECBEB9ADB3DDF333.e.4708/elements - {"using":"css selector","value":"td"}
RESULT: {"using":"css selector","value":"td"}
COMMAND: POST /session/7b6bf687a76b2f82f8be10a20d274994/element/f.5952FD13A0E9015951015C7D643014E2.d.A166065718E764DEECBEB9ADB3DDF333.e.4709/elements - {"using":"css selector","value":"td"}
RESULT: {"using":"css selector","value":"td"}
COMMAND: POST /session/7b6bf687a76b2f82f8be10a20d274994/element/f.5952FD13A0E9015951015C7D643014E2.d.A166065718E764DEECBEB9ADB3DDF333.e.4710/elements - {"using":"css selector","value":"td"}
RESULT: {"using":"css selector","value":"td"}
COMMAND: POST /session/7b6bf687a76b2f82f8be10a20d274994/element/f.5952FD13A0E9015951015C7D643014E2.d.A166065718E764DEECBEB9ADB3DDF333.e.4711/elements - {"using":"css selector","value":"td"}
RESULT: {"using":"css selector","value":"td"}
COMMAND: POST /session/7b6bf687a76b2f82f8be10a20d274994/element/f.5952FD13A0E9015951015C7D643014E2.d.A166065718E764DEECBEB9ADB3DDF333.e.4712/elements - {"using":"css selector","value":"td"}
RESULT: {"using":"css selector","value":"td"}
COMMAND: POST /session/7b6bf687a76b2f82f8be10a20d274994/element/f.5952FD13A0E9015951015C7D643014E2.d.A166065718E764DEECBEB9ADB3DDF333.e.4713/elements - {"using":"css selector","value":"td"}
RESULT: {"using":"css selector","value":"td"}
COMMAND: POST /session/7b6bf687a76b2f82f8be10a20d274994/element/f.5952FD13A0E9015951015C7D643014E2.d.A166065718E764DEECBEB9ADB3DDF333.e.4714/elements - {"using":"css selector","value":"td"}
RESULT: {"using":"css selector","value":"td"}
COMMAND: POST /session/7b6bf687a76b2f82f8be10a20d274994/element/f.5952FD13A0E9015951015C7D643014E2.d.A166065718E764DEECBEB9ADB3DDF333.e.4715/elements - {"using":"css selector","value":"td"}
RESULT: {"using":"css selector","value":"td"}
COMMAND: POST /session/7b6bf687a76b2f82f8be10a20d274994/element/f.5952FD13A0E9015951015C7D643014E2.d.A166065718E764DEECBEB9ADB3DDF333.e.4716/elements - {"using":"css selector","value":"td"}
RESULT: {"using":"css selector","value":"td"}
COMMAND: POST /session/7b6bf687a76b2f82f8be10a20d274994/element/f.5952FD13A0E9015951015C7D643014E2.d.A166065718E764DEECBEB9ADB3DDF333.e.4717/elements - {"using":"css selector","value":"td"}
RESULT: {"using":"css selector","value":"td"}
COMMAND: POST /session/7b6bf687a76b2f82f8be10a20d274994/element/f.5952FD13A0E9015951015C7D643014E2.d.A166065718E764DEECBEB9ADB3DDF333.e.4718/elements - {"using":"css selector","value":"td"}
RESULT: {"using":"css selector","value":"td"}
COMMAND: POST /session/7b6bf687a76b2f82f8be10a20d274994/element/f.5952FD13A0E9015951015C7D643014E2.d.A166065718E764DEECBEB9ADB3DDF333.e.4719/elements - {"using":"css selector","value":"td"}
RESULT: {"using":"css selector","value":"td"}
COMMAND: POST /session/7b6bf687a76b2f82f8be10a20d274994/element/f.5952FD13A0E9015951015C7D643014E2.d.A166065718E764DEECBEB9ADB3DDF333.e.4720/elements - {"using":"css selector","value":"td"}
RESULT: {"using":"css selector","value":"td"}
COMMAND: POST /session/7b6bf687a76b2f82f8be10a20d274994/element/f.5952FD13A0E9015951015C7D643014E2.d.A166065718E764DEECBEB9ADB3DDF333.e.4721/elements - {"using":"css selector","value":"td"}
RESULT: {"using":"css selector","value":"td"}
COMMAND: POST /session/7b6bf687a76b2f82f8be10a20d274994/element/f.5952FD13A0E9015951015C7D643014E2.d.A166065718E764DEECBEB9ADB3DDF333.e.4722/elements - {"using":"css selector","value":"td"}
RESULT: {"using":"css selector","value":"td"}
COMMAND: POST /session/7b6bf687a76b2f82f8be10a20d274994/element/f.5952FD13A0E9015951015C7D643014E2.d.A166065718E764DEECBEB9ADB3DDF333.e.4723/elements - {"using":"css selector","value":"td"}
RESULT: {"using":"css selector","value":"td"}
COMMAND: POST /session/7b6bf687a76b2f82f8be10a20d274994/element/f.5952FD13A0E9015951015C7D643014E2.d.A166065718E764DEECBEB9ADB3DDF333.e.4724/elements - {"using":"css selector","value":"td"}
RESULT: {"using":"css selector","value":"td"}
COMMAND: POST /session/7b6bf687a76b2f82f8be10a20d274994/element/f.5952FD13A0E9015951015C7D643014E2.d.A166065718E764DEECBEB9ADB3DDF333.e.4725/elements - {"using":"css selector","value":"td"}
RESULT: {"using":"css selector","value":"td"}
COMMAND: POST /session/7b6bf687a76b2f82f8be10a20d274994/element/f.5952FD13A0E9015951015C7D643014E2.d.A166065718E764DEECBEB9ADB3DDF333.e.4726/elements - {"using":"css selector","value":"td"}
RESULT: {"using":"css selector","value":"td"}
COMMAND: POST /session/7b6bf687a76b2f82f8be10a20d274994/element/f.5952FD13A0E9015951015C7D643014E2.d.A166065718E764DEECBEB9ADB3DDF333.e.4727/elements - {"using":"css selector","value":"td"}
RESULT: {"using":"css selector","value":"td"}
COMMAND: POST /session/7b6bf687a76b2f82f8be10a20d274994/element/f.5952FD13A0E9015951015C7D643014E2.d.A166065718E764DEECBEB9ADB3DDF333.e.4728/elements - {"using":"css selector","value":"td"}
RESULT: {"using":"css selector","value":"td"}
COMMAND: POST /session/7b6bf687a76b2f82f8be10a20d274994/element/f.5952FD13A0E9015951015C7D643014E2.d.A166065718E764DEECBEB9ADB3DDF333.e.4729/elements - {"using":"css selector","value":"td"}
RESULT: {"using":"css selector","value":"td"}
COMMAND: POST /session/7b6bf687a76b2f82f8be10a20d274994/element/f.5952FD13A0E9015951015C7D643014E2.d.A166065718E764DEECBEB9ADB3DDF333.e.4730/elements - {"using":"css selector","value":"td"}
RESULT: {"using":"css selector","value":"td"}
COMMAND: POST /session/7b6bf687a76b2f82f8be10a20d274994/element/f.5952FD13A0E9015951015C7D643014E2.d.A166065718E764DEECBEB9ADB3DDF333.e.4731/elements - {"using":"css selector","value":"td"}
RESULT: {"using":"css selector","value":"td"}
COMMAND: POST /session/7b6bf687a76b2f82f8be10a20d274994/element/f.5952FD13A0E9015951015C7D643014E2.d.A166065718E764DEECBEB9ADB3DDF333.e.4732/elements - {"using":"css selector","value":"td"}
RESULT: {"using":"css selector","value":"td"}
COMMAND: POST /session/7b6bf687a76b2f82f8be10a20d274994/element/f.5952FD13A0E9015951015C7D643014E2.d.A166065718E764DEECBEB9ADB3DDF333.e.4733/elements - {"using":"css selector","value":"td"}
RESULT: {"using":"css selector","value":"td"}
COMMAND: POST /session/7b6bf687a76b2f82f8be10a20d274994/element/f.5952FD13A0E9015951015C7D643014E2.d.A166065718E764DEECBEB9ADB3DDF333.e.4734/elements - {"using":"css selector","value":"td"}
RESULT: {"using":"css selector","value":"td"}
COMMAND: POST /session/7b6bf687a76b2f82f8be10a20d274994/element/f.5952FD13A0E9015951015C7D643014E2.d.A166065718E764DEECBEB9ADB3DDF333.e.4735/elements - {"using":"css selector","value":"td"}
RESULT: {"using":"css selector","value":"td"}
COMMAND: POST /session/7b6bf687a76b2f82f8be10a20d274994/element/f.5952FD13A0E9015951015C7D643014E2.d.A166065718E764DEECBEB9ADB3DDF333.e.4736/elements - {"using":"css selector","value":"td"}
RESULT: {"using":"css selector","value":"td"}
COMMAND: POST /session/7b6bf687a76b2f82f8be10a20d274994/element/f.5952FD13A0E9015951015C7D643014E2.d.A166065718E764DEECBEB9ADB3DDF333.e.4737/elements - {"using":"css selector","value":"td"}
RESULT: {"using":"css selector","value":"td"}
COMMAND: POST /session/7b6bf687a76b2f82f8be10a20d274994/element/f.5952FD13A0E9015951015C7D643014E2.d.A166065718E764DEECBEB9ADB3DDF333.e.4738/elements - {"using":"css selector","value":"td"}
RESULT: {"using":"css selector","value":"td"}
COMMAND: POST /session/7b6bf687a76b2f82f8be10a20d274994/element/f.5952FD13A0E9015951015C7D643014E2.d.A166065718E764DEECBEB9ADB3DDF333.e.4739/elements - {"using":"css selector","value":"td"}
RESULT: {"using":"css selector","value":"td"}
COMMAND: POST /session/7b6bf687a76b2f82f8be10a20d274994/element/f.5952FD13A0E9015951015C7D643014E2.d.A166065718E764DEECBEB9ADB3DDF333.e.4740/elements - {"using":"css selector","value":"td"}
RESULT: {"using":"css selector","value":"td"}
COMMAND: POST /session/7b6bf687a76b2f82f8be10a20d274994/element/f.5952FD13A0E9015951015C7D643014E2.d.A166065718E764DEECBEB9ADB3DDF333.e.4741/elements - {"using":"css selector","value":"td"}
RESULT: {"using":"css selector","value":"td"}
COMMAND: POST /session/7b6bf687a76b2f82f8be10a20d274994/element/f.5952FD13A0E9015951015C7D643014E2.d.A166065718E764DEECBEB9ADB3DDF333.e.4742/elements - {"using":"css selector","value":"td"}
RESULT: {"using":"css selector","value":"td"}
COMMAND: POST /session/7b6bf687a76b2f82f8be10a20d274994/element/f.5952FD13A0E9015951015C7D643014E2.d.A166065718E764DEECBEB9ADB3DDF333.e.4743/elements - {"using":"css selector","value":"td"}
RESULT: {"using":"css selector","value":"td"}
COMMAND: POST /session/7b6bf687a76b2f82f8be10a20d274994/element/f.5952FD13A0E9015951015C7D643014E2.d.A166065718E764DEECBEB9ADB3DDF333.e.4744/elements - {"using":"css selector","value":"td"}
RESULT: {"using":"css selector","value":"td"}
COMMAND: POST /session/7b6bf687a76b2f82f8be10a20d274994/element/f.5952FD13A0E9015951015C7D643014E2.d.A166065718E764DEECBEB9ADB3DDF333.e.4745/elements - {"using":"css selector","value":"td"}
RESULT: {"using":"css selector","value":"td"}
COMMAND: POST /session/7b6bf687a76b2f82f8be10a20d274994/element/f.5952FD13A0E9015951015C7D643014E2.d.A166065718E764DEECBEB9ADB3DDF333.e.4746/elements - {"using":"css selector","value":"td"}
RESULT: {"using":"css selector","value":"td"}
COMMAND: POST /session/7b6bf687a76b2f82f8be10a20d274994/element/f.5952FD13A0E9015951015C7D643014E2.d.A166065718E764DEECBEB9ADB3DDF333.e.4747/elements - {"using":"css selector","value":"td"}
RESULT: {"using":"css selector","value":"td"}
COMMAND: POST /session/7b6bf687a76b2f82f8be10a20d274994/element/f.5952FD13A0E9015951015C7D643014E2.d.A166065718E764DEECBEB9ADB3DDF333.e.4748/elements - {"using":"css selector","value":"td"}
RESULT: {"using":"css selector","value":"td"}
COMMAND: POST /session/7b6bf687a76b2f82f8be10a20d274994/element/f.5952FD13A0E9015951015C7D643014E2.d.A166065718E764DEECBEB9ADB3DDF333.e.4749/elements - {"using":"css selector","value":"td"}
RESULT: {"using":"css selector","value":"td"}
COMMAND: POST /session/7b6bf687a76b2f82f8be10a20d274994/element/f.5952FD13A0E9015951015C7D643014E2.d.A166065718E764DEECBEB9ADB3DDF333.e.4750/elements - {"using":"css selector","value":"td"}
RESULT: {"using":"css selector","value":"td"}
COMMAND: POST /session/7b6bf687a76b2f82f8be10a20d274994/element/f.5952FD13A0E9015951015C7D643014E2.d.A166065718E764DEECBEB9ADB3DDF333.e.4751/elements - {"using":"css selector","value":"td"}
RESULT: {"using":"css selector","value":"td"}
COMMAND: POST /session/7b6bf687a76b2f82f8be10a20d274994/element/f.5952FD13A0E9015951015C7D643014E2.d.A166065718E764DEECBEB9ADB3DDF333.e.4752/elements - {"using":"css selector","value":"td"}
RESULT: {"using":"css selector","value":"td"}
COMMAND: POST /session/7b6bf687a76b2f82f8be10a20d274994/element/f.5952FD13A0E9015951015C7D643014E2.d.A166065718E764DEECBEB9ADB3DDF333.e.4753/elements - {"using":"css selector","value":"td"}
RESULT: {"using":"css selector","value":"td"}
COMMAND: POST /session/7b6bf687a76b2f82f8be10a20d274994/element/f.5952FD13A0E9015951015C7D643014E2.d.A166065718E764DEECBEB9ADB3DDF333.e.4754/elements - {"using":"css selector","value":"td"}
RESULT: {"using":"css selector","value":"td"}
COMMAND: POST /session/7b6bf687a76b2f82f8be10a20d274994/element/f.5952FD13A0E9015951015C7D643014E2.d.A166065718E764DEECBEB9ADB3DDF333.e.4755/elements - {"using":"css selector","value":"td"}
RESULT: {"using":"css selector","value":"td"}
COMMAND: POST /session/7b6bf687a76b2f82f8be10a20d274994/element/f.5952FD13A0E9015951015C7D643014E2.d.A166065718E764DEECBEB9ADB3DDF333.e.4756/elements - {"using":"css selector","value":"td"}
RESULT: {"using":"css selector","value":"td"}
COMMAND: POST /session/7b6bf687a76b2f82f8be10a20d274994/element/f.5952FD13A0E9015951015C7D643014E2.d.A166065718E764DEECBEB9ADB3DDF333.e.4757/elements - {"using":"css selector","value":"td"}
RESULT: {"using":"css selector","value":"td"}
COMMAND: POST /session/7b6bf687a76b2f82f8be10a20d274994/element/f.5952FD13A0E9015951015C7D643014E2.d.A166065718E764DEECBEB9ADB3DDF333.e.4758/elements - {"using":"css selector","value":"td"}
RESULT: {"using":"css selector","value":"td"}
COMMAND: POST /session/7b6bf687a76b2f82f8be10a20d274994/element/f.5952FD13A0E9015951015C7D643014E2.d.A166065718E764DEECBEB9ADB3DDF333.e.4759/elements - {"using":"css selector","value":"td"}
RESULT: {"using":"css selector","value":"td"}
COMMAND: POST /session/7b6bf687a76b2f82f8be10a20d274994/element/f.5952FD13A0E9015951015C7D643014E2.d.A166065718E764DEECBEB9ADB3DDF333.e.4760/elements - {"using":"css selector","value":"td"}
RESULT: {"using":"css selector","value":"td"}
COMMAND: POST /session/7b6bf687a76b2f82f8be10a20d274994/element/f.5952FD13A0E9015951015C7D643014E2.d.A166065718E764DEECBEB9ADB3DDF333.e.4761/elements - {"using":"css selector","value":"td"}
RESULT: {"using":"css selector","value":"td"}
COMMAND: POST /session/7b6bf687a76b2f82f8be10a20d274994/element/f.5952FD13A0E9015951015C7D643014E2.d.A166065718E764DEECBEB9ADB3DDF333.e.4762/elements - {"using":"css selector","value":"td"}
RESULT: {"using":"css selector","value":"td"}
COMMAND: POST /session/7b6bf687a76b2f82f8be10a20d274994/element/f.5952FD13A0E9015951015C7D643014E2.d.A166065718E764DEECBEB9ADB3DDF333.e.4763/elements - {"using":"css selector","value":"td"}
RESULT: {"using":"css selector","value":"td"}
COMMAND: POST /session/7b6bf687a76b2f82f8be10a20d274994/element/f.5952FD13A0E9015951015C7D643014E2.d.A166065718E764DEECBEB9ADB3DDF333.e.4764/elements - {"using":"css selector","value":"td"}
RESULT: {"using":"css selector","value":"td"}
COMMAND: POST /session/7b6bf687a76b2f82f8be10a20d274994/element/f.5952FD13A0E9015951015C7D643014E2.d.A166065718E764DEECBEB9ADB3DDF333.e.4765/elements - {"using":"css selector","value":"td"}
RESULT: {"using":"css selector","value":"td"}
COMMAND: POST /session/7b6bf687a76b2f82f8be10a20d274994/element/f.5952FD13A0E9015951015C7D643014E2.d.A166065718E764DEECBEB9ADB3DDF333.e.4766/elements - {"using":"css selector","value":"td"}
RESULT: {"using":"css selector","value":"td"}
COMMAND: POST /session/7b6bf687a76b2f82f8be10a20d274994/element/f.5952FD13A0E9015951015C7D643014E2.d.A166065718E764DEECBEB9ADB3DDF333.e.4767/elements - {"using":"css selector","value":"td"}
RESULT: {"using":"css selector","value":"td"}
COMMAND: POST /session/7b6bf687a76b2f82f8be10a20d274994/element/f.5952FD13A0E9015951015C7D643014E2.d.A166065718E764DEECBEB9ADB3DDF333.e.4768/elements - {"using":"css selector","value":"td"}
RESULT: {"using":"css selector","value":"td"}
COMMAND: POST /session/7b6bf687a76b2f82f8be10a20d274994/element/f.5952FD13A0E9015951015C7D643014E2.d.A166065718E764DEECBEB9ADB3DDF333.e.4769/elements - {"using":"css selector","value":"td"}
RESULT: {"using":"css selector","value":"td"}
COMMAND: POST /session/7b6bf687a76b2f82f8be10a20d274994/element/f.5952FD13A0E9015951015C7D643014E2.d.A166065718E764DEECBEB9ADB3DDF333.e.4770/elements - {"using":"css selector","value":"td"}
RESULT: {"using":"css selector","value":"td"}
COMMAND: POST /session/7b6bf687a76b2f82f8be10a20d274994/element/f.5952FD13A0E9015951015C7D643014E2.d.A166065718E764DEECBEB9ADB3DDF333.e.4771/elements - {"using":"css selector","value":"td"}
RESULT: {"using":"css selector","value":"td"}
COMMAND: POST /session/7b6bf687a76b2f82f8be10a20d274994/element/f.5952FD13A0E9015951015C7D643014E2.d.A166065718E764DEECBEB9ADB3DDF333.e.4772/elements - {"using":"css selector","value":"td"}
RESULT: {"using":"css selector","value":"td"}
COMMAND: POST /session/7b6bf687a76b2f82f8be10a20d274994/element/f.5952FD13A0E9015951015C7D643014E2.d.A166065718E764DEECBEB9ADB3DDF333.e.4773/elements - {"using":"css selector","value":"td"}
RESULT: {"using":"css selector","value":"td"}
COMMAND: POST /session/7b6bf687a76b2f82f8be10a20d274994/element/f.5952FD13A0E9015951015C7D643014E2.d.A166065718E764DEECBEB9ADB3DDF333.e.4774/elements - {"using":"css selector","value":"td"}
RESULT: {"using":"css selector","value":"td"}
COMMAND: POST /session/7b6bf687a76b2f82f8be10a20d274994/element/f.5952FD13A0E9015951015C7D643014E2.d.A166065718E764DEECBEB9ADB3DDF333.e.4775/elements - {"using":"css selector","value":"td"}
RESULT: {"using":"css selector","value":"td"}
COMMAND: POST /session/7b6bf687a76b2f82f8be10a20d274994/element/f.5952FD13A0E9015951015C7D643014E2.d.A166065718E764DEECBEB9ADB3DDF333.e.4776/elements - {"using":"css selector","value":"td"}
RESULT: {"using":"css selector","value":"td"}
COMMAND: POST /session/7b6bf687a76b2f82f8be10a20d274994/element/f.5952FD13A0E9015951015C7D643014E2.d.A166065718E764DEECBEB9ADB3DDF333.e.4777/elements - {"using":"css selector","value":"td"}
RESULT: {"using":"css selector","value":"td"}
COMMAND: POST /session/7b6bf687a76b2f82f8be10a20d274994/element/f.5952FD13A0E9015951015C7D643014E2.d.A166065718E764DEECBEB9ADB3DDF333.e.4778/elements - {"using":"css selector","value":"td"}
RESULT: {"using":"css selector","value":"td"}
COMMAND: POST /session/7b6bf687a76b2f82f8be10a20d274994/element/f.5952FD13A0E9015951015C7D643014E2.d.A166065718E764DEECBEB9ADB3DDF333.e.4779/elements - {"using":"css selector","value":"td"}
RESULT: {"using":"css selector","value":"td"}
COMMAND: POST /session/7b6bf687a76b2f82f8be10a20d274994/element/f.5952FD13A0E9015951015C7D643014E2.d.A166065718E764DEECBEB9ADB3DDF333.e.4780/elements - {"using":"css selector","value":"td"}
RESULT: {"using":"css selector","value":"td"}
COMMAND: POST /session/7b6bf687a76b2f82f8be10a20d274994/element/f.5952FD13A0E9015951015C7D643014E2.d.A166065718E764DEECBEB9ADB3DDF333.e.4781/elements - {"using":"css selector","value":"td"}
RESULT: {"using":"css selector","value":"td"}
COMMAND: POST /session/7b6bf687a76b2f82f8be10a20d274994/element/f.5952FD13A0E9015951015C7D643014E2.d.A166065718E764DEECBEB9ADB3DDF333.e.4782/elements - {"using":"css selector","value":"td"}
RESULT: {"using":"css selector","value":"td"}
COMMAND: POST /session/7b6bf687a76b2f82f8be10a20d274994/element/f.5952FD13A0E9015951015C7D643014E2.d.A166065718E764DEECBEB9ADB3DDF333.e.4783/elements - {"using":"css selector","value":"td"}
RESULT: {"using":"css selector","value":"td"}
COMMAND: POST /session/7b6bf687a76b2f82f8be10a20d274994/element/f.5952FD13A0E9015951015C7D643014E2.d.A166065718E764DEECBEB9ADB3DDF333.e.4784/elements - {"using":"css selector","value":"td"}
RESULT: {"using":"css selector","value":"td"}
COMMAND: POST /session/7b6bf687a76b2f82f8be10a20d274994/element/f.5952FD13A0E9015951015C7D643014E2.d.A166065718E764DEECBEB9ADB3DDF333.e.4785/elements - {"using":"css selector","value":"td"}
RESULT: {"using":"css selector","value":"td"}
COMMAND: POST /session/7b6bf687a76b2f82f8be10a20d274994/element/f.5952FD13A0E9015951015C7D643014E2.d.A166065718E764DEECBEB9ADB3DDF333.e.4786/elements - {"using":"css selector","value":"td"}
RESULT: {"using":"css selector","value":"td"}
COMMAND: POST /session/7b6bf687a76b2f82f8be10a20d274994/element/f.5952FD13A0E9015951015C7D643014E2.d.A166065718E764DEECBEB9ADB3DDF333.e.4787/elements - {"using":"css selector","value":"td"}
RESULT: {"using":"css selector","value":"td"}
COMMAND: POST /session/7b6bf687a76b2f82f8be10a20d274994/element/f.5952FD13A0E9015951015C7D643014E2.d.A166065718E764DEECBEB9ADB3DDF333.e.4788/elements - {"using":"css selector","value":"td"}
RESULT: {"using":"css selector","value":"td"}
COMMAND: POST /session/7b6bf687a76b2f82f8be10a20d274994/element/f.5952FD13A0E9015951015C7D643014E2.d.A166065718E764DEECBEB9ADB3DDF333.e.4789/elements - {"using":"css selector","value":"td"}
RESULT: {"using":"css selector","value":"td"}
COMMAND: POST /session/7b6bf687a76b2f82f8be10a20d274994/element/f.5952FD13A0E9015951015C7D643014E2.d.A166065718E764DEECBEB9ADB3DDF333.e.4790/elements - {"using":"css selector","value":"td"}
RESULT: {"using":"css selector","value":"td"}
COMMAND: POST /session/7b6bf687a76b2f82f8be10a20d274994/element/f.5952FD13A0E9015951015C7D643014E2.d.A166065718E764DEECBEB9ADB3DDF333.e.4791/elements - {"using":"css selector","value":"td"}
RESULT: {"using":"css selector","value":"td"}
COMMAND: POST /session/7b6bf687a76b2f82f8be10a20d274994/element/f.5952FD13A0E9015951015C7D643014E2.d.A166065718E764DEECBEB9ADB3DDF333.e.4792/elements - {"using":"css selector","value":"td"}
RESULT: {"using":"css selector","value":"td"}
COMMAND: POST /session/7b6bf687a76b2f82f8be10a20d274994/element/f.5952FD13A0E9015951015C7D643014E2.d.A166065718E764DEECBEB9ADB3DDF333.e.4793/elements - {"using":"css selector","value":"td"}
RESULT: {"using":"css selector","value":"td"}
COMMAND: POST /session/7b6bf687a76b2f82f8be10a20d274994/element/f.5952FD13A0E9015951015C7D643014E2.d.A166065718E764DEECBEB9ADB3DDF333.e.4794/elements - {"using":"css selector","value":"td"}
RESULT: {"using":"css selector","value":"td"}
COMMAND: POST /session/7b6bf687a76b2f82f8be10a20d274994/element/f.5952FD13A0E9015951015C7D643014E2.d.A166065718E764DEECBEB9ADB3DDF333.e.4795/elements - {"using":"css selector","value":"td"}
RESULT: {"using":"css selector","value":"td"}
COMMAND: POST /session/7b6bf687a76b2f82f8be10a20d274994/element/f.5952FD13A0E9015951015C7D643014E2.d.A166065718E764DEECBEB9ADB3DDF333.e.4796/elements - {"using":"css selector","value":"td"}
RESULT: {"using":"css selector","value":"td"}
COMMAND: POST /session/7b6bf687a76b2f82f8be10a20d274994/element/f.5952FD13A0E9015951015C7D643014E2.d.A166065718E764DEECBEB9ADB3DDF333.e.4797/elements - {"using":"css selector","value":"td"}
RESULT: {"using":"css selector","value":"td"}
COMMAND: POST /session/7b6bf687a76b2f82f8be10a20d274994/element/f.5952FD13A0E9015951015C7D643014E2.d.A166065718E764DEECBEB9ADB3DDF333.e.4798/elements - {"using":"css selector","value":"td"}
RESULT: {"using":"css selector","value":"td"}
COMMAND: POST /session/7b6bf687a76b2f82f8be10a20d274994/element/f.5952FD13A0E9015951015C7D643014E2.d.A166065718E764DEECBEB9ADB3DDF333.e.4799/elements - {"using":"css selector","value":"td"}
RESULT: {"using":"css selector","value":"td"}
COMMAND: POST /session/7b6bf687a76b2f82f8be10a20d274994/element/f.5952FD13A0E9015951015C7D643014E2.d.A166065718E764DEECBEB9ADB3DDF333.e.4800/elements - {"using":"css selector","value":"td"}
RESULT: {"using":"css selector","value":"td"}
COMMAND: POST /session/7b6bf687a76b2f82f8be10a20d274994/element/f.5952FD13A0E9015951015C7D643014E2.d.A166065718E764DEECBEB9ADB3DDF333.e.4801/elements - {"using":"css selector","value":"td"}
RESULT: {"using":"css selector","value":"td"}
COMMAND: POST /session/7b6bf687a76b2f82f8be10a20d274994/element/f.5952FD13A0E9015951015C7D643014E2.d.A166065718E764DEECBEB9ADB3DDF333.e.4802/elements - {"using":"css selector","value":"td"}
RESULT: {"using":"css selector","value":"td"}
COMMAND: POST /session/7b6bf687a76b2f82f8be10a20d274994/element/f.5952FD13A0E9015951015C7D643014E2.d.A166065718E764DEECBEB9ADB3DDF333.e.4803/elements - {"using":"css selector","value":"td"}
RESULT: {"using":"css selector","value":"td"}
COMMAND: POST /session/7b6bf687a76b2f82f8be10a20d274994/element/f.5952FD13A0E9015951015C7D643014E2.d.A166065718E764DEECBEB9ADB3DDF333.e.4804/elements - {"using":"css selector","value":"td"}
RESULT: {"using":"css selector","value":"td"}
COMMAND: POST /session/7b6bf687a76b2f82f8be10a20d274994/element/f.5952FD13A0E9015951015C7D643014E2.d.A166065718E764DEECBEB9ADB3DDF333.e.4805/elements - {"using":"css selector","value":"td"}
RESULT: {"using":"css selector","value":"td"}
COMMAND: POST /session/7b6bf687a76b2f82f8be10a20d274994/element/f.5952FD13A0E9015951015C7D643014E2.d.A166065718E764DEECBEB9ADB3DDF333.e.4806/elements - {"using":"css selector","value":"td"}
RESULT: {"using":"css selector","value":"td"}
COMMAND: POST /session/7b6bf687a76b2f82f8be10a20d274994/element/f.5952FD13A0E9015951015C7D643014E2.d.A166065718E764DEECBEB9ADB3DDF333.e.4807/elements - {"using":"css selector","value":"td"}
RESULT: {"using":"css selector","value":"td"}
COMMAND: POST /session/7b6bf687a76b2f82f8be10a20d274994/element/f.5952FD13A0E9015951015C7D643014E2.d.A166065718E764DEECBEB9ADB3DDF333.e.4808/elements - {"using":"css selector","value":"td"}
RESULT: {"using":"css selector","value":"td"}
COMMAND: POST /session/7b6bf687a76b2f82f8be10a20d274994/element/f.5952FD13A0E9015951015C7D643014E2.d.A166065718E764DEECBEB9ADB3DDF333.e.4809/elements - {"using":"css selector","value":"td"}
RESULT: {"using":"css selector","value":"td"}
COMMAND: POST /session/7b6bf687a76b2f82f8be10a20d274994/element/f.5952FD13A0E9015951015C7D643014E2.d.A166065718E764DEECBEB9ADB3DDF333.e.4810/elements - {"using":"css selector","value":"td"}
RESULT: {"using":"css selector","value":"td"}
COMMAND: POST /session/7b6bf687a76b2f82f8be10a20d274994/element/f.5952FD13A0E9015951015C7D643014E2.d.A166065718E764DEECBEB9ADB3DDF333.e.4811/elements - {"using":"css selector","value":"td"}
RESULT: {"using":"css selector","value":"td"}
COMMAND: POST /session/7b6bf687a76b2f82f8be10a20d274994/element/f.5952FD13A0E9015951015C7D643014E2.d.A166065718E764DEECBEB9ADB3DDF333.e.4812/elements - {"using":"css selector","value":"td"}
RESULT: {"using":"css selector","value":"td"}
COMMAND: POST /session/7b6bf687a76b2f82f8be10a20d274994/element/f.5952FD13A0E9015951015C7D643014E2.d.A166065718E764DEECBEB9ADB3DDF333.e.4813/elements - {"using":"css selector","value":"td"}
RESULT: {"using":"css selector","value":"td"}
COMMAND: POST /session/7b6bf687a76b2f82f8be10a20d274994/element/f.5952FD13A0E9015951015C7D643014E2.d.A166065718E764DEECBEB9ADB3DDF333.e.4814/elements - {"using":"css selector","value":"td"}
RESULT: {"using":"css selector","value":"td"}
COMMAND: POST /session/7b6bf687a76b2f82f8be10a20d274994/element/f.5952FD13A0E9015951015C7D643014E2.d.A166065718E764DEECBEB9ADB3DDF333.e.4815/elements - {"using":"css selector","value":"td"}
RESULT: {"using":"css selector","value":"td"}
COMMAND: POST /session/7b6bf687a76b2f82f8be10a20d274994/element/f.5952FD13A0E9015951015C7D643014E2.d.A166065718E764DEECBEB9ADB3DDF333.e.4816/elements - {"using":"css selector","value":"td"}
RESULT: {"using":"css selector","value":"td"}
COMMAND: POST /session/7b6bf687a76b2f82f8be10a20d274994/element/f.5952FD13A0E9015951015C7D643014E2.d.A166065718E764DEECBEB9ADB3DDF333.e.4817/elements - {"using":"css selector","value":"td"}
RESULT: {"using":"css selector","value":"td"}
COMMAND: POST /session/7b6bf687a76b2f82f8be10a20d274994/element/f.5952FD13A0E9015951015C7D643014E2.d.A166065718E764DEECBEB9ADB3DDF333.e.4818/elements - {"using":"css selector","value":"td"}
RESULT: {"using":"css selector","value":"td"}
COMMAND: POST /session/7b6bf687a76b2f82f8be10a20d274994/element/f.5952FD13A0E9015951015C7D643014E2.d.A166065718E764DEECBEB9ADB3DDF333.e.4819/elements - {"using":"css selector","value":"td"}
RESULT: {"using":"css selector","value":"td"}
COMMAND: POST /session/7b6bf687a76b2f82f8be10a20d274994/element/f.5952FD13A0E9015951015C7D643014E2.d.A166065718E764DEECBEB9ADB3DDF333.e.4820/elements - {"using":"css selector","value":"td"}
RESULT: {"using":"css selector","value":"td"}
COMMAND: POST /session/7b6bf687a76b2f82f8be10a20d274994/element/f.5952FD13A0E9015951015C7D643014E2.d.A166065718E764DEECBEB9ADB3DDF333.e.4821/elements - {"using":"css selector","value":"td"}
RESULT: {"using":"css selector","value":"td"}
COMMAND: POST /session/7b6bf687a76b2f82f8be10a20d274994/element/f.5952FD13A0E9015951015C7D643014E2.d.A166065718E764DEECBEB9ADB3DDF333.e.4822/elements - {"using":"css selector","value":"td"}
RESULT: {"using":"css selector","value":"td"}
COMMAND: POST /session/7b6bf687a76b2f82f8be10a20d274994/element/f.5952FD13A0E9015951015C7D643014E2.d.A166065718E764DEECBEB9ADB3DDF333.e.4823/elements - {"using":"css selector","value":"td"}
RESULT: {"using":"css selector","value":"td"}
COMMAND: POST /session/7b6bf687a76b2f82f8be10a20d274994/element/f.5952FD13A0E9015951015C7D643014E2.d.A166065718E764DEECBEB9ADB3DDF333.e.4824/elements - {"using":"css selector","value":"td"}
RESULT: {"using":"css selector","value":"td"}
COMMAND: POST /session/7b6bf687a76b2f82f8be10a20d274994/element/f.5952FD13A0E9015951015C7D643014E2.d.A166065718E764DEECBEB9ADB3DDF333.e.4825/elements - {"using":"css selector","value":"td"}
RESULT: {"using":"css selector","value":"td"}
COMMAND: POST /session/7b6bf687a76b2f82f8be10a20d274994/element/f.5952FD13A0E9015951015C7D643014E2.d.A166065718E764DEECBEB9ADB3DDF333.e.4826/elements - {"using":"css selector","value":"td"}
RESULT: {"using":"css selector","value":"td"}
COMMAND: POST /session/7b6bf687a76b2f82f8be10a20d274994/element/f.5952FD13A0E9015951015C7D643014E2.d.A166065718E764DEECBEB9ADB3DDF333.e.4827/elements - {"using":"css selector","value":"td"}
RESULT: {"using":"css selector","value":"td"}
COMMAND: POST /session/7b6bf687a76b2f82f8be10a20d274994/element/f.5952FD13A0E9015951015C7D643014E2.d.A166065718E764DEECBEB9ADB3DDF333.e.4828/elements - {"using":"css selector","value":"td"}
RESULT: {"using":"css selector","value":"td"}
COMMAND: POST /session/7b6bf687a76b2f82f8be10a20d274994/element/f.5952FD13A0E9015951015C7D643014E2.d.A166065718E764DEECBEB9ADB3DDF333.e.4829/elements - {"using":"css selector","value":"td"}
RESULT: {"using":"css selector","value":"td"}
COMMAND: POST /session/7b6bf687a76b2f82f8be10a20d274994/element/f.5952FD13A0E9015951015C7D643014E2.d.A166065718E764DEECBEB9ADB3DDF333.e.4830/elements - {"using":"css selector","value":"td"}
RESULT: {"using":"css selector","value":"td"}
COMMAND: POST /session/7b6bf687a76b2f82f8be10a20d274994/element/f.5952FD13A0E9015951015C7D643014E2.d.A166065718E764DEECBEB9ADB3DDF333.e.4831/elements - {"using":"css selector","value":"td"}
RESULT: {"using":"css selector","value":"td"}
COMMAND: POST /session/7b6bf687a76b2f82f8be10a20d274994/element/f.5952FD13A0E9015951015C7D643014E2.d.A166065718E764DEECBEB9ADB3DDF333.e.4832/elements - {"using":"css selector","value":"td"}
RESULT: {"using":"css selector","value":"td"}
COMMAND: POST /session/7b6bf687a76b2f82f8be10a20d274994/element/f.5952FD13A0E9015951015C7D643014E2.d.A166065718E764DEECBEB9ADB3DDF333.e.4833/elements - {"using":"css selector","value":"td"}
RESULT: {"using":"css selector","value":"td"}
COMMAND: POST /session/7b6bf687a76b2f82f8be10a20d274994/element/f.5952FD13A0E9015951015C7D643014E2.d.A166065718E764DEECBEB9ADB3DDF333.e.4834/elements - {"using":"css selector","value":"td"}
RESULT: {"using":"css selector","value":"td"}
COMMAND: POST /session/7b6bf687a76b2f82f8be10a20d274994/element/f.5952FD13A0E9015951015C7D643014E2.d.A166065718E764DEECBEB9ADB3DDF333.e.4835/elements - {"using":"css selector","value":"td"}
RESULT: {"using":"css selector","value":"td"}
COMMAND: POST /session/7b6bf687a76b2f82f8be10a20d274994/element/f.5952FD13A0E9015951015C7D643014E2.d.A166065718E764DEECBEB9ADB3DDF333.e.4836/elements - {"using":"css selector","value":"td"}
RESULT: {"using":"css selector","value":"td"}
COMMAND: POST /session/7b6bf687a76b2f82f8be10a20d274994/element/f.5952FD13A0E9015951015C7D643014E2.d.A166065718E764DEECBEB9ADB3DDF333.e.4837/elements - {"using":"css selector","value":"td"}
RESULT: {"using":"css selector","value":"td"}
COMMAND: POST /session/7b6bf687a76b2f82f8be10a20d274994/element/f.5952FD13A0E9015951015C7D643014E2.d.A166065718E764DEECBEB9ADB3DDF333.e.4838/elements - {"using":"css selector","value":"td"}
RESULT: {"using":"css selector","value":"td"}
COMMAND: POST /session/7b6bf687a76b2f82f8be10a20d274994/element/f.5952FD13A0E9015951015C7D643014E2.d.A166065718E764DEECBEB9ADB3DDF333.e.4839/elements - {"using":"css selector","value":"td"}
RESULT: {"using":"css selector","value":"td"}
COMMAND: POST /session/7b6bf687a76b2f82f8be10a20d274994/element/f.5952FD13A0E9015951015C7D643014E2.d.A166065718E764DEECBEB9ADB3DDF333.e.4840/elements - {"using":"css selector","value":"td"}
RESULT: {"using":"css selector","value":"td"}
COMMAND: POST /session/7b6bf687a76b2f82f8be10a20d274994/element/f.5952FD13A0E9015951015C7D643014E2.d.A166065718E764DEECBEB9ADB3DDF333.e.4841/elements - {"using":"css selector","value":"td"}
RESULT: {"using":"css selector","value":"td"}
COMMAND: POST /session/7b6bf687a76b2f82f8be10a20d274994/element/f.5952FD13A0E9015951015C7D643014E2.d.A166065718E764DEECBEB9ADB3DDF333.e.4842/elements - {"using":"css selector","value":"td"}
RESULT: {"using":"css selector","value":"td"}
COMMAND: POST /session/7b6bf687a76b2f82f8be10a20d274994/element/f.5952FD13A0E9015951015C7D643014E2.d.A166065718E764DEECBEB9ADB3DDF333.e.4843/elements - {"using":"css selector","value":"td"}
RESULT: {"using":"css selector","value":"td"}
COMMAND: POST /session/7b6bf687a76b2f82f8be10a20d274994/element/f.5952FD13A0E9015951015C7D643014E2.d.A166065718E764DEECBEB9ADB3DDF333.e.5752/elements - {"using":"css selector","value":"td"}
RESULT: {"using":"css selector","value":"td"}
COMMAND: POST /session/7b6bf687a76b2f82f8be10a20d274994/element - {"using":"css selector","value":"#j_username"}
COMMAND: POST /session/7b6bf687a76b2f82f8be10a20d274994/url - {"url":"https://qa-testing-00-live-etm-ui.cfapps.eu10-004.hana.ondemand.com/"}
RESULT: {"url":"https://qa-testing-00-live-etm-ui.cfapps.eu10-004.hana.ondemand.com/"}
RESULT: undefined
COMMAND: GET /session/7b6bf687a76b2f82f8be10a20d274994/screenshot - {}
RESULT: {"using":"css selector","value":"#j_username"}
COMMAND: POST /session/7b6bf687a76b2f82f8be10a20d274994/element - {"using":"css selector","value":"#j_username"}
RESULT: {}
RESULT: {"using":"css selector","value":"#j_username"}
COMMAND: POST /session/7b6bf687a76b2f82f8be10a20d274994/element - {"using":"css selector","value":"#shell-header-logo"}
RESULT: {"using":"css selector","value":"#shell-header-logo"}
COMMAND: POST /session/7b6bf687a76b2f82f8be10a20d274994/execute/sync - {"script":"<script> [8489 bytes]","args":[{"element-6066-11e4-a52e-4f735466cecf":"f.5952FD13A0E9015951015C7D643014E2.d.E62B506EC337FC39D73E1FDCDDB2E417.e.5767","ELEMENT":"f.5952FD13A0E9015951015C7D643014E2.d.E62B506EC337FC39D73E1FDCDDB2E417.e.5767"}]}
RESULT: {"script":"<script> [8489 bytes]","args":[{"element-6066-11e4-a52e-4f735466cecf":"f.5952FD13A0E9015951015C7D643014E2.d.E62B506EC337FC39D73E1FDCDDB2E417.e.5767","ELEMENT":"f.5952FD13A0E9015951015C7D643014E2.d.E62B506EC337FC39D73E1FDCDDB2E417.e.5767"}]}
COMMAND: POST /session/7b6bf687a76b2f82f8be10a20d274994/element - {"using":"css selector","value":"#shell-header-logo"}
COMMAND: GET /session/7b6bf687a76b2f82f8be10a20d274994/screenshot - {}
RESULT: {"using":"css selector","value":"#shell-header-logo"}
COMMAND: POST /session/7b6bf687a76b2f82f8be10a20d274994/execute/sync - {"script":"<script> [8489 bytes]","args":[{"element-6066-11e4-a52e-4f735466cecf":"f.5952FD13A0E9015951015C7D643014E2.d.E62B506EC337FC39D73E1FDCDDB2E417.e.5767","ELEMENT":"f.5952FD13A0E9015951015C7D643014E2.d.E62B506EC337FC39D73E1FDCDDB2E417.e.5767"}]}
RESULT: {}
RESULT: {"script":"<script> [8489 bytes]","args":[{"element-6066-11e4-a52e-4f735466cecf":"f.5952FD13A0E9015951015C7D643014E2.d.E62B506EC337FC39D73E1FDCDDB2E417.e.5767","ELEMENT":"f.5952FD13A0E9015951015C7D643014E2.d.E62B506EC337FC39D73E1FDCDDB2E417.e.5767"}]}
COMMAND: POST /session/7b6bf687a76b2f82f8be10a20d274994/execute/sync - {"script":"<script> [5351 bytes]","args":[{"element-6066-11e4-a52e-4f735466cecf":"f.5952FD13A0E9015951015C7D643014E2.d.E62B506EC337FC39D73E1FDCDDB2E417.e.5767","ELEMENT":"f.5952FD13A0E9015951015C7D643014E2.d.E62B506EC337FC39D73E1FDCDDB2E417.e.5767"}]}
COMMAND: GET /session/7b6bf687a76b2f82f8be10a20d274994/screenshot - {}
RESULT: {"script":"<script> [5351 bytes]","args":[{"element-6066-11e4-a52e-4f735466cecf":"f.5952FD13A0E9015951015C7D643014E2.d.E62B506EC337FC39D73E1FDCDDB2E417.e.5767","ELEMENT":"f.5952FD13A0E9015951015C7D643014E2.d.E62B506EC337FC39D73E1FDCDDB2E417.e.5767"}]}
COMMAND: POST /session/7b6bf687a76b2f82f8be10a20d274994/element - {"using":"css selector","value":"#shell-header-logo"}
COMMAND: GET /session/7b6bf687a76b2f82f8be10a20d274994/screenshot - {}
RESULT: {}
RESULT: {"using":"css selector","value":"#shell-header-logo"}
COMMAND: POST /session/7b6bf687a76b2f82f8be10a20d274994/element/f.5952FD13A0E9015951015C7D643014E2.d.E62B506EC337FC39D73E1FDCDDB2E417.e.5767/click - {}
RESULT: {}
RESULT: {}
COMMAND: GET /session/7b6bf687a76b2f82f8be10a20d274994/screenshot - {}
RESULT: {}
COMMAND: POST /session/7b6bf687a76b2f82f8be10a20d274994/execute/async - {"script":"<script> [189 bytes]","args":[]}
RESULT: {"script":"<script> [189 bytes]","args":[]}
COMMAND: POST /session/7b6bf687a76b2f82f8be10a20d274994/execute/async - {"script":"<script> [123 bytes]","args":[]}
RESULT: {"script":"<script> [123 bytes]","args":[]}
COMMAND: POST /session/7b6bf687a76b2f82f8be10a20d274994/timeouts - {"script":"<number>"}
RESULT: {"script":"<number>"}
COMMAND: GET /session/7b6bf687a76b2f82f8be10a20d274994/timeouts - {}
RESULT: {}
RESULT: undefined
COMMAND: POST /session/7b6bf687a76b2f82f8be10a20d274994/execute/async - {"script":"<script> [2676 bytes]","args":[]}
RESULT: {"script":"<script> [2676 bytes]","args":[]}
COMMAND: POST /session/7b6bf687a76b2f82f8be10a20d274994/execute/async - {"script":"<script> [2342 bytes]","args":[{"protocol":"http","hostname":"0.0.0.0","path":"/","capabilities":{"browserName":"chrome","goog:chromeOptions":{"binary":"C:\\Program Files\\Google\\Chrome\\Application\\chrome.exe","args":["--start-maximized"]}},"logLevel":"warn","connectionRetryTimeout":120000,"connectionRetryCount":3,"logLevels":{},"enableDirectConnect":true,"strictSSL":true,"_":"65 more keys: [\"cacheDir\",\"port\",\"requestedCapabilities\",\"automationProtocol\",\"baseUrl\",\"waitforInterval\",\"waitforTimeout\",\"onReload\",\"beforeCommand\",\"afterCommand\",\"rootDir\",\"specs\",\"suites\",\"exclude\",\"groupLogsByTestSpec\",\"excludeDriverLogs\",\"bail\",\"framework\",\"reporters\",\"services\",\"maxInstances\",\"maxInstancesPerCapability\",\"injectGlobals\",\"filesToWatch\",\"execArgv\",\"runnerEnv\",\"runner\",\"shard\",\"specFileRetries\",\"specFileRetriesDelay\",\"specFileRetriesDeferred\",\"reporterSyncInterval\",\"reporterSyncTimeout\",\"cucumberFeaturesWithLineNumbers\",\"autoCompileOpts\",\"mochaOpts\",\"jasmineOpts\",\"cucumberOpts\",\"onPrepare\",\"onWorkerStart\",\"onWorkerEnd\",\"before\",\"beforeSession\",\"beforeSuite\",\"beforeHook\",\"beforeTest\",\"afterTest\",\"afterHook\",\"afterSuite\",\"afterSession\",\"after\",\"onComplete\",\"beforeAssertion\",\"afterAssertion\",\"beforeFeature\",\"beforeScenario\",\"beforeStep\",\"afterStep\",\"afterScenario\",\"afterFeature\",\"_\",\"suite\",\"$0\",\"ignoredWorkerServices\",\"wdi5\"]"}]}
RESULT: {"script":"<script> [2342 bytes]","args":[{"protocol":"http","hostname":"0.0.0.0","path":"/","capabilities":{"browserName":"chrome","goog:chromeOptions":{"binary":"C:\\Program Files\\Google\\Chrome\\Application\\chrome.exe","args":["--start-maximized"]}},"logLevel":"warn","connectionRetryTimeout":120000,"connectionRetryCount":3,"logLevels":{},"enableDirectConnect":true,"strictSSL":true,"_":"65 more keys: [\"cacheDir\",\"port\",\"requestedCapabilities\",\"automationProtocol\",\"baseUrl\",\"waitforInterval\",\"waitforTimeout\",\"onReload\",\"beforeCommand\",\"afterCommand\",\"rootDir\",\"specs\",\"suites\",\"exclude\",\"groupLogsByTestSpec\",\"excludeDriverLogs\",\"bail\",\"framework\",\"reporters\",\"services\",\"maxInstances\",\"maxInstancesPerCapability\",\"injectGlobals\",\"filesToWatch\",\"execArgv\",\"runnerEnv\",\"runner\",\"shard\",\"specFileRetries\",\"specFileRetriesDelay\",\"specFileRetriesDeferred\",\"reporterSyncInterval\",\"reporterSyncTimeout\",\"cucumberFeaturesWithLineNumbers\",\"autoCompileOpts\",\"mochaOpts\",\"jasmineOpts\",\"cucumberOpts\",\"onPrepare\",\"onWorkerStart\",\"onWorkerEnd\",\"before\",\"beforeSession\",\"beforeSuite\",\"beforeHook\",\"beforeTest\",\"afterTest\",\"afterHook\",\"afterSuite\",\"afterSession\",\"after\",\"onComplete\",\"beforeAssertion\",\"afterAssertion\",\"beforeFeature\",\"beforeScenario\",\"beforeStep\",\"afterStep\",\"afterScenario\",\"afterFeature\",\"_\",\"suite\",\"$0\",\"ignoredWorkerServices\",\"wdi5\"]"}]}
COMMAND: POST /session/7b6bf687a76b2f82f8be10a20d274994/execute/async - {"script":"<script> [21126 bytes]","args":[35000]}
RESULT: {"script":"<script> [21126 bytes]","args":[35000]}
COMMAND: POST /session/7b6bf687a76b2f82f8be10a20d274994/window/maximize - {}
RESULT: {}
COMMAND: POST /session/7b6bf687a76b2f82f8be10a20d274994/execute/async - {"script":"<script> [1562 bytes]","args":[{"selector":{"id":"shell-header","interaction":{"idSuffix":"icon"}},"wdio_ui5_key":"shellheader"}]}
COMMAND: GET /session/7b6bf687a76b2f82f8be10a20d274994/screenshot - {}
RESULT: {"script":"<script> [1562 bytes]","args":[{"selector":{"id":"shell-header","interaction":{"idSuffix":"icon"}},"wdio_ui5_key":"shellheader"}]}
RESULT: undefined
COMMAND: POST /session/7b6bf687a76b2f82f8be10a20d274994/refresh - {}
RESULT: {}
RESULT: {}
COMMAND: GET /session/7b6bf687a76b2f82f8be10a20d274994/screenshot - {}
RESULT: {}
COMMAND: POST /session/7b6bf687a76b2f82f8be10a20d274994/refresh - {}
RESULT: {}
COMMAND: GET /session/7b6bf687a76b2f82f8be10a20d274994/screenshot - {}
RESULT: {}
COMMAND: POST /session/7b6bf687a76b2f82f8be10a20d274994/window/fullscreen - {}
RESULT: {}
COMMAND: POST /session/7b6bf687a76b2f82f8be10a20d274994/execute/async - {"script":"<script> [189 bytes]","args":[]}
RESULT: {"script":"<script> [189 bytes]","args":[]}
COMMAND: POST /session/7b6bf687a76b2f82f8be10a20d274994/execute/async - {"script":"<script> [123 bytes]","args":[]}
RESULT: {"script":"<script> [123 bytes]","args":[]}
COMMAND: POST /session/7b6bf687a76b2f82f8be10a20d274994/timeouts - {"script":"<number>"}
RESULT: {"script":"<number>"}
COMMAND: GET /session/7b6bf687a76b2f82f8be10a20d274994/timeouts - {}
RESULT: {}
RESULT: undefined
COMMAND: POST /session/7b6bf687a76b2f82f8be10a20d274994/execute/async - {"script":"<script> [2676 bytes]","args":[]}
RESULT: {"script":"<script> [2676 bytes]","args":[]}
COMMAND: POST /session/7b6bf687a76b2f82f8be10a20d274994/execute/async - {"script":"<script> [2342 bytes]","args":[{"protocol":"http","hostname":"0.0.0.0","path":"/","capabilities":{"browserName":"chrome","goog:chromeOptions":{"binary":"C:\\Program Files\\Google\\Chrome\\Application\\chrome.exe","args":["--start-maximized"]}},"logLevel":"warn","connectionRetryTimeout":120000,"connectionRetryCount":3,"logLevels":{},"enableDirectConnect":true,"strictSSL":true,"_":"65 more keys: [\"cacheDir\",\"port\",\"requestedCapabilities\",\"automationProtocol\",\"baseUrl\",\"waitforInterval\",\"waitforTimeout\",\"onReload\",\"beforeCommand\",\"afterCommand\",\"rootDir\",\"specs\",\"suites\",\"exclude\",\"groupLogsByTestSpec\",\"excludeDriverLogs\",\"bail\",\"framework\",\"reporters\",\"services\",\"maxInstances\",\"maxInstancesPerCapability\",\"injectGlobals\",\"filesToWatch\",\"execArgv\",\"runnerEnv\",\"runner\",\"shard\",\"specFileRetries\",\"specFileRetriesDelay\",\"specFileRetriesDeferred\",\"reporterSyncInterval\",\"reporterSyncTimeout\",\"cucumberFeaturesWithLineNumbers\",\"autoCompileOpts\",\"mochaOpts\",\"jasmineOpts\",\"cucumberOpts\",\"onPrepare\",\"onWorkerStart\",\"onWorkerEnd\",\"before\",\"beforeSession\",\"beforeSuite\",\"beforeHook\",\"beforeTest\",\"afterTest\",\"afterHook\",\"afterSuite\",\"afterSession\",\"after\",\"onComplete\",\"beforeAssertion\",\"afterAssertion\",\"beforeFeature\",\"beforeScenario\",\"beforeStep\",\"afterStep\",\"afterScenario\",\"afterFeature\",\"_\",\"suite\",\"$0\",\"ignoredWorkerServices\",\"wdi5\"]"}]}
RESULT: {"script":"<script> [2342 bytes]","args":[{"protocol":"http","hostname":"0.0.0.0","path":"/","capabilities":{"browserName":"chrome","goog:chromeOptions":{"binary":"C:\\Program Files\\Google\\Chrome\\Application\\chrome.exe","args":["--start-maximized"]}},"logLevel":"warn","connectionRetryTimeout":120000,"connectionRetryCount":3,"logLevels":{},"enableDirectConnect":true,"strictSSL":true,"_":"65 more keys: [\"cacheDir\",\"port\",\"requestedCapabilities\",\"automationProtocol\",\"baseUrl\",\"waitforInterval\",\"waitforTimeout\",\"onReload\",\"beforeCommand\",\"afterCommand\",\"rootDir\",\"specs\",\"suites\",\"exclude\",\"groupLogsByTestSpec\",\"excludeDriverLogs\",\"bail\",\"framework\",\"reporters\",\"services\",\"maxInstances\",\"maxInstancesPerCapability\",\"injectGlobals\",\"filesToWatch\",\"execArgv\",\"runnerEnv\",\"runner\",\"shard\",\"specFileRetries\",\"specFileRetriesDelay\",\"specFileRetriesDeferred\",\"reporterSyncInterval\",\"reporterSyncTimeout\",\"cucumberFeaturesWithLineNumbers\",\"autoCompileOpts\",\"mochaOpts\",\"jasmineOpts\",\"cucumberOpts\",\"onPrepare\",\"onWorkerStart\",\"onWorkerEnd\",\"before\",\"beforeSession\",\"beforeSuite\",\"beforeHook\",\"beforeTest\",\"afterTest\",\"afterHook\",\"afterSuite\",\"afterSession\",\"after\",\"onComplete\",\"beforeAssertion\",\"afterAssertion\",\"beforeFeature\",\"beforeScenario\",\"beforeStep\",\"afterStep\",\"afterScenario\",\"afterFeature\",\"_\",\"suite\",\"$0\",\"ignoredWorkerServices\",\"wdi5\"]"}]}
COMMAND: POST /session/7b6bf687a76b2f82f8be10a20d274994/execute/async - {"script":"<script> [21126 bytes]","args":[35000]}
RESULT: {"script":"<script> [21126 bytes]","args":[35000]}
]]></system-out>
    </testcase>
  </testsuite>
  <testsuite timestamp="2025-05-02T17:14:02" time="461.605" tests="9" failures="0" errors="0" skipped="0">
    <properties>
      <property name="specId" value="0" />
      <property name="suiteName" value="US134625 Set up price condition - one time" />
      <property name="capabilities" value="chrome.135_0_7049_96.windows" />
      <property name="file" value="file:///D:/a/1/s/test/specs/BTS/set-up-price-condition-one-time.spec.js" />
    </properties>
    <testcase classname="chrome.135_0_7049_96.windows.US134625_Set_up_price_condition_-_one_time" name="Should create a new yard used for all following tests" time="0.016">
      <system-out><![CDATA[
COMMAND: POST /session/7b6bf687a76b2f82f8be10a20d274994/window/fullscreen - {}
RESULT: {}
]]></system-out>
    </testcase>
    <testcase classname="chrome.135_0_7049_96.windows.US134625_Set_up_price_condition_-_one_time" name="Should create a new partner" time="0.004" />
    <testcase classname="chrome.135_0_7049_96.windows.US134625_Set_up_price_condition_-_one_time" name="Should create a new site used for following tests" time="0.003" />
    <testcase classname="chrome.135_0_7049_96.windows.US134625_Set_up_price_condition_-_one_time" name="Should create a new material for billing type one time" time="128.626">
      <system-out><![CDATA[
COMMAND: POST /session/7b6bf687a76b2f82f8be10a20d274994/execute/async - {"script":"<script> [1562 bytes]","args":[{"selector":{"controlType":"sap.m.GenericTile","properties":{"header":"Manage Resources"}},"wdio_ui5_key":"sapm.GenericTile{\"header\":\"Manage Resources\"}"}]}
RESULT: {"script":"<script> [1562 bytes]","args":[{"selector":{"controlType":"sap.m.GenericTile","properties":{"header":"Manage Resources"}},"wdio_ui5_key":"sapm.GenericTile{\"header\":\"Manage Resources\"}"}]}
RESULT: undefined
COMMAND: POST /session/7b6bf687a76b2f82f8be10a20d274994/element - {"using":"xpath","value":"//*[@id=\"__tile39\"]"}
RESULT: {"using":"xpath","value":"//*[@id=\"__tile39\"]"}
COMMAND: POST /session/7b6bf687a76b2f82f8be10a20d274994/element/f.5952FD13A0E9015951015C7D643014E2.d.71750C5EDD3750E9231AFA16E4A85263.e.5914/click - {}
RESULT: {}
COMMAND: POST /session/7b6bf687a76b2f82f8be10a20d274994/element - {"using":"xpath","value":"//button[@data-kt=\"addNewRUOverflowToolbarButton\"]"}
COMMAND: GET /session/7b6bf687a76b2f82f8be10a20d274994/screenshot - {}
RESULT: {"using":"xpath","value":"//button[@data-kt=\"addNewRUOverflowToolbarButton\"]"}
COMMAND: POST /session/7b6bf687a76b2f82f8be10a20d274994/elements - {"using":"xpath","value":"//button[@data-kt=\"addNewRUOverflowToolbarButton\"]"}
RESULT: {}
RESULT: {"using":"xpath","value":"//button[@data-kt=\"addNewRUOverflowToolbarButton\"]"}
COMMAND: POST /session/7b6bf687a76b2f82f8be10a20d274994/elements - {"using":"xpath","value":"//button[@data-kt=\"addNewRUOverflowToolbarButton\"]"}
RESULT: {"using":"xpath","value":"//button[@data-kt=\"addNewRUOverflowToolbarButton\"]"}
COMMAND: POST /session/7b6bf687a76b2f82f8be10a20d274994/elements - {"using":"xpath","value":"//button[@data-kt=\"addNewRUOverflowToolbarButton\"]"}
RESULT: {"using":"xpath","value":"//button[@data-kt=\"addNewRUOverflowToolbarButton\"]"}
COMMAND: POST /session/7b6bf687a76b2f82f8be10a20d274994/elements - {"using":"xpath","value":"//button[@data-kt=\"addNewRUOverflowToolbarButton\"]"}
RESULT: {"using":"xpath","value":"//button[@data-kt=\"addNewRUOverflowToolbarButton\"]"}
COMMAND: POST /session/7b6bf687a76b2f82f8be10a20d274994/elements - {"using":"xpath","value":"//button[@data-kt=\"addNewRUOverflowToolbarButton\"]"}
RESULT: {"using":"xpath","value":"//button[@data-kt=\"addNewRUOverflowToolbarButton\"]"}
COMMAND: POST /session/7b6bf687a76b2f82f8be10a20d274994/elements - {"using":"xpath","value":"//button[@data-kt=\"addNewRUOverflowToolbarButton\"]"}
RESULT: {"using":"xpath","value":"//button[@data-kt=\"addNewRUOverflowToolbarButton\"]"}
COMMAND: POST /session/7b6bf687a76b2f82f8be10a20d274994/elements - {"using":"xpath","value":"//button[@data-kt=\"addNewRUOverflowToolbarButton\"]"}
RESULT: {"using":"xpath","value":"//button[@data-kt=\"addNewRUOverflowToolbarButton\"]"}
COMMAND: POST /session/7b6bf687a76b2f82f8be10a20d274994/elements - {"using":"xpath","value":"//button[@data-kt=\"addNewRUOverflowToolbarButton\"]"}
RESULT: {"using":"xpath","value":"//button[@data-kt=\"addNewRUOverflowToolbarButton\"]"}
COMMAND: POST /session/7b6bf687a76b2f82f8be10a20d274994/elements - {"using":"xpath","value":"//button[@data-kt=\"addNewRUOverflowToolbarButton\"]"}
RESULT: {"using":"xpath","value":"//button[@data-kt=\"addNewRUOverflowToolbarButton\"]"}
COMMAND: POST /session/7b6bf687a76b2f82f8be10a20d274994/elements - {"using":"xpath","value":"//button[@data-kt=\"addNewRUOverflowToolbarButton\"]"}
RESULT: {"using":"xpath","value":"//button[@data-kt=\"addNewRUOverflowToolbarButton\"]"}
COMMAND: POST /session/7b6bf687a76b2f82f8be10a20d274994/elements - {"using":"xpath","value":"//button[@data-kt=\"addNewRUOverflowToolbarButton\"]"}
RESULT: {"using":"xpath","value":"//button[@data-kt=\"addNewRUOverflowToolbarButton\"]"}
COMMAND: POST /session/7b6bf687a76b2f82f8be10a20d274994/elements - {"using":"xpath","value":"//button[@data-kt=\"addNewRUOverflowToolbarButton\"]"}
RESULT: {"using":"xpath","value":"//button[@data-kt=\"addNewRUOverflowToolbarButton\"]"}
COMMAND: POST /session/7b6bf687a76b2f82f8be10a20d274994/elements - {"using":"xpath","value":"//button[@data-kt=\"addNewRUOverflowToolbarButton\"]"}
RESULT: {"using":"xpath","value":"//button[@data-kt=\"addNewRUOverflowToolbarButton\"]"}
COMMAND: POST /session/7b6bf687a76b2f82f8be10a20d274994/elements - {"using":"xpath","value":"//button[@data-kt=\"addNewRUOverflowToolbarButton\"]"}
RESULT: {"using":"xpath","value":"//button[@data-kt=\"addNewRUOverflowToolbarButton\"]"}
COMMAND: POST /session/7b6bf687a76b2f82f8be10a20d274994/elements - {"using":"xpath","value":"//button[@data-kt=\"addNewRUOverflowToolbarButton\"]"}
RESULT: {"using":"xpath","value":"//button[@data-kt=\"addNewRUOverflowToolbarButton\"]"}
COMMAND: POST /session/7b6bf687a76b2f82f8be10a20d274994/elements - {"using":"xpath","value":"//button[@data-kt=\"addNewRUOverflowToolbarButton\"]"}
RESULT: {"using":"xpath","value":"//button[@data-kt=\"addNewRUOverflowToolbarButton\"]"}
COMMAND: POST /session/7b6bf687a76b2f82f8be10a20d274994/elements - {"using":"xpath","value":"//button[@data-kt=\"addNewRUOverflowToolbarButton\"]"}
RESULT: {"using":"xpath","value":"//button[@data-kt=\"addNewRUOverflowToolbarButton\"]"}
COMMAND: POST /session/7b6bf687a76b2f82f8be10a20d274994/elements - {"using":"xpath","value":"//button[@data-kt=\"addNewRUOverflowToolbarButton\"]"}
RESULT: {"using":"xpath","value":"//button[@data-kt=\"addNewRUOverflowToolbarButton\"]"}
COMMAND: POST /session/7b6bf687a76b2f82f8be10a20d274994/elements - {"using":"xpath","value":"//button[@data-kt=\"addNewRUOverflowToolbarButton\"]"}
RESULT: {"using":"xpath","value":"//button[@data-kt=\"addNewRUOverflowToolbarButton\"]"}
COMMAND: POST /session/7b6bf687a76b2f82f8be10a20d274994/elements - {"using":"xpath","value":"//button[@data-kt=\"addNewRUOverflowToolbarButton\"]"}
RESULT: {"using":"xpath","value":"//button[@data-kt=\"addNewRUOverflowToolbarButton\"]"}
COMMAND: POST /session/7b6bf687a76b2f82f8be10a20d274994/elements - {"using":"xpath","value":"//button[@data-kt=\"addNewRUOverflowToolbarButton\"]"}
RESULT: {"using":"xpath","value":"//button[@data-kt=\"addNewRUOverflowToolbarButton\"]"}
COMMAND: POST /session/7b6bf687a76b2f82f8be10a20d274994/elements - {"using":"xpath","value":"//button[@data-kt=\"addNewRUOverflowToolbarButton\"]"}
RESULT: {"using":"xpath","value":"//button[@data-kt=\"addNewRUOverflowToolbarButton\"]"}
COMMAND: POST /session/7b6bf687a76b2f82f8be10a20d274994/elements - {"using":"xpath","value":"//button[@data-kt=\"addNewRUOverflowToolbarButton\"]"}
RESULT: {"using":"xpath","value":"//button[@data-kt=\"addNewRUOverflowToolbarButton\"]"}
COMMAND: POST /session/7b6bf687a76b2f82f8be10a20d274994/elements - {"using":"xpath","value":"//button[@data-kt=\"addNewRUOverflowToolbarButton\"]"}
RESULT: {"using":"xpath","value":"//button[@data-kt=\"addNewRUOverflowToolbarButton\"]"}
COMMAND: POST /session/7b6bf687a76b2f82f8be10a20d274994/elements - {"using":"xpath","value":"//button[@data-kt=\"addNewRUOverflowToolbarButton\"]"}
RESULT: {"using":"xpath","value":"//button[@data-kt=\"addNewRUOverflowToolbarButton\"]"}
COMMAND: POST /session/7b6bf687a76b2f82f8be10a20d274994/elements - {"using":"xpath","value":"//button[@data-kt=\"addNewRUOverflowToolbarButton\"]"}
RESULT: {"using":"xpath","value":"//button[@data-kt=\"addNewRUOverflowToolbarButton\"]"}
COMMAND: POST /session/7b6bf687a76b2f82f8be10a20d274994/elements - {"using":"xpath","value":"//button[@data-kt=\"addNewRUOverflowToolbarButton\"]"}
RESULT: {"using":"xpath","value":"//button[@data-kt=\"addNewRUOverflowToolbarButton\"]"}
COMMAND: POST /session/7b6bf687a76b2f82f8be10a20d274994/elements - {"using":"xpath","value":"//button[@data-kt=\"addNewRUOverflowToolbarButton\"]"}
RESULT: {"using":"xpath","value":"//button[@data-kt=\"addNewRUOverflowToolbarButton\"]"}
COMMAND: POST /session/7b6bf687a76b2f82f8be10a20d274994/elements - {"using":"xpath","value":"//button[@data-kt=\"addNewRUOverflowToolbarButton\"]"}
RESULT: {"using":"xpath","value":"//button[@data-kt=\"addNewRUOverflowToolbarButton\"]"}
COMMAND: POST /session/7b6bf687a76b2f82f8be10a20d274994/elements - {"using":"xpath","value":"//button[@data-kt=\"addNewRUOverflowToolbarButton\"]"}
RESULT: {"using":"xpath","value":"//button[@data-kt=\"addNewRUOverflowToolbarButton\"]"}
COMMAND: POST /session/7b6bf687a76b2f82f8be10a20d274994/elements - {"using":"xpath","value":"//button[@data-kt=\"addNewRUOverflowToolbarButton\"]"}
RESULT: {"using":"xpath","value":"//button[@data-kt=\"addNewRUOverflowToolbarButton\"]"}
COMMAND: POST /session/7b6bf687a76b2f82f8be10a20d274994/elements - {"using":"xpath","value":"//button[@data-kt=\"addNewRUOverflowToolbarButton\"]"}
RESULT: {"using":"xpath","value":"//button[@data-kt=\"addNewRUOverflowToolbarButton\"]"}
COMMAND: POST /session/7b6bf687a76b2f82f8be10a20d274994/elements - {"using":"xpath","value":"//button[@data-kt=\"addNewRUOverflowToolbarButton\"]"}
RESULT: {"using":"xpath","value":"//button[@data-kt=\"addNewRUOverflowToolbarButton\"]"}
COMMAND: POST /session/7b6bf687a76b2f82f8be10a20d274994/elements - {"using":"xpath","value":"//button[@data-kt=\"addNewRUOverflowToolbarButton\"]"}
RESULT: {"using":"xpath","value":"//button[@data-kt=\"addNewRUOverflowToolbarButton\"]"}
COMMAND: POST /session/7b6bf687a76b2f82f8be10a20d274994/elements - {"using":"xpath","value":"//button[@data-kt=\"addNewRUOverflowToolbarButton\"]"}
RESULT: {"using":"xpath","value":"//button[@data-kt=\"addNewRUOverflowToolbarButton\"]"}
COMMAND: POST /session/7b6bf687a76b2f82f8be10a20d274994/elements - {"using":"xpath","value":"//button[@data-kt=\"addNewRUOverflowToolbarButton\"]"}
RESULT: {"using":"xpath","value":"//button[@data-kt=\"addNewRUOverflowToolbarButton\"]"}
COMMAND: POST /session/7b6bf687a76b2f82f8be10a20d274994/elements - {"using":"xpath","value":"//button[@data-kt=\"addNewRUOverflowToolbarButton\"]"}
RESULT: {"using":"xpath","value":"//button[@data-kt=\"addNewRUOverflowToolbarButton\"]"}
COMMAND: POST /session/7b6bf687a76b2f82f8be10a20d274994/elements - {"using":"xpath","value":"//button[@data-kt=\"addNewRUOverflowToolbarButton\"]"}
RESULT: {"using":"xpath","value":"//button[@data-kt=\"addNewRUOverflowToolbarButton\"]"}
COMMAND: POST /session/7b6bf687a76b2f82f8be10a20d274994/elements - {"using":"xpath","value":"//button[@data-kt=\"addNewRUOverflowToolbarButton\"]"}
RESULT: {"using":"xpath","value":"//button[@data-kt=\"addNewRUOverflowToolbarButton\"]"}
COMMAND: POST /session/7b6bf687a76b2f82f8be10a20d274994/elements - {"using":"xpath","value":"//button[@data-kt=\"addNewRUOverflowToolbarButton\"]"}
RESULT: {"using":"xpath","value":"//button[@data-kt=\"addNewRUOverflowToolbarButton\"]"}
COMMAND: POST /session/7b6bf687a76b2f82f8be10a20d274994/elements - {"using":"xpath","value":"//button[@data-kt=\"addNewRUOverflowToolbarButton\"]"}
RESULT: {"using":"xpath","value":"//button[@data-kt=\"addNewRUOverflowToolbarButton\"]"}
COMMAND: POST /session/7b6bf687a76b2f82f8be10a20d274994/elements - {"using":"xpath","value":"//button[@data-kt=\"addNewRUOverflowToolbarButton\"]"}
RESULT: {"using":"xpath","value":"//button[@data-kt=\"addNewRUOverflowToolbarButton\"]"}
COMMAND: POST /session/7b6bf687a76b2f82f8be10a20d274994/elements - {"using":"xpath","value":"//button[@data-kt=\"addNewRUOverflowToolbarButton\"]"}
RESULT: {"using":"xpath","value":"//button[@data-kt=\"addNewRUOverflowToolbarButton\"]"}
COMMAND: POST /session/7b6bf687a76b2f82f8be10a20d274994/elements - {"using":"xpath","value":"//button[@data-kt=\"addNewRUOverflowToolbarButton\"]"}
RESULT: {"using":"xpath","value":"//button[@data-kt=\"addNewRUOverflowToolbarButton\"]"}
COMMAND: POST /session/7b6bf687a76b2f82f8be10a20d274994/elements - {"using":"xpath","value":"//button[@data-kt=\"addNewRUOverflowToolbarButton\"]"}
RESULT: {"using":"xpath","value":"//button[@data-kt=\"addNewRUOverflowToolbarButton\"]"}
COMMAND: POST /session/7b6bf687a76b2f82f8be10a20d274994/elements - {"using":"xpath","value":"//button[@data-kt=\"addNewRUOverflowToolbarButton\"]"}
RESULT: {"using":"xpath","value":"//button[@data-kt=\"addNewRUOverflowToolbarButton\"]"}
COMMAND: POST /session/7b6bf687a76b2f82f8be10a20d274994/elements - {"using":"xpath","value":"//button[@data-kt=\"addNewRUOverflowToolbarButton\"]"}
RESULT: {"using":"xpath","value":"//button[@data-kt=\"addNewRUOverflowToolbarButton\"]"}
COMMAND: POST /session/7b6bf687a76b2f82f8be10a20d274994/elements - {"using":"xpath","value":"//button[@data-kt=\"addNewRUOverflowToolbarButton\"]"}
RESULT: {"using":"xpath","value":"//button[@data-kt=\"addNewRUOverflowToolbarButton\"]"}
COMMAND: POST /session/7b6bf687a76b2f82f8be10a20d274994/elements - {"using":"xpath","value":"//button[@data-kt=\"addNewRUOverflowToolbarButton\"]"}
RESULT: {"using":"xpath","value":"//button[@data-kt=\"addNewRUOverflowToolbarButton\"]"}
COMMAND: POST /session/7b6bf687a76b2f82f8be10a20d274994/elements - {"using":"xpath","value":"//button[@data-kt=\"addNewRUOverflowToolbarButton\"]"}
RESULT: {"using":"xpath","value":"//button[@data-kt=\"addNewRUOverflowToolbarButton\"]"}
COMMAND: POST /session/7b6bf687a76b2f82f8be10a20d274994/elements - {"using":"xpath","value":"//button[@data-kt=\"addNewRUOverflowToolbarButton\"]"}
RESULT: {"using":"xpath","value":"//button[@data-kt=\"addNewRUOverflowToolbarButton\"]"}
COMMAND: POST /session/7b6bf687a76b2f82f8be10a20d274994/elements - {"using":"xpath","value":"//button[@data-kt=\"addNewRUOverflowToolbarButton\"]"}
RESULT: {"using":"xpath","value":"//button[@data-kt=\"addNewRUOverflowToolbarButton\"]"}
COMMAND: POST /session/7b6bf687a76b2f82f8be10a20d274994/elements - {"using":"xpath","value":"//button[@data-kt=\"addNewRUOverflowToolbarButton\"]"}
RESULT: {"using":"xpath","value":"//button[@data-kt=\"addNewRUOverflowToolbarButton\"]"}
COMMAND: POST /session/7b6bf687a76b2f82f8be10a20d274994/elements - {"using":"xpath","value":"//button[@data-kt=\"addNewRUOverflowToolbarButton\"]"}
RESULT: {"using":"xpath","value":"//button[@data-kt=\"addNewRUOverflowToolbarButton\"]"}
COMMAND: POST /session/7b6bf687a76b2f82f8be10a20d274994/element - {"using":"xpath","value":"//button[@data-kt=\"addNewRUOverflowToolbarButton\"]"}
RESULT: {"using":"xpath","value":"//button[@data-kt=\"addNewRUOverflowToolbarButton\"]"}
COMMAND: POST /session/7b6bf687a76b2f82f8be10a20d274994/execute/sync - {"script":"<script> [8489 bytes]","args":[{"element-6066-11e4-a52e-4f735466cecf":"f.5952FD13A0E9015951015C7D643014E2.d.71750C5EDD3750E9231AFA16E4A85263.e.6057","ELEMENT":"f.5952FD13A0E9015951015C7D643014E2.d.71750C5EDD3750E9231AFA16E4A85263.e.6057"}]}
RESULT: {"script":"<script> [8489 bytes]","args":[{"element-6066-11e4-a52e-4f735466cecf":"f.5952FD13A0E9015951015C7D643014E2.d.71750C5EDD3750E9231AFA16E4A85263.e.6057","ELEMENT":"f.5952FD13A0E9015951015C7D643014E2.d.71750C5EDD3750E9231AFA16E4A85263.e.6057"}]}
COMMAND: GET /session/7b6bf687a76b2f82f8be10a20d274994/element/f.5952FD13A0E9015951015C7D643014E2.d.71750C5EDD3750E9231AFA16E4A85263.e.6057/enabled - {}
COMMAND: GET /session/7b6bf687a76b2f82f8be10a20d274994/screenshot - {}
RESULT: {}
COMMAND: POST /session/7b6bf687a76b2f82f8be10a20d274994/execute/sync - {"script":"<script> [8489 bytes]","args":[{"element-6066-11e4-a52e-4f735466cecf":"f.5952FD13A0E9015951015C7D643014E2.d.71750C5EDD3750E9231AFA16E4A85263.e.6057","ELEMENT":"f.5952FD13A0E9015951015C7D643014E2.d.71750C5EDD3750E9231AFA16E4A85263.e.6057"}]}
COMMAND: GET /session/7b6bf687a76b2f82f8be10a20d274994/screenshot - {}
RESULT: {}
RESULT: {"script":"<script> [8489 bytes]","args":[{"element-6066-11e4-a52e-4f735466cecf":"f.5952FD13A0E9015951015C7D643014E2.d.71750C5EDD3750E9231AFA16E4A85263.e.6057","ELEMENT":"f.5952FD13A0E9015951015C7D643014E2.d.71750C5EDD3750E9231AFA16E4A85263.e.6057"}]}
COMMAND: POST /session/7b6bf687a76b2f82f8be10a20d274994/execute/sync - {"script":"<script> [5351 bytes]","args":[{"element-6066-11e4-a52e-4f735466cecf":"f.5952FD13A0E9015951015C7D643014E2.d.71750C5EDD3750E9231AFA16E4A85263.e.6057","ELEMENT":"f.5952FD13A0E9015951015C7D643014E2.d.71750C5EDD3750E9231AFA16E4A85263.e.6057"}]}
COMMAND: GET /session/7b6bf687a76b2f82f8be10a20d274994/screenshot - {}
RESULT: {}
RESULT: {"script":"<script> [5351 bytes]","args":[{"element-6066-11e4-a52e-4f735466cecf":"f.5952FD13A0E9015951015C7D643014E2.d.71750C5EDD3750E9231AFA16E4A85263.e.6057","ELEMENT":"f.5952FD13A0E9015951015C7D643014E2.d.71750C5EDD3750E9231AFA16E4A85263.e.6057"}]}
COMMAND: POST /session/7b6bf687a76b2f82f8be10a20d274994/element/f.5952FD13A0E9015951015C7D643014E2.d.71750C5EDD3750E9231AFA16E4A85263.e.6057/click - {}
COMMAND: GET /session/7b6bf687a76b2f82f8be10a20d274994/screenshot - {}
RESULT: {}
RESULT: {}
COMMAND: GET /session/7b6bf687a76b2f82f8be10a20d274994/screenshot - {}
COMMAND: POST /session/7b6bf687a76b2f82f8be10a20d274994/execute/async - {"script":"<script> [1562 bytes]","args":[{"selector":{"id":"application-manageresources-display-component---newResourceUnit--TYPE-arrow"},"wdio_ui5_key":"applicationmanageresources-display-component---newResourceUnit--TYPE-arrow"}]}
RESULT: {}
RESULT: {}
RESULT: {"script":"<script> [1562 bytes]","args":[{"selector":{"id":"application-manageresources-display-component---newResourceUnit--TYPE-arrow"},"wdio_ui5_key":"applicationmanageresources-display-component---newResourceUnit--TYPE-arrow"}]}
RESULT: undefined
COMMAND: POST /session/7b6bf687a76b2f82f8be10a20d274994/element - {"using":"xpath","value":"//*[@id=\"application-manageresources-display-component---newResourceUnit--TYPE-arrow\"]"}
RESULT: {"using":"xpath","value":"//*[@id=\"application-manageresources-display-component---newResourceUnit--TYPE-arrow\"]"}
COMMAND: POST /session/7b6bf687a76b2f82f8be10a20d274994/element/f.5952FD13A0E9015951015C7D643014E2.d.71750C5EDD3750E9231AFA16E4A85263.e.6415/click - {}
RESULT: {}
COMMAND: POST /session/7b6bf687a76b2f82f8be10a20d274994/element - {"using":"xpath","value":"//input[@id=\"application-manageresources-display-component---newResourceUnit--TYPE-inner\"]"}
COMMAND: GET /session/7b6bf687a76b2f82f8be10a20d274994/screenshot - {}
RESULT: {"using":"xpath","value":"//input[@id=\"application-manageresources-display-component---newResourceUnit--TYPE-inner\"]"}
COMMAND: POST /session/7b6bf687a76b2f82f8be10a20d274994/element/f.5952FD13A0E9015951015C7D643014E2.d.71750C5EDD3750E9231AFA16E4A85263.e.6411/clear - {}
RESULT: {}
RESULT: {}
COMMAND: POST /session/7b6bf687a76b2f82f8be10a20d274994/element/f.5952FD13A0E9015951015C7D643014E2.d.71750C5EDD3750E9231AFA16E4A85263.e.6411/value - {"text":"Material"}
COMMAND: GET /session/7b6bf687a76b2f82f8be10a20d274994/screenshot - {}
RESULT: {"text":"Material"}
COMMAND: GET /session/7b6bf687a76b2f82f8be10a20d274994/screenshot - {}
RESULT: {}
RESULT: {}
COMMAND: POST /session/7b6bf687a76b2f82f8be10a20d274994/actions - {"actions":[{"id":"action19","type":"key","parameters":{},"actions":[{"type":"keyDown","value":"î€‡"},{"type":"pause","duration":10},{"type":"keyUp","value":"î€‡"}]}]}
RESULT: {"actions":[{"id":"action19","type":"key","parameters":{},"actions":[{"type":"keyDown","value":"î€‡"},{"type":"pause","duration":10},{"type":"keyUp","value":"î€‡"}]}]}
COMMAND: POST /session/7b6bf687a76b2f82f8be10a20d274994/execute/async - {"script":"<script> [1562 bytes]","args":[{"selector":{"id":"application-manageresources-display-component---newResourceUnit--SHORT_TEXT","interaction":{"idSuffix":"inner"}},"wdio_ui5_key":"applicationmanageresources-display-component---newResourceUnit--SHORT_TEXT"}]}
COMMAND: GET /session/7b6bf687a76b2f82f8be10a20d274994/screenshot - {}
RESULT: {"script":"<script> [1562 bytes]","args":[{"selector":{"id":"application-manageresources-display-component---newResourceUnit--SHORT_TEXT","interaction":{"idSuffix":"inner"}},"wdio_ui5_key":"applicationmanageresources-display-component---newResourceUnit--SHORT_TEXT"}]}
RESULT: undefined
COMMAND: POST /session/7b6bf687a76b2f82f8be10a20d274994/execute/async - {"script":"<script> [776 bytes]","args":[{"enterText":"Cement WDIO","selector":{"id":"application-manageresources-display-component---newResourceUnit--SHORT_TEXT","interaction":{"idSuffix":"inner"}},"clearTextFirst":true,"interactionType":"ENTER_TEXT"}]}
RESULT: {}
RESULT: {"script":"<script> [776 bytes]","args":[{"enterText":"Cement WDIO","selector":{"id":"application-manageresources-display-component---newResourceUnit--SHORT_TEXT","interaction":{"idSuffix":"inner"}},"clearTextFirst":true,"interactionType":"ENTER_TEXT"}]}
COMMAND: POST /session/7b6bf687a76b2f82f8be10a20d274994/execute/async - {"script":"<script> [1562 bytes]","args":[{"selector":{"id":"application-manageresources-display-component---newResourceUnit--BASE_UNIT_OF_MEASURE","interaction":{"idSuffix":"inner"}},"wdio_ui5_key":"applicationmanageresources-display-component---newResourceUnit--BASE_UNIT_OF_MEASURE"}]}
RESULT: {"script":"<script> [1562 bytes]","args":[{"selector":{"id":"application-manageresources-display-component---newResourceUnit--BASE_UNIT_OF_MEASURE","interaction":{"idSuffix":"inner"}},"wdio_ui5_key":"applicationmanageresources-display-component---newResourceUnit--BASE_UNIT_OF_MEASURE"}]}
RESULT: undefined
COMMAND: POST /session/7b6bf687a76b2f82f8be10a20d274994/execute/async - {"script":"<script> [776 bytes]","args":[{"enterText":"Piece","selector":{"id":"application-manageresources-display-component---newResourceUnit--BASE_UNIT_OF_MEASURE","interaction":{"idSuffix":"inner"}},"clearTextFirst":true,"interactionType":"ENTER_TEXT"}]}
RESULT: {"script":"<script> [776 bytes]","args":[{"enterText":"Piece","selector":{"id":"application-manageresources-display-component---newResourceUnit--BASE_UNIT_OF_MEASURE","interaction":{"idSuffix":"inner"}},"clearTextFirst":true,"interactionType":"ENTER_TEXT"}]}
COMMAND: POST /session/7b6bf687a76b2f82f8be10a20d274994/execute/async - {"script":"<script> [1562 bytes]","args":[{"selector":{"id":"application-manageresources-display-component---newResourceUnit--WEIGHT_UNIT","interaction":{"idSuffix":"inner"}},"wdio_ui5_key":"applicationmanageresources-display-component---newResourceUnit--WEIGHT_UNIT"}]}
RESULT: {"script":"<script> [1562 bytes]","args":[{"selector":{"id":"application-manageresources-display-component---newResourceUnit--WEIGHT_UNIT","interaction":{"idSuffix":"inner"}},"wdio_ui5_key":"applicationmanageresources-display-component---newResourceUnit--WEIGHT_UNIT"}]}
RESULT: undefined
COMMAND: POST /session/7b6bf687a76b2f82f8be10a20d274994/execute/async - {"script":"<script> [776 bytes]","args":[{"enterText":"Gram","selector":{"id":"application-manageresources-display-component---newResourceUnit--WEIGHT_UNIT","interaction":{"idSuffix":"inner"}},"clearTextFirst":true,"interactionType":"ENTER_TEXT"}]}
RESULT: {"script":"<script> [776 bytes]","args":[{"enterText":"Gram","selector":{"id":"application-manageresources-display-component---newResourceUnit--WEIGHT_UNIT","interaction":{"idSuffix":"inner"}},"clearTextFirst":true,"interactionType":"ENTER_TEXT"}]}
COMMAND: POST /session/7b6bf687a76b2f82f8be10a20d274994/execute/async - {"script":"<script> [1562 bytes]","args":[{"selector":{"id":"application-manageresources-display-component---newResourceUnit--DIMENSION_UNIT","interaction":{"idSuffix":"inner"}},"wdio_ui5_key":"applicationmanageresources-display-component---newResourceUnit--DIMENSION_UNIT"}]}
RESULT: {"script":"<script> [1562 bytes]","args":[{"selector":{"id":"application-manageresources-display-component---newResourceUnit--DIMENSION_UNIT","interaction":{"idSuffix":"inner"}},"wdio_ui5_key":"applicationmanageresources-display-component---newResourceUnit--DIMENSION_UNIT"}]}
RESULT: undefined
COMMAND: POST /session/7b6bf687a76b2f82f8be10a20d274994/execute/async - {"script":"<script> [776 bytes]","args":[{"enterText":"Meter","selector":{"id":"application-manageresources-display-component---newResourceUnit--DIMENSION_UNIT","interaction":{"idSuffix":"inner"}},"clearTextFirst":true,"interactionType":"ENTER_TEXT"}]}
RESULT: {"script":"<script> [776 bytes]","args":[{"enterText":"Meter","selector":{"id":"application-manageresources-display-component---newResourceUnit--DIMENSION_UNIT","interaction":{"idSuffix":"inner"}},"clearTextFirst":true,"interactionType":"ENTER_TEXT"}]}
COMMAND: POST /session/7b6bf687a76b2f82f8be10a20d274994/execute/async - {"script":"<script> [1562 bytes]","args":[{"selector":{"id":"application-manageresources-display-component---newResourceUnit--newRRUPage-anchBar-application-manageresources-display-component---newResourceUnit--control-anchor","interaction":{"idSuffix":"BDI-content"}},"wdio_ui5_key":"applicationmanageresources-display-component---newResourceUnit--newRRUPage-anchBar-application-manageresources-display-component---newResourceUnit--control-anchor"}]}
RESULT: {"script":"<script> [1562 bytes]","args":[{"selector":{"id":"application-manageresources-display-component---newResourceUnit--newRRUPage-anchBar-application-manageresources-display-component---newResourceUnit--control-anchor","interaction":{"idSuffix":"BDI-content"}},"wdio_ui5_key":"applicationmanageresources-display-component---newResourceUnit--newRRUPage-anchBar-application-manageresources-display-component---newResourceUnit--control-anchor"}]}
RESULT: undefined
COMMAND: POST /session/7b6bf687a76b2f82f8be10a20d274994/element - {"using":"xpath","value":"//*[@id=\"application-manageresources-display-component---newResourceUnit--newRRUPage-anchBar-application-manageresources-display-component---newResourceUnit--control-anchor\"]"}
RESULT: {"using":"xpath","value":"//*[@id=\"application-manageresources-display-component---newResourceUnit--newRRUPage-anchBar-application-manageresources-display-component---newResourceUnit--control-anchor\"]"}
COMMAND: POST /session/7b6bf687a76b2f82f8be10a20d274994/element/f.5952FD13A0E9015951015C7D643014E2.d.71750C5EDD3750E9231AFA16E4A85263.e.6483/click - {}
RESULT: {}
COMMAND: POST /session/7b6bf687a76b2f82f8be10a20d274994/execute/async - {"script":"<script> [1562 bytes]","args":[{"selector":{"id":"application-manageresources-display-component---newResourceUnit--PLANNING_GROUP","interaction":{"idSuffix":"inner"}},"wdio_ui5_key":"applicationmanageresources-display-component---newResourceUnit--PLANNING_GROUP"}]}
COMMAND: GET /session/7b6bf687a76b2f82f8be10a20d274994/screenshot - {}
RESULT: {"script":"<script> [1562 bytes]","args":[{"selector":{"id":"application-manageresources-display-component---newResourceUnit--PLANNING_GROUP","interaction":{"idSuffix":"inner"}},"wdio_ui5_key":"applicationmanageresources-display-component---newResourceUnit--PLANNING_GROUP"}]}
RESULT: undefined
COMMAND: POST /session/7b6bf687a76b2f82f8be10a20d274994/execute/async - {"script":"<script> [776 bytes]","args":[{"enterText":"Material","selector":{"id":"application-manageresources-display-component---newResourceUnit--PLANNING_GROUP","interaction":{"idSuffix":"inner"}},"clearTextFirst":true,"interactionType":"ENTER_TEXT"}]}
RESULT: {}
RESULT: {"script":"<script> [776 bytes]","args":[{"enterText":"Material","selector":{"id":"application-manageresources-display-component---newResourceUnit--PLANNING_GROUP","interaction":{"idSuffix":"inner"}},"clearTextFirst":true,"interactionType":"ENTER_TEXT"}]}
COMMAND: POST /session/7b6bf687a76b2f82f8be10a20d274994/execute/async - {"script":"<script> [1562 bytes]","args":[{"selector":{"id":"application-manageresources-display-component---newResourceUnit--PLANNING_INDICATOR","interaction":{"idSuffix":"inner"}},"wdio_ui5_key":"applicationmanageresources-display-component---newResourceUnit--PLANNING_INDICATOR"}]}
RESULT: {"script":"<script> [1562 bytes]","args":[{"selector":{"id":"application-manageresources-display-component---newResourceUnit--PLANNING_INDICATOR","interaction":{"idSuffix":"inner"}},"wdio_ui5_key":"applicationmanageresources-display-component---newResourceUnit--PLANNING_INDICATOR"}]}
RESULT: undefined
COMMAND: POST /session/7b6bf687a76b2f82f8be10a20d274994/execute/async - {"script":"<script> [776 bytes]","args":[{"enterText":"10 - infinite","selector":{"id":"application-manageresources-display-component---newResourceUnit--PLANNING_INDICATOR","interaction":{"idSuffix":"inner"}},"clearTextFirst":true,"interactionType":"ENTER_TEXT"}]}
RESULT: {"script":"<script> [776 bytes]","args":[{"enterText":"10 - infinite","selector":{"id":"application-manageresources-display-component---newResourceUnit--PLANNING_INDICATOR","interaction":{"idSuffix":"inner"}},"clearTextFirst":true,"interactionType":"ENTER_TEXT"}]}
COMMAND: POST /session/7b6bf687a76b2f82f8be10a20d274994/element - {"using":"css selector","value":"#application-manageresources-display-component---newResourceUnit--btnAddTimeSegment"}
RESULT: {"using":"css selector","value":"#application-manageresources-display-component---newResourceUnit--btnAddTimeSegment"}
COMMAND: GET /session/7b6bf687a76b2f82f8be10a20d274994/element/f.5952FD13A0E9015951015C7D643014E2.d.71750C5EDD3750E9231AFA16E4A85263.e.6492/rect - {}
RESULT: {}
COMMAND: GET /session/7b6bf687a76b2f82f8be10a20d274994/window/rect - {}
RESULT: {}
COMMAND: POST /session/7b6bf687a76b2f82f8be10a20d274994/execute/sync - {"script":"<script> [92 bytes]","args":[]}
RESULT: {"script":"<script> [92 bytes]","args":[]}
COMMAND: POST /session/7b6bf687a76b2f82f8be10a20d274994/actions - {"actions":[{"id":"action20","type":"wheel","parameters":{},"actions":[{"type":"scroll","x":-1888,"y":-32,"deltaX":0,"deltaY":0,"duration":0,"origin":{"element-6066-11e4-a52e-4f735466cecf":"f.5952FD13A0E9015951015C7D643014E2.d.71750C5EDD3750E9231AFA16E4A85263.e.6492"}}]}]}
COMMAND: GET /session/7b6bf687a76b2f82f8be10a20d274994/screenshot - {}
RESULT: {}
COMMAND: POST /session/7b6bf687a76b2f82f8be10a20d274994/execute/sync - {"script":"<script> [79 bytes]","args":[{"element-6066-11e4-a52e-4f735466cecf":"f.5952FD13A0E9015951015C7D643014E2.d.71750C5EDD3750E9231AFA16E4A85263.e.6492","ELEMENT":"f.5952FD13A0E9015951015C7D643014E2.d.71750C5EDD3750E9231AFA16E4A85263.e.6492"},{"block":"start","inline":"nearest"}]}
RESULT: {"script":"<script> [79 bytes]","args":[{"element-6066-11e4-a52e-4f735466cecf":"f.5952FD13A0E9015951015C7D643014E2.d.71750C5EDD3750E9231AFA16E4A85263.e.6492","ELEMENT":"f.5952FD13A0E9015951015C7D643014E2.d.71750C5EDD3750E9231AFA16E4A85263.e.6492"},{"block":"start","inline":"nearest"}]}
COMMAND: POST /session/7b6bf687a76b2f82f8be10a20d274994/execute/async - {"script":"<script> [1562 bytes]","args":[{"selector":{"id":"application-manageresources-display-component---newResourceUnit--btnAddTimeSegment","interaction":{"idSuffix":"inner"}},"wdio_ui5_key":"applicationmanageresources-display-component---newResourceUnit--btnAddTimeSegment"}]}
COMMAND: GET /session/7b6bf687a76b2f82f8be10a20d274994/screenshot - {}
RESULT: {"script":"<script> [1562 bytes]","args":[{"selector":{"id":"application-manageresources-display-component---newResourceUnit--btnAddTimeSegment","interaction":{"idSuffix":"inner"}},"wdio_ui5_key":"applicationmanageresources-display-component---newResourceUnit--btnAddTimeSegment"}]}
RESULT: undefined
COMMAND: POST /session/7b6bf687a76b2f82f8be10a20d274994/element - {"using":"xpath","value":"//*[@id=\"application-manageresources-display-component---newResourceUnit--btnAddTimeSegment\"]"}
RESULT: {}
RESULT: {"using":"xpath","value":"//*[@id=\"application-manageresources-display-component---newResourceUnit--btnAddTimeSegment\"]"}
COMMAND: POST /session/7b6bf687a76b2f82f8be10a20d274994/element/f.5952FD13A0E9015951015C7D643014E2.d.71750C5EDD3750E9231AFA16E4A85263.e.6492/click - {}
RESULT: {}
COMMAND: GET /session/7b6bf687a76b2f82f8be10a20d274994/screenshot - {}
RESULT: {}
COMMAND: POST /session/7b6bf687a76b2f82f8be10a20d274994/element - {"using":"xpath","value":"//input[@id=\"application-manageresources-display-component---newResourceUnit--idRuTSAdmin-application-manageresources-display-component---newResourceUnit--RUTimeSegment-0-inner\"]"}
RESULT: {"using":"xpath","value":"//input[@id=\"application-manageresources-display-component---newResourceUnit--idRuTSAdmin-application-manageresources-display-component---newResourceUnit--RUTimeSegment-0-inner\"]"}
COMMAND: POST /session/7b6bf687a76b2f82f8be10a20d274994/element/f.5952FD13A0E9015951015C7D643014E2.d.71750C5EDD3750E9231AFA16E4A85263.e.6497/clear - {}
RESULT: {}
COMMAND: POST /session/7b6bf687a76b2f82f8be10a20d274994/element/f.5952FD13A0E9015951015C7D643014E2.d.71750C5EDD3750E9231AFA16E4A85263.e.6497/value - {"text":"509"}
COMMAND: GET /session/7b6bf687a76b2f82f8be10a20d274994/screenshot - {}
RESULT: {"text":"509"}
COMMAND: GET /session/7b6bf687a76b2f82f8be10a20d274994/screenshot - {}
RESULT: {}
RESULT: {}
COMMAND: POST /session/7b6bf687a76b2f82f8be10a20d274994/element - {"using":"xpath","value":"//li[.//span[text()='509']]"}
RESULT: {"using":"xpath","value":"//li[.//span[text()='509']]"}
COMMAND: POST /session/7b6bf687a76b2f82f8be10a20d274994/element/f.5952FD13A0E9015951015C7D643014E2.d.71750C5EDD3750E9231AFA16E4A85263.e.6506/click - {}
RESULT: {}
COMMAND: GET /session/7b6bf687a76b2f82f8be10a20d274994/screenshot - {}
RESULT: {}
COMMAND: POST /session/7b6bf687a76b2f82f8be10a20d274994/element - {"using":"xpath","value":"(//span[contains(@id, \"-application-manageresources-display-component---newResourceUnit--RUTimeSegment-0-arrow\")])[2]"}
RESULT: {"using":"xpath","value":"(//span[contains(@id, \"-application-manageresources-display-component---newResourceUnit--RUTimeSegment-0-arrow\")])[2]"}
COMMAND: POST /session/7b6bf687a76b2f82f8be10a20d274994/element/f.5952FD13A0E9015951015C7D643014E2.d.71750C5EDD3750E9231AFA16E4A85263.e.6507/click - {}
RESULT: {}
COMMAND: POST /session/7b6bf687a76b2f82f8be10a20d274994/element - {"using":"xpath","value":"//span[contains(text(), \"PM Order\")]"}
COMMAND: GET /session/7b6bf687a76b2f82f8be10a20d274994/screenshot - {}
RESULT: {"using":"xpath","value":"//span[contains(text(), \"PM Order\")]"}
COMMAND: POST /session/7b6bf687a76b2f82f8be10a20d274994/element/f.5952FD13A0E9015951015C7D643014E2.d.71750C5EDD3750E9231AFA16E4A85263.e.6508/click - {}
RESULT: {}
RESULT: {}
COMMAND: GET /session/7b6bf687a76b2f82f8be10a20d274994/screenshot - {}
RESULT: {}
COMMAND: POST /session/7b6bf687a76b2f82f8be10a20d274994/element - {"using":"xpath","value":"//td/div/div/div/span[contains(@id, \"newResourceUnit--RUTimeSegment-0-vhi\")][1]"}
RESULT: {"using":"xpath","value":"//td/div/div/div/span[contains(@id, \"newResourceUnit--RUTimeSegment-0-vhi\")][1]"}
COMMAND: GET /session/7b6bf687a76b2f82f8be10a20d274994/element/f.5952FD13A0E9015951015C7D643014E2.d.71750C5EDD3750E9231AFA16E4A85263.e.6512/rect - {}
RESULT: {}
COMMAND: GET /session/7b6bf687a76b2f82f8be10a20d274994/window/rect - {}
RESULT: {}
COMMAND: POST /session/7b6bf687a76b2f82f8be10a20d274994/execute/sync - {"script":"<script> [92 bytes]","args":[]}
RESULT: {"script":"<script> [92 bytes]","args":[]}
COMMAND: POST /session/7b6bf687a76b2f82f8be10a20d274994/actions - {"actions":[{"id":"action21","type":"wheel","parameters":{},"actions":[{"type":"scroll","x":-1888,"y":-24,"deltaX":0,"deltaY":0,"duration":0,"origin":{"element-6066-11e4-a52e-4f735466cecf":"f.5952FD13A0E9015951015C7D643014E2.d.71750C5EDD3750E9231AFA16E4A85263.e.6512"}}]}]}
COMMAND: GET /session/7b6bf687a76b2f82f8be10a20d274994/screenshot - {}
RESULT: {}
COMMAND: POST /session/7b6bf687a76b2f82f8be10a20d274994/execute/sync - {"script":"<script> [79 bytes]","args":[{"element-6066-11e4-a52e-4f735466cecf":"f.5952FD13A0E9015951015C7D643014E2.d.71750C5EDD3750E9231AFA16E4A85263.e.6512","ELEMENT":"f.5952FD13A0E9015951015C7D643014E2.d.71750C5EDD3750E9231AFA16E4A85263.e.6512"},{"block":"start","inline":"nearest"}]}
RESULT: {"script":"<script> [79 bytes]","args":[{"element-6066-11e4-a52e-4f735466cecf":"f.5952FD13A0E9015951015C7D643014E2.d.71750C5EDD3750E9231AFA16E4A85263.e.6512","ELEMENT":"f.5952FD13A0E9015951015C7D643014E2.d.71750C5EDD3750E9231AFA16E4A85263.e.6512"},{"block":"start","inline":"nearest"}]}
COMMAND: GET /session/7b6bf687a76b2f82f8be10a20d274994/screenshot - {}
RESULT: {}
COMMAND: POST /session/7b6bf687a76b2f82f8be10a20d274994/element/f.5952FD13A0E9015951015C7D643014E2.d.71750C5EDD3750E9231AFA16E4A85263.e.6512/click - {}
RESULT: {}
COMMAND: GET /session/7b6bf687a76b2f82f8be10a20d274994/screenshot - {}
RESULT: {}
COMMAND: POST /session/7b6bf687a76b2f82f8be10a20d274994/execute/async - {"script":"<script> [1562 bytes]","args":[{"selector":{"controlType":"sap.m.SearchField","properties":{"placeholder":"Search"},"searchOpenDialogs":true,"interaction":{"idSuffix":"I"}},"wdio_ui5_key":"sapm.SearchField{\"placeholder\":\"Search\"}"}]}
RESULT: {"script":"<script> [1562 bytes]","args":[{"selector":{"controlType":"sap.m.SearchField","properties":{"placeholder":"Search"},"searchOpenDialogs":true,"interaction":{"idSuffix":"I"}},"wdio_ui5_key":"sapm.SearchField{\"placeholder\":\"Search\"}"}]}
RESULT: undefined
COMMAND: POST /session/7b6bf687a76b2f82f8be10a20d274994/execute/async - {"script":"<script> [776 bytes]","args":[{"enterText":"4000360","selector":{"controlType":"sap.m.SearchField","properties":{"placeholder":"Search"},"searchOpenDialogs":true,"interaction":{"idSuffix":"I"}},"clearTextFirst":true,"interactionType":"ENTER_TEXT"}]}
RESULT: {"script":"<script> [776 bytes]","args":[{"enterText":"4000360","selector":{"controlType":"sap.m.SearchField","properties":{"placeholder":"Search"},"searchOpenDialogs":true,"interaction":{"idSuffix":"I"}},"clearTextFirst":true,"interactionType":"ENTER_TEXT"}]}
COMMAND: POST /session/7b6bf687a76b2f82f8be10a20d274994/actions - {"actions":[{"id":"action22","type":"key","parameters":{},"actions":[{"type":"keyDown","value":"î€‡"},{"type":"pause","duration":10},{"type":"keyUp","value":"î€‡"}]}]}
RESULT: {"actions":[{"id":"action22","type":"key","parameters":{},"actions":[{"type":"keyDown","value":"î€‡"},{"type":"pause","duration":10},{"type":"keyUp","value":"î€‡"}]}]}
COMMAND: GET /session/7b6bf687a76b2f82f8be10a20d274994/screenshot - {}
RESULT: {}
COMMAND: POST /session/7b6bf687a76b2f82f8be10a20d274994/element - {"using":"xpath","value":"//td/div/span[contains(text(), \"BGL Vehicles\")]"}
RESULT: {"using":"xpath","value":"//td/div/span[contains(text(), \"BGL Vehicles\")]"}
COMMAND: POST /session/7b6bf687a76b2f82f8be10a20d274994/element/f.5952FD13A0E9015951015C7D643014E2.d.71750C5EDD3750E9231AFA16E4A85263.e.6533/click - {}
RESULT: {}
COMMAND: GET /session/7b6bf687a76b2f82f8be10a20d274994/screenshot - {}
RESULT: {}
COMMAND: POST /session/7b6bf687a76b2f82f8be10a20d274994/element - {"using":"xpath","value":"//bdi[contains(text(), \"OK\")]"}
RESULT: {"using":"xpath","value":"//bdi[contains(text(), \"OK\")]"}
COMMAND: POST /session/7b6bf687a76b2f82f8be10a20d274994/element/f.5952FD13A0E9015951015C7D643014E2.d.71750C5EDD3750E9231AFA16E4A85263.e.6534/click - {}
RESULT: {}
COMMAND: GET /session/7b6bf687a76b2f82f8be10a20d274994/screenshot - {}
RESULT: {}
COMMAND: POST /session/7b6bf687a76b2f82f8be10a20d274994/element - {"using":"xpath","value":"//button[@data-kt=\"resourceUnitSaveButton\"]"}
RESULT: {"using":"xpath","value":"//button[@data-kt=\"resourceUnitSaveButton\"]"}
COMMAND: POST /session/7b6bf687a76b2f82f8be10a20d274994/element/f.5952FD13A0E9015951015C7D643014E2.d.71750C5EDD3750E9231AFA16E4A85263.e.6433/click - {}
RESULT: {}
COMMAND: GET /session/7b6bf687a76b2f82f8be10a20d274994/screenshot - {}
RESULT: {}
COMMAND: POST /session/7b6bf687a76b2f82f8be10a20d274994/element - {"using":"xpath","value":"//bdi[contains(text(), \"Close\")]"}
RESULT: {"using":"xpath","value":"//bdi[contains(text(), \"Close\")]"}
COMMAND: POST /session/7b6bf687a76b2f82f8be10a20d274994/element/f.5952FD13A0E9015951015C7D643014E2.d.71750C5EDD3750E9231AFA16E4A85263.e.6540/click - {}
RESULT: {}
COMMAND: GET /session/7b6bf687a76b2f82f8be10a20d274994/screenshot - {}
RESULT: {}
COMMAND: POST /session/7b6bf687a76b2f82f8be10a20d274994/element - {"using":"xpath","value":"//header[contains(@id, 'detailRruPage-headerTitle')]/div[1]/div[2]/div[2]/span[1]"}
RESULT: {"using":"xpath","value":"//header[contains(@id, 'detailRruPage-headerTitle')]/div[1]/div[2]/div[2]/span[1]"}
COMMAND: POST /session/7b6bf687a76b2f82f8be10a20d274994/elements - {"using":"xpath","value":"//header[contains(@id, 'detailRruPage-headerTitle')]/div[1]/div[2]/div[2]/span[1]"}
RESULT: {"using":"xpath","value":"//header[contains(@id, 'detailRruPage-headerTitle')]/div[1]/div[2]/div[2]/span[1]"}
COMMAND: POST /session/7b6bf687a76b2f82f8be10a20d274994/execute/sync - {"script":"<script> [56 bytes]","args":[{"element-6066-11e4-a52e-4f735466cecf":"f.5952FD13A0E9015951015C7D643014E2.d.71750C5EDD3750E9231AFA16E4A85263.e.6570","ELEMENT":"f.5952FD13A0E9015951015C7D643014E2.d.71750C5EDD3750E9231AFA16E4A85263.e.6570"}]}
RESULT: {"script":"<script> [56 bytes]","args":[{"element-6066-11e4-a52e-4f735466cecf":"f.5952FD13A0E9015951015C7D643014E2.d.71750C5EDD3750E9231AFA16E4A85263.e.6570","ELEMENT":"f.5952FD13A0E9015951015C7D643014E2.d.71750C5EDD3750E9231AFA16E4A85263.e.6570"}]}
COMMAND: GET /session/7b6bf687a76b2f82f8be10a20d274994/screenshot - {}
]]></system-out>
    </testcase>
    <testcase classname="chrome.135_0_7049_96.windows.US134625_Set_up_price_condition_-_one_time" name="Should create new pricing rule one time" time="61.176">
      <system-out><![CDATA[
COMMAND: POST /session/7b6bf687a76b2f82f8be10a20d274994/element - {"using":"xpath","value":"(//button[contains(@id ,\"actionsToolbar-overflowButton\")])[1]"}
RESULT: {}
RESULT: {"using":"xpath","value":"(//button[contains(@id ,\"actionsToolbar-overflowButton\")])[1]"}
COMMAND: POST /session/7b6bf687a76b2f82f8be10a20d274994/element/f.5952FD13A0E9015951015C7D643014E2.d.71750C5EDD3750E9231AFA16E4A85263.e.6573/click - {}
RESULT: {}
COMMAND: GET /session/7b6bf687a76b2f82f8be10a20d274994/screenshot - {}
RESULT: {}
COMMAND: POST /session/7b6bf687a76b2f82f8be10a20d274994/element - {"using":"xpath","value":"//button[@data-kt=\"priceInfoButton\"]"}
RESULT: {"using":"xpath","value":"//button[@data-kt=\"priceInfoButton\"]"}
COMMAND: POST /session/7b6bf687a76b2f82f8be10a20d274994/element/f.5952FD13A0E9015951015C7D643014E2.d.71750C5EDD3750E9231AFA16E4A85263.e.6575/click - {}
RESULT: {}
COMMAND: GET /session/7b6bf687a76b2f82f8be10a20d274994/screenshot - {}
COMMAND: POST /session/7b6bf687a76b2f82f8be10a20d274994/element - {"using":"xpath","value":"//button[@data-kt=\"addButton\"]"}
RESULT: {}
RESULT: {"using":"xpath","value":"//button[@data-kt=\"addButton\"]"}
COMMAND: POST /session/7b6bf687a76b2f82f8be10a20d274994/elements - {"using":"xpath","value":"//button[@data-kt=\"addButton\"]"}
RESULT: {"using":"xpath","value":"//button[@data-kt=\"addButton\"]"}
COMMAND: POST /session/7b6bf687a76b2f82f8be10a20d274994/execute/sync - {"script":"<script> [8489 bytes]","args":[{"element-6066-11e4-a52e-4f735466cecf":"f.5952FD13A0E9015951015C7D643014E2.d.71750C5EDD3750E9231AFA16E4A85263.e.6612","ELEMENT":"f.5952FD13A0E9015951015C7D643014E2.d.71750C5EDD3750E9231AFA16E4A85263.e.6612"}]}
RESULT: {"script":"<script> [8489 bytes]","args":[{"element-6066-11e4-a52e-4f735466cecf":"f.5952FD13A0E9015951015C7D643014E2.d.71750C5EDD3750E9231AFA16E4A85263.e.6612","ELEMENT":"f.5952FD13A0E9015951015C7D643014E2.d.71750C5EDD3750E9231AFA16E4A85263.e.6612"}]}
COMMAND: GET /session/7b6bf687a76b2f82f8be10a20d274994/element/f.5952FD13A0E9015951015C7D643014E2.d.71750C5EDD3750E9231AFA16E4A85263.e.6612/enabled - {}
COMMAND: GET /session/7b6bf687a76b2f82f8be10a20d274994/screenshot - {}
RESULT: {}
COMMAND: POST /session/7b6bf687a76b2f82f8be10a20d274994/execute/sync - {"script":"<script> [8489 bytes]","args":[{"element-6066-11e4-a52e-4f735466cecf":"f.5952FD13A0E9015951015C7D643014E2.d.71750C5EDD3750E9231AFA16E4A85263.e.6612","ELEMENT":"f.5952FD13A0E9015951015C7D643014E2.d.71750C5EDD3750E9231AFA16E4A85263.e.6612"}]}
COMMAND: GET /session/7b6bf687a76b2f82f8be10a20d274994/screenshot - {}
RESULT: {}
RESULT: {"script":"<script> [8489 bytes]","args":[{"element-6066-11e4-a52e-4f735466cecf":"f.5952FD13A0E9015951015C7D643014E2.d.71750C5EDD3750E9231AFA16E4A85263.e.6612","ELEMENT":"f.5952FD13A0E9015951015C7D643014E2.d.71750C5EDD3750E9231AFA16E4A85263.e.6612"}]}
COMMAND: POST /session/7b6bf687a76b2f82f8be10a20d274994/execute/sync - {"script":"<script> [5351 bytes]","args":[{"element-6066-11e4-a52e-4f735466cecf":"f.5952FD13A0E9015951015C7D643014E2.d.71750C5EDD3750E9231AFA16E4A85263.e.6612","ELEMENT":"f.5952FD13A0E9015951015C7D643014E2.d.71750C5EDD3750E9231AFA16E4A85263.e.6612"}]}
COMMAND: GET /session/7b6bf687a76b2f82f8be10a20d274994/screenshot - {}
RESULT: {}
RESULT: {"script":"<script> [5351 bytes]","args":[{"element-6066-11e4-a52e-4f735466cecf":"f.5952FD13A0E9015951015C7D643014E2.d.71750C5EDD3750E9231AFA16E4A85263.e.6612","ELEMENT":"f.5952FD13A0E9015951015C7D643014E2.d.71750C5EDD3750E9231AFA16E4A85263.e.6612"}]}
COMMAND: POST /session/7b6bf687a76b2f82f8be10a20d274994/element/f.5952FD13A0E9015951015C7D643014E2.d.71750C5EDD3750E9231AFA16E4A85263.e.6612/click - {}
COMMAND: GET /session/7b6bf687a76b2f82f8be10a20d274994/screenshot - {}
RESULT: {}
RESULT: {}
COMMAND: GET /session/7b6bf687a76b2f82f8be10a20d274994/screenshot - {}
RESULT: {}
RESULT: {}
COMMAND: POST /session/7b6bf687a76b2f82f8be10a20d274994/execute/async - {"script":"<script> [1562 bytes]","args":[{"selector":{"controlType":"sap.m.Title","viewName":"etm.portal.ui.managepricingrules.view.NewItem","viewId":"application-managepricingrules-display-component---newInfoPriceItem","properties":{"text":"New Pricing Rules - Item Level"}},"wdio_ui5_key":"etmportal.ui.managepricingrules.view.NewItemsap.m.Title{\"text\":\"New Pricing Rules - Item Level\"}"}]}
RESULT: {"script":"<script> [1562 bytes]","args":[{"selector":{"controlType":"sap.m.Title","viewName":"etm.portal.ui.managepricingrules.view.NewItem","viewId":"application-managepricingrules-display-component---newInfoPriceItem","properties":{"text":"New Pricing Rules - Item Level"}},"wdio_ui5_key":"etmportal.ui.managepricingrules.view.NewItemsap.m.Title{\"text\":\"New Pricing Rules - Item Level\"}"}]}
RESULT: undefined
COMMAND: POST /session/7b6bf687a76b2f82f8be10a20d274994/execute/async - {"script":"<script> [6424 bytes]","args":[{"element-6066-11e4-a52e-4f735466cecf":"f.5952FD13A0E9015951015C7D643014E2.d.71750C5EDD3750E9231AFA16E4A85263.e.6740"},"getText",[]]}
RESULT: {"script":"<script> [6424 bytes]","args":[{"element-6066-11e4-a52e-4f735466cecf":"f.5952FD13A0E9015951015C7D643014E2.d.71750C5EDD3750E9231AFA16E4A85263.e.6740"},"getText",[]]}
COMMAND: POST /session/7b6bf687a76b2f82f8be10a20d274994/execute/async - {"script":"<script> [1562 bytes]","args":[{"selector":{"id":"application-managepricingrules-display-component---newInfoPriceItem--condValidTo","interaction":{"idSuffix":"inner"}},"wdio_ui5_key":"applicationmanagepricingrules-display-component---newInfoPriceItem--condValidTo"}]}
RESULT: {"script":"<script> [1562 bytes]","args":[{"selector":{"id":"application-managepricingrules-display-component---newInfoPriceItem--condValidTo","interaction":{"idSuffix":"inner"}},"wdio_ui5_key":"applicationmanagepricingrules-display-component---newInfoPriceItem--condValidTo"}]}
RESULT: undefined
COMMAND: POST /session/7b6bf687a76b2f82f8be10a20d274994/execute/async - {"script":"<script> [776 bytes]","args":[{"enterText":"01/02/26","selector":{"id":"application-managepricingrules-display-component---newInfoPriceItem--condValidTo","interaction":{"idSuffix":"inner"}},"clearTextFirst":true,"interactionType":"ENTER_TEXT"}]}
RESULT: {"script":"<script> [776 bytes]","args":[{"enterText":"01/02/26","selector":{"id":"application-managepricingrules-display-component---newInfoPriceItem--condValidTo","interaction":{"idSuffix":"inner"}},"clearTextFirst":true,"interactionType":"ENTER_TEXT"}]}
COMMAND: POST /session/7b6bf687a76b2f82f8be10a20d274994/execute/async - {"script":"<script> [1562 bytes]","args":[{"selector":{"id":"application-managepricingrules-display-component---newInfoPriceItem--billType-arrow"},"wdio_ui5_key":"applicationmanagepricingrules-display-component---newInfoPriceItem--billType-arrow"}]}
RESULT: {"script":"<script> [1562 bytes]","args":[{"selector":{"id":"application-managepricingrules-display-component---newInfoPriceItem--billType-arrow"},"wdio_ui5_key":"applicationmanagepricingrules-display-component---newInfoPriceItem--billType-arrow"}]}
RESULT: undefined
COMMAND: POST /session/7b6bf687a76b2f82f8be10a20d274994/element - {"using":"xpath","value":"//*[@id=\"application-managepricingrules-display-component---newInfoPriceItem--billType-arrow\"]"}
RESULT: {"using":"xpath","value":"//*[@id=\"application-managepricingrules-display-component---newInfoPriceItem--billType-arrow\"]"}
COMMAND: POST /session/7b6bf687a76b2f82f8be10a20d274994/element/f.5952FD13A0E9015951015C7D643014E2.d.71750C5EDD3750E9231AFA16E4A85263.e.6742/click - {}
RESULT: {}
COMMAND: POST /session/7b6bf687a76b2f82f8be10a20d274994/element - {"using":"xpath","value":"//span[contains(text(), \"OT - Sales (one-time)\")]"}
COMMAND: GET /session/7b6bf687a76b2f82f8be10a20d274994/screenshot - {}
RESULT: {"using":"xpath","value":"//span[contains(text(), \"OT - Sales (one-time)\")]"}
COMMAND: POST /session/7b6bf687a76b2f82f8be10a20d274994/element/f.5952FD13A0E9015951015C7D643014E2.d.71750C5EDD3750E9231AFA16E4A85263.e.6743/click - {}
RESULT: {}
RESULT: {}
COMMAND: POST /session/7b6bf687a76b2f82f8be10a20d274994/execute/async - {"script":"<script> [1562 bytes]","args":[{"selector":{"id":"application-managepricingrules-display-component---newInfoPriceItem--priceProc-arrow"},"wdio_ui5_key":"applicationmanagepricingrules-display-component---newInfoPriceItem--priceProc-arrow"}]}
COMMAND: GET /session/7b6bf687a76b2f82f8be10a20d274994/screenshot - {}
RESULT: {"script":"<script> [1562 bytes]","args":[{"selector":{"id":"application-managepricingrules-display-component---newInfoPriceItem--priceProc-arrow"},"wdio_ui5_key":"applicationmanagepricingrules-display-component---newInfoPriceItem--priceProc-arrow"}]}
RESULT: undefined
COMMAND: POST /session/7b6bf687a76b2f82f8be10a20d274994/element - {"using":"xpath","value":"//*[@id=\"application-managepricingrules-display-component---newInfoPriceItem--priceProc-arrow\"]"}
RESULT: {}
RESULT: {"using":"xpath","value":"//*[@id=\"application-managepricingrules-display-component---newInfoPriceItem--priceProc-arrow\"]"}
COMMAND: POST /session/7b6bf687a76b2f82f8be10a20d274994/element/f.5952FD13A0E9015951015C7D643014E2.d.71750C5EDD3750E9231AFA16E4A85263.e.6744/click - {}
RESULT: {}
COMMAND: POST /session/7b6bf687a76b2f82f8be10a20d274994/element - {"using":"xpath","value":"//span[contains(text(), \"MAT - Material\")]"}
COMMAND: GET /session/7b6bf687a76b2f82f8be10a20d274994/screenshot - {}
RESULT: {"using":"xpath","value":"//span[contains(text(), \"MAT - Material\")]"}
COMMAND: POST /session/7b6bf687a76b2f82f8be10a20d274994/element/f.5952FD13A0E9015951015C7D643014E2.d.71750C5EDD3750E9231AFA16E4A85263.e.6745/click - {}
RESULT: {}
RESULT: {}
COMMAND: POST /session/7b6bf687a76b2f82f8be10a20d274994/execute/async - {"script":"<script> [1562 bytes]","args":[{"selector":{"id":"application-managepricingrules-display-component---newInfoPriceItem--calcBase-arrow"},"wdio_ui5_key":"applicationmanagepricingrules-display-component---newInfoPriceItem--calcBase-arrow"}]}
COMMAND: GET /session/7b6bf687a76b2f82f8be10a20d274994/screenshot - {}
RESULT: {"script":"<script> [1562 bytes]","args":[{"selector":{"id":"application-managepricingrules-display-component---newInfoPriceItem--calcBase-arrow"},"wdio_ui5_key":"applicationmanagepricingrules-display-component---newInfoPriceItem--calcBase-arrow"}]}
RESULT: undefined
COMMAND: POST /session/7b6bf687a76b2f82f8be10a20d274994/element - {"using":"xpath","value":"//*[@id=\"application-managepricingrules-display-component---newInfoPriceItem--calcBase-arrow\"]"}
RESULT: {}
RESULT: {"using":"xpath","value":"//*[@id=\"application-managepricingrules-display-component---newInfoPriceItem--calcBase-arrow\"]"}
COMMAND: POST /session/7b6bf687a76b2f82f8be10a20d274994/element/f.5952FD13A0E9015951015C7D643014E2.d.71750C5EDD3750E9231AFA16E4A85263.e.6716/click - {}
RESULT: {}
COMMAND: GET /session/7b6bf687a76b2f82f8be10a20d274994/screenshot - {}
RESULT: {}
COMMAND: POST /session/7b6bf687a76b2f82f8be10a20d274994/element - {"using":"xpath","value":"//span[contains(text(), \"0001 - TB(exact month + cal_days)\")]"}
RESULT: {"using":"xpath","value":"//span[contains(text(), \"0001 - TB(exact month + cal_days)\")]"}
COMMAND: POST /session/7b6bf687a76b2f82f8be10a20d274994/element/f.5952FD13A0E9015951015C7D643014E2.d.71750C5EDD3750E9231AFA16E4A85263.e.6746/click - {}
RESULT: {}
COMMAND: GET /session/7b6bf687a76b2f82f8be10a20d274994/screenshot - {}
RESULT: {}
COMMAND: POST /session/7b6bf687a76b2f82f8be10a20d274994/element - {"using":"xpath","value":"//button[@data-kt=\"saveNewRuleButton\"]"}
RESULT: {"using":"xpath","value":"//button[@data-kt=\"saveNewRuleButton\"]"}
COMMAND: POST /session/7b6bf687a76b2f82f8be10a20d274994/element/f.5952FD13A0E9015951015C7D643014E2.d.71750C5EDD3750E9231AFA16E4A85263.e.6728/click - {}
RESULT: {}
COMMAND: GET /session/7b6bf687a76b2f82f8be10a20d274994/screenshot - {}
RESULT: {}
COMMAND: POST /session/7b6bf687a76b2f82f8be10a20d274994/execute/async - {"script":"<script> [1562 bytes]","args":[{"selector":{"id":"application-managepricingrules-display-component---priceInfoItem--smartFilterBar-btnBasicSearch","interaction":{"idSuffix":"I"}},"wdio_ui5_key":"applicationmanagepricingrules-display-component---priceInfoItem--smartFilterBar-btnBasicSearch"}]}
RESULT: {"script":"<script> [1562 bytes]","args":[{"selector":{"id":"application-managepricingrules-display-component---priceInfoItem--smartFilterBar-btnBasicSearch","interaction":{"idSuffix":"I"}},"wdio_ui5_key":"applicationmanagepricingrules-display-component---priceInfoItem--smartFilterBar-btnBasicSearch"}]}
RESULT: undefined
COMMAND: POST /session/7b6bf687a76b2f82f8be10a20d274994/execute/async - {"script":"<script> [776 bytes]","args":[{"enterText":"200281","selector":{"id":"application-managepricingrules-display-component---priceInfoItem--smartFilterBar-btnBasicSearch","interaction":{"idSuffix":"I"}},"clearTextFirst":true,"interactionType":"ENTER_TEXT"}]}
RESULT: {"script":"<script> [776 bytes]","args":[{"enterText":"200281","selector":{"id":"application-managepricingrules-display-component---priceInfoItem--smartFilterBar-btnBasicSearch","interaction":{"idSuffix":"I"}},"clearTextFirst":true,"interactionType":"ENTER_TEXT"}]}
COMMAND: POST /session/7b6bf687a76b2f82f8be10a20d274994/actions - {"actions":[{"id":"action23","type":"key","parameters":{},"actions":[{"type":"keyDown","value":"î€‡"},{"type":"pause","duration":10},{"type":"keyUp","value":"î€‡"}]}]}
RESULT: {"actions":[{"id":"action23","type":"key","parameters":{},"actions":[{"type":"keyDown","value":"î€‡"},{"type":"pause","duration":10},{"type":"keyUp","value":"î€‡"}]}]}
COMMAND: GET /session/7b6bf687a76b2f82f8be10a20d274994/screenshot - {}
RESULT: {}
COMMAND: POST /session/7b6bf687a76b2f82f8be10a20d274994/element - {"using":"xpath","value":"//span[@id=\"application-managepricingrules-display-component---priceInfoItem--smartTable-header-inner\"]"}
RESULT: {"using":"xpath","value":"//span[@id=\"application-managepricingrules-display-component---priceInfoItem--smartTable-header-inner\"]"}
COMMAND: POST /session/7b6bf687a76b2f82f8be10a20d274994/elements - {"using":"xpath","value":"//span[@id=\"application-managepricingrules-display-component---priceInfoItem--smartTable-header-inner\"]"}
RESULT: {"using":"xpath","value":"//span[@id=\"application-managepricingrules-display-component---priceInfoItem--smartTable-header-inner\"]"}
COMMAND: POST /session/7b6bf687a76b2f82f8be10a20d274994/execute/sync - {"script":"<script> [56 bytes]","args":[{"element-6066-11e4-a52e-4f735466cecf":"f.5952FD13A0E9015951015C7D643014E2.d.71750C5EDD3750E9231AFA16E4A85263.e.6769","ELEMENT":"f.5952FD13A0E9015951015C7D643014E2.d.71750C5EDD3750E9231AFA16E4A85263.e.6769"}]}
RESULT: {"script":"<script> [56 bytes]","args":[{"element-6066-11e4-a52e-4f735466cecf":"f.5952FD13A0E9015951015C7D643014E2.d.71750C5EDD3750E9231AFA16E4A85263.e.6769","ELEMENT":"f.5952FD13A0E9015951015C7D643014E2.d.71750C5EDD3750E9231AFA16E4A85263.e.6769"}]}
COMMAND: POST /session/7b6bf687a76b2f82f8be10a20d274994/element - {"using":"css selector","value":"#shell-header-logo"}
COMMAND: GET /session/7b6bf687a76b2f82f8be10a20d274994/screenshot - {}
RESULT: {}
RESULT: {"using":"css selector","value":"#shell-header-logo"}
COMMAND: POST /session/7b6bf687a76b2f82f8be10a20d274994/element/f.5952FD13A0E9015951015C7D643014E2.d.71750C5EDD3750E9231AFA16E4A85263.e.6025/click - {}
RESULT: {}
COMMAND: GET /session/7b6bf687a76b2f82f8be10a20d274994/screenshot - {}
RESULT: {}
]]></system-out>
    </testcase>
    <testcase classname="chrome.135_0_7049_96.windows.US134625_Set_up_price_condition_-_one_time" name="Should create new condition one time" time="79.689">
      <system-out><![CDATA[
COMMAND: POST /session/7b6bf687a76b2f82f8be10a20d274994/execute/async - {"script":"<script> [1562 bytes]","args":[{"selector":{"controlType":"sap.m.Text","properties":{"text":"Manage Conditions & Prices"},"interaction":{"idSuffix":"inner"}},"wdio_ui5_key":"sapm.Text{\"text\":\"Manage Conditions & Prices\"}"}]}
RESULT: {"script":"<script> [1562 bytes]","args":[{"selector":{"controlType":"sap.m.Text","properties":{"text":"Manage Conditions & Prices"},"interaction":{"idSuffix":"inner"}},"wdio_ui5_key":"sapm.Text{\"text\":\"Manage Conditions & Prices\"}"}]}
RESULT: undefined
COMMAND: POST /session/7b6bf687a76b2f82f8be10a20d274994/element - {"using":"xpath","value":"//*[@id=\"__tile53-title\"]"}
RESULT: {"using":"xpath","value":"//*[@id=\"__tile53-title\"]"}
COMMAND: POST /session/7b6bf687a76b2f82f8be10a20d274994/element/f.5952FD13A0E9015951015C7D643014E2.d.71750C5EDD3750E9231AFA16E4A85263.e.6772/click - {}
RESULT: {}
COMMAND: POST /session/7b6bf687a76b2f82f8be10a20d274994/element - {"using":"xpath","value":"//button[@aria-label=\"Create\"]"}
COMMAND: GET /session/7b6bf687a76b2f82f8be10a20d274994/screenshot - {}
RESULT: {"using":"xpath","value":"//button[@aria-label=\"Create\"]"}
COMMAND: POST /session/7b6bf687a76b2f82f8be10a20d274994/elements - {"using":"xpath","value":"//button[@aria-label=\"Create\"]"}
RESULT: {}
RESULT: {"using":"xpath","value":"//button[@aria-label=\"Create\"]"}
COMMAND: POST /session/7b6bf687a76b2f82f8be10a20d274994/elements - {"using":"xpath","value":"//button[@aria-label=\"Create\"]"}
RESULT: {"using":"xpath","value":"//button[@aria-label=\"Create\"]"}
COMMAND: POST /session/7b6bf687a76b2f82f8be10a20d274994/elements - {"using":"xpath","value":"//button[@aria-label=\"Create\"]"}
RESULT: {"using":"xpath","value":"//button[@aria-label=\"Create\"]"}
COMMAND: POST /session/7b6bf687a76b2f82f8be10a20d274994/elements - {"using":"xpath","value":"//button[@aria-label=\"Create\"]"}
RESULT: {"using":"xpath","value":"//button[@aria-label=\"Create\"]"}
COMMAND: POST /session/7b6bf687a76b2f82f8be10a20d274994/element - {"using":"xpath","value":"//button[@aria-label=\"Create\"]"}
RESULT: {"using":"xpath","value":"//button[@aria-label=\"Create\"]"}
COMMAND: POST /session/7b6bf687a76b2f82f8be10a20d274994/execute/sync - {"script":"<script> [8489 bytes]","args":[{"element-6066-11e4-a52e-4f735466cecf":"f.5952FD13A0E9015951015C7D643014E2.d.71750C5EDD3750E9231AFA16E4A85263.e.6807","ELEMENT":"f.5952FD13A0E9015951015C7D643014E2.d.71750C5EDD3750E9231AFA16E4A85263.e.6807"}]}
RESULT: {"script":"<script> [8489 bytes]","args":[{"element-6066-11e4-a52e-4f735466cecf":"f.5952FD13A0E9015951015C7D643014E2.d.71750C5EDD3750E9231AFA16E4A85263.e.6807","ELEMENT":"f.5952FD13A0E9015951015C7D643014E2.d.71750C5EDD3750E9231AFA16E4A85263.e.6807"}]}
COMMAND: GET /session/7b6bf687a76b2f82f8be10a20d274994/element/f.5952FD13A0E9015951015C7D643014E2.d.71750C5EDD3750E9231AFA16E4A85263.e.6807/enabled - {}
COMMAND: GET /session/7b6bf687a76b2f82f8be10a20d274994/screenshot - {}
RESULT: {}
COMMAND: POST /session/7b6bf687a76b2f82f8be10a20d274994/execute/sync - {"script":"<script> [8489 bytes]","args":[{"element-6066-11e4-a52e-4f735466cecf":"f.5952FD13A0E9015951015C7D643014E2.d.71750C5EDD3750E9231AFA16E4A85263.e.6807","ELEMENT":"f.5952FD13A0E9015951015C7D643014E2.d.71750C5EDD3750E9231AFA16E4A85263.e.6807"}]}
COMMAND: GET /session/7b6bf687a76b2f82f8be10a20d274994/screenshot - {}
RESULT: {}
RESULT: {"script":"<script> [8489 bytes]","args":[{"element-6066-11e4-a52e-4f735466cecf":"f.5952FD13A0E9015951015C7D643014E2.d.71750C5EDD3750E9231AFA16E4A85263.e.6807","ELEMENT":"f.5952FD13A0E9015951015C7D643014E2.d.71750C5EDD3750E9231AFA16E4A85263.e.6807"}]}
COMMAND: POST /session/7b6bf687a76b2f82f8be10a20d274994/execute/sync - {"script":"<script> [5351 bytes]","args":[{"element-6066-11e4-a52e-4f735466cecf":"f.5952FD13A0E9015951015C7D643014E2.d.71750C5EDD3750E9231AFA16E4A85263.e.6807","ELEMENT":"f.5952FD13A0E9015951015C7D643014E2.d.71750C5EDD3750E9231AFA16E4A85263.e.6807"}]}
COMMAND: GET /session/7b6bf687a76b2f82f8be10a20d274994/screenshot - {}
RESULT: {}
RESULT: {"script":"<script> [5351 bytes]","args":[{"element-6066-11e4-a52e-4f735466cecf":"f.5952FD13A0E9015951015C7D643014E2.d.71750C5EDD3750E9231AFA16E4A85263.e.6807","ELEMENT":"f.5952FD13A0E9015951015C7D643014E2.d.71750C5EDD3750E9231AFA16E4A85263.e.6807"}]}
COMMAND: POST /session/7b6bf687a76b2f82f8be10a20d274994/element/f.5952FD13A0E9015951015C7D643014E2.d.71750C5EDD3750E9231AFA16E4A85263.e.6807/click - {}
COMMAND: GET /session/7b6bf687a76b2f82f8be10a20d274994/screenshot - {}
RESULT: {}
RESULT: {}
COMMAND: GET /session/7b6bf687a76b2f82f8be10a20d274994/screenshot - {}
RESULT: {}
RESULT: {}
COMMAND: POST /session/7b6bf687a76b2f82f8be10a20d274994/actions - {"actions":[{"id":"action24","type":"key","parameters":{},"actions":[{"type":"keyDown","value":"î€‡"},{"type":"pause","duration":10},{"type":"keyUp","value":"î€‡"}]}]}
RESULT: {"actions":[{"id":"action24","type":"key","parameters":{},"actions":[{"type":"keyDown","value":"î€‡"},{"type":"pause","duration":10},{"type":"keyUp","value":"î€‡"}]}]}
COMMAND: GET /session/7b6bf687a76b2f82f8be10a20d274994/screenshot - {}
COMMAND: POST /session/7b6bf687a76b2f82f8be10a20d274994/execute/async - {"script":"<script> [1562 bytes]","args":[{"selector":{"id":"application-manageconditionprice-display-component---newCondition--condBillCond-arrow"},"wdio_ui5_key":"applicationmanageconditionprice-display-component---newCondition--condBillCond-arrow"}]}
RESULT: {}
RESULT: {"script":"<script> [1562 bytes]","args":[{"selector":{"id":"application-manageconditionprice-display-component---newCondition--condBillCond-arrow"},"wdio_ui5_key":"applicationmanageconditionprice-display-component---newCondition--condBillCond-arrow"}]}
RESULT: undefined
COMMAND: POST /session/7b6bf687a76b2f82f8be10a20d274994/element - {"using":"xpath","value":"//*[@id=\"application-manageconditionprice-display-component---newCondition--condBillCond-arrow\"]"}
RESULT: {"using":"xpath","value":"//*[@id=\"application-manageconditionprice-display-component---newCondition--condBillCond-arrow\"]"}
COMMAND: POST /session/7b6bf687a76b2f82f8be10a20d274994/element/f.5952FD13A0E9015951015C7D643014E2.d.71750C5EDD3750E9231AFA16E4A85263.e.6987/click - {}
RESULT: {}
COMMAND: GET /session/7b6bf687a76b2f82f8be10a20d274994/screenshot - {}
RESULT: {}
COMMAND: POST /session/7b6bf687a76b2f82f8be10a20d274994/element - {"using":"xpath","value":"//li[.//span[contains(text(), \"SAPR - Sales price\")]]"}
RESULT: {"using":"xpath","value":"//li[.//span[contains(text(), \"SAPR - Sales price\")]]"}
COMMAND: POST /session/7b6bf687a76b2f82f8be10a20d274994/element/f.5952FD13A0E9015951015C7D643014E2.d.71750C5EDD3750E9231AFA16E4A85263.e.6990/click - {}
RESULT: {}
COMMAND: GET /session/7b6bf687a76b2f82f8be10a20d274994/screenshot - {}
RESULT: {}
COMMAND: POST /session/7b6bf687a76b2f82f8be10a20d274994/execute/async - {"script":"<script> [1562 bytes]","args":[{"selector":{"id":"application-manageconditionprice-display-component---newCondition--condValidTo","interaction":{"idSuffix":"inner"}},"wdio_ui5_key":"applicationmanageconditionprice-display-component---newCondition--condValidTo"}]}
RESULT: {"script":"<script> [1562 bytes]","args":[{"selector":{"id":"application-manageconditionprice-display-component---newCondition--condValidTo","interaction":{"idSuffix":"inner"}},"wdio_ui5_key":"applicationmanageconditionprice-display-component---newCondition--condValidTo"}]}
RESULT: undefined
COMMAND: POST /session/7b6bf687a76b2f82f8be10a20d274994/execute/async - {"script":"<script> [776 bytes]","args":[{"enterText":"01/02/26","selector":{"id":"application-manageconditionprice-display-component---newCondition--condValidTo","interaction":{"idSuffix":"inner"}},"clearTextFirst":true,"interactionType":"ENTER_TEXT"}]}
RESULT: {"script":"<script> [776 bytes]","args":[{"enterText":"01/02/26","selector":{"id":"application-manageconditionprice-display-component---newCondition--condValidTo","interaction":{"idSuffix":"inner"}},"clearTextFirst":true,"interactionType":"ENTER_TEXT"}]}
COMMAND: POST /session/7b6bf687a76b2f82f8be10a20d274994/element - {"using":"xpath","value":"//input[@id=\"application-manageconditionprice-display-component---newCondition--condRU-inner\"]"}
RESULT: {"using":"xpath","value":"//input[@id=\"application-manageconditionprice-display-component---newCondition--condRU-inner\"]"}
COMMAND: POST /session/7b6bf687a76b2f82f8be10a20d274994/element/f.5952FD13A0E9015951015C7D643014E2.d.71750C5EDD3750E9231AFA16E4A85263.e.6853/clear - {}
RESULT: {}
COMMAND: POST /session/7b6bf687a76b2f82f8be10a20d274994/element/f.5952FD13A0E9015951015C7D643014E2.d.71750C5EDD3750E9231AFA16E4A85263.e.6853/value - {"text":"200281"}
COMMAND: GET /session/7b6bf687a76b2f82f8be10a20d274994/screenshot - {}
RESULT: {}
RESULT: {"text":"200281"}
COMMAND: GET /session/7b6bf687a76b2f82f8be10a20d274994/screenshot - {}
RESULT: {}
COMMAND: POST /session/7b6bf687a76b2f82f8be10a20d274994/actions - {"actions":[{"id":"action25","type":"key","parameters":{},"actions":[{"type":"keyDown","value":"î€‡"},{"type":"pause","duration":10},{"type":"keyUp","value":"î€‡"}]}]}
RESULT: {"actions":[{"id":"action25","type":"key","parameters":{},"actions":[{"type":"keyDown","value":"î€‡"},{"type":"pause","duration":10},{"type":"keyUp","value":"î€‡"}]}]}
COMMAND: POST /session/7b6bf687a76b2f82f8be10a20d274994/execute/async - {"script":"<script> [1562 bytes]","args":[{"selector":{"id":"application-manageconditionprice-display-component---newCondition--condBaseQty","interaction":{"idSuffix":"inner"}},"wdio_ui5_key":"applicationmanageconditionprice-display-component---newCondition--condBaseQty"}]}
COMMAND: GET /session/7b6bf687a76b2f82f8be10a20d274994/screenshot - {}
RESULT: {"script":"<script> [1562 bytes]","args":[{"selector":{"id":"application-manageconditionprice-display-component---newCondition--condBaseQty","interaction":{"idSuffix":"inner"}},"wdio_ui5_key":"applicationmanageconditionprice-display-component---newCondition--condBaseQty"}]}
RESULT: undefined
COMMAND: POST /session/7b6bf687a76b2f82f8be10a20d274994/execute/async - {"script":"<script> [776 bytes]","args":[{"enterText":"1","selector":{"id":"application-manageconditionprice-display-component---newCondition--condBaseQty","interaction":{"idSuffix":"inner"}},"clearTextFirst":true,"interactionType":"ENTER_TEXT"}]}
RESULT: {}
RESULT: {"script":"<script> [776 bytes]","args":[{"enterText":"1","selector":{"id":"application-manageconditionprice-display-component---newCondition--condBaseQty","interaction":{"idSuffix":"inner"}},"clearTextFirst":true,"interactionType":"ENTER_TEXT"}]}
COMMAND: POST /session/7b6bf687a76b2f82f8be10a20d274994/execute/async - {"script":"<script> [1562 bytes]","args":[{"selector":{"id":"application-manageconditionprice-display-component---newCondition--condValue","interaction":{"idSuffix":"inner"}},"wdio_ui5_key":"applicationmanageconditionprice-display-component---newCondition--condValue"}]}
RESULT: {"script":"<script> [1562 bytes]","args":[{"selector":{"id":"application-manageconditionprice-display-component---newCondition--condValue","interaction":{"idSuffix":"inner"}},"wdio_ui5_key":"applicationmanageconditionprice-display-component---newCondition--condValue"}]}
RESULT: undefined
COMMAND: POST /session/7b6bf687a76b2f82f8be10a20d274994/execute/async - {"script":"<script> [776 bytes]","args":[{"enterText":"100.00","selector":{"id":"application-manageconditionprice-display-component---newCondition--condValue","interaction":{"idSuffix":"inner"}},"clearTextFirst":true,"interactionType":"ENTER_TEXT"}]}
RESULT: {"script":"<script> [776 bytes]","args":[{"enterText":"100.00","selector":{"id":"application-manageconditionprice-display-component---newCondition--condValue","interaction":{"idSuffix":"inner"}},"clearTextFirst":true,"interactionType":"ENTER_TEXT"}]}
COMMAND: POST /session/7b6bf687a76b2f82f8be10a20d274994/execute/async - {"script":"<script> [1562 bytes]","args":[{"selector":{"id":"application-manageconditionprice-display-component---newCondition--condCurr-arrow"},"wdio_ui5_key":"applicationmanageconditionprice-display-component---newCondition--condCurr-arrow"}]}
RESULT: {"script":"<script> [1562 bytes]","args":[{"selector":{"id":"application-manageconditionprice-display-component---newCondition--condCurr-arrow"},"wdio_ui5_key":"applicationmanageconditionprice-display-component---newCondition--condCurr-arrow"}]}
RESULT: undefined
COMMAND: POST /session/7b6bf687a76b2f82f8be10a20d274994/element - {"using":"xpath","value":"//*[@id=\"application-manageconditionprice-display-component---newCondition--condCurr-arrow\"]"}
RESULT: {"using":"xpath","value":"//*[@id=\"application-manageconditionprice-display-component---newCondition--condCurr-arrow\"]"}
COMMAND: POST /session/7b6bf687a76b2f82f8be10a20d274994/element/f.5952FD13A0E9015951015C7D643014E2.d.71750C5EDD3750E9231AFA16E4A85263.e.6960/click - {}
RESULT: {}
COMMAND: POST /session/7b6bf687a76b2f82f8be10a20d274994/element - {"using":"xpath","value":"//span[contains(text(), \"Euro\")]"}
COMMAND: GET /session/7b6bf687a76b2f82f8be10a20d274994/screenshot - {}
RESULT: {"using":"xpath","value":"//span[contains(text(), \"Euro\")]"}
COMMAND: POST /session/7b6bf687a76b2f82f8be10a20d274994/element/f.5952FD13A0E9015951015C7D643014E2.d.71750C5EDD3750E9231AFA16E4A85263.e.7028/click - {}
RESULT: {}
RESULT: {}
COMMAND: POST /session/7b6bf687a76b2f82f8be10a20d274994/element - {"using":"xpath","value":"//button[@data-kt=\"saveButton\"]"}
COMMAND: GET /session/7b6bf687a76b2f82f8be10a20d274994/screenshot - {}
RESULT: {"using":"xpath","value":"//button[@data-kt=\"saveButton\"]"}
COMMAND: POST /session/7b6bf687a76b2f82f8be10a20d274994/element/f.5952FD13A0E9015951015C7D643014E2.d.71750C5EDD3750E9231AFA16E4A85263.e.6961/click - {}
RESULT: {}
RESULT: {}
COMMAND: GET /session/7b6bf687a76b2f82f8be10a20d274994/screenshot - {}
RESULT: {}
COMMAND: POST /session/7b6bf687a76b2f82f8be10a20d274994/execute/async - {"script":"<script> [1562 bytes]","args":[{"selector":{"id":"application-manageconditionprice-display-component---conditions--smartFilterBar-btnBasicSearch","interaction":{"idSuffix":"I"}},"wdio_ui5_key":"applicationmanageconditionprice-display-component---conditions--smartFilterBar-btnBasicSearch"}]}
RESULT: {"script":"<script> [1562 bytes]","args":[{"selector":{"id":"application-manageconditionprice-display-component---conditions--smartFilterBar-btnBasicSearch","interaction":{"idSuffix":"I"}},"wdio_ui5_key":"applicationmanageconditionprice-display-component---conditions--smartFilterBar-btnBasicSearch"}]}
RESULT: undefined
COMMAND: POST /session/7b6bf687a76b2f82f8be10a20d274994/execute/async - {"script":"<script> [776 bytes]","args":[{"enterText":"200281","selector":{"id":"application-manageconditionprice-display-component---conditions--smartFilterBar-btnBasicSearch","interaction":{"idSuffix":"I"}},"clearTextFirst":true,"interactionType":"ENTER_TEXT"}]}
RESULT: {"script":"<script> [776 bytes]","args":[{"enterText":"200281","selector":{"id":"application-manageconditionprice-display-component---conditions--smartFilterBar-btnBasicSearch","interaction":{"idSuffix":"I"}},"clearTextFirst":true,"interactionType":"ENTER_TEXT"}]}
COMMAND: POST /session/7b6bf687a76b2f82f8be10a20d274994/actions - {"actions":[{"id":"action26","type":"key","parameters":{},"actions":[{"type":"keyDown","value":"î€‡"},{"type":"pause","duration":10},{"type":"keyUp","value":"î€‡"}]}]}
RESULT: {"actions":[{"id":"action26","type":"key","parameters":{},"actions":[{"type":"keyDown","value":"î€‡"},{"type":"pause","duration":10},{"type":"keyUp","value":"î€‡"}]}]}
COMMAND: GET /session/7b6bf687a76b2f82f8be10a20d274994/screenshot - {}
RESULT: {}
COMMAND: POST /session/7b6bf687a76b2f82f8be10a20d274994/execute/async - {"script":"<script> [1562 bytes]","args":[{"selector":{"id":"application-manageconditionprice-display-component---conditions--smartFilterBar-filterItemControl_BASIC-BILL_TYPES-vhi"},"wdio_ui5_key":"applicationmanageconditionprice-display-component---conditions--smartFilterBar-filterItemControl_BASIC-BILL_TYPES-vhi"}]}
RESULT: {"script":"<script> [1562 bytes]","args":[{"selector":{"id":"application-manageconditionprice-display-component---conditions--smartFilterBar-filterItemControl_BASIC-BILL_TYPES-vhi"},"wdio_ui5_key":"applicationmanageconditionprice-display-component---conditions--smartFilterBar-filterItemControl_BASIC-BILL_TYPES-vhi"}]}
RESULT: undefined
COMMAND: POST /session/7b6bf687a76b2f82f8be10a20d274994/element - {"using":"xpath","value":"//*[@id=\"application-manageconditionprice-display-component---conditions--smartFilterBar-filterItemControl_BASIC-BILL_TYPES-vhi\"]"}
RESULT: {"using":"xpath","value":"//*[@id=\"application-manageconditionprice-display-component---conditions--smartFilterBar-filterItemControl_BASIC-BILL_TYPES-vhi\"]"}
COMMAND: POST /session/7b6bf687a76b2f82f8be10a20d274994/element/f.5952FD13A0E9015951015C7D643014E2.d.71750C5EDD3750E9231AFA16E4A85263.e.7134/click - {}
RESULT: {}
COMMAND: POST /session/7b6bf687a76b2f82f8be10a20d274994/execute/async - {"script":"<script> [1562 bytes]","args":[{"selector":{"id":"application-manageconditionprice-display-component---conditions--smartFilterBar-filterItemControl_BASIC-BILL_TYPES-valueHelpDialog-smartFilterBar-btnBasicSearch","searchOpenDialogs":true,"interaction":{"idSuffix":"I"}},"wdio_ui5_key":"applicationmanageconditionprice-display-component---conditions--smartFilterBar-filterItemControl_BASIC-BILL_TYPES-valueHelpDialog-smartFilterBar-btnBasicSearch"}]}
COMMAND: GET /session/7b6bf687a76b2f82f8be10a20d274994/screenshot - {}
RESULT: {"script":"<script> [1562 bytes]","args":[{"selector":{"id":"application-manageconditionprice-display-component---conditions--smartFilterBar-filterItemControl_BASIC-BILL_TYPES-valueHelpDialog-smartFilterBar-btnBasicSearch","searchOpenDialogs":true,"interaction":{"idSuffix":"I"}},"wdio_ui5_key":"applicationmanageconditionprice-display-component---conditions--smartFilterBar-filterItemControl_BASIC-BILL_TYPES-valueHelpDialog-smartFilterBar-btnBasicSearch"}]}
RESULT: undefined
COMMAND: POST /session/7b6bf687a76b2f82f8be10a20d274994/execute/async - {"script":"<script> [776 bytes]","args":[{"enterText":"one","selector":{"id":"application-manageconditionprice-display-component---conditions--smartFilterBar-filterItemControl_BASIC-BILL_TYPES-valueHelpDialog-smartFilterBar-btnBasicSearch","searchOpenDialogs":true,"interaction":{"idSuffix":"I"}},"clearTextFirst":true,"interactionType":"ENTER_TEXT"}]}
RESULT: {}
RESULT: {"script":"<script> [776 bytes]","args":[{"enterText":"one","selector":{"id":"application-manageconditionprice-display-component---conditions--smartFilterBar-filterItemControl_BASIC-BILL_TYPES-valueHelpDialog-smartFilterBar-btnBasicSearch","searchOpenDialogs":true,"interaction":{"idSuffix":"I"}},"clearTextFirst":true,"interactionType":"ENTER_TEXT"}]}
COMMAND: POST /session/7b6bf687a76b2f82f8be10a20d274994/actions - {"actions":[{"id":"action27","type":"key","parameters":{},"actions":[{"type":"keyDown","value":"î€‡"},{"type":"pause","duration":10},{"type":"keyUp","value":"î€‡"}]}]}
RESULT: {"actions":[{"id":"action27","type":"key","parameters":{},"actions":[{"type":"keyDown","value":"î€‡"},{"type":"pause","duration":10},{"type":"keyUp","value":"î€‡"}]}]}
COMMAND: GET /session/7b6bf687a76b2f82f8be10a20d274994/screenshot - {}
RESULT: {}
COMMAND: POST /session/7b6bf687a76b2f82f8be10a20d274994/element - {"using":"xpath","value":"//div[contains(@id, 'application-manageconditionprice-display-component---conditions--smartFilterBar-filterItemControl_BASIC-BILL_TYPES-valueHelpDialog-table-rowsel0')]"}
RESULT: {"using":"xpath","value":"//div[contains(@id, 'application-manageconditionprice-display-component---conditions--smartFilterBar-filterItemControl_BASIC-BILL_TYPES-valueHelpDialog-table-rowsel0')]"}
COMMAND: POST /session/7b6bf687a76b2f82f8be10a20d274994/element/f.5952FD13A0E9015951015C7D643014E2.d.71750C5EDD3750E9231AFA16E4A85263.e.7143/click - {}
RESULT: {}
COMMAND: GET /session/7b6bf687a76b2f82f8be10a20d274994/screenshot - {}
RESULT: {}
COMMAND: POST /session/7b6bf687a76b2f82f8be10a20d274994/element - {"using":"xpath","value":"//bdi[contains(text(), \"OK\")]"}
RESULT: {"using":"xpath","value":"//bdi[contains(text(), \"OK\")]"}
COMMAND: POST /session/7b6bf687a76b2f82f8be10a20d274994/element/f.5952FD13A0E9015951015C7D643014E2.d.71750C5EDD3750E9231AFA16E4A85263.e.7145/click - {}
RESULT: {}
COMMAND: GET /session/7b6bf687a76b2f82f8be10a20d274994/screenshot - {}
RESULT: {}
COMMAND: POST /session/7b6bf687a76b2f82f8be10a20d274994/element - {"using":"xpath","value":"//span[@id=\"application-manageconditionprice-display-component---conditions--smartTable-header-inner\"]"}
RESULT: {"using":"xpath","value":"//span[@id=\"application-manageconditionprice-display-component---conditions--smartTable-header-inner\"]"}
COMMAND: POST /session/7b6bf687a76b2f82f8be10a20d274994/elements - {"using":"xpath","value":"//span[@id=\"application-manageconditionprice-display-component---conditions--smartTable-header-inner\"]"}
RESULT: {"using":"xpath","value":"//span[@id=\"application-manageconditionprice-display-component---conditions--smartTable-header-inner\"]"}
COMMAND: POST /session/7b6bf687a76b2f82f8be10a20d274994/execute/sync - {"script":"<script> [56 bytes]","args":[{"element-6066-11e4-a52e-4f735466cecf":"f.5952FD13A0E9015951015C7D643014E2.d.71750C5EDD3750E9231AFA16E4A85263.e.7148","ELEMENT":"f.5952FD13A0E9015951015C7D643014E2.d.71750C5EDD3750E9231AFA16E4A85263.e.7148"}]}
RESULT: {"script":"<script> [56 bytes]","args":[{"element-6066-11e4-a52e-4f735466cecf":"f.5952FD13A0E9015951015C7D643014E2.d.71750C5EDD3750E9231AFA16E4A85263.e.7148","ELEMENT":"f.5952FD13A0E9015951015C7D643014E2.d.71750C5EDD3750E9231AFA16E4A85263.e.7148"}]}
COMMAND: POST /session/7b6bf687a76b2f82f8be10a20d274994/element - {"using":"css selector","value":"#shell-header-logo"}
COMMAND: GET /session/7b6bf687a76b2f82f8be10a20d274994/screenshot - {}
RESULT: {"using":"css selector","value":"#shell-header-logo"}
COMMAND: POST /session/7b6bf687a76b2f82f8be10a20d274994/element/f.5952FD13A0E9015951015C7D643014E2.d.71750C5EDD3750E9231AFA16E4A85263.e.6774/click - {}
RESULT: {}
RESULT: {}
COMMAND: GET /session/7b6bf687a76b2f82f8be10a20d274994/screenshot - {}
RESULT: {}
]]></system-out>
    </testcase>
    <testcase classname="chrome.135_0_7049_96.windows.US134625_Set_up_price_condition_-_one_time" name="Should create a new contract" time="69.549">
      <system-out><![CDATA[
COMMAND: POST /session/7b6bf687a76b2f82f8be10a20d274994/execute/async - {"script":"<script> [1562 bytes]","args":[{"selector":{"controlType":"sap.m.Text","viewName":"etm.portal.ui.managecontractstile.view.Master","properties":{"text":"Manage Contracts"},"interaction":{"idSuffix":"inner"}},"wdio_ui5_key":"etmportal.ui.managecontractstile.view.Mastersap.m.Text{\"text\":\"Manage Contracts\"}"}]}
RESULT: {"script":"<script> [1562 bytes]","args":[{"selector":{"controlType":"sap.m.Text","viewName":"etm.portal.ui.managecontractstile.view.Master","properties":{"text":"Manage Contracts"},"interaction":{"idSuffix":"inner"}},"wdio_ui5_key":"etmportal.ui.managecontractstile.view.Mastersap.m.Text{\"text\":\"Manage Contracts\"}"}]}
RESULT: undefined
COMMAND: POST /session/7b6bf687a76b2f82f8be10a20d274994/element - {"using":"xpath","value":"//*[@id=\"__tile131-title\"]"}
RESULT: {"using":"xpath","value":"//*[@id=\"__tile131-title\"]"}
COMMAND: POST /session/7b6bf687a76b2f82f8be10a20d274994/element/f.5952FD13A0E9015951015C7D643014E2.d.71750C5EDD3750E9231AFA16E4A85263.e.7154/click - {}
RESULT: {}
COMMAND: GET /session/7b6bf687a76b2f82f8be10a20d274994/screenshot - {}
RESULT: {}
COMMAND: POST /session/7b6bf687a76b2f82f8be10a20d274994/element - {"using":"xpath","value":"//button[@data-kt=\"addButton\"]"}
RESULT: {"using":"xpath","value":"//button[@data-kt=\"addButton\"]"}
COMMAND: POST /session/7b6bf687a76b2f82f8be10a20d274994/elements - {"using":"xpath","value":"//button[@data-kt=\"addButton\"]"}
RESULT: {"using":"xpath","value":"//button[@data-kt=\"addButton\"]"}
COMMAND: POST /session/7b6bf687a76b2f82f8be10a20d274994/elements - {"using":"xpath","value":"//button[@data-kt=\"addButton\"]"}
RESULT: {"using":"xpath","value":"//button[@data-kt=\"addButton\"]"}
COMMAND: POST /session/7b6bf687a76b2f82f8be10a20d274994/element - {"using":"xpath","value":"//button[@data-kt=\"addButton\"]"}
RESULT: {"using":"xpath","value":"//button[@data-kt=\"addButton\"]"}
COMMAND: POST /session/7b6bf687a76b2f82f8be10a20d274994/execute/sync - {"script":"<script> [8489 bytes]","args":[{"element-6066-11e4-a52e-4f735466cecf":"f.5952FD13A0E9015951015C7D643014E2.d.71750C5EDD3750E9231AFA16E4A85263.e.7204","ELEMENT":"f.5952FD13A0E9015951015C7D643014E2.d.71750C5EDD3750E9231AFA16E4A85263.e.7204"}]}
RESULT: {"script":"<script> [8489 bytes]","args":[{"element-6066-11e4-a52e-4f735466cecf":"f.5952FD13A0E9015951015C7D643014E2.d.71750C5EDD3750E9231AFA16E4A85263.e.7204","ELEMENT":"f.5952FD13A0E9015951015C7D643014E2.d.71750C5EDD3750E9231AFA16E4A85263.e.7204"}]}
COMMAND: GET /session/7b6bf687a76b2f82f8be10a20d274994/element/f.5952FD13A0E9015951015C7D643014E2.d.71750C5EDD3750E9231AFA16E4A85263.e.7204/enabled - {}
COMMAND: GET /session/7b6bf687a76b2f82f8be10a20d274994/screenshot - {}
RESULT: {}
COMMAND: POST /session/7b6bf687a76b2f82f8be10a20d274994/execute/sync - {"script":"<script> [8489 bytes]","args":[{"element-6066-11e4-a52e-4f735466cecf":"f.5952FD13A0E9015951015C7D643014E2.d.71750C5EDD3750E9231AFA16E4A85263.e.7204","ELEMENT":"f.5952FD13A0E9015951015C7D643014E2.d.71750C5EDD3750E9231AFA16E4A85263.e.7204"}]}
COMMAND: GET /session/7b6bf687a76b2f82f8be10a20d274994/screenshot - {}
RESULT: {}
RESULT: {"script":"<script> [8489 bytes]","args":[{"element-6066-11e4-a52e-4f735466cecf":"f.5952FD13A0E9015951015C7D643014E2.d.71750C5EDD3750E9231AFA16E4A85263.e.7204","ELEMENT":"f.5952FD13A0E9015951015C7D643014E2.d.71750C5EDD3750E9231AFA16E4A85263.e.7204"}]}
COMMAND: POST /session/7b6bf687a76b2f82f8be10a20d274994/execute/sync - {"script":"<script> [5351 bytes]","args":[{"element-6066-11e4-a52e-4f735466cecf":"f.5952FD13A0E9015951015C7D643014E2.d.71750C5EDD3750E9231AFA16E4A85263.e.7204","ELEMENT":"f.5952FD13A0E9015951015C7D643014E2.d.71750C5EDD3750E9231AFA16E4A85263.e.7204"}]}
COMMAND: GET /session/7b6bf687a76b2f82f8be10a20d274994/screenshot - {}
RESULT: {}
RESULT: {"script":"<script> [5351 bytes]","args":[{"element-6066-11e4-a52e-4f735466cecf":"f.5952FD13A0E9015951015C7D643014E2.d.71750C5EDD3750E9231AFA16E4A85263.e.7204","ELEMENT":"f.5952FD13A0E9015951015C7D643014E2.d.71750C5EDD3750E9231AFA16E4A85263.e.7204"}]}
COMMAND: GET /session/7b6bf687a76b2f82f8be10a20d274994/screenshot - {}
RESULT: {}
RESULT: {}
COMMAND: POST /session/7b6bf687a76b2f82f8be10a20d274994/element/f.5952FD13A0E9015951015C7D643014E2.d.71750C5EDD3750E9231AFA16E4A85263.e.7204/click - {}
RESULT: {}
COMMAND: GET /session/7b6bf687a76b2f82f8be10a20d274994/screenshot - {}
RESULT: {}
COMMAND: POST /session/7b6bf687a76b2f82f8be10a20d274994/execute/async - {"script":"<script> [1562 bytes]","args":[{"selector":{"id":"application-managecontracts-display-component---AddNewContract--projectDescription","interaction":{"idSuffix":"inner"}},"wdio_ui5_key":"applicationmanagecontracts-display-component---AddNewContract--projectDescription"}]}
RESULT: {"script":"<script> [1562 bytes]","args":[{"selector":{"id":"application-managecontracts-display-component---AddNewContract--projectDescription","interaction":{"idSuffix":"inner"}},"wdio_ui5_key":"applicationmanagecontracts-display-component---AddNewContract--projectDescription"}]}
RESULT: undefined
COMMAND: POST /session/7b6bf687a76b2f82f8be10a20d274994/execute/async - {"script":"<script> [776 bytes]","args":[{"enterText":"Intercompany Contract WDIO","selector":{"id":"application-managecontracts-display-component---AddNewContract--projectDescription","interaction":{"idSuffix":"inner"}},"clearTextFirst":true,"interactionType":"ENTER_TEXT"}]}
RESULT: {"script":"<script> [776 bytes]","args":[{"enterText":"Intercompany Contract WDIO","selector":{"id":"application-managecontracts-display-component---AddNewContract--projectDescription","interaction":{"idSuffix":"inner"}},"clearTextFirst":true,"interactionType":"ENTER_TEXT"}]}
COMMAND: POST /session/7b6bf687a76b2f82f8be10a20d274994/element - {"using":"xpath","value":"//input[@id=\"application-managecontracts-display-component---AddNewContract--site-inner\"]"}
RESULT: {"using":"xpath","value":"//input[@id=\"application-managecontracts-display-component---AddNewContract--site-inner\"]"}
COMMAND: POST /session/7b6bf687a76b2f82f8be10a20d274994/element/f.5952FD13A0E9015951015C7D643014E2.d.71750C5EDD3750E9231AFA16E4A85263.e.7539/clear - {}
RESULT: {}
COMMAND: POST /session/7b6bf687a76b2f82f8be10a20d274994/element/f.5952FD13A0E9015951015C7D643014E2.d.71750C5EDD3750E9231AFA16E4A85263.e.7539/value - {"text":"2344"}
COMMAND: GET /session/7b6bf687a76b2f82f8be10a20d274994/screenshot - {}
RESULT: {"text":"2344"}
COMMAND: GET /session/7b6bf687a76b2f82f8be10a20d274994/screenshot - {}
RESULT: {}
RESULT: {}
COMMAND: POST /session/7b6bf687a76b2f82f8be10a20d274994/element - {"using":"xpath","value":"//li[.//span[text()='2344']]"}
RESULT: {"using":"xpath","value":"//li[.//span[text()='2344']]"}
COMMAND: POST /session/7b6bf687a76b2f82f8be10a20d274994/element/f.5952FD13A0E9015951015C7D643014E2.d.71750C5EDD3750E9231AFA16E4A85263.e.7561/click - {}
RESULT: {}
COMMAND: GET /session/7b6bf687a76b2f82f8be10a20d274994/screenshot - {}
RESULT: {}
COMMAND: POST /session/7b6bf687a76b2f82f8be10a20d274994/element - {"using":"xpath","value":"//input[@id=\"application-managecontracts-display-component---AddNewContract--yardId-inner\"]"}
RESULT: {"using":"xpath","value":"//input[@id=\"application-managecontracts-display-component---AddNewContract--yardId-inner\"]"}
COMMAND: GET /session/7b6bf687a76b2f82f8be10a20d274994/element/f.5952FD13A0E9015951015C7D643014E2.d.71750C5EDD3750E9231AFA16E4A85263.e.7540/property/value - {}
RESULT: {}
COMMAND: POST /session/7b6bf687a76b2f82f8be10a20d274994/element - {"using":"xpath","value":"//input[@id=\"application-managecontracts-display-component---AddNewContract--customerSelect-inner\"]"}
COMMAND: GET /session/7b6bf687a76b2f82f8be10a20d274994/screenshot - {}
RESULT: {"using":"xpath","value":"//input[@id=\"application-managecontracts-display-component---AddNewContract--customerSelect-inner\"]"}
COMMAND: POST /session/7b6bf687a76b2f82f8be10a20d274994/element/f.5952FD13A0E9015951015C7D643014E2.d.71750C5EDD3750E9231AFA16E4A85263.e.7538/clear - {}
RESULT: {}
RESULT: {}
COMMAND: POST /session/7b6bf687a76b2f82f8be10a20d274994/element/f.5952FD13A0E9015951015C7D643014E2.d.71750C5EDD3750E9231AFA16E4A85263.e.7538/value - {"text":"1382"}
COMMAND: GET /session/7b6bf687a76b2f82f8be10a20d274994/screenshot - {}
RESULT: {"text":"1382"}
COMMAND: GET /session/7b6bf687a76b2f82f8be10a20d274994/screenshot - {}
RESULT: {}
RESULT: {}
COMMAND: POST /session/7b6bf687a76b2f82f8be10a20d274994/element - {"using":"xpath","value":"//li[.//span[text()='1382']]"}
RESULT: {"using":"xpath","value":"//li[.//span[text()='1382']]"}
COMMAND: POST /session/7b6bf687a76b2f82f8be10a20d274994/element/f.5952FD13A0E9015951015C7D643014E2.d.71750C5EDD3750E9231AFA16E4A85263.e.7564/click - {}
RESULT: {}
COMMAND: GET /session/7b6bf687a76b2f82f8be10a20d274994/screenshot - {}
RESULT: {}
COMMAND: POST /session/7b6bf687a76b2f82f8be10a20d274994/element - {"using":"xpath","value":"//button[@data-kt=\"saveButton\"]"}
RESULT: {"using":"xpath","value":"//button[@data-kt=\"saveButton\"]"}
COMMAND: POST /session/7b6bf687a76b2f82f8be10a20d274994/element/f.5952FD13A0E9015951015C7D643014E2.d.71750C5EDD3750E9231AFA16E4A85263.e.7554/click - {}
RESULT: {}
COMMAND: GET /session/7b6bf687a76b2f82f8be10a20d274994/screenshot - {}
RESULT: {}
COMMAND: POST /session/7b6bf687a76b2f82f8be10a20d274994/element - {"using":"xpath","value":"//span[contains(@id ,\"contractDetailTitleNoExpanded\")]"}
RESULT: {"using":"xpath","value":"//span[contains(@id ,\"contractDetailTitleNoExpanded\")]"}
COMMAND: POST /session/7b6bf687a76b2f82f8be10a20d274994/elements - {"using":"xpath","value":"//span[contains(@id ,\"contractDetailTitleNoExpanded\")]"}
RESULT: {"using":"xpath","value":"//span[contains(@id ,\"contractDetailTitleNoExpanded\")]"}
COMMAND: POST /session/7b6bf687a76b2f82f8be10a20d274994/execute/sync - {"script":"<script> [56 bytes]","args":[{"element-6066-11e4-a52e-4f735466cecf":"f.5952FD13A0E9015951015C7D643014E2.d.71750C5EDD3750E9231AFA16E4A85263.e.7574","ELEMENT":"f.5952FD13A0E9015951015C7D643014E2.d.71750C5EDD3750E9231AFA16E4A85263.e.7574"}]}
RESULT: {"script":"<script> [56 bytes]","args":[{"element-6066-11e4-a52e-4f735466cecf":"f.5952FD13A0E9015951015C7D643014E2.d.71750C5EDD3750E9231AFA16E4A85263.e.7574","ELEMENT":"f.5952FD13A0E9015951015C7D643014E2.d.71750C5EDD3750E9231AFA16E4A85263.e.7574"}]}
COMMAND: GET /session/7b6bf687a76b2f82f8be10a20d274994/screenshot - {}
RESULT: {}
]]></system-out>
    </testcase>
    <testcase classname="chrome.135_0_7049_96.windows.US134625_Set_up_price_condition_-_one_time" name="Should add the material to the contract" time="57.24">
      <system-out><![CDATA[
COMMAND: POST /session/7b6bf687a76b2f82f8be10a20d274994/element - {"using":"xpath","value":"//button[@data-kt=\"contractDetailEditBtnButton\"]"}
RESULT: {"using":"xpath","value":"//button[@data-kt=\"contractDetailEditBtnButton\"]"}
COMMAND: POST /session/7b6bf687a76b2f82f8be10a20d274994/element/f.5952FD13A0E9015951015C7D643014E2.d.71750C5EDD3750E9231AFA16E4A85263.e.7577/click - {}
RESULT: {}
COMMAND: GET /session/7b6bf687a76b2f82f8be10a20d274994/screenshot - {}
RESULT: {}
COMMAND: POST /session/7b6bf687a76b2f82f8be10a20d274994/element - {"using":"xpath","value":"(//span[contains(text(), \"Additional Addresses\")])[2]"}
RESULT: {"using":"xpath","value":"(//span[contains(text(), \"Additional Addresses\")])[2]"}
COMMAND: POST /session/7b6bf687a76b2f82f8be10a20d274994/element/f.5952FD13A0E9015951015C7D643014E2.d.71750C5EDD3750E9231AFA16E4A85263.e.7634/click - {}
RESULT: {}
COMMAND: GET /session/7b6bf687a76b2f82f8be10a20d274994/screenshot - {}
RESULT: {}
COMMAND: POST /session/7b6bf687a76b2f82f8be10a20d274994/element - {"using":"xpath","value":"//button[@data-kt=\"btnAddTableRowOverflowToolbarButton\"]"}
RESULT: {"using":"xpath","value":"//button[@data-kt=\"btnAddTableRowOverflowToolbarButton\"]"}
COMMAND: POST /session/7b6bf687a76b2f82f8be10a20d274994/element/f.5952FD13A0E9015951015C7D643014E2.d.71750C5EDD3750E9231AFA16E4A85263.e.7636/click - {}
RESULT: {}
COMMAND: GET /session/7b6bf687a76b2f82f8be10a20d274994/screenshot - {}
RESULT: {}
COMMAND: POST /session/7b6bf687a76b2f82f8be10a20d274994/element - {"using":"xpath","value":"//div[(text() = 'Standard Entry' or . = 'Standard Entry')]"}
RESULT: {"using":"xpath","value":"//div[(text() = 'Standard Entry' or . = 'Standard Entry')]"}
COMMAND: POST /session/7b6bf687a76b2f82f8be10a20d274994/element/f.5952FD13A0E9015951015C7D643014E2.d.71750C5EDD3750E9231AFA16E4A85263.e.7638/click - {}
RESULT: {}
COMMAND: GET /session/7b6bf687a76b2f82f8be10a20d274994/screenshot - {}
RESULT: {}
COMMAND: POST /session/7b6bf687a76b2f82f8be10a20d274994/element - {"using":"xpath","value":"//td[6]/div/div/div/span"}
RESULT: {"using":"xpath","value":"//td[6]/div/div/div/span"}
COMMAND: POST /session/7b6bf687a76b2f82f8be10a20d274994/element/f.5952FD13A0E9015951015C7D643014E2.d.71750C5EDD3750E9231AFA16E4A85263.e.7650/click - {}
RESULT: {}
COMMAND: GET /session/7b6bf687a76b2f82f8be10a20d274994/screenshot - {}
RESULT: {}
COMMAND: POST /session/7b6bf687a76b2f82f8be10a20d274994/element - {"using":"xpath","value":"(//span[contains(text(), \"Material\")])"}
RESULT: {"using":"xpath","value":"(//span[contains(text(), \"Material\")])"}
COMMAND: POST /session/7b6bf687a76b2f82f8be10a20d274994/element/f.5952FD13A0E9015951015C7D643014E2.d.71750C5EDD3750E9231AFA16E4A85263.e.7651/click - {}
RESULT: {}
COMMAND: GET /session/7b6bf687a76b2f82f8be10a20d274994/screenshot - {}
RESULT: {}
COMMAND: POST /session/7b6bf687a76b2f82f8be10a20d274994/element - {"using":"xpath","value":"//td[7]/div/div/input"}
RESULT: {"using":"xpath","value":"//td[7]/div/div/input"}
COMMAND: POST /session/7b6bf687a76b2f82f8be10a20d274994/element/f.5952FD13A0E9015951015C7D643014E2.d.71750C5EDD3750E9231AFA16E4A85263.e.7655/clear - {}
RESULT: {}
COMMAND: POST /session/7b6bf687a76b2f82f8be10a20d274994/element/f.5952FD13A0E9015951015C7D643014E2.d.71750C5EDD3750E9231AFA16E4A85263.e.7655/value - {"text":"200281"}
COMMAND: GET /session/7b6bf687a76b2f82f8be10a20d274994/screenshot - {}
RESULT: {"text":"200281"}
COMMAND: GET /session/7b6bf687a76b2f82f8be10a20d274994/screenshot - {}
RESULT: {}
RESULT: {}
COMMAND: POST /session/7b6bf687a76b2f82f8be10a20d274994/actions - {"actions":[{"id":"action28","type":"key","parameters":{},"actions":[{"type":"keyDown","value":"î€‡"},{"type":"pause","duration":10},{"type":"keyUp","value":"î€‡"}]}]}
RESULT: {"actions":[{"id":"action28","type":"key","parameters":{},"actions":[{"type":"keyDown","value":"î€‡"},{"type":"pause","duration":10},{"type":"keyUp","value":"î€‡"}]}]}
COMMAND: GET /session/7b6bf687a76b2f82f8be10a20d274994/screenshot - {}
RESULT: {}
COMMAND: POST /session/7b6bf687a76b2f82f8be10a20d274994/execute/sync - {"script":"<script> [276 bytes]","args":["No pricing information was found"]}
RESULT: {"script":"<script> [276 bytes]","args":["No pricing information was found"]}
COMMAND: POST /session/7b6bf687a76b2f82f8be10a20d274994/element - {"using":"xpath","value":"(//button[@data-kt=\"saveButton\"])[2]"}
COMMAND: GET /session/7b6bf687a76b2f82f8be10a20d274994/screenshot - {}
RESULT: {"using":"xpath","value":"(//button[@data-kt=\"saveButton\"])[2]"}
COMMAND: POST /session/7b6bf687a76b2f82f8be10a20d274994/element/f.5952FD13A0E9015951015C7D643014E2.d.71750C5EDD3750E9231AFA16E4A85263.e.7678/click - {}
RESULT: {}
RESULT: {}
COMMAND: GET /session/7b6bf687a76b2f82f8be10a20d274994/screenshot - {}
RESULT: {}
COMMAND: POST /session/7b6bf687a76b2f82f8be10a20d274994/execute/sync - {"script":"<script> [276 bytes]","args":["Some contract items are having rental validity exceeding header rental validity"]}
RESULT: {"script":"<script> [276 bytes]","args":["Some contract items are having rental validity exceeding header rental validity"]}
COMMAND: GET /session/7b6bf687a76b2f82f8be10a20d274994/screenshot - {}
RESULT: {}
COMMAND: POST /session/7b6bf687a76b2f82f8be10a20d274994/element - {"using":"xpath","value":"//span[contains(@id ,\"contractItemsSmartTable-header-inner\")]"}
RESULT: {"using":"xpath","value":"//span[contains(@id ,\"contractItemsSmartTable-header-inner\")]"}
COMMAND: POST /session/7b6bf687a76b2f82f8be10a20d274994/elements - {"using":"xpath","value":"//span[contains(@id ,\"contractItemsSmartTable-header-inner\")]"}
RESULT: {"using":"xpath","value":"//span[contains(@id ,\"contractItemsSmartTable-header-inner\")]"}
COMMAND: POST /session/7b6bf687a76b2f82f8be10a20d274994/execute/sync - {"script":"<script> [56 bytes]","args":[{"element-6066-11e4-a52e-4f735466cecf":"f.5952FD13A0E9015951015C7D643014E2.d.71750C5EDD3750E9231AFA16E4A85263.e.7685","ELEMENT":"f.5952FD13A0E9015951015C7D643014E2.d.71750C5EDD3750E9231AFA16E4A85263.e.7685"}]}
RESULT: {"script":"<script> [56 bytes]","args":[{"element-6066-11e4-a52e-4f735466cecf":"f.5952FD13A0E9015951015C7D643014E2.d.71750C5EDD3750E9231AFA16E4A85263.e.7685","ELEMENT":"f.5952FD13A0E9015951015C7D643014E2.d.71750C5EDD3750E9231AFA16E4A85263.e.7685"}]}
]]></system-out>
    </testcase>
    <testcase classname="chrome.135_0_7049_96.windows.US134625_Set_up_price_condition_-_one_time" name="Should verify the bill item creation and pricing condition" time="13.247">
      <system-out><![CDATA[
COMMAND: POST /session/7b6bf687a76b2f82f8be10a20d274994/execute/async - {"script":"<script> [1562 bytes]","args":[{"selector":{"controlType":"sap.ui.core.Icon","viewName":"etm.portal.ui.managecontracts.view.Detail","properties":{"src":{"regex":{"source":"slim\\-arrow\\-right"}}}},"wdio_ui5_key":"etmportal.ui.managecontracts.view.Detailsap.ui.core.Icon{\"src\":{\"regex\":{\"source\":\"slim\\\\-arrow\\\\-right\"}}}"}]}
COMMAND: GET /session/7b6bf687a76b2f82f8be10a20d274994/screenshot - {}
RESULT: {"script":"<script> [1562 bytes]","args":[{"selector":{"controlType":"sap.ui.core.Icon","viewName":"etm.portal.ui.managecontracts.view.Detail","properties":{"src":{"regex":{"source":"slim\\-arrow\\-right"}}}},"wdio_ui5_key":"etmportal.ui.managecontracts.view.Detailsap.ui.core.Icon{\"src\":{\"regex\":{\"source\":\"slim\\\\-arrow\\\\-right\"}}}"}]}
RESULT: undefined
COMMAND: POST /session/7b6bf687a76b2f82f8be10a20d274994/element - {"using":"xpath","value":"//*[@id=\"__item1844-__clone3754-imgNav\"]"}
RESULT: {}
RESULT: {"using":"xpath","value":"//*[@id=\"__item1844-__clone3754-imgNav\"]"}
COMMAND: POST /session/7b6bf687a76b2f82f8be10a20d274994/element/f.5952FD13A0E9015951015C7D643014E2.d.71750C5EDD3750E9231AFA16E4A85263.e.7686/click - {}
RESULT: {}
COMMAND: GET /session/7b6bf687a76b2f82f8be10a20d274994/screenshot - {}
COMMAND: POST /session/7b6bf687a76b2f82f8be10a20d274994/execute/async - {"script":"<script> [1562 bytes]","args":[{"selector":{"controlType":"sap.m.Text","viewName":"etm.portal.ui.managecontracts.view.BillingItem","viewId":"application-managecontracts-display-component---BillingItem","bindingPath":{"propertyPath":"LINK_TO_C_BILL_TYPES/DESCRIPTION"}},"wdio_ui5_key":"etmportal.ui.managecontracts.view.BillingItemsap.m.Text{\"propertyPath\":\"LINK_TO_C_BILL_TYPES/DESCRIPTION\"}"}]}
RESULT: {}
RESULT: {"script":"<script> [1562 bytes]","args":[{"selector":{"controlType":"sap.m.Text","viewName":"etm.portal.ui.managecontracts.view.BillingItem","viewId":"application-managecontracts-display-component---BillingItem","bindingPath":{"propertyPath":"LINK_TO_C_BILL_TYPES/DESCRIPTION"}},"wdio_ui5_key":"etmportal.ui.managecontracts.view.BillingItemsap.m.Text{\"propertyPath\":\"LINK_TO_C_BILL_TYPES/DESCRIPTION\"}"}]}
RESULT: undefined
COMMAND: POST /session/7b6bf687a76b2f82f8be10a20d274994/execute/async - {"script":"<script> [6424 bytes]","args":[{"element-6066-11e4-a52e-4f735466cecf":"f.5952FD13A0E9015951015C7D643014E2.d.71750C5EDD3750E9231AFA16E4A85263.e.7726"},"getText",[]]}
RESULT: {"script":"<script> [6424 bytes]","args":[{"element-6066-11e4-a52e-4f735466cecf":"f.5952FD13A0E9015951015C7D643014E2.d.71750C5EDD3750E9231AFA16E4A85263.e.7726"},"getText",[]]}
COMMAND: POST /session/7b6bf687a76b2f82f8be10a20d274994/execute/async - {"script":"<script> [1562 bytes]","args":[{"selector":{"controlType":"sap.m.ObjectNumber","viewName":"etm.portal.ui.managecontracts.view.BillingItem","viewId":"application-managecontracts-display-component---BillingItem","bindingPath":{"propertyPath":"BASE_PRICE"}},"wdio_ui5_key":"etmportal.ui.managecontracts.view.BillingItemsap.m.ObjectNumber{\"propertyPath\":\"BASE_PRICE\"}"}]}
RESULT: {"script":"<script> [1562 bytes]","args":[{"selector":{"controlType":"sap.m.ObjectNumber","viewName":"etm.portal.ui.managecontracts.view.BillingItem","viewId":"application-managecontracts-display-component---BillingItem","bindingPath":{"propertyPath":"BASE_PRICE"}},"wdio_ui5_key":"etmportal.ui.managecontracts.view.BillingItemsap.m.ObjectNumber{\"propertyPath\":\"BASE_PRICE\"}"}]}
RESULT: undefined
COMMAND: POST /session/7b6bf687a76b2f82f8be10a20d274994/execute/async - {"script":"<script> [6424 bytes]","args":[{"element-6066-11e4-a52e-4f735466cecf":"f.5952FD13A0E9015951015C7D643014E2.d.71750C5EDD3750E9231AFA16E4A85263.e.7727"},"getNumber",[]]}
RESULT: {"script":"<script> [6424 bytes]","args":[{"element-6066-11e4-a52e-4f735466cecf":"f.5952FD13A0E9015951015C7D643014E2.d.71750C5EDD3750E9231AFA16E4A85263.e.7727"},"getNumber",[]]}
COMMAND: POST /session/7b6bf687a76b2f82f8be10a20d274994/execute/async - {"script":"<script> [1562 bytes]","args":[{"selector":{"controlType":"sap.m.ObjectNumber","viewName":"etm.portal.ui.managecontracts.view.BillingItem","viewId":"application-managecontracts-display-component---BillingItem","bindingPath":{"propertyPath":"BASE_QUANTITY"}},"wdio_ui5_key":"etmportal.ui.managecontracts.view.BillingItemsap.m.ObjectNumber{\"propertyPath\":\"BASE_QUANTITY\"}"}]}
RESULT: {"script":"<script> [1562 bytes]","args":[{"selector":{"controlType":"sap.m.ObjectNumber","viewName":"etm.portal.ui.managecontracts.view.BillingItem","viewId":"application-managecontracts-display-component---BillingItem","bindingPath":{"propertyPath":"BASE_QUANTITY"}},"wdio_ui5_key":"etmportal.ui.managecontracts.view.BillingItemsap.m.ObjectNumber{\"propertyPath\":\"BASE_QUANTITY\"}"}]}
RESULT: undefined
COMMAND: POST /session/7b6bf687a76b2f82f8be10a20d274994/execute/async - {"script":"<script> [6424 bytes]","args":[{"element-6066-11e4-a52e-4f735466cecf":"f.5952FD13A0E9015951015C7D643014E2.d.71750C5EDD3750E9231AFA16E4A85263.e.7728"},"getNumber",[]]}
RESULT: {"script":"<script> [6424 bytes]","args":[{"element-6066-11e4-a52e-4f735466cecf":"f.5952FD13A0E9015951015C7D643014E2.d.71750C5EDD3750E9231AFA16E4A85263.e.7728"},"getNumber",[]]}
COMMAND: DELETE /session/7b6bf687a76b2f82f8be10a20d274994 - {}
RESULT: {}
]]></system-out>
    </testcase>
  </testsuite>
</testsuites>