<?xml version="1.0" encoding="UTF-8"?>
<testsuites tests="12" failures="2" errors="2" skipped="0">
  <testsuite timestamp="2025-06-05T16:40:37" time="559.124" tests="5" failures="0" errors="0" skipped="0">
    <properties>
      <property name="specId" value="0" />
      <property name="suiteName" value="Warehouse movements inventory test" />
      <property name="capabilities" value="chrome.137_0_7151_69.windows" />
      <property name="file" value="file:///D:/a/1/s/test/specs/HTR/smoke-warehouse-movements-inventory.js" />
    </properties>
    <testcase classname="chrome.137_0_7151_69.windows.Warehouse_movements_inventory_test" name="Should create a new WHM yard" time="144.825">
      <system-out><![CDATA[
COMMAND: POST /session/56592f54b4fb0edb5aa090c3c290776b/execute/async - {"script":"<script> [1562 bytes]","args":[{"selector":{"controlType":"sap.m.GenericTile","properties":{"header":"Manage Yards"}},"wdio_ui5_key":"sapm.GenericTile{\"header\":\"Manage Yards\"}"}]}
RESULT: {"script":"<script> [1562 bytes]","args":[{"selector":{"controlType":"sap.m.GenericTile","properties":{"header":"Manage Yards"}},"wdio_ui5_key":"sapm.GenericTile{\"header\":\"Manage Yards\"}"}]}
RESULT: undefined
COMMAND: POST /session/56592f54b4fb0edb5aa090c3c290776b/element - {"using":"xpath","value":"//*[@id=\"__tile41\"]"}
RESULT: {"using":"xpath","value":"//*[@id=\"__tile41\"]"}
COMMAND: POST /session/56592f54b4fb0edb5aa090c3c290776b/element/f.3FFE31BA54A5084AB0E8E3C4FB609917.d.F19C9A323DE8F20962259237DEA927E3.e.120/click - {}
RESULT: {}
COMMAND: GET /session/56592f54b4fb0edb5aa090c3c290776b/screenshot - {}
RESULT: {}
COMMAND: POST /session/56592f54b4fb0edb5aa090c3c290776b/elements - {"using":"xpath","value":"//span[text()='Error']"}
RESULT: {"using":"xpath","value":"//span[text()='Error']"}
COMMAND: POST /session/56592f54b4fb0edb5aa090c3c290776b/execute/async - {"script":"<script> [1562 bytes]","args":[{"selector":{"controlType":"sap.ui.core.Icon","viewName":"etm.portal.ui.manageyards.view.Master","viewId":"application-manageyards-display-component---masterYard","properties":{"src":{"regex":{"source":"add"}}}},"wdio_ui5_key":"etmportal.ui.manageyards.view.Mastersap.ui.core.Icon{\"src\":{\"regex\":{\"source\":\"add\"}}}"}]}
RESULT: {"script":"<script> [1562 bytes]","args":[{"selector":{"controlType":"sap.ui.core.Icon","viewName":"etm.portal.ui.manageyards.view.Master","viewId":"application-manageyards-display-component---masterYard","properties":{"src":{"regex":{"source":"add"}}}},"wdio_ui5_key":"etmportal.ui.manageyards.view.Mastersap.ui.core.Icon{\"src\":{\"regex\":{\"source\":\"add\"}}}"}]}
RESULT: undefined
COMMAND: POST /session/56592f54b4fb0edb5aa090c3c290776b/element - {"using":"xpath","value":"//*[@id=\"__button4-img\"]"}
RESULT: {"using":"xpath","value":"//*[@id=\"__button4-img\"]"}
COMMAND: POST /session/56592f54b4fb0edb5aa090c3c290776b/element/f.3FFE31BA54A5084AB0E8E3C4FB609917.d.F19C9A323DE8F20962259237DEA927E3.e.167/click - {}
RESULT: {}
COMMAND: GET /session/56592f54b4fb0edb5aa090c3c290776b/screenshot - {}
RESULT: {}
COMMAND: POST /session/56592f54b4fb0edb5aa090c3c290776b/execute/async - {"script":"<script> [1562 bytes]","args":[{"selector":{"id":"application-manageyards-display-component---NewYard--yardId","interaction":{"idSuffix":"inner"}},"wdio_ui5_key":"applicationmanageyards-display-component---NewYard--yardId"}]}
RESULT: {"script":"<script> [1562 bytes]","args":[{"selector":{"id":"application-manageyards-display-component---NewYard--yardId","interaction":{"idSuffix":"inner"}},"wdio_ui5_key":"applicationmanageyards-display-component---NewYard--yardId"}]}
RESULT: undefined
COMMAND: POST /session/56592f54b4fb0edb5aa090c3c290776b/element - {"using":"xpath","value":"//*[@id=\"application-manageyards-display-component---NewYard--addressDetailDetailsName1-inner\"]"}
RESULT: {"using":"xpath","value":"//*[@id=\"application-manageyards-display-component---NewYard--addressDetailDetailsName1-inner\"]"}
COMMAND: POST /session/56592f54b4fb0edb5aa090c3c290776b/element/f.3FFE31BA54A5084AB0E8E3C4FB609917.d.F19C9A323DE8F20962259237DEA927E3.e.380/clear - {}
RESULT: {}
COMMAND: POST /session/56592f54b4fb0edb5aa090c3c290776b/element/f.3FFE31BA54A5084AB0E8E3C4FB609917.d.F19C9A323DE8F20962259237DEA927E3.e.380/value - {"text":"WebdriverWHMYarddnpr8"}
COMMAND: GET /session/56592f54b4fb0edb5aa090c3c290776b/screenshot - {}
RESULT: {"text":"WebdriverWHMYarddnpr8"}
COMMAND: POST /session/56592f54b4fb0edb5aa090c3c290776b/element - {"using":"xpath","value":"//*[@id=\"application-manageyards-display-component---NewYard--addressDetailDetailsLanguage-inner\"]"}
COMMAND: GET /session/56592f54b4fb0edb5aa090c3c290776b/screenshot - {}
RESULT: {}
RESULT: {"using":"xpath","value":"//*[@id=\"application-manageyards-display-component---NewYard--addressDetailDetailsLanguage-inner\"]"}
COMMAND: POST /session/56592f54b4fb0edb5aa090c3c290776b/element/f.3FFE31BA54A5084AB0E8E3C4FB609917.d.F19C9A323DE8F20962259237DEA927E3.e.381/clear - {}
RESULT: {}
RESULT: {}
COMMAND: POST /session/56592f54b4fb0edb5aa090c3c290776b/element/f.3FFE31BA54A5084AB0E8E3C4FB609917.d.F19C9A323DE8F20962259237DEA927E3.e.381/value - {"text":"Romanian"}
COMMAND: GET /session/56592f54b4fb0edb5aa090c3c290776b/screenshot - {}
RESULT: {"text":"Romanian"}
COMMAND: POST /session/56592f54b4fb0edb5aa090c3c290776b/element - {"using":"xpath","value":"//input[contains(@id ,\"application-manageyards-display-component---NewYard--addressDetailDetailsName1-inner\")]"}
COMMAND: GET /session/56592f54b4fb0edb5aa090c3c290776b/screenshot - {}
RESULT: {}
RESULT: {"using":"xpath","value":"//input[contains(@id ,\"application-manageyards-display-component---NewYard--addressDetailDetailsName1-inner\")]"}
COMMAND: GET /session/56592f54b4fb0edb5aa090c3c290776b/element/f.3FFE31BA54A5084AB0E8E3C4FB609917.d.F19C9A323DE8F20962259237DEA927E3.e.380/property/value - {}
RESULT: {}
RESULT: {}
COMMAND: GET /session/56592f54b4fb0edb5aa090c3c290776b/screenshot - {}
RESULT: {}
COMMAND: POST /session/56592f54b4fb0edb5aa090c3c290776b/element - {"using":"xpath","value":"//*[@id=\"application-manageyards-display-component---NewYard--addressDetailDetailsCity1-inner\"]"}
RESULT: {"using":"xpath","value":"//*[@id=\"application-manageyards-display-component---NewYard--addressDetailDetailsCity1-inner\"]"}
COMMAND: POST /session/56592f54b4fb0edb5aa090c3c290776b/element/f.3FFE31BA54A5084AB0E8E3C4FB609917.d.F19C9A323DE8F20962259237DEA927E3.e.383/clear - {}
RESULT: {}
COMMAND: POST /session/56592f54b4fb0edb5aa090c3c290776b/element/f.3FFE31BA54A5084AB0E8E3C4FB609917.d.F19C9A323DE8F20962259237DEA927E3.e.383/value - {"text":"Bucuresti"}
COMMAND: GET /session/56592f54b4fb0edb5aa090c3c290776b/screenshot - {}
RESULT: {"text":"Bucuresti"}
COMMAND: GET /session/56592f54b4fb0edb5aa090c3c290776b/screenshot - {}
RESULT: {}
RESULT: {}
COMMAND: POST /session/56592f54b4fb0edb5aa090c3c290776b/element - {"using":"xpath","value":"//*[@id=\"application-manageyards-display-component---NewYard--addressDetailDetailsCountry-inner\"]"}
RESULT: {"using":"xpath","value":"//*[@id=\"application-manageyards-display-component---NewYard--addressDetailDetailsCountry-inner\"]"}
COMMAND: POST /session/56592f54b4fb0edb5aa090c3c290776b/element/f.3FFE31BA54A5084AB0E8E3C4FB609917.d.F19C9A323DE8F20962259237DEA927E3.e.387/clear - {}
RESULT: {}
COMMAND: POST /session/56592f54b4fb0edb5aa090c3c290776b/element/f.3FFE31BA54A5084AB0E8E3C4FB609917.d.F19C9A323DE8F20962259237DEA927E3.e.387/value - {"text":"Romania"}
COMMAND: GET /session/56592f54b4fb0edb5aa090c3c290776b/screenshot - {}
RESULT: {"text":"Romania"}
COMMAND: GET /session/56592f54b4fb0edb5aa090c3c290776b/screenshot - {}
RESULT: {}
RESULT: {}
COMMAND: POST /session/56592f54b4fb0edb5aa090c3c290776b/execute/async - {"script":"<script> [1562 bytes]","args":[{"selector":{"controlType":"sap.m.Button","viewName":"etm.portal.ui.manageyards.view.New","viewId":"application-manageyards-display-component---NewYard","properties":{"text":"Commercial"},"interaction":{"idSuffix":"BDI-content"}},"wdio_ui5_key":"etmportal.ui.manageyards.view.Newsap.m.Button{\"text\":\"Commercial\"}"}]}
RESULT: {"script":"<script> [1562 bytes]","args":[{"selector":{"controlType":"sap.m.Button","viewName":"etm.portal.ui.manageyards.view.New","viewId":"application-manageyards-display-component---NewYard","properties":{"text":"Commercial"},"interaction":{"idSuffix":"BDI-content"}},"wdio_ui5_key":"etmportal.ui.manageyards.view.Newsap.m.Button{\"text\":\"Commercial\"}"}]}
RESULT: undefined
COMMAND: POST /session/56592f54b4fb0edb5aa090c3c290776b/element - {"using":"xpath","value":"//*[@id=\"application-manageyards-display-component---NewYard--ObjectPageLayout-anchBar-__section5-anchor\"]"}
RESULT: {"using":"xpath","value":"//*[@id=\"application-manageyards-display-component---NewYard--ObjectPageLayout-anchBar-__section5-anchor\"]"}
COMMAND: POST /session/56592f54b4fb0edb5aa090c3c290776b/element/f.3FFE31BA54A5084AB0E8E3C4FB609917.d.F19C9A323DE8F20962259237DEA927E3.e.574/click - {}
RESULT: {}
COMMAND: GET /session/56592f54b4fb0edb5aa090c3c290776b/screenshot - {}
RESULT: {}
COMMAND: POST /session/56592f54b4fb0edb5aa090c3c290776b/element - {"using":"xpath","value":"//div[contains(text(), \"Commercial\")]"}
RESULT: {"using":"xpath","value":"//div[contains(text(), \"Commercial\")]"}
COMMAND: GET /session/56592f54b4fb0edb5aa090c3c290776b/element/f.3FFE31BA54A5084AB0E8E3C4FB609917.d.F19C9A323DE8F20962259237DEA927E3.e.585/rect - {}
RESULT: {}
COMMAND: GET /session/56592f54b4fb0edb5aa090c3c290776b/window/rect - {}
RESULT: {}
COMMAND: POST /session/56592f54b4fb0edb5aa090c3c290776b/execute/sync - {"script":"<script> [92 bytes]","args":[]}
RESULT: {"script":"<script> [92 bytes]","args":[]}
COMMAND: POST /session/56592f54b4fb0edb5aa090c3c290776b/actions - {"actions":[{"id":"action1","type":"wheel","parameters":{},"actions":[{"type":"scroll","x":-1841,"y":-44,"deltaX":0,"deltaY":0,"duration":0,"origin":{"element-6066-11e4-a52e-4f735466cecf":"f.3FFE31BA54A5084AB0E8E3C4FB609917.d.F19C9A323DE8F20962259237DEA927E3.e.585"}}]}]}
COMMAND: GET /session/56592f54b4fb0edb5aa090c3c290776b/screenshot - {}
RESULT: {}
COMMAND: POST /session/56592f54b4fb0edb5aa090c3c290776b/execute/sync - {"script":"<script> [79 bytes]","args":[{"element-6066-11e4-a52e-4f735466cecf":"f.3FFE31BA54A5084AB0E8E3C4FB609917.d.F19C9A323DE8F20962259237DEA927E3.e.585","ELEMENT":"f.3FFE31BA54A5084AB0E8E3C4FB609917.d.F19C9A323DE8F20962259237DEA927E3.e.585"},{"block":"start","inline":"nearest"}]}
RESULT: {"script":"<script> [79 bytes]","args":[{"element-6066-11e4-a52e-4f735466cecf":"f.3FFE31BA54A5084AB0E8E3C4FB609917.d.F19C9A323DE8F20962259237DEA927E3.e.585","ELEMENT":"f.3FFE31BA54A5084AB0E8E3C4FB609917.d.F19C9A323DE8F20962259237DEA927E3.e.585"},{"block":"start","inline":"nearest"}]}
COMMAND: GET /session/56592f54b4fb0edb5aa090c3c290776b/screenshot - {}
RESULT: {}
COMMAND: POST /session/56592f54b4fb0edb5aa090c3c290776b/execute/async - {"script":"<script> [1562 bytes]","args":[{"selector":{"id":"application-manageyards-display-component---NewYard--addressEditDetailsCostObjectCstType-arrow"},"wdio_ui5_key":"applicationmanageyards-display-component---NewYard--addressEditDetailsCostObjectCstType-arrow"}]}
RESULT: {"script":"<script> [1562 bytes]","args":[{"selector":{"id":"application-manageyards-display-component---NewYard--addressEditDetailsCostObjectCstType-arrow"},"wdio_ui5_key":"applicationmanageyards-display-component---NewYard--addressEditDetailsCostObjectCstType-arrow"}]}
RESULT: undefined
COMMAND: POST /session/56592f54b4fb0edb5aa090c3c290776b/element - {"using":"xpath","value":"//*[@id=\"application-manageyards-display-component---NewYard--addressEditDetailsCostObjectCstType-arrow\"]"}
RESULT: {"using":"xpath","value":"//*[@id=\"application-manageyards-display-component---NewYard--addressEditDetailsCostObjectCstType-arrow\"]"}
COMMAND: POST /session/56592f54b4fb0edb5aa090c3c290776b/element/f.3FFE31BA54A5084AB0E8E3C4FB609917.d.F19C9A323DE8F20962259237DEA927E3.e.586/click - {}
RESULT: {}
COMMAND: POST /session/56592f54b4fb0edb5aa090c3c290776b/element - {"using":"xpath","value":"//span[contains(text(), \"Cost Center\")]"}
COMMAND: GET /session/56592f54b4fb0edb5aa090c3c290776b/screenshot - {}
RESULT: {"using":"xpath","value":"//span[contains(text(), \"Cost Center\")]"}
COMMAND: POST /session/56592f54b4fb0edb5aa090c3c290776b/element/f.3FFE31BA54A5084AB0E8E3C4FB609917.d.F19C9A323DE8F20962259237DEA927E3.e.587/click - {}
RESULT: {}
RESULT: {}
COMMAND: GET /session/56592f54b4fb0edb5aa090c3c290776b/screenshot - {}
RESULT: {}
COMMAND: POST /session/56592f54b4fb0edb5aa090c3c290776b/execute/async - {"script":"<script> [1562 bytes]","args":[{"selector":{"id":"application-manageyards-display-component---NewYard--addressNewCostObjectCstID-vhi"},"wdio_ui5_key":"applicationmanageyards-display-component---NewYard--addressNewCostObjectCstID-vhi"}]}
RESULT: {"script":"<script> [1562 bytes]","args":[{"selector":{"id":"application-manageyards-display-component---NewYard--addressNewCostObjectCstID-vhi"},"wdio_ui5_key":"applicationmanageyards-display-component---NewYard--addressNewCostObjectCstID-vhi"}]}
RESULT: undefined
COMMAND: POST /session/56592f54b4fb0edb5aa090c3c290776b/element - {"using":"xpath","value":"//*[@id=\"application-manageyards-display-component---NewYard--addressNewCostObjectCstID-vhi\"]"}
RESULT: {"using":"xpath","value":"//*[@id=\"application-manageyards-display-component---NewYard--addressNewCostObjectCstID-vhi\"]"}
COMMAND: POST /session/56592f54b4fb0edb5aa090c3c290776b/element/f.3FFE31BA54A5084AB0E8E3C4FB609917.d.F19C9A323DE8F20962259237DEA927E3.e.591/click - {}
RESULT: {}
COMMAND: GET /session/56592f54b4fb0edb5aa090c3c290776b/screenshot - {}
RESULT: {}
COMMAND: POST /session/56592f54b4fb0edb5aa090c3c290776b/execute/async - {"script":"<script> [1562 bytes]","args":[{"selector":{"controlType":"sap.m.SearchField","properties":{"placeholder":"Search"},"searchOpenDialogs":true,"interaction":{"idSuffix":"I"}},"wdio_ui5_key":"sapm.SearchField{\"placeholder\":\"Search\"}"}]}
RESULT: {"script":"<script> [1562 bytes]","args":[{"selector":{"controlType":"sap.m.SearchField","properties":{"placeholder":"Search"},"searchOpenDialogs":true,"interaction":{"idSuffix":"I"}},"wdio_ui5_key":"sapm.SearchField{\"placeholder\":\"Search\"}"}]}
RESULT: undefined
COMMAND: POST /session/56592f54b4fb0edb5aa090c3c290776b/execute/async - {"script":"<script> [776 bytes]","args":[{"enterText":"10001013","selector":{"controlType":"sap.m.SearchField","properties":{"placeholder":"Search"},"searchOpenDialogs":true,"interaction":{"idSuffix":"I"}},"clearTextFirst":true,"interactionType":"ENTER_TEXT"}]}
RESULT: {"script":"<script> [776 bytes]","args":[{"enterText":"10001013","selector":{"controlType":"sap.m.SearchField","properties":{"placeholder":"Search"},"searchOpenDialogs":true,"interaction":{"idSuffix":"I"}},"clearTextFirst":true,"interactionType":"ENTER_TEXT"}]}
COMMAND: POST /session/56592f54b4fb0edb5aa090c3c290776b/actions - {"actions":[{"id":"action2","type":"key","parameters":{},"actions":[{"type":"keyDown","value":"î€‡"},{"type":"pause","duration":10},{"type":"keyUp","value":"î€‡"}]}]}
RESULT: {"actions":[{"id":"action2","type":"key","parameters":{},"actions":[{"type":"keyDown","value":"î€‡"},{"type":"pause","duration":10},{"type":"keyUp","value":"î€‡"}]}]}
COMMAND: GET /session/56592f54b4fb0edb5aa090c3c290776b/screenshot - {}
RESULT: {}
COMMAND: POST /session/56592f54b4fb0edb5aa090c3c290776b/element - {"using":"xpath","value":"//span[contains(text(), \"General Management\")]"}
RESULT: {"using":"xpath","value":"//span[contains(text(), \"General Management\")]"}
COMMAND: POST /session/56592f54b4fb0edb5aa090c3c290776b/element/f.3FFE31BA54A5084AB0E8E3C4FB609917.d.F19C9A323DE8F20962259237DEA927E3.e.633/click - {}
RESULT: {}
COMMAND: GET /session/56592f54b4fb0edb5aa090c3c290776b/screenshot - {}
RESULT: {}
COMMAND: POST /session/56592f54b4fb0edb5aa090c3c290776b/element - {"using":"xpath","value":"//bdi[contains(text(), \"OK\")]"}
RESULT: {"using":"xpath","value":"//bdi[contains(text(), \"OK\")]"}
COMMAND: POST /session/56592f54b4fb0edb5aa090c3c290776b/element/f.3FFE31BA54A5084AB0E8E3C4FB609917.d.F19C9A323DE8F20962259237DEA927E3.e.634/click - {}
RESULT: {}
COMMAND: GET /session/56592f54b4fb0edb5aa090c3c290776b/screenshot - {}
RESULT: {}
COMMAND: POST /session/56592f54b4fb0edb5aa090c3c290776b/execute/async - {"script":"<script> [1562 bytes]","args":[{"selector":{"id":"application-manageyards-display-component---NewYard--addressEditDetailsCurrency","interaction":{"idSuffix":"inner"}},"wdio_ui5_key":"applicationmanageyards-display-component---NewYard--addressEditDetailsCurrency"}]}
RESULT: {"script":"<script> [1562 bytes]","args":[{"selector":{"id":"application-manageyards-display-component---NewYard--addressEditDetailsCurrency","interaction":{"idSuffix":"inner"}},"wdio_ui5_key":"applicationmanageyards-display-component---NewYard--addressEditDetailsCurrency"}]}
RESULT: undefined
COMMAND: POST /session/56592f54b4fb0edb5aa090c3c290776b/execute/async - {"script":"<script> [776 bytes]","args":[{"enterText":"Euro","selector":{"id":"application-manageyards-display-component---NewYard--addressEditDetailsCurrency","interaction":{"idSuffix":"inner"}},"clearTextFirst":true,"interactionType":"ENTER_TEXT"}]}
RESULT: {"script":"<script> [776 bytes]","args":[{"enterText":"Euro","selector":{"id":"application-manageyards-display-component---NewYard--addressEditDetailsCurrency","interaction":{"idSuffix":"inner"}},"clearTextFirst":true,"interactionType":"ENTER_TEXT"}]}
COMMAND: POST /session/56592f54b4fb0edb5aa090c3c290776b/execute/async - {"script":"<script> [1562 bytes]","args":[{"selector":{"controlType":"sap.m.Input","viewName":"etm.portal.ui.manageyards.view.New","viewId":"application-manageyards-display-component---NewYard","bindingPath":{"path":"","propertyPath":"/CONTROLLING_AREA","modelName":"NewYardModel"},"interaction":{"idSuffix":"inner"}},"wdio_ui5_key":"etmportal.ui.manageyards.view.Newsap.m.Input{\"path\":\"\",\"propertyPath\":\"/CONTROLLING_AREA\",\"modelName\":\"NewYardModel\"}"}]}
RESULT: {"script":"<script> [1562 bytes]","args":[{"selector":{"controlType":"sap.m.Input","viewName":"etm.portal.ui.manageyards.view.New","viewId":"application-manageyards-display-component---NewYard","bindingPath":{"path":"","propertyPath":"/CONTROLLING_AREA","modelName":"NewYardModel"},"interaction":{"idSuffix":"inner"}},"wdio_ui5_key":"etmportal.ui.manageyards.view.Newsap.m.Input{\"path\":\"\",\"propertyPath\":\"/CONTROLLING_AREA\",\"modelName\":\"NewYardModel\"}"}]}
RESULT: undefined
COMMAND: POST /session/56592f54b4fb0edb5aa090c3c290776b/execute/async - {"script":"<script> [776 bytes]","args":[{"enterText":"Z001","selector":{"controlType":"sap.m.Input","viewName":"etm.portal.ui.manageyards.view.New","viewId":"application-manageyards-display-component---NewYard","bindingPath":{"path":"","propertyPath":"/CONTROLLING_AREA","modelName":"NewYardModel"},"interaction":{"idSuffix":"inner"}},"clearTextFirst":true,"interactionType":"ENTER_TEXT"}]}
RESULT: {"script":"<script> [776 bytes]","args":[{"enterText":"Z001","selector":{"controlType":"sap.m.Input","viewName":"etm.portal.ui.manageyards.view.New","viewId":"application-manageyards-display-component---NewYard","bindingPath":{"path":"","propertyPath":"/CONTROLLING_AREA","modelName":"NewYardModel"},"interaction":{"idSuffix":"inner"}},"clearTextFirst":true,"interactionType":"ENTER_TEXT"}]}
COMMAND: POST /session/56592f54b4fb0edb5aa090c3c290776b/execute/async - {"script":"<script> [1562 bytes]","args":[{"selector":{"id":"application-manageyards-display-component---NewYard--companyCodeComboBox","interaction":{"idSuffix":"inner"}},"wdio_ui5_key":"applicationmanageyards-display-component---NewYard--companyCodeComboBox"}]}
RESULT: {"script":"<script> [1562 bytes]","args":[{"selector":{"id":"application-manageyards-display-component---NewYard--companyCodeComboBox","interaction":{"idSuffix":"inner"}},"wdio_ui5_key":"applicationmanageyards-display-component---NewYard--companyCodeComboBox"}]}
RESULT: undefined
COMMAND: POST /session/56592f54b4fb0edb5aa090c3c290776b/execute/async - {"script":"<script> [776 bytes]","args":[{"enterText":"1000","selector":{"id":"application-manageyards-display-component---NewYard--companyCodeComboBox","interaction":{"idSuffix":"inner"}},"clearTextFirst":true,"interactionType":"ENTER_TEXT"}]}
RESULT: {"script":"<script> [776 bytes]","args":[{"enterText":"1000","selector":{"id":"application-manageyards-display-component---NewYard--companyCodeComboBox","interaction":{"idSuffix":"inner"}},"clearTextFirst":true,"interactionType":"ENTER_TEXT"}]}
COMMAND: POST /session/56592f54b4fb0edb5aa090c3c290776b/actions - {"actions":[{"id":"action3","type":"key","parameters":{},"actions":[{"type":"keyDown","value":"î€‡"},{"type":"pause","duration":10},{"type":"keyUp","value":"î€‡"}]}]}
RESULT: {"actions":[{"id":"action3","type":"key","parameters":{},"actions":[{"type":"keyDown","value":"î€‡"},{"type":"pause","duration":10},{"type":"keyUp","value":"î€‡"}]}]}
COMMAND: POST /session/56592f54b4fb0edb5aa090c3c290776b/execute/async - {"script":"<script> [1562 bytes]","args":[{"selector":{"controlType":"sap.m.Input","viewName":"etm.portal.ui.manageyards.view.New","viewId":"application-manageyards-display-component---NewYard","bindingPath":{"path":"","propertyPath":"/PLANT","modelName":"NewYardModel"},"interaction":{"idSuffix":"inner"}},"wdio_ui5_key":"etmportal.ui.manageyards.view.Newsap.m.Input{\"path\":\"\",\"propertyPath\":\"/PLANT\",\"modelName\":\"NewYardModel\"}"}]}
COMMAND: GET /session/56592f54b4fb0edb5aa090c3c290776b/screenshot - {}
RESULT: {"script":"<script> [1562 bytes]","args":[{"selector":{"controlType":"sap.m.Input","viewName":"etm.portal.ui.manageyards.view.New","viewId":"application-manageyards-display-component---NewYard","bindingPath":{"path":"","propertyPath":"/PLANT","modelName":"NewYardModel"},"interaction":{"idSuffix":"inner"}},"wdio_ui5_key":"etmportal.ui.manageyards.view.Newsap.m.Input{\"path\":\"\",\"propertyPath\":\"/PLANT\",\"modelName\":\"NewYardModel\"}"}]}
RESULT: undefined
COMMAND: POST /session/56592f54b4fb0edb5aa090c3c290776b/execute/async - {"script":"<script> [776 bytes]","args":[{"enterText":"1001","selector":{"controlType":"sap.m.Input","viewName":"etm.portal.ui.manageyards.view.New","viewId":"application-manageyards-display-component---NewYard","bindingPath":{"path":"","propertyPath":"/PLANT","modelName":"NewYardModel"},"interaction":{"idSuffix":"inner"}},"clearTextFirst":true,"interactionType":"ENTER_TEXT"}]}
RESULT: {}
RESULT: {"script":"<script> [776 bytes]","args":[{"enterText":"1001","selector":{"controlType":"sap.m.Input","viewName":"etm.portal.ui.manageyards.view.New","viewId":"application-manageyards-display-component---NewYard","bindingPath":{"path":"","propertyPath":"/PLANT","modelName":"NewYardModel"},"interaction":{"idSuffix":"inner"}},"clearTextFirst":true,"interactionType":"ENTER_TEXT"}]}
COMMAND: POST /session/56592f54b4fb0edb5aa090c3c290776b/execute/async - {"script":"<script> [1562 bytes]","args":[{"selector":{"controlType":"sap.m.Input","viewName":"etm.portal.ui.manageyards.view.New","viewId":"application-manageyards-display-component---NewYard","bindingPath":{"path":"","propertyPath":"/SALES_AREA_VKORG","modelName":"NewYardModel"},"interaction":{"idSuffix":"inner"}},"wdio_ui5_key":"etmportal.ui.manageyards.view.Newsap.m.Input{\"path\":\"\",\"propertyPath\":\"/SALES_AREA_VKORG\",\"modelName\":\"NewYardModel\"}"}]}
RESULT: {"script":"<script> [1562 bytes]","args":[{"selector":{"controlType":"sap.m.Input","viewName":"etm.portal.ui.manageyards.view.New","viewId":"application-manageyards-display-component---NewYard","bindingPath":{"path":"","propertyPath":"/SALES_AREA_VKORG","modelName":"NewYardModel"},"interaction":{"idSuffix":"inner"}},"wdio_ui5_key":"etmportal.ui.manageyards.view.Newsap.m.Input{\"path\":\"\",\"propertyPath\":\"/SALES_AREA_VKORG\",\"modelName\":\"NewYardModel\"}"}]}
RESULT: undefined
COMMAND: POST /session/56592f54b4fb0edb5aa090c3c290776b/execute/async - {"script":"<script> [776 bytes]","args":[{"enterText":"C002","selector":{"controlType":"sap.m.Input","viewName":"etm.portal.ui.manageyards.view.New","viewId":"application-manageyards-display-component---NewYard","bindingPath":{"path":"","propertyPath":"/SALES_AREA_VKORG","modelName":"NewYardModel"},"interaction":{"idSuffix":"inner"}},"clearTextFirst":true,"interactionType":"ENTER_TEXT"}]}
RESULT: {"script":"<script> [776 bytes]","args":[{"enterText":"C002","selector":{"controlType":"sap.m.Input","viewName":"etm.portal.ui.manageyards.view.New","viewId":"application-manageyards-display-component---NewYard","bindingPath":{"path":"","propertyPath":"/SALES_AREA_VKORG","modelName":"NewYardModel"},"interaction":{"idSuffix":"inner"}},"clearTextFirst":true,"interactionType":"ENTER_TEXT"}]}
COMMAND: POST /session/56592f54b4fb0edb5aa090c3c290776b/execute/async - {"script":"<script> [1562 bytes]","args":[{"selector":{"controlType":"sap.m.Input","viewName":"etm.portal.ui.manageyards.view.New","viewId":"application-manageyards-display-component---NewYard","bindingPath":{"path":"","propertyPath":"/SALES_AREA_VTWEG","modelName":"NewYardModel"},"interaction":{"idSuffix":"inner"}},"wdio_ui5_key":"etmportal.ui.manageyards.view.Newsap.m.Input{\"path\":\"\",\"propertyPath\":\"/SALES_AREA_VTWEG\",\"modelName\":\"NewYardModel\"}"}]}
RESULT: {"script":"<script> [1562 bytes]","args":[{"selector":{"controlType":"sap.m.Input","viewName":"etm.portal.ui.manageyards.view.New","viewId":"application-manageyards-display-component---NewYard","bindingPath":{"path":"","propertyPath":"/SALES_AREA_VTWEG","modelName":"NewYardModel"},"interaction":{"idSuffix":"inner"}},"wdio_ui5_key":"etmportal.ui.manageyards.view.Newsap.m.Input{\"path\":\"\",\"propertyPath\":\"/SALES_AREA_VTWEG\",\"modelName\":\"NewYardModel\"}"}]}
RESULT: undefined
COMMAND: POST /session/56592f54b4fb0edb5aa090c3c290776b/execute/async - {"script":"<script> [776 bytes]","args":[{"enterText":"C2","selector":{"controlType":"sap.m.Input","viewName":"etm.portal.ui.manageyards.view.New","viewId":"application-manageyards-display-component---NewYard","bindingPath":{"path":"","propertyPath":"/SALES_AREA_VTWEG","modelName":"NewYardModel"},"interaction":{"idSuffix":"inner"}},"clearTextFirst":true,"interactionType":"ENTER_TEXT"}]}
RESULT: {"script":"<script> [776 bytes]","args":[{"enterText":"C2","selector":{"controlType":"sap.m.Input","viewName":"etm.portal.ui.manageyards.view.New","viewId":"application-manageyards-display-component---NewYard","bindingPath":{"path":"","propertyPath":"/SALES_AREA_VTWEG","modelName":"NewYardModel"},"interaction":{"idSuffix":"inner"}},"clearTextFirst":true,"interactionType":"ENTER_TEXT"}]}
COMMAND: POST /session/56592f54b4fb0edb5aa090c3c290776b/execute/async - {"script":"<script> [1562 bytes]","args":[{"selector":{"controlType":"sap.m.Input","viewName":"etm.portal.ui.manageyards.view.New","viewId":"application-manageyards-display-component---NewYard","bindingPath":{"path":"","propertyPath":"/SALES_AREA_SPART","modelName":"NewYardModel"},"interaction":{"idSuffix":"inner"}},"wdio_ui5_key":"etmportal.ui.manageyards.view.Newsap.m.Input{\"path\":\"\",\"propertyPath\":\"/SALES_AREA_SPART\",\"modelName\":\"NewYardModel\"}"}]}
RESULT: {"script":"<script> [1562 bytes]","args":[{"selector":{"controlType":"sap.m.Input","viewName":"etm.portal.ui.manageyards.view.New","viewId":"application-manageyards-display-component---NewYard","bindingPath":{"path":"","propertyPath":"/SALES_AREA_SPART","modelName":"NewYardModel"},"interaction":{"idSuffix":"inner"}},"wdio_ui5_key":"etmportal.ui.manageyards.view.Newsap.m.Input{\"path\":\"\",\"propertyPath\":\"/SALES_AREA_SPART\",\"modelName\":\"NewYardModel\"}"}]}
RESULT: undefined
COMMAND: POST /session/56592f54b4fb0edb5aa090c3c290776b/execute/async - {"script":"<script> [776 bytes]","args":[{"enterText":"C2","selector":{"controlType":"sap.m.Input","viewName":"etm.portal.ui.manageyards.view.New","viewId":"application-manageyards-display-component---NewYard","bindingPath":{"path":"","propertyPath":"/SALES_AREA_SPART","modelName":"NewYardModel"},"interaction":{"idSuffix":"inner"}},"clearTextFirst":true,"interactionType":"ENTER_TEXT"}]}
RESULT: {"script":"<script> [776 bytes]","args":[{"enterText":"C2","selector":{"controlType":"sap.m.Input","viewName":"etm.portal.ui.manageyards.view.New","viewId":"application-manageyards-display-component---NewYard","bindingPath":{"path":"","propertyPath":"/SALES_AREA_SPART","modelName":"NewYardModel"},"interaction":{"idSuffix":"inner"}},"clearTextFirst":true,"interactionType":"ENTER_TEXT"}]}
COMMAND: POST /session/56592f54b4fb0edb5aa090c3c290776b/execute/async - {"script":"<script> [1562 bytes]","args":[{"selector":{"id":"application-manageyards-display-component---NewYard--whmCheckBox","interaction":{"idSuffix":"CbBg"}},"wdio_ui5_key":"applicationmanageyards-display-component---NewYard--whmCheckBox"}]}
RESULT: {"script":"<script> [1562 bytes]","args":[{"selector":{"id":"application-manageyards-display-component---NewYard--whmCheckBox","interaction":{"idSuffix":"CbBg"}},"wdio_ui5_key":"applicationmanageyards-display-component---NewYard--whmCheckBox"}]}
RESULT: undefined
COMMAND: POST /session/56592f54b4fb0edb5aa090c3c290776b/element - {"using":"xpath","value":"//*[@id=\"application-manageyards-display-component---NewYard--whmCheckBox\"]"}
RESULT: {"using":"xpath","value":"//*[@id=\"application-manageyards-display-component---NewYard--whmCheckBox\"]"}
COMMAND: POST /session/56592f54b4fb0edb5aa090c3c290776b/element/f.3FFE31BA54A5084AB0E8E3C4FB609917.d.F19C9A323DE8F20962259237DEA927E3.e.645/click - {}
RESULT: {}
COMMAND: POST /session/56592f54b4fb0edb5aa090c3c290776b/execute/async - {"script":"<script> [1562 bytes]","args":[{"selector":{"controlType":"sap.m.Button","viewName":"etm.portal.ui.manageyards.view.New","viewId":"application-manageyards-display-component---NewYard","i18NText":{"propertyName":"text","key":"save"},"interaction":{"idSuffix":"inner"}},"wdio_ui5_key":"etmportal.ui.manageyards.view.Newsap.m.Button{\"propertyName\":\"text\",\"key\":\"save\"}"}]}
COMMAND: GET /session/56592f54b4fb0edb5aa090c3c290776b/screenshot - {}
RESULT: {"script":"<script> [1562 bytes]","args":[{"selector":{"controlType":"sap.m.Button","viewName":"etm.portal.ui.manageyards.view.New","viewId":"application-manageyards-display-component---NewYard","i18NText":{"propertyName":"text","key":"save"},"interaction":{"idSuffix":"inner"}},"wdio_ui5_key":"etmportal.ui.manageyards.view.Newsap.m.Button{\"propertyName\":\"text\",\"key\":\"save\"}"}]}
RESULT: undefined
COMMAND: POST /session/56592f54b4fb0edb5aa090c3c290776b/element - {"using":"xpath","value":"//*[@id=\"__button18\"]"}
RESULT: {}
RESULT: {"using":"xpath","value":"//*[@id=\"__button18\"]"}
COMMAND: POST /session/56592f54b4fb0edb5aa090c3c290776b/element/f.3FFE31BA54A5084AB0E8E3C4FB609917.d.F19C9A323DE8F20962259237DEA927E3.e.553/click - {}
RESULT: {}
COMMAND: GET /session/56592f54b4fb0edb5aa090c3c290776b/screenshot - {}
RESULT: {}
COMMAND: POST /session/56592f54b4fb0edb5aa090c3c290776b/element - {"using":"css selector","value":"#shell-header-logo"}
RESULT: {"using":"css selector","value":"#shell-header-logo"}
COMMAND: POST /session/56592f54b4fb0edb5aa090c3c290776b/element/f.3FFE31BA54A5084AB0E8E3C4FB609917.d.F19C9A323DE8F20962259237DEA927E3.e.122/click - {}
RESULT: {}
COMMAND: GET /session/56592f54b4fb0edb5aa090c3c290776b/screenshot - {}
RESULT: {}
COMMAND: POST /session/56592f54b4fb0edb5aa090c3c290776b/refresh - {}
RESULT: {}
COMMAND: GET /session/56592f54b4fb0edb5aa090c3c290776b/screenshot - {}
RESULT: {}
COMMAND: POST /session/56592f54b4fb0edb5aa090c3c290776b/execute/async - {"script":"<script> [189 bytes]","args":[]}
RESULT: {"script":"<script> [189 bytes]","args":[]}
COMMAND: POST /session/56592f54b4fb0edb5aa090c3c290776b/execute/async - {"script":"<script> [123 bytes]","args":[]}
RESULT: {"script":"<script> [123 bytes]","args":[]}
COMMAND: POST /session/56592f54b4fb0edb5aa090c3c290776b/timeouts - {"script":"<number>"}
RESULT: {"script":"<number>"}
COMMAND: GET /session/56592f54b4fb0edb5aa090c3c290776b/timeouts - {}
RESULT: {}
RESULT: undefined
COMMAND: POST /session/56592f54b4fb0edb5aa090c3c290776b/execute/async - {"script":"<script> [2676 bytes]","args":[]}
RESULT: {"script":"<script> [2676 bytes]","args":[]}
COMMAND: POST /session/56592f54b4fb0edb5aa090c3c290776b/execute/async - {"script":"<script> [2342 bytes]","args":[{"protocol":"http","hostname":"0.0.0.0","path":"/","capabilities":{"browserName":"chrome","goog:chromeOptions":{"binary":"C:\\Program Files\\Google\\Chrome\\Application\\chrome.exe","args":["--start-maximized"]}},"logLevel":"warn","connectionRetryTimeout":120000,"connectionRetryCount":3,"logLevels":{},"enableDirectConnect":true,"strictSSL":true,"_":"65 more keys: [\"cacheDir\",\"port\",\"requestedCapabilities\",\"automationProtocol\",\"baseUrl\",\"waitforInterval\",\"waitforTimeout\",\"onReload\",\"beforeCommand\",\"afterCommand\",\"rootDir\",\"specs\",\"suites\",\"exclude\",\"groupLogsByTestSpec\",\"excludeDriverLogs\",\"bail\",\"framework\",\"reporters\",\"services\",\"maxInstances\",\"maxInstancesPerCapability\",\"injectGlobals\",\"filesToWatch\",\"execArgv\",\"runnerEnv\",\"runner\",\"shard\",\"specFileRetries\",\"specFileRetriesDelay\",\"specFileRetriesDeferred\",\"reporterSyncInterval\",\"reporterSyncTimeout\",\"cucumberFeaturesWithLineNumbers\",\"autoCompileOpts\",\"mochaOpts\",\"jasmineOpts\",\"cucumberOpts\",\"onPrepare\",\"onWorkerStart\",\"onWorkerEnd\",\"before\",\"beforeSession\",\"beforeSuite\",\"beforeHook\",\"beforeTest\",\"afterTest\",\"afterHook\",\"afterSuite\",\"afterSession\",\"after\",\"onComplete\",\"beforeAssertion\",\"afterAssertion\",\"beforeFeature\",\"beforeScenario\",\"beforeStep\",\"afterStep\",\"afterScenario\",\"afterFeature\",\"_\",\"suite\",\"$0\",\"ignoredWorkerServices\",\"wdi5\"]"}]}
RESULT: {"script":"<script> [2342 bytes]","args":[{"protocol":"http","hostname":"0.0.0.0","path":"/","capabilities":{"browserName":"chrome","goog:chromeOptions":{"binary":"C:\\Program Files\\Google\\Chrome\\Application\\chrome.exe","args":["--start-maximized"]}},"logLevel":"warn","connectionRetryTimeout":120000,"connectionRetryCount":3,"logLevels":{},"enableDirectConnect":true,"strictSSL":true,"_":"65 more keys: [\"cacheDir\",\"port\",\"requestedCapabilities\",\"automationProtocol\",\"baseUrl\",\"waitforInterval\",\"waitforTimeout\",\"onReload\",\"beforeCommand\",\"afterCommand\",\"rootDir\",\"specs\",\"suites\",\"exclude\",\"groupLogsByTestSpec\",\"excludeDriverLogs\",\"bail\",\"framework\",\"reporters\",\"services\",\"maxInstances\",\"maxInstancesPerCapability\",\"injectGlobals\",\"filesToWatch\",\"execArgv\",\"runnerEnv\",\"runner\",\"shard\",\"specFileRetries\",\"specFileRetriesDelay\",\"specFileRetriesDeferred\",\"reporterSyncInterval\",\"reporterSyncTimeout\",\"cucumberFeaturesWithLineNumbers\",\"autoCompileOpts\",\"mochaOpts\",\"jasmineOpts\",\"cucumberOpts\",\"onPrepare\",\"onWorkerStart\",\"onWorkerEnd\",\"before\",\"beforeSession\",\"beforeSuite\",\"beforeHook\",\"beforeTest\",\"afterTest\",\"afterHook\",\"afterSuite\",\"afterSession\",\"after\",\"onComplete\",\"beforeAssertion\",\"afterAssertion\",\"beforeFeature\",\"beforeScenario\",\"beforeStep\",\"afterStep\",\"afterScenario\",\"afterFeature\",\"_\",\"suite\",\"$0\",\"ignoredWorkerServices\",\"wdi5\"]"}]}
COMMAND: POST /session/56592f54b4fb0edb5aa090c3c290776b/execute/async - {"script":"<script> [21126 bytes]","args":[35000]}
RESULT: {"script":"<script> [21126 bytes]","args":[35000]}
]]></system-out>
    </testcase>
    <testcase classname="chrome.137_0_7151_69.windows.Warehouse_movements_inventory_test" name="Should create a new warehouse organization" time="70.863">
      <system-out><![CDATA[
COMMAND: POST /session/56592f54b4fb0edb5aa090c3c290776b/execute/async - {"script":"<script> [1562 bytes]","args":[{"selector":{"controlType":"sap.m.GenericTile","properties":{"header":"Bin Status Report"}},"wdio_ui5_key":"sapm.GenericTile{\"header\":\"Bin Status Report\"}"}]}
RESULT: {"script":"<script> [1562 bytes]","args":[{"selector":{"controlType":"sap.m.GenericTile","properties":{"header":"Bin Status Report"}},"wdio_ui5_key":"sapm.GenericTile{\"header\":\"Bin Status Report\"}"}]}
RESULT: undefined
COMMAND: POST /session/56592f54b4fb0edb5aa090c3c290776b/element - {"using":"xpath","value":"//*[@id=\"__tile104\"]"}
RESULT: {"using":"xpath","value":"//*[@id=\"__tile104\"]"}
COMMAND: POST /session/56592f54b4fb0edb5aa090c3c290776b/element/f.3FFE31BA54A5084AB0E8E3C4FB609917.d.CCCA747A6DD27F4A518DC2C93A53BFB0.e.860/click - {}
RESULT: {}
COMMAND: GET /session/56592f54b4fb0edb5aa090c3c290776b/screenshot - {}
RESULT: {}
COMMAND: POST /session/56592f54b4fb0edb5aa090c3c290776b/elements - {"using":"xpath","value":"//span[text()='Error']"}
RESULT: {"using":"xpath","value":"//span[text()='Error']"}
COMMAND: POST /session/56592f54b4fb0edb5aa090c3c290776b/execute/async - {"script":"<script> [1562 bytes]","args":[{"selector":{"id":"application-binstatusreport-display-component---warehousing--createOrgBtn","interaction":{"idSuffix":"BDI-content"}},"wdio_ui5_key":"applicationbinstatusreport-display-component---warehousing--createOrgBtn"}]}
RESULT: {"script":"<script> [1562 bytes]","args":[{"selector":{"id":"application-binstatusreport-display-component---warehousing--createOrgBtn","interaction":{"idSuffix":"BDI-content"}},"wdio_ui5_key":"applicationbinstatusreport-display-component---warehousing--createOrgBtn"}]}
RESULT: undefined
COMMAND: POST /session/56592f54b4fb0edb5aa090c3c290776b/element - {"using":"xpath","value":"//*[@id=\"application-binstatusreport-display-component---warehousing--createOrgBtn\"]"}
RESULT: {"using":"xpath","value":"//*[@id=\"application-binstatusreport-display-component---warehousing--createOrgBtn\"]"}
COMMAND: POST /session/56592f54b4fb0edb5aa090c3c290776b/element/f.3FFE31BA54A5084AB0E8E3C4FB609917.d.CCCA747A6DD27F4A518DC2C93A53BFB0.e.905/click - {}
RESULT: {}
COMMAND: GET /session/56592f54b4fb0edb5aa090c3c290776b/screenshot - {}
RESULT: {}
COMMAND: POST /session/56592f54b4fb0edb5aa090c3c290776b/execute/async - {"script":"<script> [1562 bytes]","args":[{"selector":{"id":"createOrganizationPop--sectionInput","searchOpenDialogs":true,"interaction":{"idSuffix":"inner"}},"wdio_ui5_key":"createOrganizationPopsectionInput"}]}
RESULT: {"script":"<script> [1562 bytes]","args":[{"selector":{"id":"createOrganizationPop--sectionInput","searchOpenDialogs":true,"interaction":{"idSuffix":"inner"}},"wdio_ui5_key":"createOrganizationPopsectionInput"}]}
RESULT: undefined
COMMAND: POST /session/56592f54b4fb0edb5aa090c3c290776b/execute/async - {"script":"<script> [776 bytes]","args":[{"enterText":"Secgmdye","selector":{"id":"createOrganizationPop--sectionInput","searchOpenDialogs":true,"interaction":{"idSuffix":"inner"}},"clearTextFirst":true,"interactionType":"ENTER_TEXT"}]}
RESULT: {"script":"<script> [776 bytes]","args":[{"enterText":"Secgmdye","selector":{"id":"createOrganizationPop--sectionInput","searchOpenDialogs":true,"interaction":{"idSuffix":"inner"}},"clearTextFirst":true,"interactionType":"ENTER_TEXT"}]}
COMMAND: POST /session/56592f54b4fb0edb5aa090c3c290776b/execute/async - {"script":"<script> [1562 bytes]","args":[{"selector":{"id":"createOrganizationPop--descriptionInput","searchOpenDialogs":true,"interaction":{"idSuffix":"inner"}},"wdio_ui5_key":"createOrganizationPopdescriptionInput"}]}
RESULT: {"script":"<script> [1562 bytes]","args":[{"selector":{"id":"createOrganizationPop--descriptionInput","searchOpenDialogs":true,"interaction":{"idSuffix":"inner"}},"wdio_ui5_key":"createOrganizationPopdescriptionInput"}]}
RESULT: undefined
COMMAND: POST /session/56592f54b4fb0edb5aa090c3c290776b/execute/async - {"script":"<script> [776 bytes]","args":[{"enterText":"OrgNameivxbb","selector":{"id":"createOrganizationPop--descriptionInput","searchOpenDialogs":true,"interaction":{"idSuffix":"inner"}},"clearTextFirst":true,"interactionType":"ENTER_TEXT"}]}
RESULT: {"script":"<script> [776 bytes]","args":[{"enterText":"OrgNameivxbb","selector":{"id":"createOrganizationPop--descriptionInput","searchOpenDialogs":true,"interaction":{"idSuffix":"inner"}},"clearTextFirst":true,"interactionType":"ENTER_TEXT"}]}
COMMAND: POST /session/56592f54b4fb0edb5aa090c3c290776b/element - {"using":"xpath","value":"//input[contains(@id ,\"createOrganizationPop--yardOrg-inner\")]"}
RESULT: {"using":"xpath","value":"//input[contains(@id ,\"createOrganizationPop--yardOrg-inner\")]"}
COMMAND: POST /session/56592f54b4fb0edb5aa090c3c290776b/element/f.3FFE31BA54A5084AB0E8E3C4FB609917.d.CCCA747A6DD27F4A518DC2C93A53BFB0.e.946/clear - {}
RESULT: {}
COMMAND: POST /session/56592f54b4fb0edb5aa090c3c290776b/element/f.3FFE31BA54A5084AB0E8E3C4FB609917.d.CCCA747A6DD27F4A518DC2C93A53BFB0.e.946/value - {"text":"WebdriverWHMYarddnpr8"}
COMMAND: GET /session/56592f54b4fb0edb5aa090c3c290776b/screenshot - {}
RESULT: {"text":"WebdriverWHMYarddnpr8"}
COMMAND: GET /session/56592f54b4fb0edb5aa090c3c290776b/screenshot - {}
RESULT: {}
RESULT: {}
COMMAND: POST /session/56592f54b4fb0edb5aa090c3c290776b/actions - {"actions":[{"id":"action4","type":"key","parameters":{},"actions":[{"type":"keyDown","value":"î€‡"},{"type":"pause","duration":10},{"type":"keyUp","value":"î€‡"}]}]}
RESULT: {"actions":[{"id":"action4","type":"key","parameters":{},"actions":[{"type":"keyDown","value":"î€‡"},{"type":"pause","duration":10},{"type":"keyUp","value":"î€‡"}]}]}
COMMAND: GET /session/56592f54b4fb0edb5aa090c3c290776b/screenshot - {}
RESULT: {}
COMMAND: POST /session/56592f54b4fb0edb5aa090c3c290776b/execute/async - {"script":"<script> [1562 bytes]","args":[{"selector":{"id":"createOrganizationPop--grZone","searchOpenDialogs":true,"interaction":{"idSuffix":"CbBg"}},"wdio_ui5_key":"createOrganizationPopgrZone"}]}
RESULT: {"script":"<script> [1562 bytes]","args":[{"selector":{"id":"createOrganizationPop--grZone","searchOpenDialogs":true,"interaction":{"idSuffix":"CbBg"}},"wdio_ui5_key":"createOrganizationPopgrZone"}]}
RESULT: undefined
COMMAND: POST /session/56592f54b4fb0edb5aa090c3c290776b/element - {"using":"xpath","value":"//*[@id=\"createOrganizationPop--grZone\"]"}
RESULT: {"using":"xpath","value":"//*[@id=\"createOrganizationPop--grZone\"]"}
COMMAND: POST /session/56592f54b4fb0edb5aa090c3c290776b/element/f.3FFE31BA54A5084AB0E8E3C4FB609917.d.CCCA747A6DD27F4A518DC2C93A53BFB0.e.969/click - {}
RESULT: {}
COMMAND: POST /session/56592f54b4fb0edb5aa090c3c290776b/execute/async - {"script":"<script> [1562 bytes]","args":[{"selector":{"id":"createOrganizationPop--giZone","searchOpenDialogs":true,"interaction":{"idSuffix":"CbBg"}},"wdio_ui5_key":"createOrganizationPopgiZone"}]}
COMMAND: GET /session/56592f54b4fb0edb5aa090c3c290776b/screenshot - {}
RESULT: {"script":"<script> [1562 bytes]","args":[{"selector":{"id":"createOrganizationPop--giZone","searchOpenDialogs":true,"interaction":{"idSuffix":"CbBg"}},"wdio_ui5_key":"createOrganizationPopgiZone"}]}
RESULT: undefined
COMMAND: POST /session/56592f54b4fb0edb5aa090c3c290776b/element - {"using":"xpath","value":"//*[@id=\"createOrganizationPop--giZone\"]"}
RESULT: {}
RESULT: {"using":"xpath","value":"//*[@id=\"createOrganizationPop--giZone\"]"}
COMMAND: POST /session/56592f54b4fb0edb5aa090c3c290776b/element/f.3FFE31BA54A5084AB0E8E3C4FB609917.d.CCCA747A6DD27F4A518DC2C93A53BFB0.e.971/click - {}
RESULT: {}
COMMAND: POST /session/56592f54b4fb0edb5aa090c3c290776b/execute/async - {"script":"<script> [1562 bytes]","args":[{"selector":{"id":"createOrganizationPop--binNoInput","searchOpenDialogs":true,"interaction":{"idSuffix":"inner"}},"wdio_ui5_key":"createOrganizationPopbinNoInput"}]}
COMMAND: GET /session/56592f54b4fb0edb5aa090c3c290776b/screenshot - {}
RESULT: {"script":"<script> [1562 bytes]","args":[{"selector":{"id":"createOrganizationPop--binNoInput","searchOpenDialogs":true,"interaction":{"idSuffix":"inner"}},"wdio_ui5_key":"createOrganizationPopbinNoInput"}]}
RESULT: undefined
COMMAND: POST /session/56592f54b4fb0edb5aa090c3c290776b/execute/async - {"script":"<script> [776 bytes]","args":[{"enterText":"Bin4ck6z","selector":{"id":"createOrganizationPop--binNoInput","searchOpenDialogs":true,"interaction":{"idSuffix":"inner"}},"clearTextFirst":true,"interactionType":"ENTER_TEXT"}]}
RESULT: {}
RESULT: {"script":"<script> [776 bytes]","args":[{"enterText":"Bin4ck6z","selector":{"id":"createOrganizationPop--binNoInput","searchOpenDialogs":true,"interaction":{"idSuffix":"inner"}},"clearTextFirst":true,"interactionType":"ENTER_TEXT"}]}
COMMAND: POST /session/56592f54b4fb0edb5aa090c3c290776b/execute/async - {"script":"<script> [1562 bytes]","args":[{"selector":{"id":"createOrganizationPop--descriptionId","searchOpenDialogs":true,"interaction":{"idSuffix":"inner"}},"wdio_ui5_key":"createOrganizationPopdescriptionId"}]}
RESULT: {"script":"<script> [1562 bytes]","args":[{"selector":{"id":"createOrganizationPop--descriptionId","searchOpenDialogs":true,"interaction":{"idSuffix":"inner"}},"wdio_ui5_key":"createOrganizationPopdescriptionId"}]}
RESULT: undefined
COMMAND: POST /session/56592f54b4fb0edb5aa090c3c290776b/execute/async - {"script":"<script> [776 bytes]","args":[{"enterText":"Binynwp0i","selector":{"id":"createOrganizationPop--descriptionId","searchOpenDialogs":true,"interaction":{"idSuffix":"inner"}},"clearTextFirst":true,"interactionType":"ENTER_TEXT"}]}
RESULT: {"script":"<script> [776 bytes]","args":[{"enterText":"Binynwp0i","selector":{"id":"createOrganizationPop--descriptionId","searchOpenDialogs":true,"interaction":{"idSuffix":"inner"}},"clearTextFirst":true,"interactionType":"ENTER_TEXT"}]}
COMMAND: POST /session/56592f54b4fb0edb5aa090c3c290776b/execute/async - {"script":"<script> [1562 bytes]","args":[{"selector":{"controlType":"sap.m.CheckBox","viewName":"etm.portal.ui.binstatusreport.view.MasterWareBins","viewId":"application-binstatusreport-display-component---warehousing","bindingPath":{"path":"","propertyPath":"/ZONE","modelName":"newBin"},"searchOpenDialogs":true,"interaction":{"idSuffix":"CbBg"}},"wdio_ui5_key":"etmportal.ui.binstatusreport.view.MasterWareBinssap.m.CheckBox{\"path\":\"\",\"propertyPath\":\"/ZONE\",\"modelName\":\"newBin\"}"}]}
RESULT: {"script":"<script> [1562 bytes]","args":[{"selector":{"controlType":"sap.m.CheckBox","viewName":"etm.portal.ui.binstatusreport.view.MasterWareBins","viewId":"application-binstatusreport-display-component---warehousing","bindingPath":{"path":"","propertyPath":"/ZONE","modelName":"newBin"},"searchOpenDialogs":true,"interaction":{"idSuffix":"CbBg"}},"wdio_ui5_key":"etmportal.ui.binstatusreport.view.MasterWareBinssap.m.CheckBox{\"path\":\"\",\"propertyPath\":\"/ZONE\",\"modelName\":\"newBin\"}"}]}
RESULT: undefined
COMMAND: POST /session/56592f54b4fb0edb5aa090c3c290776b/element - {"using":"xpath","value":"//*[@id=\"__box12\"]"}
RESULT: {"using":"xpath","value":"//*[@id=\"__box12\"]"}
COMMAND: POST /session/56592f54b4fb0edb5aa090c3c290776b/element/f.3FFE31BA54A5084AB0E8E3C4FB609917.d.CCCA747A6DD27F4A518DC2C93A53BFB0.e.993/click - {}
RESULT: {}
COMMAND: POST /session/56592f54b4fb0edb5aa090c3c290776b/execute/async - {"script":"<script> [1562 bytes]","args":[{"selector":{"id":"createOrganizationPop--binTypesCB-arrow","searchOpenDialogs":true},"wdio_ui5_key":"createOrganizationPopbinTypesCB-arrow"}]}
COMMAND: GET /session/56592f54b4fb0edb5aa090c3c290776b/screenshot - {}
RESULT: {"script":"<script> [1562 bytes]","args":[{"selector":{"id":"createOrganizationPop--binTypesCB-arrow","searchOpenDialogs":true},"wdio_ui5_key":"createOrganizationPopbinTypesCB-arrow"}]}
RESULT: undefined
COMMAND: POST /session/56592f54b4fb0edb5aa090c3c290776b/element - {"using":"xpath","value":"//*[@id=\"createOrganizationPop--binTypesCB-arrow\"]"}
RESULT: {}
RESULT: {"using":"xpath","value":"//*[@id=\"createOrganizationPop--binTypesCB-arrow\"]"}
COMMAND: POST /session/56592f54b4fb0edb5aa090c3c290776b/element/f.3FFE31BA54A5084AB0E8E3C4FB609917.d.CCCA747A6DD27F4A518DC2C93A53BFB0.e.1002/click - {}
RESULT: {}
COMMAND: POST /session/56592f54b4fb0edb5aa090c3c290776b/execute/async - {"script":"<script> [1562 bytes]","args":[{"selector":{"controlType":"sap.m.StandardListItem","viewName":"etm.portal.ui.binstatusreport.view.MasterWareBins","viewId":"application-binstatusreport-display-component---warehousing","properties":{"title":"1 - General / No capacity check"},"searchOpenDialogs":true,"interaction":{"idSuffix":"content"}},"wdio_ui5_key":"etmportal.ui.binstatusreport.view.MasterWareBinssap.m.StandardListItem{\"title\":\"1 - General / No capacity check\"}"}]}
COMMAND: GET /session/56592f54b4fb0edb5aa090c3c290776b/screenshot - {}
RESULT: {"script":"<script> [1562 bytes]","args":[{"selector":{"controlType":"sap.m.StandardListItem","viewName":"etm.portal.ui.binstatusreport.view.MasterWareBins","viewId":"application-binstatusreport-display-component---warehousing","properties":{"title":"1 - General / No capacity check"},"searchOpenDialogs":true,"interaction":{"idSuffix":"content"}},"wdio_ui5_key":"etmportal.ui.binstatusreport.view.MasterWareBinssap.m.StandardListItem{\"title\":\"1 - General / No capacity check\"}"}]}
RESULT: undefined
COMMAND: POST /session/56592f54b4fb0edb5aa090c3c290776b/element - {"using":"xpath","value":"//*[@id=\"__item287\"]"}
RESULT: {}
RESULT: {"using":"xpath","value":"//*[@id=\"__item287\"]"}
COMMAND: POST /session/56592f54b4fb0edb5aa090c3c290776b/element/f.3FFE31BA54A5084AB0E8E3C4FB609917.d.CCCA747A6DD27F4A518DC2C93A53BFB0.e.1004/click - {}
RESULT: {}
COMMAND: POST /session/56592f54b4fb0edb5aa090c3c290776b/execute/async - {"script":"<script> [1562 bytes]","args":[{"selector":{"id":"createOrganizationPop--finishBtn","searchOpenDialogs":true,"interaction":{"idSuffix":"BDI-content"}},"wdio_ui5_key":"createOrganizationPopfinishBtn"}]}
COMMAND: GET /session/56592f54b4fb0edb5aa090c3c290776b/screenshot - {}
RESULT: {"script":"<script> [1562 bytes]","args":[{"selector":{"id":"createOrganizationPop--finishBtn","searchOpenDialogs":true,"interaction":{"idSuffix":"BDI-content"}},"wdio_ui5_key":"createOrganizationPopfinishBtn"}]}
RESULT: undefined
COMMAND: POST /session/56592f54b4fb0edb5aa090c3c290776b/element - {"using":"xpath","value":"//*[@id=\"createOrganizationPop--finishBtn\"]"}
RESULT: {}
RESULT: {"using":"xpath","value":"//*[@id=\"createOrganizationPop--finishBtn\"]"}
COMMAND: POST /session/56592f54b4fb0edb5aa090c3c290776b/element/f.3FFE31BA54A5084AB0E8E3C4FB609917.d.CCCA747A6DD27F4A518DC2C93A53BFB0.e.1006/click - {}
RESULT: {}
COMMAND: GET /session/56592f54b4fb0edb5aa090c3c290776b/screenshot - {}
COMMAND: POST /session/56592f54b4fb0edb5aa090c3c290776b/element - {"using":"css selector","value":"#shell-header-logo"}
RESULT: {}
RESULT: {"using":"css selector","value":"#shell-header-logo"}
COMMAND: POST /session/56592f54b4fb0edb5aa090c3c290776b/element/f.3FFE31BA54A5084AB0E8E3C4FB609917.d.CCCA747A6DD27F4A518DC2C93A53BFB0.e.864/click - {}
RESULT: {}
COMMAND: GET /session/56592f54b4fb0edb5aa090c3c290776b/screenshot - {}
RESULT: {}
]]></system-out>
    </testcase>
    <testcase classname="chrome.137_0_7151_69.windows.Warehouse_movements_inventory_test" name="Should Create new material for WHM yard" time="162.792">
      <system-out><![CDATA[
COMMAND: POST /session/56592f54b4fb0edb5aa090c3c290776b/execute/async - {"script":"<script> [1562 bytes]","args":[{"selector":{"controlType":"sap.m.GenericTile","properties":{"header":"Manage Resources"}},"wdio_ui5_key":"sapm.GenericTile{\"header\":\"Manage Resources\"}"}]}
RESULT: {"script":"<script> [1562 bytes]","args":[{"selector":{"controlType":"sap.m.GenericTile","properties":{"header":"Manage Resources"}},"wdio_ui5_key":"sapm.GenericTile{\"header\":\"Manage Resources\"}"}]}
RESULT: undefined
COMMAND: POST /session/56592f54b4fb0edb5aa090c3c290776b/element - {"using":"xpath","value":"//*[@id=\"__tile39\"]"}
RESULT: {"using":"xpath","value":"//*[@id=\"__tile39\"]"}
COMMAND: POST /session/56592f54b4fb0edb5aa090c3c290776b/element/f.3FFE31BA54A5084AB0E8E3C4FB609917.d.CCCA747A6DD27F4A518DC2C93A53BFB0.e.1014/click - {}
RESULT: {}
COMMAND: GET /session/56592f54b4fb0edb5aa090c3c290776b/screenshot - {}
RESULT: {}
COMMAND: POST /session/56592f54b4fb0edb5aa090c3c290776b/elements - {"using":"xpath","value":"//span[text()='Error']"}
RESULT: {"using":"xpath","value":"//span[text()='Error']"}
COMMAND: POST /session/56592f54b4fb0edb5aa090c3c290776b/element - {"using":"xpath","value":"//button[@data-kt=\"addNewRUOverflowToolbarButton\"]"}
RESULT: {"using":"xpath","value":"//button[@data-kt=\"addNewRUOverflowToolbarButton\"]"}
COMMAND: POST /session/56592f54b4fb0edb5aa090c3c290776b/execute/sync - {"script":"<script> [8489 bytes]","args":[{"element-6066-11e4-a52e-4f735466cecf":"f.3FFE31BA54A5084AB0E8E3C4FB609917.d.CCCA747A6DD27F4A518DC2C93A53BFB0.e.1056","ELEMENT":"f.3FFE31BA54A5084AB0E8E3C4FB609917.d.CCCA747A6DD27F4A518DC2C93A53BFB0.e.1056"}]}
RESULT: {"script":"<script> [8489 bytes]","args":[{"element-6066-11e4-a52e-4f735466cecf":"f.3FFE31BA54A5084AB0E8E3C4FB609917.d.CCCA747A6DD27F4A518DC2C93A53BFB0.e.1056","ELEMENT":"f.3FFE31BA54A5084AB0E8E3C4FB609917.d.CCCA747A6DD27F4A518DC2C93A53BFB0.e.1056"}]}
COMMAND: POST /session/56592f54b4fb0edb5aa090c3c290776b/element/f.3FFE31BA54A5084AB0E8E3C4FB609917.d.CCCA747A6DD27F4A518DC2C93A53BFB0.e.1056/click - {}
COMMAND: GET /session/56592f54b4fb0edb5aa090c3c290776b/screenshot - {}
RESULT: {}
COMMAND: POST /session/56592f54b4fb0edb5aa090c3c290776b/execute/async - {"script":"<script> [1562 bytes]","args":[{"selector":{"id":"application-manageresources-display-component---newResourceUnit--TYPE-arrow"},"wdio_ui5_key":"applicationmanageresources-display-component---newResourceUnit--TYPE-arrow"}]}
COMMAND: GET /session/56592f54b4fb0edb5aa090c3c290776b/screenshot - {}
RESULT: {}
RESULT: {"script":"<script> [1562 bytes]","args":[{"selector":{"id":"application-manageresources-display-component---newResourceUnit--TYPE-arrow"},"wdio_ui5_key":"applicationmanageresources-display-component---newResourceUnit--TYPE-arrow"}]}
RESULT: undefined
COMMAND: POST /session/56592f54b4fb0edb5aa090c3c290776b/element - {"using":"xpath","value":"//*[@id=\"application-manageresources-display-component---newResourceUnit--TYPE-arrow\"]"}
RESULT: {}
RESULT: {"using":"xpath","value":"//*[@id=\"application-manageresources-display-component---newResourceUnit--TYPE-arrow\"]"}
COMMAND: POST /session/56592f54b4fb0edb5aa090c3c290776b/element/f.3FFE31BA54A5084AB0E8E3C4FB609917.d.CCCA747A6DD27F4A518DC2C93A53BFB0.e.1368/click - {}
RESULT: {}
COMMAND: POST /session/56592f54b4fb0edb5aa090c3c290776b/execute/async - {"script":"<script> [1562 bytes]","args":[{"selector":{"controlType":"sap.m.StandardListItem","viewName":"reusables.view.manageresources.NewResourceUnit","viewId":"application-manageresources-display-component---newResourceUnit","properties":{"title":"Material"},"searchOpenDialogs":true,"interaction":{"idSuffix":"titleText"}},"wdio_ui5_key":"reusablesview.manageresources.NewResourceUnitsap.m.StandardListItem{\"title\":\"Material\"}"}]}
COMMAND: GET /session/56592f54b4fb0edb5aa090c3c290776b/screenshot - {}
RESULT: {"script":"<script> [1562 bytes]","args":[{"selector":{"controlType":"sap.m.StandardListItem","viewName":"reusables.view.manageresources.NewResourceUnit","viewId":"application-manageresources-display-component---newResourceUnit","properties":{"title":"Material"},"searchOpenDialogs":true,"interaction":{"idSuffix":"titleText"}},"wdio_ui5_key":"reusablesview.manageresources.NewResourceUnitsap.m.StandardListItem{\"title\":\"Material\"}"}]}
RESULT: undefined
COMMAND: POST /session/56592f54b4fb0edb5aa090c3c290776b/element - {"using":"xpath","value":"//*[@id=\"__item421\"]"}
RESULT: {}
RESULT: {"using":"xpath","value":"//*[@id=\"__item421\"]"}
COMMAND: POST /session/56592f54b4fb0edb5aa090c3c290776b/element/f.3FFE31BA54A5084AB0E8E3C4FB609917.d.CCCA747A6DD27F4A518DC2C93A53BFB0.e.1371/click - {}
RESULT: {}
COMMAND: POST /session/56592f54b4fb0edb5aa090c3c290776b/execute/async - {"script":"<script> [1562 bytes]","args":[{"selector":{"id":"application-manageresources-display-component---newResourceUnit--SHORT_TEXT","interaction":{"idSuffix":"inner"}},"wdio_ui5_key":"applicationmanageresources-display-component---newResourceUnit--SHORT_TEXT"}]}
COMMAND: GET /session/56592f54b4fb0edb5aa090c3c290776b/screenshot - {}
RESULT: {"script":"<script> [1562 bytes]","args":[{"selector":{"id":"application-manageresources-display-component---newResourceUnit--SHORT_TEXT","interaction":{"idSuffix":"inner"}},"wdio_ui5_key":"applicationmanageresources-display-component---newResourceUnit--SHORT_TEXT"}]}
RESULT: undefined
COMMAND: POST /session/56592f54b4fb0edb5aa090c3c290776b/execute/async - {"script":"<script> [776 bytes]","args":[{"enterText":"WebdriverMatTestjg4wx","selector":{"id":"application-manageresources-display-component---newResourceUnit--SHORT_TEXT","interaction":{"idSuffix":"inner"}},"clearTextFirst":true,"interactionType":"ENTER_TEXT"}]}
RESULT: {}
RESULT: {"script":"<script> [776 bytes]","args":[{"enterText":"WebdriverMatTestjg4wx","selector":{"id":"application-manageresources-display-component---newResourceUnit--SHORT_TEXT","interaction":{"idSuffix":"inner"}},"clearTextFirst":true,"interactionType":"ENTER_TEXT"}]}
COMMAND: POST /session/56592f54b4fb0edb5aa090c3c290776b/execute/async - {"script":"<script> [1562 bytes]","args":[{"selector":{"id":"application-manageresources-display-component---newResourceUnit--BASE_UNIT_OF_MEASURE-arrow"},"wdio_ui5_key":"applicationmanageresources-display-component---newResourceUnit--BASE_UNIT_OF_MEASURE-arrow"}]}
RESULT: {"script":"<script> [1562 bytes]","args":[{"selector":{"id":"application-manageresources-display-component---newResourceUnit--BASE_UNIT_OF_MEASURE-arrow"},"wdio_ui5_key":"applicationmanageresources-display-component---newResourceUnit--BASE_UNIT_OF_MEASURE-arrow"}]}
RESULT: undefined
COMMAND: POST /session/56592f54b4fb0edb5aa090c3c290776b/element - {"using":"xpath","value":"//*[@id=\"application-manageresources-display-component---newResourceUnit--BASE_UNIT_OF_MEASURE-arrow\"]"}
RESULT: {"using":"xpath","value":"//*[@id=\"application-manageresources-display-component---newResourceUnit--BASE_UNIT_OF_MEASURE-arrow\"]"}
COMMAND: POST /session/56592f54b4fb0edb5aa090c3c290776b/element/f.3FFE31BA54A5084AB0E8E3C4FB609917.d.CCCA747A6DD27F4A518DC2C93A53BFB0.e.1491/click - {}
RESULT: {}
COMMAND: POST /session/56592f54b4fb0edb5aa090c3c290776b/execute/async - {"script":"<script> [1562 bytes]","args":[{"selector":{"controlType":"sap.m.StandardListItem","viewName":"reusables.view.manageresources.NewResourceUnit","viewId":"application-manageresources-display-component---newResourceUnit","properties":{"title":"Piece"},"searchOpenDialogs":true,"interaction":{"idSuffix":"titleText"}},"wdio_ui5_key":"reusablesview.manageresources.NewResourceUnitsap.m.StandardListItem{\"title\":\"Piece\"}"}]}
COMMAND: GET /session/56592f54b4fb0edb5aa090c3c290776b/screenshot - {}
RESULT: {"script":"<script> [1562 bytes]","args":[{"selector":{"controlType":"sap.m.StandardListItem","viewName":"reusables.view.manageresources.NewResourceUnit","viewId":"application-manageresources-display-component---newResourceUnit","properties":{"title":"Piece"},"searchOpenDialogs":true,"interaction":{"idSuffix":"titleText"}},"wdio_ui5_key":"reusablesview.manageresources.NewResourceUnitsap.m.StandardListItem{\"title\":\"Piece\"}"}]}
RESULT: undefined
COMMAND: POST /session/56592f54b4fb0edb5aa090c3c290776b/element - {"using":"xpath","value":"//*[@id=\"__item474\"]"}
RESULT: {}
RESULT: {"using":"xpath","value":"//*[@id=\"__item474\"]"}
COMMAND: POST /session/56592f54b4fb0edb5aa090c3c290776b/element/f.3FFE31BA54A5084AB0E8E3C4FB609917.d.CCCA747A6DD27F4A518DC2C93A53BFB0.e.1493/click - {}
RESULT: {}
COMMAND: POST /session/56592f54b4fb0edb5aa090c3c290776b/element - {"using":"xpath","value":"//input[contains(@id ,\"application-manageresources-display-component---newResourceUnit--SHORT_TEXT-inner\")]"}
COMMAND: GET /session/56592f54b4fb0edb5aa090c3c290776b/screenshot - {}
RESULT: {"using":"xpath","value":"//input[contains(@id ,\"application-manageresources-display-component---newResourceUnit--SHORT_TEXT-inner\")]"}
COMMAND: GET /session/56592f54b4fb0edb5aa090c3c290776b/element/f.3FFE31BA54A5084AB0E8E3C4FB609917.d.CCCA747A6DD27F4A518DC2C93A53BFB0.e.1388/property/value - {}
RESULT: {}
RESULT: {}
COMMAND: POST /session/56592f54b4fb0edb5aa090c3c290776b/execute/async - {"script":"<script> [1562 bytes]","args":[{"selector":{"id":"application-manageresources-display-component---newResourceUnit--WEIGHT_UNIT-arrow"},"wdio_ui5_key":"applicationmanageresources-display-component---newResourceUnit--WEIGHT_UNIT-arrow"}]}
COMMAND: GET /session/56592f54b4fb0edb5aa090c3c290776b/screenshot - {}
RESULT: {"script":"<script> [1562 bytes]","args":[{"selector":{"id":"application-manageresources-display-component---newResourceUnit--WEIGHT_UNIT-arrow"},"wdio_ui5_key":"applicationmanageresources-display-component---newResourceUnit--WEIGHT_UNIT-arrow"}]}
RESULT: undefined
COMMAND: POST /session/56592f54b4fb0edb5aa090c3c290776b/element - {"using":"xpath","value":"//*[@id=\"application-manageresources-display-component---newResourceUnit--WEIGHT_UNIT-arrow\"]"}
RESULT: {}
RESULT: {"using":"xpath","value":"//*[@id=\"application-manageresources-display-component---newResourceUnit--WEIGHT_UNIT-arrow\"]"}
COMMAND: POST /session/56592f54b4fb0edb5aa090c3c290776b/element/f.3FFE31BA54A5084AB0E8E3C4FB609917.d.CCCA747A6DD27F4A518DC2C93A53BFB0.e.1494/click - {}
RESULT: {}
COMMAND: POST /session/56592f54b4fb0edb5aa090c3c290776b/execute/async - {"script":"<script> [1562 bytes]","args":[{"selector":{"controlType":"sap.m.StandardListItem","viewName":"reusables.view.manageresources.NewResourceUnit","viewId":"application-manageresources-display-component---newResourceUnit","properties":{"title":"Gram"},"searchOpenDialogs":true,"interaction":{"idSuffix":"content"}},"wdio_ui5_key":"reusablesview.manageresources.NewResourceUnitsap.m.StandardListItem{\"title\":\"Gram\"}"}]}
COMMAND: GET /session/56592f54b4fb0edb5aa090c3c290776b/screenshot - {}
RESULT: {"script":"<script> [1562 bytes]","args":[{"selector":{"controlType":"sap.m.StandardListItem","viewName":"reusables.view.manageresources.NewResourceUnit","viewId":"application-manageresources-display-component---newResourceUnit","properties":{"title":"Gram"},"searchOpenDialogs":true,"interaction":{"idSuffix":"content"}},"wdio_ui5_key":"reusablesview.manageresources.NewResourceUnitsap.m.StandardListItem{\"title\":\"Gram\"}"}]}
RESULT: undefined
COMMAND: POST /session/56592f54b4fb0edb5aa090c3c290776b/element - {"using":"xpath","value":"//*[@id=\"__item539\"]"}
RESULT: {}
RESULT: {"using":"xpath","value":"//*[@id=\"__item539\"]"}
COMMAND: POST /session/56592f54b4fb0edb5aa090c3c290776b/element/f.3FFE31BA54A5084AB0E8E3C4FB609917.d.CCCA747A6DD27F4A518DC2C93A53BFB0.e.1496/click - {}
RESULT: {}
COMMAND: POST /session/56592f54b4fb0edb5aa090c3c290776b/execute/async - {"script":"<script> [1562 bytes]","args":[{"selector":{"id":"application-manageresources-display-component---newResourceUnit--newRRUPage-OPHeaderContent-collapseBtn-img"},"wdio_ui5_key":"applicationmanageresources-display-component---newResourceUnit--newRRUPage-OPHeaderContent-collapseBtn-img"}]}
COMMAND: GET /session/56592f54b4fb0edb5aa090c3c290776b/screenshot - {}
RESULT: {"script":"<script> [1562 bytes]","args":[{"selector":{"id":"application-manageresources-display-component---newResourceUnit--newRRUPage-OPHeaderContent-collapseBtn-img"},"wdio_ui5_key":"applicationmanageresources-display-component---newResourceUnit--newRRUPage-OPHeaderContent-collapseBtn-img"}]}
RESULT: undefined
COMMAND: POST /session/56592f54b4fb0edb5aa090c3c290776b/element - {"using":"xpath","value":"//*[@id=\"application-manageresources-display-component---newResourceUnit--newRRUPage-OPHeaderContent-collapseBtn-img\"]"}
RESULT: {}
RESULT: {"using":"xpath","value":"//*[@id=\"application-manageresources-display-component---newResourceUnit--newRRUPage-OPHeaderContent-collapseBtn-img\"]"}
COMMAND: POST /session/56592f54b4fb0edb5aa090c3c290776b/element/f.3FFE31BA54A5084AB0E8E3C4FB609917.d.CCCA747A6DD27F4A518DC2C93A53BFB0.e.1378/click - {}
RESULT: {}
COMMAND: GET /session/56592f54b4fb0edb5aa090c3c290776b/screenshot - {}
RESULT: {}
COMMAND: POST /session/56592f54b4fb0edb5aa090c3c290776b/element - {"using":"xpath","value":"(//span[contains(@id ,\"application-manageresources-display-component---newResourceUnit--DIMENSION_UNIT-arrow\")])[1]"}
RESULT: {"using":"xpath","value":"(//span[contains(@id ,\"application-manageresources-display-component---newResourceUnit--DIMENSION_UNIT-arrow\")])[1]"}
COMMAND: POST /session/56592f54b4fb0edb5aa090c3c290776b/element/f.3FFE31BA54A5084AB0E8E3C4FB609917.d.CCCA747A6DD27F4A518DC2C93A53BFB0.e.1502/click - {}
RESULT: {}
COMMAND: GET /session/56592f54b4fb0edb5aa090c3c290776b/screenshot - {}
RESULT: {}
COMMAND: POST /session/56592f54b4fb0edb5aa090c3c290776b/execute/async - {"script":"<script> [1562 bytes]","args":[{"selector":{"controlType":"sap.m.StandardListItem","viewName":"reusables.view.manageresources.NewResourceUnit","viewId":"application-manageresources-display-component---newResourceUnit","properties":{"title":"Centimeter"},"searchOpenDialogs":true,"interaction":{"idSuffix":"titleText"}},"wdio_ui5_key":"reusablesview.manageresources.NewResourceUnitsap.m.StandardListItem{\"title\":\"Centimeter\"}"}]}
RESULT: {"script":"<script> [1562 bytes]","args":[{"selector":{"controlType":"sap.m.StandardListItem","viewName":"reusables.view.manageresources.NewResourceUnit","viewId":"application-manageresources-display-component---newResourceUnit","properties":{"title":"Centimeter"},"searchOpenDialogs":true,"interaction":{"idSuffix":"titleText"}},"wdio_ui5_key":"reusablesview.manageresources.NewResourceUnitsap.m.StandardListItem{\"title\":\"Centimeter\"}"}]}
RESULT: undefined
COMMAND: POST /session/56592f54b4fb0edb5aa090c3c290776b/element - {"using":"xpath","value":"//*[@id=\"__item542\"]"}
RESULT: {"using":"xpath","value":"//*[@id=\"__item542\"]"}
COMMAND: POST /session/56592f54b4fb0edb5aa090c3c290776b/element/f.3FFE31BA54A5084AB0E8E3C4FB609917.d.CCCA747A6DD27F4A518DC2C93A53BFB0.e.1504/click - {}
RESULT: {}
COMMAND: POST /session/56592f54b4fb0edb5aa090c3c290776b/execute/async - {"script":"<script> [1562 bytes]","args":[{"selector":{"id":"application-manageresources-display-component---newResourceUnit--newRRUPage-anchBar-application-manageresources-display-component---newResourceUnit--reference-anchor","interaction":{"idSuffix":"BDI-content"}},"wdio_ui5_key":"applicationmanageresources-display-component---newResourceUnit--newRRUPage-anchBar-application-manageresources-display-component---newResourceUnit--reference-anchor"}]}
COMMAND: GET /session/56592f54b4fb0edb5aa090c3c290776b/screenshot - {}
RESULT: {"script":"<script> [1562 bytes]","args":[{"selector":{"id":"application-manageresources-display-component---newResourceUnit--newRRUPage-anchBar-application-manageresources-display-component---newResourceUnit--reference-anchor","interaction":{"idSuffix":"BDI-content"}},"wdio_ui5_key":"applicationmanageresources-display-component---newResourceUnit--newRRUPage-anchBar-application-manageresources-display-component---newResourceUnit--reference-anchor"}]}
RESULT: undefined
COMMAND: POST /session/56592f54b4fb0edb5aa090c3c290776b/element - {"using":"xpath","value":"//*[@id=\"application-manageresources-display-component---newResourceUnit--newRRUPage-anchBar-application-manageresources-display-component---newResourceUnit--reference-anchor\"]"}
RESULT: {}
RESULT: {"using":"xpath","value":"//*[@id=\"application-manageresources-display-component---newResourceUnit--newRRUPage-anchBar-application-manageresources-display-component---newResourceUnit--reference-anchor\"]"}
COMMAND: POST /session/56592f54b4fb0edb5aa090c3c290776b/element/f.3FFE31BA54A5084AB0E8E3C4FB609917.d.CCCA747A6DD27F4A518DC2C93A53BFB0.e.1506/click - {}
RESULT: {}
COMMAND: POST /session/56592f54b4fb0edb5aa090c3c290776b/execute/async - {"script":"<script> [1562 bytes]","args":[{"selector":{"id":"application-manageresources-display-component---newResourceUnit--PLANNING_GROUP-arrow"},"wdio_ui5_key":"applicationmanageresources-display-component---newResourceUnit--PLANNING_GROUP-arrow"}]}
COMMAND: GET /session/56592f54b4fb0edb5aa090c3c290776b/screenshot - {}
RESULT: {"script":"<script> [1562 bytes]","args":[{"selector":{"id":"application-manageresources-display-component---newResourceUnit--PLANNING_GROUP-arrow"},"wdio_ui5_key":"applicationmanageresources-display-component---newResourceUnit--PLANNING_GROUP-arrow"}]}
RESULT: undefined
COMMAND: POST /session/56592f54b4fb0edb5aa090c3c290776b/element - {"using":"xpath","value":"//*[@id=\"application-manageresources-display-component---newResourceUnit--PLANNING_GROUP-arrow\"]"}
RESULT: {}
RESULT: {"using":"xpath","value":"//*[@id=\"application-manageresources-display-component---newResourceUnit--PLANNING_GROUP-arrow\"]"}
COMMAND: POST /session/56592f54b4fb0edb5aa090c3c290776b/element/f.3FFE31BA54A5084AB0E8E3C4FB609917.d.CCCA747A6DD27F4A518DC2C93A53BFB0.e.1510/click - {}
RESULT: {}
COMMAND: POST /session/56592f54b4fb0edb5aa090c3c290776b/execute/async - {"script":"<script> [1562 bytes]","args":[{"selector":{"controlType":"sap.m.StandardListItem","viewName":"reusables.view.manageresources.NewResourceUnit","viewId":"application-manageresources-display-component---newResourceUnit","properties":{"title":"Heavy Equi"},"searchOpenDialogs":true,"interaction":{"idSuffix":"content"}},"wdio_ui5_key":"reusablesview.manageresources.NewResourceUnitsap.m.StandardListItem{\"title\":\"Heavy Equi\"}"}]}
COMMAND: GET /session/56592f54b4fb0edb5aa090c3c290776b/screenshot - {}
RESULT: {"script":"<script> [1562 bytes]","args":[{"selector":{"controlType":"sap.m.StandardListItem","viewName":"reusables.view.manageresources.NewResourceUnit","viewId":"application-manageresources-display-component---newResourceUnit","properties":{"title":"Heavy Equi"},"searchOpenDialogs":true,"interaction":{"idSuffix":"content"}},"wdio_ui5_key":"reusablesview.manageresources.NewResourceUnitsap.m.StandardListItem{\"title\":\"Heavy Equi\"}"}]}
RESULT: undefined
COMMAND: POST /session/56592f54b4fb0edb5aa090c3c290776b/element - {"using":"xpath","value":"//*[@id=\"__item550\"]"}
RESULT: {}
RESULT: {"using":"xpath","value":"//*[@id=\"__item550\"]"}
COMMAND: POST /session/56592f54b4fb0edb5aa090c3c290776b/element/f.3FFE31BA54A5084AB0E8E3C4FB609917.d.CCCA747A6DD27F4A518DC2C93A53BFB0.e.1514/click - {}
RESULT: {}
COMMAND: GET /session/56592f54b4fb0edb5aa090c3c290776b/screenshot - {}
RESULT: {}
COMMAND: POST /session/56592f54b4fb0edb5aa090c3c290776b/execute/async - {"script":"<script> [1562 bytes]","args":[{"selector":{"id":"application-manageresources-display-component---newResourceUnit--PLANNING_INDICATOR-arrow"},"wdio_ui5_key":"applicationmanageresources-display-component---newResourceUnit--PLANNING_INDICATOR-arrow"}]}
RESULT: {"script":"<script> [1562 bytes]","args":[{"selector":{"id":"application-manageresources-display-component---newResourceUnit--PLANNING_INDICATOR-arrow"},"wdio_ui5_key":"applicationmanageresources-display-component---newResourceUnit--PLANNING_INDICATOR-arrow"}]}
RESULT: undefined
COMMAND: POST /session/56592f54b4fb0edb5aa090c3c290776b/element - {"using":"xpath","value":"//*[@id=\"application-manageresources-display-component---newResourceUnit--PLANNING_INDICATOR-arrow\"]"}
RESULT: {"using":"xpath","value":"//*[@id=\"application-manageresources-display-component---newResourceUnit--PLANNING_INDICATOR-arrow\"]"}
COMMAND: POST /session/56592f54b4fb0edb5aa090c3c290776b/element/f.3FFE31BA54A5084AB0E8E3C4FB609917.d.CCCA747A6DD27F4A518DC2C93A53BFB0.e.1515/click - {}
RESULT: {}
COMMAND: POST /session/56592f54b4fb0edb5aa090c3c290776b/execute/async - {"script":"<script> [1562 bytes]","args":[{"selector":{"controlType":"sap.m.StandardListItem","viewName":"reusables.view.manageresources.NewResourceUnit","viewId":"application-manageresources-display-component---newResourceUnit","properties":{"title":"10 - infinite"},"searchOpenDialogs":true,"interaction":{"idSuffix":"content"}},"wdio_ui5_key":"reusablesview.manageresources.NewResourceUnitsap.m.StandardListItem{\"title\":\"10 - infinite\"}"}]}
COMMAND: GET /session/56592f54b4fb0edb5aa090c3c290776b/screenshot - {}
RESULT: {"script":"<script> [1562 bytes]","args":[{"selector":{"controlType":"sap.m.StandardListItem","viewName":"reusables.view.manageresources.NewResourceUnit","viewId":"application-manageresources-display-component---newResourceUnit","properties":{"title":"10 - infinite"},"searchOpenDialogs":true,"interaction":{"idSuffix":"content"}},"wdio_ui5_key":"reusablesview.manageresources.NewResourceUnitsap.m.StandardListItem{\"title\":\"10 - infinite\"}"}]}
RESULT: undefined
COMMAND: POST /session/56592f54b4fb0edb5aa090c3c290776b/element - {"using":"xpath","value":"//*[@id=\"__item560\"]"}
RESULT: {}
RESULT: {"using":"xpath","value":"//*[@id=\"__item560\"]"}
COMMAND: POST /session/56592f54b4fb0edb5aa090c3c290776b/element/f.3FFE31BA54A5084AB0E8E3C4FB609917.d.CCCA747A6DD27F4A518DC2C93A53BFB0.e.1517/click - {}
RESULT: {}
COMMAND: GET /session/56592f54b4fb0edb5aa090c3c290776b/screenshot - {}
RESULT: {}
COMMAND: POST /session/56592f54b4fb0edb5aa090c3c290776b/element - {"using":"xpath","value":"//bdi[contains(text(), \"Time Segment\")]"}
RESULT: {"using":"xpath","value":"//bdi[contains(text(), \"Time Segment\")]"}
COMMAND: GET /session/56592f54b4fb0edb5aa090c3c290776b/element/f.3FFE31BA54A5084AB0E8E3C4FB609917.d.CCCA747A6DD27F4A518DC2C93A53BFB0.e.1518/rect - {}
RESULT: {}
COMMAND: GET /session/56592f54b4fb0edb5aa090c3c290776b/window/rect - {}
RESULT: {}
COMMAND: POST /session/56592f54b4fb0edb5aa090c3c290776b/execute/sync - {"script":"<script> [92 bytes]","args":[]}
RESULT: {"script":"<script> [92 bytes]","args":[]}
COMMAND: POST /session/56592f54b4fb0edb5aa090c3c290776b/actions - {"actions":[{"id":"action5","type":"wheel","parameters":{},"actions":[{"type":"scroll","x":-1820,"y":-21,"deltaX":0,"deltaY":0,"duration":0,"origin":{"element-6066-11e4-a52e-4f735466cecf":"f.3FFE31BA54A5084AB0E8E3C4FB609917.d.CCCA747A6DD27F4A518DC2C93A53BFB0.e.1518"}}]}]}
COMMAND: POST /session/56592f54b4fb0edb5aa090c3c290776b/execute/sync - {"script":"<script> [79 bytes]","args":[{"element-6066-11e4-a52e-4f735466cecf":"f.3FFE31BA54A5084AB0E8E3C4FB609917.d.CCCA747A6DD27F4A518DC2C93A53BFB0.e.1518","ELEMENT":"f.3FFE31BA54A5084AB0E8E3C4FB609917.d.CCCA747A6DD27F4A518DC2C93A53BFB0.e.1518"},{"block":"start","inline":"nearest"}]}
COMMAND: GET /session/56592f54b4fb0edb5aa090c3c290776b/screenshot - {}
RESULT: {"script":"<script> [79 bytes]","args":[{"element-6066-11e4-a52e-4f735466cecf":"f.3FFE31BA54A5084AB0E8E3C4FB609917.d.CCCA747A6DD27F4A518DC2C93A53BFB0.e.1518","ELEMENT":"f.3FFE31BA54A5084AB0E8E3C4FB609917.d.CCCA747A6DD27F4A518DC2C93A53BFB0.e.1518"},{"block":"start","inline":"nearest"}]}
COMMAND: GET /session/56592f54b4fb0edb5aa090c3c290776b/screenshot - {}
RESULT: {}
RESULT: {}
COMMAND: POST /session/56592f54b4fb0edb5aa090c3c290776b/element - {"using":"xpath","value":"//span[@id=\"application-manageresources-display-component---newResourceUnit--btnAddTimeSegment-img\"]"}
RESULT: {"using":"xpath","value":"//span[@id=\"application-manageresources-display-component---newResourceUnit--btnAddTimeSegment-img\"]"}
COMMAND: POST /session/56592f54b4fb0edb5aa090c3c290776b/execute/sync - {"script":"<script> [8489 bytes]","args":[{"element-6066-11e4-a52e-4f735466cecf":"f.3FFE31BA54A5084AB0E8E3C4FB609917.d.CCCA747A6DD27F4A518DC2C93A53BFB0.e.1521","ELEMENT":"f.3FFE31BA54A5084AB0E8E3C4FB609917.d.CCCA747A6DD27F4A518DC2C93A53BFB0.e.1521"}]}
RESULT: {"script":"<script> [8489 bytes]","args":[{"element-6066-11e4-a52e-4f735466cecf":"f.3FFE31BA54A5084AB0E8E3C4FB609917.d.CCCA747A6DD27F4A518DC2C93A53BFB0.e.1521","ELEMENT":"f.3FFE31BA54A5084AB0E8E3C4FB609917.d.CCCA747A6DD27F4A518DC2C93A53BFB0.e.1521"}]}
COMMAND: POST /session/56592f54b4fb0edb5aa090c3c290776b/element/f.3FFE31BA54A5084AB0E8E3C4FB609917.d.CCCA747A6DD27F4A518DC2C93A53BFB0.e.1521/click - {}
COMMAND: GET /session/56592f54b4fb0edb5aa090c3c290776b/screenshot - {}
RESULT: {}
COMMAND: GET /session/56592f54b4fb0edb5aa090c3c290776b/screenshot - {}
COMMAND: POST /session/56592f54b4fb0edb5aa090c3c290776b/element - {"using":"xpath","value":"//input[@id=\"application-manageresources-display-component---newResourceUnit--idRuTSAdmin-application-manageresources-display-component---newResourceUnit--RUTimeSegment-0-inner\"]"}
RESULT: {}
RESULT: {}
RESULT: {"using":"xpath","value":"//input[@id=\"application-manageresources-display-component---newResourceUnit--idRuTSAdmin-application-manageresources-display-component---newResourceUnit--RUTimeSegment-0-inner\"]"}
COMMAND: POST /session/56592f54b4fb0edb5aa090c3c290776b/element/f.3FFE31BA54A5084AB0E8E3C4FB609917.d.CCCA747A6DD27F4A518DC2C93A53BFB0.e.1524/clear - {}
RESULT: {}
COMMAND: POST /session/56592f54b4fb0edb5aa090c3c290776b/element/f.3FFE31BA54A5084AB0E8E3C4FB609917.d.CCCA747A6DD27F4A518DC2C93A53BFB0.e.1524/value - {"text":"WebdriverWHMYarddnpr8"}
COMMAND: GET /session/56592f54b4fb0edb5aa090c3c290776b/screenshot - {}
RESULT: {"text":"WebdriverWHMYarddnpr8"}
COMMAND: GET /session/56592f54b4fb0edb5aa090c3c290776b/screenshot - {}
RESULT: {}
RESULT: {}
COMMAND: POST /session/56592f54b4fb0edb5aa090c3c290776b/actions - {"actions":[{"id":"action6","type":"key","parameters":{},"actions":[{"type":"keyDown","value":"î€‡"},{"type":"pause","duration":10},{"type":"keyUp","value":"î€‡"}]}]}
RESULT: {"actions":[{"id":"action6","type":"key","parameters":{},"actions":[{"type":"keyDown","value":"î€‡"},{"type":"pause","duration":10},{"type":"keyUp","value":"î€‡"}]}]}
COMMAND: GET /session/56592f54b4fb0edb5aa090c3c290776b/screenshot - {}
RESULT: {}
COMMAND: POST /session/56592f54b4fb0edb5aa090c3c290776b/execute/async - {"script":"<script> [1562 bytes]","args":[{"selector":{"controlType":"sap.m.Button","viewName":"reusables.view.manageresources.NewResourceUnit","viewId":"application-manageresources-display-component---newResourceUnit","i18NText":{"propertyName":"tooltip","key":"save"},"interaction":{"idSuffix":"BDI-content"}},"wdio_ui5_key":"reusablesview.manageresources.NewResourceUnitsap.m.Button{\"propertyName\":\"tooltip\",\"key\":\"save\"}"}]}
RESULT: {"script":"<script> [1562 bytes]","args":[{"selector":{"controlType":"sap.m.Button","viewName":"reusables.view.manageresources.NewResourceUnit","viewId":"application-manageresources-display-component---newResourceUnit","i18NText":{"propertyName":"tooltip","key":"save"},"interaction":{"idSuffix":"BDI-content"}},"wdio_ui5_key":"reusablesview.manageresources.NewResourceUnitsap.m.Button{\"propertyName\":\"tooltip\",\"key\":\"save\"}"}]}
RESULT: undefined
COMMAND: POST /session/56592f54b4fb0edb5aa090c3c290776b/element - {"using":"xpath","value":"//*[@id=\"application-manageresources-display-component---newResourceUnit--createRuButton\"]"}
RESULT: {"using":"xpath","value":"//*[@id=\"application-manageresources-display-component---newResourceUnit--createRuButton\"]"}
COMMAND: POST /session/56592f54b4fb0edb5aa090c3c290776b/element/f.3FFE31BA54A5084AB0E8E3C4FB609917.d.CCCA747A6DD27F4A518DC2C93A53BFB0.e.1384/click - {}
RESULT: {}
COMMAND: GET /session/56592f54b4fb0edb5aa090c3c290776b/screenshot - {}
RESULT: {}
COMMAND: POST /session/56592f54b4fb0edb5aa090c3c290776b/execute/async - {"script":"<script> [1562 bytes]","args":[{"selector":{"controlType":"sap.m.Title","properties":{"text":"Success"},"searchOpenDialogs":true},"wdio_ui5_key":"sapm.Title{\"text\":\"Success\"}"}]}
RESULT: {"script":"<script> [1562 bytes]","args":[{"selector":{"controlType":"sap.m.Title","properties":{"text":"Success"},"searchOpenDialogs":true},"wdio_ui5_key":"sapm.Title{\"text\":\"Success\"}"}]}
RESULT: undefined
COMMAND: POST /session/56592f54b4fb0edb5aa090c3c290776b/execute/async - {"script":"<script> [6424 bytes]","args":[{"element-6066-11e4-a52e-4f735466cecf":"f.3FFE31BA54A5084AB0E8E3C4FB609917.d.CCCA747A6DD27F4A518DC2C93A53BFB0.e.1538"},"getText",[]]}
RESULT: {"script":"<script> [6424 bytes]","args":[{"element-6066-11e4-a52e-4f735466cecf":"f.3FFE31BA54A5084AB0E8E3C4FB609917.d.CCCA747A6DD27F4A518DC2C93A53BFB0.e.1538"},"getText",[]]}
COMMAND: POST /session/56592f54b4fb0edb5aa090c3c290776b/element - {"using":"xpath","value":"//*[contains(@id, '__text') and (contains(text(), 'successfully created') or contains(., 'successfully created'))]"}
RESULT: {"using":"xpath","value":"//*[contains(@id, '__text') and (contains(text(), 'successfully created') or contains(., 'successfully created'))]"}
COMMAND: GET /session/56592f54b4fb0edb5aa090c3c290776b/element/f.3FFE31BA54A5084AB0E8E3C4FB609917.d.CCCA747A6DD27F4A518DC2C93A53BFB0.e.1536/text - {}
RESULT: {}
COMMAND: POST /session/56592f54b4fb0edb5aa090c3c290776b/execute/async - {"script":"<script> [1562 bytes]","args":[{"selector":{"controlType":"sap.m.Button","properties":{"text":"Close"},"searchOpenDialogs":true,"interaction":{"idSuffix":"BDI-content"}},"wdio_ui5_key":"sapm.Button{\"text\":\"Close\"}"}]}
RESULT: {"script":"<script> [1562 bytes]","args":[{"selector":{"controlType":"sap.m.Button","properties":{"text":"Close"},"searchOpenDialogs":true,"interaction":{"idSuffix":"BDI-content"}},"wdio_ui5_key":"sapm.Button{\"text\":\"Close\"}"}]}
RESULT: undefined
COMMAND: POST /session/56592f54b4fb0edb5aa090c3c290776b/element - {"using":"xpath","value":"//*[@id=\"__mbox-btn-0\"]"}
RESULT: {"using":"xpath","value":"//*[@id=\"__mbox-btn-0\"]"}
COMMAND: POST /session/56592f54b4fb0edb5aa090c3c290776b/element/f.3FFE31BA54A5084AB0E8E3C4FB609917.d.CCCA747A6DD27F4A518DC2C93A53BFB0.e.1534/click - {}
RESULT: {}
COMMAND: GET /session/56592f54b4fb0edb5aa090c3c290776b/screenshot - {}
RESULT: {}
COMMAND: POST /session/56592f54b4fb0edb5aa090c3c290776b/execute/async - {"script":"<script> [1562 bytes]","args":[{"selector":{"controlType":"sap.ui.core.Icon","viewName":"etm.portal.ui.manageresources.view.Detail","viewId":"application-manageresources-display-component---detailRU","properties":{"src":{"regex":{"source":"overflow"}}}},"wdio_ui5_key":"etmportal.ui.manageresources.view.Detailsap.ui.core.Icon{\"src\":{\"regex\":{\"source\":\"overflow\"}}}"}]}
RESULT: {"script":"<script> [1562 bytes]","args":[{"selector":{"controlType":"sap.ui.core.Icon","viewName":"etm.portal.ui.manageresources.view.Detail","viewId":"application-manageresources-display-component---detailRU","properties":{"src":{"regex":{"source":"overflow"}}}},"wdio_ui5_key":"etmportal.ui.manageresources.view.Detailsap.ui.core.Icon{\"src\":{\"regex\":{\"source\":\"overflow\"}}}"}]}
RESULT: undefined
COMMAND: POST /session/56592f54b4fb0edb5aa090c3c290776b/element - {"using":"xpath","value":"//*[@id=\"__title18-_actionsToolbar-overflowButton-img\"]"}
RESULT: {"using":"xpath","value":"//*[@id=\"__title18-_actionsToolbar-overflowButton-img\"]"}
COMMAND: POST /session/56592f54b4fb0edb5aa090c3c290776b/element/f.3FFE31BA54A5084AB0E8E3C4FB609917.d.CCCA747A6DD27F4A518DC2C93A53BFB0.e.1572/click - {}
RESULT: {}
COMMAND: POST /session/56592f54b4fb0edb5aa090c3c290776b/execute/async - {"script":"<script> [1562 bytes]","args":[{"selector":{"controlType":"sap.m.Button","viewName":"etm.portal.ui.manageresources.view.Detail","viewId":"application-manageresources-display-component---detailRU","i18NText":{"propertyName":"tooltip","key":"closeColumn"},"searchOpenDialogs":true,"interaction":{"idSuffix":"inner"}},"wdio_ui5_key":"etmportal.ui.manageresources.view.Detailsap.m.Button{\"propertyName\":\"tooltip\",\"key\":\"closeColumn\"}"}]}
COMMAND: GET /session/56592f54b4fb0edb5aa090c3c290776b/screenshot - {}
RESULT: {"script":"<script> [1562 bytes]","args":[{"selector":{"controlType":"sap.m.Button","viewName":"etm.portal.ui.manageresources.view.Detail","viewId":"application-manageresources-display-component---detailRU","i18NText":{"propertyName":"tooltip","key":"closeColumn"},"searchOpenDialogs":true,"interaction":{"idSuffix":"inner"}},"wdio_ui5_key":"etmportal.ui.manageresources.view.Detailsap.m.Button{\"propertyName\":\"tooltip\",\"key\":\"closeColumn\"}"}]}
RESULT: undefined
COMMAND: POST /session/56592f54b4fb0edb5aa090c3c290776b/element - {"using":"xpath","value":"//*[@id=\"__button51\"]"}
RESULT: {}
RESULT: {"using":"xpath","value":"//*[@id=\"__button51\"]"}
COMMAND: POST /session/56592f54b4fb0edb5aa090c3c290776b/element/f.3FFE31BA54A5084AB0E8E3C4FB609917.d.CCCA747A6DD27F4A518DC2C93A53BFB0.e.1574/click - {}
RESULT: {}
COMMAND: GET /session/56592f54b4fb0edb5aa090c3c290776b/screenshot - {}
RESULT: {}
COMMAND: POST /session/56592f54b4fb0edb5aa090c3c290776b/refresh - {}
RESULT: {}
COMMAND: GET /session/56592f54b4fb0edb5aa090c3c290776b/screenshot - {}
RESULT: {}
COMMAND: POST /session/56592f54b4fb0edb5aa090c3c290776b/execute/async - {"script":"<script> [189 bytes]","args":[]}
RESULT: {"script":"<script> [189 bytes]","args":[]}
COMMAND: POST /session/56592f54b4fb0edb5aa090c3c290776b/execute/async - {"script":"<script> [123 bytes]","args":[]}
RESULT: {"script":"<script> [123 bytes]","args":[]}
COMMAND: POST /session/56592f54b4fb0edb5aa090c3c290776b/timeouts - {"script":"<number>"}
RESULT: {"script":"<number>"}
COMMAND: GET /session/56592f54b4fb0edb5aa090c3c290776b/timeouts - {}
RESULT: {}
RESULT: undefined
COMMAND: POST /session/56592f54b4fb0edb5aa090c3c290776b/execute/async - {"script":"<script> [2676 bytes]","args":[]}
RESULT: {"script":"<script> [2676 bytes]","args":[]}
COMMAND: POST /session/56592f54b4fb0edb5aa090c3c290776b/execute/async - {"script":"<script> [2342 bytes]","args":[{"protocol":"http","hostname":"0.0.0.0","path":"/","capabilities":{"browserName":"chrome","goog:chromeOptions":{"binary":"C:\\Program Files\\Google\\Chrome\\Application\\chrome.exe","args":["--start-maximized"]}},"logLevel":"warn","connectionRetryTimeout":120000,"connectionRetryCount":3,"logLevels":{},"enableDirectConnect":true,"strictSSL":true,"_":"65 more keys: [\"cacheDir\",\"port\",\"requestedCapabilities\",\"automationProtocol\",\"baseUrl\",\"waitforInterval\",\"waitforTimeout\",\"onReload\",\"beforeCommand\",\"afterCommand\",\"rootDir\",\"specs\",\"suites\",\"exclude\",\"groupLogsByTestSpec\",\"excludeDriverLogs\",\"bail\",\"framework\",\"reporters\",\"services\",\"maxInstances\",\"maxInstancesPerCapability\",\"injectGlobals\",\"filesToWatch\",\"execArgv\",\"runnerEnv\",\"runner\",\"shard\",\"specFileRetries\",\"specFileRetriesDelay\",\"specFileRetriesDeferred\",\"reporterSyncInterval\",\"reporterSyncTimeout\",\"cucumberFeaturesWithLineNumbers\",\"autoCompileOpts\",\"mochaOpts\",\"jasmineOpts\",\"cucumberOpts\",\"onPrepare\",\"onWorkerStart\",\"onWorkerEnd\",\"before\",\"beforeSession\",\"beforeSuite\",\"beforeHook\",\"beforeTest\",\"afterTest\",\"afterHook\",\"afterSuite\",\"afterSession\",\"after\",\"onComplete\",\"beforeAssertion\",\"afterAssertion\",\"beforeFeature\",\"beforeScenario\",\"beforeStep\",\"afterStep\",\"afterScenario\",\"afterFeature\",\"_\",\"suite\",\"$0\",\"ignoredWorkerServices\",\"wdi5\"]"}]}
RESULT: {"script":"<script> [2342 bytes]","args":[{"protocol":"http","hostname":"0.0.0.0","path":"/","capabilities":{"browserName":"chrome","goog:chromeOptions":{"binary":"C:\\Program Files\\Google\\Chrome\\Application\\chrome.exe","args":["--start-maximized"]}},"logLevel":"warn","connectionRetryTimeout":120000,"connectionRetryCount":3,"logLevels":{},"enableDirectConnect":true,"strictSSL":true,"_":"65 more keys: [\"cacheDir\",\"port\",\"requestedCapabilities\",\"automationProtocol\",\"baseUrl\",\"waitforInterval\",\"waitforTimeout\",\"onReload\",\"beforeCommand\",\"afterCommand\",\"rootDir\",\"specs\",\"suites\",\"exclude\",\"groupLogsByTestSpec\",\"excludeDriverLogs\",\"bail\",\"framework\",\"reporters\",\"services\",\"maxInstances\",\"maxInstancesPerCapability\",\"injectGlobals\",\"filesToWatch\",\"execArgv\",\"runnerEnv\",\"runner\",\"shard\",\"specFileRetries\",\"specFileRetriesDelay\",\"specFileRetriesDeferred\",\"reporterSyncInterval\",\"reporterSyncTimeout\",\"cucumberFeaturesWithLineNumbers\",\"autoCompileOpts\",\"mochaOpts\",\"jasmineOpts\",\"cucumberOpts\",\"onPrepare\",\"onWorkerStart\",\"onWorkerEnd\",\"before\",\"beforeSession\",\"beforeSuite\",\"beforeHook\",\"beforeTest\",\"afterTest\",\"afterHook\",\"afterSuite\",\"afterSession\",\"after\",\"onComplete\",\"beforeAssertion\",\"afterAssertion\",\"beforeFeature\",\"beforeScenario\",\"beforeStep\",\"afterStep\",\"afterScenario\",\"afterFeature\",\"_\",\"suite\",\"$0\",\"ignoredWorkerServices\",\"wdi5\"]"}]}
COMMAND: POST /session/56592f54b4fb0edb5aa090c3c290776b/execute/async - {"script":"<script> [21126 bytes]","args":[35000]}
RESULT: {"script":"<script> [21126 bytes]","args":[35000]}
COMMAND: POST /session/56592f54b4fb0edb5aa090c3c290776b/element - {"using":"css selector","value":"#shell-header-logo"}
RESULT: {"using":"css selector","value":"#shell-header-logo"}
COMMAND: POST /session/56592f54b4fb0edb5aa090c3c290776b/element/f.3FFE31BA54A5084AB0E8E3C4FB609917.d.86966FEFDD893D7936BDC0FCEF77CF2B.e.1665/click - {}
RESULT: {}
COMMAND: GET /session/56592f54b4fb0edb5aa090c3c290776b/screenshot - {}
COMMAND: POST /session/56592f54b4fb0edb5aa090c3c290776b/element - {"using":"css selector","value":"#shell-header-logo"}
RESULT: {}
RESULT: {"using":"css selector","value":"#shell-header-logo"}
COMMAND: POST /session/56592f54b4fb0edb5aa090c3c290776b/element/f.3FFE31BA54A5084AB0E8E3C4FB609917.d.86966FEFDD893D7936BDC0FCEF77CF2B.e.1849/click - {}
RESULT: {}
COMMAND: GET /session/56592f54b4fb0edb5aa090c3c290776b/screenshot - {}
RESULT: {}
]]></system-out>
    </testcase>
    <testcase classname="chrome.137_0_7151_69.windows.Warehouse_movements_inventory_test" name="Should do a stock increase handover" time="94.39">
      <system-out><![CDATA[
COMMAND: POST /session/56592f54b4fb0edb5aa090c3c290776b/execute/async - {"script":"<script> [1562 bytes]","args":[{"selector":{"controlType":"sap.m.GenericTile","properties":{"header":"Manage Handovers"}},"wdio_ui5_key":"sapm.GenericTile{\"header\":\"Manage Handovers\"}"}]}
RESULT: {"script":"<script> [1562 bytes]","args":[{"selector":{"controlType":"sap.m.GenericTile","properties":{"header":"Manage Handovers"}},"wdio_ui5_key":"sapm.GenericTile{\"header\":\"Manage Handovers\"}"}]}
RESULT: undefined
COMMAND: POST /session/56592f54b4fb0edb5aa090c3c290776b/element - {"using":"xpath","value":"//*[@id=\"__tile132\"]"}
RESULT: {"using":"xpath","value":"//*[@id=\"__tile132\"]"}
COMMAND: POST /session/56592f54b4fb0edb5aa090c3c290776b/element/f.3FFE31BA54A5084AB0E8E3C4FB609917.d.86966FEFDD893D7936BDC0FCEF77CF2B.e.1852/click - {}
RESULT: {}
COMMAND: GET /session/56592f54b4fb0edb5aa090c3c290776b/screenshot - {}
RESULT: {}
COMMAND: POST /session/56592f54b4fb0edb5aa090c3c290776b/elements - {"using":"xpath","value":"//span[text()='Error']"}
RESULT: {"using":"xpath","value":"//span[text()='Error']"}
COMMAND: POST /session/56592f54b4fb0edb5aa090c3c290776b/element - {"using":"xpath","value":"//button[(@data-kt = 'masterHOAddButton')]"}
RESULT: {"using":"xpath","value":"//button[(@data-kt = 'masterHOAddButton')]"}
COMMAND: POST /session/56592f54b4fb0edb5aa090c3c290776b/element/f.3FFE31BA54A5084AB0E8E3C4FB609917.d.86966FEFDD893D7936BDC0FCEF77CF2B.e.1889/click - {}
RESULT: {}
COMMAND: GET /session/56592f54b4fb0edb5aa090c3c290776b/screenshot - {}
RESULT: {}
COMMAND: POST /session/56592f54b4fb0edb5aa090c3c290776b/element - {"using":"xpath","value":"//span[contains(@id ,\"AddNewHO--typeSelect-arrow\")]"}
RESULT: {"using":"xpath","value":"//span[contains(@id ,\"AddNewHO--typeSelect-arrow\")]"}
COMMAND: POST /session/56592f54b4fb0edb5aa090c3c290776b/element/f.3FFE31BA54A5084AB0E8E3C4FB609917.d.86966FEFDD893D7936BDC0FCEF77CF2B.e.2185/click - {}
RESULT: {}
COMMAND: POST /session/56592f54b4fb0edb5aa090c3c290776b/element - {"using":"xpath","value":"(//li[contains(text(), \"stock increase yard\")])[1]"}
COMMAND: GET /session/56592f54b4fb0edb5aa090c3c290776b/screenshot - {}
RESULT: {"using":"xpath","value":"(//li[contains(text(), \"stock increase yard\")])[1]"}
COMMAND: POST /session/56592f54b4fb0edb5aa090c3c290776b/element/f.3FFE31BA54A5084AB0E8E3C4FB609917.d.86966FEFDD893D7936BDC0FCEF77CF2B.e.2186/click - {}
RESULT: {}
RESULT: {}
COMMAND: GET /session/56592f54b4fb0edb5aa090c3c290776b/screenshot - {}
RESULT: {}
COMMAND: POST /session/56592f54b4fb0edb5aa090c3c290776b/execute/async - {"script":"<script> [1562 bytes]","args":[{"selector":{"id":"application-managehandovers-display-component---AddNewHO--dueDate","interaction":{"idSuffix":"inner"}},"wdio_ui5_key":"applicationmanagehandovers-display-component---AddNewHO--dueDate"}]}
RESULT: {"script":"<script> [1562 bytes]","args":[{"selector":{"id":"application-managehandovers-display-component---AddNewHO--dueDate","interaction":{"idSuffix":"inner"}},"wdio_ui5_key":"applicationmanagehandovers-display-component---AddNewHO--dueDate"}]}
RESULT: undefined
COMMAND: POST /session/56592f54b4fb0edb5aa090c3c290776b/execute/async - {"script":"<script> [6424 bytes]","args":[{"element-6066-11e4-a52e-4f735466cecf":"f.3FFE31BA54A5084AB0E8E3C4FB609917.d.86966FEFDD893D7936BDC0FCEF77CF2B.e.2190"},"setValue",["6/05/25"]]}
RESULT: {"script":"<script> [6424 bytes]","args":[{"element-6066-11e4-a52e-4f735466cecf":"f.3FFE31BA54A5084AB0E8E3C4FB609917.d.86966FEFDD893D7936BDC0FCEF77CF2B.e.2190"},"setValue",["6/05/25"]]}
COMMAND: POST /session/56592f54b4fb0edb5aa090c3c290776b/element - {"using":"xpath","value":"//input[@id=\"generalSectionFrg--receiveYard-inner\"]"}
RESULT: {"using":"xpath","value":"//input[@id=\"generalSectionFrg--receiveYard-inner\"]"}
COMMAND: POST /session/56592f54b4fb0edb5aa090c3c290776b/element/f.3FFE31BA54A5084AB0E8E3C4FB609917.d.86966FEFDD893D7936BDC0FCEF77CF2B.e.2196/clear - {}
RESULT: {}
COMMAND: POST /session/56592f54b4fb0edb5aa090c3c290776b/element/f.3FFE31BA54A5084AB0E8E3C4FB609917.d.86966FEFDD893D7936BDC0FCEF77CF2B.e.2196/value - {"text":"WebdriverWHMYarddnpr8"}
COMMAND: GET /session/56592f54b4fb0edb5aa090c3c290776b/screenshot - {}
RESULT: {"text":"WebdriverWHMYarddnpr8"}
COMMAND: GET /session/56592f54b4fb0edb5aa090c3c290776b/screenshot - {}
RESULT: {}
RESULT: {}
COMMAND: POST /session/56592f54b4fb0edb5aa090c3c290776b/execute/async - {"script":"<script> [1562 bytes]","args":[{"selector":{"id":"application-managehandovers-display-component---AddNewHO--ObjectPageLayout-anchBar-application-managehandovers-display-component---AddNewHO--section4-anchor","interaction":{"idSuffix":"BDI-content"}},"wdio_ui5_key":"applicationmanagehandovers-display-component---AddNewHO--ObjectPageLayout-anchBar-application-managehandovers-display-component---AddNewHO--section4-anchor"}]}
RESULT: {"script":"<script> [1562 bytes]","args":[{"selector":{"id":"application-managehandovers-display-component---AddNewHO--ObjectPageLayout-anchBar-application-managehandovers-display-component---AddNewHO--section4-anchor","interaction":{"idSuffix":"BDI-content"}},"wdio_ui5_key":"applicationmanagehandovers-display-component---AddNewHO--ObjectPageLayout-anchBar-application-managehandovers-display-component---AddNewHO--section4-anchor"}]}
RESULT: undefined
COMMAND: POST /session/56592f54b4fb0edb5aa090c3c290776b/element - {"using":"xpath","value":"//*[@id=\"application-managehandovers-display-component---AddNewHO--ObjectPageLayout-anchBar-application-managehandovers-display-component---AddNewHO--section4-anchor\"]"}
RESULT: {"using":"xpath","value":"//*[@id=\"application-managehandovers-display-component---AddNewHO--ObjectPageLayout-anchBar-application-managehandovers-display-component---AddNewHO--section4-anchor\"]"}
COMMAND: POST /session/56592f54b4fb0edb5aa090c3c290776b/element/f.3FFE31BA54A5084AB0E8E3C4FB609917.d.86966FEFDD893D7936BDC0FCEF77CF2B.e.2215/click - {}
RESULT: {}
COMMAND: GET /session/56592f54b4fb0edb5aa090c3c290776b/screenshot - {}
RESULT: {}
COMMAND: POST /session/56592f54b4fb0edb5aa090c3c290776b/element - {"using":"xpath","value":"//button[@aria-label=\"Add\"]"}
RESULT: {"using":"xpath","value":"//button[@aria-label=\"Add\"]"}
COMMAND: POST /session/56592f54b4fb0edb5aa090c3c290776b/element/f.3FFE31BA54A5084AB0E8E3C4FB609917.d.86966FEFDD893D7936BDC0FCEF77CF2B.e.2219/click - {}
RESULT: {}
COMMAND: GET /session/56592f54b4fb0edb5aa090c3c290776b/screenshot - {}
RESULT: {}
COMMAND: POST /session/56592f54b4fb0edb5aa090c3c290776b/execute/async - {"script":"<script> [1562 bytes]","args":[{"selector":{"id":"application-managehandovers-display-component---AddNewHO--smartFilterBar-btnBasicSearch","searchOpenDialogs":true,"interaction":{"idSuffix":"I"}},"wdio_ui5_key":"applicationmanagehandovers-display-component---AddNewHO--smartFilterBar-btnBasicSearch"}]}
RESULT: {"script":"<script> [1562 bytes]","args":[{"selector":{"id":"application-managehandovers-display-component---AddNewHO--smartFilterBar-btnBasicSearch","searchOpenDialogs":true,"interaction":{"idSuffix":"I"}},"wdio_ui5_key":"applicationmanagehandovers-display-component---AddNewHO--smartFilterBar-btnBasicSearch"}]}
RESULT: undefined
COMMAND: POST /session/56592f54b4fb0edb5aa090c3c290776b/execute/async - {"script":"<script> [776 bytes]","args":[{"enterText":"WebdriverMatTestjg4wx","selector":{"id":"application-managehandovers-display-component---AddNewHO--smartFilterBar-btnBasicSearch","searchOpenDialogs":true,"interaction":{"idSuffix":"I"}},"clearTextFirst":true,"interactionType":"ENTER_TEXT"}]}
RESULT: {"script":"<script> [776 bytes]","args":[{"enterText":"WebdriverMatTestjg4wx","selector":{"id":"application-managehandovers-display-component---AddNewHO--smartFilterBar-btnBasicSearch","searchOpenDialogs":true,"interaction":{"idSuffix":"I"}},"clearTextFirst":true,"interactionType":"ENTER_TEXT"}]}
COMMAND: POST /session/56592f54b4fb0edb5aa090c3c290776b/actions - {"actions":[{"id":"action7","type":"key","parameters":{},"actions":[{"type":"keyDown","value":"î€‡"},{"type":"pause","duration":10},{"type":"keyUp","value":"î€‡"}]}]}
RESULT: {"actions":[{"id":"action7","type":"key","parameters":{},"actions":[{"type":"keyDown","value":"î€‡"},{"type":"pause","duration":10},{"type":"keyUp","value":"î€‡"}]}]}
COMMAND: POST /session/56592f54b4fb0edb5aa090c3c290776b/execute/async - {"script":"<script> [1562 bytes]","args":[{"selector":{"id":"application-managehandovers-display-component---AddNewHO--popup-sa","searchOpenDialogs":true,"interaction":{"idSuffix":"CbBg"}},"wdio_ui5_key":"applicationmanagehandovers-display-component---AddNewHO--popup-sa"}]}
COMMAND: GET /session/56592f54b4fb0edb5aa090c3c290776b/screenshot - {}
RESULT: {"script":"<script> [1562 bytes]","args":[{"selector":{"id":"application-managehandovers-display-component---AddNewHO--popup-sa","searchOpenDialogs":true,"interaction":{"idSuffix":"CbBg"}},"wdio_ui5_key":"applicationmanagehandovers-display-component---AddNewHO--popup-sa"}]}
RESULT: undefined
COMMAND: POST /session/56592f54b4fb0edb5aa090c3c290776b/element - {"using":"xpath","value":"//*[@id=\"application-managehandovers-display-component---AddNewHO--popup-sa\"]"}
RESULT: {}
RESULT: {"using":"xpath","value":"//*[@id=\"application-managehandovers-display-component---AddNewHO--popup-sa\"]"}
COMMAND: POST /session/56592f54b4fb0edb5aa090c3c290776b/element/f.3FFE31BA54A5084AB0E8E3C4FB609917.d.86966FEFDD893D7936BDC0FCEF77CF2B.e.2374/click - {}
RESULT: {}
COMMAND: GET /session/56592f54b4fb0edb5aa090c3c290776b/screenshot - {}
RESULT: {}
COMMAND: POST /session/56592f54b4fb0edb5aa090c3c290776b/element - {"using":"xpath","value":"//bdi[contains(text(), \"Select\")]"}
RESULT: {"using":"xpath","value":"//bdi[contains(text(), \"Select\")]"}
COMMAND: POST /session/56592f54b4fb0edb5aa090c3c290776b/element/f.3FFE31BA54A5084AB0E8E3C4FB609917.d.86966FEFDD893D7936BDC0FCEF77CF2B.e.2375/click - {}
RESULT: {}
COMMAND: GET /session/56592f54b4fb0edb5aa090c3c290776b/screenshot - {}
RESULT: {}
COMMAND: POST /session/56592f54b4fb0edb5aa090c3c290776b/element - {"using":"xpath","value":"//button[@data-kt=\"AddNewHOSaveButton\"]"}
RESULT: {"using":"xpath","value":"//button[@data-kt=\"AddNewHOSaveButton\"]"}
COMMAND: POST /session/56592f54b4fb0edb5aa090c3c290776b/element/f.3FFE31BA54A5084AB0E8E3C4FB609917.d.86966FEFDD893D7936BDC0FCEF77CF2B.e.2379/click - {}
RESULT: {}
COMMAND: GET /session/56592f54b4fb0edb5aa090c3c290776b/screenshot - {}
COMMAND: POST /session/56592f54b4fb0edb5aa090c3c290776b/execute/async - {"script":"<script> [1562 bytes]","args":[{"selector":{"id":"receiptDatePicker","viewName":"etm.portal.ui.managehandovers.view.DetailExecuteHO","interaction":{"idSuffix":"inner"}},"wdio_ui5_key":"receiptDatePickeretmportal.ui.managehandovers.view.DetailExecuteHO"}]}
RESULT: {}
RESULT: {"script":"<script> [1562 bytes]","args":[{"selector":{"id":"receiptDatePicker","viewName":"etm.portal.ui.managehandovers.view.DetailExecuteHO","interaction":{"idSuffix":"inner"}},"wdio_ui5_key":"receiptDatePickeretmportal.ui.managehandovers.view.DetailExecuteHO"}]}
RESULT: undefined
COMMAND: POST /session/56592f54b4fb0edb5aa090c3c290776b/execute/async - {"script":"<script> [6424 bytes]","args":[{"element-6066-11e4-a52e-4f735466cecf":"f.3FFE31BA54A5084AB0E8E3C4FB609917.d.86966FEFDD893D7936BDC0FCEF77CF2B.e.2405"},"setValue",["6/05/25"]]}
RESULT: {"script":"<script> [6424 bytes]","args":[{"element-6066-11e4-a52e-4f735466cecf":"f.3FFE31BA54A5084AB0E8E3C4FB609917.d.86966FEFDD893D7936BDC0FCEF77CF2B.e.2405"},"setValue",["6/05/25"]]}
COMMAND: POST /session/56592f54b4fb0edb5aa090c3c290776b/element - {"using":"xpath","value":"//button[@data-kt=\"ReceivingTableConfirmAllButton\"]"}
RESULT: {"using":"xpath","value":"//button[@data-kt=\"ReceivingTableConfirmAllButton\"]"}
COMMAND: POST /session/56592f54b4fb0edb5aa090c3c290776b/element/f.3FFE31BA54A5084AB0E8E3C4FB609917.d.86966FEFDD893D7936BDC0FCEF77CF2B.e.2423/click - {}
RESULT: {}
COMMAND: GET /session/56592f54b4fb0edb5aa090c3c290776b/screenshot - {}
RESULT: {}
COMMAND: POST /session/56592f54b4fb0edb5aa090c3c290776b/element - {"using":"xpath","value":"//bdi[contains(text(), \"OK\")]"}
RESULT: {"using":"xpath","value":"//bdi[contains(text(), \"OK\")]"}
COMMAND: POST /session/56592f54b4fb0edb5aa090c3c290776b/element/f.3FFE31BA54A5084AB0E8E3C4FB609917.d.86966FEFDD893D7936BDC0FCEF77CF2B.e.2425/click - {}
RESULT: {}
COMMAND: GET /session/56592f54b4fb0edb5aa090c3c290776b/screenshot - {}
RESULT: {}
COMMAND: POST /session/56592f54b4fb0edb5aa090c3c290776b/element - {"using":"xpath","value":"(//bdi[contains(text(), \"Receive\")])[2]"}
RESULT: {"using":"xpath","value":"(//bdi[contains(text(), \"Receive\")])[2]"}
COMMAND: POST /session/56592f54b4fb0edb5aa090c3c290776b/element/f.3FFE31BA54A5084AB0E8E3C4FB609917.d.86966FEFDD893D7936BDC0FCEF77CF2B.e.2427/click - {}
RESULT: {}
COMMAND: GET /session/56592f54b4fb0edb5aa090c3c290776b/screenshot - {}
RESULT: {}
COMMAND: POST /session/56592f54b4fb0edb5aa090c3c290776b/element - {"using":"css selector","value":"#shell-header-logo"}
RESULT: {"using":"css selector","value":"#shell-header-logo"}
COMMAND: POST /session/56592f54b4fb0edb5aa090c3c290776b/element/f.3FFE31BA54A5084AB0E8E3C4FB609917.d.86966FEFDD893D7936BDC0FCEF77CF2B.e.1849/click - {}
RESULT: {}
COMMAND: GET /session/56592f54b4fb0edb5aa090c3c290776b/screenshot - {}
RESULT: {}
]]></system-out>
    </testcase>
    <testcase classname="chrome.137_0_7151_69.windows.Warehouse_movements_inventory_test" name="Verify the warehouse movement" time="57.317">
      <system-out><![CDATA[
COMMAND: POST /session/56592f54b4fb0edb5aa090c3c290776b/execute/async - {"script":"<script> [1562 bytes]","args":[{"selector":{"controlType":"sap.m.GenericTile","properties":{"header":"Manage Warehouse Movements"}},"wdio_ui5_key":"sapm.GenericTile{\"header\":\"Manage Warehouse Movements\"}"}]}
RESULT: {"script":"<script> [1562 bytes]","args":[{"selector":{"controlType":"sap.m.GenericTile","properties":{"header":"Manage Warehouse Movements"}},"wdio_ui5_key":"sapm.GenericTile{\"header\":\"Manage Warehouse Movements\"}"}]}
RESULT: undefined
COMMAND: POST /session/56592f54b4fb0edb5aa090c3c290776b/element - {"using":"xpath","value":"//*[@id=\"__tile105\"]"}
RESULT: {"using":"xpath","value":"//*[@id=\"__tile105\"]"}
COMMAND: POST /session/56592f54b4fb0edb5aa090c3c290776b/element/f.3FFE31BA54A5084AB0E8E3C4FB609917.d.86966FEFDD893D7936BDC0FCEF77CF2B.e.2574/click - {}
RESULT: {}
COMMAND: GET /session/56592f54b4fb0edb5aa090c3c290776b/screenshot - {}
RESULT: {}
COMMAND: POST /session/56592f54b4fb0edb5aa090c3c290776b/elements - {"using":"xpath","value":"//span[text()='Error']"}
RESULT: {"using":"xpath","value":"//span[text()='Error']"}
COMMAND: POST /session/56592f54b4fb0edb5aa090c3c290776b/execute/async - {"script":"<script> [1562 bytes]","args":[{"selector":{"id":"application-warehousemovements-display-component---warehouseMovements--smartFilterBar-filterItemControl_BASIC-YARD-vhi"},"wdio_ui5_key":"applicationwarehousemovements-display-component---warehouseMovements--smartFilterBar-filterItemControl_BASIC-YARD-vhi"}]}
RESULT: {"script":"<script> [1562 bytes]","args":[{"selector":{"id":"application-warehousemovements-display-component---warehouseMovements--smartFilterBar-filterItemControl_BASIC-YARD-vhi"},"wdio_ui5_key":"applicationwarehousemovements-display-component---warehouseMovements--smartFilterBar-filterItemControl_BASIC-YARD-vhi"}]}
RESULT: undefined
COMMAND: POST /session/56592f54b4fb0edb5aa090c3c290776b/element - {"using":"xpath","value":"//*[@id=\"application-warehousemovements-display-component---warehouseMovements--smartFilterBar-filterItemControl_BASIC-YARD-vhi\"]"}
RESULT: {"using":"xpath","value":"//*[@id=\"application-warehousemovements-display-component---warehouseMovements--smartFilterBar-filterItemControl_BASIC-YARD-vhi\"]"}
COMMAND: POST /session/56592f54b4fb0edb5aa090c3c290776b/element/f.3FFE31BA54A5084AB0E8E3C4FB609917.d.86966FEFDD893D7936BDC0FCEF77CF2B.e.2666/click - {}
RESULT: {}
COMMAND: GET /session/56592f54b4fb0edb5aa090c3c290776b/screenshot - {}
RESULT: {}
COMMAND: POST /session/56592f54b4fb0edb5aa090c3c290776b/execute/async - {"script":"<script> [1562 bytes]","args":[{"selector":{"id":"application-warehousemovements-display-component---warehouseMovements--smartFilterBar-filterItemControl_BASIC-YARD-valueHelpDialog-smartFilterBar-btnBasicSearch","searchOpenDialogs":true,"interaction":{"idSuffix":"I"}},"wdio_ui5_key":"applicationwarehousemovements-display-component---warehouseMovements--smartFilterBar-filterItemControl_BASIC-YARD-valueHelpDialog-smartFilterBar-btnBasicSearch"}]}
RESULT: {"script":"<script> [1562 bytes]","args":[{"selector":{"id":"application-warehousemovements-display-component---warehouseMovements--smartFilterBar-filterItemControl_BASIC-YARD-valueHelpDialog-smartFilterBar-btnBasicSearch","searchOpenDialogs":true,"interaction":{"idSuffix":"I"}},"wdio_ui5_key":"applicationwarehousemovements-display-component---warehouseMovements--smartFilterBar-filterItemControl_BASIC-YARD-valueHelpDialog-smartFilterBar-btnBasicSearch"}]}
RESULT: undefined
COMMAND: POST /session/56592f54b4fb0edb5aa090c3c290776b/execute/async - {"script":"<script> [776 bytes]","args":[{"enterText":"WebdriverWHMYarddnpr8","selector":{"id":"application-warehousemovements-display-component---warehouseMovements--smartFilterBar-filterItemControl_BASIC-YARD-valueHelpDialog-smartFilterBar-btnBasicSearch","searchOpenDialogs":true,"interaction":{"idSuffix":"I"}},"clearTextFirst":true,"interactionType":"ENTER_TEXT"}]}
RESULT: {"script":"<script> [776 bytes]","args":[{"enterText":"WebdriverWHMYarddnpr8","selector":{"id":"application-warehousemovements-display-component---warehouseMovements--smartFilterBar-filterItemControl_BASIC-YARD-valueHelpDialog-smartFilterBar-btnBasicSearch","searchOpenDialogs":true,"interaction":{"idSuffix":"I"}},"clearTextFirst":true,"interactionType":"ENTER_TEXT"}]}
COMMAND: POST /session/56592f54b4fb0edb5aa090c3c290776b/actions - {"actions":[{"id":"action8","type":"key","parameters":{},"actions":[{"type":"keyDown","value":"î€‡"},{"type":"pause","duration":10},{"type":"keyUp","value":"î€‡"}]}]}
RESULT: {"actions":[{"id":"action8","type":"key","parameters":{},"actions":[{"type":"keyDown","value":"î€‡"},{"type":"pause","duration":10},{"type":"keyUp","value":"î€‡"}]}]}
COMMAND: GET /session/56592f54b4fb0edb5aa090c3c290776b/screenshot - {}
RESULT: {}
COMMAND: POST /session/56592f54b4fb0edb5aa090c3c290776b/element - {"using":"xpath","value":"//div[@id='application-warehousemovements-display-component---warehouseMovements--smartFilterBar-filterItemControl_BASIC-YARD-valueHelpDialog-table-rowsel0']"}
RESULT: {"using":"xpath","value":"//div[@id='application-warehousemovements-display-component---warehouseMovements--smartFilterBar-filterItemControl_BASIC-YARD-valueHelpDialog-table-rowsel0']"}
COMMAND: POST /session/56592f54b4fb0edb5aa090c3c290776b/element/f.3FFE31BA54A5084AB0E8E3C4FB609917.d.86966FEFDD893D7936BDC0FCEF77CF2B.e.2675/click - {}
RESULT: {}
COMMAND: POST /session/56592f54b4fb0edb5aa090c3c290776b/execute/async - {"script":"<script> [1562 bytes]","args":[{"selector":{"id":"application-warehousemovements-display-component---warehouseMovements--smartFilterBar-filterItemControl_BASIC-YARD-valueHelpDialog-ok","searchOpenDialogs":true,"interaction":{"idSuffix":"BDI-content"}},"wdio_ui5_key":"applicationwarehousemovements-display-component---warehouseMovements--smartFilterBar-filterItemControl_BASIC-YARD-valueHelpDialog-ok"}]}
COMMAND: GET /session/56592f54b4fb0edb5aa090c3c290776b/screenshot - {}
RESULT: {"script":"<script> [1562 bytes]","args":[{"selector":{"id":"application-warehousemovements-display-component---warehouseMovements--smartFilterBar-filterItemControl_BASIC-YARD-valueHelpDialog-ok","searchOpenDialogs":true,"interaction":{"idSuffix":"BDI-content"}},"wdio_ui5_key":"applicationwarehousemovements-display-component---warehouseMovements--smartFilterBar-filterItemControl_BASIC-YARD-valueHelpDialog-ok"}]}
RESULT: undefined
COMMAND: POST /session/56592f54b4fb0edb5aa090c3c290776b/element - {"using":"xpath","value":"//*[@id=\"application-warehousemovements-display-component---warehouseMovements--smartFilterBar-filterItemControl_BASIC-YARD-valueHelpDialog-ok\"]"}
RESULT: {}
RESULT: {"using":"xpath","value":"//*[@id=\"application-warehousemovements-display-component---warehouseMovements--smartFilterBar-filterItemControl_BASIC-YARD-valueHelpDialog-ok\"]"}
COMMAND: POST /session/56592f54b4fb0edb5aa090c3c290776b/element/f.3FFE31BA54A5084AB0E8E3C4FB609917.d.86966FEFDD893D7936BDC0FCEF77CF2B.e.2678/click - {}
RESULT: {}
COMMAND: POST /session/56592f54b4fb0edb5aa090c3c290776b/execute/async - {"script":"<script> [1562 bytes]","args":[{"selector":{"controlType":"sap.ui.core.Icon","viewName":"etm.portal.ui.warehousemovements.view.MasterMovement","viewId":"application-warehousemovements-display-component---warehouseMovements","properties":{"src":{"regex":{"source":"add"}}}},"wdio_ui5_key":"etmportal.ui.warehousemovements.view.MasterMovementsap.ui.core.Icon{\"src\":{\"regex\":{\"source\":\"add\"}}}"}]}
COMMAND: GET /session/56592f54b4fb0edb5aa090c3c290776b/screenshot - {}
RESULT: {"script":"<script> [1562 bytes]","args":[{"selector":{"controlType":"sap.ui.core.Icon","viewName":"etm.portal.ui.warehousemovements.view.MasterMovement","viewId":"application-warehousemovements-display-component---warehouseMovements","properties":{"src":{"regex":{"source":"add"}}}},"wdio_ui5_key":"etmportal.ui.warehousemovements.view.MasterMovementsap.ui.core.Icon{\"src\":{\"regex\":{\"source\":\"add\"}}}"}]}
RESULT: undefined
COMMAND: POST /session/56592f54b4fb0edb5aa090c3c290776b/element - {"using":"xpath","value":"//*[@id=\"__button77-img\"]"}
RESULT: {}
RESULT: {"using":"xpath","value":"//*[@id=\"__button77-img\"]"}
COMMAND: POST /session/56592f54b4fb0edb5aa090c3c290776b/element/f.3FFE31BA54A5084AB0E8E3C4FB609917.d.86966FEFDD893D7936BDC0FCEF77CF2B.e.2615/click - {}
RESULT: {}
COMMAND: POST /session/56592f54b4fb0edb5aa090c3c290776b/element - {"using":"xpath","value":"//input[contains(@id ,\"application-warehousemovements-display-component---addMovement--sectionsList-inner\")]"}
COMMAND: GET /session/56592f54b4fb0edb5aa090c3c290776b/screenshot - {}
RESULT: {"using":"xpath","value":"//input[contains(@id ,\"application-warehousemovements-display-component---addMovement--sectionsList-inner\")]"}
COMMAND: POST /session/56592f54b4fb0edb5aa090c3c290776b/elements - {"using":"xpath","value":"//input[contains(@id ,\"application-warehousemovements-display-component---addMovement--sectionsList-inner\")]"}
RESULT: {}
RESULT: {"using":"xpath","value":"//input[contains(@id ,\"application-warehousemovements-display-component---addMovement--sectionsList-inner\")]"}
COMMAND: POST /session/56592f54b4fb0edb5aa090c3c290776b/element - {"using":"xpath","value":"//input[contains(@id ,\"application-warehousemovements-display-component---addMovement--sectionsList-inner\")]"}
RESULT: {"using":"xpath","value":"//input[contains(@id ,\"application-warehousemovements-display-component---addMovement--sectionsList-inner\")]"}
COMMAND: POST /session/56592f54b4fb0edb5aa090c3c290776b/element/f.3FFE31BA54A5084AB0E8E3C4FB609917.d.86966FEFDD893D7936BDC0FCEF77CF2B.e.2742/clear - {}
RESULT: {}
COMMAND: POST /session/56592f54b4fb0edb5aa090c3c290776b/element/f.3FFE31BA54A5084AB0E8E3C4FB609917.d.86966FEFDD893D7936BDC0FCEF77CF2B.e.2742/value - {"text":"Secgmdye"}
RESULT: {"text":"Secgmdye"}
COMMAND: GET /session/56592f54b4fb0edb5aa090c3c290776b/screenshot - {}
COMMAND: GET /session/56592f54b4fb0edb5aa090c3c290776b/screenshot - {}
RESULT: {}
RESULT: {}
COMMAND: POST /session/56592f54b4fb0edb5aa090c3c290776b/actions - {"actions":[{"id":"action9","type":"key","parameters":{},"actions":[{"type":"keyDown","value":"î€‡"},{"type":"pause","duration":10},{"type":"keyUp","value":"î€‡"}]}]}
RESULT: {"actions":[{"id":"action9","type":"key","parameters":{},"actions":[{"type":"keyDown","value":"î€‡"},{"type":"pause","duration":10},{"type":"keyUp","value":"î€‡"}]}]}
COMMAND: GET /session/56592f54b4fb0edb5aa090c3c290776b/screenshot - {}
RESULT: {}
COMMAND: POST /session/56592f54b4fb0edb5aa090c3c290776b/execute/async - {"script":"<script> [1562 bytes]","args":[{"selector":{"id":"application-warehousemovements-display-component---addMovement--addItem-img"},"wdio_ui5_key":"applicationwarehousemovements-display-component---addMovement--addItem-img"}]}
RESULT: {"script":"<script> [1562 bytes]","args":[{"selector":{"id":"application-warehousemovements-display-component---addMovement--addItem-img"},"wdio_ui5_key":"applicationwarehousemovements-display-component---addMovement--addItem-img"}]}
RESULT: undefined
COMMAND: POST /session/56592f54b4fb0edb5aa090c3c290776b/element - {"using":"xpath","value":"//*[@id=\"application-warehousemovements-display-component---addMovement--addItem-img\"]"}
RESULT: {"using":"xpath","value":"//*[@id=\"application-warehousemovements-display-component---addMovement--addItem-img\"]"}
COMMAND: POST /session/56592f54b4fb0edb5aa090c3c290776b/element/f.3FFE31BA54A5084AB0E8E3C4FB609917.d.86966FEFDD893D7936BDC0FCEF77CF2B.e.2726/click - {}
RESULT: {}
COMMAND: POST /session/56592f54b4fb0edb5aa090c3c290776b/execute/async - {"script":"<script> [1562 bytes]","args":[{"selector":{"id":"movementItemsPopUp--invSearch","searchOpenDialogs":true,"interaction":{"idSuffix":"I"}},"wdio_ui5_key":"movementItemsPopUpinvSearch"}]}
COMMAND: GET /session/56592f54b4fb0edb5aa090c3c290776b/screenshot - {}
RESULT: {"script":"<script> [1562 bytes]","args":[{"selector":{"id":"movementItemsPopUp--invSearch","searchOpenDialogs":true,"interaction":{"idSuffix":"I"}},"wdio_ui5_key":"movementItemsPopUpinvSearch"}]}
RESULT: undefined
COMMAND: POST /session/56592f54b4fb0edb5aa090c3c290776b/execute/async - {"script":"<script> [776 bytes]","args":[{"enterText":"WebdriverMatTestjg4wx","selector":{"id":"movementItemsPopUp--invSearch","searchOpenDialogs":true,"interaction":{"idSuffix":"I"}},"clearTextFirst":true,"interactionType":"ENTER_TEXT"}]}
RESULT: {}
RESULT: {"script":"<script> [776 bytes]","args":[{"enterText":"WebdriverMatTestjg4wx","selector":{"id":"movementItemsPopUp--invSearch","searchOpenDialogs":true,"interaction":{"idSuffix":"I"}},"clearTextFirst":true,"interactionType":"ENTER_TEXT"}]}
COMMAND: POST /session/56592f54b4fb0edb5aa090c3c290776b/execute/async - {"script":"<script> [1562 bytes]","args":[{"selector":{"id":"movementItemsPopUp--movementItemsTable-sa","searchOpenDialogs":true,"interaction":{"idSuffix":"CbBg"}},"wdio_ui5_key":"movementItemsPopUpmovementItemsTable-sa"}]}
RESULT: {"script":"<script> [1562 bytes]","args":[{"selector":{"id":"movementItemsPopUp--movementItemsTable-sa","searchOpenDialogs":true,"interaction":{"idSuffix":"CbBg"}},"wdio_ui5_key":"movementItemsPopUpmovementItemsTable-sa"}]}
RESULT: undefined
COMMAND: POST /session/56592f54b4fb0edb5aa090c3c290776b/element - {"using":"xpath","value":"//*[@id=\"movementItemsPopUp--movementItemsTable-sa\"]"}
RESULT: {"using":"xpath","value":"//*[@id=\"movementItemsPopUp--movementItemsTable-sa\"]"}
COMMAND: POST /session/56592f54b4fb0edb5aa090c3c290776b/element/f.3FFE31BA54A5084AB0E8E3C4FB609917.d.86966FEFDD893D7936BDC0FCEF77CF2B.e.2825/click - {}
RESULT: {}
COMMAND: POST /session/56592f54b4fb0edb5aa090c3c290776b/execute/async - {"script":"<script> [1562 bytes]","args":[{"selector":{"id":"movementItemsPopUp--createBtn","searchOpenDialogs":true,"interaction":{"idSuffix":"BDI-content"}},"wdio_ui5_key":"movementItemsPopUpcreateBtn"}]}
COMMAND: GET /session/56592f54b4fb0edb5aa090c3c290776b/screenshot - {}
RESULT: {"script":"<script> [1562 bytes]","args":[{"selector":{"id":"movementItemsPopUp--createBtn","searchOpenDialogs":true,"interaction":{"idSuffix":"BDI-content"}},"wdio_ui5_key":"movementItemsPopUpcreateBtn"}]}
RESULT: undefined
COMMAND: POST /session/56592f54b4fb0edb5aa090c3c290776b/element - {"using":"xpath","value":"//*[@id=\"movementItemsPopUp--createBtn\"]"}
RESULT: {}
RESULT: {"using":"xpath","value":"//*[@id=\"movementItemsPopUp--createBtn\"]"}
COMMAND: POST /session/56592f54b4fb0edb5aa090c3c290776b/element/f.3FFE31BA54A5084AB0E8E3C4FB609917.d.86966FEFDD893D7936BDC0FCEF77CF2B.e.2827/click - {}
RESULT: {}
COMMAND: GET /session/56592f54b4fb0edb5aa090c3c290776b/screenshot - {}
RESULT: {}
COMMAND: POST /session/56592f54b4fb0edb5aa090c3c290776b/element - {"using":"css selector","value":"#j_username"}
COMMAND: POST /session/56592f54b4fb0edb5aa090c3c290776b/url - {"url":"https://qa-testing-00-live-etm-ui.cfapps.eu10-004.hana.ondemand.com/"}
RESULT: {"using":"css selector","value":"#j_username"}
COMMAND: POST /session/56592f54b4fb0edb5aa090c3c290776b/element - {"using":"css selector","value":"#j_username"}
RESULT: {"url":"https://qa-testing-00-live-etm-ui.cfapps.eu10-004.hana.ondemand.com/"}
RESULT: undefined
COMMAND: GET /session/56592f54b4fb0edb5aa090c3c290776b/screenshot - {}
RESULT: {"using":"css selector","value":"#j_username"}
COMMAND: POST /session/56592f54b4fb0edb5aa090c3c290776b/element - {"using":"css selector","value":"#shell-header-logo"}
RESULT: {}
RESULT: {"using":"css selector","value":"#shell-header-logo"}
COMMAND: POST /session/56592f54b4fb0edb5aa090c3c290776b/execute/sync - {"script":"<script> [8489 bytes]","args":[{"element-6066-11e4-a52e-4f735466cecf":"f.3FFE31BA54A5084AB0E8E3C4FB609917.d.3C58C6B9AB0FF81C1B05753609A059D8.e.2837","ELEMENT":"f.3FFE31BA54A5084AB0E8E3C4FB609917.d.3C58C6B9AB0FF81C1B05753609A059D8.e.2837"}]}
RESULT: {"script":"<script> [8489 bytes]","args":[{"element-6066-11e4-a52e-4f735466cecf":"f.3FFE31BA54A5084AB0E8E3C4FB609917.d.3C58C6B9AB0FF81C1B05753609A059D8.e.2837","ELEMENT":"f.3FFE31BA54A5084AB0E8E3C4FB609917.d.3C58C6B9AB0FF81C1B05753609A059D8.e.2837"}]}
COMMAND: POST /session/56592f54b4fb0edb5aa090c3c290776b/element - {"using":"css selector","value":"#shell-header-logo"}
COMMAND: GET /session/56592f54b4fb0edb5aa090c3c290776b/screenshot - {}
RESULT: {"using":"css selector","value":"#shell-header-logo"}
COMMAND: POST /session/56592f54b4fb0edb5aa090c3c290776b/execute/sync - {"script":"<script> [8489 bytes]","args":[{"element-6066-11e4-a52e-4f735466cecf":"f.3FFE31BA54A5084AB0E8E3C4FB609917.d.3C58C6B9AB0FF81C1B05753609A059D8.e.2837","ELEMENT":"f.3FFE31BA54A5084AB0E8E3C4FB609917.d.3C58C6B9AB0FF81C1B05753609A059D8.e.2837"}]}
RESULT: {}
RESULT: {"script":"<script> [8489 bytes]","args":[{"element-6066-11e4-a52e-4f735466cecf":"f.3FFE31BA54A5084AB0E8E3C4FB609917.d.3C58C6B9AB0FF81C1B05753609A059D8.e.2837","ELEMENT":"f.3FFE31BA54A5084AB0E8E3C4FB609917.d.3C58C6B9AB0FF81C1B05753609A059D8.e.2837"}]}
COMMAND: POST /session/56592f54b4fb0edb5aa090c3c290776b/execute/sync - {"script":"<script> [5351 bytes]","args":[{"element-6066-11e4-a52e-4f735466cecf":"f.3FFE31BA54A5084AB0E8E3C4FB609917.d.3C58C6B9AB0FF81C1B05753609A059D8.e.2837","ELEMENT":"f.3FFE31BA54A5084AB0E8E3C4FB609917.d.3C58C6B9AB0FF81C1B05753609A059D8.e.2837"}]}
COMMAND: GET /session/56592f54b4fb0edb5aa090c3c290776b/screenshot - {}
RESULT: {"script":"<script> [5351 bytes]","args":[{"element-6066-11e4-a52e-4f735466cecf":"f.3FFE31BA54A5084AB0E8E3C4FB609917.d.3C58C6B9AB0FF81C1B05753609A059D8.e.2837","ELEMENT":"f.3FFE31BA54A5084AB0E8E3C4FB609917.d.3C58C6B9AB0FF81C1B05753609A059D8.e.2837"}]}
COMMAND: POST /session/56592f54b4fb0edb5aa090c3c290776b/element - {"using":"css selector","value":"#shell-header-logo"}
COMMAND: GET /session/56592f54b4fb0edb5aa090c3c290776b/screenshot - {}
RESULT: {}
RESULT: {"using":"css selector","value":"#shell-header-logo"}
COMMAND: POST /session/56592f54b4fb0edb5aa090c3c290776b/element/f.3FFE31BA54A5084AB0E8E3C4FB609917.d.3C58C6B9AB0FF81C1B05753609A059D8.e.2837/click - {}
RESULT: {}
RESULT: {}
COMMAND: GET /session/56592f54b4fb0edb5aa090c3c290776b/screenshot - {}
RESULT: {}
COMMAND: POST /session/56592f54b4fb0edb5aa090c3c290776b/execute/async - {"script":"<script> [189 bytes]","args":[]}
RESULT: {"script":"<script> [189 bytes]","args":[]}
COMMAND: POST /session/56592f54b4fb0edb5aa090c3c290776b/execute/async - {"script":"<script> [123 bytes]","args":[]}
RESULT: {"script":"<script> [123 bytes]","args":[]}
COMMAND: POST /session/56592f54b4fb0edb5aa090c3c290776b/timeouts - {"script":"<number>"}
RESULT: {"script":"<number>"}
COMMAND: GET /session/56592f54b4fb0edb5aa090c3c290776b/timeouts - {}
RESULT: {}
RESULT: undefined
COMMAND: POST /session/56592f54b4fb0edb5aa090c3c290776b/execute/async - {"script":"<script> [2676 bytes]","args":[]}
RESULT: {"script":"<script> [2676 bytes]","args":[]}
COMMAND: POST /session/56592f54b4fb0edb5aa090c3c290776b/execute/async - {"script":"<script> [2342 bytes]","args":[{"protocol":"http","hostname":"0.0.0.0","path":"/","capabilities":{"browserName":"chrome","goog:chromeOptions":{"binary":"C:\\Program Files\\Google\\Chrome\\Application\\chrome.exe","args":["--start-maximized"]}},"logLevel":"warn","connectionRetryTimeout":120000,"connectionRetryCount":3,"logLevels":{},"enableDirectConnect":true,"strictSSL":true,"_":"65 more keys: [\"cacheDir\",\"port\",\"requestedCapabilities\",\"automationProtocol\",\"baseUrl\",\"waitforInterval\",\"waitforTimeout\",\"onReload\",\"beforeCommand\",\"afterCommand\",\"rootDir\",\"specs\",\"suites\",\"exclude\",\"groupLogsByTestSpec\",\"excludeDriverLogs\",\"bail\",\"framework\",\"reporters\",\"services\",\"maxInstances\",\"maxInstancesPerCapability\",\"injectGlobals\",\"filesToWatch\",\"execArgv\",\"runnerEnv\",\"runner\",\"shard\",\"specFileRetries\",\"specFileRetriesDelay\",\"specFileRetriesDeferred\",\"reporterSyncInterval\",\"reporterSyncTimeout\",\"cucumberFeaturesWithLineNumbers\",\"autoCompileOpts\",\"mochaOpts\",\"jasmineOpts\",\"cucumberOpts\",\"onPrepare\",\"onWorkerStart\",\"onWorkerEnd\",\"before\",\"beforeSession\",\"beforeSuite\",\"beforeHook\",\"beforeTest\",\"afterTest\",\"afterHook\",\"afterSuite\",\"afterSession\",\"after\",\"onComplete\",\"beforeAssertion\",\"afterAssertion\",\"beforeFeature\",\"beforeScenario\",\"beforeStep\",\"afterStep\",\"afterScenario\",\"afterFeature\",\"_\",\"suite\",\"$0\",\"ignoredWorkerServices\",\"wdi5\"]"}]}
RESULT: {"script":"<script> [2342 bytes]","args":[{"protocol":"http","hostname":"0.0.0.0","path":"/","capabilities":{"browserName":"chrome","goog:chromeOptions":{"binary":"C:\\Program Files\\Google\\Chrome\\Application\\chrome.exe","args":["--start-maximized"]}},"logLevel":"warn","connectionRetryTimeout":120000,"connectionRetryCount":3,"logLevels":{},"enableDirectConnect":true,"strictSSL":true,"_":"65 more keys: [\"cacheDir\",\"port\",\"requestedCapabilities\",\"automationProtocol\",\"baseUrl\",\"waitforInterval\",\"waitforTimeout\",\"onReload\",\"beforeCommand\",\"afterCommand\",\"rootDir\",\"specs\",\"suites\",\"exclude\",\"groupLogsByTestSpec\",\"excludeDriverLogs\",\"bail\",\"framework\",\"reporters\",\"services\",\"maxInstances\",\"maxInstancesPerCapability\",\"injectGlobals\",\"filesToWatch\",\"execArgv\",\"runnerEnv\",\"runner\",\"shard\",\"specFileRetries\",\"specFileRetriesDelay\",\"specFileRetriesDeferred\",\"reporterSyncInterval\",\"reporterSyncTimeout\",\"cucumberFeaturesWithLineNumbers\",\"autoCompileOpts\",\"mochaOpts\",\"jasmineOpts\",\"cucumberOpts\",\"onPrepare\",\"onWorkerStart\",\"onWorkerEnd\",\"before\",\"beforeSession\",\"beforeSuite\",\"beforeHook\",\"beforeTest\",\"afterTest\",\"afterHook\",\"afterSuite\",\"afterSession\",\"after\",\"onComplete\",\"beforeAssertion\",\"afterAssertion\",\"beforeFeature\",\"beforeScenario\",\"beforeStep\",\"afterStep\",\"afterScenario\",\"afterFeature\",\"_\",\"suite\",\"$0\",\"ignoredWorkerServices\",\"wdi5\"]"}]}
COMMAND: POST /session/56592f54b4fb0edb5aa090c3c290776b/execute/async - {"script":"<script> [21126 bytes]","args":[35000]}
RESULT: {"script":"<script> [21126 bytes]","args":[35000]}
COMMAND: POST /session/56592f54b4fb0edb5aa090c3c290776b/window/maximize - {}
RESULT: {}
COMMAND: POST /session/56592f54b4fb0edb5aa090c3c290776b/execute/async - {"script":"<script> [1562 bytes]","args":[{"selector":{"id":"shell-header","interaction":{"idSuffix":"icon"}},"wdio_ui5_key":"shellheader"}]}
COMMAND: GET /session/56592f54b4fb0edb5aa090c3c290776b/screenshot - {}
RESULT: {"script":"<script> [1562 bytes]","args":[{"selector":{"id":"shell-header","interaction":{"idSuffix":"icon"}},"wdio_ui5_key":"shellheader"}]}
RESULT: undefined
COMMAND: POST /session/56592f54b4fb0edb5aa090c3c290776b/refresh - {}
RESULT: {}
RESULT: {}
COMMAND: GET /session/56592f54b4fb0edb5aa090c3c290776b/screenshot - {}
RESULT: {}
COMMAND: POST /session/56592f54b4fb0edb5aa090c3c290776b/refresh - {}
RESULT: {}
COMMAND: GET /session/56592f54b4fb0edb5aa090c3c290776b/screenshot - {}
RESULT: {}
COMMAND: POST /session/56592f54b4fb0edb5aa090c3c290776b/window/fullscreen - {}
RESULT: {}
COMMAND: POST /session/56592f54b4fb0edb5aa090c3c290776b/execute/async - {"script":"<script> [189 bytes]","args":[]}
RESULT: {"script":"<script> [189 bytes]","args":[]}
COMMAND: POST /session/56592f54b4fb0edb5aa090c3c290776b/execute/async - {"script":"<script> [123 bytes]","args":[]}
RESULT: {"script":"<script> [123 bytes]","args":[]}
COMMAND: POST /session/56592f54b4fb0edb5aa090c3c290776b/timeouts - {"script":"<number>"}
RESULT: {"script":"<number>"}
COMMAND: GET /session/56592f54b4fb0edb5aa090c3c290776b/timeouts - {}
RESULT: {}
RESULT: undefined
COMMAND: POST /session/56592f54b4fb0edb5aa090c3c290776b/execute/async - {"script":"<script> [2676 bytes]","args":[]}
RESULT: {"script":"<script> [2676 bytes]","args":[]}
COMMAND: POST /session/56592f54b4fb0edb5aa090c3c290776b/execute/async - {"script":"<script> [2342 bytes]","args":[{"protocol":"http","hostname":"0.0.0.0","path":"/","capabilities":{"browserName":"chrome","goog:chromeOptions":{"binary":"C:\\Program Files\\Google\\Chrome\\Application\\chrome.exe","args":["--start-maximized"]}},"logLevel":"warn","connectionRetryTimeout":120000,"connectionRetryCount":3,"logLevels":{},"enableDirectConnect":true,"strictSSL":true,"_":"65 more keys: [\"cacheDir\",\"port\",\"requestedCapabilities\",\"automationProtocol\",\"baseUrl\",\"waitforInterval\",\"waitforTimeout\",\"onReload\",\"beforeCommand\",\"afterCommand\",\"rootDir\",\"specs\",\"suites\",\"exclude\",\"groupLogsByTestSpec\",\"excludeDriverLogs\",\"bail\",\"framework\",\"reporters\",\"services\",\"maxInstances\",\"maxInstancesPerCapability\",\"injectGlobals\",\"filesToWatch\",\"execArgv\",\"runnerEnv\",\"runner\",\"shard\",\"specFileRetries\",\"specFileRetriesDelay\",\"specFileRetriesDeferred\",\"reporterSyncInterval\",\"reporterSyncTimeout\",\"cucumberFeaturesWithLineNumbers\",\"autoCompileOpts\",\"mochaOpts\",\"jasmineOpts\",\"cucumberOpts\",\"onPrepare\",\"onWorkerStart\",\"onWorkerEnd\",\"before\",\"beforeSession\",\"beforeSuite\",\"beforeHook\",\"beforeTest\",\"afterTest\",\"afterHook\",\"afterSuite\",\"afterSession\",\"after\",\"onComplete\",\"beforeAssertion\",\"afterAssertion\",\"beforeFeature\",\"beforeScenario\",\"beforeStep\",\"afterStep\",\"afterScenario\",\"afterFeature\",\"_\",\"suite\",\"$0\",\"ignoredWorkerServices\",\"wdi5\"]"}]}
RESULT: {"script":"<script> [2342 bytes]","args":[{"protocol":"http","hostname":"0.0.0.0","path":"/","capabilities":{"browserName":"chrome","goog:chromeOptions":{"binary":"C:\\Program Files\\Google\\Chrome\\Application\\chrome.exe","args":["--start-maximized"]}},"logLevel":"warn","connectionRetryTimeout":120000,"connectionRetryCount":3,"logLevels":{},"enableDirectConnect":true,"strictSSL":true,"_":"65 more keys: [\"cacheDir\",\"port\",\"requestedCapabilities\",\"automationProtocol\",\"baseUrl\",\"waitforInterval\",\"waitforTimeout\",\"onReload\",\"beforeCommand\",\"afterCommand\",\"rootDir\",\"specs\",\"suites\",\"exclude\",\"groupLogsByTestSpec\",\"excludeDriverLogs\",\"bail\",\"framework\",\"reporters\",\"services\",\"maxInstances\",\"maxInstancesPerCapability\",\"injectGlobals\",\"filesToWatch\",\"execArgv\",\"runnerEnv\",\"runner\",\"shard\",\"specFileRetries\",\"specFileRetriesDelay\",\"specFileRetriesDeferred\",\"reporterSyncInterval\",\"reporterSyncTimeout\",\"cucumberFeaturesWithLineNumbers\",\"autoCompileOpts\",\"mochaOpts\",\"jasmineOpts\",\"cucumberOpts\",\"onPrepare\",\"onWorkerStart\",\"onWorkerEnd\",\"before\",\"beforeSession\",\"beforeSuite\",\"beforeHook\",\"beforeTest\",\"afterTest\",\"afterHook\",\"afterSuite\",\"afterSession\",\"after\",\"onComplete\",\"beforeAssertion\",\"afterAssertion\",\"beforeFeature\",\"beforeScenario\",\"beforeStep\",\"afterStep\",\"afterScenario\",\"afterFeature\",\"_\",\"suite\",\"$0\",\"ignoredWorkerServices\",\"wdi5\"]"}]}
COMMAND: POST /session/56592f54b4fb0edb5aa090c3c290776b/execute/async - {"script":"<script> [21126 bytes]","args":[35000]}
RESULT: {"script":"<script> [21126 bytes]","args":[35000]}
]]></system-out>
    </testcase>
  </testsuite>
  <testsuite timestamp="2025-06-05T16:49:56" time="851.069" tests="7" failures="2" errors="2" skipped="0">
    <properties>
      <property name="specId" value="0" />
      <property name="suiteName" value="Create masterdata for Yard Overview - trigger provide US130988" />
      <property name="capabilities" value="chrome.137_0_7151_69.windows" />
      <property name="file" value="file:///D:/a/1/s/test/specs/HTR/yard-movement-putaways.spec.js" />
    </properties>
    <testcase classname="chrome.137_0_7151_69.windows.Create_masterdata_for_Yard_Overview_-_trigger_provide_US130988" name="Should create a new WHM yard" time="129.2">
      <system-out><![CDATA[
COMMAND: POST /session/56592f54b4fb0edb5aa090c3c290776b/window/fullscreen - {}
RESULT: {}
COMMAND: POST /session/56592f54b4fb0edb5aa090c3c290776b/execute/async - {"script":"<script> [1562 bytes]","args":[{"selector":{"controlType":"sap.m.GenericTile","properties":{"header":"Manage Yards"}},"wdio_ui5_key":"sapm.GenericTile{\"header\":\"Manage Yards\"}"}]}
RESULT: {"script":"<script> [1562 bytes]","args":[{"selector":{"controlType":"sap.m.GenericTile","properties":{"header":"Manage Yards"}},"wdio_ui5_key":"sapm.GenericTile{\"header\":\"Manage Yards\"}"}]}
RESULT: undefined
COMMAND: POST /session/56592f54b4fb0edb5aa090c3c290776b/element - {"using":"xpath","value":"//*[@id=\"__tile41\"]"}
RESULT: {"using":"xpath","value":"//*[@id=\"__tile41\"]"}
COMMAND: POST /session/56592f54b4fb0edb5aa090c3c290776b/element/f.3FFE31BA54A5084AB0E8E3C4FB609917.d.9E0A4746FA29CEE68F67DB1F527818E6.e.2889/click - {}
RESULT: {}
COMMAND: GET /session/56592f54b4fb0edb5aa090c3c290776b/screenshot - {}
RESULT: {}
COMMAND: POST /session/56592f54b4fb0edb5aa090c3c290776b/elements - {"using":"xpath","value":"//span[text()='Error']"}
RESULT: {"using":"xpath","value":"//span[text()='Error']"}
COMMAND: POST /session/56592f54b4fb0edb5aa090c3c290776b/element - {"using":"xpath","value":"//button[@data-kt=\"addNewYardOverflowToolbarButton\"]"}
RESULT: {"using":"xpath","value":"//button[@data-kt=\"addNewYardOverflowToolbarButton\"]"}
COMMAND: POST /session/56592f54b4fb0edb5aa090c3c290776b/elements - {"using":"xpath","value":"//button[@data-kt=\"addNewYardOverflowToolbarButton\"]"}
RESULT: {"using":"xpath","value":"//button[@data-kt=\"addNewYardOverflowToolbarButton\"]"}
COMMAND: POST /session/56592f54b4fb0edb5aa090c3c290776b/elements - {"using":"xpath","value":"//button[@data-kt=\"addNewYardOverflowToolbarButton\"]"}
RESULT: {"using":"xpath","value":"//button[@data-kt=\"addNewYardOverflowToolbarButton\"]"}
COMMAND: POST /session/56592f54b4fb0edb5aa090c3c290776b/elements - {"using":"xpath","value":"//button[@data-kt=\"addNewYardOverflowToolbarButton\"]"}
RESULT: {"using":"xpath","value":"//button[@data-kt=\"addNewYardOverflowToolbarButton\"]"}
COMMAND: POST /session/56592f54b4fb0edb5aa090c3c290776b/elements - {"using":"xpath","value":"//button[@data-kt=\"addNewYardOverflowToolbarButton\"]"}
RESULT: {"using":"xpath","value":"//button[@data-kt=\"addNewYardOverflowToolbarButton\"]"}
COMMAND: POST /session/56592f54b4fb0edb5aa090c3c290776b/elements - {"using":"xpath","value":"//button[@data-kt=\"addNewYardOverflowToolbarButton\"]"}
RESULT: {"using":"xpath","value":"//button[@data-kt=\"addNewYardOverflowToolbarButton\"]"}
COMMAND: POST /session/56592f54b4fb0edb5aa090c3c290776b/elements - {"using":"xpath","value":"//button[@data-kt=\"addNewYardOverflowToolbarButton\"]"}
RESULT: {"using":"xpath","value":"//button[@data-kt=\"addNewYardOverflowToolbarButton\"]"}
COMMAND: POST /session/56592f54b4fb0edb5aa090c3c290776b/elements - {"using":"xpath","value":"//button[@data-kt=\"addNewYardOverflowToolbarButton\"]"}
RESULT: {"using":"xpath","value":"//button[@data-kt=\"addNewYardOverflowToolbarButton\"]"}
COMMAND: POST /session/56592f54b4fb0edb5aa090c3c290776b/elements - {"using":"xpath","value":"//button[@data-kt=\"addNewYardOverflowToolbarButton\"]"}
RESULT: {"using":"xpath","value":"//button[@data-kt=\"addNewYardOverflowToolbarButton\"]"}
COMMAND: POST /session/56592f54b4fb0edb5aa090c3c290776b/element - {"using":"xpath","value":"//button[@data-kt=\"addNewYardOverflowToolbarButton\"]"}
RESULT: {"using":"xpath","value":"//button[@data-kt=\"addNewYardOverflowToolbarButton\"]"}
COMMAND: POST /session/56592f54b4fb0edb5aa090c3c290776b/execute/sync - {"script":"<script> [8489 bytes]","args":[{"element-6066-11e4-a52e-4f735466cecf":"f.3FFE31BA54A5084AB0E8E3C4FB609917.d.9E0A4746FA29CEE68F67DB1F527818E6.e.3020","ELEMENT":"f.3FFE31BA54A5084AB0E8E3C4FB609917.d.9E0A4746FA29CEE68F67DB1F527818E6.e.3020"}]}
RESULT: {"script":"<script> [8489 bytes]","args":[{"element-6066-11e4-a52e-4f735466cecf":"f.3FFE31BA54A5084AB0E8E3C4FB609917.d.9E0A4746FA29CEE68F67DB1F527818E6.e.3020","ELEMENT":"f.3FFE31BA54A5084AB0E8E3C4FB609917.d.9E0A4746FA29CEE68F67DB1F527818E6.e.3020"}]}
COMMAND: GET /session/56592f54b4fb0edb5aa090c3c290776b/element/f.3FFE31BA54A5084AB0E8E3C4FB609917.d.9E0A4746FA29CEE68F67DB1F527818E6.e.3020/enabled - {}
COMMAND: GET /session/56592f54b4fb0edb5aa090c3c290776b/screenshot - {}
RESULT: {}
COMMAND: POST /session/56592f54b4fb0edb5aa090c3c290776b/execute/sync - {"script":"<script> [8489 bytes]","args":[{"element-6066-11e4-a52e-4f735466cecf":"f.3FFE31BA54A5084AB0E8E3C4FB609917.d.9E0A4746FA29CEE68F67DB1F527818E6.e.3020","ELEMENT":"f.3FFE31BA54A5084AB0E8E3C4FB609917.d.9E0A4746FA29CEE68F67DB1F527818E6.e.3020"}]}
COMMAND: GET /session/56592f54b4fb0edb5aa090c3c290776b/screenshot - {}
RESULT: {}
RESULT: {"script":"<script> [8489 bytes]","args":[{"element-6066-11e4-a52e-4f735466cecf":"f.3FFE31BA54A5084AB0E8E3C4FB609917.d.9E0A4746FA29CEE68F67DB1F527818E6.e.3020","ELEMENT":"f.3FFE31BA54A5084AB0E8E3C4FB609917.d.9E0A4746FA29CEE68F67DB1F527818E6.e.3020"}]}
COMMAND: POST /session/56592f54b4fb0edb5aa090c3c290776b/execute/sync - {"script":"<script> [5351 bytes]","args":[{"element-6066-11e4-a52e-4f735466cecf":"f.3FFE31BA54A5084AB0E8E3C4FB609917.d.9E0A4746FA29CEE68F67DB1F527818E6.e.3020","ELEMENT":"f.3FFE31BA54A5084AB0E8E3C4FB609917.d.9E0A4746FA29CEE68F67DB1F527818E6.e.3020"}]}
COMMAND: GET /session/56592f54b4fb0edb5aa090c3c290776b/screenshot - {}
RESULT: {}
RESULT: {"script":"<script> [5351 bytes]","args":[{"element-6066-11e4-a52e-4f735466cecf":"f.3FFE31BA54A5084AB0E8E3C4FB609917.d.9E0A4746FA29CEE68F67DB1F527818E6.e.3020","ELEMENT":"f.3FFE31BA54A5084AB0E8E3C4FB609917.d.9E0A4746FA29CEE68F67DB1F527818E6.e.3020"}]}
COMMAND: POST /session/56592f54b4fb0edb5aa090c3c290776b/element/f.3FFE31BA54A5084AB0E8E3C4FB609917.d.9E0A4746FA29CEE68F67DB1F527818E6.e.3020/click - {}
COMMAND: GET /session/56592f54b4fb0edb5aa090c3c290776b/screenshot - {}
RESULT: {}
RESULT: {}
COMMAND: GET /session/56592f54b4fb0edb5aa090c3c290776b/screenshot - {}
RESULT: {}
COMMAND: POST /session/56592f54b4fb0edb5aa090c3c290776b/element - {"using":"xpath","value":"//input[@id=\"application-manageyards-display-component---NewYard--yardId-inner\"]"}
RESULT: {}
RESULT: {"using":"xpath","value":"//input[@id=\"application-manageyards-display-component---NewYard--yardId-inner\"]"}
COMMAND: POST /session/56592f54b4fb0edb5aa090c3c290776b/element - {"using":"xpath","value":"//input[@id=\"application-manageyards-display-component---NewYard--yardId-inner\"]"}
RESULT: {"using":"xpath","value":"//input[@id=\"application-manageyards-display-component---NewYard--yardId-inner\"]"}
COMMAND: POST /session/56592f54b4fb0edb5aa090c3c290776b/execute/async - {"script":"<script> [1562 bytes]","args":[{"selector":{"id":"application-manageyards-display-component---NewYard--addressDetailDetailsName1","interaction":{"idSuffix":"inner"}},"wdio_ui5_key":"applicationmanageyards-display-component---NewYard--addressDetailDetailsName1"}]}
RESULT: {"script":"<script> [1562 bytes]","args":[{"selector":{"id":"application-manageyards-display-component---NewYard--addressDetailDetailsName1","interaction":{"idSuffix":"inner"}},"wdio_ui5_key":"applicationmanageyards-display-component---NewYard--addressDetailDetailsName1"}]}
RESULT: undefined
COMMAND: POST /session/56592f54b4fb0edb5aa090c3c290776b/execute/async - {"script":"<script> [776 bytes]","args":[{"enterText":"Warehouse Managed WDIO","selector":{"id":"application-manageyards-display-component---NewYard--addressDetailDetailsName1","interaction":{"idSuffix":"inner"}},"clearTextFirst":true,"interactionType":"ENTER_TEXT"}]}
RESULT: {"script":"<script> [776 bytes]","args":[{"enterText":"Warehouse Managed WDIO","selector":{"id":"application-manageyards-display-component---NewYard--addressDetailDetailsName1","interaction":{"idSuffix":"inner"}},"clearTextFirst":true,"interactionType":"ENTER_TEXT"}]}
COMMAND: POST /session/56592f54b4fb0edb5aa090c3c290776b/execute/async - {"script":"<script> [1562 bytes]","args":[{"selector":{"id":"application-manageyards-display-component---NewYard--addressDetailDetailsLanguage-arrow"},"wdio_ui5_key":"applicationmanageyards-display-component---NewYard--addressDetailDetailsLanguage-arrow"}]}
RESULT: {"script":"<script> [1562 bytes]","args":[{"selector":{"id":"application-manageyards-display-component---NewYard--addressDetailDetailsLanguage-arrow"},"wdio_ui5_key":"applicationmanageyards-display-component---NewYard--addressDetailDetailsLanguage-arrow"}]}
RESULT: undefined
COMMAND: POST /session/56592f54b4fb0edb5aa090c3c290776b/element - {"using":"xpath","value":"//*[@id=\"application-manageyards-display-component---NewYard--addressDetailDetailsLanguage-arrow\"]"}
RESULT: {"using":"xpath","value":"//*[@id=\"application-manageyards-display-component---NewYard--addressDetailDetailsLanguage-arrow\"]"}
COMMAND: POST /session/56592f54b4fb0edb5aa090c3c290776b/element/f.3FFE31BA54A5084AB0E8E3C4FB609917.d.9E0A4746FA29CEE68F67DB1F527818E6.e.3441/click - {}
RESULT: {}
COMMAND: POST /session/56592f54b4fb0edb5aa090c3c290776b/element - {"using":"xpath","value":"//span[contains(text(), \"English\")]"}
COMMAND: GET /session/56592f54b4fb0edb5aa090c3c290776b/screenshot - {}
RESULT: {"using":"xpath","value":"//span[contains(text(), \"English\")]"}
COMMAND: POST /session/56592f54b4fb0edb5aa090c3c290776b/element/f.3FFE31BA54A5084AB0E8E3C4FB609917.d.9E0A4746FA29CEE68F67DB1F527818E6.e.3442/click - {}
RESULT: {}
RESULT: {}
COMMAND: POST /session/56592f54b4fb0edb5aa090c3c290776b/execute/async - {"script":"<script> [1562 bytes]","args":[{"selector":{"id":"application-manageyards-display-component---NewYard--addressDetailDetailsCity1","interaction":{"idSuffix":"inner"}},"wdio_ui5_key":"applicationmanageyards-display-component---NewYard--addressDetailDetailsCity1"}]}
COMMAND: GET /session/56592f54b4fb0edb5aa090c3c290776b/screenshot - {}
RESULT: {"script":"<script> [1562 bytes]","args":[{"selector":{"id":"application-manageyards-display-component---NewYard--addressDetailDetailsCity1","interaction":{"idSuffix":"inner"}},"wdio_ui5_key":"applicationmanageyards-display-component---NewYard--addressDetailDetailsCity1"}]}
RESULT: undefined
COMMAND: POST /session/56592f54b4fb0edb5aa090c3c290776b/execute/async - {"script":"<script> [776 bytes]","args":[{"enterText":"Rosario","selector":{"id":"application-manageyards-display-component---NewYard--addressDetailDetailsCity1","interaction":{"idSuffix":"inner"}},"clearTextFirst":true,"interactionType":"ENTER_TEXT"}]}
RESULT: {}
RESULT: {"script":"<script> [776 bytes]","args":[{"enterText":"Rosario","selector":{"id":"application-manageyards-display-component---NewYard--addressDetailDetailsCity1","interaction":{"idSuffix":"inner"}},"clearTextFirst":true,"interactionType":"ENTER_TEXT"}]}
COMMAND: POST /session/56592f54b4fb0edb5aa090c3c290776b/execute/async - {"script":"<script> [1562 bytes]","args":[{"selector":{"id":"application-manageyards-display-component---NewYard--addressDetailDetailsCountry-arrow"},"wdio_ui5_key":"applicationmanageyards-display-component---NewYard--addressDetailDetailsCountry-arrow"}]}
RESULT: {"script":"<script> [1562 bytes]","args":[{"selector":{"id":"application-manageyards-display-component---NewYard--addressDetailDetailsCountry-arrow"},"wdio_ui5_key":"applicationmanageyards-display-component---NewYard--addressDetailDetailsCountry-arrow"}]}
RESULT: undefined
COMMAND: POST /session/56592f54b4fb0edb5aa090c3c290776b/element - {"using":"xpath","value":"//*[@id=\"application-manageyards-display-component---NewYard--addressDetailDetailsCountry-arrow\"]"}
RESULT: {"using":"xpath","value":"//*[@id=\"application-manageyards-display-component---NewYard--addressDetailDetailsCountry-arrow\"]"}
COMMAND: POST /session/56592f54b4fb0edb5aa090c3c290776b/element/f.3FFE31BA54A5084AB0E8E3C4FB609917.d.9E0A4746FA29CEE68F67DB1F527818E6.e.3444/click - {}
RESULT: {}
COMMAND: POST /session/56592f54b4fb0edb5aa090c3c290776b/element - {"using":"xpath","value":"//span[contains(text(), \"Argentina\")]"}
COMMAND: GET /session/56592f54b4fb0edb5aa090c3c290776b/screenshot - {}
RESULT: {"using":"xpath","value":"//span[contains(text(), \"Argentina\")]"}
COMMAND: POST /session/56592f54b4fb0edb5aa090c3c290776b/element/f.3FFE31BA54A5084AB0E8E3C4FB609917.d.9E0A4746FA29CEE68F67DB1F527818E6.e.3446/click - {}
RESULT: {}
RESULT: {}
COMMAND: POST /session/56592f54b4fb0edb5aa090c3c290776b/execute/async - {"script":"<script> [1562 bytes]","args":[{"selector":{"id":"application-manageyards-display-component---NewYard--addressEditDetailsCostObjectCstType-arrow"},"wdio_ui5_key":"applicationmanageyards-display-component---NewYard--addressEditDetailsCostObjectCstType-arrow"}]}
COMMAND: GET /session/56592f54b4fb0edb5aa090c3c290776b/screenshot - {}
RESULT: {"script":"<script> [1562 bytes]","args":[{"selector":{"id":"application-manageyards-display-component---NewYard--addressEditDetailsCostObjectCstType-arrow"},"wdio_ui5_key":"applicationmanageyards-display-component---NewYard--addressEditDetailsCostObjectCstType-arrow"}]}
RESULT: undefined
COMMAND: POST /session/56592f54b4fb0edb5aa090c3c290776b/element - {"using":"xpath","value":"//*[@id=\"application-manageyards-display-component---NewYard--addressEditDetailsCostObjectCstType-arrow\"]"}
RESULT: {}
RESULT: {"using":"xpath","value":"//*[@id=\"application-manageyards-display-component---NewYard--addressEditDetailsCostObjectCstType-arrow\"]"}
COMMAND: POST /session/56592f54b4fb0edb5aa090c3c290776b/element/f.3FFE31BA54A5084AB0E8E3C4FB609917.d.9E0A4746FA29CEE68F67DB1F527818E6.e.3447/click - {}
RESULT: {}
COMMAND: POST /session/56592f54b4fb0edb5aa090c3c290776b/element - {"using":"xpath","value":"//span[contains(text(), \"Cost Center\")]"}
COMMAND: GET /session/56592f54b4fb0edb5aa090c3c290776b/screenshot - {}
RESULT: {"using":"xpath","value":"//span[contains(text(), \"Cost Center\")]"}
COMMAND: POST /session/56592f54b4fb0edb5aa090c3c290776b/element/f.3FFE31BA54A5084AB0E8E3C4FB609917.d.9E0A4746FA29CEE68F67DB1F527818E6.e.3448/click - {}
RESULT: {}
RESULT: {}
COMMAND: GET /session/56592f54b4fb0edb5aa090c3c290776b/screenshot - {}
RESULT: {}
COMMAND: POST /session/56592f54b4fb0edb5aa090c3c290776b/element - {"using":"xpath","value":"//span[@id=\"application-manageyards-display-component---NewYard--addressNewCostObjectCstID-vhi\"]"}
RESULT: {"using":"xpath","value":"//span[@id=\"application-manageyards-display-component---NewYard--addressNewCostObjectCstID-vhi\"]"}
COMMAND: POST /session/56592f54b4fb0edb5aa090c3c290776b/execute/sync - {"script":"<script> [8489 bytes]","args":[{"element-6066-11e4-a52e-4f735466cecf":"f.3FFE31BA54A5084AB0E8E3C4FB609917.d.9E0A4746FA29CEE68F67DB1F527818E6.e.3452","ELEMENT":"f.3FFE31BA54A5084AB0E8E3C4FB609917.d.9E0A4746FA29CEE68F67DB1F527818E6.e.3452"}]}
RESULT: {"script":"<script> [8489 bytes]","args":[{"element-6066-11e4-a52e-4f735466cecf":"f.3FFE31BA54A5084AB0E8E3C4FB609917.d.9E0A4746FA29CEE68F67DB1F527818E6.e.3452","ELEMENT":"f.3FFE31BA54A5084AB0E8E3C4FB609917.d.9E0A4746FA29CEE68F67DB1F527818E6.e.3452"}]}
COMMAND: POST /session/56592f54b4fb0edb5aa090c3c290776b/execute/async - {"script":"<script> [1562 bytes]","args":[{"selector":{"id":"application-manageyards-display-component---NewYard--addressNewCostObjectCstID-vhi"},"wdio_ui5_key":"applicationmanageyards-display-component---NewYard--addressNewCostObjectCstID-vhi"}]}
COMMAND: GET /session/56592f54b4fb0edb5aa090c3c290776b/screenshot - {}
RESULT: {"script":"<script> [1562 bytes]","args":[{"selector":{"id":"application-manageyards-display-component---NewYard--addressNewCostObjectCstID-vhi"},"wdio_ui5_key":"applicationmanageyards-display-component---NewYard--addressNewCostObjectCstID-vhi"}]}
RESULT: undefined
COMMAND: POST /session/56592f54b4fb0edb5aa090c3c290776b/element - {"using":"xpath","value":"//*[@id=\"application-manageyards-display-component---NewYard--addressNewCostObjectCstID-vhi\"]"}
RESULT: {}
RESULT: {"using":"xpath","value":"//*[@id=\"application-manageyards-display-component---NewYard--addressNewCostObjectCstID-vhi\"]"}
COMMAND: POST /session/56592f54b4fb0edb5aa090c3c290776b/element/f.3FFE31BA54A5084AB0E8E3C4FB609917.d.9E0A4746FA29CEE68F67DB1F527818E6.e.3452/click - {}
RESULT: {}
COMMAND: GET /session/56592f54b4fb0edb5aa090c3c290776b/screenshot - {}
RESULT: {}
COMMAND: POST /session/56592f54b4fb0edb5aa090c3c290776b/execute/async - {"script":"<script> [1562 bytes]","args":[{"selector":{"controlType":"sap.m.SearchField","properties":{"placeholder":"Search"},"searchOpenDialogs":true,"interaction":{"idSuffix":"I"}},"wdio_ui5_key":"sapm.SearchField{\"placeholder\":\"Search\"}"}]}
RESULT: {"script":"<script> [1562 bytes]","args":[{"selector":{"controlType":"sap.m.SearchField","properties":{"placeholder":"Search"},"searchOpenDialogs":true,"interaction":{"idSuffix":"I"}},"wdio_ui5_key":"sapm.SearchField{\"placeholder\":\"Search\"}"}]}
RESULT: undefined
COMMAND: POST /session/56592f54b4fb0edb5aa090c3c290776b/execute/async - {"script":"<script> [776 bytes]","args":[{"enterText":"bauh_b","selector":{"controlType":"sap.m.SearchField","properties":{"placeholder":"Search"},"searchOpenDialogs":true,"interaction":{"idSuffix":"I"}},"clearTextFirst":true,"interactionType":"ENTER_TEXT"}]}
RESULT: {"script":"<script> [776 bytes]","args":[{"enterText":"bauh_b","selector":{"controlType":"sap.m.SearchField","properties":{"placeholder":"Search"},"searchOpenDialogs":true,"interaction":{"idSuffix":"I"}},"clearTextFirst":true,"interactionType":"ENTER_TEXT"}]}
COMMAND: POST /session/56592f54b4fb0edb5aa090c3c290776b/actions - {"actions":[{"id":"action10","type":"key","parameters":{},"actions":[{"type":"keyDown","value":"î€‡"},{"type":"pause","duration":10},{"type":"keyUp","value":"î€‡"}]}]}
RESULT: {"actions":[{"id":"action10","type":"key","parameters":{},"actions":[{"type":"keyDown","value":"î€‡"},{"type":"pause","duration":10},{"type":"keyUp","value":"î€‡"}]}]}
COMMAND: GET /session/56592f54b4fb0edb5aa090c3c290776b/screenshot - {}
RESULT: {}
COMMAND: POST /session/56592f54b4fb0edb5aa090c3c290776b/element - {"using":"xpath","value":"//span[contains(text(), \"Demo Yard\")]"}
RESULT: {"using":"xpath","value":"//span[contains(text(), \"Demo Yard\")]"}
COMMAND: POST /session/56592f54b4fb0edb5aa090c3c290776b/element/f.3FFE31BA54A5084AB0E8E3C4FB609917.d.9E0A4746FA29CEE68F67DB1F527818E6.e.3493/click - {}
RESULT: {}
COMMAND: GET /session/56592f54b4fb0edb5aa090c3c290776b/screenshot - {}
RESULT: {}
COMMAND: POST /session/56592f54b4fb0edb5aa090c3c290776b/element - {"using":"xpath","value":"//bdi[contains(text(), \"OK\")]"}
RESULT: {"using":"xpath","value":"//bdi[contains(text(), \"OK\")]"}
COMMAND: POST /session/56592f54b4fb0edb5aa090c3c290776b/element/f.3FFE31BA54A5084AB0E8E3C4FB609917.d.9E0A4746FA29CEE68F67DB1F527818E6.e.3494/click - {}
RESULT: {}
COMMAND: GET /session/56592f54b4fb0edb5aa090c3c290776b/screenshot - {}
RESULT: {}
COMMAND: POST /session/56592f54b4fb0edb5aa090c3c290776b/execute/async - {"script":"<script> [1562 bytes]","args":[{"selector":{"id":"application-manageyards-display-component---NewYard--addressEditDetailsCurrency-arrow"},"wdio_ui5_key":"applicationmanageyards-display-component---NewYard--addressEditDetailsCurrency-arrow"}]}
RESULT: {"script":"<script> [1562 bytes]","args":[{"selector":{"id":"application-manageyards-display-component---NewYard--addressEditDetailsCurrency-arrow"},"wdio_ui5_key":"applicationmanageyards-display-component---NewYard--addressEditDetailsCurrency-arrow"}]}
RESULT: undefined
COMMAND: POST /session/56592f54b4fb0edb5aa090c3c290776b/element - {"using":"xpath","value":"//*[@id=\"application-manageyards-display-component---NewYard--addressEditDetailsCurrency-arrow\"]"}
RESULT: {"using":"xpath","value":"//*[@id=\"application-manageyards-display-component---NewYard--addressEditDetailsCurrency-arrow\"]"}
COMMAND: POST /session/56592f54b4fb0edb5aa090c3c290776b/element/f.3FFE31BA54A5084AB0E8E3C4FB609917.d.9E0A4746FA29CEE68F67DB1F527818E6.e.3497/click - {}
RESULT: {}
COMMAND: POST /session/56592f54b4fb0edb5aa090c3c290776b/element - {"using":"xpath","value":"//span[contains(text(), \"Euro\")]"}
COMMAND: GET /session/56592f54b4fb0edb5aa090c3c290776b/screenshot - {}
RESULT: {"using":"xpath","value":"//span[contains(text(), \"Euro\")]"}
COMMAND: POST /session/56592f54b4fb0edb5aa090c3c290776b/element/f.3FFE31BA54A5084AB0E8E3C4FB609917.d.9E0A4746FA29CEE68F67DB1F527818E6.e.3498/click - {}
RESULT: {}
RESULT: {}
COMMAND: POST /session/56592f54b4fb0edb5aa090c3c290776b/execute/async - {"script":"<script> [1562 bytes]","args":[{"selector":{"controlType":"sap.m.Input","viewName":"etm.portal.ui.manageyards.view.New","viewId":"application-manageyards-display-component---NewYard","bindingPath":{"path":"","propertyPath":"/CONTROLLING_AREA","modelName":"NewYardModel"},"interaction":{"idSuffix":"inner"}},"wdio_ui5_key":"etmportal.ui.manageyards.view.Newsap.m.Input{\"path\":\"\",\"propertyPath\":\"/CONTROLLING_AREA\",\"modelName\":\"NewYardModel\"}"}]}
COMMAND: GET /session/56592f54b4fb0edb5aa090c3c290776b/screenshot - {}
RESULT: {"script":"<script> [1562 bytes]","args":[{"selector":{"controlType":"sap.m.Input","viewName":"etm.portal.ui.manageyards.view.New","viewId":"application-manageyards-display-component---NewYard","bindingPath":{"path":"","propertyPath":"/CONTROLLING_AREA","modelName":"NewYardModel"},"interaction":{"idSuffix":"inner"}},"wdio_ui5_key":"etmportal.ui.manageyards.view.Newsap.m.Input{\"path\":\"\",\"propertyPath\":\"/CONTROLLING_AREA\",\"modelName\":\"NewYardModel\"}"}]}
RESULT: undefined
COMMAND: POST /session/56592f54b4fb0edb5aa090c3c290776b/execute/async - {"script":"<script> [776 bytes]","args":[{"enterText":"Z001","selector":{"controlType":"sap.m.Input","viewName":"etm.portal.ui.manageyards.view.New","viewId":"application-manageyards-display-component---NewYard","bindingPath":{"path":"","propertyPath":"/CONTROLLING_AREA","modelName":"NewYardModel"},"interaction":{"idSuffix":"inner"}},"clearTextFirst":true,"interactionType":"ENTER_TEXT"}]}
RESULT: {}
RESULT: {"script":"<script> [776 bytes]","args":[{"enterText":"Z001","selector":{"controlType":"sap.m.Input","viewName":"etm.portal.ui.manageyards.view.New","viewId":"application-manageyards-display-component---NewYard","bindingPath":{"path":"","propertyPath":"/CONTROLLING_AREA","modelName":"NewYardModel"},"interaction":{"idSuffix":"inner"}},"clearTextFirst":true,"interactionType":"ENTER_TEXT"}]}
COMMAND: POST /session/56592f54b4fb0edb5aa090c3c290776b/execute/async - {"script":"<script> [1562 bytes]","args":[{"selector":{"id":"application-manageyards-display-component---NewYard--companyCodeComboBox","interaction":{"idSuffix":"inner"}},"wdio_ui5_key":"applicationmanageyards-display-component---NewYard--companyCodeComboBox"}]}
RESULT: {"script":"<script> [1562 bytes]","args":[{"selector":{"id":"application-manageyards-display-component---NewYard--companyCodeComboBox","interaction":{"idSuffix":"inner"}},"wdio_ui5_key":"applicationmanageyards-display-component---NewYard--companyCodeComboBox"}]}
RESULT: undefined
COMMAND: POST /session/56592f54b4fb0edb5aa090c3c290776b/execute/async - {"script":"<script> [776 bytes]","args":[{"enterText":"1000","selector":{"id":"application-manageyards-display-component---NewYard--companyCodeComboBox","interaction":{"idSuffix":"inner"}},"clearTextFirst":true,"interactionType":"ENTER_TEXT"}]}
RESULT: {"script":"<script> [776 bytes]","args":[{"enterText":"1000","selector":{"id":"application-manageyards-display-component---NewYard--companyCodeComboBox","interaction":{"idSuffix":"inner"}},"clearTextFirst":true,"interactionType":"ENTER_TEXT"}]}
COMMAND: POST /session/56592f54b4fb0edb5aa090c3c290776b/execute/async - {"script":"<script> [1562 bytes]","args":[{"selector":{"controlType":"sap.m.Input","viewName":"etm.portal.ui.manageyards.view.New","viewId":"application-manageyards-display-component---NewYard","bindingPath":{"path":"","propertyPath":"/PLANT","modelName":"NewYardModel"},"interaction":{"idSuffix":"inner"}},"wdio_ui5_key":"etmportal.ui.manageyards.view.Newsap.m.Input{\"path\":\"\",\"propertyPath\":\"/PLANT\",\"modelName\":\"NewYardModel\"}"}]}
RESULT: {"script":"<script> [1562 bytes]","args":[{"selector":{"controlType":"sap.m.Input","viewName":"etm.portal.ui.manageyards.view.New","viewId":"application-manageyards-display-component---NewYard","bindingPath":{"path":"","propertyPath":"/PLANT","modelName":"NewYardModel"},"interaction":{"idSuffix":"inner"}},"wdio_ui5_key":"etmportal.ui.manageyards.view.Newsap.m.Input{\"path\":\"\",\"propertyPath\":\"/PLANT\",\"modelName\":\"NewYardModel\"}"}]}
RESULT: undefined
COMMAND: POST /session/56592f54b4fb0edb5aa090c3c290776b/execute/async - {"script":"<script> [776 bytes]","args":[{"enterText":"1001","selector":{"controlType":"sap.m.Input","viewName":"etm.portal.ui.manageyards.view.New","viewId":"application-manageyards-display-component---NewYard","bindingPath":{"path":"","propertyPath":"/PLANT","modelName":"NewYardModel"},"interaction":{"idSuffix":"inner"}},"clearTextFirst":true,"interactionType":"ENTER_TEXT"}]}
RESULT: {"script":"<script> [776 bytes]","args":[{"enterText":"1001","selector":{"controlType":"sap.m.Input","viewName":"etm.portal.ui.manageyards.view.New","viewId":"application-manageyards-display-component---NewYard","bindingPath":{"path":"","propertyPath":"/PLANT","modelName":"NewYardModel"},"interaction":{"idSuffix":"inner"}},"clearTextFirst":true,"interactionType":"ENTER_TEXT"}]}
COMMAND: POST /session/56592f54b4fb0edb5aa090c3c290776b/execute/async - {"script":"<script> [1562 bytes]","args":[{"selector":{"controlType":"sap.m.Input","viewName":"etm.portal.ui.manageyards.view.New","viewId":"application-manageyards-display-component---NewYard","bindingPath":{"path":"","propertyPath":"/SALES_AREA_VKORG","modelName":"NewYardModel"},"interaction":{"idSuffix":"inner"}},"wdio_ui5_key":"etmportal.ui.manageyards.view.Newsap.m.Input{\"path\":\"\",\"propertyPath\":\"/SALES_AREA_VKORG\",\"modelName\":\"NewYardModel\"}"}]}
RESULT: {"script":"<script> [1562 bytes]","args":[{"selector":{"controlType":"sap.m.Input","viewName":"etm.portal.ui.manageyards.view.New","viewId":"application-manageyards-display-component---NewYard","bindingPath":{"path":"","propertyPath":"/SALES_AREA_VKORG","modelName":"NewYardModel"},"interaction":{"idSuffix":"inner"}},"wdio_ui5_key":"etmportal.ui.manageyards.view.Newsap.m.Input{\"path\":\"\",\"propertyPath\":\"/SALES_AREA_VKORG\",\"modelName\":\"NewYardModel\"}"}]}
RESULT: undefined
COMMAND: POST /session/56592f54b4fb0edb5aa090c3c290776b/execute/async - {"script":"<script> [776 bytes]","args":[{"enterText":"C002","selector":{"controlType":"sap.m.Input","viewName":"etm.portal.ui.manageyards.view.New","viewId":"application-manageyards-display-component---NewYard","bindingPath":{"path":"","propertyPath":"/SALES_AREA_VKORG","modelName":"NewYardModel"},"interaction":{"idSuffix":"inner"}},"clearTextFirst":true,"interactionType":"ENTER_TEXT"}]}
RESULT: {"script":"<script> [776 bytes]","args":[{"enterText":"C002","selector":{"controlType":"sap.m.Input","viewName":"etm.portal.ui.manageyards.view.New","viewId":"application-manageyards-display-component---NewYard","bindingPath":{"path":"","propertyPath":"/SALES_AREA_VKORG","modelName":"NewYardModel"},"interaction":{"idSuffix":"inner"}},"clearTextFirst":true,"interactionType":"ENTER_TEXT"}]}
COMMAND: POST /session/56592f54b4fb0edb5aa090c3c290776b/execute/async - {"script":"<script> [1562 bytes]","args":[{"selector":{"controlType":"sap.m.Input","viewName":"etm.portal.ui.manageyards.view.New","viewId":"application-manageyards-display-component---NewYard","bindingPath":{"path":"","propertyPath":"/SALES_AREA_VTWEG","modelName":"NewYardModel"},"interaction":{"idSuffix":"inner"}},"wdio_ui5_key":"etmportal.ui.manageyards.view.Newsap.m.Input{\"path\":\"\",\"propertyPath\":\"/SALES_AREA_VTWEG\",\"modelName\":\"NewYardModel\"}"}]}
RESULT: {"script":"<script> [1562 bytes]","args":[{"selector":{"controlType":"sap.m.Input","viewName":"etm.portal.ui.manageyards.view.New","viewId":"application-manageyards-display-component---NewYard","bindingPath":{"path":"","propertyPath":"/SALES_AREA_VTWEG","modelName":"NewYardModel"},"interaction":{"idSuffix":"inner"}},"wdio_ui5_key":"etmportal.ui.manageyards.view.Newsap.m.Input{\"path\":\"\",\"propertyPath\":\"/SALES_AREA_VTWEG\",\"modelName\":\"NewYardModel\"}"}]}
RESULT: undefined
COMMAND: POST /session/56592f54b4fb0edb5aa090c3c290776b/execute/async - {"script":"<script> [776 bytes]","args":[{"enterText":"C2","selector":{"controlType":"sap.m.Input","viewName":"etm.portal.ui.manageyards.view.New","viewId":"application-manageyards-display-component---NewYard","bindingPath":{"path":"","propertyPath":"/SALES_AREA_VTWEG","modelName":"NewYardModel"},"interaction":{"idSuffix":"inner"}},"clearTextFirst":true,"interactionType":"ENTER_TEXT"}]}
RESULT: {"script":"<script> [776 bytes]","args":[{"enterText":"C2","selector":{"controlType":"sap.m.Input","viewName":"etm.portal.ui.manageyards.view.New","viewId":"application-manageyards-display-component---NewYard","bindingPath":{"path":"","propertyPath":"/SALES_AREA_VTWEG","modelName":"NewYardModel"},"interaction":{"idSuffix":"inner"}},"clearTextFirst":true,"interactionType":"ENTER_TEXT"}]}
COMMAND: POST /session/56592f54b4fb0edb5aa090c3c290776b/execute/async - {"script":"<script> [1562 bytes]","args":[{"selector":{"controlType":"sap.m.Input","viewName":"etm.portal.ui.manageyards.view.New","viewId":"application-manageyards-display-component---NewYard","bindingPath":{"path":"","propertyPath":"/SALES_AREA_SPART","modelName":"NewYardModel"},"interaction":{"idSuffix":"inner"}},"wdio_ui5_key":"etmportal.ui.manageyards.view.Newsap.m.Input{\"path\":\"\",\"propertyPath\":\"/SALES_AREA_SPART\",\"modelName\":\"NewYardModel\"}"}]}
RESULT: {"script":"<script> [1562 bytes]","args":[{"selector":{"controlType":"sap.m.Input","viewName":"etm.portal.ui.manageyards.view.New","viewId":"application-manageyards-display-component---NewYard","bindingPath":{"path":"","propertyPath":"/SALES_AREA_SPART","modelName":"NewYardModel"},"interaction":{"idSuffix":"inner"}},"wdio_ui5_key":"etmportal.ui.manageyards.view.Newsap.m.Input{\"path\":\"\",\"propertyPath\":\"/SALES_AREA_SPART\",\"modelName\":\"NewYardModel\"}"}]}
RESULT: undefined
COMMAND: POST /session/56592f54b4fb0edb5aa090c3c290776b/execute/async - {"script":"<script> [776 bytes]","args":[{"enterText":"C2","selector":{"controlType":"sap.m.Input","viewName":"etm.portal.ui.manageyards.view.New","viewId":"application-manageyards-display-component---NewYard","bindingPath":{"path":"","propertyPath":"/SALES_AREA_SPART","modelName":"NewYardModel"},"interaction":{"idSuffix":"inner"}},"clearTextFirst":true,"interactionType":"ENTER_TEXT"}]}
RESULT: {"script":"<script> [776 bytes]","args":[{"enterText":"C2","selector":{"controlType":"sap.m.Input","viewName":"etm.portal.ui.manageyards.view.New","viewId":"application-manageyards-display-component---NewYard","bindingPath":{"path":"","propertyPath":"/SALES_AREA_SPART","modelName":"NewYardModel"},"interaction":{"idSuffix":"inner"}},"clearTextFirst":true,"interactionType":"ENTER_TEXT"}]}
COMMAND: POST /session/56592f54b4fb0edb5aa090c3c290776b/execute/async - {"script":"<script> [1562 bytes]","args":[{"selector":{"controlType":"sap.m.Input","viewName":"etm.portal.ui.manageyards.view.New","viewId":"application-manageyards-display-component---NewYard","bindingPath":{"path":"","propertyPath":"/SHIP_POINT","modelName":"NewYardModel"},"interaction":{"idSuffix":"inner"}},"wdio_ui5_key":"etmportal.ui.manageyards.view.Newsap.m.Input{\"path\":\"\",\"propertyPath\":\"/SHIP_POINT\",\"modelName\":\"NewYardModel\"}"}]}
RESULT: {"script":"<script> [1562 bytes]","args":[{"selector":{"controlType":"sap.m.Input","viewName":"etm.portal.ui.manageyards.view.New","viewId":"application-manageyards-display-component---NewYard","bindingPath":{"path":"","propertyPath":"/SHIP_POINT","modelName":"NewYardModel"},"interaction":{"idSuffix":"inner"}},"wdio_ui5_key":"etmportal.ui.manageyards.view.Newsap.m.Input{\"path\":\"\",\"propertyPath\":\"/SHIP_POINT\",\"modelName\":\"NewYardModel\"}"}]}
RESULT: undefined
COMMAND: POST /session/56592f54b4fb0edb5aa090c3c290776b/execute/async - {"script":"<script> [776 bytes]","args":[{"enterText":"1710","selector":{"controlType":"sap.m.Input","viewName":"etm.portal.ui.manageyards.view.New","viewId":"application-manageyards-display-component---NewYard","bindingPath":{"path":"","propertyPath":"/SHIP_POINT","modelName":"NewYardModel"},"interaction":{"idSuffix":"inner"}},"clearTextFirst":true,"interactionType":"ENTER_TEXT"}]}
RESULT: {"script":"<script> [776 bytes]","args":[{"enterText":"1710","selector":{"controlType":"sap.m.Input","viewName":"etm.portal.ui.manageyards.view.New","viewId":"application-manageyards-display-component---NewYard","bindingPath":{"path":"","propertyPath":"/SHIP_POINT","modelName":"NewYardModel"},"interaction":{"idSuffix":"inner"}},"clearTextFirst":true,"interactionType":"ENTER_TEXT"}]}
COMMAND: POST /session/56592f54b4fb0edb5aa090c3c290776b/execute/async - {"script":"<script> [1562 bytes]","args":[{"selector":{"controlType":"sap.m.Input","viewName":"etm.portal.ui.manageyards.view.New","viewId":"application-manageyards-display-component---NewYard","bindingPath":{"path":"","propertyPath":"/DELIVERY_TYPE","modelName":"NewYardModel"},"interaction":{"idSuffix":"inner"}},"wdio_ui5_key":"etmportal.ui.manageyards.view.Newsap.m.Input{\"path\":\"\",\"propertyPath\":\"/DELIVERY_TYPE\",\"modelName\":\"NewYardModel\"}"}]}
RESULT: {"script":"<script> [1562 bytes]","args":[{"selector":{"controlType":"sap.m.Input","viewName":"etm.portal.ui.manageyards.view.New","viewId":"application-manageyards-display-component---NewYard","bindingPath":{"path":"","propertyPath":"/DELIVERY_TYPE","modelName":"NewYardModel"},"interaction":{"idSuffix":"inner"}},"wdio_ui5_key":"etmportal.ui.manageyards.view.Newsap.m.Input{\"path\":\"\",\"propertyPath\":\"/DELIVERY_TYPE\",\"modelName\":\"NewYardModel\"}"}]}
RESULT: undefined
COMMAND: POST /session/56592f54b4fb0edb5aa090c3c290776b/execute/async - {"script":"<script> [776 bytes]","args":[{"enterText":"ZL01","selector":{"controlType":"sap.m.Input","viewName":"etm.portal.ui.manageyards.view.New","viewId":"application-manageyards-display-component---NewYard","bindingPath":{"path":"","propertyPath":"/DELIVERY_TYPE","modelName":"NewYardModel"},"interaction":{"idSuffix":"inner"}},"clearTextFirst":true,"interactionType":"ENTER_TEXT"}]}
RESULT: {"script":"<script> [776 bytes]","args":[{"enterText":"ZL01","selector":{"controlType":"sap.m.Input","viewName":"etm.portal.ui.manageyards.view.New","viewId":"application-manageyards-display-component---NewYard","bindingPath":{"path":"","propertyPath":"/DELIVERY_TYPE","modelName":"NewYardModel"},"interaction":{"idSuffix":"inner"}},"clearTextFirst":true,"interactionType":"ENTER_TEXT"}]}
COMMAND: POST /session/56592f54b4fb0edb5aa090c3c290776b/execute/async - {"script":"<script> [1562 bytes]","args":[{"selector":{"controlType":"sap.m.Input","viewName":"etm.portal.ui.manageyards.view.New","viewId":"application-manageyards-display-component---NewYard","bindingPath":{"path":"","propertyPath":"/AUART","modelName":"NewYardModel"},"interaction":{"idSuffix":"inner"}},"wdio_ui5_key":"etmportal.ui.manageyards.view.Newsap.m.Input{\"path\":\"\",\"propertyPath\":\"/AUART\",\"modelName\":\"NewYardModel\"}"}]}
RESULT: {"script":"<script> [1562 bytes]","args":[{"selector":{"controlType":"sap.m.Input","viewName":"etm.portal.ui.manageyards.view.New","viewId":"application-manageyards-display-component---NewYard","bindingPath":{"path":"","propertyPath":"/AUART","modelName":"NewYardModel"},"interaction":{"idSuffix":"inner"}},"wdio_ui5_key":"etmportal.ui.manageyards.view.Newsap.m.Input{\"path\":\"\",\"propertyPath\":\"/AUART\",\"modelName\":\"NewYardModel\"}"}]}
RESULT: undefined
COMMAND: POST /session/56592f54b4fb0edb5aa090c3c290776b/execute/async - {"script":"<script> [776 bytes]","args":[{"enterText":"TA","selector":{"controlType":"sap.m.Input","viewName":"etm.portal.ui.manageyards.view.New","viewId":"application-manageyards-display-component---NewYard","bindingPath":{"path":"","propertyPath":"/AUART","modelName":"NewYardModel"},"interaction":{"idSuffix":"inner"}},"clearTextFirst":true,"interactionType":"ENTER_TEXT"}]}
RESULT: {"script":"<script> [776 bytes]","args":[{"enterText":"TA","selector":{"controlType":"sap.m.Input","viewName":"etm.portal.ui.manageyards.view.New","viewId":"application-manageyards-display-component---NewYard","bindingPath":{"path":"","propertyPath":"/AUART","modelName":"NewYardModel"},"interaction":{"idSuffix":"inner"}},"clearTextFirst":true,"interactionType":"ENTER_TEXT"}]}
COMMAND: POST /session/56592f54b4fb0edb5aa090c3c290776b/execute/async - {"script":"<script> [1562 bytes]","args":[{"selector":{"id":"application-manageyards-display-component---NewYard--whmCheckBox","interaction":{"idSuffix":"CbBg"}},"wdio_ui5_key":"applicationmanageyards-display-component---NewYard--whmCheckBox"}]}
RESULT: {"script":"<script> [1562 bytes]","args":[{"selector":{"id":"application-manageyards-display-component---NewYard--whmCheckBox","interaction":{"idSuffix":"CbBg"}},"wdio_ui5_key":"applicationmanageyards-display-component---NewYard--whmCheckBox"}]}
RESULT: undefined
COMMAND: POST /session/56592f54b4fb0edb5aa090c3c290776b/element - {"using":"xpath","value":"//*[@id=\"application-manageyards-display-component---NewYard--whmCheckBox\"]"}
RESULT: {"using":"xpath","value":"//*[@id=\"application-manageyards-display-component---NewYard--whmCheckBox\"]"}
COMMAND: POST /session/56592f54b4fb0edb5aa090c3c290776b/element/f.3FFE31BA54A5084AB0E8E3C4FB609917.d.9E0A4746FA29CEE68F67DB1F527818E6.e.3518/click - {}
RESULT: {}
COMMAND: GET /session/56592f54b4fb0edb5aa090c3c290776b/screenshot - {}
RESULT: {}
COMMAND: POST /session/56592f54b4fb0edb5aa090c3c290776b/element - {"using":"xpath","value":"//button[@data-kt=\"newYardSaveButton\"]"}
RESULT: {"using":"xpath","value":"//button[@data-kt=\"newYardSaveButton\"]"}
COMMAND: POST /session/56592f54b4fb0edb5aa090c3c290776b/element/f.3FFE31BA54A5084AB0E8E3C4FB609917.d.9E0A4746FA29CEE68F67DB1F527818E6.e.3434/click - {}
RESULT: {}
COMMAND: GET /session/56592f54b4fb0edb5aa090c3c290776b/screenshot - {}
RESULT: {}
COMMAND: POST /session/56592f54b4fb0edb5aa090c3c290776b/element - {"using":"xpath","value":"//header[contains(@id, 'ObjectPageLayout-headerTitle')]/div[1]/div[2]/div[1]/span[1]"}
RESULT: {"using":"xpath","value":"//header[contains(@id, 'ObjectPageLayout-headerTitle')]/div[1]/div[2]/div[1]/span[1]"}
COMMAND: POST /session/56592f54b4fb0edb5aa090c3c290776b/elements - {"using":"xpath","value":"//header[contains(@id, 'ObjectPageLayout-headerTitle')]/div[1]/div[2]/div[1]/span[1]"}
RESULT: {"using":"xpath","value":"//header[contains(@id, 'ObjectPageLayout-headerTitle')]/div[1]/div[2]/div[1]/span[1]"}
COMMAND: POST /session/56592f54b4fb0edb5aa090c3c290776b/execute/sync - {"script":"<script> [56 bytes]","args":[{"element-6066-11e4-a52e-4f735466cecf":"f.3FFE31BA54A5084AB0E8E3C4FB609917.d.9E0A4746FA29CEE68F67DB1F527818E6.e.3718","ELEMENT":"f.3FFE31BA54A5084AB0E8E3C4FB609917.d.9E0A4746FA29CEE68F67DB1F527818E6.e.3718"}]}
RESULT: {"script":"<script> [56 bytes]","args":[{"element-6066-11e4-a52e-4f735466cecf":"f.3FFE31BA54A5084AB0E8E3C4FB609917.d.9E0A4746FA29CEE68F67DB1F527818E6.e.3718","ELEMENT":"f.3FFE31BA54A5084AB0E8E3C4FB609917.d.9E0A4746FA29CEE68F67DB1F527818E6.e.3718"}]}
COMMAND: GET /session/56592f54b4fb0edb5aa090c3c290776b/screenshot - {}
RESULT: {}
COMMAND: POST /session/56592f54b4fb0edb5aa090c3c290776b/element - {"using":"css selector","value":"#shell-header-logo"}
RESULT: {"using":"css selector","value":"#shell-header-logo"}
COMMAND: POST /session/56592f54b4fb0edb5aa090c3c290776b/element/f.3FFE31BA54A5084AB0E8E3C4FB609917.d.9E0A4746FA29CEE68F67DB1F527818E6.e.2989/click - {}
RESULT: {}
COMMAND: GET /session/56592f54b4fb0edb5aa090c3c290776b/screenshot - {}
RESULT: {}
COMMAND: POST /session/56592f54b4fb0edb5aa090c3c290776b/execute/sync - {"script":"<script> [299 bytes]","args":[["getModel","getResource"]]}
RESULT: {"script":"<script> [299 bytes]","args":[["getModel","getResource"]]}
COMMAND: GET /session/56592f54b4fb0edb5aa090c3c290776b/screenshot - {}
]]></system-out>
    </testcase>
    <testcase classname="chrome.137_0_7151_69.windows.Create_masterdata_for_Yard_Overview_-_trigger_provide_US130988" name="Should create a new external partner" time="109.72">
      <system-out><![CDATA[
COMMAND: POST /session/56592f54b4fb0edb5aa090c3c290776b/window/fullscreen - {}
RESULT: {}
COMMAND: POST /session/56592f54b4fb0edb5aa090c3c290776b/execute/async - {"script":"<script> [1562 bytes]","args":[{"selector":{"controlType":"sap.m.GenericTile","properties":{"header":"Manage Partners"}},"wdio_ui5_key":"sapm.GenericTile{\"header\":\"Manage Partners\"}"}]}
RESULT: {}
RESULT: {"script":"<script> [1562 bytes]","args":[{"selector":{"controlType":"sap.m.GenericTile","properties":{"header":"Manage Partners"}},"wdio_ui5_key":"sapm.GenericTile{\"header\":\"Manage Partners\"}"}]}
RESULT: undefined
COMMAND: POST /session/56592f54b4fb0edb5aa090c3c290776b/element - {"using":"xpath","value":"//*[@id=\"__tile38\"]"}
RESULT: {"using":"xpath","value":"//*[@id=\"__tile38\"]"}
COMMAND: POST /session/56592f54b4fb0edb5aa090c3c290776b/element/f.3FFE31BA54A5084AB0E8E3C4FB609917.d.9E0A4746FA29CEE68F67DB1F527818E6.e.2880/click - {}
RESULT: {}
COMMAND: GET /session/56592f54b4fb0edb5aa090c3c290776b/screenshot - {}
RESULT: {}
COMMAND: POST /session/56592f54b4fb0edb5aa090c3c290776b/elements - {"using":"xpath","value":"//span[text()='Error']"}
RESULT: {"using":"xpath","value":"//span[text()='Error']"}
COMMAND: POST /session/56592f54b4fb0edb5aa090c3c290776b/element - {"using":"xpath","value":"//button[@data-kt=\"addButton\"]"}
RESULT: {"using":"xpath","value":"//button[@data-kt=\"addButton\"]"}
COMMAND: POST /session/56592f54b4fb0edb5aa090c3c290776b/elements - {"using":"xpath","value":"//button[@data-kt=\"addButton\"]"}
RESULT: {"using":"xpath","value":"//button[@data-kt=\"addButton\"]"}
COMMAND: POST /session/56592f54b4fb0edb5aa090c3c290776b/elements - {"using":"xpath","value":"//button[@data-kt=\"addButton\"]"}
RESULT: {"using":"xpath","value":"//button[@data-kt=\"addButton\"]"}
COMMAND: POST /session/56592f54b4fb0edb5aa090c3c290776b/element - {"using":"xpath","value":"//button[@data-kt=\"addButton\"]"}
RESULT: {"using":"xpath","value":"//button[@data-kt=\"addButton\"]"}
COMMAND: POST /session/56592f54b4fb0edb5aa090c3c290776b/execute/sync - {"script":"<script> [8489 bytes]","args":[{"element-6066-11e4-a52e-4f735466cecf":"f.3FFE31BA54A5084AB0E8E3C4FB609917.d.9E0A4746FA29CEE68F67DB1F527818E6.e.3756","ELEMENT":"f.3FFE31BA54A5084AB0E8E3C4FB609917.d.9E0A4746FA29CEE68F67DB1F527818E6.e.3756"}]}
RESULT: {"script":"<script> [8489 bytes]","args":[{"element-6066-11e4-a52e-4f735466cecf":"f.3FFE31BA54A5084AB0E8E3C4FB609917.d.9E0A4746FA29CEE68F67DB1F527818E6.e.3756","ELEMENT":"f.3FFE31BA54A5084AB0E8E3C4FB609917.d.9E0A4746FA29CEE68F67DB1F527818E6.e.3756"}]}
COMMAND: GET /session/56592f54b4fb0edb5aa090c3c290776b/element/f.3FFE31BA54A5084AB0E8E3C4FB609917.d.9E0A4746FA29CEE68F67DB1F527818E6.e.3756/enabled - {}
COMMAND: GET /session/56592f54b4fb0edb5aa090c3c290776b/screenshot - {}
RESULT: {}
COMMAND: POST /session/56592f54b4fb0edb5aa090c3c290776b/execute/sync - {"script":"<script> [8489 bytes]","args":[{"element-6066-11e4-a52e-4f735466cecf":"f.3FFE31BA54A5084AB0E8E3C4FB609917.d.9E0A4746FA29CEE68F67DB1F527818E6.e.3756","ELEMENT":"f.3FFE31BA54A5084AB0E8E3C4FB609917.d.9E0A4746FA29CEE68F67DB1F527818E6.e.3756"}]}
COMMAND: GET /session/56592f54b4fb0edb5aa090c3c290776b/screenshot - {}
RESULT: {}
RESULT: {"script":"<script> [8489 bytes]","args":[{"element-6066-11e4-a52e-4f735466cecf":"f.3FFE31BA54A5084AB0E8E3C4FB609917.d.9E0A4746FA29CEE68F67DB1F527818E6.e.3756","ELEMENT":"f.3FFE31BA54A5084AB0E8E3C4FB609917.d.9E0A4746FA29CEE68F67DB1F527818E6.e.3756"}]}
COMMAND: POST /session/56592f54b4fb0edb5aa090c3c290776b/execute/sync - {"script":"<script> [5351 bytes]","args":[{"element-6066-11e4-a52e-4f735466cecf":"f.3FFE31BA54A5084AB0E8E3C4FB609917.d.9E0A4746FA29CEE68F67DB1F527818E6.e.3756","ELEMENT":"f.3FFE31BA54A5084AB0E8E3C4FB609917.d.9E0A4746FA29CEE68F67DB1F527818E6.e.3756"}]}
COMMAND: GET /session/56592f54b4fb0edb5aa090c3c290776b/screenshot - {}
RESULT: {}
RESULT: {"script":"<script> [5351 bytes]","args":[{"element-6066-11e4-a52e-4f735466cecf":"f.3FFE31BA54A5084AB0E8E3C4FB609917.d.9E0A4746FA29CEE68F67DB1F527818E6.e.3756","ELEMENT":"f.3FFE31BA54A5084AB0E8E3C4FB609917.d.9E0A4746FA29CEE68F67DB1F527818E6.e.3756"}]}
COMMAND: POST /session/56592f54b4fb0edb5aa090c3c290776b/element/f.3FFE31BA54A5084AB0E8E3C4FB609917.d.9E0A4746FA29CEE68F67DB1F527818E6.e.3756/click - {}
COMMAND: GET /session/56592f54b4fb0edb5aa090c3c290776b/screenshot - {}
RESULT: {}
RESULT: {}
RESULT: {}
COMMAND: GET /session/56592f54b4fb0edb5aa090c3c290776b/screenshot - {}
COMMAND: POST /session/56592f54b4fb0edb5aa090c3c290776b/execute/async - {"script":"<script> [1562 bytes]","args":[{"selector":{"id":"application-managepartners-display-component---NewPartner--addressDetailDetailsName1","interaction":{"idSuffix":"inner"}},"wdio_ui5_key":"applicationmanagepartners-display-component---NewPartner--addressDetailDetailsName1"}]}
RESULT: {}
RESULT: {"script":"<script> [1562 bytes]","args":[{"selector":{"id":"application-managepartners-display-component---NewPartner--addressDetailDetailsName1","interaction":{"idSuffix":"inner"}},"wdio_ui5_key":"applicationmanagepartners-display-component---NewPartner--addressDetailDetailsName1"}]}
RESULT: undefined
COMMAND: POST /session/56592f54b4fb0edb5aa090c3c290776b/execute/async - {"script":"<script> [776 bytes]","args":[{"enterText":"External Partner WDIO","selector":{"id":"application-managepartners-display-component---NewPartner--addressDetailDetailsName1","interaction":{"idSuffix":"inner"}},"clearTextFirst":true,"interactionType":"ENTER_TEXT"}]}
RESULT: {"script":"<script> [776 bytes]","args":[{"enterText":"External Partner WDIO","selector":{"id":"application-managepartners-display-component---NewPartner--addressDetailDetailsName1","interaction":{"idSuffix":"inner"}},"clearTextFirst":true,"interactionType":"ENTER_TEXT"}]}
COMMAND: POST /session/56592f54b4fb0edb5aa090c3c290776b/execute/async - {"script":"<script> [1562 bytes]","args":[{"selector":{"id":"application-managepartners-display-component---NewPartner--addressDetailDetailsLanguage-arrow"},"wdio_ui5_key":"applicationmanagepartners-display-component---NewPartner--addressDetailDetailsLanguage-arrow"}]}
RESULT: {"script":"<script> [1562 bytes]","args":[{"selector":{"id":"application-managepartners-display-component---NewPartner--addressDetailDetailsLanguage-arrow"},"wdio_ui5_key":"applicationmanagepartners-display-component---NewPartner--addressDetailDetailsLanguage-arrow"}]}
RESULT: undefined
COMMAND: POST /session/56592f54b4fb0edb5aa090c3c290776b/element - {"using":"xpath","value":"//*[@id=\"application-managepartners-display-component---NewPartner--addressDetailDetailsLanguage-arrow\"]"}
RESULT: {"using":"xpath","value":"//*[@id=\"application-managepartners-display-component---NewPartner--addressDetailDetailsLanguage-arrow\"]"}
COMMAND: POST /session/56592f54b4fb0edb5aa090c3c290776b/element/f.3FFE31BA54A5084AB0E8E3C4FB609917.d.9E0A4746FA29CEE68F67DB1F527818E6.e.4201/click - {}
RESULT: {}
COMMAND: POST /session/56592f54b4fb0edb5aa090c3c290776b/element - {"using":"xpath","value":"//span[contains(text(), \"English\")]"}
COMMAND: GET /session/56592f54b4fb0edb5aa090c3c290776b/screenshot - {}
RESULT: {"using":"xpath","value":"//span[contains(text(), \"English\")]"}
COMMAND: POST /session/56592f54b4fb0edb5aa090c3c290776b/element/f.3FFE31BA54A5084AB0E8E3C4FB609917.d.9E0A4746FA29CEE68F67DB1F527818E6.e.4202/click - {}
RESULT: {}
RESULT: {}
COMMAND: GET /session/56592f54b4fb0edb5aa090c3c290776b/screenshot - {}
RESULT: {}
COMMAND: POST /session/56592f54b4fb0edb5aa090c3c290776b/execute/async - {"script":"<script> [1562 bytes]","args":[{"selector":{"id":"application-managepartners-display-component---NewPartner--addressDetailDetailsCity1","interaction":{"idSuffix":"inner"}},"wdio_ui5_key":"applicationmanagepartners-display-component---NewPartner--addressDetailDetailsCity1"}]}
RESULT: {"script":"<script> [1562 bytes]","args":[{"selector":{"id":"application-managepartners-display-component---NewPartner--addressDetailDetailsCity1","interaction":{"idSuffix":"inner"}},"wdio_ui5_key":"applicationmanagepartners-display-component---NewPartner--addressDetailDetailsCity1"}]}
RESULT: undefined
COMMAND: POST /session/56592f54b4fb0edb5aa090c3c290776b/execute/async - {"script":"<script> [776 bytes]","args":[{"enterText":"Rosario","selector":{"id":"application-managepartners-display-component---NewPartner--addressDetailDetailsCity1","interaction":{"idSuffix":"inner"}},"clearTextFirst":true,"interactionType":"ENTER_TEXT"}]}
RESULT: {"script":"<script> [776 bytes]","args":[{"enterText":"Rosario","selector":{"id":"application-managepartners-display-component---NewPartner--addressDetailDetailsCity1","interaction":{"idSuffix":"inner"}},"clearTextFirst":true,"interactionType":"ENTER_TEXT"}]}
COMMAND: POST /session/56592f54b4fb0edb5aa090c3c290776b/execute/async - {"script":"<script> [1562 bytes]","args":[{"selector":{"id":"application-managepartners-display-component---NewPartner--addressDetailDetailsCountry-arrow"},"wdio_ui5_key":"applicationmanagepartners-display-component---NewPartner--addressDetailDetailsCountry-arrow"}]}
RESULT: {"script":"<script> [1562 bytes]","args":[{"selector":{"id":"application-managepartners-display-component---NewPartner--addressDetailDetailsCountry-arrow"},"wdio_ui5_key":"applicationmanagepartners-display-component---NewPartner--addressDetailDetailsCountry-arrow"}]}
RESULT: undefined
COMMAND: POST /session/56592f54b4fb0edb5aa090c3c290776b/element - {"using":"xpath","value":"//*[@id=\"application-managepartners-display-component---NewPartner--addressDetailDetailsCountry-arrow\"]"}
RESULT: {"using":"xpath","value":"//*[@id=\"application-managepartners-display-component---NewPartner--addressDetailDetailsCountry-arrow\"]"}
COMMAND: POST /session/56592f54b4fb0edb5aa090c3c290776b/element/f.3FFE31BA54A5084AB0E8E3C4FB609917.d.9E0A4746FA29CEE68F67DB1F527818E6.e.4157/click - {}
RESULT: {}
COMMAND: POST /session/56592f54b4fb0edb5aa090c3c290776b/element - {"using":"xpath","value":"//span[contains(text(), \"Argentina\")]"}
COMMAND: GET /session/56592f54b4fb0edb5aa090c3c290776b/screenshot - {}
RESULT: {"using":"xpath","value":"//span[contains(text(), \"Argentina\")]"}
COMMAND: POST /session/56592f54b4fb0edb5aa090c3c290776b/element/f.3FFE31BA54A5084AB0E8E3C4FB609917.d.9E0A4746FA29CEE68F67DB1F527818E6.e.4204/click - {}
RESULT: {}
RESULT: {}
COMMAND: GET /session/56592f54b4fb0edb5aa090c3c290776b/screenshot - {}
RESULT: {}
COMMAND: POST /session/56592f54b4fb0edb5aa090c3c290776b/element - {"using":"xpath","value":"//bdi[contains(text(), \"Commercial\")]"}
RESULT: {"using":"xpath","value":"//bdi[contains(text(), \"Commercial\")]"}
COMMAND: POST /session/56592f54b4fb0edb5aa090c3c290776b/element/f.3FFE31BA54A5084AB0E8E3C4FB609917.d.9E0A4746FA29CEE68F67DB1F527818E6.e.4205/click - {}
RESULT: {}
COMMAND: GET /session/56592f54b4fb0edb5aa090c3c290776b/screenshot - {}
RESULT: {}
COMMAND: POST /session/56592f54b4fb0edb5aa090c3c290776b/execute/async - {"script":"<script> [1562 bytes]","args":[{"selector":{"id":"application-managepartners-display-component---NewPartner--partnerDetailInternal-arrow"},"wdio_ui5_key":"applicationmanagepartners-display-component---NewPartner--partnerDetailInternal-arrow"}]}
RESULT: {"script":"<script> [1562 bytes]","args":[{"selector":{"id":"application-managepartners-display-component---NewPartner--partnerDetailInternal-arrow"},"wdio_ui5_key":"applicationmanagepartners-display-component---NewPartner--partnerDetailInternal-arrow"}]}
RESULT: undefined
COMMAND: POST /session/56592f54b4fb0edb5aa090c3c290776b/element - {"using":"xpath","value":"//*[@id=\"application-managepartners-display-component---NewPartner--partnerDetailInternal-arrow\"]"}
RESULT: {"using":"xpath","value":"//*[@id=\"application-managepartners-display-component---NewPartner--partnerDetailInternal-arrow\"]"}
COMMAND: POST /session/56592f54b4fb0edb5aa090c3c290776b/element/f.3FFE31BA54A5084AB0E8E3C4FB609917.d.9E0A4746FA29CEE68F67DB1F527818E6.e.4211/click - {}
RESULT: {}
COMMAND: POST /session/56592f54b4fb0edb5aa090c3c290776b/element - {"using":"xpath","value":"//span[contains(text(), \"External partner\")]"}
COMMAND: GET /session/56592f54b4fb0edb5aa090c3c290776b/screenshot - {}
RESULT: {"using":"xpath","value":"//span[contains(text(), \"External partner\")]"}
COMMAND: POST /session/56592f54b4fb0edb5aa090c3c290776b/element/f.3FFE31BA54A5084AB0E8E3C4FB609917.d.9E0A4746FA29CEE68F67DB1F527818E6.e.4212/click - {}
RESULT: {}
RESULT: {}
COMMAND: POST /session/56592f54b4fb0edb5aa090c3c290776b/execute/async - {"script":"<script> [1562 bytes]","args":[{"selector":{"id":"application-managepartners-display-component---NewPartner--partnerDetailsCurrency-arrow"},"wdio_ui5_key":"applicationmanagepartners-display-component---NewPartner--partnerDetailsCurrency-arrow"}]}
COMMAND: GET /session/56592f54b4fb0edb5aa090c3c290776b/screenshot - {}
RESULT: {"script":"<script> [1562 bytes]","args":[{"selector":{"id":"application-managepartners-display-component---NewPartner--partnerDetailsCurrency-arrow"},"wdio_ui5_key":"applicationmanagepartners-display-component---NewPartner--partnerDetailsCurrency-arrow"}]}
RESULT: undefined
COMMAND: POST /session/56592f54b4fb0edb5aa090c3c290776b/element - {"using":"xpath","value":"//*[@id=\"application-managepartners-display-component---NewPartner--partnerDetailsCurrency-arrow\"]"}
RESULT: {}
RESULT: {"using":"xpath","value":"//*[@id=\"application-managepartners-display-component---NewPartner--partnerDetailsCurrency-arrow\"]"}
COMMAND: POST /session/56592f54b4fb0edb5aa090c3c290776b/element/f.3FFE31BA54A5084AB0E8E3C4FB609917.d.9E0A4746FA29CEE68F67DB1F527818E6.e.4217/click - {}
RESULT: {}
COMMAND: POST /session/56592f54b4fb0edb5aa090c3c290776b/element - {"using":"xpath","value":"//span[contains(text(), \"US Dollar\")]"}
COMMAND: GET /session/56592f54b4fb0edb5aa090c3c290776b/screenshot - {}
RESULT: {"using":"xpath","value":"//span[contains(text(), \"US Dollar\")]"}
COMMAND: POST /session/56592f54b4fb0edb5aa090c3c290776b/element/f.3FFE31BA54A5084AB0E8E3C4FB609917.d.9E0A4746FA29CEE68F67DB1F527818E6.e.4218/click - {}
RESULT: {}
RESULT: {}
COMMAND: GET /session/56592f54b4fb0edb5aa090c3c290776b/screenshot - {}
RESULT: {}
COMMAND: POST /session/56592f54b4fb0edb5aa090c3c290776b/element - {"using":"xpath","value":"//input[@id=\"application-managepartners-display-component---NewPartner--companyCodeComboBox-inner\"]"}
RESULT: {"using":"xpath","value":"//input[@id=\"application-managepartners-display-component---NewPartner--companyCodeComboBox-inner\"]"}
COMMAND: POST /session/56592f54b4fb0edb5aa090c3c290776b/element/f.3FFE31BA54A5084AB0E8E3C4FB609917.d.9E0A4746FA29CEE68F67DB1F527818E6.e.4114/clear - {}
RESULT: {}
COMMAND: POST /session/56592f54b4fb0edb5aa090c3c290776b/element/f.3FFE31BA54A5084AB0E8E3C4FB609917.d.9E0A4746FA29CEE68F67DB1F527818E6.e.4114/value - {"text":"C002"}
COMMAND: GET /session/56592f54b4fb0edb5aa090c3c290776b/screenshot - {}
RESULT: {"text":"C002"}
COMMAND: GET /session/56592f54b4fb0edb5aa090c3c290776b/screenshot - {}
RESULT: {}
RESULT: {}
COMMAND: POST /session/56592f54b4fb0edb5aa090c3c290776b/element - {"using":"xpath","value":"//li[.//span[text()= \"C002\"]]"}
RESULT: {"using":"xpath","value":"//li[.//span[text()= \"C002\"]]"}
COMMAND: POST /session/56592f54b4fb0edb5aa090c3c290776b/element/f.3FFE31BA54A5084AB0E8E3C4FB609917.d.9E0A4746FA29CEE68F67DB1F527818E6.e.4222/click - {}
RESULT: {}
COMMAND: GET /session/56592f54b4fb0edb5aa090c3c290776b/screenshot - {}
RESULT: {}
COMMAND: POST /session/56592f54b4fb0edb5aa090c3c290776b/execute/async - {"script":"<script> [1562 bytes]","args":[{"selector":{"controlType":"sap.ui.core.Icon","viewName":"etm.portal.ui.managepartners.view.NewPartner","viewId":"application-managepartners-display-component---NewPartner","properties":{"src":{"regex":{"source":"slim\\-arrow\\-down"}}},"ancestor":{"controlType":"sap.m.ComboBox","viewName":"etm.portal.ui.managepartners.view.NewPartner","viewId":"application-managepartners-display-component---NewPartner","bindingPath":{"path":"","propertyPath":"/CATALOG","modelName":"oNewPartnerModel"}}},"wdio_ui5_key":"etmportal.ui.managepartners.view.NewPartnersap.ui.core.Icon{\"src\":{\"regex\":{\"source\":\"slim\\\\-arrow\\\\-down\"}}}{\"controlType\":\"sap.m.ComboBox\",\"viewName\":\"etm.portal.ui.managepartners.view.NewPartner\",\"viewId\":\"application-managepartners-display-component---NewPartner\",\"bindingPath\":{\"path\":\"\",\"propertyPath\":\"/CATALOG\",\"modelName\":\"oNewPartnerModel\"}}"}]}
RESULT: {"script":"<script> [1562 bytes]","args":[{"selector":{"controlType":"sap.ui.core.Icon","viewName":"etm.portal.ui.managepartners.view.NewPartner","viewId":"application-managepartners-display-component---NewPartner","properties":{"src":{"regex":{"source":"slim\\-arrow\\-down"}}},"ancestor":{"controlType":"sap.m.ComboBox","viewName":"etm.portal.ui.managepartners.view.NewPartner","viewId":"application-managepartners-display-component---NewPartner","bindingPath":{"path":"","propertyPath":"/CATALOG","modelName":"oNewPartnerModel"}}},"wdio_ui5_key":"etmportal.ui.managepartners.view.NewPartnersap.ui.core.Icon{\"src\":{\"regex\":{\"source\":\"slim\\\\-arrow\\\\-down\"}}}{\"controlType\":\"sap.m.ComboBox\",\"viewName\":\"etm.portal.ui.managepartners.view.NewPartner\",\"viewId\":\"application-managepartners-display-component---NewPartner\",\"bindingPath\":{\"path\":\"\",\"propertyPath\":\"/CATALOG\",\"modelName\":\"oNewPartnerModel\"}}"}]}
RESULT: undefined
COMMAND: POST /session/56592f54b4fb0edb5aa090c3c290776b/element - {"using":"xpath","value":"//*[@id=\"__box22-arrow\"]"}
RESULT: {"using":"xpath","value":"//*[@id=\"__box22-arrow\"]"}
COMMAND: POST /session/56592f54b4fb0edb5aa090c3c290776b/element/f.3FFE31BA54A5084AB0E8E3C4FB609917.d.9E0A4746FA29CEE68F67DB1F527818E6.e.4158/click - {}
RESULT: {}
COMMAND: GET /session/56592f54b4fb0edb5aa090c3c290776b/screenshot - {}
RESULT: {}
COMMAND: POST /session/56592f54b4fb0edb5aa090c3c290776b/element - {"using":"xpath","value":"//ul[contains(@id,\"popup-list-listUl\")]//li[.//span[text()= \"Webshop Catalog\"]]"}
RESULT: {"using":"xpath","value":"//ul[contains(@id,\"popup-list-listUl\")]//li[.//span[text()= \"Webshop Catalog\"]]"}
COMMAND: POST /session/56592f54b4fb0edb5aa090c3c290776b/element/f.3FFE31BA54A5084AB0E8E3C4FB609917.d.9E0A4746FA29CEE68F67DB1F527818E6.e.4224/click - {}
RESULT: {}
COMMAND: GET /session/56592f54b4fb0edb5aa090c3c290776b/screenshot - {}
RESULT: {}
COMMAND: POST /session/56592f54b4fb0edb5aa090c3c290776b/execute/async - {"script":"<script> [1562 bytes]","args":[{"selector":{"id":"application-managepartners-display-component---NewPartner--btnAddTableRow-img"},"wdio_ui5_key":"applicationmanagepartners-display-component---NewPartner--btnAddTableRow-img"}]}
RESULT: {"script":"<script> [1562 bytes]","args":[{"selector":{"id":"application-managepartners-display-component---NewPartner--btnAddTableRow-img"},"wdio_ui5_key":"applicationmanagepartners-display-component---NewPartner--btnAddTableRow-img"}]}
RESULT: undefined
COMMAND: POST /session/56592f54b4fb0edb5aa090c3c290776b/element - {"using":"xpath","value":"//*[@id=\"application-managepartners-display-component---NewPartner--btnAddTableRow-img\"]"}
RESULT: {"using":"xpath","value":"//*[@id=\"application-managepartners-display-component---NewPartner--btnAddTableRow-img\"]"}
COMMAND: POST /session/56592f54b4fb0edb5aa090c3c290776b/element/f.3FFE31BA54A5084AB0E8E3C4FB609917.d.9E0A4746FA29CEE68F67DB1F527818E6.e.4225/click - {}
RESULT: {}
COMMAND: GET /session/56592f54b4fb0edb5aa090c3c290776b/screenshot - {}
RESULT: {}
COMMAND: POST /session/56592f54b4fb0edb5aa090c3c290776b/element - {"using":"xpath","value":"//input[@id=\"application-managepartners-display-component---NewPartner--assignmentYard-application-managepartners-display-component---NewPartner--assignmentsTable-0-inner\"]"}
RESULT: {"using":"xpath","value":"//input[@id=\"application-managepartners-display-component---NewPartner--assignmentYard-application-managepartners-display-component---NewPartner--assignmentsTable-0-inner\"]"}
COMMAND: POST /session/56592f54b4fb0edb5aa090c3c290776b/element/f.3FFE31BA54A5084AB0E8E3C4FB609917.d.9E0A4746FA29CEE68F67DB1F527818E6.e.4228/clear - {}
RESULT: {}
COMMAND: POST /session/56592f54b4fb0edb5aa090c3c290776b/element/f.3FFE31BA54A5084AB0E8E3C4FB609917.d.9E0A4746FA29CEE68F67DB1F527818E6.e.4228/value - {"text":"686"}
COMMAND: GET /session/56592f54b4fb0edb5aa090c3c290776b/screenshot - {}
RESULT: {"text":"686"}
COMMAND: GET /session/56592f54b4fb0edb5aa090c3c290776b/screenshot - {}
RESULT: {}
RESULT: {}
COMMAND: POST /session/56592f54b4fb0edb5aa090c3c290776b/element - {"using":"xpath","value":"//li[.//span[text()='686']]"}
RESULT: {"using":"xpath","value":"//li[.//span[text()='686']]"}
COMMAND: POST /session/56592f54b4fb0edb5aa090c3c290776b/element/f.3FFE31BA54A5084AB0E8E3C4FB609917.d.9E0A4746FA29CEE68F67DB1F527818E6.e.4236/click - {}
RESULT: {}
COMMAND: GET /session/56592f54b4fb0edb5aa090c3c290776b/screenshot - {}
RESULT: {}
COMMAND: POST /session/56592f54b4fb0edb5aa090c3c290776b/actions - {"actions":[{"id":"action11","type":"key","parameters":{},"actions":[{"type":"keyDown","value":"î€‡"},{"type":"pause","duration":10},{"type":"keyUp","value":"î€‡"}]}]}
RESULT: {"actions":[{"id":"action11","type":"key","parameters":{},"actions":[{"type":"keyDown","value":"î€‡"},{"type":"pause","duration":10},{"type":"keyUp","value":"î€‡"}]}]}
COMMAND: POST /session/56592f54b4fb0edb5aa090c3c290776b/element - {"using":"xpath","value":"//td[contains(@id, \"assignmentsTable-0-cell2\")]/div/div"}
COMMAND: GET /session/56592f54b4fb0edb5aa090c3c290776b/screenshot - {}
RESULT: {"using":"xpath","value":"//td[contains(@id, \"assignmentsTable-0-cell2\")]/div/div"}
COMMAND: POST /session/56592f54b4fb0edb5aa090c3c290776b/element/f.3FFE31BA54A5084AB0E8E3C4FB609917.d.9E0A4746FA29CEE68F67DB1F527818E6.e.4239/click - {}
RESULT: {}
RESULT: {}
COMMAND: GET /session/56592f54b4fb0edb5aa090c3c290776b/screenshot - {}
RESULT: {}
COMMAND: POST /session/56592f54b4fb0edb5aa090c3c290776b/element - {"using":"xpath","value":"//button[@data-kt=\"saveButton\"]"}
RESULT: {"using":"xpath","value":"//button[@data-kt=\"saveButton\"]"}
COMMAND: POST /session/56592f54b4fb0edb5aa090c3c290776b/element/f.3FFE31BA54A5084AB0E8E3C4FB609917.d.9E0A4746FA29CEE68F67DB1F527818E6.e.4178/click - {}
RESULT: {}
COMMAND: GET /session/56592f54b4fb0edb5aa090c3c290776b/screenshot - {}
RESULT: {}
COMMAND: POST /session/56592f54b4fb0edb5aa090c3c290776b/element - {"using":"xpath","value":"//header[contains(@id, 'ObjectPageLayout-headerTitle')]/div[1]/div[2]/div[2]/span[1]"}
RESULT: {"using":"xpath","value":"//header[contains(@id, 'ObjectPageLayout-headerTitle')]/div[1]/div[2]/div[2]/span[1]"}
COMMAND: POST /session/56592f54b4fb0edb5aa090c3c290776b/elements - {"using":"xpath","value":"//header[contains(@id, 'ObjectPageLayout-headerTitle')]/div[1]/div[2]/div[2]/span[1]"}
RESULT: {"using":"xpath","value":"//header[contains(@id, 'ObjectPageLayout-headerTitle')]/div[1]/div[2]/div[2]/span[1]"}
COMMAND: POST /session/56592f54b4fb0edb5aa090c3c290776b/execute/sync - {"script":"<script> [56 bytes]","args":[{"element-6066-11e4-a52e-4f735466cecf":"f.3FFE31BA54A5084AB0E8E3C4FB609917.d.9E0A4746FA29CEE68F67DB1F527818E6.e.4401","ELEMENT":"f.3FFE31BA54A5084AB0E8E3C4FB609917.d.9E0A4746FA29CEE68F67DB1F527818E6.e.4401"}]}
RESULT: {"script":"<script> [56 bytes]","args":[{"element-6066-11e4-a52e-4f735466cecf":"f.3FFE31BA54A5084AB0E8E3C4FB609917.d.9E0A4746FA29CEE68F67DB1F527818E6.e.4401","ELEMENT":"f.3FFE31BA54A5084AB0E8E3C4FB609917.d.9E0A4746FA29CEE68F67DB1F527818E6.e.4401"}]}
COMMAND: POST /session/56592f54b4fb0edb5aa090c3c290776b/element - {"using":"css selector","value":"#shell-header-logo"}
COMMAND: GET /session/56592f54b4fb0edb5aa090c3c290776b/screenshot - {}
RESULT: {"using":"css selector","value":"#shell-header-logo"}
COMMAND: POST /session/56592f54b4fb0edb5aa090c3c290776b/element/f.3FFE31BA54A5084AB0E8E3C4FB609917.d.9E0A4746FA29CEE68F67DB1F527818E6.e.3723/click - {}
RESULT: {}
RESULT: {}
COMMAND: GET /session/56592f54b4fb0edb5aa090c3c290776b/screenshot - {}
RESULT: {}
COMMAND: POST /session/56592f54b4fb0edb5aa090c3c290776b/execute/sync - {"script":"<script> [299 bytes]","args":[["getModel","getResource"]]}
RESULT: {"script":"<script> [299 bytes]","args":[["getModel","getResource"]]}
]]></system-out>
    </testcase>
    <testcase classname="chrome.137_0_7151_69.windows.Create_masterdata_for_Yard_Overview_-_trigger_provide_US130988" name="Should create a new WHM site" time="166.968">
      <system-out><![CDATA[
COMMAND: POST /session/56592f54b4fb0edb5aa090c3c290776b/execute/async - {"script":"<script> [1562 bytes]","args":[{"selector":{"controlType":"sap.m.GenericTile","properties":{"header":"Manage Sites"}},"wdio_ui5_key":"sapm.GenericTile{\"header\":\"Manage Sites\"}"}]}
COMMAND: GET /session/56592f54b4fb0edb5aa090c3c290776b/screenshot - {}
RESULT: {"script":"<script> [1562 bytes]","args":[{"selector":{"controlType":"sap.m.GenericTile","properties":{"header":"Manage Sites"}},"wdio_ui5_key":"sapm.GenericTile{\"header\":\"Manage Sites\"}"}]}
RESULT: undefined
COMMAND: POST /session/56592f54b4fb0edb5aa090c3c290776b/element - {"using":"xpath","value":"//*[@id=\"__tile40\"]"}
RESULT: {}
RESULT: {"using":"xpath","value":"//*[@id=\"__tile40\"]"}
COMMAND: POST /session/56592f54b4fb0edb5aa090c3c290776b/element/f.3FFE31BA54A5084AB0E8E3C4FB609917.d.9E0A4746FA29CEE68F67DB1F527818E6.e.2886/click - {}
RESULT: {}
COMMAND: GET /session/56592f54b4fb0edb5aa090c3c290776b/screenshot - {}
RESULT: {}
COMMAND: POST /session/56592f54b4fb0edb5aa090c3c290776b/elements - {"using":"xpath","value":"//span[text()='Error']"}
RESULT: {"using":"xpath","value":"//span[text()='Error']"}
COMMAND: POST /session/56592f54b4fb0edb5aa090c3c290776b/element - {"using":"xpath","value":"//button[@data-kt=\"addOverflowToolbarButton\"]"}
RESULT: {"using":"xpath","value":"//button[@data-kt=\"addOverflowToolbarButton\"]"}
COMMAND: POST /session/56592f54b4fb0edb5aa090c3c290776b/elements - {"using":"xpath","value":"//button[@data-kt=\"addOverflowToolbarButton\"]"}
RESULT: {"using":"xpath","value":"//button[@data-kt=\"addOverflowToolbarButton\"]"}
COMMAND: POST /session/56592f54b4fb0edb5aa090c3c290776b/execute/sync - {"script":"<script> [8489 bytes]","args":[{"element-6066-11e4-a52e-4f735466cecf":"f.3FFE31BA54A5084AB0E8E3C4FB609917.d.9E0A4746FA29CEE68F67DB1F527818E6.e.4449","ELEMENT":"f.3FFE31BA54A5084AB0E8E3C4FB609917.d.9E0A4746FA29CEE68F67DB1F527818E6.e.4449"}]}
RESULT: {"script":"<script> [8489 bytes]","args":[{"element-6066-11e4-a52e-4f735466cecf":"f.3FFE31BA54A5084AB0E8E3C4FB609917.d.9E0A4746FA29CEE68F67DB1F527818E6.e.4449","ELEMENT":"f.3FFE31BA54A5084AB0E8E3C4FB609917.d.9E0A4746FA29CEE68F67DB1F527818E6.e.4449"}]}
COMMAND: GET /session/56592f54b4fb0edb5aa090c3c290776b/element/f.3FFE31BA54A5084AB0E8E3C4FB609917.d.9E0A4746FA29CEE68F67DB1F527818E6.e.4449/enabled - {}
COMMAND: GET /session/56592f54b4fb0edb5aa090c3c290776b/screenshot - {}
RESULT: {}
COMMAND: POST /session/56592f54b4fb0edb5aa090c3c290776b/execute/sync - {"script":"<script> [8489 bytes]","args":[{"element-6066-11e4-a52e-4f735466cecf":"f.3FFE31BA54A5084AB0E8E3C4FB609917.d.9E0A4746FA29CEE68F67DB1F527818E6.e.4449","ELEMENT":"f.3FFE31BA54A5084AB0E8E3C4FB609917.d.9E0A4746FA29CEE68F67DB1F527818E6.e.4449"}]}
COMMAND: GET /session/56592f54b4fb0edb5aa090c3c290776b/screenshot - {}
RESULT: {}
RESULT: {"script":"<script> [8489 bytes]","args":[{"element-6066-11e4-a52e-4f735466cecf":"f.3FFE31BA54A5084AB0E8E3C4FB609917.d.9E0A4746FA29CEE68F67DB1F527818E6.e.4449","ELEMENT":"f.3FFE31BA54A5084AB0E8E3C4FB609917.d.9E0A4746FA29CEE68F67DB1F527818E6.e.4449"}]}
COMMAND: POST /session/56592f54b4fb0edb5aa090c3c290776b/execute/sync - {"script":"<script> [5351 bytes]","args":[{"element-6066-11e4-a52e-4f735466cecf":"f.3FFE31BA54A5084AB0E8E3C4FB609917.d.9E0A4746FA29CEE68F67DB1F527818E6.e.4449","ELEMENT":"f.3FFE31BA54A5084AB0E8E3C4FB609917.d.9E0A4746FA29CEE68F67DB1F527818E6.e.4449"}]}
COMMAND: GET /session/56592f54b4fb0edb5aa090c3c290776b/screenshot - {}
RESULT: {}
RESULT: {"script":"<script> [5351 bytes]","args":[{"element-6066-11e4-a52e-4f735466cecf":"f.3FFE31BA54A5084AB0E8E3C4FB609917.d.9E0A4746FA29CEE68F67DB1F527818E6.e.4449","ELEMENT":"f.3FFE31BA54A5084AB0E8E3C4FB609917.d.9E0A4746FA29CEE68F67DB1F527818E6.e.4449"}]}
COMMAND: POST /session/56592f54b4fb0edb5aa090c3c290776b/element/f.3FFE31BA54A5084AB0E8E3C4FB609917.d.9E0A4746FA29CEE68F67DB1F527818E6.e.4449/click - {}
COMMAND: GET /session/56592f54b4fb0edb5aa090c3c290776b/screenshot - {}
RESULT: {}
RESULT: {}
COMMAND: GET /session/56592f54b4fb0edb5aa090c3c290776b/screenshot - {}
COMMAND: POST /session/56592f54b4fb0edb5aa090c3c290776b/element - {"using":"xpath","value":"//input[@id=\"application-managesites-display-component---NewSite--siteId-inner\"]"}
RESULT: {}
RESULT: {}
RESULT: {"using":"xpath","value":"//input[@id=\"application-managesites-display-component---NewSite--siteId-inner\"]"}
COMMAND: POST /session/56592f54b4fb0edb5aa090c3c290776b/element - {"using":"xpath","value":"//input[@id=\"application-managesites-display-component---NewSite--siteId-inner\"]"}
RESULT: {"using":"xpath","value":"//input[@id=\"application-managesites-display-component---NewSite--siteId-inner\"]"}
COMMAND: POST /session/56592f54b4fb0edb5aa090c3c290776b/execute/async - {"script":"<script> [1562 bytes]","args":[{"selector":{"id":"application-managesites-display-component---NewSite--addressDetailDetailsName1","interaction":{"idSuffix":"inner"}},"wdio_ui5_key":"applicationmanagesites-display-component---NewSite--addressDetailDetailsName1"}]}
RESULT: {"script":"<script> [1562 bytes]","args":[{"selector":{"id":"application-managesites-display-component---NewSite--addressDetailDetailsName1","interaction":{"idSuffix":"inner"}},"wdio_ui5_key":"applicationmanagesites-display-component---NewSite--addressDetailDetailsName1"}]}
RESULT: undefined
COMMAND: POST /session/56592f54b4fb0edb5aa090c3c290776b/execute/async - {"script":"<script> [776 bytes]","args":[{"enterText":"Other Type Site WDIO","selector":{"id":"application-managesites-display-component---NewSite--addressDetailDetailsName1","interaction":{"idSuffix":"inner"}},"clearTextFirst":true,"interactionType":"ENTER_TEXT"}]}
RESULT: {"script":"<script> [776 bytes]","args":[{"enterText":"Other Type Site WDIO","selector":{"id":"application-managesites-display-component---NewSite--addressDetailDetailsName1","interaction":{"idSuffix":"inner"}},"clearTextFirst":true,"interactionType":"ENTER_TEXT"}]}
COMMAND: POST /session/56592f54b4fb0edb5aa090c3c290776b/execute/async - {"script":"<script> [1562 bytes]","args":[{"selector":{"id":"application-managesites-display-component---NewSite--addressDetailDetailsLanguage-arrow"},"wdio_ui5_key":"applicationmanagesites-display-component---NewSite--addressDetailDetailsLanguage-arrow"}]}
RESULT: {"script":"<script> [1562 bytes]","args":[{"selector":{"id":"application-managesites-display-component---NewSite--addressDetailDetailsLanguage-arrow"},"wdio_ui5_key":"applicationmanagesites-display-component---NewSite--addressDetailDetailsLanguage-arrow"}]}
RESULT: undefined
COMMAND: POST /session/56592f54b4fb0edb5aa090c3c290776b/element - {"using":"xpath","value":"//*[@id=\"application-managesites-display-component---NewSite--addressDetailDetailsLanguage-arrow\"]"}
RESULT: {"using":"xpath","value":"//*[@id=\"application-managesites-display-component---NewSite--addressDetailDetailsLanguage-arrow\"]"}
COMMAND: POST /session/56592f54b4fb0edb5aa090c3c290776b/element/f.3FFE31BA54A5084AB0E8E3C4FB609917.d.9E0A4746FA29CEE68F67DB1F527818E6.e.4853/click - {}
RESULT: {}
COMMAND: POST /session/56592f54b4fb0edb5aa090c3c290776b/element - {"using":"xpath","value":"//span[contains(text(), \"English\")]"}
COMMAND: GET /session/56592f54b4fb0edb5aa090c3c290776b/screenshot - {}
RESULT: {"using":"xpath","value":"//span[contains(text(), \"English\")]"}
COMMAND: POST /session/56592f54b4fb0edb5aa090c3c290776b/element/f.3FFE31BA54A5084AB0E8E3C4FB609917.d.9E0A4746FA29CEE68F67DB1F527818E6.e.4854/click - {}
RESULT: {}
RESULT: {}
COMMAND: POST /session/56592f54b4fb0edb5aa090c3c290776b/execute/async - {"script":"<script> [1562 bytes]","args":[{"selector":{"id":"application-managesites-display-component---NewSite--addressDetailDetailsCity1","interaction":{"idSuffix":"inner"}},"wdio_ui5_key":"applicationmanagesites-display-component---NewSite--addressDetailDetailsCity1"}]}
COMMAND: GET /session/56592f54b4fb0edb5aa090c3c290776b/screenshot - {}
RESULT: {"script":"<script> [1562 bytes]","args":[{"selector":{"id":"application-managesites-display-component---NewSite--addressDetailDetailsCity1","interaction":{"idSuffix":"inner"}},"wdio_ui5_key":"applicationmanagesites-display-component---NewSite--addressDetailDetailsCity1"}]}
RESULT: undefined
COMMAND: POST /session/56592f54b4fb0edb5aa090c3c290776b/execute/async - {"script":"<script> [776 bytes]","args":[{"enterText":"Rosario","selector":{"id":"application-managesites-display-component---NewSite--addressDetailDetailsCity1","interaction":{"idSuffix":"inner"}},"clearTextFirst":true,"interactionType":"ENTER_TEXT"}]}
RESULT: {}
RESULT: {"script":"<script> [776 bytes]","args":[{"enterText":"Rosario","selector":{"id":"application-managesites-display-component---NewSite--addressDetailDetailsCity1","interaction":{"idSuffix":"inner"}},"clearTextFirst":true,"interactionType":"ENTER_TEXT"}]}
COMMAND: POST /session/56592f54b4fb0edb5aa090c3c290776b/execute/async - {"script":"<script> [1562 bytes]","args":[{"selector":{"id":"application-managesites-display-component---NewSite--addressDetailDetailsCountry-arrow"},"wdio_ui5_key":"applicationmanagesites-display-component---NewSite--addressDetailDetailsCountry-arrow"}]}
RESULT: {"script":"<script> [1562 bytes]","args":[{"selector":{"id":"application-managesites-display-component---NewSite--addressDetailDetailsCountry-arrow"},"wdio_ui5_key":"applicationmanagesites-display-component---NewSite--addressDetailDetailsCountry-arrow"}]}
RESULT: undefined
COMMAND: POST /session/56592f54b4fb0edb5aa090c3c290776b/element - {"using":"xpath","value":"//*[@id=\"application-managesites-display-component---NewSite--addressDetailDetailsCountry-arrow\"]"}
RESULT: {"using":"xpath","value":"//*[@id=\"application-managesites-display-component---NewSite--addressDetailDetailsCountry-arrow\"]"}
COMMAND: POST /session/56592f54b4fb0edb5aa090c3c290776b/element/f.3FFE31BA54A5084AB0E8E3C4FB609917.d.9E0A4746FA29CEE68F67DB1F527818E6.e.4856/click - {}
RESULT: {}
COMMAND: POST /session/56592f54b4fb0edb5aa090c3c290776b/element - {"using":"xpath","value":"//span[contains(text(), \"Argentina\")]"}
COMMAND: GET /session/56592f54b4fb0edb5aa090c3c290776b/screenshot - {}
RESULT: {"using":"xpath","value":"//span[contains(text(), \"Argentina\")]"}
COMMAND: POST /session/56592f54b4fb0edb5aa090c3c290776b/element/f.3FFE31BA54A5084AB0E8E3C4FB609917.d.9E0A4746FA29CEE68F67DB1F527818E6.e.4857/click - {}
RESULT: {}
RESULT: {}
COMMAND: GET /session/56592f54b4fb0edb5aa090c3c290776b/screenshot - {}
RESULT: {}
COMMAND: POST /session/56592f54b4fb0edb5aa090c3c290776b/execute/async - {"script":"<script> [1562 bytes]","args":[{"selector":{"id":"application-managesites-display-component---NewSite--addressEditDetailsCostObjectCstType-arrow"},"wdio_ui5_key":"applicationmanagesites-display-component---NewSite--addressEditDetailsCostObjectCstType-arrow"}]}
RESULT: {"script":"<script> [1562 bytes]","args":[{"selector":{"id":"application-managesites-display-component---NewSite--addressEditDetailsCostObjectCstType-arrow"},"wdio_ui5_key":"applicationmanagesites-display-component---NewSite--addressEditDetailsCostObjectCstType-arrow"}]}
RESULT: undefined
COMMAND: POST /session/56592f54b4fb0edb5aa090c3c290776b/element - {"using":"xpath","value":"//*[@id=\"application-managesites-display-component---NewSite--addressEditDetailsCostObjectCstType-arrow\"]"}
RESULT: {"using":"xpath","value":"//*[@id=\"application-managesites-display-component---NewSite--addressEditDetailsCostObjectCstType-arrow\"]"}
COMMAND: POST /session/56592f54b4fb0edb5aa090c3c290776b/element/f.3FFE31BA54A5084AB0E8E3C4FB609917.d.9E0A4746FA29CEE68F67DB1F527818E6.e.4859/click - {}
RESULT: {}
COMMAND: POST /session/56592f54b4fb0edb5aa090c3c290776b/element - {"using":"xpath","value":"//span[contains(text(), \"Cost Center\")]"}
COMMAND: GET /session/56592f54b4fb0edb5aa090c3c290776b/screenshot - {}
RESULT: {"using":"xpath","value":"//span[contains(text(), \"Cost Center\")]"}
COMMAND: POST /session/56592f54b4fb0edb5aa090c3c290776b/element/f.3FFE31BA54A5084AB0E8E3C4FB609917.d.9E0A4746FA29CEE68F67DB1F527818E6.e.4861/click - {}
RESULT: {}
RESULT: {}
COMMAND: GET /session/56592f54b4fb0edb5aa090c3c290776b/screenshot - {}
RESULT: {}
COMMAND: POST /session/56592f54b4fb0edb5aa090c3c290776b/element - {"using":"xpath","value":"//span[@id=\"application-managesites-display-component---NewSite--addressNewCostObjectCstID-vhi\"]"}
RESULT: {"using":"xpath","value":"//span[@id=\"application-managesites-display-component---NewSite--addressNewCostObjectCstID-vhi\"]"}
COMMAND: POST /session/56592f54b4fb0edb5aa090c3c290776b/execute/sync - {"script":"<script> [8489 bytes]","args":[{"element-6066-11e4-a52e-4f735466cecf":"f.3FFE31BA54A5084AB0E8E3C4FB609917.d.9E0A4746FA29CEE68F67DB1F527818E6.e.4865","ELEMENT":"f.3FFE31BA54A5084AB0E8E3C4FB609917.d.9E0A4746FA29CEE68F67DB1F527818E6.e.4865"}]}
RESULT: {"script":"<script> [8489 bytes]","args":[{"element-6066-11e4-a52e-4f735466cecf":"f.3FFE31BA54A5084AB0E8E3C4FB609917.d.9E0A4746FA29CEE68F67DB1F527818E6.e.4865","ELEMENT":"f.3FFE31BA54A5084AB0E8E3C4FB609917.d.9E0A4746FA29CEE68F67DB1F527818E6.e.4865"}]}
COMMAND: POST /session/56592f54b4fb0edb5aa090c3c290776b/execute/async - {"script":"<script> [1562 bytes]","args":[{"selector":{"id":"application-managesites-display-component---NewSite--addressNewCostObjectCstID-vhi"},"wdio_ui5_key":"applicationmanagesites-display-component---NewSite--addressNewCostObjectCstID-vhi"}]}
COMMAND: GET /session/56592f54b4fb0edb5aa090c3c290776b/screenshot - {}
RESULT: {"script":"<script> [1562 bytes]","args":[{"selector":{"id":"application-managesites-display-component---NewSite--addressNewCostObjectCstID-vhi"},"wdio_ui5_key":"applicationmanagesites-display-component---NewSite--addressNewCostObjectCstID-vhi"}]}
RESULT: undefined
COMMAND: POST /session/56592f54b4fb0edb5aa090c3c290776b/element - {"using":"xpath","value":"//*[@id=\"application-managesites-display-component---NewSite--addressNewCostObjectCstID-vhi\"]"}
RESULT: {}
RESULT: {"using":"xpath","value":"//*[@id=\"application-managesites-display-component---NewSite--addressNewCostObjectCstID-vhi\"]"}
COMMAND: POST /session/56592f54b4fb0edb5aa090c3c290776b/element/f.3FFE31BA54A5084AB0E8E3C4FB609917.d.9E0A4746FA29CEE68F67DB1F527818E6.e.4865/click - {}
RESULT: {}
COMMAND: GET /session/56592f54b4fb0edb5aa090c3c290776b/screenshot - {}
RESULT: {}
RESULT: undefined
COMMAND: POST /session/56592f54b4fb0edb5aa090c3c290776b/execute/async - {"script":"<script> [776 bytes]","args":[{"enterText":"10001013","selector":{"controlType":"sap.m.SearchField","properties":{"placeholder":"Search"},"searchOpenDialogs":true,"interaction":{"idSuffix":"I"}},"clearTextFirst":true,"interactionType":"ENTER_TEXT"}]}
RESULT: {"script":"<script> [776 bytes]","args":[{"enterText":"10001013","selector":{"controlType":"sap.m.SearchField","properties":{"placeholder":"Search"},"searchOpenDialogs":true,"interaction":{"idSuffix":"I"}},"clearTextFirst":true,"interactionType":"ENTER_TEXT"}]}
COMMAND: POST /session/56592f54b4fb0edb5aa090c3c290776b/actions - {"actions":[{"id":"action12","type":"key","parameters":{},"actions":[{"type":"keyDown","value":"î€‡"},{"type":"pause","duration":10},{"type":"keyUp","value":"î€‡"}]}]}
RESULT: {"actions":[{"id":"action12","type":"key","parameters":{},"actions":[{"type":"keyDown","value":"î€‡"},{"type":"pause","duration":10},{"type":"keyUp","value":"î€‡"}]}]}
COMMAND: GET /session/56592f54b4fb0edb5aa090c3c290776b/screenshot - {}
RESULT: {}
COMMAND: POST /session/56592f54b4fb0edb5aa090c3c290776b/element - {"using":"xpath","value":"//span[contains(text(), \"General Management\")]"}
RESULT: {"using":"xpath","value":"//span[contains(text(), \"General Management\")]"}
COMMAND: POST /session/56592f54b4fb0edb5aa090c3c290776b/element/f.3FFE31BA54A5084AB0E8E3C4FB609917.d.9E0A4746FA29CEE68F67DB1F527818E6.e.4903/click - {}
RESULT: {}
COMMAND: GET /session/56592f54b4fb0edb5aa090c3c290776b/screenshot - {}
RESULT: {}
COMMAND: POST /session/56592f54b4fb0edb5aa090c3c290776b/element - {"using":"xpath","value":"//bdi[contains(text(), \"OK\")]"}
RESULT: {"using":"xpath","value":"//bdi[contains(text(), \"OK\")]"}
COMMAND: POST /session/56592f54b4fb0edb5aa090c3c290776b/element/f.3FFE31BA54A5084AB0E8E3C4FB609917.d.9E0A4746FA29CEE68F67DB1F527818E6.e.4904/click - {}
RESULT: {}
COMMAND: GET /session/56592f54b4fb0edb5aa090c3c290776b/screenshot - {}
RESULT: {}
COMMAND: POST /session/56592f54b4fb0edb5aa090c3c290776b/element - {"using":"xpath","value":"//input[@id=\"application-managesites-display-component---NewSite--addressDetailDetailsCalendar-inner\"]"}
RESULT: {"using":"xpath","value":"//input[@id=\"application-managesites-display-component---NewSite--addressDetailDetailsCalendar-inner\"]"}
COMMAND: POST /session/56592f54b4fb0edb5aa090c3c290776b/element/f.3FFE31BA54A5084AB0E8E3C4FB609917.d.9E0A4746FA29CEE68F67DB1F527818E6.e.4651/clear - {}
RESULT: {}
COMMAND: POST /session/56592f54b4fb0edb5aa090c3c290776b/element/f.3FFE31BA54A5084AB0E8E3C4FB609917.d.9E0A4746FA29CEE68F67DB1F527818E6.e.4651/value - {"text":"Unit"}
COMMAND: GET /session/56592f54b4fb0edb5aa090c3c290776b/screenshot - {}
RESULT: {"text":"Unit"}
COMMAND: GET /session/56592f54b4fb0edb5aa090c3c290776b/screenshot - {}
RESULT: {}
RESULT: {}
COMMAND: POST /session/56592f54b4fb0edb5aa090c3c290776b/actions - {"actions":[{"id":"action13","type":"key","parameters":{},"actions":[{"type":"keyDown","value":"î€‡"},{"type":"pause","duration":10},{"type":"keyUp","value":"î€‡"}]}]}
RESULT: {"actions":[{"id":"action13","type":"key","parameters":{},"actions":[{"type":"keyDown","value":"î€‡"},{"type":"pause","duration":10},{"type":"keyUp","value":"î€‡"}]}]}
COMMAND: POST /session/56592f54b4fb0edb5aa090c3c290776b/element - {"using":"xpath","value":"//input[@id=\"application-managesites-display-component---NewSite--addressDetailDetailsYard-inner\"]"}
COMMAND: GET /session/56592f54b4fb0edb5aa090c3c290776b/screenshot - {}
RESULT: {"using":"xpath","value":"//input[@id=\"application-managesites-display-component---NewSite--addressDetailDetailsYard-inner\"]"}
COMMAND: POST /session/56592f54b4fb0edb5aa090c3c290776b/element/f.3FFE31BA54A5084AB0E8E3C4FB609917.d.9E0A4746FA29CEE68F67DB1F527818E6.e.4652/clear - {}
RESULT: {}
RESULT: {}
COMMAND: POST /session/56592f54b4fb0edb5aa090c3c290776b/element/f.3FFE31BA54A5084AB0E8E3C4FB609917.d.9E0A4746FA29CEE68F67DB1F527818E6.e.4652/value - {"text":"686"}
COMMAND: GET /session/56592f54b4fb0edb5aa090c3c290776b/screenshot - {}
RESULT: {"text":"686"}
COMMAND: GET /session/56592f54b4fb0edb5aa090c3c290776b/screenshot - {}
RESULT: {}
RESULT: {}
COMMAND: POST /session/56592f54b4fb0edb5aa090c3c290776b/element - {"using":"xpath","value":"//li[.//span[text()='686']]"}
RESULT: {"using":"xpath","value":"//li[.//span[text()='686']]"}
COMMAND: POST /session/56592f54b4fb0edb5aa090c3c290776b/element/f.3FFE31BA54A5084AB0E8E3C4FB609917.d.9E0A4746FA29CEE68F67DB1F527818E6.e.4912/click - {}
RESULT: {}
COMMAND: GET /session/56592f54b4fb0edb5aa090c3c290776b/screenshot - {}
RESULT: {}
COMMAND: POST /session/56592f54b4fb0edb5aa090c3c290776b/element - {"using":"xpath","value":"//input[@id=\"application-managesites-display-component---NewSite--addressDetailDetailsPartner-inner\"]"}
RESULT: {"using":"xpath","value":"//input[@id=\"application-managesites-display-component---NewSite--addressDetailDetailsPartner-inner\"]"}
COMMAND: POST /session/56592f54b4fb0edb5aa090c3c290776b/element - {"using":"xpath","value":"//input[@id=\"application-managesites-display-component---NewSite--addressDetailDetailsPartner-inner\"]"}
RESULT: {"using":"xpath","value":"//input[@id=\"application-managesites-display-component---NewSite--addressDetailDetailsPartner-inner\"]"}
COMMAND: POST /session/56592f54b4fb0edb5aa090c3c290776b/element - {"using":"xpath","value":"//button[@data-kt=\"saveButton\"]"}
RESULT: {"using":"xpath","value":"//button[@data-kt=\"saveButton\"]"}
COMMAND: POST /session/56592f54b4fb0edb5aa090c3c290776b/element/f.3FFE31BA54A5084AB0E8E3C4FB609917.d.9E0A4746FA29CEE68F67DB1F527818E6.e.4846/click - {}
RESULT: {}
COMMAND: GET /session/56592f54b4fb0edb5aa090c3c290776b/screenshot - {}
RESULT: {}
COMMAND: POST /session/56592f54b4fb0edb5aa090c3c290776b/element - {"using":"xpath","value":"//header[contains(@id, 'ObjectPageLayout-headerTitle')]/div[1]/div[2]/div[2]/span[1]"}
RESULT: {"using":"xpath","value":"//header[contains(@id, 'ObjectPageLayout-headerTitle')]/div[1]/div[2]/div[2]/span[1]"}
COMMAND: POST /session/56592f54b4fb0edb5aa090c3c290776b/elements - {"using":"xpath","value":"//header[contains(@id, 'ObjectPageLayout-headerTitle')]/div[1]/div[2]/div[2]/span[1]"}
RESULT: {"using":"xpath","value":"//header[contains(@id, 'ObjectPageLayout-headerTitle')]/div[1]/div[2]/div[2]/span[1]"}
COMMAND: POST /session/56592f54b4fb0edb5aa090c3c290776b/execute/sync - {"script":"<script> [56 bytes]","args":[{"element-6066-11e4-a52e-4f735466cecf":"f.3FFE31BA54A5084AB0E8E3C4FB609917.d.9E0A4746FA29CEE68F67DB1F527818E6.e.5119","ELEMENT":"f.3FFE31BA54A5084AB0E8E3C4FB609917.d.9E0A4746FA29CEE68F67DB1F527818E6.e.5119"}]}
RESULT: {"script":"<script> [56 bytes]","args":[{"element-6066-11e4-a52e-4f735466cecf":"f.3FFE31BA54A5084AB0E8E3C4FB609917.d.9E0A4746FA29CEE68F67DB1F527818E6.e.5119","ELEMENT":"f.3FFE31BA54A5084AB0E8E3C4FB609917.d.9E0A4746FA29CEE68F67DB1F527818E6.e.5119"}]}
COMMAND: POST /session/56592f54b4fb0edb5aa090c3c290776b/element - {"using":"css selector","value":"#shell-header-logo"}
COMMAND: GET /session/56592f54b4fb0edb5aa090c3c290776b/screenshot - {}
RESULT: {"using":"css selector","value":"#shell-header-logo"}
COMMAND: POST /session/56592f54b4fb0edb5aa090c3c290776b/element/f.3FFE31BA54A5084AB0E8E3C4FB609917.d.9E0A4746FA29CEE68F67DB1F527818E6.e.4406/click - {}
RESULT: {}
RESULT: {}
COMMAND: GET /session/56592f54b4fb0edb5aa090c3c290776b/screenshot - {}
RESULT: {}
COMMAND: POST /session/56592f54b4fb0edb5aa090c3c290776b/execute/sync - {"script":"<script> [299 bytes]","args":[["getModel","getResource"]]}
RESULT: {"script":"<script> [299 bytes]","args":[["getModel","getResource"]]}
COMMAND: POST /session/56592f54b4fb0edb5aa090c3c290776b/actions - {"actions":[{"id":"action14","type":"key","parameters":{},"actions":[{"type":"keyDown","value":"î€‡"},{"type":"pause","duration":10},{"type":"keyUp","value":"î€‡"}]}]}
COMMAND: GET /session/56592f54b4fb0edb5aa090c3c290776b/screenshot - {}
RESULT: {"actions":[{"id":"action14","type":"key","parameters":{},"actions":[{"type":"keyDown","value":"î€‡"},{"type":"pause","duration":10},{"type":"keyUp","value":"î€‡"}]}]}
COMMAND: GET /session/56592f54b4fb0edb5aa090c3c290776b/screenshot - {}
RESULT: {}
RESULT: {}
COMMAND: POST /session/56592f54b4fb0edb5aa090c3c290776b/refresh - {}
RESULT: {}
COMMAND: GET /session/56592f54b4fb0edb5aa090c3c290776b/screenshot - {}
RESULT: {}
COMMAND: POST /session/56592f54b4fb0edb5aa090c3c290776b/refresh - {}
RESULT: {}
COMMAND: GET /session/56592f54b4fb0edb5aa090c3c290776b/screenshot - {}
RESULT: {}
COMMAND: POST /session/56592f54b4fb0edb5aa090c3c290776b/window/fullscreen - {}
RESULT: {}
COMMAND: POST /session/56592f54b4fb0edb5aa090c3c290776b/execute/async - {"script":"<script> [189 bytes]","args":[]}
RESULT: {"script":"<script> [189 bytes]","args":[]}
COMMAND: POST /session/56592f54b4fb0edb5aa090c3c290776b/execute/async - {"script":"<script> [123 bytes]","args":[]}
RESULT: {"script":"<script> [123 bytes]","args":[]}
COMMAND: POST /session/56592f54b4fb0edb5aa090c3c290776b/timeouts - {"script":"<number>"}
RESULT: {"script":"<number>"}
COMMAND: GET /session/56592f54b4fb0edb5aa090c3c290776b/timeouts - {}
RESULT: {}
RESULT: undefined
COMMAND: POST /session/56592f54b4fb0edb5aa090c3c290776b/execute/async - {"script":"<script> [2676 bytes]","args":[]}
RESULT: {"script":"<script> [2676 bytes]","args":[]}
COMMAND: POST /session/56592f54b4fb0edb5aa090c3c290776b/execute/async - {"script":"<script> [2342 bytes]","args":[{"protocol":"http","hostname":"0.0.0.0","path":"/","capabilities":{"browserName":"chrome","goog:chromeOptions":{"binary":"C:\\Program Files\\Google\\Chrome\\Application\\chrome.exe","args":["--start-maximized"]}},"logLevel":"warn","connectionRetryTimeout":120000,"connectionRetryCount":3,"logLevels":{},"enableDirectConnect":true,"strictSSL":true,"_":"65 more keys: [\"cacheDir\",\"port\",\"requestedCapabilities\",\"automationProtocol\",\"baseUrl\",\"waitforInterval\",\"waitforTimeout\",\"onReload\",\"beforeCommand\",\"afterCommand\",\"rootDir\",\"specs\",\"suites\",\"exclude\",\"groupLogsByTestSpec\",\"excludeDriverLogs\",\"bail\",\"framework\",\"reporters\",\"services\",\"maxInstances\",\"maxInstancesPerCapability\",\"injectGlobals\",\"filesToWatch\",\"execArgv\",\"runnerEnv\",\"runner\",\"shard\",\"specFileRetries\",\"specFileRetriesDelay\",\"specFileRetriesDeferred\",\"reporterSyncInterval\",\"reporterSyncTimeout\",\"cucumberFeaturesWithLineNumbers\",\"autoCompileOpts\",\"mochaOpts\",\"jasmineOpts\",\"cucumberOpts\",\"onPrepare\",\"onWorkerStart\",\"onWorkerEnd\",\"before\",\"beforeSession\",\"beforeSuite\",\"beforeHook\",\"beforeTest\",\"afterTest\",\"afterHook\",\"afterSuite\",\"afterSession\",\"after\",\"onComplete\",\"beforeAssertion\",\"afterAssertion\",\"beforeFeature\",\"beforeScenario\",\"beforeStep\",\"afterStep\",\"afterScenario\",\"afterFeature\",\"_\",\"suite\",\"$0\",\"ignoredWorkerServices\",\"wdi5\"]"}]}
RESULT: {"script":"<script> [2342 bytes]","args":[{"protocol":"http","hostname":"0.0.0.0","path":"/","capabilities":{"browserName":"chrome","goog:chromeOptions":{"binary":"C:\\Program Files\\Google\\Chrome\\Application\\chrome.exe","args":["--start-maximized"]}},"logLevel":"warn","connectionRetryTimeout":120000,"connectionRetryCount":3,"logLevels":{},"enableDirectConnect":true,"strictSSL":true,"_":"65 more keys: [\"cacheDir\",\"port\",\"requestedCapabilities\",\"automationProtocol\",\"baseUrl\",\"waitforInterval\",\"waitforTimeout\",\"onReload\",\"beforeCommand\",\"afterCommand\",\"rootDir\",\"specs\",\"suites\",\"exclude\",\"groupLogsByTestSpec\",\"excludeDriverLogs\",\"bail\",\"framework\",\"reporters\",\"services\",\"maxInstances\",\"maxInstancesPerCapability\",\"injectGlobals\",\"filesToWatch\",\"execArgv\",\"runnerEnv\",\"runner\",\"shard\",\"specFileRetries\",\"specFileRetriesDelay\",\"specFileRetriesDeferred\",\"reporterSyncInterval\",\"reporterSyncTimeout\",\"cucumberFeaturesWithLineNumbers\",\"autoCompileOpts\",\"mochaOpts\",\"jasmineOpts\",\"cucumberOpts\",\"onPrepare\",\"onWorkerStart\",\"onWorkerEnd\",\"before\",\"beforeSession\",\"beforeSuite\",\"beforeHook\",\"beforeTest\",\"afterTest\",\"afterHook\",\"afterSuite\",\"afterSession\",\"after\",\"onComplete\",\"beforeAssertion\",\"afterAssertion\",\"beforeFeature\",\"beforeScenario\",\"beforeStep\",\"afterStep\",\"afterScenario\",\"afterFeature\",\"_\",\"suite\",\"$0\",\"ignoredWorkerServices\",\"wdi5\"]"}]}
COMMAND: POST /session/56592f54b4fb0edb5aa090c3c290776b/execute/async - {"script":"<script> [21126 bytes]","args":[35000]}
RESULT: {"script":"<script> [21126 bytes]","args":[35000]}
COMMAND: POST /session/56592f54b4fb0edb5aa090c3c290776b/window/fullscreen - {}
RESULT: {}
]]></system-out>
    </testcase>
    <testcase classname="chrome.137_0_7151_69.windows.Create_masterdata_for_Yard_Overview_-_trigger_provide_US130988" name="Should create a new material" time="138.629">
      <system-out><![CDATA[
COMMAND: POST /session/56592f54b4fb0edb5aa090c3c290776b/execute/async - {"script":"<script> [1562 bytes]","args":[{"selector":{"controlType":"sap.m.GenericTile","properties":{"header":"Manage Resources"}},"wdio_ui5_key":"sapm.GenericTile{\"header\":\"Manage Resources\"}"}]}
RESULT: {"script":"<script> [1562 bytes]","args":[{"selector":{"controlType":"sap.m.GenericTile","properties":{"header":"Manage Resources"}},"wdio_ui5_key":"sapm.GenericTile{\"header\":\"Manage Resources\"}"}]}
RESULT: undefined
COMMAND: POST /session/56592f54b4fb0edb5aa090c3c290776b/element - {"using":"xpath","value":"//*[@id=\"__tile31\"]"}
RESULT: {"using":"xpath","value":"//*[@id=\"__tile31\"]"}
COMMAND: POST /session/56592f54b4fb0edb5aa090c3c290776b/element/f.3FFE31BA54A5084AB0E8E3C4FB609917.d.57F9962D3B5DFECFB20FC4DA12E8FE97.e.5195/click - {}
RESULT: {}
COMMAND: GET /session/56592f54b4fb0edb5aa090c3c290776b/screenshot - {}
RESULT: {}
COMMAND: POST /session/56592f54b4fb0edb5aa090c3c290776b/elements - {"using":"xpath","value":"//span[text()='Error']"}
RESULT: {"using":"xpath","value":"//span[text()='Error']"}
COMMAND: POST /session/56592f54b4fb0edb5aa090c3c290776b/element - {"using":"xpath","value":"//button[@data-kt=\"addNewRUOverflowToolbarButton\"]"}
RESULT: {"using":"xpath","value":"//button[@data-kt=\"addNewRUOverflowToolbarButton\"]"}
COMMAND: POST /session/56592f54b4fb0edb5aa090c3c290776b/elements - {"using":"xpath","value":"//button[@data-kt=\"addNewRUOverflowToolbarButton\"]"}
RESULT: {"using":"xpath","value":"//button[@data-kt=\"addNewRUOverflowToolbarButton\"]"}
COMMAND: POST /session/56592f54b4fb0edb5aa090c3c290776b/elements - {"using":"xpath","value":"//button[@data-kt=\"addNewRUOverflowToolbarButton\"]"}
RESULT: {"using":"xpath","value":"//button[@data-kt=\"addNewRUOverflowToolbarButton\"]"}
COMMAND: POST /session/56592f54b4fb0edb5aa090c3c290776b/elements - {"using":"xpath","value":"//button[@data-kt=\"addNewRUOverflowToolbarButton\"]"}
RESULT: {"using":"xpath","value":"//button[@data-kt=\"addNewRUOverflowToolbarButton\"]"}
COMMAND: POST /session/56592f54b4fb0edb5aa090c3c290776b/elements - {"using":"xpath","value":"//button[@data-kt=\"addNewRUOverflowToolbarButton\"]"}
RESULT: {"using":"xpath","value":"//button[@data-kt=\"addNewRUOverflowToolbarButton\"]"}
COMMAND: POST /session/56592f54b4fb0edb5aa090c3c290776b/elements - {"using":"xpath","value":"//button[@data-kt=\"addNewRUOverflowToolbarButton\"]"}
RESULT: {"using":"xpath","value":"//button[@data-kt=\"addNewRUOverflowToolbarButton\"]"}
COMMAND: POST /session/56592f54b4fb0edb5aa090c3c290776b/element - {"using":"xpath","value":"//button[@data-kt=\"addNewRUOverflowToolbarButton\"]"}
RESULT: {"using":"xpath","value":"//button[@data-kt=\"addNewRUOverflowToolbarButton\"]"}
COMMAND: POST /session/56592f54b4fb0edb5aa090c3c290776b/execute/sync - {"script":"<script> [8489 bytes]","args":[{"element-6066-11e4-a52e-4f735466cecf":"f.3FFE31BA54A5084AB0E8E3C4FB609917.d.57F9962D3B5DFECFB20FC4DA12E8FE97.e.5315","ELEMENT":"f.3FFE31BA54A5084AB0E8E3C4FB609917.d.57F9962D3B5DFECFB20FC4DA12E8FE97.e.5315"}]}
RESULT: {"script":"<script> [8489 bytes]","args":[{"element-6066-11e4-a52e-4f735466cecf":"f.3FFE31BA54A5084AB0E8E3C4FB609917.d.57F9962D3B5DFECFB20FC4DA12E8FE97.e.5315","ELEMENT":"f.3FFE31BA54A5084AB0E8E3C4FB609917.d.57F9962D3B5DFECFB20FC4DA12E8FE97.e.5315"}]}
COMMAND: GET /session/56592f54b4fb0edb5aa090c3c290776b/element/f.3FFE31BA54A5084AB0E8E3C4FB609917.d.57F9962D3B5DFECFB20FC4DA12E8FE97.e.5315/enabled - {}
COMMAND: GET /session/56592f54b4fb0edb5aa090c3c290776b/screenshot - {}
RESULT: {}
COMMAND: POST /session/56592f54b4fb0edb5aa090c3c290776b/execute/sync - {"script":"<script> [8489 bytes]","args":[{"element-6066-11e4-a52e-4f735466cecf":"f.3FFE31BA54A5084AB0E8E3C4FB609917.d.57F9962D3B5DFECFB20FC4DA12E8FE97.e.5315","ELEMENT":"f.3FFE31BA54A5084AB0E8E3C4FB609917.d.57F9962D3B5DFECFB20FC4DA12E8FE97.e.5315"}]}
COMMAND: GET /session/56592f54b4fb0edb5aa090c3c290776b/screenshot - {}
RESULT: {}
RESULT: {"script":"<script> [8489 bytes]","args":[{"element-6066-11e4-a52e-4f735466cecf":"f.3FFE31BA54A5084AB0E8E3C4FB609917.d.57F9962D3B5DFECFB20FC4DA12E8FE97.e.5315","ELEMENT":"f.3FFE31BA54A5084AB0E8E3C4FB609917.d.57F9962D3B5DFECFB20FC4DA12E8FE97.e.5315"}]}
COMMAND: POST /session/56592f54b4fb0edb5aa090c3c290776b/execute/sync - {"script":"<script> [5351 bytes]","args":[{"element-6066-11e4-a52e-4f735466cecf":"f.3FFE31BA54A5084AB0E8E3C4FB609917.d.57F9962D3B5DFECFB20FC4DA12E8FE97.e.5315","ELEMENT":"f.3FFE31BA54A5084AB0E8E3C4FB609917.d.57F9962D3B5DFECFB20FC4DA12E8FE97.e.5315"}]}
COMMAND: GET /session/56592f54b4fb0edb5aa090c3c290776b/screenshot - {}
RESULT: {}
RESULT: {"script":"<script> [5351 bytes]","args":[{"element-6066-11e4-a52e-4f735466cecf":"f.3FFE31BA54A5084AB0E8E3C4FB609917.d.57F9962D3B5DFECFB20FC4DA12E8FE97.e.5315","ELEMENT":"f.3FFE31BA54A5084AB0E8E3C4FB609917.d.57F9962D3B5DFECFB20FC4DA12E8FE97.e.5315"}]}
COMMAND: POST /session/56592f54b4fb0edb5aa090c3c290776b/element/f.3FFE31BA54A5084AB0E8E3C4FB609917.d.57F9962D3B5DFECFB20FC4DA12E8FE97.e.5315/click - {}
COMMAND: GET /session/56592f54b4fb0edb5aa090c3c290776b/screenshot - {}
RESULT: {}
RESULT: {}
COMMAND: GET /session/56592f54b4fb0edb5aa090c3c290776b/screenshot - {}
COMMAND: POST /session/56592f54b4fb0edb5aa090c3c290776b/execute/async - {"script":"<script> [1562 bytes]","args":[{"selector":{"id":"application-manageresources-display-component---newResourceUnit--TYPE-arrow"},"wdio_ui5_key":"applicationmanageresources-display-component---newResourceUnit--TYPE-arrow"}]}
RESULT: {}
RESULT: {}
RESULT: {"script":"<script> [1562 bytes]","args":[{"selector":{"id":"application-manageresources-display-component---newResourceUnit--TYPE-arrow"},"wdio_ui5_key":"applicationmanageresources-display-component---newResourceUnit--TYPE-arrow"}]}
RESULT: undefined
COMMAND: POST /session/56592f54b4fb0edb5aa090c3c290776b/element - {"using":"xpath","value":"//*[@id=\"application-manageresources-display-component---newResourceUnit--TYPE-arrow\"]"}
RESULT: {"using":"xpath","value":"//*[@id=\"application-manageresources-display-component---newResourceUnit--TYPE-arrow\"]"}
COMMAND: POST /session/56592f54b4fb0edb5aa090c3c290776b/element/f.3FFE31BA54A5084AB0E8E3C4FB609917.d.57F9962D3B5DFECFB20FC4DA12E8FE97.e.5664/click - {}
RESULT: {}
COMMAND: POST /session/56592f54b4fb0edb5aa090c3c290776b/element - {"using":"xpath","value":"//input[@id=\"application-manageresources-display-component---newResourceUnit--TYPE-inner\"]"}
COMMAND: GET /session/56592f54b4fb0edb5aa090c3c290776b/screenshot - {}
RESULT: {"using":"xpath","value":"//input[@id=\"application-manageresources-display-component---newResourceUnit--TYPE-inner\"]"}
COMMAND: POST /session/56592f54b4fb0edb5aa090c3c290776b/element/f.3FFE31BA54A5084AB0E8E3C4FB609917.d.57F9962D3B5DFECFB20FC4DA12E8FE97.e.5655/clear - {}
RESULT: {}
RESULT: {}
COMMAND: POST /session/56592f54b4fb0edb5aa090c3c290776b/element/f.3FFE31BA54A5084AB0E8E3C4FB609917.d.57F9962D3B5DFECFB20FC4DA12E8FE97.e.5655/value - {"text":"Material"}
COMMAND: GET /session/56592f54b4fb0edb5aa090c3c290776b/screenshot - {}
RESULT: {"text":"Material"}
COMMAND: GET /session/56592f54b4fb0edb5aa090c3c290776b/screenshot - {}
RESULT: {}
RESULT: {}
COMMAND: POST /session/56592f54b4fb0edb5aa090c3c290776b/actions - {"actions":[{"id":"action15","type":"key","parameters":{},"actions":[{"type":"keyDown","value":"î€‡"},{"type":"pause","duration":10},{"type":"keyUp","value":"î€‡"}]}]}
RESULT: {"actions":[{"id":"action15","type":"key","parameters":{},"actions":[{"type":"keyDown","value":"î€‡"},{"type":"pause","duration":10},{"type":"keyUp","value":"î€‡"}]}]}
COMMAND: POST /session/56592f54b4fb0edb5aa090c3c290776b/execute/async - {"script":"<script> [1562 bytes]","args":[{"selector":{"id":"application-manageresources-display-component---newResourceUnit--SHORT_TEXT","interaction":{"idSuffix":"inner"}},"wdio_ui5_key":"applicationmanageresources-display-component---newResourceUnit--SHORT_TEXT"}]}
COMMAND: GET /session/56592f54b4fb0edb5aa090c3c290776b/screenshot - {}
RESULT: {"script":"<script> [1562 bytes]","args":[{"selector":{"id":"application-manageresources-display-component---newResourceUnit--SHORT_TEXT","interaction":{"idSuffix":"inner"}},"wdio_ui5_key":"applicationmanageresources-display-component---newResourceUnit--SHORT_TEXT"}]}
RESULT: undefined
COMMAND: POST /session/56592f54b4fb0edb5aa090c3c290776b/execute/async - {"script":"<script> [776 bytes]","args":[{"enterText":"Cement WDIO","selector":{"id":"application-manageresources-display-component---newResourceUnit--SHORT_TEXT","interaction":{"idSuffix":"inner"}},"clearTextFirst":true,"interactionType":"ENTER_TEXT"}]}
RESULT: {}
RESULT: {"script":"<script> [776 bytes]","args":[{"enterText":"Cement WDIO","selector":{"id":"application-manageresources-display-component---newResourceUnit--SHORT_TEXT","interaction":{"idSuffix":"inner"}},"clearTextFirst":true,"interactionType":"ENTER_TEXT"}]}
COMMAND: POST /session/56592f54b4fb0edb5aa090c3c290776b/execute/async - {"script":"<script> [1562 bytes]","args":[{"selector":{"id":"application-manageresources-display-component---newResourceUnit--BASE_UNIT_OF_MEASURE","interaction":{"idSuffix":"inner"}},"wdio_ui5_key":"applicationmanageresources-display-component---newResourceUnit--BASE_UNIT_OF_MEASURE"}]}
RESULT: {"script":"<script> [1562 bytes]","args":[{"selector":{"id":"application-manageresources-display-component---newResourceUnit--BASE_UNIT_OF_MEASURE","interaction":{"idSuffix":"inner"}},"wdio_ui5_key":"applicationmanageresources-display-component---newResourceUnit--BASE_UNIT_OF_MEASURE"}]}
RESULT: undefined
COMMAND: POST /session/56592f54b4fb0edb5aa090c3c290776b/execute/async - {"script":"<script> [776 bytes]","args":[{"enterText":"Piece","selector":{"id":"application-manageresources-display-component---newResourceUnit--BASE_UNIT_OF_MEASURE","interaction":{"idSuffix":"inner"}},"clearTextFirst":true,"interactionType":"ENTER_TEXT"}]}
RESULT: {"script":"<script> [776 bytes]","args":[{"enterText":"Piece","selector":{"id":"application-manageresources-display-component---newResourceUnit--BASE_UNIT_OF_MEASURE","interaction":{"idSuffix":"inner"}},"clearTextFirst":true,"interactionType":"ENTER_TEXT"}]}
COMMAND: POST /session/56592f54b4fb0edb5aa090c3c290776b/execute/async - {"script":"<script> [1562 bytes]","args":[{"selector":{"id":"application-manageresources-display-component---newResourceUnit--WEIGHT_UNIT","interaction":{"idSuffix":"inner"}},"wdio_ui5_key":"applicationmanageresources-display-component---newResourceUnit--WEIGHT_UNIT"}]}
RESULT: {"script":"<script> [1562 bytes]","args":[{"selector":{"id":"application-manageresources-display-component---newResourceUnit--WEIGHT_UNIT","interaction":{"idSuffix":"inner"}},"wdio_ui5_key":"applicationmanageresources-display-component---newResourceUnit--WEIGHT_UNIT"}]}
RESULT: undefined
COMMAND: POST /session/56592f54b4fb0edb5aa090c3c290776b/execute/async - {"script":"<script> [776 bytes]","args":[{"enterText":"Gram","selector":{"id":"application-manageresources-display-component---newResourceUnit--WEIGHT_UNIT","interaction":{"idSuffix":"inner"}},"clearTextFirst":true,"interactionType":"ENTER_TEXT"}]}
RESULT: {"script":"<script> [776 bytes]","args":[{"enterText":"Gram","selector":{"id":"application-manageresources-display-component---newResourceUnit--WEIGHT_UNIT","interaction":{"idSuffix":"inner"}},"clearTextFirst":true,"interactionType":"ENTER_TEXT"}]}
COMMAND: POST /session/56592f54b4fb0edb5aa090c3c290776b/execute/async - {"script":"<script> [1562 bytes]","args":[{"selector":{"id":"application-manageresources-display-component---newResourceUnit--DIMENSION_UNIT","interaction":{"idSuffix":"inner"}},"wdio_ui5_key":"applicationmanageresources-display-component---newResourceUnit--DIMENSION_UNIT"}]}
RESULT: {"script":"<script> [1562 bytes]","args":[{"selector":{"id":"application-manageresources-display-component---newResourceUnit--DIMENSION_UNIT","interaction":{"idSuffix":"inner"}},"wdio_ui5_key":"applicationmanageresources-display-component---newResourceUnit--DIMENSION_UNIT"}]}
RESULT: undefined
COMMAND: POST /session/56592f54b4fb0edb5aa090c3c290776b/execute/async - {"script":"<script> [776 bytes]","args":[{"enterText":"Meter","selector":{"id":"application-manageresources-display-component---newResourceUnit--DIMENSION_UNIT","interaction":{"idSuffix":"inner"}},"clearTextFirst":true,"interactionType":"ENTER_TEXT"}]}
RESULT: {"script":"<script> [776 bytes]","args":[{"enterText":"Meter","selector":{"id":"application-manageresources-display-component---newResourceUnit--DIMENSION_UNIT","interaction":{"idSuffix":"inner"}},"clearTextFirst":true,"interactionType":"ENTER_TEXT"}]}
COMMAND: POST /session/56592f54b4fb0edb5aa090c3c290776b/execute/async - {"script":"<script> [1562 bytes]","args":[{"selector":{"id":"application-manageresources-display-component---newResourceUnit--newRRUPage-anchBar-application-manageresources-display-component---newResourceUnit--control-anchor","interaction":{"idSuffix":"BDI-content"}},"wdio_ui5_key":"applicationmanageresources-display-component---newResourceUnit--newRRUPage-anchBar-application-manageresources-display-component---newResourceUnit--control-anchor"}]}
RESULT: {"script":"<script> [1562 bytes]","args":[{"selector":{"id":"application-manageresources-display-component---newResourceUnit--newRRUPage-anchBar-application-manageresources-display-component---newResourceUnit--control-anchor","interaction":{"idSuffix":"BDI-content"}},"wdio_ui5_key":"applicationmanageresources-display-component---newResourceUnit--newRRUPage-anchBar-application-manageresources-display-component---newResourceUnit--control-anchor"}]}
RESULT: undefined
COMMAND: POST /session/56592f54b4fb0edb5aa090c3c290776b/element - {"using":"xpath","value":"//*[@id=\"application-manageresources-display-component---newResourceUnit--newRRUPage-anchBar-application-manageresources-display-component---newResourceUnit--control-anchor\"]"}
RESULT: {"using":"xpath","value":"//*[@id=\"application-manageresources-display-component---newResourceUnit--newRRUPage-anchBar-application-manageresources-display-component---newResourceUnit--control-anchor\"]"}
COMMAND: POST /session/56592f54b4fb0edb5aa090c3c290776b/element/f.3FFE31BA54A5084AB0E8E3C4FB609917.d.57F9962D3B5DFECFB20FC4DA12E8FE97.e.5796/click - {}
RESULT: {}
COMMAND: POST /session/56592f54b4fb0edb5aa090c3c290776b/execute/async - {"script":"<script> [1562 bytes]","args":[{"selector":{"id":"application-manageresources-display-component---newResourceUnit--PLANNING_GROUP","interaction":{"idSuffix":"inner"}},"wdio_ui5_key":"applicationmanageresources-display-component---newResourceUnit--PLANNING_GROUP"}]}
COMMAND: GET /session/56592f54b4fb0edb5aa090c3c290776b/screenshot - {}
RESULT: {"script":"<script> [1562 bytes]","args":[{"selector":{"id":"application-manageresources-display-component---newResourceUnit--PLANNING_GROUP","interaction":{"idSuffix":"inner"}},"wdio_ui5_key":"applicationmanageresources-display-component---newResourceUnit--PLANNING_GROUP"}]}
RESULT: undefined
COMMAND: POST /session/56592f54b4fb0edb5aa090c3c290776b/execute/async - {"script":"<script> [776 bytes]","args":[{"enterText":"Material","selector":{"id":"application-manageresources-display-component---newResourceUnit--PLANNING_GROUP","interaction":{"idSuffix":"inner"}},"clearTextFirst":true,"interactionType":"ENTER_TEXT"}]}
RESULT: {}
RESULT: {"script":"<script> [776 bytes]","args":[{"enterText":"Material","selector":{"id":"application-manageresources-display-component---newResourceUnit--PLANNING_GROUP","interaction":{"idSuffix":"inner"}},"clearTextFirst":true,"interactionType":"ENTER_TEXT"}]}
COMMAND: POST /session/56592f54b4fb0edb5aa090c3c290776b/execute/async - {"script":"<script> [1562 bytes]","args":[{"selector":{"id":"application-manageresources-display-component---newResourceUnit--PLANNING_INDICATOR","interaction":{"idSuffix":"inner"}},"wdio_ui5_key":"applicationmanageresources-display-component---newResourceUnit--PLANNING_INDICATOR"}]}
RESULT: {"script":"<script> [1562 bytes]","args":[{"selector":{"id":"application-manageresources-display-component---newResourceUnit--PLANNING_INDICATOR","interaction":{"idSuffix":"inner"}},"wdio_ui5_key":"applicationmanageresources-display-component---newResourceUnit--PLANNING_INDICATOR"}]}
RESULT: undefined
COMMAND: POST /session/56592f54b4fb0edb5aa090c3c290776b/execute/async - {"script":"<script> [776 bytes]","args":[{"enterText":"10 - infinite","selector":{"id":"application-manageresources-display-component---newResourceUnit--PLANNING_INDICATOR","interaction":{"idSuffix":"inner"}},"clearTextFirst":true,"interactionType":"ENTER_TEXT"}]}
RESULT: {"script":"<script> [776 bytes]","args":[{"enterText":"10 - infinite","selector":{"id":"application-manageresources-display-component---newResourceUnit--PLANNING_INDICATOR","interaction":{"idSuffix":"inner"}},"clearTextFirst":true,"interactionType":"ENTER_TEXT"}]}
COMMAND: POST /session/56592f54b4fb0edb5aa090c3c290776b/element - {"using":"css selector","value":"#application-manageresources-display-component---newResourceUnit--btnAddTimeSegment"}
RESULT: {"using":"css selector","value":"#application-manageresources-display-component---newResourceUnit--btnAddTimeSegment"}
COMMAND: GET /session/56592f54b4fb0edb5aa090c3c290776b/element/f.3FFE31BA54A5084AB0E8E3C4FB609917.d.57F9962D3B5DFECFB20FC4DA12E8FE97.e.5804/rect - {}
RESULT: {}
COMMAND: GET /session/56592f54b4fb0edb5aa090c3c290776b/window/rect - {}
RESULT: {}
COMMAND: POST /session/56592f54b4fb0edb5aa090c3c290776b/execute/sync - {"script":"<script> [92 bytes]","args":[]}
RESULT: {"script":"<script> [92 bytes]","args":[]}
COMMAND: POST /session/56592f54b4fb0edb5aa090c3c290776b/actions - {"actions":[{"id":"action16","type":"wheel","parameters":{},"actions":[{"type":"scroll","x":-1888,"y":-32,"deltaX":0,"deltaY":0,"duration":0,"origin":{"element-6066-11e4-a52e-4f735466cecf":"f.3FFE31BA54A5084AB0E8E3C4FB609917.d.57F9962D3B5DFECFB20FC4DA12E8FE97.e.5804"}}]}]}
COMMAND: GET /session/56592f54b4fb0edb5aa090c3c290776b/screenshot - {}
RESULT: {}
COMMAND: POST /session/56592f54b4fb0edb5aa090c3c290776b/execute/sync - {"script":"<script> [79 bytes]","args":[{"element-6066-11e4-a52e-4f735466cecf":"f.3FFE31BA54A5084AB0E8E3C4FB609917.d.57F9962D3B5DFECFB20FC4DA12E8FE97.e.5804","ELEMENT":"f.3FFE31BA54A5084AB0E8E3C4FB609917.d.57F9962D3B5DFECFB20FC4DA12E8FE97.e.5804"},{"block":"start","inline":"nearest"}]}
RESULT: {"script":"<script> [79 bytes]","args":[{"element-6066-11e4-a52e-4f735466cecf":"f.3FFE31BA54A5084AB0E8E3C4FB609917.d.57F9962D3B5DFECFB20FC4DA12E8FE97.e.5804","ELEMENT":"f.3FFE31BA54A5084AB0E8E3C4FB609917.d.57F9962D3B5DFECFB20FC4DA12E8FE97.e.5804"},{"block":"start","inline":"nearest"}]}
COMMAND: POST /session/56592f54b4fb0edb5aa090c3c290776b/execute/async - {"script":"<script> [1562 bytes]","args":[{"selector":{"id":"application-manageresources-display-component---newResourceUnit--btnAddTimeSegment","interaction":{"idSuffix":"inner"}},"wdio_ui5_key":"applicationmanageresources-display-component---newResourceUnit--btnAddTimeSegment"}]}
COMMAND: GET /session/56592f54b4fb0edb5aa090c3c290776b/screenshot - {}
RESULT: {"script":"<script> [1562 bytes]","args":[{"selector":{"id":"application-manageresources-display-component---newResourceUnit--btnAddTimeSegment","interaction":{"idSuffix":"inner"}},"wdio_ui5_key":"applicationmanageresources-display-component---newResourceUnit--btnAddTimeSegment"}]}
RESULT: undefined
COMMAND: POST /session/56592f54b4fb0edb5aa090c3c290776b/element - {"using":"xpath","value":"//*[@id=\"application-manageresources-display-component---newResourceUnit--btnAddTimeSegment\"]"}
RESULT: {}
RESULT: {"using":"xpath","value":"//*[@id=\"application-manageresources-display-component---newResourceUnit--btnAddTimeSegment\"]"}
COMMAND: POST /session/56592f54b4fb0edb5aa090c3c290776b/element/f.3FFE31BA54A5084AB0E8E3C4FB609917.d.57F9962D3B5DFECFB20FC4DA12E8FE97.e.5804/click - {}
RESULT: {}
COMMAND: GET /session/56592f54b4fb0edb5aa090c3c290776b/screenshot - {}
RESULT: {}
COMMAND: POST /session/56592f54b4fb0edb5aa090c3c290776b/element - {"using":"xpath","value":"//input[@id=\"application-manageresources-display-component---newResourceUnit--idRuTSAdmin-application-manageresources-display-component---newResourceUnit--RUTimeSegment-0-inner\"]"}
RESULT: {"using":"xpath","value":"//input[@id=\"application-manageresources-display-component---newResourceUnit--idRuTSAdmin-application-manageresources-display-component---newResourceUnit--RUTimeSegment-0-inner\"]"}
COMMAND: POST /session/56592f54b4fb0edb5aa090c3c290776b/element/f.3FFE31BA54A5084AB0E8E3C4FB609917.d.57F9962D3B5DFECFB20FC4DA12E8FE97.e.5809/clear - {}
RESULT: {}
COMMAND: POST /session/56592f54b4fb0edb5aa090c3c290776b/element/f.3FFE31BA54A5084AB0E8E3C4FB609917.d.57F9962D3B5DFECFB20FC4DA12E8FE97.e.5809/value - {"text":"686"}
COMMAND: GET /session/56592f54b4fb0edb5aa090c3c290776b/screenshot - {}
RESULT: {"text":"686"}
COMMAND: GET /session/56592f54b4fb0edb5aa090c3c290776b/screenshot - {}
RESULT: {}
RESULT: {}
COMMAND: POST /session/56592f54b4fb0edb5aa090c3c290776b/element - {"using":"xpath","value":"//li[.//span[text()='686']]"}
RESULT: {"using":"xpath","value":"//li[.//span[text()='686']]"}
COMMAND: POST /session/56592f54b4fb0edb5aa090c3c290776b/element/f.3FFE31BA54A5084AB0E8E3C4FB609917.d.57F9962D3B5DFECFB20FC4DA12E8FE97.e.5818/click - {}
RESULT: {}
COMMAND: GET /session/56592f54b4fb0edb5aa090c3c290776b/screenshot - {}
RESULT: {}
COMMAND: POST /session/56592f54b4fb0edb5aa090c3c290776b/element - {"using":"xpath","value":"(//span[contains(@id, \"-application-manageresources-display-component---newResourceUnit--RUTimeSegment-0-arrow\")])[2]"}
RESULT: {"using":"xpath","value":"(//span[contains(@id, \"-application-manageresources-display-component---newResourceUnit--RUTimeSegment-0-arrow\")])[2]"}
COMMAND: POST /session/56592f54b4fb0edb5aa090c3c290776b/element/f.3FFE31BA54A5084AB0E8E3C4FB609917.d.57F9962D3B5DFECFB20FC4DA12E8FE97.e.5819/click - {}
RESULT: {}
COMMAND: POST /session/56592f54b4fb0edb5aa090c3c290776b/element - {"using":"xpath","value":"//span[contains(text(), \"PM Order\")]"}
COMMAND: GET /session/56592f54b4fb0edb5aa090c3c290776b/screenshot - {}
RESULT: {"using":"xpath","value":"//span[contains(text(), \"PM Order\")]"}
COMMAND: POST /session/56592f54b4fb0edb5aa090c3c290776b/element/f.3FFE31BA54A5084AB0E8E3C4FB609917.d.57F9962D3B5DFECFB20FC4DA12E8FE97.e.5820/click - {}
RESULT: {}
RESULT: {}
COMMAND: GET /session/56592f54b4fb0edb5aa090c3c290776b/screenshot - {}
RESULT: {}
COMMAND: POST /session/56592f54b4fb0edb5aa090c3c290776b/element - {"using":"xpath","value":"//td/div/div/div/span[contains(@id, \"newResourceUnit--RUTimeSegment-0-vhi\")][1]"}
RESULT: {"using":"xpath","value":"//td/div/div/div/span[contains(@id, \"newResourceUnit--RUTimeSegment-0-vhi\")][1]"}
COMMAND: GET /session/56592f54b4fb0edb5aa090c3c290776b/element/f.3FFE31BA54A5084AB0E8E3C4FB609917.d.57F9962D3B5DFECFB20FC4DA12E8FE97.e.5824/rect - {}
RESULT: {}
COMMAND: GET /session/56592f54b4fb0edb5aa090c3c290776b/window/rect - {}
RESULT: {}
COMMAND: POST /session/56592f54b4fb0edb5aa090c3c290776b/execute/sync - {"script":"<script> [92 bytes]","args":[]}
RESULT: {"script":"<script> [92 bytes]","args":[]}
COMMAND: POST /session/56592f54b4fb0edb5aa090c3c290776b/actions - {"actions":[{"id":"action17","type":"wheel","parameters":{},"actions":[{"type":"scroll","x":-1888,"y":-24,"deltaX":0,"deltaY":0,"duration":0,"origin":{"element-6066-11e4-a52e-4f735466cecf":"f.3FFE31BA54A5084AB0E8E3C4FB609917.d.57F9962D3B5DFECFB20FC4DA12E8FE97.e.5824"}}]}]}
COMMAND: GET /session/56592f54b4fb0edb5aa090c3c290776b/screenshot - {}
RESULT: {}
COMMAND: POST /session/56592f54b4fb0edb5aa090c3c290776b/execute/sync - {"script":"<script> [79 bytes]","args":[{"element-6066-11e4-a52e-4f735466cecf":"f.3FFE31BA54A5084AB0E8E3C4FB609917.d.57F9962D3B5DFECFB20FC4DA12E8FE97.e.5824","ELEMENT":"f.3FFE31BA54A5084AB0E8E3C4FB609917.d.57F9962D3B5DFECFB20FC4DA12E8FE97.e.5824"},{"block":"start","inline":"nearest"}]}
RESULT: {"script":"<script> [79 bytes]","args":[{"element-6066-11e4-a52e-4f735466cecf":"f.3FFE31BA54A5084AB0E8E3C4FB609917.d.57F9962D3B5DFECFB20FC4DA12E8FE97.e.5824","ELEMENT":"f.3FFE31BA54A5084AB0E8E3C4FB609917.d.57F9962D3B5DFECFB20FC4DA12E8FE97.e.5824"},{"block":"start","inline":"nearest"}]}
COMMAND: GET /session/56592f54b4fb0edb5aa090c3c290776b/screenshot - {}
RESULT: {}
COMMAND: POST /session/56592f54b4fb0edb5aa090c3c290776b/element/f.3FFE31BA54A5084AB0E8E3C4FB609917.d.57F9962D3B5DFECFB20FC4DA12E8FE97.e.5824/click - {}
RESULT: {}
COMMAND: GET /session/56592f54b4fb0edb5aa090c3c290776b/screenshot - {}
RESULT: {}
COMMAND: POST /session/56592f54b4fb0edb5aa090c3c290776b/execute/async - {"script":"<script> [1562 bytes]","args":[{"selector":{"controlType":"sap.m.SearchField","properties":{"placeholder":"Search"},"searchOpenDialogs":true,"interaction":{"idSuffix":"I"}},"wdio_ui5_key":"sapm.SearchField{\"placeholder\":\"Search\"}"}]}
RESULT: {"script":"<script> [1562 bytes]","args":[{"selector":{"controlType":"sap.m.SearchField","properties":{"placeholder":"Search"},"searchOpenDialogs":true,"interaction":{"idSuffix":"I"}},"wdio_ui5_key":"sapm.SearchField{\"placeholder\":\"Search\"}"}]}
RESULT: undefined
COMMAND: POST /session/56592f54b4fb0edb5aa090c3c290776b/execute/async - {"script":"<script> [776 bytes]","args":[{"enterText":"4000360","selector":{"controlType":"sap.m.SearchField","properties":{"placeholder":"Search"},"searchOpenDialogs":true,"interaction":{"idSuffix":"I"}},"clearTextFirst":true,"interactionType":"ENTER_TEXT"}]}
RESULT: {"script":"<script> [776 bytes]","args":[{"enterText":"4000360","selector":{"controlType":"sap.m.SearchField","properties":{"placeholder":"Search"},"searchOpenDialogs":true,"interaction":{"idSuffix":"I"}},"clearTextFirst":true,"interactionType":"ENTER_TEXT"}]}
COMMAND: POST /session/56592f54b4fb0edb5aa090c3c290776b/actions - {"actions":[{"id":"action18","type":"key","parameters":{},"actions":[{"type":"keyDown","value":"î€‡"},{"type":"pause","duration":10},{"type":"keyUp","value":"î€‡"}]}]}
RESULT: {"actions":[{"id":"action18","type":"key","parameters":{},"actions":[{"type":"keyDown","value":"î€‡"},{"type":"pause","duration":10},{"type":"keyUp","value":"î€‡"}]}]}
COMMAND: GET /session/56592f54b4fb0edb5aa090c3c290776b/screenshot - {}
RESULT: {}
COMMAND: POST /session/56592f54b4fb0edb5aa090c3c290776b/element - {"using":"xpath","value":"//td/div/span[contains(text(), \"BGL Vehicles\")]"}
RESULT: {"using":"xpath","value":"//td/div/span[contains(text(), \"BGL Vehicles\")]"}
COMMAND: POST /session/56592f54b4fb0edb5aa090c3c290776b/element/f.3FFE31BA54A5084AB0E8E3C4FB609917.d.57F9962D3B5DFECFB20FC4DA12E8FE97.e.5847/click - {}
RESULT: {}
COMMAND: GET /session/56592f54b4fb0edb5aa090c3c290776b/screenshot - {}
RESULT: {}
COMMAND: POST /session/56592f54b4fb0edb5aa090c3c290776b/element - {"using":"xpath","value":"//bdi[contains(text(), \"OK\")]"}
RESULT: {"using":"xpath","value":"//bdi[contains(text(), \"OK\")]"}
COMMAND: POST /session/56592f54b4fb0edb5aa090c3c290776b/element/f.3FFE31BA54A5084AB0E8E3C4FB609917.d.57F9962D3B5DFECFB20FC4DA12E8FE97.e.5848/click - {}
RESULT: {}
COMMAND: GET /session/56592f54b4fb0edb5aa090c3c290776b/screenshot - {}
RESULT: {}
COMMAND: POST /session/56592f54b4fb0edb5aa090c3c290776b/element - {"using":"xpath","value":"//label[contains(@class, 'sapMLabelRequired') and .//bdi[contains(text(), 'Planned Retirement')]]"}
RESULT: {"using":"xpath","value":"//label[contains(@class, 'sapMLabelRequired') and .//bdi[contains(text(), 'Planned Retirement')]]"}
COMMAND: POST /session/56592f54b4fb0edb5aa090c3c290776b/elements - {"using":"xpath","value":"//label[contains(@class, 'sapMLabelRequired') and .//bdi[contains(text(), 'Planned Retirement')]]"}
RESULT: {"using":"xpath","value":"//label[contains(@class, 'sapMLabelRequired') and .//bdi[contains(text(), 'Planned Retirement')]]"}
COMMAND: POST /session/56592f54b4fb0edb5aa090c3c290776b/element - {"using":"xpath","value":"//button[@data-kt=\"resourceUnitSaveButton\"]"}
RESULT: {"using":"xpath","value":"//button[@data-kt=\"resourceUnitSaveButton\"]"}
COMMAND: POST /session/56592f54b4fb0edb5aa090c3c290776b/element/f.3FFE31BA54A5084AB0E8E3C4FB609917.d.57F9962D3B5DFECFB20FC4DA12E8FE97.e.5683/click - {}
RESULT: {}
COMMAND: GET /session/56592f54b4fb0edb5aa090c3c290776b/screenshot - {}
RESULT: {}
COMMAND: POST /session/56592f54b4fb0edb5aa090c3c290776b/element - {"using":"xpath","value":"//bdi[contains(text(), \"Close\")]"}
RESULT: {"using":"xpath","value":"//bdi[contains(text(), \"Close\")]"}
COMMAND: POST /session/56592f54b4fb0edb5aa090c3c290776b/element/f.3FFE31BA54A5084AB0E8E3C4FB609917.d.57F9962D3B5DFECFB20FC4DA12E8FE97.e.5855/click - {}
RESULT: {}
COMMAND: GET /session/56592f54b4fb0edb5aa090c3c290776b/screenshot - {}
RESULT: {}
COMMAND: POST /session/56592f54b4fb0edb5aa090c3c290776b/element - {"using":"xpath","value":"//header[contains(@id, 'detailRruPage-headerTitle')]/div[1]/div[2]/div[2]/span[1]"}
RESULT: {"using":"xpath","value":"//header[contains(@id, 'detailRruPage-headerTitle')]/div[1]/div[2]/div[2]/span[1]"}
COMMAND: POST /session/56592f54b4fb0edb5aa090c3c290776b/elements - {"using":"xpath","value":"//header[contains(@id, 'detailRruPage-headerTitle')]/div[1]/div[2]/div[2]/span[1]"}
RESULT: {"using":"xpath","value":"//header[contains(@id, 'detailRruPage-headerTitle')]/div[1]/div[2]/div[2]/span[1]"}
COMMAND: POST /session/56592f54b4fb0edb5aa090c3c290776b/execute/sync - {"script":"<script> [56 bytes]","args":[{"element-6066-11e4-a52e-4f735466cecf":"f.3FFE31BA54A5084AB0E8E3C4FB609917.d.57F9962D3B5DFECFB20FC4DA12E8FE97.e.5889","ELEMENT":"f.3FFE31BA54A5084AB0E8E3C4FB609917.d.57F9962D3B5DFECFB20FC4DA12E8FE97.e.5889"}]}
RESULT: {"script":"<script> [56 bytes]","args":[{"element-6066-11e4-a52e-4f735466cecf":"f.3FFE31BA54A5084AB0E8E3C4FB609917.d.57F9962D3B5DFECFB20FC4DA12E8FE97.e.5889","ELEMENT":"f.3FFE31BA54A5084AB0E8E3C4FB609917.d.57F9962D3B5DFECFB20FC4DA12E8FE97.e.5889"}]}
COMMAND: POST /session/56592f54b4fb0edb5aa090c3c290776b/element - {"using":"css selector","value":"#shell-header-logo"}
COMMAND: GET /session/56592f54b4fb0edb5aa090c3c290776b/screenshot - {}
RESULT: {"using":"css selector","value":"#shell-header-logo"}
COMMAND: POST /session/56592f54b4fb0edb5aa090c3c290776b/element/f.3FFE31BA54A5084AB0E8E3C4FB609917.d.57F9962D3B5DFECFB20FC4DA12E8FE97.e.5273/click - {}
RESULT: {}
RESULT: {}
COMMAND: GET /session/56592f54b4fb0edb5aa090c3c290776b/screenshot - {}
RESULT: {}
]]></system-out>
    </testcase>
    <testcase classname="chrome.137_0_7151_69.windows.Create_masterdata_for_Yard_Overview_-_trigger_provide_US130988" name="Bin Status Report Should Create New Organization yard" time="88.733">
      <system-out><![CDATA[
COMMAND: POST /session/56592f54b4fb0edb5aa090c3c290776b/execute/async - {"script":"<script> [1562 bytes]","args":[{"selector":{"controlType":"sap.m.GenericTile","properties":{"header":"Bin Status Report"}},"wdio_ui5_key":"sapm.GenericTile{\"header\":\"Bin Status Report\"}"}]}
RESULT: {"script":"<script> [1562 bytes]","args":[{"selector":{"controlType":"sap.m.GenericTile","properties":{"header":"Bin Status Report"}},"wdio_ui5_key":"sapm.GenericTile{\"header\":\"Bin Status Report\"}"}]}
RESULT: undefined
COMMAND: POST /session/56592f54b4fb0edb5aa090c3c290776b/element - {"using":"xpath","value":"//*[@id=\"__tile104\"]"}
RESULT: {"using":"xpath","value":"//*[@id=\"__tile104\"]"}
COMMAND: POST /session/56592f54b4fb0edb5aa090c3c290776b/element/f.3FFE31BA54A5084AB0E8E3C4FB609917.d.57F9962D3B5DFECFB20FC4DA12E8FE97.e.5891/click - {}
RESULT: {}
COMMAND: GET /session/56592f54b4fb0edb5aa090c3c290776b/screenshot - {}
RESULT: {}
COMMAND: POST /session/56592f54b4fb0edb5aa090c3c290776b/elements - {"using":"xpath","value":"//span[text()='Error']"}
RESULT: {"using":"xpath","value":"//span[text()='Error']"}
COMMAND: POST /session/56592f54b4fb0edb5aa090c3c290776b/element - {"using":"xpath","value":"//button[@id=\"application-binstatusreport-display-component---warehousing--createOrgBtn\"]"}
RESULT: {"using":"xpath","value":"//button[@id=\"application-binstatusreport-display-component---warehousing--createOrgBtn\"]"}
COMMAND: POST /session/56592f54b4fb0edb5aa090c3c290776b/elements - {"using":"xpath","value":"//button[@id=\"application-binstatusreport-display-component---warehousing--createOrgBtn\"]"}
RESULT: {"using":"xpath","value":"//button[@id=\"application-binstatusreport-display-component---warehousing--createOrgBtn\"]"}
COMMAND: POST /session/56592f54b4fb0edb5aa090c3c290776b/execute/sync - {"script":"<script> [8489 bytes]","args":[{"element-6066-11e4-a52e-4f735466cecf":"f.3FFE31BA54A5084AB0E8E3C4FB609917.d.57F9962D3B5DFECFB20FC4DA12E8FE97.e.5927","ELEMENT":"f.3FFE31BA54A5084AB0E8E3C4FB609917.d.57F9962D3B5DFECFB20FC4DA12E8FE97.e.5927"}]}
RESULT: {"script":"<script> [8489 bytes]","args":[{"element-6066-11e4-a52e-4f735466cecf":"f.3FFE31BA54A5084AB0E8E3C4FB609917.d.57F9962D3B5DFECFB20FC4DA12E8FE97.e.5927","ELEMENT":"f.3FFE31BA54A5084AB0E8E3C4FB609917.d.57F9962D3B5DFECFB20FC4DA12E8FE97.e.5927"}]}
COMMAND: GET /session/56592f54b4fb0edb5aa090c3c290776b/element/f.3FFE31BA54A5084AB0E8E3C4FB609917.d.57F9962D3B5DFECFB20FC4DA12E8FE97.e.5927/enabled - {}
COMMAND: GET /session/56592f54b4fb0edb5aa090c3c290776b/screenshot - {}
RESULT: {}
COMMAND: POST /session/56592f54b4fb0edb5aa090c3c290776b/execute/sync - {"script":"<script> [8489 bytes]","args":[{"element-6066-11e4-a52e-4f735466cecf":"f.3FFE31BA54A5084AB0E8E3C4FB609917.d.57F9962D3B5DFECFB20FC4DA12E8FE97.e.5927","ELEMENT":"f.3FFE31BA54A5084AB0E8E3C4FB609917.d.57F9962D3B5DFECFB20FC4DA12E8FE97.e.5927"}]}
COMMAND: GET /session/56592f54b4fb0edb5aa090c3c290776b/screenshot - {}
RESULT: {}
RESULT: {"script":"<script> [8489 bytes]","args":[{"element-6066-11e4-a52e-4f735466cecf":"f.3FFE31BA54A5084AB0E8E3C4FB609917.d.57F9962D3B5DFECFB20FC4DA12E8FE97.e.5927","ELEMENT":"f.3FFE31BA54A5084AB0E8E3C4FB609917.d.57F9962D3B5DFECFB20FC4DA12E8FE97.e.5927"}]}
COMMAND: POST /session/56592f54b4fb0edb5aa090c3c290776b/execute/sync - {"script":"<script> [5351 bytes]","args":[{"element-6066-11e4-a52e-4f735466cecf":"f.3FFE31BA54A5084AB0E8E3C4FB609917.d.57F9962D3B5DFECFB20FC4DA12E8FE97.e.5927","ELEMENT":"f.3FFE31BA54A5084AB0E8E3C4FB609917.d.57F9962D3B5DFECFB20FC4DA12E8FE97.e.5927"}]}
COMMAND: GET /session/56592f54b4fb0edb5aa090c3c290776b/screenshot - {}
RESULT: {}
RESULT: {"script":"<script> [5351 bytes]","args":[{"element-6066-11e4-a52e-4f735466cecf":"f.3FFE31BA54A5084AB0E8E3C4FB609917.d.57F9962D3B5DFECFB20FC4DA12E8FE97.e.5927","ELEMENT":"f.3FFE31BA54A5084AB0E8E3C4FB609917.d.57F9962D3B5DFECFB20FC4DA12E8FE97.e.5927"}]}
COMMAND: GET /session/56592f54b4fb0edb5aa090c3c290776b/screenshot - {}
RESULT: {}
RESULT: {}
COMMAND: POST /session/56592f54b4fb0edb5aa090c3c290776b/element/f.3FFE31BA54A5084AB0E8E3C4FB609917.d.57F9962D3B5DFECFB20FC4DA12E8FE97.e.5927/click - {}
RESULT: {}
COMMAND: GET /session/56592f54b4fb0edb5aa090c3c290776b/screenshot - {}
RESULT: {}
COMMAND: POST /session/56592f54b4fb0edb5aa090c3c290776b/execute/async - {"script":"<script> [1562 bytes]","args":[{"selector":{"id":"createOrganizationPop--sectionInput","searchOpenDialogs":true,"interaction":{"idSuffix":"inner"}},"wdio_ui5_key":"createOrganizationPopsectionInput"}]}
RESULT: {"script":"<script> [1562 bytes]","args":[{"selector":{"id":"createOrganizationPop--sectionInput","searchOpenDialogs":true,"interaction":{"idSuffix":"inner"}},"wdio_ui5_key":"createOrganizationPopsectionInput"}]}
RESULT: undefined
COMMAND: POST /session/56592f54b4fb0edb5aa090c3c290776b/execute/async - {"script":"<script> [776 bytes]","args":[{"enterText":"WDIO-686","selector":{"id":"createOrganizationPop--sectionInput","searchOpenDialogs":true,"interaction":{"idSuffix":"inner"}},"clearTextFirst":true,"interactionType":"ENTER_TEXT"}]}
RESULT: {"script":"<script> [776 bytes]","args":[{"enterText":"WDIO-686","selector":{"id":"createOrganizationPop--sectionInput","searchOpenDialogs":true,"interaction":{"idSuffix":"inner"}},"clearTextFirst":true,"interactionType":"ENTER_TEXT"}]}
COMMAND: POST /session/56592f54b4fb0edb5aa090c3c290776b/execute/async - {"script":"<script> [1562 bytes]","args":[{"selector":{"id":"createOrganizationPop--descriptionInput","searchOpenDialogs":true,"interaction":{"idSuffix":"inner"}},"wdio_ui5_key":"createOrganizationPopdescriptionInput"}]}
RESULT: {"script":"<script> [1562 bytes]","args":[{"selector":{"id":"createOrganizationPop--descriptionInput","searchOpenDialogs":true,"interaction":{"idSuffix":"inner"}},"wdio_ui5_key":"createOrganizationPopdescriptionInput"}]}
RESULT: undefined
COMMAND: POST /session/56592f54b4fb0edb5aa090c3c290776b/execute/async - {"script":"<script> [776 bytes]","args":[{"enterText":"Shipping-686","selector":{"id":"createOrganizationPop--descriptionInput","searchOpenDialogs":true,"interaction":{"idSuffix":"inner"}},"clearTextFirst":true,"interactionType":"ENTER_TEXT"}]}
RESULT: {"script":"<script> [776 bytes]","args":[{"enterText":"Shipping-686","selector":{"id":"createOrganizationPop--descriptionInput","searchOpenDialogs":true,"interaction":{"idSuffix":"inner"}},"clearTextFirst":true,"interactionType":"ENTER_TEXT"}]}
COMMAND: POST /session/56592f54b4fb0edb5aa090c3c290776b/element - {"using":"css selector","value":"#createOrganizationPop--yardOrg-inner"}
RESULT: {"using":"css selector","value":"#createOrganizationPop--yardOrg-inner"}
COMMAND: POST /session/56592f54b4fb0edb5aa090c3c290776b/element/f.3FFE31BA54A5084AB0E8E3C4FB609917.d.57F9962D3B5DFECFB20FC4DA12E8FE97.e.5981/clear - {}
RESULT: {}
COMMAND: POST /session/56592f54b4fb0edb5aa090c3c290776b/element/f.3FFE31BA54A5084AB0E8E3C4FB609917.d.57F9962D3B5DFECFB20FC4DA12E8FE97.e.5981/value - {"text":"686"}
COMMAND: GET /session/56592f54b4fb0edb5aa090c3c290776b/screenshot - {}
RESULT: {"text":"686"}
COMMAND: GET /session/56592f54b4fb0edb5aa090c3c290776b/screenshot - {}
RESULT: {}
RESULT: {}
COMMAND: POST /session/56592f54b4fb0edb5aa090c3c290776b/actions - {"actions":[{"id":"action19","type":"key","parameters":{},"actions":[{"type":"keyDown","value":"î€‡"},{"type":"pause","duration":10},{"type":"keyUp","value":"î€‡"}]}]}
RESULT: {"actions":[{"id":"action19","type":"key","parameters":{},"actions":[{"type":"keyDown","value":"î€‡"},{"type":"pause","duration":10},{"type":"keyUp","value":"î€‡"}]}]}
COMMAND: POST /session/56592f54b4fb0edb5aa090c3c290776b/execute/async - {"script":"<script> [1562 bytes]","args":[{"selector":{"id":"createOrganizationPop--grZone","searchOpenDialogs":true,"interaction":{"idSuffix":"CbBg"}},"wdio_ui5_key":"createOrganizationPopgrZone"}]}
COMMAND: GET /session/56592f54b4fb0edb5aa090c3c290776b/screenshot - {}
RESULT: {"script":"<script> [1562 bytes]","args":[{"selector":{"id":"createOrganizationPop--grZone","searchOpenDialogs":true,"interaction":{"idSuffix":"CbBg"}},"wdio_ui5_key":"createOrganizationPopgrZone"}]}
RESULT: undefined
COMMAND: POST /session/56592f54b4fb0edb5aa090c3c290776b/element - {"using":"xpath","value":"//*[@id=\"createOrganizationPop--grZone\"]"}
RESULT: {}
RESULT: {"using":"xpath","value":"//*[@id=\"createOrganizationPop--grZone\"]"}
COMMAND: POST /session/56592f54b4fb0edb5aa090c3c290776b/element/f.3FFE31BA54A5084AB0E8E3C4FB609917.d.57F9962D3B5DFECFB20FC4DA12E8FE97.e.6003/click - {}
RESULT: {}
COMMAND: GET /session/56592f54b4fb0edb5aa090c3c290776b/screenshot - {}
RESULT: {}
COMMAND: POST /session/56592f54b4fb0edb5aa090c3c290776b/execute/async - {"script":"<script> [1562 bytes]","args":[{"selector":{"id":"createOrganizationPop--giZone","searchOpenDialogs":true,"interaction":{"idSuffix":"CbBg"}},"wdio_ui5_key":"createOrganizationPopgiZone"}]}
RESULT: {"script":"<script> [1562 bytes]","args":[{"selector":{"id":"createOrganizationPop--giZone","searchOpenDialogs":true,"interaction":{"idSuffix":"CbBg"}},"wdio_ui5_key":"createOrganizationPopgiZone"}]}
RESULT: undefined
COMMAND: POST /session/56592f54b4fb0edb5aa090c3c290776b/element - {"using":"xpath","value":"//*[@id=\"createOrganizationPop--giZone\"]"}
RESULT: {"using":"xpath","value":"//*[@id=\"createOrganizationPop--giZone\"]"}
COMMAND: POST /session/56592f54b4fb0edb5aa090c3c290776b/element/f.3FFE31BA54A5084AB0E8E3C4FB609917.d.57F9962D3B5DFECFB20FC4DA12E8FE97.e.6005/click - {}
RESULT: {}
COMMAND: GET /session/56592f54b4fb0edb5aa090c3c290776b/screenshot - {}
RESULT: {}
COMMAND: POST /session/56592f54b4fb0edb5aa090c3c290776b/execute/async - {"script":"<script> [1562 bytes]","args":[{"selector":{"id":"createOrganizationPop--binNoInput","searchOpenDialogs":true,"interaction":{"idSuffix":"inner"}},"wdio_ui5_key":"createOrganizationPopbinNoInput"}]}
RESULT: {"script":"<script> [1562 bytes]","args":[{"selector":{"id":"createOrganizationPop--binNoInput","searchOpenDialogs":true,"interaction":{"idSuffix":"inner"}},"wdio_ui5_key":"createOrganizationPopbinNoInput"}]}
RESULT: undefined
COMMAND: POST /session/56592f54b4fb0edb5aa090c3c290776b/execute/async - {"script":"<script> [776 bytes]","args":[{"enterText":"Bin-Wd","selector":{"id":"createOrganizationPop--binNoInput","searchOpenDialogs":true,"interaction":{"idSuffix":"inner"}},"clearTextFirst":true,"interactionType":"ENTER_TEXT"}]}
RESULT: {"script":"<script> [776 bytes]","args":[{"enterText":"Bin-Wd","selector":{"id":"createOrganizationPop--binNoInput","searchOpenDialogs":true,"interaction":{"idSuffix":"inner"}},"clearTextFirst":true,"interactionType":"ENTER_TEXT"}]}
COMMAND: POST /session/56592f54b4fb0edb5aa090c3c290776b/execute/async - {"script":"<script> [1562 bytes]","args":[{"selector":{"id":"createOrganizationPop--descriptionId","searchOpenDialogs":true,"interaction":{"idSuffix":"inner"}},"wdio_ui5_key":"createOrganizationPopdescriptionId"}]}
RESULT: {"script":"<script> [1562 bytes]","args":[{"selector":{"id":"createOrganizationPop--descriptionId","searchOpenDialogs":true,"interaction":{"idSuffix":"inner"}},"wdio_ui5_key":"createOrganizationPopdescriptionId"}]}
RESULT: undefined
COMMAND: POST /session/56592f54b4fb0edb5aa090c3c290776b/execute/async - {"script":"<script> [776 bytes]","args":[{"enterText":"Shipping-Wd","selector":{"id":"createOrganizationPop--descriptionId","searchOpenDialogs":true,"interaction":{"idSuffix":"inner"}},"clearTextFirst":true,"interactionType":"ENTER_TEXT"}]}
RESULT: {"script":"<script> [776 bytes]","args":[{"enterText":"Shipping-Wd","selector":{"id":"createOrganizationPop--descriptionId","searchOpenDialogs":true,"interaction":{"idSuffix":"inner"}},"clearTextFirst":true,"interactionType":"ENTER_TEXT"}]}
COMMAND: POST /session/56592f54b4fb0edb5aa090c3c290776b/execute/async - {"script":"<script> [1562 bytes]","args":[{"selector":{"controlType":"sap.m.CheckBox","viewName":"etm.portal.ui.binstatusreport.view.MasterWareBins","viewId":"application-binstatusreport-display-component---warehousing","bindingPath":{"path":"","propertyPath":"/ZONE","modelName":"newBin"},"searchOpenDialogs":true,"interaction":{"idSuffix":"CbBg"}},"wdio_ui5_key":"etmportal.ui.binstatusreport.view.MasterWareBinssap.m.CheckBox{\"path\":\"\",\"propertyPath\":\"/ZONE\",\"modelName\":\"newBin\"}"}]}
RESULT: {"script":"<script> [1562 bytes]","args":[{"selector":{"controlType":"sap.m.CheckBox","viewName":"etm.portal.ui.binstatusreport.view.MasterWareBins","viewId":"application-binstatusreport-display-component---warehousing","bindingPath":{"path":"","propertyPath":"/ZONE","modelName":"newBin"},"searchOpenDialogs":true,"interaction":{"idSuffix":"CbBg"}},"wdio_ui5_key":"etmportal.ui.binstatusreport.view.MasterWareBinssap.m.CheckBox{\"path\":\"\",\"propertyPath\":\"/ZONE\",\"modelName\":\"newBin\"}"}]}
RESULT: undefined
COMMAND: POST /session/56592f54b4fb0edb5aa090c3c290776b/element - {"using":"xpath","value":"//*[@id=\"__box16\"]"}
RESULT: {"using":"xpath","value":"//*[@id=\"__box16\"]"}
COMMAND: POST /session/56592f54b4fb0edb5aa090c3c290776b/element/f.3FFE31BA54A5084AB0E8E3C4FB609917.d.57F9962D3B5DFECFB20FC4DA12E8FE97.e.6028/click - {}
RESULT: {}
COMMAND: GET /session/56592f54b4fb0edb5aa090c3c290776b/screenshot - {}
RESULT: {}
COMMAND: POST /session/56592f54b4fb0edb5aa090c3c290776b/execute/async - {"script":"<script> [1562 bytes]","args":[{"selector":{"id":"createOrganizationPop--binTypesCB","searchOpenDialogs":true,"interaction":{"idSuffix":"inner"}},"wdio_ui5_key":"createOrganizationPopbinTypesCB"}]}
RESULT: {"script":"<script> [1562 bytes]","args":[{"selector":{"id":"createOrganizationPop--binTypesCB","searchOpenDialogs":true,"interaction":{"idSuffix":"inner"}},"wdio_ui5_key":"createOrganizationPopbinTypesCB"}]}
RESULT: undefined
COMMAND: POST /session/56592f54b4fb0edb5aa090c3c290776b/execute/async - {"script":"<script> [776 bytes]","args":[{"enterText":"1 - General / No capacity check","selector":{"id":"createOrganizationPop--binTypesCB","searchOpenDialogs":true,"interaction":{"idSuffix":"inner"}},"clearTextFirst":true,"interactionType":"ENTER_TEXT"}]}
RESULT: {"script":"<script> [776 bytes]","args":[{"enterText":"1 - General / No capacity check","selector":{"id":"createOrganizationPop--binTypesCB","searchOpenDialogs":true,"interaction":{"idSuffix":"inner"}},"clearTextFirst":true,"interactionType":"ENTER_TEXT"}]}
COMMAND: POST /session/56592f54b4fb0edb5aa090c3c290776b/actions - {"actions":[{"id":"action20","type":"key","parameters":{},"actions":[{"type":"keyDown","value":"î€‡"},{"type":"pause","duration":10},{"type":"keyUp","value":"î€‡"}]}]}
RESULT: {"actions":[{"id":"action20","type":"key","parameters":{},"actions":[{"type":"keyDown","value":"î€‡"},{"type":"pause","duration":10},{"type":"keyUp","value":"î€‡"}]}]}
COMMAND: GET /session/56592f54b4fb0edb5aa090c3c290776b/screenshot - {}
RESULT: {}
COMMAND: POST /session/56592f54b4fb0edb5aa090c3c290776b/execute/async - {"script":"<script> [1562 bytes]","args":[{"selector":{"id":"createOrganizationPop--finishBtn","searchOpenDialogs":true,"interaction":{"idSuffix":"BDI-content"}},"wdio_ui5_key":"createOrganizationPopfinishBtn"}]}
RESULT: {"script":"<script> [1562 bytes]","args":[{"selector":{"id":"createOrganizationPop--finishBtn","searchOpenDialogs":true,"interaction":{"idSuffix":"BDI-content"}},"wdio_ui5_key":"createOrganizationPopfinishBtn"}]}
RESULT: undefined
COMMAND: POST /session/56592f54b4fb0edb5aa090c3c290776b/element - {"using":"xpath","value":"//*[@id=\"createOrganizationPop--finishBtn\"]"}
RESULT: {"using":"xpath","value":"//*[@id=\"createOrganizationPop--finishBtn\"]"}
COMMAND: POST /session/56592f54b4fb0edb5aa090c3c290776b/element/f.3FFE31BA54A5084AB0E8E3C4FB609917.d.57F9962D3B5DFECFB20FC4DA12E8FE97.e.6039/click - {}
RESULT: {}
COMMAND: GET /session/56592f54b4fb0edb5aa090c3c290776b/screenshot - {}
RESULT: {}
COMMAND: POST /session/56592f54b4fb0edb5aa090c3c290776b/element - {"using":"css selector","value":"#shell-header-logo"}
RESULT: {"using":"css selector","value":"#shell-header-logo"}
COMMAND: POST /session/56592f54b4fb0edb5aa090c3c290776b/element/f.3FFE31BA54A5084AB0E8E3C4FB609917.d.57F9962D3B5DFECFB20FC4DA12E8FE97.e.5897/click - {}
RESULT: {}
COMMAND: GET /session/56592f54b4fb0edb5aa090c3c290776b/screenshot - {}
RESULT: {}
]]></system-out>
    </testcase>
  </testsuite>
</testsuites>