<?xml version="1.0" encoding="UTF-8"?>
<testsuites tests="49" failures="0" errors="0" skipped="0">
  <testsuite timestamp="2025-04-18T15:14:16" time="1794.527" tests="49" failures="0" errors="0" skipped="0">
    <properties>
      <property name="specId" value="0"/>
      <property name="suiteName" value="Sanity Tests US104253"/>
      <property name="capabilities" value="chrome.135_0_7049_42.windows"/>
      <property name="file" value="file:///D:/a/1/s/test/specs/General/sanity.spec.js"/>
    </properties>
    <testcase classname="chrome.135_0_7049_42.windows.Sanity_Tests_US104253" name="Should open Manage Partners page" time="33.606">
      <system-out><![CDATA[
COMMAND: POST /session/47ba2049a4a554e0204e69511f8743f3/execute/async - {"script":"<script> [1562 bytes]","args":[{"selector":{"controlType":"sap.m.GenericTile","properties":{"header":"Manage Partners"}},"wdio_ui5_key":"sapm.GenericTile{\"header\":\"Manage Partners\"}"}]}
RESULT: {"script":"<script> [1562 bytes]","args":[{"selector":{"controlType":"sap.m.GenericTile","properties":{"header":"Manage Partners"}},"wdio_ui5_key":"sapm.GenericTile{\"header\":\"Manage Partners\"}"}]}
RESULT: undefined
COMMAND: POST /session/47ba2049a4a554e0204e69511f8743f3/element - {"using":"xpath","value":"//*[@id=\"__tile38\"]"}
RESULT: {"using":"xpath","value":"//*[@id=\"__tile38\"]"}
COMMAND: POST /session/47ba2049a4a554e0204e69511f8743f3/element/f.44BFD905BE7E061E2C6DCB92AA908696.d.12163E7A5E64C38BCE5F433D3F9FDBF1.e.114/click - {}
RESULT: {}
COMMAND: GET /session/47ba2049a4a554e0204e69511f8743f3/screenshot - {}
RESULT: {}
RESULT: undefined
COMMAND: POST /session/47ba2049a4a554e0204e69511f8743f3/element - {"using":"xpath","value":"//*[@id=\"__tile38\"]"}
RESULT: {"using":"xpath","value":"//*[@id=\"__tile38\"]"}
COMMAND: POST /session/47ba2049a4a554e0204e69511f8743f3/element/f.44BFD905BE7E061E2C6DCB92AA908696.d.12163E7A5E64C38BCE5F433D3F9FDBF1.e.114/click - {}
RESULT: undefined
COMMAND: POST /session/47ba2049a4a554e0204e69511f8743f3/element - {"using":"xpath","value":"//*[@id=\"__tile38\"]"}
RESULT: {"using":"xpath","value":"//*[@id=\"__tile38\"]"}
COMMAND: POST /session/47ba2049a4a554e0204e69511f8743f3/element/f.44BFD905BE7E061E2C6DCB92AA908696.d.12163E7A5E64C38BCE5F433D3F9FDBF1.e.114/click - {}
COMMAND: POST /session/47ba2049a4a554e0204e69511f8743f3/execute/async - {"script":"<script> [1562 bytes]","args":[{"selector":{"id":"shellAppTitle"},"wdio_ui5_key":"shellAppTitle"}]}
RESULT: {"script":"<script> [1562 bytes]","args":[{"selector":{"id":"shellAppTitle"},"wdio_ui5_key":"shellAppTitle"}]}
RESULT: undefined
COMMAND: POST /session/47ba2049a4a554e0204e69511f8743f3/execute/async - {"script":"<script> [6424 bytes]","args":[{"element-6066-11e4-a52e-4f735466cecf":"f.44BFD905BE7E061E2C6DCB92AA908696.d.12163E7A5E64C38BCE5F433D3F9FDBF1.e.288"},"getTitle",[]]}
RESULT: {"script":"<script> [6424 bytes]","args":[{"element-6066-11e4-a52e-4f735466cecf":"f.44BFD905BE7E061E2C6DCB92AA908696.d.12163E7A5E64C38BCE5F433D3F9FDBF1.e.288"},"getTitle",[]]}
COMMAND: POST /session/47ba2049a4a554e0204e69511f8743f3/execute/async - {"script":"<script> [1562 bytes]","args":[{"selector":{"id":"backBtn"},"wdio_ui5_key":"backBtn"}]}
RESULT: {"script":"<script> [1562 bytes]","args":[{"selector":{"id":"backBtn"},"wdio_ui5_key":"backBtn"}]}
RESULT: undefined
COMMAND: POST /session/47ba2049a4a554e0204e69511f8743f3/element - {"using":"xpath","value":"//*[@id=\"backBtn\"]"}
RESULT: {"using":"xpath","value":"//*[@id=\"backBtn\"]"}
COMMAND: POST /session/47ba2049a4a554e0204e69511f8743f3/element/f.44BFD905BE7E061E2C6DCB92AA908696.d.12163E7A5E64C38BCE5F433D3F9FDBF1.e.289/click - {}
RESULT: {}
COMMAND: GET /session/47ba2049a4a554e0204e69511f8743f3/screenshot - {}
RESULT: {}
]]></system-out>
    </testcase>
    <testcase classname="chrome.135_0_7049_42.windows.Sanity_Tests_US104253" name="Should open Manage Sites page" time="35.676">
      <system-out><![CDATA[
COMMAND: POST /session/47ba2049a4a554e0204e69511f8743f3/execute/async - {"script":"<script> [1562 bytes]","args":[{"selector":{"controlType":"sap.m.GenericTile","properties":{"header":"Manage Sites"}},"wdio_ui5_key":"sapm.GenericTile{\"header\":\"Manage Sites\"}"}]}
RESULT: {"script":"<script> [1562 bytes]","args":[{"selector":{"controlType":"sap.m.GenericTile","properties":{"header":"Manage Sites"}},"wdio_ui5_key":"sapm.GenericTile{\"header\":\"Manage Sites\"}"}]}
RESULT: undefined
COMMAND: POST /session/47ba2049a4a554e0204e69511f8743f3/element - {"using":"xpath","value":"//*[@id=\"__tile40\"]"}
RESULT: {"using":"xpath","value":"//*[@id=\"__tile40\"]"}
COMMAND: POST /session/47ba2049a4a554e0204e69511f8743f3/element/f.44BFD905BE7E061E2C6DCB92AA908696.d.12163E7A5E64C38BCE5F433D3F9FDBF1.e.291/click - {}
RESULT: {}
COMMAND: GET /session/47ba2049a4a554e0204e69511f8743f3/screenshot - {}
RESULT: {}
RESULT: undefined
COMMAND: POST /session/47ba2049a4a554e0204e69511f8743f3/element - {"using":"xpath","value":"//*[@id=\"__tile40\"]"}
RESULT: {"using":"xpath","value":"//*[@id=\"__tile40\"]"}
COMMAND: POST /session/47ba2049a4a554e0204e69511f8743f3/element/f.44BFD905BE7E061E2C6DCB92AA908696.d.12163E7A5E64C38BCE5F433D3F9FDBF1.e.291/click - {}
RESULT: undefined
COMMAND: POST /session/47ba2049a4a554e0204e69511f8743f3/element - {"using":"xpath","value":"//*[@id=\"__tile40\"]"}
RESULT: {"using":"xpath","value":"//*[@id=\"__tile40\"]"}
COMMAND: POST /session/47ba2049a4a554e0204e69511f8743f3/element/f.44BFD905BE7E061E2C6DCB92AA908696.d.12163E7A5E64C38BCE5F433D3F9FDBF1.e.291/click - {}
RESULT: undefined
COMMAND: POST /session/47ba2049a4a554e0204e69511f8743f3/execute/async - {"script":"<script> [6424 bytes]","args":[{"element-6066-11e4-a52e-4f735466cecf":"f.44BFD905BE7E061E2C6DCB92AA908696.d.12163E7A5E64C38BCE5F433D3F9FDBF1.e.288"},"getTitle",[]]}
COMMAND: POST /session/47ba2049a4a554e0204e69511f8743f3/execute/async - {"script":"<script> [1562 bytes]","args":[{"selector":{"id":"shellAppTitle"},"wdio_ui5_key":"shellAppTitle"}]}
RESULT: {"script":"<script> [1562 bytes]","args":[{"selector":{"id":"shellAppTitle"},"wdio_ui5_key":"shellAppTitle"}]}
COMMAND: POST /session/47ba2049a4a554e0204e69511f8743f3/execute/async - {"script":"<script> [6424 bytes]","args":[{"element-6066-11e4-a52e-4f735466cecf":"f.44BFD905BE7E061E2C6DCB92AA908696.d.12163E7A5E64C38BCE5F433D3F9FDBF1.e.477"},"getTitle",[]]}
RESULT: {"script":"<script> [6424 bytes]","args":[{"element-6066-11e4-a52e-4f735466cecf":"f.44BFD905BE7E061E2C6DCB92AA908696.d.12163E7A5E64C38BCE5F433D3F9FDBF1.e.477"},"getTitle",[]]}
RESULT: undefined
COMMAND: POST /session/47ba2049a4a554e0204e69511f8743f3/element/f.44BFD905BE7E061E2C6DCB92AA908696.d.12163E7A5E64C38BCE5F433D3F9FDBF1.e.289/click - {}
RESULT: {}
COMMAND: GET /session/47ba2049a4a554e0204e69511f8743f3/screenshot - {}
RESULT: {}
]]></system-out>
    </testcase>
    <testcase classname="chrome.135_0_7049_42.windows.Sanity_Tests_US104253" name="Should open Manage Resources page" time="35.659">
      <system-out><![CDATA[
COMMAND: POST /session/47ba2049a4a554e0204e69511f8743f3/execute/async - {"script":"<script> [1562 bytes]","args":[{"selector":{"controlType":"sap.m.GenericTile","properties":{"header":"Manage Resources"}},"wdio_ui5_key":"sapm.GenericTile{\"header\":\"Manage Resources\"}"}]}
RESULT: {"script":"<script> [1562 bytes]","args":[{"selector":{"controlType":"sap.m.GenericTile","properties":{"header":"Manage Resources"}},"wdio_ui5_key":"sapm.GenericTile{\"header\":\"Manage Resources\"}"}]}
RESULT: undefined
COMMAND: POST /session/47ba2049a4a554e0204e69511f8743f3/element - {"using":"xpath","value":"//*[@id=\"__tile39\"]"}
RESULT: {"using":"xpath","value":"//*[@id=\"__tile39\"]"}
COMMAND: POST /session/47ba2049a4a554e0204e69511f8743f3/element/f.44BFD905BE7E061E2C6DCB92AA908696.d.12163E7A5E64C38BCE5F433D3F9FDBF1.e.479/click - {}
RESULT: {}
COMMAND: GET /session/47ba2049a4a554e0204e69511f8743f3/screenshot - {}
RESULT: {}
RESULT: undefined
COMMAND: POST /session/47ba2049a4a554e0204e69511f8743f3/element - {"using":"xpath","value":"//*[@id=\"__tile39\"]"}
RESULT: {"using":"xpath","value":"//*[@id=\"__tile39\"]"}
COMMAND: POST /session/47ba2049a4a554e0204e69511f8743f3/element/f.44BFD905BE7E061E2C6DCB92AA908696.d.12163E7A5E64C38BCE5F433D3F9FDBF1.e.479/click - {}
RESULT: undefined
COMMAND: POST /session/47ba2049a4a554e0204e69511f8743f3/element - {"using":"xpath","value":"//*[@id=\"__tile39\"]"}
RESULT: {"using":"xpath","value":"//*[@id=\"__tile39\"]"}
COMMAND: POST /session/47ba2049a4a554e0204e69511f8743f3/element/f.44BFD905BE7E061E2C6DCB92AA908696.d.12163E7A5E64C38BCE5F433D3F9FDBF1.e.479/click - {}
RESULT: undefined
RESULT: undefined
COMMAND: POST /session/47ba2049a4a554e0204e69511f8743f3/execute/async - {"script":"<script> [6424 bytes]","args":[{"element-6066-11e4-a52e-4f735466cecf":"f.44BFD905BE7E061E2C6DCB92AA908696.d.12163E7A5E64C38BCE5F433D3F9FDBF1.e.288"},"getTitle",[]]}
COMMAND: POST /session/47ba2049a4a554e0204e69511f8743f3/execute/async - {"script":"<script> [1562 bytes]","args":[{"selector":{"id":"shellAppTitle"},"wdio_ui5_key":"shellAppTitle"}]}
RESULT: {"script":"<script> [1562 bytes]","args":[{"selector":{"id":"shellAppTitle"},"wdio_ui5_key":"shellAppTitle"}]}
COMMAND: POST /session/47ba2049a4a554e0204e69511f8743f3/execute/async - {"script":"<script> [6424 bytes]","args":[{"element-6066-11e4-a52e-4f735466cecf":"f.44BFD905BE7E061E2C6DCB92AA908696.d.12163E7A5E64C38BCE5F433D3F9FDBF1.e.651"},"getTitle",[]]}
RESULT: {"script":"<script> [6424 bytes]","args":[{"element-6066-11e4-a52e-4f735466cecf":"f.44BFD905BE7E061E2C6DCB92AA908696.d.12163E7A5E64C38BCE5F433D3F9FDBF1.e.651"},"getTitle",[]]}
RESULT: undefined
COMMAND: POST /session/47ba2049a4a554e0204e69511f8743f3/element/f.44BFD905BE7E061E2C6DCB92AA908696.d.12163E7A5E64C38BCE5F433D3F9FDBF1.e.289/click - {}
COMMAND: POST /session/47ba2049a4a554e0204e69511f8743f3/element - {"using":"xpath","value":"//*[@id=\"backBtn\"]"}
RESULT: {"using":"xpath","value":"//*[@id=\"backBtn\"]"}
COMMAND: POST /session/47ba2049a4a554e0204e69511f8743f3/element/f.44BFD905BE7E061E2C6DCB92AA908696.d.12163E7A5E64C38BCE5F433D3F9FDBF1.e.289/click - {}
COMMAND: POST /session/47ba2049a4a554e0204e69511f8743f3/element - {"using":"xpath","value":"//*[@id=\"backBtn\"]"}
RESULT: {"using":"xpath","value":"//*[@id=\"backBtn\"]"}
COMMAND: POST /session/47ba2049a4a554e0204e69511f8743f3/element/f.44BFD905BE7E061E2C6DCB92AA908696.d.12163E7A5E64C38BCE5F433D3F9FDBF1.e.652/click - {}
RESULT: {}
COMMAND: GET /session/47ba2049a4a554e0204e69511f8743f3/screenshot - {}
RESULT: {}
]]></system-out>
    </testcase>
    <testcase classname="chrome.135_0_7049_42.windows.Sanity_Tests_US104253" name="Should open Manage Catalogs page" time="34.631">
      <system-out><![CDATA[
COMMAND: POST /session/47ba2049a4a554e0204e69511f8743f3/execute/async - {"script":"<script> [1562 bytes]","args":[{"selector":{"controlType":"sap.m.GenericTile","properties":{"header":"Manage Catalogs"}},"wdio_ui5_key":"sapm.GenericTile{\"header\":\"Manage Catalogs\"}"}]}
RESULT: {"script":"<script> [1562 bytes]","args":[{"selector":{"controlType":"sap.m.GenericTile","properties":{"header":"Manage Catalogs"}},"wdio_ui5_key":"sapm.GenericTile{\"header\":\"Manage Catalogs\"}"}]}
RESULT: undefined
COMMAND: POST /session/47ba2049a4a554e0204e69511f8743f3/element - {"using":"xpath","value":"//*[@id=\"__tile37\"]"}
RESULT: {"using":"xpath","value":"//*[@id=\"__tile37\"]"}
COMMAND: POST /session/47ba2049a4a554e0204e69511f8743f3/element/f.44BFD905BE7E061E2C6DCB92AA908696.d.12163E7A5E64C38BCE5F433D3F9FDBF1.e.654/click - {}
RESULT: {}
COMMAND: GET /session/47ba2049a4a554e0204e69511f8743f3/screenshot - {}
RESULT: {}
RESULT: undefined
COMMAND: POST /session/47ba2049a4a554e0204e69511f8743f3/element - {"using":"xpath","value":"//*[@id=\"__tile37\"]"}
RESULT: {"using":"xpath","value":"//*[@id=\"__tile37\"]"}
COMMAND: POST /session/47ba2049a4a554e0204e69511f8743f3/element/f.44BFD905BE7E061E2C6DCB92AA908696.d.12163E7A5E64C38BCE5F433D3F9FDBF1.e.654/click - {}
RESULT: undefined
COMMAND: POST /session/47ba2049a4a554e0204e69511f8743f3/element - {"using":"xpath","value":"//*[@id=\"__tile37\"]"}
RESULT: {"using":"xpath","value":"//*[@id=\"__tile37\"]"}
COMMAND: POST /session/47ba2049a4a554e0204e69511f8743f3/element/f.44BFD905BE7E061E2C6DCB92AA908696.d.12163E7A5E64C38BCE5F433D3F9FDBF1.e.654/click - {}
RESULT: undefined
COMMAND: POST /session/47ba2049a4a554e0204e69511f8743f3/execute/async - {"script":"<script> [6424 bytes]","args":[{"element-6066-11e4-a52e-4f735466cecf":"f.44BFD905BE7E061E2C6DCB92AA908696.d.12163E7A5E64C38BCE5F433D3F9FDBF1.e.288"},"getTitle",[]]}
COMMAND: POST /session/47ba2049a4a554e0204e69511f8743f3/execute/async - {"script":"<script> [1562 bytes]","args":[{"selector":{"id":"shellAppTitle"},"wdio_ui5_key":"shellAppTitle"}]}
RESULT: {"script":"<script> [1562 bytes]","args":[{"selector":{"id":"shellAppTitle"},"wdio_ui5_key":"shellAppTitle"}]}
COMMAND: POST /session/47ba2049a4a554e0204e69511f8743f3/execute/async - {"script":"<script> [6424 bytes]","args":[{"element-6066-11e4-a52e-4f735466cecf":"f.44BFD905BE7E061E2C6DCB92AA908696.d.12163E7A5E64C38BCE5F433D3F9FDBF1.e.723"},"getTitle",[]]}
RESULT: {"script":"<script> [6424 bytes]","args":[{"element-6066-11e4-a52e-4f735466cecf":"f.44BFD905BE7E061E2C6DCB92AA908696.d.12163E7A5E64C38BCE5F433D3F9FDBF1.e.723"},"getTitle",[]]}
RESULT: undefined
COMMAND: POST /session/47ba2049a4a554e0204e69511f8743f3/element/f.44BFD905BE7E061E2C6DCB92AA908696.d.12163E7A5E64C38BCE5F433D3F9FDBF1.e.652/click - {}
RESULT: {}
COMMAND: GET /session/47ba2049a4a554e0204e69511f8743f3/screenshot - {}
RESULT: {}
]]></system-out>
    </testcase>
    <testcase classname="chrome.135_0_7049_42.windows.Sanity_Tests_US104253" name="Should open Manage Calendars page" time="33.684">
      <system-out><![CDATA[
COMMAND: POST /session/47ba2049a4a554e0204e69511f8743f3/execute/async - {"script":"<script> [1562 bytes]","args":[{"selector":{"controlType":"sap.m.GenericTile","properties":{"header":"Manage Calendars"}},"wdio_ui5_key":"sapm.GenericTile{\"header\":\"Manage Calendars\"}"}]}
RESULT: {"script":"<script> [1562 bytes]","args":[{"selector":{"controlType":"sap.m.GenericTile","properties":{"header":"Manage Calendars"}},"wdio_ui5_key":"sapm.GenericTile{\"header\":\"Manage Calendars\"}"}]}
RESULT: undefined
COMMAND: POST /session/47ba2049a4a554e0204e69511f8743f3/element - {"using":"xpath","value":"//*[@id=\"__tile36\"]"}
RESULT: {"using":"xpath","value":"//*[@id=\"__tile36\"]"}
COMMAND: POST /session/47ba2049a4a554e0204e69511f8743f3/element/f.44BFD905BE7E061E2C6DCB92AA908696.d.12163E7A5E64C38BCE5F433D3F9FDBF1.e.725/click - {}
RESULT: {}
COMMAND: GET /session/47ba2049a4a554e0204e69511f8743f3/screenshot - {}
RESULT: {}
RESULT: undefined
COMMAND: POST /session/47ba2049a4a554e0204e69511f8743f3/element - {"using":"xpath","value":"//*[@id=\"__tile36\"]"}
RESULT: {"using":"xpath","value":"//*[@id=\"__tile36\"]"}
COMMAND: POST /session/47ba2049a4a554e0204e69511f8743f3/element/f.44BFD905BE7E061E2C6DCB92AA908696.d.12163E7A5E64C38BCE5F433D3F9FDBF1.e.725/click - {}
RESULT: undefined
COMMAND: POST /session/47ba2049a4a554e0204e69511f8743f3/element - {"using":"xpath","value":"//*[@id=\"__tile36\"]"}
RESULT: {"using":"xpath","value":"//*[@id=\"__tile36\"]"}
COMMAND: POST /session/47ba2049a4a554e0204e69511f8743f3/element/f.44BFD905BE7E061E2C6DCB92AA908696.d.12163E7A5E64C38BCE5F433D3F9FDBF1.e.725/click - {}
RESULT: undefined
COMMAND: POST /session/47ba2049a4a554e0204e69511f8743f3/execute/async - {"script":"<script> [6424 bytes]","args":[{"element-6066-11e4-a52e-4f735466cecf":"f.44BFD905BE7E061E2C6DCB92AA908696.d.12163E7A5E64C38BCE5F433D3F9FDBF1.e.288"},"getTitle",[]]}
COMMAND: POST /session/47ba2049a4a554e0204e69511f8743f3/execute/async - {"script":"<script> [1562 bytes]","args":[{"selector":{"id":"shellAppTitle"},"wdio_ui5_key":"shellAppTitle"}]}
RESULT: {"script":"<script> [1562 bytes]","args":[{"selector":{"id":"shellAppTitle"},"wdio_ui5_key":"shellAppTitle"}]}
COMMAND: POST /session/47ba2049a4a554e0204e69511f8743f3/execute/async - {"script":"<script> [6424 bytes]","args":[{"element-6066-11e4-a52e-4f735466cecf":"f.44BFD905BE7E061E2C6DCB92AA908696.d.12163E7A5E64C38BCE5F433D3F9FDBF1.e.794"},"getTitle",[]]}
RESULT: {"script":"<script> [6424 bytes]","args":[{"element-6066-11e4-a52e-4f735466cecf":"f.44BFD905BE7E061E2C6DCB92AA908696.d.12163E7A5E64C38BCE5F433D3F9FDBF1.e.794"},"getTitle",[]]}
RESULT: undefined
COMMAND: POST /session/47ba2049a4a554e0204e69511f8743f3/element/f.44BFD905BE7E061E2C6DCB92AA908696.d.12163E7A5E64C38BCE5F433D3F9FDBF1.e.652/click - {}
COMMAND: POST /session/47ba2049a4a554e0204e69511f8743f3/element - {"using":"xpath","value":"//*[@id=\"backBtn\"]"}
RESULT: {"using":"xpath","value":"//*[@id=\"backBtn\"]"}
COMMAND: POST /session/47ba2049a4a554e0204e69511f8743f3/element/f.44BFD905BE7E061E2C6DCB92AA908696.d.12163E7A5E64C38BCE5F433D3F9FDBF1.e.652/click - {}
COMMAND: POST /session/47ba2049a4a554e0204e69511f8743f3/element - {"using":"xpath","value":"//*[@id=\"backBtn\"]"}
RESULT: {"using":"xpath","value":"//*[@id=\"backBtn\"]"}
COMMAND: POST /session/47ba2049a4a554e0204e69511f8743f3/element/f.44BFD905BE7E061E2C6DCB92AA908696.d.12163E7A5E64C38BCE5F433D3F9FDBF1.e.795/click - {}
RESULT: {}
COMMAND: GET /session/47ba2049a4a554e0204e69511f8743f3/screenshot - {}
RESULT: {}
]]></system-out>
    </testcase>
    <testcase classname="chrome.135_0_7049_42.windows.Sanity_Tests_US104253" name="Should open Address Management page" time="36.409">
      <system-out><![CDATA[
COMMAND: POST /session/47ba2049a4a554e0204e69511f8743f3/execute/async - {"script":"<script> [1562 bytes]","args":[{"selector":{"controlType":"sap.m.GenericTile","properties":{"header":"Address Management"}},"wdio_ui5_key":"sapm.GenericTile{\"header\":\"Address Management\"}"}]}
RESULT: {"script":"<script> [1562 bytes]","args":[{"selector":{"controlType":"sap.m.GenericTile","properties":{"header":"Address Management"}},"wdio_ui5_key":"sapm.GenericTile{\"header\":\"Address Management\"}"}]}
RESULT: undefined
COMMAND: POST /session/47ba2049a4a554e0204e69511f8743f3/element - {"using":"xpath","value":"//*[@id=\"__tile33\"]"}
RESULT: {"using":"xpath","value":"//*[@id=\"__tile33\"]"}
COMMAND: POST /session/47ba2049a4a554e0204e69511f8743f3/element/f.44BFD905BE7E061E2C6DCB92AA908696.d.12163E7A5E64C38BCE5F433D3F9FDBF1.e.797/click - {}
RESULT: {}
COMMAND: GET /session/47ba2049a4a554e0204e69511f8743f3/screenshot - {}
RESULT: {}
RESULT: undefined
COMMAND: POST /session/47ba2049a4a554e0204e69511f8743f3/element - {"using":"xpath","value":"//*[@id=\"__tile33\"]"}
RESULT: {"using":"xpath","value":"//*[@id=\"__tile33\"]"}
COMMAND: POST /session/47ba2049a4a554e0204e69511f8743f3/element/f.44BFD905BE7E061E2C6DCB92AA908696.d.12163E7A5E64C38BCE5F433D3F9FDBF1.e.797/click - {}
RESULT: undefined
COMMAND: POST /session/47ba2049a4a554e0204e69511f8743f3/element - {"using":"xpath","value":"//*[@id=\"__tile33\"]"}
RESULT: {"using":"xpath","value":"//*[@id=\"__tile33\"]"}
COMMAND: POST /session/47ba2049a4a554e0204e69511f8743f3/element/f.44BFD905BE7E061E2C6DCB92AA908696.d.12163E7A5E64C38BCE5F433D3F9FDBF1.e.797/click - {}
RESULT: undefined
COMMAND: POST /session/47ba2049a4a554e0204e69511f8743f3/execute/async - {"script":"<script> [6424 bytes]","args":[{"element-6066-11e4-a52e-4f735466cecf":"f.44BFD905BE7E061E2C6DCB92AA908696.d.12163E7A5E64C38BCE5F433D3F9FDBF1.e.288"},"getTitle",[]]}
COMMAND: POST /session/47ba2049a4a554e0204e69511f8743f3/execute/async - {"script":"<script> [1562 bytes]","args":[{"selector":{"id":"shellAppTitle"},"wdio_ui5_key":"shellAppTitle"}]}
RESULT: {"script":"<script> [1562 bytes]","args":[{"selector":{"id":"shellAppTitle"},"wdio_ui5_key":"shellAppTitle"}]}
COMMAND: POST /session/47ba2049a4a554e0204e69511f8743f3/execute/async - {"script":"<script> [6424 bytes]","args":[{"element-6066-11e4-a52e-4f735466cecf":"f.44BFD905BE7E061E2C6DCB92AA908696.d.12163E7A5E64C38BCE5F433D3F9FDBF1.e.1157"},"getTitle",[]]}
RESULT: {"script":"<script> [6424 bytes]","args":[{"element-6066-11e4-a52e-4f735466cecf":"f.44BFD905BE7E061E2C6DCB92AA908696.d.12163E7A5E64C38BCE5F433D3F9FDBF1.e.1157"},"getTitle",[]]}
RESULT: undefined
COMMAND: POST /session/47ba2049a4a554e0204e69511f8743f3/element/f.44BFD905BE7E061E2C6DCB92AA908696.d.12163E7A5E64C38BCE5F433D3F9FDBF1.e.795/click - {}
RESULT: {}
COMMAND: GET /session/47ba2049a4a554e0204e69511f8743f3/screenshot - {}
RESULT: {}
]]></system-out>
    </testcase>
    <testcase classname="chrome.135_0_7049_42.windows.Sanity_Tests_US104253" name="Should open Bill Of Resources page" time="34.03">
      <system-out><![CDATA[
COMMAND: POST /session/47ba2049a4a554e0204e69511f8743f3/execute/async - {"script":"<script> [1562 bytes]","args":[{"selector":{"controlType":"sap.m.GenericTile","properties":{"header":"Bill Of Resources"}},"wdio_ui5_key":"sapm.GenericTile{\"header\":\"Bill Of Resources\"}"}]}
RESULT: {"script":"<script> [1562 bytes]","args":[{"selector":{"controlType":"sap.m.GenericTile","properties":{"header":"Bill Of Resources"}},"wdio_ui5_key":"sapm.GenericTile{\"header\":\"Bill Of Resources\"}"}]}
RESULT: undefined
COMMAND: POST /session/47ba2049a4a554e0204e69511f8743f3/element - {"using":"xpath","value":"//*[@id=\"__tile34\"]"}
RESULT: {"using":"xpath","value":"//*[@id=\"__tile34\"]"}
COMMAND: POST /session/47ba2049a4a554e0204e69511f8743f3/element/f.44BFD905BE7E061E2C6DCB92AA908696.d.12163E7A5E64C38BCE5F433D3F9FDBF1.e.1159/click - {}
RESULT: {}
COMMAND: GET /session/47ba2049a4a554e0204e69511f8743f3/screenshot - {}
RESULT: {}
RESULT: undefined
COMMAND: POST /session/47ba2049a4a554e0204e69511f8743f3/element - {"using":"xpath","value":"//*[@id=\"__tile34\"]"}
RESULT: {"using":"xpath","value":"//*[@id=\"__tile34\"]"}
COMMAND: POST /session/47ba2049a4a554e0204e69511f8743f3/element/f.44BFD905BE7E061E2C6DCB92AA908696.d.12163E7A5E64C38BCE5F433D3F9FDBF1.e.1159/click - {}
RESULT: undefined
COMMAND: POST /session/47ba2049a4a554e0204e69511f8743f3/element - {"using":"xpath","value":"//*[@id=\"__tile34\"]"}
RESULT: {"using":"xpath","value":"//*[@id=\"__tile34\"]"}
COMMAND: POST /session/47ba2049a4a554e0204e69511f8743f3/element/f.44BFD905BE7E061E2C6DCB92AA908696.d.12163E7A5E64C38BCE5F433D3F9FDBF1.e.1159/click - {}
RESULT: undefined
COMMAND: POST /session/47ba2049a4a554e0204e69511f8743f3/execute/async - {"script":"<script> [6424 bytes]","args":[{"element-6066-11e4-a52e-4f735466cecf":"f.44BFD905BE7E061E2C6DCB92AA908696.d.12163E7A5E64C38BCE5F433D3F9FDBF1.e.288"},"getTitle",[]]}
COMMAND: POST /session/47ba2049a4a554e0204e69511f8743f3/execute/async - {"script":"<script> [1562 bytes]","args":[{"selector":{"id":"shellAppTitle"},"wdio_ui5_key":"shellAppTitle"}]}
RESULT: {"script":"<script> [1562 bytes]","args":[{"selector":{"id":"shellAppTitle"},"wdio_ui5_key":"shellAppTitle"}]}
COMMAND: POST /session/47ba2049a4a554e0204e69511f8743f3/execute/async - {"script":"<script> [6424 bytes]","args":[{"element-6066-11e4-a52e-4f735466cecf":"f.44BFD905BE7E061E2C6DCB92AA908696.d.12163E7A5E64C38BCE5F433D3F9FDBF1.e.1240"},"getTitle",[]]}
RESULT: {"script":"<script> [6424 bytes]","args":[{"element-6066-11e4-a52e-4f735466cecf":"f.44BFD905BE7E061E2C6DCB92AA908696.d.12163E7A5E64C38BCE5F433D3F9FDBF1.e.1240"},"getTitle",[]]}
RESULT: undefined
COMMAND: POST /session/47ba2049a4a554e0204e69511f8743f3/element/f.44BFD905BE7E061E2C6DCB92AA908696.d.12163E7A5E64C38BCE5F433D3F9FDBF1.e.795/click - {}
COMMAND: POST /session/47ba2049a4a554e0204e69511f8743f3/element - {"using":"xpath","value":"//*[@id=\"backBtn\"]"}
RESULT: {"using":"xpath","value":"//*[@id=\"backBtn\"]"}
COMMAND: POST /session/47ba2049a4a554e0204e69511f8743f3/element/f.44BFD905BE7E061E2C6DCB92AA908696.d.12163E7A5E64C38BCE5F433D3F9FDBF1.e.795/click - {}
COMMAND: POST /session/47ba2049a4a554e0204e69511f8743f3/element - {"using":"xpath","value":"//*[@id=\"backBtn\"]"}
RESULT: {"using":"xpath","value":"//*[@id=\"backBtn\"]"}
COMMAND: POST /session/47ba2049a4a554e0204e69511f8743f3/element/f.44BFD905BE7E061E2C6DCB92AA908696.d.12163E7A5E64C38BCE5F433D3F9FDBF1.e.1241/click - {}
RESULT: {}
COMMAND: GET /session/47ba2049a4a554e0204e69511f8743f3/screenshot - {}
RESULT: {}
]]></system-out>
    </testcase>
    <testcase classname="chrome.135_0_7049_42.windows.Sanity_Tests_US104253" name="Should open Manage Yards page" time="34.512">
      <system-out><![CDATA[
COMMAND: POST /session/47ba2049a4a554e0204e69511f8743f3/execute/async - {"script":"<script> [1562 bytes]","args":[{"selector":{"controlType":"sap.m.GenericTile","properties":{"header":"Manage Yards"}},"wdio_ui5_key":"sapm.GenericTile{\"header\":\"Manage Yards\"}"}]}
RESULT: {"script":"<script> [1562 bytes]","args":[{"selector":{"controlType":"sap.m.GenericTile","properties":{"header":"Manage Yards"}},"wdio_ui5_key":"sapm.GenericTile{\"header\":\"Manage Yards\"}"}]}
RESULT: undefined
COMMAND: POST /session/47ba2049a4a554e0204e69511f8743f3/element - {"using":"xpath","value":"//*[@id=\"__tile41\"]"}
RESULT: {"using":"xpath","value":"//*[@id=\"__tile41\"]"}
COMMAND: POST /session/47ba2049a4a554e0204e69511f8743f3/element/f.44BFD905BE7E061E2C6DCB92AA908696.d.12163E7A5E64C38BCE5F433D3F9FDBF1.e.1243/click - {}
RESULT: {}
COMMAND: GET /session/47ba2049a4a554e0204e69511f8743f3/screenshot - {}
RESULT: {}
RESULT: undefined
COMMAND: POST /session/47ba2049a4a554e0204e69511f8743f3/element - {"using":"xpath","value":"//*[@id=\"__tile41\"]"}
RESULT: {"using":"xpath","value":"//*[@id=\"__tile41\"]"}
COMMAND: POST /session/47ba2049a4a554e0204e69511f8743f3/element/f.44BFD905BE7E061E2C6DCB92AA908696.d.12163E7A5E64C38BCE5F433D3F9FDBF1.e.1243/click - {}
RESULT: undefined
COMMAND: POST /session/47ba2049a4a554e0204e69511f8743f3/element - {"using":"xpath","value":"//*[@id=\"__tile41\"]"}
RESULT: {"using":"xpath","value":"//*[@id=\"__tile41\"]"}
COMMAND: POST /session/47ba2049a4a554e0204e69511f8743f3/element/f.44BFD905BE7E061E2C6DCB92AA908696.d.12163E7A5E64C38BCE5F433D3F9FDBF1.e.1243/click - {}
RESULT: undefined
COMMAND: POST /session/47ba2049a4a554e0204e69511f8743f3/execute/async - {"script":"<script> [6424 bytes]","args":[{"element-6066-11e4-a52e-4f735466cecf":"f.44BFD905BE7E061E2C6DCB92AA908696.d.12163E7A5E64C38BCE5F433D3F9FDBF1.e.288"},"getTitle",[]]}
COMMAND: POST /session/47ba2049a4a554e0204e69511f8743f3/execute/async - {"script":"<script> [1562 bytes]","args":[{"selector":{"id":"shellAppTitle"},"wdio_ui5_key":"shellAppTitle"}]}
RESULT: {"script":"<script> [1562 bytes]","args":[{"selector":{"id":"shellAppTitle"},"wdio_ui5_key":"shellAppTitle"}]}
COMMAND: POST /session/47ba2049a4a554e0204e69511f8743f3/execute/async - {"script":"<script> [6424 bytes]","args":[{"element-6066-11e4-a52e-4f735466cecf":"f.44BFD905BE7E061E2C6DCB92AA908696.d.12163E7A5E64C38BCE5F433D3F9FDBF1.e.1423"},"getTitle",[]]}
RESULT: {"script":"<script> [6424 bytes]","args":[{"element-6066-11e4-a52e-4f735466cecf":"f.44BFD905BE7E061E2C6DCB92AA908696.d.12163E7A5E64C38BCE5F433D3F9FDBF1.e.1423"},"getTitle",[]]}
RESULT: undefined
COMMAND: POST /session/47ba2049a4a554e0204e69511f8743f3/element/f.44BFD905BE7E061E2C6DCB92AA908696.d.12163E7A5E64C38BCE5F433D3F9FDBF1.e.1241/click - {}
RESULT: {}
COMMAND: GET /session/47ba2049a4a554e0204e69511f8743f3/screenshot - {}
RESULT: {}
]]></system-out>
    </testcase>
    <testcase classname="chrome.135_0_7049_42.windows.Sanity_Tests_US104253" name="Should open Manage Requests page" time="33.936">
      <system-out><![CDATA[
COMMAND: POST /session/47ba2049a4a554e0204e69511f8743f3/execute/async - {"script":"<script> [1562 bytes]","args":[{"selector":{"controlType":"sap.m.GenericTile","properties":{"header":"Manage Requests"}},"wdio_ui5_key":"sapm.GenericTile{\"header\":\"Manage Requests\"}"}]}
RESULT: {"script":"<script> [1562 bytes]","args":[{"selector":{"controlType":"sap.m.GenericTile","properties":{"header":"Manage Requests"}},"wdio_ui5_key":"sapm.GenericTile{\"header\":\"Manage Requests\"}"}]}
RESULT: undefined
COMMAND: POST /session/47ba2049a4a554e0204e69511f8743f3/element - {"using":"xpath","value":"//*[@id=\"__tile47\"]"}
RESULT: {"using":"xpath","value":"//*[@id=\"__tile47\"]"}
COMMAND: POST /session/47ba2049a4a554e0204e69511f8743f3/element/f.44BFD905BE7E061E2C6DCB92AA908696.d.12163E7A5E64C38BCE5F433D3F9FDBF1.e.1425/click - {}
RESULT: {}
COMMAND: GET /session/47ba2049a4a554e0204e69511f8743f3/screenshot - {}
RESULT: {}
RESULT: undefined
COMMAND: POST /session/47ba2049a4a554e0204e69511f8743f3/element - {"using":"xpath","value":"//*[@id=\"__tile47\"]"}
RESULT: {"using":"xpath","value":"//*[@id=\"__tile47\"]"}
COMMAND: POST /session/47ba2049a4a554e0204e69511f8743f3/element/f.44BFD905BE7E061E2C6DCB92AA908696.d.12163E7A5E64C38BCE5F433D3F9FDBF1.e.1425/click - {}
RESULT: undefined
COMMAND: POST /session/47ba2049a4a554e0204e69511f8743f3/element - {"using":"xpath","value":"//*[@id=\"__tile47\"]"}
RESULT: {"using":"xpath","value":"//*[@id=\"__tile47\"]"}
COMMAND: POST /session/47ba2049a4a554e0204e69511f8743f3/element/f.44BFD905BE7E061E2C6DCB92AA908696.d.12163E7A5E64C38BCE5F433D3F9FDBF1.e.1425/click - {}
RESULT: undefined
COMMAND: POST /session/47ba2049a4a554e0204e69511f8743f3/execute/async - {"script":"<script> [6424 bytes]","args":[{"element-6066-11e4-a52e-4f735466cecf":"f.44BFD905BE7E061E2C6DCB92AA908696.d.12163E7A5E64C38BCE5F433D3F9FDBF1.e.288"},"getTitle",[]]}
COMMAND: POST /session/47ba2049a4a554e0204e69511f8743f3/execute/async - {"script":"<script> [1562 bytes]","args":[{"selector":{"id":"shellAppTitle"},"wdio_ui5_key":"shellAppTitle"}]}
RESULT: {"script":"<script> [1562 bytes]","args":[{"selector":{"id":"shellAppTitle"},"wdio_ui5_key":"shellAppTitle"}]}
COMMAND: POST /session/47ba2049a4a554e0204e69511f8743f3/execute/async - {"script":"<script> [6424 bytes]","args":[{"element-6066-11e4-a52e-4f735466cecf":"f.44BFD905BE7E061E2C6DCB92AA908696.d.12163E7A5E64C38BCE5F433D3F9FDBF1.e.1522"},"getTitle",[]]}
RESULT: {"script":"<script> [6424 bytes]","args":[{"element-6066-11e4-a52e-4f735466cecf":"f.44BFD905BE7E061E2C6DCB92AA908696.d.12163E7A5E64C38BCE5F433D3F9FDBF1.e.1522"},"getTitle",[]]}
RESULT: undefined
COMMAND: POST /session/47ba2049a4a554e0204e69511f8743f3/element/f.44BFD905BE7E061E2C6DCB92AA908696.d.12163E7A5E64C38BCE5F433D3F9FDBF1.e.1241/click - {}
COMMAND: POST /session/47ba2049a4a554e0204e69511f8743f3/element - {"using":"xpath","value":"//*[@id=\"backBtn\"]"}
RESULT: {"using":"xpath","value":"//*[@id=\"backBtn\"]"}
COMMAND: POST /session/47ba2049a4a554e0204e69511f8743f3/element/f.44BFD905BE7E061E2C6DCB92AA908696.d.12163E7A5E64C38BCE5F433D3F9FDBF1.e.1241/click - {}
COMMAND: POST /session/47ba2049a4a554e0204e69511f8743f3/element - {"using":"xpath","value":"//*[@id=\"backBtn\"]"}
RESULT: {"using":"xpath","value":"//*[@id=\"backBtn\"]"}
COMMAND: POST /session/47ba2049a4a554e0204e69511f8743f3/element/f.44BFD905BE7E061E2C6DCB92AA908696.d.12163E7A5E64C38BCE5F433D3F9FDBF1.e.1523/click - {}
RESULT: {}
COMMAND: GET /session/47ba2049a4a554e0204e69511f8743f3/screenshot - {}
RESULT: {}
]]></system-out>
    </testcase>
    <testcase classname="chrome.135_0_7049_42.windows.Sanity_Tests_US104253" name="Should open Manage Purchasing page" time="36.574">
      <system-out><![CDATA[
COMMAND: POST /session/47ba2049a4a554e0204e69511f8743f3/execute/async - {"script":"<script> [1562 bytes]","args":[{"selector":{"controlType":"sap.m.GenericTile","properties":{"header":"Manage Purchasing"}},"wdio_ui5_key":"sapm.GenericTile{\"header\":\"Manage Purchasing\"}"}]}
RESULT: {"script":"<script> [1562 bytes]","args":[{"selector":{"controlType":"sap.m.GenericTile","properties":{"header":"Manage Purchasing"}},"wdio_ui5_key":"sapm.GenericTile{\"header\":\"Manage Purchasing\"}"}]}
RESULT: undefined
COMMAND: POST /session/47ba2049a4a554e0204e69511f8743f3/element - {"using":"xpath","value":"//*[@id=\"__tile46\"]"}
RESULT: {"using":"xpath","value":"//*[@id=\"__tile46\"]"}
COMMAND: POST /session/47ba2049a4a554e0204e69511f8743f3/element/f.44BFD905BE7E061E2C6DCB92AA908696.d.12163E7A5E64C38BCE5F433D3F9FDBF1.e.1526/click - {}
RESULT: {}
COMMAND: GET /session/47ba2049a4a554e0204e69511f8743f3/screenshot - {}
RESULT: {}
RESULT: undefined
COMMAND: POST /session/47ba2049a4a554e0204e69511f8743f3/element - {"using":"xpath","value":"//*[@id=\"__tile46\"]"}
RESULT: {"using":"xpath","value":"//*[@id=\"__tile46\"]"}
COMMAND: POST /session/47ba2049a4a554e0204e69511f8743f3/element/f.44BFD905BE7E061E2C6DCB92AA908696.d.12163E7A5E64C38BCE5F433D3F9FDBF1.e.1526/click - {}
RESULT: undefined
COMMAND: POST /session/47ba2049a4a554e0204e69511f8743f3/element - {"using":"xpath","value":"//*[@id=\"__tile46\"]"}
RESULT: {"using":"xpath","value":"//*[@id=\"__tile46\"]"}
COMMAND: POST /session/47ba2049a4a554e0204e69511f8743f3/element/f.44BFD905BE7E061E2C6DCB92AA908696.d.12163E7A5E64C38BCE5F433D3F9FDBF1.e.1526/click - {}
RESULT: undefined
COMMAND: POST /session/47ba2049a4a554e0204e69511f8743f3/execute/async - {"script":"<script> [6424 bytes]","args":[{"element-6066-11e4-a52e-4f735466cecf":"f.44BFD905BE7E061E2C6DCB92AA908696.d.12163E7A5E64C38BCE5F433D3F9FDBF1.e.288"},"getTitle",[]]}
COMMAND: POST /session/47ba2049a4a554e0204e69511f8743f3/execute/async - {"script":"<script> [1562 bytes]","args":[{"selector":{"id":"shellAppTitle"},"wdio_ui5_key":"shellAppTitle"}]}
RESULT: {"script":"<script> [1562 bytes]","args":[{"selector":{"id":"shellAppTitle"},"wdio_ui5_key":"shellAppTitle"}]}
COMMAND: POST /session/47ba2049a4a554e0204e69511f8743f3/execute/async - {"script":"<script> [6424 bytes]","args":[{"element-6066-11e4-a52e-4f735466cecf":"f.44BFD905BE7E061E2C6DCB92AA908696.d.12163E7A5E64C38BCE5F433D3F9FDBF1.e.1607"},"getTitle",[]]}
RESULT: {"script":"<script> [6424 bytes]","args":[{"element-6066-11e4-a52e-4f735466cecf":"f.44BFD905BE7E061E2C6DCB92AA908696.d.12163E7A5E64C38BCE5F433D3F9FDBF1.e.1607"},"getTitle",[]]}
RESULT: undefined
COMMAND: POST /session/47ba2049a4a554e0204e69511f8743f3/element/f.44BFD905BE7E061E2C6DCB92AA908696.d.12163E7A5E64C38BCE5F433D3F9FDBF1.e.1523/click - {}
RESULT: {}
COMMAND: GET /session/47ba2049a4a554e0204e69511f8743f3/screenshot - {}
RESULT: {}
]]></system-out>
    </testcase>
    <testcase classname="chrome.135_0_7049_42.windows.Sanity_Tests_US104253" name="Should open Planning Board page" time="34.054">
      <system-out><![CDATA[
COMMAND: POST /session/47ba2049a4a554e0204e69511f8743f3/execute/async - {"script":"<script> [1562 bytes]","args":[{"selector":{"controlType":"sap.m.GenericTile","properties":{"header":"Planning Board"}},"wdio_ui5_key":"sapm.GenericTile{\"header\":\"Planning Board\"}"}]}
RESULT: {"script":"<script> [1562 bytes]","args":[{"selector":{"controlType":"sap.m.GenericTile","properties":{"header":"Planning Board"}},"wdio_ui5_key":"sapm.GenericTile{\"header\":\"Planning Board\"}"}]}
RESULT: undefined
COMMAND: POST /session/47ba2049a4a554e0204e69511f8743f3/element - {"using":"xpath","value":"//*[@id=\"__tile132\"]"}
RESULT: {"using":"xpath","value":"//*[@id=\"__tile132\"]"}
COMMAND: POST /session/47ba2049a4a554e0204e69511f8743f3/element/f.44BFD905BE7E061E2C6DCB92AA908696.d.12163E7A5E64C38BCE5F433D3F9FDBF1.e.1609/click - {}
RESULT: {}
COMMAND: GET /session/47ba2049a4a554e0204e69511f8743f3/screenshot - {}
RESULT: {}
RESULT: undefined
COMMAND: POST /session/47ba2049a4a554e0204e69511f8743f3/element - {"using":"xpath","value":"//*[@id=\"__tile132\"]"}
RESULT: {"using":"xpath","value":"//*[@id=\"__tile132\"]"}
COMMAND: POST /session/47ba2049a4a554e0204e69511f8743f3/element/f.44BFD905BE7E061E2C6DCB92AA908696.d.12163E7A5E64C38BCE5F433D3F9FDBF1.e.1609/click - {}
RESULT: undefined
COMMAND: POST /session/47ba2049a4a554e0204e69511f8743f3/element - {"using":"xpath","value":"//*[@id=\"__tile132\"]"}
RESULT: {"using":"xpath","value":"//*[@id=\"__tile132\"]"}
COMMAND: POST /session/47ba2049a4a554e0204e69511f8743f3/element/f.44BFD905BE7E061E2C6DCB92AA908696.d.12163E7A5E64C38BCE5F433D3F9FDBF1.e.1609/click - {}
RESULT: undefined
COMMAND: POST /session/47ba2049a4a554e0204e69511f8743f3/execute/async - {"script":"<script> [6424 bytes]","args":[{"element-6066-11e4-a52e-4f735466cecf":"f.44BFD905BE7E061E2C6DCB92AA908696.d.12163E7A5E64C38BCE5F433D3F9FDBF1.e.288"},"getTitle",[]]}
COMMAND: POST /session/47ba2049a4a554e0204e69511f8743f3/execute/async - {"script":"<script> [1562 bytes]","args":[{"selector":{"id":"shellAppTitle"},"wdio_ui5_key":"shellAppTitle"}]}
RESULT: {"script":"<script> [1562 bytes]","args":[{"selector":{"id":"shellAppTitle"},"wdio_ui5_key":"shellAppTitle"}]}
COMMAND: POST /session/47ba2049a4a554e0204e69511f8743f3/execute/async - {"script":"<script> [6424 bytes]","args":[{"element-6066-11e4-a52e-4f735466cecf":"f.44BFD905BE7E061E2C6DCB92AA908696.d.12163E7A5E64C38BCE5F433D3F9FDBF1.e.1657"},"getTitle",[]]}
RESULT: {"script":"<script> [6424 bytes]","args":[{"element-6066-11e4-a52e-4f735466cecf":"f.44BFD905BE7E061E2C6DCB92AA908696.d.12163E7A5E64C38BCE5F433D3F9FDBF1.e.1657"},"getTitle",[]]}
RESULT: undefined
COMMAND: POST /session/47ba2049a4a554e0204e69511f8743f3/element/f.44BFD905BE7E061E2C6DCB92AA908696.d.12163E7A5E64C38BCE5F433D3F9FDBF1.e.1523/click - {}
COMMAND: POST /session/47ba2049a4a554e0204e69511f8743f3/element/f.44BFD905BE7E061E2C6DCB92AA908696.d.12163E7A5E64C38BCE5F433D3F9FDBF1.e.1523/click - {}
COMMAND: POST /session/47ba2049a4a554e0204e69511f8743f3/element - {"using":"xpath","value":"//*[@id=\"backBtn\"]"}
COMMAND: POST /session/47ba2049a4a554e0204e69511f8743f3/element - {"using":"xpath","value":"//*[@id=\"backBtn\"]"}
RESULT: {"using":"xpath","value":"//*[@id=\"backBtn\"]"}
COMMAND: POST /session/47ba2049a4a554e0204e69511f8743f3/element/f.44BFD905BE7E061E2C6DCB92AA908696.d.12163E7A5E64C38BCE5F433D3F9FDBF1.e.1523/click - {}
RESULT: {"using":"xpath","value":"//*[@id=\"backBtn\"]"}
COMMAND: POST /session/47ba2049a4a554e0204e69511f8743f3/element/f.44BFD905BE7E061E2C6DCB92AA908696.d.12163E7A5E64C38BCE5F433D3F9FDBF1.e.1523/click - {}
COMMAND: POST /session/47ba2049a4a554e0204e69511f8743f3/element - {"using":"xpath","value":"//*[@id=\"backBtn\"]"}
COMMAND: POST /session/47ba2049a4a554e0204e69511f8743f3/element - {"using":"xpath","value":"//*[@id=\"backBtn\"]"}
RESULT: {"using":"xpath","value":"//*[@id=\"backBtn\"]"}
COMMAND: POST /session/47ba2049a4a554e0204e69511f8743f3/element/f.44BFD905BE7E061E2C6DCB92AA908696.d.12163E7A5E64C38BCE5F433D3F9FDBF1.e.1658/click - {}
RESULT: {"using":"xpath","value":"//*[@id=\"backBtn\"]"}
COMMAND: POST /session/47ba2049a4a554e0204e69511f8743f3/element/f.44BFD905BE7E061E2C6DCB92AA908696.d.12163E7A5E64C38BCE5F433D3F9FDBF1.e.1658/click - {}
RESULT: {}
COMMAND: GET /session/47ba2049a4a554e0204e69511f8743f3/screenshot - {}
RESULT: {}
COMMAND: GET /session/47ba2049a4a554e0204e69511f8743f3/screenshot - {}
RESULT: {}
RESULT: {}
]]></system-out>
    </testcase>
    <testcase classname="chrome.135_0_7049_42.windows.Sanity_Tests_US104253" name="Should open Manage Contracts page" time="29.111">
      <system-out><![CDATA[
COMMAND: POST /session/47ba2049a4a554e0204e69511f8743f3/execute/async - {"script":"<script> [1562 bytes]","args":[{"selector":{"controlType":"sap.m.GenericTile","properties":{"header":"Manage Contracts"}},"wdio_ui5_key":"sapm.GenericTile{\"header\":\"Manage Contracts\"}"}]}
RESULT: {"script":"<script> [1562 bytes]","args":[{"selector":{"controlType":"sap.m.GenericTile","properties":{"header":"Manage Contracts"}},"wdio_ui5_key":"sapm.GenericTile{\"header\":\"Manage Contracts\"}"}]}
RESULT: undefined
COMMAND: POST /session/47ba2049a4a554e0204e69511f8743f3/element - {"using":"xpath","value":"//*[@id=\"__tile131\"]"}
RESULT: {"using":"xpath","value":"//*[@id=\"__tile131\"]"}
COMMAND: POST /session/47ba2049a4a554e0204e69511f8743f3/element/f.44BFD905BE7E061E2C6DCB92AA908696.d.12163E7A5E64C38BCE5F433D3F9FDBF1.e.1660/click - {}
RESULT: {}
COMMAND: GET /session/47ba2049a4a554e0204e69511f8743f3/screenshot - {}
RESULT: {}
RESULT: undefined
COMMAND: POST /session/47ba2049a4a554e0204e69511f8743f3/element - {"using":"xpath","value":"//*[@id=\"__tile131\"]"}
RESULT: {"using":"xpath","value":"//*[@id=\"__tile131\"]"}
COMMAND: POST /session/47ba2049a4a554e0204e69511f8743f3/element/f.44BFD905BE7E061E2C6DCB92AA908696.d.12163E7A5E64C38BCE5F433D3F9FDBF1.e.1660/click - {}
RESULT: undefined
COMMAND: POST /session/47ba2049a4a554e0204e69511f8743f3/element - {"using":"xpath","value":"//*[@id=\"__tile131\"]"}
RESULT: {"using":"xpath","value":"//*[@id=\"__tile131\"]"}
COMMAND: POST /session/47ba2049a4a554e0204e69511f8743f3/element/f.44BFD905BE7E061E2C6DCB92AA908696.d.12163E7A5E64C38BCE5F433D3F9FDBF1.e.1660/click - {}
RESULT: undefined
RESULT: undefined
COMMAND: POST /session/47ba2049a4a554e0204e69511f8743f3/execute/async - {"script":"<script> [6424 bytes]","args":[{"element-6066-11e4-a52e-4f735466cecf":"f.44BFD905BE7E061E2C6DCB92AA908696.d.12163E7A5E64C38BCE5F433D3F9FDBF1.e.288"},"getTitle",[]]}
COMMAND: POST /session/47ba2049a4a554e0204e69511f8743f3/execute/async - {"script":"<script> [1562 bytes]","args":[{"selector":{"id":"shellAppTitle"},"wdio_ui5_key":"shellAppTitle"}]}
RESULT: {"script":"<script> [1562 bytes]","args":[{"selector":{"id":"shellAppTitle"},"wdio_ui5_key":"shellAppTitle"}]}
COMMAND: POST /session/47ba2049a4a554e0204e69511f8743f3/execute/async - {"script":"<script> [6424 bytes]","args":[{"element-6066-11e4-a52e-4f735466cecf":"f.44BFD905BE7E061E2C6DCB92AA908696.d.12163E7A5E64C38BCE5F433D3F9FDBF1.e.1721"},"getTitle",[]]}
RESULT: {"script":"<script> [6424 bytes]","args":[{"element-6066-11e4-a52e-4f735466cecf":"f.44BFD905BE7E061E2C6DCB92AA908696.d.12163E7A5E64C38BCE5F433D3F9FDBF1.e.1721"},"getTitle",[]]}
RESULT: undefined
COMMAND: POST /session/47ba2049a4a554e0204e69511f8743f3/element/f.44BFD905BE7E061E2C6DCB92AA908696.d.12163E7A5E64C38BCE5F433D3F9FDBF1.e.1658/click - {}
RESULT: {}
COMMAND: GET /session/47ba2049a4a554e0204e69511f8743f3/screenshot - {}
RESULT: {}
]]></system-out>
    </testcase>
    <testcase classname="chrome.135_0_7049_42.windows.Sanity_Tests_US104253" name="Should open Manage Quotations page" time="33.081">
      <system-out><![CDATA[
COMMAND: POST /session/47ba2049a4a554e0204e69511f8743f3/execute/async - {"script":"<script> [1562 bytes]","args":[{"selector":{"controlType":"sap.m.GenericTile","properties":{"header":"Manage Quotations"}},"wdio_ui5_key":"sapm.GenericTile{\"header\":\"Manage Quotations\"}"}]}
RESULT: {"script":"<script> [1562 bytes]","args":[{"selector":{"controlType":"sap.m.GenericTile","properties":{"header":"Manage Quotations"}},"wdio_ui5_key":"sapm.GenericTile{\"header\":\"Manage Quotations\"}"}]}
RESULT: undefined
COMMAND: POST /session/47ba2049a4a554e0204e69511f8743f3/element - {"using":"xpath","value":"//*[@id=\"__tile133\"]"}
RESULT: {"using":"xpath","value":"//*[@id=\"__tile133\"]"}
COMMAND: POST /session/47ba2049a4a554e0204e69511f8743f3/element/f.44BFD905BE7E061E2C6DCB92AA908696.d.12163E7A5E64C38BCE5F433D3F9FDBF1.e.1723/click - {}
RESULT: {}
COMMAND: GET /session/47ba2049a4a554e0204e69511f8743f3/screenshot - {}
RESULT: {}
RESULT: undefined
COMMAND: POST /session/47ba2049a4a554e0204e69511f8743f3/element - {"using":"xpath","value":"//*[@id=\"__tile133\"]"}
RESULT: {"using":"xpath","value":"//*[@id=\"__tile133\"]"}
COMMAND: POST /session/47ba2049a4a554e0204e69511f8743f3/element/f.44BFD905BE7E061E2C6DCB92AA908696.d.12163E7A5E64C38BCE5F433D3F9FDBF1.e.1723/click - {}
RESULT: undefined
RESULT: undefined
COMMAND: POST /session/47ba2049a4a554e0204e69511f8743f3/element - {"using":"xpath","value":"//*[@id=\"__tile133\"]"}
RESULT: {"using":"xpath","value":"//*[@id=\"__tile133\"]"}
COMMAND: POST /session/47ba2049a4a554e0204e69511f8743f3/element/f.44BFD905BE7E061E2C6DCB92AA908696.d.12163E7A5E64C38BCE5F433D3F9FDBF1.e.1723/click - {}
RESULT: undefined
COMMAND: POST /session/47ba2049a4a554e0204e69511f8743f3/execute/async - {"script":"<script> [6424 bytes]","args":[{"element-6066-11e4-a52e-4f735466cecf":"f.44BFD905BE7E061E2C6DCB92AA908696.d.12163E7A5E64C38BCE5F433D3F9FDBF1.e.288"},"getTitle",[]]}
COMMAND: POST /session/47ba2049a4a554e0204e69511f8743f3/execute/async - {"script":"<script> [1562 bytes]","args":[{"selector":{"id":"shellAppTitle"},"wdio_ui5_key":"shellAppTitle"}]}
RESULT: {"script":"<script> [1562 bytes]","args":[{"selector":{"id":"shellAppTitle"},"wdio_ui5_key":"shellAppTitle"}]}
COMMAND: POST /session/47ba2049a4a554e0204e69511f8743f3/execute/async - {"script":"<script> [6424 bytes]","args":[{"element-6066-11e4-a52e-4f735466cecf":"f.44BFD905BE7E061E2C6DCB92AA908696.d.12163E7A5E64C38BCE5F433D3F9FDBF1.e.1809"},"getTitle",[]]}
RESULT: {"script":"<script> [6424 bytes]","args":[{"element-6066-11e4-a52e-4f735466cecf":"f.44BFD905BE7E061E2C6DCB92AA908696.d.12163E7A5E64C38BCE5F433D3F9FDBF1.e.1809"},"getTitle",[]]}
RESULT: undefined
COMMAND: POST /session/47ba2049a4a554e0204e69511f8743f3/element/f.44BFD905BE7E061E2C6DCB92AA908696.d.12163E7A5E64C38BCE5F433D3F9FDBF1.e.1658/click - {}
COMMAND: POST /session/47ba2049a4a554e0204e69511f8743f3/element - {"using":"xpath","value":"//*[@id=\"backBtn\"]"}
RESULT: {"using":"xpath","value":"//*[@id=\"backBtn\"]"}
COMMAND: POST /session/47ba2049a4a554e0204e69511f8743f3/element/f.44BFD905BE7E061E2C6DCB92AA908696.d.12163E7A5E64C38BCE5F433D3F9FDBF1.e.1658/click - {}
COMMAND: POST /session/47ba2049a4a554e0204e69511f8743f3/element - {"using":"xpath","value":"//*[@id=\"backBtn\"]"}
RESULT: {"using":"xpath","value":"//*[@id=\"backBtn\"]"}
COMMAND: POST /session/47ba2049a4a554e0204e69511f8743f3/element/f.44BFD905BE7E061E2C6DCB92AA908696.d.12163E7A5E64C38BCE5F433D3F9FDBF1.e.1810/click - {}
RESULT: {}
COMMAND: GET /session/47ba2049a4a554e0204e69511f8743f3/screenshot - {}
RESULT: {}
]]></system-out>
    </testcase>
    <testcase classname="chrome.135_0_7049_42.windows.Sanity_Tests_US104253" name="Should open Manage Handovers page" time="35.417">
      <system-out><![CDATA[
COMMAND: POST /session/47ba2049a4a554e0204e69511f8743f3/execute/async - {"script":"<script> [1562 bytes]","args":[{"selector":{"controlType":"sap.m.GenericTile","properties":{"header":"Manage Handovers"}},"wdio_ui5_key":"sapm.GenericTile{\"header\":\"Manage Handovers\"}"}]}
RESULT: {"script":"<script> [1562 bytes]","args":[{"selector":{"controlType":"sap.m.GenericTile","properties":{"header":"Manage Handovers"}},"wdio_ui5_key":"sapm.GenericTile{\"header\":\"Manage Handovers\"}"}]}
RESULT: undefined
COMMAND: POST /session/47ba2049a4a554e0204e69511f8743f3/element - {"using":"xpath","value":"//*[@id=\"__tile130\"]"}
RESULT: {"using":"xpath","value":"//*[@id=\"__tile130\"]"}
COMMAND: POST /session/47ba2049a4a554e0204e69511f8743f3/element/f.44BFD905BE7E061E2C6DCB92AA908696.d.12163E7A5E64C38BCE5F433D3F9FDBF1.e.1812/click - {}
RESULT: {}
COMMAND: GET /session/47ba2049a4a554e0204e69511f8743f3/screenshot - {}
RESULT: {}
RESULT: undefined
COMMAND: POST /session/47ba2049a4a554e0204e69511f8743f3/element - {"using":"xpath","value":"//*[@id=\"__tile130\"]"}
RESULT: {"using":"xpath","value":"//*[@id=\"__tile130\"]"}
COMMAND: POST /session/47ba2049a4a554e0204e69511f8743f3/element/f.44BFD905BE7E061E2C6DCB92AA908696.d.12163E7A5E64C38BCE5F433D3F9FDBF1.e.1812/click - {}
RESULT: undefined
COMMAND: POST /session/47ba2049a4a554e0204e69511f8743f3/element - {"using":"xpath","value":"//*[@id=\"__tile130\"]"}
RESULT: {"using":"xpath","value":"//*[@id=\"__tile130\"]"}
COMMAND: POST /session/47ba2049a4a554e0204e69511f8743f3/element/f.44BFD905BE7E061E2C6DCB92AA908696.d.12163E7A5E64C38BCE5F433D3F9FDBF1.e.1812/click - {}
RESULT: undefined
COMMAND: POST /session/47ba2049a4a554e0204e69511f8743f3/execute/async - {"script":"<script> [6424 bytes]","args":[{"element-6066-11e4-a52e-4f735466cecf":"f.44BFD905BE7E061E2C6DCB92AA908696.d.12163E7A5E64C38BCE5F433D3F9FDBF1.e.288"},"getTitle",[]]}
COMMAND: POST /session/47ba2049a4a554e0204e69511f8743f3/execute/async - {"script":"<script> [1562 bytes]","args":[{"selector":{"id":"shellAppTitle"},"wdio_ui5_key":"shellAppTitle"}]}
RESULT: {"script":"<script> [1562 bytes]","args":[{"selector":{"id":"shellAppTitle"},"wdio_ui5_key":"shellAppTitle"}]}
COMMAND: POST /session/47ba2049a4a554e0204e69511f8743f3/execute/async - {"script":"<script> [6424 bytes]","args":[{"element-6066-11e4-a52e-4f735466cecf":"f.44BFD905BE7E061E2C6DCB92AA908696.d.12163E7A5E64C38BCE5F433D3F9FDBF1.e.1915"},"getTitle",[]]}
RESULT: {"script":"<script> [6424 bytes]","args":[{"element-6066-11e4-a52e-4f735466cecf":"f.44BFD905BE7E061E2C6DCB92AA908696.d.12163E7A5E64C38BCE5F433D3F9FDBF1.e.1915"},"getTitle",[]]}
RESULT: undefined
COMMAND: POST /session/47ba2049a4a554e0204e69511f8743f3/element/f.44BFD905BE7E061E2C6DCB92AA908696.d.12163E7A5E64C38BCE5F433D3F9FDBF1.e.1810/click - {}
RESULT: {}
COMMAND: GET /session/47ba2049a4a554e0204e69511f8743f3/screenshot - {}
RESULT: {}
]]></system-out>
    </testcase>
    <testcase classname="chrome.135_0_7049_42.windows.Sanity_Tests_US104253" name="Should open Delivery Monitor page" time="34.145">
      <system-out><![CDATA[
COMMAND: POST /session/47ba2049a4a554e0204e69511f8743f3/execute/async - {"script":"<script> [1562 bytes]","args":[{"selector":{"controlType":"sap.m.GenericTile","properties":{"header":"Delivery Monitor"}},"wdio_ui5_key":"sapm.GenericTile{\"header\":\"Delivery Monitor\"}"}]}
RESULT: {"script":"<script> [1562 bytes]","args":[{"selector":{"controlType":"sap.m.GenericTile","properties":{"header":"Delivery Monitor"}},"wdio_ui5_key":"sapm.GenericTile{\"header\":\"Delivery Monitor\"}"}]}
RESULT: undefined
COMMAND: POST /session/47ba2049a4a554e0204e69511f8743f3/element - {"using":"xpath","value":"//*[@id=\"__tile43\"]"}
RESULT: {"using":"xpath","value":"//*[@id=\"__tile43\"]"}
COMMAND: POST /session/47ba2049a4a554e0204e69511f8743f3/element/f.44BFD905BE7E061E2C6DCB92AA908696.d.12163E7A5E64C38BCE5F433D3F9FDBF1.e.1917/click - {}
RESULT: {}
COMMAND: GET /session/47ba2049a4a554e0204e69511f8743f3/screenshot - {}
RESULT: {}
RESULT: undefined
COMMAND: POST /session/47ba2049a4a554e0204e69511f8743f3/element - {"using":"xpath","value":"//*[@id=\"__tile43\"]"}
RESULT: {"using":"xpath","value":"//*[@id=\"__tile43\"]"}
COMMAND: POST /session/47ba2049a4a554e0204e69511f8743f3/element/f.44BFD905BE7E061E2C6DCB92AA908696.d.12163E7A5E64C38BCE5F433D3F9FDBF1.e.1917/click - {}
RESULT: undefined
COMMAND: POST /session/47ba2049a4a554e0204e69511f8743f3/element - {"using":"xpath","value":"//*[@id=\"__tile43\"]"}
RESULT: {"using":"xpath","value":"//*[@id=\"__tile43\"]"}
COMMAND: POST /session/47ba2049a4a554e0204e69511f8743f3/element/f.44BFD905BE7E061E2C6DCB92AA908696.d.12163E7A5E64C38BCE5F433D3F9FDBF1.e.1917/click - {}
RESULT: undefined
COMMAND: POST /session/47ba2049a4a554e0204e69511f8743f3/execute/async - {"script":"<script> [6424 bytes]","args":[{"element-6066-11e4-a52e-4f735466cecf":"f.44BFD905BE7E061E2C6DCB92AA908696.d.12163E7A5E64C38BCE5F433D3F9FDBF1.e.288"},"getTitle",[]]}
COMMAND: POST /session/47ba2049a4a554e0204e69511f8743f3/execute/async - {"script":"<script> [1562 bytes]","args":[{"selector":{"id":"shellAppTitle"},"wdio_ui5_key":"shellAppTitle"}]}
RESULT: {"script":"<script> [1562 bytes]","args":[{"selector":{"id":"shellAppTitle"},"wdio_ui5_key":"shellAppTitle"}]}
COMMAND: POST /session/47ba2049a4a554e0204e69511f8743f3/execute/async - {"script":"<script> [6424 bytes]","args":[{"element-6066-11e4-a52e-4f735466cecf":"f.44BFD905BE7E061E2C6DCB92AA908696.d.12163E7A5E64C38BCE5F433D3F9FDBF1.e.2017"},"getTitle",[]]}
RESULT: {"script":"<script> [6424 bytes]","args":[{"element-6066-11e4-a52e-4f735466cecf":"f.44BFD905BE7E061E2C6DCB92AA908696.d.12163E7A5E64C38BCE5F433D3F9FDBF1.e.2017"},"getTitle",[]]}
RESULT: undefined
COMMAND: POST /session/47ba2049a4a554e0204e69511f8743f3/element/f.44BFD905BE7E061E2C6DCB92AA908696.d.12163E7A5E64C38BCE5F433D3F9FDBF1.e.1810/click - {}
COMMAND: POST /session/47ba2049a4a554e0204e69511f8743f3/element - {"using":"xpath","value":"//*[@id=\"backBtn\"]"}
RESULT: {"using":"xpath","value":"//*[@id=\"backBtn\"]"}
COMMAND: POST /session/47ba2049a4a554e0204e69511f8743f3/element/f.44BFD905BE7E061E2C6DCB92AA908696.d.12163E7A5E64C38BCE5F433D3F9FDBF1.e.1810/click - {}
COMMAND: POST /session/47ba2049a4a554e0204e69511f8743f3/element - {"using":"xpath","value":"//*[@id=\"backBtn\"]"}
RESULT: {"using":"xpath","value":"//*[@id=\"backBtn\"]"}
COMMAND: POST /session/47ba2049a4a554e0204e69511f8743f3/element/f.44BFD905BE7E061E2C6DCB92AA908696.d.12163E7A5E64C38BCE5F433D3F9FDBF1.e.2018/click - {}
RESULT: {}
COMMAND: GET /session/47ba2049a4a554e0204e69511f8743f3/screenshot - {}
RESULT: {}
]]></system-out>
    </testcase>
    <testcase classname="chrome.135_0_7049_42.windows.Sanity_Tests_US104253" name="Should open Manage Calendar Exceptions page" time="34.036">
      <system-out><![CDATA[
COMMAND: POST /session/47ba2049a4a554e0204e69511f8743f3/execute/async - {"script":"<script> [1562 bytes]","args":[{"selector":{"controlType":"sap.m.GenericTile","properties":{"header":"Manage Calendar Exceptions"}},"wdio_ui5_key":"sapm.GenericTile{\"header\":\"Manage Calendar Exceptions\"}"}]}
RESULT: {"script":"<script> [1562 bytes]","args":[{"selector":{"controlType":"sap.m.GenericTile","properties":{"header":"Manage Calendar Exceptions"}},"wdio_ui5_key":"sapm.GenericTile{\"header\":\"Manage Calendar Exceptions\"}"}]}
RESULT: undefined
COMMAND: POST /session/47ba2049a4a554e0204e69511f8743f3/element - {"using":"xpath","value":"//*[@id=\"__tile52\"]"}
RESULT: {"using":"xpath","value":"//*[@id=\"__tile52\"]"}
COMMAND: POST /session/47ba2049a4a554e0204e69511f8743f3/element/f.44BFD905BE7E061E2C6DCB92AA908696.d.12163E7A5E64C38BCE5F433D3F9FDBF1.e.2020/click - {}
RESULT: {}
COMMAND: GET /session/47ba2049a4a554e0204e69511f8743f3/screenshot - {}
RESULT: {}
RESULT: undefined
COMMAND: POST /session/47ba2049a4a554e0204e69511f8743f3/element - {"using":"xpath","value":"//*[@id=\"__tile52\"]"}
RESULT: {"using":"xpath","value":"//*[@id=\"__tile52\"]"}
COMMAND: POST /session/47ba2049a4a554e0204e69511f8743f3/element/f.44BFD905BE7E061E2C6DCB92AA908696.d.12163E7A5E64C38BCE5F433D3F9FDBF1.e.2020/click - {}
RESULT: undefined
COMMAND: POST /session/47ba2049a4a554e0204e69511f8743f3/element - {"using":"xpath","value":"//*[@id=\"__tile52\"]"}
RESULT: {"using":"xpath","value":"//*[@id=\"__tile52\"]"}
COMMAND: POST /session/47ba2049a4a554e0204e69511f8743f3/element/f.44BFD905BE7E061E2C6DCB92AA908696.d.12163E7A5E64C38BCE5F433D3F9FDBF1.e.2020/click - {}
RESULT: undefined
COMMAND: POST /session/47ba2049a4a554e0204e69511f8743f3/execute/async - {"script":"<script> [6424 bytes]","args":[{"element-6066-11e4-a52e-4f735466cecf":"f.44BFD905BE7E061E2C6DCB92AA908696.d.12163E7A5E64C38BCE5F433D3F9FDBF1.e.288"},"getTitle",[]]}
COMMAND: POST /session/47ba2049a4a554e0204e69511f8743f3/execute/async - {"script":"<script> [1562 bytes]","args":[{"selector":{"id":"shellAppTitle"},"wdio_ui5_key":"shellAppTitle"}]}
RESULT: {"script":"<script> [1562 bytes]","args":[{"selector":{"id":"shellAppTitle"},"wdio_ui5_key":"shellAppTitle"}]}
COMMAND: POST /session/47ba2049a4a554e0204e69511f8743f3/execute/async - {"script":"<script> [6424 bytes]","args":[{"element-6066-11e4-a52e-4f735466cecf":"f.44BFD905BE7E061E2C6DCB92AA908696.d.12163E7A5E64C38BCE5F433D3F9FDBF1.e.2143"},"getTitle",[]]}
RESULT: {"script":"<script> [6424 bytes]","args":[{"element-6066-11e4-a52e-4f735466cecf":"f.44BFD905BE7E061E2C6DCB92AA908696.d.12163E7A5E64C38BCE5F433D3F9FDBF1.e.2143"},"getTitle",[]]}
RESULT: undefined
COMMAND: POST /session/47ba2049a4a554e0204e69511f8743f3/element/f.44BFD905BE7E061E2C6DCB92AA908696.d.12163E7A5E64C38BCE5F433D3F9FDBF1.e.2018/click - {}
RESULT: {}
COMMAND: GET /session/47ba2049a4a554e0204e69511f8743f3/screenshot - {}
RESULT: {}
]]></system-out>
    </testcase>
    <testcase classname="chrome.135_0_7049_42.windows.Sanity_Tests_US104253" name="Should open Manage States Performance page" time="36.302">
      <system-out><![CDATA[
COMMAND: POST /session/47ba2049a4a554e0204e69511f8743f3/execute/async - {"script":"<script> [1562 bytes]","args":[{"selector":{"controlType":"sap.m.GenericTile","properties":{"header":"Manage States & Performance"}},"wdio_ui5_key":"sapm.GenericTile{\"header\":\"Manage States & Performance\"}"}]}
RESULT: {"script":"<script> [1562 bytes]","args":[{"selector":{"controlType":"sap.m.GenericTile","properties":{"header":"Manage States & Performance"}},"wdio_ui5_key":"sapm.GenericTile{\"header\":\"Manage States & Performance\"}"}]}
RESULT: undefined
COMMAND: POST /session/47ba2049a4a554e0204e69511f8743f3/element - {"using":"xpath","value":"//*[@id=\"__tile56\"]"}
RESULT: {"using":"xpath","value":"//*[@id=\"__tile56\"]"}
COMMAND: POST /session/47ba2049a4a554e0204e69511f8743f3/element/f.44BFD905BE7E061E2C6DCB92AA908696.d.12163E7A5E64C38BCE5F433D3F9FDBF1.e.2147/click - {}
RESULT: {}
COMMAND: GET /session/47ba2049a4a554e0204e69511f8743f3/screenshot - {}
RESULT: {}
RESULT: undefined
COMMAND: POST /session/47ba2049a4a554e0204e69511f8743f3/element - {"using":"xpath","value":"//*[@id=\"__tile56\"]"}
RESULT: {"using":"xpath","value":"//*[@id=\"__tile56\"]"}
COMMAND: POST /session/47ba2049a4a554e0204e69511f8743f3/element/f.44BFD905BE7E061E2C6DCB92AA908696.d.12163E7A5E64C38BCE5F433D3F9FDBF1.e.2147/click - {}
RESULT: undefined
COMMAND: POST /session/47ba2049a4a554e0204e69511f8743f3/element - {"using":"xpath","value":"//*[@id=\"__tile56\"]"}
RESULT: {"using":"xpath","value":"//*[@id=\"__tile56\"]"}
COMMAND: POST /session/47ba2049a4a554e0204e69511f8743f3/element/f.44BFD905BE7E061E2C6DCB92AA908696.d.12163E7A5E64C38BCE5F433D3F9FDBF1.e.2147/click - {}
RESULT: undefined
COMMAND: POST /session/47ba2049a4a554e0204e69511f8743f3/execute/async - {"script":"<script> [6424 bytes]","args":[{"element-6066-11e4-a52e-4f735466cecf":"f.44BFD905BE7E061E2C6DCB92AA908696.d.12163E7A5E64C38BCE5F433D3F9FDBF1.e.288"},"getTitle",[]]}
COMMAND: POST /session/47ba2049a4a554e0204e69511f8743f3/execute/async - {"script":"<script> [1562 bytes]","args":[{"selector":{"id":"shellAppTitle"},"wdio_ui5_key":"shellAppTitle"}]}
RESULT: {"script":"<script> [1562 bytes]","args":[{"selector":{"id":"shellAppTitle"},"wdio_ui5_key":"shellAppTitle"}]}
COMMAND: POST /session/47ba2049a4a554e0204e69511f8743f3/execute/async - {"script":"<script> [6424 bytes]","args":[{"element-6066-11e4-a52e-4f735466cecf":"f.44BFD905BE7E061E2C6DCB92AA908696.d.12163E7A5E64C38BCE5F433D3F9FDBF1.e.2247"},"getTitle",[]]}
RESULT: {"script":"<script> [6424 bytes]","args":[{"element-6066-11e4-a52e-4f735466cecf":"f.44BFD905BE7E061E2C6DCB92AA908696.d.12163E7A5E64C38BCE5F433D3F9FDBF1.e.2247"},"getTitle",[]]}
RESULT: undefined
COMMAND: POST /session/47ba2049a4a554e0204e69511f8743f3/element/f.44BFD905BE7E061E2C6DCB92AA908696.d.12163E7A5E64C38BCE5F433D3F9FDBF1.e.2018/click - {}
COMMAND: POST /session/47ba2049a4a554e0204e69511f8743f3/element - {"using":"xpath","value":"//*[@id=\"backBtn\"]"}
RESULT: {"using":"xpath","value":"//*[@id=\"backBtn\"]"}
COMMAND: POST /session/47ba2049a4a554e0204e69511f8743f3/element/f.44BFD905BE7E061E2C6DCB92AA908696.d.12163E7A5E64C38BCE5F433D3F9FDBF1.e.2018/click - {}
COMMAND: POST /session/47ba2049a4a554e0204e69511f8743f3/element - {"using":"xpath","value":"//*[@id=\"backBtn\"]"}
RESULT: {"using":"xpath","value":"//*[@id=\"backBtn\"]"}
COMMAND: POST /session/47ba2049a4a554e0204e69511f8743f3/element/f.44BFD905BE7E061E2C6DCB92AA908696.d.12163E7A5E64C38BCE5F433D3F9FDBF1.e.2248/click - {}
RESULT: {}
COMMAND: GET /session/47ba2049a4a554e0204e69511f8743f3/screenshot - {}
RESULT: {}
]]></system-out>
    </testcase>
    <testcase classname="chrome.135_0_7049_42.windows.Sanity_Tests_US104253" name="Should open Manage Billings page" time="39.94">
      <system-out><![CDATA[
COMMAND: POST /session/47ba2049a4a554e0204e69511f8743f3/execute/async - {"script":"<script> [1562 bytes]","args":[{"selector":{"controlType":"sap.m.GenericTile","properties":{"header":"Manage Billings"}},"wdio_ui5_key":"sapm.GenericTile{\"header\":\"Manage Billings\"}"}]}
RESULT: {"script":"<script> [1562 bytes]","args":[{"selector":{"controlType":"sap.m.GenericTile","properties":{"header":"Manage Billings"}},"wdio_ui5_key":"sapm.GenericTile{\"header\":\"Manage Billings\"}"}]}
RESULT: undefined
COMMAND: POST /session/47ba2049a4a554e0204e69511f8743f3/element - {"using":"xpath","value":"//*[@id=\"__tile51\"]"}
RESULT: {"using":"xpath","value":"//*[@id=\"__tile51\"]"}
COMMAND: POST /session/47ba2049a4a554e0204e69511f8743f3/element/f.44BFD905BE7E061E2C6DCB92AA908696.d.12163E7A5E64C38BCE5F433D3F9FDBF1.e.2250/click - {}
RESULT: {}
COMMAND: GET /session/47ba2049a4a554e0204e69511f8743f3/screenshot - {}
RESULT: {}
RESULT: undefined
COMMAND: POST /session/47ba2049a4a554e0204e69511f8743f3/element - {"using":"xpath","value":"//*[@id=\"__tile51\"]"}
RESULT: {"using":"xpath","value":"//*[@id=\"__tile51\"]"}
COMMAND: POST /session/47ba2049a4a554e0204e69511f8743f3/element/f.44BFD905BE7E061E2C6DCB92AA908696.d.12163E7A5E64C38BCE5F433D3F9FDBF1.e.2250/click - {}
RESULT: undefined
COMMAND: POST /session/47ba2049a4a554e0204e69511f8743f3/element - {"using":"xpath","value":"//*[@id=\"__tile51\"]"}
RESULT: {"using":"xpath","value":"//*[@id=\"__tile51\"]"}
COMMAND: POST /session/47ba2049a4a554e0204e69511f8743f3/element/f.44BFD905BE7E061E2C6DCB92AA908696.d.12163E7A5E64C38BCE5F433D3F9FDBF1.e.2250/click - {}
RESULT: undefined
COMMAND: POST /session/47ba2049a4a554e0204e69511f8743f3/execute/async - {"script":"<script> [6424 bytes]","args":[{"element-6066-11e4-a52e-4f735466cecf":"f.44BFD905BE7E061E2C6DCB92AA908696.d.12163E7A5E64C38BCE5F433D3F9FDBF1.e.288"},"getTitle",[]]}
COMMAND: POST /session/47ba2049a4a554e0204e69511f8743f3/execute/async - {"script":"<script> [1562 bytes]","args":[{"selector":{"id":"shellAppTitle"},"wdio_ui5_key":"shellAppTitle"}]}
RESULT: {"script":"<script> [1562 bytes]","args":[{"selector":{"id":"shellAppTitle"},"wdio_ui5_key":"shellAppTitle"}]}
COMMAND: POST /session/47ba2049a4a554e0204e69511f8743f3/execute/async - {"script":"<script> [6424 bytes]","args":[{"element-6066-11e4-a52e-4f735466cecf":"f.44BFD905BE7E061E2C6DCB92AA908696.d.12163E7A5E64C38BCE5F433D3F9FDBF1.e.2494"},"getTitle",[]]}
RESULT: {"script":"<script> [6424 bytes]","args":[{"element-6066-11e4-a52e-4f735466cecf":"f.44BFD905BE7E061E2C6DCB92AA908696.d.12163E7A5E64C38BCE5F433D3F9FDBF1.e.2494"},"getTitle",[]]}
RESULT: undefined
COMMAND: POST /session/47ba2049a4a554e0204e69511f8743f3/element/f.44BFD905BE7E061E2C6DCB92AA908696.d.12163E7A5E64C38BCE5F433D3F9FDBF1.e.2248/click - {}
COMMAND: POST /session/47ba2049a4a554e0204e69511f8743f3/element/f.44BFD905BE7E061E2C6DCB92AA908696.d.12163E7A5E64C38BCE5F433D3F9FDBF1.e.2248/click - {}
RESULT: {}
COMMAND: GET /session/47ba2049a4a554e0204e69511f8743f3/screenshot - {}
COMMAND: POST /session/47ba2049a4a554e0204e69511f8743f3/element - {"using":"xpath","value":"//*[@id=\"backBtn\"]"}
RESULT: {}
RESULT: {"using":"xpath","value":"//*[@id=\"backBtn\"]"}
COMMAND: POST /session/47ba2049a4a554e0204e69511f8743f3/elements - {"using":"xpath","value":"//*[@id=\"backBtn\"]"}
RESULT: {"using":"xpath","value":"//*[@id=\"backBtn\"]"}
COMMAND: POST /session/47ba2049a4a554e0204e69511f8743f3/elements - {"using":"xpath","value":"//*[@id=\"backBtn\"]"}
RESULT: {"using":"xpath","value":"//*[@id=\"backBtn\"]"}
COMMAND: POST /session/47ba2049a4a554e0204e69511f8743f3/elements - {"using":"xpath","value":"//*[@id=\"backBtn\"]"}
RESULT: {"using":"xpath","value":"//*[@id=\"backBtn\"]"}
COMMAND: POST /session/47ba2049a4a554e0204e69511f8743f3/elements - {"using":"xpath","value":"//*[@id=\"backBtn\"]"}
RESULT: {"using":"xpath","value":"//*[@id=\"backBtn\"]"}
COMMAND: POST /session/47ba2049a4a554e0204e69511f8743f3/elements - {"using":"xpath","value":"//*[@id=\"backBtn\"]"}
RESULT: {"using":"xpath","value":"//*[@id=\"backBtn\"]"}
COMMAND: POST /session/47ba2049a4a554e0204e69511f8743f3/elements - {"using":"xpath","value":"//*[@id=\"backBtn\"]"}
RESULT: {"using":"xpath","value":"//*[@id=\"backBtn\"]"}
COMMAND: POST /session/47ba2049a4a554e0204e69511f8743f3/elements - {"using":"xpath","value":"//*[@id=\"backBtn\"]"}
RESULT: {"using":"xpath","value":"//*[@id=\"backBtn\"]"}
COMMAND: POST /session/47ba2049a4a554e0204e69511f8743f3/elements - {"using":"xpath","value":"//*[@id=\"backBtn\"]"}
RESULT: {"using":"xpath","value":"//*[@id=\"backBtn\"]"}
COMMAND: POST /session/47ba2049a4a554e0204e69511f8743f3/elements - {"using":"xpath","value":"//*[@id=\"backBtn\"]"}
RESULT: {"using":"xpath","value":"//*[@id=\"backBtn\"]"}
COMMAND: POST /session/47ba2049a4a554e0204e69511f8743f3/elements - {"using":"xpath","value":"//*[@id=\"backBtn\"]"}
RESULT: {"using":"xpath","value":"//*[@id=\"backBtn\"]"}
COMMAND: POST /session/47ba2049a4a554e0204e69511f8743f3/elements - {"using":"xpath","value":"//*[@id=\"backBtn\"]"}
RESULT: {"using":"xpath","value":"//*[@id=\"backBtn\"]"}
COMMAND: POST /session/47ba2049a4a554e0204e69511f8743f3/elements - {"using":"xpath","value":"//*[@id=\"backBtn\"]"}
RESULT: {"using":"xpath","value":"//*[@id=\"backBtn\"]"}
COMMAND: POST /session/47ba2049a4a554e0204e69511f8743f3/elements - {"using":"xpath","value":"//*[@id=\"backBtn\"]"}
RESULT: {"using":"xpath","value":"//*[@id=\"backBtn\"]"}
COMMAND: POST /session/47ba2049a4a554e0204e69511f8743f3/elements - {"using":"xpath","value":"//*[@id=\"backBtn\"]"}
RESULT: {"using":"xpath","value":"//*[@id=\"backBtn\"]"}
COMMAND: POST /session/47ba2049a4a554e0204e69511f8743f3/elements - {"using":"xpath","value":"//*[@id=\"backBtn\"]"}
RESULT: {"using":"xpath","value":"//*[@id=\"backBtn\"]"}
COMMAND: POST /session/47ba2049a4a554e0204e69511f8743f3/elements - {"using":"xpath","value":"//*[@id=\"backBtn\"]"}
RESULT: {"using":"xpath","value":"//*[@id=\"backBtn\"]"}
]]></system-out>
    </testcase>
    <testcase classname="chrome.135_0_7049_42.windows.Sanity_Tests_US104253" name="Should open Manage Conditions Prices page" time="53.504">
      <system-out><![CDATA[
COMMAND: POST /session/47ba2049a4a554e0204e69511f8743f3/execute/async - {"script":"<script> [1562 bytes]","args":[{"selector":{"controlType":"sap.m.GenericTile","properties":{"header":"Manage Conditions & Prices"}},"wdio_ui5_key":"sapm.GenericTile{\"header\":\"Manage Conditions & Prices\"}"}]}
COMMAND: POST /session/47ba2049a4a554e0204e69511f8743f3/elements - {"using":"xpath","value":"//*[@id=\"backBtn\"]"}
RESULT: {"script":"<script> [1562 bytes]","args":[{"selector":{"controlType":"sap.m.GenericTile","properties":{"header":"Manage Conditions & Prices"}},"wdio_ui5_key":"sapm.GenericTile{\"header\":\"Manage Conditions & Prices\"}"}]}
RESULT: undefined
COMMAND: POST /session/47ba2049a4a554e0204e69511f8743f3/element - {"using":"xpath","value":"//*[@id=\"__tile53\"]"}
RESULT: {"using":"xpath","value":"//*[@id=\"backBtn\"]"}
RESULT: {"using":"xpath","value":"//*[@id=\"__tile53\"]"}
COMMAND: POST /session/47ba2049a4a554e0204e69511f8743f3/element/f.44BFD905BE7E061E2C6DCB92AA908696.d.12163E7A5E64C38BCE5F433D3F9FDBF1.e.2496/click - {}
COMMAND: POST /session/47ba2049a4a554e0204e69511f8743f3/elements - {"using":"xpath","value":"//*[@id=\"backBtn\"]"}
RESULT: {}
COMMAND: GET /session/47ba2049a4a554e0204e69511f8743f3/screenshot - {}
RESULT: {"using":"xpath","value":"//*[@id=\"backBtn\"]"}
COMMAND: POST /session/47ba2049a4a554e0204e69511f8743f3/elements - {"using":"xpath","value":"//*[@id=\"backBtn\"]"}
RESULT: {}
RESULT: {"using":"xpath","value":"//*[@id=\"backBtn\"]"}
COMMAND: POST /session/47ba2049a4a554e0204e69511f8743f3/elements - {"using":"xpath","value":"//*[@id=\"backBtn\"]"}
RESULT: {"using":"xpath","value":"//*[@id=\"backBtn\"]"}
COMMAND: POST /session/47ba2049a4a554e0204e69511f8743f3/elements - {"using":"xpath","value":"//*[@id=\"backBtn\"]"}
RESULT: {"using":"xpath","value":"//*[@id=\"backBtn\"]"}
COMMAND: POST /session/47ba2049a4a554e0204e69511f8743f3/elements - {"using":"xpath","value":"//*[@id=\"backBtn\"]"}
RESULT: undefined
COMMAND: POST /session/47ba2049a4a554e0204e69511f8743f3/element - {"using":"xpath","value":"//*[@id=\"__tile53\"]"}
RESULT: {"using":"xpath","value":"//*[@id=\"backBtn\"]"}
COMMAND: POST /session/47ba2049a4a554e0204e69511f8743f3/element - {"using":"xpath","value":"//*[@id=\"backBtn\"]"}
RESULT: {"using":"xpath","value":"//*[@id=\"__tile53\"]"}
COMMAND: POST /session/47ba2049a4a554e0204e69511f8743f3/element/f.44BFD905BE7E061E2C6DCB92AA908696.d.12163E7A5E64C38BCE5F433D3F9FDBF1.e.2496/click - {}
RESULT: {"using":"xpath","value":"//*[@id=\"backBtn\"]"}
COMMAND: POST /session/47ba2049a4a554e0204e69511f8743f3/element/f.44BFD905BE7E061E2C6DCB92AA908696.d.12163E7A5E64C38BCE5F433D3F9FDBF1.e.2248/click - {}
COMMAND: POST /session/47ba2049a4a554e0204e69511f8743f3/element - {"using":"xpath","value":"//*[@id=\"backBtn\"]"}
RESULT: {"using":"xpath","value":"//*[@id=\"backBtn\"]"}
COMMAND: POST /session/47ba2049a4a554e0204e69511f8743f3/element/f.44BFD905BE7E061E2C6DCB92AA908696.d.12163E7A5E64C38BCE5F433D3F9FDBF1.e.2500/click - {}
RESULT: {}
COMMAND: GET /session/47ba2049a4a554e0204e69511f8743f3/screenshot - {}
RESULT: {}
RESULT: undefined
COMMAND: POST /session/47ba2049a4a554e0204e69511f8743f3/element - {"using":"xpath","value":"//*[@id=\"__tile53\"]"}
COMMAND: GET /session/47ba2049a4a554e0204e69511f8743f3/screenshot - {}
RESULT: {}
RESULT: {"using":"xpath","value":"//*[@id=\"__tile53\"]"}
COMMAND: POST /session/47ba2049a4a554e0204e69511f8743f3/element/f.44BFD905BE7E061E2C6DCB92AA908696.d.12163E7A5E64C38BCE5F433D3F9FDBF1.e.2496/click - {}
RESULT: {}
RESULT: undefined
COMMAND: POST /session/47ba2049a4a554e0204e69511f8743f3/execute/async - {"script":"<script> [6424 bytes]","args":[{"element-6066-11e4-a52e-4f735466cecf":"f.44BFD905BE7E061E2C6DCB92AA908696.d.12163E7A5E64C38BCE5F433D3F9FDBF1.e.288"},"getTitle",[]]}
COMMAND: POST /session/47ba2049a4a554e0204e69511f8743f3/execute/async - {"script":"<script> [1562 bytes]","args":[{"selector":{"id":"shellAppTitle"},"wdio_ui5_key":"shellAppTitle"}]}
RESULT: {"script":"<script> [1562 bytes]","args":[{"selector":{"id":"shellAppTitle"},"wdio_ui5_key":"shellAppTitle"}]}
COMMAND: POST /session/47ba2049a4a554e0204e69511f8743f3/execute/async - {"script":"<script> [6424 bytes]","args":[{"element-6066-11e4-a52e-4f735466cecf":"f.44BFD905BE7E061E2C6DCB92AA908696.d.12163E7A5E64C38BCE5F433D3F9FDBF1.e.2712"},"getTitle",[]]}
RESULT: {"script":"<script> [6424 bytes]","args":[{"element-6066-11e4-a52e-4f735466cecf":"f.44BFD905BE7E061E2C6DCB92AA908696.d.12163E7A5E64C38BCE5F433D3F9FDBF1.e.2712"},"getTitle",[]]}
RESULT: undefined
COMMAND: POST /session/47ba2049a4a554e0204e69511f8743f3/element/f.44BFD905BE7E061E2C6DCB92AA908696.d.12163E7A5E64C38BCE5F433D3F9FDBF1.e.2500/click - {}
RESULT: {}
COMMAND: GET /session/47ba2049a4a554e0204e69511f8743f3/screenshot - {}
RESULT: {}
]]></system-out>
    </testcase>
    <testcase classname="chrome.135_0_7049_42.windows.Sanity_Tests_US104253" name="Should open Billing Transfer page" time="34.883">
      <system-out><![CDATA[
COMMAND: POST /session/47ba2049a4a554e0204e69511f8743f3/execute/async - {"script":"<script> [1562 bytes]","args":[{"selector":{"controlType":"sap.m.GenericTile","properties":{"header":"Billing Transfer"}},"wdio_ui5_key":"sapm.GenericTile{\"header\":\"Billing Transfer\"}"}]}
RESULT: {"script":"<script> [1562 bytes]","args":[{"selector":{"controlType":"sap.m.GenericTile","properties":{"header":"Billing Transfer"}},"wdio_ui5_key":"sapm.GenericTile{\"header\":\"Billing Transfer\"}"}]}
RESULT: undefined
COMMAND: POST /session/47ba2049a4a554e0204e69511f8743f3/element - {"using":"xpath","value":"//*[@id=\"__tile50\"]"}
RESULT: {"using":"xpath","value":"//*[@id=\"__tile50\"]"}
COMMAND: POST /session/47ba2049a4a554e0204e69511f8743f3/element/f.44BFD905BE7E061E2C6DCB92AA908696.d.12163E7A5E64C38BCE5F433D3F9FDBF1.e.2714/click - {}
RESULT: {}
COMMAND: GET /session/47ba2049a4a554e0204e69511f8743f3/screenshot - {}
RESULT: {}
RESULT: undefined
COMMAND: POST /session/47ba2049a4a554e0204e69511f8743f3/element - {"using":"xpath","value":"//*[@id=\"__tile50\"]"}
RESULT: {"using":"xpath","value":"//*[@id=\"__tile50\"]"}
COMMAND: POST /session/47ba2049a4a554e0204e69511f8743f3/element/f.44BFD905BE7E061E2C6DCB92AA908696.d.12163E7A5E64C38BCE5F433D3F9FDBF1.e.2714/click - {}
RESULT: undefined
COMMAND: POST /session/47ba2049a4a554e0204e69511f8743f3/element - {"using":"xpath","value":"//*[@id=\"__tile50\"]"}
RESULT: {"using":"xpath","value":"//*[@id=\"__tile50\"]"}
COMMAND: POST /session/47ba2049a4a554e0204e69511f8743f3/element/f.44BFD905BE7E061E2C6DCB92AA908696.d.12163E7A5E64C38BCE5F433D3F9FDBF1.e.2714/click - {}
RESULT: undefined
COMMAND: POST /session/47ba2049a4a554e0204e69511f8743f3/execute/async - {"script":"<script> [6424 bytes]","args":[{"element-6066-11e4-a52e-4f735466cecf":"f.44BFD905BE7E061E2C6DCB92AA908696.d.12163E7A5E64C38BCE5F433D3F9FDBF1.e.288"},"getTitle",[]]}
COMMAND: POST /session/47ba2049a4a554e0204e69511f8743f3/execute/async - {"script":"<script> [1562 bytes]","args":[{"selector":{"id":"shellAppTitle"},"wdio_ui5_key":"shellAppTitle"}]}
RESULT: {"script":"<script> [1562 bytes]","args":[{"selector":{"id":"shellAppTitle"},"wdio_ui5_key":"shellAppTitle"}]}
COMMAND: POST /session/47ba2049a4a554e0204e69511f8743f3/execute/async - {"script":"<script> [6424 bytes]","args":[{"element-6066-11e4-a52e-4f735466cecf":"f.44BFD905BE7E061E2C6DCB92AA908696.d.12163E7A5E64C38BCE5F433D3F9FDBF1.e.2852"},"getTitle",[]]}
RESULT: {"script":"<script> [6424 bytes]","args":[{"element-6066-11e4-a52e-4f735466cecf":"f.44BFD905BE7E061E2C6DCB92AA908696.d.12163E7A5E64C38BCE5F433D3F9FDBF1.e.2852"},"getTitle",[]]}
RESULT: undefined
COMMAND: POST /session/47ba2049a4a554e0204e69511f8743f3/element/f.44BFD905BE7E061E2C6DCB92AA908696.d.12163E7A5E64C38BCE5F433D3F9FDBF1.e.2500/click - {}
COMMAND: POST /session/47ba2049a4a554e0204e69511f8743f3/element - {"using":"xpath","value":"//*[@id=\"backBtn\"]"}
RESULT: {"using":"xpath","value":"//*[@id=\"backBtn\"]"}
COMMAND: POST /session/47ba2049a4a554e0204e69511f8743f3/element/f.44BFD905BE7E061E2C6DCB92AA908696.d.12163E7A5E64C38BCE5F433D3F9FDBF1.e.2500/click - {}
COMMAND: POST /session/47ba2049a4a554e0204e69511f8743f3/element - {"using":"xpath","value":"//*[@id=\"backBtn\"]"}
RESULT: {"using":"xpath","value":"//*[@id=\"backBtn\"]"}
COMMAND: POST /session/47ba2049a4a554e0204e69511f8743f3/element/f.44BFD905BE7E061E2C6DCB92AA908696.d.12163E7A5E64C38BCE5F433D3F9FDBF1.e.2853/click - {}
RESULT: {}
COMMAND: GET /session/47ba2049a4a554e0204e69511f8743f3/screenshot - {}
RESULT: {}
]]></system-out>
    </testcase>
    <testcase classname="chrome.135_0_7049_42.windows.Sanity_Tests_US104253" name="Should open Manage Pricing Rules page" time="34.767">
      <system-out><![CDATA[
COMMAND: POST /session/47ba2049a4a554e0204e69511f8743f3/execute/async - {"script":"<script> [1562 bytes]","args":[{"selector":{"controlType":"sap.m.GenericTile","properties":{"header":"Manage Pricing Rules"}},"wdio_ui5_key":"sapm.GenericTile{\"header\":\"Manage Pricing Rules\"}"}]}
RESULT: {"script":"<script> [1562 bytes]","args":[{"selector":{"controlType":"sap.m.GenericTile","properties":{"header":"Manage Pricing Rules"}},"wdio_ui5_key":"sapm.GenericTile{\"header\":\"Manage Pricing Rules\"}"}]}
RESULT: undefined
COMMAND: POST /session/47ba2049a4a554e0204e69511f8743f3/element - {"using":"xpath","value":"//*[@id=\"__tile55\"]"}
RESULT: {"using":"xpath","value":"//*[@id=\"__tile55\"]"}
COMMAND: POST /session/47ba2049a4a554e0204e69511f8743f3/element/f.44BFD905BE7E061E2C6DCB92AA908696.d.12163E7A5E64C38BCE5F433D3F9FDBF1.e.2855/click - {}
RESULT: {}
COMMAND: GET /session/47ba2049a4a554e0204e69511f8743f3/screenshot - {}
RESULT: {}
RESULT: undefined
COMMAND: POST /session/47ba2049a4a554e0204e69511f8743f3/element - {"using":"xpath","value":"//*[@id=\"__tile55\"]"}
RESULT: {"using":"xpath","value":"//*[@id=\"__tile55\"]"}
COMMAND: POST /session/47ba2049a4a554e0204e69511f8743f3/element/f.44BFD905BE7E061E2C6DCB92AA908696.d.12163E7A5E64C38BCE5F433D3F9FDBF1.e.2855/click - {}
RESULT: undefined
COMMAND: POST /session/47ba2049a4a554e0204e69511f8743f3/element - {"using":"xpath","value":"//*[@id=\"__tile55\"]"}
RESULT: {"using":"xpath","value":"//*[@id=\"__tile55\"]"}
COMMAND: POST /session/47ba2049a4a554e0204e69511f8743f3/element/f.44BFD905BE7E061E2C6DCB92AA908696.d.12163E7A5E64C38BCE5F433D3F9FDBF1.e.2855/click - {}
RESULT: undefined
COMMAND: POST /session/47ba2049a4a554e0204e69511f8743f3/execute/async - {"script":"<script> [6424 bytes]","args":[{"element-6066-11e4-a52e-4f735466cecf":"f.44BFD905BE7E061E2C6DCB92AA908696.d.12163E7A5E64C38BCE5F433D3F9FDBF1.e.288"},"getTitle",[]]}
COMMAND: POST /session/47ba2049a4a554e0204e69511f8743f3/execute/async - {"script":"<script> [1562 bytes]","args":[{"selector":{"id":"shellAppTitle"},"wdio_ui5_key":"shellAppTitle"}]}
RESULT: {"script":"<script> [1562 bytes]","args":[{"selector":{"id":"shellAppTitle"},"wdio_ui5_key":"shellAppTitle"}]}
COMMAND: POST /session/47ba2049a4a554e0204e69511f8743f3/execute/async - {"script":"<script> [6424 bytes]","args":[{"element-6066-11e4-a52e-4f735466cecf":"f.44BFD905BE7E061E2C6DCB92AA908696.d.12163E7A5E64C38BCE5F433D3F9FDBF1.e.2905"},"getTitle",[]]}
RESULT: {"script":"<script> [6424 bytes]","args":[{"element-6066-11e4-a52e-4f735466cecf":"f.44BFD905BE7E061E2C6DCB92AA908696.d.12163E7A5E64C38BCE5F433D3F9FDBF1.e.2905"},"getTitle",[]]}
RESULT: undefined
COMMAND: POST /session/47ba2049a4a554e0204e69511f8743f3/element/f.44BFD905BE7E061E2C6DCB92AA908696.d.12163E7A5E64C38BCE5F433D3F9FDBF1.e.2853/click - {}
RESULT: {}
COMMAND: GET /session/47ba2049a4a554e0204e69511f8743f3/screenshot - {}
RESULT: {}
]]></system-out>
    </testcase>
    <testcase classname="chrome.135_0_7049_42.windows.Sanity_Tests_US104253" name="Should open Manage Price Determination Matrices page" time="35.061">
      <system-out><![CDATA[
COMMAND: POST /session/47ba2049a4a554e0204e69511f8743f3/execute/async - {"script":"<script> [1562 bytes]","args":[{"selector":{"controlType":"sap.m.GenericTile","properties":{"header":"Manage Price Determination Matrices"}},"wdio_ui5_key":"sapm.GenericTile{\"header\":\"Manage Price Determination Matrices\"}"}]}
RESULT: {"script":"<script> [1562 bytes]","args":[{"selector":{"controlType":"sap.m.GenericTile","properties":{"header":"Manage Price Determination Matrices"}},"wdio_ui5_key":"sapm.GenericTile{\"header\":\"Manage Price Determination Matrices\"}"}]}
RESULT: undefined
COMMAND: POST /session/47ba2049a4a554e0204e69511f8743f3/element - {"using":"xpath","value":"//*[@id=\"__tile54\"]"}
RESULT: {"using":"xpath","value":"//*[@id=\"__tile54\"]"}
COMMAND: POST /session/47ba2049a4a554e0204e69511f8743f3/element/f.44BFD905BE7E061E2C6DCB92AA908696.d.12163E7A5E64C38BCE5F433D3F9FDBF1.e.2907/click - {}
RESULT: {}
COMMAND: GET /session/47ba2049a4a554e0204e69511f8743f3/screenshot - {}
RESULT: {}
RESULT: undefined
COMMAND: POST /session/47ba2049a4a554e0204e69511f8743f3/element - {"using":"xpath","value":"//*[@id=\"__tile54\"]"}
RESULT: {"using":"xpath","value":"//*[@id=\"__tile54\"]"}
COMMAND: POST /session/47ba2049a4a554e0204e69511f8743f3/element/f.44BFD905BE7E061E2C6DCB92AA908696.d.12163E7A5E64C38BCE5F433D3F9FDBF1.e.2907/click - {}
RESULT: undefined
COMMAND: POST /session/47ba2049a4a554e0204e69511f8743f3/element - {"using":"xpath","value":"//*[@id=\"__tile54\"]"}
RESULT: {"using":"xpath","value":"//*[@id=\"__tile54\"]"}
COMMAND: POST /session/47ba2049a4a554e0204e69511f8743f3/element/f.44BFD905BE7E061E2C6DCB92AA908696.d.12163E7A5E64C38BCE5F433D3F9FDBF1.e.2907/click - {}
RESULT: undefined
COMMAND: POST /session/47ba2049a4a554e0204e69511f8743f3/execute/async - {"script":"<script> [6424 bytes]","args":[{"element-6066-11e4-a52e-4f735466cecf":"f.44BFD905BE7E061E2C6DCB92AA908696.d.12163E7A5E64C38BCE5F433D3F9FDBF1.e.288"},"getTitle",[]]}
COMMAND: POST /session/47ba2049a4a554e0204e69511f8743f3/execute/async - {"script":"<script> [1562 bytes]","args":[{"selector":{"id":"shellAppTitle"},"wdio_ui5_key":"shellAppTitle"}]}
RESULT: {"script":"<script> [1562 bytes]","args":[{"selector":{"id":"shellAppTitle"},"wdio_ui5_key":"shellAppTitle"}]}
COMMAND: POST /session/47ba2049a4a554e0204e69511f8743f3/execute/async - {"script":"<script> [6424 bytes]","args":[{"element-6066-11e4-a52e-4f735466cecf":"f.44BFD905BE7E061E2C6DCB92AA908696.d.12163E7A5E64C38BCE5F433D3F9FDBF1.e.2987"},"getTitle",[]]}
RESULT: {"script":"<script> [6424 bytes]","args":[{"element-6066-11e4-a52e-4f735466cecf":"f.44BFD905BE7E061E2C6DCB92AA908696.d.12163E7A5E64C38BCE5F433D3F9FDBF1.e.2987"},"getTitle",[]]}
RESULT: undefined
COMMAND: POST /session/47ba2049a4a554e0204e69511f8743f3/element/f.44BFD905BE7E061E2C6DCB92AA908696.d.12163E7A5E64C38BCE5F433D3F9FDBF1.e.2853/click - {}
COMMAND: POST /session/47ba2049a4a554e0204e69511f8743f3/element - {"using":"xpath","value":"//*[@id=\"backBtn\"]"}
RESULT: {"using":"xpath","value":"//*[@id=\"backBtn\"]"}
COMMAND: POST /session/47ba2049a4a554e0204e69511f8743f3/element/f.44BFD905BE7E061E2C6DCB92AA908696.d.12163E7A5E64C38BCE5F433D3F9FDBF1.e.2853/click - {}
COMMAND: POST /session/47ba2049a4a554e0204e69511f8743f3/element - {"using":"xpath","value":"//*[@id=\"backBtn\"]"}
RESULT: {"using":"xpath","value":"//*[@id=\"backBtn\"]"}
COMMAND: POST /session/47ba2049a4a554e0204e69511f8743f3/element/f.44BFD905BE7E061E2C6DCB92AA908696.d.12163E7A5E64C38BCE5F433D3F9FDBF1.e.2988/click - {}
RESULT: {}
COMMAND: GET /session/47ba2049a4a554e0204e69511f8743f3/screenshot - {}
RESULT: {}
]]></system-out>
    </testcase>
    <testcase classname="chrome.135_0_7049_42.windows.Sanity_Tests_US104253" name="Should open Yard Overview page" time="36.471">
      <system-out><![CDATA[
COMMAND: POST /session/47ba2049a4a554e0204e69511f8743f3/execute/async - {"script":"<script> [1562 bytes]","args":[{"selector":{"controlType":"sap.m.GenericTile","properties":{"header":"Yard Overview"}},"wdio_ui5_key":"sapm.GenericTile{\"header\":\"Yard Overview\"}"}]}
RESULT: {"script":"<script> [1562 bytes]","args":[{"selector":{"controlType":"sap.m.GenericTile","properties":{"header":"Yard Overview"}},"wdio_ui5_key":"sapm.GenericTile{\"header\":\"Yard Overview\"}"}]}
RESULT: undefined
COMMAND: POST /session/47ba2049a4a554e0204e69511f8743f3/element - {"using":"xpath","value":"//*[@id=\"__tile102\"]"}
RESULT: {"using":"xpath","value":"//*[@id=\"__tile102\"]"}
COMMAND: POST /session/47ba2049a4a554e0204e69511f8743f3/element/f.44BFD905BE7E061E2C6DCB92AA908696.d.12163E7A5E64C38BCE5F433D3F9FDBF1.e.2990/click - {}
RESULT: {}
COMMAND: GET /session/47ba2049a4a554e0204e69511f8743f3/screenshot - {}
RESULT: {}
RESULT: undefined
COMMAND: POST /session/47ba2049a4a554e0204e69511f8743f3/element - {"using":"xpath","value":"//*[@id=\"__tile102\"]"}
RESULT: {"using":"xpath","value":"//*[@id=\"__tile102\"]"}
COMMAND: POST /session/47ba2049a4a554e0204e69511f8743f3/element/f.44BFD905BE7E061E2C6DCB92AA908696.d.12163E7A5E64C38BCE5F433D3F9FDBF1.e.2990/click - {}
RESULT: undefined
COMMAND: POST /session/47ba2049a4a554e0204e69511f8743f3/element - {"using":"xpath","value":"//*[@id=\"__tile102\"]"}
RESULT: {"using":"xpath","value":"//*[@id=\"__tile102\"]"}
COMMAND: POST /session/47ba2049a4a554e0204e69511f8743f3/element/f.44BFD905BE7E061E2C6DCB92AA908696.d.12163E7A5E64C38BCE5F433D3F9FDBF1.e.2990/click - {}
RESULT: undefined
COMMAND: POST /session/47ba2049a4a554e0204e69511f8743f3/execute/async - {"script":"<script> [6424 bytes]","args":[{"element-6066-11e4-a52e-4f735466cecf":"f.44BFD905BE7E061E2C6DCB92AA908696.d.12163E7A5E64C38BCE5F433D3F9FDBF1.e.288"},"getTitle",[]]}
COMMAND: POST /session/47ba2049a4a554e0204e69511f8743f3/execute/async - {"script":"<script> [1562 bytes]","args":[{"selector":{"id":"shellAppTitle"},"wdio_ui5_key":"shellAppTitle"}]}
RESULT: {"script":"<script> [1562 bytes]","args":[{"selector":{"id":"shellAppTitle"},"wdio_ui5_key":"shellAppTitle"}]}
COMMAND: POST /session/47ba2049a4a554e0204e69511f8743f3/execute/async - {"script":"<script> [6424 bytes]","args":[{"element-6066-11e4-a52e-4f735466cecf":"f.44BFD905BE7E061E2C6DCB92AA908696.d.12163E7A5E64C38BCE5F433D3F9FDBF1.e.3049"},"getTitle",[]]}
RESULT: {"script":"<script> [6424 bytes]","args":[{"element-6066-11e4-a52e-4f735466cecf":"f.44BFD905BE7E061E2C6DCB92AA908696.d.12163E7A5E64C38BCE5F433D3F9FDBF1.e.3049"},"getTitle",[]]}
RESULT: undefined
COMMAND: POST /session/47ba2049a4a554e0204e69511f8743f3/element/f.44BFD905BE7E061E2C6DCB92AA908696.d.12163E7A5E64C38BCE5F433D3F9FDBF1.e.2988/click - {}
RESULT: {}
COMMAND: GET /session/47ba2049a4a554e0204e69511f8743f3/screenshot - {}
RESULT: {}
]]></system-out>
    </testcase>
    <testcase classname="chrome.135_0_7049_42.windows.Sanity_Tests_US104253" name="Should open Site Overview page" time="34.322">
      <system-out><![CDATA[
COMMAND: POST /session/47ba2049a4a554e0204e69511f8743f3/execute/async - {"script":"<script> [1562 bytes]","args":[{"selector":{"controlType":"sap.m.GenericTile","properties":{"header":"Site Overview"}},"wdio_ui5_key":"sapm.GenericTile{\"header\":\"Site Overview\"}"}]}
RESULT: {"script":"<script> [1562 bytes]","args":[{"selector":{"controlType":"sap.m.GenericTile","properties":{"header":"Site Overview"}},"wdio_ui5_key":"sapm.GenericTile{\"header\":\"Site Overview\"}"}]}
RESULT: undefined
COMMAND: POST /session/47ba2049a4a554e0204e69511f8743f3/element - {"using":"xpath","value":"//*[@id=\"__tile100\"]"}
RESULT: {"using":"xpath","value":"//*[@id=\"__tile100\"]"}
COMMAND: POST /session/47ba2049a4a554e0204e69511f8743f3/element/f.44BFD905BE7E061E2C6DCB92AA908696.d.12163E7A5E64C38BCE5F433D3F9FDBF1.e.3052/click - {}
RESULT: {}
COMMAND: GET /session/47ba2049a4a554e0204e69511f8743f3/screenshot - {}
RESULT: {}
RESULT: undefined
COMMAND: POST /session/47ba2049a4a554e0204e69511f8743f3/element - {"using":"xpath","value":"//*[@id=\"__tile100\"]"}
RESULT: {"using":"xpath","value":"//*[@id=\"__tile100\"]"}
COMMAND: POST /session/47ba2049a4a554e0204e69511f8743f3/element/f.44BFD905BE7E061E2C6DCB92AA908696.d.12163E7A5E64C38BCE5F433D3F9FDBF1.e.3052/click - {}
RESULT: undefined
COMMAND: POST /session/47ba2049a4a554e0204e69511f8743f3/element - {"using":"xpath","value":"//*[@id=\"__tile100\"]"}
RESULT: {"using":"xpath","value":"//*[@id=\"__tile100\"]"}
COMMAND: POST /session/47ba2049a4a554e0204e69511f8743f3/element/f.44BFD905BE7E061E2C6DCB92AA908696.d.12163E7A5E64C38BCE5F433D3F9FDBF1.e.3052/click - {}
RESULT: undefined
COMMAND: POST /session/47ba2049a4a554e0204e69511f8743f3/execute/async - {"script":"<script> [6424 bytes]","args":[{"element-6066-11e4-a52e-4f735466cecf":"f.44BFD905BE7E061E2C6DCB92AA908696.d.12163E7A5E64C38BCE5F433D3F9FDBF1.e.288"},"getTitle",[]]}
COMMAND: POST /session/47ba2049a4a554e0204e69511f8743f3/execute/async - {"script":"<script> [1562 bytes]","args":[{"selector":{"id":"shellAppTitle"},"wdio_ui5_key":"shellAppTitle"}]}
RESULT: {"script":"<script> [1562 bytes]","args":[{"selector":{"id":"shellAppTitle"},"wdio_ui5_key":"shellAppTitle"}]}
COMMAND: POST /session/47ba2049a4a554e0204e69511f8743f3/execute/async - {"script":"<script> [6424 bytes]","args":[{"element-6066-11e4-a52e-4f735466cecf":"f.44BFD905BE7E061E2C6DCB92AA908696.d.12163E7A5E64C38BCE5F433D3F9FDBF1.e.3164"},"getTitle",[]]}
RESULT: {"script":"<script> [6424 bytes]","args":[{"element-6066-11e4-a52e-4f735466cecf":"f.44BFD905BE7E061E2C6DCB92AA908696.d.12163E7A5E64C38BCE5F433D3F9FDBF1.e.3164"},"getTitle",[]]}
RESULT: undefined
COMMAND: POST /session/47ba2049a4a554e0204e69511f8743f3/element/f.44BFD905BE7E061E2C6DCB92AA908696.d.12163E7A5E64C38BCE5F433D3F9FDBF1.e.2988/click - {}
COMMAND: POST /session/47ba2049a4a554e0204e69511f8743f3/element - {"using":"xpath","value":"//*[@id=\"backBtn\"]"}
RESULT: {"using":"xpath","value":"//*[@id=\"backBtn\"]"}
COMMAND: POST /session/47ba2049a4a554e0204e69511f8743f3/element/f.44BFD905BE7E061E2C6DCB92AA908696.d.12163E7A5E64C38BCE5F433D3F9FDBF1.e.2988/click - {}
COMMAND: POST /session/47ba2049a4a554e0204e69511f8743f3/element - {"using":"xpath","value":"//*[@id=\"backBtn\"]"}
RESULT: {"using":"xpath","value":"//*[@id=\"backBtn\"]"}
COMMAND: POST /session/47ba2049a4a554e0204e69511f8743f3/element/f.44BFD905BE7E061E2C6DCB92AA908696.d.12163E7A5E64C38BCE5F433D3F9FDBF1.e.3165/click - {}
RESULT: {}
COMMAND: GET /session/47ba2049a4a554e0204e69511f8743f3/screenshot - {}
RESULT: {}
]]></system-out>
    </testcase>
    <testcase classname="chrome.135_0_7049_42.windows.Sanity_Tests_US104253" name="Should open Trace Track Resources page" time="37.156">
      <system-out><![CDATA[
COMMAND: POST /session/47ba2049a4a554e0204e69511f8743f3/execute/async - {"script":"<script> [1562 bytes]","args":[{"selector":{"controlType":"sap.m.GenericTile","properties":{"header":"Trace & Track Resources"}},"wdio_ui5_key":"sapm.GenericTile{\"header\":\"Trace & Track Resources\"}"}]}
RESULT: {"script":"<script> [1562 bytes]","args":[{"selector":{"controlType":"sap.m.GenericTile","properties":{"header":"Trace & Track Resources"}},"wdio_ui5_key":"sapm.GenericTile{\"header\":\"Trace & Track Resources\"}"}]}
RESULT: undefined
COMMAND: POST /session/47ba2049a4a554e0204e69511f8743f3/element - {"using":"xpath","value":"//*[@id=\"__tile101\"]"}
RESULT: {"using":"xpath","value":"//*[@id=\"__tile101\"]"}
COMMAND: POST /session/47ba2049a4a554e0204e69511f8743f3/element/f.44BFD905BE7E061E2C6DCB92AA908696.d.12163E7A5E64C38BCE5F433D3F9FDBF1.e.3167/click - {}
RESULT: {}
COMMAND: GET /session/47ba2049a4a554e0204e69511f8743f3/screenshot - {}
RESULT: {}
RESULT: undefined
COMMAND: POST /session/47ba2049a4a554e0204e69511f8743f3/element - {"using":"xpath","value":"//*[@id=\"__tile101\"]"}
RESULT: {"using":"xpath","value":"//*[@id=\"__tile101\"]"}
COMMAND: POST /session/47ba2049a4a554e0204e69511f8743f3/element/f.44BFD905BE7E061E2C6DCB92AA908696.d.12163E7A5E64C38BCE5F433D3F9FDBF1.e.3167/click - {}
RESULT: undefined
COMMAND: POST /session/47ba2049a4a554e0204e69511f8743f3/element - {"using":"xpath","value":"//*[@id=\"__tile101\"]"}
RESULT: {"using":"xpath","value":"//*[@id=\"__tile101\"]"}
COMMAND: POST /session/47ba2049a4a554e0204e69511f8743f3/element/f.44BFD905BE7E061E2C6DCB92AA908696.d.12163E7A5E64C38BCE5F433D3F9FDBF1.e.3167/click - {}
RESULT: undefined
COMMAND: POST /session/47ba2049a4a554e0204e69511f8743f3/execute/async - {"script":"<script> [6424 bytes]","args":[{"element-6066-11e4-a52e-4f735466cecf":"f.44BFD905BE7E061E2C6DCB92AA908696.d.12163E7A5E64C38BCE5F433D3F9FDBF1.e.288"},"getTitle",[]]}
COMMAND: POST /session/47ba2049a4a554e0204e69511f8743f3/execute/async - {"script":"<script> [1562 bytes]","args":[{"selector":{"id":"shellAppTitle"},"wdio_ui5_key":"shellAppTitle"}]}
RESULT: {"script":"<script> [1562 bytes]","args":[{"selector":{"id":"shellAppTitle"},"wdio_ui5_key":"shellAppTitle"}]}
COMMAND: POST /session/47ba2049a4a554e0204e69511f8743f3/execute/async - {"script":"<script> [6424 bytes]","args":[{"element-6066-11e4-a52e-4f735466cecf":"f.44BFD905BE7E061E2C6DCB92AA908696.d.12163E7A5E64C38BCE5F433D3F9FDBF1.e.3201"},"getTitle",[]]}
RESULT: {"script":"<script> [6424 bytes]","args":[{"element-6066-11e4-a52e-4f735466cecf":"f.44BFD905BE7E061E2C6DCB92AA908696.d.12163E7A5E64C38BCE5F433D3F9FDBF1.e.3201"},"getTitle",[]]}
RESULT: undefined
COMMAND: POST /session/47ba2049a4a554e0204e69511f8743f3/element/f.44BFD905BE7E061E2C6DCB92AA908696.d.12163E7A5E64C38BCE5F433D3F9FDBF1.e.3165/click - {}
RESULT: {}
COMMAND: GET /session/47ba2049a4a554e0204e69511f8743f3/screenshot - {}
RESULT: {}
]]></system-out>
    </testcase>
    <testcase classname="chrome.135_0_7049_42.windows.Sanity_Tests_US104253" name="Should open RU Inventory List page" time="35.158">
      <system-out><![CDATA[
COMMAND: POST /session/47ba2049a4a554e0204e69511f8743f3/execute/async - {"script":"<script> [1562 bytes]","args":[{"selector":{"controlType":"sap.m.GenericTile","properties":{"header":"RU Inventory List"}},"wdio_ui5_key":"sapm.GenericTile{\"header\":\"RU Inventory List\"}"}]}
RESULT: {"script":"<script> [1562 bytes]","args":[{"selector":{"controlType":"sap.m.GenericTile","properties":{"header":"RU Inventory List"}},"wdio_ui5_key":"sapm.GenericTile{\"header\":\"RU Inventory List\"}"}]}
RESULT: undefined
COMMAND: POST /session/47ba2049a4a554e0204e69511f8743f3/element - {"using":"xpath","value":"//*[@id=\"__tile99\"]"}
RESULT: {"using":"xpath","value":"//*[@id=\"__tile99\"]"}
COMMAND: POST /session/47ba2049a4a554e0204e69511f8743f3/element/f.44BFD905BE7E061E2C6DCB92AA908696.d.12163E7A5E64C38BCE5F433D3F9FDBF1.e.3203/click - {}
RESULT: {}
COMMAND: GET /session/47ba2049a4a554e0204e69511f8743f3/screenshot - {}
RESULT: {}
RESULT: undefined
COMMAND: POST /session/47ba2049a4a554e0204e69511f8743f3/element - {"using":"xpath","value":"//*[@id=\"__tile99\"]"}
RESULT: {"using":"xpath","value":"//*[@id=\"__tile99\"]"}
COMMAND: POST /session/47ba2049a4a554e0204e69511f8743f3/element/f.44BFD905BE7E061E2C6DCB92AA908696.d.12163E7A5E64C38BCE5F433D3F9FDBF1.e.3203/click - {}
RESULT: undefined
COMMAND: POST /session/47ba2049a4a554e0204e69511f8743f3/element - {"using":"xpath","value":"//*[@id=\"__tile99\"]"}
RESULT: {"using":"xpath","value":"//*[@id=\"__tile99\"]"}
COMMAND: POST /session/47ba2049a4a554e0204e69511f8743f3/element/f.44BFD905BE7E061E2C6DCB92AA908696.d.12163E7A5E64C38BCE5F433D3F9FDBF1.e.3203/click - {}
RESULT: undefined
COMMAND: POST /session/47ba2049a4a554e0204e69511f8743f3/execute/async - {"script":"<script> [6424 bytes]","args":[{"element-6066-11e4-a52e-4f735466cecf":"f.44BFD905BE7E061E2C6DCB92AA908696.d.12163E7A5E64C38BCE5F433D3F9FDBF1.e.288"},"getTitle",[]]}
COMMAND: POST /session/47ba2049a4a554e0204e69511f8743f3/execute/async - {"script":"<script> [1562 bytes]","args":[{"selector":{"id":"shellAppTitle"},"wdio_ui5_key":"shellAppTitle"}]}
RESULT: {"script":"<script> [1562 bytes]","args":[{"selector":{"id":"shellAppTitle"},"wdio_ui5_key":"shellAppTitle"}]}
COMMAND: POST /session/47ba2049a4a554e0204e69511f8743f3/execute/async - {"script":"<script> [6424 bytes]","args":[{"element-6066-11e4-a52e-4f735466cecf":"f.44BFD905BE7E061E2C6DCB92AA908696.d.12163E7A5E64C38BCE5F433D3F9FDBF1.e.3398"},"getTitle",[]]}
RESULT: {"script":"<script> [6424 bytes]","args":[{"element-6066-11e4-a52e-4f735466cecf":"f.44BFD905BE7E061E2C6DCB92AA908696.d.12163E7A5E64C38BCE5F433D3F9FDBF1.e.3398"},"getTitle",[]]}
RESULT: undefined
COMMAND: POST /session/47ba2049a4a554e0204e69511f8743f3/element/f.44BFD905BE7E061E2C6DCB92AA908696.d.12163E7A5E64C38BCE5F433D3F9FDBF1.e.3165/click - {}
COMMAND: POST /session/47ba2049a4a554e0204e69511f8743f3/element - {"using":"xpath","value":"//*[@id=\"backBtn\"]"}
RESULT: {"using":"xpath","value":"//*[@id=\"backBtn\"]"}
COMMAND: POST /session/47ba2049a4a554e0204e69511f8743f3/element/f.44BFD905BE7E061E2C6DCB92AA908696.d.12163E7A5E64C38BCE5F433D3F9FDBF1.e.3165/click - {}
COMMAND: POST /session/47ba2049a4a554e0204e69511f8743f3/element - {"using":"xpath","value":"//*[@id=\"backBtn\"]"}
RESULT: {"using":"xpath","value":"//*[@id=\"backBtn\"]"}
COMMAND: POST /session/47ba2049a4a554e0204e69511f8743f3/element/f.44BFD905BE7E061E2C6DCB92AA908696.d.12163E7A5E64C38BCE5F433D3F9FDBF1.e.3399/click - {}
RESULT: {}
COMMAND: GET /session/47ba2049a4a554e0204e69511f8743f3/screenshot - {}
RESULT: {}
]]></system-out>
    </testcase>
    <testcase classname="chrome.135_0_7049_42.windows.Sanity_Tests_US104253" name="Should open Contracts Dashboard page" time="58.372">
      <system-out><![CDATA[
COMMAND: POST /session/47ba2049a4a554e0204e69511f8743f3/execute/async - {"script":"<script> [1562 bytes]","args":[{"selector":{"controlType":"sap.m.GenericTile","properties":{"header":"Contracts Dashboard"}},"wdio_ui5_key":"sapm.GenericTile{\"header\":\"Contracts Dashboard\"}"}]}
RESULT: {"script":"<script> [1562 bytes]","args":[{"selector":{"controlType":"sap.m.GenericTile","properties":{"header":"Contracts Dashboard"}},"wdio_ui5_key":"sapm.GenericTile{\"header\":\"Contracts Dashboard\"}"}]}
RESULT: undefined
COMMAND: POST /session/47ba2049a4a554e0204e69511f8743f3/element - {"using":"xpath","value":"//*[@id=\"__tile97\"]"}
RESULT: {"using":"xpath","value":"//*[@id=\"__tile97\"]"}
COMMAND: POST /session/47ba2049a4a554e0204e69511f8743f3/element/f.44BFD905BE7E061E2C6DCB92AA908696.d.12163E7A5E64C38BCE5F433D3F9FDBF1.e.3401/click - {}
RESULT: {}
COMMAND: GET /session/47ba2049a4a554e0204e69511f8743f3/screenshot - {}
RESULT: {}
RESULT: undefined
COMMAND: POST /session/47ba2049a4a554e0204e69511f8743f3/element - {"using":"xpath","value":"//*[@id=\"__tile97\"]"}
RESULT: {"using":"xpath","value":"//*[@id=\"__tile97\"]"}
COMMAND: POST /session/47ba2049a4a554e0204e69511f8743f3/element/f.44BFD905BE7E061E2C6DCB92AA908696.d.12163E7A5E64C38BCE5F433D3F9FDBF1.e.3401/click - {}
RESULT: undefined
COMMAND: POST /session/47ba2049a4a554e0204e69511f8743f3/element - {"using":"xpath","value":"//*[@id=\"__tile97\"]"}
RESULT: {"using":"xpath","value":"//*[@id=\"__tile97\"]"}
COMMAND: POST /session/47ba2049a4a554e0204e69511f8743f3/element/f.44BFD905BE7E061E2C6DCB92AA908696.d.12163E7A5E64C38BCE5F433D3F9FDBF1.e.3401/click - {}
RESULT: undefined
COMMAND: POST /session/47ba2049a4a554e0204e69511f8743f3/execute/async - {"script":"<script> [6424 bytes]","args":[{"element-6066-11e4-a52e-4f735466cecf":"f.44BFD905BE7E061E2C6DCB92AA908696.d.12163E7A5E64C38BCE5F433D3F9FDBF1.e.288"},"getTitle",[]]}
COMMAND: POST /session/47ba2049a4a554e0204e69511f8743f3/execute/async - {"script":"<script> [1562 bytes]","args":[{"selector":{"id":"shellAppTitle"},"wdio_ui5_key":"shellAppTitle"}]}
RESULT: {"script":"<script> [1562 bytes]","args":[{"selector":{"id":"shellAppTitle"},"wdio_ui5_key":"shellAppTitle"}]}
COMMAND: POST /session/47ba2049a4a554e0204e69511f8743f3/execute/async - {"script":"<script> [6424 bytes]","args":[{"element-6066-11e4-a52e-4f735466cecf":"f.44BFD905BE7E061E2C6DCB92AA908696.d.12163E7A5E64C38BCE5F433D3F9FDBF1.e.3426"},"getTitle",[]]}
RESULT: {"script":"<script> [6424 bytes]","args":[{"element-6066-11e4-a52e-4f735466cecf":"f.44BFD905BE7E061E2C6DCB92AA908696.d.12163E7A5E64C38BCE5F433D3F9FDBF1.e.3426"},"getTitle",[]]}
RESULT: undefined
COMMAND: POST /session/47ba2049a4a554e0204e69511f8743f3/element/f.44BFD905BE7E061E2C6DCB92AA908696.d.12163E7A5E64C38BCE5F433D3F9FDBF1.e.3399/click - {}
RESULT: {}
COMMAND: GET /session/47ba2049a4a554e0204e69511f8743f3/screenshot - {}
RESULT: {}
]]></system-out>
    </testcase>
    <testcase classname="chrome.135_0_7049_42.windows.Sanity_Tests_US104253" name="Should open Bin Status Report page" time="40.118">
      <system-out><![CDATA[
COMMAND: POST /session/47ba2049a4a554e0204e69511f8743f3/execute/async - {"script":"<script> [1562 bytes]","args":[{"selector":{"controlType":"sap.m.GenericTile","properties":{"header":"Bin Status Report"}},"wdio_ui5_key":"sapm.GenericTile{\"header\":\"Bin Status Report\"}"}]}
RESULT: {"script":"<script> [1562 bytes]","args":[{"selector":{"controlType":"sap.m.GenericTile","properties":{"header":"Bin Status Report"}},"wdio_ui5_key":"sapm.GenericTile{\"header\":\"Bin Status Report\"}"}]}
RESULT: undefined
COMMAND: POST /session/47ba2049a4a554e0204e69511f8743f3/element - {"using":"xpath","value":"//*[@id=\"__tile104\"]"}
RESULT: {"using":"xpath","value":"//*[@id=\"__tile104\"]"}
COMMAND: POST /session/47ba2049a4a554e0204e69511f8743f3/element/f.44BFD905BE7E061E2C6DCB92AA908696.d.12163E7A5E64C38BCE5F433D3F9FDBF1.e.3428/click - {}
RESULT: {}
COMMAND: GET /session/47ba2049a4a554e0204e69511f8743f3/screenshot - {}
RESULT: {}
RESULT: undefined
COMMAND: POST /session/47ba2049a4a554e0204e69511f8743f3/element - {"using":"xpath","value":"//*[@id=\"__tile104\"]"}
RESULT: {"using":"xpath","value":"//*[@id=\"__tile104\"]"}
COMMAND: POST /session/47ba2049a4a554e0204e69511f8743f3/element/f.44BFD905BE7E061E2C6DCB92AA908696.d.12163E7A5E64C38BCE5F433D3F9FDBF1.e.3428/click - {}
RESULT: undefined
COMMAND: POST /session/47ba2049a4a554e0204e69511f8743f3/element - {"using":"xpath","value":"//*[@id=\"__tile104\"]"}
RESULT: {"using":"xpath","value":"//*[@id=\"__tile104\"]"}
COMMAND: POST /session/47ba2049a4a554e0204e69511f8743f3/element/f.44BFD905BE7E061E2C6DCB92AA908696.d.12163E7A5E64C38BCE5F433D3F9FDBF1.e.3428/click - {}
RESULT: undefined
COMMAND: POST /session/47ba2049a4a554e0204e69511f8743f3/execute/async - {"script":"<script> [6424 bytes]","args":[{"element-6066-11e4-a52e-4f735466cecf":"f.44BFD905BE7E061E2C6DCB92AA908696.d.12163E7A5E64C38BCE5F433D3F9FDBF1.e.288"},"getTitle",[]]}
COMMAND: POST /session/47ba2049a4a554e0204e69511f8743f3/execute/async - {"script":"<script> [1562 bytes]","args":[{"selector":{"id":"shellAppTitle"},"wdio_ui5_key":"shellAppTitle"}]}
RESULT: {"script":"<script> [1562 bytes]","args":[{"selector":{"id":"shellAppTitle"},"wdio_ui5_key":"shellAppTitle"}]}
COMMAND: POST /session/47ba2049a4a554e0204e69511f8743f3/execute/async - {"script":"<script> [6424 bytes]","args":[{"element-6066-11e4-a52e-4f735466cecf":"f.44BFD905BE7E061E2C6DCB92AA908696.d.12163E7A5E64C38BCE5F433D3F9FDBF1.e.3528"},"getTitle",[]]}
RESULT: {"script":"<script> [6424 bytes]","args":[{"element-6066-11e4-a52e-4f735466cecf":"f.44BFD905BE7E061E2C6DCB92AA908696.d.12163E7A5E64C38BCE5F433D3F9FDBF1.e.3528"},"getTitle",[]]}
RESULT: undefined
COMMAND: POST /session/47ba2049a4a554e0204e69511f8743f3/element/f.44BFD905BE7E061E2C6DCB92AA908696.d.12163E7A5E64C38BCE5F433D3F9FDBF1.e.3399/click - {}
COMMAND: POST /session/47ba2049a4a554e0204e69511f8743f3/element - {"using":"xpath","value":"//*[@id=\"backBtn\"]"}
RESULT: {"using":"xpath","value":"//*[@id=\"backBtn\"]"}
COMMAND: POST /session/47ba2049a4a554e0204e69511f8743f3/element/f.44BFD905BE7E061E2C6DCB92AA908696.d.12163E7A5E64C38BCE5F433D3F9FDBF1.e.3399/click - {}
COMMAND: POST /session/47ba2049a4a554e0204e69511f8743f3/element - {"using":"xpath","value":"//*[@id=\"backBtn\"]"}
RESULT: {"using":"xpath","value":"//*[@id=\"backBtn\"]"}
COMMAND: POST /session/47ba2049a4a554e0204e69511f8743f3/element/f.44BFD905BE7E061E2C6DCB92AA908696.d.12163E7A5E64C38BCE5F433D3F9FDBF1.e.3529/click - {}
RESULT: {}
COMMAND: GET /session/47ba2049a4a554e0204e69511f8743f3/screenshot - {}
RESULT: {}
]]></system-out>
    </testcase>
    <testcase classname="chrome.135_0_7049_42.windows.Sanity_Tests_US104253" name="Should open Manage Warehouse Movements page" time="35.773">
      <system-out><![CDATA[
COMMAND: POST /session/47ba2049a4a554e0204e69511f8743f3/execute/async - {"script":"<script> [1562 bytes]","args":[{"selector":{"controlType":"sap.m.GenericTile","properties":{"header":"Manage Warehouse Movements"}},"wdio_ui5_key":"sapm.GenericTile{\"header\":\"Manage Warehouse Movements\"}"}]}
RESULT: {"script":"<script> [1562 bytes]","args":[{"selector":{"controlType":"sap.m.GenericTile","properties":{"header":"Manage Warehouse Movements"}},"wdio_ui5_key":"sapm.GenericTile{\"header\":\"Manage Warehouse Movements\"}"}]}
RESULT: undefined
COMMAND: POST /session/47ba2049a4a554e0204e69511f8743f3/element - {"using":"xpath","value":"//*[@id=\"__tile105\"]"}
RESULT: {"using":"xpath","value":"//*[@id=\"__tile105\"]"}
COMMAND: POST /session/47ba2049a4a554e0204e69511f8743f3/element/f.44BFD905BE7E061E2C6DCB92AA908696.d.12163E7A5E64C38BCE5F433D3F9FDBF1.e.3533/click - {}
RESULT: {}
COMMAND: GET /session/47ba2049a4a554e0204e69511f8743f3/screenshot - {}
RESULT: {}
RESULT: undefined
COMMAND: POST /session/47ba2049a4a554e0204e69511f8743f3/element - {"using":"xpath","value":"//*[@id=\"__tile105\"]"}
RESULT: {"using":"xpath","value":"//*[@id=\"__tile105\"]"}
COMMAND: POST /session/47ba2049a4a554e0204e69511f8743f3/element/f.44BFD905BE7E061E2C6DCB92AA908696.d.12163E7A5E64C38BCE5F433D3F9FDBF1.e.3533/click - {}
RESULT: undefined
COMMAND: POST /session/47ba2049a4a554e0204e69511f8743f3/element - {"using":"xpath","value":"//*[@id=\"__tile105\"]"}
RESULT: {"using":"xpath","value":"//*[@id=\"__tile105\"]"}
COMMAND: POST /session/47ba2049a4a554e0204e69511f8743f3/element/f.44BFD905BE7E061E2C6DCB92AA908696.d.12163E7A5E64C38BCE5F433D3F9FDBF1.e.3533/click - {}
RESULT: undefined
COMMAND: POST /session/47ba2049a4a554e0204e69511f8743f3/execute/async - {"script":"<script> [6424 bytes]","args":[{"element-6066-11e4-a52e-4f735466cecf":"f.44BFD905BE7E061E2C6DCB92AA908696.d.12163E7A5E64C38BCE5F433D3F9FDBF1.e.288"},"getTitle",[]]}
COMMAND: POST /session/47ba2049a4a554e0204e69511f8743f3/execute/async - {"script":"<script> [1562 bytes]","args":[{"selector":{"id":"shellAppTitle"},"wdio_ui5_key":"shellAppTitle"}]}
RESULT: {"script":"<script> [1562 bytes]","args":[{"selector":{"id":"shellAppTitle"},"wdio_ui5_key":"shellAppTitle"}]}
COMMAND: POST /session/47ba2049a4a554e0204e69511f8743f3/execute/async - {"script":"<script> [6424 bytes]","args":[{"element-6066-11e4-a52e-4f735466cecf":"f.44BFD905BE7E061E2C6DCB92AA908696.d.12163E7A5E64C38BCE5F433D3F9FDBF1.e.3632"},"getTitle",[]]}
RESULT: {"script":"<script> [6424 bytes]","args":[{"element-6066-11e4-a52e-4f735466cecf":"f.44BFD905BE7E061E2C6DCB92AA908696.d.12163E7A5E64C38BCE5F433D3F9FDBF1.e.3632"},"getTitle",[]]}
RESULT: undefined
COMMAND: POST /session/47ba2049a4a554e0204e69511f8743f3/element/f.44BFD905BE7E061E2C6DCB92AA908696.d.12163E7A5E64C38BCE5F433D3F9FDBF1.e.3529/click - {}
RESULT: {}
COMMAND: GET /session/47ba2049a4a554e0204e69511f8743f3/screenshot - {}
RESULT: {}
]]></system-out>
    </testcase>
    <testcase classname="chrome.135_0_7049_42.windows.Sanity_Tests_US104253" name="Should open Bin Inventory List page" time="38.089">
      <system-out><![CDATA[
COMMAND: POST /session/47ba2049a4a554e0204e69511f8743f3/execute/async - {"script":"<script> [1562 bytes]","args":[{"selector":{"controlType":"sap.m.GenericTile","properties":{"header":"Bin Inventory List"}},"wdio_ui5_key":"sapm.GenericTile{\"header\":\"Bin Inventory List\"}"}]}
RESULT: {"script":"<script> [1562 bytes]","args":[{"selector":{"controlType":"sap.m.GenericTile","properties":{"header":"Bin Inventory List"}},"wdio_ui5_key":"sapm.GenericTile{\"header\":\"Bin Inventory List\"}"}]}
RESULT: undefined
COMMAND: POST /session/47ba2049a4a554e0204e69511f8743f3/element - {"using":"xpath","value":"//*[@id=\"__tile103\"]"}
RESULT: {"using":"xpath","value":"//*[@id=\"__tile103\"]"}
COMMAND: POST /session/47ba2049a4a554e0204e69511f8743f3/element/f.44BFD905BE7E061E2C6DCB92AA908696.d.12163E7A5E64C38BCE5F433D3F9FDBF1.e.3634/click - {}
RESULT: {}
COMMAND: GET /session/47ba2049a4a554e0204e69511f8743f3/screenshot - {}
RESULT: {}
RESULT: undefined
COMMAND: POST /session/47ba2049a4a554e0204e69511f8743f3/element - {"using":"xpath","value":"//*[@id=\"__tile103\"]"}
RESULT: {"using":"xpath","value":"//*[@id=\"__tile103\"]"}
COMMAND: POST /session/47ba2049a4a554e0204e69511f8743f3/element/f.44BFD905BE7E061E2C6DCB92AA908696.d.12163E7A5E64C38BCE5F433D3F9FDBF1.e.3634/click - {}
RESULT: undefined
COMMAND: POST /session/47ba2049a4a554e0204e69511f8743f3/element - {"using":"xpath","value":"//*[@id=\"__tile103\"]"}
RESULT: {"using":"xpath","value":"//*[@id=\"__tile103\"]"}
COMMAND: POST /session/47ba2049a4a554e0204e69511f8743f3/element/f.44BFD905BE7E061E2C6DCB92AA908696.d.12163E7A5E64C38BCE5F433D3F9FDBF1.e.3634/click - {}
RESULT: undefined
COMMAND: POST /session/47ba2049a4a554e0204e69511f8743f3/execute/async - {"script":"<script> [6424 bytes]","args":[{"element-6066-11e4-a52e-4f735466cecf":"f.44BFD905BE7E061E2C6DCB92AA908696.d.12163E7A5E64C38BCE5F433D3F9FDBF1.e.288"},"getTitle",[]]}
COMMAND: POST /session/47ba2049a4a554e0204e69511f8743f3/execute/async - {"script":"<script> [1562 bytes]","args":[{"selector":{"id":"shellAppTitle"},"wdio_ui5_key":"shellAppTitle"}]}
RESULT: {"script":"<script> [1562 bytes]","args":[{"selector":{"id":"shellAppTitle"},"wdio_ui5_key":"shellAppTitle"}]}
COMMAND: POST /session/47ba2049a4a554e0204e69511f8743f3/execute/async - {"script":"<script> [6424 bytes]","args":[{"element-6066-11e4-a52e-4f735466cecf":"f.44BFD905BE7E061E2C6DCB92AA908696.d.12163E7A5E64C38BCE5F433D3F9FDBF1.e.3720"},"getTitle",[]]}
RESULT: {"script":"<script> [6424 bytes]","args":[{"element-6066-11e4-a52e-4f735466cecf":"f.44BFD905BE7E061E2C6DCB92AA908696.d.12163E7A5E64C38BCE5F433D3F9FDBF1.e.3720"},"getTitle",[]]}
RESULT: undefined
COMMAND: POST /session/47ba2049a4a554e0204e69511f8743f3/element/f.44BFD905BE7E061E2C6DCB92AA908696.d.12163E7A5E64C38BCE5F433D3F9FDBF1.e.3529/click - {}
COMMAND: POST /session/47ba2049a4a554e0204e69511f8743f3/element - {"using":"xpath","value":"//*[@id=\"backBtn\"]"}
RESULT: {"using":"xpath","value":"//*[@id=\"backBtn\"]"}
COMMAND: POST /session/47ba2049a4a554e0204e69511f8743f3/element/f.44BFD905BE7E061E2C6DCB92AA908696.d.12163E7A5E64C38BCE5F433D3F9FDBF1.e.3529/click - {}
COMMAND: POST /session/47ba2049a4a554e0204e69511f8743f3/element - {"using":"xpath","value":"//*[@id=\"backBtn\"]"}
RESULT: {"using":"xpath","value":"//*[@id=\"backBtn\"]"}
COMMAND: POST /session/47ba2049a4a554e0204e69511f8743f3/element/f.44BFD905BE7E061E2C6DCB92AA908696.d.12163E7A5E64C38BCE5F433D3F9FDBF1.e.3721/click - {}
RESULT: {}
COMMAND: GET /session/47ba2049a4a554e0204e69511f8743f3/screenshot - {}
RESULT: {}
]]></system-out>
    </testcase>
    <testcase classname="chrome.135_0_7049_42.windows.Sanity_Tests_US104253" name="Should open ISC Templates page" time="34.733">
      <system-out><![CDATA[
COMMAND: POST /session/47ba2049a4a554e0204e69511f8743f3/execute/async - {"script":"<script> [1562 bytes]","args":[{"selector":{"controlType":"sap.m.GenericTile","properties":{"header":"ISC Templates"}},"wdio_ui5_key":"sapm.GenericTile{\"header\":\"ISC Templates\"}"}]}
RESULT: {"script":"<script> [1562 bytes]","args":[{"selector":{"controlType":"sap.m.GenericTile","properties":{"header":"ISC Templates"}},"wdio_ui5_key":"sapm.GenericTile{\"header\":\"ISC Templates\"}"}]}
RESULT: undefined
COMMAND: POST /session/47ba2049a4a554e0204e69511f8743f3/element - {"using":"xpath","value":"//*[@id=\"__tile111\"]"}
RESULT: {"using":"xpath","value":"//*[@id=\"__tile111\"]"}
COMMAND: POST /session/47ba2049a4a554e0204e69511f8743f3/element/f.44BFD905BE7E061E2C6DCB92AA908696.d.12163E7A5E64C38BCE5F433D3F9FDBF1.e.3723/click - {}
RESULT: {}
COMMAND: GET /session/47ba2049a4a554e0204e69511f8743f3/screenshot - {}
RESULT: {}
RESULT: undefined
COMMAND: POST /session/47ba2049a4a554e0204e69511f8743f3/element - {"using":"xpath","value":"//*[@id=\"__tile111\"]"}
RESULT: {"using":"xpath","value":"//*[@id=\"__tile111\"]"}
COMMAND: POST /session/47ba2049a4a554e0204e69511f8743f3/element/f.44BFD905BE7E061E2C6DCB92AA908696.d.12163E7A5E64C38BCE5F433D3F9FDBF1.e.3723/click - {}
RESULT: undefined
COMMAND: POST /session/47ba2049a4a554e0204e69511f8743f3/element - {"using":"xpath","value":"//*[@id=\"__tile111\"]"}
RESULT: {"using":"xpath","value":"//*[@id=\"__tile111\"]"}
COMMAND: POST /session/47ba2049a4a554e0204e69511f8743f3/element/f.44BFD905BE7E061E2C6DCB92AA908696.d.12163E7A5E64C38BCE5F433D3F9FDBF1.e.3723/click - {}
RESULT: undefined
COMMAND: POST /session/47ba2049a4a554e0204e69511f8743f3/execute/async - {"script":"<script> [6424 bytes]","args":[{"element-6066-11e4-a52e-4f735466cecf":"f.44BFD905BE7E061E2C6DCB92AA908696.d.12163E7A5E64C38BCE5F433D3F9FDBF1.e.288"},"getTitle",[]]}
COMMAND: POST /session/47ba2049a4a554e0204e69511f8743f3/execute/async - {"script":"<script> [1562 bytes]","args":[{"selector":{"id":"shellAppTitle"},"wdio_ui5_key":"shellAppTitle"}]}
RESULT: {"script":"<script> [1562 bytes]","args":[{"selector":{"id":"shellAppTitle"},"wdio_ui5_key":"shellAppTitle"}]}
COMMAND: POST /session/47ba2049a4a554e0204e69511f8743f3/execute/async - {"script":"<script> [6424 bytes]","args":[{"element-6066-11e4-a52e-4f735466cecf":"f.44BFD905BE7E061E2C6DCB92AA908696.d.12163E7A5E64C38BCE5F433D3F9FDBF1.e.3790"},"getTitle",[]]}
RESULT: {"script":"<script> [6424 bytes]","args":[{"element-6066-11e4-a52e-4f735466cecf":"f.44BFD905BE7E061E2C6DCB92AA908696.d.12163E7A5E64C38BCE5F433D3F9FDBF1.e.3790"},"getTitle",[]]}
RESULT: undefined
COMMAND: POST /session/47ba2049a4a554e0204e69511f8743f3/element/f.44BFD905BE7E061E2C6DCB92AA908696.d.12163E7A5E64C38BCE5F433D3F9FDBF1.e.3721/click - {}
RESULT: {}
COMMAND: GET /session/47ba2049a4a554e0204e69511f8743f3/screenshot - {}
RESULT: {}
]]></system-out>
    </testcase>
    <testcase classname="chrome.135_0_7049_42.windows.Sanity_Tests_US104253" name="Should open ISC Schedules page" time="42.858">
      <system-out><![CDATA[
COMMAND: POST /session/47ba2049a4a554e0204e69511f8743f3/execute/async - {"script":"<script> [1562 bytes]","args":[{"selector":{"controlType":"sap.m.GenericTile","properties":{"header":"ISC Schedules"}},"wdio_ui5_key":"sapm.GenericTile{\"header\":\"ISC Schedules\"}"}]}
RESULT: {"script":"<script> [1562 bytes]","args":[{"selector":{"controlType":"sap.m.GenericTile","properties":{"header":"ISC Schedules"}},"wdio_ui5_key":"sapm.GenericTile{\"header\":\"ISC Schedules\"}"}]}
RESULT: undefined
COMMAND: POST /session/47ba2049a4a554e0204e69511f8743f3/element - {"using":"xpath","value":"//*[@id=\"__tile109\"]"}
RESULT: {"using":"xpath","value":"//*[@id=\"__tile109\"]"}
COMMAND: POST /session/47ba2049a4a554e0204e69511f8743f3/element/f.44BFD905BE7E061E2C6DCB92AA908696.d.12163E7A5E64C38BCE5F433D3F9FDBF1.e.3793/click - {}
RESULT: {}
COMMAND: GET /session/47ba2049a4a554e0204e69511f8743f3/screenshot - {}
RESULT: {}
RESULT: undefined
COMMAND: POST /session/47ba2049a4a554e0204e69511f8743f3/element - {"using":"xpath","value":"//*[@id=\"__tile109\"]"}
RESULT: {"using":"xpath","value":"//*[@id=\"__tile109\"]"}
COMMAND: POST /session/47ba2049a4a554e0204e69511f8743f3/element/f.44BFD905BE7E061E2C6DCB92AA908696.d.12163E7A5E64C38BCE5F433D3F9FDBF1.e.3793/click - {}
RESULT: undefined
COMMAND: POST /session/47ba2049a4a554e0204e69511f8743f3/element - {"using":"xpath","value":"//*[@id=\"__tile109\"]"}
RESULT: {"using":"xpath","value":"//*[@id=\"__tile109\"]"}
COMMAND: POST /session/47ba2049a4a554e0204e69511f8743f3/element/f.44BFD905BE7E061E2C6DCB92AA908696.d.12163E7A5E64C38BCE5F433D3F9FDBF1.e.3793/click - {}
RESULT: undefined
COMMAND: POST /session/47ba2049a4a554e0204e69511f8743f3/execute/async - {"script":"<script> [6424 bytes]","args":[{"element-6066-11e4-a52e-4f735466cecf":"f.44BFD905BE7E061E2C6DCB92AA908696.d.12163E7A5E64C38BCE5F433D3F9FDBF1.e.288"},"getTitle",[]]}
COMMAND: POST /session/47ba2049a4a554e0204e69511f8743f3/execute/async - {"script":"<script> [1562 bytes]","args":[{"selector":{"id":"shellAppTitle"},"wdio_ui5_key":"shellAppTitle"}]}
RESULT: {"script":"<script> [1562 bytes]","args":[{"selector":{"id":"shellAppTitle"},"wdio_ui5_key":"shellAppTitle"}]}
COMMAND: POST /session/47ba2049a4a554e0204e69511f8743f3/execute/async - {"script":"<script> [6424 bytes]","args":[{"element-6066-11e4-a52e-4f735466cecf":"f.44BFD905BE7E061E2C6DCB92AA908696.d.12163E7A5E64C38BCE5F433D3F9FDBF1.e.3871"},"getTitle",[]]}
RESULT: {"script":"<script> [6424 bytes]","args":[{"element-6066-11e4-a52e-4f735466cecf":"f.44BFD905BE7E061E2C6DCB92AA908696.d.12163E7A5E64C38BCE5F433D3F9FDBF1.e.3871"},"getTitle",[]]}
RESULT: undefined
COMMAND: POST /session/47ba2049a4a554e0204e69511f8743f3/element/f.44BFD905BE7E061E2C6DCB92AA908696.d.12163E7A5E64C38BCE5F433D3F9FDBF1.e.3721/click - {}
COMMAND: POST /session/47ba2049a4a554e0204e69511f8743f3/element - {"using":"xpath","value":"//*[@id=\"backBtn\"]"}
RESULT: {"using":"xpath","value":"//*[@id=\"backBtn\"]"}
COMMAND: POST /session/47ba2049a4a554e0204e69511f8743f3/element/f.44BFD905BE7E061E2C6DCB92AA908696.d.12163E7A5E64C38BCE5F433D3F9FDBF1.e.3721/click - {}
COMMAND: POST /session/47ba2049a4a554e0204e69511f8743f3/element - {"using":"xpath","value":"//*[@id=\"backBtn\"]"}
RESULT: {"using":"xpath","value":"//*[@id=\"backBtn\"]"}
COMMAND: POST /session/47ba2049a4a554e0204e69511f8743f3/element/f.44BFD905BE7E061E2C6DCB92AA908696.d.12163E7A5E64C38BCE5F433D3F9FDBF1.e.3872/click - {}
RESULT: {}
COMMAND: GET /session/47ba2049a4a554e0204e69511f8743f3/screenshot - {}
RESULT: {}
]]></system-out>
    </testcase>
    <testcase classname="chrome.135_0_7049_42.windows.Sanity_Tests_US104253" name="Should open ISC Dashboard page" time="37.095">
      <system-out><![CDATA[
COMMAND: POST /session/47ba2049a4a554e0204e69511f8743f3/execute/async - {"script":"<script> [1562 bytes]","args":[{"selector":{"controlType":"sap.m.GenericTile","properties":{"header":"ISC Dashboard"}},"wdio_ui5_key":"sapm.GenericTile{\"header\":\"ISC Dashboard\"}"}]}
RESULT: {"script":"<script> [1562 bytes]","args":[{"selector":{"controlType":"sap.m.GenericTile","properties":{"header":"ISC Dashboard"}},"wdio_ui5_key":"sapm.GenericTile{\"header\":\"ISC Dashboard\"}"}]}
RESULT: undefined
COMMAND: POST /session/47ba2049a4a554e0204e69511f8743f3/element - {"using":"xpath","value":"//*[@id=\"__tile106\"]"}
RESULT: {"using":"xpath","value":"//*[@id=\"__tile106\"]"}
COMMAND: POST /session/47ba2049a4a554e0204e69511f8743f3/element/f.44BFD905BE7E061E2C6DCB92AA908696.d.12163E7A5E64C38BCE5F433D3F9FDBF1.e.3874/click - {}
RESULT: {}
COMMAND: GET /session/47ba2049a4a554e0204e69511f8743f3/screenshot - {}
RESULT: {}
RESULT: undefined
COMMAND: POST /session/47ba2049a4a554e0204e69511f8743f3/element - {"using":"xpath","value":"//*[@id=\"__tile106\"]"}
RESULT: {"using":"xpath","value":"//*[@id=\"__tile106\"]"}
COMMAND: POST /session/47ba2049a4a554e0204e69511f8743f3/element/f.44BFD905BE7E061E2C6DCB92AA908696.d.12163E7A5E64C38BCE5F433D3F9FDBF1.e.3874/click - {}
RESULT: undefined
COMMAND: POST /session/47ba2049a4a554e0204e69511f8743f3/element - {"using":"xpath","value":"//*[@id=\"__tile106\"]"}
RESULT: {"using":"xpath","value":"//*[@id=\"__tile106\"]"}
COMMAND: POST /session/47ba2049a4a554e0204e69511f8743f3/element/f.44BFD905BE7E061E2C6DCB92AA908696.d.12163E7A5E64C38BCE5F433D3F9FDBF1.e.3874/click - {}
RESULT: undefined
COMMAND: POST /session/47ba2049a4a554e0204e69511f8743f3/execute/async - {"script":"<script> [6424 bytes]","args":[{"element-6066-11e4-a52e-4f735466cecf":"f.44BFD905BE7E061E2C6DCB92AA908696.d.12163E7A5E64C38BCE5F433D3F9FDBF1.e.288"},"getTitle",[]]}
COMMAND: POST /session/47ba2049a4a554e0204e69511f8743f3/execute/async - {"script":"<script> [1562 bytes]","args":[{"selector":{"id":"shellAppTitle"},"wdio_ui5_key":"shellAppTitle"}]}
RESULT: {"script":"<script> [1562 bytes]","args":[{"selector":{"id":"shellAppTitle"},"wdio_ui5_key":"shellAppTitle"}]}
COMMAND: POST /session/47ba2049a4a554e0204e69511f8743f3/execute/async - {"script":"<script> [6424 bytes]","args":[{"element-6066-11e4-a52e-4f735466cecf":"f.44BFD905BE7E061E2C6DCB92AA908696.d.12163E7A5E64C38BCE5F433D3F9FDBF1.e.3996"},"getTitle",[]]}
RESULT: {"script":"<script> [6424 bytes]","args":[{"element-6066-11e4-a52e-4f735466cecf":"f.44BFD905BE7E061E2C6DCB92AA908696.d.12163E7A5E64C38BCE5F433D3F9FDBF1.e.3996"},"getTitle",[]]}
RESULT: undefined
COMMAND: POST /session/47ba2049a4a554e0204e69511f8743f3/element/f.44BFD905BE7E061E2C6DCB92AA908696.d.12163E7A5E64C38BCE5F433D3F9FDBF1.e.3872/click - {}
RESULT: {}
COMMAND: GET /session/47ba2049a4a554e0204e69511f8743f3/screenshot - {}
RESULT: {}
]]></system-out>
    </testcase>
    <testcase classname="chrome.135_0_7049_42.windows.Sanity_Tests_US104253" name="Should open ISC Orders page" time="33.397">
      <system-out><![CDATA[
COMMAND: POST /session/47ba2049a4a554e0204e69511f8743f3/execute/async - {"script":"<script> [1562 bytes]","args":[{"selector":{"controlType":"sap.m.GenericTile","properties":{"header":"ISC Orders"}},"wdio_ui5_key":"sapm.GenericTile{\"header\":\"ISC Orders\"}"}]}
RESULT: {"script":"<script> [1562 bytes]","args":[{"selector":{"controlType":"sap.m.GenericTile","properties":{"header":"ISC Orders"}},"wdio_ui5_key":"sapm.GenericTile{\"header\":\"ISC Orders\"}"}]}
RESULT: undefined
COMMAND: POST /session/47ba2049a4a554e0204e69511f8743f3/element - {"using":"xpath","value":"//*[@id=\"__tile108\"]"}
RESULT: {"using":"xpath","value":"//*[@id=\"__tile108\"]"}
COMMAND: POST /session/47ba2049a4a554e0204e69511f8743f3/element/f.44BFD905BE7E061E2C6DCB92AA908696.d.12163E7A5E64C38BCE5F433D3F9FDBF1.e.3998/click - {}
RESULT: {}
COMMAND: GET /session/47ba2049a4a554e0204e69511f8743f3/screenshot - {}
RESULT: {}
RESULT: undefined
COMMAND: POST /session/47ba2049a4a554e0204e69511f8743f3/element - {"using":"xpath","value":"//*[@id=\"__tile108\"]"}
RESULT: {"using":"xpath","value":"//*[@id=\"__tile108\"]"}
COMMAND: POST /session/47ba2049a4a554e0204e69511f8743f3/element/f.44BFD905BE7E061E2C6DCB92AA908696.d.12163E7A5E64C38BCE5F433D3F9FDBF1.e.3998/click - {}
RESULT: undefined
COMMAND: POST /session/47ba2049a4a554e0204e69511f8743f3/element - {"using":"xpath","value":"//*[@id=\"__tile108\"]"}
RESULT: {"using":"xpath","value":"//*[@id=\"__tile108\"]"}
COMMAND: POST /session/47ba2049a4a554e0204e69511f8743f3/element/f.44BFD905BE7E061E2C6DCB92AA908696.d.12163E7A5E64C38BCE5F433D3F9FDBF1.e.3998/click - {}
RESULT: undefined
COMMAND: POST /session/47ba2049a4a554e0204e69511f8743f3/execute/async - {"script":"<script> [6424 bytes]","args":[{"element-6066-11e4-a52e-4f735466cecf":"f.44BFD905BE7E061E2C6DCB92AA908696.d.12163E7A5E64C38BCE5F433D3F9FDBF1.e.288"},"getTitle",[]]}
COMMAND: POST /session/47ba2049a4a554e0204e69511f8743f3/execute/async - {"script":"<script> [1562 bytes]","args":[{"selector":{"id":"shellAppTitle"},"wdio_ui5_key":"shellAppTitle"}]}
RESULT: {"script":"<script> [1562 bytes]","args":[{"selector":{"id":"shellAppTitle"},"wdio_ui5_key":"shellAppTitle"}]}
COMMAND: POST /session/47ba2049a4a554e0204e69511f8743f3/execute/async - {"script":"<script> [6424 bytes]","args":[{"element-6066-11e4-a52e-4f735466cecf":"f.44BFD905BE7E061E2C6DCB92AA908696.d.12163E7A5E64C38BCE5F433D3F9FDBF1.e.4104"},"getTitle",[]]}
RESULT: {"script":"<script> [6424 bytes]","args":[{"element-6066-11e4-a52e-4f735466cecf":"f.44BFD905BE7E061E2C6DCB92AA908696.d.12163E7A5E64C38BCE5F433D3F9FDBF1.e.4104"},"getTitle",[]]}
RESULT: undefined
COMMAND: POST /session/47ba2049a4a554e0204e69511f8743f3/element/f.44BFD905BE7E061E2C6DCB92AA908696.d.12163E7A5E64C38BCE5F433D3F9FDBF1.e.3872/click - {}
COMMAND: POST /session/47ba2049a4a554e0204e69511f8743f3/element - {"using":"xpath","value":"//*[@id=\"backBtn\"]"}
RESULT: {"using":"xpath","value":"//*[@id=\"backBtn\"]"}
COMMAND: POST /session/47ba2049a4a554e0204e69511f8743f3/element/f.44BFD905BE7E061E2C6DCB92AA908696.d.12163E7A5E64C38BCE5F433D3F9FDBF1.e.3872/click - {}
COMMAND: POST /session/47ba2049a4a554e0204e69511f8743f3/element - {"using":"xpath","value":"//*[@id=\"backBtn\"]"}
RESULT: {"using":"xpath","value":"//*[@id=\"backBtn\"]"}
COMMAND: POST /session/47ba2049a4a554e0204e69511f8743f3/element/f.44BFD905BE7E061E2C6DCB92AA908696.d.12163E7A5E64C38BCE5F433D3F9FDBF1.e.4105/click - {}
RESULT: {}
COMMAND: GET /session/47ba2049a4a554e0204e69511f8743f3/screenshot - {}
RESULT: {}
]]></system-out>
    </testcase>
    <testcase classname="chrome.135_0_7049_42.windows.Sanity_Tests_US104253" name="Should open ISC Tasks page" time="42.388">
      <system-out><![CDATA[
COMMAND: POST /session/47ba2049a4a554e0204e69511f8743f3/execute/async - {"script":"<script> [1562 bytes]","args":[{"selector":{"controlType":"sap.m.GenericTile","properties":{"header":"ISC Tasks"}},"wdio_ui5_key":"sapm.GenericTile{\"header\":\"ISC Tasks\"}"}]}
RESULT: {"script":"<script> [1562 bytes]","args":[{"selector":{"controlType":"sap.m.GenericTile","properties":{"header":"ISC Tasks"}},"wdio_ui5_key":"sapm.GenericTile{\"header\":\"ISC Tasks\"}"}]}
RESULT: undefined
COMMAND: POST /session/47ba2049a4a554e0204e69511f8743f3/element - {"using":"xpath","value":"//*[@id=\"__tile110\"]"}
RESULT: {"using":"xpath","value":"//*[@id=\"__tile110\"]"}
COMMAND: POST /session/47ba2049a4a554e0204e69511f8743f3/element/f.44BFD905BE7E061E2C6DCB92AA908696.d.12163E7A5E64C38BCE5F433D3F9FDBF1.e.4107/click - {}
RESULT: {}
COMMAND: GET /session/47ba2049a4a554e0204e69511f8743f3/screenshot - {}
RESULT: {}
RESULT: undefined
COMMAND: POST /session/47ba2049a4a554e0204e69511f8743f3/element - {"using":"xpath","value":"//*[@id=\"__tile110\"]"}
RESULT: {"using":"xpath","value":"//*[@id=\"__tile110\"]"}
COMMAND: POST /session/47ba2049a4a554e0204e69511f8743f3/element/f.44BFD905BE7E061E2C6DCB92AA908696.d.12163E7A5E64C38BCE5F433D3F9FDBF1.e.4107/click - {}
RESULT: undefined
COMMAND: POST /session/47ba2049a4a554e0204e69511f8743f3/element - {"using":"xpath","value":"//*[@id=\"__tile110\"]"}
RESULT: {"using":"xpath","value":"//*[@id=\"__tile110\"]"}
COMMAND: POST /session/47ba2049a4a554e0204e69511f8743f3/element/f.44BFD905BE7E061E2C6DCB92AA908696.d.12163E7A5E64C38BCE5F433D3F9FDBF1.e.4107/click - {}
RESULT: undefined
COMMAND: POST /session/47ba2049a4a554e0204e69511f8743f3/execute/async - {"script":"<script> [6424 bytes]","args":[{"element-6066-11e4-a52e-4f735466cecf":"f.44BFD905BE7E061E2C6DCB92AA908696.d.12163E7A5E64C38BCE5F433D3F9FDBF1.e.288"},"getTitle",[]]}
COMMAND: POST /session/47ba2049a4a554e0204e69511f8743f3/execute/async - {"script":"<script> [1562 bytes]","args":[{"selector":{"id":"shellAppTitle"},"wdio_ui5_key":"shellAppTitle"}]}
RESULT: {"script":"<script> [1562 bytes]","args":[{"selector":{"id":"shellAppTitle"},"wdio_ui5_key":"shellAppTitle"}]}
COMMAND: POST /session/47ba2049a4a554e0204e69511f8743f3/execute/async - {"script":"<script> [6424 bytes]","args":[{"element-6066-11e4-a52e-4f735466cecf":"f.44BFD905BE7E061E2C6DCB92AA908696.d.12163E7A5E64C38BCE5F433D3F9FDBF1.e.4189"},"getTitle",[]]}
RESULT: {"script":"<script> [6424 bytes]","args":[{"element-6066-11e4-a52e-4f735466cecf":"f.44BFD905BE7E061E2C6DCB92AA908696.d.12163E7A5E64C38BCE5F433D3F9FDBF1.e.4189"},"getTitle",[]]}
RESULT: undefined
COMMAND: POST /session/47ba2049a4a554e0204e69511f8743f3/element/f.44BFD905BE7E061E2C6DCB92AA908696.d.12163E7A5E64C38BCE5F433D3F9FDBF1.e.4105/click - {}
RESULT: {}
COMMAND: GET /session/47ba2049a4a554e0204e69511f8743f3/screenshot - {}
RESULT: {}
]]></system-out>
    </testcase>
    <testcase classname="chrome.135_0_7049_42.windows.Sanity_Tests_US104253" name="Should open Manage Resource Logbook page" time="33.381">
      <system-out><![CDATA[
COMMAND: POST /session/47ba2049a4a554e0204e69511f8743f3/execute/async - {"script":"<script> [1562 bytes]","args":[{"selector":{"controlType":"sap.m.GenericTile","properties":{"header":"Manage Resource Logbook"}},"wdio_ui5_key":"sapm.GenericTile{\"header\":\"Manage Resource Logbook\"}"}]}
RESULT: {"script":"<script> [1562 bytes]","args":[{"selector":{"controlType":"sap.m.GenericTile","properties":{"header":"Manage Resource Logbook"}},"wdio_ui5_key":"sapm.GenericTile{\"header\":\"Manage Resource Logbook\"}"}]}
RESULT: undefined
COMMAND: POST /session/47ba2049a4a554e0204e69511f8743f3/element - {"using":"xpath","value":"//*[@id=\"__tile113\"]"}
RESULT: {"using":"xpath","value":"//*[@id=\"__tile113\"]"}
COMMAND: POST /session/47ba2049a4a554e0204e69511f8743f3/element/f.44BFD905BE7E061E2C6DCB92AA908696.d.12163E7A5E64C38BCE5F433D3F9FDBF1.e.4191/click - {}
RESULT: {}
COMMAND: GET /session/47ba2049a4a554e0204e69511f8743f3/screenshot - {}
RESULT: {}
RESULT: undefined
COMMAND: POST /session/47ba2049a4a554e0204e69511f8743f3/element - {"using":"xpath","value":"//*[@id=\"__tile113\"]"}
RESULT: {"using":"xpath","value":"//*[@id=\"__tile113\"]"}
COMMAND: POST /session/47ba2049a4a554e0204e69511f8743f3/element/f.44BFD905BE7E061E2C6DCB92AA908696.d.12163E7A5E64C38BCE5F433D3F9FDBF1.e.4191/click - {}
RESULT: undefined
COMMAND: POST /session/47ba2049a4a554e0204e69511f8743f3/element - {"using":"xpath","value":"//*[@id=\"__tile113\"]"}
RESULT: {"using":"xpath","value":"//*[@id=\"__tile113\"]"}
COMMAND: POST /session/47ba2049a4a554e0204e69511f8743f3/element/f.44BFD905BE7E061E2C6DCB92AA908696.d.12163E7A5E64C38BCE5F433D3F9FDBF1.e.4191/click - {}
RESULT: undefined
COMMAND: POST /session/47ba2049a4a554e0204e69511f8743f3/execute/async - {"script":"<script> [6424 bytes]","args":[{"element-6066-11e4-a52e-4f735466cecf":"f.44BFD905BE7E061E2C6DCB92AA908696.d.12163E7A5E64C38BCE5F433D3F9FDBF1.e.288"},"getTitle",[]]}
COMMAND: POST /session/47ba2049a4a554e0204e69511f8743f3/execute/async - {"script":"<script> [1562 bytes]","args":[{"selector":{"id":"shellAppTitle"},"wdio_ui5_key":"shellAppTitle"}]}
RESULT: {"script":"<script> [1562 bytes]","args":[{"selector":{"id":"shellAppTitle"},"wdio_ui5_key":"shellAppTitle"}]}
COMMAND: POST /session/47ba2049a4a554e0204e69511f8743f3/execute/async - {"script":"<script> [6424 bytes]","args":[{"element-6066-11e4-a52e-4f735466cecf":"f.44BFD905BE7E061E2C6DCB92AA908696.d.12163E7A5E64C38BCE5F433D3F9FDBF1.e.4284"},"getTitle",[]]}
RESULT: {"script":"<script> [6424 bytes]","args":[{"element-6066-11e4-a52e-4f735466cecf":"f.44BFD905BE7E061E2C6DCB92AA908696.d.12163E7A5E64C38BCE5F433D3F9FDBF1.e.4284"},"getTitle",[]]}
RESULT: undefined
COMMAND: POST /session/47ba2049a4a554e0204e69511f8743f3/element/f.44BFD905BE7E061E2C6DCB92AA908696.d.12163E7A5E64C38BCE5F433D3F9FDBF1.e.4105/click - {}
COMMAND: POST /session/47ba2049a4a554e0204e69511f8743f3/element - {"using":"xpath","value":"//*[@id=\"backBtn\"]"}
RESULT: {"using":"xpath","value":"//*[@id=\"backBtn\"]"}
COMMAND: POST /session/47ba2049a4a554e0204e69511f8743f3/element/f.44BFD905BE7E061E2C6DCB92AA908696.d.12163E7A5E64C38BCE5F433D3F9FDBF1.e.4105/click - {}
COMMAND: POST /session/47ba2049a4a554e0204e69511f8743f3/element - {"using":"xpath","value":"//*[@id=\"backBtn\"]"}
RESULT: {"using":"xpath","value":"//*[@id=\"backBtn\"]"}
COMMAND: POST /session/47ba2049a4a554e0204e69511f8743f3/element/f.44BFD905BE7E061E2C6DCB92AA908696.d.12163E7A5E64C38BCE5F433D3F9FDBF1.e.4285/click - {}
RESULT: {}
COMMAND: GET /session/47ba2049a4a554e0204e69511f8743f3/screenshot - {}
RESULT: {}
]]></system-out>
    </testcase>
    <testcase classname="chrome.135_0_7049_42.windows.Sanity_Tests_US104253" name="Should open Manage Logbook page" time="34.276">
      <system-out><![CDATA[
COMMAND: POST /session/47ba2049a4a554e0204e69511f8743f3/execute/async - {"script":"<script> [1562 bytes]","args":[{"selector":{"controlType":"sap.m.GenericTile","properties":{"header":"Manage Logbook"}},"wdio_ui5_key":"sapm.GenericTile{\"header\":\"Manage Logbook\"}"}]}
RESULT: {"script":"<script> [1562 bytes]","args":[{"selector":{"controlType":"sap.m.GenericTile","properties":{"header":"Manage Logbook"}},"wdio_ui5_key":"sapm.GenericTile{\"header\":\"Manage Logbook\"}"}]}
RESULT: undefined
COMMAND: POST /session/47ba2049a4a554e0204e69511f8743f3/element - {"using":"xpath","value":"//*[@id=\"__tile112\"]"}
RESULT: {"using":"xpath","value":"//*[@id=\"__tile112\"]"}
COMMAND: POST /session/47ba2049a4a554e0204e69511f8743f3/element/f.44BFD905BE7E061E2C6DCB92AA908696.d.12163E7A5E64C38BCE5F433D3F9FDBF1.e.4287/click - {}
RESULT: {}
COMMAND: GET /session/47ba2049a4a554e0204e69511f8743f3/screenshot - {}
RESULT: {}
RESULT: undefined
COMMAND: POST /session/47ba2049a4a554e0204e69511f8743f3/element - {"using":"xpath","value":"//*[@id=\"__tile112\"]"}
RESULT: {"using":"xpath","value":"//*[@id=\"__tile112\"]"}
COMMAND: POST /session/47ba2049a4a554e0204e69511f8743f3/element/f.44BFD905BE7E061E2C6DCB92AA908696.d.12163E7A5E64C38BCE5F433D3F9FDBF1.e.4287/click - {}
RESULT: undefined
COMMAND: POST /session/47ba2049a4a554e0204e69511f8743f3/element - {"using":"xpath","value":"//*[@id=\"__tile112\"]"}
RESULT: {"using":"xpath","value":"//*[@id=\"__tile112\"]"}
COMMAND: POST /session/47ba2049a4a554e0204e69511f8743f3/element/f.44BFD905BE7E061E2C6DCB92AA908696.d.12163E7A5E64C38BCE5F433D3F9FDBF1.e.4287/click - {}
RESULT: undefined
COMMAND: POST /session/47ba2049a4a554e0204e69511f8743f3/execute/async - {"script":"<script> [6424 bytes]","args":[{"element-6066-11e4-a52e-4f735466cecf":"f.44BFD905BE7E061E2C6DCB92AA908696.d.12163E7A5E64C38BCE5F433D3F9FDBF1.e.288"},"getTitle",[]]}
COMMAND: POST /session/47ba2049a4a554e0204e69511f8743f3/execute/async - {"script":"<script> [1562 bytes]","args":[{"selector":{"id":"shellAppTitle"},"wdio_ui5_key":"shellAppTitle"}]}
RESULT: {"script":"<script> [1562 bytes]","args":[{"selector":{"id":"shellAppTitle"},"wdio_ui5_key":"shellAppTitle"}]}
COMMAND: POST /session/47ba2049a4a554e0204e69511f8743f3/execute/async - {"script":"<script> [6424 bytes]","args":[{"element-6066-11e4-a52e-4f735466cecf":"f.44BFD905BE7E061E2C6DCB92AA908696.d.12163E7A5E64C38BCE5F433D3F9FDBF1.e.4367"},"getTitle",[]]}
RESULT: {"script":"<script> [6424 bytes]","args":[{"element-6066-11e4-a52e-4f735466cecf":"f.44BFD905BE7E061E2C6DCB92AA908696.d.12163E7A5E64C38BCE5F433D3F9FDBF1.e.4367"},"getTitle",[]]}
RESULT: undefined
COMMAND: POST /session/47ba2049a4a554e0204e69511f8743f3/element/f.44BFD905BE7E061E2C6DCB92AA908696.d.12163E7A5E64C38BCE5F433D3F9FDBF1.e.4285/click - {}
RESULT: {}
COMMAND: GET /session/47ba2049a4a554e0204e69511f8743f3/screenshot - {}
RESULT: {}
]]></system-out>
    </testcase>
    <testcase classname="chrome.135_0_7049_42.windows.Sanity_Tests_US104253" name="Should open ISC Orders Calendar page" time="35.812">
      <system-out><![CDATA[
COMMAND: POST /session/47ba2049a4a554e0204e69511f8743f3/execute/async - {"script":"<script> [1562 bytes]","args":[{"selector":{"controlType":"sap.m.GenericTile","properties":{"header":"ISC Orders Calendar"}},"wdio_ui5_key":"sapm.GenericTile{\"header\":\"ISC Orders Calendar\"}"}]}
RESULT: {"script":"<script> [1562 bytes]","args":[{"selector":{"controlType":"sap.m.GenericTile","properties":{"header":"ISC Orders Calendar"}},"wdio_ui5_key":"sapm.GenericTile{\"header\":\"ISC Orders Calendar\"}"}]}
RESULT: undefined
COMMAND: POST /session/47ba2049a4a554e0204e69511f8743f3/element - {"using":"xpath","value":"//*[@id=\"__tile107\"]"}
RESULT: {"using":"xpath","value":"//*[@id=\"__tile107\"]"}
COMMAND: POST /session/47ba2049a4a554e0204e69511f8743f3/element/f.44BFD905BE7E061E2C6DCB92AA908696.d.12163E7A5E64C38BCE5F433D3F9FDBF1.e.108/click - {}
RESULT: {}
COMMAND: GET /session/47ba2049a4a554e0204e69511f8743f3/screenshot - {}
RESULT: {}
RESULT: undefined
COMMAND: POST /session/47ba2049a4a554e0204e69511f8743f3/element - {"using":"xpath","value":"//*[@id=\"__tile107\"]"}
RESULT: {"using":"xpath","value":"//*[@id=\"__tile107\"]"}
COMMAND: POST /session/47ba2049a4a554e0204e69511f8743f3/element/f.44BFD905BE7E061E2C6DCB92AA908696.d.12163E7A5E64C38BCE5F433D3F9FDBF1.e.108/click - {}
RESULT: undefined
COMMAND: POST /session/47ba2049a4a554e0204e69511f8743f3/element - {"using":"xpath","value":"//*[@id=\"__tile107\"]"}
RESULT: {"using":"xpath","value":"//*[@id=\"__tile107\"]"}
COMMAND: POST /session/47ba2049a4a554e0204e69511f8743f3/element/f.44BFD905BE7E061E2C6DCB92AA908696.d.12163E7A5E64C38BCE5F433D3F9FDBF1.e.108/click - {}
RESULT: undefined
COMMAND: POST /session/47ba2049a4a554e0204e69511f8743f3/execute/async - {"script":"<script> [6424 bytes]","args":[{"element-6066-11e4-a52e-4f735466cecf":"f.44BFD905BE7E061E2C6DCB92AA908696.d.12163E7A5E64C38BCE5F433D3F9FDBF1.e.288"},"getTitle",[]]}
COMMAND: POST /session/47ba2049a4a554e0204e69511f8743f3/execute/async - {"script":"<script> [1562 bytes]","args":[{"selector":{"id":"shellAppTitle"},"wdio_ui5_key":"shellAppTitle"}]}
RESULT: {"script":"<script> [1562 bytes]","args":[{"selector":{"id":"shellAppTitle"},"wdio_ui5_key":"shellAppTitle"}]}
COMMAND: POST /session/47ba2049a4a554e0204e69511f8743f3/execute/async - {"script":"<script> [6424 bytes]","args":[{"element-6066-11e4-a52e-4f735466cecf":"f.44BFD905BE7E061E2C6DCB92AA908696.d.12163E7A5E64C38BCE5F433D3F9FDBF1.e.4579"},"getTitle",[]]}
RESULT: {"script":"<script> [6424 bytes]","args":[{"element-6066-11e4-a52e-4f735466cecf":"f.44BFD905BE7E061E2C6DCB92AA908696.d.12163E7A5E64C38BCE5F433D3F9FDBF1.e.4579"},"getTitle",[]]}
RESULT: undefined
COMMAND: POST /session/47ba2049a4a554e0204e69511f8743f3/element/f.44BFD905BE7E061E2C6DCB92AA908696.d.12163E7A5E64C38BCE5F433D3F9FDBF1.e.4285/click - {}
COMMAND: POST /session/47ba2049a4a554e0204e69511f8743f3/element - {"using":"xpath","value":"//*[@id=\"backBtn\"]"}
RESULT: {"using":"xpath","value":"//*[@id=\"backBtn\"]"}
COMMAND: POST /session/47ba2049a4a554e0204e69511f8743f3/element/f.44BFD905BE7E061E2C6DCB92AA908696.d.12163E7A5E64C38BCE5F433D3F9FDBF1.e.4285/click - {}
COMMAND: POST /session/47ba2049a4a554e0204e69511f8743f3/element - {"using":"xpath","value":"//*[@id=\"backBtn\"]"}
RESULT: {"using":"xpath","value":"//*[@id=\"backBtn\"]"}
COMMAND: POST /session/47ba2049a4a554e0204e69511f8743f3/element/f.44BFD905BE7E061E2C6DCB92AA908696.d.12163E7A5E64C38BCE5F433D3F9FDBF1.e.4580/click - {}
RESULT: {}
COMMAND: GET /session/47ba2049a4a554e0204e69511f8743f3/screenshot - {}
RESULT: {}
]]></system-out>
    </testcase>
    <testcase classname="chrome.135_0_7049_42.windows.Sanity_Tests_US104253" name="Should open Configure System page" time="35.721">
      <system-out><![CDATA[
COMMAND: POST /session/47ba2049a4a554e0204e69511f8743f3/execute/async - {"script":"<script> [1562 bytes]","args":[{"selector":{"controlType":"sap.m.GenericTile","properties":{"header":"Configure System"}},"wdio_ui5_key":"sapm.GenericTile{\"header\":\"Configure System\"}"}]}
RESULT: {"script":"<script> [1562 bytes]","args":[{"selector":{"controlType":"sap.m.GenericTile","properties":{"header":"Configure System"}},"wdio_ui5_key":"sapm.GenericTile{\"header\":\"Configure System\"}"}]}
RESULT: undefined
COMMAND: POST /session/47ba2049a4a554e0204e69511f8743f3/element - {"using":"xpath","value":"//*[@id=\"__tile114\"]"}
RESULT: {"using":"xpath","value":"//*[@id=\"__tile114\"]"}
COMMAND: POST /session/47ba2049a4a554e0204e69511f8743f3/element/f.44BFD905BE7E061E2C6DCB92AA908696.d.12163E7A5E64C38BCE5F433D3F9FDBF1.e.4582/click - {}
RESULT: {}
COMMAND: GET /session/47ba2049a4a554e0204e69511f8743f3/screenshot - {}
RESULT: {}
RESULT: undefined
COMMAND: POST /session/47ba2049a4a554e0204e69511f8743f3/element - {"using":"xpath","value":"//*[@id=\"__tile114\"]"}
RESULT: {"using":"xpath","value":"//*[@id=\"__tile114\"]"}
COMMAND: POST /session/47ba2049a4a554e0204e69511f8743f3/element/f.44BFD905BE7E061E2C6DCB92AA908696.d.12163E7A5E64C38BCE5F433D3F9FDBF1.e.4582/click - {}
RESULT: undefined
COMMAND: POST /session/47ba2049a4a554e0204e69511f8743f3/element - {"using":"xpath","value":"//*[@id=\"__tile114\"]"}
RESULT: {"using":"xpath","value":"//*[@id=\"__tile114\"]"}
COMMAND: POST /session/47ba2049a4a554e0204e69511f8743f3/element/f.44BFD905BE7E061E2C6DCB92AA908696.d.12163E7A5E64C38BCE5F433D3F9FDBF1.e.4582/click - {}
RESULT: undefined
COMMAND: POST /session/47ba2049a4a554e0204e69511f8743f3/execute/async - {"script":"<script> [6424 bytes]","args":[{"element-6066-11e4-a52e-4f735466cecf":"f.44BFD905BE7E061E2C6DCB92AA908696.d.12163E7A5E64C38BCE5F433D3F9FDBF1.e.288"},"getTitle",[]]}
COMMAND: POST /session/47ba2049a4a554e0204e69511f8743f3/execute/async - {"script":"<script> [1562 bytes]","args":[{"selector":{"id":"shellAppTitle"},"wdio_ui5_key":"shellAppTitle"}]}
RESULT: {"script":"<script> [1562 bytes]","args":[{"selector":{"id":"shellAppTitle"},"wdio_ui5_key":"shellAppTitle"}]}
COMMAND: POST /session/47ba2049a4a554e0204e69511f8743f3/execute/async - {"script":"<script> [6424 bytes]","args":[{"element-6066-11e4-a52e-4f735466cecf":"f.44BFD905BE7E061E2C6DCB92AA908696.d.12163E7A5E64C38BCE5F433D3F9FDBF1.e.4623"},"getTitle",[]]}
RESULT: {"script":"<script> [6424 bytes]","args":[{"element-6066-11e4-a52e-4f735466cecf":"f.44BFD905BE7E061E2C6DCB92AA908696.d.12163E7A5E64C38BCE5F433D3F9FDBF1.e.4623"},"getTitle",[]]}
RESULT: undefined
COMMAND: POST /session/47ba2049a4a554e0204e69511f8743f3/element/f.44BFD905BE7E061E2C6DCB92AA908696.d.12163E7A5E64C38BCE5F433D3F9FDBF1.e.4580/click - {}
RESULT: {}
COMMAND: GET /session/47ba2049a4a554e0204e69511f8743f3/screenshot - {}
RESULT: {}
]]></system-out>
    </testcase>
    <testcase classname="chrome.135_0_7049_42.windows.Sanity_Tests_US104253" name="Should open Manage Classifications page" time="35.41">
      <system-out><![CDATA[
COMMAND: POST /session/47ba2049a4a554e0204e69511f8743f3/execute/async - {"script":"<script> [1562 bytes]","args":[{"selector":{"controlType":"sap.m.GenericTile","properties":{"header":"Manage Classifications"}},"wdio_ui5_key":"sapm.GenericTile{\"header\":\"Manage Classifications\"}"}]}
RESULT: {"script":"<script> [1562 bytes]","args":[{"selector":{"controlType":"sap.m.GenericTile","properties":{"header":"Manage Classifications"}},"wdio_ui5_key":"sapm.GenericTile{\"header\":\"Manage Classifications\"}"}]}
RESULT: undefined
COMMAND: POST /session/47ba2049a4a554e0204e69511f8743f3/element - {"using":"xpath","value":"//*[@id=\"__tile115\"]"}
RESULT: {"using":"xpath","value":"//*[@id=\"__tile115\"]"}
COMMAND: POST /session/47ba2049a4a554e0204e69511f8743f3/element/f.44BFD905BE7E061E2C6DCB92AA908696.d.12163E7A5E64C38BCE5F433D3F9FDBF1.e.4627/click - {}
RESULT: {}
COMMAND: GET /session/47ba2049a4a554e0204e69511f8743f3/screenshot - {}
RESULT: {}
RESULT: undefined
COMMAND: POST /session/47ba2049a4a554e0204e69511f8743f3/element - {"using":"xpath","value":"//*[@id=\"__tile115\"]"}
RESULT: {"using":"xpath","value":"//*[@id=\"__tile115\"]"}
COMMAND: POST /session/47ba2049a4a554e0204e69511f8743f3/element/f.44BFD905BE7E061E2C6DCB92AA908696.d.12163E7A5E64C38BCE5F433D3F9FDBF1.e.4627/click - {}
RESULT: undefined
COMMAND: POST /session/47ba2049a4a554e0204e69511f8743f3/element - {"using":"xpath","value":"//*[@id=\"__tile115\"]"}
RESULT: {"using":"xpath","value":"//*[@id=\"__tile115\"]"}
COMMAND: POST /session/47ba2049a4a554e0204e69511f8743f3/element/f.44BFD905BE7E061E2C6DCB92AA908696.d.12163E7A5E64C38BCE5F433D3F9FDBF1.e.4627/click - {}
RESULT: undefined
COMMAND: POST /session/47ba2049a4a554e0204e69511f8743f3/execute/async - {"script":"<script> [6424 bytes]","args":[{"element-6066-11e4-a52e-4f735466cecf":"f.44BFD905BE7E061E2C6DCB92AA908696.d.12163E7A5E64C38BCE5F433D3F9FDBF1.e.288"},"getTitle",[]]}
COMMAND: POST /session/47ba2049a4a554e0204e69511f8743f3/execute/async - {"script":"<script> [1562 bytes]","args":[{"selector":{"id":"shellAppTitle"},"wdio_ui5_key":"shellAppTitle"}]}
RESULT: {"script":"<script> [1562 bytes]","args":[{"selector":{"id":"shellAppTitle"},"wdio_ui5_key":"shellAppTitle"}]}
COMMAND: POST /session/47ba2049a4a554e0204e69511f8743f3/execute/async - {"script":"<script> [6424 bytes]","args":[{"element-6066-11e4-a52e-4f735466cecf":"f.44BFD905BE7E061E2C6DCB92AA908696.d.12163E7A5E64C38BCE5F433D3F9FDBF1.e.4893"},"getTitle",[]]}
RESULT: {"script":"<script> [6424 bytes]","args":[{"element-6066-11e4-a52e-4f735466cecf":"f.44BFD905BE7E061E2C6DCB92AA908696.d.12163E7A5E64C38BCE5F433D3F9FDBF1.e.4893"},"getTitle",[]]}
RESULT: undefined
COMMAND: POST /session/47ba2049a4a554e0204e69511f8743f3/element/f.44BFD905BE7E061E2C6DCB92AA908696.d.12163E7A5E64C38BCE5F433D3F9FDBF1.e.4580/click - {}
COMMAND: POST /session/47ba2049a4a554e0204e69511f8743f3/element - {"using":"xpath","value":"//*[@id=\"backBtn\"]"}
RESULT: {"using":"xpath","value":"//*[@id=\"backBtn\"]"}
COMMAND: POST /session/47ba2049a4a554e0204e69511f8743f3/element/f.44BFD905BE7E061E2C6DCB92AA908696.d.12163E7A5E64C38BCE5F433D3F9FDBF1.e.4580/click - {}
COMMAND: POST /session/47ba2049a4a554e0204e69511f8743f3/element - {"using":"xpath","value":"//*[@id=\"backBtn\"]"}
RESULT: {"using":"xpath","value":"//*[@id=\"backBtn\"]"}
COMMAND: POST /session/47ba2049a4a554e0204e69511f8743f3/element/f.44BFD905BE7E061E2C6DCB92AA908696.d.12163E7A5E64C38BCE5F433D3F9FDBF1.e.4894/click - {}
RESULT: {}
COMMAND: GET /session/47ba2049a4a554e0204e69511f8743f3/screenshot - {}
RESULT: {}
]]></system-out>
    </testcase>
    <testcase classname="chrome.135_0_7049_42.windows.Sanity_Tests_US104253" name="Should open Data Explorer page" time="34.989">
      <system-out><![CDATA[
COMMAND: POST /session/47ba2049a4a554e0204e69511f8743f3/execute/async - {"script":"<script> [1562 bytes]","args":[{"selector":{"controlType":"sap.m.GenericTile","properties":{"header":"Data Explorer"}},"wdio_ui5_key":"sapm.GenericTile{\"header\":\"Data Explorer\"}"}]}
RESULT: {"script":"<script> [1562 bytes]","args":[{"selector":{"controlType":"sap.m.GenericTile","properties":{"header":"Data Explorer"}},"wdio_ui5_key":"sapm.GenericTile{\"header\":\"Data Explorer\"}"}]}
RESULT: undefined
COMMAND: POST /session/47ba2049a4a554e0204e69511f8743f3/element - {"using":"xpath","value":"//*[@id=\"__tile117\"]"}
RESULT: {"using":"xpath","value":"//*[@id=\"__tile117\"]"}
COMMAND: POST /session/47ba2049a4a554e0204e69511f8743f3/element/f.44BFD905BE7E061E2C6DCB92AA908696.d.12163E7A5E64C38BCE5F433D3F9FDBF1.e.4896/click - {}
RESULT: {}
COMMAND: GET /session/47ba2049a4a554e0204e69511f8743f3/screenshot - {}
RESULT: {}
RESULT: undefined
COMMAND: POST /session/47ba2049a4a554e0204e69511f8743f3/element - {"using":"xpath","value":"//*[@id=\"__tile117\"]"}
RESULT: {"using":"xpath","value":"//*[@id=\"__tile117\"]"}
COMMAND: POST /session/47ba2049a4a554e0204e69511f8743f3/element/f.44BFD905BE7E061E2C6DCB92AA908696.d.12163E7A5E64C38BCE5F433D3F9FDBF1.e.4896/click - {}
RESULT: undefined
COMMAND: POST /session/47ba2049a4a554e0204e69511f8743f3/element - {"using":"xpath","value":"//*[@id=\"__tile117\"]"}
RESULT: {"using":"xpath","value":"//*[@id=\"__tile117\"]"}
COMMAND: POST /session/47ba2049a4a554e0204e69511f8743f3/element/f.44BFD905BE7E061E2C6DCB92AA908696.d.12163E7A5E64C38BCE5F433D3F9FDBF1.e.4896/click - {}
RESULT: undefined
COMMAND: POST /session/47ba2049a4a554e0204e69511f8743f3/execute/async - {"script":"<script> [6424 bytes]","args":[{"element-6066-11e4-a52e-4f735466cecf":"f.44BFD905BE7E061E2C6DCB92AA908696.d.12163E7A5E64C38BCE5F433D3F9FDBF1.e.288"},"getTitle",[]]}
COMMAND: POST /session/47ba2049a4a554e0204e69511f8743f3/execute/async - {"script":"<script> [1562 bytes]","args":[{"selector":{"id":"shellAppTitle"},"wdio_ui5_key":"shellAppTitle"}]}
RESULT: {"script":"<script> [1562 bytes]","args":[{"selector":{"id":"shellAppTitle"},"wdio_ui5_key":"shellAppTitle"}]}
COMMAND: POST /session/47ba2049a4a554e0204e69511f8743f3/execute/async - {"script":"<script> [6424 bytes]","args":[{"element-6066-11e4-a52e-4f735466cecf":"f.44BFD905BE7E061E2C6DCB92AA908696.d.12163E7A5E64C38BCE5F433D3F9FDBF1.e.5073"},"getTitle",[]]}
RESULT: {"script":"<script> [6424 bytes]","args":[{"element-6066-11e4-a52e-4f735466cecf":"f.44BFD905BE7E061E2C6DCB92AA908696.d.12163E7A5E64C38BCE5F433D3F9FDBF1.e.5073"},"getTitle",[]]}
RESULT: undefined
COMMAND: POST /session/47ba2049a4a554e0204e69511f8743f3/element/f.44BFD905BE7E061E2C6DCB92AA908696.d.12163E7A5E64C38BCE5F433D3F9FDBF1.e.4894/click - {}
RESULT: {}
COMMAND: GET /session/47ba2049a4a554e0204e69511f8743f3/screenshot - {}
RESULT: {}
]]></system-out>
    </testcase>
    <testcase classname="chrome.135_0_7049_42.windows.Sanity_Tests_US104253" name="Should open Performance Monitor page" time="38.446">
      <system-out><![CDATA[
COMMAND: POST /session/47ba2049a4a554e0204e69511f8743f3/execute/async - {"script":"<script> [1562 bytes]","args":[{"selector":{"controlType":"sap.m.GenericTile","properties":{"header":"Performance Monitor"}},"wdio_ui5_key":"sapm.GenericTile{\"header\":\"Performance Monitor\"}"}]}
RESULT: {"script":"<script> [1562 bytes]","args":[{"selector":{"controlType":"sap.m.GenericTile","properties":{"header":"Performance Monitor"}},"wdio_ui5_key":"sapm.GenericTile{\"header\":\"Performance Monitor\"}"}]}
RESULT: undefined
COMMAND: POST /session/47ba2049a4a554e0204e69511f8743f3/element - {"using":"xpath","value":"//*[@id=\"__tile116\"]"}
RESULT: {"using":"xpath","value":"//*[@id=\"__tile116\"]"}
COMMAND: POST /session/47ba2049a4a554e0204e69511f8743f3/element/f.44BFD905BE7E061E2C6DCB92AA908696.d.12163E7A5E64C38BCE5F433D3F9FDBF1.e.5075/click - {}
RESULT: {}
COMMAND: GET /session/47ba2049a4a554e0204e69511f8743f3/screenshot - {}
RESULT: {}
RESULT: undefined
COMMAND: POST /session/47ba2049a4a554e0204e69511f8743f3/element - {"using":"xpath","value":"//*[@id=\"__tile116\"]"}
RESULT: {"using":"xpath","value":"//*[@id=\"__tile116\"]"}
COMMAND: POST /session/47ba2049a4a554e0204e69511f8743f3/element/f.44BFD905BE7E061E2C6DCB92AA908696.d.12163E7A5E64C38BCE5F433D3F9FDBF1.e.5075/click - {}
RESULT: undefined
COMMAND: POST /session/47ba2049a4a554e0204e69511f8743f3/element - {"using":"xpath","value":"//*[@id=\"__tile116\"]"}
RESULT: {"using":"xpath","value":"//*[@id=\"__tile116\"]"}
COMMAND: POST /session/47ba2049a4a554e0204e69511f8743f3/element/f.44BFD905BE7E061E2C6DCB92AA908696.d.12163E7A5E64C38BCE5F433D3F9FDBF1.e.5075/click - {}
RESULT: undefined
COMMAND: POST /session/47ba2049a4a554e0204e69511f8743f3/execute/async - {"script":"<script> [6424 bytes]","args":[{"element-6066-11e4-a52e-4f735466cecf":"f.44BFD905BE7E061E2C6DCB92AA908696.d.12163E7A5E64C38BCE5F433D3F9FDBF1.e.288"},"getTitle",[]]}
COMMAND: POST /session/47ba2049a4a554e0204e69511f8743f3/execute/async - {"script":"<script> [1562 bytes]","args":[{"selector":{"id":"shellAppTitle"},"wdio_ui5_key":"shellAppTitle"}]}
RESULT: {"script":"<script> [1562 bytes]","args":[{"selector":{"id":"shellAppTitle"},"wdio_ui5_key":"shellAppTitle"}]}
COMMAND: POST /session/47ba2049a4a554e0204e69511f8743f3/execute/async - {"script":"<script> [6424 bytes]","args":[{"element-6066-11e4-a52e-4f735466cecf":"f.44BFD905BE7E061E2C6DCB92AA908696.d.12163E7A5E64C38BCE5F433D3F9FDBF1.e.5116"},"getTitle",[]]}
RESULT: {"script":"<script> [6424 bytes]","args":[{"element-6066-11e4-a52e-4f735466cecf":"f.44BFD905BE7E061E2C6DCB92AA908696.d.12163E7A5E64C38BCE5F433D3F9FDBF1.e.5116"},"getTitle",[]]}
RESULT: undefined
COMMAND: POST /session/47ba2049a4a554e0204e69511f8743f3/element/f.44BFD905BE7E061E2C6DCB92AA908696.d.12163E7A5E64C38BCE5F433D3F9FDBF1.e.4894/click - {}
COMMAND: POST /session/47ba2049a4a554e0204e69511f8743f3/element - {"using":"xpath","value":"//*[@id=\"backBtn\"]"}
RESULT: {"using":"xpath","value":"//*[@id=\"backBtn\"]"}
COMMAND: POST /session/47ba2049a4a554e0204e69511f8743f3/element/f.44BFD905BE7E061E2C6DCB92AA908696.d.12163E7A5E64C38BCE5F433D3F9FDBF1.e.4894/click - {}
COMMAND: POST /session/47ba2049a4a554e0204e69511f8743f3/element - {"using":"xpath","value":"//*[@id=\"backBtn\"]"}
RESULT: {"using":"xpath","value":"//*[@id=\"backBtn\"]"}
COMMAND: POST /session/47ba2049a4a554e0204e69511f8743f3/element/f.44BFD905BE7E061E2C6DCB92AA908696.d.12163E7A5E64C38BCE5F433D3F9FDBF1.e.5117/click - {}
RESULT: {}
COMMAND: GET /session/47ba2049a4a554e0204e69511f8743f3/screenshot - {}
RESULT: {}
]]></system-out>
    </testcase>
    <testcase classname="chrome.135_0_7049_42.windows.Sanity_Tests_US104253" name="Should open Organizational Model page" time="33.398">
      <system-out><![CDATA[
COMMAND: POST /session/47ba2049a4a554e0204e69511f8743f3/execute/async - {"script":"<script> [1562 bytes]","args":[{"selector":{"controlType":"sap.m.GenericTile","properties":{"header":"Organizational Model"}},"wdio_ui5_key":"sapm.GenericTile{\"header\":\"Organizational Model\"}"}]}
RESULT: {"script":"<script> [1562 bytes]","args":[{"selector":{"controlType":"sap.m.GenericTile","properties":{"header":"Organizational Model"}},"wdio_ui5_key":"sapm.GenericTile{\"header\":\"Organizational Model\"}"}]}
RESULT: undefined
COMMAND: POST /session/47ba2049a4a554e0204e69511f8743f3/element - {"using":"xpath","value":"//*[@id=\"__tile120\"]"}
RESULT: {"using":"xpath","value":"//*[@id=\"__tile120\"]"}
COMMAND: POST /session/47ba2049a4a554e0204e69511f8743f3/element/f.44BFD905BE7E061E2C6DCB92AA908696.d.12163E7A5E64C38BCE5F433D3F9FDBF1.e.5119/click - {}
RESULT: {}
COMMAND: GET /session/47ba2049a4a554e0204e69511f8743f3/screenshot - {}
RESULT: {}
RESULT: undefined
COMMAND: POST /session/47ba2049a4a554e0204e69511f8743f3/element - {"using":"xpath","value":"//*[@id=\"__tile120\"]"}
RESULT: {"using":"xpath","value":"//*[@id=\"__tile120\"]"}
COMMAND: POST /session/47ba2049a4a554e0204e69511f8743f3/element/f.44BFD905BE7E061E2C6DCB92AA908696.d.12163E7A5E64C38BCE5F433D3F9FDBF1.e.5119/click - {}
RESULT: undefined
COMMAND: POST /session/47ba2049a4a554e0204e69511f8743f3/element - {"using":"xpath","value":"//*[@id=\"__tile120\"]"}
RESULT: {"using":"xpath","value":"//*[@id=\"__tile120\"]"}
COMMAND: POST /session/47ba2049a4a554e0204e69511f8743f3/element/f.44BFD905BE7E061E2C6DCB92AA908696.d.12163E7A5E64C38BCE5F433D3F9FDBF1.e.5119/click - {}
RESULT: undefined
COMMAND: POST /session/47ba2049a4a554e0204e69511f8743f3/execute/async - {"script":"<script> [6424 bytes]","args":[{"element-6066-11e4-a52e-4f735466cecf":"f.44BFD905BE7E061E2C6DCB92AA908696.d.12163E7A5E64C38BCE5F433D3F9FDBF1.e.288"},"getTitle",[]]}
COMMAND: POST /session/47ba2049a4a554e0204e69511f8743f3/execute/async - {"script":"<script> [1562 bytes]","args":[{"selector":{"id":"shellAppTitle"},"wdio_ui5_key":"shellAppTitle"}]}
RESULT: {"script":"<script> [1562 bytes]","args":[{"selector":{"id":"shellAppTitle"},"wdio_ui5_key":"shellAppTitle"}]}
COMMAND: POST /session/47ba2049a4a554e0204e69511f8743f3/execute/async - {"script":"<script> [6424 bytes]","args":[{"element-6066-11e4-a52e-4f735466cecf":"f.44BFD905BE7E061E2C6DCB92AA908696.d.12163E7A5E64C38BCE5F433D3F9FDBF1.e.5137"},"getTitle",[]]}
RESULT: {"script":"<script> [6424 bytes]","args":[{"element-6066-11e4-a52e-4f735466cecf":"f.44BFD905BE7E061E2C6DCB92AA908696.d.12163E7A5E64C38BCE5F433D3F9FDBF1.e.5137"},"getTitle",[]]}
RESULT: undefined
COMMAND: POST /session/47ba2049a4a554e0204e69511f8743f3/element/f.44BFD905BE7E061E2C6DCB92AA908696.d.12163E7A5E64C38BCE5F433D3F9FDBF1.e.5117/click - {}
RESULT: {}
COMMAND: GET /session/47ba2049a4a554e0204e69511f8743f3/screenshot - {}
RESULT: {}
]]></system-out>
    </testcase>
    <testcase classname="chrome.135_0_7049_42.windows.Sanity_Tests_US104253" name="Should open Manage Roles page" time="31.39">
      <system-out><![CDATA[
COMMAND: POST /session/47ba2049a4a554e0204e69511f8743f3/execute/async - {"script":"<script> [1562 bytes]","args":[{"selector":{"controlType":"sap.m.GenericTile","properties":{"header":"Manage Roles"}},"wdio_ui5_key":"sapm.GenericTile{\"header\":\"Manage Roles\"}"}]}
RESULT: {"script":"<script> [1562 bytes]","args":[{"selector":{"controlType":"sap.m.GenericTile","properties":{"header":"Manage Roles"}},"wdio_ui5_key":"sapm.GenericTile{\"header\":\"Manage Roles\"}"}]}
RESULT: undefined
COMMAND: POST /session/47ba2049a4a554e0204e69511f8743f3/element - {"using":"xpath","value":"//*[@id=\"__tile119\"]"}
RESULT: {"using":"xpath","value":"//*[@id=\"__tile119\"]"}
COMMAND: POST /session/47ba2049a4a554e0204e69511f8743f3/element/f.44BFD905BE7E061E2C6DCB92AA908696.d.12163E7A5E64C38BCE5F433D3F9FDBF1.e.5141/click - {}
RESULT: {}
COMMAND: GET /session/47ba2049a4a554e0204e69511f8743f3/screenshot - {}
RESULT: {}
RESULT: undefined
COMMAND: POST /session/47ba2049a4a554e0204e69511f8743f3/element - {"using":"xpath","value":"//*[@id=\"__tile119\"]"}
RESULT: {"using":"xpath","value":"//*[@id=\"__tile119\"]"}
COMMAND: POST /session/47ba2049a4a554e0204e69511f8743f3/element/f.44BFD905BE7E061E2C6DCB92AA908696.d.12163E7A5E64C38BCE5F433D3F9FDBF1.e.5141/click - {}
RESULT: undefined
COMMAND: POST /session/47ba2049a4a554e0204e69511f8743f3/element - {"using":"xpath","value":"//*[@id=\"__tile119\"]"}
RESULT: {"using":"xpath","value":"//*[@id=\"__tile119\"]"}
COMMAND: POST /session/47ba2049a4a554e0204e69511f8743f3/element/f.44BFD905BE7E061E2C6DCB92AA908696.d.12163E7A5E64C38BCE5F433D3F9FDBF1.e.5141/click - {}
RESULT: undefined
COMMAND: POST /session/47ba2049a4a554e0204e69511f8743f3/execute/async - {"script":"<script> [6424 bytes]","args":[{"element-6066-11e4-a52e-4f735466cecf":"f.44BFD905BE7E061E2C6DCB92AA908696.d.12163E7A5E64C38BCE5F433D3F9FDBF1.e.288"},"getTitle",[]]}
COMMAND: POST /session/47ba2049a4a554e0204e69511f8743f3/execute/async - {"script":"<script> [1562 bytes]","args":[{"selector":{"id":"shellAppTitle"},"wdio_ui5_key":"shellAppTitle"}]}
RESULT: {"script":"<script> [1562 bytes]","args":[{"selector":{"id":"shellAppTitle"},"wdio_ui5_key":"shellAppTitle"}]}
COMMAND: POST /session/47ba2049a4a554e0204e69511f8743f3/execute/async - {"script":"<script> [6424 bytes]","args":[{"element-6066-11e4-a52e-4f735466cecf":"f.44BFD905BE7E061E2C6DCB92AA908696.d.12163E7A5E64C38BCE5F433D3F9FDBF1.e.5185"},"getTitle",[]]}
RESULT: {"script":"<script> [6424 bytes]","args":[{"element-6066-11e4-a52e-4f735466cecf":"f.44BFD905BE7E061E2C6DCB92AA908696.d.12163E7A5E64C38BCE5F433D3F9FDBF1.e.5185"},"getTitle",[]]}
RESULT: undefined
COMMAND: POST /session/47ba2049a4a554e0204e69511f8743f3/element/f.44BFD905BE7E061E2C6DCB92AA908696.d.12163E7A5E64C38BCE5F433D3F9FDBF1.e.5117/click - {}
COMMAND: POST /session/47ba2049a4a554e0204e69511f8743f3/element - {"using":"xpath","value":"//*[@id=\"backBtn\"]"}
RESULT: {"using":"xpath","value":"//*[@id=\"backBtn\"]"}
COMMAND: POST /session/47ba2049a4a554e0204e69511f8743f3/element/f.44BFD905BE7E061E2C6DCB92AA908696.d.12163E7A5E64C38BCE5F433D3F9FDBF1.e.5117/click - {}
COMMAND: POST /session/47ba2049a4a554e0204e69511f8743f3/element - {"using":"xpath","value":"//*[@id=\"backBtn\"]"}
RESULT: {"using":"xpath","value":"//*[@id=\"backBtn\"]"}
COMMAND: POST /session/47ba2049a4a554e0204e69511f8743f3/element/f.44BFD905BE7E061E2C6DCB92AA908696.d.12163E7A5E64C38BCE5F433D3F9FDBF1.e.5186/click - {}
RESULT: {}
COMMAND: GET /session/47ba2049a4a554e0204e69511f8743f3/screenshot - {}
RESULT: {}
]]></system-out>
    </testcase>
    <testcase classname="chrome.135_0_7049_42.windows.Sanity_Tests_US104253" name="Should open Authorization Tables page" time="34.482">
      <system-out><![CDATA[
COMMAND: POST /session/47ba2049a4a554e0204e69511f8743f3/execute/async - {"script":"<script> [1562 bytes]","args":[{"selector":{"controlType":"sap.m.GenericTile","properties":{"header":"Authorization Tables"}},"wdio_ui5_key":"sapm.GenericTile{\"header\":\"Authorization Tables\"}"}]}
RESULT: {"script":"<script> [1562 bytes]","args":[{"selector":{"controlType":"sap.m.GenericTile","properties":{"header":"Authorization Tables"}},"wdio_ui5_key":"sapm.GenericTile{\"header\":\"Authorization Tables\"}"}]}
RESULT: undefined
COMMAND: POST /session/47ba2049a4a554e0204e69511f8743f3/element - {"using":"xpath","value":"//*[@id=\"__tile118\"]"}
RESULT: {"using":"xpath","value":"//*[@id=\"__tile118\"]"}
COMMAND: POST /session/47ba2049a4a554e0204e69511f8743f3/element/f.44BFD905BE7E061E2C6DCB92AA908696.d.12163E7A5E64C38BCE5F433D3F9FDBF1.e.5188/click - {}
RESULT: {}
COMMAND: GET /session/47ba2049a4a554e0204e69511f8743f3/screenshot - {}
RESULT: {}
RESULT: undefined
COMMAND: POST /session/47ba2049a4a554e0204e69511f8743f3/element - {"using":"xpath","value":"//*[@id=\"__tile118\"]"}
RESULT: {"using":"xpath","value":"//*[@id=\"__tile118\"]"}
COMMAND: POST /session/47ba2049a4a554e0204e69511f8743f3/element/f.44BFD905BE7E061E2C6DCB92AA908696.d.12163E7A5E64C38BCE5F433D3F9FDBF1.e.5188/click - {}
RESULT: undefined
COMMAND: POST /session/47ba2049a4a554e0204e69511f8743f3/element - {"using":"xpath","value":"//*[@id=\"__tile118\"]"}
RESULT: {"using":"xpath","value":"//*[@id=\"__tile118\"]"}
COMMAND: POST /session/47ba2049a4a554e0204e69511f8743f3/element/f.44BFD905BE7E061E2C6DCB92AA908696.d.12163E7A5E64C38BCE5F433D3F9FDBF1.e.5188/click - {}
RESULT: undefined
COMMAND: POST /session/47ba2049a4a554e0204e69511f8743f3/execute/async - {"script":"<script> [6424 bytes]","args":[{"element-6066-11e4-a52e-4f735466cecf":"f.44BFD905BE7E061E2C6DCB92AA908696.d.12163E7A5E64C38BCE5F433D3F9FDBF1.e.288"},"getTitle",[]]}
COMMAND: POST /session/47ba2049a4a554e0204e69511f8743f3/execute/async - {"script":"<script> [1562 bytes]","args":[{"selector":{"id":"shellAppTitle"},"wdio_ui5_key":"shellAppTitle"}]}
RESULT: {"script":"<script> [1562 bytes]","args":[{"selector":{"id":"shellAppTitle"},"wdio_ui5_key":"shellAppTitle"}]}
COMMAND: POST /session/47ba2049a4a554e0204e69511f8743f3/execute/async - {"script":"<script> [6424 bytes]","args":[{"element-6066-11e4-a52e-4f735466cecf":"f.44BFD905BE7E061E2C6DCB92AA908696.d.12163E7A5E64C38BCE5F433D3F9FDBF1.e.5271"},"getTitle",[]]}
RESULT: {"script":"<script> [6424 bytes]","args":[{"element-6066-11e4-a52e-4f735466cecf":"f.44BFD905BE7E061E2C6DCB92AA908696.d.12163E7A5E64C38BCE5F433D3F9FDBF1.e.5271"},"getTitle",[]]}
RESULT: undefined
COMMAND: POST /session/47ba2049a4a554e0204e69511f8743f3/element/f.44BFD905BE7E061E2C6DCB92AA908696.d.12163E7A5E64C38BCE5F433D3F9FDBF1.e.5186/click - {}
RESULT: {}
COMMAND: GET /session/47ba2049a4a554e0204e69511f8743f3/screenshot - {}
RESULT: {}
]]></system-out>
    </testcase>
    <testcase classname="chrome.135_0_7049_42.windows.Sanity_Tests_US104253" name="Should open User Maintenance page" time="34.374">
      <system-out><![CDATA[
COMMAND: POST /session/47ba2049a4a554e0204e69511f8743f3/execute/async - {"script":"<script> [1562 bytes]","args":[{"selector":{"controlType":"sap.m.GenericTile","properties":{"header":"User Maintenance"}},"wdio_ui5_key":"sapm.GenericTile{\"header\":\"User Maintenance\"}"}]}
RESULT: {"script":"<script> [1562 bytes]","args":[{"selector":{"controlType":"sap.m.GenericTile","properties":{"header":"User Maintenance"}},"wdio_ui5_key":"sapm.GenericTile{\"header\":\"User Maintenance\"}"}]}
RESULT: undefined
COMMAND: POST /session/47ba2049a4a554e0204e69511f8743f3/element - {"using":"xpath","value":"//*[@id=\"__tile121\"]"}
RESULT: {"using":"xpath","value":"//*[@id=\"__tile121\"]"}
COMMAND: POST /session/47ba2049a4a554e0204e69511f8743f3/element/f.44BFD905BE7E061E2C6DCB92AA908696.d.12163E7A5E64C38BCE5F433D3F9FDBF1.e.5273/click - {}
RESULT: {}
COMMAND: GET /session/47ba2049a4a554e0204e69511f8743f3/screenshot - {}
RESULT: {}
RESULT: undefined
COMMAND: POST /session/47ba2049a4a554e0204e69511f8743f3/element - {"using":"xpath","value":"//*[@id=\"__tile121\"]"}
RESULT: {"using":"xpath","value":"//*[@id=\"__tile121\"]"}
COMMAND: POST /session/47ba2049a4a554e0204e69511f8743f3/element/f.44BFD905BE7E061E2C6DCB92AA908696.d.12163E7A5E64C38BCE5F433D3F9FDBF1.e.5273/click - {}
RESULT: undefined
COMMAND: POST /session/47ba2049a4a554e0204e69511f8743f3/element - {"using":"xpath","value":"//*[@id=\"__tile121\"]"}
RESULT: {"using":"xpath","value":"//*[@id=\"__tile121\"]"}
COMMAND: POST /session/47ba2049a4a554e0204e69511f8743f3/element/f.44BFD905BE7E061E2C6DCB92AA908696.d.12163E7A5E64C38BCE5F433D3F9FDBF1.e.5273/click - {}
RESULT: undefined
COMMAND: POST /session/47ba2049a4a554e0204e69511f8743f3/execute/async - {"script":"<script> [6424 bytes]","args":[{"element-6066-11e4-a52e-4f735466cecf":"f.44BFD905BE7E061E2C6DCB92AA908696.d.12163E7A5E64C38BCE5F433D3F9FDBF1.e.288"},"getTitle",[]]}
COMMAND: POST /session/47ba2049a4a554e0204e69511f8743f3/execute/async - {"script":"<script> [1562 bytes]","args":[{"selector":{"id":"shellAppTitle"},"wdio_ui5_key":"shellAppTitle"}]}
RESULT: {"script":"<script> [1562 bytes]","args":[{"selector":{"id":"shellAppTitle"},"wdio_ui5_key":"shellAppTitle"}]}
COMMAND: POST /session/47ba2049a4a554e0204e69511f8743f3/execute/async - {"script":"<script> [6424 bytes]","args":[{"element-6066-11e4-a52e-4f735466cecf":"f.44BFD905BE7E061E2C6DCB92AA908696.d.12163E7A5E64C38BCE5F433D3F9FDBF1.e.5362"},"getTitle",[]]}
RESULT: {"script":"<script> [6424 bytes]","args":[{"element-6066-11e4-a52e-4f735466cecf":"f.44BFD905BE7E061E2C6DCB92AA908696.d.12163E7A5E64C38BCE5F433D3F9FDBF1.e.5362"},"getTitle",[]]}
RESULT: undefined
COMMAND: POST /session/47ba2049a4a554e0204e69511f8743f3/element/f.44BFD905BE7E061E2C6DCB92AA908696.d.12163E7A5E64C38BCE5F433D3F9FDBF1.e.5186/click - {}
COMMAND: POST /session/47ba2049a4a554e0204e69511f8743f3/element - {"using":"xpath","value":"//*[@id=\"backBtn\"]"}
RESULT: {"using":"xpath","value":"//*[@id=\"backBtn\"]"}
COMMAND: POST /session/47ba2049a4a554e0204e69511f8743f3/element/f.44BFD905BE7E061E2C6DCB92AA908696.d.12163E7A5E64C38BCE5F433D3F9FDBF1.e.5186/click - {}
COMMAND: POST /session/47ba2049a4a554e0204e69511f8743f3/element - {"using":"xpath","value":"//*[@id=\"backBtn\"]"}
RESULT: {"using":"xpath","value":"//*[@id=\"backBtn\"]"}
COMMAND: POST /session/47ba2049a4a554e0204e69511f8743f3/element/f.44BFD905BE7E061E2C6DCB92AA908696.d.12163E7A5E64C38BCE5F433D3F9FDBF1.e.5363/click - {}
RESULT: {}
COMMAND: GET /session/47ba2049a4a554e0204e69511f8743f3/screenshot - {}
RESULT: {}
]]></system-out>
    </testcase>
    <testcase classname="chrome.135_0_7049_42.windows.Sanity_Tests_US104253" name="Should open Schedule Jobs page" time="26.547">
      <system-out><![CDATA[
COMMAND: POST /session/47ba2049a4a554e0204e69511f8743f3/execute/async - {"script":"<script> [1562 bytes]","args":[{"selector":{"controlType":"sap.m.GenericTile","properties":{"header":"Schedule Jobs"}},"wdio_ui5_key":"sapm.GenericTile{\"header\":\"Schedule Jobs\"}"}]}
RESULT: {"script":"<script> [1562 bytes]","args":[{"selector":{"controlType":"sap.m.GenericTile","properties":{"header":"Schedule Jobs"}},"wdio_ui5_key":"sapm.GenericTile{\"header\":\"Schedule Jobs\"}"}]}
RESULT: undefined
COMMAND: POST /session/47ba2049a4a554e0204e69511f8743f3/element - {"using":"xpath","value":"//*[@id=\"__tile127\"]"}
RESULT: {"using":"xpath","value":"//*[@id=\"__tile127\"]"}
COMMAND: POST /session/47ba2049a4a554e0204e69511f8743f3/element/f.44BFD905BE7E061E2C6DCB92AA908696.d.12163E7A5E64C38BCE5F433D3F9FDBF1.e.5366/click - {}
RESULT: {}
COMMAND: GET /session/47ba2049a4a554e0204e69511f8743f3/screenshot - {}
RESULT: {}
RESULT: undefined
COMMAND: POST /session/47ba2049a4a554e0204e69511f8743f3/element - {"using":"xpath","value":"//*[@id=\"__tile127\"]"}
RESULT: {"using":"xpath","value":"//*[@id=\"__tile127\"]"}
COMMAND: POST /session/47ba2049a4a554e0204e69511f8743f3/element/f.44BFD905BE7E061E2C6DCB92AA908696.d.12163E7A5E64C38BCE5F433D3F9FDBF1.e.5366/click - {}
RESULT: undefined
COMMAND: POST /session/47ba2049a4a554e0204e69511f8743f3/element - {"using":"xpath","value":"//*[@id=\"__tile127\"]"}
RESULT: {"using":"xpath","value":"//*[@id=\"__tile127\"]"}
COMMAND: POST /session/47ba2049a4a554e0204e69511f8743f3/element/f.44BFD905BE7E061E2C6DCB92AA908696.d.12163E7A5E64C38BCE5F433D3F9FDBF1.e.5366/click - {}
RESULT: undefined
COMMAND: POST /session/47ba2049a4a554e0204e69511f8743f3/execute/async - {"script":"<script> [6424 bytes]","args":[{"element-6066-11e4-a52e-4f735466cecf":"f.44BFD905BE7E061E2C6DCB92AA908696.d.12163E7A5E64C38BCE5F433D3F9FDBF1.e.288"},"getTitle",[]]}
COMMAND: POST /session/47ba2049a4a554e0204e69511f8743f3/execute/async - {"script":"<script> [1562 bytes]","args":[{"selector":{"id":"shellAppTitle"},"wdio_ui5_key":"shellAppTitle"}]}
RESULT: {"script":"<script> [1562 bytes]","args":[{"selector":{"id":"shellAppTitle"},"wdio_ui5_key":"shellAppTitle"}]}
COMMAND: POST /session/47ba2049a4a554e0204e69511f8743f3/execute/async - {"script":"<script> [6424 bytes]","args":[{"element-6066-11e4-a52e-4f735466cecf":"f.44BFD905BE7E061E2C6DCB92AA908696.d.12163E7A5E64C38BCE5F433D3F9FDBF1.e.5412"},"getTitle",[]]}
RESULT: {"script":"<script> [6424 bytes]","args":[{"element-6066-11e4-a52e-4f735466cecf":"f.44BFD905BE7E061E2C6DCB92AA908696.d.12163E7A5E64C38BCE5F433D3F9FDBF1.e.5412"},"getTitle",[]]}
RESULT: undefined
COMMAND: POST /session/47ba2049a4a554e0204e69511f8743f3/element/f.44BFD905BE7E061E2C6DCB92AA908696.d.12163E7A5E64C38BCE5F433D3F9FDBF1.e.5363/click - {}
COMMAND: POST /session/47ba2049a4a554e0204e69511f8743f3/element/f.44BFD905BE7E061E2C6DCB92AA908696.d.12163E7A5E64C38BCE5F433D3F9FDBF1.e.5363/click - {}
RESULT: {}
COMMAND: GET /session/47ba2049a4a554e0204e69511f8743f3/screenshot - {}
COMMAND: POST /session/47ba2049a4a554e0204e69511f8743f3/element - {"using":"xpath","value":"//*[@id=\"backBtn\"]"}
RESULT: {}
RESULT: {"using":"xpath","value":"//*[@id=\"backBtn\"]"}
COMMAND: POST /session/47ba2049a4a554e0204e69511f8743f3/elements - {"using":"xpath","value":"//*[@id=\"backBtn\"]"}
RESULT: {"using":"xpath","value":"//*[@id=\"backBtn\"]"}
COMMAND: POST /session/47ba2049a4a554e0204e69511f8743f3/elements - {"using":"xpath","value":"//*[@id=\"backBtn\"]"}
RESULT: {"using":"xpath","value":"//*[@id=\"backBtn\"]"}
COMMAND: POST /session/47ba2049a4a554e0204e69511f8743f3/elements - {"using":"xpath","value":"//*[@id=\"backBtn\"]"}
RESULT: {"using":"xpath","value":"//*[@id=\"backBtn\"]"}
COMMAND: POST /session/47ba2049a4a554e0204e69511f8743f3/elements - {"using":"xpath","value":"//*[@id=\"backBtn\"]"}
RESULT: {"using":"xpath","value":"//*[@id=\"backBtn\"]"}
COMMAND: POST /session/47ba2049a4a554e0204e69511f8743f3/elements - {"using":"xpath","value":"//*[@id=\"backBtn\"]"}
RESULT: {"using":"xpath","value":"//*[@id=\"backBtn\"]"}
COMMAND: POST /session/47ba2049a4a554e0204e69511f8743f3/elements - {"using":"xpath","value":"//*[@id=\"backBtn\"]"}
RESULT: {"using":"xpath","value":"//*[@id=\"backBtn\"]"}
COMMAND: POST /session/47ba2049a4a554e0204e69511f8743f3/elements - {"using":"xpath","value":"//*[@id=\"backBtn\"]"}
RESULT: {"using":"xpath","value":"//*[@id=\"backBtn\"]"}
COMMAND: POST /session/47ba2049a4a554e0204e69511f8743f3/elements - {"using":"xpath","value":"//*[@id=\"backBtn\"]"}
RESULT: {"using":"xpath","value":"//*[@id=\"backBtn\"]"}
COMMAND: POST /session/47ba2049a4a554e0204e69511f8743f3/elements - {"using":"xpath","value":"//*[@id=\"backBtn\"]"}
RESULT: {"using":"xpath","value":"//*[@id=\"backBtn\"]"}
COMMAND: POST /session/47ba2049a4a554e0204e69511f8743f3/elements - {"using":"xpath","value":"//*[@id=\"backBtn\"]"}
RESULT: {"using":"xpath","value":"//*[@id=\"backBtn\"]"}
COMMAND: POST /session/47ba2049a4a554e0204e69511f8743f3/elements - {"using":"xpath","value":"//*[@id=\"backBtn\"]"}
RESULT: {"using":"xpath","value":"//*[@id=\"backBtn\"]"}
COMMAND: POST /session/47ba2049a4a554e0204e69511f8743f3/elements - {"using":"xpath","value":"//*[@id=\"backBtn\"]"}
RESULT: {"using":"xpath","value":"//*[@id=\"backBtn\"]"}
COMMAND: POST /session/47ba2049a4a554e0204e69511f8743f3/elements - {"using":"xpath","value":"//*[@id=\"backBtn\"]"}
RESULT: {"using":"xpath","value":"//*[@id=\"backBtn\"]"}
COMMAND: POST /session/47ba2049a4a554e0204e69511f8743f3/elements - {"using":"xpath","value":"//*[@id=\"backBtn\"]"}
RESULT: {"using":"xpath","value":"//*[@id=\"backBtn\"]"}
COMMAND: POST /session/47ba2049a4a554e0204e69511f8743f3/elements - {"using":"xpath","value":"//*[@id=\"backBtn\"]"}
RESULT: {"using":"xpath","value":"//*[@id=\"backBtn\"]"}
COMMAND: POST /session/47ba2049a4a554e0204e69511f8743f3/elements - {"using":"xpath","value":"//*[@id=\"backBtn\"]"}
RESULT: {"using":"xpath","value":"//*[@id=\"backBtn\"]"}
COMMAND: POST /session/47ba2049a4a554e0204e69511f8743f3/elements - {"using":"xpath","value":"//*[@id=\"backBtn\"]"}
RESULT: {"using":"xpath","value":"//*[@id=\"backBtn\"]"}
COMMAND: POST /session/47ba2049a4a554e0204e69511f8743f3/elements - {"using":"xpath","value":"//*[@id=\"backBtn\"]"}
RESULT: {"using":"xpath","value":"//*[@id=\"backBtn\"]"}
COMMAND: POST /session/47ba2049a4a554e0204e69511f8743f3/elements - {"using":"xpath","value":"//*[@id=\"backBtn\"]"}
RESULT: {"using":"xpath","value":"//*[@id=\"backBtn\"]"}
COMMAND: POST /session/47ba2049a4a554e0204e69511f8743f3/elements - {"using":"xpath","value":"//*[@id=\"backBtn\"]"}
RESULT: {"using":"xpath","value":"//*[@id=\"backBtn\"]"}
]]></system-out>
    </testcase>
    <testcase classname="chrome.135_0_7049_42.windows.Sanity_Tests_US104253" name="Should open Jobs Setup page" time="26.445">
      <system-out><![CDATA[
COMMAND: POST /session/47ba2049a4a554e0204e69511f8743f3/execute/async - {"script":"<script> [1562 bytes]","args":[{"selector":{"controlType":"sap.m.GenericTile","properties":{"header":"Jobs Setup"}},"wdio_ui5_key":"sapm.GenericTile{\"header\":\"Jobs Setup\"}"}]}
COMMAND: POST /session/47ba2049a4a554e0204e69511f8743f3/elements - {"using":"xpath","value":"//*[@id=\"backBtn\"]"}
RESULT: {"script":"<script> [1562 bytes]","args":[{"selector":{"controlType":"sap.m.GenericTile","properties":{"header":"Jobs Setup"}},"wdio_ui5_key":"sapm.GenericTile{\"header\":\"Jobs Setup\"}"}]}
RESULT: undefined
COMMAND: POST /session/47ba2049a4a554e0204e69511f8743f3/element - {"using":"xpath","value":"//*[@id=\"__tile128\"]"}
RESULT: {"using":"xpath","value":"//*[@id=\"backBtn\"]"}
RESULT: {"using":"xpath","value":"//*[@id=\"__tile128\"]"}
COMMAND: POST /session/47ba2049a4a554e0204e69511f8743f3/element/f.44BFD905BE7E061E2C6DCB92AA908696.d.12163E7A5E64C38BCE5F433D3F9FDBF1.e.5414/click - {}
COMMAND: POST /session/47ba2049a4a554e0204e69511f8743f3/elements - {"using":"xpath","value":"//*[@id=\"backBtn\"]"}
RESULT: {}
COMMAND: GET /session/47ba2049a4a554e0204e69511f8743f3/screenshot - {}
RESULT: {"using":"xpath","value":"//*[@id=\"backBtn\"]"}
RESULT: {}
COMMAND: POST /session/47ba2049a4a554e0204e69511f8743f3/elements - {"using":"xpath","value":"//*[@id=\"backBtn\"]"}
RESULT: {"using":"xpath","value":"//*[@id=\"backBtn\"]"}
COMMAND: POST /session/47ba2049a4a554e0204e69511f8743f3/element - {"using":"xpath","value":"//*[@id=\"backBtn\"]"}
RESULT: {"using":"xpath","value":"//*[@id=\"backBtn\"]"}
COMMAND: POST /session/47ba2049a4a554e0204e69511f8743f3/element/f.44BFD905BE7E061E2C6DCB92AA908696.d.12163E7A5E64C38BCE5F433D3F9FDBF1.e.5363/click - {}
COMMAND: POST /session/47ba2049a4a554e0204e69511f8743f3/element - {"using":"xpath","value":"//*[@id=\"backBtn\"]"}
RESULT: {"using":"xpath","value":"//*[@id=\"backBtn\"]"}
COMMAND: POST /session/47ba2049a4a554e0204e69511f8743f3/element/f.44BFD905BE7E061E2C6DCB92AA908696.d.12163E7A5E64C38BCE5F433D3F9FDBF1.e.5474/click - {}
RESULT: {}
COMMAND: GET /session/47ba2049a4a554e0204e69511f8743f3/screenshot - {}
RESULT: {}
RESULT: undefined
COMMAND: POST /session/47ba2049a4a554e0204e69511f8743f3/element - {"using":"xpath","value":"//*[@id=\"__tile128\"]"}
RESULT: {"using":"xpath","value":"//*[@id=\"__tile128\"]"}
COMMAND: POST /session/47ba2049a4a554e0204e69511f8743f3/element/f.44BFD905BE7E061E2C6DCB92AA908696.d.12163E7A5E64C38BCE5F433D3F9FDBF1.e.5414/click - {}
RESULT: undefined
COMMAND: POST /session/47ba2049a4a554e0204e69511f8743f3/element - {"using":"xpath","value":"//*[@id=\"__tile128\"]"}
RESULT: {"using":"xpath","value":"//*[@id=\"__tile128\"]"}
COMMAND: POST /session/47ba2049a4a554e0204e69511f8743f3/element/f.44BFD905BE7E061E2C6DCB92AA908696.d.12163E7A5E64C38BCE5F433D3F9FDBF1.e.5414/click - {}
RESULT: undefined
COMMAND: POST /session/47ba2049a4a554e0204e69511f8743f3/execute/async - {"script":"<script> [6424 bytes]","args":[{"element-6066-11e4-a52e-4f735466cecf":"f.44BFD905BE7E061E2C6DCB92AA908696.d.12163E7A5E64C38BCE5F433D3F9FDBF1.e.288"},"getTitle",[]]}
COMMAND: POST /session/47ba2049a4a554e0204e69511f8743f3/execute/async - {"script":"<script> [1562 bytes]","args":[{"selector":{"id":"shellAppTitle"},"wdio_ui5_key":"shellAppTitle"}]}
RESULT: {"script":"<script> [1562 bytes]","args":[{"selector":{"id":"shellAppTitle"},"wdio_ui5_key":"shellAppTitle"}]}
COMMAND: POST /session/47ba2049a4a554e0204e69511f8743f3/execute/async - {"script":"<script> [6424 bytes]","args":[{"element-6066-11e4-a52e-4f735466cecf":"f.44BFD905BE7E061E2C6DCB92AA908696.d.12163E7A5E64C38BCE5F433D3F9FDBF1.e.5500"},"getTitle",[]]}
RESULT: {"script":"<script> [6424 bytes]","args":[{"element-6066-11e4-a52e-4f735466cecf":"f.44BFD905BE7E061E2C6DCB92AA908696.d.12163E7A5E64C38BCE5F433D3F9FDBF1.e.5500"},"getTitle",[]]}
RESULT: undefined
COMMAND: POST /session/47ba2049a4a554e0204e69511f8743f3/element/f.44BFD905BE7E061E2C6DCB92AA908696.d.12163E7A5E64C38BCE5F433D3F9FDBF1.e.5474/click - {}
COMMAND: POST /session/47ba2049a4a554e0204e69511f8743f3/element/f.44BFD905BE7E061E2C6DCB92AA908696.d.12163E7A5E64C38BCE5F433D3F9FDBF1.e.5474/click - {}
RESULT: {}
COMMAND: GET /session/47ba2049a4a554e0204e69511f8743f3/screenshot - {}
RESULT: {}
COMMAND: GET /session/47ba2049a4a554e0204e69511f8743f3/screenshot - {}
RESULT: {}
RESULT: {}
]]></system-out>
    </testcase>
    <testcase classname="chrome.135_0_7049_42.windows.Sanity_Tests_US104253" name="Should open Target Systems Configuration page" time="25.983">
      <system-out><![CDATA[
COMMAND: POST /session/47ba2049a4a554e0204e69511f8743f3/execute/async - {"script":"<script> [1562 bytes]","args":[{"selector":{"controlType":"sap.m.GenericTile","properties":{"header":"Target Systems Configuration"}},"wdio_ui5_key":"sapm.GenericTile{\"header\":\"Target Systems Configuration\"}"}]}
RESULT: {"script":"<script> [1562 bytes]","args":[{"selector":{"controlType":"sap.m.GenericTile","properties":{"header":"Target Systems Configuration"}},"wdio_ui5_key":"sapm.GenericTile{\"header\":\"Target Systems Configuration\"}"}]}
RESULT: undefined
COMMAND: POST /session/47ba2049a4a554e0204e69511f8743f3/element - {"using":"xpath","value":"//*[@id=\"__tile129\"]"}
RESULT: {"using":"xpath","value":"//*[@id=\"__tile129\"]"}
COMMAND: POST /session/47ba2049a4a554e0204e69511f8743f3/element/f.44BFD905BE7E061E2C6DCB92AA908696.d.12163E7A5E64C38BCE5F433D3F9FDBF1.e.5504/click - {}
RESULT: {}
COMMAND: GET /session/47ba2049a4a554e0204e69511f8743f3/screenshot - {}
RESULT: {}
RESULT: undefined
COMMAND: POST /session/47ba2049a4a554e0204e69511f8743f3/element - {"using":"xpath","value":"//*[@id=\"__tile129\"]"}
RESULT: {"using":"xpath","value":"//*[@id=\"__tile129\"]"}
COMMAND: POST /session/47ba2049a4a554e0204e69511f8743f3/element/f.44BFD905BE7E061E2C6DCB92AA908696.d.12163E7A5E64C38BCE5F433D3F9FDBF1.e.5504/click - {}
RESULT: undefined
COMMAND: POST /session/47ba2049a4a554e0204e69511f8743f3/element - {"using":"xpath","value":"//*[@id=\"__tile129\"]"}
RESULT: {"using":"xpath","value":"//*[@id=\"__tile129\"]"}
COMMAND: POST /session/47ba2049a4a554e0204e69511f8743f3/element/f.44BFD905BE7E061E2C6DCB92AA908696.d.12163E7A5E64C38BCE5F433D3F9FDBF1.e.5504/click - {}
RESULT: undefined
COMMAND: POST /session/47ba2049a4a554e0204e69511f8743f3/execute/async - {"script":"<script> [6424 bytes]","args":[{"element-6066-11e4-a52e-4f735466cecf":"f.44BFD905BE7E061E2C6DCB92AA908696.d.12163E7A5E64C38BCE5F433D3F9FDBF1.e.288"},"getTitle",[]]}
COMMAND: POST /session/47ba2049a4a554e0204e69511f8743f3/execute/async - {"script":"<script> [1562 bytes]","args":[{"selector":{"id":"shellAppTitle"},"wdio_ui5_key":"shellAppTitle"}]}
RESULT: {"script":"<script> [1562 bytes]","args":[{"selector":{"id":"shellAppTitle"},"wdio_ui5_key":"shellAppTitle"}]}
COMMAND: POST /session/47ba2049a4a554e0204e69511f8743f3/execute/async - {"script":"<script> [6424 bytes]","args":[{"element-6066-11e4-a52e-4f735466cecf":"f.44BFD905BE7E061E2C6DCB92AA908696.d.12163E7A5E64C38BCE5F433D3F9FDBF1.e.5557"},"getTitle",[]]}
RESULT: {"script":"<script> [6424 bytes]","args":[{"element-6066-11e4-a52e-4f735466cecf":"f.44BFD905BE7E061E2C6DCB92AA908696.d.12163E7A5E64C38BCE5F433D3F9FDBF1.e.5557"},"getTitle",[]]}
RESULT: undefined
COMMAND: POST /session/47ba2049a4a554e0204e69511f8743f3/element/f.44BFD905BE7E061E2C6DCB92AA908696.d.12163E7A5E64C38BCE5F433D3F9FDBF1.e.5474/click - {}
COMMAND: POST /session/47ba2049a4a554e0204e69511f8743f3/element/f.44BFD905BE7E061E2C6DCB92AA908696.d.12163E7A5E64C38BCE5F433D3F9FDBF1.e.5474/click - {}
RESULT: {}
COMMAND: GET /session/47ba2049a4a554e0204e69511f8743f3/screenshot - {}
COMMAND: POST /session/47ba2049a4a554e0204e69511f8743f3/element - {"using":"xpath","value":"//*[@id=\"backBtn\"]"}
RESULT: {}
RESULT: {"using":"xpath","value":"//*[@id=\"backBtn\"]"}
COMMAND: POST /session/47ba2049a4a554e0204e69511f8743f3/elements - {"using":"xpath","value":"//*[@id=\"backBtn\"]"}
RESULT: {"using":"xpath","value":"//*[@id=\"backBtn\"]"}
COMMAND: POST /session/47ba2049a4a554e0204e69511f8743f3/elements - {"using":"xpath","value":"//*[@id=\"backBtn\"]"}
RESULT: {"using":"xpath","value":"//*[@id=\"backBtn\"]"}
COMMAND: POST /session/47ba2049a4a554e0204e69511f8743f3/elements - {"using":"xpath","value":"//*[@id=\"backBtn\"]"}
RESULT: {"using":"xpath","value":"//*[@id=\"backBtn\"]"}
COMMAND: POST /session/47ba2049a4a554e0204e69511f8743f3/elements - {"using":"xpath","value":"//*[@id=\"backBtn\"]"}
RESULT: {"using":"xpath","value":"//*[@id=\"backBtn\"]"}
COMMAND: POST /session/47ba2049a4a554e0204e69511f8743f3/elements - {"using":"xpath","value":"//*[@id=\"backBtn\"]"}
RESULT: {"using":"xpath","value":"//*[@id=\"backBtn\"]"}
COMMAND: POST /session/47ba2049a4a554e0204e69511f8743f3/elements - {"using":"xpath","value":"//*[@id=\"backBtn\"]"}
RESULT: {"using":"xpath","value":"//*[@id=\"backBtn\"]"}
COMMAND: POST /session/47ba2049a4a554e0204e69511f8743f3/elements - {"using":"xpath","value":"//*[@id=\"backBtn\"]"}
RESULT: {"using":"xpath","value":"//*[@id=\"backBtn\"]"}
COMMAND: POST /session/47ba2049a4a554e0204e69511f8743f3/elements - {"using":"xpath","value":"//*[@id=\"backBtn\"]"}
RESULT: {"using":"xpath","value":"//*[@id=\"backBtn\"]"}
COMMAND: POST /session/47ba2049a4a554e0204e69511f8743f3/elements - {"using":"xpath","value":"//*[@id=\"backBtn\"]"}
RESULT: {"using":"xpath","value":"//*[@id=\"backBtn\"]"}
COMMAND: POST /session/47ba2049a4a554e0204e69511f8743f3/elements - {"using":"xpath","value":"//*[@id=\"backBtn\"]"}
RESULT: {"using":"xpath","value":"//*[@id=\"backBtn\"]"}
COMMAND: POST /session/47ba2049a4a554e0204e69511f8743f3/elements - {"using":"xpath","value":"//*[@id=\"backBtn\"]"}
RESULT: {"using":"xpath","value":"//*[@id=\"backBtn\"]"}
COMMAND: POST /session/47ba2049a4a554e0204e69511f8743f3/elements - {"using":"xpath","value":"//*[@id=\"backBtn\"]"}
RESULT: {"using":"xpath","value":"//*[@id=\"backBtn\"]"}
COMMAND: POST /session/47ba2049a4a554e0204e69511f8743f3/elements - {"using":"xpath","value":"//*[@id=\"backBtn\"]"}
RESULT: {"using":"xpath","value":"//*[@id=\"backBtn\"]"}
COMMAND: POST /session/47ba2049a4a554e0204e69511f8743f3/elements - {"using":"xpath","value":"//*[@id=\"backBtn\"]"}
RESULT: {"using":"xpath","value":"//*[@id=\"backBtn\"]"}
COMMAND: POST /session/47ba2049a4a554e0204e69511f8743f3/elements - {"using":"xpath","value":"//*[@id=\"backBtn\"]"}
RESULT: {"using":"xpath","value":"//*[@id=\"backBtn\"]"}
COMMAND: POST /session/47ba2049a4a554e0204e69511f8743f3/elements - {"using":"xpath","value":"//*[@id=\"backBtn\"]"}
RESULT: {"using":"xpath","value":"//*[@id=\"backBtn\"]"}
COMMAND: POST /session/47ba2049a4a554e0204e69511f8743f3/elements - {"using":"xpath","value":"//*[@id=\"backBtn\"]"}
RESULT: {"using":"xpath","value":"//*[@id=\"backBtn\"]"}
COMMAND: POST /session/47ba2049a4a554e0204e69511f8743f3/elements - {"using":"xpath","value":"//*[@id=\"backBtn\"]"}
RESULT: {"using":"xpath","value":"//*[@id=\"backBtn\"]"}
COMMAND: POST /session/47ba2049a4a554e0204e69511f8743f3/elements - {"using":"xpath","value":"//*[@id=\"backBtn\"]"}
RESULT: {"using":"xpath","value":"//*[@id=\"backBtn\"]"}
COMMAND: POST /session/47ba2049a4a554e0204e69511f8743f3/elements - {"using":"xpath","value":"//*[@id=\"backBtn\"]"}
RESULT: {"using":"xpath","value":"//*[@id=\"backBtn\"]"}
COMMAND: POST /session/47ba2049a4a554e0204e69511f8743f3/elements - {"using":"xpath","value":"//*[@id=\"backBtn\"]"}
RESULT: {"using":"xpath","value":"//*[@id=\"backBtn\"]"}
COMMAND: POST /session/47ba2049a4a554e0204e69511f8743f3/elements - {"using":"xpath","value":"//*[@id=\"backBtn\"]"}
RESULT: {"using":"xpath","value":"//*[@id=\"backBtn\"]"}
COMMAND: POST /session/47ba2049a4a554e0204e69511f8743f3/elements - {"using":"xpath","value":"//*[@id=\"backBtn\"]"}
RESULT: {"using":"xpath","value":"//*[@id=\"backBtn\"]"}
COMMAND: POST /session/47ba2049a4a554e0204e69511f8743f3/elements - {"using":"xpath","value":"//*[@id=\"backBtn\"]"}
RESULT: {"using":"xpath","value":"//*[@id=\"backBtn\"]"}
COMMAND: POST /session/47ba2049a4a554e0204e69511f8743f3/elements - {"using":"xpath","value":"//*[@id=\"backBtn\"]"}
RESULT: {"using":"xpath","value":"//*[@id=\"backBtn\"]"}
COMMAND: POST /session/47ba2049a4a554e0204e69511f8743f3/elements - {"using":"xpath","value":"//*[@id=\"backBtn\"]"}
RESULT: {"using":"xpath","value":"//*[@id=\"backBtn\"]"}
COMMAND: POST /session/47ba2049a4a554e0204e69511f8743f3/elements - {"using":"xpath","value":"//*[@id=\"backBtn\"]"}
RESULT: {"using":"xpath","value":"//*[@id=\"backBtn\"]"}
COMMAND: POST /session/47ba2049a4a554e0204e69511f8743f3/elements - {"using":"xpath","value":"//*[@id=\"backBtn\"]"}
RESULT: {"using":"xpath","value":"//*[@id=\"backBtn\"]"}
COMMAND: POST /session/47ba2049a4a554e0204e69511f8743f3/elements - {"using":"xpath","value":"//*[@id=\"backBtn\"]"}
RESULT: {"using":"xpath","value":"//*[@id=\"backBtn\"]"}
COMMAND: POST /session/47ba2049a4a554e0204e69511f8743f3/elements - {"using":"xpath","value":"//*[@id=\"backBtn\"]"}
RESULT: {"using":"xpath","value":"//*[@id=\"backBtn\"]"}
COMMAND: POST /session/47ba2049a4a554e0204e69511f8743f3/elements - {"using":"xpath","value":"//*[@id=\"backBtn\"]"}
RESULT: {"using":"xpath","value":"//*[@id=\"backBtn\"]"}
COMMAND: POST /session/47ba2049a4a554e0204e69511f8743f3/elements - {"using":"xpath","value":"//*[@id=\"backBtn\"]"}
RESULT: {"using":"xpath","value":"//*[@id=\"backBtn\"]"}
COMMAND: POST /session/47ba2049a4a554e0204e69511f8743f3/elements - {"using":"xpath","value":"//*[@id=\"backBtn\"]"}
RESULT: {"using":"xpath","value":"//*[@id=\"backBtn\"]"}
COMMAND: POST /session/47ba2049a4a554e0204e69511f8743f3/elements - {"using":"xpath","value":"//*[@id=\"backBtn\"]"}
RESULT: {"using":"xpath","value":"//*[@id=\"backBtn\"]"}
COMMAND: POST /session/47ba2049a4a554e0204e69511f8743f3/elements - {"using":"xpath","value":"//*[@id=\"backBtn\"]"}
RESULT: {"using":"xpath","value":"//*[@id=\"backBtn\"]"}
COMMAND: POST /session/47ba2049a4a554e0204e69511f8743f3/elements - {"using":"xpath","value":"//*[@id=\"backBtn\"]"}
RESULT: {"using":"xpath","value":"//*[@id=\"backBtn\"]"}
COMMAND: POST /session/47ba2049a4a554e0204e69511f8743f3/elements - {"using":"xpath","value":"//*[@id=\"backBtn\"]"}
RESULT: {"using":"xpath","value":"//*[@id=\"backBtn\"]"}
COMMAND: POST /session/47ba2049a4a554e0204e69511f8743f3/elements - {"using":"xpath","value":"//*[@id=\"backBtn\"]"}
RESULT: {"using":"xpath","value":"//*[@id=\"backBtn\"]"}
COMMAND: POST /session/47ba2049a4a554e0204e69511f8743f3/elements - {"using":"xpath","value":"//*[@id=\"backBtn\"]"}
RESULT: {"using":"xpath","value":"//*[@id=\"backBtn\"]"}
COMMAND: DELETE /session/47ba2049a4a554e0204e69511f8743f3 - {}
RESULT: {}
]]></system-out>
    </testcase>
  </testsuite>
</testsuites>