<?xml version="1.0" encoding="UTF-8"?>
<testsuites tests="15" failures="0" errors="0" skipped="0">
  <testsuite timestamp="2025-05-28T16:34:36" time="975.33" tests="9" failures="0" errors="0" skipped="0">
    <properties>
      <property name="specId" value="0"/>
      <property name="suiteName" value="Prerequisites &amp; test for yard mass return on Yard Overview US131057"/>
      <property name="capabilities" value="chrome.136_0_7103_93.windows"/>
      <property name="file" value="file:///D:/a/1/s/test/specs/HTR/yard-mass-return.spec.js"/>
    </properties>
    <testcase classname="chrome.136_0_7103_93.windows.Prerequisites_&amp;_test_for_yard_mass_return_on_Yard_Overview_US131057" name="Prereq Should create a new yard used for all following tests" time="147.145">
      <system-out><![CDATA[
COMMAND: POST /session/a2e24c46187f551462858430ad77f0e2/window/fullscreen - {}
RESULT: {}
COMMAND: POST /session/a2e24c46187f551462858430ad77f0e2/execute/async - {"script":"<script> [1562 bytes]","args":[{"selector":{"controlType":"sap.m.GenericTile","properties":{"header":"Manage Yards"}},"wdio_ui5_key":"sapm.GenericTile{\"header\":\"Manage Yards\"}"}]}
RESULT: {"script":"<script> [1562 bytes]","args":[{"selector":{"controlType":"sap.m.GenericTile","properties":{"header":"Manage Yards"}},"wdio_ui5_key":"sapm.GenericTile{\"header\":\"Manage Yards\"}"}]}
RESULT: undefined
COMMAND: POST /session/a2e24c46187f551462858430ad77f0e2/element - {"using":"xpath","value":"//*[@id=\"__tile41\"]"}
RESULT: {"using":"xpath","value":"//*[@id=\"__tile41\"]"}
COMMAND: POST /session/a2e24c46187f551462858430ad77f0e2/element/f.C0C1CAF4A724E2CBF7E3AD8AD540F396.d.EA5574D1C5F3B13692B5B6D9EFCA099A.e.163/click - {}
RESULT: {}
COMMAND: GET /session/a2e24c46187f551462858430ad77f0e2/screenshot - {}
RESULT: {}
COMMAND: POST /session/a2e24c46187f551462858430ad77f0e2/elements - {"using":"xpath","value":"//span[text()='Error']"}
RESULT: {"using":"xpath","value":"//span[text()='Error']"}
COMMAND: POST /session/a2e24c46187f551462858430ad77f0e2/element - {"using":"xpath","value":"//button[@data-kt=\"addNewYardOverflowToolbarButton\"]"}
RESULT: {"using":"xpath","value":"//button[@data-kt=\"addNewYardOverflowToolbarButton\"]"}
COMMAND: POST /session/a2e24c46187f551462858430ad77f0e2/elements - {"using":"xpath","value":"//button[@data-kt=\"addNewYardOverflowToolbarButton\"]"}
RESULT: {"using":"xpath","value":"//button[@data-kt=\"addNewYardOverflowToolbarButton\"]"}
COMMAND: POST /session/a2e24c46187f551462858430ad77f0e2/elements - {"using":"xpath","value":"//button[@data-kt=\"addNewYardOverflowToolbarButton\"]"}
RESULT: {"using":"xpath","value":"//button[@data-kt=\"addNewYardOverflowToolbarButton\"]"}
COMMAND: POST /session/a2e24c46187f551462858430ad77f0e2/elements - {"using":"xpath","value":"//button[@data-kt=\"addNewYardOverflowToolbarButton\"]"}
RESULT: {"using":"xpath","value":"//button[@data-kt=\"addNewYardOverflowToolbarButton\"]"}
COMMAND: POST /session/a2e24c46187f551462858430ad77f0e2/elements - {"using":"xpath","value":"//button[@data-kt=\"addNewYardOverflowToolbarButton\"]"}
RESULT: {"using":"xpath","value":"//button[@data-kt=\"addNewYardOverflowToolbarButton\"]"}
COMMAND: POST /session/a2e24c46187f551462858430ad77f0e2/elements - {"using":"xpath","value":"//button[@data-kt=\"addNewYardOverflowToolbarButton\"]"}
RESULT: {"using":"xpath","value":"//button[@data-kt=\"addNewYardOverflowToolbarButton\"]"}
COMMAND: POST /session/a2e24c46187f551462858430ad77f0e2/elements - {"using":"xpath","value":"//button[@data-kt=\"addNewYardOverflowToolbarButton\"]"}
RESULT: {"using":"xpath","value":"//button[@data-kt=\"addNewYardOverflowToolbarButton\"]"}
COMMAND: POST /session/a2e24c46187f551462858430ad77f0e2/elements - {"using":"xpath","value":"//button[@data-kt=\"addNewYardOverflowToolbarButton\"]"}
RESULT: {"using":"xpath","value":"//button[@data-kt=\"addNewYardOverflowToolbarButton\"]"}
COMMAND: POST /session/a2e24c46187f551462858430ad77f0e2/elements - {"using":"xpath","value":"//button[@data-kt=\"addNewYardOverflowToolbarButton\"]"}
RESULT: {"using":"xpath","value":"//button[@data-kt=\"addNewYardOverflowToolbarButton\"]"}
COMMAND: POST /session/a2e24c46187f551462858430ad77f0e2/elements - {"using":"xpath","value":"//button[@data-kt=\"addNewYardOverflowToolbarButton\"]"}
RESULT: {"using":"xpath","value":"//button[@data-kt=\"addNewYardOverflowToolbarButton\"]"}
COMMAND: POST /session/a2e24c46187f551462858430ad77f0e2/elements - {"using":"xpath","value":"//button[@data-kt=\"addNewYardOverflowToolbarButton\"]"}
RESULT: {"using":"xpath","value":"//button[@data-kt=\"addNewYardOverflowToolbarButton\"]"}
COMMAND: POST /session/a2e24c46187f551462858430ad77f0e2/elements - {"using":"xpath","value":"//button[@data-kt=\"addNewYardOverflowToolbarButton\"]"}
RESULT: {"using":"xpath","value":"//button[@data-kt=\"addNewYardOverflowToolbarButton\"]"}
COMMAND: POST /session/a2e24c46187f551462858430ad77f0e2/elements - {"using":"xpath","value":"//button[@data-kt=\"addNewYardOverflowToolbarButton\"]"}
RESULT: {"using":"xpath","value":"//button[@data-kt=\"addNewYardOverflowToolbarButton\"]"}
COMMAND: POST /session/a2e24c46187f551462858430ad77f0e2/element - {"using":"xpath","value":"//button[@data-kt=\"addNewYardOverflowToolbarButton\"]"}
RESULT: {"using":"xpath","value":"//button[@data-kt=\"addNewYardOverflowToolbarButton\"]"}
COMMAND: POST /session/a2e24c46187f551462858430ad77f0e2/execute/sync - {"script":"<script> [8489 bytes]","args":[{"element-6066-11e4-a52e-4f735466cecf":"f.C0C1CAF4A724E2CBF7E3AD8AD540F396.d.EA5574D1C5F3B13692B5B6D9EFCA099A.e.308","ELEMENT":"f.C0C1CAF4A724E2CBF7E3AD8AD540F396.d.EA5574D1C5F3B13692B5B6D9EFCA099A.e.308"}]}
RESULT: {"script":"<script> [8489 bytes]","args":[{"element-6066-11e4-a52e-4f735466cecf":"f.C0C1CAF4A724E2CBF7E3AD8AD540F396.d.EA5574D1C5F3B13692B5B6D9EFCA099A.e.308","ELEMENT":"f.C0C1CAF4A724E2CBF7E3AD8AD540F396.d.EA5574D1C5F3B13692B5B6D9EFCA099A.e.308"}]}
COMMAND: GET /session/a2e24c46187f551462858430ad77f0e2/element/f.C0C1CAF4A724E2CBF7E3AD8AD540F396.d.EA5574D1C5F3B13692B5B6D9EFCA099A.e.308/enabled - {}
COMMAND: GET /session/a2e24c46187f551462858430ad77f0e2/screenshot - {}
RESULT: {}
COMMAND: POST /session/a2e24c46187f551462858430ad77f0e2/execute/sync - {"script":"<script> [8489 bytes]","args":[{"element-6066-11e4-a52e-4f735466cecf":"f.C0C1CAF4A724E2CBF7E3AD8AD540F396.d.EA5574D1C5F3B13692B5B6D9EFCA099A.e.308","ELEMENT":"f.C0C1CAF4A724E2CBF7E3AD8AD540F396.d.EA5574D1C5F3B13692B5B6D9EFCA099A.e.308"}]}
COMMAND: GET /session/a2e24c46187f551462858430ad77f0e2/screenshot - {}
RESULT: {}
RESULT: {"script":"<script> [8489 bytes]","args":[{"element-6066-11e4-a52e-4f735466cecf":"f.C0C1CAF4A724E2CBF7E3AD8AD540F396.d.EA5574D1C5F3B13692B5B6D9EFCA099A.e.308","ELEMENT":"f.C0C1CAF4A724E2CBF7E3AD8AD540F396.d.EA5574D1C5F3B13692B5B6D9EFCA099A.e.308"}]}
COMMAND: POST /session/a2e24c46187f551462858430ad77f0e2/execute/sync - {"script":"<script> [5351 bytes]","args":[{"element-6066-11e4-a52e-4f735466cecf":"f.C0C1CAF4A724E2CBF7E3AD8AD540F396.d.EA5574D1C5F3B13692B5B6D9EFCA099A.e.308","ELEMENT":"f.C0C1CAF4A724E2CBF7E3AD8AD540F396.d.EA5574D1C5F3B13692B5B6D9EFCA099A.e.308"}]}
COMMAND: GET /session/a2e24c46187f551462858430ad77f0e2/screenshot - {}
RESULT: {}
RESULT: {"script":"<script> [5351 bytes]","args":[{"element-6066-11e4-a52e-4f735466cecf":"f.C0C1CAF4A724E2CBF7E3AD8AD540F396.d.EA5574D1C5F3B13692B5B6D9EFCA099A.e.308","ELEMENT":"f.C0C1CAF4A724E2CBF7E3AD8AD540F396.d.EA5574D1C5F3B13692B5B6D9EFCA099A.e.308"}]}
COMMAND: POST /session/a2e24c46187f551462858430ad77f0e2/element/f.C0C1CAF4A724E2CBF7E3AD8AD540F396.d.EA5574D1C5F3B13692B5B6D9EFCA099A.e.308/click - {}
COMMAND: GET /session/a2e24c46187f551462858430ad77f0e2/screenshot - {}
RESULT: {}
RESULT: {}
COMMAND: GET /session/a2e24c46187f551462858430ad77f0e2/screenshot - {}
COMMAND: POST /session/a2e24c46187f551462858430ad77f0e2/element - {"using":"xpath","value":"//input[@id=\"application-manageyards-display-component---NewYard--yardId-inner\"]"}
RESULT: {}
RESULT: {}
RESULT: {"using":"xpath","value":"//input[@id=\"application-manageyards-display-component---NewYard--yardId-inner\"]"}
COMMAND: POST /session/a2e24c46187f551462858430ad77f0e2/element - {"using":"xpath","value":"//input[@id=\"application-manageyards-display-component---NewYard--yardId-inner\"]"}
RESULT: {"using":"xpath","value":"//input[@id=\"application-manageyards-display-component---NewYard--yardId-inner\"]"}
COMMAND: POST /session/a2e24c46187f551462858430ad77f0e2/execute/async - {"script":"<script> [1562 bytes]","args":[{"selector":{"id":"application-manageyards-display-component---NewYard--addressDetailDetailsName1","interaction":{"idSuffix":"inner"}},"wdio_ui5_key":"applicationmanageyards-display-component---NewYard--addressDetailDetailsName1"}]}
RESULT: {"script":"<script> [1562 bytes]","args":[{"selector":{"id":"application-manageyards-display-component---NewYard--addressDetailDetailsName1","interaction":{"idSuffix":"inner"}},"wdio_ui5_key":"applicationmanageyards-display-component---NewYard--addressDetailDetailsName1"}]}
RESULT: undefined
COMMAND: POST /session/a2e24c46187f551462858430ad77f0e2/execute/async - {"script":"<script> [776 bytes]","args":[{"enterText":"Other Yard WDIO","selector":{"id":"application-manageyards-display-component---NewYard--addressDetailDetailsName1","interaction":{"idSuffix":"inner"}},"clearTextFirst":true,"interactionType":"ENTER_TEXT"}]}
RESULT: {"script":"<script> [776 bytes]","args":[{"enterText":"Other Yard WDIO","selector":{"id":"application-manageyards-display-component---NewYard--addressDetailDetailsName1","interaction":{"idSuffix":"inner"}},"clearTextFirst":true,"interactionType":"ENTER_TEXT"}]}
COMMAND: POST /session/a2e24c46187f551462858430ad77f0e2/execute/async - {"script":"<script> [1562 bytes]","args":[{"selector":{"id":"application-manageyards-display-component---NewYard--addressDetailDetailsLanguage-arrow"},"wdio_ui5_key":"applicationmanageyards-display-component---NewYard--addressDetailDetailsLanguage-arrow"}]}
RESULT: {"script":"<script> [1562 bytes]","args":[{"selector":{"id":"application-manageyards-display-component---NewYard--addressDetailDetailsLanguage-arrow"},"wdio_ui5_key":"applicationmanageyards-display-component---NewYard--addressDetailDetailsLanguage-arrow"}]}
RESULT: undefined
COMMAND: POST /session/a2e24c46187f551462858430ad77f0e2/element - {"using":"xpath","value":"//*[@id=\"application-manageyards-display-component---NewYard--addressDetailDetailsLanguage-arrow\"]"}
RESULT: {"using":"xpath","value":"//*[@id=\"application-manageyards-display-component---NewYard--addressDetailDetailsLanguage-arrow\"]"}
COMMAND: POST /session/a2e24c46187f551462858430ad77f0e2/element/f.C0C1CAF4A724E2CBF7E3AD8AD540F396.d.EA5574D1C5F3B13692B5B6D9EFCA099A.e.726/click - {}
RESULT: {}
COMMAND: POST /session/a2e24c46187f551462858430ad77f0e2/element - {"using":"xpath","value":"//span[contains(text(), \"English\")]"}
COMMAND: GET /session/a2e24c46187f551462858430ad77f0e2/screenshot - {}
RESULT: {"using":"xpath","value":"//span[contains(text(), \"English\")]"}
COMMAND: POST /session/a2e24c46187f551462858430ad77f0e2/element/f.C0C1CAF4A724E2CBF7E3AD8AD540F396.d.EA5574D1C5F3B13692B5B6D9EFCA099A.e.727/click - {}
RESULT: {}
RESULT: {}
COMMAND: POST /session/a2e24c46187f551462858430ad77f0e2/execute/async - {"script":"<script> [1562 bytes]","args":[{"selector":{"id":"application-manageyards-display-component---NewYard--addressDetailDetailsCity1","interaction":{"idSuffix":"inner"}},"wdio_ui5_key":"applicationmanageyards-display-component---NewYard--addressDetailDetailsCity1"}]}
COMMAND: GET /session/a2e24c46187f551462858430ad77f0e2/screenshot - {}
RESULT: {"script":"<script> [1562 bytes]","args":[{"selector":{"id":"application-manageyards-display-component---NewYard--addressDetailDetailsCity1","interaction":{"idSuffix":"inner"}},"wdio_ui5_key":"applicationmanageyards-display-component---NewYard--addressDetailDetailsCity1"}]}
RESULT: undefined
COMMAND: POST /session/a2e24c46187f551462858430ad77f0e2/execute/async - {"script":"<script> [776 bytes]","args":[{"enterText":"Rosario","selector":{"id":"application-manageyards-display-component---NewYard--addressDetailDetailsCity1","interaction":{"idSuffix":"inner"}},"clearTextFirst":true,"interactionType":"ENTER_TEXT"}]}
RESULT: {}
RESULT: {"script":"<script> [776 bytes]","args":[{"enterText":"Rosario","selector":{"id":"application-manageyards-display-component---NewYard--addressDetailDetailsCity1","interaction":{"idSuffix":"inner"}},"clearTextFirst":true,"interactionType":"ENTER_TEXT"}]}
COMMAND: POST /session/a2e24c46187f551462858430ad77f0e2/execute/async - {"script":"<script> [1562 bytes]","args":[{"selector":{"id":"application-manageyards-display-component---NewYard--addressDetailDetailsCountry-arrow"},"wdio_ui5_key":"applicationmanageyards-display-component---NewYard--addressDetailDetailsCountry-arrow"}]}
RESULT: {"script":"<script> [1562 bytes]","args":[{"selector":{"id":"application-manageyards-display-component---NewYard--addressDetailDetailsCountry-arrow"},"wdio_ui5_key":"applicationmanageyards-display-component---NewYard--addressDetailDetailsCountry-arrow"}]}
RESULT: undefined
COMMAND: POST /session/a2e24c46187f551462858430ad77f0e2/element - {"using":"xpath","value":"//*[@id=\"application-manageyards-display-component---NewYard--addressDetailDetailsCountry-arrow\"]"}
RESULT: {"using":"xpath","value":"//*[@id=\"application-manageyards-display-component---NewYard--addressDetailDetailsCountry-arrow\"]"}
COMMAND: POST /session/a2e24c46187f551462858430ad77f0e2/element/f.C0C1CAF4A724E2CBF7E3AD8AD540F396.d.EA5574D1C5F3B13692B5B6D9EFCA099A.e.729/click - {}
RESULT: {}
COMMAND: POST /session/a2e24c46187f551462858430ad77f0e2/element - {"using":"xpath","value":"//span[contains(text(), \"Argentina\")]"}
COMMAND: GET /session/a2e24c46187f551462858430ad77f0e2/screenshot - {}
RESULT: {"using":"xpath","value":"//span[contains(text(), \"Argentina\")]"}
COMMAND: POST /session/a2e24c46187f551462858430ad77f0e2/element/f.C0C1CAF4A724E2CBF7E3AD8AD540F396.d.EA5574D1C5F3B13692B5B6D9EFCA099A.e.730/click - {}
RESULT: {}
RESULT: {}
COMMAND: POST /session/a2e24c46187f551462858430ad77f0e2/execute/async - {"script":"<script> [1562 bytes]","args":[{"selector":{"id":"application-manageyards-display-component---NewYard--addressEditDetailsCostObjectCstType-arrow"},"wdio_ui5_key":"applicationmanageyards-display-component---NewYard--addressEditDetailsCostObjectCstType-arrow"}]}
COMMAND: GET /session/a2e24c46187f551462858430ad77f0e2/screenshot - {}
RESULT: {"script":"<script> [1562 bytes]","args":[{"selector":{"id":"application-manageyards-display-component---NewYard--addressEditDetailsCostObjectCstType-arrow"},"wdio_ui5_key":"applicationmanageyards-display-component---NewYard--addressEditDetailsCostObjectCstType-arrow"}]}
RESULT: undefined
COMMAND: POST /session/a2e24c46187f551462858430ad77f0e2/element - {"using":"xpath","value":"//*[@id=\"application-manageyards-display-component---NewYard--addressEditDetailsCostObjectCstType-arrow\"]"}
RESULT: {}
RESULT: {"using":"xpath","value":"//*[@id=\"application-manageyards-display-component---NewYard--addressEditDetailsCostObjectCstType-arrow\"]"}
COMMAND: POST /session/a2e24c46187f551462858430ad77f0e2/element/f.C0C1CAF4A724E2CBF7E3AD8AD540F396.d.EA5574D1C5F3B13692B5B6D9EFCA099A.e.732/click - {}
RESULT: {}
COMMAND: POST /session/a2e24c46187f551462858430ad77f0e2/element - {"using":"xpath","value":"//span[contains(text(), \"Cost Center\")]"}
COMMAND: GET /session/a2e24c46187f551462858430ad77f0e2/screenshot - {}
RESULT: {"using":"xpath","value":"//span[contains(text(), \"Cost Center\")]"}
COMMAND: POST /session/a2e24c46187f551462858430ad77f0e2/element/f.C0C1CAF4A724E2CBF7E3AD8AD540F396.d.EA5574D1C5F3B13692B5B6D9EFCA099A.e.733/click - {}
RESULT: {}
RESULT: {}
COMMAND: GET /session/a2e24c46187f551462858430ad77f0e2/screenshot - {}
RESULT: {}
COMMAND: POST /session/a2e24c46187f551462858430ad77f0e2/element - {"using":"xpath","value":"//span[@id=\"application-manageyards-display-component---NewYard--addressNewCostObjectCstID-vhi\"]"}
RESULT: {"using":"xpath","value":"//span[@id=\"application-manageyards-display-component---NewYard--addressNewCostObjectCstID-vhi\"]"}
COMMAND: POST /session/a2e24c46187f551462858430ad77f0e2/execute/sync - {"script":"<script> [8489 bytes]","args":[{"element-6066-11e4-a52e-4f735466cecf":"f.C0C1CAF4A724E2CBF7E3AD8AD540F396.d.EA5574D1C5F3B13692B5B6D9EFCA099A.e.737","ELEMENT":"f.C0C1CAF4A724E2CBF7E3AD8AD540F396.d.EA5574D1C5F3B13692B5B6D9EFCA099A.e.737"}]}
RESULT: {"script":"<script> [8489 bytes]","args":[{"element-6066-11e4-a52e-4f735466cecf":"f.C0C1CAF4A724E2CBF7E3AD8AD540F396.d.EA5574D1C5F3B13692B5B6D9EFCA099A.e.737","ELEMENT":"f.C0C1CAF4A724E2CBF7E3AD8AD540F396.d.EA5574D1C5F3B13692B5B6D9EFCA099A.e.737"}]}
COMMAND: POST /session/a2e24c46187f551462858430ad77f0e2/execute/async - {"script":"<script> [1562 bytes]","args":[{"selector":{"id":"application-manageyards-display-component---NewYard--addressNewCostObjectCstID-vhi"},"wdio_ui5_key":"applicationmanageyards-display-component---NewYard--addressNewCostObjectCstID-vhi"}]}
COMMAND: GET /session/a2e24c46187f551462858430ad77f0e2/screenshot - {}
RESULT: {"script":"<script> [1562 bytes]","args":[{"selector":{"id":"application-manageyards-display-component---NewYard--addressNewCostObjectCstID-vhi"},"wdio_ui5_key":"applicationmanageyards-display-component---NewYard--addressNewCostObjectCstID-vhi"}]}
RESULT: undefined
COMMAND: POST /session/a2e24c46187f551462858430ad77f0e2/element - {"using":"xpath","value":"//*[@id=\"application-manageyards-display-component---NewYard--addressNewCostObjectCstID-vhi\"]"}
RESULT: {}
RESULT: {"using":"xpath","value":"//*[@id=\"application-manageyards-display-component---NewYard--addressNewCostObjectCstID-vhi\"]"}
COMMAND: POST /session/a2e24c46187f551462858430ad77f0e2/element/f.C0C1CAF4A724E2CBF7E3AD8AD540F396.d.EA5574D1C5F3B13692B5B6D9EFCA099A.e.737/click - {}
RESULT: {}
COMMAND: GET /session/a2e24c46187f551462858430ad77f0e2/screenshot - {}
RESULT: {}
COMMAND: POST /session/a2e24c46187f551462858430ad77f0e2/execute/async - {"script":"<script> [1562 bytes]","args":[{"selector":{"controlType":"sap.m.SearchField","properties":{"placeholder":"Search"},"searchOpenDialogs":true,"interaction":{"idSuffix":"I"}},"wdio_ui5_key":"sapm.SearchField{\"placeholder\":\"Search\"}"}]}
RESULT: {"script":"<script> [1562 bytes]","args":[{"selector":{"controlType":"sap.m.SearchField","properties":{"placeholder":"Search"},"searchOpenDialogs":true,"interaction":{"idSuffix":"I"}},"wdio_ui5_key":"sapm.SearchField{\"placeholder\":\"Search\"}"}]}
RESULT: undefined
COMMAND: POST /session/a2e24c46187f551462858430ad77f0e2/execute/async - {"script":"<script> [776 bytes]","args":[{"enterText":"bauh_b","selector":{"controlType":"sap.m.SearchField","properties":{"placeholder":"Search"},"searchOpenDialogs":true,"interaction":{"idSuffix":"I"}},"clearTextFirst":true,"interactionType":"ENTER_TEXT"}]}
RESULT: {"script":"<script> [776 bytes]","args":[{"enterText":"bauh_b","selector":{"controlType":"sap.m.SearchField","properties":{"placeholder":"Search"},"searchOpenDialogs":true,"interaction":{"idSuffix":"I"}},"clearTextFirst":true,"interactionType":"ENTER_TEXT"}]}
COMMAND: POST /session/a2e24c46187f551462858430ad77f0e2/actions - {"actions":[{"id":"action1","type":"key","parameters":{},"actions":[{"type":"keyDown","value":""},{"type":"pause","duration":10},{"type":"keyUp","value":""}]}]}
RESULT: {"actions":[{"id":"action1","type":"key","parameters":{},"actions":[{"type":"keyDown","value":""},{"type":"pause","duration":10},{"type":"keyUp","value":""}]}]}
COMMAND: GET /session/a2e24c46187f551462858430ad77f0e2/screenshot - {}
RESULT: {}
COMMAND: POST /session/a2e24c46187f551462858430ad77f0e2/element - {"using":"xpath","value":"//span[contains(text(), \"Demo Yard\")]"}
RESULT: {"using":"xpath","value":"//span[contains(text(), \"Demo Yard\")]"}
COMMAND: POST /session/a2e24c46187f551462858430ad77f0e2/element/f.C0C1CAF4A724E2CBF7E3AD8AD540F396.d.EA5574D1C5F3B13692B5B6D9EFCA099A.e.778/click - {}
RESULT: {}
COMMAND: GET /session/a2e24c46187f551462858430ad77f0e2/screenshot - {}
RESULT: {}
COMMAND: POST /session/a2e24c46187f551462858430ad77f0e2/element - {"using":"xpath","value":"//bdi[contains(text(), \"OK\")]"}
RESULT: {"using":"xpath","value":"//bdi[contains(text(), \"OK\")]"}
COMMAND: POST /session/a2e24c46187f551462858430ad77f0e2/element/f.C0C1CAF4A724E2CBF7E3AD8AD540F396.d.EA5574D1C5F3B13692B5B6D9EFCA099A.e.779/click - {}
RESULT: {}
COMMAND: GET /session/a2e24c46187f551462858430ad77f0e2/screenshot - {}
RESULT: {}
COMMAND: POST /session/a2e24c46187f551462858430ad77f0e2/execute/async - {"script":"<script> [1562 bytes]","args":[{"selector":{"id":"application-manageyards-display-component---NewYard--addressEditDetailsCurrency-arrow"},"wdio_ui5_key":"applicationmanageyards-display-component---NewYard--addressEditDetailsCurrency-arrow"}]}
RESULT: {"script":"<script> [1562 bytes]","args":[{"selector":{"id":"application-manageyards-display-component---NewYard--addressEditDetailsCurrency-arrow"},"wdio_ui5_key":"applicationmanageyards-display-component---NewYard--addressEditDetailsCurrency-arrow"}]}
RESULT: undefined
COMMAND: POST /session/a2e24c46187f551462858430ad77f0e2/element - {"using":"xpath","value":"//*[@id=\"application-manageyards-display-component---NewYard--addressEditDetailsCurrency-arrow\"]"}
RESULT: {"using":"xpath","value":"//*[@id=\"application-manageyards-display-component---NewYard--addressEditDetailsCurrency-arrow\"]"}
COMMAND: POST /session/a2e24c46187f551462858430ad77f0e2/element/f.C0C1CAF4A724E2CBF7E3AD8AD540F396.d.EA5574D1C5F3B13692B5B6D9EFCA099A.e.782/click - {}
RESULT: {}
COMMAND: POST /session/a2e24c46187f551462858430ad77f0e2/element - {"using":"xpath","value":"//span[contains(text(), \"Euro\")]"}
COMMAND: GET /session/a2e24c46187f551462858430ad77f0e2/screenshot - {}
RESULT: {"using":"xpath","value":"//span[contains(text(), \"Euro\")]"}
COMMAND: POST /session/a2e24c46187f551462858430ad77f0e2/element/f.C0C1CAF4A724E2CBF7E3AD8AD540F396.d.EA5574D1C5F3B13692B5B6D9EFCA099A.e.783/click - {}
RESULT: {}
RESULT: {}
COMMAND: POST /session/a2e24c46187f551462858430ad77f0e2/execute/async - {"script":"<script> [1562 bytes]","args":[{"selector":{"controlType":"sap.m.Input","viewName":"etm.portal.ui.manageyards.view.New","viewId":"application-manageyards-display-component---NewYard","bindingPath":{"path":"","propertyPath":"/CONTROLLING_AREA","modelName":"NewYardModel"},"interaction":{"idSuffix":"inner"}},"wdio_ui5_key":"etmportal.ui.manageyards.view.Newsap.m.Input{\"path\":\"\",\"propertyPath\":\"/CONTROLLING_AREA\",\"modelName\":\"NewYardModel\"}"}]}
COMMAND: GET /session/a2e24c46187f551462858430ad77f0e2/screenshot - {}
RESULT: {"script":"<script> [1562 bytes]","args":[{"selector":{"controlType":"sap.m.Input","viewName":"etm.portal.ui.manageyards.view.New","viewId":"application-manageyards-display-component---NewYard","bindingPath":{"path":"","propertyPath":"/CONTROLLING_AREA","modelName":"NewYardModel"},"interaction":{"idSuffix":"inner"}},"wdio_ui5_key":"etmportal.ui.manageyards.view.Newsap.m.Input{\"path\":\"\",\"propertyPath\":\"/CONTROLLING_AREA\",\"modelName\":\"NewYardModel\"}"}]}
RESULT: undefined
COMMAND: POST /session/a2e24c46187f551462858430ad77f0e2/execute/async - {"script":"<script> [776 bytes]","args":[{"enterText":"Z001","selector":{"controlType":"sap.m.Input","viewName":"etm.portal.ui.manageyards.view.New","viewId":"application-manageyards-display-component---NewYard","bindingPath":{"path":"","propertyPath":"/CONTROLLING_AREA","modelName":"NewYardModel"},"interaction":{"idSuffix":"inner"}},"clearTextFirst":true,"interactionType":"ENTER_TEXT"}]}
RESULT: {}
RESULT: {"script":"<script> [776 bytes]","args":[{"enterText":"Z001","selector":{"controlType":"sap.m.Input","viewName":"etm.portal.ui.manageyards.view.New","viewId":"application-manageyards-display-component---NewYard","bindingPath":{"path":"","propertyPath":"/CONTROLLING_AREA","modelName":"NewYardModel"},"interaction":{"idSuffix":"inner"}},"clearTextFirst":true,"interactionType":"ENTER_TEXT"}]}
COMMAND: POST /session/a2e24c46187f551462858430ad77f0e2/execute/async - {"script":"<script> [1562 bytes]","args":[{"selector":{"id":"application-manageyards-display-component---NewYard--companyCodeComboBox","interaction":{"idSuffix":"inner"}},"wdio_ui5_key":"applicationmanageyards-display-component---NewYard--companyCodeComboBox"}]}
RESULT: {"script":"<script> [1562 bytes]","args":[{"selector":{"id":"application-manageyards-display-component---NewYard--companyCodeComboBox","interaction":{"idSuffix":"inner"}},"wdio_ui5_key":"applicationmanageyards-display-component---NewYard--companyCodeComboBox"}]}
RESULT: undefined
COMMAND: POST /session/a2e24c46187f551462858430ad77f0e2/execute/async - {"script":"<script> [776 bytes]","args":[{"enterText":"1000","selector":{"id":"application-manageyards-display-component---NewYard--companyCodeComboBox","interaction":{"idSuffix":"inner"}},"clearTextFirst":true,"interactionType":"ENTER_TEXT"}]}
RESULT: {"script":"<script> [776 bytes]","args":[{"enterText":"1000","selector":{"id":"application-manageyards-display-component---NewYard--companyCodeComboBox","interaction":{"idSuffix":"inner"}},"clearTextFirst":true,"interactionType":"ENTER_TEXT"}]}
COMMAND: POST /session/a2e24c46187f551462858430ad77f0e2/execute/async - {"script":"<script> [1562 bytes]","args":[{"selector":{"controlType":"sap.m.Input","viewName":"etm.portal.ui.manageyards.view.New","viewId":"application-manageyards-display-component---NewYard","bindingPath":{"path":"","propertyPath":"/PLANT","modelName":"NewYardModel"},"interaction":{"idSuffix":"inner"}},"wdio_ui5_key":"etmportal.ui.manageyards.view.Newsap.m.Input{\"path\":\"\",\"propertyPath\":\"/PLANT\",\"modelName\":\"NewYardModel\"}"}]}
RESULT: {"script":"<script> [1562 bytes]","args":[{"selector":{"controlType":"sap.m.Input","viewName":"etm.portal.ui.manageyards.view.New","viewId":"application-manageyards-display-component---NewYard","bindingPath":{"path":"","propertyPath":"/PLANT","modelName":"NewYardModel"},"interaction":{"idSuffix":"inner"}},"wdio_ui5_key":"etmportal.ui.manageyards.view.Newsap.m.Input{\"path\":\"\",\"propertyPath\":\"/PLANT\",\"modelName\":\"NewYardModel\"}"}]}
RESULT: undefined
COMMAND: POST /session/a2e24c46187f551462858430ad77f0e2/execute/async - {"script":"<script> [776 bytes]","args":[{"enterText":"1001","selector":{"controlType":"sap.m.Input","viewName":"etm.portal.ui.manageyards.view.New","viewId":"application-manageyards-display-component---NewYard","bindingPath":{"path":"","propertyPath":"/PLANT","modelName":"NewYardModel"},"interaction":{"idSuffix":"inner"}},"clearTextFirst":true,"interactionType":"ENTER_TEXT"}]}
RESULT: {"script":"<script> [776 bytes]","args":[{"enterText":"1001","selector":{"controlType":"sap.m.Input","viewName":"etm.portal.ui.manageyards.view.New","viewId":"application-manageyards-display-component---NewYard","bindingPath":{"path":"","propertyPath":"/PLANT","modelName":"NewYardModel"},"interaction":{"idSuffix":"inner"}},"clearTextFirst":true,"interactionType":"ENTER_TEXT"}]}
COMMAND: POST /session/a2e24c46187f551462858430ad77f0e2/execute/async - {"script":"<script> [1562 bytes]","args":[{"selector":{"controlType":"sap.m.Input","viewName":"etm.portal.ui.manageyards.view.New","viewId":"application-manageyards-display-component---NewYard","bindingPath":{"path":"","propertyPath":"/SALES_AREA_VKORG","modelName":"NewYardModel"},"interaction":{"idSuffix":"inner"}},"wdio_ui5_key":"etmportal.ui.manageyards.view.Newsap.m.Input{\"path\":\"\",\"propertyPath\":\"/SALES_AREA_VKORG\",\"modelName\":\"NewYardModel\"}"}]}
RESULT: {"script":"<script> [1562 bytes]","args":[{"selector":{"controlType":"sap.m.Input","viewName":"etm.portal.ui.manageyards.view.New","viewId":"application-manageyards-display-component---NewYard","bindingPath":{"path":"","propertyPath":"/SALES_AREA_VKORG","modelName":"NewYardModel"},"interaction":{"idSuffix":"inner"}},"wdio_ui5_key":"etmportal.ui.manageyards.view.Newsap.m.Input{\"path\":\"\",\"propertyPath\":\"/SALES_AREA_VKORG\",\"modelName\":\"NewYardModel\"}"}]}
RESULT: undefined
COMMAND: POST /session/a2e24c46187f551462858430ad77f0e2/execute/async - {"script":"<script> [776 bytes]","args":[{"enterText":"C002","selector":{"controlType":"sap.m.Input","viewName":"etm.portal.ui.manageyards.view.New","viewId":"application-manageyards-display-component---NewYard","bindingPath":{"path":"","propertyPath":"/SALES_AREA_VKORG","modelName":"NewYardModel"},"interaction":{"idSuffix":"inner"}},"clearTextFirst":true,"interactionType":"ENTER_TEXT"}]}
RESULT: {"script":"<script> [776 bytes]","args":[{"enterText":"C002","selector":{"controlType":"sap.m.Input","viewName":"etm.portal.ui.manageyards.view.New","viewId":"application-manageyards-display-component---NewYard","bindingPath":{"path":"","propertyPath":"/SALES_AREA_VKORG","modelName":"NewYardModel"},"interaction":{"idSuffix":"inner"}},"clearTextFirst":true,"interactionType":"ENTER_TEXT"}]}
COMMAND: POST /session/a2e24c46187f551462858430ad77f0e2/execute/async - {"script":"<script> [1562 bytes]","args":[{"selector":{"controlType":"sap.m.Input","viewName":"etm.portal.ui.manageyards.view.New","viewId":"application-manageyards-display-component---NewYard","bindingPath":{"path":"","propertyPath":"/SALES_AREA_VTWEG","modelName":"NewYardModel"},"interaction":{"idSuffix":"inner"}},"wdio_ui5_key":"etmportal.ui.manageyards.view.Newsap.m.Input{\"path\":\"\",\"propertyPath\":\"/SALES_AREA_VTWEG\",\"modelName\":\"NewYardModel\"}"}]}
RESULT: {"script":"<script> [1562 bytes]","args":[{"selector":{"controlType":"sap.m.Input","viewName":"etm.portal.ui.manageyards.view.New","viewId":"application-manageyards-display-component---NewYard","bindingPath":{"path":"","propertyPath":"/SALES_AREA_VTWEG","modelName":"NewYardModel"},"interaction":{"idSuffix":"inner"}},"wdio_ui5_key":"etmportal.ui.manageyards.view.Newsap.m.Input{\"path\":\"\",\"propertyPath\":\"/SALES_AREA_VTWEG\",\"modelName\":\"NewYardModel\"}"}]}
RESULT: undefined
COMMAND: POST /session/a2e24c46187f551462858430ad77f0e2/execute/async - {"script":"<script> [776 bytes]","args":[{"enterText":"C2","selector":{"controlType":"sap.m.Input","viewName":"etm.portal.ui.manageyards.view.New","viewId":"application-manageyards-display-component---NewYard","bindingPath":{"path":"","propertyPath":"/SALES_AREA_VTWEG","modelName":"NewYardModel"},"interaction":{"idSuffix":"inner"}},"clearTextFirst":true,"interactionType":"ENTER_TEXT"}]}
RESULT: {"script":"<script> [776 bytes]","args":[{"enterText":"C2","selector":{"controlType":"sap.m.Input","viewName":"etm.portal.ui.manageyards.view.New","viewId":"application-manageyards-display-component---NewYard","bindingPath":{"path":"","propertyPath":"/SALES_AREA_VTWEG","modelName":"NewYardModel"},"interaction":{"idSuffix":"inner"}},"clearTextFirst":true,"interactionType":"ENTER_TEXT"}]}
COMMAND: POST /session/a2e24c46187f551462858430ad77f0e2/execute/async - {"script":"<script> [1562 bytes]","args":[{"selector":{"controlType":"sap.m.Input","viewName":"etm.portal.ui.manageyards.view.New","viewId":"application-manageyards-display-component---NewYard","bindingPath":{"path":"","propertyPath":"/SALES_AREA_SPART","modelName":"NewYardModel"},"interaction":{"idSuffix":"inner"}},"wdio_ui5_key":"etmportal.ui.manageyards.view.Newsap.m.Input{\"path\":\"\",\"propertyPath\":\"/SALES_AREA_SPART\",\"modelName\":\"NewYardModel\"}"}]}
RESULT: {"script":"<script> [1562 bytes]","args":[{"selector":{"controlType":"sap.m.Input","viewName":"etm.portal.ui.manageyards.view.New","viewId":"application-manageyards-display-component---NewYard","bindingPath":{"path":"","propertyPath":"/SALES_AREA_SPART","modelName":"NewYardModel"},"interaction":{"idSuffix":"inner"}},"wdio_ui5_key":"etmportal.ui.manageyards.view.Newsap.m.Input{\"path\":\"\",\"propertyPath\":\"/SALES_AREA_SPART\",\"modelName\":\"NewYardModel\"}"}]}
RESULT: undefined
COMMAND: POST /session/a2e24c46187f551462858430ad77f0e2/execute/async - {"script":"<script> [776 bytes]","args":[{"enterText":"C2","selector":{"controlType":"sap.m.Input","viewName":"etm.portal.ui.manageyards.view.New","viewId":"application-manageyards-display-component---NewYard","bindingPath":{"path":"","propertyPath":"/SALES_AREA_SPART","modelName":"NewYardModel"},"interaction":{"idSuffix":"inner"}},"clearTextFirst":true,"interactionType":"ENTER_TEXT"}]}
RESULT: {"script":"<script> [776 bytes]","args":[{"enterText":"C2","selector":{"controlType":"sap.m.Input","viewName":"etm.portal.ui.manageyards.view.New","viewId":"application-manageyards-display-component---NewYard","bindingPath":{"path":"","propertyPath":"/SALES_AREA_SPART","modelName":"NewYardModel"},"interaction":{"idSuffix":"inner"}},"clearTextFirst":true,"interactionType":"ENTER_TEXT"}]}
COMMAND: POST /session/a2e24c46187f551462858430ad77f0e2/execute/async - {"script":"<script> [1562 bytes]","args":[{"selector":{"controlType":"sap.m.Input","viewName":"etm.portal.ui.manageyards.view.New","viewId":"application-manageyards-display-component---NewYard","bindingPath":{"path":"","propertyPath":"/SHIP_POINT","modelName":"NewYardModel"},"interaction":{"idSuffix":"inner"}},"wdio_ui5_key":"etmportal.ui.manageyards.view.Newsap.m.Input{\"path\":\"\",\"propertyPath\":\"/SHIP_POINT\",\"modelName\":\"NewYardModel\"}"}]}
RESULT: {"script":"<script> [1562 bytes]","args":[{"selector":{"controlType":"sap.m.Input","viewName":"etm.portal.ui.manageyards.view.New","viewId":"application-manageyards-display-component---NewYard","bindingPath":{"path":"","propertyPath":"/SHIP_POINT","modelName":"NewYardModel"},"interaction":{"idSuffix":"inner"}},"wdio_ui5_key":"etmportal.ui.manageyards.view.Newsap.m.Input{\"path\":\"\",\"propertyPath\":\"/SHIP_POINT\",\"modelName\":\"NewYardModel\"}"}]}
RESULT: undefined
COMMAND: POST /session/a2e24c46187f551462858430ad77f0e2/execute/async - {"script":"<script> [776 bytes]","args":[{"enterText":"1710","selector":{"controlType":"sap.m.Input","viewName":"etm.portal.ui.manageyards.view.New","viewId":"application-manageyards-display-component---NewYard","bindingPath":{"path":"","propertyPath":"/SHIP_POINT","modelName":"NewYardModel"},"interaction":{"idSuffix":"inner"}},"clearTextFirst":true,"interactionType":"ENTER_TEXT"}]}
RESULT: {"script":"<script> [776 bytes]","args":[{"enterText":"1710","selector":{"controlType":"sap.m.Input","viewName":"etm.portal.ui.manageyards.view.New","viewId":"application-manageyards-display-component---NewYard","bindingPath":{"path":"","propertyPath":"/SHIP_POINT","modelName":"NewYardModel"},"interaction":{"idSuffix":"inner"}},"clearTextFirst":true,"interactionType":"ENTER_TEXT"}]}
COMMAND: POST /session/a2e24c46187f551462858430ad77f0e2/execute/async - {"script":"<script> [1562 bytes]","args":[{"selector":{"controlType":"sap.m.Input","viewName":"etm.portal.ui.manageyards.view.New","viewId":"application-manageyards-display-component---NewYard","bindingPath":{"path":"","propertyPath":"/DELIVERY_TYPE","modelName":"NewYardModel"},"interaction":{"idSuffix":"inner"}},"wdio_ui5_key":"etmportal.ui.manageyards.view.Newsap.m.Input{\"path\":\"\",\"propertyPath\":\"/DELIVERY_TYPE\",\"modelName\":\"NewYardModel\"}"}]}
RESULT: {"script":"<script> [1562 bytes]","args":[{"selector":{"controlType":"sap.m.Input","viewName":"etm.portal.ui.manageyards.view.New","viewId":"application-manageyards-display-component---NewYard","bindingPath":{"path":"","propertyPath":"/DELIVERY_TYPE","modelName":"NewYardModel"},"interaction":{"idSuffix":"inner"}},"wdio_ui5_key":"etmportal.ui.manageyards.view.Newsap.m.Input{\"path\":\"\",\"propertyPath\":\"/DELIVERY_TYPE\",\"modelName\":\"NewYardModel\"}"}]}
RESULT: undefined
COMMAND: POST /session/a2e24c46187f551462858430ad77f0e2/execute/async - {"script":"<script> [776 bytes]","args":[{"enterText":"ZL01","selector":{"controlType":"sap.m.Input","viewName":"etm.portal.ui.manageyards.view.New","viewId":"application-manageyards-display-component---NewYard","bindingPath":{"path":"","propertyPath":"/DELIVERY_TYPE","modelName":"NewYardModel"},"interaction":{"idSuffix":"inner"}},"clearTextFirst":true,"interactionType":"ENTER_TEXT"}]}
RESULT: {"script":"<script> [776 bytes]","args":[{"enterText":"ZL01","selector":{"controlType":"sap.m.Input","viewName":"etm.portal.ui.manageyards.view.New","viewId":"application-manageyards-display-component---NewYard","bindingPath":{"path":"","propertyPath":"/DELIVERY_TYPE","modelName":"NewYardModel"},"interaction":{"idSuffix":"inner"}},"clearTextFirst":true,"interactionType":"ENTER_TEXT"}]}
COMMAND: POST /session/a2e24c46187f551462858430ad77f0e2/execute/async - {"script":"<script> [1562 bytes]","args":[{"selector":{"controlType":"sap.m.Input","viewName":"etm.portal.ui.manageyards.view.New","viewId":"application-manageyards-display-component---NewYard","bindingPath":{"path":"","propertyPath":"/AUART","modelName":"NewYardModel"},"interaction":{"idSuffix":"inner"}},"wdio_ui5_key":"etmportal.ui.manageyards.view.Newsap.m.Input{\"path\":\"\",\"propertyPath\":\"/AUART\",\"modelName\":\"NewYardModel\"}"}]}
RESULT: {"script":"<script> [1562 bytes]","args":[{"selector":{"controlType":"sap.m.Input","viewName":"etm.portal.ui.manageyards.view.New","viewId":"application-manageyards-display-component---NewYard","bindingPath":{"path":"","propertyPath":"/AUART","modelName":"NewYardModel"},"interaction":{"idSuffix":"inner"}},"wdio_ui5_key":"etmportal.ui.manageyards.view.Newsap.m.Input{\"path\":\"\",\"propertyPath\":\"/AUART\",\"modelName\":\"NewYardModel\"}"}]}
RESULT: undefined
COMMAND: POST /session/a2e24c46187f551462858430ad77f0e2/execute/async - {"script":"<script> [776 bytes]","args":[{"enterText":"TA","selector":{"controlType":"sap.m.Input","viewName":"etm.portal.ui.manageyards.view.New","viewId":"application-manageyards-display-component---NewYard","bindingPath":{"path":"","propertyPath":"/AUART","modelName":"NewYardModel"},"interaction":{"idSuffix":"inner"}},"clearTextFirst":true,"interactionType":"ENTER_TEXT"}]}
RESULT: {"script":"<script> [776 bytes]","args":[{"enterText":"TA","selector":{"controlType":"sap.m.Input","viewName":"etm.portal.ui.manageyards.view.New","viewId":"application-manageyards-display-component---NewYard","bindingPath":{"path":"","propertyPath":"/AUART","modelName":"NewYardModel"},"interaction":{"idSuffix":"inner"}},"clearTextFirst":true,"interactionType":"ENTER_TEXT"}]}
COMMAND: POST /session/a2e24c46187f551462858430ad77f0e2/element - {"using":"xpath","value":"//button[@data-kt=\"newYardSaveButton\"]"}
RESULT: {"using":"xpath","value":"//button[@data-kt=\"newYardSaveButton\"]"}
COMMAND: POST /session/a2e24c46187f551462858430ad77f0e2/element/f.C0C1CAF4A724E2CBF7E3AD8AD540F396.d.EA5574D1C5F3B13692B5B6D9EFCA099A.e.711/click - {}
RESULT: {}
COMMAND: GET /session/a2e24c46187f551462858430ad77f0e2/screenshot - {}
RESULT: {}
COMMAND: POST /session/a2e24c46187f551462858430ad77f0e2/element - {"using":"xpath","value":"//header[contains(@id, 'ObjectPageLayout-headerTitle')]/div[1]/div[2]/div[1]/span[1]"}
RESULT: {"using":"xpath","value":"//header[contains(@id, 'ObjectPageLayout-headerTitle')]/div[1]/div[2]/div[1]/span[1]"}
COMMAND: POST /session/a2e24c46187f551462858430ad77f0e2/elements - {"using":"xpath","value":"//header[contains(@id, 'ObjectPageLayout-headerTitle')]/div[1]/div[2]/div[1]/span[1]"}
RESULT: {"using":"xpath","value":"//header[contains(@id, 'ObjectPageLayout-headerTitle')]/div[1]/div[2]/div[1]/span[1]"}
COMMAND: POST /session/a2e24c46187f551462858430ad77f0e2/execute/sync - {"script":"<script> [56 bytes]","args":[{"element-6066-11e4-a52e-4f735466cecf":"f.C0C1CAF4A724E2CBF7E3AD8AD540F396.d.EA5574D1C5F3B13692B5B6D9EFCA099A.e.1002","ELEMENT":"f.C0C1CAF4A724E2CBF7E3AD8AD540F396.d.EA5574D1C5F3B13692B5B6D9EFCA099A.e.1002"}]}
RESULT: {"script":"<script> [56 bytes]","args":[{"element-6066-11e4-a52e-4f735466cecf":"f.C0C1CAF4A724E2CBF7E3AD8AD540F396.d.EA5574D1C5F3B13692B5B6D9EFCA099A.e.1002","ELEMENT":"f.C0C1CAF4A724E2CBF7E3AD8AD540F396.d.EA5574D1C5F3B13692B5B6D9EFCA099A.e.1002"}]}
COMMAND: GET /session/a2e24c46187f551462858430ad77f0e2/screenshot - {}
RESULT: {}
COMMAND: POST /session/a2e24c46187f551462858430ad77f0e2/element - {"using":"css selector","value":"#shell-header-logo"}
RESULT: {"using":"css selector","value":"#shell-header-logo"}
COMMAND: POST /session/a2e24c46187f551462858430ad77f0e2/element/f.C0C1CAF4A724E2CBF7E3AD8AD540F396.d.EA5574D1C5F3B13692B5B6D9EFCA099A.e.265/click - {}
RESULT: {}
COMMAND: GET /session/a2e24c46187f551462858430ad77f0e2/screenshot - {}
RESULT: {}
COMMAND: POST /session/a2e24c46187f551462858430ad77f0e2/execute/sync - {"script":"<script> [299 bytes]","args":[["getModel","getResource"]]}
RESULT: {"script":"<script> [299 bytes]","args":[["getModel","getResource"]]}
COMMAND: GET /session/a2e24c46187f551462858430ad77f0e2/screenshot - {}
]]></system-out>
    </testcase>
    <testcase classname="chrome.136_0_7103_93.windows.Prerequisites_&amp;_test_for_yard_mass_return_on_Yard_Overview_US131057" name="Prereq Should create a new partner" time="149.533">
      <system-out><![CDATA[
COMMAND: POST /session/a2e24c46187f551462858430ad77f0e2/window/fullscreen - {}
RESULT: {}
COMMAND: POST /session/a2e24c46187f551462858430ad77f0e2/execute/async - {"script":"<script> [1562 bytes]","args":[{"selector":{"controlType":"sap.m.GenericTile","properties":{"header":"Manage Partners"}},"wdio_ui5_key":"sapm.GenericTile{\"header\":\"Manage Partners\"}"}]}
RESULT: {}
RESULT: {"script":"<script> [1562 bytes]","args":[{"selector":{"controlType":"sap.m.GenericTile","properties":{"header":"Manage Partners"}},"wdio_ui5_key":"sapm.GenericTile{\"header\":\"Manage Partners\"}"}]}
RESULT: undefined
COMMAND: POST /session/a2e24c46187f551462858430ad77f0e2/element - {"using":"xpath","value":"//*[@id=\"__tile38\"]"}
RESULT: {"using":"xpath","value":"//*[@id=\"__tile38\"]"}
COMMAND: POST /session/a2e24c46187f551462858430ad77f0e2/element/f.C0C1CAF4A724E2CBF7E3AD8AD540F396.d.EA5574D1C5F3B13692B5B6D9EFCA099A.e.154/click - {}
RESULT: {}
COMMAND: GET /session/a2e24c46187f551462858430ad77f0e2/screenshot - {}
RESULT: {}
COMMAND: POST /session/a2e24c46187f551462858430ad77f0e2/elements - {"using":"xpath","value":"//span[text()='Error']"}
RESULT: {"using":"xpath","value":"//span[text()='Error']"}
COMMAND: POST /session/a2e24c46187f551462858430ad77f0e2/element - {"using":"xpath","value":"//button[@data-kt=\"addButton\"]"}
RESULT: {"using":"xpath","value":"//button[@data-kt=\"addButton\"]"}
COMMAND: POST /session/a2e24c46187f551462858430ad77f0e2/elements - {"using":"xpath","value":"//button[@data-kt=\"addButton\"]"}
RESULT: {"using":"xpath","value":"//button[@data-kt=\"addButton\"]"}
COMMAND: POST /session/a2e24c46187f551462858430ad77f0e2/elements - {"using":"xpath","value":"//button[@data-kt=\"addButton\"]"}
RESULT: {"using":"xpath","value":"//button[@data-kt=\"addButton\"]"}
COMMAND: POST /session/a2e24c46187f551462858430ad77f0e2/element - {"using":"xpath","value":"//button[@data-kt=\"addButton\"]"}
RESULT: {"using":"xpath","value":"//button[@data-kt=\"addButton\"]"}
COMMAND: POST /session/a2e24c46187f551462858430ad77f0e2/execute/sync - {"script":"<script> [8489 bytes]","args":[{"element-6066-11e4-a52e-4f735466cecf":"f.C0C1CAF4A724E2CBF7E3AD8AD540F396.d.EA5574D1C5F3B13692B5B6D9EFCA099A.e.1040","ELEMENT":"f.C0C1CAF4A724E2CBF7E3AD8AD540F396.d.EA5574D1C5F3B13692B5B6D9EFCA099A.e.1040"}]}
RESULT: {"script":"<script> [8489 bytes]","args":[{"element-6066-11e4-a52e-4f735466cecf":"f.C0C1CAF4A724E2CBF7E3AD8AD540F396.d.EA5574D1C5F3B13692B5B6D9EFCA099A.e.1040","ELEMENT":"f.C0C1CAF4A724E2CBF7E3AD8AD540F396.d.EA5574D1C5F3B13692B5B6D9EFCA099A.e.1040"}]}
COMMAND: GET /session/a2e24c46187f551462858430ad77f0e2/element/f.C0C1CAF4A724E2CBF7E3AD8AD540F396.d.EA5574D1C5F3B13692B5B6D9EFCA099A.e.1040/enabled - {}
COMMAND: GET /session/a2e24c46187f551462858430ad77f0e2/screenshot - {}
RESULT: {}
COMMAND: POST /session/a2e24c46187f551462858430ad77f0e2/execute/sync - {"script":"<script> [8489 bytes]","args":[{"element-6066-11e4-a52e-4f735466cecf":"f.C0C1CAF4A724E2CBF7E3AD8AD540F396.d.EA5574D1C5F3B13692B5B6D9EFCA099A.e.1040","ELEMENT":"f.C0C1CAF4A724E2CBF7E3AD8AD540F396.d.EA5574D1C5F3B13692B5B6D9EFCA099A.e.1040"}]}
COMMAND: GET /session/a2e24c46187f551462858430ad77f0e2/screenshot - {}
RESULT: {}
RESULT: {"script":"<script> [8489 bytes]","args":[{"element-6066-11e4-a52e-4f735466cecf":"f.C0C1CAF4A724E2CBF7E3AD8AD540F396.d.EA5574D1C5F3B13692B5B6D9EFCA099A.e.1040","ELEMENT":"f.C0C1CAF4A724E2CBF7E3AD8AD540F396.d.EA5574D1C5F3B13692B5B6D9EFCA099A.e.1040"}]}
COMMAND: POST /session/a2e24c46187f551462858430ad77f0e2/execute/sync - {"script":"<script> [5351 bytes]","args":[{"element-6066-11e4-a52e-4f735466cecf":"f.C0C1CAF4A724E2CBF7E3AD8AD540F396.d.EA5574D1C5F3B13692B5B6D9EFCA099A.e.1040","ELEMENT":"f.C0C1CAF4A724E2CBF7E3AD8AD540F396.d.EA5574D1C5F3B13692B5B6D9EFCA099A.e.1040"}]}
COMMAND: GET /session/a2e24c46187f551462858430ad77f0e2/screenshot - {}
RESULT: {}
RESULT: {"script":"<script> [5351 bytes]","args":[{"element-6066-11e4-a52e-4f735466cecf":"f.C0C1CAF4A724E2CBF7E3AD8AD540F396.d.EA5574D1C5F3B13692B5B6D9EFCA099A.e.1040","ELEMENT":"f.C0C1CAF4A724E2CBF7E3AD8AD540F396.d.EA5574D1C5F3B13692B5B6D9EFCA099A.e.1040"}]}
COMMAND: POST /session/a2e24c46187f551462858430ad77f0e2/element/f.C0C1CAF4A724E2CBF7E3AD8AD540F396.d.EA5574D1C5F3B13692B5B6D9EFCA099A.e.1040/click - {}
COMMAND: GET /session/a2e24c46187f551462858430ad77f0e2/screenshot - {}
RESULT: {}
RESULT: {}
COMMAND: GET /session/a2e24c46187f551462858430ad77f0e2/screenshot - {}
COMMAND: POST /session/a2e24c46187f551462858430ad77f0e2/execute/async - {"script":"<script> [1562 bytes]","args":[{"selector":{"id":"application-managepartners-display-component---NewPartner--addressDetailDetailsName1","interaction":{"idSuffix":"inner"}},"wdio_ui5_key":"applicationmanagepartners-display-component---NewPartner--addressDetailDetailsName1"}]}
RESULT: {}
RESULT: {}
RESULT: {"script":"<script> [1562 bytes]","args":[{"selector":{"id":"application-managepartners-display-component---NewPartner--addressDetailDetailsName1","interaction":{"idSuffix":"inner"}},"wdio_ui5_key":"applicationmanagepartners-display-component---NewPartner--addressDetailDetailsName1"}]}
RESULT: undefined
COMMAND: POST /session/a2e24c46187f551462858430ad77f0e2/execute/async - {"script":"<script> [776 bytes]","args":[{"enterText":"Intracompany Partner WDIO","selector":{"id":"application-managepartners-display-component---NewPartner--addressDetailDetailsName1","interaction":{"idSuffix":"inner"}},"clearTextFirst":true,"interactionType":"ENTER_TEXT"}]}
RESULT: {"script":"<script> [776 bytes]","args":[{"enterText":"Intracompany Partner WDIO","selector":{"id":"application-managepartners-display-component---NewPartner--addressDetailDetailsName1","interaction":{"idSuffix":"inner"}},"clearTextFirst":true,"interactionType":"ENTER_TEXT"}]}
COMMAND: POST /session/a2e24c46187f551462858430ad77f0e2/execute/async - {"script":"<script> [1562 bytes]","args":[{"selector":{"id":"application-managepartners-display-component---NewPartner--addressDetailDetailsLanguage-arrow"},"wdio_ui5_key":"applicationmanagepartners-display-component---NewPartner--addressDetailDetailsLanguage-arrow"}]}
RESULT: {"script":"<script> [1562 bytes]","args":[{"selector":{"id":"application-managepartners-display-component---NewPartner--addressDetailDetailsLanguage-arrow"},"wdio_ui5_key":"applicationmanagepartners-display-component---NewPartner--addressDetailDetailsLanguage-arrow"}]}
RESULT: undefined
COMMAND: POST /session/a2e24c46187f551462858430ad77f0e2/element - {"using":"xpath","value":"//*[@id=\"application-managepartners-display-component---NewPartner--addressDetailDetailsLanguage-arrow\"]"}
RESULT: {"using":"xpath","value":"//*[@id=\"application-managepartners-display-component---NewPartner--addressDetailDetailsLanguage-arrow\"]"}
COMMAND: POST /session/a2e24c46187f551462858430ad77f0e2/element/f.C0C1CAF4A724E2CBF7E3AD8AD540F396.d.EA5574D1C5F3B13692B5B6D9EFCA099A.e.1492/click - {}
RESULT: {}
COMMAND: POST /session/a2e24c46187f551462858430ad77f0e2/element - {"using":"xpath","value":"//span[contains(text(), \"English\")]"}
COMMAND: GET /session/a2e24c46187f551462858430ad77f0e2/screenshot - {}
RESULT: {"using":"xpath","value":"//span[contains(text(), \"English\")]"}
COMMAND: POST /session/a2e24c46187f551462858430ad77f0e2/element/f.C0C1CAF4A724E2CBF7E3AD8AD540F396.d.EA5574D1C5F3B13692B5B6D9EFCA099A.e.1493/click - {}
RESULT: {}
RESULT: {}
COMMAND: GET /session/a2e24c46187f551462858430ad77f0e2/screenshot - {}
RESULT: {}
COMMAND: POST /session/a2e24c46187f551462858430ad77f0e2/execute/async - {"script":"<script> [1562 bytes]","args":[{"selector":{"id":"application-managepartners-display-component---NewPartner--addressDetailDetailsCity1","interaction":{"idSuffix":"inner"}},"wdio_ui5_key":"applicationmanagepartners-display-component---NewPartner--addressDetailDetailsCity1"}]}
RESULT: {"script":"<script> [1562 bytes]","args":[{"selector":{"id":"application-managepartners-display-component---NewPartner--addressDetailDetailsCity1","interaction":{"idSuffix":"inner"}},"wdio_ui5_key":"applicationmanagepartners-display-component---NewPartner--addressDetailDetailsCity1"}]}
RESULT: undefined
COMMAND: POST /session/a2e24c46187f551462858430ad77f0e2/execute/async - {"script":"<script> [776 bytes]","args":[{"enterText":"Rosario","selector":{"id":"application-managepartners-display-component---NewPartner--addressDetailDetailsCity1","interaction":{"idSuffix":"inner"}},"clearTextFirst":true,"interactionType":"ENTER_TEXT"}]}
RESULT: {"script":"<script> [776 bytes]","args":[{"enterText":"Rosario","selector":{"id":"application-managepartners-display-component---NewPartner--addressDetailDetailsCity1","interaction":{"idSuffix":"inner"}},"clearTextFirst":true,"interactionType":"ENTER_TEXT"}]}
COMMAND: POST /session/a2e24c46187f551462858430ad77f0e2/execute/async - {"script":"<script> [1562 bytes]","args":[{"selector":{"id":"application-managepartners-display-component---NewPartner--addressDetailDetailsCountry-arrow"},"wdio_ui5_key":"applicationmanagepartners-display-component---NewPartner--addressDetailDetailsCountry-arrow"}]}
RESULT: {"script":"<script> [1562 bytes]","args":[{"selector":{"id":"application-managepartners-display-component---NewPartner--addressDetailDetailsCountry-arrow"},"wdio_ui5_key":"applicationmanagepartners-display-component---NewPartner--addressDetailDetailsCountry-arrow"}]}
RESULT: undefined
COMMAND: POST /session/a2e24c46187f551462858430ad77f0e2/element - {"using":"xpath","value":"//*[@id=\"application-managepartners-display-component---NewPartner--addressDetailDetailsCountry-arrow\"]"}
RESULT: {"using":"xpath","value":"//*[@id=\"application-managepartners-display-component---NewPartner--addressDetailDetailsCountry-arrow\"]"}
COMMAND: POST /session/a2e24c46187f551462858430ad77f0e2/element/f.C0C1CAF4A724E2CBF7E3AD8AD540F396.d.EA5574D1C5F3B13692B5B6D9EFCA099A.e.1475/click - {}
RESULT: {}
COMMAND: POST /session/a2e24c46187f551462858430ad77f0e2/element - {"using":"xpath","value":"//span[contains(text(), \"Argentina\")]"}
COMMAND: GET /session/a2e24c46187f551462858430ad77f0e2/screenshot - {}
RESULT: {"using":"xpath","value":"//span[contains(text(), \"Argentina\")]"}
COMMAND: POST /session/a2e24c46187f551462858430ad77f0e2/element/f.C0C1CAF4A724E2CBF7E3AD8AD540F396.d.EA5574D1C5F3B13692B5B6D9EFCA099A.e.1495/click - {}
RESULT: {}
RESULT: {}
COMMAND: GET /session/a2e24c46187f551462858430ad77f0e2/screenshot - {}
RESULT: {}
COMMAND: POST /session/a2e24c46187f551462858430ad77f0e2/element - {"using":"xpath","value":"//bdi[contains(text(), \"Commercial\")]"}
RESULT: {"using":"xpath","value":"//bdi[contains(text(), \"Commercial\")]"}
COMMAND: POST /session/a2e24c46187f551462858430ad77f0e2/element/f.C0C1CAF4A724E2CBF7E3AD8AD540F396.d.EA5574D1C5F3B13692B5B6D9EFCA099A.e.1496/click - {}
RESULT: {}
COMMAND: GET /session/a2e24c46187f551462858430ad77f0e2/screenshot - {}
RESULT: {}
COMMAND: POST /session/a2e24c46187f551462858430ad77f0e2/execute/async - {"script":"<script> [1562 bytes]","args":[{"selector":{"id":"application-managepartners-display-component---NewPartner--partnerDetailInternal-arrow"},"wdio_ui5_key":"applicationmanagepartners-display-component---NewPartner--partnerDetailInternal-arrow"}]}
RESULT: {"script":"<script> [1562 bytes]","args":[{"selector":{"id":"application-managepartners-display-component---NewPartner--partnerDetailInternal-arrow"},"wdio_ui5_key":"applicationmanagepartners-display-component---NewPartner--partnerDetailInternal-arrow"}]}
RESULT: undefined
COMMAND: POST /session/a2e24c46187f551462858430ad77f0e2/element - {"using":"xpath","value":"//*[@id=\"application-managepartners-display-component---NewPartner--partnerDetailInternal-arrow\"]"}
RESULT: {"using":"xpath","value":"//*[@id=\"application-managepartners-display-component---NewPartner--partnerDetailInternal-arrow\"]"}
COMMAND: POST /session/a2e24c46187f551462858430ad77f0e2/element/f.C0C1CAF4A724E2CBF7E3AD8AD540F396.d.EA5574D1C5F3B13692B5B6D9EFCA099A.e.1502/click - {}
RESULT: {}
COMMAND: POST /session/a2e24c46187f551462858430ad77f0e2/element - {"using":"xpath","value":"//span[contains(text(), \"Affiliated company\")]"}
COMMAND: GET /session/a2e24c46187f551462858430ad77f0e2/screenshot - {}
RESULT: {"using":"xpath","value":"//span[contains(text(), \"Affiliated company\")]"}
COMMAND: POST /session/a2e24c46187f551462858430ad77f0e2/element/f.C0C1CAF4A724E2CBF7E3AD8AD540F396.d.EA5574D1C5F3B13692B5B6D9EFCA099A.e.1503/click - {}
RESULT: {}
RESULT: {}
COMMAND: POST /session/a2e24c46187f551462858430ad77f0e2/execute/async - {"script":"<script> [1562 bytes]","args":[{"selector":{"id":"application-managepartners-display-component---NewPartner--partnerDetailsCurrency-arrow"},"wdio_ui5_key":"applicationmanagepartners-display-component---NewPartner--partnerDetailsCurrency-arrow"}]}
COMMAND: GET /session/a2e24c46187f551462858430ad77f0e2/screenshot - {}
RESULT: {"script":"<script> [1562 bytes]","args":[{"selector":{"id":"application-managepartners-display-component---NewPartner--partnerDetailsCurrency-arrow"},"wdio_ui5_key":"applicationmanagepartners-display-component---NewPartner--partnerDetailsCurrency-arrow"}]}
RESULT: undefined
COMMAND: POST /session/a2e24c46187f551462858430ad77f0e2/element - {"using":"xpath","value":"//*[@id=\"application-managepartners-display-component---NewPartner--partnerDetailsCurrency-arrow\"]"}
RESULT: {}
RESULT: {"using":"xpath","value":"//*[@id=\"application-managepartners-display-component---NewPartner--partnerDetailsCurrency-arrow\"]"}
COMMAND: POST /session/a2e24c46187f551462858430ad77f0e2/element/f.C0C1CAF4A724E2CBF7E3AD8AD540F396.d.EA5574D1C5F3B13692B5B6D9EFCA099A.e.1510/click - {}
RESULT: {}
COMMAND: POST /session/a2e24c46187f551462858430ad77f0e2/element - {"using":"xpath","value":"//span[contains(text(), \"Euro\")]"}
COMMAND: GET /session/a2e24c46187f551462858430ad77f0e2/screenshot - {}
RESULT: {"using":"xpath","value":"//span[contains(text(), \"Euro\")]"}
COMMAND: POST /session/a2e24c46187f551462858430ad77f0e2/element/f.C0C1CAF4A724E2CBF7E3AD8AD540F396.d.EA5574D1C5F3B13692B5B6D9EFCA099A.e.1511/click - {}
RESULT: {}
RESULT: {}
COMMAND: POST /session/a2e24c46187f551462858430ad77f0e2/execute/async - {"script":"<script> [1562 bytes]","args":[{"selector":{"id":"application-managepartners-display-component---NewPartner--addressEditDetailsCostObjectCstType-arrow"},"wdio_ui5_key":"applicationmanagepartners-display-component---NewPartner--addressEditDetailsCostObjectCstType-arrow"}]}
COMMAND: GET /session/a2e24c46187f551462858430ad77f0e2/screenshot - {}
RESULT: {"script":"<script> [1562 bytes]","args":[{"selector":{"id":"application-managepartners-display-component---NewPartner--addressEditDetailsCostObjectCstType-arrow"},"wdio_ui5_key":"applicationmanagepartners-display-component---NewPartner--addressEditDetailsCostObjectCstType-arrow"}]}
RESULT: undefined
COMMAND: POST /session/a2e24c46187f551462858430ad77f0e2/element - {"using":"xpath","value":"//*[@id=\"application-managepartners-display-component---NewPartner--addressEditDetailsCostObjectCstType-arrow\"]"}
RESULT: {}
RESULT: {"using":"xpath","value":"//*[@id=\"application-managepartners-display-component---NewPartner--addressEditDetailsCostObjectCstType-arrow\"]"}
COMMAND: POST /session/a2e24c46187f551462858430ad77f0e2/element/f.C0C1CAF4A724E2CBF7E3AD8AD540F396.d.EA5574D1C5F3B13692B5B6D9EFCA099A.e.1512/click - {}
RESULT: {}
COMMAND: POST /session/a2e24c46187f551462858430ad77f0e2/element - {"using":"xpath","value":"//span[contains(text(), \"Cost Center\")]"}
COMMAND: GET /session/a2e24c46187f551462858430ad77f0e2/screenshot - {}
RESULT: {"using":"xpath","value":"//span[contains(text(), \"Cost Center\")]"}
COMMAND: POST /session/a2e24c46187f551462858430ad77f0e2/element/f.C0C1CAF4A724E2CBF7E3AD8AD540F396.d.EA5574D1C5F3B13692B5B6D9EFCA099A.e.1513/click - {}
RESULT: {}
RESULT: {}
COMMAND: GET /session/a2e24c46187f551462858430ad77f0e2/screenshot - {}
RESULT: {}
COMMAND: POST /session/a2e24c46187f551462858430ad77f0e2/element - {"using":"xpath","value":"//span[@id=\"application-managepartners-display-component---NewPartner--addressNewCostObjectCstID-vhi\"]"}
RESULT: {"using":"xpath","value":"//span[@id=\"application-managepartners-display-component---NewPartner--addressNewCostObjectCstID-vhi\"]"}
COMMAND: POST /session/a2e24c46187f551462858430ad77f0e2/execute/sync - {"script":"<script> [8489 bytes]","args":[{"element-6066-11e4-a52e-4f735466cecf":"f.C0C1CAF4A724E2CBF7E3AD8AD540F396.d.EA5574D1C5F3B13692B5B6D9EFCA099A.e.1517","ELEMENT":"f.C0C1CAF4A724E2CBF7E3AD8AD540F396.d.EA5574D1C5F3B13692B5B6D9EFCA099A.e.1517"}]}
RESULT: {"script":"<script> [8489 bytes]","args":[{"element-6066-11e4-a52e-4f735466cecf":"f.C0C1CAF4A724E2CBF7E3AD8AD540F396.d.EA5574D1C5F3B13692B5B6D9EFCA099A.e.1517","ELEMENT":"f.C0C1CAF4A724E2CBF7E3AD8AD540F396.d.EA5574D1C5F3B13692B5B6D9EFCA099A.e.1517"}]}
COMMAND: POST /session/a2e24c46187f551462858430ad77f0e2/execute/async - {"script":"<script> [1562 bytes]","args":[{"selector":{"id":"application-managepartners-display-component---NewPartner--addressNewCostObjectCstID-vhi"},"wdio_ui5_key":"applicationmanagepartners-display-component---NewPartner--addressNewCostObjectCstID-vhi"}]}
COMMAND: GET /session/a2e24c46187f551462858430ad77f0e2/screenshot - {}
RESULT: {"script":"<script> [1562 bytes]","args":[{"selector":{"id":"application-managepartners-display-component---NewPartner--addressNewCostObjectCstID-vhi"},"wdio_ui5_key":"applicationmanagepartners-display-component---NewPartner--addressNewCostObjectCstID-vhi"}]}
RESULT: undefined
COMMAND: POST /session/a2e24c46187f551462858430ad77f0e2/element - {"using":"xpath","value":"//*[@id=\"application-managepartners-display-component---NewPartner--addressNewCostObjectCstID-vhi\"]"}
RESULT: {}
RESULT: {"using":"xpath","value":"//*[@id=\"application-managepartners-display-component---NewPartner--addressNewCostObjectCstID-vhi\"]"}
COMMAND: POST /session/a2e24c46187f551462858430ad77f0e2/element/f.C0C1CAF4A724E2CBF7E3AD8AD540F396.d.EA5574D1C5F3B13692B5B6D9EFCA099A.e.1517/click - {}
RESULT: {}
COMMAND: GET /session/a2e24c46187f551462858430ad77f0e2/screenshot - {}
RESULT: {}
RESULT: undefined
COMMAND: POST /session/a2e24c46187f551462858430ad77f0e2/execute/async - {"script":"<script> [776 bytes]","args":[{"enterText":"10001013","selector":{"controlType":"sap.m.SearchField","properties":{"placeholder":"Search"},"searchOpenDialogs":true,"interaction":{"idSuffix":"I"}},"clearTextFirst":true,"interactionType":"ENTER_TEXT"}]}
RESULT: {"script":"<script> [776 bytes]","args":[{"enterText":"10001013","selector":{"controlType":"sap.m.SearchField","properties":{"placeholder":"Search"},"searchOpenDialogs":true,"interaction":{"idSuffix":"I"}},"clearTextFirst":true,"interactionType":"ENTER_TEXT"}]}
COMMAND: POST /session/a2e24c46187f551462858430ad77f0e2/actions - {"actions":[{"id":"action2","type":"key","parameters":{},"actions":[{"type":"keyDown","value":""},{"type":"pause","duration":10},{"type":"keyUp","value":""}]}]}
RESULT: {"actions":[{"id":"action2","type":"key","parameters":{},"actions":[{"type":"keyDown","value":""},{"type":"pause","duration":10},{"type":"keyUp","value":""}]}]}
COMMAND: GET /session/a2e24c46187f551462858430ad77f0e2/screenshot - {}
RESULT: {}
COMMAND: POST /session/a2e24c46187f551462858430ad77f0e2/element - {"using":"xpath","value":"//span[contains(text(), \"General Management\")]"}
RESULT: {"using":"xpath","value":"//span[contains(text(), \"General Management\")]"}
COMMAND: POST /session/a2e24c46187f551462858430ad77f0e2/element/f.C0C1CAF4A724E2CBF7E3AD8AD540F396.d.EA5574D1C5F3B13692B5B6D9EFCA099A.e.1556/click - {}
RESULT: {}
COMMAND: GET /session/a2e24c46187f551462858430ad77f0e2/screenshot - {}
RESULT: {}
COMMAND: POST /session/a2e24c46187f551462858430ad77f0e2/element - {"using":"xpath","value":"//bdi[contains(text(), \"OK\")]"}
RESULT: {"using":"xpath","value":"//bdi[contains(text(), \"OK\")]"}
COMMAND: POST /session/a2e24c46187f551462858430ad77f0e2/element/f.C0C1CAF4A724E2CBF7E3AD8AD540F396.d.EA5574D1C5F3B13692B5B6D9EFCA099A.e.1557/click - {}
RESULT: {}
COMMAND: GET /session/a2e24c46187f551462858430ad77f0e2/screenshot - {}
RESULT: {}
COMMAND: POST /session/a2e24c46187f551462858430ad77f0e2/element - {"using":"xpath","value":"//input[@id=\"application-managepartners-display-component---NewPartner--companyCodeComboBox-inner\"]"}
RESULT: {"using":"xpath","value":"//input[@id=\"application-managepartners-display-component---NewPartner--companyCodeComboBox-inner\"]"}
COMMAND: POST /session/a2e24c46187f551462858430ad77f0e2/element/f.C0C1CAF4A724E2CBF7E3AD8AD540F396.d.EA5574D1C5F3B13692B5B6D9EFCA099A.e.1398/clear - {}
RESULT: {}
COMMAND: POST /session/a2e24c46187f551462858430ad77f0e2/element/f.C0C1CAF4A724E2CBF7E3AD8AD540F396.d.EA5574D1C5F3B13692B5B6D9EFCA099A.e.1398/value - {"text":"1000"}
COMMAND: GET /session/a2e24c46187f551462858430ad77f0e2/screenshot - {}
RESULT: {"text":"1000"}
COMMAND: GET /session/a2e24c46187f551462858430ad77f0e2/screenshot - {}
RESULT: {}
RESULT: {}
COMMAND: POST /session/a2e24c46187f551462858430ad77f0e2/element - {"using":"xpath","value":"//li[.//span[text()= \"1000\"]]"}
RESULT: {"using":"xpath","value":"//li[.//span[text()= \"1000\"]]"}
COMMAND: POST /session/a2e24c46187f551462858430ad77f0e2/element/f.C0C1CAF4A724E2CBF7E3AD8AD540F396.d.EA5574D1C5F3B13692B5B6D9EFCA099A.e.1563/click - {}
RESULT: {}
COMMAND: GET /session/a2e24c46187f551462858430ad77f0e2/screenshot - {}
RESULT: {}
COMMAND: POST /session/a2e24c46187f551462858430ad77f0e2/execute/async - {"script":"<script> [1562 bytes]","args":[{"selector":{"id":"application-managepartners-display-component---NewPartner--btnAddTableRow-img"},"wdio_ui5_key":"applicationmanagepartners-display-component---NewPartner--btnAddTableRow-img"}]}
RESULT: {"script":"<script> [1562 bytes]","args":[{"selector":{"id":"application-managepartners-display-component---NewPartner--btnAddTableRow-img"},"wdio_ui5_key":"applicationmanagepartners-display-component---NewPartner--btnAddTableRow-img"}]}
RESULT: undefined
COMMAND: POST /session/a2e24c46187f551462858430ad77f0e2/element - {"using":"xpath","value":"//*[@id=\"application-managepartners-display-component---NewPartner--btnAddTableRow-img\"]"}
RESULT: {"using":"xpath","value":"//*[@id=\"application-managepartners-display-component---NewPartner--btnAddTableRow-img\"]"}
COMMAND: POST /session/a2e24c46187f551462858430ad77f0e2/element/f.C0C1CAF4A724E2CBF7E3AD8AD540F396.d.EA5574D1C5F3B13692B5B6D9EFCA099A.e.1564/click - {}
RESULT: {}
COMMAND: GET /session/a2e24c46187f551462858430ad77f0e2/screenshot - {}
RESULT: {}
COMMAND: POST /session/a2e24c46187f551462858430ad77f0e2/element - {"using":"xpath","value":"//input[@id=\"application-managepartners-display-component---NewPartner--assignmentYard-application-managepartners-display-component---NewPartner--assignmentsTable-0-inner\"]"}
RESULT: {"using":"xpath","value":"//input[@id=\"application-managepartners-display-component---NewPartner--assignmentYard-application-managepartners-display-component---NewPartner--assignmentsTable-0-inner\"]"}
COMMAND: POST /session/a2e24c46187f551462858430ad77f0e2/element/f.C0C1CAF4A724E2CBF7E3AD8AD540F396.d.EA5574D1C5F3B13692B5B6D9EFCA099A.e.1567/clear - {}
RESULT: {}
COMMAND: POST /session/a2e24c46187f551462858430ad77f0e2/element/f.C0C1CAF4A724E2CBF7E3AD8AD540F396.d.EA5574D1C5F3B13692B5B6D9EFCA099A.e.1567/value - {"text":"424"}
COMMAND: GET /session/a2e24c46187f551462858430ad77f0e2/screenshot - {}
RESULT: {"text":"424"}
COMMAND: GET /session/a2e24c46187f551462858430ad77f0e2/screenshot - {}
RESULT: {}
RESULT: {}
COMMAND: POST /session/a2e24c46187f551462858430ad77f0e2/element - {"using":"xpath","value":"//li[.//span[text()='424']]"}
RESULT: {"using":"xpath","value":"//li[.//span[text()='424']]"}
COMMAND: POST /session/a2e24c46187f551462858430ad77f0e2/element/f.C0C1CAF4A724E2CBF7E3AD8AD540F396.d.EA5574D1C5F3B13692B5B6D9EFCA099A.e.1576/click - {}
RESULT: {}
COMMAND: GET /session/a2e24c46187f551462858430ad77f0e2/screenshot - {}
RESULT: {}
COMMAND: POST /session/a2e24c46187f551462858430ad77f0e2/actions - {"actions":[{"id":"action3","type":"key","parameters":{},"actions":[{"type":"keyDown","value":""},{"type":"pause","duration":10},{"type":"keyUp","value":""}]}]}
RESULT: {"actions":[{"id":"action3","type":"key","parameters":{},"actions":[{"type":"keyDown","value":""},{"type":"pause","duration":10},{"type":"keyUp","value":""}]}]}
COMMAND: POST /session/a2e24c46187f551462858430ad77f0e2/execute/async - {"script":"<script> [1562 bytes]","args":[{"selector":{"id":"application-managepartners-display-component---NewPartner--externalCustomerComboBox-application-managepartners-display-component---NewPartner--assignmentsTable-0-vhi"},"wdio_ui5_key":"applicationmanagepartners-display-component---NewPartner--externalCustomerComboBox-application-managepartners-display-component---NewPartner--assignmentsTable-0-vhi"}]}
COMMAND: GET /session/a2e24c46187f551462858430ad77f0e2/screenshot - {}
RESULT: {"script":"<script> [1562 bytes]","args":[{"selector":{"id":"application-managepartners-display-component---NewPartner--externalCustomerComboBox-application-managepartners-display-component---NewPartner--assignmentsTable-0-vhi"},"wdio_ui5_key":"applicationmanagepartners-display-component---NewPartner--externalCustomerComboBox-application-managepartners-display-component---NewPartner--assignmentsTable-0-vhi"}]}
RESULT: undefined
COMMAND: POST /session/a2e24c46187f551462858430ad77f0e2/element - {"using":"xpath","value":"//*[@id=\"application-managepartners-display-component---NewPartner--externalCustomerComboBox-application-managepartners-display-component---NewPartner--assignmentsTable-0-vhi\"]"}
RESULT: {}
RESULT: {"using":"xpath","value":"//*[@id=\"application-managepartners-display-component---NewPartner--externalCustomerComboBox-application-managepartners-display-component---NewPartner--assignmentsTable-0-vhi\"]"}
COMMAND: POST /session/a2e24c46187f551462858430ad77f0e2/element/f.C0C1CAF4A724E2CBF7E3AD8AD540F396.d.EA5574D1C5F3B13692B5B6D9EFCA099A.e.1580/click - {}
RESULT: {}
RESULT: undefined
COMMAND: POST /session/a2e24c46187f551462858430ad77f0e2/execute/async - {"script":"<script> [776 bytes]","args":[{"enterText":"300003","selector":{"controlType":"sap.m.SearchField","properties":{"placeholder":"Search"},"searchOpenDialogs":true,"interaction":{"idSuffix":"I"}},"clearTextFirst":true,"interactionType":"ENTER_TEXT"}]}
COMMAND: GET /session/a2e24c46187f551462858430ad77f0e2/screenshot - {}
RESULT: {"script":"<script> [776 bytes]","args":[{"enterText":"300003","selector":{"controlType":"sap.m.SearchField","properties":{"placeholder":"Search"},"searchOpenDialogs":true,"interaction":{"idSuffix":"I"}},"clearTextFirst":true,"interactionType":"ENTER_TEXT"}]}
COMMAND: POST /session/a2e24c46187f551462858430ad77f0e2/actions - {"actions":[{"id":"action4","type":"key","parameters":{},"actions":[{"type":"keyDown","value":""},{"type":"pause","duration":10},{"type":"keyUp","value":""}]}]}
RESULT: {}
RESULT: {"actions":[{"id":"action4","type":"key","parameters":{},"actions":[{"type":"keyDown","value":""},{"type":"pause","duration":10},{"type":"keyUp","value":""}]}]}
COMMAND: GET /session/a2e24c46187f551462858430ad77f0e2/screenshot - {}
RESULT: {}
COMMAND: POST /session/a2e24c46187f551462858430ad77f0e2/element - {"using":"xpath","value":"//span[contains(text(), \"300003\")]"}
RESULT: {"using":"xpath","value":"//span[contains(text(), \"300003\")]"}
COMMAND: POST /session/a2e24c46187f551462858430ad77f0e2/element/f.C0C1CAF4A724E2CBF7E3AD8AD540F396.d.EA5574D1C5F3B13692B5B6D9EFCA099A.e.1597/click - {}
RESULT: {}
COMMAND: GET /session/a2e24c46187f551462858430ad77f0e2/screenshot - {}
RESULT: {}
COMMAND: POST /session/a2e24c46187f551462858430ad77f0e2/element - {"using":"xpath","value":"//bdi[contains(text(), \"OK\")]"}
RESULT: {"using":"xpath","value":"//bdi[contains(text(), \"OK\")]"}
COMMAND: POST /session/a2e24c46187f551462858430ad77f0e2/element/f.C0C1CAF4A724E2CBF7E3AD8AD540F396.d.EA5574D1C5F3B13692B5B6D9EFCA099A.e.1599/click - {}
RESULT: {}
COMMAND: GET /session/a2e24c46187f551462858430ad77f0e2/screenshot - {}
RESULT: {}
COMMAND: POST /session/a2e24c46187f551462858430ad77f0e2/execute/async - {"script":"<script> [1562 bytes]","args":[{"selector":{"id":"application-managepartners-display-component---NewPartner--intercompVendorComboBox-application-managepartners-display-component---NewPartner--assignmentsTable-0-vhi"},"wdio_ui5_key":"applicationmanagepartners-display-component---NewPartner--intercompVendorComboBox-application-managepartners-display-component---NewPartner--assignmentsTable-0-vhi"}]}
RESULT: {"script":"<script> [1562 bytes]","args":[{"selector":{"id":"application-managepartners-display-component---NewPartner--intercompVendorComboBox-application-managepartners-display-component---NewPartner--assignmentsTable-0-vhi"},"wdio_ui5_key":"applicationmanagepartners-display-component---NewPartner--intercompVendorComboBox-application-managepartners-display-component---NewPartner--assignmentsTable-0-vhi"}]}
RESULT: undefined
COMMAND: POST /session/a2e24c46187f551462858430ad77f0e2/element - {"using":"xpath","value":"//*[@id=\"application-managepartners-display-component---NewPartner--intercompVendorComboBox-application-managepartners-display-component---NewPartner--assignmentsTable-0-vhi\"]"}
RESULT: {"using":"xpath","value":"//*[@id=\"application-managepartners-display-component---NewPartner--intercompVendorComboBox-application-managepartners-display-component---NewPartner--assignmentsTable-0-vhi\"]"}
COMMAND: POST /session/a2e24c46187f551462858430ad77f0e2/element/f.C0C1CAF4A724E2CBF7E3AD8AD540F396.d.EA5574D1C5F3B13692B5B6D9EFCA099A.e.1603/click - {}
RESULT: {}
RESULT: undefined
COMMAND: POST /session/a2e24c46187f551462858430ad77f0e2/execute/async - {"script":"<script> [776 bytes]","args":[{"enterText":"100005","selector":{"controlType":"sap.m.SearchField","properties":{"placeholder":"Search"},"searchOpenDialogs":true,"interaction":{"idSuffix":"I"}},"clearTextFirst":true,"interactionType":"ENTER_TEXT"}]}
COMMAND: GET /session/a2e24c46187f551462858430ad77f0e2/screenshot - {}
RESULT: {"script":"<script> [776 bytes]","args":[{"enterText":"100005","selector":{"controlType":"sap.m.SearchField","properties":{"placeholder":"Search"},"searchOpenDialogs":true,"interaction":{"idSuffix":"I"}},"clearTextFirst":true,"interactionType":"ENTER_TEXT"}]}
COMMAND: POST /session/a2e24c46187f551462858430ad77f0e2/actions - {"actions":[{"id":"action5","type":"key","parameters":{},"actions":[{"type":"keyDown","value":""},{"type":"pause","duration":10},{"type":"keyUp","value":""}]}]}
RESULT: {}
RESULT: {"actions":[{"id":"action5","type":"key","parameters":{},"actions":[{"type":"keyDown","value":""},{"type":"pause","duration":10},{"type":"keyUp","value":""}]}]}
COMMAND: GET /session/a2e24c46187f551462858430ad77f0e2/screenshot - {}
RESULT: {}
COMMAND: POST /session/a2e24c46187f551462858430ad77f0e2/element - {"using":"xpath","value":"//span[contains(text(), \"Penguins - Field/12345 Berlin\")]"}
RESULT: {"using":"xpath","value":"//span[contains(text(), \"Penguins - Field/12345 Berlin\")]"}
COMMAND: POST /session/a2e24c46187f551462858430ad77f0e2/element/f.C0C1CAF4A724E2CBF7E3AD8AD540F396.d.EA5574D1C5F3B13692B5B6D9EFCA099A.e.1621/click - {}
RESULT: {}
COMMAND: GET /session/a2e24c46187f551462858430ad77f0e2/screenshot - {}
RESULT: {}
COMMAND: POST /session/a2e24c46187f551462858430ad77f0e2/element - {"using":"xpath","value":"//bdi[contains(text(), \"OK\")]"}
RESULT: {"using":"xpath","value":"//bdi[contains(text(), \"OK\")]"}
COMMAND: POST /session/a2e24c46187f551462858430ad77f0e2/element/f.C0C1CAF4A724E2CBF7E3AD8AD540F396.d.EA5574D1C5F3B13692B5B6D9EFCA099A.e.1622/click - {}
RESULT: {}
COMMAND: GET /session/a2e24c46187f551462858430ad77f0e2/screenshot - {}
RESULT: {}
COMMAND: POST /session/a2e24c46187f551462858430ad77f0e2/element - {"using":"xpath","value":"//button[@data-kt=\"saveButton\"]"}
RESULT: {"using":"xpath","value":"//button[@data-kt=\"saveButton\"]"}
COMMAND: POST /session/a2e24c46187f551462858430ad77f0e2/element/f.C0C1CAF4A724E2CBF7E3AD8AD540F396.d.EA5574D1C5F3B13692B5B6D9EFCA099A.e.1477/click - {}
RESULT: {}
COMMAND: GET /session/a2e24c46187f551462858430ad77f0e2/screenshot - {}
RESULT: {}
COMMAND: POST /session/a2e24c46187f551462858430ad77f0e2/element - {"using":"xpath","value":"//header[contains(@id, 'ObjectPageLayout-headerTitle')]/div[1]/div[2]/div[2]/span[1]"}
RESULT: {"using":"xpath","value":"//header[contains(@id, 'ObjectPageLayout-headerTitle')]/div[1]/div[2]/div[2]/span[1]"}
COMMAND: POST /session/a2e24c46187f551462858430ad77f0e2/elements - {"using":"xpath","value":"//header[contains(@id, 'ObjectPageLayout-headerTitle')]/div[1]/div[2]/div[2]/span[1]"}
RESULT: {"using":"xpath","value":"//header[contains(@id, 'ObjectPageLayout-headerTitle')]/div[1]/div[2]/div[2]/span[1]"}
COMMAND: POST /session/a2e24c46187f551462858430ad77f0e2/execute/sync - {"script":"<script> [56 bytes]","args":[{"element-6066-11e4-a52e-4f735466cecf":"f.C0C1CAF4A724E2CBF7E3AD8AD540F396.d.EA5574D1C5F3B13692B5B6D9EFCA099A.e.1789","ELEMENT":"f.C0C1CAF4A724E2CBF7E3AD8AD540F396.d.EA5574D1C5F3B13692B5B6D9EFCA099A.e.1789"}]}
RESULT: {"script":"<script> [56 bytes]","args":[{"element-6066-11e4-a52e-4f735466cecf":"f.C0C1CAF4A724E2CBF7E3AD8AD540F396.d.EA5574D1C5F3B13692B5B6D9EFCA099A.e.1789","ELEMENT":"f.C0C1CAF4A724E2CBF7E3AD8AD540F396.d.EA5574D1C5F3B13692B5B6D9EFCA099A.e.1789"}]}
COMMAND: POST /session/a2e24c46187f551462858430ad77f0e2/element - {"using":"css selector","value":"#shell-header-logo"}
COMMAND: GET /session/a2e24c46187f551462858430ad77f0e2/screenshot - {}
RESULT: {"using":"css selector","value":"#shell-header-logo"}
COMMAND: POST /session/a2e24c46187f551462858430ad77f0e2/element/f.C0C1CAF4A724E2CBF7E3AD8AD540F396.d.EA5574D1C5F3B13692B5B6D9EFCA099A.e.1007/click - {}
RESULT: {}
RESULT: {}
COMMAND: GET /session/a2e24c46187f551462858430ad77f0e2/screenshot - {}
RESULT: {}
COMMAND: POST /session/a2e24c46187f551462858430ad77f0e2/execute/sync - {"script":"<script> [299 bytes]","args":[["getModel","getResource"]]}
RESULT: {"script":"<script> [299 bytes]","args":[["getModel","getResource"]]}
COMMAND: GET /session/a2e24c46187f551462858430ad77f0e2/screenshot - {}
]]></system-out>
    </testcase>
    <testcase classname="chrome.136_0_7103_93.windows.Prerequisites_&amp;_test_for_yard_mass_return_on_Yard_Overview_US131057" name="Prereq Should create a new site" time="104.107">
      <system-out><![CDATA[
COMMAND: POST /session/a2e24c46187f551462858430ad77f0e2/execute/async - {"script":"<script> [1562 bytes]","args":[{"selector":{"controlType":"sap.m.GenericTile","properties":{"header":"Manage Sites"}},"wdio_ui5_key":"sapm.GenericTile{\"header\":\"Manage Sites\"}"}]}
RESULT: {}
RESULT: {"script":"<script> [1562 bytes]","args":[{"selector":{"controlType":"sap.m.GenericTile","properties":{"header":"Manage Sites"}},"wdio_ui5_key":"sapm.GenericTile{\"header\":\"Manage Sites\"}"}]}
RESULT: undefined
COMMAND: POST /session/a2e24c46187f551462858430ad77f0e2/element - {"using":"xpath","value":"//*[@id=\"__tile40\"]"}
RESULT: {"using":"xpath","value":"//*[@id=\"__tile40\"]"}
COMMAND: POST /session/a2e24c46187f551462858430ad77f0e2/element/f.C0C1CAF4A724E2CBF7E3AD8AD540F396.d.EA5574D1C5F3B13692B5B6D9EFCA099A.e.160/click - {}
RESULT: {}
COMMAND: GET /session/a2e24c46187f551462858430ad77f0e2/screenshot - {}
RESULT: {}
COMMAND: POST /session/a2e24c46187f551462858430ad77f0e2/elements - {"using":"xpath","value":"//span[text()='Error']"}
RESULT: {"using":"xpath","value":"//span[text()='Error']"}
COMMAND: POST /session/a2e24c46187f551462858430ad77f0e2/element - {"using":"xpath","value":"//button[@data-kt=\"addOverflowToolbarButton\"]"}
RESULT: {"using":"xpath","value":"//button[@data-kt=\"addOverflowToolbarButton\"]"}
COMMAND: POST /session/a2e24c46187f551462858430ad77f0e2/elements - {"using":"xpath","value":"//button[@data-kt=\"addOverflowToolbarButton\"]"}
RESULT: {"using":"xpath","value":"//button[@data-kt=\"addOverflowToolbarButton\"]"}
COMMAND: POST /session/a2e24c46187f551462858430ad77f0e2/execute/sync - {"script":"<script> [8489 bytes]","args":[{"element-6066-11e4-a52e-4f735466cecf":"f.C0C1CAF4A724E2CBF7E3AD8AD540F396.d.EA5574D1C5F3B13692B5B6D9EFCA099A.e.1837","ELEMENT":"f.C0C1CAF4A724E2CBF7E3AD8AD540F396.d.EA5574D1C5F3B13692B5B6D9EFCA099A.e.1837"}]}
RESULT: {"script":"<script> [8489 bytes]","args":[{"element-6066-11e4-a52e-4f735466cecf":"f.C0C1CAF4A724E2CBF7E3AD8AD540F396.d.EA5574D1C5F3B13692B5B6D9EFCA099A.e.1837","ELEMENT":"f.C0C1CAF4A724E2CBF7E3AD8AD540F396.d.EA5574D1C5F3B13692B5B6D9EFCA099A.e.1837"}]}
COMMAND: GET /session/a2e24c46187f551462858430ad77f0e2/element/f.C0C1CAF4A724E2CBF7E3AD8AD540F396.d.EA5574D1C5F3B13692B5B6D9EFCA099A.e.1837/enabled - {}
COMMAND: GET /session/a2e24c46187f551462858430ad77f0e2/screenshot - {}
RESULT: {}
COMMAND: POST /session/a2e24c46187f551462858430ad77f0e2/execute/sync - {"script":"<script> [8489 bytes]","args":[{"element-6066-11e4-a52e-4f735466cecf":"f.C0C1CAF4A724E2CBF7E3AD8AD540F396.d.EA5574D1C5F3B13692B5B6D9EFCA099A.e.1837","ELEMENT":"f.C0C1CAF4A724E2CBF7E3AD8AD540F396.d.EA5574D1C5F3B13692B5B6D9EFCA099A.e.1837"}]}
COMMAND: GET /session/a2e24c46187f551462858430ad77f0e2/screenshot - {}
RESULT: {}
RESULT: {"script":"<script> [8489 bytes]","args":[{"element-6066-11e4-a52e-4f735466cecf":"f.C0C1CAF4A724E2CBF7E3AD8AD540F396.d.EA5574D1C5F3B13692B5B6D9EFCA099A.e.1837","ELEMENT":"f.C0C1CAF4A724E2CBF7E3AD8AD540F396.d.EA5574D1C5F3B13692B5B6D9EFCA099A.e.1837"}]}
COMMAND: POST /session/a2e24c46187f551462858430ad77f0e2/execute/sync - {"script":"<script> [5351 bytes]","args":[{"element-6066-11e4-a52e-4f735466cecf":"f.C0C1CAF4A724E2CBF7E3AD8AD540F396.d.EA5574D1C5F3B13692B5B6D9EFCA099A.e.1837","ELEMENT":"f.C0C1CAF4A724E2CBF7E3AD8AD540F396.d.EA5574D1C5F3B13692B5B6D9EFCA099A.e.1837"}]}
COMMAND: GET /session/a2e24c46187f551462858430ad77f0e2/screenshot - {}
RESULT: {}
RESULT: {"script":"<script> [5351 bytes]","args":[{"element-6066-11e4-a52e-4f735466cecf":"f.C0C1CAF4A724E2CBF7E3AD8AD540F396.d.EA5574D1C5F3B13692B5B6D9EFCA099A.e.1837","ELEMENT":"f.C0C1CAF4A724E2CBF7E3AD8AD540F396.d.EA5574D1C5F3B13692B5B6D9EFCA099A.e.1837"}]}
COMMAND: POST /session/a2e24c46187f551462858430ad77f0e2/element/f.C0C1CAF4A724E2CBF7E3AD8AD540F396.d.EA5574D1C5F3B13692B5B6D9EFCA099A.e.1837/click - {}
COMMAND: GET /session/a2e24c46187f551462858430ad77f0e2/screenshot - {}
RESULT: {}
RESULT: {}
COMMAND: GET /session/a2e24c46187f551462858430ad77f0e2/screenshot - {}
COMMAND: POST /session/a2e24c46187f551462858430ad77f0e2/element - {"using":"xpath","value":"//input[@id=\"application-managesites-display-component---NewSite--siteId-inner\"]"}
RESULT: {}
RESULT: {}
RESULT: {"using":"xpath","value":"//input[@id=\"application-managesites-display-component---NewSite--siteId-inner\"]"}
COMMAND: POST /session/a2e24c46187f551462858430ad77f0e2/element - {"using":"xpath","value":"//input[@id=\"application-managesites-display-component---NewSite--siteId-inner\"]"}
RESULT: {"using":"xpath","value":"//input[@id=\"application-managesites-display-component---NewSite--siteId-inner\"]"}
COMMAND: POST /session/a2e24c46187f551462858430ad77f0e2/execute/async - {"script":"<script> [1562 bytes]","args":[{"selector":{"id":"application-managesites-display-component---NewSite--addressDetailDetailsName1","interaction":{"idSuffix":"inner"}},"wdio_ui5_key":"applicationmanagesites-display-component---NewSite--addressDetailDetailsName1"}]}
RESULT: {"script":"<script> [1562 bytes]","args":[{"selector":{"id":"application-managesites-display-component---NewSite--addressDetailDetailsName1","interaction":{"idSuffix":"inner"}},"wdio_ui5_key":"applicationmanagesites-display-component---NewSite--addressDetailDetailsName1"}]}
RESULT: undefined
COMMAND: POST /session/a2e24c46187f551462858430ad77f0e2/execute/async - {"script":"<script> [776 bytes]","args":[{"enterText":"Intracompany Site wdIO","selector":{"id":"application-managesites-display-component---NewSite--addressDetailDetailsName1","interaction":{"idSuffix":"inner"}},"clearTextFirst":true,"interactionType":"ENTER_TEXT"}]}
RESULT: {"script":"<script> [776 bytes]","args":[{"enterText":"Intracompany Site wdIO","selector":{"id":"application-managesites-display-component---NewSite--addressDetailDetailsName1","interaction":{"idSuffix":"inner"}},"clearTextFirst":true,"interactionType":"ENTER_TEXT"}]}
COMMAND: POST /session/a2e24c46187f551462858430ad77f0e2/execute/async - {"script":"<script> [1562 bytes]","args":[{"selector":{"id":"application-managesites-display-component---NewSite--addressDetailDetailsLanguage-arrow"},"wdio_ui5_key":"applicationmanagesites-display-component---NewSite--addressDetailDetailsLanguage-arrow"}]}
RESULT: {"script":"<script> [1562 bytes]","args":[{"selector":{"id":"application-managesites-display-component---NewSite--addressDetailDetailsLanguage-arrow"},"wdio_ui5_key":"applicationmanagesites-display-component---NewSite--addressDetailDetailsLanguage-arrow"}]}
RESULT: undefined
COMMAND: POST /session/a2e24c46187f551462858430ad77f0e2/element - {"using":"xpath","value":"//*[@id=\"application-managesites-display-component---NewSite--addressDetailDetailsLanguage-arrow\"]"}
RESULT: {"using":"xpath","value":"//*[@id=\"application-managesites-display-component---NewSite--addressDetailDetailsLanguage-arrow\"]"}
COMMAND: POST /session/a2e24c46187f551462858430ad77f0e2/element/f.C0C1CAF4A724E2CBF7E3AD8AD540F396.d.EA5574D1C5F3B13692B5B6D9EFCA099A.e.2238/click - {}
RESULT: {}
COMMAND: POST /session/a2e24c46187f551462858430ad77f0e2/element - {"using":"xpath","value":"//span[contains(text(), \"English\")]"}
COMMAND: GET /session/a2e24c46187f551462858430ad77f0e2/screenshot - {}
RESULT: {"using":"xpath","value":"//span[contains(text(), \"English\")]"}
COMMAND: POST /session/a2e24c46187f551462858430ad77f0e2/element/f.C0C1CAF4A724E2CBF7E3AD8AD540F396.d.EA5574D1C5F3B13692B5B6D9EFCA099A.e.2239/click - {}
RESULT: {}
RESULT: {}
COMMAND: POST /session/a2e24c46187f551462858430ad77f0e2/execute/async - {"script":"<script> [1562 bytes]","args":[{"selector":{"id":"application-managesites-display-component---NewSite--addressDetailDetailsCity1","interaction":{"idSuffix":"inner"}},"wdio_ui5_key":"applicationmanagesites-display-component---NewSite--addressDetailDetailsCity1"}]}
COMMAND: GET /session/a2e24c46187f551462858430ad77f0e2/screenshot - {}
RESULT: {"script":"<script> [1562 bytes]","args":[{"selector":{"id":"application-managesites-display-component---NewSite--addressDetailDetailsCity1","interaction":{"idSuffix":"inner"}},"wdio_ui5_key":"applicationmanagesites-display-component---NewSite--addressDetailDetailsCity1"}]}
RESULT: undefined
COMMAND: POST /session/a2e24c46187f551462858430ad77f0e2/execute/async - {"script":"<script> [776 bytes]","args":[{"enterText":"Rosario","selector":{"id":"application-managesites-display-component---NewSite--addressDetailDetailsCity1","interaction":{"idSuffix":"inner"}},"clearTextFirst":true,"interactionType":"ENTER_TEXT"}]}
RESULT: {}
RESULT: {"script":"<script> [776 bytes]","args":[{"enterText":"Rosario","selector":{"id":"application-managesites-display-component---NewSite--addressDetailDetailsCity1","interaction":{"idSuffix":"inner"}},"clearTextFirst":true,"interactionType":"ENTER_TEXT"}]}
COMMAND: POST /session/a2e24c46187f551462858430ad77f0e2/execute/async - {"script":"<script> [1562 bytes]","args":[{"selector":{"id":"application-managesites-display-component---NewSite--addressDetailDetailsCountry-arrow"},"wdio_ui5_key":"applicationmanagesites-display-component---NewSite--addressDetailDetailsCountry-arrow"}]}
RESULT: {"script":"<script> [1562 bytes]","args":[{"selector":{"id":"application-managesites-display-component---NewSite--addressDetailDetailsCountry-arrow"},"wdio_ui5_key":"applicationmanagesites-display-component---NewSite--addressDetailDetailsCountry-arrow"}]}
RESULT: undefined
COMMAND: POST /session/a2e24c46187f551462858430ad77f0e2/element - {"using":"xpath","value":"//*[@id=\"application-managesites-display-component---NewSite--addressDetailDetailsCountry-arrow\"]"}
RESULT: {"using":"xpath","value":"//*[@id=\"application-managesites-display-component---NewSite--addressDetailDetailsCountry-arrow\"]"}
COMMAND: POST /session/a2e24c46187f551462858430ad77f0e2/element/f.C0C1CAF4A724E2CBF7E3AD8AD540F396.d.EA5574D1C5F3B13692B5B6D9EFCA099A.e.2241/click - {}
RESULT: {}
COMMAND: POST /session/a2e24c46187f551462858430ad77f0e2/element - {"using":"xpath","value":"//span[contains(text(), \"Argentina\")]"}
COMMAND: GET /session/a2e24c46187f551462858430ad77f0e2/screenshot - {}
RESULT: {"using":"xpath","value":"//span[contains(text(), \"Argentina\")]"}
COMMAND: POST /session/a2e24c46187f551462858430ad77f0e2/element/f.C0C1CAF4A724E2CBF7E3AD8AD540F396.d.EA5574D1C5F3B13692B5B6D9EFCA099A.e.2242/click - {}
RESULT: {}
RESULT: {}
COMMAND: GET /session/a2e24c46187f551462858430ad77f0e2/screenshot - {}
RESULT: {}
COMMAND: POST /session/a2e24c46187f551462858430ad77f0e2/execute/async - {"script":"<script> [1562 bytes]","args":[{"selector":{"id":"application-managesites-display-component---NewSite--addressEditDetailsCostObjectCstType-arrow"},"wdio_ui5_key":"applicationmanagesites-display-component---NewSite--addressEditDetailsCostObjectCstType-arrow"}]}
RESULT: {"script":"<script> [1562 bytes]","args":[{"selector":{"id":"application-managesites-display-component---NewSite--addressEditDetailsCostObjectCstType-arrow"},"wdio_ui5_key":"applicationmanagesites-display-component---NewSite--addressEditDetailsCostObjectCstType-arrow"}]}
RESULT: undefined
COMMAND: POST /session/a2e24c46187f551462858430ad77f0e2/element - {"using":"xpath","value":"//*[@id=\"application-managesites-display-component---NewSite--addressEditDetailsCostObjectCstType-arrow\"]"}
RESULT: {"using":"xpath","value":"//*[@id=\"application-managesites-display-component---NewSite--addressEditDetailsCostObjectCstType-arrow\"]"}
COMMAND: POST /session/a2e24c46187f551462858430ad77f0e2/element/f.C0C1CAF4A724E2CBF7E3AD8AD540F396.d.EA5574D1C5F3B13692B5B6D9EFCA099A.e.2244/click - {}
RESULT: {}
COMMAND: POST /session/a2e24c46187f551462858430ad77f0e2/element - {"using":"xpath","value":"//span[contains(text(), \"Cost Center\")]"}
COMMAND: GET /session/a2e24c46187f551462858430ad77f0e2/screenshot - {}
RESULT: {"using":"xpath","value":"//span[contains(text(), \"Cost Center\")]"}
COMMAND: POST /session/a2e24c46187f551462858430ad77f0e2/element/f.C0C1CAF4A724E2CBF7E3AD8AD540F396.d.EA5574D1C5F3B13692B5B6D9EFCA099A.e.2245/click - {}
RESULT: {}
RESULT: {}
COMMAND: GET /session/a2e24c46187f551462858430ad77f0e2/screenshot - {}
RESULT: {}
COMMAND: POST /session/a2e24c46187f551462858430ad77f0e2/element - {"using":"xpath","value":"//span[@id=\"application-managesites-display-component---NewSite--addressNewCostObjectCstID-vhi\"]"}
RESULT: {"using":"xpath","value":"//span[@id=\"application-managesites-display-component---NewSite--addressNewCostObjectCstID-vhi\"]"}
COMMAND: POST /session/a2e24c46187f551462858430ad77f0e2/execute/sync - {"script":"<script> [8489 bytes]","args":[{"element-6066-11e4-a52e-4f735466cecf":"f.C0C1CAF4A724E2CBF7E3AD8AD540F396.d.EA5574D1C5F3B13692B5B6D9EFCA099A.e.2250","ELEMENT":"f.C0C1CAF4A724E2CBF7E3AD8AD540F396.d.EA5574D1C5F3B13692B5B6D9EFCA099A.e.2250"}]}
RESULT: {"script":"<script> [8489 bytes]","args":[{"element-6066-11e4-a52e-4f735466cecf":"f.C0C1CAF4A724E2CBF7E3AD8AD540F396.d.EA5574D1C5F3B13692B5B6D9EFCA099A.e.2250","ELEMENT":"f.C0C1CAF4A724E2CBF7E3AD8AD540F396.d.EA5574D1C5F3B13692B5B6D9EFCA099A.e.2250"}]}
COMMAND: POST /session/a2e24c46187f551462858430ad77f0e2/execute/async - {"script":"<script> [1562 bytes]","args":[{"selector":{"id":"application-managesites-display-component---NewSite--addressNewCostObjectCstID-vhi"},"wdio_ui5_key":"applicationmanagesites-display-component---NewSite--addressNewCostObjectCstID-vhi"}]}
COMMAND: GET /session/a2e24c46187f551462858430ad77f0e2/screenshot - {}
RESULT: {"script":"<script> [1562 bytes]","args":[{"selector":{"id":"application-managesites-display-component---NewSite--addressNewCostObjectCstID-vhi"},"wdio_ui5_key":"applicationmanagesites-display-component---NewSite--addressNewCostObjectCstID-vhi"}]}
RESULT: undefined
COMMAND: POST /session/a2e24c46187f551462858430ad77f0e2/element - {"using":"xpath","value":"//*[@id=\"application-managesites-display-component---NewSite--addressNewCostObjectCstID-vhi\"]"}
RESULT: {}
RESULT: {"using":"xpath","value":"//*[@id=\"application-managesites-display-component---NewSite--addressNewCostObjectCstID-vhi\"]"}
COMMAND: POST /session/a2e24c46187f551462858430ad77f0e2/element/f.C0C1CAF4A724E2CBF7E3AD8AD540F396.d.EA5574D1C5F3B13692B5B6D9EFCA099A.e.2250/click - {}
RESULT: {}
COMMAND: GET /session/a2e24c46187f551462858430ad77f0e2/screenshot - {}
RESULT: {}
RESULT: undefined
COMMAND: POST /session/a2e24c46187f551462858430ad77f0e2/execute/async - {"script":"<script> [776 bytes]","args":[{"enterText":"10001013","selector":{"controlType":"sap.m.SearchField","properties":{"placeholder":"Search"},"searchOpenDialogs":true,"interaction":{"idSuffix":"I"}},"clearTextFirst":true,"interactionType":"ENTER_TEXT"}]}
RESULT: {"script":"<script> [776 bytes]","args":[{"enterText":"10001013","selector":{"controlType":"sap.m.SearchField","properties":{"placeholder":"Search"},"searchOpenDialogs":true,"interaction":{"idSuffix":"I"}},"clearTextFirst":true,"interactionType":"ENTER_TEXT"}]}
COMMAND: POST /session/a2e24c46187f551462858430ad77f0e2/actions - {"actions":[{"id":"action6","type":"key","parameters":{},"actions":[{"type":"keyDown","value":""},{"type":"pause","duration":10},{"type":"keyUp","value":""}]}]}
RESULT: {"actions":[{"id":"action6","type":"key","parameters":{},"actions":[{"type":"keyDown","value":""},{"type":"pause","duration":10},{"type":"keyUp","value":""}]}]}
COMMAND: GET /session/a2e24c46187f551462858430ad77f0e2/screenshot - {}
RESULT: {}
COMMAND: POST /session/a2e24c46187f551462858430ad77f0e2/element - {"using":"xpath","value":"//span[contains(text(), \"General Management\")]"}
RESULT: {"using":"xpath","value":"//span[contains(text(), \"General Management\")]"}
COMMAND: POST /session/a2e24c46187f551462858430ad77f0e2/element/f.C0C1CAF4A724E2CBF7E3AD8AD540F396.d.EA5574D1C5F3B13692B5B6D9EFCA099A.e.2289/click - {}
RESULT: {}
COMMAND: GET /session/a2e24c46187f551462858430ad77f0e2/screenshot - {}
RESULT: {}
COMMAND: POST /session/a2e24c46187f551462858430ad77f0e2/element - {"using":"xpath","value":"//bdi[contains(text(), \"OK\")]"}
RESULT: {"using":"xpath","value":"//bdi[contains(text(), \"OK\")]"}
COMMAND: POST /session/a2e24c46187f551462858430ad77f0e2/element/f.C0C1CAF4A724E2CBF7E3AD8AD540F396.d.EA5574D1C5F3B13692B5B6D9EFCA099A.e.2290/click - {}
RESULT: {}
COMMAND: GET /session/a2e24c46187f551462858430ad77f0e2/screenshot - {}
RESULT: {}
COMMAND: POST /session/a2e24c46187f551462858430ad77f0e2/element - {"using":"xpath","value":"//input[@id=\"application-managesites-display-component---NewSite--addressDetailDetailsCalendar-inner\"]"}
RESULT: {"using":"xpath","value":"//input[@id=\"application-managesites-display-component---NewSite--addressDetailDetailsCalendar-inner\"]"}
COMMAND: POST /session/a2e24c46187f551462858430ad77f0e2/element/f.C0C1CAF4A724E2CBF7E3AD8AD540F396.d.EA5574D1C5F3B13692B5B6D9EFCA099A.e.2036/clear - {}
RESULT: {}
COMMAND: POST /session/a2e24c46187f551462858430ad77f0e2/element/f.C0C1CAF4A724E2CBF7E3AD8AD540F396.d.EA5574D1C5F3B13692B5B6D9EFCA099A.e.2036/value - {"text":"Unit"}
COMMAND: GET /session/a2e24c46187f551462858430ad77f0e2/screenshot - {}
RESULT: {"text":"Unit"}
COMMAND: GET /session/a2e24c46187f551462858430ad77f0e2/screenshot - {}
RESULT: {}
RESULT: {}
COMMAND: POST /session/a2e24c46187f551462858430ad77f0e2/actions - {"actions":[{"id":"action7","type":"key","parameters":{},"actions":[{"type":"keyDown","value":""},{"type":"pause","duration":10},{"type":"keyUp","value":""}]}]}
RESULT: {"actions":[{"id":"action7","type":"key","parameters":{},"actions":[{"type":"keyDown","value":""},{"type":"pause","duration":10},{"type":"keyUp","value":""}]}]}
COMMAND: POST /session/a2e24c46187f551462858430ad77f0e2/element - {"using":"xpath","value":"//input[@id=\"application-managesites-display-component---NewSite--addressDetailDetailsYard-inner\"]"}
COMMAND: GET /session/a2e24c46187f551462858430ad77f0e2/screenshot - {}
RESULT: {"using":"xpath","value":"//input[@id=\"application-managesites-display-component---NewSite--addressDetailDetailsYard-inner\"]"}
COMMAND: POST /session/a2e24c46187f551462858430ad77f0e2/element/f.C0C1CAF4A724E2CBF7E3AD8AD540F396.d.EA5574D1C5F3B13692B5B6D9EFCA099A.e.2037/clear - {}
RESULT: {}
RESULT: {}
COMMAND: POST /session/a2e24c46187f551462858430ad77f0e2/element/f.C0C1CAF4A724E2CBF7E3AD8AD540F396.d.EA5574D1C5F3B13692B5B6D9EFCA099A.e.2037/value - {"text":"424"}
COMMAND: GET /session/a2e24c46187f551462858430ad77f0e2/screenshot - {}
RESULT: {"text":"424"}
COMMAND: GET /session/a2e24c46187f551462858430ad77f0e2/screenshot - {}
RESULT: {}
RESULT: {}
COMMAND: POST /session/a2e24c46187f551462858430ad77f0e2/element - {"using":"xpath","value":"//li[.//span[text()='424']]"}
RESULT: {"using":"xpath","value":"//li[.//span[text()='424']]"}
COMMAND: POST /session/a2e24c46187f551462858430ad77f0e2/element/f.C0C1CAF4A724E2CBF7E3AD8AD540F396.d.EA5574D1C5F3B13692B5B6D9EFCA099A.e.2298/click - {}
RESULT: {}
COMMAND: GET /session/a2e24c46187f551462858430ad77f0e2/screenshot - {}
RESULT: {}
COMMAND: POST /session/a2e24c46187f551462858430ad77f0e2/element - {"using":"xpath","value":"//input[@id=\"application-managesites-display-component---NewSite--addressDetailDetailsPartner-inner\"]"}
RESULT: {"using":"xpath","value":"//input[@id=\"application-managesites-display-component---NewSite--addressDetailDetailsPartner-inner\"]"}
COMMAND: POST /session/a2e24c46187f551462858430ad77f0e2/element - {"using":"xpath","value":"//input[@id=\"application-managesites-display-component---NewSite--addressDetailDetailsPartner-inner\"]"}
RESULT: {"using":"xpath","value":"//input[@id=\"application-managesites-display-component---NewSite--addressDetailDetailsPartner-inner\"]"}
COMMAND: POST /session/a2e24c46187f551462858430ad77f0e2/element - {"using":"xpath","value":"//button[@data-kt=\"saveButton\"]"}
RESULT: {"using":"xpath","value":"//button[@data-kt=\"saveButton\"]"}
COMMAND: POST /session/a2e24c46187f551462858430ad77f0e2/element/f.C0C1CAF4A724E2CBF7E3AD8AD540F396.d.EA5574D1C5F3B13692B5B6D9EFCA099A.e.2218/click - {}
RESULT: {}
COMMAND: GET /session/a2e24c46187f551462858430ad77f0e2/screenshot - {}
RESULT: {}
COMMAND: POST /session/a2e24c46187f551462858430ad77f0e2/element - {"using":"xpath","value":"//header[contains(@id, 'ObjectPageLayout-headerTitle')]/div[1]/div[2]/div[2]/span[1]"}
RESULT: {"using":"xpath","value":"//header[contains(@id, 'ObjectPageLayout-headerTitle')]/div[1]/div[2]/div[2]/span[1]"}
COMMAND: POST /session/a2e24c46187f551462858430ad77f0e2/elements - {"using":"xpath","value":"//header[contains(@id, 'ObjectPageLayout-headerTitle')]/div[1]/div[2]/div[2]/span[1]"}
RESULT: {"using":"xpath","value":"//header[contains(@id, 'ObjectPageLayout-headerTitle')]/div[1]/div[2]/div[2]/span[1]"}
COMMAND: POST /session/a2e24c46187f551462858430ad77f0e2/execute/sync - {"script":"<script> [56 bytes]","args":[{"element-6066-11e4-a52e-4f735466cecf":"f.C0C1CAF4A724E2CBF7E3AD8AD540F396.d.EA5574D1C5F3B13692B5B6D9EFCA099A.e.2498","ELEMENT":"f.C0C1CAF4A724E2CBF7E3AD8AD540F396.d.EA5574D1C5F3B13692B5B6D9EFCA099A.e.2498"}]}
RESULT: {"script":"<script> [56 bytes]","args":[{"element-6066-11e4-a52e-4f735466cecf":"f.C0C1CAF4A724E2CBF7E3AD8AD540F396.d.EA5574D1C5F3B13692B5B6D9EFCA099A.e.2498","ELEMENT":"f.C0C1CAF4A724E2CBF7E3AD8AD540F396.d.EA5574D1C5F3B13692B5B6D9EFCA099A.e.2498"}]}
COMMAND: POST /session/a2e24c46187f551462858430ad77f0e2/element - {"using":"css selector","value":"#shell-header-logo"}
COMMAND: GET /session/a2e24c46187f551462858430ad77f0e2/screenshot - {}
RESULT: {"using":"css selector","value":"#shell-header-logo"}
COMMAND: POST /session/a2e24c46187f551462858430ad77f0e2/element/f.C0C1CAF4A724E2CBF7E3AD8AD540F396.d.EA5574D1C5F3B13692B5B6D9EFCA099A.e.1794/click - {}
RESULT: {}
RESULT: {}
COMMAND: GET /session/a2e24c46187f551462858430ad77f0e2/screenshot - {}
RESULT: {}
COMMAND: POST /session/a2e24c46187f551462858430ad77f0e2/execute/sync - {"script":"<script> [299 bytes]","args":[["getModel","getResource"]]}
RESULT: {"script":"<script> [299 bytes]","args":[["getModel","getResource"]]}
]]></system-out>
    </testcase>
    <testcase classname="chrome.136_0_7103_93.windows.Prerequisites_&amp;_test_for_yard_mass_return_on_Yard_Overview_US131057" name="Prereq Should create a new material" time="128.982">
      <system-out><![CDATA[
COMMAND: POST /session/a2e24c46187f551462858430ad77f0e2/execute/async - {"script":"<script> [1562 bytes]","args":[{"selector":{"controlType":"sap.m.GenericTile","properties":{"header":"Manage Resources"}},"wdio_ui5_key":"sapm.GenericTile{\"header\":\"Manage Resources\"}"}]}
COMMAND: GET /session/a2e24c46187f551462858430ad77f0e2/screenshot - {}
RESULT: {"script":"<script> [1562 bytes]","args":[{"selector":{"controlType":"sap.m.GenericTile","properties":{"header":"Manage Resources"}},"wdio_ui5_key":"sapm.GenericTile{\"header\":\"Manage Resources\"}"}]}
RESULT: undefined
COMMAND: POST /session/a2e24c46187f551462858430ad77f0e2/element - {"using":"xpath","value":"//*[@id=\"__tile39\"]"}
RESULT: {}
RESULT: {"using":"xpath","value":"//*[@id=\"__tile39\"]"}
COMMAND: POST /session/a2e24c46187f551462858430ad77f0e2/element/f.C0C1CAF4A724E2CBF7E3AD8AD540F396.d.EA5574D1C5F3B13692B5B6D9EFCA099A.e.157/click - {}
RESULT: {}
COMMAND: GET /session/a2e24c46187f551462858430ad77f0e2/screenshot - {}
RESULT: {}
COMMAND: POST /session/a2e24c46187f551462858430ad77f0e2/elements - {"using":"xpath","value":"//span[text()='Error']"}
RESULT: {"using":"xpath","value":"//span[text()='Error']"}
COMMAND: POST /session/a2e24c46187f551462858430ad77f0e2/element - {"using":"xpath","value":"//button[@data-kt=\"addNewRUOverflowToolbarButton\"]"}
RESULT: {"using":"xpath","value":"//button[@data-kt=\"addNewRUOverflowToolbarButton\"]"}
COMMAND: POST /session/a2e24c46187f551462858430ad77f0e2/elements - {"using":"xpath","value":"//button[@data-kt=\"addNewRUOverflowToolbarButton\"]"}
RESULT: {"using":"xpath","value":"//button[@data-kt=\"addNewRUOverflowToolbarButton\"]"}
COMMAND: POST /session/a2e24c46187f551462858430ad77f0e2/elements - {"using":"xpath","value":"//button[@data-kt=\"addNewRUOverflowToolbarButton\"]"}
RESULT: {"using":"xpath","value":"//button[@data-kt=\"addNewRUOverflowToolbarButton\"]"}
COMMAND: POST /session/a2e24c46187f551462858430ad77f0e2/element - {"using":"xpath","value":"//button[@data-kt=\"addNewRUOverflowToolbarButton\"]"}
RESULT: {"using":"xpath","value":"//button[@data-kt=\"addNewRUOverflowToolbarButton\"]"}
COMMAND: POST /session/a2e24c46187f551462858430ad77f0e2/execute/sync - {"script":"<script> [8489 bytes]","args":[{"element-6066-11e4-a52e-4f735466cecf":"f.C0C1CAF4A724E2CBF7E3AD8AD540F396.d.EA5574D1C5F3B13692B5B6D9EFCA099A.e.2530","ELEMENT":"f.C0C1CAF4A724E2CBF7E3AD8AD540F396.d.EA5574D1C5F3B13692B5B6D9EFCA099A.e.2530"}]}
RESULT: {"script":"<script> [8489 bytes]","args":[{"element-6066-11e4-a52e-4f735466cecf":"f.C0C1CAF4A724E2CBF7E3AD8AD540F396.d.EA5574D1C5F3B13692B5B6D9EFCA099A.e.2530","ELEMENT":"f.C0C1CAF4A724E2CBF7E3AD8AD540F396.d.EA5574D1C5F3B13692B5B6D9EFCA099A.e.2530"}]}
COMMAND: GET /session/a2e24c46187f551462858430ad77f0e2/element/f.C0C1CAF4A724E2CBF7E3AD8AD540F396.d.EA5574D1C5F3B13692B5B6D9EFCA099A.e.2530/enabled - {}
COMMAND: GET /session/a2e24c46187f551462858430ad77f0e2/screenshot - {}
RESULT: {}
COMMAND: POST /session/a2e24c46187f551462858430ad77f0e2/execute/sync - {"script":"<script> [8489 bytes]","args":[{"element-6066-11e4-a52e-4f735466cecf":"f.C0C1CAF4A724E2CBF7E3AD8AD540F396.d.EA5574D1C5F3B13692B5B6D9EFCA099A.e.2530","ELEMENT":"f.C0C1CAF4A724E2CBF7E3AD8AD540F396.d.EA5574D1C5F3B13692B5B6D9EFCA099A.e.2530"}]}
COMMAND: GET /session/a2e24c46187f551462858430ad77f0e2/screenshot - {}
RESULT: {}
RESULT: {"script":"<script> [8489 bytes]","args":[{"element-6066-11e4-a52e-4f735466cecf":"f.C0C1CAF4A724E2CBF7E3AD8AD540F396.d.EA5574D1C5F3B13692B5B6D9EFCA099A.e.2530","ELEMENT":"f.C0C1CAF4A724E2CBF7E3AD8AD540F396.d.EA5574D1C5F3B13692B5B6D9EFCA099A.e.2530"}]}
COMMAND: POST /session/a2e24c46187f551462858430ad77f0e2/execute/sync - {"script":"<script> [5351 bytes]","args":[{"element-6066-11e4-a52e-4f735466cecf":"f.C0C1CAF4A724E2CBF7E3AD8AD540F396.d.EA5574D1C5F3B13692B5B6D9EFCA099A.e.2530","ELEMENT":"f.C0C1CAF4A724E2CBF7E3AD8AD540F396.d.EA5574D1C5F3B13692B5B6D9EFCA099A.e.2530"}]}
COMMAND: GET /session/a2e24c46187f551462858430ad77f0e2/screenshot - {}
RESULT: {}
RESULT: {"script":"<script> [5351 bytes]","args":[{"element-6066-11e4-a52e-4f735466cecf":"f.C0C1CAF4A724E2CBF7E3AD8AD540F396.d.EA5574D1C5F3B13692B5B6D9EFCA099A.e.2530","ELEMENT":"f.C0C1CAF4A724E2CBF7E3AD8AD540F396.d.EA5574D1C5F3B13692B5B6D9EFCA099A.e.2530"}]}
COMMAND: POST /session/a2e24c46187f551462858430ad77f0e2/element/f.C0C1CAF4A724E2CBF7E3AD8AD540F396.d.EA5574D1C5F3B13692B5B6D9EFCA099A.e.2530/click - {}
COMMAND: GET /session/a2e24c46187f551462858430ad77f0e2/screenshot - {}
RESULT: {}
RESULT: {}
COMMAND: GET /session/a2e24c46187f551462858430ad77f0e2/screenshot - {}
COMMAND: POST /session/a2e24c46187f551462858430ad77f0e2/execute/async - {"script":"<script> [1562 bytes]","args":[{"selector":{"id":"application-manageresources-display-component---newResourceUnit--TYPE-arrow"},"wdio_ui5_key":"applicationmanageresources-display-component---newResourceUnit--TYPE-arrow"}]}
RESULT: {}
RESULT: {}
RESULT: {"script":"<script> [1562 bytes]","args":[{"selector":{"id":"application-manageresources-display-component---newResourceUnit--TYPE-arrow"},"wdio_ui5_key":"applicationmanageresources-display-component---newResourceUnit--TYPE-arrow"}]}
RESULT: undefined
COMMAND: POST /session/a2e24c46187f551462858430ad77f0e2/element - {"using":"xpath","value":"//*[@id=\"application-manageresources-display-component---newResourceUnit--TYPE-arrow\"]"}
RESULT: {"using":"xpath","value":"//*[@id=\"application-manageresources-display-component---newResourceUnit--TYPE-arrow\"]"}
COMMAND: POST /session/a2e24c46187f551462858430ad77f0e2/element/f.C0C1CAF4A724E2CBF7E3AD8AD540F396.d.EA5574D1C5F3B13692B5B6D9EFCA099A.e.2699/click - {}
RESULT: {}
COMMAND: POST /session/a2e24c46187f551462858430ad77f0e2/element - {"using":"xpath","value":"//input[@id=\"application-manageresources-display-component---newResourceUnit--TYPE-inner\"]"}
COMMAND: GET /session/a2e24c46187f551462858430ad77f0e2/screenshot - {}
RESULT: {"using":"xpath","value":"//input[@id=\"application-manageresources-display-component---newResourceUnit--TYPE-inner\"]"}
COMMAND: POST /session/a2e24c46187f551462858430ad77f0e2/element/f.C0C1CAF4A724E2CBF7E3AD8AD540F396.d.EA5574D1C5F3B13692B5B6D9EFCA099A.e.2585/clear - {}
RESULT: {}
RESULT: {}
COMMAND: POST /session/a2e24c46187f551462858430ad77f0e2/element/f.C0C1CAF4A724E2CBF7E3AD8AD540F396.d.EA5574D1C5F3B13692B5B6D9EFCA099A.e.2585/value - {"text":"Material"}
COMMAND: GET /session/a2e24c46187f551462858430ad77f0e2/screenshot - {}
RESULT: {"text":"Material"}
COMMAND: GET /session/a2e24c46187f551462858430ad77f0e2/screenshot - {}
RESULT: {}
RESULT: {}
COMMAND: POST /session/a2e24c46187f551462858430ad77f0e2/actions - {"actions":[{"id":"action8","type":"key","parameters":{},"actions":[{"type":"keyDown","value":""},{"type":"pause","duration":10},{"type":"keyUp","value":""}]}]}
RESULT: {"actions":[{"id":"action8","type":"key","parameters":{},"actions":[{"type":"keyDown","value":""},{"type":"pause","duration":10},{"type":"keyUp","value":""}]}]}
COMMAND: POST /session/a2e24c46187f551462858430ad77f0e2/execute/async - {"script":"<script> [1562 bytes]","args":[{"selector":{"id":"application-manageresources-display-component---newResourceUnit--SHORT_TEXT","interaction":{"idSuffix":"inner"}},"wdio_ui5_key":"applicationmanageresources-display-component---newResourceUnit--SHORT_TEXT"}]}
COMMAND: GET /session/a2e24c46187f551462858430ad77f0e2/screenshot - {}
RESULT: {"script":"<script> [1562 bytes]","args":[{"selector":{"id":"application-manageresources-display-component---newResourceUnit--SHORT_TEXT","interaction":{"idSuffix":"inner"}},"wdio_ui5_key":"applicationmanageresources-display-component---newResourceUnit--SHORT_TEXT"}]}
RESULT: undefined
COMMAND: POST /session/a2e24c46187f551462858430ad77f0e2/execute/async - {"script":"<script> [776 bytes]","args":[{"enterText":"Cement WDIO","selector":{"id":"application-manageresources-display-component---newResourceUnit--SHORT_TEXT","interaction":{"idSuffix":"inner"}},"clearTextFirst":true,"interactionType":"ENTER_TEXT"}]}
RESULT: {}
RESULT: {"script":"<script> [776 bytes]","args":[{"enterText":"Cement WDIO","selector":{"id":"application-manageresources-display-component---newResourceUnit--SHORT_TEXT","interaction":{"idSuffix":"inner"}},"clearTextFirst":true,"interactionType":"ENTER_TEXT"}]}
COMMAND: POST /session/a2e24c46187f551462858430ad77f0e2/execute/async - {"script":"<script> [1562 bytes]","args":[{"selector":{"id":"application-manageresources-display-component---newResourceUnit--BASE_UNIT_OF_MEASURE","interaction":{"idSuffix":"inner"}},"wdio_ui5_key":"applicationmanageresources-display-component---newResourceUnit--BASE_UNIT_OF_MEASURE"}]}
RESULT: {"script":"<script> [1562 bytes]","args":[{"selector":{"id":"application-manageresources-display-component---newResourceUnit--BASE_UNIT_OF_MEASURE","interaction":{"idSuffix":"inner"}},"wdio_ui5_key":"applicationmanageresources-display-component---newResourceUnit--BASE_UNIT_OF_MEASURE"}]}
RESULT: undefined
COMMAND: POST /session/a2e24c46187f551462858430ad77f0e2/execute/async - {"script":"<script> [776 bytes]","args":[{"enterText":"Piece","selector":{"id":"application-manageresources-display-component---newResourceUnit--BASE_UNIT_OF_MEASURE","interaction":{"idSuffix":"inner"}},"clearTextFirst":true,"interactionType":"ENTER_TEXT"}]}
RESULT: {"script":"<script> [776 bytes]","args":[{"enterText":"Piece","selector":{"id":"application-manageresources-display-component---newResourceUnit--BASE_UNIT_OF_MEASURE","interaction":{"idSuffix":"inner"}},"clearTextFirst":true,"interactionType":"ENTER_TEXT"}]}
COMMAND: POST /session/a2e24c46187f551462858430ad77f0e2/execute/async - {"script":"<script> [1562 bytes]","args":[{"selector":{"id":"application-manageresources-display-component---newResourceUnit--WEIGHT_UNIT","interaction":{"idSuffix":"inner"}},"wdio_ui5_key":"applicationmanageresources-display-component---newResourceUnit--WEIGHT_UNIT"}]}
RESULT: {"script":"<script> [1562 bytes]","args":[{"selector":{"id":"application-manageresources-display-component---newResourceUnit--WEIGHT_UNIT","interaction":{"idSuffix":"inner"}},"wdio_ui5_key":"applicationmanageresources-display-component---newResourceUnit--WEIGHT_UNIT"}]}
RESULT: undefined
COMMAND: POST /session/a2e24c46187f551462858430ad77f0e2/execute/async - {"script":"<script> [776 bytes]","args":[{"enterText":"Gram","selector":{"id":"application-manageresources-display-component---newResourceUnit--WEIGHT_UNIT","interaction":{"idSuffix":"inner"}},"clearTextFirst":true,"interactionType":"ENTER_TEXT"}]}
RESULT: {"script":"<script> [776 bytes]","args":[{"enterText":"Gram","selector":{"id":"application-manageresources-display-component---newResourceUnit--WEIGHT_UNIT","interaction":{"idSuffix":"inner"}},"clearTextFirst":true,"interactionType":"ENTER_TEXT"}]}
COMMAND: POST /session/a2e24c46187f551462858430ad77f0e2/execute/async - {"script":"<script> [1562 bytes]","args":[{"selector":{"id":"application-manageresources-display-component---newResourceUnit--DIMENSION_UNIT","interaction":{"idSuffix":"inner"}},"wdio_ui5_key":"applicationmanageresources-display-component---newResourceUnit--DIMENSION_UNIT"}]}
RESULT: {"script":"<script> [1562 bytes]","args":[{"selector":{"id":"application-manageresources-display-component---newResourceUnit--DIMENSION_UNIT","interaction":{"idSuffix":"inner"}},"wdio_ui5_key":"applicationmanageresources-display-component---newResourceUnit--DIMENSION_UNIT"}]}
RESULT: undefined
COMMAND: POST /session/a2e24c46187f551462858430ad77f0e2/execute/async - {"script":"<script> [776 bytes]","args":[{"enterText":"Meter","selector":{"id":"application-manageresources-display-component---newResourceUnit--DIMENSION_UNIT","interaction":{"idSuffix":"inner"}},"clearTextFirst":true,"interactionType":"ENTER_TEXT"}]}
RESULT: {"script":"<script> [776 bytes]","args":[{"enterText":"Meter","selector":{"id":"application-manageresources-display-component---newResourceUnit--DIMENSION_UNIT","interaction":{"idSuffix":"inner"}},"clearTextFirst":true,"interactionType":"ENTER_TEXT"}]}
COMMAND: POST /session/a2e24c46187f551462858430ad77f0e2/execute/async - {"script":"<script> [1562 bytes]","args":[{"selector":{"id":"application-manageresources-display-component---newResourceUnit--newRRUPage-anchBar-application-manageresources-display-component---newResourceUnit--control-anchor","interaction":{"idSuffix":"BDI-content"}},"wdio_ui5_key":"applicationmanageresources-display-component---newResourceUnit--newRRUPage-anchBar-application-manageresources-display-component---newResourceUnit--control-anchor"}]}
RESULT: {"script":"<script> [1562 bytes]","args":[{"selector":{"id":"application-manageresources-display-component---newResourceUnit--newRRUPage-anchBar-application-manageresources-display-component---newResourceUnit--control-anchor","interaction":{"idSuffix":"BDI-content"}},"wdio_ui5_key":"applicationmanageresources-display-component---newResourceUnit--newRRUPage-anchBar-application-manageresources-display-component---newResourceUnit--control-anchor"}]}
RESULT: undefined
COMMAND: POST /session/a2e24c46187f551462858430ad77f0e2/element - {"using":"xpath","value":"//*[@id=\"application-manageresources-display-component---newResourceUnit--newRRUPage-anchBar-application-manageresources-display-component---newResourceUnit--control-anchor\"]"}
RESULT: {"using":"xpath","value":"//*[@id=\"application-manageresources-display-component---newResourceUnit--newRRUPage-anchBar-application-manageresources-display-component---newResourceUnit--control-anchor\"]"}
COMMAND: POST /session/a2e24c46187f551462858430ad77f0e2/element/f.C0C1CAF4A724E2CBF7E3AD8AD540F396.d.EA5574D1C5F3B13692B5B6D9EFCA099A.e.2830/click - {}
RESULT: {}
COMMAND: POST /session/a2e24c46187f551462858430ad77f0e2/execute/async - {"script":"<script> [1562 bytes]","args":[{"selector":{"id":"application-manageresources-display-component---newResourceUnit--PLANNING_GROUP","interaction":{"idSuffix":"inner"}},"wdio_ui5_key":"applicationmanageresources-display-component---newResourceUnit--PLANNING_GROUP"}]}
COMMAND: GET /session/a2e24c46187f551462858430ad77f0e2/screenshot - {}
RESULT: {"script":"<script> [1562 bytes]","args":[{"selector":{"id":"application-manageresources-display-component---newResourceUnit--PLANNING_GROUP","interaction":{"idSuffix":"inner"}},"wdio_ui5_key":"applicationmanageresources-display-component---newResourceUnit--PLANNING_GROUP"}]}
RESULT: undefined
COMMAND: POST /session/a2e24c46187f551462858430ad77f0e2/execute/async - {"script":"<script> [776 bytes]","args":[{"enterText":"Material","selector":{"id":"application-manageresources-display-component---newResourceUnit--PLANNING_GROUP","interaction":{"idSuffix":"inner"}},"clearTextFirst":true,"interactionType":"ENTER_TEXT"}]}
RESULT: {}
RESULT: {"script":"<script> [776 bytes]","args":[{"enterText":"Material","selector":{"id":"application-manageresources-display-component---newResourceUnit--PLANNING_GROUP","interaction":{"idSuffix":"inner"}},"clearTextFirst":true,"interactionType":"ENTER_TEXT"}]}
COMMAND: POST /session/a2e24c46187f551462858430ad77f0e2/execute/async - {"script":"<script> [1562 bytes]","args":[{"selector":{"id":"application-manageresources-display-component---newResourceUnit--PLANNING_INDICATOR","interaction":{"idSuffix":"inner"}},"wdio_ui5_key":"applicationmanageresources-display-component---newResourceUnit--PLANNING_INDICATOR"}]}
RESULT: {"script":"<script> [1562 bytes]","args":[{"selector":{"id":"application-manageresources-display-component---newResourceUnit--PLANNING_INDICATOR","interaction":{"idSuffix":"inner"}},"wdio_ui5_key":"applicationmanageresources-display-component---newResourceUnit--PLANNING_INDICATOR"}]}
RESULT: undefined
COMMAND: POST /session/a2e24c46187f551462858430ad77f0e2/execute/async - {"script":"<script> [776 bytes]","args":[{"enterText":"10 - infinite","selector":{"id":"application-manageresources-display-component---newResourceUnit--PLANNING_INDICATOR","interaction":{"idSuffix":"inner"}},"clearTextFirst":true,"interactionType":"ENTER_TEXT"}]}
RESULT: {"script":"<script> [776 bytes]","args":[{"enterText":"10 - infinite","selector":{"id":"application-manageresources-display-component---newResourceUnit--PLANNING_INDICATOR","interaction":{"idSuffix":"inner"}},"clearTextFirst":true,"interactionType":"ENTER_TEXT"}]}
COMMAND: POST /session/a2e24c46187f551462858430ad77f0e2/element - {"using":"css selector","value":"#application-manageresources-display-component---newResourceUnit--btnAddTimeSegment"}
RESULT: {"using":"css selector","value":"#application-manageresources-display-component---newResourceUnit--btnAddTimeSegment"}
COMMAND: GET /session/a2e24c46187f551462858430ad77f0e2/element/f.C0C1CAF4A724E2CBF7E3AD8AD540F396.d.EA5574D1C5F3B13692B5B6D9EFCA099A.e.2840/rect - {}
RESULT: {}
COMMAND: GET /session/a2e24c46187f551462858430ad77f0e2/window/rect - {}
RESULT: {}
COMMAND: POST /session/a2e24c46187f551462858430ad77f0e2/execute/sync - {"script":"<script> [92 bytes]","args":[]}
RESULT: {"script":"<script> [92 bytes]","args":[]}
COMMAND: POST /session/a2e24c46187f551462858430ad77f0e2/actions - {"actions":[{"id":"action9","type":"wheel","parameters":{},"actions":[{"type":"scroll","x":-1888,"y":-32,"deltaX":0,"deltaY":0,"duration":0,"origin":{"element-6066-11e4-a52e-4f735466cecf":"f.C0C1CAF4A724E2CBF7E3AD8AD540F396.d.EA5574D1C5F3B13692B5B6D9EFCA099A.e.2840"}}]}]}
COMMAND: GET /session/a2e24c46187f551462858430ad77f0e2/screenshot - {}
RESULT: {}
COMMAND: POST /session/a2e24c46187f551462858430ad77f0e2/execute/sync - {"script":"<script> [79 bytes]","args":[{"element-6066-11e4-a52e-4f735466cecf":"f.C0C1CAF4A724E2CBF7E3AD8AD540F396.d.EA5574D1C5F3B13692B5B6D9EFCA099A.e.2840","ELEMENT":"f.C0C1CAF4A724E2CBF7E3AD8AD540F396.d.EA5574D1C5F3B13692B5B6D9EFCA099A.e.2840"},{"block":"start","inline":"nearest"}]}
RESULT: {"script":"<script> [79 bytes]","args":[{"element-6066-11e4-a52e-4f735466cecf":"f.C0C1CAF4A724E2CBF7E3AD8AD540F396.d.EA5574D1C5F3B13692B5B6D9EFCA099A.e.2840","ELEMENT":"f.C0C1CAF4A724E2CBF7E3AD8AD540F396.d.EA5574D1C5F3B13692B5B6D9EFCA099A.e.2840"},{"block":"start","inline":"nearest"}]}
COMMAND: POST /session/a2e24c46187f551462858430ad77f0e2/execute/async - {"script":"<script> [1562 bytes]","args":[{"selector":{"id":"application-manageresources-display-component---newResourceUnit--btnAddTimeSegment","interaction":{"idSuffix":"inner"}},"wdio_ui5_key":"applicationmanageresources-display-component---newResourceUnit--btnAddTimeSegment"}]}
COMMAND: GET /session/a2e24c46187f551462858430ad77f0e2/screenshot - {}
RESULT: {"script":"<script> [1562 bytes]","args":[{"selector":{"id":"application-manageresources-display-component---newResourceUnit--btnAddTimeSegment","interaction":{"idSuffix":"inner"}},"wdio_ui5_key":"applicationmanageresources-display-component---newResourceUnit--btnAddTimeSegment"}]}
RESULT: undefined
COMMAND: POST /session/a2e24c46187f551462858430ad77f0e2/element - {"using":"xpath","value":"//*[@id=\"application-manageresources-display-component---newResourceUnit--btnAddTimeSegment\"]"}
RESULT: {}
RESULT: {"using":"xpath","value":"//*[@id=\"application-manageresources-display-component---newResourceUnit--btnAddTimeSegment\"]"}
COMMAND: POST /session/a2e24c46187f551462858430ad77f0e2/element/f.C0C1CAF4A724E2CBF7E3AD8AD540F396.d.EA5574D1C5F3B13692B5B6D9EFCA099A.e.2840/click - {}
RESULT: {}
COMMAND: GET /session/a2e24c46187f551462858430ad77f0e2/screenshot - {}
RESULT: {}
COMMAND: POST /session/a2e24c46187f551462858430ad77f0e2/element - {"using":"xpath","value":"//input[@id=\"application-manageresources-display-component---newResourceUnit--idRuTSAdmin-application-manageresources-display-component---newResourceUnit--RUTimeSegment-0-inner\"]"}
RESULT: {"using":"xpath","value":"//input[@id=\"application-manageresources-display-component---newResourceUnit--idRuTSAdmin-application-manageresources-display-component---newResourceUnit--RUTimeSegment-0-inner\"]"}
COMMAND: POST /session/a2e24c46187f551462858430ad77f0e2/element/f.C0C1CAF4A724E2CBF7E3AD8AD540F396.d.EA5574D1C5F3B13692B5B6D9EFCA099A.e.2845/clear - {}
RESULT: {}
COMMAND: POST /session/a2e24c46187f551462858430ad77f0e2/element/f.C0C1CAF4A724E2CBF7E3AD8AD540F396.d.EA5574D1C5F3B13692B5B6D9EFCA099A.e.2845/value - {"text":"424"}
COMMAND: GET /session/a2e24c46187f551462858430ad77f0e2/screenshot - {}
RESULT: {"text":"424"}
COMMAND: GET /session/a2e24c46187f551462858430ad77f0e2/screenshot - {}
RESULT: {}
RESULT: {}
COMMAND: POST /session/a2e24c46187f551462858430ad77f0e2/element - {"using":"xpath","value":"//li[.//span[text()='424']]"}
RESULT: {"using":"xpath","value":"//li[.//span[text()='424']]"}
COMMAND: POST /session/a2e24c46187f551462858430ad77f0e2/element/f.C0C1CAF4A724E2CBF7E3AD8AD540F396.d.EA5574D1C5F3B13692B5B6D9EFCA099A.e.2856/click - {}
RESULT: {}
COMMAND: GET /session/a2e24c46187f551462858430ad77f0e2/screenshot - {}
RESULT: {}
COMMAND: POST /session/a2e24c46187f551462858430ad77f0e2/element - {"using":"xpath","value":"(//span[contains(@id, \"-application-manageresources-display-component---newResourceUnit--RUTimeSegment-0-arrow\")])[2]"}
RESULT: {"using":"xpath","value":"(//span[contains(@id, \"-application-manageresources-display-component---newResourceUnit--RUTimeSegment-0-arrow\")])[2]"}
COMMAND: POST /session/a2e24c46187f551462858430ad77f0e2/element/f.C0C1CAF4A724E2CBF7E3AD8AD540F396.d.EA5574D1C5F3B13692B5B6D9EFCA099A.e.2857/click - {}
RESULT: {}
COMMAND: POST /session/a2e24c46187f551462858430ad77f0e2/element - {"using":"xpath","value":"//span[contains(text(), \"PM Order\")]"}
COMMAND: GET /session/a2e24c46187f551462858430ad77f0e2/screenshot - {}
RESULT: {"using":"xpath","value":"//span[contains(text(), \"PM Order\")]"}
COMMAND: POST /session/a2e24c46187f551462858430ad77f0e2/element/f.C0C1CAF4A724E2CBF7E3AD8AD540F396.d.EA5574D1C5F3B13692B5B6D9EFCA099A.e.2858/click - {}
RESULT: {}
RESULT: {}
COMMAND: GET /session/a2e24c46187f551462858430ad77f0e2/screenshot - {}
RESULT: {}
COMMAND: POST /session/a2e24c46187f551462858430ad77f0e2/element - {"using":"xpath","value":"//td/div/div/div/span[contains(@id, \"newResourceUnit--RUTimeSegment-0-vhi\")][1]"}
RESULT: {"using":"xpath","value":"//td/div/div/div/span[contains(@id, \"newResourceUnit--RUTimeSegment-0-vhi\")][1]"}
COMMAND: GET /session/a2e24c46187f551462858430ad77f0e2/element/f.C0C1CAF4A724E2CBF7E3AD8AD540F396.d.EA5574D1C5F3B13692B5B6D9EFCA099A.e.2862/rect - {}
RESULT: {}
COMMAND: GET /session/a2e24c46187f551462858430ad77f0e2/window/rect - {}
RESULT: {}
COMMAND: POST /session/a2e24c46187f551462858430ad77f0e2/execute/sync - {"script":"<script> [92 bytes]","args":[]}
RESULT: {"script":"<script> [92 bytes]","args":[]}
COMMAND: POST /session/a2e24c46187f551462858430ad77f0e2/actions - {"actions":[{"id":"action10","type":"wheel","parameters":{},"actions":[{"type":"scroll","x":-1888,"y":-24,"deltaX":0,"deltaY":0,"duration":0,"origin":{"element-6066-11e4-a52e-4f735466cecf":"f.C0C1CAF4A724E2CBF7E3AD8AD540F396.d.EA5574D1C5F3B13692B5B6D9EFCA099A.e.2862"}}]}]}
COMMAND: GET /session/a2e24c46187f551462858430ad77f0e2/screenshot - {}
RESULT: {}
COMMAND: POST /session/a2e24c46187f551462858430ad77f0e2/execute/sync - {"script":"<script> [79 bytes]","args":[{"element-6066-11e4-a52e-4f735466cecf":"f.C0C1CAF4A724E2CBF7E3AD8AD540F396.d.EA5574D1C5F3B13692B5B6D9EFCA099A.e.2862","ELEMENT":"f.C0C1CAF4A724E2CBF7E3AD8AD540F396.d.EA5574D1C5F3B13692B5B6D9EFCA099A.e.2862"},{"block":"start","inline":"nearest"}]}
RESULT: {"script":"<script> [79 bytes]","args":[{"element-6066-11e4-a52e-4f735466cecf":"f.C0C1CAF4A724E2CBF7E3AD8AD540F396.d.EA5574D1C5F3B13692B5B6D9EFCA099A.e.2862","ELEMENT":"f.C0C1CAF4A724E2CBF7E3AD8AD540F396.d.EA5574D1C5F3B13692B5B6D9EFCA099A.e.2862"},{"block":"start","inline":"nearest"}]}
COMMAND: GET /session/a2e24c46187f551462858430ad77f0e2/screenshot - {}
RESULT: {}
COMMAND: POST /session/a2e24c46187f551462858430ad77f0e2/element/f.C0C1CAF4A724E2CBF7E3AD8AD540F396.d.EA5574D1C5F3B13692B5B6D9EFCA099A.e.2862/click - {}
RESULT: {}
COMMAND: GET /session/a2e24c46187f551462858430ad77f0e2/screenshot - {}
RESULT: {}
RESULT: undefined
COMMAND: POST /session/a2e24c46187f551462858430ad77f0e2/execute/async - {"script":"<script> [776 bytes]","args":[{"enterText":"4000360","selector":{"controlType":"sap.m.SearchField","properties":{"placeholder":"Search"},"searchOpenDialogs":true,"interaction":{"idSuffix":"I"}},"clearTextFirst":true,"interactionType":"ENTER_TEXT"}]}
RESULT: {"script":"<script> [776 bytes]","args":[{"enterText":"4000360","selector":{"controlType":"sap.m.SearchField","properties":{"placeholder":"Search"},"searchOpenDialogs":true,"interaction":{"idSuffix":"I"}},"clearTextFirst":true,"interactionType":"ENTER_TEXT"}]}
COMMAND: POST /session/a2e24c46187f551462858430ad77f0e2/actions - {"actions":[{"id":"action11","type":"key","parameters":{},"actions":[{"type":"keyDown","value":""},{"type":"pause","duration":10},{"type":"keyUp","value":""}]}]}
RESULT: {"actions":[{"id":"action11","type":"key","parameters":{},"actions":[{"type":"keyDown","value":""},{"type":"pause","duration":10},{"type":"keyUp","value":""}]}]}
COMMAND: GET /session/a2e24c46187f551462858430ad77f0e2/screenshot - {}
RESULT: {}
COMMAND: POST /session/a2e24c46187f551462858430ad77f0e2/element - {"using":"xpath","value":"//td/div/span[contains(text(), \"BGL Vehicles\")]"}
RESULT: {"using":"xpath","value":"//td/div/span[contains(text(), \"BGL Vehicles\")]"}
COMMAND: POST /session/a2e24c46187f551462858430ad77f0e2/element/f.C0C1CAF4A724E2CBF7E3AD8AD540F396.d.EA5574D1C5F3B13692B5B6D9EFCA099A.e.2882/click - {}
RESULT: {}
COMMAND: GET /session/a2e24c46187f551462858430ad77f0e2/screenshot - {}
RESULT: {}
COMMAND: POST /session/a2e24c46187f551462858430ad77f0e2/element - {"using":"xpath","value":"//bdi[contains(text(), \"OK\")]"}
RESULT: {"using":"xpath","value":"//bdi[contains(text(), \"OK\")]"}
COMMAND: POST /session/a2e24c46187f551462858430ad77f0e2/element/f.C0C1CAF4A724E2CBF7E3AD8AD540F396.d.EA5574D1C5F3B13692B5B6D9EFCA099A.e.2883/click - {}
RESULT: {}
COMMAND: GET /session/a2e24c46187f551462858430ad77f0e2/screenshot - {}
RESULT: {}
COMMAND: POST /session/a2e24c46187f551462858430ad77f0e2/element - {"using":"xpath","value":"//label[contains(@class, 'sapMLabelRequired') and .//bdi[contains(text(), 'Planned Retirement')]]"}
RESULT: {"using":"xpath","value":"//label[contains(@class, 'sapMLabelRequired') and .//bdi[contains(text(), 'Planned Retirement')]]"}
COMMAND: POST /session/a2e24c46187f551462858430ad77f0e2/elements - {"using":"xpath","value":"//label[contains(@class, 'sapMLabelRequired') and .//bdi[contains(text(), 'Planned Retirement')]]"}
RESULT: {"using":"xpath","value":"//label[contains(@class, 'sapMLabelRequired') and .//bdi[contains(text(), 'Planned Retirement')]]"}
COMMAND: POST /session/a2e24c46187f551462858430ad77f0e2/element - {"using":"xpath","value":"//button[@data-kt=\"resourceUnitSaveButton\"]"}
RESULT: {"using":"xpath","value":"//button[@data-kt=\"resourceUnitSaveButton\"]"}
COMMAND: POST /session/a2e24c46187f551462858430ad77f0e2/element/f.C0C1CAF4A724E2CBF7E3AD8AD540F396.d.EA5574D1C5F3B13692B5B6D9EFCA099A.e.2717/click - {}
RESULT: {}
COMMAND: GET /session/a2e24c46187f551462858430ad77f0e2/screenshot - {}
RESULT: {}
COMMAND: POST /session/a2e24c46187f551462858430ad77f0e2/element - {"using":"xpath","value":"//bdi[contains(text(), \"Close\")]"}
RESULT: {"using":"xpath","value":"//bdi[contains(text(), \"Close\")]"}
COMMAND: POST /session/a2e24c46187f551462858430ad77f0e2/element/f.C0C1CAF4A724E2CBF7E3AD8AD540F396.d.EA5574D1C5F3B13692B5B6D9EFCA099A.e.2889/click - {}
RESULT: {}
COMMAND: GET /session/a2e24c46187f551462858430ad77f0e2/screenshot - {}
RESULT: {}
COMMAND: POST /session/a2e24c46187f551462858430ad77f0e2/element - {"using":"xpath","value":"//header[contains(@id, 'detailRruPage-headerTitle')]/div[1]/div[2]/div[2]/span[1]"}
RESULT: {"using":"xpath","value":"//header[contains(@id, 'detailRruPage-headerTitle')]/div[1]/div[2]/div[2]/span[1]"}
COMMAND: POST /session/a2e24c46187f551462858430ad77f0e2/elements - {"using":"xpath","value":"//header[contains(@id, 'detailRruPage-headerTitle')]/div[1]/div[2]/div[2]/span[1]"}
RESULT: {"using":"xpath","value":"//header[contains(@id, 'detailRruPage-headerTitle')]/div[1]/div[2]/div[2]/span[1]"}
COMMAND: POST /session/a2e24c46187f551462858430ad77f0e2/execute/sync - {"script":"<script> [56 bytes]","args":[{"element-6066-11e4-a52e-4f735466cecf":"f.C0C1CAF4A724E2CBF7E3AD8AD540F396.d.EA5574D1C5F3B13692B5B6D9EFCA099A.e.2925","ELEMENT":"f.C0C1CAF4A724E2CBF7E3AD8AD540F396.d.EA5574D1C5F3B13692B5B6D9EFCA099A.e.2925"}]}
RESULT: {"script":"<script> [56 bytes]","args":[{"element-6066-11e4-a52e-4f735466cecf":"f.C0C1CAF4A724E2CBF7E3AD8AD540F396.d.EA5574D1C5F3B13692B5B6D9EFCA099A.e.2925","ELEMENT":"f.C0C1CAF4A724E2CBF7E3AD8AD540F396.d.EA5574D1C5F3B13692B5B6D9EFCA099A.e.2925"}]}
COMMAND: POST /session/a2e24c46187f551462858430ad77f0e2/element - {"using":"css selector","value":"#shell-header-logo"}
COMMAND: GET /session/a2e24c46187f551462858430ad77f0e2/screenshot - {}
RESULT: {"using":"css selector","value":"#shell-header-logo"}
COMMAND: POST /session/a2e24c46187f551462858430ad77f0e2/element/f.C0C1CAF4A724E2CBF7E3AD8AD540F396.d.EA5574D1C5F3B13692B5B6D9EFCA099A.e.2502/click - {}
RESULT: {}
RESULT: {}
COMMAND: GET /session/a2e24c46187f551462858430ad77f0e2/screenshot - {}
RESULT: {}
]]></system-out>
    </testcase>
    <testcase classname="chrome.136_0_7103_93.windows.Prerequisites_&amp;_test_for_yard_mass_return_on_Yard_Overview_US131057" name="Prereq Should do stock increase" time="106.781">
      <system-out><![CDATA[
COMMAND: POST /session/a2e24c46187f551462858430ad77f0e2/execute/async - {"script":"<script> [1562 bytes]","args":[{"selector":{"controlType":"sap.m.GenericTile","properties":{"header":"Manage Handovers"}},"wdio_ui5_key":"sapm.GenericTile{\"header\":\"Manage Handovers\"}"}]}
RESULT: {"script":"<script> [1562 bytes]","args":[{"selector":{"controlType":"sap.m.GenericTile","properties":{"header":"Manage Handovers"}},"wdio_ui5_key":"sapm.GenericTile{\"header\":\"Manage Handovers\"}"}]}
RESULT: undefined
COMMAND: POST /session/a2e24c46187f551462858430ad77f0e2/element - {"using":"xpath","value":"//*[@id=\"__tile132\"]"}
RESULT: {"using":"xpath","value":"//*[@id=\"__tile132\"]"}
COMMAND: POST /session/a2e24c46187f551462858430ad77f0e2/element/f.C0C1CAF4A724E2CBF7E3AD8AD540F396.d.EA5574D1C5F3B13692B5B6D9EFCA099A.e.240/click - {}
RESULT: {}
COMMAND: GET /session/a2e24c46187f551462858430ad77f0e2/screenshot - {}
RESULT: {}
COMMAND: POST /session/a2e24c46187f551462858430ad77f0e2/elements - {"using":"xpath","value":"//span[text()='Error']"}
RESULT: {"using":"xpath","value":"//span[text()='Error']"}
COMMAND: POST /session/a2e24c46187f551462858430ad77f0e2/element - {"using":"xpath","value":"//button[@data-kt=\"masterHOAddButton\"]"}
RESULT: {"using":"xpath","value":"//button[@data-kt=\"masterHOAddButton\"]"}
COMMAND: POST /session/a2e24c46187f551462858430ad77f0e2/elements - {"using":"xpath","value":"//button[@data-kt=\"masterHOAddButton\"]"}
RESULT: {"using":"xpath","value":"//button[@data-kt=\"masterHOAddButton\"]"}
COMMAND: POST /session/a2e24c46187f551462858430ad77f0e2/elements - {"using":"xpath","value":"//button[@data-kt=\"masterHOAddButton\"]"}
RESULT: {"using":"xpath","value":"//button[@data-kt=\"masterHOAddButton\"]"}
COMMAND: POST /session/a2e24c46187f551462858430ad77f0e2/element - {"using":"xpath","value":"//button[@data-kt=\"masterHOAddButton\"]"}
RESULT: {"using":"xpath","value":"//button[@data-kt=\"masterHOAddButton\"]"}
COMMAND: POST /session/a2e24c46187f551462858430ad77f0e2/execute/sync - {"script":"<script> [8489 bytes]","args":[{"element-6066-11e4-a52e-4f735466cecf":"f.C0C1CAF4A724E2CBF7E3AD8AD540F396.d.EA5574D1C5F3B13692B5B6D9EFCA099A.e.2964","ELEMENT":"f.C0C1CAF4A724E2CBF7E3AD8AD540F396.d.EA5574D1C5F3B13692B5B6D9EFCA099A.e.2964"}]}
RESULT: {"script":"<script> [8489 bytes]","args":[{"element-6066-11e4-a52e-4f735466cecf":"f.C0C1CAF4A724E2CBF7E3AD8AD540F396.d.EA5574D1C5F3B13692B5B6D9EFCA099A.e.2964","ELEMENT":"f.C0C1CAF4A724E2CBF7E3AD8AD540F396.d.EA5574D1C5F3B13692B5B6D9EFCA099A.e.2964"}]}
COMMAND: GET /session/a2e24c46187f551462858430ad77f0e2/element/f.C0C1CAF4A724E2CBF7E3AD8AD540F396.d.EA5574D1C5F3B13692B5B6D9EFCA099A.e.2964/enabled - {}
COMMAND: GET /session/a2e24c46187f551462858430ad77f0e2/screenshot - {}
RESULT: {}
COMMAND: POST /session/a2e24c46187f551462858430ad77f0e2/execute/sync - {"script":"<script> [8489 bytes]","args":[{"element-6066-11e4-a52e-4f735466cecf":"f.C0C1CAF4A724E2CBF7E3AD8AD540F396.d.EA5574D1C5F3B13692B5B6D9EFCA099A.e.2964","ELEMENT":"f.C0C1CAF4A724E2CBF7E3AD8AD540F396.d.EA5574D1C5F3B13692B5B6D9EFCA099A.e.2964"}]}
COMMAND: GET /session/a2e24c46187f551462858430ad77f0e2/screenshot - {}
RESULT: {}
RESULT: {"script":"<script> [8489 bytes]","args":[{"element-6066-11e4-a52e-4f735466cecf":"f.C0C1CAF4A724E2CBF7E3AD8AD540F396.d.EA5574D1C5F3B13692B5B6D9EFCA099A.e.2964","ELEMENT":"f.C0C1CAF4A724E2CBF7E3AD8AD540F396.d.EA5574D1C5F3B13692B5B6D9EFCA099A.e.2964"}]}
COMMAND: POST /session/a2e24c46187f551462858430ad77f0e2/execute/sync - {"script":"<script> [5351 bytes]","args":[{"element-6066-11e4-a52e-4f735466cecf":"f.C0C1CAF4A724E2CBF7E3AD8AD540F396.d.EA5574D1C5F3B13692B5B6D9EFCA099A.e.2964","ELEMENT":"f.C0C1CAF4A724E2CBF7E3AD8AD540F396.d.EA5574D1C5F3B13692B5B6D9EFCA099A.e.2964"}]}
COMMAND: GET /session/a2e24c46187f551462858430ad77f0e2/screenshot - {}
RESULT: {}
RESULT: {"script":"<script> [5351 bytes]","args":[{"element-6066-11e4-a52e-4f735466cecf":"f.C0C1CAF4A724E2CBF7E3AD8AD540F396.d.EA5574D1C5F3B13692B5B6D9EFCA099A.e.2964","ELEMENT":"f.C0C1CAF4A724E2CBF7E3AD8AD540F396.d.EA5574D1C5F3B13692B5B6D9EFCA099A.e.2964"}]}
COMMAND: POST /session/a2e24c46187f551462858430ad77f0e2/element/f.C0C1CAF4A724E2CBF7E3AD8AD540F396.d.EA5574D1C5F3B13692B5B6D9EFCA099A.e.2964/click - {}
COMMAND: GET /session/a2e24c46187f551462858430ad77f0e2/screenshot - {}
RESULT: {}
RESULT: {}
COMMAND: GET /session/a2e24c46187f551462858430ad77f0e2/screenshot - {}
COMMAND: POST /session/a2e24c46187f551462858430ad77f0e2/element - {"using":"xpath","value":"//span[contains(@id ,\"AddNewHO--typeSelect-arrow\")]"}
RESULT: {}
RESULT: {}
RESULT: {"using":"xpath","value":"//span[contains(@id ,\"AddNewHO--typeSelect-arrow\")]"}
COMMAND: POST /session/a2e24c46187f551462858430ad77f0e2/element/f.C0C1CAF4A724E2CBF7E3AD8AD540F396.d.EA5574D1C5F3B13692B5B6D9EFCA099A.e.3304/click - {}
RESULT: {}
COMMAND: GET /session/a2e24c46187f551462858430ad77f0e2/screenshot - {}
RESULT: {}
COMMAND: POST /session/a2e24c46187f551462858430ad77f0e2/element - {"using":"xpath","value":"(//li[contains(text(), \"stock increase yard\")])[1]"}
RESULT: {"using":"xpath","value":"(//li[contains(text(), \"stock increase yard\")])[1]"}
COMMAND: POST /session/a2e24c46187f551462858430ad77f0e2/element/f.C0C1CAF4A724E2CBF7E3AD8AD540F396.d.EA5574D1C5F3B13692B5B6D9EFCA099A.e.3305/click - {}
RESULT: {}
COMMAND: GET /session/a2e24c46187f551462858430ad77f0e2/screenshot - {}
RESULT: {}
COMMAND: POST /session/a2e24c46187f551462858430ad77f0e2/execute/async - {"script":"<script> [1562 bytes]","args":[{"selector":{"id":"application-managehandovers-display-component---AddNewHO--dueDate","interaction":{"idSuffix":"inner"}},"wdio_ui5_key":"applicationmanagehandovers-display-component---AddNewHO--dueDate"}]}
RESULT: {"script":"<script> [1562 bytes]","args":[{"selector":{"id":"application-managehandovers-display-component---AddNewHO--dueDate","interaction":{"idSuffix":"inner"}},"wdio_ui5_key":"applicationmanagehandovers-display-component---AddNewHO--dueDate"}]}
RESULT: undefined
COMMAND: POST /session/a2e24c46187f551462858430ad77f0e2/execute/async - {"script":"<script> [6424 bytes]","args":[{"element-6066-11e4-a52e-4f735466cecf":"f.C0C1CAF4A724E2CBF7E3AD8AD540F396.d.EA5574D1C5F3B13692B5B6D9EFCA099A.e.3307"},"setValue",["5/28/25"]]}
RESULT: {"script":"<script> [6424 bytes]","args":[{"element-6066-11e4-a52e-4f735466cecf":"f.C0C1CAF4A724E2CBF7E3AD8AD540F396.d.EA5574D1C5F3B13692B5B6D9EFCA099A.e.3307"},"setValue",["5/28/25"]]}
COMMAND: POST /session/a2e24c46187f551462858430ad77f0e2/element - {"using":"xpath","value":"//input[@id=\"generalSectionFrg--receiveYard-inner\"]"}
RESULT: {"using":"xpath","value":"//input[@id=\"generalSectionFrg--receiveYard-inner\"]"}
COMMAND: POST /session/a2e24c46187f551462858430ad77f0e2/element/f.C0C1CAF4A724E2CBF7E3AD8AD540F396.d.EA5574D1C5F3B13692B5B6D9EFCA099A.e.3313/clear - {}
RESULT: {}
COMMAND: POST /session/a2e24c46187f551462858430ad77f0e2/element/f.C0C1CAF4A724E2CBF7E3AD8AD540F396.d.EA5574D1C5F3B13692B5B6D9EFCA099A.e.3313/value - {"text":"424"}
COMMAND: GET /session/a2e24c46187f551462858430ad77f0e2/screenshot - {}
RESULT: {"text":"424"}
COMMAND: GET /session/a2e24c46187f551462858430ad77f0e2/screenshot - {}
RESULT: {}
RESULT: {}
COMMAND: POST /session/a2e24c46187f551462858430ad77f0e2/element - {"using":"xpath","value":"//li[.//span[text()='424']]"}
RESULT: {"using":"xpath","value":"//li[.//span[text()='424']]"}
COMMAND: POST /session/a2e24c46187f551462858430ad77f0e2/element/f.C0C1CAF4A724E2CBF7E3AD8AD540F396.d.EA5574D1C5F3B13692B5B6D9EFCA099A.e.3331/click - {}
RESULT: {}
COMMAND: GET /session/a2e24c46187f551462858430ad77f0e2/screenshot - {}
RESULT: {}
COMMAND: POST /session/a2e24c46187f551462858430ad77f0e2/execute/async - {"script":"<script> [1562 bytes]","args":[{"selector":{"id":"application-managehandovers-display-component---AddNewHO--ObjectPageLayout-anchBar-application-managehandovers-display-component---AddNewHO--section4-anchor","interaction":{"idSuffix":"BDI-content"}},"wdio_ui5_key":"applicationmanagehandovers-display-component---AddNewHO--ObjectPageLayout-anchBar-application-managehandovers-display-component---AddNewHO--section4-anchor"}]}
RESULT: {"script":"<script> [1562 bytes]","args":[{"selector":{"id":"application-managehandovers-display-component---AddNewHO--ObjectPageLayout-anchBar-application-managehandovers-display-component---AddNewHO--section4-anchor","interaction":{"idSuffix":"BDI-content"}},"wdio_ui5_key":"applicationmanagehandovers-display-component---AddNewHO--ObjectPageLayout-anchBar-application-managehandovers-display-component---AddNewHO--section4-anchor"}]}
RESULT: undefined
COMMAND: POST /session/a2e24c46187f551462858430ad77f0e2/element - {"using":"xpath","value":"//*[@id=\"application-managehandovers-display-component---AddNewHO--ObjectPageLayout-anchBar-application-managehandovers-display-component---AddNewHO--section4-anchor\"]"}
RESULT: {"using":"xpath","value":"//*[@id=\"application-managehandovers-display-component---AddNewHO--ObjectPageLayout-anchBar-application-managehandovers-display-component---AddNewHO--section4-anchor\"]"}
COMMAND: POST /session/a2e24c46187f551462858430ad77f0e2/element/f.C0C1CAF4A724E2CBF7E3AD8AD540F396.d.EA5574D1C5F3B13692B5B6D9EFCA099A.e.3333/click - {}
RESULT: {}
COMMAND: POST /session/a2e24c46187f551462858430ad77f0e2/element - {"using":"xpath","value":"//button[@aria-label=\"Add\"]"}
COMMAND: GET /session/a2e24c46187f551462858430ad77f0e2/screenshot - {}
RESULT: {"using":"xpath","value":"//button[@aria-label=\"Add\"]"}
COMMAND: POST /session/a2e24c46187f551462858430ad77f0e2/element/f.C0C1CAF4A724E2CBF7E3AD8AD540F396.d.EA5574D1C5F3B13692B5B6D9EFCA099A.e.3335/click - {}
RESULT: {}
RESULT: {}
COMMAND: GET /session/a2e24c46187f551462858430ad77f0e2/screenshot - {}
COMMAND: POST /session/a2e24c46187f551462858430ad77f0e2/execute/async - {"script":"<script> [1562 bytes]","args":[{"selector":{"id":"application-managehandovers-display-component---AddNewHO--smartFilterBar-btnBasicSearch","searchOpenDialogs":true,"interaction":{"idSuffix":"I"}},"wdio_ui5_key":"applicationmanagehandovers-display-component---AddNewHO--smartFilterBar-btnBasicSearch"}]}
RESULT: {}
RESULT: {"script":"<script> [1562 bytes]","args":[{"selector":{"id":"application-managehandovers-display-component---AddNewHO--smartFilterBar-btnBasicSearch","searchOpenDialogs":true,"interaction":{"idSuffix":"I"}},"wdio_ui5_key":"applicationmanagehandovers-display-component---AddNewHO--smartFilterBar-btnBasicSearch"}]}
RESULT: undefined
COMMAND: POST /session/a2e24c46187f551462858430ad77f0e2/execute/async - {"script":"<script> [776 bytes]","args":[{"enterText":"200235","selector":{"id":"application-managehandovers-display-component---AddNewHO--smartFilterBar-btnBasicSearch","searchOpenDialogs":true,"interaction":{"idSuffix":"I"}},"clearTextFirst":true,"interactionType":"ENTER_TEXT"}]}
RESULT: {"script":"<script> [776 bytes]","args":[{"enterText":"200235","selector":{"id":"application-managehandovers-display-component---AddNewHO--smartFilterBar-btnBasicSearch","searchOpenDialogs":true,"interaction":{"idSuffix":"I"}},"clearTextFirst":true,"interactionType":"ENTER_TEXT"}]}
COMMAND: POST /session/a2e24c46187f551462858430ad77f0e2/actions - {"actions":[{"id":"action12","type":"key","parameters":{},"actions":[{"type":"keyDown","value":""},{"type":"pause","duration":10},{"type":"keyUp","value":""}]}]}
RESULT: {"actions":[{"id":"action12","type":"key","parameters":{},"actions":[{"type":"keyDown","value":""},{"type":"pause","duration":10},{"type":"keyUp","value":""}]}]}
COMMAND: GET /session/a2e24c46187f551462858430ad77f0e2/screenshot - {}
RESULT: {}
COMMAND: POST /session/a2e24c46187f551462858430ad77f0e2/execute/async - {"script":"<script> [1562 bytes]","args":[{"selector":{"id":"application-managehandovers-display-component---AddNewHO--popup-sa","searchOpenDialogs":true,"interaction":{"idSuffix":"CbBg"}},"wdio_ui5_key":"applicationmanagehandovers-display-component---AddNewHO--popup-sa"}]}
RESULT: {"script":"<script> [1562 bytes]","args":[{"selector":{"id":"application-managehandovers-display-component---AddNewHO--popup-sa","searchOpenDialogs":true,"interaction":{"idSuffix":"CbBg"}},"wdio_ui5_key":"applicationmanagehandovers-display-component---AddNewHO--popup-sa"}]}
RESULT: undefined
COMMAND: POST /session/a2e24c46187f551462858430ad77f0e2/element - {"using":"xpath","value":"//*[@id=\"application-managehandovers-display-component---AddNewHO--popup-sa\"]"}
RESULT: {"using":"xpath","value":"//*[@id=\"application-managehandovers-display-component---AddNewHO--popup-sa\"]"}
COMMAND: POST /session/a2e24c46187f551462858430ad77f0e2/element/f.C0C1CAF4A724E2CBF7E3AD8AD540F396.d.EA5574D1C5F3B13692B5B6D9EFCA099A.e.3489/click - {}
RESULT: {}
COMMAND: GET /session/a2e24c46187f551462858430ad77f0e2/screenshot - {}
RESULT: {}
COMMAND: POST /session/a2e24c46187f551462858430ad77f0e2/element - {"using":"xpath","value":"//bdi[contains(text(), \"Select\")]"}
RESULT: {"using":"xpath","value":"//bdi[contains(text(), \"Select\")]"}
COMMAND: POST /session/a2e24c46187f551462858430ad77f0e2/element/f.C0C1CAF4A724E2CBF7E3AD8AD540F396.d.EA5574D1C5F3B13692B5B6D9EFCA099A.e.3490/click - {}
RESULT: {}
COMMAND: GET /session/a2e24c46187f551462858430ad77f0e2/screenshot - {}
RESULT: {}
COMMAND: POST /session/a2e24c46187f551462858430ad77f0e2/element - {"using":"xpath","value":"//button[@data-kt=\"AddNewHOSaveButton\"]"}
RESULT: {"using":"xpath","value":"//button[@data-kt=\"AddNewHOSaveButton\"]"}
COMMAND: POST /session/a2e24c46187f551462858430ad77f0e2/element/f.C0C1CAF4A724E2CBF7E3AD8AD540F396.d.EA5574D1C5F3B13692B5B6D9EFCA099A.e.3494/click - {}
RESULT: {}
COMMAND: GET /session/a2e24c46187f551462858430ad77f0e2/screenshot - {}
RESULT: {}
COMMAND: POST /session/a2e24c46187f551462858430ad77f0e2/execute/async - {"script":"<script> [1562 bytes]","args":[{"selector":{"id":"receiptDatePicker","viewName":"etm.portal.ui.managehandovers.view.DetailExecuteHO","interaction":{"idSuffix":"inner"}},"wdio_ui5_key":"receiptDatePickeretmportal.ui.managehandovers.view.DetailExecuteHO"}]}
RESULT: {"script":"<script> [1562 bytes]","args":[{"selector":{"id":"receiptDatePicker","viewName":"etm.portal.ui.managehandovers.view.DetailExecuteHO","interaction":{"idSuffix":"inner"}},"wdio_ui5_key":"receiptDatePickeretmportal.ui.managehandovers.view.DetailExecuteHO"}]}
RESULT: undefined
COMMAND: POST /session/a2e24c46187f551462858430ad77f0e2/execute/async - {"script":"<script> [6424 bytes]","args":[{"element-6066-11e4-a52e-4f735466cecf":"f.C0C1CAF4A724E2CBF7E3AD8AD540F396.d.EA5574D1C5F3B13692B5B6D9EFCA099A.e.3524"},"setValue",["5/28/25"]]}
RESULT: {"script":"<script> [6424 bytes]","args":[{"element-6066-11e4-a52e-4f735466cecf":"f.C0C1CAF4A724E2CBF7E3AD8AD540F396.d.EA5574D1C5F3B13692B5B6D9EFCA099A.e.3524"},"setValue",["5/28/25"]]}
COMMAND: POST /session/a2e24c46187f551462858430ad77f0e2/element - {"using":"xpath","value":"//button[@data-kt=\"ReceivingTableConfirmAllButton\"]"}
RESULT: {"using":"xpath","value":"//button[@data-kt=\"ReceivingTableConfirmAllButton\"]"}
COMMAND: POST /session/a2e24c46187f551462858430ad77f0e2/element/f.C0C1CAF4A724E2CBF7E3AD8AD540F396.d.EA5574D1C5F3B13692B5B6D9EFCA099A.e.3538/click - {}
RESULT: {}
COMMAND: GET /session/a2e24c46187f551462858430ad77f0e2/screenshot - {}
RESULT: {}
COMMAND: POST /session/a2e24c46187f551462858430ad77f0e2/element - {"using":"xpath","value":"//bdi[contains(text(), \"OK\")]"}
RESULT: {"using":"xpath","value":"//bdi[contains(text(), \"OK\")]"}
COMMAND: POST /session/a2e24c46187f551462858430ad77f0e2/element/f.C0C1CAF4A724E2CBF7E3AD8AD540F396.d.EA5574D1C5F3B13692B5B6D9EFCA099A.e.3540/click - {}
RESULT: {}
COMMAND: GET /session/a2e24c46187f551462858430ad77f0e2/screenshot - {}
RESULT: {}
COMMAND: POST /session/a2e24c46187f551462858430ad77f0e2/element - {"using":"xpath","value":"(//bdi[contains(text(), \"Receive\")])[2]"}
RESULT: {"using":"xpath","value":"(//bdi[contains(text(), \"Receive\")])[2]"}
COMMAND: POST /session/a2e24c46187f551462858430ad77f0e2/element/f.C0C1CAF4A724E2CBF7E3AD8AD540F396.d.EA5574D1C5F3B13692B5B6D9EFCA099A.e.3542/click - {}
RESULT: {}
COMMAND: GET /session/a2e24c46187f551462858430ad77f0e2/screenshot - {}
RESULT: {}
COMMAND: POST /session/a2e24c46187f551462858430ad77f0e2/element - {"using":"css selector","value":"#shell-header-logo"}
RESULT: {"using":"css selector","value":"#shell-header-logo"}
COMMAND: POST /session/a2e24c46187f551462858430ad77f0e2/element/f.C0C1CAF4A724E2CBF7E3AD8AD540F396.d.EA5574D1C5F3B13692B5B6D9EFCA099A.e.2929/click - {}
RESULT: {}
COMMAND: GET /session/a2e24c46187f551462858430ad77f0e2/screenshot - {}
RESULT: {}
]]></system-out>
    </testcase>
    <testcase classname="chrome.136_0_7103_93.windows.Prerequisites_&amp;_test_for_yard_mass_return_on_Yard_Overview_US131057" name="Prereq Should create a new contract" time="70.576">
      <system-out><![CDATA[
COMMAND: POST /session/a2e24c46187f551462858430ad77f0e2/execute/async - {"script":"<script> [1562 bytes]","args":[{"selector":{"controlType":"sap.m.GenericTile","properties":{"header":"Manage Contracts"}},"wdio_ui5_key":"sapm.GenericTile{\"header\":\"Manage Contracts\"}"}]}
RESULT: {"script":"<script> [1562 bytes]","args":[{"selector":{"controlType":"sap.m.GenericTile","properties":{"header":"Manage Contracts"}},"wdio_ui5_key":"sapm.GenericTile{\"header\":\"Manage Contracts\"}"}]}
RESULT: undefined
COMMAND: POST /session/a2e24c46187f551462858430ad77f0e2/element - {"using":"xpath","value":"//*[@id=\"__tile130\"]"}
RESULT: {"using":"xpath","value":"//*[@id=\"__tile130\"]"}
COMMAND: POST /session/a2e24c46187f551462858430ad77f0e2/element/f.C0C1CAF4A724E2CBF7E3AD8AD540F396.d.EA5574D1C5F3B13692B5B6D9EFCA099A.e.173/click - {}
RESULT: {}
COMMAND: GET /session/a2e24c46187f551462858430ad77f0e2/screenshot - {}
RESULT: {}
COMMAND: POST /session/a2e24c46187f551462858430ad77f0e2/elements - {"using":"xpath","value":"//span[text()='Error']"}
RESULT: {"using":"xpath","value":"//span[text()='Error']"}
COMMAND: POST /session/a2e24c46187f551462858430ad77f0e2/element - {"using":"xpath","value":"//button[@data-kt=\"addButton\"]"}
RESULT: {"using":"xpath","value":"//button[@data-kt=\"addButton\"]"}
COMMAND: POST /session/a2e24c46187f551462858430ad77f0e2/elements - {"using":"xpath","value":"//button[@data-kt=\"addButton\"]"}
RESULT: {"using":"xpath","value":"//button[@data-kt=\"addButton\"]"}
COMMAND: POST /session/a2e24c46187f551462858430ad77f0e2/execute/sync - {"script":"<script> [8489 bytes]","args":[{"element-6066-11e4-a52e-4f735466cecf":"f.C0C1CAF4A724E2CBF7E3AD8AD540F396.d.EA5574D1C5F3B13692B5B6D9EFCA099A.e.3766","ELEMENT":"f.C0C1CAF4A724E2CBF7E3AD8AD540F396.d.EA5574D1C5F3B13692B5B6D9EFCA099A.e.3766"}]}
RESULT: {"script":"<script> [8489 bytes]","args":[{"element-6066-11e4-a52e-4f735466cecf":"f.C0C1CAF4A724E2CBF7E3AD8AD540F396.d.EA5574D1C5F3B13692B5B6D9EFCA099A.e.3766","ELEMENT":"f.C0C1CAF4A724E2CBF7E3AD8AD540F396.d.EA5574D1C5F3B13692B5B6D9EFCA099A.e.3766"}]}
COMMAND: GET /session/a2e24c46187f551462858430ad77f0e2/element/f.C0C1CAF4A724E2CBF7E3AD8AD540F396.d.EA5574D1C5F3B13692B5B6D9EFCA099A.e.3766/enabled - {}
COMMAND: GET /session/a2e24c46187f551462858430ad77f0e2/screenshot - {}
RESULT: {}
COMMAND: POST /session/a2e24c46187f551462858430ad77f0e2/execute/sync - {"script":"<script> [8489 bytes]","args":[{"element-6066-11e4-a52e-4f735466cecf":"f.C0C1CAF4A724E2CBF7E3AD8AD540F396.d.EA5574D1C5F3B13692B5B6D9EFCA099A.e.3766","ELEMENT":"f.C0C1CAF4A724E2CBF7E3AD8AD540F396.d.EA5574D1C5F3B13692B5B6D9EFCA099A.e.3766"}]}
COMMAND: GET /session/a2e24c46187f551462858430ad77f0e2/screenshot - {}
RESULT: {}
RESULT: {"script":"<script> [8489 bytes]","args":[{"element-6066-11e4-a52e-4f735466cecf":"f.C0C1CAF4A724E2CBF7E3AD8AD540F396.d.EA5574D1C5F3B13692B5B6D9EFCA099A.e.3766","ELEMENT":"f.C0C1CAF4A724E2CBF7E3AD8AD540F396.d.EA5574D1C5F3B13692B5B6D9EFCA099A.e.3766"}]}
COMMAND: POST /session/a2e24c46187f551462858430ad77f0e2/execute/sync - {"script":"<script> [5351 bytes]","args":[{"element-6066-11e4-a52e-4f735466cecf":"f.C0C1CAF4A724E2CBF7E3AD8AD540F396.d.EA5574D1C5F3B13692B5B6D9EFCA099A.e.3766","ELEMENT":"f.C0C1CAF4A724E2CBF7E3AD8AD540F396.d.EA5574D1C5F3B13692B5B6D9EFCA099A.e.3766"}]}
COMMAND: GET /session/a2e24c46187f551462858430ad77f0e2/screenshot - {}
RESULT: {}
RESULT: {"script":"<script> [5351 bytes]","args":[{"element-6066-11e4-a52e-4f735466cecf":"f.C0C1CAF4A724E2CBF7E3AD8AD540F396.d.EA5574D1C5F3B13692B5B6D9EFCA099A.e.3766","ELEMENT":"f.C0C1CAF4A724E2CBF7E3AD8AD540F396.d.EA5574D1C5F3B13692B5B6D9EFCA099A.e.3766"}]}
COMMAND: GET /session/a2e24c46187f551462858430ad77f0e2/screenshot - {}
RESULT: {}
RESULT: {}
COMMAND: POST /session/a2e24c46187f551462858430ad77f0e2/element/f.C0C1CAF4A724E2CBF7E3AD8AD540F396.d.EA5574D1C5F3B13692B5B6D9EFCA099A.e.3766/click - {}
RESULT: {}
COMMAND: GET /session/a2e24c46187f551462858430ad77f0e2/screenshot - {}
COMMAND: POST /session/a2e24c46187f551462858430ad77f0e2/execute/async - {"script":"<script> [1562 bytes]","args":[{"selector":{"id":"application-managecontracts-display-component---AddNewContract--projectDescription","interaction":{"idSuffix":"inner"}},"wdio_ui5_key":"applicationmanagecontracts-display-component---AddNewContract--projectDescription"}]}
RESULT: {}
RESULT: {"script":"<script> [1562 bytes]","args":[{"selector":{"id":"application-managecontracts-display-component---AddNewContract--projectDescription","interaction":{"idSuffix":"inner"}},"wdio_ui5_key":"applicationmanagecontracts-display-component---AddNewContract--projectDescription"}]}
RESULT: undefined
COMMAND: POST /session/a2e24c46187f551462858430ad77f0e2/execute/async - {"script":"<script> [776 bytes]","args":[{"enterText":"Contract WDIO","selector":{"id":"application-managecontracts-display-component---AddNewContract--projectDescription","interaction":{"idSuffix":"inner"}},"clearTextFirst":true,"interactionType":"ENTER_TEXT"}]}
RESULT: {"script":"<script> [776 bytes]","args":[{"enterText":"Contract WDIO","selector":{"id":"application-managecontracts-display-component---AddNewContract--projectDescription","interaction":{"idSuffix":"inner"}},"clearTextFirst":true,"interactionType":"ENTER_TEXT"}]}
COMMAND: POST /session/a2e24c46187f551462858430ad77f0e2/element - {"using":"xpath","value":"//input[@id=\"application-managecontracts-display-component---AddNewContract--site-inner\"]"}
RESULT: {"using":"xpath","value":"//input[@id=\"application-managecontracts-display-component---AddNewContract--site-inner\"]"}
COMMAND: POST /session/a2e24c46187f551462858430ad77f0e2/element/f.C0C1CAF4A724E2CBF7E3AD8AD540F396.d.EA5574D1C5F3B13692B5B6D9EFCA099A.e.4087/clear - {}
RESULT: {}
COMMAND: POST /session/a2e24c46187f551462858430ad77f0e2/element/f.C0C1CAF4A724E2CBF7E3AD8AD540F396.d.EA5574D1C5F3B13692B5B6D9EFCA099A.e.4087/value - {"text":"2205"}
COMMAND: GET /session/a2e24c46187f551462858430ad77f0e2/screenshot - {}
RESULT: {"text":"2205"}
COMMAND: GET /session/a2e24c46187f551462858430ad77f0e2/screenshot - {}
RESULT: {}
RESULT: {}
COMMAND: POST /session/a2e24c46187f551462858430ad77f0e2/element - {"using":"xpath","value":"//li[.//span[text()='2205']]"}
RESULT: {"using":"xpath","value":"//li[.//span[text()='2205']]"}
COMMAND: POST /session/a2e24c46187f551462858430ad77f0e2/element/f.C0C1CAF4A724E2CBF7E3AD8AD540F396.d.EA5574D1C5F3B13692B5B6D9EFCA099A.e.4169/click - {}
RESULT: {}
COMMAND: GET /session/a2e24c46187f551462858430ad77f0e2/screenshot - {}
RESULT: {}
COMMAND: POST /session/a2e24c46187f551462858430ad77f0e2/element - {"using":"xpath","value":"//input[@id=\"application-managecontracts-display-component---AddNewContract--yardId-inner\"]"}
RESULT: {"using":"xpath","value":"//input[@id=\"application-managecontracts-display-component---AddNewContract--yardId-inner\"]"}
COMMAND: GET /session/a2e24c46187f551462858430ad77f0e2/element/f.C0C1CAF4A724E2CBF7E3AD8AD540F396.d.EA5574D1C5F3B13692B5B6D9EFCA099A.e.4088/property/value - {}
RESULT: {}
COMMAND: POST /session/a2e24c46187f551462858430ad77f0e2/element - {"using":"xpath","value":"//input[@id=\"application-managecontracts-display-component---AddNewContract--customerSelect-inner\"]"}
COMMAND: GET /session/a2e24c46187f551462858430ad77f0e2/screenshot - {}
RESULT: {"using":"xpath","value":"//input[@id=\"application-managecontracts-display-component---AddNewContract--customerSelect-inner\"]"}
COMMAND: POST /session/a2e24c46187f551462858430ad77f0e2/element/f.C0C1CAF4A724E2CBF7E3AD8AD540F396.d.EA5574D1C5F3B13692B5B6D9EFCA099A.e.4086/clear - {}
RESULT: {}
RESULT: {}
COMMAND: POST /session/a2e24c46187f551462858430ad77f0e2/element/f.C0C1CAF4A724E2CBF7E3AD8AD540F396.d.EA5574D1C5F3B13692B5B6D9EFCA099A.e.4086/value - {"text":"1236"}
COMMAND: GET /session/a2e24c46187f551462858430ad77f0e2/screenshot - {}
RESULT: {"text":"1236"}
COMMAND: GET /session/a2e24c46187f551462858430ad77f0e2/screenshot - {}
RESULT: {}
RESULT: {}
COMMAND: POST /session/a2e24c46187f551462858430ad77f0e2/element - {"using":"xpath","value":"//li[.//span[text()='1236']]"}
RESULT: {"using":"xpath","value":"//li[.//span[text()='1236']]"}
COMMAND: POST /session/a2e24c46187f551462858430ad77f0e2/element/f.C0C1CAF4A724E2CBF7E3AD8AD540F396.d.EA5574D1C5F3B13692B5B6D9EFCA099A.e.4172/click - {}
RESULT: {}
COMMAND: GET /session/a2e24c46187f551462858430ad77f0e2/screenshot - {}
RESULT: {}
COMMAND: POST /session/a2e24c46187f551462858430ad77f0e2/element - {"using":"xpath","value":"//button[@data-kt=\"saveButton\"]"}
RESULT: {"using":"xpath","value":"//button[@data-kt=\"saveButton\"]"}
COMMAND: POST /session/a2e24c46187f551462858430ad77f0e2/element/f.C0C1CAF4A724E2CBF7E3AD8AD540F396.d.EA5574D1C5F3B13692B5B6D9EFCA099A.e.4162/click - {}
RESULT: {}
COMMAND: GET /session/a2e24c46187f551462858430ad77f0e2/screenshot - {}
RESULT: {}
COMMAND: POST /session/a2e24c46187f551462858430ad77f0e2/element - {"using":"xpath","value":"//span[contains(@id ,\"contractDetailTitleNoExpanded\")]"}
RESULT: {"using":"xpath","value":"//span[contains(@id ,\"contractDetailTitleNoExpanded\")]"}
COMMAND: POST /session/a2e24c46187f551462858430ad77f0e2/elements - {"using":"xpath","value":"//span[contains(@id ,\"contractDetailTitleNoExpanded\")]"}
RESULT: {"using":"xpath","value":"//span[contains(@id ,\"contractDetailTitleNoExpanded\")]"}
COMMAND: POST /session/a2e24c46187f551462858430ad77f0e2/execute/sync - {"script":"<script> [56 bytes]","args":[{"element-6066-11e4-a52e-4f735466cecf":"f.C0C1CAF4A724E2CBF7E3AD8AD540F396.d.EA5574D1C5F3B13692B5B6D9EFCA099A.e.4243","ELEMENT":"f.C0C1CAF4A724E2CBF7E3AD8AD540F396.d.EA5574D1C5F3B13692B5B6D9EFCA099A.e.4243"}]}
RESULT: {"script":"<script> [56 bytes]","args":[{"element-6066-11e4-a52e-4f735466cecf":"f.C0C1CAF4A724E2CBF7E3AD8AD540F396.d.EA5574D1C5F3B13692B5B6D9EFCA099A.e.4243","ELEMENT":"f.C0C1CAF4A724E2CBF7E3AD8AD540F396.d.EA5574D1C5F3B13692B5B6D9EFCA099A.e.4243"}]}
COMMAND: GET /session/a2e24c46187f551462858430ad77f0e2/screenshot - {}
RESULT: {}
]]></system-out>
    </testcase>
    <testcase classname="chrome.136_0_7103_93.windows.Prerequisites_&amp;_test_for_yard_mass_return_on_Yard_Overview_US131057" name="Prereq Should add created material to contract" time="67.645">
      <system-out><![CDATA[
COMMAND: POST /session/a2e24c46187f551462858430ad77f0e2/element - {"using":"xpath","value":"//button[@data-kt=\"contractDetailEditBtnButton\"]"}
RESULT: {"using":"xpath","value":"//button[@data-kt=\"contractDetailEditBtnButton\"]"}
COMMAND: POST /session/a2e24c46187f551462858430ad77f0e2/element/f.C0C1CAF4A724E2CBF7E3AD8AD540F396.d.EA5574D1C5F3B13692B5B6D9EFCA099A.e.4246/click - {}
RESULT: {}
COMMAND: GET /session/a2e24c46187f551462858430ad77f0e2/screenshot - {}
RESULT: {}
COMMAND: POST /session/a2e24c46187f551462858430ad77f0e2/element - {"using":"xpath","value":"(//span[contains(text(), \"Additional Addresses\")])[2]"}
RESULT: {"using":"xpath","value":"(//span[contains(text(), \"Additional Addresses\")])[2]"}
COMMAND: POST /session/a2e24c46187f551462858430ad77f0e2/element/f.C0C1CAF4A724E2CBF7E3AD8AD540F396.d.EA5574D1C5F3B13692B5B6D9EFCA099A.e.4304/click - {}
RESULT: {}
COMMAND: GET /session/a2e24c46187f551462858430ad77f0e2/screenshot - {}
RESULT: {}
COMMAND: POST /session/a2e24c46187f551462858430ad77f0e2/element - {"using":"xpath","value":"//button[@data-kt=\"btnAddTableRowOverflowToolbarButton\"]"}
RESULT: {"using":"xpath","value":"//button[@data-kt=\"btnAddTableRowOverflowToolbarButton\"]"}
COMMAND: POST /session/a2e24c46187f551462858430ad77f0e2/element/f.C0C1CAF4A724E2CBF7E3AD8AD540F396.d.EA5574D1C5F3B13692B5B6D9EFCA099A.e.4307/click - {}
RESULT: {}
COMMAND: GET /session/a2e24c46187f551462858430ad77f0e2/screenshot - {}
RESULT: {}
COMMAND: POST /session/a2e24c46187f551462858430ad77f0e2/element - {"using":"xpath","value":"//div[(text() = 'Standard Entry' or . = 'Standard Entry')]"}
RESULT: {"using":"xpath","value":"//div[(text() = 'Standard Entry' or . = 'Standard Entry')]"}
COMMAND: POST /session/a2e24c46187f551462858430ad77f0e2/element/f.C0C1CAF4A724E2CBF7E3AD8AD540F396.d.EA5574D1C5F3B13692B5B6D9EFCA099A.e.4309/click - {}
RESULT: {}
COMMAND: GET /session/a2e24c46187f551462858430ad77f0e2/screenshot - {}
RESULT: {}
COMMAND: POST /session/a2e24c46187f551462858430ad77f0e2/element - {"using":"xpath","value":"//td[6]/div/div/div/span"}
RESULT: {"using":"xpath","value":"//td[6]/div/div/div/span"}
COMMAND: POST /session/a2e24c46187f551462858430ad77f0e2/element/f.C0C1CAF4A724E2CBF7E3AD8AD540F396.d.EA5574D1C5F3B13692B5B6D9EFCA099A.e.4321/click - {}
RESULT: {}
COMMAND: GET /session/a2e24c46187f551462858430ad77f0e2/screenshot - {}
RESULT: {}
COMMAND: POST /session/a2e24c46187f551462858430ad77f0e2/element - {"using":"xpath","value":"(//span[contains(text(), \"Material\")])"}
RESULT: {"using":"xpath","value":"(//span[contains(text(), \"Material\")])"}
COMMAND: POST /session/a2e24c46187f551462858430ad77f0e2/element/f.C0C1CAF4A724E2CBF7E3AD8AD540F396.d.EA5574D1C5F3B13692B5B6D9EFCA099A.e.4322/click - {}
RESULT: {}
COMMAND: GET /session/a2e24c46187f551462858430ad77f0e2/screenshot - {}
RESULT: {}
COMMAND: POST /session/a2e24c46187f551462858430ad77f0e2/element - {"using":"xpath","value":"//td[7]/div/div/input"}
RESULT: {"using":"xpath","value":"//td[7]/div/div/input"}
COMMAND: POST /session/a2e24c46187f551462858430ad77f0e2/element/f.C0C1CAF4A724E2CBF7E3AD8AD540F396.d.EA5574D1C5F3B13692B5B6D9EFCA099A.e.4326/clear - {}
RESULT: {}
COMMAND: POST /session/a2e24c46187f551462858430ad77f0e2/element/f.C0C1CAF4A724E2CBF7E3AD8AD540F396.d.EA5574D1C5F3B13692B5B6D9EFCA099A.e.4326/value - {"text":"200235"}
COMMAND: GET /session/a2e24c46187f551462858430ad77f0e2/screenshot - {}
RESULT: {"text":"200235"}
COMMAND: GET /session/a2e24c46187f551462858430ad77f0e2/screenshot - {}
RESULT: {}
RESULT: {}
COMMAND: POST /session/a2e24c46187f551462858430ad77f0e2/actions - {"actions":[{"id":"action13","type":"key","parameters":{},"actions":[{"type":"keyDown","value":""},{"type":"pause","duration":10},{"type":"keyUp","value":""}]}]}
RESULT: {"actions":[{"id":"action13","type":"key","parameters":{},"actions":[{"type":"keyDown","value":""},{"type":"pause","duration":10},{"type":"keyUp","value":""}]}]}
COMMAND: GET /session/a2e24c46187f551462858430ad77f0e2/screenshot - {}
RESULT: {}
COMMAND: POST /session/a2e24c46187f551462858430ad77f0e2/execute/sync - {"script":"<script> [276 bytes]","args":["No pricing information was found"]}
RESULT: {"script":"<script> [276 bytes]","args":["No pricing information was found"]}
COMMAND: POST /session/a2e24c46187f551462858430ad77f0e2/element - {"using":"xpath","value":"//bdi[contains(text(), \"OK\")]"}
COMMAND: GET /session/a2e24c46187f551462858430ad77f0e2/screenshot - {}
RESULT: {"using":"xpath","value":"//bdi[contains(text(), \"OK\")]"}
COMMAND: POST /session/a2e24c46187f551462858430ad77f0e2/element/f.C0C1CAF4A724E2CBF7E3AD8AD540F396.d.EA5574D1C5F3B13692B5B6D9EFCA099A.e.4352/click - {}
RESULT: {}
RESULT: {}
COMMAND: GET /session/a2e24c46187f551462858430ad77f0e2/screenshot - {}
RESULT: {}
COMMAND: POST /session/a2e24c46187f551462858430ad77f0e2/element - {"using":"xpath","value":"(//button[@data-kt=\"saveButton\"])[2]"}
RESULT: {"using":"xpath","value":"(//button[@data-kt=\"saveButton\"])[2]"}
COMMAND: POST /session/a2e24c46187f551462858430ad77f0e2/element/f.C0C1CAF4A724E2CBF7E3AD8AD540F396.d.EA5574D1C5F3B13692B5B6D9EFCA099A.e.4353/click - {}
RESULT: {}
COMMAND: GET /session/a2e24c46187f551462858430ad77f0e2/screenshot - {}
RESULT: {}
COMMAND: POST /session/a2e24c46187f551462858430ad77f0e2/execute/sync - {"script":"<script> [276 bytes]","args":["Some contract items are having rental validity exceeding header rental validity"]}
RESULT: {"script":"<script> [276 bytes]","args":["Some contract items are having rental validity exceeding header rental validity"]}
COMMAND: GET /session/a2e24c46187f551462858430ad77f0e2/screenshot - {}
RESULT: {}
COMMAND: POST /session/a2e24c46187f551462858430ad77f0e2/element - {"using":"xpath","value":"//span[contains(@id ,\"contractItemsSmartTable-header-inner\")]"}
RESULT: {"using":"xpath","value":"//span[contains(@id ,\"contractItemsSmartTable-header-inner\")]"}
COMMAND: POST /session/a2e24c46187f551462858430ad77f0e2/elements - {"using":"xpath","value":"//span[contains(@id ,\"contractItemsSmartTable-header-inner\")]"}
RESULT: {"using":"xpath","value":"//span[contains(@id ,\"contractItemsSmartTable-header-inner\")]"}
COMMAND: POST /session/a2e24c46187f551462858430ad77f0e2/execute/sync - {"script":"<script> [56 bytes]","args":[{"element-6066-11e4-a52e-4f735466cecf":"f.C0C1CAF4A724E2CBF7E3AD8AD540F396.d.EA5574D1C5F3B13692B5B6D9EFCA099A.e.4357","ELEMENT":"f.C0C1CAF4A724E2CBF7E3AD8AD540F396.d.EA5574D1C5F3B13692B5B6D9EFCA099A.e.4357"}]}
RESULT: {"script":"<script> [56 bytes]","args":[{"element-6066-11e4-a52e-4f735466cecf":"f.C0C1CAF4A724E2CBF7E3AD8AD540F396.d.EA5574D1C5F3B13692B5B6D9EFCA099A.e.4357","ELEMENT":"f.C0C1CAF4A724E2CBF7E3AD8AD540F396.d.EA5574D1C5F3B13692B5B6D9EFCA099A.e.4357"}]}
]]></system-out>
    </testcase>
    <testcase classname="chrome.136_0_7103_93.windows.Prerequisites_&amp;_test_for_yard_mass_return_on_Yard_Overview_US131057" name="Prerq Should do a provide to site handover" time="73.412">
      <system-out><![CDATA[
COMMAND: POST /session/a2e24c46187f551462858430ad77f0e2/element - {"using":"xpath","value":"//button[@data-kt=\"provideButton\"]"}
COMMAND: GET /session/a2e24c46187f551462858430ad77f0e2/screenshot - {}
RESULT: {"using":"xpath","value":"//button[@data-kt=\"provideButton\"]"}
COMMAND: POST /session/a2e24c46187f551462858430ad77f0e2/element/f.C0C1CAF4A724E2CBF7E3AD8AD540F396.d.EA5574D1C5F3B13692B5B6D9EFCA099A.e.4358/click - {}
RESULT: {}
RESULT: {}
COMMAND: GET /session/a2e24c46187f551462858430ad77f0e2/screenshot - {}
RESULT: {}
RESULT: undefined
COMMAND: POST /session/a2e24c46187f551462858430ad77f0e2/execute/async - {"script":"<script> [6424 bytes]","args":[{"element-6066-11e4-a52e-4f735466cecf":"f.C0C1CAF4A724E2CBF7E3AD8AD540F396.d.EA5574D1C5F3B13692B5B6D9EFCA099A.e.3307"},"setValue",["5/28/25"]]}
COMMAND: POST /session/a2e24c46187f551462858430ad77f0e2/execute/async - {"script":"<script> [1562 bytes]","args":[{"selector":{"id":"application-managehandovers-display-component---AddNewHO--dueDate","interaction":{"idSuffix":"inner"}},"wdio_ui5_key":"applicationmanagehandovers-display-component---AddNewHO--dueDate"}]}
RESULT: {"script":"<script> [1562 bytes]","args":[{"selector":{"id":"application-managehandovers-display-component---AddNewHO--dueDate","interaction":{"idSuffix":"inner"}},"wdio_ui5_key":"applicationmanagehandovers-display-component---AddNewHO--dueDate"}]}
COMMAND: POST /session/a2e24c46187f551462858430ad77f0e2/execute/async - {"script":"<script> [6424 bytes]","args":[{"element-6066-11e4-a52e-4f735466cecf":"f.C0C1CAF4A724E2CBF7E3AD8AD540F396.d.EA5574D1C5F3B13692B5B6D9EFCA099A.e.4432"},"setValue",["5/28/25"]]}
RESULT: {"script":"<script> [6424 bytes]","args":[{"element-6066-11e4-a52e-4f735466cecf":"f.C0C1CAF4A724E2CBF7E3AD8AD540F396.d.EA5574D1C5F3B13692B5B6D9EFCA099A.e.4432"},"setValue",["5/28/25"]]}
COMMAND: POST /session/a2e24c46187f551462858430ad77f0e2/element - {"using":"xpath","value":"//bdi[contains(text(), \"Instructions\")]"}
RESULT: {"using":"xpath","value":"//bdi[contains(text(), \"Instructions\")]"}
COMMAND: POST /session/a2e24c46187f551462858430ad77f0e2/element/f.C0C1CAF4A724E2CBF7E3AD8AD540F396.d.EA5574D1C5F3B13692B5B6D9EFCA099A.e.4679/click - {}
RESULT: {}
COMMAND: GET /session/a2e24c46187f551462858430ad77f0e2/screenshot - {}
RESULT: {}
COMMAND: POST /session/a2e24c46187f551462858430ad77f0e2/element - {"using":"xpath","value":"//button[@data-kt=\"AddNewHOProvideAddItemsButton\"]"}
RESULT: {"using":"xpath","value":"//button[@data-kt=\"AddNewHOProvideAddItemsButton\"]"}
COMMAND: POST /session/a2e24c46187f551462858430ad77f0e2/element/f.C0C1CAF4A724E2CBF7E3AD8AD540F396.d.EA5574D1C5F3B13692B5B6D9EFCA099A.e.4683/click - {}
RESULT: {}
COMMAND: GET /session/a2e24c46187f551462858430ad77f0e2/screenshot - {}
RESULT: {}
RESULT: undefined
COMMAND: POST /session/a2e24c46187f551462858430ad77f0e2/element - {"using":"xpath","value":"//*[@id=\"application-managehandovers-display-component---AddNewHO--popup-sa\"]"}
RESULT: {"using":"xpath","value":"//*[@id=\"application-managehandovers-display-component---AddNewHO--popup-sa\"]"}
COMMAND: POST /session/a2e24c46187f551462858430ad77f0e2/element/f.C0C1CAF4A724E2CBF7E3AD8AD540F396.d.EA5574D1C5F3B13692B5B6D9EFCA099A.e.4698/click - {}
RESULT: {}
COMMAND: GET /session/a2e24c46187f551462858430ad77f0e2/screenshot - {}
RESULT: {}
COMMAND: POST /session/a2e24c46187f551462858430ad77f0e2/element - {"using":"xpath","value":"//*[contains(@id ,\"BDI-content\")][contains(text(), \"Select\")]"}
RESULT: {"using":"xpath","value":"//*[contains(@id ,\"BDI-content\")][contains(text(), \"Select\")]"}
COMMAND: POST /session/a2e24c46187f551462858430ad77f0e2/element/f.C0C1CAF4A724E2CBF7E3AD8AD540F396.d.EA5574D1C5F3B13692B5B6D9EFCA099A.e.4700/click - {}
RESULT: {}
COMMAND: GET /session/a2e24c46187f551462858430ad77f0e2/screenshot - {}
RESULT: {}
COMMAND: POST /session/a2e24c46187f551462858430ad77f0e2/execute/async - {"script":"<script> [1562 bytes]","args":[{"selector":{"id":"application-managehandovers-display-component---AddNewHO--confirmCreationButton","interaction":{"idSuffix":"BDI-content"}},"wdio_ui5_key":"applicationmanagehandovers-display-component---AddNewHO--confirmCreationButton"}]}
RESULT: {"script":"<script> [1562 bytes]","args":[{"selector":{"id":"application-managehandovers-display-component---AddNewHO--confirmCreationButton","interaction":{"idSuffix":"BDI-content"}},"wdio_ui5_key":"applicationmanagehandovers-display-component---AddNewHO--confirmCreationButton"}]}
RESULT: undefined
COMMAND: POST /session/a2e24c46187f551462858430ad77f0e2/element - {"using":"xpath","value":"//*[@id=\"application-managehandovers-display-component---AddNewHO--confirmCreationButton\"]"}
RESULT: {"using":"xpath","value":"//*[@id=\"application-managehandovers-display-component---AddNewHO--confirmCreationButton\"]"}
COMMAND: POST /session/a2e24c46187f551462858430ad77f0e2/element/f.C0C1CAF4A724E2CBF7E3AD8AD540F396.d.EA5574D1C5F3B13692B5B6D9EFCA099A.e.4482/click - {}
RESULT: {}
COMMAND: GET /session/a2e24c46187f551462858430ad77f0e2/screenshot - {}
RESULT: {}
COMMAND: POST /session/a2e24c46187f551462858430ad77f0e2/execute/async - {"script":"<script> [1562 bytes]","args":[{"selector":{"id":"issueDatePicker","viewName":"etm.portal.ui.managehandovers.view.DetailExecuteHO","interaction":{"idSuffix":"inner"}},"wdio_ui5_key":"issueDatePickeretmportal.ui.managehandovers.view.DetailExecuteHO"}]}
RESULT: {"script":"<script> [1562 bytes]","args":[{"selector":{"id":"issueDatePicker","viewName":"etm.portal.ui.managehandovers.view.DetailExecuteHO","interaction":{"idSuffix":"inner"}},"wdio_ui5_key":"issueDatePickeretmportal.ui.managehandovers.view.DetailExecuteHO"}]}
RESULT: undefined
COMMAND: POST /session/a2e24c46187f551462858430ad77f0e2/execute/async - {"script":"<script> [776 bytes]","args":[{"enterText":"5/28/25","selector":{"id":"issueDatePicker","viewName":"etm.portal.ui.managehandovers.view.DetailExecuteHO","interaction":{"idSuffix":"inner"}},"clearTextFirst":true,"interactionType":"ENTER_TEXT"}]}
RESULT: {"script":"<script> [776 bytes]","args":[{"enterText":"5/28/25","selector":{"id":"issueDatePicker","viewName":"etm.portal.ui.managehandovers.view.DetailExecuteHO","interaction":{"idSuffix":"inner"}},"clearTextFirst":true,"interactionType":"ENTER_TEXT"}]}
COMMAND: POST /session/a2e24c46187f551462858430ad77f0e2/element - {"using":"xpath","value":"//button[@data-kt=\"PickingTableConfirmAllButton\"]"}
RESULT: {"using":"xpath","value":"//button[@data-kt=\"PickingTableConfirmAllButton\"]"}
COMMAND: POST /session/a2e24c46187f551462858430ad77f0e2/element/f.C0C1CAF4A724E2CBF7E3AD8AD540F396.d.EA5574D1C5F3B13692B5B6D9EFCA099A.e.4758/click - {}
RESULT: {}
COMMAND: GET /session/a2e24c46187f551462858430ad77f0e2/screenshot - {}
RESULT: {}
COMMAND: POST /session/a2e24c46187f551462858430ad77f0e2/element - {"using":"xpath","value":"//bdi[contains(text(), \"OK\")]"}
RESULT: {"using":"xpath","value":"//bdi[contains(text(), \"OK\")]"}
COMMAND: POST /session/a2e24c46187f551462858430ad77f0e2/element/f.C0C1CAF4A724E2CBF7E3AD8AD540F396.d.EA5574D1C5F3B13692B5B6D9EFCA099A.e.4761/click - {}
RESULT: {}
COMMAND: GET /session/a2e24c46187f551462858430ad77f0e2/screenshot - {}
RESULT: {}
COMMAND: POST /session/a2e24c46187f551462858430ad77f0e2/element - {"using":"xpath","value":"//bdi[contains(text(), \"Issue\")]"}
RESULT: {"using":"xpath","value":"//bdi[contains(text(), \"Issue\")]"}
COMMAND: POST /session/a2e24c46187f551462858430ad77f0e2/element/f.C0C1CAF4A724E2CBF7E3AD8AD540F396.d.EA5574D1C5F3B13692B5B6D9EFCA099A.e.4763/click - {}
RESULT: {}
COMMAND: GET /session/a2e24c46187f551462858430ad77f0e2/screenshot - {}
RESULT: {}
COMMAND: POST /session/a2e24c46187f551462858430ad77f0e2/element - {"using":"css selector","value":"#shell-header-logo"}
RESULT: {"using":"css selector","value":"#shell-header-logo"}
COMMAND: POST /session/a2e24c46187f551462858430ad77f0e2/element/f.C0C1CAF4A724E2CBF7E3AD8AD540F396.d.EA5574D1C5F3B13692B5B6D9EFCA099A.e.3718/click - {}
RESULT: {}
COMMAND: GET /session/a2e24c46187f551462858430ad77f0e2/screenshot - {}
RESULT: {}
]]></system-out>
    </testcase>
    <testcase classname="chrome.136_0_7103_93.windows.Prerequisites_&amp;_test_for_yard_mass_return_on_Yard_Overview_US131057" name="Should do mass return on Yard Overview US131057" time="59.595">
      <system-out><![CDATA[
COMMAND: POST /session/a2e24c46187f551462858430ad77f0e2/execute/async - {"script":"<script> [1562 bytes]","args":[{"selector":{"controlType":"sap.m.GenericTile","properties":{"header":"Yard Overview"}},"wdio_ui5_key":"sapm.GenericTile{\"header\":\"Yard Overview\"}"}]}
RESULT: {"script":"<script> [1562 bytes]","args":[{"selector":{"controlType":"sap.m.GenericTile","properties":{"header":"Yard Overview"}},"wdio_ui5_key":"sapm.GenericTile{\"header\":\"Yard Overview\"}"}]}
RESULT: undefined
COMMAND: POST /session/a2e24c46187f551462858430ad77f0e2/element - {"using":"xpath","value":"//*[@id=\"__tile102\"]"}
RESULT: {"using":"xpath","value":"//*[@id=\"__tile102\"]"}
COMMAND: POST /session/a2e24c46187f551462858430ad77f0e2/element/f.C0C1CAF4A724E2CBF7E3AD8AD540F396.d.EA5574D1C5F3B13692B5B6D9EFCA099A.e.4941/click - {}
RESULT: {}
COMMAND: GET /session/a2e24c46187f551462858430ad77f0e2/screenshot - {}
RESULT: {}
COMMAND: POST /session/a2e24c46187f551462858430ad77f0e2/elements - {"using":"xpath","value":"//span[text()='Error']"}
RESULT: {"using":"xpath","value":"//span[text()='Error']"}
COMMAND: POST /session/a2e24c46187f551462858430ad77f0e2/element - {"using":"xpath","value":"//input[contains(@id,\"application-yardoverview-display-component---masterYardInventory--smartFilterBar-btnBasicSearch-I\")]"}
RESULT: {"using":"xpath","value":"//input[contains(@id,\"application-yardoverview-display-component---masterYardInventory--smartFilterBar-btnBasicSearch-I\")]"}
COMMAND: POST /session/a2e24c46187f551462858430ad77f0e2/elements - {"using":"xpath","value":"//input[contains(@id,\"application-yardoverview-display-component---masterYardInventory--smartFilterBar-btnBasicSearch-I\")]"}
RESULT: {"using":"xpath","value":"//input[contains(@id,\"application-yardoverview-display-component---masterYardInventory--smartFilterBar-btnBasicSearch-I\")]"}
COMMAND: POST /session/a2e24c46187f551462858430ad77f0e2/execute/sync - {"script":"<script> [8489 bytes]","args":[{"element-6066-11e4-a52e-4f735466cecf":"f.C0C1CAF4A724E2CBF7E3AD8AD540F396.d.EA5574D1C5F3B13692B5B6D9EFCA099A.e.4949","ELEMENT":"f.C0C1CAF4A724E2CBF7E3AD8AD540F396.d.EA5574D1C5F3B13692B5B6D9EFCA099A.e.4949"}]}
RESULT: {"script":"<script> [8489 bytes]","args":[{"element-6066-11e4-a52e-4f735466cecf":"f.C0C1CAF4A724E2CBF7E3AD8AD540F396.d.EA5574D1C5F3B13692B5B6D9EFCA099A.e.4949","ELEMENT":"f.C0C1CAF4A724E2CBF7E3AD8AD540F396.d.EA5574D1C5F3B13692B5B6D9EFCA099A.e.4949"}]}
COMMAND: GET /session/a2e24c46187f551462858430ad77f0e2/element/f.C0C1CAF4A724E2CBF7E3AD8AD540F396.d.EA5574D1C5F3B13692B5B6D9EFCA099A.e.4949/enabled - {}
COMMAND: GET /session/a2e24c46187f551462858430ad77f0e2/screenshot - {}
RESULT: {}
COMMAND: POST /session/a2e24c46187f551462858430ad77f0e2/execute/sync - {"script":"<script> [8489 bytes]","args":[{"element-6066-11e4-a52e-4f735466cecf":"f.C0C1CAF4A724E2CBF7E3AD8AD540F396.d.EA5574D1C5F3B13692B5B6D9EFCA099A.e.4949","ELEMENT":"f.C0C1CAF4A724E2CBF7E3AD8AD540F396.d.EA5574D1C5F3B13692B5B6D9EFCA099A.e.4949"}]}
COMMAND: GET /session/a2e24c46187f551462858430ad77f0e2/screenshot - {}
RESULT: {}
RESULT: {"script":"<script> [8489 bytes]","args":[{"element-6066-11e4-a52e-4f735466cecf":"f.C0C1CAF4A724E2CBF7E3AD8AD540F396.d.EA5574D1C5F3B13692B5B6D9EFCA099A.e.4949","ELEMENT":"f.C0C1CAF4A724E2CBF7E3AD8AD540F396.d.EA5574D1C5F3B13692B5B6D9EFCA099A.e.4949"}]}
COMMAND: POST /session/a2e24c46187f551462858430ad77f0e2/execute/sync - {"script":"<script> [5351 bytes]","args":[{"element-6066-11e4-a52e-4f735466cecf":"f.C0C1CAF4A724E2CBF7E3AD8AD540F396.d.EA5574D1C5F3B13692B5B6D9EFCA099A.e.4949","ELEMENT":"f.C0C1CAF4A724E2CBF7E3AD8AD540F396.d.EA5574D1C5F3B13692B5B6D9EFCA099A.e.4949"}]}
COMMAND: GET /session/a2e24c46187f551462858430ad77f0e2/screenshot - {}
RESULT: {}
RESULT: {"script":"<script> [5351 bytes]","args":[{"element-6066-11e4-a52e-4f735466cecf":"f.C0C1CAF4A724E2CBF7E3AD8AD540F396.d.EA5574D1C5F3B13692B5B6D9EFCA099A.e.4949","ELEMENT":"f.C0C1CAF4A724E2CBF7E3AD8AD540F396.d.EA5574D1C5F3B13692B5B6D9EFCA099A.e.4949"}]}
COMMAND: GET /session/a2e24c46187f551462858430ad77f0e2/screenshot - {}
RESULT: {}
RESULT: {}
COMMAND: POST /session/a2e24c46187f551462858430ad77f0e2/execute/async - {"script":"<script> [1562 bytes]","args":[{"selector":{"id":"application-yardoverview-display-component---masterYardInventory--smartFilterBar-btnBasicSearch","interaction":{"idSuffix":"I"}},"wdio_ui5_key":"applicationyardoverview-display-component---masterYardInventory--smartFilterBar-btnBasicSearch"}]}
RESULT: {"script":"<script> [1562 bytes]","args":[{"selector":{"id":"application-yardoverview-display-component---masterYardInventory--smartFilterBar-btnBasicSearch","interaction":{"idSuffix":"I"}},"wdio_ui5_key":"applicationyardoverview-display-component---masterYardInventory--smartFilterBar-btnBasicSearch"}]}
RESULT: undefined
COMMAND: POST /session/a2e24c46187f551462858430ad77f0e2/execute/async - {"script":"<script> [776 bytes]","args":[{"enterText":"424","selector":{"id":"application-yardoverview-display-component---masterYardInventory--smartFilterBar-btnBasicSearch","interaction":{"idSuffix":"I"}},"clearTextFirst":true,"interactionType":"ENTER_TEXT"}]}
RESULT: {"script":"<script> [776 bytes]","args":[{"enterText":"424","selector":{"id":"application-yardoverview-display-component---masterYardInventory--smartFilterBar-btnBasicSearch","interaction":{"idSuffix":"I"}},"clearTextFirst":true,"interactionType":"ENTER_TEXT"}]}
COMMAND: POST /session/a2e24c46187f551462858430ad77f0e2/actions - {"actions":[{"id":"action14","type":"key","parameters":{},"actions":[{"type":"keyDown","value":""},{"type":"pause","duration":10},{"type":"keyUp","value":""}]}]}
RESULT: {"actions":[{"id":"action14","type":"key","parameters":{},"actions":[{"type":"keyDown","value":""},{"type":"pause","duration":10},{"type":"keyUp","value":""}]}]}
COMMAND: GET /session/a2e24c46187f551462858430ad77f0e2/screenshot - {}
RESULT: {}
COMMAND: POST /session/a2e24c46187f551462858430ad77f0e2/element - {"using":"xpath","value":"(//span[contains(@id, \"imgNav\")])[1]"}
RESULT: {"using":"xpath","value":"(//span[contains(@id, \"imgNav\")])[1]"}
COMMAND: POST /session/a2e24c46187f551462858430ad77f0e2/element/f.C0C1CAF4A724E2CBF7E3AD8AD540F396.d.EA5574D1C5F3B13692B5B6D9EFCA099A.e.5013/click - {}
RESULT: {}
COMMAND: GET /session/a2e24c46187f551462858430ad77f0e2/screenshot - {}
RESULT: {}
COMMAND: POST /session/a2e24c46187f551462858430ad77f0e2/execute/async - {"script":"<script> [1562 bytes]","args":[{"selector":{"id":"application-yardoverview-display-component---detailYardInventory--ObjectPageLayout-anchBar-application-yardoverview-display-component---detailYardInventory--openReturnsSection-anchor","interaction":{"idSuffix":"BDI-content"}},"wdio_ui5_key":"applicationyardoverview-display-component---detailYardInventory--ObjectPageLayout-anchBar-application-yardoverview-display-component---detailYardInventory--openReturnsSection-anchor"}]}
RESULT: {"script":"<script> [1562 bytes]","args":[{"selector":{"id":"application-yardoverview-display-component---detailYardInventory--ObjectPageLayout-anchBar-application-yardoverview-display-component---detailYardInventory--openReturnsSection-anchor","interaction":{"idSuffix":"BDI-content"}},"wdio_ui5_key":"applicationyardoverview-display-component---detailYardInventory--ObjectPageLayout-anchBar-application-yardoverview-display-component---detailYardInventory--openReturnsSection-anchor"}]}
RESULT: undefined
COMMAND: POST /session/a2e24c46187f551462858430ad77f0e2/element - {"using":"xpath","value":"//*[@id=\"application-yardoverview-display-component---detailYardInventory--ObjectPageLayout-anchBar-application-yardoverview-display-component---detailYardInventory--openReturnsSection-anchor\"]"}
RESULT: {"using":"xpath","value":"//*[@id=\"application-yardoverview-display-component---detailYardInventory--ObjectPageLayout-anchBar-application-yardoverview-display-component---detailYardInventory--openReturnsSection-anchor\"]"}
COMMAND: POST /session/a2e24c46187f551462858430ad77f0e2/element/f.C0C1CAF4A724E2CBF7E3AD8AD540F396.d.EA5574D1C5F3B13692B5B6D9EFCA099A.e.5103/click - {}
RESULT: {}
COMMAND: GET /session/a2e24c46187f551462858430ad77f0e2/screenshot - {}
RESULT: {}
COMMAND: POST /session/a2e24c46187f551462858430ad77f0e2/execute/async - {"script":"<script> [1562 bytes]","args":[{"selector":{"id":"application-yardoverview-display-component---detailYardInventory--openReturns-triggerAction-returnBtn","interaction":{"idSuffix":"BDI-content"}},"wdio_ui5_key":"applicationyardoverview-display-component---detailYardInventory--openReturns-triggerAction-returnBtn"}]}
RESULT: {"script":"<script> [1562 bytes]","args":[{"selector":{"id":"application-yardoverview-display-component---detailYardInventory--openReturns-triggerAction-returnBtn","interaction":{"idSuffix":"BDI-content"}},"wdio_ui5_key":"applicationyardoverview-display-component---detailYardInventory--openReturns-triggerAction-returnBtn"}]}
RESULT: undefined
COMMAND: POST /session/a2e24c46187f551462858430ad77f0e2/element - {"using":"xpath","value":"//*[@id=\"application-yardoverview-display-component---detailYardInventory--openReturns-triggerAction-returnBtn\"]"}
RESULT: {"using":"xpath","value":"//*[@id=\"application-yardoverview-display-component---detailYardInventory--openReturns-triggerAction-returnBtn\"]"}
COMMAND: POST /session/a2e24c46187f551462858430ad77f0e2/element/f.C0C1CAF4A724E2CBF7E3AD8AD540F396.d.EA5574D1C5F3B13692B5B6D9EFCA099A.e.5126/click - {}
RESULT: {}
COMMAND: GET /session/a2e24c46187f551462858430ad77f0e2/screenshot - {}
RESULT: {}
COMMAND: POST /session/a2e24c46187f551462858430ad77f0e2/element - {"using":"xpath","value":"//div[@id=\"application-yardoverview-display-component---detailYardInventory--customReturnsTable-sa-CbBg\"]"}
RESULT: {"using":"xpath","value":"//div[@id=\"application-yardoverview-display-component---detailYardInventory--customReturnsTable-sa-CbBg\"]"}
COMMAND: POST /session/a2e24c46187f551462858430ad77f0e2/execute/sync - {"script":"<script> [8489 bytes]","args":[{"element-6066-11e4-a52e-4f735466cecf":"f.C0C1CAF4A724E2CBF7E3AD8AD540F396.d.EA5574D1C5F3B13692B5B6D9EFCA099A.e.5144","ELEMENT":"f.C0C1CAF4A724E2CBF7E3AD8AD540F396.d.EA5574D1C5F3B13692B5B6D9EFCA099A.e.5144"}]}
RESULT: {"script":"<script> [8489 bytes]","args":[{"element-6066-11e4-a52e-4f735466cecf":"f.C0C1CAF4A724E2CBF7E3AD8AD540F396.d.EA5574D1C5F3B13692B5B6D9EFCA099A.e.5144","ELEMENT":"f.C0C1CAF4A724E2CBF7E3AD8AD540F396.d.EA5574D1C5F3B13692B5B6D9EFCA099A.e.5144"}]}
COMMAND: POST /session/a2e24c46187f551462858430ad77f0e2/execute/sync - {"script":"<script> [5351 bytes]","args":[{"element-6066-11e4-a52e-4f735466cecf":"f.C0C1CAF4A724E2CBF7E3AD8AD540F396.d.EA5574D1C5F3B13692B5B6D9EFCA099A.e.5144","ELEMENT":"f.C0C1CAF4A724E2CBF7E3AD8AD540F396.d.EA5574D1C5F3B13692B5B6D9EFCA099A.e.5144"}]}
COMMAND: GET /session/a2e24c46187f551462858430ad77f0e2/screenshot - {}
RESULT: {"script":"<script> [5351 bytes]","args":[{"element-6066-11e4-a52e-4f735466cecf":"f.C0C1CAF4A724E2CBF7E3AD8AD540F396.d.EA5574D1C5F3B13692B5B6D9EFCA099A.e.5144","ELEMENT":"f.C0C1CAF4A724E2CBF7E3AD8AD540F396.d.EA5574D1C5F3B13692B5B6D9EFCA099A.e.5144"}]}
COMMAND: POST /session/a2e24c46187f551462858430ad77f0e2/element/f.C0C1CAF4A724E2CBF7E3AD8AD540F396.d.EA5574D1C5F3B13692B5B6D9EFCA099A.e.5144/click - {}
COMMAND: GET /session/a2e24c46187f551462858430ad77f0e2/screenshot - {}
RESULT: {}
RESULT: {}
COMMAND: GET /session/a2e24c46187f551462858430ad77f0e2/screenshot - {}
RESULT: {}
RESULT: {}
COMMAND: POST /session/a2e24c46187f551462858430ad77f0e2/actions - {"actions":[{"id":"action15","type":"key","parameters":{},"actions":[{"type":"keyDown","value":""},{"type":"pause","duration":10},{"type":"keyUp","value":""}]}]}
RESULT: {"actions":[{"id":"action15","type":"key","parameters":{},"actions":[{"type":"keyDown","value":""},{"type":"pause","duration":10},{"type":"keyUp","value":""}]}]}
COMMAND: POST /session/a2e24c46187f551462858430ad77f0e2/element - {"using":"xpath","value":"//bdi[text()=\"Return\"]"}
COMMAND: GET /session/a2e24c46187f551462858430ad77f0e2/screenshot - {}
RESULT: {"using":"xpath","value":"//bdi[text()=\"Return\"]"}
COMMAND: POST /session/a2e24c46187f551462858430ad77f0e2/execute/sync - {"script":"<script> [8489 bytes]","args":[{"element-6066-11e4-a52e-4f735466cecf":"f.C0C1CAF4A724E2CBF7E3AD8AD540F396.d.EA5574D1C5F3B13692B5B6D9EFCA099A.e.5125","ELEMENT":"f.C0C1CAF4A724E2CBF7E3AD8AD540F396.d.EA5574D1C5F3B13692B5B6D9EFCA099A.e.5125"}]}
RESULT: {}
RESULT: {"script":"<script> [8489 bytes]","args":[{"element-6066-11e4-a52e-4f735466cecf":"f.C0C1CAF4A724E2CBF7E3AD8AD540F396.d.EA5574D1C5F3B13692B5B6D9EFCA099A.e.5125","ELEMENT":"f.C0C1CAF4A724E2CBF7E3AD8AD540F396.d.EA5574D1C5F3B13692B5B6D9EFCA099A.e.5125"}]}
COMMAND: POST /session/a2e24c46187f551462858430ad77f0e2/execute/sync - {"script":"<script> [5351 bytes]","args":[{"element-6066-11e4-a52e-4f735466cecf":"f.C0C1CAF4A724E2CBF7E3AD8AD540F396.d.EA5574D1C5F3B13692B5B6D9EFCA099A.e.5125","ELEMENT":"f.C0C1CAF4A724E2CBF7E3AD8AD540F396.d.EA5574D1C5F3B13692B5B6D9EFCA099A.e.5125"}]}
COMMAND: GET /session/a2e24c46187f551462858430ad77f0e2/screenshot - {}
RESULT: {"script":"<script> [5351 bytes]","args":[{"element-6066-11e4-a52e-4f735466cecf":"f.C0C1CAF4A724E2CBF7E3AD8AD540F396.d.EA5574D1C5F3B13692B5B6D9EFCA099A.e.5125","ELEMENT":"f.C0C1CAF4A724E2CBF7E3AD8AD540F396.d.EA5574D1C5F3B13692B5B6D9EFCA099A.e.5125"}]}
COMMAND: POST /session/a2e24c46187f551462858430ad77f0e2/element/f.C0C1CAF4A724E2CBF7E3AD8AD540F396.d.EA5574D1C5F3B13692B5B6D9EFCA099A.e.5125/click - {}
COMMAND: GET /session/a2e24c46187f551462858430ad77f0e2/screenshot - {}
RESULT: {}
RESULT: {}
COMMAND: POST /session/a2e24c46187f551462858430ad77f0e2/execute/async - {"script":"<script> [1562 bytes]","args":[{"selector":{"controlType":"sap.m.Text","properties":{"text":"Mass Create Handovers process was executed with success!"},"searchOpenDialogs":true},"wdio_ui5_key":"sapm.Text{\"text\":\"Mass Create Handovers process was executed with success!\"}"}]}
COMMAND: GET /session/a2e24c46187f551462858430ad77f0e2/screenshot - {}
RESULT: {}
RESULT: {"script":"<script> [1562 bytes]","args":[{"selector":{"controlType":"sap.m.Text","properties":{"text":"Mass Create Handovers process was executed with success!"},"searchOpenDialogs":true},"wdio_ui5_key":"sapm.Text{\"text\":\"Mass Create Handovers process was executed with success!\"}"}]}
RESULT: undefined
COMMAND: POST /session/a2e24c46187f551462858430ad77f0e2/execute/async - {"script":"<script> [6424 bytes]","args":[{"element-6066-11e4-a52e-4f735466cecf":"f.C0C1CAF4A724E2CBF7E3AD8AD540F396.d.EA5574D1C5F3B13692B5B6D9EFCA099A.e.5147"},"getText",[]]}
RESULT: {}
RESULT: {"script":"<script> [6424 bytes]","args":[{"element-6066-11e4-a52e-4f735466cecf":"f.C0C1CAF4A724E2CBF7E3AD8AD540F396.d.EA5574D1C5F3B13692B5B6D9EFCA099A.e.5147"},"getText",[]]}
COMMAND: POST /session/a2e24c46187f551462858430ad77f0e2/execute/async - {"script":"<script> [1562 bytes]","args":[{"selector":{"controlType":"sap.m.Button","properties":{"text":"OK"},"searchOpenDialogs":true,"interaction":{"idSuffix":"BDI-content"}},"wdio_ui5_key":"sapm.Button{\"text\":\"OK\"}"}]}
RESULT: {"script":"<script> [1562 bytes]","args":[{"selector":{"controlType":"sap.m.Button","properties":{"text":"OK"},"searchOpenDialogs":true,"interaction":{"idSuffix":"BDI-content"}},"wdio_ui5_key":"sapm.Button{\"text\":\"OK\"}"}]}
RESULT: undefined
COMMAND: POST /session/a2e24c46187f551462858430ad77f0e2/element - {"using":"xpath","value":"//*[@id=\"__mbox-btn-6\"]"}
RESULT: {"using":"xpath","value":"//*[@id=\"__mbox-btn-6\"]"}
COMMAND: POST /session/a2e24c46187f551462858430ad77f0e2/element/f.C0C1CAF4A724E2CBF7E3AD8AD540F396.d.EA5574D1C5F3B13692B5B6D9EFCA099A.e.5146/click - {}
RESULT: {}
COMMAND: GET /session/a2e24c46187f551462858430ad77f0e2/screenshot - {}
RESULT: {}
COMMAND: POST /session/a2e24c46187f551462858430ad77f0e2/execute/async - {"script":"<script> [1562 bytes]","args":[{"selector":{"controlType":"sap.m.Text","viewName":"etm.portal.ui.yardoverview.view.Detail","viewId":"application-yardoverview-display-component---detailYardInventory","bindingPath":{"path":"","propertyPath":"STATUS_DESC"}},"wdio_ui5_key":"etmportal.ui.yardoverview.view.Detailsap.m.Text{\"path\":\"\",\"propertyPath\":\"STATUS_DESC\"}"}]}
RESULT: {"script":"<script> [1562 bytes]","args":[{"selector":{"controlType":"sap.m.Text","viewName":"etm.portal.ui.yardoverview.view.Detail","viewId":"application-yardoverview-display-component---detailYardInventory","bindingPath":{"path":"","propertyPath":"STATUS_DESC"}},"wdio_ui5_key":"etmportal.ui.yardoverview.view.Detailsap.m.Text{\"path\":\"\",\"propertyPath\":\"STATUS_DESC\"}"}]}
RESULT: undefined
COMMAND: POST /session/a2e24c46187f551462858430ad77f0e2/execute/async - {"script":"<script> [6424 bytes]","args":[{"element-6066-11e4-a52e-4f735466cecf":"f.C0C1CAF4A724E2CBF7E3AD8AD540F396.d.EA5574D1C5F3B13692B5B6D9EFCA099A.e.5149"},"getText",[]]}
RESULT: {"script":"<script> [6424 bytes]","args":[{"element-6066-11e4-a52e-4f735466cecf":"f.C0C1CAF4A724E2CBF7E3AD8AD540F396.d.EA5574D1C5F3B13692B5B6D9EFCA099A.e.5149"},"getText",[]]}
COMMAND: POST /session/a2e24c46187f551462858430ad77f0e2/element - {"using":"css selector","value":"#shell-header-logo"}
RESULT: {"using":"css selector","value":"#shell-header-logo"}
COMMAND: POST /session/a2e24c46187f551462858430ad77f0e2/element/f.C0C1CAF4A724E2CBF7E3AD8AD540F396.d.EA5574D1C5F3B13692B5B6D9EFCA099A.e.4944/click - {}
RESULT: {}
COMMAND: GET /session/a2e24c46187f551462858430ad77f0e2/screenshot - {}
RESULT: {}
COMMAND: POST /session/a2e24c46187f551462858430ad77f0e2/element - {"using":"css selector","value":"#j_username"}
COMMAND: POST /session/a2e24c46187f551462858430ad77f0e2/url - {"url":"https://qa-testing-00-live-etm-ui.cfapps.eu10-004.hana.ondemand.com/"}
RESULT: {"using":"css selector","value":"#j_username"}
COMMAND: POST /session/a2e24c46187f551462858430ad77f0e2/element - {"using":"css selector","value":"#j_username"}
RESULT: {"url":"https://qa-testing-00-live-etm-ui.cfapps.eu10-004.hana.ondemand.com/"}
RESULT: undefined
COMMAND: GET /session/a2e24c46187f551462858430ad77f0e2/screenshot - {}
RESULT: {"using":"css selector","value":"#j_username"}
COMMAND: POST /session/a2e24c46187f551462858430ad77f0e2/element - {"using":"css selector","value":"#shell-header-logo"}
RESULT: {}
RESULT: {"using":"css selector","value":"#shell-header-logo"}
COMMAND: POST /session/a2e24c46187f551462858430ad77f0e2/execute/sync - {"script":"<script> [8489 bytes]","args":[{"element-6066-11e4-a52e-4f735466cecf":"f.C0C1CAF4A724E2CBF7E3AD8AD540F396.d.C96BD0CD54AC18543B33F7EACA8F22D8.e.5235","ELEMENT":"f.C0C1CAF4A724E2CBF7E3AD8AD540F396.d.C96BD0CD54AC18543B33F7EACA8F22D8.e.5235"}]}
RESULT: {"script":"<script> [8489 bytes]","args":[{"element-6066-11e4-a52e-4f735466cecf":"f.C0C1CAF4A724E2CBF7E3AD8AD540F396.d.C96BD0CD54AC18543B33F7EACA8F22D8.e.5235","ELEMENT":"f.C0C1CAF4A724E2CBF7E3AD8AD540F396.d.C96BD0CD54AC18543B33F7EACA8F22D8.e.5235"}]}
COMMAND: POST /session/a2e24c46187f551462858430ad77f0e2/element - {"using":"css selector","value":"#shell-header-logo"}
COMMAND: GET /session/a2e24c46187f551462858430ad77f0e2/screenshot - {}
RESULT: {"using":"css selector","value":"#shell-header-logo"}
COMMAND: POST /session/a2e24c46187f551462858430ad77f0e2/execute/sync - {"script":"<script> [8489 bytes]","args":[{"element-6066-11e4-a52e-4f735466cecf":"f.C0C1CAF4A724E2CBF7E3AD8AD540F396.d.C96BD0CD54AC18543B33F7EACA8F22D8.e.5235","ELEMENT":"f.C0C1CAF4A724E2CBF7E3AD8AD540F396.d.C96BD0CD54AC18543B33F7EACA8F22D8.e.5235"}]}
RESULT: {}
RESULT: {"script":"<script> [8489 bytes]","args":[{"element-6066-11e4-a52e-4f735466cecf":"f.C0C1CAF4A724E2CBF7E3AD8AD540F396.d.C96BD0CD54AC18543B33F7EACA8F22D8.e.5235","ELEMENT":"f.C0C1CAF4A724E2CBF7E3AD8AD540F396.d.C96BD0CD54AC18543B33F7EACA8F22D8.e.5235"}]}
COMMAND: POST /session/a2e24c46187f551462858430ad77f0e2/execute/sync - {"script":"<script> [5351 bytes]","args":[{"element-6066-11e4-a52e-4f735466cecf":"f.C0C1CAF4A724E2CBF7E3AD8AD540F396.d.C96BD0CD54AC18543B33F7EACA8F22D8.e.5235","ELEMENT":"f.C0C1CAF4A724E2CBF7E3AD8AD540F396.d.C96BD0CD54AC18543B33F7EACA8F22D8.e.5235"}]}
COMMAND: GET /session/a2e24c46187f551462858430ad77f0e2/screenshot - {}
RESULT: {"script":"<script> [5351 bytes]","args":[{"element-6066-11e4-a52e-4f735466cecf":"f.C0C1CAF4A724E2CBF7E3AD8AD540F396.d.C96BD0CD54AC18543B33F7EACA8F22D8.e.5235","ELEMENT":"f.C0C1CAF4A724E2CBF7E3AD8AD540F396.d.C96BD0CD54AC18543B33F7EACA8F22D8.e.5235"}]}
COMMAND: POST /session/a2e24c46187f551462858430ad77f0e2/element - {"using":"css selector","value":"#shell-header-logo"}
COMMAND: GET /session/a2e24c46187f551462858430ad77f0e2/screenshot - {}
RESULT: {}
RESULT: {"using":"css selector","value":"#shell-header-logo"}
COMMAND: POST /session/a2e24c46187f551462858430ad77f0e2/element/f.C0C1CAF4A724E2CBF7E3AD8AD540F396.d.C96BD0CD54AC18543B33F7EACA8F22D8.e.5235/click - {}
RESULT: {}
RESULT: {}
COMMAND: GET /session/a2e24c46187f551462858430ad77f0e2/screenshot - {}
RESULT: {}
COMMAND: POST /session/a2e24c46187f551462858430ad77f0e2/execute/async - {"script":"<script> [189 bytes]","args":[]}
RESULT: {"script":"<script> [189 bytes]","args":[]}
COMMAND: POST /session/a2e24c46187f551462858430ad77f0e2/execute/async - {"script":"<script> [123 bytes]","args":[]}
RESULT: {"script":"<script> [123 bytes]","args":[]}
COMMAND: POST /session/a2e24c46187f551462858430ad77f0e2/timeouts - {"script":"<number>"}
RESULT: {"script":"<number>"}
COMMAND: GET /session/a2e24c46187f551462858430ad77f0e2/timeouts - {}
RESULT: {}
RESULT: undefined
COMMAND: POST /session/a2e24c46187f551462858430ad77f0e2/execute/async - {"script":"<script> [2676 bytes]","args":[]}
RESULT: {"script":"<script> [2676 bytes]","args":[]}
COMMAND: POST /session/a2e24c46187f551462858430ad77f0e2/execute/async - {"script":"<script> [2342 bytes]","args":[{"protocol":"http","hostname":"0.0.0.0","path":"/","capabilities":{"browserName":"chrome","goog:chromeOptions":{"binary":"C:\\Program Files\\Google\\Chrome\\Application\\chrome.exe","args":["--start-maximized"]}},"logLevel":"warn","connectionRetryTimeout":120000,"connectionRetryCount":3,"logLevels":{},"enableDirectConnect":true,"strictSSL":true,"_":"65 more keys: [\"cacheDir\",\"port\",\"requestedCapabilities\",\"automationProtocol\",\"baseUrl\",\"waitforInterval\",\"waitforTimeout\",\"onReload\",\"beforeCommand\",\"afterCommand\",\"rootDir\",\"specs\",\"suites\",\"exclude\",\"groupLogsByTestSpec\",\"excludeDriverLogs\",\"bail\",\"framework\",\"reporters\",\"services\",\"maxInstances\",\"maxInstancesPerCapability\",\"injectGlobals\",\"filesToWatch\",\"execArgv\",\"runnerEnv\",\"runner\",\"shard\",\"specFileRetries\",\"specFileRetriesDelay\",\"specFileRetriesDeferred\",\"reporterSyncInterval\",\"reporterSyncTimeout\",\"cucumberFeaturesWithLineNumbers\",\"autoCompileOpts\",\"mochaOpts\",\"jasmineOpts\",\"cucumberOpts\",\"onPrepare\",\"onWorkerStart\",\"onWorkerEnd\",\"before\",\"beforeSession\",\"beforeSuite\",\"beforeHook\",\"beforeTest\",\"afterTest\",\"afterHook\",\"afterSuite\",\"afterSession\",\"after\",\"onComplete\",\"beforeAssertion\",\"afterAssertion\",\"beforeFeature\",\"beforeScenario\",\"beforeStep\",\"afterStep\",\"afterScenario\",\"afterFeature\",\"_\",\"suite\",\"$0\",\"ignoredWorkerServices\",\"wdi5\"]"}]}
RESULT: {"script":"<script> [2342 bytes]","args":[{"protocol":"http","hostname":"0.0.0.0","path":"/","capabilities":{"browserName":"chrome","goog:chromeOptions":{"binary":"C:\\Program Files\\Google\\Chrome\\Application\\chrome.exe","args":["--start-maximized"]}},"logLevel":"warn","connectionRetryTimeout":120000,"connectionRetryCount":3,"logLevels":{},"enableDirectConnect":true,"strictSSL":true,"_":"65 more keys: [\"cacheDir\",\"port\",\"requestedCapabilities\",\"automationProtocol\",\"baseUrl\",\"waitforInterval\",\"waitforTimeout\",\"onReload\",\"beforeCommand\",\"afterCommand\",\"rootDir\",\"specs\",\"suites\",\"exclude\",\"groupLogsByTestSpec\",\"excludeDriverLogs\",\"bail\",\"framework\",\"reporters\",\"services\",\"maxInstances\",\"maxInstancesPerCapability\",\"injectGlobals\",\"filesToWatch\",\"execArgv\",\"runnerEnv\",\"runner\",\"shard\",\"specFileRetries\",\"specFileRetriesDelay\",\"specFileRetriesDeferred\",\"reporterSyncInterval\",\"reporterSyncTimeout\",\"cucumberFeaturesWithLineNumbers\",\"autoCompileOpts\",\"mochaOpts\",\"jasmineOpts\",\"cucumberOpts\",\"onPrepare\",\"onWorkerStart\",\"onWorkerEnd\",\"before\",\"beforeSession\",\"beforeSuite\",\"beforeHook\",\"beforeTest\",\"afterTest\",\"afterHook\",\"afterSuite\",\"afterSession\",\"after\",\"onComplete\",\"beforeAssertion\",\"afterAssertion\",\"beforeFeature\",\"beforeScenario\",\"beforeStep\",\"afterStep\",\"afterScenario\",\"afterFeature\",\"_\",\"suite\",\"$0\",\"ignoredWorkerServices\",\"wdi5\"]"}]}
COMMAND: POST /session/a2e24c46187f551462858430ad77f0e2/execute/async - {"script":"<script> [21126 bytes]","args":[35000]}
RESULT: {"script":"<script> [21126 bytes]","args":[35000]}
COMMAND: POST /session/a2e24c46187f551462858430ad77f0e2/window/maximize - {}
RESULT: {}
COMMAND: POST /session/a2e24c46187f551462858430ad77f0e2/execute/async - {"script":"<script> [1562 bytes]","args":[{"selector":{"id":"shell-header","interaction":{"idSuffix":"icon"}},"wdio_ui5_key":"shellheader"}]}
COMMAND: GET /session/a2e24c46187f551462858430ad77f0e2/screenshot - {}
RESULT: {"script":"<script> [1562 bytes]","args":[{"selector":{"id":"shell-header","interaction":{"idSuffix":"icon"}},"wdio_ui5_key":"shellheader"}]}
RESULT: undefined
COMMAND: POST /session/a2e24c46187f551462858430ad77f0e2/refresh - {}
RESULT: {}
RESULT: {}
COMMAND: GET /session/a2e24c46187f551462858430ad77f0e2/screenshot - {}
RESULT: {}
COMMAND: POST /session/a2e24c46187f551462858430ad77f0e2/refresh - {}
RESULT: {}
COMMAND: GET /session/a2e24c46187f551462858430ad77f0e2/screenshot - {}
RESULT: {}
COMMAND: POST /session/a2e24c46187f551462858430ad77f0e2/window/fullscreen - {}
RESULT: {}
COMMAND: POST /session/a2e24c46187f551462858430ad77f0e2/execute/async - {"script":"<script> [189 bytes]","args":[]}
RESULT: {"script":"<script> [189 bytes]","args":[]}
COMMAND: POST /session/a2e24c46187f551462858430ad77f0e2/execute/async - {"script":"<script> [123 bytes]","args":[]}
RESULT: {"script":"<script> [123 bytes]","args":[]}
COMMAND: POST /session/a2e24c46187f551462858430ad77f0e2/timeouts - {"script":"<number>"}
RESULT: {"script":"<number>"}
COMMAND: GET /session/a2e24c46187f551462858430ad77f0e2/timeouts - {}
RESULT: {}
RESULT: undefined
COMMAND: POST /session/a2e24c46187f551462858430ad77f0e2/execute/async - {"script":"<script> [2676 bytes]","args":[]}
RESULT: {"script":"<script> [2676 bytes]","args":[]}
COMMAND: POST /session/a2e24c46187f551462858430ad77f0e2/execute/async - {"script":"<script> [2342 bytes]","args":[{"protocol":"http","hostname":"0.0.0.0","path":"/","capabilities":{"browserName":"chrome","goog:chromeOptions":{"binary":"C:\\Program Files\\Google\\Chrome\\Application\\chrome.exe","args":["--start-maximized"]}},"logLevel":"warn","connectionRetryTimeout":120000,"connectionRetryCount":3,"logLevels":{},"enableDirectConnect":true,"strictSSL":true,"_":"65 more keys: [\"cacheDir\",\"port\",\"requestedCapabilities\",\"automationProtocol\",\"baseUrl\",\"waitforInterval\",\"waitforTimeout\",\"onReload\",\"beforeCommand\",\"afterCommand\",\"rootDir\",\"specs\",\"suites\",\"exclude\",\"groupLogsByTestSpec\",\"excludeDriverLogs\",\"bail\",\"framework\",\"reporters\",\"services\",\"maxInstances\",\"maxInstancesPerCapability\",\"injectGlobals\",\"filesToWatch\",\"execArgv\",\"runnerEnv\",\"runner\",\"shard\",\"specFileRetries\",\"specFileRetriesDelay\",\"specFileRetriesDeferred\",\"reporterSyncInterval\",\"reporterSyncTimeout\",\"cucumberFeaturesWithLineNumbers\",\"autoCompileOpts\",\"mochaOpts\",\"jasmineOpts\",\"cucumberOpts\",\"onPrepare\",\"onWorkerStart\",\"onWorkerEnd\",\"before\",\"beforeSession\",\"beforeSuite\",\"beforeHook\",\"beforeTest\",\"afterTest\",\"afterHook\",\"afterSuite\",\"afterSession\",\"after\",\"onComplete\",\"beforeAssertion\",\"afterAssertion\",\"beforeFeature\",\"beforeScenario\",\"beforeStep\",\"afterStep\",\"afterScenario\",\"afterFeature\",\"_\",\"suite\",\"$0\",\"ignoredWorkerServices\",\"wdi5\"]"}]}
RESULT: {"script":"<script> [2342 bytes]","args":[{"protocol":"http","hostname":"0.0.0.0","path":"/","capabilities":{"browserName":"chrome","goog:chromeOptions":{"binary":"C:\\Program Files\\Google\\Chrome\\Application\\chrome.exe","args":["--start-maximized"]}},"logLevel":"warn","connectionRetryTimeout":120000,"connectionRetryCount":3,"logLevels":{},"enableDirectConnect":true,"strictSSL":true,"_":"65 more keys: [\"cacheDir\",\"port\",\"requestedCapabilities\",\"automationProtocol\",\"baseUrl\",\"waitforInterval\",\"waitforTimeout\",\"onReload\",\"beforeCommand\",\"afterCommand\",\"rootDir\",\"specs\",\"suites\",\"exclude\",\"groupLogsByTestSpec\",\"excludeDriverLogs\",\"bail\",\"framework\",\"reporters\",\"services\",\"maxInstances\",\"maxInstancesPerCapability\",\"injectGlobals\",\"filesToWatch\",\"execArgv\",\"runnerEnv\",\"runner\",\"shard\",\"specFileRetries\",\"specFileRetriesDelay\",\"specFileRetriesDeferred\",\"reporterSyncInterval\",\"reporterSyncTimeout\",\"cucumberFeaturesWithLineNumbers\",\"autoCompileOpts\",\"mochaOpts\",\"jasmineOpts\",\"cucumberOpts\",\"onPrepare\",\"onWorkerStart\",\"onWorkerEnd\",\"before\",\"beforeSession\",\"beforeSuite\",\"beforeHook\",\"beforeTest\",\"afterTest\",\"afterHook\",\"afterSuite\",\"afterSession\",\"after\",\"onComplete\",\"beforeAssertion\",\"afterAssertion\",\"beforeFeature\",\"beforeScenario\",\"beforeStep\",\"afterStep\",\"afterScenario\",\"afterFeature\",\"_\",\"suite\",\"$0\",\"ignoredWorkerServices\",\"wdi5\"]"}]}
COMMAND: POST /session/a2e24c46187f551462858430ad77f0e2/execute/async - {"script":"<script> [21126 bytes]","args":[35000]}
RESULT: {"script":"<script> [21126 bytes]","args":[35000]}
COMMAND: POST /session/a2e24c46187f551462858430ad77f0e2/window/fullscreen - {}
RESULT: {}
]]></system-out>
    </testcase>
  </testsuite>
  <testsuite timestamp="2025-05-28T16:50:51" time="441.236" tests="6" failures="0" errors="0" skipped="0">
    <properties>
      <property name="specId" value="0"/>
      <property name="suiteName" value="Yard Overview Autoplanning US130989"/>
      <property name="capabilities" value="chrome.136_0_7103_93.windows"/>
      <property name="file" value="file:///D:/a/1/s/test/specs/HTR/yard-overview-autoplanning.spec.js"/>
    </properties>
    <testcase classname="chrome.136_0_7103_93.windows.Yard_Overview_Autoplanning_US130989" name="Prereq Should create a new yard used for all following tests" time="0.014">
      <system-out><![CDATA[
COMMAND: POST /session/a2e24c46187f551462858430ad77f0e2/window/fullscreen - {}
RESULT: {}
]]></system-out>
    </testcase>
    <testcase classname="chrome.136_0_7103_93.windows.Yard_Overview_Autoplanning_US130989" name="Prereq Should create a new partner" time="0.005"/>
    <testcase classname="chrome.136_0_7103_93.windows.Yard_Overview_Autoplanning_US130989" name="Prereq Should create a new site" time="0.004"/>
    <testcase classname="chrome.136_0_7103_93.windows.Yard_Overview_Autoplanning_US130989" name="Prereq Should create a new material with catalog selection" time="131.761">
      <system-out><![CDATA[
COMMAND: POST /session/a2e24c46187f551462858430ad77f0e2/execute/async - {"script":"<script> [1562 bytes]","args":[{"selector":{"controlType":"sap.m.GenericTile","properties":{"header":"Manage Resources"}},"wdio_ui5_key":"sapm.GenericTile{\"header\":\"Manage Resources\"}"}]}
RESULT: {"script":"<script> [1562 bytes]","args":[{"selector":{"controlType":"sap.m.GenericTile","properties":{"header":"Manage Resources"}},"wdio_ui5_key":"sapm.GenericTile{\"header\":\"Manage Resources\"}"}]}
RESULT: undefined
COMMAND: POST /session/a2e24c46187f551462858430ad77f0e2/element - {"using":"xpath","value":"//*[@id=\"__tile39\"]"}
RESULT: {"using":"xpath","value":"//*[@id=\"__tile39\"]"}
COMMAND: POST /session/a2e24c46187f551462858430ad77f0e2/element/f.C0C1CAF4A724E2CBF7E3AD8AD540F396.d.2F4A6F426FA33F4BB0FA52B98A6FBEE7.e.5311/click - {}
RESULT: {}
COMMAND: GET /session/a2e24c46187f551462858430ad77f0e2/screenshot - {}
RESULT: {}
COMMAND: POST /session/a2e24c46187f551462858430ad77f0e2/elements - {"using":"xpath","value":"//span[text()='Error']"}
RESULT: {"using":"xpath","value":"//span[text()='Error']"}
COMMAND: POST /session/a2e24c46187f551462858430ad77f0e2/element - {"using":"xpath","value":"//button[@data-kt=\"addNewRUOverflowToolbarButton\"]"}
RESULT: {"using":"xpath","value":"//button[@data-kt=\"addNewRUOverflowToolbarButton\"]"}
COMMAND: POST /session/a2e24c46187f551462858430ad77f0e2/elements - {"using":"xpath","value":"//button[@data-kt=\"addNewRUOverflowToolbarButton\"]"}
RESULT: {"using":"xpath","value":"//button[@data-kt=\"addNewRUOverflowToolbarButton\"]"}
COMMAND: POST /session/a2e24c46187f551462858430ad77f0e2/execute/sync - {"script":"<script> [8489 bytes]","args":[{"element-6066-11e4-a52e-4f735466cecf":"f.C0C1CAF4A724E2CBF7E3AD8AD540F396.d.2F4A6F426FA33F4BB0FA52B98A6FBEE7.e.5444","ELEMENT":"f.C0C1CAF4A724E2CBF7E3AD8AD540F396.d.2F4A6F426FA33F4BB0FA52B98A6FBEE7.e.5444"}]}
RESULT: {"script":"<script> [8489 bytes]","args":[{"element-6066-11e4-a52e-4f735466cecf":"f.C0C1CAF4A724E2CBF7E3AD8AD540F396.d.2F4A6F426FA33F4BB0FA52B98A6FBEE7.e.5444","ELEMENT":"f.C0C1CAF4A724E2CBF7E3AD8AD540F396.d.2F4A6F426FA33F4BB0FA52B98A6FBEE7.e.5444"}]}
COMMAND: GET /session/a2e24c46187f551462858430ad77f0e2/element/f.C0C1CAF4A724E2CBF7E3AD8AD540F396.d.2F4A6F426FA33F4BB0FA52B98A6FBEE7.e.5444/enabled - {}
COMMAND: GET /session/a2e24c46187f551462858430ad77f0e2/screenshot - {}
RESULT: {}
COMMAND: POST /session/a2e24c46187f551462858430ad77f0e2/execute/sync - {"script":"<script> [8489 bytes]","args":[{"element-6066-11e4-a52e-4f735466cecf":"f.C0C1CAF4A724E2CBF7E3AD8AD540F396.d.2F4A6F426FA33F4BB0FA52B98A6FBEE7.e.5444","ELEMENT":"f.C0C1CAF4A724E2CBF7E3AD8AD540F396.d.2F4A6F426FA33F4BB0FA52B98A6FBEE7.e.5444"}]}
COMMAND: GET /session/a2e24c46187f551462858430ad77f0e2/screenshot - {}
RESULT: {}
RESULT: {"script":"<script> [8489 bytes]","args":[{"element-6066-11e4-a52e-4f735466cecf":"f.C0C1CAF4A724E2CBF7E3AD8AD540F396.d.2F4A6F426FA33F4BB0FA52B98A6FBEE7.e.5444","ELEMENT":"f.C0C1CAF4A724E2CBF7E3AD8AD540F396.d.2F4A6F426FA33F4BB0FA52B98A6FBEE7.e.5444"}]}
COMMAND: POST /session/a2e24c46187f551462858430ad77f0e2/execute/sync - {"script":"<script> [5351 bytes]","args":[{"element-6066-11e4-a52e-4f735466cecf":"f.C0C1CAF4A724E2CBF7E3AD8AD540F396.d.2F4A6F426FA33F4BB0FA52B98A6FBEE7.e.5444","ELEMENT":"f.C0C1CAF4A724E2CBF7E3AD8AD540F396.d.2F4A6F426FA33F4BB0FA52B98A6FBEE7.e.5444"}]}
COMMAND: GET /session/a2e24c46187f551462858430ad77f0e2/screenshot - {}
RESULT: {}
RESULT: {"script":"<script> [5351 bytes]","args":[{"element-6066-11e4-a52e-4f735466cecf":"f.C0C1CAF4A724E2CBF7E3AD8AD540F396.d.2F4A6F426FA33F4BB0FA52B98A6FBEE7.e.5444","ELEMENT":"f.C0C1CAF4A724E2CBF7E3AD8AD540F396.d.2F4A6F426FA33F4BB0FA52B98A6FBEE7.e.5444"}]}
COMMAND: POST /session/a2e24c46187f551462858430ad77f0e2/element/f.C0C1CAF4A724E2CBF7E3AD8AD540F396.d.2F4A6F426FA33F4BB0FA52B98A6FBEE7.e.5444/click - {}
COMMAND: GET /session/a2e24c46187f551462858430ad77f0e2/screenshot - {}
RESULT: {}
RESULT: {}
COMMAND: GET /session/a2e24c46187f551462858430ad77f0e2/screenshot - {}
RESULT: {}
RESULT: {}
COMMAND: POST /session/a2e24c46187f551462858430ad77f0e2/execute/async - {"script":"<script> [1562 bytes]","args":[{"selector":{"id":"application-manageresources-display-component---newResourceUnit--TYPE-arrow"},"wdio_ui5_key":"applicationmanageresources-display-component---newResourceUnit--TYPE-arrow"}]}
RESULT: {"script":"<script> [1562 bytes]","args":[{"selector":{"id":"application-manageresources-display-component---newResourceUnit--TYPE-arrow"},"wdio_ui5_key":"applicationmanageresources-display-component---newResourceUnit--TYPE-arrow"}]}
RESULT: undefined
COMMAND: POST /session/a2e24c46187f551462858430ad77f0e2/element - {"using":"xpath","value":"//*[@id=\"application-manageresources-display-component---newResourceUnit--TYPE-arrow\"]"}
RESULT: {"using":"xpath","value":"//*[@id=\"application-manageresources-display-component---newResourceUnit--TYPE-arrow\"]"}
COMMAND: POST /session/a2e24c46187f551462858430ad77f0e2/element/f.C0C1CAF4A724E2CBF7E3AD8AD540F396.d.2F4A6F426FA33F4BB0FA52B98A6FBEE7.e.5797/click - {}
RESULT: {}
COMMAND: POST /session/a2e24c46187f551462858430ad77f0e2/element - {"using":"xpath","value":"//input[@id=\"application-manageresources-display-component---newResourceUnit--TYPE-inner\"]"}
COMMAND: GET /session/a2e24c46187f551462858430ad77f0e2/screenshot - {}
RESULT: {"using":"xpath","value":"//input[@id=\"application-manageresources-display-component---newResourceUnit--TYPE-inner\"]"}
COMMAND: POST /session/a2e24c46187f551462858430ad77f0e2/element/f.C0C1CAF4A724E2CBF7E3AD8AD540F396.d.2F4A6F426FA33F4BB0FA52B98A6FBEE7.e.5793/clear - {}
RESULT: {}
RESULT: {}
COMMAND: POST /session/a2e24c46187f551462858430ad77f0e2/element/f.C0C1CAF4A724E2CBF7E3AD8AD540F396.d.2F4A6F426FA33F4BB0FA52B98A6FBEE7.e.5793/value - {"text":"Material"}
COMMAND: GET /session/a2e24c46187f551462858430ad77f0e2/screenshot - {}
RESULT: {"text":"Material"}
COMMAND: GET /session/a2e24c46187f551462858430ad77f0e2/screenshot - {}
RESULT: {}
RESULT: {}
COMMAND: POST /session/a2e24c46187f551462858430ad77f0e2/actions - {"actions":[{"id":"action16","type":"key","parameters":{},"actions":[{"type":"keyDown","value":""},{"type":"pause","duration":10},{"type":"keyUp","value":""}]}]}
RESULT: {"actions":[{"id":"action16","type":"key","parameters":{},"actions":[{"type":"keyDown","value":""},{"type":"pause","duration":10},{"type":"keyUp","value":""}]}]}
COMMAND: POST /session/a2e24c46187f551462858430ad77f0e2/execute/async - {"script":"<script> [1562 bytes]","args":[{"selector":{"id":"application-manageresources-display-component---newResourceUnit--SHORT_TEXT","interaction":{"idSuffix":"inner"}},"wdio_ui5_key":"applicationmanageresources-display-component---newResourceUnit--SHORT_TEXT"}]}
COMMAND: GET /session/a2e24c46187f551462858430ad77f0e2/screenshot - {}
RESULT: {"script":"<script> [1562 bytes]","args":[{"selector":{"id":"application-manageresources-display-component---newResourceUnit--SHORT_TEXT","interaction":{"idSuffix":"inner"}},"wdio_ui5_key":"applicationmanageresources-display-component---newResourceUnit--SHORT_TEXT"}]}
RESULT: undefined
COMMAND: POST /session/a2e24c46187f551462858430ad77f0e2/execute/async - {"script":"<script> [776 bytes]","args":[{"enterText":"Cement WDIO","selector":{"id":"application-manageresources-display-component---newResourceUnit--SHORT_TEXT","interaction":{"idSuffix":"inner"}},"clearTextFirst":true,"interactionType":"ENTER_TEXT"}]}
RESULT: {}
RESULT: {"script":"<script> [776 bytes]","args":[{"enterText":"Cement WDIO","selector":{"id":"application-manageresources-display-component---newResourceUnit--SHORT_TEXT","interaction":{"idSuffix":"inner"}},"clearTextFirst":true,"interactionType":"ENTER_TEXT"}]}
COMMAND: POST /session/a2e24c46187f551462858430ad77f0e2/execute/async - {"script":"<script> [1562 bytes]","args":[{"selector":{"id":"application-manageresources-display-component---newResourceUnit--BASE_UNIT_OF_MEASURE","interaction":{"idSuffix":"inner"}},"wdio_ui5_key":"applicationmanageresources-display-component---newResourceUnit--BASE_UNIT_OF_MEASURE"}]}
RESULT: {"script":"<script> [1562 bytes]","args":[{"selector":{"id":"application-manageresources-display-component---newResourceUnit--BASE_UNIT_OF_MEASURE","interaction":{"idSuffix":"inner"}},"wdio_ui5_key":"applicationmanageresources-display-component---newResourceUnit--BASE_UNIT_OF_MEASURE"}]}
RESULT: undefined
COMMAND: POST /session/a2e24c46187f551462858430ad77f0e2/execute/async - {"script":"<script> [776 bytes]","args":[{"enterText":"Piece","selector":{"id":"application-manageresources-display-component---newResourceUnit--BASE_UNIT_OF_MEASURE","interaction":{"idSuffix":"inner"}},"clearTextFirst":true,"interactionType":"ENTER_TEXT"}]}
RESULT: {"script":"<script> [776 bytes]","args":[{"enterText":"Piece","selector":{"id":"application-manageresources-display-component---newResourceUnit--BASE_UNIT_OF_MEASURE","interaction":{"idSuffix":"inner"}},"clearTextFirst":true,"interactionType":"ENTER_TEXT"}]}
COMMAND: POST /session/a2e24c46187f551462858430ad77f0e2/execute/async - {"script":"<script> [1562 bytes]","args":[{"selector":{"id":"application-manageresources-display-component---newResourceUnit--WEIGHT_UNIT","interaction":{"idSuffix":"inner"}},"wdio_ui5_key":"applicationmanageresources-display-component---newResourceUnit--WEIGHT_UNIT"}]}
RESULT: {"script":"<script> [1562 bytes]","args":[{"selector":{"id":"application-manageresources-display-component---newResourceUnit--WEIGHT_UNIT","interaction":{"idSuffix":"inner"}},"wdio_ui5_key":"applicationmanageresources-display-component---newResourceUnit--WEIGHT_UNIT"}]}
RESULT: undefined
COMMAND: POST /session/a2e24c46187f551462858430ad77f0e2/execute/async - {"script":"<script> [776 bytes]","args":[{"enterText":"Gram","selector":{"id":"application-manageresources-display-component---newResourceUnit--WEIGHT_UNIT","interaction":{"idSuffix":"inner"}},"clearTextFirst":true,"interactionType":"ENTER_TEXT"}]}
RESULT: {"script":"<script> [776 bytes]","args":[{"enterText":"Gram","selector":{"id":"application-manageresources-display-component---newResourceUnit--WEIGHT_UNIT","interaction":{"idSuffix":"inner"}},"clearTextFirst":true,"interactionType":"ENTER_TEXT"}]}
COMMAND: POST /session/a2e24c46187f551462858430ad77f0e2/execute/async - {"script":"<script> [1562 bytes]","args":[{"selector":{"id":"application-manageresources-display-component---newResourceUnit--DIMENSION_UNIT","interaction":{"idSuffix":"inner"}},"wdio_ui5_key":"applicationmanageresources-display-component---newResourceUnit--DIMENSION_UNIT"}]}
RESULT: {"script":"<script> [1562 bytes]","args":[{"selector":{"id":"application-manageresources-display-component---newResourceUnit--DIMENSION_UNIT","interaction":{"idSuffix":"inner"}},"wdio_ui5_key":"applicationmanageresources-display-component---newResourceUnit--DIMENSION_UNIT"}]}
RESULT: undefined
COMMAND: POST /session/a2e24c46187f551462858430ad77f0e2/execute/async - {"script":"<script> [776 bytes]","args":[{"enterText":"Meter","selector":{"id":"application-manageresources-display-component---newResourceUnit--DIMENSION_UNIT","interaction":{"idSuffix":"inner"}},"clearTextFirst":true,"interactionType":"ENTER_TEXT"}]}
RESULT: {"script":"<script> [776 bytes]","args":[{"enterText":"Meter","selector":{"id":"application-manageresources-display-component---newResourceUnit--DIMENSION_UNIT","interaction":{"idSuffix":"inner"}},"clearTextFirst":true,"interactionType":"ENTER_TEXT"}]}
COMMAND: POST /session/a2e24c46187f551462858430ad77f0e2/execute/async - {"script":"<script> [1562 bytes]","args":[{"selector":{"id":"application-manageresources-display-component---newResourceUnit--newRRUPage-anchBar-application-manageresources-display-component---newResourceUnit--control-anchor","interaction":{"idSuffix":"BDI-content"}},"wdio_ui5_key":"applicationmanageresources-display-component---newResourceUnit--newRRUPage-anchBar-application-manageresources-display-component---newResourceUnit--control-anchor"}]}
RESULT: {"script":"<script> [1562 bytes]","args":[{"selector":{"id":"application-manageresources-display-component---newResourceUnit--newRRUPage-anchBar-application-manageresources-display-component---newResourceUnit--control-anchor","interaction":{"idSuffix":"BDI-content"}},"wdio_ui5_key":"applicationmanageresources-display-component---newResourceUnit--newRRUPage-anchBar-application-manageresources-display-component---newResourceUnit--control-anchor"}]}
RESULT: undefined
COMMAND: POST /session/a2e24c46187f551462858430ad77f0e2/element - {"using":"xpath","value":"//*[@id=\"application-manageresources-display-component---newResourceUnit--newRRUPage-anchBar-application-manageresources-display-component---newResourceUnit--control-anchor\"]"}
RESULT: {"using":"xpath","value":"//*[@id=\"application-manageresources-display-component---newResourceUnit--newRRUPage-anchBar-application-manageresources-display-component---newResourceUnit--control-anchor\"]"}
COMMAND: POST /session/a2e24c46187f551462858430ad77f0e2/element/f.C0C1CAF4A724E2CBF7E3AD8AD540F396.d.2F4A6F426FA33F4BB0FA52B98A6FBEE7.e.5928/click - {}
RESULT: {}
COMMAND: POST /session/a2e24c46187f551462858430ad77f0e2/execute/async - {"script":"<script> [1562 bytes]","args":[{"selector":{"id":"application-manageresources-display-component---newResourceUnit--PLANNING_GROUP","interaction":{"idSuffix":"inner"}},"wdio_ui5_key":"applicationmanageresources-display-component---newResourceUnit--PLANNING_GROUP"}]}
COMMAND: GET /session/a2e24c46187f551462858430ad77f0e2/screenshot - {}
RESULT: {"script":"<script> [1562 bytes]","args":[{"selector":{"id":"application-manageresources-display-component---newResourceUnit--PLANNING_GROUP","interaction":{"idSuffix":"inner"}},"wdio_ui5_key":"applicationmanageresources-display-component---newResourceUnit--PLANNING_GROUP"}]}
RESULT: undefined
COMMAND: POST /session/a2e24c46187f551462858430ad77f0e2/execute/async - {"script":"<script> [776 bytes]","args":[{"enterText":"Material","selector":{"id":"application-manageresources-display-component---newResourceUnit--PLANNING_GROUP","interaction":{"idSuffix":"inner"}},"clearTextFirst":true,"interactionType":"ENTER_TEXT"}]}
RESULT: {}
RESULT: {"script":"<script> [776 bytes]","args":[{"enterText":"Material","selector":{"id":"application-manageresources-display-component---newResourceUnit--PLANNING_GROUP","interaction":{"idSuffix":"inner"}},"clearTextFirst":true,"interactionType":"ENTER_TEXT"}]}
COMMAND: POST /session/a2e24c46187f551462858430ad77f0e2/execute/async - {"script":"<script> [1562 bytes]","args":[{"selector":{"id":"application-manageresources-display-component---newResourceUnit--PLANNING_INDICATOR","interaction":{"idSuffix":"inner"}},"wdio_ui5_key":"applicationmanageresources-display-component---newResourceUnit--PLANNING_INDICATOR"}]}
RESULT: {"script":"<script> [1562 bytes]","args":[{"selector":{"id":"application-manageresources-display-component---newResourceUnit--PLANNING_INDICATOR","interaction":{"idSuffix":"inner"}},"wdio_ui5_key":"applicationmanageresources-display-component---newResourceUnit--PLANNING_INDICATOR"}]}
RESULT: undefined
COMMAND: POST /session/a2e24c46187f551462858430ad77f0e2/execute/async - {"script":"<script> [776 bytes]","args":[{"enterText":"10 - infinite","selector":{"id":"application-manageresources-display-component---newResourceUnit--PLANNING_INDICATOR","interaction":{"idSuffix":"inner"}},"clearTextFirst":true,"interactionType":"ENTER_TEXT"}]}
RESULT: {"script":"<script> [776 bytes]","args":[{"enterText":"10 - infinite","selector":{"id":"application-manageresources-display-component---newResourceUnit--PLANNING_INDICATOR","interaction":{"idSuffix":"inner"}},"clearTextFirst":true,"interactionType":"ENTER_TEXT"}]}
COMMAND: POST /session/a2e24c46187f551462858430ad77f0e2/element - {"using":"css selector","value":"#application-manageresources-display-component---newResourceUnit--btnAddTimeSegment"}
RESULT: {"using":"css selector","value":"#application-manageresources-display-component---newResourceUnit--btnAddTimeSegment"}
COMMAND: GET /session/a2e24c46187f551462858430ad77f0e2/element/f.C0C1CAF4A724E2CBF7E3AD8AD540F396.d.2F4A6F426FA33F4BB0FA52B98A6FBEE7.e.5936/rect - {}
RESULT: {}
COMMAND: GET /session/a2e24c46187f551462858430ad77f0e2/window/rect - {}
RESULT: {}
COMMAND: POST /session/a2e24c46187f551462858430ad77f0e2/execute/sync - {"script":"<script> [92 bytes]","args":[]}
RESULT: {"script":"<script> [92 bytes]","args":[]}
COMMAND: POST /session/a2e24c46187f551462858430ad77f0e2/actions - {"actions":[{"id":"action17","type":"wheel","parameters":{},"actions":[{"type":"scroll","x":-1888,"y":-32,"deltaX":0,"deltaY":0,"duration":0,"origin":{"element-6066-11e4-a52e-4f735466cecf":"f.C0C1CAF4A724E2CBF7E3AD8AD540F396.d.2F4A6F426FA33F4BB0FA52B98A6FBEE7.e.5936"}}]}]}
COMMAND: GET /session/a2e24c46187f551462858430ad77f0e2/screenshot - {}
RESULT: {}
COMMAND: POST /session/a2e24c46187f551462858430ad77f0e2/execute/sync - {"script":"<script> [79 bytes]","args":[{"element-6066-11e4-a52e-4f735466cecf":"f.C0C1CAF4A724E2CBF7E3AD8AD540F396.d.2F4A6F426FA33F4BB0FA52B98A6FBEE7.e.5936","ELEMENT":"f.C0C1CAF4A724E2CBF7E3AD8AD540F396.d.2F4A6F426FA33F4BB0FA52B98A6FBEE7.e.5936"},{"block":"start","inline":"nearest"}]}
RESULT: {"script":"<script> [79 bytes]","args":[{"element-6066-11e4-a52e-4f735466cecf":"f.C0C1CAF4A724E2CBF7E3AD8AD540F396.d.2F4A6F426FA33F4BB0FA52B98A6FBEE7.e.5936","ELEMENT":"f.C0C1CAF4A724E2CBF7E3AD8AD540F396.d.2F4A6F426FA33F4BB0FA52B98A6FBEE7.e.5936"},{"block":"start","inline":"nearest"}]}
COMMAND: POST /session/a2e24c46187f551462858430ad77f0e2/execute/async - {"script":"<script> [1562 bytes]","args":[{"selector":{"id":"application-manageresources-display-component---newResourceUnit--btnAddTimeSegment","interaction":{"idSuffix":"inner"}},"wdio_ui5_key":"applicationmanageresources-display-component---newResourceUnit--btnAddTimeSegment"}]}
COMMAND: GET /session/a2e24c46187f551462858430ad77f0e2/screenshot - {}
RESULT: {"script":"<script> [1562 bytes]","args":[{"selector":{"id":"application-manageresources-display-component---newResourceUnit--btnAddTimeSegment","interaction":{"idSuffix":"inner"}},"wdio_ui5_key":"applicationmanageresources-display-component---newResourceUnit--btnAddTimeSegment"}]}
RESULT: undefined
COMMAND: POST /session/a2e24c46187f551462858430ad77f0e2/element - {"using":"xpath","value":"//*[@id=\"application-manageresources-display-component---newResourceUnit--btnAddTimeSegment\"]"}
RESULT: {}
RESULT: {"using":"xpath","value":"//*[@id=\"application-manageresources-display-component---newResourceUnit--btnAddTimeSegment\"]"}
COMMAND: POST /session/a2e24c46187f551462858430ad77f0e2/element/f.C0C1CAF4A724E2CBF7E3AD8AD540F396.d.2F4A6F426FA33F4BB0FA52B98A6FBEE7.e.5936/click - {}
RESULT: {}
COMMAND: GET /session/a2e24c46187f551462858430ad77f0e2/screenshot - {}
RESULT: {}
COMMAND: POST /session/a2e24c46187f551462858430ad77f0e2/element - {"using":"xpath","value":"//input[@id=\"application-manageresources-display-component---newResourceUnit--idRuTSAdmin-application-manageresources-display-component---newResourceUnit--RUTimeSegment-0-inner\"]"}
RESULT: {"using":"xpath","value":"//input[@id=\"application-manageresources-display-component---newResourceUnit--idRuTSAdmin-application-manageresources-display-component---newResourceUnit--RUTimeSegment-0-inner\"]"}
COMMAND: POST /session/a2e24c46187f551462858430ad77f0e2/element/f.C0C1CAF4A724E2CBF7E3AD8AD540F396.d.2F4A6F426FA33F4BB0FA52B98A6FBEE7.e.5941/clear - {}
RESULT: {}
COMMAND: POST /session/a2e24c46187f551462858430ad77f0e2/element/f.C0C1CAF4A724E2CBF7E3AD8AD540F396.d.2F4A6F426FA33F4BB0FA52B98A6FBEE7.e.5941/value - {"text":"424"}
COMMAND: GET /session/a2e24c46187f551462858430ad77f0e2/screenshot - {}
RESULT: {"text":"424"}
COMMAND: GET /session/a2e24c46187f551462858430ad77f0e2/screenshot - {}
RESULT: {}
RESULT: {}
COMMAND: POST /session/a2e24c46187f551462858430ad77f0e2/element - {"using":"xpath","value":"//li[.//span[text()='424']]"}
RESULT: {"using":"xpath","value":"//li[.//span[text()='424']]"}
COMMAND: POST /session/a2e24c46187f551462858430ad77f0e2/element/f.C0C1CAF4A724E2CBF7E3AD8AD540F396.d.2F4A6F426FA33F4BB0FA52B98A6FBEE7.e.5952/click - {}
RESULT: {}
COMMAND: GET /session/a2e24c46187f551462858430ad77f0e2/screenshot - {}
RESULT: {}
COMMAND: POST /session/a2e24c46187f551462858430ad77f0e2/element - {"using":"xpath","value":"//*[contains(text(), \"Catalogs\")][contains(@id ,\"application-manageresources-display-component---newResourceUnit--newRRUPage-anchBar\")]"}
RESULT: {"using":"xpath","value":"//*[contains(text(), \"Catalogs\")][contains(@id ,\"application-manageresources-display-component---newResourceUnit--newRRUPage-anchBar\")]"}
COMMAND: POST /session/a2e24c46187f551462858430ad77f0e2/element/f.C0C1CAF4A724E2CBF7E3AD8AD540F396.d.2F4A6F426FA33F4BB0FA52B98A6FBEE7.e.5953/click - {}
RESULT: {}
COMMAND: GET /session/a2e24c46187f551462858430ad77f0e2/screenshot - {}
RESULT: {}
COMMAND: POST /session/a2e24c46187f551462858430ad77f0e2/element - {"using":"xpath","value":"//*[contains(text(), \"Assign\")][contains(@id ,\"button\")]"}
RESULT: {"using":"xpath","value":"//*[contains(text(), \"Assign\")][contains(@id ,\"button\")]"}
COMMAND: POST /session/a2e24c46187f551462858430ad77f0e2/element/f.C0C1CAF4A724E2CBF7E3AD8AD540F396.d.2F4A6F426FA33F4BB0FA52B98A6FBEE7.e.5957/click - {}
RESULT: {}
COMMAND: GET /session/a2e24c46187f551462858430ad77f0e2/screenshot - {}
RESULT: {}
COMMAND: POST /session/a2e24c46187f551462858430ad77f0e2/element - {"using":"xpath","value":"//span[@id = \"application-manageresources-display-component---newResourceUnit--catalogSelect-arrow\"]"}
RESULT: {"using":"xpath","value":"//span[@id = \"application-manageresources-display-component---newResourceUnit--catalogSelect-arrow\"]"}
COMMAND: POST /session/a2e24c46187f551462858430ad77f0e2/element/f.C0C1CAF4A724E2CBF7E3AD8AD540F396.d.2F4A6F426FA33F4BB0FA52B98A6FBEE7.e.5965/click - {}
RESULT: {}
COMMAND: GET /session/a2e24c46187f551462858430ad77f0e2/screenshot - {}
RESULT: {}
COMMAND: POST /session/a2e24c46187f551462858430ad77f0e2/element - {"using":"xpath","value":"//li[.//span[text()=\"Webshop Catalog\"]]"}
RESULT: {"using":"xpath","value":"//li[.//span[text()=\"Webshop Catalog\"]]"}
COMMAND: POST /session/a2e24c46187f551462858430ad77f0e2/element/f.C0C1CAF4A724E2CBF7E3AD8AD540F396.d.2F4A6F426FA33F4BB0FA52B98A6FBEE7.e.5966/click - {}
RESULT: {}
COMMAND: GET /session/a2e24c46187f551462858430ad77f0e2/screenshot - {}
RESULT: {}
COMMAND: POST /session/a2e24c46187f551462858430ad77f0e2/element - {"using":"xpath","value":"//span[@id = \"application-manageresources-display-component---newResourceUnit--catalogItemSelect-arrow\"]"}
RESULT: {"using":"xpath","value":"//span[@id = \"application-manageresources-display-component---newResourceUnit--catalogItemSelect-arrow\"]"}
COMMAND: POST /session/a2e24c46187f551462858430ad77f0e2/element/f.C0C1CAF4A724E2CBF7E3AD8AD540F396.d.2F4A6F426FA33F4BB0FA52B98A6FBEE7.e.5967/click - {}
RESULT: {}
COMMAND: GET /session/a2e24c46187f551462858430ad77f0e2/screenshot - {}
RESULT: {}
COMMAND: POST /session/a2e24c46187f551462858430ad77f0e2/element - {"using":"xpath","value":"//li[.//span[text()=\"Concert - Concert \"]]"}
RESULT: {"using":"xpath","value":"//li[.//span[text()=\"Concert - Concert \"]]"}
COMMAND: POST /session/a2e24c46187f551462858430ad77f0e2/element/f.C0C1CAF4A724E2CBF7E3AD8AD540F396.d.2F4A6F426FA33F4BB0FA52B98A6FBEE7.e.5968/click - {}
RESULT: {}
COMMAND: GET /session/a2e24c46187f551462858430ad77f0e2/screenshot - {}
RESULT: {}
COMMAND: POST /session/a2e24c46187f551462858430ad77f0e2/execute/async - {"script":"<script> [1562 bytes]","args":[{"selector":{"id":"application-manageresources-display-component---newResourceUnit--RUAssignmentSaveButton","searchOpenDialogs":true,"interaction":{"idSuffix":"BDI-content"}},"wdio_ui5_key":"applicationmanageresources-display-component---newResourceUnit--RUAssignmentSaveButton"}]}
RESULT: {"script":"<script> [1562 bytes]","args":[{"selector":{"id":"application-manageresources-display-component---newResourceUnit--RUAssignmentSaveButton","searchOpenDialogs":true,"interaction":{"idSuffix":"BDI-content"}},"wdio_ui5_key":"applicationmanageresources-display-component---newResourceUnit--RUAssignmentSaveButton"}]}
RESULT: undefined
COMMAND: POST /session/a2e24c46187f551462858430ad77f0e2/element - {"using":"xpath","value":"//*[@id=\"application-manageresources-display-component---newResourceUnit--RUAssignmentSaveButton\"]"}
RESULT: {"using":"xpath","value":"//*[@id=\"application-manageresources-display-component---newResourceUnit--RUAssignmentSaveButton\"]"}
COMMAND: POST /session/a2e24c46187f551462858430ad77f0e2/element/f.C0C1CAF4A724E2CBF7E3AD8AD540F396.d.2F4A6F426FA33F4BB0FA52B98A6FBEE7.e.5984/click - {}
RESULT: {}
COMMAND: GET /session/a2e24c46187f551462858430ad77f0e2/screenshot - {}
RESULT: {}
COMMAND: POST /session/a2e24c46187f551462858430ad77f0e2/element - {"using":"xpath","value":"//button[@data-kt=\"resourceUnitSaveButton\"]"}
RESULT: {"using":"xpath","value":"//button[@data-kt=\"resourceUnitSaveButton\"]"}
COMMAND: POST /session/a2e24c46187f551462858430ad77f0e2/element/f.C0C1CAF4A724E2CBF7E3AD8AD540F396.d.2F4A6F426FA33F4BB0FA52B98A6FBEE7.e.5814/click - {}
RESULT: {}
COMMAND: GET /session/a2e24c46187f551462858430ad77f0e2/screenshot - {}
RESULT: {}
COMMAND: POST /session/a2e24c46187f551462858430ad77f0e2/element - {"using":"xpath","value":"//bdi[contains(text(), \"Close\")]"}
RESULT: {"using":"xpath","value":"//bdi[contains(text(), \"Close\")]"}
COMMAND: POST /session/a2e24c46187f551462858430ad77f0e2/element/f.C0C1CAF4A724E2CBF7E3AD8AD540F396.d.2F4A6F426FA33F4BB0FA52B98A6FBEE7.e.5993/click - {}
RESULT: {}
COMMAND: GET /session/a2e24c46187f551462858430ad77f0e2/screenshot - {}
RESULT: {}
COMMAND: POST /session/a2e24c46187f551462858430ad77f0e2/element - {"using":"xpath","value":"//header[contains(@id, 'detailRruPage-headerTitle')]/div[1]/div[2]/div[2]/span[1]"}
RESULT: {"using":"xpath","value":"//header[contains(@id, 'detailRruPage-headerTitle')]/div[1]/div[2]/div[2]/span[1]"}
COMMAND: POST /session/a2e24c46187f551462858430ad77f0e2/elements - {"using":"xpath","value":"//header[contains(@id, 'detailRruPage-headerTitle')]/div[1]/div[2]/div[2]/span[1]"}
RESULT: {"using":"xpath","value":"//header[contains(@id, 'detailRruPage-headerTitle')]/div[1]/div[2]/div[2]/span[1]"}
COMMAND: POST /session/a2e24c46187f551462858430ad77f0e2/execute/sync - {"script":"<script> [56 bytes]","args":[{"element-6066-11e4-a52e-4f735466cecf":"f.C0C1CAF4A724E2CBF7E3AD8AD540F396.d.2F4A6F426FA33F4BB0FA52B98A6FBEE7.e.6019","ELEMENT":"f.C0C1CAF4A724E2CBF7E3AD8AD540F396.d.2F4A6F426FA33F4BB0FA52B98A6FBEE7.e.6019"}]}
RESULT: {"script":"<script> [56 bytes]","args":[{"element-6066-11e4-a52e-4f735466cecf":"f.C0C1CAF4A724E2CBF7E3AD8AD540F396.d.2F4A6F426FA33F4BB0FA52B98A6FBEE7.e.6019","ELEMENT":"f.C0C1CAF4A724E2CBF7E3AD8AD540F396.d.2F4A6F426FA33F4BB0FA52B98A6FBEE7.e.6019"}]}
COMMAND: POST /session/a2e24c46187f551462858430ad77f0e2/element - {"using":"css selector","value":"#shell-header-logo"}
COMMAND: GET /session/a2e24c46187f551462858430ad77f0e2/screenshot - {}
RESULT: {"using":"css selector","value":"#shell-header-logo"}
COMMAND: POST /session/a2e24c46187f551462858430ad77f0e2/element/f.C0C1CAF4A724E2CBF7E3AD8AD540F396.d.2F4A6F426FA33F4BB0FA52B98A6FBEE7.e.5413/click - {}
RESULT: {}
RESULT: {}
COMMAND: GET /session/a2e24c46187f551462858430ad77f0e2/screenshot - {}
RESULT: {}
]]></system-out>
    </testcase>
    <testcase classname="chrome.136_0_7103_93.windows.Yard_Overview_Autoplanning_US130989" name="Should create a new request and add the material" time="100.973">
      <system-out><![CDATA[
COMMAND: POST /session/a2e24c46187f551462858430ad77f0e2/execute/async - {"script":"<script> [1562 bytes]","args":[{"selector":{"controlType":"sap.m.GenericTile","properties":{"header":"Manage Requests"}},"wdio_ui5_key":"sapm.GenericTile{\"header\":\"Manage Requests\"}"}]}
RESULT: {"script":"<script> [1562 bytes]","args":[{"selector":{"controlType":"sap.m.GenericTile","properties":{"header":"Manage Requests"}},"wdio_ui5_key":"sapm.GenericTile{\"header\":\"Manage Requests\"}"}]}
RESULT: undefined
COMMAND: POST /session/a2e24c46187f551462858430ad77f0e2/element - {"using":"xpath","value":"//*[@id=\"__tile47\"]"}
RESULT: {"using":"xpath","value":"//*[@id=\"__tile47\"]"}
COMMAND: POST /session/a2e24c46187f551462858430ad77f0e2/element/f.C0C1CAF4A724E2CBF7E3AD8AD540F396.d.2F4A6F426FA33F4BB0FA52B98A6FBEE7.e.5390/click - {}
RESULT: {}
COMMAND: GET /session/a2e24c46187f551462858430ad77f0e2/screenshot - {}
RESULT: {}
COMMAND: POST /session/a2e24c46187f551462858430ad77f0e2/elements - {"using":"xpath","value":"//span[text()='Error']"}
RESULT: {"using":"xpath","value":"//span[text()='Error']"}
COMMAND: POST /session/a2e24c46187f551462858430ad77f0e2/execute/async - {"script":"<script> [1562 bytes]","args":[{"selector":{"id":"btnCreateNew","viewName":"etm.portal.ui.managerequests.view.Master","interaction":{"idSuffix":"inner"}},"wdio_ui5_key":"btnCreateNewetmportal.ui.managerequests.view.Master"}]}
RESULT: {"script":"<script> [1562 bytes]","args":[{"selector":{"id":"btnCreateNew","viewName":"etm.portal.ui.managerequests.view.Master","interaction":{"idSuffix":"inner"}},"wdio_ui5_key":"btnCreateNewetmportal.ui.managerequests.view.Master"}]}
RESULT: undefined
COMMAND: POST /session/a2e24c46187f551462858430ad77f0e2/element - {"using":"xpath","value":"//*[@id=\"__xmlview58--btnCreateNew\"]"}
RESULT: {"using":"xpath","value":"//*[@id=\"__xmlview58--btnCreateNew\"]"}
COMMAND: POST /session/a2e24c46187f551462858430ad77f0e2/element/f.C0C1CAF4A724E2CBF7E3AD8AD540F396.d.2F4A6F426FA33F4BB0FA52B98A6FBEE7.e.6090/click - {}
RESULT: {}
COMMAND: GET /session/a2e24c46187f551462858430ad77f0e2/screenshot - {}
RESULT: {}
COMMAND: POST /session/a2e24c46187f551462858430ad77f0e2/execute/async - {"script":"<script> [1562 bytes]","args":[{"selector":{"controlType":"sap.ui.core.Icon","viewName":"etm.portal.ui.managerequests.view.NewRequest","properties":{"src":{"regex":{"source":"full\\-screen"}}}},"wdio_ui5_key":"etmportal.ui.managerequests.view.NewRequestsap.ui.core.Icon{\"src\":{\"regex\":{\"source\":\"full\\\\-screen\"}}}"}]}
RESULT: {"script":"<script> [1562 bytes]","args":[{"selector":{"controlType":"sap.ui.core.Icon","viewName":"etm.portal.ui.managerequests.view.NewRequest","properties":{"src":{"regex":{"source":"full\\-screen"}}}},"wdio_ui5_key":"etmportal.ui.managerequests.view.NewRequestsap.ui.core.Icon{\"src\":{\"regex\":{\"source\":\"full\\\\-screen\"}}}"}]}
RESULT: undefined
COMMAND: POST /session/a2e24c46187f551462858430ad77f0e2/element - {"using":"xpath","value":"//*[@id=\"__button83-img\"]"}
RESULT: {"using":"xpath","value":"//*[@id=\"__button83-img\"]"}
COMMAND: POST /session/a2e24c46187f551462858430ad77f0e2/element/f.C0C1CAF4A724E2CBF7E3AD8AD540F396.d.2F4A6F426FA33F4BB0FA52B98A6FBEE7.e.6499/click - {}
RESULT: {}
COMMAND: GET /session/a2e24c46187f551462858430ad77f0e2/screenshot - {}
RESULT: {}
COMMAND: POST /session/a2e24c46187f551462858430ad77f0e2/element - {"using":"xpath","value":"//input[contains(@id ,\"yardId-inner\")]"}
RESULT: {"using":"xpath","value":"//input[contains(@id ,\"yardId-inner\")]"}
COMMAND: POST /session/a2e24c46187f551462858430ad77f0e2/element/f.C0C1CAF4A724E2CBF7E3AD8AD540F396.d.2F4A6F426FA33F4BB0FA52B98A6FBEE7.e.6368/value - {"text":"424"}
RESULT: {"text":"424"}
COMMAND: GET /session/a2e24c46187f551462858430ad77f0e2/screenshot - {}
RESULT: {}
COMMAND: POST /session/a2e24c46187f551462858430ad77f0e2/element - {"using":"xpath","value":"//li[.//span[text()='424']]"}
RESULT: {"using":"xpath","value":"//li[.//span[text()='424']]"}
COMMAND: POST /session/a2e24c46187f551462858430ad77f0e2/element/f.C0C1CAF4A724E2CBF7E3AD8AD540F396.d.2F4A6F426FA33F4BB0FA52B98A6FBEE7.e.6544/click - {}
RESULT: {}
COMMAND: GET /session/a2e24c46187f551462858430ad77f0e2/screenshot - {}
RESULT: {}
COMMAND: POST /session/a2e24c46187f551462858430ad77f0e2/element - {"using":"xpath","value":"//input[contains(@id ,\"customerNumber-inner\")]"}
RESULT: {"using":"xpath","value":"//input[contains(@id ,\"customerNumber-inner\")]"}
COMMAND: POST /session/a2e24c46187f551462858430ad77f0e2/element/f.C0C1CAF4A724E2CBF7E3AD8AD540F396.d.2F4A6F426FA33F4BB0FA52B98A6FBEE7.e.6362/clear - {}
RESULT: {}
COMMAND: POST /session/a2e24c46187f551462858430ad77f0e2/element/f.C0C1CAF4A724E2CBF7E3AD8AD540F396.d.2F4A6F426FA33F4BB0FA52B98A6FBEE7.e.6362/value - {"text":"1236"}
COMMAND: GET /session/a2e24c46187f551462858430ad77f0e2/screenshot - {}
RESULT: {"text":"1236"}
COMMAND: GET /session/a2e24c46187f551462858430ad77f0e2/screenshot - {}
RESULT: {}
RESULT: {}
COMMAND: POST /session/a2e24c46187f551462858430ad77f0e2/element - {"using":"xpath","value":"//li[.//span[text()='1236']]"}
RESULT: {"using":"xpath","value":"//li[.//span[text()='1236']]"}
COMMAND: POST /session/a2e24c46187f551462858430ad77f0e2/element/f.C0C1CAF4A724E2CBF7E3AD8AD540F396.d.2F4A6F426FA33F4BB0FA52B98A6FBEE7.e.6546/click - {}
RESULT: {}
COMMAND: GET /session/a2e24c46187f551462858430ad77f0e2/screenshot - {}
RESULT: {}
COMMAND: POST /session/a2e24c46187f551462858430ad77f0e2/element - {"using":"xpath","value":"//button[contains(@id ,\"btnAddTableRow\")]"}
RESULT: {"using":"xpath","value":"//button[contains(@id ,\"btnAddTableRow\")]"}
COMMAND: POST /session/a2e24c46187f551462858430ad77f0e2/element/f.C0C1CAF4A724E2CBF7E3AD8AD540F396.d.2F4A6F426FA33F4BB0FA52B98A6FBEE7.e.6340/click - {}
RESULT: {}
COMMAND: GET /session/a2e24c46187f551462858430ad77f0e2/screenshot - {}
RESULT: {}
COMMAND: POST /session/a2e24c46187f551462858430ad77f0e2/actions - {"actions":[{"id":"action18","type":"key","parameters":{},"actions":[{"type":"keyDown","value":""},{"type":"pause","duration":10},{"type":"keyUp","value":""}]}]}
RESULT: {"actions":[{"id":"action18","type":"key","parameters":{},"actions":[{"type":"keyDown","value":""},{"type":"pause","duration":10},{"type":"keyUp","value":""}]}]}
COMMAND: POST /session/a2e24c46187f551462858430ad77f0e2/actions - {"actions":[{"id":"action19","type":"key","parameters":{},"actions":[{"type":"keyDown","value":""},{"type":"pause","duration":10},{"type":"keyUp","value":""}]}]}
COMMAND: GET /session/a2e24c46187f551462858430ad77f0e2/screenshot - {}
RESULT: {"actions":[{"id":"action19","type":"key","parameters":{},"actions":[{"type":"keyDown","value":""},{"type":"pause","duration":10},{"type":"keyUp","value":""}]}]}
COMMAND: GET /session/a2e24c46187f551462858430ad77f0e2/screenshot - {}
RESULT: {}
RESULT: {}
COMMAND: POST /session/a2e24c46187f551462858430ad77f0e2/element - {"using":"xpath","value":"//table[contains(@id, \"requestItemsTable-listUl\")]//tbody/tr[1]/td[3]/div/div/input"}
RESULT: {"using":"xpath","value":"//table[contains(@id, \"requestItemsTable-listUl\")]//tbody/tr[1]/td[3]/div/div/input"}
COMMAND: POST /session/a2e24c46187f551462858430ad77f0e2/element/f.C0C1CAF4A724E2CBF7E3AD8AD540F396.d.2F4A6F426FA33F4BB0FA52B98A6FBEE7.e.6550/clear - {}
RESULT: {}
COMMAND: POST /session/a2e24c46187f551462858430ad77f0e2/element/f.C0C1CAF4A724E2CBF7E3AD8AD540F396.d.2F4A6F426FA33F4BB0FA52B98A6FBEE7.e.6550/value - {"text":"Concert"}
COMMAND: GET /session/a2e24c46187f551462858430ad77f0e2/screenshot - {}
RESULT: {"text":"Concert"}
COMMAND: GET /session/a2e24c46187f551462858430ad77f0e2/screenshot - {}
RESULT: {}
RESULT: {}
COMMAND: POST /session/a2e24c46187f551462858430ad77f0e2/element - {"using":"xpath","value":"//li[.//span[contains(text(), \"Concert\")]]"}
RESULT: {"using":"xpath","value":"//li[.//span[contains(text(), \"Concert\")]]"}
COMMAND: POST /session/a2e24c46187f551462858430ad77f0e2/element/f.C0C1CAF4A724E2CBF7E3AD8AD540F396.d.2F4A6F426FA33F4BB0FA52B98A6FBEE7.e.6562/click - {}
RESULT: {}
COMMAND: GET /session/a2e24c46187f551462858430ad77f0e2/screenshot - {}
RESULT: {}
COMMAND: POST /session/a2e24c46187f551462858430ad77f0e2/execute/async - {"script":"<script> [1562 bytes]","args":[{"selector":{"controlType":"sap.ui.core.Icon","viewName":"etm.portal.ui.managerequests.view.NewRequest","properties":{"src":{"regex":{"source":"message\\-error"}}},"ancestor":{"controlType":"sap.m.ColumnListItem","viewName":"etm.portal.ui.managerequests.view.NewRequest","bindingPath":{"modelName":"newRequestItems","path":"/RequestItems/0"},"ancestor":{"id":"requestItemsTable","viewName":"etm.portal.ui.managerequests.view.NewRequest"}}},"wdio_ui5_key":"etmportal.ui.managerequests.view.NewRequestsap.ui.core.Icon{\"src\":{\"regex\":{\"source\":\"message\\\\-error\"}}}{\"controlType\":\"sap.m.ColumnListItem\",\"viewName\":\"etm.portal.ui.managerequests.view.NewRequest\",\"bindingPath\":{\"modelName\":\"newRequestItems\",\"path\":\"/RequestItems/0\"},\"ancestor\":{\"id\":\"requestItemsTable\",\"viewName\":\"etm.portal.ui.managerequests.view.NewRequest\"}}"}]}
RESULT: {"script":"<script> [1562 bytes]","args":[{"selector":{"controlType":"sap.ui.core.Icon","viewName":"etm.portal.ui.managerequests.view.NewRequest","properties":{"src":{"regex":{"source":"message\\-error"}}},"ancestor":{"controlType":"sap.m.ColumnListItem","viewName":"etm.portal.ui.managerequests.view.NewRequest","bindingPath":{"modelName":"newRequestItems","path":"/RequestItems/0"},"ancestor":{"id":"requestItemsTable","viewName":"etm.portal.ui.managerequests.view.NewRequest"}}},"wdio_ui5_key":"etmportal.ui.managerequests.view.NewRequestsap.ui.core.Icon{\"src\":{\"regex\":{\"source\":\"message\\\\-error\"}}}{\"controlType\":\"sap.m.ColumnListItem\",\"viewName\":\"etm.portal.ui.managerequests.view.NewRequest\",\"bindingPath\":{\"modelName\":\"newRequestItems\",\"path\":\"/RequestItems/0\"},\"ancestor\":{\"id\":\"requestItemsTable\",\"viewName\":\"etm.portal.ui.managerequests.view.NewRequest\"}}"}]}
RESULT: undefined
COMMAND: POST /session/a2e24c46187f551462858430ad77f0e2/element - {"using":"xpath","value":"//*[@id=\"__status10-__xmlview59--requestItemsTable-0-icon\"]"}
RESULT: {"using":"xpath","value":"//*[@id=\"__status10-__xmlview59--requestItemsTable-0-icon\"]"}
COMMAND: POST /session/a2e24c46187f551462858430ad77f0e2/element/f.C0C1CAF4A724E2CBF7E3AD8AD540F396.d.2F4A6F426FA33F4BB0FA52B98A6FBEE7.e.6563/click - {}
RESULT: {}
COMMAND: POST /session/a2e24c46187f551462858430ad77f0e2/execute/async - {"script":"<script> [1562 bytes]","args":[{"selector":{"controlType":"sap.ui.core.Icon","viewName":"etm.portal.ui.managerequests.view.NewRequest","properties":{"src":{"regex":{"source":"slim\\-arrow\\-down"}}},"searchOpenDialogs":true,"ancestor":{"id":"costObjectAdminTypeComboBox","viewName":"etm.portal.ui.managerequests.view.NewRequest","searchOpenDialogs":true}},"wdio_ui5_key":"etmportal.ui.managerequests.view.NewRequestsap.ui.core.Icon{\"src\":{\"regex\":{\"source\":\"slim\\\\-arrow\\\\-down\"}}}{\"id\":\"costObjectAdminTypeComboBox\",\"viewName\":\"etm.portal.ui.managerequests.view.NewRequest\",\"searchOpenDialogs\":true}"}]}
COMMAND: GET /session/a2e24c46187f551462858430ad77f0e2/screenshot - {}
RESULT: {"script":"<script> [1562 bytes]","args":[{"selector":{"controlType":"sap.ui.core.Icon","viewName":"etm.portal.ui.managerequests.view.NewRequest","properties":{"src":{"regex":{"source":"slim\\-arrow\\-down"}}},"searchOpenDialogs":true,"ancestor":{"id":"costObjectAdminTypeComboBox","viewName":"etm.portal.ui.managerequests.view.NewRequest","searchOpenDialogs":true}},"wdio_ui5_key":"etmportal.ui.managerequests.view.NewRequestsap.ui.core.Icon{\"src\":{\"regex\":{\"source\":\"slim\\\\-arrow\\\\-down\"}}}{\"id\":\"costObjectAdminTypeComboBox\",\"viewName\":\"etm.portal.ui.managerequests.view.NewRequest\",\"searchOpenDialogs\":true}"}]}
RESULT: undefined
COMMAND: POST /session/a2e24c46187f551462858430ad77f0e2/element - {"using":"xpath","value":"//*[@id=\"__xmlview59--costObjectAdminTypeComboBox-arrow\"]"}
RESULT: {}
RESULT: {"using":"xpath","value":"//*[@id=\"__xmlview59--costObjectAdminTypeComboBox-arrow\"]"}
COMMAND: POST /session/a2e24c46187f551462858430ad77f0e2/element/f.C0C1CAF4A724E2CBF7E3AD8AD540F396.d.2F4A6F426FA33F4BB0FA52B98A6FBEE7.e.6568/click - {}
RESULT: {}
COMMAND: GET /session/a2e24c46187f551462858430ad77f0e2/screenshot - {}
RESULT: {}
COMMAND: POST /session/a2e24c46187f551462858430ad77f0e2/execute/async - {"script":"<script> [1562 bytes]","args":[{"selector":{"controlType":"sap.m.StandardListItem","viewName":"etm.portal.ui.managerequests.view.NewRequest","properties":{"title":"Cost Center"},"searchOpenDialogs":true,"interaction":{"idSuffix":"content"}},"wdio_ui5_key":"etmportal.ui.managerequests.view.NewRequestsap.m.StandardListItem{\"title\":\"Cost Center\"}"}]}
RESULT: {"script":"<script> [1562 bytes]","args":[{"selector":{"controlType":"sap.m.StandardListItem","viewName":"etm.portal.ui.managerequests.view.NewRequest","properties":{"title":"Cost Center"},"searchOpenDialogs":true,"interaction":{"idSuffix":"content"}},"wdio_ui5_key":"etmportal.ui.managerequests.view.NewRequestsap.m.StandardListItem{\"title\":\"Cost Center\"}"}]}
RESULT: undefined
COMMAND: POST /session/a2e24c46187f551462858430ad77f0e2/element - {"using":"xpath","value":"//*[@id=\"__item1477\"]"}
RESULT: {"using":"xpath","value":"//*[@id=\"__item1477\"]"}
COMMAND: POST /session/a2e24c46187f551462858430ad77f0e2/element/f.C0C1CAF4A724E2CBF7E3AD8AD540F396.d.2F4A6F426FA33F4BB0FA52B98A6FBEE7.e.6571/click - {}
RESULT: {}
COMMAND: GET /session/a2e24c46187f551462858430ad77f0e2/screenshot - {}
RESULT: {}
COMMAND: POST /session/a2e24c46187f551462858430ad77f0e2/execute/async - {"script":"<script> [1562 bytes]","args":[{"selector":{"controlType":"sap.m.Button","viewName":"etm.portal.ui.managerequests.view.NewRequest","i18NText":{"propertyName":"text","key":"save"},"searchOpenDialogs":true,"interaction":{"idSuffix":"inner"}},"wdio_ui5_key":"etmportal.ui.managerequests.view.NewRequestsap.m.Button{\"propertyName\":\"text\",\"key\":\"save\"}"}]}
RESULT: {"script":"<script> [1562 bytes]","args":[{"selector":{"controlType":"sap.m.Button","viewName":"etm.portal.ui.managerequests.view.NewRequest","i18NText":{"propertyName":"text","key":"save"},"searchOpenDialogs":true,"interaction":{"idSuffix":"inner"}},"wdio_ui5_key":"etmportal.ui.managerequests.view.NewRequestsap.m.Button{\"propertyName\":\"text\",\"key\":\"save\"}"}]}
RESULT: undefined
COMMAND: POST /session/a2e24c46187f551462858430ad77f0e2/element - {"using":"xpath","value":"//*[@id=\"__button101\"]"}
RESULT: {"using":"xpath","value":"//*[@id=\"__button101\"]"}
COMMAND: POST /session/a2e24c46187f551462858430ad77f0e2/element/f.C0C1CAF4A724E2CBF7E3AD8AD540F396.d.2F4A6F426FA33F4BB0FA52B98A6FBEE7.e.6579/click - {}
RESULT: {}
COMMAND: GET /session/a2e24c46187f551462858430ad77f0e2/screenshot - {}
RESULT: {}
COMMAND: POST /session/a2e24c46187f551462858430ad77f0e2/execute/async - {"script":"<script> [1562 bytes]","args":[{"selector":{"controlType":"sap.m.Button","viewName":"etm.portal.ui.managerequests.view.NewRequest","i18NText":{"propertyName":"tooltip","key":"save"},"interaction":{"idSuffix":"BDI-content"}},"wdio_ui5_key":"etmportal.ui.managerequests.view.NewRequestsap.m.Button{\"propertyName\":\"tooltip\",\"key\":\"save\"}"}]}
RESULT: {"script":"<script> [1562 bytes]","args":[{"selector":{"controlType":"sap.m.Button","viewName":"etm.portal.ui.managerequests.view.NewRequest","i18NText":{"propertyName":"tooltip","key":"save"},"interaction":{"idSuffix":"BDI-content"}},"wdio_ui5_key":"etmportal.ui.managerequests.view.NewRequestsap.m.Button{\"propertyName\":\"tooltip\",\"key\":\"save\"}"}]}
RESULT: undefined
COMMAND: POST /session/a2e24c46187f551462858430ad77f0e2/element - {"using":"xpath","value":"//*[@id=\"__button90\"]"}
RESULT: {"using":"xpath","value":"//*[@id=\"__button90\"]"}
COMMAND: POST /session/a2e24c46187f551462858430ad77f0e2/element/f.C0C1CAF4A724E2CBF7E3AD8AD540F396.d.2F4A6F426FA33F4BB0FA52B98A6FBEE7.e.6454/click - {}
RESULT: {}
COMMAND: POST /session/a2e24c46187f551462858430ad77f0e2/execute/async - {"script":"<script> [1562 bytes]","args":[{"selector":{"controlType":"sap.m.Button","properties":{"text":"Close"},"searchOpenDialogs":true,"interaction":{"idSuffix":"inner"}},"wdio_ui5_key":"sapm.Button{\"text\":\"Close\"}"}]}
COMMAND: GET /session/a2e24c46187f551462858430ad77f0e2/screenshot - {}
RESULT: {"script":"<script> [1562 bytes]","args":[{"selector":{"controlType":"sap.m.Button","properties":{"text":"Close"},"searchOpenDialogs":true,"interaction":{"idSuffix":"inner"}},"wdio_ui5_key":"sapm.Button{\"text\":\"Close\"}"}]}
RESULT: undefined
COMMAND: POST /session/a2e24c46187f551462858430ad77f0e2/element - {"using":"xpath","value":"//*[@id=\"__mbox-btn-1\"]"}
RESULT: {}
RESULT: {"using":"xpath","value":"//*[@id=\"__mbox-btn-1\"]"}
COMMAND: POST /session/a2e24c46187f551462858430ad77f0e2/element/f.C0C1CAF4A724E2CBF7E3AD8AD540F396.d.2F4A6F426FA33F4BB0FA52B98A6FBEE7.e.6582/click - {}
RESULT: {}
COMMAND: GET /session/a2e24c46187f551462858430ad77f0e2/screenshot - {}
RESULT: {}
COMMAND: POST /session/a2e24c46187f551462858430ad77f0e2/execute/async - {"script":"<script> [1562 bytes]","args":[{"selector":{"controlType":"sap.m.Text","viewName":"etm.portal.ui.managerequests.view.Detail","bindingPath":{"propertyPath":"NO","modelName":"catalogModel"}},"wdio_ui5_key":"etmportal.ui.managerequests.view.Detailsap.m.Text{\"propertyPath\":\"NO\",\"modelName\":\"catalogModel\"}"}]}
RESULT: {"script":"<script> [1562 bytes]","args":[{"selector":{"controlType":"sap.m.Text","viewName":"etm.portal.ui.managerequests.view.Detail","bindingPath":{"propertyPath":"NO","modelName":"catalogModel"}},"wdio_ui5_key":"etmportal.ui.managerequests.view.Detailsap.m.Text{\"propertyPath\":\"NO\",\"modelName\":\"catalogModel\"}"}]}
RESULT: undefined
COMMAND: POST /session/a2e24c46187f551462858430ad77f0e2/execute/async - {"script":"<script> [6424 bytes]","args":[{"element-6066-11e4-a52e-4f735466cecf":"f.C0C1CAF4A724E2CBF7E3AD8AD540F396.d.2F4A6F426FA33F4BB0FA52B98A6FBEE7.e.6830"},"getText",[]]}
RESULT: {"script":"<script> [6424 bytes]","args":[{"element-6066-11e4-a52e-4f735466cecf":"f.C0C1CAF4A724E2CBF7E3AD8AD540F396.d.2F4A6F426FA33F4BB0FA52B98A6FBEE7.e.6830"},"getText",[]]}
COMMAND: POST /session/a2e24c46187f551462858430ad77f0e2/element - {"using":"css selector","value":"#shell-header-logo"}
RESULT: {"using":"css selector","value":"#shell-header-logo"}
COMMAND: POST /session/a2e24c46187f551462858430ad77f0e2/element/f.C0C1CAF4A724E2CBF7E3AD8AD540F396.d.2F4A6F426FA33F4BB0FA52B98A6FBEE7.e.6037/click - {}
RESULT: {}
COMMAND: GET /session/a2e24c46187f551462858430ad77f0e2/screenshot - {}
RESULT: {}
]]></system-out>
    </testcase>
    <testcase classname="chrome.136_0_7103_93.windows.Yard_Overview_Autoplanning_US130989" name="Should navigate to Yard overview and plan the request" time="144.718">
      <system-out><![CDATA[
COMMAND: POST /session/a2e24c46187f551462858430ad77f0e2/execute/async - {"script":"<script> [1562 bytes]","args":[{"selector":{"controlType":"sap.m.GenericTile","properties":{"header":"Yard Overview"}},"wdio_ui5_key":"sapm.GenericTile{\"header\":\"Yard Overview\"}"}]}
RESULT: {"script":"<script> [1562 bytes]","args":[{"selector":{"controlType":"sap.m.GenericTile","properties":{"header":"Yard Overview"}},"wdio_ui5_key":"sapm.GenericTile{\"header\":\"Yard Overview\"}"}]}
RESULT: undefined
COMMAND: POST /session/a2e24c46187f551462858430ad77f0e2/element - {"using":"xpath","value":"//*[@id=\"__tile102\"]"}
RESULT: {"using":"xpath","value":"//*[@id=\"__tile102\"]"}
COMMAND: POST /session/a2e24c46187f551462858430ad77f0e2/element/f.C0C1CAF4A724E2CBF7E3AD8AD540F396.d.2F4A6F426FA33F4BB0FA52B98A6FBEE7.e.6834/click - {}
RESULT: {}
COMMAND: GET /session/a2e24c46187f551462858430ad77f0e2/screenshot - {}
RESULT: {}
COMMAND: POST /session/a2e24c46187f551462858430ad77f0e2/elements - {"using":"xpath","value":"//span[text()='Error']"}
RESULT: {"using":"xpath","value":"//span[text()='Error']"}
COMMAND: POST /session/a2e24c46187f551462858430ad77f0e2/execute/async - {"script":"<script> [1562 bytes]","args":[{"selector":{"id":"application-yardoverview-display-component---masterYardInventory--smartFilterBar-btnBasicSearch","interaction":{"idSuffix":"I"}},"wdio_ui5_key":"applicationyardoverview-display-component---masterYardInventory--smartFilterBar-btnBasicSearch"}]}
RESULT: {"script":"<script> [1562 bytes]","args":[{"selector":{"id":"application-yardoverview-display-component---masterYardInventory--smartFilterBar-btnBasicSearch","interaction":{"idSuffix":"I"}},"wdio_ui5_key":"applicationyardoverview-display-component---masterYardInventory--smartFilterBar-btnBasicSearch"}]}
RESULT: undefined
COMMAND: POST /session/a2e24c46187f551462858430ad77f0e2/execute/async - {"script":"<script> [776 bytes]","args":[{"enterText":"424","selector":{"id":"application-yardoverview-display-component---masterYardInventory--smartFilterBar-btnBasicSearch","interaction":{"idSuffix":"I"}},"clearTextFirst":true,"interactionType":"ENTER_TEXT"}]}
RESULT: {"script":"<script> [776 bytes]","args":[{"enterText":"424","selector":{"id":"application-yardoverview-display-component---masterYardInventory--smartFilterBar-btnBasicSearch","interaction":{"idSuffix":"I"}},"clearTextFirst":true,"interactionType":"ENTER_TEXT"}]}
COMMAND: POST /session/a2e24c46187f551462858430ad77f0e2/actions - {"actions":[{"id":"action20","type":"key","parameters":{},"actions":[{"type":"keyDown","value":""},{"type":"pause","duration":10},{"type":"keyUp","value":""}]}]}
RESULT: {"actions":[{"id":"action20","type":"key","parameters":{},"actions":[{"type":"keyDown","value":""},{"type":"pause","duration":10},{"type":"keyUp","value":""}]}]}
COMMAND: GET /session/a2e24c46187f551462858430ad77f0e2/screenshot - {}
RESULT: {}
COMMAND: POST /session/a2e24c46187f551462858430ad77f0e2/execute/async - {"script":"<script> [1562 bytes]","args":[{"selector":{"controlType":"sap.m.Text","viewName":"etm.portal.ui.yardoverview.view.Master","viewId":"application-yardoverview-display-component---masterYardInventory","bindingPath":{"propertyPath":"ID"}},"wdio_ui5_key":"etmportal.ui.yardoverview.view.Mastersap.m.Text{\"propertyPath\":\"ID\"}"}]}
RESULT: {"script":"<script> [1562 bytes]","args":[{"selector":{"controlType":"sap.m.Text","viewName":"etm.portal.ui.yardoverview.view.Master","viewId":"application-yardoverview-display-component---masterYardInventory","bindingPath":{"propertyPath":"ID"}},"wdio_ui5_key":"etmportal.ui.yardoverview.view.Mastersap.m.Text{\"propertyPath\":\"ID\"}"}]}
RESULT: undefined
COMMAND: POST /session/a2e24c46187f551462858430ad77f0e2/element - {"using":"xpath","value":"//*[@id=\"__text982-__clone2788\"]"}
RESULT: {"using":"xpath","value":"//*[@id=\"__text982-__clone2788\"]"}
COMMAND: POST /session/a2e24c46187f551462858430ad77f0e2/element/f.C0C1CAF4A724E2CBF7E3AD8AD540F396.d.2F4A6F426FA33F4BB0FA52B98A6FBEE7.e.6905/click - {}
RESULT: {}
COMMAND: GET /session/a2e24c46187f551462858430ad77f0e2/screenshot - {}
RESULT: {}
COMMAND: POST /session/a2e24c46187f551462858430ad77f0e2/execute/async - {"script":"<script> [1562 bytes]","args":[{"selector":{"id":"application-yardoverview-display-component---detailYardInventory--ObjectPageLayout-anchBar-application-yardoverview-display-component---detailYardInventory--openRequestsSection-anchor","interaction":{"idSuffix":"BDI-content"}},"wdio_ui5_key":"applicationyardoverview-display-component---detailYardInventory--ObjectPageLayout-anchBar-application-yardoverview-display-component---detailYardInventory--openRequestsSection-anchor"}]}
RESULT: {"script":"<script> [1562 bytes]","args":[{"selector":{"id":"application-yardoverview-display-component---detailYardInventory--ObjectPageLayout-anchBar-application-yardoverview-display-component---detailYardInventory--openRequestsSection-anchor","interaction":{"idSuffix":"BDI-content"}},"wdio_ui5_key":"applicationyardoverview-display-component---detailYardInventory--ObjectPageLayout-anchBar-application-yardoverview-display-component---detailYardInventory--openRequestsSection-anchor"}]}
RESULT: undefined
COMMAND: POST /session/a2e24c46187f551462858430ad77f0e2/element - {"using":"xpath","value":"//*[@id=\"application-yardoverview-display-component---detailYardInventory--ObjectPageLayout-anchBar-application-yardoverview-display-component---detailYardInventory--openRequestsSection-anchor\"]"}
RESULT: {"using":"xpath","value":"//*[@id=\"application-yardoverview-display-component---detailYardInventory--ObjectPageLayout-anchBar-application-yardoverview-display-component---detailYardInventory--openRequestsSection-anchor\"]"}
COMMAND: POST /session/a2e24c46187f551462858430ad77f0e2/element/f.C0C1CAF4A724E2CBF7E3AD8AD540F396.d.2F4A6F426FA33F4BB0FA52B98A6FBEE7.e.6996/click - {}
RESULT: {}
COMMAND: GET /session/a2e24c46187f551462858430ad77f0e2/screenshot - {}
RESULT: {}
COMMAND: POST /session/a2e24c46187f551462858430ad77f0e2/element - {"using":"xpath","value":"//input[contains(@aria-labelledby ,\"INTERNAL_GROUP-request\")]"}
RESULT: {"using":"xpath","value":"//input[contains(@aria-labelledby ,\"INTERNAL_GROUP-request\")]"}
COMMAND: POST /session/a2e24c46187f551462858430ad77f0e2/element/f.C0C1CAF4A724E2CBF7E3AD8AD540F396.d.2F4A6F426FA33F4BB0FA52B98A6FBEE7.e.7007/clear - {}
RESULT: {}
COMMAND: POST /session/a2e24c46187f551462858430ad77f0e2/element/f.C0C1CAF4A724E2CBF7E3AD8AD540F396.d.2F4A6F426FA33F4BB0FA52B98A6FBEE7.e.7007/value - {"text":"20158"}
COMMAND: GET /session/a2e24c46187f551462858430ad77f0e2/screenshot - {}
RESULT: {"text":"20158"}
COMMAND: GET /session/a2e24c46187f551462858430ad77f0e2/screenshot - {}
RESULT: {}
COMMAND: POST /session/a2e24c46187f551462858430ad77f0e2/actions - {"actions":[{"id":"action21","type":"key","parameters":{},"actions":[{"type":"keyDown","value":""},{"type":"pause","duration":10},{"type":"keyUp","value":""}]}]}
RESULT: {}
RESULT: {"actions":[{"id":"action21","type":"key","parameters":{},"actions":[{"type":"keyDown","value":""},{"type":"pause","duration":10},{"type":"keyUp","value":""}]}]}
COMMAND: POST /session/a2e24c46187f551462858430ad77f0e2/element - {"using":"xpath","value":"//button[contains(@id,\"openRequests-triggerAction-autoplanBtn\")]"}
COMMAND: GET /session/a2e24c46187f551462858430ad77f0e2/screenshot - {}
RESULT: {"using":"xpath","value":"//button[contains(@id,\"openRequests-triggerAction-autoplanBtn\")]"}
COMMAND: POST /session/a2e24c46187f551462858430ad77f0e2/element/f.C0C1CAF4A724E2CBF7E3AD8AD540F396.d.2F4A6F426FA33F4BB0FA52B98A6FBEE7.e.7028/click - {}
RESULT: {}
RESULT: {}
COMMAND: GET /session/a2e24c46187f551462858430ad77f0e2/screenshot - {}
RESULT: {}
COMMAND: POST /session/a2e24c46187f551462858430ad77f0e2/execute/async - {"script":"<script> [1562 bytes]","args":[{"selector":{"id":"application-yardoverview-display-component---detailYardInventory--customRequestsTable-sa","interaction":{"idSuffix":"CbBg"}},"wdio_ui5_key":"applicationyardoverview-display-component---detailYardInventory--customRequestsTable-sa"}]}
RESULT: {"script":"<script> [1562 bytes]","args":[{"selector":{"id":"application-yardoverview-display-component---detailYardInventory--customRequestsTable-sa","interaction":{"idSuffix":"CbBg"}},"wdio_ui5_key":"applicationyardoverview-display-component---detailYardInventory--customRequestsTable-sa"}]}
RESULT: undefined
COMMAND: POST /session/a2e24c46187f551462858430ad77f0e2/element - {"using":"xpath","value":"//*[@id=\"application-yardoverview-display-component---detailYardInventory--customRequestsTable-sa\"]"}
RESULT: {"using":"xpath","value":"//*[@id=\"application-yardoverview-display-component---detailYardInventory--customRequestsTable-sa\"]"}
COMMAND: POST /session/a2e24c46187f551462858430ad77f0e2/element/f.C0C1CAF4A724E2CBF7E3AD8AD540F396.d.2F4A6F426FA33F4BB0FA52B98A6FBEE7.e.7051/click - {}
RESULT: {}
COMMAND: GET /session/a2e24c46187f551462858430ad77f0e2/screenshot - {}
RESULT: {}
COMMAND: POST /session/a2e24c46187f551462858430ad77f0e2/element - {"using":"xpath","value":"//button[contains(@id,\"openRequests-triggerAction-autoplanBtn\")]"}
RESULT: {"using":"xpath","value":"//button[contains(@id,\"openRequests-triggerAction-autoplanBtn\")]"}
COMMAND: POST /session/a2e24c46187f551462858430ad77f0e2/element/f.C0C1CAF4A724E2CBF7E3AD8AD540F396.d.2F4A6F426FA33F4BB0FA52B98A6FBEE7.e.7028/click - {}
RESULT: {}
COMMAND: GET /session/a2e24c46187f551462858430ad77f0e2/screenshot - {}
RESULT: {}
COMMAND: POST /session/a2e24c46187f551462858430ad77f0e2/element - {"using":"xpath","value":"//button[.//bdi[contains(text(),\"OK\")]]"}
RESULT: {"using":"xpath","value":"//button[.//bdi[contains(text(),\"OK\")]]"}
COMMAND: POST /session/a2e24c46187f551462858430ad77f0e2/element/f.C0C1CAF4A724E2CBF7E3AD8AD540F396.d.2F4A6F426FA33F4BB0FA52B98A6FBEE7.e.7052/click - {}
RESULT: {}
COMMAND: GET /session/a2e24c46187f551462858430ad77f0e2/screenshot - {}
RESULT: {}
COMMAND: POST /session/a2e24c46187f551462858430ad77f0e2/execute/async - {"script":"<script> [1562 bytes]","args":[{"selector":{"id":"application-yardoverview-display-component---detailYardInventory--refreshOpenRequests-img"},"wdio_ui5_key":"applicationyardoverview-display-component---detailYardInventory--refreshOpenRequests-img"}]}
RESULT: {"script":"<script> [1562 bytes]","args":[{"selector":{"id":"application-yardoverview-display-component---detailYardInventory--refreshOpenRequests-img"},"wdio_ui5_key":"applicationyardoverview-display-component---detailYardInventory--refreshOpenRequests-img"}]}
RESULT: undefined
COMMAND: POST /session/a2e24c46187f551462858430ad77f0e2/element - {"using":"xpath","value":"//*[@id=\"application-yardoverview-display-component---detailYardInventory--refreshOpenRequests-img\"]"}
RESULT: {"using":"xpath","value":"//*[@id=\"application-yardoverview-display-component---detailYardInventory--refreshOpenRequests-img\"]"}
COMMAND: POST /session/a2e24c46187f551462858430ad77f0e2/element/f.C0C1CAF4A724E2CBF7E3AD8AD540F396.d.2F4A6F426FA33F4BB0FA52B98A6FBEE7.e.7054/click - {}
RESULT: {}
COMMAND: GET /session/a2e24c46187f551462858430ad77f0e2/screenshot - {}
RESULT: {}
COMMAND: POST /session/a2e24c46187f551462858430ad77f0e2/execute/async - {"script":"<script> [1562 bytes]","args":[{"selector":{"id":"application-yardoverview-display-component---detailYardInventory--ObjectPageLayout-anchBar-application-yardoverview-display-component---detailYardInventory--openProvidesSection-anchor","interaction":{"idSuffix":"BDI-content"}},"wdio_ui5_key":"applicationyardoverview-display-component---detailYardInventory--ObjectPageLayout-anchBar-application-yardoverview-display-component---detailYardInventory--openProvidesSection-anchor"}]}
RESULT: {"script":"<script> [1562 bytes]","args":[{"selector":{"id":"application-yardoverview-display-component---detailYardInventory--ObjectPageLayout-anchBar-application-yardoverview-display-component---detailYardInventory--openProvidesSection-anchor","interaction":{"idSuffix":"BDI-content"}},"wdio_ui5_key":"applicationyardoverview-display-component---detailYardInventory--ObjectPageLayout-anchBar-application-yardoverview-display-component---detailYardInventory--openProvidesSection-anchor"}]}
RESULT: undefined
COMMAND: POST /session/a2e24c46187f551462858430ad77f0e2/element - {"using":"xpath","value":"//*[@id=\"application-yardoverview-display-component---detailYardInventory--ObjectPageLayout-anchBar-application-yardoverview-display-component---detailYardInventory--openProvidesSection-anchor\"]"}
RESULT: {"using":"xpath","value":"//*[@id=\"application-yardoverview-display-component---detailYardInventory--ObjectPageLayout-anchBar-application-yardoverview-display-component---detailYardInventory--openProvidesSection-anchor\"]"}
COMMAND: POST /session/a2e24c46187f551462858430ad77f0e2/element/f.C0C1CAF4A724E2CBF7E3AD8AD540F396.d.2F4A6F426FA33F4BB0FA52B98A6FBEE7.e.7058/click - {}
RESULT: {}
COMMAND: GET /session/a2e24c46187f551462858430ad77f0e2/screenshot - {}
RESULT: {}
COMMAND: POST /session/a2e24c46187f551462858430ad77f0e2/element - {"using":"css selector","value":"#shell-header-logo"}
RESULT: {"using":"css selector","value":"#shell-header-logo"}
COMMAND: POST /session/a2e24c46187f551462858430ad77f0e2/element/f.C0C1CAF4A724E2CBF7E3AD8AD540F396.d.2F4A6F426FA33F4BB0FA52B98A6FBEE7.e.6836/click - {}
RESULT: {}
COMMAND: GET /session/a2e24c46187f551462858430ad77f0e2/screenshot - {}
RESULT: {}
RESULT: undefined
COMMAND: POST /session/a2e24c46187f551462858430ad77f0e2/element - {"using":"xpath","value":"//*[@id=\"__tile47\"]"}
RESULT: {"using":"xpath","value":"//*[@id=\"__tile47\"]"}
COMMAND: POST /session/a2e24c46187f551462858430ad77f0e2/element/f.C0C1CAF4A724E2CBF7E3AD8AD540F396.d.2F4A6F426FA33F4BB0FA52B98A6FBEE7.e.5390/click - {}
RESULT: {}
COMMAND: GET /session/a2e24c46187f551462858430ad77f0e2/screenshot - {}
RESULT: {}
COMMAND: POST /session/a2e24c46187f551462858430ad77f0e2/elements - {"using":"xpath","value":"//span[text()='Error']"}
RESULT: {"using":"xpath","value":"//span[text()='Error']"}
COMMAND: POST /session/a2e24c46187f551462858430ad77f0e2/execute/async - {"script":"<script> [1562 bytes]","args":[{"selector":{"controlType":"sap.m.SearchField","viewName":"etm.portal.ui.managerequests.view.Master","bindingPath":{"path":"","propertyPath":"/_BASIC_SEARCH_FIELD","modelName":"fi1t3rM0d31"},"interaction":{"idSuffix":"I"}},"wdio_ui5_key":"etmportal.ui.managerequests.view.Mastersap.m.SearchField{\"path\":\"\",\"propertyPath\":\"/_BASIC_SEARCH_FIELD\",\"modelName\":\"fi1t3rM0d31\"}"}]}
RESULT: {"script":"<script> [1562 bytes]","args":[{"selector":{"controlType":"sap.m.SearchField","viewName":"etm.portal.ui.managerequests.view.Master","bindingPath":{"path":"","propertyPath":"/_BASIC_SEARCH_FIELD","modelName":"fi1t3rM0d31"},"interaction":{"idSuffix":"I"}},"wdio_ui5_key":"etmportal.ui.managerequests.view.Mastersap.m.SearchField{\"path\":\"\",\"propertyPath\":\"/_BASIC_SEARCH_FIELD\",\"modelName\":\"fi1t3rM0d31\"}"}]}
RESULT: undefined
COMMAND: POST /session/a2e24c46187f551462858430ad77f0e2/execute/async - {"script":"<script> [776 bytes]","args":[{"enterText":"20158","selector":{"controlType":"sap.m.SearchField","viewName":"etm.portal.ui.managerequests.view.Master","bindingPath":{"path":"","propertyPath":"/_BASIC_SEARCH_FIELD","modelName":"fi1t3rM0d31"},"interaction":{"idSuffix":"I"}},"clearTextFirst":true,"interactionType":"ENTER_TEXT"}]}
RESULT: {"script":"<script> [776 bytes]","args":[{"enterText":"20158","selector":{"controlType":"sap.m.SearchField","viewName":"etm.portal.ui.managerequests.view.Master","bindingPath":{"path":"","propertyPath":"/_BASIC_SEARCH_FIELD","modelName":"fi1t3rM0d31"},"interaction":{"idSuffix":"I"}},"clearTextFirst":true,"interactionType":"ENTER_TEXT"}]}
COMMAND: POST /session/a2e24c46187f551462858430ad77f0e2/actions - {"actions":[{"id":"action22","type":"key","parameters":{},"actions":[{"type":"keyDown","value":""},{"type":"pause","duration":10},{"type":"keyUp","value":""}]}]}
RESULT: {"actions":[{"id":"action22","type":"key","parameters":{},"actions":[{"type":"keyDown","value":""},{"type":"pause","duration":10},{"type":"keyUp","value":""}]}]}
COMMAND: GET /session/a2e24c46187f551462858430ad77f0e2/screenshot - {}
RESULT: {}
COMMAND: POST /session/a2e24c46187f551462858430ad77f0e2/execute/async - {"script":"<script> [1562 bytes]","args":[{"selector":{"controlType":"sap.m.ObjectNumber","viewName":"etm.portal.ui.managerequests.view.Master","bindingPath":{"propertyPath":"IN_USE_FOR"},"interaction":{"idSuffix":"number"}},"wdio_ui5_key":"etmportal.ui.managerequests.view.Mastersap.m.ObjectNumber{\"propertyPath\":\"IN_USE_FOR\"}"}]}
RESULT: {"script":"<script> [1562 bytes]","args":[{"selector":{"controlType":"sap.m.ObjectNumber","viewName":"etm.portal.ui.managerequests.view.Master","bindingPath":{"propertyPath":"IN_USE_FOR"},"interaction":{"idSuffix":"number"}},"wdio_ui5_key":"etmportal.ui.managerequests.view.Mastersap.m.ObjectNumber{\"propertyPath\":\"IN_USE_FOR\"}"}]}
RESULT: undefined
COMMAND: POST /session/a2e24c46187f551462858430ad77f0e2/element - {"using":"xpath","value":"//*[@id=\"__number8-__clone2929\"]"}
RESULT: {"using":"xpath","value":"//*[@id=\"__number8-__clone2929\"]"}
COMMAND: POST /session/a2e24c46187f551462858430ad77f0e2/element/f.C0C1CAF4A724E2CBF7E3AD8AD540F396.d.2F4A6F426FA33F4BB0FA52B98A6FBEE7.e.7198/click - {}
RESULT: {}
COMMAND: POST /session/a2e24c46187f551462858430ad77f0e2/execute/async - {"script":"<script> [1562 bytes]","args":[{"selector":{"controlType":"sap.m.ObjectStatus","viewName":"etm.portal.ui.managerequests.view.Detail","bindingPath":{"propertyPath":"LINK_TO_STATUS/DESCRIPTION","modelName":"catalogModel"}},"wdio_ui5_key":"etmportal.ui.managerequests.view.Detailsap.m.ObjectStatus{\"propertyPath\":\"LINK_TO_STATUS/DESCRIPTION\",\"modelName\":\"catalogModel\"}"}]}
COMMAND: GET /session/a2e24c46187f551462858430ad77f0e2/screenshot - {}
RESULT: {"script":"<script> [1562 bytes]","args":[{"selector":{"controlType":"sap.m.ObjectStatus","viewName":"etm.portal.ui.managerequests.view.Detail","bindingPath":{"propertyPath":"LINK_TO_STATUS/DESCRIPTION","modelName":"catalogModel"}},"wdio_ui5_key":"etmportal.ui.managerequests.view.Detailsap.m.ObjectStatus{\"propertyPath\":\"LINK_TO_STATUS/DESCRIPTION\",\"modelName\":\"catalogModel\"}"}]}
RESULT: undefined
COMMAND: POST /session/a2e24c46187f551462858430ad77f0e2/execute/async - {"script":"<script> [6424 bytes]","args":[{"element-6066-11e4-a52e-4f735466cecf":"f.C0C1CAF4A724E2CBF7E3AD8AD540F396.d.2F4A6F426FA33F4BB0FA52B98A6FBEE7.e.7400"},"getText",[]]}
RESULT: {}
RESULT: {"script":"<script> [6424 bytes]","args":[{"element-6066-11e4-a52e-4f735466cecf":"f.C0C1CAF4A724E2CBF7E3AD8AD540F396.d.2F4A6F426FA33F4BB0FA52B98A6FBEE7.e.7400"},"getText",[]]}
COMMAND: POST /session/a2e24c46187f551462858430ad77f0e2/element - {"using":"css selector","value":"#shell-header-logo"}
RESULT: {"using":"css selector","value":"#shell-header-logo"}
COMMAND: POST /session/a2e24c46187f551462858430ad77f0e2/element/f.C0C1CAF4A724E2CBF7E3AD8AD540F396.d.2F4A6F426FA33F4BB0FA52B98A6FBEE7.e.7076/click - {}
RESULT: {}
COMMAND: GET /session/a2e24c46187f551462858430ad77f0e2/screenshot - {}
RESULT: {}
COMMAND: DELETE /session/a2e24c46187f551462858430ad77f0e2 - {}
RESULT: {}
]]></system-out>
    </testcase>
  </testsuite>
</testsuites>