<?xml version="1.0" encoding="UTF-8"?>
<testsuites tests="9" failures="3" errors="3" skipped="0">
  <testsuite timestamp="2025-04-25T15:53:43" time="97.303" tests="1" failures="0" errors="0" skipped="0">
    <properties>
      <property name="specId" value="0" />
      <property name="suiteName" value="Create a new catalogs section" />
      <property name="capabilities" value="chrome.135_0_7049_96.windows" />
      <property name="file" value="file:///D:/a/1/s/test/specs/R2C/create-new-webshop-catalog-section.spec.js" />
    </properties>
    <testcase classname="chrome.135_0_7049_96.windows.Create_a_new_catalogs_section" name="Should navigate to manage catalogs and add a new section on webshop catalog" time="73.044">
      <system-out><![CDATA[
COMMAND: POST /session/3cccba18fdaf8a1d6d37a5d186e31a24/element - {"using":"xpath","value":"//*[contains(@href, 'etm.portal.ui.managecatalogs')]"}
RESULT: {"using":"xpath","value":"//*[contains(@href, 'etm.portal.ui.managecatalogs')]"}
COMMAND: POST /session/3cccba18fdaf8a1d6d37a5d186e31a24/element/f.6C30F948534E17F39135471BDF7D734A.d.C06200E5233D183C3ED7E337F2FAB7D1.e.116/click - {}
RESULT: {}
COMMAND: GET /session/3cccba18fdaf8a1d6d37a5d186e31a24/screenshot - {}
RESULT: {}
COMMAND: POST /session/3cccba18fdaf8a1d6d37a5d186e31a24/execute/async - {"script":"<script> [1562 bytes]","args":[{"selector":{"controlType":"sap.m.Text","viewName":"etm.portal.ui.managecatalogs.view.MasterCatalogs","viewId":"application-managecatalogs-display-component---masterCatalogs","bindingPath":{"path":"/Catalogs('0D7502D073D53A0F1700BE067B89AFF9')","propertyPath":"DESCRIPTION","modelName":"catalogModel"}},"wdio_ui5_key":"etmportal.ui.managecatalogs.view.MasterCatalogssap.m.Text{\"path\":\"/Catalogs('0D7502D073D53A0F1700BE067B89AFF9')\",\"propertyPath\":\"DESCRIPTION\",\"modelName\":\"catalogModel\"}"}]}
RESULT: {"script":"<script> [1562 bytes]","args":[{"selector":{"controlType":"sap.m.Text","viewName":"etm.portal.ui.managecatalogs.view.MasterCatalogs","viewId":"application-managecatalogs-display-component---masterCatalogs","bindingPath":{"path":"/Catalogs('0D7502D073D53A0F1700BE067B89AFF9')","propertyPath":"DESCRIPTION","modelName":"catalogModel"}},"wdio_ui5_key":"etmportal.ui.managecatalogs.view.MasterCatalogssap.m.Text{\"path\":\"/Catalogs('0D7502D073D53A0F1700BE067B89AFF9')\",\"propertyPath\":\"DESCRIPTION\",\"modelName\":\"catalogModel\"}"}]}
RESULT: undefined
COMMAND: POST /session/3cccba18fdaf8a1d6d37a5d186e31a24/element - {"using":"xpath","value":"//*[@id=\"__text39-application-managecatalogs-display-component---masterCatalogs--CatalogsTable-11\"]"}
RESULT: {"using":"xpath","value":"//*[@id=\"__text39-application-managecatalogs-display-component---masterCatalogs--CatalogsTable-11\"]"}
COMMAND: POST /session/3cccba18fdaf8a1d6d37a5d186e31a24/element/f.6C30F948534E17F39135471BDF7D734A.d.C06200E5233D183C3ED7E337F2FAB7D1.e.146/click - {}
RESULT: {}
COMMAND: POST /session/3cccba18fdaf8a1d6d37a5d186e31a24/execute/async - {"script":"<script> [1562 bytes]","args":[{"selector":{"controlType":"sap.ui.layout.HorizontalLayout","viewName":"etm.portal.ui.managecatalogs.view.MasterItems","viewId":"application-managecatalogs-display-component---masterCatalogItems","ancestor":{"id":"application-managecatalogs-display-component---masterCatalogItems--idCatalogItemsTree-rows-row0"}},"wdio_ui5_key":"etmportal.ui.managecatalogs.view.MasterItemssap.ui.layout.HorizontalLayout{\"id\":\"application-managecatalogs-display-component---masterCatalogItems--idCatalogItemsTree-rows-row0\"}"}]}
COMMAND: GET /session/3cccba18fdaf8a1d6d37a5d186e31a24/screenshot - {}
RESULT: {"script":"<script> [1562 bytes]","args":[{"selector":{"controlType":"sap.ui.layout.HorizontalLayout","viewName":"etm.portal.ui.managecatalogs.view.MasterItems","viewId":"application-managecatalogs-display-component---masterCatalogItems","ancestor":{"id":"application-managecatalogs-display-component---masterCatalogItems--idCatalogItemsTree-rows-row0"}},"wdio_ui5_key":"etmportal.ui.managecatalogs.view.MasterItemssap.ui.layout.HorizontalLayout{\"id\":\"application-managecatalogs-display-component---masterCatalogItems--idCatalogItemsTree-rows-row0\"}"}]}
RESULT: undefined
COMMAND: POST /session/3cccba18fdaf8a1d6d37a5d186e31a24/element - {"using":"xpath","value":"//*[@id=\"__layout3-__clone11\"]"}
RESULT: {}
RESULT: {"using":"xpath","value":"//*[@id=\"__layout3-__clone11\"]"}
COMMAND: POST /session/3cccba18fdaf8a1d6d37a5d186e31a24/element/f.6C30F948534E17F39135471BDF7D734A.d.C06200E5233D183C3ED7E337F2FAB7D1.e.158/click - {}
RESULT: {}
COMMAND: GET /session/3cccba18fdaf8a1d6d37a5d186e31a24/screenshot - {}
RESULT: {}
COMMAND: POST /session/3cccba18fdaf8a1d6d37a5d186e31a24/execute/async - {"script":"<script> [1562 bytes]","args":[{"selector":{"controlType":"sap.m.Button","viewName":"etm.portal.ui.managecatalogs.view.Detail","viewId":"application-managecatalogs-display-component---detailCatalog","i18NText":{"propertyName":"text","key":"edit"},"interaction":{"idSuffix":"BDI-content"}},"wdio_ui5_key":"etmportal.ui.managecatalogs.view.Detailsap.m.Button{\"propertyName\":\"text\",\"key\":\"edit\"}"}]}
RESULT: {"script":"<script> [1562 bytes]","args":[{"selector":{"controlType":"sap.m.Button","viewName":"etm.portal.ui.managecatalogs.view.Detail","viewId":"application-managecatalogs-display-component---detailCatalog","i18NText":{"propertyName":"text","key":"edit"},"interaction":{"idSuffix":"BDI-content"}},"wdio_ui5_key":"etmportal.ui.managecatalogs.view.Detailsap.m.Button{\"propertyName\":\"text\",\"key\":\"edit\"}"}]}
RESULT: undefined
COMMAND: POST /session/3cccba18fdaf8a1d6d37a5d186e31a24/element - {"using":"xpath","value":"//*[@id=\"__button35\"]"}
RESULT: {"using":"xpath","value":"//*[@id=\"__button35\"]"}
COMMAND: POST /session/3cccba18fdaf8a1d6d37a5d186e31a24/element/f.6C30F948534E17F39135471BDF7D734A.d.C06200E5233D183C3ED7E337F2FAB7D1.e.260/click - {}
RESULT: {}
COMMAND: GET /session/3cccba18fdaf8a1d6d37a5d186e31a24/screenshot - {}
RESULT: {}
COMMAND: POST /session/3cccba18fdaf8a1d6d37a5d186e31a24/element - {"using":"xpath","value":"//bdi[contains(text(), \"Unlock\")]"}
RESULT: {"using":"xpath","value":"//bdi[contains(text(), \"Unlock\")]"}
COMMAND: POST /session/3cccba18fdaf8a1d6d37a5d186e31a24/elements - {"using":"xpath","value":"//bdi[contains(text(), \"Unlock\")]"}
RESULT: {"using":"xpath","value":"//bdi[contains(text(), \"Unlock\")]"}
COMMAND: POST /session/3cccba18fdaf8a1d6d37a5d186e31a24/execute/async - {"script":"<script> [1562 bytes]","args":[{"selector":{"controlType":"sap.ui.core.Icon","viewName":"etm.portal.ui.managecatalogs.view.Detail","viewId":"application-managecatalogs-display-component---detailCatalog","properties":{"src":{"regex":{"source":"add\\-folder"}}}},"wdio_ui5_key":"etmportal.ui.managecatalogs.view.Detailsap.ui.core.Icon{\"src\":{\"regex\":{\"source\":\"add\\\\-folder\"}}}"}]}
RESULT: {"script":"<script> [1562 bytes]","args":[{"selector":{"controlType":"sap.ui.core.Icon","viewName":"etm.portal.ui.managecatalogs.view.Detail","viewId":"application-managecatalogs-display-component---detailCatalog","properties":{"src":{"regex":{"source":"add\\-folder"}}}},"wdio_ui5_key":"etmportal.ui.managecatalogs.view.Detailsap.ui.core.Icon{\"src\":{\"regex\":{\"source\":\"add\\\\-folder\"}}}"}]}
RESULT: undefined
COMMAND: POST /session/3cccba18fdaf8a1d6d37a5d186e31a24/element - {"using":"xpath","value":"//*[@id=\"__button43-img\"]"}
RESULT: {"using":"xpath","value":"//*[@id=\"__button43-img\"]"}
COMMAND: POST /session/3cccba18fdaf8a1d6d37a5d186e31a24/element/f.6C30F948534E17F39135471BDF7D734A.d.C06200E5233D183C3ED7E337F2FAB7D1.e.270/click - {}
RESULT: {}
COMMAND: GET /session/3cccba18fdaf8a1d6d37a5d186e31a24/screenshot - {}
RESULT: {}
COMMAND: POST /session/3cccba18fdaf8a1d6d37a5d186e31a24/execute/async - {"script":"<script> [1562 bytes]","args":[{"selector":{"id":"application-managecatalogs-display-component---detailCatalog--numberInput","searchOpenDialogs":true,"interaction":{"idSuffix":"inner"}},"wdio_ui5_key":"applicationmanagecatalogs-display-component---detailCatalog--numberInput"}]}
RESULT: {"script":"<script> [1562 bytes]","args":[{"selector":{"id":"application-managecatalogs-display-component---detailCatalog--numberInput","searchOpenDialogs":true,"interaction":{"idSuffix":"inner"}},"wdio_ui5_key":"applicationmanagecatalogs-display-component---detailCatalog--numberInput"}]}
RESULT: undefined
COMMAND: POST /session/3cccba18fdaf8a1d6d37a5d186e31a24/execute/async - {"script":"<script> [776 bytes]","args":[{"enterText":"Sectioneo1dd","selector":{"id":"application-managecatalogs-display-component---detailCatalog--numberInput","searchOpenDialogs":true,"interaction":{"idSuffix":"inner"}},"clearTextFirst":true,"interactionType":"ENTER_TEXT"}]}
RESULT: {"script":"<script> [776 bytes]","args":[{"enterText":"Sectioneo1dd","selector":{"id":"application-managecatalogs-display-component---detailCatalog--numberInput","searchOpenDialogs":true,"interaction":{"idSuffix":"inner"}},"clearTextFirst":true,"interactionType":"ENTER_TEXT"}]}
COMMAND: POST /session/3cccba18fdaf8a1d6d37a5d186e31a24/element - {"using":"css selector","value":"#application-managecatalogs-display-component---detailCatalog--nameInput-inner"}
RESULT: {"using":"css selector","value":"#application-managecatalogs-display-component---detailCatalog--nameInput-inner"}
COMMAND: POST /session/3cccba18fdaf8a1d6d37a5d186e31a24/elements - {"using":"css selector","value":"#application-managecatalogs-display-component---detailCatalog--nameInput-inner"}
RESULT: {"using":"css selector","value":"#application-managecatalogs-display-component---detailCatalog--nameInput-inner"}
COMMAND: POST /session/3cccba18fdaf8a1d6d37a5d186e31a24/element/f.6C30F948534E17F39135471BDF7D734A.d.C06200E5233D183C3ED7E337F2FAB7D1.e.274/clear - {}
RESULT: {}
COMMAND: POST /session/3cccba18fdaf8a1d6d37a5d186e31a24/element/f.6C30F948534E17F39135471BDF7D734A.d.C06200E5233D183C3ED7E337F2FAB7D1.e.274/value - {"text":"Webdriver878nk"}
COMMAND: GET /session/3cccba18fdaf8a1d6d37a5d186e31a24/screenshot - {}
RESULT: {"text":"Webdriver878nk"}
COMMAND: POST /session/3cccba18fdaf8a1d6d37a5d186e31a24/execute/async - {"script":"<script> [1562 bytes]","args":[{"selector":{"controlType":"sap.m.Button","viewName":"etm.portal.ui.managecatalogs.view.Detail","viewId":"application-managecatalogs-display-component---detailCatalog","i18NText":{"propertyName":"text","key":"create"},"searchOpenDialogs":true,"interaction":{"idSuffix":"BDI-content"}},"wdio_ui5_key":"etmportal.ui.managecatalogs.view.Detailsap.m.Button{\"propertyName\":\"text\",\"key\":\"create\"}"}]}
COMMAND: GET /session/3cccba18fdaf8a1d6d37a5d186e31a24/screenshot - {}
RESULT: {}
RESULT: {"script":"<script> [1562 bytes]","args":[{"selector":{"controlType":"sap.m.Button","viewName":"etm.portal.ui.managecatalogs.view.Detail","viewId":"application-managecatalogs-display-component---detailCatalog","i18NText":{"propertyName":"text","key":"create"},"searchOpenDialogs":true,"interaction":{"idSuffix":"BDI-content"}},"wdio_ui5_key":"etmportal.ui.managecatalogs.view.Detailsap.m.Button{\"propertyName\":\"text\",\"key\":\"create\"}"}]}
RESULT: undefined
COMMAND: POST /session/3cccba18fdaf8a1d6d37a5d186e31a24/element - {"using":"xpath","value":"//*[@id=\"__button13\"]"}
RESULT: {}
RESULT: {"using":"xpath","value":"//*[@id=\"__button13\"]"}
COMMAND: POST /session/3cccba18fdaf8a1d6d37a5d186e31a24/element/f.6C30F948534E17F39135471BDF7D734A.d.C06200E5233D183C3ED7E337F2FAB7D1.e.280/click - {}
RESULT: {}
COMMAND: GET /session/3cccba18fdaf8a1d6d37a5d186e31a24/screenshot - {}
RESULT: {}
COMMAND: POST /session/3cccba18fdaf8a1d6d37a5d186e31a24/element - {"using":"xpath","value":"//button[@title=\"Save\"]"}
RESULT: {"using":"xpath","value":"//button[@title=\"Save\"]"}
COMMAND: POST /session/3cccba18fdaf8a1d6d37a5d186e31a24/element/f.6C30F948534E17F39135471BDF7D734A.d.C06200E5233D183C3ED7E337F2FAB7D1.e.281/click - {}
RESULT: {}
COMMAND: POST /session/3cccba18fdaf8a1d6d37a5d186e31a24/execute/async - {"script":"<script> [1562 bytes]","args":[{"selector":{"controlType":"sap.ui.core.Icon","viewName":"etm.portal.ui.managecatalogs.view.Detail","viewId":"application-managecatalogs-display-component---detailCatalog","properties":{"src":{"regex":{"source":"decline"}}}},"wdio_ui5_key":"etmportal.ui.managecatalogs.view.Detailsap.ui.core.Icon{\"src\":{\"regex\":{\"source\":\"decline\"}}}"}]}
COMMAND: GET /session/3cccba18fdaf8a1d6d37a5d186e31a24/screenshot - {}
RESULT: {"script":"<script> [1562 bytes]","args":[{"selector":{"controlType":"sap.ui.core.Icon","viewName":"etm.portal.ui.managecatalogs.view.Detail","viewId":"application-managecatalogs-display-component---detailCatalog","properties":{"src":{"regex":{"source":"decline"}}}},"wdio_ui5_key":"etmportal.ui.managecatalogs.view.Detailsap.ui.core.Icon{\"src\":{\"regex\":{\"source\":\"decline\"}}}"}]}
RESULT: undefined
COMMAND: POST /session/3cccba18fdaf8a1d6d37a5d186e31a24/element - {"using":"xpath","value":"//*[@id=\"__button38-img\"]"}
RESULT: {}
RESULT: {"using":"xpath","value":"//*[@id=\"__button38-img\"]"}
COMMAND: POST /session/3cccba18fdaf8a1d6d37a5d186e31a24/element/f.6C30F948534E17F39135471BDF7D734A.d.C06200E5233D183C3ED7E337F2FAB7D1.e.288/click - {}
RESULT: {}
COMMAND: GET /session/3cccba18fdaf8a1d6d37a5d186e31a24/screenshot - {}
RESULT: {}
COMMAND: POST /session/3cccba18fdaf8a1d6d37a5d186e31a24/execute/async - {"script":"<script> [1562 bytes]","args":[{"selector":{"controlType":"sap.ui.core.Icon","viewName":"etm.portal.ui.managecatalogs.view.MasterItems","viewId":"application-managecatalogs-display-component---masterCatalogItems","properties":{"src":{"regex":{"source":"refresh"}}}},"wdio_ui5_key":"etmportal.ui.managecatalogs.view.MasterItemssap.ui.core.Icon{\"src\":{\"regex\":{\"source\":\"refresh\"}}}"}]}
RESULT: {"script":"<script> [1562 bytes]","args":[{"selector":{"controlType":"sap.ui.core.Icon","viewName":"etm.portal.ui.managecatalogs.view.MasterItems","viewId":"application-managecatalogs-display-component---masterCatalogItems","properties":{"src":{"regex":{"source":"refresh"}}}},"wdio_ui5_key":"etmportal.ui.managecatalogs.view.MasterItemssap.ui.core.Icon{\"src\":{\"regex\":{\"source\":\"refresh\"}}}"}]}
RESULT: undefined
COMMAND: POST /session/3cccba18fdaf8a1d6d37a5d186e31a24/element - {"using":"xpath","value":"//*[@id=\"__button11-img\"]"}
RESULT: {"using":"xpath","value":"//*[@id=\"__button11-img\"]"}
COMMAND: POST /session/3cccba18fdaf8a1d6d37a5d186e31a24/element/f.6C30F948534E17F39135471BDF7D734A.d.C06200E5233D183C3ED7E337F2FAB7D1.e.319/click - {}
RESULT: {}
COMMAND: POST /session/3cccba18fdaf8a1d6d37a5d186e31a24/execute/async - {"script":"<script> [1562 bytes]","args":[{"selector":{"id":"application-managecatalogs-display-component---masterCatalogItems--searchItemsField","interaction":{"idSuffix":"I"}},"wdio_ui5_key":"applicationmanagecatalogs-display-component---masterCatalogItems--searchItemsField"}]}
COMMAND: GET /session/3cccba18fdaf8a1d6d37a5d186e31a24/screenshot - {}
RESULT: {"script":"<script> [1562 bytes]","args":[{"selector":{"id":"application-managecatalogs-display-component---masterCatalogItems--searchItemsField","interaction":{"idSuffix":"I"}},"wdio_ui5_key":"applicationmanagecatalogs-display-component---masterCatalogItems--searchItemsField"}]}
RESULT: undefined
COMMAND: POST /session/3cccba18fdaf8a1d6d37a5d186e31a24/execute/async - {"script":"<script> [776 bytes]","args":[{"enterText":"Webdriver878nk","selector":{"id":"application-managecatalogs-display-component---masterCatalogItems--searchItemsField","interaction":{"idSuffix":"I"}},"clearTextFirst":true,"interactionType":"ENTER_TEXT"}]}
RESULT: {}
RESULT: {"script":"<script> [776 bytes]","args":[{"enterText":"Webdriver878nk","selector":{"id":"application-managecatalogs-display-component---masterCatalogItems--searchItemsField","interaction":{"idSuffix":"I"}},"clearTextFirst":true,"interactionType":"ENTER_TEXT"}]}
COMMAND: POST /session/3cccba18fdaf8a1d6d37a5d186e31a24/actions - {"actions":[{"id":"action1","type":"key","parameters":{},"actions":[{"type":"keyDown","value":"î€‡"},{"type":"pause","duration":10},{"type":"keyUp","value":"î€‡"}]}]}
RESULT: {"actions":[{"id":"action1","type":"key","parameters":{},"actions":[{"type":"keyDown","value":"î€‡"},{"type":"pause","duration":10},{"type":"keyUp","value":"î€‡"}]}]}
COMMAND: POST /session/3cccba18fdaf8a1d6d37a5d186e31a24/element - {"using":"xpath","value":"(//span[contains(text(), \"Webdriver878nk\")])[1]"}
COMMAND: GET /session/3cccba18fdaf8a1d6d37a5d186e31a24/screenshot - {}
RESULT: {"using":"xpath","value":"(//span[contains(text(), \"Webdriver878nk\")])[1]"}
COMMAND: POST /session/3cccba18fdaf8a1d6d37a5d186e31a24/element/f.6C30F948534E17F39135471BDF7D734A.d.C06200E5233D183C3ED7E337F2FAB7D1.e.322/click - {}
RESULT: {}
RESULT: {}
COMMAND: GET /session/3cccba18fdaf8a1d6d37a5d186e31a24/screenshot - {}
RESULT: {}
RESULT: undefined
COMMAND: POST /session/3cccba18fdaf8a1d6d37a5d186e31a24/element - {"using":"xpath","value":"//*[@id=\"__button35\"]"}
RESULT: {"using":"xpath","value":"//*[@id=\"__button35\"]"}
COMMAND: POST /session/3cccba18fdaf8a1d6d37a5d186e31a24/element/f.6C30F948534E17F39135471BDF7D734A.d.C06200E5233D183C3ED7E337F2FAB7D1.e.359/click - {}
RESULT: {}
COMMAND: GET /session/3cccba18fdaf8a1d6d37a5d186e31a24/screenshot - {}
RESULT: {}
RESULT: undefined
COMMAND: POST /session/3cccba18fdaf8a1d6d37a5d186e31a24/element - {"using":"xpath","value":"//*[@id=\"__button43-img\"]"}
RESULT: {"using":"xpath","value":"//*[@id=\"__button43-img\"]"}
COMMAND: POST /session/3cccba18fdaf8a1d6d37a5d186e31a24/element/f.6C30F948534E17F39135471BDF7D734A.d.C06200E5233D183C3ED7E337F2FAB7D1.e.408/click - {}
RESULT: {}
COMMAND: GET /session/3cccba18fdaf8a1d6d37a5d186e31a24/screenshot - {}
RESULT: {}
RESULT: undefined
COMMAND: POST /session/3cccba18fdaf8a1d6d37a5d186e31a24/execute/async - {"script":"<script> [776 bytes]","args":[{"enterText":"SecondSection9j94h","selector":{"id":"application-managecatalogs-display-component---detailCatalog--numberInput","searchOpenDialogs":true,"interaction":{"idSuffix":"inner"}},"clearTextFirst":true,"interactionType":"ENTER_TEXT"}]}
RESULT: {"script":"<script> [776 bytes]","args":[{"enterText":"SecondSection9j94h","selector":{"id":"application-managecatalogs-display-component---detailCatalog--numberInput","searchOpenDialogs":true,"interaction":{"idSuffix":"inner"}},"clearTextFirst":true,"interactionType":"ENTER_TEXT"}]}
COMMAND: POST /session/3cccba18fdaf8a1d6d37a5d186e31a24/element - {"using":"xpath","value":"//input[contains(@id ,\"application-managecatalogs-display-component---detailCatalog--nameInput-inner\")]"}
RESULT: {"using":"xpath","value":"//input[contains(@id ,\"application-managecatalogs-display-component---detailCatalog--nameInput-inner\")]"}
COMMAND: POST /session/3cccba18fdaf8a1d6d37a5d186e31a24/elements - {"using":"xpath","value":"//input[contains(@id ,\"application-managecatalogs-display-component---detailCatalog--nameInput-inner\")]"}
RESULT: {"using":"xpath","value":"//input[contains(@id ,\"application-managecatalogs-display-component---detailCatalog--nameInput-inner\")]"}
COMMAND: POST /session/3cccba18fdaf8a1d6d37a5d186e31a24/element/f.6C30F948534E17F39135471BDF7D734A.d.C06200E5233D183C3ED7E337F2FAB7D1.e.412/clear - {}
RESULT: {}
COMMAND: POST /session/3cccba18fdaf8a1d6d37a5d186e31a24/element/f.6C30F948534E17F39135471BDF7D734A.d.C06200E5233D183C3ED7E337F2FAB7D1.e.412/value - {"text":"webdriversecond0su91f"}
COMMAND: GET /session/3cccba18fdaf8a1d6d37a5d186e31a24/screenshot - {}
RESULT: {"text":"webdriversecond0su91f"}
COMMAND: POST /session/3cccba18fdaf8a1d6d37a5d186e31a24/execute/async - {"script":"<script> [1562 bytes]","args":[{"selector":{"id":"application-managecatalogs-display-component---detailCatalog--nameInput","searchOpenDialogs":true,"interaction":{"idSuffix":"inner"}},"wdio_ui5_key":"applicationmanagecatalogs-display-component---detailCatalog--nameInput"}]}
COMMAND: GET /session/3cccba18fdaf8a1d6d37a5d186e31a24/screenshot - {}
RESULT: {}
RESULT: {"script":"<script> [1562 bytes]","args":[{"selector":{"id":"application-managecatalogs-display-component---detailCatalog--nameInput","searchOpenDialogs":true,"interaction":{"idSuffix":"inner"}},"wdio_ui5_key":"applicationmanagecatalogs-display-component---detailCatalog--nameInput"}]}
RESULT: undefined
COMMAND: POST /session/3cccba18fdaf8a1d6d37a5d186e31a24/execute/async - {"script":"<script> [776 bytes]","args":[{"enterText":"webdriversecond0su91f","selector":{"id":"application-managecatalogs-display-component---detailCatalog--nameInput","searchOpenDialogs":true,"interaction":{"idSuffix":"inner"}},"clearTextFirst":true,"interactionType":"ENTER_TEXT"}]}
RESULT: {}
RESULT: {"script":"<script> [776 bytes]","args":[{"enterText":"webdriversecond0su91f","selector":{"id":"application-managecatalogs-display-component---detailCatalog--nameInput","searchOpenDialogs":true,"interaction":{"idSuffix":"inner"}},"clearTextFirst":true,"interactionType":"ENTER_TEXT"}]}
RESULT: undefined
COMMAND: POST /session/3cccba18fdaf8a1d6d37a5d186e31a24/element - {"using":"xpath","value":"//*[@id=\"__button13\"]"}
RESULT: {"using":"xpath","value":"//*[@id=\"__button13\"]"}
COMMAND: POST /session/3cccba18fdaf8a1d6d37a5d186e31a24/element/f.6C30F948534E17F39135471BDF7D734A.d.C06200E5233D183C3ED7E337F2FAB7D1.e.416/click - {}
RESULT: {}
COMMAND: GET /session/3cccba18fdaf8a1d6d37a5d186e31a24/screenshot - {}
RESULT: {}
COMMAND: POST /session/3cccba18fdaf8a1d6d37a5d186e31a24/element - {"using":"xpath","value":"//button[@title=\"Save\"]"}
RESULT: {"using":"xpath","value":"//button[@title=\"Save\"]"}
COMMAND: POST /session/3cccba18fdaf8a1d6d37a5d186e31a24/element/f.6C30F948534E17F39135471BDF7D734A.d.C06200E5233D183C3ED7E337F2FAB7D1.e.394/click - {}
RESULT: {}
COMMAND: GET /session/3cccba18fdaf8a1d6d37a5d186e31a24/screenshot - {}
RESULT: {}
RESULT: undefined
COMMAND: POST /session/3cccba18fdaf8a1d6d37a5d186e31a24/element - {"using":"xpath","value":"//*[@id=\"__button38-img\"]"}
RESULT: {"using":"xpath","value":"//*[@id=\"__button38-img\"]"}
COMMAND: POST /session/3cccba18fdaf8a1d6d37a5d186e31a24/element/f.6C30F948534E17F39135471BDF7D734A.d.C06200E5233D183C3ED7E337F2FAB7D1.e.366/click - {}
RESULT: {}
COMMAND: GET /session/3cccba18fdaf8a1d6d37a5d186e31a24/screenshot - {}
RESULT: {}
RESULT: undefined
COMMAND: POST /session/3cccba18fdaf8a1d6d37a5d186e31a24/element - {"using":"xpath","value":"//*[@id=\"__button11-img\"]"}
RESULT: {"using":"xpath","value":"//*[@id=\"__button11-img\"]"}
COMMAND: POST /session/3cccba18fdaf8a1d6d37a5d186e31a24/element/f.6C30F948534E17F39135471BDF7D734A.d.C06200E5233D183C3ED7E337F2FAB7D1.e.453/click - {}
RESULT: {}
COMMAND: GET /session/3cccba18fdaf8a1d6d37a5d186e31a24/screenshot - {}
RESULT: {}
RESULT: undefined
COMMAND: POST /session/3cccba18fdaf8a1d6d37a5d186e31a24/execute/async - {"script":"<script> [776 bytes]","args":[{"enterText":"SecondSection9j94h","selector":{"id":"application-managecatalogs-display-component---masterCatalogItems--searchItemsField","interaction":{"idSuffix":"I"}},"clearTextFirst":true,"interactionType":"ENTER_TEXT"}]}
RESULT: {"script":"<script> [776 bytes]","args":[{"enterText":"SecondSection9j94h","selector":{"id":"application-managecatalogs-display-component---masterCatalogItems--searchItemsField","interaction":{"idSuffix":"I"}},"clearTextFirst":true,"interactionType":"ENTER_TEXT"}]}
COMMAND: POST /session/3cccba18fdaf8a1d6d37a5d186e31a24/actions - {"actions":[{"id":"action2","type":"key","parameters":{},"actions":[{"type":"keyDown","value":"î€‡"},{"type":"pause","duration":10},{"type":"keyUp","value":"î€‡"}]}]}
RESULT: {"actions":[{"id":"action2","type":"key","parameters":{},"actions":[{"type":"keyDown","value":"î€‡"},{"type":"pause","duration":10},{"type":"keyUp","value":"î€‡"}]}]}
COMMAND: POST /session/3cccba18fdaf8a1d6d37a5d186e31a24/element - {"using":"xpath","value":"(//span[contains(text(), \"SecondSection9j94h\")])[1]"}
COMMAND: GET /session/3cccba18fdaf8a1d6d37a5d186e31a24/screenshot - {}
RESULT: {"using":"xpath","value":"(//span[contains(text(), \"SecondSection9j94h\")])[1]"}
COMMAND: POST /session/3cccba18fdaf8a1d6d37a5d186e31a24/element/f.6C30F948534E17F39135471BDF7D734A.d.C06200E5233D183C3ED7E337F2FAB7D1.e.456/click - {}
RESULT: {}
RESULT: {}
COMMAND: POST /session/3cccba18fdaf8a1d6d37a5d186e31a24/element - {"using":"xpath","value":"(//span[contains(text(), \"SecondSection9j94h\")])[1]"}
COMMAND: GET /session/3cccba18fdaf8a1d6d37a5d186e31a24/screenshot - {}
RESULT: {"using":"xpath","value":"(//span[contains(text(), \"SecondSection9j94h\")])[1]"}
COMMAND: GET /session/3cccba18fdaf8a1d6d37a5d186e31a24/element/f.6C30F948534E17F39135471BDF7D734A.d.C06200E5233D183C3ED7E337F2FAB7D1.e.456/text - {}
RESULT: {}
COMMAND: POST /session/3cccba18fdaf8a1d6d37a5d186e31a24/element - {"using":"xpath","value":"(//span[contains(text(), \"SecondSection9j94h\")])[1]"}
RESULT: {"using":"xpath","value":"(//span[contains(text(), \"SecondSection9j94h\")])[1]"}
COMMAND: GET /session/3cccba18fdaf8a1d6d37a5d186e31a24/element/f.6C30F948534E17F39135471BDF7D734A.d.C06200E5233D183C3ED7E337F2FAB7D1.e.456/text - {}
COMMAND: POST /session/3cccba18fdaf8a1d6d37a5d186e31a24/element - {"using":"xpath","value":"(//span[contains(text(), \"SecondSection9j94h\")])[1]"}
RESULT: {"using":"xpath","value":"(//span[contains(text(), \"SecondSection9j94h\")])[1]"}
COMMAND: GET /session/3cccba18fdaf8a1d6d37a5d186e31a24/element/f.6C30F948534E17F39135471BDF7D734A.d.C06200E5233D183C3ED7E337F2FAB7D1.e.507/text - {}
RESULT: {}
COMMAND: POST /session/3cccba18fdaf8a1d6d37a5d186e31a24/element - {"using":"css selector","value":"#shell-header-logo"}
RESULT: {"using":"css selector","value":"#shell-header-logo"}
COMMAND: POST /session/3cccba18fdaf8a1d6d37a5d186e31a24/element/f.6C30F948534E17F39135471BDF7D734A.d.C06200E5233D183C3ED7E337F2FAB7D1.e.119/click - {}
RESULT: {}
COMMAND: GET /session/3cccba18fdaf8a1d6d37a5d186e31a24/screenshot - {}
RESULT: {}
COMMAND: POST /session/3cccba18fdaf8a1d6d37a5d186e31a24/execute/async - {"script":"<script> [1562 bytes]","args":[{"selector":{"controlType":"sap.m.GenericTile","properties":{"header":"Manage Classifications"}},"wdio_ui5_key":"sapm.GenericTile{\"header\":\"Manage Classifications\"}"}]}
RESULT: {"script":"<script> [1562 bytes]","args":[{"selector":{"controlType":"sap.m.GenericTile","properties":{"header":"Manage Classifications"}},"wdio_ui5_key":"sapm.GenericTile{\"header\":\"Manage Classifications\"}"}]}
RESULT: undefined
COMMAND: POST /session/3cccba18fdaf8a1d6d37a5d186e31a24/element - {"using":"xpath","value":"//*[@id=\"__tile115\"]"}
RESULT: {"using":"xpath","value":"//*[@id=\"__tile115\"]"}
COMMAND: POST /session/3cccba18fdaf8a1d6d37a5d186e31a24/element/f.6C30F948534E17F39135471BDF7D734A.d.C06200E5233D183C3ED7E337F2FAB7D1.e.513/click - {}
RESULT: {}
COMMAND: GET /session/3cccba18fdaf8a1d6d37a5d186e31a24/screenshot - {}
RESULT: {}
]]></system-out>
    </testcase>
  </testsuite>
  <testsuite timestamp="2025-04-25T15:55:20" time="213.394" tests="3" failures="0" errors="0" skipped="0">
    <properties>
      <property name="specId" value="0" />
      <property name="suiteName" value="Manage catalogs - yard assignment classification US138930" />
      <property name="capabilities" value="chrome.135_0_7049_96.windows" />
      <property name="file" value="file:///D:/a/1/s/test/specs/R2C/manage-catalogs-yard-assignment-classification.spec.js" />
    </properties>
    <testcase classname="chrome.135_0_7049_96.windows.Manage_catalogs_-_yard_assignment_classification_US138930" name="Should create a new classification of type yard assignment" time="34.09">
      <system-out><![CDATA[
COMMAND: POST /session/3cccba18fdaf8a1d6d37a5d186e31a24/execute/async - {"script":"<script> [1562 bytes]","args":[{"selector":{"controlType":"sap.ui.core.Icon","viewName":"etm.portal.ui.manageclassifications.view.Master","viewId":"application-manageclassifications-display-component---classificationMaster","properties":{"src":{"regex":{"source":"add"}}}},"wdio_ui5_key":"etmportal.ui.manageclassifications.view.Mastersap.ui.core.Icon{\"src\":{\"regex\":{\"source\":\"add\"}}}"}]}
RESULT: {"script":"<script> [1562 bytes]","args":[{"selector":{"controlType":"sap.ui.core.Icon","viewName":"etm.portal.ui.manageclassifications.view.Master","viewId":"application-manageclassifications-display-component---classificationMaster","properties":{"src":{"regex":{"source":"add"}}}},"wdio_ui5_key":"etmportal.ui.manageclassifications.view.Mastersap.ui.core.Icon{\"src\":{\"regex\":{\"source\":\"add\"}}}"}]}
RESULT: undefined
COMMAND: POST /session/3cccba18fdaf8a1d6d37a5d186e31a24/element - {"using":"xpath","value":"//*[@id=\"__button77-img\"]"}
RESULT: {"using":"xpath","value":"//*[@id=\"__button77-img\"]"}
COMMAND: POST /session/3cccba18fdaf8a1d6d37a5d186e31a24/element/f.6C30F948534E17F39135471BDF7D734A.d.C06200E5233D183C3ED7E337F2FAB7D1.e.550/click - {}
RESULT: {}
COMMAND: POST /session/3cccba18fdaf8a1d6d37a5d186e31a24/execute/async - {"script":"<script> [1562 bytes]","args":[{"selector":{"id":"application-manageclassifications-display-component---classificationCreate--classHeaderName","interaction":{"idSuffix":"inner"}},"wdio_ui5_key":"applicationmanageclassifications-display-component---classificationCreate--classHeaderName"}]}
COMMAND: GET /session/3cccba18fdaf8a1d6d37a5d186e31a24/screenshot - {}
RESULT: {"script":"<script> [1562 bytes]","args":[{"selector":{"id":"application-manageclassifications-display-component---classificationCreate--classHeaderName","interaction":{"idSuffix":"inner"}},"wdio_ui5_key":"applicationmanageclassifications-display-component---classificationCreate--classHeaderName"}]}
RESULT: undefined
COMMAND: POST /session/3cccba18fdaf8a1d6d37a5d186e31a24/execute/async - {"script":"<script> [776 bytes]","args":[{"enterText":"WebdriverYardClass0aq6gh","selector":{"id":"application-manageclassifications-display-component---classificationCreate--classHeaderName","interaction":{"idSuffix":"inner"}},"clearTextFirst":true,"interactionType":"ENTER_TEXT"}]}
RESULT: {}
RESULT: {"script":"<script> [776 bytes]","args":[{"enterText":"WebdriverYardClass0aq6gh","selector":{"id":"application-manageclassifications-display-component---classificationCreate--classHeaderName","interaction":{"idSuffix":"inner"}},"clearTextFirst":true,"interactionType":"ENTER_TEXT"}]}
COMMAND: POST /session/3cccba18fdaf8a1d6d37a5d186e31a24/execute/async - {"script":"<script> [1562 bytes]","args":[{"selector":{"controlType":"sap.ui.core.Icon","viewName":"etm.portal.ui.manageclassifications.view.Create","viewId":"application-manageclassifications-display-component---classificationCreate","properties":{"src":{"regex":{"source":"slim\\-arrow\\-down"}}}},"wdio_ui5_key":"etmportal.ui.manageclassifications.view.Createsap.ui.core.Icon{\"src\":{\"regex\":{\"source\":\"slim\\\\-arrow\\\\-down\"}}}"}]}
RESULT: {"script":"<script> [1562 bytes]","args":[{"selector":{"controlType":"sap.ui.core.Icon","viewName":"etm.portal.ui.manageclassifications.view.Create","viewId":"application-manageclassifications-display-component---classificationCreate","properties":{"src":{"regex":{"source":"slim\\-arrow\\-down"}}}},"wdio_ui5_key":"etmportal.ui.manageclassifications.view.Createsap.ui.core.Icon{\"src\":{\"regex\":{\"source\":\"slim\\\\-arrow\\\\-down\"}}}"}]}
RESULT: undefined
COMMAND: POST /session/3cccba18fdaf8a1d6d37a5d186e31a24/element - {"using":"xpath","value":"//*[@id=\"__box48-arrow\"]"}
RESULT: {"using":"xpath","value":"//*[@id=\"__box48-arrow\"]"}
COMMAND: POST /session/3cccba18fdaf8a1d6d37a5d186e31a24/element/f.6C30F948534E17F39135471BDF7D734A.d.C06200E5233D183C3ED7E337F2FAB7D1.e.966/click - {}
RESULT: {}
COMMAND: POST /session/3cccba18fdaf8a1d6d37a5d186e31a24/execute/async - {"script":"<script> [1562 bytes]","args":[{"selector":{"controlType":"sap.m.StandardListItem","viewName":"etm.portal.ui.manageclassifications.view.Create","viewId":"application-manageclassifications-display-component---classificationCreate","properties":{"title":"Yard assignment"},"searchOpenDialogs":true,"interaction":{"idSuffix":"titleText"}},"wdio_ui5_key":"etmportal.ui.manageclassifications.view.Createsap.m.StandardListItem{\"title\":\"Yard assignment\"}"}]}
COMMAND: GET /session/3cccba18fdaf8a1d6d37a5d186e31a24/screenshot - {}
RESULT: {"script":"<script> [1562 bytes]","args":[{"selector":{"controlType":"sap.m.StandardListItem","viewName":"etm.portal.ui.manageclassifications.view.Create","viewId":"application-manageclassifications-display-component---classificationCreate","properties":{"title":"Yard assignment"},"searchOpenDialogs":true,"interaction":{"idSuffix":"titleText"}},"wdio_ui5_key":"etmportal.ui.manageclassifications.view.Createsap.m.StandardListItem{\"title\":\"Yard assignment\"}"}]}
RESULT: undefined
COMMAND: POST /session/3cccba18fdaf8a1d6d37a5d186e31a24/element - {"using":"xpath","value":"//*[@id=\"__item309\"]"}
RESULT: {}
RESULT: {"using":"xpath","value":"//*[@id=\"__item309\"]"}
COMMAND: POST /session/3cccba18fdaf8a1d6d37a5d186e31a24/element/f.6C30F948534E17F39135471BDF7D734A.d.C06200E5233D183C3ED7E337F2FAB7D1.e.1018/click - {}
RESULT: {}
COMMAND: POST /session/3cccba18fdaf8a1d6d37a5d186e31a24/execute/async - {"script":"<script> [1562 bytes]","args":[{"selector":{"controlType":"sap.ui.core.Icon","viewName":"etm.portal.ui.manageclassifications.view.Create","viewId":"application-manageclassifications-display-component---classificationCreate","properties":{"src":{"regex":{"source":"add"}}}},"wdio_ui5_key":"etmportal.ui.manageclassifications.view.Createsap.ui.core.Icon{\"src\":{\"regex\":{\"source\":\"add\"}}}"}]}
COMMAND: GET /session/3cccba18fdaf8a1d6d37a5d186e31a24/screenshot - {}
RESULT: {"script":"<script> [1562 bytes]","args":[{"selector":{"controlType":"sap.ui.core.Icon","viewName":"etm.portal.ui.manageclassifications.view.Create","viewId":"application-manageclassifications-display-component---classificationCreate","properties":{"src":{"regex":{"source":"add"}}}},"wdio_ui5_key":"etmportal.ui.manageclassifications.view.Createsap.ui.core.Icon{\"src\":{\"regex\":{\"source\":\"add\"}}}"}]}
RESULT: undefined
COMMAND: POST /session/3cccba18fdaf8a1d6d37a5d186e31a24/element - {"using":"xpath","value":"//*[@id=\"__button82-img\"]"}
RESULT: {}
RESULT: {"using":"xpath","value":"//*[@id=\"__button82-img\"]"}
COMMAND: POST /session/3cccba18fdaf8a1d6d37a5d186e31a24/element/f.6C30F948534E17F39135471BDF7D734A.d.C06200E5233D183C3ED7E337F2FAB7D1.e.969/click - {}
RESULT: {}
COMMAND: POST /session/3cccba18fdaf8a1d6d37a5d186e31a24/execute/async - {"script":"<script> [1562 bytes]","args":[{"selector":{"controlType":"sap.m.Input","viewName":"etm.portal.ui.manageclassifications.view.Create","viewId":"application-manageclassifications-display-component---classificationCreate","bindingPath":{"path":"/0","propertyPath":"PROPERTY","modelName":"newConfigModel"},"interaction":{"idSuffix":"inner"}},"wdio_ui5_key":"etmportal.ui.manageclassifications.view.Createsap.m.Input{\"path\":\"/0\",\"propertyPath\":\"PROPERTY\",\"modelName\":\"newConfigModel\"}"}]}
COMMAND: GET /session/3cccba18fdaf8a1d6d37a5d186e31a24/screenshot - {}
RESULT: {"script":"<script> [1562 bytes]","args":[{"selector":{"controlType":"sap.m.Input","viewName":"etm.portal.ui.manageclassifications.view.Create","viewId":"application-manageclassifications-display-component---classificationCreate","bindingPath":{"path":"/0","propertyPath":"PROPERTY","modelName":"newConfigModel"},"interaction":{"idSuffix":"inner"}},"wdio_ui5_key":"etmportal.ui.manageclassifications.view.Createsap.m.Input{\"path\":\"/0\",\"propertyPath\":\"PROPERTY\",\"modelName\":\"newConfigModel\"}"}]}
RESULT: undefined
COMMAND: POST /session/3cccba18fdaf8a1d6d37a5d186e31a24/execute/async - {"script":"<script> [776 bytes]","args":[{"enterText":"101","selector":{"controlType":"sap.m.Input","viewName":"etm.portal.ui.manageclassifications.view.Create","viewId":"application-manageclassifications-display-component---classificationCreate","bindingPath":{"path":"/0","propertyPath":"PROPERTY","modelName":"newConfigModel"},"interaction":{"idSuffix":"inner"}},"clearTextFirst":true,"interactionType":"ENTER_TEXT"}]}
RESULT: {}
RESULT: {"script":"<script> [776 bytes]","args":[{"enterText":"101","selector":{"controlType":"sap.m.Input","viewName":"etm.portal.ui.manageclassifications.view.Create","viewId":"application-manageclassifications-display-component---classificationCreate","bindingPath":{"path":"/0","propertyPath":"PROPERTY","modelName":"newConfigModel"},"interaction":{"idSuffix":"inner"}},"clearTextFirst":true,"interactionType":"ENTER_TEXT"}]}
COMMAND: POST /session/3cccba18fdaf8a1d6d37a5d186e31a24/execute/async - {"script":"<script> [1562 bytes]","args":[{"selector":{"controlType":"sap.m.Input","viewName":"etm.portal.ui.manageclassifications.view.Create","viewId":"application-manageclassifications-display-component---classificationCreate","bindingPath":{"path":"/0","propertyPath":"DESCRIPTION","modelName":"newConfigModel"},"interaction":{"idSuffix":"inner"}},"wdio_ui5_key":"etmportal.ui.manageclassifications.view.Createsap.m.Input{\"path\":\"/0\",\"propertyPath\":\"DESCRIPTION\",\"modelName\":\"newConfigModel\"}"}]}
RESULT: {"script":"<script> [1562 bytes]","args":[{"selector":{"controlType":"sap.m.Input","viewName":"etm.portal.ui.manageclassifications.view.Create","viewId":"application-manageclassifications-display-component---classificationCreate","bindingPath":{"path":"/0","propertyPath":"DESCRIPTION","modelName":"newConfigModel"},"interaction":{"idSuffix":"inner"}},"wdio_ui5_key":"etmportal.ui.manageclassifications.view.Createsap.m.Input{\"path\":\"/0\",\"propertyPath\":\"DESCRIPTION\",\"modelName\":\"newConfigModel\"}"}]}
RESULT: undefined
COMMAND: POST /session/3cccba18fdaf8a1d6d37a5d186e31a24/execute/async - {"script":"<script> [776 bytes]","args":[{"enterText":"yard1","selector":{"controlType":"sap.m.Input","viewName":"etm.portal.ui.manageclassifications.view.Create","viewId":"application-manageclassifications-display-component---classificationCreate","bindingPath":{"path":"/0","propertyPath":"DESCRIPTION","modelName":"newConfigModel"},"interaction":{"idSuffix":"inner"}},"clearTextFirst":true,"interactionType":"ENTER_TEXT"}]}
RESULT: {"script":"<script> [776 bytes]","args":[{"enterText":"yard1","selector":{"controlType":"sap.m.Input","viewName":"etm.portal.ui.manageclassifications.view.Create","viewId":"application-manageclassifications-display-component---classificationCreate","bindingPath":{"path":"/0","propertyPath":"DESCRIPTION","modelName":"newConfigModel"},"interaction":{"idSuffix":"inner"}},"clearTextFirst":true,"interactionType":"ENTER_TEXT"}]}
COMMAND: POST /session/3cccba18fdaf8a1d6d37a5d186e31a24/execute/async - {"script":"<script> [1562 bytes]","args":[{"selector":{"controlType":"sap.ui.core.Icon","viewName":"etm.portal.ui.manageclassifications.view.Create","viewId":"application-manageclassifications-display-component---classificationCreate","properties":{"src":{"regex":{"source":"slim\\-arrow\\-down"}}},"ancestor":{"controlType":"sap.m.ComboBox","viewName":"etm.portal.ui.manageclassifications.view.Create","viewId":"application-manageclassifications-display-component---classificationCreate","bindingPath":{"path":"/0","propertyPath":"VALUE_TYPE","modelName":"newConfigModel"}}},"wdio_ui5_key":"etmportal.ui.manageclassifications.view.Createsap.ui.core.Icon{\"src\":{\"regex\":{\"source\":\"slim\\\\-arrow\\\\-down\"}}}{\"controlType\":\"sap.m.ComboBox\",\"viewName\":\"etm.portal.ui.manageclassifications.view.Create\",\"viewId\":\"application-manageclassifications-display-component---classificationCreate\",\"bindingPath\":{\"path\":\"/0\",\"propertyPath\":\"VALUE_TYPE\",\"modelName\":\"newConfigModel\"}}"}]}
RESULT: {"script":"<script> [1562 bytes]","args":[{"selector":{"controlType":"sap.ui.core.Icon","viewName":"etm.portal.ui.manageclassifications.view.Create","viewId":"application-manageclassifications-display-component---classificationCreate","properties":{"src":{"regex":{"source":"slim\\-arrow\\-down"}}},"ancestor":{"controlType":"sap.m.ComboBox","viewName":"etm.portal.ui.manageclassifications.view.Create","viewId":"application-manageclassifications-display-component---classificationCreate","bindingPath":{"path":"/0","propertyPath":"VALUE_TYPE","modelName":"newConfigModel"}}},"wdio_ui5_key":"etmportal.ui.manageclassifications.view.Createsap.ui.core.Icon{\"src\":{\"regex\":{\"source\":\"slim\\\\-arrow\\\\-down\"}}}{\"controlType\":\"sap.m.ComboBox\",\"viewName\":\"etm.portal.ui.manageclassifications.view.Create\",\"viewId\":\"application-manageclassifications-display-component---classificationCreate\",\"bindingPath\":{\"path\":\"/0\",\"propertyPath\":\"VALUE_TYPE\",\"modelName\":\"newConfigModel\"}}"}]}
RESULT: undefined
COMMAND: POST /session/3cccba18fdaf8a1d6d37a5d186e31a24/element - {"using":"xpath","value":"//*[@id=\"__box49-application-manageclassifications-display-component---classificationCreate--configurationList-0-arrow\"]"}
RESULT: {"using":"xpath","value":"//*[@id=\"__box49-application-manageclassifications-display-component---classificationCreate--configurationList-0-arrow\"]"}
COMMAND: POST /session/3cccba18fdaf8a1d6d37a5d186e31a24/element/f.6C30F948534E17F39135471BDF7D734A.d.C06200E5233D183C3ED7E337F2FAB7D1.e.1027/click - {}
RESULT: {}
COMMAND: POST /session/3cccba18fdaf8a1d6d37a5d186e31a24/execute/async - {"script":"<script> [1562 bytes]","args":[{"selector":{"controlType":"sap.m.StandardListItem","viewName":"etm.portal.ui.manageclassifications.view.Create","viewId":"application-manageclassifications-display-component---classificationCreate","properties":{"title":"Boolean"},"searchOpenDialogs":true,"interaction":{"idSuffix":"content"}},"wdio_ui5_key":"etmportal.ui.manageclassifications.view.Createsap.m.StandardListItem{\"title\":\"Boolean\"}"}]}
COMMAND: GET /session/3cccba18fdaf8a1d6d37a5d186e31a24/screenshot - {}
RESULT: {"script":"<script> [1562 bytes]","args":[{"selector":{"controlType":"sap.m.StandardListItem","viewName":"etm.portal.ui.manageclassifications.view.Create","viewId":"application-manageclassifications-display-component---classificationCreate","properties":{"title":"Boolean"},"searchOpenDialogs":true,"interaction":{"idSuffix":"content"}},"wdio_ui5_key":"etmportal.ui.manageclassifications.view.Createsap.m.StandardListItem{\"title\":\"Boolean\"}"}]}
RESULT: undefined
COMMAND: POST /session/3cccba18fdaf8a1d6d37a5d186e31a24/element - {"using":"xpath","value":"//*[@id=\"__item312\"]"}
RESULT: {}
RESULT: {"using":"xpath","value":"//*[@id=\"__item312\"]"}
COMMAND: POST /session/3cccba18fdaf8a1d6d37a5d186e31a24/element/f.6C30F948534E17F39135471BDF7D734A.d.C06200E5233D183C3ED7E337F2FAB7D1.e.1029/click - {}
RESULT: {}
COMMAND: POST /session/3cccba18fdaf8a1d6d37a5d186e31a24/element - {"using":"xpath","value":"//input[contains(@id ,\"application-manageclassifications-display-component---classificationCreate--classHeaderName-inner\")]"}
COMMAND: GET /session/3cccba18fdaf8a1d6d37a5d186e31a24/screenshot - {}
RESULT: {"using":"xpath","value":"//input[contains(@id ,\"application-manageclassifications-display-component---classificationCreate--classHeaderName-inner\")]"}
COMMAND: GET /session/3cccba18fdaf8a1d6d37a5d186e31a24/element/f.6C30F948534E17F39135471BDF7D734A.d.C06200E5233D183C3ED7E337F2FAB7D1.e.858/property/value - {}
RESULT: {}
RESULT: {}
COMMAND: GET /session/3cccba18fdaf8a1d6d37a5d186e31a24/screenshot - {}
RESULT: {}
COMMAND: POST /session/3cccba18fdaf8a1d6d37a5d186e31a24/element - {"using":"xpath","value":"//button[@title=\"Save\"]"}
RESULT: {"using":"xpath","value":"//button[@title=\"Save\"]"}
COMMAND: POST /session/3cccba18fdaf8a1d6d37a5d186e31a24/element/f.6C30F948534E17F39135471BDF7D734A.d.C06200E5233D183C3ED7E337F2FAB7D1.e.978/click - {}
RESULT: {}
COMMAND: GET /session/3cccba18fdaf8a1d6d37a5d186e31a24/screenshot - {}
RESULT: {}
COMMAND: POST /session/3cccba18fdaf8a1d6d37a5d186e31a24/execute/async - {"script":"<script> [1562 bytes]","args":[{"selector":{"id":"application-manageclassifications-display-component---classificationMaster--smartFilterBar-btnBasicSearch","interaction":{"idSuffix":"I"}},"wdio_ui5_key":"applicationmanageclassifications-display-component---classificationMaster--smartFilterBar-btnBasicSearch"}]}
RESULT: {"script":"<script> [1562 bytes]","args":[{"selector":{"id":"application-manageclassifications-display-component---classificationMaster--smartFilterBar-btnBasicSearch","interaction":{"idSuffix":"I"}},"wdio_ui5_key":"applicationmanageclassifications-display-component---classificationMaster--smartFilterBar-btnBasicSearch"}]}
RESULT: undefined
COMMAND: POST /session/3cccba18fdaf8a1d6d37a5d186e31a24/execute/async - {"script":"<script> [776 bytes]","args":[{"enterText":"WebdriverYardClass0aq6gh","selector":{"id":"application-manageclassifications-display-component---classificationMaster--smartFilterBar-btnBasicSearch","interaction":{"idSuffix":"I"}},"clearTextFirst":true,"interactionType":"ENTER_TEXT"}]}
RESULT: {"script":"<script> [776 bytes]","args":[{"enterText":"WebdriverYardClass0aq6gh","selector":{"id":"application-manageclassifications-display-component---classificationMaster--smartFilterBar-btnBasicSearch","interaction":{"idSuffix":"I"}},"clearTextFirst":true,"interactionType":"ENTER_TEXT"}]}
COMMAND: POST /session/3cccba18fdaf8a1d6d37a5d186e31a24/actions - {"actions":[{"id":"action3","type":"key","parameters":{},"actions":[{"type":"keyDown","value":"î€‡"},{"type":"pause","duration":10},{"type":"keyUp","value":"î€‡"}]}]}
RESULT: {"actions":[{"id":"action3","type":"key","parameters":{},"actions":[{"type":"keyDown","value":"î€‡"},{"type":"pause","duration":10},{"type":"keyUp","value":"î€‡"}]}]}
COMMAND: POST /session/3cccba18fdaf8a1d6d37a5d186e31a24/execute/async - {"script":"<script> [1562 bytes]","args":[{"selector":{"id":"application-manageclassifications-display-component---classificationMaster--smartTable-header"},"wdio_ui5_key":"applicationmanageclassifications-display-component---classificationMaster--smartTable-header"}]}
COMMAND: GET /session/3cccba18fdaf8a1d6d37a5d186e31a24/screenshot - {}
RESULT: {"script":"<script> [1562 bytes]","args":[{"selector":{"id":"application-manageclassifications-display-component---classificationMaster--smartTable-header"},"wdio_ui5_key":"applicationmanageclassifications-display-component---classificationMaster--smartTable-header"}]}
RESULT: undefined
COMMAND: POST /session/3cccba18fdaf8a1d6d37a5d186e31a24/execute/async - {"script":"<script> [6424 bytes]","args":[{"element-6066-11e4-a52e-4f735466cecf":"f.6C30F948534E17F39135471BDF7D734A.d.C06200E5233D183C3ED7E337F2FAB7D1.e.1203"},"getText",[]]}
RESULT: {}
RESULT: {"script":"<script> [6424 bytes]","args":[{"element-6066-11e4-a52e-4f735466cecf":"f.6C30F948534E17F39135471BDF7D734A.d.C06200E5233D183C3ED7E337F2FAB7D1.e.1203"},"getText",[]]}
COMMAND: POST /session/3cccba18fdaf8a1d6d37a5d186e31a24/element - {"using":"css selector","value":"#shell-header-logo"}
RESULT: {"using":"css selector","value":"#shell-header-logo"}
COMMAND: POST /session/3cccba18fdaf8a1d6d37a5d186e31a24/element/f.6C30F948534E17F39135471BDF7D734A.d.C06200E5233D183C3ED7E337F2FAB7D1.e.516/click - {}
RESULT: {}
COMMAND: GET /session/3cccba18fdaf8a1d6d37a5d186e31a24/screenshot - {}
RESULT: {}
]]></system-out>
    </testcase>
    <testcase classname="chrome.135_0_7049_96.windows.Manage_catalogs_-_yard_assignment_classification_US138930" name="Should add the yard classification to a catalog item" time="113.185">
      <system-out><![CDATA[
COMMAND: POST /session/3cccba18fdaf8a1d6d37a5d186e31a24/execute/async - {"script":"<script> [1562 bytes]","args":[{"selector":{"controlType":"sap.m.GenericTile","properties":{"header":"Manage Catalogs"}},"wdio_ui5_key":"sapm.GenericTile{\"header\":\"Manage Catalogs\"}"}]}
RESULT: {"script":"<script> [1562 bytes]","args":[{"selector":{"controlType":"sap.m.GenericTile","properties":{"header":"Manage Catalogs"}},"wdio_ui5_key":"sapm.GenericTile{\"header\":\"Manage Catalogs\"}"}]}
RESULT: undefined
COMMAND: POST /session/3cccba18fdaf8a1d6d37a5d186e31a24/element - {"using":"xpath","value":"//*[@id=\"__tile37\"]"}
RESULT: {"using":"xpath","value":"//*[@id=\"__tile37\"]"}
COMMAND: POST /session/3cccba18fdaf8a1d6d37a5d186e31a24/element/f.6C30F948534E17F39135471BDF7D734A.d.C06200E5233D183C3ED7E337F2FAB7D1.e.116/click - {}
RESULT: {}
COMMAND: GET /session/3cccba18fdaf8a1d6d37a5d186e31a24/screenshot - {}
RESULT: {}
COMMAND: POST /session/3cccba18fdaf8a1d6d37a5d186e31a24/refresh - {}
RESULT: {}
COMMAND: GET /session/3cccba18fdaf8a1d6d37a5d186e31a24/screenshot - {}
RESULT: {}
COMMAND: POST /session/3cccba18fdaf8a1d6d37a5d186e31a24/execute/async - {"script":"<script> [189 bytes]","args":[]}
RESULT: {"script":"<script> [189 bytes]","args":[]}
COMMAND: POST /session/3cccba18fdaf8a1d6d37a5d186e31a24/execute/async - {"script":"<script> [123 bytes]","args":[]}
RESULT: {"script":"<script> [123 bytes]","args":[]}
COMMAND: POST /session/3cccba18fdaf8a1d6d37a5d186e31a24/timeouts - {"script":"<number>"}
RESULT: {"script":"<number>"}
COMMAND: GET /session/3cccba18fdaf8a1d6d37a5d186e31a24/timeouts - {}
RESULT: {}
RESULT: undefined
COMMAND: POST /session/3cccba18fdaf8a1d6d37a5d186e31a24/execute/async - {"script":"<script> [2676 bytes]","args":[]}
RESULT: {"script":"<script> [2676 bytes]","args":[]}
COMMAND: POST /session/3cccba18fdaf8a1d6d37a5d186e31a24/execute/async - {"script":"<script> [2342 bytes]","args":[{"protocol":"http","hostname":"0.0.0.0","path":"/","capabilities":{"browserName":"chrome","goog:chromeOptions":{"binary":"C:\\Program Files\\Google\\Chrome\\Application\\chrome.exe","args":["--start-maximized"]}},"logLevel":"warn","connectionRetryTimeout":120000,"connectionRetryCount":3,"logLevels":{},"enableDirectConnect":true,"strictSSL":true,"_":"65 more keys: [\"cacheDir\",\"port\",\"requestedCapabilities\",\"automationProtocol\",\"baseUrl\",\"waitforInterval\",\"waitforTimeout\",\"onReload\",\"beforeCommand\",\"afterCommand\",\"rootDir\",\"specs\",\"suites\",\"exclude\",\"groupLogsByTestSpec\",\"excludeDriverLogs\",\"bail\",\"framework\",\"reporters\",\"services\",\"maxInstances\",\"maxInstancesPerCapability\",\"injectGlobals\",\"filesToWatch\",\"execArgv\",\"runnerEnv\",\"runner\",\"shard\",\"specFileRetries\",\"specFileRetriesDelay\",\"specFileRetriesDeferred\",\"reporterSyncInterval\",\"reporterSyncTimeout\",\"cucumberFeaturesWithLineNumbers\",\"autoCompileOpts\",\"mochaOpts\",\"jasmineOpts\",\"cucumberOpts\",\"onPrepare\",\"onWorkerStart\",\"onWorkerEnd\",\"before\",\"beforeSession\",\"beforeSuite\",\"beforeHook\",\"beforeTest\",\"afterTest\",\"afterHook\",\"afterSuite\",\"afterSession\",\"after\",\"onComplete\",\"beforeAssertion\",\"afterAssertion\",\"beforeFeature\",\"beforeScenario\",\"beforeStep\",\"afterStep\",\"afterScenario\",\"afterFeature\",\"_\",\"suite\",\"$0\",\"ignoredWorkerServices\",\"wdi5\"]"}]}
RESULT: {"script":"<script> [2342 bytes]","args":[{"protocol":"http","hostname":"0.0.0.0","path":"/","capabilities":{"browserName":"chrome","goog:chromeOptions":{"binary":"C:\\Program Files\\Google\\Chrome\\Application\\chrome.exe","args":["--start-maximized"]}},"logLevel":"warn","connectionRetryTimeout":120000,"connectionRetryCount":3,"logLevels":{},"enableDirectConnect":true,"strictSSL":true,"_":"65 more keys: [\"cacheDir\",\"port\",\"requestedCapabilities\",\"automationProtocol\",\"baseUrl\",\"waitforInterval\",\"waitforTimeout\",\"onReload\",\"beforeCommand\",\"afterCommand\",\"rootDir\",\"specs\",\"suites\",\"exclude\",\"groupLogsByTestSpec\",\"excludeDriverLogs\",\"bail\",\"framework\",\"reporters\",\"services\",\"maxInstances\",\"maxInstancesPerCapability\",\"injectGlobals\",\"filesToWatch\",\"execArgv\",\"runnerEnv\",\"runner\",\"shard\",\"specFileRetries\",\"specFileRetriesDelay\",\"specFileRetriesDeferred\",\"reporterSyncInterval\",\"reporterSyncTimeout\",\"cucumberFeaturesWithLineNumbers\",\"autoCompileOpts\",\"mochaOpts\",\"jasmineOpts\",\"cucumberOpts\",\"onPrepare\",\"onWorkerStart\",\"onWorkerEnd\",\"before\",\"beforeSession\",\"beforeSuite\",\"beforeHook\",\"beforeTest\",\"afterTest\",\"afterHook\",\"afterSuite\",\"afterSession\",\"after\",\"onComplete\",\"beforeAssertion\",\"afterAssertion\",\"beforeFeature\",\"beforeScenario\",\"beforeStep\",\"afterStep\",\"afterScenario\",\"afterFeature\",\"_\",\"suite\",\"$0\",\"ignoredWorkerServices\",\"wdi5\"]"}]}
COMMAND: POST /session/3cccba18fdaf8a1d6d37a5d186e31a24/execute/async - {"script":"<script> [21126 bytes]","args":[35000]}
RESULT: {"script":"<script> [21126 bytes]","args":[35000]}
COMMAND: POST /session/3cccba18fdaf8a1d6d37a5d186e31a24/element - {"using":"xpath","value":"//span[contains(text(), \"Webshop Catalog\")][contains(@id ,\"masterCatalogs\")]"}
RESULT: {"using":"xpath","value":"//span[contains(text(), \"Webshop Catalog\")][contains(@id ,\"masterCatalogs\")]"}
COMMAND: POST /session/3cccba18fdaf8a1d6d37a5d186e31a24/element/f.6C30F948534E17F39135471BDF7D734A.d.DB6F14EACE94C1553D3B078B39BB305F.e.1305/click - {}
RESULT: {}
COMMAND: GET /session/3cccba18fdaf8a1d6d37a5d186e31a24/screenshot - {}
RESULT: {}
COMMAND: POST /session/3cccba18fdaf8a1d6d37a5d186e31a24/element - {"using":"xpath","value":"//input[contains(@id ,\"application-managecatalogs-display-component---masterCatalogItems--searchItemsField-I\")]"}
RESULT: {"using":"xpath","value":"//input[contains(@id ,\"application-managecatalogs-display-component---masterCatalogItems--searchItemsField-I\")]"}
COMMAND: POST /session/3cccba18fdaf8a1d6d37a5d186e31a24/element/f.6C30F948534E17F39135471BDF7D734A.d.DB6F14EACE94C1553D3B078B39BB305F.e.1315/value - {"text":"SecondSection9j94h"}
RESULT: {"text":"SecondSection9j94h"}
COMMAND: POST /session/3cccba18fdaf8a1d6d37a5d186e31a24/actions - {"actions":[{"id":"action4","type":"key","parameters":{},"actions":[{"type":"keyDown","value":"î€‡"},{"type":"pause","duration":10},{"type":"keyUp","value":"î€‡"}]}]}
COMMAND: GET /session/3cccba18fdaf8a1d6d37a5d186e31a24/screenshot - {}
RESULT: {"actions":[{"id":"action4","type":"key","parameters":{},"actions":[{"type":"keyDown","value":"î€‡"},{"type":"pause","duration":10},{"type":"keyUp","value":"î€‡"}]}]}
COMMAND: GET /session/3cccba18fdaf8a1d6d37a5d186e31a24/screenshot - {}
RESULT: {}
RESULT: {}
COMMAND: POST /session/3cccba18fdaf8a1d6d37a5d186e31a24/element - {"using":"xpath","value":"(//span[contains(text(), \"SecondSection9j94h\")])[1]"}
RESULT: {"using":"xpath","value":"(//span[contains(text(), \"SecondSection9j94h\")])[1]"}
COMMAND: POST /session/3cccba18fdaf8a1d6d37a5d186e31a24/element/f.6C30F948534E17F39135471BDF7D734A.d.DB6F14EACE94C1553D3B078B39BB305F.e.1365/click - {}
RESULT: {}
COMMAND: POST /session/3cccba18fdaf8a1d6d37a5d186e31a24/execute/async - {"script":"<script> [1562 bytes]","args":[{"selector":{"controlType":"sap.m.Button","viewName":"etm.portal.ui.managecatalogs.view.Detail","viewId":"application-managecatalogs-display-component---detailCatalog","i18NText":{"propertyName":"text","key":"edit"},"interaction":{"idSuffix":"BDI-content"}},"wdio_ui5_key":"etmportal.ui.managecatalogs.view.Detailsap.m.Button{\"propertyName\":\"text\",\"key\":\"edit\"}"}]}
COMMAND: GET /session/3cccba18fdaf8a1d6d37a5d186e31a24/screenshot - {}
RESULT: {"script":"<script> [1562 bytes]","args":[{"selector":{"controlType":"sap.m.Button","viewName":"etm.portal.ui.managecatalogs.view.Detail","viewId":"application-managecatalogs-display-component---detailCatalog","i18NText":{"propertyName":"text","key":"edit"},"interaction":{"idSuffix":"BDI-content"}},"wdio_ui5_key":"etmportal.ui.managecatalogs.view.Detailsap.m.Button{\"propertyName\":\"text\",\"key\":\"edit\"}"}]}
RESULT: undefined
COMMAND: POST /session/3cccba18fdaf8a1d6d37a5d186e31a24/element - {"using":"xpath","value":"//*[@id=\"__button33\"]"}
RESULT: {}
RESULT: {"using":"xpath","value":"//*[@id=\"__button33\"]"}
COMMAND: POST /session/3cccba18fdaf8a1d6d37a5d186e31a24/element/f.6C30F948534E17F39135471BDF7D734A.d.DB6F14EACE94C1553D3B078B39BB305F.e.1434/click - {}
RESULT: {}
COMMAND: POST /session/3cccba18fdaf8a1d6d37a5d186e31a24/execute/async - {"script":"<script> [1562 bytes]","args":[{"selector":{"controlType":"sap.ui.core.Icon","viewName":"etm.portal.ui.managecatalogs.view.Detail","viewId":"application-managecatalogs-display-component---detailCatalog","properties":{"src":{"regex":{"source":"add\\-document"}}}},"wdio_ui5_key":"etmportal.ui.managecatalogs.view.Detailsap.ui.core.Icon{\"src\":{\"regex\":{\"source\":\"add\\\\-document\"}}}"}]}
COMMAND: GET /session/3cccba18fdaf8a1d6d37a5d186e31a24/screenshot - {}
RESULT: {"script":"<script> [1562 bytes]","args":[{"selector":{"controlType":"sap.ui.core.Icon","viewName":"etm.portal.ui.managecatalogs.view.Detail","viewId":"application-managecatalogs-display-component---detailCatalog","properties":{"src":{"regex":{"source":"add\\-document"}}}},"wdio_ui5_key":"etmportal.ui.managecatalogs.view.Detailsap.ui.core.Icon{\"src\":{\"regex\":{\"source\":\"add\\\\-document\"}}}"}]}
RESULT: undefined
COMMAND: POST /session/3cccba18fdaf8a1d6d37a5d186e31a24/element - {"using":"xpath","value":"//*[@id=\"__button42-img\"]"}
RESULT: {}
RESULT: {"using":"xpath","value":"//*[@id=\"__button42-img\"]"}
COMMAND: POST /session/3cccba18fdaf8a1d6d37a5d186e31a24/element/f.6C30F948534E17F39135471BDF7D734A.d.DB6F14EACE94C1553D3B078B39BB305F.e.1441/click - {}
RESULT: {}
COMMAND: POST /session/3cccba18fdaf8a1d6d37a5d186e31a24/execute/async - {"script":"<script> [1562 bytes]","args":[{"selector":{"id":"application-managecatalogs-display-component---detailCatalog--newItemNumberInput","searchOpenDialogs":true,"interaction":{"idSuffix":"inner"}},"wdio_ui5_key":"applicationmanagecatalogs-display-component---detailCatalog--newItemNumberInput"}]}
COMMAND: GET /session/3cccba18fdaf8a1d6d37a5d186e31a24/screenshot - {}
RESULT: {"script":"<script> [1562 bytes]","args":[{"selector":{"id":"application-managecatalogs-display-component---detailCatalog--newItemNumberInput","searchOpenDialogs":true,"interaction":{"idSuffix":"inner"}},"wdio_ui5_key":"applicationmanagecatalogs-display-component---detailCatalog--newItemNumberInput"}]}
RESULT: undefined
COMMAND: POST /session/3cccba18fdaf8a1d6d37a5d186e31a24/execute/async - {"script":"<script> [776 bytes]","args":[{"enterText":"catalogItemxkemq","selector":{"id":"application-managecatalogs-display-component---detailCatalog--newItemNumberInput","searchOpenDialogs":true,"interaction":{"idSuffix":"inner"}},"clearTextFirst":true,"interactionType":"ENTER_TEXT"}]}
RESULT: {}
RESULT: {"script":"<script> [776 bytes]","args":[{"enterText":"catalogItemxkemq","selector":{"id":"application-managecatalogs-display-component---detailCatalog--newItemNumberInput","searchOpenDialogs":true,"interaction":{"idSuffix":"inner"}},"clearTextFirst":true,"interactionType":"ENTER_TEXT"}]}
COMMAND: POST /session/3cccba18fdaf8a1d6d37a5d186e31a24/execute/async - {"script":"<script> [1562 bytes]","args":[{"selector":{"controlType":"sap.m.Input","viewName":"etm.portal.ui.managecatalogs.view.Detail","viewId":"application-managecatalogs-display-component---detailCatalog","bindingPath":{"path":"","propertyPath":"/DESCRIPTION"},"searchOpenDialogs":true,"interaction":{"idSuffix":"inner"}},"wdio_ui5_key":"etmportal.ui.managecatalogs.view.Detailsap.m.Input{\"path\":\"\",\"propertyPath\":\"/DESCRIPTION\"}"}]}
RESULT: {"script":"<script> [1562 bytes]","args":[{"selector":{"controlType":"sap.m.Input","viewName":"etm.portal.ui.managecatalogs.view.Detail","viewId":"application-managecatalogs-display-component---detailCatalog","bindingPath":{"path":"","propertyPath":"/DESCRIPTION"},"searchOpenDialogs":true,"interaction":{"idSuffix":"inner"}},"wdio_ui5_key":"etmportal.ui.managecatalogs.view.Detailsap.m.Input{\"path\":\"\",\"propertyPath\":\"/DESCRIPTION\"}"}]}
RESULT: undefined
COMMAND: POST /session/3cccba18fdaf8a1d6d37a5d186e31a24/execute/async - {"script":"<script> [776 bytes]","args":[{"enterText":"catalogItemName15lvz","selector":{"controlType":"sap.m.Input","viewName":"etm.portal.ui.managecatalogs.view.Detail","viewId":"application-managecatalogs-display-component---detailCatalog","bindingPath":{"path":"","propertyPath":"/DESCRIPTION"},"searchOpenDialogs":true,"interaction":{"idSuffix":"inner"}},"clearTextFirst":true,"interactionType":"ENTER_TEXT"}]}
RESULT: {"script":"<script> [776 bytes]","args":[{"enterText":"catalogItemName15lvz","selector":{"controlType":"sap.m.Input","viewName":"etm.portal.ui.managecatalogs.view.Detail","viewId":"application-managecatalogs-display-component---detailCatalog","bindingPath":{"path":"","propertyPath":"/DESCRIPTION"},"searchOpenDialogs":true,"interaction":{"idSuffix":"inner"}},"clearTextFirst":true,"interactionType":"ENTER_TEXT"}]}
COMMAND: POST /session/3cccba18fdaf8a1d6d37a5d186e31a24/execute/async - {"script":"<script> [1562 bytes]","args":[{"selector":{"controlType":"sap.m.Button","viewName":"etm.portal.ui.managecatalogs.view.Detail","viewId":"application-managecatalogs-display-component---detailCatalog","i18NText":{"propertyName":"text","key":"create"},"searchOpenDialogs":true,"interaction":{"idSuffix":"BDI-content"}},"wdio_ui5_key":"etmportal.ui.managecatalogs.view.Detailsap.m.Button{\"propertyName\":\"text\",\"key\":\"create\"}"}]}
RESULT: {"script":"<script> [1562 bytes]","args":[{"selector":{"controlType":"sap.m.Button","viewName":"etm.portal.ui.managecatalogs.view.Detail","viewId":"application-managecatalogs-display-component---detailCatalog","i18NText":{"propertyName":"text","key":"create"},"searchOpenDialogs":true,"interaction":{"idSuffix":"BDI-content"}},"wdio_ui5_key":"etmportal.ui.managecatalogs.view.Detailsap.m.Button{\"propertyName\":\"text\",\"key\":\"create\"}"}]}
RESULT: undefined
COMMAND: POST /session/3cccba18fdaf8a1d6d37a5d186e31a24/element - {"using":"xpath","value":"//*[@id=\"__button17\"]"}
RESULT: {"using":"xpath","value":"//*[@id=\"__button17\"]"}
COMMAND: POST /session/3cccba18fdaf8a1d6d37a5d186e31a24/element/f.6C30F948534E17F39135471BDF7D734A.d.DB6F14EACE94C1553D3B078B39BB305F.e.1451/click - {}
RESULT: {}
COMMAND: GET /session/3cccba18fdaf8a1d6d37a5d186e31a24/screenshot - {}
RESULT: {}
COMMAND: POST /session/3cccba18fdaf8a1d6d37a5d186e31a24/element - {"using":"xpath","value":"//button[@title=\"Save\"]"}
RESULT: {"using":"xpath","value":"//button[@title=\"Save\"]"}
COMMAND: POST /session/3cccba18fdaf8a1d6d37a5d186e31a24/element/f.6C30F948534E17F39135471BDF7D734A.d.DB6F14EACE94C1553D3B078B39BB305F.e.1453/click - {}
RESULT: {}
COMMAND: GET /session/3cccba18fdaf8a1d6d37a5d186e31a24/screenshot - {}
RESULT: {}
COMMAND: POST /session/3cccba18fdaf8a1d6d37a5d186e31a24/execute/async - {"script":"<script> [1562 bytes]","args":[{"selector":{"controlType":"sap.ui.core.Icon","viewName":"etm.portal.ui.managecatalogs.view.Detail","viewId":"application-managecatalogs-display-component---detailCatalog","properties":{"src":{"regex":{"source":"decline"}}}},"wdio_ui5_key":"etmportal.ui.managecatalogs.view.Detailsap.ui.core.Icon{\"src\":{\"regex\":{\"source\":\"decline\"}}}"}]}
RESULT: {"script":"<script> [1562 bytes]","args":[{"selector":{"controlType":"sap.ui.core.Icon","viewName":"etm.portal.ui.managecatalogs.view.Detail","viewId":"application-managecatalogs-display-component---detailCatalog","properties":{"src":{"regex":{"source":"decline"}}}},"wdio_ui5_key":"etmportal.ui.managecatalogs.view.Detailsap.ui.core.Icon{\"src\":{\"regex\":{\"source\":\"decline\"}}}"}]}
RESULT: undefined
COMMAND: POST /session/3cccba18fdaf8a1d6d37a5d186e31a24/element - {"using":"xpath","value":"//*[@id=\"__button36-img\"]"}
RESULT: {"using":"xpath","value":"//*[@id=\"__button36-img\"]"}
COMMAND: POST /session/3cccba18fdaf8a1d6d37a5d186e31a24/element/f.6C30F948534E17F39135471BDF7D734A.d.DB6F14EACE94C1553D3B078B39BB305F.e.1458/click - {}
RESULT: {}
COMMAND: GET /session/3cccba18fdaf8a1d6d37a5d186e31a24/screenshot - {}
RESULT: {}
COMMAND: POST /session/3cccba18fdaf8a1d6d37a5d186e31a24/execute/async - {"script":"<script> [1562 bytes]","args":[{"selector":{"controlType":"sap.ui.core.Icon","viewName":"etm.portal.ui.managecatalogs.view.MasterItems","viewId":"application-managecatalogs-display-component---masterCatalogItems","properties":{"src":{"regex":{"source":"refresh"}}}},"wdio_ui5_key":"etmportal.ui.managecatalogs.view.MasterItemssap.ui.core.Icon{\"src\":{\"regex\":{\"source\":\"refresh\"}}}"}]}
RESULT: {"script":"<script> [1562 bytes]","args":[{"selector":{"controlType":"sap.ui.core.Icon","viewName":"etm.portal.ui.managecatalogs.view.MasterItems","viewId":"application-managecatalogs-display-component---masterCatalogItems","properties":{"src":{"regex":{"source":"refresh"}}}},"wdio_ui5_key":"etmportal.ui.managecatalogs.view.MasterItemssap.ui.core.Icon{\"src\":{\"regex\":{\"source\":\"refresh\"}}}"}]}
RESULT: undefined
COMMAND: POST /session/3cccba18fdaf8a1d6d37a5d186e31a24/element - {"using":"xpath","value":"//*[@id=\"__button9-img\"]"}
RESULT: {"using":"xpath","value":"//*[@id=\"__button9-img\"]"}
COMMAND: POST /session/3cccba18fdaf8a1d6d37a5d186e31a24/element/f.6C30F948534E17F39135471BDF7D734A.d.DB6F14EACE94C1553D3B078B39BB305F.e.1492/click - {}
RESULT: {}
COMMAND: GET /session/3cccba18fdaf8a1d6d37a5d186e31a24/screenshot - {}
RESULT: {}
COMMAND: POST /session/3cccba18fdaf8a1d6d37a5d186e31a24/execute/async - {"script":"<script> [1562 bytes]","args":[{"selector":{"id":"application-managecatalogs-display-component---masterCatalogItems--searchItemsField","interaction":{"idSuffix":"I"}},"wdio_ui5_key":"applicationmanagecatalogs-display-component---masterCatalogItems--searchItemsField"}]}
RESULT: {"script":"<script> [1562 bytes]","args":[{"selector":{"id":"application-managecatalogs-display-component---masterCatalogItems--searchItemsField","interaction":{"idSuffix":"I"}},"wdio_ui5_key":"applicationmanagecatalogs-display-component---masterCatalogItems--searchItemsField"}]}
RESULT: undefined
COMMAND: POST /session/3cccba18fdaf8a1d6d37a5d186e31a24/execute/async - {"script":"<script> [776 bytes]","args":[{"enterText":"catalogItemName15lvz","selector":{"id":"application-managecatalogs-display-component---masterCatalogItems--searchItemsField","interaction":{"idSuffix":"I"}},"clearTextFirst":true,"interactionType":"ENTER_TEXT"}]}
RESULT: {"script":"<script> [776 bytes]","args":[{"enterText":"catalogItemName15lvz","selector":{"id":"application-managecatalogs-display-component---masterCatalogItems--searchItemsField","interaction":{"idSuffix":"I"}},"clearTextFirst":true,"interactionType":"ENTER_TEXT"}]}
COMMAND: POST /session/3cccba18fdaf8a1d6d37a5d186e31a24/actions - {"actions":[{"id":"action5","type":"key","parameters":{},"actions":[{"type":"keyDown","value":"î€‡"},{"type":"pause","duration":10},{"type":"keyUp","value":"î€‡"}]}]}
RESULT: {"actions":[{"id":"action5","type":"key","parameters":{},"actions":[{"type":"keyDown","value":"î€‡"},{"type":"pause","duration":10},{"type":"keyUp","value":"î€‡"}]}]}
COMMAND: POST /session/3cccba18fdaf8a1d6d37a5d186e31a24/element - {"using":"xpath","value":"(//span[contains(text(), \"catalogItemName15lvz\")])[1]"}
COMMAND: GET /session/3cccba18fdaf8a1d6d37a5d186e31a24/screenshot - {}
RESULT: {"using":"xpath","value":"(//span[contains(text(), \"catalogItemName15lvz\")])[1]"}
COMMAND: POST /session/3cccba18fdaf8a1d6d37a5d186e31a24/element/f.6C30F948534E17F39135471BDF7D734A.d.DB6F14EACE94C1553D3B078B39BB305F.e.1499/click - {}
RESULT: {}
RESULT: {}
COMMAND: GET /session/3cccba18fdaf8a1d6d37a5d186e31a24/screenshot - {}
RESULT: {}
COMMAND: POST /session/3cccba18fdaf8a1d6d37a5d186e31a24/element - {"using":"xpath","value":"//span[contains(text(), \"catalogItemxkemq\")]"}
RESULT: {"using":"xpath","value":"//span[contains(text(), \"catalogItemxkemq\")]"}
COMMAND: GET /session/3cccba18fdaf8a1d6d37a5d186e31a24/element/f.6C30F948534E17F39135471BDF7D734A.d.DB6F14EACE94C1553D3B078B39BB305F.e.1553/text - {}
RESULT: {}
RESULT: undefined
COMMAND: POST /session/3cccba18fdaf8a1d6d37a5d186e31a24/element - {"using":"xpath","value":"//*[@id=\"__button33\"]"}
RESULT: {"using":"xpath","value":"//*[@id=\"__button33\"]"}
COMMAND: POST /session/3cccba18fdaf8a1d6d37a5d186e31a24/element/f.6C30F948534E17F39135471BDF7D734A.d.DB6F14EACE94C1553D3B078B39BB305F.e.1563/click - {}
RESULT: {}
COMMAND: GET /session/3cccba18fdaf8a1d6d37a5d186e31a24/screenshot - {}
RESULT: {}
COMMAND: POST /session/3cccba18fdaf8a1d6d37a5d186e31a24/execute/async - {"script":"<script> [1562 bytes]","args":[{"selector":{"id":"application-managecatalogs-display-component---detailCatalog--BASE_UNIT_OF_MEASURE-arrow"},"wdio_ui5_key":"applicationmanagecatalogs-display-component---detailCatalog--BASE_UNIT_OF_MEASURE-arrow"}]}
RESULT: {"script":"<script> [1562 bytes]","args":[{"selector":{"id":"application-managecatalogs-display-component---detailCatalog--BASE_UNIT_OF_MEASURE-arrow"},"wdio_ui5_key":"applicationmanagecatalogs-display-component---detailCatalog--BASE_UNIT_OF_MEASURE-arrow"}]}
RESULT: undefined
COMMAND: POST /session/3cccba18fdaf8a1d6d37a5d186e31a24/element - {"using":"xpath","value":"//*[@id=\"application-managecatalogs-display-component---detailCatalog--BASE_UNIT_OF_MEASURE-arrow\"]"}
RESULT: {"using":"xpath","value":"//*[@id=\"application-managecatalogs-display-component---detailCatalog--BASE_UNIT_OF_MEASURE-arrow\"]"}
COMMAND: POST /session/3cccba18fdaf8a1d6d37a5d186e31a24/element/f.6C30F948534E17F39135471BDF7D734A.d.DB6F14EACE94C1553D3B078B39BB305F.e.1591/click - {}
RESULT: {}
COMMAND: GET /session/3cccba18fdaf8a1d6d37a5d186e31a24/screenshot - {}
RESULT: {}
COMMAND: POST /session/3cccba18fdaf8a1d6d37a5d186e31a24/execute/async - {"script":"<script> [1562 bytes]","args":[{"selector":{"controlType":"sap.m.StandardListItem","viewName":"etm.portal.ui.managecatalogs.view.Detail","viewId":"application-managecatalogs-display-component---detailCatalog","properties":{"title":"Piece"},"searchOpenDialogs":true,"interaction":{"idSuffix":"titleText"}},"wdio_ui5_key":"etmportal.ui.managecatalogs.view.Detailsap.m.StandardListItem{\"title\":\"Piece\"}"}]}
RESULT: {"script":"<script> [1562 bytes]","args":[{"selector":{"controlType":"sap.m.StandardListItem","viewName":"etm.portal.ui.managecatalogs.view.Detail","viewId":"application-managecatalogs-display-component---detailCatalog","properties":{"title":"Piece"},"searchOpenDialogs":true,"interaction":{"idSuffix":"titleText"}},"wdio_ui5_key":"etmportal.ui.managecatalogs.view.Detailsap.m.StandardListItem{\"title\":\"Piece\"}"}]}
RESULT: undefined
COMMAND: POST /session/3cccba18fdaf8a1d6d37a5d186e31a24/element - {"using":"xpath","value":"//*[@id=\"__item220\"]"}
RESULT: {"using":"xpath","value":"//*[@id=\"__item220\"]"}
COMMAND: POST /session/3cccba18fdaf8a1d6d37a5d186e31a24/element/f.6C30F948534E17F39135471BDF7D734A.d.DB6F14EACE94C1553D3B078B39BB305F.e.1595/click - {}
RESULT: {}
COMMAND: POST /session/3cccba18fdaf8a1d6d37a5d186e31a24/execute/async - {"script":"<script> [1562 bytes]","args":[{"selector":{"controlType":"sap.ui.core.Icon","viewName":"etm.portal.ui.managecatalogs.view.Detail","viewId":"application-managecatalogs-display-component---detailCatalog","properties":{"src":{"regex":{"source":"add"}}},"ancestor":{"controlType":"sap.m.Button","viewName":"etm.portal.ui.managecatalogs.view.Detail","viewId":"application-managecatalogs-display-component---detailCatalog","i18NText":{"propertyName":"tooltip","key":"addClass"}}},"wdio_ui5_key":"etmportal.ui.managecatalogs.view.Detailsap.ui.core.Icon{\"src\":{\"regex\":{\"source\":\"add\"}}}{\"controlType\":\"sap.m.Button\",\"viewName\":\"etm.portal.ui.managecatalogs.view.Detail\",\"viewId\":\"application-managecatalogs-display-component---detailCatalog\",\"i18NText\":{\"propertyName\":\"tooltip\",\"key\":\"addClass\"}}"}]}
COMMAND: GET /session/3cccba18fdaf8a1d6d37a5d186e31a24/screenshot - {}
RESULT: {"script":"<script> [1562 bytes]","args":[{"selector":{"controlType":"sap.ui.core.Icon","viewName":"etm.portal.ui.managecatalogs.view.Detail","viewId":"application-managecatalogs-display-component---detailCatalog","properties":{"src":{"regex":{"source":"add"}}},"ancestor":{"controlType":"sap.m.Button","viewName":"etm.portal.ui.managecatalogs.view.Detail","viewId":"application-managecatalogs-display-component---detailCatalog","i18NText":{"propertyName":"tooltip","key":"addClass"}}},"wdio_ui5_key":"etmportal.ui.managecatalogs.view.Detailsap.ui.core.Icon{\"src\":{\"regex\":{\"source\":\"add\"}}}{\"controlType\":\"sap.m.Button\",\"viewName\":\"etm.portal.ui.managecatalogs.view.Detail\",\"viewId\":\"application-managecatalogs-display-component---detailCatalog\",\"i18NText\":{\"propertyName\":\"tooltip\",\"key\":\"addClass\"}}"}]}
RESULT: undefined
COMMAND: POST /session/3cccba18fdaf8a1d6d37a5d186e31a24/element - {"using":"xpath","value":"//*[@id=\"__button39-img\"]"}
RESULT: {}
RESULT: {"using":"xpath","value":"//*[@id=\"__button39-img\"]"}
COMMAND: POST /session/3cccba18fdaf8a1d6d37a5d186e31a24/element/f.6C30F948534E17F39135471BDF7D734A.d.DB6F14EACE94C1553D3B078B39BB305F.e.1596/click - {}
RESULT: {}
COMMAND: GET /session/3cccba18fdaf8a1d6d37a5d186e31a24/screenshot - {}
RESULT: {}
COMMAND: POST /session/3cccba18fdaf8a1d6d37a5d186e31a24/element - {"using":"xpath","value":"//input[contains(@id ,\"searchField-I\")]"}
RESULT: {"using":"xpath","value":"//input[contains(@id ,\"searchField-I\")]"}
COMMAND: POST /session/3cccba18fdaf8a1d6d37a5d186e31a24/element/f.6C30F948534E17F39135471BDF7D734A.d.DB6F14EACE94C1553D3B078B39BB305F.e.1600/value - {"text":"WebdriverYardClass0aq6gh"}
RESULT: {"text":"WebdriverYardClass0aq6gh"}
COMMAND: POST /session/3cccba18fdaf8a1d6d37a5d186e31a24/actions - {"actions":[{"id":"action6","type":"key","parameters":{},"actions":[{"type":"keyDown","value":"î€‡"},{"type":"pause","duration":10},{"type":"keyUp","value":"î€‡"}]}]}
COMMAND: GET /session/3cccba18fdaf8a1d6d37a5d186e31a24/screenshot - {}
RESULT: {"actions":[{"id":"action6","type":"key","parameters":{},"actions":[{"type":"keyDown","value":"î€‡"},{"type":"pause","duration":10},{"type":"keyUp","value":"î€‡"}]}]}
COMMAND: GET /session/3cccba18fdaf8a1d6d37a5d186e31a24/screenshot - {}
RESULT: {}
RESULT: {}
COMMAND: POST /session/3cccba18fdaf8a1d6d37a5d186e31a24/element - {"using":"xpath","value":"//span[contains(text(), \"WebdriverYardClass0aq6gh\")]"}
RESULT: {"using":"xpath","value":"//span[contains(text(), \"WebdriverYardClass0aq6gh\")]"}
COMMAND: POST /session/3cccba18fdaf8a1d6d37a5d186e31a24/element/f.6C30F948534E17F39135471BDF7D734A.d.DB6F14EACE94C1553D3B078B39BB305F.e.1634/click - {}
RESULT: {}
COMMAND: GET /session/3cccba18fdaf8a1d6d37a5d186e31a24/screenshot - {}
RESULT: {}
COMMAND: POST /session/3cccba18fdaf8a1d6d37a5d186e31a24/execute/async - {"script":"<script> [1562 bytes]","args":[{"selector":{"controlType":"sap.m.Button","viewName":"etm.portal.ui.managecatalogs.view.Detail","viewId":"application-managecatalogs-display-component---detailCatalog","properties":{"text":"Classification"},"interaction":{"idSuffix":"BDI-content"}},"wdio_ui5_key":"etmportal.ui.managecatalogs.view.Detailsap.m.Button{\"text\":\"Classification\"}"}]}
RESULT: {"script":"<script> [1562 bytes]","args":[{"selector":{"controlType":"sap.m.Button","viewName":"etm.portal.ui.managecatalogs.view.Detail","viewId":"application-managecatalogs-display-component---detailCatalog","properties":{"text":"Classification"},"interaction":{"idSuffix":"BDI-content"}},"wdio_ui5_key":"etmportal.ui.managecatalogs.view.Detailsap.m.Button{\"text\":\"Classification\"}"}]}
RESULT: undefined
COMMAND: POST /session/3cccba18fdaf8a1d6d37a5d186e31a24/element - {"using":"xpath","value":"//*[@id=\"application-managecatalogs-display-component---detailCatalog--ObjectPageLayout-anchBar-__section3-anchor\"]"}
RESULT: {"using":"xpath","value":"//*[@id=\"application-managecatalogs-display-component---detailCatalog--ObjectPageLayout-anchBar-__section3-anchor\"]"}
COMMAND: POST /session/3cccba18fdaf8a1d6d37a5d186e31a24/element/f.6C30F948534E17F39135471BDF7D734A.d.DB6F14EACE94C1553D3B078B39BB305F.e.1640/click - {}
RESULT: {}
COMMAND: GET /session/3cccba18fdaf8a1d6d37a5d186e31a24/screenshot - {}
RESULT: {}
COMMAND: POST /session/3cccba18fdaf8a1d6d37a5d186e31a24/element - {"using":"xpath","value":"//span[contains(@id ,\"expandButton-img\")]"}
RESULT: {"using":"xpath","value":"//span[contains(@id ,\"expandButton-img\")]"}
COMMAND: POST /session/3cccba18fdaf8a1d6d37a5d186e31a24/element/f.6C30F948534E17F39135471BDF7D734A.d.DB6F14EACE94C1553D3B078B39BB305F.e.1645/click - {}
RESULT: {}
COMMAND: POST /session/3cccba18fdaf8a1d6d37a5d186e31a24/execute/async - {"script":"<script> [1562 bytes]","args":[{"selector":{"controlType":"sap.m.CheckBox","viewName":"etm.portal.ui.managecatalogs.view.Detail","viewId":"application-managecatalogs-display-component---detailCatalog","bindingPath":{"path":"/data/0/PROPERTIES/0","propertyPath":"SELECTED","modelName":"classModel"},"interaction":{"idSuffix":"CbBg"}},"wdio_ui5_key":"etmportal.ui.managecatalogs.view.Detailsap.m.CheckBox{\"path\":\"/data/0/PROPERTIES/0\",\"propertyPath\":\"SELECTED\",\"modelName\":\"classModel\"}"}]}
COMMAND: GET /session/3cccba18fdaf8a1d6d37a5d186e31a24/screenshot - {}
RESULT: {"script":"<script> [1562 bytes]","args":[{"selector":{"controlType":"sap.m.CheckBox","viewName":"etm.portal.ui.managecatalogs.view.Detail","viewId":"application-managecatalogs-display-component---detailCatalog","bindingPath":{"path":"/data/0/PROPERTIES/0","propertyPath":"SELECTED","modelName":"classModel"},"interaction":{"idSuffix":"CbBg"}},"wdio_ui5_key":"etmportal.ui.managecatalogs.view.Detailsap.m.CheckBox{\"path\":\"/data/0/PROPERTIES/0\",\"propertyPath\":\"SELECTED\",\"modelName\":\"classModel\"}"}]}
RESULT: undefined
COMMAND: POST /session/3cccba18fdaf8a1d6d37a5d186e31a24/element - {"using":"xpath","value":"//*[@id=\"__box32\"]"}
RESULT: {}
RESULT: {"using":"xpath","value":"//*[@id=\"__box32\"]"}
COMMAND: POST /session/3cccba18fdaf8a1d6d37a5d186e31a24/element/f.6C30F948534E17F39135471BDF7D734A.d.DB6F14EACE94C1553D3B078B39BB305F.e.1660/click - {}
RESULT: {}
RESULT: undefined
COMMAND: POST /session/3cccba18fdaf8a1d6d37a5d186e31a24/execute/async - {"script":"<script> [6424 bytes]","args":[{"element-6066-11e4-a52e-4f735466cecf":"f.6C30F948534E17F39135471BDF7D734A.d.DB6F14EACE94C1553D3B078B39BB305F.e.1658"},"getSelected",[]]}
COMMAND: GET /session/3cccba18fdaf8a1d6d37a5d186e31a24/screenshot - {}
RESULT: {"script":"<script> [6424 bytes]","args":[{"element-6066-11e4-a52e-4f735466cecf":"f.6C30F948534E17F39135471BDF7D734A.d.DB6F14EACE94C1553D3B078B39BB305F.e.1658"},"getSelected",[]]}
COMMAND: POST /session/3cccba18fdaf8a1d6d37a5d186e31a24/execute/async - {"script":"<script> [1562 bytes]","args":[{"selector":{"controlType":"sap.m.Button","viewName":"etm.portal.ui.managecatalogs.view.Detail","viewId":"application-managecatalogs-display-component---detailCatalog","i18NText":{"propertyName":"text","key":"save"},"interaction":{"idSuffix":"BDI-content"}},"wdio_ui5_key":"etmportal.ui.managecatalogs.view.Detailsap.m.Button{\"propertyName\":\"text\",\"key\":\"save\"}"}]}
RESULT: {}
RESULT: {"script":"<script> [1562 bytes]","args":[{"selector":{"controlType":"sap.m.Button","viewName":"etm.portal.ui.managecatalogs.view.Detail","viewId":"application-managecatalogs-display-component---detailCatalog","i18NText":{"propertyName":"text","key":"save"},"interaction":{"idSuffix":"BDI-content"}},"wdio_ui5_key":"etmportal.ui.managecatalogs.view.Detailsap.m.Button{\"propertyName\":\"text\",\"key\":\"save\"}"}]}
RESULT: undefined
COMMAND: POST /session/3cccba18fdaf8a1d6d37a5d186e31a24/element - {"using":"xpath","value":"//*[@id=\"__button51\"]"}
RESULT: {"using":"xpath","value":"//*[@id=\"__button51\"]"}
COMMAND: POST /session/3cccba18fdaf8a1d6d37a5d186e31a24/element/f.6C30F948534E17F39135471BDF7D734A.d.DB6F14EACE94C1553D3B078B39BB305F.e.1565/click - {}
RESULT: {}
COMMAND: GET /session/3cccba18fdaf8a1d6d37a5d186e31a24/screenshot - {}
RESULT: {}
COMMAND: POST /session/3cccba18fdaf8a1d6d37a5d186e31a24/element - {"using":"css selector","value":"#shell-header-logo"}
RESULT: {"using":"css selector","value":"#shell-header-logo"}
COMMAND: POST /session/3cccba18fdaf8a1d6d37a5d186e31a24/element/f.6C30F948534E17F39135471BDF7D734A.d.DB6F14EACE94C1553D3B078B39BB305F.e.1306/click - {}
RESULT: {}
COMMAND: GET /session/3cccba18fdaf8a1d6d37a5d186e31a24/screenshot - {}
RESULT: {}
]]></system-out>
    </testcase>
    <testcase classname="chrome.135_0_7049_96.windows.Manage_catalogs_-_yard_assignment_classification_US138930" name="Should verify if the catalog item is visible after selecting the yard" time="49.343">
      <system-out><![CDATA[
COMMAND: POST /session/3cccba18fdaf8a1d6d37a5d186e31a24/execute/async - {"script":"<script> [1562 bytes]","args":[{"selector":{"controlType":"sap.m.Text","properties":{"text":"Webshop"},"interaction":{"idSuffix":"inner"}},"wdio_ui5_key":"sapm.Text{\"text\":\"Webshop\"}"}]}
RESULT: {"script":"<script> [1562 bytes]","args":[{"selector":{"controlType":"sap.m.Text","properties":{"text":"Webshop"},"interaction":{"idSuffix":"inner"}},"wdio_ui5_key":"sapm.Text{\"text\":\"Webshop\"}"}]}
RESULT: undefined
COMMAND: POST /session/3cccba18fdaf8a1d6d37a5d186e31a24/element - {"using":"xpath","value":"//*[@id=\"__tile49-title\"]"}
RESULT: {"using":"xpath","value":"//*[@id=\"__tile49-title\"]"}
COMMAND: POST /session/3cccba18fdaf8a1d6d37a5d186e31a24/element/f.6C30F948534E17F39135471BDF7D734A.d.DB6F14EACE94C1553D3B078B39BB305F.e.1689/click - {}
RESULT: {}
COMMAND: GET /session/3cccba18fdaf8a1d6d37a5d186e31a24/screenshot - {}
RESULT: {}
COMMAND: POST /session/3cccba18fdaf8a1d6d37a5d186e31a24/element - {"using":"css selector","value":"#requestCreationDialog--createRequestPopUp-title-inner"}
RESULT: {"using":"css selector","value":"#requestCreationDialog--createRequestPopUp-title-inner"}
COMMAND: POST /session/3cccba18fdaf8a1d6d37a5d186e31a24/execute/sync - {"script":"<script> [8489 bytes]","args":[{"element-6066-11e4-a52e-4f735466cecf":"f.6C30F948534E17F39135471BDF7D734A.d.DB6F14EACE94C1553D3B078B39BB305F.e.1719","ELEMENT":"f.6C30F948534E17F39135471BDF7D734A.d.DB6F14EACE94C1553D3B078B39BB305F.e.1719"}]}
RESULT: {"script":"<script> [8489 bytes]","args":[{"element-6066-11e4-a52e-4f735466cecf":"f.6C30F948534E17F39135471BDF7D734A.d.DB6F14EACE94C1553D3B078B39BB305F.e.1719","ELEMENT":"f.6C30F948534E17F39135471BDF7D734A.d.DB6F14EACE94C1553D3B078B39BB305F.e.1719"}]}
COMMAND: GET /session/3cccba18fdaf8a1d6d37a5d186e31a24/element/f.6C30F948534E17F39135471BDF7D734A.d.DB6F14EACE94C1553D3B078B39BB305F.e.1719/enabled - {}
COMMAND: GET /session/3cccba18fdaf8a1d6d37a5d186e31a24/screenshot - {}
RESULT: {}
COMMAND: POST /session/3cccba18fdaf8a1d6d37a5d186e31a24/elements - {"using":"css selector","value":"#requestCreationDialog--createRequestPopUp-title-inner"}
COMMAND: GET /session/3cccba18fdaf8a1d6d37a5d186e31a24/screenshot - {}
RESULT: {}
RESULT: {"using":"css selector","value":"#requestCreationDialog--createRequestPopUp-title-inner"}
COMMAND: POST /session/3cccba18fdaf8a1d6d37a5d186e31a24/execute/async - {"script":"<script> [1562 bytes]","args":[{"selector":{"id":"requestCreationDialog--requestName","searchOpenDialogs":true,"interaction":{"idSuffix":"inner"}},"wdio_ui5_key":"requestCreationDialogrequestName"}]}
RESULT: {}
RESULT: {"script":"<script> [1562 bytes]","args":[{"selector":{"id":"requestCreationDialog--requestName","searchOpenDialogs":true,"interaction":{"idSuffix":"inner"}},"wdio_ui5_key":"requestCreationDialogrequestName"}]}
RESULT: undefined
COMMAND: POST /session/3cccba18fdaf8a1d6d37a5d186e31a24/execute/async - {"script":"<script> [776 bytes]","args":[{"enterText":"WebdriverTest","selector":{"id":"requestCreationDialog--requestName","searchOpenDialogs":true,"interaction":{"idSuffix":"inner"}},"clearTextFirst":true,"interactionType":"ENTER_TEXT"}]}
RESULT: {"script":"<script> [776 bytes]","args":[{"enterText":"WebdriverTest","selector":{"id":"requestCreationDialog--requestName","searchOpenDialogs":true,"interaction":{"idSuffix":"inner"}},"clearTextFirst":true,"interactionType":"ENTER_TEXT"}]}
COMMAND: POST /session/3cccba18fdaf8a1d6d37a5d186e31a24/element - {"using":"xpath","value":"//input[contains(@id ,\"requestCreationDialog--yardId-inner\")]"}
RESULT: {"using":"xpath","value":"//input[contains(@id ,\"requestCreationDialog--yardId-inner\")]"}
COMMAND: POST /session/3cccba18fdaf8a1d6d37a5d186e31a24/element/f.6C30F948534E17F39135471BDF7D734A.d.DB6F14EACE94C1553D3B078B39BB305F.e.1706/clear - {}
RESULT: {}
COMMAND: POST /session/3cccba18fdaf8a1d6d37a5d186e31a24/element/f.6C30F948534E17F39135471BDF7D734A.d.DB6F14EACE94C1553D3B078B39BB305F.e.1706/value - {"text":"101"}
COMMAND: GET /session/3cccba18fdaf8a1d6d37a5d186e31a24/screenshot - {}
RESULT: {"text":"101"}
COMMAND: GET /session/3cccba18fdaf8a1d6d37a5d186e31a24/screenshot - {}
RESULT: {}
RESULT: {}
COMMAND: POST /session/3cccba18fdaf8a1d6d37a5d186e31a24/execute/async - {"script":"<script> [1562 bytes]","args":[{"selector":{"id":"requestCreationDialog--okButton","searchOpenDialogs":true,"interaction":{"idSuffix":"BDI-content"}},"wdio_ui5_key":"requestCreationDialogokButton"}]}
RESULT: {"script":"<script> [1562 bytes]","args":[{"selector":{"id":"requestCreationDialog--okButton","searchOpenDialogs":true,"interaction":{"idSuffix":"BDI-content"}},"wdio_ui5_key":"requestCreationDialogokButton"}]}
RESULT: undefined
COMMAND: POST /session/3cccba18fdaf8a1d6d37a5d186e31a24/element - {"using":"xpath","value":"//*[@id=\"requestCreationDialog--okButton\"]"}
RESULT: {"using":"xpath","value":"//*[@id=\"requestCreationDialog--okButton\"]"}
COMMAND: POST /session/3cccba18fdaf8a1d6d37a5d186e31a24/element/f.6C30F948534E17F39135471BDF7D734A.d.DB6F14EACE94C1553D3B078B39BB305F.e.1724/click - {}
RESULT: {}
COMMAND: GET /session/3cccba18fdaf8a1d6d37a5d186e31a24/screenshot - {}
RESULT: {}
COMMAND: POST /session/3cccba18fdaf8a1d6d37a5d186e31a24/element - {"using":"xpath","value":"//input[contains(@id ,\"searchFiledId-I\")]"}
RESULT: {"using":"xpath","value":"//input[contains(@id ,\"searchFiledId-I\")]"}
COMMAND: POST /session/3cccba18fdaf8a1d6d37a5d186e31a24/element/f.6C30F948534E17F39135471BDF7D734A.d.DB6F14EACE94C1553D3B078B39BB305F.e.1695/value - {"text":"catalogItemxkemq"}
RESULT: {"text":"catalogItemxkemq"}
COMMAND: POST /session/3cccba18fdaf8a1d6d37a5d186e31a24/actions - {"actions":[{"id":"action7","type":"key","parameters":{},"actions":[{"type":"keyDown","value":"î€‡"},{"type":"pause","duration":10},{"type":"keyUp","value":"î€‡"}]}]}
COMMAND: GET /session/3cccba18fdaf8a1d6d37a5d186e31a24/screenshot - {}
RESULT: {"actions":[{"id":"action7","type":"key","parameters":{},"actions":[{"type":"keyDown","value":"î€‡"},{"type":"pause","duration":10},{"type":"keyUp","value":"î€‡"}]}]}
COMMAND: GET /session/3cccba18fdaf8a1d6d37a5d186e31a24/screenshot - {}
RESULT: {}
COMMAND: POST /session/3cccba18fdaf8a1d6d37a5d186e31a24/element - {"using":"xpath","value":"//span[contains(@id ,\"subTitle\")][contains(text(), \"catalogItemxkemq\")]"}
RESULT: {}
RESULT: {"using":"xpath","value":"//span[contains(@id ,\"subTitle\")][contains(text(), \"catalogItemxkemq\")]"}
COMMAND: POST /session/3cccba18fdaf8a1d6d37a5d186e31a24/element - {"using":"xpath","value":"//span[contains(@id ,\"subTitle\")][contains(text(), \"catalogItemxkemq\")]"}
RESULT: {"using":"xpath","value":"//span[contains(@id ,\"subTitle\")][contains(text(), \"catalogItemxkemq\")]"}
COMMAND: POST /session/3cccba18fdaf8a1d6d37a5d186e31a24/execute/async - {"script":"<script> [1562 bytes]","args":[{"selector":{"controlType":"sap.tnt.NavigationListItem","viewName":"etm.portal.ui.webshop.view.Homepage","i18NText":{"propertyName":"text","key":"exit"},"interaction":{"idSuffix":"a"}},"wdio_ui5_key":"etmportal.ui.webshop.view.Homepagesap.tnt.NavigationListItem{\"propertyName\":\"text\",\"key\":\"exit\"}"}]}
RESULT: {"script":"<script> [1562 bytes]","args":[{"selector":{"controlType":"sap.tnt.NavigationListItem","viewName":"etm.portal.ui.webshop.view.Homepage","i18NText":{"propertyName":"text","key":"exit"},"interaction":{"idSuffix":"a"}},"wdio_ui5_key":"etmportal.ui.webshop.view.Homepagesap.tnt.NavigationListItem{\"propertyName\":\"text\",\"key\":\"exit\"}"}]}
RESULT: undefined
COMMAND: POST /session/3cccba18fdaf8a1d6d37a5d186e31a24/element - {"using":"xpath","value":"//*[@id=\"__item270\"]"}
RESULT: {"using":"xpath","value":"//*[@id=\"__item270\"]"}
COMMAND: POST /session/3cccba18fdaf8a1d6d37a5d186e31a24/element/f.6C30F948534E17F39135471BDF7D734A.d.DB6F14EACE94C1553D3B078B39BB305F.e.1732/click - {}
RESULT: {}
]]></system-out>
    </testcase>
  </testsuite>
  <testsuite timestamp="2025-04-25T15:58:54" time="10.98" tests="1" failures="0" errors="0" skipped="0">
    <properties>
      <property name="specId" value="0" />
      <property name="suiteName" value="Catalogs section" />
      <property name="capabilities" value="chrome.135_0_7049_96.windows" />
      <property name="file" value="file:///D:/a/1/s/test/specs/R2C/manage-catalogs-values-section.spec.js" />
    </properties>
    <testcase classname="chrome.135_0_7049_96.windows.Catalogs_section" name="Should add values to a catalog item" time="10.977">
      <system-out><![CDATA[
COMMAND: POST /session/3cccba18fdaf8a1d6d37a5d186e31a24/element - {"using":"xpath","value":"//li[contains(@data-kt ,\"exitNavigationListItem\")]"}
COMMAND: GET /session/3cccba18fdaf8a1d6d37a5d186e31a24/screenshot - {}
RESULT: {"using":"xpath","value":"//li[contains(@data-kt ,\"exitNavigationListItem\")]"}
COMMAND: POST /session/3cccba18fdaf8a1d6d37a5d186e31a24/element - {"using":"xpath","value":"//li[contains(@data-kt ,\"exitNavigationListItem\")]"}
RESULT: {}
RESULT: {"using":"xpath","value":"//li[contains(@data-kt ,\"exitNavigationListItem\")]"}
COMMAND: POST /session/3cccba18fdaf8a1d6d37a5d186e31a24/element - {"using":"xpath","value":"//span[contains(@id ,\"requestCreationDialog--createRequestPopUp-title-inner\")]"}
RESULT: {"using":"xpath","value":"//span[contains(@id ,\"requestCreationDialog--createRequestPopUp-title-inner\")]"}
COMMAND: POST /session/3cccba18fdaf8a1d6d37a5d186e31a24/elements - {"using":"xpath","value":"//span[contains(@id ,\"requestCreationDialog--createRequestPopUp-title-inner\")]"}
RESULT: {"using":"xpath","value":"//span[contains(@id ,\"requestCreationDialog--createRequestPopUp-title-inner\")]"}
COMMAND: POST /session/3cccba18fdaf8a1d6d37a5d186e31a24/element - {"using":"css selector","value":"#shell-header-logo"}
RESULT: {"using":"css selector","value":"#shell-header-logo"}
COMMAND: POST /session/3cccba18fdaf8a1d6d37a5d186e31a24/element/f.6C30F948534E17F39135471BDF7D734A.d.DB6F14EACE94C1553D3B078B39BB305F.e.1743/click - {}
RESULT: {}
COMMAND: GET /session/3cccba18fdaf8a1d6d37a5d186e31a24/screenshot - {}
RESULT: {}
]]></system-out>
    </testcase>
  </testsuite>
  <testsuite timestamp="2025-04-25T15:59:05" time="231.436" tests="4" failures="3" errors="3" skipped="0">
    <properties>
      <property name="specId" value="0" />
      <property name="suiteName" value="Verify RU inventory split cost information US139363" />
      <property name="capabilities" value="chrome.135_0_7049_96.windows" />
      <property name="file" value="file:///D:/a/1/s/test/specs/R2C/verify-ru-inventory-split-cost-information.spec.js" />
    </properties>
    <testcase classname="chrome.135_0_7049_96.windows.Verify_RU_inventory_split_cost_information_US139363" name="Should create a new contract" time="87.77">
      <system-out><![CDATA[
COMMAND: POST /session/3cccba18fdaf8a1d6d37a5d186e31a24/execute/async - {"script":"<script> [1562 bytes]","args":[{"selector":{"controlType":"sap.m.Text","viewName":"etm.portal.ui.managecontractstile.view.Master","properties":{"text":"Manage Contracts"},"interaction":{"idSuffix":"inner"}},"wdio_ui5_key":"etmportal.ui.managecontractstile.view.Mastersap.m.Text{\"text\":\"Manage Contracts\"}"}]}
RESULT: {"script":"<script> [1562 bytes]","args":[{"selector":{"controlType":"sap.m.Text","viewName":"etm.portal.ui.managecontractstile.view.Master","properties":{"text":"Manage Contracts"},"interaction":{"idSuffix":"inner"}},"wdio_ui5_key":"etmportal.ui.managecontractstile.view.Mastersap.m.Text{\"text\":\"Manage Contracts\"}"}]}
RESULT: undefined
COMMAND: POST /session/3cccba18fdaf8a1d6d37a5d186e31a24/element - {"using":"xpath","value":"//*[@id=\"__tile130-title\"]"}
RESULT: {"using":"xpath","value":"//*[@id=\"__tile130-title\"]"}
COMMAND: POST /session/3cccba18fdaf8a1d6d37a5d186e31a24/element/f.6C30F948534E17F39135471BDF7D734A.d.DB6F14EACE94C1553D3B078B39BB305F.e.1745/click - {}
RESULT: {}
COMMAND: GET /session/3cccba18fdaf8a1d6d37a5d186e31a24/screenshot - {}
RESULT: {}
COMMAND: POST /session/3cccba18fdaf8a1d6d37a5d186e31a24/element - {"using":"xpath","value":"//button[@data-kt=\"addButton\"]"}
RESULT: {"using":"xpath","value":"//button[@data-kt=\"addButton\"]"}
COMMAND: POST /session/3cccba18fdaf8a1d6d37a5d186e31a24/element/f.6C30F948534E17F39135471BDF7D734A.d.DB6F14EACE94C1553D3B078B39BB305F.e.1789/click - {}
RESULT: {}
COMMAND: GET /session/3cccba18fdaf8a1d6d37a5d186e31a24/screenshot - {}
RESULT: {}
COMMAND: POST /session/3cccba18fdaf8a1d6d37a5d186e31a24/execute/async - {"script":"<script> [1562 bytes]","args":[{"selector":{"id":"application-managecontracts-display-component---AddNewContract--projectDescription","interaction":{"idSuffix":"inner"}},"wdio_ui5_key":"applicationmanagecontracts-display-component---AddNewContract--projectDescription"}]}
RESULT: {"script":"<script> [1562 bytes]","args":[{"selector":{"id":"application-managecontracts-display-component---AddNewContract--projectDescription","interaction":{"idSuffix":"inner"}},"wdio_ui5_key":"applicationmanagecontracts-display-component---AddNewContract--projectDescription"}]}
RESULT: undefined
COMMAND: POST /session/3cccba18fdaf8a1d6d37a5d186e31a24/execute/async - {"script":"<script> [776 bytes]","args":[{"enterText":"WdIOR2cln3ns","selector":{"id":"application-managecontracts-display-component---AddNewContract--projectDescription","interaction":{"idSuffix":"inner"}},"clearTextFirst":true,"interactionType":"ENTER_TEXT"}]}
RESULT: {"script":"<script> [776 bytes]","args":[{"enterText":"WdIOR2cln3ns","selector":{"id":"application-managecontracts-display-component---AddNewContract--projectDescription","interaction":{"idSuffix":"inner"}},"clearTextFirst":true,"interactionType":"ENTER_TEXT"}]}
COMMAND: POST /session/3cccba18fdaf8a1d6d37a5d186e31a24/element - {"using":"xpath","value":"//input[@id=\"application-managecontracts-display-component---AddNewContract--yardId-inner\"]"}
RESULT: {"using":"xpath","value":"//input[@id=\"application-managecontracts-display-component---AddNewContract--yardId-inner\"]"}
COMMAND: POST /session/3cccba18fdaf8a1d6d37a5d186e31a24/element/f.6C30F948534E17F39135471BDF7D734A.d.DB6F14EACE94C1553D3B078B39BB305F.e.2075/clear - {}
RESULT: {}
COMMAND: POST /session/3cccba18fdaf8a1d6d37a5d186e31a24/element/f.6C30F948534E17F39135471BDF7D734A.d.DB6F14EACE94C1553D3B078B39BB305F.e.2075/value - {"text":"webdriveryard"}
COMMAND: GET /session/3cccba18fdaf8a1d6d37a5d186e31a24/screenshot - {}
RESULT: {"text":"webdriveryard"}
COMMAND: GET /session/3cccba18fdaf8a1d6d37a5d186e31a24/screenshot - {}
RESULT: {}
RESULT: {}
COMMAND: POST /session/3cccba18fdaf8a1d6d37a5d186e31a24/actions - {"actions":[{"id":"action8","type":"key","parameters":{},"actions":[{"type":"keyDown","value":"î€‡"},{"type":"pause","duration":10},{"type":"keyUp","value":"î€‡"}]}]}
RESULT: {"actions":[{"id":"action8","type":"key","parameters":{},"actions":[{"type":"keyDown","value":"î€‡"},{"type":"pause","duration":10},{"type":"keyUp","value":"î€‡"}]}]}
COMMAND: GET /session/3cccba18fdaf8a1d6d37a5d186e31a24/screenshot - {}
RESULT: {}
COMMAND: POST /session/3cccba18fdaf8a1d6d37a5d186e31a24/element - {"using":"xpath","value":"//input[@id=\"application-managecontracts-display-component---AddNewContract--customerSelect-inner\"]"}
RESULT: {"using":"xpath","value":"//input[@id=\"application-managecontracts-display-component---AddNewContract--customerSelect-inner\"]"}
COMMAND: POST /session/3cccba18fdaf8a1d6d37a5d186e31a24/element/f.6C30F948534E17F39135471BDF7D734A.d.DB6F14EACE94C1553D3B078B39BB305F.e.2073/clear - {}
RESULT: {}
COMMAND: POST /session/3cccba18fdaf8a1d6d37a5d186e31a24/element/f.6C30F948534E17F39135471BDF7D734A.d.DB6F14EACE94C1553D3B078B39BB305F.e.2073/value - {"text":"webdriverpartner"}
COMMAND: GET /session/3cccba18fdaf8a1d6d37a5d186e31a24/screenshot - {}
RESULT: {"text":"webdriverpartner"}
COMMAND: GET /session/3cccba18fdaf8a1d6d37a5d186e31a24/screenshot - {}
RESULT: {}
RESULT: {}
COMMAND: POST /session/3cccba18fdaf8a1d6d37a5d186e31a24/actions - {"actions":[{"id":"action9","type":"key","parameters":{},"actions":[{"type":"keyDown","value":"î€‡"},{"type":"pause","duration":10},{"type":"keyUp","value":"î€‡"}]}]}
RESULT: {"actions":[{"id":"action9","type":"key","parameters":{},"actions":[{"type":"keyDown","value":"î€‡"},{"type":"pause","duration":10},{"type":"keyUp","value":"î€‡"}]}]}
COMMAND: GET /session/3cccba18fdaf8a1d6d37a5d186e31a24/screenshot - {}
RESULT: {}
COMMAND: POST /session/3cccba18fdaf8a1d6d37a5d186e31a24/element - {"using":"xpath","value":"//input[@id=\"application-managecontracts-display-component---AddNewContract--site-inner\"]"}
RESULT: {"using":"xpath","value":"//input[@id=\"application-managecontracts-display-component---AddNewContract--site-inner\"]"}
COMMAND: POST /session/3cccba18fdaf8a1d6d37a5d186e31a24/element/f.6C30F948534E17F39135471BDF7D734A.d.DB6F14EACE94C1553D3B078B39BB305F.e.2074/clear - {}
RESULT: {}
COMMAND: POST /session/3cccba18fdaf8a1d6d37a5d186e31a24/element/f.6C30F948534E17F39135471BDF7D734A.d.DB6F14EACE94C1553D3B078B39BB305F.e.2074/value - {"text":"Webdriversite"}
COMMAND: GET /session/3cccba18fdaf8a1d6d37a5d186e31a24/screenshot - {}
RESULT: {"text":"Webdriversite"}
COMMAND: GET /session/3cccba18fdaf8a1d6d37a5d186e31a24/screenshot - {}
RESULT: {}
RESULT: {}
COMMAND: POST /session/3cccba18fdaf8a1d6d37a5d186e31a24/actions - {"actions":[{"id":"action10","type":"key","parameters":{},"actions":[{"type":"keyDown","value":"î€‡"},{"type":"pause","duration":10},{"type":"keyUp","value":"î€‡"}]}]}
RESULT: {"actions":[{"id":"action10","type":"key","parameters":{},"actions":[{"type":"keyDown","value":"î€‡"},{"type":"pause","duration":10},{"type":"keyUp","value":"î€‡"}]}]}
COMMAND: GET /session/3cccba18fdaf8a1d6d37a5d186e31a24/screenshot - {}
RESULT: {}
COMMAND: POST /session/3cccba18fdaf8a1d6d37a5d186e31a24/element - {"using":"xpath","value":"//button[@data-kt=\"saveButton\"]"}
RESULT: {"using":"xpath","value":"//button[@data-kt=\"saveButton\"]"}
COMMAND: POST /session/3cccba18fdaf8a1d6d37a5d186e31a24/element/f.6C30F948534E17F39135471BDF7D734A.d.DB6F14EACE94C1553D3B078B39BB305F.e.2094/click - {}
RESULT: {}
COMMAND: GET /session/3cccba18fdaf8a1d6d37a5d186e31a24/screenshot - {}
RESULT: {}
COMMAND: POST /session/3cccba18fdaf8a1d6d37a5d186e31a24/execute/async - {"script":"<script> [1562 bytes]","args":[{"selector":{"id":"contractDetailTitleNoExpanded","viewName":"etm.portal.ui.managecontracts.view.Detail"},"wdio_ui5_key":"contractDetailTitleNoExpandedetmportal.ui.managecontracts.view.Detail"}]}
RESULT: {"script":"<script> [1562 bytes]","args":[{"selector":{"id":"contractDetailTitleNoExpanded","viewName":"etm.portal.ui.managecontracts.view.Detail"},"wdio_ui5_key":"contractDetailTitleNoExpandedetmportal.ui.managecontracts.view.Detail"}]}
RESULT: undefined
COMMAND: POST /session/3cccba18fdaf8a1d6d37a5d186e31a24/execute/async - {"script":"<script> [6424 bytes]","args":[{"element-6066-11e4-a52e-4f735466cecf":"f.6C30F948534E17F39135471BDF7D734A.d.DB6F14EACE94C1553D3B078B39BB305F.e.2177"},"getText",[]]}
RESULT: {"script":"<script> [6424 bytes]","args":[{"element-6066-11e4-a52e-4f735466cecf":"f.6C30F948534E17F39135471BDF7D734A.d.DB6F14EACE94C1553D3B078B39BB305F.e.2177"},"getText",[]]}
COMMAND: POST /session/3cccba18fdaf8a1d6d37a5d186e31a24/element - {"using":"css selector","value":"#shell-header-logo"}
RESULT: {"using":"css selector","value":"#shell-header-logo"}
COMMAND: POST /session/3cccba18fdaf8a1d6d37a5d186e31a24/element/f.6C30F948534E17F39135471BDF7D734A.d.DB6F14EACE94C1553D3B078B39BB305F.e.1743/click - {}
RESULT: {}
COMMAND: GET /session/3cccba18fdaf8a1d6d37a5d186e31a24/screenshot - {}
RESULT: {}
]]></system-out>
    </testcase>
  </testsuite>
</testsuites>