<?xml version="1.0" encoding="UTF-8"?>
<testsuites tests="58" failures="4" errors="4" skipped="0">
  <testsuite timestamp="2025-05-03T17:08:15" time="1160.774" tests="11" failures="0" errors="0" skipped="0">
    <properties>
      <property name="specId" value="0" />
      <property name="suiteName" value="Billing confirm US117289" />
      <property name="capabilities" value="chrome.135_0_7049_96.windows" />
      <property name="file" value="file:///D:/a/1/s/test/specs/BTS/billing-confirm.spec.js" />
    </properties>
    <testcase classname="chrome.135_0_7049_96.windows.Billing_confirm_US117289" name="Should create a new yard" time="147.639">
      <system-out><![CDATA[
COMMAND: POST /session/ba2432913a596e5fc4fa14806f816f85/window/fullscreen - {}
RESULT: {}
COMMAND: POST /session/ba2432913a596e5fc4fa14806f816f85/execute/async - {"script":"<script> [1562 bytes]","args":[{"selector":{"controlType":"sap.m.GenericTile","properties":{"header":"Manage Yards"}},"wdio_ui5_key":"sapm.GenericTile{\"header\":\"Manage Yards\"}"}]}
RESULT: {"script":"<script> [1562 bytes]","args":[{"selector":{"controlType":"sap.m.GenericTile","properties":{"header":"Manage Yards"}},"wdio_ui5_key":"sapm.GenericTile{\"header\":\"Manage Yards\"}"}]}
RESULT: undefined
COMMAND: POST /session/ba2432913a596e5fc4fa14806f816f85/element - {"using":"xpath","value":"//*[@id=\"__tile41\"]"}
RESULT: {"using":"xpath","value":"//*[@id=\"__tile41\"]"}
COMMAND: POST /session/ba2432913a596e5fc4fa14806f816f85/element/f.FF9A1E5259EB1E6B709B859A36B64A29.d.3A8E875757434DF8C7CE990BB7CC7C0F.e.151/click - {}
RESULT: {}
COMMAND: POST /session/ba2432913a596e5fc4fa14806f816f85/element - {"using":"xpath","value":"//button[@data-kt=\"addNewYardOverflowToolbarButton\"]"}
COMMAND: GET /session/ba2432913a596e5fc4fa14806f816f85/screenshot - {}
RESULT: {"using":"xpath","value":"//button[@data-kt=\"addNewYardOverflowToolbarButton\"]"}
COMMAND: POST /session/ba2432913a596e5fc4fa14806f816f85/elements - {"using":"xpath","value":"//button[@data-kt=\"addNewYardOverflowToolbarButton\"]"}
RESULT: {}
RESULT: {"using":"xpath","value":"//button[@data-kt=\"addNewYardOverflowToolbarButton\"]"}
COMMAND: POST /session/ba2432913a596e5fc4fa14806f816f85/elements - {"using":"xpath","value":"//button[@data-kt=\"addNewYardOverflowToolbarButton\"]"}
RESULT: {"using":"xpath","value":"//button[@data-kt=\"addNewYardOverflowToolbarButton\"]"}
COMMAND: POST /session/ba2432913a596e5fc4fa14806f816f85/elements - {"using":"xpath","value":"//button[@data-kt=\"addNewYardOverflowToolbarButton\"]"}
RESULT: {"using":"xpath","value":"//button[@data-kt=\"addNewYardOverflowToolbarButton\"]"}
COMMAND: POST /session/ba2432913a596e5fc4fa14806f816f85/elements - {"using":"xpath","value":"//button[@data-kt=\"addNewYardOverflowToolbarButton\"]"}
RESULT: {"using":"xpath","value":"//button[@data-kt=\"addNewYardOverflowToolbarButton\"]"}
COMMAND: POST /session/ba2432913a596e5fc4fa14806f816f85/elements - {"using":"xpath","value":"//button[@data-kt=\"addNewYardOverflowToolbarButton\"]"}
RESULT: {"using":"xpath","value":"//button[@data-kt=\"addNewYardOverflowToolbarButton\"]"}
COMMAND: POST /session/ba2432913a596e5fc4fa14806f816f85/elements - {"using":"xpath","value":"//button[@data-kt=\"addNewYardOverflowToolbarButton\"]"}
RESULT: {"using":"xpath","value":"//button[@data-kt=\"addNewYardOverflowToolbarButton\"]"}
COMMAND: POST /session/ba2432913a596e5fc4fa14806f816f85/elements - {"using":"xpath","value":"//button[@data-kt=\"addNewYardOverflowToolbarButton\"]"}
RESULT: {"using":"xpath","value":"//button[@data-kt=\"addNewYardOverflowToolbarButton\"]"}
COMMAND: POST /session/ba2432913a596e5fc4fa14806f816f85/elements - {"using":"xpath","value":"//button[@data-kt=\"addNewYardOverflowToolbarButton\"]"}
RESULT: {"using":"xpath","value":"//button[@data-kt=\"addNewYardOverflowToolbarButton\"]"}
COMMAND: POST /session/ba2432913a596e5fc4fa14806f816f85/elements - {"using":"xpath","value":"//button[@data-kt=\"addNewYardOverflowToolbarButton\"]"}
RESULT: {"using":"xpath","value":"//button[@data-kt=\"addNewYardOverflowToolbarButton\"]"}
COMMAND: POST /session/ba2432913a596e5fc4fa14806f816f85/elements - {"using":"xpath","value":"//button[@data-kt=\"addNewYardOverflowToolbarButton\"]"}
RESULT: {"using":"xpath","value":"//button[@data-kt=\"addNewYardOverflowToolbarButton\"]"}
COMMAND: POST /session/ba2432913a596e5fc4fa14806f816f85/elements - {"using":"xpath","value":"//button[@data-kt=\"addNewYardOverflowToolbarButton\"]"}
RESULT: {"using":"xpath","value":"//button[@data-kt=\"addNewYardOverflowToolbarButton\"]"}
COMMAND: POST /session/ba2432913a596e5fc4fa14806f816f85/elements - {"using":"xpath","value":"//button[@data-kt=\"addNewYardOverflowToolbarButton\"]"}
RESULT: {"using":"xpath","value":"//button[@data-kt=\"addNewYardOverflowToolbarButton\"]"}
COMMAND: POST /session/ba2432913a596e5fc4fa14806f816f85/elements - {"using":"xpath","value":"//button[@data-kt=\"addNewYardOverflowToolbarButton\"]"}
RESULT: {"using":"xpath","value":"//button[@data-kt=\"addNewYardOverflowToolbarButton\"]"}
COMMAND: POST /session/ba2432913a596e5fc4fa14806f816f85/elements - {"using":"xpath","value":"//button[@data-kt=\"addNewYardOverflowToolbarButton\"]"}
RESULT: {"using":"xpath","value":"//button[@data-kt=\"addNewYardOverflowToolbarButton\"]"}
COMMAND: POST /session/ba2432913a596e5fc4fa14806f816f85/elements - {"using":"xpath","value":"//button[@data-kt=\"addNewYardOverflowToolbarButton\"]"}
RESULT: {"using":"xpath","value":"//button[@data-kt=\"addNewYardOverflowToolbarButton\"]"}
COMMAND: POST /session/ba2432913a596e5fc4fa14806f816f85/elements - {"using":"xpath","value":"//button[@data-kt=\"addNewYardOverflowToolbarButton\"]"}
RESULT: {"using":"xpath","value":"//button[@data-kt=\"addNewYardOverflowToolbarButton\"]"}
COMMAND: POST /session/ba2432913a596e5fc4fa14806f816f85/elements - {"using":"xpath","value":"//button[@data-kt=\"addNewYardOverflowToolbarButton\"]"}
RESULT: {"using":"xpath","value":"//button[@data-kt=\"addNewYardOverflowToolbarButton\"]"}
COMMAND: POST /session/ba2432913a596e5fc4fa14806f816f85/elements - {"using":"xpath","value":"//button[@data-kt=\"addNewYardOverflowToolbarButton\"]"}
RESULT: {"using":"xpath","value":"//button[@data-kt=\"addNewYardOverflowToolbarButton\"]"}
COMMAND: POST /session/ba2432913a596e5fc4fa14806f816f85/elements - {"using":"xpath","value":"//button[@data-kt=\"addNewYardOverflowToolbarButton\"]"}
RESULT: {"using":"xpath","value":"//button[@data-kt=\"addNewYardOverflowToolbarButton\"]"}
COMMAND: POST /session/ba2432913a596e5fc4fa14806f816f85/elements - {"using":"xpath","value":"//button[@data-kt=\"addNewYardOverflowToolbarButton\"]"}
RESULT: {"using":"xpath","value":"//button[@data-kt=\"addNewYardOverflowToolbarButton\"]"}
COMMAND: POST /session/ba2432913a596e5fc4fa14806f816f85/elements - {"using":"xpath","value":"//button[@data-kt=\"addNewYardOverflowToolbarButton\"]"}
RESULT: {"using":"xpath","value":"//button[@data-kt=\"addNewYardOverflowToolbarButton\"]"}
COMMAND: POST /session/ba2432913a596e5fc4fa14806f816f85/elements - {"using":"xpath","value":"//button[@data-kt=\"addNewYardOverflowToolbarButton\"]"}
RESULT: {"using":"xpath","value":"//button[@data-kt=\"addNewYardOverflowToolbarButton\"]"}
COMMAND: POST /session/ba2432913a596e5fc4fa14806f816f85/elements - {"using":"xpath","value":"//button[@data-kt=\"addNewYardOverflowToolbarButton\"]"}
RESULT: {"using":"xpath","value":"//button[@data-kt=\"addNewYardOverflowToolbarButton\"]"}
COMMAND: POST /session/ba2432913a596e5fc4fa14806f816f85/elements - {"using":"xpath","value":"//button[@data-kt=\"addNewYardOverflowToolbarButton\"]"}
RESULT: {"using":"xpath","value":"//button[@data-kt=\"addNewYardOverflowToolbarButton\"]"}
COMMAND: POST /session/ba2432913a596e5fc4fa14806f816f85/elements - {"using":"xpath","value":"//button[@data-kt=\"addNewYardOverflowToolbarButton\"]"}
RESULT: {"using":"xpath","value":"//button[@data-kt=\"addNewYardOverflowToolbarButton\"]"}
COMMAND: POST /session/ba2432913a596e5fc4fa14806f816f85/elements - {"using":"xpath","value":"//button[@data-kt=\"addNewYardOverflowToolbarButton\"]"}
RESULT: {"using":"xpath","value":"//button[@data-kt=\"addNewYardOverflowToolbarButton\"]"}
COMMAND: POST /session/ba2432913a596e5fc4fa14806f816f85/elements - {"using":"xpath","value":"//button[@data-kt=\"addNewYardOverflowToolbarButton\"]"}
RESULT: {"using":"xpath","value":"//button[@data-kt=\"addNewYardOverflowToolbarButton\"]"}
COMMAND: POST /session/ba2432913a596e5fc4fa14806f816f85/elements - {"using":"xpath","value":"//button[@data-kt=\"addNewYardOverflowToolbarButton\"]"}
RESULT: {"using":"xpath","value":"//button[@data-kt=\"addNewYardOverflowToolbarButton\"]"}
COMMAND: POST /session/ba2432913a596e5fc4fa14806f816f85/elements - {"using":"xpath","value":"//button[@data-kt=\"addNewYardOverflowToolbarButton\"]"}
RESULT: {"using":"xpath","value":"//button[@data-kt=\"addNewYardOverflowToolbarButton\"]"}
COMMAND: POST /session/ba2432913a596e5fc4fa14806f816f85/elements - {"using":"xpath","value":"//button[@data-kt=\"addNewYardOverflowToolbarButton\"]"}
RESULT: {"using":"xpath","value":"//button[@data-kt=\"addNewYardOverflowToolbarButton\"]"}
COMMAND: POST /session/ba2432913a596e5fc4fa14806f816f85/elements - {"using":"xpath","value":"//button[@data-kt=\"addNewYardOverflowToolbarButton\"]"}
RESULT: {"using":"xpath","value":"//button[@data-kt=\"addNewYardOverflowToolbarButton\"]"}
COMMAND: POST /session/ba2432913a596e5fc4fa14806f816f85/elements - {"using":"xpath","value":"//button[@data-kt=\"addNewYardOverflowToolbarButton\"]"}
RESULT: {"using":"xpath","value":"//button[@data-kt=\"addNewYardOverflowToolbarButton\"]"}
COMMAND: POST /session/ba2432913a596e5fc4fa14806f816f85/elements - {"using":"xpath","value":"//button[@data-kt=\"addNewYardOverflowToolbarButton\"]"}
RESULT: {"using":"xpath","value":"//button[@data-kt=\"addNewYardOverflowToolbarButton\"]"}
COMMAND: POST /session/ba2432913a596e5fc4fa14806f816f85/elements - {"using":"xpath","value":"//button[@data-kt=\"addNewYardOverflowToolbarButton\"]"}
RESULT: {"using":"xpath","value":"//button[@data-kt=\"addNewYardOverflowToolbarButton\"]"}
COMMAND: POST /session/ba2432913a596e5fc4fa14806f816f85/elements - {"using":"xpath","value":"//button[@data-kt=\"addNewYardOverflowToolbarButton\"]"}
RESULT: {"using":"xpath","value":"//button[@data-kt=\"addNewYardOverflowToolbarButton\"]"}
COMMAND: POST /session/ba2432913a596e5fc4fa14806f816f85/elements - {"using":"xpath","value":"//button[@data-kt=\"addNewYardOverflowToolbarButton\"]"}
RESULT: {"using":"xpath","value":"//button[@data-kt=\"addNewYardOverflowToolbarButton\"]"}
COMMAND: POST /session/ba2432913a596e5fc4fa14806f816f85/elements - {"using":"xpath","value":"//button[@data-kt=\"addNewYardOverflowToolbarButton\"]"}
RESULT: {"using":"xpath","value":"//button[@data-kt=\"addNewYardOverflowToolbarButton\"]"}
COMMAND: POST /session/ba2432913a596e5fc4fa14806f816f85/elements - {"using":"xpath","value":"//button[@data-kt=\"addNewYardOverflowToolbarButton\"]"}
RESULT: {"using":"xpath","value":"//button[@data-kt=\"addNewYardOverflowToolbarButton\"]"}
COMMAND: POST /session/ba2432913a596e5fc4fa14806f816f85/elements - {"using":"xpath","value":"//button[@data-kt=\"addNewYardOverflowToolbarButton\"]"}
RESULT: {"using":"xpath","value":"//button[@data-kt=\"addNewYardOverflowToolbarButton\"]"}
COMMAND: POST /session/ba2432913a596e5fc4fa14806f816f85/elements - {"using":"xpath","value":"//button[@data-kt=\"addNewYardOverflowToolbarButton\"]"}
RESULT: {"using":"xpath","value":"//button[@data-kt=\"addNewYardOverflowToolbarButton\"]"}
COMMAND: POST /session/ba2432913a596e5fc4fa14806f816f85/elements - {"using":"xpath","value":"//button[@data-kt=\"addNewYardOverflowToolbarButton\"]"}
RESULT: {"using":"xpath","value":"//button[@data-kt=\"addNewYardOverflowToolbarButton\"]"}
COMMAND: POST /session/ba2432913a596e5fc4fa14806f816f85/elements - {"using":"xpath","value":"//button[@data-kt=\"addNewYardOverflowToolbarButton\"]"}
RESULT: {"using":"xpath","value":"//button[@data-kt=\"addNewYardOverflowToolbarButton\"]"}
COMMAND: POST /session/ba2432913a596e5fc4fa14806f816f85/elements - {"using":"xpath","value":"//button[@data-kt=\"addNewYardOverflowToolbarButton\"]"}
RESULT: {"using":"xpath","value":"//button[@data-kt=\"addNewYardOverflowToolbarButton\"]"}
COMMAND: POST /session/ba2432913a596e5fc4fa14806f816f85/elements - {"using":"xpath","value":"//button[@data-kt=\"addNewYardOverflowToolbarButton\"]"}
RESULT: {"using":"xpath","value":"//button[@data-kt=\"addNewYardOverflowToolbarButton\"]"}
COMMAND: POST /session/ba2432913a596e5fc4fa14806f816f85/elements - {"using":"xpath","value":"//button[@data-kt=\"addNewYardOverflowToolbarButton\"]"}
RESULT: {"using":"xpath","value":"//button[@data-kt=\"addNewYardOverflowToolbarButton\"]"}
COMMAND: POST /session/ba2432913a596e5fc4fa14806f816f85/elements - {"using":"xpath","value":"//button[@data-kt=\"addNewYardOverflowToolbarButton\"]"}
RESULT: {"using":"xpath","value":"//button[@data-kt=\"addNewYardOverflowToolbarButton\"]"}
COMMAND: POST /session/ba2432913a596e5fc4fa14806f816f85/elements - {"using":"xpath","value":"//button[@data-kt=\"addNewYardOverflowToolbarButton\"]"}
RESULT: {"using":"xpath","value":"//button[@data-kt=\"addNewYardOverflowToolbarButton\"]"}
COMMAND: POST /session/ba2432913a596e5fc4fa14806f816f85/elements - {"using":"xpath","value":"//button[@data-kt=\"addNewYardOverflowToolbarButton\"]"}
RESULT: {"using":"xpath","value":"//button[@data-kt=\"addNewYardOverflowToolbarButton\"]"}
COMMAND: POST /session/ba2432913a596e5fc4fa14806f816f85/elements - {"using":"xpath","value":"//button[@data-kt=\"addNewYardOverflowToolbarButton\"]"}
RESULT: {"using":"xpath","value":"//button[@data-kt=\"addNewYardOverflowToolbarButton\"]"}
COMMAND: POST /session/ba2432913a596e5fc4fa14806f816f85/elements - {"using":"xpath","value":"//button[@data-kt=\"addNewYardOverflowToolbarButton\"]"}
RESULT: {"using":"xpath","value":"//button[@data-kt=\"addNewYardOverflowToolbarButton\"]"}
COMMAND: POST /session/ba2432913a596e5fc4fa14806f816f85/elements - {"using":"xpath","value":"//button[@data-kt=\"addNewYardOverflowToolbarButton\"]"}
RESULT: {"using":"xpath","value":"//button[@data-kt=\"addNewYardOverflowToolbarButton\"]"}
COMMAND: POST /session/ba2432913a596e5fc4fa14806f816f85/elements - {"using":"xpath","value":"//button[@data-kt=\"addNewYardOverflowToolbarButton\"]"}
RESULT: {"using":"xpath","value":"//button[@data-kt=\"addNewYardOverflowToolbarButton\"]"}
COMMAND: POST /session/ba2432913a596e5fc4fa14806f816f85/elements - {"using":"xpath","value":"//button[@data-kt=\"addNewYardOverflowToolbarButton\"]"}
RESULT: {"using":"xpath","value":"//button[@data-kt=\"addNewYardOverflowToolbarButton\"]"}
COMMAND: POST /session/ba2432913a596e5fc4fa14806f816f85/elements - {"using":"xpath","value":"//button[@data-kt=\"addNewYardOverflowToolbarButton\"]"}
RESULT: {"using":"xpath","value":"//button[@data-kt=\"addNewYardOverflowToolbarButton\"]"}
COMMAND: POST /session/ba2432913a596e5fc4fa14806f816f85/element - {"using":"xpath","value":"//button[@data-kt=\"addNewYardOverflowToolbarButton\"]"}
RESULT: {"using":"xpath","value":"//button[@data-kt=\"addNewYardOverflowToolbarButton\"]"}
COMMAND: POST /session/ba2432913a596e5fc4fa14806f816f85/execute/sync - {"script":"<script> [8489 bytes]","args":[{"element-6066-11e4-a52e-4f735466cecf":"f.FF9A1E5259EB1E6B709B859A36B64A29.d.3A8E875757434DF8C7CE990BB7CC7C0F.e.280","ELEMENT":"f.FF9A1E5259EB1E6B709B859A36B64A29.d.3A8E875757434DF8C7CE990BB7CC7C0F.e.280"}]}
RESULT: {"script":"<script> [8489 bytes]","args":[{"element-6066-11e4-a52e-4f735466cecf":"f.FF9A1E5259EB1E6B709B859A36B64A29.d.3A8E875757434DF8C7CE990BB7CC7C0F.e.280","ELEMENT":"f.FF9A1E5259EB1E6B709B859A36B64A29.d.3A8E875757434DF8C7CE990BB7CC7C0F.e.280"}]}
COMMAND: GET /session/ba2432913a596e5fc4fa14806f816f85/element/f.FF9A1E5259EB1E6B709B859A36B64A29.d.3A8E875757434DF8C7CE990BB7CC7C0F.e.280/enabled - {}
COMMAND: GET /session/ba2432913a596e5fc4fa14806f816f85/screenshot - {}
RESULT: {}
COMMAND: POST /session/ba2432913a596e5fc4fa14806f816f85/execute/sync - {"script":"<script> [8489 bytes]","args":[{"element-6066-11e4-a52e-4f735466cecf":"f.FF9A1E5259EB1E6B709B859A36B64A29.d.3A8E875757434DF8C7CE990BB7CC7C0F.e.280","ELEMENT":"f.FF9A1E5259EB1E6B709B859A36B64A29.d.3A8E875757434DF8C7CE990BB7CC7C0F.e.280"}]}
COMMAND: GET /session/ba2432913a596e5fc4fa14806f816f85/screenshot - {}
RESULT: {}
RESULT: {"script":"<script> [8489 bytes]","args":[{"element-6066-11e4-a52e-4f735466cecf":"f.FF9A1E5259EB1E6B709B859A36B64A29.d.3A8E875757434DF8C7CE990BB7CC7C0F.e.280","ELEMENT":"f.FF9A1E5259EB1E6B709B859A36B64A29.d.3A8E875757434DF8C7CE990BB7CC7C0F.e.280"}]}
COMMAND: POST /session/ba2432913a596e5fc4fa14806f816f85/execute/sync - {"script":"<script> [5351 bytes]","args":[{"element-6066-11e4-a52e-4f735466cecf":"f.FF9A1E5259EB1E6B709B859A36B64A29.d.3A8E875757434DF8C7CE990BB7CC7C0F.e.280","ELEMENT":"f.FF9A1E5259EB1E6B709B859A36B64A29.d.3A8E875757434DF8C7CE990BB7CC7C0F.e.280"}]}
COMMAND: GET /session/ba2432913a596e5fc4fa14806f816f85/screenshot - {}
RESULT: {}
RESULT: {"script":"<script> [5351 bytes]","args":[{"element-6066-11e4-a52e-4f735466cecf":"f.FF9A1E5259EB1E6B709B859A36B64A29.d.3A8E875757434DF8C7CE990BB7CC7C0F.e.280","ELEMENT":"f.FF9A1E5259EB1E6B709B859A36B64A29.d.3A8E875757434DF8C7CE990BB7CC7C0F.e.280"}]}
COMMAND: POST /session/ba2432913a596e5fc4fa14806f816f85/element/f.FF9A1E5259EB1E6B709B859A36B64A29.d.3A8E875757434DF8C7CE990BB7CC7C0F.e.280/click - {}
COMMAND: GET /session/ba2432913a596e5fc4fa14806f816f85/screenshot - {}
RESULT: {}
RESULT: {}
COMMAND: GET /session/ba2432913a596e5fc4fa14806f816f85/screenshot - {}
COMMAND: POST /session/ba2432913a596e5fc4fa14806f816f85/element - {"using":"xpath","value":"//input[@id=\"application-manageyards-display-component---NewYard--yardId-inner\"]"}
RESULT: {}
RESULT: {}
RESULT: {"using":"xpath","value":"//input[@id=\"application-manageyards-display-component---NewYard--yardId-inner\"]"}
COMMAND: POST /session/ba2432913a596e5fc4fa14806f816f85/element - {"using":"xpath","value":"//input[@id=\"application-manageyards-display-component---NewYard--yardId-inner\"]"}
RESULT: {"using":"xpath","value":"//input[@id=\"application-manageyards-display-component---NewYard--yardId-inner\"]"}
COMMAND: POST /session/ba2432913a596e5fc4fa14806f816f85/execute/async - {"script":"<script> [1562 bytes]","args":[{"selector":{"id":"application-manageyards-display-component---NewYard--addressDetailDetailsName1","interaction":{"idSuffix":"inner"}},"wdio_ui5_key":"applicationmanageyards-display-component---NewYard--addressDetailDetailsName1"}]}
RESULT: {"script":"<script> [1562 bytes]","args":[{"selector":{"id":"application-manageyards-display-component---NewYard--addressDetailDetailsName1","interaction":{"idSuffix":"inner"}},"wdio_ui5_key":"applicationmanageyards-display-component---NewYard--addressDetailDetailsName1"}]}
RESULT: undefined
COMMAND: POST /session/ba2432913a596e5fc4fa14806f816f85/execute/async - {"script":"<script> [776 bytes]","args":[{"enterText":"Intracompany Yard wdIO","selector":{"id":"application-manageyards-display-component---NewYard--addressDetailDetailsName1","interaction":{"idSuffix":"inner"}},"clearTextFirst":true,"interactionType":"ENTER_TEXT"}]}
RESULT: {"script":"<script> [776 bytes]","args":[{"enterText":"Intracompany Yard wdIO","selector":{"id":"application-manageyards-display-component---NewYard--addressDetailDetailsName1","interaction":{"idSuffix":"inner"}},"clearTextFirst":true,"interactionType":"ENTER_TEXT"}]}
COMMAND: POST /session/ba2432913a596e5fc4fa14806f816f85/execute/async - {"script":"<script> [1562 bytes]","args":[{"selector":{"id":"application-manageyards-display-component---NewYard--addressDetailDetailsLanguage-arrow"},"wdio_ui5_key":"applicationmanageyards-display-component---NewYard--addressDetailDetailsLanguage-arrow"}]}
RESULT: {"script":"<script> [1562 bytes]","args":[{"selector":{"id":"application-manageyards-display-component---NewYard--addressDetailDetailsLanguage-arrow"},"wdio_ui5_key":"applicationmanageyards-display-component---NewYard--addressDetailDetailsLanguage-arrow"}]}
RESULT: undefined
COMMAND: POST /session/ba2432913a596e5fc4fa14806f816f85/element - {"using":"xpath","value":"//*[@id=\"application-manageyards-display-component---NewYard--addressDetailDetailsLanguage-arrow\"]"}
RESULT: {"using":"xpath","value":"//*[@id=\"application-manageyards-display-component---NewYard--addressDetailDetailsLanguage-arrow\"]"}
COMMAND: POST /session/ba2432913a596e5fc4fa14806f816f85/element/f.FF9A1E5259EB1E6B709B859A36B64A29.d.3A8E875757434DF8C7CE990BB7CC7C0F.e.706/click - {}
RESULT: {}
COMMAND: POST /session/ba2432913a596e5fc4fa14806f816f85/element - {"using":"xpath","value":"//span[contains(text(), \"English\")]"}
COMMAND: GET /session/ba2432913a596e5fc4fa14806f816f85/screenshot - {}
RESULT: {"using":"xpath","value":"//span[contains(text(), \"English\")]"}
COMMAND: POST /session/ba2432913a596e5fc4fa14806f816f85/element/f.FF9A1E5259EB1E6B709B859A36B64A29.d.3A8E875757434DF8C7CE990BB7CC7C0F.e.707/click - {}
RESULT: {}
RESULT: {}
COMMAND: POST /session/ba2432913a596e5fc4fa14806f816f85/execute/async - {"script":"<script> [1562 bytes]","args":[{"selector":{"id":"application-manageyards-display-component---NewYard--addressDetailDetailsCity1","interaction":{"idSuffix":"inner"}},"wdio_ui5_key":"applicationmanageyards-display-component---NewYard--addressDetailDetailsCity1"}]}
COMMAND: GET /session/ba2432913a596e5fc4fa14806f816f85/screenshot - {}
RESULT: {"script":"<script> [1562 bytes]","args":[{"selector":{"id":"application-manageyards-display-component---NewYard--addressDetailDetailsCity1","interaction":{"idSuffix":"inner"}},"wdio_ui5_key":"applicationmanageyards-display-component---NewYard--addressDetailDetailsCity1"}]}
RESULT: undefined
COMMAND: POST /session/ba2432913a596e5fc4fa14806f816f85/execute/async - {"script":"<script> [776 bytes]","args":[{"enterText":"Rosario","selector":{"id":"application-manageyards-display-component---NewYard--addressDetailDetailsCity1","interaction":{"idSuffix":"inner"}},"clearTextFirst":true,"interactionType":"ENTER_TEXT"}]}
RESULT: {}
RESULT: {"script":"<script> [776 bytes]","args":[{"enterText":"Rosario","selector":{"id":"application-manageyards-display-component---NewYard--addressDetailDetailsCity1","interaction":{"idSuffix":"inner"}},"clearTextFirst":true,"interactionType":"ENTER_TEXT"}]}
COMMAND: POST /session/ba2432913a596e5fc4fa14806f816f85/execute/async - {"script":"<script> [1562 bytes]","args":[{"selector":{"id":"application-manageyards-display-component---NewYard--addressDetailDetailsCountry-arrow"},"wdio_ui5_key":"applicationmanageyards-display-component---NewYard--addressDetailDetailsCountry-arrow"}]}
RESULT: {"script":"<script> [1562 bytes]","args":[{"selector":{"id":"application-manageyards-display-component---NewYard--addressDetailDetailsCountry-arrow"},"wdio_ui5_key":"applicationmanageyards-display-component---NewYard--addressDetailDetailsCountry-arrow"}]}
RESULT: undefined
COMMAND: POST /session/ba2432913a596e5fc4fa14806f816f85/element - {"using":"xpath","value":"//*[@id=\"application-manageyards-display-component---NewYard--addressDetailDetailsCountry-arrow\"]"}
RESULT: {"using":"xpath","value":"//*[@id=\"application-manageyards-display-component---NewYard--addressDetailDetailsCountry-arrow\"]"}
COMMAND: POST /session/ba2432913a596e5fc4fa14806f816f85/element/f.FF9A1E5259EB1E6B709B859A36B64A29.d.3A8E875757434DF8C7CE990BB7CC7C0F.e.709/click - {}
RESULT: {}
COMMAND: POST /session/ba2432913a596e5fc4fa14806f816f85/element - {"using":"xpath","value":"//span[contains(text(), \"Argentina\")]"}
COMMAND: GET /session/ba2432913a596e5fc4fa14806f816f85/screenshot - {}
RESULT: {"using":"xpath","value":"//span[contains(text(), \"Argentina\")]"}
COMMAND: POST /session/ba2432913a596e5fc4fa14806f816f85/element/f.FF9A1E5259EB1E6B709B859A36B64A29.d.3A8E875757434DF8C7CE990BB7CC7C0F.e.710/click - {}
RESULT: {}
RESULT: {}
COMMAND: POST /session/ba2432913a596e5fc4fa14806f816f85/execute/async - {"script":"<script> [1562 bytes]","args":[{"selector":{"id":"application-manageyards-display-component---NewYard--addressEditDetailsCostObjectCstType-arrow"},"wdio_ui5_key":"applicationmanageyards-display-component---NewYard--addressEditDetailsCostObjectCstType-arrow"}]}
COMMAND: GET /session/ba2432913a596e5fc4fa14806f816f85/screenshot - {}
RESULT: {"script":"<script> [1562 bytes]","args":[{"selector":{"id":"application-manageyards-display-component---NewYard--addressEditDetailsCostObjectCstType-arrow"},"wdio_ui5_key":"applicationmanageyards-display-component---NewYard--addressEditDetailsCostObjectCstType-arrow"}]}
RESULT: undefined
COMMAND: POST /session/ba2432913a596e5fc4fa14806f816f85/element - {"using":"xpath","value":"//*[@id=\"application-manageyards-display-component---NewYard--addressEditDetailsCostObjectCstType-arrow\"]"}
RESULT: {}
RESULT: {"using":"xpath","value":"//*[@id=\"application-manageyards-display-component---NewYard--addressEditDetailsCostObjectCstType-arrow\"]"}
COMMAND: POST /session/ba2432913a596e5fc4fa14806f816f85/element/f.FF9A1E5259EB1E6B709B859A36B64A29.d.3A8E875757434DF8C7CE990BB7CC7C0F.e.712/click - {}
RESULT: {}
COMMAND: POST /session/ba2432913a596e5fc4fa14806f816f85/element - {"using":"xpath","value":"//span[contains(text(), \"Cost Center\")]"}
COMMAND: GET /session/ba2432913a596e5fc4fa14806f816f85/screenshot - {}
RESULT: {"using":"xpath","value":"//span[contains(text(), \"Cost Center\")]"}
COMMAND: POST /session/ba2432913a596e5fc4fa14806f816f85/element/f.FF9A1E5259EB1E6B709B859A36B64A29.d.3A8E875757434DF8C7CE990BB7CC7C0F.e.713/click - {}
RESULT: {}
RESULT: {}
COMMAND: GET /session/ba2432913a596e5fc4fa14806f816f85/screenshot - {}
RESULT: {}
COMMAND: POST /session/ba2432913a596e5fc4fa14806f816f85/element - {"using":"xpath","value":"//span[@id=\"application-manageyards-display-component---NewYard--addressNewCostObjectCstID-vhi\"]"}
RESULT: {"using":"xpath","value":"//span[@id=\"application-manageyards-display-component---NewYard--addressNewCostObjectCstID-vhi\"]"}
COMMAND: POST /session/ba2432913a596e5fc4fa14806f816f85/execute/sync - {"script":"<script> [8489 bytes]","args":[{"element-6066-11e4-a52e-4f735466cecf":"f.FF9A1E5259EB1E6B709B859A36B64A29.d.3A8E875757434DF8C7CE990BB7CC7C0F.e.717","ELEMENT":"f.FF9A1E5259EB1E6B709B859A36B64A29.d.3A8E875757434DF8C7CE990BB7CC7C0F.e.717"}]}
RESULT: {"script":"<script> [8489 bytes]","args":[{"element-6066-11e4-a52e-4f735466cecf":"f.FF9A1E5259EB1E6B709B859A36B64A29.d.3A8E875757434DF8C7CE990BB7CC7C0F.e.717","ELEMENT":"f.FF9A1E5259EB1E6B709B859A36B64A29.d.3A8E875757434DF8C7CE990BB7CC7C0F.e.717"}]}
COMMAND: POST /session/ba2432913a596e5fc4fa14806f816f85/execute/async - {"script":"<script> [1562 bytes]","args":[{"selector":{"id":"application-manageyards-display-component---NewYard--addressNewCostObjectCstID-vhi"},"wdio_ui5_key":"applicationmanageyards-display-component---NewYard--addressNewCostObjectCstID-vhi"}]}
COMMAND: GET /session/ba2432913a596e5fc4fa14806f816f85/screenshot - {}
RESULT: {"script":"<script> [1562 bytes]","args":[{"selector":{"id":"application-manageyards-display-component---NewYard--addressNewCostObjectCstID-vhi"},"wdio_ui5_key":"applicationmanageyards-display-component---NewYard--addressNewCostObjectCstID-vhi"}]}
RESULT: undefined
COMMAND: POST /session/ba2432913a596e5fc4fa14806f816f85/element - {"using":"xpath","value":"//*[@id=\"application-manageyards-display-component---NewYard--addressNewCostObjectCstID-vhi\"]"}
RESULT: {}
RESULT: {"using":"xpath","value":"//*[@id=\"application-manageyards-display-component---NewYard--addressNewCostObjectCstID-vhi\"]"}
COMMAND: POST /session/ba2432913a596e5fc4fa14806f816f85/element/f.FF9A1E5259EB1E6B709B859A36B64A29.d.3A8E875757434DF8C7CE990BB7CC7C0F.e.717/click - {}
RESULT: {}
COMMAND: GET /session/ba2432913a596e5fc4fa14806f816f85/screenshot - {}
RESULT: {}
COMMAND: POST /session/ba2432913a596e5fc4fa14806f816f85/execute/async - {"script":"<script> [1562 bytes]","args":[{"selector":{"controlType":"sap.m.SearchField","properties":{"placeholder":"Search"},"searchOpenDialogs":true,"interaction":{"idSuffix":"I"}},"wdio_ui5_key":"sapm.SearchField{\"placeholder\":\"Search\"}"}]}
RESULT: {"script":"<script> [1562 bytes]","args":[{"selector":{"controlType":"sap.m.SearchField","properties":{"placeholder":"Search"},"searchOpenDialogs":true,"interaction":{"idSuffix":"I"}},"wdio_ui5_key":"sapm.SearchField{\"placeholder\":\"Search\"}"}]}
RESULT: undefined
COMMAND: POST /session/ba2432913a596e5fc4fa14806f816f85/execute/async - {"script":"<script> [776 bytes]","args":[{"enterText":"10001013","selector":{"controlType":"sap.m.SearchField","properties":{"placeholder":"Search"},"searchOpenDialogs":true,"interaction":{"idSuffix":"I"}},"clearTextFirst":true,"interactionType":"ENTER_TEXT"}]}
RESULT: {"script":"<script> [776 bytes]","args":[{"enterText":"10001013","selector":{"controlType":"sap.m.SearchField","properties":{"placeholder":"Search"},"searchOpenDialogs":true,"interaction":{"idSuffix":"I"}},"clearTextFirst":true,"interactionType":"ENTER_TEXT"}]}
COMMAND: POST /session/ba2432913a596e5fc4fa14806f816f85/actions - {"actions":[{"id":"action1","type":"key","parameters":{},"actions":[{"type":"keyDown","value":"î€‡"},{"type":"pause","duration":10},{"type":"keyUp","value":"î€‡"}]}]}
RESULT: {"actions":[{"id":"action1","type":"key","parameters":{},"actions":[{"type":"keyDown","value":"î€‡"},{"type":"pause","duration":10},{"type":"keyUp","value":"î€‡"}]}]}
COMMAND: GET /session/ba2432913a596e5fc4fa14806f816f85/screenshot - {}
RESULT: {}
COMMAND: POST /session/ba2432913a596e5fc4fa14806f816f85/element - {"using":"xpath","value":"//span[contains(text(), \"General Management\")]"}
RESULT: {"using":"xpath","value":"//span[contains(text(), \"General Management\")]"}
COMMAND: POST /session/ba2432913a596e5fc4fa14806f816f85/element/f.FF9A1E5259EB1E6B709B859A36B64A29.d.3A8E875757434DF8C7CE990BB7CC7C0F.e.761/click - {}
RESULT: {}
COMMAND: GET /session/ba2432913a596e5fc4fa14806f816f85/screenshot - {}
RESULT: {}
COMMAND: POST /session/ba2432913a596e5fc4fa14806f816f85/element - {"using":"xpath","value":"//bdi[contains(text(), \"OK\")]"}
RESULT: {"using":"xpath","value":"//bdi[contains(text(), \"OK\")]"}
COMMAND: POST /session/ba2432913a596e5fc4fa14806f816f85/element/f.FF9A1E5259EB1E6B709B859A36B64A29.d.3A8E875757434DF8C7CE990BB7CC7C0F.e.762/click - {}
RESULT: {}
COMMAND: GET /session/ba2432913a596e5fc4fa14806f816f85/screenshot - {}
RESULT: {}
COMMAND: POST /session/ba2432913a596e5fc4fa14806f816f85/execute/async - {"script":"<script> [1562 bytes]","args":[{"selector":{"id":"application-manageyards-display-component---NewYard--addressEditDetailsCurrency-arrow"},"wdio_ui5_key":"applicationmanageyards-display-component---NewYard--addressEditDetailsCurrency-arrow"}]}
RESULT: {"script":"<script> [1562 bytes]","args":[{"selector":{"id":"application-manageyards-display-component---NewYard--addressEditDetailsCurrency-arrow"},"wdio_ui5_key":"applicationmanageyards-display-component---NewYard--addressEditDetailsCurrency-arrow"}]}
RESULT: undefined
COMMAND: POST /session/ba2432913a596e5fc4fa14806f816f85/element - {"using":"xpath","value":"//*[@id=\"application-manageyards-display-component---NewYard--addressEditDetailsCurrency-arrow\"]"}
RESULT: {"using":"xpath","value":"//*[@id=\"application-manageyards-display-component---NewYard--addressEditDetailsCurrency-arrow\"]"}
COMMAND: POST /session/ba2432913a596e5fc4fa14806f816f85/element/f.FF9A1E5259EB1E6B709B859A36B64A29.d.3A8E875757434DF8C7CE990BB7CC7C0F.e.765/click - {}
RESULT: {}
COMMAND: POST /session/ba2432913a596e5fc4fa14806f816f85/element - {"using":"xpath","value":"//span[contains(text(), \"Euro\")]"}
COMMAND: GET /session/ba2432913a596e5fc4fa14806f816f85/screenshot - {}
RESULT: {"using":"xpath","value":"//span[contains(text(), \"Euro\")]"}
COMMAND: POST /session/ba2432913a596e5fc4fa14806f816f85/element/f.FF9A1E5259EB1E6B709B859A36B64A29.d.3A8E875757434DF8C7CE990BB7CC7C0F.e.766/click - {}
RESULT: {}
RESULT: {}
COMMAND: POST /session/ba2432913a596e5fc4fa14806f816f85/execute/async - {"script":"<script> [1562 bytes]","args":[{"selector":{"controlType":"sap.m.Input","viewName":"etm.portal.ui.manageyards.view.New","viewId":"application-manageyards-display-component---NewYard","bindingPath":{"path":"","propertyPath":"/CONTROLLING_AREA","modelName":"NewYardModel"},"interaction":{"idSuffix":"inner"}},"wdio_ui5_key":"etmportal.ui.manageyards.view.Newsap.m.Input{\"path\":\"\",\"propertyPath\":\"/CONTROLLING_AREA\",\"modelName\":\"NewYardModel\"}"}]}
COMMAND: GET /session/ba2432913a596e5fc4fa14806f816f85/screenshot - {}
RESULT: {"script":"<script> [1562 bytes]","args":[{"selector":{"controlType":"sap.m.Input","viewName":"etm.portal.ui.manageyards.view.New","viewId":"application-manageyards-display-component---NewYard","bindingPath":{"path":"","propertyPath":"/CONTROLLING_AREA","modelName":"NewYardModel"},"interaction":{"idSuffix":"inner"}},"wdio_ui5_key":"etmportal.ui.manageyards.view.Newsap.m.Input{\"path\":\"\",\"propertyPath\":\"/CONTROLLING_AREA\",\"modelName\":\"NewYardModel\"}"}]}
RESULT: undefined
COMMAND: POST /session/ba2432913a596e5fc4fa14806f816f85/execute/async - {"script":"<script> [776 bytes]","args":[{"enterText":"Z001","selector":{"controlType":"sap.m.Input","viewName":"etm.portal.ui.manageyards.view.New","viewId":"application-manageyards-display-component---NewYard","bindingPath":{"path":"","propertyPath":"/CONTROLLING_AREA","modelName":"NewYardModel"},"interaction":{"idSuffix":"inner"}},"clearTextFirst":true,"interactionType":"ENTER_TEXT"}]}
RESULT: {}
RESULT: {"script":"<script> [776 bytes]","args":[{"enterText":"Z001","selector":{"controlType":"sap.m.Input","viewName":"etm.portal.ui.manageyards.view.New","viewId":"application-manageyards-display-component---NewYard","bindingPath":{"path":"","propertyPath":"/CONTROLLING_AREA","modelName":"NewYardModel"},"interaction":{"idSuffix":"inner"}},"clearTextFirst":true,"interactionType":"ENTER_TEXT"}]}
COMMAND: POST /session/ba2432913a596e5fc4fa14806f816f85/execute/async - {"script":"<script> [1562 bytes]","args":[{"selector":{"id":"application-manageyards-display-component---NewYard--companyCodeComboBox","interaction":{"idSuffix":"inner"}},"wdio_ui5_key":"applicationmanageyards-display-component---NewYard--companyCodeComboBox"}]}
RESULT: {"script":"<script> [1562 bytes]","args":[{"selector":{"id":"application-manageyards-display-component---NewYard--companyCodeComboBox","interaction":{"idSuffix":"inner"}},"wdio_ui5_key":"applicationmanageyards-display-component---NewYard--companyCodeComboBox"}]}
RESULT: undefined
COMMAND: POST /session/ba2432913a596e5fc4fa14806f816f85/execute/async - {"script":"<script> [776 bytes]","args":[{"enterText":"1000","selector":{"id":"application-manageyards-display-component---NewYard--companyCodeComboBox","interaction":{"idSuffix":"inner"}},"clearTextFirst":true,"interactionType":"ENTER_TEXT"}]}
RESULT: {"script":"<script> [776 bytes]","args":[{"enterText":"1000","selector":{"id":"application-manageyards-display-component---NewYard--companyCodeComboBox","interaction":{"idSuffix":"inner"}},"clearTextFirst":true,"interactionType":"ENTER_TEXT"}]}
COMMAND: POST /session/ba2432913a596e5fc4fa14806f816f85/execute/async - {"script":"<script> [1562 bytes]","args":[{"selector":{"controlType":"sap.m.Input","viewName":"etm.portal.ui.manageyards.view.New","viewId":"application-manageyards-display-component---NewYard","bindingPath":{"path":"","propertyPath":"/PLANT","modelName":"NewYardModel"},"interaction":{"idSuffix":"inner"}},"wdio_ui5_key":"etmportal.ui.manageyards.view.Newsap.m.Input{\"path\":\"\",\"propertyPath\":\"/PLANT\",\"modelName\":\"NewYardModel\"}"}]}
RESULT: {"script":"<script> [1562 bytes]","args":[{"selector":{"controlType":"sap.m.Input","viewName":"etm.portal.ui.manageyards.view.New","viewId":"application-manageyards-display-component---NewYard","bindingPath":{"path":"","propertyPath":"/PLANT","modelName":"NewYardModel"},"interaction":{"idSuffix":"inner"}},"wdio_ui5_key":"etmportal.ui.manageyards.view.Newsap.m.Input{\"path\":\"\",\"propertyPath\":\"/PLANT\",\"modelName\":\"NewYardModel\"}"}]}
RESULT: undefined
COMMAND: POST /session/ba2432913a596e5fc4fa14806f816f85/execute/async - {"script":"<script> [776 bytes]","args":[{"enterText":"1001","selector":{"controlType":"sap.m.Input","viewName":"etm.portal.ui.manageyards.view.New","viewId":"application-manageyards-display-component---NewYard","bindingPath":{"path":"","propertyPath":"/PLANT","modelName":"NewYardModel"},"interaction":{"idSuffix":"inner"}},"clearTextFirst":true,"interactionType":"ENTER_TEXT"}]}
RESULT: {"script":"<script> [776 bytes]","args":[{"enterText":"1001","selector":{"controlType":"sap.m.Input","viewName":"etm.portal.ui.manageyards.view.New","viewId":"application-manageyards-display-component---NewYard","bindingPath":{"path":"","propertyPath":"/PLANT","modelName":"NewYardModel"},"interaction":{"idSuffix":"inner"}},"clearTextFirst":true,"interactionType":"ENTER_TEXT"}]}
COMMAND: POST /session/ba2432913a596e5fc4fa14806f816f85/execute/async - {"script":"<script> [1562 bytes]","args":[{"selector":{"controlType":"sap.m.Input","viewName":"etm.portal.ui.manageyards.view.New","viewId":"application-manageyards-display-component---NewYard","bindingPath":{"path":"","propertyPath":"/SALES_AREA_VKORG","modelName":"NewYardModel"},"interaction":{"idSuffix":"inner"}},"wdio_ui5_key":"etmportal.ui.manageyards.view.Newsap.m.Input{\"path\":\"\",\"propertyPath\":\"/SALES_AREA_VKORG\",\"modelName\":\"NewYardModel\"}"}]}
RESULT: {"script":"<script> [1562 bytes]","args":[{"selector":{"controlType":"sap.m.Input","viewName":"etm.portal.ui.manageyards.view.New","viewId":"application-manageyards-display-component---NewYard","bindingPath":{"path":"","propertyPath":"/SALES_AREA_VKORG","modelName":"NewYardModel"},"interaction":{"idSuffix":"inner"}},"wdio_ui5_key":"etmportal.ui.manageyards.view.Newsap.m.Input{\"path\":\"\",\"propertyPath\":\"/SALES_AREA_VKORG\",\"modelName\":\"NewYardModel\"}"}]}
RESULT: undefined
COMMAND: POST /session/ba2432913a596e5fc4fa14806f816f85/execute/async - {"script":"<script> [776 bytes]","args":[{"enterText":"C002","selector":{"controlType":"sap.m.Input","viewName":"etm.portal.ui.manageyards.view.New","viewId":"application-manageyards-display-component---NewYard","bindingPath":{"path":"","propertyPath":"/SALES_AREA_VKORG","modelName":"NewYardModel"},"interaction":{"idSuffix":"inner"}},"clearTextFirst":true,"interactionType":"ENTER_TEXT"}]}
RESULT: {"script":"<script> [776 bytes]","args":[{"enterText":"C002","selector":{"controlType":"sap.m.Input","viewName":"etm.portal.ui.manageyards.view.New","viewId":"application-manageyards-display-component---NewYard","bindingPath":{"path":"","propertyPath":"/SALES_AREA_VKORG","modelName":"NewYardModel"},"interaction":{"idSuffix":"inner"}},"clearTextFirst":true,"interactionType":"ENTER_TEXT"}]}
COMMAND: POST /session/ba2432913a596e5fc4fa14806f816f85/execute/async - {"script":"<script> [1562 bytes]","args":[{"selector":{"controlType":"sap.m.Input","viewName":"etm.portal.ui.manageyards.view.New","viewId":"application-manageyards-display-component---NewYard","bindingPath":{"path":"","propertyPath":"/SALES_AREA_VTWEG","modelName":"NewYardModel"},"interaction":{"idSuffix":"inner"}},"wdio_ui5_key":"etmportal.ui.manageyards.view.Newsap.m.Input{\"path\":\"\",\"propertyPath\":\"/SALES_AREA_VTWEG\",\"modelName\":\"NewYardModel\"}"}]}
RESULT: {"script":"<script> [1562 bytes]","args":[{"selector":{"controlType":"sap.m.Input","viewName":"etm.portal.ui.manageyards.view.New","viewId":"application-manageyards-display-component---NewYard","bindingPath":{"path":"","propertyPath":"/SALES_AREA_VTWEG","modelName":"NewYardModel"},"interaction":{"idSuffix":"inner"}},"wdio_ui5_key":"etmportal.ui.manageyards.view.Newsap.m.Input{\"path\":\"\",\"propertyPath\":\"/SALES_AREA_VTWEG\",\"modelName\":\"NewYardModel\"}"}]}
RESULT: undefined
COMMAND: POST /session/ba2432913a596e5fc4fa14806f816f85/execute/async - {"script":"<script> [776 bytes]","args":[{"enterText":"C2","selector":{"controlType":"sap.m.Input","viewName":"etm.portal.ui.manageyards.view.New","viewId":"application-manageyards-display-component---NewYard","bindingPath":{"path":"","propertyPath":"/SALES_AREA_VTWEG","modelName":"NewYardModel"},"interaction":{"idSuffix":"inner"}},"clearTextFirst":true,"interactionType":"ENTER_TEXT"}]}
RESULT: {"script":"<script> [776 bytes]","args":[{"enterText":"C2","selector":{"controlType":"sap.m.Input","viewName":"etm.portal.ui.manageyards.view.New","viewId":"application-manageyards-display-component---NewYard","bindingPath":{"path":"","propertyPath":"/SALES_AREA_VTWEG","modelName":"NewYardModel"},"interaction":{"idSuffix":"inner"}},"clearTextFirst":true,"interactionType":"ENTER_TEXT"}]}
COMMAND: POST /session/ba2432913a596e5fc4fa14806f816f85/execute/async - {"script":"<script> [1562 bytes]","args":[{"selector":{"controlType":"sap.m.Input","viewName":"etm.portal.ui.manageyards.view.New","viewId":"application-manageyards-display-component---NewYard","bindingPath":{"path":"","propertyPath":"/SALES_AREA_SPART","modelName":"NewYardModel"},"interaction":{"idSuffix":"inner"}},"wdio_ui5_key":"etmportal.ui.manageyards.view.Newsap.m.Input{\"path\":\"\",\"propertyPath\":\"/SALES_AREA_SPART\",\"modelName\":\"NewYardModel\"}"}]}
RESULT: {"script":"<script> [1562 bytes]","args":[{"selector":{"controlType":"sap.m.Input","viewName":"etm.portal.ui.manageyards.view.New","viewId":"application-manageyards-display-component---NewYard","bindingPath":{"path":"","propertyPath":"/SALES_AREA_SPART","modelName":"NewYardModel"},"interaction":{"idSuffix":"inner"}},"wdio_ui5_key":"etmportal.ui.manageyards.view.Newsap.m.Input{\"path\":\"\",\"propertyPath\":\"/SALES_AREA_SPART\",\"modelName\":\"NewYardModel\"}"}]}
RESULT: undefined
COMMAND: POST /session/ba2432913a596e5fc4fa14806f816f85/execute/async - {"script":"<script> [776 bytes]","args":[{"enterText":"C2","selector":{"controlType":"sap.m.Input","viewName":"etm.portal.ui.manageyards.view.New","viewId":"application-manageyards-display-component---NewYard","bindingPath":{"path":"","propertyPath":"/SALES_AREA_SPART","modelName":"NewYardModel"},"interaction":{"idSuffix":"inner"}},"clearTextFirst":true,"interactionType":"ENTER_TEXT"}]}
RESULT: {"script":"<script> [776 bytes]","args":[{"enterText":"C2","selector":{"controlType":"sap.m.Input","viewName":"etm.portal.ui.manageyards.view.New","viewId":"application-manageyards-display-component---NewYard","bindingPath":{"path":"","propertyPath":"/SALES_AREA_SPART","modelName":"NewYardModel"},"interaction":{"idSuffix":"inner"}},"clearTextFirst":true,"interactionType":"ENTER_TEXT"}]}
COMMAND: POST /session/ba2432913a596e5fc4fa14806f816f85/execute/async - {"script":"<script> [1562 bytes]","args":[{"selector":{"controlType":"sap.m.Input","viewName":"etm.portal.ui.manageyards.view.New","viewId":"application-manageyards-display-component---NewYard","bindingPath":{"path":"","propertyPath":"/SHIP_POINT","modelName":"NewYardModel"},"interaction":{"idSuffix":"inner"}},"wdio_ui5_key":"etmportal.ui.manageyards.view.Newsap.m.Input{\"path\":\"\",\"propertyPath\":\"/SHIP_POINT\",\"modelName\":\"NewYardModel\"}"}]}
RESULT: {"script":"<script> [1562 bytes]","args":[{"selector":{"controlType":"sap.m.Input","viewName":"etm.portal.ui.manageyards.view.New","viewId":"application-manageyards-display-component---NewYard","bindingPath":{"path":"","propertyPath":"/SHIP_POINT","modelName":"NewYardModel"},"interaction":{"idSuffix":"inner"}},"wdio_ui5_key":"etmportal.ui.manageyards.view.Newsap.m.Input{\"path\":\"\",\"propertyPath\":\"/SHIP_POINT\",\"modelName\":\"NewYardModel\"}"}]}
RESULT: undefined
COMMAND: POST /session/ba2432913a596e5fc4fa14806f816f85/execute/async - {"script":"<script> [776 bytes]","args":[{"enterText":"1710","selector":{"controlType":"sap.m.Input","viewName":"etm.portal.ui.manageyards.view.New","viewId":"application-manageyards-display-component---NewYard","bindingPath":{"path":"","propertyPath":"/SHIP_POINT","modelName":"NewYardModel"},"interaction":{"idSuffix":"inner"}},"clearTextFirst":true,"interactionType":"ENTER_TEXT"}]}
RESULT: {"script":"<script> [776 bytes]","args":[{"enterText":"1710","selector":{"controlType":"sap.m.Input","viewName":"etm.portal.ui.manageyards.view.New","viewId":"application-manageyards-display-component---NewYard","bindingPath":{"path":"","propertyPath":"/SHIP_POINT","modelName":"NewYardModel"},"interaction":{"idSuffix":"inner"}},"clearTextFirst":true,"interactionType":"ENTER_TEXT"}]}
COMMAND: POST /session/ba2432913a596e5fc4fa14806f816f85/execute/async - {"script":"<script> [1562 bytes]","args":[{"selector":{"controlType":"sap.m.Input","viewName":"etm.portal.ui.manageyards.view.New","viewId":"application-manageyards-display-component---NewYard","bindingPath":{"path":"","propertyPath":"/DELIVERY_TYPE","modelName":"NewYardModel"},"interaction":{"idSuffix":"inner"}},"wdio_ui5_key":"etmportal.ui.manageyards.view.Newsap.m.Input{\"path\":\"\",\"propertyPath\":\"/DELIVERY_TYPE\",\"modelName\":\"NewYardModel\"}"}]}
RESULT: {"script":"<script> [1562 bytes]","args":[{"selector":{"controlType":"sap.m.Input","viewName":"etm.portal.ui.manageyards.view.New","viewId":"application-manageyards-display-component---NewYard","bindingPath":{"path":"","propertyPath":"/DELIVERY_TYPE","modelName":"NewYardModel"},"interaction":{"idSuffix":"inner"}},"wdio_ui5_key":"etmportal.ui.manageyards.view.Newsap.m.Input{\"path\":\"\",\"propertyPath\":\"/DELIVERY_TYPE\",\"modelName\":\"NewYardModel\"}"}]}
RESULT: undefined
COMMAND: POST /session/ba2432913a596e5fc4fa14806f816f85/execute/async - {"script":"<script> [776 bytes]","args":[{"enterText":"ZL01","selector":{"controlType":"sap.m.Input","viewName":"etm.portal.ui.manageyards.view.New","viewId":"application-manageyards-display-component---NewYard","bindingPath":{"path":"","propertyPath":"/DELIVERY_TYPE","modelName":"NewYardModel"},"interaction":{"idSuffix":"inner"}},"clearTextFirst":true,"interactionType":"ENTER_TEXT"}]}
RESULT: {"script":"<script> [776 bytes]","args":[{"enterText":"ZL01","selector":{"controlType":"sap.m.Input","viewName":"etm.portal.ui.manageyards.view.New","viewId":"application-manageyards-display-component---NewYard","bindingPath":{"path":"","propertyPath":"/DELIVERY_TYPE","modelName":"NewYardModel"},"interaction":{"idSuffix":"inner"}},"clearTextFirst":true,"interactionType":"ENTER_TEXT"}]}
COMMAND: POST /session/ba2432913a596e5fc4fa14806f816f85/execute/async - {"script":"<script> [1562 bytes]","args":[{"selector":{"controlType":"sap.m.Input","viewName":"etm.portal.ui.manageyards.view.New","viewId":"application-manageyards-display-component---NewYard","bindingPath":{"path":"","propertyPath":"/AUART","modelName":"NewYardModel"},"interaction":{"idSuffix":"inner"}},"wdio_ui5_key":"etmportal.ui.manageyards.view.Newsap.m.Input{\"path\":\"\",\"propertyPath\":\"/AUART\",\"modelName\":\"NewYardModel\"}"}]}
RESULT: {"script":"<script> [1562 bytes]","args":[{"selector":{"controlType":"sap.m.Input","viewName":"etm.portal.ui.manageyards.view.New","viewId":"application-manageyards-display-component---NewYard","bindingPath":{"path":"","propertyPath":"/AUART","modelName":"NewYardModel"},"interaction":{"idSuffix":"inner"}},"wdio_ui5_key":"etmportal.ui.manageyards.view.Newsap.m.Input{\"path\":\"\",\"propertyPath\":\"/AUART\",\"modelName\":\"NewYardModel\"}"}]}
RESULT: undefined
COMMAND: POST /session/ba2432913a596e5fc4fa14806f816f85/execute/async - {"script":"<script> [776 bytes]","args":[{"enterText":"TA","selector":{"controlType":"sap.m.Input","viewName":"etm.portal.ui.manageyards.view.New","viewId":"application-manageyards-display-component---NewYard","bindingPath":{"path":"","propertyPath":"/AUART","modelName":"NewYardModel"},"interaction":{"idSuffix":"inner"}},"clearTextFirst":true,"interactionType":"ENTER_TEXT"}]}
RESULT: {"script":"<script> [776 bytes]","args":[{"enterText":"TA","selector":{"controlType":"sap.m.Input","viewName":"etm.portal.ui.manageyards.view.New","viewId":"application-manageyards-display-component---NewYard","bindingPath":{"path":"","propertyPath":"/AUART","modelName":"NewYardModel"},"interaction":{"idSuffix":"inner"}},"clearTextFirst":true,"interactionType":"ENTER_TEXT"}]}
COMMAND: POST /session/ba2432913a596e5fc4fa14806f816f85/element - {"using":"xpath","value":"//button[@data-kt=\"newYardSaveButton\"]"}
RESULT: {"using":"xpath","value":"//button[@data-kt=\"newYardSaveButton\"]"}
COMMAND: POST /session/ba2432913a596e5fc4fa14806f816f85/element/f.FF9A1E5259EB1E6B709B859A36B64A29.d.3A8E875757434DF8C7CE990BB7CC7C0F.e.690/click - {}
RESULT: {}
COMMAND: GET /session/ba2432913a596e5fc4fa14806f816f85/screenshot - {}
RESULT: {}
COMMAND: POST /session/ba2432913a596e5fc4fa14806f816f85/element - {"using":"xpath","value":"//header[contains(@id, 'ObjectPageLayout-headerTitle')]/div[1]/div[2]/div[1]/span[1]"}
RESULT: {"using":"xpath","value":"//header[contains(@id, 'ObjectPageLayout-headerTitle')]/div[1]/div[2]/div[1]/span[1]"}
COMMAND: POST /session/ba2432913a596e5fc4fa14806f816f85/elements - {"using":"xpath","value":"//header[contains(@id, 'ObjectPageLayout-headerTitle')]/div[1]/div[2]/div[1]/span[1]"}
RESULT: {"using":"xpath","value":"//header[contains(@id, 'ObjectPageLayout-headerTitle')]/div[1]/div[2]/div[1]/span[1]"}
COMMAND: POST /session/ba2432913a596e5fc4fa14806f816f85/execute/sync - {"script":"<script> [56 bytes]","args":[{"element-6066-11e4-a52e-4f735466cecf":"f.FF9A1E5259EB1E6B709B859A36B64A29.d.3A8E875757434DF8C7CE990BB7CC7C0F.e.990","ELEMENT":"f.FF9A1E5259EB1E6B709B859A36B64A29.d.3A8E875757434DF8C7CE990BB7CC7C0F.e.990"}]}
RESULT: {"script":"<script> [56 bytes]","args":[{"element-6066-11e4-a52e-4f735466cecf":"f.FF9A1E5259EB1E6B709B859A36B64A29.d.3A8E875757434DF8C7CE990BB7CC7C0F.e.990","ELEMENT":"f.FF9A1E5259EB1E6B709B859A36B64A29.d.3A8E875757434DF8C7CE990BB7CC7C0F.e.990"}]}
COMMAND: GET /session/ba2432913a596e5fc4fa14806f816f85/screenshot - {}
COMMAND: POST /session/ba2432913a596e5fc4fa14806f816f85/execute/sync - {"script":"<script> [56 bytes]","args":[{"element-6066-11e4-a52e-4f735466cecf":"f.FF9A1E5259EB1E6B709B859A36B64A29.d.3A8E875757434DF8C7CE990BB7CC7C0F.e.990","ELEMENT":"f.FF9A1E5259EB1E6B709B859A36B64A29.d.3A8E875757434DF8C7CE990BB7CC7C0F.e.990"}]}
RESULT: {}
RESULT: {"script":"<script> [56 bytes]","args":[{"element-6066-11e4-a52e-4f735466cecf":"f.FF9A1E5259EB1E6B709B859A36B64A29.d.3A8E875757434DF8C7CE990BB7CC7C0F.e.990","ELEMENT":"f.FF9A1E5259EB1E6B709B859A36B64A29.d.3A8E875757434DF8C7CE990BB7CC7C0F.e.990"}]}
COMMAND: GET /session/ba2432913a596e5fc4fa14806f816f85/screenshot - {}
COMMAND: POST /session/ba2432913a596e5fc4fa14806f816f85/execute/sync - {"script":"<script> [56 bytes]","args":[{"element-6066-11e4-a52e-4f735466cecf":"f.FF9A1E5259EB1E6B709B859A36B64A29.d.3A8E875757434DF8C7CE990BB7CC7C0F.e.990","ELEMENT":"f.FF9A1E5259EB1E6B709B859A36B64A29.d.3A8E875757434DF8C7CE990BB7CC7C0F.e.990"}]}
RESULT: {}
RESULT: {"script":"<script> [56 bytes]","args":[{"element-6066-11e4-a52e-4f735466cecf":"f.FF9A1E5259EB1E6B709B859A36B64A29.d.3A8E875757434DF8C7CE990BB7CC7C0F.e.990","ELEMENT":"f.FF9A1E5259EB1E6B709B859A36B64A29.d.3A8E875757434DF8C7CE990BB7CC7C0F.e.990"}]}
COMMAND: GET /session/ba2432913a596e5fc4fa14806f816f85/screenshot - {}
RESULT: {}
COMMAND: POST /session/ba2432913a596e5fc4fa14806f816f85/element - {"using":"css selector","value":"#shell-header-logo"}
RESULT: {"using":"css selector","value":"#shell-header-logo"}
COMMAND: POST /session/ba2432913a596e5fc4fa14806f816f85/element/f.FF9A1E5259EB1E6B709B859A36B64A29.d.3A8E875757434DF8C7CE990BB7CC7C0F.e.253/click - {}
RESULT: {}
COMMAND: GET /session/ba2432913a596e5fc4fa14806f816f85/screenshot - {}
RESULT: {}
COMMAND: POST /session/ba2432913a596e5fc4fa14806f816f85/execute/sync - {"script":"<script> [299 bytes]","args":[["getModel","getResource"]]}
RESULT: {"script":"<script> [299 bytes]","args":[["getModel","getResource"]]}
COMMAND: GET /session/ba2432913a596e5fc4fa14806f816f85/screenshot - {}
]]></system-out>
    </testcase>
    <testcase classname="chrome.135_0_7049_96.windows.Billing_confirm_US117289" name="Should create a new partner" time="143.078">
      <system-out><![CDATA[
COMMAND: POST /session/ba2432913a596e5fc4fa14806f816f85/window/fullscreen - {}
RESULT: {}
RESULT: {}
COMMAND: POST /session/ba2432913a596e5fc4fa14806f816f85/execute/async - {"script":"<script> [1562 bytes]","args":[{"selector":{"controlType":"sap.m.GenericTile","properties":{"header":"Manage Partners"}},"wdio_ui5_key":"sapm.GenericTile{\"header\":\"Manage Partners\"}"}]}
RESULT: {"script":"<script> [1562 bytes]","args":[{"selector":{"controlType":"sap.m.GenericTile","properties":{"header":"Manage Partners"}},"wdio_ui5_key":"sapm.GenericTile{\"header\":\"Manage Partners\"}"}]}
RESULT: undefined
COMMAND: POST /session/ba2432913a596e5fc4fa14806f816f85/element - {"using":"xpath","value":"//*[@id=\"__tile38\"]"}
RESULT: {"using":"xpath","value":"//*[@id=\"__tile38\"]"}
COMMAND: POST /session/ba2432913a596e5fc4fa14806f816f85/element/f.FF9A1E5259EB1E6B709B859A36B64A29.d.3A8E875757434DF8C7CE990BB7CC7C0F.e.142/click - {}
RESULT: {}
COMMAND: POST /session/ba2432913a596e5fc4fa14806f816f85/element - {"using":"xpath","value":"//button[@data-kt=\"addButton\"]"}
COMMAND: GET /session/ba2432913a596e5fc4fa14806f816f85/screenshot - {}
RESULT: {"using":"xpath","value":"//button[@data-kt=\"addButton\"]"}
COMMAND: POST /session/ba2432913a596e5fc4fa14806f816f85/elements - {"using":"xpath","value":"//button[@data-kt=\"addButton\"]"}
RESULT: {}
RESULT: {"using":"xpath","value":"//button[@data-kt=\"addButton\"]"}
COMMAND: POST /session/ba2432913a596e5fc4fa14806f816f85/elements - {"using":"xpath","value":"//button[@data-kt=\"addButton\"]"}
RESULT: {"using":"xpath","value":"//button[@data-kt=\"addButton\"]"}
COMMAND: POST /session/ba2432913a596e5fc4fa14806f816f85/element - {"using":"xpath","value":"//button[@data-kt=\"addButton\"]"}
RESULT: {"using":"xpath","value":"//button[@data-kt=\"addButton\"]"}
COMMAND: POST /session/ba2432913a596e5fc4fa14806f816f85/execute/sync - {"script":"<script> [8489 bytes]","args":[{"element-6066-11e4-a52e-4f735466cecf":"f.FF9A1E5259EB1E6B709B859A36B64A29.d.3A8E875757434DF8C7CE990BB7CC7C0F.e.1041","ELEMENT":"f.FF9A1E5259EB1E6B709B859A36B64A29.d.3A8E875757434DF8C7CE990BB7CC7C0F.e.1041"}]}
RESULT: {"script":"<script> [8489 bytes]","args":[{"element-6066-11e4-a52e-4f735466cecf":"f.FF9A1E5259EB1E6B709B859A36B64A29.d.3A8E875757434DF8C7CE990BB7CC7C0F.e.1041","ELEMENT":"f.FF9A1E5259EB1E6B709B859A36B64A29.d.3A8E875757434DF8C7CE990BB7CC7C0F.e.1041"}]}
COMMAND: GET /session/ba2432913a596e5fc4fa14806f816f85/element/f.FF9A1E5259EB1E6B709B859A36B64A29.d.3A8E875757434DF8C7CE990BB7CC7C0F.e.1041/enabled - {}
COMMAND: GET /session/ba2432913a596e5fc4fa14806f816f85/screenshot - {}
RESULT: {}
COMMAND: POST /session/ba2432913a596e5fc4fa14806f816f85/execute/sync - {"script":"<script> [8489 bytes]","args":[{"element-6066-11e4-a52e-4f735466cecf":"f.FF9A1E5259EB1E6B709B859A36B64A29.d.3A8E875757434DF8C7CE990BB7CC7C0F.e.1041","ELEMENT":"f.FF9A1E5259EB1E6B709B859A36B64A29.d.3A8E875757434DF8C7CE990BB7CC7C0F.e.1041"}]}
COMMAND: GET /session/ba2432913a596e5fc4fa14806f816f85/screenshot - {}
RESULT: {}
RESULT: {"script":"<script> [8489 bytes]","args":[{"element-6066-11e4-a52e-4f735466cecf":"f.FF9A1E5259EB1E6B709B859A36B64A29.d.3A8E875757434DF8C7CE990BB7CC7C0F.e.1041","ELEMENT":"f.FF9A1E5259EB1E6B709B859A36B64A29.d.3A8E875757434DF8C7CE990BB7CC7C0F.e.1041"}]}
COMMAND: POST /session/ba2432913a596e5fc4fa14806f816f85/execute/sync - {"script":"<script> [5351 bytes]","args":[{"element-6066-11e4-a52e-4f735466cecf":"f.FF9A1E5259EB1E6B709B859A36B64A29.d.3A8E875757434DF8C7CE990BB7CC7C0F.e.1041","ELEMENT":"f.FF9A1E5259EB1E6B709B859A36B64A29.d.3A8E875757434DF8C7CE990BB7CC7C0F.e.1041"}]}
COMMAND: GET /session/ba2432913a596e5fc4fa14806f816f85/screenshot - {}
RESULT: {}
RESULT: {"script":"<script> [5351 bytes]","args":[{"element-6066-11e4-a52e-4f735466cecf":"f.FF9A1E5259EB1E6B709B859A36B64A29.d.3A8E875757434DF8C7CE990BB7CC7C0F.e.1041","ELEMENT":"f.FF9A1E5259EB1E6B709B859A36B64A29.d.3A8E875757434DF8C7CE990BB7CC7C0F.e.1041"}]}
COMMAND: POST /session/ba2432913a596e5fc4fa14806f816f85/element/f.FF9A1E5259EB1E6B709B859A36B64A29.d.3A8E875757434DF8C7CE990BB7CC7C0F.e.1041/click - {}
COMMAND: GET /session/ba2432913a596e5fc4fa14806f816f85/screenshot - {}
RESULT: {}
RESULT: {}
COMMAND: GET /session/ba2432913a596e5fc4fa14806f816f85/screenshot - {}
COMMAND: POST /session/ba2432913a596e5fc4fa14806f816f85/execute/async - {"script":"<script> [1562 bytes]","args":[{"selector":{"id":"application-managepartners-display-component---NewPartner--addressDetailDetailsName1","interaction":{"idSuffix":"inner"}},"wdio_ui5_key":"applicationmanagepartners-display-component---NewPartner--addressDetailDetailsName1"}]}
RESULT: {}
RESULT: {}
RESULT: {"script":"<script> [1562 bytes]","args":[{"selector":{"id":"application-managepartners-display-component---NewPartner--addressDetailDetailsName1","interaction":{"idSuffix":"inner"}},"wdio_ui5_key":"applicationmanagepartners-display-component---NewPartner--addressDetailDetailsName1"}]}
RESULT: undefined
COMMAND: POST /session/ba2432913a596e5fc4fa14806f816f85/execute/async - {"script":"<script> [776 bytes]","args":[{"enterText":"Intracompany Partner WDIO","selector":{"id":"application-managepartners-display-component---NewPartner--addressDetailDetailsName1","interaction":{"idSuffix":"inner"}},"clearTextFirst":true,"interactionType":"ENTER_TEXT"}]}
RESULT: {"script":"<script> [776 bytes]","args":[{"enterText":"Intracompany Partner WDIO","selector":{"id":"application-managepartners-display-component---NewPartner--addressDetailDetailsName1","interaction":{"idSuffix":"inner"}},"clearTextFirst":true,"interactionType":"ENTER_TEXT"}]}
COMMAND: POST /session/ba2432913a596e5fc4fa14806f816f85/execute/async - {"script":"<script> [1562 bytes]","args":[{"selector":{"id":"application-managepartners-display-component---NewPartner--addressDetailDetailsLanguage-arrow"},"wdio_ui5_key":"applicationmanagepartners-display-component---NewPartner--addressDetailDetailsLanguage-arrow"}]}
RESULT: {"script":"<script> [1562 bytes]","args":[{"selector":{"id":"application-managepartners-display-component---NewPartner--addressDetailDetailsLanguage-arrow"},"wdio_ui5_key":"applicationmanagepartners-display-component---NewPartner--addressDetailDetailsLanguage-arrow"}]}
RESULT: undefined
COMMAND: POST /session/ba2432913a596e5fc4fa14806f816f85/element - {"using":"xpath","value":"//*[@id=\"application-managepartners-display-component---NewPartner--addressDetailDetailsLanguage-arrow\"]"}
RESULT: {"using":"xpath","value":"//*[@id=\"application-managepartners-display-component---NewPartner--addressDetailDetailsLanguage-arrow\"]"}
COMMAND: POST /session/ba2432913a596e5fc4fa14806f816f85/element/f.FF9A1E5259EB1E6B709B859A36B64A29.d.3A8E875757434DF8C7CE990BB7CC7C0F.e.1476/click - {}
RESULT: {}
COMMAND: POST /session/ba2432913a596e5fc4fa14806f816f85/element - {"using":"xpath","value":"//span[contains(text(), \"English\")]"}
COMMAND: GET /session/ba2432913a596e5fc4fa14806f816f85/screenshot - {}
RESULT: {"using":"xpath","value":"//span[contains(text(), \"English\")]"}
COMMAND: POST /session/ba2432913a596e5fc4fa14806f816f85/element/f.FF9A1E5259EB1E6B709B859A36B64A29.d.3A8E875757434DF8C7CE990BB7CC7C0F.e.1477/click - {}
RESULT: {}
RESULT: {}
COMMAND: GET /session/ba2432913a596e5fc4fa14806f816f85/screenshot - {}
RESULT: {}
COMMAND: POST /session/ba2432913a596e5fc4fa14806f816f85/execute/async - {"script":"<script> [1562 bytes]","args":[{"selector":{"id":"application-managepartners-display-component---NewPartner--addressDetailDetailsCity1","interaction":{"idSuffix":"inner"}},"wdio_ui5_key":"applicationmanagepartners-display-component---NewPartner--addressDetailDetailsCity1"}]}
RESULT: {"script":"<script> [1562 bytes]","args":[{"selector":{"id":"application-managepartners-display-component---NewPartner--addressDetailDetailsCity1","interaction":{"idSuffix":"inner"}},"wdio_ui5_key":"applicationmanagepartners-display-component---NewPartner--addressDetailDetailsCity1"}]}
RESULT: undefined
COMMAND: POST /session/ba2432913a596e5fc4fa14806f816f85/execute/async - {"script":"<script> [776 bytes]","args":[{"enterText":"Rosario","selector":{"id":"application-managepartners-display-component---NewPartner--addressDetailDetailsCity1","interaction":{"idSuffix":"inner"}},"clearTextFirst":true,"interactionType":"ENTER_TEXT"}]}
RESULT: {"script":"<script> [776 bytes]","args":[{"enterText":"Rosario","selector":{"id":"application-managepartners-display-component---NewPartner--addressDetailDetailsCity1","interaction":{"idSuffix":"inner"}},"clearTextFirst":true,"interactionType":"ENTER_TEXT"}]}
COMMAND: POST /session/ba2432913a596e5fc4fa14806f816f85/execute/async - {"script":"<script> [1562 bytes]","args":[{"selector":{"id":"application-managepartners-display-component---NewPartner--addressDetailDetailsCountry-arrow"},"wdio_ui5_key":"applicationmanagepartners-display-component---NewPartner--addressDetailDetailsCountry-arrow"}]}
RESULT: {"script":"<script> [1562 bytes]","args":[{"selector":{"id":"application-managepartners-display-component---NewPartner--addressDetailDetailsCountry-arrow"},"wdio_ui5_key":"applicationmanagepartners-display-component---NewPartner--addressDetailDetailsCountry-arrow"}]}
RESULT: undefined
COMMAND: POST /session/ba2432913a596e5fc4fa14806f816f85/element - {"using":"xpath","value":"//*[@id=\"application-managepartners-display-component---NewPartner--addressDetailDetailsCountry-arrow\"]"}
RESULT: {"using":"xpath","value":"//*[@id=\"application-managepartners-display-component---NewPartner--addressDetailDetailsCountry-arrow\"]"}
COMMAND: POST /session/ba2432913a596e5fc4fa14806f816f85/element/f.FF9A1E5259EB1E6B709B859A36B64A29.d.3A8E875757434DF8C7CE990BB7CC7C0F.e.1452/click - {}
RESULT: {}
COMMAND: POST /session/ba2432913a596e5fc4fa14806f816f85/element - {"using":"xpath","value":"//span[contains(text(), \"Argentina\")]"}
COMMAND: GET /session/ba2432913a596e5fc4fa14806f816f85/screenshot - {}
RESULT: {"using":"xpath","value":"//span[contains(text(), \"Argentina\")]"}
COMMAND: POST /session/ba2432913a596e5fc4fa14806f816f85/element/f.FF9A1E5259EB1E6B709B859A36B64A29.d.3A8E875757434DF8C7CE990BB7CC7C0F.e.1479/click - {}
RESULT: {}
RESULT: {}
COMMAND: GET /session/ba2432913a596e5fc4fa14806f816f85/screenshot - {}
RESULT: {}
COMMAND: POST /session/ba2432913a596e5fc4fa14806f816f85/element - {"using":"xpath","value":"//bdi[contains(text(), \"Commercial\")]"}
RESULT: {"using":"xpath","value":"//bdi[contains(text(), \"Commercial\")]"}
COMMAND: POST /session/ba2432913a596e5fc4fa14806f816f85/element/f.FF9A1E5259EB1E6B709B859A36B64A29.d.3A8E875757434DF8C7CE990BB7CC7C0F.e.1480/click - {}
RESULT: {}
COMMAND: GET /session/ba2432913a596e5fc4fa14806f816f85/screenshot - {}
RESULT: {}
COMMAND: POST /session/ba2432913a596e5fc4fa14806f816f85/execute/async - {"script":"<script> [1562 bytes]","args":[{"selector":{"id":"application-managepartners-display-component---NewPartner--partnerDetailInternal-arrow"},"wdio_ui5_key":"applicationmanagepartners-display-component---NewPartner--partnerDetailInternal-arrow"}]}
RESULT: {"script":"<script> [1562 bytes]","args":[{"selector":{"id":"application-managepartners-display-component---NewPartner--partnerDetailInternal-arrow"},"wdio_ui5_key":"applicationmanagepartners-display-component---NewPartner--partnerDetailInternal-arrow"}]}
RESULT: undefined
COMMAND: POST /session/ba2432913a596e5fc4fa14806f816f85/element - {"using":"xpath","value":"//*[@id=\"application-managepartners-display-component---NewPartner--partnerDetailInternal-arrow\"]"}
RESULT: {"using":"xpath","value":"//*[@id=\"application-managepartners-display-component---NewPartner--partnerDetailInternal-arrow\"]"}
COMMAND: POST /session/ba2432913a596e5fc4fa14806f816f85/element/f.FF9A1E5259EB1E6B709B859A36B64A29.d.3A8E875757434DF8C7CE990BB7CC7C0F.e.1486/click - {}
RESULT: {}
COMMAND: POST /session/ba2432913a596e5fc4fa14806f816f85/element - {"using":"xpath","value":"//span[contains(text(), \"Affiliated company\")]"}
COMMAND: GET /session/ba2432913a596e5fc4fa14806f816f85/screenshot - {}
RESULT: {"using":"xpath","value":"//span[contains(text(), \"Affiliated company\")]"}
COMMAND: POST /session/ba2432913a596e5fc4fa14806f816f85/element/f.FF9A1E5259EB1E6B709B859A36B64A29.d.3A8E875757434DF8C7CE990BB7CC7C0F.e.1487/click - {}
RESULT: {}
RESULT: {}
COMMAND: POST /session/ba2432913a596e5fc4fa14806f816f85/execute/async - {"script":"<script> [1562 bytes]","args":[{"selector":{"id":"application-managepartners-display-component---NewPartner--partnerDetailsCurrency-arrow"},"wdio_ui5_key":"applicationmanagepartners-display-component---NewPartner--partnerDetailsCurrency-arrow"}]}
COMMAND: GET /session/ba2432913a596e5fc4fa14806f816f85/screenshot - {}
RESULT: {"script":"<script> [1562 bytes]","args":[{"selector":{"id":"application-managepartners-display-component---NewPartner--partnerDetailsCurrency-arrow"},"wdio_ui5_key":"applicationmanagepartners-display-component---NewPartner--partnerDetailsCurrency-arrow"}]}
RESULT: undefined
COMMAND: POST /session/ba2432913a596e5fc4fa14806f816f85/element - {"using":"xpath","value":"//*[@id=\"application-managepartners-display-component---NewPartner--partnerDetailsCurrency-arrow\"]"}
RESULT: {}
RESULT: {"using":"xpath","value":"//*[@id=\"application-managepartners-display-component---NewPartner--partnerDetailsCurrency-arrow\"]"}
COMMAND: POST /session/ba2432913a596e5fc4fa14806f816f85/element/f.FF9A1E5259EB1E6B709B859A36B64A29.d.3A8E875757434DF8C7CE990BB7CC7C0F.e.1494/click - {}
RESULT: {}
COMMAND: POST /session/ba2432913a596e5fc4fa14806f816f85/element - {"using":"xpath","value":"//span[contains(text(), \"Euro\")]"}
COMMAND: GET /session/ba2432913a596e5fc4fa14806f816f85/screenshot - {}
RESULT: {"using":"xpath","value":"//span[contains(text(), \"Euro\")]"}
COMMAND: POST /session/ba2432913a596e5fc4fa14806f816f85/element/f.FF9A1E5259EB1E6B709B859A36B64A29.d.3A8E875757434DF8C7CE990BB7CC7C0F.e.1495/click - {}
RESULT: {}
RESULT: {}
COMMAND: POST /session/ba2432913a596e5fc4fa14806f816f85/execute/async - {"script":"<script> [1562 bytes]","args":[{"selector":{"id":"application-managepartners-display-component---NewPartner--addressEditDetailsCostObjectCstType-arrow"},"wdio_ui5_key":"applicationmanagepartners-display-component---NewPartner--addressEditDetailsCostObjectCstType-arrow"}]}
COMMAND: GET /session/ba2432913a596e5fc4fa14806f816f85/screenshot - {}
RESULT: {"script":"<script> [1562 bytes]","args":[{"selector":{"id":"application-managepartners-display-component---NewPartner--addressEditDetailsCostObjectCstType-arrow"},"wdio_ui5_key":"applicationmanagepartners-display-component---NewPartner--addressEditDetailsCostObjectCstType-arrow"}]}
RESULT: undefined
COMMAND: POST /session/ba2432913a596e5fc4fa14806f816f85/element - {"using":"xpath","value":"//*[@id=\"application-managepartners-display-component---NewPartner--addressEditDetailsCostObjectCstType-arrow\"]"}
RESULT: {}
RESULT: {"using":"xpath","value":"//*[@id=\"application-managepartners-display-component---NewPartner--addressEditDetailsCostObjectCstType-arrow\"]"}
COMMAND: POST /session/ba2432913a596e5fc4fa14806f816f85/element/f.FF9A1E5259EB1E6B709B859A36B64A29.d.3A8E875757434DF8C7CE990BB7CC7C0F.e.1496/click - {}
RESULT: {}
COMMAND: POST /session/ba2432913a596e5fc4fa14806f816f85/element - {"using":"xpath","value":"//span[contains(text(), \"Cost Center\")]"}
COMMAND: GET /session/ba2432913a596e5fc4fa14806f816f85/screenshot - {}
RESULT: {"using":"xpath","value":"//span[contains(text(), \"Cost Center\")]"}
COMMAND: POST /session/ba2432913a596e5fc4fa14806f816f85/element/f.FF9A1E5259EB1E6B709B859A36B64A29.d.3A8E875757434DF8C7CE990BB7CC7C0F.e.1497/click - {}
RESULT: {}
RESULT: {}
COMMAND: GET /session/ba2432913a596e5fc4fa14806f816f85/screenshot - {}
RESULT: {}
COMMAND: POST /session/ba2432913a596e5fc4fa14806f816f85/element - {"using":"xpath","value":"//span[@id=\"application-managepartners-display-component---NewPartner--addressNewCostObjectCstID-vhi\"]"}
RESULT: {"using":"xpath","value":"//span[@id=\"application-managepartners-display-component---NewPartner--addressNewCostObjectCstID-vhi\"]"}
COMMAND: POST /session/ba2432913a596e5fc4fa14806f816f85/execute/sync - {"script":"<script> [8489 bytes]","args":[{"element-6066-11e4-a52e-4f735466cecf":"f.FF9A1E5259EB1E6B709B859A36B64A29.d.3A8E875757434DF8C7CE990BB7CC7C0F.e.1501","ELEMENT":"f.FF9A1E5259EB1E6B709B859A36B64A29.d.3A8E875757434DF8C7CE990BB7CC7C0F.e.1501"}]}
RESULT: {"script":"<script> [8489 bytes]","args":[{"element-6066-11e4-a52e-4f735466cecf":"f.FF9A1E5259EB1E6B709B859A36B64A29.d.3A8E875757434DF8C7CE990BB7CC7C0F.e.1501","ELEMENT":"f.FF9A1E5259EB1E6B709B859A36B64A29.d.3A8E875757434DF8C7CE990BB7CC7C0F.e.1501"}]}
COMMAND: POST /session/ba2432913a596e5fc4fa14806f816f85/execute/async - {"script":"<script> [1562 bytes]","args":[{"selector":{"id":"application-managepartners-display-component---NewPartner--addressNewCostObjectCstID-vhi"},"wdio_ui5_key":"applicationmanagepartners-display-component---NewPartner--addressNewCostObjectCstID-vhi"}]}
COMMAND: GET /session/ba2432913a596e5fc4fa14806f816f85/screenshot - {}
RESULT: {"script":"<script> [1562 bytes]","args":[{"selector":{"id":"application-managepartners-display-component---NewPartner--addressNewCostObjectCstID-vhi"},"wdio_ui5_key":"applicationmanagepartners-display-component---NewPartner--addressNewCostObjectCstID-vhi"}]}
RESULT: undefined
COMMAND: POST /session/ba2432913a596e5fc4fa14806f816f85/element - {"using":"xpath","value":"//*[@id=\"application-managepartners-display-component---NewPartner--addressNewCostObjectCstID-vhi\"]"}
RESULT: {}
RESULT: {"using":"xpath","value":"//*[@id=\"application-managepartners-display-component---NewPartner--addressNewCostObjectCstID-vhi\"]"}
COMMAND: POST /session/ba2432913a596e5fc4fa14806f816f85/element/f.FF9A1E5259EB1E6B709B859A36B64A29.d.3A8E875757434DF8C7CE990BB7CC7C0F.e.1501/click - {}
RESULT: {}
COMMAND: GET /session/ba2432913a596e5fc4fa14806f816f85/screenshot - {}
RESULT: {}
RESULT: undefined
COMMAND: POST /session/ba2432913a596e5fc4fa14806f816f85/execute/async - {"script":"<script> [776 bytes]","args":[{"enterText":"10001013","selector":{"controlType":"sap.m.SearchField","properties":{"placeholder":"Search"},"searchOpenDialogs":true,"interaction":{"idSuffix":"I"}},"clearTextFirst":true,"interactionType":"ENTER_TEXT"}]}
RESULT: {"script":"<script> [776 bytes]","args":[{"enterText":"10001013","selector":{"controlType":"sap.m.SearchField","properties":{"placeholder":"Search"},"searchOpenDialogs":true,"interaction":{"idSuffix":"I"}},"clearTextFirst":true,"interactionType":"ENTER_TEXT"}]}
COMMAND: POST /session/ba2432913a596e5fc4fa14806f816f85/actions - {"actions":[{"id":"action2","type":"key","parameters":{},"actions":[{"type":"keyDown","value":"î€‡"},{"type":"pause","duration":10},{"type":"keyUp","value":"î€‡"}]}]}
RESULT: {"actions":[{"id":"action2","type":"key","parameters":{},"actions":[{"type":"keyDown","value":"î€‡"},{"type":"pause","duration":10},{"type":"keyUp","value":"î€‡"}]}]}
COMMAND: GET /session/ba2432913a596e5fc4fa14806f816f85/screenshot - {}
RESULT: {}
COMMAND: POST /session/ba2432913a596e5fc4fa14806f816f85/element - {"using":"xpath","value":"//span[contains(text(), \"General Management\")]"}
RESULT: {"using":"xpath","value":"//span[contains(text(), \"General Management\")]"}
COMMAND: POST /session/ba2432913a596e5fc4fa14806f816f85/element/f.FF9A1E5259EB1E6B709B859A36B64A29.d.3A8E875757434DF8C7CE990BB7CC7C0F.e.1537/click - {}
RESULT: {}
COMMAND: GET /session/ba2432913a596e5fc4fa14806f816f85/screenshot - {}
RESULT: {}
COMMAND: POST /session/ba2432913a596e5fc4fa14806f816f85/element - {"using":"xpath","value":"//bdi[contains(text(), \"OK\")]"}
RESULT: {"using":"xpath","value":"//bdi[contains(text(), \"OK\")]"}
COMMAND: POST /session/ba2432913a596e5fc4fa14806f816f85/element/f.FF9A1E5259EB1E6B709B859A36B64A29.d.3A8E875757434DF8C7CE990BB7CC7C0F.e.1538/click - {}
RESULT: {}
COMMAND: GET /session/ba2432913a596e5fc4fa14806f816f85/screenshot - {}
RESULT: {}
COMMAND: POST /session/ba2432913a596e5fc4fa14806f816f85/element - {"using":"xpath","value":"//input[@id=\"application-managepartners-display-component---NewPartner--companyCodeComboBox-inner\"]"}
RESULT: {"using":"xpath","value":"//input[@id=\"application-managepartners-display-component---NewPartner--companyCodeComboBox-inner\"]"}
COMMAND: POST /session/ba2432913a596e5fc4fa14806f816f85/element/f.FF9A1E5259EB1E6B709B859A36B64A29.d.3A8E875757434DF8C7CE990BB7CC7C0F.e.1428/clear - {}
RESULT: {}
COMMAND: POST /session/ba2432913a596e5fc4fa14806f816f85/element/f.FF9A1E5259EB1E6B709B859A36B64A29.d.3A8E875757434DF8C7CE990BB7CC7C0F.e.1428/value - {"text":"1000"}
COMMAND: GET /session/ba2432913a596e5fc4fa14806f816f85/screenshot - {}
RESULT: {"text":"1000"}
COMMAND: GET /session/ba2432913a596e5fc4fa14806f816f85/screenshot - {}
RESULT: {}
RESULT: {}
COMMAND: POST /session/ba2432913a596e5fc4fa14806f816f85/element - {"using":"xpath","value":"//span[contains(text(), \"1000\")]"}
RESULT: {"using":"xpath","value":"//span[contains(text(), \"1000\")]"}
COMMAND: POST /session/ba2432913a596e5fc4fa14806f816f85/element/f.FF9A1E5259EB1E6B709B859A36B64A29.d.3A8E875757434DF8C7CE990BB7CC7C0F.e.1544/click - {}
RESULT: {}
COMMAND: GET /session/ba2432913a596e5fc4fa14806f816f85/screenshot - {}
RESULT: {}
COMMAND: POST /session/ba2432913a596e5fc4fa14806f816f85/execute/async - {"script":"<script> [1562 bytes]","args":[{"selector":{"id":"application-managepartners-display-component---NewPartner--btnAddTableRow-img"},"wdio_ui5_key":"applicationmanagepartners-display-component---NewPartner--btnAddTableRow-img"}]}
RESULT: {"script":"<script> [1562 bytes]","args":[{"selector":{"id":"application-managepartners-display-component---NewPartner--btnAddTableRow-img"},"wdio_ui5_key":"applicationmanagepartners-display-component---NewPartner--btnAddTableRow-img"}]}
RESULT: undefined
COMMAND: POST /session/ba2432913a596e5fc4fa14806f816f85/element - {"using":"xpath","value":"//*[@id=\"application-managepartners-display-component---NewPartner--btnAddTableRow-img\"]"}
RESULT: {"using":"xpath","value":"//*[@id=\"application-managepartners-display-component---NewPartner--btnAddTableRow-img\"]"}
COMMAND: POST /session/ba2432913a596e5fc4fa14806f816f85/element/f.FF9A1E5259EB1E6B709B859A36B64A29.d.3A8E875757434DF8C7CE990BB7CC7C0F.e.1545/click - {}
RESULT: {}
COMMAND: GET /session/ba2432913a596e5fc4fa14806f816f85/screenshot - {}
RESULT: {}
COMMAND: POST /session/ba2432913a596e5fc4fa14806f816f85/element - {"using":"xpath","value":"//input[@id=\"application-managepartners-display-component---NewPartner--assignmentYard-application-managepartners-display-component---NewPartner--assignmentsTable-0-inner\"]"}
RESULT: {"using":"xpath","value":"//input[@id=\"application-managepartners-display-component---NewPartner--assignmentYard-application-managepartners-display-component---NewPartner--assignmentsTable-0-inner\"]"}
COMMAND: POST /session/ba2432913a596e5fc4fa14806f816f85/element/f.FF9A1E5259EB1E6B709B859A36B64A29.d.3A8E875757434DF8C7CE990BB7CC7C0F.e.1548/clear - {}
RESULT: {}
COMMAND: POST /session/ba2432913a596e5fc4fa14806f816f85/element/f.FF9A1E5259EB1E6B709B859A36B64A29.d.3A8E875757434DF8C7CE990BB7CC7C0F.e.1548/value - {"text":"528"}
COMMAND: GET /session/ba2432913a596e5fc4fa14806f816f85/screenshot - {}
RESULT: {"text":"528"}
COMMAND: GET /session/ba2432913a596e5fc4fa14806f816f85/screenshot - {}
RESULT: {}
RESULT: {}
COMMAND: POST /session/ba2432913a596e5fc4fa14806f816f85/element - {"using":"xpath","value":"//li[.//span[text()='528']]"}
RESULT: {"using":"xpath","value":"//li[.//span[text()='528']]"}
COMMAND: POST /session/ba2432913a596e5fc4fa14806f816f85/element/f.FF9A1E5259EB1E6B709B859A36B64A29.d.3A8E875757434DF8C7CE990BB7CC7C0F.e.1557/click - {}
RESULT: {}
COMMAND: GET /session/ba2432913a596e5fc4fa14806f816f85/screenshot - {}
RESULT: {}
COMMAND: POST /session/ba2432913a596e5fc4fa14806f816f85/actions - {"actions":[{"id":"action3","type":"key","parameters":{},"actions":[{"type":"keyDown","value":"î€‡"},{"type":"pause","duration":10},{"type":"keyUp","value":"î€‡"}]}]}
RESULT: {"actions":[{"id":"action3","type":"key","parameters":{},"actions":[{"type":"keyDown","value":"î€‡"},{"type":"pause","duration":10},{"type":"keyUp","value":"î€‡"}]}]}
COMMAND: POST /session/ba2432913a596e5fc4fa14806f816f85/execute/async - {"script":"<script> [1562 bytes]","args":[{"selector":{"id":"application-managepartners-display-component---NewPartner--externalCustomerComboBox-application-managepartners-display-component---NewPartner--assignmentsTable-0-vhi"},"wdio_ui5_key":"applicationmanagepartners-display-component---NewPartner--externalCustomerComboBox-application-managepartners-display-component---NewPartner--assignmentsTable-0-vhi"}]}
COMMAND: GET /session/ba2432913a596e5fc4fa14806f816f85/screenshot - {}
RESULT: {"script":"<script> [1562 bytes]","args":[{"selector":{"id":"application-managepartners-display-component---NewPartner--externalCustomerComboBox-application-managepartners-display-component---NewPartner--assignmentsTable-0-vhi"},"wdio_ui5_key":"applicationmanagepartners-display-component---NewPartner--externalCustomerComboBox-application-managepartners-display-component---NewPartner--assignmentsTable-0-vhi"}]}
RESULT: undefined
COMMAND: POST /session/ba2432913a596e5fc4fa14806f816f85/element - {"using":"xpath","value":"//*[@id=\"application-managepartners-display-component---NewPartner--externalCustomerComboBox-application-managepartners-display-component---NewPartner--assignmentsTable-0-vhi\"]"}
RESULT: {}
RESULT: {"using":"xpath","value":"//*[@id=\"application-managepartners-display-component---NewPartner--externalCustomerComboBox-application-managepartners-display-component---NewPartner--assignmentsTable-0-vhi\"]"}
COMMAND: POST /session/ba2432913a596e5fc4fa14806f816f85/element/f.FF9A1E5259EB1E6B709B859A36B64A29.d.3A8E875757434DF8C7CE990BB7CC7C0F.e.1561/click - {}
RESULT: {}
RESULT: undefined
COMMAND: POST /session/ba2432913a596e5fc4fa14806f816f85/execute/async - {"script":"<script> [776 bytes]","args":[{"enterText":"300003","selector":{"controlType":"sap.m.SearchField","properties":{"placeholder":"Search"},"searchOpenDialogs":true,"interaction":{"idSuffix":"I"}},"clearTextFirst":true,"interactionType":"ENTER_TEXT"}]}
COMMAND: GET /session/ba2432913a596e5fc4fa14806f816f85/screenshot - {}
RESULT: {"script":"<script> [776 bytes]","args":[{"enterText":"300003","selector":{"controlType":"sap.m.SearchField","properties":{"placeholder":"Search"},"searchOpenDialogs":true,"interaction":{"idSuffix":"I"}},"clearTextFirst":true,"interactionType":"ENTER_TEXT"}]}
COMMAND: POST /session/ba2432913a596e5fc4fa14806f816f85/actions - {"actions":[{"id":"action4","type":"key","parameters":{},"actions":[{"type":"keyDown","value":"î€‡"},{"type":"pause","duration":10},{"type":"keyUp","value":"î€‡"}]}]}
RESULT: {}
RESULT: {"actions":[{"id":"action4","type":"key","parameters":{},"actions":[{"type":"keyDown","value":"î€‡"},{"type":"pause","duration":10},{"type":"keyUp","value":"î€‡"}]}]}
COMMAND: GET /session/ba2432913a596e5fc4fa14806f816f85/screenshot - {}
RESULT: {}
COMMAND: POST /session/ba2432913a596e5fc4fa14806f816f85/element - {"using":"xpath","value":"//span[contains(text(), \"300003\")]"}
RESULT: {"using":"xpath","value":"//span[contains(text(), \"300003\")]"}
COMMAND: POST /session/ba2432913a596e5fc4fa14806f816f85/element/f.FF9A1E5259EB1E6B709B859A36B64A29.d.3A8E875757434DF8C7CE990BB7CC7C0F.e.1580/click - {}
RESULT: {}
COMMAND: GET /session/ba2432913a596e5fc4fa14806f816f85/screenshot - {}
RESULT: {}
COMMAND: POST /session/ba2432913a596e5fc4fa14806f816f85/element - {"using":"xpath","value":"//bdi[contains(text(), \"OK\")]"}
RESULT: {"using":"xpath","value":"//bdi[contains(text(), \"OK\")]"}
COMMAND: POST /session/ba2432913a596e5fc4fa14806f816f85/element/f.FF9A1E5259EB1E6B709B859A36B64A29.d.3A8E875757434DF8C7CE990BB7CC7C0F.e.1583/click - {}
RESULT: {}
COMMAND: GET /session/ba2432913a596e5fc4fa14806f816f85/screenshot - {}
RESULT: {}
COMMAND: POST /session/ba2432913a596e5fc4fa14806f816f85/execute/async - {"script":"<script> [1562 bytes]","args":[{"selector":{"id":"application-managepartners-display-component---NewPartner--intercompVendorComboBox-application-managepartners-display-component---NewPartner--assignmentsTable-0-vhi"},"wdio_ui5_key":"applicationmanagepartners-display-component---NewPartner--intercompVendorComboBox-application-managepartners-display-component---NewPartner--assignmentsTable-0-vhi"}]}
RESULT: {"script":"<script> [1562 bytes]","args":[{"selector":{"id":"application-managepartners-display-component---NewPartner--intercompVendorComboBox-application-managepartners-display-component---NewPartner--assignmentsTable-0-vhi"},"wdio_ui5_key":"applicationmanagepartners-display-component---NewPartner--intercompVendorComboBox-application-managepartners-display-component---NewPartner--assignmentsTable-0-vhi"}]}
RESULT: undefined
COMMAND: POST /session/ba2432913a596e5fc4fa14806f816f85/element - {"using":"xpath","value":"//*[@id=\"application-managepartners-display-component---NewPartner--intercompVendorComboBox-application-managepartners-display-component---NewPartner--assignmentsTable-0-vhi\"]"}
RESULT: {"using":"xpath","value":"//*[@id=\"application-managepartners-display-component---NewPartner--intercompVendorComboBox-application-managepartners-display-component---NewPartner--assignmentsTable-0-vhi\"]"}
COMMAND: POST /session/ba2432913a596e5fc4fa14806f816f85/element/f.FF9A1E5259EB1E6B709B859A36B64A29.d.3A8E875757434DF8C7CE990BB7CC7C0F.e.1586/click - {}
RESULT: {}
RESULT: undefined
COMMAND: POST /session/ba2432913a596e5fc4fa14806f816f85/execute/async - {"script":"<script> [776 bytes]","args":[{"enterText":"100005","selector":{"controlType":"sap.m.SearchField","properties":{"placeholder":"Search"},"searchOpenDialogs":true,"interaction":{"idSuffix":"I"}},"clearTextFirst":true,"interactionType":"ENTER_TEXT"}]}
COMMAND: GET /session/ba2432913a596e5fc4fa14806f816f85/screenshot - {}
RESULT: {}
RESULT: {"script":"<script> [776 bytes]","args":[{"enterText":"100005","selector":{"controlType":"sap.m.SearchField","properties":{"placeholder":"Search"},"searchOpenDialogs":true,"interaction":{"idSuffix":"I"}},"clearTextFirst":true,"interactionType":"ENTER_TEXT"}]}
COMMAND: POST /session/ba2432913a596e5fc4fa14806f816f85/actions - {"actions":[{"id":"action5","type":"key","parameters":{},"actions":[{"type":"keyDown","value":"î€‡"},{"type":"pause","duration":10},{"type":"keyUp","value":"î€‡"}]}]}
RESULT: {"actions":[{"id":"action5","type":"key","parameters":{},"actions":[{"type":"keyDown","value":"î€‡"},{"type":"pause","duration":10},{"type":"keyUp","value":"î€‡"}]}]}
COMMAND: GET /session/ba2432913a596e5fc4fa14806f816f85/screenshot - {}
RESULT: {}
COMMAND: POST /session/ba2432913a596e5fc4fa14806f816f85/element - {"using":"xpath","value":"//span[contains(text(), \"Penguins - Field/12345 Berlin\")]"}
RESULT: {"using":"xpath","value":"//span[contains(text(), \"Penguins - Field/12345 Berlin\")]"}
COMMAND: POST /session/ba2432913a596e5fc4fa14806f816f85/element/f.FF9A1E5259EB1E6B709B859A36B64A29.d.3A8E875757434DF8C7CE990BB7CC7C0F.e.1604/click - {}
RESULT: {}
COMMAND: GET /session/ba2432913a596e5fc4fa14806f816f85/screenshot - {}
RESULT: {}
COMMAND: POST /session/ba2432913a596e5fc4fa14806f816f85/element - {"using":"xpath","value":"//bdi[contains(text(), \"OK\")]"}
RESULT: {"using":"xpath","value":"//bdi[contains(text(), \"OK\")]"}
COMMAND: POST /session/ba2432913a596e5fc4fa14806f816f85/element/f.FF9A1E5259EB1E6B709B859A36B64A29.d.3A8E875757434DF8C7CE990BB7CC7C0F.e.1605/click - {}
RESULT: {}
COMMAND: GET /session/ba2432913a596e5fc4fa14806f816f85/screenshot - {}
RESULT: {}
COMMAND: POST /session/ba2432913a596e5fc4fa14806f816f85/element - {"using":"xpath","value":"//button[@data-kt=\"saveButton\"]"}
RESULT: {"using":"xpath","value":"//button[@data-kt=\"saveButton\"]"}
COMMAND: POST /session/ba2432913a596e5fc4fa14806f816f85/element/f.FF9A1E5259EB1E6B709B859A36B64A29.d.3A8E875757434DF8C7CE990BB7CC7C0F.e.1454/click - {}
RESULT: {}
COMMAND: GET /session/ba2432913a596e5fc4fa14806f816f85/screenshot - {}
RESULT: {}
COMMAND: POST /session/ba2432913a596e5fc4fa14806f816f85/element - {"using":"xpath","value":"//header[contains(@id, 'ObjectPageLayout-headerTitle')]/div[1]/div[2]/div[2]/span[1]"}
RESULT: {"using":"xpath","value":"//header[contains(@id, 'ObjectPageLayout-headerTitle')]/div[1]/div[2]/div[2]/span[1]"}
COMMAND: POST /session/ba2432913a596e5fc4fa14806f816f85/elements - {"using":"xpath","value":"//header[contains(@id, 'ObjectPageLayout-headerTitle')]/div[1]/div[2]/div[2]/span[1]"}
RESULT: {"using":"xpath","value":"//header[contains(@id, 'ObjectPageLayout-headerTitle')]/div[1]/div[2]/div[2]/span[1]"}
COMMAND: POST /session/ba2432913a596e5fc4fa14806f816f85/execute/sync - {"script":"<script> [56 bytes]","args":[{"element-6066-11e4-a52e-4f735466cecf":"f.FF9A1E5259EB1E6B709B859A36B64A29.d.3A8E875757434DF8C7CE990BB7CC7C0F.e.1769","ELEMENT":"f.FF9A1E5259EB1E6B709B859A36B64A29.d.3A8E875757434DF8C7CE990BB7CC7C0F.e.1769"}]}
RESULT: {"script":"<script> [56 bytes]","args":[{"element-6066-11e4-a52e-4f735466cecf":"f.FF9A1E5259EB1E6B709B859A36B64A29.d.3A8E875757434DF8C7CE990BB7CC7C0F.e.1769","ELEMENT":"f.FF9A1E5259EB1E6B709B859A36B64A29.d.3A8E875757434DF8C7CE990BB7CC7C0F.e.1769"}]}
COMMAND: POST /session/ba2432913a596e5fc4fa14806f816f85/element - {"using":"css selector","value":"#shell-header-logo"}
COMMAND: GET /session/ba2432913a596e5fc4fa14806f816f85/screenshot - {}
RESULT: {"using":"css selector","value":"#shell-header-logo"}
COMMAND: POST /session/ba2432913a596e5fc4fa14806f816f85/element/f.FF9A1E5259EB1E6B709B859A36B64A29.d.3A8E875757434DF8C7CE990BB7CC7C0F.e.997/click - {}
RESULT: {}
RESULT: {}
COMMAND: GET /session/ba2432913a596e5fc4fa14806f816f85/screenshot - {}
RESULT: {}
COMMAND: POST /session/ba2432913a596e5fc4fa14806f816f85/execute/sync - {"script":"<script> [299 bytes]","args":[["getModel","getResource"]]}
RESULT: {"script":"<script> [299 bytes]","args":[["getModel","getResource"]]}
COMMAND: GET /session/ba2432913a596e5fc4fa14806f816f85/screenshot - {}
]]></system-out>
    </testcase>
    <testcase classname="chrome.135_0_7049_96.windows.Billing_confirm_US117289" name="Should create a new site" time="112.86">
      <system-out><![CDATA[
COMMAND: POST /session/ba2432913a596e5fc4fa14806f816f85/execute/async - {"script":"<script> [1562 bytes]","args":[{"selector":{"controlType":"sap.m.TileContent","bindingPath":{"path":"","propertyPath":"/properties/info"},"ancestor":{"controlType":"sap.m.GenericTile","properties":{"header":"Manage Sites"}}},"wdio_ui5_key":"sapm.TileContent{\"path\":\"\",\"propertyPath\":\"/properties/info\"}{\"controlType\":\"sap.m.GenericTile\",\"properties\":{\"header\":\"Manage Sites\"}}"}]}
RESULT: {"script":"<script> [1562 bytes]","args":[{"selector":{"controlType":"sap.m.TileContent","bindingPath":{"path":"","propertyPath":"/properties/info"},"ancestor":{"controlType":"sap.m.GenericTile","properties":{"header":"Manage Sites"}}},"wdio_ui5_key":"sapm.TileContent{\"path\":\"\",\"propertyPath\":\"/properties/info\"}{\"controlType\":\"sap.m.GenericTile\",\"properties\":{\"header\":\"Manage Sites\"}}"}]}
RESULT: undefined
COMMAND: POST /session/ba2432913a596e5fc4fa14806f816f85/element - {"using":"xpath","value":"//*[@id=\"__xmlview7--numericTileContent\"]"}
RESULT: {}
RESULT: {"using":"xpath","value":"//*[@id=\"__xmlview7--numericTileContent\"]"}
COMMAND: POST /session/ba2432913a596e5fc4fa14806f816f85/element/f.FF9A1E5259EB1E6B709B859A36B64A29.d.3A8E875757434DF8C7CE990BB7CC7C0F.e.1771/click - {}
RESULT: {}
COMMAND: POST /session/ba2432913a596e5fc4fa14806f816f85/element - {"using":"xpath","value":"//button[@data-kt=\"addOverflowToolbarButton\"]"}
COMMAND: GET /session/ba2432913a596e5fc4fa14806f816f85/screenshot - {}
RESULT: {"using":"xpath","value":"//button[@data-kt=\"addOverflowToolbarButton\"]"}
COMMAND: POST /session/ba2432913a596e5fc4fa14806f816f85/elements - {"using":"xpath","value":"//button[@data-kt=\"addOverflowToolbarButton\"]"}
RESULT: {}
RESULT: {"using":"xpath","value":"//button[@data-kt=\"addOverflowToolbarButton\"]"}
COMMAND: POST /session/ba2432913a596e5fc4fa14806f816f85/elements - {"using":"xpath","value":"//button[@data-kt=\"addOverflowToolbarButton\"]"}
RESULT: {"using":"xpath","value":"//button[@data-kt=\"addOverflowToolbarButton\"]"}
COMMAND: POST /session/ba2432913a596e5fc4fa14806f816f85/elements - {"using":"xpath","value":"//button[@data-kt=\"addOverflowToolbarButton\"]"}
RESULT: {"using":"xpath","value":"//button[@data-kt=\"addOverflowToolbarButton\"]"}
COMMAND: POST /session/ba2432913a596e5fc4fa14806f816f85/element - {"using":"xpath","value":"//button[@data-kt=\"addOverflowToolbarButton\"]"}
RESULT: {"using":"xpath","value":"//button[@data-kt=\"addOverflowToolbarButton\"]"}
COMMAND: POST /session/ba2432913a596e5fc4fa14806f816f85/execute/sync - {"script":"<script> [8489 bytes]","args":[{"element-6066-11e4-a52e-4f735466cecf":"f.FF9A1E5259EB1E6B709B859A36B64A29.d.3A8E875757434DF8C7CE990BB7CC7C0F.e.1818","ELEMENT":"f.FF9A1E5259EB1E6B709B859A36B64A29.d.3A8E875757434DF8C7CE990BB7CC7C0F.e.1818"}]}
RESULT: {"script":"<script> [8489 bytes]","args":[{"element-6066-11e4-a52e-4f735466cecf":"f.FF9A1E5259EB1E6B709B859A36B64A29.d.3A8E875757434DF8C7CE990BB7CC7C0F.e.1818","ELEMENT":"f.FF9A1E5259EB1E6B709B859A36B64A29.d.3A8E875757434DF8C7CE990BB7CC7C0F.e.1818"}]}
COMMAND: GET /session/ba2432913a596e5fc4fa14806f816f85/element/f.FF9A1E5259EB1E6B709B859A36B64A29.d.3A8E875757434DF8C7CE990BB7CC7C0F.e.1818/enabled - {}
COMMAND: GET /session/ba2432913a596e5fc4fa14806f816f85/screenshot - {}
RESULT: {}
RESULT: {}
COMMAND: POST /session/ba2432913a596e5fc4fa14806f816f85/execute/sync - {"script":"<script> [8489 bytes]","args":[{"element-6066-11e4-a52e-4f735466cecf":"f.FF9A1E5259EB1E6B709B859A36B64A29.d.3A8E875757434DF8C7CE990BB7CC7C0F.e.1818","ELEMENT":"f.FF9A1E5259EB1E6B709B859A36B64A29.d.3A8E875757434DF8C7CE990BB7CC7C0F.e.1818"}]}
COMMAND: GET /session/ba2432913a596e5fc4fa14806f816f85/screenshot - {}
RESULT: {"script":"<script> [8489 bytes]","args":[{"element-6066-11e4-a52e-4f735466cecf":"f.FF9A1E5259EB1E6B709B859A36B64A29.d.3A8E875757434DF8C7CE990BB7CC7C0F.e.1818","ELEMENT":"f.FF9A1E5259EB1E6B709B859A36B64A29.d.3A8E875757434DF8C7CE990BB7CC7C0F.e.1818"}]}
COMMAND: POST /session/ba2432913a596e5fc4fa14806f816f85/execute/sync - {"script":"<script> [5351 bytes]","args":[{"element-6066-11e4-a52e-4f735466cecf":"f.FF9A1E5259EB1E6B709B859A36B64A29.d.3A8E875757434DF8C7CE990BB7CC7C0F.e.1818","ELEMENT":"f.FF9A1E5259EB1E6B709B859A36B64A29.d.3A8E875757434DF8C7CE990BB7CC7C0F.e.1818"}]}
COMMAND: GET /session/ba2432913a596e5fc4fa14806f816f85/screenshot - {}
RESULT: {}
RESULT: {"script":"<script> [5351 bytes]","args":[{"element-6066-11e4-a52e-4f735466cecf":"f.FF9A1E5259EB1E6B709B859A36B64A29.d.3A8E875757434DF8C7CE990BB7CC7C0F.e.1818","ELEMENT":"f.FF9A1E5259EB1E6B709B859A36B64A29.d.3A8E875757434DF8C7CE990BB7CC7C0F.e.1818"}]}
COMMAND: POST /session/ba2432913a596e5fc4fa14806f816f85/element/f.FF9A1E5259EB1E6B709B859A36B64A29.d.3A8E875757434DF8C7CE990BB7CC7C0F.e.1818/click - {}
COMMAND: GET /session/ba2432913a596e5fc4fa14806f816f85/screenshot - {}
RESULT: {}
RESULT: {}
COMMAND: GET /session/ba2432913a596e5fc4fa14806f816f85/screenshot - {}
COMMAND: POST /session/ba2432913a596e5fc4fa14806f816f85/execute/async - {"script":"<script> [1562 bytes]","args":[{"selector":{"id":"application-managesites-display-component---NewSite--addressDetailDetailsName1","interaction":{"idSuffix":"inner"}},"wdio_ui5_key":"applicationmanagesites-display-component---NewSite--addressDetailDetailsName1"}]}
RESULT: {}
RESULT: {}
RESULT: {"script":"<script> [1562 bytes]","args":[{"selector":{"id":"application-managesites-display-component---NewSite--addressDetailDetailsName1","interaction":{"idSuffix":"inner"}},"wdio_ui5_key":"applicationmanagesites-display-component---NewSite--addressDetailDetailsName1"}]}
RESULT: undefined
COMMAND: POST /session/ba2432913a596e5fc4fa14806f816f85/execute/async - {"script":"<script> [776 bytes]","args":[{"enterText":"Intracompany Site wdIO","selector":{"id":"application-managesites-display-component---NewSite--addressDetailDetailsName1","interaction":{"idSuffix":"inner"}},"clearTextFirst":true,"interactionType":"ENTER_TEXT"}]}
RESULT: {"script":"<script> [776 bytes]","args":[{"enterText":"Intracompany Site wdIO","selector":{"id":"application-managesites-display-component---NewSite--addressDetailDetailsName1","interaction":{"idSuffix":"inner"}},"clearTextFirst":true,"interactionType":"ENTER_TEXT"}]}
COMMAND: POST /session/ba2432913a596e5fc4fa14806f816f85/execute/async - {"script":"<script> [1562 bytes]","args":[{"selector":{"id":"application-managesites-display-component---NewSite--addressDetailDetailsLanguage-arrow"},"wdio_ui5_key":"applicationmanagesites-display-component---NewSite--addressDetailDetailsLanguage-arrow"}]}
RESULT: {"script":"<script> [1562 bytes]","args":[{"selector":{"id":"application-managesites-display-component---NewSite--addressDetailDetailsLanguage-arrow"},"wdio_ui5_key":"applicationmanagesites-display-component---NewSite--addressDetailDetailsLanguage-arrow"}]}
RESULT: undefined
COMMAND: POST /session/ba2432913a596e5fc4fa14806f816f85/element - {"using":"xpath","value":"//*[@id=\"application-managesites-display-component---NewSite--addressDetailDetailsLanguage-arrow\"]"}
RESULT: {"using":"xpath","value":"//*[@id=\"application-managesites-display-component---NewSite--addressDetailDetailsLanguage-arrow\"]"}
COMMAND: POST /session/ba2432913a596e5fc4fa14806f816f85/element/f.FF9A1E5259EB1E6B709B859A36B64A29.d.3A8E875757434DF8C7CE990BB7CC7C0F.e.2201/click - {}
RESULT: {}
COMMAND: POST /session/ba2432913a596e5fc4fa14806f816f85/element - {"using":"xpath","value":"//span[contains(text(), \"English\")]"}
COMMAND: GET /session/ba2432913a596e5fc4fa14806f816f85/screenshot - {}
RESULT: {"using":"xpath","value":"//span[contains(text(), \"English\")]"}
COMMAND: POST /session/ba2432913a596e5fc4fa14806f816f85/element/f.FF9A1E5259EB1E6B709B859A36B64A29.d.3A8E875757434DF8C7CE990BB7CC7C0F.e.2202/click - {}
RESULT: {}
RESULT: {}
COMMAND: POST /session/ba2432913a596e5fc4fa14806f816f85/execute/async - {"script":"<script> [1562 bytes]","args":[{"selector":{"id":"application-managesites-display-component---NewSite--addressDetailDetailsCity1","interaction":{"idSuffix":"inner"}},"wdio_ui5_key":"applicationmanagesites-display-component---NewSite--addressDetailDetailsCity1"}]}
COMMAND: GET /session/ba2432913a596e5fc4fa14806f816f85/screenshot - {}
RESULT: {"script":"<script> [1562 bytes]","args":[{"selector":{"id":"application-managesites-display-component---NewSite--addressDetailDetailsCity1","interaction":{"idSuffix":"inner"}},"wdio_ui5_key":"applicationmanagesites-display-component---NewSite--addressDetailDetailsCity1"}]}
RESULT: undefined
COMMAND: POST /session/ba2432913a596e5fc4fa14806f816f85/execute/async - {"script":"<script> [776 bytes]","args":[{"enterText":"Rosario","selector":{"id":"application-managesites-display-component---NewSite--addressDetailDetailsCity1","interaction":{"idSuffix":"inner"}},"clearTextFirst":true,"interactionType":"ENTER_TEXT"}]}
RESULT: {}
RESULT: {"script":"<script> [776 bytes]","args":[{"enterText":"Rosario","selector":{"id":"application-managesites-display-component---NewSite--addressDetailDetailsCity1","interaction":{"idSuffix":"inner"}},"clearTextFirst":true,"interactionType":"ENTER_TEXT"}]}
COMMAND: POST /session/ba2432913a596e5fc4fa14806f816f85/execute/async - {"script":"<script> [1562 bytes]","args":[{"selector":{"id":"application-managesites-display-component---NewSite--addressDetailDetailsCountry-arrow"},"wdio_ui5_key":"applicationmanagesites-display-component---NewSite--addressDetailDetailsCountry-arrow"}]}
RESULT: {"script":"<script> [1562 bytes]","args":[{"selector":{"id":"application-managesites-display-component---NewSite--addressDetailDetailsCountry-arrow"},"wdio_ui5_key":"applicationmanagesites-display-component---NewSite--addressDetailDetailsCountry-arrow"}]}
RESULT: undefined
COMMAND: POST /session/ba2432913a596e5fc4fa14806f816f85/element - {"using":"xpath","value":"//*[@id=\"application-managesites-display-component---NewSite--addressDetailDetailsCountry-arrow\"]"}
RESULT: {"using":"xpath","value":"//*[@id=\"application-managesites-display-component---NewSite--addressDetailDetailsCountry-arrow\"]"}
COMMAND: POST /session/ba2432913a596e5fc4fa14806f816f85/element/f.FF9A1E5259EB1E6B709B859A36B64A29.d.3A8E875757434DF8C7CE990BB7CC7C0F.e.2204/click - {}
RESULT: {}
COMMAND: POST /session/ba2432913a596e5fc4fa14806f816f85/element - {"using":"xpath","value":"//span[contains(text(), \"Argentina\")]"}
COMMAND: GET /session/ba2432913a596e5fc4fa14806f816f85/screenshot - {}
RESULT: {"using":"xpath","value":"//span[contains(text(), \"Argentina\")]"}
COMMAND: POST /session/ba2432913a596e5fc4fa14806f816f85/element/f.FF9A1E5259EB1E6B709B859A36B64A29.d.3A8E875757434DF8C7CE990BB7CC7C0F.e.2205/click - {}
RESULT: {}
RESULT: {}
COMMAND: GET /session/ba2432913a596e5fc4fa14806f816f85/screenshot - {}
RESULT: {}
COMMAND: POST /session/ba2432913a596e5fc4fa14806f816f85/execute/async - {"script":"<script> [1562 bytes]","args":[{"selector":{"id":"application-managesites-display-component---NewSite--addressEditDetailsCostObjectCstType-arrow"},"wdio_ui5_key":"applicationmanagesites-display-component---NewSite--addressEditDetailsCostObjectCstType-arrow"}]}
RESULT: {"script":"<script> [1562 bytes]","args":[{"selector":{"id":"application-managesites-display-component---NewSite--addressEditDetailsCostObjectCstType-arrow"},"wdio_ui5_key":"applicationmanagesites-display-component---NewSite--addressEditDetailsCostObjectCstType-arrow"}]}
RESULT: undefined
COMMAND: POST /session/ba2432913a596e5fc4fa14806f816f85/element - {"using":"xpath","value":"//*[@id=\"application-managesites-display-component---NewSite--addressEditDetailsCostObjectCstType-arrow\"]"}
RESULT: {"using":"xpath","value":"//*[@id=\"application-managesites-display-component---NewSite--addressEditDetailsCostObjectCstType-arrow\"]"}
COMMAND: POST /session/ba2432913a596e5fc4fa14806f816f85/element/f.FF9A1E5259EB1E6B709B859A36B64A29.d.3A8E875757434DF8C7CE990BB7CC7C0F.e.2207/click - {}
RESULT: {}
COMMAND: POST /session/ba2432913a596e5fc4fa14806f816f85/element - {"using":"xpath","value":"//span[contains(text(), \"Cost Center\")]"}
COMMAND: GET /session/ba2432913a596e5fc4fa14806f816f85/screenshot - {}
RESULT: {"using":"xpath","value":"//span[contains(text(), \"Cost Center\")]"}
COMMAND: POST /session/ba2432913a596e5fc4fa14806f816f85/element/f.FF9A1E5259EB1E6B709B859A36B64A29.d.3A8E875757434DF8C7CE990BB7CC7C0F.e.2208/click - {}
RESULT: {}
RESULT: {}
COMMAND: GET /session/ba2432913a596e5fc4fa14806f816f85/screenshot - {}
RESULT: {}
COMMAND: POST /session/ba2432913a596e5fc4fa14806f816f85/element - {"using":"xpath","value":"//span[@id=\"application-managesites-display-component---NewSite--addressNewCostObjectCstID-vhi\"]"}
RESULT: {"using":"xpath","value":"//span[@id=\"application-managesites-display-component---NewSite--addressNewCostObjectCstID-vhi\"]"}
COMMAND: POST /session/ba2432913a596e5fc4fa14806f816f85/execute/sync - {"script":"<script> [8489 bytes]","args":[{"element-6066-11e4-a52e-4f735466cecf":"f.FF9A1E5259EB1E6B709B859A36B64A29.d.3A8E875757434DF8C7CE990BB7CC7C0F.e.2213","ELEMENT":"f.FF9A1E5259EB1E6B709B859A36B64A29.d.3A8E875757434DF8C7CE990BB7CC7C0F.e.2213"}]}
RESULT: {"script":"<script> [8489 bytes]","args":[{"element-6066-11e4-a52e-4f735466cecf":"f.FF9A1E5259EB1E6B709B859A36B64A29.d.3A8E875757434DF8C7CE990BB7CC7C0F.e.2213","ELEMENT":"f.FF9A1E5259EB1E6B709B859A36B64A29.d.3A8E875757434DF8C7CE990BB7CC7C0F.e.2213"}]}
COMMAND: POST /session/ba2432913a596e5fc4fa14806f816f85/execute/async - {"script":"<script> [1562 bytes]","args":[{"selector":{"id":"application-managesites-display-component---NewSite--addressNewCostObjectCstID-vhi"},"wdio_ui5_key":"applicationmanagesites-display-component---NewSite--addressNewCostObjectCstID-vhi"}]}
COMMAND: GET /session/ba2432913a596e5fc4fa14806f816f85/screenshot - {}
RESULT: {"script":"<script> [1562 bytes]","args":[{"selector":{"id":"application-managesites-display-component---NewSite--addressNewCostObjectCstID-vhi"},"wdio_ui5_key":"applicationmanagesites-display-component---NewSite--addressNewCostObjectCstID-vhi"}]}
RESULT: undefined
COMMAND: POST /session/ba2432913a596e5fc4fa14806f816f85/element - {"using":"xpath","value":"//*[@id=\"application-managesites-display-component---NewSite--addressNewCostObjectCstID-vhi\"]"}
RESULT: {}
RESULT: {"using":"xpath","value":"//*[@id=\"application-managesites-display-component---NewSite--addressNewCostObjectCstID-vhi\"]"}
COMMAND: POST /session/ba2432913a596e5fc4fa14806f816f85/element/f.FF9A1E5259EB1E6B709B859A36B64A29.d.3A8E875757434DF8C7CE990BB7CC7C0F.e.2213/click - {}
RESULT: {}
COMMAND: GET /session/ba2432913a596e5fc4fa14806f816f85/screenshot - {}
RESULT: {}
RESULT: undefined
COMMAND: POST /session/ba2432913a596e5fc4fa14806f816f85/execute/async - {"script":"<script> [776 bytes]","args":[{"enterText":"10001013","selector":{"controlType":"sap.m.SearchField","properties":{"placeholder":"Search"},"searchOpenDialogs":true,"interaction":{"idSuffix":"I"}},"clearTextFirst":true,"interactionType":"ENTER_TEXT"}]}
RESULT: {"script":"<script> [776 bytes]","args":[{"enterText":"10001013","selector":{"controlType":"sap.m.SearchField","properties":{"placeholder":"Search"},"searchOpenDialogs":true,"interaction":{"idSuffix":"I"}},"clearTextFirst":true,"interactionType":"ENTER_TEXT"}]}
COMMAND: POST /session/ba2432913a596e5fc4fa14806f816f85/actions - {"actions":[{"id":"action6","type":"key","parameters":{},"actions":[{"type":"keyDown","value":"î€‡"},{"type":"pause","duration":10},{"type":"keyUp","value":"î€‡"}]}]}
RESULT: {"actions":[{"id":"action6","type":"key","parameters":{},"actions":[{"type":"keyDown","value":"î€‡"},{"type":"pause","duration":10},{"type":"keyUp","value":"î€‡"}]}]}
COMMAND: GET /session/ba2432913a596e5fc4fa14806f816f85/screenshot - {}
RESULT: {}
COMMAND: POST /session/ba2432913a596e5fc4fa14806f816f85/element - {"using":"xpath","value":"//span[contains(text(), \"General Management\")]"}
RESULT: {"using":"xpath","value":"//span[contains(text(), \"General Management\")]"}
COMMAND: POST /session/ba2432913a596e5fc4fa14806f816f85/element/f.FF9A1E5259EB1E6B709B859A36B64A29.d.3A8E875757434DF8C7CE990BB7CC7C0F.e.2251/click - {}
RESULT: {}
COMMAND: GET /session/ba2432913a596e5fc4fa14806f816f85/screenshot - {}
RESULT: {}
COMMAND: POST /session/ba2432913a596e5fc4fa14806f816f85/element - {"using":"xpath","value":"//bdi[contains(text(), \"OK\")]"}
RESULT: {"using":"xpath","value":"//bdi[contains(text(), \"OK\")]"}
COMMAND: POST /session/ba2432913a596e5fc4fa14806f816f85/element/f.FF9A1E5259EB1E6B709B859A36B64A29.d.3A8E875757434DF8C7CE990BB7CC7C0F.e.2252/click - {}
RESULT: {}
COMMAND: GET /session/ba2432913a596e5fc4fa14806f816f85/screenshot - {}
RESULT: {}
COMMAND: POST /session/ba2432913a596e5fc4fa14806f816f85/element - {"using":"xpath","value":"//input[@id=\"application-managesites-display-component---NewSite--addressDetailDetailsCalendar-inner\"]"}
RESULT: {"using":"xpath","value":"//input[@id=\"application-managesites-display-component---NewSite--addressDetailDetailsCalendar-inner\"]"}
COMMAND: POST /session/ba2432913a596e5fc4fa14806f816f85/element/f.FF9A1E5259EB1E6B709B859A36B64A29.d.3A8E875757434DF8C7CE990BB7CC7C0F.e.2015/clear - {}
RESULT: {}
COMMAND: POST /session/ba2432913a596e5fc4fa14806f816f85/element/f.FF9A1E5259EB1E6B709B859A36B64A29.d.3A8E875757434DF8C7CE990BB7CC7C0F.e.2015/value - {"text":"Unit"}
COMMAND: GET /session/ba2432913a596e5fc4fa14806f816f85/screenshot - {}
RESULT: {"text":"Unit"}
COMMAND: GET /session/ba2432913a596e5fc4fa14806f816f85/screenshot - {}
RESULT: {}
RESULT: {}
COMMAND: POST /session/ba2432913a596e5fc4fa14806f816f85/actions - {"actions":[{"id":"action7","type":"key","parameters":{},"actions":[{"type":"keyDown","value":"î€‡"},{"type":"pause","duration":10},{"type":"keyUp","value":"î€‡"}]}]}
RESULT: {"actions":[{"id":"action7","type":"key","parameters":{},"actions":[{"type":"keyDown","value":"î€‡"},{"type":"pause","duration":10},{"type":"keyUp","value":"î€‡"}]}]}
COMMAND: POST /session/ba2432913a596e5fc4fa14806f816f85/element - {"using":"xpath","value":"//input[@id=\"application-managesites-display-component---NewSite--addressDetailDetailsYard-inner\"]"}
COMMAND: GET /session/ba2432913a596e5fc4fa14806f816f85/screenshot - {}
RESULT: {"using":"xpath","value":"//input[@id=\"application-managesites-display-component---NewSite--addressDetailDetailsYard-inner\"]"}
COMMAND: POST /session/ba2432913a596e5fc4fa14806f816f85/element/f.FF9A1E5259EB1E6B709B859A36B64A29.d.3A8E875757434DF8C7CE990BB7CC7C0F.e.2016/clear - {}
RESULT: {}
RESULT: {}
COMMAND: POST /session/ba2432913a596e5fc4fa14806f816f85/element/f.FF9A1E5259EB1E6B709B859A36B64A29.d.3A8E875757434DF8C7CE990BB7CC7C0F.e.2016/value - {"text":"528"}
COMMAND: GET /session/ba2432913a596e5fc4fa14806f816f85/screenshot - {}
RESULT: {"text":"528"}
COMMAND: GET /session/ba2432913a596e5fc4fa14806f816f85/screenshot - {}
RESULT: {}
RESULT: {}
COMMAND: POST /session/ba2432913a596e5fc4fa14806f816f85/element - {"using":"xpath","value":"//li[.//span[text()='528']]"}
RESULT: {"using":"xpath","value":"//li[.//span[text()='528']]"}
COMMAND: POST /session/ba2432913a596e5fc4fa14806f816f85/element/f.FF9A1E5259EB1E6B709B859A36B64A29.d.3A8E875757434DF8C7CE990BB7CC7C0F.e.2260/click - {}
RESULT: {}
COMMAND: GET /session/ba2432913a596e5fc4fa14806f816f85/screenshot - {}
RESULT: {}
COMMAND: POST /session/ba2432913a596e5fc4fa14806f816f85/element - {"using":"xpath","value":"//input[@id=\"application-managesites-display-component---NewSite--addressDetailDetailsPartner-inner\"]"}
RESULT: {"using":"xpath","value":"//input[@id=\"application-managesites-display-component---NewSite--addressDetailDetailsPartner-inner\"]"}
COMMAND: POST /session/ba2432913a596e5fc4fa14806f816f85/element - {"using":"xpath","value":"//input[@id=\"application-managesites-display-component---NewSite--addressDetailDetailsPartner-inner\"]"}
RESULT: {"using":"xpath","value":"//input[@id=\"application-managesites-display-component---NewSite--addressDetailDetailsPartner-inner\"]"}
COMMAND: POST /session/ba2432913a596e5fc4fa14806f816f85/element - {"using":"xpath","value":"//button[@data-kt=\"saveButton\"]"}
RESULT: {"using":"xpath","value":"//button[@data-kt=\"saveButton\"]"}
COMMAND: POST /session/ba2432913a596e5fc4fa14806f816f85/element/f.FF9A1E5259EB1E6B709B859A36B64A29.d.3A8E875757434DF8C7CE990BB7CC7C0F.e.2194/click - {}
RESULT: {}
COMMAND: GET /session/ba2432913a596e5fc4fa14806f816f85/screenshot - {}
RESULT: {}
COMMAND: POST /session/ba2432913a596e5fc4fa14806f816f85/element - {"using":"xpath","value":"//header[contains(@id, 'ObjectPageLayout-headerTitle')]/div[1]/div[2]/div[2]/span[1]"}
RESULT: {"using":"xpath","value":"//header[contains(@id, 'ObjectPageLayout-headerTitle')]/div[1]/div[2]/div[2]/span[1]"}
COMMAND: POST /session/ba2432913a596e5fc4fa14806f816f85/elements - {"using":"xpath","value":"//header[contains(@id, 'ObjectPageLayout-headerTitle')]/div[1]/div[2]/div[2]/span[1]"}
RESULT: {"using":"xpath","value":"//header[contains(@id, 'ObjectPageLayout-headerTitle')]/div[1]/div[2]/div[2]/span[1]"}
COMMAND: POST /session/ba2432913a596e5fc4fa14806f816f85/execute/sync - {"script":"<script> [56 bytes]","args":[{"element-6066-11e4-a52e-4f735466cecf":"f.FF9A1E5259EB1E6B709B859A36B64A29.d.3A8E875757434DF8C7CE990BB7CC7C0F.e.2461","ELEMENT":"f.FF9A1E5259EB1E6B709B859A36B64A29.d.3A8E875757434DF8C7CE990BB7CC7C0F.e.2461"}]}
RESULT: {"script":"<script> [56 bytes]","args":[{"element-6066-11e4-a52e-4f735466cecf":"f.FF9A1E5259EB1E6B709B859A36B64A29.d.3A8E875757434DF8C7CE990BB7CC7C0F.e.2461","ELEMENT":"f.FF9A1E5259EB1E6B709B859A36B64A29.d.3A8E875757434DF8C7CE990BB7CC7C0F.e.2461"}]}
COMMAND: POST /session/ba2432913a596e5fc4fa14806f816f85/element - {"using":"css selector","value":"#shell-header-logo"}
COMMAND: GET /session/ba2432913a596e5fc4fa14806f816f85/screenshot - {}
RESULT: {"using":"css selector","value":"#shell-header-logo"}
COMMAND: POST /session/ba2432913a596e5fc4fa14806f816f85/element/f.FF9A1E5259EB1E6B709B859A36B64A29.d.3A8E875757434DF8C7CE990BB7CC7C0F.e.1775/click - {}
RESULT: {}
RESULT: {}
COMMAND: GET /session/ba2432913a596e5fc4fa14806f816f85/screenshot - {}
RESULT: {}
COMMAND: POST /session/ba2432913a596e5fc4fa14806f816f85/execute/sync - {"script":"<script> [299 bytes]","args":[["getModel","getResource"]]}
RESULT: {"script":"<script> [299 bytes]","args":[["getModel","getResource"]]}
]]></system-out>
    </testcase>
    <testcase classname="chrome.135_0_7049_96.windows.Billing_confirm_US117289" name="Should create a new equipment" time="154.221">
      <system-out><![CDATA[
COMMAND: POST /session/ba2432913a596e5fc4fa14806f816f85/execute/async - {"script":"<script> [1562 bytes]","args":[{"selector":{"controlType":"sap.m.GenericTile","properties":{"header":"Manage Resources"}},"wdio_ui5_key":"sapm.GenericTile{\"header\":\"Manage Resources\"}"}]}
COMMAND: GET /session/ba2432913a596e5fc4fa14806f816f85/screenshot - {}
RESULT: {"script":"<script> [1562 bytes]","args":[{"selector":{"controlType":"sap.m.GenericTile","properties":{"header":"Manage Resources"}},"wdio_ui5_key":"sapm.GenericTile{\"header\":\"Manage Resources\"}"}]}
RESULT: undefined
COMMAND: POST /session/ba2432913a596e5fc4fa14806f816f85/element - {"using":"xpath","value":"//*[@id=\"__tile39\"]"}
RESULT: {}
RESULT: {"using":"xpath","value":"//*[@id=\"__tile39\"]"}
COMMAND: POST /session/ba2432913a596e5fc4fa14806f816f85/element/f.FF9A1E5259EB1E6B709B859A36B64A29.d.3A8E875757434DF8C7CE990BB7CC7C0F.e.145/click - {}
RESULT: {}
COMMAND: POST /session/ba2432913a596e5fc4fa14806f816f85/element - {"using":"xpath","value":"//button[@data-kt=\"addNewRUOverflowToolbarButton\"]"}
COMMAND: GET /session/ba2432913a596e5fc4fa14806f816f85/screenshot - {}
RESULT: {"using":"xpath","value":"//button[@data-kt=\"addNewRUOverflowToolbarButton\"]"}
COMMAND: POST /session/ba2432913a596e5fc4fa14806f816f85/elements - {"using":"xpath","value":"//button[@data-kt=\"addNewRUOverflowToolbarButton\"]"}
RESULT: {}
RESULT: {"using":"xpath","value":"//button[@data-kt=\"addNewRUOverflowToolbarButton\"]"}
COMMAND: POST /session/ba2432913a596e5fc4fa14806f816f85/elements - {"using":"xpath","value":"//button[@data-kt=\"addNewRUOverflowToolbarButton\"]"}
RESULT: {"using":"xpath","value":"//button[@data-kt=\"addNewRUOverflowToolbarButton\"]"}
COMMAND: POST /session/ba2432913a596e5fc4fa14806f816f85/elements - {"using":"xpath","value":"//button[@data-kt=\"addNewRUOverflowToolbarButton\"]"}
RESULT: {"using":"xpath","value":"//button[@data-kt=\"addNewRUOverflowToolbarButton\"]"}
COMMAND: POST /session/ba2432913a596e5fc4fa14806f816f85/elements - {"using":"xpath","value":"//button[@data-kt=\"addNewRUOverflowToolbarButton\"]"}
RESULT: {"using":"xpath","value":"//button[@data-kt=\"addNewRUOverflowToolbarButton\"]"}
COMMAND: POST /session/ba2432913a596e5fc4fa14806f816f85/elements - {"using":"xpath","value":"//button[@data-kt=\"addNewRUOverflowToolbarButton\"]"}
RESULT: {"using":"xpath","value":"//button[@data-kt=\"addNewRUOverflowToolbarButton\"]"}
COMMAND: POST /session/ba2432913a596e5fc4fa14806f816f85/elements - {"using":"xpath","value":"//button[@data-kt=\"addNewRUOverflowToolbarButton\"]"}
RESULT: {"using":"xpath","value":"//button[@data-kt=\"addNewRUOverflowToolbarButton\"]"}
COMMAND: POST /session/ba2432913a596e5fc4fa14806f816f85/elements - {"using":"xpath","value":"//button[@data-kt=\"addNewRUOverflowToolbarButton\"]"}
RESULT: {"using":"xpath","value":"//button[@data-kt=\"addNewRUOverflowToolbarButton\"]"}
COMMAND: POST /session/ba2432913a596e5fc4fa14806f816f85/elements - {"using":"xpath","value":"//button[@data-kt=\"addNewRUOverflowToolbarButton\"]"}
RESULT: {"using":"xpath","value":"//button[@data-kt=\"addNewRUOverflowToolbarButton\"]"}
COMMAND: POST /session/ba2432913a596e5fc4fa14806f816f85/elements - {"using":"xpath","value":"//button[@data-kt=\"addNewRUOverflowToolbarButton\"]"}
RESULT: {"using":"xpath","value":"//button[@data-kt=\"addNewRUOverflowToolbarButton\"]"}
COMMAND: POST /session/ba2432913a596e5fc4fa14806f816f85/elements - {"using":"xpath","value":"//button[@data-kt=\"addNewRUOverflowToolbarButton\"]"}
RESULT: {"using":"xpath","value":"//button[@data-kt=\"addNewRUOverflowToolbarButton\"]"}
COMMAND: POST /session/ba2432913a596e5fc4fa14806f816f85/elements - {"using":"xpath","value":"//button[@data-kt=\"addNewRUOverflowToolbarButton\"]"}
RESULT: {"using":"xpath","value":"//button[@data-kt=\"addNewRUOverflowToolbarButton\"]"}
COMMAND: POST /session/ba2432913a596e5fc4fa14806f816f85/elements - {"using":"xpath","value":"//button[@data-kt=\"addNewRUOverflowToolbarButton\"]"}
RESULT: {"using":"xpath","value":"//button[@data-kt=\"addNewRUOverflowToolbarButton\"]"}
COMMAND: POST /session/ba2432913a596e5fc4fa14806f816f85/elements - {"using":"xpath","value":"//button[@data-kt=\"addNewRUOverflowToolbarButton\"]"}
RESULT: {"using":"xpath","value":"//button[@data-kt=\"addNewRUOverflowToolbarButton\"]"}
COMMAND: POST /session/ba2432913a596e5fc4fa14806f816f85/elements - {"using":"xpath","value":"//button[@data-kt=\"addNewRUOverflowToolbarButton\"]"}
RESULT: {"using":"xpath","value":"//button[@data-kt=\"addNewRUOverflowToolbarButton\"]"}
COMMAND: POST /session/ba2432913a596e5fc4fa14806f816f85/elements - {"using":"xpath","value":"//button[@data-kt=\"addNewRUOverflowToolbarButton\"]"}
RESULT: {"using":"xpath","value":"//button[@data-kt=\"addNewRUOverflowToolbarButton\"]"}
COMMAND: POST /session/ba2432913a596e5fc4fa14806f816f85/elements - {"using":"xpath","value":"//button[@data-kt=\"addNewRUOverflowToolbarButton\"]"}
RESULT: {"using":"xpath","value":"//button[@data-kt=\"addNewRUOverflowToolbarButton\"]"}
COMMAND: POST /session/ba2432913a596e5fc4fa14806f816f85/elements - {"using":"xpath","value":"//button[@data-kt=\"addNewRUOverflowToolbarButton\"]"}
RESULT: {"using":"xpath","value":"//button[@data-kt=\"addNewRUOverflowToolbarButton\"]"}
COMMAND: POST /session/ba2432913a596e5fc4fa14806f816f85/elements - {"using":"xpath","value":"//button[@data-kt=\"addNewRUOverflowToolbarButton\"]"}
RESULT: {"using":"xpath","value":"//button[@data-kt=\"addNewRUOverflowToolbarButton\"]"}
COMMAND: POST /session/ba2432913a596e5fc4fa14806f816f85/elements - {"using":"xpath","value":"//button[@data-kt=\"addNewRUOverflowToolbarButton\"]"}
RESULT: {"using":"xpath","value":"//button[@data-kt=\"addNewRUOverflowToolbarButton\"]"}
COMMAND: POST /session/ba2432913a596e5fc4fa14806f816f85/elements - {"using":"xpath","value":"//button[@data-kt=\"addNewRUOverflowToolbarButton\"]"}
RESULT: {"using":"xpath","value":"//button[@data-kt=\"addNewRUOverflowToolbarButton\"]"}
COMMAND: POST /session/ba2432913a596e5fc4fa14806f816f85/elements - {"using":"xpath","value":"//button[@data-kt=\"addNewRUOverflowToolbarButton\"]"}
RESULT: {"using":"xpath","value":"//button[@data-kt=\"addNewRUOverflowToolbarButton\"]"}
COMMAND: POST /session/ba2432913a596e5fc4fa14806f816f85/elements - {"using":"xpath","value":"//button[@data-kt=\"addNewRUOverflowToolbarButton\"]"}
RESULT: {"using":"xpath","value":"//button[@data-kt=\"addNewRUOverflowToolbarButton\"]"}
COMMAND: POST /session/ba2432913a596e5fc4fa14806f816f85/element - {"using":"xpath","value":"//button[@data-kt=\"addNewRUOverflowToolbarButton\"]"}
RESULT: {"using":"xpath","value":"//button[@data-kt=\"addNewRUOverflowToolbarButton\"]"}
COMMAND: POST /session/ba2432913a596e5fc4fa14806f816f85/execute/sync - {"script":"<script> [8489 bytes]","args":[{"element-6066-11e4-a52e-4f735466cecf":"f.FF9A1E5259EB1E6B709B859A36B64A29.d.3A8E875757434DF8C7CE990BB7CC7C0F.e.2492","ELEMENT":"f.FF9A1E5259EB1E6B709B859A36B64A29.d.3A8E875757434DF8C7CE990BB7CC7C0F.e.2492"}]}
RESULT: {"script":"<script> [8489 bytes]","args":[{"element-6066-11e4-a52e-4f735466cecf":"f.FF9A1E5259EB1E6B709B859A36B64A29.d.3A8E875757434DF8C7CE990BB7CC7C0F.e.2492","ELEMENT":"f.FF9A1E5259EB1E6B709B859A36B64A29.d.3A8E875757434DF8C7CE990BB7CC7C0F.e.2492"}]}
COMMAND: GET /session/ba2432913a596e5fc4fa14806f816f85/element/f.FF9A1E5259EB1E6B709B859A36B64A29.d.3A8E875757434DF8C7CE990BB7CC7C0F.e.2492/enabled - {}
COMMAND: GET /session/ba2432913a596e5fc4fa14806f816f85/screenshot - {}
RESULT: {}
COMMAND: POST /session/ba2432913a596e5fc4fa14806f816f85/execute/sync - {"script":"<script> [8489 bytes]","args":[{"element-6066-11e4-a52e-4f735466cecf":"f.FF9A1E5259EB1E6B709B859A36B64A29.d.3A8E875757434DF8C7CE990BB7CC7C0F.e.2492","ELEMENT":"f.FF9A1E5259EB1E6B709B859A36B64A29.d.3A8E875757434DF8C7CE990BB7CC7C0F.e.2492"}]}
COMMAND: GET /session/ba2432913a596e5fc4fa14806f816f85/screenshot - {}
RESULT: {}
RESULT: {"script":"<script> [8489 bytes]","args":[{"element-6066-11e4-a52e-4f735466cecf":"f.FF9A1E5259EB1E6B709B859A36B64A29.d.3A8E875757434DF8C7CE990BB7CC7C0F.e.2492","ELEMENT":"f.FF9A1E5259EB1E6B709B859A36B64A29.d.3A8E875757434DF8C7CE990BB7CC7C0F.e.2492"}]}
COMMAND: POST /session/ba2432913a596e5fc4fa14806f816f85/execute/sync - {"script":"<script> [5351 bytes]","args":[{"element-6066-11e4-a52e-4f735466cecf":"f.FF9A1E5259EB1E6B709B859A36B64A29.d.3A8E875757434DF8C7CE990BB7CC7C0F.e.2492","ELEMENT":"f.FF9A1E5259EB1E6B709B859A36B64A29.d.3A8E875757434DF8C7CE990BB7CC7C0F.e.2492"}]}
COMMAND: GET /session/ba2432913a596e5fc4fa14806f816f85/screenshot - {}
RESULT: {}
RESULT: {"script":"<script> [5351 bytes]","args":[{"element-6066-11e4-a52e-4f735466cecf":"f.FF9A1E5259EB1E6B709B859A36B64A29.d.3A8E875757434DF8C7CE990BB7CC7C0F.e.2492","ELEMENT":"f.FF9A1E5259EB1E6B709B859A36B64A29.d.3A8E875757434DF8C7CE990BB7CC7C0F.e.2492"}]}
COMMAND: POST /session/ba2432913a596e5fc4fa14806f816f85/element/f.FF9A1E5259EB1E6B709B859A36B64A29.d.3A8E875757434DF8C7CE990BB7CC7C0F.e.2492/click - {}
COMMAND: GET /session/ba2432913a596e5fc4fa14806f816f85/screenshot - {}
RESULT: {}
RESULT: {}
RESULT: {}
COMMAND: GET /session/ba2432913a596e5fc4fa14806f816f85/screenshot - {}
RESULT: {}
COMMAND: POST /session/ba2432913a596e5fc4fa14806f816f85/execute/async - {"script":"<script> [1562 bytes]","args":[{"selector":{"id":"application-manageresources-display-component---newResourceUnit--TYPE-arrow"},"wdio_ui5_key":"applicationmanageresources-display-component---newResourceUnit--TYPE-arrow"}]}
RESULT: {"script":"<script> [1562 bytes]","args":[{"selector":{"id":"application-manageresources-display-component---newResourceUnit--TYPE-arrow"},"wdio_ui5_key":"applicationmanageresources-display-component---newResourceUnit--TYPE-arrow"}]}
RESULT: undefined
COMMAND: POST /session/ba2432913a596e5fc4fa14806f816f85/element - {"using":"xpath","value":"//*[@id=\"application-manageresources-display-component---newResourceUnit--TYPE-arrow\"]"}
RESULT: {"using":"xpath","value":"//*[@id=\"application-manageresources-display-component---newResourceUnit--TYPE-arrow\"]"}
COMMAND: POST /session/ba2432913a596e5fc4fa14806f816f85/element/f.FF9A1E5259EB1E6B709B859A36B64A29.d.3A8E875757434DF8C7CE990BB7CC7C0F.e.2847/click - {}
RESULT: {}
COMMAND: POST /session/ba2432913a596e5fc4fa14806f816f85/element - {"using":"xpath","value":"//input[@id=\"application-manageresources-display-component---newResourceUnit--TYPE-inner\"]"}
COMMAND: GET /session/ba2432913a596e5fc4fa14806f816f85/screenshot - {}
RESULT: {"using":"xpath","value":"//input[@id=\"application-manageresources-display-component---newResourceUnit--TYPE-inner\"]"}
COMMAND: POST /session/ba2432913a596e5fc4fa14806f816f85/element/f.FF9A1E5259EB1E6B709B859A36B64A29.d.3A8E875757434DF8C7CE990BB7CC7C0F.e.2843/clear - {}
RESULT: {}
RESULT: {}
COMMAND: POST /session/ba2432913a596e5fc4fa14806f816f85/element/f.FF9A1E5259EB1E6B709B859A36B64A29.d.3A8E875757434DF8C7CE990BB7CC7C0F.e.2843/value - {"text":"Equipment"}
COMMAND: GET /session/ba2432913a596e5fc4fa14806f816f85/screenshot - {}
RESULT: {"text":"Equipment"}
COMMAND: GET /session/ba2432913a596e5fc4fa14806f816f85/screenshot - {}
RESULT: {}
RESULT: {}
COMMAND: POST /session/ba2432913a596e5fc4fa14806f816f85/actions - {"actions":[{"id":"action8","type":"key","parameters":{},"actions":[{"type":"keyDown","value":"î€‡"},{"type":"pause","duration":10},{"type":"keyUp","value":"î€‡"}]}]}
RESULT: {"actions":[{"id":"action8","type":"key","parameters":{},"actions":[{"type":"keyDown","value":"î€‡"},{"type":"pause","duration":10},{"type":"keyUp","value":"î€‡"}]}]}
COMMAND: POST /session/ba2432913a596e5fc4fa14806f816f85/execute/async - {"script":"<script> [1562 bytes]","args":[{"selector":{"id":"application-manageresources-display-component---newResourceUnit--resourceId","interaction":{"idSuffix":"inner"}},"wdio_ui5_key":"applicationmanageresources-display-component---newResourceUnit--resourceId"}]}
COMMAND: GET /session/ba2432913a596e5fc4fa14806f816f85/screenshot - {}
RESULT: {"script":"<script> [1562 bytes]","args":[{"selector":{"id":"application-manageresources-display-component---newResourceUnit--resourceId","interaction":{"idSuffix":"inner"}},"wdio_ui5_key":"applicationmanageresources-display-component---newResourceUnit--resourceId"}]}
RESULT: undefined
COMMAND: POST /session/ba2432913a596e5fc4fa14806f816f85/execute/async - {"script":"<script> [776 bytes]","args":[{"enterText":"lXi5pAGiKi","selector":{"id":"application-manageresources-display-component---newResourceUnit--resourceId","interaction":{"idSuffix":"inner"}},"clearTextFirst":true,"interactionType":"ENTER_TEXT"}]}
RESULT: {}
RESULT: {"script":"<script> [776 bytes]","args":[{"enterText":"lXi5pAGiKi","selector":{"id":"application-manageresources-display-component---newResourceUnit--resourceId","interaction":{"idSuffix":"inner"}},"clearTextFirst":true,"interactionType":"ENTER_TEXT"}]}
COMMAND: POST /session/ba2432913a596e5fc4fa14806f816f85/execute/async - {"script":"<script> [1562 bytes]","args":[{"selector":{"id":"application-manageresources-display-component---newResourceUnit--SHORT_TEXT","interaction":{"idSuffix":"inner"}},"wdio_ui5_key":"applicationmanageresources-display-component---newResourceUnit--SHORT_TEXT"}]}
RESULT: {"script":"<script> [1562 bytes]","args":[{"selector":{"id":"application-manageresources-display-component---newResourceUnit--SHORT_TEXT","interaction":{"idSuffix":"inner"}},"wdio_ui5_key":"applicationmanageresources-display-component---newResourceUnit--SHORT_TEXT"}]}
RESULT: undefined
COMMAND: POST /session/ba2432913a596e5fc4fa14806f816f85/execute/async - {"script":"<script> [776 bytes]","args":[{"enterText":"Intercompany Equipment WDIO","selector":{"id":"application-manageresources-display-component---newResourceUnit--SHORT_TEXT","interaction":{"idSuffix":"inner"}},"clearTextFirst":true,"interactionType":"ENTER_TEXT"}]}
RESULT: {"script":"<script> [776 bytes]","args":[{"enterText":"Intercompany Equipment WDIO","selector":{"id":"application-manageresources-display-component---newResourceUnit--SHORT_TEXT","interaction":{"idSuffix":"inner"}},"clearTextFirst":true,"interactionType":"ENTER_TEXT"}]}
COMMAND: POST /session/ba2432913a596e5fc4fa14806f816f85/execute/async - {"script":"<script> [1562 bytes]","args":[{"selector":{"id":"application-manageresources-display-component---newResourceUnit--BASE_UNIT_OF_MEASURE","interaction":{"idSuffix":"inner"}},"wdio_ui5_key":"applicationmanageresources-display-component---newResourceUnit--BASE_UNIT_OF_MEASURE"}]}
RESULT: {"script":"<script> [1562 bytes]","args":[{"selector":{"id":"application-manageresources-display-component---newResourceUnit--BASE_UNIT_OF_MEASURE","interaction":{"idSuffix":"inner"}},"wdio_ui5_key":"applicationmanageresources-display-component---newResourceUnit--BASE_UNIT_OF_MEASURE"}]}
RESULT: undefined
COMMAND: POST /session/ba2432913a596e5fc4fa14806f816f85/execute/async - {"script":"<script> [776 bytes]","args":[{"enterText":"Piece","selector":{"id":"application-manageresources-display-component---newResourceUnit--BASE_UNIT_OF_MEASURE","interaction":{"idSuffix":"inner"}},"clearTextFirst":true,"interactionType":"ENTER_TEXT"}]}
RESULT: {"script":"<script> [776 bytes]","args":[{"enterText":"Piece","selector":{"id":"application-manageresources-display-component---newResourceUnit--BASE_UNIT_OF_MEASURE","interaction":{"idSuffix":"inner"}},"clearTextFirst":true,"interactionType":"ENTER_TEXT"}]}
COMMAND: POST /session/ba2432913a596e5fc4fa14806f816f85/execute/async - {"script":"<script> [1562 bytes]","args":[{"selector":{"id":"application-manageresources-display-component---newResourceUnit--WEIGHT_UNIT","interaction":{"idSuffix":"inner"}},"wdio_ui5_key":"applicationmanageresources-display-component---newResourceUnit--WEIGHT_UNIT"}]}
RESULT: {"script":"<script> [1562 bytes]","args":[{"selector":{"id":"application-manageresources-display-component---newResourceUnit--WEIGHT_UNIT","interaction":{"idSuffix":"inner"}},"wdio_ui5_key":"applicationmanageresources-display-component---newResourceUnit--WEIGHT_UNIT"}]}
RESULT: undefined
COMMAND: POST /session/ba2432913a596e5fc4fa14806f816f85/execute/async - {"script":"<script> [776 bytes]","args":[{"enterText":"Gram","selector":{"id":"application-manageresources-display-component---newResourceUnit--WEIGHT_UNIT","interaction":{"idSuffix":"inner"}},"clearTextFirst":true,"interactionType":"ENTER_TEXT"}]}
RESULT: {"script":"<script> [776 bytes]","args":[{"enterText":"Gram","selector":{"id":"application-manageresources-display-component---newResourceUnit--WEIGHT_UNIT","interaction":{"idSuffix":"inner"}},"clearTextFirst":true,"interactionType":"ENTER_TEXT"}]}
COMMAND: POST /session/ba2432913a596e5fc4fa14806f816f85/execute/async - {"script":"<script> [1562 bytes]","args":[{"selector":{"id":"application-manageresources-display-component---newResourceUnit--DIMENSION_UNIT","interaction":{"idSuffix":"inner"}},"wdio_ui5_key":"applicationmanageresources-display-component---newResourceUnit--DIMENSION_UNIT"}]}
RESULT: {"script":"<script> [1562 bytes]","args":[{"selector":{"id":"application-manageresources-display-component---newResourceUnit--DIMENSION_UNIT","interaction":{"idSuffix":"inner"}},"wdio_ui5_key":"applicationmanageresources-display-component---newResourceUnit--DIMENSION_UNIT"}]}
RESULT: undefined
COMMAND: POST /session/ba2432913a596e5fc4fa14806f816f85/execute/async - {"script":"<script> [776 bytes]","args":[{"enterText":"Meter","selector":{"id":"application-manageresources-display-component---newResourceUnit--DIMENSION_UNIT","interaction":{"idSuffix":"inner"}},"clearTextFirst":true,"interactionType":"ENTER_TEXT"}]}
RESULT: {"script":"<script> [776 bytes]","args":[{"enterText":"Meter","selector":{"id":"application-manageresources-display-component---newResourceUnit--DIMENSION_UNIT","interaction":{"idSuffix":"inner"}},"clearTextFirst":true,"interactionType":"ENTER_TEXT"}]}
COMMAND: POST /session/ba2432913a596e5fc4fa14806f816f85/execute/async - {"script":"<script> [1562 bytes]","args":[{"selector":{"id":"application-manageresources-display-component---newResourceUnit--newRRUPage-anchBar-application-manageresources-display-component---newResourceUnit--control-anchor","interaction":{"idSuffix":"BDI-content"}},"wdio_ui5_key":"applicationmanageresources-display-component---newResourceUnit--newRRUPage-anchBar-application-manageresources-display-component---newResourceUnit--control-anchor"}]}
RESULT: {"script":"<script> [1562 bytes]","args":[{"selector":{"id":"application-manageresources-display-component---newResourceUnit--newRRUPage-anchBar-application-manageresources-display-component---newResourceUnit--control-anchor","interaction":{"idSuffix":"BDI-content"}},"wdio_ui5_key":"applicationmanageresources-display-component---newResourceUnit--newRRUPage-anchBar-application-manageresources-display-component---newResourceUnit--control-anchor"}]}
RESULT: undefined
COMMAND: POST /session/ba2432913a596e5fc4fa14806f816f85/element - {"using":"xpath","value":"//*[@id=\"application-manageresources-display-component---newResourceUnit--newRRUPage-anchBar-application-manageresources-display-component---newResourceUnit--control-anchor\"]"}
RESULT: {"using":"xpath","value":"//*[@id=\"application-manageresources-display-component---newResourceUnit--newRRUPage-anchBar-application-manageresources-display-component---newResourceUnit--control-anchor\"]"}
COMMAND: POST /session/ba2432913a596e5fc4fa14806f816f85/element/f.FF9A1E5259EB1E6B709B859A36B64A29.d.3A8E875757434DF8C7CE990BB7CC7C0F.e.2978/click - {}
RESULT: {}
COMMAND: POST /session/ba2432913a596e5fc4fa14806f816f85/execute/async - {"script":"<script> [1562 bytes]","args":[{"selector":{"id":"application-manageresources-display-component---newResourceUnit--PLANNING_GROUP","interaction":{"idSuffix":"inner"}},"wdio_ui5_key":"applicationmanageresources-display-component---newResourceUnit--PLANNING_GROUP"}]}
COMMAND: GET /session/ba2432913a596e5fc4fa14806f816f85/screenshot - {}
RESULT: {"script":"<script> [1562 bytes]","args":[{"selector":{"id":"application-manageresources-display-component---newResourceUnit--PLANNING_GROUP","interaction":{"idSuffix":"inner"}},"wdio_ui5_key":"applicationmanageresources-display-component---newResourceUnit--PLANNING_GROUP"}]}
RESULT: undefined
COMMAND: POST /session/ba2432913a596e5fc4fa14806f816f85/execute/async - {"script":"<script> [776 bytes]","args":[{"enterText":"Heavy Equi","selector":{"id":"application-manageresources-display-component---newResourceUnit--PLANNING_GROUP","interaction":{"idSuffix":"inner"}},"clearTextFirst":true,"interactionType":"ENTER_TEXT"}]}
RESULT: {}
RESULT: {"script":"<script> [776 bytes]","args":[{"enterText":"Heavy Equi","selector":{"id":"application-manageresources-display-component---newResourceUnit--PLANNING_GROUP","interaction":{"idSuffix":"inner"}},"clearTextFirst":true,"interactionType":"ENTER_TEXT"}]}
COMMAND: POST /session/ba2432913a596e5fc4fa14806f816f85/execute/async - {"script":"<script> [1562 bytes]","args":[{"selector":{"id":"application-manageresources-display-component---newResourceUnit--ITEM_TYPE-arrow"},"wdio_ui5_key":"applicationmanageresources-display-component---newResourceUnit--ITEM_TYPE-arrow"}]}
RESULT: {"script":"<script> [1562 bytes]","args":[{"selector":{"id":"application-manageresources-display-component---newResourceUnit--ITEM_TYPE-arrow"},"wdio_ui5_key":"applicationmanageresources-display-component---newResourceUnit--ITEM_TYPE-arrow"}]}
RESULT: undefined
COMMAND: POST /session/ba2432913a596e5fc4fa14806f816f85/element - {"using":"xpath","value":"//*[@id=\"application-manageresources-display-component---newResourceUnit--ITEM_TYPE-arrow\"]"}
RESULT: {"using":"xpath","value":"//*[@id=\"application-manageresources-display-component---newResourceUnit--ITEM_TYPE-arrow\"]"}
COMMAND: POST /session/ba2432913a596e5fc4fa14806f816f85/element/f.FF9A1E5259EB1E6B709B859A36B64A29.d.3A8E875757434DF8C7CE990BB7CC7C0F.e.2987/click - {}
RESULT: {}
COMMAND: POST /session/ba2432913a596e5fc4fa14806f816f85/element - {"using":"xpath","value":"(//span[contains(text(), \"Resource Unit\")])[2]"}
COMMAND: GET /session/ba2432913a596e5fc4fa14806f816f85/screenshot - {}
RESULT: {"using":"xpath","value":"(//span[contains(text(), \"Resource Unit\")])[2]"}
COMMAND: POST /session/ba2432913a596e5fc4fa14806f816f85/element/f.FF9A1E5259EB1E6B709B859A36B64A29.d.3A8E875757434DF8C7CE990BB7CC7C0F.e.2988/click - {}
RESULT: {}
RESULT: {}
COMMAND: GET /session/ba2432913a596e5fc4fa14806f816f85/screenshot - {}
RESULT: {}
COMMAND: POST /session/ba2432913a596e5fc4fa14806f816f85/element - {"using":"css selector","value":"#application-manageresources-display-component---newResourceUnit--btnAddTimeSegment"}
RESULT: {"using":"css selector","value":"#application-manageresources-display-component---newResourceUnit--btnAddTimeSegment"}
COMMAND: GET /session/ba2432913a596e5fc4fa14806f816f85/element/f.FF9A1E5259EB1E6B709B859A36B64A29.d.3A8E875757434DF8C7CE990BB7CC7C0F.e.2989/rect - {}
RESULT: {}
COMMAND: GET /session/ba2432913a596e5fc4fa14806f816f85/window/rect - {}
RESULT: {}
COMMAND: POST /session/ba2432913a596e5fc4fa14806f816f85/execute/sync - {"script":"<script> [92 bytes]","args":[]}
RESULT: {"script":"<script> [92 bytes]","args":[]}
COMMAND: POST /session/ba2432913a596e5fc4fa14806f816f85/actions - {"actions":[{"id":"action9","type":"wheel","parameters":{},"actions":[{"type":"scroll","x":-1888,"y":-32,"deltaX":0,"deltaY":0,"duration":0,"origin":{"element-6066-11e4-a52e-4f735466cecf":"f.FF9A1E5259EB1E6B709B859A36B64A29.d.3A8E875757434DF8C7CE990BB7CC7C0F.e.2989"}}]}]}
COMMAND: GET /session/ba2432913a596e5fc4fa14806f816f85/screenshot - {}
RESULT: {}
COMMAND: POST /session/ba2432913a596e5fc4fa14806f816f85/execute/sync - {"script":"<script> [79 bytes]","args":[{"element-6066-11e4-a52e-4f735466cecf":"f.FF9A1E5259EB1E6B709B859A36B64A29.d.3A8E875757434DF8C7CE990BB7CC7C0F.e.2989","ELEMENT":"f.FF9A1E5259EB1E6B709B859A36B64A29.d.3A8E875757434DF8C7CE990BB7CC7C0F.e.2989"},{"block":"start","inline":"nearest"}]}
RESULT: {"script":"<script> [79 bytes]","args":[{"element-6066-11e4-a52e-4f735466cecf":"f.FF9A1E5259EB1E6B709B859A36B64A29.d.3A8E875757434DF8C7CE990BB7CC7C0F.e.2989","ELEMENT":"f.FF9A1E5259EB1E6B709B859A36B64A29.d.3A8E875757434DF8C7CE990BB7CC7C0F.e.2989"},{"block":"start","inline":"nearest"}]}
COMMAND: POST /session/ba2432913a596e5fc4fa14806f816f85/execute/async - {"script":"<script> [1562 bytes]","args":[{"selector":{"id":"application-manageresources-display-component---newResourceUnit--btnAddTimeSegment","interaction":{"idSuffix":"inner"}},"wdio_ui5_key":"applicationmanageresources-display-component---newResourceUnit--btnAddTimeSegment"}]}
COMMAND: GET /session/ba2432913a596e5fc4fa14806f816f85/screenshot - {}
RESULT: {"script":"<script> [1562 bytes]","args":[{"selector":{"id":"application-manageresources-display-component---newResourceUnit--btnAddTimeSegment","interaction":{"idSuffix":"inner"}},"wdio_ui5_key":"applicationmanageresources-display-component---newResourceUnit--btnAddTimeSegment"}]}
RESULT: undefined
COMMAND: POST /session/ba2432913a596e5fc4fa14806f816f85/element - {"using":"xpath","value":"//*[@id=\"application-manageresources-display-component---newResourceUnit--btnAddTimeSegment\"]"}
RESULT: {}
RESULT: {"using":"xpath","value":"//*[@id=\"application-manageresources-display-component---newResourceUnit--btnAddTimeSegment\"]"}
COMMAND: POST /session/ba2432913a596e5fc4fa14806f816f85/element/f.FF9A1E5259EB1E6B709B859A36B64A29.d.3A8E875757434DF8C7CE990BB7CC7C0F.e.2989/click - {}
RESULT: {}
COMMAND: GET /session/ba2432913a596e5fc4fa14806f816f85/screenshot - {}
RESULT: {}
COMMAND: POST /session/ba2432913a596e5fc4fa14806f816f85/element - {"using":"xpath","value":"//input[@id=\"application-manageresources-display-component---newResourceUnit--idRuTSAdmin-application-manageresources-display-component---newResourceUnit--RUTimeSegment-0-inner\"]"}
RESULT: {"using":"xpath","value":"//input[@id=\"application-manageresources-display-component---newResourceUnit--idRuTSAdmin-application-manageresources-display-component---newResourceUnit--RUTimeSegment-0-inner\"]"}
COMMAND: POST /session/ba2432913a596e5fc4fa14806f816f85/element/f.FF9A1E5259EB1E6B709B859A36B64A29.d.3A8E875757434DF8C7CE990BB7CC7C0F.e.2995/clear - {}
RESULT: {}
COMMAND: POST /session/ba2432913a596e5fc4fa14806f816f85/element/f.FF9A1E5259EB1E6B709B859A36B64A29.d.3A8E875757434DF8C7CE990BB7CC7C0F.e.2995/value - {"text":"528"}
COMMAND: GET /session/ba2432913a596e5fc4fa14806f816f85/screenshot - {}
RESULT: {"text":"528"}
COMMAND: GET /session/ba2432913a596e5fc4fa14806f816f85/screenshot - {}
RESULT: {}
RESULT: {}
COMMAND: POST /session/ba2432913a596e5fc4fa14806f816f85/element - {"using":"xpath","value":"//li[.//span[text()='528']]"}
RESULT: {"using":"xpath","value":"//li[.//span[text()='528']]"}
COMMAND: POST /session/ba2432913a596e5fc4fa14806f816f85/element/f.FF9A1E5259EB1E6B709B859A36B64A29.d.3A8E875757434DF8C7CE990BB7CC7C0F.e.3007/click - {}
RESULT: {}
COMMAND: GET /session/ba2432913a596e5fc4fa14806f816f85/screenshot - {}
RESULT: {}
COMMAND: POST /session/ba2432913a596e5fc4fa14806f816f85/element - {"using":"xpath","value":"(//span[contains(@id, \"-application-manageresources-display-component---newResourceUnit--RUTimeSegment-0-arrow\")])[6]"}
RESULT: {"using":"xpath","value":"(//span[contains(@id, \"-application-manageresources-display-component---newResourceUnit--RUTimeSegment-0-arrow\")])[6]"}
COMMAND: POST /session/ba2432913a596e5fc4fa14806f816f85/element/f.FF9A1E5259EB1E6B709B859A36B64A29.d.3A8E875757434DF8C7CE990BB7CC7C0F.e.3008/click - {}
RESULT: {}
COMMAND: GET /session/ba2432913a596e5fc4fa14806f816f85/screenshot - {}
RESULT: {}
COMMAND: POST /session/ba2432913a596e5fc4fa14806f816f85/element - {"using":"xpath","value":"//span[contains(text(), \"PM Order\")]"}
RESULT: {"using":"xpath","value":"//span[contains(text(), \"PM Order\")]"}
COMMAND: POST /session/ba2432913a596e5fc4fa14806f816f85/element/f.FF9A1E5259EB1E6B709B859A36B64A29.d.3A8E875757434DF8C7CE990BB7CC7C0F.e.3011/click - {}
RESULT: {}
COMMAND: GET /session/ba2432913a596e5fc4fa14806f816f85/screenshot - {}
RESULT: {}
COMMAND: POST /session/ba2432913a596e5fc4fa14806f816f85/element - {"using":"xpath","value":"(//span[contains(@id ,\"manageresources-display-component---newResourceUnit--RUTimeSegment-0-vhi\")])[1]"}
RESULT: {"using":"xpath","value":"(//span[contains(@id ,\"manageresources-display-component---newResourceUnit--RUTimeSegment-0-vhi\")])[1]"}
COMMAND: GET /session/ba2432913a596e5fc4fa14806f816f85/element/f.FF9A1E5259EB1E6B709B859A36B64A29.d.3A8E875757434DF8C7CE990BB7CC7C0F.e.3015/rect - {}
RESULT: {}
COMMAND: GET /session/ba2432913a596e5fc4fa14806f816f85/window/rect - {}
RESULT: {}
COMMAND: POST /session/ba2432913a596e5fc4fa14806f816f85/execute/sync - {"script":"<script> [92 bytes]","args":[]}
RESULT: {"script":"<script> [92 bytes]","args":[]}
COMMAND: POST /session/ba2432913a596e5fc4fa14806f816f85/actions - {"actions":[{"id":"action10","type":"wheel","parameters":{},"actions":[{"type":"scroll","x":-869,"y":-24,"deltaX":0,"deltaY":0,"duration":0,"origin":{"element-6066-11e4-a52e-4f735466cecf":"f.FF9A1E5259EB1E6B709B859A36B64A29.d.3A8E875757434DF8C7CE990BB7CC7C0F.e.3015"}}]}]}
COMMAND: GET /session/ba2432913a596e5fc4fa14806f816f85/screenshot - {}
RESULT: {"actions":[{"id":"action10","type":"wheel","parameters":{},"actions":[{"type":"scroll","x":-869,"y":-24,"deltaX":0,"deltaY":0,"duration":0,"origin":{"element-6066-11e4-a52e-4f735466cecf":"f.FF9A1E5259EB1E6B709B859A36B64A29.d.3A8E875757434DF8C7CE990BB7CC7C0F.e.3015"}}]}]}
COMMAND: DELETE /session/ba2432913a596e5fc4fa14806f816f85/actions - {}
COMMAND: GET /session/ba2432913a596e5fc4fa14806f816f85/screenshot - {}
RESULT: {}
RESULT: {}
COMMAND: GET /session/ba2432913a596e5fc4fa14806f816f85/screenshot - {}
RESULT: {}
RESULT: {}
COMMAND: POST /session/ba2432913a596e5fc4fa14806f816f85/element/f.FF9A1E5259EB1E6B709B859A36B64A29.d.3A8E875757434DF8C7CE990BB7CC7C0F.e.3015/click - {}
RESULT: {}
COMMAND: GET /session/ba2432913a596e5fc4fa14806f816f85/screenshot - {}
RESULT: {}
RESULT: undefined
COMMAND: POST /session/ba2432913a596e5fc4fa14806f816f85/execute/async - {"script":"<script> [776 bytes]","args":[{"enterText":"4000360","selector":{"controlType":"sap.m.SearchField","properties":{"placeholder":"Search"},"searchOpenDialogs":true,"interaction":{"idSuffix":"I"}},"clearTextFirst":true,"interactionType":"ENTER_TEXT"}]}
RESULT: {"script":"<script> [776 bytes]","args":[{"enterText":"4000360","selector":{"controlType":"sap.m.SearchField","properties":{"placeholder":"Search"},"searchOpenDialogs":true,"interaction":{"idSuffix":"I"}},"clearTextFirst":true,"interactionType":"ENTER_TEXT"}]}
COMMAND: POST /session/ba2432913a596e5fc4fa14806f816f85/actions - {"actions":[{"id":"action11","type":"key","parameters":{},"actions":[{"type":"keyDown","value":"î€‡"},{"type":"pause","duration":10},{"type":"keyUp","value":"î€‡"}]}]}
RESULT: {"actions":[{"id":"action11","type":"key","parameters":{},"actions":[{"type":"keyDown","value":"î€‡"},{"type":"pause","duration":10},{"type":"keyUp","value":"î€‡"}]}]}
COMMAND: GET /session/ba2432913a596e5fc4fa14806f816f85/screenshot - {}
RESULT: {}
COMMAND: POST /session/ba2432913a596e5fc4fa14806f816f85/element - {"using":"xpath","value":"//td/div/span[contains(text(), \"BGL Vehicles\")]"}
RESULT: {"using":"xpath","value":"//td/div/span[contains(text(), \"BGL Vehicles\")]"}
COMMAND: POST /session/ba2432913a596e5fc4fa14806f816f85/element/f.FF9A1E5259EB1E6B709B859A36B64A29.d.3A8E875757434DF8C7CE990BB7CC7C0F.e.3034/click - {}
RESULT: {}
COMMAND: GET /session/ba2432913a596e5fc4fa14806f816f85/screenshot - {}
RESULT: {}
COMMAND: POST /session/ba2432913a596e5fc4fa14806f816f85/element - {"using":"xpath","value":"//bdi[contains(text(), \"OK\")]"}
RESULT: {"using":"xpath","value":"//bdi[contains(text(), \"OK\")]"}
COMMAND: POST /session/ba2432913a596e5fc4fa14806f816f85/element/f.FF9A1E5259EB1E6B709B859A36B64A29.d.3A8E875757434DF8C7CE990BB7CC7C0F.e.3035/click - {}
RESULT: {}
COMMAND: GET /session/ba2432913a596e5fc4fa14806f816f85/screenshot - {}
RESULT: {}
COMMAND: POST /session/ba2432913a596e5fc4fa14806f816f85/execute/async - {"script":"<script> [1562 bytes]","args":[{"selector":{"id":"application-manageresources-display-component---newResourceUnit--newRRUPage-anchBar-application-manageresources-display-component---newResourceUnit--resource-anchor","interaction":{"idSuffix":"BDI-content"}},"wdio_ui5_key":"applicationmanageresources-display-component---newResourceUnit--newRRUPage-anchBar-application-manageresources-display-component---newResourceUnit--resource-anchor"}]}
RESULT: {"script":"<script> [1562 bytes]","args":[{"selector":{"id":"application-manageresources-display-component---newResourceUnit--newRRUPage-anchBar-application-manageresources-display-component---newResourceUnit--resource-anchor","interaction":{"idSuffix":"BDI-content"}},"wdio_ui5_key":"applicationmanageresources-display-component---newResourceUnit--newRRUPage-anchBar-application-manageresources-display-component---newResourceUnit--resource-anchor"}]}
RESULT: undefined
COMMAND: POST /session/ba2432913a596e5fc4fa14806f816f85/element - {"using":"xpath","value":"//*[@id=\"application-manageresources-display-component---newResourceUnit--newRRUPage-anchBar-application-manageresources-display-component---newResourceUnit--resource-anchor\"]"}
RESULT: {"using":"xpath","value":"//*[@id=\"application-manageresources-display-component---newResourceUnit--newRRUPage-anchBar-application-manageresources-display-component---newResourceUnit--resource-anchor\"]"}
COMMAND: POST /session/ba2432913a596e5fc4fa14806f816f85/element/f.FF9A1E5259EB1E6B709B859A36B64A29.d.3A8E875757434DF8C7CE990BB7CC7C0F.e.3039/click - {}
RESULT: {}
COMMAND: POST /session/ba2432913a596e5fc4fa14806f816f85/execute/async - {"script":"<script> [1562 bytes]","args":[{"selector":{"id":"application-manageresources-display-component---newResourceUnit--PLANNED_DELIVERY_DATE","interaction":{"idSuffix":"inner"}},"wdio_ui5_key":"applicationmanageresources-display-component---newResourceUnit--PLANNED_DELIVERY_DATE"}]}
COMMAND: GET /session/ba2432913a596e5fc4fa14806f816f85/screenshot - {}
RESULT: {"script":"<script> [1562 bytes]","args":[{"selector":{"id":"application-manageresources-display-component---newResourceUnit--PLANNED_DELIVERY_DATE","interaction":{"idSuffix":"inner"}},"wdio_ui5_key":"applicationmanageresources-display-component---newResourceUnit--PLANNED_DELIVERY_DATE"}]}
RESULT: undefined
COMMAND: POST /session/ba2432913a596e5fc4fa14806f816f85/execute/async - {"script":"<script> [6424 bytes]","args":[{"element-6066-11e4-a52e-4f735466cecf":"f.FF9A1E5259EB1E6B709B859A36B64A29.d.3A8E875757434DF8C7CE990BB7CC7C0F.e.2901"},"setValue",["5/3/25"]]}
RESULT: {}
RESULT: {"script":"<script> [6424 bytes]","args":[{"element-6066-11e4-a52e-4f735466cecf":"f.FF9A1E5259EB1E6B709B859A36B64A29.d.3A8E875757434DF8C7CE990BB7CC7C0F.e.2901"},"setValue",["5/3/25"]]}
COMMAND: POST /session/ba2432913a596e5fc4fa14806f816f85/element - {"using":"xpath","value":"//button[@data-kt=\"resourceUnitSaveButton\"]"}
RESULT: {"using":"xpath","value":"//button[@data-kt=\"resourceUnitSaveButton\"]"}
COMMAND: POST /session/ba2432913a596e5fc4fa14806f816f85/element/f.FF9A1E5259EB1E6B709B859A36B64A29.d.3A8E875757434DF8C7CE990BB7CC7C0F.e.2862/click - {}
RESULT: {}
COMMAND: GET /session/ba2432913a596e5fc4fa14806f816f85/screenshot - {}
RESULT: {}
COMMAND: POST /session/ba2432913a596e5fc4fa14806f816f85/element - {"using":"xpath","value":"//bdi[contains(text(), \"Close\")]"}
RESULT: {"using":"xpath","value":"//bdi[contains(text(), \"Close\")]"}
COMMAND: POST /session/ba2432913a596e5fc4fa14806f816f85/element/f.FF9A1E5259EB1E6B709B859A36B64A29.d.3A8E875757434DF8C7CE990BB7CC7C0F.e.3047/click - {}
RESULT: {}
COMMAND: GET /session/ba2432913a596e5fc4fa14806f816f85/screenshot - {}
RESULT: {}
COMMAND: POST /session/ba2432913a596e5fc4fa14806f816f85/element - {"using":"xpath","value":"(//button[contains(@id ,\"actionsToolbar-overflowButton\")])[1]"}
RESULT: {"using":"xpath","value":"(//button[contains(@id ,\"actionsToolbar-overflowButton\")])[1]"}
COMMAND: POST /session/ba2432913a596e5fc4fa14806f816f85/element/f.FF9A1E5259EB1E6B709B859A36B64A29.d.3A8E875757434DF8C7CE990BB7CC7C0F.e.3098/click - {}
RESULT: {}
COMMAND: GET /session/ba2432913a596e5fc4fa14806f816f85/screenshot - {}
RESULT: {}
COMMAND: POST /session/ba2432913a596e5fc4fa14806f816f85/element - {"using":"xpath","value":"//button[@data-kt=\"priceInfoButton\"]"}
RESULT: {"using":"xpath","value":"//button[@data-kt=\"priceInfoButton\"]"}
COMMAND: POST /session/ba2432913a596e5fc4fa14806f816f85/element/f.FF9A1E5259EB1E6B709B859A36B64A29.d.3A8E875757434DF8C7CE990BB7CC7C0F.e.3106/click - {}
RESULT: {}
COMMAND: GET /session/ba2432913a596e5fc4fa14806f816f85/screenshot - {}
RESULT: {}
]]></system-out>
    </testcase>
    <testcase classname="chrome.135_0_7049_96.windows.Billing_confirm_US117289" name="Should create new pricing rule" time="62.54">
      <system-out><![CDATA[
COMMAND: POST /session/ba2432913a596e5fc4fa14806f816f85/element - {"using":"xpath","value":"//button[@data-kt=\"addButton\"]"}
RESULT: {"using":"xpath","value":"//button[@data-kt=\"addButton\"]"}
COMMAND: POST /session/ba2432913a596e5fc4fa14806f816f85/elements - {"using":"xpath","value":"//button[@data-kt=\"addButton\"]"}
RESULT: {"using":"xpath","value":"//button[@data-kt=\"addButton\"]"}
COMMAND: POST /session/ba2432913a596e5fc4fa14806f816f85/elements - {"using":"xpath","value":"//button[@data-kt=\"addButton\"]"}
RESULT: {"using":"xpath","value":"//button[@data-kt=\"addButton\"]"}
COMMAND: POST /session/ba2432913a596e5fc4fa14806f816f85/elements - {"using":"xpath","value":"//button[@data-kt=\"addButton\"]"}
RESULT: {"using":"xpath","value":"//button[@data-kt=\"addButton\"]"}
COMMAND: POST /session/ba2432913a596e5fc4fa14806f816f85/element - {"using":"xpath","value":"//button[@data-kt=\"addButton\"]"}
RESULT: {"using":"xpath","value":"//button[@data-kt=\"addButton\"]"}
COMMAND: POST /session/ba2432913a596e5fc4fa14806f816f85/execute/sync - {"script":"<script> [8489 bytes]","args":[{"element-6066-11e4-a52e-4f735466cecf":"f.FF9A1E5259EB1E6B709B859A36B64A29.d.3A8E875757434DF8C7CE990BB7CC7C0F.e.3142","ELEMENT":"f.FF9A1E5259EB1E6B709B859A36B64A29.d.3A8E875757434DF8C7CE990BB7CC7C0F.e.3142"}]}
RESULT: {"script":"<script> [8489 bytes]","args":[{"element-6066-11e4-a52e-4f735466cecf":"f.FF9A1E5259EB1E6B709B859A36B64A29.d.3A8E875757434DF8C7CE990BB7CC7C0F.e.3142","ELEMENT":"f.FF9A1E5259EB1E6B709B859A36B64A29.d.3A8E875757434DF8C7CE990BB7CC7C0F.e.3142"}]}
COMMAND: GET /session/ba2432913a596e5fc4fa14806f816f85/element/f.FF9A1E5259EB1E6B709B859A36B64A29.d.3A8E875757434DF8C7CE990BB7CC7C0F.e.3142/enabled - {}
COMMAND: GET /session/ba2432913a596e5fc4fa14806f816f85/screenshot - {}
RESULT: {}
COMMAND: POST /session/ba2432913a596e5fc4fa14806f816f85/execute/sync - {"script":"<script> [8489 bytes]","args":[{"element-6066-11e4-a52e-4f735466cecf":"f.FF9A1E5259EB1E6B709B859A36B64A29.d.3A8E875757434DF8C7CE990BB7CC7C0F.e.3142","ELEMENT":"f.FF9A1E5259EB1E6B709B859A36B64A29.d.3A8E875757434DF8C7CE990BB7CC7C0F.e.3142"}]}
COMMAND: GET /session/ba2432913a596e5fc4fa14806f816f85/screenshot - {}
RESULT: {}
RESULT: {"script":"<script> [8489 bytes]","args":[{"element-6066-11e4-a52e-4f735466cecf":"f.FF9A1E5259EB1E6B709B859A36B64A29.d.3A8E875757434DF8C7CE990BB7CC7C0F.e.3142","ELEMENT":"f.FF9A1E5259EB1E6B709B859A36B64A29.d.3A8E875757434DF8C7CE990BB7CC7C0F.e.3142"}]}
COMMAND: POST /session/ba2432913a596e5fc4fa14806f816f85/execute/sync - {"script":"<script> [5351 bytes]","args":[{"element-6066-11e4-a52e-4f735466cecf":"f.FF9A1E5259EB1E6B709B859A36B64A29.d.3A8E875757434DF8C7CE990BB7CC7C0F.e.3142","ELEMENT":"f.FF9A1E5259EB1E6B709B859A36B64A29.d.3A8E875757434DF8C7CE990BB7CC7C0F.e.3142"}]}
COMMAND: GET /session/ba2432913a596e5fc4fa14806f816f85/screenshot - {}
RESULT: {}
RESULT: {"script":"<script> [5351 bytes]","args":[{"element-6066-11e4-a52e-4f735466cecf":"f.FF9A1E5259EB1E6B709B859A36B64A29.d.3A8E875757434DF8C7CE990BB7CC7C0F.e.3142","ELEMENT":"f.FF9A1E5259EB1E6B709B859A36B64A29.d.3A8E875757434DF8C7CE990BB7CC7C0F.e.3142"}]}
COMMAND: POST /session/ba2432913a596e5fc4fa14806f816f85/element/f.FF9A1E5259EB1E6B709B859A36B64A29.d.3A8E875757434DF8C7CE990BB7CC7C0F.e.3142/click - {}
COMMAND: GET /session/ba2432913a596e5fc4fa14806f816f85/screenshot - {}
RESULT: {}
RESULT: {}
COMMAND: GET /session/ba2432913a596e5fc4fa14806f816f85/screenshot - {}
RESULT: {}
RESULT: {}
COMMAND: POST /session/ba2432913a596e5fc4fa14806f816f85/execute/async - {"script":"<script> [1562 bytes]","args":[{"selector":{"controlType":"sap.m.Title","viewName":"etm.portal.ui.managepricingrules.view.NewItem","viewId":"application-managepricingrules-display-component---newInfoPriceItem","properties":{"text":"New Pricing Rules - Item Level"}},"wdio_ui5_key":"etmportal.ui.managepricingrules.view.NewItemsap.m.Title{\"text\":\"New Pricing Rules - Item Level\"}"}]}
RESULT: {"script":"<script> [1562 bytes]","args":[{"selector":{"controlType":"sap.m.Title","viewName":"etm.portal.ui.managepricingrules.view.NewItem","viewId":"application-managepricingrules-display-component---newInfoPriceItem","properties":{"text":"New Pricing Rules - Item Level"}},"wdio_ui5_key":"etmportal.ui.managepricingrules.view.NewItemsap.m.Title{\"text\":\"New Pricing Rules - Item Level\"}"}]}
RESULT: undefined
COMMAND: POST /session/ba2432913a596e5fc4fa14806f816f85/execute/async - {"script":"<script> [6424 bytes]","args":[{"element-6066-11e4-a52e-4f735466cecf":"f.FF9A1E5259EB1E6B709B859A36B64A29.d.3A8E875757434DF8C7CE990BB7CC7C0F.e.3303"},"getText",[]]}
RESULT: {"script":"<script> [6424 bytes]","args":[{"element-6066-11e4-a52e-4f735466cecf":"f.FF9A1E5259EB1E6B709B859A36B64A29.d.3A8E875757434DF8C7CE990BB7CC7C0F.e.3303"},"getText",[]]}
COMMAND: POST /session/ba2432913a596e5fc4fa14806f816f85/execute/async - {"script":"<script> [1562 bytes]","args":[{"selector":{"id":"application-managepricingrules-display-component---newInfoPriceItem--condValidTo","interaction":{"idSuffix":"inner"}},"wdio_ui5_key":"applicationmanagepricingrules-display-component---newInfoPriceItem--condValidTo"}]}
RESULT: {"script":"<script> [1562 bytes]","args":[{"selector":{"id":"application-managepricingrules-display-component---newInfoPriceItem--condValidTo","interaction":{"idSuffix":"inner"}},"wdio_ui5_key":"applicationmanagepricingrules-display-component---newInfoPriceItem--condValidTo"}]}
RESULT: undefined
COMMAND: POST /session/ba2432913a596e5fc4fa14806f816f85/execute/async - {"script":"<script> [776 bytes]","args":[{"enterText":"01/03/26","selector":{"id":"application-managepricingrules-display-component---newInfoPriceItem--condValidTo","interaction":{"idSuffix":"inner"}},"clearTextFirst":true,"interactionType":"ENTER_TEXT"}]}
RESULT: {"script":"<script> [776 bytes]","args":[{"enterText":"01/03/26","selector":{"id":"application-managepricingrules-display-component---newInfoPriceItem--condValidTo","interaction":{"idSuffix":"inner"}},"clearTextFirst":true,"interactionType":"ENTER_TEXT"}]}
COMMAND: POST /session/ba2432913a596e5fc4fa14806f816f85/execute/async - {"script":"<script> [1562 bytes]","args":[{"selector":{"id":"application-managepricingrules-display-component---newInfoPriceItem--billType-arrow"},"wdio_ui5_key":"applicationmanagepricingrules-display-component---newInfoPriceItem--billType-arrow"}]}
RESULT: {"script":"<script> [1562 bytes]","args":[{"selector":{"id":"application-managepricingrules-display-component---newInfoPriceItem--billType-arrow"},"wdio_ui5_key":"applicationmanagepricingrules-display-component---newInfoPriceItem--billType-arrow"}]}
RESULT: undefined
COMMAND: POST /session/ba2432913a596e5fc4fa14806f816f85/element - {"using":"xpath","value":"//*[@id=\"application-managepricingrules-display-component---newInfoPriceItem--billType-arrow\"]"}
RESULT: {"using":"xpath","value":"//*[@id=\"application-managepricingrules-display-component---newInfoPriceItem--billType-arrow\"]"}
COMMAND: POST /session/ba2432913a596e5fc4fa14806f816f85/element/f.FF9A1E5259EB1E6B709B859A36B64A29.d.3A8E875757434DF8C7CE990BB7CC7C0F.e.3305/click - {}
RESULT: {}
COMMAND: POST /session/ba2432913a596e5fc4fa14806f816f85/element - {"using":"xpath","value":"//span[contains(text(), \"TB - Time based\")]"}
COMMAND: GET /session/ba2432913a596e5fc4fa14806f816f85/screenshot - {}
RESULT: {"using":"xpath","value":"//span[contains(text(), \"TB - Time based\")]"}
COMMAND: POST /session/ba2432913a596e5fc4fa14806f816f85/element/f.FF9A1E5259EB1E6B709B859A36B64A29.d.3A8E875757434DF8C7CE990BB7CC7C0F.e.3306/click - {}
RESULT: {}
RESULT: {}
COMMAND: POST /session/ba2432913a596e5fc4fa14806f816f85/execute/async - {"script":"<script> [1562 bytes]","args":[{"selector":{"id":"application-managepricingrules-display-component---newInfoPriceItem--priceProc-arrow"},"wdio_ui5_key":"applicationmanagepricingrules-display-component---newInfoPriceItem--priceProc-arrow"}]}
COMMAND: GET /session/ba2432913a596e5fc4fa14806f816f85/screenshot - {}
RESULT: {"script":"<script> [1562 bytes]","args":[{"selector":{"id":"application-managepricingrules-display-component---newInfoPriceItem--priceProc-arrow"},"wdio_ui5_key":"applicationmanagepricingrules-display-component---newInfoPriceItem--priceProc-arrow"}]}
RESULT: undefined
COMMAND: POST /session/ba2432913a596e5fc4fa14806f816f85/element - {"using":"xpath","value":"//*[@id=\"application-managepricingrules-display-component---newInfoPriceItem--priceProc-arrow\"]"}
RESULT: {}
RESULT: {"using":"xpath","value":"//*[@id=\"application-managepricingrules-display-component---newInfoPriceItem--priceProc-arrow\"]"}
COMMAND: POST /session/ba2432913a596e5fc4fa14806f816f85/element/f.FF9A1E5259EB1E6B709B859A36B64A29.d.3A8E875757434DF8C7CE990BB7CC7C0F.e.3269/click - {}
RESULT: {}
COMMAND: POST /session/ba2432913a596e5fc4fa14806f816f85/element - {"using":"xpath","value":"//span[contains(text(), \"TBS - Time based standard\")]"}
COMMAND: GET /session/ba2432913a596e5fc4fa14806f816f85/screenshot - {}
RESULT: {"using":"xpath","value":"//span[contains(text(), \"TBS - Time based standard\")]"}
COMMAND: POST /session/ba2432913a596e5fc4fa14806f816f85/element/f.FF9A1E5259EB1E6B709B859A36B64A29.d.3A8E875757434DF8C7CE990BB7CC7C0F.e.3307/click - {}
RESULT: {}
RESULT: {}
COMMAND: POST /session/ba2432913a596e5fc4fa14806f816f85/execute/async - {"script":"<script> [1562 bytes]","args":[{"selector":{"id":"application-managepricingrules-display-component---newInfoPriceItem--calcBase-arrow"},"wdio_ui5_key":"applicationmanagepricingrules-display-component---newInfoPriceItem--calcBase-arrow"}]}
COMMAND: GET /session/ba2432913a596e5fc4fa14806f816f85/screenshot - {}
RESULT: {"script":"<script> [1562 bytes]","args":[{"selector":{"id":"application-managepricingrules-display-component---newInfoPriceItem--calcBase-arrow"},"wdio_ui5_key":"applicationmanagepricingrules-display-component---newInfoPriceItem--calcBase-arrow"}]}
RESULT: undefined
COMMAND: POST /session/ba2432913a596e5fc4fa14806f816f85/element - {"using":"xpath","value":"//*[@id=\"application-managepricingrules-display-component---newInfoPriceItem--calcBase-arrow\"]"}
RESULT: {}
RESULT: {"using":"xpath","value":"//*[@id=\"application-managepricingrules-display-component---newInfoPriceItem--calcBase-arrow\"]"}
COMMAND: POST /session/ba2432913a596e5fc4fa14806f816f85/element/f.FF9A1E5259EB1E6B709B859A36B64A29.d.3A8E875757434DF8C7CE990BB7CC7C0F.e.3276/click - {}
RESULT: {}
COMMAND: GET /session/ba2432913a596e5fc4fa14806f816f85/screenshot - {}
RESULT: {}
COMMAND: POST /session/ba2432913a596e5fc4fa14806f816f85/element - {"using":"xpath","value":"//span[contains(text(), \"0006 - TB(calendar days)\")]"}
RESULT: {"using":"xpath","value":"//span[contains(text(), \"0006 - TB(calendar days)\")]"}
COMMAND: POST /session/ba2432913a596e5fc4fa14806f816f85/element/f.FF9A1E5259EB1E6B709B859A36B64A29.d.3A8E875757434DF8C7CE990BB7CC7C0F.e.3308/click - {}
RESULT: {}
COMMAND: GET /session/ba2432913a596e5fc4fa14806f816f85/screenshot - {}
RESULT: {}
COMMAND: POST /session/ba2432913a596e5fc4fa14806f816f85/execute/async - {"script":"<script> [1562 bytes]","args":[{"selector":{"id":"application-managepricingrules-display-component---newInfoPriceItem--daysMonth","interaction":{"idSuffix":"inner"}},"wdio_ui5_key":"applicationmanagepricingrules-display-component---newInfoPriceItem--daysMonth"}]}
RESULT: {"script":"<script> [1562 bytes]","args":[{"selector":{"id":"application-managepricingrules-display-component---newInfoPriceItem--daysMonth","interaction":{"idSuffix":"inner"}},"wdio_ui5_key":"applicationmanagepricingrules-display-component---newInfoPriceItem--daysMonth"}]}
RESULT: undefined
COMMAND: POST /session/ba2432913a596e5fc4fa14806f816f85/execute/async - {"script":"<script> [776 bytes]","args":[{"enterText":"30","selector":{"id":"application-managepricingrules-display-component---newInfoPriceItem--daysMonth","interaction":{"idSuffix":"inner"}},"clearTextFirst":true,"interactionType":"ENTER_TEXT"}]}
RESULT: {"script":"<script> [776 bytes]","args":[{"enterText":"30","selector":{"id":"application-managepricingrules-display-component---newInfoPriceItem--daysMonth","interaction":{"idSuffix":"inner"}},"clearTextFirst":true,"interactionType":"ENTER_TEXT"}]}
COMMAND: POST /session/ba2432913a596e5fc4fa14806f816f85/element - {"using":"xpath","value":"//button[@data-kt=\"saveNewRuleButton\"]"}
RESULT: {"using":"xpath","value":"//button[@data-kt=\"saveNewRuleButton\"]"}
COMMAND: POST /session/ba2432913a596e5fc4fa14806f816f85/element/f.FF9A1E5259EB1E6B709B859A36B64A29.d.3A8E875757434DF8C7CE990BB7CC7C0F.e.3291/click - {}
RESULT: {}
COMMAND: GET /session/ba2432913a596e5fc4fa14806f816f85/screenshot - {}
RESULT: {}
COMMAND: POST /session/ba2432913a596e5fc4fa14806f816f85/execute/async - {"script":"<script> [1562 bytes]","args":[{"selector":{"id":"application-managepricingrules-display-component---priceInfoItem--smartFilterBar-btnBasicSearch","interaction":{"idSuffix":"I"}},"wdio_ui5_key":"applicationmanagepricingrules-display-component---priceInfoItem--smartFilterBar-btnBasicSearch"}]}
RESULT: {"script":"<script> [1562 bytes]","args":[{"selector":{"id":"application-managepricingrules-display-component---priceInfoItem--smartFilterBar-btnBasicSearch","interaction":{"idSuffix":"I"}},"wdio_ui5_key":"applicationmanagepricingrules-display-component---priceInfoItem--smartFilterBar-btnBasicSearch"}]}
RESULT: undefined
COMMAND: POST /session/ba2432913a596e5fc4fa14806f816f85/execute/async - {"script":"<script> [776 bytes]","args":[{"enterText":"lXi5pAGiKi","selector":{"id":"application-managepricingrules-display-component---priceInfoItem--smartFilterBar-btnBasicSearch","interaction":{"idSuffix":"I"}},"clearTextFirst":true,"interactionType":"ENTER_TEXT"}]}
RESULT: {"script":"<script> [776 bytes]","args":[{"enterText":"lXi5pAGiKi","selector":{"id":"application-managepricingrules-display-component---priceInfoItem--smartFilterBar-btnBasicSearch","interaction":{"idSuffix":"I"}},"clearTextFirst":true,"interactionType":"ENTER_TEXT"}]}
COMMAND: POST /session/ba2432913a596e5fc4fa14806f816f85/actions - {"actions":[{"id":"action12","type":"key","parameters":{},"actions":[{"type":"keyDown","value":"î€‡"},{"type":"pause","duration":10},{"type":"keyUp","value":"î€‡"}]}]}
RESULT: {"actions":[{"id":"action12","type":"key","parameters":{},"actions":[{"type":"keyDown","value":"î€‡"},{"type":"pause","duration":10},{"type":"keyUp","value":"î€‡"}]}]}
COMMAND: GET /session/ba2432913a596e5fc4fa14806f816f85/screenshot - {}
RESULT: {}
COMMAND: POST /session/ba2432913a596e5fc4fa14806f816f85/element - {"using":"xpath","value":"//span[@id=\"application-managepricingrules-display-component---priceInfoItem--smartTable-header-inner\"]"}
RESULT: {"using":"xpath","value":"//span[@id=\"application-managepricingrules-display-component---priceInfoItem--smartTable-header-inner\"]"}
COMMAND: POST /session/ba2432913a596e5fc4fa14806f816f85/elements - {"using":"xpath","value":"//span[@id=\"application-managepricingrules-display-component---priceInfoItem--smartTable-header-inner\"]"}
RESULT: {"using":"xpath","value":"//span[@id=\"application-managepricingrules-display-component---priceInfoItem--smartTable-header-inner\"]"}
COMMAND: POST /session/ba2432913a596e5fc4fa14806f816f85/execute/sync - {"script":"<script> [56 bytes]","args":[{"element-6066-11e4-a52e-4f735466cecf":"f.FF9A1E5259EB1E6B709B859A36B64A29.d.3A8E875757434DF8C7CE990BB7CC7C0F.e.3332","ELEMENT":"f.FF9A1E5259EB1E6B709B859A36B64A29.d.3A8E875757434DF8C7CE990BB7CC7C0F.e.3332"}]}
RESULT: {"script":"<script> [56 bytes]","args":[{"element-6066-11e4-a52e-4f735466cecf":"f.FF9A1E5259EB1E6B709B859A36B64A29.d.3A8E875757434DF8C7CE990BB7CC7C0F.e.3332","ELEMENT":"f.FF9A1E5259EB1E6B709B859A36B64A29.d.3A8E875757434DF8C7CE990BB7CC7C0F.e.3332"}]}
COMMAND: POST /session/ba2432913a596e5fc4fa14806f816f85/element - {"using":"css selector","value":"#shell-header-logo"}
COMMAND: GET /session/ba2432913a596e5fc4fa14806f816f85/screenshot - {}
RESULT: {"using":"css selector","value":"#shell-header-logo"}
COMMAND: POST /session/ba2432913a596e5fc4fa14806f816f85/element/f.FF9A1E5259EB1E6B709B859A36B64A29.d.3A8E875757434DF8C7CE990BB7CC7C0F.e.2464/click - {}
RESULT: {}
RESULT: {}
COMMAND: GET /session/ba2432913a596e5fc4fa14806f816f85/screenshot - {}
RESULT: {}
]]></system-out>
    </testcase>
    <testcase classname="chrome.135_0_7049_96.windows.Billing_confirm_US117289" name="Should create new condition for equipment" time="79.569">
      <system-out><![CDATA[
COMMAND: POST /session/ba2432913a596e5fc4fa14806f816f85/execute/async - {"script":"<script> [1562 bytes]","args":[{"selector":{"controlType":"sap.m.Text","properties":{"text":"Manage Conditions & Prices"},"interaction":{"idSuffix":"inner"}},"wdio_ui5_key":"sapm.Text{\"text\":\"Manage Conditions & Prices\"}"}]}
RESULT: {"script":"<script> [1562 bytes]","args":[{"selector":{"controlType":"sap.m.Text","properties":{"text":"Manage Conditions & Prices"},"interaction":{"idSuffix":"inner"}},"wdio_ui5_key":"sapm.Text{\"text\":\"Manage Conditions & Prices\"}"}]}
RESULT: undefined
COMMAND: POST /session/ba2432913a596e5fc4fa14806f816f85/element - {"using":"xpath","value":"//*[@id=\"__tile53-title\"]"}
RESULT: {"using":"xpath","value":"//*[@id=\"__tile53-title\"]"}
COMMAND: POST /session/ba2432913a596e5fc4fa14806f816f85/element/f.FF9A1E5259EB1E6B709B859A36B64A29.d.3A8E875757434DF8C7CE990BB7CC7C0F.e.3335/click - {}
RESULT: {}
COMMAND: POST /session/ba2432913a596e5fc4fa14806f816f85/element - {"using":"xpath","value":"//button[@aria-label=\"Create\"]"}
COMMAND: GET /session/ba2432913a596e5fc4fa14806f816f85/screenshot - {}
RESULT: {"using":"xpath","value":"//button[@aria-label=\"Create\"]"}
COMMAND: POST /session/ba2432913a596e5fc4fa14806f816f85/elements - {"using":"xpath","value":"//button[@aria-label=\"Create\"]"}
RESULT: {}
RESULT: {"using":"xpath","value":"//button[@aria-label=\"Create\"]"}
COMMAND: POST /session/ba2432913a596e5fc4fa14806f816f85/elements - {"using":"xpath","value":"//button[@aria-label=\"Create\"]"}
RESULT: {"using":"xpath","value":"//button[@aria-label=\"Create\"]"}
COMMAND: POST /session/ba2432913a596e5fc4fa14806f816f85/elements - {"using":"xpath","value":"//button[@aria-label=\"Create\"]"}
RESULT: {"using":"xpath","value":"//button[@aria-label=\"Create\"]"}
COMMAND: POST /session/ba2432913a596e5fc4fa14806f816f85/elements - {"using":"xpath","value":"//button[@aria-label=\"Create\"]"}
RESULT: {"using":"xpath","value":"//button[@aria-label=\"Create\"]"}
COMMAND: POST /session/ba2432913a596e5fc4fa14806f816f85/element - {"using":"xpath","value":"//button[@aria-label=\"Create\"]"}
RESULT: {"using":"xpath","value":"//button[@aria-label=\"Create\"]"}
COMMAND: POST /session/ba2432913a596e5fc4fa14806f816f85/execute/sync - {"script":"<script> [8489 bytes]","args":[{"element-6066-11e4-a52e-4f735466cecf":"f.FF9A1E5259EB1E6B709B859A36B64A29.d.3A8E875757434DF8C7CE990BB7CC7C0F.e.3370","ELEMENT":"f.FF9A1E5259EB1E6B709B859A36B64A29.d.3A8E875757434DF8C7CE990BB7CC7C0F.e.3370"}]}
RESULT: {"script":"<script> [8489 bytes]","args":[{"element-6066-11e4-a52e-4f735466cecf":"f.FF9A1E5259EB1E6B709B859A36B64A29.d.3A8E875757434DF8C7CE990BB7CC7C0F.e.3370","ELEMENT":"f.FF9A1E5259EB1E6B709B859A36B64A29.d.3A8E875757434DF8C7CE990BB7CC7C0F.e.3370"}]}
COMMAND: GET /session/ba2432913a596e5fc4fa14806f816f85/element/f.FF9A1E5259EB1E6B709B859A36B64A29.d.3A8E875757434DF8C7CE990BB7CC7C0F.e.3370/enabled - {}
COMMAND: GET /session/ba2432913a596e5fc4fa14806f816f85/screenshot - {}
RESULT: {}
COMMAND: POST /session/ba2432913a596e5fc4fa14806f816f85/execute/sync - {"script":"<script> [8489 bytes]","args":[{"element-6066-11e4-a52e-4f735466cecf":"f.FF9A1E5259EB1E6B709B859A36B64A29.d.3A8E875757434DF8C7CE990BB7CC7C0F.e.3370","ELEMENT":"f.FF9A1E5259EB1E6B709B859A36B64A29.d.3A8E875757434DF8C7CE990BB7CC7C0F.e.3370"}]}
COMMAND: GET /session/ba2432913a596e5fc4fa14806f816f85/screenshot - {}
RESULT: {}
RESULT: {"script":"<script> [8489 bytes]","args":[{"element-6066-11e4-a52e-4f735466cecf":"f.FF9A1E5259EB1E6B709B859A36B64A29.d.3A8E875757434DF8C7CE990BB7CC7C0F.e.3370","ELEMENT":"f.FF9A1E5259EB1E6B709B859A36B64A29.d.3A8E875757434DF8C7CE990BB7CC7C0F.e.3370"}]}
COMMAND: POST /session/ba2432913a596e5fc4fa14806f816f85/execute/sync - {"script":"<script> [5351 bytes]","args":[{"element-6066-11e4-a52e-4f735466cecf":"f.FF9A1E5259EB1E6B709B859A36B64A29.d.3A8E875757434DF8C7CE990BB7CC7C0F.e.3370","ELEMENT":"f.FF9A1E5259EB1E6B709B859A36B64A29.d.3A8E875757434DF8C7CE990BB7CC7C0F.e.3370"}]}
COMMAND: GET /session/ba2432913a596e5fc4fa14806f816f85/screenshot - {}
RESULT: {}
RESULT: {"script":"<script> [5351 bytes]","args":[{"element-6066-11e4-a52e-4f735466cecf":"f.FF9A1E5259EB1E6B709B859A36B64A29.d.3A8E875757434DF8C7CE990BB7CC7C0F.e.3370","ELEMENT":"f.FF9A1E5259EB1E6B709B859A36B64A29.d.3A8E875757434DF8C7CE990BB7CC7C0F.e.3370"}]}
COMMAND: POST /session/ba2432913a596e5fc4fa14806f816f85/element/f.FF9A1E5259EB1E6B709B859A36B64A29.d.3A8E875757434DF8C7CE990BB7CC7C0F.e.3370/click - {}
COMMAND: GET /session/ba2432913a596e5fc4fa14806f816f85/screenshot - {}
RESULT: {}
RESULT: {}
COMMAND: GET /session/ba2432913a596e5fc4fa14806f816f85/screenshot - {}
RESULT: {}
RESULT: {}
COMMAND: POST /session/ba2432913a596e5fc4fa14806f816f85/actions - {"actions":[{"id":"action13","type":"key","parameters":{},"actions":[{"type":"keyDown","value":"î€‡"},{"type":"pause","duration":10},{"type":"keyUp","value":"î€‡"}]}]}
RESULT: {"actions":[{"id":"action13","type":"key","parameters":{},"actions":[{"type":"keyDown","value":"î€‡"},{"type":"pause","duration":10},{"type":"keyUp","value":"î€‡"}]}]}
COMMAND: GET /session/ba2432913a596e5fc4fa14806f816f85/screenshot - {}
RESULT: {}
COMMAND: POST /session/ba2432913a596e5fc4fa14806f816f85/execute/async - {"script":"<script> [1562 bytes]","args":[{"selector":{"id":"application-manageconditionprice-display-component---newCondition--condBillCond-arrow"},"wdio_ui5_key":"applicationmanageconditionprice-display-component---newCondition--condBillCond-arrow"}]}
RESULT: {"script":"<script> [1562 bytes]","args":[{"selector":{"id":"application-manageconditionprice-display-component---newCondition--condBillCond-arrow"},"wdio_ui5_key":"applicationmanageconditionprice-display-component---newCondition--condBillCond-arrow"}]}
RESULT: undefined
COMMAND: POST /session/ba2432913a596e5fc4fa14806f816f85/element - {"using":"xpath","value":"//*[@id=\"application-manageconditionprice-display-component---newCondition--condBillCond-arrow\"]"}
RESULT: {"using":"xpath","value":"//*[@id=\"application-manageconditionprice-display-component---newCondition--condBillCond-arrow\"]"}
COMMAND: POST /session/ba2432913a596e5fc4fa14806f816f85/element/f.FF9A1E5259EB1E6B709B859A36B64A29.d.3A8E875757434DF8C7CE990BB7CC7C0F.e.3546/click - {}
RESULT: {}
COMMAND: GET /session/ba2432913a596e5fc4fa14806f816f85/screenshot - {}
RESULT: {}
COMMAND: POST /session/ba2432913a596e5fc4fa14806f816f85/element - {"using":"xpath","value":"//li[.//span[contains(text(), \"DISP - D&I special price\")]]"}
RESULT: {"using":"xpath","value":"//li[.//span[contains(text(), \"DISP - D&I special price\")]]"}
COMMAND: POST /session/ba2432913a596e5fc4fa14806f816f85/element/f.FF9A1E5259EB1E6B709B859A36B64A29.d.3A8E875757434DF8C7CE990BB7CC7C0F.e.3549/click - {}
RESULT: {}
COMMAND: GET /session/ba2432913a596e5fc4fa14806f816f85/screenshot - {}
RESULT: {}
COMMAND: POST /session/ba2432913a596e5fc4fa14806f816f85/execute/async - {"script":"<script> [1562 bytes]","args":[{"selector":{"id":"application-manageconditionprice-display-component---newCondition--condValidTo","interaction":{"idSuffix":"inner"}},"wdio_ui5_key":"applicationmanageconditionprice-display-component---newCondition--condValidTo"}]}
RESULT: {"script":"<script> [1562 bytes]","args":[{"selector":{"id":"application-manageconditionprice-display-component---newCondition--condValidTo","interaction":{"idSuffix":"inner"}},"wdio_ui5_key":"applicationmanageconditionprice-display-component---newCondition--condValidTo"}]}
RESULT: undefined
COMMAND: POST /session/ba2432913a596e5fc4fa14806f816f85/execute/async - {"script":"<script> [776 bytes]","args":[{"enterText":"01/03/26","selector":{"id":"application-manageconditionprice-display-component---newCondition--condValidTo","interaction":{"idSuffix":"inner"}},"clearTextFirst":true,"interactionType":"ENTER_TEXT"}]}
RESULT: {"script":"<script> [776 bytes]","args":[{"enterText":"01/03/26","selector":{"id":"application-manageconditionprice-display-component---newCondition--condValidTo","interaction":{"idSuffix":"inner"}},"clearTextFirst":true,"interactionType":"ENTER_TEXT"}]}
COMMAND: POST /session/ba2432913a596e5fc4fa14806f816f85/element - {"using":"xpath","value":"//input[@id=\"application-manageconditionprice-display-component---newCondition--condRU-inner\"]"}
RESULT: {"using":"xpath","value":"//input[@id=\"application-manageconditionprice-display-component---newCondition--condRU-inner\"]"}
COMMAND: POST /session/ba2432913a596e5fc4fa14806f816f85/element/f.FF9A1E5259EB1E6B709B859A36B64A29.d.3A8E875757434DF8C7CE990BB7CC7C0F.e.3416/clear - {}
RESULT: {}
COMMAND: POST /session/ba2432913a596e5fc4fa14806f816f85/element/f.FF9A1E5259EB1E6B709B859A36B64A29.d.3A8E875757434DF8C7CE990BB7CC7C0F.e.3416/value - {"text":"lXi5pAGiKi"}
COMMAND: GET /session/ba2432913a596e5fc4fa14806f816f85/screenshot - {}
RESULT: {"text":"lXi5pAGiKi"}
COMMAND: GET /session/ba2432913a596e5fc4fa14806f816f85/screenshot - {}
RESULT: {}
RESULT: {}
COMMAND: POST /session/ba2432913a596e5fc4fa14806f816f85/actions - {"actions":[{"id":"action14","type":"key","parameters":{},"actions":[{"type":"keyDown","value":"î€‡"},{"type":"pause","duration":10},{"type":"keyUp","value":"î€‡"}]}]}
RESULT: {"actions":[{"id":"action14","type":"key","parameters":{},"actions":[{"type":"keyDown","value":"î€‡"},{"type":"pause","duration":10},{"type":"keyUp","value":"î€‡"}]}]}
COMMAND: POST /session/ba2432913a596e5fc4fa14806f816f85/execute/async - {"script":"<script> [1562 bytes]","args":[{"selector":{"id":"application-manageconditionprice-display-component---newCondition--condBaseQty","interaction":{"idSuffix":"inner"}},"wdio_ui5_key":"applicationmanageconditionprice-display-component---newCondition--condBaseQty"}]}
COMMAND: GET /session/ba2432913a596e5fc4fa14806f816f85/screenshot - {}
RESULT: {"script":"<script> [1562 bytes]","args":[{"selector":{"id":"application-manageconditionprice-display-component---newCondition--condBaseQty","interaction":{"idSuffix":"inner"}},"wdio_ui5_key":"applicationmanageconditionprice-display-component---newCondition--condBaseQty"}]}
RESULT: undefined
COMMAND: POST /session/ba2432913a596e5fc4fa14806f816f85/execute/async - {"script":"<script> [776 bytes]","args":[{"enterText":"1","selector":{"id":"application-manageconditionprice-display-component---newCondition--condBaseQty","interaction":{"idSuffix":"inner"}},"clearTextFirst":true,"interactionType":"ENTER_TEXT"}]}
RESULT: {}
RESULT: {"script":"<script> [776 bytes]","args":[{"enterText":"1","selector":{"id":"application-manageconditionprice-display-component---newCondition--condBaseQty","interaction":{"idSuffix":"inner"}},"clearTextFirst":true,"interactionType":"ENTER_TEXT"}]}
COMMAND: POST /session/ba2432913a596e5fc4fa14806f816f85/execute/async - {"script":"<script> [1562 bytes]","args":[{"selector":{"id":"application-manageconditionprice-display-component---newCondition--condValue","interaction":{"idSuffix":"inner"}},"wdio_ui5_key":"applicationmanageconditionprice-display-component---newCondition--condValue"}]}
RESULT: {"script":"<script> [1562 bytes]","args":[{"selector":{"id":"application-manageconditionprice-display-component---newCondition--condValue","interaction":{"idSuffix":"inner"}},"wdio_ui5_key":"applicationmanageconditionprice-display-component---newCondition--condValue"}]}
RESULT: undefined
COMMAND: POST /session/ba2432913a596e5fc4fa14806f816f85/execute/async - {"script":"<script> [776 bytes]","args":[{"enterText":"100","selector":{"id":"application-manageconditionprice-display-component---newCondition--condValue","interaction":{"idSuffix":"inner"}},"clearTextFirst":true,"interactionType":"ENTER_TEXT"}]}
RESULT: {"script":"<script> [776 bytes]","args":[{"enterText":"100","selector":{"id":"application-manageconditionprice-display-component---newCondition--condValue","interaction":{"idSuffix":"inner"}},"clearTextFirst":true,"interactionType":"ENTER_TEXT"}]}
COMMAND: POST /session/ba2432913a596e5fc4fa14806f816f85/execute/async - {"script":"<script> [1562 bytes]","args":[{"selector":{"id":"application-manageconditionprice-display-component---newCondition--condCurr-arrow"},"wdio_ui5_key":"applicationmanageconditionprice-display-component---newCondition--condCurr-arrow"}]}
RESULT: {"script":"<script> [1562 bytes]","args":[{"selector":{"id":"application-manageconditionprice-display-component---newCondition--condCurr-arrow"},"wdio_ui5_key":"applicationmanageconditionprice-display-component---newCondition--condCurr-arrow"}]}
RESULT: undefined
COMMAND: POST /session/ba2432913a596e5fc4fa14806f816f85/element - {"using":"xpath","value":"//*[@id=\"application-manageconditionprice-display-component---newCondition--condCurr-arrow\"]"}
RESULT: {"using":"xpath","value":"//*[@id=\"application-manageconditionprice-display-component---newCondition--condCurr-arrow\"]"}
COMMAND: POST /session/ba2432913a596e5fc4fa14806f816f85/element/f.FF9A1E5259EB1E6B709B859A36B64A29.d.3A8E875757434DF8C7CE990BB7CC7C0F.e.3508/click - {}
RESULT: {}
COMMAND: POST /session/ba2432913a596e5fc4fa14806f816f85/element - {"using":"xpath","value":"//span[contains(text(), \"Euro\")]"}
COMMAND: GET /session/ba2432913a596e5fc4fa14806f816f85/screenshot - {}
RESULT: {"using":"xpath","value":"//span[contains(text(), \"Euro\")]"}
COMMAND: POST /session/ba2432913a596e5fc4fa14806f816f85/element/f.FF9A1E5259EB1E6B709B859A36B64A29.d.3A8E875757434DF8C7CE990BB7CC7C0F.e.3582/click - {}
RESULT: {}
RESULT: {}
COMMAND: POST /session/ba2432913a596e5fc4fa14806f816f85/element - {"using":"xpath","value":"//button[@data-kt=\"saveButton\"]"}
COMMAND: GET /session/ba2432913a596e5fc4fa14806f816f85/screenshot - {}
RESULT: {"using":"xpath","value":"//button[@data-kt=\"saveButton\"]"}
COMMAND: POST /session/ba2432913a596e5fc4fa14806f816f85/element/f.FF9A1E5259EB1E6B709B859A36B64A29.d.3A8E875757434DF8C7CE990BB7CC7C0F.e.3509/click - {}
RESULT: {}
RESULT: {}
COMMAND: GET /session/ba2432913a596e5fc4fa14806f816f85/screenshot - {}
RESULT: {}
COMMAND: POST /session/ba2432913a596e5fc4fa14806f816f85/execute/async - {"script":"<script> [1562 bytes]","args":[{"selector":{"id":"application-manageconditionprice-display-component---conditions--smartFilterBar-btnBasicSearch","interaction":{"idSuffix":"I"}},"wdio_ui5_key":"applicationmanageconditionprice-display-component---conditions--smartFilterBar-btnBasicSearch"}]}
RESULT: {"script":"<script> [1562 bytes]","args":[{"selector":{"id":"application-manageconditionprice-display-component---conditions--smartFilterBar-btnBasicSearch","interaction":{"idSuffix":"I"}},"wdio_ui5_key":"applicationmanageconditionprice-display-component---conditions--smartFilterBar-btnBasicSearch"}]}
RESULT: undefined
COMMAND: POST /session/ba2432913a596e5fc4fa14806f816f85/execute/async - {"script":"<script> [776 bytes]","args":[{"enterText":"lXi5pAGiKi","selector":{"id":"application-manageconditionprice-display-component---conditions--smartFilterBar-btnBasicSearch","interaction":{"idSuffix":"I"}},"clearTextFirst":true,"interactionType":"ENTER_TEXT"}]}
RESULT: {"script":"<script> [776 bytes]","args":[{"enterText":"lXi5pAGiKi","selector":{"id":"application-manageconditionprice-display-component---conditions--smartFilterBar-btnBasicSearch","interaction":{"idSuffix":"I"}},"clearTextFirst":true,"interactionType":"ENTER_TEXT"}]}
COMMAND: POST /session/ba2432913a596e5fc4fa14806f816f85/actions - {"actions":[{"id":"action15","type":"key","parameters":{},"actions":[{"type":"keyDown","value":"î€‡"},{"type":"pause","duration":10},{"type":"keyUp","value":"î€‡"}]}]}
RESULT: {"actions":[{"id":"action15","type":"key","parameters":{},"actions":[{"type":"keyDown","value":"î€‡"},{"type":"pause","duration":10},{"type":"keyUp","value":"î€‡"}]}]}
COMMAND: GET /session/ba2432913a596e5fc4fa14806f816f85/screenshot - {}
RESULT: {}
COMMAND: POST /session/ba2432913a596e5fc4fa14806f816f85/execute/async - {"script":"<script> [1562 bytes]","args":[{"selector":{"id":"application-manageconditionprice-display-component---conditions--smartFilterBar-filterItemControl_BASIC-BILL_TYPES-vhi"},"wdio_ui5_key":"applicationmanageconditionprice-display-component---conditions--smartFilterBar-filterItemControl_BASIC-BILL_TYPES-vhi"}]}
RESULT: {"script":"<script> [1562 bytes]","args":[{"selector":{"id":"application-manageconditionprice-display-component---conditions--smartFilterBar-filterItemControl_BASIC-BILL_TYPES-vhi"},"wdio_ui5_key":"applicationmanageconditionprice-display-component---conditions--smartFilterBar-filterItemControl_BASIC-BILL_TYPES-vhi"}]}
RESULT: undefined
COMMAND: POST /session/ba2432913a596e5fc4fa14806f816f85/element - {"using":"xpath","value":"//*[@id=\"application-manageconditionprice-display-component---conditions--smartFilterBar-filterItemControl_BASIC-BILL_TYPES-vhi\"]"}
RESULT: {"using":"xpath","value":"//*[@id=\"application-manageconditionprice-display-component---conditions--smartFilterBar-filterItemControl_BASIC-BILL_TYPES-vhi\"]"}
COMMAND: POST /session/ba2432913a596e5fc4fa14806f816f85/element/f.FF9A1E5259EB1E6B709B859A36B64A29.d.3A8E875757434DF8C7CE990BB7CC7C0F.e.3599/click - {}
RESULT: {}
COMMAND: POST /session/ba2432913a596e5fc4fa14806f816f85/execute/async - {"script":"<script> [1562 bytes]","args":[{"selector":{"id":"application-manageconditionprice-display-component---conditions--smartFilterBar-filterItemControl_BASIC-BILL_TYPES-valueHelpDialog-smartFilterBar-btnBasicSearch","searchOpenDialogs":true,"interaction":{"idSuffix":"I"}},"wdio_ui5_key":"applicationmanageconditionprice-display-component---conditions--smartFilterBar-filterItemControl_BASIC-BILL_TYPES-valueHelpDialog-smartFilterBar-btnBasicSearch"}]}
COMMAND: GET /session/ba2432913a596e5fc4fa14806f816f85/screenshot - {}
RESULT: {"script":"<script> [1562 bytes]","args":[{"selector":{"id":"application-manageconditionprice-display-component---conditions--smartFilterBar-filterItemControl_BASIC-BILL_TYPES-valueHelpDialog-smartFilterBar-btnBasicSearch","searchOpenDialogs":true,"interaction":{"idSuffix":"I"}},"wdio_ui5_key":"applicationmanageconditionprice-display-component---conditions--smartFilterBar-filterItemControl_BASIC-BILL_TYPES-valueHelpDialog-smartFilterBar-btnBasicSearch"}]}
RESULT: undefined
COMMAND: POST /session/ba2432913a596e5fc4fa14806f816f85/execute/async - {"script":"<script> [776 bytes]","args":[{"enterText":"TB","selector":{"id":"application-manageconditionprice-display-component---conditions--smartFilterBar-filterItemControl_BASIC-BILL_TYPES-valueHelpDialog-smartFilterBar-btnBasicSearch","searchOpenDialogs":true,"interaction":{"idSuffix":"I"}},"clearTextFirst":true,"interactionType":"ENTER_TEXT"}]}
RESULT: {}
RESULT: {"script":"<script> [776 bytes]","args":[{"enterText":"TB","selector":{"id":"application-manageconditionprice-display-component---conditions--smartFilterBar-filterItemControl_BASIC-BILL_TYPES-valueHelpDialog-smartFilterBar-btnBasicSearch","searchOpenDialogs":true,"interaction":{"idSuffix":"I"}},"clearTextFirst":true,"interactionType":"ENTER_TEXT"}]}
COMMAND: POST /session/ba2432913a596e5fc4fa14806f816f85/actions - {"actions":[{"id":"action16","type":"key","parameters":{},"actions":[{"type":"keyDown","value":"î€‡"},{"type":"pause","duration":10},{"type":"keyUp","value":"î€‡"}]}]}
RESULT: {"actions":[{"id":"action16","type":"key","parameters":{},"actions":[{"type":"keyDown","value":"î€‡"},{"type":"pause","duration":10},{"type":"keyUp","value":"î€‡"}]}]}
COMMAND: GET /session/ba2432913a596e5fc4fa14806f816f85/screenshot - {}
RESULT: {}
COMMAND: POST /session/ba2432913a596e5fc4fa14806f816f85/element - {"using":"xpath","value":"//div[contains(@id, 'application-manageconditionprice-display-component---conditions--smartFilterBar-filterItemControl_BASIC-BILL_TYPES-valueHelpDialog-table-rowsel0')]"}
RESULT: {"using":"xpath","value":"//div[contains(@id, 'application-manageconditionprice-display-component---conditions--smartFilterBar-filterItemControl_BASIC-BILL_TYPES-valueHelpDialog-table-rowsel0')]"}
COMMAND: POST /session/ba2432913a596e5fc4fa14806f816f85/element/f.FF9A1E5259EB1E6B709B859A36B64A29.d.3A8E875757434DF8C7CE990BB7CC7C0F.e.3608/click - {}
RESULT: {}
COMMAND: GET /session/ba2432913a596e5fc4fa14806f816f85/screenshot - {}
RESULT: {}
COMMAND: POST /session/ba2432913a596e5fc4fa14806f816f85/element - {"using":"xpath","value":"//bdi[contains(text(), \"OK\")]"}
RESULT: {"using":"xpath","value":"//bdi[contains(text(), \"OK\")]"}
COMMAND: POST /session/ba2432913a596e5fc4fa14806f816f85/element/f.FF9A1E5259EB1E6B709B859A36B64A29.d.3A8E875757434DF8C7CE990BB7CC7C0F.e.3610/click - {}
RESULT: {}
COMMAND: GET /session/ba2432913a596e5fc4fa14806f816f85/screenshot - {}
RESULT: {}
COMMAND: POST /session/ba2432913a596e5fc4fa14806f816f85/element - {"using":"xpath","value":"//span[@id=\"application-manageconditionprice-display-component---conditions--smartTable-header-inner\"]"}
RESULT: {"using":"xpath","value":"//span[@id=\"application-manageconditionprice-display-component---conditions--smartTable-header-inner\"]"}
COMMAND: POST /session/ba2432913a596e5fc4fa14806f816f85/elements - {"using":"xpath","value":"//span[@id=\"application-manageconditionprice-display-component---conditions--smartTable-header-inner\"]"}
RESULT: {"using":"xpath","value":"//span[@id=\"application-manageconditionprice-display-component---conditions--smartTable-header-inner\"]"}
COMMAND: POST /session/ba2432913a596e5fc4fa14806f816f85/execute/sync - {"script":"<script> [56 bytes]","args":[{"element-6066-11e4-a52e-4f735466cecf":"f.FF9A1E5259EB1E6B709B859A36B64A29.d.3A8E875757434DF8C7CE990BB7CC7C0F.e.3613","ELEMENT":"f.FF9A1E5259EB1E6B709B859A36B64A29.d.3A8E875757434DF8C7CE990BB7CC7C0F.e.3613"}]}
RESULT: {"script":"<script> [56 bytes]","args":[{"element-6066-11e4-a52e-4f735466cecf":"f.FF9A1E5259EB1E6B709B859A36B64A29.d.3A8E875757434DF8C7CE990BB7CC7C0F.e.3613","ELEMENT":"f.FF9A1E5259EB1E6B709B859A36B64A29.d.3A8E875757434DF8C7CE990BB7CC7C0F.e.3613"}]}
COMMAND: POST /session/ba2432913a596e5fc4fa14806f816f85/element - {"using":"css selector","value":"#shell-header-logo"}
COMMAND: GET /session/ba2432913a596e5fc4fa14806f816f85/screenshot - {}
RESULT: {"using":"css selector","value":"#shell-header-logo"}
COMMAND: POST /session/ba2432913a596e5fc4fa14806f816f85/element/f.FF9A1E5259EB1E6B709B859A36B64A29.d.3A8E875757434DF8C7CE990BB7CC7C0F.e.3338/click - {}
RESULT: {}
RESULT: {}
COMMAND: GET /session/ba2432913a596e5fc4fa14806f816f85/screenshot - {}
RESULT: {}
]]></system-out>
    </testcase>
    <testcase classname="chrome.135_0_7049_96.windows.Billing_confirm_US117289" name="Should do a stock increase" time="103.601">
      <system-out><![CDATA[
COMMAND: POST /session/ba2432913a596e5fc4fa14806f816f85/execute/async - {"script":"<script> [1562 bytes]","args":[{"selector":{"controlType":"sap.m.Text","viewName":"etm.portal.ui.managehandoverstile.view.Master","properties":{"text":"Manage Handovers"},"interaction":{"idSuffix":"inner"}},"wdio_ui5_key":"etmportal.ui.managehandoverstile.view.Mastersap.m.Text{\"text\":\"Manage Handovers\"}"}]}
RESULT: {"script":"<script> [1562 bytes]","args":[{"selector":{"controlType":"sap.m.Text","viewName":"etm.portal.ui.managehandoverstile.view.Master","properties":{"text":"Manage Handovers"},"interaction":{"idSuffix":"inner"}},"wdio_ui5_key":"etmportal.ui.managehandoverstile.view.Mastersap.m.Text{\"text\":\"Manage Handovers\"}"}]}
RESULT: undefined
COMMAND: POST /session/ba2432913a596e5fc4fa14806f816f85/element - {"using":"xpath","value":"//*[@id=\"__tile132-title\"]"}
RESULT: {"using":"xpath","value":"//*[@id=\"__tile132-title\"]"}
COMMAND: POST /session/ba2432913a596e5fc4fa14806f816f85/element/f.FF9A1E5259EB1E6B709B859A36B64A29.d.3A8E875757434DF8C7CE990BB7CC7C0F.e.3618/click - {}
RESULT: {}
COMMAND: POST /session/ba2432913a596e5fc4fa14806f816f85/element - {"using":"xpath","value":"//button[@data-kt=\"masterHOAddButton\"]"}
COMMAND: GET /session/ba2432913a596e5fc4fa14806f816f85/screenshot - {}
RESULT: {"using":"xpath","value":"//button[@data-kt=\"masterHOAddButton\"]"}
COMMAND: POST /session/ba2432913a596e5fc4fa14806f816f85/elements - {"using":"xpath","value":"//button[@data-kt=\"masterHOAddButton\"]"}
RESULT: {}
RESULT: {"using":"xpath","value":"//button[@data-kt=\"masterHOAddButton\"]"}
COMMAND: POST /session/ba2432913a596e5fc4fa14806f816f85/elements - {"using":"xpath","value":"//button[@data-kt=\"masterHOAddButton\"]"}
RESULT: {"using":"xpath","value":"//button[@data-kt=\"masterHOAddButton\"]"}
COMMAND: POST /session/ba2432913a596e5fc4fa14806f816f85/elements - {"using":"xpath","value":"//button[@data-kt=\"masterHOAddButton\"]"}
RESULT: {"using":"xpath","value":"//button[@data-kt=\"masterHOAddButton\"]"}
COMMAND: POST /session/ba2432913a596e5fc4fa14806f816f85/elements - {"using":"xpath","value":"//button[@data-kt=\"masterHOAddButton\"]"}
RESULT: {"using":"xpath","value":"//button[@data-kt=\"masterHOAddButton\"]"}
COMMAND: POST /session/ba2432913a596e5fc4fa14806f816f85/elements - {"using":"xpath","value":"//button[@data-kt=\"masterHOAddButton\"]"}
RESULT: {"using":"xpath","value":"//button[@data-kt=\"masterHOAddButton\"]"}
COMMAND: POST /session/ba2432913a596e5fc4fa14806f816f85/elements - {"using":"xpath","value":"//button[@data-kt=\"masterHOAddButton\"]"}
RESULT: {"using":"xpath","value":"//button[@data-kt=\"masterHOAddButton\"]"}
COMMAND: POST /session/ba2432913a596e5fc4fa14806f816f85/elements - {"using":"xpath","value":"//button[@data-kt=\"masterHOAddButton\"]"}
RESULT: {"using":"xpath","value":"//button[@data-kt=\"masterHOAddButton\"]"}
COMMAND: POST /session/ba2432913a596e5fc4fa14806f816f85/elements - {"using":"xpath","value":"//button[@data-kt=\"masterHOAddButton\"]"}
RESULT: {"using":"xpath","value":"//button[@data-kt=\"masterHOAddButton\"]"}
COMMAND: POST /session/ba2432913a596e5fc4fa14806f816f85/elements - {"using":"xpath","value":"//button[@data-kt=\"masterHOAddButton\"]"}
RESULT: {"using":"xpath","value":"//button[@data-kt=\"masterHOAddButton\"]"}
COMMAND: POST /session/ba2432913a596e5fc4fa14806f816f85/elements - {"using":"xpath","value":"//button[@data-kt=\"masterHOAddButton\"]"}
RESULT: {"using":"xpath","value":"//button[@data-kt=\"masterHOAddButton\"]"}
COMMAND: POST /session/ba2432913a596e5fc4fa14806f816f85/elements - {"using":"xpath","value":"//button[@data-kt=\"masterHOAddButton\"]"}
RESULT: {"using":"xpath","value":"//button[@data-kt=\"masterHOAddButton\"]"}
COMMAND: POST /session/ba2432913a596e5fc4fa14806f816f85/elements - {"using":"xpath","value":"//button[@data-kt=\"masterHOAddButton\"]"}
RESULT: {"using":"xpath","value":"//button[@data-kt=\"masterHOAddButton\"]"}
COMMAND: POST /session/ba2432913a596e5fc4fa14806f816f85/elements - {"using":"xpath","value":"//button[@data-kt=\"masterHOAddButton\"]"}
RESULT: {"using":"xpath","value":"//button[@data-kt=\"masterHOAddButton\"]"}
COMMAND: POST /session/ba2432913a596e5fc4fa14806f816f85/elements - {"using":"xpath","value":"//button[@data-kt=\"masterHOAddButton\"]"}
RESULT: {"using":"xpath","value":"//button[@data-kt=\"masterHOAddButton\"]"}
COMMAND: POST /session/ba2432913a596e5fc4fa14806f816f85/elements - {"using":"xpath","value":"//button[@data-kt=\"masterHOAddButton\"]"}
RESULT: {"using":"xpath","value":"//button[@data-kt=\"masterHOAddButton\"]"}
COMMAND: POST /session/ba2432913a596e5fc4fa14806f816f85/elements - {"using":"xpath","value":"//button[@data-kt=\"masterHOAddButton\"]"}
RESULT: {"using":"xpath","value":"//button[@data-kt=\"masterHOAddButton\"]"}
COMMAND: POST /session/ba2432913a596e5fc4fa14806f816f85/elements - {"using":"xpath","value":"//button[@data-kt=\"masterHOAddButton\"]"}
RESULT: {"using":"xpath","value":"//button[@data-kt=\"masterHOAddButton\"]"}
COMMAND: POST /session/ba2432913a596e5fc4fa14806f816f85/elements - {"using":"xpath","value":"//button[@data-kt=\"masterHOAddButton\"]"}
RESULT: {"using":"xpath","value":"//button[@data-kt=\"masterHOAddButton\"]"}
COMMAND: POST /session/ba2432913a596e5fc4fa14806f816f85/elements - {"using":"xpath","value":"//button[@data-kt=\"masterHOAddButton\"]"}
RESULT: {"using":"xpath","value":"//button[@data-kt=\"masterHOAddButton\"]"}
COMMAND: POST /session/ba2432913a596e5fc4fa14806f816f85/elements - {"using":"xpath","value":"//button[@data-kt=\"masterHOAddButton\"]"}
RESULT: {"using":"xpath","value":"//button[@data-kt=\"masterHOAddButton\"]"}
COMMAND: POST /session/ba2432913a596e5fc4fa14806f816f85/elements - {"using":"xpath","value":"//button[@data-kt=\"masterHOAddButton\"]"}
RESULT: {"using":"xpath","value":"//button[@data-kt=\"masterHOAddButton\"]"}
COMMAND: POST /session/ba2432913a596e5fc4fa14806f816f85/elements - {"using":"xpath","value":"//button[@data-kt=\"masterHOAddButton\"]"}
RESULT: {"using":"xpath","value":"//button[@data-kt=\"masterHOAddButton\"]"}
COMMAND: POST /session/ba2432913a596e5fc4fa14806f816f85/element - {"using":"xpath","value":"//button[@data-kt=\"masterHOAddButton\"]"}
RESULT: {"using":"xpath","value":"//button[@data-kt=\"masterHOAddButton\"]"}
COMMAND: POST /session/ba2432913a596e5fc4fa14806f816f85/execute/sync - {"script":"<script> [8489 bytes]","args":[{"element-6066-11e4-a52e-4f735466cecf":"f.FF9A1E5259EB1E6B709B859A36B64A29.d.3A8E875757434DF8C7CE990BB7CC7C0F.e.3658","ELEMENT":"f.FF9A1E5259EB1E6B709B859A36B64A29.d.3A8E875757434DF8C7CE990BB7CC7C0F.e.3658"}]}
RESULT: {"script":"<script> [8489 bytes]","args":[{"element-6066-11e4-a52e-4f735466cecf":"f.FF9A1E5259EB1E6B709B859A36B64A29.d.3A8E875757434DF8C7CE990BB7CC7C0F.e.3658","ELEMENT":"f.FF9A1E5259EB1E6B709B859A36B64A29.d.3A8E875757434DF8C7CE990BB7CC7C0F.e.3658"}]}
COMMAND: GET /session/ba2432913a596e5fc4fa14806f816f85/element/f.FF9A1E5259EB1E6B709B859A36B64A29.d.3A8E875757434DF8C7CE990BB7CC7C0F.e.3658/enabled - {}
COMMAND: GET /session/ba2432913a596e5fc4fa14806f816f85/screenshot - {}
RESULT: {}
COMMAND: POST /session/ba2432913a596e5fc4fa14806f816f85/execute/sync - {"script":"<script> [8489 bytes]","args":[{"element-6066-11e4-a52e-4f735466cecf":"f.FF9A1E5259EB1E6B709B859A36B64A29.d.3A8E875757434DF8C7CE990BB7CC7C0F.e.3658","ELEMENT":"f.FF9A1E5259EB1E6B709B859A36B64A29.d.3A8E875757434DF8C7CE990BB7CC7C0F.e.3658"}]}
COMMAND: GET /session/ba2432913a596e5fc4fa14806f816f85/screenshot - {}
RESULT: {}
RESULT: {"script":"<script> [8489 bytes]","args":[{"element-6066-11e4-a52e-4f735466cecf":"f.FF9A1E5259EB1E6B709B859A36B64A29.d.3A8E875757434DF8C7CE990BB7CC7C0F.e.3658","ELEMENT":"f.FF9A1E5259EB1E6B709B859A36B64A29.d.3A8E875757434DF8C7CE990BB7CC7C0F.e.3658"}]}
COMMAND: POST /session/ba2432913a596e5fc4fa14806f816f85/execute/sync - {"script":"<script> [5351 bytes]","args":[{"element-6066-11e4-a52e-4f735466cecf":"f.FF9A1E5259EB1E6B709B859A36B64A29.d.3A8E875757434DF8C7CE990BB7CC7C0F.e.3658","ELEMENT":"f.FF9A1E5259EB1E6B709B859A36B64A29.d.3A8E875757434DF8C7CE990BB7CC7C0F.e.3658"}]}
COMMAND: GET /session/ba2432913a596e5fc4fa14806f816f85/screenshot - {}
RESULT: {}
RESULT: {"script":"<script> [5351 bytes]","args":[{"element-6066-11e4-a52e-4f735466cecf":"f.FF9A1E5259EB1E6B709B859A36B64A29.d.3A8E875757434DF8C7CE990BB7CC7C0F.e.3658","ELEMENT":"f.FF9A1E5259EB1E6B709B859A36B64A29.d.3A8E875757434DF8C7CE990BB7CC7C0F.e.3658"}]}
COMMAND: POST /session/ba2432913a596e5fc4fa14806f816f85/element/f.FF9A1E5259EB1E6B709B859A36B64A29.d.3A8E875757434DF8C7CE990BB7CC7C0F.e.3658/click - {}
COMMAND: GET /session/ba2432913a596e5fc4fa14806f816f85/screenshot - {}
RESULT: {}
RESULT: {}
COMMAND: GET /session/ba2432913a596e5fc4fa14806f816f85/screenshot - {}
RESULT: {}
RESULT: {}
COMMAND: POST /session/ba2432913a596e5fc4fa14806f816f85/element - {"using":"xpath","value":"//span[contains(@id ,\"AddNewHO--typeSelect-arrow\")]"}
RESULT: {"using":"xpath","value":"//span[contains(@id ,\"AddNewHO--typeSelect-arrow\")]"}
COMMAND: POST /session/ba2432913a596e5fc4fa14806f816f85/element/f.FF9A1E5259EB1E6B709B859A36B64A29.d.3A8E875757434DF8C7CE990BB7CC7C0F.e.4013/click - {}
RESULT: {}
COMMAND: GET /session/ba2432913a596e5fc4fa14806f816f85/screenshot - {}
RESULT: {}
COMMAND: POST /session/ba2432913a596e5fc4fa14806f816f85/element - {"using":"xpath","value":"(//li[contains(text(), \"stock increase yard\")])[1]"}
RESULT: {"using":"xpath","value":"(//li[contains(text(), \"stock increase yard\")])[1]"}
COMMAND: POST /session/ba2432913a596e5fc4fa14806f816f85/element/f.FF9A1E5259EB1E6B709B859A36B64A29.d.3A8E875757434DF8C7CE990BB7CC7C0F.e.4014/click - {}
RESULT: {}
COMMAND: GET /session/ba2432913a596e5fc4fa14806f816f85/screenshot - {}
RESULT: {}
COMMAND: POST /session/ba2432913a596e5fc4fa14806f816f85/execute/async - {"script":"<script> [1562 bytes]","args":[{"selector":{"id":"application-managehandovers-display-component---AddNewHO--dueDate","interaction":{"idSuffix":"inner"}},"wdio_ui5_key":"applicationmanagehandovers-display-component---AddNewHO--dueDate"}]}
RESULT: {"script":"<script> [1562 bytes]","args":[{"selector":{"id":"application-managehandovers-display-component---AddNewHO--dueDate","interaction":{"idSuffix":"inner"}},"wdio_ui5_key":"applicationmanagehandovers-display-component---AddNewHO--dueDate"}]}
RESULT: undefined
COMMAND: POST /session/ba2432913a596e5fc4fa14806f816f85/execute/async - {"script":"<script> [6424 bytes]","args":[{"element-6066-11e4-a52e-4f735466cecf":"f.FF9A1E5259EB1E6B709B859A36B64A29.d.3A8E875757434DF8C7CE990BB7CC7C0F.e.4018"},"setValue",["05/03/2025"]]}
RESULT: {"script":"<script> [6424 bytes]","args":[{"element-6066-11e4-a52e-4f735466cecf":"f.FF9A1E5259EB1E6B709B859A36B64A29.d.3A8E875757434DF8C7CE990BB7CC7C0F.e.4018"},"setValue",["05/03/2025"]]}
COMMAND: POST /session/ba2432913a596e5fc4fa14806f816f85/element - {"using":"xpath","value":"//input[@id=\"generalSectionFrg--receiveYard-inner\"]"}
RESULT: {"using":"xpath","value":"//input[@id=\"generalSectionFrg--receiveYard-inner\"]"}
COMMAND: POST /session/ba2432913a596e5fc4fa14806f816f85/element/f.FF9A1E5259EB1E6B709B859A36B64A29.d.3A8E875757434DF8C7CE990BB7CC7C0F.e.4024/clear - {}
RESULT: {}
COMMAND: POST /session/ba2432913a596e5fc4fa14806f816f85/element/f.FF9A1E5259EB1E6B709B859A36B64A29.d.3A8E875757434DF8C7CE990BB7CC7C0F.e.4024/value - {"text":"528"}
COMMAND: GET /session/ba2432913a596e5fc4fa14806f816f85/screenshot - {}
RESULT: {"text":"528"}
COMMAND: GET /session/ba2432913a596e5fc4fa14806f816f85/screenshot - {}
RESULT: {}
RESULT: {}
COMMAND: POST /session/ba2432913a596e5fc4fa14806f816f85/element - {"using":"xpath","value":"//li[.//span[text()='528']]"}
RESULT: {"using":"xpath","value":"//li[.//span[text()='528']]"}
COMMAND: POST /session/ba2432913a596e5fc4fa14806f816f85/element/f.FF9A1E5259EB1E6B709B859A36B64A29.d.3A8E875757434DF8C7CE990BB7CC7C0F.e.4040/click - {}
RESULT: {}
COMMAND: GET /session/ba2432913a596e5fc4fa14806f816f85/screenshot - {}
RESULT: {}
COMMAND: POST /session/ba2432913a596e5fc4fa14806f816f85/execute/async - {"script":"<script> [1562 bytes]","args":[{"selector":{"id":"application-managehandovers-display-component---AddNewHO--ObjectPageLayout-anchBar-application-managehandovers-display-component---AddNewHO--section4-anchor","interaction":{"idSuffix":"BDI-content"}},"wdio_ui5_key":"applicationmanagehandovers-display-component---AddNewHO--ObjectPageLayout-anchBar-application-managehandovers-display-component---AddNewHO--section4-anchor"}]}
RESULT: {"script":"<script> [1562 bytes]","args":[{"selector":{"id":"application-managehandovers-display-component---AddNewHO--ObjectPageLayout-anchBar-application-managehandovers-display-component---AddNewHO--section4-anchor","interaction":{"idSuffix":"BDI-content"}},"wdio_ui5_key":"applicationmanagehandovers-display-component---AddNewHO--ObjectPageLayout-anchBar-application-managehandovers-display-component---AddNewHO--section4-anchor"}]}
RESULT: undefined
COMMAND: POST /session/ba2432913a596e5fc4fa14806f816f85/element - {"using":"xpath","value":"//*[@id=\"application-managehandovers-display-component---AddNewHO--ObjectPageLayout-anchBar-application-managehandovers-display-component---AddNewHO--section4-anchor\"]"}
RESULT: {"using":"xpath","value":"//*[@id=\"application-managehandovers-display-component---AddNewHO--ObjectPageLayout-anchBar-application-managehandovers-display-component---AddNewHO--section4-anchor\"]"}
COMMAND: POST /session/ba2432913a596e5fc4fa14806f816f85/element/f.FF9A1E5259EB1E6B709B859A36B64A29.d.3A8E875757434DF8C7CE990BB7CC7C0F.e.4042/click - {}
RESULT: {}
COMMAND: POST /session/ba2432913a596e5fc4fa14806f816f85/element - {"using":"xpath","value":"//button[@aria-label=\"Add\"]"}
COMMAND: GET /session/ba2432913a596e5fc4fa14806f816f85/screenshot - {}
RESULT: {"using":"xpath","value":"//button[@aria-label=\"Add\"]"}
COMMAND: POST /session/ba2432913a596e5fc4fa14806f816f85/element/f.FF9A1E5259EB1E6B709B859A36B64A29.d.3A8E875757434DF8C7CE990BB7CC7C0F.e.4046/click - {}
RESULT: {}
RESULT: {}
COMMAND: GET /session/ba2432913a596e5fc4fa14806f816f85/screenshot - {}
RESULT: {}
COMMAND: POST /session/ba2432913a596e5fc4fa14806f816f85/execute/async - {"script":"<script> [1562 bytes]","args":[{"selector":{"id":"application-managehandovers-display-component---AddNewHO--smartFilterBar-btnBasicSearch","searchOpenDialogs":true,"interaction":{"idSuffix":"I"}},"wdio_ui5_key":"applicationmanagehandovers-display-component---AddNewHO--smartFilterBar-btnBasicSearch"}]}
RESULT: {"script":"<script> [1562 bytes]","args":[{"selector":{"id":"application-managehandovers-display-component---AddNewHO--smartFilterBar-btnBasicSearch","searchOpenDialogs":true,"interaction":{"idSuffix":"I"}},"wdio_ui5_key":"applicationmanagehandovers-display-component---AddNewHO--smartFilterBar-btnBasicSearch"}]}
RESULT: undefined
COMMAND: POST /session/ba2432913a596e5fc4fa14806f816f85/execute/async - {"script":"<script> [776 bytes]","args":[{"enterText":"lXi5pAGiKi","selector":{"id":"application-managehandovers-display-component---AddNewHO--smartFilterBar-btnBasicSearch","searchOpenDialogs":true,"interaction":{"idSuffix":"I"}},"clearTextFirst":true,"interactionType":"ENTER_TEXT"}]}
RESULT: {"script":"<script> [776 bytes]","args":[{"enterText":"lXi5pAGiKi","selector":{"id":"application-managehandovers-display-component---AddNewHO--smartFilterBar-btnBasicSearch","searchOpenDialogs":true,"interaction":{"idSuffix":"I"}},"clearTextFirst":true,"interactionType":"ENTER_TEXT"}]}
COMMAND: POST /session/ba2432913a596e5fc4fa14806f816f85/actions - {"actions":[{"id":"action17","type":"key","parameters":{},"actions":[{"type":"keyDown","value":"î€‡"},{"type":"pause","duration":10},{"type":"keyUp","value":"î€‡"}]}]}
RESULT: {"actions":[{"id":"action17","type":"key","parameters":{},"actions":[{"type":"keyDown","value":"î€‡"},{"type":"pause","duration":10},{"type":"keyUp","value":"î€‡"}]}]}
COMMAND: GET /session/ba2432913a596e5fc4fa14806f816f85/screenshot - {}
RESULT: {}
COMMAND: POST /session/ba2432913a596e5fc4fa14806f816f85/execute/async - {"script":"<script> [1562 bytes]","args":[{"selector":{"id":"application-managehandovers-display-component---AddNewHO--popup-sa","searchOpenDialogs":true,"interaction":{"idSuffix":"CbBg"}},"wdio_ui5_key":"applicationmanagehandovers-display-component---AddNewHO--popup-sa"}]}
RESULT: {"script":"<script> [1562 bytes]","args":[{"selector":{"id":"application-managehandovers-display-component---AddNewHO--popup-sa","searchOpenDialogs":true,"interaction":{"idSuffix":"CbBg"}},"wdio_ui5_key":"applicationmanagehandovers-display-component---AddNewHO--popup-sa"}]}
RESULT: undefined
COMMAND: POST /session/ba2432913a596e5fc4fa14806f816f85/element - {"using":"xpath","value":"//*[@id=\"application-managehandovers-display-component---AddNewHO--popup-sa\"]"}
RESULT: {"using":"xpath","value":"//*[@id=\"application-managehandovers-display-component---AddNewHO--popup-sa\"]"}
COMMAND: POST /session/ba2432913a596e5fc4fa14806f816f85/element/f.FF9A1E5259EB1E6B709B859A36B64A29.d.3A8E875757434DF8C7CE990BB7CC7C0F.e.4198/click - {}
RESULT: {}
COMMAND: GET /session/ba2432913a596e5fc4fa14806f816f85/screenshot - {}
RESULT: {}
COMMAND: POST /session/ba2432913a596e5fc4fa14806f816f85/element - {"using":"xpath","value":"//bdi[contains(text(), \"Select\")]"}
RESULT: {"using":"xpath","value":"//bdi[contains(text(), \"Select\")]"}
COMMAND: POST /session/ba2432913a596e5fc4fa14806f816f85/element/f.FF9A1E5259EB1E6B709B859A36B64A29.d.3A8E875757434DF8C7CE990BB7CC7C0F.e.4199/click - {}
RESULT: {}
COMMAND: GET /session/ba2432913a596e5fc4fa14806f816f85/screenshot - {}
RESULT: {}
COMMAND: POST /session/ba2432913a596e5fc4fa14806f816f85/element - {"using":"xpath","value":"//button[@data-kt=\"AddNewHOSaveButton\"]"}
RESULT: {"using":"xpath","value":"//button[@data-kt=\"AddNewHOSaveButton\"]"}
COMMAND: POST /session/ba2432913a596e5fc4fa14806f816f85/element/f.FF9A1E5259EB1E6B709B859A36B64A29.d.3A8E875757434DF8C7CE990BB7CC7C0F.e.4203/click - {}
RESULT: {}
COMMAND: GET /session/ba2432913a596e5fc4fa14806f816f85/screenshot - {}
RESULT: {}
COMMAND: POST /session/ba2432913a596e5fc4fa14806f816f85/execute/async - {"script":"<script> [1562 bytes]","args":[{"selector":{"id":"receiptDatePicker","viewName":"etm.portal.ui.managehandovers.view.DetailExecuteHO","interaction":{"idSuffix":"inner"}},"wdio_ui5_key":"receiptDatePickeretmportal.ui.managehandovers.view.DetailExecuteHO"}]}
RESULT: {"script":"<script> [1562 bytes]","args":[{"selector":{"id":"receiptDatePicker","viewName":"etm.portal.ui.managehandovers.view.DetailExecuteHO","interaction":{"idSuffix":"inner"}},"wdio_ui5_key":"receiptDatePickeretmportal.ui.managehandovers.view.DetailExecuteHO"}]}
RESULT: undefined
COMMAND: POST /session/ba2432913a596e5fc4fa14806f816f85/execute/async - {"script":"<script> [6424 bytes]","args":[{"element-6066-11e4-a52e-4f735466cecf":"f.FF9A1E5259EB1E6B709B859A36B64A29.d.3A8E875757434DF8C7CE990BB7CC7C0F.e.4230"},"setValue",["05/03/2025"]]}
RESULT: {"script":"<script> [6424 bytes]","args":[{"element-6066-11e4-a52e-4f735466cecf":"f.FF9A1E5259EB1E6B709B859A36B64A29.d.3A8E875757434DF8C7CE990BB7CC7C0F.e.4230"},"setValue",["05/03/2025"]]}
COMMAND: POST /session/ba2432913a596e5fc4fa14806f816f85/element - {"using":"xpath","value":"//button[@data-kt=\"PickingTableConfirmAllButton\"]"}
RESULT: {"using":"xpath","value":"//button[@data-kt=\"PickingTableConfirmAllButton\"]"}
COMMAND: POST /session/ba2432913a596e5fc4fa14806f816f85/element/f.FF9A1E5259EB1E6B709B859A36B64A29.d.3A8E875757434DF8C7CE990BB7CC7C0F.e.4246/click - {}
RESULT: {}
COMMAND: GET /session/ba2432913a596e5fc4fa14806f816f85/screenshot - {}
RESULT: {}
COMMAND: POST /session/ba2432913a596e5fc4fa14806f816f85/element - {"using":"xpath","value":"//bdi[contains(text(), \"OK\")]"}
RESULT: {"using":"xpath","value":"//bdi[contains(text(), \"OK\")]"}
COMMAND: POST /session/ba2432913a596e5fc4fa14806f816f85/element/f.FF9A1E5259EB1E6B709B859A36B64A29.d.3A8E875757434DF8C7CE990BB7CC7C0F.e.4249/click - {}
RESULT: {}
COMMAND: GET /session/ba2432913a596e5fc4fa14806f816f85/screenshot - {}
RESULT: {}
COMMAND: POST /session/ba2432913a596e5fc4fa14806f816f85/element - {"using":"xpath","value":"(//bdi[contains(text(), \"Receive\")])[2]"}
RESULT: {"using":"xpath","value":"(//bdi[contains(text(), \"Receive\")])[2]"}
COMMAND: POST /session/ba2432913a596e5fc4fa14806f816f85/element/f.FF9A1E5259EB1E6B709B859A36B64A29.d.3A8E875757434DF8C7CE990BB7CC7C0F.e.4250/click - {}
RESULT: {}
COMMAND: GET /session/ba2432913a596e5fc4fa14806f816f85/screenshot - {}
RESULT: {}
COMMAND: POST /session/ba2432913a596e5fc4fa14806f816f85/element - {"using":"css selector","value":"#shell-header-logo"}
RESULT: {"using":"css selector","value":"#shell-header-logo"}
COMMAND: POST /session/ba2432913a596e5fc4fa14806f816f85/element/f.FF9A1E5259EB1E6B709B859A36B64A29.d.3A8E875757434DF8C7CE990BB7CC7C0F.e.3621/click - {}
RESULT: {}
COMMAND: GET /session/ba2432913a596e5fc4fa14806f816f85/screenshot - {}
RESULT: {}
]]></system-out>
    </testcase>
    <testcase classname="chrome.135_0_7049_96.windows.Billing_confirm_US117289" name="Should create a new contract" time="71.623">
      <system-out><![CDATA[
COMMAND: POST /session/ba2432913a596e5fc4fa14806f816f85/execute/async - {"script":"<script> [1562 bytes]","args":[{"selector":{"controlType":"sap.m.Text","viewName":"etm.portal.ui.managecontractstile.view.Master","properties":{"text":"Manage Contracts"},"interaction":{"idSuffix":"inner"}},"wdio_ui5_key":"etmportal.ui.managecontractstile.view.Mastersap.m.Text{\"text\":\"Manage Contracts\"}"}]}
RESULT: {"script":"<script> [1562 bytes]","args":[{"selector":{"controlType":"sap.m.Text","viewName":"etm.portal.ui.managecontractstile.view.Master","properties":{"text":"Manage Contracts"},"interaction":{"idSuffix":"inner"}},"wdio_ui5_key":"etmportal.ui.managecontractstile.view.Mastersap.m.Text{\"text\":\"Manage Contracts\"}"}]}
RESULT: undefined
COMMAND: POST /session/ba2432913a596e5fc4fa14806f816f85/element - {"using":"xpath","value":"//*[@id=\"__tile130-title\"]"}
RESULT: {"using":"xpath","value":"//*[@id=\"__tile130-title\"]"}
COMMAND: POST /session/ba2432913a596e5fc4fa14806f816f85/element/f.FF9A1E5259EB1E6B709B859A36B64A29.d.3A8E875757434DF8C7CE990BB7CC7C0F.e.4424/click - {}
RESULT: {}
COMMAND: GET /session/ba2432913a596e5fc4fa14806f816f85/screenshot - {}
RESULT: {}
COMMAND: POST /session/ba2432913a596e5fc4fa14806f816f85/element - {"using":"xpath","value":"//button[@data-kt=\"addButton\"]"}
RESULT: {"using":"xpath","value":"//button[@data-kt=\"addButton\"]"}
COMMAND: POST /session/ba2432913a596e5fc4fa14806f816f85/elements - {"using":"xpath","value":"//button[@data-kt=\"addButton\"]"}
RESULT: {"using":"xpath","value":"//button[@data-kt=\"addButton\"]"}
COMMAND: POST /session/ba2432913a596e5fc4fa14806f816f85/execute/sync - {"script":"<script> [8489 bytes]","args":[{"element-6066-11e4-a52e-4f735466cecf":"f.FF9A1E5259EB1E6B709B859A36B64A29.d.3A8E875757434DF8C7CE990BB7CC7C0F.e.4496","ELEMENT":"f.FF9A1E5259EB1E6B709B859A36B64A29.d.3A8E875757434DF8C7CE990BB7CC7C0F.e.4496"}]}
RESULT: {"script":"<script> [8489 bytes]","args":[{"element-6066-11e4-a52e-4f735466cecf":"f.FF9A1E5259EB1E6B709B859A36B64A29.d.3A8E875757434DF8C7CE990BB7CC7C0F.e.4496","ELEMENT":"f.FF9A1E5259EB1E6B709B859A36B64A29.d.3A8E875757434DF8C7CE990BB7CC7C0F.e.4496"}]}
COMMAND: GET /session/ba2432913a596e5fc4fa14806f816f85/element/f.FF9A1E5259EB1E6B709B859A36B64A29.d.3A8E875757434DF8C7CE990BB7CC7C0F.e.4496/enabled - {}
RESULT: {}
COMMAND: POST /session/ba2432913a596e5fc4fa14806f816f85/execute/sync - {"script":"<script> [8489 bytes]","args":[{"element-6066-11e4-a52e-4f735466cecf":"f.FF9A1E5259EB1E6B709B859A36B64A29.d.3A8E875757434DF8C7CE990BB7CC7C0F.e.4496","ELEMENT":"f.FF9A1E5259EB1E6B709B859A36B64A29.d.3A8E875757434DF8C7CE990BB7CC7C0F.e.4496"}]}
RESULT: {"script":"<script> [8489 bytes]","args":[{"element-6066-11e4-a52e-4f735466cecf":"f.FF9A1E5259EB1E6B709B859A36B64A29.d.3A8E875757434DF8C7CE990BB7CC7C0F.e.4496","ELEMENT":"f.FF9A1E5259EB1E6B709B859A36B64A29.d.3A8E875757434DF8C7CE990BB7CC7C0F.e.4496"}]}
COMMAND: POST /session/ba2432913a596e5fc4fa14806f816f85/execute/sync - {"script":"<script> [5351 bytes]","args":[{"element-6066-11e4-a52e-4f735466cecf":"f.FF9A1E5259EB1E6B709B859A36B64A29.d.3A8E875757434DF8C7CE990BB7CC7C0F.e.4496","ELEMENT":"f.FF9A1E5259EB1E6B709B859A36B64A29.d.3A8E875757434DF8C7CE990BB7CC7C0F.e.4496"}]}
RESULT: {"script":"<script> [5351 bytes]","args":[{"element-6066-11e4-a52e-4f735466cecf":"f.FF9A1E5259EB1E6B709B859A36B64A29.d.3A8E875757434DF8C7CE990BB7CC7C0F.e.4496","ELEMENT":"f.FF9A1E5259EB1E6B709B859A36B64A29.d.3A8E875757434DF8C7CE990BB7CC7C0F.e.4496"}]}
COMMAND: GET /session/ba2432913a596e5fc4fa14806f816f85/screenshot - {}
COMMAND: GET /session/ba2432913a596e5fc4fa14806f816f85/screenshot - {}
COMMAND: GET /session/ba2432913a596e5fc4fa14806f816f85/screenshot - {}
COMMAND: GET /session/ba2432913a596e5fc4fa14806f816f85/screenshot - {}
RESULT: {}
RESULT: {}
RESULT: {}
RESULT: {}
COMMAND: POST /session/ba2432913a596e5fc4fa14806f816f85/element/f.FF9A1E5259EB1E6B709B859A36B64A29.d.3A8E875757434DF8C7CE990BB7CC7C0F.e.4496/click - {}
RESULT: {}
COMMAND: GET /session/ba2432913a596e5fc4fa14806f816f85/screenshot - {}
COMMAND: POST /session/ba2432913a596e5fc4fa14806f816f85/execute/async - {"script":"<script> [1562 bytes]","args":[{"selector":{"id":"application-managecontracts-display-component---AddNewContract--projectDescription","interaction":{"idSuffix":"inner"}},"wdio_ui5_key":"applicationmanagecontracts-display-component---AddNewContract--projectDescription"}]}
RESULT: {}
RESULT: {"script":"<script> [1562 bytes]","args":[{"selector":{"id":"application-managecontracts-display-component---AddNewContract--projectDescription","interaction":{"idSuffix":"inner"}},"wdio_ui5_key":"applicationmanagecontracts-display-component---AddNewContract--projectDescription"}]}
RESULT: undefined
COMMAND: POST /session/ba2432913a596e5fc4fa14806f816f85/execute/async - {"script":"<script> [776 bytes]","args":[{"enterText":"Contract WDIO","selector":{"id":"application-managecontracts-display-component---AddNewContract--projectDescription","interaction":{"idSuffix":"inner"}},"clearTextFirst":true,"interactionType":"ENTER_TEXT"}]}
RESULT: {"script":"<script> [776 bytes]","args":[{"enterText":"Contract WDIO","selector":{"id":"application-managecontracts-display-component---AddNewContract--projectDescription","interaction":{"idSuffix":"inner"}},"clearTextFirst":true,"interactionType":"ENTER_TEXT"}]}
COMMAND: POST /session/ba2432913a596e5fc4fa14806f816f85/element - {"using":"xpath","value":"//input[@id=\"application-managecontracts-display-component---AddNewContract--site-inner\"]"}
RESULT: {"using":"xpath","value":"//input[@id=\"application-managecontracts-display-component---AddNewContract--site-inner\"]"}
COMMAND: POST /session/ba2432913a596e5fc4fa14806f816f85/element/f.FF9A1E5259EB1E6B709B859A36B64A29.d.3A8E875757434DF8C7CE990BB7CC7C0F.e.4797/clear - {}
RESULT: {}
COMMAND: POST /session/ba2432913a596e5fc4fa14806f816f85/element/f.FF9A1E5259EB1E6B709B859A36B64A29.d.3A8E875757434DF8C7CE990BB7CC7C0F.e.4797/value - {"text":"2362"}
COMMAND: GET /session/ba2432913a596e5fc4fa14806f816f85/screenshot - {}
RESULT: {"text":"2362"}
COMMAND: GET /session/ba2432913a596e5fc4fa14806f816f85/screenshot - {}
RESULT: {}
RESULT: {}
COMMAND: POST /session/ba2432913a596e5fc4fa14806f816f85/element - {"using":"xpath","value":"//li[.//span[text()='2362']]"}
RESULT: {"using":"xpath","value":"//li[.//span[text()='2362']]"}
COMMAND: POST /session/ba2432913a596e5fc4fa14806f816f85/element/f.FF9A1E5259EB1E6B709B859A36B64A29.d.3A8E875757434DF8C7CE990BB7CC7C0F.e.4819/click - {}
RESULT: {}
COMMAND: GET /session/ba2432913a596e5fc4fa14806f816f85/screenshot - {}
RESULT: {}
COMMAND: POST /session/ba2432913a596e5fc4fa14806f816f85/element - {"using":"xpath","value":"//input[@id=\"application-managecontracts-display-component---AddNewContract--yardId-inner\"]"}
RESULT: {"using":"xpath","value":"//input[@id=\"application-managecontracts-display-component---AddNewContract--yardId-inner\"]"}
COMMAND: GET /session/ba2432913a596e5fc4fa14806f816f85/element/f.FF9A1E5259EB1E6B709B859A36B64A29.d.3A8E875757434DF8C7CE990BB7CC7C0F.e.4798/property/value - {}
RESULT: {}
COMMAND: POST /session/ba2432913a596e5fc4fa14806f816f85/element - {"using":"xpath","value":"//input[@id=\"application-managecontracts-display-component---AddNewContract--customerSelect-inner\"]"}
COMMAND: GET /session/ba2432913a596e5fc4fa14806f816f85/screenshot - {}
RESULT: {"using":"xpath","value":"//input[@id=\"application-managecontracts-display-component---AddNewContract--customerSelect-inner\"]"}
COMMAND: POST /session/ba2432913a596e5fc4fa14806f816f85/element/f.FF9A1E5259EB1E6B709B859A36B64A29.d.3A8E875757434DF8C7CE990BB7CC7C0F.e.4796/clear - {}
RESULT: {}
RESULT: {}
COMMAND: POST /session/ba2432913a596e5fc4fa14806f816f85/element/f.FF9A1E5259EB1E6B709B859A36B64A29.d.3A8E875757434DF8C7CE990BB7CC7C0F.e.4796/value - {"text":"1402"}
COMMAND: GET /session/ba2432913a596e5fc4fa14806f816f85/screenshot - {}
RESULT: {"text":"1402"}
COMMAND: GET /session/ba2432913a596e5fc4fa14806f816f85/screenshot - {}
RESULT: {}
RESULT: {}
COMMAND: POST /session/ba2432913a596e5fc4fa14806f816f85/element - {"using":"xpath","value":"//li[.//span[text()='1402']]"}
RESULT: {"using":"xpath","value":"//li[.//span[text()='1402']]"}
COMMAND: POST /session/ba2432913a596e5fc4fa14806f816f85/element/f.FF9A1E5259EB1E6B709B859A36B64A29.d.3A8E875757434DF8C7CE990BB7CC7C0F.e.4822/click - {}
RESULT: {}
COMMAND: GET /session/ba2432913a596e5fc4fa14806f816f85/screenshot - {}
RESULT: {}
COMMAND: POST /session/ba2432913a596e5fc4fa14806f816f85/element - {"using":"xpath","value":"//button[@data-kt=\"saveButton\"]"}
RESULT: {"using":"xpath","value":"//button[@data-kt=\"saveButton\"]"}
COMMAND: POST /session/ba2432913a596e5fc4fa14806f816f85/element/f.FF9A1E5259EB1E6B709B859A36B64A29.d.3A8E875757434DF8C7CE990BB7CC7C0F.e.4812/click - {}
RESULT: {}
COMMAND: GET /session/ba2432913a596e5fc4fa14806f816f85/screenshot - {}
RESULT: {}
COMMAND: POST /session/ba2432913a596e5fc4fa14806f816f85/element - {"using":"xpath","value":"//span[contains(@id ,\"contractDetailTitleNoExpanded\")]"}
RESULT: {"using":"xpath","value":"//span[contains(@id ,\"contractDetailTitleNoExpanded\")]"}
COMMAND: POST /session/ba2432913a596e5fc4fa14806f816f85/elements - {"using":"xpath","value":"//span[contains(@id ,\"contractDetailTitleNoExpanded\")]"}
RESULT: {"using":"xpath","value":"//span[contains(@id ,\"contractDetailTitleNoExpanded\")]"}
COMMAND: POST /session/ba2432913a596e5fc4fa14806f816f85/execute/sync - {"script":"<script> [56 bytes]","args":[{"element-6066-11e4-a52e-4f735466cecf":"f.FF9A1E5259EB1E6B709B859A36B64A29.d.3A8E875757434DF8C7CE990BB7CC7C0F.e.4836","ELEMENT":"f.FF9A1E5259EB1E6B709B859A36B64A29.d.3A8E875757434DF8C7CE990BB7CC7C0F.e.4836"}]}
RESULT: {"script":"<script> [56 bytes]","args":[{"element-6066-11e4-a52e-4f735466cecf":"f.FF9A1E5259EB1E6B709B859A36B64A29.d.3A8E875757434DF8C7CE990BB7CC7C0F.e.4836","ELEMENT":"f.FF9A1E5259EB1E6B709B859A36B64A29.d.3A8E875757434DF8C7CE990BB7CC7C0F.e.4836"}]}
COMMAND: GET /session/ba2432913a596e5fc4fa14806f816f85/screenshot - {}
RESULT: {}
]]></system-out>
    </testcase>
    <testcase classname="chrome.135_0_7049_96.windows.Billing_confirm_US117289" name="Should add created equipment to contract" time="51.1">
      <system-out><![CDATA[
COMMAND: POST /session/ba2432913a596e5fc4fa14806f816f85/element - {"using":"xpath","value":"//button[@data-kt=\"contractDetailEditBtnButton\"]"}
RESULT: {"using":"xpath","value":"//button[@data-kt=\"contractDetailEditBtnButton\"]"}
COMMAND: POST /session/ba2432913a596e5fc4fa14806f816f85/element/f.FF9A1E5259EB1E6B709B859A36B64A29.d.3A8E875757434DF8C7CE990BB7CC7C0F.e.4838/click - {}
RESULT: {}
COMMAND: GET /session/ba2432913a596e5fc4fa14806f816f85/screenshot - {}
RESULT: {}
COMMAND: POST /session/ba2432913a596e5fc4fa14806f816f85/element - {"using":"xpath","value":"(//span[contains(text(), \"Additional Addresses\")])[2]"}
RESULT: {"using":"xpath","value":"(//span[contains(text(), \"Additional Addresses\")])[2]"}
COMMAND: POST /session/ba2432913a596e5fc4fa14806f816f85/element/f.FF9A1E5259EB1E6B709B859A36B64A29.d.3A8E875757434DF8C7CE990BB7CC7C0F.e.4893/click - {}
RESULT: {}
COMMAND: GET /session/ba2432913a596e5fc4fa14806f816f85/screenshot - {}
RESULT: {}
COMMAND: POST /session/ba2432913a596e5fc4fa14806f816f85/element - {"using":"xpath","value":"//button[@data-kt=\"btnAddTableRowOverflowToolbarButton\"]"}
RESULT: {"using":"xpath","value":"//button[@data-kt=\"btnAddTableRowOverflowToolbarButton\"]"}
COMMAND: POST /session/ba2432913a596e5fc4fa14806f816f85/element/f.FF9A1E5259EB1E6B709B859A36B64A29.d.3A8E875757434DF8C7CE990BB7CC7C0F.e.4897/click - {}
RESULT: {}
COMMAND: GET /session/ba2432913a596e5fc4fa14806f816f85/screenshot - {}
RESULT: {}
COMMAND: POST /session/ba2432913a596e5fc4fa14806f816f85/element - {"using":"xpath","value":"//div[(text() = 'Standard Entry' or . = 'Standard Entry')]"}
RESULT: {"using":"xpath","value":"//div[(text() = 'Standard Entry' or . = 'Standard Entry')]"}
COMMAND: POST /session/ba2432913a596e5fc4fa14806f816f85/element/f.FF9A1E5259EB1E6B709B859A36B64A29.d.3A8E875757434DF8C7CE990BB7CC7C0F.e.4899/click - {}
RESULT: {}
COMMAND: GET /session/ba2432913a596e5fc4fa14806f816f85/screenshot - {}
RESULT: {}
COMMAND: POST /session/ba2432913a596e5fc4fa14806f816f85/element - {"using":"xpath","value":"//td[7]/div/div/input"}
RESULT: {"using":"xpath","value":"//td[7]/div/div/input"}
COMMAND: POST /session/ba2432913a596e5fc4fa14806f816f85/element/f.FF9A1E5259EB1E6B709B859A36B64A29.d.3A8E875757434DF8C7CE990BB7CC7C0F.e.4908/clear - {}
RESULT: {}
COMMAND: POST /session/ba2432913a596e5fc4fa14806f816f85/element/f.FF9A1E5259EB1E6B709B859A36B64A29.d.3A8E875757434DF8C7CE990BB7CC7C0F.e.4908/value - {"text":"lXi5pAGiKi"}
COMMAND: GET /session/ba2432913a596e5fc4fa14806f816f85/screenshot - {}
RESULT: {"text":"lXi5pAGiKi"}
COMMAND: GET /session/ba2432913a596e5fc4fa14806f816f85/screenshot - {}
RESULT: {}
RESULT: {}
COMMAND: POST /session/ba2432913a596e5fc4fa14806f816f85/actions - {"actions":[{"id":"action18","type":"key","parameters":{},"actions":[{"type":"keyDown","value":"î€‡"},{"type":"pause","duration":10},{"type":"keyUp","value":"î€‡"}]}]}
RESULT: {"actions":[{"id":"action18","type":"key","parameters":{},"actions":[{"type":"keyDown","value":"î€‡"},{"type":"pause","duration":10},{"type":"keyUp","value":"î€‡"}]}]}
COMMAND: GET /session/ba2432913a596e5fc4fa14806f816f85/screenshot - {}
COMMAND: POST /session/ba2432913a596e5fc4fa14806f816f85/execute/sync - {"script":"<script> [276 bytes]","args":["No pricing information was found"]}
RESULT: {}
RESULT: {"script":"<script> [276 bytes]","args":["No pricing information was found"]}
COMMAND: POST /session/ba2432913a596e5fc4fa14806f816f85/element - {"using":"xpath","value":"(//button[@data-kt=\"saveButton\"])[2]"}
COMMAND: GET /session/ba2432913a596e5fc4fa14806f816f85/screenshot - {}
RESULT: {"using":"xpath","value":"(//button[@data-kt=\"saveButton\"])[2]"}
COMMAND: POST /session/ba2432913a596e5fc4fa14806f816f85/element/f.FF9A1E5259EB1E6B709B859A36B64A29.d.3A8E875757434DF8C7CE990BB7CC7C0F.e.4923/click - {}
RESULT: {}
RESULT: {}
COMMAND: GET /session/ba2432913a596e5fc4fa14806f816f85/screenshot - {}
RESULT: {}
COMMAND: POST /session/ba2432913a596e5fc4fa14806f816f85/execute/sync - {"script":"<script> [276 bytes]","args":["Some contract items are having rental validity exceeding header rental validity"]}
RESULT: {"script":"<script> [276 bytes]","args":["Some contract items are having rental validity exceeding header rental validity"]}
COMMAND: GET /session/ba2432913a596e5fc4fa14806f816f85/screenshot - {}
RESULT: {}
COMMAND: POST /session/ba2432913a596e5fc4fa14806f816f85/element - {"using":"xpath","value":"//span[contains(@id ,\"contractItemsSmartTable-header-inner\")]"}
RESULT: {"using":"xpath","value":"//span[contains(@id ,\"contractItemsSmartTable-header-inner\")]"}
COMMAND: POST /session/ba2432913a596e5fc4fa14806f816f85/elements - {"using":"xpath","value":"//span[contains(@id ,\"contractItemsSmartTable-header-inner\")]"}
RESULT: {"using":"xpath","value":"//span[contains(@id ,\"contractItemsSmartTable-header-inner\")]"}
COMMAND: POST /session/ba2432913a596e5fc4fa14806f816f85/execute/sync - {"script":"<script> [56 bytes]","args":[{"element-6066-11e4-a52e-4f735466cecf":"f.FF9A1E5259EB1E6B709B859A36B64A29.d.3A8E875757434DF8C7CE990BB7CC7C0F.e.4930","ELEMENT":"f.FF9A1E5259EB1E6B709B859A36B64A29.d.3A8E875757434DF8C7CE990BB7CC7C0F.e.4930"}]}
RESULT: {"script":"<script> [56 bytes]","args":[{"element-6066-11e4-a52e-4f735466cecf":"f.FF9A1E5259EB1E6B709B859A36B64A29.d.3A8E875757434DF8C7CE990BB7CC7C0F.e.4930","ELEMENT":"f.FF9A1E5259EB1E6B709B859A36B64A29.d.3A8E875757434DF8C7CE990BB7CC7C0F.e.4930"}]}
]]></system-out>
    </testcase>
    <testcase classname="chrome.135_0_7049_96.windows.Billing_confirm_US117289" name="Should do a provide to site handover" time="73.389">
      <system-out><![CDATA[
COMMAND: POST /session/ba2432913a596e5fc4fa14806f816f85/element - {"using":"xpath","value":"//button[@data-kt=\"provideButton\"]"}
COMMAND: GET /session/ba2432913a596e5fc4fa14806f816f85/screenshot - {}
RESULT: {"using":"xpath","value":"//button[@data-kt=\"provideButton\"]"}
COMMAND: POST /session/ba2432913a596e5fc4fa14806f816f85/element/f.FF9A1E5259EB1E6B709B859A36B64A29.d.3A8E875757434DF8C7CE990BB7CC7C0F.e.4931/click - {}
RESULT: {}
RESULT: {}
COMMAND: GET /session/ba2432913a596e5fc4fa14806f816f85/screenshot - {}
RESULT: {}
RESULT: undefined
COMMAND: POST /session/ba2432913a596e5fc4fa14806f816f85/execute/async - {"script":"<script> [6424 bytes]","args":[{"element-6066-11e4-a52e-4f735466cecf":"f.FF9A1E5259EB1E6B709B859A36B64A29.d.3A8E875757434DF8C7CE990BB7CC7C0F.e.4018"},"setValue",["05/03/2025"]]}
COMMAND: POST /session/ba2432913a596e5fc4fa14806f816f85/execute/async - {"script":"<script> [1562 bytes]","args":[{"selector":{"id":"application-managehandovers-display-component---AddNewHO--dueDate","interaction":{"idSuffix":"inner"}},"wdio_ui5_key":"applicationmanagehandovers-display-component---AddNewHO--dueDate"}]}
RESULT: {"script":"<script> [1562 bytes]","args":[{"selector":{"id":"application-managehandovers-display-component---AddNewHO--dueDate","interaction":{"idSuffix":"inner"}},"wdio_ui5_key":"applicationmanagehandovers-display-component---AddNewHO--dueDate"}]}
COMMAND: POST /session/ba2432913a596e5fc4fa14806f816f85/execute/async - {"script":"<script> [6424 bytes]","args":[{"element-6066-11e4-a52e-4f735466cecf":"f.FF9A1E5259EB1E6B709B859A36B64A29.d.3A8E875757434DF8C7CE990BB7CC7C0F.e.5005"},"setValue",["05/03/2025"]]}
RESULT: {"script":"<script> [6424 bytes]","args":[{"element-6066-11e4-a52e-4f735466cecf":"f.FF9A1E5259EB1E6B709B859A36B64A29.d.3A8E875757434DF8C7CE990BB7CC7C0F.e.5005"},"setValue",["05/03/2025"]]}
COMMAND: POST /session/ba2432913a596e5fc4fa14806f816f85/element - {"using":"xpath","value":"//bdi[contains(text(), \"Instructions\")]"}
RESULT: {"using":"xpath","value":"//bdi[contains(text(), \"Instructions\")]"}
COMMAND: POST /session/ba2432913a596e5fc4fa14806f816f85/element/f.FF9A1E5259EB1E6B709B859A36B64A29.d.3A8E875757434DF8C7CE990BB7CC7C0F.e.5252/click - {}
RESULT: {}
COMMAND: GET /session/ba2432913a596e5fc4fa14806f816f85/screenshot - {}
RESULT: {}
COMMAND: POST /session/ba2432913a596e5fc4fa14806f816f85/element - {"using":"xpath","value":"//button[@data-kt=\"AddNewHOProvideAddItemsButton\"]"}
RESULT: {"using":"xpath","value":"//button[@data-kt=\"AddNewHOProvideAddItemsButton\"]"}
COMMAND: POST /session/ba2432913a596e5fc4fa14806f816f85/element/f.FF9A1E5259EB1E6B709B859A36B64A29.d.3A8E875757434DF8C7CE990BB7CC7C0F.e.5256/click - {}
RESULT: {}
COMMAND: GET /session/ba2432913a596e5fc4fa14806f816f85/screenshot - {}
RESULT: {}
RESULT: undefined
COMMAND: POST /session/ba2432913a596e5fc4fa14806f816f85/element - {"using":"xpath","value":"//*[@id=\"application-managehandovers-display-component---AddNewHO--popup-sa\"]"}
RESULT: {"using":"xpath","value":"//*[@id=\"application-managehandovers-display-component---AddNewHO--popup-sa\"]"}
COMMAND: POST /session/ba2432913a596e5fc4fa14806f816f85/element/f.FF9A1E5259EB1E6B709B859A36B64A29.d.3A8E875757434DF8C7CE990BB7CC7C0F.e.5272/click - {}
RESULT: {}
COMMAND: GET /session/ba2432913a596e5fc4fa14806f816f85/screenshot - {}
RESULT: {}
COMMAND: POST /session/ba2432913a596e5fc4fa14806f816f85/element - {"using":"xpath","value":"//*[contains(@id ,\"BDI-content\")][contains(text(), \"Select\")]"}
RESULT: {"using":"xpath","value":"//*[contains(@id ,\"BDI-content\")][contains(text(), \"Select\")]"}
COMMAND: POST /session/ba2432913a596e5fc4fa14806f816f85/element/f.FF9A1E5259EB1E6B709B859A36B64A29.d.3A8E875757434DF8C7CE990BB7CC7C0F.e.5273/click - {}
RESULT: {}
COMMAND: GET /session/ba2432913a596e5fc4fa14806f816f85/screenshot - {}
RESULT: {}
COMMAND: POST /session/ba2432913a596e5fc4fa14806f816f85/execute/async - {"script":"<script> [1562 bytes]","args":[{"selector":{"id":"application-managehandovers-display-component---AddNewHO--confirmCreationButton","interaction":{"idSuffix":"BDI-content"}},"wdio_ui5_key":"applicationmanagehandovers-display-component---AddNewHO--confirmCreationButton"}]}
RESULT: {"script":"<script> [1562 bytes]","args":[{"selector":{"id":"application-managehandovers-display-component---AddNewHO--confirmCreationButton","interaction":{"idSuffix":"BDI-content"}},"wdio_ui5_key":"applicationmanagehandovers-display-component---AddNewHO--confirmCreationButton"}]}
RESULT: undefined
COMMAND: POST /session/ba2432913a596e5fc4fa14806f816f85/element - {"using":"xpath","value":"//*[@id=\"application-managehandovers-display-component---AddNewHO--confirmCreationButton\"]"}
RESULT: {"using":"xpath","value":"//*[@id=\"application-managehandovers-display-component---AddNewHO--confirmCreationButton\"]"}
COMMAND: POST /session/ba2432913a596e5fc4fa14806f816f85/element/f.FF9A1E5259EB1E6B709B859A36B64A29.d.3A8E875757434DF8C7CE990BB7CC7C0F.e.5056/click - {}
RESULT: {}
COMMAND: GET /session/ba2432913a596e5fc4fa14806f816f85/screenshot - {}
RESULT: {}
COMMAND: POST /session/ba2432913a596e5fc4fa14806f816f85/element - {"using":"xpath","value":"//button[@data-kt=\"PickingTableConfirmAllButton\"]"}
RESULT: {"using":"xpath","value":"//button[@data-kt=\"PickingTableConfirmAllButton\"]"}
COMMAND: POST /session/ba2432913a596e5fc4fa14806f816f85/elements - {"using":"xpath","value":"//button[@data-kt=\"PickingTableConfirmAllButton\"]"}
RESULT: {"using":"xpath","value":"//button[@data-kt=\"PickingTableConfirmAllButton\"]"}
COMMAND: POST /session/ba2432913a596e5fc4fa14806f816f85/elements - {"using":"xpath","value":"//button[@data-kt=\"PickingTableConfirmAllButton\"]"}
RESULT: {"using":"xpath","value":"//button[@data-kt=\"PickingTableConfirmAllButton\"]"}
COMMAND: POST /session/ba2432913a596e5fc4fa14806f816f85/element - {"using":"xpath","value":"//button[@data-kt=\"PickingTableConfirmAllButton\"]"}
RESULT: {"using":"xpath","value":"//button[@data-kt=\"PickingTableConfirmAllButton\"]"}
COMMAND: POST /session/ba2432913a596e5fc4fa14806f816f85/element/f.FF9A1E5259EB1E6B709B859A36B64A29.d.3A8E875757434DF8C7CE990BB7CC7C0F.e.5310/click - {}
COMMAND: POST /session/ba2432913a596e5fc4fa14806f816f85/element - {"using":"xpath","value":"//button[@data-kt=\"PickingTableConfirmAllButton\"]"}
RESULT: {"using":"xpath","value":"//button[@data-kt=\"PickingTableConfirmAllButton\"]"}
COMMAND: POST /session/ba2432913a596e5fc4fa14806f816f85/element/f.FF9A1E5259EB1E6B709B859A36B64A29.d.3A8E875757434DF8C7CE990BB7CC7C0F.e.5310/click - {}
COMMAND: POST /session/ba2432913a596e5fc4fa14806f816f85/element - {"using":"xpath","value":"//button[@data-kt=\"PickingTableConfirmAllButton\"]"}
RESULT: {"using":"xpath","value":"//button[@data-kt=\"PickingTableConfirmAllButton\"]"}
COMMAND: POST /session/ba2432913a596e5fc4fa14806f816f85/element/f.FF9A1E5259EB1E6B709B859A36B64A29.d.3A8E875757434DF8C7CE990BB7CC7C0F.e.5334/click - {}
RESULT: {}
COMMAND: GET /session/ba2432913a596e5fc4fa14806f816f85/screenshot - {}
RESULT: {}
COMMAND: POST /session/ba2432913a596e5fc4fa14806f816f85/element - {"using":"xpath","value":"//bdi[contains(text(), \"OK\")]"}
RESULT: {"using":"xpath","value":"//bdi[contains(text(), \"OK\")]"}
COMMAND: POST /session/ba2432913a596e5fc4fa14806f816f85/element/f.FF9A1E5259EB1E6B709B859A36B64A29.d.3A8E875757434DF8C7CE990BB7CC7C0F.e.5336/click - {}
RESULT: {}
COMMAND: GET /session/ba2432913a596e5fc4fa14806f816f85/screenshot - {}
RESULT: {}
COMMAND: POST /session/ba2432913a596e5fc4fa14806f816f85/element - {"using":"xpath","value":"//bdi[contains(text(), \"Issue\")]"}
RESULT: {"using":"xpath","value":"//bdi[contains(text(), \"Issue\")]"}
COMMAND: POST /session/ba2432913a596e5fc4fa14806f816f85/element/f.FF9A1E5259EB1E6B709B859A36B64A29.d.3A8E875757434DF8C7CE990BB7CC7C0F.e.5338/click - {}
RESULT: {}
COMMAND: GET /session/ba2432913a596e5fc4fa14806f816f85/screenshot - {}
RESULT: {}
COMMAND: POST /session/ba2432913a596e5fc4fa14806f816f85/element - {"using":"css selector","value":"#shell-header-logo"}
RESULT: {"using":"css selector","value":"#shell-header-logo"}
COMMAND: POST /session/ba2432913a596e5fc4fa14806f816f85/element/f.FF9A1E5259EB1E6B709B859A36B64A29.d.3A8E875757434DF8C7CE990BB7CC7C0F.e.4428/click - {}
RESULT: {}
COMMAND: GET /session/ba2432913a596e5fc4fa14806f816f85/screenshot - {}
RESULT: {}
]]></system-out>
    </testcase>
    <testcase classname="chrome.135_0_7049_96.windows.Billing_confirm_US117289" name="Should trigger calculation" time="86.602">
      <system-out><![CDATA[
COMMAND: POST /session/ba2432913a596e5fc4fa14806f816f85/execute/async - {"script":"<script> [1562 bytes]","args":[{"selector":{"controlType":"sap.m.GenericTile","properties":{"header":"Manage Billings"}},"wdio_ui5_key":"sapm.GenericTile{\"header\":\"Manage Billings\"}"}]}
RESULT: {"script":"<script> [1562 bytes]","args":[{"selector":{"controlType":"sap.m.GenericTile","properties":{"header":"Manage Billings"}},"wdio_ui5_key":"sapm.GenericTile{\"header\":\"Manage Billings\"}"}]}
RESULT: undefined
COMMAND: POST /session/ba2432913a596e5fc4fa14806f816f85/element - {"using":"xpath","value":"//*[@id=\"__tile51\"]"}
RESULT: {"using":"xpath","value":"//*[@id=\"__tile51\"]"}
COMMAND: POST /session/ba2432913a596e5fc4fa14806f816f85/element/f.FF9A1E5259EB1E6B709B859A36B64A29.d.3A8E875757434DF8C7CE990BB7CC7C0F.e.188/click - {}
RESULT: {}
COMMAND: GET /session/ba2432913a596e5fc4fa14806f816f85/screenshot - {}
RESULT: {}
COMMAND: POST /session/ba2432913a596e5fc4fa14806f816f85/execute/async - {"script":"<script> [1562 bytes]","args":[{"selector":{"id":"application-managebillings-display-component---billRunCalcResult--smartFilterBar-btnBasicSearch","interaction":{"idSuffix":"I"}},"wdio_ui5_key":"applicationmanagebillings-display-component---billRunCalcResult--smartFilterBar-btnBasicSearch"}]}
RESULT: {"script":"<script> [1562 bytes]","args":[{"selector":{"id":"application-managebillings-display-component---billRunCalcResult--smartFilterBar-btnBasicSearch","interaction":{"idSuffix":"I"}},"wdio_ui5_key":"applicationmanagebillings-display-component---billRunCalcResult--smartFilterBar-btnBasicSearch"}]}
RESULT: undefined
COMMAND: POST /session/ba2432913a596e5fc4fa14806f816f85/execute/async - {"script":"<script> [776 bytes]","args":[{"enterText":"10483","selector":{"id":"application-managebillings-display-component---billRunCalcResult--smartFilterBar-btnBasicSearch","interaction":{"idSuffix":"I"}},"clearTextFirst":true,"interactionType":"ENTER_TEXT"}]}
RESULT: {"script":"<script> [776 bytes]","args":[{"enterText":"10483","selector":{"id":"application-managebillings-display-component---billRunCalcResult--smartFilterBar-btnBasicSearch","interaction":{"idSuffix":"I"}},"clearTextFirst":true,"interactionType":"ENTER_TEXT"}]}
COMMAND: POST /session/ba2432913a596e5fc4fa14806f816f85/actions - {"actions":[{"id":"action19","type":"key","parameters":{},"actions":[{"type":"keyDown","value":"î€‡"},{"type":"pause","duration":10},{"type":"keyUp","value":"î€‡"}]}]}
RESULT: {"actions":[{"id":"action19","type":"key","parameters":{},"actions":[{"type":"keyDown","value":"î€‡"},{"type":"pause","duration":10},{"type":"keyUp","value":"î€‡"}]}]}
COMMAND: GET /session/ba2432913a596e5fc4fa14806f816f85/screenshot - {}
RESULT: {}
COMMAND: POST /session/ba2432913a596e5fc4fa14806f816f85/element - {"using":"xpath","value":"//td[@aria-colindex=\"1\"]/div/div[contains(@class, \"sapMCbBg\")]"}
RESULT: {"using":"xpath","value":"//td[@aria-colindex=\"1\"]/div/div[contains(@class, \"sapMCbBg\")]"}
COMMAND: POST /session/ba2432913a596e5fc4fa14806f816f85/element/f.FF9A1E5259EB1E6B709B859A36B64A29.d.3A8E875757434DF8C7CE990BB7CC7C0F.e.5729/click - {}
RESULT: {}
COMMAND: GET /session/ba2432913a596e5fc4fa14806f816f85/screenshot - {}
RESULT: {}
COMMAND: POST /session/ba2432913a596e5fc4fa14806f816f85/execute/async - {"script":"<script> [1562 bytes]","args":[{"selector":{"id":"application-managebillings-display-component---billRunCalcResult--contractBillRunDate","interaction":{"idSuffix":"inner"}},"wdio_ui5_key":"applicationmanagebillings-display-component---billRunCalcResult--contractBillRunDate"}]}
RESULT: {"script":"<script> [1562 bytes]","args":[{"selector":{"id":"application-managebillings-display-component---billRunCalcResult--contractBillRunDate","interaction":{"idSuffix":"inner"}},"wdio_ui5_key":"applicationmanagebillings-display-component---billRunCalcResult--contractBillRunDate"}]}
RESULT: undefined
COMMAND: POST /session/ba2432913a596e5fc4fa14806f816f85/execute/async - {"script":"<script> [776 bytes]","args":[{"enterText":"06/03/25","selector":{"id":"application-managebillings-display-component---billRunCalcResult--contractBillRunDate","interaction":{"idSuffix":"inner"}},"clearTextFirst":true,"interactionType":"ENTER_TEXT"}]}
RESULT: {"script":"<script> [776 bytes]","args":[{"enterText":"06/03/25","selector":{"id":"application-managebillings-display-component---billRunCalcResult--contractBillRunDate","interaction":{"idSuffix":"inner"}},"clearTextFirst":true,"interactionType":"ENTER_TEXT"}]}
COMMAND: POST /session/ba2432913a596e5fc4fa14806f816f85/element - {"using":"xpath","value":"//bdi[contains(text(), \"Trigger Calculation\")]"}
RESULT: {"using":"xpath","value":"//bdi[contains(text(), \"Trigger Calculation\")]"}
COMMAND: POST /session/ba2432913a596e5fc4fa14806f816f85/element/f.FF9A1E5259EB1E6B709B859A36B64A29.d.3A8E875757434DF8C7CE990BB7CC7C0F.e.5870/click - {}
RESULT: {}
COMMAND: GET /session/ba2432913a596e5fc4fa14806f816f85/screenshot - {}
RESULT: {}
COMMAND: POST /session/ba2432913a596e5fc4fa14806f816f85/element - {"using":"xpath","value":"(//span[contains(@id, \"imgNav\")])[1]"}
RESULT: {"using":"xpath","value":"(//span[contains(@id, \"imgNav\")])[1]"}
COMMAND: POST /session/ba2432913a596e5fc4fa14806f816f85/element/f.FF9A1E5259EB1E6B709B859A36B64A29.d.3A8E875757434DF8C7CE990BB7CC7C0F.e.5756/click - {}
RESULT: {}
COMMAND: GET /session/ba2432913a596e5fc4fa14806f816f85/screenshot - {}
RESULT: {}
COMMAND: POST /session/ba2432913a596e5fc4fa14806f816f85/element - {"using":"xpath","value":"//tr/td[6]/div[1]/span[1]/span[1]"}
RESULT: {"using":"xpath","value":"//tr/td[6]/div[1]/span[1]/span[1]"}
COMMAND: GET /session/ba2432913a596e5fc4fa14806f816f85/element/f.FF9A1E5259EB1E6B709B859A36B64A29.d.3A8E875757434DF8C7CE990BB7CC7C0F.e.5875/text - {}
RESULT: {}
COMMAND: POST /session/ba2432913a596e5fc4fa14806f816f85/element - {"using":"xpath","value":"(//span[contains(@id, \"imgNav\")])[2]"}
RESULT: {"using":"xpath","value":"(//span[contains(@id, \"imgNav\")])[2]"}
COMMAND: POST /session/ba2432913a596e5fc4fa14806f816f85/element/f.FF9A1E5259EB1E6B709B859A36B64A29.d.3A8E875757434DF8C7CE990BB7CC7C0F.e.5876/click - {}
RESULT: {}
COMMAND: GET /session/ba2432913a596e5fc4fa14806f816f85/screenshot - {}
RESULT: {}
COMMAND: POST /session/ba2432913a596e5fc4fa14806f816f85/element - {"using":"xpath","value":"//bdi[contains(text(), \"Business Confirm\")]"}
RESULT: {"using":"xpath","value":"//bdi[contains(text(), \"Business Confirm\")]"}
COMMAND: POST /session/ba2432913a596e5fc4fa14806f816f85/element/f.FF9A1E5259EB1E6B709B859A36B64A29.d.3A8E875757434DF8C7CE990BB7CC7C0F.e.5939/click - {}
RESULT: {}
COMMAND: GET /session/ba2432913a596e5fc4fa14806f816f85/screenshot - {}
RESULT: {}
COMMAND: POST /session/ba2432913a596e5fc4fa14806f816f85/element - {"using":"xpath","value":"//bdi[contains(text(), \"Business Confirmed\")]"}
RESULT: {"using":"xpath","value":"//bdi[contains(text(), \"Business Confirmed\")]"}
COMMAND: POST /session/ba2432913a596e5fc4fa14806f816f85/execute/sync - {"script":"<script> [56 bytes]","args":[{"element-6066-11e4-a52e-4f735466cecf":"f.FF9A1E5259EB1E6B709B859A36B64A29.d.3A8E875757434DF8C7CE990BB7CC7C0F.e.5939","ELEMENT":"f.FF9A1E5259EB1E6B709B859A36B64A29.d.3A8E875757434DF8C7CE990BB7CC7C0F.e.5939"}]}
RESULT: {"script":"<script> [56 bytes]","args":[{"element-6066-11e4-a52e-4f735466cecf":"f.FF9A1E5259EB1E6B709B859A36B64A29.d.3A8E875757434DF8C7CE990BB7CC7C0F.e.5939","ELEMENT":"f.FF9A1E5259EB1E6B709B859A36B64A29.d.3A8E875757434DF8C7CE990BB7CC7C0F.e.5939"}]}
COMMAND: POST /session/ba2432913a596e5fc4fa14806f816f85/element - {"using":"css selector","value":"#shell-header-logo"}
COMMAND: GET /session/ba2432913a596e5fc4fa14806f816f85/screenshot - {}
RESULT: {"using":"css selector","value":"#shell-header-logo"}
COMMAND: POST /session/ba2432913a596e5fc4fa14806f816f85/element/f.FF9A1E5259EB1E6B709B859A36B64A29.d.3A8E875757434DF8C7CE990BB7CC7C0F.e.5518/click - {}
RESULT: {}
RESULT: {}
COMMAND: GET /session/ba2432913a596e5fc4fa14806f816f85/screenshot - {}
RESULT: {}
COMMAND: POST /session/ba2432913a596e5fc4fa14806f816f85/element - {"using":"css selector","value":"#j_username"}
COMMAND: POST /session/ba2432913a596e5fc4fa14806f816f85/url - {"url":"https://qa-testing-00-live-etm-ui.cfapps.eu10-004.hana.ondemand.com/"}
RESULT: {"using":"css selector","value":"#j_username"}
COMMAND: POST /session/ba2432913a596e5fc4fa14806f816f85/element - {"using":"css selector","value":"#j_username"}
RESULT: {"url":"https://qa-testing-00-live-etm-ui.cfapps.eu10-004.hana.ondemand.com/"}
RESULT: undefined
COMMAND: GET /session/ba2432913a596e5fc4fa14806f816f85/screenshot - {}
RESULT: {"using":"css selector","value":"#j_username"}
COMMAND: POST /session/ba2432913a596e5fc4fa14806f816f85/element - {"using":"css selector","value":"#shell-header-logo"}
RESULT: {}
RESULT: {"using":"css selector","value":"#shell-header-logo"}
COMMAND: POST /session/ba2432913a596e5fc4fa14806f816f85/execute/sync - {"script":"<script> [8489 bytes]","args":[{"element-6066-11e4-a52e-4f735466cecf":"f.FF9A1E5259EB1E6B709B859A36B64A29.d.6CE1C52BA0C04984019B1DF4FC96E123.e.5955","ELEMENT":"f.FF9A1E5259EB1E6B709B859A36B64A29.d.6CE1C52BA0C04984019B1DF4FC96E123.e.5955"}]}
RESULT: {"script":"<script> [8489 bytes]","args":[{"element-6066-11e4-a52e-4f735466cecf":"f.FF9A1E5259EB1E6B709B859A36B64A29.d.6CE1C52BA0C04984019B1DF4FC96E123.e.5955","ELEMENT":"f.FF9A1E5259EB1E6B709B859A36B64A29.d.6CE1C52BA0C04984019B1DF4FC96E123.e.5955"}]}
COMMAND: POST /session/ba2432913a596e5fc4fa14806f816f85/element - {"using":"css selector","value":"#shell-header-logo"}
COMMAND: GET /session/ba2432913a596e5fc4fa14806f816f85/screenshot - {}
RESULT: {"using":"css selector","value":"#shell-header-logo"}
COMMAND: POST /session/ba2432913a596e5fc4fa14806f816f85/execute/sync - {"script":"<script> [8489 bytes]","args":[{"element-6066-11e4-a52e-4f735466cecf":"f.FF9A1E5259EB1E6B709B859A36B64A29.d.6CE1C52BA0C04984019B1DF4FC96E123.e.5955","ELEMENT":"f.FF9A1E5259EB1E6B709B859A36B64A29.d.6CE1C52BA0C04984019B1DF4FC96E123.e.5955"}]}
RESULT: {}
RESULT: {"script":"<script> [8489 bytes]","args":[{"element-6066-11e4-a52e-4f735466cecf":"f.FF9A1E5259EB1E6B709B859A36B64A29.d.6CE1C52BA0C04984019B1DF4FC96E123.e.5955","ELEMENT":"f.FF9A1E5259EB1E6B709B859A36B64A29.d.6CE1C52BA0C04984019B1DF4FC96E123.e.5955"}]}
COMMAND: POST /session/ba2432913a596e5fc4fa14806f816f85/execute/sync - {"script":"<script> [5351 bytes]","args":[{"element-6066-11e4-a52e-4f735466cecf":"f.FF9A1E5259EB1E6B709B859A36B64A29.d.6CE1C52BA0C04984019B1DF4FC96E123.e.5955","ELEMENT":"f.FF9A1E5259EB1E6B709B859A36B64A29.d.6CE1C52BA0C04984019B1DF4FC96E123.e.5955"}]}
COMMAND: GET /session/ba2432913a596e5fc4fa14806f816f85/screenshot - {}
RESULT: {"script":"<script> [5351 bytes]","args":[{"element-6066-11e4-a52e-4f735466cecf":"f.FF9A1E5259EB1E6B709B859A36B64A29.d.6CE1C52BA0C04984019B1DF4FC96E123.e.5955","ELEMENT":"f.FF9A1E5259EB1E6B709B859A36B64A29.d.6CE1C52BA0C04984019B1DF4FC96E123.e.5955"}]}
COMMAND: POST /session/ba2432913a596e5fc4fa14806f816f85/element - {"using":"css selector","value":"#shell-header-logo"}
COMMAND: GET /session/ba2432913a596e5fc4fa14806f816f85/screenshot - {}
RESULT: {}
RESULT: {"using":"css selector","value":"#shell-header-logo"}
COMMAND: POST /session/ba2432913a596e5fc4fa14806f816f85/element/f.FF9A1E5259EB1E6B709B859A36B64A29.d.6CE1C52BA0C04984019B1DF4FC96E123.e.5955/click - {}
RESULT: {}
RESULT: {}
COMMAND: GET /session/ba2432913a596e5fc4fa14806f816f85/screenshot - {}
RESULT: {}
COMMAND: POST /session/ba2432913a596e5fc4fa14806f816f85/execute/async - {"script":"<script> [189 bytes]","args":[]}
RESULT: {"script":"<script> [189 bytes]","args":[]}
COMMAND: POST /session/ba2432913a596e5fc4fa14806f816f85/execute/async - {"script":"<script> [123 bytes]","args":[]}
RESULT: {"script":"<script> [123 bytes]","args":[]}
COMMAND: POST /session/ba2432913a596e5fc4fa14806f816f85/timeouts - {"script":"<number>"}
RESULT: {"script":"<number>"}
COMMAND: GET /session/ba2432913a596e5fc4fa14806f816f85/timeouts - {}
RESULT: {}
RESULT: undefined
COMMAND: POST /session/ba2432913a596e5fc4fa14806f816f85/execute/async - {"script":"<script> [2676 bytes]","args":[]}
RESULT: {"script":"<script> [2676 bytes]","args":[]}
COMMAND: POST /session/ba2432913a596e5fc4fa14806f816f85/execute/async - {"script":"<script> [2342 bytes]","args":[{"protocol":"http","hostname":"0.0.0.0","path":"/","capabilities":{"browserName":"chrome","goog:chromeOptions":{"binary":"C:\\Program Files\\Google\\Chrome\\Application\\chrome.exe","args":["--start-maximized"]}},"logLevel":"warn","connectionRetryTimeout":120000,"connectionRetryCount":3,"logLevels":{},"enableDirectConnect":true,"strictSSL":true,"_":"65 more keys: [\"cacheDir\",\"port\",\"requestedCapabilities\",\"automationProtocol\",\"baseUrl\",\"waitforInterval\",\"waitforTimeout\",\"onReload\",\"beforeCommand\",\"afterCommand\",\"rootDir\",\"specs\",\"suites\",\"exclude\",\"groupLogsByTestSpec\",\"excludeDriverLogs\",\"bail\",\"framework\",\"reporters\",\"services\",\"maxInstances\",\"maxInstancesPerCapability\",\"injectGlobals\",\"filesToWatch\",\"execArgv\",\"runnerEnv\",\"runner\",\"shard\",\"specFileRetries\",\"specFileRetriesDelay\",\"specFileRetriesDeferred\",\"reporterSyncInterval\",\"reporterSyncTimeout\",\"cucumberFeaturesWithLineNumbers\",\"autoCompileOpts\",\"mochaOpts\",\"jasmineOpts\",\"cucumberOpts\",\"onPrepare\",\"onWorkerStart\",\"onWorkerEnd\",\"before\",\"beforeSession\",\"beforeSuite\",\"beforeHook\",\"beforeTest\",\"afterTest\",\"afterHook\",\"afterSuite\",\"afterSession\",\"after\",\"onComplete\",\"beforeAssertion\",\"afterAssertion\",\"beforeFeature\",\"beforeScenario\",\"beforeStep\",\"afterStep\",\"afterScenario\",\"afterFeature\",\"_\",\"suite\",\"$0\",\"ignoredWorkerServices\",\"wdi5\"]"}]}
RESULT: {"script":"<script> [2342 bytes]","args":[{"protocol":"http","hostname":"0.0.0.0","path":"/","capabilities":{"browserName":"chrome","goog:chromeOptions":{"binary":"C:\\Program Files\\Google\\Chrome\\Application\\chrome.exe","args":["--start-maximized"]}},"logLevel":"warn","connectionRetryTimeout":120000,"connectionRetryCount":3,"logLevels":{},"enableDirectConnect":true,"strictSSL":true,"_":"65 more keys: [\"cacheDir\",\"port\",\"requestedCapabilities\",\"automationProtocol\",\"baseUrl\",\"waitforInterval\",\"waitforTimeout\",\"onReload\",\"beforeCommand\",\"afterCommand\",\"rootDir\",\"specs\",\"suites\",\"exclude\",\"groupLogsByTestSpec\",\"excludeDriverLogs\",\"bail\",\"framework\",\"reporters\",\"services\",\"maxInstances\",\"maxInstancesPerCapability\",\"injectGlobals\",\"filesToWatch\",\"execArgv\",\"runnerEnv\",\"runner\",\"shard\",\"specFileRetries\",\"specFileRetriesDelay\",\"specFileRetriesDeferred\",\"reporterSyncInterval\",\"reporterSyncTimeout\",\"cucumberFeaturesWithLineNumbers\",\"autoCompileOpts\",\"mochaOpts\",\"jasmineOpts\",\"cucumberOpts\",\"onPrepare\",\"onWorkerStart\",\"onWorkerEnd\",\"before\",\"beforeSession\",\"beforeSuite\",\"beforeHook\",\"beforeTest\",\"afterTest\",\"afterHook\",\"afterSuite\",\"afterSession\",\"after\",\"onComplete\",\"beforeAssertion\",\"afterAssertion\",\"beforeFeature\",\"beforeScenario\",\"beforeStep\",\"afterStep\",\"afterScenario\",\"afterFeature\",\"_\",\"suite\",\"$0\",\"ignoredWorkerServices\",\"wdi5\"]"}]}
COMMAND: POST /session/ba2432913a596e5fc4fa14806f816f85/execute/async - {"script":"<script> [21126 bytes]","args":[35000]}
RESULT: {"script":"<script> [21126 bytes]","args":[35000]}
COMMAND: POST /session/ba2432913a596e5fc4fa14806f816f85/window/maximize - {}
RESULT: {}
COMMAND: POST /session/ba2432913a596e5fc4fa14806f816f85/execute/async - {"script":"<script> [1562 bytes]","args":[{"selector":{"id":"shell-header","interaction":{"idSuffix":"icon"}},"wdio_ui5_key":"shellheader"}]}
COMMAND: GET /session/ba2432913a596e5fc4fa14806f816f85/screenshot - {}
RESULT: {"script":"<script> [1562 bytes]","args":[{"selector":{"id":"shell-header","interaction":{"idSuffix":"icon"}},"wdio_ui5_key":"shellheader"}]}
RESULT: undefined
COMMAND: POST /session/ba2432913a596e5fc4fa14806f816f85/refresh - {}
RESULT: {}
RESULT: {}
COMMAND: GET /session/ba2432913a596e5fc4fa14806f816f85/screenshot - {}
RESULT: {}
COMMAND: POST /session/ba2432913a596e5fc4fa14806f816f85/refresh - {}
RESULT: {}
COMMAND: GET /session/ba2432913a596e5fc4fa14806f816f85/screenshot - {}
RESULT: {}
COMMAND: POST /session/ba2432913a596e5fc4fa14806f816f85/window/fullscreen - {}
RESULT: {}
COMMAND: POST /session/ba2432913a596e5fc4fa14806f816f85/execute/async - {"script":"<script> [189 bytes]","args":[]}
RESULT: {"script":"<script> [189 bytes]","args":[]}
COMMAND: POST /session/ba2432913a596e5fc4fa14806f816f85/execute/async - {"script":"<script> [123 bytes]","args":[]}
RESULT: {"script":"<script> [123 bytes]","args":[]}
COMMAND: POST /session/ba2432913a596e5fc4fa14806f816f85/timeouts - {"script":"<number>"}
RESULT: {"script":"<number>"}
COMMAND: GET /session/ba2432913a596e5fc4fa14806f816f85/timeouts - {}
RESULT: {}
RESULT: undefined
COMMAND: POST /session/ba2432913a596e5fc4fa14806f816f85/execute/async - {"script":"<script> [2676 bytes]","args":[]}
RESULT: {"script":"<script> [2676 bytes]","args":[]}
COMMAND: POST /session/ba2432913a596e5fc4fa14806f816f85/execute/async - {"script":"<script> [2342 bytes]","args":[{"protocol":"http","hostname":"0.0.0.0","path":"/","capabilities":{"browserName":"chrome","goog:chromeOptions":{"binary":"C:\\Program Files\\Google\\Chrome\\Application\\chrome.exe","args":["--start-maximized"]}},"logLevel":"warn","connectionRetryTimeout":120000,"connectionRetryCount":3,"logLevels":{},"enableDirectConnect":true,"strictSSL":true,"_":"65 more keys: [\"cacheDir\",\"port\",\"requestedCapabilities\",\"automationProtocol\",\"baseUrl\",\"waitforInterval\",\"waitforTimeout\",\"onReload\",\"beforeCommand\",\"afterCommand\",\"rootDir\",\"specs\",\"suites\",\"exclude\",\"groupLogsByTestSpec\",\"excludeDriverLogs\",\"bail\",\"framework\",\"reporters\",\"services\",\"maxInstances\",\"maxInstancesPerCapability\",\"injectGlobals\",\"filesToWatch\",\"execArgv\",\"runnerEnv\",\"runner\",\"shard\",\"specFileRetries\",\"specFileRetriesDelay\",\"specFileRetriesDeferred\",\"reporterSyncInterval\",\"reporterSyncTimeout\",\"cucumberFeaturesWithLineNumbers\",\"autoCompileOpts\",\"mochaOpts\",\"jasmineOpts\",\"cucumberOpts\",\"onPrepare\",\"onWorkerStart\",\"onWorkerEnd\",\"before\",\"beforeSession\",\"beforeSuite\",\"beforeHook\",\"beforeTest\",\"afterTest\",\"afterHook\",\"afterSuite\",\"afterSession\",\"after\",\"onComplete\",\"beforeAssertion\",\"afterAssertion\",\"beforeFeature\",\"beforeScenario\",\"beforeStep\",\"afterStep\",\"afterScenario\",\"afterFeature\",\"_\",\"suite\",\"$0\",\"ignoredWorkerServices\",\"wdi5\"]"}]}
RESULT: {"script":"<script> [2342 bytes]","args":[{"protocol":"http","hostname":"0.0.0.0","path":"/","capabilities":{"browserName":"chrome","goog:chromeOptions":{"binary":"C:\\Program Files\\Google\\Chrome\\Application\\chrome.exe","args":["--start-maximized"]}},"logLevel":"warn","connectionRetryTimeout":120000,"connectionRetryCount":3,"logLevels":{},"enableDirectConnect":true,"strictSSL":true,"_":"65 more keys: [\"cacheDir\",\"port\",\"requestedCapabilities\",\"automationProtocol\",\"baseUrl\",\"waitforInterval\",\"waitforTimeout\",\"onReload\",\"beforeCommand\",\"afterCommand\",\"rootDir\",\"specs\",\"suites\",\"exclude\",\"groupLogsByTestSpec\",\"excludeDriverLogs\",\"bail\",\"framework\",\"reporters\",\"services\",\"maxInstances\",\"maxInstancesPerCapability\",\"injectGlobals\",\"filesToWatch\",\"execArgv\",\"runnerEnv\",\"runner\",\"shard\",\"specFileRetries\",\"specFileRetriesDelay\",\"specFileRetriesDeferred\",\"reporterSyncInterval\",\"reporterSyncTimeout\",\"cucumberFeaturesWithLineNumbers\",\"autoCompileOpts\",\"mochaOpts\",\"jasmineOpts\",\"cucumberOpts\",\"onPrepare\",\"onWorkerStart\",\"onWorkerEnd\",\"before\",\"beforeSession\",\"beforeSuite\",\"beforeHook\",\"beforeTest\",\"afterTest\",\"afterHook\",\"afterSuite\",\"afterSession\",\"after\",\"onComplete\",\"beforeAssertion\",\"afterAssertion\",\"beforeFeature\",\"beforeScenario\",\"beforeStep\",\"afterStep\",\"afterScenario\",\"afterFeature\",\"_\",\"suite\",\"$0\",\"ignoredWorkerServices\",\"wdi5\"]"}]}
COMMAND: POST /session/ba2432913a596e5fc4fa14806f816f85/execute/async - {"script":"<script> [21126 bytes]","args":[35000]}
RESULT: {"script":"<script> [21126 bytes]","args":[35000]}
]]></system-out>
    </testcase>
  </testsuite>
  <testsuite timestamp="2025-05-03T17:27:36" time="1483.302" tests="14" failures="0" errors="0" skipped="0">
    <properties>
      <property name="specId" value="0" />
      <property name="suiteName" value="Create master data for mixed billing &amp; do billing calculation US151661" />
      <property name="capabilities" value="chrome.135_0_7049_96.windows" />
      <property name="file" value="file:///D:/a/1/s/test/specs/BTS/billing-calculation-mixed.spec.js" />
    </properties>
    <testcase classname="chrome.135_0_7049_96.windows.Create_master_data_for_mixed_billing_&amp;_do_billing_calculation_US151661" name="Should create a new yard" time="128.948">
      <system-out><![CDATA[
COMMAND: POST /session/ba2432913a596e5fc4fa14806f816f85/window/fullscreen - {}
RESULT: {}
COMMAND: POST /session/ba2432913a596e5fc4fa14806f816f85/execute/async - {"script":"<script> [1562 bytes]","args":[{"selector":{"controlType":"sap.m.GenericTile","properties":{"header":"Manage Yards"}},"wdio_ui5_key":"sapm.GenericTile{\"header\":\"Manage Yards\"}"}]}
RESULT: {"script":"<script> [1562 bytes]","args":[{"selector":{"controlType":"sap.m.GenericTile","properties":{"header":"Manage Yards"}},"wdio_ui5_key":"sapm.GenericTile{\"header\":\"Manage Yards\"}"}]}
RESULT: undefined
COMMAND: POST /session/ba2432913a596e5fc4fa14806f816f85/element - {"using":"xpath","value":"//*[@id=\"__tile41\"]"}
RESULT: {"using":"xpath","value":"//*[@id=\"__tile41\"]"}
COMMAND: POST /session/ba2432913a596e5fc4fa14806f816f85/element/f.FF9A1E5259EB1E6B709B859A36B64A29.d.7F5194F5D2B4E0B2710107943D9292D5.e.6113/click - {}
RESULT: {}
COMMAND: POST /session/ba2432913a596e5fc4fa14806f816f85/element - {"using":"xpath","value":"//button[@data-kt=\"addNewYardOverflowToolbarButton\"]"}
COMMAND: GET /session/ba2432913a596e5fc4fa14806f816f85/screenshot - {}
RESULT: {"using":"xpath","value":"//button[@data-kt=\"addNewYardOverflowToolbarButton\"]"}
COMMAND: POST /session/ba2432913a596e5fc4fa14806f816f85/elements - {"using":"xpath","value":"//button[@data-kt=\"addNewYardOverflowToolbarButton\"]"}
RESULT: {}
RESULT: {"using":"xpath","value":"//button[@data-kt=\"addNewYardOverflowToolbarButton\"]"}
COMMAND: POST /session/ba2432913a596e5fc4fa14806f816f85/elements - {"using":"xpath","value":"//button[@data-kt=\"addNewYardOverflowToolbarButton\"]"}
RESULT: {"using":"xpath","value":"//button[@data-kt=\"addNewYardOverflowToolbarButton\"]"}
COMMAND: POST /session/ba2432913a596e5fc4fa14806f816f85/elements - {"using":"xpath","value":"//button[@data-kt=\"addNewYardOverflowToolbarButton\"]"}
RESULT: {"using":"xpath","value":"//button[@data-kt=\"addNewYardOverflowToolbarButton\"]"}
COMMAND: POST /session/ba2432913a596e5fc4fa14806f816f85/elements - {"using":"xpath","value":"//button[@data-kt=\"addNewYardOverflowToolbarButton\"]"}
RESULT: {"using":"xpath","value":"//button[@data-kt=\"addNewYardOverflowToolbarButton\"]"}
COMMAND: POST /session/ba2432913a596e5fc4fa14806f816f85/elements - {"using":"xpath","value":"//button[@data-kt=\"addNewYardOverflowToolbarButton\"]"}
RESULT: {"using":"xpath","value":"//button[@data-kt=\"addNewYardOverflowToolbarButton\"]"}
COMMAND: POST /session/ba2432913a596e5fc4fa14806f816f85/elements - {"using":"xpath","value":"//button[@data-kt=\"addNewYardOverflowToolbarButton\"]"}
RESULT: {"using":"xpath","value":"//button[@data-kt=\"addNewYardOverflowToolbarButton\"]"}
COMMAND: POST /session/ba2432913a596e5fc4fa14806f816f85/elements - {"using":"xpath","value":"//button[@data-kt=\"addNewYardOverflowToolbarButton\"]"}
RESULT: {"using":"xpath","value":"//button[@data-kt=\"addNewYardOverflowToolbarButton\"]"}
COMMAND: POST /session/ba2432913a596e5fc4fa14806f816f85/elements - {"using":"xpath","value":"//button[@data-kt=\"addNewYardOverflowToolbarButton\"]"}
RESULT: {"using":"xpath","value":"//button[@data-kt=\"addNewYardOverflowToolbarButton\"]"}
COMMAND: POST /session/ba2432913a596e5fc4fa14806f816f85/elements - {"using":"xpath","value":"//button[@data-kt=\"addNewYardOverflowToolbarButton\"]"}
RESULT: {"using":"xpath","value":"//button[@data-kt=\"addNewYardOverflowToolbarButton\"]"}
COMMAND: POST /session/ba2432913a596e5fc4fa14806f816f85/elements - {"using":"xpath","value":"//button[@data-kt=\"addNewYardOverflowToolbarButton\"]"}
RESULT: {"using":"xpath","value":"//button[@data-kt=\"addNewYardOverflowToolbarButton\"]"}
COMMAND: POST /session/ba2432913a596e5fc4fa14806f816f85/elements - {"using":"xpath","value":"//button[@data-kt=\"addNewYardOverflowToolbarButton\"]"}
RESULT: {"using":"xpath","value":"//button[@data-kt=\"addNewYardOverflowToolbarButton\"]"}
COMMAND: POST /session/ba2432913a596e5fc4fa14806f816f85/elements - {"using":"xpath","value":"//button[@data-kt=\"addNewYardOverflowToolbarButton\"]"}
RESULT: {"using":"xpath","value":"//button[@data-kt=\"addNewYardOverflowToolbarButton\"]"}
COMMAND: POST /session/ba2432913a596e5fc4fa14806f816f85/elements - {"using":"xpath","value":"//button[@data-kt=\"addNewYardOverflowToolbarButton\"]"}
RESULT: {"using":"xpath","value":"//button[@data-kt=\"addNewYardOverflowToolbarButton\"]"}
COMMAND: POST /session/ba2432913a596e5fc4fa14806f816f85/elements - {"using":"xpath","value":"//button[@data-kt=\"addNewYardOverflowToolbarButton\"]"}
RESULT: {"using":"xpath","value":"//button[@data-kt=\"addNewYardOverflowToolbarButton\"]"}
COMMAND: POST /session/ba2432913a596e5fc4fa14806f816f85/elements - {"using":"xpath","value":"//button[@data-kt=\"addNewYardOverflowToolbarButton\"]"}
RESULT: {"using":"xpath","value":"//button[@data-kt=\"addNewYardOverflowToolbarButton\"]"}
COMMAND: POST /session/ba2432913a596e5fc4fa14806f816f85/elements - {"using":"xpath","value":"//button[@data-kt=\"addNewYardOverflowToolbarButton\"]"}
RESULT: {"using":"xpath","value":"//button[@data-kt=\"addNewYardOverflowToolbarButton\"]"}
COMMAND: POST /session/ba2432913a596e5fc4fa14806f816f85/elements - {"using":"xpath","value":"//button[@data-kt=\"addNewYardOverflowToolbarButton\"]"}
RESULT: {"using":"xpath","value":"//button[@data-kt=\"addNewYardOverflowToolbarButton\"]"}
COMMAND: POST /session/ba2432913a596e5fc4fa14806f816f85/elements - {"using":"xpath","value":"//button[@data-kt=\"addNewYardOverflowToolbarButton\"]"}
RESULT: {"using":"xpath","value":"//button[@data-kt=\"addNewYardOverflowToolbarButton\"]"}
COMMAND: POST /session/ba2432913a596e5fc4fa14806f816f85/elements - {"using":"xpath","value":"//button[@data-kt=\"addNewYardOverflowToolbarButton\"]"}
RESULT: {"using":"xpath","value":"//button[@data-kt=\"addNewYardOverflowToolbarButton\"]"}
COMMAND: POST /session/ba2432913a596e5fc4fa14806f816f85/element - {"using":"xpath","value":"//button[@data-kt=\"addNewYardOverflowToolbarButton\"]"}
RESULT: {"using":"xpath","value":"//button[@data-kt=\"addNewYardOverflowToolbarButton\"]"}
COMMAND: POST /session/ba2432913a596e5fc4fa14806f816f85/execute/sync - {"script":"<script> [8489 bytes]","args":[{"element-6066-11e4-a52e-4f735466cecf":"f.FF9A1E5259EB1E6B709B859A36B64A29.d.7F5194F5D2B4E0B2710107943D9292D5.e.6241","ELEMENT":"f.FF9A1E5259EB1E6B709B859A36B64A29.d.7F5194F5D2B4E0B2710107943D9292D5.e.6241"}]}
RESULT: {"script":"<script> [8489 bytes]","args":[{"element-6066-11e4-a52e-4f735466cecf":"f.FF9A1E5259EB1E6B709B859A36B64A29.d.7F5194F5D2B4E0B2710107943D9292D5.e.6241","ELEMENT":"f.FF9A1E5259EB1E6B709B859A36B64A29.d.7F5194F5D2B4E0B2710107943D9292D5.e.6241"}]}
COMMAND: GET /session/ba2432913a596e5fc4fa14806f816f85/element/f.FF9A1E5259EB1E6B709B859A36B64A29.d.7F5194F5D2B4E0B2710107943D9292D5.e.6241/enabled - {}
COMMAND: GET /session/ba2432913a596e5fc4fa14806f816f85/screenshot - {}
RESULT: {}
COMMAND: POST /session/ba2432913a596e5fc4fa14806f816f85/execute/sync - {"script":"<script> [8489 bytes]","args":[{"element-6066-11e4-a52e-4f735466cecf":"f.FF9A1E5259EB1E6B709B859A36B64A29.d.7F5194F5D2B4E0B2710107943D9292D5.e.6241","ELEMENT":"f.FF9A1E5259EB1E6B709B859A36B64A29.d.7F5194F5D2B4E0B2710107943D9292D5.e.6241"}]}
COMMAND: GET /session/ba2432913a596e5fc4fa14806f816f85/screenshot - {}
RESULT: {}
RESULT: {"script":"<script> [8489 bytes]","args":[{"element-6066-11e4-a52e-4f735466cecf":"f.FF9A1E5259EB1E6B709B859A36B64A29.d.7F5194F5D2B4E0B2710107943D9292D5.e.6241","ELEMENT":"f.FF9A1E5259EB1E6B709B859A36B64A29.d.7F5194F5D2B4E0B2710107943D9292D5.e.6241"}]}
COMMAND: POST /session/ba2432913a596e5fc4fa14806f816f85/execute/sync - {"script":"<script> [5351 bytes]","args":[{"element-6066-11e4-a52e-4f735466cecf":"f.FF9A1E5259EB1E6B709B859A36B64A29.d.7F5194F5D2B4E0B2710107943D9292D5.e.6241","ELEMENT":"f.FF9A1E5259EB1E6B709B859A36B64A29.d.7F5194F5D2B4E0B2710107943D9292D5.e.6241"}]}
COMMAND: GET /session/ba2432913a596e5fc4fa14806f816f85/screenshot - {}
RESULT: {}
RESULT: {"script":"<script> [5351 bytes]","args":[{"element-6066-11e4-a52e-4f735466cecf":"f.FF9A1E5259EB1E6B709B859A36B64A29.d.7F5194F5D2B4E0B2710107943D9292D5.e.6241","ELEMENT":"f.FF9A1E5259EB1E6B709B859A36B64A29.d.7F5194F5D2B4E0B2710107943D9292D5.e.6241"}]}
COMMAND: POST /session/ba2432913a596e5fc4fa14806f816f85/element/f.FF9A1E5259EB1E6B709B859A36B64A29.d.7F5194F5D2B4E0B2710107943D9292D5.e.6241/click - {}
COMMAND: GET /session/ba2432913a596e5fc4fa14806f816f85/screenshot - {}
RESULT: {}
RESULT: {}
COMMAND: GET /session/ba2432913a596e5fc4fa14806f816f85/screenshot - {}
COMMAND: POST /session/ba2432913a596e5fc4fa14806f816f85/element - {"using":"xpath","value":"//input[@id=\"application-manageyards-display-component---NewYard--yardId-inner\"]"}
RESULT: {}
RESULT: {}
RESULT: {"using":"xpath","value":"//input[@id=\"application-manageyards-display-component---NewYard--yardId-inner\"]"}
COMMAND: POST /session/ba2432913a596e5fc4fa14806f816f85/element - {"using":"xpath","value":"//input[@id=\"application-manageyards-display-component---NewYard--yardId-inner\"]"}
RESULT: {"using":"xpath","value":"//input[@id=\"application-manageyards-display-component---NewYard--yardId-inner\"]"}
COMMAND: POST /session/ba2432913a596e5fc4fa14806f816f85/execute/async - {"script":"<script> [1562 bytes]","args":[{"selector":{"id":"application-manageyards-display-component---NewYard--addressDetailDetailsName1","interaction":{"idSuffix":"inner"}},"wdio_ui5_key":"applicationmanageyards-display-component---NewYard--addressDetailDetailsName1"}]}
RESULT: {"script":"<script> [1562 bytes]","args":[{"selector":{"id":"application-manageyards-display-component---NewYard--addressDetailDetailsName1","interaction":{"idSuffix":"inner"}},"wdio_ui5_key":"applicationmanageyards-display-component---NewYard--addressDetailDetailsName1"}]}
RESULT: undefined
COMMAND: POST /session/ba2432913a596e5fc4fa14806f816f85/execute/async - {"script":"<script> [776 bytes]","args":[{"enterText":"Intercompany Yard wdIO","selector":{"id":"application-manageyards-display-component---NewYard--addressDetailDetailsName1","interaction":{"idSuffix":"inner"}},"clearTextFirst":true,"interactionType":"ENTER_TEXT"}]}
RESULT: {"script":"<script> [776 bytes]","args":[{"enterText":"Intercompany Yard wdIO","selector":{"id":"application-manageyards-display-component---NewYard--addressDetailDetailsName1","interaction":{"idSuffix":"inner"}},"clearTextFirst":true,"interactionType":"ENTER_TEXT"}]}
COMMAND: POST /session/ba2432913a596e5fc4fa14806f816f85/execute/async - {"script":"<script> [1562 bytes]","args":[{"selector":{"id":"application-manageyards-display-component---NewYard--addressDetailDetailsLanguage-arrow"},"wdio_ui5_key":"applicationmanageyards-display-component---NewYard--addressDetailDetailsLanguage-arrow"}]}
RESULT: {"script":"<script> [1562 bytes]","args":[{"selector":{"id":"application-manageyards-display-component---NewYard--addressDetailDetailsLanguage-arrow"},"wdio_ui5_key":"applicationmanageyards-display-component---NewYard--addressDetailDetailsLanguage-arrow"}]}
RESULT: undefined
COMMAND: POST /session/ba2432913a596e5fc4fa14806f816f85/element - {"using":"xpath","value":"//*[@id=\"application-manageyards-display-component---NewYard--addressDetailDetailsLanguage-arrow\"]"}
RESULT: {"using":"xpath","value":"//*[@id=\"application-manageyards-display-component---NewYard--addressDetailDetailsLanguage-arrow\"]"}
COMMAND: POST /session/ba2432913a596e5fc4fa14806f816f85/element/f.FF9A1E5259EB1E6B709B859A36B64A29.d.7F5194F5D2B4E0B2710107943D9292D5.e.6672/click - {}
RESULT: {}
COMMAND: POST /session/ba2432913a596e5fc4fa14806f816f85/element - {"using":"xpath","value":"//span[contains(text(), \"English\")]"}
COMMAND: GET /session/ba2432913a596e5fc4fa14806f816f85/screenshot - {}
RESULT: {"using":"xpath","value":"//span[contains(text(), \"English\")]"}
COMMAND: POST /session/ba2432913a596e5fc4fa14806f816f85/element/f.FF9A1E5259EB1E6B709B859A36B64A29.d.7F5194F5D2B4E0B2710107943D9292D5.e.6673/click - {}
RESULT: {}
RESULT: {}
COMMAND: POST /session/ba2432913a596e5fc4fa14806f816f85/execute/async - {"script":"<script> [1562 bytes]","args":[{"selector":{"id":"application-manageyards-display-component---NewYard--addressDetailDetailsCity1","interaction":{"idSuffix":"inner"}},"wdio_ui5_key":"applicationmanageyards-display-component---NewYard--addressDetailDetailsCity1"}]}
COMMAND: GET /session/ba2432913a596e5fc4fa14806f816f85/screenshot - {}
RESULT: {"script":"<script> [1562 bytes]","args":[{"selector":{"id":"application-manageyards-display-component---NewYard--addressDetailDetailsCity1","interaction":{"idSuffix":"inner"}},"wdio_ui5_key":"applicationmanageyards-display-component---NewYard--addressDetailDetailsCity1"}]}
RESULT: undefined
COMMAND: POST /session/ba2432913a596e5fc4fa14806f816f85/execute/async - {"script":"<script> [776 bytes]","args":[{"enterText":"Rosario","selector":{"id":"application-manageyards-display-component---NewYard--addressDetailDetailsCity1","interaction":{"idSuffix":"inner"}},"clearTextFirst":true,"interactionType":"ENTER_TEXT"}]}
RESULT: {}
RESULT: {"script":"<script> [776 bytes]","args":[{"enterText":"Rosario","selector":{"id":"application-manageyards-display-component---NewYard--addressDetailDetailsCity1","interaction":{"idSuffix":"inner"}},"clearTextFirst":true,"interactionType":"ENTER_TEXT"}]}
COMMAND: POST /session/ba2432913a596e5fc4fa14806f816f85/execute/async - {"script":"<script> [1562 bytes]","args":[{"selector":{"id":"application-manageyards-display-component---NewYard--addressDetailDetailsCountry-arrow"},"wdio_ui5_key":"applicationmanageyards-display-component---NewYard--addressDetailDetailsCountry-arrow"}]}
RESULT: {"script":"<script> [1562 bytes]","args":[{"selector":{"id":"application-manageyards-display-component---NewYard--addressDetailDetailsCountry-arrow"},"wdio_ui5_key":"applicationmanageyards-display-component---NewYard--addressDetailDetailsCountry-arrow"}]}
RESULT: undefined
COMMAND: POST /session/ba2432913a596e5fc4fa14806f816f85/element - {"using":"xpath","value":"//*[@id=\"application-manageyards-display-component---NewYard--addressDetailDetailsCountry-arrow\"]"}
RESULT: {"using":"xpath","value":"//*[@id=\"application-manageyards-display-component---NewYard--addressDetailDetailsCountry-arrow\"]"}
COMMAND: POST /session/ba2432913a596e5fc4fa14806f816f85/element/f.FF9A1E5259EB1E6B709B859A36B64A29.d.7F5194F5D2B4E0B2710107943D9292D5.e.6675/click - {}
RESULT: {}
COMMAND: POST /session/ba2432913a596e5fc4fa14806f816f85/element - {"using":"xpath","value":"//span[contains(text(), \"Argentina\")]"}
COMMAND: GET /session/ba2432913a596e5fc4fa14806f816f85/screenshot - {}
RESULT: {"using":"xpath","value":"//span[contains(text(), \"Argentina\")]"}
COMMAND: POST /session/ba2432913a596e5fc4fa14806f816f85/element/f.FF9A1E5259EB1E6B709B859A36B64A29.d.7F5194F5D2B4E0B2710107943D9292D5.e.6676/click - {}
RESULT: {}
RESULT: {}
COMMAND: POST /session/ba2432913a596e5fc4fa14806f816f85/execute/async - {"script":"<script> [1562 bytes]","args":[{"selector":{"id":"application-manageyards-display-component---NewYard--addressEditDetailsCostObjectCstType-arrow"},"wdio_ui5_key":"applicationmanageyards-display-component---NewYard--addressEditDetailsCostObjectCstType-arrow"}]}
COMMAND: GET /session/ba2432913a596e5fc4fa14806f816f85/screenshot - {}
RESULT: {"script":"<script> [1562 bytes]","args":[{"selector":{"id":"application-manageyards-display-component---NewYard--addressEditDetailsCostObjectCstType-arrow"},"wdio_ui5_key":"applicationmanageyards-display-component---NewYard--addressEditDetailsCostObjectCstType-arrow"}]}
RESULT: undefined
COMMAND: POST /session/ba2432913a596e5fc4fa14806f816f85/element - {"using":"xpath","value":"//*[@id=\"application-manageyards-display-component---NewYard--addressEditDetailsCostObjectCstType-arrow\"]"}
RESULT: {}
RESULT: {"using":"xpath","value":"//*[@id=\"application-manageyards-display-component---NewYard--addressEditDetailsCostObjectCstType-arrow\"]"}
COMMAND: POST /session/ba2432913a596e5fc4fa14806f816f85/element/f.FF9A1E5259EB1E6B709B859A36B64A29.d.7F5194F5D2B4E0B2710107943D9292D5.e.6678/click - {}
RESULT: {}
COMMAND: POST /session/ba2432913a596e5fc4fa14806f816f85/element - {"using":"xpath","value":"//span[contains(text(), \"Cost Center\")]"}
COMMAND: GET /session/ba2432913a596e5fc4fa14806f816f85/screenshot - {}
RESULT: {"using":"xpath","value":"//span[contains(text(), \"Cost Center\")]"}
COMMAND: POST /session/ba2432913a596e5fc4fa14806f816f85/element/f.FF9A1E5259EB1E6B709B859A36B64A29.d.7F5194F5D2B4E0B2710107943D9292D5.e.6679/click - {}
RESULT: {}
RESULT: {}
COMMAND: GET /session/ba2432913a596e5fc4fa14806f816f85/screenshot - {}
RESULT: {}
COMMAND: POST /session/ba2432913a596e5fc4fa14806f816f85/element - {"using":"xpath","value":"//span[@id=\"application-manageyards-display-component---NewYard--addressNewCostObjectCstID-vhi\"]"}
RESULT: {"using":"xpath","value":"//span[@id=\"application-manageyards-display-component---NewYard--addressNewCostObjectCstID-vhi\"]"}
COMMAND: POST /session/ba2432913a596e5fc4fa14806f816f85/execute/sync - {"script":"<script> [8489 bytes]","args":[{"element-6066-11e4-a52e-4f735466cecf":"f.FF9A1E5259EB1E6B709B859A36B64A29.d.7F5194F5D2B4E0B2710107943D9292D5.e.6683","ELEMENT":"f.FF9A1E5259EB1E6B709B859A36B64A29.d.7F5194F5D2B4E0B2710107943D9292D5.e.6683"}]}
RESULT: {"script":"<script> [8489 bytes]","args":[{"element-6066-11e4-a52e-4f735466cecf":"f.FF9A1E5259EB1E6B709B859A36B64A29.d.7F5194F5D2B4E0B2710107943D9292D5.e.6683","ELEMENT":"f.FF9A1E5259EB1E6B709B859A36B64A29.d.7F5194F5D2B4E0B2710107943D9292D5.e.6683"}]}
COMMAND: POST /session/ba2432913a596e5fc4fa14806f816f85/execute/async - {"script":"<script> [1562 bytes]","args":[{"selector":{"id":"application-manageyards-display-component---NewYard--addressNewCostObjectCstID-vhi"},"wdio_ui5_key":"applicationmanageyards-display-component---NewYard--addressNewCostObjectCstID-vhi"}]}
COMMAND: GET /session/ba2432913a596e5fc4fa14806f816f85/screenshot - {}
RESULT: {"script":"<script> [1562 bytes]","args":[{"selector":{"id":"application-manageyards-display-component---NewYard--addressNewCostObjectCstID-vhi"},"wdio_ui5_key":"applicationmanageyards-display-component---NewYard--addressNewCostObjectCstID-vhi"}]}
RESULT: undefined
COMMAND: POST /session/ba2432913a596e5fc4fa14806f816f85/element - {"using":"xpath","value":"//*[@id=\"application-manageyards-display-component---NewYard--addressNewCostObjectCstID-vhi\"]"}
RESULT: {}
RESULT: {"using":"xpath","value":"//*[@id=\"application-manageyards-display-component---NewYard--addressNewCostObjectCstID-vhi\"]"}
COMMAND: POST /session/ba2432913a596e5fc4fa14806f816f85/element/f.FF9A1E5259EB1E6B709B859A36B64A29.d.7F5194F5D2B4E0B2710107943D9292D5.e.6683/click - {}
RESULT: {}
COMMAND: GET /session/ba2432913a596e5fc4fa14806f816f85/screenshot - {}
RESULT: {}
COMMAND: POST /session/ba2432913a596e5fc4fa14806f816f85/execute/async - {"script":"<script> [1562 bytes]","args":[{"selector":{"controlType":"sap.m.SearchField","properties":{"placeholder":"Search"},"searchOpenDialogs":true,"interaction":{"idSuffix":"I"}},"wdio_ui5_key":"sapm.SearchField{\"placeholder\":\"Search\"}"}]}
RESULT: {"script":"<script> [1562 bytes]","args":[{"selector":{"controlType":"sap.m.SearchField","properties":{"placeholder":"Search"},"searchOpenDialogs":true,"interaction":{"idSuffix":"I"}},"wdio_ui5_key":"sapm.SearchField{\"placeholder\":\"Search\"}"}]}
RESULT: undefined
COMMAND: POST /session/ba2432913a596e5fc4fa14806f816f85/execute/async - {"script":"<script> [776 bytes]","args":[{"enterText":"10001013","selector":{"controlType":"sap.m.SearchField","properties":{"placeholder":"Search"},"searchOpenDialogs":true,"interaction":{"idSuffix":"I"}},"clearTextFirst":true,"interactionType":"ENTER_TEXT"}]}
RESULT: {"script":"<script> [776 bytes]","args":[{"enterText":"10001013","selector":{"controlType":"sap.m.SearchField","properties":{"placeholder":"Search"},"searchOpenDialogs":true,"interaction":{"idSuffix":"I"}},"clearTextFirst":true,"interactionType":"ENTER_TEXT"}]}
COMMAND: POST /session/ba2432913a596e5fc4fa14806f816f85/actions - {"actions":[{"id":"action20","type":"key","parameters":{},"actions":[{"type":"keyDown","value":"î€‡"},{"type":"pause","duration":10},{"type":"keyUp","value":"î€‡"}]}]}
RESULT: {"actions":[{"id":"action20","type":"key","parameters":{},"actions":[{"type":"keyDown","value":"î€‡"},{"type":"pause","duration":10},{"type":"keyUp","value":"î€‡"}]}]}
COMMAND: GET /session/ba2432913a596e5fc4fa14806f816f85/screenshot - {}
RESULT: {}
COMMAND: POST /session/ba2432913a596e5fc4fa14806f816f85/element - {"using":"xpath","value":"//span[contains(text(), \"General Management\")]"}
RESULT: {"using":"xpath","value":"//span[contains(text(), \"General Management\")]"}
COMMAND: POST /session/ba2432913a596e5fc4fa14806f816f85/element/f.FF9A1E5259EB1E6B709B859A36B64A29.d.7F5194F5D2B4E0B2710107943D9292D5.e.6726/click - {}
RESULT: {}
COMMAND: GET /session/ba2432913a596e5fc4fa14806f816f85/screenshot - {}
RESULT: {}
COMMAND: POST /session/ba2432913a596e5fc4fa14806f816f85/element - {"using":"xpath","value":"//bdi[contains(text(), \"OK\")]"}
RESULT: {"using":"xpath","value":"//bdi[contains(text(), \"OK\")]"}
COMMAND: POST /session/ba2432913a596e5fc4fa14806f816f85/element/f.FF9A1E5259EB1E6B709B859A36B64A29.d.7F5194F5D2B4E0B2710107943D9292D5.e.6727/click - {}
RESULT: {}
COMMAND: GET /session/ba2432913a596e5fc4fa14806f816f85/screenshot - {}
RESULT: {}
COMMAND: POST /session/ba2432913a596e5fc4fa14806f816f85/execute/async - {"script":"<script> [1562 bytes]","args":[{"selector":{"id":"application-manageyards-display-component---NewYard--addressEditDetailsCurrency-arrow"},"wdio_ui5_key":"applicationmanageyards-display-component---NewYard--addressEditDetailsCurrency-arrow"}]}
RESULT: {"script":"<script> [1562 bytes]","args":[{"selector":{"id":"application-manageyards-display-component---NewYard--addressEditDetailsCurrency-arrow"},"wdio_ui5_key":"applicationmanageyards-display-component---NewYard--addressEditDetailsCurrency-arrow"}]}
RESULT: undefined
COMMAND: POST /session/ba2432913a596e5fc4fa14806f816f85/element - {"using":"xpath","value":"//*[@id=\"application-manageyards-display-component---NewYard--addressEditDetailsCurrency-arrow\"]"}
RESULT: {"using":"xpath","value":"//*[@id=\"application-manageyards-display-component---NewYard--addressEditDetailsCurrency-arrow\"]"}
COMMAND: POST /session/ba2432913a596e5fc4fa14806f816f85/element/f.FF9A1E5259EB1E6B709B859A36B64A29.d.7F5194F5D2B4E0B2710107943D9292D5.e.6730/click - {}
RESULT: {}
COMMAND: POST /session/ba2432913a596e5fc4fa14806f816f85/element - {"using":"xpath","value":"//span[contains(text(), \"Euro\")]"}
COMMAND: GET /session/ba2432913a596e5fc4fa14806f816f85/screenshot - {}
RESULT: {"using":"xpath","value":"//span[contains(text(), \"Euro\")]"}
COMMAND: POST /session/ba2432913a596e5fc4fa14806f816f85/element/f.FF9A1E5259EB1E6B709B859A36B64A29.d.7F5194F5D2B4E0B2710107943D9292D5.e.6731/click - {}
RESULT: {}
RESULT: {}
COMMAND: POST /session/ba2432913a596e5fc4fa14806f816f85/execute/async - {"script":"<script> [1562 bytes]","args":[{"selector":{"controlType":"sap.m.Input","viewName":"etm.portal.ui.manageyards.view.New","viewId":"application-manageyards-display-component---NewYard","bindingPath":{"path":"","propertyPath":"/CONTROLLING_AREA","modelName":"NewYardModel"},"interaction":{"idSuffix":"inner"}},"wdio_ui5_key":"etmportal.ui.manageyards.view.Newsap.m.Input{\"path\":\"\",\"propertyPath\":\"/CONTROLLING_AREA\",\"modelName\":\"NewYardModel\"}"}]}
COMMAND: GET /session/ba2432913a596e5fc4fa14806f816f85/screenshot - {}
RESULT: {"script":"<script> [1562 bytes]","args":[{"selector":{"controlType":"sap.m.Input","viewName":"etm.portal.ui.manageyards.view.New","viewId":"application-manageyards-display-component---NewYard","bindingPath":{"path":"","propertyPath":"/CONTROLLING_AREA","modelName":"NewYardModel"},"interaction":{"idSuffix":"inner"}},"wdio_ui5_key":"etmportal.ui.manageyards.view.Newsap.m.Input{\"path\":\"\",\"propertyPath\":\"/CONTROLLING_AREA\",\"modelName\":\"NewYardModel\"}"}]}
RESULT: undefined
COMMAND: POST /session/ba2432913a596e5fc4fa14806f816f85/execute/async - {"script":"<script> [776 bytes]","args":[{"enterText":"Z001","selector":{"controlType":"sap.m.Input","viewName":"etm.portal.ui.manageyards.view.New","viewId":"application-manageyards-display-component---NewYard","bindingPath":{"path":"","propertyPath":"/CONTROLLING_AREA","modelName":"NewYardModel"},"interaction":{"idSuffix":"inner"}},"clearTextFirst":true,"interactionType":"ENTER_TEXT"}]}
RESULT: {}
RESULT: {"script":"<script> [776 bytes]","args":[{"enterText":"Z001","selector":{"controlType":"sap.m.Input","viewName":"etm.portal.ui.manageyards.view.New","viewId":"application-manageyards-display-component---NewYard","bindingPath":{"path":"","propertyPath":"/CONTROLLING_AREA","modelName":"NewYardModel"},"interaction":{"idSuffix":"inner"}},"clearTextFirst":true,"interactionType":"ENTER_TEXT"}]}
COMMAND: POST /session/ba2432913a596e5fc4fa14806f816f85/execute/async - {"script":"<script> [1562 bytes]","args":[{"selector":{"id":"application-manageyards-display-component---NewYard--companyCodeComboBox","interaction":{"idSuffix":"inner"}},"wdio_ui5_key":"applicationmanageyards-display-component---NewYard--companyCodeComboBox"}]}
RESULT: {"script":"<script> [1562 bytes]","args":[{"selector":{"id":"application-manageyards-display-component---NewYard--companyCodeComboBox","interaction":{"idSuffix":"inner"}},"wdio_ui5_key":"applicationmanageyards-display-component---NewYard--companyCodeComboBox"}]}
RESULT: undefined
COMMAND: POST /session/ba2432913a596e5fc4fa14806f816f85/execute/async - {"script":"<script> [776 bytes]","args":[{"enterText":"1000","selector":{"id":"application-manageyards-display-component---NewYard--companyCodeComboBox","interaction":{"idSuffix":"inner"}},"clearTextFirst":true,"interactionType":"ENTER_TEXT"}]}
RESULT: {"script":"<script> [776 bytes]","args":[{"enterText":"1000","selector":{"id":"application-manageyards-display-component---NewYard--companyCodeComboBox","interaction":{"idSuffix":"inner"}},"clearTextFirst":true,"interactionType":"ENTER_TEXT"}]}
COMMAND: POST /session/ba2432913a596e5fc4fa14806f816f85/execute/async - {"script":"<script> [1562 bytes]","args":[{"selector":{"controlType":"sap.m.Input","viewName":"etm.portal.ui.manageyards.view.New","viewId":"application-manageyards-display-component---NewYard","bindingPath":{"path":"","propertyPath":"/PLANT","modelName":"NewYardModel"},"interaction":{"idSuffix":"inner"}},"wdio_ui5_key":"etmportal.ui.manageyards.view.Newsap.m.Input{\"path\":\"\",\"propertyPath\":\"/PLANT\",\"modelName\":\"NewYardModel\"}"}]}
RESULT: {"script":"<script> [1562 bytes]","args":[{"selector":{"controlType":"sap.m.Input","viewName":"etm.portal.ui.manageyards.view.New","viewId":"application-manageyards-display-component---NewYard","bindingPath":{"path":"","propertyPath":"/PLANT","modelName":"NewYardModel"},"interaction":{"idSuffix":"inner"}},"wdio_ui5_key":"etmportal.ui.manageyards.view.Newsap.m.Input{\"path\":\"\",\"propertyPath\":\"/PLANT\",\"modelName\":\"NewYardModel\"}"}]}
RESULT: undefined
COMMAND: POST /session/ba2432913a596e5fc4fa14806f816f85/execute/async - {"script":"<script> [776 bytes]","args":[{"enterText":"1001","selector":{"controlType":"sap.m.Input","viewName":"etm.portal.ui.manageyards.view.New","viewId":"application-manageyards-display-component---NewYard","bindingPath":{"path":"","propertyPath":"/PLANT","modelName":"NewYardModel"},"interaction":{"idSuffix":"inner"}},"clearTextFirst":true,"interactionType":"ENTER_TEXT"}]}
RESULT: {"script":"<script> [776 bytes]","args":[{"enterText":"1001","selector":{"controlType":"sap.m.Input","viewName":"etm.portal.ui.manageyards.view.New","viewId":"application-manageyards-display-component---NewYard","bindingPath":{"path":"","propertyPath":"/PLANT","modelName":"NewYardModel"},"interaction":{"idSuffix":"inner"}},"clearTextFirst":true,"interactionType":"ENTER_TEXT"}]}
COMMAND: POST /session/ba2432913a596e5fc4fa14806f816f85/execute/async - {"script":"<script> [1562 bytes]","args":[{"selector":{"controlType":"sap.m.Input","viewName":"etm.portal.ui.manageyards.view.New","viewId":"application-manageyards-display-component---NewYard","bindingPath":{"path":"","propertyPath":"/SALES_AREA_VKORG","modelName":"NewYardModel"},"interaction":{"idSuffix":"inner"}},"wdio_ui5_key":"etmportal.ui.manageyards.view.Newsap.m.Input{\"path\":\"\",\"propertyPath\":\"/SALES_AREA_VKORG\",\"modelName\":\"NewYardModel\"}"}]}
RESULT: {"script":"<script> [1562 bytes]","args":[{"selector":{"controlType":"sap.m.Input","viewName":"etm.portal.ui.manageyards.view.New","viewId":"application-manageyards-display-component---NewYard","bindingPath":{"path":"","propertyPath":"/SALES_AREA_VKORG","modelName":"NewYardModel"},"interaction":{"idSuffix":"inner"}},"wdio_ui5_key":"etmportal.ui.manageyards.view.Newsap.m.Input{\"path\":\"\",\"propertyPath\":\"/SALES_AREA_VKORG\",\"modelName\":\"NewYardModel\"}"}]}
RESULT: undefined
COMMAND: POST /session/ba2432913a596e5fc4fa14806f816f85/execute/async - {"script":"<script> [776 bytes]","args":[{"enterText":"C002","selector":{"controlType":"sap.m.Input","viewName":"etm.portal.ui.manageyards.view.New","viewId":"application-manageyards-display-component---NewYard","bindingPath":{"path":"","propertyPath":"/SALES_AREA_VKORG","modelName":"NewYardModel"},"interaction":{"idSuffix":"inner"}},"clearTextFirst":true,"interactionType":"ENTER_TEXT"}]}
RESULT: {"script":"<script> [776 bytes]","args":[{"enterText":"C002","selector":{"controlType":"sap.m.Input","viewName":"etm.portal.ui.manageyards.view.New","viewId":"application-manageyards-display-component---NewYard","bindingPath":{"path":"","propertyPath":"/SALES_AREA_VKORG","modelName":"NewYardModel"},"interaction":{"idSuffix":"inner"}},"clearTextFirst":true,"interactionType":"ENTER_TEXT"}]}
COMMAND: POST /session/ba2432913a596e5fc4fa14806f816f85/execute/async - {"script":"<script> [1562 bytes]","args":[{"selector":{"controlType":"sap.m.Input","viewName":"etm.portal.ui.manageyards.view.New","viewId":"application-manageyards-display-component---NewYard","bindingPath":{"path":"","propertyPath":"/SALES_AREA_VTWEG","modelName":"NewYardModel"},"interaction":{"idSuffix":"inner"}},"wdio_ui5_key":"etmportal.ui.manageyards.view.Newsap.m.Input{\"path\":\"\",\"propertyPath\":\"/SALES_AREA_VTWEG\",\"modelName\":\"NewYardModel\"}"}]}
RESULT: {"script":"<script> [1562 bytes]","args":[{"selector":{"controlType":"sap.m.Input","viewName":"etm.portal.ui.manageyards.view.New","viewId":"application-manageyards-display-component---NewYard","bindingPath":{"path":"","propertyPath":"/SALES_AREA_VTWEG","modelName":"NewYardModel"},"interaction":{"idSuffix":"inner"}},"wdio_ui5_key":"etmportal.ui.manageyards.view.Newsap.m.Input{\"path\":\"\",\"propertyPath\":\"/SALES_AREA_VTWEG\",\"modelName\":\"NewYardModel\"}"}]}
RESULT: undefined
COMMAND: POST /session/ba2432913a596e5fc4fa14806f816f85/execute/async - {"script":"<script> [776 bytes]","args":[{"enterText":"C2","selector":{"controlType":"sap.m.Input","viewName":"etm.portal.ui.manageyards.view.New","viewId":"application-manageyards-display-component---NewYard","bindingPath":{"path":"","propertyPath":"/SALES_AREA_VTWEG","modelName":"NewYardModel"},"interaction":{"idSuffix":"inner"}},"clearTextFirst":true,"interactionType":"ENTER_TEXT"}]}
RESULT: {"script":"<script> [776 bytes]","args":[{"enterText":"C2","selector":{"controlType":"sap.m.Input","viewName":"etm.portal.ui.manageyards.view.New","viewId":"application-manageyards-display-component---NewYard","bindingPath":{"path":"","propertyPath":"/SALES_AREA_VTWEG","modelName":"NewYardModel"},"interaction":{"idSuffix":"inner"}},"clearTextFirst":true,"interactionType":"ENTER_TEXT"}]}
COMMAND: POST /session/ba2432913a596e5fc4fa14806f816f85/execute/async - {"script":"<script> [1562 bytes]","args":[{"selector":{"controlType":"sap.m.Input","viewName":"etm.portal.ui.manageyards.view.New","viewId":"application-manageyards-display-component---NewYard","bindingPath":{"path":"","propertyPath":"/SALES_AREA_SPART","modelName":"NewYardModel"},"interaction":{"idSuffix":"inner"}},"wdio_ui5_key":"etmportal.ui.manageyards.view.Newsap.m.Input{\"path\":\"\",\"propertyPath\":\"/SALES_AREA_SPART\",\"modelName\":\"NewYardModel\"}"}]}
RESULT: {"script":"<script> [1562 bytes]","args":[{"selector":{"controlType":"sap.m.Input","viewName":"etm.portal.ui.manageyards.view.New","viewId":"application-manageyards-display-component---NewYard","bindingPath":{"path":"","propertyPath":"/SALES_AREA_SPART","modelName":"NewYardModel"},"interaction":{"idSuffix":"inner"}},"wdio_ui5_key":"etmportal.ui.manageyards.view.Newsap.m.Input{\"path\":\"\",\"propertyPath\":\"/SALES_AREA_SPART\",\"modelName\":\"NewYardModel\"}"}]}
RESULT: undefined
COMMAND: POST /session/ba2432913a596e5fc4fa14806f816f85/execute/async - {"script":"<script> [776 bytes]","args":[{"enterText":"C2","selector":{"controlType":"sap.m.Input","viewName":"etm.portal.ui.manageyards.view.New","viewId":"application-manageyards-display-component---NewYard","bindingPath":{"path":"","propertyPath":"/SALES_AREA_SPART","modelName":"NewYardModel"},"interaction":{"idSuffix":"inner"}},"clearTextFirst":true,"interactionType":"ENTER_TEXT"}]}
RESULT: {"script":"<script> [776 bytes]","args":[{"enterText":"C2","selector":{"controlType":"sap.m.Input","viewName":"etm.portal.ui.manageyards.view.New","viewId":"application-manageyards-display-component---NewYard","bindingPath":{"path":"","propertyPath":"/SALES_AREA_SPART","modelName":"NewYardModel"},"interaction":{"idSuffix":"inner"}},"clearTextFirst":true,"interactionType":"ENTER_TEXT"}]}
COMMAND: POST /session/ba2432913a596e5fc4fa14806f816f85/execute/async - {"script":"<script> [1562 bytes]","args":[{"selector":{"controlType":"sap.m.Input","viewName":"etm.portal.ui.manageyards.view.New","viewId":"application-manageyards-display-component---NewYard","bindingPath":{"path":"","propertyPath":"/SHIP_POINT","modelName":"NewYardModel"},"interaction":{"idSuffix":"inner"}},"wdio_ui5_key":"etmportal.ui.manageyards.view.Newsap.m.Input{\"path\":\"\",\"propertyPath\":\"/SHIP_POINT\",\"modelName\":\"NewYardModel\"}"}]}
RESULT: {"script":"<script> [1562 bytes]","args":[{"selector":{"controlType":"sap.m.Input","viewName":"etm.portal.ui.manageyards.view.New","viewId":"application-manageyards-display-component---NewYard","bindingPath":{"path":"","propertyPath":"/SHIP_POINT","modelName":"NewYardModel"},"interaction":{"idSuffix":"inner"}},"wdio_ui5_key":"etmportal.ui.manageyards.view.Newsap.m.Input{\"path\":\"\",\"propertyPath\":\"/SHIP_POINT\",\"modelName\":\"NewYardModel\"}"}]}
RESULT: undefined
COMMAND: POST /session/ba2432913a596e5fc4fa14806f816f85/execute/async - {"script":"<script> [776 bytes]","args":[{"enterText":"1710","selector":{"controlType":"sap.m.Input","viewName":"etm.portal.ui.manageyards.view.New","viewId":"application-manageyards-display-component---NewYard","bindingPath":{"path":"","propertyPath":"/SHIP_POINT","modelName":"NewYardModel"},"interaction":{"idSuffix":"inner"}},"clearTextFirst":true,"interactionType":"ENTER_TEXT"}]}
RESULT: {"script":"<script> [776 bytes]","args":[{"enterText":"1710","selector":{"controlType":"sap.m.Input","viewName":"etm.portal.ui.manageyards.view.New","viewId":"application-manageyards-display-component---NewYard","bindingPath":{"path":"","propertyPath":"/SHIP_POINT","modelName":"NewYardModel"},"interaction":{"idSuffix":"inner"}},"clearTextFirst":true,"interactionType":"ENTER_TEXT"}]}
COMMAND: POST /session/ba2432913a596e5fc4fa14806f816f85/execute/async - {"script":"<script> [1562 bytes]","args":[{"selector":{"controlType":"sap.m.Input","viewName":"etm.portal.ui.manageyards.view.New","viewId":"application-manageyards-display-component---NewYard","bindingPath":{"path":"","propertyPath":"/DELIVERY_TYPE","modelName":"NewYardModel"},"interaction":{"idSuffix":"inner"}},"wdio_ui5_key":"etmportal.ui.manageyards.view.Newsap.m.Input{\"path\":\"\",\"propertyPath\":\"/DELIVERY_TYPE\",\"modelName\":\"NewYardModel\"}"}]}
RESULT: {"script":"<script> [1562 bytes]","args":[{"selector":{"controlType":"sap.m.Input","viewName":"etm.portal.ui.manageyards.view.New","viewId":"application-manageyards-display-component---NewYard","bindingPath":{"path":"","propertyPath":"/DELIVERY_TYPE","modelName":"NewYardModel"},"interaction":{"idSuffix":"inner"}},"wdio_ui5_key":"etmportal.ui.manageyards.view.Newsap.m.Input{\"path\":\"\",\"propertyPath\":\"/DELIVERY_TYPE\",\"modelName\":\"NewYardModel\"}"}]}
RESULT: undefined
COMMAND: POST /session/ba2432913a596e5fc4fa14806f816f85/execute/async - {"script":"<script> [776 bytes]","args":[{"enterText":"ZL01","selector":{"controlType":"sap.m.Input","viewName":"etm.portal.ui.manageyards.view.New","viewId":"application-manageyards-display-component---NewYard","bindingPath":{"path":"","propertyPath":"/DELIVERY_TYPE","modelName":"NewYardModel"},"interaction":{"idSuffix":"inner"}},"clearTextFirst":true,"interactionType":"ENTER_TEXT"}]}
RESULT: {"script":"<script> [776 bytes]","args":[{"enterText":"ZL01","selector":{"controlType":"sap.m.Input","viewName":"etm.portal.ui.manageyards.view.New","viewId":"application-manageyards-display-component---NewYard","bindingPath":{"path":"","propertyPath":"/DELIVERY_TYPE","modelName":"NewYardModel"},"interaction":{"idSuffix":"inner"}},"clearTextFirst":true,"interactionType":"ENTER_TEXT"}]}
COMMAND: POST /session/ba2432913a596e5fc4fa14806f816f85/execute/async - {"script":"<script> [1562 bytes]","args":[{"selector":{"controlType":"sap.m.Input","viewName":"etm.portal.ui.manageyards.view.New","viewId":"application-manageyards-display-component---NewYard","bindingPath":{"path":"","propertyPath":"/AUART","modelName":"NewYardModel"},"interaction":{"idSuffix":"inner"}},"wdio_ui5_key":"etmportal.ui.manageyards.view.Newsap.m.Input{\"path\":\"\",\"propertyPath\":\"/AUART\",\"modelName\":\"NewYardModel\"}"}]}
RESULT: {"script":"<script> [1562 bytes]","args":[{"selector":{"controlType":"sap.m.Input","viewName":"etm.portal.ui.manageyards.view.New","viewId":"application-manageyards-display-component---NewYard","bindingPath":{"path":"","propertyPath":"/AUART","modelName":"NewYardModel"},"interaction":{"idSuffix":"inner"}},"wdio_ui5_key":"etmportal.ui.manageyards.view.Newsap.m.Input{\"path\":\"\",\"propertyPath\":\"/AUART\",\"modelName\":\"NewYardModel\"}"}]}
RESULT: undefined
COMMAND: POST /session/ba2432913a596e5fc4fa14806f816f85/execute/async - {"script":"<script> [776 bytes]","args":[{"enterText":"TA","selector":{"controlType":"sap.m.Input","viewName":"etm.portal.ui.manageyards.view.New","viewId":"application-manageyards-display-component---NewYard","bindingPath":{"path":"","propertyPath":"/AUART","modelName":"NewYardModel"},"interaction":{"idSuffix":"inner"}},"clearTextFirst":true,"interactionType":"ENTER_TEXT"}]}
RESULT: {"script":"<script> [776 bytes]","args":[{"enterText":"TA","selector":{"controlType":"sap.m.Input","viewName":"etm.portal.ui.manageyards.view.New","viewId":"application-manageyards-display-component---NewYard","bindingPath":{"path":"","propertyPath":"/AUART","modelName":"NewYardModel"},"interaction":{"idSuffix":"inner"}},"clearTextFirst":true,"interactionType":"ENTER_TEXT"}]}
COMMAND: POST /session/ba2432913a596e5fc4fa14806f816f85/element - {"using":"xpath","value":"//button[@data-kt=\"newYardSaveButton\"]"}
RESULT: {"using":"xpath","value":"//button[@data-kt=\"newYardSaveButton\"]"}
COMMAND: POST /session/ba2432913a596e5fc4fa14806f816f85/element/f.FF9A1E5259EB1E6B709B859A36B64A29.d.7F5194F5D2B4E0B2710107943D9292D5.e.6665/click - {}
RESULT: {}
COMMAND: GET /session/ba2432913a596e5fc4fa14806f816f85/screenshot - {}
COMMAND: POST /session/ba2432913a596e5fc4fa14806f816f85/element - {"using":"xpath","value":"//header[contains(@id, 'ObjectPageLayout-headerTitle')]/div[1]/div[2]/div[1]/span[1]"}
RESULT: {}
RESULT: {"using":"xpath","value":"//header[contains(@id, 'ObjectPageLayout-headerTitle')]/div[1]/div[2]/div[1]/span[1]"}
COMMAND: POST /session/ba2432913a596e5fc4fa14806f816f85/elements - {"using":"xpath","value":"//header[contains(@id, 'ObjectPageLayout-headerTitle')]/div[1]/div[2]/div[1]/span[1]"}
RESULT: {"using":"xpath","value":"//header[contains(@id, 'ObjectPageLayout-headerTitle')]/div[1]/div[2]/div[1]/span[1]"}
COMMAND: POST /session/ba2432913a596e5fc4fa14806f816f85/execute/sync - {"script":"<script> [56 bytes]","args":[{"element-6066-11e4-a52e-4f735466cecf":"f.FF9A1E5259EB1E6B709B859A36B64A29.d.7F5194F5D2B4E0B2710107943D9292D5.e.6953","ELEMENT":"f.FF9A1E5259EB1E6B709B859A36B64A29.d.7F5194F5D2B4E0B2710107943D9292D5.e.6953"}]}
RESULT: {"script":"<script> [56 bytes]","args":[{"element-6066-11e4-a52e-4f735466cecf":"f.FF9A1E5259EB1E6B709B859A36B64A29.d.7F5194F5D2B4E0B2710107943D9292D5.e.6953","ELEMENT":"f.FF9A1E5259EB1E6B709B859A36B64A29.d.7F5194F5D2B4E0B2710107943D9292D5.e.6953"}]}
COMMAND: GET /session/ba2432913a596e5fc4fa14806f816f85/screenshot - {}
RESULT: {}
COMMAND: POST /session/ba2432913a596e5fc4fa14806f816f85/element - {"using":"css selector","value":"#shell-header-logo"}
RESULT: {"using":"css selector","value":"#shell-header-logo"}
COMMAND: POST /session/ba2432913a596e5fc4fa14806f816f85/element/f.FF9A1E5259EB1E6B709B859A36B64A29.d.7F5194F5D2B4E0B2710107943D9292D5.e.6213/click - {}
RESULT: {}
COMMAND: GET /session/ba2432913a596e5fc4fa14806f816f85/screenshot - {}
RESULT: {}
COMMAND: POST /session/ba2432913a596e5fc4fa14806f816f85/execute/sync - {"script":"<script> [299 bytes]","args":[["getModel","getResource"]]}
RESULT: {"script":"<script> [299 bytes]","args":[["getModel","getResource"]]}
COMMAND: GET /session/ba2432913a596e5fc4fa14806f816f85/screenshot - {}
]]></system-out>
    </testcase>
    <testcase classname="chrome.135_0_7049_96.windows.Create_master_data_for_mixed_billing_&amp;_do_billing_calculation_US151661" name="Should create a new partner" time="134.635">
      <system-out><![CDATA[
COMMAND: POST /session/ba2432913a596e5fc4fa14806f816f85/window/fullscreen - {}
RESULT: {}
RESULT: {}
COMMAND: POST /session/ba2432913a596e5fc4fa14806f816f85/execute/async - {"script":"<script> [1562 bytes]","args":[{"selector":{"controlType":"sap.m.GenericTile","properties":{"header":"Manage Partners"}},"wdio_ui5_key":"sapm.GenericTile{\"header\":\"Manage Partners\"}"}]}
RESULT: {"script":"<script> [1562 bytes]","args":[{"selector":{"controlType":"sap.m.GenericTile","properties":{"header":"Manage Partners"}},"wdio_ui5_key":"sapm.GenericTile{\"header\":\"Manage Partners\"}"}]}
RESULT: undefined
COMMAND: POST /session/ba2432913a596e5fc4fa14806f816f85/element - {"using":"xpath","value":"//*[@id=\"__tile38\"]"}
RESULT: {"using":"xpath","value":"//*[@id=\"__tile38\"]"}
COMMAND: POST /session/ba2432913a596e5fc4fa14806f816f85/element/f.FF9A1E5259EB1E6B709B859A36B64A29.d.7F5194F5D2B4E0B2710107943D9292D5.e.6104/click - {}
RESULT: {}
COMMAND: POST /session/ba2432913a596e5fc4fa14806f816f85/element - {"using":"xpath","value":"//button[@data-kt=\"addButton\"]"}
COMMAND: GET /session/ba2432913a596e5fc4fa14806f816f85/screenshot - {}
RESULT: {"using":"xpath","value":"//button[@data-kt=\"addButton\"]"}
COMMAND: POST /session/ba2432913a596e5fc4fa14806f816f85/elements - {"using":"xpath","value":"//button[@data-kt=\"addButton\"]"}
RESULT: {}
RESULT: {"using":"xpath","value":"//button[@data-kt=\"addButton\"]"}
COMMAND: POST /session/ba2432913a596e5fc4fa14806f816f85/elements - {"using":"xpath","value":"//button[@data-kt=\"addButton\"]"}
RESULT: {"using":"xpath","value":"//button[@data-kt=\"addButton\"]"}
COMMAND: POST /session/ba2432913a596e5fc4fa14806f816f85/elements - {"using":"xpath","value":"//button[@data-kt=\"addButton\"]"}
RESULT: {"using":"xpath","value":"//button[@data-kt=\"addButton\"]"}
COMMAND: POST /session/ba2432913a596e5fc4fa14806f816f85/elements - {"using":"xpath","value":"//button[@data-kt=\"addButton\"]"}
RESULT: {"using":"xpath","value":"//button[@data-kt=\"addButton\"]"}
COMMAND: POST /session/ba2432913a596e5fc4fa14806f816f85/elements - {"using":"xpath","value":"//button[@data-kt=\"addButton\"]"}
RESULT: {"using":"xpath","value":"//button[@data-kt=\"addButton\"]"}
COMMAND: POST /session/ba2432913a596e5fc4fa14806f816f85/elements - {"using":"xpath","value":"//button[@data-kt=\"addButton\"]"}
RESULT: {"using":"xpath","value":"//button[@data-kt=\"addButton\"]"}
COMMAND: POST /session/ba2432913a596e5fc4fa14806f816f85/elements - {"using":"xpath","value":"//button[@data-kt=\"addButton\"]"}
RESULT: {"using":"xpath","value":"//button[@data-kt=\"addButton\"]"}
COMMAND: POST /session/ba2432913a596e5fc4fa14806f816f85/elements - {"using":"xpath","value":"//button[@data-kt=\"addButton\"]"}
RESULT: {"using":"xpath","value":"//button[@data-kt=\"addButton\"]"}
COMMAND: POST /session/ba2432913a596e5fc4fa14806f816f85/elements - {"using":"xpath","value":"//button[@data-kt=\"addButton\"]"}
RESULT: {"using":"xpath","value":"//button[@data-kt=\"addButton\"]"}
COMMAND: POST /session/ba2432913a596e5fc4fa14806f816f85/elements - {"using":"xpath","value":"//button[@data-kt=\"addButton\"]"}
RESULT: {"using":"xpath","value":"//button[@data-kt=\"addButton\"]"}
COMMAND: POST /session/ba2432913a596e5fc4fa14806f816f85/element - {"using":"xpath","value":"//button[@data-kt=\"addButton\"]"}
RESULT: {"using":"xpath","value":"//button[@data-kt=\"addButton\"]"}
COMMAND: POST /session/ba2432913a596e5fc4fa14806f816f85/execute/sync - {"script":"<script> [8489 bytes]","args":[{"element-6066-11e4-a52e-4f735466cecf":"f.FF9A1E5259EB1E6B709B859A36B64A29.d.7F5194F5D2B4E0B2710107943D9292D5.e.6993","ELEMENT":"f.FF9A1E5259EB1E6B709B859A36B64A29.d.7F5194F5D2B4E0B2710107943D9292D5.e.6993"}]}
RESULT: {"script":"<script> [8489 bytes]","args":[{"element-6066-11e4-a52e-4f735466cecf":"f.FF9A1E5259EB1E6B709B859A36B64A29.d.7F5194F5D2B4E0B2710107943D9292D5.e.6993","ELEMENT":"f.FF9A1E5259EB1E6B709B859A36B64A29.d.7F5194F5D2B4E0B2710107943D9292D5.e.6993"}]}
COMMAND: GET /session/ba2432913a596e5fc4fa14806f816f85/element/f.FF9A1E5259EB1E6B709B859A36B64A29.d.7F5194F5D2B4E0B2710107943D9292D5.e.6993/enabled - {}
COMMAND: GET /session/ba2432913a596e5fc4fa14806f816f85/screenshot - {}
RESULT: {}
COMMAND: POST /session/ba2432913a596e5fc4fa14806f816f85/execute/sync - {"script":"<script> [8489 bytes]","args":[{"element-6066-11e4-a52e-4f735466cecf":"f.FF9A1E5259EB1E6B709B859A36B64A29.d.7F5194F5D2B4E0B2710107943D9292D5.e.6993","ELEMENT":"f.FF9A1E5259EB1E6B709B859A36B64A29.d.7F5194F5D2B4E0B2710107943D9292D5.e.6993"}]}
COMMAND: GET /session/ba2432913a596e5fc4fa14806f816f85/screenshot - {}
RESULT: {}
RESULT: {"script":"<script> [8489 bytes]","args":[{"element-6066-11e4-a52e-4f735466cecf":"f.FF9A1E5259EB1E6B709B859A36B64A29.d.7F5194F5D2B4E0B2710107943D9292D5.e.6993","ELEMENT":"f.FF9A1E5259EB1E6B709B859A36B64A29.d.7F5194F5D2B4E0B2710107943D9292D5.e.6993"}]}
COMMAND: POST /session/ba2432913a596e5fc4fa14806f816f85/execute/sync - {"script":"<script> [5351 bytes]","args":[{"element-6066-11e4-a52e-4f735466cecf":"f.FF9A1E5259EB1E6B709B859A36B64A29.d.7F5194F5D2B4E0B2710107943D9292D5.e.6993","ELEMENT":"f.FF9A1E5259EB1E6B709B859A36B64A29.d.7F5194F5D2B4E0B2710107943D9292D5.e.6993"}]}
COMMAND: GET /session/ba2432913a596e5fc4fa14806f816f85/screenshot - {}
RESULT: {}
RESULT: {"script":"<script> [5351 bytes]","args":[{"element-6066-11e4-a52e-4f735466cecf":"f.FF9A1E5259EB1E6B709B859A36B64A29.d.7F5194F5D2B4E0B2710107943D9292D5.e.6993","ELEMENT":"f.FF9A1E5259EB1E6B709B859A36B64A29.d.7F5194F5D2B4E0B2710107943D9292D5.e.6993"}]}
COMMAND: POST /session/ba2432913a596e5fc4fa14806f816f85/element/f.FF9A1E5259EB1E6B709B859A36B64A29.d.7F5194F5D2B4E0B2710107943D9292D5.e.6993/click - {}
COMMAND: GET /session/ba2432913a596e5fc4fa14806f816f85/screenshot - {}
RESULT: {}
RESULT: {}
COMMAND: GET /session/ba2432913a596e5fc4fa14806f816f85/screenshot - {}
RESULT: {}
RESULT: {}
COMMAND: POST /session/ba2432913a596e5fc4fa14806f816f85/execute/async - {"script":"<script> [1562 bytes]","args":[{"selector":{"id":"application-managepartners-display-component---NewPartner--addressDetailDetailsName1","interaction":{"idSuffix":"inner"}},"wdio_ui5_key":"applicationmanagepartners-display-component---NewPartner--addressDetailDetailsName1"}]}
RESULT: {"script":"<script> [1562 bytes]","args":[{"selector":{"id":"application-managepartners-display-component---NewPartner--addressDetailDetailsName1","interaction":{"idSuffix":"inner"}},"wdio_ui5_key":"applicationmanagepartners-display-component---NewPartner--addressDetailDetailsName1"}]}
RESULT: undefined
COMMAND: POST /session/ba2432913a596e5fc4fa14806f816f85/execute/async - {"script":"<script> [776 bytes]","args":[{"enterText":"Intercompany Partner WDIO","selector":{"id":"application-managepartners-display-component---NewPartner--addressDetailDetailsName1","interaction":{"idSuffix":"inner"}},"clearTextFirst":true,"interactionType":"ENTER_TEXT"}]}
RESULT: {"script":"<script> [776 bytes]","args":[{"enterText":"Intercompany Partner WDIO","selector":{"id":"application-managepartners-display-component---NewPartner--addressDetailDetailsName1","interaction":{"idSuffix":"inner"}},"clearTextFirst":true,"interactionType":"ENTER_TEXT"}]}
COMMAND: POST /session/ba2432913a596e5fc4fa14806f816f85/execute/async - {"script":"<script> [1562 bytes]","args":[{"selector":{"id":"application-managepartners-display-component---NewPartner--addressDetailDetailsLanguage-arrow"},"wdio_ui5_key":"applicationmanagepartners-display-component---NewPartner--addressDetailDetailsLanguage-arrow"}]}
RESULT: {"script":"<script> [1562 bytes]","args":[{"selector":{"id":"application-managepartners-display-component---NewPartner--addressDetailDetailsLanguage-arrow"},"wdio_ui5_key":"applicationmanagepartners-display-component---NewPartner--addressDetailDetailsLanguage-arrow"}]}
RESULT: undefined
COMMAND: POST /session/ba2432913a596e5fc4fa14806f816f85/element - {"using":"xpath","value":"//*[@id=\"application-managepartners-display-component---NewPartner--addressDetailDetailsLanguage-arrow\"]"}
RESULT: {"using":"xpath","value":"//*[@id=\"application-managepartners-display-component---NewPartner--addressDetailDetailsLanguage-arrow\"]"}
COMMAND: POST /session/ba2432913a596e5fc4fa14806f816f85/element/f.FF9A1E5259EB1E6B709B859A36B64A29.d.7F5194F5D2B4E0B2710107943D9292D5.e.7451/click - {}
RESULT: {}
COMMAND: POST /session/ba2432913a596e5fc4fa14806f816f85/element - {"using":"xpath","value":"//span[contains(text(), \"English\")]"}
COMMAND: GET /session/ba2432913a596e5fc4fa14806f816f85/screenshot - {}
RESULT: {"using":"xpath","value":"//span[contains(text(), \"English\")]"}
COMMAND: POST /session/ba2432913a596e5fc4fa14806f816f85/element/f.FF9A1E5259EB1E6B709B859A36B64A29.d.7F5194F5D2B4E0B2710107943D9292D5.e.7452/click - {}
RESULT: {}
RESULT: {}
COMMAND: GET /session/ba2432913a596e5fc4fa14806f816f85/screenshot - {}
RESULT: {}
COMMAND: POST /session/ba2432913a596e5fc4fa14806f816f85/execute/async - {"script":"<script> [1562 bytes]","args":[{"selector":{"id":"application-managepartners-display-component---NewPartner--addressDetailDetailsCity1","interaction":{"idSuffix":"inner"}},"wdio_ui5_key":"applicationmanagepartners-display-component---NewPartner--addressDetailDetailsCity1"}]}
RESULT: {"script":"<script> [1562 bytes]","args":[{"selector":{"id":"application-managepartners-display-component---NewPartner--addressDetailDetailsCity1","interaction":{"idSuffix":"inner"}},"wdio_ui5_key":"applicationmanagepartners-display-component---NewPartner--addressDetailDetailsCity1"}]}
RESULT: undefined
COMMAND: POST /session/ba2432913a596e5fc4fa14806f816f85/execute/async - {"script":"<script> [776 bytes]","args":[{"enterText":"Rosario","selector":{"id":"application-managepartners-display-component---NewPartner--addressDetailDetailsCity1","interaction":{"idSuffix":"inner"}},"clearTextFirst":true,"interactionType":"ENTER_TEXT"}]}
RESULT: {"script":"<script> [776 bytes]","args":[{"enterText":"Rosario","selector":{"id":"application-managepartners-display-component---NewPartner--addressDetailDetailsCity1","interaction":{"idSuffix":"inner"}},"clearTextFirst":true,"interactionType":"ENTER_TEXT"}]}
COMMAND: POST /session/ba2432913a596e5fc4fa14806f816f85/execute/async - {"script":"<script> [1562 bytes]","args":[{"selector":{"id":"application-managepartners-display-component---NewPartner--addressDetailDetailsCountry-arrow"},"wdio_ui5_key":"applicationmanagepartners-display-component---NewPartner--addressDetailDetailsCountry-arrow"}]}
RESULT: {"script":"<script> [1562 bytes]","args":[{"selector":{"id":"application-managepartners-display-component---NewPartner--addressDetailDetailsCountry-arrow"},"wdio_ui5_key":"applicationmanagepartners-display-component---NewPartner--addressDetailDetailsCountry-arrow"}]}
RESULT: undefined
COMMAND: POST /session/ba2432913a596e5fc4fa14806f816f85/element - {"using":"xpath","value":"//*[@id=\"application-managepartners-display-component---NewPartner--addressDetailDetailsCountry-arrow\"]"}
RESULT: {"using":"xpath","value":"//*[@id=\"application-managepartners-display-component---NewPartner--addressDetailDetailsCountry-arrow\"]"}
COMMAND: POST /session/ba2432913a596e5fc4fa14806f816f85/element/f.FF9A1E5259EB1E6B709B859A36B64A29.d.7F5194F5D2B4E0B2710107943D9292D5.e.7275/click - {}
RESULT: {}
COMMAND: POST /session/ba2432913a596e5fc4fa14806f816f85/element - {"using":"xpath","value":"//span[contains(text(), \"Argentina\")]"}
COMMAND: GET /session/ba2432913a596e5fc4fa14806f816f85/screenshot - {}
RESULT: {"using":"xpath","value":"//span[contains(text(), \"Argentina\")]"}
COMMAND: POST /session/ba2432913a596e5fc4fa14806f816f85/element/f.FF9A1E5259EB1E6B709B859A36B64A29.d.7F5194F5D2B4E0B2710107943D9292D5.e.7454/click - {}
RESULT: {}
RESULT: {}
COMMAND: GET /session/ba2432913a596e5fc4fa14806f816f85/screenshot - {}
RESULT: {}
COMMAND: POST /session/ba2432913a596e5fc4fa14806f816f85/element - {"using":"xpath","value":"//bdi[contains(text(), \"Commercial\")]"}
RESULT: {"using":"xpath","value":"//bdi[contains(text(), \"Commercial\")]"}
COMMAND: POST /session/ba2432913a596e5fc4fa14806f816f85/element/f.FF9A1E5259EB1E6B709B859A36B64A29.d.7F5194F5D2B4E0B2710107943D9292D5.e.7455/click - {}
RESULT: {}
COMMAND: GET /session/ba2432913a596e5fc4fa14806f816f85/screenshot - {}
RESULT: {}
COMMAND: POST /session/ba2432913a596e5fc4fa14806f816f85/execute/async - {"script":"<script> [1562 bytes]","args":[{"selector":{"id":"application-managepartners-display-component---NewPartner--partnerDetailInternal-arrow"},"wdio_ui5_key":"applicationmanagepartners-display-component---NewPartner--partnerDetailInternal-arrow"}]}
RESULT: {"script":"<script> [1562 bytes]","args":[{"selector":{"id":"application-managepartners-display-component---NewPartner--partnerDetailInternal-arrow"},"wdio_ui5_key":"applicationmanagepartners-display-component---NewPartner--partnerDetailInternal-arrow"}]}
RESULT: undefined
COMMAND: POST /session/ba2432913a596e5fc4fa14806f816f85/element - {"using":"xpath","value":"//*[@id=\"application-managepartners-display-component---NewPartner--partnerDetailInternal-arrow\"]"}
RESULT: {"using":"xpath","value":"//*[@id=\"application-managepartners-display-component---NewPartner--partnerDetailInternal-arrow\"]"}
COMMAND: POST /session/ba2432913a596e5fc4fa14806f816f85/element/f.FF9A1E5259EB1E6B709B859A36B64A29.d.7F5194F5D2B4E0B2710107943D9292D5.e.7461/click - {}
RESULT: {}
COMMAND: POST /session/ba2432913a596e5fc4fa14806f816f85/element - {"using":"xpath","value":"//span[contains(text(), \"Affiliated company\")]"}
COMMAND: GET /session/ba2432913a596e5fc4fa14806f816f85/screenshot - {}
RESULT: {"using":"xpath","value":"//span[contains(text(), \"Affiliated company\")]"}
COMMAND: POST /session/ba2432913a596e5fc4fa14806f816f85/element/f.FF9A1E5259EB1E6B709B859A36B64A29.d.7F5194F5D2B4E0B2710107943D9292D5.e.7464/click - {}
RESULT: {}
RESULT: {}
COMMAND: POST /session/ba2432913a596e5fc4fa14806f816f85/execute/async - {"script":"<script> [1562 bytes]","args":[{"selector":{"id":"application-managepartners-display-component---NewPartner--partnerDetailsCurrency-arrow"},"wdio_ui5_key":"applicationmanagepartners-display-component---NewPartner--partnerDetailsCurrency-arrow"}]}
COMMAND: GET /session/ba2432913a596e5fc4fa14806f816f85/screenshot - {}
RESULT: {"script":"<script> [1562 bytes]","args":[{"selector":{"id":"application-managepartners-display-component---NewPartner--partnerDetailsCurrency-arrow"},"wdio_ui5_key":"applicationmanagepartners-display-component---NewPartner--partnerDetailsCurrency-arrow"}]}
RESULT: undefined
COMMAND: POST /session/ba2432913a596e5fc4fa14806f816f85/element - {"using":"xpath","value":"//*[@id=\"application-managepartners-display-component---NewPartner--partnerDetailsCurrency-arrow\"]"}
RESULT: {}
RESULT: {"using":"xpath","value":"//*[@id=\"application-managepartners-display-component---NewPartner--partnerDetailsCurrency-arrow\"]"}
COMMAND: POST /session/ba2432913a596e5fc4fa14806f816f85/element/f.FF9A1E5259EB1E6B709B859A36B64A29.d.7F5194F5D2B4E0B2710107943D9292D5.e.7471/click - {}
RESULT: {}
COMMAND: POST /session/ba2432913a596e5fc4fa14806f816f85/element - {"using":"xpath","value":"//span[contains(text(), \"Euro\")]"}
COMMAND: GET /session/ba2432913a596e5fc4fa14806f816f85/screenshot - {}
RESULT: {"using":"xpath","value":"//span[contains(text(), \"Euro\")]"}
COMMAND: POST /session/ba2432913a596e5fc4fa14806f816f85/element/f.FF9A1E5259EB1E6B709B859A36B64A29.d.7F5194F5D2B4E0B2710107943D9292D5.e.7472/click - {}
RESULT: {}
RESULT: {}
COMMAND: POST /session/ba2432913a596e5fc4fa14806f816f85/execute/async - {"script":"<script> [1562 bytes]","args":[{"selector":{"id":"application-managepartners-display-component---NewPartner--addressEditDetailsCostObjectCstType-arrow"},"wdio_ui5_key":"applicationmanagepartners-display-component---NewPartner--addressEditDetailsCostObjectCstType-arrow"}]}
COMMAND: GET /session/ba2432913a596e5fc4fa14806f816f85/screenshot - {}
RESULT: {"script":"<script> [1562 bytes]","args":[{"selector":{"id":"application-managepartners-display-component---NewPartner--addressEditDetailsCostObjectCstType-arrow"},"wdio_ui5_key":"applicationmanagepartners-display-component---NewPartner--addressEditDetailsCostObjectCstType-arrow"}]}
RESULT: undefined
COMMAND: POST /session/ba2432913a596e5fc4fa14806f816f85/element - {"using":"xpath","value":"//*[@id=\"application-managepartners-display-component---NewPartner--addressEditDetailsCostObjectCstType-arrow\"]"}
RESULT: {}
RESULT: {"using":"xpath","value":"//*[@id=\"application-managepartners-display-component---NewPartner--addressEditDetailsCostObjectCstType-arrow\"]"}
COMMAND: POST /session/ba2432913a596e5fc4fa14806f816f85/element/f.FF9A1E5259EB1E6B709B859A36B64A29.d.7F5194F5D2B4E0B2710107943D9292D5.e.7473/click - {}
RESULT: {}
COMMAND: POST /session/ba2432913a596e5fc4fa14806f816f85/element - {"using":"xpath","value":"//span[contains(text(), \"Cost Center\")]"}
COMMAND: GET /session/ba2432913a596e5fc4fa14806f816f85/screenshot - {}
RESULT: {"using":"xpath","value":"//span[contains(text(), \"Cost Center\")]"}
COMMAND: POST /session/ba2432913a596e5fc4fa14806f816f85/element/f.FF9A1E5259EB1E6B709B859A36B64A29.d.7F5194F5D2B4E0B2710107943D9292D5.e.7474/click - {}
RESULT: {}
RESULT: {}
COMMAND: GET /session/ba2432913a596e5fc4fa14806f816f85/screenshot - {}
RESULT: {}
COMMAND: POST /session/ba2432913a596e5fc4fa14806f816f85/element - {"using":"xpath","value":"//span[@id=\"application-managepartners-display-component---NewPartner--addressNewCostObjectCstID-vhi\"]"}
RESULT: {"using":"xpath","value":"//span[@id=\"application-managepartners-display-component---NewPartner--addressNewCostObjectCstID-vhi\"]"}
COMMAND: POST /session/ba2432913a596e5fc4fa14806f816f85/execute/sync - {"script":"<script> [8489 bytes]","args":[{"element-6066-11e4-a52e-4f735466cecf":"f.FF9A1E5259EB1E6B709B859A36B64A29.d.7F5194F5D2B4E0B2710107943D9292D5.e.7478","ELEMENT":"f.FF9A1E5259EB1E6B709B859A36B64A29.d.7F5194F5D2B4E0B2710107943D9292D5.e.7478"}]}
RESULT: {"script":"<script> [8489 bytes]","args":[{"element-6066-11e4-a52e-4f735466cecf":"f.FF9A1E5259EB1E6B709B859A36B64A29.d.7F5194F5D2B4E0B2710107943D9292D5.e.7478","ELEMENT":"f.FF9A1E5259EB1E6B709B859A36B64A29.d.7F5194F5D2B4E0B2710107943D9292D5.e.7478"}]}
COMMAND: POST /session/ba2432913a596e5fc4fa14806f816f85/execute/async - {"script":"<script> [1562 bytes]","args":[{"selector":{"id":"application-managepartners-display-component---NewPartner--addressNewCostObjectCstID-vhi"},"wdio_ui5_key":"applicationmanagepartners-display-component---NewPartner--addressNewCostObjectCstID-vhi"}]}
COMMAND: GET /session/ba2432913a596e5fc4fa14806f816f85/screenshot - {}
RESULT: {"script":"<script> [1562 bytes]","args":[{"selector":{"id":"application-managepartners-display-component---NewPartner--addressNewCostObjectCstID-vhi"},"wdio_ui5_key":"applicationmanagepartners-display-component---NewPartner--addressNewCostObjectCstID-vhi"}]}
RESULT: undefined
COMMAND: POST /session/ba2432913a596e5fc4fa14806f816f85/element - {"using":"xpath","value":"//*[@id=\"application-managepartners-display-component---NewPartner--addressNewCostObjectCstID-vhi\"]"}
RESULT: {}
RESULT: {"using":"xpath","value":"//*[@id=\"application-managepartners-display-component---NewPartner--addressNewCostObjectCstID-vhi\"]"}
COMMAND: POST /session/ba2432913a596e5fc4fa14806f816f85/element/f.FF9A1E5259EB1E6B709B859A36B64A29.d.7F5194F5D2B4E0B2710107943D9292D5.e.7478/click - {}
RESULT: {}
COMMAND: GET /session/ba2432913a596e5fc4fa14806f816f85/screenshot - {}
RESULT: {}
RESULT: undefined
COMMAND: POST /session/ba2432913a596e5fc4fa14806f816f85/execute/async - {"script":"<script> [776 bytes]","args":[{"enterText":"10001013","selector":{"controlType":"sap.m.SearchField","properties":{"placeholder":"Search"},"searchOpenDialogs":true,"interaction":{"idSuffix":"I"}},"clearTextFirst":true,"interactionType":"ENTER_TEXT"}]}
RESULT: {"script":"<script> [776 bytes]","args":[{"enterText":"10001013","selector":{"controlType":"sap.m.SearchField","properties":{"placeholder":"Search"},"searchOpenDialogs":true,"interaction":{"idSuffix":"I"}},"clearTextFirst":true,"interactionType":"ENTER_TEXT"}]}
COMMAND: POST /session/ba2432913a596e5fc4fa14806f816f85/actions - {"actions":[{"id":"action21","type":"key","parameters":{},"actions":[{"type":"keyDown","value":"î€‡"},{"type":"pause","duration":10},{"type":"keyUp","value":"î€‡"}]}]}
RESULT: {"actions":[{"id":"action21","type":"key","parameters":{},"actions":[{"type":"keyDown","value":"î€‡"},{"type":"pause","duration":10},{"type":"keyUp","value":"î€‡"}]}]}
COMMAND: GET /session/ba2432913a596e5fc4fa14806f816f85/screenshot - {}
RESULT: {}
COMMAND: POST /session/ba2432913a596e5fc4fa14806f816f85/element - {"using":"xpath","value":"//span[contains(text(), \"General Management\")]"}
RESULT: {"using":"xpath","value":"//span[contains(text(), \"General Management\")]"}
COMMAND: POST /session/ba2432913a596e5fc4fa14806f816f85/element/f.FF9A1E5259EB1E6B709B859A36B64A29.d.7F5194F5D2B4E0B2710107943D9292D5.e.7485/click - {}
RESULT: {}
COMMAND: GET /session/ba2432913a596e5fc4fa14806f816f85/screenshot - {}
RESULT: {}
COMMAND: POST /session/ba2432913a596e5fc4fa14806f816f85/element - {"using":"xpath","value":"//bdi[contains(text(), \"OK\")]"}
RESULT: {"using":"xpath","value":"//bdi[contains(text(), \"OK\")]"}
COMMAND: POST /session/ba2432913a596e5fc4fa14806f816f85/element/f.FF9A1E5259EB1E6B709B859A36B64A29.d.7F5194F5D2B4E0B2710107943D9292D5.e.7487/click - {}
RESULT: {}
COMMAND: GET /session/ba2432913a596e5fc4fa14806f816f85/screenshot - {}
RESULT: {}
COMMAND: POST /session/ba2432913a596e5fc4fa14806f816f85/element - {"using":"xpath","value":"//input[@id=\"application-managepartners-display-component---NewPartner--companyCodeComboBox-inner\"]"}
RESULT: {"using":"xpath","value":"//input[@id=\"application-managepartners-display-component---NewPartner--companyCodeComboBox-inner\"]"}
COMMAND: POST /session/ba2432913a596e5fc4fa14806f816f85/element/f.FF9A1E5259EB1E6B709B859A36B64A29.d.7F5194F5D2B4E0B2710107943D9292D5.e.7412/clear - {}
RESULT: {}
COMMAND: POST /session/ba2432913a596e5fc4fa14806f816f85/element/f.FF9A1E5259EB1E6B709B859A36B64A29.d.7F5194F5D2B4E0B2710107943D9292D5.e.7412/value - {"text":"C002"}
COMMAND: GET /session/ba2432913a596e5fc4fa14806f816f85/screenshot - {}
RESULT: {"text":"C002"}
COMMAND: GET /session/ba2432913a596e5fc4fa14806f816f85/screenshot - {}
RESULT: {}
RESULT: {}
COMMAND: POST /session/ba2432913a596e5fc4fa14806f816f85/element - {"using":"xpath","value":"//span[contains(text(), \"C002\")]"}
RESULT: {"using":"xpath","value":"//span[contains(text(), \"C002\")]"}
COMMAND: POST /session/ba2432913a596e5fc4fa14806f816f85/element/f.FF9A1E5259EB1E6B709B859A36B64A29.d.7F5194F5D2B4E0B2710107943D9292D5.e.7493/click - {}
RESULT: {}
COMMAND: GET /session/ba2432913a596e5fc4fa14806f816f85/screenshot - {}
RESULT: {}
COMMAND: POST /session/ba2432913a596e5fc4fa14806f816f85/execute/async - {"script":"<script> [1562 bytes]","args":[{"selector":{"id":"application-managepartners-display-component---NewPartner--btnAddTableRow-img"},"wdio_ui5_key":"applicationmanagepartners-display-component---NewPartner--btnAddTableRow-img"}]}
RESULT: {"script":"<script> [1562 bytes]","args":[{"selector":{"id":"application-managepartners-display-component---NewPartner--btnAddTableRow-img"},"wdio_ui5_key":"applicationmanagepartners-display-component---NewPartner--btnAddTableRow-img"}]}
RESULT: undefined
COMMAND: POST /session/ba2432913a596e5fc4fa14806f816f85/element - {"using":"xpath","value":"//*[@id=\"application-managepartners-display-component---NewPartner--btnAddTableRow-img\"]"}
RESULT: {"using":"xpath","value":"//*[@id=\"application-managepartners-display-component---NewPartner--btnAddTableRow-img\"]"}
COMMAND: POST /session/ba2432913a596e5fc4fa14806f816f85/element/f.FF9A1E5259EB1E6B709B859A36B64A29.d.7F5194F5D2B4E0B2710107943D9292D5.e.7494/click - {}
RESULT: {}
COMMAND: GET /session/ba2432913a596e5fc4fa14806f816f85/screenshot - {}
RESULT: {}
COMMAND: POST /session/ba2432913a596e5fc4fa14806f816f85/element - {"using":"xpath","value":"//input[@id=\"application-managepartners-display-component---NewPartner--assignmentYard-application-managepartners-display-component---NewPartner--assignmentsTable-0-inner\"]"}
RESULT: {"using":"xpath","value":"//input[@id=\"application-managepartners-display-component---NewPartner--assignmentYard-application-managepartners-display-component---NewPartner--assignmentsTable-0-inner\"]"}
COMMAND: POST /session/ba2432913a596e5fc4fa14806f816f85/element/f.FF9A1E5259EB1E6B709B859A36B64A29.d.7F5194F5D2B4E0B2710107943D9292D5.e.7497/clear - {}
RESULT: {}
COMMAND: POST /session/ba2432913a596e5fc4fa14806f816f85/element/f.FF9A1E5259EB1E6B709B859A36B64A29.d.7F5194F5D2B4E0B2710107943D9292D5.e.7497/value - {"text":"531"}
COMMAND: GET /session/ba2432913a596e5fc4fa14806f816f85/screenshot - {}
RESULT: {"text":"531"}
COMMAND: GET /session/ba2432913a596e5fc4fa14806f816f85/screenshot - {}
RESULT: {}
RESULT: {}
COMMAND: POST /session/ba2432913a596e5fc4fa14806f816f85/element - {"using":"xpath","value":"//li[.//span[text()='531']]"}
RESULT: {"using":"xpath","value":"//li[.//span[text()='531']]"}
COMMAND: POST /session/ba2432913a596e5fc4fa14806f816f85/element/f.FF9A1E5259EB1E6B709B859A36B64A29.d.7F5194F5D2B4E0B2710107943D9292D5.e.7506/click - {}
RESULT: {}
COMMAND: GET /session/ba2432913a596e5fc4fa14806f816f85/screenshot - {}
RESULT: {}
COMMAND: POST /session/ba2432913a596e5fc4fa14806f816f85/actions - {"actions":[{"id":"action22","type":"key","parameters":{},"actions":[{"type":"keyDown","value":"î€‡"},{"type":"pause","duration":10},{"type":"keyUp","value":"î€‡"}]}]}
RESULT: {"actions":[{"id":"action22","type":"key","parameters":{},"actions":[{"type":"keyDown","value":"î€‡"},{"type":"pause","duration":10},{"type":"keyUp","value":"î€‡"}]}]}
COMMAND: POST /session/ba2432913a596e5fc4fa14806f816f85/execute/async - {"script":"<script> [1562 bytes]","args":[{"selector":{"id":"application-managepartners-display-component---NewPartner--externalCustomerComboBox-application-managepartners-display-component---NewPartner--assignmentsTable-0-vhi"},"wdio_ui5_key":"applicationmanagepartners-display-component---NewPartner--externalCustomerComboBox-application-managepartners-display-component---NewPartner--assignmentsTable-0-vhi"}]}
COMMAND: GET /session/ba2432913a596e5fc4fa14806f816f85/screenshot - {}
RESULT: {"script":"<script> [1562 bytes]","args":[{"selector":{"id":"application-managepartners-display-component---NewPartner--externalCustomerComboBox-application-managepartners-display-component---NewPartner--assignmentsTable-0-vhi"},"wdio_ui5_key":"applicationmanagepartners-display-component---NewPartner--externalCustomerComboBox-application-managepartners-display-component---NewPartner--assignmentsTable-0-vhi"}]}
RESULT: undefined
COMMAND: POST /session/ba2432913a596e5fc4fa14806f816f85/element - {"using":"xpath","value":"//*[@id=\"application-managepartners-display-component---NewPartner--externalCustomerComboBox-application-managepartners-display-component---NewPartner--assignmentsTable-0-vhi\"]"}
RESULT: {}
RESULT: {"using":"xpath","value":"//*[@id=\"application-managepartners-display-component---NewPartner--externalCustomerComboBox-application-managepartners-display-component---NewPartner--assignmentsTable-0-vhi\"]"}
COMMAND: POST /session/ba2432913a596e5fc4fa14806f816f85/element/f.FF9A1E5259EB1E6B709B859A36B64A29.d.7F5194F5D2B4E0B2710107943D9292D5.e.7510/click - {}
RESULT: {}
RESULT: undefined
COMMAND: POST /session/ba2432913a596e5fc4fa14806f816f85/execute/async - {"script":"<script> [776 bytes]","args":[{"enterText":"300003","selector":{"controlType":"sap.m.SearchField","properties":{"placeholder":"Search"},"searchOpenDialogs":true,"interaction":{"idSuffix":"I"}},"clearTextFirst":true,"interactionType":"ENTER_TEXT"}]}
COMMAND: GET /session/ba2432913a596e5fc4fa14806f816f85/screenshot - {}
RESULT: {"script":"<script> [776 bytes]","args":[{"enterText":"300003","selector":{"controlType":"sap.m.SearchField","properties":{"placeholder":"Search"},"searchOpenDialogs":true,"interaction":{"idSuffix":"I"}},"clearTextFirst":true,"interactionType":"ENTER_TEXT"}]}
COMMAND: POST /session/ba2432913a596e5fc4fa14806f816f85/actions - {"actions":[{"id":"action23","type":"key","parameters":{},"actions":[{"type":"keyDown","value":"î€‡"},{"type":"pause","duration":10},{"type":"keyUp","value":"î€‡"}]}]}
RESULT: {}
RESULT: {"actions":[{"id":"action23","type":"key","parameters":{},"actions":[{"type":"keyDown","value":"î€‡"},{"type":"pause","duration":10},{"type":"keyUp","value":"î€‡"}]}]}
COMMAND: GET /session/ba2432913a596e5fc4fa14806f816f85/screenshot - {}
RESULT: {}
COMMAND: POST /session/ba2432913a596e5fc4fa14806f816f85/element - {"using":"xpath","value":"//span[contains(text(), \"300003\")]"}
RESULT: {"using":"xpath","value":"//span[contains(text(), \"300003\")]"}
COMMAND: POST /session/ba2432913a596e5fc4fa14806f816f85/element/f.FF9A1E5259EB1E6B709B859A36B64A29.d.7F5194F5D2B4E0B2710107943D9292D5.e.7529/click - {}
RESULT: {}
COMMAND: GET /session/ba2432913a596e5fc4fa14806f816f85/screenshot - {}
RESULT: {}
COMMAND: POST /session/ba2432913a596e5fc4fa14806f816f85/element - {"using":"xpath","value":"//bdi[contains(text(), \"OK\")]"}
RESULT: {"using":"xpath","value":"//bdi[contains(text(), \"OK\")]"}
COMMAND: POST /session/ba2432913a596e5fc4fa14806f816f85/element/f.FF9A1E5259EB1E6B709B859A36B64A29.d.7F5194F5D2B4E0B2710107943D9292D5.e.7531/click - {}
RESULT: {}
COMMAND: GET /session/ba2432913a596e5fc4fa14806f816f85/screenshot - {}
RESULT: {}
COMMAND: POST /session/ba2432913a596e5fc4fa14806f816f85/execute/async - {"script":"<script> [1562 bytes]","args":[{"selector":{"id":"application-managepartners-display-component---NewPartner--intercompVendorComboBox-application-managepartners-display-component---NewPartner--assignmentsTable-0-vhi"},"wdio_ui5_key":"applicationmanagepartners-display-component---NewPartner--intercompVendorComboBox-application-managepartners-display-component---NewPartner--assignmentsTable-0-vhi"}]}
RESULT: {"script":"<script> [1562 bytes]","args":[{"selector":{"id":"application-managepartners-display-component---NewPartner--intercompVendorComboBox-application-managepartners-display-component---NewPartner--assignmentsTable-0-vhi"},"wdio_ui5_key":"applicationmanagepartners-display-component---NewPartner--intercompVendorComboBox-application-managepartners-display-component---NewPartner--assignmentsTable-0-vhi"}]}
RESULT: undefined
COMMAND: POST /session/ba2432913a596e5fc4fa14806f816f85/element - {"using":"xpath","value":"//*[@id=\"application-managepartners-display-component---NewPartner--intercompVendorComboBox-application-managepartners-display-component---NewPartner--assignmentsTable-0-vhi\"]"}
RESULT: {"using":"xpath","value":"//*[@id=\"application-managepartners-display-component---NewPartner--intercompVendorComboBox-application-managepartners-display-component---NewPartner--assignmentsTable-0-vhi\"]"}
COMMAND: POST /session/ba2432913a596e5fc4fa14806f816f85/element/f.FF9A1E5259EB1E6B709B859A36B64A29.d.7F5194F5D2B4E0B2710107943D9292D5.e.7534/click - {}
RESULT: {}
RESULT: undefined
COMMAND: POST /session/ba2432913a596e5fc4fa14806f816f85/execute/async - {"script":"<script> [776 bytes]","args":[{"enterText":"100005","selector":{"controlType":"sap.m.SearchField","properties":{"placeholder":"Search"},"searchOpenDialogs":true,"interaction":{"idSuffix":"I"}},"clearTextFirst":true,"interactionType":"ENTER_TEXT"}]}
COMMAND: GET /session/ba2432913a596e5fc4fa14806f816f85/screenshot - {}
RESULT: {"script":"<script> [776 bytes]","args":[{"enterText":"100005","selector":{"controlType":"sap.m.SearchField","properties":{"placeholder":"Search"},"searchOpenDialogs":true,"interaction":{"idSuffix":"I"}},"clearTextFirst":true,"interactionType":"ENTER_TEXT"}]}
COMMAND: POST /session/ba2432913a596e5fc4fa14806f816f85/actions - {"actions":[{"id":"action24","type":"key","parameters":{},"actions":[{"type":"keyDown","value":"î€‡"},{"type":"pause","duration":10},{"type":"keyUp","value":"î€‡"}]}]}
RESULT: {}
RESULT: {"actions":[{"id":"action24","type":"key","parameters":{},"actions":[{"type":"keyDown","value":"î€‡"},{"type":"pause","duration":10},{"type":"keyUp","value":"î€‡"}]}]}
COMMAND: GET /session/ba2432913a596e5fc4fa14806f816f85/screenshot - {}
RESULT: {}
COMMAND: POST /session/ba2432913a596e5fc4fa14806f816f85/element - {"using":"xpath","value":"//span[contains(text(), \"Penguins - Field/12345 Berlin\")]"}
RESULT: {"using":"xpath","value":"//span[contains(text(), \"Penguins - Field/12345 Berlin\")]"}
COMMAND: POST /session/ba2432913a596e5fc4fa14806f816f85/element/f.FF9A1E5259EB1E6B709B859A36B64A29.d.7F5194F5D2B4E0B2710107943D9292D5.e.7552/click - {}
RESULT: {}
COMMAND: GET /session/ba2432913a596e5fc4fa14806f816f85/screenshot - {}
RESULT: {}
COMMAND: POST /session/ba2432913a596e5fc4fa14806f816f85/element - {"using":"xpath","value":"//bdi[contains(text(), \"OK\")]"}
RESULT: {"using":"xpath","value":"//bdi[contains(text(), \"OK\")]"}
COMMAND: POST /session/ba2432913a596e5fc4fa14806f816f85/element/f.FF9A1E5259EB1E6B709B859A36B64A29.d.7F5194F5D2B4E0B2710107943D9292D5.e.7553/click - {}
RESULT: {}
COMMAND: GET /session/ba2432913a596e5fc4fa14806f816f85/screenshot - {}
RESULT: {}
COMMAND: POST /session/ba2432913a596e5fc4fa14806f816f85/element - {"using":"xpath","value":"//button[@data-kt=\"saveButton\"]"}
RESULT: {"using":"xpath","value":"//button[@data-kt=\"saveButton\"]"}
COMMAND: POST /session/ba2432913a596e5fc4fa14806f816f85/element/f.FF9A1E5259EB1E6B709B859A36B64A29.d.7F5194F5D2B4E0B2710107943D9292D5.e.7436/click - {}
RESULT: {}
COMMAND: GET /session/ba2432913a596e5fc4fa14806f816f85/screenshot - {}
RESULT: {}
COMMAND: POST /session/ba2432913a596e5fc4fa14806f816f85/element - {"using":"xpath","value":"//header[contains(@id, 'ObjectPageLayout-headerTitle')]/div[1]/div[2]/div[2]/span[1]"}
RESULT: {"using":"xpath","value":"//header[contains(@id, 'ObjectPageLayout-headerTitle')]/div[1]/div[2]/div[2]/span[1]"}
COMMAND: POST /session/ba2432913a596e5fc4fa14806f816f85/elements - {"using":"xpath","value":"//header[contains(@id, 'ObjectPageLayout-headerTitle')]/div[1]/div[2]/div[2]/span[1]"}
RESULT: {"using":"xpath","value":"//header[contains(@id, 'ObjectPageLayout-headerTitle')]/div[1]/div[2]/div[2]/span[1]"}
COMMAND: POST /session/ba2432913a596e5fc4fa14806f816f85/execute/sync - {"script":"<script> [56 bytes]","args":[{"element-6066-11e4-a52e-4f735466cecf":"f.FF9A1E5259EB1E6B709B859A36B64A29.d.7F5194F5D2B4E0B2710107943D9292D5.e.7717","ELEMENT":"f.FF9A1E5259EB1E6B709B859A36B64A29.d.7F5194F5D2B4E0B2710107943D9292D5.e.7717"}]}
RESULT: {"script":"<script> [56 bytes]","args":[{"element-6066-11e4-a52e-4f735466cecf":"f.FF9A1E5259EB1E6B709B859A36B64A29.d.7F5194F5D2B4E0B2710107943D9292D5.e.7717","ELEMENT":"f.FF9A1E5259EB1E6B709B859A36B64A29.d.7F5194F5D2B4E0B2710107943D9292D5.e.7717"}]}
COMMAND: POST /session/ba2432913a596e5fc4fa14806f816f85/element - {"using":"css selector","value":"#shell-header-logo"}
COMMAND: GET /session/ba2432913a596e5fc4fa14806f816f85/screenshot - {}
RESULT: {"using":"css selector","value":"#shell-header-logo"}
COMMAND: POST /session/ba2432913a596e5fc4fa14806f816f85/element/f.FF9A1E5259EB1E6B709B859A36B64A29.d.7F5194F5D2B4E0B2710107943D9292D5.e.6958/click - {}
RESULT: {}
RESULT: {}
COMMAND: GET /session/ba2432913a596e5fc4fa14806f816f85/screenshot - {}
RESULT: {}
COMMAND: POST /session/ba2432913a596e5fc4fa14806f816f85/execute/sync - {"script":"<script> [299 bytes]","args":[["getModel","getResource"]]}
RESULT: {"script":"<script> [299 bytes]","args":[["getModel","getResource"]]}
]]></system-out>
    </testcase>
    <testcase classname="chrome.135_0_7049_96.windows.Create_master_data_for_mixed_billing_&amp;_do_billing_calculation_US151661" name="Should create a new site" time="176.859">
      <system-out><![CDATA[
COMMAND: POST /session/ba2432913a596e5fc4fa14806f816f85/execute/async - {"script":"<script> [1562 bytes]","args":[{"selector":{"controlType":"sap.m.TileContent","bindingPath":{"path":"","propertyPath":"/properties/info"},"ancestor":{"controlType":"sap.m.GenericTile","properties":{"header":"Manage Sites"}}},"wdio_ui5_key":"sapm.TileContent{\"path\":\"\",\"propertyPath\":\"/properties/info\"}{\"controlType\":\"sap.m.GenericTile\",\"properties\":{\"header\":\"Manage Sites\"}}"}]}
COMMAND: GET /session/ba2432913a596e5fc4fa14806f816f85/screenshot - {}
RESULT: {"script":"<script> [1562 bytes]","args":[{"selector":{"controlType":"sap.m.TileContent","bindingPath":{"path":"","propertyPath":"/properties/info"},"ancestor":{"controlType":"sap.m.GenericTile","properties":{"header":"Manage Sites"}}},"wdio_ui5_key":"sapm.TileContent{\"path\":\"\",\"propertyPath\":\"/properties/info\"}{\"controlType\":\"sap.m.GenericTile\",\"properties\":{\"header\":\"Manage Sites\"}}"}]}
RESULT: undefined
COMMAND: POST /session/ba2432913a596e5fc4fa14806f816f85/element - {"using":"xpath","value":"//*[@id=\"__xmlview7--numericTileContent\"]"}
RESULT: {}
RESULT: {"using":"xpath","value":"//*[@id=\"__xmlview7--numericTileContent\"]"}
COMMAND: POST /session/ba2432913a596e5fc4fa14806f816f85/element/f.FF9A1E5259EB1E6B709B859A36B64A29.d.7F5194F5D2B4E0B2710107943D9292D5.e.7719/click - {}
RESULT: {}
COMMAND: POST /session/ba2432913a596e5fc4fa14806f816f85/element - {"using":"xpath","value":"//button[@data-kt=\"addOverflowToolbarButton\"]"}
COMMAND: GET /session/ba2432913a596e5fc4fa14806f816f85/screenshot - {}
RESULT: {"using":"xpath","value":"//button[@data-kt=\"addOverflowToolbarButton\"]"}
COMMAND: POST /session/ba2432913a596e5fc4fa14806f816f85/elements - {"using":"xpath","value":"//button[@data-kt=\"addOverflowToolbarButton\"]"}
RESULT: {}
RESULT: {"using":"xpath","value":"//button[@data-kt=\"addOverflowToolbarButton\"]"}
COMMAND: POST /session/ba2432913a596e5fc4fa14806f816f85/elements - {"using":"xpath","value":"//button[@data-kt=\"addOverflowToolbarButton\"]"}
RESULT: {"using":"xpath","value":"//button[@data-kt=\"addOverflowToolbarButton\"]"}
COMMAND: POST /session/ba2432913a596e5fc4fa14806f816f85/element - {"using":"xpath","value":"//button[@data-kt=\"addOverflowToolbarButton\"]"}
RESULT: {"using":"xpath","value":"//button[@data-kt=\"addOverflowToolbarButton\"]"}
COMMAND: POST /session/ba2432913a596e5fc4fa14806f816f85/execute/sync - {"script":"<script> [8489 bytes]","args":[{"element-6066-11e4-a52e-4f735466cecf":"f.FF9A1E5259EB1E6B709B859A36B64A29.d.7F5194F5D2B4E0B2710107943D9292D5.e.7766","ELEMENT":"f.FF9A1E5259EB1E6B709B859A36B64A29.d.7F5194F5D2B4E0B2710107943D9292D5.e.7766"}]}
RESULT: {"script":"<script> [8489 bytes]","args":[{"element-6066-11e4-a52e-4f735466cecf":"f.FF9A1E5259EB1E6B709B859A36B64A29.d.7F5194F5D2B4E0B2710107943D9292D5.e.7766","ELEMENT":"f.FF9A1E5259EB1E6B709B859A36B64A29.d.7F5194F5D2B4E0B2710107943D9292D5.e.7766"}]}
COMMAND: GET /session/ba2432913a596e5fc4fa14806f816f85/element/f.FF9A1E5259EB1E6B709B859A36B64A29.d.7F5194F5D2B4E0B2710107943D9292D5.e.7766/enabled - {}
COMMAND: GET /session/ba2432913a596e5fc4fa14806f816f85/screenshot - {}
RESULT: {}
COMMAND: POST /session/ba2432913a596e5fc4fa14806f816f85/execute/sync - {"script":"<script> [8489 bytes]","args":[{"element-6066-11e4-a52e-4f735466cecf":"f.FF9A1E5259EB1E6B709B859A36B64A29.d.7F5194F5D2B4E0B2710107943D9292D5.e.7766","ELEMENT":"f.FF9A1E5259EB1E6B709B859A36B64A29.d.7F5194F5D2B4E0B2710107943D9292D5.e.7766"}]}
COMMAND: GET /session/ba2432913a596e5fc4fa14806f816f85/screenshot - {}
RESULT: {}
RESULT: {"script":"<script> [8489 bytes]","args":[{"element-6066-11e4-a52e-4f735466cecf":"f.FF9A1E5259EB1E6B709B859A36B64A29.d.7F5194F5D2B4E0B2710107943D9292D5.e.7766","ELEMENT":"f.FF9A1E5259EB1E6B709B859A36B64A29.d.7F5194F5D2B4E0B2710107943D9292D5.e.7766"}]}
COMMAND: POST /session/ba2432913a596e5fc4fa14806f816f85/execute/sync - {"script":"<script> [5351 bytes]","args":[{"element-6066-11e4-a52e-4f735466cecf":"f.FF9A1E5259EB1E6B709B859A36B64A29.d.7F5194F5D2B4E0B2710107943D9292D5.e.7766","ELEMENT":"f.FF9A1E5259EB1E6B709B859A36B64A29.d.7F5194F5D2B4E0B2710107943D9292D5.e.7766"}]}
COMMAND: GET /session/ba2432913a596e5fc4fa14806f816f85/screenshot - {}
RESULT: {}
RESULT: {"script":"<script> [5351 bytes]","args":[{"element-6066-11e4-a52e-4f735466cecf":"f.FF9A1E5259EB1E6B709B859A36B64A29.d.7F5194F5D2B4E0B2710107943D9292D5.e.7766","ELEMENT":"f.FF9A1E5259EB1E6B709B859A36B64A29.d.7F5194F5D2B4E0B2710107943D9292D5.e.7766"}]}
COMMAND: POST /session/ba2432913a596e5fc4fa14806f816f85/element/f.FF9A1E5259EB1E6B709B859A36B64A29.d.7F5194F5D2B4E0B2710107943D9292D5.e.7766/click - {}
COMMAND: GET /session/ba2432913a596e5fc4fa14806f816f85/screenshot - {}
RESULT: {}
RESULT: {}
COMMAND: GET /session/ba2432913a596e5fc4fa14806f816f85/screenshot - {}
COMMAND: POST /session/ba2432913a596e5fc4fa14806f816f85/execute/async - {"script":"<script> [1562 bytes]","args":[{"selector":{"id":"application-managesites-display-component---NewSite--addressDetailDetailsName1","interaction":{"idSuffix":"inner"}},"wdio_ui5_key":"applicationmanagesites-display-component---NewSite--addressDetailDetailsName1"}]}
RESULT: {}
RESULT: {}
RESULT: {"script":"<script> [1562 bytes]","args":[{"selector":{"id":"application-managesites-display-component---NewSite--addressDetailDetailsName1","interaction":{"idSuffix":"inner"}},"wdio_ui5_key":"applicationmanagesites-display-component---NewSite--addressDetailDetailsName1"}]}
RESULT: undefined
COMMAND: POST /session/ba2432913a596e5fc4fa14806f816f85/execute/async - {"script":"<script> [776 bytes]","args":[{"enterText":"Intercompany Site wdIO","selector":{"id":"application-managesites-display-component---NewSite--addressDetailDetailsName1","interaction":{"idSuffix":"inner"}},"clearTextFirst":true,"interactionType":"ENTER_TEXT"}]}
RESULT: {"script":"<script> [776 bytes]","args":[{"enterText":"Intercompany Site wdIO","selector":{"id":"application-managesites-display-component---NewSite--addressDetailDetailsName1","interaction":{"idSuffix":"inner"}},"clearTextFirst":true,"interactionType":"ENTER_TEXT"}]}
COMMAND: POST /session/ba2432913a596e5fc4fa14806f816f85/execute/async - {"script":"<script> [1562 bytes]","args":[{"selector":{"id":"application-managesites-display-component---NewSite--addressDetailDetailsLanguage-arrow"},"wdio_ui5_key":"applicationmanagesites-display-component---NewSite--addressDetailDetailsLanguage-arrow"}]}
RESULT: {"script":"<script> [1562 bytes]","args":[{"selector":{"id":"application-managesites-display-component---NewSite--addressDetailDetailsLanguage-arrow"},"wdio_ui5_key":"applicationmanagesites-display-component---NewSite--addressDetailDetailsLanguage-arrow"}]}
RESULT: undefined
COMMAND: POST /session/ba2432913a596e5fc4fa14806f816f85/element - {"using":"xpath","value":"//*[@id=\"application-managesites-display-component---NewSite--addressDetailDetailsLanguage-arrow\"]"}
RESULT: {"using":"xpath","value":"//*[@id=\"application-managesites-display-component---NewSite--addressDetailDetailsLanguage-arrow\"]"}
COMMAND: POST /session/ba2432913a596e5fc4fa14806f816f85/element/f.FF9A1E5259EB1E6B709B859A36B64A29.d.7F5194F5D2B4E0B2710107943D9292D5.e.8161/click - {}
RESULT: {}
COMMAND: POST /session/ba2432913a596e5fc4fa14806f816f85/element - {"using":"xpath","value":"//span[contains(text(), \"English\")]"}
COMMAND: GET /session/ba2432913a596e5fc4fa14806f816f85/screenshot - {}
RESULT: {"using":"xpath","value":"//span[contains(text(), \"English\")]"}
COMMAND: POST /session/ba2432913a596e5fc4fa14806f816f85/element/f.FF9A1E5259EB1E6B709B859A36B64A29.d.7F5194F5D2B4E0B2710107943D9292D5.e.8162/click - {}
RESULT: {}
RESULT: {}
COMMAND: POST /session/ba2432913a596e5fc4fa14806f816f85/execute/async - {"script":"<script> [1562 bytes]","args":[{"selector":{"id":"application-managesites-display-component---NewSite--addressDetailDetailsCity1","interaction":{"idSuffix":"inner"}},"wdio_ui5_key":"applicationmanagesites-display-component---NewSite--addressDetailDetailsCity1"}]}
COMMAND: GET /session/ba2432913a596e5fc4fa14806f816f85/screenshot - {}
RESULT: {"script":"<script> [1562 bytes]","args":[{"selector":{"id":"application-managesites-display-component---NewSite--addressDetailDetailsCity1","interaction":{"idSuffix":"inner"}},"wdio_ui5_key":"applicationmanagesites-display-component---NewSite--addressDetailDetailsCity1"}]}
RESULT: undefined
COMMAND: POST /session/ba2432913a596e5fc4fa14806f816f85/execute/async - {"script":"<script> [776 bytes]","args":[{"enterText":"Rosario","selector":{"id":"application-managesites-display-component---NewSite--addressDetailDetailsCity1","interaction":{"idSuffix":"inner"}},"clearTextFirst":true,"interactionType":"ENTER_TEXT"}]}
RESULT: {}
RESULT: {"script":"<script> [776 bytes]","args":[{"enterText":"Rosario","selector":{"id":"application-managesites-display-component---NewSite--addressDetailDetailsCity1","interaction":{"idSuffix":"inner"}},"clearTextFirst":true,"interactionType":"ENTER_TEXT"}]}
COMMAND: POST /session/ba2432913a596e5fc4fa14806f816f85/execute/async - {"script":"<script> [1562 bytes]","args":[{"selector":{"id":"application-managesites-display-component---NewSite--addressDetailDetailsCountry-arrow"},"wdio_ui5_key":"applicationmanagesites-display-component---NewSite--addressDetailDetailsCountry-arrow"}]}
RESULT: {"script":"<script> [1562 bytes]","args":[{"selector":{"id":"application-managesites-display-component---NewSite--addressDetailDetailsCountry-arrow"},"wdio_ui5_key":"applicationmanagesites-display-component---NewSite--addressDetailDetailsCountry-arrow"}]}
RESULT: undefined
COMMAND: POST /session/ba2432913a596e5fc4fa14806f816f85/element - {"using":"xpath","value":"//*[@id=\"application-managesites-display-component---NewSite--addressDetailDetailsCountry-arrow\"]"}
RESULT: {"using":"xpath","value":"//*[@id=\"application-managesites-display-component---NewSite--addressDetailDetailsCountry-arrow\"]"}
COMMAND: POST /session/ba2432913a596e5fc4fa14806f816f85/element/f.FF9A1E5259EB1E6B709B859A36B64A29.d.7F5194F5D2B4E0B2710107943D9292D5.e.8164/click - {}
RESULT: {}
COMMAND: POST /session/ba2432913a596e5fc4fa14806f816f85/element - {"using":"xpath","value":"//span[contains(text(), \"Argentina\")]"}
COMMAND: GET /session/ba2432913a596e5fc4fa14806f816f85/screenshot - {}
RESULT: {"using":"xpath","value":"//span[contains(text(), \"Argentina\")]"}
COMMAND: POST /session/ba2432913a596e5fc4fa14806f816f85/element/f.FF9A1E5259EB1E6B709B859A36B64A29.d.7F5194F5D2B4E0B2710107943D9292D5.e.8166/click - {}
RESULT: {}
RESULT: {}
COMMAND: GET /session/ba2432913a596e5fc4fa14806f816f85/screenshot - {}
RESULT: {}
COMMAND: POST /session/ba2432913a596e5fc4fa14806f816f85/execute/async - {"script":"<script> [1562 bytes]","args":[{"selector":{"id":"application-managesites-display-component---NewSite--addressEditDetailsCostObjectCstType-arrow"},"wdio_ui5_key":"applicationmanagesites-display-component---NewSite--addressEditDetailsCostObjectCstType-arrow"}]}
RESULT: {"script":"<script> [1562 bytes]","args":[{"selector":{"id":"application-managesites-display-component---NewSite--addressEditDetailsCostObjectCstType-arrow"},"wdio_ui5_key":"applicationmanagesites-display-component---NewSite--addressEditDetailsCostObjectCstType-arrow"}]}
RESULT: undefined
COMMAND: POST /session/ba2432913a596e5fc4fa14806f816f85/element - {"using":"xpath","value":"//*[@id=\"application-managesites-display-component---NewSite--addressEditDetailsCostObjectCstType-arrow\"]"}
RESULT: {"using":"xpath","value":"//*[@id=\"application-managesites-display-component---NewSite--addressEditDetailsCostObjectCstType-arrow\"]"}
COMMAND: POST /session/ba2432913a596e5fc4fa14806f816f85/element/f.FF9A1E5259EB1E6B709B859A36B64A29.d.7F5194F5D2B4E0B2710107943D9292D5.e.8167/click - {}
RESULT: {}
COMMAND: POST /session/ba2432913a596e5fc4fa14806f816f85/element - {"using":"xpath","value":"//span[contains(text(), \"Cost Center\")]"}
COMMAND: GET /session/ba2432913a596e5fc4fa14806f816f85/screenshot - {}
RESULT: {"using":"xpath","value":"//span[contains(text(), \"Cost Center\")]"}
COMMAND: POST /session/ba2432913a596e5fc4fa14806f816f85/element/f.FF9A1E5259EB1E6B709B859A36B64A29.d.7F5194F5D2B4E0B2710107943D9292D5.e.8169/click - {}
RESULT: {}
RESULT: {}
COMMAND: GET /session/ba2432913a596e5fc4fa14806f816f85/screenshot - {}
RESULT: {}
COMMAND: POST /session/ba2432913a596e5fc4fa14806f816f85/element - {"using":"xpath","value":"//span[@id=\"application-managesites-display-component---NewSite--addressNewCostObjectCstID-vhi\"]"}
RESULT: {"using":"xpath","value":"//span[@id=\"application-managesites-display-component---NewSite--addressNewCostObjectCstID-vhi\"]"}
COMMAND: POST /session/ba2432913a596e5fc4fa14806f816f85/execute/sync - {"script":"<script> [8489 bytes]","args":[{"element-6066-11e4-a52e-4f735466cecf":"f.FF9A1E5259EB1E6B709B859A36B64A29.d.7F5194F5D2B4E0B2710107943D9292D5.e.8173","ELEMENT":"f.FF9A1E5259EB1E6B709B859A36B64A29.d.7F5194F5D2B4E0B2710107943D9292D5.e.8173"}]}
RESULT: {"script":"<script> [8489 bytes]","args":[{"element-6066-11e4-a52e-4f735466cecf":"f.FF9A1E5259EB1E6B709B859A36B64A29.d.7F5194F5D2B4E0B2710107943D9292D5.e.8173","ELEMENT":"f.FF9A1E5259EB1E6B709B859A36B64A29.d.7F5194F5D2B4E0B2710107943D9292D5.e.8173"}]}
COMMAND: POST /session/ba2432913a596e5fc4fa14806f816f85/execute/async - {"script":"<script> [1562 bytes]","args":[{"selector":{"id":"application-managesites-display-component---NewSite--addressNewCostObjectCstID-vhi"},"wdio_ui5_key":"applicationmanagesites-display-component---NewSite--addressNewCostObjectCstID-vhi"}]}
COMMAND: GET /session/ba2432913a596e5fc4fa14806f816f85/screenshot - {}
RESULT: {"script":"<script> [1562 bytes]","args":[{"selector":{"id":"application-managesites-display-component---NewSite--addressNewCostObjectCstID-vhi"},"wdio_ui5_key":"applicationmanagesites-display-component---NewSite--addressNewCostObjectCstID-vhi"}]}
RESULT: undefined
COMMAND: POST /session/ba2432913a596e5fc4fa14806f816f85/element - {"using":"xpath","value":"//*[@id=\"application-managesites-display-component---NewSite--addressNewCostObjectCstID-vhi\"]"}
RESULT: {}
RESULT: {"using":"xpath","value":"//*[@id=\"application-managesites-display-component---NewSite--addressNewCostObjectCstID-vhi\"]"}
COMMAND: POST /session/ba2432913a596e5fc4fa14806f816f85/element/f.FF9A1E5259EB1E6B709B859A36B64A29.d.7F5194F5D2B4E0B2710107943D9292D5.e.8173/click - {}
RESULT: {}
COMMAND: GET /session/ba2432913a596e5fc4fa14806f816f85/screenshot - {}
RESULT: {}
RESULT: undefined
COMMAND: POST /session/ba2432913a596e5fc4fa14806f816f85/execute/async - {"script":"<script> [776 bytes]","args":[{"enterText":"10001013","selector":{"controlType":"sap.m.SearchField","properties":{"placeholder":"Search"},"searchOpenDialogs":true,"interaction":{"idSuffix":"I"}},"clearTextFirst":true,"interactionType":"ENTER_TEXT"}]}
RESULT: {"script":"<script> [776 bytes]","args":[{"enterText":"10001013","selector":{"controlType":"sap.m.SearchField","properties":{"placeholder":"Search"},"searchOpenDialogs":true,"interaction":{"idSuffix":"I"}},"clearTextFirst":true,"interactionType":"ENTER_TEXT"}]}
COMMAND: POST /session/ba2432913a596e5fc4fa14806f816f85/actions - {"actions":[{"id":"action25","type":"key","parameters":{},"actions":[{"type":"keyDown","value":"î€‡"},{"type":"pause","duration":10},{"type":"keyUp","value":"î€‡"}]}]}
RESULT: {"actions":[{"id":"action25","type":"key","parameters":{},"actions":[{"type":"keyDown","value":"î€‡"},{"type":"pause","duration":10},{"type":"keyUp","value":"î€‡"}]}]}
COMMAND: GET /session/ba2432913a596e5fc4fa14806f816f85/screenshot - {}
RESULT: {}
COMMAND: POST /session/ba2432913a596e5fc4fa14806f816f85/element - {"using":"xpath","value":"//span[contains(text(), \"General Management\")]"}
RESULT: {"using":"xpath","value":"//span[contains(text(), \"General Management\")]"}
COMMAND: POST /session/ba2432913a596e5fc4fa14806f816f85/element/f.FF9A1E5259EB1E6B709B859A36B64A29.d.7F5194F5D2B4E0B2710107943D9292D5.e.8212/click - {}
RESULT: {}
COMMAND: GET /session/ba2432913a596e5fc4fa14806f816f85/screenshot - {}
RESULT: {}
COMMAND: POST /session/ba2432913a596e5fc4fa14806f816f85/element - {"using":"xpath","value":"//bdi[contains(text(), \"OK\")]"}
RESULT: {"using":"xpath","value":"//bdi[contains(text(), \"OK\")]"}
COMMAND: POST /session/ba2432913a596e5fc4fa14806f816f85/element/f.FF9A1E5259EB1E6B709B859A36B64A29.d.7F5194F5D2B4E0B2710107943D9292D5.e.8213/click - {}
RESULT: {}
COMMAND: GET /session/ba2432913a596e5fc4fa14806f816f85/screenshot - {}
RESULT: {}
COMMAND: POST /session/ba2432913a596e5fc4fa14806f816f85/element - {"using":"xpath","value":"//input[@id=\"application-managesites-display-component---NewSite--addressDetailDetailsCalendar-inner\"]"}
RESULT: {"using":"xpath","value":"//input[@id=\"application-managesites-display-component---NewSite--addressDetailDetailsCalendar-inner\"]"}
COMMAND: POST /session/ba2432913a596e5fc4fa14806f816f85/element/f.FF9A1E5259EB1E6B709B859A36B64A29.d.7F5194F5D2B4E0B2710107943D9292D5.e.7960/clear - {}
RESULT: {}
COMMAND: POST /session/ba2432913a596e5fc4fa14806f816f85/element/f.FF9A1E5259EB1E6B709B859A36B64A29.d.7F5194F5D2B4E0B2710107943D9292D5.e.7960/value - {"text":"Unit"}
COMMAND: GET /session/ba2432913a596e5fc4fa14806f816f85/screenshot - {}
RESULT: {"text":"Unit"}
COMMAND: GET /session/ba2432913a596e5fc4fa14806f816f85/screenshot - {}
RESULT: {}
RESULT: {}
COMMAND: POST /session/ba2432913a596e5fc4fa14806f816f85/actions - {"actions":[{"id":"action26","type":"key","parameters":{},"actions":[{"type":"keyDown","value":"î€‡"},{"type":"pause","duration":10},{"type":"keyUp","value":"î€‡"}]}]}
RESULT: {"actions":[{"id":"action26","type":"key","parameters":{},"actions":[{"type":"keyDown","value":"î€‡"},{"type":"pause","duration":10},{"type":"keyUp","value":"î€‡"}]}]}
COMMAND: POST /session/ba2432913a596e5fc4fa14806f816f85/element - {"using":"xpath","value":"//input[@id=\"application-managesites-display-component---NewSite--addressDetailDetailsYard-inner\"]"}
COMMAND: GET /session/ba2432913a596e5fc4fa14806f816f85/screenshot - {}
RESULT: {"using":"xpath","value":"//input[@id=\"application-managesites-display-component---NewSite--addressDetailDetailsYard-inner\"]"}
COMMAND: POST /session/ba2432913a596e5fc4fa14806f816f85/element/f.FF9A1E5259EB1E6B709B859A36B64A29.d.7F5194F5D2B4E0B2710107943D9292D5.e.7961/clear - {}
RESULT: {}
RESULT: {}
COMMAND: POST /session/ba2432913a596e5fc4fa14806f816f85/element/f.FF9A1E5259EB1E6B709B859A36B64A29.d.7F5194F5D2B4E0B2710107943D9292D5.e.7961/value - {"text":"531"}
COMMAND: GET /session/ba2432913a596e5fc4fa14806f816f85/screenshot - {}
RESULT: {}
RESULT: {"text":"531"}
COMMAND: GET /session/ba2432913a596e5fc4fa14806f816f85/screenshot - {}
RESULT: {}
COMMAND: POST /session/ba2432913a596e5fc4fa14806f816f85/element - {"using":"xpath","value":"//li[.//span[text()='531']]"}
RESULT: {"using":"xpath","value":"//li[.//span[text()='531']]"}
COMMAND: POST /session/ba2432913a596e5fc4fa14806f816f85/element/f.FF9A1E5259EB1E6B709B859A36B64A29.d.7F5194F5D2B4E0B2710107943D9292D5.e.8221/click - {}
RESULT: {}
COMMAND: GET /session/ba2432913a596e5fc4fa14806f816f85/screenshot - {}
RESULT: {}
COMMAND: POST /session/ba2432913a596e5fc4fa14806f816f85/element - {"using":"xpath","value":"//input[@id=\"application-managesites-display-component---NewSite--addressDetailDetailsPartner-inner\"]"}
RESULT: {"using":"xpath","value":"//input[@id=\"application-managesites-display-component---NewSite--addressDetailDetailsPartner-inner\"]"}
COMMAND: POST /session/ba2432913a596e5fc4fa14806f816f85/element - {"using":"xpath","value":"//input[@id=\"application-managesites-display-component---NewSite--addressDetailDetailsPartner-inner\"]"}
RESULT: {"using":"xpath","value":"//input[@id=\"application-managesites-display-component---NewSite--addressDetailDetailsPartner-inner\"]"}
COMMAND: POST /session/ba2432913a596e5fc4fa14806f816f85/element - {"using":"xpath","value":"//button[@data-kt=\"saveButton\"]"}
RESULT: {"using":"xpath","value":"//button[@data-kt=\"saveButton\"]"}
COMMAND: POST /session/ba2432913a596e5fc4fa14806f816f85/element/f.FF9A1E5259EB1E6B709B859A36B64A29.d.7F5194F5D2B4E0B2710107943D9292D5.e.8154/click - {}
RESULT: {}
COMMAND: GET /session/ba2432913a596e5fc4fa14806f816f85/screenshot - {}
RESULT: {}
COMMAND: POST /session/ba2432913a596e5fc4fa14806f816f85/element - {"using":"xpath","value":"//header[contains(@id, 'ObjectPageLayout-headerTitle')]/div[1]/div[2]/div[2]/span[1]"}
RESULT: {"using":"xpath","value":"//header[contains(@id, 'ObjectPageLayout-headerTitle')]/div[1]/div[2]/div[2]/span[1]"}
COMMAND: POST /session/ba2432913a596e5fc4fa14806f816f85/elements - {"using":"xpath","value":"//header[contains(@id, 'ObjectPageLayout-headerTitle')]/div[1]/div[2]/div[2]/span[1]"}
RESULT: {"using":"xpath","value":"//header[contains(@id, 'ObjectPageLayout-headerTitle')]/div[1]/div[2]/div[2]/span[1]"}
COMMAND: POST /session/ba2432913a596e5fc4fa14806f816f85/execute/sync - {"script":"<script> [56 bytes]","args":[{"element-6066-11e4-a52e-4f735466cecf":"f.FF9A1E5259EB1E6B709B859A36B64A29.d.7F5194F5D2B4E0B2710107943D9292D5.e.8427","ELEMENT":"f.FF9A1E5259EB1E6B709B859A36B64A29.d.7F5194F5D2B4E0B2710107943D9292D5.e.8427"}]}
RESULT: {"script":"<script> [56 bytes]","args":[{"element-6066-11e4-a52e-4f735466cecf":"f.FF9A1E5259EB1E6B709B859A36B64A29.d.7F5194F5D2B4E0B2710107943D9292D5.e.8427","ELEMENT":"f.FF9A1E5259EB1E6B709B859A36B64A29.d.7F5194F5D2B4E0B2710107943D9292D5.e.8427"}]}
COMMAND: POST /session/ba2432913a596e5fc4fa14806f816f85/element - {"using":"css selector","value":"#shell-header-logo"}
COMMAND: GET /session/ba2432913a596e5fc4fa14806f816f85/screenshot - {}
RESULT: {"using":"css selector","value":"#shell-header-logo"}
COMMAND: POST /session/ba2432913a596e5fc4fa14806f816f85/element/f.FF9A1E5259EB1E6B709B859A36B64A29.d.7F5194F5D2B4E0B2710107943D9292D5.e.7723/click - {}
RESULT: {}
RESULT: {}
COMMAND: GET /session/ba2432913a596e5fc4fa14806f816f85/screenshot - {}
RESULT: {}
COMMAND: POST /session/ba2432913a596e5fc4fa14806f816f85/execute/sync - {"script":"<script> [299 bytes]","args":[["getModel","getResource"]]}
RESULT: {"script":"<script> [299 bytes]","args":[["getModel","getResource"]]}
COMMAND: POST /session/ba2432913a596e5fc4fa14806f816f85/element - {"using":"xpath","value":"//button[.//bdi[contains(text(), \"Close\")]]"}
RESULT: {"using":"xpath","value":"//button[.//bdi[contains(text(), \"Close\")]]"}
COMMAND: POST /session/ba2432913a596e5fc4fa14806f816f85/element/f.FF9A1E5259EB1E6B709B859A36B64A29.d.7F5194F5D2B4E0B2710107943D9292D5.e.8429/click - {}
COMMAND: GET /session/ba2432913a596e5fc4fa14806f816f85/screenshot - {}
RESULT: {}
COMMAND: GET /session/ba2432913a596e5fc4fa14806f816f85/screenshot - {}
RESULT: {}
RESULT: {}
COMMAND: POST /session/ba2432913a596e5fc4fa14806f816f85/refresh - {}
RESULT: {}
COMMAND: GET /session/ba2432913a596e5fc4fa14806f816f85/screenshot - {}
RESULT: {}
COMMAND: POST /session/ba2432913a596e5fc4fa14806f816f85/refresh - {}
RESULT: {}
COMMAND: GET /session/ba2432913a596e5fc4fa14806f816f85/screenshot - {}
RESULT: {}
COMMAND: POST /session/ba2432913a596e5fc4fa14806f816f85/window/fullscreen - {}
RESULT: {}
COMMAND: POST /session/ba2432913a596e5fc4fa14806f816f85/execute/async - {"script":"<script> [189 bytes]","args":[]}
RESULT: {"script":"<script> [189 bytes]","args":[]}
COMMAND: POST /session/ba2432913a596e5fc4fa14806f816f85/execute/async - {"script":"<script> [123 bytes]","args":[]}
RESULT: {"script":"<script> [123 bytes]","args":[]}
COMMAND: POST /session/ba2432913a596e5fc4fa14806f816f85/timeouts - {"script":"<number>"}
RESULT: {"script":"<number>"}
COMMAND: GET /session/ba2432913a596e5fc4fa14806f816f85/timeouts - {}
RESULT: {}
RESULT: undefined
COMMAND: POST /session/ba2432913a596e5fc4fa14806f816f85/execute/async - {"script":"<script> [2676 bytes]","args":[]}
RESULT: {"script":"<script> [2676 bytes]","args":[]}
COMMAND: POST /session/ba2432913a596e5fc4fa14806f816f85/execute/async - {"script":"<script> [2342 bytes]","args":[{"protocol":"http","hostname":"0.0.0.0","path":"/","capabilities":{"browserName":"chrome","goog:chromeOptions":{"binary":"C:\\Program Files\\Google\\Chrome\\Application\\chrome.exe","args":["--start-maximized"]}},"logLevel":"warn","connectionRetryTimeout":120000,"connectionRetryCount":3,"logLevels":{},"enableDirectConnect":true,"strictSSL":true,"_":"65 more keys: [\"cacheDir\",\"port\",\"requestedCapabilities\",\"automationProtocol\",\"baseUrl\",\"waitforInterval\",\"waitforTimeout\",\"onReload\",\"beforeCommand\",\"afterCommand\",\"rootDir\",\"specs\",\"suites\",\"exclude\",\"groupLogsByTestSpec\",\"excludeDriverLogs\",\"bail\",\"framework\",\"reporters\",\"services\",\"maxInstances\",\"maxInstancesPerCapability\",\"injectGlobals\",\"filesToWatch\",\"execArgv\",\"runnerEnv\",\"runner\",\"shard\",\"specFileRetries\",\"specFileRetriesDelay\",\"specFileRetriesDeferred\",\"reporterSyncInterval\",\"reporterSyncTimeout\",\"cucumberFeaturesWithLineNumbers\",\"autoCompileOpts\",\"mochaOpts\",\"jasmineOpts\",\"cucumberOpts\",\"onPrepare\",\"onWorkerStart\",\"onWorkerEnd\",\"before\",\"beforeSession\",\"beforeSuite\",\"beforeHook\",\"beforeTest\",\"afterTest\",\"afterHook\",\"afterSuite\",\"afterSession\",\"after\",\"onComplete\",\"beforeAssertion\",\"afterAssertion\",\"beforeFeature\",\"beforeScenario\",\"beforeStep\",\"afterStep\",\"afterScenario\",\"afterFeature\",\"_\",\"suite\",\"$0\",\"ignoredWorkerServices\",\"wdi5\"]"}]}
RESULT: {"script":"<script> [2342 bytes]","args":[{"protocol":"http","hostname":"0.0.0.0","path":"/","capabilities":{"browserName":"chrome","goog:chromeOptions":{"binary":"C:\\Program Files\\Google\\Chrome\\Application\\chrome.exe","args":["--start-maximized"]}},"logLevel":"warn","connectionRetryTimeout":120000,"connectionRetryCount":3,"logLevels":{},"enableDirectConnect":true,"strictSSL":true,"_":"65 more keys: [\"cacheDir\",\"port\",\"requestedCapabilities\",\"automationProtocol\",\"baseUrl\",\"waitforInterval\",\"waitforTimeout\",\"onReload\",\"beforeCommand\",\"afterCommand\",\"rootDir\",\"specs\",\"suites\",\"exclude\",\"groupLogsByTestSpec\",\"excludeDriverLogs\",\"bail\",\"framework\",\"reporters\",\"services\",\"maxInstances\",\"maxInstancesPerCapability\",\"injectGlobals\",\"filesToWatch\",\"execArgv\",\"runnerEnv\",\"runner\",\"shard\",\"specFileRetries\",\"specFileRetriesDelay\",\"specFileRetriesDeferred\",\"reporterSyncInterval\",\"reporterSyncTimeout\",\"cucumberFeaturesWithLineNumbers\",\"autoCompileOpts\",\"mochaOpts\",\"jasmineOpts\",\"cucumberOpts\",\"onPrepare\",\"onWorkerStart\",\"onWorkerEnd\",\"before\",\"beforeSession\",\"beforeSuite\",\"beforeHook\",\"beforeTest\",\"afterTest\",\"afterHook\",\"afterSuite\",\"afterSession\",\"after\",\"onComplete\",\"beforeAssertion\",\"afterAssertion\",\"beforeFeature\",\"beforeScenario\",\"beforeStep\",\"afterStep\",\"afterScenario\",\"afterFeature\",\"_\",\"suite\",\"$0\",\"ignoredWorkerServices\",\"wdi5\"]"}]}
COMMAND: POST /session/ba2432913a596e5fc4fa14806f816f85/execute/async - {"script":"<script> [21126 bytes]","args":[35000]}
RESULT: {"script":"<script> [21126 bytes]","args":[35000]}
COMMAND: POST /session/ba2432913a596e5fc4fa14806f816f85/window/fullscreen - {}
RESULT: {}
]]></system-out>
    </testcase>
    <testcase classname="chrome.135_0_7049_96.windows.Create_master_data_for_mixed_billing_&amp;_do_billing_calculation_US151661" name="Should create a new equipment and add a counter to it" time="191.727">
      <system-out><![CDATA[
COMMAND: POST /session/ba2432913a596e5fc4fa14806f816f85/execute/async - {"script":"<script> [1562 bytes]","args":[{"selector":{"controlType":"sap.m.GenericTile","properties":{"header":"Manage Resources"}},"wdio_ui5_key":"sapm.GenericTile{\"header\":\"Manage Resources\"}"}]}
RESULT: {"script":"<script> [1562 bytes]","args":[{"selector":{"controlType":"sap.m.GenericTile","properties":{"header":"Manage Resources"}},"wdio_ui5_key":"sapm.GenericTile{\"header\":\"Manage Resources\"}"}]}
RESULT: undefined
COMMAND: POST /session/ba2432913a596e5fc4fa14806f816f85/element - {"using":"xpath","value":"//*[@id=\"__tile31\"]"}
RESULT: {"using":"xpath","value":"//*[@id=\"__tile31\"]"}
COMMAND: POST /session/ba2432913a596e5fc4fa14806f816f85/element/f.FF9A1E5259EB1E6B709B859A36B64A29.d.75AC5A5C338535DE183B54FCB3826803.e.8494/click - {}
RESULT: {}
COMMAND: POST /session/ba2432913a596e5fc4fa14806f816f85/element - {"using":"xpath","value":"//button[@data-kt=\"addNewRUOverflowToolbarButton\"]"}
COMMAND: GET /session/ba2432913a596e5fc4fa14806f816f85/screenshot - {}
RESULT: {"using":"xpath","value":"//button[@data-kt=\"addNewRUOverflowToolbarButton\"]"}
COMMAND: POST /session/ba2432913a596e5fc4fa14806f816f85/elements - {"using":"xpath","value":"//button[@data-kt=\"addNewRUOverflowToolbarButton\"]"}
RESULT: {}
RESULT: {"using":"xpath","value":"//button[@data-kt=\"addNewRUOverflowToolbarButton\"]"}
COMMAND: POST /session/ba2432913a596e5fc4fa14806f816f85/elements - {"using":"xpath","value":"//button[@data-kt=\"addNewRUOverflowToolbarButton\"]"}
RESULT: {"using":"xpath","value":"//button[@data-kt=\"addNewRUOverflowToolbarButton\"]"}
COMMAND: POST /session/ba2432913a596e5fc4fa14806f816f85/elements - {"using":"xpath","value":"//button[@data-kt=\"addNewRUOverflowToolbarButton\"]"}
RESULT: {"using":"xpath","value":"//button[@data-kt=\"addNewRUOverflowToolbarButton\"]"}
COMMAND: POST /session/ba2432913a596e5fc4fa14806f816f85/elements - {"using":"xpath","value":"//button[@data-kt=\"addNewRUOverflowToolbarButton\"]"}
RESULT: {"using":"xpath","value":"//button[@data-kt=\"addNewRUOverflowToolbarButton\"]"}
COMMAND: POST /session/ba2432913a596e5fc4fa14806f816f85/elements - {"using":"xpath","value":"//button[@data-kt=\"addNewRUOverflowToolbarButton\"]"}
RESULT: {"using":"xpath","value":"//button[@data-kt=\"addNewRUOverflowToolbarButton\"]"}
COMMAND: POST /session/ba2432913a596e5fc4fa14806f816f85/elements - {"using":"xpath","value":"//button[@data-kt=\"addNewRUOverflowToolbarButton\"]"}
RESULT: {"using":"xpath","value":"//button[@data-kt=\"addNewRUOverflowToolbarButton\"]"}
COMMAND: POST /session/ba2432913a596e5fc4fa14806f816f85/elements - {"using":"xpath","value":"//button[@data-kt=\"addNewRUOverflowToolbarButton\"]"}
RESULT: {"using":"xpath","value":"//button[@data-kt=\"addNewRUOverflowToolbarButton\"]"}
COMMAND: POST /session/ba2432913a596e5fc4fa14806f816f85/elements - {"using":"xpath","value":"//button[@data-kt=\"addNewRUOverflowToolbarButton\"]"}
RESULT: {"using":"xpath","value":"//button[@data-kt=\"addNewRUOverflowToolbarButton\"]"}
COMMAND: POST /session/ba2432913a596e5fc4fa14806f816f85/elements - {"using":"xpath","value":"//button[@data-kt=\"addNewRUOverflowToolbarButton\"]"}
RESULT: {"using":"xpath","value":"//button[@data-kt=\"addNewRUOverflowToolbarButton\"]"}
COMMAND: POST /session/ba2432913a596e5fc4fa14806f816f85/elements - {"using":"xpath","value":"//button[@data-kt=\"addNewRUOverflowToolbarButton\"]"}
RESULT: {"using":"xpath","value":"//button[@data-kt=\"addNewRUOverflowToolbarButton\"]"}
COMMAND: POST /session/ba2432913a596e5fc4fa14806f816f85/elements - {"using":"xpath","value":"//button[@data-kt=\"addNewRUOverflowToolbarButton\"]"}
RESULT: {"using":"xpath","value":"//button[@data-kt=\"addNewRUOverflowToolbarButton\"]"}
COMMAND: POST /session/ba2432913a596e5fc4fa14806f816f85/elements - {"using":"xpath","value":"//button[@data-kt=\"addNewRUOverflowToolbarButton\"]"}
RESULT: {"using":"xpath","value":"//button[@data-kt=\"addNewRUOverflowToolbarButton\"]"}
COMMAND: POST /session/ba2432913a596e5fc4fa14806f816f85/elements - {"using":"xpath","value":"//button[@data-kt=\"addNewRUOverflowToolbarButton\"]"}
RESULT: {"using":"xpath","value":"//button[@data-kt=\"addNewRUOverflowToolbarButton\"]"}
COMMAND: POST /session/ba2432913a596e5fc4fa14806f816f85/elements - {"using":"xpath","value":"//button[@data-kt=\"addNewRUOverflowToolbarButton\"]"}
RESULT: {"using":"xpath","value":"//button[@data-kt=\"addNewRUOverflowToolbarButton\"]"}
COMMAND: POST /session/ba2432913a596e5fc4fa14806f816f85/elements - {"using":"xpath","value":"//button[@data-kt=\"addNewRUOverflowToolbarButton\"]"}
RESULT: {"using":"xpath","value":"//button[@data-kt=\"addNewRUOverflowToolbarButton\"]"}
COMMAND: POST /session/ba2432913a596e5fc4fa14806f816f85/elements - {"using":"xpath","value":"//button[@data-kt=\"addNewRUOverflowToolbarButton\"]"}
RESULT: {"using":"xpath","value":"//button[@data-kt=\"addNewRUOverflowToolbarButton\"]"}
COMMAND: POST /session/ba2432913a596e5fc4fa14806f816f85/elements - {"using":"xpath","value":"//button[@data-kt=\"addNewRUOverflowToolbarButton\"]"}
RESULT: {"using":"xpath","value":"//button[@data-kt=\"addNewRUOverflowToolbarButton\"]"}
COMMAND: POST /session/ba2432913a596e5fc4fa14806f816f85/elements - {"using":"xpath","value":"//button[@data-kt=\"addNewRUOverflowToolbarButton\"]"}
RESULT: {"using":"xpath","value":"//button[@data-kt=\"addNewRUOverflowToolbarButton\"]"}
COMMAND: POST /session/ba2432913a596e5fc4fa14806f816f85/elements - {"using":"xpath","value":"//button[@data-kt=\"addNewRUOverflowToolbarButton\"]"}
RESULT: {"using":"xpath","value":"//button[@data-kt=\"addNewRUOverflowToolbarButton\"]"}
COMMAND: POST /session/ba2432913a596e5fc4fa14806f816f85/elements - {"using":"xpath","value":"//button[@data-kt=\"addNewRUOverflowToolbarButton\"]"}
RESULT: {"using":"xpath","value":"//button[@data-kt=\"addNewRUOverflowToolbarButton\"]"}
COMMAND: POST /session/ba2432913a596e5fc4fa14806f816f85/elements - {"using":"xpath","value":"//button[@data-kt=\"addNewRUOverflowToolbarButton\"]"}
RESULT: {"using":"xpath","value":"//button[@data-kt=\"addNewRUOverflowToolbarButton\"]"}
COMMAND: POST /session/ba2432913a596e5fc4fa14806f816f85/elements - {"using":"xpath","value":"//button[@data-kt=\"addNewRUOverflowToolbarButton\"]"}
RESULT: {"using":"xpath","value":"//button[@data-kt=\"addNewRUOverflowToolbarButton\"]"}
COMMAND: POST /session/ba2432913a596e5fc4fa14806f816f85/elements - {"using":"xpath","value":"//button[@data-kt=\"addNewRUOverflowToolbarButton\"]"}
RESULT: {"using":"xpath","value":"//button[@data-kt=\"addNewRUOverflowToolbarButton\"]"}
COMMAND: POST /session/ba2432913a596e5fc4fa14806f816f85/elements - {"using":"xpath","value":"//button[@data-kt=\"addNewRUOverflowToolbarButton\"]"}
RESULT: {"using":"xpath","value":"//button[@data-kt=\"addNewRUOverflowToolbarButton\"]"}
COMMAND: POST /session/ba2432913a596e5fc4fa14806f816f85/elements - {"using":"xpath","value":"//button[@data-kt=\"addNewRUOverflowToolbarButton\"]"}
RESULT: {"using":"xpath","value":"//button[@data-kt=\"addNewRUOverflowToolbarButton\"]"}
COMMAND: POST /session/ba2432913a596e5fc4fa14806f816f85/elements - {"using":"xpath","value":"//button[@data-kt=\"addNewRUOverflowToolbarButton\"]"}
RESULT: {"using":"xpath","value":"//button[@data-kt=\"addNewRUOverflowToolbarButton\"]"}
COMMAND: POST /session/ba2432913a596e5fc4fa14806f816f85/elements - {"using":"xpath","value":"//button[@data-kt=\"addNewRUOverflowToolbarButton\"]"}
RESULT: {"using":"xpath","value":"//button[@data-kt=\"addNewRUOverflowToolbarButton\"]"}
COMMAND: POST /session/ba2432913a596e5fc4fa14806f816f85/elements - {"using":"xpath","value":"//button[@data-kt=\"addNewRUOverflowToolbarButton\"]"}
RESULT: {"using":"xpath","value":"//button[@data-kt=\"addNewRUOverflowToolbarButton\"]"}
COMMAND: POST /session/ba2432913a596e5fc4fa14806f816f85/elements - {"using":"xpath","value":"//button[@data-kt=\"addNewRUOverflowToolbarButton\"]"}
RESULT: {"using":"xpath","value":"//button[@data-kt=\"addNewRUOverflowToolbarButton\"]"}
COMMAND: POST /session/ba2432913a596e5fc4fa14806f816f85/elements - {"using":"xpath","value":"//button[@data-kt=\"addNewRUOverflowToolbarButton\"]"}
RESULT: {"using":"xpath","value":"//button[@data-kt=\"addNewRUOverflowToolbarButton\"]"}
COMMAND: POST /session/ba2432913a596e5fc4fa14806f816f85/elements - {"using":"xpath","value":"//button[@data-kt=\"addNewRUOverflowToolbarButton\"]"}
RESULT: {"using":"xpath","value":"//button[@data-kt=\"addNewRUOverflowToolbarButton\"]"}
COMMAND: POST /session/ba2432913a596e5fc4fa14806f816f85/element - {"using":"xpath","value":"//button[@data-kt=\"addNewRUOverflowToolbarButton\"]"}
RESULT: {"using":"xpath","value":"//button[@data-kt=\"addNewRUOverflowToolbarButton\"]"}
COMMAND: POST /session/ba2432913a596e5fc4fa14806f816f85/execute/sync - {"script":"<script> [8489 bytes]","args":[{"element-6066-11e4-a52e-4f735466cecf":"f.FF9A1E5259EB1E6B709B859A36B64A29.d.75AC5A5C338535DE183B54FCB3826803.e.8605","ELEMENT":"f.FF9A1E5259EB1E6B709B859A36B64A29.d.75AC5A5C338535DE183B54FCB3826803.e.8605"}]}
RESULT: {"script":"<script> [8489 bytes]","args":[{"element-6066-11e4-a52e-4f735466cecf":"f.FF9A1E5259EB1E6B709B859A36B64A29.d.75AC5A5C338535DE183B54FCB3826803.e.8605","ELEMENT":"f.FF9A1E5259EB1E6B709B859A36B64A29.d.75AC5A5C338535DE183B54FCB3826803.e.8605"}]}
COMMAND: GET /session/ba2432913a596e5fc4fa14806f816f85/element/f.FF9A1E5259EB1E6B709B859A36B64A29.d.75AC5A5C338535DE183B54FCB3826803.e.8605/enabled - {}
COMMAND: GET /session/ba2432913a596e5fc4fa14806f816f85/screenshot - {}
RESULT: {}
COMMAND: POST /session/ba2432913a596e5fc4fa14806f816f85/execute/sync - {"script":"<script> [8489 bytes]","args":[{"element-6066-11e4-a52e-4f735466cecf":"f.FF9A1E5259EB1E6B709B859A36B64A29.d.75AC5A5C338535DE183B54FCB3826803.e.8605","ELEMENT":"f.FF9A1E5259EB1E6B709B859A36B64A29.d.75AC5A5C338535DE183B54FCB3826803.e.8605"}]}
COMMAND: GET /session/ba2432913a596e5fc4fa14806f816f85/screenshot - {}
RESULT: {}
RESULT: {"script":"<script> [8489 bytes]","args":[{"element-6066-11e4-a52e-4f735466cecf":"f.FF9A1E5259EB1E6B709B859A36B64A29.d.75AC5A5C338535DE183B54FCB3826803.e.8605","ELEMENT":"f.FF9A1E5259EB1E6B709B859A36B64A29.d.75AC5A5C338535DE183B54FCB3826803.e.8605"}]}
COMMAND: POST /session/ba2432913a596e5fc4fa14806f816f85/execute/sync - {"script":"<script> [5351 bytes]","args":[{"element-6066-11e4-a52e-4f735466cecf":"f.FF9A1E5259EB1E6B709B859A36B64A29.d.75AC5A5C338535DE183B54FCB3826803.e.8605","ELEMENT":"f.FF9A1E5259EB1E6B709B859A36B64A29.d.75AC5A5C338535DE183B54FCB3826803.e.8605"}]}
COMMAND: GET /session/ba2432913a596e5fc4fa14806f816f85/screenshot - {}
RESULT: {}
RESULT: {"script":"<script> [5351 bytes]","args":[{"element-6066-11e4-a52e-4f735466cecf":"f.FF9A1E5259EB1E6B709B859A36B64A29.d.75AC5A5C338535DE183B54FCB3826803.e.8605","ELEMENT":"f.FF9A1E5259EB1E6B709B859A36B64A29.d.75AC5A5C338535DE183B54FCB3826803.e.8605"}]}
COMMAND: POST /session/ba2432913a596e5fc4fa14806f816f85/element/f.FF9A1E5259EB1E6B709B859A36B64A29.d.75AC5A5C338535DE183B54FCB3826803.e.8605/click - {}
COMMAND: GET /session/ba2432913a596e5fc4fa14806f816f85/screenshot - {}
RESULT: {}
RESULT: {}
COMMAND: GET /session/ba2432913a596e5fc4fa14806f816f85/screenshot - {}
RESULT: {}
COMMAND: POST /session/ba2432913a596e5fc4fa14806f816f85/execute/async - {"script":"<script> [1562 bytes]","args":[{"selector":{"id":"application-manageresources-display-component---newResourceUnit--TYPE-arrow"},"wdio_ui5_key":"applicationmanageresources-display-component---newResourceUnit--TYPE-arrow"}]}
RESULT: {}
RESULT: {"script":"<script> [1562 bytes]","args":[{"selector":{"id":"application-manageresources-display-component---newResourceUnit--TYPE-arrow"},"wdio_ui5_key":"applicationmanageresources-display-component---newResourceUnit--TYPE-arrow"}]}
RESULT: undefined
COMMAND: POST /session/ba2432913a596e5fc4fa14806f816f85/element - {"using":"xpath","value":"//*[@id=\"application-manageresources-display-component---newResourceUnit--TYPE-arrow\"]"}
RESULT: {"using":"xpath","value":"//*[@id=\"application-manageresources-display-component---newResourceUnit--TYPE-arrow\"]"}
COMMAND: POST /session/ba2432913a596e5fc4fa14806f816f85/element/f.FF9A1E5259EB1E6B709B859A36B64A29.d.75AC5A5C338535DE183B54FCB3826803.e.8960/click - {}
RESULT: {}
COMMAND: POST /session/ba2432913a596e5fc4fa14806f816f85/element - {"using":"xpath","value":"//input[@id=\"application-manageresources-display-component---newResourceUnit--TYPE-inner\"]"}
COMMAND: GET /session/ba2432913a596e5fc4fa14806f816f85/screenshot - {}
RESULT: {"using":"xpath","value":"//input[@id=\"application-manageresources-display-component---newResourceUnit--TYPE-inner\"]"}
COMMAND: POST /session/ba2432913a596e5fc4fa14806f816f85/element/f.FF9A1E5259EB1E6B709B859A36B64A29.d.75AC5A5C338535DE183B54FCB3826803.e.8957/clear - {}
RESULT: {}
RESULT: {}
COMMAND: POST /session/ba2432913a596e5fc4fa14806f816f85/element/f.FF9A1E5259EB1E6B709B859A36B64A29.d.75AC5A5C338535DE183B54FCB3826803.e.8957/value - {"text":"Equipment"}
COMMAND: GET /session/ba2432913a596e5fc4fa14806f816f85/screenshot - {}
RESULT: {"text":"Equipment"}
COMMAND: GET /session/ba2432913a596e5fc4fa14806f816f85/screenshot - {}
RESULT: {}
RESULT: {}
COMMAND: POST /session/ba2432913a596e5fc4fa14806f816f85/actions - {"actions":[{"id":"action27","type":"key","parameters":{},"actions":[{"type":"keyDown","value":"î€‡"},{"type":"pause","duration":10},{"type":"keyUp","value":"î€‡"}]}]}
RESULT: {"actions":[{"id":"action27","type":"key","parameters":{},"actions":[{"type":"keyDown","value":"î€‡"},{"type":"pause","duration":10},{"type":"keyUp","value":"î€‡"}]}]}
COMMAND: POST /session/ba2432913a596e5fc4fa14806f816f85/execute/async - {"script":"<script> [1562 bytes]","args":[{"selector":{"id":"application-manageresources-display-component---newResourceUnit--resourceId","interaction":{"idSuffix":"inner"}},"wdio_ui5_key":"applicationmanageresources-display-component---newResourceUnit--resourceId"}]}
COMMAND: GET /session/ba2432913a596e5fc4fa14806f816f85/screenshot - {}
RESULT: {"script":"<script> [1562 bytes]","args":[{"selector":{"id":"application-manageresources-display-component---newResourceUnit--resourceId","interaction":{"idSuffix":"inner"}},"wdio_ui5_key":"applicationmanageresources-display-component---newResourceUnit--resourceId"}]}
RESULT: undefined
COMMAND: POST /session/ba2432913a596e5fc4fa14806f816f85/execute/async - {"script":"<script> [776 bytes]","args":[{"enterText":"7De4XGRdGw","selector":{"id":"application-manageresources-display-component---newResourceUnit--resourceId","interaction":{"idSuffix":"inner"}},"clearTextFirst":true,"interactionType":"ENTER_TEXT"}]}
RESULT: {}
RESULT: {"script":"<script> [776 bytes]","args":[{"enterText":"7De4XGRdGw","selector":{"id":"application-manageresources-display-component---newResourceUnit--resourceId","interaction":{"idSuffix":"inner"}},"clearTextFirst":true,"interactionType":"ENTER_TEXT"}]}
COMMAND: POST /session/ba2432913a596e5fc4fa14806f816f85/execute/async - {"script":"<script> [1562 bytes]","args":[{"selector":{"id":"application-manageresources-display-component---newResourceUnit--SHORT_TEXT","interaction":{"idSuffix":"inner"}},"wdio_ui5_key":"applicationmanageresources-display-component---newResourceUnit--SHORT_TEXT"}]}
RESULT: {"script":"<script> [1562 bytes]","args":[{"selector":{"id":"application-manageresources-display-component---newResourceUnit--SHORT_TEXT","interaction":{"idSuffix":"inner"}},"wdio_ui5_key":"applicationmanageresources-display-component---newResourceUnit--SHORT_TEXT"}]}
RESULT: undefined
COMMAND: POST /session/ba2432913a596e5fc4fa14806f816f85/execute/async - {"script":"<script> [776 bytes]","args":[{"enterText":"Intercompany Equipment WDIO","selector":{"id":"application-manageresources-display-component---newResourceUnit--SHORT_TEXT","interaction":{"idSuffix":"inner"}},"clearTextFirst":true,"interactionType":"ENTER_TEXT"}]}
RESULT: {"script":"<script> [776 bytes]","args":[{"enterText":"Intercompany Equipment WDIO","selector":{"id":"application-manageresources-display-component---newResourceUnit--SHORT_TEXT","interaction":{"idSuffix":"inner"}},"clearTextFirst":true,"interactionType":"ENTER_TEXT"}]}
COMMAND: POST /session/ba2432913a596e5fc4fa14806f816f85/execute/async - {"script":"<script> [1562 bytes]","args":[{"selector":{"id":"application-manageresources-display-component---newResourceUnit--BASE_UNIT_OF_MEASURE","interaction":{"idSuffix":"inner"}},"wdio_ui5_key":"applicationmanageresources-display-component---newResourceUnit--BASE_UNIT_OF_MEASURE"}]}
RESULT: {"script":"<script> [1562 bytes]","args":[{"selector":{"id":"application-manageresources-display-component---newResourceUnit--BASE_UNIT_OF_MEASURE","interaction":{"idSuffix":"inner"}},"wdio_ui5_key":"applicationmanageresources-display-component---newResourceUnit--BASE_UNIT_OF_MEASURE"}]}
RESULT: undefined
COMMAND: POST /session/ba2432913a596e5fc4fa14806f816f85/execute/async - {"script":"<script> [776 bytes]","args":[{"enterText":"Piece","selector":{"id":"application-manageresources-display-component---newResourceUnit--BASE_UNIT_OF_MEASURE","interaction":{"idSuffix":"inner"}},"clearTextFirst":true,"interactionType":"ENTER_TEXT"}]}
RESULT: {"script":"<script> [776 bytes]","args":[{"enterText":"Piece","selector":{"id":"application-manageresources-display-component---newResourceUnit--BASE_UNIT_OF_MEASURE","interaction":{"idSuffix":"inner"}},"clearTextFirst":true,"interactionType":"ENTER_TEXT"}]}
COMMAND: POST /session/ba2432913a596e5fc4fa14806f816f85/execute/async - {"script":"<script> [1562 bytes]","args":[{"selector":{"id":"application-manageresources-display-component---newResourceUnit--WEIGHT_UNIT","interaction":{"idSuffix":"inner"}},"wdio_ui5_key":"applicationmanageresources-display-component---newResourceUnit--WEIGHT_UNIT"}]}
RESULT: {"script":"<script> [1562 bytes]","args":[{"selector":{"id":"application-manageresources-display-component---newResourceUnit--WEIGHT_UNIT","interaction":{"idSuffix":"inner"}},"wdio_ui5_key":"applicationmanageresources-display-component---newResourceUnit--WEIGHT_UNIT"}]}
RESULT: undefined
COMMAND: POST /session/ba2432913a596e5fc4fa14806f816f85/execute/async - {"script":"<script> [776 bytes]","args":[{"enterText":"Gram","selector":{"id":"application-manageresources-display-component---newResourceUnit--WEIGHT_UNIT","interaction":{"idSuffix":"inner"}},"clearTextFirst":true,"interactionType":"ENTER_TEXT"}]}
RESULT: {"script":"<script> [776 bytes]","args":[{"enterText":"Gram","selector":{"id":"application-manageresources-display-component---newResourceUnit--WEIGHT_UNIT","interaction":{"idSuffix":"inner"}},"clearTextFirst":true,"interactionType":"ENTER_TEXT"}]}
COMMAND: POST /session/ba2432913a596e5fc4fa14806f816f85/execute/async - {"script":"<script> [1562 bytes]","args":[{"selector":{"id":"application-manageresources-display-component---newResourceUnit--DIMENSION_UNIT","interaction":{"idSuffix":"inner"}},"wdio_ui5_key":"applicationmanageresources-display-component---newResourceUnit--DIMENSION_UNIT"}]}
RESULT: {"script":"<script> [1562 bytes]","args":[{"selector":{"id":"application-manageresources-display-component---newResourceUnit--DIMENSION_UNIT","interaction":{"idSuffix":"inner"}},"wdio_ui5_key":"applicationmanageresources-display-component---newResourceUnit--DIMENSION_UNIT"}]}
RESULT: undefined
COMMAND: POST /session/ba2432913a596e5fc4fa14806f816f85/execute/async - {"script":"<script> [776 bytes]","args":[{"enterText":"Meter","selector":{"id":"application-manageresources-display-component---newResourceUnit--DIMENSION_UNIT","interaction":{"idSuffix":"inner"}},"clearTextFirst":true,"interactionType":"ENTER_TEXT"}]}
RESULT: {"script":"<script> [776 bytes]","args":[{"enterText":"Meter","selector":{"id":"application-manageresources-display-component---newResourceUnit--DIMENSION_UNIT","interaction":{"idSuffix":"inner"}},"clearTextFirst":true,"interactionType":"ENTER_TEXT"}]}
COMMAND: POST /session/ba2432913a596e5fc4fa14806f816f85/execute/async - {"script":"<script> [1562 bytes]","args":[{"selector":{"id":"application-manageresources-display-component---newResourceUnit--newRRUPage-anchBar-application-manageresources-display-component---newResourceUnit--control-anchor","interaction":{"idSuffix":"BDI-content"}},"wdio_ui5_key":"applicationmanageresources-display-component---newResourceUnit--newRRUPage-anchBar-application-manageresources-display-component---newResourceUnit--control-anchor"}]}
RESULT: {"script":"<script> [1562 bytes]","args":[{"selector":{"id":"application-manageresources-display-component---newResourceUnit--newRRUPage-anchBar-application-manageresources-display-component---newResourceUnit--control-anchor","interaction":{"idSuffix":"BDI-content"}},"wdio_ui5_key":"applicationmanageresources-display-component---newResourceUnit--newRRUPage-anchBar-application-manageresources-display-component---newResourceUnit--control-anchor"}]}
RESULT: undefined
COMMAND: POST /session/ba2432913a596e5fc4fa14806f816f85/element - {"using":"xpath","value":"//*[@id=\"application-manageresources-display-component---newResourceUnit--newRRUPage-anchBar-application-manageresources-display-component---newResourceUnit--control-anchor\"]"}
RESULT: {"using":"xpath","value":"//*[@id=\"application-manageresources-display-component---newResourceUnit--newRRUPage-anchBar-application-manageresources-display-component---newResourceUnit--control-anchor\"]"}
COMMAND: POST /session/ba2432913a596e5fc4fa14806f816f85/element/f.FF9A1E5259EB1E6B709B859A36B64A29.d.75AC5A5C338535DE183B54FCB3826803.e.9095/click - {}
RESULT: {}
COMMAND: POST /session/ba2432913a596e5fc4fa14806f816f85/execute/async - {"script":"<script> [1562 bytes]","args":[{"selector":{"id":"application-manageresources-display-component---newResourceUnit--PLANNING_GROUP","interaction":{"idSuffix":"inner"}},"wdio_ui5_key":"applicationmanageresources-display-component---newResourceUnit--PLANNING_GROUP"}]}
COMMAND: GET /session/ba2432913a596e5fc4fa14806f816f85/screenshot - {}
RESULT: {"script":"<script> [1562 bytes]","args":[{"selector":{"id":"application-manageresources-display-component---newResourceUnit--PLANNING_GROUP","interaction":{"idSuffix":"inner"}},"wdio_ui5_key":"applicationmanageresources-display-component---newResourceUnit--PLANNING_GROUP"}]}
RESULT: undefined
COMMAND: POST /session/ba2432913a596e5fc4fa14806f816f85/execute/async - {"script":"<script> [776 bytes]","args":[{"enterText":"Heavy Equi","selector":{"id":"application-manageresources-display-component---newResourceUnit--PLANNING_GROUP","interaction":{"idSuffix":"inner"}},"clearTextFirst":true,"interactionType":"ENTER_TEXT"}]}
RESULT: {}
RESULT: {"script":"<script> [776 bytes]","args":[{"enterText":"Heavy Equi","selector":{"id":"application-manageresources-display-component---newResourceUnit--PLANNING_GROUP","interaction":{"idSuffix":"inner"}},"clearTextFirst":true,"interactionType":"ENTER_TEXT"}]}
COMMAND: POST /session/ba2432913a596e5fc4fa14806f816f85/execute/async - {"script":"<script> [1562 bytes]","args":[{"selector":{"id":"application-manageresources-display-component---newResourceUnit--ITEM_TYPE-arrow"},"wdio_ui5_key":"applicationmanageresources-display-component---newResourceUnit--ITEM_TYPE-arrow"}]}
RESULT: {"script":"<script> [1562 bytes]","args":[{"selector":{"id":"application-manageresources-display-component---newResourceUnit--ITEM_TYPE-arrow"},"wdio_ui5_key":"applicationmanageresources-display-component---newResourceUnit--ITEM_TYPE-arrow"}]}
RESULT: undefined
COMMAND: POST /session/ba2432913a596e5fc4fa14806f816f85/element - {"using":"xpath","value":"//*[@id=\"application-manageresources-display-component---newResourceUnit--ITEM_TYPE-arrow\"]"}
RESULT: {"using":"xpath","value":"//*[@id=\"application-manageresources-display-component---newResourceUnit--ITEM_TYPE-arrow\"]"}
COMMAND: POST /session/ba2432913a596e5fc4fa14806f816f85/element/f.FF9A1E5259EB1E6B709B859A36B64A29.d.75AC5A5C338535DE183B54FCB3826803.e.9102/click - {}
RESULT: {}
COMMAND: POST /session/ba2432913a596e5fc4fa14806f816f85/element - {"using":"xpath","value":"(//span[contains(text(), \"Resource Unit\")])[2]"}
COMMAND: GET /session/ba2432913a596e5fc4fa14806f816f85/screenshot - {}
RESULT: {"using":"xpath","value":"(//span[contains(text(), \"Resource Unit\")])[2]"}
COMMAND: POST /session/ba2432913a596e5fc4fa14806f816f85/element/f.FF9A1E5259EB1E6B709B859A36B64A29.d.75AC5A5C338535DE183B54FCB3826803.e.9103/click - {}
RESULT: {}
RESULT: {}
COMMAND: GET /session/ba2432913a596e5fc4fa14806f816f85/screenshot - {}
RESULT: {}
COMMAND: POST /session/ba2432913a596e5fc4fa14806f816f85/element - {"using":"css selector","value":"#application-manageresources-display-component---newResourceUnit--btnAddTimeSegment"}
RESULT: {"using":"css selector","value":"#application-manageresources-display-component---newResourceUnit--btnAddTimeSegment"}
COMMAND: GET /session/ba2432913a596e5fc4fa14806f816f85/element/f.FF9A1E5259EB1E6B709B859A36B64A29.d.75AC5A5C338535DE183B54FCB3826803.e.9104/rect - {}
RESULT: {}
COMMAND: GET /session/ba2432913a596e5fc4fa14806f816f85/window/rect - {}
RESULT: {}
COMMAND: POST /session/ba2432913a596e5fc4fa14806f816f85/execute/sync - {"script":"<script> [92 bytes]","args":[]}
RESULT: {"script":"<script> [92 bytes]","args":[]}
COMMAND: POST /session/ba2432913a596e5fc4fa14806f816f85/actions - {"actions":[{"id":"action28","type":"wheel","parameters":{},"actions":[{"type":"scroll","x":-1888,"y":-32,"deltaX":0,"deltaY":0,"duration":0,"origin":{"element-6066-11e4-a52e-4f735466cecf":"f.FF9A1E5259EB1E6B709B859A36B64A29.d.75AC5A5C338535DE183B54FCB3826803.e.9104"}}]}]}
COMMAND: GET /session/ba2432913a596e5fc4fa14806f816f85/screenshot - {}
RESULT: {}
COMMAND: POST /session/ba2432913a596e5fc4fa14806f816f85/execute/sync - {"script":"<script> [79 bytes]","args":[{"element-6066-11e4-a52e-4f735466cecf":"f.FF9A1E5259EB1E6B709B859A36B64A29.d.75AC5A5C338535DE183B54FCB3826803.e.9104","ELEMENT":"f.FF9A1E5259EB1E6B709B859A36B64A29.d.75AC5A5C338535DE183B54FCB3826803.e.9104"},{"block":"start","inline":"nearest"}]}
RESULT: {"script":"<script> [79 bytes]","args":[{"element-6066-11e4-a52e-4f735466cecf":"f.FF9A1E5259EB1E6B709B859A36B64A29.d.75AC5A5C338535DE183B54FCB3826803.e.9104","ELEMENT":"f.FF9A1E5259EB1E6B709B859A36B64A29.d.75AC5A5C338535DE183B54FCB3826803.e.9104"},{"block":"start","inline":"nearest"}]}
COMMAND: POST /session/ba2432913a596e5fc4fa14806f816f85/execute/async - {"script":"<script> [1562 bytes]","args":[{"selector":{"id":"application-manageresources-display-component---newResourceUnit--btnAddTimeSegment","interaction":{"idSuffix":"inner"}},"wdio_ui5_key":"applicationmanageresources-display-component---newResourceUnit--btnAddTimeSegment"}]}
COMMAND: GET /session/ba2432913a596e5fc4fa14806f816f85/screenshot - {}
RESULT: {"script":"<script> [1562 bytes]","args":[{"selector":{"id":"application-manageresources-display-component---newResourceUnit--btnAddTimeSegment","interaction":{"idSuffix":"inner"}},"wdio_ui5_key":"applicationmanageresources-display-component---newResourceUnit--btnAddTimeSegment"}]}
RESULT: undefined
COMMAND: POST /session/ba2432913a596e5fc4fa14806f816f85/element - {"using":"xpath","value":"//*[@id=\"application-manageresources-display-component---newResourceUnit--btnAddTimeSegment\"]"}
RESULT: {}
RESULT: {"using":"xpath","value":"//*[@id=\"application-manageresources-display-component---newResourceUnit--btnAddTimeSegment\"]"}
COMMAND: POST /session/ba2432913a596e5fc4fa14806f816f85/element/f.FF9A1E5259EB1E6B709B859A36B64A29.d.75AC5A5C338535DE183B54FCB3826803.e.9104/click - {}
RESULT: {}
COMMAND: GET /session/ba2432913a596e5fc4fa14806f816f85/screenshot - {}
RESULT: {}
COMMAND: POST /session/ba2432913a596e5fc4fa14806f816f85/element - {"using":"xpath","value":"//input[@id=\"application-manageresources-display-component---newResourceUnit--idRuTSAdmin-application-manageresources-display-component---newResourceUnit--RUTimeSegment-0-inner\"]"}
RESULT: {"using":"xpath","value":"//input[@id=\"application-manageresources-display-component---newResourceUnit--idRuTSAdmin-application-manageresources-display-component---newResourceUnit--RUTimeSegment-0-inner\"]"}
COMMAND: POST /session/ba2432913a596e5fc4fa14806f816f85/element/f.FF9A1E5259EB1E6B709B859A36B64A29.d.75AC5A5C338535DE183B54FCB3826803.e.9110/clear - {}
RESULT: {}
COMMAND: POST /session/ba2432913a596e5fc4fa14806f816f85/element/f.FF9A1E5259EB1E6B709B859A36B64A29.d.75AC5A5C338535DE183B54FCB3826803.e.9110/value - {"text":"531"}
COMMAND: GET /session/ba2432913a596e5fc4fa14806f816f85/screenshot - {}
RESULT: {"text":"531"}
COMMAND: GET /session/ba2432913a596e5fc4fa14806f816f85/screenshot - {}
RESULT: {}
RESULT: {}
COMMAND: POST /session/ba2432913a596e5fc4fa14806f816f85/element - {"using":"xpath","value":"//li[.//span[text()='531']]"}
RESULT: {"using":"xpath","value":"//li[.//span[text()='531']]"}
COMMAND: POST /session/ba2432913a596e5fc4fa14806f816f85/element/f.FF9A1E5259EB1E6B709B859A36B64A29.d.75AC5A5C338535DE183B54FCB3826803.e.9122/click - {}
RESULT: {}
COMMAND: GET /session/ba2432913a596e5fc4fa14806f816f85/screenshot - {}
RESULT: {}
COMMAND: POST /session/ba2432913a596e5fc4fa14806f816f85/element - {"using":"xpath","value":"(//span[contains(@id, \"-application-manageresources-display-component---newResourceUnit--RUTimeSegment-0-arrow\")])[6]"}
RESULT: {"using":"xpath","value":"(//span[contains(@id, \"-application-manageresources-display-component---newResourceUnit--RUTimeSegment-0-arrow\")])[6]"}
COMMAND: POST /session/ba2432913a596e5fc4fa14806f816f85/element/f.FF9A1E5259EB1E6B709B859A36B64A29.d.75AC5A5C338535DE183B54FCB3826803.e.9123/click - {}
RESULT: {}
COMMAND: GET /session/ba2432913a596e5fc4fa14806f816f85/screenshot - {}
RESULT: {}
COMMAND: POST /session/ba2432913a596e5fc4fa14806f816f85/element - {"using":"xpath","value":"//span[contains(text(), \"PM Order\")]"}
RESULT: {"using":"xpath","value":"//span[contains(text(), \"PM Order\")]"}
COMMAND: POST /session/ba2432913a596e5fc4fa14806f816f85/element/f.FF9A1E5259EB1E6B709B859A36B64A29.d.75AC5A5C338535DE183B54FCB3826803.e.9126/click - {}
RESULT: {}
COMMAND: GET /session/ba2432913a596e5fc4fa14806f816f85/screenshot - {}
RESULT: {}
COMMAND: POST /session/ba2432913a596e5fc4fa14806f816f85/element - {"using":"xpath","value":"(//span[contains(@id ,\"manageresources-display-component---newResourceUnit--RUTimeSegment-0-vhi\")])[1]"}
RESULT: {"using":"xpath","value":"(//span[contains(@id ,\"manageresources-display-component---newResourceUnit--RUTimeSegment-0-vhi\")])[1]"}
COMMAND: GET /session/ba2432913a596e5fc4fa14806f816f85/element/f.FF9A1E5259EB1E6B709B859A36B64A29.d.75AC5A5C338535DE183B54FCB3826803.e.9130/rect - {}
RESULT: {}
COMMAND: GET /session/ba2432913a596e5fc4fa14806f816f85/window/rect - {}
RESULT: {}
COMMAND: POST /session/ba2432913a596e5fc4fa14806f816f85/execute/sync - {"script":"<script> [92 bytes]","args":[]}
RESULT: {"script":"<script> [92 bytes]","args":[]}
COMMAND: POST /session/ba2432913a596e5fc4fa14806f816f85/actions - {"actions":[{"id":"action29","type":"wheel","parameters":{},"actions":[{"type":"scroll","x":-869,"y":-24,"deltaX":0,"deltaY":0,"duration":0,"origin":{"element-6066-11e4-a52e-4f735466cecf":"f.FF9A1E5259EB1E6B709B859A36B64A29.d.75AC5A5C338535DE183B54FCB3826803.e.9130"}}]}]}
COMMAND: GET /session/ba2432913a596e5fc4fa14806f816f85/screenshot - {}
RESULT: {"actions":[{"id":"action29","type":"wheel","parameters":{},"actions":[{"type":"scroll","x":-869,"y":-24,"deltaX":0,"deltaY":0,"duration":0,"origin":{"element-6066-11e4-a52e-4f735466cecf":"f.FF9A1E5259EB1E6B709B859A36B64A29.d.75AC5A5C338535DE183B54FCB3826803.e.9130"}}]}]}
COMMAND: DELETE /session/ba2432913a596e5fc4fa14806f816f85/actions - {}
COMMAND: GET /session/ba2432913a596e5fc4fa14806f816f85/screenshot - {}
RESULT: {}
RESULT: {}
COMMAND: GET /session/ba2432913a596e5fc4fa14806f816f85/screenshot - {}
RESULT: {}
RESULT: {}
COMMAND: POST /session/ba2432913a596e5fc4fa14806f816f85/element/f.FF9A1E5259EB1E6B709B859A36B64A29.d.75AC5A5C338535DE183B54FCB3826803.e.9130/click - {}
RESULT: {}
COMMAND: GET /session/ba2432913a596e5fc4fa14806f816f85/screenshot - {}
RESULT: {}
COMMAND: POST /session/ba2432913a596e5fc4fa14806f816f85/execute/async - {"script":"<script> [1562 bytes]","args":[{"selector":{"controlType":"sap.m.SearchField","properties":{"placeholder":"Search"},"searchOpenDialogs":true,"interaction":{"idSuffix":"I"}},"wdio_ui5_key":"sapm.SearchField{\"placeholder\":\"Search\"}"}]}
RESULT: {"script":"<script> [1562 bytes]","args":[{"selector":{"controlType":"sap.m.SearchField","properties":{"placeholder":"Search"},"searchOpenDialogs":true,"interaction":{"idSuffix":"I"}},"wdio_ui5_key":"sapm.SearchField{\"placeholder\":\"Search\"}"}]}
RESULT: undefined
COMMAND: POST /session/ba2432913a596e5fc4fa14806f816f85/execute/async - {"script":"<script> [776 bytes]","args":[{"enterText":"4000360","selector":{"controlType":"sap.m.SearchField","properties":{"placeholder":"Search"},"searchOpenDialogs":true,"interaction":{"idSuffix":"I"}},"clearTextFirst":true,"interactionType":"ENTER_TEXT"}]}
RESULT: {"script":"<script> [776 bytes]","args":[{"enterText":"4000360","selector":{"controlType":"sap.m.SearchField","properties":{"placeholder":"Search"},"searchOpenDialogs":true,"interaction":{"idSuffix":"I"}},"clearTextFirst":true,"interactionType":"ENTER_TEXT"}]}
COMMAND: POST /session/ba2432913a596e5fc4fa14806f816f85/actions - {"actions":[{"id":"action30","type":"key","parameters":{},"actions":[{"type":"keyDown","value":"î€‡"},{"type":"pause","duration":10},{"type":"keyUp","value":"î€‡"}]}]}
RESULT: {"actions":[{"id":"action30","type":"key","parameters":{},"actions":[{"type":"keyDown","value":"î€‡"},{"type":"pause","duration":10},{"type":"keyUp","value":"î€‡"}]}]}
COMMAND: GET /session/ba2432913a596e5fc4fa14806f816f85/screenshot - {}
RESULT: {}
COMMAND: POST /session/ba2432913a596e5fc4fa14806f816f85/element - {"using":"xpath","value":"//td/div/span[contains(text(), \"BGL Vehicles\")]"}
RESULT: {"using":"xpath","value":"//td/div/span[contains(text(), \"BGL Vehicles\")]"}
COMMAND: POST /session/ba2432913a596e5fc4fa14806f816f85/element/f.FF9A1E5259EB1E6B709B859A36B64A29.d.75AC5A5C338535DE183B54FCB3826803.e.9152/click - {}
RESULT: {}
COMMAND: GET /session/ba2432913a596e5fc4fa14806f816f85/screenshot - {}
RESULT: {}
COMMAND: POST /session/ba2432913a596e5fc4fa14806f816f85/element - {"using":"xpath","value":"//bdi[contains(text(), \"OK\")]"}
RESULT: {"using":"xpath","value":"//bdi[contains(text(), \"OK\")]"}
COMMAND: POST /session/ba2432913a596e5fc4fa14806f816f85/element/f.FF9A1E5259EB1E6B709B859A36B64A29.d.75AC5A5C338535DE183B54FCB3826803.e.9153/click - {}
RESULT: {}
COMMAND: GET /session/ba2432913a596e5fc4fa14806f816f85/screenshot - {}
RESULT: {}
COMMAND: POST /session/ba2432913a596e5fc4fa14806f816f85/execute/async - {"script":"<script> [1562 bytes]","args":[{"selector":{"id":"application-manageresources-display-component---newResourceUnit--newRRUPage-anchBar-application-manageresources-display-component---newResourceUnit--resource-anchor","interaction":{"idSuffix":"BDI-content"}},"wdio_ui5_key":"applicationmanageresources-display-component---newResourceUnit--newRRUPage-anchBar-application-manageresources-display-component---newResourceUnit--resource-anchor"}]}
RESULT: {"script":"<script> [1562 bytes]","args":[{"selector":{"id":"application-manageresources-display-component---newResourceUnit--newRRUPage-anchBar-application-manageresources-display-component---newResourceUnit--resource-anchor","interaction":{"idSuffix":"BDI-content"}},"wdio_ui5_key":"applicationmanageresources-display-component---newResourceUnit--newRRUPage-anchBar-application-manageresources-display-component---newResourceUnit--resource-anchor"}]}
RESULT: undefined
COMMAND: POST /session/ba2432913a596e5fc4fa14806f816f85/element - {"using":"xpath","value":"//*[@id=\"application-manageresources-display-component---newResourceUnit--newRRUPage-anchBar-application-manageresources-display-component---newResourceUnit--resource-anchor\"]"}
RESULT: {"using":"xpath","value":"//*[@id=\"application-manageresources-display-component---newResourceUnit--newRRUPage-anchBar-application-manageresources-display-component---newResourceUnit--resource-anchor\"]"}
COMMAND: POST /session/ba2432913a596e5fc4fa14806f816f85/element/f.FF9A1E5259EB1E6B709B859A36B64A29.d.75AC5A5C338535DE183B54FCB3826803.e.9157/click - {}
RESULT: {}
COMMAND: POST /session/ba2432913a596e5fc4fa14806f816f85/execute/async - {"script":"<script> [1562 bytes]","args":[{"selector":{"id":"application-manageresources-display-component---newResourceUnit--PLANNED_DELIVERY_DATE","interaction":{"idSuffix":"inner"}},"wdio_ui5_key":"applicationmanageresources-display-component---newResourceUnit--PLANNED_DELIVERY_DATE"}]}
COMMAND: GET /session/ba2432913a596e5fc4fa14806f816f85/screenshot - {}
RESULT: {"script":"<script> [1562 bytes]","args":[{"selector":{"id":"application-manageresources-display-component---newResourceUnit--PLANNED_DELIVERY_DATE","interaction":{"idSuffix":"inner"}},"wdio_ui5_key":"applicationmanageresources-display-component---newResourceUnit--PLANNED_DELIVERY_DATE"}]}
RESULT: undefined
COMMAND: POST /session/ba2432913a596e5fc4fa14806f816f85/execute/async - {"script":"<script> [6424 bytes]","args":[{"element-6066-11e4-a52e-4f735466cecf":"f.FF9A1E5259EB1E6B709B859A36B64A29.d.75AC5A5C338535DE183B54FCB3826803.e.9018"},"setValue",["5/3/25"]]}
RESULT: {}
RESULT: {"script":"<script> [6424 bytes]","args":[{"element-6066-11e4-a52e-4f735466cecf":"f.FF9A1E5259EB1E6B709B859A36B64A29.d.75AC5A5C338535DE183B54FCB3826803.e.9018"},"setValue",["5/3/25"]]}
COMMAND: POST /session/ba2432913a596e5fc4fa14806f816f85/element - {"using":"xpath","value":"//button[@data-kt=\"resourceUnitSaveButton\"]"}
RESULT: {"using":"xpath","value":"//button[@data-kt=\"resourceUnitSaveButton\"]"}
COMMAND: POST /session/ba2432913a596e5fc4fa14806f816f85/element/f.FF9A1E5259EB1E6B709B859A36B64A29.d.75AC5A5C338535DE183B54FCB3826803.e.8978/click - {}
RESULT: {}
COMMAND: GET /session/ba2432913a596e5fc4fa14806f816f85/screenshot - {}
RESULT: {}
COMMAND: POST /session/ba2432913a596e5fc4fa14806f816f85/element - {"using":"xpath","value":"//bdi[contains(text(), \"Close\")]"}
RESULT: {"using":"xpath","value":"//bdi[contains(text(), \"Close\")]"}
COMMAND: POST /session/ba2432913a596e5fc4fa14806f816f85/element/f.FF9A1E5259EB1E6B709B859A36B64A29.d.75AC5A5C338535DE183B54FCB3826803.e.9165/click - {}
RESULT: {}
COMMAND: GET /session/ba2432913a596e5fc4fa14806f816f85/screenshot - {}
RESULT: {}
COMMAND: POST /session/ba2432913a596e5fc4fa14806f816f85/element - {"using":"xpath","value":"//bdi[contains(text(), \"Edit\")]"}
RESULT: {"using":"xpath","value":"//bdi[contains(text(), \"Edit\")]"}
COMMAND: POST /session/ba2432913a596e5fc4fa14806f816f85/execute/sync - {"script":"<script> [8489 bytes]","args":[{"element-6066-11e4-a52e-4f735466cecf":"f.FF9A1E5259EB1E6B709B859A36B64A29.d.75AC5A5C338535DE183B54FCB3826803.e.9223","ELEMENT":"f.FF9A1E5259EB1E6B709B859A36B64A29.d.75AC5A5C338535DE183B54FCB3826803.e.9223"}]}
RESULT: {"script":"<script> [8489 bytes]","args":[{"element-6066-11e4-a52e-4f735466cecf":"f.FF9A1E5259EB1E6B709B859A36B64A29.d.75AC5A5C338535DE183B54FCB3826803.e.9223","ELEMENT":"f.FF9A1E5259EB1E6B709B859A36B64A29.d.75AC5A5C338535DE183B54FCB3826803.e.9223"}]}
COMMAND: POST /session/ba2432913a596e5fc4fa14806f816f85/element/f.FF9A1E5259EB1E6B709B859A36B64A29.d.75AC5A5C338535DE183B54FCB3826803.e.9223/click - {}
COMMAND: GET /session/ba2432913a596e5fc4fa14806f816f85/screenshot - {}
RESULT: {}
COMMAND: GET /session/ba2432913a596e5fc4fa14806f816f85/screenshot - {}
RESULT: {}
RESULT: {}
COMMAND: POST /session/ba2432913a596e5fc4fa14806f816f85/execute/async - {"script":"<script> [1562 bytes]","args":[{"selector":{"id":"application-manageresources-display-component---editResource--editRruPage-anchBar-application-manageresources-display-component---editResource--counters-anchor","interaction":{"idSuffix":"BDI-content"}},"wdio_ui5_key":"applicationmanageresources-display-component---editResource--editRruPage-anchBar-application-manageresources-display-component---editResource--counters-anchor"}]}
RESULT: {"script":"<script> [1562 bytes]","args":[{"selector":{"id":"application-manageresources-display-component---editResource--editRruPage-anchBar-application-manageresources-display-component---editResource--counters-anchor","interaction":{"idSuffix":"BDI-content"}},"wdio_ui5_key":"applicationmanageresources-display-component---editResource--editRruPage-anchBar-application-manageresources-display-component---editResource--counters-anchor"}]}
RESULT: undefined
COMMAND: POST /session/ba2432913a596e5fc4fa14806f816f85/element - {"using":"xpath","value":"//*[@id=\"application-manageresources-display-component---editResource--editRruPage-anchBar-application-manageresources-display-component---editResource--counters-anchor\"]"}
RESULT: {"using":"xpath","value":"//*[@id=\"application-manageresources-display-component---editResource--editRruPage-anchBar-application-manageresources-display-component---editResource--counters-anchor\"]"}
COMMAND: POST /session/ba2432913a596e5fc4fa14806f816f85/element/f.FF9A1E5259EB1E6B709B859A36B64A29.d.75AC5A5C338535DE183B54FCB3826803.e.9335/click - {}
RESULT: {}
COMMAND: GET /session/ba2432913a596e5fc4fa14806f816f85/screenshot - {}
RESULT: {}
COMMAND: POST /session/ba2432913a596e5fc4fa14806f816f85/execute/async - {"script":"<script> [1562 bytes]","args":[{"selector":{"id":"application-manageresources-display-component---editResource--btnAddCounter-img"},"wdio_ui5_key":"applicationmanageresources-display-component---editResource--btnAddCounter-img"}]}
RESULT: {"script":"<script> [1562 bytes]","args":[{"selector":{"id":"application-manageresources-display-component---editResource--btnAddCounter-img"},"wdio_ui5_key":"applicationmanageresources-display-component---editResource--btnAddCounter-img"}]}
RESULT: undefined
COMMAND: POST /session/ba2432913a596e5fc4fa14806f816f85/element - {"using":"xpath","value":"//*[@id=\"application-manageresources-display-component---editResource--btnAddCounter-img\"]"}
RESULT: {"using":"xpath","value":"//*[@id=\"application-manageresources-display-component---editResource--btnAddCounter-img\"]"}
COMMAND: POST /session/ba2432913a596e5fc4fa14806f816f85/element/f.FF9A1E5259EB1E6B709B859A36B64A29.d.75AC5A5C338535DE183B54FCB3826803.e.9369/click - {}
RESULT: {}
COMMAND: POST /session/ba2432913a596e5fc4fa14806f816f85/execute/async - {"script":"<script> [1562 bytes]","args":[{"selector":{"id":"application-manageresources-display-component---editResource--COUNTER_ID-application-manageresources-display-component---editResource--RUCounters-0-arrow"},"wdio_ui5_key":"applicationmanageresources-display-component---editResource--COUNTER_ID-application-manageresources-display-component---editResource--RUCounters-0-arrow"}]}
COMMAND: GET /session/ba2432913a596e5fc4fa14806f816f85/screenshot - {}
RESULT: {"script":"<script> [1562 bytes]","args":[{"selector":{"id":"application-manageresources-display-component---editResource--COUNTER_ID-application-manageresources-display-component---editResource--RUCounters-0-arrow"},"wdio_ui5_key":"applicationmanageresources-display-component---editResource--COUNTER_ID-application-manageresources-display-component---editResource--RUCounters-0-arrow"}]}
RESULT: undefined
COMMAND: POST /session/ba2432913a596e5fc4fa14806f816f85/element - {"using":"xpath","value":"//*[@id=\"application-manageresources-display-component---editResource--COUNTER_ID-application-manageresources-display-component---editResource--RUCounters-0-arrow\"]"}
RESULT: {}
RESULT: {"using":"xpath","value":"//*[@id=\"application-manageresources-display-component---editResource--COUNTER_ID-application-manageresources-display-component---editResource--RUCounters-0-arrow\"]"}
COMMAND: POST /session/ba2432913a596e5fc4fa14806f816f85/element/f.FF9A1E5259EB1E6B709B859A36B64A29.d.75AC5A5C338535DE183B54FCB3826803.e.9374/click - {}
RESULT: {}
COMMAND: POST /session/ba2432913a596e5fc4fa14806f816f85/execute/async - {"script":"<script> [1562 bytes]","args":[{"selector":{"controlType":"sap.m.StandardListItem","viewName":"etm.portal.ui.manageresources.view.EditResource","viewId":"application-manageresources-display-component---editResource","properties":{"title":"fuel"},"searchOpenDialogs":true,"interaction":{"idSuffix":"content"}},"wdio_ui5_key":"etmportal.ui.manageresources.view.EditResourcesap.m.StandardListItem{\"title\":\"fuel\"}"}]}
COMMAND: GET /session/ba2432913a596e5fc4fa14806f816f85/screenshot - {}
RESULT: {"script":"<script> [1562 bytes]","args":[{"selector":{"controlType":"sap.m.StandardListItem","viewName":"etm.portal.ui.manageresources.view.EditResource","viewId":"application-manageresources-display-component---editResource","properties":{"title":"fuel"},"searchOpenDialogs":true,"interaction":{"idSuffix":"content"}},"wdio_ui5_key":"etmportal.ui.manageresources.view.EditResourcesap.m.StandardListItem{\"title\":\"fuel\"}"}]}
RESULT: undefined
COMMAND: POST /session/ba2432913a596e5fc4fa14806f816f85/element - {"using":"xpath","value":"//*[@id=\"__item1104\"]"}
RESULT: {}
RESULT: {"using":"xpath","value":"//*[@id=\"__item1104\"]"}
COMMAND: POST /session/ba2432913a596e5fc4fa14806f816f85/element/f.FF9A1E5259EB1E6B709B859A36B64A29.d.75AC5A5C338535DE183B54FCB3826803.e.9376/click - {}
RESULT: {}
COMMAND: GET /session/ba2432913a596e5fc4fa14806f816f85/screenshot - {}
RESULT: {}
COMMAND: POST /session/ba2432913a596e5fc4fa14806f816f85/element - {"using":"xpath","value":"//button[@data-kt=\"saveButton\"]"}
RESULT: {"using":"xpath","value":"//button[@data-kt=\"saveButton\"]"}
COMMAND: POST /session/ba2432913a596e5fc4fa14806f816f85/element/f.FF9A1E5259EB1E6B709B859A36B64A29.d.75AC5A5C338535DE183B54FCB3826803.e.9377/click - {}
RESULT: {}
COMMAND: GET /session/ba2432913a596e5fc4fa14806f816f85/screenshot - {}
RESULT: {}
COMMAND: POST /session/ba2432913a596e5fc4fa14806f816f85/element - {"using":"xpath","value":"(//button[contains(@id ,\"actionsToolbar-overflowButton\")])[1]"}
RESULT: {"using":"xpath","value":"(//button[contains(@id ,\"actionsToolbar-overflowButton\")])[1]"}
COMMAND: POST /session/ba2432913a596e5fc4fa14806f816f85/element/f.FF9A1E5259EB1E6B709B859A36B64A29.d.75AC5A5C338535DE183B54FCB3826803.e.9387/click - {}
RESULT: {}
COMMAND: GET /session/ba2432913a596e5fc4fa14806f816f85/screenshot - {}
RESULT: {}
COMMAND: POST /session/ba2432913a596e5fc4fa14806f816f85/element - {"using":"xpath","value":"//button[@data-kt=\"priceInfoButton\"]"}
RESULT: {"using":"xpath","value":"//button[@data-kt=\"priceInfoButton\"]"}
COMMAND: POST /session/ba2432913a596e5fc4fa14806f816f85/element/f.FF9A1E5259EB1E6B709B859A36B64A29.d.75AC5A5C338535DE183B54FCB3826803.e.9389/click - {}
RESULT: {}
COMMAND: GET /session/ba2432913a596e5fc4fa14806f816f85/screenshot - {}
]]></system-out>
    </testcase>
    <testcase classname="chrome.135_0_7049_96.windows.Create_master_data_for_mixed_billing_&amp;_do_billing_calculation_US151661" name="Should create a TB pricing procedure" time="59.37">
      <system-out><![CDATA[
COMMAND: POST /session/ba2432913a596e5fc4fa14806f816f85/element - {"using":"xpath","value":"//button[@data-kt=\"addButton\"]"}
RESULT: {}
RESULT: {"using":"xpath","value":"//button[@data-kt=\"addButton\"]"}
COMMAND: POST /session/ba2432913a596e5fc4fa14806f816f85/elements - {"using":"xpath","value":"//button[@data-kt=\"addButton\"]"}
RESULT: {"using":"xpath","value":"//button[@data-kt=\"addButton\"]"}
COMMAND: POST /session/ba2432913a596e5fc4fa14806f816f85/execute/sync - {"script":"<script> [8489 bytes]","args":[{"element-6066-11e4-a52e-4f735466cecf":"f.FF9A1E5259EB1E6B709B859A36B64A29.d.75AC5A5C338535DE183B54FCB3826803.e.9421","ELEMENT":"f.FF9A1E5259EB1E6B709B859A36B64A29.d.75AC5A5C338535DE183B54FCB3826803.e.9421"}]}
RESULT: {"script":"<script> [8489 bytes]","args":[{"element-6066-11e4-a52e-4f735466cecf":"f.FF9A1E5259EB1E6B709B859A36B64A29.d.75AC5A5C338535DE183B54FCB3826803.e.9421","ELEMENT":"f.FF9A1E5259EB1E6B709B859A36B64A29.d.75AC5A5C338535DE183B54FCB3826803.e.9421"}]}
COMMAND: GET /session/ba2432913a596e5fc4fa14806f816f85/element/f.FF9A1E5259EB1E6B709B859A36B64A29.d.75AC5A5C338535DE183B54FCB3826803.e.9421/enabled - {}
COMMAND: GET /session/ba2432913a596e5fc4fa14806f816f85/screenshot - {}
RESULT: {}
COMMAND: POST /session/ba2432913a596e5fc4fa14806f816f85/execute/sync - {"script":"<script> [8489 bytes]","args":[{"element-6066-11e4-a52e-4f735466cecf":"f.FF9A1E5259EB1E6B709B859A36B64A29.d.75AC5A5C338535DE183B54FCB3826803.e.9421","ELEMENT":"f.FF9A1E5259EB1E6B709B859A36B64A29.d.75AC5A5C338535DE183B54FCB3826803.e.9421"}]}
COMMAND: GET /session/ba2432913a596e5fc4fa14806f816f85/screenshot - {}
RESULT: {}
RESULT: {"script":"<script> [8489 bytes]","args":[{"element-6066-11e4-a52e-4f735466cecf":"f.FF9A1E5259EB1E6B709B859A36B64A29.d.75AC5A5C338535DE183B54FCB3826803.e.9421","ELEMENT":"f.FF9A1E5259EB1E6B709B859A36B64A29.d.75AC5A5C338535DE183B54FCB3826803.e.9421"}]}
COMMAND: POST /session/ba2432913a596e5fc4fa14806f816f85/execute/sync - {"script":"<script> [5351 bytes]","args":[{"element-6066-11e4-a52e-4f735466cecf":"f.FF9A1E5259EB1E6B709B859A36B64A29.d.75AC5A5C338535DE183B54FCB3826803.e.9421","ELEMENT":"f.FF9A1E5259EB1E6B709B859A36B64A29.d.75AC5A5C338535DE183B54FCB3826803.e.9421"}]}
COMMAND: GET /session/ba2432913a596e5fc4fa14806f816f85/screenshot - {}
RESULT: {}
RESULT: {"script":"<script> [5351 bytes]","args":[{"element-6066-11e4-a52e-4f735466cecf":"f.FF9A1E5259EB1E6B709B859A36B64A29.d.75AC5A5C338535DE183B54FCB3826803.e.9421","ELEMENT":"f.FF9A1E5259EB1E6B709B859A36B64A29.d.75AC5A5C338535DE183B54FCB3826803.e.9421"}]}
COMMAND: POST /session/ba2432913a596e5fc4fa14806f816f85/element/f.FF9A1E5259EB1E6B709B859A36B64A29.d.75AC5A5C338535DE183B54FCB3826803.e.9421/click - {}
COMMAND: GET /session/ba2432913a596e5fc4fa14806f816f85/screenshot - {}
RESULT: {}
RESULT: {}
COMMAND: GET /session/ba2432913a596e5fc4fa14806f816f85/screenshot - {}
RESULT: {}
RESULT: {}
COMMAND: POST /session/ba2432913a596e5fc4fa14806f816f85/execute/async - {"script":"<script> [1562 bytes]","args":[{"selector":{"controlType":"sap.m.Title","viewName":"etm.portal.ui.managepricingrules.view.NewItem","viewId":"application-managepricingrules-display-component---newInfoPriceItem","properties":{"text":"New Pricing Rules - Item Level"}},"wdio_ui5_key":"etmportal.ui.managepricingrules.view.NewItemsap.m.Title{\"text\":\"New Pricing Rules - Item Level\"}"}]}
RESULT: {"script":"<script> [1562 bytes]","args":[{"selector":{"controlType":"sap.m.Title","viewName":"etm.portal.ui.managepricingrules.view.NewItem","viewId":"application-managepricingrules-display-component---newInfoPriceItem","properties":{"text":"New Pricing Rules - Item Level"}},"wdio_ui5_key":"etmportal.ui.managepricingrules.view.NewItemsap.m.Title{\"text\":\"New Pricing Rules - Item Level\"}"}]}
RESULT: undefined
COMMAND: POST /session/ba2432913a596e5fc4fa14806f816f85/execute/async - {"script":"<script> [6424 bytes]","args":[{"element-6066-11e4-a52e-4f735466cecf":"f.FF9A1E5259EB1E6B709B859A36B64A29.d.75AC5A5C338535DE183B54FCB3826803.e.9568"},"getText",[]]}
RESULT: {"script":"<script> [6424 bytes]","args":[{"element-6066-11e4-a52e-4f735466cecf":"f.FF9A1E5259EB1E6B709B859A36B64A29.d.75AC5A5C338535DE183B54FCB3826803.e.9568"},"getText",[]]}
COMMAND: POST /session/ba2432913a596e5fc4fa14806f816f85/execute/async - {"script":"<script> [1562 bytes]","args":[{"selector":{"id":"application-managepricingrules-display-component---newInfoPriceItem--condValidTo","interaction":{"idSuffix":"inner"}},"wdio_ui5_key":"applicationmanagepricingrules-display-component---newInfoPriceItem--condValidTo"}]}
RESULT: {"script":"<script> [1562 bytes]","args":[{"selector":{"id":"application-managepricingrules-display-component---newInfoPriceItem--condValidTo","interaction":{"idSuffix":"inner"}},"wdio_ui5_key":"applicationmanagepricingrules-display-component---newInfoPriceItem--condValidTo"}]}
RESULT: undefined
COMMAND: POST /session/ba2432913a596e5fc4fa14806f816f85/execute/async - {"script":"<script> [776 bytes]","args":[{"enterText":"01/03/26","selector":{"id":"application-managepricingrules-display-component---newInfoPriceItem--condValidTo","interaction":{"idSuffix":"inner"}},"clearTextFirst":true,"interactionType":"ENTER_TEXT"}]}
RESULT: {"script":"<script> [776 bytes]","args":[{"enterText":"01/03/26","selector":{"id":"application-managepricingrules-display-component---newInfoPriceItem--condValidTo","interaction":{"idSuffix":"inner"}},"clearTextFirst":true,"interactionType":"ENTER_TEXT"}]}
COMMAND: POST /session/ba2432913a596e5fc4fa14806f816f85/execute/async - {"script":"<script> [1562 bytes]","args":[{"selector":{"id":"application-managepricingrules-display-component---newInfoPriceItem--billType-arrow"},"wdio_ui5_key":"applicationmanagepricingrules-display-component---newInfoPriceItem--billType-arrow"}]}
RESULT: {"script":"<script> [1562 bytes]","args":[{"selector":{"id":"application-managepricingrules-display-component---newInfoPriceItem--billType-arrow"},"wdio_ui5_key":"applicationmanagepricingrules-display-component---newInfoPriceItem--billType-arrow"}]}
RESULT: undefined
COMMAND: POST /session/ba2432913a596e5fc4fa14806f816f85/element - {"using":"xpath","value":"//*[@id=\"application-managepricingrules-display-component---newInfoPriceItem--billType-arrow\"]"}
RESULT: {"using":"xpath","value":"//*[@id=\"application-managepricingrules-display-component---newInfoPriceItem--billType-arrow\"]"}
COMMAND: POST /session/ba2432913a596e5fc4fa14806f816f85/element/f.FF9A1E5259EB1E6B709B859A36B64A29.d.75AC5A5C338535DE183B54FCB3826803.e.9570/click - {}
RESULT: {}
COMMAND: POST /session/ba2432913a596e5fc4fa14806f816f85/element - {"using":"xpath","value":"//span[contains(text(), \"TB - Time based\")]"}
COMMAND: GET /session/ba2432913a596e5fc4fa14806f816f85/screenshot - {}
RESULT: {"using":"xpath","value":"//span[contains(text(), \"TB - Time based\")]"}
COMMAND: POST /session/ba2432913a596e5fc4fa14806f816f85/element/f.FF9A1E5259EB1E6B709B859A36B64A29.d.75AC5A5C338535DE183B54FCB3826803.e.9571/click - {}
RESULT: {}
RESULT: {}
COMMAND: POST /session/ba2432913a596e5fc4fa14806f816f85/execute/async - {"script":"<script> [1562 bytes]","args":[{"selector":{"id":"application-managepricingrules-display-component---newInfoPriceItem--priceProc-arrow"},"wdio_ui5_key":"applicationmanagepricingrules-display-component---newInfoPriceItem--priceProc-arrow"}]}
COMMAND: GET /session/ba2432913a596e5fc4fa14806f816f85/screenshot - {}
RESULT: {"script":"<script> [1562 bytes]","args":[{"selector":{"id":"application-managepricingrules-display-component---newInfoPriceItem--priceProc-arrow"},"wdio_ui5_key":"applicationmanagepricingrules-display-component---newInfoPriceItem--priceProc-arrow"}]}
RESULT: undefined
COMMAND: POST /session/ba2432913a596e5fc4fa14806f816f85/element - {"using":"xpath","value":"//*[@id=\"application-managepricingrules-display-component---newInfoPriceItem--priceProc-arrow\"]"}
RESULT: {}
RESULT: {"using":"xpath","value":"//*[@id=\"application-managepricingrules-display-component---newInfoPriceItem--priceProc-arrow\"]"}
COMMAND: POST /session/ba2432913a596e5fc4fa14806f816f85/element/f.FF9A1E5259EB1E6B709B859A36B64A29.d.75AC5A5C338535DE183B54FCB3826803.e.9572/click - {}
RESULT: {}
COMMAND: POST /session/ba2432913a596e5fc4fa14806f816f85/element - {"using":"xpath","value":"//span[contains(text(), \"TB - Time based BGL\")]"}
COMMAND: GET /session/ba2432913a596e5fc4fa14806f816f85/screenshot - {}
RESULT: {"using":"xpath","value":"//span[contains(text(), \"TB - Time based BGL\")]"}
COMMAND: POST /session/ba2432913a596e5fc4fa14806f816f85/element/f.FF9A1E5259EB1E6B709B859A36B64A29.d.75AC5A5C338535DE183B54FCB3826803.e.9573/click - {}
RESULT: {}
RESULT: {}
COMMAND: POST /session/ba2432913a596e5fc4fa14806f816f85/execute/async - {"script":"<script> [1562 bytes]","args":[{"selector":{"id":"application-managepricingrules-display-component---newInfoPriceItem--calcBase-arrow"},"wdio_ui5_key":"applicationmanagepricingrules-display-component---newInfoPriceItem--calcBase-arrow"}]}
COMMAND: GET /session/ba2432913a596e5fc4fa14806f816f85/screenshot - {}
RESULT: {"script":"<script> [1562 bytes]","args":[{"selector":{"id":"application-managepricingrules-display-component---newInfoPriceItem--calcBase-arrow"},"wdio_ui5_key":"applicationmanagepricingrules-display-component---newInfoPriceItem--calcBase-arrow"}]}
RESULT: undefined
COMMAND: POST /session/ba2432913a596e5fc4fa14806f816f85/element - {"using":"xpath","value":"//*[@id=\"application-managepricingrules-display-component---newInfoPriceItem--calcBase-arrow\"]"}
RESULT: {}
RESULT: {"using":"xpath","value":"//*[@id=\"application-managepricingrules-display-component---newInfoPriceItem--calcBase-arrow\"]"}
COMMAND: POST /session/ba2432913a596e5fc4fa14806f816f85/element/f.FF9A1E5259EB1E6B709B859A36B64A29.d.75AC5A5C338535DE183B54FCB3826803.e.9542/click - {}
RESULT: {}
COMMAND: GET /session/ba2432913a596e5fc4fa14806f816f85/screenshot - {}
RESULT: {}
COMMAND: POST /session/ba2432913a596e5fc4fa14806f816f85/element - {"using":"xpath","value":"//span[contains(text(), \"0006 - TB(calendar days)\")]"}
RESULT: {"using":"xpath","value":"//span[contains(text(), \"0006 - TB(calendar days)\")]"}
COMMAND: POST /session/ba2432913a596e5fc4fa14806f816f85/element/f.FF9A1E5259EB1E6B709B859A36B64A29.d.75AC5A5C338535DE183B54FCB3826803.e.9574/click - {}
RESULT: {}
COMMAND: GET /session/ba2432913a596e5fc4fa14806f816f85/screenshot - {}
RESULT: {}
COMMAND: POST /session/ba2432913a596e5fc4fa14806f816f85/execute/async - {"script":"<script> [1562 bytes]","args":[{"selector":{"id":"application-managepricingrules-display-component---newInfoPriceItem--hoursMonth","interaction":{"idSuffix":"inner"}},"wdio_ui5_key":"applicationmanagepricingrules-display-component---newInfoPriceItem--hoursMonth"}]}
RESULT: {"script":"<script> [1562 bytes]","args":[{"selector":{"id":"application-managepricingrules-display-component---newInfoPriceItem--hoursMonth","interaction":{"idSuffix":"inner"}},"wdio_ui5_key":"applicationmanagepricingrules-display-component---newInfoPriceItem--hoursMonth"}]}
RESULT: undefined
COMMAND: POST /session/ba2432913a596e5fc4fa14806f816f85/execute/async - {"script":"<script> [776 bytes]","args":[{"enterText":"160","selector":{"id":"application-managepricingrules-display-component---newInfoPriceItem--hoursMonth","interaction":{"idSuffix":"inner"}},"clearTextFirst":true,"interactionType":"ENTER_TEXT"}]}
RESULT: {"script":"<script> [776 bytes]","args":[{"enterText":"160","selector":{"id":"application-managepricingrules-display-component---newInfoPriceItem--hoursMonth","interaction":{"idSuffix":"inner"}},"clearTextFirst":true,"interactionType":"ENTER_TEXT"}]}
COMMAND: POST /session/ba2432913a596e5fc4fa14806f816f85/execute/async - {"script":"<script> [1562 bytes]","args":[{"selector":{"id":"application-managepricingrules-display-component---newInfoPriceItem--daysMonth","interaction":{"idSuffix":"inner"}},"wdio_ui5_key":"applicationmanagepricingrules-display-component---newInfoPriceItem--daysMonth"}]}
RESULT: {"script":"<script> [1562 bytes]","args":[{"selector":{"id":"application-managepricingrules-display-component---newInfoPriceItem--daysMonth","interaction":{"idSuffix":"inner"}},"wdio_ui5_key":"applicationmanagepricingrules-display-component---newInfoPriceItem--daysMonth"}]}
RESULT: undefined
COMMAND: POST /session/ba2432913a596e5fc4fa14806f816f85/execute/async - {"script":"<script> [776 bytes]","args":[{"enterText":"30","selector":{"id":"application-managepricingrules-display-component---newInfoPriceItem--daysMonth","interaction":{"idSuffix":"inner"}},"clearTextFirst":true,"interactionType":"ENTER_TEXT"}]}
RESULT: {"script":"<script> [776 bytes]","args":[{"enterText":"30","selector":{"id":"application-managepricingrules-display-component---newInfoPriceItem--daysMonth","interaction":{"idSuffix":"inner"}},"clearTextFirst":true,"interactionType":"ENTER_TEXT"}]}
COMMAND: POST /session/ba2432913a596e5fc4fa14806f816f85/element - {"using":"xpath","value":"//button[@data-kt=\"saveNewRuleButton\"]"}
RESULT: {"using":"xpath","value":"//button[@data-kt=\"saveNewRuleButton\"]"}
COMMAND: POST /session/ba2432913a596e5fc4fa14806f816f85/element/f.FF9A1E5259EB1E6B709B859A36B64A29.d.75AC5A5C338535DE183B54FCB3826803.e.9557/click - {}
RESULT: {}
COMMAND: GET /session/ba2432913a596e5fc4fa14806f816f85/screenshot - {}
RESULT: {}
COMMAND: POST /session/ba2432913a596e5fc4fa14806f816f85/execute/async - {"script":"<script> [1562 bytes]","args":[{"selector":{"id":"application-managepricingrules-display-component---priceInfoItem--smartFilterBar-btnBasicSearch","interaction":{"idSuffix":"I"}},"wdio_ui5_key":"applicationmanagepricingrules-display-component---priceInfoItem--smartFilterBar-btnBasicSearch"}]}
RESULT: {"script":"<script> [1562 bytes]","args":[{"selector":{"id":"application-managepricingrules-display-component---priceInfoItem--smartFilterBar-btnBasicSearch","interaction":{"idSuffix":"I"}},"wdio_ui5_key":"applicationmanagepricingrules-display-component---priceInfoItem--smartFilterBar-btnBasicSearch"}]}
RESULT: undefined
COMMAND: POST /session/ba2432913a596e5fc4fa14806f816f85/execute/async - {"script":"<script> [776 bytes]","args":[{"enterText":"7De4XGRdGw","selector":{"id":"application-managepricingrules-display-component---priceInfoItem--smartFilterBar-btnBasicSearch","interaction":{"idSuffix":"I"}},"clearTextFirst":true,"interactionType":"ENTER_TEXT"}]}
RESULT: {"script":"<script> [776 bytes]","args":[{"enterText":"7De4XGRdGw","selector":{"id":"application-managepricingrules-display-component---priceInfoItem--smartFilterBar-btnBasicSearch","interaction":{"idSuffix":"I"}},"clearTextFirst":true,"interactionType":"ENTER_TEXT"}]}
COMMAND: POST /session/ba2432913a596e5fc4fa14806f816f85/actions - {"actions":[{"id":"action31","type":"key","parameters":{},"actions":[{"type":"keyDown","value":"î€‡"},{"type":"pause","duration":10},{"type":"keyUp","value":"î€‡"}]}]}
RESULT: {"actions":[{"id":"action31","type":"key","parameters":{},"actions":[{"type":"keyDown","value":"î€‡"},{"type":"pause","duration":10},{"type":"keyUp","value":"î€‡"}]}]}
COMMAND: GET /session/ba2432913a596e5fc4fa14806f816f85/screenshot - {}
RESULT: {}
COMMAND: POST /session/ba2432913a596e5fc4fa14806f816f85/element - {"using":"xpath","value":"//span[@id=\"application-managepricingrules-display-component---priceInfoItem--smartTable-header-inner\"]"}
RESULT: {"using":"xpath","value":"//span[@id=\"application-managepricingrules-display-component---priceInfoItem--smartTable-header-inner\"]"}
COMMAND: POST /session/ba2432913a596e5fc4fa14806f816f85/elements - {"using":"xpath","value":"//span[@id=\"application-managepricingrules-display-component---priceInfoItem--smartTable-header-inner\"]"}
RESULT: {"using":"xpath","value":"//span[@id=\"application-managepricingrules-display-component---priceInfoItem--smartTable-header-inner\"]"}
COMMAND: POST /session/ba2432913a596e5fc4fa14806f816f85/execute/sync - {"script":"<script> [56 bytes]","args":[{"element-6066-11e4-a52e-4f735466cecf":"f.FF9A1E5259EB1E6B709B859A36B64A29.d.75AC5A5C338535DE183B54FCB3826803.e.9600","ELEMENT":"f.FF9A1E5259EB1E6B709B859A36B64A29.d.75AC5A5C338535DE183B54FCB3826803.e.9600"}]}
RESULT: {"script":"<script> [56 bytes]","args":[{"element-6066-11e4-a52e-4f735466cecf":"f.FF9A1E5259EB1E6B709B859A36B64A29.d.75AC5A5C338535DE183B54FCB3826803.e.9600","ELEMENT":"f.FF9A1E5259EB1E6B709B859A36B64A29.d.75AC5A5C338535DE183B54FCB3826803.e.9600"}]}
COMMAND: POST /session/ba2432913a596e5fc4fa14806f816f85/element - {"using":"css selector","value":"#shell-header-logo"}
COMMAND: GET /session/ba2432913a596e5fc4fa14806f816f85/screenshot - {}
RESULT: {"using":"css selector","value":"#shell-header-logo"}
COMMAND: POST /session/ba2432913a596e5fc4fa14806f816f85/element/f.FF9A1E5259EB1E6B709B859A36B64A29.d.75AC5A5C338535DE183B54FCB3826803.e.8574/click - {}
RESULT: {}
RESULT: {}
COMMAND: GET /session/ba2432913a596e5fc4fa14806f816f85/screenshot - {}
RESULT: {}
]]></system-out>
    </testcase>
    <testcase classname="chrome.135_0_7049_96.windows.Create_master_data_for_mixed_billing_&amp;_do_billing_calculation_US151661" name="Should add one time condition" time="81.872">
      <system-out><![CDATA[
COMMAND: POST /session/ba2432913a596e5fc4fa14806f816f85/execute/async - {"script":"<script> [1562 bytes]","args":[{"selector":{"controlType":"sap.m.Text","properties":{"text":"Manage Conditions & Prices"},"interaction":{"idSuffix":"inner"}},"wdio_ui5_key":"sapm.Text{\"text\":\"Manage Conditions & Prices\"}"}]}
RESULT: {"script":"<script> [1562 bytes]","args":[{"selector":{"controlType":"sap.m.Text","properties":{"text":"Manage Conditions & Prices"},"interaction":{"idSuffix":"inner"}},"wdio_ui5_key":"sapm.Text{\"text\":\"Manage Conditions & Prices\"}"}]}
RESULT: undefined
COMMAND: POST /session/ba2432913a596e5fc4fa14806f816f85/element - {"using":"xpath","value":"//*[@id=\"__tile93-title\"]"}
RESULT: {"using":"xpath","value":"//*[@id=\"__tile93-title\"]"}
COMMAND: POST /session/ba2432913a596e5fc4fa14806f816f85/element/f.FF9A1E5259EB1E6B709B859A36B64A29.d.75AC5A5C338535DE183B54FCB3826803.e.9603/click - {}
RESULT: {}
COMMAND: POST /session/ba2432913a596e5fc4fa14806f816f85/element - {"using":"xpath","value":"//button[@aria-label=\"Create\"]"}
COMMAND: GET /session/ba2432913a596e5fc4fa14806f816f85/screenshot - {}
RESULT: {"using":"xpath","value":"//button[@aria-label=\"Create\"]"}
COMMAND: POST /session/ba2432913a596e5fc4fa14806f816f85/elements - {"using":"xpath","value":"//button[@aria-label=\"Create\"]"}
RESULT: {}
RESULT: {"using":"xpath","value":"//button[@aria-label=\"Create\"]"}
COMMAND: POST /session/ba2432913a596e5fc4fa14806f816f85/element - {"using":"xpath","value":"//button[@aria-label=\"Create\"]"}
RESULT: {"using":"xpath","value":"//button[@aria-label=\"Create\"]"}
COMMAND: POST /session/ba2432913a596e5fc4fa14806f816f85/execute/sync - {"script":"<script> [8489 bytes]","args":[{"element-6066-11e4-a52e-4f735466cecf":"f.FF9A1E5259EB1E6B709B859A36B64A29.d.75AC5A5C338535DE183B54FCB3826803.e.9619","ELEMENT":"f.FF9A1E5259EB1E6B709B859A36B64A29.d.75AC5A5C338535DE183B54FCB3826803.e.9619"}]}
RESULT: {"script":"<script> [8489 bytes]","args":[{"element-6066-11e4-a52e-4f735466cecf":"f.FF9A1E5259EB1E6B709B859A36B64A29.d.75AC5A5C338535DE183B54FCB3826803.e.9619","ELEMENT":"f.FF9A1E5259EB1E6B709B859A36B64A29.d.75AC5A5C338535DE183B54FCB3826803.e.9619"}]}
COMMAND: GET /session/ba2432913a596e5fc4fa14806f816f85/element/f.FF9A1E5259EB1E6B709B859A36B64A29.d.75AC5A5C338535DE183B54FCB3826803.e.9619/enabled - {}
COMMAND: GET /session/ba2432913a596e5fc4fa14806f816f85/screenshot - {}
RESULT: {}
COMMAND: POST /session/ba2432913a596e5fc4fa14806f816f85/execute/sync - {"script":"<script> [8489 bytes]","args":[{"element-6066-11e4-a52e-4f735466cecf":"f.FF9A1E5259EB1E6B709B859A36B64A29.d.75AC5A5C338535DE183B54FCB3826803.e.9619","ELEMENT":"f.FF9A1E5259EB1E6B709B859A36B64A29.d.75AC5A5C338535DE183B54FCB3826803.e.9619"}]}
COMMAND: GET /session/ba2432913a596e5fc4fa14806f816f85/screenshot - {}
RESULT: {}
RESULT: {"script":"<script> [8489 bytes]","args":[{"element-6066-11e4-a52e-4f735466cecf":"f.FF9A1E5259EB1E6B709B859A36B64A29.d.75AC5A5C338535DE183B54FCB3826803.e.9619","ELEMENT":"f.FF9A1E5259EB1E6B709B859A36B64A29.d.75AC5A5C338535DE183B54FCB3826803.e.9619"}]}
COMMAND: POST /session/ba2432913a596e5fc4fa14806f816f85/execute/sync - {"script":"<script> [5351 bytes]","args":[{"element-6066-11e4-a52e-4f735466cecf":"f.FF9A1E5259EB1E6B709B859A36B64A29.d.75AC5A5C338535DE183B54FCB3826803.e.9619","ELEMENT":"f.FF9A1E5259EB1E6B709B859A36B64A29.d.75AC5A5C338535DE183B54FCB3826803.e.9619"}]}
COMMAND: GET /session/ba2432913a596e5fc4fa14806f816f85/screenshot - {}
RESULT: {}
RESULT: {"script":"<script> [5351 bytes]","args":[{"element-6066-11e4-a52e-4f735466cecf":"f.FF9A1E5259EB1E6B709B859A36B64A29.d.75AC5A5C338535DE183B54FCB3826803.e.9619","ELEMENT":"f.FF9A1E5259EB1E6B709B859A36B64A29.d.75AC5A5C338535DE183B54FCB3826803.e.9619"}]}
COMMAND: POST /session/ba2432913a596e5fc4fa14806f816f85/element/f.FF9A1E5259EB1E6B709B859A36B64A29.d.75AC5A5C338535DE183B54FCB3826803.e.9619/click - {}
COMMAND: GET /session/ba2432913a596e5fc4fa14806f816f85/screenshot - {}
RESULT: {}
RESULT: {}
COMMAND: GET /session/ba2432913a596e5fc4fa14806f816f85/screenshot - {}
RESULT: {}
RESULT: {}
COMMAND: POST /session/ba2432913a596e5fc4fa14806f816f85/actions - {"actions":[{"id":"action32","type":"key","parameters":{},"actions":[{"type":"keyDown","value":"î€‡"},{"type":"pause","duration":10},{"type":"keyUp","value":"î€‡"}]}]}
RESULT: {"actions":[{"id":"action32","type":"key","parameters":{},"actions":[{"type":"keyDown","value":"î€‡"},{"type":"pause","duration":10},{"type":"keyUp","value":"î€‡"}]}]}
COMMAND: GET /session/ba2432913a596e5fc4fa14806f816f85/screenshot - {}
RESULT: {}
COMMAND: POST /session/ba2432913a596e5fc4fa14806f816f85/execute/async - {"script":"<script> [1562 bytes]","args":[{"selector":{"id":"application-manageconditionprice-display-component---newCondition--condBillCond-arrow"},"wdio_ui5_key":"applicationmanageconditionprice-display-component---newCondition--condBillCond-arrow"}]}
RESULT: {"script":"<script> [1562 bytes]","args":[{"selector":{"id":"application-manageconditionprice-display-component---newCondition--condBillCond-arrow"},"wdio_ui5_key":"applicationmanageconditionprice-display-component---newCondition--condBillCond-arrow"}]}
RESULT: undefined
COMMAND: POST /session/ba2432913a596e5fc4fa14806f816f85/element - {"using":"xpath","value":"//*[@id=\"application-manageconditionprice-display-component---newCondition--condBillCond-arrow\"]"}
RESULT: {"using":"xpath","value":"//*[@id=\"application-manageconditionprice-display-component---newCondition--condBillCond-arrow\"]"}
COMMAND: POST /session/ba2432913a596e5fc4fa14806f816f85/element/f.FF9A1E5259EB1E6B709B859A36B64A29.d.75AC5A5C338535DE183B54FCB3826803.e.9800/click - {}
RESULT: {}
COMMAND: GET /session/ba2432913a596e5fc4fa14806f816f85/screenshot - {}
RESULT: {}
COMMAND: POST /session/ba2432913a596e5fc4fa14806f816f85/element - {"using":"xpath","value":"//li[.//span[contains(text(), \"SAPR - Sales price\")]]"}
RESULT: {"using":"xpath","value":"//li[.//span[contains(text(), \"SAPR - Sales price\")]]"}
COMMAND: POST /session/ba2432913a596e5fc4fa14806f816f85/element/f.FF9A1E5259EB1E6B709B859A36B64A29.d.75AC5A5C338535DE183B54FCB3826803.e.9803/click - {}
RESULT: {}
COMMAND: GET /session/ba2432913a596e5fc4fa14806f816f85/screenshot - {}
RESULT: {}
COMMAND: POST /session/ba2432913a596e5fc4fa14806f816f85/execute/async - {"script":"<script> [1562 bytes]","args":[{"selector":{"id":"application-manageconditionprice-display-component---newCondition--condValidTo","interaction":{"idSuffix":"inner"}},"wdio_ui5_key":"applicationmanageconditionprice-display-component---newCondition--condValidTo"}]}
RESULT: {"script":"<script> [1562 bytes]","args":[{"selector":{"id":"application-manageconditionprice-display-component---newCondition--condValidTo","interaction":{"idSuffix":"inner"}},"wdio_ui5_key":"applicationmanageconditionprice-display-component---newCondition--condValidTo"}]}
RESULT: undefined
COMMAND: POST /session/ba2432913a596e5fc4fa14806f816f85/execute/async - {"script":"<script> [776 bytes]","args":[{"enterText":"01/03/26","selector":{"id":"application-manageconditionprice-display-component---newCondition--condValidTo","interaction":{"idSuffix":"inner"}},"clearTextFirst":true,"interactionType":"ENTER_TEXT"}]}
RESULT: {"script":"<script> [776 bytes]","args":[{"enterText":"01/03/26","selector":{"id":"application-manageconditionprice-display-component---newCondition--condValidTo","interaction":{"idSuffix":"inner"}},"clearTextFirst":true,"interactionType":"ENTER_TEXT"}]}
COMMAND: POST /session/ba2432913a596e5fc4fa14806f816f85/element - {"using":"xpath","value":"//input[@id=\"application-manageconditionprice-display-component---newCondition--condRU-inner\"]"}
RESULT: {"using":"xpath","value":"//input[@id=\"application-manageconditionprice-display-component---newCondition--condRU-inner\"]"}
COMMAND: POST /session/ba2432913a596e5fc4fa14806f816f85/element/f.FF9A1E5259EB1E6B709B859A36B64A29.d.75AC5A5C338535DE183B54FCB3826803.e.9664/clear - {}
RESULT: {}
COMMAND: POST /session/ba2432913a596e5fc4fa14806f816f85/element/f.FF9A1E5259EB1E6B709B859A36B64A29.d.75AC5A5C338535DE183B54FCB3826803.e.9664/value - {"text":"7De4XGRdGw"}
COMMAND: GET /session/ba2432913a596e5fc4fa14806f816f85/screenshot - {}
RESULT: {"text":"7De4XGRdGw"}
COMMAND: GET /session/ba2432913a596e5fc4fa14806f816f85/screenshot - {}
RESULT: {}
RESULT: {}
COMMAND: POST /session/ba2432913a596e5fc4fa14806f816f85/actions - {"actions":[{"id":"action33","type":"key","parameters":{},"actions":[{"type":"keyDown","value":"î€‡"},{"type":"pause","duration":10},{"type":"keyUp","value":"î€‡"}]}]}
RESULT: {"actions":[{"id":"action33","type":"key","parameters":{},"actions":[{"type":"keyDown","value":"î€‡"},{"type":"pause","duration":10},{"type":"keyUp","value":"î€‡"}]}]}
COMMAND: POST /session/ba2432913a596e5fc4fa14806f816f85/execute/async - {"script":"<script> [1562 bytes]","args":[{"selector":{"id":"application-manageconditionprice-display-component---newCondition--condBaseQty","interaction":{"idSuffix":"inner"}},"wdio_ui5_key":"applicationmanageconditionprice-display-component---newCondition--condBaseQty"}]}
COMMAND: GET /session/ba2432913a596e5fc4fa14806f816f85/screenshot - {}
RESULT: {"script":"<script> [1562 bytes]","args":[{"selector":{"id":"application-manageconditionprice-display-component---newCondition--condBaseQty","interaction":{"idSuffix":"inner"}},"wdio_ui5_key":"applicationmanageconditionprice-display-component---newCondition--condBaseQty"}]}
RESULT: undefined
COMMAND: POST /session/ba2432913a596e5fc4fa14806f816f85/execute/async - {"script":"<script> [776 bytes]","args":[{"enterText":"1","selector":{"id":"application-manageconditionprice-display-component---newCondition--condBaseQty","interaction":{"idSuffix":"inner"}},"clearTextFirst":true,"interactionType":"ENTER_TEXT"}]}
RESULT: {}
RESULT: {"script":"<script> [776 bytes]","args":[{"enterText":"1","selector":{"id":"application-manageconditionprice-display-component---newCondition--condBaseQty","interaction":{"idSuffix":"inner"}},"clearTextFirst":true,"interactionType":"ENTER_TEXT"}]}
COMMAND: POST /session/ba2432913a596e5fc4fa14806f816f85/execute/async - {"script":"<script> [1562 bytes]","args":[{"selector":{"id":"application-manageconditionprice-display-component---newCondition--condValue","interaction":{"idSuffix":"inner"}},"wdio_ui5_key":"applicationmanageconditionprice-display-component---newCondition--condValue"}]}
RESULT: {"script":"<script> [1562 bytes]","args":[{"selector":{"id":"application-manageconditionprice-display-component---newCondition--condValue","interaction":{"idSuffix":"inner"}},"wdio_ui5_key":"applicationmanageconditionprice-display-component---newCondition--condValue"}]}
RESULT: undefined
COMMAND: POST /session/ba2432913a596e5fc4fa14806f816f85/execute/async - {"script":"<script> [776 bytes]","args":[{"enterText":"200","selector":{"id":"application-manageconditionprice-display-component---newCondition--condValue","interaction":{"idSuffix":"inner"}},"clearTextFirst":true,"interactionType":"ENTER_TEXT"}]}
RESULT: {"script":"<script> [776 bytes]","args":[{"enterText":"200","selector":{"id":"application-manageconditionprice-display-component---newCondition--condValue","interaction":{"idSuffix":"inner"}},"clearTextFirst":true,"interactionType":"ENTER_TEXT"}]}
COMMAND: POST /session/ba2432913a596e5fc4fa14806f816f85/execute/async - {"script":"<script> [1562 bytes]","args":[{"selector":{"id":"application-manageconditionprice-display-component---newCondition--condCurr-arrow"},"wdio_ui5_key":"applicationmanageconditionprice-display-component---newCondition--condCurr-arrow"}]}
RESULT: {"script":"<script> [1562 bytes]","args":[{"selector":{"id":"application-manageconditionprice-display-component---newCondition--condCurr-arrow"},"wdio_ui5_key":"applicationmanageconditionprice-display-component---newCondition--condCurr-arrow"}]}
RESULT: undefined
COMMAND: POST /session/ba2432913a596e5fc4fa14806f816f85/element - {"using":"xpath","value":"//*[@id=\"application-manageconditionprice-display-component---newCondition--condCurr-arrow\"]"}
RESULT: {"using":"xpath","value":"//*[@id=\"application-manageconditionprice-display-component---newCondition--condCurr-arrow\"]"}
COMMAND: POST /session/ba2432913a596e5fc4fa14806f816f85/element/f.FF9A1E5259EB1E6B709B859A36B64A29.d.75AC5A5C338535DE183B54FCB3826803.e.9756/click - {}
RESULT: {}
COMMAND: POST /session/ba2432913a596e5fc4fa14806f816f85/element - {"using":"xpath","value":"//span[contains(text(), \"Euro\")]"}
COMMAND: GET /session/ba2432913a596e5fc4fa14806f816f85/screenshot - {}
RESULT: {"using":"xpath","value":"//span[contains(text(), \"Euro\")]"}
COMMAND: POST /session/ba2432913a596e5fc4fa14806f816f85/element/f.FF9A1E5259EB1E6B709B859A36B64A29.d.75AC5A5C338535DE183B54FCB3826803.e.9837/click - {}
RESULT: {}
RESULT: {}
COMMAND: POST /session/ba2432913a596e5fc4fa14806f816f85/element - {"using":"xpath","value":"//button[@data-kt=\"saveButton\"]"}
COMMAND: GET /session/ba2432913a596e5fc4fa14806f816f85/screenshot - {}
RESULT: {"using":"xpath","value":"//button[@data-kt=\"saveButton\"]"}
COMMAND: POST /session/ba2432913a596e5fc4fa14806f816f85/element/f.FF9A1E5259EB1E6B709B859A36B64A29.d.75AC5A5C338535DE183B54FCB3826803.e.9757/click - {}
RESULT: {}
RESULT: {}
COMMAND: GET /session/ba2432913a596e5fc4fa14806f816f85/screenshot - {}
RESULT: {}
COMMAND: POST /session/ba2432913a596e5fc4fa14806f816f85/execute/async - {"script":"<script> [1562 bytes]","args":[{"selector":{"id":"application-manageconditionprice-display-component---conditions--smartFilterBar-btnBasicSearch","interaction":{"idSuffix":"I"}},"wdio_ui5_key":"applicationmanageconditionprice-display-component---conditions--smartFilterBar-btnBasicSearch"}]}
RESULT: {"script":"<script> [1562 bytes]","args":[{"selector":{"id":"application-manageconditionprice-display-component---conditions--smartFilterBar-btnBasicSearch","interaction":{"idSuffix":"I"}},"wdio_ui5_key":"applicationmanageconditionprice-display-component---conditions--smartFilterBar-btnBasicSearch"}]}
RESULT: undefined
COMMAND: POST /session/ba2432913a596e5fc4fa14806f816f85/execute/async - {"script":"<script> [776 bytes]","args":[{"enterText":"7De4XGRdGw","selector":{"id":"application-manageconditionprice-display-component---conditions--smartFilterBar-btnBasicSearch","interaction":{"idSuffix":"I"}},"clearTextFirst":true,"interactionType":"ENTER_TEXT"}]}
RESULT: {"script":"<script> [776 bytes]","args":[{"enterText":"7De4XGRdGw","selector":{"id":"application-manageconditionprice-display-component---conditions--smartFilterBar-btnBasicSearch","interaction":{"idSuffix":"I"}},"clearTextFirst":true,"interactionType":"ENTER_TEXT"}]}
COMMAND: POST /session/ba2432913a596e5fc4fa14806f816f85/actions - {"actions":[{"id":"action34","type":"key","parameters":{},"actions":[{"type":"keyDown","value":"î€‡"},{"type":"pause","duration":10},{"type":"keyUp","value":"î€‡"}]}]}
RESULT: {"actions":[{"id":"action34","type":"key","parameters":{},"actions":[{"type":"keyDown","value":"î€‡"},{"type":"pause","duration":10},{"type":"keyUp","value":"î€‡"}]}]}
COMMAND: GET /session/ba2432913a596e5fc4fa14806f816f85/screenshot - {}
RESULT: {}
COMMAND: POST /session/ba2432913a596e5fc4fa14806f816f85/execute/async - {"script":"<script> [1562 bytes]","args":[{"selector":{"id":"application-manageconditionprice-display-component---conditions--smartFilterBar-filterItemControl_BASIC-BILL_TYPES-vhi"},"wdio_ui5_key":"applicationmanageconditionprice-display-component---conditions--smartFilterBar-filterItemControl_BASIC-BILL_TYPES-vhi"}]}
RESULT: {"script":"<script> [1562 bytes]","args":[{"selector":{"id":"application-manageconditionprice-display-component---conditions--smartFilterBar-filterItemControl_BASIC-BILL_TYPES-vhi"},"wdio_ui5_key":"applicationmanageconditionprice-display-component---conditions--smartFilterBar-filterItemControl_BASIC-BILL_TYPES-vhi"}]}
RESULT: undefined
COMMAND: POST /session/ba2432913a596e5fc4fa14806f816f85/element - {"using":"xpath","value":"//*[@id=\"application-manageconditionprice-display-component---conditions--smartFilterBar-filterItemControl_BASIC-BILL_TYPES-vhi\"]"}
RESULT: {"using":"xpath","value":"//*[@id=\"application-manageconditionprice-display-component---conditions--smartFilterBar-filterItemControl_BASIC-BILL_TYPES-vhi\"]"}
COMMAND: POST /session/ba2432913a596e5fc4fa14806f816f85/element/f.FF9A1E5259EB1E6B709B859A36B64A29.d.75AC5A5C338535DE183B54FCB3826803.e.9943/click - {}
RESULT: {}
COMMAND: POST /session/ba2432913a596e5fc4fa14806f816f85/execute/async - {"script":"<script> [1562 bytes]","args":[{"selector":{"id":"application-manageconditionprice-display-component---conditions--smartFilterBar-filterItemControl_BASIC-BILL_TYPES-valueHelpDialog-smartFilterBar-btnBasicSearch","searchOpenDialogs":true,"interaction":{"idSuffix":"I"}},"wdio_ui5_key":"applicationmanageconditionprice-display-component---conditions--smartFilterBar-filterItemControl_BASIC-BILL_TYPES-valueHelpDialog-smartFilterBar-btnBasicSearch"}]}
COMMAND: GET /session/ba2432913a596e5fc4fa14806f816f85/screenshot - {}
RESULT: {"script":"<script> [1562 bytes]","args":[{"selector":{"id":"application-manageconditionprice-display-component---conditions--smartFilterBar-filterItemControl_BASIC-BILL_TYPES-valueHelpDialog-smartFilterBar-btnBasicSearch","searchOpenDialogs":true,"interaction":{"idSuffix":"I"}},"wdio_ui5_key":"applicationmanageconditionprice-display-component---conditions--smartFilterBar-filterItemControl_BASIC-BILL_TYPES-valueHelpDialog-smartFilterBar-btnBasicSearch"}]}
RESULT: undefined
COMMAND: POST /session/ba2432913a596e5fc4fa14806f816f85/execute/async - {"script":"<script> [776 bytes]","args":[{"enterText":"one","selector":{"id":"application-manageconditionprice-display-component---conditions--smartFilterBar-filterItemControl_BASIC-BILL_TYPES-valueHelpDialog-smartFilterBar-btnBasicSearch","searchOpenDialogs":true,"interaction":{"idSuffix":"I"}},"clearTextFirst":true,"interactionType":"ENTER_TEXT"}]}
RESULT: {}
RESULT: {"script":"<script> [776 bytes]","args":[{"enterText":"one","selector":{"id":"application-manageconditionprice-display-component---conditions--smartFilterBar-filterItemControl_BASIC-BILL_TYPES-valueHelpDialog-smartFilterBar-btnBasicSearch","searchOpenDialogs":true,"interaction":{"idSuffix":"I"}},"clearTextFirst":true,"interactionType":"ENTER_TEXT"}]}
COMMAND: POST /session/ba2432913a596e5fc4fa14806f816f85/actions - {"actions":[{"id":"action35","type":"key","parameters":{},"actions":[{"type":"keyDown","value":"î€‡"},{"type":"pause","duration":10},{"type":"keyUp","value":"î€‡"}]}]}
RESULT: {"actions":[{"id":"action35","type":"key","parameters":{},"actions":[{"type":"keyDown","value":"î€‡"},{"type":"pause","duration":10},{"type":"keyUp","value":"î€‡"}]}]}
COMMAND: GET /session/ba2432913a596e5fc4fa14806f816f85/screenshot - {}
RESULT: {}
COMMAND: POST /session/ba2432913a596e5fc4fa14806f816f85/element - {"using":"xpath","value":"//div[contains(@id, 'application-manageconditionprice-display-component---conditions--smartFilterBar-filterItemControl_BASIC-BILL_TYPES-valueHelpDialog-table-rowsel0')]"}
RESULT: {"using":"xpath","value":"//div[contains(@id, 'application-manageconditionprice-display-component---conditions--smartFilterBar-filterItemControl_BASIC-BILL_TYPES-valueHelpDialog-table-rowsel0')]"}
COMMAND: POST /session/ba2432913a596e5fc4fa14806f816f85/element/f.FF9A1E5259EB1E6B709B859A36B64A29.d.75AC5A5C338535DE183B54FCB3826803.e.9952/click - {}
RESULT: {}
COMMAND: GET /session/ba2432913a596e5fc4fa14806f816f85/screenshot - {}
RESULT: {}
COMMAND: POST /session/ba2432913a596e5fc4fa14806f816f85/element - {"using":"xpath","value":"//bdi[contains(text(), \"OK\")]"}
RESULT: {"using":"xpath","value":"//bdi[contains(text(), \"OK\")]"}
COMMAND: POST /session/ba2432913a596e5fc4fa14806f816f85/element/f.FF9A1E5259EB1E6B709B859A36B64A29.d.75AC5A5C338535DE183B54FCB3826803.e.9954/click - {}
RESULT: {}
COMMAND: GET /session/ba2432913a596e5fc4fa14806f816f85/screenshot - {}
RESULT: {}
COMMAND: POST /session/ba2432913a596e5fc4fa14806f816f85/element - {"using":"xpath","value":"//span[@id=\"application-manageconditionprice-display-component---conditions--smartTable-header-inner\"]"}
RESULT: {"using":"xpath","value":"//span[@id=\"application-manageconditionprice-display-component---conditions--smartTable-header-inner\"]"}
COMMAND: POST /session/ba2432913a596e5fc4fa14806f816f85/elements - {"using":"xpath","value":"//span[@id=\"application-manageconditionprice-display-component---conditions--smartTable-header-inner\"]"}
RESULT: {"using":"xpath","value":"//span[@id=\"application-manageconditionprice-display-component---conditions--smartTable-header-inner\"]"}
COMMAND: POST /session/ba2432913a596e5fc4fa14806f816f85/execute/sync - {"script":"<script> [56 bytes]","args":[{"element-6066-11e4-a52e-4f735466cecf":"f.FF9A1E5259EB1E6B709B859A36B64A29.d.75AC5A5C338535DE183B54FCB3826803.e.9957","ELEMENT":"f.FF9A1E5259EB1E6B709B859A36B64A29.d.75AC5A5C338535DE183B54FCB3826803.e.9957"}]}
RESULT: {"script":"<script> [56 bytes]","args":[{"element-6066-11e4-a52e-4f735466cecf":"f.FF9A1E5259EB1E6B709B859A36B64A29.d.75AC5A5C338535DE183B54FCB3826803.e.9957","ELEMENT":"f.FF9A1E5259EB1E6B709B859A36B64A29.d.75AC5A5C338535DE183B54FCB3826803.e.9957"}]}
COMMAND: POST /session/ba2432913a596e5fc4fa14806f816f85/element - {"using":"css selector","value":"#shell-header-logo"}
COMMAND: GET /session/ba2432913a596e5fc4fa14806f816f85/screenshot - {}
RESULT: {"using":"css selector","value":"#shell-header-logo"}
COMMAND: POST /session/ba2432913a596e5fc4fa14806f816f85/element/f.FF9A1E5259EB1E6B709B859A36B64A29.d.75AC5A5C338535DE183B54FCB3826803.e.9605/click - {}
RESULT: {}
RESULT: {}
COMMAND: GET /session/ba2432913a596e5fc4fa14806f816f85/screenshot - {}
RESULT: {}
]]></system-out>
    </testcase>
    <testcase classname="chrome.135_0_7049_96.windows.Create_master_data_for_mixed_billing_&amp;_do_billing_calculation_US151661" name="Should add performance based condition" time="83.01">
      <system-out><![CDATA[
RESULT: undefined
COMMAND: POST /session/ba2432913a596e5fc4fa14806f816f85/element - {"using":"xpath","value":"//*[@id=\"__tile93-title\"]"}
RESULT: {"using":"xpath","value":"//*[@id=\"__tile93-title\"]"}
COMMAND: POST /session/ba2432913a596e5fc4fa14806f816f85/element/f.FF9A1E5259EB1E6B709B859A36B64A29.d.75AC5A5C338535DE183B54FCB3826803.e.9603/click - {}
RESULT: {}
COMMAND: POST /session/ba2432913a596e5fc4fa14806f816f85/element - {"using":"xpath","value":"//button[@aria-label=\"Create\"]"}
COMMAND: GET /session/ba2432913a596e5fc4fa14806f816f85/screenshot - {}
RESULT: {"using":"xpath","value":"//button[@aria-label=\"Create\"]"}
COMMAND: POST /session/ba2432913a596e5fc4fa14806f816f85/elements - {"using":"xpath","value":"//button[@aria-label=\"Create\"]"}
RESULT: {}
RESULT: {"using":"xpath","value":"//button[@aria-label=\"Create\"]"}
COMMAND: POST /session/ba2432913a596e5fc4fa14806f816f85/execute/sync - {"script":"<script> [8489 bytes]","args":[{"element-6066-11e4-a52e-4f735466cecf":"f.FF9A1E5259EB1E6B709B859A36B64A29.d.75AC5A5C338535DE183B54FCB3826803.e.9983","ELEMENT":"f.FF9A1E5259EB1E6B709B859A36B64A29.d.75AC5A5C338535DE183B54FCB3826803.e.9983"}]}
RESULT: {"script":"<script> [8489 bytes]","args":[{"element-6066-11e4-a52e-4f735466cecf":"f.FF9A1E5259EB1E6B709B859A36B64A29.d.75AC5A5C338535DE183B54FCB3826803.e.9983","ELEMENT":"f.FF9A1E5259EB1E6B709B859A36B64A29.d.75AC5A5C338535DE183B54FCB3826803.e.9983"}]}
COMMAND: GET /session/ba2432913a596e5fc4fa14806f816f85/element/f.FF9A1E5259EB1E6B709B859A36B64A29.d.75AC5A5C338535DE183B54FCB3826803.e.9983/enabled - {}
COMMAND: GET /session/ba2432913a596e5fc4fa14806f816f85/screenshot - {}
RESULT: {}
COMMAND: POST /session/ba2432913a596e5fc4fa14806f816f85/execute/sync - {"script":"<script> [8489 bytes]","args":[{"element-6066-11e4-a52e-4f735466cecf":"f.FF9A1E5259EB1E6B709B859A36B64A29.d.75AC5A5C338535DE183B54FCB3826803.e.9983","ELEMENT":"f.FF9A1E5259EB1E6B709B859A36B64A29.d.75AC5A5C338535DE183B54FCB3826803.e.9983"}]}
COMMAND: GET /session/ba2432913a596e5fc4fa14806f816f85/screenshot - {}
RESULT: {}
RESULT: {"script":"<script> [8489 bytes]","args":[{"element-6066-11e4-a52e-4f735466cecf":"f.FF9A1E5259EB1E6B709B859A36B64A29.d.75AC5A5C338535DE183B54FCB3826803.e.9983","ELEMENT":"f.FF9A1E5259EB1E6B709B859A36B64A29.d.75AC5A5C338535DE183B54FCB3826803.e.9983"}]}
COMMAND: POST /session/ba2432913a596e5fc4fa14806f816f85/execute/sync - {"script":"<script> [5351 bytes]","args":[{"element-6066-11e4-a52e-4f735466cecf":"f.FF9A1E5259EB1E6B709B859A36B64A29.d.75AC5A5C338535DE183B54FCB3826803.e.9983","ELEMENT":"f.FF9A1E5259EB1E6B709B859A36B64A29.d.75AC5A5C338535DE183B54FCB3826803.e.9983"}]}
COMMAND: GET /session/ba2432913a596e5fc4fa14806f816f85/screenshot - {}
RESULT: {}
RESULT: {"script":"<script> [5351 bytes]","args":[{"element-6066-11e4-a52e-4f735466cecf":"f.FF9A1E5259EB1E6B709B859A36B64A29.d.75AC5A5C338535DE183B54FCB3826803.e.9983","ELEMENT":"f.FF9A1E5259EB1E6B709B859A36B64A29.d.75AC5A5C338535DE183B54FCB3826803.e.9983"}]}
COMMAND: POST /session/ba2432913a596e5fc4fa14806f816f85/element/f.FF9A1E5259EB1E6B709B859A36B64A29.d.75AC5A5C338535DE183B54FCB3826803.e.9983/click - {}
COMMAND: GET /session/ba2432913a596e5fc4fa14806f816f85/screenshot - {}
RESULT: {}
RESULT: {}
COMMAND: GET /session/ba2432913a596e5fc4fa14806f816f85/screenshot - {}
RESULT: {}
RESULT: {}
COMMAND: POST /session/ba2432913a596e5fc4fa14806f816f85/actions - {"actions":[{"id":"action36","type":"key","parameters":{},"actions":[{"type":"keyDown","value":"î€‡"},{"type":"pause","duration":10},{"type":"keyUp","value":"î€‡"}]}]}
RESULT: {"actions":[{"id":"action36","type":"key","parameters":{},"actions":[{"type":"keyDown","value":"î€‡"},{"type":"pause","duration":10},{"type":"keyUp","value":"î€‡"}]}]}
COMMAND: GET /session/ba2432913a596e5fc4fa14806f816f85/screenshot - {}
RESULT: undefined
COMMAND: POST /session/ba2432913a596e5fc4fa14806f816f85/element - {"using":"xpath","value":"//*[@id=\"application-manageconditionprice-display-component---newCondition--condBillCond-arrow\"]"}
RESULT: {}
RESULT: {"using":"xpath","value":"//*[@id=\"application-manageconditionprice-display-component---newCondition--condBillCond-arrow\"]"}
COMMAND: POST /session/ba2432913a596e5fc4fa14806f816f85/element/f.FF9A1E5259EB1E6B709B859A36B64A29.d.75AC5A5C338535DE183B54FCB3826803.e.10469/click - {}
RESULT: {}
COMMAND: GET /session/ba2432913a596e5fc4fa14806f816f85/screenshot - {}
RESULT: {}
COMMAND: POST /session/ba2432913a596e5fc4fa14806f816f85/element - {"using":"xpath","value":"//li[.//span[contains(text(), \"PC06 - Performance Price - fuel\")]]"}
RESULT: {"using":"xpath","value":"//li[.//span[contains(text(), \"PC06 - Performance Price - fuel\")]]"}
COMMAND: POST /session/ba2432913a596e5fc4fa14806f816f85/element/f.FF9A1E5259EB1E6B709B859A36B64A29.d.75AC5A5C338535DE183B54FCB3826803.e.10472/click - {}
RESULT: {}
COMMAND: GET /session/ba2432913a596e5fc4fa14806f816f85/screenshot - {}
RESULT: {}
RESULT: undefined
COMMAND: POST /session/ba2432913a596e5fc4fa14806f816f85/execute/async - {"script":"<script> [776 bytes]","args":[{"enterText":"01/03/26","selector":{"id":"application-manageconditionprice-display-component---newCondition--condValidTo","interaction":{"idSuffix":"inner"}},"clearTextFirst":true,"interactionType":"ENTER_TEXT"}]}
RESULT: {"script":"<script> [776 bytes]","args":[{"enterText":"01/03/26","selector":{"id":"application-manageconditionprice-display-component---newCondition--condValidTo","interaction":{"idSuffix":"inner"}},"clearTextFirst":true,"interactionType":"ENTER_TEXT"}]}
COMMAND: POST /session/ba2432913a596e5fc4fa14806f816f85/element - {"using":"xpath","value":"//input[@id=\"application-manageconditionprice-display-component---newCondition--condRU-inner\"]"}
RESULT: {"using":"xpath","value":"//input[@id=\"application-manageconditionprice-display-component---newCondition--condRU-inner\"]"}
COMMAND: POST /session/ba2432913a596e5fc4fa14806f816f85/element/f.FF9A1E5259EB1E6B709B859A36B64A29.d.75AC5A5C338535DE183B54FCB3826803.e.10199/clear - {}
RESULT: {}
COMMAND: POST /session/ba2432913a596e5fc4fa14806f816f85/element/f.FF9A1E5259EB1E6B709B859A36B64A29.d.75AC5A5C338535DE183B54FCB3826803.e.10199/value - {"text":"7De4XGRdGw"}
COMMAND: GET /session/ba2432913a596e5fc4fa14806f816f85/screenshot - {}
RESULT: {"text":"7De4XGRdGw"}
COMMAND: GET /session/ba2432913a596e5fc4fa14806f816f85/screenshot - {}
RESULT: {}
RESULT: {}
COMMAND: POST /session/ba2432913a596e5fc4fa14806f816f85/actions - {"actions":[{"id":"action37","type":"key","parameters":{},"actions":[{"type":"keyDown","value":"î€‡"},{"type":"pause","duration":10},{"type":"keyUp","value":"î€‡"}]}]}
RESULT: {"actions":[{"id":"action37","type":"key","parameters":{},"actions":[{"type":"keyDown","value":"î€‡"},{"type":"pause","duration":10},{"type":"keyUp","value":"î€‡"}]}]}
RESULT: undefined
COMMAND: POST /session/ba2432913a596e5fc4fa14806f816f85/execute/async - {"script":"<script> [776 bytes]","args":[{"enterText":"1","selector":{"id":"application-manageconditionprice-display-component---newCondition--condBaseQty","interaction":{"idSuffix":"inner"}},"clearTextFirst":true,"interactionType":"ENTER_TEXT"}]}
COMMAND: GET /session/ba2432913a596e5fc4fa14806f816f85/screenshot - {}
RESULT: {"script":"<script> [776 bytes]","args":[{"enterText":"1","selector":{"id":"application-manageconditionprice-display-component---newCondition--condBaseQty","interaction":{"idSuffix":"inner"}},"clearTextFirst":true,"interactionType":"ENTER_TEXT"}]}
RESULT: undefined
COMMAND: POST /session/ba2432913a596e5fc4fa14806f816f85/execute/async - {"script":"<script> [776 bytes]","args":[{"enterText":"10","selector":{"id":"application-manageconditionprice-display-component---newCondition--condValue","interaction":{"idSuffix":"inner"}},"clearTextFirst":true,"interactionType":"ENTER_TEXT"}]}
RESULT: {}
RESULT: {"script":"<script> [776 bytes]","args":[{"enterText":"10","selector":{"id":"application-manageconditionprice-display-component---newCondition--condValue","interaction":{"idSuffix":"inner"}},"clearTextFirst":true,"interactionType":"ENTER_TEXT"}]}
RESULT: undefined
COMMAND: POST /session/ba2432913a596e5fc4fa14806f816f85/element - {"using":"xpath","value":"//*[@id=\"application-manageconditionprice-display-component---newCondition--condCurr-arrow\"]"}
RESULT: {"using":"xpath","value":"//*[@id=\"application-manageconditionprice-display-component---newCondition--condCurr-arrow\"]"}
COMMAND: POST /session/ba2432913a596e5fc4fa14806f816f85/element/f.FF9A1E5259EB1E6B709B859A36B64A29.d.75AC5A5C338535DE183B54FCB3826803.e.10436/click - {}
RESULT: {}
COMMAND: POST /session/ba2432913a596e5fc4fa14806f816f85/element - {"using":"xpath","value":"//span[contains(text(), \"Euro\")]"}
COMMAND: GET /session/ba2432913a596e5fc4fa14806f816f85/screenshot - {}
RESULT: {"using":"xpath","value":"//span[contains(text(), \"Euro\")]"}
COMMAND: POST /session/ba2432913a596e5fc4fa14806f816f85/element/f.FF9A1E5259EB1E6B709B859A36B64A29.d.75AC5A5C338535DE183B54FCB3826803.e.10505/click - {}
RESULT: {}
RESULT: {}
COMMAND: POST /session/ba2432913a596e5fc4fa14806f816f85/element - {"using":"xpath","value":"//button[@data-kt=\"saveButton\"]"}
COMMAND: GET /session/ba2432913a596e5fc4fa14806f816f85/screenshot - {}
RESULT: {"using":"xpath","value":"//button[@data-kt=\"saveButton\"]"}
COMMAND: POST /session/ba2432913a596e5fc4fa14806f816f85/element/f.FF9A1E5259EB1E6B709B859A36B64A29.d.75AC5A5C338535DE183B54FCB3826803.e.10437/click - {}
RESULT: {}
RESULT: {}
COMMAND: GET /session/ba2432913a596e5fc4fa14806f816f85/screenshot - {}
RESULT: {}
RESULT: undefined
COMMAND: POST /session/ba2432913a596e5fc4fa14806f816f85/execute/async - {"script":"<script> [776 bytes]","args":[{"enterText":"7De4XGRdGw","selector":{"id":"application-manageconditionprice-display-component---conditions--smartFilterBar-btnBasicSearch","interaction":{"idSuffix":"I"}},"clearTextFirst":true,"interactionType":"ENTER_TEXT"}]}
RESULT: {"script":"<script> [776 bytes]","args":[{"enterText":"7De4XGRdGw","selector":{"id":"application-manageconditionprice-display-component---conditions--smartFilterBar-btnBasicSearch","interaction":{"idSuffix":"I"}},"clearTextFirst":true,"interactionType":"ENTER_TEXT"}]}
COMMAND: POST /session/ba2432913a596e5fc4fa14806f816f85/actions - {"actions":[{"id":"action38","type":"key","parameters":{},"actions":[{"type":"keyDown","value":"î€‡"},{"type":"pause","duration":10},{"type":"keyUp","value":"î€‡"}]}]}
RESULT: {"actions":[{"id":"action38","type":"key","parameters":{},"actions":[{"type":"keyDown","value":"î€‡"},{"type":"pause","duration":10},{"type":"keyUp","value":"î€‡"}]}]}
COMMAND: GET /session/ba2432913a596e5fc4fa14806f816f85/screenshot - {}
RESULT: {}
RESULT: undefined
COMMAND: POST /session/ba2432913a596e5fc4fa14806f816f85/element - {"using":"xpath","value":"//*[@id=\"application-manageconditionprice-display-component---conditions--smartFilterBar-filterItemControl_BASIC-BILL_TYPES-vhi\"]"}
RESULT: {"using":"xpath","value":"//*[@id=\"application-manageconditionprice-display-component---conditions--smartFilterBar-filterItemControl_BASIC-BILL_TYPES-vhi\"]"}
COMMAND: POST /session/ba2432913a596e5fc4fa14806f816f85/element/f.FF9A1E5259EB1E6B709B859A36B64A29.d.75AC5A5C338535DE183B54FCB3826803.e.10548/click - {}
RESULT: {}
RESULT: undefined
COMMAND: POST /session/ba2432913a596e5fc4fa14806f816f85/execute/async - {"script":"<script> [776 bytes]","args":[{"enterText":"PB","selector":{"id":"application-manageconditionprice-display-component---conditions--smartFilterBar-filterItemControl_BASIC-BILL_TYPES-valueHelpDialog-smartFilterBar-btnBasicSearch","searchOpenDialogs":true,"interaction":{"idSuffix":"I"}},"clearTextFirst":true,"interactionType":"ENTER_TEXT"}]}
COMMAND: GET /session/ba2432913a596e5fc4fa14806f816f85/screenshot - {}
RESULT: {"script":"<script> [776 bytes]","args":[{"enterText":"PB","selector":{"id":"application-manageconditionprice-display-component---conditions--smartFilterBar-filterItemControl_BASIC-BILL_TYPES-valueHelpDialog-smartFilterBar-btnBasicSearch","searchOpenDialogs":true,"interaction":{"idSuffix":"I"}},"clearTextFirst":true,"interactionType":"ENTER_TEXT"}]}
COMMAND: POST /session/ba2432913a596e5fc4fa14806f816f85/actions - {"actions":[{"id":"action39","type":"key","parameters":{},"actions":[{"type":"keyDown","value":"î€‡"},{"type":"pause","duration":10},{"type":"keyUp","value":"î€‡"}]}]}
RESULT: {}
RESULT: {"actions":[{"id":"action39","type":"key","parameters":{},"actions":[{"type":"keyDown","value":"î€‡"},{"type":"pause","duration":10},{"type":"keyUp","value":"î€‡"}]}]}
COMMAND: GET /session/ba2432913a596e5fc4fa14806f816f85/screenshot - {}
RESULT: {}
COMMAND: POST /session/ba2432913a596e5fc4fa14806f816f85/element - {"using":"xpath","value":"//div[contains(@id, 'application-manageconditionprice-display-component---conditions--smartFilterBar-filterItemControl_BASIC-BILL_TYPES-valueHelpDialog-table-rowsel0')]"}
RESULT: {"using":"xpath","value":"//div[contains(@id, 'application-manageconditionprice-display-component---conditions--smartFilterBar-filterItemControl_BASIC-BILL_TYPES-valueHelpDialog-table-rowsel0')]"}
COMMAND: POST /session/ba2432913a596e5fc4fa14806f816f85/element/f.FF9A1E5259EB1E6B709B859A36B64A29.d.75AC5A5C338535DE183B54FCB3826803.e.10558/click - {}
RESULT: {}
COMMAND: GET /session/ba2432913a596e5fc4fa14806f816f85/screenshot - {}
RESULT: {}
COMMAND: POST /session/ba2432913a596e5fc4fa14806f816f85/element - {"using":"xpath","value":"//bdi[contains(text(), \"OK\")]"}
RESULT: {"using":"xpath","value":"//bdi[contains(text(), \"OK\")]"}
COMMAND: POST /session/ba2432913a596e5fc4fa14806f816f85/element/f.FF9A1E5259EB1E6B709B859A36B64A29.d.75AC5A5C338535DE183B54FCB3826803.e.10560/click - {}
RESULT: {}
COMMAND: GET /session/ba2432913a596e5fc4fa14806f816f85/screenshot - {}
RESULT: {}
COMMAND: POST /session/ba2432913a596e5fc4fa14806f816f85/element - {"using":"xpath","value":"//span[@id=\"application-manageconditionprice-display-component---conditions--smartTable-header-inner\"]"}
RESULT: {"using":"xpath","value":"//span[@id=\"application-manageconditionprice-display-component---conditions--smartTable-header-inner\"]"}
COMMAND: POST /session/ba2432913a596e5fc4fa14806f816f85/elements - {"using":"xpath","value":"//span[@id=\"application-manageconditionprice-display-component---conditions--smartTable-header-inner\"]"}
RESULT: {"using":"xpath","value":"//span[@id=\"application-manageconditionprice-display-component---conditions--smartTable-header-inner\"]"}
COMMAND: POST /session/ba2432913a596e5fc4fa14806f816f85/execute/sync - {"script":"<script> [56 bytes]","args":[{"element-6066-11e4-a52e-4f735466cecf":"f.FF9A1E5259EB1E6B709B859A36B64A29.d.75AC5A5C338535DE183B54FCB3826803.e.10563","ELEMENT":"f.FF9A1E5259EB1E6B709B859A36B64A29.d.75AC5A5C338535DE183B54FCB3826803.e.10563"}]}
RESULT: {"script":"<script> [56 bytes]","args":[{"element-6066-11e4-a52e-4f735466cecf":"f.FF9A1E5259EB1E6B709B859A36B64A29.d.75AC5A5C338535DE183B54FCB3826803.e.10563","ELEMENT":"f.FF9A1E5259EB1E6B709B859A36B64A29.d.75AC5A5C338535DE183B54FCB3826803.e.10563"}]}
COMMAND: POST /session/ba2432913a596e5fc4fa14806f816f85/element - {"using":"css selector","value":"#shell-header-logo"}
COMMAND: GET /session/ba2432913a596e5fc4fa14806f816f85/screenshot - {}
RESULT: {"using":"css selector","value":"#shell-header-logo"}
COMMAND: POST /session/ba2432913a596e5fc4fa14806f816f85/element/f.FF9A1E5259EB1E6B709B859A36B64A29.d.75AC5A5C338535DE183B54FCB3826803.e.9965/click - {}
RESULT: {}
RESULT: {}
COMMAND: GET /session/ba2432913a596e5fc4fa14806f816f85/screenshot - {}
RESULT: {}
]]></system-out>
    </testcase>
    <testcase classname="chrome.135_0_7049_96.windows.Create_master_data_for_mixed_billing_&amp;_do_billing_calculation_US151661" name="Should add time based condition" time="80.72">
      <system-out><![CDATA[
RESULT: undefined
COMMAND: POST /session/ba2432913a596e5fc4fa14806f816f85/element - {"using":"xpath","value":"//*[@id=\"__tile93-title\"]"}
RESULT: {"using":"xpath","value":"//*[@id=\"__tile93-title\"]"}
COMMAND: POST /session/ba2432913a596e5fc4fa14806f816f85/element/f.FF9A1E5259EB1E6B709B859A36B64A29.d.75AC5A5C338535DE183B54FCB3826803.e.9603/click - {}
RESULT: {}
COMMAND: POST /session/ba2432913a596e5fc4fa14806f816f85/element - {"using":"xpath","value":"//button[@aria-label=\"Create\"]"}
COMMAND: GET /session/ba2432913a596e5fc4fa14806f816f85/screenshot - {}
RESULT: {"using":"xpath","value":"//button[@aria-label=\"Create\"]"}
COMMAND: POST /session/ba2432913a596e5fc4fa14806f816f85/elements - {"using":"xpath","value":"//button[@aria-label=\"Create\"]"}
RESULT: {}
RESULT: {"using":"xpath","value":"//button[@aria-label=\"Create\"]"}
COMMAND: POST /session/ba2432913a596e5fc4fa14806f816f85/execute/sync - {"script":"<script> [8489 bytes]","args":[{"element-6066-11e4-a52e-4f735466cecf":"f.FF9A1E5259EB1E6B709B859A36B64A29.d.75AC5A5C338535DE183B54FCB3826803.e.10601","ELEMENT":"f.FF9A1E5259EB1E6B709B859A36B64A29.d.75AC5A5C338535DE183B54FCB3826803.e.10601"}]}
RESULT: {"script":"<script> [8489 bytes]","args":[{"element-6066-11e4-a52e-4f735466cecf":"f.FF9A1E5259EB1E6B709B859A36B64A29.d.75AC5A5C338535DE183B54FCB3826803.e.10601","ELEMENT":"f.FF9A1E5259EB1E6B709B859A36B64A29.d.75AC5A5C338535DE183B54FCB3826803.e.10601"}]}
COMMAND: GET /session/ba2432913a596e5fc4fa14806f816f85/element/f.FF9A1E5259EB1E6B709B859A36B64A29.d.75AC5A5C338535DE183B54FCB3826803.e.10601/enabled - {}
COMMAND: GET /session/ba2432913a596e5fc4fa14806f816f85/screenshot - {}
RESULT: {}
COMMAND: POST /session/ba2432913a596e5fc4fa14806f816f85/execute/sync - {"script":"<script> [8489 bytes]","args":[{"element-6066-11e4-a52e-4f735466cecf":"f.FF9A1E5259EB1E6B709B859A36B64A29.d.75AC5A5C338535DE183B54FCB3826803.e.10601","ELEMENT":"f.FF9A1E5259EB1E6B709B859A36B64A29.d.75AC5A5C338535DE183B54FCB3826803.e.10601"}]}
COMMAND: GET /session/ba2432913a596e5fc4fa14806f816f85/screenshot - {}
RESULT: {}
RESULT: {"script":"<script> [8489 bytes]","args":[{"element-6066-11e4-a52e-4f735466cecf":"f.FF9A1E5259EB1E6B709B859A36B64A29.d.75AC5A5C338535DE183B54FCB3826803.e.10601","ELEMENT":"f.FF9A1E5259EB1E6B709B859A36B64A29.d.75AC5A5C338535DE183B54FCB3826803.e.10601"}]}
COMMAND: POST /session/ba2432913a596e5fc4fa14806f816f85/execute/sync - {"script":"<script> [5351 bytes]","args":[{"element-6066-11e4-a52e-4f735466cecf":"f.FF9A1E5259EB1E6B709B859A36B64A29.d.75AC5A5C338535DE183B54FCB3826803.e.10601","ELEMENT":"f.FF9A1E5259EB1E6B709B859A36B64A29.d.75AC5A5C338535DE183B54FCB3826803.e.10601"}]}
COMMAND: GET /session/ba2432913a596e5fc4fa14806f816f85/screenshot - {}
RESULT: {}
RESULT: {"script":"<script> [5351 bytes]","args":[{"element-6066-11e4-a52e-4f735466cecf":"f.FF9A1E5259EB1E6B709B859A36B64A29.d.75AC5A5C338535DE183B54FCB3826803.e.10601","ELEMENT":"f.FF9A1E5259EB1E6B709B859A36B64A29.d.75AC5A5C338535DE183B54FCB3826803.e.10601"}]}
COMMAND: POST /session/ba2432913a596e5fc4fa14806f816f85/element/f.FF9A1E5259EB1E6B709B859A36B64A29.d.75AC5A5C338535DE183B54FCB3826803.e.10601/click - {}
RESULT: {}
COMMAND: GET /session/ba2432913a596e5fc4fa14806f816f85/screenshot - {}
RESULT: {}
COMMAND: GET /session/ba2432913a596e5fc4fa14806f816f85/screenshot - {}
RESULT: {}
RESULT: {}
COMMAND: POST /session/ba2432913a596e5fc4fa14806f816f85/actions - {"actions":[{"id":"action40","type":"key","parameters":{},"actions":[{"type":"keyDown","value":"î€‡"},{"type":"pause","duration":10},{"type":"keyUp","value":"î€‡"}]}]}
RESULT: {"actions":[{"id":"action40","type":"key","parameters":{},"actions":[{"type":"keyDown","value":"î€‡"},{"type":"pause","duration":10},{"type":"keyUp","value":"î€‡"}]}]}
COMMAND: GET /session/ba2432913a596e5fc4fa14806f816f85/screenshot - {}
RESULT: undefined
COMMAND: POST /session/ba2432913a596e5fc4fa14806f816f85/element - {"using":"xpath","value":"//*[@id=\"application-manageconditionprice-display-component---newCondition--condBillCond-arrow\"]"}
RESULT: {}
RESULT: {"using":"xpath","value":"//*[@id=\"application-manageconditionprice-display-component---newCondition--condBillCond-arrow\"]"}
COMMAND: POST /session/ba2432913a596e5fc4fa14806f816f85/element/f.FF9A1E5259EB1E6B709B859A36B64A29.d.75AC5A5C338535DE183B54FCB3826803.e.11093/click - {}
RESULT: {}
COMMAND: GET /session/ba2432913a596e5fc4fa14806f816f85/screenshot - {}
RESULT: {}
COMMAND: POST /session/ba2432913a596e5fc4fa14806f816f85/element - {"using":"xpath","value":"//li[.//span[contains(text(), \"DISP - D&I special price\")]]"}
RESULT: {"using":"xpath","value":"//li[.//span[contains(text(), \"DISP - D&I special price\")]]"}
COMMAND: POST /session/ba2432913a596e5fc4fa14806f816f85/element/f.FF9A1E5259EB1E6B709B859A36B64A29.d.75AC5A5C338535DE183B54FCB3826803.e.11096/click - {}
RESULT: {}
COMMAND: GET /session/ba2432913a596e5fc4fa14806f816f85/screenshot - {}
RESULT: {}
RESULT: undefined
COMMAND: POST /session/ba2432913a596e5fc4fa14806f816f85/execute/async - {"script":"<script> [776 bytes]","args":[{"enterText":"01/03/26","selector":{"id":"application-manageconditionprice-display-component---newCondition--condValidTo","interaction":{"idSuffix":"inner"}},"clearTextFirst":true,"interactionType":"ENTER_TEXT"}]}
RESULT: {"script":"<script> [776 bytes]","args":[{"enterText":"01/03/26","selector":{"id":"application-manageconditionprice-display-component---newCondition--condValidTo","interaction":{"idSuffix":"inner"}},"clearTextFirst":true,"interactionType":"ENTER_TEXT"}]}
COMMAND: POST /session/ba2432913a596e5fc4fa14806f816f85/element - {"using":"xpath","value":"//input[@id=\"application-manageconditionprice-display-component---newCondition--condRU-inner\"]"}
RESULT: {"using":"xpath","value":"//input[@id=\"application-manageconditionprice-display-component---newCondition--condRU-inner\"]"}
COMMAND: POST /session/ba2432913a596e5fc4fa14806f816f85/element/f.FF9A1E5259EB1E6B709B859A36B64A29.d.75AC5A5C338535DE183B54FCB3826803.e.10846/clear - {}
RESULT: {}
COMMAND: POST /session/ba2432913a596e5fc4fa14806f816f85/element/f.FF9A1E5259EB1E6B709B859A36B64A29.d.75AC5A5C338535DE183B54FCB3826803.e.10846/value - {"text":"7De4XGRdGw"}
COMMAND: GET /session/ba2432913a596e5fc4fa14806f816f85/screenshot - {}
RESULT: {"text":"7De4XGRdGw"}
COMMAND: GET /session/ba2432913a596e5fc4fa14806f816f85/screenshot - {}
RESULT: {}
RESULT: {}
COMMAND: POST /session/ba2432913a596e5fc4fa14806f816f85/actions - {"actions":[{"id":"action41","type":"key","parameters":{},"actions":[{"type":"keyDown","value":"î€‡"},{"type":"pause","duration":10},{"type":"keyUp","value":"î€‡"}]}]}
RESULT: {"actions":[{"id":"action41","type":"key","parameters":{},"actions":[{"type":"keyDown","value":"î€‡"},{"type":"pause","duration":10},{"type":"keyUp","value":"î€‡"}]}]}
RESULT: undefined
COMMAND: POST /session/ba2432913a596e5fc4fa14806f816f85/execute/async - {"script":"<script> [776 bytes]","args":[{"enterText":"1","selector":{"id":"application-manageconditionprice-display-component---newCondition--condBaseQty","interaction":{"idSuffix":"inner"}},"clearTextFirst":true,"interactionType":"ENTER_TEXT"}]}
COMMAND: GET /session/ba2432913a596e5fc4fa14806f816f85/screenshot - {}
RESULT: {"script":"<script> [776 bytes]","args":[{"enterText":"1","selector":{"id":"application-manageconditionprice-display-component---newCondition--condBaseQty","interaction":{"idSuffix":"inner"}},"clearTextFirst":true,"interactionType":"ENTER_TEXT"}]}
RESULT: undefined
COMMAND: POST /session/ba2432913a596e5fc4fa14806f816f85/execute/async - {"script":"<script> [776 bytes]","args":[{"enterText":"100","selector":{"id":"application-manageconditionprice-display-component---newCondition--condValue","interaction":{"idSuffix":"inner"}},"clearTextFirst":true,"interactionType":"ENTER_TEXT"}]}
RESULT: {}
RESULT: {"script":"<script> [776 bytes]","args":[{"enterText":"100","selector":{"id":"application-manageconditionprice-display-component---newCondition--condValue","interaction":{"idSuffix":"inner"}},"clearTextFirst":true,"interactionType":"ENTER_TEXT"}]}
RESULT: undefined
COMMAND: POST /session/ba2432913a596e5fc4fa14806f816f85/element - {"using":"xpath","value":"//*[@id=\"application-manageconditionprice-display-component---newCondition--condCurr-arrow\"]"}
RESULT: {"using":"xpath","value":"//*[@id=\"application-manageconditionprice-display-component---newCondition--condCurr-arrow\"]"}
COMMAND: POST /session/ba2432913a596e5fc4fa14806f816f85/element/f.FF9A1E5259EB1E6B709B859A36B64A29.d.75AC5A5C338535DE183B54FCB3826803.e.11068/click - {}
RESULT: {}
COMMAND: POST /session/ba2432913a596e5fc4fa14806f816f85/element - {"using":"xpath","value":"//span[contains(text(), \"Euro\")]"}
COMMAND: GET /session/ba2432913a596e5fc4fa14806f816f85/screenshot - {}
RESULT: {"using":"xpath","value":"//span[contains(text(), \"Euro\")]"}
COMMAND: POST /session/ba2432913a596e5fc4fa14806f816f85/element/f.FF9A1E5259EB1E6B709B859A36B64A29.d.75AC5A5C338535DE183B54FCB3826803.e.11127/click - {}
RESULT: {}
RESULT: {}
COMMAND: POST /session/ba2432913a596e5fc4fa14806f816f85/element - {"using":"xpath","value":"//button[@data-kt=\"saveButton\"]"}
COMMAND: GET /session/ba2432913a596e5fc4fa14806f816f85/screenshot - {}
RESULT: {"using":"xpath","value":"//button[@data-kt=\"saveButton\"]"}
COMMAND: POST /session/ba2432913a596e5fc4fa14806f816f85/element/f.FF9A1E5259EB1E6B709B859A36B64A29.d.75AC5A5C338535DE183B54FCB3826803.e.11069/click - {}
RESULT: {}
RESULT: {}
COMMAND: GET /session/ba2432913a596e5fc4fa14806f816f85/screenshot - {}
RESULT: {}
RESULT: undefined
COMMAND: POST /session/ba2432913a596e5fc4fa14806f816f85/execute/async - {"script":"<script> [776 bytes]","args":[{"enterText":"7De4XGRdGw","selector":{"id":"application-manageconditionprice-display-component---conditions--smartFilterBar-btnBasicSearch","interaction":{"idSuffix":"I"}},"clearTextFirst":true,"interactionType":"ENTER_TEXT"}]}
RESULT: {"script":"<script> [776 bytes]","args":[{"enterText":"7De4XGRdGw","selector":{"id":"application-manageconditionprice-display-component---conditions--smartFilterBar-btnBasicSearch","interaction":{"idSuffix":"I"}},"clearTextFirst":true,"interactionType":"ENTER_TEXT"}]}
COMMAND: POST /session/ba2432913a596e5fc4fa14806f816f85/actions - {"actions":[{"id":"action42","type":"key","parameters":{},"actions":[{"type":"keyDown","value":"î€‡"},{"type":"pause","duration":10},{"type":"keyUp","value":"î€‡"}]}]}
RESULT: {"actions":[{"id":"action42","type":"key","parameters":{},"actions":[{"type":"keyDown","value":"î€‡"},{"type":"pause","duration":10},{"type":"keyUp","value":"î€‡"}]}]}
COMMAND: GET /session/ba2432913a596e5fc4fa14806f816f85/screenshot - {}
RESULT: {}
RESULT: undefined
COMMAND: POST /session/ba2432913a596e5fc4fa14806f816f85/element - {"using":"xpath","value":"//*[@id=\"application-manageconditionprice-display-component---conditions--smartFilterBar-filterItemControl_BASIC-BILL_TYPES-vhi\"]"}
RESULT: {"using":"xpath","value":"//*[@id=\"application-manageconditionprice-display-component---conditions--smartFilterBar-filterItemControl_BASIC-BILL_TYPES-vhi\"]"}
COMMAND: POST /session/ba2432913a596e5fc4fa14806f816f85/element/f.FF9A1E5259EB1E6B709B859A36B64A29.d.75AC5A5C338535DE183B54FCB3826803.e.11163/click - {}
RESULT: {}
RESULT: undefined
COMMAND: POST /session/ba2432913a596e5fc4fa14806f816f85/execute/async - {"script":"<script> [776 bytes]","args":[{"enterText":"TB","selector":{"id":"application-manageconditionprice-display-component---conditions--smartFilterBar-filterItemControl_BASIC-BILL_TYPES-valueHelpDialog-smartFilterBar-btnBasicSearch","searchOpenDialogs":true,"interaction":{"idSuffix":"I"}},"clearTextFirst":true,"interactionType":"ENTER_TEXT"}]}
COMMAND: GET /session/ba2432913a596e5fc4fa14806f816f85/screenshot - {}
RESULT: {"script":"<script> [776 bytes]","args":[{"enterText":"TB","selector":{"id":"application-manageconditionprice-display-component---conditions--smartFilterBar-filterItemControl_BASIC-BILL_TYPES-valueHelpDialog-smartFilterBar-btnBasicSearch","searchOpenDialogs":true,"interaction":{"idSuffix":"I"}},"clearTextFirst":true,"interactionType":"ENTER_TEXT"}]}
COMMAND: POST /session/ba2432913a596e5fc4fa14806f816f85/actions - {"actions":[{"id":"action43","type":"key","parameters":{},"actions":[{"type":"keyDown","value":"î€‡"},{"type":"pause","duration":10},{"type":"keyUp","value":"î€‡"}]}]}
RESULT: {}
RESULT: {"actions":[{"id":"action43","type":"key","parameters":{},"actions":[{"type":"keyDown","value":"î€‡"},{"type":"pause","duration":10},{"type":"keyUp","value":"î€‡"}]}]}
COMMAND: GET /session/ba2432913a596e5fc4fa14806f816f85/screenshot - {}
RESULT: {}
COMMAND: POST /session/ba2432913a596e5fc4fa14806f816f85/element - {"using":"xpath","value":"//div[contains(@id, 'application-manageconditionprice-display-component---conditions--smartFilterBar-filterItemControl_BASIC-BILL_TYPES-valueHelpDialog-table-rowsel0')]"}
RESULT: {"using":"xpath","value":"//div[contains(@id, 'application-manageconditionprice-display-component---conditions--smartFilterBar-filterItemControl_BASIC-BILL_TYPES-valueHelpDialog-table-rowsel0')]"}
COMMAND: POST /session/ba2432913a596e5fc4fa14806f816f85/element/f.FF9A1E5259EB1E6B709B859A36B64A29.d.75AC5A5C338535DE183B54FCB3826803.e.11171/click - {}
RESULT: {}
COMMAND: GET /session/ba2432913a596e5fc4fa14806f816f85/screenshot - {}
RESULT: {}
COMMAND: POST /session/ba2432913a596e5fc4fa14806f816f85/element - {"using":"xpath","value":"//bdi[contains(text(), \"OK\")]"}
RESULT: {"using":"xpath","value":"//bdi[contains(text(), \"OK\")]"}
COMMAND: POST /session/ba2432913a596e5fc4fa14806f816f85/element/f.FF9A1E5259EB1E6B709B859A36B64A29.d.75AC5A5C338535DE183B54FCB3826803.e.11173/click - {}
RESULT: {}
COMMAND: GET /session/ba2432913a596e5fc4fa14806f816f85/screenshot - {}
RESULT: {}
COMMAND: POST /session/ba2432913a596e5fc4fa14806f816f85/element - {"using":"xpath","value":"//span[@id=\"application-manageconditionprice-display-component---conditions--smartTable-header-inner\"]"}
RESULT: {"using":"xpath","value":"//span[@id=\"application-manageconditionprice-display-component---conditions--smartTable-header-inner\"]"}
COMMAND: POST /session/ba2432913a596e5fc4fa14806f816f85/elements - {"using":"xpath","value":"//span[@id=\"application-manageconditionprice-display-component---conditions--smartTable-header-inner\"]"}
RESULT: {"using":"xpath","value":"//span[@id=\"application-manageconditionprice-display-component---conditions--smartTable-header-inner\"]"}
COMMAND: POST /session/ba2432913a596e5fc4fa14806f816f85/execute/sync - {"script":"<script> [56 bytes]","args":[{"element-6066-11e4-a52e-4f735466cecf":"f.FF9A1E5259EB1E6B709B859A36B64A29.d.75AC5A5C338535DE183B54FCB3826803.e.11183","ELEMENT":"f.FF9A1E5259EB1E6B709B859A36B64A29.d.75AC5A5C338535DE183B54FCB3826803.e.11183"}]}
RESULT: {"script":"<script> [56 bytes]","args":[{"element-6066-11e4-a52e-4f735466cecf":"f.FF9A1E5259EB1E6B709B859A36B64A29.d.75AC5A5C338535DE183B54FCB3826803.e.11183","ELEMENT":"f.FF9A1E5259EB1E6B709B859A36B64A29.d.75AC5A5C338535DE183B54FCB3826803.e.11183"}]}
COMMAND: POST /session/ba2432913a596e5fc4fa14806f816f85/element - {"using":"css selector","value":"#shell-header-logo"}
COMMAND: GET /session/ba2432913a596e5fc4fa14806f816f85/screenshot - {}
RESULT: {"using":"css selector","value":"#shell-header-logo"}
COMMAND: POST /session/ba2432913a596e5fc4fa14806f816f85/element/f.FF9A1E5259EB1E6B709B859A36B64A29.d.75AC5A5C338535DE183B54FCB3826803.e.10568/click - {}
RESULT: {}
RESULT: {}
COMMAND: GET /session/ba2432913a596e5fc4fa14806f816f85/screenshot - {}
RESULT: {}
]]></system-out>
    </testcase>
    <testcase classname="chrome.135_0_7049_96.windows.Create_master_data_for_mixed_billing_&amp;_do_billing_calculation_US151661" name="Should do a stock increase handover" time="95.456">
      <system-out><![CDATA[
COMMAND: POST /session/ba2432913a596e5fc4fa14806f816f85/execute/async - {"script":"<script> [1562 bytes]","args":[{"selector":{"controlType":"sap.m.Text","viewName":"etm.portal.ui.managehandoverstile.view.Master","properties":{"text":"Manage Handovers"},"interaction":{"idSuffix":"inner"}},"wdio_ui5_key":"etmportal.ui.managehandoverstile.view.Mastersap.m.Text{\"text\":\"Manage Handovers\"}"}]}
RESULT: {"script":"<script> [1562 bytes]","args":[{"selector":{"controlType":"sap.m.Text","viewName":"etm.portal.ui.managehandoverstile.view.Master","properties":{"text":"Manage Handovers"},"interaction":{"idSuffix":"inner"}},"wdio_ui5_key":"etmportal.ui.managehandoverstile.view.Mastersap.m.Text{\"text\":\"Manage Handovers\"}"}]}
RESULT: undefined
COMMAND: POST /session/ba2432913a596e5fc4fa14806f816f85/element - {"using":"xpath","value":"//*[@id=\"__tile131-title\"]"}
RESULT: {"using":"xpath","value":"//*[@id=\"__tile131-title\"]"}
COMMAND: POST /session/ba2432913a596e5fc4fa14806f816f85/element/f.FF9A1E5259EB1E6B709B859A36B64A29.d.75AC5A5C338535DE183B54FCB3826803.e.11186/click - {}
RESULT: {}
COMMAND: POST /session/ba2432913a596e5fc4fa14806f816f85/element - {"using":"xpath","value":"//button[@data-kt=\"masterHOAddButton\"]"}
COMMAND: GET /session/ba2432913a596e5fc4fa14806f816f85/screenshot - {}
RESULT: {"using":"xpath","value":"//button[@data-kt=\"masterHOAddButton\"]"}
COMMAND: POST /session/ba2432913a596e5fc4fa14806f816f85/elements - {"using":"xpath","value":"//button[@data-kt=\"masterHOAddButton\"]"}
RESULT: {}
RESULT: {"using":"xpath","value":"//button[@data-kt=\"masterHOAddButton\"]"}
COMMAND: POST /session/ba2432913a596e5fc4fa14806f816f85/elements - {"using":"xpath","value":"//button[@data-kt=\"masterHOAddButton\"]"}
RESULT: {"using":"xpath","value":"//button[@data-kt=\"masterHOAddButton\"]"}
COMMAND: POST /session/ba2432913a596e5fc4fa14806f816f85/elements - {"using":"xpath","value":"//button[@data-kt=\"masterHOAddButton\"]"}
RESULT: {"using":"xpath","value":"//button[@data-kt=\"masterHOAddButton\"]"}
COMMAND: POST /session/ba2432913a596e5fc4fa14806f816f85/elements - {"using":"xpath","value":"//button[@data-kt=\"masterHOAddButton\"]"}
RESULT: {"using":"xpath","value":"//button[@data-kt=\"masterHOAddButton\"]"}
COMMAND: POST /session/ba2432913a596e5fc4fa14806f816f85/elements - {"using":"xpath","value":"//button[@data-kt=\"masterHOAddButton\"]"}
RESULT: {"using":"xpath","value":"//button[@data-kt=\"masterHOAddButton\"]"}
COMMAND: POST /session/ba2432913a596e5fc4fa14806f816f85/element - {"using":"xpath","value":"//button[@data-kt=\"masterHOAddButton\"]"}
RESULT: {"using":"xpath","value":"//button[@data-kt=\"masterHOAddButton\"]"}
COMMAND: POST /session/ba2432913a596e5fc4fa14806f816f85/execute/sync - {"script":"<script> [8489 bytes]","args":[{"element-6066-11e4-a52e-4f735466cecf":"f.FF9A1E5259EB1E6B709B859A36B64A29.d.75AC5A5C338535DE183B54FCB3826803.e.11225","ELEMENT":"f.FF9A1E5259EB1E6B709B859A36B64A29.d.75AC5A5C338535DE183B54FCB3826803.e.11225"}]}
RESULT: {"script":"<script> [8489 bytes]","args":[{"element-6066-11e4-a52e-4f735466cecf":"f.FF9A1E5259EB1E6B709B859A36B64A29.d.75AC5A5C338535DE183B54FCB3826803.e.11225","ELEMENT":"f.FF9A1E5259EB1E6B709B859A36B64A29.d.75AC5A5C338535DE183B54FCB3826803.e.11225"}]}
COMMAND: GET /session/ba2432913a596e5fc4fa14806f816f85/element/f.FF9A1E5259EB1E6B709B859A36B64A29.d.75AC5A5C338535DE183B54FCB3826803.e.11225/enabled - {}
COMMAND: GET /session/ba2432913a596e5fc4fa14806f816f85/screenshot - {}
RESULT: {}
COMMAND: POST /session/ba2432913a596e5fc4fa14806f816f85/execute/sync - {"script":"<script> [8489 bytes]","args":[{"element-6066-11e4-a52e-4f735466cecf":"f.FF9A1E5259EB1E6B709B859A36B64A29.d.75AC5A5C338535DE183B54FCB3826803.e.11225","ELEMENT":"f.FF9A1E5259EB1E6B709B859A36B64A29.d.75AC5A5C338535DE183B54FCB3826803.e.11225"}]}
COMMAND: GET /session/ba2432913a596e5fc4fa14806f816f85/screenshot - {}
RESULT: {}
RESULT: {"script":"<script> [8489 bytes]","args":[{"element-6066-11e4-a52e-4f735466cecf":"f.FF9A1E5259EB1E6B709B859A36B64A29.d.75AC5A5C338535DE183B54FCB3826803.e.11225","ELEMENT":"f.FF9A1E5259EB1E6B709B859A36B64A29.d.75AC5A5C338535DE183B54FCB3826803.e.11225"}]}
COMMAND: POST /session/ba2432913a596e5fc4fa14806f816f85/execute/sync - {"script":"<script> [5351 bytes]","args":[{"element-6066-11e4-a52e-4f735466cecf":"f.FF9A1E5259EB1E6B709B859A36B64A29.d.75AC5A5C338535DE183B54FCB3826803.e.11225","ELEMENT":"f.FF9A1E5259EB1E6B709B859A36B64A29.d.75AC5A5C338535DE183B54FCB3826803.e.11225"}]}
COMMAND: GET /session/ba2432913a596e5fc4fa14806f816f85/screenshot - {}
RESULT: {}
RESULT: {"script":"<script> [5351 bytes]","args":[{"element-6066-11e4-a52e-4f735466cecf":"f.FF9A1E5259EB1E6B709B859A36B64A29.d.75AC5A5C338535DE183B54FCB3826803.e.11225","ELEMENT":"f.FF9A1E5259EB1E6B709B859A36B64A29.d.75AC5A5C338535DE183B54FCB3826803.e.11225"}]}
COMMAND: POST /session/ba2432913a596e5fc4fa14806f816f85/element/f.FF9A1E5259EB1E6B709B859A36B64A29.d.75AC5A5C338535DE183B54FCB3826803.e.11225/click - {}
COMMAND: GET /session/ba2432913a596e5fc4fa14806f816f85/screenshot - {}
RESULT: {}
RESULT: {}
COMMAND: GET /session/ba2432913a596e5fc4fa14806f816f85/screenshot - {}
COMMAND: POST /session/ba2432913a596e5fc4fa14806f816f85/element - {"using":"xpath","value":"//span[contains(@id ,\"AddNewHO--typeSelect-arrow\")]"}
RESULT: {}
RESULT: {}
RESULT: {"using":"xpath","value":"//span[contains(@id ,\"AddNewHO--typeSelect-arrow\")]"}
COMMAND: POST /session/ba2432913a596e5fc4fa14806f816f85/element/f.FF9A1E5259EB1E6B709B859A36B64A29.d.75AC5A5C338535DE183B54FCB3826803.e.11563/click - {}
RESULT: {}
COMMAND: GET /session/ba2432913a596e5fc4fa14806f816f85/screenshot - {}
RESULT: {}
COMMAND: POST /session/ba2432913a596e5fc4fa14806f816f85/element - {"using":"xpath","value":"(//li[contains(text(), \"stock increase yard\")])[1]"}
RESULT: {"using":"xpath","value":"(//li[contains(text(), \"stock increase yard\")])[1]"}
COMMAND: POST /session/ba2432913a596e5fc4fa14806f816f85/element/f.FF9A1E5259EB1E6B709B859A36B64A29.d.75AC5A5C338535DE183B54FCB3826803.e.11564/click - {}
RESULT: {}
COMMAND: GET /session/ba2432913a596e5fc4fa14806f816f85/screenshot - {}
RESULT: {}
COMMAND: POST /session/ba2432913a596e5fc4fa14806f816f85/execute/async - {"script":"<script> [1562 bytes]","args":[{"selector":{"id":"application-managehandovers-display-component---AddNewHO--dueDate","interaction":{"idSuffix":"inner"}},"wdio_ui5_key":"applicationmanagehandovers-display-component---AddNewHO--dueDate"}]}
RESULT: {"script":"<script> [1562 bytes]","args":[{"selector":{"id":"application-managehandovers-display-component---AddNewHO--dueDate","interaction":{"idSuffix":"inner"}},"wdio_ui5_key":"applicationmanagehandovers-display-component---AddNewHO--dueDate"}]}
RESULT: undefined
COMMAND: POST /session/ba2432913a596e5fc4fa14806f816f85/execute/async - {"script":"<script> [6424 bytes]","args":[{"element-6066-11e4-a52e-4f735466cecf":"f.FF9A1E5259EB1E6B709B859A36B64A29.d.75AC5A5C338535DE183B54FCB3826803.e.11568"},"setValue",["05/03/2025"]]}
RESULT: {"script":"<script> [6424 bytes]","args":[{"element-6066-11e4-a52e-4f735466cecf":"f.FF9A1E5259EB1E6B709B859A36B64A29.d.75AC5A5C338535DE183B54FCB3826803.e.11568"},"setValue",["05/03/2025"]]}
COMMAND: POST /session/ba2432913a596e5fc4fa14806f816f85/element - {"using":"xpath","value":"//input[@id=\"generalSectionFrg--receiveYard-inner\"]"}
RESULT: {"using":"xpath","value":"//input[@id=\"generalSectionFrg--receiveYard-inner\"]"}
COMMAND: POST /session/ba2432913a596e5fc4fa14806f816f85/element/f.FF9A1E5259EB1E6B709B859A36B64A29.d.75AC5A5C338535DE183B54FCB3826803.e.11574/clear - {}
RESULT: {}
COMMAND: POST /session/ba2432913a596e5fc4fa14806f816f85/element/f.FF9A1E5259EB1E6B709B859A36B64A29.d.75AC5A5C338535DE183B54FCB3826803.e.11574/value - {"text":"531"}
COMMAND: GET /session/ba2432913a596e5fc4fa14806f816f85/screenshot - {}
RESULT: {"text":"531"}
COMMAND: GET /session/ba2432913a596e5fc4fa14806f816f85/screenshot - {}
RESULT: {}
RESULT: {}
COMMAND: POST /session/ba2432913a596e5fc4fa14806f816f85/element - {"using":"xpath","value":"//li[.//span[text()='531']]"}
RESULT: {"using":"xpath","value":"//li[.//span[text()='531']]"}
COMMAND: POST /session/ba2432913a596e5fc4fa14806f816f85/element/f.FF9A1E5259EB1E6B709B859A36B64A29.d.75AC5A5C338535DE183B54FCB3826803.e.11590/click - {}
RESULT: {}
COMMAND: GET /session/ba2432913a596e5fc4fa14806f816f85/screenshot - {}
RESULT: {}
COMMAND: POST /session/ba2432913a596e5fc4fa14806f816f85/execute/async - {"script":"<script> [1562 bytes]","args":[{"selector":{"id":"application-managehandovers-display-component---AddNewHO--ObjectPageLayout-anchBar-application-managehandovers-display-component---AddNewHO--section4-anchor","interaction":{"idSuffix":"BDI-content"}},"wdio_ui5_key":"applicationmanagehandovers-display-component---AddNewHO--ObjectPageLayout-anchBar-application-managehandovers-display-component---AddNewHO--section4-anchor"}]}
RESULT: {"script":"<script> [1562 bytes]","args":[{"selector":{"id":"application-managehandovers-display-component---AddNewHO--ObjectPageLayout-anchBar-application-managehandovers-display-component---AddNewHO--section4-anchor","interaction":{"idSuffix":"BDI-content"}},"wdio_ui5_key":"applicationmanagehandovers-display-component---AddNewHO--ObjectPageLayout-anchBar-application-managehandovers-display-component---AddNewHO--section4-anchor"}]}
RESULT: undefined
COMMAND: POST /session/ba2432913a596e5fc4fa14806f816f85/element - {"using":"xpath","value":"//*[@id=\"application-managehandovers-display-component---AddNewHO--ObjectPageLayout-anchBar-application-managehandovers-display-component---AddNewHO--section4-anchor\"]"}
RESULT: {"using":"xpath","value":"//*[@id=\"application-managehandovers-display-component---AddNewHO--ObjectPageLayout-anchBar-application-managehandovers-display-component---AddNewHO--section4-anchor\"]"}
COMMAND: POST /session/ba2432913a596e5fc4fa14806f816f85/element/f.FF9A1E5259EB1E6B709B859A36B64A29.d.75AC5A5C338535DE183B54FCB3826803.e.11592/click - {}
RESULT: {}
COMMAND: POST /session/ba2432913a596e5fc4fa14806f816f85/element - {"using":"xpath","value":"//button[@aria-label=\"Add\"]"}
COMMAND: GET /session/ba2432913a596e5fc4fa14806f816f85/screenshot - {}
RESULT: {"using":"xpath","value":"//button[@aria-label=\"Add\"]"}
COMMAND: POST /session/ba2432913a596e5fc4fa14806f816f85/element/f.FF9A1E5259EB1E6B709B859A36B64A29.d.75AC5A5C338535DE183B54FCB3826803.e.11596/click - {}
RESULT: {}
RESULT: {}
COMMAND: GET /session/ba2432913a596e5fc4fa14806f816f85/screenshot - {}
RESULT: {}
COMMAND: POST /session/ba2432913a596e5fc4fa14806f816f85/execute/async - {"script":"<script> [1562 bytes]","args":[{"selector":{"id":"application-managehandovers-display-component---AddNewHO--smartFilterBar-btnBasicSearch","searchOpenDialogs":true,"interaction":{"idSuffix":"I"}},"wdio_ui5_key":"applicationmanagehandovers-display-component---AddNewHO--smartFilterBar-btnBasicSearch"}]}
RESULT: {"script":"<script> [1562 bytes]","args":[{"selector":{"id":"application-managehandovers-display-component---AddNewHO--smartFilterBar-btnBasicSearch","searchOpenDialogs":true,"interaction":{"idSuffix":"I"}},"wdio_ui5_key":"applicationmanagehandovers-display-component---AddNewHO--smartFilterBar-btnBasicSearch"}]}
RESULT: undefined
COMMAND: POST /session/ba2432913a596e5fc4fa14806f816f85/execute/async - {"script":"<script> [776 bytes]","args":[{"enterText":"7De4XGRdGw","selector":{"id":"application-managehandovers-display-component---AddNewHO--smartFilterBar-btnBasicSearch","searchOpenDialogs":true,"interaction":{"idSuffix":"I"}},"clearTextFirst":true,"interactionType":"ENTER_TEXT"}]}
RESULT: {"script":"<script> [776 bytes]","args":[{"enterText":"7De4XGRdGw","selector":{"id":"application-managehandovers-display-component---AddNewHO--smartFilterBar-btnBasicSearch","searchOpenDialogs":true,"interaction":{"idSuffix":"I"}},"clearTextFirst":true,"interactionType":"ENTER_TEXT"}]}
COMMAND: POST /session/ba2432913a596e5fc4fa14806f816f85/actions - {"actions":[{"id":"action44","type":"key","parameters":{},"actions":[{"type":"keyDown","value":"î€‡"},{"type":"pause","duration":10},{"type":"keyUp","value":"î€‡"}]}]}
RESULT: {"actions":[{"id":"action44","type":"key","parameters":{},"actions":[{"type":"keyDown","value":"î€‡"},{"type":"pause","duration":10},{"type":"keyUp","value":"î€‡"}]}]}
COMMAND: GET /session/ba2432913a596e5fc4fa14806f816f85/screenshot - {}
RESULT: {}
COMMAND: POST /session/ba2432913a596e5fc4fa14806f816f85/execute/async - {"script":"<script> [1562 bytes]","args":[{"selector":{"id":"application-managehandovers-display-component---AddNewHO--popup-sa","searchOpenDialogs":true,"interaction":{"idSuffix":"CbBg"}},"wdio_ui5_key":"applicationmanagehandovers-display-component---AddNewHO--popup-sa"}]}
RESULT: {"script":"<script> [1562 bytes]","args":[{"selector":{"id":"application-managehandovers-display-component---AddNewHO--popup-sa","searchOpenDialogs":true,"interaction":{"idSuffix":"CbBg"}},"wdio_ui5_key":"applicationmanagehandovers-display-component---AddNewHO--popup-sa"}]}
RESULT: undefined
COMMAND: POST /session/ba2432913a596e5fc4fa14806f816f85/element - {"using":"xpath","value":"//*[@id=\"application-managehandovers-display-component---AddNewHO--popup-sa\"]"}
RESULT: {"using":"xpath","value":"//*[@id=\"application-managehandovers-display-component---AddNewHO--popup-sa\"]"}
COMMAND: POST /session/ba2432913a596e5fc4fa14806f816f85/element/f.FF9A1E5259EB1E6B709B859A36B64A29.d.75AC5A5C338535DE183B54FCB3826803.e.11751/click - {}
RESULT: {}
COMMAND: GET /session/ba2432913a596e5fc4fa14806f816f85/screenshot - {}
RESULT: {}
COMMAND: POST /session/ba2432913a596e5fc4fa14806f816f85/element - {"using":"xpath","value":"//bdi[contains(text(), \"Select\")]"}
RESULT: {"using":"xpath","value":"//bdi[contains(text(), \"Select\")]"}
COMMAND: POST /session/ba2432913a596e5fc4fa14806f816f85/element/f.FF9A1E5259EB1E6B709B859A36B64A29.d.75AC5A5C338535DE183B54FCB3826803.e.11752/click - {}
RESULT: {}
COMMAND: GET /session/ba2432913a596e5fc4fa14806f816f85/screenshot - {}
RESULT: {}
COMMAND: POST /session/ba2432913a596e5fc4fa14806f816f85/element - {"using":"xpath","value":"//button[@data-kt=\"AddNewHOSaveButton\"]"}
RESULT: {"using":"xpath","value":"//button[@data-kt=\"AddNewHOSaveButton\"]"}
COMMAND: POST /session/ba2432913a596e5fc4fa14806f816f85/element/f.FF9A1E5259EB1E6B709B859A36B64A29.d.75AC5A5C338535DE183B54FCB3826803.e.11756/click - {}
RESULT: {}
COMMAND: GET /session/ba2432913a596e5fc4fa14806f816f85/screenshot - {}
RESULT: {}
COMMAND: POST /session/ba2432913a596e5fc4fa14806f816f85/execute/async - {"script":"<script> [1562 bytes]","args":[{"selector":{"id":"receiptDatePicker","viewName":"etm.portal.ui.managehandovers.view.DetailExecuteHO","interaction":{"idSuffix":"inner"}},"wdio_ui5_key":"receiptDatePickeretmportal.ui.managehandovers.view.DetailExecuteHO"}]}
RESULT: {"script":"<script> [1562 bytes]","args":[{"selector":{"id":"receiptDatePicker","viewName":"etm.portal.ui.managehandovers.view.DetailExecuteHO","interaction":{"idSuffix":"inner"}},"wdio_ui5_key":"receiptDatePickeretmportal.ui.managehandovers.view.DetailExecuteHO"}]}
RESULT: undefined
COMMAND: POST /session/ba2432913a596e5fc4fa14806f816f85/execute/async - {"script":"<script> [6424 bytes]","args":[{"element-6066-11e4-a52e-4f735466cecf":"f.FF9A1E5259EB1E6B709B859A36B64A29.d.75AC5A5C338535DE183B54FCB3826803.e.11785"},"setValue",["05/03/2025"]]}
RESULT: {"script":"<script> [6424 bytes]","args":[{"element-6066-11e4-a52e-4f735466cecf":"f.FF9A1E5259EB1E6B709B859A36B64A29.d.75AC5A5C338535DE183B54FCB3826803.e.11785"},"setValue",["05/03/2025"]]}
COMMAND: POST /session/ba2432913a596e5fc4fa14806f816f85/element - {"using":"xpath","value":"//button[@data-kt=\"PickingTableConfirmAllButton\"]"}
RESULT: {"using":"xpath","value":"//button[@data-kt=\"PickingTableConfirmAllButton\"]"}
COMMAND: POST /session/ba2432913a596e5fc4fa14806f816f85/element/f.FF9A1E5259EB1E6B709B859A36B64A29.d.75AC5A5C338535DE183B54FCB3826803.e.11800/click - {}
RESULT: {}
COMMAND: GET /session/ba2432913a596e5fc4fa14806f816f85/screenshot - {}
RESULT: {}
COMMAND: POST /session/ba2432913a596e5fc4fa14806f816f85/element - {"using":"xpath","value":"//bdi[contains(text(), \"OK\")]"}
RESULT: {"using":"xpath","value":"//bdi[contains(text(), \"OK\")]"}
COMMAND: POST /session/ba2432913a596e5fc4fa14806f816f85/element/f.FF9A1E5259EB1E6B709B859A36B64A29.d.75AC5A5C338535DE183B54FCB3826803.e.11802/click - {}
RESULT: {}
COMMAND: GET /session/ba2432913a596e5fc4fa14806f816f85/screenshot - {}
RESULT: {}
COMMAND: POST /session/ba2432913a596e5fc4fa14806f816f85/element - {"using":"xpath","value":"(//bdi[contains(text(), \"Receive\")])[2]"}
RESULT: {"using":"xpath","value":"(//bdi[contains(text(), \"Receive\")])[2]"}
COMMAND: POST /session/ba2432913a596e5fc4fa14806f816f85/element/f.FF9A1E5259EB1E6B709B859A36B64A29.d.75AC5A5C338535DE183B54FCB3826803.e.11804/click - {}
RESULT: {}
COMMAND: GET /session/ba2432913a596e5fc4fa14806f816f85/screenshot - {}
RESULT: {}
COMMAND: POST /session/ba2432913a596e5fc4fa14806f816f85/element - {"using":"css selector","value":"#shell-header-logo"}
RESULT: {"using":"css selector","value":"#shell-header-logo"}
COMMAND: POST /session/ba2432913a596e5fc4fa14806f816f85/element/f.FF9A1E5259EB1E6B709B859A36B64A29.d.75AC5A5C338535DE183B54FCB3826803.e.11188/click - {}
RESULT: {}
COMMAND: GET /session/ba2432913a596e5fc4fa14806f816f85/screenshot - {}
RESULT: {}
]]></system-out>
    </testcase>
    <testcase classname="chrome.135_0_7049_96.windows.Create_master_data_for_mixed_billing_&amp;_do_billing_calculation_US151661" name="Should create a new contract" time="87.977">
      <system-out><![CDATA[
COMMAND: POST /session/ba2432913a596e5fc4fa14806f816f85/execute/async - {"script":"<script> [1562 bytes]","args":[{"selector":{"controlType":"sap.m.Text","viewName":"etm.portal.ui.managecontractstile.view.Master","properties":{"text":"Manage Contracts"},"interaction":{"idSuffix":"inner"}},"wdio_ui5_key":"etmportal.ui.managecontractstile.view.Mastersap.m.Text{\"text\":\"Manage Contracts\"}"}]}
RESULT: {"script":"<script> [1562 bytes]","args":[{"selector":{"controlType":"sap.m.Text","viewName":"etm.portal.ui.managecontractstile.view.Master","properties":{"text":"Manage Contracts"},"interaction":{"idSuffix":"inner"}},"wdio_ui5_key":"etmportal.ui.managecontractstile.view.Mastersap.m.Text{\"text\":\"Manage Contracts\"}"}]}
RESULT: undefined
COMMAND: POST /session/ba2432913a596e5fc4fa14806f816f85/element - {"using":"xpath","value":"//*[@id=\"__tile133-title\"]"}
RESULT: {"using":"xpath","value":"//*[@id=\"__tile133-title\"]"}
COMMAND: POST /session/ba2432913a596e5fc4fa14806f816f85/element/f.FF9A1E5259EB1E6B709B859A36B64A29.d.75AC5A5C338535DE183B54FCB3826803.e.11969/click - {}
RESULT: {}
COMMAND: GET /session/ba2432913a596e5fc4fa14806f816f85/screenshot - {}
COMMAND: POST /session/ba2432913a596e5fc4fa14806f816f85/element - {"using":"xpath","value":"//button[@data-kt=\"addButton\"]"}
RESULT: {}
RESULT: {"using":"xpath","value":"//button[@data-kt=\"addButton\"]"}
COMMAND: POST /session/ba2432913a596e5fc4fa14806f816f85/elements - {"using":"xpath","value":"//button[@data-kt=\"addButton\"]"}
RESULT: {"using":"xpath","value":"//button[@data-kt=\"addButton\"]"}
COMMAND: POST /session/ba2432913a596e5fc4fa14806f816f85/elements - {"using":"xpath","value":"//button[@data-kt=\"addButton\"]"}
RESULT: {"using":"xpath","value":"//button[@data-kt=\"addButton\"]"}
COMMAND: POST /session/ba2432913a596e5fc4fa14806f816f85/element - {"using":"xpath","value":"//button[@data-kt=\"addButton\"]"}
RESULT: {"using":"xpath","value":"//button[@data-kt=\"addButton\"]"}
COMMAND: POST /session/ba2432913a596e5fc4fa14806f816f85/execute/sync - {"script":"<script> [8489 bytes]","args":[{"element-6066-11e4-a52e-4f735466cecf":"f.FF9A1E5259EB1E6B709B859A36B64A29.d.75AC5A5C338535DE183B54FCB3826803.e.12394","ELEMENT":"f.FF9A1E5259EB1E6B709B859A36B64A29.d.75AC5A5C338535DE183B54FCB3826803.e.12394"}]}
RESULT: {"script":"<script> [8489 bytes]","args":[{"element-6066-11e4-a52e-4f735466cecf":"f.FF9A1E5259EB1E6B709B859A36B64A29.d.75AC5A5C338535DE183B54FCB3826803.e.12394","ELEMENT":"f.FF9A1E5259EB1E6B709B859A36B64A29.d.75AC5A5C338535DE183B54FCB3826803.e.12394"}]}
COMMAND: GET /session/ba2432913a596e5fc4fa14806f816f85/element/f.FF9A1E5259EB1E6B709B859A36B64A29.d.75AC5A5C338535DE183B54FCB3826803.e.12394/enabled - {}
COMMAND: GET /session/ba2432913a596e5fc4fa14806f816f85/screenshot - {}
RESULT: {}
COMMAND: POST /session/ba2432913a596e5fc4fa14806f816f85/execute/sync - {"script":"<script> [8489 bytes]","args":[{"element-6066-11e4-a52e-4f735466cecf":"f.FF9A1E5259EB1E6B709B859A36B64A29.d.75AC5A5C338535DE183B54FCB3826803.e.12394","ELEMENT":"f.FF9A1E5259EB1E6B709B859A36B64A29.d.75AC5A5C338535DE183B54FCB3826803.e.12394"}]}
COMMAND: GET /session/ba2432913a596e5fc4fa14806f816f85/screenshot - {}
RESULT: {}
RESULT: {"script":"<script> [8489 bytes]","args":[{"element-6066-11e4-a52e-4f735466cecf":"f.FF9A1E5259EB1E6B709B859A36B64A29.d.75AC5A5C338535DE183B54FCB3826803.e.12394","ELEMENT":"f.FF9A1E5259EB1E6B709B859A36B64A29.d.75AC5A5C338535DE183B54FCB3826803.e.12394"}]}
COMMAND: POST /session/ba2432913a596e5fc4fa14806f816f85/execute/sync - {"script":"<script> [5351 bytes]","args":[{"element-6066-11e4-a52e-4f735466cecf":"f.FF9A1E5259EB1E6B709B859A36B64A29.d.75AC5A5C338535DE183B54FCB3826803.e.12394","ELEMENT":"f.FF9A1E5259EB1E6B709B859A36B64A29.d.75AC5A5C338535DE183B54FCB3826803.e.12394"}]}
COMMAND: GET /session/ba2432913a596e5fc4fa14806f816f85/screenshot - {}
RESULT: {}
RESULT: {"script":"<script> [5351 bytes]","args":[{"element-6066-11e4-a52e-4f735466cecf":"f.FF9A1E5259EB1E6B709B859A36B64A29.d.75AC5A5C338535DE183B54FCB3826803.e.12394","ELEMENT":"f.FF9A1E5259EB1E6B709B859A36B64A29.d.75AC5A5C338535DE183B54FCB3826803.e.12394"}]}
COMMAND: GET /session/ba2432913a596e5fc4fa14806f816f85/screenshot - {}
RESULT: {}
RESULT: {}
COMMAND: POST /session/ba2432913a596e5fc4fa14806f816f85/element/f.FF9A1E5259EB1E6B709B859A36B64A29.d.75AC5A5C338535DE183B54FCB3826803.e.12394/click - {}
RESULT: {}
COMMAND: GET /session/ba2432913a596e5fc4fa14806f816f85/screenshot - {}
RESULT: {}
COMMAND: POST /session/ba2432913a596e5fc4fa14806f816f85/execute/async - {"script":"<script> [1562 bytes]","args":[{"selector":{"id":"application-managecontracts-display-component---AddNewContract--projectDescription","interaction":{"idSuffix":"inner"}},"wdio_ui5_key":"applicationmanagecontracts-display-component---AddNewContract--projectDescription"}]}
RESULT: {"script":"<script> [1562 bytes]","args":[{"selector":{"id":"application-managecontracts-display-component---AddNewContract--projectDescription","interaction":{"idSuffix":"inner"}},"wdio_ui5_key":"applicationmanagecontracts-display-component---AddNewContract--projectDescription"}]}
RESULT: undefined
COMMAND: POST /session/ba2432913a596e5fc4fa14806f816f85/execute/async - {"script":"<script> [776 bytes]","args":[{"enterText":"Mixed Contract WDIO","selector":{"id":"application-managecontracts-display-component---AddNewContract--projectDescription","interaction":{"idSuffix":"inner"}},"clearTextFirst":true,"interactionType":"ENTER_TEXT"}]}
RESULT: {"script":"<script> [776 bytes]","args":[{"enterText":"Mixed Contract WDIO","selector":{"id":"application-managecontracts-display-component---AddNewContract--projectDescription","interaction":{"idSuffix":"inner"}},"clearTextFirst":true,"interactionType":"ENTER_TEXT"}]}
COMMAND: POST /session/ba2432913a596e5fc4fa14806f816f85/element - {"using":"xpath","value":"//input[@id=\"application-managecontracts-display-component---AddNewContract--site-inner\"]"}
RESULT: {"using":"xpath","value":"//input[@id=\"application-managecontracts-display-component---AddNewContract--site-inner\"]"}
COMMAND: POST /session/ba2432913a596e5fc4fa14806f816f85/element/f.FF9A1E5259EB1E6B709B859A36B64A29.d.75AC5A5C338535DE183B54FCB3826803.e.12484/clear - {}
RESULT: {}
COMMAND: POST /session/ba2432913a596e5fc4fa14806f816f85/element/f.FF9A1E5259EB1E6B709B859A36B64A29.d.75AC5A5C338535DE183B54FCB3826803.e.12484/value - {"text":"2365"}
COMMAND: GET /session/ba2432913a596e5fc4fa14806f816f85/screenshot - {}
RESULT: {"text":"2365"}
COMMAND: GET /session/ba2432913a596e5fc4fa14806f816f85/screenshot - {}
COMMAND: POST /session/ba2432913a596e5fc4fa14806f816f85/element - {"using":"xpath","value":"//li[.//span[text()='2365']]"}
RESULT: {}
RESULT: {}
RESULT: {"using":"xpath","value":"//li[.//span[text()='2365']]"}
COMMAND: POST /session/ba2432913a596e5fc4fa14806f816f85/element/f.FF9A1E5259EB1E6B709B859A36B64A29.d.75AC5A5C338535DE183B54FCB3826803.e.12507/click - {}
RESULT: {}
COMMAND: GET /session/ba2432913a596e5fc4fa14806f816f85/screenshot - {}
RESULT: {}
COMMAND: POST /session/ba2432913a596e5fc4fa14806f816f85/element - {"using":"xpath","value":"//input[@id=\"application-managecontracts-display-component---AddNewContract--yardId-inner\"]"}
RESULT: {"using":"xpath","value":"//input[@id=\"application-managecontracts-display-component---AddNewContract--yardId-inner\"]"}
COMMAND: GET /session/ba2432913a596e5fc4fa14806f816f85/element/f.FF9A1E5259EB1E6B709B859A36B64A29.d.75AC5A5C338535DE183B54FCB3826803.e.12485/property/value - {}
RESULT: {}
COMMAND: POST /session/ba2432913a596e5fc4fa14806f816f85/element - {"using":"xpath","value":"//input[@id=\"application-managecontracts-display-component---AddNewContract--customerSelect-inner\"]"}
COMMAND: GET /session/ba2432913a596e5fc4fa14806f816f85/screenshot - {}
RESULT: {"using":"xpath","value":"//input[@id=\"application-managecontracts-display-component---AddNewContract--customerSelect-inner\"]"}
COMMAND: POST /session/ba2432913a596e5fc4fa14806f816f85/element/f.FF9A1E5259EB1E6B709B859A36B64A29.d.75AC5A5C338535DE183B54FCB3826803.e.12483/clear - {}
RESULT: {}
RESULT: {}
COMMAND: POST /session/ba2432913a596e5fc4fa14806f816f85/element/f.FF9A1E5259EB1E6B709B859A36B64A29.d.75AC5A5C338535DE183B54FCB3826803.e.12483/value - {"text":"1405"}
COMMAND: GET /session/ba2432913a596e5fc4fa14806f816f85/screenshot - {}
RESULT: {"text":"1405"}
COMMAND: GET /session/ba2432913a596e5fc4fa14806f816f85/screenshot - {}
RESULT: {}
RESULT: {}
COMMAND: POST /session/ba2432913a596e5fc4fa14806f816f85/element - {"using":"xpath","value":"//li[.//span[text()='1405']]"}
RESULT: {"using":"xpath","value":"//li[.//span[text()='1405']]"}
COMMAND: POST /session/ba2432913a596e5fc4fa14806f816f85/element/f.FF9A1E5259EB1E6B709B859A36B64A29.d.75AC5A5C338535DE183B54FCB3826803.e.12510/click - {}
RESULT: {}
COMMAND: GET /session/ba2432913a596e5fc4fa14806f816f85/screenshot - {}
RESULT: {}
COMMAND: POST /session/ba2432913a596e5fc4fa14806f816f85/element - {"using":"xpath","value":"//button[@data-kt=\"saveButton\"]"}
RESULT: {"using":"xpath","value":"//button[@data-kt=\"saveButton\"]"}
COMMAND: POST /session/ba2432913a596e5fc4fa14806f816f85/element/f.FF9A1E5259EB1E6B709B859A36B64A29.d.75AC5A5C338535DE183B54FCB3826803.e.12500/click - {}
RESULT: {}
COMMAND: GET /session/ba2432913a596e5fc4fa14806f816f85/screenshot - {}
RESULT: {}
COMMAND: POST /session/ba2432913a596e5fc4fa14806f816f85/element - {"using":"xpath","value":"//span[contains(@id ,\"contractDetailTitleNoExpanded\")]"}
RESULT: {"using":"xpath","value":"//span[contains(@id ,\"contractDetailTitleNoExpanded\")]"}
COMMAND: POST /session/ba2432913a596e5fc4fa14806f816f85/elements - {"using":"xpath","value":"//span[contains(@id ,\"contractDetailTitleNoExpanded\")]"}
RESULT: {"using":"xpath","value":"//span[contains(@id ,\"contractDetailTitleNoExpanded\")]"}
COMMAND: POST /session/ba2432913a596e5fc4fa14806f816f85/execute/sync - {"script":"<script> [56 bytes]","args":[{"element-6066-11e4-a52e-4f735466cecf":"f.FF9A1E5259EB1E6B709B859A36B64A29.d.75AC5A5C338535DE183B54FCB3826803.e.12582","ELEMENT":"f.FF9A1E5259EB1E6B709B859A36B64A29.d.75AC5A5C338535DE183B54FCB3826803.e.12582"}]}
RESULT: {"script":"<script> [56 bytes]","args":[{"element-6066-11e4-a52e-4f735466cecf":"f.FF9A1E5259EB1E6B709B859A36B64A29.d.75AC5A5C338535DE183B54FCB3826803.e.12582","ELEMENT":"f.FF9A1E5259EB1E6B709B859A36B64A29.d.75AC5A5C338535DE183B54FCB3826803.e.12582"}]}
COMMAND: GET /session/ba2432913a596e5fc4fa14806f816f85/screenshot - {}
RESULT: {}
]]></system-out>
    </testcase>
    <testcase classname="chrome.135_0_7049_96.windows.Create_master_data_for_mixed_billing_&amp;_do_billing_calculation_US151661" name="Should add equipment to the contract" time="48.602">
      <system-out><![CDATA[
COMMAND: POST /session/ba2432913a596e5fc4fa14806f816f85/element - {"using":"xpath","value":"//button[@data-kt=\"contractDetailEditBtnButton\"]"}
RESULT: {"using":"xpath","value":"//button[@data-kt=\"contractDetailEditBtnButton\"]"}
COMMAND: POST /session/ba2432913a596e5fc4fa14806f816f85/element/f.FF9A1E5259EB1E6B709B859A36B64A29.d.75AC5A5C338535DE183B54FCB3826803.e.12584/click - {}
RESULT: {}
COMMAND: GET /session/ba2432913a596e5fc4fa14806f816f85/screenshot - {}
RESULT: {}
COMMAND: POST /session/ba2432913a596e5fc4fa14806f816f85/element - {"using":"xpath","value":"(//span[contains(text(), \"Additional Addresses\")])[2]"}
RESULT: {"using":"xpath","value":"(//span[contains(text(), \"Additional Addresses\")])[2]"}
COMMAND: POST /session/ba2432913a596e5fc4fa14806f816f85/element/f.FF9A1E5259EB1E6B709B859A36B64A29.d.75AC5A5C338535DE183B54FCB3826803.e.12642/click - {}
RESULT: {}
COMMAND: GET /session/ba2432913a596e5fc4fa14806f816f85/screenshot - {}
RESULT: {}
COMMAND: POST /session/ba2432913a596e5fc4fa14806f816f85/element - {"using":"xpath","value":"//button[@data-kt=\"btnAddTableRowOverflowToolbarButton\"]"}
RESULT: {"using":"xpath","value":"//button[@data-kt=\"btnAddTableRowOverflowToolbarButton\"]"}
COMMAND: POST /session/ba2432913a596e5fc4fa14806f816f85/element/f.FF9A1E5259EB1E6B709B859A36B64A29.d.75AC5A5C338535DE183B54FCB3826803.e.12644/click - {}
RESULT: {}
COMMAND: GET /session/ba2432913a596e5fc4fa14806f816f85/screenshot - {}
RESULT: {}
COMMAND: POST /session/ba2432913a596e5fc4fa14806f816f85/element - {"using":"xpath","value":"//div[(text() = 'Standard Entry' or . = 'Standard Entry')]"}
RESULT: {"using":"xpath","value":"//div[(text() = 'Standard Entry' or . = 'Standard Entry')]"}
COMMAND: POST /session/ba2432913a596e5fc4fa14806f816f85/element/f.FF9A1E5259EB1E6B709B859A36B64A29.d.75AC5A5C338535DE183B54FCB3826803.e.12646/click - {}
RESULT: {}
COMMAND: GET /session/ba2432913a596e5fc4fa14806f816f85/screenshot - {}
RESULT: {}
COMMAND: POST /session/ba2432913a596e5fc4fa14806f816f85/element - {"using":"xpath","value":"//td[7]/div/div/input"}
RESULT: {"using":"xpath","value":"//td[7]/div/div/input"}
COMMAND: POST /session/ba2432913a596e5fc4fa14806f816f85/element/f.FF9A1E5259EB1E6B709B859A36B64A29.d.75AC5A5C338535DE183B54FCB3826803.e.12655/clear - {}
RESULT: {}
COMMAND: POST /session/ba2432913a596e5fc4fa14806f816f85/element/f.FF9A1E5259EB1E6B709B859A36B64A29.d.75AC5A5C338535DE183B54FCB3826803.e.12655/value - {"text":"7De4XGRdGw"}
COMMAND: GET /session/ba2432913a596e5fc4fa14806f816f85/screenshot - {}
RESULT: {"text":"7De4XGRdGw"}
COMMAND: GET /session/ba2432913a596e5fc4fa14806f816f85/screenshot - {}
RESULT: {}
RESULT: {}
COMMAND: POST /session/ba2432913a596e5fc4fa14806f816f85/actions - {"actions":[{"id":"action45","type":"key","parameters":{},"actions":[{"type":"keyDown","value":"î€‡"},{"type":"pause","duration":10},{"type":"keyUp","value":"î€‡"}]}]}
RESULT: {"actions":[{"id":"action45","type":"key","parameters":{},"actions":[{"type":"keyDown","value":"î€‡"},{"type":"pause","duration":10},{"type":"keyUp","value":"î€‡"}]}]}
COMMAND: GET /session/ba2432913a596e5fc4fa14806f816f85/screenshot - {}
COMMAND: POST /session/ba2432913a596e5fc4fa14806f816f85/execute/sync - {"script":"<script> [276 bytes]","args":["No pricing information was found"]}
RESULT: {}
RESULT: {"script":"<script> [276 bytes]","args":["No pricing information was found"]}
COMMAND: POST /session/ba2432913a596e5fc4fa14806f816f85/element - {"using":"xpath","value":"(//button[@data-kt=\"saveButton\"])[2]"}
RESULT: {"using":"xpath","value":"(//button[@data-kt=\"saveButton\"])[2]"}
COMMAND: POST /session/ba2432913a596e5fc4fa14806f816f85/element/f.FF9A1E5259EB1E6B709B859A36B64A29.d.75AC5A5C338535DE183B54FCB3826803.e.12670/click - {}
COMMAND: GET /session/ba2432913a596e5fc4fa14806f816f85/screenshot - {}
RESULT: {}
RESULT: {}
COMMAND: GET /session/ba2432913a596e5fc4fa14806f816f85/screenshot - {}
RESULT: {}
COMMAND: POST /session/ba2432913a596e5fc4fa14806f816f85/execute/sync - {"script":"<script> [276 bytes]","args":["Some contract items are having rental validity exceeding header rental validity"]}
RESULT: {"script":"<script> [276 bytes]","args":["Some contract items are having rental validity exceeding header rental validity"]}
COMMAND: GET /session/ba2432913a596e5fc4fa14806f816f85/screenshot - {}
RESULT: {}
COMMAND: POST /session/ba2432913a596e5fc4fa14806f816f85/element - {"using":"xpath","value":"//span[contains(@id ,\"contractItemsSmartTable-header-inner\")]"}
RESULT: {"using":"xpath","value":"//span[contains(@id ,\"contractItemsSmartTable-header-inner\")]"}
COMMAND: POST /session/ba2432913a596e5fc4fa14806f816f85/elements - {"using":"xpath","value":"//span[contains(@id ,\"contractItemsSmartTable-header-inner\")]"}
RESULT: {"using":"xpath","value":"//span[contains(@id ,\"contractItemsSmartTable-header-inner\")]"}
COMMAND: POST /session/ba2432913a596e5fc4fa14806f816f85/execute/sync - {"script":"<script> [56 bytes]","args":[{"element-6066-11e4-a52e-4f735466cecf":"f.FF9A1E5259EB1E6B709B859A36B64A29.d.75AC5A5C338535DE183B54FCB3826803.e.12676","ELEMENT":"f.FF9A1E5259EB1E6B709B859A36B64A29.d.75AC5A5C338535DE183B54FCB3826803.e.12676"}]}
RESULT: {"script":"<script> [56 bytes]","args":[{"element-6066-11e4-a52e-4f735466cecf":"f.FF9A1E5259EB1E6B709B859A36B64A29.d.75AC5A5C338535DE183B54FCB3826803.e.12676","ELEMENT":"f.FF9A1E5259EB1E6B709B859A36B64A29.d.75AC5A5C338535DE183B54FCB3826803.e.12676"}]}
]]></system-out>
    </testcase>
    <testcase classname="chrome.135_0_7049_96.windows.Create_master_data_for_mixed_billing_&amp;_do_billing_calculation_US151661" name="Should do a provide to site handover" time="73.699">
      <system-out><![CDATA[
COMMAND: POST /session/ba2432913a596e5fc4fa14806f816f85/element - {"using":"xpath","value":"//button[@data-kt=\"provideButton\"]"}
COMMAND: GET /session/ba2432913a596e5fc4fa14806f816f85/screenshot - {}
RESULT: {"using":"xpath","value":"//button[@data-kt=\"provideButton\"]"}
COMMAND: POST /session/ba2432913a596e5fc4fa14806f816f85/element/f.FF9A1E5259EB1E6B709B859A36B64A29.d.75AC5A5C338535DE183B54FCB3826803.e.12677/click - {}
RESULT: {}
RESULT: {}
COMMAND: GET /session/ba2432913a596e5fc4fa14806f816f85/screenshot - {}
RESULT: undefined
COMMAND: POST /session/ba2432913a596e5fc4fa14806f816f85/execute/async - {"script":"<script> [6424 bytes]","args":[{"element-6066-11e4-a52e-4f735466cecf":"f.FF9A1E5259EB1E6B709B859A36B64A29.d.75AC5A5C338535DE183B54FCB3826803.e.11568"},"setValue",["05/03/2025"]]}
RESULT: {}
COMMAND: POST /session/ba2432913a596e5fc4fa14806f816f85/execute/async - {"script":"<script> [1562 bytes]","args":[{"selector":{"id":"application-managehandovers-display-component---AddNewHO--dueDate","interaction":{"idSuffix":"inner"}},"wdio_ui5_key":"applicationmanagehandovers-display-component---AddNewHO--dueDate"}]}
RESULT: {"script":"<script> [1562 bytes]","args":[{"selector":{"id":"application-managehandovers-display-component---AddNewHO--dueDate","interaction":{"idSuffix":"inner"}},"wdio_ui5_key":"applicationmanagehandovers-display-component---AddNewHO--dueDate"}]}
COMMAND: POST /session/ba2432913a596e5fc4fa14806f816f85/execute/async - {"script":"<script> [6424 bytes]","args":[{"element-6066-11e4-a52e-4f735466cecf":"f.FF9A1E5259EB1E6B709B859A36B64A29.d.75AC5A5C338535DE183B54FCB3826803.e.12740"},"setValue",["05/03/2025"]]}
RESULT: {"script":"<script> [6424 bytes]","args":[{"element-6066-11e4-a52e-4f735466cecf":"f.FF9A1E5259EB1E6B709B859A36B64A29.d.75AC5A5C338535DE183B54FCB3826803.e.12740"},"setValue",["05/03/2025"]]}
COMMAND: POST /session/ba2432913a596e5fc4fa14806f816f85/element - {"using":"xpath","value":"//bdi[contains(text(), \"Instructions\")]"}
RESULT: {"using":"xpath","value":"//bdi[contains(text(), \"Instructions\")]"}
COMMAND: POST /session/ba2432913a596e5fc4fa14806f816f85/element/f.FF9A1E5259EB1E6B709B859A36B64A29.d.75AC5A5C338535DE183B54FCB3826803.e.12957/click - {}
RESULT: {}
COMMAND: GET /session/ba2432913a596e5fc4fa14806f816f85/screenshot - {}
RESULT: {}
COMMAND: POST /session/ba2432913a596e5fc4fa14806f816f85/element - {"using":"xpath","value":"//button[@data-kt=\"AddNewHOProvideAddItemsButton\"]"}
RESULT: {"using":"xpath","value":"//button[@data-kt=\"AddNewHOProvideAddItemsButton\"]"}
COMMAND: POST /session/ba2432913a596e5fc4fa14806f816f85/element/f.FF9A1E5259EB1E6B709B859A36B64A29.d.75AC5A5C338535DE183B54FCB3826803.e.12961/click - {}
RESULT: {}
COMMAND: GET /session/ba2432913a596e5fc4fa14806f816f85/screenshot - {}
RESULT: {}
RESULT: undefined
COMMAND: POST /session/ba2432913a596e5fc4fa14806f816f85/element - {"using":"xpath","value":"//*[@id=\"application-managehandovers-display-component---AddNewHO--popup-sa\"]"}
RESULT: {"using":"xpath","value":"//*[@id=\"application-managehandovers-display-component---AddNewHO--popup-sa\"]"}
COMMAND: POST /session/ba2432913a596e5fc4fa14806f816f85/element/f.FF9A1E5259EB1E6B709B859A36B64A29.d.75AC5A5C338535DE183B54FCB3826803.e.12971/click - {}
RESULT: {}
COMMAND: GET /session/ba2432913a596e5fc4fa14806f816f85/screenshot - {}
RESULT: {}
COMMAND: POST /session/ba2432913a596e5fc4fa14806f816f85/element - {"using":"xpath","value":"//*[contains(@id ,\"BDI-content\")][contains(text(), \"Select\")]"}
RESULT: {"using":"xpath","value":"//*[contains(@id ,\"BDI-content\")][contains(text(), \"Select\")]"}
COMMAND: POST /session/ba2432913a596e5fc4fa14806f816f85/element/f.FF9A1E5259EB1E6B709B859A36B64A29.d.75AC5A5C338535DE183B54FCB3826803.e.12972/click - {}
RESULT: {}
COMMAND: GET /session/ba2432913a596e5fc4fa14806f816f85/screenshot - {}
RESULT: {}
COMMAND: POST /session/ba2432913a596e5fc4fa14806f816f85/execute/async - {"script":"<script> [1562 bytes]","args":[{"selector":{"id":"application-managehandovers-display-component---AddNewHO--confirmCreationButton","interaction":{"idSuffix":"BDI-content"}},"wdio_ui5_key":"applicationmanagehandovers-display-component---AddNewHO--confirmCreationButton"}]}
RESULT: {"script":"<script> [1562 bytes]","args":[{"selector":{"id":"application-managehandovers-display-component---AddNewHO--confirmCreationButton","interaction":{"idSuffix":"BDI-content"}},"wdio_ui5_key":"applicationmanagehandovers-display-component---AddNewHO--confirmCreationButton"}]}
RESULT: undefined
COMMAND: POST /session/ba2432913a596e5fc4fa14806f816f85/element - {"using":"xpath","value":"//*[@id=\"application-managehandovers-display-component---AddNewHO--confirmCreationButton\"]"}
RESULT: {"using":"xpath","value":"//*[@id=\"application-managehandovers-display-component---AddNewHO--confirmCreationButton\"]"}
COMMAND: POST /session/ba2432913a596e5fc4fa14806f816f85/element/f.FF9A1E5259EB1E6B709B859A36B64A29.d.75AC5A5C338535DE183B54FCB3826803.e.12766/click - {}
RESULT: {}
COMMAND: GET /session/ba2432913a596e5fc4fa14806f816f85/screenshot - {}
RESULT: {}
COMMAND: POST /session/ba2432913a596e5fc4fa14806f816f85/element - {"using":"xpath","value":"//button[@data-kt=\"PickingTableConfirmAllButton\"]"}
RESULT: {"using":"xpath","value":"//button[@data-kt=\"PickingTableConfirmAllButton\"]"}
COMMAND: POST /session/ba2432913a596e5fc4fa14806f816f85/elements - {"using":"xpath","value":"//button[@data-kt=\"PickingTableConfirmAllButton\"]"}
RESULT: {"using":"xpath","value":"//button[@data-kt=\"PickingTableConfirmAllButton\"]"}
COMMAND: POST /session/ba2432913a596e5fc4fa14806f816f85/elements - {"using":"xpath","value":"//button[@data-kt=\"PickingTableConfirmAllButton\"]"}
RESULT: {"using":"xpath","value":"//button[@data-kt=\"PickingTableConfirmAllButton\"]"}
COMMAND: POST /session/ba2432913a596e5fc4fa14806f816f85/elements - {"using":"xpath","value":"//button[@data-kt=\"PickingTableConfirmAllButton\"]"}
RESULT: {"using":"xpath","value":"//button[@data-kt=\"PickingTableConfirmAllButton\"]"}
COMMAND: POST /session/ba2432913a596e5fc4fa14806f816f85/elements - {"using":"xpath","value":"//button[@data-kt=\"PickingTableConfirmAllButton\"]"}
RESULT: {"using":"xpath","value":"//button[@data-kt=\"PickingTableConfirmAllButton\"]"}
COMMAND: POST /session/ba2432913a596e5fc4fa14806f816f85/element - {"using":"xpath","value":"//button[@data-kt=\"PickingTableConfirmAllButton\"]"}
RESULT: {"using":"xpath","value":"//button[@data-kt=\"PickingTableConfirmAllButton\"]"}
COMMAND: POST /session/ba2432913a596e5fc4fa14806f816f85/element/f.FF9A1E5259EB1E6B709B859A36B64A29.d.75AC5A5C338535DE183B54FCB3826803.e.13027/click - {}
COMMAND: POST /session/ba2432913a596e5fc4fa14806f816f85/element - {"using":"xpath","value":"//button[@data-kt=\"PickingTableConfirmAllButton\"]"}
RESULT: {"using":"xpath","value":"//button[@data-kt=\"PickingTableConfirmAllButton\"]"}
COMMAND: POST /session/ba2432913a596e5fc4fa14806f816f85/element/f.FF9A1E5259EB1E6B709B859A36B64A29.d.75AC5A5C338535DE183B54FCB3826803.e.13027/click - {}
COMMAND: POST /session/ba2432913a596e5fc4fa14806f816f85/element - {"using":"xpath","value":"//button[@data-kt=\"PickingTableConfirmAllButton\"]"}
RESULT: {"using":"xpath","value":"//button[@data-kt=\"PickingTableConfirmAllButton\"]"}
COMMAND: POST /session/ba2432913a596e5fc4fa14806f816f85/element/f.FF9A1E5259EB1E6B709B859A36B64A29.d.75AC5A5C338535DE183B54FCB3826803.e.13049/click - {}
RESULT: {}
COMMAND: GET /session/ba2432913a596e5fc4fa14806f816f85/screenshot - {}
RESULT: {}
COMMAND: POST /session/ba2432913a596e5fc4fa14806f816f85/element - {"using":"xpath","value":"//bdi[contains(text(), \"OK\")]"}
RESULT: {"using":"xpath","value":"//bdi[contains(text(), \"OK\")]"}
COMMAND: POST /session/ba2432913a596e5fc4fa14806f816f85/element/f.FF9A1E5259EB1E6B709B859A36B64A29.d.75AC5A5C338535DE183B54FCB3826803.e.13052/click - {}
RESULT: {}
COMMAND: GET /session/ba2432913a596e5fc4fa14806f816f85/screenshot - {}
RESULT: {}
COMMAND: POST /session/ba2432913a596e5fc4fa14806f816f85/element - {"using":"xpath","value":"//bdi[contains(text(), \"Ok\")]"}
RESULT: {"using":"xpath","value":"//bdi[contains(text(), \"Ok\")]"}
COMMAND: POST /session/ba2432913a596e5fc4fa14806f816f85/element/f.FF9A1E5259EB1E6B709B859A36B64A29.d.75AC5A5C338535DE183B54FCB3826803.e.13060/click - {}
RESULT: {}
COMMAND: GET /session/ba2432913a596e5fc4fa14806f816f85/screenshot - {}
RESULT: {}
COMMAND: POST /session/ba2432913a596e5fc4fa14806f816f85/element - {"using":"xpath","value":"//bdi[contains(text(), \"Issue\")]"}
RESULT: {"using":"xpath","value":"//bdi[contains(text(), \"Issue\")]"}
COMMAND: POST /session/ba2432913a596e5fc4fa14806f816f85/element/f.FF9A1E5259EB1E6B709B859A36B64A29.d.75AC5A5C338535DE183B54FCB3826803.e.13062/click - {}
RESULT: {}
COMMAND: GET /session/ba2432913a596e5fc4fa14806f816f85/screenshot - {}
RESULT: {}
COMMAND: POST /session/ba2432913a596e5fc4fa14806f816f85/element - {"using":"css selector","value":"#shell-header-logo"}
RESULT: {"using":"css selector","value":"#shell-header-logo"}
COMMAND: POST /session/ba2432913a596e5fc4fa14806f816f85/element/f.FF9A1E5259EB1E6B709B859A36B64A29.d.75AC5A5C338535DE183B54FCB3826803.e.11987/click - {}
RESULT: {}
COMMAND: GET /session/ba2432913a596e5fc4fa14806f816f85/screenshot - {}
RESULT: {}
]]></system-out>
    </testcase>
    <testcase classname="chrome.135_0_7049_96.windows.Create_master_data_for_mixed_billing_&amp;_do_billing_calculation_US151661" name="Should create a few performance documents" time="108.399">
      <system-out><![CDATA[
COMMAND: POST /session/ba2432913a596e5fc4fa14806f816f85/window/fullscreen - {}
RESULT: {}
COMMAND: POST /session/ba2432913a596e5fc4fa14806f816f85/execute/async - {"script":"<script> [1562 bytes]","args":[{"selector":{"controlType":"sap.m.GenericTile","properties":{"header":"Manage States & Performance"}},"wdio_ui5_key":"sapm.GenericTile{\"header\":\"Manage States & Performance\"}"}]}
RESULT: {"script":"<script> [1562 bytes]","args":[{"selector":{"controlType":"sap.m.GenericTile","properties":{"header":"Manage States & Performance"}},"wdio_ui5_key":"sapm.GenericTile{\"header\":\"Manage States & Performance\"}"}]}
RESULT: undefined
COMMAND: POST /session/ba2432913a596e5fc4fa14806f816f85/element - {"using":"xpath","value":"//*[@id=\"__tile96\"]"}
RESULT: {"using":"xpath","value":"//*[@id=\"__tile96\"]"}
COMMAND: POST /session/ba2432913a596e5fc4fa14806f816f85/element/f.FF9A1E5259EB1E6B709B859A36B64A29.d.75AC5A5C338535DE183B54FCB3826803.e.8566/click - {}
RESULT: {}
COMMAND: POST /session/ba2432913a596e5fc4fa14806f816f85/execute/async - {"script":"<script> [1562 bytes]","args":[{"selector":{"id":"application-managestatesandperformance-display-component---stateAndPerform--smartFilterBarResources-btnBasicSearch","interaction":{"idSuffix":"I"}},"wdio_ui5_key":"applicationmanagestatesandperformance-display-component---stateAndPerform--smartFilterBarResources-btnBasicSearch"}]}
COMMAND: GET /session/ba2432913a596e5fc4fa14806f816f85/screenshot - {}
RESULT: {"script":"<script> [1562 bytes]","args":[{"selector":{"id":"application-managestatesandperformance-display-component---stateAndPerform--smartFilterBarResources-btnBasicSearch","interaction":{"idSuffix":"I"}},"wdio_ui5_key":"applicationmanagestatesandperformance-display-component---stateAndPerform--smartFilterBarResources-btnBasicSearch"}]}
RESULT: undefined
COMMAND: POST /session/ba2432913a596e5fc4fa14806f816f85/execute/async - {"script":"<script> [776 bytes]","args":[{"enterText":"7De4XGRdGw","selector":{"id":"application-managestatesandperformance-display-component---stateAndPerform--smartFilterBarResources-btnBasicSearch","interaction":{"idSuffix":"I"}},"clearTextFirst":true,"interactionType":"ENTER_TEXT"}]}
RESULT: {}
RESULT: {"script":"<script> [776 bytes]","args":[{"enterText":"7De4XGRdGw","selector":{"id":"application-managestatesandperformance-display-component---stateAndPerform--smartFilterBarResources-btnBasicSearch","interaction":{"idSuffix":"I"}},"clearTextFirst":true,"interactionType":"ENTER_TEXT"}]}
COMMAND: POST /session/ba2432913a596e5fc4fa14806f816f85/actions - {"actions":[{"id":"action46","type":"key","parameters":{},"actions":[{"type":"keyDown","value":"î€‡"},{"type":"pause","duration":10},{"type":"keyUp","value":"î€‡"}]}]}
RESULT: {"actions":[{"id":"action46","type":"key","parameters":{},"actions":[{"type":"keyDown","value":"î€‡"},{"type":"pause","duration":10},{"type":"keyUp","value":"î€‡"}]}]}
COMMAND: GET /session/ba2432913a596e5fc4fa14806f816f85/screenshot - {}
RESULT: {}
COMMAND: POST /session/ba2432913a596e5fc4fa14806f816f85/execute/async - {"script":"<script> [1562 bytes]","args":[{"selector":{"id":"application-managestatesandperformance-display-component---stateAndPerform--stateAndPerformResourcesSmartTable-header"},"wdio_ui5_key":"applicationmanagestatesandperformance-display-component---stateAndPerform--stateAndPerformResourcesSmartTable-header"}]}
RESULT: {"script":"<script> [1562 bytes]","args":[{"selector":{"id":"application-managestatesandperformance-display-component---stateAndPerform--stateAndPerformResourcesSmartTable-header"},"wdio_ui5_key":"applicationmanagestatesandperformance-display-component---stateAndPerform--stateAndPerformResourcesSmartTable-header"}]}
RESULT: undefined
COMMAND: POST /session/ba2432913a596e5fc4fa14806f816f85/execute/async - {"script":"<script> [6424 bytes]","args":[{"element-6066-11e4-a52e-4f735466cecf":"f.FF9A1E5259EB1E6B709B859A36B64A29.d.75AC5A5C338535DE183B54FCB3826803.e.13357"},"getText",[]]}
RESULT: {"script":"<script> [6424 bytes]","args":[{"element-6066-11e4-a52e-4f735466cecf":"f.FF9A1E5259EB1E6B709B859A36B64A29.d.75AC5A5C338535DE183B54FCB3826803.e.13357"},"getText",[]]}
COMMAND: POST /session/ba2432913a596e5fc4fa14806f816f85/execute/async - {"script":"<script> [1562 bytes]","args":[{"selector":{"controlType":"sap.ui.core.Icon","viewName":"etm.portal.ui.managestatesandperformance.view.Master","viewId":"application-managestatesandperformance-display-component---stateAndPerform","properties":{"src":{"regex":{"source":"slim\\-arrow\\-right"}}}},"wdio_ui5_key":"etmportal.ui.managestatesandperformance.view.Mastersap.ui.core.Icon{\"src\":{\"regex\":{\"source\":\"slim\\\\-arrow\\\\-right\"}}}"}]}
RESULT: {"script":"<script> [1562 bytes]","args":[{"selector":{"controlType":"sap.ui.core.Icon","viewName":"etm.portal.ui.managestatesandperformance.view.Master","viewId":"application-managestatesandperformance-display-component---stateAndPerform","properties":{"src":{"regex":{"source":"slim\\-arrow\\-right"}}}},"wdio_ui5_key":"etmportal.ui.managestatesandperformance.view.Mastersap.ui.core.Icon{\"src\":{\"regex\":{\"source\":\"slim\\\\-arrow\\\\-right\"}}}"}]}
RESULT: undefined
COMMAND: POST /session/ba2432913a596e5fc4fa14806f816f85/element - {"using":"xpath","value":"//*[@id=\"__item3752-__clone11365-imgNav\"]"}
RESULT: {"using":"xpath","value":"//*[@id=\"__item3752-__clone11365-imgNav\"]"}
COMMAND: POST /session/ba2432913a596e5fc4fa14806f816f85/element/f.FF9A1E5259EB1E6B709B859A36B64A29.d.75AC5A5C338535DE183B54FCB3826803.e.13356/click - {}
RESULT: {}
COMMAND: GET /session/ba2432913a596e5fc4fa14806f816f85/screenshot - {}
COMMAND: POST /session/ba2432913a596e5fc4fa14806f816f85/execute/async - {"script":"<script> [1562 bytes]","args":[{"selector":{"controlType":"sap.m.Button","viewName":"etm.portal.ui.managestatesandperformance.view.Detail","viewId":"application-managestatesandperformance-display-component---detailStateAndPerform","properties":{"text":"Performance Documents"}},"wdio_ui5_key":"etmportal.ui.managestatesandperformance.view.Detailsap.m.Button{\"text\":\"Performance Documents\"}"}]}
RESULT: {}
RESULT: {"script":"<script> [1562 bytes]","args":[{"selector":{"controlType":"sap.m.Button","viewName":"etm.portal.ui.managestatesandperformance.view.Detail","viewId":"application-managestatesandperformance-display-component---detailStateAndPerform","properties":{"text":"Performance Documents"}},"wdio_ui5_key":"etmportal.ui.managestatesandperformance.view.Detailsap.m.Button{\"text\":\"Performance Documents\"}"}]}
RESULT: undefined
COMMAND: POST /session/ba2432913a596e5fc4fa14806f816f85/element - {"using":"xpath","value":"//*[@id=\"__item3775-button\"]"}
RESULT: {"using":"xpath","value":"//*[@id=\"__item3775-button\"]"}
COMMAND: POST /session/ba2432913a596e5fc4fa14806f816f85/element/f.FF9A1E5259EB1E6B709B859A36B64A29.d.75AC5A5C338535DE183B54FCB3826803.e.13402/click - {}
RESULT: {}
COMMAND: POST /session/ba2432913a596e5fc4fa14806f816f85/execute/async - {"script":"<script> [1562 bytes]","args":[{"selector":{"controlType":"sap.m.Button","viewName":"etm.portal.ui.managestatesandperformance.view.Detail","viewId":"application-managestatesandperformance-display-component---detailStateAndPerform","i18NText":{"propertyName":"text","key":"createPerformanceDoc"},"interaction":{"idSuffix":"BDI-content"}},"wdio_ui5_key":"etmportal.ui.managestatesandperformance.view.Detailsap.m.Button{\"propertyName\":\"text\",\"key\":\"createPerformanceDoc\"}"}]}
COMMAND: GET /session/ba2432913a596e5fc4fa14806f816f85/screenshot - {}
RESULT: {"script":"<script> [1562 bytes]","args":[{"selector":{"controlType":"sap.m.Button","viewName":"etm.portal.ui.managestatesandperformance.view.Detail","viewId":"application-managestatesandperformance-display-component---detailStateAndPerform","i18NText":{"propertyName":"text","key":"createPerformanceDoc"},"interaction":{"idSuffix":"BDI-content"}},"wdio_ui5_key":"etmportal.ui.managestatesandperformance.view.Detailsap.m.Button{\"propertyName\":\"text\",\"key\":\"createPerformanceDoc\"}"}]}
RESULT: undefined
COMMAND: POST /session/ba2432913a596e5fc4fa14806f816f85/element - {"using":"xpath","value":"//*[@id=\"__button367\"]"}
RESULT: {}
RESULT: {"using":"xpath","value":"//*[@id=\"__button367\"]"}
COMMAND: POST /session/ba2432913a596e5fc4fa14806f816f85/element/f.FF9A1E5259EB1E6B709B859A36B64A29.d.75AC5A5C338535DE183B54FCB3826803.e.13407/click - {}
RESULT: {}
COMMAND: POST /session/ba2432913a596e5fc4fa14806f816f85/execute/async - {"script":"<script> [1562 bytes]","args":[{"selector":{"id":"application-managestatesandperformance-display-component---detailStateAndPerform--perfDocDatePicker","searchOpenDialogs":true,"interaction":{"idSuffix":"inner"}},"wdio_ui5_key":"applicationmanagestatesandperformance-display-component---detailStateAndPerform--perfDocDatePicker"}]}
COMMAND: GET /session/ba2432913a596e5fc4fa14806f816f85/screenshot - {}
RESULT: {"script":"<script> [1562 bytes]","args":[{"selector":{"id":"application-managestatesandperformance-display-component---detailStateAndPerform--perfDocDatePicker","searchOpenDialogs":true,"interaction":{"idSuffix":"inner"}},"wdio_ui5_key":"applicationmanagestatesandperformance-display-component---detailStateAndPerform--perfDocDatePicker"}]}
RESULT: undefined
COMMAND: POST /session/ba2432913a596e5fc4fa14806f816f85/execute/async - {"script":"<script> [776 bytes]","args":[{"enterText":"05/05/25","selector":{"id":"application-managestatesandperformance-display-component---detailStateAndPerform--perfDocDatePicker","searchOpenDialogs":true,"interaction":{"idSuffix":"inner"}},"clearTextFirst":true,"interactionType":"ENTER_TEXT"}]}
RESULT: {}
RESULT: {"script":"<script> [776 bytes]","args":[{"enterText":"05/05/25","selector":{"id":"application-managestatesandperformance-display-component---detailStateAndPerform--perfDocDatePicker","searchOpenDialogs":true,"interaction":{"idSuffix":"inner"}},"clearTextFirst":true,"interactionType":"ENTER_TEXT"}]}
COMMAND: POST /session/ba2432913a596e5fc4fa14806f816f85/execute/async - {"script":"<script> [1562 bytes]","args":[{"selector":{"id":"application-managestatesandperformance-display-component---detailStateAndPerform--counterValue-input","searchOpenDialogs":true,"interaction":{"idSuffix":"inner"}},"wdio_ui5_key":"applicationmanagestatesandperformance-display-component---detailStateAndPerform--counterValue-input"}]}
RESULT: {"script":"<script> [1562 bytes]","args":[{"selector":{"id":"application-managestatesandperformance-display-component---detailStateAndPerform--counterValue-input","searchOpenDialogs":true,"interaction":{"idSuffix":"inner"}},"wdio_ui5_key":"applicationmanagestatesandperformance-display-component---detailStateAndPerform--counterValue-input"}]}
RESULT: undefined
COMMAND: POST /session/ba2432913a596e5fc4fa14806f816f85/execute/async - {"script":"<script> [776 bytes]","args":[{"enterText":"15.00","selector":{"id":"application-managestatesandperformance-display-component---detailStateAndPerform--counterValue-input","searchOpenDialogs":true,"interaction":{"idSuffix":"inner"}},"clearTextFirst":true,"interactionType":"ENTER_TEXT"}]}
RESULT: {"script":"<script> [776 bytes]","args":[{"enterText":"15.00","selector":{"id":"application-managestatesandperformance-display-component---detailStateAndPerform--counterValue-input","searchOpenDialogs":true,"interaction":{"idSuffix":"inner"}},"clearTextFirst":true,"interactionType":"ENTER_TEXT"}]}
COMMAND: POST /session/ba2432913a596e5fc4fa14806f816f85/execute/async - {"script":"<script> [1562 bytes]","args":[{"selector":{"controlType":"sap.m.Button","viewName":"etm.portal.ui.managestatesandperformance.view.Detail","viewId":"application-managestatesandperformance-display-component---detailStateAndPerform","bindingPath":{"path":"","propertyPath":"/allowAddEdit","modelName":"oScreenModel"},"searchOpenDialogs":true,"interaction":{"idSuffix":"BDI-content"}},"wdio_ui5_key":"etmportal.ui.managestatesandperformance.view.Detailsap.m.Button{\"path\":\"\",\"propertyPath\":\"/allowAddEdit\",\"modelName\":\"oScreenModel\"}"}]}
RESULT: {"script":"<script> [1562 bytes]","args":[{"selector":{"controlType":"sap.m.Button","viewName":"etm.portal.ui.managestatesandperformance.view.Detail","viewId":"application-managestatesandperformance-display-component---detailStateAndPerform","bindingPath":{"path":"","propertyPath":"/allowAddEdit","modelName":"oScreenModel"},"searchOpenDialogs":true,"interaction":{"idSuffix":"BDI-content"}},"wdio_ui5_key":"etmportal.ui.managestatesandperformance.view.Detailsap.m.Button{\"path\":\"\",\"propertyPath\":\"/allowAddEdit\",\"modelName\":\"oScreenModel\"}"}]}
RESULT: undefined
COMMAND: POST /session/ba2432913a596e5fc4fa14806f816f85/element - {"using":"xpath","value":"//*[@id=\"__button374\"]"}
RESULT: {"using":"xpath","value":"//*[@id=\"__button374\"]"}
COMMAND: POST /session/ba2432913a596e5fc4fa14806f816f85/element/f.FF9A1E5259EB1E6B709B859A36B64A29.d.75AC5A5C338535DE183B54FCB3826803.e.13423/click - {}
RESULT: {}
RESULT: undefined
COMMAND: POST /session/ba2432913a596e5fc4fa14806f816f85/element - {"using":"xpath","value":"//*[@id=\"__button367\"]"}
COMMAND: GET /session/ba2432913a596e5fc4fa14806f816f85/screenshot - {}
RESULT: {"using":"xpath","value":"//*[@id=\"__button367\"]"}
COMMAND: POST /session/ba2432913a596e5fc4fa14806f816f85/element/f.FF9A1E5259EB1E6B709B859A36B64A29.d.75AC5A5C338535DE183B54FCB3826803.e.13407/click - {}
RESULT: {}
RESULT: {}
RESULT: undefined
COMMAND: POST /session/ba2432913a596e5fc4fa14806f816f85/execute/async - {"script":"<script> [776 bytes]","args":[{"enterText":"05/09/25","selector":{"id":"application-managestatesandperformance-display-component---detailStateAndPerform--perfDocDatePicker","searchOpenDialogs":true,"interaction":{"idSuffix":"inner"}},"clearTextFirst":true,"interactionType":"ENTER_TEXT"}]}
COMMAND: GET /session/ba2432913a596e5fc4fa14806f816f85/screenshot - {}
RESULT: {"script":"<script> [776 bytes]","args":[{"enterText":"05/09/25","selector":{"id":"application-managestatesandperformance-display-component---detailStateAndPerform--perfDocDatePicker","searchOpenDialogs":true,"interaction":{"idSuffix":"inner"}},"clearTextFirst":true,"interactionType":"ENTER_TEXT"}]}
RESULT: undefined
COMMAND: POST /session/ba2432913a596e5fc4fa14806f816f85/execute/async - {"script":"<script> [776 bytes]","args":[{"enterText":"20.00","selector":{"id":"application-managestatesandperformance-display-component---detailStateAndPerform--counterValue-input","searchOpenDialogs":true,"interaction":{"idSuffix":"inner"}},"clearTextFirst":true,"interactionType":"ENTER_TEXT"}]}
RESULT: {}
RESULT: {"script":"<script> [776 bytes]","args":[{"enterText":"20.00","selector":{"id":"application-managestatesandperformance-display-component---detailStateAndPerform--counterValue-input","searchOpenDialogs":true,"interaction":{"idSuffix":"inner"}},"clearTextFirst":true,"interactionType":"ENTER_TEXT"}]}
COMMAND: POST /session/ba2432913a596e5fc4fa14806f816f85/actions - {"actions":[{"id":"action47","type":"key","parameters":{},"actions":[{"type":"keyDown","value":"î€„"},{"type":"keyDown","value":"î€„"},{"type":"pause","duration":10},{"type":"keyUp","value":"î€„"},{"type":"keyUp","value":"î€„"}]}]}
RESULT: {"actions":[{"id":"action47","type":"key","parameters":{},"actions":[{"type":"keyDown","value":"î€„"},{"type":"keyDown","value":"î€„"},{"type":"pause","duration":10},{"type":"keyUp","value":"î€„"},{"type":"keyUp","value":"î€„"}]}]}
COMMAND: POST /session/ba2432913a596e5fc4fa14806f816f85/actions - {"actions":[{"id":"action48","type":"key","parameters":{},"actions":[{"type":"keyDown","value":"î€‡"},{"type":"pause","duration":10},{"type":"keyUp","value":"î€‡"}]}]}
COMMAND: GET /session/ba2432913a596e5fc4fa14806f816f85/screenshot - {}
RESULT: {"actions":[{"id":"action48","type":"key","parameters":{},"actions":[{"type":"keyDown","value":"î€‡"},{"type":"pause","duration":10},{"type":"keyUp","value":"î€‡"}]}]}
RESULT: undefined
COMMAND: POST /session/ba2432913a596e5fc4fa14806f816f85/element - {"using":"xpath","value":"//*[@id=\"__button374\"]"}
COMMAND: GET /session/ba2432913a596e5fc4fa14806f816f85/screenshot - {}
RESULT: {}
RESULT: {"using":"xpath","value":"//*[@id=\"__button374\"]"}
COMMAND: POST /session/ba2432913a596e5fc4fa14806f816f85/elements - {"using":"xpath","value":"//*[@id=\"__button374\"]"}
RESULT: {}
RESULT: {"using":"xpath","value":"//*[@id=\"__button374\"]"}
COMMAND: POST /session/ba2432913a596e5fc4fa14806f816f85/elements - {"using":"xpath","value":"//*[@id=\"__button374\"]"}
RESULT: {"using":"xpath","value":"//*[@id=\"__button374\"]"}
COMMAND: POST /session/ba2432913a596e5fc4fa14806f816f85/elements - {"using":"xpath","value":"//*[@id=\"__button374\"]"}
RESULT: {"using":"xpath","value":"//*[@id=\"__button374\"]"}
COMMAND: POST /session/ba2432913a596e5fc4fa14806f816f85/elements - {"using":"xpath","value":"//*[@id=\"__button374\"]"}
RESULT: {"using":"xpath","value":"//*[@id=\"__button374\"]"}
COMMAND: POST /session/ba2432913a596e5fc4fa14806f816f85/elements - {"using":"xpath","value":"//*[@id=\"__button374\"]"}
RESULT: {"using":"xpath","value":"//*[@id=\"__button374\"]"}
COMMAND: POST /session/ba2432913a596e5fc4fa14806f816f85/elements - {"using":"xpath","value":"//*[@id=\"__button374\"]"}
RESULT: {"using":"xpath","value":"//*[@id=\"__button374\"]"}
COMMAND: POST /session/ba2432913a596e5fc4fa14806f816f85/elements - {"using":"xpath","value":"//*[@id=\"__button374\"]"}
RESULT: {"using":"xpath","value":"//*[@id=\"__button374\"]"}
COMMAND: POST /session/ba2432913a596e5fc4fa14806f816f85/elements - {"using":"xpath","value":"//*[@id=\"__button374\"]"}
RESULT: {"using":"xpath","value":"//*[@id=\"__button374\"]"}
COMMAND: POST /session/ba2432913a596e5fc4fa14806f816f85/elements - {"using":"xpath","value":"//*[@id=\"__button374\"]"}
RESULT: {"using":"xpath","value":"//*[@id=\"__button374\"]"}
COMMAND: POST /session/ba2432913a596e5fc4fa14806f816f85/elements - {"using":"xpath","value":"//*[@id=\"__button374\"]"}
RESULT: {"using":"xpath","value":"//*[@id=\"__button374\"]"}
COMMAND: POST /session/ba2432913a596e5fc4fa14806f816f85/elements - {"using":"xpath","value":"//*[@id=\"__button374\"]"}
RESULT: {"using":"xpath","value":"//*[@id=\"__button374\"]"}
COMMAND: POST /session/ba2432913a596e5fc4fa14806f816f85/elements - {"using":"xpath","value":"//*[@id=\"__button374\"]"}
RESULT: {"using":"xpath","value":"//*[@id=\"__button374\"]"}
COMMAND: POST /session/ba2432913a596e5fc4fa14806f816f85/elements - {"using":"xpath","value":"//*[@id=\"__button374\"]"}
RESULT: {"using":"xpath","value":"//*[@id=\"__button374\"]"}
COMMAND: POST /session/ba2432913a596e5fc4fa14806f816f85/elements - {"using":"xpath","value":"//*[@id=\"__button374\"]"}
RESULT: {"using":"xpath","value":"//*[@id=\"__button374\"]"}
COMMAND: POST /session/ba2432913a596e5fc4fa14806f816f85/elements - {"using":"xpath","value":"//*[@id=\"__button374\"]"}
RESULT: {"using":"xpath","value":"//*[@id=\"__button374\"]"}
COMMAND: POST /session/ba2432913a596e5fc4fa14806f816f85/elements - {"using":"xpath","value":"//*[@id=\"__button374\"]"}
RESULT: {"using":"xpath","value":"//*[@id=\"__button374\"]"}
COMMAND: POST /session/ba2432913a596e5fc4fa14806f816f85/elements - {"using":"xpath","value":"//*[@id=\"__button374\"]"}
RESULT: {"using":"xpath","value":"//*[@id=\"__button374\"]"}
COMMAND: POST /session/ba2432913a596e5fc4fa14806f816f85/elements - {"using":"xpath","value":"//*[@id=\"__button374\"]"}
RESULT: {"using":"xpath","value":"//*[@id=\"__button374\"]"}
COMMAND: POST /session/ba2432913a596e5fc4fa14806f816f85/elements - {"using":"xpath","value":"//*[@id=\"__button374\"]"}
RESULT: {"using":"xpath","value":"//*[@id=\"__button374\"]"}
COMMAND: POST /session/ba2432913a596e5fc4fa14806f816f85/elements - {"using":"xpath","value":"//*[@id=\"__button374\"]"}
RESULT: {"using":"xpath","value":"//*[@id=\"__button374\"]"}
COMMAND: POST /session/ba2432913a596e5fc4fa14806f816f85/elements - {"using":"xpath","value":"//*[@id=\"__button374\"]"}
RESULT: {"using":"xpath","value":"//*[@id=\"__button374\"]"}
COMMAND: POST /session/ba2432913a596e5fc4fa14806f816f85/elements - {"using":"xpath","value":"//*[@id=\"__button374\"]"}
RESULT: {"using":"xpath","value":"//*[@id=\"__button374\"]"}
COMMAND: POST /session/ba2432913a596e5fc4fa14806f816f85/elements - {"using":"xpath","value":"//*[@id=\"__button374\"]"}
RESULT: {"using":"xpath","value":"//*[@id=\"__button374\"]"}
COMMAND: POST /session/ba2432913a596e5fc4fa14806f816f85/elements - {"using":"xpath","value":"//*[@id=\"__button374\"]"}
RESULT: {"using":"xpath","value":"//*[@id=\"__button374\"]"}
COMMAND: POST /session/ba2432913a596e5fc4fa14806f816f85/elements - {"using":"xpath","value":"//*[@id=\"__button374\"]"}
RESULT: {"using":"xpath","value":"//*[@id=\"__button374\"]"}
COMMAND: POST /session/ba2432913a596e5fc4fa14806f816f85/elements - {"using":"xpath","value":"//*[@id=\"__button374\"]"}
RESULT: {"using":"xpath","value":"//*[@id=\"__button374\"]"}
COMMAND: POST /session/ba2432913a596e5fc4fa14806f816f85/elements - {"using":"xpath","value":"//*[@id=\"__button374\"]"}
RESULT: {"using":"xpath","value":"//*[@id=\"__button374\"]"}
COMMAND: POST /session/ba2432913a596e5fc4fa14806f816f85/elements - {"using":"xpath","value":"//*[@id=\"__button374\"]"}
RESULT: {"using":"xpath","value":"//*[@id=\"__button374\"]"}
COMMAND: POST /session/ba2432913a596e5fc4fa14806f816f85/elements - {"using":"xpath","value":"//*[@id=\"__button374\"]"}
RESULT: {"using":"xpath","value":"//*[@id=\"__button374\"]"}
COMMAND: POST /session/ba2432913a596e5fc4fa14806f816f85/elements - {"using":"xpath","value":"//*[@id=\"__button374\"]"}
RESULT: {"using":"xpath","value":"//*[@id=\"__button374\"]"}
COMMAND: POST /session/ba2432913a596e5fc4fa14806f816f85/elements - {"using":"xpath","value":"//*[@id=\"__button374\"]"}
RESULT: {"using":"xpath","value":"//*[@id=\"__button374\"]"}
COMMAND: POST /session/ba2432913a596e5fc4fa14806f816f85/elements - {"using":"xpath","value":"//*[@id=\"__button374\"]"}
RESULT: {"using":"xpath","value":"//*[@id=\"__button374\"]"}
COMMAND: POST /session/ba2432913a596e5fc4fa14806f816f85/elements - {"using":"xpath","value":"//*[@id=\"__button374\"]"}
RESULT: {"using":"xpath","value":"//*[@id=\"__button374\"]"}
COMMAND: POST /session/ba2432913a596e5fc4fa14806f816f85/elements - {"using":"xpath","value":"//*[@id=\"__button374\"]"}
RESULT: {"using":"xpath","value":"//*[@id=\"__button374\"]"}
COMMAND: POST /session/ba2432913a596e5fc4fa14806f816f85/elements - {"using":"xpath","value":"//*[@id=\"__button374\"]"}
RESULT: {"using":"xpath","value":"//*[@id=\"__button374\"]"}
COMMAND: POST /session/ba2432913a596e5fc4fa14806f816f85/elements - {"using":"xpath","value":"//*[@id=\"__button374\"]"}
RESULT: {"using":"xpath","value":"//*[@id=\"__button374\"]"}
COMMAND: POST /session/ba2432913a596e5fc4fa14806f816f85/elements - {"using":"xpath","value":"//*[@id=\"__button374\"]"}
RESULT: {"using":"xpath","value":"//*[@id=\"__button374\"]"}
COMMAND: POST /session/ba2432913a596e5fc4fa14806f816f85/elements - {"using":"xpath","value":"//*[@id=\"__button374\"]"}
RESULT: {"using":"xpath","value":"//*[@id=\"__button374\"]"}
COMMAND: POST /session/ba2432913a596e5fc4fa14806f816f85/elements - {"using":"xpath","value":"//*[@id=\"__button374\"]"}
RESULT: {"using":"xpath","value":"//*[@id=\"__button374\"]"}
COMMAND: POST /session/ba2432913a596e5fc4fa14806f816f85/elements - {"using":"xpath","value":"//*[@id=\"__button374\"]"}
RESULT: {"using":"xpath","value":"//*[@id=\"__button374\"]"}
COMMAND: POST /session/ba2432913a596e5fc4fa14806f816f85/elements - {"using":"xpath","value":"//*[@id=\"__button374\"]"}
RESULT: {"using":"xpath","value":"//*[@id=\"__button374\"]"}
COMMAND: POST /session/ba2432913a596e5fc4fa14806f816f85/elements - {"using":"xpath","value":"//*[@id=\"__button374\"]"}
RESULT: {"using":"xpath","value":"//*[@id=\"__button374\"]"}
COMMAND: POST /session/ba2432913a596e5fc4fa14806f816f85/elements - {"using":"xpath","value":"//*[@id=\"__button374\"]"}
RESULT: {"using":"xpath","value":"//*[@id=\"__button374\"]"}
COMMAND: POST /session/ba2432913a596e5fc4fa14806f816f85/elements - {"using":"xpath","value":"//*[@id=\"__button374\"]"}
RESULT: {"using":"xpath","value":"//*[@id=\"__button374\"]"}
COMMAND: POST /session/ba2432913a596e5fc4fa14806f816f85/elements - {"using":"xpath","value":"//*[@id=\"__button374\"]"}
RESULT: {"using":"xpath","value":"//*[@id=\"__button374\"]"}
COMMAND: POST /session/ba2432913a596e5fc4fa14806f816f85/elements - {"using":"xpath","value":"//*[@id=\"__button374\"]"}
RESULT: {"using":"xpath","value":"//*[@id=\"__button374\"]"}
COMMAND: POST /session/ba2432913a596e5fc4fa14806f816f85/elements - {"using":"xpath","value":"//*[@id=\"__button374\"]"}
RESULT: {"using":"xpath","value":"//*[@id=\"__button374\"]"}
COMMAND: POST /session/ba2432913a596e5fc4fa14806f816f85/elements - {"using":"xpath","value":"//*[@id=\"__button374\"]"}
RESULT: {"using":"xpath","value":"//*[@id=\"__button374\"]"}
COMMAND: POST /session/ba2432913a596e5fc4fa14806f816f85/elements - {"using":"xpath","value":"//*[@id=\"__button374\"]"}
RESULT: {"using":"xpath","value":"//*[@id=\"__button374\"]"}
COMMAND: POST /session/ba2432913a596e5fc4fa14806f816f85/elements - {"using":"xpath","value":"//*[@id=\"__button374\"]"}
RESULT: {"using":"xpath","value":"//*[@id=\"__button374\"]"}
COMMAND: POST /session/ba2432913a596e5fc4fa14806f816f85/elements - {"using":"xpath","value":"//*[@id=\"__button374\"]"}
RESULT: {"using":"xpath","value":"//*[@id=\"__button374\"]"}
COMMAND: POST /session/ba2432913a596e5fc4fa14806f816f85/elements - {"using":"xpath","value":"//*[@id=\"__button374\"]"}
RESULT: {"using":"xpath","value":"//*[@id=\"__button374\"]"}
COMMAND: POST /session/ba2432913a596e5fc4fa14806f816f85/elements - {"using":"xpath","value":"//*[@id=\"__button374\"]"}
RESULT: {"using":"xpath","value":"//*[@id=\"__button374\"]"}
COMMAND: POST /session/ba2432913a596e5fc4fa14806f816f85/elements - {"using":"xpath","value":"//*[@id=\"__button374\"]"}
RESULT: {"using":"xpath","value":"//*[@id=\"__button374\"]"}
COMMAND: POST /session/ba2432913a596e5fc4fa14806f816f85/elements - {"using":"xpath","value":"//*[@id=\"__button374\"]"}
RESULT: {"using":"xpath","value":"//*[@id=\"__button374\"]"}
COMMAND: POST /session/ba2432913a596e5fc4fa14806f816f85/elements - {"using":"xpath","value":"//*[@id=\"__button374\"]"}
RESULT: {"using":"xpath","value":"//*[@id=\"__button374\"]"}
COMMAND: POST /session/ba2432913a596e5fc4fa14806f816f85/elements - {"using":"xpath","value":"//*[@id=\"__button374\"]"}
RESULT: {"using":"xpath","value":"//*[@id=\"__button374\"]"}
COMMAND: POST /session/ba2432913a596e5fc4fa14806f816f85/elements - {"using":"xpath","value":"//*[@id=\"__button374\"]"}
RESULT: {"using":"xpath","value":"//*[@id=\"__button374\"]"}
COMMAND: POST /session/ba2432913a596e5fc4fa14806f816f85/elements - {"using":"xpath","value":"//*[@id=\"__button374\"]"}
RESULT: {"using":"xpath","value":"//*[@id=\"__button374\"]"}
COMMAND: POST /session/ba2432913a596e5fc4fa14806f816f85/elements - {"using":"xpath","value":"//*[@id=\"__button374\"]"}
RESULT: {"using":"xpath","value":"//*[@id=\"__button374\"]"}
COMMAND: POST /session/ba2432913a596e5fc4fa14806f816f85/elements - {"using":"xpath","value":"//*[@id=\"__button374\"]"}
RESULT: {"using":"xpath","value":"//*[@id=\"__button374\"]"}
COMMAND: POST /session/ba2432913a596e5fc4fa14806f816f85/elements - {"using":"xpath","value":"//*[@id=\"__button374\"]"}
RESULT: {"using":"xpath","value":"//*[@id=\"__button374\"]"}
COMMAND: POST /session/ba2432913a596e5fc4fa14806f816f85/elements - {"using":"xpath","value":"//*[@id=\"__button374\"]"}
RESULT: {"using":"xpath","value":"//*[@id=\"__button374\"]"}
COMMAND: POST /session/ba2432913a596e5fc4fa14806f816f85/elements - {"using":"xpath","value":"//*[@id=\"__button374\"]"}
RESULT: {"using":"xpath","value":"//*[@id=\"__button374\"]"}
COMMAND: POST /session/ba2432913a596e5fc4fa14806f816f85/elements - {"using":"xpath","value":"//*[@id=\"__button374\"]"}
RESULT: {"using":"xpath","value":"//*[@id=\"__button374\"]"}
COMMAND: POST /session/ba2432913a596e5fc4fa14806f816f85/elements - {"using":"xpath","value":"//*[@id=\"__button374\"]"}
RESULT: {"using":"xpath","value":"//*[@id=\"__button374\"]"}
COMMAND: POST /session/ba2432913a596e5fc4fa14806f816f85/elements - {"using":"xpath","value":"//*[@id=\"__button374\"]"}
RESULT: {"using":"xpath","value":"//*[@id=\"__button374\"]"}
COMMAND: POST /session/ba2432913a596e5fc4fa14806f816f85/elements - {"using":"xpath","value":"//*[@id=\"__button374\"]"}
RESULT: {"using":"xpath","value":"//*[@id=\"__button374\"]"}
COMMAND: POST /session/ba2432913a596e5fc4fa14806f816f85/elements - {"using":"xpath","value":"//*[@id=\"__button374\"]"}
RESULT: {"using":"xpath","value":"//*[@id=\"__button374\"]"}
COMMAND: POST /session/ba2432913a596e5fc4fa14806f816f85/elements - {"using":"xpath","value":"//*[@id=\"__button374\"]"}
RESULT: {"using":"xpath","value":"//*[@id=\"__button374\"]"}
COMMAND: POST /session/ba2432913a596e5fc4fa14806f816f85/elements - {"using":"xpath","value":"//*[@id=\"__button374\"]"}
RESULT: {"using":"xpath","value":"//*[@id=\"__button374\"]"}
COMMAND: POST /session/ba2432913a596e5fc4fa14806f816f85/elements - {"using":"xpath","value":"//*[@id=\"__button374\"]"}
RESULT: {"using":"xpath","value":"//*[@id=\"__button374\"]"}
COMMAND: POST /session/ba2432913a596e5fc4fa14806f816f85/elements - {"using":"xpath","value":"//*[@id=\"__button374\"]"}
RESULT: {"using":"xpath","value":"//*[@id=\"__button374\"]"}
COMMAND: POST /session/ba2432913a596e5fc4fa14806f816f85/elements - {"using":"xpath","value":"//*[@id=\"__button374\"]"}
RESULT: {"using":"xpath","value":"//*[@id=\"__button374\"]"}
COMMAND: POST /session/ba2432913a596e5fc4fa14806f816f85/elements - {"using":"xpath","value":"//*[@id=\"__button374\"]"}
RESULT: {"using":"xpath","value":"//*[@id=\"__button374\"]"}
COMMAND: POST /session/ba2432913a596e5fc4fa14806f816f85/elements - {"using":"xpath","value":"//*[@id=\"__button374\"]"}
RESULT: {"using":"xpath","value":"//*[@id=\"__button374\"]"}
COMMAND: POST /session/ba2432913a596e5fc4fa14806f816f85/elements - {"using":"xpath","value":"//*[@id=\"__button374\"]"}
RESULT: {"using":"xpath","value":"//*[@id=\"__button374\"]"}
COMMAND: POST /session/ba2432913a596e5fc4fa14806f816f85/elements - {"using":"xpath","value":"//*[@id=\"__button374\"]"}
RESULT: {"using":"xpath","value":"//*[@id=\"__button374\"]"}
COMMAND: POST /session/ba2432913a596e5fc4fa14806f816f85/elements - {"using":"xpath","value":"//*[@id=\"__button374\"]"}
RESULT: {"using":"xpath","value":"//*[@id=\"__button374\"]"}
COMMAND: POST /session/ba2432913a596e5fc4fa14806f816f85/elements - {"using":"xpath","value":"//*[@id=\"__button374\"]"}
RESULT: {"using":"xpath","value":"//*[@id=\"__button374\"]"}
COMMAND: POST /session/ba2432913a596e5fc4fa14806f816f85/elements - {"using":"xpath","value":"//*[@id=\"__button374\"]"}
RESULT: {"using":"xpath","value":"//*[@id=\"__button374\"]"}
COMMAND: POST /session/ba2432913a596e5fc4fa14806f816f85/elements - {"using":"xpath","value":"//*[@id=\"__button374\"]"}
RESULT: {"using":"xpath","value":"//*[@id=\"__button374\"]"}
COMMAND: POST /session/ba2432913a596e5fc4fa14806f816f85/elements - {"using":"xpath","value":"//*[@id=\"__button374\"]"}
RESULT: {"using":"xpath","value":"//*[@id=\"__button374\"]"}
COMMAND: POST /session/ba2432913a596e5fc4fa14806f816f85/elements - {"using":"xpath","value":"//*[@id=\"__button374\"]"}
RESULT: {"using":"xpath","value":"//*[@id=\"__button374\"]"}
COMMAND: POST /session/ba2432913a596e5fc4fa14806f816f85/elements - {"using":"xpath","value":"//*[@id=\"__button374\"]"}
RESULT: {"using":"xpath","value":"//*[@id=\"__button374\"]"}
COMMAND: POST /session/ba2432913a596e5fc4fa14806f816f85/elements - {"using":"xpath","value":"//*[@id=\"__button374\"]"}
RESULT: {"using":"xpath","value":"//*[@id=\"__button374\"]"}
COMMAND: POST /session/ba2432913a596e5fc4fa14806f816f85/elements - {"using":"xpath","value":"//*[@id=\"__button374\"]"}
RESULT: {"using":"xpath","value":"//*[@id=\"__button374\"]"}
COMMAND: POST /session/ba2432913a596e5fc4fa14806f816f85/elements - {"using":"xpath","value":"//*[@id=\"__button374\"]"}
RESULT: {"using":"xpath","value":"//*[@id=\"__button374\"]"}
COMMAND: POST /session/ba2432913a596e5fc4fa14806f816f85/elements - {"using":"xpath","value":"//*[@id=\"__button374\"]"}
RESULT: {"using":"xpath","value":"//*[@id=\"__button374\"]"}
COMMAND: POST /session/ba2432913a596e5fc4fa14806f816f85/elements - {"using":"xpath","value":"//*[@id=\"__button374\"]"}
RESULT: {"using":"xpath","value":"//*[@id=\"__button374\"]"}
COMMAND: POST /session/ba2432913a596e5fc4fa14806f816f85/elements - {"using":"xpath","value":"//*[@id=\"__button374\"]"}
RESULT: {"using":"xpath","value":"//*[@id=\"__button374\"]"}
COMMAND: POST /session/ba2432913a596e5fc4fa14806f816f85/elements - {"using":"xpath","value":"//*[@id=\"__button374\"]"}
RESULT: {"using":"xpath","value":"//*[@id=\"__button374\"]"}
COMMAND: POST /session/ba2432913a596e5fc4fa14806f816f85/elements - {"using":"xpath","value":"//*[@id=\"__button374\"]"}
RESULT: {"using":"xpath","value":"//*[@id=\"__button374\"]"}
COMMAND: POST /session/ba2432913a596e5fc4fa14806f816f85/elements - {"using":"xpath","value":"//*[@id=\"__button374\"]"}
RESULT: {"using":"xpath","value":"//*[@id=\"__button374\"]"}
COMMAND: POST /session/ba2432913a596e5fc4fa14806f816f85/elements - {"using":"xpath","value":"//*[@id=\"__button374\"]"}
RESULT: {"using":"xpath","value":"//*[@id=\"__button374\"]"}
COMMAND: POST /session/ba2432913a596e5fc4fa14806f816f85/elements - {"using":"xpath","value":"//*[@id=\"__button374\"]"}
RESULT: {"using":"xpath","value":"//*[@id=\"__button374\"]"}
COMMAND: POST /session/ba2432913a596e5fc4fa14806f816f85/elements - {"using":"xpath","value":"//*[@id=\"__button374\"]"}
RESULT: {"using":"xpath","value":"//*[@id=\"__button374\"]"}
COMMAND: POST /session/ba2432913a596e5fc4fa14806f816f85/elements - {"using":"xpath","value":"//*[@id=\"__button374\"]"}
RESULT: {"using":"xpath","value":"//*[@id=\"__button374\"]"}
COMMAND: POST /session/ba2432913a596e5fc4fa14806f816f85/elements - {"using":"xpath","value":"//*[@id=\"__button374\"]"}
RESULT: {"using":"xpath","value":"//*[@id=\"__button374\"]"}
COMMAND: POST /session/ba2432913a596e5fc4fa14806f816f85/elements - {"using":"xpath","value":"//*[@id=\"__button374\"]"}
RESULT: {"using":"xpath","value":"//*[@id=\"__button374\"]"}
COMMAND: POST /session/ba2432913a596e5fc4fa14806f816f85/elements - {"using":"xpath","value":"//*[@id=\"__button374\"]"}
RESULT: {"using":"xpath","value":"//*[@id=\"__button374\"]"}
COMMAND: POST /session/ba2432913a596e5fc4fa14806f816f85/elements - {"using":"xpath","value":"//*[@id=\"__button374\"]"}
RESULT: {"using":"xpath","value":"//*[@id=\"__button374\"]"}
COMMAND: POST /session/ba2432913a596e5fc4fa14806f816f85/elements - {"using":"xpath","value":"//*[@id=\"__button374\"]"}
RESULT: {"using":"xpath","value":"//*[@id=\"__button374\"]"}
COMMAND: POST /session/ba2432913a596e5fc4fa14806f816f85/elements - {"using":"xpath","value":"//*[@id=\"__button374\"]"}
RESULT: {"using":"xpath","value":"//*[@id=\"__button374\"]"}
COMMAND: POST /session/ba2432913a596e5fc4fa14806f816f85/elements - {"using":"xpath","value":"//*[@id=\"__button374\"]"}
RESULT: {"using":"xpath","value":"//*[@id=\"__button374\"]"}
COMMAND: POST /session/ba2432913a596e5fc4fa14806f816f85/elements - {"using":"xpath","value":"//*[@id=\"__button374\"]"}
RESULT: {"using":"xpath","value":"//*[@id=\"__button374\"]"}
COMMAND: POST /session/ba2432913a596e5fc4fa14806f816f85/elements - {"using":"xpath","value":"//*[@id=\"__button374\"]"}
RESULT: {"using":"xpath","value":"//*[@id=\"__button374\"]"}
COMMAND: POST /session/ba2432913a596e5fc4fa14806f816f85/elements - {"using":"xpath","value":"//*[@id=\"__button374\"]"}
RESULT: {"using":"xpath","value":"//*[@id=\"__button374\"]"}
COMMAND: POST /session/ba2432913a596e5fc4fa14806f816f85/elements - {"using":"xpath","value":"//*[@id=\"__button374\"]"}
RESULT: {"using":"xpath","value":"//*[@id=\"__button374\"]"}
COMMAND: POST /session/ba2432913a596e5fc4fa14806f816f85/elements - {"using":"xpath","value":"//*[@id=\"__button374\"]"}
RESULT: {"using":"xpath","value":"//*[@id=\"__button374\"]"}
COMMAND: POST /session/ba2432913a596e5fc4fa14806f816f85/elements - {"using":"xpath","value":"//*[@id=\"__button374\"]"}
RESULT: {"using":"xpath","value":"//*[@id=\"__button374\"]"}
COMMAND: POST /session/ba2432913a596e5fc4fa14806f816f85/elements - {"using":"xpath","value":"//*[@id=\"__button374\"]"}
RESULT: {"using":"xpath","value":"//*[@id=\"__button374\"]"}
COMMAND: POST /session/ba2432913a596e5fc4fa14806f816f85/elements - {"using":"xpath","value":"//*[@id=\"__button374\"]"}
RESULT: {"using":"xpath","value":"//*[@id=\"__button374\"]"}
COMMAND: POST /session/ba2432913a596e5fc4fa14806f816f85/elements - {"using":"xpath","value":"//*[@id=\"__button374\"]"}
RESULT: {"using":"xpath","value":"//*[@id=\"__button374\"]"}
COMMAND: POST /session/ba2432913a596e5fc4fa14806f816f85/elements - {"using":"xpath","value":"//*[@id=\"__button374\"]"}
RESULT: {"using":"xpath","value":"//*[@id=\"__button374\"]"}
COMMAND: POST /session/ba2432913a596e5fc4fa14806f816f85/elements - {"using":"xpath","value":"//*[@id=\"__button374\"]"}
RESULT: {"using":"xpath","value":"//*[@id=\"__button374\"]"}
COMMAND: POST /session/ba2432913a596e5fc4fa14806f816f85/elements - {"using":"xpath","value":"//*[@id=\"__button374\"]"}
RESULT: {"using":"xpath","value":"//*[@id=\"__button374\"]"}
COMMAND: POST /session/ba2432913a596e5fc4fa14806f816f85/elements - {"using":"xpath","value":"//*[@id=\"__button374\"]"}
RESULT: {"using":"xpath","value":"//*[@id=\"__button374\"]"}
COMMAND: POST /session/ba2432913a596e5fc4fa14806f816f85/elements - {"using":"xpath","value":"//*[@id=\"__button374\"]"}
RESULT: {"using":"xpath","value":"//*[@id=\"__button374\"]"}
COMMAND: POST /session/ba2432913a596e5fc4fa14806f816f85/elements - {"using":"xpath","value":"//*[@id=\"__button374\"]"}
RESULT: {"using":"xpath","value":"//*[@id=\"__button374\"]"}
COMMAND: POST /session/ba2432913a596e5fc4fa14806f816f85/elements - {"using":"xpath","value":"//*[@id=\"__button374\"]"}
COMMAND: POST /session/ba2432913a596e5fc4fa14806f816f85/element - {"using":"css selector","value":"#shell-header-logo"}
RESULT: {"using":"xpath","value":"//*[@id=\"__button374\"]"}
RESULT: {"using":"css selector","value":"#shell-header-logo"}
COMMAND: POST /session/ba2432913a596e5fc4fa14806f816f85/execute/sync - {"script":"<script> [8489 bytes]","args":[{"element-6066-11e4-a52e-4f735466cecf":"f.FF9A1E5259EB1E6B709B859A36B64A29.d.75AC5A5C338535DE183B54FCB3826803.e.13246","ELEMENT":"f.FF9A1E5259EB1E6B709B859A36B64A29.d.75AC5A5C338535DE183B54FCB3826803.e.13246"}]}
RESULT: {"script":"<script> [8489 bytes]","args":[{"element-6066-11e4-a52e-4f735466cecf":"f.FF9A1E5259EB1E6B709B859A36B64A29.d.75AC5A5C338535DE183B54FCB3826803.e.13246","ELEMENT":"f.FF9A1E5259EB1E6B709B859A36B64A29.d.75AC5A5C338535DE183B54FCB3826803.e.13246"}]}
COMMAND: POST /session/ba2432913a596e5fc4fa14806f816f85/execute/sync - {"script":"<script> [5351 bytes]","args":[{"element-6066-11e4-a52e-4f735466cecf":"f.FF9A1E5259EB1E6B709B859A36B64A29.d.75AC5A5C338535DE183B54FCB3826803.e.13246","ELEMENT":"f.FF9A1E5259EB1E6B709B859A36B64A29.d.75AC5A5C338535DE183B54FCB3826803.e.13246"}]}
COMMAND: GET /session/ba2432913a596e5fc4fa14806f816f85/screenshot - {}
RESULT: {"script":"<script> [5351 bytes]","args":[{"element-6066-11e4-a52e-4f735466cecf":"f.FF9A1E5259EB1E6B709B859A36B64A29.d.75AC5A5C338535DE183B54FCB3826803.e.13246","ELEMENT":"f.FF9A1E5259EB1E6B709B859A36B64A29.d.75AC5A5C338535DE183B54FCB3826803.e.13246"}]}
COMMAND: POST /session/ba2432913a596e5fc4fa14806f816f85/element/f.FF9A1E5259EB1E6B709B859A36B64A29.d.75AC5A5C338535DE183B54FCB3826803.e.13246/click - {}
COMMAND: GET /session/ba2432913a596e5fc4fa14806f816f85/screenshot - {}
RESULT: {}
RESULT: {}
]]></system-out>
    </testcase>
    <testcase classname="chrome.135_0_7049_96.windows.Create_master_data_for_mixed_billing_&amp;_do_billing_calculation_US151661" name="Should go to Manage Billings and trigger calculation check the conditions applied" time="68.51">
      <system-out><![CDATA[
COMMAND: POST /session/ba2432913a596e5fc4fa14806f816f85/execute/async - {"script":"<script> [1562 bytes]","args":[{"selector":{"controlType":"sap.m.GenericTile","properties":{"header":"Manage Billings"}},"wdio_ui5_key":"sapm.GenericTile{\"header\":\"Manage Billings\"}"}]}
COMMAND: GET /session/ba2432913a596e5fc4fa14806f816f85/screenshot - {}
RESULT: {}
RESULT: {"script":"<script> [1562 bytes]","args":[{"selector":{"controlType":"sap.m.GenericTile","properties":{"header":"Manage Billings"}},"wdio_ui5_key":"sapm.GenericTile{\"header\":\"Manage Billings\"}"}]}
RESULT: undefined
COMMAND: POST /session/ba2432913a596e5fc4fa14806f816f85/element - {"using":"xpath","value":"//*[@id=\"__tile91\"]"}
RESULT: {}
RESULT: {"using":"xpath","value":"//*[@id=\"__tile91\"]"}
COMMAND: POST /session/ba2432913a596e5fc4fa14806f816f85/element/f.FF9A1E5259EB1E6B709B859A36B64A29.d.75AC5A5C338535DE183B54FCB3826803.e.8551/click - {}
RESULT: {}
COMMAND: GET /session/ba2432913a596e5fc4fa14806f816f85/screenshot - {}
RESULT: {}
COMMAND: POST /session/ba2432913a596e5fc4fa14806f816f85/execute/async - {"script":"<script> [1562 bytes]","args":[{"selector":{"id":"application-managebillings-display-component---billRunCalcResult--smartFilterBar-btnBasicSearch","interaction":{"idSuffix":"I"}},"wdio_ui5_key":"applicationmanagebillings-display-component---billRunCalcResult--smartFilterBar-btnBasicSearch"}]}
RESULT: {"script":"<script> [1562 bytes]","args":[{"selector":{"id":"application-managebillings-display-component---billRunCalcResult--smartFilterBar-btnBasicSearch","interaction":{"idSuffix":"I"}},"wdio_ui5_key":"applicationmanagebillings-display-component---billRunCalcResult--smartFilterBar-btnBasicSearch"}]}
RESULT: undefined
COMMAND: POST /session/ba2432913a596e5fc4fa14806f816f85/execute/async - {"script":"<script> [776 bytes]","args":[{"enterText":"10486","selector":{"id":"application-managebillings-display-component---billRunCalcResult--smartFilterBar-btnBasicSearch","interaction":{"idSuffix":"I"}},"clearTextFirst":true,"interactionType":"ENTER_TEXT"}]}
RESULT: {"script":"<script> [776 bytes]","args":[{"enterText":"10486","selector":{"id":"application-managebillings-display-component---billRunCalcResult--smartFilterBar-btnBasicSearch","interaction":{"idSuffix":"I"}},"clearTextFirst":true,"interactionType":"ENTER_TEXT"}]}
COMMAND: POST /session/ba2432913a596e5fc4fa14806f816f85/actions - {"actions":[{"id":"action49","type":"key","parameters":{},"actions":[{"type":"keyDown","value":"î€‡"},{"type":"pause","duration":10},{"type":"keyUp","value":"î€‡"}]}]}
RESULT: {"actions":[{"id":"action49","type":"key","parameters":{},"actions":[{"type":"keyDown","value":"î€‡"},{"type":"pause","duration":10},{"type":"keyUp","value":"î€‡"}]}]}
COMMAND: GET /session/ba2432913a596e5fc4fa14806f816f85/screenshot - {}
RESULT: {}
COMMAND: POST /session/ba2432913a596e5fc4fa14806f816f85/element - {"using":"xpath","value":"//td[@aria-colindex=\"1\"]/div/div[contains(@class, \"sapMCbBg\")]"}
RESULT: {"using":"xpath","value":"//td[@aria-colindex=\"1\"]/div/div[contains(@class, \"sapMCbBg\")]"}
COMMAND: POST /session/ba2432913a596e5fc4fa14806f816f85/element/f.FF9A1E5259EB1E6B709B859A36B64A29.d.75AC5A5C338535DE183B54FCB3826803.e.13652/click - {}
RESULT: {}
COMMAND: GET /session/ba2432913a596e5fc4fa14806f816f85/screenshot - {}
RESULT: {}
COMMAND: POST /session/ba2432913a596e5fc4fa14806f816f85/execute/async - {"script":"<script> [1562 bytes]","args":[{"selector":{"id":"application-managebillings-display-component---billRunCalcResult--contractBillRunDate","interaction":{"idSuffix":"inner"}},"wdio_ui5_key":"applicationmanagebillings-display-component---billRunCalcResult--contractBillRunDate"}]}
RESULT: {"script":"<script> [1562 bytes]","args":[{"selector":{"id":"application-managebillings-display-component---billRunCalcResult--contractBillRunDate","interaction":{"idSuffix":"inner"}},"wdio_ui5_key":"applicationmanagebillings-display-component---billRunCalcResult--contractBillRunDate"}]}
RESULT: undefined
COMMAND: POST /session/ba2432913a596e5fc4fa14806f816f85/execute/async - {"script":"<script> [776 bytes]","args":[{"enterText":"06/03/25","selector":{"id":"application-managebillings-display-component---billRunCalcResult--contractBillRunDate","interaction":{"idSuffix":"inner"}},"clearTextFirst":true,"interactionType":"ENTER_TEXT"}]}
RESULT: {"script":"<script> [776 bytes]","args":[{"enterText":"06/03/25","selector":{"id":"application-managebillings-display-component---billRunCalcResult--contractBillRunDate","interaction":{"idSuffix":"inner"}},"clearTextFirst":true,"interactionType":"ENTER_TEXT"}]}
COMMAND: POST /session/ba2432913a596e5fc4fa14806f816f85/element - {"using":"xpath","value":"//bdi[contains(text(), \"Trigger Calculation\")]"}
RESULT: {"using":"xpath","value":"//bdi[contains(text(), \"Trigger Calculation\")]"}
COMMAND: POST /session/ba2432913a596e5fc4fa14806f816f85/element/f.FF9A1E5259EB1E6B709B859A36B64A29.d.75AC5A5C338535DE183B54FCB3826803.e.13792/click - {}
RESULT: {}
COMMAND: GET /session/ba2432913a596e5fc4fa14806f816f85/screenshot - {}
RESULT: {}
COMMAND: POST /session/ba2432913a596e5fc4fa14806f816f85/element - {"using":"xpath","value":"(//span[contains(@id, \"imgNav\")])[1]"}
RESULT: {"using":"xpath","value":"(//span[contains(@id, \"imgNav\")])[1]"}
COMMAND: POST /session/ba2432913a596e5fc4fa14806f816f85/element/f.FF9A1E5259EB1E6B709B859A36B64A29.d.75AC5A5C338535DE183B54FCB3826803.e.13679/click - {}
RESULT: {}
COMMAND: GET /session/ba2432913a596e5fc4fa14806f816f85/screenshot - {}
RESULT: {}
COMMAND: POST /session/ba2432913a596e5fc4fa14806f816f85/element - {"using":"xpath","value":"//tr/td[6]/div[1]/span[1]/span[1]"}
RESULT: {"using":"xpath","value":"//tr/td[6]/div[1]/span[1]/span[1]"}
COMMAND: GET /session/ba2432913a596e5fc4fa14806f816f85/element/f.FF9A1E5259EB1E6B709B859A36B64A29.d.75AC5A5C338535DE183B54FCB3826803.e.13798/text - {}
RESULT: {}
COMMAND: POST /session/ba2432913a596e5fc4fa14806f816f85/element - {"using":"xpath","value":"(//span[contains(@id, \"imgNav\")])[2]"}
RESULT: {"using":"xpath","value":"(//span[contains(@id, \"imgNav\")])[2]"}
COMMAND: POST /session/ba2432913a596e5fc4fa14806f816f85/element/f.FF9A1E5259EB1E6B709B859A36B64A29.d.75AC5A5C338535DE183B54FCB3826803.e.13799/click - {}
RESULT: {}
COMMAND: POST /session/ba2432913a596e5fc4fa14806f816f85/element - {"using":"xpath","value":"//bdi[contains(text(), \"Business Confirm\")]"}
COMMAND: GET /session/ba2432913a596e5fc4fa14806f816f85/screenshot - {}
RESULT: {"using":"xpath","value":"//bdi[contains(text(), \"Business Confirm\")]"}
COMMAND: POST /session/ba2432913a596e5fc4fa14806f816f85/elements - {"using":"xpath","value":"//bdi[contains(text(), \"Business Confirm\")]"}
RESULT: {}
RESULT: {"using":"xpath","value":"//bdi[contains(text(), \"Business Confirm\")]"}
COMMAND: POST /session/ba2432913a596e5fc4fa14806f816f85/elements - {"using":"xpath","value":"//bdi[contains(text(), \"Business Confirm\")]"}
RESULT: {"using":"xpath","value":"//bdi[contains(text(), \"Business Confirm\")]"}
COMMAND: POST /session/ba2432913a596e5fc4fa14806f816f85/element - {"using":"xpath","value":"//bdi[contains(text(), \"Business Confirm\")]"}
RESULT: {"using":"xpath","value":"//bdi[contains(text(), \"Business Confirm\")]"}
COMMAND: POST /session/ba2432913a596e5fc4fa14806f816f85/element/f.FF9A1E5259EB1E6B709B859A36B64A29.d.75AC5A5C338535DE183B54FCB3826803.e.13801/click - {}
RESULT: {}
COMMAND: POST /session/ba2432913a596e5fc4fa14806f816f85/element - {"using":"css selector","value":"#shell-header-logo"}
COMMAND: GET /session/ba2432913a596e5fc4fa14806f816f85/screenshot - {}
RESULT: {"using":"css selector","value":"#shell-header-logo"}
COMMAND: POST /session/ba2432913a596e5fc4fa14806f816f85/element/f.FF9A1E5259EB1E6B709B859A36B64A29.d.75AC5A5C338535DE183B54FCB3826803.e.13445/click - {}
RESULT: {}
RESULT: {}
COMMAND: GET /session/ba2432913a596e5fc4fa14806f816f85/screenshot - {}
RESULT: {}
COMMAND: POST /session/ba2432913a596e5fc4fa14806f816f85/element - {"using":"css selector","value":"#j_username"}
COMMAND: POST /session/ba2432913a596e5fc4fa14806f816f85/url - {"url":"https://qa-testing-00-live-etm-ui.cfapps.eu10-004.hana.ondemand.com/"}
RESULT: {"using":"css selector","value":"#j_username"}
COMMAND: POST /session/ba2432913a596e5fc4fa14806f816f85/element - {"using":"css selector","value":"#j_username"}
RESULT: {"url":"https://qa-testing-00-live-etm-ui.cfapps.eu10-004.hana.ondemand.com/"}
RESULT: undefined
COMMAND: GET /session/ba2432913a596e5fc4fa14806f816f85/screenshot - {}
RESULT: {"using":"css selector","value":"#j_username"}
COMMAND: POST /session/ba2432913a596e5fc4fa14806f816f85/element - {"using":"css selector","value":"#shell-header-logo"}
RESULT: {}
RESULT: {"using":"css selector","value":"#shell-header-logo"}
COMMAND: POST /session/ba2432913a596e5fc4fa14806f816f85/execute/sync - {"script":"<script> [8489 bytes]","args":[{"element-6066-11e4-a52e-4f735466cecf":"f.FF9A1E5259EB1E6B709B859A36B64A29.d.8F19168D2DBAFC4E8FA2B4181D1779F6.e.13893","ELEMENT":"f.FF9A1E5259EB1E6B709B859A36B64A29.d.8F19168D2DBAFC4E8FA2B4181D1779F6.e.13893"}]}
RESULT: {"script":"<script> [8489 bytes]","args":[{"element-6066-11e4-a52e-4f735466cecf":"f.FF9A1E5259EB1E6B709B859A36B64A29.d.8F19168D2DBAFC4E8FA2B4181D1779F6.e.13893","ELEMENT":"f.FF9A1E5259EB1E6B709B859A36B64A29.d.8F19168D2DBAFC4E8FA2B4181D1779F6.e.13893"}]}
COMMAND: POST /session/ba2432913a596e5fc4fa14806f816f85/element - {"using":"css selector","value":"#shell-header-logo"}
COMMAND: GET /session/ba2432913a596e5fc4fa14806f816f85/screenshot - {}
RESULT: {"using":"css selector","value":"#shell-header-logo"}
COMMAND: POST /session/ba2432913a596e5fc4fa14806f816f85/execute/sync - {"script":"<script> [8489 bytes]","args":[{"element-6066-11e4-a52e-4f735466cecf":"f.FF9A1E5259EB1E6B709B859A36B64A29.d.8F19168D2DBAFC4E8FA2B4181D1779F6.e.13893","ELEMENT":"f.FF9A1E5259EB1E6B709B859A36B64A29.d.8F19168D2DBAFC4E8FA2B4181D1779F6.e.13893"}]}
RESULT: {}
RESULT: {"script":"<script> [8489 bytes]","args":[{"element-6066-11e4-a52e-4f735466cecf":"f.FF9A1E5259EB1E6B709B859A36B64A29.d.8F19168D2DBAFC4E8FA2B4181D1779F6.e.13893","ELEMENT":"f.FF9A1E5259EB1E6B709B859A36B64A29.d.8F19168D2DBAFC4E8FA2B4181D1779F6.e.13893"}]}
COMMAND: POST /session/ba2432913a596e5fc4fa14806f816f85/execute/sync - {"script":"<script> [5351 bytes]","args":[{"element-6066-11e4-a52e-4f735466cecf":"f.FF9A1E5259EB1E6B709B859A36B64A29.d.8F19168D2DBAFC4E8FA2B4181D1779F6.e.13893","ELEMENT":"f.FF9A1E5259EB1E6B709B859A36B64A29.d.8F19168D2DBAFC4E8FA2B4181D1779F6.e.13893"}]}
COMMAND: GET /session/ba2432913a596e5fc4fa14806f816f85/screenshot - {}
RESULT: {"script":"<script> [5351 bytes]","args":[{"element-6066-11e4-a52e-4f735466cecf":"f.FF9A1E5259EB1E6B709B859A36B64A29.d.8F19168D2DBAFC4E8FA2B4181D1779F6.e.13893","ELEMENT":"f.FF9A1E5259EB1E6B709B859A36B64A29.d.8F19168D2DBAFC4E8FA2B4181D1779F6.e.13893"}]}
COMMAND: POST /session/ba2432913a596e5fc4fa14806f816f85/element - {"using":"css selector","value":"#shell-header-logo"}
COMMAND: GET /session/ba2432913a596e5fc4fa14806f816f85/screenshot - {}
RESULT: {}
RESULT: {"using":"css selector","value":"#shell-header-logo"}
COMMAND: POST /session/ba2432913a596e5fc4fa14806f816f85/element/f.FF9A1E5259EB1E6B709B859A36B64A29.d.8F19168D2DBAFC4E8FA2B4181D1779F6.e.13893/click - {}
RESULT: {}
RESULT: {}
COMMAND: GET /session/ba2432913a596e5fc4fa14806f816f85/screenshot - {}
RESULT: {}
COMMAND: POST /session/ba2432913a596e5fc4fa14806f816f85/execute/async - {"script":"<script> [189 bytes]","args":[]}
RESULT: {"script":"<script> [189 bytes]","args":[]}
COMMAND: POST /session/ba2432913a596e5fc4fa14806f816f85/execute/async - {"script":"<script> [123 bytes]","args":[]}
RESULT: {"script":"<script> [123 bytes]","args":[]}
COMMAND: POST /session/ba2432913a596e5fc4fa14806f816f85/timeouts - {"script":"<number>"}
RESULT: {"script":"<number>"}
COMMAND: GET /session/ba2432913a596e5fc4fa14806f816f85/timeouts - {}
RESULT: {}
RESULT: undefined
COMMAND: POST /session/ba2432913a596e5fc4fa14806f816f85/execute/async - {"script":"<script> [2676 bytes]","args":[]}
RESULT: {"script":"<script> [2676 bytes]","args":[]}
COMMAND: POST /session/ba2432913a596e5fc4fa14806f816f85/execute/async - {"script":"<script> [2342 bytes]","args":[{"protocol":"http","hostname":"0.0.0.0","path":"/","capabilities":{"browserName":"chrome","goog:chromeOptions":{"binary":"C:\\Program Files\\Google\\Chrome\\Application\\chrome.exe","args":["--start-maximized"]}},"logLevel":"warn","connectionRetryTimeout":120000,"connectionRetryCount":3,"logLevels":{},"enableDirectConnect":true,"strictSSL":true,"_":"65 more keys: [\"cacheDir\",\"port\",\"requestedCapabilities\",\"automationProtocol\",\"baseUrl\",\"waitforInterval\",\"waitforTimeout\",\"onReload\",\"beforeCommand\",\"afterCommand\",\"rootDir\",\"specs\",\"suites\",\"exclude\",\"groupLogsByTestSpec\",\"excludeDriverLogs\",\"bail\",\"framework\",\"reporters\",\"services\",\"maxInstances\",\"maxInstancesPerCapability\",\"injectGlobals\",\"filesToWatch\",\"execArgv\",\"runnerEnv\",\"runner\",\"shard\",\"specFileRetries\",\"specFileRetriesDelay\",\"specFileRetriesDeferred\",\"reporterSyncInterval\",\"reporterSyncTimeout\",\"cucumberFeaturesWithLineNumbers\",\"autoCompileOpts\",\"mochaOpts\",\"jasmineOpts\",\"cucumberOpts\",\"onPrepare\",\"onWorkerStart\",\"onWorkerEnd\",\"before\",\"beforeSession\",\"beforeSuite\",\"beforeHook\",\"beforeTest\",\"afterTest\",\"afterHook\",\"afterSuite\",\"afterSession\",\"after\",\"onComplete\",\"beforeAssertion\",\"afterAssertion\",\"beforeFeature\",\"beforeScenario\",\"beforeStep\",\"afterStep\",\"afterScenario\",\"afterFeature\",\"_\",\"suite\",\"$0\",\"ignoredWorkerServices\",\"wdi5\"]"}]}
RESULT: {"script":"<script> [2342 bytes]","args":[{"protocol":"http","hostname":"0.0.0.0","path":"/","capabilities":{"browserName":"chrome","goog:chromeOptions":{"binary":"C:\\Program Files\\Google\\Chrome\\Application\\chrome.exe","args":["--start-maximized"]}},"logLevel":"warn","connectionRetryTimeout":120000,"connectionRetryCount":3,"logLevels":{},"enableDirectConnect":true,"strictSSL":true,"_":"65 more keys: [\"cacheDir\",\"port\",\"requestedCapabilities\",\"automationProtocol\",\"baseUrl\",\"waitforInterval\",\"waitforTimeout\",\"onReload\",\"beforeCommand\",\"afterCommand\",\"rootDir\",\"specs\",\"suites\",\"exclude\",\"groupLogsByTestSpec\",\"excludeDriverLogs\",\"bail\",\"framework\",\"reporters\",\"services\",\"maxInstances\",\"maxInstancesPerCapability\",\"injectGlobals\",\"filesToWatch\",\"execArgv\",\"runnerEnv\",\"runner\",\"shard\",\"specFileRetries\",\"specFileRetriesDelay\",\"specFileRetriesDeferred\",\"reporterSyncInterval\",\"reporterSyncTimeout\",\"cucumberFeaturesWithLineNumbers\",\"autoCompileOpts\",\"mochaOpts\",\"jasmineOpts\",\"cucumberOpts\",\"onPrepare\",\"onWorkerStart\",\"onWorkerEnd\",\"before\",\"beforeSession\",\"beforeSuite\",\"beforeHook\",\"beforeTest\",\"afterTest\",\"afterHook\",\"afterSuite\",\"afterSession\",\"after\",\"onComplete\",\"beforeAssertion\",\"afterAssertion\",\"beforeFeature\",\"beforeScenario\",\"beforeStep\",\"afterStep\",\"afterScenario\",\"afterFeature\",\"_\",\"suite\",\"$0\",\"ignoredWorkerServices\",\"wdi5\"]"}]}
COMMAND: POST /session/ba2432913a596e5fc4fa14806f816f85/execute/async - {"script":"<script> [21126 bytes]","args":[35000]}
RESULT: {"script":"<script> [21126 bytes]","args":[35000]}
COMMAND: POST /session/ba2432913a596e5fc4fa14806f816f85/window/maximize - {}
RESULT: {}
COMMAND: POST /session/ba2432913a596e5fc4fa14806f816f85/execute/async - {"script":"<script> [1562 bytes]","args":[{"selector":{"id":"shell-header","interaction":{"idSuffix":"icon"}},"wdio_ui5_key":"shellheader"}]}
COMMAND: GET /session/ba2432913a596e5fc4fa14806f816f85/screenshot - {}
RESULT: {"script":"<script> [1562 bytes]","args":[{"selector":{"id":"shell-header","interaction":{"idSuffix":"icon"}},"wdio_ui5_key":"shellheader"}]}
RESULT: undefined
COMMAND: POST /session/ba2432913a596e5fc4fa14806f816f85/refresh - {}
RESULT: {}
RESULT: {}
COMMAND: GET /session/ba2432913a596e5fc4fa14806f816f85/screenshot - {}
RESULT: {}
COMMAND: POST /session/ba2432913a596e5fc4fa14806f816f85/refresh - {}
RESULT: {}
COMMAND: GET /session/ba2432913a596e5fc4fa14806f816f85/screenshot - {}
RESULT: {}
COMMAND: POST /session/ba2432913a596e5fc4fa14806f816f85/window/fullscreen - {}
RESULT: {}
COMMAND: POST /session/ba2432913a596e5fc4fa14806f816f85/execute/async - {"script":"<script> [189 bytes]","args":[]}
RESULT: {"script":"<script> [189 bytes]","args":[]}
COMMAND: POST /session/ba2432913a596e5fc4fa14806f816f85/execute/async - {"script":"<script> [123 bytes]","args":[]}
RESULT: {"script":"<script> [123 bytes]","args":[]}
COMMAND: POST /session/ba2432913a596e5fc4fa14806f816f85/timeouts - {"script":"<number>"}
RESULT: {"script":"<number>"}
COMMAND: GET /session/ba2432913a596e5fc4fa14806f816f85/timeouts - {}
RESULT: {}
RESULT: undefined
COMMAND: POST /session/ba2432913a596e5fc4fa14806f816f85/execute/async - {"script":"<script> [2676 bytes]","args":[]}
RESULT: {"script":"<script> [2676 bytes]","args":[]}
COMMAND: POST /session/ba2432913a596e5fc4fa14806f816f85/execute/async - {"script":"<script> [2342 bytes]","args":[{"protocol":"http","hostname":"0.0.0.0","path":"/","capabilities":{"browserName":"chrome","goog:chromeOptions":{"binary":"C:\\Program Files\\Google\\Chrome\\Application\\chrome.exe","args":["--start-maximized"]}},"logLevel":"warn","connectionRetryTimeout":120000,"connectionRetryCount":3,"logLevels":{},"enableDirectConnect":true,"strictSSL":true,"_":"65 more keys: [\"cacheDir\",\"port\",\"requestedCapabilities\",\"automationProtocol\",\"baseUrl\",\"waitforInterval\",\"waitforTimeout\",\"onReload\",\"beforeCommand\",\"afterCommand\",\"rootDir\",\"specs\",\"suites\",\"exclude\",\"groupLogsByTestSpec\",\"excludeDriverLogs\",\"bail\",\"framework\",\"reporters\",\"services\",\"maxInstances\",\"maxInstancesPerCapability\",\"injectGlobals\",\"filesToWatch\",\"execArgv\",\"runnerEnv\",\"runner\",\"shard\",\"specFileRetries\",\"specFileRetriesDelay\",\"specFileRetriesDeferred\",\"reporterSyncInterval\",\"reporterSyncTimeout\",\"cucumberFeaturesWithLineNumbers\",\"autoCompileOpts\",\"mochaOpts\",\"jasmineOpts\",\"cucumberOpts\",\"onPrepare\",\"onWorkerStart\",\"onWorkerEnd\",\"before\",\"beforeSession\",\"beforeSuite\",\"beforeHook\",\"beforeTest\",\"afterTest\",\"afterHook\",\"afterSuite\",\"afterSession\",\"after\",\"onComplete\",\"beforeAssertion\",\"afterAssertion\",\"beforeFeature\",\"beforeScenario\",\"beforeStep\",\"afterStep\",\"afterScenario\",\"afterFeature\",\"_\",\"suite\",\"$0\",\"ignoredWorkerServices\",\"wdi5\"]"}]}
RESULT: {"script":"<script> [2342 bytes]","args":[{"protocol":"http","hostname":"0.0.0.0","path":"/","capabilities":{"browserName":"chrome","goog:chromeOptions":{"binary":"C:\\Program Files\\Google\\Chrome\\Application\\chrome.exe","args":["--start-maximized"]}},"logLevel":"warn","connectionRetryTimeout":120000,"connectionRetryCount":3,"logLevels":{},"enableDirectConnect":true,"strictSSL":true,"_":"65 more keys: [\"cacheDir\",\"port\",\"requestedCapabilities\",\"automationProtocol\",\"baseUrl\",\"waitforInterval\",\"waitforTimeout\",\"onReload\",\"beforeCommand\",\"afterCommand\",\"rootDir\",\"specs\",\"suites\",\"exclude\",\"groupLogsByTestSpec\",\"excludeDriverLogs\",\"bail\",\"framework\",\"reporters\",\"services\",\"maxInstances\",\"maxInstancesPerCapability\",\"injectGlobals\",\"filesToWatch\",\"execArgv\",\"runnerEnv\",\"runner\",\"shard\",\"specFileRetries\",\"specFileRetriesDelay\",\"specFileRetriesDeferred\",\"reporterSyncInterval\",\"reporterSyncTimeout\",\"cucumberFeaturesWithLineNumbers\",\"autoCompileOpts\",\"mochaOpts\",\"jasmineOpts\",\"cucumberOpts\",\"onPrepare\",\"onWorkerStart\",\"onWorkerEnd\",\"before\",\"beforeSession\",\"beforeSuite\",\"beforeHook\",\"beforeTest\",\"afterTest\",\"afterHook\",\"afterSuite\",\"afterSession\",\"after\",\"onComplete\",\"beforeAssertion\",\"afterAssertion\",\"beforeFeature\",\"beforeScenario\",\"beforeStep\",\"afterStep\",\"afterScenario\",\"afterFeature\",\"_\",\"suite\",\"$0\",\"ignoredWorkerServices\",\"wdi5\"]"}]}
COMMAND: POST /session/ba2432913a596e5fc4fa14806f816f85/execute/async - {"script":"<script> [21126 bytes]","args":[35000]}
RESULT: {"script":"<script> [21126 bytes]","args":[35000]}
]]></system-out>
    </testcase>
  </testsuite>
  <testsuite timestamp="2025-05-03T17:52:19" time="885.25" tests="13" failures="0" errors="0" skipped="0">
    <properties>
      <property name="specId" value="0" />
      <property name="suiteName" value="Performance based billing (work days) US139742" />
      <property name="capabilities" value="chrome.135_0_7049_96.windows" />
      <property name="file" value="file:///D:/a/1/s/test/specs/BTS/billing-performance-workdays.spec.js" />
    </properties>
    <testcase classname="chrome.135_0_7049_96.windows.Performance_based_billing_(work_days)_US139742" name="Should create a new yard" time="0.043">
      <system-out><![CDATA[
COMMAND: POST /session/ba2432913a596e5fc4fa14806f816f85/window/fullscreen - {}
RESULT: {}
]]></system-out>
    </testcase>
    <testcase classname="chrome.135_0_7049_96.windows.Performance_based_billing_(work_days)_US139742" name="Should create a new partner" time="0.004" />
    <testcase classname="chrome.135_0_7049_96.windows.Performance_based_billing_(work_days)_US139742" name="Should create a new site" time="0.004" />
    <testcase classname="chrome.135_0_7049_96.windows.Performance_based_billing_(work_days)_US139742" name="Should do prerequisite steps add equipment" time="143.707">
      <system-out><![CDATA[
COMMAND: POST /session/ba2432913a596e5fc4fa14806f816f85/execute/async - {"script":"<script> [1562 bytes]","args":[{"selector":{"controlType":"sap.m.GenericTile","properties":{"header":"Manage Resources"}},"wdio_ui5_key":"sapm.GenericTile{\"header\":\"Manage Resources\"}"}]}
RESULT: {"script":"<script> [1562 bytes]","args":[{"selector":{"controlType":"sap.m.GenericTile","properties":{"header":"Manage Resources"}},"wdio_ui5_key":"sapm.GenericTile{\"header\":\"Manage Resources\"}"}]}
RESULT: undefined
COMMAND: POST /session/ba2432913a596e5fc4fa14806f816f85/element - {"using":"xpath","value":"//*[@id=\"__tile39\"]"}
RESULT: {"using":"xpath","value":"//*[@id=\"__tile39\"]"}
COMMAND: POST /session/ba2432913a596e5fc4fa14806f816f85/element/f.FF9A1E5259EB1E6B709B859A36B64A29.d.F0730FE23EE80F2ECAB701D8B9F51964.e.14042/click - {}
RESULT: {}
COMMAND: POST /session/ba2432913a596e5fc4fa14806f816f85/element - {"using":"xpath","value":"//button[@data-kt=\"addNewRUOverflowToolbarButton\"]"}
COMMAND: GET /session/ba2432913a596e5fc4fa14806f816f85/screenshot - {}
RESULT: {"using":"xpath","value":"//button[@data-kt=\"addNewRUOverflowToolbarButton\"]"}
COMMAND: POST /session/ba2432913a596e5fc4fa14806f816f85/elements - {"using":"xpath","value":"//button[@data-kt=\"addNewRUOverflowToolbarButton\"]"}
RESULT: {}
RESULT: {"using":"xpath","value":"//button[@data-kt=\"addNewRUOverflowToolbarButton\"]"}
COMMAND: POST /session/ba2432913a596e5fc4fa14806f816f85/elements - {"using":"xpath","value":"//button[@data-kt=\"addNewRUOverflowToolbarButton\"]"}
RESULT: {"using":"xpath","value":"//button[@data-kt=\"addNewRUOverflowToolbarButton\"]"}
COMMAND: POST /session/ba2432913a596e5fc4fa14806f816f85/elements - {"using":"xpath","value":"//button[@data-kt=\"addNewRUOverflowToolbarButton\"]"}
RESULT: {"using":"xpath","value":"//button[@data-kt=\"addNewRUOverflowToolbarButton\"]"}
COMMAND: POST /session/ba2432913a596e5fc4fa14806f816f85/elements - {"using":"xpath","value":"//button[@data-kt=\"addNewRUOverflowToolbarButton\"]"}
RESULT: {"using":"xpath","value":"//button[@data-kt=\"addNewRUOverflowToolbarButton\"]"}
COMMAND: POST /session/ba2432913a596e5fc4fa14806f816f85/elements - {"using":"xpath","value":"//button[@data-kt=\"addNewRUOverflowToolbarButton\"]"}
RESULT: {"using":"xpath","value":"//button[@data-kt=\"addNewRUOverflowToolbarButton\"]"}
COMMAND: POST /session/ba2432913a596e5fc4fa14806f816f85/elements - {"using":"xpath","value":"//button[@data-kt=\"addNewRUOverflowToolbarButton\"]"}
RESULT: {"using":"xpath","value":"//button[@data-kt=\"addNewRUOverflowToolbarButton\"]"}
COMMAND: POST /session/ba2432913a596e5fc4fa14806f816f85/elements - {"using":"xpath","value":"//button[@data-kt=\"addNewRUOverflowToolbarButton\"]"}
RESULT: {"using":"xpath","value":"//button[@data-kt=\"addNewRUOverflowToolbarButton\"]"}
COMMAND: POST /session/ba2432913a596e5fc4fa14806f816f85/elements - {"using":"xpath","value":"//button[@data-kt=\"addNewRUOverflowToolbarButton\"]"}
RESULT: {"using":"xpath","value":"//button[@data-kt=\"addNewRUOverflowToolbarButton\"]"}
COMMAND: POST /session/ba2432913a596e5fc4fa14806f816f85/elements - {"using":"xpath","value":"//button[@data-kt=\"addNewRUOverflowToolbarButton\"]"}
RESULT: {"using":"xpath","value":"//button[@data-kt=\"addNewRUOverflowToolbarButton\"]"}
COMMAND: POST /session/ba2432913a596e5fc4fa14806f816f85/elements - {"using":"xpath","value":"//button[@data-kt=\"addNewRUOverflowToolbarButton\"]"}
RESULT: {"using":"xpath","value":"//button[@data-kt=\"addNewRUOverflowToolbarButton\"]"}
COMMAND: POST /session/ba2432913a596e5fc4fa14806f816f85/elements - {"using":"xpath","value":"//button[@data-kt=\"addNewRUOverflowToolbarButton\"]"}
RESULT: {"using":"xpath","value":"//button[@data-kt=\"addNewRUOverflowToolbarButton\"]"}
COMMAND: POST /session/ba2432913a596e5fc4fa14806f816f85/elements - {"using":"xpath","value":"//button[@data-kt=\"addNewRUOverflowToolbarButton\"]"}
RESULT: {"using":"xpath","value":"//button[@data-kt=\"addNewRUOverflowToolbarButton\"]"}
COMMAND: POST /session/ba2432913a596e5fc4fa14806f816f85/elements - {"using":"xpath","value":"//button[@data-kt=\"addNewRUOverflowToolbarButton\"]"}
RESULT: {"using":"xpath","value":"//button[@data-kt=\"addNewRUOverflowToolbarButton\"]"}
COMMAND: POST /session/ba2432913a596e5fc4fa14806f816f85/elements - {"using":"xpath","value":"//button[@data-kt=\"addNewRUOverflowToolbarButton\"]"}
RESULT: {"using":"xpath","value":"//button[@data-kt=\"addNewRUOverflowToolbarButton\"]"}
COMMAND: POST /session/ba2432913a596e5fc4fa14806f816f85/elements - {"using":"xpath","value":"//button[@data-kt=\"addNewRUOverflowToolbarButton\"]"}
RESULT: {"using":"xpath","value":"//button[@data-kt=\"addNewRUOverflowToolbarButton\"]"}
COMMAND: POST /session/ba2432913a596e5fc4fa14806f816f85/elements - {"using":"xpath","value":"//button[@data-kt=\"addNewRUOverflowToolbarButton\"]"}
RESULT: {"using":"xpath","value":"//button[@data-kt=\"addNewRUOverflowToolbarButton\"]"}
COMMAND: POST /session/ba2432913a596e5fc4fa14806f816f85/elements - {"using":"xpath","value":"//button[@data-kt=\"addNewRUOverflowToolbarButton\"]"}
RESULT: {"using":"xpath","value":"//button[@data-kt=\"addNewRUOverflowToolbarButton\"]"}
COMMAND: POST /session/ba2432913a596e5fc4fa14806f816f85/elements - {"using":"xpath","value":"//button[@data-kt=\"addNewRUOverflowToolbarButton\"]"}
RESULT: {"using":"xpath","value":"//button[@data-kt=\"addNewRUOverflowToolbarButton\"]"}
COMMAND: POST /session/ba2432913a596e5fc4fa14806f816f85/elements - {"using":"xpath","value":"//button[@data-kt=\"addNewRUOverflowToolbarButton\"]"}
RESULT: {"using":"xpath","value":"//button[@data-kt=\"addNewRUOverflowToolbarButton\"]"}
COMMAND: POST /session/ba2432913a596e5fc4fa14806f816f85/elements - {"using":"xpath","value":"//button[@data-kt=\"addNewRUOverflowToolbarButton\"]"}
RESULT: {"using":"xpath","value":"//button[@data-kt=\"addNewRUOverflowToolbarButton\"]"}
COMMAND: POST /session/ba2432913a596e5fc4fa14806f816f85/elements - {"using":"xpath","value":"//button[@data-kt=\"addNewRUOverflowToolbarButton\"]"}
RESULT: {"using":"xpath","value":"//button[@data-kt=\"addNewRUOverflowToolbarButton\"]"}
COMMAND: POST /session/ba2432913a596e5fc4fa14806f816f85/elements - {"using":"xpath","value":"//button[@data-kt=\"addNewRUOverflowToolbarButton\"]"}
RESULT: {"using":"xpath","value":"//button[@data-kt=\"addNewRUOverflowToolbarButton\"]"}
COMMAND: POST /session/ba2432913a596e5fc4fa14806f816f85/element - {"using":"xpath","value":"//button[@data-kt=\"addNewRUOverflowToolbarButton\"]"}
RESULT: {"using":"xpath","value":"//button[@data-kt=\"addNewRUOverflowToolbarButton\"]"}
COMMAND: POST /session/ba2432913a596e5fc4fa14806f816f85/execute/sync - {"script":"<script> [8489 bytes]","args":[{"element-6066-11e4-a52e-4f735466cecf":"f.FF9A1E5259EB1E6B709B859A36B64A29.d.F0730FE23EE80F2ECAB701D8B9F51964.e.14187","ELEMENT":"f.FF9A1E5259EB1E6B709B859A36B64A29.d.F0730FE23EE80F2ECAB701D8B9F51964.e.14187"}]}
RESULT: {"script":"<script> [8489 bytes]","args":[{"element-6066-11e4-a52e-4f735466cecf":"f.FF9A1E5259EB1E6B709B859A36B64A29.d.F0730FE23EE80F2ECAB701D8B9F51964.e.14187","ELEMENT":"f.FF9A1E5259EB1E6B709B859A36B64A29.d.F0730FE23EE80F2ECAB701D8B9F51964.e.14187"}]}
COMMAND: GET /session/ba2432913a596e5fc4fa14806f816f85/element/f.FF9A1E5259EB1E6B709B859A36B64A29.d.F0730FE23EE80F2ECAB701D8B9F51964.e.14187/enabled - {}
COMMAND: GET /session/ba2432913a596e5fc4fa14806f816f85/screenshot - {}
RESULT: {}
COMMAND: POST /session/ba2432913a596e5fc4fa14806f816f85/execute/sync - {"script":"<script> [8489 bytes]","args":[{"element-6066-11e4-a52e-4f735466cecf":"f.FF9A1E5259EB1E6B709B859A36B64A29.d.F0730FE23EE80F2ECAB701D8B9F51964.e.14187","ELEMENT":"f.FF9A1E5259EB1E6B709B859A36B64A29.d.F0730FE23EE80F2ECAB701D8B9F51964.e.14187"}]}
COMMAND: GET /session/ba2432913a596e5fc4fa14806f816f85/screenshot - {}
RESULT: {}
RESULT: {"script":"<script> [8489 bytes]","args":[{"element-6066-11e4-a52e-4f735466cecf":"f.FF9A1E5259EB1E6B709B859A36B64A29.d.F0730FE23EE80F2ECAB701D8B9F51964.e.14187","ELEMENT":"f.FF9A1E5259EB1E6B709B859A36B64A29.d.F0730FE23EE80F2ECAB701D8B9F51964.e.14187"}]}
COMMAND: POST /session/ba2432913a596e5fc4fa14806f816f85/execute/sync - {"script":"<script> [5351 bytes]","args":[{"element-6066-11e4-a52e-4f735466cecf":"f.FF9A1E5259EB1E6B709B859A36B64A29.d.F0730FE23EE80F2ECAB701D8B9F51964.e.14187","ELEMENT":"f.FF9A1E5259EB1E6B709B859A36B64A29.d.F0730FE23EE80F2ECAB701D8B9F51964.e.14187"}]}
COMMAND: GET /session/ba2432913a596e5fc4fa14806f816f85/screenshot - {}
RESULT: {}
RESULT: {"script":"<script> [5351 bytes]","args":[{"element-6066-11e4-a52e-4f735466cecf":"f.FF9A1E5259EB1E6B709B859A36B64A29.d.F0730FE23EE80F2ECAB701D8B9F51964.e.14187","ELEMENT":"f.FF9A1E5259EB1E6B709B859A36B64A29.d.F0730FE23EE80F2ECAB701D8B9F51964.e.14187"}]}
COMMAND: POST /session/ba2432913a596e5fc4fa14806f816f85/element/f.FF9A1E5259EB1E6B709B859A36B64A29.d.F0730FE23EE80F2ECAB701D8B9F51964.e.14187/click - {}
COMMAND: GET /session/ba2432913a596e5fc4fa14806f816f85/screenshot - {}
RESULT: {}
RESULT: {}
COMMAND: GET /session/ba2432913a596e5fc4fa14806f816f85/screenshot - {}
COMMAND: POST /session/ba2432913a596e5fc4fa14806f816f85/execute/async - {"script":"<script> [1562 bytes]","args":[{"selector":{"id":"application-manageresources-display-component---newResourceUnit--TYPE-arrow"},"wdio_ui5_key":"applicationmanageresources-display-component---newResourceUnit--TYPE-arrow"}]}
RESULT: {}
RESULT: {}
RESULT: {"script":"<script> [1562 bytes]","args":[{"selector":{"id":"application-manageresources-display-component---newResourceUnit--TYPE-arrow"},"wdio_ui5_key":"applicationmanageresources-display-component---newResourceUnit--TYPE-arrow"}]}
RESULT: undefined
COMMAND: POST /session/ba2432913a596e5fc4fa14806f816f85/element - {"using":"xpath","value":"//*[@id=\"application-manageresources-display-component---newResourceUnit--TYPE-arrow\"]"}
RESULT: {"using":"xpath","value":"//*[@id=\"application-manageresources-display-component---newResourceUnit--TYPE-arrow\"]"}
COMMAND: POST /session/ba2432913a596e5fc4fa14806f816f85/element/f.FF9A1E5259EB1E6B709B859A36B64A29.d.F0730FE23EE80F2ECAB701D8B9F51964.e.14542/click - {}
RESULT: {}
COMMAND: POST /session/ba2432913a596e5fc4fa14806f816f85/element - {"using":"xpath","value":"//input[@id=\"application-manageresources-display-component---newResourceUnit--TYPE-inner\"]"}
COMMAND: GET /session/ba2432913a596e5fc4fa14806f816f85/screenshot - {}
RESULT: {"using":"xpath","value":"//input[@id=\"application-manageresources-display-component---newResourceUnit--TYPE-inner\"]"}
COMMAND: POST /session/ba2432913a596e5fc4fa14806f816f85/element/f.FF9A1E5259EB1E6B709B859A36B64A29.d.F0730FE23EE80F2ECAB701D8B9F51964.e.14539/clear - {}
RESULT: {}
RESULT: {}
COMMAND: POST /session/ba2432913a596e5fc4fa14806f816f85/element/f.FF9A1E5259EB1E6B709B859A36B64A29.d.F0730FE23EE80F2ECAB701D8B9F51964.e.14539/value - {"text":"Equipment"}
COMMAND: GET /session/ba2432913a596e5fc4fa14806f816f85/screenshot - {}
RESULT: {"text":"Equipment"}
COMMAND: GET /session/ba2432913a596e5fc4fa14806f816f85/screenshot - {}
RESULT: {}
RESULT: {}
COMMAND: POST /session/ba2432913a596e5fc4fa14806f816f85/actions - {"actions":[{"id":"action50","type":"key","parameters":{},"actions":[{"type":"keyDown","value":"î€‡"},{"type":"pause","duration":10},{"type":"keyUp","value":"î€‡"}]}]}
RESULT: {"actions":[{"id":"action50","type":"key","parameters":{},"actions":[{"type":"keyDown","value":"î€‡"},{"type":"pause","duration":10},{"type":"keyUp","value":"î€‡"}]}]}
COMMAND: POST /session/ba2432913a596e5fc4fa14806f816f85/execute/async - {"script":"<script> [1562 bytes]","args":[{"selector":{"id":"application-manageresources-display-component---newResourceUnit--resourceId","interaction":{"idSuffix":"inner"}},"wdio_ui5_key":"applicationmanageresources-display-component---newResourceUnit--resourceId"}]}
COMMAND: GET /session/ba2432913a596e5fc4fa14806f816f85/screenshot - {}
RESULT: {"script":"<script> [1562 bytes]","args":[{"selector":{"id":"application-manageresources-display-component---newResourceUnit--resourceId","interaction":{"idSuffix":"inner"}},"wdio_ui5_key":"applicationmanageresources-display-component---newResourceUnit--resourceId"}]}
RESULT: undefined
COMMAND: POST /session/ba2432913a596e5fc4fa14806f816f85/execute/async - {"script":"<script> [776 bytes]","args":[{"enterText":"dz3pGNzGe8","selector":{"id":"application-manageresources-display-component---newResourceUnit--resourceId","interaction":{"idSuffix":"inner"}},"clearTextFirst":true,"interactionType":"ENTER_TEXT"}]}
RESULT: {}
RESULT: {"script":"<script> [776 bytes]","args":[{"enterText":"dz3pGNzGe8","selector":{"id":"application-manageresources-display-component---newResourceUnit--resourceId","interaction":{"idSuffix":"inner"}},"clearTextFirst":true,"interactionType":"ENTER_TEXT"}]}
COMMAND: POST /session/ba2432913a596e5fc4fa14806f816f85/execute/async - {"script":"<script> [1562 bytes]","args":[{"selector":{"id":"application-manageresources-display-component---newResourceUnit--SHORT_TEXT","interaction":{"idSuffix":"inner"}},"wdio_ui5_key":"applicationmanageresources-display-component---newResourceUnit--SHORT_TEXT"}]}
RESULT: {"script":"<script> [1562 bytes]","args":[{"selector":{"id":"application-manageresources-display-component---newResourceUnit--SHORT_TEXT","interaction":{"idSuffix":"inner"}},"wdio_ui5_key":"applicationmanageresources-display-component---newResourceUnit--SHORT_TEXT"}]}
RESULT: undefined
COMMAND: POST /session/ba2432913a596e5fc4fa14806f816f85/execute/async - {"script":"<script> [776 bytes]","args":[{"enterText":"Intercompany Equipment WDIO","selector":{"id":"application-manageresources-display-component---newResourceUnit--SHORT_TEXT","interaction":{"idSuffix":"inner"}},"clearTextFirst":true,"interactionType":"ENTER_TEXT"}]}
RESULT: {"script":"<script> [776 bytes]","args":[{"enterText":"Intercompany Equipment WDIO","selector":{"id":"application-manageresources-display-component---newResourceUnit--SHORT_TEXT","interaction":{"idSuffix":"inner"}},"clearTextFirst":true,"interactionType":"ENTER_TEXT"}]}
COMMAND: POST /session/ba2432913a596e5fc4fa14806f816f85/execute/async - {"script":"<script> [1562 bytes]","args":[{"selector":{"id":"application-manageresources-display-component---newResourceUnit--BASE_UNIT_OF_MEASURE","interaction":{"idSuffix":"inner"}},"wdio_ui5_key":"applicationmanageresources-display-component---newResourceUnit--BASE_UNIT_OF_MEASURE"}]}
RESULT: {"script":"<script> [1562 bytes]","args":[{"selector":{"id":"application-manageresources-display-component---newResourceUnit--BASE_UNIT_OF_MEASURE","interaction":{"idSuffix":"inner"}},"wdio_ui5_key":"applicationmanageresources-display-component---newResourceUnit--BASE_UNIT_OF_MEASURE"}]}
RESULT: undefined
COMMAND: POST /session/ba2432913a596e5fc4fa14806f816f85/execute/async - {"script":"<script> [776 bytes]","args":[{"enterText":"Piece","selector":{"id":"application-manageresources-display-component---newResourceUnit--BASE_UNIT_OF_MEASURE","interaction":{"idSuffix":"inner"}},"clearTextFirst":true,"interactionType":"ENTER_TEXT"}]}
RESULT: {"script":"<script> [776 bytes]","args":[{"enterText":"Piece","selector":{"id":"application-manageresources-display-component---newResourceUnit--BASE_UNIT_OF_MEASURE","interaction":{"idSuffix":"inner"}},"clearTextFirst":true,"interactionType":"ENTER_TEXT"}]}
COMMAND: POST /session/ba2432913a596e5fc4fa14806f816f85/execute/async - {"script":"<script> [1562 bytes]","args":[{"selector":{"id":"application-manageresources-display-component---newResourceUnit--WEIGHT_UNIT","interaction":{"idSuffix":"inner"}},"wdio_ui5_key":"applicationmanageresources-display-component---newResourceUnit--WEIGHT_UNIT"}]}
RESULT: {"script":"<script> [1562 bytes]","args":[{"selector":{"id":"application-manageresources-display-component---newResourceUnit--WEIGHT_UNIT","interaction":{"idSuffix":"inner"}},"wdio_ui5_key":"applicationmanageresources-display-component---newResourceUnit--WEIGHT_UNIT"}]}
RESULT: undefined
COMMAND: POST /session/ba2432913a596e5fc4fa14806f816f85/execute/async - {"script":"<script> [776 bytes]","args":[{"enterText":"Gram","selector":{"id":"application-manageresources-display-component---newResourceUnit--WEIGHT_UNIT","interaction":{"idSuffix":"inner"}},"clearTextFirst":true,"interactionType":"ENTER_TEXT"}]}
RESULT: {"script":"<script> [776 bytes]","args":[{"enterText":"Gram","selector":{"id":"application-manageresources-display-component---newResourceUnit--WEIGHT_UNIT","interaction":{"idSuffix":"inner"}},"clearTextFirst":true,"interactionType":"ENTER_TEXT"}]}
COMMAND: POST /session/ba2432913a596e5fc4fa14806f816f85/execute/async - {"script":"<script> [1562 bytes]","args":[{"selector":{"id":"application-manageresources-display-component---newResourceUnit--DIMENSION_UNIT","interaction":{"idSuffix":"inner"}},"wdio_ui5_key":"applicationmanageresources-display-component---newResourceUnit--DIMENSION_UNIT"}]}
RESULT: {"script":"<script> [1562 bytes]","args":[{"selector":{"id":"application-manageresources-display-component---newResourceUnit--DIMENSION_UNIT","interaction":{"idSuffix":"inner"}},"wdio_ui5_key":"applicationmanageresources-display-component---newResourceUnit--DIMENSION_UNIT"}]}
RESULT: undefined
COMMAND: POST /session/ba2432913a596e5fc4fa14806f816f85/execute/async - {"script":"<script> [776 bytes]","args":[{"enterText":"Meter","selector":{"id":"application-manageresources-display-component---newResourceUnit--DIMENSION_UNIT","interaction":{"idSuffix":"inner"}},"clearTextFirst":true,"interactionType":"ENTER_TEXT"}]}
RESULT: {"script":"<script> [776 bytes]","args":[{"enterText":"Meter","selector":{"id":"application-manageresources-display-component---newResourceUnit--DIMENSION_UNIT","interaction":{"idSuffix":"inner"}},"clearTextFirst":true,"interactionType":"ENTER_TEXT"}]}
COMMAND: POST /session/ba2432913a596e5fc4fa14806f816f85/execute/async - {"script":"<script> [1562 bytes]","args":[{"selector":{"id":"application-manageresources-display-component---newResourceUnit--newRRUPage-anchBar-application-manageresources-display-component---newResourceUnit--control-anchor","interaction":{"idSuffix":"BDI-content"}},"wdio_ui5_key":"applicationmanageresources-display-component---newResourceUnit--newRRUPage-anchBar-application-manageresources-display-component---newResourceUnit--control-anchor"}]}
RESULT: {"script":"<script> [1562 bytes]","args":[{"selector":{"id":"application-manageresources-display-component---newResourceUnit--newRRUPage-anchBar-application-manageresources-display-component---newResourceUnit--control-anchor","interaction":{"idSuffix":"BDI-content"}},"wdio_ui5_key":"applicationmanageresources-display-component---newResourceUnit--newRRUPage-anchBar-application-manageresources-display-component---newResourceUnit--control-anchor"}]}
RESULT: undefined
COMMAND: POST /session/ba2432913a596e5fc4fa14806f816f85/element - {"using":"xpath","value":"//*[@id=\"application-manageresources-display-component---newResourceUnit--newRRUPage-anchBar-application-manageresources-display-component---newResourceUnit--control-anchor\"]"}
RESULT: {"using":"xpath","value":"//*[@id=\"application-manageresources-display-component---newResourceUnit--newRRUPage-anchBar-application-manageresources-display-component---newResourceUnit--control-anchor\"]"}
COMMAND: POST /session/ba2432913a596e5fc4fa14806f816f85/element/f.FF9A1E5259EB1E6B709B859A36B64A29.d.F0730FE23EE80F2ECAB701D8B9F51964.e.14677/click - {}
RESULT: {}
COMMAND: POST /session/ba2432913a596e5fc4fa14806f816f85/execute/async - {"script":"<script> [1562 bytes]","args":[{"selector":{"id":"application-manageresources-display-component---newResourceUnit--PLANNING_GROUP","interaction":{"idSuffix":"inner"}},"wdio_ui5_key":"applicationmanageresources-display-component---newResourceUnit--PLANNING_GROUP"}]}
COMMAND: GET /session/ba2432913a596e5fc4fa14806f816f85/screenshot - {}
RESULT: {"script":"<script> [1562 bytes]","args":[{"selector":{"id":"application-manageresources-display-component---newResourceUnit--PLANNING_GROUP","interaction":{"idSuffix":"inner"}},"wdio_ui5_key":"applicationmanageresources-display-component---newResourceUnit--PLANNING_GROUP"}]}
RESULT: undefined
COMMAND: POST /session/ba2432913a596e5fc4fa14806f816f85/execute/async - {"script":"<script> [776 bytes]","args":[{"enterText":"Heavy Equi","selector":{"id":"application-manageresources-display-component---newResourceUnit--PLANNING_GROUP","interaction":{"idSuffix":"inner"}},"clearTextFirst":true,"interactionType":"ENTER_TEXT"}]}
RESULT: {}
RESULT: {"script":"<script> [776 bytes]","args":[{"enterText":"Heavy Equi","selector":{"id":"application-manageresources-display-component---newResourceUnit--PLANNING_GROUP","interaction":{"idSuffix":"inner"}},"clearTextFirst":true,"interactionType":"ENTER_TEXT"}]}
COMMAND: POST /session/ba2432913a596e5fc4fa14806f816f85/execute/async - {"script":"<script> [1562 bytes]","args":[{"selector":{"id":"application-manageresources-display-component---newResourceUnit--ITEM_TYPE-arrow"},"wdio_ui5_key":"applicationmanageresources-display-component---newResourceUnit--ITEM_TYPE-arrow"}]}
RESULT: {"script":"<script> [1562 bytes]","args":[{"selector":{"id":"application-manageresources-display-component---newResourceUnit--ITEM_TYPE-arrow"},"wdio_ui5_key":"applicationmanageresources-display-component---newResourceUnit--ITEM_TYPE-arrow"}]}
RESULT: undefined
COMMAND: POST /session/ba2432913a596e5fc4fa14806f816f85/element - {"using":"xpath","value":"//*[@id=\"application-manageresources-display-component---newResourceUnit--ITEM_TYPE-arrow\"]"}
RESULT: {"using":"xpath","value":"//*[@id=\"application-manageresources-display-component---newResourceUnit--ITEM_TYPE-arrow\"]"}
COMMAND: POST /session/ba2432913a596e5fc4fa14806f816f85/element/f.FF9A1E5259EB1E6B709B859A36B64A29.d.F0730FE23EE80F2ECAB701D8B9F51964.e.14684/click - {}
RESULT: {}
COMMAND: POST /session/ba2432913a596e5fc4fa14806f816f85/element - {"using":"xpath","value":"(//span[contains(text(), \"Resource Unit\")])[2]"}
COMMAND: GET /session/ba2432913a596e5fc4fa14806f816f85/screenshot - {}
RESULT: {"using":"xpath","value":"(//span[contains(text(), \"Resource Unit\")])[2]"}
COMMAND: POST /session/ba2432913a596e5fc4fa14806f816f85/element/f.FF9A1E5259EB1E6B709B859A36B64A29.d.F0730FE23EE80F2ECAB701D8B9F51964.e.14685/click - {}
RESULT: {}
RESULT: {}
COMMAND: GET /session/ba2432913a596e5fc4fa14806f816f85/screenshot - {}
RESULT: {}
COMMAND: POST /session/ba2432913a596e5fc4fa14806f816f85/element - {"using":"css selector","value":"#application-manageresources-display-component---newResourceUnit--btnAddTimeSegment"}
RESULT: {"using":"css selector","value":"#application-manageresources-display-component---newResourceUnit--btnAddTimeSegment"}
COMMAND: GET /session/ba2432913a596e5fc4fa14806f816f85/element/f.FF9A1E5259EB1E6B709B859A36B64A29.d.F0730FE23EE80F2ECAB701D8B9F51964.e.14686/rect - {}
RESULT: {}
COMMAND: GET /session/ba2432913a596e5fc4fa14806f816f85/window/rect - {}
RESULT: {}
COMMAND: POST /session/ba2432913a596e5fc4fa14806f816f85/execute/sync - {"script":"<script> [92 bytes]","args":[]}
RESULT: {"script":"<script> [92 bytes]","args":[]}
COMMAND: POST /session/ba2432913a596e5fc4fa14806f816f85/actions - {"actions":[{"id":"action51","type":"wheel","parameters":{},"actions":[{"type":"scroll","x":-1888,"y":-32,"deltaX":0,"deltaY":0,"duration":0,"origin":{"element-6066-11e4-a52e-4f735466cecf":"f.FF9A1E5259EB1E6B709B859A36B64A29.d.F0730FE23EE80F2ECAB701D8B9F51964.e.14686"}}]}]}
COMMAND: GET /session/ba2432913a596e5fc4fa14806f816f85/screenshot - {}
RESULT: {}
COMMAND: POST /session/ba2432913a596e5fc4fa14806f816f85/execute/sync - {"script":"<script> [79 bytes]","args":[{"element-6066-11e4-a52e-4f735466cecf":"f.FF9A1E5259EB1E6B709B859A36B64A29.d.F0730FE23EE80F2ECAB701D8B9F51964.e.14686","ELEMENT":"f.FF9A1E5259EB1E6B709B859A36B64A29.d.F0730FE23EE80F2ECAB701D8B9F51964.e.14686"},{"block":"start","inline":"nearest"}]}
RESULT: {"script":"<script> [79 bytes]","args":[{"element-6066-11e4-a52e-4f735466cecf":"f.FF9A1E5259EB1E6B709B859A36B64A29.d.F0730FE23EE80F2ECAB701D8B9F51964.e.14686","ELEMENT":"f.FF9A1E5259EB1E6B709B859A36B64A29.d.F0730FE23EE80F2ECAB701D8B9F51964.e.14686"},{"block":"start","inline":"nearest"}]}
COMMAND: POST /session/ba2432913a596e5fc4fa14806f816f85/execute/async - {"script":"<script> [1562 bytes]","args":[{"selector":{"id":"application-manageresources-display-component---newResourceUnit--btnAddTimeSegment","interaction":{"idSuffix":"inner"}},"wdio_ui5_key":"applicationmanageresources-display-component---newResourceUnit--btnAddTimeSegment"}]}
COMMAND: GET /session/ba2432913a596e5fc4fa14806f816f85/screenshot - {}
RESULT: {"script":"<script> [1562 bytes]","args":[{"selector":{"id":"application-manageresources-display-component---newResourceUnit--btnAddTimeSegment","interaction":{"idSuffix":"inner"}},"wdio_ui5_key":"applicationmanageresources-display-component---newResourceUnit--btnAddTimeSegment"}]}
RESULT: undefined
COMMAND: POST /session/ba2432913a596e5fc4fa14806f816f85/element - {"using":"xpath","value":"//*[@id=\"application-manageresources-display-component---newResourceUnit--btnAddTimeSegment\"]"}
RESULT: {}
RESULT: {"using":"xpath","value":"//*[@id=\"application-manageresources-display-component---newResourceUnit--btnAddTimeSegment\"]"}
COMMAND: POST /session/ba2432913a596e5fc4fa14806f816f85/element/f.FF9A1E5259EB1E6B709B859A36B64A29.d.F0730FE23EE80F2ECAB701D8B9F51964.e.14686/click - {}
RESULT: {}
COMMAND: GET /session/ba2432913a596e5fc4fa14806f816f85/screenshot - {}
RESULT: {}
COMMAND: POST /session/ba2432913a596e5fc4fa14806f816f85/element - {"using":"xpath","value":"//input[@id=\"application-manageresources-display-component---newResourceUnit--idRuTSAdmin-application-manageresources-display-component---newResourceUnit--RUTimeSegment-0-inner\"]"}
RESULT: {"using":"xpath","value":"//input[@id=\"application-manageresources-display-component---newResourceUnit--idRuTSAdmin-application-manageresources-display-component---newResourceUnit--RUTimeSegment-0-inner\"]"}
COMMAND: POST /session/ba2432913a596e5fc4fa14806f816f85/element/f.FF9A1E5259EB1E6B709B859A36B64A29.d.F0730FE23EE80F2ECAB701D8B9F51964.e.14692/clear - {}
RESULT: {}
COMMAND: POST /session/ba2432913a596e5fc4fa14806f816f85/element/f.FF9A1E5259EB1E6B709B859A36B64A29.d.F0730FE23EE80F2ECAB701D8B9F51964.e.14692/value - {"text":"531"}
COMMAND: GET /session/ba2432913a596e5fc4fa14806f816f85/screenshot - {}
RESULT: {"text":"531"}
COMMAND: GET /session/ba2432913a596e5fc4fa14806f816f85/screenshot - {}
RESULT: {}
RESULT: {}
COMMAND: POST /session/ba2432913a596e5fc4fa14806f816f85/element - {"using":"xpath","value":"//li[.//span[text()='531']]"}
RESULT: {"using":"xpath","value":"//li[.//span[text()='531']]"}
COMMAND: POST /session/ba2432913a596e5fc4fa14806f816f85/element/f.FF9A1E5259EB1E6B709B859A36B64A29.d.F0730FE23EE80F2ECAB701D8B9F51964.e.14704/click - {}
RESULT: {}
COMMAND: GET /session/ba2432913a596e5fc4fa14806f816f85/screenshot - {}
RESULT: {}
COMMAND: POST /session/ba2432913a596e5fc4fa14806f816f85/element - {"using":"xpath","value":"(//span[contains(@id, \"-application-manageresources-display-component---newResourceUnit--RUTimeSegment-0-arrow\")])[6]"}
RESULT: {"using":"xpath","value":"(//span[contains(@id, \"-application-manageresources-display-component---newResourceUnit--RUTimeSegment-0-arrow\")])[6]"}
COMMAND: POST /session/ba2432913a596e5fc4fa14806f816f85/element/f.FF9A1E5259EB1E6B709B859A36B64A29.d.F0730FE23EE80F2ECAB701D8B9F51964.e.14705/click - {}
RESULT: {}
COMMAND: GET /session/ba2432913a596e5fc4fa14806f816f85/screenshot - {}
RESULT: {}
COMMAND: POST /session/ba2432913a596e5fc4fa14806f816f85/element - {"using":"xpath","value":"//span[contains(text(), \"PM Order\")]"}
RESULT: {"using":"xpath","value":"//span[contains(text(), \"PM Order\")]"}
COMMAND: POST /session/ba2432913a596e5fc4fa14806f816f85/element/f.FF9A1E5259EB1E6B709B859A36B64A29.d.F0730FE23EE80F2ECAB701D8B9F51964.e.14708/click - {}
RESULT: {}
COMMAND: GET /session/ba2432913a596e5fc4fa14806f816f85/screenshot - {}
RESULT: {}
COMMAND: POST /session/ba2432913a596e5fc4fa14806f816f85/element - {"using":"xpath","value":"(//span[contains(@id ,\"manageresources-display-component---newResourceUnit--RUTimeSegment-0-vhi\")])[1]"}
RESULT: {"using":"xpath","value":"(//span[contains(@id ,\"manageresources-display-component---newResourceUnit--RUTimeSegment-0-vhi\")])[1]"}
COMMAND: GET /session/ba2432913a596e5fc4fa14806f816f85/element/f.FF9A1E5259EB1E6B709B859A36B64A29.d.F0730FE23EE80F2ECAB701D8B9F51964.e.14712/rect - {}
RESULT: {}
COMMAND: GET /session/ba2432913a596e5fc4fa14806f816f85/window/rect - {}
RESULT: {}
COMMAND: POST /session/ba2432913a596e5fc4fa14806f816f85/execute/sync - {"script":"<script> [92 bytes]","args":[]}
RESULT: {"script":"<script> [92 bytes]","args":[]}
COMMAND: POST /session/ba2432913a596e5fc4fa14806f816f85/actions - {"actions":[{"id":"action52","type":"wheel","parameters":{},"actions":[{"type":"scroll","x":-869,"y":-24,"deltaX":0,"deltaY":0,"duration":0,"origin":{"element-6066-11e4-a52e-4f735466cecf":"f.FF9A1E5259EB1E6B709B859A36B64A29.d.F0730FE23EE80F2ECAB701D8B9F51964.e.14712"}}]}]}
COMMAND: GET /session/ba2432913a596e5fc4fa14806f816f85/screenshot - {}
RESULT: {"actions":[{"id":"action52","type":"wheel","parameters":{},"actions":[{"type":"scroll","x":-869,"y":-24,"deltaX":0,"deltaY":0,"duration":0,"origin":{"element-6066-11e4-a52e-4f735466cecf":"f.FF9A1E5259EB1E6B709B859A36B64A29.d.F0730FE23EE80F2ECAB701D8B9F51964.e.14712"}}]}]}
COMMAND: DELETE /session/ba2432913a596e5fc4fa14806f816f85/actions - {}
COMMAND: GET /session/ba2432913a596e5fc4fa14806f816f85/screenshot - {}
RESULT: {}
RESULT: {}
COMMAND: GET /session/ba2432913a596e5fc4fa14806f816f85/screenshot - {}
RESULT: {}
RESULT: {}
COMMAND: POST /session/ba2432913a596e5fc4fa14806f816f85/element/f.FF9A1E5259EB1E6B709B859A36B64A29.d.F0730FE23EE80F2ECAB701D8B9F51964.e.14712/click - {}
RESULT: {}
COMMAND: GET /session/ba2432913a596e5fc4fa14806f816f85/screenshot - {}
RESULT: {}
COMMAND: POST /session/ba2432913a596e5fc4fa14806f816f85/execute/async - {"script":"<script> [1562 bytes]","args":[{"selector":{"controlType":"sap.m.SearchField","properties":{"placeholder":"Search"},"searchOpenDialogs":true,"interaction":{"idSuffix":"I"}},"wdio_ui5_key":"sapm.SearchField{\"placeholder\":\"Search\"}"}]}
RESULT: {"script":"<script> [1562 bytes]","args":[{"selector":{"controlType":"sap.m.SearchField","properties":{"placeholder":"Search"},"searchOpenDialogs":true,"interaction":{"idSuffix":"I"}},"wdio_ui5_key":"sapm.SearchField{\"placeholder\":\"Search\"}"}]}
RESULT: undefined
COMMAND: POST /session/ba2432913a596e5fc4fa14806f816f85/execute/async - {"script":"<script> [776 bytes]","args":[{"enterText":"4000360","selector":{"controlType":"sap.m.SearchField","properties":{"placeholder":"Search"},"searchOpenDialogs":true,"interaction":{"idSuffix":"I"}},"clearTextFirst":true,"interactionType":"ENTER_TEXT"}]}
RESULT: {"script":"<script> [776 bytes]","args":[{"enterText":"4000360","selector":{"controlType":"sap.m.SearchField","properties":{"placeholder":"Search"},"searchOpenDialogs":true,"interaction":{"idSuffix":"I"}},"clearTextFirst":true,"interactionType":"ENTER_TEXT"}]}
COMMAND: POST /session/ba2432913a596e5fc4fa14806f816f85/actions - {"actions":[{"id":"action53","type":"key","parameters":{},"actions":[{"type":"keyDown","value":"î€‡"},{"type":"pause","duration":10},{"type":"keyUp","value":"î€‡"}]}]}
RESULT: {"actions":[{"id":"action53","type":"key","parameters":{},"actions":[{"type":"keyDown","value":"î€‡"},{"type":"pause","duration":10},{"type":"keyUp","value":"î€‡"}]}]}
COMMAND: GET /session/ba2432913a596e5fc4fa14806f816f85/screenshot - {}
RESULT: {}
COMMAND: POST /session/ba2432913a596e5fc4fa14806f816f85/element - {"using":"xpath","value":"//td/div/span[contains(text(), \"BGL Vehicles\")]"}
RESULT: {"using":"xpath","value":"//td/div/span[contains(text(), \"BGL Vehicles\")]"}
COMMAND: POST /session/ba2432913a596e5fc4fa14806f816f85/element/f.FF9A1E5259EB1E6B709B859A36B64A29.d.F0730FE23EE80F2ECAB701D8B9F51964.e.14735/click - {}
RESULT: {}
COMMAND: GET /session/ba2432913a596e5fc4fa14806f816f85/screenshot - {}
RESULT: {}
COMMAND: POST /session/ba2432913a596e5fc4fa14806f816f85/element - {"using":"xpath","value":"//bdi[contains(text(), \"OK\")]"}
RESULT: {"using":"xpath","value":"//bdi[contains(text(), \"OK\")]"}
COMMAND: POST /session/ba2432913a596e5fc4fa14806f816f85/element/f.FF9A1E5259EB1E6B709B859A36B64A29.d.F0730FE23EE80F2ECAB701D8B9F51964.e.14736/click - {}
RESULT: {}
COMMAND: GET /session/ba2432913a596e5fc4fa14806f816f85/screenshot - {}
RESULT: {}
COMMAND: POST /session/ba2432913a596e5fc4fa14806f816f85/execute/async - {"script":"<script> [1562 bytes]","args":[{"selector":{"id":"application-manageresources-display-component---newResourceUnit--newRRUPage-anchBar-application-manageresources-display-component---newResourceUnit--resource-anchor","interaction":{"idSuffix":"BDI-content"}},"wdio_ui5_key":"applicationmanageresources-display-component---newResourceUnit--newRRUPage-anchBar-application-manageresources-display-component---newResourceUnit--resource-anchor"}]}
RESULT: {"script":"<script> [1562 bytes]","args":[{"selector":{"id":"application-manageresources-display-component---newResourceUnit--newRRUPage-anchBar-application-manageresources-display-component---newResourceUnit--resource-anchor","interaction":{"idSuffix":"BDI-content"}},"wdio_ui5_key":"applicationmanageresources-display-component---newResourceUnit--newRRUPage-anchBar-application-manageresources-display-component---newResourceUnit--resource-anchor"}]}
RESULT: undefined
COMMAND: POST /session/ba2432913a596e5fc4fa14806f816f85/element - {"using":"xpath","value":"//*[@id=\"application-manageresources-display-component---newResourceUnit--newRRUPage-anchBar-application-manageresources-display-component---newResourceUnit--resource-anchor\"]"}
RESULT: {"using":"xpath","value":"//*[@id=\"application-manageresources-display-component---newResourceUnit--newRRUPage-anchBar-application-manageresources-display-component---newResourceUnit--resource-anchor\"]"}
COMMAND: POST /session/ba2432913a596e5fc4fa14806f816f85/element/f.FF9A1E5259EB1E6B709B859A36B64A29.d.F0730FE23EE80F2ECAB701D8B9F51964.e.14740/click - {}
RESULT: {}
COMMAND: POST /session/ba2432913a596e5fc4fa14806f816f85/execute/async - {"script":"<script> [1562 bytes]","args":[{"selector":{"id":"application-manageresources-display-component---newResourceUnit--PLANNED_DELIVERY_DATE","interaction":{"idSuffix":"inner"}},"wdio_ui5_key":"applicationmanageresources-display-component---newResourceUnit--PLANNED_DELIVERY_DATE"}]}
COMMAND: GET /session/ba2432913a596e5fc4fa14806f816f85/screenshot - {}
RESULT: {"script":"<script> [1562 bytes]","args":[{"selector":{"id":"application-manageresources-display-component---newResourceUnit--PLANNED_DELIVERY_DATE","interaction":{"idSuffix":"inner"}},"wdio_ui5_key":"applicationmanageresources-display-component---newResourceUnit--PLANNED_DELIVERY_DATE"}]}
RESULT: undefined
COMMAND: POST /session/ba2432913a596e5fc4fa14806f816f85/execute/async - {"script":"<script> [6424 bytes]","args":[{"element-6066-11e4-a52e-4f735466cecf":"f.FF9A1E5259EB1E6B709B859A36B64A29.d.F0730FE23EE80F2ECAB701D8B9F51964.e.14600"},"setValue",["5/3/25"]]}
RESULT: {}
RESULT: {"script":"<script> [6424 bytes]","args":[{"element-6066-11e4-a52e-4f735466cecf":"f.FF9A1E5259EB1E6B709B859A36B64A29.d.F0730FE23EE80F2ECAB701D8B9F51964.e.14600"},"setValue",["5/3/25"]]}
COMMAND: POST /session/ba2432913a596e5fc4fa14806f816f85/element - {"using":"xpath","value":"//button[@data-kt=\"resourceUnitSaveButton\"]"}
RESULT: {"using":"xpath","value":"//button[@data-kt=\"resourceUnitSaveButton\"]"}
COMMAND: POST /session/ba2432913a596e5fc4fa14806f816f85/element/f.FF9A1E5259EB1E6B709B859A36B64A29.d.F0730FE23EE80F2ECAB701D8B9F51964.e.14560/click - {}
RESULT: {}
COMMAND: GET /session/ba2432913a596e5fc4fa14806f816f85/screenshot - {}
RESULT: {}
COMMAND: POST /session/ba2432913a596e5fc4fa14806f816f85/element - {"using":"xpath","value":"//bdi[contains(text(), \"Close\")]"}
RESULT: {"using":"xpath","value":"//bdi[contains(text(), \"Close\")]"}
COMMAND: POST /session/ba2432913a596e5fc4fa14806f816f85/element/f.FF9A1E5259EB1E6B709B859A36B64A29.d.F0730FE23EE80F2ECAB701D8B9F51964.e.14748/click - {}
RESULT: {}
COMMAND: GET /session/ba2432913a596e5fc4fa14806f816f85/screenshot - {}
RESULT: {}
COMMAND: POST /session/ba2432913a596e5fc4fa14806f816f85/element - {"using":"xpath","value":"(//button[contains(@id ,\"actionsToolbar-overflowButton\")])[1]"}
RESULT: {"using":"xpath","value":"(//button[contains(@id ,\"actionsToolbar-overflowButton\")])[1]"}
COMMAND: POST /session/ba2432913a596e5fc4fa14806f816f85/element/f.FF9A1E5259EB1E6B709B859A36B64A29.d.F0730FE23EE80F2ECAB701D8B9F51964.e.14780/click - {}
RESULT: {}
COMMAND: GET /session/ba2432913a596e5fc4fa14806f816f85/screenshot - {}
RESULT: {}
COMMAND: POST /session/ba2432913a596e5fc4fa14806f816f85/element - {"using":"xpath","value":"//button[@data-kt=\"priceInfoButton\"]"}
RESULT: {"using":"xpath","value":"//button[@data-kt=\"priceInfoButton\"]"}
COMMAND: POST /session/ba2432913a596e5fc4fa14806f816f85/element/f.FF9A1E5259EB1E6B709B859A36B64A29.d.F0730FE23EE80F2ECAB701D8B9F51964.e.14782/click - {}
RESULT: {}
COMMAND: GET /session/ba2432913a596e5fc4fa14806f816f85/screenshot - {}
RESULT: {}
]]></system-out>
    </testcase>
    <testcase classname="chrome.135_0_7049_96.windows.Performance_based_billing_(work_days)_US139742" name="Should create a pricing rule perf based on the equipment" time="59.142">
      <system-out><![CDATA[
COMMAND: POST /session/ba2432913a596e5fc4fa14806f816f85/element - {"using":"xpath","value":"//button[@data-kt=\"addButton\"]"}
RESULT: {"using":"xpath","value":"//button[@data-kt=\"addButton\"]"}
COMMAND: POST /session/ba2432913a596e5fc4fa14806f816f85/elements - {"using":"xpath","value":"//button[@data-kt=\"addButton\"]"}
RESULT: {"using":"xpath","value":"//button[@data-kt=\"addButton\"]"}
COMMAND: POST /session/ba2432913a596e5fc4fa14806f816f85/elements - {"using":"xpath","value":"//button[@data-kt=\"addButton\"]"}
RESULT: {"using":"xpath","value":"//button[@data-kt=\"addButton\"]"}
COMMAND: POST /session/ba2432913a596e5fc4fa14806f816f85/element - {"using":"xpath","value":"//button[@data-kt=\"addButton\"]"}
RESULT: {"using":"xpath","value":"//button[@data-kt=\"addButton\"]"}
COMMAND: POST /session/ba2432913a596e5fc4fa14806f816f85/execute/sync - {"script":"<script> [8489 bytes]","args":[{"element-6066-11e4-a52e-4f735466cecf":"f.FF9A1E5259EB1E6B709B859A36B64A29.d.F0730FE23EE80F2ECAB701D8B9F51964.e.14819","ELEMENT":"f.FF9A1E5259EB1E6B709B859A36B64A29.d.F0730FE23EE80F2ECAB701D8B9F51964.e.14819"}]}
RESULT: {"script":"<script> [8489 bytes]","args":[{"element-6066-11e4-a52e-4f735466cecf":"f.FF9A1E5259EB1E6B709B859A36B64A29.d.F0730FE23EE80F2ECAB701D8B9F51964.e.14819","ELEMENT":"f.FF9A1E5259EB1E6B709B859A36B64A29.d.F0730FE23EE80F2ECAB701D8B9F51964.e.14819"}]}
COMMAND: GET /session/ba2432913a596e5fc4fa14806f816f85/element/f.FF9A1E5259EB1E6B709B859A36B64A29.d.F0730FE23EE80F2ECAB701D8B9F51964.e.14819/enabled - {}
COMMAND: GET /session/ba2432913a596e5fc4fa14806f816f85/screenshot - {}
RESULT: {}
COMMAND: POST /session/ba2432913a596e5fc4fa14806f816f85/execute/sync - {"script":"<script> [8489 bytes]","args":[{"element-6066-11e4-a52e-4f735466cecf":"f.FF9A1E5259EB1E6B709B859A36B64A29.d.F0730FE23EE80F2ECAB701D8B9F51964.e.14819","ELEMENT":"f.FF9A1E5259EB1E6B709B859A36B64A29.d.F0730FE23EE80F2ECAB701D8B9F51964.e.14819"}]}
COMMAND: GET /session/ba2432913a596e5fc4fa14806f816f85/screenshot - {}
RESULT: {}
RESULT: {"script":"<script> [8489 bytes]","args":[{"element-6066-11e4-a52e-4f735466cecf":"f.FF9A1E5259EB1E6B709B859A36B64A29.d.F0730FE23EE80F2ECAB701D8B9F51964.e.14819","ELEMENT":"f.FF9A1E5259EB1E6B709B859A36B64A29.d.F0730FE23EE80F2ECAB701D8B9F51964.e.14819"}]}
COMMAND: POST /session/ba2432913a596e5fc4fa14806f816f85/execute/sync - {"script":"<script> [5351 bytes]","args":[{"element-6066-11e4-a52e-4f735466cecf":"f.FF9A1E5259EB1E6B709B859A36B64A29.d.F0730FE23EE80F2ECAB701D8B9F51964.e.14819","ELEMENT":"f.FF9A1E5259EB1E6B709B859A36B64A29.d.F0730FE23EE80F2ECAB701D8B9F51964.e.14819"}]}
COMMAND: GET /session/ba2432913a596e5fc4fa14806f816f85/screenshot - {}
RESULT: {}
RESULT: {"script":"<script> [5351 bytes]","args":[{"element-6066-11e4-a52e-4f735466cecf":"f.FF9A1E5259EB1E6B709B859A36B64A29.d.F0730FE23EE80F2ECAB701D8B9F51964.e.14819","ELEMENT":"f.FF9A1E5259EB1E6B709B859A36B64A29.d.F0730FE23EE80F2ECAB701D8B9F51964.e.14819"}]}
COMMAND: POST /session/ba2432913a596e5fc4fa14806f816f85/element/f.FF9A1E5259EB1E6B709B859A36B64A29.d.F0730FE23EE80F2ECAB701D8B9F51964.e.14819/click - {}
COMMAND: GET /session/ba2432913a596e5fc4fa14806f816f85/screenshot - {}
RESULT: {}
RESULT: {}
COMMAND: GET /session/ba2432913a596e5fc4fa14806f816f85/screenshot - {}
RESULT: {}
RESULT: {}
COMMAND: POST /session/ba2432913a596e5fc4fa14806f816f85/execute/async - {"script":"<script> [1562 bytes]","args":[{"selector":{"controlType":"sap.m.Title","viewName":"etm.portal.ui.managepricingrules.view.NewItem","viewId":"application-managepricingrules-display-component---newInfoPriceItem","properties":{"text":"New Pricing Rules - Item Level"}},"wdio_ui5_key":"etmportal.ui.managepricingrules.view.NewItemsap.m.Title{\"text\":\"New Pricing Rules - Item Level\"}"}]}
RESULT: {"script":"<script> [1562 bytes]","args":[{"selector":{"controlType":"sap.m.Title","viewName":"etm.portal.ui.managepricingrules.view.NewItem","viewId":"application-managepricingrules-display-component---newInfoPriceItem","properties":{"text":"New Pricing Rules - Item Level"}},"wdio_ui5_key":"etmportal.ui.managepricingrules.view.NewItemsap.m.Title{\"text\":\"New Pricing Rules - Item Level\"}"}]}
RESULT: undefined
COMMAND: POST /session/ba2432913a596e5fc4fa14806f816f85/execute/async - {"script":"<script> [6424 bytes]","args":[{"element-6066-11e4-a52e-4f735466cecf":"f.FF9A1E5259EB1E6B709B859A36B64A29.d.F0730FE23EE80F2ECAB701D8B9F51964.e.14946"},"getText",[]]}
RESULT: {"script":"<script> [6424 bytes]","args":[{"element-6066-11e4-a52e-4f735466cecf":"f.FF9A1E5259EB1E6B709B859A36B64A29.d.F0730FE23EE80F2ECAB701D8B9F51964.e.14946"},"getText",[]]}
COMMAND: POST /session/ba2432913a596e5fc4fa14806f816f85/execute/async - {"script":"<script> [1562 bytes]","args":[{"selector":{"id":"application-managepricingrules-display-component---newInfoPriceItem--condValidTo","interaction":{"idSuffix":"inner"}},"wdio_ui5_key":"applicationmanagepricingrules-display-component---newInfoPriceItem--condValidTo"}]}
RESULT: {"script":"<script> [1562 bytes]","args":[{"selector":{"id":"application-managepricingrules-display-component---newInfoPriceItem--condValidTo","interaction":{"idSuffix":"inner"}},"wdio_ui5_key":"applicationmanagepricingrules-display-component---newInfoPriceItem--condValidTo"}]}
RESULT: undefined
COMMAND: POST /session/ba2432913a596e5fc4fa14806f816f85/execute/async - {"script":"<script> [776 bytes]","args":[{"enterText":"01/03/26","selector":{"id":"application-managepricingrules-display-component---newInfoPriceItem--condValidTo","interaction":{"idSuffix":"inner"}},"clearTextFirst":true,"interactionType":"ENTER_TEXT"}]}
RESULT: {"script":"<script> [776 bytes]","args":[{"enterText":"01/03/26","selector":{"id":"application-managepricingrules-display-component---newInfoPriceItem--condValidTo","interaction":{"idSuffix":"inner"}},"clearTextFirst":true,"interactionType":"ENTER_TEXT"}]}
COMMAND: POST /session/ba2432913a596e5fc4fa14806f816f85/execute/async - {"script":"<script> [1562 bytes]","args":[{"selector":{"id":"application-managepricingrules-display-component---newInfoPriceItem--billType-arrow"},"wdio_ui5_key":"applicationmanagepricingrules-display-component---newInfoPriceItem--billType-arrow"}]}
RESULT: {"script":"<script> [1562 bytes]","args":[{"selector":{"id":"application-managepricingrules-display-component---newInfoPriceItem--billType-arrow"},"wdio_ui5_key":"applicationmanagepricingrules-display-component---newInfoPriceItem--billType-arrow"}]}
RESULT: undefined
COMMAND: POST /session/ba2432913a596e5fc4fa14806f816f85/element - {"using":"xpath","value":"//*[@id=\"application-managepricingrules-display-component---newInfoPriceItem--billType-arrow\"]"}
RESULT: {"using":"xpath","value":"//*[@id=\"application-managepricingrules-display-component---newInfoPriceItem--billType-arrow\"]"}
COMMAND: POST /session/ba2432913a596e5fc4fa14806f816f85/element/f.FF9A1E5259EB1E6B709B859A36B64A29.d.F0730FE23EE80F2ECAB701D8B9F51964.e.14948/click - {}
RESULT: {}
COMMAND: POST /session/ba2432913a596e5fc4fa14806f816f85/element - {"using":"xpath","value":"//span[contains(text(), \"PB - Performance based\")]"}
COMMAND: GET /session/ba2432913a596e5fc4fa14806f816f85/screenshot - {}
RESULT: {"using":"xpath","value":"//span[contains(text(), \"PB - Performance based\")]"}
COMMAND: POST /session/ba2432913a596e5fc4fa14806f816f85/element/f.FF9A1E5259EB1E6B709B859A36B64A29.d.F0730FE23EE80F2ECAB701D8B9F51964.e.14949/click - {}
RESULT: {}
RESULT: {}
COMMAND: POST /session/ba2432913a596e5fc4fa14806f816f85/execute/async - {"script":"<script> [1562 bytes]","args":[{"selector":{"id":"application-managepricingrules-display-component---newInfoPriceItem--priceProc-arrow"},"wdio_ui5_key":"applicationmanagepricingrules-display-component---newInfoPriceItem--priceProc-arrow"}]}
COMMAND: GET /session/ba2432913a596e5fc4fa14806f816f85/screenshot - {}
RESULT: {"script":"<script> [1562 bytes]","args":[{"selector":{"id":"application-managepricingrules-display-component---newInfoPriceItem--priceProc-arrow"},"wdio_ui5_key":"applicationmanagepricingrules-display-component---newInfoPriceItem--priceProc-arrow"}]}
RESULT: undefined
COMMAND: POST /session/ba2432913a596e5fc4fa14806f816f85/element - {"using":"xpath","value":"//*[@id=\"application-managepricingrules-display-component---newInfoPriceItem--priceProc-arrow\"]"}
RESULT: {}
RESULT: {"using":"xpath","value":"//*[@id=\"application-managepricingrules-display-component---newInfoPriceItem--priceProc-arrow\"]"}
COMMAND: POST /session/ba2432913a596e5fc4fa14806f816f85/element/f.FF9A1E5259EB1E6B709B859A36B64A29.d.F0730FE23EE80F2ECAB701D8B9F51964.e.14950/click - {}
RESULT: {}
COMMAND: POST /session/ba2432913a596e5fc4fa14806f816f85/element - {"using":"xpath","value":"//span[contains(text(), \"PRF - Performance based\")]"}
COMMAND: GET /session/ba2432913a596e5fc4fa14806f816f85/screenshot - {}
RESULT: {"using":"xpath","value":"//span[contains(text(), \"PRF - Performance based\")]"}
COMMAND: POST /session/ba2432913a596e5fc4fa14806f816f85/element/f.FF9A1E5259EB1E6B709B859A36B64A29.d.F0730FE23EE80F2ECAB701D8B9F51964.e.14951/click - {}
RESULT: {}
RESULT: {}
COMMAND: POST /session/ba2432913a596e5fc4fa14806f816f85/execute/async - {"script":"<script> [1562 bytes]","args":[{"selector":{"id":"application-managepricingrules-display-component---newInfoPriceItem--calcBase-arrow"},"wdio_ui5_key":"applicationmanagepricingrules-display-component---newInfoPriceItem--calcBase-arrow"}]}
COMMAND: GET /session/ba2432913a596e5fc4fa14806f816f85/screenshot - {}
RESULT: {"script":"<script> [1562 bytes]","args":[{"selector":{"id":"application-managepricingrules-display-component---newInfoPriceItem--calcBase-arrow"},"wdio_ui5_key":"applicationmanagepricingrules-display-component---newInfoPriceItem--calcBase-arrow"}]}
RESULT: undefined
COMMAND: POST /session/ba2432913a596e5fc4fa14806f816f85/element - {"using":"xpath","value":"//*[@id=\"application-managepricingrules-display-component---newInfoPriceItem--calcBase-arrow\"]"}
RESULT: {}
RESULT: {"using":"xpath","value":"//*[@id=\"application-managepricingrules-display-component---newInfoPriceItem--calcBase-arrow\"]"}
COMMAND: POST /session/ba2432913a596e5fc4fa14806f816f85/element/f.FF9A1E5259EB1E6B709B859A36B64A29.d.F0730FE23EE80F2ECAB701D8B9F51964.e.14922/click - {}
RESULT: {}
COMMAND: GET /session/ba2432913a596e5fc4fa14806f816f85/screenshot - {}
RESULT: {}
COMMAND: POST /session/ba2432913a596e5fc4fa14806f816f85/element - {"using":"xpath","value":"//span[contains(text(), \"0007 - PB(work days)\")]"}
RESULT: {"using":"xpath","value":"//span[contains(text(), \"0007 - PB(work days)\")]"}
COMMAND: POST /session/ba2432913a596e5fc4fa14806f816f85/element/f.FF9A1E5259EB1E6B709B859A36B64A29.d.F0730FE23EE80F2ECAB701D8B9F51964.e.14952/click - {}
RESULT: {}
COMMAND: GET /session/ba2432913a596e5fc4fa14806f816f85/screenshot - {}
RESULT: {}
COMMAND: POST /session/ba2432913a596e5fc4fa14806f816f85/execute/async - {"script":"<script> [1562 bytes]","args":[{"selector":{"id":"application-managepricingrules-display-component---newInfoPriceItem--hoursMonth","interaction":{"idSuffix":"inner"}},"wdio_ui5_key":"applicationmanagepricingrules-display-component---newInfoPriceItem--hoursMonth"}]}
RESULT: {"script":"<script> [1562 bytes]","args":[{"selector":{"id":"application-managepricingrules-display-component---newInfoPriceItem--hoursMonth","interaction":{"idSuffix":"inner"}},"wdio_ui5_key":"applicationmanagepricingrules-display-component---newInfoPriceItem--hoursMonth"}]}
RESULT: undefined
COMMAND: POST /session/ba2432913a596e5fc4fa14806f816f85/execute/async - {"script":"<script> [776 bytes]","args":[{"enterText":"160","selector":{"id":"application-managepricingrules-display-component---newInfoPriceItem--hoursMonth","interaction":{"idSuffix":"inner"}},"clearTextFirst":true,"interactionType":"ENTER_TEXT"}]}
RESULT: {"script":"<script> [776 bytes]","args":[{"enterText":"160","selector":{"id":"application-managepricingrules-display-component---newInfoPriceItem--hoursMonth","interaction":{"idSuffix":"inner"}},"clearTextFirst":true,"interactionType":"ENTER_TEXT"}]}
COMMAND: POST /session/ba2432913a596e5fc4fa14806f816f85/element - {"using":"xpath","value":"//button[@data-kt=\"saveNewRuleButton\"]"}
RESULT: {"using":"xpath","value":"//button[@data-kt=\"saveNewRuleButton\"]"}
COMMAND: POST /session/ba2432913a596e5fc4fa14806f816f85/element/f.FF9A1E5259EB1E6B709B859A36B64A29.d.F0730FE23EE80F2ECAB701D8B9F51964.e.14934/click - {}
RESULT: {}
COMMAND: GET /session/ba2432913a596e5fc4fa14806f816f85/screenshot - {}
RESULT: {}
COMMAND: POST /session/ba2432913a596e5fc4fa14806f816f85/execute/async - {"script":"<script> [1562 bytes]","args":[{"selector":{"id":"application-managepricingrules-display-component---priceInfoItem--smartFilterBar-btnBasicSearch","interaction":{"idSuffix":"I"}},"wdio_ui5_key":"applicationmanagepricingrules-display-component---priceInfoItem--smartFilterBar-btnBasicSearch"}]}
RESULT: {"script":"<script> [1562 bytes]","args":[{"selector":{"id":"application-managepricingrules-display-component---priceInfoItem--smartFilterBar-btnBasicSearch","interaction":{"idSuffix":"I"}},"wdio_ui5_key":"applicationmanagepricingrules-display-component---priceInfoItem--smartFilterBar-btnBasicSearch"}]}
RESULT: undefined
COMMAND: POST /session/ba2432913a596e5fc4fa14806f816f85/execute/async - {"script":"<script> [776 bytes]","args":[{"enterText":"dz3pGNzGe8","selector":{"id":"application-managepricingrules-display-component---priceInfoItem--smartFilterBar-btnBasicSearch","interaction":{"idSuffix":"I"}},"clearTextFirst":true,"interactionType":"ENTER_TEXT"}]}
RESULT: {"script":"<script> [776 bytes]","args":[{"enterText":"dz3pGNzGe8","selector":{"id":"application-managepricingrules-display-component---priceInfoItem--smartFilterBar-btnBasicSearch","interaction":{"idSuffix":"I"}},"clearTextFirst":true,"interactionType":"ENTER_TEXT"}]}
COMMAND: POST /session/ba2432913a596e5fc4fa14806f816f85/actions - {"actions":[{"id":"action54","type":"key","parameters":{},"actions":[{"type":"keyDown","value":"î€‡"},{"type":"pause","duration":10},{"type":"keyUp","value":"î€‡"}]}]}
RESULT: {"actions":[{"id":"action54","type":"key","parameters":{},"actions":[{"type":"keyDown","value":"î€‡"},{"type":"pause","duration":10},{"type":"keyUp","value":"î€‡"}]}]}
COMMAND: GET /session/ba2432913a596e5fc4fa14806f816f85/screenshot - {}
RESULT: {}
COMMAND: POST /session/ba2432913a596e5fc4fa14806f816f85/element - {"using":"xpath","value":"//span[@id=\"application-managepricingrules-display-component---priceInfoItem--smartTable-header-inner\"]"}
RESULT: {"using":"xpath","value":"//span[@id=\"application-managepricingrules-display-component---priceInfoItem--smartTable-header-inner\"]"}
COMMAND: POST /session/ba2432913a596e5fc4fa14806f816f85/elements - {"using":"xpath","value":"//span[@id=\"application-managepricingrules-display-component---priceInfoItem--smartTable-header-inner\"]"}
RESULT: {"using":"xpath","value":"//span[@id=\"application-managepricingrules-display-component---priceInfoItem--smartTable-header-inner\"]"}
COMMAND: POST /session/ba2432913a596e5fc4fa14806f816f85/execute/sync - {"script":"<script> [56 bytes]","args":[{"element-6066-11e4-a52e-4f735466cecf":"f.FF9A1E5259EB1E6B709B859A36B64A29.d.F0730FE23EE80F2ECAB701D8B9F51964.e.14965","ELEMENT":"f.FF9A1E5259EB1E6B709B859A36B64A29.d.F0730FE23EE80F2ECAB701D8B9F51964.e.14965"}]}
RESULT: {"script":"<script> [56 bytes]","args":[{"element-6066-11e4-a52e-4f735466cecf":"f.FF9A1E5259EB1E6B709B859A36B64A29.d.F0730FE23EE80F2ECAB701D8B9F51964.e.14965","ELEMENT":"f.FF9A1E5259EB1E6B709B859A36B64A29.d.F0730FE23EE80F2ECAB701D8B9F51964.e.14965"}]}
COMMAND: POST /session/ba2432913a596e5fc4fa14806f816f85/element - {"using":"css selector","value":"#shell-header-logo"}
COMMAND: GET /session/ba2432913a596e5fc4fa14806f816f85/screenshot - {}
RESULT: {"using":"css selector","value":"#shell-header-logo"}
COMMAND: POST /session/ba2432913a596e5fc4fa14806f816f85/element/f.FF9A1E5259EB1E6B709B859A36B64A29.d.F0730FE23EE80F2ECAB701D8B9F51964.e.14156/click - {}
RESULT: {}
RESULT: {}
COMMAND: GET /session/ba2432913a596e5fc4fa14806f816f85/screenshot - {}
RESULT: {}
]]></system-out>
    </testcase>
    <testcase classname="chrome.135_0_7049_96.windows.Performance_based_billing_(work_days)_US139742" name="Should create a performance based billing condition on the equipment" time="74.198">
      <system-out><![CDATA[
COMMAND: POST /session/ba2432913a596e5fc4fa14806f816f85/execute/async - {"script":"<script> [1562 bytes]","args":[{"selector":{"controlType":"sap.m.Text","properties":{"text":"Manage Conditions & Prices"},"interaction":{"idSuffix":"inner"}},"wdio_ui5_key":"sapm.Text{\"text\":\"Manage Conditions & Prices\"}"}]}
RESULT: {"script":"<script> [1562 bytes]","args":[{"selector":{"controlType":"sap.m.Text","properties":{"text":"Manage Conditions & Prices"},"interaction":{"idSuffix":"inner"}},"wdio_ui5_key":"sapm.Text{\"text\":\"Manage Conditions & Prices\"}"}]}
RESULT: undefined
COMMAND: POST /session/ba2432913a596e5fc4fa14806f816f85/element - {"using":"xpath","value":"//*[@id=\"__tile53-title\"]"}
RESULT: {"using":"xpath","value":"//*[@id=\"__tile53-title\"]"}
COMMAND: POST /session/ba2432913a596e5fc4fa14806f816f85/element/f.FF9A1E5259EB1E6B709B859A36B64A29.d.F0730FE23EE80F2ECAB701D8B9F51964.e.14968/click - {}
RESULT: {}
COMMAND: POST /session/ba2432913a596e5fc4fa14806f816f85/element - {"using":"xpath","value":"//button[@aria-label=\"Create\"]"}
COMMAND: GET /session/ba2432913a596e5fc4fa14806f816f85/screenshot - {}
RESULT: {"using":"xpath","value":"//button[@aria-label=\"Create\"]"}
COMMAND: POST /session/ba2432913a596e5fc4fa14806f816f85/elements - {"using":"xpath","value":"//button[@aria-label=\"Create\"]"}
RESULT: {}
RESULT: {"using":"xpath","value":"//button[@aria-label=\"Create\"]"}
COMMAND: POST /session/ba2432913a596e5fc4fa14806f816f85/elements - {"using":"xpath","value":"//button[@aria-label=\"Create\"]"}
RESULT: {"using":"xpath","value":"//button[@aria-label=\"Create\"]"}
COMMAND: POST /session/ba2432913a596e5fc4fa14806f816f85/elements - {"using":"xpath","value":"//button[@aria-label=\"Create\"]"}
RESULT: {"using":"xpath","value":"//button[@aria-label=\"Create\"]"}
COMMAND: POST /session/ba2432913a596e5fc4fa14806f816f85/elements - {"using":"xpath","value":"//button[@aria-label=\"Create\"]"}
RESULT: {"using":"xpath","value":"//button[@aria-label=\"Create\"]"}
COMMAND: POST /session/ba2432913a596e5fc4fa14806f816f85/elements - {"using":"xpath","value":"//button[@aria-label=\"Create\"]"}
RESULT: {"using":"xpath","value":"//button[@aria-label=\"Create\"]"}
COMMAND: POST /session/ba2432913a596e5fc4fa14806f816f85/elements - {"using":"xpath","value":"//button[@aria-label=\"Create\"]"}
RESULT: {"using":"xpath","value":"//button[@aria-label=\"Create\"]"}
COMMAND: POST /session/ba2432913a596e5fc4fa14806f816f85/elements - {"using":"xpath","value":"//button[@aria-label=\"Create\"]"}
RESULT: {"using":"xpath","value":"//button[@aria-label=\"Create\"]"}
COMMAND: POST /session/ba2432913a596e5fc4fa14806f816f85/elements - {"using":"xpath","value":"//button[@aria-label=\"Create\"]"}
RESULT: {"using":"xpath","value":"//button[@aria-label=\"Create\"]"}
COMMAND: POST /session/ba2432913a596e5fc4fa14806f816f85/elements - {"using":"xpath","value":"//button[@aria-label=\"Create\"]"}
RESULT: {"using":"xpath","value":"//button[@aria-label=\"Create\"]"}
COMMAND: POST /session/ba2432913a596e5fc4fa14806f816f85/elements - {"using":"xpath","value":"//button[@aria-label=\"Create\"]"}
RESULT: {"using":"xpath","value":"//button[@aria-label=\"Create\"]"}
COMMAND: POST /session/ba2432913a596e5fc4fa14806f816f85/element - {"using":"xpath","value":"//button[@aria-label=\"Create\"]"}
RESULT: {"using":"xpath","value":"//button[@aria-label=\"Create\"]"}
COMMAND: POST /session/ba2432913a596e5fc4fa14806f816f85/execute/sync - {"script":"<script> [8489 bytes]","args":[{"element-6066-11e4-a52e-4f735466cecf":"f.FF9A1E5259EB1E6B709B859A36B64A29.d.F0730FE23EE80F2ECAB701D8B9F51964.e.15002","ELEMENT":"f.FF9A1E5259EB1E6B709B859A36B64A29.d.F0730FE23EE80F2ECAB701D8B9F51964.e.15002"}]}
RESULT: {"script":"<script> [8489 bytes]","args":[{"element-6066-11e4-a52e-4f735466cecf":"f.FF9A1E5259EB1E6B709B859A36B64A29.d.F0730FE23EE80F2ECAB701D8B9F51964.e.15002","ELEMENT":"f.FF9A1E5259EB1E6B709B859A36B64A29.d.F0730FE23EE80F2ECAB701D8B9F51964.e.15002"}]}
COMMAND: GET /session/ba2432913a596e5fc4fa14806f816f85/element/f.FF9A1E5259EB1E6B709B859A36B64A29.d.F0730FE23EE80F2ECAB701D8B9F51964.e.15002/enabled - {}
COMMAND: GET /session/ba2432913a596e5fc4fa14806f816f85/screenshot - {}
RESULT: {}
COMMAND: POST /session/ba2432913a596e5fc4fa14806f816f85/execute/sync - {"script":"<script> [8489 bytes]","args":[{"element-6066-11e4-a52e-4f735466cecf":"f.FF9A1E5259EB1E6B709B859A36B64A29.d.F0730FE23EE80F2ECAB701D8B9F51964.e.15002","ELEMENT":"f.FF9A1E5259EB1E6B709B859A36B64A29.d.F0730FE23EE80F2ECAB701D8B9F51964.e.15002"}]}
COMMAND: GET /session/ba2432913a596e5fc4fa14806f816f85/screenshot - {}
RESULT: {}
RESULT: {"script":"<script> [8489 bytes]","args":[{"element-6066-11e4-a52e-4f735466cecf":"f.FF9A1E5259EB1E6B709B859A36B64A29.d.F0730FE23EE80F2ECAB701D8B9F51964.e.15002","ELEMENT":"f.FF9A1E5259EB1E6B709B859A36B64A29.d.F0730FE23EE80F2ECAB701D8B9F51964.e.15002"}]}
COMMAND: POST /session/ba2432913a596e5fc4fa14806f816f85/execute/sync - {"script":"<script> [5351 bytes]","args":[{"element-6066-11e4-a52e-4f735466cecf":"f.FF9A1E5259EB1E6B709B859A36B64A29.d.F0730FE23EE80F2ECAB701D8B9F51964.e.15002","ELEMENT":"f.FF9A1E5259EB1E6B709B859A36B64A29.d.F0730FE23EE80F2ECAB701D8B9F51964.e.15002"}]}
COMMAND: GET /session/ba2432913a596e5fc4fa14806f816f85/screenshot - {}
RESULT: {}
RESULT: {"script":"<script> [5351 bytes]","args":[{"element-6066-11e4-a52e-4f735466cecf":"f.FF9A1E5259EB1E6B709B859A36B64A29.d.F0730FE23EE80F2ECAB701D8B9F51964.e.15002","ELEMENT":"f.FF9A1E5259EB1E6B709B859A36B64A29.d.F0730FE23EE80F2ECAB701D8B9F51964.e.15002"}]}
COMMAND: POST /session/ba2432913a596e5fc4fa14806f816f85/element/f.FF9A1E5259EB1E6B709B859A36B64A29.d.F0730FE23EE80F2ECAB701D8B9F51964.e.15002/click - {}
COMMAND: GET /session/ba2432913a596e5fc4fa14806f816f85/screenshot - {}
RESULT: {}
RESULT: {}
COMMAND: GET /session/ba2432913a596e5fc4fa14806f816f85/screenshot - {}
RESULT: {}
RESULT: {}
COMMAND: POST /session/ba2432913a596e5fc4fa14806f816f85/actions - {"actions":[{"id":"action55","type":"key","parameters":{},"actions":[{"type":"keyDown","value":"î€‡"},{"type":"pause","duration":10},{"type":"keyUp","value":"î€‡"}]}]}
RESULT: {"actions":[{"id":"action55","type":"key","parameters":{},"actions":[{"type":"keyDown","value":"î€‡"},{"type":"pause","duration":10},{"type":"keyUp","value":"î€‡"}]}]}
COMMAND: GET /session/ba2432913a596e5fc4fa14806f816f85/screenshot - {}
RESULT: {}
COMMAND: POST /session/ba2432913a596e5fc4fa14806f816f85/execute/async - {"script":"<script> [1562 bytes]","args":[{"selector":{"id":"application-manageconditionprice-display-component---newCondition--condBillCond-arrow"},"wdio_ui5_key":"applicationmanageconditionprice-display-component---newCondition--condBillCond-arrow"}]}
RESULT: {"script":"<script> [1562 bytes]","args":[{"selector":{"id":"application-manageconditionprice-display-component---newCondition--condBillCond-arrow"},"wdio_ui5_key":"applicationmanageconditionprice-display-component---newCondition--condBillCond-arrow"}]}
RESULT: undefined
COMMAND: POST /session/ba2432913a596e5fc4fa14806f816f85/element - {"using":"xpath","value":"//*[@id=\"application-manageconditionprice-display-component---newCondition--condBillCond-arrow\"]"}
RESULT: {"using":"xpath","value":"//*[@id=\"application-manageconditionprice-display-component---newCondition--condBillCond-arrow\"]"}
COMMAND: POST /session/ba2432913a596e5fc4fa14806f816f85/element/f.FF9A1E5259EB1E6B709B859A36B64A29.d.F0730FE23EE80F2ECAB701D8B9F51964.e.15182/click - {}
RESULT: {}
COMMAND: GET /session/ba2432913a596e5fc4fa14806f816f85/screenshot - {}
RESULT: {}
COMMAND: POST /session/ba2432913a596e5fc4fa14806f816f85/element - {"using":"xpath","value":"//li[.//span[contains(text(), \"PC06 - Performance Price - fuel\")]]"}
RESULT: {"using":"xpath","value":"//li[.//span[contains(text(), \"PC06 - Performance Price - fuel\")]]"}
COMMAND: POST /session/ba2432913a596e5fc4fa14806f816f85/element/f.FF9A1E5259EB1E6B709B859A36B64A29.d.F0730FE23EE80F2ECAB701D8B9F51964.e.15185/click - {}
RESULT: {}
COMMAND: GET /session/ba2432913a596e5fc4fa14806f816f85/screenshot - {}
RESULT: {}
COMMAND: POST /session/ba2432913a596e5fc4fa14806f816f85/execute/async - {"script":"<script> [1562 bytes]","args":[{"selector":{"id":"application-manageconditionprice-display-component---newCondition--condValidTo","interaction":{"idSuffix":"inner"}},"wdio_ui5_key":"applicationmanageconditionprice-display-component---newCondition--condValidTo"}]}
RESULT: {"script":"<script> [1562 bytes]","args":[{"selector":{"id":"application-manageconditionprice-display-component---newCondition--condValidTo","interaction":{"idSuffix":"inner"}},"wdio_ui5_key":"applicationmanageconditionprice-display-component---newCondition--condValidTo"}]}
RESULT: undefined
COMMAND: POST /session/ba2432913a596e5fc4fa14806f816f85/execute/async - {"script":"<script> [776 bytes]","args":[{"enterText":"01/03/26","selector":{"id":"application-manageconditionprice-display-component---newCondition--condValidTo","interaction":{"idSuffix":"inner"}},"clearTextFirst":true,"interactionType":"ENTER_TEXT"}]}
RESULT: {"script":"<script> [776 bytes]","args":[{"enterText":"01/03/26","selector":{"id":"application-manageconditionprice-display-component---newCondition--condValidTo","interaction":{"idSuffix":"inner"}},"clearTextFirst":true,"interactionType":"ENTER_TEXT"}]}
COMMAND: POST /session/ba2432913a596e5fc4fa14806f816f85/element - {"using":"xpath","value":"//input[@id=\"application-manageconditionprice-display-component---newCondition--condRU-inner\"]"}
RESULT: {"using":"xpath","value":"//input[@id=\"application-manageconditionprice-display-component---newCondition--condRU-inner\"]"}
COMMAND: POST /session/ba2432913a596e5fc4fa14806f816f85/element/f.FF9A1E5259EB1E6B709B859A36B64A29.d.F0730FE23EE80F2ECAB701D8B9F51964.e.15018/clear - {}
RESULT: {}
COMMAND: POST /session/ba2432913a596e5fc4fa14806f816f85/element/f.FF9A1E5259EB1E6B709B859A36B64A29.d.F0730FE23EE80F2ECAB701D8B9F51964.e.15018/value - {"text":"dz3pGNzGe8"}
COMMAND: GET /session/ba2432913a596e5fc4fa14806f816f85/screenshot - {}
RESULT: {"text":"dz3pGNzGe8"}
COMMAND: GET /session/ba2432913a596e5fc4fa14806f816f85/screenshot - {}
RESULT: {}
RESULT: {}
COMMAND: POST /session/ba2432913a596e5fc4fa14806f816f85/actions - {"actions":[{"id":"action56","type":"key","parameters":{},"actions":[{"type":"keyDown","value":"î€‡"},{"type":"pause","duration":10},{"type":"keyUp","value":"î€‡"}]}]}
RESULT: {"actions":[{"id":"action56","type":"key","parameters":{},"actions":[{"type":"keyDown","value":"î€‡"},{"type":"pause","duration":10},{"type":"keyUp","value":"î€‡"}]}]}
COMMAND: POST /session/ba2432913a596e5fc4fa14806f816f85/execute/async - {"script":"<script> [1562 bytes]","args":[{"selector":{"id":"application-manageconditionprice-display-component---newCondition--condBaseQty","interaction":{"idSuffix":"inner"}},"wdio_ui5_key":"applicationmanageconditionprice-display-component---newCondition--condBaseQty"}]}
COMMAND: GET /session/ba2432913a596e5fc4fa14806f816f85/screenshot - {}
RESULT: {"script":"<script> [1562 bytes]","args":[{"selector":{"id":"application-manageconditionprice-display-component---newCondition--condBaseQty","interaction":{"idSuffix":"inner"}},"wdio_ui5_key":"applicationmanageconditionprice-display-component---newCondition--condBaseQty"}]}
RESULT: undefined
COMMAND: POST /session/ba2432913a596e5fc4fa14806f816f85/execute/async - {"script":"<script> [776 bytes]","args":[{"enterText":"1","selector":{"id":"application-manageconditionprice-display-component---newCondition--condBaseQty","interaction":{"idSuffix":"inner"}},"clearTextFirst":true,"interactionType":"ENTER_TEXT"}]}
RESULT: {}
RESULT: {"script":"<script> [776 bytes]","args":[{"enterText":"1","selector":{"id":"application-manageconditionprice-display-component---newCondition--condBaseQty","interaction":{"idSuffix":"inner"}},"clearTextFirst":true,"interactionType":"ENTER_TEXT"}]}
COMMAND: POST /session/ba2432913a596e5fc4fa14806f816f85/execute/async - {"script":"<script> [1562 bytes]","args":[{"selector":{"id":"application-manageconditionprice-display-component---newCondition--condValue","interaction":{"idSuffix":"inner"}},"wdio_ui5_key":"applicationmanageconditionprice-display-component---newCondition--condValue"}]}
RESULT: {"script":"<script> [1562 bytes]","args":[{"selector":{"id":"application-manageconditionprice-display-component---newCondition--condValue","interaction":{"idSuffix":"inner"}},"wdio_ui5_key":"applicationmanageconditionprice-display-component---newCondition--condValue"}]}
RESULT: undefined
COMMAND: POST /session/ba2432913a596e5fc4fa14806f816f85/execute/async - {"script":"<script> [776 bytes]","args":[{"enterText":"10","selector":{"id":"application-manageconditionprice-display-component---newCondition--condValue","interaction":{"idSuffix":"inner"}},"clearTextFirst":true,"interactionType":"ENTER_TEXT"}]}
RESULT: {"script":"<script> [776 bytes]","args":[{"enterText":"10","selector":{"id":"application-manageconditionprice-display-component---newCondition--condValue","interaction":{"idSuffix":"inner"}},"clearTextFirst":true,"interactionType":"ENTER_TEXT"}]}
COMMAND: POST /session/ba2432913a596e5fc4fa14806f816f85/execute/async - {"script":"<script> [1562 bytes]","args":[{"selector":{"id":"application-manageconditionprice-display-component---newCondition--condCurr-arrow"},"wdio_ui5_key":"applicationmanageconditionprice-display-component---newCondition--condCurr-arrow"}]}
RESULT: {"script":"<script> [1562 bytes]","args":[{"selector":{"id":"application-manageconditionprice-display-component---newCondition--condCurr-arrow"},"wdio_ui5_key":"applicationmanageconditionprice-display-component---newCondition--condCurr-arrow"}]}
RESULT: undefined
COMMAND: POST /session/ba2432913a596e5fc4fa14806f816f85/element - {"using":"xpath","value":"//*[@id=\"application-manageconditionprice-display-component---newCondition--condCurr-arrow\"]"}
RESULT: {"using":"xpath","value":"//*[@id=\"application-manageconditionprice-display-component---newCondition--condCurr-arrow\"]"}
COMMAND: POST /session/ba2432913a596e5fc4fa14806f816f85/element/f.FF9A1E5259EB1E6B709B859A36B64A29.d.F0730FE23EE80F2ECAB701D8B9F51964.e.15145/click - {}
RESULT: {}
COMMAND: POST /session/ba2432913a596e5fc4fa14806f816f85/element - {"using":"xpath","value":"//span[contains(text(), \"Euro\")]"}
COMMAND: GET /session/ba2432913a596e5fc4fa14806f816f85/screenshot - {}
RESULT: {"using":"xpath","value":"//span[contains(text(), \"Euro\")]"}
COMMAND: POST /session/ba2432913a596e5fc4fa14806f816f85/element/f.FF9A1E5259EB1E6B709B859A36B64A29.d.F0730FE23EE80F2ECAB701D8B9F51964.e.15220/click - {}
RESULT: {}
RESULT: {}
COMMAND: POST /session/ba2432913a596e5fc4fa14806f816f85/element - {"using":"xpath","value":"//button[@data-kt=\"saveButton\"]"}
COMMAND: GET /session/ba2432913a596e5fc4fa14806f816f85/screenshot - {}
RESULT: {"using":"xpath","value":"//button[@data-kt=\"saveButton\"]"}
COMMAND: POST /session/ba2432913a596e5fc4fa14806f816f85/element/f.FF9A1E5259EB1E6B709B859A36B64A29.d.F0730FE23EE80F2ECAB701D8B9F51964.e.15146/click - {}
RESULT: {}
RESULT: {}
COMMAND: GET /session/ba2432913a596e5fc4fa14806f816f85/screenshot - {}
RESULT: {}
COMMAND: POST /session/ba2432913a596e5fc4fa14806f816f85/execute/async - {"script":"<script> [1562 bytes]","args":[{"selector":{"id":"application-manageconditionprice-display-component---conditions--smartFilterBar-btnBasicSearch","interaction":{"idSuffix":"I"}},"wdio_ui5_key":"applicationmanageconditionprice-display-component---conditions--smartFilterBar-btnBasicSearch"}]}
RESULT: {"script":"<script> [1562 bytes]","args":[{"selector":{"id":"application-manageconditionprice-display-component---conditions--smartFilterBar-btnBasicSearch","interaction":{"idSuffix":"I"}},"wdio_ui5_key":"applicationmanageconditionprice-display-component---conditions--smartFilterBar-btnBasicSearch"}]}
RESULT: undefined
COMMAND: POST /session/ba2432913a596e5fc4fa14806f816f85/execute/async - {"script":"<script> [776 bytes]","args":[{"enterText":"dz3pGNzGe8","selector":{"id":"application-manageconditionprice-display-component---conditions--smartFilterBar-btnBasicSearch","interaction":{"idSuffix":"I"}},"clearTextFirst":true,"interactionType":"ENTER_TEXT"}]}
RESULT: {"script":"<script> [776 bytes]","args":[{"enterText":"dz3pGNzGe8","selector":{"id":"application-manageconditionprice-display-component---conditions--smartFilterBar-btnBasicSearch","interaction":{"idSuffix":"I"}},"clearTextFirst":true,"interactionType":"ENTER_TEXT"}]}
COMMAND: POST /session/ba2432913a596e5fc4fa14806f816f85/actions - {"actions":[{"id":"action57","type":"key","parameters":{},"actions":[{"type":"keyDown","value":"î€‡"},{"type":"pause","duration":10},{"type":"keyUp","value":"î€‡"}]}]}
RESULT: {"actions":[{"id":"action57","type":"key","parameters":{},"actions":[{"type":"keyDown","value":"î€‡"},{"type":"pause","duration":10},{"type":"keyUp","value":"î€‡"}]}]}
COMMAND: GET /session/ba2432913a596e5fc4fa14806f816f85/screenshot - {}
RESULT: {}
COMMAND: POST /session/ba2432913a596e5fc4fa14806f816f85/execute/async - {"script":"<script> [1562 bytes]","args":[{"selector":{"id":"application-manageconditionprice-display-component---conditions--smartFilterBar-filterItemControl_BASIC-BILL_TYPES-vhi"},"wdio_ui5_key":"applicationmanageconditionprice-display-component---conditions--smartFilterBar-filterItemControl_BASIC-BILL_TYPES-vhi"}]}
RESULT: {"script":"<script> [1562 bytes]","args":[{"selector":{"id":"application-manageconditionprice-display-component---conditions--smartFilterBar-filterItemControl_BASIC-BILL_TYPES-vhi"},"wdio_ui5_key":"applicationmanageconditionprice-display-component---conditions--smartFilterBar-filterItemControl_BASIC-BILL_TYPES-vhi"}]}
RESULT: undefined
COMMAND: POST /session/ba2432913a596e5fc4fa14806f816f85/element - {"using":"xpath","value":"//*[@id=\"application-manageconditionprice-display-component---conditions--smartFilterBar-filterItemControl_BASIC-BILL_TYPES-vhi\"]"}
RESULT: {"using":"xpath","value":"//*[@id=\"application-manageconditionprice-display-component---conditions--smartFilterBar-filterItemControl_BASIC-BILL_TYPES-vhi\"]"}
COMMAND: POST /session/ba2432913a596e5fc4fa14806f816f85/element/f.FF9A1E5259EB1E6B709B859A36B64A29.d.F0730FE23EE80F2ECAB701D8B9F51964.e.15316/click - {}
RESULT: {}
COMMAND: POST /session/ba2432913a596e5fc4fa14806f816f85/execute/async - {"script":"<script> [1562 bytes]","args":[{"selector":{"id":"application-manageconditionprice-display-component---conditions--smartFilterBar-filterItemControl_BASIC-BILL_TYPES-valueHelpDialog-smartFilterBar-btnBasicSearch","searchOpenDialogs":true,"interaction":{"idSuffix":"I"}},"wdio_ui5_key":"applicationmanageconditionprice-display-component---conditions--smartFilterBar-filterItemControl_BASIC-BILL_TYPES-valueHelpDialog-smartFilterBar-btnBasicSearch"}]}
COMMAND: GET /session/ba2432913a596e5fc4fa14806f816f85/screenshot - {}
RESULT: {}
RESULT: {"script":"<script> [1562 bytes]","args":[{"selector":{"id":"application-manageconditionprice-display-component---conditions--smartFilterBar-filterItemControl_BASIC-BILL_TYPES-valueHelpDialog-smartFilterBar-btnBasicSearch","searchOpenDialogs":true,"interaction":{"idSuffix":"I"}},"wdio_ui5_key":"applicationmanageconditionprice-display-component---conditions--smartFilterBar-filterItemControl_BASIC-BILL_TYPES-valueHelpDialog-smartFilterBar-btnBasicSearch"}]}
RESULT: undefined
COMMAND: POST /session/ba2432913a596e5fc4fa14806f816f85/execute/async - {"script":"<script> [776 bytes]","args":[{"enterText":"PB","selector":{"id":"application-manageconditionprice-display-component---conditions--smartFilterBar-filterItemControl_BASIC-BILL_TYPES-valueHelpDialog-smartFilterBar-btnBasicSearch","searchOpenDialogs":true,"interaction":{"idSuffix":"I"}},"clearTextFirst":true,"interactionType":"ENTER_TEXT"}]}
RESULT: {"script":"<script> [776 bytes]","args":[{"enterText":"PB","selector":{"id":"application-manageconditionprice-display-component---conditions--smartFilterBar-filterItemControl_BASIC-BILL_TYPES-valueHelpDialog-smartFilterBar-btnBasicSearch","searchOpenDialogs":true,"interaction":{"idSuffix":"I"}},"clearTextFirst":true,"interactionType":"ENTER_TEXT"}]}
COMMAND: POST /session/ba2432913a596e5fc4fa14806f816f85/actions - {"actions":[{"id":"action58","type":"key","parameters":{},"actions":[{"type":"keyDown","value":"î€‡"},{"type":"pause","duration":10},{"type":"keyUp","value":"î€‡"}]}]}
RESULT: {"actions":[{"id":"action58","type":"key","parameters":{},"actions":[{"type":"keyDown","value":"î€‡"},{"type":"pause","duration":10},{"type":"keyUp","value":"î€‡"}]}]}
COMMAND: GET /session/ba2432913a596e5fc4fa14806f816f85/screenshot - {}
RESULT: {}
COMMAND: POST /session/ba2432913a596e5fc4fa14806f816f85/element - {"using":"xpath","value":"//div[contains(@id, 'application-manageconditionprice-display-component---conditions--smartFilterBar-filterItemControl_BASIC-BILL_TYPES-valueHelpDialog-table-rowsel0')]"}
RESULT: {"using":"xpath","value":"//div[contains(@id, 'application-manageconditionprice-display-component---conditions--smartFilterBar-filterItemControl_BASIC-BILL_TYPES-valueHelpDialog-table-rowsel0')]"}
COMMAND: POST /session/ba2432913a596e5fc4fa14806f816f85/element/f.FF9A1E5259EB1E6B709B859A36B64A29.d.F0730FE23EE80F2ECAB701D8B9F51964.e.15326/click - {}
RESULT: {}
COMMAND: GET /session/ba2432913a596e5fc4fa14806f816f85/screenshot - {}
RESULT: {}
COMMAND: POST /session/ba2432913a596e5fc4fa14806f816f85/element - {"using":"xpath","value":"//bdi[contains(text(), \"OK\")]"}
RESULT: {"using":"xpath","value":"//bdi[contains(text(), \"OK\")]"}
COMMAND: POST /session/ba2432913a596e5fc4fa14806f816f85/element/f.FF9A1E5259EB1E6B709B859A36B64A29.d.F0730FE23EE80F2ECAB701D8B9F51964.e.15328/click - {}
RESULT: {}
COMMAND: GET /session/ba2432913a596e5fc4fa14806f816f85/screenshot - {}
RESULT: {}
COMMAND: POST /session/ba2432913a596e5fc4fa14806f816f85/element - {"using":"xpath","value":"//span[@id=\"application-manageconditionprice-display-component---conditions--smartTable-header-inner\"]"}
RESULT: {"using":"xpath","value":"//span[@id=\"application-manageconditionprice-display-component---conditions--smartTable-header-inner\"]"}
COMMAND: POST /session/ba2432913a596e5fc4fa14806f816f85/elements - {"using":"xpath","value":"//span[@id=\"application-manageconditionprice-display-component---conditions--smartTable-header-inner\"]"}
RESULT: {"using":"xpath","value":"//span[@id=\"application-manageconditionprice-display-component---conditions--smartTable-header-inner\"]"}
COMMAND: POST /session/ba2432913a596e5fc4fa14806f816f85/execute/sync - {"script":"<script> [56 bytes]","args":[{"element-6066-11e4-a52e-4f735466cecf":"f.FF9A1E5259EB1E6B709B859A36B64A29.d.F0730FE23EE80F2ECAB701D8B9F51964.e.15331","ELEMENT":"f.FF9A1E5259EB1E6B709B859A36B64A29.d.F0730FE23EE80F2ECAB701D8B9F51964.e.15331"}]}
RESULT: {"script":"<script> [56 bytes]","args":[{"element-6066-11e4-a52e-4f735466cecf":"f.FF9A1E5259EB1E6B709B859A36B64A29.d.F0730FE23EE80F2ECAB701D8B9F51964.e.15331","ELEMENT":"f.FF9A1E5259EB1E6B709B859A36B64A29.d.F0730FE23EE80F2ECAB701D8B9F51964.e.15331"}]}
COMMAND: POST /session/ba2432913a596e5fc4fa14806f816f85/element - {"using":"css selector","value":"#shell-header-logo"}
COMMAND: GET /session/ba2432913a596e5fc4fa14806f816f85/screenshot - {}
RESULT: {}
RESULT: {"using":"css selector","value":"#shell-header-logo"}
COMMAND: POST /session/ba2432913a596e5fc4fa14806f816f85/element/f.FF9A1E5259EB1E6B709B859A36B64A29.d.F0730FE23EE80F2ECAB701D8B9F51964.e.14970/click - {}
RESULT: {}
COMMAND: GET /session/ba2432913a596e5fc4fa14806f816f85/screenshot - {}
RESULT: {}
]]></system-out>
    </testcase>
    <testcase classname="chrome.135_0_7049_96.windows.Performance_based_billing_(work_days)_US139742" name="Should add a counter to the equipment" time="77.295">
      <system-out><![CDATA[
RESULT: undefined
COMMAND: POST /session/ba2432913a596e5fc4fa14806f816f85/element - {"using":"xpath","value":"//*[@id=\"__tile39\"]"}
RESULT: {"using":"xpath","value":"//*[@id=\"__tile39\"]"}
COMMAND: POST /session/ba2432913a596e5fc4fa14806f816f85/element/f.FF9A1E5259EB1E6B709B859A36B64A29.d.F0730FE23EE80F2ECAB701D8B9F51964.e.14042/click - {}
RESULT: {}
COMMAND: POST /session/ba2432913a596e5fc4fa14806f816f85/execute/async - {"script":"<script> [1562 bytes]","args":[{"selector":{"id":"application-manageresources-display-component---masterRU--smartFilterBar-btnBasicSearch","interaction":{"idSuffix":"I"}},"wdio_ui5_key":"applicationmanageresources-display-component---masterRU--smartFilterBar-btnBasicSearch"}]}
COMMAND: GET /session/ba2432913a596e5fc4fa14806f816f85/screenshot - {}
RESULT: {"script":"<script> [1562 bytes]","args":[{"selector":{"id":"application-manageresources-display-component---masterRU--smartFilterBar-btnBasicSearch","interaction":{"idSuffix":"I"}},"wdio_ui5_key":"applicationmanageresources-display-component---masterRU--smartFilterBar-btnBasicSearch"}]}
RESULT: undefined
COMMAND: POST /session/ba2432913a596e5fc4fa14806f816f85/execute/async - {"script":"<script> [776 bytes]","args":[{"enterText":"dz3pGNzGe8","selector":{"id":"application-manageresources-display-component---masterRU--smartFilterBar-btnBasicSearch","interaction":{"idSuffix":"I"}},"clearTextFirst":true,"interactionType":"ENTER_TEXT"}]}
RESULT: {}
RESULT: {"script":"<script> [776 bytes]","args":[{"enterText":"dz3pGNzGe8","selector":{"id":"application-manageresources-display-component---masterRU--smartFilterBar-btnBasicSearch","interaction":{"idSuffix":"I"}},"clearTextFirst":true,"interactionType":"ENTER_TEXT"}]}
COMMAND: POST /session/ba2432913a596e5fc4fa14806f816f85/actions - {"actions":[{"id":"action59","type":"key","parameters":{},"actions":[{"type":"keyDown","value":"î€‡"},{"type":"pause","duration":10},{"type":"keyUp","value":"î€‡"}]}]}
RESULT: {"actions":[{"id":"action59","type":"key","parameters":{},"actions":[{"type":"keyDown","value":"î€‡"},{"type":"pause","duration":10},{"type":"keyUp","value":"î€‡"}]}]}
COMMAND: GET /session/ba2432913a596e5fc4fa14806f816f85/screenshot - {}
RESULT: {}
COMMAND: POST /session/ba2432913a596e5fc4fa14806f816f85/execute/async - {"script":"<script> [1562 bytes]","args":[{"selector":{"id":"application-manageresources-display-component---masterRU--smartTable-header"},"wdio_ui5_key":"applicationmanageresources-display-component---masterRU--smartTable-header"}]}
RESULT: {"script":"<script> [1562 bytes]","args":[{"selector":{"id":"application-manageresources-display-component---masterRU--smartTable-header"},"wdio_ui5_key":"applicationmanageresources-display-component---masterRU--smartTable-header"}]}
RESULT: undefined
COMMAND: POST /session/ba2432913a596e5fc4fa14806f816f85/execute/async - {"script":"<script> [6424 bytes]","args":[{"element-6066-11e4-a52e-4f735466cecf":"f.FF9A1E5259EB1E6B709B859A36B64A29.d.F0730FE23EE80F2ECAB701D8B9F51964.e.15532"},"getText",[]]}
RESULT: {"script":"<script> [6424 bytes]","args":[{"element-6066-11e4-a52e-4f735466cecf":"f.FF9A1E5259EB1E6B709B859A36B64A29.d.F0730FE23EE80F2ECAB701D8B9F51964.e.15532"},"getText",[]]}
COMMAND: POST /session/ba2432913a596e5fc4fa14806f816f85/execute/async - {"script":"<script> [1562 bytes]","args":[{"selector":{"controlType":"sap.ui.core.Icon","viewName":"etm.portal.ui.manageresources.view.Master","viewId":"application-manageresources-display-component---masterRU","properties":{"src":{"regex":{"source":"slim\\-arrow\\-right"}}}},"wdio_ui5_key":"etmportal.ui.manageresources.view.Mastersap.ui.core.Icon{\"src\":{\"regex\":{\"source\":\"slim\\\\-arrow\\\\-right\"}}}"}]}
RESULT: {"script":"<script> [1562 bytes]","args":[{"selector":{"controlType":"sap.ui.core.Icon","viewName":"etm.portal.ui.manageresources.view.Master","viewId":"application-manageresources-display-component---masterRU","properties":{"src":{"regex":{"source":"slim\\-arrow\\-right"}}}},"wdio_ui5_key":"etmportal.ui.manageresources.view.Mastersap.ui.core.Icon{\"src\":{\"regex\":{\"source\":\"slim\\\\-arrow\\\\-right\"}}}"}]}
RESULT: undefined
COMMAND: POST /session/ba2432913a596e5fc4fa14806f816f85/element - {"using":"xpath","value":"//*[@id=\"__item1030-__clone2670-imgNav\"]"}
RESULT: {"using":"xpath","value":"//*[@id=\"__item1030-__clone2670-imgNav\"]"}
COMMAND: POST /session/ba2432913a596e5fc4fa14806f816f85/element/f.FF9A1E5259EB1E6B709B859A36B64A29.d.F0730FE23EE80F2ECAB701D8B9F51964.e.15531/click - {}
RESULT: {}
COMMAND: GET /session/ba2432913a596e5fc4fa14806f816f85/screenshot - {}
RESULT: {}
COMMAND: POST /session/ba2432913a596e5fc4fa14806f816f85/element - {"using":"xpath","value":"//bdi[contains(text(), \"Edit\")]"}
RESULT: {"using":"xpath","value":"//bdi[contains(text(), \"Edit\")]"}
COMMAND: POST /session/ba2432913a596e5fc4fa14806f816f85/execute/sync - {"script":"<script> [8489 bytes]","args":[{"element-6066-11e4-a52e-4f735466cecf":"f.FF9A1E5259EB1E6B709B859A36B64A29.d.F0730FE23EE80F2ECAB701D8B9F51964.e.15637","ELEMENT":"f.FF9A1E5259EB1E6B709B859A36B64A29.d.F0730FE23EE80F2ECAB701D8B9F51964.e.15637"}]}
RESULT: {"script":"<script> [8489 bytes]","args":[{"element-6066-11e4-a52e-4f735466cecf":"f.FF9A1E5259EB1E6B709B859A36B64A29.d.F0730FE23EE80F2ECAB701D8B9F51964.e.15637","ELEMENT":"f.FF9A1E5259EB1E6B709B859A36B64A29.d.F0730FE23EE80F2ECAB701D8B9F51964.e.15637"}]}
COMMAND: POST /session/ba2432913a596e5fc4fa14806f816f85/element/f.FF9A1E5259EB1E6B709B859A36B64A29.d.F0730FE23EE80F2ECAB701D8B9F51964.e.15637/click - {}
COMMAND: GET /session/ba2432913a596e5fc4fa14806f816f85/screenshot - {}
RESULT: {}
COMMAND: GET /session/ba2432913a596e5fc4fa14806f816f85/screenshot - {}
RESULT: {}
COMMAND: POST /session/ba2432913a596e5fc4fa14806f816f85/execute/async - {"script":"<script> [1562 bytes]","args":[{"selector":{"id":"application-manageresources-display-component---editResource--editRruPage-anchBar-application-manageresources-display-component---editResource--counters-anchor","interaction":{"idSuffix":"BDI-content"}},"wdio_ui5_key":"applicationmanageresources-display-component---editResource--editRruPage-anchBar-application-manageresources-display-component---editResource--counters-anchor"}]}
RESULT: {}
RESULT: {"script":"<script> [1562 bytes]","args":[{"selector":{"id":"application-manageresources-display-component---editResource--editRruPage-anchBar-application-manageresources-display-component---editResource--counters-anchor","interaction":{"idSuffix":"BDI-content"}},"wdio_ui5_key":"applicationmanageresources-display-component---editResource--editRruPage-anchBar-application-manageresources-display-component---editResource--counters-anchor"}]}
RESULT: undefined
COMMAND: POST /session/ba2432913a596e5fc4fa14806f816f85/element - {"using":"xpath","value":"//*[@id=\"application-manageresources-display-component---editResource--editRruPage-anchBar-application-manageresources-display-component---editResource--counters-anchor\"]"}
RESULT: {"using":"xpath","value":"//*[@id=\"application-manageresources-display-component---editResource--editRruPage-anchBar-application-manageresources-display-component---editResource--counters-anchor\"]"}
COMMAND: POST /session/ba2432913a596e5fc4fa14806f816f85/element/f.FF9A1E5259EB1E6B709B859A36B64A29.d.F0730FE23EE80F2ECAB701D8B9F51964.e.15785/click - {}
RESULT: {}
COMMAND: GET /session/ba2432913a596e5fc4fa14806f816f85/screenshot - {}
RESULT: {}
COMMAND: POST /session/ba2432913a596e5fc4fa14806f816f85/execute/async - {"script":"<script> [1562 bytes]","args":[{"selector":{"id":"application-manageresources-display-component---editResource--btnAddCounter-img"},"wdio_ui5_key":"applicationmanageresources-display-component---editResource--btnAddCounter-img"}]}
RESULT: {"script":"<script> [1562 bytes]","args":[{"selector":{"id":"application-manageresources-display-component---editResource--btnAddCounter-img"},"wdio_ui5_key":"applicationmanageresources-display-component---editResource--btnAddCounter-img"}]}
RESULT: undefined
COMMAND: POST /session/ba2432913a596e5fc4fa14806f816f85/element - {"using":"xpath","value":"//*[@id=\"application-manageresources-display-component---editResource--btnAddCounter-img\"]"}
RESULT: {"using":"xpath","value":"//*[@id=\"application-manageresources-display-component---editResource--btnAddCounter-img\"]"}
COMMAND: POST /session/ba2432913a596e5fc4fa14806f816f85/element/f.FF9A1E5259EB1E6B709B859A36B64A29.d.F0730FE23EE80F2ECAB701D8B9F51964.e.15791/click - {}
RESULT: {}
COMMAND: POST /session/ba2432913a596e5fc4fa14806f816f85/execute/async - {"script":"<script> [1562 bytes]","args":[{"selector":{"id":"application-manageresources-display-component---editResource--COUNTER_ID-application-manageresources-display-component---editResource--RUCounters-0-arrow"},"wdio_ui5_key":"applicationmanageresources-display-component---editResource--COUNTER_ID-application-manageresources-display-component---editResource--RUCounters-0-arrow"}]}
COMMAND: GET /session/ba2432913a596e5fc4fa14806f816f85/screenshot - {}
RESULT: {"script":"<script> [1562 bytes]","args":[{"selector":{"id":"application-manageresources-display-component---editResource--COUNTER_ID-application-manageresources-display-component---editResource--RUCounters-0-arrow"},"wdio_ui5_key":"applicationmanageresources-display-component---editResource--COUNTER_ID-application-manageresources-display-component---editResource--RUCounters-0-arrow"}]}
RESULT: undefined
COMMAND: POST /session/ba2432913a596e5fc4fa14806f816f85/element - {"using":"xpath","value":"//*[@id=\"application-manageresources-display-component---editResource--COUNTER_ID-application-manageresources-display-component---editResource--RUCounters-0-arrow\"]"}
RESULT: {}
RESULT: {"using":"xpath","value":"//*[@id=\"application-manageresources-display-component---editResource--COUNTER_ID-application-manageresources-display-component---editResource--RUCounters-0-arrow\"]"}
COMMAND: POST /session/ba2432913a596e5fc4fa14806f816f85/element/f.FF9A1E5259EB1E6B709B859A36B64A29.d.F0730FE23EE80F2ECAB701D8B9F51964.e.15805/click - {}
RESULT: {}
COMMAND: POST /session/ba2432913a596e5fc4fa14806f816f85/execute/async - {"script":"<script> [1562 bytes]","args":[{"selector":{"controlType":"sap.m.StandardListItem","viewName":"etm.portal.ui.manageresources.view.EditResource","viewId":"application-manageresources-display-component---editResource","properties":{"title":"fuel"},"searchOpenDialogs":true,"interaction":{"idSuffix":"content"}},"wdio_ui5_key":"etmportal.ui.manageresources.view.EditResourcesap.m.StandardListItem{\"title\":\"fuel\"}"}]}
COMMAND: GET /session/ba2432913a596e5fc4fa14806f816f85/screenshot - {}
RESULT: {"script":"<script> [1562 bytes]","args":[{"selector":{"controlType":"sap.m.StandardListItem","viewName":"etm.portal.ui.manageresources.view.EditResource","viewId":"application-manageresources-display-component---editResource","properties":{"title":"fuel"},"searchOpenDialogs":true,"interaction":{"idSuffix":"content"}},"wdio_ui5_key":"etmportal.ui.manageresources.view.EditResourcesap.m.StandardListItem{\"title\":\"fuel\"}"}]}
RESULT: undefined
COMMAND: POST /session/ba2432913a596e5fc4fa14806f816f85/element - {"using":"xpath","value":"//*[@id=\"__item1320\"]"}
RESULT: {}
RESULT: {"using":"xpath","value":"//*[@id=\"__item1320\"]"}
COMMAND: POST /session/ba2432913a596e5fc4fa14806f816f85/element/f.FF9A1E5259EB1E6B709B859A36B64A29.d.F0730FE23EE80F2ECAB701D8B9F51964.e.15807/click - {}
RESULT: {}
COMMAND: POST /session/ba2432913a596e5fc4fa14806f816f85/execute/async - {"script":"<script> [1562 bytes]","args":[{"selector":{"controlType":"sap.m.Button","viewName":"etm.portal.ui.manageresources.view.EditResource","viewId":"application-manageresources-display-component---editResource","i18NText":{"propertyName":"text","key":"save"},"interaction":{"idSuffix":"BDI-content"}},"wdio_ui5_key":"etmportal.ui.manageresources.view.EditResourcesap.m.Button{\"propertyName\":\"text\",\"key\":\"save\"}"}]}
COMMAND: GET /session/ba2432913a596e5fc4fa14806f816f85/screenshot - {}
RESULT: {"script":"<script> [1562 bytes]","args":[{"selector":{"controlType":"sap.m.Button","viewName":"etm.portal.ui.manageresources.view.EditResource","viewId":"application-manageresources-display-component---editResource","i18NText":{"propertyName":"text","key":"save"},"interaction":{"idSuffix":"BDI-content"}},"wdio_ui5_key":"etmportal.ui.manageresources.view.EditResourcesap.m.Button{\"propertyName\":\"text\",\"key\":\"save\"}"}]}
RESULT: undefined
COMMAND: POST /session/ba2432913a596e5fc4fa14806f816f85/element - {"using":"xpath","value":"//*[@id=\"__button183\"]"}
RESULT: {}
RESULT: {"using":"xpath","value":"//*[@id=\"__button183\"]"}
COMMAND: POST /session/ba2432913a596e5fc4fa14806f816f85/element/f.FF9A1E5259EB1E6B709B859A36B64A29.d.F0730FE23EE80F2ECAB701D8B9F51964.e.15809/click - {}
RESULT: {}
COMMAND: GET /session/ba2432913a596e5fc4fa14806f816f85/screenshot - {}
RESULT: {}
COMMAND: POST /session/ba2432913a596e5fc4fa14806f816f85/element - {"using":"css selector","value":"#shell-header-logo"}
RESULT: {"using":"css selector","value":"#shell-header-logo"}
COMMAND: POST /session/ba2432913a596e5fc4fa14806f816f85/element/f.FF9A1E5259EB1E6B709B859A36B64A29.d.F0730FE23EE80F2ECAB701D8B9F51964.e.15337/click - {}
RESULT: {}
COMMAND: GET /session/ba2432913a596e5fc4fa14806f816f85/screenshot - {}
RESULT: {}
]]></system-out>
    </testcase>
    <testcase classname="chrome.135_0_7049_96.windows.Performance_based_billing_(work_days)_US139742" name="Should do a stock increase on the yard for the equipment" time="100.938">
      <system-out><![CDATA[
COMMAND: POST /session/ba2432913a596e5fc4fa14806f816f85/execute/async - {"script":"<script> [1562 bytes]","args":[{"selector":{"controlType":"sap.m.Text","viewName":"etm.portal.ui.managehandoverstile.view.Master","properties":{"text":"Manage Handovers"},"interaction":{"idSuffix":"inner"}},"wdio_ui5_key":"etmportal.ui.managehandoverstile.view.Mastersap.m.Text{\"text\":\"Manage Handovers\"}"}]}
RESULT: {"script":"<script> [1562 bytes]","args":[{"selector":{"controlType":"sap.m.Text","viewName":"etm.portal.ui.managehandoverstile.view.Master","properties":{"text":"Manage Handovers"},"interaction":{"idSuffix":"inner"}},"wdio_ui5_key":"etmportal.ui.managehandoverstile.view.Mastersap.m.Text{\"text\":\"Manage Handovers\"}"}]}
RESULT: undefined
COMMAND: POST /session/ba2432913a596e5fc4fa14806f816f85/element - {"using":"xpath","value":"//*[@id=\"__tile130-title\"]"}
RESULT: {"using":"xpath","value":"//*[@id=\"__tile130-title\"]"}
COMMAND: POST /session/ba2432913a596e5fc4fa14806f816f85/element/f.FF9A1E5259EB1E6B709B859A36B64A29.d.F0730FE23EE80F2ECAB701D8B9F51964.e.15823/click - {}
RESULT: {}
COMMAND: POST /session/ba2432913a596e5fc4fa14806f816f85/element - {"using":"xpath","value":"//button[@data-kt=\"masterHOAddButton\"]"}
COMMAND: GET /session/ba2432913a596e5fc4fa14806f816f85/screenshot - {}
RESULT: {"using":"xpath","value":"//button[@data-kt=\"masterHOAddButton\"]"}
COMMAND: POST /session/ba2432913a596e5fc4fa14806f816f85/elements - {"using":"xpath","value":"//button[@data-kt=\"masterHOAddButton\"]"}
RESULT: {}
RESULT: {"using":"xpath","value":"//button[@data-kt=\"masterHOAddButton\"]"}
COMMAND: POST /session/ba2432913a596e5fc4fa14806f816f85/elements - {"using":"xpath","value":"//button[@data-kt=\"masterHOAddButton\"]"}
RESULT: {"using":"xpath","value":"//button[@data-kt=\"masterHOAddButton\"]"}
COMMAND: POST /session/ba2432913a596e5fc4fa14806f816f85/elements - {"using":"xpath","value":"//button[@data-kt=\"masterHOAddButton\"]"}
RESULT: {"using":"xpath","value":"//button[@data-kt=\"masterHOAddButton\"]"}
COMMAND: POST /session/ba2432913a596e5fc4fa14806f816f85/element - {"using":"xpath","value":"//button[@data-kt=\"masterHOAddButton\"]"}
RESULT: {"using":"xpath","value":"//button[@data-kt=\"masterHOAddButton\"]"}
COMMAND: POST /session/ba2432913a596e5fc4fa14806f816f85/execute/sync - {"script":"<script> [8489 bytes]","args":[{"element-6066-11e4-a52e-4f735466cecf":"f.FF9A1E5259EB1E6B709B859A36B64A29.d.F0730FE23EE80F2ECAB701D8B9F51964.e.15863","ELEMENT":"f.FF9A1E5259EB1E6B709B859A36B64A29.d.F0730FE23EE80F2ECAB701D8B9F51964.e.15863"}]}
RESULT: {"script":"<script> [8489 bytes]","args":[{"element-6066-11e4-a52e-4f735466cecf":"f.FF9A1E5259EB1E6B709B859A36B64A29.d.F0730FE23EE80F2ECAB701D8B9F51964.e.15863","ELEMENT":"f.FF9A1E5259EB1E6B709B859A36B64A29.d.F0730FE23EE80F2ECAB701D8B9F51964.e.15863"}]}
COMMAND: GET /session/ba2432913a596e5fc4fa14806f816f85/element/f.FF9A1E5259EB1E6B709B859A36B64A29.d.F0730FE23EE80F2ECAB701D8B9F51964.e.15863/enabled - {}
COMMAND: GET /session/ba2432913a596e5fc4fa14806f816f85/screenshot - {}
RESULT: {}
COMMAND: POST /session/ba2432913a596e5fc4fa14806f816f85/execute/sync - {"script":"<script> [8489 bytes]","args":[{"element-6066-11e4-a52e-4f735466cecf":"f.FF9A1E5259EB1E6B709B859A36B64A29.d.F0730FE23EE80F2ECAB701D8B9F51964.e.15863","ELEMENT":"f.FF9A1E5259EB1E6B709B859A36B64A29.d.F0730FE23EE80F2ECAB701D8B9F51964.e.15863"}]}
COMMAND: GET /session/ba2432913a596e5fc4fa14806f816f85/screenshot - {}
RESULT: {}
RESULT: {"script":"<script> [8489 bytes]","args":[{"element-6066-11e4-a52e-4f735466cecf":"f.FF9A1E5259EB1E6B709B859A36B64A29.d.F0730FE23EE80F2ECAB701D8B9F51964.e.15863","ELEMENT":"f.FF9A1E5259EB1E6B709B859A36B64A29.d.F0730FE23EE80F2ECAB701D8B9F51964.e.15863"}]}
COMMAND: POST /session/ba2432913a596e5fc4fa14806f816f85/execute/sync - {"script":"<script> [5351 bytes]","args":[{"element-6066-11e4-a52e-4f735466cecf":"f.FF9A1E5259EB1E6B709B859A36B64A29.d.F0730FE23EE80F2ECAB701D8B9F51964.e.15863","ELEMENT":"f.FF9A1E5259EB1E6B709B859A36B64A29.d.F0730FE23EE80F2ECAB701D8B9F51964.e.15863"}]}
COMMAND: GET /session/ba2432913a596e5fc4fa14806f816f85/screenshot - {}
RESULT: {}
RESULT: {"script":"<script> [5351 bytes]","args":[{"element-6066-11e4-a52e-4f735466cecf":"f.FF9A1E5259EB1E6B709B859A36B64A29.d.F0730FE23EE80F2ECAB701D8B9F51964.e.15863","ELEMENT":"f.FF9A1E5259EB1E6B709B859A36B64A29.d.F0730FE23EE80F2ECAB701D8B9F51964.e.15863"}]}
COMMAND: POST /session/ba2432913a596e5fc4fa14806f816f85/element/f.FF9A1E5259EB1E6B709B859A36B64A29.d.F0730FE23EE80F2ECAB701D8B9F51964.e.15863/click - {}
RESULT: {}
COMMAND: GET /session/ba2432913a596e5fc4fa14806f816f85/screenshot - {}
RESULT: {}
COMMAND: GET /session/ba2432913a596e5fc4fa14806f816f85/screenshot - {}
RESULT: {}
RESULT: {}
COMMAND: POST /session/ba2432913a596e5fc4fa14806f816f85/element - {"using":"xpath","value":"//span[contains(@id ,\"AddNewHO--typeSelect-arrow\")]"}
RESULT: {"using":"xpath","value":"//span[contains(@id ,\"AddNewHO--typeSelect-arrow\")]"}
COMMAND: POST /session/ba2432913a596e5fc4fa14806f816f85/element/f.FF9A1E5259EB1E6B709B859A36B64A29.d.F0730FE23EE80F2ECAB701D8B9F51964.e.16201/click - {}
RESULT: {}
COMMAND: GET /session/ba2432913a596e5fc4fa14806f816f85/screenshot - {}
RESULT: {}
COMMAND: POST /session/ba2432913a596e5fc4fa14806f816f85/element - {"using":"xpath","value":"(//li[contains(text(), \"stock increase yard\")])[1]"}
RESULT: {"using":"xpath","value":"(//li[contains(text(), \"stock increase yard\")])[1]"}
COMMAND: POST /session/ba2432913a596e5fc4fa14806f816f85/element/f.FF9A1E5259EB1E6B709B859A36B64A29.d.F0730FE23EE80F2ECAB701D8B9F51964.e.16202/click - {}
RESULT: {}
COMMAND: GET /session/ba2432913a596e5fc4fa14806f816f85/screenshot - {}
RESULT: {}
COMMAND: POST /session/ba2432913a596e5fc4fa14806f816f85/execute/async - {"script":"<script> [1562 bytes]","args":[{"selector":{"id":"application-managehandovers-display-component---AddNewHO--dueDate","interaction":{"idSuffix":"inner"}},"wdio_ui5_key":"applicationmanagehandovers-display-component---AddNewHO--dueDate"}]}
RESULT: {"script":"<script> [1562 bytes]","args":[{"selector":{"id":"application-managehandovers-display-component---AddNewHO--dueDate","interaction":{"idSuffix":"inner"}},"wdio_ui5_key":"applicationmanagehandovers-display-component---AddNewHO--dueDate"}]}
RESULT: undefined
COMMAND: POST /session/ba2432913a596e5fc4fa14806f816f85/execute/async - {"script":"<script> [6424 bytes]","args":[{"element-6066-11e4-a52e-4f735466cecf":"f.FF9A1E5259EB1E6B709B859A36B64A29.d.F0730FE23EE80F2ECAB701D8B9F51964.e.16206"},"setValue",["05/03/2025"]]}
RESULT: {"script":"<script> [6424 bytes]","args":[{"element-6066-11e4-a52e-4f735466cecf":"f.FF9A1E5259EB1E6B709B859A36B64A29.d.F0730FE23EE80F2ECAB701D8B9F51964.e.16206"},"setValue",["05/03/2025"]]}
COMMAND: POST /session/ba2432913a596e5fc4fa14806f816f85/element - {"using":"xpath","value":"//input[@id=\"generalSectionFrg--receiveYard-inner\"]"}
RESULT: {"using":"xpath","value":"//input[@id=\"generalSectionFrg--receiveYard-inner\"]"}
COMMAND: POST /session/ba2432913a596e5fc4fa14806f816f85/element/f.FF9A1E5259EB1E6B709B859A36B64A29.d.F0730FE23EE80F2ECAB701D8B9F51964.e.16212/clear - {}
RESULT: {}
COMMAND: POST /session/ba2432913a596e5fc4fa14806f816f85/element/f.FF9A1E5259EB1E6B709B859A36B64A29.d.F0730FE23EE80F2ECAB701D8B9F51964.e.16212/value - {"text":"531"}
COMMAND: GET /session/ba2432913a596e5fc4fa14806f816f85/screenshot - {}
RESULT: {"text":"531"}
COMMAND: GET /session/ba2432913a596e5fc4fa14806f816f85/screenshot - {}
RESULT: {}
RESULT: {}
COMMAND: POST /session/ba2432913a596e5fc4fa14806f816f85/element - {"using":"xpath","value":"//li[.//span[text()='531']]"}
RESULT: {"using":"xpath","value":"//li[.//span[text()='531']]"}
COMMAND: POST /session/ba2432913a596e5fc4fa14806f816f85/element/f.FF9A1E5259EB1E6B709B859A36B64A29.d.F0730FE23EE80F2ECAB701D8B9F51964.e.16227/click - {}
RESULT: {}
COMMAND: GET /session/ba2432913a596e5fc4fa14806f816f85/screenshot - {}
RESULT: {}
COMMAND: POST /session/ba2432913a596e5fc4fa14806f816f85/execute/async - {"script":"<script> [1562 bytes]","args":[{"selector":{"id":"application-managehandovers-display-component---AddNewHO--ObjectPageLayout-anchBar-application-managehandovers-display-component---AddNewHO--section4-anchor","interaction":{"idSuffix":"BDI-content"}},"wdio_ui5_key":"applicationmanagehandovers-display-component---AddNewHO--ObjectPageLayout-anchBar-application-managehandovers-display-component---AddNewHO--section4-anchor"}]}
RESULT: {"script":"<script> [1562 bytes]","args":[{"selector":{"id":"application-managehandovers-display-component---AddNewHO--ObjectPageLayout-anchBar-application-managehandovers-display-component---AddNewHO--section4-anchor","interaction":{"idSuffix":"BDI-content"}},"wdio_ui5_key":"applicationmanagehandovers-display-component---AddNewHO--ObjectPageLayout-anchBar-application-managehandovers-display-component---AddNewHO--section4-anchor"}]}
RESULT: undefined
COMMAND: POST /session/ba2432913a596e5fc4fa14806f816f85/element - {"using":"xpath","value":"//*[@id=\"application-managehandovers-display-component---AddNewHO--ObjectPageLayout-anchBar-application-managehandovers-display-component---AddNewHO--section4-anchor\"]"}
RESULT: {"using":"xpath","value":"//*[@id=\"application-managehandovers-display-component---AddNewHO--ObjectPageLayout-anchBar-application-managehandovers-display-component---AddNewHO--section4-anchor\"]"}
COMMAND: POST /session/ba2432913a596e5fc4fa14806f816f85/element/f.FF9A1E5259EB1E6B709B859A36B64A29.d.F0730FE23EE80F2ECAB701D8B9F51964.e.16229/click - {}
RESULT: {}
COMMAND: POST /session/ba2432913a596e5fc4fa14806f816f85/element - {"using":"xpath","value":"//button[@aria-label=\"Add\"]"}
COMMAND: GET /session/ba2432913a596e5fc4fa14806f816f85/screenshot - {}
RESULT: {"using":"xpath","value":"//button[@aria-label=\"Add\"]"}
COMMAND: POST /session/ba2432913a596e5fc4fa14806f816f85/element/f.FF9A1E5259EB1E6B709B859A36B64A29.d.F0730FE23EE80F2ECAB701D8B9F51964.e.16231/click - {}
RESULT: {}
RESULT: {}
COMMAND: GET /session/ba2432913a596e5fc4fa14806f816f85/screenshot - {}
RESULT: {}
COMMAND: POST /session/ba2432913a596e5fc4fa14806f816f85/execute/async - {"script":"<script> [1562 bytes]","args":[{"selector":{"id":"application-managehandovers-display-component---AddNewHO--smartFilterBar-btnBasicSearch","searchOpenDialogs":true,"interaction":{"idSuffix":"I"}},"wdio_ui5_key":"applicationmanagehandovers-display-component---AddNewHO--smartFilterBar-btnBasicSearch"}]}
RESULT: {"script":"<script> [1562 bytes]","args":[{"selector":{"id":"application-managehandovers-display-component---AddNewHO--smartFilterBar-btnBasicSearch","searchOpenDialogs":true,"interaction":{"idSuffix":"I"}},"wdio_ui5_key":"applicationmanagehandovers-display-component---AddNewHO--smartFilterBar-btnBasicSearch"}]}
RESULT: undefined
COMMAND: POST /session/ba2432913a596e5fc4fa14806f816f85/execute/async - {"script":"<script> [776 bytes]","args":[{"enterText":"dz3pGNzGe8","selector":{"id":"application-managehandovers-display-component---AddNewHO--smartFilterBar-btnBasicSearch","searchOpenDialogs":true,"interaction":{"idSuffix":"I"}},"clearTextFirst":true,"interactionType":"ENTER_TEXT"}]}
RESULT: {"script":"<script> [776 bytes]","args":[{"enterText":"dz3pGNzGe8","selector":{"id":"application-managehandovers-display-component---AddNewHO--smartFilterBar-btnBasicSearch","searchOpenDialogs":true,"interaction":{"idSuffix":"I"}},"clearTextFirst":true,"interactionType":"ENTER_TEXT"}]}
COMMAND: POST /session/ba2432913a596e5fc4fa14806f816f85/actions - {"actions":[{"id":"action60","type":"key","parameters":{},"actions":[{"type":"keyDown","value":"î€‡"},{"type":"pause","duration":10},{"type":"keyUp","value":"î€‡"}]}]}
RESULT: {"actions":[{"id":"action60","type":"key","parameters":{},"actions":[{"type":"keyDown","value":"î€‡"},{"type":"pause","duration":10},{"type":"keyUp","value":"î€‡"}]}]}
COMMAND: GET /session/ba2432913a596e5fc4fa14806f816f85/screenshot - {}
RESULT: {}
COMMAND: POST /session/ba2432913a596e5fc4fa14806f816f85/execute/async - {"script":"<script> [1562 bytes]","args":[{"selector":{"id":"application-managehandovers-display-component---AddNewHO--popup-sa","searchOpenDialogs":true,"interaction":{"idSuffix":"CbBg"}},"wdio_ui5_key":"applicationmanagehandovers-display-component---AddNewHO--popup-sa"}]}
RESULT: {"script":"<script> [1562 bytes]","args":[{"selector":{"id":"application-managehandovers-display-component---AddNewHO--popup-sa","searchOpenDialogs":true,"interaction":{"idSuffix":"CbBg"}},"wdio_ui5_key":"applicationmanagehandovers-display-component---AddNewHO--popup-sa"}]}
RESULT: undefined
COMMAND: POST /session/ba2432913a596e5fc4fa14806f816f85/element - {"using":"xpath","value":"//*[@id=\"application-managehandovers-display-component---AddNewHO--popup-sa\"]"}
RESULT: {"using":"xpath","value":"//*[@id=\"application-managehandovers-display-component---AddNewHO--popup-sa\"]"}
COMMAND: POST /session/ba2432913a596e5fc4fa14806f816f85/element/f.FF9A1E5259EB1E6B709B859A36B64A29.d.F0730FE23EE80F2ECAB701D8B9F51964.e.16383/click - {}
RESULT: {}
COMMAND: GET /session/ba2432913a596e5fc4fa14806f816f85/screenshot - {}
RESULT: {}
COMMAND: POST /session/ba2432913a596e5fc4fa14806f816f85/element - {"using":"xpath","value":"//bdi[contains(text(), \"Select\")]"}
RESULT: {"using":"xpath","value":"//bdi[contains(text(), \"Select\")]"}
COMMAND: POST /session/ba2432913a596e5fc4fa14806f816f85/element/f.FF9A1E5259EB1E6B709B859A36B64A29.d.F0730FE23EE80F2ECAB701D8B9F51964.e.16384/click - {}
RESULT: {}
COMMAND: GET /session/ba2432913a596e5fc4fa14806f816f85/screenshot - {}
RESULT: {}
COMMAND: POST /session/ba2432913a596e5fc4fa14806f816f85/element - {"using":"xpath","value":"//button[@data-kt=\"AddNewHOSaveButton\"]"}
RESULT: {"using":"xpath","value":"//button[@data-kt=\"AddNewHOSaveButton\"]"}
COMMAND: POST /session/ba2432913a596e5fc4fa14806f816f85/element/f.FF9A1E5259EB1E6B709B859A36B64A29.d.F0730FE23EE80F2ECAB701D8B9F51964.e.16388/click - {}
RESULT: {}
COMMAND: GET /session/ba2432913a596e5fc4fa14806f816f85/screenshot - {}
RESULT: {}
COMMAND: POST /session/ba2432913a596e5fc4fa14806f816f85/execute/async - {"script":"<script> [1562 bytes]","args":[{"selector":{"id":"receiptDatePicker","viewName":"etm.portal.ui.managehandovers.view.DetailExecuteHO","interaction":{"idSuffix":"inner"}},"wdio_ui5_key":"receiptDatePickeretmportal.ui.managehandovers.view.DetailExecuteHO"}]}
RESULT: {"script":"<script> [1562 bytes]","args":[{"selector":{"id":"receiptDatePicker","viewName":"etm.portal.ui.managehandovers.view.DetailExecuteHO","interaction":{"idSuffix":"inner"}},"wdio_ui5_key":"receiptDatePickeretmportal.ui.managehandovers.view.DetailExecuteHO"}]}
RESULT: undefined
COMMAND: POST /session/ba2432913a596e5fc4fa14806f816f85/execute/async - {"script":"<script> [6424 bytes]","args":[{"element-6066-11e4-a52e-4f735466cecf":"f.FF9A1E5259EB1E6B709B859A36B64A29.d.F0730FE23EE80F2ECAB701D8B9F51964.e.16417"},"setValue",["05/03/2025"]]}
RESULT: {"script":"<script> [6424 bytes]","args":[{"element-6066-11e4-a52e-4f735466cecf":"f.FF9A1E5259EB1E6B709B859A36B64A29.d.F0730FE23EE80F2ECAB701D8B9F51964.e.16417"},"setValue",["05/03/2025"]]}
COMMAND: POST /session/ba2432913a596e5fc4fa14806f816f85/element - {"using":"xpath","value":"//button[@data-kt=\"PickingTableConfirmAllButton\"]"}
RESULT: {"using":"xpath","value":"//button[@data-kt=\"PickingTableConfirmAllButton\"]"}
COMMAND: POST /session/ba2432913a596e5fc4fa14806f816f85/element/f.FF9A1E5259EB1E6B709B859A36B64A29.d.F0730FE23EE80F2ECAB701D8B9F51964.e.16432/click - {}
RESULT: {}
COMMAND: GET /session/ba2432913a596e5fc4fa14806f816f85/screenshot - {}
RESULT: {}
COMMAND: POST /session/ba2432913a596e5fc4fa14806f816f85/element - {"using":"xpath","value":"//bdi[contains(text(), \"OK\")]"}
RESULT: {"using":"xpath","value":"//bdi[contains(text(), \"OK\")]"}
COMMAND: POST /session/ba2432913a596e5fc4fa14806f816f85/element/f.FF9A1E5259EB1E6B709B859A36B64A29.d.F0730FE23EE80F2ECAB701D8B9F51964.e.16434/click - {}
RESULT: {}
COMMAND: GET /session/ba2432913a596e5fc4fa14806f816f85/screenshot - {}
RESULT: {}
COMMAND: POST /session/ba2432913a596e5fc4fa14806f816f85/element - {"using":"xpath","value":"(//bdi[contains(text(), \"Receive\")])[2]"}
RESULT: {"using":"xpath","value":"(//bdi[contains(text(), \"Receive\")])[2]"}
COMMAND: POST /session/ba2432913a596e5fc4fa14806f816f85/element/f.FF9A1E5259EB1E6B709B859A36B64A29.d.F0730FE23EE80F2ECAB701D8B9F51964.e.16436/click - {}
RESULT: {}
COMMAND: GET /session/ba2432913a596e5fc4fa14806f816f85/screenshot - {}
RESULT: {}
COMMAND: POST /session/ba2432913a596e5fc4fa14806f816f85/element - {"using":"css selector","value":"#shell-header-logo"}
RESULT: {"using":"css selector","value":"#shell-header-logo"}
COMMAND: POST /session/ba2432913a596e5fc4fa14806f816f85/element/f.FF9A1E5259EB1E6B709B859A36B64A29.d.F0730FE23EE80F2ECAB701D8B9F51964.e.15825/click - {}
RESULT: {}
COMMAND: GET /session/ba2432913a596e5fc4fa14806f816f85/screenshot - {}
RESULT: {}
]]></system-out>
    </testcase>
    <testcase classname="chrome.135_0_7049_96.windows.Performance_based_billing_(work_days)_US139742" name="Should create a new contract" time="77.026">
      <system-out><![CDATA[
COMMAND: POST /session/ba2432913a596e5fc4fa14806f816f85/execute/async - {"script":"<script> [1562 bytes]","args":[{"selector":{"controlType":"sap.m.Text","viewName":"etm.portal.ui.managecontractstile.view.Master","properties":{"text":"Manage Contracts"},"interaction":{"idSuffix":"inner"}},"wdio_ui5_key":"etmportal.ui.managecontractstile.view.Mastersap.m.Text{\"text\":\"Manage Contracts\"}"}]}
RESULT: {"script":"<script> [1562 bytes]","args":[{"selector":{"controlType":"sap.m.Text","viewName":"etm.portal.ui.managecontractstile.view.Master","properties":{"text":"Manage Contracts"},"interaction":{"idSuffix":"inner"}},"wdio_ui5_key":"etmportal.ui.managecontractstile.view.Mastersap.m.Text{\"text\":\"Manage Contracts\"}"}]}
RESULT: undefined
COMMAND: POST /session/ba2432913a596e5fc4fa14806f816f85/element - {"using":"xpath","value":"//*[@id=\"__tile132-title\"]"}
RESULT: {"using":"xpath","value":"//*[@id=\"__tile132-title\"]"}
COMMAND: POST /session/ba2432913a596e5fc4fa14806f816f85/element/f.FF9A1E5259EB1E6B709B859A36B64A29.d.F0730FE23EE80F2ECAB701D8B9F51964.e.16611/click - {}
RESULT: {}
COMMAND: GET /session/ba2432913a596e5fc4fa14806f816f85/screenshot - {}
COMMAND: POST /session/ba2432913a596e5fc4fa14806f816f85/element - {"using":"xpath","value":"//button[@data-kt=\"addButton\"]"}
RESULT: {}
RESULT: {"using":"xpath","value":"//button[@data-kt=\"addButton\"]"}
COMMAND: POST /session/ba2432913a596e5fc4fa14806f816f85/elements - {"using":"xpath","value":"//button[@data-kt=\"addButton\"]"}
RESULT: {"using":"xpath","value":"//button[@data-kt=\"addButton\"]"}
COMMAND: POST /session/ba2432913a596e5fc4fa14806f816f85/element - {"using":"xpath","value":"//button[@data-kt=\"addButton\"]"}
RESULT: {"using":"xpath","value":"//button[@data-kt=\"addButton\"]"}
COMMAND: POST /session/ba2432913a596e5fc4fa14806f816f85/execute/sync - {"script":"<script> [8489 bytes]","args":[{"element-6066-11e4-a52e-4f735466cecf":"f.FF9A1E5259EB1E6B709B859A36B64A29.d.F0730FE23EE80F2ECAB701D8B9F51964.e.16681","ELEMENT":"f.FF9A1E5259EB1E6B709B859A36B64A29.d.F0730FE23EE80F2ECAB701D8B9F51964.e.16681"}]}
RESULT: {"script":"<script> [8489 bytes]","args":[{"element-6066-11e4-a52e-4f735466cecf":"f.FF9A1E5259EB1E6B709B859A36B64A29.d.F0730FE23EE80F2ECAB701D8B9F51964.e.16681","ELEMENT":"f.FF9A1E5259EB1E6B709B859A36B64A29.d.F0730FE23EE80F2ECAB701D8B9F51964.e.16681"}]}
COMMAND: GET /session/ba2432913a596e5fc4fa14806f816f85/element/f.FF9A1E5259EB1E6B709B859A36B64A29.d.F0730FE23EE80F2ECAB701D8B9F51964.e.16681/enabled - {}
COMMAND: GET /session/ba2432913a596e5fc4fa14806f816f85/screenshot - {}
RESULT: {}
COMMAND: POST /session/ba2432913a596e5fc4fa14806f816f85/execute/sync - {"script":"<script> [8489 bytes]","args":[{"element-6066-11e4-a52e-4f735466cecf":"f.FF9A1E5259EB1E6B709B859A36B64A29.d.F0730FE23EE80F2ECAB701D8B9F51964.e.16681","ELEMENT":"f.FF9A1E5259EB1E6B709B859A36B64A29.d.F0730FE23EE80F2ECAB701D8B9F51964.e.16681"}]}
COMMAND: GET /session/ba2432913a596e5fc4fa14806f816f85/screenshot - {}
RESULT: {}
RESULT: {"script":"<script> [8489 bytes]","args":[{"element-6066-11e4-a52e-4f735466cecf":"f.FF9A1E5259EB1E6B709B859A36B64A29.d.F0730FE23EE80F2ECAB701D8B9F51964.e.16681","ELEMENT":"f.FF9A1E5259EB1E6B709B859A36B64A29.d.F0730FE23EE80F2ECAB701D8B9F51964.e.16681"}]}
COMMAND: POST /session/ba2432913a596e5fc4fa14806f816f85/execute/sync - {"script":"<script> [5351 bytes]","args":[{"element-6066-11e4-a52e-4f735466cecf":"f.FF9A1E5259EB1E6B709B859A36B64A29.d.F0730FE23EE80F2ECAB701D8B9F51964.e.16681","ELEMENT":"f.FF9A1E5259EB1E6B709B859A36B64A29.d.F0730FE23EE80F2ECAB701D8B9F51964.e.16681"}]}
COMMAND: GET /session/ba2432913a596e5fc4fa14806f816f85/screenshot - {}
RESULT: {}
RESULT: {"script":"<script> [5351 bytes]","args":[{"element-6066-11e4-a52e-4f735466cecf":"f.FF9A1E5259EB1E6B709B859A36B64A29.d.F0730FE23EE80F2ECAB701D8B9F51964.e.16681","ELEMENT":"f.FF9A1E5259EB1E6B709B859A36B64A29.d.F0730FE23EE80F2ECAB701D8B9F51964.e.16681"}]}
COMMAND: GET /session/ba2432913a596e5fc4fa14806f816f85/screenshot - {}
RESULT: {}
RESULT: {}
COMMAND: POST /session/ba2432913a596e5fc4fa14806f816f85/element/f.FF9A1E5259EB1E6B709B859A36B64A29.d.F0730FE23EE80F2ECAB701D8B9F51964.e.16681/click - {}
RESULT: {}
COMMAND: GET /session/ba2432913a596e5fc4fa14806f816f85/screenshot - {}
COMMAND: POST /session/ba2432913a596e5fc4fa14806f816f85/execute/async - {"script":"<script> [1562 bytes]","args":[{"selector":{"id":"application-managecontracts-display-component---AddNewContract--projectDescription","interaction":{"idSuffix":"inner"}},"wdio_ui5_key":"applicationmanagecontracts-display-component---AddNewContract--projectDescription"}]}
RESULT: {}
RESULT: {"script":"<script> [1562 bytes]","args":[{"selector":{"id":"application-managecontracts-display-component---AddNewContract--projectDescription","interaction":{"idSuffix":"inner"}},"wdio_ui5_key":"applicationmanagecontracts-display-component---AddNewContract--projectDescription"}]}
RESULT: undefined
COMMAND: POST /session/ba2432913a596e5fc4fa14806f816f85/execute/async - {"script":"<script> [776 bytes]","args":[{"enterText":"Performance Contract WDIO","selector":{"id":"application-managecontracts-display-component---AddNewContract--projectDescription","interaction":{"idSuffix":"inner"}},"clearTextFirst":true,"interactionType":"ENTER_TEXT"}]}
RESULT: {"script":"<script> [776 bytes]","args":[{"enterText":"Performance Contract WDIO","selector":{"id":"application-managecontracts-display-component---AddNewContract--projectDescription","interaction":{"idSuffix":"inner"}},"clearTextFirst":true,"interactionType":"ENTER_TEXT"}]}
COMMAND: POST /session/ba2432913a596e5fc4fa14806f816f85/element - {"using":"xpath","value":"//input[@id=\"application-managecontracts-display-component---AddNewContract--site-inner\"]"}
RESULT: {"using":"xpath","value":"//input[@id=\"application-managecontracts-display-component---AddNewContract--site-inner\"]"}
COMMAND: POST /session/ba2432913a596e5fc4fa14806f816f85/element/f.FF9A1E5259EB1E6B709B859A36B64A29.d.F0730FE23EE80F2ECAB701D8B9F51964.e.17143/clear - {}
RESULT: {}
COMMAND: POST /session/ba2432913a596e5fc4fa14806f816f85/element/f.FF9A1E5259EB1E6B709B859A36B64A29.d.F0730FE23EE80F2ECAB701D8B9F51964.e.17143/value - {"text":"2365"}
COMMAND: GET /session/ba2432913a596e5fc4fa14806f816f85/screenshot - {}
RESULT: {}
RESULT: {"text":"2365"}
COMMAND: GET /session/ba2432913a596e5fc4fa14806f816f85/screenshot - {}
RESULT: {}
COMMAND: POST /session/ba2432913a596e5fc4fa14806f816f85/element - {"using":"xpath","value":"//li[.//span[text()='2365']]"}
RESULT: {"using":"xpath","value":"//li[.//span[text()='2365']]"}
COMMAND: POST /session/ba2432913a596e5fc4fa14806f816f85/element/f.FF9A1E5259EB1E6B709B859A36B64A29.d.F0730FE23EE80F2ECAB701D8B9F51964.e.17166/click - {}
RESULT: {}
COMMAND: GET /session/ba2432913a596e5fc4fa14806f816f85/screenshot - {}
RESULT: {}
COMMAND: POST /session/ba2432913a596e5fc4fa14806f816f85/element - {"using":"xpath","value":"//input[@id=\"application-managecontracts-display-component---AddNewContract--yardId-inner\"]"}
RESULT: {"using":"xpath","value":"//input[@id=\"application-managecontracts-display-component---AddNewContract--yardId-inner\"]"}
COMMAND: GET /session/ba2432913a596e5fc4fa14806f816f85/element/f.FF9A1E5259EB1E6B709B859A36B64A29.d.F0730FE23EE80F2ECAB701D8B9F51964.e.17144/property/value - {}
RESULT: {}
COMMAND: POST /session/ba2432913a596e5fc4fa14806f816f85/element - {"using":"xpath","value":"//input[@id=\"application-managecontracts-display-component---AddNewContract--customerSelect-inner\"]"}
RESULT: {"using":"xpath","value":"//input[@id=\"application-managecontracts-display-component---AddNewContract--customerSelect-inner\"]"}
COMMAND: POST /session/ba2432913a596e5fc4fa14806f816f85/element/f.FF9A1E5259EB1E6B709B859A36B64A29.d.F0730FE23EE80F2ECAB701D8B9F51964.e.17142/clear - {}
COMMAND: GET /session/ba2432913a596e5fc4fa14806f816f85/screenshot - {}
RESULT: {}
COMMAND: POST /session/ba2432913a596e5fc4fa14806f816f85/element/f.FF9A1E5259EB1E6B709B859A36B64A29.d.F0730FE23EE80F2ECAB701D8B9F51964.e.17142/value - {"text":"1405"}
COMMAND: GET /session/ba2432913a596e5fc4fa14806f816f85/screenshot - {}
RESULT: {}
RESULT: {"text":"1405"}
COMMAND: GET /session/ba2432913a596e5fc4fa14806f816f85/screenshot - {}
RESULT: {}
RESULT: {}
COMMAND: POST /session/ba2432913a596e5fc4fa14806f816f85/element - {"using":"xpath","value":"//li[.//span[text()='1405']]"}
RESULT: {"using":"xpath","value":"//li[.//span[text()='1405']]"}
COMMAND: POST /session/ba2432913a596e5fc4fa14806f816f85/element/f.FF9A1E5259EB1E6B709B859A36B64A29.d.F0730FE23EE80F2ECAB701D8B9F51964.e.17169/click - {}
RESULT: {}
COMMAND: GET /session/ba2432913a596e5fc4fa14806f816f85/screenshot - {}
RESULT: {}
COMMAND: POST /session/ba2432913a596e5fc4fa14806f816f85/element - {"using":"xpath","value":"//button[@data-kt=\"saveButton\"]"}
RESULT: {"using":"xpath","value":"//button[@data-kt=\"saveButton\"]"}
COMMAND: POST /session/ba2432913a596e5fc4fa14806f816f85/element/f.FF9A1E5259EB1E6B709B859A36B64A29.d.F0730FE23EE80F2ECAB701D8B9F51964.e.17158/click - {}
RESULT: {}
COMMAND: GET /session/ba2432913a596e5fc4fa14806f816f85/screenshot - {}
RESULT: {}
COMMAND: POST /session/ba2432913a596e5fc4fa14806f816f85/element - {"using":"xpath","value":"//span[contains(@id ,\"contractDetailTitleNoExpanded\")]"}
RESULT: {"using":"xpath","value":"//span[contains(@id ,\"contractDetailTitleNoExpanded\")]"}
COMMAND: POST /session/ba2432913a596e5fc4fa14806f816f85/elements - {"using":"xpath","value":"//span[contains(@id ,\"contractDetailTitleNoExpanded\")]"}
RESULT: {"using":"xpath","value":"//span[contains(@id ,\"contractDetailTitleNoExpanded\")]"}
COMMAND: POST /session/ba2432913a596e5fc4fa14806f816f85/execute/sync - {"script":"<script> [56 bytes]","args":[{"element-6066-11e4-a52e-4f735466cecf":"f.FF9A1E5259EB1E6B709B859A36B64A29.d.F0730FE23EE80F2ECAB701D8B9F51964.e.17180","ELEMENT":"f.FF9A1E5259EB1E6B709B859A36B64A29.d.F0730FE23EE80F2ECAB701D8B9F51964.e.17180"}]}
RESULT: {"script":"<script> [56 bytes]","args":[{"element-6066-11e4-a52e-4f735466cecf":"f.FF9A1E5259EB1E6B709B859A36B64A29.d.F0730FE23EE80F2ECAB701D8B9F51964.e.17180","ELEMENT":"f.FF9A1E5259EB1E6B709B859A36B64A29.d.F0730FE23EE80F2ECAB701D8B9F51964.e.17180"}]}
COMMAND: GET /session/ba2432913a596e5fc4fa14806f816f85/screenshot - {}
RESULT: {}
]]></system-out>
    </testcase>
    <testcase classname="chrome.135_0_7049_96.windows.Performance_based_billing_(work_days)_US139742" name="Should add equipment to the contract" time="51.939">
      <system-out><![CDATA[
COMMAND: POST /session/ba2432913a596e5fc4fa14806f816f85/element - {"using":"xpath","value":"//button[@data-kt=\"contractDetailEditBtnButton\"]"}
RESULT: {"using":"xpath","value":"//button[@data-kt=\"contractDetailEditBtnButton\"]"}
COMMAND: POST /session/ba2432913a596e5fc4fa14806f816f85/element/f.FF9A1E5259EB1E6B709B859A36B64A29.d.F0730FE23EE80F2ECAB701D8B9F51964.e.17182/click - {}
RESULT: {}
COMMAND: GET /session/ba2432913a596e5fc4fa14806f816f85/screenshot - {}
RESULT: {}
COMMAND: POST /session/ba2432913a596e5fc4fa14806f816f85/element - {"using":"xpath","value":"(//span[contains(text(), \"Additional Addresses\")])[2]"}
RESULT: {"using":"xpath","value":"(//span[contains(text(), \"Additional Addresses\")])[2]"}
COMMAND: POST /session/ba2432913a596e5fc4fa14806f816f85/element/f.FF9A1E5259EB1E6B709B859A36B64A29.d.F0730FE23EE80F2ECAB701D8B9F51964.e.17240/click - {}
RESULT: {}
COMMAND: GET /session/ba2432913a596e5fc4fa14806f816f85/screenshot - {}
RESULT: {}
COMMAND: POST /session/ba2432913a596e5fc4fa14806f816f85/element - {"using":"xpath","value":"//button[@data-kt=\"btnAddTableRowOverflowToolbarButton\"]"}
RESULT: {"using":"xpath","value":"//button[@data-kt=\"btnAddTableRowOverflowToolbarButton\"]"}
COMMAND: POST /session/ba2432913a596e5fc4fa14806f816f85/element/f.FF9A1E5259EB1E6B709B859A36B64A29.d.F0730FE23EE80F2ECAB701D8B9F51964.e.17242/click - {}
RESULT: {}
COMMAND: GET /session/ba2432913a596e5fc4fa14806f816f85/screenshot - {}
RESULT: {}
COMMAND: POST /session/ba2432913a596e5fc4fa14806f816f85/element - {"using":"xpath","value":"//div[(text() = 'Standard Entry' or . = 'Standard Entry')]"}
RESULT: {"using":"xpath","value":"//div[(text() = 'Standard Entry' or . = 'Standard Entry')]"}
COMMAND: POST /session/ba2432913a596e5fc4fa14806f816f85/element/f.FF9A1E5259EB1E6B709B859A36B64A29.d.F0730FE23EE80F2ECAB701D8B9F51964.e.17244/click - {}
RESULT: {}
COMMAND: GET /session/ba2432913a596e5fc4fa14806f816f85/screenshot - {}
RESULT: {}
COMMAND: POST /session/ba2432913a596e5fc4fa14806f816f85/element - {"using":"xpath","value":"//td[7]/div/div/input"}
RESULT: {"using":"xpath","value":"//td[7]/div/div/input"}
COMMAND: POST /session/ba2432913a596e5fc4fa14806f816f85/element/f.FF9A1E5259EB1E6B709B859A36B64A29.d.F0730FE23EE80F2ECAB701D8B9F51964.e.17253/clear - {}
RESULT: {}
COMMAND: POST /session/ba2432913a596e5fc4fa14806f816f85/element/f.FF9A1E5259EB1E6B709B859A36B64A29.d.F0730FE23EE80F2ECAB701D8B9F51964.e.17253/value - {"text":"dz3pGNzGe8"}
COMMAND: GET /session/ba2432913a596e5fc4fa14806f816f85/screenshot - {}
RESULT: {"text":"dz3pGNzGe8"}
COMMAND: GET /session/ba2432913a596e5fc4fa14806f816f85/screenshot - {}
RESULT: {}
RESULT: {}
COMMAND: POST /session/ba2432913a596e5fc4fa14806f816f85/actions - {"actions":[{"id":"action61","type":"key","parameters":{},"actions":[{"type":"keyDown","value":"î€‡"},{"type":"pause","duration":10},{"type":"keyUp","value":"î€‡"}]}]}
RESULT: {"actions":[{"id":"action61","type":"key","parameters":{},"actions":[{"type":"keyDown","value":"î€‡"},{"type":"pause","duration":10},{"type":"keyUp","value":"î€‡"}]}]}
COMMAND: GET /session/ba2432913a596e5fc4fa14806f816f85/screenshot - {}
RESULT: {}
COMMAND: POST /session/ba2432913a596e5fc4fa14806f816f85/execute/sync - {"script":"<script> [276 bytes]","args":["No pricing information was found"]}
RESULT: {"script":"<script> [276 bytes]","args":["No pricing information was found"]}
COMMAND: POST /session/ba2432913a596e5fc4fa14806f816f85/element - {"using":"xpath","value":"(//button[@data-kt=\"saveButton\"])[2]"}
COMMAND: GET /session/ba2432913a596e5fc4fa14806f816f85/screenshot - {}
RESULT: {"using":"xpath","value":"(//button[@data-kt=\"saveButton\"])[2]"}
COMMAND: POST /session/ba2432913a596e5fc4fa14806f816f85/element/f.FF9A1E5259EB1E6B709B859A36B64A29.d.F0730FE23EE80F2ECAB701D8B9F51964.e.17268/click - {}
RESULT: {}
RESULT: {}
COMMAND: GET /session/ba2432913a596e5fc4fa14806f816f85/screenshot - {}
RESULT: {}
COMMAND: POST /session/ba2432913a596e5fc4fa14806f816f85/execute/sync - {"script":"<script> [276 bytes]","args":["Some contract items are having rental validity exceeding header rental validity"]}
RESULT: {"script":"<script> [276 bytes]","args":["Some contract items are having rental validity exceeding header rental validity"]}
COMMAND: GET /session/ba2432913a596e5fc4fa14806f816f85/screenshot - {}
RESULT: {}
COMMAND: POST /session/ba2432913a596e5fc4fa14806f816f85/element - {"using":"xpath","value":"//span[contains(@id ,\"contractItemsSmartTable-header-inner\")]"}
RESULT: {"using":"xpath","value":"//span[contains(@id ,\"contractItemsSmartTable-header-inner\")]"}
COMMAND: POST /session/ba2432913a596e5fc4fa14806f816f85/elements - {"using":"xpath","value":"//span[contains(@id ,\"contractItemsSmartTable-header-inner\")]"}
RESULT: {"using":"xpath","value":"//span[contains(@id ,\"contractItemsSmartTable-header-inner\")]"}
COMMAND: POST /session/ba2432913a596e5fc4fa14806f816f85/execute/sync - {"script":"<script> [56 bytes]","args":[{"element-6066-11e4-a52e-4f735466cecf":"f.FF9A1E5259EB1E6B709B859A36B64A29.d.F0730FE23EE80F2ECAB701D8B9F51964.e.17277","ELEMENT":"f.FF9A1E5259EB1E6B709B859A36B64A29.d.F0730FE23EE80F2ECAB701D8B9F51964.e.17277"}]}
RESULT: {"script":"<script> [56 bytes]","args":[{"element-6066-11e4-a52e-4f735466cecf":"f.FF9A1E5259EB1E6B709B859A36B64A29.d.F0730FE23EE80F2ECAB701D8B9F51964.e.17277","ELEMENT":"f.FF9A1E5259EB1E6B709B859A36B64A29.d.F0730FE23EE80F2ECAB701D8B9F51964.e.17277"}]}
COMMAND: GET /session/ba2432913a596e5fc4fa14806f816f85/screenshot - {}
]]></system-out>
    </testcase>
    <testcase classname="chrome.135_0_7049_96.windows.Performance_based_billing_(work_days)_US139742" name="Should do a provide to site handover" time="70.915">
      <system-out><![CDATA[
COMMAND: POST /session/ba2432913a596e5fc4fa14806f816f85/element - {"using":"xpath","value":"//button[@data-kt=\"provideButton\"]"}
RESULT: {}
RESULT: {"using":"xpath","value":"//button[@data-kt=\"provideButton\"]"}
COMMAND: POST /session/ba2432913a596e5fc4fa14806f816f85/element/f.FF9A1E5259EB1E6B709B859A36B64A29.d.F0730FE23EE80F2ECAB701D8B9F51964.e.17279/click - {}
RESULT: {}
COMMAND: GET /session/ba2432913a596e5fc4fa14806f816f85/screenshot - {}
RESULT: {}
RESULT: undefined
COMMAND: POST /session/ba2432913a596e5fc4fa14806f816f85/execute/async - {"script":"<script> [6424 bytes]","args":[{"element-6066-11e4-a52e-4f735466cecf":"f.FF9A1E5259EB1E6B709B859A36B64A29.d.F0730FE23EE80F2ECAB701D8B9F51964.e.16206"},"setValue",["05/03/2025"]]}
COMMAND: POST /session/ba2432913a596e5fc4fa14806f816f85/execute/async - {"script":"<script> [1562 bytes]","args":[{"selector":{"id":"application-managehandovers-display-component---AddNewHO--dueDate","interaction":{"idSuffix":"inner"}},"wdio_ui5_key":"applicationmanagehandovers-display-component---AddNewHO--dueDate"}]}
RESULT: {"script":"<script> [1562 bytes]","args":[{"selector":{"id":"application-managehandovers-display-component---AddNewHO--dueDate","interaction":{"idSuffix":"inner"}},"wdio_ui5_key":"applicationmanagehandovers-display-component---AddNewHO--dueDate"}]}
COMMAND: POST /session/ba2432913a596e5fc4fa14806f816f85/execute/async - {"script":"<script> [6424 bytes]","args":[{"element-6066-11e4-a52e-4f735466cecf":"f.FF9A1E5259EB1E6B709B859A36B64A29.d.F0730FE23EE80F2ECAB701D8B9F51964.e.17355"},"setValue",["05/03/2025"]]}
RESULT: {"script":"<script> [6424 bytes]","args":[{"element-6066-11e4-a52e-4f735466cecf":"f.FF9A1E5259EB1E6B709B859A36B64A29.d.F0730FE23EE80F2ECAB701D8B9F51964.e.17355"},"setValue",["05/03/2025"]]}
COMMAND: POST /session/ba2432913a596e5fc4fa14806f816f85/element - {"using":"xpath","value":"//bdi[contains(text(), \"Instructions\")]"}
RESULT: {"using":"xpath","value":"//bdi[contains(text(), \"Instructions\")]"}
COMMAND: POST /session/ba2432913a596e5fc4fa14806f816f85/element/f.FF9A1E5259EB1E6B709B859A36B64A29.d.F0730FE23EE80F2ECAB701D8B9F51964.e.17620/click - {}
RESULT: {}
COMMAND: GET /session/ba2432913a596e5fc4fa14806f816f85/screenshot - {}
RESULT: {}
COMMAND: POST /session/ba2432913a596e5fc4fa14806f816f85/element - {"using":"xpath","value":"//button[@data-kt=\"AddNewHOProvideAddItemsButton\"]"}
RESULT: {"using":"xpath","value":"//button[@data-kt=\"AddNewHOProvideAddItemsButton\"]"}
COMMAND: POST /session/ba2432913a596e5fc4fa14806f816f85/element/f.FF9A1E5259EB1E6B709B859A36B64A29.d.F0730FE23EE80F2ECAB701D8B9F51964.e.17624/click - {}
RESULT: {}
COMMAND: GET /session/ba2432913a596e5fc4fa14806f816f85/screenshot - {}
RESULT: {}
RESULT: undefined
COMMAND: POST /session/ba2432913a596e5fc4fa14806f816f85/element - {"using":"xpath","value":"//*[@id=\"application-managehandovers-display-component---AddNewHO--popup-sa\"]"}
RESULT: {"using":"xpath","value":"//*[@id=\"application-managehandovers-display-component---AddNewHO--popup-sa\"]"}
COMMAND: POST /session/ba2432913a596e5fc4fa14806f816f85/element/f.FF9A1E5259EB1E6B709B859A36B64A29.d.F0730FE23EE80F2ECAB701D8B9F51964.e.17634/click - {}
RESULT: {}
COMMAND: GET /session/ba2432913a596e5fc4fa14806f816f85/screenshot - {}
RESULT: {}
COMMAND: POST /session/ba2432913a596e5fc4fa14806f816f85/element - {"using":"xpath","value":"//*[contains(@id ,\"BDI-content\")][contains(text(), \"Select\")]"}
RESULT: {"using":"xpath","value":"//*[contains(@id ,\"BDI-content\")][contains(text(), \"Select\")]"}
COMMAND: POST /session/ba2432913a596e5fc4fa14806f816f85/element/f.FF9A1E5259EB1E6B709B859A36B64A29.d.F0730FE23EE80F2ECAB701D8B9F51964.e.17635/click - {}
RESULT: {}
COMMAND: GET /session/ba2432913a596e5fc4fa14806f816f85/screenshot - {}
RESULT: {}
COMMAND: POST /session/ba2432913a596e5fc4fa14806f816f85/execute/async - {"script":"<script> [1562 bytes]","args":[{"selector":{"id":"application-managehandovers-display-component---AddNewHO--confirmCreationButton","interaction":{"idSuffix":"BDI-content"}},"wdio_ui5_key":"applicationmanagehandovers-display-component---AddNewHO--confirmCreationButton"}]}
RESULT: {"script":"<script> [1562 bytes]","args":[{"selector":{"id":"application-managehandovers-display-component---AddNewHO--confirmCreationButton","interaction":{"idSuffix":"BDI-content"}},"wdio_ui5_key":"applicationmanagehandovers-display-component---AddNewHO--confirmCreationButton"}]}
RESULT: undefined
COMMAND: POST /session/ba2432913a596e5fc4fa14806f816f85/element - {"using":"xpath","value":"//*[@id=\"application-managehandovers-display-component---AddNewHO--confirmCreationButton\"]"}
RESULT: {"using":"xpath","value":"//*[@id=\"application-managehandovers-display-component---AddNewHO--confirmCreationButton\"]"}
COMMAND: POST /session/ba2432913a596e5fc4fa14806f816f85/element/f.FF9A1E5259EB1E6B709B859A36B64A29.d.F0730FE23EE80F2ECAB701D8B9F51964.e.17402/click - {}
RESULT: {}
COMMAND: GET /session/ba2432913a596e5fc4fa14806f816f85/screenshot - {}
COMMAND: POST /session/ba2432913a596e5fc4fa14806f816f85/element - {"using":"xpath","value":"//button[@data-kt=\"PickingTableConfirmAllButton\"]"}
RESULT: {}
RESULT: {"using":"xpath","value":"//button[@data-kt=\"PickingTableConfirmAllButton\"]"}
COMMAND: POST /session/ba2432913a596e5fc4fa14806f816f85/elements - {"using":"xpath","value":"//button[@data-kt=\"PickingTableConfirmAllButton\"]"}
RESULT: {"using":"xpath","value":"//button[@data-kt=\"PickingTableConfirmAllButton\"]"}
COMMAND: POST /session/ba2432913a596e5fc4fa14806f816f85/elements - {"using":"xpath","value":"//button[@data-kt=\"PickingTableConfirmAllButton\"]"}
RESULT: {"using":"xpath","value":"//button[@data-kt=\"PickingTableConfirmAllButton\"]"}
COMMAND: POST /session/ba2432913a596e5fc4fa14806f816f85/elements - {"using":"xpath","value":"//button[@data-kt=\"PickingTableConfirmAllButton\"]"}
RESULT: {"using":"xpath","value":"//button[@data-kt=\"PickingTableConfirmAllButton\"]"}
COMMAND: POST /session/ba2432913a596e5fc4fa14806f816f85/element - {"using":"xpath","value":"//button[@data-kt=\"PickingTableConfirmAllButton\"]"}
RESULT: {"using":"xpath","value":"//button[@data-kt=\"PickingTableConfirmAllButton\"]"}
COMMAND: POST /session/ba2432913a596e5fc4fa14806f816f85/element/f.FF9A1E5259EB1E6B709B859A36B64A29.d.F0730FE23EE80F2ECAB701D8B9F51964.e.17673/click - {}
COMMAND: POST /session/ba2432913a596e5fc4fa14806f816f85/element - {"using":"xpath","value":"//button[@data-kt=\"PickingTableConfirmAllButton\"]"}
RESULT: {"using":"xpath","value":"//button[@data-kt=\"PickingTableConfirmAllButton\"]"}
COMMAND: POST /session/ba2432913a596e5fc4fa14806f816f85/element/f.FF9A1E5259EB1E6B709B859A36B64A29.d.F0730FE23EE80F2ECAB701D8B9F51964.e.17673/click - {}
COMMAND: POST /session/ba2432913a596e5fc4fa14806f816f85/element - {"using":"xpath","value":"//button[@data-kt=\"PickingTableConfirmAllButton\"]"}
RESULT: {"using":"xpath","value":"//button[@data-kt=\"PickingTableConfirmAllButton\"]"}
COMMAND: POST /session/ba2432913a596e5fc4fa14806f816f85/element/f.FF9A1E5259EB1E6B709B859A36B64A29.d.F0730FE23EE80F2ECAB701D8B9F51964.e.17695/click - {}
RESULT: {}
COMMAND: GET /session/ba2432913a596e5fc4fa14806f816f85/screenshot - {}
RESULT: {}
COMMAND: POST /session/ba2432913a596e5fc4fa14806f816f85/element - {"using":"xpath","value":"//bdi[contains(text(), \"OK\")]"}
RESULT: {"using":"xpath","value":"//bdi[contains(text(), \"OK\")]"}
COMMAND: POST /session/ba2432913a596e5fc4fa14806f816f85/element/f.FF9A1E5259EB1E6B709B859A36B64A29.d.F0730FE23EE80F2ECAB701D8B9F51964.e.17699/click - {}
RESULT: {}
COMMAND: GET /session/ba2432913a596e5fc4fa14806f816f85/screenshot - {}
RESULT: {}
COMMAND: POST /session/ba2432913a596e5fc4fa14806f816f85/element - {"using":"xpath","value":"//bdi[contains(text(), \"Ok\")]"}
RESULT: {"using":"xpath","value":"//bdi[contains(text(), \"Ok\")]"}
COMMAND: POST /session/ba2432913a596e5fc4fa14806f816f85/element/f.FF9A1E5259EB1E6B709B859A36B64A29.d.F0730FE23EE80F2ECAB701D8B9F51964.e.17708/click - {}
RESULT: {}
COMMAND: GET /session/ba2432913a596e5fc4fa14806f816f85/screenshot - {}
RESULT: {}
COMMAND: POST /session/ba2432913a596e5fc4fa14806f816f85/element - {"using":"xpath","value":"//bdi[contains(text(), \"Issue\")]"}
RESULT: {"using":"xpath","value":"//bdi[contains(text(), \"Issue\")]"}
COMMAND: POST /session/ba2432913a596e5fc4fa14806f816f85/element/f.FF9A1E5259EB1E6B709B859A36B64A29.d.F0730FE23EE80F2ECAB701D8B9F51964.e.17710/click - {}
RESULT: {}
COMMAND: GET /session/ba2432913a596e5fc4fa14806f816f85/screenshot - {}
RESULT: {}
COMMAND: POST /session/ba2432913a596e5fc4fa14806f816f85/element - {"using":"css selector","value":"#shell-header-logo"}
RESULT: {"using":"css selector","value":"#shell-header-logo"}
COMMAND: POST /session/ba2432913a596e5fc4fa14806f816f85/element/f.FF9A1E5259EB1E6B709B859A36B64A29.d.F0730FE23EE80F2ECAB701D8B9F51964.e.16628/click - {}
RESULT: {}
COMMAND: GET /session/ba2432913a596e5fc4fa14806f816f85/screenshot - {}
RESULT: {}
]]></system-out>
    </testcase>
    <testcase classname="chrome.135_0_7049_96.windows.Performance_based_billing_(work_days)_US139742" name="Should create a few performance documents" time="105.231">
      <system-out><![CDATA[
COMMAND: POST /session/ba2432913a596e5fc4fa14806f816f85/window/fullscreen - {}
RESULT: {}
COMMAND: POST /session/ba2432913a596e5fc4fa14806f816f85/execute/async - {"script":"<script> [1562 bytes]","args":[{"selector":{"controlType":"sap.m.GenericTile","properties":{"header":"Manage States & Performance"}},"wdio_ui5_key":"sapm.GenericTile{\"header\":\"Manage States & Performance\"}"}]}
RESULT: {"script":"<script> [1562 bytes]","args":[{"selector":{"controlType":"sap.m.GenericTile","properties":{"header":"Manage States & Performance"}},"wdio_ui5_key":"sapm.GenericTile{\"header\":\"Manage States & Performance\"}"}]}
RESULT: undefined
COMMAND: POST /session/ba2432913a596e5fc4fa14806f816f85/element - {"using":"xpath","value":"//*[@id=\"__tile56\"]"}
RESULT: {"using":"xpath","value":"//*[@id=\"__tile56\"]"}
COMMAND: POST /session/ba2432913a596e5fc4fa14806f816f85/element/f.FF9A1E5259EB1E6B709B859A36B64A29.d.F0730FE23EE80F2ECAB701D8B9F51964.e.14148/click - {}
RESULT: {}
COMMAND: POST /session/ba2432913a596e5fc4fa14806f816f85/element - {"using":"xpath","value":"//div[@id=\"application-managestatesandperformance-display-component---stateAndPerform--smartFilterBarResources-btnBasicSearch\"]"}
COMMAND: GET /session/ba2432913a596e5fc4fa14806f816f85/screenshot - {}
RESULT: {"using":"xpath","value":"//div[@id=\"application-managestatesandperformance-display-component---stateAndPerform--smartFilterBarResources-btnBasicSearch\"]"}
COMMAND: POST /session/ba2432913a596e5fc4fa14806f816f85/elements - {"using":"xpath","value":"//div[@id=\"application-managestatesandperformance-display-component---stateAndPerform--smartFilterBarResources-btnBasicSearch\"]"}
RESULT: {}
RESULT: {"using":"xpath","value":"//div[@id=\"application-managestatesandperformance-display-component---stateAndPerform--smartFilterBarResources-btnBasicSearch\"]"}
COMMAND: POST /session/ba2432913a596e5fc4fa14806f816f85/element - {"using":"xpath","value":"//div[@id=\"application-managestatesandperformance-display-component---stateAndPerform--smartFilterBarResources-btnBasicSearch\"]"}
RESULT: {"using":"xpath","value":"//div[@id=\"application-managestatesandperformance-display-component---stateAndPerform--smartFilterBarResources-btnBasicSearch\"]"}
COMMAND: POST /session/ba2432913a596e5fc4fa14806f816f85/execute/sync - {"script":"<script> [8489 bytes]","args":[{"element-6066-11e4-a52e-4f735466cecf":"f.FF9A1E5259EB1E6B709B859A36B64A29.d.F0730FE23EE80F2ECAB701D8B9F51964.e.17925","ELEMENT":"f.FF9A1E5259EB1E6B709B859A36B64A29.d.F0730FE23EE80F2ECAB701D8B9F51964.e.17925"}]}
RESULT: {"script":"<script> [8489 bytes]","args":[{"element-6066-11e4-a52e-4f735466cecf":"f.FF9A1E5259EB1E6B709B859A36B64A29.d.F0730FE23EE80F2ECAB701D8B9F51964.e.17925","ELEMENT":"f.FF9A1E5259EB1E6B709B859A36B64A29.d.F0730FE23EE80F2ECAB701D8B9F51964.e.17925"}]}
COMMAND: GET /session/ba2432913a596e5fc4fa14806f816f85/element/f.FF9A1E5259EB1E6B709B859A36B64A29.d.F0730FE23EE80F2ECAB701D8B9F51964.e.17925/enabled - {}
COMMAND: GET /session/ba2432913a596e5fc4fa14806f816f85/screenshot - {}
RESULT: {}
COMMAND: POST /session/ba2432913a596e5fc4fa14806f816f85/execute/sync - {"script":"<script> [8489 bytes]","args":[{"element-6066-11e4-a52e-4f735466cecf":"f.FF9A1E5259EB1E6B709B859A36B64A29.d.F0730FE23EE80F2ECAB701D8B9F51964.e.17925","ELEMENT":"f.FF9A1E5259EB1E6B709B859A36B64A29.d.F0730FE23EE80F2ECAB701D8B9F51964.e.17925"}]}
COMMAND: GET /session/ba2432913a596e5fc4fa14806f816f85/screenshot - {}
RESULT: {}
RESULT: {"script":"<script> [8489 bytes]","args":[{"element-6066-11e4-a52e-4f735466cecf":"f.FF9A1E5259EB1E6B709B859A36B64A29.d.F0730FE23EE80F2ECAB701D8B9F51964.e.17925","ELEMENT":"f.FF9A1E5259EB1E6B709B859A36B64A29.d.F0730FE23EE80F2ECAB701D8B9F51964.e.17925"}]}
COMMAND: POST /session/ba2432913a596e5fc4fa14806f816f85/execute/sync - {"script":"<script> [5351 bytes]","args":[{"element-6066-11e4-a52e-4f735466cecf":"f.FF9A1E5259EB1E6B709B859A36B64A29.d.F0730FE23EE80F2ECAB701D8B9F51964.e.17925","ELEMENT":"f.FF9A1E5259EB1E6B709B859A36B64A29.d.F0730FE23EE80F2ECAB701D8B9F51964.e.17925"}]}
COMMAND: GET /session/ba2432913a596e5fc4fa14806f816f85/screenshot - {}
RESULT: {}
RESULT: {"script":"<script> [5351 bytes]","args":[{"element-6066-11e4-a52e-4f735466cecf":"f.FF9A1E5259EB1E6B709B859A36B64A29.d.F0730FE23EE80F2ECAB701D8B9F51964.e.17925","ELEMENT":"f.FF9A1E5259EB1E6B709B859A36B64A29.d.F0730FE23EE80F2ECAB701D8B9F51964.e.17925"}]}
COMMAND: POST /session/ba2432913a596e5fc4fa14806f816f85/execute/async - {"script":"<script> [1562 bytes]","args":[{"selector":{"id":"application-managestatesandperformance-display-component---stateAndPerform--smartFilterBarResources-btnBasicSearch","interaction":{"idSuffix":"I"}},"wdio_ui5_key":"applicationmanagestatesandperformance-display-component---stateAndPerform--smartFilterBarResources-btnBasicSearch"}]}
COMMAND: GET /session/ba2432913a596e5fc4fa14806f816f85/screenshot - {}
RESULT: {}
RESULT: {"script":"<script> [1562 bytes]","args":[{"selector":{"id":"application-managestatesandperformance-display-component---stateAndPerform--smartFilterBarResources-btnBasicSearch","interaction":{"idSuffix":"I"}},"wdio_ui5_key":"applicationmanagestatesandperformance-display-component---stateAndPerform--smartFilterBarResources-btnBasicSearch"}]}
RESULT: undefined
COMMAND: POST /session/ba2432913a596e5fc4fa14806f816f85/execute/async - {"script":"<script> [776 bytes]","args":[{"enterText":"dz3pGNzGe8","selector":{"id":"application-managestatesandperformance-display-component---stateAndPerform--smartFilterBarResources-btnBasicSearch","interaction":{"idSuffix":"I"}},"clearTextFirst":true,"interactionType":"ENTER_TEXT"}]}
RESULT: {}
RESULT: {"script":"<script> [776 bytes]","args":[{"enterText":"dz3pGNzGe8","selector":{"id":"application-managestatesandperformance-display-component---stateAndPerform--smartFilterBarResources-btnBasicSearch","interaction":{"idSuffix":"I"}},"clearTextFirst":true,"interactionType":"ENTER_TEXT"}]}
COMMAND: POST /session/ba2432913a596e5fc4fa14806f816f85/actions - {"actions":[{"id":"action62","type":"key","parameters":{},"actions":[{"type":"keyDown","value":"î€‡"},{"type":"pause","duration":10},{"type":"keyUp","value":"î€‡"}]}]}
RESULT: {"actions":[{"id":"action62","type":"key","parameters":{},"actions":[{"type":"keyDown","value":"î€‡"},{"type":"pause","duration":10},{"type":"keyUp","value":"î€‡"}]}]}
COMMAND: GET /session/ba2432913a596e5fc4fa14806f816f85/screenshot - {}
RESULT: {}
COMMAND: POST /session/ba2432913a596e5fc4fa14806f816f85/execute/async - {"script":"<script> [1562 bytes]","args":[{"selector":{"id":"application-managestatesandperformance-display-component---stateAndPerform--stateAndPerformResourcesSmartTable-header"},"wdio_ui5_key":"applicationmanagestatesandperformance-display-component---stateAndPerform--stateAndPerformResourcesSmartTable-header"}]}
RESULT: {"script":"<script> [1562 bytes]","args":[{"selector":{"id":"application-managestatesandperformance-display-component---stateAndPerform--stateAndPerformResourcesSmartTable-header"},"wdio_ui5_key":"applicationmanagestatesandperformance-display-component---stateAndPerform--stateAndPerformResourcesSmartTable-header"}]}
RESULT: undefined
COMMAND: POST /session/ba2432913a596e5fc4fa14806f816f85/execute/async - {"script":"<script> [6424 bytes]","args":[{"element-6066-11e4-a52e-4f735466cecf":"f.FF9A1E5259EB1E6B709B859A36B64A29.d.F0730FE23EE80F2ECAB701D8B9F51964.e.17989"},"getText",[]]}
RESULT: {"script":"<script> [6424 bytes]","args":[{"element-6066-11e4-a52e-4f735466cecf":"f.FF9A1E5259EB1E6B709B859A36B64A29.d.F0730FE23EE80F2ECAB701D8B9F51964.e.17989"},"getText",[]]}
COMMAND: POST /session/ba2432913a596e5fc4fa14806f816f85/execute/async - {"script":"<script> [1562 bytes]","args":[{"selector":{"controlType":"sap.ui.core.Icon","viewName":"etm.portal.ui.managestatesandperformance.view.Master","viewId":"application-managestatesandperformance-display-component---stateAndPerform","properties":{"src":{"regex":{"source":"slim\\-arrow\\-right"}}}},"wdio_ui5_key":"etmportal.ui.managestatesandperformance.view.Mastersap.ui.core.Icon{\"src\":{\"regex\":{\"source\":\"slim\\\\-arrow\\\\-right\"}}}"}]}
RESULT: {"script":"<script> [1562 bytes]","args":[{"selector":{"controlType":"sap.ui.core.Icon","viewName":"etm.portal.ui.managestatesandperformance.view.Master","viewId":"application-managestatesandperformance-display-component---stateAndPerform","properties":{"src":{"regex":{"source":"slim\\-arrow\\-right"}}}},"wdio_ui5_key":"etmportal.ui.managestatesandperformance.view.Mastersap.ui.core.Icon{\"src\":{\"regex\":{\"source\":\"slim\\\\-arrow\\\\-right\"}}}"}]}
RESULT: undefined
COMMAND: POST /session/ba2432913a596e5fc4fa14806f816f85/element - {"using":"xpath","value":"//*[@id=\"__item2504-__clone4559-imgNav\"]"}
RESULT: {"using":"xpath","value":"//*[@id=\"__item2504-__clone4559-imgNav\"]"}
COMMAND: POST /session/ba2432913a596e5fc4fa14806f816f85/element/f.FF9A1E5259EB1E6B709B859A36B64A29.d.F0730FE23EE80F2ECAB701D8B9F51964.e.17988/click - {}
RESULT: {}
COMMAND: GET /session/ba2432913a596e5fc4fa14806f816f85/screenshot - {}
RESULT: {}
COMMAND: POST /session/ba2432913a596e5fc4fa14806f816f85/execute/async - {"script":"<script> [1562 bytes]","args":[{"selector":{"controlType":"sap.m.Button","viewName":"etm.portal.ui.managestatesandperformance.view.Detail","viewId":"application-managestatesandperformance-display-component---detailStateAndPerform","properties":{"text":"Performance Documents"}},"wdio_ui5_key":"etmportal.ui.managestatesandperformance.view.Detailsap.m.Button{\"text\":\"Performance Documents\"}"}]}
RESULT: {"script":"<script> [1562 bytes]","args":[{"selector":{"controlType":"sap.m.Button","viewName":"etm.portal.ui.managestatesandperformance.view.Detail","viewId":"application-managestatesandperformance-display-component---detailStateAndPerform","properties":{"text":"Performance Documents"}},"wdio_ui5_key":"etmportal.ui.managestatesandperformance.view.Detailsap.m.Button{\"text\":\"Performance Documents\"}"}]}
RESULT: undefined
COMMAND: POST /session/ba2432913a596e5fc4fa14806f816f85/element - {"using":"xpath","value":"//*[@id=\"__item2527-button\"]"}
RESULT: {"using":"xpath","value":"//*[@id=\"__item2527-button\"]"}
COMMAND: POST /session/ba2432913a596e5fc4fa14806f816f85/element/f.FF9A1E5259EB1E6B709B859A36B64A29.d.F0730FE23EE80F2ECAB701D8B9F51964.e.18034/click - {}
RESULT: {}
COMMAND: POST /session/ba2432913a596e5fc4fa14806f816f85/execute/async - {"script":"<script> [1562 bytes]","args":[{"selector":{"controlType":"sap.m.Button","viewName":"etm.portal.ui.managestatesandperformance.view.Detail","viewId":"application-managestatesandperformance-display-component---detailStateAndPerform","i18NText":{"propertyName":"text","key":"createPerformanceDoc"},"interaction":{"idSuffix":"BDI-content"}},"wdio_ui5_key":"etmportal.ui.managestatesandperformance.view.Detailsap.m.Button{\"propertyName\":\"text\",\"key\":\"createPerformanceDoc\"}"}]}
COMMAND: GET /session/ba2432913a596e5fc4fa14806f816f85/screenshot - {}
RESULT: {"script":"<script> [1562 bytes]","args":[{"selector":{"controlType":"sap.m.Button","viewName":"etm.portal.ui.managestatesandperformance.view.Detail","viewId":"application-managestatesandperformance-display-component---detailStateAndPerform","i18NText":{"propertyName":"text","key":"createPerformanceDoc"},"interaction":{"idSuffix":"BDI-content"}},"wdio_ui5_key":"etmportal.ui.managestatesandperformance.view.Detailsap.m.Button{\"propertyName\":\"text\",\"key\":\"createPerformanceDoc\"}"}]}
RESULT: undefined
COMMAND: POST /session/ba2432913a596e5fc4fa14806f816f85/element - {"using":"xpath","value":"//*[@id=\"__button380\"]"}
RESULT: {}
RESULT: {"using":"xpath","value":"//*[@id=\"__button380\"]"}
COMMAND: POST /session/ba2432913a596e5fc4fa14806f816f85/element/f.FF9A1E5259EB1E6B709B859A36B64A29.d.F0730FE23EE80F2ECAB701D8B9F51964.e.18038/click - {}
RESULT: {}
COMMAND: POST /session/ba2432913a596e5fc4fa14806f816f85/execute/async - {"script":"<script> [1562 bytes]","args":[{"selector":{"id":"application-managestatesandperformance-display-component---detailStateAndPerform--perfDocDatePicker","searchOpenDialogs":true,"interaction":{"idSuffix":"inner"}},"wdio_ui5_key":"applicationmanagestatesandperformance-display-component---detailStateAndPerform--perfDocDatePicker"}]}
COMMAND: GET /session/ba2432913a596e5fc4fa14806f816f85/screenshot - {}
RESULT: {"script":"<script> [1562 bytes]","args":[{"selector":{"id":"application-managestatesandperformance-display-component---detailStateAndPerform--perfDocDatePicker","searchOpenDialogs":true,"interaction":{"idSuffix":"inner"}},"wdio_ui5_key":"applicationmanagestatesandperformance-display-component---detailStateAndPerform--perfDocDatePicker"}]}
RESULT: undefined
COMMAND: POST /session/ba2432913a596e5fc4fa14806f816f85/execute/async - {"script":"<script> [776 bytes]","args":[{"enterText":"05/05/25","selector":{"id":"application-managestatesandperformance-display-component---detailStateAndPerform--perfDocDatePicker","searchOpenDialogs":true,"interaction":{"idSuffix":"inner"}},"clearTextFirst":true,"interactionType":"ENTER_TEXT"}]}
RESULT: {}
RESULT: {"script":"<script> [776 bytes]","args":[{"enterText":"05/05/25","selector":{"id":"application-managestatesandperformance-display-component---detailStateAndPerform--perfDocDatePicker","searchOpenDialogs":true,"interaction":{"idSuffix":"inner"}},"clearTextFirst":true,"interactionType":"ENTER_TEXT"}]}
COMMAND: POST /session/ba2432913a596e5fc4fa14806f816f85/execute/async - {"script":"<script> [1562 bytes]","args":[{"selector":{"id":"application-managestatesandperformance-display-component---detailStateAndPerform--counterValue-input","searchOpenDialogs":true,"interaction":{"idSuffix":"inner"}},"wdio_ui5_key":"applicationmanagestatesandperformance-display-component---detailStateAndPerform--counterValue-input"}]}
RESULT: {"script":"<script> [1562 bytes]","args":[{"selector":{"id":"application-managestatesandperformance-display-component---detailStateAndPerform--counterValue-input","searchOpenDialogs":true,"interaction":{"idSuffix":"inner"}},"wdio_ui5_key":"applicationmanagestatesandperformance-display-component---detailStateAndPerform--counterValue-input"}]}
RESULT: undefined
COMMAND: POST /session/ba2432913a596e5fc4fa14806f816f85/execute/async - {"script":"<script> [776 bytes]","args":[{"enterText":"15.00","selector":{"id":"application-managestatesandperformance-display-component---detailStateAndPerform--counterValue-input","searchOpenDialogs":true,"interaction":{"idSuffix":"inner"}},"clearTextFirst":true,"interactionType":"ENTER_TEXT"}]}
RESULT: {"script":"<script> [776 bytes]","args":[{"enterText":"15.00","selector":{"id":"application-managestatesandperformance-display-component---detailStateAndPerform--counterValue-input","searchOpenDialogs":true,"interaction":{"idSuffix":"inner"}},"clearTextFirst":true,"interactionType":"ENTER_TEXT"}]}
COMMAND: POST /session/ba2432913a596e5fc4fa14806f816f85/execute/async - {"script":"<script> [1562 bytes]","args":[{"selector":{"controlType":"sap.m.Button","viewName":"etm.portal.ui.managestatesandperformance.view.Detail","viewId":"application-managestatesandperformance-display-component---detailStateAndPerform","bindingPath":{"path":"","propertyPath":"/allowAddEdit","modelName":"oScreenModel"},"searchOpenDialogs":true,"interaction":{"idSuffix":"BDI-content"}},"wdio_ui5_key":"etmportal.ui.managestatesandperformance.view.Detailsap.m.Button{\"path\":\"\",\"propertyPath\":\"/allowAddEdit\",\"modelName\":\"oScreenModel\"}"}]}
RESULT: {"script":"<script> [1562 bytes]","args":[{"selector":{"controlType":"sap.m.Button","viewName":"etm.portal.ui.managestatesandperformance.view.Detail","viewId":"application-managestatesandperformance-display-component---detailStateAndPerform","bindingPath":{"path":"","propertyPath":"/allowAddEdit","modelName":"oScreenModel"},"searchOpenDialogs":true,"interaction":{"idSuffix":"BDI-content"}},"wdio_ui5_key":"etmportal.ui.managestatesandperformance.view.Detailsap.m.Button{\"path\":\"\",\"propertyPath\":\"/allowAddEdit\",\"modelName\":\"oScreenModel\"}"}]}
RESULT: undefined
COMMAND: POST /session/ba2432913a596e5fc4fa14806f816f85/element - {"using":"xpath","value":"//*[@id=\"__button387\"]"}
RESULT: {"using":"xpath","value":"//*[@id=\"__button387\"]"}
COMMAND: POST /session/ba2432913a596e5fc4fa14806f816f85/element/f.FF9A1E5259EB1E6B709B859A36B64A29.d.F0730FE23EE80F2ECAB701D8B9F51964.e.18054/click - {}
RESULT: {}
RESULT: undefined
COMMAND: POST /session/ba2432913a596e5fc4fa14806f816f85/element - {"using":"xpath","value":"//*[@id=\"__button380\"]"}
COMMAND: GET /session/ba2432913a596e5fc4fa14806f816f85/screenshot - {}
RESULT: {"using":"xpath","value":"//*[@id=\"__button380\"]"}
COMMAND: POST /session/ba2432913a596e5fc4fa14806f816f85/element/f.FF9A1E5259EB1E6B709B859A36B64A29.d.F0730FE23EE80F2ECAB701D8B9F51964.e.18038/click - {}
RESULT: {}
RESULT: {}
RESULT: undefined
COMMAND: POST /session/ba2432913a596e5fc4fa14806f816f85/execute/async - {"script":"<script> [776 bytes]","args":[{"enterText":"05/09/25","selector":{"id":"application-managestatesandperformance-display-component---detailStateAndPerform--perfDocDatePicker","searchOpenDialogs":true,"interaction":{"idSuffix":"inner"}},"clearTextFirst":true,"interactionType":"ENTER_TEXT"}]}
COMMAND: GET /session/ba2432913a596e5fc4fa14806f816f85/screenshot - {}
RESULT: {"script":"<script> [776 bytes]","args":[{"enterText":"05/09/25","selector":{"id":"application-managestatesandperformance-display-component---detailStateAndPerform--perfDocDatePicker","searchOpenDialogs":true,"interaction":{"idSuffix":"inner"}},"clearTextFirst":true,"interactionType":"ENTER_TEXT"}]}
RESULT: undefined
COMMAND: POST /session/ba2432913a596e5fc4fa14806f816f85/execute/async - {"script":"<script> [776 bytes]","args":[{"enterText":"20.00","selector":{"id":"application-managestatesandperformance-display-component---detailStateAndPerform--counterValue-input","searchOpenDialogs":true,"interaction":{"idSuffix":"inner"}},"clearTextFirst":true,"interactionType":"ENTER_TEXT"}]}
RESULT: {}
RESULT: {"script":"<script> [776 bytes]","args":[{"enterText":"20.00","selector":{"id":"application-managestatesandperformance-display-component---detailStateAndPerform--counterValue-input","searchOpenDialogs":true,"interaction":{"idSuffix":"inner"}},"clearTextFirst":true,"interactionType":"ENTER_TEXT"}]}
COMMAND: POST /session/ba2432913a596e5fc4fa14806f816f85/actions - {"actions":[{"id":"action63","type":"key","parameters":{},"actions":[{"type":"keyDown","value":"î€„"},{"type":"keyDown","value":"î€„"},{"type":"pause","duration":10},{"type":"keyUp","value":"î€„"},{"type":"keyUp","value":"î€„"}]}]}
RESULT: {"actions":[{"id":"action63","type":"key","parameters":{},"actions":[{"type":"keyDown","value":"î€„"},{"type":"keyDown","value":"î€„"},{"type":"pause","duration":10},{"type":"keyUp","value":"î€„"},{"type":"keyUp","value":"î€„"}]}]}
COMMAND: POST /session/ba2432913a596e5fc4fa14806f816f85/actions - {"actions":[{"id":"action64","type":"key","parameters":{},"actions":[{"type":"keyDown","value":"î€‡"},{"type":"pause","duration":10},{"type":"keyUp","value":"î€‡"}]}]}
COMMAND: GET /session/ba2432913a596e5fc4fa14806f816f85/screenshot - {}
RESULT: {"actions":[{"id":"action64","type":"key","parameters":{},"actions":[{"type":"keyDown","value":"î€‡"},{"type":"pause","duration":10},{"type":"keyUp","value":"î€‡"}]}]}
RESULT: undefined
COMMAND: POST /session/ba2432913a596e5fc4fa14806f816f85/element - {"using":"xpath","value":"//*[@id=\"__button387\"]"}
COMMAND: GET /session/ba2432913a596e5fc4fa14806f816f85/screenshot - {}
RESULT: {}
RESULT: {"using":"xpath","value":"//*[@id=\"__button387\"]"}
COMMAND: POST /session/ba2432913a596e5fc4fa14806f816f85/elements - {"using":"xpath","value":"//*[@id=\"__button387\"]"}
RESULT: {}
RESULT: {"using":"xpath","value":"//*[@id=\"__button387\"]"}
COMMAND: POST /session/ba2432913a596e5fc4fa14806f816f85/elements - {"using":"xpath","value":"//*[@id=\"__button387\"]"}
RESULT: {"using":"xpath","value":"//*[@id=\"__button387\"]"}
COMMAND: POST /session/ba2432913a596e5fc4fa14806f816f85/elements - {"using":"xpath","value":"//*[@id=\"__button387\"]"}
RESULT: {"using":"xpath","value":"//*[@id=\"__button387\"]"}
COMMAND: POST /session/ba2432913a596e5fc4fa14806f816f85/elements - {"using":"xpath","value":"//*[@id=\"__button387\"]"}
RESULT: {"using":"xpath","value":"//*[@id=\"__button387\"]"}
COMMAND: POST /session/ba2432913a596e5fc4fa14806f816f85/elements - {"using":"xpath","value":"//*[@id=\"__button387\"]"}
RESULT: {"using":"xpath","value":"//*[@id=\"__button387\"]"}
COMMAND: POST /session/ba2432913a596e5fc4fa14806f816f85/elements - {"using":"xpath","value":"//*[@id=\"__button387\"]"}
RESULT: {"using":"xpath","value":"//*[@id=\"__button387\"]"}
COMMAND: POST /session/ba2432913a596e5fc4fa14806f816f85/elements - {"using":"xpath","value":"//*[@id=\"__button387\"]"}
RESULT: {"using":"xpath","value":"//*[@id=\"__button387\"]"}
COMMAND: POST /session/ba2432913a596e5fc4fa14806f816f85/elements - {"using":"xpath","value":"//*[@id=\"__button387\"]"}
RESULT: {"using":"xpath","value":"//*[@id=\"__button387\"]"}
COMMAND: POST /session/ba2432913a596e5fc4fa14806f816f85/elements - {"using":"xpath","value":"//*[@id=\"__button387\"]"}
RESULT: {"using":"xpath","value":"//*[@id=\"__button387\"]"}
COMMAND: POST /session/ba2432913a596e5fc4fa14806f816f85/elements - {"using":"xpath","value":"//*[@id=\"__button387\"]"}
RESULT: {"using":"xpath","value":"//*[@id=\"__button387\"]"}
COMMAND: POST /session/ba2432913a596e5fc4fa14806f816f85/elements - {"using":"xpath","value":"//*[@id=\"__button387\"]"}
RESULT: {"using":"xpath","value":"//*[@id=\"__button387\"]"}
COMMAND: POST /session/ba2432913a596e5fc4fa14806f816f85/elements - {"using":"xpath","value":"//*[@id=\"__button387\"]"}
RESULT: {"using":"xpath","value":"//*[@id=\"__button387\"]"}
COMMAND: POST /session/ba2432913a596e5fc4fa14806f816f85/elements - {"using":"xpath","value":"//*[@id=\"__button387\"]"}
RESULT: {"using":"xpath","value":"//*[@id=\"__button387\"]"}
COMMAND: POST /session/ba2432913a596e5fc4fa14806f816f85/elements - {"using":"xpath","value":"//*[@id=\"__button387\"]"}
RESULT: {"using":"xpath","value":"//*[@id=\"__button387\"]"}
COMMAND: POST /session/ba2432913a596e5fc4fa14806f816f85/elements - {"using":"xpath","value":"//*[@id=\"__button387\"]"}
RESULT: {"using":"xpath","value":"//*[@id=\"__button387\"]"}
COMMAND: POST /session/ba2432913a596e5fc4fa14806f816f85/elements - {"using":"xpath","value":"//*[@id=\"__button387\"]"}
RESULT: {"using":"xpath","value":"//*[@id=\"__button387\"]"}
COMMAND: POST /session/ba2432913a596e5fc4fa14806f816f85/elements - {"using":"xpath","value":"//*[@id=\"__button387\"]"}
RESULT: {"using":"xpath","value":"//*[@id=\"__button387\"]"}
COMMAND: POST /session/ba2432913a596e5fc4fa14806f816f85/elements - {"using":"xpath","value":"//*[@id=\"__button387\"]"}
RESULT: {"using":"xpath","value":"//*[@id=\"__button387\"]"}
COMMAND: POST /session/ba2432913a596e5fc4fa14806f816f85/elements - {"using":"xpath","value":"//*[@id=\"__button387\"]"}
RESULT: {"using":"xpath","value":"//*[@id=\"__button387\"]"}
COMMAND: POST /session/ba2432913a596e5fc4fa14806f816f85/elements - {"using":"xpath","value":"//*[@id=\"__button387\"]"}
RESULT: {"using":"xpath","value":"//*[@id=\"__button387\"]"}
COMMAND: POST /session/ba2432913a596e5fc4fa14806f816f85/elements - {"using":"xpath","value":"//*[@id=\"__button387\"]"}
RESULT: {"using":"xpath","value":"//*[@id=\"__button387\"]"}
COMMAND: POST /session/ba2432913a596e5fc4fa14806f816f85/elements - {"using":"xpath","value":"//*[@id=\"__button387\"]"}
RESULT: {"using":"xpath","value":"//*[@id=\"__button387\"]"}
COMMAND: POST /session/ba2432913a596e5fc4fa14806f816f85/elements - {"using":"xpath","value":"//*[@id=\"__button387\"]"}
RESULT: {"using":"xpath","value":"//*[@id=\"__button387\"]"}
COMMAND: POST /session/ba2432913a596e5fc4fa14806f816f85/elements - {"using":"xpath","value":"//*[@id=\"__button387\"]"}
RESULT: {"using":"xpath","value":"//*[@id=\"__button387\"]"}
COMMAND: POST /session/ba2432913a596e5fc4fa14806f816f85/elements - {"using":"xpath","value":"//*[@id=\"__button387\"]"}
RESULT: {"using":"xpath","value":"//*[@id=\"__button387\"]"}
COMMAND: POST /session/ba2432913a596e5fc4fa14806f816f85/elements - {"using":"xpath","value":"//*[@id=\"__button387\"]"}
RESULT: {"using":"xpath","value":"//*[@id=\"__button387\"]"}
COMMAND: POST /session/ba2432913a596e5fc4fa14806f816f85/elements - {"using":"xpath","value":"//*[@id=\"__button387\"]"}
RESULT: {"using":"xpath","value":"//*[@id=\"__button387\"]"}
COMMAND: POST /session/ba2432913a596e5fc4fa14806f816f85/elements - {"using":"xpath","value":"//*[@id=\"__button387\"]"}
RESULT: {"using":"xpath","value":"//*[@id=\"__button387\"]"}
COMMAND: POST /session/ba2432913a596e5fc4fa14806f816f85/elements - {"using":"xpath","value":"//*[@id=\"__button387\"]"}
RESULT: {"using":"xpath","value":"//*[@id=\"__button387\"]"}
COMMAND: POST /session/ba2432913a596e5fc4fa14806f816f85/elements - {"using":"xpath","value":"//*[@id=\"__button387\"]"}
RESULT: {"using":"xpath","value":"//*[@id=\"__button387\"]"}
COMMAND: POST /session/ba2432913a596e5fc4fa14806f816f85/elements - {"using":"xpath","value":"//*[@id=\"__button387\"]"}
RESULT: {"using":"xpath","value":"//*[@id=\"__button387\"]"}
COMMAND: POST /session/ba2432913a596e5fc4fa14806f816f85/elements - {"using":"xpath","value":"//*[@id=\"__button387\"]"}
RESULT: {"using":"xpath","value":"//*[@id=\"__button387\"]"}
COMMAND: POST /session/ba2432913a596e5fc4fa14806f816f85/elements - {"using":"xpath","value":"//*[@id=\"__button387\"]"}
RESULT: {"using":"xpath","value":"//*[@id=\"__button387\"]"}
COMMAND: POST /session/ba2432913a596e5fc4fa14806f816f85/elements - {"using":"xpath","value":"//*[@id=\"__button387\"]"}
RESULT: {"using":"xpath","value":"//*[@id=\"__button387\"]"}
COMMAND: POST /session/ba2432913a596e5fc4fa14806f816f85/elements - {"using":"xpath","value":"//*[@id=\"__button387\"]"}
RESULT: {"using":"xpath","value":"//*[@id=\"__button387\"]"}
COMMAND: POST /session/ba2432913a596e5fc4fa14806f816f85/elements - {"using":"xpath","value":"//*[@id=\"__button387\"]"}
RESULT: {"using":"xpath","value":"//*[@id=\"__button387\"]"}
COMMAND: POST /session/ba2432913a596e5fc4fa14806f816f85/elements - {"using":"xpath","value":"//*[@id=\"__button387\"]"}
RESULT: {"using":"xpath","value":"//*[@id=\"__button387\"]"}
COMMAND: POST /session/ba2432913a596e5fc4fa14806f816f85/elements - {"using":"xpath","value":"//*[@id=\"__button387\"]"}
RESULT: {"using":"xpath","value":"//*[@id=\"__button387\"]"}
COMMAND: POST /session/ba2432913a596e5fc4fa14806f816f85/elements - {"using":"xpath","value":"//*[@id=\"__button387\"]"}
RESULT: {"using":"xpath","value":"//*[@id=\"__button387\"]"}
COMMAND: POST /session/ba2432913a596e5fc4fa14806f816f85/elements - {"using":"xpath","value":"//*[@id=\"__button387\"]"}
RESULT: {"using":"xpath","value":"//*[@id=\"__button387\"]"}
COMMAND: POST /session/ba2432913a596e5fc4fa14806f816f85/elements - {"using":"xpath","value":"//*[@id=\"__button387\"]"}
RESULT: {"using":"xpath","value":"//*[@id=\"__button387\"]"}
COMMAND: POST /session/ba2432913a596e5fc4fa14806f816f85/elements - {"using":"xpath","value":"//*[@id=\"__button387\"]"}
RESULT: {"using":"xpath","value":"//*[@id=\"__button387\"]"}
COMMAND: POST /session/ba2432913a596e5fc4fa14806f816f85/elements - {"using":"xpath","value":"//*[@id=\"__button387\"]"}
RESULT: {"using":"xpath","value":"//*[@id=\"__button387\"]"}
COMMAND: POST /session/ba2432913a596e5fc4fa14806f816f85/elements - {"using":"xpath","value":"//*[@id=\"__button387\"]"}
RESULT: {"using":"xpath","value":"//*[@id=\"__button387\"]"}
COMMAND: POST /session/ba2432913a596e5fc4fa14806f816f85/elements - {"using":"xpath","value":"//*[@id=\"__button387\"]"}
RESULT: {"using":"xpath","value":"//*[@id=\"__button387\"]"}
COMMAND: POST /session/ba2432913a596e5fc4fa14806f816f85/elements - {"using":"xpath","value":"//*[@id=\"__button387\"]"}
RESULT: {"using":"xpath","value":"//*[@id=\"__button387\"]"}
COMMAND: POST /session/ba2432913a596e5fc4fa14806f816f85/elements - {"using":"xpath","value":"//*[@id=\"__button387\"]"}
RESULT: {"using":"xpath","value":"//*[@id=\"__button387\"]"}
COMMAND: POST /session/ba2432913a596e5fc4fa14806f816f85/elements - {"using":"xpath","value":"//*[@id=\"__button387\"]"}
RESULT: {"using":"xpath","value":"//*[@id=\"__button387\"]"}
COMMAND: POST /session/ba2432913a596e5fc4fa14806f816f85/elements - {"using":"xpath","value":"//*[@id=\"__button387\"]"}
RESULT: {"using":"xpath","value":"//*[@id=\"__button387\"]"}
COMMAND: POST /session/ba2432913a596e5fc4fa14806f816f85/elements - {"using":"xpath","value":"//*[@id=\"__button387\"]"}
RESULT: {"using":"xpath","value":"//*[@id=\"__button387\"]"}
COMMAND: POST /session/ba2432913a596e5fc4fa14806f816f85/elements - {"using":"xpath","value":"//*[@id=\"__button387\"]"}
RESULT: {"using":"xpath","value":"//*[@id=\"__button387\"]"}
COMMAND: POST /session/ba2432913a596e5fc4fa14806f816f85/elements - {"using":"xpath","value":"//*[@id=\"__button387\"]"}
RESULT: {"using":"xpath","value":"//*[@id=\"__button387\"]"}
COMMAND: POST /session/ba2432913a596e5fc4fa14806f816f85/elements - {"using":"xpath","value":"//*[@id=\"__button387\"]"}
RESULT: {"using":"xpath","value":"//*[@id=\"__button387\"]"}
COMMAND: POST /session/ba2432913a596e5fc4fa14806f816f85/elements - {"using":"xpath","value":"//*[@id=\"__button387\"]"}
RESULT: {"using":"xpath","value":"//*[@id=\"__button387\"]"}
COMMAND: POST /session/ba2432913a596e5fc4fa14806f816f85/elements - {"using":"xpath","value":"//*[@id=\"__button387\"]"}
RESULT: {"using":"xpath","value":"//*[@id=\"__button387\"]"}
COMMAND: POST /session/ba2432913a596e5fc4fa14806f816f85/elements - {"using":"xpath","value":"//*[@id=\"__button387\"]"}
RESULT: {"using":"xpath","value":"//*[@id=\"__button387\"]"}
COMMAND: POST /session/ba2432913a596e5fc4fa14806f816f85/elements - {"using":"xpath","value":"//*[@id=\"__button387\"]"}
RESULT: {"using":"xpath","value":"//*[@id=\"__button387\"]"}
COMMAND: POST /session/ba2432913a596e5fc4fa14806f816f85/elements - {"using":"xpath","value":"//*[@id=\"__button387\"]"}
RESULT: {"using":"xpath","value":"//*[@id=\"__button387\"]"}
COMMAND: POST /session/ba2432913a596e5fc4fa14806f816f85/elements - {"using":"xpath","value":"//*[@id=\"__button387\"]"}
RESULT: {"using":"xpath","value":"//*[@id=\"__button387\"]"}
COMMAND: POST /session/ba2432913a596e5fc4fa14806f816f85/elements - {"using":"xpath","value":"//*[@id=\"__button387\"]"}
RESULT: {"using":"xpath","value":"//*[@id=\"__button387\"]"}
COMMAND: POST /session/ba2432913a596e5fc4fa14806f816f85/elements - {"using":"xpath","value":"//*[@id=\"__button387\"]"}
RESULT: {"using":"xpath","value":"//*[@id=\"__button387\"]"}
COMMAND: POST /session/ba2432913a596e5fc4fa14806f816f85/elements - {"using":"xpath","value":"//*[@id=\"__button387\"]"}
RESULT: {"using":"xpath","value":"//*[@id=\"__button387\"]"}
COMMAND: POST /session/ba2432913a596e5fc4fa14806f816f85/elements - {"using":"xpath","value":"//*[@id=\"__button387\"]"}
RESULT: {"using":"xpath","value":"//*[@id=\"__button387\"]"}
COMMAND: POST /session/ba2432913a596e5fc4fa14806f816f85/elements - {"using":"xpath","value":"//*[@id=\"__button387\"]"}
RESULT: {"using":"xpath","value":"//*[@id=\"__button387\"]"}
COMMAND: POST /session/ba2432913a596e5fc4fa14806f816f85/elements - {"using":"xpath","value":"//*[@id=\"__button387\"]"}
RESULT: {"using":"xpath","value":"//*[@id=\"__button387\"]"}
COMMAND: POST /session/ba2432913a596e5fc4fa14806f816f85/elements - {"using":"xpath","value":"//*[@id=\"__button387\"]"}
RESULT: {"using":"xpath","value":"//*[@id=\"__button387\"]"}
COMMAND: POST /session/ba2432913a596e5fc4fa14806f816f85/elements - {"using":"xpath","value":"//*[@id=\"__button387\"]"}
RESULT: {"using":"xpath","value":"//*[@id=\"__button387\"]"}
COMMAND: POST /session/ba2432913a596e5fc4fa14806f816f85/elements - {"using":"xpath","value":"//*[@id=\"__button387\"]"}
RESULT: {"using":"xpath","value":"//*[@id=\"__button387\"]"}
COMMAND: POST /session/ba2432913a596e5fc4fa14806f816f85/elements - {"using":"xpath","value":"//*[@id=\"__button387\"]"}
RESULT: {"using":"xpath","value":"//*[@id=\"__button387\"]"}
COMMAND: POST /session/ba2432913a596e5fc4fa14806f816f85/elements - {"using":"xpath","value":"//*[@id=\"__button387\"]"}
RESULT: {"using":"xpath","value":"//*[@id=\"__button387\"]"}
COMMAND: POST /session/ba2432913a596e5fc4fa14806f816f85/elements - {"using":"xpath","value":"//*[@id=\"__button387\"]"}
RESULT: {"using":"xpath","value":"//*[@id=\"__button387\"]"}
COMMAND: POST /session/ba2432913a596e5fc4fa14806f816f85/elements - {"using":"xpath","value":"//*[@id=\"__button387\"]"}
RESULT: {"using":"xpath","value":"//*[@id=\"__button387\"]"}
COMMAND: POST /session/ba2432913a596e5fc4fa14806f816f85/elements - {"using":"xpath","value":"//*[@id=\"__button387\"]"}
RESULT: {"using":"xpath","value":"//*[@id=\"__button387\"]"}
COMMAND: POST /session/ba2432913a596e5fc4fa14806f816f85/elements - {"using":"xpath","value":"//*[@id=\"__button387\"]"}
RESULT: {"using":"xpath","value":"//*[@id=\"__button387\"]"}
COMMAND: POST /session/ba2432913a596e5fc4fa14806f816f85/elements - {"using":"xpath","value":"//*[@id=\"__button387\"]"}
RESULT: {"using":"xpath","value":"//*[@id=\"__button387\"]"}
COMMAND: POST /session/ba2432913a596e5fc4fa14806f816f85/elements - {"using":"xpath","value":"//*[@id=\"__button387\"]"}
RESULT: {"using":"xpath","value":"//*[@id=\"__button387\"]"}
COMMAND: POST /session/ba2432913a596e5fc4fa14806f816f85/elements - {"using":"xpath","value":"//*[@id=\"__button387\"]"}
RESULT: {"using":"xpath","value":"//*[@id=\"__button387\"]"}
COMMAND: POST /session/ba2432913a596e5fc4fa14806f816f85/elements - {"using":"xpath","value":"//*[@id=\"__button387\"]"}
RESULT: {"using":"xpath","value":"//*[@id=\"__button387\"]"}
COMMAND: POST /session/ba2432913a596e5fc4fa14806f816f85/elements - {"using":"xpath","value":"//*[@id=\"__button387\"]"}
RESULT: {"using":"xpath","value":"//*[@id=\"__button387\"]"}
COMMAND: POST /session/ba2432913a596e5fc4fa14806f816f85/elements - {"using":"xpath","value":"//*[@id=\"__button387\"]"}
RESULT: {"using":"xpath","value":"//*[@id=\"__button387\"]"}
COMMAND: POST /session/ba2432913a596e5fc4fa14806f816f85/elements - {"using":"xpath","value":"//*[@id=\"__button387\"]"}
RESULT: {"using":"xpath","value":"//*[@id=\"__button387\"]"}
COMMAND: POST /session/ba2432913a596e5fc4fa14806f816f85/elements - {"using":"xpath","value":"//*[@id=\"__button387\"]"}
RESULT: {"using":"xpath","value":"//*[@id=\"__button387\"]"}
COMMAND: POST /session/ba2432913a596e5fc4fa14806f816f85/elements - {"using":"xpath","value":"//*[@id=\"__button387\"]"}
RESULT: {"using":"xpath","value":"//*[@id=\"__button387\"]"}
COMMAND: POST /session/ba2432913a596e5fc4fa14806f816f85/elements - {"using":"xpath","value":"//*[@id=\"__button387\"]"}
RESULT: {"using":"xpath","value":"//*[@id=\"__button387\"]"}
COMMAND: POST /session/ba2432913a596e5fc4fa14806f816f85/elements - {"using":"xpath","value":"//*[@id=\"__button387\"]"}
RESULT: {"using":"xpath","value":"//*[@id=\"__button387\"]"}
COMMAND: POST /session/ba2432913a596e5fc4fa14806f816f85/elements - {"using":"xpath","value":"//*[@id=\"__button387\"]"}
RESULT: {"using":"xpath","value":"//*[@id=\"__button387\"]"}
COMMAND: POST /session/ba2432913a596e5fc4fa14806f816f85/elements - {"using":"xpath","value":"//*[@id=\"__button387\"]"}
RESULT: {"using":"xpath","value":"//*[@id=\"__button387\"]"}
COMMAND: POST /session/ba2432913a596e5fc4fa14806f816f85/elements - {"using":"xpath","value":"//*[@id=\"__button387\"]"}
RESULT: {"using":"xpath","value":"//*[@id=\"__button387\"]"}
COMMAND: POST /session/ba2432913a596e5fc4fa14806f816f85/elements - {"using":"xpath","value":"//*[@id=\"__button387\"]"}
RESULT: {"using":"xpath","value":"//*[@id=\"__button387\"]"}
COMMAND: POST /session/ba2432913a596e5fc4fa14806f816f85/elements - {"using":"xpath","value":"//*[@id=\"__button387\"]"}
RESULT: {"using":"xpath","value":"//*[@id=\"__button387\"]"}
COMMAND: POST /session/ba2432913a596e5fc4fa14806f816f85/elements - {"using":"xpath","value":"//*[@id=\"__button387\"]"}
RESULT: {"using":"xpath","value":"//*[@id=\"__button387\"]"}
COMMAND: POST /session/ba2432913a596e5fc4fa14806f816f85/elements - {"using":"xpath","value":"//*[@id=\"__button387\"]"}
RESULT: {"using":"xpath","value":"//*[@id=\"__button387\"]"}
COMMAND: POST /session/ba2432913a596e5fc4fa14806f816f85/elements - {"using":"xpath","value":"//*[@id=\"__button387\"]"}
RESULT: {"using":"xpath","value":"//*[@id=\"__button387\"]"}
COMMAND: POST /session/ba2432913a596e5fc4fa14806f816f85/elements - {"using":"xpath","value":"//*[@id=\"__button387\"]"}
RESULT: {"using":"xpath","value":"//*[@id=\"__button387\"]"}
COMMAND: POST /session/ba2432913a596e5fc4fa14806f816f85/elements - {"using":"xpath","value":"//*[@id=\"__button387\"]"}
RESULT: {"using":"xpath","value":"//*[@id=\"__button387\"]"}
COMMAND: POST /session/ba2432913a596e5fc4fa14806f816f85/elements - {"using":"xpath","value":"//*[@id=\"__button387\"]"}
RESULT: {"using":"xpath","value":"//*[@id=\"__button387\"]"}
COMMAND: POST /session/ba2432913a596e5fc4fa14806f816f85/elements - {"using":"xpath","value":"//*[@id=\"__button387\"]"}
RESULT: {"using":"xpath","value":"//*[@id=\"__button387\"]"}
COMMAND: POST /session/ba2432913a596e5fc4fa14806f816f85/elements - {"using":"xpath","value":"//*[@id=\"__button387\"]"}
RESULT: {"using":"xpath","value":"//*[@id=\"__button387\"]"}
COMMAND: POST /session/ba2432913a596e5fc4fa14806f816f85/elements - {"using":"xpath","value":"//*[@id=\"__button387\"]"}
RESULT: {"using":"xpath","value":"//*[@id=\"__button387\"]"}
COMMAND: POST /session/ba2432913a596e5fc4fa14806f816f85/elements - {"using":"xpath","value":"//*[@id=\"__button387\"]"}
RESULT: {"using":"xpath","value":"//*[@id=\"__button387\"]"}
COMMAND: POST /session/ba2432913a596e5fc4fa14806f816f85/elements - {"using":"xpath","value":"//*[@id=\"__button387\"]"}
RESULT: {"using":"xpath","value":"//*[@id=\"__button387\"]"}
COMMAND: POST /session/ba2432913a596e5fc4fa14806f816f85/elements - {"using":"xpath","value":"//*[@id=\"__button387\"]"}
RESULT: {"using":"xpath","value":"//*[@id=\"__button387\"]"}
COMMAND: POST /session/ba2432913a596e5fc4fa14806f816f85/elements - {"using":"xpath","value":"//*[@id=\"__button387\"]"}
RESULT: {"using":"xpath","value":"//*[@id=\"__button387\"]"}
COMMAND: POST /session/ba2432913a596e5fc4fa14806f816f85/elements - {"using":"xpath","value":"//*[@id=\"__button387\"]"}
RESULT: {"using":"xpath","value":"//*[@id=\"__button387\"]"}
COMMAND: POST /session/ba2432913a596e5fc4fa14806f816f85/elements - {"using":"xpath","value":"//*[@id=\"__button387\"]"}
RESULT: {"using":"xpath","value":"//*[@id=\"__button387\"]"}
COMMAND: POST /session/ba2432913a596e5fc4fa14806f816f85/elements - {"using":"xpath","value":"//*[@id=\"__button387\"]"}
RESULT: {"using":"xpath","value":"//*[@id=\"__button387\"]"}
COMMAND: POST /session/ba2432913a596e5fc4fa14806f816f85/elements - {"using":"xpath","value":"//*[@id=\"__button387\"]"}
RESULT: {"using":"xpath","value":"//*[@id=\"__button387\"]"}
COMMAND: POST /session/ba2432913a596e5fc4fa14806f816f85/elements - {"using":"xpath","value":"//*[@id=\"__button387\"]"}
RESULT: {"using":"xpath","value":"//*[@id=\"__button387\"]"}
COMMAND: POST /session/ba2432913a596e5fc4fa14806f816f85/elements - {"using":"xpath","value":"//*[@id=\"__button387\"]"}
RESULT: {"using":"xpath","value":"//*[@id=\"__button387\"]"}
COMMAND: POST /session/ba2432913a596e5fc4fa14806f816f85/elements - {"using":"xpath","value":"//*[@id=\"__button387\"]"}
RESULT: {"using":"xpath","value":"//*[@id=\"__button387\"]"}
COMMAND: POST /session/ba2432913a596e5fc4fa14806f816f85/elements - {"using":"xpath","value":"//*[@id=\"__button387\"]"}
RESULT: {"using":"xpath","value":"//*[@id=\"__button387\"]"}
COMMAND: POST /session/ba2432913a596e5fc4fa14806f816f85/elements - {"using":"xpath","value":"//*[@id=\"__button387\"]"}
RESULT: {"using":"xpath","value":"//*[@id=\"__button387\"]"}
COMMAND: POST /session/ba2432913a596e5fc4fa14806f816f85/elements - {"using":"xpath","value":"//*[@id=\"__button387\"]"}
RESULT: {"using":"xpath","value":"//*[@id=\"__button387\"]"}
COMMAND: POST /session/ba2432913a596e5fc4fa14806f816f85/elements - {"using":"xpath","value":"//*[@id=\"__button387\"]"}
RESULT: {"using":"xpath","value":"//*[@id=\"__button387\"]"}
COMMAND: POST /session/ba2432913a596e5fc4fa14806f816f85/elements - {"using":"xpath","value":"//*[@id=\"__button387\"]"}
RESULT: {"using":"xpath","value":"//*[@id=\"__button387\"]"}
COMMAND: POST /session/ba2432913a596e5fc4fa14806f816f85/elements - {"using":"xpath","value":"//*[@id=\"__button387\"]"}
RESULT: {"using":"xpath","value":"//*[@id=\"__button387\"]"}
COMMAND: POST /session/ba2432913a596e5fc4fa14806f816f85/elements - {"using":"xpath","value":"//*[@id=\"__button387\"]"}
RESULT: {"using":"xpath","value":"//*[@id=\"__button387\"]"}
COMMAND: POST /session/ba2432913a596e5fc4fa14806f816f85/elements - {"using":"xpath","value":"//*[@id=\"__button387\"]"}
RESULT: {"using":"xpath","value":"//*[@id=\"__button387\"]"}
COMMAND: POST /session/ba2432913a596e5fc4fa14806f816f85/elements - {"using":"xpath","value":"//*[@id=\"__button387\"]"}
RESULT: {"using":"xpath","value":"//*[@id=\"__button387\"]"}
COMMAND: POST /session/ba2432913a596e5fc4fa14806f816f85/elements - {"using":"xpath","value":"//*[@id=\"__button387\"]"}
RESULT: {"using":"xpath","value":"//*[@id=\"__button387\"]"}
COMMAND: POST /session/ba2432913a596e5fc4fa14806f816f85/elements - {"using":"xpath","value":"//*[@id=\"__button387\"]"}
COMMAND: POST /session/ba2432913a596e5fc4fa14806f816f85/element - {"using":"css selector","value":"#shell-header-logo"}
RESULT: {"using":"xpath","value":"//*[@id=\"__button387\"]"}
RESULT: {"using":"css selector","value":"#shell-header-logo"}
COMMAND: POST /session/ba2432913a596e5fc4fa14806f816f85/execute/sync - {"script":"<script> [8489 bytes]","args":[{"element-6066-11e4-a52e-4f735466cecf":"f.FF9A1E5259EB1E6B709B859A36B64A29.d.F0730FE23EE80F2ECAB701D8B9F51964.e.17886","ELEMENT":"f.FF9A1E5259EB1E6B709B859A36B64A29.d.F0730FE23EE80F2ECAB701D8B9F51964.e.17886"}]}
RESULT: {"script":"<script> [8489 bytes]","args":[{"element-6066-11e4-a52e-4f735466cecf":"f.FF9A1E5259EB1E6B709B859A36B64A29.d.F0730FE23EE80F2ECAB701D8B9F51964.e.17886","ELEMENT":"f.FF9A1E5259EB1E6B709B859A36B64A29.d.F0730FE23EE80F2ECAB701D8B9F51964.e.17886"}]}
COMMAND: POST /session/ba2432913a596e5fc4fa14806f816f85/execute/sync - {"script":"<script> [5351 bytes]","args":[{"element-6066-11e4-a52e-4f735466cecf":"f.FF9A1E5259EB1E6B709B859A36B64A29.d.F0730FE23EE80F2ECAB701D8B9F51964.e.17886","ELEMENT":"f.FF9A1E5259EB1E6B709B859A36B64A29.d.F0730FE23EE80F2ECAB701D8B9F51964.e.17886"}]}
COMMAND: GET /session/ba2432913a596e5fc4fa14806f816f85/screenshot - {}
RESULT: {"script":"<script> [5351 bytes]","args":[{"element-6066-11e4-a52e-4f735466cecf":"f.FF9A1E5259EB1E6B709B859A36B64A29.d.F0730FE23EE80F2ECAB701D8B9F51964.e.17886","ELEMENT":"f.FF9A1E5259EB1E6B709B859A36B64A29.d.F0730FE23EE80F2ECAB701D8B9F51964.e.17886"}]}
COMMAND: POST /session/ba2432913a596e5fc4fa14806f816f85/element/f.FF9A1E5259EB1E6B709B859A36B64A29.d.F0730FE23EE80F2ECAB701D8B9F51964.e.17886/click - {}
COMMAND: GET /session/ba2432913a596e5fc4fa14806f816f85/screenshot - {}
RESULT: {}
RESULT: {}
]]></system-out>
    </testcase>
    <testcase classname="chrome.135_0_7049_96.windows.Performance_based_billing_(work_days)_US139742" name="Should go to Manage Billings and trigger calculation check the conditions applied" time="68.252">
      <system-out><![CDATA[
COMMAND: POST /session/ba2432913a596e5fc4fa14806f816f85/execute/async - {"script":"<script> [1562 bytes]","args":[{"selector":{"controlType":"sap.m.GenericTile","properties":{"header":"Manage Billings"}},"wdio_ui5_key":"sapm.GenericTile{\"header\":\"Manage Billings\"}"}]}
COMMAND: GET /session/ba2432913a596e5fc4fa14806f816f85/screenshot - {}
RESULT: {}
RESULT: {"script":"<script> [1562 bytes]","args":[{"selector":{"controlType":"sap.m.GenericTile","properties":{"header":"Manage Billings"}},"wdio_ui5_key":"sapm.GenericTile{\"header\":\"Manage Billings\"}"}]}
RESULT: undefined
COMMAND: POST /session/ba2432913a596e5fc4fa14806f816f85/element - {"using":"xpath","value":"//*[@id=\"__tile51\"]"}
RESULT: {}
RESULT: {"using":"xpath","value":"//*[@id=\"__tile51\"]"}
COMMAND: POST /session/ba2432913a596e5fc4fa14806f816f85/element/f.FF9A1E5259EB1E6B709B859A36B64A29.d.F0730FE23EE80F2ECAB701D8B9F51964.e.14076/click - {}
RESULT: {}
COMMAND: GET /session/ba2432913a596e5fc4fa14806f816f85/screenshot - {}
COMMAND: POST /session/ba2432913a596e5fc4fa14806f816f85/execute/async - {"script":"<script> [1562 bytes]","args":[{"selector":{"id":"application-managebillings-display-component---billRunCalcResult--smartFilterBar-btnBasicSearch","interaction":{"idSuffix":"I"}},"wdio_ui5_key":"applicationmanagebillings-display-component---billRunCalcResult--smartFilterBar-btnBasicSearch"}]}
RESULT: {}
RESULT: {"script":"<script> [1562 bytes]","args":[{"selector":{"id":"application-managebillings-display-component---billRunCalcResult--smartFilterBar-btnBasicSearch","interaction":{"idSuffix":"I"}},"wdio_ui5_key":"applicationmanagebillings-display-component---billRunCalcResult--smartFilterBar-btnBasicSearch"}]}
RESULT: undefined
COMMAND: POST /session/ba2432913a596e5fc4fa14806f816f85/execute/async - {"script":"<script> [776 bytes]","args":[{"enterText":"10489","selector":{"id":"application-managebillings-display-component---billRunCalcResult--smartFilterBar-btnBasicSearch","interaction":{"idSuffix":"I"}},"clearTextFirst":true,"interactionType":"ENTER_TEXT"}]}
RESULT: {"script":"<script> [776 bytes]","args":[{"enterText":"10489","selector":{"id":"application-managebillings-display-component---billRunCalcResult--smartFilterBar-btnBasicSearch","interaction":{"idSuffix":"I"}},"clearTextFirst":true,"interactionType":"ENTER_TEXT"}]}
COMMAND: POST /session/ba2432913a596e5fc4fa14806f816f85/actions - {"actions":[{"id":"action65","type":"key","parameters":{},"actions":[{"type":"keyDown","value":"î€‡"},{"type":"pause","duration":10},{"type":"keyUp","value":"î€‡"}]}]}
RESULT: {"actions":[{"id":"action65","type":"key","parameters":{},"actions":[{"type":"keyDown","value":"î€‡"},{"type":"pause","duration":10},{"type":"keyUp","value":"î€‡"}]}]}
COMMAND: GET /session/ba2432913a596e5fc4fa14806f816f85/screenshot - {}
RESULT: {}
COMMAND: POST /session/ba2432913a596e5fc4fa14806f816f85/element - {"using":"xpath","value":"//td[@aria-colindex=\"1\"]/div/div[contains(@class, \"sapMCbBg\")]"}
RESULT: {"using":"xpath","value":"//td[@aria-colindex=\"1\"]/div/div[contains(@class, \"sapMCbBg\")]"}
COMMAND: POST /session/ba2432913a596e5fc4fa14806f816f85/element/f.FF9A1E5259EB1E6B709B859A36B64A29.d.F0730FE23EE80F2ECAB701D8B9F51964.e.18280/click - {}
RESULT: {}
COMMAND: GET /session/ba2432913a596e5fc4fa14806f816f85/screenshot - {}
RESULT: {}
COMMAND: POST /session/ba2432913a596e5fc4fa14806f816f85/execute/async - {"script":"<script> [1562 bytes]","args":[{"selector":{"id":"application-managebillings-display-component---billRunCalcResult--contractBillRunDate","interaction":{"idSuffix":"inner"}},"wdio_ui5_key":"applicationmanagebillings-display-component---billRunCalcResult--contractBillRunDate"}]}
RESULT: {"script":"<script> [1562 bytes]","args":[{"selector":{"id":"application-managebillings-display-component---billRunCalcResult--contractBillRunDate","interaction":{"idSuffix":"inner"}},"wdio_ui5_key":"applicationmanagebillings-display-component---billRunCalcResult--contractBillRunDate"}]}
RESULT: undefined
COMMAND: POST /session/ba2432913a596e5fc4fa14806f816f85/execute/async - {"script":"<script> [776 bytes]","args":[{"enterText":"06/03/25","selector":{"id":"application-managebillings-display-component---billRunCalcResult--contractBillRunDate","interaction":{"idSuffix":"inner"}},"clearTextFirst":true,"interactionType":"ENTER_TEXT"}]}
RESULT: {"script":"<script> [776 bytes]","args":[{"enterText":"06/03/25","selector":{"id":"application-managebillings-display-component---billRunCalcResult--contractBillRunDate","interaction":{"idSuffix":"inner"}},"clearTextFirst":true,"interactionType":"ENTER_TEXT"}]}
COMMAND: POST /session/ba2432913a596e5fc4fa14806f816f85/element - {"using":"xpath","value":"//bdi[contains(text(), \"Trigger Calculation\")]"}
RESULT: {"using":"xpath","value":"//bdi[contains(text(), \"Trigger Calculation\")]"}
COMMAND: POST /session/ba2432913a596e5fc4fa14806f816f85/element/f.FF9A1E5259EB1E6B709B859A36B64A29.d.F0730FE23EE80F2ECAB701D8B9F51964.e.18330/click - {}
RESULT: {}
COMMAND: GET /session/ba2432913a596e5fc4fa14806f816f85/screenshot - {}
RESULT: {}
COMMAND: POST /session/ba2432913a596e5fc4fa14806f816f85/element - {"using":"xpath","value":"(//span[contains(@id, \"imgNav\")])[1]"}
RESULT: {"using":"xpath","value":"(//span[contains(@id, \"imgNav\")])[1]"}
COMMAND: POST /session/ba2432913a596e5fc4fa14806f816f85/element/f.FF9A1E5259EB1E6B709B859A36B64A29.d.F0730FE23EE80F2ECAB701D8B9F51964.e.18281/click - {}
RESULT: {}
COMMAND: GET /session/ba2432913a596e5fc4fa14806f816f85/screenshot - {}
RESULT: {}
COMMAND: POST /session/ba2432913a596e5fc4fa14806f816f85/element - {"using":"xpath","value":"//tr/td[6]/div[1]/span[1]/span[1]"}
RESULT: {"using":"xpath","value":"//tr/td[6]/div[1]/span[1]/span[1]"}
COMMAND: GET /session/ba2432913a596e5fc4fa14806f816f85/element/f.FF9A1E5259EB1E6B709B859A36B64A29.d.F0730FE23EE80F2ECAB701D8B9F51964.e.18335/text - {}
RESULT: {}
COMMAND: POST /session/ba2432913a596e5fc4fa14806f816f85/element - {"using":"xpath","value":"(//span[contains(@id, \"imgNav\")])[2]"}
RESULT: {"using":"xpath","value":"(//span[contains(@id, \"imgNav\")])[2]"}
COMMAND: POST /session/ba2432913a596e5fc4fa14806f816f85/element/f.FF9A1E5259EB1E6B709B859A36B64A29.d.F0730FE23EE80F2ECAB701D8B9F51964.e.18336/click - {}
RESULT: {}
COMMAND: POST /session/ba2432913a596e5fc4fa14806f816f85/element - {"using":"xpath","value":"//bdi[contains(text(), \"Business Confirm\")]"}
COMMAND: GET /session/ba2432913a596e5fc4fa14806f816f85/screenshot - {}
RESULT: {"using":"xpath","value":"//bdi[contains(text(), \"Business Confirm\")]"}
COMMAND: POST /session/ba2432913a596e5fc4fa14806f816f85/elements - {"using":"xpath","value":"//bdi[contains(text(), \"Business Confirm\")]"}
RESULT: {}
RESULT: {"using":"xpath","value":"//bdi[contains(text(), \"Business Confirm\")]"}
COMMAND: POST /session/ba2432913a596e5fc4fa14806f816f85/elements - {"using":"xpath","value":"//bdi[contains(text(), \"Business Confirm\")]"}
RESULT: {"using":"xpath","value":"//bdi[contains(text(), \"Business Confirm\")]"}
COMMAND: POST /session/ba2432913a596e5fc4fa14806f816f85/elements - {"using":"xpath","value":"//bdi[contains(text(), \"Business Confirm\")]"}
RESULT: {"using":"xpath","value":"//bdi[contains(text(), \"Business Confirm\")]"}
COMMAND: POST /session/ba2432913a596e5fc4fa14806f816f85/element - {"using":"xpath","value":"//bdi[contains(text(), \"Business Confirm\")]"}
RESULT: {"using":"xpath","value":"//bdi[contains(text(), \"Business Confirm\")]"}
COMMAND: POST /session/ba2432913a596e5fc4fa14806f816f85/element/f.FF9A1E5259EB1E6B709B859A36B64A29.d.F0730FE23EE80F2ECAB701D8B9F51964.e.18339/click - {}
RESULT: {}
COMMAND: POST /session/ba2432913a596e5fc4fa14806f816f85/element - {"using":"css selector","value":"#shell-header-logo"}
COMMAND: GET /session/ba2432913a596e5fc4fa14806f816f85/screenshot - {}
RESULT: {"using":"css selector","value":"#shell-header-logo"}
COMMAND: POST /session/ba2432913a596e5fc4fa14806f816f85/element/f.FF9A1E5259EB1E6B709B859A36B64A29.d.F0730FE23EE80F2ECAB701D8B9F51964.e.18071/click - {}
RESULT: {}
RESULT: {}
COMMAND: GET /session/ba2432913a596e5fc4fa14806f816f85/screenshot - {}
RESULT: {}
COMMAND: POST /session/ba2432913a596e5fc4fa14806f816f85/element - {"using":"css selector","value":"#j_username"}
COMMAND: POST /session/ba2432913a596e5fc4fa14806f816f85/url - {"url":"https://qa-testing-00-live-etm-ui.cfapps.eu10-004.hana.ondemand.com/"}
RESULT: {"using":"css selector","value":"#j_username"}
COMMAND: POST /session/ba2432913a596e5fc4fa14806f816f85/element - {"using":"css selector","value":"#j_username"}
RESULT: {"url":"https://qa-testing-00-live-etm-ui.cfapps.eu10-004.hana.ondemand.com/"}
RESULT: undefined
COMMAND: GET /session/ba2432913a596e5fc4fa14806f816f85/screenshot - {}
RESULT: {"using":"css selector","value":"#j_username"}
COMMAND: POST /session/ba2432913a596e5fc4fa14806f816f85/element - {"using":"css selector","value":"#shell-header-logo"}
RESULT: {}
RESULT: {"using":"css selector","value":"#shell-header-logo"}
COMMAND: POST /session/ba2432913a596e5fc4fa14806f816f85/execute/sync - {"script":"<script> [8489 bytes]","args":[{"element-6066-11e4-a52e-4f735466cecf":"f.FF9A1E5259EB1E6B709B859A36B64A29.d.FB23B4BA61F60FC16964E5B7C2D72D0D.e.18435","ELEMENT":"f.FF9A1E5259EB1E6B709B859A36B64A29.d.FB23B4BA61F60FC16964E5B7C2D72D0D.e.18435"}]}
RESULT: {"script":"<script> [8489 bytes]","args":[{"element-6066-11e4-a52e-4f735466cecf":"f.FF9A1E5259EB1E6B709B859A36B64A29.d.FB23B4BA61F60FC16964E5B7C2D72D0D.e.18435","ELEMENT":"f.FF9A1E5259EB1E6B709B859A36B64A29.d.FB23B4BA61F60FC16964E5B7C2D72D0D.e.18435"}]}
COMMAND: POST /session/ba2432913a596e5fc4fa14806f816f85/element - {"using":"css selector","value":"#shell-header-logo"}
COMMAND: GET /session/ba2432913a596e5fc4fa14806f816f85/screenshot - {}
RESULT: {"using":"css selector","value":"#shell-header-logo"}
COMMAND: POST /session/ba2432913a596e5fc4fa14806f816f85/execute/sync - {"script":"<script> [8489 bytes]","args":[{"element-6066-11e4-a52e-4f735466cecf":"f.FF9A1E5259EB1E6B709B859A36B64A29.d.FB23B4BA61F60FC16964E5B7C2D72D0D.e.18435","ELEMENT":"f.FF9A1E5259EB1E6B709B859A36B64A29.d.FB23B4BA61F60FC16964E5B7C2D72D0D.e.18435"}]}
RESULT: {}
RESULT: {"script":"<script> [8489 bytes]","args":[{"element-6066-11e4-a52e-4f735466cecf":"f.FF9A1E5259EB1E6B709B859A36B64A29.d.FB23B4BA61F60FC16964E5B7C2D72D0D.e.18435","ELEMENT":"f.FF9A1E5259EB1E6B709B859A36B64A29.d.FB23B4BA61F60FC16964E5B7C2D72D0D.e.18435"}]}
COMMAND: POST /session/ba2432913a596e5fc4fa14806f816f85/execute/sync - {"script":"<script> [5351 bytes]","args":[{"element-6066-11e4-a52e-4f735466cecf":"f.FF9A1E5259EB1E6B709B859A36B64A29.d.FB23B4BA61F60FC16964E5B7C2D72D0D.e.18435","ELEMENT":"f.FF9A1E5259EB1E6B709B859A36B64A29.d.FB23B4BA61F60FC16964E5B7C2D72D0D.e.18435"}]}
COMMAND: GET /session/ba2432913a596e5fc4fa14806f816f85/screenshot - {}
RESULT: {"script":"<script> [5351 bytes]","args":[{"element-6066-11e4-a52e-4f735466cecf":"f.FF9A1E5259EB1E6B709B859A36B64A29.d.FB23B4BA61F60FC16964E5B7C2D72D0D.e.18435","ELEMENT":"f.FF9A1E5259EB1E6B709B859A36B64A29.d.FB23B4BA61F60FC16964E5B7C2D72D0D.e.18435"}]}
COMMAND: POST /session/ba2432913a596e5fc4fa14806f816f85/element - {"using":"css selector","value":"#shell-header-logo"}
COMMAND: GET /session/ba2432913a596e5fc4fa14806f816f85/screenshot - {}
RESULT: {}
RESULT: {"using":"css selector","value":"#shell-header-logo"}
COMMAND: POST /session/ba2432913a596e5fc4fa14806f816f85/element/f.FF9A1E5259EB1E6B709B859A36B64A29.d.FB23B4BA61F60FC16964E5B7C2D72D0D.e.18435/click - {}
RESULT: {}
RESULT: {}
COMMAND: GET /session/ba2432913a596e5fc4fa14806f816f85/screenshot - {}
RESULT: {}
COMMAND: POST /session/ba2432913a596e5fc4fa14806f816f85/execute/async - {"script":"<script> [189 bytes]","args":[]}
RESULT: {"script":"<script> [189 bytes]","args":[]}
COMMAND: POST /session/ba2432913a596e5fc4fa14806f816f85/execute/async - {"script":"<script> [123 bytes]","args":[]}
RESULT: {"script":"<script> [123 bytes]","args":[]}
COMMAND: POST /session/ba2432913a596e5fc4fa14806f816f85/timeouts - {"script":"<number>"}
RESULT: {"script":"<number>"}
COMMAND: GET /session/ba2432913a596e5fc4fa14806f816f85/timeouts - {}
RESULT: {}
RESULT: undefined
COMMAND: POST /session/ba2432913a596e5fc4fa14806f816f85/execute/async - {"script":"<script> [2676 bytes]","args":[]}
RESULT: {"script":"<script> [2676 bytes]","args":[]}
COMMAND: POST /session/ba2432913a596e5fc4fa14806f816f85/execute/async - {"script":"<script> [2342 bytes]","args":[{"protocol":"http","hostname":"0.0.0.0","path":"/","capabilities":{"browserName":"chrome","goog:chromeOptions":{"binary":"C:\\Program Files\\Google\\Chrome\\Application\\chrome.exe","args":["--start-maximized"]}},"logLevel":"warn","connectionRetryTimeout":120000,"connectionRetryCount":3,"logLevels":{},"enableDirectConnect":true,"strictSSL":true,"_":"65 more keys: [\"cacheDir\",\"port\",\"requestedCapabilities\",\"automationProtocol\",\"baseUrl\",\"waitforInterval\",\"waitforTimeout\",\"onReload\",\"beforeCommand\",\"afterCommand\",\"rootDir\",\"specs\",\"suites\",\"exclude\",\"groupLogsByTestSpec\",\"excludeDriverLogs\",\"bail\",\"framework\",\"reporters\",\"services\",\"maxInstances\",\"maxInstancesPerCapability\",\"injectGlobals\",\"filesToWatch\",\"execArgv\",\"runnerEnv\",\"runner\",\"shard\",\"specFileRetries\",\"specFileRetriesDelay\",\"specFileRetriesDeferred\",\"reporterSyncInterval\",\"reporterSyncTimeout\",\"cucumberFeaturesWithLineNumbers\",\"autoCompileOpts\",\"mochaOpts\",\"jasmineOpts\",\"cucumberOpts\",\"onPrepare\",\"onWorkerStart\",\"onWorkerEnd\",\"before\",\"beforeSession\",\"beforeSuite\",\"beforeHook\",\"beforeTest\",\"afterTest\",\"afterHook\",\"afterSuite\",\"afterSession\",\"after\",\"onComplete\",\"beforeAssertion\",\"afterAssertion\",\"beforeFeature\",\"beforeScenario\",\"beforeStep\",\"afterStep\",\"afterScenario\",\"afterFeature\",\"_\",\"suite\",\"$0\",\"ignoredWorkerServices\",\"wdi5\"]"}]}
RESULT: {"script":"<script> [2342 bytes]","args":[{"protocol":"http","hostname":"0.0.0.0","path":"/","capabilities":{"browserName":"chrome","goog:chromeOptions":{"binary":"C:\\Program Files\\Google\\Chrome\\Application\\chrome.exe","args":["--start-maximized"]}},"logLevel":"warn","connectionRetryTimeout":120000,"connectionRetryCount":3,"logLevels":{},"enableDirectConnect":true,"strictSSL":true,"_":"65 more keys: [\"cacheDir\",\"port\",\"requestedCapabilities\",\"automationProtocol\",\"baseUrl\",\"waitforInterval\",\"waitforTimeout\",\"onReload\",\"beforeCommand\",\"afterCommand\",\"rootDir\",\"specs\",\"suites\",\"exclude\",\"groupLogsByTestSpec\",\"excludeDriverLogs\",\"bail\",\"framework\",\"reporters\",\"services\",\"maxInstances\",\"maxInstancesPerCapability\",\"injectGlobals\",\"filesToWatch\",\"execArgv\",\"runnerEnv\",\"runner\",\"shard\",\"specFileRetries\",\"specFileRetriesDelay\",\"specFileRetriesDeferred\",\"reporterSyncInterval\",\"reporterSyncTimeout\",\"cucumberFeaturesWithLineNumbers\",\"autoCompileOpts\",\"mochaOpts\",\"jasmineOpts\",\"cucumberOpts\",\"onPrepare\",\"onWorkerStart\",\"onWorkerEnd\",\"before\",\"beforeSession\",\"beforeSuite\",\"beforeHook\",\"beforeTest\",\"afterTest\",\"afterHook\",\"afterSuite\",\"afterSession\",\"after\",\"onComplete\",\"beforeAssertion\",\"afterAssertion\",\"beforeFeature\",\"beforeScenario\",\"beforeStep\",\"afterStep\",\"afterScenario\",\"afterFeature\",\"_\",\"suite\",\"$0\",\"ignoredWorkerServices\",\"wdi5\"]"}]}
COMMAND: POST /session/ba2432913a596e5fc4fa14806f816f85/execute/async - {"script":"<script> [21126 bytes]","args":[35000]}
RESULT: {"script":"<script> [21126 bytes]","args":[35000]}
COMMAND: POST /session/ba2432913a596e5fc4fa14806f816f85/window/maximize - {}
RESULT: {}
COMMAND: POST /session/ba2432913a596e5fc4fa14806f816f85/execute/async - {"script":"<script> [1562 bytes]","args":[{"selector":{"id":"shell-header","interaction":{"idSuffix":"icon"}},"wdio_ui5_key":"shellheader"}]}
COMMAND: GET /session/ba2432913a596e5fc4fa14806f816f85/screenshot - {}
RESULT: {"script":"<script> [1562 bytes]","args":[{"selector":{"id":"shell-header","interaction":{"idSuffix":"icon"}},"wdio_ui5_key":"shellheader"}]}
RESULT: undefined
COMMAND: POST /session/ba2432913a596e5fc4fa14806f816f85/refresh - {}
RESULT: {}
RESULT: {}
COMMAND: GET /session/ba2432913a596e5fc4fa14806f816f85/screenshot - {}
RESULT: {}
COMMAND: POST /session/ba2432913a596e5fc4fa14806f816f85/refresh - {}
RESULT: {}
COMMAND: GET /session/ba2432913a596e5fc4fa14806f816f85/screenshot - {}
RESULT: {}
COMMAND: POST /session/ba2432913a596e5fc4fa14806f816f85/window/fullscreen - {}
RESULT: {}
COMMAND: POST /session/ba2432913a596e5fc4fa14806f816f85/execute/async - {"script":"<script> [189 bytes]","args":[]}
RESULT: {"script":"<script> [189 bytes]","args":[]}
COMMAND: POST /session/ba2432913a596e5fc4fa14806f816f85/execute/async - {"script":"<script> [123 bytes]","args":[]}
RESULT: {"script":"<script> [123 bytes]","args":[]}
COMMAND: POST /session/ba2432913a596e5fc4fa14806f816f85/timeouts - {"script":"<number>"}
RESULT: {"script":"<number>"}
COMMAND: GET /session/ba2432913a596e5fc4fa14806f816f85/timeouts - {}
RESULT: {}
RESULT: undefined
COMMAND: POST /session/ba2432913a596e5fc4fa14806f816f85/execute/async - {"script":"<script> [2676 bytes]","args":[]}
RESULT: {"script":"<script> [2676 bytes]","args":[]}
COMMAND: POST /session/ba2432913a596e5fc4fa14806f816f85/execute/async - {"script":"<script> [2342 bytes]","args":[{"protocol":"http","hostname":"0.0.0.0","path":"/","capabilities":{"browserName":"chrome","goog:chromeOptions":{"binary":"C:\\Program Files\\Google\\Chrome\\Application\\chrome.exe","args":["--start-maximized"]}},"logLevel":"warn","connectionRetryTimeout":120000,"connectionRetryCount":3,"logLevels":{},"enableDirectConnect":true,"strictSSL":true,"_":"65 more keys: [\"cacheDir\",\"port\",\"requestedCapabilities\",\"automationProtocol\",\"baseUrl\",\"waitforInterval\",\"waitforTimeout\",\"onReload\",\"beforeCommand\",\"afterCommand\",\"rootDir\",\"specs\",\"suites\",\"exclude\",\"groupLogsByTestSpec\",\"excludeDriverLogs\",\"bail\",\"framework\",\"reporters\",\"services\",\"maxInstances\",\"maxInstancesPerCapability\",\"injectGlobals\",\"filesToWatch\",\"execArgv\",\"runnerEnv\",\"runner\",\"shard\",\"specFileRetries\",\"specFileRetriesDelay\",\"specFileRetriesDeferred\",\"reporterSyncInterval\",\"reporterSyncTimeout\",\"cucumberFeaturesWithLineNumbers\",\"autoCompileOpts\",\"mochaOpts\",\"jasmineOpts\",\"cucumberOpts\",\"onPrepare\",\"onWorkerStart\",\"onWorkerEnd\",\"before\",\"beforeSession\",\"beforeSuite\",\"beforeHook\",\"beforeTest\",\"afterTest\",\"afterHook\",\"afterSuite\",\"afterSession\",\"after\",\"onComplete\",\"beforeAssertion\",\"afterAssertion\",\"beforeFeature\",\"beforeScenario\",\"beforeStep\",\"afterStep\",\"afterScenario\",\"afterFeature\",\"_\",\"suite\",\"$0\",\"ignoredWorkerServices\",\"wdi5\"]"}]}
RESULT: {"script":"<script> [2342 bytes]","args":[{"protocol":"http","hostname":"0.0.0.0","path":"/","capabilities":{"browserName":"chrome","goog:chromeOptions":{"binary":"C:\\Program Files\\Google\\Chrome\\Application\\chrome.exe","args":["--start-maximized"]}},"logLevel":"warn","connectionRetryTimeout":120000,"connectionRetryCount":3,"logLevels":{},"enableDirectConnect":true,"strictSSL":true,"_":"65 more keys: [\"cacheDir\",\"port\",\"requestedCapabilities\",\"automationProtocol\",\"baseUrl\",\"waitforInterval\",\"waitforTimeout\",\"onReload\",\"beforeCommand\",\"afterCommand\",\"rootDir\",\"specs\",\"suites\",\"exclude\",\"groupLogsByTestSpec\",\"excludeDriverLogs\",\"bail\",\"framework\",\"reporters\",\"services\",\"maxInstances\",\"maxInstancesPerCapability\",\"injectGlobals\",\"filesToWatch\",\"execArgv\",\"runnerEnv\",\"runner\",\"shard\",\"specFileRetries\",\"specFileRetriesDelay\",\"specFileRetriesDeferred\",\"reporterSyncInterval\",\"reporterSyncTimeout\",\"cucumberFeaturesWithLineNumbers\",\"autoCompileOpts\",\"mochaOpts\",\"jasmineOpts\",\"cucumberOpts\",\"onPrepare\",\"onWorkerStart\",\"onWorkerEnd\",\"before\",\"beforeSession\",\"beforeSuite\",\"beforeHook\",\"beforeTest\",\"afterTest\",\"afterHook\",\"afterSuite\",\"afterSession\",\"after\",\"onComplete\",\"beforeAssertion\",\"afterAssertion\",\"beforeFeature\",\"beforeScenario\",\"beforeStep\",\"afterStep\",\"afterScenario\",\"afterFeature\",\"_\",\"suite\",\"$0\",\"ignoredWorkerServices\",\"wdi5\"]"}]}
COMMAND: POST /session/ba2432913a596e5fc4fa14806f816f85/execute/async - {"script":"<script> [21126 bytes]","args":[35000]}
RESULT: {"script":"<script> [21126 bytes]","args":[35000]}
]]></system-out>
    </testcase>
  </testsuite>
  <testsuite timestamp="2025-05-03T18:07:04" time="1504.746" tests="20" failures="4" errors="4" skipped="0">
    <properties>
      <property name="specId" value="0" />
      <property name="suiteName" value="Billing Calculation - Time based (considering transport times) US139738" />
      <property name="capabilities" value="chrome.135_0_7049_96.windows" />
      <property name="file" value="file:///D:/a/1/s/test/specs/BTS/billing-calculation-transp-times.spec.js" />
    </properties>
    <testcase classname="chrome.135_0_7049_96.windows.Billing_Calculation_-_Time_based_(considering_transport_times)_US139738" name="Should create a new yard" time="0.031">
      <system-out><![CDATA[
COMMAND: POST /session/ba2432913a596e5fc4fa14806f816f85/window/fullscreen - {}
RESULT: {}
]]></system-out>
    </testcase>
    <testcase classname="chrome.135_0_7049_96.windows.Billing_Calculation_-_Time_based_(considering_transport_times)_US139738" name="Should create a new partner" time="0.005" />
    <testcase classname="chrome.135_0_7049_96.windows.Billing_Calculation_-_Time_based_(considering_transport_times)_US139738" name="Should create a new site" time="0.004" />
    <testcase classname="chrome.135_0_7049_96.windows.Billing_Calculation_-_Time_based_(considering_transport_times)_US139738" name="Should create the equipment" time="139.03">
      <system-out><![CDATA[
COMMAND: POST /session/ba2432913a596e5fc4fa14806f816f85/execute/async - {"script":"<script> [1562 bytes]","args":[{"selector":{"controlType":"sap.m.GenericTile","properties":{"header":"Manage Resources"}},"wdio_ui5_key":"sapm.GenericTile{\"header\":\"Manage Resources\"}"}]}
RESULT: {"script":"<script> [1562 bytes]","args":[{"selector":{"controlType":"sap.m.GenericTile","properties":{"header":"Manage Resources"}},"wdio_ui5_key":"sapm.GenericTile{\"header\":\"Manage Resources\"}"}]}
RESULT: undefined
COMMAND: POST /session/ba2432913a596e5fc4fa14806f816f85/element - {"using":"xpath","value":"//*[@id=\"__tile39\"]"}
RESULT: {"using":"xpath","value":"//*[@id=\"__tile39\"]"}
COMMAND: POST /session/ba2432913a596e5fc4fa14806f816f85/element/f.FF9A1E5259EB1E6B709B859A36B64A29.d.8FE6D5B4112FC7E47294D0E6183949FC.e.18583/click - {}
RESULT: {}
COMMAND: POST /session/ba2432913a596e5fc4fa14806f816f85/element - {"using":"xpath","value":"//button[@data-kt=\"addNewRUOverflowToolbarButton\"]"}
COMMAND: GET /session/ba2432913a596e5fc4fa14806f816f85/screenshot - {}
RESULT: {"using":"xpath","value":"//button[@data-kt=\"addNewRUOverflowToolbarButton\"]"}
COMMAND: POST /session/ba2432913a596e5fc4fa14806f816f85/elements - {"using":"xpath","value":"//button[@data-kt=\"addNewRUOverflowToolbarButton\"]"}
RESULT: {}
RESULT: {"using":"xpath","value":"//button[@data-kt=\"addNewRUOverflowToolbarButton\"]"}
COMMAND: POST /session/ba2432913a596e5fc4fa14806f816f85/elements - {"using":"xpath","value":"//button[@data-kt=\"addNewRUOverflowToolbarButton\"]"}
RESULT: {"using":"xpath","value":"//button[@data-kt=\"addNewRUOverflowToolbarButton\"]"}
COMMAND: POST /session/ba2432913a596e5fc4fa14806f816f85/elements - {"using":"xpath","value":"//button[@data-kt=\"addNewRUOverflowToolbarButton\"]"}
RESULT: {"using":"xpath","value":"//button[@data-kt=\"addNewRUOverflowToolbarButton\"]"}
COMMAND: POST /session/ba2432913a596e5fc4fa14806f816f85/elements - {"using":"xpath","value":"//button[@data-kt=\"addNewRUOverflowToolbarButton\"]"}
RESULT: {"using":"xpath","value":"//button[@data-kt=\"addNewRUOverflowToolbarButton\"]"}
COMMAND: POST /session/ba2432913a596e5fc4fa14806f816f85/elements - {"using":"xpath","value":"//button[@data-kt=\"addNewRUOverflowToolbarButton\"]"}
RESULT: {"using":"xpath","value":"//button[@data-kt=\"addNewRUOverflowToolbarButton\"]"}
COMMAND: POST /session/ba2432913a596e5fc4fa14806f816f85/elements - {"using":"xpath","value":"//button[@data-kt=\"addNewRUOverflowToolbarButton\"]"}
RESULT: {"using":"xpath","value":"//button[@data-kt=\"addNewRUOverflowToolbarButton\"]"}
COMMAND: POST /session/ba2432913a596e5fc4fa14806f816f85/elements - {"using":"xpath","value":"//button[@data-kt=\"addNewRUOverflowToolbarButton\"]"}
RESULT: {"using":"xpath","value":"//button[@data-kt=\"addNewRUOverflowToolbarButton\"]"}
COMMAND: POST /session/ba2432913a596e5fc4fa14806f816f85/elements - {"using":"xpath","value":"//button[@data-kt=\"addNewRUOverflowToolbarButton\"]"}
RESULT: {"using":"xpath","value":"//button[@data-kt=\"addNewRUOverflowToolbarButton\"]"}
COMMAND: POST /session/ba2432913a596e5fc4fa14806f816f85/elements - {"using":"xpath","value":"//button[@data-kt=\"addNewRUOverflowToolbarButton\"]"}
RESULT: {"using":"xpath","value":"//button[@data-kt=\"addNewRUOverflowToolbarButton\"]"}
COMMAND: POST /session/ba2432913a596e5fc4fa14806f816f85/elements - {"using":"xpath","value":"//button[@data-kt=\"addNewRUOverflowToolbarButton\"]"}
RESULT: {"using":"xpath","value":"//button[@data-kt=\"addNewRUOverflowToolbarButton\"]"}
COMMAND: POST /session/ba2432913a596e5fc4fa14806f816f85/elements - {"using":"xpath","value":"//button[@data-kt=\"addNewRUOverflowToolbarButton\"]"}
RESULT: {"using":"xpath","value":"//button[@data-kt=\"addNewRUOverflowToolbarButton\"]"}
COMMAND: POST /session/ba2432913a596e5fc4fa14806f816f85/elements - {"using":"xpath","value":"//button[@data-kt=\"addNewRUOverflowToolbarButton\"]"}
RESULT: {"using":"xpath","value":"//button[@data-kt=\"addNewRUOverflowToolbarButton\"]"}
COMMAND: POST /session/ba2432913a596e5fc4fa14806f816f85/elements - {"using":"xpath","value":"//button[@data-kt=\"addNewRUOverflowToolbarButton\"]"}
RESULT: {"using":"xpath","value":"//button[@data-kt=\"addNewRUOverflowToolbarButton\"]"}
COMMAND: POST /session/ba2432913a596e5fc4fa14806f816f85/elements - {"using":"xpath","value":"//button[@data-kt=\"addNewRUOverflowToolbarButton\"]"}
RESULT: {"using":"xpath","value":"//button[@data-kt=\"addNewRUOverflowToolbarButton\"]"}
COMMAND: POST /session/ba2432913a596e5fc4fa14806f816f85/elements - {"using":"xpath","value":"//button[@data-kt=\"addNewRUOverflowToolbarButton\"]"}
RESULT: {"using":"xpath","value":"//button[@data-kt=\"addNewRUOverflowToolbarButton\"]"}
COMMAND: POST /session/ba2432913a596e5fc4fa14806f816f85/elements - {"using":"xpath","value":"//button[@data-kt=\"addNewRUOverflowToolbarButton\"]"}
RESULT: {"using":"xpath","value":"//button[@data-kt=\"addNewRUOverflowToolbarButton\"]"}
COMMAND: POST /session/ba2432913a596e5fc4fa14806f816f85/elements - {"using":"xpath","value":"//button[@data-kt=\"addNewRUOverflowToolbarButton\"]"}
RESULT: {"using":"xpath","value":"//button[@data-kt=\"addNewRUOverflowToolbarButton\"]"}
COMMAND: POST /session/ba2432913a596e5fc4fa14806f816f85/elements - {"using":"xpath","value":"//button[@data-kt=\"addNewRUOverflowToolbarButton\"]"}
RESULT: {"using":"xpath","value":"//button[@data-kt=\"addNewRUOverflowToolbarButton\"]"}
COMMAND: POST /session/ba2432913a596e5fc4fa14806f816f85/elements - {"using":"xpath","value":"//button[@data-kt=\"addNewRUOverflowToolbarButton\"]"}
RESULT: {"using":"xpath","value":"//button[@data-kt=\"addNewRUOverflowToolbarButton\"]"}
COMMAND: POST /session/ba2432913a596e5fc4fa14806f816f85/elements - {"using":"xpath","value":"//button[@data-kt=\"addNewRUOverflowToolbarButton\"]"}
RESULT: {"using":"xpath","value":"//button[@data-kt=\"addNewRUOverflowToolbarButton\"]"}
COMMAND: POST /session/ba2432913a596e5fc4fa14806f816f85/elements - {"using":"xpath","value":"//button[@data-kt=\"addNewRUOverflowToolbarButton\"]"}
RESULT: {"using":"xpath","value":"//button[@data-kt=\"addNewRUOverflowToolbarButton\"]"}
COMMAND: POST /session/ba2432913a596e5fc4fa14806f816f85/elements - {"using":"xpath","value":"//button[@data-kt=\"addNewRUOverflowToolbarButton\"]"}
RESULT: {"using":"xpath","value":"//button[@data-kt=\"addNewRUOverflowToolbarButton\"]"}
COMMAND: POST /session/ba2432913a596e5fc4fa14806f816f85/elements - {"using":"xpath","value":"//button[@data-kt=\"addNewRUOverflowToolbarButton\"]"}
RESULT: {"using":"xpath","value":"//button[@data-kt=\"addNewRUOverflowToolbarButton\"]"}
COMMAND: POST /session/ba2432913a596e5fc4fa14806f816f85/elements - {"using":"xpath","value":"//button[@data-kt=\"addNewRUOverflowToolbarButton\"]"}
RESULT: {"using":"xpath","value":"//button[@data-kt=\"addNewRUOverflowToolbarButton\"]"}
COMMAND: POST /session/ba2432913a596e5fc4fa14806f816f85/elements - {"using":"xpath","value":"//button[@data-kt=\"addNewRUOverflowToolbarButton\"]"}
RESULT: {"using":"xpath","value":"//button[@data-kt=\"addNewRUOverflowToolbarButton\"]"}
COMMAND: POST /session/ba2432913a596e5fc4fa14806f816f85/elements - {"using":"xpath","value":"//button[@data-kt=\"addNewRUOverflowToolbarButton\"]"}
RESULT: {"using":"xpath","value":"//button[@data-kt=\"addNewRUOverflowToolbarButton\"]"}
COMMAND: POST /session/ba2432913a596e5fc4fa14806f816f85/elements - {"using":"xpath","value":"//button[@data-kt=\"addNewRUOverflowToolbarButton\"]"}
RESULT: {"using":"xpath","value":"//button[@data-kt=\"addNewRUOverflowToolbarButton\"]"}
COMMAND: POST /session/ba2432913a596e5fc4fa14806f816f85/elements - {"using":"xpath","value":"//button[@data-kt=\"addNewRUOverflowToolbarButton\"]"}
RESULT: {"using":"xpath","value":"//button[@data-kt=\"addNewRUOverflowToolbarButton\"]"}
COMMAND: POST /session/ba2432913a596e5fc4fa14806f816f85/elements - {"using":"xpath","value":"//button[@data-kt=\"addNewRUOverflowToolbarButton\"]"}
RESULT: {"using":"xpath","value":"//button[@data-kt=\"addNewRUOverflowToolbarButton\"]"}
COMMAND: POST /session/ba2432913a596e5fc4fa14806f816f85/element - {"using":"xpath","value":"//button[@data-kt=\"addNewRUOverflowToolbarButton\"]"}
RESULT: {"using":"xpath","value":"//button[@data-kt=\"addNewRUOverflowToolbarButton\"]"}
COMMAND: POST /session/ba2432913a596e5fc4fa14806f816f85/execute/sync - {"script":"<script> [8489 bytes]","args":[{"element-6066-11e4-a52e-4f735466cecf":"f.FF9A1E5259EB1E6B709B859A36B64A29.d.8FE6D5B4112FC7E47294D0E6183949FC.e.18715","ELEMENT":"f.FF9A1E5259EB1E6B709B859A36B64A29.d.8FE6D5B4112FC7E47294D0E6183949FC.e.18715"}]}
RESULT: {"script":"<script> [8489 bytes]","args":[{"element-6066-11e4-a52e-4f735466cecf":"f.FF9A1E5259EB1E6B709B859A36B64A29.d.8FE6D5B4112FC7E47294D0E6183949FC.e.18715","ELEMENT":"f.FF9A1E5259EB1E6B709B859A36B64A29.d.8FE6D5B4112FC7E47294D0E6183949FC.e.18715"}]}
COMMAND: GET /session/ba2432913a596e5fc4fa14806f816f85/element/f.FF9A1E5259EB1E6B709B859A36B64A29.d.8FE6D5B4112FC7E47294D0E6183949FC.e.18715/enabled - {}
COMMAND: GET /session/ba2432913a596e5fc4fa14806f816f85/screenshot - {}
RESULT: {}
COMMAND: POST /session/ba2432913a596e5fc4fa14806f816f85/execute/sync - {"script":"<script> [8489 bytes]","args":[{"element-6066-11e4-a52e-4f735466cecf":"f.FF9A1E5259EB1E6B709B859A36B64A29.d.8FE6D5B4112FC7E47294D0E6183949FC.e.18715","ELEMENT":"f.FF9A1E5259EB1E6B709B859A36B64A29.d.8FE6D5B4112FC7E47294D0E6183949FC.e.18715"}]}
COMMAND: GET /session/ba2432913a596e5fc4fa14806f816f85/screenshot - {}
RESULT: {}
RESULT: {"script":"<script> [8489 bytes]","args":[{"element-6066-11e4-a52e-4f735466cecf":"f.FF9A1E5259EB1E6B709B859A36B64A29.d.8FE6D5B4112FC7E47294D0E6183949FC.e.18715","ELEMENT":"f.FF9A1E5259EB1E6B709B859A36B64A29.d.8FE6D5B4112FC7E47294D0E6183949FC.e.18715"}]}
COMMAND: POST /session/ba2432913a596e5fc4fa14806f816f85/execute/sync - {"script":"<script> [5351 bytes]","args":[{"element-6066-11e4-a52e-4f735466cecf":"f.FF9A1E5259EB1E6B709B859A36B64A29.d.8FE6D5B4112FC7E47294D0E6183949FC.e.18715","ELEMENT":"f.FF9A1E5259EB1E6B709B859A36B64A29.d.8FE6D5B4112FC7E47294D0E6183949FC.e.18715"}]}
COMMAND: GET /session/ba2432913a596e5fc4fa14806f816f85/screenshot - {}
RESULT: {}
RESULT: {"script":"<script> [5351 bytes]","args":[{"element-6066-11e4-a52e-4f735466cecf":"f.FF9A1E5259EB1E6B709B859A36B64A29.d.8FE6D5B4112FC7E47294D0E6183949FC.e.18715","ELEMENT":"f.FF9A1E5259EB1E6B709B859A36B64A29.d.8FE6D5B4112FC7E47294D0E6183949FC.e.18715"}]}
COMMAND: POST /session/ba2432913a596e5fc4fa14806f816f85/element/f.FF9A1E5259EB1E6B709B859A36B64A29.d.8FE6D5B4112FC7E47294D0E6183949FC.e.18715/click - {}
COMMAND: GET /session/ba2432913a596e5fc4fa14806f816f85/screenshot - {}
RESULT: {}
RESULT: {}
COMMAND: GET /session/ba2432913a596e5fc4fa14806f816f85/screenshot - {}
COMMAND: POST /session/ba2432913a596e5fc4fa14806f816f85/execute/async - {"script":"<script> [1562 bytes]","args":[{"selector":{"id":"application-manageresources-display-component---newResourceUnit--TYPE-arrow"},"wdio_ui5_key":"applicationmanageresources-display-component---newResourceUnit--TYPE-arrow"}]}
RESULT: {}
RESULT: {}
RESULT: {"script":"<script> [1562 bytes]","args":[{"selector":{"id":"application-manageresources-display-component---newResourceUnit--TYPE-arrow"},"wdio_ui5_key":"applicationmanageresources-display-component---newResourceUnit--TYPE-arrow"}]}
RESULT: undefined
COMMAND: POST /session/ba2432913a596e5fc4fa14806f816f85/element - {"using":"xpath","value":"//*[@id=\"application-manageresources-display-component---newResourceUnit--TYPE-arrow\"]"}
RESULT: {"using":"xpath","value":"//*[@id=\"application-manageresources-display-component---newResourceUnit--TYPE-arrow\"]"}
COMMAND: POST /session/ba2432913a596e5fc4fa14806f816f85/element/f.FF9A1E5259EB1E6B709B859A36B64A29.d.8FE6D5B4112FC7E47294D0E6183949FC.e.19070/click - {}
RESULT: {}
COMMAND: POST /session/ba2432913a596e5fc4fa14806f816f85/element - {"using":"xpath","value":"//input[@id=\"application-manageresources-display-component---newResourceUnit--TYPE-inner\"]"}
COMMAND: GET /session/ba2432913a596e5fc4fa14806f816f85/screenshot - {}
RESULT: {"using":"xpath","value":"//input[@id=\"application-manageresources-display-component---newResourceUnit--TYPE-inner\"]"}
COMMAND: POST /session/ba2432913a596e5fc4fa14806f816f85/element/f.FF9A1E5259EB1E6B709B859A36B64A29.d.8FE6D5B4112FC7E47294D0E6183949FC.e.19067/clear - {}
RESULT: {}
RESULT: {}
COMMAND: POST /session/ba2432913a596e5fc4fa14806f816f85/element/f.FF9A1E5259EB1E6B709B859A36B64A29.d.8FE6D5B4112FC7E47294D0E6183949FC.e.19067/value - {"text":"Equipment"}
COMMAND: GET /session/ba2432913a596e5fc4fa14806f816f85/screenshot - {}
RESULT: {"text":"Equipment"}
COMMAND: GET /session/ba2432913a596e5fc4fa14806f816f85/screenshot - {}
RESULT: {}
RESULT: {}
COMMAND: POST /session/ba2432913a596e5fc4fa14806f816f85/actions - {"actions":[{"id":"action66","type":"key","parameters":{},"actions":[{"type":"keyDown","value":"î€‡"},{"type":"pause","duration":10},{"type":"keyUp","value":"î€‡"}]}]}
RESULT: {"actions":[{"id":"action66","type":"key","parameters":{},"actions":[{"type":"keyDown","value":"î€‡"},{"type":"pause","duration":10},{"type":"keyUp","value":"î€‡"}]}]}
COMMAND: POST /session/ba2432913a596e5fc4fa14806f816f85/execute/async - {"script":"<script> [1562 bytes]","args":[{"selector":{"id":"application-manageresources-display-component---newResourceUnit--resourceId","interaction":{"idSuffix":"inner"}},"wdio_ui5_key":"applicationmanageresources-display-component---newResourceUnit--resourceId"}]}
COMMAND: GET /session/ba2432913a596e5fc4fa14806f816f85/screenshot - {}
RESULT: {"script":"<script> [1562 bytes]","args":[{"selector":{"id":"application-manageresources-display-component---newResourceUnit--resourceId","interaction":{"idSuffix":"inner"}},"wdio_ui5_key":"applicationmanageresources-display-component---newResourceUnit--resourceId"}]}
RESULT: undefined
COMMAND: POST /session/ba2432913a596e5fc4fa14806f816f85/execute/async - {"script":"<script> [776 bytes]","args":[{"enterText":"mUDxZdRhYI","selector":{"id":"application-manageresources-display-component---newResourceUnit--resourceId","interaction":{"idSuffix":"inner"}},"clearTextFirst":true,"interactionType":"ENTER_TEXT"}]}
RESULT: {}
RESULT: {"script":"<script> [776 bytes]","args":[{"enterText":"mUDxZdRhYI","selector":{"id":"application-manageresources-display-component---newResourceUnit--resourceId","interaction":{"idSuffix":"inner"}},"clearTextFirst":true,"interactionType":"ENTER_TEXT"}]}
COMMAND: POST /session/ba2432913a596e5fc4fa14806f816f85/execute/async - {"script":"<script> [1562 bytes]","args":[{"selector":{"id":"application-manageresources-display-component---newResourceUnit--SHORT_TEXT","interaction":{"idSuffix":"inner"}},"wdio_ui5_key":"applicationmanageresources-display-component---newResourceUnit--SHORT_TEXT"}]}
RESULT: {"script":"<script> [1562 bytes]","args":[{"selector":{"id":"application-manageresources-display-component---newResourceUnit--SHORT_TEXT","interaction":{"idSuffix":"inner"}},"wdio_ui5_key":"applicationmanageresources-display-component---newResourceUnit--SHORT_TEXT"}]}
RESULT: undefined
COMMAND: POST /session/ba2432913a596e5fc4fa14806f816f85/execute/async - {"script":"<script> [776 bytes]","args":[{"enterText":"Intercompany Equipment WDIO","selector":{"id":"application-manageresources-display-component---newResourceUnit--SHORT_TEXT","interaction":{"idSuffix":"inner"}},"clearTextFirst":true,"interactionType":"ENTER_TEXT"}]}
RESULT: {"script":"<script> [776 bytes]","args":[{"enterText":"Intercompany Equipment WDIO","selector":{"id":"application-manageresources-display-component---newResourceUnit--SHORT_TEXT","interaction":{"idSuffix":"inner"}},"clearTextFirst":true,"interactionType":"ENTER_TEXT"}]}
COMMAND: POST /session/ba2432913a596e5fc4fa14806f816f85/execute/async - {"script":"<script> [1562 bytes]","args":[{"selector":{"id":"application-manageresources-display-component---newResourceUnit--BASE_UNIT_OF_MEASURE","interaction":{"idSuffix":"inner"}},"wdio_ui5_key":"applicationmanageresources-display-component---newResourceUnit--BASE_UNIT_OF_MEASURE"}]}
RESULT: {"script":"<script> [1562 bytes]","args":[{"selector":{"id":"application-manageresources-display-component---newResourceUnit--BASE_UNIT_OF_MEASURE","interaction":{"idSuffix":"inner"}},"wdio_ui5_key":"applicationmanageresources-display-component---newResourceUnit--BASE_UNIT_OF_MEASURE"}]}
RESULT: undefined
COMMAND: POST /session/ba2432913a596e5fc4fa14806f816f85/execute/async - {"script":"<script> [776 bytes]","args":[{"enterText":"Piece","selector":{"id":"application-manageresources-display-component---newResourceUnit--BASE_UNIT_OF_MEASURE","interaction":{"idSuffix":"inner"}},"clearTextFirst":true,"interactionType":"ENTER_TEXT"}]}
RESULT: {"script":"<script> [776 bytes]","args":[{"enterText":"Piece","selector":{"id":"application-manageresources-display-component---newResourceUnit--BASE_UNIT_OF_MEASURE","interaction":{"idSuffix":"inner"}},"clearTextFirst":true,"interactionType":"ENTER_TEXT"}]}
COMMAND: POST /session/ba2432913a596e5fc4fa14806f816f85/execute/async - {"script":"<script> [1562 bytes]","args":[{"selector":{"id":"application-manageresources-display-component---newResourceUnit--WEIGHT_UNIT","interaction":{"idSuffix":"inner"}},"wdio_ui5_key":"applicationmanageresources-display-component---newResourceUnit--WEIGHT_UNIT"}]}
RESULT: {"script":"<script> [1562 bytes]","args":[{"selector":{"id":"application-manageresources-display-component---newResourceUnit--WEIGHT_UNIT","interaction":{"idSuffix":"inner"}},"wdio_ui5_key":"applicationmanageresources-display-component---newResourceUnit--WEIGHT_UNIT"}]}
RESULT: undefined
COMMAND: POST /session/ba2432913a596e5fc4fa14806f816f85/execute/async - {"script":"<script> [776 bytes]","args":[{"enterText":"Gram","selector":{"id":"application-manageresources-display-component---newResourceUnit--WEIGHT_UNIT","interaction":{"idSuffix":"inner"}},"clearTextFirst":true,"interactionType":"ENTER_TEXT"}]}
RESULT: {"script":"<script> [776 bytes]","args":[{"enterText":"Gram","selector":{"id":"application-manageresources-display-component---newResourceUnit--WEIGHT_UNIT","interaction":{"idSuffix":"inner"}},"clearTextFirst":true,"interactionType":"ENTER_TEXT"}]}
COMMAND: POST /session/ba2432913a596e5fc4fa14806f816f85/execute/async - {"script":"<script> [1562 bytes]","args":[{"selector":{"id":"application-manageresources-display-component---newResourceUnit--DIMENSION_UNIT","interaction":{"idSuffix":"inner"}},"wdio_ui5_key":"applicationmanageresources-display-component---newResourceUnit--DIMENSION_UNIT"}]}
RESULT: {"script":"<script> [1562 bytes]","args":[{"selector":{"id":"application-manageresources-display-component---newResourceUnit--DIMENSION_UNIT","interaction":{"idSuffix":"inner"}},"wdio_ui5_key":"applicationmanageresources-display-component---newResourceUnit--DIMENSION_UNIT"}]}
RESULT: undefined
COMMAND: POST /session/ba2432913a596e5fc4fa14806f816f85/execute/async - {"script":"<script> [776 bytes]","args":[{"enterText":"Meter","selector":{"id":"application-manageresources-display-component---newResourceUnit--DIMENSION_UNIT","interaction":{"idSuffix":"inner"}},"clearTextFirst":true,"interactionType":"ENTER_TEXT"}]}
RESULT: {"script":"<script> [776 bytes]","args":[{"enterText":"Meter","selector":{"id":"application-manageresources-display-component---newResourceUnit--DIMENSION_UNIT","interaction":{"idSuffix":"inner"}},"clearTextFirst":true,"interactionType":"ENTER_TEXT"}]}
COMMAND: POST /session/ba2432913a596e5fc4fa14806f816f85/execute/async - {"script":"<script> [1562 bytes]","args":[{"selector":{"id":"application-manageresources-display-component---newResourceUnit--newRRUPage-anchBar-application-manageresources-display-component---newResourceUnit--control-anchor","interaction":{"idSuffix":"BDI-content"}},"wdio_ui5_key":"applicationmanageresources-display-component---newResourceUnit--newRRUPage-anchBar-application-manageresources-display-component---newResourceUnit--control-anchor"}]}
RESULT: {"script":"<script> [1562 bytes]","args":[{"selector":{"id":"application-manageresources-display-component---newResourceUnit--newRRUPage-anchBar-application-manageresources-display-component---newResourceUnit--control-anchor","interaction":{"idSuffix":"BDI-content"}},"wdio_ui5_key":"applicationmanageresources-display-component---newResourceUnit--newRRUPage-anchBar-application-manageresources-display-component---newResourceUnit--control-anchor"}]}
RESULT: undefined
COMMAND: POST /session/ba2432913a596e5fc4fa14806f816f85/element - {"using":"xpath","value":"//*[@id=\"application-manageresources-display-component---newResourceUnit--newRRUPage-anchBar-application-manageresources-display-component---newResourceUnit--control-anchor\"]"}
RESULT: {"using":"xpath","value":"//*[@id=\"application-manageresources-display-component---newResourceUnit--newRRUPage-anchBar-application-manageresources-display-component---newResourceUnit--control-anchor\"]"}
COMMAND: POST /session/ba2432913a596e5fc4fa14806f816f85/element/f.FF9A1E5259EB1E6B709B859A36B64A29.d.8FE6D5B4112FC7E47294D0E6183949FC.e.19203/click - {}
RESULT: {}
COMMAND: POST /session/ba2432913a596e5fc4fa14806f816f85/execute/async - {"script":"<script> [1562 bytes]","args":[{"selector":{"id":"application-manageresources-display-component---newResourceUnit--PLANNING_GROUP","interaction":{"idSuffix":"inner"}},"wdio_ui5_key":"applicationmanageresources-display-component---newResourceUnit--PLANNING_GROUP"}]}
COMMAND: GET /session/ba2432913a596e5fc4fa14806f816f85/screenshot - {}
RESULT: {"script":"<script> [1562 bytes]","args":[{"selector":{"id":"application-manageresources-display-component---newResourceUnit--PLANNING_GROUP","interaction":{"idSuffix":"inner"}},"wdio_ui5_key":"applicationmanageresources-display-component---newResourceUnit--PLANNING_GROUP"}]}
RESULT: undefined
COMMAND: POST /session/ba2432913a596e5fc4fa14806f816f85/execute/async - {"script":"<script> [776 bytes]","args":[{"enterText":"Heavy Equi","selector":{"id":"application-manageresources-display-component---newResourceUnit--PLANNING_GROUP","interaction":{"idSuffix":"inner"}},"clearTextFirst":true,"interactionType":"ENTER_TEXT"}]}
RESULT: {}
RESULT: {"script":"<script> [776 bytes]","args":[{"enterText":"Heavy Equi","selector":{"id":"application-manageresources-display-component---newResourceUnit--PLANNING_GROUP","interaction":{"idSuffix":"inner"}},"clearTextFirst":true,"interactionType":"ENTER_TEXT"}]}
COMMAND: POST /session/ba2432913a596e5fc4fa14806f816f85/execute/async - {"script":"<script> [1562 bytes]","args":[{"selector":{"id":"application-manageresources-display-component---newResourceUnit--ITEM_TYPE-arrow"},"wdio_ui5_key":"applicationmanageresources-display-component---newResourceUnit--ITEM_TYPE-arrow"}]}
RESULT: {"script":"<script> [1562 bytes]","args":[{"selector":{"id":"application-manageresources-display-component---newResourceUnit--ITEM_TYPE-arrow"},"wdio_ui5_key":"applicationmanageresources-display-component---newResourceUnit--ITEM_TYPE-arrow"}]}
RESULT: undefined
COMMAND: POST /session/ba2432913a596e5fc4fa14806f816f85/element - {"using":"xpath","value":"//*[@id=\"application-manageresources-display-component---newResourceUnit--ITEM_TYPE-arrow\"]"}
RESULT: {"using":"xpath","value":"//*[@id=\"application-manageresources-display-component---newResourceUnit--ITEM_TYPE-arrow\"]"}
COMMAND: POST /session/ba2432913a596e5fc4fa14806f816f85/element/f.FF9A1E5259EB1E6B709B859A36B64A29.d.8FE6D5B4112FC7E47294D0E6183949FC.e.19210/click - {}
RESULT: {}
COMMAND: POST /session/ba2432913a596e5fc4fa14806f816f85/element - {"using":"xpath","value":"(//span[contains(text(), \"Resource Unit\")])[2]"}
COMMAND: GET /session/ba2432913a596e5fc4fa14806f816f85/screenshot - {}
RESULT: {"using":"xpath","value":"(//span[contains(text(), \"Resource Unit\")])[2]"}
COMMAND: POST /session/ba2432913a596e5fc4fa14806f816f85/element/f.FF9A1E5259EB1E6B709B859A36B64A29.d.8FE6D5B4112FC7E47294D0E6183949FC.e.19211/click - {}
RESULT: {}
RESULT: {}
COMMAND: GET /session/ba2432913a596e5fc4fa14806f816f85/screenshot - {}
RESULT: {}
COMMAND: POST /session/ba2432913a596e5fc4fa14806f816f85/element - {"using":"css selector","value":"#application-manageresources-display-component---newResourceUnit--btnAddTimeSegment"}
RESULT: {"using":"css selector","value":"#application-manageresources-display-component---newResourceUnit--btnAddTimeSegment"}
COMMAND: GET /session/ba2432913a596e5fc4fa14806f816f85/element/f.FF9A1E5259EB1E6B709B859A36B64A29.d.8FE6D5B4112FC7E47294D0E6183949FC.e.19212/rect - {}
RESULT: {}
COMMAND: GET /session/ba2432913a596e5fc4fa14806f816f85/window/rect - {}
RESULT: {}
COMMAND: POST /session/ba2432913a596e5fc4fa14806f816f85/execute/sync - {"script":"<script> [92 bytes]","args":[]}
RESULT: {"script":"<script> [92 bytes]","args":[]}
COMMAND: POST /session/ba2432913a596e5fc4fa14806f816f85/actions - {"actions":[{"id":"action67","type":"wheel","parameters":{},"actions":[{"type":"scroll","x":-1888,"y":-32,"deltaX":0,"deltaY":0,"duration":0,"origin":{"element-6066-11e4-a52e-4f735466cecf":"f.FF9A1E5259EB1E6B709B859A36B64A29.d.8FE6D5B4112FC7E47294D0E6183949FC.e.19212"}}]}]}
COMMAND: GET /session/ba2432913a596e5fc4fa14806f816f85/screenshot - {}
RESULT: {}
COMMAND: POST /session/ba2432913a596e5fc4fa14806f816f85/execute/sync - {"script":"<script> [79 bytes]","args":[{"element-6066-11e4-a52e-4f735466cecf":"f.FF9A1E5259EB1E6B709B859A36B64A29.d.8FE6D5B4112FC7E47294D0E6183949FC.e.19212","ELEMENT":"f.FF9A1E5259EB1E6B709B859A36B64A29.d.8FE6D5B4112FC7E47294D0E6183949FC.e.19212"},{"block":"start","inline":"nearest"}]}
RESULT: {"script":"<script> [79 bytes]","args":[{"element-6066-11e4-a52e-4f735466cecf":"f.FF9A1E5259EB1E6B709B859A36B64A29.d.8FE6D5B4112FC7E47294D0E6183949FC.e.19212","ELEMENT":"f.FF9A1E5259EB1E6B709B859A36B64A29.d.8FE6D5B4112FC7E47294D0E6183949FC.e.19212"},{"block":"start","inline":"nearest"}]}
COMMAND: POST /session/ba2432913a596e5fc4fa14806f816f85/execute/async - {"script":"<script> [1562 bytes]","args":[{"selector":{"id":"application-manageresources-display-component---newResourceUnit--btnAddTimeSegment","interaction":{"idSuffix":"inner"}},"wdio_ui5_key":"applicationmanageresources-display-component---newResourceUnit--btnAddTimeSegment"}]}
COMMAND: GET /session/ba2432913a596e5fc4fa14806f816f85/screenshot - {}
RESULT: {"script":"<script> [1562 bytes]","args":[{"selector":{"id":"application-manageresources-display-component---newResourceUnit--btnAddTimeSegment","interaction":{"idSuffix":"inner"}},"wdio_ui5_key":"applicationmanageresources-display-component---newResourceUnit--btnAddTimeSegment"}]}
RESULT: undefined
COMMAND: POST /session/ba2432913a596e5fc4fa14806f816f85/element - {"using":"xpath","value":"//*[@id=\"application-manageresources-display-component---newResourceUnit--btnAddTimeSegment\"]"}
RESULT: {}
RESULT: {"using":"xpath","value":"//*[@id=\"application-manageresources-display-component---newResourceUnit--btnAddTimeSegment\"]"}
COMMAND: POST /session/ba2432913a596e5fc4fa14806f816f85/element/f.FF9A1E5259EB1E6B709B859A36B64A29.d.8FE6D5B4112FC7E47294D0E6183949FC.e.19212/click - {}
RESULT: {}
COMMAND: GET /session/ba2432913a596e5fc4fa14806f816f85/screenshot - {}
RESULT: {}
COMMAND: POST /session/ba2432913a596e5fc4fa14806f816f85/element - {"using":"xpath","value":"//input[@id=\"application-manageresources-display-component---newResourceUnit--idRuTSAdmin-application-manageresources-display-component---newResourceUnit--RUTimeSegment-0-inner\"]"}
RESULT: {"using":"xpath","value":"//input[@id=\"application-manageresources-display-component---newResourceUnit--idRuTSAdmin-application-manageresources-display-component---newResourceUnit--RUTimeSegment-0-inner\"]"}
COMMAND: POST /session/ba2432913a596e5fc4fa14806f816f85/element/f.FF9A1E5259EB1E6B709B859A36B64A29.d.8FE6D5B4112FC7E47294D0E6183949FC.e.19218/clear - {}
RESULT: {}
COMMAND: POST /session/ba2432913a596e5fc4fa14806f816f85/element/f.FF9A1E5259EB1E6B709B859A36B64A29.d.8FE6D5B4112FC7E47294D0E6183949FC.e.19218/value - {"text":"528"}
COMMAND: GET /session/ba2432913a596e5fc4fa14806f816f85/screenshot - {}
RESULT: {"text":"528"}
COMMAND: GET /session/ba2432913a596e5fc4fa14806f816f85/screenshot - {}
RESULT: {}
RESULT: {}
COMMAND: POST /session/ba2432913a596e5fc4fa14806f816f85/element - {"using":"xpath","value":"//li[.//span[text()='528']]"}
RESULT: {"using":"xpath","value":"//li[.//span[text()='528']]"}
COMMAND: POST /session/ba2432913a596e5fc4fa14806f816f85/element/f.FF9A1E5259EB1E6B709B859A36B64A29.d.8FE6D5B4112FC7E47294D0E6183949FC.e.19230/click - {}
RESULT: {}
COMMAND: GET /session/ba2432913a596e5fc4fa14806f816f85/screenshot - {}
RESULT: {}
COMMAND: POST /session/ba2432913a596e5fc4fa14806f816f85/element - {"using":"xpath","value":"(//span[contains(@id, \"-application-manageresources-display-component---newResourceUnit--RUTimeSegment-0-arrow\")])[6]"}
RESULT: {"using":"xpath","value":"(//span[contains(@id, \"-application-manageresources-display-component---newResourceUnit--RUTimeSegment-0-arrow\")])[6]"}
COMMAND: POST /session/ba2432913a596e5fc4fa14806f816f85/element/f.FF9A1E5259EB1E6B709B859A36B64A29.d.8FE6D5B4112FC7E47294D0E6183949FC.e.19231/click - {}
RESULT: {}
COMMAND: GET /session/ba2432913a596e5fc4fa14806f816f85/screenshot - {}
RESULT: {}
COMMAND: POST /session/ba2432913a596e5fc4fa14806f816f85/element - {"using":"xpath","value":"//span[contains(text(), \"PM Order\")]"}
RESULT: {"using":"xpath","value":"//span[contains(text(), \"PM Order\")]"}
COMMAND: POST /session/ba2432913a596e5fc4fa14806f816f85/element/f.FF9A1E5259EB1E6B709B859A36B64A29.d.8FE6D5B4112FC7E47294D0E6183949FC.e.19234/click - {}
RESULT: {}
COMMAND: GET /session/ba2432913a596e5fc4fa14806f816f85/screenshot - {}
RESULT: {}
COMMAND: POST /session/ba2432913a596e5fc4fa14806f816f85/element - {"using":"xpath","value":"(//span[contains(@id ,\"manageresources-display-component---newResourceUnit--RUTimeSegment-0-vhi\")])[1]"}
RESULT: {"using":"xpath","value":"(//span[contains(@id ,\"manageresources-display-component---newResourceUnit--RUTimeSegment-0-vhi\")])[1]"}
COMMAND: GET /session/ba2432913a596e5fc4fa14806f816f85/element/f.FF9A1E5259EB1E6B709B859A36B64A29.d.8FE6D5B4112FC7E47294D0E6183949FC.e.19238/rect - {}
RESULT: {}
COMMAND: GET /session/ba2432913a596e5fc4fa14806f816f85/window/rect - {}
RESULT: {}
COMMAND: POST /session/ba2432913a596e5fc4fa14806f816f85/execute/sync - {"script":"<script> [92 bytes]","args":[]}
RESULT: {"script":"<script> [92 bytes]","args":[]}
COMMAND: POST /session/ba2432913a596e5fc4fa14806f816f85/actions - {"actions":[{"id":"action68","type":"wheel","parameters":{},"actions":[{"type":"scroll","x":-869,"y":-24,"deltaX":0,"deltaY":0,"duration":0,"origin":{"element-6066-11e4-a52e-4f735466cecf":"f.FF9A1E5259EB1E6B709B859A36B64A29.d.8FE6D5B4112FC7E47294D0E6183949FC.e.19238"}}]}]}
COMMAND: GET /session/ba2432913a596e5fc4fa14806f816f85/screenshot - {}
RESULT: {"actions":[{"id":"action68","type":"wheel","parameters":{},"actions":[{"type":"scroll","x":-869,"y":-24,"deltaX":0,"deltaY":0,"duration":0,"origin":{"element-6066-11e4-a52e-4f735466cecf":"f.FF9A1E5259EB1E6B709B859A36B64A29.d.8FE6D5B4112FC7E47294D0E6183949FC.e.19238"}}]}]}
COMMAND: DELETE /session/ba2432913a596e5fc4fa14806f816f85/actions - {}
COMMAND: GET /session/ba2432913a596e5fc4fa14806f816f85/screenshot - {}
RESULT: {}
RESULT: {}
COMMAND: GET /session/ba2432913a596e5fc4fa14806f816f85/screenshot - {}
RESULT: {}
RESULT: {}
COMMAND: POST /session/ba2432913a596e5fc4fa14806f816f85/element/f.FF9A1E5259EB1E6B709B859A36B64A29.d.8FE6D5B4112FC7E47294D0E6183949FC.e.19238/click - {}
RESULT: {}
COMMAND: GET /session/ba2432913a596e5fc4fa14806f816f85/screenshot - {}
RESULT: {}
COMMAND: POST /session/ba2432913a596e5fc4fa14806f816f85/execute/async - {"script":"<script> [1562 bytes]","args":[{"selector":{"controlType":"sap.m.SearchField","properties":{"placeholder":"Search"},"searchOpenDialogs":true,"interaction":{"idSuffix":"I"}},"wdio_ui5_key":"sapm.SearchField{\"placeholder\":\"Search\"}"}]}
RESULT: {"script":"<script> [1562 bytes]","args":[{"selector":{"controlType":"sap.m.SearchField","properties":{"placeholder":"Search"},"searchOpenDialogs":true,"interaction":{"idSuffix":"I"}},"wdio_ui5_key":"sapm.SearchField{\"placeholder\":\"Search\"}"}]}
RESULT: undefined
COMMAND: POST /session/ba2432913a596e5fc4fa14806f816f85/execute/async - {"script":"<script> [776 bytes]","args":[{"enterText":"4000360","selector":{"controlType":"sap.m.SearchField","properties":{"placeholder":"Search"},"searchOpenDialogs":true,"interaction":{"idSuffix":"I"}},"clearTextFirst":true,"interactionType":"ENTER_TEXT"}]}
RESULT: {"script":"<script> [776 bytes]","args":[{"enterText":"4000360","selector":{"controlType":"sap.m.SearchField","properties":{"placeholder":"Search"},"searchOpenDialogs":true,"interaction":{"idSuffix":"I"}},"clearTextFirst":true,"interactionType":"ENTER_TEXT"}]}
COMMAND: POST /session/ba2432913a596e5fc4fa14806f816f85/actions - {"actions":[{"id":"action69","type":"key","parameters":{},"actions":[{"type":"keyDown","value":"î€‡"},{"type":"pause","duration":10},{"type":"keyUp","value":"î€‡"}]}]}
RESULT: {"actions":[{"id":"action69","type":"key","parameters":{},"actions":[{"type":"keyDown","value":"î€‡"},{"type":"pause","duration":10},{"type":"keyUp","value":"î€‡"}]}]}
COMMAND: GET /session/ba2432913a596e5fc4fa14806f816f85/screenshot - {}
RESULT: {}
COMMAND: POST /session/ba2432913a596e5fc4fa14806f816f85/element - {"using":"xpath","value":"//td/div/span[contains(text(), \"BGL Vehicles\")]"}
RESULT: {"using":"xpath","value":"//td/div/span[contains(text(), \"BGL Vehicles\")]"}
COMMAND: POST /session/ba2432913a596e5fc4fa14806f816f85/element/f.FF9A1E5259EB1E6B709B859A36B64A29.d.8FE6D5B4112FC7E47294D0E6183949FC.e.19260/click - {}
RESULT: {}
COMMAND: GET /session/ba2432913a596e5fc4fa14806f816f85/screenshot - {}
RESULT: {}
COMMAND: POST /session/ba2432913a596e5fc4fa14806f816f85/element - {"using":"xpath","value":"//bdi[contains(text(), \"OK\")]"}
RESULT: {"using":"xpath","value":"//bdi[contains(text(), \"OK\")]"}
COMMAND: POST /session/ba2432913a596e5fc4fa14806f816f85/element/f.FF9A1E5259EB1E6B709B859A36B64A29.d.8FE6D5B4112FC7E47294D0E6183949FC.e.19261/click - {}
RESULT: {}
COMMAND: GET /session/ba2432913a596e5fc4fa14806f816f85/screenshot - {}
RESULT: {}
COMMAND: POST /session/ba2432913a596e5fc4fa14806f816f85/execute/async - {"script":"<script> [1562 bytes]","args":[{"selector":{"id":"application-manageresources-display-component---newResourceUnit--newRRUPage-anchBar-application-manageresources-display-component---newResourceUnit--resource-anchor","interaction":{"idSuffix":"BDI-content"}},"wdio_ui5_key":"applicationmanageresources-display-component---newResourceUnit--newRRUPage-anchBar-application-manageresources-display-component---newResourceUnit--resource-anchor"}]}
RESULT: {"script":"<script> [1562 bytes]","args":[{"selector":{"id":"application-manageresources-display-component---newResourceUnit--newRRUPage-anchBar-application-manageresources-display-component---newResourceUnit--resource-anchor","interaction":{"idSuffix":"BDI-content"}},"wdio_ui5_key":"applicationmanageresources-display-component---newResourceUnit--newRRUPage-anchBar-application-manageresources-display-component---newResourceUnit--resource-anchor"}]}
RESULT: undefined
COMMAND: POST /session/ba2432913a596e5fc4fa14806f816f85/element - {"using":"xpath","value":"//*[@id=\"application-manageresources-display-component---newResourceUnit--newRRUPage-anchBar-application-manageresources-display-component---newResourceUnit--resource-anchor\"]"}
RESULT: {"using":"xpath","value":"//*[@id=\"application-manageresources-display-component---newResourceUnit--newRRUPage-anchBar-application-manageresources-display-component---newResourceUnit--resource-anchor\"]"}
COMMAND: POST /session/ba2432913a596e5fc4fa14806f816f85/element/f.FF9A1E5259EB1E6B709B859A36B64A29.d.8FE6D5B4112FC7E47294D0E6183949FC.e.19265/click - {}
RESULT: {}
COMMAND: POST /session/ba2432913a596e5fc4fa14806f816f85/execute/async - {"script":"<script> [1562 bytes]","args":[{"selector":{"id":"application-manageresources-display-component---newResourceUnit--PLANNED_DELIVERY_DATE","interaction":{"idSuffix":"inner"}},"wdio_ui5_key":"applicationmanageresources-display-component---newResourceUnit--PLANNED_DELIVERY_DATE"}]}
COMMAND: GET /session/ba2432913a596e5fc4fa14806f816f85/screenshot - {}
RESULT: {"script":"<script> [1562 bytes]","args":[{"selector":{"id":"application-manageresources-display-component---newResourceUnit--PLANNED_DELIVERY_DATE","interaction":{"idSuffix":"inner"}},"wdio_ui5_key":"applicationmanageresources-display-component---newResourceUnit--PLANNED_DELIVERY_DATE"}]}
RESULT: undefined
COMMAND: POST /session/ba2432913a596e5fc4fa14806f816f85/execute/async - {"script":"<script> [6424 bytes]","args":[{"element-6066-11e4-a52e-4f735466cecf":"f.FF9A1E5259EB1E6B709B859A36B64A29.d.8FE6D5B4112FC7E47294D0E6183949FC.e.19126"},"setValue",["5/3/25"]]}
RESULT: {}
RESULT: {"script":"<script> [6424 bytes]","args":[{"element-6066-11e4-a52e-4f735466cecf":"f.FF9A1E5259EB1E6B709B859A36B64A29.d.8FE6D5B4112FC7E47294D0E6183949FC.e.19126"},"setValue",["5/3/25"]]}
COMMAND: POST /session/ba2432913a596e5fc4fa14806f816f85/element - {"using":"xpath","value":"//button[@data-kt=\"resourceUnitSaveButton\"]"}
RESULT: {"using":"xpath","value":"//button[@data-kt=\"resourceUnitSaveButton\"]"}
COMMAND: POST /session/ba2432913a596e5fc4fa14806f816f85/element/f.FF9A1E5259EB1E6B709B859A36B64A29.d.8FE6D5B4112FC7E47294D0E6183949FC.e.19086/click - {}
RESULT: {}
COMMAND: GET /session/ba2432913a596e5fc4fa14806f816f85/screenshot - {}
RESULT: {}
COMMAND: POST /session/ba2432913a596e5fc4fa14806f816f85/element - {"using":"xpath","value":"//bdi[contains(text(), \"Close\")]"}
RESULT: {"using":"xpath","value":"//bdi[contains(text(), \"Close\")]"}
COMMAND: POST /session/ba2432913a596e5fc4fa14806f816f85/element/f.FF9A1E5259EB1E6B709B859A36B64A29.d.8FE6D5B4112FC7E47294D0E6183949FC.e.19273/click - {}
RESULT: {}
COMMAND: GET /session/ba2432913a596e5fc4fa14806f816f85/screenshot - {}
RESULT: {}
COMMAND: POST /session/ba2432913a596e5fc4fa14806f816f85/element - {"using":"xpath","value":"(//button[contains(@id ,\"actionsToolbar-overflowButton\")])[1]"}
RESULT: {"using":"xpath","value":"(//button[contains(@id ,\"actionsToolbar-overflowButton\")])[1]"}
COMMAND: POST /session/ba2432913a596e5fc4fa14806f816f85/element/f.FF9A1E5259EB1E6B709B859A36B64A29.d.8FE6D5B4112FC7E47294D0E6183949FC.e.19329/click - {}
RESULT: {}
COMMAND: GET /session/ba2432913a596e5fc4fa14806f816f85/screenshot - {}
RESULT: {}
COMMAND: POST /session/ba2432913a596e5fc4fa14806f816f85/element - {"using":"xpath","value":"//button[@data-kt=\"priceInfoButton\"]"}
RESULT: {"using":"xpath","value":"//button[@data-kt=\"priceInfoButton\"]"}
COMMAND: POST /session/ba2432913a596e5fc4fa14806f816f85/element/f.FF9A1E5259EB1E6B709B859A36B64A29.d.8FE6D5B4112FC7E47294D0E6183949FC.e.19331/click - {}
RESULT: {}
COMMAND: GET /session/ba2432913a596e5fc4fa14806f816f85/screenshot - {}
]]></system-out>
    </testcase>
    <testcase classname="chrome.135_0_7049_96.windows.Billing_Calculation_-_Time_based_(considering_transport_times)_US139738" name="Should create new pricing rule for the equipment" time="63.896">
      <system-out><![CDATA[
COMMAND: POST /session/ba2432913a596e5fc4fa14806f816f85/element - {"using":"xpath","value":"//button[@data-kt=\"addButton\"]"}
RESULT: {}
RESULT: {"using":"xpath","value":"//button[@data-kt=\"addButton\"]"}
COMMAND: POST /session/ba2432913a596e5fc4fa14806f816f85/elements - {"using":"xpath","value":"//button[@data-kt=\"addButton\"]"}
RESULT: {"using":"xpath","value":"//button[@data-kt=\"addButton\"]"}
COMMAND: POST /session/ba2432913a596e5fc4fa14806f816f85/execute/sync - {"script":"<script> [8489 bytes]","args":[{"element-6066-11e4-a52e-4f735466cecf":"f.FF9A1E5259EB1E6B709B859A36B64A29.d.8FE6D5B4112FC7E47294D0E6183949FC.e.19368","ELEMENT":"f.FF9A1E5259EB1E6B709B859A36B64A29.d.8FE6D5B4112FC7E47294D0E6183949FC.e.19368"}]}
RESULT: {"script":"<script> [8489 bytes]","args":[{"element-6066-11e4-a52e-4f735466cecf":"f.FF9A1E5259EB1E6B709B859A36B64A29.d.8FE6D5B4112FC7E47294D0E6183949FC.e.19368","ELEMENT":"f.FF9A1E5259EB1E6B709B859A36B64A29.d.8FE6D5B4112FC7E47294D0E6183949FC.e.19368"}]}
COMMAND: GET /session/ba2432913a596e5fc4fa14806f816f85/element/f.FF9A1E5259EB1E6B709B859A36B64A29.d.8FE6D5B4112FC7E47294D0E6183949FC.e.19368/enabled - {}
COMMAND: GET /session/ba2432913a596e5fc4fa14806f816f85/screenshot - {}
RESULT: {}
COMMAND: POST /session/ba2432913a596e5fc4fa14806f816f85/execute/sync - {"script":"<script> [8489 bytes]","args":[{"element-6066-11e4-a52e-4f735466cecf":"f.FF9A1E5259EB1E6B709B859A36B64A29.d.8FE6D5B4112FC7E47294D0E6183949FC.e.19368","ELEMENT":"f.FF9A1E5259EB1E6B709B859A36B64A29.d.8FE6D5B4112FC7E47294D0E6183949FC.e.19368"}]}
COMMAND: GET /session/ba2432913a596e5fc4fa14806f816f85/screenshot - {}
RESULT: {}
RESULT: {}
RESULT: {"script":"<script> [8489 bytes]","args":[{"element-6066-11e4-a52e-4f735466cecf":"f.FF9A1E5259EB1E6B709B859A36B64A29.d.8FE6D5B4112FC7E47294D0E6183949FC.e.19368","ELEMENT":"f.FF9A1E5259EB1E6B709B859A36B64A29.d.8FE6D5B4112FC7E47294D0E6183949FC.e.19368"}]}
COMMAND: POST /session/ba2432913a596e5fc4fa14806f816f85/execute/sync - {"script":"<script> [5351 bytes]","args":[{"element-6066-11e4-a52e-4f735466cecf":"f.FF9A1E5259EB1E6B709B859A36B64A29.d.8FE6D5B4112FC7E47294D0E6183949FC.e.19368","ELEMENT":"f.FF9A1E5259EB1E6B709B859A36B64A29.d.8FE6D5B4112FC7E47294D0E6183949FC.e.19368"}]}
COMMAND: GET /session/ba2432913a596e5fc4fa14806f816f85/screenshot - {}
RESULT: {"script":"<script> [5351 bytes]","args":[{"element-6066-11e4-a52e-4f735466cecf":"f.FF9A1E5259EB1E6B709B859A36B64A29.d.8FE6D5B4112FC7E47294D0E6183949FC.e.19368","ELEMENT":"f.FF9A1E5259EB1E6B709B859A36B64A29.d.8FE6D5B4112FC7E47294D0E6183949FC.e.19368"}]}
COMMAND: POST /session/ba2432913a596e5fc4fa14806f816f85/element/f.FF9A1E5259EB1E6B709B859A36B64A29.d.8FE6D5B4112FC7E47294D0E6183949FC.e.19368/click - {}
COMMAND: GET /session/ba2432913a596e5fc4fa14806f816f85/screenshot - {}
RESULT: {}
RESULT: {}
COMMAND: GET /session/ba2432913a596e5fc4fa14806f816f85/screenshot - {}
RESULT: {}
RESULT: {}
COMMAND: POST /session/ba2432913a596e5fc4fa14806f816f85/execute/async - {"script":"<script> [1562 bytes]","args":[{"selector":{"controlType":"sap.m.Title","viewName":"etm.portal.ui.managepricingrules.view.NewItem","viewId":"application-managepricingrules-display-component---newInfoPriceItem","properties":{"text":"New Pricing Rules - Item Level"}},"wdio_ui5_key":"etmportal.ui.managepricingrules.view.NewItemsap.m.Title{\"text\":\"New Pricing Rules - Item Level\"}"}]}
RESULT: {"script":"<script> [1562 bytes]","args":[{"selector":{"controlType":"sap.m.Title","viewName":"etm.portal.ui.managepricingrules.view.NewItem","viewId":"application-managepricingrules-display-component---newInfoPriceItem","properties":{"text":"New Pricing Rules - Item Level"}},"wdio_ui5_key":"etmportal.ui.managepricingrules.view.NewItemsap.m.Title{\"text\":\"New Pricing Rules - Item Level\"}"}]}
RESULT: undefined
COMMAND: POST /session/ba2432913a596e5fc4fa14806f816f85/execute/async - {"script":"<script> [6424 bytes]","args":[{"element-6066-11e4-a52e-4f735466cecf":"f.FF9A1E5259EB1E6B709B859A36B64A29.d.8FE6D5B4112FC7E47294D0E6183949FC.e.19497"},"getText",[]]}
RESULT: {"script":"<script> [6424 bytes]","args":[{"element-6066-11e4-a52e-4f735466cecf":"f.FF9A1E5259EB1E6B709B859A36B64A29.d.8FE6D5B4112FC7E47294D0E6183949FC.e.19497"},"getText",[]]}
COMMAND: POST /session/ba2432913a596e5fc4fa14806f816f85/execute/async - {"script":"<script> [1562 bytes]","args":[{"selector":{"id":"application-managepricingrules-display-component---newInfoPriceItem--condValidTo","interaction":{"idSuffix":"inner"}},"wdio_ui5_key":"applicationmanagepricingrules-display-component---newInfoPriceItem--condValidTo"}]}
RESULT: {"script":"<script> [1562 bytes]","args":[{"selector":{"id":"application-managepricingrules-display-component---newInfoPriceItem--condValidTo","interaction":{"idSuffix":"inner"}},"wdio_ui5_key":"applicationmanagepricingrules-display-component---newInfoPriceItem--condValidTo"}]}
RESULT: undefined
COMMAND: POST /session/ba2432913a596e5fc4fa14806f816f85/execute/async - {"script":"<script> [776 bytes]","args":[{"enterText":"01/03/26","selector":{"id":"application-managepricingrules-display-component---newInfoPriceItem--condValidTo","interaction":{"idSuffix":"inner"}},"clearTextFirst":true,"interactionType":"ENTER_TEXT"}]}
RESULT: {"script":"<script> [776 bytes]","args":[{"enterText":"01/03/26","selector":{"id":"application-managepricingrules-display-component---newInfoPriceItem--condValidTo","interaction":{"idSuffix":"inner"}},"clearTextFirst":true,"interactionType":"ENTER_TEXT"}]}
COMMAND: POST /session/ba2432913a596e5fc4fa14806f816f85/execute/async - {"script":"<script> [1562 bytes]","args":[{"selector":{"id":"application-managepricingrules-display-component---newInfoPriceItem--billType-arrow"},"wdio_ui5_key":"applicationmanagepricingrules-display-component---newInfoPriceItem--billType-arrow"}]}
RESULT: {"script":"<script> [1562 bytes]","args":[{"selector":{"id":"application-managepricingrules-display-component---newInfoPriceItem--billType-arrow"},"wdio_ui5_key":"applicationmanagepricingrules-display-component---newInfoPriceItem--billType-arrow"}]}
RESULT: undefined
COMMAND: POST /session/ba2432913a596e5fc4fa14806f816f85/element - {"using":"xpath","value":"//*[@id=\"application-managepricingrules-display-component---newInfoPriceItem--billType-arrow\"]"}
RESULT: {"using":"xpath","value":"//*[@id=\"application-managepricingrules-display-component---newInfoPriceItem--billType-arrow\"]"}
COMMAND: POST /session/ba2432913a596e5fc4fa14806f816f85/element/f.FF9A1E5259EB1E6B709B859A36B64A29.d.8FE6D5B4112FC7E47294D0E6183949FC.e.19499/click - {}
RESULT: {}
COMMAND: POST /session/ba2432913a596e5fc4fa14806f816f85/element - {"using":"xpath","value":"//span[contains(text(), \"TB - Time based\")]"}
COMMAND: GET /session/ba2432913a596e5fc4fa14806f816f85/screenshot - {}
RESULT: {}
RESULT: {"using":"xpath","value":"//span[contains(text(), \"TB - Time based\")]"}
COMMAND: POST /session/ba2432913a596e5fc4fa14806f816f85/element/f.FF9A1E5259EB1E6B709B859A36B64A29.d.8FE6D5B4112FC7E47294D0E6183949FC.e.19500/click - {}
RESULT: {}
COMMAND: POST /session/ba2432913a596e5fc4fa14806f816f85/execute/async - {"script":"<script> [1562 bytes]","args":[{"selector":{"id":"application-managepricingrules-display-component---newInfoPriceItem--priceProc-arrow"},"wdio_ui5_key":"applicationmanagepricingrules-display-component---newInfoPriceItem--priceProc-arrow"}]}
COMMAND: GET /session/ba2432913a596e5fc4fa14806f816f85/screenshot - {}
RESULT: {"script":"<script> [1562 bytes]","args":[{"selector":{"id":"application-managepricingrules-display-component---newInfoPriceItem--priceProc-arrow"},"wdio_ui5_key":"applicationmanagepricingrules-display-component---newInfoPriceItem--priceProc-arrow"}]}
RESULT: undefined
COMMAND: POST /session/ba2432913a596e5fc4fa14806f816f85/element - {"using":"xpath","value":"//*[@id=\"application-managepricingrules-display-component---newInfoPriceItem--priceProc-arrow\"]"}
RESULT: {}
RESULT: {"using":"xpath","value":"//*[@id=\"application-managepricingrules-display-component---newInfoPriceItem--priceProc-arrow\"]"}
COMMAND: POST /session/ba2432913a596e5fc4fa14806f816f85/element/f.FF9A1E5259EB1E6B709B859A36B64A29.d.8FE6D5B4112FC7E47294D0E6183949FC.e.19501/click - {}
RESULT: {}
COMMAND: POST /session/ba2432913a596e5fc4fa14806f816f85/element - {"using":"xpath","value":"//span[contains(text(), \"TBS - Time based standard\")]"}
COMMAND: GET /session/ba2432913a596e5fc4fa14806f816f85/screenshot - {}
RESULT: {"using":"xpath","value":"//span[contains(text(), \"TBS - Time based standard\")]"}
COMMAND: POST /session/ba2432913a596e5fc4fa14806f816f85/element/f.FF9A1E5259EB1E6B709B859A36B64A29.d.8FE6D5B4112FC7E47294D0E6183949FC.e.19502/click - {}
RESULT: {}
RESULT: {}
COMMAND: POST /session/ba2432913a596e5fc4fa14806f816f85/execute/async - {"script":"<script> [1562 bytes]","args":[{"selector":{"id":"application-managepricingrules-display-component---newInfoPriceItem--calcBase-arrow"},"wdio_ui5_key":"applicationmanagepricingrules-display-component---newInfoPriceItem--calcBase-arrow"}]}
COMMAND: GET /session/ba2432913a596e5fc4fa14806f816f85/screenshot - {}
RESULT: {"script":"<script> [1562 bytes]","args":[{"selector":{"id":"application-managepricingrules-display-component---newInfoPriceItem--calcBase-arrow"},"wdio_ui5_key":"applicationmanagepricingrules-display-component---newInfoPriceItem--calcBase-arrow"}]}
RESULT: undefined
COMMAND: POST /session/ba2432913a596e5fc4fa14806f816f85/element - {"using":"xpath","value":"//*[@id=\"application-managepricingrules-display-component---newInfoPriceItem--calcBase-arrow\"]"}
RESULT: {}
RESULT: {"using":"xpath","value":"//*[@id=\"application-managepricingrules-display-component---newInfoPriceItem--calcBase-arrow\"]"}
COMMAND: POST /session/ba2432913a596e5fc4fa14806f816f85/element/f.FF9A1E5259EB1E6B709B859A36B64A29.d.8FE6D5B4112FC7E47294D0E6183949FC.e.19472/click - {}
RESULT: {}
COMMAND: GET /session/ba2432913a596e5fc4fa14806f816f85/screenshot - {}
RESULT: {}
COMMAND: POST /session/ba2432913a596e5fc4fa14806f816f85/element - {"using":"xpath","value":"//span[contains(text(), \"0006 - TB(calendar days)\")]"}
RESULT: {"using":"xpath","value":"//span[contains(text(), \"0006 - TB(calendar days)\")]"}
COMMAND: POST /session/ba2432913a596e5fc4fa14806f816f85/element/f.FF9A1E5259EB1E6B709B859A36B64A29.d.8FE6D5B4112FC7E47294D0E6183949FC.e.19503/click - {}
RESULT: {}
COMMAND: GET /session/ba2432913a596e5fc4fa14806f816f85/screenshot - {}
RESULT: {}
COMMAND: POST /session/ba2432913a596e5fc4fa14806f816f85/execute/async - {"script":"<script> [1562 bytes]","args":[{"selector":{"id":"application-managepricingrules-display-component---newInfoPriceItem--daysMonth","interaction":{"idSuffix":"inner"}},"wdio_ui5_key":"applicationmanagepricingrules-display-component---newInfoPriceItem--daysMonth"}]}
RESULT: {"script":"<script> [1562 bytes]","args":[{"selector":{"id":"application-managepricingrules-display-component---newInfoPriceItem--daysMonth","interaction":{"idSuffix":"inner"}},"wdio_ui5_key":"applicationmanagepricingrules-display-component---newInfoPriceItem--daysMonth"}]}
RESULT: undefined
COMMAND: POST /session/ba2432913a596e5fc4fa14806f816f85/execute/async - {"script":"<script> [776 bytes]","args":[{"enterText":"30","selector":{"id":"application-managepricingrules-display-component---newInfoPriceItem--daysMonth","interaction":{"idSuffix":"inner"}},"clearTextFirst":true,"interactionType":"ENTER_TEXT"}]}
RESULT: {"script":"<script> [776 bytes]","args":[{"enterText":"30","selector":{"id":"application-managepricingrules-display-component---newInfoPriceItem--daysMonth","interaction":{"idSuffix":"inner"}},"clearTextFirst":true,"interactionType":"ENTER_TEXT"}]}
COMMAND: POST /session/ba2432913a596e5fc4fa14806f816f85/element - {"using":"xpath","value":"//button[@data-kt=\"saveNewRuleButton\"]"}
RESULT: {"using":"xpath","value":"//button[@data-kt=\"saveNewRuleButton\"]"}
COMMAND: POST /session/ba2432913a596e5fc4fa14806f816f85/element/f.FF9A1E5259EB1E6B709B859A36B64A29.d.8FE6D5B4112FC7E47294D0E6183949FC.e.19484/click - {}
RESULT: {}
COMMAND: GET /session/ba2432913a596e5fc4fa14806f816f85/screenshot - {}
RESULT: {}
COMMAND: POST /session/ba2432913a596e5fc4fa14806f816f85/execute/async - {"script":"<script> [1562 bytes]","args":[{"selector":{"id":"application-managepricingrules-display-component---priceInfoItem--smartFilterBar-btnBasicSearch","interaction":{"idSuffix":"I"}},"wdio_ui5_key":"applicationmanagepricingrules-display-component---priceInfoItem--smartFilterBar-btnBasicSearch"}]}
RESULT: {"script":"<script> [1562 bytes]","args":[{"selector":{"id":"application-managepricingrules-display-component---priceInfoItem--smartFilterBar-btnBasicSearch","interaction":{"idSuffix":"I"}},"wdio_ui5_key":"applicationmanagepricingrules-display-component---priceInfoItem--smartFilterBar-btnBasicSearch"}]}
RESULT: undefined
COMMAND: POST /session/ba2432913a596e5fc4fa14806f816f85/execute/async - {"script":"<script> [776 bytes]","args":[{"enterText":"mUDxZdRhYI","selector":{"id":"application-managepricingrules-display-component---priceInfoItem--smartFilterBar-btnBasicSearch","interaction":{"idSuffix":"I"}},"clearTextFirst":true,"interactionType":"ENTER_TEXT"}]}
RESULT: {"script":"<script> [776 bytes]","args":[{"enterText":"mUDxZdRhYI","selector":{"id":"application-managepricingrules-display-component---priceInfoItem--smartFilterBar-btnBasicSearch","interaction":{"idSuffix":"I"}},"clearTextFirst":true,"interactionType":"ENTER_TEXT"}]}
COMMAND: POST /session/ba2432913a596e5fc4fa14806f816f85/actions - {"actions":[{"id":"action70","type":"key","parameters":{},"actions":[{"type":"keyDown","value":"î€‡"},{"type":"pause","duration":10},{"type":"keyUp","value":"î€‡"}]}]}
RESULT: {"actions":[{"id":"action70","type":"key","parameters":{},"actions":[{"type":"keyDown","value":"î€‡"},{"type":"pause","duration":10},{"type":"keyUp","value":"î€‡"}]}]}
COMMAND: GET /session/ba2432913a596e5fc4fa14806f816f85/screenshot - {}
RESULT: {}
COMMAND: POST /session/ba2432913a596e5fc4fa14806f816f85/element - {"using":"xpath","value":"//span[@id=\"application-managepricingrules-display-component---priceInfoItem--smartTable-header-inner\"]"}
RESULT: {"using":"xpath","value":"//span[@id=\"application-managepricingrules-display-component---priceInfoItem--smartTable-header-inner\"]"}
COMMAND: POST /session/ba2432913a596e5fc4fa14806f816f85/elements - {"using":"xpath","value":"//span[@id=\"application-managepricingrules-display-component---priceInfoItem--smartTable-header-inner\"]"}
RESULT: {"using":"xpath","value":"//span[@id=\"application-managepricingrules-display-component---priceInfoItem--smartTable-header-inner\"]"}
COMMAND: POST /session/ba2432913a596e5fc4fa14806f816f85/execute/sync - {"script":"<script> [56 bytes]","args":[{"element-6066-11e4-a52e-4f735466cecf":"f.FF9A1E5259EB1E6B709B859A36B64A29.d.8FE6D5B4112FC7E47294D0E6183949FC.e.19527","ELEMENT":"f.FF9A1E5259EB1E6B709B859A36B64A29.d.8FE6D5B4112FC7E47294D0E6183949FC.e.19527"}]}
RESULT: {"script":"<script> [56 bytes]","args":[{"element-6066-11e4-a52e-4f735466cecf":"f.FF9A1E5259EB1E6B709B859A36B64A29.d.8FE6D5B4112FC7E47294D0E6183949FC.e.19527","ELEMENT":"f.FF9A1E5259EB1E6B709B859A36B64A29.d.8FE6D5B4112FC7E47294D0E6183949FC.e.19527"}]}
COMMAND: POST /session/ba2432913a596e5fc4fa14806f816f85/element - {"using":"css selector","value":"#shell-header-logo"}
COMMAND: GET /session/ba2432913a596e5fc4fa14806f816f85/screenshot - {}
RESULT: {"using":"css selector","value":"#shell-header-logo"}
COMMAND: POST /session/ba2432913a596e5fc4fa14806f816f85/element/f.FF9A1E5259EB1E6B709B859A36B64A29.d.8FE6D5B4112FC7E47294D0E6183949FC.e.18685/click - {}
RESULT: {}
RESULT: {}
COMMAND: GET /session/ba2432913a596e5fc4fa14806f816f85/screenshot - {}
RESULT: {}
]]></system-out>
    </testcase>
    <testcase classname="chrome.135_0_7049_96.windows.Billing_Calculation_-_Time_based_(considering_transport_times)_US139738" name="Should create new pricing condition for the equipment" time="73.296">
      <system-out><![CDATA[
COMMAND: POST /session/ba2432913a596e5fc4fa14806f816f85/execute/async - {"script":"<script> [1562 bytes]","args":[{"selector":{"controlType":"sap.m.Text","properties":{"text":"Manage Conditions & Prices"},"interaction":{"idSuffix":"inner"}},"wdio_ui5_key":"sapm.Text{\"text\":\"Manage Conditions & Prices\"}"}]}
RESULT: {"script":"<script> [1562 bytes]","args":[{"selector":{"controlType":"sap.m.Text","properties":{"text":"Manage Conditions & Prices"},"interaction":{"idSuffix":"inner"}},"wdio_ui5_key":"sapm.Text{\"text\":\"Manage Conditions & Prices\"}"}]}
RESULT: undefined
COMMAND: POST /session/ba2432913a596e5fc4fa14806f816f85/element - {"using":"xpath","value":"//*[@id=\"__tile53-title\"]"}
RESULT: {"using":"xpath","value":"//*[@id=\"__tile53-title\"]"}
COMMAND: POST /session/ba2432913a596e5fc4fa14806f816f85/element/f.FF9A1E5259EB1E6B709B859A36B64A29.d.8FE6D5B4112FC7E47294D0E6183949FC.e.19530/click - {}
RESULT: {}
COMMAND: POST /session/ba2432913a596e5fc4fa14806f816f85/element - {"using":"xpath","value":"//button[@aria-label=\"Create\"]"}
COMMAND: GET /session/ba2432913a596e5fc4fa14806f816f85/screenshot - {}
RESULT: {"using":"xpath","value":"//button[@aria-label=\"Create\"]"}
COMMAND: POST /session/ba2432913a596e5fc4fa14806f816f85/elements - {"using":"xpath","value":"//button[@aria-label=\"Create\"]"}
RESULT: {}
RESULT: {"using":"xpath","value":"//button[@aria-label=\"Create\"]"}
COMMAND: POST /session/ba2432913a596e5fc4fa14806f816f85/elements - {"using":"xpath","value":"//button[@aria-label=\"Create\"]"}
RESULT: {"using":"xpath","value":"//button[@aria-label=\"Create\"]"}
COMMAND: POST /session/ba2432913a596e5fc4fa14806f816f85/element - {"using":"xpath","value":"//button[@aria-label=\"Create\"]"}
RESULT: {"using":"xpath","value":"//button[@aria-label=\"Create\"]"}
COMMAND: POST /session/ba2432913a596e5fc4fa14806f816f85/execute/sync - {"script":"<script> [8489 bytes]","args":[{"element-6066-11e4-a52e-4f735466cecf":"f.FF9A1E5259EB1E6B709B859A36B64A29.d.8FE6D5B4112FC7E47294D0E6183949FC.e.19565","ELEMENT":"f.FF9A1E5259EB1E6B709B859A36B64A29.d.8FE6D5B4112FC7E47294D0E6183949FC.e.19565"}]}
RESULT: {"script":"<script> [8489 bytes]","args":[{"element-6066-11e4-a52e-4f735466cecf":"f.FF9A1E5259EB1E6B709B859A36B64A29.d.8FE6D5B4112FC7E47294D0E6183949FC.e.19565","ELEMENT":"f.FF9A1E5259EB1E6B709B859A36B64A29.d.8FE6D5B4112FC7E47294D0E6183949FC.e.19565"}]}
COMMAND: GET /session/ba2432913a596e5fc4fa14806f816f85/element/f.FF9A1E5259EB1E6B709B859A36B64A29.d.8FE6D5B4112FC7E47294D0E6183949FC.e.19565/enabled - {}
COMMAND: GET /session/ba2432913a596e5fc4fa14806f816f85/screenshot - {}
RESULT: {}
COMMAND: POST /session/ba2432913a596e5fc4fa14806f816f85/execute/sync - {"script":"<script> [8489 bytes]","args":[{"element-6066-11e4-a52e-4f735466cecf":"f.FF9A1E5259EB1E6B709B859A36B64A29.d.8FE6D5B4112FC7E47294D0E6183949FC.e.19565","ELEMENT":"f.FF9A1E5259EB1E6B709B859A36B64A29.d.8FE6D5B4112FC7E47294D0E6183949FC.e.19565"}]}
COMMAND: GET /session/ba2432913a596e5fc4fa14806f816f85/screenshot - {}
RESULT: {}
RESULT: {"script":"<script> [8489 bytes]","args":[{"element-6066-11e4-a52e-4f735466cecf":"f.FF9A1E5259EB1E6B709B859A36B64A29.d.8FE6D5B4112FC7E47294D0E6183949FC.e.19565","ELEMENT":"f.FF9A1E5259EB1E6B709B859A36B64A29.d.8FE6D5B4112FC7E47294D0E6183949FC.e.19565"}]}
COMMAND: POST /session/ba2432913a596e5fc4fa14806f816f85/execute/sync - {"script":"<script> [5351 bytes]","args":[{"element-6066-11e4-a52e-4f735466cecf":"f.FF9A1E5259EB1E6B709B859A36B64A29.d.8FE6D5B4112FC7E47294D0E6183949FC.e.19565","ELEMENT":"f.FF9A1E5259EB1E6B709B859A36B64A29.d.8FE6D5B4112FC7E47294D0E6183949FC.e.19565"}]}
COMMAND: GET /session/ba2432913a596e5fc4fa14806f816f85/screenshot - {}
RESULT: {}
RESULT: {"script":"<script> [5351 bytes]","args":[{"element-6066-11e4-a52e-4f735466cecf":"f.FF9A1E5259EB1E6B709B859A36B64A29.d.8FE6D5B4112FC7E47294D0E6183949FC.e.19565","ELEMENT":"f.FF9A1E5259EB1E6B709B859A36B64A29.d.8FE6D5B4112FC7E47294D0E6183949FC.e.19565"}]}
COMMAND: POST /session/ba2432913a596e5fc4fa14806f816f85/element/f.FF9A1E5259EB1E6B709B859A36B64A29.d.8FE6D5B4112FC7E47294D0E6183949FC.e.19565/click - {}
COMMAND: GET /session/ba2432913a596e5fc4fa14806f816f85/screenshot - {}
RESULT: {}
RESULT: {}
COMMAND: GET /session/ba2432913a596e5fc4fa14806f816f85/screenshot - {}
RESULT: {}
RESULT: {}
COMMAND: POST /session/ba2432913a596e5fc4fa14806f816f85/actions - {"actions":[{"id":"action71","type":"key","parameters":{},"actions":[{"type":"keyDown","value":"î€‡"},{"type":"pause","duration":10},{"type":"keyUp","value":"î€‡"}]}]}
RESULT: {"actions":[{"id":"action71","type":"key","parameters":{},"actions":[{"type":"keyDown","value":"î€‡"},{"type":"pause","duration":10},{"type":"keyUp","value":"î€‡"}]}]}
COMMAND: GET /session/ba2432913a596e5fc4fa14806f816f85/screenshot - {}
COMMAND: POST /session/ba2432913a596e5fc4fa14806f816f85/execute/async - {"script":"<script> [1562 bytes]","args":[{"selector":{"id":"application-manageconditionprice-display-component---newCondition--condBillCond-arrow"},"wdio_ui5_key":"applicationmanageconditionprice-display-component---newCondition--condBillCond-arrow"}]}
RESULT: {}
RESULT: {"script":"<script> [1562 bytes]","args":[{"selector":{"id":"application-manageconditionprice-display-component---newCondition--condBillCond-arrow"},"wdio_ui5_key":"applicationmanageconditionprice-display-component---newCondition--condBillCond-arrow"}]}
RESULT: undefined
COMMAND: POST /session/ba2432913a596e5fc4fa14806f816f85/element - {"using":"xpath","value":"//*[@id=\"application-manageconditionprice-display-component---newCondition--condBillCond-arrow\"]"}
RESULT: {"using":"xpath","value":"//*[@id=\"application-manageconditionprice-display-component---newCondition--condBillCond-arrow\"]"}
COMMAND: POST /session/ba2432913a596e5fc4fa14806f816f85/element/f.FF9A1E5259EB1E6B709B859A36B64A29.d.8FE6D5B4112FC7E47294D0E6183949FC.e.19745/click - {}
RESULT: {}
COMMAND: GET /session/ba2432913a596e5fc4fa14806f816f85/screenshot - {}
RESULT: {}
COMMAND: POST /session/ba2432913a596e5fc4fa14806f816f85/element - {"using":"xpath","value":"//li[.//span[contains(text(), \"DISP - D&I special price\")]]"}
RESULT: {"using":"xpath","value":"//li[.//span[contains(text(), \"DISP - D&I special price\")]]"}
COMMAND: POST /session/ba2432913a596e5fc4fa14806f816f85/element/f.FF9A1E5259EB1E6B709B859A36B64A29.d.8FE6D5B4112FC7E47294D0E6183949FC.e.19748/click - {}
RESULT: {}
COMMAND: GET /session/ba2432913a596e5fc4fa14806f816f85/screenshot - {}
RESULT: {}
COMMAND: POST /session/ba2432913a596e5fc4fa14806f816f85/execute/async - {"script":"<script> [1562 bytes]","args":[{"selector":{"id":"application-manageconditionprice-display-component---newCondition--condValidTo","interaction":{"idSuffix":"inner"}},"wdio_ui5_key":"applicationmanageconditionprice-display-component---newCondition--condValidTo"}]}
RESULT: {"script":"<script> [1562 bytes]","args":[{"selector":{"id":"application-manageconditionprice-display-component---newCondition--condValidTo","interaction":{"idSuffix":"inner"}},"wdio_ui5_key":"applicationmanageconditionprice-display-component---newCondition--condValidTo"}]}
RESULT: undefined
COMMAND: POST /session/ba2432913a596e5fc4fa14806f816f85/execute/async - {"script":"<script> [776 bytes]","args":[{"enterText":"01/03/26","selector":{"id":"application-manageconditionprice-display-component---newCondition--condValidTo","interaction":{"idSuffix":"inner"}},"clearTextFirst":true,"interactionType":"ENTER_TEXT"}]}
RESULT: {"script":"<script> [776 bytes]","args":[{"enterText":"01/03/26","selector":{"id":"application-manageconditionprice-display-component---newCondition--condValidTo","interaction":{"idSuffix":"inner"}},"clearTextFirst":true,"interactionType":"ENTER_TEXT"}]}
COMMAND: POST /session/ba2432913a596e5fc4fa14806f816f85/element - {"using":"xpath","value":"//input[@id=\"application-manageconditionprice-display-component---newCondition--condRU-inner\"]"}
RESULT: {"using":"xpath","value":"//input[@id=\"application-manageconditionprice-display-component---newCondition--condRU-inner\"]"}
COMMAND: POST /session/ba2432913a596e5fc4fa14806f816f85/element/f.FF9A1E5259EB1E6B709B859A36B64A29.d.8FE6D5B4112FC7E47294D0E6183949FC.e.19610/clear - {}
RESULT: {}
COMMAND: POST /session/ba2432913a596e5fc4fa14806f816f85/element/f.FF9A1E5259EB1E6B709B859A36B64A29.d.8FE6D5B4112FC7E47294D0E6183949FC.e.19610/value - {"text":"mUDxZdRhYI"}
COMMAND: GET /session/ba2432913a596e5fc4fa14806f816f85/screenshot - {}
RESULT: {"text":"mUDxZdRhYI"}
COMMAND: GET /session/ba2432913a596e5fc4fa14806f816f85/screenshot - {}
RESULT: {}
RESULT: {}
COMMAND: POST /session/ba2432913a596e5fc4fa14806f816f85/actions - {"actions":[{"id":"action72","type":"key","parameters":{},"actions":[{"type":"keyDown","value":"î€‡"},{"type":"pause","duration":10},{"type":"keyUp","value":"î€‡"}]}]}
RESULT: {"actions":[{"id":"action72","type":"key","parameters":{},"actions":[{"type":"keyDown","value":"î€‡"},{"type":"pause","duration":10},{"type":"keyUp","value":"î€‡"}]}]}
COMMAND: POST /session/ba2432913a596e5fc4fa14806f816f85/execute/async - {"script":"<script> [1562 bytes]","args":[{"selector":{"id":"application-manageconditionprice-display-component---newCondition--condBaseQty","interaction":{"idSuffix":"inner"}},"wdio_ui5_key":"applicationmanageconditionprice-display-component---newCondition--condBaseQty"}]}
COMMAND: GET /session/ba2432913a596e5fc4fa14806f816f85/screenshot - {}
RESULT: {"script":"<script> [1562 bytes]","args":[{"selector":{"id":"application-manageconditionprice-display-component---newCondition--condBaseQty","interaction":{"idSuffix":"inner"}},"wdio_ui5_key":"applicationmanageconditionprice-display-component---newCondition--condBaseQty"}]}
RESULT: undefined
COMMAND: POST /session/ba2432913a596e5fc4fa14806f816f85/execute/async - {"script":"<script> [776 bytes]","args":[{"enterText":"1","selector":{"id":"application-manageconditionprice-display-component---newCondition--condBaseQty","interaction":{"idSuffix":"inner"}},"clearTextFirst":true,"interactionType":"ENTER_TEXT"}]}
RESULT: {}
RESULT: {"script":"<script> [776 bytes]","args":[{"enterText":"1","selector":{"id":"application-manageconditionprice-display-component---newCondition--condBaseQty","interaction":{"idSuffix":"inner"}},"clearTextFirst":true,"interactionType":"ENTER_TEXT"}]}
COMMAND: POST /session/ba2432913a596e5fc4fa14806f816f85/execute/async - {"script":"<script> [1562 bytes]","args":[{"selector":{"id":"application-manageconditionprice-display-component---newCondition--condValue","interaction":{"idSuffix":"inner"}},"wdio_ui5_key":"applicationmanageconditionprice-display-component---newCondition--condValue"}]}
RESULT: {"script":"<script> [1562 bytes]","args":[{"selector":{"id":"application-manageconditionprice-display-component---newCondition--condValue","interaction":{"idSuffix":"inner"}},"wdio_ui5_key":"applicationmanageconditionprice-display-component---newCondition--condValue"}]}
RESULT: undefined
COMMAND: POST /session/ba2432913a596e5fc4fa14806f816f85/execute/async - {"script":"<script> [776 bytes]","args":[{"enterText":"100","selector":{"id":"application-manageconditionprice-display-component---newCondition--condValue","interaction":{"idSuffix":"inner"}},"clearTextFirst":true,"interactionType":"ENTER_TEXT"}]}
RESULT: {"script":"<script> [776 bytes]","args":[{"enterText":"100","selector":{"id":"application-manageconditionprice-display-component---newCondition--condValue","interaction":{"idSuffix":"inner"}},"clearTextFirst":true,"interactionType":"ENTER_TEXT"}]}
COMMAND: POST /session/ba2432913a596e5fc4fa14806f816f85/execute/async - {"script":"<script> [1562 bytes]","args":[{"selector":{"id":"application-manageconditionprice-display-component---newCondition--condCurr-arrow"},"wdio_ui5_key":"applicationmanageconditionprice-display-component---newCondition--condCurr-arrow"}]}
RESULT: {"script":"<script> [1562 bytes]","args":[{"selector":{"id":"application-manageconditionprice-display-component---newCondition--condCurr-arrow"},"wdio_ui5_key":"applicationmanageconditionprice-display-component---newCondition--condCurr-arrow"}]}
RESULT: undefined
COMMAND: POST /session/ba2432913a596e5fc4fa14806f816f85/element - {"using":"xpath","value":"//*[@id=\"application-manageconditionprice-display-component---newCondition--condCurr-arrow\"]"}
RESULT: {"using":"xpath","value":"//*[@id=\"application-manageconditionprice-display-component---newCondition--condCurr-arrow\"]"}
COMMAND: POST /session/ba2432913a596e5fc4fa14806f816f85/element/f.FF9A1E5259EB1E6B709B859A36B64A29.d.8FE6D5B4112FC7E47294D0E6183949FC.e.19702/click - {}
RESULT: {}
COMMAND: POST /session/ba2432913a596e5fc4fa14806f816f85/element - {"using":"xpath","value":"//span[contains(text(), \"Euro\")]"}
COMMAND: GET /session/ba2432913a596e5fc4fa14806f816f85/screenshot - {}
RESULT: {"using":"xpath","value":"//span[contains(text(), \"Euro\")]"}
COMMAND: POST /session/ba2432913a596e5fc4fa14806f816f85/element/f.FF9A1E5259EB1E6B709B859A36B64A29.d.8FE6D5B4112FC7E47294D0E6183949FC.e.19785/click - {}
RESULT: {}
RESULT: {}
COMMAND: POST /session/ba2432913a596e5fc4fa14806f816f85/element - {"using":"xpath","value":"//button[@data-kt=\"saveButton\"]"}
COMMAND: GET /session/ba2432913a596e5fc4fa14806f816f85/screenshot - {}
RESULT: {"using":"xpath","value":"//button[@data-kt=\"saveButton\"]"}
COMMAND: POST /session/ba2432913a596e5fc4fa14806f816f85/element/f.FF9A1E5259EB1E6B709B859A36B64A29.d.8FE6D5B4112FC7E47294D0E6183949FC.e.19703/click - {}
RESULT: {}
RESULT: {}
COMMAND: GET /session/ba2432913a596e5fc4fa14806f816f85/screenshot - {}
RESULT: {}
COMMAND: POST /session/ba2432913a596e5fc4fa14806f816f85/execute/async - {"script":"<script> [1562 bytes]","args":[{"selector":{"id":"application-manageconditionprice-display-component---conditions--smartFilterBar-btnBasicSearch","interaction":{"idSuffix":"I"}},"wdio_ui5_key":"applicationmanageconditionprice-display-component---conditions--smartFilterBar-btnBasicSearch"}]}
RESULT: {"script":"<script> [1562 bytes]","args":[{"selector":{"id":"application-manageconditionprice-display-component---conditions--smartFilterBar-btnBasicSearch","interaction":{"idSuffix":"I"}},"wdio_ui5_key":"applicationmanageconditionprice-display-component---conditions--smartFilterBar-btnBasicSearch"}]}
RESULT: undefined
COMMAND: POST /session/ba2432913a596e5fc4fa14806f816f85/execute/async - {"script":"<script> [776 bytes]","args":[{"enterText":"mUDxZdRhYI","selector":{"id":"application-manageconditionprice-display-component---conditions--smartFilterBar-btnBasicSearch","interaction":{"idSuffix":"I"}},"clearTextFirst":true,"interactionType":"ENTER_TEXT"}]}
RESULT: {"script":"<script> [776 bytes]","args":[{"enterText":"mUDxZdRhYI","selector":{"id":"application-manageconditionprice-display-component---conditions--smartFilterBar-btnBasicSearch","interaction":{"idSuffix":"I"}},"clearTextFirst":true,"interactionType":"ENTER_TEXT"}]}
COMMAND: POST /session/ba2432913a596e5fc4fa14806f816f85/actions - {"actions":[{"id":"action73","type":"key","parameters":{},"actions":[{"type":"keyDown","value":"î€‡"},{"type":"pause","duration":10},{"type":"keyUp","value":"î€‡"}]}]}
RESULT: {"actions":[{"id":"action73","type":"key","parameters":{},"actions":[{"type":"keyDown","value":"î€‡"},{"type":"pause","duration":10},{"type":"keyUp","value":"î€‡"}]}]}
COMMAND: GET /session/ba2432913a596e5fc4fa14806f816f85/screenshot - {}
RESULT: {}
COMMAND: POST /session/ba2432913a596e5fc4fa14806f816f85/execute/async - {"script":"<script> [1562 bytes]","args":[{"selector":{"id":"application-manageconditionprice-display-component---conditions--smartFilterBar-filterItemControl_BASIC-BILL_TYPES-vhi"},"wdio_ui5_key":"applicationmanageconditionprice-display-component---conditions--smartFilterBar-filterItemControl_BASIC-BILL_TYPES-vhi"}]}
RESULT: {"script":"<script> [1562 bytes]","args":[{"selector":{"id":"application-manageconditionprice-display-component---conditions--smartFilterBar-filterItemControl_BASIC-BILL_TYPES-vhi"},"wdio_ui5_key":"applicationmanageconditionprice-display-component---conditions--smartFilterBar-filterItemControl_BASIC-BILL_TYPES-vhi"}]}
RESULT: undefined
COMMAND: POST /session/ba2432913a596e5fc4fa14806f816f85/element - {"using":"xpath","value":"//*[@id=\"application-manageconditionprice-display-component---conditions--smartFilterBar-filterItemControl_BASIC-BILL_TYPES-vhi\"]"}
RESULT: {"using":"xpath","value":"//*[@id=\"application-manageconditionprice-display-component---conditions--smartFilterBar-filterItemControl_BASIC-BILL_TYPES-vhi\"]"}
COMMAND: POST /session/ba2432913a596e5fc4fa14806f816f85/element/f.FF9A1E5259EB1E6B709B859A36B64A29.d.8FE6D5B4112FC7E47294D0E6183949FC.e.19891/click - {}
RESULT: {}
COMMAND: POST /session/ba2432913a596e5fc4fa14806f816f85/execute/async - {"script":"<script> [1562 bytes]","args":[{"selector":{"id":"application-manageconditionprice-display-component---conditions--smartFilterBar-filterItemControl_BASIC-BILL_TYPES-valueHelpDialog-smartFilterBar-btnBasicSearch","searchOpenDialogs":true,"interaction":{"idSuffix":"I"}},"wdio_ui5_key":"applicationmanageconditionprice-display-component---conditions--smartFilterBar-filterItemControl_BASIC-BILL_TYPES-valueHelpDialog-smartFilterBar-btnBasicSearch"}]}
COMMAND: GET /session/ba2432913a596e5fc4fa14806f816f85/screenshot - {}
RESULT: {"script":"<script> [1562 bytes]","args":[{"selector":{"id":"application-manageconditionprice-display-component---conditions--smartFilterBar-filterItemControl_BASIC-BILL_TYPES-valueHelpDialog-smartFilterBar-btnBasicSearch","searchOpenDialogs":true,"interaction":{"idSuffix":"I"}},"wdio_ui5_key":"applicationmanageconditionprice-display-component---conditions--smartFilterBar-filterItemControl_BASIC-BILL_TYPES-valueHelpDialog-smartFilterBar-btnBasicSearch"}]}
RESULT: undefined
COMMAND: POST /session/ba2432913a596e5fc4fa14806f816f85/execute/async - {"script":"<script> [776 bytes]","args":[{"enterText":"TB","selector":{"id":"application-manageconditionprice-display-component---conditions--smartFilterBar-filterItemControl_BASIC-BILL_TYPES-valueHelpDialog-smartFilterBar-btnBasicSearch","searchOpenDialogs":true,"interaction":{"idSuffix":"I"}},"clearTextFirst":true,"interactionType":"ENTER_TEXT"}]}
RESULT: {}
RESULT: {"script":"<script> [776 bytes]","args":[{"enterText":"TB","selector":{"id":"application-manageconditionprice-display-component---conditions--smartFilterBar-filterItemControl_BASIC-BILL_TYPES-valueHelpDialog-smartFilterBar-btnBasicSearch","searchOpenDialogs":true,"interaction":{"idSuffix":"I"}},"clearTextFirst":true,"interactionType":"ENTER_TEXT"}]}
COMMAND: POST /session/ba2432913a596e5fc4fa14806f816f85/actions - {"actions":[{"id":"action74","type":"key","parameters":{},"actions":[{"type":"keyDown","value":"î€‡"},{"type":"pause","duration":10},{"type":"keyUp","value":"î€‡"}]}]}
RESULT: {"actions":[{"id":"action74","type":"key","parameters":{},"actions":[{"type":"keyDown","value":"î€‡"},{"type":"pause","duration":10},{"type":"keyUp","value":"î€‡"}]}]}
COMMAND: GET /session/ba2432913a596e5fc4fa14806f816f85/screenshot - {}
RESULT: {}
COMMAND: POST /session/ba2432913a596e5fc4fa14806f816f85/element - {"using":"xpath","value":"//div[contains(@id, 'application-manageconditionprice-display-component---conditions--smartFilterBar-filterItemControl_BASIC-BILL_TYPES-valueHelpDialog-table-rowsel0')]"}
RESULT: {"using":"xpath","value":"//div[contains(@id, 'application-manageconditionprice-display-component---conditions--smartFilterBar-filterItemControl_BASIC-BILL_TYPES-valueHelpDialog-table-rowsel0')]"}
COMMAND: POST /session/ba2432913a596e5fc4fa14806f816f85/element/f.FF9A1E5259EB1E6B709B859A36B64A29.d.8FE6D5B4112FC7E47294D0E6183949FC.e.19901/click - {}
RESULT: {}
COMMAND: GET /session/ba2432913a596e5fc4fa14806f816f85/screenshot - {}
RESULT: {}
COMMAND: POST /session/ba2432913a596e5fc4fa14806f816f85/element - {"using":"xpath","value":"//bdi[contains(text(), \"OK\")]"}
RESULT: {"using":"xpath","value":"//bdi[contains(text(), \"OK\")]"}
COMMAND: POST /session/ba2432913a596e5fc4fa14806f816f85/element/f.FF9A1E5259EB1E6B709B859A36B64A29.d.8FE6D5B4112FC7E47294D0E6183949FC.e.19903/click - {}
RESULT: {}
COMMAND: GET /session/ba2432913a596e5fc4fa14806f816f85/screenshot - {}
RESULT: {}
COMMAND: POST /session/ba2432913a596e5fc4fa14806f816f85/element - {"using":"xpath","value":"//span[@id=\"application-manageconditionprice-display-component---conditions--smartTable-header-inner\"]"}
RESULT: {"using":"xpath","value":"//span[@id=\"application-manageconditionprice-display-component---conditions--smartTable-header-inner\"]"}
COMMAND: POST /session/ba2432913a596e5fc4fa14806f816f85/elements - {"using":"xpath","value":"//span[@id=\"application-manageconditionprice-display-component---conditions--smartTable-header-inner\"]"}
RESULT: {"using":"xpath","value":"//span[@id=\"application-manageconditionprice-display-component---conditions--smartTable-header-inner\"]"}
COMMAND: POST /session/ba2432913a596e5fc4fa14806f816f85/execute/sync - {"script":"<script> [56 bytes]","args":[{"element-6066-11e4-a52e-4f735466cecf":"f.FF9A1E5259EB1E6B709B859A36B64A29.d.8FE6D5B4112FC7E47294D0E6183949FC.e.19906","ELEMENT":"f.FF9A1E5259EB1E6B709B859A36B64A29.d.8FE6D5B4112FC7E47294D0E6183949FC.e.19906"}]}
RESULT: {"script":"<script> [56 bytes]","args":[{"element-6066-11e4-a52e-4f735466cecf":"f.FF9A1E5259EB1E6B709B859A36B64A29.d.8FE6D5B4112FC7E47294D0E6183949FC.e.19906","ELEMENT":"f.FF9A1E5259EB1E6B709B859A36B64A29.d.8FE6D5B4112FC7E47294D0E6183949FC.e.19906"}]}
COMMAND: POST /session/ba2432913a596e5fc4fa14806f816f85/element - {"using":"css selector","value":"#shell-header-logo"}
COMMAND: GET /session/ba2432913a596e5fc4fa14806f816f85/screenshot - {}
RESULT: {"using":"css selector","value":"#shell-header-logo"}
COMMAND: POST /session/ba2432913a596e5fc4fa14806f816f85/element/f.FF9A1E5259EB1E6B709B859A36B64A29.d.8FE6D5B4112FC7E47294D0E6183949FC.e.19532/click - {}
RESULT: {}
RESULT: {}
COMMAND: GET /session/ba2432913a596e5fc4fa14806f816f85/screenshot - {}
RESULT: {}
]]></system-out>
    </testcase>
    <testcase classname="chrome.135_0_7049_96.windows.Billing_Calculation_-_Time_based_(considering_transport_times)_US139738" name="Should do a stock increase for the equipment" time="100.532">
      <system-out><![CDATA[
COMMAND: POST /session/ba2432913a596e5fc4fa14806f816f85/execute/async - {"script":"<script> [1562 bytes]","args":[{"selector":{"controlType":"sap.m.Text","viewName":"etm.portal.ui.managehandoverstile.view.Master","properties":{"text":"Manage Handovers"},"interaction":{"idSuffix":"inner"}},"wdio_ui5_key":"etmportal.ui.managehandoverstile.view.Mastersap.m.Text{\"text\":\"Manage Handovers\"}"}]}
RESULT: {"script":"<script> [1562 bytes]","args":[{"selector":{"controlType":"sap.m.Text","viewName":"etm.portal.ui.managehandoverstile.view.Master","properties":{"text":"Manage Handovers"},"interaction":{"idSuffix":"inner"}},"wdio_ui5_key":"etmportal.ui.managehandoverstile.view.Mastersap.m.Text{\"text\":\"Manage Handovers\"}"}]}
RESULT: undefined
COMMAND: POST /session/ba2432913a596e5fc4fa14806f816f85/element - {"using":"xpath","value":"//*[@id=\"__tile133-title\"]"}
RESULT: {"using":"xpath","value":"//*[@id=\"__tile133-title\"]"}
COMMAND: POST /session/ba2432913a596e5fc4fa14806f816f85/element/f.FF9A1E5259EB1E6B709B859A36B64A29.d.8FE6D5B4112FC7E47294D0E6183949FC.e.19911/click - {}
RESULT: {}
COMMAND: POST /session/ba2432913a596e5fc4fa14806f816f85/element - {"using":"xpath","value":"//button[@data-kt=\"masterHOAddButton\"]"}
COMMAND: GET /session/ba2432913a596e5fc4fa14806f816f85/screenshot - {}
RESULT: {"using":"xpath","value":"//button[@data-kt=\"masterHOAddButton\"]"}
COMMAND: POST /session/ba2432913a596e5fc4fa14806f816f85/elements - {"using":"xpath","value":"//button[@data-kt=\"masterHOAddButton\"]"}
RESULT: {}
RESULT: {"using":"xpath","value":"//button[@data-kt=\"masterHOAddButton\"]"}
COMMAND: POST /session/ba2432913a596e5fc4fa14806f816f85/elements - {"using":"xpath","value":"//button[@data-kt=\"masterHOAddButton\"]"}
RESULT: {"using":"xpath","value":"//button[@data-kt=\"masterHOAddButton\"]"}
COMMAND: POST /session/ba2432913a596e5fc4fa14806f816f85/elements - {"using":"xpath","value":"//button[@data-kt=\"masterHOAddButton\"]"}
RESULT: {"using":"xpath","value":"//button[@data-kt=\"masterHOAddButton\"]"}
COMMAND: POST /session/ba2432913a596e5fc4fa14806f816f85/elements - {"using":"xpath","value":"//button[@data-kt=\"masterHOAddButton\"]"}
RESULT: {"using":"xpath","value":"//button[@data-kt=\"masterHOAddButton\"]"}
COMMAND: POST /session/ba2432913a596e5fc4fa14806f816f85/elements - {"using":"xpath","value":"//button[@data-kt=\"masterHOAddButton\"]"}
RESULT: {"using":"xpath","value":"//button[@data-kt=\"masterHOAddButton\"]"}
COMMAND: POST /session/ba2432913a596e5fc4fa14806f816f85/elements - {"using":"xpath","value":"//button[@data-kt=\"masterHOAddButton\"]"}
RESULT: {"using":"xpath","value":"//button[@data-kt=\"masterHOAddButton\"]"}
COMMAND: POST /session/ba2432913a596e5fc4fa14806f816f85/elements - {"using":"xpath","value":"//button[@data-kt=\"masterHOAddButton\"]"}
RESULT: {"using":"xpath","value":"//button[@data-kt=\"masterHOAddButton\"]"}
COMMAND: POST /session/ba2432913a596e5fc4fa14806f816f85/elements - {"using":"xpath","value":"//button[@data-kt=\"masterHOAddButton\"]"}
RESULT: {"using":"xpath","value":"//button[@data-kt=\"masterHOAddButton\"]"}
COMMAND: POST /session/ba2432913a596e5fc4fa14806f816f85/elements - {"using":"xpath","value":"//button[@data-kt=\"masterHOAddButton\"]"}
RESULT: {"using":"xpath","value":"//button[@data-kt=\"masterHOAddButton\"]"}
COMMAND: POST /session/ba2432913a596e5fc4fa14806f816f85/elements - {"using":"xpath","value":"//button[@data-kt=\"masterHOAddButton\"]"}
RESULT: {"using":"xpath","value":"//button[@data-kt=\"masterHOAddButton\"]"}
COMMAND: POST /session/ba2432913a596e5fc4fa14806f816f85/element - {"using":"xpath","value":"//button[@data-kt=\"masterHOAddButton\"]"}
RESULT: {"using":"xpath","value":"//button[@data-kt=\"masterHOAddButton\"]"}
COMMAND: POST /session/ba2432913a596e5fc4fa14806f816f85/execute/sync - {"script":"<script> [8489 bytes]","args":[{"element-6066-11e4-a52e-4f735466cecf":"f.FF9A1E5259EB1E6B709B859A36B64A29.d.8FE6D5B4112FC7E47294D0E6183949FC.e.19949","ELEMENT":"f.FF9A1E5259EB1E6B709B859A36B64A29.d.8FE6D5B4112FC7E47294D0E6183949FC.e.19949"}]}
RESULT: {"script":"<script> [8489 bytes]","args":[{"element-6066-11e4-a52e-4f735466cecf":"f.FF9A1E5259EB1E6B709B859A36B64A29.d.8FE6D5B4112FC7E47294D0E6183949FC.e.19949","ELEMENT":"f.FF9A1E5259EB1E6B709B859A36B64A29.d.8FE6D5B4112FC7E47294D0E6183949FC.e.19949"}]}
COMMAND: GET /session/ba2432913a596e5fc4fa14806f816f85/element/f.FF9A1E5259EB1E6B709B859A36B64A29.d.8FE6D5B4112FC7E47294D0E6183949FC.e.19949/enabled - {}
COMMAND: GET /session/ba2432913a596e5fc4fa14806f816f85/screenshot - {}
RESULT: {}
COMMAND: POST /session/ba2432913a596e5fc4fa14806f816f85/execute/sync - {"script":"<script> [8489 bytes]","args":[{"element-6066-11e4-a52e-4f735466cecf":"f.FF9A1E5259EB1E6B709B859A36B64A29.d.8FE6D5B4112FC7E47294D0E6183949FC.e.19949","ELEMENT":"f.FF9A1E5259EB1E6B709B859A36B64A29.d.8FE6D5B4112FC7E47294D0E6183949FC.e.19949"}]}
COMMAND: GET /session/ba2432913a596e5fc4fa14806f816f85/screenshot - {}
RESULT: {}
RESULT: {"script":"<script> [8489 bytes]","args":[{"element-6066-11e4-a52e-4f735466cecf":"f.FF9A1E5259EB1E6B709B859A36B64A29.d.8FE6D5B4112FC7E47294D0E6183949FC.e.19949","ELEMENT":"f.FF9A1E5259EB1E6B709B859A36B64A29.d.8FE6D5B4112FC7E47294D0E6183949FC.e.19949"}]}
COMMAND: POST /session/ba2432913a596e5fc4fa14806f816f85/execute/sync - {"script":"<script> [5351 bytes]","args":[{"element-6066-11e4-a52e-4f735466cecf":"f.FF9A1E5259EB1E6B709B859A36B64A29.d.8FE6D5B4112FC7E47294D0E6183949FC.e.19949","ELEMENT":"f.FF9A1E5259EB1E6B709B859A36B64A29.d.8FE6D5B4112FC7E47294D0E6183949FC.e.19949"}]}
COMMAND: GET /session/ba2432913a596e5fc4fa14806f816f85/screenshot - {}
RESULT: {}
RESULT: {"script":"<script> [5351 bytes]","args":[{"element-6066-11e4-a52e-4f735466cecf":"f.FF9A1E5259EB1E6B709B859A36B64A29.d.8FE6D5B4112FC7E47294D0E6183949FC.e.19949","ELEMENT":"f.FF9A1E5259EB1E6B709B859A36B64A29.d.8FE6D5B4112FC7E47294D0E6183949FC.e.19949"}]}
COMMAND: POST /session/ba2432913a596e5fc4fa14806f816f85/element/f.FF9A1E5259EB1E6B709B859A36B64A29.d.8FE6D5B4112FC7E47294D0E6183949FC.e.19949/click - {}
COMMAND: GET /session/ba2432913a596e5fc4fa14806f816f85/screenshot - {}
RESULT: {}
RESULT: {}
COMMAND: GET /session/ba2432913a596e5fc4fa14806f816f85/screenshot - {}
RESULT: {}
COMMAND: POST /session/ba2432913a596e5fc4fa14806f816f85/element - {"using":"xpath","value":"//span[contains(@id ,\"AddNewHO--typeSelect-arrow\")]"}
RESULT: {}
RESULT: {"using":"xpath","value":"//span[contains(@id ,\"AddNewHO--typeSelect-arrow\")]"}
COMMAND: POST /session/ba2432913a596e5fc4fa14806f816f85/element/f.FF9A1E5259EB1E6B709B859A36B64A29.d.8FE6D5B4112FC7E47294D0E6183949FC.e.20306/click - {}
RESULT: {}
COMMAND: GET /session/ba2432913a596e5fc4fa14806f816f85/screenshot - {}
RESULT: {}
COMMAND: POST /session/ba2432913a596e5fc4fa14806f816f85/element - {"using":"xpath","value":"(//li[contains(text(), \"stock increase yard\")])[1]"}
RESULT: {"using":"xpath","value":"(//li[contains(text(), \"stock increase yard\")])[1]"}
COMMAND: POST /session/ba2432913a596e5fc4fa14806f816f85/element/f.FF9A1E5259EB1E6B709B859A36B64A29.d.8FE6D5B4112FC7E47294D0E6183949FC.e.20307/click - {}
RESULT: {}
COMMAND: GET /session/ba2432913a596e5fc4fa14806f816f85/screenshot - {}
RESULT: {}
COMMAND: POST /session/ba2432913a596e5fc4fa14806f816f85/execute/async - {"script":"<script> [1562 bytes]","args":[{"selector":{"id":"application-managehandovers-display-component---AddNewHO--dueDate","interaction":{"idSuffix":"inner"}},"wdio_ui5_key":"applicationmanagehandovers-display-component---AddNewHO--dueDate"}]}
RESULT: {"script":"<script> [1562 bytes]","args":[{"selector":{"id":"application-managehandovers-display-component---AddNewHO--dueDate","interaction":{"idSuffix":"inner"}},"wdio_ui5_key":"applicationmanagehandovers-display-component---AddNewHO--dueDate"}]}
RESULT: undefined
COMMAND: POST /session/ba2432913a596e5fc4fa14806f816f85/execute/async - {"script":"<script> [6424 bytes]","args":[{"element-6066-11e4-a52e-4f735466cecf":"f.FF9A1E5259EB1E6B709B859A36B64A29.d.8FE6D5B4112FC7E47294D0E6183949FC.e.20311"},"setValue",["05/03/2025"]]}
RESULT: {"script":"<script> [6424 bytes]","args":[{"element-6066-11e4-a52e-4f735466cecf":"f.FF9A1E5259EB1E6B709B859A36B64A29.d.8FE6D5B4112FC7E47294D0E6183949FC.e.20311"},"setValue",["05/03/2025"]]}
COMMAND: POST /session/ba2432913a596e5fc4fa14806f816f85/element - {"using":"xpath","value":"//input[@id=\"generalSectionFrg--receiveYard-inner\"]"}
RESULT: {"using":"xpath","value":"//input[@id=\"generalSectionFrg--receiveYard-inner\"]"}
COMMAND: POST /session/ba2432913a596e5fc4fa14806f816f85/element/f.FF9A1E5259EB1E6B709B859A36B64A29.d.8FE6D5B4112FC7E47294D0E6183949FC.e.20317/clear - {}
RESULT: {}
COMMAND: POST /session/ba2432913a596e5fc4fa14806f816f85/element/f.FF9A1E5259EB1E6B709B859A36B64A29.d.8FE6D5B4112FC7E47294D0E6183949FC.e.20317/value - {"text":"528"}
COMMAND: GET /session/ba2432913a596e5fc4fa14806f816f85/screenshot - {}
RESULT: {"text":"528"}
COMMAND: GET /session/ba2432913a596e5fc4fa14806f816f85/screenshot - {}
RESULT: {}
RESULT: {}
COMMAND: POST /session/ba2432913a596e5fc4fa14806f816f85/element - {"using":"xpath","value":"//li[.//span[text()='528']]"}
RESULT: {"using":"xpath","value":"//li[.//span[text()='528']]"}
COMMAND: POST /session/ba2432913a596e5fc4fa14806f816f85/element/f.FF9A1E5259EB1E6B709B859A36B64A29.d.8FE6D5B4112FC7E47294D0E6183949FC.e.20333/click - {}
RESULT: {}
COMMAND: GET /session/ba2432913a596e5fc4fa14806f816f85/screenshot - {}
RESULT: {}
COMMAND: POST /session/ba2432913a596e5fc4fa14806f816f85/execute/async - {"script":"<script> [1562 bytes]","args":[{"selector":{"id":"application-managehandovers-display-component---AddNewHO--ObjectPageLayout-anchBar-application-managehandovers-display-component---AddNewHO--section4-anchor","interaction":{"idSuffix":"BDI-content"}},"wdio_ui5_key":"applicationmanagehandovers-display-component---AddNewHO--ObjectPageLayout-anchBar-application-managehandovers-display-component---AddNewHO--section4-anchor"}]}
RESULT: {"script":"<script> [1562 bytes]","args":[{"selector":{"id":"application-managehandovers-display-component---AddNewHO--ObjectPageLayout-anchBar-application-managehandovers-display-component---AddNewHO--section4-anchor","interaction":{"idSuffix":"BDI-content"}},"wdio_ui5_key":"applicationmanagehandovers-display-component---AddNewHO--ObjectPageLayout-anchBar-application-managehandovers-display-component---AddNewHO--section4-anchor"}]}
RESULT: undefined
COMMAND: POST /session/ba2432913a596e5fc4fa14806f816f85/element - {"using":"xpath","value":"//*[@id=\"application-managehandovers-display-component---AddNewHO--ObjectPageLayout-anchBar-application-managehandovers-display-component---AddNewHO--section4-anchor\"]"}
RESULT: {"using":"xpath","value":"//*[@id=\"application-managehandovers-display-component---AddNewHO--ObjectPageLayout-anchBar-application-managehandovers-display-component---AddNewHO--section4-anchor\"]"}
COMMAND: POST /session/ba2432913a596e5fc4fa14806f816f85/element/f.FF9A1E5259EB1E6B709B859A36B64A29.d.8FE6D5B4112FC7E47294D0E6183949FC.e.20335/click - {}
RESULT: {}
COMMAND: POST /session/ba2432913a596e5fc4fa14806f816f85/element - {"using":"xpath","value":"//button[@aria-label=\"Add\"]"}
COMMAND: GET /session/ba2432913a596e5fc4fa14806f816f85/screenshot - {}
RESULT: {"using":"xpath","value":"//button[@aria-label=\"Add\"]"}
COMMAND: POST /session/ba2432913a596e5fc4fa14806f816f85/element/f.FF9A1E5259EB1E6B709B859A36B64A29.d.8FE6D5B4112FC7E47294D0E6183949FC.e.20337/click - {}
RESULT: {}
RESULT: {}
COMMAND: GET /session/ba2432913a596e5fc4fa14806f816f85/screenshot - {}
RESULT: {}
COMMAND: POST /session/ba2432913a596e5fc4fa14806f816f85/execute/async - {"script":"<script> [1562 bytes]","args":[{"selector":{"id":"application-managehandovers-display-component---AddNewHO--smartFilterBar-btnBasicSearch","searchOpenDialogs":true,"interaction":{"idSuffix":"I"}},"wdio_ui5_key":"applicationmanagehandovers-display-component---AddNewHO--smartFilterBar-btnBasicSearch"}]}
RESULT: {"script":"<script> [1562 bytes]","args":[{"selector":{"id":"application-managehandovers-display-component---AddNewHO--smartFilterBar-btnBasicSearch","searchOpenDialogs":true,"interaction":{"idSuffix":"I"}},"wdio_ui5_key":"applicationmanagehandovers-display-component---AddNewHO--smartFilterBar-btnBasicSearch"}]}
RESULT: undefined
COMMAND: POST /session/ba2432913a596e5fc4fa14806f816f85/execute/async - {"script":"<script> [776 bytes]","args":[{"enterText":"mUDxZdRhYI","selector":{"id":"application-managehandovers-display-component---AddNewHO--smartFilterBar-btnBasicSearch","searchOpenDialogs":true,"interaction":{"idSuffix":"I"}},"clearTextFirst":true,"interactionType":"ENTER_TEXT"}]}
RESULT: {"script":"<script> [776 bytes]","args":[{"enterText":"mUDxZdRhYI","selector":{"id":"application-managehandovers-display-component---AddNewHO--smartFilterBar-btnBasicSearch","searchOpenDialogs":true,"interaction":{"idSuffix":"I"}},"clearTextFirst":true,"interactionType":"ENTER_TEXT"}]}
COMMAND: POST /session/ba2432913a596e5fc4fa14806f816f85/actions - {"actions":[{"id":"action75","type":"key","parameters":{},"actions":[{"type":"keyDown","value":"î€‡"},{"type":"pause","duration":10},{"type":"keyUp","value":"î€‡"}]}]}
RESULT: {"actions":[{"id":"action75","type":"key","parameters":{},"actions":[{"type":"keyDown","value":"î€‡"},{"type":"pause","duration":10},{"type":"keyUp","value":"î€‡"}]}]}
COMMAND: GET /session/ba2432913a596e5fc4fa14806f816f85/screenshot - {}
RESULT: {}
COMMAND: POST /session/ba2432913a596e5fc4fa14806f816f85/execute/async - {"script":"<script> [1562 bytes]","args":[{"selector":{"id":"application-managehandovers-display-component---AddNewHO--popup-sa","searchOpenDialogs":true,"interaction":{"idSuffix":"CbBg"}},"wdio_ui5_key":"applicationmanagehandovers-display-component---AddNewHO--popup-sa"}]}
RESULT: {"script":"<script> [1562 bytes]","args":[{"selector":{"id":"application-managehandovers-display-component---AddNewHO--popup-sa","searchOpenDialogs":true,"interaction":{"idSuffix":"CbBg"}},"wdio_ui5_key":"applicationmanagehandovers-display-component---AddNewHO--popup-sa"}]}
RESULT: undefined
COMMAND: POST /session/ba2432913a596e5fc4fa14806f816f85/element - {"using":"xpath","value":"//*[@id=\"application-managehandovers-display-component---AddNewHO--popup-sa\"]"}
RESULT: {"using":"xpath","value":"//*[@id=\"application-managehandovers-display-component---AddNewHO--popup-sa\"]"}
COMMAND: POST /session/ba2432913a596e5fc4fa14806f816f85/element/f.FF9A1E5259EB1E6B709B859A36B64A29.d.8FE6D5B4112FC7E47294D0E6183949FC.e.20493/click - {}
RESULT: {}
COMMAND: GET /session/ba2432913a596e5fc4fa14806f816f85/screenshot - {}
RESULT: {}
COMMAND: POST /session/ba2432913a596e5fc4fa14806f816f85/element - {"using":"xpath","value":"//bdi[contains(text(), \"Select\")]"}
RESULT: {"using":"xpath","value":"//bdi[contains(text(), \"Select\")]"}
COMMAND: POST /session/ba2432913a596e5fc4fa14806f816f85/element/f.FF9A1E5259EB1E6B709B859A36B64A29.d.8FE6D5B4112FC7E47294D0E6183949FC.e.20494/click - {}
RESULT: {}
COMMAND: GET /session/ba2432913a596e5fc4fa14806f816f85/screenshot - {}
RESULT: {}
COMMAND: POST /session/ba2432913a596e5fc4fa14806f816f85/element - {"using":"xpath","value":"//button[@data-kt=\"AddNewHOSaveButton\"]"}
RESULT: {"using":"xpath","value":"//button[@data-kt=\"AddNewHOSaveButton\"]"}
COMMAND: POST /session/ba2432913a596e5fc4fa14806f816f85/element/f.FF9A1E5259EB1E6B709B859A36B64A29.d.8FE6D5B4112FC7E47294D0E6183949FC.e.20498/click - {}
RESULT: {}
COMMAND: GET /session/ba2432913a596e5fc4fa14806f816f85/screenshot - {}
COMMAND: POST /session/ba2432913a596e5fc4fa14806f816f85/execute/async - {"script":"<script> [1562 bytes]","args":[{"selector":{"id":"receiptDatePicker","viewName":"etm.portal.ui.managehandovers.view.DetailExecuteHO","interaction":{"idSuffix":"inner"}},"wdio_ui5_key":"receiptDatePickeretmportal.ui.managehandovers.view.DetailExecuteHO"}]}
RESULT: {}
RESULT: {"script":"<script> [1562 bytes]","args":[{"selector":{"id":"receiptDatePicker","viewName":"etm.portal.ui.managehandovers.view.DetailExecuteHO","interaction":{"idSuffix":"inner"}},"wdio_ui5_key":"receiptDatePickeretmportal.ui.managehandovers.view.DetailExecuteHO"}]}
RESULT: undefined
COMMAND: POST /session/ba2432913a596e5fc4fa14806f816f85/execute/async - {"script":"<script> [6424 bytes]","args":[{"element-6066-11e4-a52e-4f735466cecf":"f.FF9A1E5259EB1E6B709B859A36B64A29.d.8FE6D5B4112FC7E47294D0E6183949FC.e.20528"},"setValue",["05/03/2025"]]}
RESULT: {"script":"<script> [6424 bytes]","args":[{"element-6066-11e4-a52e-4f735466cecf":"f.FF9A1E5259EB1E6B709B859A36B64A29.d.8FE6D5B4112FC7E47294D0E6183949FC.e.20528"},"setValue",["05/03/2025"]]}
COMMAND: POST /session/ba2432913a596e5fc4fa14806f816f85/element - {"using":"xpath","value":"//button[@data-kt=\"PickingTableConfirmAllButton\"]"}
RESULT: {"using":"xpath","value":"//button[@data-kt=\"PickingTableConfirmAllButton\"]"}
COMMAND: POST /session/ba2432913a596e5fc4fa14806f816f85/element/f.FF9A1E5259EB1E6B709B859A36B64A29.d.8FE6D5B4112FC7E47294D0E6183949FC.e.20543/click - {}
RESULT: {}
COMMAND: GET /session/ba2432913a596e5fc4fa14806f816f85/screenshot - {}
RESULT: {}
COMMAND: POST /session/ba2432913a596e5fc4fa14806f816f85/element - {"using":"xpath","value":"//bdi[contains(text(), \"OK\")]"}
RESULT: {"using":"xpath","value":"//bdi[contains(text(), \"OK\")]"}
COMMAND: POST /session/ba2432913a596e5fc4fa14806f816f85/element/f.FF9A1E5259EB1E6B709B859A36B64A29.d.8FE6D5B4112FC7E47294D0E6183949FC.e.20545/click - {}
RESULT: {}
COMMAND: GET /session/ba2432913a596e5fc4fa14806f816f85/screenshot - {}
RESULT: {}
COMMAND: POST /session/ba2432913a596e5fc4fa14806f816f85/element - {"using":"xpath","value":"(//bdi[contains(text(), \"Receive\")])[2]"}
RESULT: {"using":"xpath","value":"(//bdi[contains(text(), \"Receive\")])[2]"}
COMMAND: POST /session/ba2432913a596e5fc4fa14806f816f85/element/f.FF9A1E5259EB1E6B709B859A36B64A29.d.8FE6D5B4112FC7E47294D0E6183949FC.e.20547/click - {}
RESULT: {}
COMMAND: GET /session/ba2432913a596e5fc4fa14806f816f85/screenshot - {}
RESULT: {}
COMMAND: POST /session/ba2432913a596e5fc4fa14806f816f85/element - {"using":"css selector","value":"#shell-header-logo"}
RESULT: {"using":"css selector","value":"#shell-header-logo"}
COMMAND: POST /session/ba2432913a596e5fc4fa14806f816f85/element/f.FF9A1E5259EB1E6B709B859A36B64A29.d.8FE6D5B4112FC7E47294D0E6183949FC.e.19913/click - {}
RESULT: {}
COMMAND: GET /session/ba2432913a596e5fc4fa14806f816f85/screenshot - {}
RESULT: {}
]]></system-out>
    </testcase>
    <testcase classname="chrome.135_0_7049_96.windows.Billing_Calculation_-_Time_based_(considering_transport_times)_US139738" name="Should create a new contract" time="68.927">
      <system-out><![CDATA[
COMMAND: POST /session/ba2432913a596e5fc4fa14806f816f85/execute/async - {"script":"<script> [1562 bytes]","args":[{"selector":{"controlType":"sap.m.Text","viewName":"etm.portal.ui.managecontractstile.view.Master","properties":{"text":"Manage Contracts"},"interaction":{"idSuffix":"inner"}},"wdio_ui5_key":"etmportal.ui.managecontractstile.view.Mastersap.m.Text{\"text\":\"Manage Contracts\"}"}]}
RESULT: {"script":"<script> [1562 bytes]","args":[{"selector":{"controlType":"sap.m.Text","viewName":"etm.portal.ui.managecontractstile.view.Master","properties":{"text":"Manage Contracts"},"interaction":{"idSuffix":"inner"}},"wdio_ui5_key":"etmportal.ui.managecontractstile.view.Mastersap.m.Text{\"text\":\"Manage Contracts\"}"}]}
RESULT: undefined
COMMAND: POST /session/ba2432913a596e5fc4fa14806f816f85/element - {"using":"xpath","value":"//*[@id=\"__tile131-title\"]"}
RESULT: {"using":"xpath","value":"//*[@id=\"__tile131-title\"]"}
COMMAND: POST /session/ba2432913a596e5fc4fa14806f816f85/element/f.FF9A1E5259EB1E6B709B859A36B64A29.d.8FE6D5B4112FC7E47294D0E6183949FC.e.20719/click - {}
RESULT: {}
COMMAND: GET /session/ba2432913a596e5fc4fa14806f816f85/screenshot - {}
COMMAND: POST /session/ba2432913a596e5fc4fa14806f816f85/element - {"using":"xpath","value":"//button[@data-kt=\"addButton\"]"}
RESULT: {}
RESULT: {"using":"xpath","value":"//button[@data-kt=\"addButton\"]"}
COMMAND: POST /session/ba2432913a596e5fc4fa14806f816f85/elements - {"using":"xpath","value":"//button[@data-kt=\"addButton\"]"}
RESULT: {"using":"xpath","value":"//button[@data-kt=\"addButton\"]"}
COMMAND: POST /session/ba2432913a596e5fc4fa14806f816f85/execute/sync - {"script":"<script> [8489 bytes]","args":[{"element-6066-11e4-a52e-4f735466cecf":"f.FF9A1E5259EB1E6B709B859A36B64A29.d.8FE6D5B4112FC7E47294D0E6183949FC.e.20779","ELEMENT":"f.FF9A1E5259EB1E6B709B859A36B64A29.d.8FE6D5B4112FC7E47294D0E6183949FC.e.20779"}]}
RESULT: {"script":"<script> [8489 bytes]","args":[{"element-6066-11e4-a52e-4f735466cecf":"f.FF9A1E5259EB1E6B709B859A36B64A29.d.8FE6D5B4112FC7E47294D0E6183949FC.e.20779","ELEMENT":"f.FF9A1E5259EB1E6B709B859A36B64A29.d.8FE6D5B4112FC7E47294D0E6183949FC.e.20779"}]}
COMMAND: GET /session/ba2432913a596e5fc4fa14806f816f85/element/f.FF9A1E5259EB1E6B709B859A36B64A29.d.8FE6D5B4112FC7E47294D0E6183949FC.e.20779/enabled - {}
COMMAND: GET /session/ba2432913a596e5fc4fa14806f816f85/screenshot - {}
RESULT: {}
COMMAND: POST /session/ba2432913a596e5fc4fa14806f816f85/execute/sync - {"script":"<script> [8489 bytes]","args":[{"element-6066-11e4-a52e-4f735466cecf":"f.FF9A1E5259EB1E6B709B859A36B64A29.d.8FE6D5B4112FC7E47294D0E6183949FC.e.20779","ELEMENT":"f.FF9A1E5259EB1E6B709B859A36B64A29.d.8FE6D5B4112FC7E47294D0E6183949FC.e.20779"}]}
COMMAND: GET /session/ba2432913a596e5fc4fa14806f816f85/screenshot - {}
RESULT: {}
RESULT: {"script":"<script> [8489 bytes]","args":[{"element-6066-11e4-a52e-4f735466cecf":"f.FF9A1E5259EB1E6B709B859A36B64A29.d.8FE6D5B4112FC7E47294D0E6183949FC.e.20779","ELEMENT":"f.FF9A1E5259EB1E6B709B859A36B64A29.d.8FE6D5B4112FC7E47294D0E6183949FC.e.20779"}]}
COMMAND: POST /session/ba2432913a596e5fc4fa14806f816f85/execute/sync - {"script":"<script> [5351 bytes]","args":[{"element-6066-11e4-a52e-4f735466cecf":"f.FF9A1E5259EB1E6B709B859A36B64A29.d.8FE6D5B4112FC7E47294D0E6183949FC.e.20779","ELEMENT":"f.FF9A1E5259EB1E6B709B859A36B64A29.d.8FE6D5B4112FC7E47294D0E6183949FC.e.20779"}]}
COMMAND: GET /session/ba2432913a596e5fc4fa14806f816f85/screenshot - {}
RESULT: {}
RESULT: {"script":"<script> [5351 bytes]","args":[{"element-6066-11e4-a52e-4f735466cecf":"f.FF9A1E5259EB1E6B709B859A36B64A29.d.8FE6D5B4112FC7E47294D0E6183949FC.e.20779","ELEMENT":"f.FF9A1E5259EB1E6B709B859A36B64A29.d.8FE6D5B4112FC7E47294D0E6183949FC.e.20779"}]}
COMMAND: GET /session/ba2432913a596e5fc4fa14806f816f85/screenshot - {}
RESULT: {}
RESULT: {}
COMMAND: POST /session/ba2432913a596e5fc4fa14806f816f85/element/f.FF9A1E5259EB1E6B709B859A36B64A29.d.8FE6D5B4112FC7E47294D0E6183949FC.e.20779/click - {}
RESULT: {}
COMMAND: GET /session/ba2432913a596e5fc4fa14806f816f85/screenshot - {}
COMMAND: POST /session/ba2432913a596e5fc4fa14806f816f85/execute/async - {"script":"<script> [1562 bytes]","args":[{"selector":{"id":"application-managecontracts-display-component---AddNewContract--projectDescription","interaction":{"idSuffix":"inner"}},"wdio_ui5_key":"applicationmanagecontracts-display-component---AddNewContract--projectDescription"}]}
RESULT: {}
RESULT: {"script":"<script> [1562 bytes]","args":[{"selector":{"id":"application-managecontracts-display-component---AddNewContract--projectDescription","interaction":{"idSuffix":"inner"}},"wdio_ui5_key":"applicationmanagecontracts-display-component---AddNewContract--projectDescription"}]}
RESULT: undefined
COMMAND: POST /session/ba2432913a596e5fc4fa14806f816f85/execute/async - {"script":"<script> [776 bytes]","args":[{"enterText":"Contract WDIO","selector":{"id":"application-managecontracts-display-component---AddNewContract--projectDescription","interaction":{"idSuffix":"inner"}},"clearTextFirst":true,"interactionType":"ENTER_TEXT"}]}
RESULT: {"script":"<script> [776 bytes]","args":[{"enterText":"Contract WDIO","selector":{"id":"application-managecontracts-display-component---AddNewContract--projectDescription","interaction":{"idSuffix":"inner"}},"clearTextFirst":true,"interactionType":"ENTER_TEXT"}]}
COMMAND: POST /session/ba2432913a596e5fc4fa14806f816f85/element - {"using":"xpath","value":"//input[@id=\"application-managecontracts-display-component---AddNewContract--site-inner\"]"}
RESULT: {"using":"xpath","value":"//input[@id=\"application-managecontracts-display-component---AddNewContract--site-inner\"]"}
COMMAND: POST /session/ba2432913a596e5fc4fa14806f816f85/element/f.FF9A1E5259EB1E6B709B859A36B64A29.d.8FE6D5B4112FC7E47294D0E6183949FC.e.21079/clear - {}
RESULT: {}
COMMAND: POST /session/ba2432913a596e5fc4fa14806f816f85/element/f.FF9A1E5259EB1E6B709B859A36B64A29.d.8FE6D5B4112FC7E47294D0E6183949FC.e.21079/value - {"text":"2362"}
COMMAND: GET /session/ba2432913a596e5fc4fa14806f816f85/screenshot - {}
RESULT: {"text":"2362"}
COMMAND: GET /session/ba2432913a596e5fc4fa14806f816f85/screenshot - {}
RESULT: {}
RESULT: {}
COMMAND: POST /session/ba2432913a596e5fc4fa14806f816f85/element - {"using":"xpath","value":"//li[.//span[text()='2362']]"}
RESULT: {"using":"xpath","value":"//li[.//span[text()='2362']]"}
COMMAND: POST /session/ba2432913a596e5fc4fa14806f816f85/element/f.FF9A1E5259EB1E6B709B859A36B64A29.d.8FE6D5B4112FC7E47294D0E6183949FC.e.21101/click - {}
RESULT: {}
COMMAND: GET /session/ba2432913a596e5fc4fa14806f816f85/screenshot - {}
RESULT: {}
COMMAND: POST /session/ba2432913a596e5fc4fa14806f816f85/element - {"using":"xpath","value":"//input[@id=\"application-managecontracts-display-component---AddNewContract--yardId-inner\"]"}
RESULT: {"using":"xpath","value":"//input[@id=\"application-managecontracts-display-component---AddNewContract--yardId-inner\"]"}
COMMAND: GET /session/ba2432913a596e5fc4fa14806f816f85/element/f.FF9A1E5259EB1E6B709B859A36B64A29.d.8FE6D5B4112FC7E47294D0E6183949FC.e.21080/property/value - {}
RESULT: {}
COMMAND: POST /session/ba2432913a596e5fc4fa14806f816f85/element - {"using":"xpath","value":"//input[@id=\"application-managecontracts-display-component---AddNewContract--customerSelect-inner\"]"}
COMMAND: GET /session/ba2432913a596e5fc4fa14806f816f85/screenshot - {}
RESULT: {"using":"xpath","value":"//input[@id=\"application-managecontracts-display-component---AddNewContract--customerSelect-inner\"]"}
COMMAND: POST /session/ba2432913a596e5fc4fa14806f816f85/element/f.FF9A1E5259EB1E6B709B859A36B64A29.d.8FE6D5B4112FC7E47294D0E6183949FC.e.21078/clear - {}
RESULT: {}
RESULT: {}
COMMAND: POST /session/ba2432913a596e5fc4fa14806f816f85/element/f.FF9A1E5259EB1E6B709B859A36B64A29.d.8FE6D5B4112FC7E47294D0E6183949FC.e.21078/value - {"text":"1402"}
COMMAND: GET /session/ba2432913a596e5fc4fa14806f816f85/screenshot - {}
RESULT: {"text":"1402"}
COMMAND: GET /session/ba2432913a596e5fc4fa14806f816f85/screenshot - {}
RESULT: {}
RESULT: {}
COMMAND: POST /session/ba2432913a596e5fc4fa14806f816f85/element - {"using":"xpath","value":"//li[.//span[text()='1402']]"}
RESULT: {"using":"xpath","value":"//li[.//span[text()='1402']]"}
COMMAND: POST /session/ba2432913a596e5fc4fa14806f816f85/element/f.FF9A1E5259EB1E6B709B859A36B64A29.d.8FE6D5B4112FC7E47294D0E6183949FC.e.21104/click - {}
RESULT: {}
COMMAND: GET /session/ba2432913a596e5fc4fa14806f816f85/screenshot - {}
RESULT: {}
COMMAND: POST /session/ba2432913a596e5fc4fa14806f816f85/element - {"using":"xpath","value":"//button[@data-kt=\"saveButton\"]"}
RESULT: {"using":"xpath","value":"//button[@data-kt=\"saveButton\"]"}
COMMAND: POST /session/ba2432913a596e5fc4fa14806f816f85/element/f.FF9A1E5259EB1E6B709B859A36B64A29.d.8FE6D5B4112FC7E47294D0E6183949FC.e.21094/click - {}
RESULT: {}
COMMAND: GET /session/ba2432913a596e5fc4fa14806f816f85/screenshot - {}
RESULT: {}
COMMAND: POST /session/ba2432913a596e5fc4fa14806f816f85/element - {"using":"xpath","value":"//span[contains(@id ,\"contractDetailTitleNoExpanded\")]"}
RESULT: {"using":"xpath","value":"//span[contains(@id ,\"contractDetailTitleNoExpanded\")]"}
COMMAND: POST /session/ba2432913a596e5fc4fa14806f816f85/elements - {"using":"xpath","value":"//span[contains(@id ,\"contractDetailTitleNoExpanded\")]"}
RESULT: {"using":"xpath","value":"//span[contains(@id ,\"contractDetailTitleNoExpanded\")]"}
COMMAND: POST /session/ba2432913a596e5fc4fa14806f816f85/execute/sync - {"script":"<script> [56 bytes]","args":[{"element-6066-11e4-a52e-4f735466cecf":"f.FF9A1E5259EB1E6B709B859A36B64A29.d.8FE6D5B4112FC7E47294D0E6183949FC.e.21114","ELEMENT":"f.FF9A1E5259EB1E6B709B859A36B64A29.d.8FE6D5B4112FC7E47294D0E6183949FC.e.21114"}]}
RESULT: {"script":"<script> [56 bytes]","args":[{"element-6066-11e4-a52e-4f735466cecf":"f.FF9A1E5259EB1E6B709B859A36B64A29.d.8FE6D5B4112FC7E47294D0E6183949FC.e.21114","ELEMENT":"f.FF9A1E5259EB1E6B709B859A36B64A29.d.8FE6D5B4112FC7E47294D0E6183949FC.e.21114"}]}
COMMAND: GET /session/ba2432913a596e5fc4fa14806f816f85/screenshot - {}
RESULT: {}
]]></system-out>
    </testcase>
    <testcase classname="chrome.135_0_7049_96.windows.Billing_Calculation_-_Time_based_(considering_transport_times)_US139738" name="Should add transport time checkbox on contract details" time="19.131">
      <system-out><![CDATA[
COMMAND: POST /session/ba2432913a596e5fc4fa14806f816f85/element - {"using":"xpath","value":"//button[@data-kt=\"contractDetailEditBtnButton\"]"}
RESULT: {"using":"xpath","value":"//button[@data-kt=\"contractDetailEditBtnButton\"]"}
COMMAND: POST /session/ba2432913a596e5fc4fa14806f816f85/element/f.FF9A1E5259EB1E6B709B859A36B64A29.d.8FE6D5B4112FC7E47294D0E6183949FC.e.21116/click - {}
RESULT: {}
COMMAND: GET /session/ba2432913a596e5fc4fa14806f816f85/screenshot - {}
RESULT: {}
COMMAND: POST /session/ba2432913a596e5fc4fa14806f816f85/element - {"using":"xpath","value":"(//span[contains(text(), \"Contract Billing\")])[2]"}
RESULT: {"using":"xpath","value":"(//span[contains(text(), \"Contract Billing\")])[2]"}
COMMAND: POST /session/ba2432913a596e5fc4fa14806f816f85/element/f.FF9A1E5259EB1E6B709B859A36B64A29.d.8FE6D5B4112FC7E47294D0E6183949FC.e.21171/click - {}
RESULT: {}
COMMAND: GET /session/ba2432913a596e5fc4fa14806f816f85/screenshot - {}
RESULT: {}
COMMAND: POST /session/ba2432913a596e5fc4fa14806f816f85/element - {"using":"xpath","value":"(//div[contains(@id, \"transportTimesBilled-CbBg\")])"}
RESULT: {"using":"xpath","value":"(//div[contains(@id, \"transportTimesBilled-CbBg\")])"}
COMMAND: POST /session/ba2432913a596e5fc4fa14806f816f85/element/f.FF9A1E5259EB1E6B709B859A36B64A29.d.8FE6D5B4112FC7E47294D0E6183949FC.e.21201/click - {}
RESULT: {}
COMMAND: GET /session/ba2432913a596e5fc4fa14806f816f85/screenshot - {}
RESULT: {}
COMMAND: POST /session/ba2432913a596e5fc4fa14806f816f85/element - {"using":"xpath","value":"(//button[@data-kt=\"saveButton\"])[2]"}
RESULT: {"using":"xpath","value":"(//button[@data-kt=\"saveButton\"])[2]"}
COMMAND: POST /session/ba2432913a596e5fc4fa14806f816f85/element/f.FF9A1E5259EB1E6B709B859A36B64A29.d.8FE6D5B4112FC7E47294D0E6183949FC.e.21202/click - {}
RESULT: {}
COMMAND: GET /session/ba2432913a596e5fc4fa14806f816f85/screenshot - {}
RESULT: {}
]]></system-out>
    </testcase>
    <testcase classname="chrome.135_0_7049_96.windows.Billing_Calculation_-_Time_based_(considering_transport_times)_US139738" name="Should add created equipment to contract" time="53.625">
      <system-out><![CDATA[
COMMAND: POST /session/ba2432913a596e5fc4fa14806f816f85/element - {"using":"xpath","value":"//button[@data-kt=\"contractDetailEditBtnButton\"]"}
RESULT: {"using":"xpath","value":"//button[@data-kt=\"contractDetailEditBtnButton\"]"}
COMMAND: POST /session/ba2432913a596e5fc4fa14806f816f85/element/f.FF9A1E5259EB1E6B709B859A36B64A29.d.8FE6D5B4112FC7E47294D0E6183949FC.e.21116/click - {}
RESULT: {}
COMMAND: GET /session/ba2432913a596e5fc4fa14806f816f85/screenshot - {}
RESULT: {}
COMMAND: POST /session/ba2432913a596e5fc4fa14806f816f85/element - {"using":"xpath","value":"(//span[contains(text(), \"Additional Addresses\")])[2]"}
RESULT: {"using":"xpath","value":"(//span[contains(text(), \"Additional Addresses\")])[2]"}
COMMAND: POST /session/ba2432913a596e5fc4fa14806f816f85/element/f.FF9A1E5259EB1E6B709B859A36B64A29.d.8FE6D5B4112FC7E47294D0E6183949FC.e.21219/click - {}
RESULT: {}
COMMAND: GET /session/ba2432913a596e5fc4fa14806f816f85/screenshot - {}
RESULT: {}
COMMAND: POST /session/ba2432913a596e5fc4fa14806f816f85/element - {"using":"xpath","value":"//button[@data-kt=\"btnAddTableRowOverflowToolbarButton\"]"}
RESULT: {"using":"xpath","value":"//button[@data-kt=\"btnAddTableRowOverflowToolbarButton\"]"}
COMMAND: POST /session/ba2432913a596e5fc4fa14806f816f85/element/f.FF9A1E5259EB1E6B709B859A36B64A29.d.8FE6D5B4112FC7E47294D0E6183949FC.e.21222/click - {}
RESULT: {}
COMMAND: GET /session/ba2432913a596e5fc4fa14806f816f85/screenshot - {}
RESULT: {}
COMMAND: POST /session/ba2432913a596e5fc4fa14806f816f85/element - {"using":"xpath","value":"//div[(text() = 'Standard Entry' or . = 'Standard Entry')]"}
RESULT: {"using":"xpath","value":"//div[(text() = 'Standard Entry' or . = 'Standard Entry')]"}
COMMAND: POST /session/ba2432913a596e5fc4fa14806f816f85/element/f.FF9A1E5259EB1E6B709B859A36B64A29.d.8FE6D5B4112FC7E47294D0E6183949FC.e.21224/click - {}
RESULT: {}
COMMAND: GET /session/ba2432913a596e5fc4fa14806f816f85/screenshot - {}
RESULT: {}
COMMAND: POST /session/ba2432913a596e5fc4fa14806f816f85/element - {"using":"xpath","value":"//td[7]/div/div/input"}
RESULT: {"using":"xpath","value":"//td[7]/div/div/input"}
COMMAND: POST /session/ba2432913a596e5fc4fa14806f816f85/element/f.FF9A1E5259EB1E6B709B859A36B64A29.d.8FE6D5B4112FC7E47294D0E6183949FC.e.21233/clear - {}
RESULT: {}
COMMAND: POST /session/ba2432913a596e5fc4fa14806f816f85/element/f.FF9A1E5259EB1E6B709B859A36B64A29.d.8FE6D5B4112FC7E47294D0E6183949FC.e.21233/value - {"text":"mUDxZdRhYI"}
COMMAND: GET /session/ba2432913a596e5fc4fa14806f816f85/screenshot - {}
RESULT: {"text":"mUDxZdRhYI"}
COMMAND: GET /session/ba2432913a596e5fc4fa14806f816f85/screenshot - {}
RESULT: {}
RESULT: {}
COMMAND: POST /session/ba2432913a596e5fc4fa14806f816f85/actions - {"actions":[{"id":"action76","type":"key","parameters":{},"actions":[{"type":"keyDown","value":"î€‡"},{"type":"pause","duration":10},{"type":"keyUp","value":"î€‡"}]}]}
RESULT: {"actions":[{"id":"action76","type":"key","parameters":{},"actions":[{"type":"keyDown","value":"î€‡"},{"type":"pause","duration":10},{"type":"keyUp","value":"î€‡"}]}]}
COMMAND: GET /session/ba2432913a596e5fc4fa14806f816f85/screenshot - {}
RESULT: {}
COMMAND: POST /session/ba2432913a596e5fc4fa14806f816f85/execute/sync - {"script":"<script> [276 bytes]","args":["No pricing information was found"]}
RESULT: {"script":"<script> [276 bytes]","args":["No pricing information was found"]}
COMMAND: POST /session/ba2432913a596e5fc4fa14806f816f85/element - {"using":"xpath","value":"(//button[@data-kt=\"saveButton\"])[2]"}
COMMAND: GET /session/ba2432913a596e5fc4fa14806f816f85/screenshot - {}
RESULT: {"using":"xpath","value":"(//button[@data-kt=\"saveButton\"])[2]"}
COMMAND: POST /session/ba2432913a596e5fc4fa14806f816f85/element/f.FF9A1E5259EB1E6B709B859A36B64A29.d.8FE6D5B4112FC7E47294D0E6183949FC.e.21202/click - {}
RESULT: {}
RESULT: {}
COMMAND: GET /session/ba2432913a596e5fc4fa14806f816f85/screenshot - {}
RESULT: {}
COMMAND: POST /session/ba2432913a596e5fc4fa14806f816f85/execute/sync - {"script":"<script> [276 bytes]","args":["Some contract items are having rental validity exceeding header rental validity"]}
RESULT: {"script":"<script> [276 bytes]","args":["Some contract items are having rental validity exceeding header rental validity"]}
COMMAND: GET /session/ba2432913a596e5fc4fa14806f816f85/screenshot - {}
RESULT: {}
COMMAND: POST /session/ba2432913a596e5fc4fa14806f816f85/element - {"using":"xpath","value":"//span[contains(@id ,\"contractItemsSmartTable-header-inner\")]"}
RESULT: {"using":"xpath","value":"//span[contains(@id ,\"contractItemsSmartTable-header-inner\")]"}
COMMAND: POST /session/ba2432913a596e5fc4fa14806f816f85/elements - {"using":"xpath","value":"//span[contains(@id ,\"contractItemsSmartTable-header-inner\")]"}
RESULT: {"using":"xpath","value":"//span[contains(@id ,\"contractItemsSmartTable-header-inner\")]"}
COMMAND: POST /session/ba2432913a596e5fc4fa14806f816f85/execute/sync - {"script":"<script> [56 bytes]","args":[{"element-6066-11e4-a52e-4f735466cecf":"f.FF9A1E5259EB1E6B709B859A36B64A29.d.8FE6D5B4112FC7E47294D0E6183949FC.e.21255","ELEMENT":"f.FF9A1E5259EB1E6B709B859A36B64A29.d.8FE6D5B4112FC7E47294D0E6183949FC.e.21255"}]}
RESULT: {"script":"<script> [56 bytes]","args":[{"element-6066-11e4-a52e-4f735466cecf":"f.FF9A1E5259EB1E6B709B859A36B64A29.d.8FE6D5B4112FC7E47294D0E6183949FC.e.21255","ELEMENT":"f.FF9A1E5259EB1E6B709B859A36B64A29.d.8FE6D5B4112FC7E47294D0E6183949FC.e.21255"}]}
]]></system-out>
    </testcase>
    <testcase classname="chrome.135_0_7049_96.windows.Billing_Calculation_-_Time_based_(considering_transport_times)_US139738" name="Should do a provide to site 2 step" time="149.842">
      <system-out><![CDATA[
COMMAND: POST /session/ba2432913a596e5fc4fa14806f816f85/element - {"using":"xpath","value":"//button[@data-kt=\"provideButton\"]"}
COMMAND: GET /session/ba2432913a596e5fc4fa14806f816f85/screenshot - {}
RESULT: {"using":"xpath","value":"//button[@data-kt=\"provideButton\"]"}
COMMAND: POST /session/ba2432913a596e5fc4fa14806f816f85/element/f.FF9A1E5259EB1E6B709B859A36B64A29.d.8FE6D5B4112FC7E47294D0E6183949FC.e.21256/click - {}
RESULT: {}
RESULT: {}
COMMAND: GET /session/ba2432913a596e5fc4fa14806f816f85/screenshot - {}
RESULT: {}
COMMAND: POST /session/ba2432913a596e5fc4fa14806f816f85/element - {"using":"xpath","value":"(//div[contains(@id, \"application-managehandovers-display-component---AddNewHO--oneStep-CbBg\")])"}
RESULT: {"using":"xpath","value":"(//div[contains(@id, \"application-managehandovers-display-component---AddNewHO--oneStep-CbBg\")])"}
COMMAND: POST /session/ba2432913a596e5fc4fa14806f816f85/element - {"using":"xpath","value":"(//div[contains(@id, \"application-managehandovers-display-component---AddNewHO--oneStep-CbBg\")])/input"}
RESULT: {"using":"xpath","value":"(//div[contains(@id, \"application-managehandovers-display-component---AddNewHO--oneStep-CbBg\")])/input"}
COMMAND: GET /session/ba2432913a596e5fc4fa14806f816f85/element/f.FF9A1E5259EB1E6B709B859A36B64A29.d.8FE6D5B4112FC7E47294D0E6183949FC.e.21337/attribute/checked - {}
RESULT: {}
RESULT: undefined
COMMAND: POST /session/ba2432913a596e5fc4fa14806f816f85/execute/async - {"script":"<script> [6424 bytes]","args":[{"element-6066-11e4-a52e-4f735466cecf":"f.FF9A1E5259EB1E6B709B859A36B64A29.d.8FE6D5B4112FC7E47294D0E6183949FC.e.20311"},"setValue",["05/03/2025"]]}
COMMAND: POST /session/ba2432913a596e5fc4fa14806f816f85/element/f.FF9A1E5259EB1E6B709B859A36B64A29.d.8FE6D5B4112FC7E47294D0E6183949FC.e.21539/click - {}
RESULT: {}
COMMAND: GET /session/ba2432913a596e5fc4fa14806f816f85/screenshot - {}
COMMAND: POST /session/ba2432913a596e5fc4fa14806f816f85/execute/async - {"script":"<script> [1562 bytes]","args":[{"selector":{"id":"application-managehandovers-display-component---AddNewHO--dueDate","interaction":{"idSuffix":"inner"}},"wdio_ui5_key":"applicationmanagehandovers-display-component---AddNewHO--dueDate"}]}
RESULT: {}
RESULT: {"script":"<script> [1562 bytes]","args":[{"selector":{"id":"application-managehandovers-display-component---AddNewHO--dueDate","interaction":{"idSuffix":"inner"}},"wdio_ui5_key":"applicationmanagehandovers-display-component---AddNewHO--dueDate"}]}
COMMAND: POST /session/ba2432913a596e5fc4fa14806f816f85/execute/async - {"script":"<script> [6424 bytes]","args":[{"element-6066-11e4-a52e-4f735466cecf":"f.FF9A1E5259EB1E6B709B859A36B64A29.d.8FE6D5B4112FC7E47294D0E6183949FC.e.21333"},"setValue",["05/03/2025"]]}
RESULT: {"script":"<script> [6424 bytes]","args":[{"element-6066-11e4-a52e-4f735466cecf":"f.FF9A1E5259EB1E6B709B859A36B64A29.d.8FE6D5B4112FC7E47294D0E6183949FC.e.21333"},"setValue",["05/03/2025"]]}
COMMAND: POST /session/ba2432913a596e5fc4fa14806f816f85/element - {"using":"xpath","value":"//bdi[contains(text(), \"Instructions\")]"}
RESULT: {"using":"xpath","value":"//bdi[contains(text(), \"Instructions\")]"}
COMMAND: POST /session/ba2432913a596e5fc4fa14806f816f85/element/f.FF9A1E5259EB1E6B709B859A36B64A29.d.8FE6D5B4112FC7E47294D0E6183949FC.e.21543/click - {}
RESULT: {}
COMMAND: GET /session/ba2432913a596e5fc4fa14806f816f85/screenshot - {}
RESULT: {}
COMMAND: POST /session/ba2432913a596e5fc4fa14806f816f85/element - {"using":"xpath","value":"//button[@data-kt=\"AddNewHOProvideAddItemsButton\"]"}
RESULT: {"using":"xpath","value":"//button[@data-kt=\"AddNewHOProvideAddItemsButton\"]"}
COMMAND: POST /session/ba2432913a596e5fc4fa14806f816f85/element/f.FF9A1E5259EB1E6B709B859A36B64A29.d.8FE6D5B4112FC7E47294D0E6183949FC.e.21547/click - {}
RESULT: {}
COMMAND: GET /session/ba2432913a596e5fc4fa14806f816f85/screenshot - {}
RESULT: undefined
COMMAND: POST /session/ba2432913a596e5fc4fa14806f816f85/element - {"using":"xpath","value":"//*[@id=\"application-managehandovers-display-component---AddNewHO--popup-sa\"]"}
RESULT: {}
RESULT: {"using":"xpath","value":"//*[@id=\"application-managehandovers-display-component---AddNewHO--popup-sa\"]"}
COMMAND: POST /session/ba2432913a596e5fc4fa14806f816f85/element/f.FF9A1E5259EB1E6B709B859A36B64A29.d.8FE6D5B4112FC7E47294D0E6183949FC.e.21563/click - {}
RESULT: {}
COMMAND: GET /session/ba2432913a596e5fc4fa14806f816f85/screenshot - {}
RESULT: {}
COMMAND: POST /session/ba2432913a596e5fc4fa14806f816f85/element - {"using":"xpath","value":"//*[contains(@id ,\"BDI-content\")][contains(text(), \"Select\")]"}
RESULT: {"using":"xpath","value":"//*[contains(@id ,\"BDI-content\")][contains(text(), \"Select\")]"}
COMMAND: POST /session/ba2432913a596e5fc4fa14806f816f85/element/f.FF9A1E5259EB1E6B709B859A36B64A29.d.8FE6D5B4112FC7E47294D0E6183949FC.e.21565/click - {}
RESULT: {}
COMMAND: GET /session/ba2432913a596e5fc4fa14806f816f85/screenshot - {}
RESULT: {}
COMMAND: POST /session/ba2432913a596e5fc4fa14806f816f85/execute/async - {"script":"<script> [1562 bytes]","args":[{"selector":{"id":"application-managehandovers-display-component---AddNewHO--confirmCreationButton","interaction":{"idSuffix":"BDI-content"}},"wdio_ui5_key":"applicationmanagehandovers-display-component---AddNewHO--confirmCreationButton"}]}
RESULT: {"script":"<script> [1562 bytes]","args":[{"selector":{"id":"application-managehandovers-display-component---AddNewHO--confirmCreationButton","interaction":{"idSuffix":"BDI-content"}},"wdio_ui5_key":"applicationmanagehandovers-display-component---AddNewHO--confirmCreationButton"}]}
RESULT: undefined
COMMAND: POST /session/ba2432913a596e5fc4fa14806f816f85/element - {"using":"xpath","value":"//*[@id=\"application-managehandovers-display-component---AddNewHO--confirmCreationButton\"]"}
RESULT: {"using":"xpath","value":"//*[@id=\"application-managehandovers-display-component---AddNewHO--confirmCreationButton\"]"}
COMMAND: POST /session/ba2432913a596e5fc4fa14806f816f85/element/f.FF9A1E5259EB1E6B709B859A36B64A29.d.8FE6D5B4112FC7E47294D0E6183949FC.e.21357/click - {}
RESULT: {}
COMMAND: GET /session/ba2432913a596e5fc4fa14806f816f85/screenshot - {}
COMMAND: POST /session/ba2432913a596e5fc4fa14806f816f85/element - {"using":"xpath","value":"//button[@data-kt=\"PickingTableConfirmAllButton\"]"}
RESULT: {}
RESULT: {"using":"xpath","value":"//button[@data-kt=\"PickingTableConfirmAllButton\"]"}
COMMAND: POST /session/ba2432913a596e5fc4fa14806f816f85/elements - {"using":"xpath","value":"//button[@data-kt=\"PickingTableConfirmAllButton\"]"}
RESULT: {"using":"xpath","value":"//button[@data-kt=\"PickingTableConfirmAllButton\"]"}
COMMAND: POST /session/ba2432913a596e5fc4fa14806f816f85/elements - {"using":"xpath","value":"//button[@data-kt=\"PickingTableConfirmAllButton\"]"}
RESULT: {"using":"xpath","value":"//button[@data-kt=\"PickingTableConfirmAllButton\"]"}
COMMAND: POST /session/ba2432913a596e5fc4fa14806f816f85/element - {"using":"xpath","value":"//button[@data-kt=\"PickingTableConfirmAllButton\"]"}
RESULT: {"using":"xpath","value":"//button[@data-kt=\"PickingTableConfirmAllButton\"]"}
COMMAND: POST /session/ba2432913a596e5fc4fa14806f816f85/element/f.FF9A1E5259EB1E6B709B859A36B64A29.d.8FE6D5B4112FC7E47294D0E6183949FC.e.21603/click - {}
COMMAND: POST /session/ba2432913a596e5fc4fa14806f816f85/element - {"using":"xpath","value":"//button[@data-kt=\"PickingTableConfirmAllButton\"]"}
RESULT: {"using":"xpath","value":"//button[@data-kt=\"PickingTableConfirmAllButton\"]"}
COMMAND: POST /session/ba2432913a596e5fc4fa14806f816f85/element/f.FF9A1E5259EB1E6B709B859A36B64A29.d.8FE6D5B4112FC7E47294D0E6183949FC.e.21603/click - {}
COMMAND: POST /session/ba2432913a596e5fc4fa14806f816f85/element - {"using":"xpath","value":"//button[@data-kt=\"PickingTableConfirmAllButton\"]"}
RESULT: {"using":"xpath","value":"//button[@data-kt=\"PickingTableConfirmAllButton\"]"}
COMMAND: POST /session/ba2432913a596e5fc4fa14806f816f85/element/f.FF9A1E5259EB1E6B709B859A36B64A29.d.8FE6D5B4112FC7E47294D0E6183949FC.e.21627/click - {}
RESULT: {}
COMMAND: GET /session/ba2432913a596e5fc4fa14806f816f85/screenshot - {}
RESULT: {}
COMMAND: POST /session/ba2432913a596e5fc4fa14806f816f85/element - {"using":"xpath","value":"//bdi[contains(text(), \"OK\")]"}
RESULT: {"using":"xpath","value":"//bdi[contains(text(), \"OK\")]"}
COMMAND: POST /session/ba2432913a596e5fc4fa14806f816f85/element/f.FF9A1E5259EB1E6B709B859A36B64A29.d.8FE6D5B4112FC7E47294D0E6183949FC.e.21629/click - {}
RESULT: {}
COMMAND: GET /session/ba2432913a596e5fc4fa14806f816f85/screenshot - {}
RESULT: {}
COMMAND: POST /session/ba2432913a596e5fc4fa14806f816f85/element - {"using":"xpath","value":"//button[@data-kt=\"execHoPickButton\"]"}
RESULT: {"using":"xpath","value":"//button[@data-kt=\"execHoPickButton\"]"}
COMMAND: POST /session/ba2432913a596e5fc4fa14806f816f85/element/f.FF9A1E5259EB1E6B709B859A36B64A29.d.8FE6D5B4112FC7E47294D0E6183949FC.e.21631/click - {}
RESULT: {}
COMMAND: GET /session/ba2432913a596e5fc4fa14806f816f85/screenshot - {}
RESULT: {}
COMMAND: POST /session/ba2432913a596e5fc4fa14806f816f85/element - {"using":"xpath","value":"//span[contains(@id ,\"filterItemControl_BASIC-RECEIVE_CONTRACT-vhi\")]"}
RESULT: {"using":"xpath","value":"//span[contains(@id ,\"filterItemControl_BASIC-RECEIVE_CONTRACT-vhi\")]"}
COMMAND: POST /session/ba2432913a596e5fc4fa14806f816f85/element/f.FF9A1E5259EB1E6B709B859A36B64A29.d.8FE6D5B4112FC7E47294D0E6183949FC.e.21801/click - {}
RESULT: {}
COMMAND: GET /session/ba2432913a596e5fc4fa14806f816f85/screenshot - {}
RESULT: {}
COMMAND: POST /session/ba2432913a596e5fc4fa14806f816f85/execute/async - {"script":"<script> [1562 bytes]","args":[{"selector":{"controlType":"sap.m.SearchField","viewName":"etm.portal.ui.managehandovers.view.MasterHO","bindingPath":{"path":"","propertyPath":"/_BASIC_SEARCH_FIELD","modelName":"fi1t3rM0d31"},"searchOpenDialogs":true,"interaction":{"idSuffix":"I"}},"wdio_ui5_key":"etmportal.ui.managehandovers.view.MasterHOsap.m.SearchField{\"path\":\"\",\"propertyPath\":\"/_BASIC_SEARCH_FIELD\",\"modelName\":\"fi1t3rM0d31\"}"}]}
RESULT: {"script":"<script> [1562 bytes]","args":[{"selector":{"controlType":"sap.m.SearchField","viewName":"etm.portal.ui.managehandovers.view.MasterHO","bindingPath":{"path":"","propertyPath":"/_BASIC_SEARCH_FIELD","modelName":"fi1t3rM0d31"},"searchOpenDialogs":true,"interaction":{"idSuffix":"I"}},"wdio_ui5_key":"etmportal.ui.managehandovers.view.MasterHOsap.m.SearchField{\"path\":\"\",\"propertyPath\":\"/_BASIC_SEARCH_FIELD\",\"modelName\":\"fi1t3rM0d31\"}"}]}
RESULT: undefined
COMMAND: POST /session/ba2432913a596e5fc4fa14806f816f85/execute/async - {"script":"<script> [776 bytes]","args":[{"enterText":"10495","selector":{"controlType":"sap.m.SearchField","viewName":"etm.portal.ui.managehandovers.view.MasterHO","bindingPath":{"path":"","propertyPath":"/_BASIC_SEARCH_FIELD","modelName":"fi1t3rM0d31"},"searchOpenDialogs":true,"interaction":{"idSuffix":"I"}},"clearTextFirst":true,"interactionType":"ENTER_TEXT"}]}
RESULT: {"script":"<script> [776 bytes]","args":[{"enterText":"10495","selector":{"controlType":"sap.m.SearchField","viewName":"etm.portal.ui.managehandovers.view.MasterHO","bindingPath":{"path":"","propertyPath":"/_BASIC_SEARCH_FIELD","modelName":"fi1t3rM0d31"},"searchOpenDialogs":true,"interaction":{"idSuffix":"I"}},"clearTextFirst":true,"interactionType":"ENTER_TEXT"}]}
COMMAND: POST /session/ba2432913a596e5fc4fa14806f816f85/actions - {"actions":[{"id":"action77","type":"key","parameters":{},"actions":[{"type":"keyDown","value":"î€‡"},{"type":"pause","duration":10},{"type":"keyUp","value":"î€‡"}]}]}
RESULT: {"actions":[{"id":"action77","type":"key","parameters":{},"actions":[{"type":"keyDown","value":"î€‡"},{"type":"pause","duration":10},{"type":"keyUp","value":"î€‡"}]}]}
COMMAND: GET /session/ba2432913a596e5fc4fa14806f816f85/screenshot - {}
RESULT: {}
COMMAND: POST /session/ba2432913a596e5fc4fa14806f816f85/element - {"using":"xpath","value":"//div[contains(@id, 'filterItemControl_BASIC-RECEIVE_CONTRACT-valueHelpDialog-table-rowsel0')]"}
RESULT: {"using":"xpath","value":"//div[contains(@id, 'filterItemControl_BASIC-RECEIVE_CONTRACT-valueHelpDialog-table-rowsel0')]"}
COMMAND: POST /session/ba2432913a596e5fc4fa14806f816f85/element/f.FF9A1E5259EB1E6B709B859A36B64A29.d.8FE6D5B4112FC7E47294D0E6183949FC.e.21811/click - {}
RESULT: {}
COMMAND: GET /session/ba2432913a596e5fc4fa14806f816f85/screenshot - {}
RESULT: {}
COMMAND: POST /session/ba2432913a596e5fc4fa14806f816f85/element - {"using":"xpath","value":"//bdi[contains(text(), \"OK\")]"}
RESULT: {"using":"xpath","value":"//bdi[contains(text(), \"OK\")]"}
COMMAND: POST /session/ba2432913a596e5fc4fa14806f816f85/element/f.FF9A1E5259EB1E6B709B859A36B64A29.d.8FE6D5B4112FC7E47294D0E6183949FC.e.21813/click - {}
RESULT: {}
COMMAND: GET /session/ba2432913a596e5fc4fa14806f816f85/screenshot - {}
RESULT: {}
COMMAND: POST /session/ba2432913a596e5fc4fa14806f816f85/element - {"using":"xpath","value":"//span[contains(@id, \"smartTable-header-inner\")]"}
RESULT: {"using":"xpath","value":"//span[contains(@id, \"smartTable-header-inner\")]"}
COMMAND: POST /session/ba2432913a596e5fc4fa14806f816f85/elements - {"using":"xpath","value":"//span[contains(@id, \"smartTable-header-inner\")]"}
RESULT: {"using":"xpath","value":"//span[contains(@id, \"smartTable-header-inner\")]"}
COMMAND: POST /session/ba2432913a596e5fc4fa14806f816f85/execute/sync - {"script":"<script> [56 bytes]","args":[{"element-6066-11e4-a52e-4f735466cecf":"f.FF9A1E5259EB1E6B709B859A36B64A29.d.8FE6D5B4112FC7E47294D0E6183949FC.e.21841","ELEMENT":"f.FF9A1E5259EB1E6B709B859A36B64A29.d.8FE6D5B4112FC7E47294D0E6183949FC.e.21841"}]}
RESULT: {"script":"<script> [56 bytes]","args":[{"element-6066-11e4-a52e-4f735466cecf":"f.FF9A1E5259EB1E6B709B859A36B64A29.d.8FE6D5B4112FC7E47294D0E6183949FC.e.21841","ELEMENT":"f.FF9A1E5259EB1E6B709B859A36B64A29.d.8FE6D5B4112FC7E47294D0E6183949FC.e.21841"}]}
COMMAND: POST /session/ba2432913a596e5fc4fa14806f816f85/element - {"using":"xpath","value":"//table[contains(@id, \"customHandovers\")]//tbody/tr[1]/td[2]/span"}
COMMAND: GET /session/ba2432913a596e5fc4fa14806f816f85/screenshot - {}
RESULT: {"using":"xpath","value":"//table[contains(@id, \"customHandovers\")]//tbody/tr[1]/td[2]/span"}
COMMAND: POST /session/ba2432913a596e5fc4fa14806f816f85/execute/sync - {"script":"<script> [56 bytes]","args":[{"element-6066-11e4-a52e-4f735466cecf":"f.FF9A1E5259EB1E6B709B859A36B64A29.d.8FE6D5B4112FC7E47294D0E6183949FC.e.21842","ELEMENT":"f.FF9A1E5259EB1E6B709B859A36B64A29.d.8FE6D5B4112FC7E47294D0E6183949FC.e.21842"}]}
RESULT: {}
RESULT: {"script":"<script> [56 bytes]","args":[{"element-6066-11e4-a52e-4f735466cecf":"f.FF9A1E5259EB1E6B709B859A36B64A29.d.8FE6D5B4112FC7E47294D0E6183949FC.e.21842","ELEMENT":"f.FF9A1E5259EB1E6B709B859A36B64A29.d.8FE6D5B4112FC7E47294D0E6183949FC.e.21842"}]}
COMMAND: POST /session/ba2432913a596e5fc4fa14806f816f85/element - {"using":"xpath","value":"(//span[contains(@id, \"imgNav\")])[1]"}
COMMAND: GET /session/ba2432913a596e5fc4fa14806f816f85/screenshot - {}
RESULT: {"using":"xpath","value":"(//span[contains(@id, \"imgNav\")])[1]"}
COMMAND: POST /session/ba2432913a596e5fc4fa14806f816f85/element/f.FF9A1E5259EB1E6B709B859A36B64A29.d.8FE6D5B4112FC7E47294D0E6183949FC.e.21840/click - {}
RESULT: {}
RESULT: {}
COMMAND: GET /session/ba2432913a596e5fc4fa14806f816f85/screenshot - {}
RESULT: {}
COMMAND: POST /session/ba2432913a596e5fc4fa14806f816f85/element - {"using":"xpath","value":"//button[@data-kt=\"PickingTableConfirmAllButton\"]"}
RESULT: {"using":"xpath","value":"//button[@data-kt=\"PickingTableConfirmAllButton\"]"}
COMMAND: POST /session/ba2432913a596e5fc4fa14806f816f85/element/f.FF9A1E5259EB1E6B709B859A36B64A29.d.8FE6D5B4112FC7E47294D0E6183949FC.e.21882/click - {}
RESULT: {}
COMMAND: GET /session/ba2432913a596e5fc4fa14806f816f85/screenshot - {}
RESULT: {}
COMMAND: POST /session/ba2432913a596e5fc4fa14806f816f85/element - {"using":"xpath","value":"//bdi[contains(text(), \"OK\")]"}
RESULT: {"using":"xpath","value":"//bdi[contains(text(), \"OK\")]"}
COMMAND: POST /session/ba2432913a596e5fc4fa14806f816f85/element/f.FF9A1E5259EB1E6B709B859A36B64A29.d.8FE6D5B4112FC7E47294D0E6183949FC.e.21892/click - {}
RESULT: {}
COMMAND: GET /session/ba2432913a596e5fc4fa14806f816f85/screenshot - {}
RESULT: {}
COMMAND: POST /session/ba2432913a596e5fc4fa14806f816f85/element - {"using":"xpath","value":"//button[@data-kt=\"execHoIssueButton\"]"}
RESULT: {"using":"xpath","value":"//button[@data-kt=\"execHoIssueButton\"]"}
COMMAND: POST /session/ba2432913a596e5fc4fa14806f816f85/element/f.FF9A1E5259EB1E6B709B859A36B64A29.d.8FE6D5B4112FC7E47294D0E6183949FC.e.21894/click - {}
RESULT: {}
COMMAND: GET /session/ba2432913a596e5fc4fa14806f816f85/screenshot - {}
RESULT: {}
COMMAND: POST /session/ba2432913a596e5fc4fa14806f816f85/element - {"using":"xpath","value":"//input[contains(@id ,\"smartFilterBar-btnBasicSearch-I\")]"}
RESULT: {"using":"xpath","value":"//input[contains(@id ,\"smartFilterBar-btnBasicSearch-I\")]"}
COMMAND: POST /session/ba2432913a596e5fc4fa14806f816f85/elements - {"using":"xpath","value":"//input[contains(@id ,\"smartFilterBar-btnBasicSearch-I\")]"}
RESULT: {"using":"xpath","value":"//input[contains(@id ,\"smartFilterBar-btnBasicSearch-I\")]"}
COMMAND: POST /session/ba2432913a596e5fc4fa14806f816f85/execute/sync - {"script":"<script> [8489 bytes]","args":[{"element-6066-11e4-a52e-4f735466cecf":"f.FF9A1E5259EB1E6B709B859A36B64A29.d.8FE6D5B4112FC7E47294D0E6183949FC.e.21332","ELEMENT":"f.FF9A1E5259EB1E6B709B859A36B64A29.d.8FE6D5B4112FC7E47294D0E6183949FC.e.21332"}]}
RESULT: {"script":"<script> [8489 bytes]","args":[{"element-6066-11e4-a52e-4f735466cecf":"f.FF9A1E5259EB1E6B709B859A36B64A29.d.8FE6D5B4112FC7E47294D0E6183949FC.e.21332","ELEMENT":"f.FF9A1E5259EB1E6B709B859A36B64A29.d.8FE6D5B4112FC7E47294D0E6183949FC.e.21332"}]}
COMMAND: GET /session/ba2432913a596e5fc4fa14806f816f85/element/f.FF9A1E5259EB1E6B709B859A36B64A29.d.8FE6D5B4112FC7E47294D0E6183949FC.e.21332/enabled - {}
COMMAND: GET /session/ba2432913a596e5fc4fa14806f816f85/screenshot - {}
RESULT: {}
COMMAND: POST /session/ba2432913a596e5fc4fa14806f816f85/element/f.FF9A1E5259EB1E6B709B859A36B64A29.d.8FE6D5B4112FC7E47294D0E6183949FC.e.21332/clear - {}
COMMAND: GET /session/ba2432913a596e5fc4fa14806f816f85/screenshot - {}
RESULT: {}
RESULT: {}
COMMAND: POST /session/ba2432913a596e5fc4fa14806f816f85/element/f.FF9A1E5259EB1E6B709B859A36B64A29.d.8FE6D5B4112FC7E47294D0E6183949FC.e.21332/value - {"text":"30728"}
COMMAND: GET /session/ba2432913a596e5fc4fa14806f816f85/screenshot - {}
RESULT: {}
RESULT: {"text":"30728"}
COMMAND: GET /session/ba2432913a596e5fc4fa14806f816f85/screenshot - {}
RESULT: {}
RESULT: {}
COMMAND: POST /session/ba2432913a596e5fc4fa14806f816f85/actions - {"actions":[{"id":"action78","type":"key","parameters":{},"actions":[{"type":"keyDown","value":"î€‡"},{"type":"pause","duration":10},{"type":"keyUp","value":"î€‡"}]}]}
RESULT: {"actions":[{"id":"action78","type":"key","parameters":{},"actions":[{"type":"keyDown","value":"î€‡"},{"type":"pause","duration":10},{"type":"keyUp","value":"î€‡"}]}]}
COMMAND: GET /session/ba2432913a596e5fc4fa14806f816f85/screenshot - {}
RESULT: {}
COMMAND: POST /session/ba2432913a596e5fc4fa14806f816f85/element - {"using":"xpath","value":"//span[contains(@id, \"smartTable-header-inner\")]"}
RESULT: {"using":"xpath","value":"//span[contains(@id, \"smartTable-header-inner\")]"}
COMMAND: POST /session/ba2432913a596e5fc4fa14806f816f85/elements - {"using":"xpath","value":"//span[contains(@id, \"smartTable-header-inner\")]"}
RESULT: {"using":"xpath","value":"//span[contains(@id, \"smartTable-header-inner\")]"}
COMMAND: POST /session/ba2432913a596e5fc4fa14806f816f85/execute/sync - {"script":"<script> [56 bytes]","args":[{"element-6066-11e4-a52e-4f735466cecf":"f.FF9A1E5259EB1E6B709B859A36B64A29.d.8FE6D5B4112FC7E47294D0E6183949FC.e.21841","ELEMENT":"f.FF9A1E5259EB1E6B709B859A36B64A29.d.8FE6D5B4112FC7E47294D0E6183949FC.e.21841"}]}
RESULT: {"script":"<script> [56 bytes]","args":[{"element-6066-11e4-a52e-4f735466cecf":"f.FF9A1E5259EB1E6B709B859A36B64A29.d.8FE6D5B4112FC7E47294D0E6183949FC.e.21841","ELEMENT":"f.FF9A1E5259EB1E6B709B859A36B64A29.d.8FE6D5B4112FC7E47294D0E6183949FC.e.21841"}]}
COMMAND: POST /session/ba2432913a596e5fc4fa14806f816f85/elements - {"using":"xpath","value":"//thead[contains(@class, \"sapMTableTH\")]/tr/th"}
COMMAND: GET /session/ba2432913a596e5fc4fa14806f816f85/screenshot - {}
RESULT: {"using":"xpath","value":"//thead[contains(@class, \"sapMTableTH\")]/tr/th"}
COMMAND: GET /session/ba2432913a596e5fc4fa14806f816f85/element/f.FF9A1E5259EB1E6B709B859A36B64A29.d.8FE6D5B4112FC7E47294D0E6183949FC.e.21933/text - {}
RESULT: {}
RESULT: {}
COMMAND: GET /session/ba2432913a596e5fc4fa14806f816f85/element/f.FF9A1E5259EB1E6B709B859A36B64A29.d.8FE6D5B4112FC7E47294D0E6183949FC.e.21934/text - {}
RESULT: {}
COMMAND: GET /session/ba2432913a596e5fc4fa14806f816f85/element/f.FF9A1E5259EB1E6B709B859A36B64A29.d.8FE6D5B4112FC7E47294D0E6183949FC.e.21379/text - {}
RESULT: {}
COMMAND: GET /session/ba2432913a596e5fc4fa14806f816f85/element/f.FF9A1E5259EB1E6B709B859A36B64A29.d.8FE6D5B4112FC7E47294D0E6183949FC.e.21319/text - {}
RESULT: {}
COMMAND: GET /session/ba2432913a596e5fc4fa14806f816f85/element/f.FF9A1E5259EB1E6B709B859A36B64A29.d.8FE6D5B4112FC7E47294D0E6183949FC.e.21896/text - {}
RESULT: {}
COMMAND: GET /session/ba2432913a596e5fc4fa14806f816f85/element/f.FF9A1E5259EB1E6B709B859A36B64A29.d.8FE6D5B4112FC7E47294D0E6183949FC.e.21897/text - {}
RESULT: {}
COMMAND: GET /session/ba2432913a596e5fc4fa14806f816f85/element/f.FF9A1E5259EB1E6B709B859A36B64A29.d.8FE6D5B4112FC7E47294D0E6183949FC.e.21898/text - {}
RESULT: {}
COMMAND: GET /session/ba2432913a596e5fc4fa14806f816f85/element/f.FF9A1E5259EB1E6B709B859A36B64A29.d.8FE6D5B4112FC7E47294D0E6183949FC.e.21899/text - {}
RESULT: {}
COMMAND: GET /session/ba2432913a596e5fc4fa14806f816f85/element/f.FF9A1E5259EB1E6B709B859A36B64A29.d.8FE6D5B4112FC7E47294D0E6183949FC.e.21900/text - {}
RESULT: {}
COMMAND: GET /session/ba2432913a596e5fc4fa14806f816f85/element/f.FF9A1E5259EB1E6B709B859A36B64A29.d.8FE6D5B4112FC7E47294D0E6183949FC.e.21901/text - {}
RESULT: {}
COMMAND: GET /session/ba2432913a596e5fc4fa14806f816f85/element/f.FF9A1E5259EB1E6B709B859A36B64A29.d.8FE6D5B4112FC7E47294D0E6183949FC.e.21902/text - {}
RESULT: {}
COMMAND: GET /session/ba2432913a596e5fc4fa14806f816f85/element/f.FF9A1E5259EB1E6B709B859A36B64A29.d.8FE6D5B4112FC7E47294D0E6183949FC.e.21903/text - {}
RESULT: {}
COMMAND: GET /session/ba2432913a596e5fc4fa14806f816f85/element/f.FF9A1E5259EB1E6B709B859A36B64A29.d.8FE6D5B4112FC7E47294D0E6183949FC.e.21904/text - {}
RESULT: {}
COMMAND: GET /session/ba2432913a596e5fc4fa14806f816f85/element/f.FF9A1E5259EB1E6B709B859A36B64A29.d.8FE6D5B4112FC7E47294D0E6183949FC.e.21320/text - {}
RESULT: {}
COMMAND: POST /session/ba2432913a596e5fc4fa14806f816f85/element - {"using":"xpath","value":"//tbody[contains(@id, \"customHandoversTable-tblBody\")]/tr[1]/td[14]/div/span"}
RESULT: {"using":"xpath","value":"//tbody[contains(@id, \"customHandoversTable-tblBody\")]/tr[1]/td[14]/div/span"}
COMMAND: POST /session/ba2432913a596e5fc4fa14806f816f85/execute/sync - {"script":"<script> [56 bytes]","args":[{"element-6066-11e4-a52e-4f735466cecf":"f.FF9A1E5259EB1E6B709B859A36B64A29.d.8FE6D5B4112FC7E47294D0E6183949FC.e.21986","ELEMENT":"f.FF9A1E5259EB1E6B709B859A36B64A29.d.8FE6D5B4112FC7E47294D0E6183949FC.e.21986"}]}
RESULT: {"script":"<script> [56 bytes]","args":[{"element-6066-11e4-a52e-4f735466cecf":"f.FF9A1E5259EB1E6B709B859A36B64A29.d.8FE6D5B4112FC7E47294D0E6183949FC.e.21986","ELEMENT":"f.FF9A1E5259EB1E6B709B859A36B64A29.d.8FE6D5B4112FC7E47294D0E6183949FC.e.21986"}]}
COMMAND: POST /session/ba2432913a596e5fc4fa14806f816f85/element - {"using":"xpath","value":"(//span[contains(@id, \"imgNav\")])[1]"}
COMMAND: GET /session/ba2432913a596e5fc4fa14806f816f85/screenshot - {}
RESULT: {"using":"xpath","value":"(//span[contains(@id, \"imgNav\")])[1]"}
COMMAND: POST /session/ba2432913a596e5fc4fa14806f816f85/element/f.FF9A1E5259EB1E6B709B859A36B64A29.d.8FE6D5B4112FC7E47294D0E6183949FC.e.21928/click - {}
RESULT: {}
RESULT: {}
COMMAND: GET /session/ba2432913a596e5fc4fa14806f816f85/screenshot - {}
RESULT: {}
RESULT: undefined
COMMAND: POST /session/ba2432913a596e5fc4fa14806f816f85/execute/async - {"script":"<script> [776 bytes]","args":[{"enterText":"05/10/25","selector":{"id":"receiptDatePicker","viewName":"etm.portal.ui.managehandovers.view.DetailExecuteHO","interaction":{"idSuffix":"inner"}},"clearTextFirst":true,"interactionType":"ENTER_TEXT"}]}
RESULT: {"script":"<script> [776 bytes]","args":[{"enterText":"05/10/25","selector":{"id":"receiptDatePicker","viewName":"etm.portal.ui.managehandovers.view.DetailExecuteHO","interaction":{"idSuffix":"inner"}},"clearTextFirst":true,"interactionType":"ENTER_TEXT"}]}
COMMAND: POST /session/ba2432913a596e5fc4fa14806f816f85/element - {"using":"xpath","value":"//button[@data-kt=\"PickingTableConfirmAllButton\"]"}
RESULT: {"using":"xpath","value":"//button[@data-kt=\"PickingTableConfirmAllButton\"]"}
COMMAND: POST /session/ba2432913a596e5fc4fa14806f816f85/element/f.FF9A1E5259EB1E6B709B859A36B64A29.d.8FE6D5B4112FC7E47294D0E6183949FC.e.22001/click - {}
RESULT: {}
COMMAND: GET /session/ba2432913a596e5fc4fa14806f816f85/screenshot - {}
RESULT: {}
COMMAND: POST /session/ba2432913a596e5fc4fa14806f816f85/element - {"using":"xpath","value":"//bdi[contains(text(), \"OK\")]"}
RESULT: {"using":"xpath","value":"//bdi[contains(text(), \"OK\")]"}
COMMAND: POST /session/ba2432913a596e5fc4fa14806f816f85/element/f.FF9A1E5259EB1E6B709B859A36B64A29.d.8FE6D5B4112FC7E47294D0E6183949FC.e.22016/click - {}
RESULT: {}
COMMAND: GET /session/ba2432913a596e5fc4fa14806f816f85/screenshot - {}
RESULT: {}
COMMAND: POST /session/ba2432913a596e5fc4fa14806f816f85/element - {"using":"xpath","value":"//button[@data-kt= \"execHoReceiveButton\"]"}
RESULT: {"using":"xpath","value":"//button[@data-kt= \"execHoReceiveButton\"]"}
COMMAND: POST /session/ba2432913a596e5fc4fa14806f816f85/element/f.FF9A1E5259EB1E6B709B859A36B64A29.d.8FE6D5B4112FC7E47294D0E6183949FC.e.22018/click - {}
RESULT: {}
COMMAND: GET /session/ba2432913a596e5fc4fa14806f816f85/screenshot - {}
RESULT: {}
COMMAND: POST /session/ba2432913a596e5fc4fa14806f816f85/element - {"using":"xpath","value":"//input[contains(@id ,\"smartFilterBar-btnBasicSearch-I\")]"}
RESULT: {"using":"xpath","value":"//input[contains(@id ,\"smartFilterBar-btnBasicSearch-I\")]"}
COMMAND: POST /session/ba2432913a596e5fc4fa14806f816f85/elements - {"using":"xpath","value":"//input[contains(@id ,\"smartFilterBar-btnBasicSearch-I\")]"}
RESULT: {"using":"xpath","value":"//input[contains(@id ,\"smartFilterBar-btnBasicSearch-I\")]"}
COMMAND: POST /session/ba2432913a596e5fc4fa14806f816f85/execute/sync - {"script":"<script> [8489 bytes]","args":[{"element-6066-11e4-a52e-4f735466cecf":"f.FF9A1E5259EB1E6B709B859A36B64A29.d.8FE6D5B4112FC7E47294D0E6183949FC.e.21332","ELEMENT":"f.FF9A1E5259EB1E6B709B859A36B64A29.d.8FE6D5B4112FC7E47294D0E6183949FC.e.21332"}]}
RESULT: {"script":"<script> [8489 bytes]","args":[{"element-6066-11e4-a52e-4f735466cecf":"f.FF9A1E5259EB1E6B709B859A36B64A29.d.8FE6D5B4112FC7E47294D0E6183949FC.e.21332","ELEMENT":"f.FF9A1E5259EB1E6B709B859A36B64A29.d.8FE6D5B4112FC7E47294D0E6183949FC.e.21332"}]}
COMMAND: GET /session/ba2432913a596e5fc4fa14806f816f85/element/f.FF9A1E5259EB1E6B709B859A36B64A29.d.8FE6D5B4112FC7E47294D0E6183949FC.e.21332/enabled - {}
COMMAND: GET /session/ba2432913a596e5fc4fa14806f816f85/screenshot - {}
RESULT: {}
COMMAND: POST /session/ba2432913a596e5fc4fa14806f816f85/element/f.FF9A1E5259EB1E6B709B859A36B64A29.d.8FE6D5B4112FC7E47294D0E6183949FC.e.21332/clear - {}
COMMAND: GET /session/ba2432913a596e5fc4fa14806f816f85/screenshot - {}
RESULT: {}
RESULT: {}
COMMAND: POST /session/ba2432913a596e5fc4fa14806f816f85/element/f.FF9A1E5259EB1E6B709B859A36B64A29.d.8FE6D5B4112FC7E47294D0E6183949FC.e.21332/value - {"text":"30728"}
COMMAND: GET /session/ba2432913a596e5fc4fa14806f816f85/screenshot - {}
RESULT: {}
RESULT: {"text":"30728"}
COMMAND: GET /session/ba2432913a596e5fc4fa14806f816f85/screenshot - {}
RESULT: {}
RESULT: {}
COMMAND: POST /session/ba2432913a596e5fc4fa14806f816f85/actions - {"actions":[{"id":"action79","type":"key","parameters":{},"actions":[{"type":"keyDown","value":"î€‡"},{"type":"pause","duration":10},{"type":"keyUp","value":"î€‡"}]}]}
RESULT: {"actions":[{"id":"action79","type":"key","parameters":{},"actions":[{"type":"keyDown","value":"î€‡"},{"type":"pause","duration":10},{"type":"keyUp","value":"î€‡"}]}]}
COMMAND: GET /session/ba2432913a596e5fc4fa14806f816f85/screenshot - {}
RESULT: {}
COMMAND: POST /session/ba2432913a596e5fc4fa14806f816f85/element - {"using":"xpath","value":"//span[contains(@id, \"smartTable-header-inner\")]"}
RESULT: {"using":"xpath","value":"//span[contains(@id, \"smartTable-header-inner\")]"}
COMMAND: POST /session/ba2432913a596e5fc4fa14806f816f85/elements - {"using":"xpath","value":"//span[contains(@id, \"smartTable-header-inner\")]"}
RESULT: {"using":"xpath","value":"//span[contains(@id, \"smartTable-header-inner\")]"}
COMMAND: POST /session/ba2432913a596e5fc4fa14806f816f85/execute/sync - {"script":"<script> [56 bytes]","args":[{"element-6066-11e4-a52e-4f735466cecf":"f.FF9A1E5259EB1E6B709B859A36B64A29.d.8FE6D5B4112FC7E47294D0E6183949FC.e.21841","ELEMENT":"f.FF9A1E5259EB1E6B709B859A36B64A29.d.8FE6D5B4112FC7E47294D0E6183949FC.e.21841"}]}
RESULT: {"script":"<script> [56 bytes]","args":[{"element-6066-11e4-a52e-4f735466cecf":"f.FF9A1E5259EB1E6B709B859A36B64A29.d.8FE6D5B4112FC7E47294D0E6183949FC.e.21841","ELEMENT":"f.FF9A1E5259EB1E6B709B859A36B64A29.d.8FE6D5B4112FC7E47294D0E6183949FC.e.21841"}]}
COMMAND: POST /session/ba2432913a596e5fc4fa14806f816f85/elements - {"using":"xpath","value":"//thead[contains(@class, \"sapMTableTH\")]/tr/th"}
COMMAND: GET /session/ba2432913a596e5fc4fa14806f816f85/screenshot - {}
RESULT: {"using":"xpath","value":"//thead[contains(@class, \"sapMTableTH\")]/tr/th"}
COMMAND: GET /session/ba2432913a596e5fc4fa14806f816f85/element/f.FF9A1E5259EB1E6B709B859A36B64A29.d.8FE6D5B4112FC7E47294D0E6183949FC.e.21933/text - {}
RESULT: {}
RESULT: {}
COMMAND: GET /session/ba2432913a596e5fc4fa14806f816f85/element/f.FF9A1E5259EB1E6B709B859A36B64A29.d.8FE6D5B4112FC7E47294D0E6183949FC.e.21934/text - {}
RESULT: {}
COMMAND: GET /session/ba2432913a596e5fc4fa14806f816f85/element/f.FF9A1E5259EB1E6B709B859A36B64A29.d.8FE6D5B4112FC7E47294D0E6183949FC.e.21379/text - {}
RESULT: {}
COMMAND: GET /session/ba2432913a596e5fc4fa14806f816f85/element/f.FF9A1E5259EB1E6B709B859A36B64A29.d.8FE6D5B4112FC7E47294D0E6183949FC.e.21319/text - {}
RESULT: {}
COMMAND: GET /session/ba2432913a596e5fc4fa14806f816f85/element/f.FF9A1E5259EB1E6B709B859A36B64A29.d.8FE6D5B4112FC7E47294D0E6183949FC.e.22024/text - {}
RESULT: {}
COMMAND: GET /session/ba2432913a596e5fc4fa14806f816f85/element/f.FF9A1E5259EB1E6B709B859A36B64A29.d.8FE6D5B4112FC7E47294D0E6183949FC.e.22025/text - {}
RESULT: {}
COMMAND: GET /session/ba2432913a596e5fc4fa14806f816f85/element/f.FF9A1E5259EB1E6B709B859A36B64A29.d.8FE6D5B4112FC7E47294D0E6183949FC.e.22026/text - {}
RESULT: {}
COMMAND: GET /session/ba2432913a596e5fc4fa14806f816f85/element/f.FF9A1E5259EB1E6B709B859A36B64A29.d.8FE6D5B4112FC7E47294D0E6183949FC.e.22027/text - {}
RESULT: {}
COMMAND: GET /session/ba2432913a596e5fc4fa14806f816f85/element/f.FF9A1E5259EB1E6B709B859A36B64A29.d.8FE6D5B4112FC7E47294D0E6183949FC.e.22028/text - {}
RESULT: {}
COMMAND: GET /session/ba2432913a596e5fc4fa14806f816f85/element/f.FF9A1E5259EB1E6B709B859A36B64A29.d.8FE6D5B4112FC7E47294D0E6183949FC.e.22029/text - {}
RESULT: {}
COMMAND: GET /session/ba2432913a596e5fc4fa14806f816f85/element/f.FF9A1E5259EB1E6B709B859A36B64A29.d.8FE6D5B4112FC7E47294D0E6183949FC.e.22030/text - {}
RESULT: {}
COMMAND: GET /session/ba2432913a596e5fc4fa14806f816f85/element/f.FF9A1E5259EB1E6B709B859A36B64A29.d.8FE6D5B4112FC7E47294D0E6183949FC.e.22031/text - {}
RESULT: {}
COMMAND: GET /session/ba2432913a596e5fc4fa14806f816f85/element/f.FF9A1E5259EB1E6B709B859A36B64A29.d.8FE6D5B4112FC7E47294D0E6183949FC.e.22032/text - {}
RESULT: {}
COMMAND: GET /session/ba2432913a596e5fc4fa14806f816f85/element/f.FF9A1E5259EB1E6B709B859A36B64A29.d.8FE6D5B4112FC7E47294D0E6183949FC.e.21320/text - {}
RESULT: {}
COMMAND: POST /session/ba2432913a596e5fc4fa14806f816f85/element - {"using":"xpath","value":"//tbody[contains(@id, \"customHandoversTable-tblBody\")]/tr[1]/td[14]/div/span"}
RESULT: {"using":"xpath","value":"//tbody[contains(@id, \"customHandoversTable-tblBody\")]/tr[1]/td[14]/div/span"}
COMMAND: POST /session/ba2432913a596e5fc4fa14806f816f85/execute/sync - {"script":"<script> [56 bytes]","args":[{"element-6066-11e4-a52e-4f735466cecf":"f.FF9A1E5259EB1E6B709B859A36B64A29.d.8FE6D5B4112FC7E47294D0E6183949FC.e.22070","ELEMENT":"f.FF9A1E5259EB1E6B709B859A36B64A29.d.8FE6D5B4112FC7E47294D0E6183949FC.e.22070"}]}
RESULT: {"script":"<script> [56 bytes]","args":[{"element-6066-11e4-a52e-4f735466cecf":"f.FF9A1E5259EB1E6B709B859A36B64A29.d.8FE6D5B4112FC7E47294D0E6183949FC.e.22070","ELEMENT":"f.FF9A1E5259EB1E6B709B859A36B64A29.d.8FE6D5B4112FC7E47294D0E6183949FC.e.22070"}]}
COMMAND: POST /session/ba2432913a596e5fc4fa14806f816f85/element - {"using":"css selector","value":"#shell-header-logo"}
COMMAND: GET /session/ba2432913a596e5fc4fa14806f816f85/screenshot - {}
RESULT: {"using":"css selector","value":"#shell-header-logo"}
COMMAND: POST /session/ba2432913a596e5fc4fa14806f816f85/element/f.FF9A1E5259EB1E6B709B859A36B64A29.d.8FE6D5B4112FC7E47294D0E6183949FC.e.20722/click - {}
RESULT: {}
RESULT: {}
COMMAND: GET /session/ba2432913a596e5fc4fa14806f816f85/screenshot - {}
RESULT: {}
]]></system-out>
    </testcase>
    <testcase classname="chrome.135_0_7049_96.windows.Billing_Calculation_-_Time_based_(considering_transport_times)_US139738" name="Should navigate to Manage Billings and trigger contract calculation business confirm it" time="68.892">
      <system-out><![CDATA[
COMMAND: POST /session/ba2432913a596e5fc4fa14806f816f85/execute/async - {"script":"<script> [1562 bytes]","args":[{"selector":{"controlType":"sap.m.GenericTile","properties":{"header":"Manage Billings"}},"wdio_ui5_key":"sapm.GenericTile{\"header\":\"Manage Billings\"}"}]}
RESULT: {"script":"<script> [1562 bytes]","args":[{"selector":{"controlType":"sap.m.GenericTile","properties":{"header":"Manage Billings"}},"wdio_ui5_key":"sapm.GenericTile{\"header\":\"Manage Billings\"}"}]}
RESULT: undefined
COMMAND: POST /session/ba2432913a596e5fc4fa14806f816f85/element - {"using":"xpath","value":"//*[@id=\"__tile51\"]"}
RESULT: {"using":"xpath","value":"//*[@id=\"__tile51\"]"}
COMMAND: POST /session/ba2432913a596e5fc4fa14806f816f85/element/f.FF9A1E5259EB1E6B709B859A36B64A29.d.8FE6D5B4112FC7E47294D0E6183949FC.e.18617/click - {}
RESULT: {}
COMMAND: GET /session/ba2432913a596e5fc4fa14806f816f85/screenshot - {}
COMMAND: POST /session/ba2432913a596e5fc4fa14806f816f85/execute/async - {"script":"<script> [1562 bytes]","args":[{"selector":{"id":"application-managebillings-display-component---billRunCalcResult--smartFilterBar-btnBasicSearch","interaction":{"idSuffix":"I"}},"wdio_ui5_key":"applicationmanagebillings-display-component---billRunCalcResult--smartFilterBar-btnBasicSearch"}]}
RESULT: {}
RESULT: {"script":"<script> [1562 bytes]","args":[{"selector":{"id":"application-managebillings-display-component---billRunCalcResult--smartFilterBar-btnBasicSearch","interaction":{"idSuffix":"I"}},"wdio_ui5_key":"applicationmanagebillings-display-component---billRunCalcResult--smartFilterBar-btnBasicSearch"}]}
RESULT: undefined
COMMAND: POST /session/ba2432913a596e5fc4fa14806f816f85/execute/async - {"script":"<script> [776 bytes]","args":[{"enterText":"10495","selector":{"id":"application-managebillings-display-component---billRunCalcResult--smartFilterBar-btnBasicSearch","interaction":{"idSuffix":"I"}},"clearTextFirst":true,"interactionType":"ENTER_TEXT"}]}
RESULT: {"script":"<script> [776 bytes]","args":[{"enterText":"10495","selector":{"id":"application-managebillings-display-component---billRunCalcResult--smartFilterBar-btnBasicSearch","interaction":{"idSuffix":"I"}},"clearTextFirst":true,"interactionType":"ENTER_TEXT"}]}
COMMAND: POST /session/ba2432913a596e5fc4fa14806f816f85/actions - {"actions":[{"id":"action80","type":"key","parameters":{},"actions":[{"type":"keyDown","value":"î€‡"},{"type":"pause","duration":10},{"type":"keyUp","value":"î€‡"}]}]}
RESULT: {"actions":[{"id":"action80","type":"key","parameters":{},"actions":[{"type":"keyDown","value":"î€‡"},{"type":"pause","duration":10},{"type":"keyUp","value":"î€‡"}]}]}
COMMAND: GET /session/ba2432913a596e5fc4fa14806f816f85/screenshot - {}
RESULT: {}
COMMAND: POST /session/ba2432913a596e5fc4fa14806f816f85/element - {"using":"xpath","value":"//td[@aria-colindex=\"1\"]/div/div[contains(@class, \"sapMCbBg\")]"}
RESULT: {"using":"xpath","value":"//td[@aria-colindex=\"1\"]/div/div[contains(@class, \"sapMCbBg\")]"}
COMMAND: POST /session/ba2432913a596e5fc4fa14806f816f85/element/f.FF9A1E5259EB1E6B709B859A36B64A29.d.8FE6D5B4112FC7E47294D0E6183949FC.e.22283/click - {}
RESULT: {}
COMMAND: GET /session/ba2432913a596e5fc4fa14806f816f85/screenshot - {}
RESULT: {}
COMMAND: POST /session/ba2432913a596e5fc4fa14806f816f85/execute/async - {"script":"<script> [1562 bytes]","args":[{"selector":{"id":"application-managebillings-display-component---billRunCalcResult--contractBillRunDate","interaction":{"idSuffix":"inner"}},"wdio_ui5_key":"applicationmanagebillings-display-component---billRunCalcResult--contractBillRunDate"}]}
RESULT: {"script":"<script> [1562 bytes]","args":[{"selector":{"id":"application-managebillings-display-component---billRunCalcResult--contractBillRunDate","interaction":{"idSuffix":"inner"}},"wdio_ui5_key":"applicationmanagebillings-display-component---billRunCalcResult--contractBillRunDate"}]}
RESULT: undefined
COMMAND: POST /session/ba2432913a596e5fc4fa14806f816f85/execute/async - {"script":"<script> [776 bytes]","args":[{"enterText":"05/03/25","selector":{"id":"application-managebillings-display-component---billRunCalcResult--contractBillRunDate","interaction":{"idSuffix":"inner"}},"clearTextFirst":true,"interactionType":"ENTER_TEXT"}]}
RESULT: {"script":"<script> [776 bytes]","args":[{"enterText":"05/03/25","selector":{"id":"application-managebillings-display-component---billRunCalcResult--contractBillRunDate","interaction":{"idSuffix":"inner"}},"clearTextFirst":true,"interactionType":"ENTER_TEXT"}]}
COMMAND: POST /session/ba2432913a596e5fc4fa14806f816f85/element - {"using":"xpath","value":"//bdi[contains(text(), \"Trigger Calculation\")]"}
RESULT: {"using":"xpath","value":"//bdi[contains(text(), \"Trigger Calculation\")]"}
COMMAND: POST /session/ba2432913a596e5fc4fa14806f816f85/element/f.FF9A1E5259EB1E6B709B859A36B64A29.d.8FE6D5B4112FC7E47294D0E6183949FC.e.22336/click - {}
RESULT: {}
COMMAND: GET /session/ba2432913a596e5fc4fa14806f816f85/screenshot - {}
RESULT: {}
COMMAND: POST /session/ba2432913a596e5fc4fa14806f816f85/element - {"using":"xpath","value":"(//span[contains(@id, \"imgNav\")])[1]"}
RESULT: {"using":"xpath","value":"(//span[contains(@id, \"imgNav\")])[1]"}
COMMAND: POST /session/ba2432913a596e5fc4fa14806f816f85/element/f.FF9A1E5259EB1E6B709B859A36B64A29.d.8FE6D5B4112FC7E47294D0E6183949FC.e.22284/click - {}
RESULT: {}
COMMAND: GET /session/ba2432913a596e5fc4fa14806f816f85/screenshot - {}
RESULT: {}
COMMAND: POST /session/ba2432913a596e5fc4fa14806f816f85/element - {"using":"xpath","value":"//tr/td[6]/div[1]/span[1]/span[1]"}
RESULT: {"using":"xpath","value":"//tr/td[6]/div[1]/span[1]/span[1]"}
COMMAND: GET /session/ba2432913a596e5fc4fa14806f816f85/element/f.FF9A1E5259EB1E6B709B859A36B64A29.d.8FE6D5B4112FC7E47294D0E6183949FC.e.22340/text - {}
RESULT: {}
COMMAND: POST /session/ba2432913a596e5fc4fa14806f816f85/element - {"using":"xpath","value":"(//span[contains(@id, \"imgNav\")])[2]"}
RESULT: {"using":"xpath","value":"(//span[contains(@id, \"imgNav\")])[2]"}
COMMAND: POST /session/ba2432913a596e5fc4fa14806f816f85/element/f.FF9A1E5259EB1E6B709B859A36B64A29.d.8FE6D5B4112FC7E47294D0E6183949FC.e.22341/click - {}
RESULT: {}
COMMAND: POST /session/ba2432913a596e5fc4fa14806f816f85/element - {"using":"xpath","value":"//bdi[contains(text(), \"Business Confirm\")]"}
COMMAND: GET /session/ba2432913a596e5fc4fa14806f816f85/screenshot - {}
RESULT: {"using":"xpath","value":"//bdi[contains(text(), \"Business Confirm\")]"}
COMMAND: POST /session/ba2432913a596e5fc4fa14806f816f85/elements - {"using":"xpath","value":"//bdi[contains(text(), \"Business Confirm\")]"}
RESULT: {}
RESULT: {"using":"xpath","value":"//bdi[contains(text(), \"Business Confirm\")]"}
COMMAND: POST /session/ba2432913a596e5fc4fa14806f816f85/element - {"using":"xpath","value":"//bdi[contains(text(), \"Business Confirm\")]"}
RESULT: {"using":"xpath","value":"//bdi[contains(text(), \"Business Confirm\")]"}
COMMAND: POST /session/ba2432913a596e5fc4fa14806f816f85/element/f.FF9A1E5259EB1E6B709B859A36B64A29.d.8FE6D5B4112FC7E47294D0E6183949FC.e.22402/click - {}
RESULT: {}
COMMAND: POST /session/ba2432913a596e5fc4fa14806f816f85/element - {"using":"css selector","value":"#shell-header-logo"}
COMMAND: GET /session/ba2432913a596e5fc4fa14806f816f85/screenshot - {}
RESULT: {"using":"css selector","value":"#shell-header-logo"}
COMMAND: POST /session/ba2432913a596e5fc4fa14806f816f85/element/f.FF9A1E5259EB1E6B709B859A36B64A29.d.8FE6D5B4112FC7E47294D0E6183949FC.e.22075/click - {}
RESULT: {}
RESULT: {}
COMMAND: GET /session/ba2432913a596e5fc4fa14806f816f85/screenshot - {}
RESULT: {}
]]></system-out>
    </testcase>
    <testcase classname="chrome.135_0_7049_96.windows.Billing_Calculation_-_Time_based_(considering_transport_times)_US139738" name="Should transfer the billing all the way to completion" time="84.929">
      <system-out><![CDATA[
COMMAND: POST /session/ba2432913a596e5fc4fa14806f816f85/execute/async - {"script":"<script> [1562 bytes]","args":[{"selector":{"controlType":"sap.m.GenericTile","properties":{"header":"Billing Transfer"}},"wdio_ui5_key":"sapm.GenericTile{\"header\":\"Billing Transfer\"}"}]}
RESULT: {"script":"<script> [1562 bytes]","args":[{"selector":{"controlType":"sap.m.GenericTile","properties":{"header":"Billing Transfer"}},"wdio_ui5_key":"sapm.GenericTile{\"header\":\"Billing Transfer\"}"}]}
RESULT: undefined
COMMAND: POST /session/ba2432913a596e5fc4fa14806f816f85/element - {"using":"xpath","value":"//*[@id=\"__tile50\"]"}
RESULT: {"using":"xpath","value":"//*[@id=\"__tile50\"]"}
COMMAND: POST /session/ba2432913a596e5fc4fa14806f816f85/element/f.FF9A1E5259EB1E6B709B859A36B64A29.d.8FE6D5B4112FC7E47294D0E6183949FC.e.18615/click - {}
RESULT: {}
COMMAND: POST /session/ba2432913a596e5fc4fa14806f816f85/element - {"using":"xpath","value":"//input[contains(@id ,\"application-billingtransfer-display-component---billingWorkbench--smartFilterBar-btnBasicSearch\")]"}
COMMAND: GET /session/ba2432913a596e5fc4fa14806f816f85/screenshot - {}
RESULT: {"using":"xpath","value":"//input[contains(@id ,\"application-billingtransfer-display-component---billingWorkbench--smartFilterBar-btnBasicSearch\")]"}
COMMAND: POST /session/ba2432913a596e5fc4fa14806f816f85/elements - {"using":"xpath","value":"//input[contains(@id ,\"application-billingtransfer-display-component---billingWorkbench--smartFilterBar-btnBasicSearch\")]"}
RESULT: {}
RESULT: {"using":"xpath","value":"//input[contains(@id ,\"application-billingtransfer-display-component---billingWorkbench--smartFilterBar-btnBasicSearch\")]"}
COMMAND: POST /session/ba2432913a596e5fc4fa14806f816f85/elements - {"using":"xpath","value":"//input[contains(@id ,\"application-billingtransfer-display-component---billingWorkbench--smartFilterBar-btnBasicSearch\")]"}
RESULT: {"using":"xpath","value":"//input[contains(@id ,\"application-billingtransfer-display-component---billingWorkbench--smartFilterBar-btnBasicSearch\")]"}
COMMAND: POST /session/ba2432913a596e5fc4fa14806f816f85/elements - {"using":"xpath","value":"//input[contains(@id ,\"application-billingtransfer-display-component---billingWorkbench--smartFilterBar-btnBasicSearch\")]"}
RESULT: {"using":"xpath","value":"//input[contains(@id ,\"application-billingtransfer-display-component---billingWorkbench--smartFilterBar-btnBasicSearch\")]"}
COMMAND: POST /session/ba2432913a596e5fc4fa14806f816f85/elements - {"using":"xpath","value":"//input[contains(@id ,\"application-billingtransfer-display-component---billingWorkbench--smartFilterBar-btnBasicSearch\")]"}
RESULT: {"using":"xpath","value":"//input[contains(@id ,\"application-billingtransfer-display-component---billingWorkbench--smartFilterBar-btnBasicSearch\")]"}
COMMAND: POST /session/ba2432913a596e5fc4fa14806f816f85/element - {"using":"xpath","value":"//input[contains(@id ,\"application-billingtransfer-display-component---billingWorkbench--smartFilterBar-btnBasicSearch\")]"}
RESULT: {"using":"xpath","value":"//input[contains(@id ,\"application-billingtransfer-display-component---billingWorkbench--smartFilterBar-btnBasicSearch\")]"}
COMMAND: POST /session/ba2432913a596e5fc4fa14806f816f85/execute/sync - {"script":"<script> [8489 bytes]","args":[{"element-6066-11e4-a52e-4f735466cecf":"f.FF9A1E5259EB1E6B709B859A36B64A29.d.8FE6D5B4112FC7E47294D0E6183949FC.e.22413","ELEMENT":"f.FF9A1E5259EB1E6B709B859A36B64A29.d.8FE6D5B4112FC7E47294D0E6183949FC.e.22413"}]}
RESULT: {"script":"<script> [8489 bytes]","args":[{"element-6066-11e4-a52e-4f735466cecf":"f.FF9A1E5259EB1E6B709B859A36B64A29.d.8FE6D5B4112FC7E47294D0E6183949FC.e.22413","ELEMENT":"f.FF9A1E5259EB1E6B709B859A36B64A29.d.8FE6D5B4112FC7E47294D0E6183949FC.e.22413"}]}
COMMAND: GET /session/ba2432913a596e5fc4fa14806f816f85/element/f.FF9A1E5259EB1E6B709B859A36B64A29.d.8FE6D5B4112FC7E47294D0E6183949FC.e.22413/enabled - {}
COMMAND: GET /session/ba2432913a596e5fc4fa14806f816f85/screenshot - {}
RESULT: {}
COMMAND: POST /session/ba2432913a596e5fc4fa14806f816f85/element/f.FF9A1E5259EB1E6B709B859A36B64A29.d.8FE6D5B4112FC7E47294D0E6183949FC.e.22413/click - {}
COMMAND: GET /session/ba2432913a596e5fc4fa14806f816f85/screenshot - {}
RESULT: {}
RESULT: {}
COMMAND: GET /session/ba2432913a596e5fc4fa14806f816f85/screenshot - {}
RESULT: {}
RESULT: {}
COMMAND: POST /session/ba2432913a596e5fc4fa14806f816f85/element/f.FF9A1E5259EB1E6B709B859A36B64A29.d.8FE6D5B4112FC7E47294D0E6183949FC.e.22413/clear - {}
RESULT: {}
COMMAND: POST /session/ba2432913a596e5fc4fa14806f816f85/element/f.FF9A1E5259EB1E6B709B859A36B64A29.d.8FE6D5B4112FC7E47294D0E6183949FC.e.22413/value - {"text":"10495"}
COMMAND: GET /session/ba2432913a596e5fc4fa14806f816f85/screenshot - {}
RESULT: {"text":"10495"}
COMMAND: POST /session/ba2432913a596e5fc4fa14806f816f85/actions - {"actions":[{"id":"action81","type":"key","parameters":{},"actions":[{"type":"keyDown","value":"î€‡"},{"type":"pause","duration":10},{"type":"keyUp","value":"î€‡"}]}]}
COMMAND: GET /session/ba2432913a596e5fc4fa14806f816f85/screenshot - {}
RESULT: {}
RESULT: {"actions":[{"id":"action81","type":"key","parameters":{},"actions":[{"type":"keyDown","value":"î€‡"},{"type":"pause","duration":10},{"type":"keyUp","value":"î€‡"}]}]}
COMMAND: GET /session/ba2432913a596e5fc4fa14806f816f85/screenshot - {}
RESULT: {}
RESULT: {}
COMMAND: POST /session/ba2432913a596e5fc4fa14806f816f85/element - {"using":"xpath","value":"//span[contains(@id ,\"application-billingtransfer-display-component---billingWorkbench--smartTableBillingRuns-header-inner\")]"}
RESULT: {"using":"xpath","value":"//span[contains(@id ,\"application-billingtransfer-display-component---billingWorkbench--smartTableBillingRuns-header-inner\")]"}
COMMAND: POST /session/ba2432913a596e5fc4fa14806f816f85/elements - {"using":"xpath","value":"//span[contains(@id ,\"application-billingtransfer-display-component---billingWorkbench--smartTableBillingRuns-header-inner\")]"}
RESULT: {"using":"xpath","value":"//span[contains(@id ,\"application-billingtransfer-display-component---billingWorkbench--smartTableBillingRuns-header-inner\")]"}
COMMAND: POST /session/ba2432913a596e5fc4fa14806f816f85/execute/sync - {"script":"<script> [56 bytes]","args":[{"element-6066-11e4-a52e-4f735466cecf":"f.FF9A1E5259EB1E6B709B859A36B64A29.d.8FE6D5B4112FC7E47294D0E6183949FC.e.22585","ELEMENT":"f.FF9A1E5259EB1E6B709B859A36B64A29.d.8FE6D5B4112FC7E47294D0E6183949FC.e.22585"}]}
RESULT: {"script":"<script> [56 bytes]","args":[{"element-6066-11e4-a52e-4f735466cecf":"f.FF9A1E5259EB1E6B709B859A36B64A29.d.8FE6D5B4112FC7E47294D0E6183949FC.e.22585","ELEMENT":"f.FF9A1E5259EB1E6B709B859A36B64A29.d.8FE6D5B4112FC7E47294D0E6183949FC.e.22585"}]}
COMMAND: POST /session/ba2432913a596e5fc4fa14806f816f85/element - {"using":"xpath","value":"//td[@aria-colindex=\"1\"]/div/div[contains(@class, \"sapMCbBg\")]"}
COMMAND: GET /session/ba2432913a596e5fc4fa14806f816f85/screenshot - {}
RESULT: {"using":"xpath","value":"//td[@aria-colindex=\"1\"]/div/div[contains(@class, \"sapMCbBg\")]"}
COMMAND: POST /session/ba2432913a596e5fc4fa14806f816f85/element/f.FF9A1E5259EB1E6B709B859A36B64A29.d.8FE6D5B4112FC7E47294D0E6183949FC.e.22545/click - {}
RESULT: {}
RESULT: {}
COMMAND: GET /session/ba2432913a596e5fc4fa14806f816f85/screenshot - {}
RESULT: {}
COMMAND: POST /session/ba2432913a596e5fc4fa14806f816f85/element - {"using":"xpath","value":"//bdi[contains(text(), \"Check\")]"}
RESULT: {"using":"xpath","value":"//bdi[contains(text(), \"Check\")]"}
COMMAND: POST /session/ba2432913a596e5fc4fa14806f816f85/element/f.FF9A1E5259EB1E6B709B859A36B64A29.d.8FE6D5B4112FC7E47294D0E6183949FC.e.22586/click - {}
RESULT: {}
COMMAND: GET /session/ba2432913a596e5fc4fa14806f816f85/screenshot - {}
RESULT: {}
COMMAND: POST /session/ba2432913a596e5fc4fa14806f816f85/element - {"using":"xpath","value":"//bdi[contains(text(), \"OK\")]"}
RESULT: {"using":"xpath","value":"//bdi[contains(text(), \"OK\")]"}
COMMAND: POST /session/ba2432913a596e5fc4fa14806f816f85/element/f.FF9A1E5259EB1E6B709B859A36B64A29.d.8FE6D5B4112FC7E47294D0E6183949FC.e.22589/click - {}
RESULT: {}
COMMAND: GET /session/ba2432913a596e5fc4fa14806f816f85/screenshot - {}
RESULT: {}
COMMAND: POST /session/ba2432913a596e5fc4fa14806f816f85/element - {"using":"xpath","value":"(//span[contains(text(), \"CO/SD checked\")]/parent::div/preceding-sibling::div/span)[1]"}
RESULT: {"using":"xpath","value":"(//span[contains(text(), \"CO/SD checked\")]/parent::div/preceding-sibling::div/span)[1]"}
COMMAND: POST /session/ba2432913a596e5fc4fa14806f816f85/element/f.FF9A1E5259EB1E6B709B859A36B64A29.d.8FE6D5B4112FC7E47294D0E6183949FC.e.22590/click - {}
RESULT: {}
COMMAND: GET /session/ba2432913a596e5fc4fa14806f816f85/screenshot - {}
RESULT: {}
COMMAND: POST /session/ba2432913a596e5fc4fa14806f816f85/element - {"using":"xpath","value":"//input[contains(@id ,\"application-billingtransfer-display-component---billingWorkbench--smartFilterBar-btnBasicSearch\")]"}
RESULT: {"using":"xpath","value":"//input[contains(@id ,\"application-billingtransfer-display-component---billingWorkbench--smartFilterBar-btnBasicSearch\")]"}
COMMAND: POST /session/ba2432913a596e5fc4fa14806f816f85/elements - {"using":"xpath","value":"//input[contains(@id ,\"application-billingtransfer-display-component---billingWorkbench--smartFilterBar-btnBasicSearch\")]"}
RESULT: {"using":"xpath","value":"//input[contains(@id ,\"application-billingtransfer-display-component---billingWorkbench--smartFilterBar-btnBasicSearch\")]"}
COMMAND: POST /session/ba2432913a596e5fc4fa14806f816f85/execute/sync - {"script":"<script> [8489 bytes]","args":[{"element-6066-11e4-a52e-4f735466cecf":"f.FF9A1E5259EB1E6B709B859A36B64A29.d.8FE6D5B4112FC7E47294D0E6183949FC.e.22413","ELEMENT":"f.FF9A1E5259EB1E6B709B859A36B64A29.d.8FE6D5B4112FC7E47294D0E6183949FC.e.22413"}]}
RESULT: {"script":"<script> [8489 bytes]","args":[{"element-6066-11e4-a52e-4f735466cecf":"f.FF9A1E5259EB1E6B709B859A36B64A29.d.8FE6D5B4112FC7E47294D0E6183949FC.e.22413","ELEMENT":"f.FF9A1E5259EB1E6B709B859A36B64A29.d.8FE6D5B4112FC7E47294D0E6183949FC.e.22413"}]}
COMMAND: GET /session/ba2432913a596e5fc4fa14806f816f85/element/f.FF9A1E5259EB1E6B709B859A36B64A29.d.8FE6D5B4112FC7E47294D0E6183949FC.e.22413/enabled - {}
COMMAND: GET /session/ba2432913a596e5fc4fa14806f816f85/screenshot - {}
RESULT: {}
COMMAND: POST /session/ba2432913a596e5fc4fa14806f816f85/element/f.FF9A1E5259EB1E6B709B859A36B64A29.d.8FE6D5B4112FC7E47294D0E6183949FC.e.22413/click - {}
COMMAND: GET /session/ba2432913a596e5fc4fa14806f816f85/screenshot - {}
RESULT: {}
RESULT: {}
COMMAND: GET /session/ba2432913a596e5fc4fa14806f816f85/screenshot - {}
RESULT: {}
RESULT: {}
COMMAND: POST /session/ba2432913a596e5fc4fa14806f816f85/element/f.FF9A1E5259EB1E6B709B859A36B64A29.d.8FE6D5B4112FC7E47294D0E6183949FC.e.22413/clear - {}
RESULT: {}
COMMAND: POST /session/ba2432913a596e5fc4fa14806f816f85/element/f.FF9A1E5259EB1E6B709B859A36B64A29.d.8FE6D5B4112FC7E47294D0E6183949FC.e.22413/value - {"text":"10495"}
COMMAND: GET /session/ba2432913a596e5fc4fa14806f816f85/screenshot - {}
RESULT: {"text":"10495"}
COMMAND: POST /session/ba2432913a596e5fc4fa14806f816f85/actions - {"actions":[{"id":"action82","type":"key","parameters":{},"actions":[{"type":"keyDown","value":"î€‡"},{"type":"pause","duration":10},{"type":"keyUp","value":"î€‡"}]}]}
COMMAND: GET /session/ba2432913a596e5fc4fa14806f816f85/screenshot - {}
RESULT: {}
RESULT: {}
RESULT: {"actions":[{"id":"action82","type":"key","parameters":{},"actions":[{"type":"keyDown","value":"î€‡"},{"type":"pause","duration":10},{"type":"keyUp","value":"î€‡"}]}]}
COMMAND: GET /session/ba2432913a596e5fc4fa14806f816f85/screenshot - {}
RESULT: {}
COMMAND: POST /session/ba2432913a596e5fc4fa14806f816f85/element - {"using":"xpath","value":"//span[contains(@id ,\"application-billingtransfer-display-component---billingWorkbench--smartTableBillingRuns-header-inner\")]"}
RESULT: {"using":"xpath","value":"//span[contains(@id ,\"application-billingtransfer-display-component---billingWorkbench--smartTableBillingRuns-header-inner\")]"}
COMMAND: POST /session/ba2432913a596e5fc4fa14806f816f85/elements - {"using":"xpath","value":"//span[contains(@id ,\"application-billingtransfer-display-component---billingWorkbench--smartTableBillingRuns-header-inner\")]"}
RESULT: {"using":"xpath","value":"//span[contains(@id ,\"application-billingtransfer-display-component---billingWorkbench--smartTableBillingRuns-header-inner\")]"}
COMMAND: POST /session/ba2432913a596e5fc4fa14806f816f85/execute/sync - {"script":"<script> [56 bytes]","args":[{"element-6066-11e4-a52e-4f735466cecf":"f.FF9A1E5259EB1E6B709B859A36B64A29.d.8FE6D5B4112FC7E47294D0E6183949FC.e.22585","ELEMENT":"f.FF9A1E5259EB1E6B709B859A36B64A29.d.8FE6D5B4112FC7E47294D0E6183949FC.e.22585"}]}
RESULT: {"script":"<script> [56 bytes]","args":[{"element-6066-11e4-a52e-4f735466cecf":"f.FF9A1E5259EB1E6B709B859A36B64A29.d.8FE6D5B4112FC7E47294D0E6183949FC.e.22585","ELEMENT":"f.FF9A1E5259EB1E6B709B859A36B64A29.d.8FE6D5B4112FC7E47294D0E6183949FC.e.22585"}]}
COMMAND: POST /session/ba2432913a596e5fc4fa14806f816f85/element - {"using":"xpath","value":"//td[@aria-colindex=\"1\"]/div/div[contains(@class, \"sapMCbBg\")]"}
COMMAND: GET /session/ba2432913a596e5fc4fa14806f816f85/screenshot - {}
RESULT: {}
RESULT: {"using":"xpath","value":"//td[@aria-colindex=\"1\"]/div/div[contains(@class, \"sapMCbBg\")]"}
COMMAND: POST /session/ba2432913a596e5fc4fa14806f816f85/element/f.FF9A1E5259EB1E6B709B859A36B64A29.d.8FE6D5B4112FC7E47294D0E6183949FC.e.22593/click - {}
RESULT: {}
COMMAND: GET /session/ba2432913a596e5fc4fa14806f816f85/screenshot - {}
RESULT: {}
COMMAND: POST /session/ba2432913a596e5fc4fa14806f816f85/element - {"using":"xpath","value":"//bdi[text()=\"Transfer\"]"}
RESULT: {"using":"xpath","value":"//bdi[text()=\"Transfer\"]"}
COMMAND: POST /session/ba2432913a596e5fc4fa14806f816f85/element/f.FF9A1E5259EB1E6B709B859A36B64A29.d.8FE6D5B4112FC7E47294D0E6183949FC.e.22594/click - {}
RESULT: {}
COMMAND: GET /session/ba2432913a596e5fc4fa14806f816f85/screenshot - {}
RESULT: {}
COMMAND: POST /session/ba2432913a596e5fc4fa14806f816f85/element - {"using":"xpath","value":"//bdi[contains(text(), \"OK\")]"}
RESULT: {"using":"xpath","value":"//bdi[contains(text(), \"OK\")]"}
COMMAND: POST /session/ba2432913a596e5fc4fa14806f816f85/element/f.FF9A1E5259EB1E6B709B859A36B64A29.d.8FE6D5B4112FC7E47294D0E6183949FC.e.22597/click - {}
RESULT: {}
COMMAND: GET /session/ba2432913a596e5fc4fa14806f816f85/screenshot - {}
RESULT: {}
COMMAND: POST /session/ba2432913a596e5fc4fa14806f816f85/element - {"using":"xpath","value":"(//span[contains(text(), \"Completed\")]/parent::div/preceding-sibling::div/span)[1]"}
RESULT: {"using":"xpath","value":"(//span[contains(text(), \"Completed\")]/parent::div/preceding-sibling::div/span)[1]"}
COMMAND: POST /session/ba2432913a596e5fc4fa14806f816f85/element/f.FF9A1E5259EB1E6B709B859A36B64A29.d.8FE6D5B4112FC7E47294D0E6183949FC.e.22606/click - {}
RESULT: {}
COMMAND: POST /session/ba2432913a596e5fc4fa14806f816f85/element - {"using":"xpath","value":"//input[contains(@id ,\"application-billingtransfer-display-component---billingWorkbench--smartFilterBar-btnBasicSearch\")]"}
COMMAND: GET /session/ba2432913a596e5fc4fa14806f816f85/screenshot - {}
RESULT: {"using":"xpath","value":"//input[contains(@id ,\"application-billingtransfer-display-component---billingWorkbench--smartFilterBar-btnBasicSearch\")]"}
COMMAND: POST /session/ba2432913a596e5fc4fa14806f816f85/elements - {"using":"xpath","value":"//input[contains(@id ,\"application-billingtransfer-display-component---billingWorkbench--smartFilterBar-btnBasicSearch\")]"}
RESULT: {}
RESULT: {"using":"xpath","value":"//input[contains(@id ,\"application-billingtransfer-display-component---billingWorkbench--smartFilterBar-btnBasicSearch\")]"}
COMMAND: POST /session/ba2432913a596e5fc4fa14806f816f85/execute/sync - {"script":"<script> [8489 bytes]","args":[{"element-6066-11e4-a52e-4f735466cecf":"f.FF9A1E5259EB1E6B709B859A36B64A29.d.8FE6D5B4112FC7E47294D0E6183949FC.e.22413","ELEMENT":"f.FF9A1E5259EB1E6B709B859A36B64A29.d.8FE6D5B4112FC7E47294D0E6183949FC.e.22413"}]}
RESULT: {"script":"<script> [8489 bytes]","args":[{"element-6066-11e4-a52e-4f735466cecf":"f.FF9A1E5259EB1E6B709B859A36B64A29.d.8FE6D5B4112FC7E47294D0E6183949FC.e.22413","ELEMENT":"f.FF9A1E5259EB1E6B709B859A36B64A29.d.8FE6D5B4112FC7E47294D0E6183949FC.e.22413"}]}
COMMAND: GET /session/ba2432913a596e5fc4fa14806f816f85/element/f.FF9A1E5259EB1E6B709B859A36B64A29.d.8FE6D5B4112FC7E47294D0E6183949FC.e.22413/enabled - {}
COMMAND: GET /session/ba2432913a596e5fc4fa14806f816f85/screenshot - {}
RESULT: {}
COMMAND: POST /session/ba2432913a596e5fc4fa14806f816f85/element/f.FF9A1E5259EB1E6B709B859A36B64A29.d.8FE6D5B4112FC7E47294D0E6183949FC.e.22413/click - {}
COMMAND: GET /session/ba2432913a596e5fc4fa14806f816f85/screenshot - {}
RESULT: {}
RESULT: {}
COMMAND: GET /session/ba2432913a596e5fc4fa14806f816f85/screenshot - {}
RESULT: {}
RESULT: {}
COMMAND: POST /session/ba2432913a596e5fc4fa14806f816f85/element/f.FF9A1E5259EB1E6B709B859A36B64A29.d.8FE6D5B4112FC7E47294D0E6183949FC.e.22413/clear - {}
RESULT: {}
COMMAND: POST /session/ba2432913a596e5fc4fa14806f816f85/element/f.FF9A1E5259EB1E6B709B859A36B64A29.d.8FE6D5B4112FC7E47294D0E6183949FC.e.22413/value - {"text":"10495"}
COMMAND: GET /session/ba2432913a596e5fc4fa14806f816f85/screenshot - {}
RESULT: {"text":"10495"}
COMMAND: POST /session/ba2432913a596e5fc4fa14806f816f85/actions - {"actions":[{"id":"action83","type":"key","parameters":{},"actions":[{"type":"keyDown","value":"î€‡"},{"type":"pause","duration":10},{"type":"keyUp","value":"î€‡"}]}]}
COMMAND: GET /session/ba2432913a596e5fc4fa14806f816f85/screenshot - {}
RESULT: {}
RESULT: {"actions":[{"id":"action83","type":"key","parameters":{},"actions":[{"type":"keyDown","value":"î€‡"},{"type":"pause","duration":10},{"type":"keyUp","value":"î€‡"}]}]}
COMMAND: GET /session/ba2432913a596e5fc4fa14806f816f85/screenshot - {}
RESULT: {}
RESULT: {}
COMMAND: POST /session/ba2432913a596e5fc4fa14806f816f85/element - {"using":"xpath","value":"//span[contains(@id ,\"application-billingtransfer-display-component---billingWorkbench--smartTableBillingRuns-header-inner\")]"}
RESULT: {"using":"xpath","value":"//span[contains(@id ,\"application-billingtransfer-display-component---billingWorkbench--smartTableBillingRuns-header-inner\")]"}
COMMAND: POST /session/ba2432913a596e5fc4fa14806f816f85/elements - {"using":"xpath","value":"//span[contains(@id ,\"application-billingtransfer-display-component---billingWorkbench--smartTableBillingRuns-header-inner\")]"}
RESULT: {"using":"xpath","value":"//span[contains(@id ,\"application-billingtransfer-display-component---billingWorkbench--smartTableBillingRuns-header-inner\")]"}
COMMAND: POST /session/ba2432913a596e5fc4fa14806f816f85/execute/sync - {"script":"<script> [56 bytes]","args":[{"element-6066-11e4-a52e-4f735466cecf":"f.FF9A1E5259EB1E6B709B859A36B64A29.d.8FE6D5B4112FC7E47294D0E6183949FC.e.22585","ELEMENT":"f.FF9A1E5259EB1E6B709B859A36B64A29.d.8FE6D5B4112FC7E47294D0E6183949FC.e.22585"}]}
RESULT: {"script":"<script> [56 bytes]","args":[{"element-6066-11e4-a52e-4f735466cecf":"f.FF9A1E5259EB1E6B709B859A36B64A29.d.8FE6D5B4112FC7E47294D0E6183949FC.e.22585","ELEMENT":"f.FF9A1E5259EB1E6B709B859A36B64A29.d.8FE6D5B4112FC7E47294D0E6183949FC.e.22585"}]}
COMMAND: POST /session/ba2432913a596e5fc4fa14806f816f85/element - {"using":"css selector","value":"#shell-header-logo"}
COMMAND: GET /session/ba2432913a596e5fc4fa14806f816f85/screenshot - {}
RESULT: {"using":"css selector","value":"#shell-header-logo"}
COMMAND: POST /session/ba2432913a596e5fc4fa14806f816f85/element/f.FF9A1E5259EB1E6B709B859A36B64A29.d.8FE6D5B4112FC7E47294D0E6183949FC.e.22411/click - {}
RESULT: {}
RESULT: {}
COMMAND: GET /session/ba2432913a596e5fc4fa14806f816f85/screenshot - {}
RESULT: {}
]]></system-out>
    </testcase>
    <testcase classname="chrome.135_0_7049_96.windows.Billing_Calculation_-_Time_based_(considering_transport_times)_US139738" name="Should navigate to the contract item check the billed until field value" time="53.459">
      <system-out><![CDATA[
RESULT: undefined
COMMAND: POST /session/ba2432913a596e5fc4fa14806f816f85/element - {"using":"xpath","value":"//*[@id=\"__tile131-title\"]"}
RESULT: {"using":"xpath","value":"//*[@id=\"__tile131-title\"]"}
COMMAND: POST /session/ba2432913a596e5fc4fa14806f816f85/element/f.FF9A1E5259EB1E6B709B859A36B64A29.d.8FE6D5B4112FC7E47294D0E6183949FC.e.20719/click - {}
RESULT: {}
COMMAND: GET /session/ba2432913a596e5fc4fa14806f816f85/screenshot - {}
COMMAND: POST /session/ba2432913a596e5fc4fa14806f816f85/element - {"using":"xpath","value":"//button[@data-kt=\"addButton\"]"}
RESULT: {}
RESULT: {"using":"xpath","value":"//button[@data-kt=\"addButton\"]"}
COMMAND: POST /session/ba2432913a596e5fc4fa14806f816f85/elements - {"using":"xpath","value":"//button[@data-kt=\"addButton\"]"}
RESULT: {"using":"xpath","value":"//button[@data-kt=\"addButton\"]"}
COMMAND: POST /session/ba2432913a596e5fc4fa14806f816f85/execute/sync - {"script":"<script> [8489 bytes]","args":[{"element-6066-11e4-a52e-4f735466cecf":"f.FF9A1E5259EB1E6B709B859A36B64A29.d.8FE6D5B4112FC7E47294D0E6183949FC.e.22674","ELEMENT":"f.FF9A1E5259EB1E6B709B859A36B64A29.d.8FE6D5B4112FC7E47294D0E6183949FC.e.22674"}]}
RESULT: {"script":"<script> [8489 bytes]","args":[{"element-6066-11e4-a52e-4f735466cecf":"f.FF9A1E5259EB1E6B709B859A36B64A29.d.8FE6D5B4112FC7E47294D0E6183949FC.e.22674","ELEMENT":"f.FF9A1E5259EB1E6B709B859A36B64A29.d.8FE6D5B4112FC7E47294D0E6183949FC.e.22674"}]}
COMMAND: GET /session/ba2432913a596e5fc4fa14806f816f85/element/f.FF9A1E5259EB1E6B709B859A36B64A29.d.8FE6D5B4112FC7E47294D0E6183949FC.e.22674/enabled - {}
COMMAND: GET /session/ba2432913a596e5fc4fa14806f816f85/screenshot - {}
RESULT: {}
COMMAND: POST /session/ba2432913a596e5fc4fa14806f816f85/execute/sync - {"script":"<script> [8489 bytes]","args":[{"element-6066-11e4-a52e-4f735466cecf":"f.FF9A1E5259EB1E6B709B859A36B64A29.d.8FE6D5B4112FC7E47294D0E6183949FC.e.22674","ELEMENT":"f.FF9A1E5259EB1E6B709B859A36B64A29.d.8FE6D5B4112FC7E47294D0E6183949FC.e.22674"}]}
COMMAND: GET /session/ba2432913a596e5fc4fa14806f816f85/screenshot - {}
RESULT: {}
RESULT: {"script":"<script> [8489 bytes]","args":[{"element-6066-11e4-a52e-4f735466cecf":"f.FF9A1E5259EB1E6B709B859A36B64A29.d.8FE6D5B4112FC7E47294D0E6183949FC.e.22674","ELEMENT":"f.FF9A1E5259EB1E6B709B859A36B64A29.d.8FE6D5B4112FC7E47294D0E6183949FC.e.22674"}]}
COMMAND: POST /session/ba2432913a596e5fc4fa14806f816f85/execute/sync - {"script":"<script> [5351 bytes]","args":[{"element-6066-11e4-a52e-4f735466cecf":"f.FF9A1E5259EB1E6B709B859A36B64A29.d.8FE6D5B4112FC7E47294D0E6183949FC.e.22674","ELEMENT":"f.FF9A1E5259EB1E6B709B859A36B64A29.d.8FE6D5B4112FC7E47294D0E6183949FC.e.22674"}]}
COMMAND: GET /session/ba2432913a596e5fc4fa14806f816f85/screenshot - {}
RESULT: {}
RESULT: {"script":"<script> [5351 bytes]","args":[{"element-6066-11e4-a52e-4f735466cecf":"f.FF9A1E5259EB1E6B709B859A36B64A29.d.8FE6D5B4112FC7E47294D0E6183949FC.e.22674","ELEMENT":"f.FF9A1E5259EB1E6B709B859A36B64A29.d.8FE6D5B4112FC7E47294D0E6183949FC.e.22674"}]}
COMMAND: POST /session/ba2432913a596e5fc4fa14806f816f85/element - {"using":"xpath","value":"//input[contains(@id ,\"smartContractFilterBar-btnBasicSearch-I\")]"}
COMMAND: GET /session/ba2432913a596e5fc4fa14806f816f85/screenshot - {}
RESULT: {}
RESULT: {"using":"xpath","value":"//input[contains(@id ,\"smartContractFilterBar-btnBasicSearch-I\")]"}
COMMAND: POST /session/ba2432913a596e5fc4fa14806f816f85/elements - {"using":"xpath","value":"//input[contains(@id ,\"smartContractFilterBar-btnBasicSearch-I\")]"}
RESULT: {}
RESULT: {"using":"xpath","value":"//input[contains(@id ,\"smartContractFilterBar-btnBasicSearch-I\")]"}
COMMAND: POST /session/ba2432913a596e5fc4fa14806f816f85/execute/sync - {"script":"<script> [8489 bytes]","args":[{"element-6066-11e4-a52e-4f735466cecf":"f.FF9A1E5259EB1E6B709B859A36B64A29.d.8FE6D5B4112FC7E47294D0E6183949FC.e.22613","ELEMENT":"f.FF9A1E5259EB1E6B709B859A36B64A29.d.8FE6D5B4112FC7E47294D0E6183949FC.e.22613"}]}
RESULT: {"script":"<script> [8489 bytes]","args":[{"element-6066-11e4-a52e-4f735466cecf":"f.FF9A1E5259EB1E6B709B859A36B64A29.d.8FE6D5B4112FC7E47294D0E6183949FC.e.22613","ELEMENT":"f.FF9A1E5259EB1E6B709B859A36B64A29.d.8FE6D5B4112FC7E47294D0E6183949FC.e.22613"}]}
COMMAND: GET /session/ba2432913a596e5fc4fa14806f816f85/element/f.FF9A1E5259EB1E6B709B859A36B64A29.d.8FE6D5B4112FC7E47294D0E6183949FC.e.22613/enabled - {}
COMMAND: GET /session/ba2432913a596e5fc4fa14806f816f85/screenshot - {}
RESULT: {}
COMMAND: POST /session/ba2432913a596e5fc4fa14806f816f85/element/f.FF9A1E5259EB1E6B709B859A36B64A29.d.8FE6D5B4112FC7E47294D0E6183949FC.e.22613/clear - {}
COMMAND: GET /session/ba2432913a596e5fc4fa14806f816f85/screenshot - {}
RESULT: {}
RESULT: {}
COMMAND: POST /session/ba2432913a596e5fc4fa14806f816f85/element/f.FF9A1E5259EB1E6B709B859A36B64A29.d.8FE6D5B4112FC7E47294D0E6183949FC.e.22613/value - {"text":"10495"}
COMMAND: GET /session/ba2432913a596e5fc4fa14806f816f85/screenshot - {}
RESULT: {}
RESULT: {"text":"10495"}
COMMAND: GET /session/ba2432913a596e5fc4fa14806f816f85/screenshot - {}
RESULT: {}
RESULT: {}
COMMAND: POST /session/ba2432913a596e5fc4fa14806f816f85/actions - {"actions":[{"id":"action84","type":"key","parameters":{},"actions":[{"type":"keyDown","value":"î€‡"},{"type":"pause","duration":10},{"type":"keyUp","value":"î€‡"}]}]}
RESULT: {"actions":[{"id":"action84","type":"key","parameters":{},"actions":[{"type":"keyDown","value":"î€‡"},{"type":"pause","duration":10},{"type":"keyUp","value":"î€‡"}]}]}
COMMAND: GET /session/ba2432913a596e5fc4fa14806f816f85/screenshot - {}
RESULT: {}
COMMAND: POST /session/ba2432913a596e5fc4fa14806f816f85/element - {"using":"xpath","value":"//span[contains(@id, \"masterListContractsSmartTable-header-inner\")]"}
RESULT: {"using":"xpath","value":"//span[contains(@id, \"masterListContractsSmartTable-header-inner\")]"}
COMMAND: POST /session/ba2432913a596e5fc4fa14806f816f85/elements - {"using":"xpath","value":"//span[contains(@id, \"masterListContractsSmartTable-header-inner\")]"}
RESULT: {"using":"xpath","value":"//span[contains(@id, \"masterListContractsSmartTable-header-inner\")]"}
COMMAND: POST /session/ba2432913a596e5fc4fa14806f816f85/execute/sync - {"script":"<script> [56 bytes]","args":[{"element-6066-11e4-a52e-4f735466cecf":"f.FF9A1E5259EB1E6B709B859A36B64A29.d.8FE6D5B4112FC7E47294D0E6183949FC.e.22922","ELEMENT":"f.FF9A1E5259EB1E6B709B859A36B64A29.d.8FE6D5B4112FC7E47294D0E6183949FC.e.22922"}]}
RESULT: {"script":"<script> [56 bytes]","args":[{"element-6066-11e4-a52e-4f735466cecf":"f.FF9A1E5259EB1E6B709B859A36B64A29.d.8FE6D5B4112FC7E47294D0E6183949FC.e.22922","ELEMENT":"f.FF9A1E5259EB1E6B709B859A36B64A29.d.8FE6D5B4112FC7E47294D0E6183949FC.e.22922"}]}
COMMAND: POST /session/ba2432913a596e5fc4fa14806f816f85/element - {"using":"xpath","value":"(//span[contains(@id, \"imgNav\")])[1]"}
COMMAND: GET /session/ba2432913a596e5fc4fa14806f816f85/screenshot - {}
RESULT: {"using":"xpath","value":"(//span[contains(@id, \"imgNav\")])[1]"}
COMMAND: POST /session/ba2432913a596e5fc4fa14806f816f85/element/f.FF9A1E5259EB1E6B709B859A36B64A29.d.8FE6D5B4112FC7E47294D0E6183949FC.e.22920/click - {}
RESULT: {}
RESULT: {}
COMMAND: GET /session/ba2432913a596e5fc4fa14806f816f85/screenshot - {}
RESULT: {}
COMMAND: POST /session/ba2432913a596e5fc4fa14806f816f85/element - {"using":"xpath","value":"//tr[@data-kt=\"productsColumnListItem\"]//td//span[contains(@id, \"imgNav\")][1]"}
RESULT: {"using":"xpath","value":"//tr[@data-kt=\"productsColumnListItem\"]//td//span[contains(@id, \"imgNav\")][1]"}
COMMAND: POST /session/ba2432913a596e5fc4fa14806f816f85/element/f.FF9A1E5259EB1E6B709B859A36B64A29.d.8FE6D5B4112FC7E47294D0E6183949FC.e.23046/click - {}
RESULT: {}
COMMAND: GET /session/ba2432913a596e5fc4fa14806f816f85/screenshot - {}
RESULT: {}
COMMAND: POST /session/ba2432913a596e5fc4fa14806f816f85/element - {"using":"xpath","value":"//section[contains(@id, \"application-managecontracts-display-component---BillingItem--ObjectPageLayout-OPHeaderContent\")]/div/div/div/div/div[2]/div/div[2]/span"}
RESULT: {"using":"xpath","value":"//section[contains(@id, \"application-managecontracts-display-component---BillingItem--ObjectPageLayout-OPHeaderContent\")]/div/div/div/div/div[2]/div/div[2]/span"}
COMMAND: POST /session/ba2432913a596e5fc4fa14806f816f85/execute/sync - {"script":"<script> [56 bytes]","args":[{"element-6066-11e4-a52e-4f735466cecf":"f.FF9A1E5259EB1E6B709B859A36B64A29.d.8FE6D5B4112FC7E47294D0E6183949FC.e.23186","ELEMENT":"f.FF9A1E5259EB1E6B709B859A36B64A29.d.8FE6D5B4112FC7E47294D0E6183949FC.e.23186"}]}
RESULT: {"script":"<script> [56 bytes]","args":[{"element-6066-11e4-a52e-4f735466cecf":"f.FF9A1E5259EB1E6B709B859A36B64A29.d.8FE6D5B4112FC7E47294D0E6183949FC.e.23186","ELEMENT":"f.FF9A1E5259EB1E6B709B859A36B64A29.d.8FE6D5B4112FC7E47294D0E6183949FC.e.23186"}]}
COMMAND: POST /session/ba2432913a596e5fc4fa14806f816f85/element - {"using":"xpath","value":"//table[contains(@id, \"application-managecontracts-display-component---BillingItem--billingList-listUl\")]//td//*[contains(text(), \"partial billed\")]"}
COMMAND: GET /session/ba2432913a596e5fc4fa14806f816f85/screenshot - {}
RESULT: {"using":"xpath","value":"//table[contains(@id, \"application-managecontracts-display-component---BillingItem--billingList-listUl\")]//td//*[contains(text(), \"partial billed\")]"}
COMMAND: POST /session/ba2432913a596e5fc4fa14806f816f85/execute/sync - {"script":"<script> [56 bytes]","args":[{"element-6066-11e4-a52e-4f735466cecf":"f.FF9A1E5259EB1E6B709B859A36B64A29.d.8FE6D5B4112FC7E47294D0E6183949FC.e.23187","ELEMENT":"f.FF9A1E5259EB1E6B709B859A36B64A29.d.8FE6D5B4112FC7E47294D0E6183949FC.e.23187"}]}
RESULT: {}
RESULT: {"script":"<script> [56 bytes]","args":[{"element-6066-11e4-a52e-4f735466cecf":"f.FF9A1E5259EB1E6B709B859A36B64A29.d.8FE6D5B4112FC7E47294D0E6183949FC.e.23187","ELEMENT":"f.FF9A1E5259EB1E6B709B859A36B64A29.d.8FE6D5B4112FC7E47294D0E6183949FC.e.23187"}]}
COMMAND: POST /session/ba2432913a596e5fc4fa14806f816f85/element - {"using":"css selector","value":"#shell-header-logo"}
COMMAND: GET /session/ba2432913a596e5fc4fa14806f816f85/screenshot - {}
RESULT: {"using":"css selector","value":"#shell-header-logo"}
COMMAND: POST /session/ba2432913a596e5fc4fa14806f816f85/element/f.FF9A1E5259EB1E6B709B859A36B64A29.d.8FE6D5B4112FC7E47294D0E6183949FC.e.22611/click - {}
RESULT: {}
RESULT: {}
COMMAND: GET /session/ba2432913a596e5fc4fa14806f816f85/screenshot - {}
RESULT: {}
]]></system-out>
    </testcase>
    <testcase classname="chrome.135_0_7049_96.windows.Billing_Calculation_-_Time_based_(considering_transport_times)_US139738" name="Should do a handover return 2 step 7 days after provide or 14 days from today receive it in 21 days" time="174.667">
      <system-out><![CDATA[
RESULT: undefined
COMMAND: POST /session/ba2432913a596e5fc4fa14806f816f85/element - {"using":"xpath","value":"//*[@id=\"__tile131-title\"]"}
RESULT: {"using":"xpath","value":"//*[@id=\"__tile131-title\"]"}
COMMAND: POST /session/ba2432913a596e5fc4fa14806f816f85/element/f.FF9A1E5259EB1E6B709B859A36B64A29.d.8FE6D5B4112FC7E47294D0E6183949FC.e.20719/click - {}
RESULT: {}
COMMAND: GET /session/ba2432913a596e5fc4fa14806f816f85/screenshot - {}
COMMAND: POST /session/ba2432913a596e5fc4fa14806f816f85/element - {"using":"xpath","value":"//button[@data-kt=\"addButton\"]"}
RESULT: {}
RESULT: {"using":"xpath","value":"//button[@data-kt=\"addButton\"]"}
COMMAND: POST /session/ba2432913a596e5fc4fa14806f816f85/elements - {"using":"xpath","value":"//button[@data-kt=\"addButton\"]"}
RESULT: {"using":"xpath","value":"//button[@data-kt=\"addButton\"]"}
COMMAND: POST /session/ba2432913a596e5fc4fa14806f816f85/execute/sync - {"script":"<script> [8489 bytes]","args":[{"element-6066-11e4-a52e-4f735466cecf":"f.FF9A1E5259EB1E6B709B859A36B64A29.d.8FE6D5B4112FC7E47294D0E6183949FC.e.23259","ELEMENT":"f.FF9A1E5259EB1E6B709B859A36B64A29.d.8FE6D5B4112FC7E47294D0E6183949FC.e.23259"}]}
RESULT: {"script":"<script> [8489 bytes]","args":[{"element-6066-11e4-a52e-4f735466cecf":"f.FF9A1E5259EB1E6B709B859A36B64A29.d.8FE6D5B4112FC7E47294D0E6183949FC.e.23259","ELEMENT":"f.FF9A1E5259EB1E6B709B859A36B64A29.d.8FE6D5B4112FC7E47294D0E6183949FC.e.23259"}]}
COMMAND: GET /session/ba2432913a596e5fc4fa14806f816f85/element/f.FF9A1E5259EB1E6B709B859A36B64A29.d.8FE6D5B4112FC7E47294D0E6183949FC.e.23259/enabled - {}
COMMAND: GET /session/ba2432913a596e5fc4fa14806f816f85/screenshot - {}
RESULT: {}
COMMAND: POST /session/ba2432913a596e5fc4fa14806f816f85/execute/sync - {"script":"<script> [8489 bytes]","args":[{"element-6066-11e4-a52e-4f735466cecf":"f.FF9A1E5259EB1E6B709B859A36B64A29.d.8FE6D5B4112FC7E47294D0E6183949FC.e.23259","ELEMENT":"f.FF9A1E5259EB1E6B709B859A36B64A29.d.8FE6D5B4112FC7E47294D0E6183949FC.e.23259"}]}
COMMAND: GET /session/ba2432913a596e5fc4fa14806f816f85/screenshot - {}
RESULT: {}
RESULT: {"script":"<script> [8489 bytes]","args":[{"element-6066-11e4-a52e-4f735466cecf":"f.FF9A1E5259EB1E6B709B859A36B64A29.d.8FE6D5B4112FC7E47294D0E6183949FC.e.23259","ELEMENT":"f.FF9A1E5259EB1E6B709B859A36B64A29.d.8FE6D5B4112FC7E47294D0E6183949FC.e.23259"}]}
COMMAND: POST /session/ba2432913a596e5fc4fa14806f816f85/execute/sync - {"script":"<script> [5351 bytes]","args":[{"element-6066-11e4-a52e-4f735466cecf":"f.FF9A1E5259EB1E6B709B859A36B64A29.d.8FE6D5B4112FC7E47294D0E6183949FC.e.23259","ELEMENT":"f.FF9A1E5259EB1E6B709B859A36B64A29.d.8FE6D5B4112FC7E47294D0E6183949FC.e.23259"}]}
COMMAND: GET /session/ba2432913a596e5fc4fa14806f816f85/screenshot - {}
RESULT: {}
RESULT: {"script":"<script> [5351 bytes]","args":[{"element-6066-11e4-a52e-4f735466cecf":"f.FF9A1E5259EB1E6B709B859A36B64A29.d.8FE6D5B4112FC7E47294D0E6183949FC.e.23259","ELEMENT":"f.FF9A1E5259EB1E6B709B859A36B64A29.d.8FE6D5B4112FC7E47294D0E6183949FC.e.23259"}]}
COMMAND: GET /session/ba2432913a596e5fc4fa14806f816f85/screenshot - {}
RESULT: {}
RESULT: {}
COMMAND: POST /session/ba2432913a596e5fc4fa14806f816f85/element - {"using":"xpath","value":"//input[contains(@id ,\"smartContractFilterBar-btnBasicSearch-I\")]"}
RESULT: {"using":"xpath","value":"//input[contains(@id ,\"smartContractFilterBar-btnBasicSearch-I\")]"}
COMMAND: POST /session/ba2432913a596e5fc4fa14806f816f85/elements - {"using":"xpath","value":"//input[contains(@id ,\"smartContractFilterBar-btnBasicSearch-I\")]"}
RESULT: {"using":"xpath","value":"//input[contains(@id ,\"smartContractFilterBar-btnBasicSearch-I\")]"}
COMMAND: POST /session/ba2432913a596e5fc4fa14806f816f85/execute/sync - {"script":"<script> [8489 bytes]","args":[{"element-6066-11e4-a52e-4f735466cecf":"f.FF9A1E5259EB1E6B709B859A36B64A29.d.8FE6D5B4112FC7E47294D0E6183949FC.e.23193","ELEMENT":"f.FF9A1E5259EB1E6B709B859A36B64A29.d.8FE6D5B4112FC7E47294D0E6183949FC.e.23193"}]}
RESULT: {"script":"<script> [8489 bytes]","args":[{"element-6066-11e4-a52e-4f735466cecf":"f.FF9A1E5259EB1E6B709B859A36B64A29.d.8FE6D5B4112FC7E47294D0E6183949FC.e.23193","ELEMENT":"f.FF9A1E5259EB1E6B709B859A36B64A29.d.8FE6D5B4112FC7E47294D0E6183949FC.e.23193"}]}
COMMAND: GET /session/ba2432913a596e5fc4fa14806f816f85/element/f.FF9A1E5259EB1E6B709B859A36B64A29.d.8FE6D5B4112FC7E47294D0E6183949FC.e.23193/enabled - {}
COMMAND: GET /session/ba2432913a596e5fc4fa14806f816f85/screenshot - {}
RESULT: {}
COMMAND: POST /session/ba2432913a596e5fc4fa14806f816f85/element/f.FF9A1E5259EB1E6B709B859A36B64A29.d.8FE6D5B4112FC7E47294D0E6183949FC.e.23193/clear - {}
COMMAND: GET /session/ba2432913a596e5fc4fa14806f816f85/screenshot - {}
RESULT: {}
RESULT: {}
COMMAND: POST /session/ba2432913a596e5fc4fa14806f816f85/element/f.FF9A1E5259EB1E6B709B859A36B64A29.d.8FE6D5B4112FC7E47294D0E6183949FC.e.23193/value - {"text":"10495"}
COMMAND: GET /session/ba2432913a596e5fc4fa14806f816f85/screenshot - {}
RESULT: {}
RESULT: {"text":"10495"}
COMMAND: GET /session/ba2432913a596e5fc4fa14806f816f85/screenshot - {}
RESULT: {}
RESULT: {}
COMMAND: POST /session/ba2432913a596e5fc4fa14806f816f85/actions - {"actions":[{"id":"action85","type":"key","parameters":{},"actions":[{"type":"keyDown","value":"î€‡"},{"type":"pause","duration":10},{"type":"keyUp","value":"î€‡"}]}]}
RESULT: {"actions":[{"id":"action85","type":"key","parameters":{},"actions":[{"type":"keyDown","value":"î€‡"},{"type":"pause","duration":10},{"type":"keyUp","value":"î€‡"}]}]}
COMMAND: GET /session/ba2432913a596e5fc4fa14806f816f85/screenshot - {}
COMMAND: POST /session/ba2432913a596e5fc4fa14806f816f85/element - {"using":"xpath","value":"//span[contains(@id, \"masterListContractsSmartTable-header-inner\")]"}
RESULT: {}
RESULT: {"using":"xpath","value":"//span[contains(@id, \"masterListContractsSmartTable-header-inner\")]"}
COMMAND: POST /session/ba2432913a596e5fc4fa14806f816f85/elements - {"using":"xpath","value":"//span[contains(@id, \"masterListContractsSmartTable-header-inner\")]"}
RESULT: {"using":"xpath","value":"//span[contains(@id, \"masterListContractsSmartTable-header-inner\")]"}
COMMAND: POST /session/ba2432913a596e5fc4fa14806f816f85/execute/sync - {"script":"<script> [56 bytes]","args":[{"element-6066-11e4-a52e-4f735466cecf":"f.FF9A1E5259EB1E6B709B859A36B64A29.d.8FE6D5B4112FC7E47294D0E6183949FC.e.23321","ELEMENT":"f.FF9A1E5259EB1E6B709B859A36B64A29.d.8FE6D5B4112FC7E47294D0E6183949FC.e.23321"}]}
RESULT: {"script":"<script> [56 bytes]","args":[{"element-6066-11e4-a52e-4f735466cecf":"f.FF9A1E5259EB1E6B709B859A36B64A29.d.8FE6D5B4112FC7E47294D0E6183949FC.e.23321","ELEMENT":"f.FF9A1E5259EB1E6B709B859A36B64A29.d.8FE6D5B4112FC7E47294D0E6183949FC.e.23321"}]}
COMMAND: POST /session/ba2432913a596e5fc4fa14806f816f85/element - {"using":"xpath","value":"(//span[contains(@id, \"imgNav\")])[1]"}
RESULT: {"using":"xpath","value":"(//span[contains(@id, \"imgNav\")])[1]"}
COMMAND: POST /session/ba2432913a596e5fc4fa14806f816f85/element/f.FF9A1E5259EB1E6B709B859A36B64A29.d.8FE6D5B4112FC7E47294D0E6183949FC.e.23319/click - {}
RESULT: {}
COMMAND: GET /session/ba2432913a596e5fc4fa14806f816f85/screenshot - {}
COMMAND: GET /session/ba2432913a596e5fc4fa14806f816f85/screenshot - {}
RESULT: {}
RESULT: {}
COMMAND: POST /session/ba2432913a596e5fc4fa14806f816f85/element - {"using":"xpath","value":"//button[contains(@id, \"contractDetailReturnButton\")]"}
RESULT: {"using":"xpath","value":"//button[contains(@id, \"contractDetailReturnButton\")]"}
COMMAND: POST /session/ba2432913a596e5fc4fa14806f816f85/element/f.FF9A1E5259EB1E6B709B859A36B64A29.d.8FE6D5B4112FC7E47294D0E6183949FC.e.23377/click - {}
RESULT: {}
COMMAND: GET /session/ba2432913a596e5fc4fa14806f816f85/screenshot - {}
RESULT: undefined
COMMAND: POST /session/ba2432913a596e5fc4fa14806f816f85/execute/async - {"script":"<script> [776 bytes]","args":[{"enterText":"05/17/25","selector":{"id":"application-managehandovers-display-component---AddNewHO--dueDate","interaction":{"idSuffix":"inner"}},"clearTextFirst":true,"interactionType":"ENTER_TEXT"}]}
RESULT: {}
RESULT: {"script":"<script> [776 bytes]","args":[{"enterText":"05/17/25","selector":{"id":"application-managehandovers-display-component---AddNewHO--dueDate","interaction":{"idSuffix":"inner"}},"clearTextFirst":true,"interactionType":"ENTER_TEXT"}]}
COMMAND: POST /session/ba2432913a596e5fc4fa14806f816f85/element - {"using":"xpath","value":"//bdi[contains(text(), \"Instructions\")]"}
RESULT: {"using":"xpath","value":"//bdi[contains(text(), \"Instructions\")]"}
COMMAND: POST /session/ba2432913a596e5fc4fa14806f816f85/element/f.FF9A1E5259EB1E6B709B859A36B64A29.d.8FE6D5B4112FC7E47294D0E6183949FC.e.23791/click - {}
RESULT: {}
COMMAND: GET /session/ba2432913a596e5fc4fa14806f816f85/screenshot - {}
COMMAND: POST /session/ba2432913a596e5fc4fa14806f816f85/element - {"using":"xpath","value":"//button[@data-kt=\"AddNewHOProvideAddItemsButton\"]"}
RESULT: {}
RESULT: {"using":"xpath","value":"//button[@data-kt=\"AddNewHOProvideAddItemsButton\"]"}
COMMAND: POST /session/ba2432913a596e5fc4fa14806f816f85/element/f.FF9A1E5259EB1E6B709B859A36B64A29.d.8FE6D5B4112FC7E47294D0E6183949FC.e.23596/click - {}
RESULT: {}
COMMAND: GET /session/ba2432913a596e5fc4fa14806f816f85/screenshot - {}
RESULT: undefined
COMMAND: POST /session/ba2432913a596e5fc4fa14806f816f85/element - {"using":"xpath","value":"//*[@id=\"application-managehandovers-display-component---AddNewHO--popup-sa\"]"}
RESULT: {}
RESULT: {"using":"xpath","value":"//*[@id=\"application-managehandovers-display-component---AddNewHO--popup-sa\"]"}
COMMAND: POST /session/ba2432913a596e5fc4fa14806f816f85/element/f.FF9A1E5259EB1E6B709B859A36B64A29.d.8FE6D5B4112FC7E47294D0E6183949FC.e.23801/click - {}
RESULT: {}
COMMAND: GET /session/ba2432913a596e5fc4fa14806f816f85/screenshot - {}
RESULT: {}
COMMAND: POST /session/ba2432913a596e5fc4fa14806f816f85/element - {"using":"xpath","value":"//*[contains(@id ,\"BDI-content\")][contains(text(), \"Select\")]"}
RESULT: {"using":"xpath","value":"//*[contains(@id ,\"BDI-content\")][contains(text(), \"Select\")]"}
COMMAND: POST /session/ba2432913a596e5fc4fa14806f816f85/element/f.FF9A1E5259EB1E6B709B859A36B64A29.d.8FE6D5B4112FC7E47294D0E6183949FC.e.23803/click - {}
RESULT: {}
COMMAND: GET /session/ba2432913a596e5fc4fa14806f816f85/screenshot - {}
RESULT: {}
COMMAND: POST /session/ba2432913a596e5fc4fa14806f816f85/element - {"using":"xpath","value":"(//div[contains(@id, \"application-managehandovers-display-component---AddNewHO--oneStep-CbBg\")])"}
RESULT: {"using":"xpath","value":"(//div[contains(@id, \"application-managehandovers-display-component---AddNewHO--oneStep-CbBg\")])"}
COMMAND: POST /session/ba2432913a596e5fc4fa14806f816f85/element/f.FF9A1E5259EB1E6B709B859A36B64A29.d.8FE6D5B4112FC7E47294D0E6183949FC.e.23811/click - {}
RESULT: {}
RESULT: undefined
COMMAND: POST /session/ba2432913a596e5fc4fa14806f816f85/element - {"using":"xpath","value":"//*[@id=\"application-managehandovers-display-component---AddNewHO--confirmCreationButton\"]"}
COMMAND: GET /session/ba2432913a596e5fc4fa14806f816f85/screenshot - {}
RESULT: {"using":"xpath","value":"//*[@id=\"application-managehandovers-display-component---AddNewHO--confirmCreationButton\"]"}
COMMAND: POST /session/ba2432913a596e5fc4fa14806f816f85/element/f.FF9A1E5259EB1E6B709B859A36B64A29.d.8FE6D5B4112FC7E47294D0E6183949FC.e.23603/click - {}
RESULT: {}
RESULT: {}
COMMAND: GET /session/ba2432913a596e5fc4fa14806f816f85/screenshot - {}
COMMAND: POST /session/ba2432913a596e5fc4fa14806f816f85/element - {"using":"xpath","value":"//button[@data-kt=\"PickingTableConfirmAllButton\"]"}
RESULT: {}
RESULT: {"using":"xpath","value":"//button[@data-kt=\"PickingTableConfirmAllButton\"]"}
COMMAND: POST /session/ba2432913a596e5fc4fa14806f816f85/element/f.FF9A1E5259EB1E6B709B859A36B64A29.d.8FE6D5B4112FC7E47294D0E6183949FC.e.23861/click - {}
RESULT: {}
COMMAND: GET /session/ba2432913a596e5fc4fa14806f816f85/screenshot - {}
RESULT: {}
COMMAND: POST /session/ba2432913a596e5fc4fa14806f816f85/element - {"using":"xpath","value":"//bdi[contains(text(), \"OK\")]"}
RESULT: {"using":"xpath","value":"//bdi[contains(text(), \"OK\")]"}
COMMAND: POST /session/ba2432913a596e5fc4fa14806f816f85/element/f.FF9A1E5259EB1E6B709B859A36B64A29.d.8FE6D5B4112FC7E47294D0E6183949FC.e.23865/click - {}
RESULT: {}
COMMAND: GET /session/ba2432913a596e5fc4fa14806f816f85/screenshot - {}
RESULT: {}
COMMAND: POST /session/ba2432913a596e5fc4fa14806f816f85/element - {"using":"xpath","value":"//button[@data-kt=\"execHoPickButton\"]"}
RESULT: {"using":"xpath","value":"//button[@data-kt=\"execHoPickButton\"]"}
COMMAND: POST /session/ba2432913a596e5fc4fa14806f816f85/element/f.FF9A1E5259EB1E6B709B859A36B64A29.d.8FE6D5B4112FC7E47294D0E6183949FC.e.23867/click - {}
RESULT: {}
COMMAND: GET /session/ba2432913a596e5fc4fa14806f816f85/screenshot - {}
RESULT: {}
COMMAND: POST /session/ba2432913a596e5fc4fa14806f816f85/element - {"using":"xpath","value":"//span[contains(@id ,\"filterItemControl_BASIC-SEND_CONTRACT-vhi\")]"}
RESULT: {"using":"xpath","value":"//span[contains(@id ,\"filterItemControl_BASIC-SEND_CONTRACT-vhi\")]"}
COMMAND: POST /session/ba2432913a596e5fc4fa14806f816f85/element/f.FF9A1E5259EB1E6B709B859A36B64A29.d.8FE6D5B4112FC7E47294D0E6183949FC.e.24177/click - {}
RESULT: {}
COMMAND: GET /session/ba2432913a596e5fc4fa14806f816f85/screenshot - {}
RESULT: {}
RESULT: undefined
COMMAND: POST /session/ba2432913a596e5fc4fa14806f816f85/execute/async - {"script":"<script> [776 bytes]","args":[{"enterText":"10495","selector":{"controlType":"sap.m.SearchField","viewName":"etm.portal.ui.managehandovers.view.MasterHO","bindingPath":{"path":"","propertyPath":"/_BASIC_SEARCH_FIELD","modelName":"fi1t3rM0d31"},"searchOpenDialogs":true,"interaction":{"idSuffix":"I"}},"clearTextFirst":true,"interactionType":"ENTER_TEXT"}]}
RESULT: {"script":"<script> [776 bytes]","args":[{"enterText":"10495","selector":{"controlType":"sap.m.SearchField","viewName":"etm.portal.ui.managehandovers.view.MasterHO","bindingPath":{"path":"","propertyPath":"/_BASIC_SEARCH_FIELD","modelName":"fi1t3rM0d31"},"searchOpenDialogs":true,"interaction":{"idSuffix":"I"}},"clearTextFirst":true,"interactionType":"ENTER_TEXT"}]}
COMMAND: POST /session/ba2432913a596e5fc4fa14806f816f85/actions - {"actions":[{"id":"action86","type":"key","parameters":{},"actions":[{"type":"keyDown","value":"î€‡"},{"type":"pause","duration":10},{"type":"keyUp","value":"î€‡"}]}]}
RESULT: {"actions":[{"id":"action86","type":"key","parameters":{},"actions":[{"type":"keyDown","value":"î€‡"},{"type":"pause","duration":10},{"type":"keyUp","value":"î€‡"}]}]}
COMMAND: GET /session/ba2432913a596e5fc4fa14806f816f85/screenshot - {}
RESULT: {}
COMMAND: POST /session/ba2432913a596e5fc4fa14806f816f85/element - {"using":"xpath","value":"//div[contains(@id, 'filterItemControl_BASIC-SEND_CONTRACT-valueHelpDialog-table-rowsel0')]"}
RESULT: {"using":"xpath","value":"//div[contains(@id, 'filterItemControl_BASIC-SEND_CONTRACT-valueHelpDialog-table-rowsel0')]"}
COMMAND: POST /session/ba2432913a596e5fc4fa14806f816f85/element/f.FF9A1E5259EB1E6B709B859A36B64A29.d.8FE6D5B4112FC7E47294D0E6183949FC.e.24186/click - {}
RESULT: {}
COMMAND: GET /session/ba2432913a596e5fc4fa14806f816f85/screenshot - {}
RESULT: {}
COMMAND: POST /session/ba2432913a596e5fc4fa14806f816f85/element - {"using":"xpath","value":"//bdi[contains(text(), \"OK\")]"}
RESULT: {"using":"xpath","value":"//bdi[contains(text(), \"OK\")]"}
COMMAND: POST /session/ba2432913a596e5fc4fa14806f816f85/element/f.FF9A1E5259EB1E6B709B859A36B64A29.d.8FE6D5B4112FC7E47294D0E6183949FC.e.24188/click - {}
RESULT: {}
COMMAND: GET /session/ba2432913a596e5fc4fa14806f816f85/screenshot - {}
RESULT: {}
COMMAND: POST /session/ba2432913a596e5fc4fa14806f816f85/element - {"using":"xpath","value":"//span[contains(@id, \"smartTable-header-inner\")]"}
RESULT: {"using":"xpath","value":"//span[contains(@id, \"smartTable-header-inner\")]"}
COMMAND: POST /session/ba2432913a596e5fc4fa14806f816f85/elements - {"using":"xpath","value":"//span[contains(@id, \"smartTable-header-inner\")]"}
RESULT: {"using":"xpath","value":"//span[contains(@id, \"smartTable-header-inner\")]"}
COMMAND: POST /session/ba2432913a596e5fc4fa14806f816f85/execute/sync - {"script":"<script> [56 bytes]","args":[{"element-6066-11e4-a52e-4f735466cecf":"f.FF9A1E5259EB1E6B709B859A36B64A29.d.8FE6D5B4112FC7E47294D0E6183949FC.e.24215","ELEMENT":"f.FF9A1E5259EB1E6B709B859A36B64A29.d.8FE6D5B4112FC7E47294D0E6183949FC.e.24215"}]}
RESULT: {"script":"<script> [56 bytes]","args":[{"element-6066-11e4-a52e-4f735466cecf":"f.FF9A1E5259EB1E6B709B859A36B64A29.d.8FE6D5B4112FC7E47294D0E6183949FC.e.24215","ELEMENT":"f.FF9A1E5259EB1E6B709B859A36B64A29.d.8FE6D5B4112FC7E47294D0E6183949FC.e.24215"}]}
COMMAND: POST /session/ba2432913a596e5fc4fa14806f816f85/element - {"using":"xpath","value":"//table[contains(@id, \"customHandovers\")]//tbody/tr[1]/td[2]/span"}
COMMAND: GET /session/ba2432913a596e5fc4fa14806f816f85/screenshot - {}
RESULT: {"using":"xpath","value":"//table[contains(@id, \"customHandovers\")]//tbody/tr[1]/td[2]/span"}
COMMAND: POST /session/ba2432913a596e5fc4fa14806f816f85/execute/sync - {"script":"<script> [56 bytes]","args":[{"element-6066-11e4-a52e-4f735466cecf":"f.FF9A1E5259EB1E6B709B859A36B64A29.d.8FE6D5B4112FC7E47294D0E6183949FC.e.24216","ELEMENT":"f.FF9A1E5259EB1E6B709B859A36B64A29.d.8FE6D5B4112FC7E47294D0E6183949FC.e.24216"}]}
RESULT: {}
RESULT: {"script":"<script> [56 bytes]","args":[{"element-6066-11e4-a52e-4f735466cecf":"f.FF9A1E5259EB1E6B709B859A36B64A29.d.8FE6D5B4112FC7E47294D0E6183949FC.e.24216","ELEMENT":"f.FF9A1E5259EB1E6B709B859A36B64A29.d.8FE6D5B4112FC7E47294D0E6183949FC.e.24216"}]}
COMMAND: POST /session/ba2432913a596e5fc4fa14806f816f85/element - {"using":"xpath","value":"(//span[contains(@id, \"imgNav\")])[1]"}
COMMAND: GET /session/ba2432913a596e5fc4fa14806f816f85/screenshot - {}
RESULT: {"using":"xpath","value":"(//span[contains(@id, \"imgNav\")])[1]"}
COMMAND: POST /session/ba2432913a596e5fc4fa14806f816f85/element/f.FF9A1E5259EB1E6B709B859A36B64A29.d.8FE6D5B4112FC7E47294D0E6183949FC.e.24213/click - {}
RESULT: {}
RESULT: {}
COMMAND: GET /session/ba2432913a596e5fc4fa14806f816f85/screenshot - {}
RESULT: {}
COMMAND: POST /session/ba2432913a596e5fc4fa14806f816f85/element - {"using":"xpath","value":"//button[@data-kt=\"PickingTableConfirmAllButton\"]"}
RESULT: {"using":"xpath","value":"//button[@data-kt=\"PickingTableConfirmAllButton\"]"}
COMMAND: POST /session/ba2432913a596e5fc4fa14806f816f85/element/f.FF9A1E5259EB1E6B709B859A36B64A29.d.8FE6D5B4112FC7E47294D0E6183949FC.e.24256/click - {}
RESULT: {}
COMMAND: GET /session/ba2432913a596e5fc4fa14806f816f85/screenshot - {}
RESULT: {}
COMMAND: POST /session/ba2432913a596e5fc4fa14806f816f85/element - {"using":"xpath","value":"//bdi[contains(text(), \"OK\")]"}
RESULT: {"using":"xpath","value":"//bdi[contains(text(), \"OK\")]"}
COMMAND: POST /session/ba2432913a596e5fc4fa14806f816f85/element/f.FF9A1E5259EB1E6B709B859A36B64A29.d.8FE6D5B4112FC7E47294D0E6183949FC.e.24268/click - {}
RESULT: {}
COMMAND: GET /session/ba2432913a596e5fc4fa14806f816f85/screenshot - {}
RESULT: {}
COMMAND: POST /session/ba2432913a596e5fc4fa14806f816f85/element - {"using":"xpath","value":"//button[@data-kt=\"execHoIssueButton\"]"}
RESULT: {"using":"xpath","value":"//button[@data-kt=\"execHoIssueButton\"]"}
COMMAND: POST /session/ba2432913a596e5fc4fa14806f816f85/element/f.FF9A1E5259EB1E6B709B859A36B64A29.d.8FE6D5B4112FC7E47294D0E6183949FC.e.24270/click - {}
RESULT: {}
COMMAND: GET /session/ba2432913a596e5fc4fa14806f816f85/screenshot - {}
RESULT: {}
COMMAND: POST /session/ba2432913a596e5fc4fa14806f816f85/element - {"using":"xpath","value":"//input[contains(@id ,\"smartFilterBar-btnBasicSearch-I\")]"}
RESULT: {"using":"xpath","value":"//input[contains(@id ,\"smartFilterBar-btnBasicSearch-I\")]"}
COMMAND: POST /session/ba2432913a596e5fc4fa14806f816f85/elements - {"using":"xpath","value":"//input[contains(@id ,\"smartFilterBar-btnBasicSearch-I\")]"}
RESULT: {"using":"xpath","value":"//input[contains(@id ,\"smartFilterBar-btnBasicSearch-I\")]"}
COMMAND: POST /session/ba2432913a596e5fc4fa14806f816f85/execute/sync - {"script":"<script> [8489 bytes]","args":[{"element-6066-11e4-a52e-4f735466cecf":"f.FF9A1E5259EB1E6B709B859A36B64A29.d.8FE6D5B4112FC7E47294D0E6183949FC.e.23784","ELEMENT":"f.FF9A1E5259EB1E6B709B859A36B64A29.d.8FE6D5B4112FC7E47294D0E6183949FC.e.23784"}]}
RESULT: {"script":"<script> [8489 bytes]","args":[{"element-6066-11e4-a52e-4f735466cecf":"f.FF9A1E5259EB1E6B709B859A36B64A29.d.8FE6D5B4112FC7E47294D0E6183949FC.e.23784","ELEMENT":"f.FF9A1E5259EB1E6B709B859A36B64A29.d.8FE6D5B4112FC7E47294D0E6183949FC.e.23784"}]}
COMMAND: GET /session/ba2432913a596e5fc4fa14806f816f85/element/f.FF9A1E5259EB1E6B709B859A36B64A29.d.8FE6D5B4112FC7E47294D0E6183949FC.e.23784/enabled - {}
COMMAND: GET /session/ba2432913a596e5fc4fa14806f816f85/screenshot - {}
RESULT: {}
COMMAND: POST /session/ba2432913a596e5fc4fa14806f816f85/element/f.FF9A1E5259EB1E6B709B859A36B64A29.d.8FE6D5B4112FC7E47294D0E6183949FC.e.23784/clear - {}
COMMAND: GET /session/ba2432913a596e5fc4fa14806f816f85/screenshot - {}
RESULT: {}
RESULT: {}
COMMAND: POST /session/ba2432913a596e5fc4fa14806f816f85/element/f.FF9A1E5259EB1E6B709B859A36B64A29.d.8FE6D5B4112FC7E47294D0E6183949FC.e.23784/value - {"text":"30729"}
COMMAND: GET /session/ba2432913a596e5fc4fa14806f816f85/screenshot - {}
RESULT: {}
RESULT: {"text":"30729"}
COMMAND: GET /session/ba2432913a596e5fc4fa14806f816f85/screenshot - {}
RESULT: {}
RESULT: {}
COMMAND: POST /session/ba2432913a596e5fc4fa14806f816f85/actions - {"actions":[{"id":"action87","type":"key","parameters":{},"actions":[{"type":"keyDown","value":"î€‡"},{"type":"pause","duration":10},{"type":"keyUp","value":"î€‡"}]}]}
RESULT: {"actions":[{"id":"action87","type":"key","parameters":{},"actions":[{"type":"keyDown","value":"î€‡"},{"type":"pause","duration":10},{"type":"keyUp","value":"î€‡"}]}]}
COMMAND: GET /session/ba2432913a596e5fc4fa14806f816f85/screenshot - {}
RESULT: {}
COMMAND: POST /session/ba2432913a596e5fc4fa14806f816f85/element - {"using":"xpath","value":"//span[contains(@id, \"smartTable-header-inner\")]"}
RESULT: {"using":"xpath","value":"//span[contains(@id, \"smartTable-header-inner\")]"}
COMMAND: POST /session/ba2432913a596e5fc4fa14806f816f85/elements - {"using":"xpath","value":"//span[contains(@id, \"smartTable-header-inner\")]"}
RESULT: {"using":"xpath","value":"//span[contains(@id, \"smartTable-header-inner\")]"}
COMMAND: POST /session/ba2432913a596e5fc4fa14806f816f85/execute/sync - {"script":"<script> [56 bytes]","args":[{"element-6066-11e4-a52e-4f735466cecf":"f.FF9A1E5259EB1E6B709B859A36B64A29.d.8FE6D5B4112FC7E47294D0E6183949FC.e.24215","ELEMENT":"f.FF9A1E5259EB1E6B709B859A36B64A29.d.8FE6D5B4112FC7E47294D0E6183949FC.e.24215"}]}
RESULT: {"script":"<script> [56 bytes]","args":[{"element-6066-11e4-a52e-4f735466cecf":"f.FF9A1E5259EB1E6B709B859A36B64A29.d.8FE6D5B4112FC7E47294D0E6183949FC.e.24215","ELEMENT":"f.FF9A1E5259EB1E6B709B859A36B64A29.d.8FE6D5B4112FC7E47294D0E6183949FC.e.24215"}]}
COMMAND: POST /session/ba2432913a596e5fc4fa14806f816f85/elements - {"using":"xpath","value":"//thead[contains(@class, \"sapMTableTH\")]/tr/th"}
COMMAND: GET /session/ba2432913a596e5fc4fa14806f816f85/screenshot - {}
RESULT: {"using":"xpath","value":"//thead[contains(@class, \"sapMTableTH\")]/tr/th"}
COMMAND: GET /session/ba2432913a596e5fc4fa14806f816f85/element/f.FF9A1E5259EB1E6B709B859A36B64A29.d.8FE6D5B4112FC7E47294D0E6183949FC.e.24304/text - {}
RESULT: {}
RESULT: {}
COMMAND: GET /session/ba2432913a596e5fc4fa14806f816f85/element/f.FF9A1E5259EB1E6B709B859A36B64A29.d.8FE6D5B4112FC7E47294D0E6183949FC.e.24305/text - {}
RESULT: {}
COMMAND: GET /session/ba2432913a596e5fc4fa14806f816f85/element/f.FF9A1E5259EB1E6B709B859A36B64A29.d.8FE6D5B4112FC7E47294D0E6183949FC.e.23549/text - {}
RESULT: {}
COMMAND: GET /session/ba2432913a596e5fc4fa14806f816f85/element/f.FF9A1E5259EB1E6B709B859A36B64A29.d.8FE6D5B4112FC7E47294D0E6183949FC.e.23551/text - {}
RESULT: {}
COMMAND: GET /session/ba2432913a596e5fc4fa14806f816f85/element/f.FF9A1E5259EB1E6B709B859A36B64A29.d.8FE6D5B4112FC7E47294D0E6183949FC.e.24274/text - {}
RESULT: {}
COMMAND: GET /session/ba2432913a596e5fc4fa14806f816f85/element/f.FF9A1E5259EB1E6B709B859A36B64A29.d.8FE6D5B4112FC7E47294D0E6183949FC.e.24275/text - {}
RESULT: {}
COMMAND: GET /session/ba2432913a596e5fc4fa14806f816f85/element/f.FF9A1E5259EB1E6B709B859A36B64A29.d.8FE6D5B4112FC7E47294D0E6183949FC.e.24276/text - {}
RESULT: {}
COMMAND: GET /session/ba2432913a596e5fc4fa14806f816f85/element/f.FF9A1E5259EB1E6B709B859A36B64A29.d.8FE6D5B4112FC7E47294D0E6183949FC.e.24277/text - {}
RESULT: {}
COMMAND: GET /session/ba2432913a596e5fc4fa14806f816f85/element/f.FF9A1E5259EB1E6B709B859A36B64A29.d.8FE6D5B4112FC7E47294D0E6183949FC.e.24278/text - {}
RESULT: {}
COMMAND: GET /session/ba2432913a596e5fc4fa14806f816f85/element/f.FF9A1E5259EB1E6B709B859A36B64A29.d.8FE6D5B4112FC7E47294D0E6183949FC.e.24279/text - {}
RESULT: {}
COMMAND: GET /session/ba2432913a596e5fc4fa14806f816f85/element/f.FF9A1E5259EB1E6B709B859A36B64A29.d.8FE6D5B4112FC7E47294D0E6183949FC.e.24280/text - {}
RESULT: {}
COMMAND: GET /session/ba2432913a596e5fc4fa14806f816f85/element/f.FF9A1E5259EB1E6B709B859A36B64A29.d.8FE6D5B4112FC7E47294D0E6183949FC.e.24281/text - {}
RESULT: {}
COMMAND: GET /session/ba2432913a596e5fc4fa14806f816f85/element/f.FF9A1E5259EB1E6B709B859A36B64A29.d.8FE6D5B4112FC7E47294D0E6183949FC.e.24282/text - {}
RESULT: {}
COMMAND: GET /session/ba2432913a596e5fc4fa14806f816f85/element/f.FF9A1E5259EB1E6B709B859A36B64A29.d.8FE6D5B4112FC7E47294D0E6183949FC.e.23552/text - {}
RESULT: {}
COMMAND: POST /session/ba2432913a596e5fc4fa14806f816f85/element - {"using":"xpath","value":"//tbody[contains(@id, \"customHandoversTable-tblBody\")]/tr[1]/td[14]/div/span"}
RESULT: {"using":"xpath","value":"//tbody[contains(@id, \"customHandoversTable-tblBody\")]/tr[1]/td[14]/div/span"}
COMMAND: POST /session/ba2432913a596e5fc4fa14806f816f85/execute/sync - {"script":"<script> [56 bytes]","args":[{"element-6066-11e4-a52e-4f735466cecf":"f.FF9A1E5259EB1E6B709B859A36B64A29.d.8FE6D5B4112FC7E47294D0E6183949FC.e.24358","ELEMENT":"f.FF9A1E5259EB1E6B709B859A36B64A29.d.8FE6D5B4112FC7E47294D0E6183949FC.e.24358"}]}
RESULT: {"script":"<script> [56 bytes]","args":[{"element-6066-11e4-a52e-4f735466cecf":"f.FF9A1E5259EB1E6B709B859A36B64A29.d.8FE6D5B4112FC7E47294D0E6183949FC.e.24358","ELEMENT":"f.FF9A1E5259EB1E6B709B859A36B64A29.d.8FE6D5B4112FC7E47294D0E6183949FC.e.24358"}]}
COMMAND: POST /session/ba2432913a596e5fc4fa14806f816f85/element - {"using":"xpath","value":"(//span[contains(@id, \"imgNav\")])[1]"}
COMMAND: GET /session/ba2432913a596e5fc4fa14806f816f85/screenshot - {}
RESULT: {"using":"xpath","value":"(//span[contains(@id, \"imgNav\")])[1]"}
COMMAND: POST /session/ba2432913a596e5fc4fa14806f816f85/element/f.FF9A1E5259EB1E6B709B859A36B64A29.d.8FE6D5B4112FC7E47294D0E6183949FC.e.24359/click - {}
RESULT: {}
RESULT: {}
COMMAND: GET /session/ba2432913a596e5fc4fa14806f816f85/screenshot - {}
RESULT: {}
RESULT: undefined
COMMAND: POST /session/ba2432913a596e5fc4fa14806f816f85/execute/async - {"script":"<script> [776 bytes]","args":[{"enterText":"05/24/25","selector":{"id":"receiptDatePicker","viewName":"etm.portal.ui.managehandovers.view.DetailExecuteHO","interaction":{"idSuffix":"inner"}},"clearTextFirst":true,"interactionType":"ENTER_TEXT"}]}
RESULT: {"script":"<script> [776 bytes]","args":[{"enterText":"05/24/25","selector":{"id":"receiptDatePicker","viewName":"etm.portal.ui.managehandovers.view.DetailExecuteHO","interaction":{"idSuffix":"inner"}},"clearTextFirst":true,"interactionType":"ENTER_TEXT"}]}
COMMAND: POST /session/ba2432913a596e5fc4fa14806f816f85/element - {"using":"xpath","value":"//bdi[contains(text(), \"OK\")]"}
RESULT: {"using":"xpath","value":"//bdi[contains(text(), \"OK\")]"}
COMMAND: POST /session/ba2432913a596e5fc4fa14806f816f85/element/f.FF9A1E5259EB1E6B709B859A36B64A29.d.8FE6D5B4112FC7E47294D0E6183949FC.e.24396/click - {}
RESULT: {}
COMMAND: GET /session/ba2432913a596e5fc4fa14806f816f85/screenshot - {}
RESULT: {}
COMMAND: POST /session/ba2432913a596e5fc4fa14806f816f85/element - {"using":"xpath","value":"//button[@data-kt=\"PickingTableConfirmAllButton\"]"}
RESULT: {"using":"xpath","value":"//button[@data-kt=\"PickingTableConfirmAllButton\"]"}
COMMAND: POST /session/ba2432913a596e5fc4fa14806f816f85/element/f.FF9A1E5259EB1E6B709B859A36B64A29.d.8FE6D5B4112FC7E47294D0E6183949FC.e.24382/click - {}
RESULT: {}
COMMAND: GET /session/ba2432913a596e5fc4fa14806f816f85/screenshot - {}
RESULT: {}
COMMAND: POST /session/ba2432913a596e5fc4fa14806f816f85/element - {"using":"xpath","value":"//bdi[contains(text(), \"OK\")]"}
RESULT: {"using":"xpath","value":"//bdi[contains(text(), \"OK\")]"}
COMMAND: POST /session/ba2432913a596e5fc4fa14806f816f85/element/f.FF9A1E5259EB1E6B709B859A36B64A29.d.8FE6D5B4112FC7E47294D0E6183949FC.e.24414/click - {}
RESULT: {}
COMMAND: GET /session/ba2432913a596e5fc4fa14806f816f85/screenshot - {}
RESULT: {}
COMMAND: POST /session/ba2432913a596e5fc4fa14806f816f85/element - {"using":"xpath","value":"//button[@data-kt= \"execHoReceiveButton\"]"}
RESULT: {"using":"xpath","value":"//button[@data-kt= \"execHoReceiveButton\"]"}
COMMAND: POST /session/ba2432913a596e5fc4fa14806f816f85/element/f.FF9A1E5259EB1E6B709B859A36B64A29.d.8FE6D5B4112FC7E47294D0E6183949FC.e.24415/click - {}
RESULT: {}
COMMAND: GET /session/ba2432913a596e5fc4fa14806f816f85/screenshot - {}
RESULT: {}
COMMAND: POST /session/ba2432913a596e5fc4fa14806f816f85/element - {"using":"xpath","value":"//input[contains(@id ,\"smartFilterBar-btnBasicSearch-I\")]"}
RESULT: {"using":"xpath","value":"//input[contains(@id ,\"smartFilterBar-btnBasicSearch-I\")]"}
COMMAND: POST /session/ba2432913a596e5fc4fa14806f816f85/elements - {"using":"xpath","value":"//input[contains(@id ,\"smartFilterBar-btnBasicSearch-I\")]"}
RESULT: {"using":"xpath","value":"//input[contains(@id ,\"smartFilterBar-btnBasicSearch-I\")]"}
COMMAND: POST /session/ba2432913a596e5fc4fa14806f816f85/execute/sync - {"script":"<script> [8489 bytes]","args":[{"element-6066-11e4-a52e-4f735466cecf":"f.FF9A1E5259EB1E6B709B859A36B64A29.d.8FE6D5B4112FC7E47294D0E6183949FC.e.23784","ELEMENT":"f.FF9A1E5259EB1E6B709B859A36B64A29.d.8FE6D5B4112FC7E47294D0E6183949FC.e.23784"}]}
RESULT: {"script":"<script> [8489 bytes]","args":[{"element-6066-11e4-a52e-4f735466cecf":"f.FF9A1E5259EB1E6B709B859A36B64A29.d.8FE6D5B4112FC7E47294D0E6183949FC.e.23784","ELEMENT":"f.FF9A1E5259EB1E6B709B859A36B64A29.d.8FE6D5B4112FC7E47294D0E6183949FC.e.23784"}]}
COMMAND: GET /session/ba2432913a596e5fc4fa14806f816f85/element/f.FF9A1E5259EB1E6B709B859A36B64A29.d.8FE6D5B4112FC7E47294D0E6183949FC.e.23784/enabled - {}
COMMAND: GET /session/ba2432913a596e5fc4fa14806f816f85/screenshot - {}
RESULT: {}
COMMAND: POST /session/ba2432913a596e5fc4fa14806f816f85/element/f.FF9A1E5259EB1E6B709B859A36B64A29.d.8FE6D5B4112FC7E47294D0E6183949FC.e.23784/clear - {}
COMMAND: GET /session/ba2432913a596e5fc4fa14806f816f85/screenshot - {}
RESULT: {}
RESULT: {}
COMMAND: POST /session/ba2432913a596e5fc4fa14806f816f85/element/f.FF9A1E5259EB1E6B709B859A36B64A29.d.8FE6D5B4112FC7E47294D0E6183949FC.e.23784/value - {"text":"30729"}
COMMAND: GET /session/ba2432913a596e5fc4fa14806f816f85/screenshot - {}
RESULT: {}
RESULT: {"text":"30729"}
COMMAND: GET /session/ba2432913a596e5fc4fa14806f816f85/screenshot - {}
RESULT: {}
RESULT: {}
COMMAND: POST /session/ba2432913a596e5fc4fa14806f816f85/actions - {"actions":[{"id":"action88","type":"key","parameters":{},"actions":[{"type":"keyDown","value":"î€‡"},{"type":"pause","duration":10},{"type":"keyUp","value":"î€‡"}]}]}
RESULT: {"actions":[{"id":"action88","type":"key","parameters":{},"actions":[{"type":"keyDown","value":"î€‡"},{"type":"pause","duration":10},{"type":"keyUp","value":"î€‡"}]}]}
COMMAND: GET /session/ba2432913a596e5fc4fa14806f816f85/screenshot - {}
RESULT: {}
COMMAND: POST /session/ba2432913a596e5fc4fa14806f816f85/element - {"using":"xpath","value":"//span[contains(@id, \"smartTable-header-inner\")]"}
RESULT: {"using":"xpath","value":"//span[contains(@id, \"smartTable-header-inner\")]"}
COMMAND: POST /session/ba2432913a596e5fc4fa14806f816f85/elements - {"using":"xpath","value":"//span[contains(@id, \"smartTable-header-inner\")]"}
RESULT: {"using":"xpath","value":"//span[contains(@id, \"smartTable-header-inner\")]"}
COMMAND: POST /session/ba2432913a596e5fc4fa14806f816f85/execute/sync - {"script":"<script> [56 bytes]","args":[{"element-6066-11e4-a52e-4f735466cecf":"f.FF9A1E5259EB1E6B709B859A36B64A29.d.8FE6D5B4112FC7E47294D0E6183949FC.e.24215","ELEMENT":"f.FF9A1E5259EB1E6B709B859A36B64A29.d.8FE6D5B4112FC7E47294D0E6183949FC.e.24215"}]}
RESULT: {"script":"<script> [56 bytes]","args":[{"element-6066-11e4-a52e-4f735466cecf":"f.FF9A1E5259EB1E6B709B859A36B64A29.d.8FE6D5B4112FC7E47294D0E6183949FC.e.24215","ELEMENT":"f.FF9A1E5259EB1E6B709B859A36B64A29.d.8FE6D5B4112FC7E47294D0E6183949FC.e.24215"}]}
COMMAND: POST /session/ba2432913a596e5fc4fa14806f816f85/elements - {"using":"xpath","value":"//thead[contains(@class, \"sapMTableTH\")]/tr/th"}
COMMAND: GET /session/ba2432913a596e5fc4fa14806f816f85/screenshot - {}
RESULT: {"using":"xpath","value":"//thead[contains(@class, \"sapMTableTH\")]/tr/th"}
COMMAND: GET /session/ba2432913a596e5fc4fa14806f816f85/element/f.FF9A1E5259EB1E6B709B859A36B64A29.d.8FE6D5B4112FC7E47294D0E6183949FC.e.24304/text - {}
RESULT: {}
RESULT: {}
COMMAND: GET /session/ba2432913a596e5fc4fa14806f816f85/element/f.FF9A1E5259EB1E6B709B859A36B64A29.d.8FE6D5B4112FC7E47294D0E6183949FC.e.24305/text - {}
RESULT: {}
COMMAND: GET /session/ba2432913a596e5fc4fa14806f816f85/element/f.FF9A1E5259EB1E6B709B859A36B64A29.d.8FE6D5B4112FC7E47294D0E6183949FC.e.23549/text - {}
RESULT: {}
COMMAND: GET /session/ba2432913a596e5fc4fa14806f816f85/element/f.FF9A1E5259EB1E6B709B859A36B64A29.d.8FE6D5B4112FC7E47294D0E6183949FC.e.23551/text - {}
RESULT: {}
COMMAND: GET /session/ba2432913a596e5fc4fa14806f816f85/element/f.FF9A1E5259EB1E6B709B859A36B64A29.d.8FE6D5B4112FC7E47294D0E6183949FC.e.24421/text - {}
RESULT: {}
COMMAND: GET /session/ba2432913a596e5fc4fa14806f816f85/element/f.FF9A1E5259EB1E6B709B859A36B64A29.d.8FE6D5B4112FC7E47294D0E6183949FC.e.24422/text - {}
RESULT: {}
COMMAND: GET /session/ba2432913a596e5fc4fa14806f816f85/element/f.FF9A1E5259EB1E6B709B859A36B64A29.d.8FE6D5B4112FC7E47294D0E6183949FC.e.24423/text - {}
RESULT: {}
COMMAND: GET /session/ba2432913a596e5fc4fa14806f816f85/element/f.FF9A1E5259EB1E6B709B859A36B64A29.d.8FE6D5B4112FC7E47294D0E6183949FC.e.24424/text - {}
RESULT: {}
COMMAND: GET /session/ba2432913a596e5fc4fa14806f816f85/element/f.FF9A1E5259EB1E6B709B859A36B64A29.d.8FE6D5B4112FC7E47294D0E6183949FC.e.24425/text - {}
RESULT: {}
COMMAND: GET /session/ba2432913a596e5fc4fa14806f816f85/element/f.FF9A1E5259EB1E6B709B859A36B64A29.d.8FE6D5B4112FC7E47294D0E6183949FC.e.24426/text - {}
RESULT: {}
COMMAND: GET /session/ba2432913a596e5fc4fa14806f816f85/element/f.FF9A1E5259EB1E6B709B859A36B64A29.d.8FE6D5B4112FC7E47294D0E6183949FC.e.24427/text - {}
RESULT: {}
COMMAND: GET /session/ba2432913a596e5fc4fa14806f816f85/element/f.FF9A1E5259EB1E6B709B859A36B64A29.d.8FE6D5B4112FC7E47294D0E6183949FC.e.24428/text - {}
RESULT: {}
COMMAND: GET /session/ba2432913a596e5fc4fa14806f816f85/element/f.FF9A1E5259EB1E6B709B859A36B64A29.d.8FE6D5B4112FC7E47294D0E6183949FC.e.24429/text - {}
RESULT: {}
COMMAND: GET /session/ba2432913a596e5fc4fa14806f816f85/element/f.FF9A1E5259EB1E6B709B859A36B64A29.d.8FE6D5B4112FC7E47294D0E6183949FC.e.23552/text - {}
RESULT: {}
COMMAND: POST /session/ba2432913a596e5fc4fa14806f816f85/element - {"using":"xpath","value":"//tbody[contains(@id, \"customHandoversTable-tblBody\")]/tr[1]/td[14]/div/span"}
RESULT: {"using":"xpath","value":"//tbody[contains(@id, \"customHandoversTable-tblBody\")]/tr[1]/td[14]/div/span"}
COMMAND: POST /session/ba2432913a596e5fc4fa14806f816f85/execute/sync - {"script":"<script> [56 bytes]","args":[{"element-6066-11e4-a52e-4f735466cecf":"f.FF9A1E5259EB1E6B709B859A36B64A29.d.8FE6D5B4112FC7E47294D0E6183949FC.e.24470","ELEMENT":"f.FF9A1E5259EB1E6B709B859A36B64A29.d.8FE6D5B4112FC7E47294D0E6183949FC.e.24470"}]}
RESULT: {"script":"<script> [56 bytes]","args":[{"element-6066-11e4-a52e-4f735466cecf":"f.FF9A1E5259EB1E6B709B859A36B64A29.d.8FE6D5B4112FC7E47294D0E6183949FC.e.24470","ELEMENT":"f.FF9A1E5259EB1E6B709B859A36B64A29.d.8FE6D5B4112FC7E47294D0E6183949FC.e.24470"}]}
COMMAND: POST /session/ba2432913a596e5fc4fa14806f816f85/element - {"using":"css selector","value":"#shell-header-logo"}
COMMAND: GET /session/ba2432913a596e5fc4fa14806f816f85/screenshot - {}
RESULT: {"using":"css selector","value":"#shell-header-logo"}
COMMAND: POST /session/ba2432913a596e5fc4fa14806f816f85/element/f.FF9A1E5259EB1E6B709B859A36B64A29.d.8FE6D5B4112FC7E47294D0E6183949FC.e.23191/click - {}
RESULT: {}
RESULT: {}
COMMAND: GET /session/ba2432913a596e5fc4fa14806f816f85/screenshot - {}
RESULT: {}
]]></system-out>
    </testcase>
    <testcase classname="chrome.135_0_7049_96.windows.Billing_Calculation_-_Time_based_(considering_transport_times)_US139738" name="Should do another billing run but in around 17 days from today" time="70.121">
      <system-out><![CDATA[
RESULT: undefined
COMMAND: POST /session/ba2432913a596e5fc4fa14806f816f85/element - {"using":"xpath","value":"//*[@id=\"__tile51\"]"}
RESULT: {"using":"xpath","value":"//*[@id=\"__tile51\"]"}
COMMAND: POST /session/ba2432913a596e5fc4fa14806f816f85/element/f.FF9A1E5259EB1E6B709B859A36B64A29.d.8FE6D5B4112FC7E47294D0E6183949FC.e.18617/click - {}
RESULT: {}
COMMAND: GET /session/ba2432913a596e5fc4fa14806f816f85/screenshot - {}
RESULT: {}
RESULT: undefined
COMMAND: POST /session/ba2432913a596e5fc4fa14806f816f85/execute/async - {"script":"<script> [776 bytes]","args":[{"enterText":"10495","selector":{"id":"application-managebillings-display-component---billRunCalcResult--smartFilterBar-btnBasicSearch","interaction":{"idSuffix":"I"}},"clearTextFirst":true,"interactionType":"ENTER_TEXT"}]}
RESULT: {"script":"<script> [776 bytes]","args":[{"enterText":"10495","selector":{"id":"application-managebillings-display-component---billRunCalcResult--smartFilterBar-btnBasicSearch","interaction":{"idSuffix":"I"}},"clearTextFirst":true,"interactionType":"ENTER_TEXT"}]}
COMMAND: POST /session/ba2432913a596e5fc4fa14806f816f85/actions - {"actions":[{"id":"action89","type":"key","parameters":{},"actions":[{"type":"keyDown","value":"î€‡"},{"type":"pause","duration":10},{"type":"keyUp","value":"î€‡"}]}]}
RESULT: {"actions":[{"id":"action89","type":"key","parameters":{},"actions":[{"type":"keyDown","value":"î€‡"},{"type":"pause","duration":10},{"type":"keyUp","value":"î€‡"}]}]}
COMMAND: GET /session/ba2432913a596e5fc4fa14806f816f85/screenshot - {}
RESULT: {}
COMMAND: POST /session/ba2432913a596e5fc4fa14806f816f85/element - {"using":"xpath","value":"//td[@aria-colindex=\"1\"]/div/div[contains(@class, \"sapMCbBg\")]"}
RESULT: {"using":"xpath","value":"//td[@aria-colindex=\"1\"]/div/div[contains(@class, \"sapMCbBg\")]"}
COMMAND: POST /session/ba2432913a596e5fc4fa14806f816f85/element/f.FF9A1E5259EB1E6B709B859A36B64A29.d.8FE6D5B4112FC7E47294D0E6183949FC.e.24648/click - {}
RESULT: {}
COMMAND: GET /session/ba2432913a596e5fc4fa14806f816f85/screenshot - {}
RESULT: {}
RESULT: undefined
COMMAND: POST /session/ba2432913a596e5fc4fa14806f816f85/execute/async - {"script":"<script> [776 bytes]","args":[{"enterText":"05/20/25","selector":{"id":"application-managebillings-display-component---billRunCalcResult--contractBillRunDate","interaction":{"idSuffix":"inner"}},"clearTextFirst":true,"interactionType":"ENTER_TEXT"}]}
RESULT: {"script":"<script> [776 bytes]","args":[{"enterText":"05/20/25","selector":{"id":"application-managebillings-display-component---billRunCalcResult--contractBillRunDate","interaction":{"idSuffix":"inner"}},"clearTextFirst":true,"interactionType":"ENTER_TEXT"}]}
COMMAND: POST /session/ba2432913a596e5fc4fa14806f816f85/element - {"using":"xpath","value":"//bdi[contains(text(), \"Trigger Calculation\")]"}
RESULT: {"using":"xpath","value":"//bdi[contains(text(), \"Trigger Calculation\")]"}
COMMAND: POST /session/ba2432913a596e5fc4fa14806f816f85/element/f.FF9A1E5259EB1E6B709B859A36B64A29.d.8FE6D5B4112FC7E47294D0E6183949FC.e.24862/click - {}
RESULT: {}
COMMAND: GET /session/ba2432913a596e5fc4fa14806f816f85/screenshot - {}
RESULT: {}
COMMAND: POST /session/ba2432913a596e5fc4fa14806f816f85/element - {"using":"xpath","value":"(//span[contains(@id, \"imgNav\")])[1]"}
RESULT: {"using":"xpath","value":"(//span[contains(@id, \"imgNav\")])[1]"}
COMMAND: POST /session/ba2432913a596e5fc4fa14806f816f85/element/f.FF9A1E5259EB1E6B709B859A36B64A29.d.8FE6D5B4112FC7E47294D0E6183949FC.e.24659/click - {}
RESULT: {}
COMMAND: GET /session/ba2432913a596e5fc4fa14806f816f85/screenshot - {}
RESULT: {}
COMMAND: POST /session/ba2432913a596e5fc4fa14806f816f85/element - {"using":"xpath","value":"//tr/td[6]/div[1]/span[1]/span[1]"}
RESULT: {"using":"xpath","value":"//tr/td[6]/div[1]/span[1]/span[1]"}
COMMAND: GET /session/ba2432913a596e5fc4fa14806f816f85/element/f.FF9A1E5259EB1E6B709B859A36B64A29.d.8FE6D5B4112FC7E47294D0E6183949FC.e.24867/text - {}
RESULT: {}
COMMAND: POST /session/ba2432913a596e5fc4fa14806f816f85/element - {"using":"xpath","value":"(//span[contains(@id, \"imgNav\")])[2]"}
RESULT: {"using":"xpath","value":"(//span[contains(@id, \"imgNav\")])[2]"}
COMMAND: POST /session/ba2432913a596e5fc4fa14806f816f85/element/f.FF9A1E5259EB1E6B709B859A36B64A29.d.8FE6D5B4112FC7E47294D0E6183949FC.e.24868/click - {}
RESULT: {}
COMMAND: POST /session/ba2432913a596e5fc4fa14806f816f85/element - {"using":"xpath","value":"//bdi[contains(text(), \"Business Confirm\")]"}
COMMAND: GET /session/ba2432913a596e5fc4fa14806f816f85/screenshot - {}
RESULT: {"using":"xpath","value":"//bdi[contains(text(), \"Business Confirm\")]"}
COMMAND: POST /session/ba2432913a596e5fc4fa14806f816f85/elements - {"using":"xpath","value":"//bdi[contains(text(), \"Business Confirm\")]"}
RESULT: {}
RESULT: {"using":"xpath","value":"//bdi[contains(text(), \"Business Confirm\")]"}
COMMAND: POST /session/ba2432913a596e5fc4fa14806f816f85/elements - {"using":"xpath","value":"//bdi[contains(text(), \"Business Confirm\")]"}
RESULT: {"using":"xpath","value":"//bdi[contains(text(), \"Business Confirm\")]"}
COMMAND: POST /session/ba2432913a596e5fc4fa14806f816f85/elements - {"using":"xpath","value":"//bdi[contains(text(), \"Business Confirm\")]"}
RESULT: {"using":"xpath","value":"//bdi[contains(text(), \"Business Confirm\")]"}
COMMAND: POST /session/ba2432913a596e5fc4fa14806f816f85/element - {"using":"xpath","value":"//bdi[contains(text(), \"Business Confirm\")]"}
RESULT: {"using":"xpath","value":"//bdi[contains(text(), \"Business Confirm\")]"}
COMMAND: POST /session/ba2432913a596e5fc4fa14806f816f85/element/f.FF9A1E5259EB1E6B709B859A36B64A29.d.8FE6D5B4112FC7E47294D0E6183949FC.e.24875/click - {}
RESULT: {}
COMMAND: POST /session/ba2432913a596e5fc4fa14806f816f85/element - {"using":"css selector","value":"#shell-header-logo"}
COMMAND: GET /session/ba2432913a596e5fc4fa14806f816f85/screenshot - {}
RESULT: {"using":"css selector","value":"#shell-header-logo"}
COMMAND: POST /session/ba2432913a596e5fc4fa14806f816f85/element/f.FF9A1E5259EB1E6B709B859A36B64A29.d.8FE6D5B4112FC7E47294D0E6183949FC.e.24474/click - {}
RESULT: {}
RESULT: {}
COMMAND: GET /session/ba2432913a596e5fc4fa14806f816f85/screenshot - {}
RESULT: {}
]]></system-out>
    </testcase>
  </testsuite>
</testsuites>