<?xml version="1.0" encoding="UTF-8"?>
<testsuites tests="58" failures="46" errors="46" skipped="0">
  <testsuite timestamp="2025-04-25T17:10:26" time="946.959" tests="11" failures="8" errors="8" skipped="0">
    <properties>
      <property name="specId" value="0" />
      <property name="suiteName" value="Billing confirm US117289" />
      <property name="capabilities" value="chrome.135_0_7049_96.windows" />
      <property name="file" value="file:///D:/a/1/s/test/specs/BTS/billing-confirm.spec.js" />
    </properties>
    <testcase classname="chrome.135_0_7049_96.windows.Billing_confirm_US117289" name="Should create a new yard" time="122.749">
      <system-out><![CDATA[
COMMAND: POST /session/60a0e1168e549ca734fea4458a5c60f0/window/fullscreen - {}
RESULT: {}
COMMAND: POST /session/60a0e1168e549ca734fea4458a5c60f0/execute/async - {"script":"<script> [1562 bytes]","args":[{"selector":{"controlType":"sap.m.GenericTile","properties":{"header":"Manage Yards"}},"wdio_ui5_key":"sapm.GenericTile{\"header\":\"Manage Yards\"}"}]}
RESULT: {"script":"<script> [1562 bytes]","args":[{"selector":{"controlType":"sap.m.GenericTile","properties":{"header":"Manage Yards"}},"wdio_ui5_key":"sapm.GenericTile{\"header\":\"Manage Yards\"}"}]}
RESULT: undefined
COMMAND: POST /session/60a0e1168e549ca734fea4458a5c60f0/element - {"using":"xpath","value":"//*[@id=\"__tile41\"]"}
RESULT: {"using":"xpath","value":"//*[@id=\"__tile41\"]"}
COMMAND: POST /session/60a0e1168e549ca734fea4458a5c60f0/element/f.C26B870510AA224346A2563CAEABFE2B.d.450431EC217F0F1DE1A4EBAC19431F04.e.165/click - {}
RESULT: {}
COMMAND: POST /session/60a0e1168e549ca734fea4458a5c60f0/element - {"using":"xpath","value":"//button[@data-kt=\"addNewYardOverflowToolbarButton\"]"}
COMMAND: GET /session/60a0e1168e549ca734fea4458a5c60f0/screenshot - {}
RESULT: {"using":"xpath","value":"//button[@data-kt=\"addNewYardOverflowToolbarButton\"]"}
COMMAND: POST /session/60a0e1168e549ca734fea4458a5c60f0/elements - {"using":"xpath","value":"//button[@data-kt=\"addNewYardOverflowToolbarButton\"]"}
RESULT: {}
RESULT: {"using":"xpath","value":"//button[@data-kt=\"addNewYardOverflowToolbarButton\"]"}
COMMAND: POST /session/60a0e1168e549ca734fea4458a5c60f0/elements - {"using":"xpath","value":"//button[@data-kt=\"addNewYardOverflowToolbarButton\"]"}
RESULT: {"using":"xpath","value":"//button[@data-kt=\"addNewYardOverflowToolbarButton\"]"}
COMMAND: POST /session/60a0e1168e549ca734fea4458a5c60f0/elements - {"using":"xpath","value":"//button[@data-kt=\"addNewYardOverflowToolbarButton\"]"}
RESULT: {"using":"xpath","value":"//button[@data-kt=\"addNewYardOverflowToolbarButton\"]"}
COMMAND: POST /session/60a0e1168e549ca734fea4458a5c60f0/elements - {"using":"xpath","value":"//button[@data-kt=\"addNewYardOverflowToolbarButton\"]"}
RESULT: {"using":"xpath","value":"//button[@data-kt=\"addNewYardOverflowToolbarButton\"]"}
COMMAND: POST /session/60a0e1168e549ca734fea4458a5c60f0/elements - {"using":"xpath","value":"//button[@data-kt=\"addNewYardOverflowToolbarButton\"]"}
RESULT: {"using":"xpath","value":"//button[@data-kt=\"addNewYardOverflowToolbarButton\"]"}
COMMAND: POST /session/60a0e1168e549ca734fea4458a5c60f0/elements - {"using":"xpath","value":"//button[@data-kt=\"addNewYardOverflowToolbarButton\"]"}
RESULT: {"using":"xpath","value":"//button[@data-kt=\"addNewYardOverflowToolbarButton\"]"}
COMMAND: POST /session/60a0e1168e549ca734fea4458a5c60f0/elements - {"using":"xpath","value":"//button[@data-kt=\"addNewYardOverflowToolbarButton\"]"}
RESULT: {"using":"xpath","value":"//button[@data-kt=\"addNewYardOverflowToolbarButton\"]"}
COMMAND: POST /session/60a0e1168e549ca734fea4458a5c60f0/elements - {"using":"xpath","value":"//button[@data-kt=\"addNewYardOverflowToolbarButton\"]"}
RESULT: {"using":"xpath","value":"//button[@data-kt=\"addNewYardOverflowToolbarButton\"]"}
COMMAND: POST /session/60a0e1168e549ca734fea4458a5c60f0/elements - {"using":"xpath","value":"//button[@data-kt=\"addNewYardOverflowToolbarButton\"]"}
RESULT: {"using":"xpath","value":"//button[@data-kt=\"addNewYardOverflowToolbarButton\"]"}
COMMAND: POST /session/60a0e1168e549ca734fea4458a5c60f0/elements - {"using":"xpath","value":"//button[@data-kt=\"addNewYardOverflowToolbarButton\"]"}
RESULT: {"using":"xpath","value":"//button[@data-kt=\"addNewYardOverflowToolbarButton\"]"}
COMMAND: POST /session/60a0e1168e549ca734fea4458a5c60f0/elements - {"using":"xpath","value":"//button[@data-kt=\"addNewYardOverflowToolbarButton\"]"}
RESULT: {"using":"xpath","value":"//button[@data-kt=\"addNewYardOverflowToolbarButton\"]"}
COMMAND: POST /session/60a0e1168e549ca734fea4458a5c60f0/elements - {"using":"xpath","value":"//button[@data-kt=\"addNewYardOverflowToolbarButton\"]"}
RESULT: {"using":"xpath","value":"//button[@data-kt=\"addNewYardOverflowToolbarButton\"]"}
COMMAND: POST /session/60a0e1168e549ca734fea4458a5c60f0/elements - {"using":"xpath","value":"//button[@data-kt=\"addNewYardOverflowToolbarButton\"]"}
RESULT: {"using":"xpath","value":"//button[@data-kt=\"addNewYardOverflowToolbarButton\"]"}
COMMAND: POST /session/60a0e1168e549ca734fea4458a5c60f0/elements - {"using":"xpath","value":"//button[@data-kt=\"addNewYardOverflowToolbarButton\"]"}
RESULT: {"using":"xpath","value":"//button[@data-kt=\"addNewYardOverflowToolbarButton\"]"}
COMMAND: POST /session/60a0e1168e549ca734fea4458a5c60f0/elements - {"using":"xpath","value":"//button[@data-kt=\"addNewYardOverflowToolbarButton\"]"}
RESULT: {"using":"xpath","value":"//button[@data-kt=\"addNewYardOverflowToolbarButton\"]"}
COMMAND: POST /session/60a0e1168e549ca734fea4458a5c60f0/elements - {"using":"xpath","value":"//button[@data-kt=\"addNewYardOverflowToolbarButton\"]"}
RESULT: {"using":"xpath","value":"//button[@data-kt=\"addNewYardOverflowToolbarButton\"]"}
COMMAND: POST /session/60a0e1168e549ca734fea4458a5c60f0/elements - {"using":"xpath","value":"//button[@data-kt=\"addNewYardOverflowToolbarButton\"]"}
RESULT: {"using":"xpath","value":"//button[@data-kt=\"addNewYardOverflowToolbarButton\"]"}
COMMAND: POST /session/60a0e1168e549ca734fea4458a5c60f0/elements - {"using":"xpath","value":"//button[@data-kt=\"addNewYardOverflowToolbarButton\"]"}
RESULT: {"using":"xpath","value":"//button[@data-kt=\"addNewYardOverflowToolbarButton\"]"}
COMMAND: POST /session/60a0e1168e549ca734fea4458a5c60f0/elements - {"using":"xpath","value":"//button[@data-kt=\"addNewYardOverflowToolbarButton\"]"}
RESULT: {"using":"xpath","value":"//button[@data-kt=\"addNewYardOverflowToolbarButton\"]"}
COMMAND: POST /session/60a0e1168e549ca734fea4458a5c60f0/elements - {"using":"xpath","value":"//button[@data-kt=\"addNewYardOverflowToolbarButton\"]"}
RESULT: {"using":"xpath","value":"//button[@data-kt=\"addNewYardOverflowToolbarButton\"]"}
COMMAND: POST /session/60a0e1168e549ca734fea4458a5c60f0/elements - {"using":"xpath","value":"//button[@data-kt=\"addNewYardOverflowToolbarButton\"]"}
RESULT: {"using":"xpath","value":"//button[@data-kt=\"addNewYardOverflowToolbarButton\"]"}
COMMAND: POST /session/60a0e1168e549ca734fea4458a5c60f0/elements - {"using":"xpath","value":"//button[@data-kt=\"addNewYardOverflowToolbarButton\"]"}
RESULT: {"using":"xpath","value":"//button[@data-kt=\"addNewYardOverflowToolbarButton\"]"}
COMMAND: POST /session/60a0e1168e549ca734fea4458a5c60f0/elements - {"using":"xpath","value":"//button[@data-kt=\"addNewYardOverflowToolbarButton\"]"}
RESULT: {"using":"xpath","value":"//button[@data-kt=\"addNewYardOverflowToolbarButton\"]"}
COMMAND: POST /session/60a0e1168e549ca734fea4458a5c60f0/elements - {"using":"xpath","value":"//button[@data-kt=\"addNewYardOverflowToolbarButton\"]"}
RESULT: {"using":"xpath","value":"//button[@data-kt=\"addNewYardOverflowToolbarButton\"]"}
COMMAND: POST /session/60a0e1168e549ca734fea4458a5c60f0/elements - {"using":"xpath","value":"//button[@data-kt=\"addNewYardOverflowToolbarButton\"]"}
RESULT: {"using":"xpath","value":"//button[@data-kt=\"addNewYardOverflowToolbarButton\"]"}
COMMAND: POST /session/60a0e1168e549ca734fea4458a5c60f0/elements - {"using":"xpath","value":"//button[@data-kt=\"addNewYardOverflowToolbarButton\"]"}
RESULT: {"using":"xpath","value":"//button[@data-kt=\"addNewYardOverflowToolbarButton\"]"}
COMMAND: POST /session/60a0e1168e549ca734fea4458a5c60f0/elements - {"using":"xpath","value":"//button[@data-kt=\"addNewYardOverflowToolbarButton\"]"}
RESULT: {"using":"xpath","value":"//button[@data-kt=\"addNewYardOverflowToolbarButton\"]"}
COMMAND: POST /session/60a0e1168e549ca734fea4458a5c60f0/elements - {"using":"xpath","value":"//button[@data-kt=\"addNewYardOverflowToolbarButton\"]"}
RESULT: {"using":"xpath","value":"//button[@data-kt=\"addNewYardOverflowToolbarButton\"]"}
COMMAND: POST /session/60a0e1168e549ca734fea4458a5c60f0/elements - {"using":"xpath","value":"//button[@data-kt=\"addNewYardOverflowToolbarButton\"]"}
RESULT: {"using":"xpath","value":"//button[@data-kt=\"addNewYardOverflowToolbarButton\"]"}
COMMAND: POST /session/60a0e1168e549ca734fea4458a5c60f0/elements - {"using":"xpath","value":"//button[@data-kt=\"addNewYardOverflowToolbarButton\"]"}
RESULT: {"using":"xpath","value":"//button[@data-kt=\"addNewYardOverflowToolbarButton\"]"}
COMMAND: POST /session/60a0e1168e549ca734fea4458a5c60f0/elements - {"using":"xpath","value":"//button[@data-kt=\"addNewYardOverflowToolbarButton\"]"}
RESULT: {"using":"xpath","value":"//button[@data-kt=\"addNewYardOverflowToolbarButton\"]"}
COMMAND: POST /session/60a0e1168e549ca734fea4458a5c60f0/elements - {"using":"xpath","value":"//button[@data-kt=\"addNewYardOverflowToolbarButton\"]"}
RESULT: {"using":"xpath","value":"//button[@data-kt=\"addNewYardOverflowToolbarButton\"]"}
COMMAND: POST /session/60a0e1168e549ca734fea4458a5c60f0/elements - {"using":"xpath","value":"//button[@data-kt=\"addNewYardOverflowToolbarButton\"]"}
RESULT: {"using":"xpath","value":"//button[@data-kt=\"addNewYardOverflowToolbarButton\"]"}
COMMAND: POST /session/60a0e1168e549ca734fea4458a5c60f0/elements - {"using":"xpath","value":"//button[@data-kt=\"addNewYardOverflowToolbarButton\"]"}
RESULT: {"using":"xpath","value":"//button[@data-kt=\"addNewYardOverflowToolbarButton\"]"}
COMMAND: POST /session/60a0e1168e549ca734fea4458a5c60f0/elements - {"using":"xpath","value":"//button[@data-kt=\"addNewYardOverflowToolbarButton\"]"}
RESULT: {"using":"xpath","value":"//button[@data-kt=\"addNewYardOverflowToolbarButton\"]"}
COMMAND: POST /session/60a0e1168e549ca734fea4458a5c60f0/elements - {"using":"xpath","value":"//button[@data-kt=\"addNewYardOverflowToolbarButton\"]"}
RESULT: {"using":"xpath","value":"//button[@data-kt=\"addNewYardOverflowToolbarButton\"]"}
COMMAND: POST /session/60a0e1168e549ca734fea4458a5c60f0/elements - {"using":"xpath","value":"//button[@data-kt=\"addNewYardOverflowToolbarButton\"]"}
RESULT: {"using":"xpath","value":"//button[@data-kt=\"addNewYardOverflowToolbarButton\"]"}
COMMAND: POST /session/60a0e1168e549ca734fea4458a5c60f0/elements - {"using":"xpath","value":"//button[@data-kt=\"addNewYardOverflowToolbarButton\"]"}
RESULT: {"using":"xpath","value":"//button[@data-kt=\"addNewYardOverflowToolbarButton\"]"}
COMMAND: POST /session/60a0e1168e549ca734fea4458a5c60f0/element - {"using":"xpath","value":"//button[@data-kt=\"addNewYardOverflowToolbarButton\"]"}
RESULT: {"using":"xpath","value":"//button[@data-kt=\"addNewYardOverflowToolbarButton\"]"}
COMMAND: POST /session/60a0e1168e549ca734fea4458a5c60f0/execute/sync - {"script":"<script> [8489 bytes]","args":[{"element-6066-11e4-a52e-4f735466cecf":"f.C26B870510AA224346A2563CAEABFE2B.d.450431EC217F0F1DE1A4EBAC19431F04.e.302","ELEMENT":"f.C26B870510AA224346A2563CAEABFE2B.d.450431EC217F0F1DE1A4EBAC19431F04.e.302"}]}
RESULT: {"script":"<script> [8489 bytes]","args":[{"element-6066-11e4-a52e-4f735466cecf":"f.C26B870510AA224346A2563CAEABFE2B.d.450431EC217F0F1DE1A4EBAC19431F04.e.302","ELEMENT":"f.C26B870510AA224346A2563CAEABFE2B.d.450431EC217F0F1DE1A4EBAC19431F04.e.302"}]}
COMMAND: GET /session/60a0e1168e549ca734fea4458a5c60f0/element/f.C26B870510AA224346A2563CAEABFE2B.d.450431EC217F0F1DE1A4EBAC19431F04.e.302/enabled - {}
COMMAND: GET /session/60a0e1168e549ca734fea4458a5c60f0/screenshot - {}
RESULT: {}
COMMAND: POST /session/60a0e1168e549ca734fea4458a5c60f0/execute/sync - {"script":"<script> [8489 bytes]","args":[{"element-6066-11e4-a52e-4f735466cecf":"f.C26B870510AA224346A2563CAEABFE2B.d.450431EC217F0F1DE1A4EBAC19431F04.e.302","ELEMENT":"f.C26B870510AA224346A2563CAEABFE2B.d.450431EC217F0F1DE1A4EBAC19431F04.e.302"}]}
COMMAND: GET /session/60a0e1168e549ca734fea4458a5c60f0/screenshot - {}
RESULT: {}
RESULT: {"script":"<script> [8489 bytes]","args":[{"element-6066-11e4-a52e-4f735466cecf":"f.C26B870510AA224346A2563CAEABFE2B.d.450431EC217F0F1DE1A4EBAC19431F04.e.302","ELEMENT":"f.C26B870510AA224346A2563CAEABFE2B.d.450431EC217F0F1DE1A4EBAC19431F04.e.302"}]}
COMMAND: POST /session/60a0e1168e549ca734fea4458a5c60f0/execute/sync - {"script":"<script> [5351 bytes]","args":[{"element-6066-11e4-a52e-4f735466cecf":"f.C26B870510AA224346A2563CAEABFE2B.d.450431EC217F0F1DE1A4EBAC19431F04.e.302","ELEMENT":"f.C26B870510AA224346A2563CAEABFE2B.d.450431EC217F0F1DE1A4EBAC19431F04.e.302"}]}
COMMAND: GET /session/60a0e1168e549ca734fea4458a5c60f0/screenshot - {}
RESULT: {}
RESULT: {"script":"<script> [5351 bytes]","args":[{"element-6066-11e4-a52e-4f735466cecf":"f.C26B870510AA224346A2563CAEABFE2B.d.450431EC217F0F1DE1A4EBAC19431F04.e.302","ELEMENT":"f.C26B870510AA224346A2563CAEABFE2B.d.450431EC217F0F1DE1A4EBAC19431F04.e.302"}]}
COMMAND: POST /session/60a0e1168e549ca734fea4458a5c60f0/element/f.C26B870510AA224346A2563CAEABFE2B.d.450431EC217F0F1DE1A4EBAC19431F04.e.302/click - {}
COMMAND: GET /session/60a0e1168e549ca734fea4458a5c60f0/screenshot - {}
RESULT: {}
RESULT: {}
COMMAND: GET /session/60a0e1168e549ca734fea4458a5c60f0/screenshot - {}
COMMAND: POST /session/60a0e1168e549ca734fea4458a5c60f0/element - {"using":"xpath","value":"//input[@id=\"application-manageyards-display-component---NewYard--yardId-inner\"]"}
RESULT: {}
RESULT: {}
RESULT: {"using":"xpath","value":"//input[@id=\"application-manageyards-display-component---NewYard--yardId-inner\"]"}
COMMAND: POST /session/60a0e1168e549ca734fea4458a5c60f0/element - {"using":"xpath","value":"//input[@id=\"application-manageyards-display-component---NewYard--yardId-inner\"]"}
RESULT: {"using":"xpath","value":"//input[@id=\"application-manageyards-display-component---NewYard--yardId-inner\"]"}
COMMAND: POST /session/60a0e1168e549ca734fea4458a5c60f0/execute/async - {"script":"<script> [1562 bytes]","args":[{"selector":{"id":"application-manageyards-display-component---NewYard--addressDetailDetailsName1","interaction":{"idSuffix":"inner"}},"wdio_ui5_key":"applicationmanageyards-display-component---NewYard--addressDetailDetailsName1"}]}
RESULT: {"script":"<script> [1562 bytes]","args":[{"selector":{"id":"application-manageyards-display-component---NewYard--addressDetailDetailsName1","interaction":{"idSuffix":"inner"}},"wdio_ui5_key":"applicationmanageyards-display-component---NewYard--addressDetailDetailsName1"}]}
RESULT: undefined
COMMAND: POST /session/60a0e1168e549ca734fea4458a5c60f0/execute/async - {"script":"<script> [776 bytes]","args":[{"enterText":"Intracompany Yard wdIO","selector":{"id":"application-manageyards-display-component---NewYard--addressDetailDetailsName1","interaction":{"idSuffix":"inner"}},"clearTextFirst":true,"interactionType":"ENTER_TEXT"}]}
RESULT: {"script":"<script> [776 bytes]","args":[{"enterText":"Intracompany Yard wdIO","selector":{"id":"application-manageyards-display-component---NewYard--addressDetailDetailsName1","interaction":{"idSuffix":"inner"}},"clearTextFirst":true,"interactionType":"ENTER_TEXT"}]}
COMMAND: POST /session/60a0e1168e549ca734fea4458a5c60f0/execute/async - {"script":"<script> [1562 bytes]","args":[{"selector":{"id":"application-manageyards-display-component---NewYard--addressDetailDetailsLanguage-arrow"},"wdio_ui5_key":"applicationmanageyards-display-component---NewYard--addressDetailDetailsLanguage-arrow"}]}
RESULT: {"script":"<script> [1562 bytes]","args":[{"selector":{"id":"application-manageyards-display-component---NewYard--addressDetailDetailsLanguage-arrow"},"wdio_ui5_key":"applicationmanageyards-display-component---NewYard--addressDetailDetailsLanguage-arrow"}]}
RESULT: undefined
COMMAND: POST /session/60a0e1168e549ca734fea4458a5c60f0/element - {"using":"xpath","value":"//*[@id=\"application-manageyards-display-component---NewYard--addressDetailDetailsLanguage-arrow\"]"}
RESULT: {"using":"xpath","value":"//*[@id=\"application-manageyards-display-component---NewYard--addressDetailDetailsLanguage-arrow\"]"}
COMMAND: POST /session/60a0e1168e549ca734fea4458a5c60f0/element/f.C26B870510AA224346A2563CAEABFE2B.d.450431EC217F0F1DE1A4EBAC19431F04.e.734/click - {}
RESULT: {}
COMMAND: POST /session/60a0e1168e549ca734fea4458a5c60f0/element - {"using":"xpath","value":"//span[contains(text(), \"English\")]"}
COMMAND: GET /session/60a0e1168e549ca734fea4458a5c60f0/screenshot - {}
RESULT: {"using":"xpath","value":"//span[contains(text(), \"English\")]"}
COMMAND: POST /session/60a0e1168e549ca734fea4458a5c60f0/element/f.C26B870510AA224346A2563CAEABFE2B.d.450431EC217F0F1DE1A4EBAC19431F04.e.735/click - {}
RESULT: {}
RESULT: {}
COMMAND: POST /session/60a0e1168e549ca734fea4458a5c60f0/execute/async - {"script":"<script> [1562 bytes]","args":[{"selector":{"id":"application-manageyards-display-component---NewYard--addressDetailDetailsCity1","interaction":{"idSuffix":"inner"}},"wdio_ui5_key":"applicationmanageyards-display-component---NewYard--addressDetailDetailsCity1"}]}
COMMAND: GET /session/60a0e1168e549ca734fea4458a5c60f0/screenshot - {}
RESULT: {"script":"<script> [1562 bytes]","args":[{"selector":{"id":"application-manageyards-display-component---NewYard--addressDetailDetailsCity1","interaction":{"idSuffix":"inner"}},"wdio_ui5_key":"applicationmanageyards-display-component---NewYard--addressDetailDetailsCity1"}]}
RESULT: undefined
COMMAND: POST /session/60a0e1168e549ca734fea4458a5c60f0/execute/async - {"script":"<script> [776 bytes]","args":[{"enterText":"Rosario","selector":{"id":"application-manageyards-display-component---NewYard--addressDetailDetailsCity1","interaction":{"idSuffix":"inner"}},"clearTextFirst":true,"interactionType":"ENTER_TEXT"}]}
RESULT: {}
RESULT: {"script":"<script> [776 bytes]","args":[{"enterText":"Rosario","selector":{"id":"application-manageyards-display-component---NewYard--addressDetailDetailsCity1","interaction":{"idSuffix":"inner"}},"clearTextFirst":true,"interactionType":"ENTER_TEXT"}]}
COMMAND: POST /session/60a0e1168e549ca734fea4458a5c60f0/execute/async - {"script":"<script> [1562 bytes]","args":[{"selector":{"id":"application-manageyards-display-component---NewYard--addressDetailDetailsCountry-arrow"},"wdio_ui5_key":"applicationmanageyards-display-component---NewYard--addressDetailDetailsCountry-arrow"}]}
RESULT: {"script":"<script> [1562 bytes]","args":[{"selector":{"id":"application-manageyards-display-component---NewYard--addressDetailDetailsCountry-arrow"},"wdio_ui5_key":"applicationmanageyards-display-component---NewYard--addressDetailDetailsCountry-arrow"}]}
RESULT: undefined
COMMAND: POST /session/60a0e1168e549ca734fea4458a5c60f0/element - {"using":"xpath","value":"//*[@id=\"application-manageyards-display-component---NewYard--addressDetailDetailsCountry-arrow\"]"}
RESULT: {"using":"xpath","value":"//*[@id=\"application-manageyards-display-component---NewYard--addressDetailDetailsCountry-arrow\"]"}
COMMAND: POST /session/60a0e1168e549ca734fea4458a5c60f0/element/f.C26B870510AA224346A2563CAEABFE2B.d.450431EC217F0F1DE1A4EBAC19431F04.e.737/click - {}
RESULT: {}
COMMAND: POST /session/60a0e1168e549ca734fea4458a5c60f0/element - {"using":"xpath","value":"//span[contains(text(), \"Argentina\")]"}
COMMAND: GET /session/60a0e1168e549ca734fea4458a5c60f0/screenshot - {}
RESULT: {"using":"xpath","value":"//span[contains(text(), \"Argentina\")]"}
COMMAND: POST /session/60a0e1168e549ca734fea4458a5c60f0/element/f.C26B870510AA224346A2563CAEABFE2B.d.450431EC217F0F1DE1A4EBAC19431F04.e.738/click - {}
RESULT: {}
RESULT: {}
COMMAND: POST /session/60a0e1168e549ca734fea4458a5c60f0/execute/async - {"script":"<script> [1562 bytes]","args":[{"selector":{"id":"application-manageyards-display-component---NewYard--addressEditDetailsCostObjectCstType-arrow"},"wdio_ui5_key":"applicationmanageyards-display-component---NewYard--addressEditDetailsCostObjectCstType-arrow"}]}
COMMAND: GET /session/60a0e1168e549ca734fea4458a5c60f0/screenshot - {}
RESULT: {"script":"<script> [1562 bytes]","args":[{"selector":{"id":"application-manageyards-display-component---NewYard--addressEditDetailsCostObjectCstType-arrow"},"wdio_ui5_key":"applicationmanageyards-display-component---NewYard--addressEditDetailsCostObjectCstType-arrow"}]}
RESULT: undefined
COMMAND: POST /session/60a0e1168e549ca734fea4458a5c60f0/element - {"using":"xpath","value":"//*[@id=\"application-manageyards-display-component---NewYard--addressEditDetailsCostObjectCstType-arrow\"]"}
RESULT: {}
RESULT: {"using":"xpath","value":"//*[@id=\"application-manageyards-display-component---NewYard--addressEditDetailsCostObjectCstType-arrow\"]"}
COMMAND: POST /session/60a0e1168e549ca734fea4458a5c60f0/element/f.C26B870510AA224346A2563CAEABFE2B.d.450431EC217F0F1DE1A4EBAC19431F04.e.740/click - {}
RESULT: {}
COMMAND: POST /session/60a0e1168e549ca734fea4458a5c60f0/element - {"using":"xpath","value":"//span[contains(text(), \"Cost Center\")]"}
COMMAND: GET /session/60a0e1168e549ca734fea4458a5c60f0/screenshot - {}
RESULT: {"using":"xpath","value":"//span[contains(text(), \"Cost Center\")]"}
COMMAND: POST /session/60a0e1168e549ca734fea4458a5c60f0/element/f.C26B870510AA224346A2563CAEABFE2B.d.450431EC217F0F1DE1A4EBAC19431F04.e.741/click - {}
RESULT: {}
RESULT: {}
COMMAND: GET /session/60a0e1168e549ca734fea4458a5c60f0/screenshot - {}
RESULT: {}
COMMAND: POST /session/60a0e1168e549ca734fea4458a5c60f0/element - {"using":"xpath","value":"//span[@id=\"application-manageyards-display-component---NewYard--addressNewCostObjectCstID-vhi\"]"}
RESULT: {"using":"xpath","value":"//span[@id=\"application-manageyards-display-component---NewYard--addressNewCostObjectCstID-vhi\"]"}
COMMAND: POST /session/60a0e1168e549ca734fea4458a5c60f0/execute/sync - {"script":"<script> [8489 bytes]","args":[{"element-6066-11e4-a52e-4f735466cecf":"f.C26B870510AA224346A2563CAEABFE2B.d.450431EC217F0F1DE1A4EBAC19431F04.e.745","ELEMENT":"f.C26B870510AA224346A2563CAEABFE2B.d.450431EC217F0F1DE1A4EBAC19431F04.e.745"}]}
RESULT: {"script":"<script> [8489 bytes]","args":[{"element-6066-11e4-a52e-4f735466cecf":"f.C26B870510AA224346A2563CAEABFE2B.d.450431EC217F0F1DE1A4EBAC19431F04.e.745","ELEMENT":"f.C26B870510AA224346A2563CAEABFE2B.d.450431EC217F0F1DE1A4EBAC19431F04.e.745"}]}
COMMAND: POST /session/60a0e1168e549ca734fea4458a5c60f0/execute/async - {"script":"<script> [1562 bytes]","args":[{"selector":{"id":"application-manageyards-display-component---NewYard--addressNewCostObjectCstID-vhi"},"wdio_ui5_key":"applicationmanageyards-display-component---NewYard--addressNewCostObjectCstID-vhi"}]}
COMMAND: GET /session/60a0e1168e549ca734fea4458a5c60f0/screenshot - {}
RESULT: {"script":"<script> [1562 bytes]","args":[{"selector":{"id":"application-manageyards-display-component---NewYard--addressNewCostObjectCstID-vhi"},"wdio_ui5_key":"applicationmanageyards-display-component---NewYard--addressNewCostObjectCstID-vhi"}]}
RESULT: undefined
COMMAND: POST /session/60a0e1168e549ca734fea4458a5c60f0/element - {"using":"xpath","value":"//*[@id=\"application-manageyards-display-component---NewYard--addressNewCostObjectCstID-vhi\"]"}
RESULT: {}
RESULT: {"using":"xpath","value":"//*[@id=\"application-manageyards-display-component---NewYard--addressNewCostObjectCstID-vhi\"]"}
COMMAND: POST /session/60a0e1168e549ca734fea4458a5c60f0/element/f.C26B870510AA224346A2563CAEABFE2B.d.450431EC217F0F1DE1A4EBAC19431F04.e.745/click - {}
RESULT: {}
COMMAND: GET /session/60a0e1168e549ca734fea4458a5c60f0/screenshot - {}
RESULT: {}
COMMAND: POST /session/60a0e1168e549ca734fea4458a5c60f0/execute/async - {"script":"<script> [1562 bytes]","args":[{"selector":{"controlType":"sap.m.SearchField","properties":{"placeholder":"Search"},"searchOpenDialogs":true,"interaction":{"idSuffix":"I"}},"wdio_ui5_key":"sapm.SearchField{\"placeholder\":\"Search\"}"}]}
RESULT: {"script":"<script> [1562 bytes]","args":[{"selector":{"controlType":"sap.m.SearchField","properties":{"placeholder":"Search"},"searchOpenDialogs":true,"interaction":{"idSuffix":"I"}},"wdio_ui5_key":"sapm.SearchField{\"placeholder\":\"Search\"}"}]}
RESULT: undefined
COMMAND: POST /session/60a0e1168e549ca734fea4458a5c60f0/execute/async - {"script":"<script> [776 bytes]","args":[{"enterText":"10001013","selector":{"controlType":"sap.m.SearchField","properties":{"placeholder":"Search"},"searchOpenDialogs":true,"interaction":{"idSuffix":"I"}},"clearTextFirst":true,"interactionType":"ENTER_TEXT"}]}
RESULT: {"script":"<script> [776 bytes]","args":[{"enterText":"10001013","selector":{"controlType":"sap.m.SearchField","properties":{"placeholder":"Search"},"searchOpenDialogs":true,"interaction":{"idSuffix":"I"}},"clearTextFirst":true,"interactionType":"ENTER_TEXT"}]}
COMMAND: POST /session/60a0e1168e549ca734fea4458a5c60f0/actions - {"actions":[{"id":"action1","type":"key","parameters":{},"actions":[{"type":"keyDown","value":"î€‡"},{"type":"pause","duration":10},{"type":"keyUp","value":"î€‡"}]}]}
RESULT: {"actions":[{"id":"action1","type":"key","parameters":{},"actions":[{"type":"keyDown","value":"î€‡"},{"type":"pause","duration":10},{"type":"keyUp","value":"î€‡"}]}]}
COMMAND: GET /session/60a0e1168e549ca734fea4458a5c60f0/screenshot - {}
RESULT: {}
COMMAND: POST /session/60a0e1168e549ca734fea4458a5c60f0/element - {"using":"xpath","value":"//span[contains(text(), \"General Management\")]"}
RESULT: {"using":"xpath","value":"//span[contains(text(), \"General Management\")]"}
COMMAND: POST /session/60a0e1168e549ca734fea4458a5c60f0/element/f.C26B870510AA224346A2563CAEABFE2B.d.450431EC217F0F1DE1A4EBAC19431F04.e.786/click - {}
RESULT: {}
COMMAND: GET /session/60a0e1168e549ca734fea4458a5c60f0/screenshot - {}
RESULT: {}
COMMAND: POST /session/60a0e1168e549ca734fea4458a5c60f0/element - {"using":"xpath","value":"//bdi[contains(text(), \"OK\")]"}
RESULT: {"using":"xpath","value":"//bdi[contains(text(), \"OK\")]"}
COMMAND: POST /session/60a0e1168e549ca734fea4458a5c60f0/element/f.C26B870510AA224346A2563CAEABFE2B.d.450431EC217F0F1DE1A4EBAC19431F04.e.787/click - {}
RESULT: {}
COMMAND: GET /session/60a0e1168e549ca734fea4458a5c60f0/screenshot - {}
RESULT: {}
COMMAND: POST /session/60a0e1168e549ca734fea4458a5c60f0/execute/async - {"script":"<script> [1562 bytes]","args":[{"selector":{"id":"application-manageyards-display-component---NewYard--addressEditDetailsCurrency-arrow"},"wdio_ui5_key":"applicationmanageyards-display-component---NewYard--addressEditDetailsCurrency-arrow"}]}
RESULT: {"script":"<script> [1562 bytes]","args":[{"selector":{"id":"application-manageyards-display-component---NewYard--addressEditDetailsCurrency-arrow"},"wdio_ui5_key":"applicationmanageyards-display-component---NewYard--addressEditDetailsCurrency-arrow"}]}
RESULT: undefined
COMMAND: POST /session/60a0e1168e549ca734fea4458a5c60f0/element - {"using":"xpath","value":"//*[@id=\"application-manageyards-display-component---NewYard--addressEditDetailsCurrency-arrow\"]"}
RESULT: {"using":"xpath","value":"//*[@id=\"application-manageyards-display-component---NewYard--addressEditDetailsCurrency-arrow\"]"}
COMMAND: POST /session/60a0e1168e549ca734fea4458a5c60f0/element/f.C26B870510AA224346A2563CAEABFE2B.d.450431EC217F0F1DE1A4EBAC19431F04.e.790/click - {}
RESULT: {}
COMMAND: POST /session/60a0e1168e549ca734fea4458a5c60f0/element - {"using":"xpath","value":"//span[contains(text(), \"Euro\")]"}
COMMAND: GET /session/60a0e1168e549ca734fea4458a5c60f0/screenshot - {}
RESULT: {"using":"xpath","value":"//span[contains(text(), \"Euro\")]"}
COMMAND: POST /session/60a0e1168e549ca734fea4458a5c60f0/element/f.C26B870510AA224346A2563CAEABFE2B.d.450431EC217F0F1DE1A4EBAC19431F04.e.791/click - {}
RESULT: {}
RESULT: {}
COMMAND: POST /session/60a0e1168e549ca734fea4458a5c60f0/execute/async - {"script":"<script> [1562 bytes]","args":[{"selector":{"controlType":"sap.m.Input","viewName":"etm.portal.ui.manageyards.view.New","viewId":"application-manageyards-display-component---NewYard","bindingPath":{"path":"","propertyPath":"/CONTROLLING_AREA","modelName":"NewYardModel"},"interaction":{"idSuffix":"inner"}},"wdio_ui5_key":"etmportal.ui.manageyards.view.Newsap.m.Input{\"path\":\"\",\"propertyPath\":\"/CONTROLLING_AREA\",\"modelName\":\"NewYardModel\"}"}]}
COMMAND: GET /session/60a0e1168e549ca734fea4458a5c60f0/screenshot - {}
RESULT: {"script":"<script> [1562 bytes]","args":[{"selector":{"controlType":"sap.m.Input","viewName":"etm.portal.ui.manageyards.view.New","viewId":"application-manageyards-display-component---NewYard","bindingPath":{"path":"","propertyPath":"/CONTROLLING_AREA","modelName":"NewYardModel"},"interaction":{"idSuffix":"inner"}},"wdio_ui5_key":"etmportal.ui.manageyards.view.Newsap.m.Input{\"path\":\"\",\"propertyPath\":\"/CONTROLLING_AREA\",\"modelName\":\"NewYardModel\"}"}]}
RESULT: undefined
COMMAND: POST /session/60a0e1168e549ca734fea4458a5c60f0/execute/async - {"script":"<script> [776 bytes]","args":[{"enterText":"Z001","selector":{"controlType":"sap.m.Input","viewName":"etm.portal.ui.manageyards.view.New","viewId":"application-manageyards-display-component---NewYard","bindingPath":{"path":"","propertyPath":"/CONTROLLING_AREA","modelName":"NewYardModel"},"interaction":{"idSuffix":"inner"}},"clearTextFirst":true,"interactionType":"ENTER_TEXT"}]}
RESULT: {}
RESULT: {"script":"<script> [776 bytes]","args":[{"enterText":"Z001","selector":{"controlType":"sap.m.Input","viewName":"etm.portal.ui.manageyards.view.New","viewId":"application-manageyards-display-component---NewYard","bindingPath":{"path":"","propertyPath":"/CONTROLLING_AREA","modelName":"NewYardModel"},"interaction":{"idSuffix":"inner"}},"clearTextFirst":true,"interactionType":"ENTER_TEXT"}]}
COMMAND: POST /session/60a0e1168e549ca734fea4458a5c60f0/execute/async - {"script":"<script> [1562 bytes]","args":[{"selector":{"id":"application-manageyards-display-component---NewYard--companyCodeComboBox","interaction":{"idSuffix":"inner"}},"wdio_ui5_key":"applicationmanageyards-display-component---NewYard--companyCodeComboBox"}]}
RESULT: {"script":"<script> [1562 bytes]","args":[{"selector":{"id":"application-manageyards-display-component---NewYard--companyCodeComboBox","interaction":{"idSuffix":"inner"}},"wdio_ui5_key":"applicationmanageyards-display-component---NewYard--companyCodeComboBox"}]}
RESULT: undefined
COMMAND: POST /session/60a0e1168e549ca734fea4458a5c60f0/execute/async - {"script":"<script> [776 bytes]","args":[{"enterText":"1000","selector":{"id":"application-manageyards-display-component---NewYard--companyCodeComboBox","interaction":{"idSuffix":"inner"}},"clearTextFirst":true,"interactionType":"ENTER_TEXT"}]}
RESULT: {"script":"<script> [776 bytes]","args":[{"enterText":"1000","selector":{"id":"application-manageyards-display-component---NewYard--companyCodeComboBox","interaction":{"idSuffix":"inner"}},"clearTextFirst":true,"interactionType":"ENTER_TEXT"}]}
COMMAND: POST /session/60a0e1168e549ca734fea4458a5c60f0/execute/async - {"script":"<script> [1562 bytes]","args":[{"selector":{"controlType":"sap.m.Input","viewName":"etm.portal.ui.manageyards.view.New","viewId":"application-manageyards-display-component---NewYard","bindingPath":{"path":"","propertyPath":"/PLANT","modelName":"NewYardModel"},"interaction":{"idSuffix":"inner"}},"wdio_ui5_key":"etmportal.ui.manageyards.view.Newsap.m.Input{\"path\":\"\",\"propertyPath\":\"/PLANT\",\"modelName\":\"NewYardModel\"}"}]}
RESULT: {"script":"<script> [1562 bytes]","args":[{"selector":{"controlType":"sap.m.Input","viewName":"etm.portal.ui.manageyards.view.New","viewId":"application-manageyards-display-component---NewYard","bindingPath":{"path":"","propertyPath":"/PLANT","modelName":"NewYardModel"},"interaction":{"idSuffix":"inner"}},"wdio_ui5_key":"etmportal.ui.manageyards.view.Newsap.m.Input{\"path\":\"\",\"propertyPath\":\"/PLANT\",\"modelName\":\"NewYardModel\"}"}]}
RESULT: undefined
COMMAND: POST /session/60a0e1168e549ca734fea4458a5c60f0/execute/async - {"script":"<script> [776 bytes]","args":[{"enterText":"1001","selector":{"controlType":"sap.m.Input","viewName":"etm.portal.ui.manageyards.view.New","viewId":"application-manageyards-display-component---NewYard","bindingPath":{"path":"","propertyPath":"/PLANT","modelName":"NewYardModel"},"interaction":{"idSuffix":"inner"}},"clearTextFirst":true,"interactionType":"ENTER_TEXT"}]}
RESULT: {"script":"<script> [776 bytes]","args":[{"enterText":"1001","selector":{"controlType":"sap.m.Input","viewName":"etm.portal.ui.manageyards.view.New","viewId":"application-manageyards-display-component---NewYard","bindingPath":{"path":"","propertyPath":"/PLANT","modelName":"NewYardModel"},"interaction":{"idSuffix":"inner"}},"clearTextFirst":true,"interactionType":"ENTER_TEXT"}]}
COMMAND: POST /session/60a0e1168e549ca734fea4458a5c60f0/execute/async - {"script":"<script> [1562 bytes]","args":[{"selector":{"controlType":"sap.m.Input","viewName":"etm.portal.ui.manageyards.view.New","viewId":"application-manageyards-display-component---NewYard","bindingPath":{"path":"","propertyPath":"/SALES_AREA_VKORG","modelName":"NewYardModel"},"interaction":{"idSuffix":"inner"}},"wdio_ui5_key":"etmportal.ui.manageyards.view.Newsap.m.Input{\"path\":\"\",\"propertyPath\":\"/SALES_AREA_VKORG\",\"modelName\":\"NewYardModel\"}"}]}
RESULT: {"script":"<script> [1562 bytes]","args":[{"selector":{"controlType":"sap.m.Input","viewName":"etm.portal.ui.manageyards.view.New","viewId":"application-manageyards-display-component---NewYard","bindingPath":{"path":"","propertyPath":"/SALES_AREA_VKORG","modelName":"NewYardModel"},"interaction":{"idSuffix":"inner"}},"wdio_ui5_key":"etmportal.ui.manageyards.view.Newsap.m.Input{\"path\":\"\",\"propertyPath\":\"/SALES_AREA_VKORG\",\"modelName\":\"NewYardModel\"}"}]}
RESULT: undefined
COMMAND: POST /session/60a0e1168e549ca734fea4458a5c60f0/execute/async - {"script":"<script> [776 bytes]","args":[{"enterText":"C002","selector":{"controlType":"sap.m.Input","viewName":"etm.portal.ui.manageyards.view.New","viewId":"application-manageyards-display-component---NewYard","bindingPath":{"path":"","propertyPath":"/SALES_AREA_VKORG","modelName":"NewYardModel"},"interaction":{"idSuffix":"inner"}},"clearTextFirst":true,"interactionType":"ENTER_TEXT"}]}
RESULT: {"script":"<script> [776 bytes]","args":[{"enterText":"C002","selector":{"controlType":"sap.m.Input","viewName":"etm.portal.ui.manageyards.view.New","viewId":"application-manageyards-display-component---NewYard","bindingPath":{"path":"","propertyPath":"/SALES_AREA_VKORG","modelName":"NewYardModel"},"interaction":{"idSuffix":"inner"}},"clearTextFirst":true,"interactionType":"ENTER_TEXT"}]}
COMMAND: POST /session/60a0e1168e549ca734fea4458a5c60f0/execute/async - {"script":"<script> [1562 bytes]","args":[{"selector":{"controlType":"sap.m.Input","viewName":"etm.portal.ui.manageyards.view.New","viewId":"application-manageyards-display-component---NewYard","bindingPath":{"path":"","propertyPath":"/SALES_AREA_VTWEG","modelName":"NewYardModel"},"interaction":{"idSuffix":"inner"}},"wdio_ui5_key":"etmportal.ui.manageyards.view.Newsap.m.Input{\"path\":\"\",\"propertyPath\":\"/SALES_AREA_VTWEG\",\"modelName\":\"NewYardModel\"}"}]}
RESULT: {"script":"<script> [1562 bytes]","args":[{"selector":{"controlType":"sap.m.Input","viewName":"etm.portal.ui.manageyards.view.New","viewId":"application-manageyards-display-component---NewYard","bindingPath":{"path":"","propertyPath":"/SALES_AREA_VTWEG","modelName":"NewYardModel"},"interaction":{"idSuffix":"inner"}},"wdio_ui5_key":"etmportal.ui.manageyards.view.Newsap.m.Input{\"path\":\"\",\"propertyPath\":\"/SALES_AREA_VTWEG\",\"modelName\":\"NewYardModel\"}"}]}
RESULT: undefined
COMMAND: POST /session/60a0e1168e549ca734fea4458a5c60f0/execute/async - {"script":"<script> [776 bytes]","args":[{"enterText":"C2","selector":{"controlType":"sap.m.Input","viewName":"etm.portal.ui.manageyards.view.New","viewId":"application-manageyards-display-component---NewYard","bindingPath":{"path":"","propertyPath":"/SALES_AREA_VTWEG","modelName":"NewYardModel"},"interaction":{"idSuffix":"inner"}},"clearTextFirst":true,"interactionType":"ENTER_TEXT"}]}
RESULT: {"script":"<script> [776 bytes]","args":[{"enterText":"C2","selector":{"controlType":"sap.m.Input","viewName":"etm.portal.ui.manageyards.view.New","viewId":"application-manageyards-display-component---NewYard","bindingPath":{"path":"","propertyPath":"/SALES_AREA_VTWEG","modelName":"NewYardModel"},"interaction":{"idSuffix":"inner"}},"clearTextFirst":true,"interactionType":"ENTER_TEXT"}]}
COMMAND: POST /session/60a0e1168e549ca734fea4458a5c60f0/execute/async - {"script":"<script> [1562 bytes]","args":[{"selector":{"controlType":"sap.m.Input","viewName":"etm.portal.ui.manageyards.view.New","viewId":"application-manageyards-display-component---NewYard","bindingPath":{"path":"","propertyPath":"/SALES_AREA_SPART","modelName":"NewYardModel"},"interaction":{"idSuffix":"inner"}},"wdio_ui5_key":"etmportal.ui.manageyards.view.Newsap.m.Input{\"path\":\"\",\"propertyPath\":\"/SALES_AREA_SPART\",\"modelName\":\"NewYardModel\"}"}]}
RESULT: {"script":"<script> [1562 bytes]","args":[{"selector":{"controlType":"sap.m.Input","viewName":"etm.portal.ui.manageyards.view.New","viewId":"application-manageyards-display-component---NewYard","bindingPath":{"path":"","propertyPath":"/SALES_AREA_SPART","modelName":"NewYardModel"},"interaction":{"idSuffix":"inner"}},"wdio_ui5_key":"etmportal.ui.manageyards.view.Newsap.m.Input{\"path\":\"\",\"propertyPath\":\"/SALES_AREA_SPART\",\"modelName\":\"NewYardModel\"}"}]}
RESULT: undefined
COMMAND: POST /session/60a0e1168e549ca734fea4458a5c60f0/execute/async - {"script":"<script> [776 bytes]","args":[{"enterText":"C2","selector":{"controlType":"sap.m.Input","viewName":"etm.portal.ui.manageyards.view.New","viewId":"application-manageyards-display-component---NewYard","bindingPath":{"path":"","propertyPath":"/SALES_AREA_SPART","modelName":"NewYardModel"},"interaction":{"idSuffix":"inner"}},"clearTextFirst":true,"interactionType":"ENTER_TEXT"}]}
RESULT: {"script":"<script> [776 bytes]","args":[{"enterText":"C2","selector":{"controlType":"sap.m.Input","viewName":"etm.portal.ui.manageyards.view.New","viewId":"application-manageyards-display-component---NewYard","bindingPath":{"path":"","propertyPath":"/SALES_AREA_SPART","modelName":"NewYardModel"},"interaction":{"idSuffix":"inner"}},"clearTextFirst":true,"interactionType":"ENTER_TEXT"}]}
COMMAND: POST /session/60a0e1168e549ca734fea4458a5c60f0/execute/async - {"script":"<script> [1562 bytes]","args":[{"selector":{"controlType":"sap.m.Input","viewName":"etm.portal.ui.manageyards.view.New","viewId":"application-manageyards-display-component---NewYard","bindingPath":{"path":"","propertyPath":"/SHIP_POINT","modelName":"NewYardModel"},"interaction":{"idSuffix":"inner"}},"wdio_ui5_key":"etmportal.ui.manageyards.view.Newsap.m.Input{\"path\":\"\",\"propertyPath\":\"/SHIP_POINT\",\"modelName\":\"NewYardModel\"}"}]}
RESULT: {"script":"<script> [1562 bytes]","args":[{"selector":{"controlType":"sap.m.Input","viewName":"etm.portal.ui.manageyards.view.New","viewId":"application-manageyards-display-component---NewYard","bindingPath":{"path":"","propertyPath":"/SHIP_POINT","modelName":"NewYardModel"},"interaction":{"idSuffix":"inner"}},"wdio_ui5_key":"etmportal.ui.manageyards.view.Newsap.m.Input{\"path\":\"\",\"propertyPath\":\"/SHIP_POINT\",\"modelName\":\"NewYardModel\"}"}]}
RESULT: undefined
COMMAND: POST /session/60a0e1168e549ca734fea4458a5c60f0/execute/async - {"script":"<script> [776 bytes]","args":[{"enterText":"1710","selector":{"controlType":"sap.m.Input","viewName":"etm.portal.ui.manageyards.view.New","viewId":"application-manageyards-display-component---NewYard","bindingPath":{"path":"","propertyPath":"/SHIP_POINT","modelName":"NewYardModel"},"interaction":{"idSuffix":"inner"}},"clearTextFirst":true,"interactionType":"ENTER_TEXT"}]}
RESULT: {"script":"<script> [776 bytes]","args":[{"enterText":"1710","selector":{"controlType":"sap.m.Input","viewName":"etm.portal.ui.manageyards.view.New","viewId":"application-manageyards-display-component---NewYard","bindingPath":{"path":"","propertyPath":"/SHIP_POINT","modelName":"NewYardModel"},"interaction":{"idSuffix":"inner"}},"clearTextFirst":true,"interactionType":"ENTER_TEXT"}]}
COMMAND: POST /session/60a0e1168e549ca734fea4458a5c60f0/execute/async - {"script":"<script> [1562 bytes]","args":[{"selector":{"controlType":"sap.m.Input","viewName":"etm.portal.ui.manageyards.view.New","viewId":"application-manageyards-display-component---NewYard","bindingPath":{"path":"","propertyPath":"/DELIVERY_TYPE","modelName":"NewYardModel"},"interaction":{"idSuffix":"inner"}},"wdio_ui5_key":"etmportal.ui.manageyards.view.Newsap.m.Input{\"path\":\"\",\"propertyPath\":\"/DELIVERY_TYPE\",\"modelName\":\"NewYardModel\"}"}]}
RESULT: {"script":"<script> [1562 bytes]","args":[{"selector":{"controlType":"sap.m.Input","viewName":"etm.portal.ui.manageyards.view.New","viewId":"application-manageyards-display-component---NewYard","bindingPath":{"path":"","propertyPath":"/DELIVERY_TYPE","modelName":"NewYardModel"},"interaction":{"idSuffix":"inner"}},"wdio_ui5_key":"etmportal.ui.manageyards.view.Newsap.m.Input{\"path\":\"\",\"propertyPath\":\"/DELIVERY_TYPE\",\"modelName\":\"NewYardModel\"}"}]}
RESULT: undefined
COMMAND: POST /session/60a0e1168e549ca734fea4458a5c60f0/execute/async - {"script":"<script> [776 bytes]","args":[{"enterText":"ZL01","selector":{"controlType":"sap.m.Input","viewName":"etm.portal.ui.manageyards.view.New","viewId":"application-manageyards-display-component---NewYard","bindingPath":{"path":"","propertyPath":"/DELIVERY_TYPE","modelName":"NewYardModel"},"interaction":{"idSuffix":"inner"}},"clearTextFirst":true,"interactionType":"ENTER_TEXT"}]}
RESULT: {"script":"<script> [776 bytes]","args":[{"enterText":"ZL01","selector":{"controlType":"sap.m.Input","viewName":"etm.portal.ui.manageyards.view.New","viewId":"application-manageyards-display-component---NewYard","bindingPath":{"path":"","propertyPath":"/DELIVERY_TYPE","modelName":"NewYardModel"},"interaction":{"idSuffix":"inner"}},"clearTextFirst":true,"interactionType":"ENTER_TEXT"}]}
COMMAND: POST /session/60a0e1168e549ca734fea4458a5c60f0/execute/async - {"script":"<script> [1562 bytes]","args":[{"selector":{"controlType":"sap.m.Input","viewName":"etm.portal.ui.manageyards.view.New","viewId":"application-manageyards-display-component---NewYard","bindingPath":{"path":"","propertyPath":"/AUART","modelName":"NewYardModel"},"interaction":{"idSuffix":"inner"}},"wdio_ui5_key":"etmportal.ui.manageyards.view.Newsap.m.Input{\"path\":\"\",\"propertyPath\":\"/AUART\",\"modelName\":\"NewYardModel\"}"}]}
RESULT: {"script":"<script> [1562 bytes]","args":[{"selector":{"controlType":"sap.m.Input","viewName":"etm.portal.ui.manageyards.view.New","viewId":"application-manageyards-display-component---NewYard","bindingPath":{"path":"","propertyPath":"/AUART","modelName":"NewYardModel"},"interaction":{"idSuffix":"inner"}},"wdio_ui5_key":"etmportal.ui.manageyards.view.Newsap.m.Input{\"path\":\"\",\"propertyPath\":\"/AUART\",\"modelName\":\"NewYardModel\"}"}]}
RESULT: undefined
COMMAND: POST /session/60a0e1168e549ca734fea4458a5c60f0/execute/async - {"script":"<script> [776 bytes]","args":[{"enterText":"TA","selector":{"controlType":"sap.m.Input","viewName":"etm.portal.ui.manageyards.view.New","viewId":"application-manageyards-display-component---NewYard","bindingPath":{"path":"","propertyPath":"/AUART","modelName":"NewYardModel"},"interaction":{"idSuffix":"inner"}},"clearTextFirst":true,"interactionType":"ENTER_TEXT"}]}
RESULT: {"script":"<script> [776 bytes]","args":[{"enterText":"TA","selector":{"controlType":"sap.m.Input","viewName":"etm.portal.ui.manageyards.view.New","viewId":"application-manageyards-display-component---NewYard","bindingPath":{"path":"","propertyPath":"/AUART","modelName":"NewYardModel"},"interaction":{"idSuffix":"inner"}},"clearTextFirst":true,"interactionType":"ENTER_TEXT"}]}
COMMAND: POST /session/60a0e1168e549ca734fea4458a5c60f0/element - {"using":"xpath","value":"//button[@data-kt=\"newYardSaveButton\"]"}
RESULT: {"using":"xpath","value":"//button[@data-kt=\"newYardSaveButton\"]"}
COMMAND: POST /session/60a0e1168e549ca734fea4458a5c60f0/element/f.C26B870510AA224346A2563CAEABFE2B.d.450431EC217F0F1DE1A4EBAC19431F04.e.719/click - {}
RESULT: {}
COMMAND: GET /session/60a0e1168e549ca734fea4458a5c60f0/screenshot - {}
RESULT: {}
COMMAND: POST /session/60a0e1168e549ca734fea4458a5c60f0/element - {"using":"xpath","value":"//header[contains(@id, 'ObjectPageLayout-headerTitle')]/div[1]/div[2]/div[1]/span[1]"}
RESULT: {"using":"xpath","value":"//header[contains(@id, 'ObjectPageLayout-headerTitle')]/div[1]/div[2]/div[1]/span[1]"}
COMMAND: POST /session/60a0e1168e549ca734fea4458a5c60f0/elements - {"using":"xpath","value":"//header[contains(@id, 'ObjectPageLayout-headerTitle')]/div[1]/div[2]/div[1]/span[1]"}
RESULT: {"using":"xpath","value":"//header[contains(@id, 'ObjectPageLayout-headerTitle')]/div[1]/div[2]/div[1]/span[1]"}
COMMAND: POST /session/60a0e1168e549ca734fea4458a5c60f0/execute/sync - {"script":"<script> [56 bytes]","args":[{"element-6066-11e4-a52e-4f735466cecf":"f.C26B870510AA224346A2563CAEABFE2B.d.450431EC217F0F1DE1A4EBAC19431F04.e.1011","ELEMENT":"f.C26B870510AA224346A2563CAEABFE2B.d.450431EC217F0F1DE1A4EBAC19431F04.e.1011"}]}
RESULT: {"script":"<script> [56 bytes]","args":[{"element-6066-11e4-a52e-4f735466cecf":"f.C26B870510AA224346A2563CAEABFE2B.d.450431EC217F0F1DE1A4EBAC19431F04.e.1011","ELEMENT":"f.C26B870510AA224346A2563CAEABFE2B.d.450431EC217F0F1DE1A4EBAC19431F04.e.1011"}]}
COMMAND: GET /session/60a0e1168e549ca734fea4458a5c60f0/screenshot - {}
RESULT: {}
COMMAND: POST /session/60a0e1168e549ca734fea4458a5c60f0/execute/sync - {"script":"<script> [56 bytes]","args":[{"element-6066-11e4-a52e-4f735466cecf":"f.C26B870510AA224346A2563CAEABFE2B.d.450431EC217F0F1DE1A4EBAC19431F04.e.1011","ELEMENT":"f.C26B870510AA224346A2563CAEABFE2B.d.450431EC217F0F1DE1A4EBAC19431F04.e.1011"}]}
RESULT: {"script":"<script> [56 bytes]","args":[{"element-6066-11e4-a52e-4f735466cecf":"f.C26B870510AA224346A2563CAEABFE2B.d.450431EC217F0F1DE1A4EBAC19431F04.e.1011","ELEMENT":"f.C26B870510AA224346A2563CAEABFE2B.d.450431EC217F0F1DE1A4EBAC19431F04.e.1011"}]}
COMMAND: GET /session/60a0e1168e549ca734fea4458a5c60f0/screenshot - {}
RESULT: {}
COMMAND: POST /session/60a0e1168e549ca734fea4458a5c60f0/execute/sync - {"script":"<script> [56 bytes]","args":[{"element-6066-11e4-a52e-4f735466cecf":"f.C26B870510AA224346A2563CAEABFE2B.d.450431EC217F0F1DE1A4EBAC19431F04.e.1011","ELEMENT":"f.C26B870510AA224346A2563CAEABFE2B.d.450431EC217F0F1DE1A4EBAC19431F04.e.1011"}]}
RESULT: {"script":"<script> [56 bytes]","args":[{"element-6066-11e4-a52e-4f735466cecf":"f.C26B870510AA224346A2563CAEABFE2B.d.450431EC217F0F1DE1A4EBAC19431F04.e.1011","ELEMENT":"f.C26B870510AA224346A2563CAEABFE2B.d.450431EC217F0F1DE1A4EBAC19431F04.e.1011"}]}
COMMAND: GET /session/60a0e1168e549ca734fea4458a5c60f0/screenshot - {}
RESULT: {}
COMMAND: POST /session/60a0e1168e549ca734fea4458a5c60f0/element - {"using":"css selector","value":"#shell-header-logo"}
RESULT: {"using":"css selector","value":"#shell-header-logo"}
COMMAND: POST /session/60a0e1168e549ca734fea4458a5c60f0/element/f.C26B870510AA224346A2563CAEABFE2B.d.450431EC217F0F1DE1A4EBAC19431F04.e.270/click - {}
RESULT: {}
COMMAND: GET /session/60a0e1168e549ca734fea4458a5c60f0/screenshot - {}
RESULT: {}
COMMAND: POST /session/60a0e1168e549ca734fea4458a5c60f0/execute/sync - {"script":"<script> [299 bytes]","args":[["getModel","getResource"]]}
RESULT: {"script":"<script> [299 bytes]","args":[["getModel","getResource"]]}
COMMAND: GET /session/60a0e1168e549ca734fea4458a5c60f0/screenshot - {}
]]></system-out>
    </testcase>
    <testcase classname="chrome.135_0_7049_96.windows.Billing_confirm_US117289" name="Should create a new partner" time="132.038">
      <system-out><![CDATA[
COMMAND: POST /session/60a0e1168e549ca734fea4458a5c60f0/window/fullscreen - {}
RESULT: {}
RESULT: {}
COMMAND: POST /session/60a0e1168e549ca734fea4458a5c60f0/execute/async - {"script":"<script> [1562 bytes]","args":[{"selector":{"controlType":"sap.m.GenericTile","properties":{"header":"Manage Partners"}},"wdio_ui5_key":"sapm.GenericTile{\"header\":\"Manage Partners\"}"}]}
RESULT: {"script":"<script> [1562 bytes]","args":[{"selector":{"controlType":"sap.m.GenericTile","properties":{"header":"Manage Partners"}},"wdio_ui5_key":"sapm.GenericTile{\"header\":\"Manage Partners\"}"}]}
RESULT: undefined
COMMAND: POST /session/60a0e1168e549ca734fea4458a5c60f0/element - {"using":"xpath","value":"//*[@id=\"__tile38\"]"}
RESULT: {"using":"xpath","value":"//*[@id=\"__tile38\"]"}
COMMAND: POST /session/60a0e1168e549ca734fea4458a5c60f0/element/f.C26B870510AA224346A2563CAEABFE2B.d.450431EC217F0F1DE1A4EBAC19431F04.e.156/click - {}
RESULT: {}
COMMAND: POST /session/60a0e1168e549ca734fea4458a5c60f0/element - {"using":"xpath","value":"//button[@data-kt=\"addButton\"]"}
COMMAND: GET /session/60a0e1168e549ca734fea4458a5c60f0/screenshot - {}
RESULT: {"using":"xpath","value":"//button[@data-kt=\"addButton\"]"}
COMMAND: POST /session/60a0e1168e549ca734fea4458a5c60f0/elements - {"using":"xpath","value":"//button[@data-kt=\"addButton\"]"}
RESULT: {}
RESULT: {"using":"xpath","value":"//button[@data-kt=\"addButton\"]"}
COMMAND: POST /session/60a0e1168e549ca734fea4458a5c60f0/elements - {"using":"xpath","value":"//button[@data-kt=\"addButton\"]"}
RESULT: {"using":"xpath","value":"//button[@data-kt=\"addButton\"]"}
COMMAND: POST /session/60a0e1168e549ca734fea4458a5c60f0/elements - {"using":"xpath","value":"//button[@data-kt=\"addButton\"]"}
RESULT: {"using":"xpath","value":"//button[@data-kt=\"addButton\"]"}
COMMAND: POST /session/60a0e1168e549ca734fea4458a5c60f0/elements - {"using":"xpath","value":"//button[@data-kt=\"addButton\"]"}
RESULT: {"using":"xpath","value":"//button[@data-kt=\"addButton\"]"}
COMMAND: POST /session/60a0e1168e549ca734fea4458a5c60f0/elements - {"using":"xpath","value":"//button[@data-kt=\"addButton\"]"}
RESULT: {"using":"xpath","value":"//button[@data-kt=\"addButton\"]"}
COMMAND: POST /session/60a0e1168e549ca734fea4458a5c60f0/elements - {"using":"xpath","value":"//button[@data-kt=\"addButton\"]"}
RESULT: {"using":"xpath","value":"//button[@data-kt=\"addButton\"]"}
COMMAND: POST /session/60a0e1168e549ca734fea4458a5c60f0/elements - {"using":"xpath","value":"//button[@data-kt=\"addButton\"]"}
RESULT: {"using":"xpath","value":"//button[@data-kt=\"addButton\"]"}
COMMAND: POST /session/60a0e1168e549ca734fea4458a5c60f0/elements - {"using":"xpath","value":"//button[@data-kt=\"addButton\"]"}
RESULT: {"using":"xpath","value":"//button[@data-kt=\"addButton\"]"}
COMMAND: POST /session/60a0e1168e549ca734fea4458a5c60f0/elements - {"using":"xpath","value":"//button[@data-kt=\"addButton\"]"}
RESULT: {"using":"xpath","value":"//button[@data-kt=\"addButton\"]"}
COMMAND: POST /session/60a0e1168e549ca734fea4458a5c60f0/elements - {"using":"xpath","value":"//button[@data-kt=\"addButton\"]"}
RESULT: {"using":"xpath","value":"//button[@data-kt=\"addButton\"]"}
COMMAND: POST /session/60a0e1168e549ca734fea4458a5c60f0/elements - {"using":"xpath","value":"//button[@data-kt=\"addButton\"]"}
RESULT: {"using":"xpath","value":"//button[@data-kt=\"addButton\"]"}
COMMAND: POST /session/60a0e1168e549ca734fea4458a5c60f0/elements - {"using":"xpath","value":"//button[@data-kt=\"addButton\"]"}
RESULT: {"using":"xpath","value":"//button[@data-kt=\"addButton\"]"}
COMMAND: POST /session/60a0e1168e549ca734fea4458a5c60f0/elements - {"using":"xpath","value":"//button[@data-kt=\"addButton\"]"}
RESULT: {"using":"xpath","value":"//button[@data-kt=\"addButton\"]"}
COMMAND: POST /session/60a0e1168e549ca734fea4458a5c60f0/elements - {"using":"xpath","value":"//button[@data-kt=\"addButton\"]"}
RESULT: {"using":"xpath","value":"//button[@data-kt=\"addButton\"]"}
COMMAND: POST /session/60a0e1168e549ca734fea4458a5c60f0/elements - {"using":"xpath","value":"//button[@data-kt=\"addButton\"]"}
RESULT: {"using":"xpath","value":"//button[@data-kt=\"addButton\"]"}
COMMAND: POST /session/60a0e1168e549ca734fea4458a5c60f0/elements - {"using":"xpath","value":"//button[@data-kt=\"addButton\"]"}
RESULT: {"using":"xpath","value":"//button[@data-kt=\"addButton\"]"}
COMMAND: POST /session/60a0e1168e549ca734fea4458a5c60f0/elements - {"using":"xpath","value":"//button[@data-kt=\"addButton\"]"}
RESULT: {"using":"xpath","value":"//button[@data-kt=\"addButton\"]"}
COMMAND: POST /session/60a0e1168e549ca734fea4458a5c60f0/elements - {"using":"xpath","value":"//button[@data-kt=\"addButton\"]"}
RESULT: {"using":"xpath","value":"//button[@data-kt=\"addButton\"]"}
COMMAND: POST /session/60a0e1168e549ca734fea4458a5c60f0/elements - {"using":"xpath","value":"//button[@data-kt=\"addButton\"]"}
RESULT: {"using":"xpath","value":"//button[@data-kt=\"addButton\"]"}
COMMAND: POST /session/60a0e1168e549ca734fea4458a5c60f0/elements - {"using":"xpath","value":"//button[@data-kt=\"addButton\"]"}
RESULT: {"using":"xpath","value":"//button[@data-kt=\"addButton\"]"}
COMMAND: POST /session/60a0e1168e549ca734fea4458a5c60f0/elements - {"using":"xpath","value":"//button[@data-kt=\"addButton\"]"}
RESULT: {"using":"xpath","value":"//button[@data-kt=\"addButton\"]"}
COMMAND: POST /session/60a0e1168e549ca734fea4458a5c60f0/elements - {"using":"xpath","value":"//button[@data-kt=\"addButton\"]"}
RESULT: {"using":"xpath","value":"//button[@data-kt=\"addButton\"]"}
COMMAND: POST /session/60a0e1168e549ca734fea4458a5c60f0/elements - {"using":"xpath","value":"//button[@data-kt=\"addButton\"]"}
RESULT: {"using":"xpath","value":"//button[@data-kt=\"addButton\"]"}
COMMAND: POST /session/60a0e1168e549ca734fea4458a5c60f0/elements - {"using":"xpath","value":"//button[@data-kt=\"addButton\"]"}
RESULT: {"using":"xpath","value":"//button[@data-kt=\"addButton\"]"}
COMMAND: POST /session/60a0e1168e549ca734fea4458a5c60f0/elements - {"using":"xpath","value":"//button[@data-kt=\"addButton\"]"}
RESULT: {"using":"xpath","value":"//button[@data-kt=\"addButton\"]"}
COMMAND: POST /session/60a0e1168e549ca734fea4458a5c60f0/elements - {"using":"xpath","value":"//button[@data-kt=\"addButton\"]"}
RESULT: {"using":"xpath","value":"//button[@data-kt=\"addButton\"]"}
COMMAND: POST /session/60a0e1168e549ca734fea4458a5c60f0/elements - {"using":"xpath","value":"//button[@data-kt=\"addButton\"]"}
RESULT: {"using":"xpath","value":"//button[@data-kt=\"addButton\"]"}
COMMAND: POST /session/60a0e1168e549ca734fea4458a5c60f0/element - {"using":"xpath","value":"//button[@data-kt=\"addButton\"]"}
RESULT: {"using":"xpath","value":"//button[@data-kt=\"addButton\"]"}
COMMAND: POST /session/60a0e1168e549ca734fea4458a5c60f0/execute/sync - {"script":"<script> [8489 bytes]","args":[{"element-6066-11e4-a52e-4f735466cecf":"f.C26B870510AA224346A2563CAEABFE2B.d.450431EC217F0F1DE1A4EBAC19431F04.e.1055","ELEMENT":"f.C26B870510AA224346A2563CAEABFE2B.d.450431EC217F0F1DE1A4EBAC19431F04.e.1055"}]}
RESULT: {"script":"<script> [8489 bytes]","args":[{"element-6066-11e4-a52e-4f735466cecf":"f.C26B870510AA224346A2563CAEABFE2B.d.450431EC217F0F1DE1A4EBAC19431F04.e.1055","ELEMENT":"f.C26B870510AA224346A2563CAEABFE2B.d.450431EC217F0F1DE1A4EBAC19431F04.e.1055"}]}
COMMAND: GET /session/60a0e1168e549ca734fea4458a5c60f0/element/f.C26B870510AA224346A2563CAEABFE2B.d.450431EC217F0F1DE1A4EBAC19431F04.e.1055/enabled - {}
COMMAND: GET /session/60a0e1168e549ca734fea4458a5c60f0/screenshot - {}
RESULT: {}
COMMAND: POST /session/60a0e1168e549ca734fea4458a5c60f0/execute/sync - {"script":"<script> [8489 bytes]","args":[{"element-6066-11e4-a52e-4f735466cecf":"f.C26B870510AA224346A2563CAEABFE2B.d.450431EC217F0F1DE1A4EBAC19431F04.e.1055","ELEMENT":"f.C26B870510AA224346A2563CAEABFE2B.d.450431EC217F0F1DE1A4EBAC19431F04.e.1055"}]}
COMMAND: GET /session/60a0e1168e549ca734fea4458a5c60f0/screenshot - {}
RESULT: {}
RESULT: {"script":"<script> [8489 bytes]","args":[{"element-6066-11e4-a52e-4f735466cecf":"f.C26B870510AA224346A2563CAEABFE2B.d.450431EC217F0F1DE1A4EBAC19431F04.e.1055","ELEMENT":"f.C26B870510AA224346A2563CAEABFE2B.d.450431EC217F0F1DE1A4EBAC19431F04.e.1055"}]}
COMMAND: POST /session/60a0e1168e549ca734fea4458a5c60f0/execute/sync - {"script":"<script> [5351 bytes]","args":[{"element-6066-11e4-a52e-4f735466cecf":"f.C26B870510AA224346A2563CAEABFE2B.d.450431EC217F0F1DE1A4EBAC19431F04.e.1055","ELEMENT":"f.C26B870510AA224346A2563CAEABFE2B.d.450431EC217F0F1DE1A4EBAC19431F04.e.1055"}]}
COMMAND: GET /session/60a0e1168e549ca734fea4458a5c60f0/screenshot - {}
RESULT: {}
RESULT: {"script":"<script> [5351 bytes]","args":[{"element-6066-11e4-a52e-4f735466cecf":"f.C26B870510AA224346A2563CAEABFE2B.d.450431EC217F0F1DE1A4EBAC19431F04.e.1055","ELEMENT":"f.C26B870510AA224346A2563CAEABFE2B.d.450431EC217F0F1DE1A4EBAC19431F04.e.1055"}]}
COMMAND: POST /session/60a0e1168e549ca734fea4458a5c60f0/element/f.C26B870510AA224346A2563CAEABFE2B.d.450431EC217F0F1DE1A4EBAC19431F04.e.1055/click - {}
COMMAND: GET /session/60a0e1168e549ca734fea4458a5c60f0/screenshot - {}
RESULT: {}
RESULT: {}
RESULT: {}
COMMAND: GET /session/60a0e1168e549ca734fea4458a5c60f0/screenshot - {}
COMMAND: POST /session/60a0e1168e549ca734fea4458a5c60f0/execute/async - {"script":"<script> [1562 bytes]","args":[{"selector":{"id":"application-managepartners-display-component---NewPartner--addressDetailDetailsName1","interaction":{"idSuffix":"inner"}},"wdio_ui5_key":"applicationmanagepartners-display-component---NewPartner--addressDetailDetailsName1"}]}
RESULT: {}
RESULT: {"script":"<script> [1562 bytes]","args":[{"selector":{"id":"application-managepartners-display-component---NewPartner--addressDetailDetailsName1","interaction":{"idSuffix":"inner"}},"wdio_ui5_key":"applicationmanagepartners-display-component---NewPartner--addressDetailDetailsName1"}]}
RESULT: undefined
COMMAND: POST /session/60a0e1168e549ca734fea4458a5c60f0/execute/async - {"script":"<script> [776 bytes]","args":[{"enterText":"Intracompany Partner WDIO","selector":{"id":"application-managepartners-display-component---NewPartner--addressDetailDetailsName1","interaction":{"idSuffix":"inner"}},"clearTextFirst":true,"interactionType":"ENTER_TEXT"}]}
RESULT: {"script":"<script> [776 bytes]","args":[{"enterText":"Intracompany Partner WDIO","selector":{"id":"application-managepartners-display-component---NewPartner--addressDetailDetailsName1","interaction":{"idSuffix":"inner"}},"clearTextFirst":true,"interactionType":"ENTER_TEXT"}]}
COMMAND: POST /session/60a0e1168e549ca734fea4458a5c60f0/execute/async - {"script":"<script> [1562 bytes]","args":[{"selector":{"id":"application-managepartners-display-component---NewPartner--addressDetailDetailsLanguage-arrow"},"wdio_ui5_key":"applicationmanagepartners-display-component---NewPartner--addressDetailDetailsLanguage-arrow"}]}
RESULT: {"script":"<script> [1562 bytes]","args":[{"selector":{"id":"application-managepartners-display-component---NewPartner--addressDetailDetailsLanguage-arrow"},"wdio_ui5_key":"applicationmanagepartners-display-component---NewPartner--addressDetailDetailsLanguage-arrow"}]}
RESULT: undefined
COMMAND: POST /session/60a0e1168e549ca734fea4458a5c60f0/element - {"using":"xpath","value":"//*[@id=\"application-managepartners-display-component---NewPartner--addressDetailDetailsLanguage-arrow\"]"}
RESULT: {"using":"xpath","value":"//*[@id=\"application-managepartners-display-component---NewPartner--addressDetailDetailsLanguage-arrow\"]"}
COMMAND: POST /session/60a0e1168e549ca734fea4458a5c60f0/element/f.C26B870510AA224346A2563CAEABFE2B.d.450431EC217F0F1DE1A4EBAC19431F04.e.1474/click - {}
RESULT: {}
COMMAND: POST /session/60a0e1168e549ca734fea4458a5c60f0/element - {"using":"xpath","value":"//span[contains(text(), \"English\")]"}
COMMAND: GET /session/60a0e1168e549ca734fea4458a5c60f0/screenshot - {}
RESULT: {"using":"xpath","value":"//span[contains(text(), \"English\")]"}
COMMAND: POST /session/60a0e1168e549ca734fea4458a5c60f0/element/f.C26B870510AA224346A2563CAEABFE2B.d.450431EC217F0F1DE1A4EBAC19431F04.e.1475/click - {}
RESULT: {}
RESULT: {}
COMMAND: GET /session/60a0e1168e549ca734fea4458a5c60f0/screenshot - {}
RESULT: {}
COMMAND: POST /session/60a0e1168e549ca734fea4458a5c60f0/execute/async - {"script":"<script> [1562 bytes]","args":[{"selector":{"id":"application-managepartners-display-component---NewPartner--addressDetailDetailsCity1","interaction":{"idSuffix":"inner"}},"wdio_ui5_key":"applicationmanagepartners-display-component---NewPartner--addressDetailDetailsCity1"}]}
RESULT: {"script":"<script> [1562 bytes]","args":[{"selector":{"id":"application-managepartners-display-component---NewPartner--addressDetailDetailsCity1","interaction":{"idSuffix":"inner"}},"wdio_ui5_key":"applicationmanagepartners-display-component---NewPartner--addressDetailDetailsCity1"}]}
RESULT: undefined
COMMAND: POST /session/60a0e1168e549ca734fea4458a5c60f0/execute/async - {"script":"<script> [776 bytes]","args":[{"enterText":"Rosario","selector":{"id":"application-managepartners-display-component---NewPartner--addressDetailDetailsCity1","interaction":{"idSuffix":"inner"}},"clearTextFirst":true,"interactionType":"ENTER_TEXT"}]}
RESULT: {"script":"<script> [776 bytes]","args":[{"enterText":"Rosario","selector":{"id":"application-managepartners-display-component---NewPartner--addressDetailDetailsCity1","interaction":{"idSuffix":"inner"}},"clearTextFirst":true,"interactionType":"ENTER_TEXT"}]}
COMMAND: POST /session/60a0e1168e549ca734fea4458a5c60f0/execute/async - {"script":"<script> [1562 bytes]","args":[{"selector":{"id":"application-managepartners-display-component---NewPartner--addressDetailDetailsCountry-arrow"},"wdio_ui5_key":"applicationmanagepartners-display-component---NewPartner--addressDetailDetailsCountry-arrow"}]}
RESULT: {"script":"<script> [1562 bytes]","args":[{"selector":{"id":"application-managepartners-display-component---NewPartner--addressDetailDetailsCountry-arrow"},"wdio_ui5_key":"applicationmanagepartners-display-component---NewPartner--addressDetailDetailsCountry-arrow"}]}
RESULT: undefined
COMMAND: POST /session/60a0e1168e549ca734fea4458a5c60f0/element - {"using":"xpath","value":"//*[@id=\"application-managepartners-display-component---NewPartner--addressDetailDetailsCountry-arrow\"]"}
RESULT: {"using":"xpath","value":"//*[@id=\"application-managepartners-display-component---NewPartner--addressDetailDetailsCountry-arrow\"]"}
COMMAND: POST /session/60a0e1168e549ca734fea4458a5c60f0/element/f.C26B870510AA224346A2563CAEABFE2B.d.450431EC217F0F1DE1A4EBAC19431F04.e.1453/click - {}
RESULT: {}
COMMAND: POST /session/60a0e1168e549ca734fea4458a5c60f0/element - {"using":"xpath","value":"//span[contains(text(), \"Argentina\")]"}
COMMAND: GET /session/60a0e1168e549ca734fea4458a5c60f0/screenshot - {}
RESULT: {"using":"xpath","value":"//span[contains(text(), \"Argentina\")]"}
COMMAND: POST /session/60a0e1168e549ca734fea4458a5c60f0/element/f.C26B870510AA224346A2563CAEABFE2B.d.450431EC217F0F1DE1A4EBAC19431F04.e.1477/click - {}
RESULT: {}
RESULT: {}
COMMAND: GET /session/60a0e1168e549ca734fea4458a5c60f0/screenshot - {}
RESULT: {}
COMMAND: POST /session/60a0e1168e549ca734fea4458a5c60f0/element - {"using":"xpath","value":"//bdi[contains(text(), \"Commercial\")]"}
RESULT: {"using":"xpath","value":"//bdi[contains(text(), \"Commercial\")]"}
COMMAND: POST /session/60a0e1168e549ca734fea4458a5c60f0/element/f.C26B870510AA224346A2563CAEABFE2B.d.450431EC217F0F1DE1A4EBAC19431F04.e.1478/click - {}
RESULT: {}
COMMAND: GET /session/60a0e1168e549ca734fea4458a5c60f0/screenshot - {}
RESULT: {}
COMMAND: POST /session/60a0e1168e549ca734fea4458a5c60f0/execute/async - {"script":"<script> [1562 bytes]","args":[{"selector":{"id":"application-managepartners-display-component---NewPartner--partnerDetailInternal-arrow"},"wdio_ui5_key":"applicationmanagepartners-display-component---NewPartner--partnerDetailInternal-arrow"}]}
RESULT: {"script":"<script> [1562 bytes]","args":[{"selector":{"id":"application-managepartners-display-component---NewPartner--partnerDetailInternal-arrow"},"wdio_ui5_key":"applicationmanagepartners-display-component---NewPartner--partnerDetailInternal-arrow"}]}
RESULT: undefined
COMMAND: POST /session/60a0e1168e549ca734fea4458a5c60f0/element - {"using":"xpath","value":"//*[@id=\"application-managepartners-display-component---NewPartner--partnerDetailInternal-arrow\"]"}
RESULT: {"using":"xpath","value":"//*[@id=\"application-managepartners-display-component---NewPartner--partnerDetailInternal-arrow\"]"}
COMMAND: POST /session/60a0e1168e549ca734fea4458a5c60f0/element/f.C26B870510AA224346A2563CAEABFE2B.d.450431EC217F0F1DE1A4EBAC19431F04.e.1484/click - {}
RESULT: {}
COMMAND: POST /session/60a0e1168e549ca734fea4458a5c60f0/element - {"using":"xpath","value":"//span[contains(text(), \"Affiliated company\")]"}
COMMAND: GET /session/60a0e1168e549ca734fea4458a5c60f0/screenshot - {}
RESULT: {"using":"xpath","value":"//span[contains(text(), \"Affiliated company\")]"}
COMMAND: POST /session/60a0e1168e549ca734fea4458a5c60f0/element/f.C26B870510AA224346A2563CAEABFE2B.d.450431EC217F0F1DE1A4EBAC19431F04.e.1485/click - {}
RESULT: {}
RESULT: {}
COMMAND: POST /session/60a0e1168e549ca734fea4458a5c60f0/execute/async - {"script":"<script> [1562 bytes]","args":[{"selector":{"id":"application-managepartners-display-component---NewPartner--partnerDetailsCurrency-arrow"},"wdio_ui5_key":"applicationmanagepartners-display-component---NewPartner--partnerDetailsCurrency-arrow"}]}
COMMAND: GET /session/60a0e1168e549ca734fea4458a5c60f0/screenshot - {}
RESULT: {"script":"<script> [1562 bytes]","args":[{"selector":{"id":"application-managepartners-display-component---NewPartner--partnerDetailsCurrency-arrow"},"wdio_ui5_key":"applicationmanagepartners-display-component---NewPartner--partnerDetailsCurrency-arrow"}]}
RESULT: undefined
COMMAND: POST /session/60a0e1168e549ca734fea4458a5c60f0/element - {"using":"xpath","value":"//*[@id=\"application-managepartners-display-component---NewPartner--partnerDetailsCurrency-arrow\"]"}
RESULT: {}
RESULT: {"using":"xpath","value":"//*[@id=\"application-managepartners-display-component---NewPartner--partnerDetailsCurrency-arrow\"]"}
COMMAND: POST /session/60a0e1168e549ca734fea4458a5c60f0/element/f.C26B870510AA224346A2563CAEABFE2B.d.450431EC217F0F1DE1A4EBAC19431F04.e.1492/click - {}
RESULT: {}
COMMAND: POST /session/60a0e1168e549ca734fea4458a5c60f0/element - {"using":"xpath","value":"//span[contains(text(), \"Euro\")]"}
COMMAND: GET /session/60a0e1168e549ca734fea4458a5c60f0/screenshot - {}
RESULT: {"using":"xpath","value":"//span[contains(text(), \"Euro\")]"}
COMMAND: POST /session/60a0e1168e549ca734fea4458a5c60f0/element/f.C26B870510AA224346A2563CAEABFE2B.d.450431EC217F0F1DE1A4EBAC19431F04.e.1493/click - {}
RESULT: {}
RESULT: {}
COMMAND: POST /session/60a0e1168e549ca734fea4458a5c60f0/execute/async - {"script":"<script> [1562 bytes]","args":[{"selector":{"id":"application-managepartners-display-component---NewPartner--addressEditDetailsCostObjectCstType-arrow"},"wdio_ui5_key":"applicationmanagepartners-display-component---NewPartner--addressEditDetailsCostObjectCstType-arrow"}]}
COMMAND: GET /session/60a0e1168e549ca734fea4458a5c60f0/screenshot - {}
RESULT: {"script":"<script> [1562 bytes]","args":[{"selector":{"id":"application-managepartners-display-component---NewPartner--addressEditDetailsCostObjectCstType-arrow"},"wdio_ui5_key":"applicationmanagepartners-display-component---NewPartner--addressEditDetailsCostObjectCstType-arrow"}]}
RESULT: undefined
COMMAND: POST /session/60a0e1168e549ca734fea4458a5c60f0/element - {"using":"xpath","value":"//*[@id=\"application-managepartners-display-component---NewPartner--addressEditDetailsCostObjectCstType-arrow\"]"}
RESULT: {}
RESULT: {"using":"xpath","value":"//*[@id=\"application-managepartners-display-component---NewPartner--addressEditDetailsCostObjectCstType-arrow\"]"}
COMMAND: POST /session/60a0e1168e549ca734fea4458a5c60f0/element/f.C26B870510AA224346A2563CAEABFE2B.d.450431EC217F0F1DE1A4EBAC19431F04.e.1494/click - {}
RESULT: {}
COMMAND: POST /session/60a0e1168e549ca734fea4458a5c60f0/element - {"using":"xpath","value":"//span[contains(text(), \"Cost Center\")]"}
COMMAND: GET /session/60a0e1168e549ca734fea4458a5c60f0/screenshot - {}
RESULT: {"using":"xpath","value":"//span[contains(text(), \"Cost Center\")]"}
COMMAND: POST /session/60a0e1168e549ca734fea4458a5c60f0/element/f.C26B870510AA224346A2563CAEABFE2B.d.450431EC217F0F1DE1A4EBAC19431F04.e.1495/click - {}
RESULT: {}
RESULT: {}
COMMAND: GET /session/60a0e1168e549ca734fea4458a5c60f0/screenshot - {}
RESULT: {}
COMMAND: POST /session/60a0e1168e549ca734fea4458a5c60f0/element - {"using":"xpath","value":"//span[@id=\"application-managepartners-display-component---NewPartner--addressNewCostObjectCstID-vhi\"]"}
RESULT: {"using":"xpath","value":"//span[@id=\"application-managepartners-display-component---NewPartner--addressNewCostObjectCstID-vhi\"]"}
COMMAND: POST /session/60a0e1168e549ca734fea4458a5c60f0/execute/sync - {"script":"<script> [8489 bytes]","args":[{"element-6066-11e4-a52e-4f735466cecf":"f.C26B870510AA224346A2563CAEABFE2B.d.450431EC217F0F1DE1A4EBAC19431F04.e.1499","ELEMENT":"f.C26B870510AA224346A2563CAEABFE2B.d.450431EC217F0F1DE1A4EBAC19431F04.e.1499"}]}
RESULT: {"script":"<script> [8489 bytes]","args":[{"element-6066-11e4-a52e-4f735466cecf":"f.C26B870510AA224346A2563CAEABFE2B.d.450431EC217F0F1DE1A4EBAC19431F04.e.1499","ELEMENT":"f.C26B870510AA224346A2563CAEABFE2B.d.450431EC217F0F1DE1A4EBAC19431F04.e.1499"}]}
COMMAND: POST /session/60a0e1168e549ca734fea4458a5c60f0/execute/async - {"script":"<script> [1562 bytes]","args":[{"selector":{"id":"application-managepartners-display-component---NewPartner--addressNewCostObjectCstID-vhi"},"wdio_ui5_key":"applicationmanagepartners-display-component---NewPartner--addressNewCostObjectCstID-vhi"}]}
COMMAND: GET /session/60a0e1168e549ca734fea4458a5c60f0/screenshot - {}
RESULT: {"script":"<script> [1562 bytes]","args":[{"selector":{"id":"application-managepartners-display-component---NewPartner--addressNewCostObjectCstID-vhi"},"wdio_ui5_key":"applicationmanagepartners-display-component---NewPartner--addressNewCostObjectCstID-vhi"}]}
RESULT: undefined
COMMAND: POST /session/60a0e1168e549ca734fea4458a5c60f0/element - {"using":"xpath","value":"//*[@id=\"application-managepartners-display-component---NewPartner--addressNewCostObjectCstID-vhi\"]"}
RESULT: {}
RESULT: {"using":"xpath","value":"//*[@id=\"application-managepartners-display-component---NewPartner--addressNewCostObjectCstID-vhi\"]"}
COMMAND: POST /session/60a0e1168e549ca734fea4458a5c60f0/element/f.C26B870510AA224346A2563CAEABFE2B.d.450431EC217F0F1DE1A4EBAC19431F04.e.1499/click - {}
RESULT: {}
COMMAND: GET /session/60a0e1168e549ca734fea4458a5c60f0/screenshot - {}
RESULT: {}
RESULT: undefined
COMMAND: POST /session/60a0e1168e549ca734fea4458a5c60f0/execute/async - {"script":"<script> [776 bytes]","args":[{"enterText":"10001013","selector":{"controlType":"sap.m.SearchField","properties":{"placeholder":"Search"},"searchOpenDialogs":true,"interaction":{"idSuffix":"I"}},"clearTextFirst":true,"interactionType":"ENTER_TEXT"}]}
RESULT: {"script":"<script> [776 bytes]","args":[{"enterText":"10001013","selector":{"controlType":"sap.m.SearchField","properties":{"placeholder":"Search"},"searchOpenDialogs":true,"interaction":{"idSuffix":"I"}},"clearTextFirst":true,"interactionType":"ENTER_TEXT"}]}
COMMAND: POST /session/60a0e1168e549ca734fea4458a5c60f0/actions - {"actions":[{"id":"action2","type":"key","parameters":{},"actions":[{"type":"keyDown","value":"î€‡"},{"type":"pause","duration":10},{"type":"keyUp","value":"î€‡"}]}]}
RESULT: {"actions":[{"id":"action2","type":"key","parameters":{},"actions":[{"type":"keyDown","value":"î€‡"},{"type":"pause","duration":10},{"type":"keyUp","value":"î€‡"}]}]}
COMMAND: GET /session/60a0e1168e549ca734fea4458a5c60f0/screenshot - {}
RESULT: {}
COMMAND: POST /session/60a0e1168e549ca734fea4458a5c60f0/element - {"using":"xpath","value":"//span[contains(text(), \"General Management\")]"}
RESULT: {"using":"xpath","value":"//span[contains(text(), \"General Management\")]"}
COMMAND: POST /session/60a0e1168e549ca734fea4458a5c60f0/element/f.C26B870510AA224346A2563CAEABFE2B.d.450431EC217F0F1DE1A4EBAC19431F04.e.1538/click - {}
RESULT: {}
COMMAND: GET /session/60a0e1168e549ca734fea4458a5c60f0/screenshot - {}
RESULT: {}
COMMAND: POST /session/60a0e1168e549ca734fea4458a5c60f0/element - {"using":"xpath","value":"//bdi[contains(text(), \"OK\")]"}
RESULT: {"using":"xpath","value":"//bdi[contains(text(), \"OK\")]"}
COMMAND: POST /session/60a0e1168e549ca734fea4458a5c60f0/element/f.C26B870510AA224346A2563CAEABFE2B.d.450431EC217F0F1DE1A4EBAC19431F04.e.1539/click - {}
RESULT: {}
COMMAND: GET /session/60a0e1168e549ca734fea4458a5c60f0/screenshot - {}
RESULT: {}
COMMAND: POST /session/60a0e1168e549ca734fea4458a5c60f0/element - {"using":"xpath","value":"//input[@id=\"application-managepartners-display-component---NewPartner--companyCodeComboBox-inner\"]"}
RESULT: {"using":"xpath","value":"//input[@id=\"application-managepartners-display-component---NewPartner--companyCodeComboBox-inner\"]"}
COMMAND: POST /session/60a0e1168e549ca734fea4458a5c60f0/element/f.C26B870510AA224346A2563CAEABFE2B.d.450431EC217F0F1DE1A4EBAC19431F04.e.1387/clear - {}
RESULT: {}
COMMAND: POST /session/60a0e1168e549ca734fea4458a5c60f0/element/f.C26B870510AA224346A2563CAEABFE2B.d.450431EC217F0F1DE1A4EBAC19431F04.e.1387/value - {"text":"1000"}
COMMAND: GET /session/60a0e1168e549ca734fea4458a5c60f0/screenshot - {}
RESULT: {"text":"1000"}
COMMAND: GET /session/60a0e1168e549ca734fea4458a5c60f0/screenshot - {}
RESULT: {}
RESULT: {}
COMMAND: POST /session/60a0e1168e549ca734fea4458a5c60f0/element - {"using":"xpath","value":"//span[contains(text(), \"1000\")]"}
RESULT: {"using":"xpath","value":"//span[contains(text(), \"1000\")]"}
COMMAND: POST /session/60a0e1168e549ca734fea4458a5c60f0/element/f.C26B870510AA224346A2563CAEABFE2B.d.450431EC217F0F1DE1A4EBAC19431F04.e.1545/click - {}
RESULT: {}
COMMAND: GET /session/60a0e1168e549ca734fea4458a5c60f0/screenshot - {}
RESULT: {}
COMMAND: POST /session/60a0e1168e549ca734fea4458a5c60f0/execute/async - {"script":"<script> [1562 bytes]","args":[{"selector":{"id":"application-managepartners-display-component---NewPartner--btnAddTableRow-img"},"wdio_ui5_key":"applicationmanagepartners-display-component---NewPartner--btnAddTableRow-img"}]}
RESULT: {"script":"<script> [1562 bytes]","args":[{"selector":{"id":"application-managepartners-display-component---NewPartner--btnAddTableRow-img"},"wdio_ui5_key":"applicationmanagepartners-display-component---NewPartner--btnAddTableRow-img"}]}
RESULT: undefined
COMMAND: POST /session/60a0e1168e549ca734fea4458a5c60f0/element - {"using":"xpath","value":"//*[@id=\"application-managepartners-display-component---NewPartner--btnAddTableRow-img\"]"}
RESULT: {"using":"xpath","value":"//*[@id=\"application-managepartners-display-component---NewPartner--btnAddTableRow-img\"]"}
COMMAND: POST /session/60a0e1168e549ca734fea4458a5c60f0/element/f.C26B870510AA224346A2563CAEABFE2B.d.450431EC217F0F1DE1A4EBAC19431F04.e.1546/click - {}
RESULT: {}
COMMAND: GET /session/60a0e1168e549ca734fea4458a5c60f0/screenshot - {}
RESULT: {}
COMMAND: POST /session/60a0e1168e549ca734fea4458a5c60f0/element - {"using":"xpath","value":"//input[@id=\"application-managepartners-display-component---NewPartner--assignmentYard-application-managepartners-display-component---NewPartner--assignmentsTable-0-inner\"]"}
RESULT: {"using":"xpath","value":"//input[@id=\"application-managepartners-display-component---NewPartner--assignmentYard-application-managepartners-display-component---NewPartner--assignmentsTable-0-inner\"]"}
COMMAND: POST /session/60a0e1168e549ca734fea4458a5c60f0/element/f.C26B870510AA224346A2563CAEABFE2B.d.450431EC217F0F1DE1A4EBAC19431F04.e.1549/clear - {}
RESULT: {}
COMMAND: POST /session/60a0e1168e549ca734fea4458a5c60f0/element/f.C26B870510AA224346A2563CAEABFE2B.d.450431EC217F0F1DE1A4EBAC19431F04.e.1549/value - {"text":"234"}
COMMAND: GET /session/60a0e1168e549ca734fea4458a5c60f0/screenshot - {}
RESULT: {"text":"234"}
COMMAND: GET /session/60a0e1168e549ca734fea4458a5c60f0/screenshot - {}
RESULT: {}
RESULT: {}
COMMAND: POST /session/60a0e1168e549ca734fea4458a5c60f0/element - {"using":"xpath","value":"//li[.//span[text()='234']]"}
RESULT: {"using":"xpath","value":"//li[.//span[text()='234']]"}
COMMAND: POST /session/60a0e1168e549ca734fea4458a5c60f0/element/f.C26B870510AA224346A2563CAEABFE2B.d.450431EC217F0F1DE1A4EBAC19431F04.e.1558/click - {}
RESULT: {}
COMMAND: GET /session/60a0e1168e549ca734fea4458a5c60f0/screenshot - {}
RESULT: {}
COMMAND: POST /session/60a0e1168e549ca734fea4458a5c60f0/actions - {"actions":[{"id":"action3","type":"key","parameters":{},"actions":[{"type":"keyDown","value":"î€‡"},{"type":"pause","duration":10},{"type":"keyUp","value":"î€‡"}]}]}
RESULT: {"actions":[{"id":"action3","type":"key","parameters":{},"actions":[{"type":"keyDown","value":"î€‡"},{"type":"pause","duration":10},{"type":"keyUp","value":"î€‡"}]}]}
COMMAND: POST /session/60a0e1168e549ca734fea4458a5c60f0/execute/async - {"script":"<script> [1562 bytes]","args":[{"selector":{"id":"application-managepartners-display-component---NewPartner--externalCustomerComboBox-application-managepartners-display-component---NewPartner--assignmentsTable-0-vhi"},"wdio_ui5_key":"applicationmanagepartners-display-component---NewPartner--externalCustomerComboBox-application-managepartners-display-component---NewPartner--assignmentsTable-0-vhi"}]}
COMMAND: GET /session/60a0e1168e549ca734fea4458a5c60f0/screenshot - {}
RESULT: {"script":"<script> [1562 bytes]","args":[{"selector":{"id":"application-managepartners-display-component---NewPartner--externalCustomerComboBox-application-managepartners-display-component---NewPartner--assignmentsTable-0-vhi"},"wdio_ui5_key":"applicationmanagepartners-display-component---NewPartner--externalCustomerComboBox-application-managepartners-display-component---NewPartner--assignmentsTable-0-vhi"}]}
RESULT: undefined
COMMAND: POST /session/60a0e1168e549ca734fea4458a5c60f0/element - {"using":"xpath","value":"//*[@id=\"application-managepartners-display-component---NewPartner--externalCustomerComboBox-application-managepartners-display-component---NewPartner--assignmentsTable-0-vhi\"]"}
RESULT: {}
RESULT: {"using":"xpath","value":"//*[@id=\"application-managepartners-display-component---NewPartner--externalCustomerComboBox-application-managepartners-display-component---NewPartner--assignmentsTable-0-vhi\"]"}
COMMAND: POST /session/60a0e1168e549ca734fea4458a5c60f0/element/f.C26B870510AA224346A2563CAEABFE2B.d.450431EC217F0F1DE1A4EBAC19431F04.e.1562/click - {}
RESULT: {}
RESULT: undefined
COMMAND: POST /session/60a0e1168e549ca734fea4458a5c60f0/execute/async - {"script":"<script> [776 bytes]","args":[{"enterText":"300003","selector":{"controlType":"sap.m.SearchField","properties":{"placeholder":"Search"},"searchOpenDialogs":true,"interaction":{"idSuffix":"I"}},"clearTextFirst":true,"interactionType":"ENTER_TEXT"}]}
COMMAND: GET /session/60a0e1168e549ca734fea4458a5c60f0/screenshot - {}
RESULT: {"script":"<script> [776 bytes]","args":[{"enterText":"300003","selector":{"controlType":"sap.m.SearchField","properties":{"placeholder":"Search"},"searchOpenDialogs":true,"interaction":{"idSuffix":"I"}},"clearTextFirst":true,"interactionType":"ENTER_TEXT"}]}
COMMAND: POST /session/60a0e1168e549ca734fea4458a5c60f0/actions - {"actions":[{"id":"action4","type":"key","parameters":{},"actions":[{"type":"keyDown","value":"î€‡"},{"type":"pause","duration":10},{"type":"keyUp","value":"î€‡"}]}]}
RESULT: {}
RESULT: {"actions":[{"id":"action4","type":"key","parameters":{},"actions":[{"type":"keyDown","value":"î€‡"},{"type":"pause","duration":10},{"type":"keyUp","value":"î€‡"}]}]}
COMMAND: GET /session/60a0e1168e549ca734fea4458a5c60f0/screenshot - {}
RESULT: {}
COMMAND: POST /session/60a0e1168e549ca734fea4458a5c60f0/element - {"using":"xpath","value":"//span[contains(text(), \"300003\")]"}
RESULT: {"using":"xpath","value":"//span[contains(text(), \"300003\")]"}
COMMAND: POST /session/60a0e1168e549ca734fea4458a5c60f0/element/f.C26B870510AA224346A2563CAEABFE2B.d.450431EC217F0F1DE1A4EBAC19431F04.e.1580/click - {}
RESULT: {}
COMMAND: GET /session/60a0e1168e549ca734fea4458a5c60f0/screenshot - {}
RESULT: {}
COMMAND: POST /session/60a0e1168e549ca734fea4458a5c60f0/element - {"using":"xpath","value":"//bdi[contains(text(), \"OK\")]"}
RESULT: {"using":"xpath","value":"//bdi[contains(text(), \"OK\")]"}
COMMAND: POST /session/60a0e1168e549ca734fea4458a5c60f0/element/f.C26B870510AA224346A2563CAEABFE2B.d.450431EC217F0F1DE1A4EBAC19431F04.e.1582/click - {}
RESULT: {}
COMMAND: GET /session/60a0e1168e549ca734fea4458a5c60f0/screenshot - {}
COMMAND: POST /session/60a0e1168e549ca734fea4458a5c60f0/execute/async - {"script":"<script> [1562 bytes]","args":[{"selector":{"id":"application-managepartners-display-component---NewPartner--intercompVendorComboBox-application-managepartners-display-component---NewPartner--assignmentsTable-0-vhi"},"wdio_ui5_key":"applicationmanagepartners-display-component---NewPartner--intercompVendorComboBox-application-managepartners-display-component---NewPartner--assignmentsTable-0-vhi"}]}
RESULT: {}
RESULT: {"script":"<script> [1562 bytes]","args":[{"selector":{"id":"application-managepartners-display-component---NewPartner--intercompVendorComboBox-application-managepartners-display-component---NewPartner--assignmentsTable-0-vhi"},"wdio_ui5_key":"applicationmanagepartners-display-component---NewPartner--intercompVendorComboBox-application-managepartners-display-component---NewPartner--assignmentsTable-0-vhi"}]}
RESULT: undefined
COMMAND: POST /session/60a0e1168e549ca734fea4458a5c60f0/element - {"using":"xpath","value":"//*[@id=\"application-managepartners-display-component---NewPartner--intercompVendorComboBox-application-managepartners-display-component---NewPartner--assignmentsTable-0-vhi\"]"}
RESULT: {"using":"xpath","value":"//*[@id=\"application-managepartners-display-component---NewPartner--intercompVendorComboBox-application-managepartners-display-component---NewPartner--assignmentsTable-0-vhi\"]"}
COMMAND: POST /session/60a0e1168e549ca734fea4458a5c60f0/element/f.C26B870510AA224346A2563CAEABFE2B.d.450431EC217F0F1DE1A4EBAC19431F04.e.1586/click - {}
RESULT: {}
RESULT: undefined
COMMAND: POST /session/60a0e1168e549ca734fea4458a5c60f0/execute/async - {"script":"<script> [776 bytes]","args":[{"enterText":"100005","selector":{"controlType":"sap.m.SearchField","properties":{"placeholder":"Search"},"searchOpenDialogs":true,"interaction":{"idSuffix":"I"}},"clearTextFirst":true,"interactionType":"ENTER_TEXT"}]}
COMMAND: GET /session/60a0e1168e549ca734fea4458a5c60f0/screenshot - {}
RESULT: {"script":"<script> [776 bytes]","args":[{"enterText":"100005","selector":{"controlType":"sap.m.SearchField","properties":{"placeholder":"Search"},"searchOpenDialogs":true,"interaction":{"idSuffix":"I"}},"clearTextFirst":true,"interactionType":"ENTER_TEXT"}]}
COMMAND: POST /session/60a0e1168e549ca734fea4458a5c60f0/actions - {"actions":[{"id":"action5","type":"key","parameters":{},"actions":[{"type":"keyDown","value":"î€‡"},{"type":"pause","duration":10},{"type":"keyUp","value":"î€‡"}]}]}
RESULT: {}
RESULT: {"actions":[{"id":"action5","type":"key","parameters":{},"actions":[{"type":"keyDown","value":"î€‡"},{"type":"pause","duration":10},{"type":"keyUp","value":"î€‡"}]}]}
COMMAND: GET /session/60a0e1168e549ca734fea4458a5c60f0/screenshot - {}
RESULT: {}
COMMAND: POST /session/60a0e1168e549ca734fea4458a5c60f0/element - {"using":"xpath","value":"//span[contains(text(), \"Penguins - Field/12345 Berlin\")]"}
RESULT: {"using":"xpath","value":"//span[contains(text(), \"Penguins - Field/12345 Berlin\")]"}
COMMAND: POST /session/60a0e1168e549ca734fea4458a5c60f0/element/f.C26B870510AA224346A2563CAEABFE2B.d.450431EC217F0F1DE1A4EBAC19431F04.e.1606/click - {}
RESULT: {}
COMMAND: GET /session/60a0e1168e549ca734fea4458a5c60f0/screenshot - {}
RESULT: {}
COMMAND: POST /session/60a0e1168e549ca734fea4458a5c60f0/element - {"using":"xpath","value":"//bdi[contains(text(), \"OK\")]"}
RESULT: {"using":"xpath","value":"//bdi[contains(text(), \"OK\")]"}
COMMAND: POST /session/60a0e1168e549ca734fea4458a5c60f0/element/f.C26B870510AA224346A2563CAEABFE2B.d.450431EC217F0F1DE1A4EBAC19431F04.e.1607/click - {}
RESULT: {}
COMMAND: GET /session/60a0e1168e549ca734fea4458a5c60f0/screenshot - {}
RESULT: {}
COMMAND: POST /session/60a0e1168e549ca734fea4458a5c60f0/element - {"using":"xpath","value":"//button[@data-kt=\"saveButton\"]"}
RESULT: {"using":"xpath","value":"//button[@data-kt=\"saveButton\"]"}
COMMAND: POST /session/60a0e1168e549ca734fea4458a5c60f0/element/f.C26B870510AA224346A2563CAEABFE2B.d.450431EC217F0F1DE1A4EBAC19431F04.e.1449/click - {}
RESULT: {}
COMMAND: GET /session/60a0e1168e549ca734fea4458a5c60f0/screenshot - {}
RESULT: {}
COMMAND: POST /session/60a0e1168e549ca734fea4458a5c60f0/element - {"using":"xpath","value":"//header[contains(@id, 'ObjectPageLayout-headerTitle')]/div[1]/div[2]/div[2]/span[1]"}
RESULT: {"using":"xpath","value":"//header[contains(@id, 'ObjectPageLayout-headerTitle')]/div[1]/div[2]/div[2]/span[1]"}
COMMAND: POST /session/60a0e1168e549ca734fea4458a5c60f0/elements - {"using":"xpath","value":"//header[contains(@id, 'ObjectPageLayout-headerTitle')]/div[1]/div[2]/div[2]/span[1]"}
RESULT: {"using":"xpath","value":"//header[contains(@id, 'ObjectPageLayout-headerTitle')]/div[1]/div[2]/div[2]/span[1]"}
COMMAND: POST /session/60a0e1168e549ca734fea4458a5c60f0/execute/sync - {"script":"<script> [56 bytes]","args":[{"element-6066-11e4-a52e-4f735466cecf":"f.C26B870510AA224346A2563CAEABFE2B.d.450431EC217F0F1DE1A4EBAC19431F04.e.1758","ELEMENT":"f.C26B870510AA224346A2563CAEABFE2B.d.450431EC217F0F1DE1A4EBAC19431F04.e.1758"}]}
RESULT: {"script":"<script> [56 bytes]","args":[{"element-6066-11e4-a52e-4f735466cecf":"f.C26B870510AA224346A2563CAEABFE2B.d.450431EC217F0F1DE1A4EBAC19431F04.e.1758","ELEMENT":"f.C26B870510AA224346A2563CAEABFE2B.d.450431EC217F0F1DE1A4EBAC19431F04.e.1758"}]}
COMMAND: POST /session/60a0e1168e549ca734fea4458a5c60f0/element - {"using":"css selector","value":"#shell-header-logo"}
COMMAND: GET /session/60a0e1168e549ca734fea4458a5c60f0/screenshot - {}
RESULT: {"using":"css selector","value":"#shell-header-logo"}
COMMAND: POST /session/60a0e1168e549ca734fea4458a5c60f0/element/f.C26B870510AA224346A2563CAEABFE2B.d.450431EC217F0F1DE1A4EBAC19431F04.e.1021/click - {}
RESULT: {}
RESULT: {}
COMMAND: GET /session/60a0e1168e549ca734fea4458a5c60f0/screenshot - {}
RESULT: {}
COMMAND: POST /session/60a0e1168e549ca734fea4458a5c60f0/execute/sync - {"script":"<script> [299 bytes]","args":[["getModel","getResource"]]}
RESULT: {"script":"<script> [299 bytes]","args":[["getModel","getResource"]]}
]]></system-out>
    </testcase>
    <testcase classname="chrome.135_0_7049_96.windows.Billing_confirm_US117289" name="Should create a new site" time="90.711">
      <system-out><![CDATA[
COMMAND: GET /session/60a0e1168e549ca734fea4458a5c60f0/screenshot - {}
COMMAND: POST /session/60a0e1168e549ca734fea4458a5c60f0/execute/async - {"script":"<script> [1562 bytes]","args":[{"selector":{"controlType":"sap.m.TileContent","bindingPath":{"path":"","propertyPath":"/properties/info"},"ancestor":{"controlType":"sap.m.GenericTile","properties":{"header":"Manage Sites"}}},"wdio_ui5_key":"sapm.TileContent{\"path\":\"\",\"propertyPath\":\"/properties/info\"}{\"controlType\":\"sap.m.GenericTile\",\"properties\":{\"header\":\"Manage Sites\"}}"}]}
RESULT: {"script":"<script> [1562 bytes]","args":[{"selector":{"controlType":"sap.m.TileContent","bindingPath":{"path":"","propertyPath":"/properties/info"},"ancestor":{"controlType":"sap.m.GenericTile","properties":{"header":"Manage Sites"}}},"wdio_ui5_key":"sapm.TileContent{\"path\":\"\",\"propertyPath\":\"/properties/info\"}{\"controlType\":\"sap.m.GenericTile\",\"properties\":{\"header\":\"Manage Sites\"}}"}]}
RESULT: undefined
COMMAND: POST /session/60a0e1168e549ca734fea4458a5c60f0/element - {"using":"xpath","value":"//*[@id=\"__xmlview7--numericTileContent\"]"}
RESULT: {}
RESULT: {"using":"xpath","value":"//*[@id=\"__xmlview7--numericTileContent\"]"}
COMMAND: POST /session/60a0e1168e549ca734fea4458a5c60f0/element/f.C26B870510AA224346A2563CAEABFE2B.d.450431EC217F0F1DE1A4EBAC19431F04.e.1760/click - {}
RESULT: {}
COMMAND: POST /session/60a0e1168e549ca734fea4458a5c60f0/element - {"using":"xpath","value":"//button[@data-kt=\"addOverflowToolbarButton\"]"}
COMMAND: GET /session/60a0e1168e549ca734fea4458a5c60f0/screenshot - {}
RESULT: {"using":"xpath","value":"//button[@data-kt=\"addOverflowToolbarButton\"]"}
COMMAND: POST /session/60a0e1168e549ca734fea4458a5c60f0/elements - {"using":"xpath","value":"//button[@data-kt=\"addOverflowToolbarButton\"]"}
RESULT: {}
RESULT: {"using":"xpath","value":"//button[@data-kt=\"addOverflowToolbarButton\"]"}
COMMAND: POST /session/60a0e1168e549ca734fea4458a5c60f0/elements - {"using":"xpath","value":"//button[@data-kt=\"addOverflowToolbarButton\"]"}
RESULT: {"using":"xpath","value":"//button[@data-kt=\"addOverflowToolbarButton\"]"}
COMMAND: POST /session/60a0e1168e549ca734fea4458a5c60f0/elements - {"using":"xpath","value":"//button[@data-kt=\"addOverflowToolbarButton\"]"}
RESULT: {"using":"xpath","value":"//button[@data-kt=\"addOverflowToolbarButton\"]"}
COMMAND: POST /session/60a0e1168e549ca734fea4458a5c60f0/element - {"using":"xpath","value":"//button[@data-kt=\"addOverflowToolbarButton\"]"}
RESULT: {"using":"xpath","value":"//button[@data-kt=\"addOverflowToolbarButton\"]"}
COMMAND: POST /session/60a0e1168e549ca734fea4458a5c60f0/execute/sync - {"script":"<script> [8489 bytes]","args":[{"element-6066-11e4-a52e-4f735466cecf":"f.C26B870510AA224346A2563CAEABFE2B.d.450431EC217F0F1DE1A4EBAC19431F04.e.1807","ELEMENT":"f.C26B870510AA224346A2563CAEABFE2B.d.450431EC217F0F1DE1A4EBAC19431F04.e.1807"}]}
RESULT: {"script":"<script> [8489 bytes]","args":[{"element-6066-11e4-a52e-4f735466cecf":"f.C26B870510AA224346A2563CAEABFE2B.d.450431EC217F0F1DE1A4EBAC19431F04.e.1807","ELEMENT":"f.C26B870510AA224346A2563CAEABFE2B.d.450431EC217F0F1DE1A4EBAC19431F04.e.1807"}]}
COMMAND: GET /session/60a0e1168e549ca734fea4458a5c60f0/element/f.C26B870510AA224346A2563CAEABFE2B.d.450431EC217F0F1DE1A4EBAC19431F04.e.1807/enabled - {}
COMMAND: GET /session/60a0e1168e549ca734fea4458a5c60f0/screenshot - {}
RESULT: {}
COMMAND: POST /session/60a0e1168e549ca734fea4458a5c60f0/execute/sync - {"script":"<script> [8489 bytes]","args":[{"element-6066-11e4-a52e-4f735466cecf":"f.C26B870510AA224346A2563CAEABFE2B.d.450431EC217F0F1DE1A4EBAC19431F04.e.1807","ELEMENT":"f.C26B870510AA224346A2563CAEABFE2B.d.450431EC217F0F1DE1A4EBAC19431F04.e.1807"}]}
COMMAND: GET /session/60a0e1168e549ca734fea4458a5c60f0/screenshot - {}
RESULT: {}
RESULT: {"script":"<script> [8489 bytes]","args":[{"element-6066-11e4-a52e-4f735466cecf":"f.C26B870510AA224346A2563CAEABFE2B.d.450431EC217F0F1DE1A4EBAC19431F04.e.1807","ELEMENT":"f.C26B870510AA224346A2563CAEABFE2B.d.450431EC217F0F1DE1A4EBAC19431F04.e.1807"}]}
COMMAND: POST /session/60a0e1168e549ca734fea4458a5c60f0/execute/sync - {"script":"<script> [5351 bytes]","args":[{"element-6066-11e4-a52e-4f735466cecf":"f.C26B870510AA224346A2563CAEABFE2B.d.450431EC217F0F1DE1A4EBAC19431F04.e.1807","ELEMENT":"f.C26B870510AA224346A2563CAEABFE2B.d.450431EC217F0F1DE1A4EBAC19431F04.e.1807"}]}
COMMAND: GET /session/60a0e1168e549ca734fea4458a5c60f0/screenshot - {}
RESULT: {}
RESULT: {"script":"<script> [5351 bytes]","args":[{"element-6066-11e4-a52e-4f735466cecf":"f.C26B870510AA224346A2563CAEABFE2B.d.450431EC217F0F1DE1A4EBAC19431F04.e.1807","ELEMENT":"f.C26B870510AA224346A2563CAEABFE2B.d.450431EC217F0F1DE1A4EBAC19431F04.e.1807"}]}
COMMAND: POST /session/60a0e1168e549ca734fea4458a5c60f0/element/f.C26B870510AA224346A2563CAEABFE2B.d.450431EC217F0F1DE1A4EBAC19431F04.e.1807/click - {}
COMMAND: GET /session/60a0e1168e549ca734fea4458a5c60f0/screenshot - {}
RESULT: {}
RESULT: {}
COMMAND: GET /session/60a0e1168e549ca734fea4458a5c60f0/screenshot - {}
COMMAND: POST /session/60a0e1168e549ca734fea4458a5c60f0/execute/async - {"script":"<script> [1562 bytes]","args":[{"selector":{"id":"application-managesites-display-component---NewSite--addressDetailDetailsName1","interaction":{"idSuffix":"inner"}},"wdio_ui5_key":"applicationmanagesites-display-component---NewSite--addressDetailDetailsName1"}]}
RESULT: {}
RESULT: {}
RESULT: {"script":"<script> [1562 bytes]","args":[{"selector":{"id":"application-managesites-display-component---NewSite--addressDetailDetailsName1","interaction":{"idSuffix":"inner"}},"wdio_ui5_key":"applicationmanagesites-display-component---NewSite--addressDetailDetailsName1"}]}
RESULT: undefined
COMMAND: POST /session/60a0e1168e549ca734fea4458a5c60f0/execute/async - {"script":"<script> [776 bytes]","args":[{"enterText":"Intracompany Site wdIO","selector":{"id":"application-managesites-display-component---NewSite--addressDetailDetailsName1","interaction":{"idSuffix":"inner"}},"clearTextFirst":true,"interactionType":"ENTER_TEXT"}]}
RESULT: {"script":"<script> [776 bytes]","args":[{"enterText":"Intracompany Site wdIO","selector":{"id":"application-managesites-display-component---NewSite--addressDetailDetailsName1","interaction":{"idSuffix":"inner"}},"clearTextFirst":true,"interactionType":"ENTER_TEXT"}]}
COMMAND: POST /session/60a0e1168e549ca734fea4458a5c60f0/execute/async - {"script":"<script> [1562 bytes]","args":[{"selector":{"id":"application-managesites-display-component---NewSite--addressDetailDetailsLanguage-arrow"},"wdio_ui5_key":"applicationmanagesites-display-component---NewSite--addressDetailDetailsLanguage-arrow"}]}
RESULT: {"script":"<script> [1562 bytes]","args":[{"selector":{"id":"application-managesites-display-component---NewSite--addressDetailDetailsLanguage-arrow"},"wdio_ui5_key":"applicationmanagesites-display-component---NewSite--addressDetailDetailsLanguage-arrow"}]}
RESULT: undefined
COMMAND: POST /session/60a0e1168e549ca734fea4458a5c60f0/element - {"using":"xpath","value":"//*[@id=\"application-managesites-display-component---NewSite--addressDetailDetailsLanguage-arrow\"]"}
RESULT: {"using":"xpath","value":"//*[@id=\"application-managesites-display-component---NewSite--addressDetailDetailsLanguage-arrow\"]"}
COMMAND: POST /session/60a0e1168e549ca734fea4458a5c60f0/element/f.C26B870510AA224346A2563CAEABFE2B.d.450431EC217F0F1DE1A4EBAC19431F04.e.2412/click - {}
RESULT: {}
COMMAND: POST /session/60a0e1168e549ca734fea4458a5c60f0/element - {"using":"xpath","value":"//span[contains(text(), \"English\")]"}
COMMAND: GET /session/60a0e1168e549ca734fea4458a5c60f0/screenshot - {}
RESULT: {"using":"xpath","value":"//span[contains(text(), \"English\")]"}
COMMAND: POST /session/60a0e1168e549ca734fea4458a5c60f0/element/f.C26B870510AA224346A2563CAEABFE2B.d.450431EC217F0F1DE1A4EBAC19431F04.e.2413/click - {}
RESULT: {}
RESULT: {}
COMMAND: POST /session/60a0e1168e549ca734fea4458a5c60f0/execute/async - {"script":"<script> [1562 bytes]","args":[{"selector":{"id":"application-managesites-display-component---NewSite--addressDetailDetailsCity1","interaction":{"idSuffix":"inner"}},"wdio_ui5_key":"applicationmanagesites-display-component---NewSite--addressDetailDetailsCity1"}]}
COMMAND: GET /session/60a0e1168e549ca734fea4458a5c60f0/screenshot - {}
RESULT: {"script":"<script> [1562 bytes]","args":[{"selector":{"id":"application-managesites-display-component---NewSite--addressDetailDetailsCity1","interaction":{"idSuffix":"inner"}},"wdio_ui5_key":"applicationmanagesites-display-component---NewSite--addressDetailDetailsCity1"}]}
RESULT: undefined
COMMAND: POST /session/60a0e1168e549ca734fea4458a5c60f0/execute/async - {"script":"<script> [776 bytes]","args":[{"enterText":"Rosario","selector":{"id":"application-managesites-display-component---NewSite--addressDetailDetailsCity1","interaction":{"idSuffix":"inner"}},"clearTextFirst":true,"interactionType":"ENTER_TEXT"}]}
RESULT: {}
RESULT: {"script":"<script> [776 bytes]","args":[{"enterText":"Rosario","selector":{"id":"application-managesites-display-component---NewSite--addressDetailDetailsCity1","interaction":{"idSuffix":"inner"}},"clearTextFirst":true,"interactionType":"ENTER_TEXT"}]}
COMMAND: POST /session/60a0e1168e549ca734fea4458a5c60f0/execute/async - {"script":"<script> [1562 bytes]","args":[{"selector":{"id":"application-managesites-display-component---NewSite--addressDetailDetailsCountry-arrow"},"wdio_ui5_key":"applicationmanagesites-display-component---NewSite--addressDetailDetailsCountry-arrow"}]}
RESULT: {"script":"<script> [1562 bytes]","args":[{"selector":{"id":"application-managesites-display-component---NewSite--addressDetailDetailsCountry-arrow"},"wdio_ui5_key":"applicationmanagesites-display-component---NewSite--addressDetailDetailsCountry-arrow"}]}
RESULT: undefined
COMMAND: POST /session/60a0e1168e549ca734fea4458a5c60f0/element - {"using":"xpath","value":"//*[@id=\"application-managesites-display-component---NewSite--addressDetailDetailsCountry-arrow\"]"}
RESULT: {"using":"xpath","value":"//*[@id=\"application-managesites-display-component---NewSite--addressDetailDetailsCountry-arrow\"]"}
COMMAND: POST /session/60a0e1168e549ca734fea4458a5c60f0/element/f.C26B870510AA224346A2563CAEABFE2B.d.450431EC217F0F1DE1A4EBAC19431F04.e.2415/click - {}
RESULT: {}
COMMAND: POST /session/60a0e1168e549ca734fea4458a5c60f0/element - {"using":"xpath","value":"//span[contains(text(), \"Argentina\")]"}
COMMAND: GET /session/60a0e1168e549ca734fea4458a5c60f0/screenshot - {}
RESULT: {"using":"xpath","value":"//span[contains(text(), \"Argentina\")]"}
COMMAND: POST /session/60a0e1168e549ca734fea4458a5c60f0/element/f.C26B870510AA224346A2563CAEABFE2B.d.450431EC217F0F1DE1A4EBAC19431F04.e.2417/click - {}
RESULT: {}
RESULT: {}
COMMAND: GET /session/60a0e1168e549ca734fea4458a5c60f0/screenshot - {}
RESULT: {}
COMMAND: POST /session/60a0e1168e549ca734fea4458a5c60f0/execute/async - {"script":"<script> [1562 bytes]","args":[{"selector":{"id":"application-managesites-display-component---NewSite--addressEditDetailsCostObjectCstType-arrow"},"wdio_ui5_key":"applicationmanagesites-display-component---NewSite--addressEditDetailsCostObjectCstType-arrow"}]}
RESULT: {"script":"<script> [1562 bytes]","args":[{"selector":{"id":"application-managesites-display-component---NewSite--addressEditDetailsCostObjectCstType-arrow"},"wdio_ui5_key":"applicationmanagesites-display-component---NewSite--addressEditDetailsCostObjectCstType-arrow"}]}
RESULT: undefined
COMMAND: POST /session/60a0e1168e549ca734fea4458a5c60f0/element - {"using":"xpath","value":"//*[@id=\"application-managesites-display-component---NewSite--addressEditDetailsCostObjectCstType-arrow\"]"}
RESULT: {"using":"xpath","value":"//*[@id=\"application-managesites-display-component---NewSite--addressEditDetailsCostObjectCstType-arrow\"]"}
COMMAND: POST /session/60a0e1168e549ca734fea4458a5c60f0/element/f.C26B870510AA224346A2563CAEABFE2B.d.450431EC217F0F1DE1A4EBAC19431F04.e.2418/click - {}
RESULT: {}
COMMAND: POST /session/60a0e1168e549ca734fea4458a5c60f0/element - {"using":"xpath","value":"//span[contains(text(), \"Cost Center\")]"}
COMMAND: GET /session/60a0e1168e549ca734fea4458a5c60f0/screenshot - {}
RESULT: {"using":"xpath","value":"//span[contains(text(), \"Cost Center\")]"}
COMMAND: POST /session/60a0e1168e549ca734fea4458a5c60f0/element/f.C26B870510AA224346A2563CAEABFE2B.d.450431EC217F0F1DE1A4EBAC19431F04.e.2419/click - {}
RESULT: {}
RESULT: {}
COMMAND: GET /session/60a0e1168e549ca734fea4458a5c60f0/screenshot - {}
RESULT: {}
COMMAND: POST /session/60a0e1168e549ca734fea4458a5c60f0/element - {"using":"xpath","value":"//span[@id=\"application-managesites-display-component---NewSite--addressNewCostObjectCstID-vhi\"]"}
RESULT: {"using":"xpath","value":"//span[@id=\"application-managesites-display-component---NewSite--addressNewCostObjectCstID-vhi\"]"}
COMMAND: POST /session/60a0e1168e549ca734fea4458a5c60f0/execute/sync - {"script":"<script> [8489 bytes]","args":[{"element-6066-11e4-a52e-4f735466cecf":"f.C26B870510AA224346A2563CAEABFE2B.d.450431EC217F0F1DE1A4EBAC19431F04.e.2424","ELEMENT":"f.C26B870510AA224346A2563CAEABFE2B.d.450431EC217F0F1DE1A4EBAC19431F04.e.2424"}]}
RESULT: {"script":"<script> [8489 bytes]","args":[{"element-6066-11e4-a52e-4f735466cecf":"f.C26B870510AA224346A2563CAEABFE2B.d.450431EC217F0F1DE1A4EBAC19431F04.e.2424","ELEMENT":"f.C26B870510AA224346A2563CAEABFE2B.d.450431EC217F0F1DE1A4EBAC19431F04.e.2424"}]}
COMMAND: POST /session/60a0e1168e549ca734fea4458a5c60f0/execute/async - {"script":"<script> [1562 bytes]","args":[{"selector":{"id":"application-managesites-display-component---NewSite--addressNewCostObjectCstID-vhi"},"wdio_ui5_key":"applicationmanagesites-display-component---NewSite--addressNewCostObjectCstID-vhi"}]}
COMMAND: GET /session/60a0e1168e549ca734fea4458a5c60f0/screenshot - {}
RESULT: {"script":"<script> [1562 bytes]","args":[{"selector":{"id":"application-managesites-display-component---NewSite--addressNewCostObjectCstID-vhi"},"wdio_ui5_key":"applicationmanagesites-display-component---NewSite--addressNewCostObjectCstID-vhi"}]}
RESULT: undefined
COMMAND: POST /session/60a0e1168e549ca734fea4458a5c60f0/element - {"using":"xpath","value":"//*[@id=\"application-managesites-display-component---NewSite--addressNewCostObjectCstID-vhi\"]"}
RESULT: {}
RESULT: {"using":"xpath","value":"//*[@id=\"application-managesites-display-component---NewSite--addressNewCostObjectCstID-vhi\"]"}
COMMAND: POST /session/60a0e1168e549ca734fea4458a5c60f0/element/f.C26B870510AA224346A2563CAEABFE2B.d.450431EC217F0F1DE1A4EBAC19431F04.e.2424/click - {}
RESULT: {}
COMMAND: GET /session/60a0e1168e549ca734fea4458a5c60f0/screenshot - {}
RESULT: {}
RESULT: undefined
COMMAND: POST /session/60a0e1168e549ca734fea4458a5c60f0/execute/async - {"script":"<script> [776 bytes]","args":[{"enterText":"10001013","selector":{"controlType":"sap.m.SearchField","properties":{"placeholder":"Search"},"searchOpenDialogs":true,"interaction":{"idSuffix":"I"}},"clearTextFirst":true,"interactionType":"ENTER_TEXT"}]}
RESULT: {"script":"<script> [776 bytes]","args":[{"enterText":"10001013","selector":{"controlType":"sap.m.SearchField","properties":{"placeholder":"Search"},"searchOpenDialogs":true,"interaction":{"idSuffix":"I"}},"clearTextFirst":true,"interactionType":"ENTER_TEXT"}]}
COMMAND: POST /session/60a0e1168e549ca734fea4458a5c60f0/actions - {"actions":[{"id":"action6","type":"key","parameters":{},"actions":[{"type":"keyDown","value":"î€‡"},{"type":"pause","duration":10},{"type":"keyUp","value":"î€‡"}]}]}
RESULT: {"actions":[{"id":"action6","type":"key","parameters":{},"actions":[{"type":"keyDown","value":"î€‡"},{"type":"pause","duration":10},{"type":"keyUp","value":"î€‡"}]}]}
COMMAND: GET /session/60a0e1168e549ca734fea4458a5c60f0/screenshot - {}
RESULT: {}
COMMAND: POST /session/60a0e1168e549ca734fea4458a5c60f0/element - {"using":"xpath","value":"//span[contains(text(), \"General Management\")]"}
RESULT: {"using":"xpath","value":"//span[contains(text(), \"General Management\")]"}
COMMAND: POST /session/60a0e1168e549ca734fea4458a5c60f0/element/f.C26B870510AA224346A2563CAEABFE2B.d.450431EC217F0F1DE1A4EBAC19431F04.e.2463/click - {}
RESULT: {}
COMMAND: GET /session/60a0e1168e549ca734fea4458a5c60f0/screenshot - {}
RESULT: {}
COMMAND: POST /session/60a0e1168e549ca734fea4458a5c60f0/element - {"using":"xpath","value":"//bdi[contains(text(), \"OK\")]"}
RESULT: {"using":"xpath","value":"//bdi[contains(text(), \"OK\")]"}
COMMAND: POST /session/60a0e1168e549ca734fea4458a5c60f0/element/f.C26B870510AA224346A2563CAEABFE2B.d.450431EC217F0F1DE1A4EBAC19431F04.e.2464/click - {}
RESULT: {}
COMMAND: GET /session/60a0e1168e549ca734fea4458a5c60f0/screenshot - {}
RESULT: {}
COMMAND: POST /session/60a0e1168e549ca734fea4458a5c60f0/element - {"using":"xpath","value":"//input[@id=\"application-managesites-display-component---NewSite--addressDetailDetailsCalendar-inner\"]"}
RESULT: {"using":"xpath","value":"//input[@id=\"application-managesites-display-component---NewSite--addressDetailDetailsCalendar-inner\"]"}
COMMAND: POST /session/60a0e1168e549ca734fea4458a5c60f0/element/f.C26B870510AA224346A2563CAEABFE2B.d.450431EC217F0F1DE1A4EBAC19431F04.e.2222/clear - {}
RESULT: {}
COMMAND: POST /session/60a0e1168e549ca734fea4458a5c60f0/element/f.C26B870510AA224346A2563CAEABFE2B.d.450431EC217F0F1DE1A4EBAC19431F04.e.2222/value - {"text":"Unit"}
COMMAND: GET /session/60a0e1168e549ca734fea4458a5c60f0/screenshot - {}
RESULT: {"text":"Unit"}
COMMAND: GET /session/60a0e1168e549ca734fea4458a5c60f0/screenshot - {}
RESULT: {}
RESULT: {}
COMMAND: POST /session/60a0e1168e549ca734fea4458a5c60f0/actions - {"actions":[{"id":"action7","type":"key","parameters":{},"actions":[{"type":"keyDown","value":"î€‡"},{"type":"pause","duration":10},{"type":"keyUp","value":"î€‡"}]}]}
RESULT: {"actions":[{"id":"action7","type":"key","parameters":{},"actions":[{"type":"keyDown","value":"î€‡"},{"type":"pause","duration":10},{"type":"keyUp","value":"î€‡"}]}]}
COMMAND: POST /session/60a0e1168e549ca734fea4458a5c60f0/element - {"using":"xpath","value":"//input[@id=\"application-managesites-display-component---NewSite--addressDetailDetailsYard-inner\"]"}
COMMAND: GET /session/60a0e1168e549ca734fea4458a5c60f0/screenshot - {}
RESULT: {"using":"xpath","value":"//input[@id=\"application-managesites-display-component---NewSite--addressDetailDetailsYard-inner\"]"}
COMMAND: POST /session/60a0e1168e549ca734fea4458a5c60f0/element/f.C26B870510AA224346A2563CAEABFE2B.d.450431EC217F0F1DE1A4EBAC19431F04.e.2223/clear - {}
RESULT: {}
RESULT: {}
COMMAND: POST /session/60a0e1168e549ca734fea4458a5c60f0/element/f.C26B870510AA224346A2563CAEABFE2B.d.450431EC217F0F1DE1A4EBAC19431F04.e.2223/value - {"text":"234"}
COMMAND: GET /session/60a0e1168e549ca734fea4458a5c60f0/screenshot - {}
RESULT: {"text":"234"}
COMMAND: GET /session/60a0e1168e549ca734fea4458a5c60f0/screenshot - {}
RESULT: {}
RESULT: {}
COMMAND: POST /session/60a0e1168e549ca734fea4458a5c60f0/element - {"using":"xpath","value":"//li[.//span[text()='234']]"}
RESULT: {"using":"xpath","value":"//li[.//span[text()='234']]"}
COMMAND: POST /session/60a0e1168e549ca734fea4458a5c60f0/element/f.C26B870510AA224346A2563CAEABFE2B.d.450431EC217F0F1DE1A4EBAC19431F04.e.2472/click - {}
RESULT: {}
COMMAND: GET /session/60a0e1168e549ca734fea4458a5c60f0/screenshot - {}
RESULT: {}
COMMAND: POST /session/60a0e1168e549ca734fea4458a5c60f0/element - {"using":"xpath","value":"//input[@id=\"application-managesites-display-component---NewSite--addressDetailDetailsPartner-inner\"]"}
RESULT: {"using":"xpath","value":"//input[@id=\"application-managesites-display-component---NewSite--addressDetailDetailsPartner-inner\"]"}
COMMAND: POST /session/60a0e1168e549ca734fea4458a5c60f0/element - {"using":"xpath","value":"//input[@id=\"application-managesites-display-component---NewSite--addressDetailDetailsPartner-inner\"]"}
RESULT: {"using":"xpath","value":"//input[@id=\"application-managesites-display-component---NewSite--addressDetailDetailsPartner-inner\"]"}
COMMAND: POST /session/60a0e1168e549ca734fea4458a5c60f0/element - {"using":"xpath","value":"//button[@data-kt=\"saveButton\"]"}
RESULT: {"using":"xpath","value":"//button[@data-kt=\"saveButton\"]"}
COMMAND: POST /session/60a0e1168e549ca734fea4458a5c60f0/element/f.C26B870510AA224346A2563CAEABFE2B.d.450431EC217F0F1DE1A4EBAC19431F04.e.2392/click - {}
RESULT: {}
COMMAND: GET /session/60a0e1168e549ca734fea4458a5c60f0/screenshot - {}
RESULT: {}
COMMAND: POST /session/60a0e1168e549ca734fea4458a5c60f0/element - {"using":"xpath","value":"//header[contains(@id, 'ObjectPageLayout-headerTitle')]/div[1]/div[2]/div[2]/span[1]"}
RESULT: {"using":"xpath","value":"//header[contains(@id, 'ObjectPageLayout-headerTitle')]/div[1]/div[2]/div[2]/span[1]"}
COMMAND: POST /session/60a0e1168e549ca734fea4458a5c60f0/elements - {"using":"xpath","value":"//header[contains(@id, 'ObjectPageLayout-headerTitle')]/div[1]/div[2]/div[2]/span[1]"}
RESULT: {"using":"xpath","value":"//header[contains(@id, 'ObjectPageLayout-headerTitle')]/div[1]/div[2]/div[2]/span[1]"}
COMMAND: POST /session/60a0e1168e549ca734fea4458a5c60f0/execute/sync - {"script":"<script> [56 bytes]","args":[{"element-6066-11e4-a52e-4f735466cecf":"f.C26B870510AA224346A2563CAEABFE2B.d.450431EC217F0F1DE1A4EBAC19431F04.e.2663","ELEMENT":"f.C26B870510AA224346A2563CAEABFE2B.d.450431EC217F0F1DE1A4EBAC19431F04.e.2663"}]}
RESULT: {"script":"<script> [56 bytes]","args":[{"element-6066-11e4-a52e-4f735466cecf":"f.C26B870510AA224346A2563CAEABFE2B.d.450431EC217F0F1DE1A4EBAC19431F04.e.2663","ELEMENT":"f.C26B870510AA224346A2563CAEABFE2B.d.450431EC217F0F1DE1A4EBAC19431F04.e.2663"}]}
COMMAND: POST /session/60a0e1168e549ca734fea4458a5c60f0/element - {"using":"css selector","value":"#shell-header-logo"}
COMMAND: GET /session/60a0e1168e549ca734fea4458a5c60f0/screenshot - {}
RESULT: {"using":"css selector","value":"#shell-header-logo"}
COMMAND: POST /session/60a0e1168e549ca734fea4458a5c60f0/element/f.C26B870510AA224346A2563CAEABFE2B.d.450431EC217F0F1DE1A4EBAC19431F04.e.1764/click - {}
RESULT: {}
RESULT: {}
COMMAND: GET /session/60a0e1168e549ca734fea4458a5c60f0/screenshot - {}
RESULT: {}
COMMAND: POST /session/60a0e1168e549ca734fea4458a5c60f0/execute/sync - {"script":"<script> [299 bytes]","args":[["getModel","getResource"]]}
RESULT: {"script":"<script> [299 bytes]","args":[["getModel","getResource"]]}
]]></system-out>
    </testcase>
  </testsuite>
  <testsuite timestamp="2025-04-25T17:26:13" time="1027.676" tests="14" failures="11" errors="11" skipped="0">
    <properties>
      <property name="specId" value="0" />
      <property name="suiteName" value="Create master data for mixed billing &amp; do billing calculation US151661" />
      <property name="capabilities" value="chrome.135_0_7049_96.windows" />
      <property name="file" value="file:///D:/a/1/s/test/specs/BTS/billing-calculation-mixed.spec.js" />
    </properties>
    <testcase classname="chrome.135_0_7049_96.windows.Create_master_data_for_mixed_billing_&amp;_do_billing_calculation_US151661" name="Should create a new yard" time="113.275">
      <system-out><![CDATA[
COMMAND: POST /session/60a0e1168e549ca734fea4458a5c60f0/window/fullscreen - {}
RESULT: {}
COMMAND: POST /session/60a0e1168e549ca734fea4458a5c60f0/execute/async - {"script":"<script> [1562 bytes]","args":[{"selector":{"controlType":"sap.m.GenericTile","properties":{"header":"Manage Yards"}},"wdio_ui5_key":"sapm.GenericTile{\"header\":\"Manage Yards\"}"}]}
RESULT: {"script":"<script> [1562 bytes]","args":[{"selector":{"controlType":"sap.m.GenericTile","properties":{"header":"Manage Yards"}},"wdio_ui5_key":"sapm.GenericTile{\"header\":\"Manage Yards\"}"}]}
RESULT: undefined
COMMAND: POST /session/60a0e1168e549ca734fea4458a5c60f0/element - {"using":"xpath","value":"//*[@id=\"__tile41\"]"}
RESULT: {"using":"xpath","value":"//*[@id=\"__tile41\"]"}
COMMAND: POST /session/60a0e1168e549ca734fea4458a5c60f0/element/f.C26B870510AA224346A2563CAEABFE2B.d.5A07C04B6491F735FEFF6885A1DB0C65.e.3395/click - {}
RESULT: {}
COMMAND: POST /session/60a0e1168e549ca734fea4458a5c60f0/element - {"using":"xpath","value":"//button[@data-kt=\"addNewYardOverflowToolbarButton\"]"}
COMMAND: GET /session/60a0e1168e549ca734fea4458a5c60f0/screenshot - {}
RESULT: {"using":"xpath","value":"//button[@data-kt=\"addNewYardOverflowToolbarButton\"]"}
COMMAND: POST /session/60a0e1168e549ca734fea4458a5c60f0/elements - {"using":"xpath","value":"//button[@data-kt=\"addNewYardOverflowToolbarButton\"]"}
RESULT: {}
RESULT: {"using":"xpath","value":"//button[@data-kt=\"addNewYardOverflowToolbarButton\"]"}
COMMAND: POST /session/60a0e1168e549ca734fea4458a5c60f0/elements - {"using":"xpath","value":"//button[@data-kt=\"addNewYardOverflowToolbarButton\"]"}
RESULT: {"using":"xpath","value":"//button[@data-kt=\"addNewYardOverflowToolbarButton\"]"}
COMMAND: POST /session/60a0e1168e549ca734fea4458a5c60f0/elements - {"using":"xpath","value":"//button[@data-kt=\"addNewYardOverflowToolbarButton\"]"}
RESULT: {"using":"xpath","value":"//button[@data-kt=\"addNewYardOverflowToolbarButton\"]"}
COMMAND: POST /session/60a0e1168e549ca734fea4458a5c60f0/elements - {"using":"xpath","value":"//button[@data-kt=\"addNewYardOverflowToolbarButton\"]"}
RESULT: {"using":"xpath","value":"//button[@data-kt=\"addNewYardOverflowToolbarButton\"]"}
COMMAND: POST /session/60a0e1168e549ca734fea4458a5c60f0/elements - {"using":"xpath","value":"//button[@data-kt=\"addNewYardOverflowToolbarButton\"]"}
RESULT: {"using":"xpath","value":"//button[@data-kt=\"addNewYardOverflowToolbarButton\"]"}
COMMAND: POST /session/60a0e1168e549ca734fea4458a5c60f0/elements - {"using":"xpath","value":"//button[@data-kt=\"addNewYardOverflowToolbarButton\"]"}
RESULT: {"using":"xpath","value":"//button[@data-kt=\"addNewYardOverflowToolbarButton\"]"}
COMMAND: POST /session/60a0e1168e549ca734fea4458a5c60f0/elements - {"using":"xpath","value":"//button[@data-kt=\"addNewYardOverflowToolbarButton\"]"}
RESULT: {"using":"xpath","value":"//button[@data-kt=\"addNewYardOverflowToolbarButton\"]"}
COMMAND: POST /session/60a0e1168e549ca734fea4458a5c60f0/elements - {"using":"xpath","value":"//button[@data-kt=\"addNewYardOverflowToolbarButton\"]"}
RESULT: {"using":"xpath","value":"//button[@data-kt=\"addNewYardOverflowToolbarButton\"]"}
COMMAND: POST /session/60a0e1168e549ca734fea4458a5c60f0/elements - {"using":"xpath","value":"//button[@data-kt=\"addNewYardOverflowToolbarButton\"]"}
RESULT: {"using":"xpath","value":"//button[@data-kt=\"addNewYardOverflowToolbarButton\"]"}
COMMAND: POST /session/60a0e1168e549ca734fea4458a5c60f0/elements - {"using":"xpath","value":"//button[@data-kt=\"addNewYardOverflowToolbarButton\"]"}
RESULT: {"using":"xpath","value":"//button[@data-kt=\"addNewYardOverflowToolbarButton\"]"}
COMMAND: POST /session/60a0e1168e549ca734fea4458a5c60f0/elements - {"using":"xpath","value":"//button[@data-kt=\"addNewYardOverflowToolbarButton\"]"}
RESULT: {"using":"xpath","value":"//button[@data-kt=\"addNewYardOverflowToolbarButton\"]"}
COMMAND: POST /session/60a0e1168e549ca734fea4458a5c60f0/elements - {"using":"xpath","value":"//button[@data-kt=\"addNewYardOverflowToolbarButton\"]"}
RESULT: {"using":"xpath","value":"//button[@data-kt=\"addNewYardOverflowToolbarButton\"]"}
COMMAND: POST /session/60a0e1168e549ca734fea4458a5c60f0/elements - {"using":"xpath","value":"//button[@data-kt=\"addNewYardOverflowToolbarButton\"]"}
RESULT: {"using":"xpath","value":"//button[@data-kt=\"addNewYardOverflowToolbarButton\"]"}
COMMAND: POST /session/60a0e1168e549ca734fea4458a5c60f0/elements - {"using":"xpath","value":"//button[@data-kt=\"addNewYardOverflowToolbarButton\"]"}
RESULT: {"using":"xpath","value":"//button[@data-kt=\"addNewYardOverflowToolbarButton\"]"}
COMMAND: POST /session/60a0e1168e549ca734fea4458a5c60f0/elements - {"using":"xpath","value":"//button[@data-kt=\"addNewYardOverflowToolbarButton\"]"}
RESULT: {"using":"xpath","value":"//button[@data-kt=\"addNewYardOverflowToolbarButton\"]"}
COMMAND: POST /session/60a0e1168e549ca734fea4458a5c60f0/elements - {"using":"xpath","value":"//button[@data-kt=\"addNewYardOverflowToolbarButton\"]"}
RESULT: {"using":"xpath","value":"//button[@data-kt=\"addNewYardOverflowToolbarButton\"]"}
COMMAND: POST /session/60a0e1168e549ca734fea4458a5c60f0/elements - {"using":"xpath","value":"//button[@data-kt=\"addNewYardOverflowToolbarButton\"]"}
RESULT: {"using":"xpath","value":"//button[@data-kt=\"addNewYardOverflowToolbarButton\"]"}
COMMAND: POST /session/60a0e1168e549ca734fea4458a5c60f0/elements - {"using":"xpath","value":"//button[@data-kt=\"addNewYardOverflowToolbarButton\"]"}
RESULT: {"using":"xpath","value":"//button[@data-kt=\"addNewYardOverflowToolbarButton\"]"}
COMMAND: POST /session/60a0e1168e549ca734fea4458a5c60f0/elements - {"using":"xpath","value":"//button[@data-kt=\"addNewYardOverflowToolbarButton\"]"}
RESULT: {"using":"xpath","value":"//button[@data-kt=\"addNewYardOverflowToolbarButton\"]"}
COMMAND: POST /session/60a0e1168e549ca734fea4458a5c60f0/elements - {"using":"xpath","value":"//button[@data-kt=\"addNewYardOverflowToolbarButton\"]"}
RESULT: {"using":"xpath","value":"//button[@data-kt=\"addNewYardOverflowToolbarButton\"]"}
COMMAND: POST /session/60a0e1168e549ca734fea4458a5c60f0/elements - {"using":"xpath","value":"//button[@data-kt=\"addNewYardOverflowToolbarButton\"]"}
RESULT: {"using":"xpath","value":"//button[@data-kt=\"addNewYardOverflowToolbarButton\"]"}
COMMAND: POST /session/60a0e1168e549ca734fea4458a5c60f0/elements - {"using":"xpath","value":"//button[@data-kt=\"addNewYardOverflowToolbarButton\"]"}
RESULT: {"using":"xpath","value":"//button[@data-kt=\"addNewYardOverflowToolbarButton\"]"}
COMMAND: POST /session/60a0e1168e549ca734fea4458a5c60f0/elements - {"using":"xpath","value":"//button[@data-kt=\"addNewYardOverflowToolbarButton\"]"}
RESULT: {"using":"xpath","value":"//button[@data-kt=\"addNewYardOverflowToolbarButton\"]"}
COMMAND: POST /session/60a0e1168e549ca734fea4458a5c60f0/elements - {"using":"xpath","value":"//button[@data-kt=\"addNewYardOverflowToolbarButton\"]"}
RESULT: {"using":"xpath","value":"//button[@data-kt=\"addNewYardOverflowToolbarButton\"]"}
COMMAND: POST /session/60a0e1168e549ca734fea4458a5c60f0/elements - {"using":"xpath","value":"//button[@data-kt=\"addNewYardOverflowToolbarButton\"]"}
RESULT: {"using":"xpath","value":"//button[@data-kt=\"addNewYardOverflowToolbarButton\"]"}
COMMAND: POST /session/60a0e1168e549ca734fea4458a5c60f0/elements - {"using":"xpath","value":"//button[@data-kt=\"addNewYardOverflowToolbarButton\"]"}
RESULT: {"using":"xpath","value":"//button[@data-kt=\"addNewYardOverflowToolbarButton\"]"}
COMMAND: POST /session/60a0e1168e549ca734fea4458a5c60f0/elements - {"using":"xpath","value":"//button[@data-kt=\"addNewYardOverflowToolbarButton\"]"}
RESULT: {"using":"xpath","value":"//button[@data-kt=\"addNewYardOverflowToolbarButton\"]"}
COMMAND: POST /session/60a0e1168e549ca734fea4458a5c60f0/elements - {"using":"xpath","value":"//button[@data-kt=\"addNewYardOverflowToolbarButton\"]"}
RESULT: {"using":"xpath","value":"//button[@data-kt=\"addNewYardOverflowToolbarButton\"]"}
COMMAND: POST /session/60a0e1168e549ca734fea4458a5c60f0/elements - {"using":"xpath","value":"//button[@data-kt=\"addNewYardOverflowToolbarButton\"]"}
RESULT: {"using":"xpath","value":"//button[@data-kt=\"addNewYardOverflowToolbarButton\"]"}
COMMAND: POST /session/60a0e1168e549ca734fea4458a5c60f0/elements - {"using":"xpath","value":"//button[@data-kt=\"addNewYardOverflowToolbarButton\"]"}
RESULT: {"using":"xpath","value":"//button[@data-kt=\"addNewYardOverflowToolbarButton\"]"}
COMMAND: POST /session/60a0e1168e549ca734fea4458a5c60f0/elements - {"using":"xpath","value":"//button[@data-kt=\"addNewYardOverflowToolbarButton\"]"}
RESULT: {"using":"xpath","value":"//button[@data-kt=\"addNewYardOverflowToolbarButton\"]"}
COMMAND: POST /session/60a0e1168e549ca734fea4458a5c60f0/elements - {"using":"xpath","value":"//button[@data-kt=\"addNewYardOverflowToolbarButton\"]"}
RESULT: {"using":"xpath","value":"//button[@data-kt=\"addNewYardOverflowToolbarButton\"]"}
COMMAND: POST /session/60a0e1168e549ca734fea4458a5c60f0/elements - {"using":"xpath","value":"//button[@data-kt=\"addNewYardOverflowToolbarButton\"]"}
RESULT: {"using":"xpath","value":"//button[@data-kt=\"addNewYardOverflowToolbarButton\"]"}
COMMAND: POST /session/60a0e1168e549ca734fea4458a5c60f0/element - {"using":"xpath","value":"//button[@data-kt=\"addNewYardOverflowToolbarButton\"]"}
RESULT: {"using":"xpath","value":"//button[@data-kt=\"addNewYardOverflowToolbarButton\"]"}
COMMAND: POST /session/60a0e1168e549ca734fea4458a5c60f0/execute/sync - {"script":"<script> [8489 bytes]","args":[{"element-6066-11e4-a52e-4f735466cecf":"f.C26B870510AA224346A2563CAEABFE2B.d.5A07C04B6491F735FEFF6885A1DB0C65.e.3518","ELEMENT":"f.C26B870510AA224346A2563CAEABFE2B.d.5A07C04B6491F735FEFF6885A1DB0C65.e.3518"}]}
RESULT: {"script":"<script> [8489 bytes]","args":[{"element-6066-11e4-a52e-4f735466cecf":"f.C26B870510AA224346A2563CAEABFE2B.d.5A07C04B6491F735FEFF6885A1DB0C65.e.3518","ELEMENT":"f.C26B870510AA224346A2563CAEABFE2B.d.5A07C04B6491F735FEFF6885A1DB0C65.e.3518"}]}
COMMAND: GET /session/60a0e1168e549ca734fea4458a5c60f0/element/f.C26B870510AA224346A2563CAEABFE2B.d.5A07C04B6491F735FEFF6885A1DB0C65.e.3518/enabled - {}
COMMAND: GET /session/60a0e1168e549ca734fea4458a5c60f0/screenshot - {}
RESULT: {}
COMMAND: POST /session/60a0e1168e549ca734fea4458a5c60f0/execute/sync - {"script":"<script> [8489 bytes]","args":[{"element-6066-11e4-a52e-4f735466cecf":"f.C26B870510AA224346A2563CAEABFE2B.d.5A07C04B6491F735FEFF6885A1DB0C65.e.3518","ELEMENT":"f.C26B870510AA224346A2563CAEABFE2B.d.5A07C04B6491F735FEFF6885A1DB0C65.e.3518"}]}
COMMAND: GET /session/60a0e1168e549ca734fea4458a5c60f0/screenshot - {}
RESULT: {}
RESULT: {"script":"<script> [8489 bytes]","args":[{"element-6066-11e4-a52e-4f735466cecf":"f.C26B870510AA224346A2563CAEABFE2B.d.5A07C04B6491F735FEFF6885A1DB0C65.e.3518","ELEMENT":"f.C26B870510AA224346A2563CAEABFE2B.d.5A07C04B6491F735FEFF6885A1DB0C65.e.3518"}]}
COMMAND: POST /session/60a0e1168e549ca734fea4458a5c60f0/execute/sync - {"script":"<script> [5351 bytes]","args":[{"element-6066-11e4-a52e-4f735466cecf":"f.C26B870510AA224346A2563CAEABFE2B.d.5A07C04B6491F735FEFF6885A1DB0C65.e.3518","ELEMENT":"f.C26B870510AA224346A2563CAEABFE2B.d.5A07C04B6491F735FEFF6885A1DB0C65.e.3518"}]}
COMMAND: GET /session/60a0e1168e549ca734fea4458a5c60f0/screenshot - {}
RESULT: {}
RESULT: {"script":"<script> [5351 bytes]","args":[{"element-6066-11e4-a52e-4f735466cecf":"f.C26B870510AA224346A2563CAEABFE2B.d.5A07C04B6491F735FEFF6885A1DB0C65.e.3518","ELEMENT":"f.C26B870510AA224346A2563CAEABFE2B.d.5A07C04B6491F735FEFF6885A1DB0C65.e.3518"}]}
COMMAND: POST /session/60a0e1168e549ca734fea4458a5c60f0/element/f.C26B870510AA224346A2563CAEABFE2B.d.5A07C04B6491F735FEFF6885A1DB0C65.e.3518/click - {}
COMMAND: GET /session/60a0e1168e549ca734fea4458a5c60f0/screenshot - {}
RESULT: {}
RESULT: {}
COMMAND: GET /session/60a0e1168e549ca734fea4458a5c60f0/screenshot - {}
RESULT: {}
RESULT: {}
COMMAND: POST /session/60a0e1168e549ca734fea4458a5c60f0/element - {"using":"xpath","value":"//input[@id=\"application-manageyards-display-component---NewYard--yardId-inner\"]"}
RESULT: {"using":"xpath","value":"//input[@id=\"application-manageyards-display-component---NewYard--yardId-inner\"]"}
COMMAND: POST /session/60a0e1168e549ca734fea4458a5c60f0/element - {"using":"xpath","value":"//input[@id=\"application-manageyards-display-component---NewYard--yardId-inner\"]"}
RESULT: {"using":"xpath","value":"//input[@id=\"application-manageyards-display-component---NewYard--yardId-inner\"]"}
COMMAND: POST /session/60a0e1168e549ca734fea4458a5c60f0/execute/async - {"script":"<script> [1562 bytes]","args":[{"selector":{"id":"application-manageyards-display-component---NewYard--addressDetailDetailsName1","interaction":{"idSuffix":"inner"}},"wdio_ui5_key":"applicationmanageyards-display-component---NewYard--addressDetailDetailsName1"}]}
RESULT: {"script":"<script> [1562 bytes]","args":[{"selector":{"id":"application-manageyards-display-component---NewYard--addressDetailDetailsName1","interaction":{"idSuffix":"inner"}},"wdio_ui5_key":"applicationmanageyards-display-component---NewYard--addressDetailDetailsName1"}]}
RESULT: undefined
COMMAND: POST /session/60a0e1168e549ca734fea4458a5c60f0/execute/async - {"script":"<script> [776 bytes]","args":[{"enterText":"Intercompany Yard wdIO","selector":{"id":"application-manageyards-display-component---NewYard--addressDetailDetailsName1","interaction":{"idSuffix":"inner"}},"clearTextFirst":true,"interactionType":"ENTER_TEXT"}]}
RESULT: {"script":"<script> [776 bytes]","args":[{"enterText":"Intercompany Yard wdIO","selector":{"id":"application-manageyards-display-component---NewYard--addressDetailDetailsName1","interaction":{"idSuffix":"inner"}},"clearTextFirst":true,"interactionType":"ENTER_TEXT"}]}
COMMAND: POST /session/60a0e1168e549ca734fea4458a5c60f0/execute/async - {"script":"<script> [1562 bytes]","args":[{"selector":{"id":"application-manageyards-display-component---NewYard--addressDetailDetailsLanguage-arrow"},"wdio_ui5_key":"applicationmanageyards-display-component---NewYard--addressDetailDetailsLanguage-arrow"}]}
RESULT: {"script":"<script> [1562 bytes]","args":[{"selector":{"id":"application-manageyards-display-component---NewYard--addressDetailDetailsLanguage-arrow"},"wdio_ui5_key":"applicationmanageyards-display-component---NewYard--addressDetailDetailsLanguage-arrow"}]}
RESULT: undefined
COMMAND: POST /session/60a0e1168e549ca734fea4458a5c60f0/element - {"using":"xpath","value":"//*[@id=\"application-manageyards-display-component---NewYard--addressDetailDetailsLanguage-arrow\"]"}
RESULT: {"using":"xpath","value":"//*[@id=\"application-manageyards-display-component---NewYard--addressDetailDetailsLanguage-arrow\"]"}
COMMAND: POST /session/60a0e1168e549ca734fea4458a5c60f0/element/f.C26B870510AA224346A2563CAEABFE2B.d.5A07C04B6491F735FEFF6885A1DB0C65.e.3940/click - {}
RESULT: {}
COMMAND: POST /session/60a0e1168e549ca734fea4458a5c60f0/element - {"using":"xpath","value":"//span[contains(text(), \"English\")]"}
COMMAND: GET /session/60a0e1168e549ca734fea4458a5c60f0/screenshot - {}
RESULT: {"using":"xpath","value":"//span[contains(text(), \"English\")]"}
COMMAND: POST /session/60a0e1168e549ca734fea4458a5c60f0/element/f.C26B870510AA224346A2563CAEABFE2B.d.5A07C04B6491F735FEFF6885A1DB0C65.e.3941/click - {}
RESULT: {}
RESULT: {}
COMMAND: POST /session/60a0e1168e549ca734fea4458a5c60f0/execute/async - {"script":"<script> [1562 bytes]","args":[{"selector":{"id":"application-manageyards-display-component---NewYard--addressDetailDetailsCity1","interaction":{"idSuffix":"inner"}},"wdio_ui5_key":"applicationmanageyards-display-component---NewYard--addressDetailDetailsCity1"}]}
COMMAND: GET /session/60a0e1168e549ca734fea4458a5c60f0/screenshot - {}
RESULT: {"script":"<script> [1562 bytes]","args":[{"selector":{"id":"application-manageyards-display-component---NewYard--addressDetailDetailsCity1","interaction":{"idSuffix":"inner"}},"wdio_ui5_key":"applicationmanageyards-display-component---NewYard--addressDetailDetailsCity1"}]}
RESULT: undefined
COMMAND: POST /session/60a0e1168e549ca734fea4458a5c60f0/execute/async - {"script":"<script> [776 bytes]","args":[{"enterText":"Rosario","selector":{"id":"application-manageyards-display-component---NewYard--addressDetailDetailsCity1","interaction":{"idSuffix":"inner"}},"clearTextFirst":true,"interactionType":"ENTER_TEXT"}]}
RESULT: {}
RESULT: {"script":"<script> [776 bytes]","args":[{"enterText":"Rosario","selector":{"id":"application-manageyards-display-component---NewYard--addressDetailDetailsCity1","interaction":{"idSuffix":"inner"}},"clearTextFirst":true,"interactionType":"ENTER_TEXT"}]}
COMMAND: POST /session/60a0e1168e549ca734fea4458a5c60f0/execute/async - {"script":"<script> [1562 bytes]","args":[{"selector":{"id":"application-manageyards-display-component---NewYard--addressDetailDetailsCountry-arrow"},"wdio_ui5_key":"applicationmanageyards-display-component---NewYard--addressDetailDetailsCountry-arrow"}]}
RESULT: {"script":"<script> [1562 bytes]","args":[{"selector":{"id":"application-manageyards-display-component---NewYard--addressDetailDetailsCountry-arrow"},"wdio_ui5_key":"applicationmanageyards-display-component---NewYard--addressDetailDetailsCountry-arrow"}]}
RESULT: undefined
COMMAND: POST /session/60a0e1168e549ca734fea4458a5c60f0/element - {"using":"xpath","value":"//*[@id=\"application-manageyards-display-component---NewYard--addressDetailDetailsCountry-arrow\"]"}
RESULT: {"using":"xpath","value":"//*[@id=\"application-manageyards-display-component---NewYard--addressDetailDetailsCountry-arrow\"]"}
COMMAND: POST /session/60a0e1168e549ca734fea4458a5c60f0/element/f.C26B870510AA224346A2563CAEABFE2B.d.5A07C04B6491F735FEFF6885A1DB0C65.e.3943/click - {}
RESULT: {}
COMMAND: POST /session/60a0e1168e549ca734fea4458a5c60f0/element - {"using":"xpath","value":"//span[contains(text(), \"Argentina\")]"}
COMMAND: GET /session/60a0e1168e549ca734fea4458a5c60f0/screenshot - {}
RESULT: {"using":"xpath","value":"//span[contains(text(), \"Argentina\")]"}
COMMAND: POST /session/60a0e1168e549ca734fea4458a5c60f0/element/f.C26B870510AA224346A2563CAEABFE2B.d.5A07C04B6491F735FEFF6885A1DB0C65.e.3945/click - {}
RESULT: {}
RESULT: {}
COMMAND: POST /session/60a0e1168e549ca734fea4458a5c60f0/execute/async - {"script":"<script> [1562 bytes]","args":[{"selector":{"id":"application-manageyards-display-component---NewYard--addressEditDetailsCostObjectCstType-arrow"},"wdio_ui5_key":"applicationmanageyards-display-component---NewYard--addressEditDetailsCostObjectCstType-arrow"}]}
COMMAND: GET /session/60a0e1168e549ca734fea4458a5c60f0/screenshot - {}
RESULT: {"script":"<script> [1562 bytes]","args":[{"selector":{"id":"application-manageyards-display-component---NewYard--addressEditDetailsCostObjectCstType-arrow"},"wdio_ui5_key":"applicationmanageyards-display-component---NewYard--addressEditDetailsCostObjectCstType-arrow"}]}
RESULT: undefined
COMMAND: POST /session/60a0e1168e549ca734fea4458a5c60f0/element - {"using":"xpath","value":"//*[@id=\"application-manageyards-display-component---NewYard--addressEditDetailsCostObjectCstType-arrow\"]"}
RESULT: {}
RESULT: {"using":"xpath","value":"//*[@id=\"application-manageyards-display-component---NewYard--addressEditDetailsCostObjectCstType-arrow\"]"}
COMMAND: POST /session/60a0e1168e549ca734fea4458a5c60f0/element/f.C26B870510AA224346A2563CAEABFE2B.d.5A07C04B6491F735FEFF6885A1DB0C65.e.3946/click - {}
RESULT: {}
COMMAND: POST /session/60a0e1168e549ca734fea4458a5c60f0/element - {"using":"xpath","value":"//span[contains(text(), \"Cost Center\")]"}
COMMAND: GET /session/60a0e1168e549ca734fea4458a5c60f0/screenshot - {}
RESULT: {"using":"xpath","value":"//span[contains(text(), \"Cost Center\")]"}
COMMAND: POST /session/60a0e1168e549ca734fea4458a5c60f0/element/f.C26B870510AA224346A2563CAEABFE2B.d.5A07C04B6491F735FEFF6885A1DB0C65.e.3947/click - {}
RESULT: {}
RESULT: {}
COMMAND: GET /session/60a0e1168e549ca734fea4458a5c60f0/screenshot - {}
RESULT: {}
COMMAND: POST /session/60a0e1168e549ca734fea4458a5c60f0/element - {"using":"xpath","value":"//span[@id=\"application-manageyards-display-component---NewYard--addressNewCostObjectCstID-vhi\"]"}
RESULT: {"using":"xpath","value":"//span[@id=\"application-manageyards-display-component---NewYard--addressNewCostObjectCstID-vhi\"]"}
COMMAND: POST /session/60a0e1168e549ca734fea4458a5c60f0/execute/sync - {"script":"<script> [8489 bytes]","args":[{"element-6066-11e4-a52e-4f735466cecf":"f.C26B870510AA224346A2563CAEABFE2B.d.5A07C04B6491F735FEFF6885A1DB0C65.e.3951","ELEMENT":"f.C26B870510AA224346A2563CAEABFE2B.d.5A07C04B6491F735FEFF6885A1DB0C65.e.3951"}]}
RESULT: {"script":"<script> [8489 bytes]","args":[{"element-6066-11e4-a52e-4f735466cecf":"f.C26B870510AA224346A2563CAEABFE2B.d.5A07C04B6491F735FEFF6885A1DB0C65.e.3951","ELEMENT":"f.C26B870510AA224346A2563CAEABFE2B.d.5A07C04B6491F735FEFF6885A1DB0C65.e.3951"}]}
COMMAND: POST /session/60a0e1168e549ca734fea4458a5c60f0/execute/async - {"script":"<script> [1562 bytes]","args":[{"selector":{"id":"application-manageyards-display-component---NewYard--addressNewCostObjectCstID-vhi"},"wdio_ui5_key":"applicationmanageyards-display-component---NewYard--addressNewCostObjectCstID-vhi"}]}
COMMAND: GET /session/60a0e1168e549ca734fea4458a5c60f0/screenshot - {}
RESULT: {"script":"<script> [1562 bytes]","args":[{"selector":{"id":"application-manageyards-display-component---NewYard--addressNewCostObjectCstID-vhi"},"wdio_ui5_key":"applicationmanageyards-display-component---NewYard--addressNewCostObjectCstID-vhi"}]}
RESULT: undefined
COMMAND: POST /session/60a0e1168e549ca734fea4458a5c60f0/element - {"using":"xpath","value":"//*[@id=\"application-manageyards-display-component---NewYard--addressNewCostObjectCstID-vhi\"]"}
RESULT: {}
RESULT: {"using":"xpath","value":"//*[@id=\"application-manageyards-display-component---NewYard--addressNewCostObjectCstID-vhi\"]"}
COMMAND: POST /session/60a0e1168e549ca734fea4458a5c60f0/element/f.C26B870510AA224346A2563CAEABFE2B.d.5A07C04B6491F735FEFF6885A1DB0C65.e.3951/click - {}
RESULT: {}
COMMAND: GET /session/60a0e1168e549ca734fea4458a5c60f0/screenshot - {}
RESULT: {}
COMMAND: POST /session/60a0e1168e549ca734fea4458a5c60f0/execute/async - {"script":"<script> [1562 bytes]","args":[{"selector":{"controlType":"sap.m.SearchField","properties":{"placeholder":"Search"},"searchOpenDialogs":true,"interaction":{"idSuffix":"I"}},"wdio_ui5_key":"sapm.SearchField{\"placeholder\":\"Search\"}"}]}
RESULT: {"script":"<script> [1562 bytes]","args":[{"selector":{"controlType":"sap.m.SearchField","properties":{"placeholder":"Search"},"searchOpenDialogs":true,"interaction":{"idSuffix":"I"}},"wdio_ui5_key":"sapm.SearchField{\"placeholder\":\"Search\"}"}]}
RESULT: undefined
COMMAND: POST /session/60a0e1168e549ca734fea4458a5c60f0/execute/async - {"script":"<script> [776 bytes]","args":[{"enterText":"10001013","selector":{"controlType":"sap.m.SearchField","properties":{"placeholder":"Search"},"searchOpenDialogs":true,"interaction":{"idSuffix":"I"}},"clearTextFirst":true,"interactionType":"ENTER_TEXT"}]}
RESULT: {"script":"<script> [776 bytes]","args":[{"enterText":"10001013","selector":{"controlType":"sap.m.SearchField","properties":{"placeholder":"Search"},"searchOpenDialogs":true,"interaction":{"idSuffix":"I"}},"clearTextFirst":true,"interactionType":"ENTER_TEXT"}]}
COMMAND: POST /session/60a0e1168e549ca734fea4458a5c60f0/actions - {"actions":[{"id":"action11","type":"key","parameters":{},"actions":[{"type":"keyDown","value":"î€‡"},{"type":"pause","duration":10},{"type":"keyUp","value":"î€‡"}]}]}
RESULT: {"actions":[{"id":"action11","type":"key","parameters":{},"actions":[{"type":"keyDown","value":"î€‡"},{"type":"pause","duration":10},{"type":"keyUp","value":"î€‡"}]}]}
COMMAND: GET /session/60a0e1168e549ca734fea4458a5c60f0/screenshot - {}
RESULT: {}
COMMAND: POST /session/60a0e1168e549ca734fea4458a5c60f0/element - {"using":"xpath","value":"//span[contains(text(), \"General Management\")]"}
RESULT: {"using":"xpath","value":"//span[contains(text(), \"General Management\")]"}
COMMAND: POST /session/60a0e1168e549ca734fea4458a5c60f0/element/f.C26B870510AA224346A2563CAEABFE2B.d.5A07C04B6491F735FEFF6885A1DB0C65.e.3993/click - {}
RESULT: {}
COMMAND: GET /session/60a0e1168e549ca734fea4458a5c60f0/screenshot - {}
RESULT: {}
COMMAND: POST /session/60a0e1168e549ca734fea4458a5c60f0/element - {"using":"xpath","value":"//bdi[contains(text(), \"OK\")]"}
RESULT: {"using":"xpath","value":"//bdi[contains(text(), \"OK\")]"}
COMMAND: POST /session/60a0e1168e549ca734fea4458a5c60f0/element/f.C26B870510AA224346A2563CAEABFE2B.d.5A07C04B6491F735FEFF6885A1DB0C65.e.3994/click - {}
RESULT: {}
COMMAND: GET /session/60a0e1168e549ca734fea4458a5c60f0/screenshot - {}
RESULT: {}
COMMAND: POST /session/60a0e1168e549ca734fea4458a5c60f0/execute/async - {"script":"<script> [1562 bytes]","args":[{"selector":{"id":"application-manageyards-display-component---NewYard--addressEditDetailsCurrency-arrow"},"wdio_ui5_key":"applicationmanageyards-display-component---NewYard--addressEditDetailsCurrency-arrow"}]}
RESULT: {"script":"<script> [1562 bytes]","args":[{"selector":{"id":"application-manageyards-display-component---NewYard--addressEditDetailsCurrency-arrow"},"wdio_ui5_key":"applicationmanageyards-display-component---NewYard--addressEditDetailsCurrency-arrow"}]}
RESULT: undefined
COMMAND: POST /session/60a0e1168e549ca734fea4458a5c60f0/element - {"using":"xpath","value":"//*[@id=\"application-manageyards-display-component---NewYard--addressEditDetailsCurrency-arrow\"]"}
RESULT: {"using":"xpath","value":"//*[@id=\"application-manageyards-display-component---NewYard--addressEditDetailsCurrency-arrow\"]"}
COMMAND: POST /session/60a0e1168e549ca734fea4458a5c60f0/element/f.C26B870510AA224346A2563CAEABFE2B.d.5A07C04B6491F735FEFF6885A1DB0C65.e.3997/click - {}
RESULT: {}
COMMAND: POST /session/60a0e1168e549ca734fea4458a5c60f0/element - {"using":"xpath","value":"//span[contains(text(), \"Euro\")]"}
COMMAND: GET /session/60a0e1168e549ca734fea4458a5c60f0/screenshot - {}
RESULT: {"using":"xpath","value":"//span[contains(text(), \"Euro\")]"}
COMMAND: POST /session/60a0e1168e549ca734fea4458a5c60f0/element/f.C26B870510AA224346A2563CAEABFE2B.d.5A07C04B6491F735FEFF6885A1DB0C65.e.3998/click - {}
RESULT: {}
RESULT: {}
COMMAND: POST /session/60a0e1168e549ca734fea4458a5c60f0/execute/async - {"script":"<script> [1562 bytes]","args":[{"selector":{"controlType":"sap.m.Input","viewName":"etm.portal.ui.manageyards.view.New","viewId":"application-manageyards-display-component---NewYard","bindingPath":{"path":"","propertyPath":"/CONTROLLING_AREA","modelName":"NewYardModel"},"interaction":{"idSuffix":"inner"}},"wdio_ui5_key":"etmportal.ui.manageyards.view.Newsap.m.Input{\"path\":\"\",\"propertyPath\":\"/CONTROLLING_AREA\",\"modelName\":\"NewYardModel\"}"}]}
COMMAND: GET /session/60a0e1168e549ca734fea4458a5c60f0/screenshot - {}
RESULT: {"script":"<script> [1562 bytes]","args":[{"selector":{"controlType":"sap.m.Input","viewName":"etm.portal.ui.manageyards.view.New","viewId":"application-manageyards-display-component---NewYard","bindingPath":{"path":"","propertyPath":"/CONTROLLING_AREA","modelName":"NewYardModel"},"interaction":{"idSuffix":"inner"}},"wdio_ui5_key":"etmportal.ui.manageyards.view.Newsap.m.Input{\"path\":\"\",\"propertyPath\":\"/CONTROLLING_AREA\",\"modelName\":\"NewYardModel\"}"}]}
RESULT: undefined
COMMAND: POST /session/60a0e1168e549ca734fea4458a5c60f0/execute/async - {"script":"<script> [776 bytes]","args":[{"enterText":"Z001","selector":{"controlType":"sap.m.Input","viewName":"etm.portal.ui.manageyards.view.New","viewId":"application-manageyards-display-component---NewYard","bindingPath":{"path":"","propertyPath":"/CONTROLLING_AREA","modelName":"NewYardModel"},"interaction":{"idSuffix":"inner"}},"clearTextFirst":true,"interactionType":"ENTER_TEXT"}]}
RESULT: {}
RESULT: {"script":"<script> [776 bytes]","args":[{"enterText":"Z001","selector":{"controlType":"sap.m.Input","viewName":"etm.portal.ui.manageyards.view.New","viewId":"application-manageyards-display-component---NewYard","bindingPath":{"path":"","propertyPath":"/CONTROLLING_AREA","modelName":"NewYardModel"},"interaction":{"idSuffix":"inner"}},"clearTextFirst":true,"interactionType":"ENTER_TEXT"}]}
COMMAND: POST /session/60a0e1168e549ca734fea4458a5c60f0/execute/async - {"script":"<script> [1562 bytes]","args":[{"selector":{"id":"application-manageyards-display-component---NewYard--companyCodeComboBox","interaction":{"idSuffix":"inner"}},"wdio_ui5_key":"applicationmanageyards-display-component---NewYard--companyCodeComboBox"}]}
RESULT: {"script":"<script> [1562 bytes]","args":[{"selector":{"id":"application-manageyards-display-component---NewYard--companyCodeComboBox","interaction":{"idSuffix":"inner"}},"wdio_ui5_key":"applicationmanageyards-display-component---NewYard--companyCodeComboBox"}]}
RESULT: undefined
COMMAND: POST /session/60a0e1168e549ca734fea4458a5c60f0/execute/async - {"script":"<script> [776 bytes]","args":[{"enterText":"1000","selector":{"id":"application-manageyards-display-component---NewYard--companyCodeComboBox","interaction":{"idSuffix":"inner"}},"clearTextFirst":true,"interactionType":"ENTER_TEXT"}]}
RESULT: {"script":"<script> [776 bytes]","args":[{"enterText":"1000","selector":{"id":"application-manageyards-display-component---NewYard--companyCodeComboBox","interaction":{"idSuffix":"inner"}},"clearTextFirst":true,"interactionType":"ENTER_TEXT"}]}
COMMAND: POST /session/60a0e1168e549ca734fea4458a5c60f0/execute/async - {"script":"<script> [1562 bytes]","args":[{"selector":{"controlType":"sap.m.Input","viewName":"etm.portal.ui.manageyards.view.New","viewId":"application-manageyards-display-component---NewYard","bindingPath":{"path":"","propertyPath":"/PLANT","modelName":"NewYardModel"},"interaction":{"idSuffix":"inner"}},"wdio_ui5_key":"etmportal.ui.manageyards.view.Newsap.m.Input{\"path\":\"\",\"propertyPath\":\"/PLANT\",\"modelName\":\"NewYardModel\"}"}]}
RESULT: {"script":"<script> [1562 bytes]","args":[{"selector":{"controlType":"sap.m.Input","viewName":"etm.portal.ui.manageyards.view.New","viewId":"application-manageyards-display-component---NewYard","bindingPath":{"path":"","propertyPath":"/PLANT","modelName":"NewYardModel"},"interaction":{"idSuffix":"inner"}},"wdio_ui5_key":"etmportal.ui.manageyards.view.Newsap.m.Input{\"path\":\"\",\"propertyPath\":\"/PLANT\",\"modelName\":\"NewYardModel\"}"}]}
RESULT: undefined
COMMAND: POST /session/60a0e1168e549ca734fea4458a5c60f0/execute/async - {"script":"<script> [776 bytes]","args":[{"enterText":"1001","selector":{"controlType":"sap.m.Input","viewName":"etm.portal.ui.manageyards.view.New","viewId":"application-manageyards-display-component---NewYard","bindingPath":{"path":"","propertyPath":"/PLANT","modelName":"NewYardModel"},"interaction":{"idSuffix":"inner"}},"clearTextFirst":true,"interactionType":"ENTER_TEXT"}]}
RESULT: {"script":"<script> [776 bytes]","args":[{"enterText":"1001","selector":{"controlType":"sap.m.Input","viewName":"etm.portal.ui.manageyards.view.New","viewId":"application-manageyards-display-component---NewYard","bindingPath":{"path":"","propertyPath":"/PLANT","modelName":"NewYardModel"},"interaction":{"idSuffix":"inner"}},"clearTextFirst":true,"interactionType":"ENTER_TEXT"}]}
COMMAND: POST /session/60a0e1168e549ca734fea4458a5c60f0/execute/async - {"script":"<script> [1562 bytes]","args":[{"selector":{"controlType":"sap.m.Input","viewName":"etm.portal.ui.manageyards.view.New","viewId":"application-manageyards-display-component---NewYard","bindingPath":{"path":"","propertyPath":"/SALES_AREA_VKORG","modelName":"NewYardModel"},"interaction":{"idSuffix":"inner"}},"wdio_ui5_key":"etmportal.ui.manageyards.view.Newsap.m.Input{\"path\":\"\",\"propertyPath\":\"/SALES_AREA_VKORG\",\"modelName\":\"NewYardModel\"}"}]}
RESULT: {"script":"<script> [1562 bytes]","args":[{"selector":{"controlType":"sap.m.Input","viewName":"etm.portal.ui.manageyards.view.New","viewId":"application-manageyards-display-component---NewYard","bindingPath":{"path":"","propertyPath":"/SALES_AREA_VKORG","modelName":"NewYardModel"},"interaction":{"idSuffix":"inner"}},"wdio_ui5_key":"etmportal.ui.manageyards.view.Newsap.m.Input{\"path\":\"\",\"propertyPath\":\"/SALES_AREA_VKORG\",\"modelName\":\"NewYardModel\"}"}]}
RESULT: undefined
COMMAND: POST /session/60a0e1168e549ca734fea4458a5c60f0/execute/async - {"script":"<script> [776 bytes]","args":[{"enterText":"C002","selector":{"controlType":"sap.m.Input","viewName":"etm.portal.ui.manageyards.view.New","viewId":"application-manageyards-display-component---NewYard","bindingPath":{"path":"","propertyPath":"/SALES_AREA_VKORG","modelName":"NewYardModel"},"interaction":{"idSuffix":"inner"}},"clearTextFirst":true,"interactionType":"ENTER_TEXT"}]}
RESULT: {"script":"<script> [776 bytes]","args":[{"enterText":"C002","selector":{"controlType":"sap.m.Input","viewName":"etm.portal.ui.manageyards.view.New","viewId":"application-manageyards-display-component---NewYard","bindingPath":{"path":"","propertyPath":"/SALES_AREA_VKORG","modelName":"NewYardModel"},"interaction":{"idSuffix":"inner"}},"clearTextFirst":true,"interactionType":"ENTER_TEXT"}]}
COMMAND: POST /session/60a0e1168e549ca734fea4458a5c60f0/execute/async - {"script":"<script> [1562 bytes]","args":[{"selector":{"controlType":"sap.m.Input","viewName":"etm.portal.ui.manageyards.view.New","viewId":"application-manageyards-display-component---NewYard","bindingPath":{"path":"","propertyPath":"/SALES_AREA_VTWEG","modelName":"NewYardModel"},"interaction":{"idSuffix":"inner"}},"wdio_ui5_key":"etmportal.ui.manageyards.view.Newsap.m.Input{\"path\":\"\",\"propertyPath\":\"/SALES_AREA_VTWEG\",\"modelName\":\"NewYardModel\"}"}]}
RESULT: {"script":"<script> [1562 bytes]","args":[{"selector":{"controlType":"sap.m.Input","viewName":"etm.portal.ui.manageyards.view.New","viewId":"application-manageyards-display-component---NewYard","bindingPath":{"path":"","propertyPath":"/SALES_AREA_VTWEG","modelName":"NewYardModel"},"interaction":{"idSuffix":"inner"}},"wdio_ui5_key":"etmportal.ui.manageyards.view.Newsap.m.Input{\"path\":\"\",\"propertyPath\":\"/SALES_AREA_VTWEG\",\"modelName\":\"NewYardModel\"}"}]}
RESULT: undefined
COMMAND: POST /session/60a0e1168e549ca734fea4458a5c60f0/execute/async - {"script":"<script> [776 bytes]","args":[{"enterText":"C2","selector":{"controlType":"sap.m.Input","viewName":"etm.portal.ui.manageyards.view.New","viewId":"application-manageyards-display-component---NewYard","bindingPath":{"path":"","propertyPath":"/SALES_AREA_VTWEG","modelName":"NewYardModel"},"interaction":{"idSuffix":"inner"}},"clearTextFirst":true,"interactionType":"ENTER_TEXT"}]}
RESULT: {"script":"<script> [776 bytes]","args":[{"enterText":"C2","selector":{"controlType":"sap.m.Input","viewName":"etm.portal.ui.manageyards.view.New","viewId":"application-manageyards-display-component---NewYard","bindingPath":{"path":"","propertyPath":"/SALES_AREA_VTWEG","modelName":"NewYardModel"},"interaction":{"idSuffix":"inner"}},"clearTextFirst":true,"interactionType":"ENTER_TEXT"}]}
COMMAND: POST /session/60a0e1168e549ca734fea4458a5c60f0/execute/async - {"script":"<script> [1562 bytes]","args":[{"selector":{"controlType":"sap.m.Input","viewName":"etm.portal.ui.manageyards.view.New","viewId":"application-manageyards-display-component---NewYard","bindingPath":{"path":"","propertyPath":"/SALES_AREA_SPART","modelName":"NewYardModel"},"interaction":{"idSuffix":"inner"}},"wdio_ui5_key":"etmportal.ui.manageyards.view.Newsap.m.Input{\"path\":\"\",\"propertyPath\":\"/SALES_AREA_SPART\",\"modelName\":\"NewYardModel\"}"}]}
RESULT: {"script":"<script> [1562 bytes]","args":[{"selector":{"controlType":"sap.m.Input","viewName":"etm.portal.ui.manageyards.view.New","viewId":"application-manageyards-display-component---NewYard","bindingPath":{"path":"","propertyPath":"/SALES_AREA_SPART","modelName":"NewYardModel"},"interaction":{"idSuffix":"inner"}},"wdio_ui5_key":"etmportal.ui.manageyards.view.Newsap.m.Input{\"path\":\"\",\"propertyPath\":\"/SALES_AREA_SPART\",\"modelName\":\"NewYardModel\"}"}]}
RESULT: undefined
COMMAND: POST /session/60a0e1168e549ca734fea4458a5c60f0/execute/async - {"script":"<script> [776 bytes]","args":[{"enterText":"C2","selector":{"controlType":"sap.m.Input","viewName":"etm.portal.ui.manageyards.view.New","viewId":"application-manageyards-display-component---NewYard","bindingPath":{"path":"","propertyPath":"/SALES_AREA_SPART","modelName":"NewYardModel"},"interaction":{"idSuffix":"inner"}},"clearTextFirst":true,"interactionType":"ENTER_TEXT"}]}
RESULT: {"script":"<script> [776 bytes]","args":[{"enterText":"C2","selector":{"controlType":"sap.m.Input","viewName":"etm.portal.ui.manageyards.view.New","viewId":"application-manageyards-display-component---NewYard","bindingPath":{"path":"","propertyPath":"/SALES_AREA_SPART","modelName":"NewYardModel"},"interaction":{"idSuffix":"inner"}},"clearTextFirst":true,"interactionType":"ENTER_TEXT"}]}
COMMAND: POST /session/60a0e1168e549ca734fea4458a5c60f0/execute/async - {"script":"<script> [1562 bytes]","args":[{"selector":{"controlType":"sap.m.Input","viewName":"etm.portal.ui.manageyards.view.New","viewId":"application-manageyards-display-component---NewYard","bindingPath":{"path":"","propertyPath":"/SHIP_POINT","modelName":"NewYardModel"},"interaction":{"idSuffix":"inner"}},"wdio_ui5_key":"etmportal.ui.manageyards.view.Newsap.m.Input{\"path\":\"\",\"propertyPath\":\"/SHIP_POINT\",\"modelName\":\"NewYardModel\"}"}]}
RESULT: {"script":"<script> [1562 bytes]","args":[{"selector":{"controlType":"sap.m.Input","viewName":"etm.portal.ui.manageyards.view.New","viewId":"application-manageyards-display-component---NewYard","bindingPath":{"path":"","propertyPath":"/SHIP_POINT","modelName":"NewYardModel"},"interaction":{"idSuffix":"inner"}},"wdio_ui5_key":"etmportal.ui.manageyards.view.Newsap.m.Input{\"path\":\"\",\"propertyPath\":\"/SHIP_POINT\",\"modelName\":\"NewYardModel\"}"}]}
RESULT: undefined
COMMAND: POST /session/60a0e1168e549ca734fea4458a5c60f0/execute/async - {"script":"<script> [776 bytes]","args":[{"enterText":"1710","selector":{"controlType":"sap.m.Input","viewName":"etm.portal.ui.manageyards.view.New","viewId":"application-manageyards-display-component---NewYard","bindingPath":{"path":"","propertyPath":"/SHIP_POINT","modelName":"NewYardModel"},"interaction":{"idSuffix":"inner"}},"clearTextFirst":true,"interactionType":"ENTER_TEXT"}]}
RESULT: {"script":"<script> [776 bytes]","args":[{"enterText":"1710","selector":{"controlType":"sap.m.Input","viewName":"etm.portal.ui.manageyards.view.New","viewId":"application-manageyards-display-component---NewYard","bindingPath":{"path":"","propertyPath":"/SHIP_POINT","modelName":"NewYardModel"},"interaction":{"idSuffix":"inner"}},"clearTextFirst":true,"interactionType":"ENTER_TEXT"}]}
COMMAND: POST /session/60a0e1168e549ca734fea4458a5c60f0/execute/async - {"script":"<script> [1562 bytes]","args":[{"selector":{"controlType":"sap.m.Input","viewName":"etm.portal.ui.manageyards.view.New","viewId":"application-manageyards-display-component---NewYard","bindingPath":{"path":"","propertyPath":"/DELIVERY_TYPE","modelName":"NewYardModel"},"interaction":{"idSuffix":"inner"}},"wdio_ui5_key":"etmportal.ui.manageyards.view.Newsap.m.Input{\"path\":\"\",\"propertyPath\":\"/DELIVERY_TYPE\",\"modelName\":\"NewYardModel\"}"}]}
RESULT: {"script":"<script> [1562 bytes]","args":[{"selector":{"controlType":"sap.m.Input","viewName":"etm.portal.ui.manageyards.view.New","viewId":"application-manageyards-display-component---NewYard","bindingPath":{"path":"","propertyPath":"/DELIVERY_TYPE","modelName":"NewYardModel"},"interaction":{"idSuffix":"inner"}},"wdio_ui5_key":"etmportal.ui.manageyards.view.Newsap.m.Input{\"path\":\"\",\"propertyPath\":\"/DELIVERY_TYPE\",\"modelName\":\"NewYardModel\"}"}]}
RESULT: undefined
COMMAND: POST /session/60a0e1168e549ca734fea4458a5c60f0/execute/async - {"script":"<script> [776 bytes]","args":[{"enterText":"ZL01","selector":{"controlType":"sap.m.Input","viewName":"etm.portal.ui.manageyards.view.New","viewId":"application-manageyards-display-component---NewYard","bindingPath":{"path":"","propertyPath":"/DELIVERY_TYPE","modelName":"NewYardModel"},"interaction":{"idSuffix":"inner"}},"clearTextFirst":true,"interactionType":"ENTER_TEXT"}]}
RESULT: {"script":"<script> [776 bytes]","args":[{"enterText":"ZL01","selector":{"controlType":"sap.m.Input","viewName":"etm.portal.ui.manageyards.view.New","viewId":"application-manageyards-display-component---NewYard","bindingPath":{"path":"","propertyPath":"/DELIVERY_TYPE","modelName":"NewYardModel"},"interaction":{"idSuffix":"inner"}},"clearTextFirst":true,"interactionType":"ENTER_TEXT"}]}
COMMAND: POST /session/60a0e1168e549ca734fea4458a5c60f0/execute/async - {"script":"<script> [1562 bytes]","args":[{"selector":{"controlType":"sap.m.Input","viewName":"etm.portal.ui.manageyards.view.New","viewId":"application-manageyards-display-component---NewYard","bindingPath":{"path":"","propertyPath":"/AUART","modelName":"NewYardModel"},"interaction":{"idSuffix":"inner"}},"wdio_ui5_key":"etmportal.ui.manageyards.view.Newsap.m.Input{\"path\":\"\",\"propertyPath\":\"/AUART\",\"modelName\":\"NewYardModel\"}"}]}
RESULT: {"script":"<script> [1562 bytes]","args":[{"selector":{"controlType":"sap.m.Input","viewName":"etm.portal.ui.manageyards.view.New","viewId":"application-manageyards-display-component---NewYard","bindingPath":{"path":"","propertyPath":"/AUART","modelName":"NewYardModel"},"interaction":{"idSuffix":"inner"}},"wdio_ui5_key":"etmportal.ui.manageyards.view.Newsap.m.Input{\"path\":\"\",\"propertyPath\":\"/AUART\",\"modelName\":\"NewYardModel\"}"}]}
RESULT: undefined
COMMAND: POST /session/60a0e1168e549ca734fea4458a5c60f0/execute/async - {"script":"<script> [776 bytes]","args":[{"enterText":"TA","selector":{"controlType":"sap.m.Input","viewName":"etm.portal.ui.manageyards.view.New","viewId":"application-manageyards-display-component---NewYard","bindingPath":{"path":"","propertyPath":"/AUART","modelName":"NewYardModel"},"interaction":{"idSuffix":"inner"}},"clearTextFirst":true,"interactionType":"ENTER_TEXT"}]}
RESULT: {"script":"<script> [776 bytes]","args":[{"enterText":"TA","selector":{"controlType":"sap.m.Input","viewName":"etm.portal.ui.manageyards.view.New","viewId":"application-manageyards-display-component---NewYard","bindingPath":{"path":"","propertyPath":"/AUART","modelName":"NewYardModel"},"interaction":{"idSuffix":"inner"}},"clearTextFirst":true,"interactionType":"ENTER_TEXT"}]}
COMMAND: POST /session/60a0e1168e549ca734fea4458a5c60f0/element - {"using":"xpath","value":"//button[@data-kt=\"newYardSaveButton\"]"}
RESULT: {"using":"xpath","value":"//button[@data-kt=\"newYardSaveButton\"]"}
COMMAND: POST /session/60a0e1168e549ca734fea4458a5c60f0/element/f.C26B870510AA224346A2563CAEABFE2B.d.5A07C04B6491F735FEFF6885A1DB0C65.e.3923/click - {}
RESULT: {}
COMMAND: GET /session/60a0e1168e549ca734fea4458a5c60f0/screenshot - {}
RESULT: {}
COMMAND: POST /session/60a0e1168e549ca734fea4458a5c60f0/element - {"using":"xpath","value":"//header[contains(@id, 'ObjectPageLayout-headerTitle')]/div[1]/div[2]/div[1]/span[1]"}
RESULT: {"using":"xpath","value":"//header[contains(@id, 'ObjectPageLayout-headerTitle')]/div[1]/div[2]/div[1]/span[1]"}
COMMAND: POST /session/60a0e1168e549ca734fea4458a5c60f0/elements - {"using":"xpath","value":"//header[contains(@id, 'ObjectPageLayout-headerTitle')]/div[1]/div[2]/div[1]/span[1]"}
RESULT: {"using":"xpath","value":"//header[contains(@id, 'ObjectPageLayout-headerTitle')]/div[1]/div[2]/div[1]/span[1]"}
COMMAND: POST /session/60a0e1168e549ca734fea4458a5c60f0/execute/sync - {"script":"<script> [56 bytes]","args":[{"element-6066-11e4-a52e-4f735466cecf":"f.C26B870510AA224346A2563CAEABFE2B.d.5A07C04B6491F735FEFF6885A1DB0C65.e.4225","ELEMENT":"f.C26B870510AA224346A2563CAEABFE2B.d.5A07C04B6491F735FEFF6885A1DB0C65.e.4225"}]}
RESULT: {"script":"<script> [56 bytes]","args":[{"element-6066-11e4-a52e-4f735466cecf":"f.C26B870510AA224346A2563CAEABFE2B.d.5A07C04B6491F735FEFF6885A1DB0C65.e.4225","ELEMENT":"f.C26B870510AA224346A2563CAEABFE2B.d.5A07C04B6491F735FEFF6885A1DB0C65.e.4225"}]}
COMMAND: GET /session/60a0e1168e549ca734fea4458a5c60f0/screenshot - {}
RESULT: {}
COMMAND: POST /session/60a0e1168e549ca734fea4458a5c60f0/element - {"using":"css selector","value":"#shell-header-logo"}
RESULT: {"using":"css selector","value":"#shell-header-logo"}
COMMAND: POST /session/60a0e1168e549ca734fea4458a5c60f0/element/f.C26B870510AA224346A2563CAEABFE2B.d.5A07C04B6491F735FEFF6885A1DB0C65.e.3487/click - {}
RESULT: {}
COMMAND: GET /session/60a0e1168e549ca734fea4458a5c60f0/screenshot - {}
RESULT: {}
COMMAND: POST /session/60a0e1168e549ca734fea4458a5c60f0/execute/sync - {"script":"<script> [299 bytes]","args":[["getModel","getResource"]]}
RESULT: {"script":"<script> [299 bytes]","args":[["getModel","getResource"]]}
]]></system-out>
    </testcase>
    <testcase classname="chrome.135_0_7049_96.windows.Create_master_data_for_mixed_billing_&amp;_do_billing_calculation_US151661" name="Should create a new partner" time="121.329">
      <system-out><![CDATA[
COMMAND: GET /session/60a0e1168e549ca734fea4458a5c60f0/screenshot - {}
COMMAND: POST /session/60a0e1168e549ca734fea4458a5c60f0/window/fullscreen - {}
RESULT: {}
RESULT: {}
COMMAND: POST /session/60a0e1168e549ca734fea4458a5c60f0/execute/async - {"script":"<script> [1562 bytes]","args":[{"selector":{"controlType":"sap.m.GenericTile","properties":{"header":"Manage Partners"}},"wdio_ui5_key":"sapm.GenericTile{\"header\":\"Manage Partners\"}"}]}
RESULT: {"script":"<script> [1562 bytes]","args":[{"selector":{"controlType":"sap.m.GenericTile","properties":{"header":"Manage Partners"}},"wdio_ui5_key":"sapm.GenericTile{\"header\":\"Manage Partners\"}"}]}
RESULT: undefined
COMMAND: POST /session/60a0e1168e549ca734fea4458a5c60f0/element - {"using":"xpath","value":"//*[@id=\"__tile38\"]"}
RESULT: {"using":"xpath","value":"//*[@id=\"__tile38\"]"}
COMMAND: POST /session/60a0e1168e549ca734fea4458a5c60f0/element/f.C26B870510AA224346A2563CAEABFE2B.d.5A07C04B6491F735FEFF6885A1DB0C65.e.3386/click - {}
RESULT: {}
COMMAND: POST /session/60a0e1168e549ca734fea4458a5c60f0/element - {"using":"xpath","value":"//button[@data-kt=\"addButton\"]"}
COMMAND: GET /session/60a0e1168e549ca734fea4458a5c60f0/screenshot - {}
RESULT: {"using":"xpath","value":"//button[@data-kt=\"addButton\"]"}
COMMAND: POST /session/60a0e1168e549ca734fea4458a5c60f0/elements - {"using":"xpath","value":"//button[@data-kt=\"addButton\"]"}
RESULT: {}
RESULT: {"using":"xpath","value":"//button[@data-kt=\"addButton\"]"}
COMMAND: POST /session/60a0e1168e549ca734fea4458a5c60f0/elements - {"using":"xpath","value":"//button[@data-kt=\"addButton\"]"}
RESULT: {"using":"xpath","value":"//button[@data-kt=\"addButton\"]"}
COMMAND: POST /session/60a0e1168e549ca734fea4458a5c60f0/elements - {"using":"xpath","value":"//button[@data-kt=\"addButton\"]"}
RESULT: {"using":"xpath","value":"//button[@data-kt=\"addButton\"]"}
COMMAND: POST /session/60a0e1168e549ca734fea4458a5c60f0/elements - {"using":"xpath","value":"//button[@data-kt=\"addButton\"]"}
RESULT: {"using":"xpath","value":"//button[@data-kt=\"addButton\"]"}
COMMAND: POST /session/60a0e1168e549ca734fea4458a5c60f0/element - {"using":"xpath","value":"//button[@data-kt=\"addButton\"]"}
RESULT: {"using":"xpath","value":"//button[@data-kt=\"addButton\"]"}
COMMAND: POST /session/60a0e1168e549ca734fea4458a5c60f0/execute/sync - {"script":"<script> [8489 bytes]","args":[{"element-6066-11e4-a52e-4f735466cecf":"f.C26B870510AA224346A2563CAEABFE2B.d.5A07C04B6491F735FEFF6885A1DB0C65.e.4275","ELEMENT":"f.C26B870510AA224346A2563CAEABFE2B.d.5A07C04B6491F735FEFF6885A1DB0C65.e.4275"}]}
RESULT: {"script":"<script> [8489 bytes]","args":[{"element-6066-11e4-a52e-4f735466cecf":"f.C26B870510AA224346A2563CAEABFE2B.d.5A07C04B6491F735FEFF6885A1DB0C65.e.4275","ELEMENT":"f.C26B870510AA224346A2563CAEABFE2B.d.5A07C04B6491F735FEFF6885A1DB0C65.e.4275"}]}
COMMAND: GET /session/60a0e1168e549ca734fea4458a5c60f0/element/f.C26B870510AA224346A2563CAEABFE2B.d.5A07C04B6491F735FEFF6885A1DB0C65.e.4275/enabled - {}
COMMAND: GET /session/60a0e1168e549ca734fea4458a5c60f0/screenshot - {}
RESULT: {}
COMMAND: POST /session/60a0e1168e549ca734fea4458a5c60f0/execute/sync - {"script":"<script> [8489 bytes]","args":[{"element-6066-11e4-a52e-4f735466cecf":"f.C26B870510AA224346A2563CAEABFE2B.d.5A07C04B6491F735FEFF6885A1DB0C65.e.4275","ELEMENT":"f.C26B870510AA224346A2563CAEABFE2B.d.5A07C04B6491F735FEFF6885A1DB0C65.e.4275"}]}
COMMAND: GET /session/60a0e1168e549ca734fea4458a5c60f0/screenshot - {}
RESULT: {}
RESULT: {"script":"<script> [8489 bytes]","args":[{"element-6066-11e4-a52e-4f735466cecf":"f.C26B870510AA224346A2563CAEABFE2B.d.5A07C04B6491F735FEFF6885A1DB0C65.e.4275","ELEMENT":"f.C26B870510AA224346A2563CAEABFE2B.d.5A07C04B6491F735FEFF6885A1DB0C65.e.4275"}]}
COMMAND: POST /session/60a0e1168e549ca734fea4458a5c60f0/execute/sync - {"script":"<script> [5351 bytes]","args":[{"element-6066-11e4-a52e-4f735466cecf":"f.C26B870510AA224346A2563CAEABFE2B.d.5A07C04B6491F735FEFF6885A1DB0C65.e.4275","ELEMENT":"f.C26B870510AA224346A2563CAEABFE2B.d.5A07C04B6491F735FEFF6885A1DB0C65.e.4275"}]}
COMMAND: GET /session/60a0e1168e549ca734fea4458a5c60f0/screenshot - {}
RESULT: {}
RESULT: {"script":"<script> [5351 bytes]","args":[{"element-6066-11e4-a52e-4f735466cecf":"f.C26B870510AA224346A2563CAEABFE2B.d.5A07C04B6491F735FEFF6885A1DB0C65.e.4275","ELEMENT":"f.C26B870510AA224346A2563CAEABFE2B.d.5A07C04B6491F735FEFF6885A1DB0C65.e.4275"}]}
COMMAND: POST /session/60a0e1168e549ca734fea4458a5c60f0/element/f.C26B870510AA224346A2563CAEABFE2B.d.5A07C04B6491F735FEFF6885A1DB0C65.e.4275/click - {}
COMMAND: GET /session/60a0e1168e549ca734fea4458a5c60f0/screenshot - {}
RESULT: {}
RESULT: {}
COMMAND: GET /session/60a0e1168e549ca734fea4458a5c60f0/screenshot - {}
COMMAND: POST /session/60a0e1168e549ca734fea4458a5c60f0/execute/async - {"script":"<script> [1562 bytes]","args":[{"selector":{"id":"application-managepartners-display-component---NewPartner--addressDetailDetailsName1","interaction":{"idSuffix":"inner"}},"wdio_ui5_key":"applicationmanagepartners-display-component---NewPartner--addressDetailDetailsName1"}]}
RESULT: {}
RESULT: {}
RESULT: {"script":"<script> [1562 bytes]","args":[{"selector":{"id":"application-managepartners-display-component---NewPartner--addressDetailDetailsName1","interaction":{"idSuffix":"inner"}},"wdio_ui5_key":"applicationmanagepartners-display-component---NewPartner--addressDetailDetailsName1"}]}
RESULT: undefined
COMMAND: POST /session/60a0e1168e549ca734fea4458a5c60f0/execute/async - {"script":"<script> [776 bytes]","args":[{"enterText":"Intercompany Partner WDIO","selector":{"id":"application-managepartners-display-component---NewPartner--addressDetailDetailsName1","interaction":{"idSuffix":"inner"}},"clearTextFirst":true,"interactionType":"ENTER_TEXT"}]}
RESULT: {"script":"<script> [776 bytes]","args":[{"enterText":"Intercompany Partner WDIO","selector":{"id":"application-managepartners-display-component---NewPartner--addressDetailDetailsName1","interaction":{"idSuffix":"inner"}},"clearTextFirst":true,"interactionType":"ENTER_TEXT"}]}
COMMAND: POST /session/60a0e1168e549ca734fea4458a5c60f0/execute/async - {"script":"<script> [1562 bytes]","args":[{"selector":{"id":"application-managepartners-display-component---NewPartner--addressDetailDetailsLanguage-arrow"},"wdio_ui5_key":"applicationmanagepartners-display-component---NewPartner--addressDetailDetailsLanguage-arrow"}]}
RESULT: {"script":"<script> [1562 bytes]","args":[{"selector":{"id":"application-managepartners-display-component---NewPartner--addressDetailDetailsLanguage-arrow"},"wdio_ui5_key":"applicationmanagepartners-display-component---NewPartner--addressDetailDetailsLanguage-arrow"}]}
RESULT: undefined
COMMAND: POST /session/60a0e1168e549ca734fea4458a5c60f0/element - {"using":"xpath","value":"//*[@id=\"application-managepartners-display-component---NewPartner--addressDetailDetailsLanguage-arrow\"]"}
RESULT: {"using":"xpath","value":"//*[@id=\"application-managepartners-display-component---NewPartner--addressDetailDetailsLanguage-arrow\"]"}
COMMAND: POST /session/60a0e1168e549ca734fea4458a5c60f0/element/f.C26B870510AA224346A2563CAEABFE2B.d.5A07C04B6491F735FEFF6885A1DB0C65.e.4699/click - {}
RESULT: {}
COMMAND: POST /session/60a0e1168e549ca734fea4458a5c60f0/element - {"using":"xpath","value":"//span[contains(text(), \"English\")]"}
COMMAND: GET /session/60a0e1168e549ca734fea4458a5c60f0/screenshot - {}
RESULT: {"using":"xpath","value":"//span[contains(text(), \"English\")]"}
COMMAND: POST /session/60a0e1168e549ca734fea4458a5c60f0/element/f.C26B870510AA224346A2563CAEABFE2B.d.5A07C04B6491F735FEFF6885A1DB0C65.e.4700/click - {}
RESULT: {}
RESULT: {}
COMMAND: GET /session/60a0e1168e549ca734fea4458a5c60f0/screenshot - {}
RESULT: {}
COMMAND: POST /session/60a0e1168e549ca734fea4458a5c60f0/execute/async - {"script":"<script> [1562 bytes]","args":[{"selector":{"id":"application-managepartners-display-component---NewPartner--addressDetailDetailsCity1","interaction":{"idSuffix":"inner"}},"wdio_ui5_key":"applicationmanagepartners-display-component---NewPartner--addressDetailDetailsCity1"}]}
RESULT: {"script":"<script> [1562 bytes]","args":[{"selector":{"id":"application-managepartners-display-component---NewPartner--addressDetailDetailsCity1","interaction":{"idSuffix":"inner"}},"wdio_ui5_key":"applicationmanagepartners-display-component---NewPartner--addressDetailDetailsCity1"}]}
RESULT: undefined
COMMAND: POST /session/60a0e1168e549ca734fea4458a5c60f0/execute/async - {"script":"<script> [776 bytes]","args":[{"enterText":"Rosario","selector":{"id":"application-managepartners-display-component---NewPartner--addressDetailDetailsCity1","interaction":{"idSuffix":"inner"}},"clearTextFirst":true,"interactionType":"ENTER_TEXT"}]}
RESULT: {"script":"<script> [776 bytes]","args":[{"enterText":"Rosario","selector":{"id":"application-managepartners-display-component---NewPartner--addressDetailDetailsCity1","interaction":{"idSuffix":"inner"}},"clearTextFirst":true,"interactionType":"ENTER_TEXT"}]}
COMMAND: POST /session/60a0e1168e549ca734fea4458a5c60f0/execute/async - {"script":"<script> [1562 bytes]","args":[{"selector":{"id":"application-managepartners-display-component---NewPartner--addressDetailDetailsCountry-arrow"},"wdio_ui5_key":"applicationmanagepartners-display-component---NewPartner--addressDetailDetailsCountry-arrow"}]}
RESULT: {"script":"<script> [1562 bytes]","args":[{"selector":{"id":"application-managepartners-display-component---NewPartner--addressDetailDetailsCountry-arrow"},"wdio_ui5_key":"applicationmanagepartners-display-component---NewPartner--addressDetailDetailsCountry-arrow"}]}
RESULT: undefined
COMMAND: POST /session/60a0e1168e549ca734fea4458a5c60f0/element - {"using":"xpath","value":"//*[@id=\"application-managepartners-display-component---NewPartner--addressDetailDetailsCountry-arrow\"]"}
RESULT: {"using":"xpath","value":"//*[@id=\"application-managepartners-display-component---NewPartner--addressDetailDetailsCountry-arrow\"]"}
COMMAND: POST /session/60a0e1168e549ca734fea4458a5c60f0/element/f.C26B870510AA224346A2563CAEABFE2B.d.5A07C04B6491F735FEFF6885A1DB0C65.e.4682/click - {}
RESULT: {}
COMMAND: POST /session/60a0e1168e549ca734fea4458a5c60f0/element - {"using":"xpath","value":"//span[contains(text(), \"Argentina\")]"}
COMMAND: GET /session/60a0e1168e549ca734fea4458a5c60f0/screenshot - {}
RESULT: {"using":"xpath","value":"//span[contains(text(), \"Argentina\")]"}
COMMAND: POST /session/60a0e1168e549ca734fea4458a5c60f0/element/f.C26B870510AA224346A2563CAEABFE2B.d.5A07C04B6491F735FEFF6885A1DB0C65.e.4702/click - {}
RESULT: {}
RESULT: {}
COMMAND: GET /session/60a0e1168e549ca734fea4458a5c60f0/screenshot - {}
RESULT: {}
COMMAND: POST /session/60a0e1168e549ca734fea4458a5c60f0/element - {"using":"xpath","value":"//bdi[contains(text(), \"Commercial\")]"}
RESULT: {"using":"xpath","value":"//bdi[contains(text(), \"Commercial\")]"}
COMMAND: POST /session/60a0e1168e549ca734fea4458a5c60f0/element/f.C26B870510AA224346A2563CAEABFE2B.d.5A07C04B6491F735FEFF6885A1DB0C65.e.4703/click - {}
RESULT: {}
COMMAND: GET /session/60a0e1168e549ca734fea4458a5c60f0/screenshot - {}
RESULT: {}
COMMAND: POST /session/60a0e1168e549ca734fea4458a5c60f0/execute/async - {"script":"<script> [1562 bytes]","args":[{"selector":{"id":"application-managepartners-display-component---NewPartner--partnerDetailInternal-arrow"},"wdio_ui5_key":"applicationmanagepartners-display-component---NewPartner--partnerDetailInternal-arrow"}]}
RESULT: {"script":"<script> [1562 bytes]","args":[{"selector":{"id":"application-managepartners-display-component---NewPartner--partnerDetailInternal-arrow"},"wdio_ui5_key":"applicationmanagepartners-display-component---NewPartner--partnerDetailInternal-arrow"}]}
RESULT: undefined
COMMAND: POST /session/60a0e1168e549ca734fea4458a5c60f0/element - {"using":"xpath","value":"//*[@id=\"application-managepartners-display-component---NewPartner--partnerDetailInternal-arrow\"]"}
RESULT: {"using":"xpath","value":"//*[@id=\"application-managepartners-display-component---NewPartner--partnerDetailInternal-arrow\"]"}
COMMAND: POST /session/60a0e1168e549ca734fea4458a5c60f0/element/f.C26B870510AA224346A2563CAEABFE2B.d.5A07C04B6491F735FEFF6885A1DB0C65.e.4710/click - {}
RESULT: {}
COMMAND: POST /session/60a0e1168e549ca734fea4458a5c60f0/element - {"using":"xpath","value":"//span[contains(text(), \"Affiliated company\")]"}
COMMAND: GET /session/60a0e1168e549ca734fea4458a5c60f0/screenshot - {}
RESULT: {"using":"xpath","value":"//span[contains(text(), \"Affiliated company\")]"}
COMMAND: POST /session/60a0e1168e549ca734fea4458a5c60f0/element/f.C26B870510AA224346A2563CAEABFE2B.d.5A07C04B6491F735FEFF6885A1DB0C65.e.4711/click - {}
RESULT: {}
RESULT: {}
COMMAND: POST /session/60a0e1168e549ca734fea4458a5c60f0/execute/async - {"script":"<script> [1562 bytes]","args":[{"selector":{"id":"application-managepartners-display-component---NewPartner--partnerDetailsCurrency-arrow"},"wdio_ui5_key":"applicationmanagepartners-display-component---NewPartner--partnerDetailsCurrency-arrow"}]}
COMMAND: GET /session/60a0e1168e549ca734fea4458a5c60f0/screenshot - {}
RESULT: {"script":"<script> [1562 bytes]","args":[{"selector":{"id":"application-managepartners-display-component---NewPartner--partnerDetailsCurrency-arrow"},"wdio_ui5_key":"applicationmanagepartners-display-component---NewPartner--partnerDetailsCurrency-arrow"}]}
RESULT: undefined
COMMAND: POST /session/60a0e1168e549ca734fea4458a5c60f0/element - {"using":"xpath","value":"//*[@id=\"application-managepartners-display-component---NewPartner--partnerDetailsCurrency-arrow\"]"}
RESULT: {}
RESULT: {"using":"xpath","value":"//*[@id=\"application-managepartners-display-component---NewPartner--partnerDetailsCurrency-arrow\"]"}
COMMAND: POST /session/60a0e1168e549ca734fea4458a5c60f0/element/f.C26B870510AA224346A2563CAEABFE2B.d.5A07C04B6491F735FEFF6885A1DB0C65.e.4718/click - {}
RESULT: {}
COMMAND: POST /session/60a0e1168e549ca734fea4458a5c60f0/element - {"using":"xpath","value":"//span[contains(text(), \"Euro\")]"}
COMMAND: GET /session/60a0e1168e549ca734fea4458a5c60f0/screenshot - {}
RESULT: {"using":"xpath","value":"//span[contains(text(), \"Euro\")]"}
COMMAND: POST /session/60a0e1168e549ca734fea4458a5c60f0/element/f.C26B870510AA224346A2563CAEABFE2B.d.5A07C04B6491F735FEFF6885A1DB0C65.e.4719/click - {}
RESULT: {}
RESULT: {}
COMMAND: POST /session/60a0e1168e549ca734fea4458a5c60f0/execute/async - {"script":"<script> [1562 bytes]","args":[{"selector":{"id":"application-managepartners-display-component---NewPartner--addressEditDetailsCostObjectCstType-arrow"},"wdio_ui5_key":"applicationmanagepartners-display-component---NewPartner--addressEditDetailsCostObjectCstType-arrow"}]}
COMMAND: GET /session/60a0e1168e549ca734fea4458a5c60f0/screenshot - {}
RESULT: {"script":"<script> [1562 bytes]","args":[{"selector":{"id":"application-managepartners-display-component---NewPartner--addressEditDetailsCostObjectCstType-arrow"},"wdio_ui5_key":"applicationmanagepartners-display-component---NewPartner--addressEditDetailsCostObjectCstType-arrow"}]}
RESULT: undefined
COMMAND: POST /session/60a0e1168e549ca734fea4458a5c60f0/element - {"using":"xpath","value":"//*[@id=\"application-managepartners-display-component---NewPartner--addressEditDetailsCostObjectCstType-arrow\"]"}
RESULT: {}
RESULT: {"using":"xpath","value":"//*[@id=\"application-managepartners-display-component---NewPartner--addressEditDetailsCostObjectCstType-arrow\"]"}
COMMAND: POST /session/60a0e1168e549ca734fea4458a5c60f0/element/f.C26B870510AA224346A2563CAEABFE2B.d.5A07C04B6491F735FEFF6885A1DB0C65.e.4720/click - {}
RESULT: {}
COMMAND: POST /session/60a0e1168e549ca734fea4458a5c60f0/element - {"using":"xpath","value":"//span[contains(text(), \"Cost Center\")]"}
COMMAND: GET /session/60a0e1168e549ca734fea4458a5c60f0/screenshot - {}
RESULT: {"using":"xpath","value":"//span[contains(text(), \"Cost Center\")]"}
COMMAND: POST /session/60a0e1168e549ca734fea4458a5c60f0/element/f.C26B870510AA224346A2563CAEABFE2B.d.5A07C04B6491F735FEFF6885A1DB0C65.e.4721/click - {}
RESULT: {}
RESULT: {}
COMMAND: GET /session/60a0e1168e549ca734fea4458a5c60f0/screenshot - {}
RESULT: {}
COMMAND: POST /session/60a0e1168e549ca734fea4458a5c60f0/element - {"using":"xpath","value":"//span[@id=\"application-managepartners-display-component---NewPartner--addressNewCostObjectCstID-vhi\"]"}
RESULT: {"using":"xpath","value":"//span[@id=\"application-managepartners-display-component---NewPartner--addressNewCostObjectCstID-vhi\"]"}
COMMAND: POST /session/60a0e1168e549ca734fea4458a5c60f0/execute/sync - {"script":"<script> [8489 bytes]","args":[{"element-6066-11e4-a52e-4f735466cecf":"f.C26B870510AA224346A2563CAEABFE2B.d.5A07C04B6491F735FEFF6885A1DB0C65.e.4725","ELEMENT":"f.C26B870510AA224346A2563CAEABFE2B.d.5A07C04B6491F735FEFF6885A1DB0C65.e.4725"}]}
RESULT: {"script":"<script> [8489 bytes]","args":[{"element-6066-11e4-a52e-4f735466cecf":"f.C26B870510AA224346A2563CAEABFE2B.d.5A07C04B6491F735FEFF6885A1DB0C65.e.4725","ELEMENT":"f.C26B870510AA224346A2563CAEABFE2B.d.5A07C04B6491F735FEFF6885A1DB0C65.e.4725"}]}
COMMAND: POST /session/60a0e1168e549ca734fea4458a5c60f0/execute/async - {"script":"<script> [1562 bytes]","args":[{"selector":{"id":"application-managepartners-display-component---NewPartner--addressNewCostObjectCstID-vhi"},"wdio_ui5_key":"applicationmanagepartners-display-component---NewPartner--addressNewCostObjectCstID-vhi"}]}
COMMAND: GET /session/60a0e1168e549ca734fea4458a5c60f0/screenshot - {}
RESULT: {"script":"<script> [1562 bytes]","args":[{"selector":{"id":"application-managepartners-display-component---NewPartner--addressNewCostObjectCstID-vhi"},"wdio_ui5_key":"applicationmanagepartners-display-component---NewPartner--addressNewCostObjectCstID-vhi"}]}
RESULT: undefined
COMMAND: POST /session/60a0e1168e549ca734fea4458a5c60f0/element - {"using":"xpath","value":"//*[@id=\"application-managepartners-display-component---NewPartner--addressNewCostObjectCstID-vhi\"]"}
RESULT: {}
RESULT: {"using":"xpath","value":"//*[@id=\"application-managepartners-display-component---NewPartner--addressNewCostObjectCstID-vhi\"]"}
COMMAND: POST /session/60a0e1168e549ca734fea4458a5c60f0/element/f.C26B870510AA224346A2563CAEABFE2B.d.5A07C04B6491F735FEFF6885A1DB0C65.e.4725/click - {}
RESULT: {}
COMMAND: GET /session/60a0e1168e549ca734fea4458a5c60f0/screenshot - {}
RESULT: {}
RESULT: undefined
COMMAND: POST /session/60a0e1168e549ca734fea4458a5c60f0/execute/async - {"script":"<script> [776 bytes]","args":[{"enterText":"10001013","selector":{"controlType":"sap.m.SearchField","properties":{"placeholder":"Search"},"searchOpenDialogs":true,"interaction":{"idSuffix":"I"}},"clearTextFirst":true,"interactionType":"ENTER_TEXT"}]}
RESULT: {"script":"<script> [776 bytes]","args":[{"enterText":"10001013","selector":{"controlType":"sap.m.SearchField","properties":{"placeholder":"Search"},"searchOpenDialogs":true,"interaction":{"idSuffix":"I"}},"clearTextFirst":true,"interactionType":"ENTER_TEXT"}]}
COMMAND: POST /session/60a0e1168e549ca734fea4458a5c60f0/actions - {"actions":[{"id":"action12","type":"key","parameters":{},"actions":[{"type":"keyDown","value":"î€‡"},{"type":"pause","duration":10},{"type":"keyUp","value":"î€‡"}]}]}
RESULT: {"actions":[{"id":"action12","type":"key","parameters":{},"actions":[{"type":"keyDown","value":"î€‡"},{"type":"pause","duration":10},{"type":"keyUp","value":"î€‡"}]}]}
COMMAND: GET /session/60a0e1168e549ca734fea4458a5c60f0/screenshot - {}
RESULT: {}
COMMAND: POST /session/60a0e1168e549ca734fea4458a5c60f0/element - {"using":"xpath","value":"//span[contains(text(), \"General Management\")]"}
RESULT: {"using":"xpath","value":"//span[contains(text(), \"General Management\")]"}
COMMAND: POST /session/60a0e1168e549ca734fea4458a5c60f0/element/f.C26B870510AA224346A2563CAEABFE2B.d.5A07C04B6491F735FEFF6885A1DB0C65.e.4732/click - {}
RESULT: {}
COMMAND: GET /session/60a0e1168e549ca734fea4458a5c60f0/screenshot - {}
RESULT: {}
COMMAND: POST /session/60a0e1168e549ca734fea4458a5c60f0/element - {"using":"xpath","value":"//bdi[contains(text(), \"OK\")]"}
RESULT: {"using":"xpath","value":"//bdi[contains(text(), \"OK\")]"}
COMMAND: POST /session/60a0e1168e549ca734fea4458a5c60f0/element/f.C26B870510AA224346A2563CAEABFE2B.d.5A07C04B6491F735FEFF6885A1DB0C65.e.4734/click - {}
RESULT: {}
COMMAND: GET /session/60a0e1168e549ca734fea4458a5c60f0/screenshot - {}
RESULT: {}
COMMAND: POST /session/60a0e1168e549ca734fea4458a5c60f0/element - {"using":"xpath","value":"//input[@id=\"application-managepartners-display-component---NewPartner--companyCodeComboBox-inner\"]"}
RESULT: {"using":"xpath","value":"//input[@id=\"application-managepartners-display-component---NewPartner--companyCodeComboBox-inner\"]"}
COMMAND: POST /session/60a0e1168e549ca734fea4458a5c60f0/element/f.C26B870510AA224346A2563CAEABFE2B.d.5A07C04B6491F735FEFF6885A1DB0C65.e.4556/clear - {}
RESULT: {}
COMMAND: POST /session/60a0e1168e549ca734fea4458a5c60f0/element/f.C26B870510AA224346A2563CAEABFE2B.d.5A07C04B6491F735FEFF6885A1DB0C65.e.4556/value - {"text":"C002"}
COMMAND: GET /session/60a0e1168e549ca734fea4458a5c60f0/screenshot - {}
RESULT: {"text":"C002"}
COMMAND: GET /session/60a0e1168e549ca734fea4458a5c60f0/screenshot - {}
RESULT: {}
RESULT: {}
COMMAND: POST /session/60a0e1168e549ca734fea4458a5c60f0/element - {"using":"xpath","value":"//span[contains(text(), \"C002\")]"}
RESULT: {"using":"xpath","value":"//span[contains(text(), \"C002\")]"}
COMMAND: POST /session/60a0e1168e549ca734fea4458a5c60f0/element/f.C26B870510AA224346A2563CAEABFE2B.d.5A07C04B6491F735FEFF6885A1DB0C65.e.4740/click - {}
RESULT: {}
COMMAND: GET /session/60a0e1168e549ca734fea4458a5c60f0/screenshot - {}
RESULT: {}
COMMAND: POST /session/60a0e1168e549ca734fea4458a5c60f0/execute/async - {"script":"<script> [1562 bytes]","args":[{"selector":{"id":"application-managepartners-display-component---NewPartner--btnAddTableRow-img"},"wdio_ui5_key":"applicationmanagepartners-display-component---NewPartner--btnAddTableRow-img"}]}
RESULT: {"script":"<script> [1562 bytes]","args":[{"selector":{"id":"application-managepartners-display-component---NewPartner--btnAddTableRow-img"},"wdio_ui5_key":"applicationmanagepartners-display-component---NewPartner--btnAddTableRow-img"}]}
RESULT: undefined
COMMAND: POST /session/60a0e1168e549ca734fea4458a5c60f0/element - {"using":"xpath","value":"//*[@id=\"application-managepartners-display-component---NewPartner--btnAddTableRow-img\"]"}
RESULT: {"using":"xpath","value":"//*[@id=\"application-managepartners-display-component---NewPartner--btnAddTableRow-img\"]"}
COMMAND: POST /session/60a0e1168e549ca734fea4458a5c60f0/element/f.C26B870510AA224346A2563CAEABFE2B.d.5A07C04B6491F735FEFF6885A1DB0C65.e.4741/click - {}
RESULT: {}
COMMAND: GET /session/60a0e1168e549ca734fea4458a5c60f0/screenshot - {}
RESULT: {}
COMMAND: POST /session/60a0e1168e549ca734fea4458a5c60f0/element - {"using":"xpath","value":"//input[@id=\"application-managepartners-display-component---NewPartner--assignmentYard-application-managepartners-display-component---NewPartner--assignmentsTable-0-inner\"]"}
RESULT: {"using":"xpath","value":"//input[@id=\"application-managepartners-display-component---NewPartner--assignmentYard-application-managepartners-display-component---NewPartner--assignmentsTable-0-inner\"]"}
COMMAND: POST /session/60a0e1168e549ca734fea4458a5c60f0/element/f.C26B870510AA224346A2563CAEABFE2B.d.5A07C04B6491F735FEFF6885A1DB0C65.e.4744/clear - {}
RESULT: {}
COMMAND: POST /session/60a0e1168e549ca734fea4458a5c60f0/element/f.C26B870510AA224346A2563CAEABFE2B.d.5A07C04B6491F735FEFF6885A1DB0C65.e.4744/value - {"text":"238"}
COMMAND: GET /session/60a0e1168e549ca734fea4458a5c60f0/screenshot - {}
RESULT: {"text":"238"}
COMMAND: GET /session/60a0e1168e549ca734fea4458a5c60f0/screenshot - {}
RESULT: {}
RESULT: {}
COMMAND: POST /session/60a0e1168e549ca734fea4458a5c60f0/element - {"using":"xpath","value":"//li[.//span[text()='238']]"}
RESULT: {"using":"xpath","value":"//li[.//span[text()='238']]"}
COMMAND: POST /session/60a0e1168e549ca734fea4458a5c60f0/element/f.C26B870510AA224346A2563CAEABFE2B.d.5A07C04B6491F735FEFF6885A1DB0C65.e.4753/click - {}
RESULT: {}
COMMAND: GET /session/60a0e1168e549ca734fea4458a5c60f0/screenshot - {}
RESULT: {}
COMMAND: POST /session/60a0e1168e549ca734fea4458a5c60f0/actions - {"actions":[{"id":"action13","type":"key","parameters":{},"actions":[{"type":"keyDown","value":"î€‡"},{"type":"pause","duration":10},{"type":"keyUp","value":"î€‡"}]}]}
RESULT: {"actions":[{"id":"action13","type":"key","parameters":{},"actions":[{"type":"keyDown","value":"î€‡"},{"type":"pause","duration":10},{"type":"keyUp","value":"î€‡"}]}]}
COMMAND: POST /session/60a0e1168e549ca734fea4458a5c60f0/execute/async - {"script":"<script> [1562 bytes]","args":[{"selector":{"id":"application-managepartners-display-component---NewPartner--externalCustomerComboBox-application-managepartners-display-component---NewPartner--assignmentsTable-0-vhi"},"wdio_ui5_key":"applicationmanagepartners-display-component---NewPartner--externalCustomerComboBox-application-managepartners-display-component---NewPartner--assignmentsTable-0-vhi"}]}
COMMAND: GET /session/60a0e1168e549ca734fea4458a5c60f0/screenshot - {}
RESULT: {"script":"<script> [1562 bytes]","args":[{"selector":{"id":"application-managepartners-display-component---NewPartner--externalCustomerComboBox-application-managepartners-display-component---NewPartner--assignmentsTable-0-vhi"},"wdio_ui5_key":"applicationmanagepartners-display-component---NewPartner--externalCustomerComboBox-application-managepartners-display-component---NewPartner--assignmentsTable-0-vhi"}]}
RESULT: undefined
COMMAND: POST /session/60a0e1168e549ca734fea4458a5c60f0/element - {"using":"xpath","value":"//*[@id=\"application-managepartners-display-component---NewPartner--externalCustomerComboBox-application-managepartners-display-component---NewPartner--assignmentsTable-0-vhi\"]"}
RESULT: {}
RESULT: {"using":"xpath","value":"//*[@id=\"application-managepartners-display-component---NewPartner--externalCustomerComboBox-application-managepartners-display-component---NewPartner--assignmentsTable-0-vhi\"]"}
COMMAND: POST /session/60a0e1168e549ca734fea4458a5c60f0/element/f.C26B870510AA224346A2563CAEABFE2B.d.5A07C04B6491F735FEFF6885A1DB0C65.e.4757/click - {}
RESULT: {}
RESULT: undefined
COMMAND: POST /session/60a0e1168e549ca734fea4458a5c60f0/execute/async - {"script":"<script> [776 bytes]","args":[{"enterText":"300003","selector":{"controlType":"sap.m.SearchField","properties":{"placeholder":"Search"},"searchOpenDialogs":true,"interaction":{"idSuffix":"I"}},"clearTextFirst":true,"interactionType":"ENTER_TEXT"}]}
COMMAND: GET /session/60a0e1168e549ca734fea4458a5c60f0/screenshot - {}
RESULT: {"script":"<script> [776 bytes]","args":[{"enterText":"300003","selector":{"controlType":"sap.m.SearchField","properties":{"placeholder":"Search"},"searchOpenDialogs":true,"interaction":{"idSuffix":"I"}},"clearTextFirst":true,"interactionType":"ENTER_TEXT"}]}
COMMAND: POST /session/60a0e1168e549ca734fea4458a5c60f0/actions - {"actions":[{"id":"action14","type":"key","parameters":{},"actions":[{"type":"keyDown","value":"î€‡"},{"type":"pause","duration":10},{"type":"keyUp","value":"î€‡"}]}]}
RESULT: {}
RESULT: {"actions":[{"id":"action14","type":"key","parameters":{},"actions":[{"type":"keyDown","value":"î€‡"},{"type":"pause","duration":10},{"type":"keyUp","value":"î€‡"}]}]}
COMMAND: GET /session/60a0e1168e549ca734fea4458a5c60f0/screenshot - {}
RESULT: {}
COMMAND: POST /session/60a0e1168e549ca734fea4458a5c60f0/element - {"using":"xpath","value":"//span[contains(text(), \"300003\")]"}
RESULT: {"using":"xpath","value":"//span[contains(text(), \"300003\")]"}
COMMAND: POST /session/60a0e1168e549ca734fea4458a5c60f0/element/f.C26B870510AA224346A2563CAEABFE2B.d.5A07C04B6491F735FEFF6885A1DB0C65.e.4775/click - {}
RESULT: {}
COMMAND: GET /session/60a0e1168e549ca734fea4458a5c60f0/screenshot - {}
RESULT: {}
COMMAND: POST /session/60a0e1168e549ca734fea4458a5c60f0/element - {"using":"xpath","value":"//bdi[contains(text(), \"OK\")]"}
RESULT: {"using":"xpath","value":"//bdi[contains(text(), \"OK\")]"}
COMMAND: POST /session/60a0e1168e549ca734fea4458a5c60f0/element/f.C26B870510AA224346A2563CAEABFE2B.d.5A07C04B6491F735FEFF6885A1DB0C65.e.4777/click - {}
RESULT: {}
COMMAND: GET /session/60a0e1168e549ca734fea4458a5c60f0/screenshot - {}
RESULT: {}
COMMAND: POST /session/60a0e1168e549ca734fea4458a5c60f0/execute/async - {"script":"<script> [1562 bytes]","args":[{"selector":{"id":"application-managepartners-display-component---NewPartner--intercompVendorComboBox-application-managepartners-display-component---NewPartner--assignmentsTable-0-vhi"},"wdio_ui5_key":"applicationmanagepartners-display-component---NewPartner--intercompVendorComboBox-application-managepartners-display-component---NewPartner--assignmentsTable-0-vhi"}]}
RESULT: {"script":"<script> [1562 bytes]","args":[{"selector":{"id":"application-managepartners-display-component---NewPartner--intercompVendorComboBox-application-managepartners-display-component---NewPartner--assignmentsTable-0-vhi"},"wdio_ui5_key":"applicationmanagepartners-display-component---NewPartner--intercompVendorComboBox-application-managepartners-display-component---NewPartner--assignmentsTable-0-vhi"}]}
RESULT: undefined
COMMAND: POST /session/60a0e1168e549ca734fea4458a5c60f0/element - {"using":"xpath","value":"//*[@id=\"application-managepartners-display-component---NewPartner--intercompVendorComboBox-application-managepartners-display-component---NewPartner--assignmentsTable-0-vhi\"]"}
RESULT: {"using":"xpath","value":"//*[@id=\"application-managepartners-display-component---NewPartner--intercompVendorComboBox-application-managepartners-display-component---NewPartner--assignmentsTable-0-vhi\"]"}
COMMAND: POST /session/60a0e1168e549ca734fea4458a5c60f0/element/f.C26B870510AA224346A2563CAEABFE2B.d.5A07C04B6491F735FEFF6885A1DB0C65.e.4780/click - {}
RESULT: {}
RESULT: undefined
COMMAND: POST /session/60a0e1168e549ca734fea4458a5c60f0/execute/async - {"script":"<script> [776 bytes]","args":[{"enterText":"100005","selector":{"controlType":"sap.m.SearchField","properties":{"placeholder":"Search"},"searchOpenDialogs":true,"interaction":{"idSuffix":"I"}},"clearTextFirst":true,"interactionType":"ENTER_TEXT"}]}
COMMAND: GET /session/60a0e1168e549ca734fea4458a5c60f0/screenshot - {}
RESULT: {"script":"<script> [776 bytes]","args":[{"enterText":"100005","selector":{"controlType":"sap.m.SearchField","properties":{"placeholder":"Search"},"searchOpenDialogs":true,"interaction":{"idSuffix":"I"}},"clearTextFirst":true,"interactionType":"ENTER_TEXT"}]}
COMMAND: POST /session/60a0e1168e549ca734fea4458a5c60f0/actions - {"actions":[{"id":"action15","type":"key","parameters":{},"actions":[{"type":"keyDown","value":"î€‡"},{"type":"pause","duration":10},{"type":"keyUp","value":"î€‡"}]}]}
RESULT: {}
RESULT: {"actions":[{"id":"action15","type":"key","parameters":{},"actions":[{"type":"keyDown","value":"î€‡"},{"type":"pause","duration":10},{"type":"keyUp","value":"î€‡"}]}]}
COMMAND: GET /session/60a0e1168e549ca734fea4458a5c60f0/screenshot - {}
RESULT: {}
COMMAND: POST /session/60a0e1168e549ca734fea4458a5c60f0/element - {"using":"xpath","value":"//span[contains(text(), \"Penguins - Field/12345 Berlin\")]"}
RESULT: {"using":"xpath","value":"//span[contains(text(), \"Penguins - Field/12345 Berlin\")]"}
COMMAND: POST /session/60a0e1168e549ca734fea4458a5c60f0/element/f.C26B870510AA224346A2563CAEABFE2B.d.5A07C04B6491F735FEFF6885A1DB0C65.e.4799/click - {}
RESULT: {}
COMMAND: GET /session/60a0e1168e549ca734fea4458a5c60f0/screenshot - {}
RESULT: {}
COMMAND: POST /session/60a0e1168e549ca734fea4458a5c60f0/element - {"using":"xpath","value":"//bdi[contains(text(), \"OK\")]"}
RESULT: {"using":"xpath","value":"//bdi[contains(text(), \"OK\")]"}
COMMAND: POST /session/60a0e1168e549ca734fea4458a5c60f0/element/f.C26B870510AA224346A2563CAEABFE2B.d.5A07C04B6491F735FEFF6885A1DB0C65.e.4800/click - {}
RESULT: {}
COMMAND: GET /session/60a0e1168e549ca734fea4458a5c60f0/screenshot - {}
RESULT: {}
COMMAND: POST /session/60a0e1168e549ca734fea4458a5c60f0/element - {"using":"xpath","value":"//button[@data-kt=\"saveButton\"]"}
RESULT: {"using":"xpath","value":"//button[@data-kt=\"saveButton\"]"}
COMMAND: POST /session/60a0e1168e549ca734fea4458a5c60f0/element/f.C26B870510AA224346A2563CAEABFE2B.d.5A07C04B6491F735FEFF6885A1DB0C65.e.4684/click - {}
RESULT: {}
COMMAND: GET /session/60a0e1168e549ca734fea4458a5c60f0/screenshot - {}
RESULT: {}
COMMAND: POST /session/60a0e1168e549ca734fea4458a5c60f0/element - {"using":"xpath","value":"//header[contains(@id, 'ObjectPageLayout-headerTitle')]/div[1]/div[2]/div[2]/span[1]"}
RESULT: {"using":"xpath","value":"//header[contains(@id, 'ObjectPageLayout-headerTitle')]/div[1]/div[2]/div[2]/span[1]"}
COMMAND: POST /session/60a0e1168e549ca734fea4458a5c60f0/elements - {"using":"xpath","value":"//header[contains(@id, 'ObjectPageLayout-headerTitle')]/div[1]/div[2]/div[2]/span[1]"}
RESULT: {"using":"xpath","value":"//header[contains(@id, 'ObjectPageLayout-headerTitle')]/div[1]/div[2]/div[2]/span[1]"}
COMMAND: POST /session/60a0e1168e549ca734fea4458a5c60f0/execute/sync - {"script":"<script> [56 bytes]","args":[{"element-6066-11e4-a52e-4f735466cecf":"f.C26B870510AA224346A2563CAEABFE2B.d.5A07C04B6491F735FEFF6885A1DB0C65.e.4957","ELEMENT":"f.C26B870510AA224346A2563CAEABFE2B.d.5A07C04B6491F735FEFF6885A1DB0C65.e.4957"}]}
RESULT: {"script":"<script> [56 bytes]","args":[{"element-6066-11e4-a52e-4f735466cecf":"f.C26B870510AA224346A2563CAEABFE2B.d.5A07C04B6491F735FEFF6885A1DB0C65.e.4957","ELEMENT":"f.C26B870510AA224346A2563CAEABFE2B.d.5A07C04B6491F735FEFF6885A1DB0C65.e.4957"}]}
COMMAND: POST /session/60a0e1168e549ca734fea4458a5c60f0/element - {"using":"css selector","value":"#shell-header-logo"}
COMMAND: GET /session/60a0e1168e549ca734fea4458a5c60f0/screenshot - {}
RESULT: {"using":"css selector","value":"#shell-header-logo"}
COMMAND: POST /session/60a0e1168e549ca734fea4458a5c60f0/element/f.C26B870510AA224346A2563CAEABFE2B.d.5A07C04B6491F735FEFF6885A1DB0C65.e.4230/click - {}
RESULT: {}
RESULT: {}
COMMAND: GET /session/60a0e1168e549ca734fea4458a5c60f0/screenshot - {}
RESULT: {}
COMMAND: POST /session/60a0e1168e549ca734fea4458a5c60f0/execute/sync - {"script":"<script> [299 bytes]","args":[["getModel","getResource"]]}
RESULT: {"script":"<script> [299 bytes]","args":[["getModel","getResource"]]}
]]></system-out>
    </testcase>
    <testcase classname="chrome.135_0_7049_96.windows.Create_master_data_for_mixed_billing_&amp;_do_billing_calculation_US151661" name="Should create a new site" time="95.619">
      <system-out><![CDATA[
COMMAND: POST /session/60a0e1168e549ca734fea4458a5c60f0/execute/async - {"script":"<script> [1562 bytes]","args":[{"selector":{"controlType":"sap.m.TileContent","bindingPath":{"path":"","propertyPath":"/properties/info"},"ancestor":{"controlType":"sap.m.GenericTile","properties":{"header":"Manage Sites"}}},"wdio_ui5_key":"sapm.TileContent{\"path\":\"\",\"propertyPath\":\"/properties/info\"}{\"controlType\":\"sap.m.GenericTile\",\"properties\":{\"header\":\"Manage Sites\"}}"}]}
COMMAND: GET /session/60a0e1168e549ca734fea4458a5c60f0/screenshot - {}
RESULT: {"script":"<script> [1562 bytes]","args":[{"selector":{"controlType":"sap.m.TileContent","bindingPath":{"path":"","propertyPath":"/properties/info"},"ancestor":{"controlType":"sap.m.GenericTile","properties":{"header":"Manage Sites"}}},"wdio_ui5_key":"sapm.TileContent{\"path\":\"\",\"propertyPath\":\"/properties/info\"}{\"controlType\":\"sap.m.GenericTile\",\"properties\":{\"header\":\"Manage Sites\"}}"}]}
RESULT: undefined
COMMAND: POST /session/60a0e1168e549ca734fea4458a5c60f0/element - {"using":"xpath","value":"//*[@id=\"__xmlview7--numericTileContent\"]"}
RESULT: {}
RESULT: {"using":"xpath","value":"//*[@id=\"__xmlview7--numericTileContent\"]"}
COMMAND: POST /session/60a0e1168e549ca734fea4458a5c60f0/element/f.C26B870510AA224346A2563CAEABFE2B.d.5A07C04B6491F735FEFF6885A1DB0C65.e.4959/click - {}
RESULT: {}
COMMAND: POST /session/60a0e1168e549ca734fea4458a5c60f0/element - {"using":"xpath","value":"//button[@data-kt=\"addOverflowToolbarButton\"]"}
COMMAND: GET /session/60a0e1168e549ca734fea4458a5c60f0/screenshot - {}
RESULT: {"using":"xpath","value":"//button[@data-kt=\"addOverflowToolbarButton\"]"}
COMMAND: POST /session/60a0e1168e549ca734fea4458a5c60f0/elements - {"using":"xpath","value":"//button[@data-kt=\"addOverflowToolbarButton\"]"}
RESULT: {}
RESULT: {"using":"xpath","value":"//button[@data-kt=\"addOverflowToolbarButton\"]"}
COMMAND: POST /session/60a0e1168e549ca734fea4458a5c60f0/elements - {"using":"xpath","value":"//button[@data-kt=\"addOverflowToolbarButton\"]"}
RESULT: {"using":"xpath","value":"//button[@data-kt=\"addOverflowToolbarButton\"]"}
COMMAND: POST /session/60a0e1168e549ca734fea4458a5c60f0/elements - {"using":"xpath","value":"//button[@data-kt=\"addOverflowToolbarButton\"]"}
RESULT: {"using":"xpath","value":"//button[@data-kt=\"addOverflowToolbarButton\"]"}
COMMAND: POST /session/60a0e1168e549ca734fea4458a5c60f0/elements - {"using":"xpath","value":"//button[@data-kt=\"addOverflowToolbarButton\"]"}
RESULT: {"using":"xpath","value":"//button[@data-kt=\"addOverflowToolbarButton\"]"}
COMMAND: POST /session/60a0e1168e549ca734fea4458a5c60f0/elements - {"using":"xpath","value":"//button[@data-kt=\"addOverflowToolbarButton\"]"}
RESULT: {"using":"xpath","value":"//button[@data-kt=\"addOverflowToolbarButton\"]"}
COMMAND: POST /session/60a0e1168e549ca734fea4458a5c60f0/elements - {"using":"xpath","value":"//button[@data-kt=\"addOverflowToolbarButton\"]"}
RESULT: {"using":"xpath","value":"//button[@data-kt=\"addOverflowToolbarButton\"]"}
COMMAND: POST /session/60a0e1168e549ca734fea4458a5c60f0/elements - {"using":"xpath","value":"//button[@data-kt=\"addOverflowToolbarButton\"]"}
RESULT: {"using":"xpath","value":"//button[@data-kt=\"addOverflowToolbarButton\"]"}
COMMAND: POST /session/60a0e1168e549ca734fea4458a5c60f0/elements - {"using":"xpath","value":"//button[@data-kt=\"addOverflowToolbarButton\"]"}
RESULT: {"using":"xpath","value":"//button[@data-kt=\"addOverflowToolbarButton\"]"}
COMMAND: POST /session/60a0e1168e549ca734fea4458a5c60f0/elements - {"using":"xpath","value":"//button[@data-kt=\"addOverflowToolbarButton\"]"}
RESULT: {"using":"xpath","value":"//button[@data-kt=\"addOverflowToolbarButton\"]"}
COMMAND: POST /session/60a0e1168e549ca734fea4458a5c60f0/elements - {"using":"xpath","value":"//button[@data-kt=\"addOverflowToolbarButton\"]"}
RESULT: {"using":"xpath","value":"//button[@data-kt=\"addOverflowToolbarButton\"]"}
COMMAND: POST /session/60a0e1168e549ca734fea4458a5c60f0/elements - {"using":"xpath","value":"//button[@data-kt=\"addOverflowToolbarButton\"]"}
RESULT: {"using":"xpath","value":"//button[@data-kt=\"addOverflowToolbarButton\"]"}
COMMAND: POST /session/60a0e1168e549ca734fea4458a5c60f0/elements - {"using":"xpath","value":"//button[@data-kt=\"addOverflowToolbarButton\"]"}
RESULT: {"using":"xpath","value":"//button[@data-kt=\"addOverflowToolbarButton\"]"}
COMMAND: POST /session/60a0e1168e549ca734fea4458a5c60f0/elements - {"using":"xpath","value":"//button[@data-kt=\"addOverflowToolbarButton\"]"}
RESULT: {"using":"xpath","value":"//button[@data-kt=\"addOverflowToolbarButton\"]"}
COMMAND: POST /session/60a0e1168e549ca734fea4458a5c60f0/elements - {"using":"xpath","value":"//button[@data-kt=\"addOverflowToolbarButton\"]"}
RESULT: {"using":"xpath","value":"//button[@data-kt=\"addOverflowToolbarButton\"]"}
COMMAND: POST /session/60a0e1168e549ca734fea4458a5c60f0/elements - {"using":"xpath","value":"//button[@data-kt=\"addOverflowToolbarButton\"]"}
RESULT: {"using":"xpath","value":"//button[@data-kt=\"addOverflowToolbarButton\"]"}
COMMAND: POST /session/60a0e1168e549ca734fea4458a5c60f0/elements - {"using":"xpath","value":"//button[@data-kt=\"addOverflowToolbarButton\"]"}
RESULT: {"using":"xpath","value":"//button[@data-kt=\"addOverflowToolbarButton\"]"}
COMMAND: POST /session/60a0e1168e549ca734fea4458a5c60f0/elements - {"using":"xpath","value":"//button[@data-kt=\"addOverflowToolbarButton\"]"}
RESULT: {"using":"xpath","value":"//button[@data-kt=\"addOverflowToolbarButton\"]"}
COMMAND: POST /session/60a0e1168e549ca734fea4458a5c60f0/elements - {"using":"xpath","value":"//button[@data-kt=\"addOverflowToolbarButton\"]"}
RESULT: {"using":"xpath","value":"//button[@data-kt=\"addOverflowToolbarButton\"]"}
COMMAND: POST /session/60a0e1168e549ca734fea4458a5c60f0/element - {"using":"xpath","value":"//button[@data-kt=\"addOverflowToolbarButton\"]"}
RESULT: {"using":"xpath","value":"//button[@data-kt=\"addOverflowToolbarButton\"]"}
COMMAND: POST /session/60a0e1168e549ca734fea4458a5c60f0/execute/sync - {"script":"<script> [8489 bytes]","args":[{"element-6066-11e4-a52e-4f735466cecf":"f.C26B870510AA224346A2563CAEABFE2B.d.5A07C04B6491F735FEFF6885A1DB0C65.e.5005","ELEMENT":"f.C26B870510AA224346A2563CAEABFE2B.d.5A07C04B6491F735FEFF6885A1DB0C65.e.5005"}]}
RESULT: {"script":"<script> [8489 bytes]","args":[{"element-6066-11e4-a52e-4f735466cecf":"f.C26B870510AA224346A2563CAEABFE2B.d.5A07C04B6491F735FEFF6885A1DB0C65.e.5005","ELEMENT":"f.C26B870510AA224346A2563CAEABFE2B.d.5A07C04B6491F735FEFF6885A1DB0C65.e.5005"}]}
COMMAND: GET /session/60a0e1168e549ca734fea4458a5c60f0/element/f.C26B870510AA224346A2563CAEABFE2B.d.5A07C04B6491F735FEFF6885A1DB0C65.e.5005/enabled - {}
COMMAND: GET /session/60a0e1168e549ca734fea4458a5c60f0/screenshot - {}
RESULT: {}
COMMAND: POST /session/60a0e1168e549ca734fea4458a5c60f0/execute/sync - {"script":"<script> [8489 bytes]","args":[{"element-6066-11e4-a52e-4f735466cecf":"f.C26B870510AA224346A2563CAEABFE2B.d.5A07C04B6491F735FEFF6885A1DB0C65.e.5005","ELEMENT":"f.C26B870510AA224346A2563CAEABFE2B.d.5A07C04B6491F735FEFF6885A1DB0C65.e.5005"}]}
COMMAND: GET /session/60a0e1168e549ca734fea4458a5c60f0/screenshot - {}
RESULT: {}
RESULT: {"script":"<script> [8489 bytes]","args":[{"element-6066-11e4-a52e-4f735466cecf":"f.C26B870510AA224346A2563CAEABFE2B.d.5A07C04B6491F735FEFF6885A1DB0C65.e.5005","ELEMENT":"f.C26B870510AA224346A2563CAEABFE2B.d.5A07C04B6491F735FEFF6885A1DB0C65.e.5005"}]}
COMMAND: POST /session/60a0e1168e549ca734fea4458a5c60f0/execute/sync - {"script":"<script> [5351 bytes]","args":[{"element-6066-11e4-a52e-4f735466cecf":"f.C26B870510AA224346A2563CAEABFE2B.d.5A07C04B6491F735FEFF6885A1DB0C65.e.5005","ELEMENT":"f.C26B870510AA224346A2563CAEABFE2B.d.5A07C04B6491F735FEFF6885A1DB0C65.e.5005"}]}
COMMAND: GET /session/60a0e1168e549ca734fea4458a5c60f0/screenshot - {}
RESULT: {}
RESULT: {"script":"<script> [5351 bytes]","args":[{"element-6066-11e4-a52e-4f735466cecf":"f.C26B870510AA224346A2563CAEABFE2B.d.5A07C04B6491F735FEFF6885A1DB0C65.e.5005","ELEMENT":"f.C26B870510AA224346A2563CAEABFE2B.d.5A07C04B6491F735FEFF6885A1DB0C65.e.5005"}]}
COMMAND: POST /session/60a0e1168e549ca734fea4458a5c60f0/element/f.C26B870510AA224346A2563CAEABFE2B.d.5A07C04B6491F735FEFF6885A1DB0C65.e.5005/click - {}
COMMAND: GET /session/60a0e1168e549ca734fea4458a5c60f0/screenshot - {}
RESULT: {}
RESULT: {}
COMMAND: GET /session/60a0e1168e549ca734fea4458a5c60f0/screenshot - {}
COMMAND: POST /session/60a0e1168e549ca734fea4458a5c60f0/execute/async - {"script":"<script> [1562 bytes]","args":[{"selector":{"id":"application-managesites-display-component---NewSite--addressDetailDetailsName1","interaction":{"idSuffix":"inner"}},"wdio_ui5_key":"applicationmanagesites-display-component---NewSite--addressDetailDetailsName1"}]}
RESULT: {}
RESULT: {}
RESULT: {"script":"<script> [1562 bytes]","args":[{"selector":{"id":"application-managesites-display-component---NewSite--addressDetailDetailsName1","interaction":{"idSuffix":"inner"}},"wdio_ui5_key":"applicationmanagesites-display-component---NewSite--addressDetailDetailsName1"}]}
RESULT: undefined
COMMAND: POST /session/60a0e1168e549ca734fea4458a5c60f0/execute/async - {"script":"<script> [776 bytes]","args":[{"enterText":"Intercompany Site wdIO","selector":{"id":"application-managesites-display-component---NewSite--addressDetailDetailsName1","interaction":{"idSuffix":"inner"}},"clearTextFirst":true,"interactionType":"ENTER_TEXT"}]}
RESULT: {"script":"<script> [776 bytes]","args":[{"enterText":"Intercompany Site wdIO","selector":{"id":"application-managesites-display-component---NewSite--addressDetailDetailsName1","interaction":{"idSuffix":"inner"}},"clearTextFirst":true,"interactionType":"ENTER_TEXT"}]}
COMMAND: POST /session/60a0e1168e549ca734fea4458a5c60f0/execute/async - {"script":"<script> [1562 bytes]","args":[{"selector":{"id":"application-managesites-display-component---NewSite--addressDetailDetailsLanguage-arrow"},"wdio_ui5_key":"applicationmanagesites-display-component---NewSite--addressDetailDetailsLanguage-arrow"}]}
RESULT: {"script":"<script> [1562 bytes]","args":[{"selector":{"id":"application-managesites-display-component---NewSite--addressDetailDetailsLanguage-arrow"},"wdio_ui5_key":"applicationmanagesites-display-component---NewSite--addressDetailDetailsLanguage-arrow"}]}
RESULT: undefined
COMMAND: POST /session/60a0e1168e549ca734fea4458a5c60f0/element - {"using":"xpath","value":"//*[@id=\"application-managesites-display-component---NewSite--addressDetailDetailsLanguage-arrow\"]"}
RESULT: {"using":"xpath","value":"//*[@id=\"application-managesites-display-component---NewSite--addressDetailDetailsLanguage-arrow\"]"}
COMMAND: POST /session/60a0e1168e549ca734fea4458a5c60f0/element/f.C26B870510AA224346A2563CAEABFE2B.d.5A07C04B6491F735FEFF6885A1DB0C65.e.5394/click - {}
RESULT: {}
COMMAND: POST /session/60a0e1168e549ca734fea4458a5c60f0/element - {"using":"xpath","value":"//span[contains(text(), \"English\")]"}
COMMAND: GET /session/60a0e1168e549ca734fea4458a5c60f0/screenshot - {}
RESULT: {"using":"xpath","value":"//span[contains(text(), \"English\")]"}
COMMAND: POST /session/60a0e1168e549ca734fea4458a5c60f0/element/f.C26B870510AA224346A2563CAEABFE2B.d.5A07C04B6491F735FEFF6885A1DB0C65.e.5395/click - {}
RESULT: {}
RESULT: {}
COMMAND: POST /session/60a0e1168e549ca734fea4458a5c60f0/execute/async - {"script":"<script> [1562 bytes]","args":[{"selector":{"id":"application-managesites-display-component---NewSite--addressDetailDetailsCity1","interaction":{"idSuffix":"inner"}},"wdio_ui5_key":"applicationmanagesites-display-component---NewSite--addressDetailDetailsCity1"}]}
COMMAND: GET /session/60a0e1168e549ca734fea4458a5c60f0/screenshot - {}
RESULT: {"script":"<script> [1562 bytes]","args":[{"selector":{"id":"application-managesites-display-component---NewSite--addressDetailDetailsCity1","interaction":{"idSuffix":"inner"}},"wdio_ui5_key":"applicationmanagesites-display-component---NewSite--addressDetailDetailsCity1"}]}
RESULT: undefined
COMMAND: POST /session/60a0e1168e549ca734fea4458a5c60f0/execute/async - {"script":"<script> [776 bytes]","args":[{"enterText":"Rosario","selector":{"id":"application-managesites-display-component---NewSite--addressDetailDetailsCity1","interaction":{"idSuffix":"inner"}},"clearTextFirst":true,"interactionType":"ENTER_TEXT"}]}
RESULT: {}
RESULT: {"script":"<script> [776 bytes]","args":[{"enterText":"Rosario","selector":{"id":"application-managesites-display-component---NewSite--addressDetailDetailsCity1","interaction":{"idSuffix":"inner"}},"clearTextFirst":true,"interactionType":"ENTER_TEXT"}]}
COMMAND: POST /session/60a0e1168e549ca734fea4458a5c60f0/execute/async - {"script":"<script> [1562 bytes]","args":[{"selector":{"id":"application-managesites-display-component---NewSite--addressDetailDetailsCountry-arrow"},"wdio_ui5_key":"applicationmanagesites-display-component---NewSite--addressDetailDetailsCountry-arrow"}]}
RESULT: {"script":"<script> [1562 bytes]","args":[{"selector":{"id":"application-managesites-display-component---NewSite--addressDetailDetailsCountry-arrow"},"wdio_ui5_key":"applicationmanagesites-display-component---NewSite--addressDetailDetailsCountry-arrow"}]}
RESULT: undefined
COMMAND: POST /session/60a0e1168e549ca734fea4458a5c60f0/element - {"using":"xpath","value":"//*[@id=\"application-managesites-display-component---NewSite--addressDetailDetailsCountry-arrow\"]"}
RESULT: {"using":"xpath","value":"//*[@id=\"application-managesites-display-component---NewSite--addressDetailDetailsCountry-arrow\"]"}
COMMAND: POST /session/60a0e1168e549ca734fea4458a5c60f0/element/f.C26B870510AA224346A2563CAEABFE2B.d.5A07C04B6491F735FEFF6885A1DB0C65.e.5397/click - {}
RESULT: {}
COMMAND: POST /session/60a0e1168e549ca734fea4458a5c60f0/element - {"using":"xpath","value":"//span[contains(text(), \"Argentina\")]"}
COMMAND: GET /session/60a0e1168e549ca734fea4458a5c60f0/screenshot - {}
RESULT: {"using":"xpath","value":"//span[contains(text(), \"Argentina\")]"}
COMMAND: POST /session/60a0e1168e549ca734fea4458a5c60f0/element/f.C26B870510AA224346A2563CAEABFE2B.d.5A07C04B6491F735FEFF6885A1DB0C65.e.5398/click - {}
RESULT: {}
RESULT: {}
COMMAND: GET /session/60a0e1168e549ca734fea4458a5c60f0/screenshot - {}
RESULT: {}
COMMAND: POST /session/60a0e1168e549ca734fea4458a5c60f0/execute/async - {"script":"<script> [1562 bytes]","args":[{"selector":{"id":"application-managesites-display-component---NewSite--addressEditDetailsCostObjectCstType-arrow"},"wdio_ui5_key":"applicationmanagesites-display-component---NewSite--addressEditDetailsCostObjectCstType-arrow"}]}
RESULT: {"script":"<script> [1562 bytes]","args":[{"selector":{"id":"application-managesites-display-component---NewSite--addressEditDetailsCostObjectCstType-arrow"},"wdio_ui5_key":"applicationmanagesites-display-component---NewSite--addressEditDetailsCostObjectCstType-arrow"}]}
RESULT: undefined
COMMAND: POST /session/60a0e1168e549ca734fea4458a5c60f0/element - {"using":"xpath","value":"//*[@id=\"application-managesites-display-component---NewSite--addressEditDetailsCostObjectCstType-arrow\"]"}
RESULT: {"using":"xpath","value":"//*[@id=\"application-managesites-display-component---NewSite--addressEditDetailsCostObjectCstType-arrow\"]"}
COMMAND: POST /session/60a0e1168e549ca734fea4458a5c60f0/element/f.C26B870510AA224346A2563CAEABFE2B.d.5A07C04B6491F735FEFF6885A1DB0C65.e.5400/click - {}
RESULT: {}
COMMAND: POST /session/60a0e1168e549ca734fea4458a5c60f0/element - {"using":"xpath","value":"//span[contains(text(), \"Cost Center\")]"}
COMMAND: GET /session/60a0e1168e549ca734fea4458a5c60f0/screenshot - {}
RESULT: {"using":"xpath","value":"//span[contains(text(), \"Cost Center\")]"}
COMMAND: POST /session/60a0e1168e549ca734fea4458a5c60f0/element/f.C26B870510AA224346A2563CAEABFE2B.d.5A07C04B6491F735FEFF6885A1DB0C65.e.5401/click - {}
RESULT: {}
RESULT: {}
COMMAND: GET /session/60a0e1168e549ca734fea4458a5c60f0/screenshot - {}
RESULT: {}
COMMAND: POST /session/60a0e1168e549ca734fea4458a5c60f0/element - {"using":"xpath","value":"//span[@id=\"application-managesites-display-component---NewSite--addressNewCostObjectCstID-vhi\"]"}
RESULT: {"using":"xpath","value":"//span[@id=\"application-managesites-display-component---NewSite--addressNewCostObjectCstID-vhi\"]"}
COMMAND: POST /session/60a0e1168e549ca734fea4458a5c60f0/execute/sync - {"script":"<script> [8489 bytes]","args":[{"element-6066-11e4-a52e-4f735466cecf":"f.C26B870510AA224346A2563CAEABFE2B.d.5A07C04B6491F735FEFF6885A1DB0C65.e.5406","ELEMENT":"f.C26B870510AA224346A2563CAEABFE2B.d.5A07C04B6491F735FEFF6885A1DB0C65.e.5406"}]}
RESULT: {"script":"<script> [8489 bytes]","args":[{"element-6066-11e4-a52e-4f735466cecf":"f.C26B870510AA224346A2563CAEABFE2B.d.5A07C04B6491F735FEFF6885A1DB0C65.e.5406","ELEMENT":"f.C26B870510AA224346A2563CAEABFE2B.d.5A07C04B6491F735FEFF6885A1DB0C65.e.5406"}]}
COMMAND: POST /session/60a0e1168e549ca734fea4458a5c60f0/execute/async - {"script":"<script> [1562 bytes]","args":[{"selector":{"id":"application-managesites-display-component---NewSite--addressNewCostObjectCstID-vhi"},"wdio_ui5_key":"applicationmanagesites-display-component---NewSite--addressNewCostObjectCstID-vhi"}]}
COMMAND: GET /session/60a0e1168e549ca734fea4458a5c60f0/screenshot - {}
RESULT: {"script":"<script> [1562 bytes]","args":[{"selector":{"id":"application-managesites-display-component---NewSite--addressNewCostObjectCstID-vhi"},"wdio_ui5_key":"applicationmanagesites-display-component---NewSite--addressNewCostObjectCstID-vhi"}]}
RESULT: undefined
COMMAND: POST /session/60a0e1168e549ca734fea4458a5c60f0/element - {"using":"xpath","value":"//*[@id=\"application-managesites-display-component---NewSite--addressNewCostObjectCstID-vhi\"]"}
RESULT: {}
RESULT: {"using":"xpath","value":"//*[@id=\"application-managesites-display-component---NewSite--addressNewCostObjectCstID-vhi\"]"}
COMMAND: POST /session/60a0e1168e549ca734fea4458a5c60f0/element/f.C26B870510AA224346A2563CAEABFE2B.d.5A07C04B6491F735FEFF6885A1DB0C65.e.5406/click - {}
RESULT: {}
COMMAND: GET /session/60a0e1168e549ca734fea4458a5c60f0/screenshot - {}
RESULT: {}
RESULT: undefined
COMMAND: POST /session/60a0e1168e549ca734fea4458a5c60f0/execute/async - {"script":"<script> [776 bytes]","args":[{"enterText":"10001013","selector":{"controlType":"sap.m.SearchField","properties":{"placeholder":"Search"},"searchOpenDialogs":true,"interaction":{"idSuffix":"I"}},"clearTextFirst":true,"interactionType":"ENTER_TEXT"}]}
RESULT: {"script":"<script> [776 bytes]","args":[{"enterText":"10001013","selector":{"controlType":"sap.m.SearchField","properties":{"placeholder":"Search"},"searchOpenDialogs":true,"interaction":{"idSuffix":"I"}},"clearTextFirst":true,"interactionType":"ENTER_TEXT"}]}
COMMAND: POST /session/60a0e1168e549ca734fea4458a5c60f0/actions - {"actions":[{"id":"action16","type":"key","parameters":{},"actions":[{"type":"keyDown","value":"î€‡"},{"type":"pause","duration":10},{"type":"keyUp","value":"î€‡"}]}]}
RESULT: {"actions":[{"id":"action16","type":"key","parameters":{},"actions":[{"type":"keyDown","value":"î€‡"},{"type":"pause","duration":10},{"type":"keyUp","value":"î€‡"}]}]}
COMMAND: GET /session/60a0e1168e549ca734fea4458a5c60f0/screenshot - {}
RESULT: {}
COMMAND: POST /session/60a0e1168e549ca734fea4458a5c60f0/element - {"using":"xpath","value":"//span[contains(text(), \"General Management\")]"}
RESULT: {"using":"xpath","value":"//span[contains(text(), \"General Management\")]"}
COMMAND: POST /session/60a0e1168e549ca734fea4458a5c60f0/element/f.C26B870510AA224346A2563CAEABFE2B.d.5A07C04B6491F735FEFF6885A1DB0C65.e.5446/click - {}
RESULT: {}
COMMAND: GET /session/60a0e1168e549ca734fea4458a5c60f0/screenshot - {}
RESULT: {}
COMMAND: POST /session/60a0e1168e549ca734fea4458a5c60f0/element - {"using":"xpath","value":"//bdi[contains(text(), \"OK\")]"}
RESULT: {"using":"xpath","value":"//bdi[contains(text(), \"OK\")]"}
COMMAND: POST /session/60a0e1168e549ca734fea4458a5c60f0/element/f.C26B870510AA224346A2563CAEABFE2B.d.5A07C04B6491F735FEFF6885A1DB0C65.e.5447/click - {}
RESULT: {}
COMMAND: GET /session/60a0e1168e549ca734fea4458a5c60f0/screenshot - {}
RESULT: {}
COMMAND: POST /session/60a0e1168e549ca734fea4458a5c60f0/element - {"using":"xpath","value":"//input[@id=\"application-managesites-display-component---NewSite--addressDetailDetailsCalendar-inner\"]"}
RESULT: {"using":"xpath","value":"//input[@id=\"application-managesites-display-component---NewSite--addressDetailDetailsCalendar-inner\"]"}
COMMAND: POST /session/60a0e1168e549ca734fea4458a5c60f0/element/f.C26B870510AA224346A2563CAEABFE2B.d.5A07C04B6491F735FEFF6885A1DB0C65.e.5240/clear - {}
RESULT: {}
COMMAND: POST /session/60a0e1168e549ca734fea4458a5c60f0/element/f.C26B870510AA224346A2563CAEABFE2B.d.5A07C04B6491F735FEFF6885A1DB0C65.e.5240/value - {"text":"Unit"}
COMMAND: GET /session/60a0e1168e549ca734fea4458a5c60f0/screenshot - {}
RESULT: {"text":"Unit"}
COMMAND: GET /session/60a0e1168e549ca734fea4458a5c60f0/screenshot - {}
RESULT: {}
RESULT: {}
COMMAND: POST /session/60a0e1168e549ca734fea4458a5c60f0/actions - {"actions":[{"id":"action17","type":"key","parameters":{},"actions":[{"type":"keyDown","value":"î€‡"},{"type":"pause","duration":10},{"type":"keyUp","value":"î€‡"}]}]}
RESULT: {"actions":[{"id":"action17","type":"key","parameters":{},"actions":[{"type":"keyDown","value":"î€‡"},{"type":"pause","duration":10},{"type":"keyUp","value":"î€‡"}]}]}
COMMAND: POST /session/60a0e1168e549ca734fea4458a5c60f0/element - {"using":"xpath","value":"//input[@id=\"application-managesites-display-component---NewSite--addressDetailDetailsYard-inner\"]"}
COMMAND: GET /session/60a0e1168e549ca734fea4458a5c60f0/screenshot - {}
RESULT: {"using":"xpath","value":"//input[@id=\"application-managesites-display-component---NewSite--addressDetailDetailsYard-inner\"]"}
COMMAND: POST /session/60a0e1168e549ca734fea4458a5c60f0/element/f.C26B870510AA224346A2563CAEABFE2B.d.5A07C04B6491F735FEFF6885A1DB0C65.e.5241/clear - {}
RESULT: {}
RESULT: {}
COMMAND: POST /session/60a0e1168e549ca734fea4458a5c60f0/element/f.C26B870510AA224346A2563CAEABFE2B.d.5A07C04B6491F735FEFF6885A1DB0C65.e.5241/value - {"text":"238"}
COMMAND: GET /session/60a0e1168e549ca734fea4458a5c60f0/screenshot - {}
RESULT: {"text":"238"}
COMMAND: GET /session/60a0e1168e549ca734fea4458a5c60f0/screenshot - {}
RESULT: {}
RESULT: {}
COMMAND: POST /session/60a0e1168e549ca734fea4458a5c60f0/element - {"using":"xpath","value":"//li[.//span[text()='238']]"}
RESULT: {"using":"xpath","value":"//li[.//span[text()='238']]"}
COMMAND: POST /session/60a0e1168e549ca734fea4458a5c60f0/element/f.C26B870510AA224346A2563CAEABFE2B.d.5A07C04B6491F735FEFF6885A1DB0C65.e.5455/click - {}
RESULT: {}
COMMAND: GET /session/60a0e1168e549ca734fea4458a5c60f0/screenshot - {}
RESULT: {}
COMMAND: POST /session/60a0e1168e549ca734fea4458a5c60f0/element - {"using":"xpath","value":"//input[@id=\"application-managesites-display-component---NewSite--addressDetailDetailsPartner-inner\"]"}
RESULT: {"using":"xpath","value":"//input[@id=\"application-managesites-display-component---NewSite--addressDetailDetailsPartner-inner\"]"}
COMMAND: POST /session/60a0e1168e549ca734fea4458a5c60f0/element - {"using":"xpath","value":"//input[@id=\"application-managesites-display-component---NewSite--addressDetailDetailsPartner-inner\"]"}
RESULT: {"using":"xpath","value":"//input[@id=\"application-managesites-display-component---NewSite--addressDetailDetailsPartner-inner\"]"}
COMMAND: POST /session/60a0e1168e549ca734fea4458a5c60f0/element - {"using":"xpath","value":"//button[@data-kt=\"saveButton\"]"}
RESULT: {"using":"xpath","value":"//button[@data-kt=\"saveButton\"]"}
COMMAND: POST /session/60a0e1168e549ca734fea4458a5c60f0/element/f.C26B870510AA224346A2563CAEABFE2B.d.5A07C04B6491F735FEFF6885A1DB0C65.e.5379/click - {}
RESULT: {}
COMMAND: GET /session/60a0e1168e549ca734fea4458a5c60f0/screenshot - {}
RESULT: {}
COMMAND: POST /session/60a0e1168e549ca734fea4458a5c60f0/element - {"using":"xpath","value":"//header[contains(@id, 'ObjectPageLayout-headerTitle')]/div[1]/div[2]/div[2]/span[1]"}
RESULT: {"using":"xpath","value":"//header[contains(@id, 'ObjectPageLayout-headerTitle')]/div[1]/div[2]/div[2]/span[1]"}
COMMAND: POST /session/60a0e1168e549ca734fea4458a5c60f0/elements - {"using":"xpath","value":"//header[contains(@id, 'ObjectPageLayout-headerTitle')]/div[1]/div[2]/div[2]/span[1]"}
RESULT: {"using":"xpath","value":"//header[contains(@id, 'ObjectPageLayout-headerTitle')]/div[1]/div[2]/div[2]/span[1]"}
COMMAND: POST /session/60a0e1168e549ca734fea4458a5c60f0/execute/sync - {"script":"<script> [56 bytes]","args":[{"element-6066-11e4-a52e-4f735466cecf":"f.C26B870510AA224346A2563CAEABFE2B.d.5A07C04B6491F735FEFF6885A1DB0C65.e.5648","ELEMENT":"f.C26B870510AA224346A2563CAEABFE2B.d.5A07C04B6491F735FEFF6885A1DB0C65.e.5648"}]}
RESULT: {"script":"<script> [56 bytes]","args":[{"element-6066-11e4-a52e-4f735466cecf":"f.C26B870510AA224346A2563CAEABFE2B.d.5A07C04B6491F735FEFF6885A1DB0C65.e.5648","ELEMENT":"f.C26B870510AA224346A2563CAEABFE2B.d.5A07C04B6491F735FEFF6885A1DB0C65.e.5648"}]}
COMMAND: POST /session/60a0e1168e549ca734fea4458a5c60f0/element - {"using":"css selector","value":"#shell-header-logo"}
COMMAND: GET /session/60a0e1168e549ca734fea4458a5c60f0/screenshot - {}
RESULT: {"using":"css selector","value":"#shell-header-logo"}
COMMAND: POST /session/60a0e1168e549ca734fea4458a5c60f0/element/f.C26B870510AA224346A2563CAEABFE2B.d.5A07C04B6491F735FEFF6885A1DB0C65.e.4962/click - {}
RESULT: {}
RESULT: {}
COMMAND: GET /session/60a0e1168e549ca734fea4458a5c60f0/screenshot - {}
RESULT: {}
COMMAND: POST /session/60a0e1168e549ca734fea4458a5c60f0/execute/sync - {"script":"<script> [299 bytes]","args":[["getModel","getResource"]]}
RESULT: {"script":"<script> [299 bytes]","args":[["getModel","getResource"]]}
COMMAND: GET /session/60a0e1168e549ca734fea4458a5c60f0/screenshot - {}
]]></system-out>
    </testcase>
  </testsuite>
  <testsuite timestamp="2025-04-25T17:43:20" time="635.415" tests="13" failures="10" errors="10" skipped="0">
    <properties>
      <property name="specId" value="0" />
      <property name="suiteName" value="Performance based billing (work days) US139742" />
      <property name="capabilities" value="chrome.135_0_7049_96.windows" />
      <property name="file" value="file:///D:/a/1/s/test/specs/BTS/billing-performance-workdays.spec.js" />
    </properties>
    <testcase classname="chrome.135_0_7049_96.windows.Performance_based_billing_(work_days)_US139742" name="Should create a new yard" time="0.034">
      <system-out><![CDATA[
COMMAND: POST /session/60a0e1168e549ca734fea4458a5c60f0/window/fullscreen - {}
RESULT: {}
]]></system-out>
    </testcase>
    <testcase classname="chrome.135_0_7049_96.windows.Performance_based_billing_(work_days)_US139742" name="Should create a new partner" time="0.004" />
    <testcase classname="chrome.135_0_7049_96.windows.Performance_based_billing_(work_days)_US139742" name="Should create a new site" time="0.004" />
  </testsuite>
  <testsuite timestamp="2025-04-25T17:53:56" time="1095.512" tests="20" failures="17" errors="17" skipped="0">
    <properties>
      <property name="specId" value="0" />
      <property name="suiteName" value="Billing Calculation - Time based (considering transport times) US139738" />
      <property name="capabilities" value="chrome.135_0_7049_96.windows" />
      <property name="file" value="file:///D:/a/1/s/test/specs/BTS/billing-calculation-transp-times.spec.js" />
    </properties>
    <testcase classname="chrome.135_0_7049_96.windows.Billing_Calculation_-_Time_based_(considering_transport_times)_US139738" name="Should create a new yard" time="0.016">
      <system-out><![CDATA[
COMMAND: POST /session/60a0e1168e549ca734fea4458a5c60f0/window/fullscreen - {}
RESULT: {}
]]></system-out>
    </testcase>
    <testcase classname="chrome.135_0_7049_96.windows.Billing_Calculation_-_Time_based_(considering_transport_times)_US139738" name="Should create a new partner" time="0.003" />
    <testcase classname="chrome.135_0_7049_96.windows.Billing_Calculation_-_Time_based_(considering_transport_times)_US139738" name="Should create a new site" time="0.004" />
  </testsuite>
</testsuites>