<?xml version="1.0" encoding="UTF-8"?>
<testsuites tests="6" failures="1" errors="1" skipped="0">
  <testsuite timestamp="2025-05-18T16:28:27" time="525.447" tests="5" failures="0" errors="0" skipped="0">
    <properties>
      <property name="specId" value="0" />
      <property name="suiteName" value="Bill of Resources tests for bundle creation &amp; replenishment US131067 US131070" />
      <property name="capabilities" value="chrome.136_0_7103_93.windows" />
      <property name="file" value="file:///D:/a/1/s/test/specs/HTR/create-bundle-replenishment.spec.js" />
    </properties>
    <testcase classname="chrome.136_0_7103_93.windows.Bill_of_Resources_tests_for_bundle_creation_&amp;_replenishment_US131067_US131070" name="Prereq Should create a new yard used for all following tests in the module" time="129.105">
      <system-out><![CDATA[
COMMAND: POST /session/ece92b1f4222754886f18140a6c28eee/window/fullscreen - {}
RESULT: {}
COMMAND: POST /session/ece92b1f4222754886f18140a6c28eee/execute/async - {"script":"<script> [1562 bytes]","args":[{"selector":{"controlType":"sap.m.GenericTile","properties":{"header":"Manage Yards"}},"wdio_ui5_key":"sapm.GenericTile{\"header\":\"Manage Yards\"}"}]}
RESULT: {"script":"<script> [1562 bytes]","args":[{"selector":{"controlType":"sap.m.GenericTile","properties":{"header":"Manage Yards"}},"wdio_ui5_key":"sapm.GenericTile{\"header\":\"Manage Yards\"}"}]}
RESULT: undefined
COMMAND: POST /session/ece92b1f4222754886f18140a6c28eee/element - {"using":"xpath","value":"//*[@id=\"__tile41\"]"}
RESULT: {"using":"xpath","value":"//*[@id=\"__tile41\"]"}
COMMAND: POST /session/ece92b1f4222754886f18140a6c28eee/element/f.3741161919B21A173E9EEDF3DB720710.d.D092713F6C1C36BF3C7D4734F664A6D8.e.124/click - {}
RESULT: {}
COMMAND: GET /session/ece92b1f4222754886f18140a6c28eee/screenshot - {}
RESULT: {}
COMMAND: POST /session/ece92b1f4222754886f18140a6c28eee/elements - {"using":"xpath","value":"//span[text()='Error']"}
RESULT: {"using":"xpath","value":"//span[text()='Error']"}
COMMAND: POST /session/ece92b1f4222754886f18140a6c28eee/element - {"using":"xpath","value":"//button[@data-kt=\"addNewYardOverflowToolbarButton\"]"}
RESULT: {"using":"xpath","value":"//button[@data-kt=\"addNewYardOverflowToolbarButton\"]"}
COMMAND: POST /session/ece92b1f4222754886f18140a6c28eee/elements - {"using":"xpath","value":"//button[@data-kt=\"addNewYardOverflowToolbarButton\"]"}
RESULT: {"using":"xpath","value":"//button[@data-kt=\"addNewYardOverflowToolbarButton\"]"}
COMMAND: POST /session/ece92b1f4222754886f18140a6c28eee/elements - {"using":"xpath","value":"//button[@data-kt=\"addNewYardOverflowToolbarButton\"]"}
RESULT: {"using":"xpath","value":"//button[@data-kt=\"addNewYardOverflowToolbarButton\"]"}
COMMAND: POST /session/ece92b1f4222754886f18140a6c28eee/elements - {"using":"xpath","value":"//button[@data-kt=\"addNewYardOverflowToolbarButton\"]"}
RESULT: {"using":"xpath","value":"//button[@data-kt=\"addNewYardOverflowToolbarButton\"]"}
COMMAND: POST /session/ece92b1f4222754886f18140a6c28eee/elements - {"using":"xpath","value":"//button[@data-kt=\"addNewYardOverflowToolbarButton\"]"}
RESULT: {"using":"xpath","value":"//button[@data-kt=\"addNewYardOverflowToolbarButton\"]"}
COMMAND: POST /session/ece92b1f4222754886f18140a6c28eee/elements - {"using":"xpath","value":"//button[@data-kt=\"addNewYardOverflowToolbarButton\"]"}
RESULT: {"using":"xpath","value":"//button[@data-kt=\"addNewYardOverflowToolbarButton\"]"}
COMMAND: POST /session/ece92b1f4222754886f18140a6c28eee/elements - {"using":"xpath","value":"//button[@data-kt=\"addNewYardOverflowToolbarButton\"]"}
RESULT: {"using":"xpath","value":"//button[@data-kt=\"addNewYardOverflowToolbarButton\"]"}
COMMAND: POST /session/ece92b1f4222754886f18140a6c28eee/elements - {"using":"xpath","value":"//button[@data-kt=\"addNewYardOverflowToolbarButton\"]"}
RESULT: {"using":"xpath","value":"//button[@data-kt=\"addNewYardOverflowToolbarButton\"]"}
COMMAND: POST /session/ece92b1f4222754886f18140a6c28eee/elements - {"using":"xpath","value":"//button[@data-kt=\"addNewYardOverflowToolbarButton\"]"}
RESULT: {"using":"xpath","value":"//button[@data-kt=\"addNewYardOverflowToolbarButton\"]"}
COMMAND: POST /session/ece92b1f4222754886f18140a6c28eee/elements - {"using":"xpath","value":"//button[@data-kt=\"addNewYardOverflowToolbarButton\"]"}
RESULT: {"using":"xpath","value":"//button[@data-kt=\"addNewYardOverflowToolbarButton\"]"}
COMMAND: POST /session/ece92b1f4222754886f18140a6c28eee/element - {"using":"xpath","value":"//button[@data-kt=\"addNewYardOverflowToolbarButton\"]"}
RESULT: {"using":"xpath","value":"//button[@data-kt=\"addNewYardOverflowToolbarButton\"]"}
COMMAND: POST /session/ece92b1f4222754886f18140a6c28eee/execute/sync - {"script":"<script> [8489 bytes]","args":[{"element-6066-11e4-a52e-4f735466cecf":"f.3741161919B21A173E9EEDF3DB720710.d.D092713F6C1C36BF3C7D4734F664A6D8.e.253","ELEMENT":"f.3741161919B21A173E9EEDF3DB720710.d.D092713F6C1C36BF3C7D4734F664A6D8.e.253"}]}
RESULT: {"script":"<script> [8489 bytes]","args":[{"element-6066-11e4-a52e-4f735466cecf":"f.3741161919B21A173E9EEDF3DB720710.d.D092713F6C1C36BF3C7D4734F664A6D8.e.253","ELEMENT":"f.3741161919B21A173E9EEDF3DB720710.d.D092713F6C1C36BF3C7D4734F664A6D8.e.253"}]}
COMMAND: GET /session/ece92b1f4222754886f18140a6c28eee/element/f.3741161919B21A173E9EEDF3DB720710.d.D092713F6C1C36BF3C7D4734F664A6D8.e.253/enabled - {}
COMMAND: GET /session/ece92b1f4222754886f18140a6c28eee/screenshot - {}
RESULT: {}
COMMAND: POST /session/ece92b1f4222754886f18140a6c28eee/execute/sync - {"script":"<script> [8489 bytes]","args":[{"element-6066-11e4-a52e-4f735466cecf":"f.3741161919B21A173E9EEDF3DB720710.d.D092713F6C1C36BF3C7D4734F664A6D8.e.253","ELEMENT":"f.3741161919B21A173E9EEDF3DB720710.d.D092713F6C1C36BF3C7D4734F664A6D8.e.253"}]}
COMMAND: GET /session/ece92b1f4222754886f18140a6c28eee/screenshot - {}
RESULT: {}
RESULT: {"script":"<script> [8489 bytes]","args":[{"element-6066-11e4-a52e-4f735466cecf":"f.3741161919B21A173E9EEDF3DB720710.d.D092713F6C1C36BF3C7D4734F664A6D8.e.253","ELEMENT":"f.3741161919B21A173E9EEDF3DB720710.d.D092713F6C1C36BF3C7D4734F664A6D8.e.253"}]}
COMMAND: POST /session/ece92b1f4222754886f18140a6c28eee/execute/sync - {"script":"<script> [5351 bytes]","args":[{"element-6066-11e4-a52e-4f735466cecf":"f.3741161919B21A173E9EEDF3DB720710.d.D092713F6C1C36BF3C7D4734F664A6D8.e.253","ELEMENT":"f.3741161919B21A173E9EEDF3DB720710.d.D092713F6C1C36BF3C7D4734F664A6D8.e.253"}]}
COMMAND: GET /session/ece92b1f4222754886f18140a6c28eee/screenshot - {}
RESULT: {}
RESULT: {"script":"<script> [5351 bytes]","args":[{"element-6066-11e4-a52e-4f735466cecf":"f.3741161919B21A173E9EEDF3DB720710.d.D092713F6C1C36BF3C7D4734F664A6D8.e.253","ELEMENT":"f.3741161919B21A173E9EEDF3DB720710.d.D092713F6C1C36BF3C7D4734F664A6D8.e.253"}]}
COMMAND: POST /session/ece92b1f4222754886f18140a6c28eee/element/f.3741161919B21A173E9EEDF3DB720710.d.D092713F6C1C36BF3C7D4734F664A6D8.e.253/click - {}
COMMAND: GET /session/ece92b1f4222754886f18140a6c28eee/screenshot - {}
RESULT: {}
RESULT: {}
COMMAND: GET /session/ece92b1f4222754886f18140a6c28eee/screenshot - {}
RESULT: {}
COMMAND: POST /session/ece92b1f4222754886f18140a6c28eee/element - {"using":"xpath","value":"//input[@id=\"application-manageyards-display-component---NewYard--yardId-inner\"]"}
RESULT: {}
RESULT: {"using":"xpath","value":"//input[@id=\"application-manageyards-display-component---NewYard--yardId-inner\"]"}
COMMAND: POST /session/ece92b1f4222754886f18140a6c28eee/element - {"using":"xpath","value":"//input[@id=\"application-manageyards-display-component---NewYard--yardId-inner\"]"}
RESULT: {"using":"xpath","value":"//input[@id=\"application-manageyards-display-component---NewYard--yardId-inner\"]"}
COMMAND: POST /session/ece92b1f4222754886f18140a6c28eee/execute/async - {"script":"<script> [1562 bytes]","args":[{"selector":{"id":"application-manageyards-display-component---NewYard--addressDetailDetailsName1","interaction":{"idSuffix":"inner"}},"wdio_ui5_key":"applicationmanageyards-display-component---NewYard--addressDetailDetailsName1"}]}
RESULT: {"script":"<script> [1562 bytes]","args":[{"selector":{"id":"application-manageyards-display-component---NewYard--addressDetailDetailsName1","interaction":{"idSuffix":"inner"}},"wdio_ui5_key":"applicationmanageyards-display-component---NewYard--addressDetailDetailsName1"}]}
RESULT: undefined
COMMAND: POST /session/ece92b1f4222754886f18140a6c28eee/execute/async - {"script":"<script> [776 bytes]","args":[{"enterText":"Other Yard WDIO","selector":{"id":"application-manageyards-display-component---NewYard--addressDetailDetailsName1","interaction":{"idSuffix":"inner"}},"clearTextFirst":true,"interactionType":"ENTER_TEXT"}]}
RESULT: {"script":"<script> [776 bytes]","args":[{"enterText":"Other Yard WDIO","selector":{"id":"application-manageyards-display-component---NewYard--addressDetailDetailsName1","interaction":{"idSuffix":"inner"}},"clearTextFirst":true,"interactionType":"ENTER_TEXT"}]}
COMMAND: POST /session/ece92b1f4222754886f18140a6c28eee/execute/async - {"script":"<script> [1562 bytes]","args":[{"selector":{"id":"application-manageyards-display-component---NewYard--addressDetailDetailsLanguage-arrow"},"wdio_ui5_key":"applicationmanageyards-display-component---NewYard--addressDetailDetailsLanguage-arrow"}]}
RESULT: {"script":"<script> [1562 bytes]","args":[{"selector":{"id":"application-manageyards-display-component---NewYard--addressDetailDetailsLanguage-arrow"},"wdio_ui5_key":"applicationmanageyards-display-component---NewYard--addressDetailDetailsLanguage-arrow"}]}
RESULT: undefined
COMMAND: POST /session/ece92b1f4222754886f18140a6c28eee/element - {"using":"xpath","value":"//*[@id=\"application-manageyards-display-component---NewYard--addressDetailDetailsLanguage-arrow\"]"}
RESULT: {"using":"xpath","value":"//*[@id=\"application-manageyards-display-component---NewYard--addressDetailDetailsLanguage-arrow\"]"}
COMMAND: POST /session/ece92b1f4222754886f18140a6c28eee/element/f.3741161919B21A173E9EEDF3DB720710.d.D092713F6C1C36BF3C7D4734F664A6D8.e.685/click - {}
RESULT: {}
COMMAND: POST /session/ece92b1f4222754886f18140a6c28eee/element - {"using":"xpath","value":"//span[contains(text(), \"English\")]"}
COMMAND: GET /session/ece92b1f4222754886f18140a6c28eee/screenshot - {}
RESULT: {"using":"xpath","value":"//span[contains(text(), \"English\")]"}
COMMAND: POST /session/ece92b1f4222754886f18140a6c28eee/element/f.3741161919B21A173E9EEDF3DB720710.d.D092713F6C1C36BF3C7D4734F664A6D8.e.686/click - {}
RESULT: {}
RESULT: {}
COMMAND: POST /session/ece92b1f4222754886f18140a6c28eee/execute/async - {"script":"<script> [1562 bytes]","args":[{"selector":{"id":"application-manageyards-display-component---NewYard--addressDetailDetailsCity1","interaction":{"idSuffix":"inner"}},"wdio_ui5_key":"applicationmanageyards-display-component---NewYard--addressDetailDetailsCity1"}]}
COMMAND: GET /session/ece92b1f4222754886f18140a6c28eee/screenshot - {}
RESULT: {"script":"<script> [1562 bytes]","args":[{"selector":{"id":"application-manageyards-display-component---NewYard--addressDetailDetailsCity1","interaction":{"idSuffix":"inner"}},"wdio_ui5_key":"applicationmanageyards-display-component---NewYard--addressDetailDetailsCity1"}]}
RESULT: undefined
COMMAND: POST /session/ece92b1f4222754886f18140a6c28eee/execute/async - {"script":"<script> [776 bytes]","args":[{"enterText":"Rosario","selector":{"id":"application-manageyards-display-component---NewYard--addressDetailDetailsCity1","interaction":{"idSuffix":"inner"}},"clearTextFirst":true,"interactionType":"ENTER_TEXT"}]}
RESULT: {}
RESULT: {"script":"<script> [776 bytes]","args":[{"enterText":"Rosario","selector":{"id":"application-manageyards-display-component---NewYard--addressDetailDetailsCity1","interaction":{"idSuffix":"inner"}},"clearTextFirst":true,"interactionType":"ENTER_TEXT"}]}
COMMAND: POST /session/ece92b1f4222754886f18140a6c28eee/execute/async - {"script":"<script> [1562 bytes]","args":[{"selector":{"id":"application-manageyards-display-component---NewYard--addressDetailDetailsCountry-arrow"},"wdio_ui5_key":"applicationmanageyards-display-component---NewYard--addressDetailDetailsCountry-arrow"}]}
RESULT: {"script":"<script> [1562 bytes]","args":[{"selector":{"id":"application-manageyards-display-component---NewYard--addressDetailDetailsCountry-arrow"},"wdio_ui5_key":"applicationmanageyards-display-component---NewYard--addressDetailDetailsCountry-arrow"}]}
RESULT: undefined
COMMAND: POST /session/ece92b1f4222754886f18140a6c28eee/element - {"using":"xpath","value":"//*[@id=\"application-manageyards-display-component---NewYard--addressDetailDetailsCountry-arrow\"]"}
RESULT: {"using":"xpath","value":"//*[@id=\"application-manageyards-display-component---NewYard--addressDetailDetailsCountry-arrow\"]"}
COMMAND: POST /session/ece92b1f4222754886f18140a6c28eee/element/f.3741161919B21A173E9EEDF3DB720710.d.D092713F6C1C36BF3C7D4734F664A6D8.e.688/click - {}
RESULT: {}
COMMAND: POST /session/ece92b1f4222754886f18140a6c28eee/element - {"using":"xpath","value":"//span[contains(text(), \"Argentina\")]"}
COMMAND: GET /session/ece92b1f4222754886f18140a6c28eee/screenshot - {}
RESULT: {"using":"xpath","value":"//span[contains(text(), \"Argentina\")]"}
COMMAND: POST /session/ece92b1f4222754886f18140a6c28eee/element/f.3741161919B21A173E9EEDF3DB720710.d.D092713F6C1C36BF3C7D4734F664A6D8.e.689/click - {}
RESULT: {}
RESULT: {}
COMMAND: POST /session/ece92b1f4222754886f18140a6c28eee/execute/async - {"script":"<script> [1562 bytes]","args":[{"selector":{"id":"application-manageyards-display-component---NewYard--addressEditDetailsCostObjectCstType-arrow"},"wdio_ui5_key":"applicationmanageyards-display-component---NewYard--addressEditDetailsCostObjectCstType-arrow"}]}
COMMAND: GET /session/ece92b1f4222754886f18140a6c28eee/screenshot - {}
RESULT: {"script":"<script> [1562 bytes]","args":[{"selector":{"id":"application-manageyards-display-component---NewYard--addressEditDetailsCostObjectCstType-arrow"},"wdio_ui5_key":"applicationmanageyards-display-component---NewYard--addressEditDetailsCostObjectCstType-arrow"}]}
RESULT: undefined
COMMAND: POST /session/ece92b1f4222754886f18140a6c28eee/element - {"using":"xpath","value":"//*[@id=\"application-manageyards-display-component---NewYard--addressEditDetailsCostObjectCstType-arrow\"]"}
RESULT: {}
RESULT: {"using":"xpath","value":"//*[@id=\"application-manageyards-display-component---NewYard--addressEditDetailsCostObjectCstType-arrow\"]"}
COMMAND: POST /session/ece92b1f4222754886f18140a6c28eee/element/f.3741161919B21A173E9EEDF3DB720710.d.D092713F6C1C36BF3C7D4734F664A6D8.e.691/click - {}
RESULT: {}
COMMAND: POST /session/ece92b1f4222754886f18140a6c28eee/element - {"using":"xpath","value":"//span[contains(text(), \"Cost Center\")]"}
COMMAND: GET /session/ece92b1f4222754886f18140a6c28eee/screenshot - {}
RESULT: {"using":"xpath","value":"//span[contains(text(), \"Cost Center\")]"}
COMMAND: POST /session/ece92b1f4222754886f18140a6c28eee/element/f.3741161919B21A173E9EEDF3DB720710.d.D092713F6C1C36BF3C7D4734F664A6D8.e.692/click - {}
RESULT: {}
RESULT: {}
COMMAND: GET /session/ece92b1f4222754886f18140a6c28eee/screenshot - {}
RESULT: {}
COMMAND: POST /session/ece92b1f4222754886f18140a6c28eee/element - {"using":"xpath","value":"//span[@id=\"application-manageyards-display-component---NewYard--addressNewCostObjectCstID-vhi\"]"}
RESULT: {"using":"xpath","value":"//span[@id=\"application-manageyards-display-component---NewYard--addressNewCostObjectCstID-vhi\"]"}
COMMAND: POST /session/ece92b1f4222754886f18140a6c28eee/execute/sync - {"script":"<script> [8489 bytes]","args":[{"element-6066-11e4-a52e-4f735466cecf":"f.3741161919B21A173E9EEDF3DB720710.d.D092713F6C1C36BF3C7D4734F664A6D8.e.696","ELEMENT":"f.3741161919B21A173E9EEDF3DB720710.d.D092713F6C1C36BF3C7D4734F664A6D8.e.696"}]}
RESULT: {"script":"<script> [8489 bytes]","args":[{"element-6066-11e4-a52e-4f735466cecf":"f.3741161919B21A173E9EEDF3DB720710.d.D092713F6C1C36BF3C7D4734F664A6D8.e.696","ELEMENT":"f.3741161919B21A173E9EEDF3DB720710.d.D092713F6C1C36BF3C7D4734F664A6D8.e.696"}]}
COMMAND: POST /session/ece92b1f4222754886f18140a6c28eee/execute/async - {"script":"<script> [1562 bytes]","args":[{"selector":{"id":"application-manageyards-display-component---NewYard--addressNewCostObjectCstID-vhi"},"wdio_ui5_key":"applicationmanageyards-display-component---NewYard--addressNewCostObjectCstID-vhi"}]}
COMMAND: GET /session/ece92b1f4222754886f18140a6c28eee/screenshot - {}
RESULT: {"script":"<script> [1562 bytes]","args":[{"selector":{"id":"application-manageyards-display-component---NewYard--addressNewCostObjectCstID-vhi"},"wdio_ui5_key":"applicationmanageyards-display-component---NewYard--addressNewCostObjectCstID-vhi"}]}
RESULT: undefined
COMMAND: POST /session/ece92b1f4222754886f18140a6c28eee/element - {"using":"xpath","value":"//*[@id=\"application-manageyards-display-component---NewYard--addressNewCostObjectCstID-vhi\"]"}
RESULT: {}
RESULT: {"using":"xpath","value":"//*[@id=\"application-manageyards-display-component---NewYard--addressNewCostObjectCstID-vhi\"]"}
COMMAND: POST /session/ece92b1f4222754886f18140a6c28eee/element/f.3741161919B21A173E9EEDF3DB720710.d.D092713F6C1C36BF3C7D4734F664A6D8.e.696/click - {}
RESULT: {}
COMMAND: GET /session/ece92b1f4222754886f18140a6c28eee/screenshot - {}
RESULT: {}
COMMAND: POST /session/ece92b1f4222754886f18140a6c28eee/execute/async - {"script":"<script> [1562 bytes]","args":[{"selector":{"controlType":"sap.m.SearchField","properties":{"placeholder":"Search"},"searchOpenDialogs":true,"interaction":{"idSuffix":"I"}},"wdio_ui5_key":"sapm.SearchField{\"placeholder\":\"Search\"}"}]}
RESULT: {"script":"<script> [1562 bytes]","args":[{"selector":{"controlType":"sap.m.SearchField","properties":{"placeholder":"Search"},"searchOpenDialogs":true,"interaction":{"idSuffix":"I"}},"wdio_ui5_key":"sapm.SearchField{\"placeholder\":\"Search\"}"}]}
RESULT: undefined
COMMAND: POST /session/ece92b1f4222754886f18140a6c28eee/execute/async - {"script":"<script> [776 bytes]","args":[{"enterText":"bauh_b","selector":{"controlType":"sap.m.SearchField","properties":{"placeholder":"Search"},"searchOpenDialogs":true,"interaction":{"idSuffix":"I"}},"clearTextFirst":true,"interactionType":"ENTER_TEXT"}]}
RESULT: {"script":"<script> [776 bytes]","args":[{"enterText":"bauh_b","selector":{"controlType":"sap.m.SearchField","properties":{"placeholder":"Search"},"searchOpenDialogs":true,"interaction":{"idSuffix":"I"}},"clearTextFirst":true,"interactionType":"ENTER_TEXT"}]}
COMMAND: POST /session/ece92b1f4222754886f18140a6c28eee/actions - {"actions":[{"id":"action1","type":"key","parameters":{},"actions":[{"type":"keyDown","value":"î€‡"},{"type":"pause","duration":10},{"type":"keyUp","value":"î€‡"}]}]}
RESULT: {"actions":[{"id":"action1","type":"key","parameters":{},"actions":[{"type":"keyDown","value":"î€‡"},{"type":"pause","duration":10},{"type":"keyUp","value":"î€‡"}]}]}
COMMAND: GET /session/ece92b1f4222754886f18140a6c28eee/screenshot - {}
RESULT: {}
COMMAND: POST /session/ece92b1f4222754886f18140a6c28eee/element - {"using":"xpath","value":"//span[contains(text(), \"Demo Yard\")]"}
RESULT: {"using":"xpath","value":"//span[contains(text(), \"Demo Yard\")]"}
COMMAND: POST /session/ece92b1f4222754886f18140a6c28eee/element/f.3741161919B21A173E9EEDF3DB720710.d.D092713F6C1C36BF3C7D4734F664A6D8.e.737/click - {}
RESULT: {}
COMMAND: GET /session/ece92b1f4222754886f18140a6c28eee/screenshot - {}
RESULT: {}
COMMAND: POST /session/ece92b1f4222754886f18140a6c28eee/element - {"using":"xpath","value":"//bdi[contains(text(), \"OK\")]"}
RESULT: {"using":"xpath","value":"//bdi[contains(text(), \"OK\")]"}
COMMAND: POST /session/ece92b1f4222754886f18140a6c28eee/element/f.3741161919B21A173E9EEDF3DB720710.d.D092713F6C1C36BF3C7D4734F664A6D8.e.738/click - {}
RESULT: {}
COMMAND: GET /session/ece92b1f4222754886f18140a6c28eee/screenshot - {}
RESULT: {}
COMMAND: POST /session/ece92b1f4222754886f18140a6c28eee/execute/async - {"script":"<script> [1562 bytes]","args":[{"selector":{"id":"application-manageyards-display-component---NewYard--addressEditDetailsCurrency-arrow"},"wdio_ui5_key":"applicationmanageyards-display-component---NewYard--addressEditDetailsCurrency-arrow"}]}
RESULT: {"script":"<script> [1562 bytes]","args":[{"selector":{"id":"application-manageyards-display-component---NewYard--addressEditDetailsCurrency-arrow"},"wdio_ui5_key":"applicationmanageyards-display-component---NewYard--addressEditDetailsCurrency-arrow"}]}
RESULT: undefined
COMMAND: POST /session/ece92b1f4222754886f18140a6c28eee/element - {"using":"xpath","value":"//*[@id=\"application-manageyards-display-component---NewYard--addressEditDetailsCurrency-arrow\"]"}
RESULT: {"using":"xpath","value":"//*[@id=\"application-manageyards-display-component---NewYard--addressEditDetailsCurrency-arrow\"]"}
COMMAND: POST /session/ece92b1f4222754886f18140a6c28eee/element/f.3741161919B21A173E9EEDF3DB720710.d.D092713F6C1C36BF3C7D4734F664A6D8.e.741/click - {}
RESULT: {}
COMMAND: POST /session/ece92b1f4222754886f18140a6c28eee/element - {"using":"xpath","value":"//span[contains(text(), \"Euro\")]"}
COMMAND: GET /session/ece92b1f4222754886f18140a6c28eee/screenshot - {}
RESULT: {"using":"xpath","value":"//span[contains(text(), \"Euro\")]"}
COMMAND: POST /session/ece92b1f4222754886f18140a6c28eee/element/f.3741161919B21A173E9EEDF3DB720710.d.D092713F6C1C36BF3C7D4734F664A6D8.e.742/click - {}
RESULT: {}
RESULT: {}
COMMAND: POST /session/ece92b1f4222754886f18140a6c28eee/execute/async - {"script":"<script> [1562 bytes]","args":[{"selector":{"controlType":"sap.m.Input","viewName":"etm.portal.ui.manageyards.view.New","viewId":"application-manageyards-display-component---NewYard","bindingPath":{"path":"","propertyPath":"/CONTROLLING_AREA","modelName":"NewYardModel"},"interaction":{"idSuffix":"inner"}},"wdio_ui5_key":"etmportal.ui.manageyards.view.Newsap.m.Input{\"path\":\"\",\"propertyPath\":\"/CONTROLLING_AREA\",\"modelName\":\"NewYardModel\"}"}]}
COMMAND: GET /session/ece92b1f4222754886f18140a6c28eee/screenshot - {}
RESULT: {"script":"<script> [1562 bytes]","args":[{"selector":{"controlType":"sap.m.Input","viewName":"etm.portal.ui.manageyards.view.New","viewId":"application-manageyards-display-component---NewYard","bindingPath":{"path":"","propertyPath":"/CONTROLLING_AREA","modelName":"NewYardModel"},"interaction":{"idSuffix":"inner"}},"wdio_ui5_key":"etmportal.ui.manageyards.view.Newsap.m.Input{\"path\":\"\",\"propertyPath\":\"/CONTROLLING_AREA\",\"modelName\":\"NewYardModel\"}"}]}
RESULT: undefined
COMMAND: POST /session/ece92b1f4222754886f18140a6c28eee/execute/async - {"script":"<script> [776 bytes]","args":[{"enterText":"Z001","selector":{"controlType":"sap.m.Input","viewName":"etm.portal.ui.manageyards.view.New","viewId":"application-manageyards-display-component---NewYard","bindingPath":{"path":"","propertyPath":"/CONTROLLING_AREA","modelName":"NewYardModel"},"interaction":{"idSuffix":"inner"}},"clearTextFirst":true,"interactionType":"ENTER_TEXT"}]}
RESULT: {}
RESULT: {"script":"<script> [776 bytes]","args":[{"enterText":"Z001","selector":{"controlType":"sap.m.Input","viewName":"etm.portal.ui.manageyards.view.New","viewId":"application-manageyards-display-component---NewYard","bindingPath":{"path":"","propertyPath":"/CONTROLLING_AREA","modelName":"NewYardModel"},"interaction":{"idSuffix":"inner"}},"clearTextFirst":true,"interactionType":"ENTER_TEXT"}]}
COMMAND: POST /session/ece92b1f4222754886f18140a6c28eee/execute/async - {"script":"<script> [1562 bytes]","args":[{"selector":{"id":"application-manageyards-display-component---NewYard--companyCodeComboBox","interaction":{"idSuffix":"inner"}},"wdio_ui5_key":"applicationmanageyards-display-component---NewYard--companyCodeComboBox"}]}
RESULT: {"script":"<script> [1562 bytes]","args":[{"selector":{"id":"application-manageyards-display-component---NewYard--companyCodeComboBox","interaction":{"idSuffix":"inner"}},"wdio_ui5_key":"applicationmanageyards-display-component---NewYard--companyCodeComboBox"}]}
RESULT: undefined
COMMAND: POST /session/ece92b1f4222754886f18140a6c28eee/execute/async - {"script":"<script> [776 bytes]","args":[{"enterText":"1000","selector":{"id":"application-manageyards-display-component---NewYard--companyCodeComboBox","interaction":{"idSuffix":"inner"}},"clearTextFirst":true,"interactionType":"ENTER_TEXT"}]}
RESULT: {"script":"<script> [776 bytes]","args":[{"enterText":"1000","selector":{"id":"application-manageyards-display-component---NewYard--companyCodeComboBox","interaction":{"idSuffix":"inner"}},"clearTextFirst":true,"interactionType":"ENTER_TEXT"}]}
COMMAND: POST /session/ece92b1f4222754886f18140a6c28eee/execute/async - {"script":"<script> [1562 bytes]","args":[{"selector":{"controlType":"sap.m.Input","viewName":"etm.portal.ui.manageyards.view.New","viewId":"application-manageyards-display-component---NewYard","bindingPath":{"path":"","propertyPath":"/PLANT","modelName":"NewYardModel"},"interaction":{"idSuffix":"inner"}},"wdio_ui5_key":"etmportal.ui.manageyards.view.Newsap.m.Input{\"path\":\"\",\"propertyPath\":\"/PLANT\",\"modelName\":\"NewYardModel\"}"}]}
RESULT: {"script":"<script> [1562 bytes]","args":[{"selector":{"controlType":"sap.m.Input","viewName":"etm.portal.ui.manageyards.view.New","viewId":"application-manageyards-display-component---NewYard","bindingPath":{"path":"","propertyPath":"/PLANT","modelName":"NewYardModel"},"interaction":{"idSuffix":"inner"}},"wdio_ui5_key":"etmportal.ui.manageyards.view.Newsap.m.Input{\"path\":\"\",\"propertyPath\":\"/PLANT\",\"modelName\":\"NewYardModel\"}"}]}
RESULT: undefined
COMMAND: POST /session/ece92b1f4222754886f18140a6c28eee/execute/async - {"script":"<script> [776 bytes]","args":[{"enterText":"1001","selector":{"controlType":"sap.m.Input","viewName":"etm.portal.ui.manageyards.view.New","viewId":"application-manageyards-display-component---NewYard","bindingPath":{"path":"","propertyPath":"/PLANT","modelName":"NewYardModel"},"interaction":{"idSuffix":"inner"}},"clearTextFirst":true,"interactionType":"ENTER_TEXT"}]}
RESULT: {"script":"<script> [776 bytes]","args":[{"enterText":"1001","selector":{"controlType":"sap.m.Input","viewName":"etm.portal.ui.manageyards.view.New","viewId":"application-manageyards-display-component---NewYard","bindingPath":{"path":"","propertyPath":"/PLANT","modelName":"NewYardModel"},"interaction":{"idSuffix":"inner"}},"clearTextFirst":true,"interactionType":"ENTER_TEXT"}]}
COMMAND: POST /session/ece92b1f4222754886f18140a6c28eee/execute/async - {"script":"<script> [1562 bytes]","args":[{"selector":{"controlType":"sap.m.Input","viewName":"etm.portal.ui.manageyards.view.New","viewId":"application-manageyards-display-component---NewYard","bindingPath":{"path":"","propertyPath":"/SALES_AREA_VKORG","modelName":"NewYardModel"},"interaction":{"idSuffix":"inner"}},"wdio_ui5_key":"etmportal.ui.manageyards.view.Newsap.m.Input{\"path\":\"\",\"propertyPath\":\"/SALES_AREA_VKORG\",\"modelName\":\"NewYardModel\"}"}]}
RESULT: {"script":"<script> [1562 bytes]","args":[{"selector":{"controlType":"sap.m.Input","viewName":"etm.portal.ui.manageyards.view.New","viewId":"application-manageyards-display-component---NewYard","bindingPath":{"path":"","propertyPath":"/SALES_AREA_VKORG","modelName":"NewYardModel"},"interaction":{"idSuffix":"inner"}},"wdio_ui5_key":"etmportal.ui.manageyards.view.Newsap.m.Input{\"path\":\"\",\"propertyPath\":\"/SALES_AREA_VKORG\",\"modelName\":\"NewYardModel\"}"}]}
RESULT: undefined
COMMAND: POST /session/ece92b1f4222754886f18140a6c28eee/execute/async - {"script":"<script> [776 bytes]","args":[{"enterText":"C002","selector":{"controlType":"sap.m.Input","viewName":"etm.portal.ui.manageyards.view.New","viewId":"application-manageyards-display-component---NewYard","bindingPath":{"path":"","propertyPath":"/SALES_AREA_VKORG","modelName":"NewYardModel"},"interaction":{"idSuffix":"inner"}},"clearTextFirst":true,"interactionType":"ENTER_TEXT"}]}
RESULT: {"script":"<script> [776 bytes]","args":[{"enterText":"C002","selector":{"controlType":"sap.m.Input","viewName":"etm.portal.ui.manageyards.view.New","viewId":"application-manageyards-display-component---NewYard","bindingPath":{"path":"","propertyPath":"/SALES_AREA_VKORG","modelName":"NewYardModel"},"interaction":{"idSuffix":"inner"}},"clearTextFirst":true,"interactionType":"ENTER_TEXT"}]}
COMMAND: POST /session/ece92b1f4222754886f18140a6c28eee/execute/async - {"script":"<script> [1562 bytes]","args":[{"selector":{"controlType":"sap.m.Input","viewName":"etm.portal.ui.manageyards.view.New","viewId":"application-manageyards-display-component---NewYard","bindingPath":{"path":"","propertyPath":"/SALES_AREA_VTWEG","modelName":"NewYardModel"},"interaction":{"idSuffix":"inner"}},"wdio_ui5_key":"etmportal.ui.manageyards.view.Newsap.m.Input{\"path\":\"\",\"propertyPath\":\"/SALES_AREA_VTWEG\",\"modelName\":\"NewYardModel\"}"}]}
RESULT: {"script":"<script> [1562 bytes]","args":[{"selector":{"controlType":"sap.m.Input","viewName":"etm.portal.ui.manageyards.view.New","viewId":"application-manageyards-display-component---NewYard","bindingPath":{"path":"","propertyPath":"/SALES_AREA_VTWEG","modelName":"NewYardModel"},"interaction":{"idSuffix":"inner"}},"wdio_ui5_key":"etmportal.ui.manageyards.view.Newsap.m.Input{\"path\":\"\",\"propertyPath\":\"/SALES_AREA_VTWEG\",\"modelName\":\"NewYardModel\"}"}]}
RESULT: undefined
COMMAND: POST /session/ece92b1f4222754886f18140a6c28eee/execute/async - {"script":"<script> [776 bytes]","args":[{"enterText":"C2","selector":{"controlType":"sap.m.Input","viewName":"etm.portal.ui.manageyards.view.New","viewId":"application-manageyards-display-component---NewYard","bindingPath":{"path":"","propertyPath":"/SALES_AREA_VTWEG","modelName":"NewYardModel"},"interaction":{"idSuffix":"inner"}},"clearTextFirst":true,"interactionType":"ENTER_TEXT"}]}
RESULT: {"script":"<script> [776 bytes]","args":[{"enterText":"C2","selector":{"controlType":"sap.m.Input","viewName":"etm.portal.ui.manageyards.view.New","viewId":"application-manageyards-display-component---NewYard","bindingPath":{"path":"","propertyPath":"/SALES_AREA_VTWEG","modelName":"NewYardModel"},"interaction":{"idSuffix":"inner"}},"clearTextFirst":true,"interactionType":"ENTER_TEXT"}]}
COMMAND: POST /session/ece92b1f4222754886f18140a6c28eee/execute/async - {"script":"<script> [1562 bytes]","args":[{"selector":{"controlType":"sap.m.Input","viewName":"etm.portal.ui.manageyards.view.New","viewId":"application-manageyards-display-component---NewYard","bindingPath":{"path":"","propertyPath":"/SALES_AREA_SPART","modelName":"NewYardModel"},"interaction":{"idSuffix":"inner"}},"wdio_ui5_key":"etmportal.ui.manageyards.view.Newsap.m.Input{\"path\":\"\",\"propertyPath\":\"/SALES_AREA_SPART\",\"modelName\":\"NewYardModel\"}"}]}
RESULT: {"script":"<script> [1562 bytes]","args":[{"selector":{"controlType":"sap.m.Input","viewName":"etm.portal.ui.manageyards.view.New","viewId":"application-manageyards-display-component---NewYard","bindingPath":{"path":"","propertyPath":"/SALES_AREA_SPART","modelName":"NewYardModel"},"interaction":{"idSuffix":"inner"}},"wdio_ui5_key":"etmportal.ui.manageyards.view.Newsap.m.Input{\"path\":\"\",\"propertyPath\":\"/SALES_AREA_SPART\",\"modelName\":\"NewYardModel\"}"}]}
RESULT: undefined
COMMAND: POST /session/ece92b1f4222754886f18140a6c28eee/execute/async - {"script":"<script> [776 bytes]","args":[{"enterText":"C2","selector":{"controlType":"sap.m.Input","viewName":"etm.portal.ui.manageyards.view.New","viewId":"application-manageyards-display-component---NewYard","bindingPath":{"path":"","propertyPath":"/SALES_AREA_SPART","modelName":"NewYardModel"},"interaction":{"idSuffix":"inner"}},"clearTextFirst":true,"interactionType":"ENTER_TEXT"}]}
RESULT: {"script":"<script> [776 bytes]","args":[{"enterText":"C2","selector":{"controlType":"sap.m.Input","viewName":"etm.portal.ui.manageyards.view.New","viewId":"application-manageyards-display-component---NewYard","bindingPath":{"path":"","propertyPath":"/SALES_AREA_SPART","modelName":"NewYardModel"},"interaction":{"idSuffix":"inner"}},"clearTextFirst":true,"interactionType":"ENTER_TEXT"}]}
COMMAND: POST /session/ece92b1f4222754886f18140a6c28eee/execute/async - {"script":"<script> [1562 bytes]","args":[{"selector":{"controlType":"sap.m.Input","viewName":"etm.portal.ui.manageyards.view.New","viewId":"application-manageyards-display-component---NewYard","bindingPath":{"path":"","propertyPath":"/SHIP_POINT","modelName":"NewYardModel"},"interaction":{"idSuffix":"inner"}},"wdio_ui5_key":"etmportal.ui.manageyards.view.Newsap.m.Input{\"path\":\"\",\"propertyPath\":\"/SHIP_POINT\",\"modelName\":\"NewYardModel\"}"}]}
RESULT: {"script":"<script> [1562 bytes]","args":[{"selector":{"controlType":"sap.m.Input","viewName":"etm.portal.ui.manageyards.view.New","viewId":"application-manageyards-display-component---NewYard","bindingPath":{"path":"","propertyPath":"/SHIP_POINT","modelName":"NewYardModel"},"interaction":{"idSuffix":"inner"}},"wdio_ui5_key":"etmportal.ui.manageyards.view.Newsap.m.Input{\"path\":\"\",\"propertyPath\":\"/SHIP_POINT\",\"modelName\":\"NewYardModel\"}"}]}
RESULT: undefined
COMMAND: POST /session/ece92b1f4222754886f18140a6c28eee/execute/async - {"script":"<script> [776 bytes]","args":[{"enterText":"1710","selector":{"controlType":"sap.m.Input","viewName":"etm.portal.ui.manageyards.view.New","viewId":"application-manageyards-display-component---NewYard","bindingPath":{"path":"","propertyPath":"/SHIP_POINT","modelName":"NewYardModel"},"interaction":{"idSuffix":"inner"}},"clearTextFirst":true,"interactionType":"ENTER_TEXT"}]}
RESULT: {"script":"<script> [776 bytes]","args":[{"enterText":"1710","selector":{"controlType":"sap.m.Input","viewName":"etm.portal.ui.manageyards.view.New","viewId":"application-manageyards-display-component---NewYard","bindingPath":{"path":"","propertyPath":"/SHIP_POINT","modelName":"NewYardModel"},"interaction":{"idSuffix":"inner"}},"clearTextFirst":true,"interactionType":"ENTER_TEXT"}]}
COMMAND: POST /session/ece92b1f4222754886f18140a6c28eee/execute/async - {"script":"<script> [1562 bytes]","args":[{"selector":{"controlType":"sap.m.Input","viewName":"etm.portal.ui.manageyards.view.New","viewId":"application-manageyards-display-component---NewYard","bindingPath":{"path":"","propertyPath":"/DELIVERY_TYPE","modelName":"NewYardModel"},"interaction":{"idSuffix":"inner"}},"wdio_ui5_key":"etmportal.ui.manageyards.view.Newsap.m.Input{\"path\":\"\",\"propertyPath\":\"/DELIVERY_TYPE\",\"modelName\":\"NewYardModel\"}"}]}
RESULT: {"script":"<script> [1562 bytes]","args":[{"selector":{"controlType":"sap.m.Input","viewName":"etm.portal.ui.manageyards.view.New","viewId":"application-manageyards-display-component---NewYard","bindingPath":{"path":"","propertyPath":"/DELIVERY_TYPE","modelName":"NewYardModel"},"interaction":{"idSuffix":"inner"}},"wdio_ui5_key":"etmportal.ui.manageyards.view.Newsap.m.Input{\"path\":\"\",\"propertyPath\":\"/DELIVERY_TYPE\",\"modelName\":\"NewYardModel\"}"}]}
RESULT: undefined
COMMAND: POST /session/ece92b1f4222754886f18140a6c28eee/execute/async - {"script":"<script> [776 bytes]","args":[{"enterText":"ZL01","selector":{"controlType":"sap.m.Input","viewName":"etm.portal.ui.manageyards.view.New","viewId":"application-manageyards-display-component---NewYard","bindingPath":{"path":"","propertyPath":"/DELIVERY_TYPE","modelName":"NewYardModel"},"interaction":{"idSuffix":"inner"}},"clearTextFirst":true,"interactionType":"ENTER_TEXT"}]}
RESULT: {"script":"<script> [776 bytes]","args":[{"enterText":"ZL01","selector":{"controlType":"sap.m.Input","viewName":"etm.portal.ui.manageyards.view.New","viewId":"application-manageyards-display-component---NewYard","bindingPath":{"path":"","propertyPath":"/DELIVERY_TYPE","modelName":"NewYardModel"},"interaction":{"idSuffix":"inner"}},"clearTextFirst":true,"interactionType":"ENTER_TEXT"}]}
COMMAND: POST /session/ece92b1f4222754886f18140a6c28eee/execute/async - {"script":"<script> [1562 bytes]","args":[{"selector":{"controlType":"sap.m.Input","viewName":"etm.portal.ui.manageyards.view.New","viewId":"application-manageyards-display-component---NewYard","bindingPath":{"path":"","propertyPath":"/AUART","modelName":"NewYardModel"},"interaction":{"idSuffix":"inner"}},"wdio_ui5_key":"etmportal.ui.manageyards.view.Newsap.m.Input{\"path\":\"\",\"propertyPath\":\"/AUART\",\"modelName\":\"NewYardModel\"}"}]}
RESULT: {"script":"<script> [1562 bytes]","args":[{"selector":{"controlType":"sap.m.Input","viewName":"etm.portal.ui.manageyards.view.New","viewId":"application-manageyards-display-component---NewYard","bindingPath":{"path":"","propertyPath":"/AUART","modelName":"NewYardModel"},"interaction":{"idSuffix":"inner"}},"wdio_ui5_key":"etmportal.ui.manageyards.view.Newsap.m.Input{\"path\":\"\",\"propertyPath\":\"/AUART\",\"modelName\":\"NewYardModel\"}"}]}
RESULT: undefined
COMMAND: POST /session/ece92b1f4222754886f18140a6c28eee/execute/async - {"script":"<script> [776 bytes]","args":[{"enterText":"TA","selector":{"controlType":"sap.m.Input","viewName":"etm.portal.ui.manageyards.view.New","viewId":"application-manageyards-display-component---NewYard","bindingPath":{"path":"","propertyPath":"/AUART","modelName":"NewYardModel"},"interaction":{"idSuffix":"inner"}},"clearTextFirst":true,"interactionType":"ENTER_TEXT"}]}
RESULT: {"script":"<script> [776 bytes]","args":[{"enterText":"TA","selector":{"controlType":"sap.m.Input","viewName":"etm.portal.ui.manageyards.view.New","viewId":"application-manageyards-display-component---NewYard","bindingPath":{"path":"","propertyPath":"/AUART","modelName":"NewYardModel"},"interaction":{"idSuffix":"inner"}},"clearTextFirst":true,"interactionType":"ENTER_TEXT"}]}
COMMAND: POST /session/ece92b1f4222754886f18140a6c28eee/element - {"using":"xpath","value":"//button[@data-kt=\"newYardSaveButton\"]"}
RESULT: {"using":"xpath","value":"//button[@data-kt=\"newYardSaveButton\"]"}
COMMAND: POST /session/ece92b1f4222754886f18140a6c28eee/element/f.3741161919B21A173E9EEDF3DB720710.d.D092713F6C1C36BF3C7D4734F664A6D8.e.646/click - {}
RESULT: {}
COMMAND: GET /session/ece92b1f4222754886f18140a6c28eee/screenshot - {}
RESULT: {}
COMMAND: POST /session/ece92b1f4222754886f18140a6c28eee/element - {"using":"xpath","value":"//header[contains(@id, 'ObjectPageLayout-headerTitle')]/div[1]/div[2]/div[1]/span[1]"}
RESULT: {"using":"xpath","value":"//header[contains(@id, 'ObjectPageLayout-headerTitle')]/div[1]/div[2]/div[1]/span[1]"}
COMMAND: POST /session/ece92b1f4222754886f18140a6c28eee/elements - {"using":"xpath","value":"//header[contains(@id, 'ObjectPageLayout-headerTitle')]/div[1]/div[2]/div[1]/span[1]"}
RESULT: {"using":"xpath","value":"//header[contains(@id, 'ObjectPageLayout-headerTitle')]/div[1]/div[2]/div[1]/span[1]"}
COMMAND: POST /session/ece92b1f4222754886f18140a6c28eee/execute/sync - {"script":"<script> [56 bytes]","args":[{"element-6066-11e4-a52e-4f735466cecf":"f.3741161919B21A173E9EEDF3DB720710.d.D092713F6C1C36BF3C7D4734F664A6D8.e.968","ELEMENT":"f.3741161919B21A173E9EEDF3DB720710.d.D092713F6C1C36BF3C7D4734F664A6D8.e.968"}]}
RESULT: {"script":"<script> [56 bytes]","args":[{"element-6066-11e4-a52e-4f735466cecf":"f.3741161919B21A173E9EEDF3DB720710.d.D092713F6C1C36BF3C7D4734F664A6D8.e.968","ELEMENT":"f.3741161919B21A173E9EEDF3DB720710.d.D092713F6C1C36BF3C7D4734F664A6D8.e.968"}]}
COMMAND: GET /session/ece92b1f4222754886f18140a6c28eee/screenshot - {}
RESULT: {}
COMMAND: POST /session/ece92b1f4222754886f18140a6c28eee/element - {"using":"css selector","value":"#shell-header-logo"}
RESULT: {"using":"css selector","value":"#shell-header-logo"}
COMMAND: POST /session/ece92b1f4222754886f18140a6c28eee/element/f.3741161919B21A173E9EEDF3DB720710.d.D092713F6C1C36BF3C7D4734F664A6D8.e.222/click - {}
RESULT: {}
COMMAND: GET /session/ece92b1f4222754886f18140a6c28eee/screenshot - {}
RESULT: {}
COMMAND: POST /session/ece92b1f4222754886f18140a6c28eee/execute/sync - {"script":"<script> [299 bytes]","args":[["getModel","getResource"]]}
RESULT: {"script":"<script> [299 bytes]","args":[["getModel","getResource"]]}
]]></system-out>
    </testcase>
    <testcase classname="chrome.136_0_7103_93.windows.Bill_of_Resources_tests_for_bundle_creation_&amp;_replenishment_US131067_US131070" name="Should create two equipments one being a copy of the other" time="145.451">
      <system-out><![CDATA[
COMMAND: GET /session/ece92b1f4222754886f18140a6c28eee/screenshot - {}
COMMAND: POST /session/ece92b1f4222754886f18140a6c28eee/execute/async - {"script":"<script> [1562 bytes]","args":[{"selector":{"controlType":"sap.m.GenericTile","properties":{"header":"Manage Resources"}},"wdio_ui5_key":"sapm.GenericTile{\"header\":\"Manage Resources\"}"}]}
RESULT: {}
RESULT: {"script":"<script> [1562 bytes]","args":[{"selector":{"controlType":"sap.m.GenericTile","properties":{"header":"Manage Resources"}},"wdio_ui5_key":"sapm.GenericTile{\"header\":\"Manage Resources\"}"}]}
RESULT: undefined
COMMAND: POST /session/ece92b1f4222754886f18140a6c28eee/element - {"using":"xpath","value":"//*[@id=\"__tile39\"]"}
RESULT: {"using":"xpath","value":"//*[@id=\"__tile39\"]"}
COMMAND: POST /session/ece92b1f4222754886f18140a6c28eee/element/f.3741161919B21A173E9EEDF3DB720710.d.D092713F6C1C36BF3C7D4734F664A6D8.e.118/click - {}
RESULT: {}
COMMAND: GET /session/ece92b1f4222754886f18140a6c28eee/screenshot - {}
RESULT: {}
COMMAND: POST /session/ece92b1f4222754886f18140a6c28eee/elements - {"using":"xpath","value":"//span[text()='Error']"}
RESULT: {"using":"xpath","value":"//span[text()='Error']"}
COMMAND: POST /session/ece92b1f4222754886f18140a6c28eee/element - {"using":"xpath","value":"//button[@data-kt=\"addNewRUOverflowToolbarButton\"]"}
RESULT: {"using":"xpath","value":"//button[@data-kt=\"addNewRUOverflowToolbarButton\"]"}
COMMAND: POST /session/ece92b1f4222754886f18140a6c28eee/elements - {"using":"xpath","value":"//button[@data-kt=\"addNewRUOverflowToolbarButton\"]"}
RESULT: {"using":"xpath","value":"//button[@data-kt=\"addNewRUOverflowToolbarButton\"]"}
COMMAND: POST /session/ece92b1f4222754886f18140a6c28eee/elements - {"using":"xpath","value":"//button[@data-kt=\"addNewRUOverflowToolbarButton\"]"}
RESULT: {"using":"xpath","value":"//button[@data-kt=\"addNewRUOverflowToolbarButton\"]"}
COMMAND: POST /session/ece92b1f4222754886f18140a6c28eee/element - {"using":"xpath","value":"//button[@data-kt=\"addNewRUOverflowToolbarButton\"]"}
RESULT: {"using":"xpath","value":"//button[@data-kt=\"addNewRUOverflowToolbarButton\"]"}
COMMAND: POST /session/ece92b1f4222754886f18140a6c28eee/execute/sync - {"script":"<script> [8489 bytes]","args":[{"element-6066-11e4-a52e-4f735466cecf":"f.3741161919B21A173E9EEDF3DB720710.d.D092713F6C1C36BF3C7D4734F664A6D8.e.1000","ELEMENT":"f.3741161919B21A173E9EEDF3DB720710.d.D092713F6C1C36BF3C7D4734F664A6D8.e.1000"}]}
RESULT: {"script":"<script> [8489 bytes]","args":[{"element-6066-11e4-a52e-4f735466cecf":"f.3741161919B21A173E9EEDF3DB720710.d.D092713F6C1C36BF3C7D4734F664A6D8.e.1000","ELEMENT":"f.3741161919B21A173E9EEDF3DB720710.d.D092713F6C1C36BF3C7D4734F664A6D8.e.1000"}]}
COMMAND: GET /session/ece92b1f4222754886f18140a6c28eee/element/f.3741161919B21A173E9EEDF3DB720710.d.D092713F6C1C36BF3C7D4734F664A6D8.e.1000/enabled - {}
COMMAND: GET /session/ece92b1f4222754886f18140a6c28eee/screenshot - {}
RESULT: {}
COMMAND: POST /session/ece92b1f4222754886f18140a6c28eee/execute/sync - {"script":"<script> [8489 bytes]","args":[{"element-6066-11e4-a52e-4f735466cecf":"f.3741161919B21A173E9EEDF3DB720710.d.D092713F6C1C36BF3C7D4734F664A6D8.e.1000","ELEMENT":"f.3741161919B21A173E9EEDF3DB720710.d.D092713F6C1C36BF3C7D4734F664A6D8.e.1000"}]}
COMMAND: GET /session/ece92b1f4222754886f18140a6c28eee/screenshot - {}
RESULT: {}
RESULT: {"script":"<script> [8489 bytes]","args":[{"element-6066-11e4-a52e-4f735466cecf":"f.3741161919B21A173E9EEDF3DB720710.d.D092713F6C1C36BF3C7D4734F664A6D8.e.1000","ELEMENT":"f.3741161919B21A173E9EEDF3DB720710.d.D092713F6C1C36BF3C7D4734F664A6D8.e.1000"}]}
COMMAND: POST /session/ece92b1f4222754886f18140a6c28eee/execute/sync - {"script":"<script> [5351 bytes]","args":[{"element-6066-11e4-a52e-4f735466cecf":"f.3741161919B21A173E9EEDF3DB720710.d.D092713F6C1C36BF3C7D4734F664A6D8.e.1000","ELEMENT":"f.3741161919B21A173E9EEDF3DB720710.d.D092713F6C1C36BF3C7D4734F664A6D8.e.1000"}]}
COMMAND: GET /session/ece92b1f4222754886f18140a6c28eee/screenshot - {}
RESULT: {}
RESULT: {"script":"<script> [5351 bytes]","args":[{"element-6066-11e4-a52e-4f735466cecf":"f.3741161919B21A173E9EEDF3DB720710.d.D092713F6C1C36BF3C7D4734F664A6D8.e.1000","ELEMENT":"f.3741161919B21A173E9EEDF3DB720710.d.D092713F6C1C36BF3C7D4734F664A6D8.e.1000"}]}
COMMAND: POST /session/ece92b1f4222754886f18140a6c28eee/element/f.3741161919B21A173E9EEDF3DB720710.d.D092713F6C1C36BF3C7D4734F664A6D8.e.1000/click - {}
COMMAND: GET /session/ece92b1f4222754886f18140a6c28eee/screenshot - {}
RESULT: {}
RESULT: {}
COMMAND: GET /session/ece92b1f4222754886f18140a6c28eee/screenshot - {}
RESULT: {}
COMMAND: POST /session/ece92b1f4222754886f18140a6c28eee/execute/async - {"script":"<script> [1562 bytes]","args":[{"selector":{"id":"application-manageresources-display-component---newResourceUnit--TYPE-arrow"},"wdio_ui5_key":"applicationmanageresources-display-component---newResourceUnit--TYPE-arrow"}]}
RESULT: {}
RESULT: {"script":"<script> [1562 bytes]","args":[{"selector":{"id":"application-manageresources-display-component---newResourceUnit--TYPE-arrow"},"wdio_ui5_key":"applicationmanageresources-display-component---newResourceUnit--TYPE-arrow"}]}
RESULT: undefined
COMMAND: POST /session/ece92b1f4222754886f18140a6c28eee/element - {"using":"xpath","value":"//*[@id=\"application-manageresources-display-component---newResourceUnit--TYPE-arrow\"]"}
RESULT: {"using":"xpath","value":"//*[@id=\"application-manageresources-display-component---newResourceUnit--TYPE-arrow\"]"}
COMMAND: POST /session/ece92b1f4222754886f18140a6c28eee/element/f.3741161919B21A173E9EEDF3DB720710.d.D092713F6C1C36BF3C7D4734F664A6D8.e.1359/click - {}
RESULT: {}
COMMAND: POST /session/ece92b1f4222754886f18140a6c28eee/execute/async - {"script":"<script> [1562 bytes]","args":[{"selector":{"controlType":"sap.m.StandardListItem","viewName":"reusables.view.manageresources.NewResourceUnit","viewId":"application-manageresources-display-component---newResourceUnit","properties":{"title":"Equipment"},"searchOpenDialogs":true,"interaction":{"idSuffix":"content"}},"wdio_ui5_key":"reusablesview.manageresources.NewResourceUnitsap.m.StandardListItem{\"title\":\"Equipment\"}"}]}
COMMAND: GET /session/ece92b1f4222754886f18140a6c28eee/screenshot - {}
RESULT: {"script":"<script> [1562 bytes]","args":[{"selector":{"controlType":"sap.m.StandardListItem","viewName":"reusables.view.manageresources.NewResourceUnit","viewId":"application-manageresources-display-component---newResourceUnit","properties":{"title":"Equipment"},"searchOpenDialogs":true,"interaction":{"idSuffix":"content"}},"wdio_ui5_key":"reusablesview.manageresources.NewResourceUnitsap.m.StandardListItem{\"title\":\"Equipment\"}"}]}
RESULT: undefined
COMMAND: POST /session/ece92b1f4222754886f18140a6c28eee/element - {"using":"xpath","value":"//*[@id=\"__item476\"]"}
RESULT: {}
RESULT: {"using":"xpath","value":"//*[@id=\"__item476\"]"}
COMMAND: POST /session/ece92b1f4222754886f18140a6c28eee/element/f.3741161919B21A173E9EEDF3DB720710.d.D092713F6C1C36BF3C7D4734F664A6D8.e.1362/click - {}
RESULT: {}
COMMAND: POST /session/ece92b1f4222754886f18140a6c28eee/execute/async - {"script":"<script> [1562 bytes]","args":[{"selector":{"id":"application-manageresources-display-component---newResourceUnit--resourceId","interaction":{"idSuffix":"inner"}},"wdio_ui5_key":"applicationmanageresources-display-component---newResourceUnit--resourceId"}]}
COMMAND: GET /session/ece92b1f4222754886f18140a6c28eee/screenshot - {}
RESULT: {"script":"<script> [1562 bytes]","args":[{"selector":{"id":"application-manageresources-display-component---newResourceUnit--resourceId","interaction":{"idSuffix":"inner"}},"wdio_ui5_key":"applicationmanageresources-display-component---newResourceUnit--resourceId"}]}
RESULT: undefined
COMMAND: POST /session/ece92b1f4222754886f18140a6c28eee/execute/async - {"script":"<script> [776 bytes]","args":[{"enterText":"y7RABZyJG_1","selector":{"id":"application-manageresources-display-component---newResourceUnit--resourceId","interaction":{"idSuffix":"inner"}},"clearTextFirst":true,"interactionType":"ENTER_TEXT"}]}
RESULT: {}
RESULT: {"script":"<script> [776 bytes]","args":[{"enterText":"y7RABZyJG_1","selector":{"id":"application-manageresources-display-component---newResourceUnit--resourceId","interaction":{"idSuffix":"inner"}},"clearTextFirst":true,"interactionType":"ENTER_TEXT"}]}
COMMAND: POST /session/ece92b1f4222754886f18140a6c28eee/execute/async - {"script":"<script> [1562 bytes]","args":[{"selector":{"id":"application-manageresources-display-component---newResourceUnit--SHORT_TEXT","interaction":{"idSuffix":"inner"}},"wdio_ui5_key":"applicationmanageresources-display-component---newResourceUnit--SHORT_TEXT"}]}
RESULT: {"script":"<script> [1562 bytes]","args":[{"selector":{"id":"application-manageresources-display-component---newResourceUnit--SHORT_TEXT","interaction":{"idSuffix":"inner"}},"wdio_ui5_key":"applicationmanageresources-display-component---newResourceUnit--SHORT_TEXT"}]}
RESULT: undefined
COMMAND: POST /session/ece92b1f4222754886f18140a6c28eee/execute/async - {"script":"<script> [776 bytes]","args":[{"enterText":"y7RABZyJG_1","selector":{"id":"application-manageresources-display-component---newResourceUnit--SHORT_TEXT","interaction":{"idSuffix":"inner"}},"clearTextFirst":true,"interactionType":"ENTER_TEXT"}]}
RESULT: {"script":"<script> [776 bytes]","args":[{"enterText":"y7RABZyJG_1","selector":{"id":"application-manageresources-display-component---newResourceUnit--SHORT_TEXT","interaction":{"idSuffix":"inner"}},"clearTextFirst":true,"interactionType":"ENTER_TEXT"}]}
COMMAND: POST /session/ece92b1f4222754886f18140a6c28eee/execute/async - {"script":"<script> [1562 bytes]","args":[{"selector":{"id":"application-manageresources-display-component---newResourceUnit--BASE_UNIT_OF_MEASURE","interaction":{"idSuffix":"inner"}},"wdio_ui5_key":"applicationmanageresources-display-component---newResourceUnit--BASE_UNIT_OF_MEASURE"}]}
RESULT: {"script":"<script> [1562 bytes]","args":[{"selector":{"id":"application-manageresources-display-component---newResourceUnit--BASE_UNIT_OF_MEASURE","interaction":{"idSuffix":"inner"}},"wdio_ui5_key":"applicationmanageresources-display-component---newResourceUnit--BASE_UNIT_OF_MEASURE"}]}
RESULT: undefined
COMMAND: POST /session/ece92b1f4222754886f18140a6c28eee/execute/async - {"script":"<script> [776 bytes]","args":[{"enterText":"Piece","selector":{"id":"application-manageresources-display-component---newResourceUnit--BASE_UNIT_OF_MEASURE","interaction":{"idSuffix":"inner"}},"clearTextFirst":true,"interactionType":"ENTER_TEXT"}]}
RESULT: {"script":"<script> [776 bytes]","args":[{"enterText":"Piece","selector":{"id":"application-manageresources-display-component---newResourceUnit--BASE_UNIT_OF_MEASURE","interaction":{"idSuffix":"inner"}},"clearTextFirst":true,"interactionType":"ENTER_TEXT"}]}
COMMAND: POST /session/ece92b1f4222754886f18140a6c28eee/execute/async - {"script":"<script> [1562 bytes]","args":[{"selector":{"id":"application-manageresources-display-component---newResourceUnit--WEIGHT_UNIT","interaction":{"idSuffix":"inner"}},"wdio_ui5_key":"applicationmanageresources-display-component---newResourceUnit--WEIGHT_UNIT"}]}
RESULT: {"script":"<script> [1562 bytes]","args":[{"selector":{"id":"application-manageresources-display-component---newResourceUnit--WEIGHT_UNIT","interaction":{"idSuffix":"inner"}},"wdio_ui5_key":"applicationmanageresources-display-component---newResourceUnit--WEIGHT_UNIT"}]}
RESULT: undefined
COMMAND: POST /session/ece92b1f4222754886f18140a6c28eee/execute/async - {"script":"<script> [776 bytes]","args":[{"enterText":"Gram","selector":{"id":"application-manageresources-display-component---newResourceUnit--WEIGHT_UNIT","interaction":{"idSuffix":"inner"}},"clearTextFirst":true,"interactionType":"ENTER_TEXT"}]}
RESULT: {"script":"<script> [776 bytes]","args":[{"enterText":"Gram","selector":{"id":"application-manageresources-display-component---newResourceUnit--WEIGHT_UNIT","interaction":{"idSuffix":"inner"}},"clearTextFirst":true,"interactionType":"ENTER_TEXT"}]}
COMMAND: POST /session/ece92b1f4222754886f18140a6c28eee/execute/async - {"script":"<script> [1562 bytes]","args":[{"selector":{"id":"application-manageresources-display-component---newResourceUnit--DIMENSION_UNIT","interaction":{"idSuffix":"inner"}},"wdio_ui5_key":"applicationmanageresources-display-component---newResourceUnit--DIMENSION_UNIT"}]}
RESULT: {"script":"<script> [1562 bytes]","args":[{"selector":{"id":"application-manageresources-display-component---newResourceUnit--DIMENSION_UNIT","interaction":{"idSuffix":"inner"}},"wdio_ui5_key":"applicationmanageresources-display-component---newResourceUnit--DIMENSION_UNIT"}]}
RESULT: undefined
COMMAND: POST /session/ece92b1f4222754886f18140a6c28eee/execute/async - {"script":"<script> [776 bytes]","args":[{"enterText":"Meter","selector":{"id":"application-manageresources-display-component---newResourceUnit--DIMENSION_UNIT","interaction":{"idSuffix":"inner"}},"clearTextFirst":true,"interactionType":"ENTER_TEXT"}]}
RESULT: {"script":"<script> [776 bytes]","args":[{"enterText":"Meter","selector":{"id":"application-manageresources-display-component---newResourceUnit--DIMENSION_UNIT","interaction":{"idSuffix":"inner"}},"clearTextFirst":true,"interactionType":"ENTER_TEXT"}]}
COMMAND: POST /session/ece92b1f4222754886f18140a6c28eee/execute/async - {"script":"<script> [1562 bytes]","args":[{"selector":{"id":"application-manageresources-display-component---newResourceUnit--newRRUPage-anchBar-application-manageresources-display-component---newResourceUnit--control-anchor","interaction":{"idSuffix":"BDI-content"}},"wdio_ui5_key":"applicationmanageresources-display-component---newResourceUnit--newRRUPage-anchBar-application-manageresources-display-component---newResourceUnit--control-anchor"}]}
RESULT: {"script":"<script> [1562 bytes]","args":[{"selector":{"id":"application-manageresources-display-component---newResourceUnit--newRRUPage-anchBar-application-manageresources-display-component---newResourceUnit--control-anchor","interaction":{"idSuffix":"BDI-content"}},"wdio_ui5_key":"applicationmanageresources-display-component---newResourceUnit--newRRUPage-anchBar-application-manageresources-display-component---newResourceUnit--control-anchor"}]}
RESULT: undefined
COMMAND: POST /session/ece92b1f4222754886f18140a6c28eee/element - {"using":"xpath","value":"//*[@id=\"application-manageresources-display-component---newResourceUnit--newRRUPage-anchBar-application-manageresources-display-component---newResourceUnit--control-anchor\"]"}
RESULT: {"using":"xpath","value":"//*[@id=\"application-manageresources-display-component---newResourceUnit--newRRUPage-anchBar-application-manageresources-display-component---newResourceUnit--control-anchor\"]"}
COMMAND: POST /session/ece92b1f4222754886f18140a6c28eee/element/f.3741161919B21A173E9EEDF3DB720710.d.D092713F6C1C36BF3C7D4734F664A6D8.e.1490/click - {}
RESULT: {}
COMMAND: POST /session/ece92b1f4222754886f18140a6c28eee/execute/async - {"script":"<script> [1562 bytes]","args":[{"selector":{"id":"application-manageresources-display-component---newResourceUnit--PLANNING_GROUP","interaction":{"idSuffix":"inner"}},"wdio_ui5_key":"applicationmanageresources-display-component---newResourceUnit--PLANNING_GROUP"}]}
COMMAND: GET /session/ece92b1f4222754886f18140a6c28eee/screenshot - {}
RESULT: {"script":"<script> [1562 bytes]","args":[{"selector":{"id":"application-manageresources-display-component---newResourceUnit--PLANNING_GROUP","interaction":{"idSuffix":"inner"}},"wdio_ui5_key":"applicationmanageresources-display-component---newResourceUnit--PLANNING_GROUP"}]}
RESULT: undefined
COMMAND: POST /session/ece92b1f4222754886f18140a6c28eee/execute/async - {"script":"<script> [776 bytes]","args":[{"enterText":"Heavy Equi","selector":{"id":"application-manageresources-display-component---newResourceUnit--PLANNING_GROUP","interaction":{"idSuffix":"inner"}},"clearTextFirst":true,"interactionType":"ENTER_TEXT"}]}
RESULT: {}
RESULT: {"script":"<script> [776 bytes]","args":[{"enterText":"Heavy Equi","selector":{"id":"application-manageresources-display-component---newResourceUnit--PLANNING_GROUP","interaction":{"idSuffix":"inner"}},"clearTextFirst":true,"interactionType":"ENTER_TEXT"}]}
COMMAND: POST /session/ece92b1f4222754886f18140a6c28eee/execute/async - {"script":"<script> [1562 bytes]","args":[{"selector":{"id":"application-manageresources-display-component---newResourceUnit--ITEM_TYPE-arrow"},"wdio_ui5_key":"applicationmanageresources-display-component---newResourceUnit--ITEM_TYPE-arrow"}]}
RESULT: {"script":"<script> [1562 bytes]","args":[{"selector":{"id":"application-manageresources-display-component---newResourceUnit--ITEM_TYPE-arrow"},"wdio_ui5_key":"applicationmanageresources-display-component---newResourceUnit--ITEM_TYPE-arrow"}]}
RESULT: undefined
COMMAND: POST /session/ece92b1f4222754886f18140a6c28eee/element - {"using":"xpath","value":"//*[@id=\"application-manageresources-display-component---newResourceUnit--ITEM_TYPE-arrow\"]"}
RESULT: {"using":"xpath","value":"//*[@id=\"application-manageresources-display-component---newResourceUnit--ITEM_TYPE-arrow\"]"}
COMMAND: POST /session/ece92b1f4222754886f18140a6c28eee/element/f.3741161919B21A173E9EEDF3DB720710.d.D092713F6C1C36BF3C7D4734F664A6D8.e.1497/click - {}
RESULT: {}
COMMAND: POST /session/ece92b1f4222754886f18140a6c28eee/execute/async - {"script":"<script> [1562 bytes]","args":[{"selector":{"controlType":"sap.m.StandardListItem","viewName":"reusables.view.manageresources.NewResourceUnit","viewId":"application-manageresources-display-component---newResourceUnit","properties":{"title":"Resource Unit"},"searchOpenDialogs":true,"interaction":{"idSuffix":"titleText"}},"wdio_ui5_key":"reusablesview.manageresources.NewResourceUnitsap.m.StandardListItem{\"title\":\"Resource Unit\"}"}]}
COMMAND: GET /session/ece92b1f4222754886f18140a6c28eee/screenshot - {}
RESULT: {"script":"<script> [1562 bytes]","args":[{"selector":{"controlType":"sap.m.StandardListItem","viewName":"reusables.view.manageresources.NewResourceUnit","viewId":"application-manageresources-display-component---newResourceUnit","properties":{"title":"Resource Unit"},"searchOpenDialogs":true,"interaction":{"idSuffix":"titleText"}},"wdio_ui5_key":"reusablesview.manageresources.NewResourceUnitsap.m.StandardListItem{\"title\":\"Resource Unit\"}"}]}
RESULT: undefined
COMMAND: POST /session/ece92b1f4222754886f18140a6c28eee/element - {"using":"xpath","value":"//*[@id=\"__item543\"]"}
RESULT: {}
RESULT: {"using":"xpath","value":"//*[@id=\"__item543\"]"}
COMMAND: POST /session/ece92b1f4222754886f18140a6c28eee/element/f.3741161919B21A173E9EEDF3DB720710.d.D092713F6C1C36BF3C7D4734F664A6D8.e.1499/click - {}
RESULT: {}
COMMAND: POST /session/ece92b1f4222754886f18140a6c28eee/execute/async - {"script":"<script> [1562 bytes]","args":[{"selector":{"id":"application-manageresources-display-component---newResourceUnit--btnAddTimeSegment-img"},"wdio_ui5_key":"applicationmanageresources-display-component---newResourceUnit--btnAddTimeSegment-img"}]}
COMMAND: GET /session/ece92b1f4222754886f18140a6c28eee/screenshot - {}
RESULT: {"script":"<script> [1562 bytes]","args":[{"selector":{"id":"application-manageresources-display-component---newResourceUnit--btnAddTimeSegment-img"},"wdio_ui5_key":"applicationmanageresources-display-component---newResourceUnit--btnAddTimeSegment-img"}]}
RESULT: undefined
COMMAND: POST /session/ece92b1f4222754886f18140a6c28eee/element - {"using":"xpath","value":"//*[@id=\"application-manageresources-display-component---newResourceUnit--btnAddTimeSegment-img\"]"}
RESULT: {}
RESULT: {"using":"xpath","value":"//*[@id=\"application-manageresources-display-component---newResourceUnit--btnAddTimeSegment-img\"]"}
COMMAND: POST /session/ece92b1f4222754886f18140a6c28eee/element/f.3741161919B21A173E9EEDF3DB720710.d.D092713F6C1C36BF3C7D4734F664A6D8.e.1500/click - {}
RESULT: {}
COMMAND: GET /session/ece92b1f4222754886f18140a6c28eee/screenshot - {}
RESULT: {}
COMMAND: POST /session/ece92b1f4222754886f18140a6c28eee/element - {"using":"xpath","value":"//input[@id=\"application-manageresources-display-component---newResourceUnit--idRuTSAdmin-application-manageresources-display-component---newResourceUnit--RUTimeSegment-0-inner\"]"}
RESULT: {"using":"xpath","value":"//input[@id=\"application-manageresources-display-component---newResourceUnit--idRuTSAdmin-application-manageresources-display-component---newResourceUnit--RUTimeSegment-0-inner\"]"}
COMMAND: POST /session/ece92b1f4222754886f18140a6c28eee/element/f.3741161919B21A173E9EEDF3DB720710.d.D092713F6C1C36BF3C7D4734F664A6D8.e.1504/clear - {}
RESULT: {}
COMMAND: POST /session/ece92b1f4222754886f18140a6c28eee/element/f.3741161919B21A173E9EEDF3DB720710.d.D092713F6C1C36BF3C7D4734F664A6D8.e.1504/value - {"text":"521"}
COMMAND: GET /session/ece92b1f4222754886f18140a6c28eee/screenshot - {}
RESULT: {"text":"521"}
COMMAND: GET /session/ece92b1f4222754886f18140a6c28eee/screenshot - {}
RESULT: {}
RESULT: {}
COMMAND: POST /session/ece92b1f4222754886f18140a6c28eee/element - {"using":"xpath","value":"//li[.//span[text()='521']]"}
RESULT: {"using":"xpath","value":"//li[.//span[text()='521']]"}
COMMAND: POST /session/ece92b1f4222754886f18140a6c28eee/element/f.3741161919B21A173E9EEDF3DB720710.d.D092713F6C1C36BF3C7D4734F664A6D8.e.1517/click - {}
RESULT: {}
COMMAND: GET /session/ece92b1f4222754886f18140a6c28eee/screenshot - {}
RESULT: {}
COMMAND: POST /session/ece92b1f4222754886f18140a6c28eee/execute/async - {"script":"<script> [1562 bytes]","args":[{"selector":{"controlType":"sap.ui.core.Icon","viewName":"reusables.view.manageresources.NewResourceUnit","viewId":"application-manageresources-display-component---newResourceUnit","properties":{"src":{"regex":{"source":"slim\\-arrow\\-down"}}},"ancestor":{"controlType":"sap.m.ComboBox","viewName":"reusables.view.manageresources.NewResourceUnit","viewId":"application-manageresources-display-component---newResourceUnit","bindingPath":{"path":"/RESOURCE_UNIT_TIME_SEQUENCES/0","propertyPath":"COST_OBJECT_ADMIN_CST_TYPE","modelName":"oNewRruModel"}}},"wdio_ui5_key":"reusablesview.manageresources.NewResourceUnitsap.ui.core.Icon{\"src\":{\"regex\":{\"source\":\"slim\\\\-arrow\\\\-down\"}}}{\"controlType\":\"sap.m.ComboBox\",\"viewName\":\"reusables.view.manageresources.NewResourceUnit\",\"viewId\":\"application-manageresources-display-component---newResourceUnit\",\"bindingPath\":{\"path\":\"/RESOURCE_UNIT_TIME_SEQUENCES/0\",\"propertyPath\":\"COST_OBJECT_ADMIN_CST_TYPE\",\"modelName\":\"oNewRruModel\"}}"}]}
RESULT: {"script":"<script> [1562 bytes]","args":[{"selector":{"controlType":"sap.ui.core.Icon","viewName":"reusables.view.manageresources.NewResourceUnit","viewId":"application-manageresources-display-component---newResourceUnit","properties":{"src":{"regex":{"source":"slim\\-arrow\\-down"}}},"ancestor":{"controlType":"sap.m.ComboBox","viewName":"reusables.view.manageresources.NewResourceUnit","viewId":"application-manageresources-display-component---newResourceUnit","bindingPath":{"path":"/RESOURCE_UNIT_TIME_SEQUENCES/0","propertyPath":"COST_OBJECT_ADMIN_CST_TYPE","modelName":"oNewRruModel"}}},"wdio_ui5_key":"reusablesview.manageresources.NewResourceUnitsap.ui.core.Icon{\"src\":{\"regex\":{\"source\":\"slim\\\\-arrow\\\\-down\"}}}{\"controlType\":\"sap.m.ComboBox\",\"viewName\":\"reusables.view.manageresources.NewResourceUnit\",\"viewId\":\"application-manageresources-display-component---newResourceUnit\",\"bindingPath\":{\"path\":\"/RESOURCE_UNIT_TIME_SEQUENCES/0\",\"propertyPath\":\"COST_OBJECT_ADMIN_CST_TYPE\",\"modelName\":\"oNewRruModel\"}}"}]}
RESULT: undefined
COMMAND: POST /session/ece92b1f4222754886f18140a6c28eee/element - {"using":"xpath","value":"//*[@id=\"__box20-application-manageresources-display-component---newResourceUnit--RUTimeSegment-0-arrow\"]"}
RESULT: {"using":"xpath","value":"//*[@id=\"__box20-application-manageresources-display-component---newResourceUnit--RUTimeSegment-0-arrow\"]"}
COMMAND: POST /session/ece92b1f4222754886f18140a6c28eee/element/f.3741161919B21A173E9EEDF3DB720710.d.D092713F6C1C36BF3C7D4734F664A6D8.e.1518/click - {}
RESULT: {}
COMMAND: POST /session/ece92b1f4222754886f18140a6c28eee/execute/async - {"script":"<script> [1562 bytes]","args":[{"selector":{"controlType":"sap.m.StandardListItem","viewName":"reusables.view.manageresources.NewResourceUnit","viewId":"application-manageresources-display-component---newResourceUnit","properties":{"title":"PM Order"},"searchOpenDialogs":true,"interaction":{"idSuffix":"titleText"}},"wdio_ui5_key":"reusablesview.manageresources.NewResourceUnitsap.m.StandardListItem{\"title\":\"PM Order\"}"}]}
COMMAND: GET /session/ece92b1f4222754886f18140a6c28eee/screenshot - {}
RESULT: {"script":"<script> [1562 bytes]","args":[{"selector":{"controlType":"sap.m.StandardListItem","viewName":"reusables.view.manageresources.NewResourceUnit","viewId":"application-manageresources-display-component---newResourceUnit","properties":{"title":"PM Order"},"searchOpenDialogs":true,"interaction":{"idSuffix":"titleText"}},"wdio_ui5_key":"reusablesview.manageresources.NewResourceUnitsap.m.StandardListItem{\"title\":\"PM Order\"}"}]}
RESULT: undefined
COMMAND: POST /session/ece92b1f4222754886f18140a6c28eee/element - {"using":"xpath","value":"//*[@id=\"__item965\"]"}
RESULT: {}
RESULT: {"using":"xpath","value":"//*[@id=\"__item965\"]"}
COMMAND: POST /session/ece92b1f4222754886f18140a6c28eee/element/f.3741161919B21A173E9EEDF3DB720710.d.D092713F6C1C36BF3C7D4734F664A6D8.e.1522/click - {}
RESULT: {}
COMMAND: GET /session/ece92b1f4222754886f18140a6c28eee/screenshot - {}
RESULT: {}
COMMAND: POST /session/ece92b1f4222754886f18140a6c28eee/element - {"using":"xpath","value":"(//input[contains(@id ,\"-application-manageresources-display-component---newResourceUnit--RUTimeSegment-0-inner\")])[8]"}
RESULT: {"using":"xpath","value":"(//input[contains(@id ,\"-application-manageresources-display-component---newResourceUnit--RUTimeSegment-0-inner\")])[8]"}
COMMAND: POST /session/ece92b1f4222754886f18140a6c28eee/element/f.3741161919B21A173E9EEDF3DB720710.d.D092713F6C1C36BF3C7D4734F664A6D8.e.1525/clear - {}
RESULT: {}
COMMAND: POST /session/ece92b1f4222754886f18140a6c28eee/element/f.3741161919B21A173E9EEDF3DB720710.d.D092713F6C1C36BF3C7D4734F664A6D8.e.1525/value - {"text":"4000360"}
COMMAND: GET /session/ece92b1f4222754886f18140a6c28eee/screenshot - {}
RESULT: {"text":"4000360"}
COMMAND: GET /session/ece92b1f4222754886f18140a6c28eee/screenshot - {}
RESULT: {}
RESULT: {}
COMMAND: POST /session/ece92b1f4222754886f18140a6c28eee/actions - {"actions":[{"id":"action2","type":"key","parameters":{},"actions":[{"type":"keyDown","value":"î€‡"},{"type":"pause","duration":10},{"type":"keyUp","value":"î€‡"}]}]}
RESULT: {"actions":[{"id":"action2","type":"key","parameters":{},"actions":[{"type":"keyDown","value":"î€‡"},{"type":"pause","duration":10},{"type":"keyUp","value":"î€‡"}]}]}
COMMAND: GET /session/ece92b1f4222754886f18140a6c28eee/screenshot - {}
RESULT: {}
COMMAND: POST /session/ece92b1f4222754886f18140a6c28eee/execute/async - {"script":"<script> [1562 bytes]","args":[{"selector":{"id":"application-manageresources-display-component---newResourceUnit--newRRUPage-anchBar-application-manageresources-display-component---newResourceUnit--resource-anchor","interaction":{"idSuffix":"BDI-content"}},"wdio_ui5_key":"applicationmanageresources-display-component---newResourceUnit--newRRUPage-anchBar-application-manageresources-display-component---newResourceUnit--resource-anchor"}]}
RESULT: {"script":"<script> [1562 bytes]","args":[{"selector":{"id":"application-manageresources-display-component---newResourceUnit--newRRUPage-anchBar-application-manageresources-display-component---newResourceUnit--resource-anchor","interaction":{"idSuffix":"BDI-content"}},"wdio_ui5_key":"applicationmanageresources-display-component---newResourceUnit--newRRUPage-anchBar-application-manageresources-display-component---newResourceUnit--resource-anchor"}]}
RESULT: undefined
COMMAND: POST /session/ece92b1f4222754886f18140a6c28eee/element - {"using":"xpath","value":"//*[@id=\"application-manageresources-display-component---newResourceUnit--newRRUPage-anchBar-application-manageresources-display-component---newResourceUnit--resource-anchor\"]"}
RESULT: {"using":"xpath","value":"//*[@id=\"application-manageresources-display-component---newResourceUnit--newRRUPage-anchBar-application-manageresources-display-component---newResourceUnit--resource-anchor\"]"}
COMMAND: POST /session/ece92b1f4222754886f18140a6c28eee/element/f.3741161919B21A173E9EEDF3DB720710.d.D092713F6C1C36BF3C7D4734F664A6D8.e.1556/click - {}
RESULT: {}
COMMAND: POST /session/ece92b1f4222754886f18140a6c28eee/execute/async - {"script":"<script> [1562 bytes]","args":[{"selector":{"id":"application-manageresources-display-component---newResourceUnit--PLANNED_DELIVERY_DATE","interaction":{"idSuffix":"inner"}},"wdio_ui5_key":"applicationmanageresources-display-component---newResourceUnit--PLANNED_DELIVERY_DATE"}]}
COMMAND: GET /session/ece92b1f4222754886f18140a6c28eee/screenshot - {}
RESULT: {"script":"<script> [1562 bytes]","args":[{"selector":{"id":"application-manageresources-display-component---newResourceUnit--PLANNED_DELIVERY_DATE","interaction":{"idSuffix":"inner"}},"wdio_ui5_key":"applicationmanageresources-display-component---newResourceUnit--PLANNED_DELIVERY_DATE"}]}
RESULT: undefined
COMMAND: POST /session/ece92b1f4222754886f18140a6c28eee/execute/async - {"script":"<script> [6424 bytes]","args":[{"element-6066-11e4-a52e-4f735466cecf":"f.3741161919B21A173E9EEDF3DB720710.d.D092713F6C1C36BF3C7D4734F664A6D8.e.1414"},"setValue",["5/18/25"]]}
RESULT: {}
RESULT: {"script":"<script> [6424 bytes]","args":[{"element-6066-11e4-a52e-4f735466cecf":"f.3741161919B21A173E9EEDF3DB720710.d.D092713F6C1C36BF3C7D4734F664A6D8.e.1414"},"setValue",["5/18/25"]]}
COMMAND: POST /session/ece92b1f4222754886f18140a6c28eee/execute/async - {"script":"<script> [1562 bytes]","args":[{"selector":{"controlType":"sap.m.Button","viewName":"reusables.view.manageresources.NewResourceUnit","viewId":"application-manageresources-display-component---newResourceUnit","i18NText":{"propertyName":"tooltip","key":"save"},"interaction":{"idSuffix":"BDI-content"}},"wdio_ui5_key":"reusablesview.manageresources.NewResourceUnitsap.m.Button{\"propertyName\":\"tooltip\",\"key\":\"save\"}"}]}
RESULT: {"script":"<script> [1562 bytes]","args":[{"selector":{"controlType":"sap.m.Button","viewName":"reusables.view.manageresources.NewResourceUnit","viewId":"application-manageresources-display-component---newResourceUnit","i18NText":{"propertyName":"tooltip","key":"save"},"interaction":{"idSuffix":"BDI-content"}},"wdio_ui5_key":"reusablesview.manageresources.NewResourceUnitsap.m.Button{\"propertyName\":\"tooltip\",\"key\":\"save\"}"}]}
RESULT: undefined
COMMAND: POST /session/ece92b1f4222754886f18140a6c28eee/element - {"using":"xpath","value":"//*[@id=\"application-manageresources-display-component---newResourceUnit--createRuButton\"]"}
RESULT: {"using":"xpath","value":"//*[@id=\"application-manageresources-display-component---newResourceUnit--createRuButton\"]"}
COMMAND: POST /session/ece92b1f4222754886f18140a6c28eee/element/f.3741161919B21A173E9EEDF3DB720710.d.D092713F6C1C36BF3C7D4734F664A6D8.e.1375/click - {}
RESULT: {}
COMMAND: GET /session/ece92b1f4222754886f18140a6c28eee/screenshot - {}
RESULT: {}
COMMAND: POST /session/ece92b1f4222754886f18140a6c28eee/execute/async - {"script":"<script> [1562 bytes]","args":[{"selector":{"controlType":"sap.m.Button","properties":{"text":"Close"},"searchOpenDialogs":true,"interaction":{"idSuffix":"inner"}},"wdio_ui5_key":"sapm.Button{\"text\":\"Close\"}"}]}
RESULT: {"script":"<script> [1562 bytes]","args":[{"selector":{"controlType":"sap.m.Button","properties":{"text":"Close"},"searchOpenDialogs":true,"interaction":{"idSuffix":"inner"}},"wdio_ui5_key":"sapm.Button{\"text\":\"Close\"}"}]}
RESULT: undefined
COMMAND: POST /session/ece92b1f4222754886f18140a6c28eee/element - {"using":"xpath","value":"//*[@id=\"__mbox-btn-0\"]"}
RESULT: {"using":"xpath","value":"//*[@id=\"__mbox-btn-0\"]"}
COMMAND: POST /session/ece92b1f4222754886f18140a6c28eee/element/f.3741161919B21A173E9EEDF3DB720710.d.D092713F6C1C36BF3C7D4734F664A6D8.e.1562/click - {}
RESULT: {}
COMMAND: GET /session/ece92b1f4222754886f18140a6c28eee/screenshot - {}
RESULT: {}
COMMAND: POST /session/ece92b1f4222754886f18140a6c28eee/element - {"using":"xpath","value":"(//button[contains(@id ,\"actionsToolbar-overflowButton\")])[1]"}
RESULT: {"using":"xpath","value":"(//button[contains(@id ,\"actionsToolbar-overflowButton\")])[1]"}
COMMAND: POST /session/ece92b1f4222754886f18140a6c28eee/element/f.3741161919B21A173E9EEDF3DB720710.d.D092713F6C1C36BF3C7D4734F664A6D8.e.1622/click - {}
RESULT: {}
COMMAND: GET /session/ece92b1f4222754886f18140a6c28eee/screenshot - {}
RESULT: {}
COMMAND: POST /session/ece92b1f4222754886f18140a6c28eee/execute/async - {"script":"<script> [1562 bytes]","args":[{"selector":{"controlType":"sap.m.Button","viewName":"etm.portal.ui.manageresources.view.Detail","viewId":"application-manageresources-display-component---detailRU","i18NText":{"propertyName":"text","key":"copy"},"searchOpenDialogs":true,"interaction":{"idSuffix":"BDI-content"}},"wdio_ui5_key":"etmportal.ui.manageresources.view.Detailsap.m.Button{\"propertyName\":\"text\",\"key\":\"copy\"}"}]}
RESULT: {"script":"<script> [1562 bytes]","args":[{"selector":{"controlType":"sap.m.Button","viewName":"etm.portal.ui.manageresources.view.Detail","viewId":"application-manageresources-display-component---detailRU","i18NText":{"propertyName":"text","key":"copy"},"searchOpenDialogs":true,"interaction":{"idSuffix":"BDI-content"}},"wdio_ui5_key":"etmportal.ui.manageresources.view.Detailsap.m.Button{\"propertyName\":\"text\",\"key\":\"copy\"}"}]}
RESULT: undefined
COMMAND: POST /session/ece92b1f4222754886f18140a6c28eee/element - {"using":"xpath","value":"//*[@id=\"__button92\"]"}
RESULT: {"using":"xpath","value":"//*[@id=\"__button92\"]"}
COMMAND: POST /session/ece92b1f4222754886f18140a6c28eee/element/f.3741161919B21A173E9EEDF3DB720710.d.D092713F6C1C36BF3C7D4734F664A6D8.e.1625/click - {}
RESULT: {}
COMMAND: POST /session/ece92b1f4222754886f18140a6c28eee/execute/async - {"script":"<script> [1562 bytes]","args":[{"selector":{"controlType":"sap.m.Button","viewName":"etm.portal.ui.manageresources.view.Detail","viewId":"application-manageresources-display-component---detailRU","i18NText":{"propertyName":"text","key":"selectAll"},"searchOpenDialogs":true,"interaction":{"idSuffix":"BDI-content"}},"wdio_ui5_key":"etmportal.ui.manageresources.view.Detailsap.m.Button{\"propertyName\":\"text\",\"key\":\"selectAll\"}"}]}
COMMAND: GET /session/ece92b1f4222754886f18140a6c28eee/screenshot - {}
RESULT: {"script":"<script> [1562 bytes]","args":[{"selector":{"controlType":"sap.m.Button","viewName":"etm.portal.ui.manageresources.view.Detail","viewId":"application-manageresources-display-component---detailRU","i18NText":{"propertyName":"text","key":"selectAll"},"searchOpenDialogs":true,"interaction":{"idSuffix":"BDI-content"}},"wdio_ui5_key":"etmportal.ui.manageresources.view.Detailsap.m.Button{\"propertyName\":\"text\",\"key\":\"selectAll\"}"}]}
RESULT: undefined
COMMAND: POST /session/ece92b1f4222754886f18140a6c28eee/element - {"using":"xpath","value":"//*[@id=\"__button136\"]"}
RESULT: {}
RESULT: {"using":"xpath","value":"//*[@id=\"__button136\"]"}
COMMAND: POST /session/ece92b1f4222754886f18140a6c28eee/element/f.3741161919B21A173E9EEDF3DB720710.d.D092713F6C1C36BF3C7D4734F664A6D8.e.1626/click - {}
RESULT: {}
COMMAND: POST /session/ece92b1f4222754886f18140a6c28eee/execute/async - {"script":"<script> [1562 bytes]","args":[{"selector":{"controlType":"sap.m.Button","viewName":"etm.portal.ui.manageresources.view.Detail","viewId":"application-manageresources-display-component---detailRU","i18NText":{"propertyName":"text","key":"confirm"},"searchOpenDialogs":true,"interaction":{"idSuffix":"BDI-content"}},"wdio_ui5_key":"etmportal.ui.manageresources.view.Detailsap.m.Button{\"propertyName\":\"text\",\"key\":\"confirm\"}"}]}
COMMAND: GET /session/ece92b1f4222754886f18140a6c28eee/screenshot - {}
RESULT: {"script":"<script> [1562 bytes]","args":[{"selector":{"controlType":"sap.m.Button","viewName":"etm.portal.ui.manageresources.view.Detail","viewId":"application-manageresources-display-component---detailRU","i18NText":{"propertyName":"text","key":"confirm"},"searchOpenDialogs":true,"interaction":{"idSuffix":"BDI-content"}},"wdio_ui5_key":"etmportal.ui.manageresources.view.Detailsap.m.Button{\"propertyName\":\"text\",\"key\":\"confirm\"}"}]}
RESULT: undefined
COMMAND: POST /session/ece92b1f4222754886f18140a6c28eee/element - {"using":"xpath","value":"//*[@id=\"__button137\"]"}
RESULT: {}
RESULT: {"using":"xpath","value":"//*[@id=\"__button137\"]"}
COMMAND: POST /session/ece92b1f4222754886f18140a6c28eee/element/f.3741161919B21A173E9EEDF3DB720710.d.D092713F6C1C36BF3C7D4734F664A6D8.e.1651/click - {}
RESULT: {}
COMMAND: GET /session/ece92b1f4222754886f18140a6c28eee/screenshot - {}
RESULT: {}
COMMAND: POST /session/ece92b1f4222754886f18140a6c28eee/execute/async - {"script":"<script> [1562 bytes]","args":[{"selector":{"id":"application-manageresources-display-component---newResourceUnit--newRRUPage-anchBar-application-manageresources-display-component---newResourceUnit--general-anchor","interaction":{"idSuffix":"BDI-content"}},"wdio_ui5_key":"applicationmanageresources-display-component---newResourceUnit--newRRUPage-anchBar-application-manageresources-display-component---newResourceUnit--general-anchor"}]}
RESULT: {"script":"<script> [1562 bytes]","args":[{"selector":{"id":"application-manageresources-display-component---newResourceUnit--newRRUPage-anchBar-application-manageresources-display-component---newResourceUnit--general-anchor","interaction":{"idSuffix":"BDI-content"}},"wdio_ui5_key":"applicationmanageresources-display-component---newResourceUnit--newRRUPage-anchBar-application-manageresources-display-component---newResourceUnit--general-anchor"}]}
RESULT: undefined
COMMAND: POST /session/ece92b1f4222754886f18140a6c28eee/element - {"using":"xpath","value":"//*[@id=\"application-manageresources-display-component---newResourceUnit--newRRUPage-anchBar-application-manageresources-display-component---newResourceUnit--general-anchor\"]"}
RESULT: {"using":"xpath","value":"//*[@id=\"application-manageresources-display-component---newResourceUnit--newRRUPage-anchBar-application-manageresources-display-component---newResourceUnit--general-anchor\"]"}
COMMAND: POST /session/ece92b1f4222754886f18140a6c28eee/element/f.3741161919B21A173E9EEDF3DB720710.d.D092713F6C1C36BF3C7D4734F664A6D8.e.1657/click - {}
RESULT: {}
COMMAND: GET /session/ece92b1f4222754886f18140a6c28eee/screenshot - {}
RESULT: {}
COMMAND: POST /session/ece92b1f4222754886f18140a6c28eee/actions - {"actions":[{"type":"key","id":"keyboard","actions":[{"type":"keyDown","value":"î™"}]}]}
RESULT: {"actions":[{"type":"key","id":"keyboard","actions":[{"type":"keyDown","value":"î™"}]}]}
COMMAND: GET /session/ece92b1f4222754886f18140a6c28eee/screenshot - {}
RESULT: {}
RESULT: undefined
COMMAND: POST /session/ece92b1f4222754886f18140a6c28eee/execute/async - {"script":"<script> [776 bytes]","args":[{"enterText":"y7RABZyJG_2","selector":{"id":"application-manageresources-display-component---newResourceUnit--resourceId","interaction":{"idSuffix":"inner"}},"clearTextFirst":true,"interactionType":"ENTER_TEXT"}]}
RESULT: {"script":"<script> [776 bytes]","args":[{"enterText":"y7RABZyJG_2","selector":{"id":"application-manageresources-display-component---newResourceUnit--resourceId","interaction":{"idSuffix":"inner"}},"clearTextFirst":true,"interactionType":"ENTER_TEXT"}]}
RESULT: undefined
RESULT: undefined
COMMAND: POST /session/ece92b1f4222754886f18140a6c28eee/execute/async - {"script":"<script> [776 bytes]","args":[{"enterText":"y7RABZyJG_2","selector":{"id":"application-manageresources-display-component---newResourceUnit--SHORT_TEXT","interaction":{"idSuffix":"inner"}},"clearTextFirst":true,"interactionType":"ENTER_TEXT"}]}
RESULT: {"script":"<script> [776 bytes]","args":[{"enterText":"y7RABZyJG_2","selector":{"id":"application-manageresources-display-component---newResourceUnit--SHORT_TEXT","interaction":{"idSuffix":"inner"}},"clearTextFirst":true,"interactionType":"ENTER_TEXT"}]}
RESULT: undefined
COMMAND: POST /session/ece92b1f4222754886f18140a6c28eee/element - {"using":"xpath","value":"//*[@id=\"application-manageresources-display-component---newResourceUnit--createRuButton\"]"}
RESULT: {"using":"xpath","value":"//*[@id=\"application-manageresources-display-component---newResourceUnit--createRuButton\"]"}
COMMAND: POST /session/ece92b1f4222754886f18140a6c28eee/element/f.3741161919B21A173E9EEDF3DB720710.d.D092713F6C1C36BF3C7D4734F664A6D8.e.1375/click - {}
RESULT: {}
COMMAND: GET /session/ece92b1f4222754886f18140a6c28eee/screenshot - {}
RESULT: {}
COMMAND: POST /session/ece92b1f4222754886f18140a6c28eee/element - {"using":"xpath","value":"//bdi[contains(text(), \"Close\")]"}
RESULT: {"using":"xpath","value":"//bdi[contains(text(), \"Close\")]"}
COMMAND: POST /session/ece92b1f4222754886f18140a6c28eee/element/f.3741161919B21A173E9EEDF3DB720710.d.D092713F6C1C36BF3C7D4734F664A6D8.e.1671/click - {}
RESULT: {}
COMMAND: GET /session/ece92b1f4222754886f18140a6c28eee/screenshot - {}
RESULT: {}
COMMAND: POST /session/ece92b1f4222754886f18140a6c28eee/element - {"using":"css selector","value":"#shell-header-logo"}
RESULT: {"using":"css selector","value":"#shell-header-logo"}
COMMAND: POST /session/ece92b1f4222754886f18140a6c28eee/element/f.3741161919B21A173E9EEDF3DB720710.d.D092713F6C1C36BF3C7D4734F664A6D8.e.972/click - {}
RESULT: {}
COMMAND: GET /session/ece92b1f4222754886f18140a6c28eee/screenshot - {}
RESULT: {}
]]></system-out>
    </testcase>
    <testcase classname="chrome.136_0_7103_93.windows.Bill_of_Resources_tests_for_bundle_creation_&amp;_replenishment_US131067_US131070" name="Should do a stock increase for the equipments" time="83.348">
      <system-out><![CDATA[
COMMAND: POST /session/ece92b1f4222754886f18140a6c28eee/execute/async - {"script":"<script> [1562 bytes]","args":[{"selector":{"controlType":"sap.m.GenericTile","properties":{"header":"Manage Handovers"}},"wdio_ui5_key":"sapm.GenericTile{\"header\":\"Manage Handovers\"}"}]}
RESULT: {"script":"<script> [1562 bytes]","args":[{"selector":{"controlType":"sap.m.GenericTile","properties":{"header":"Manage Handovers"}},"wdio_ui5_key":"sapm.GenericTile{\"header\":\"Manage Handovers\"}"}]}
RESULT: undefined
COMMAND: POST /session/ece92b1f4222754886f18140a6c28eee/element - {"using":"xpath","value":"//*[@id=\"__tile131\"]"}
RESULT: {"using":"xpath","value":"//*[@id=\"__tile131\"]"}
COMMAND: POST /session/ece92b1f4222754886f18140a6c28eee/element/f.3741161919B21A173E9EEDF3DB720710.d.D092713F6C1C36BF3C7D4734F664A6D8.e.1677/click - {}
RESULT: {}
COMMAND: GET /session/ece92b1f4222754886f18140a6c28eee/screenshot - {}
RESULT: {}
COMMAND: POST /session/ece92b1f4222754886f18140a6c28eee/elements - {"using":"xpath","value":"//span[text()='Error']"}
RESULT: {"using":"xpath","value":"//span[text()='Error']"}
COMMAND: POST /session/ece92b1f4222754886f18140a6c28eee/element - {"using":"xpath","value":"//button[@data-kt=\"masterHOAddButton\"]"}
RESULT: {"using":"xpath","value":"//button[@data-kt=\"masterHOAddButton\"]"}
COMMAND: POST /session/ece92b1f4222754886f18140a6c28eee/elements - {"using":"xpath","value":"//button[@data-kt=\"masterHOAddButton\"]"}
RESULT: {"using":"xpath","value":"//button[@data-kt=\"masterHOAddButton\"]"}
COMMAND: POST /session/ece92b1f4222754886f18140a6c28eee/elements - {"using":"xpath","value":"//button[@data-kt=\"masterHOAddButton\"]"}
RESULT: {"using":"xpath","value":"//button[@data-kt=\"masterHOAddButton\"]"}
COMMAND: POST /session/ece92b1f4222754886f18140a6c28eee/elements - {"using":"xpath","value":"//button[@data-kt=\"masterHOAddButton\"]"}
RESULT: {"using":"xpath","value":"//button[@data-kt=\"masterHOAddButton\"]"}
COMMAND: POST /session/ece92b1f4222754886f18140a6c28eee/element - {"using":"xpath","value":"//button[@data-kt=\"masterHOAddButton\"]"}
RESULT: {"using":"xpath","value":"//button[@data-kt=\"masterHOAddButton\"]"}
COMMAND: POST /session/ece92b1f4222754886f18140a6c28eee/execute/sync - {"script":"<script> [8489 bytes]","args":[{"element-6066-11e4-a52e-4f735466cecf":"f.3741161919B21A173E9EEDF3DB720710.d.D092713F6C1C36BF3C7D4734F664A6D8.e.1719","ELEMENT":"f.3741161919B21A173E9EEDF3DB720710.d.D092713F6C1C36BF3C7D4734F664A6D8.e.1719"}]}
RESULT: {"script":"<script> [8489 bytes]","args":[{"element-6066-11e4-a52e-4f735466cecf":"f.3741161919B21A173E9EEDF3DB720710.d.D092713F6C1C36BF3C7D4734F664A6D8.e.1719","ELEMENT":"f.3741161919B21A173E9EEDF3DB720710.d.D092713F6C1C36BF3C7D4734F664A6D8.e.1719"}]}
COMMAND: GET /session/ece92b1f4222754886f18140a6c28eee/element/f.3741161919B21A173E9EEDF3DB720710.d.D092713F6C1C36BF3C7D4734F664A6D8.e.1719/enabled - {}
COMMAND: GET /session/ece92b1f4222754886f18140a6c28eee/screenshot - {}
RESULT: {}
COMMAND: POST /session/ece92b1f4222754886f18140a6c28eee/execute/sync - {"script":"<script> [8489 bytes]","args":[{"element-6066-11e4-a52e-4f735466cecf":"f.3741161919B21A173E9EEDF3DB720710.d.D092713F6C1C36BF3C7D4734F664A6D8.e.1719","ELEMENT":"f.3741161919B21A173E9EEDF3DB720710.d.D092713F6C1C36BF3C7D4734F664A6D8.e.1719"}]}
COMMAND: GET /session/ece92b1f4222754886f18140a6c28eee/screenshot - {}
RESULT: {}
RESULT: {"script":"<script> [8489 bytes]","args":[{"element-6066-11e4-a52e-4f735466cecf":"f.3741161919B21A173E9EEDF3DB720710.d.D092713F6C1C36BF3C7D4734F664A6D8.e.1719","ELEMENT":"f.3741161919B21A173E9EEDF3DB720710.d.D092713F6C1C36BF3C7D4734F664A6D8.e.1719"}]}
COMMAND: POST /session/ece92b1f4222754886f18140a6c28eee/execute/sync - {"script":"<script> [5351 bytes]","args":[{"element-6066-11e4-a52e-4f735466cecf":"f.3741161919B21A173E9EEDF3DB720710.d.D092713F6C1C36BF3C7D4734F664A6D8.e.1719","ELEMENT":"f.3741161919B21A173E9EEDF3DB720710.d.D092713F6C1C36BF3C7D4734F664A6D8.e.1719"}]}
COMMAND: GET /session/ece92b1f4222754886f18140a6c28eee/screenshot - {}
RESULT: {}
RESULT: {"script":"<script> [5351 bytes]","args":[{"element-6066-11e4-a52e-4f735466cecf":"f.3741161919B21A173E9EEDF3DB720710.d.D092713F6C1C36BF3C7D4734F664A6D8.e.1719","ELEMENT":"f.3741161919B21A173E9EEDF3DB720710.d.D092713F6C1C36BF3C7D4734F664A6D8.e.1719"}]}
COMMAND: POST /session/ece92b1f4222754886f18140a6c28eee/element/f.3741161919B21A173E9EEDF3DB720710.d.D092713F6C1C36BF3C7D4734F664A6D8.e.1719/click - {}
COMMAND: GET /session/ece92b1f4222754886f18140a6c28eee/screenshot - {}
RESULT: {}
RESULT: {}
COMMAND: GET /session/ece92b1f4222754886f18140a6c28eee/screenshot - {}
RESULT: {}
COMMAND: POST /session/ece92b1f4222754886f18140a6c28eee/element - {"using":"xpath","value":"//span[contains(@id ,\"AddNewHO--typeSelect-arrow\")]"}
RESULT: {}
RESULT: {"using":"xpath","value":"//span[contains(@id ,\"AddNewHO--typeSelect-arrow\")]"}
COMMAND: POST /session/ece92b1f4222754886f18140a6c28eee/element/f.3741161919B21A173E9EEDF3DB720710.d.D092713F6C1C36BF3C7D4734F664A6D8.e.2070/click - {}
RESULT: {}
COMMAND: GET /session/ece92b1f4222754886f18140a6c28eee/screenshot - {}
RESULT: {}
COMMAND: POST /session/ece92b1f4222754886f18140a6c28eee/element - {"using":"xpath","value":"(//li[contains(text(), \"stock increase yard\")])[1]"}
RESULT: {"using":"xpath","value":"(//li[contains(text(), \"stock increase yard\")])[1]"}
COMMAND: POST /session/ece92b1f4222754886f18140a6c28eee/element/f.3741161919B21A173E9EEDF3DB720710.d.D092713F6C1C36BF3C7D4734F664A6D8.e.2071/click - {}
RESULT: {}
COMMAND: GET /session/ece92b1f4222754886f18140a6c28eee/screenshot - {}
RESULT: {}
COMMAND: POST /session/ece92b1f4222754886f18140a6c28eee/execute/async - {"script":"<script> [1562 bytes]","args":[{"selector":{"id":"application-managehandovers-display-component---AddNewHO--dueDate","interaction":{"idSuffix":"inner"}},"wdio_ui5_key":"applicationmanagehandovers-display-component---AddNewHO--dueDate"}]}
RESULT: {"script":"<script> [1562 bytes]","args":[{"selector":{"id":"application-managehandovers-display-component---AddNewHO--dueDate","interaction":{"idSuffix":"inner"}},"wdio_ui5_key":"applicationmanagehandovers-display-component---AddNewHO--dueDate"}]}
RESULT: undefined
COMMAND: POST /session/ece92b1f4222754886f18140a6c28eee/execute/async - {"script":"<script> [6424 bytes]","args":[{"element-6066-11e4-a52e-4f735466cecf":"f.3741161919B21A173E9EEDF3DB720710.d.D092713F6C1C36BF3C7D4734F664A6D8.e.2073"},"setValue",["05/18/25"]]}
RESULT: {"script":"<script> [6424 bytes]","args":[{"element-6066-11e4-a52e-4f735466cecf":"f.3741161919B21A173E9EEDF3DB720710.d.D092713F6C1C36BF3C7D4734F664A6D8.e.2073"},"setValue",["05/18/25"]]}
COMMAND: POST /session/ece92b1f4222754886f18140a6c28eee/element - {"using":"xpath","value":"//input[@id=\"generalSectionFrg--receiveYard-inner\"]"}
RESULT: {"using":"xpath","value":"//input[@id=\"generalSectionFrg--receiveYard-inner\"]"}
COMMAND: POST /session/ece92b1f4222754886f18140a6c28eee/element/f.3741161919B21A173E9EEDF3DB720710.d.D092713F6C1C36BF3C7D4734F664A6D8.e.2077/clear - {}
RESULT: {}
COMMAND: POST /session/ece92b1f4222754886f18140a6c28eee/element/f.3741161919B21A173E9EEDF3DB720710.d.D092713F6C1C36BF3C7D4734F664A6D8.e.2077/value - {"text":"521"}
COMMAND: GET /session/ece92b1f4222754886f18140a6c28eee/screenshot - {}
RESULT: {"text":"521"}
COMMAND: GET /session/ece92b1f4222754886f18140a6c28eee/screenshot - {}
RESULT: {}
RESULT: {}
COMMAND: POST /session/ece92b1f4222754886f18140a6c28eee/element - {"using":"xpath","value":"//li[.//span[text()='521']]"}
RESULT: {"using":"xpath","value":"//li[.//span[text()='521']]"}
COMMAND: POST /session/ece92b1f4222754886f18140a6c28eee/element/f.3741161919B21A173E9EEDF3DB720710.d.D092713F6C1C36BF3C7D4734F664A6D8.e.2095/click - {}
RESULT: {}
COMMAND: GET /session/ece92b1f4222754886f18140a6c28eee/screenshot - {}
RESULT: {}
COMMAND: POST /session/ece92b1f4222754886f18140a6c28eee/execute/async - {"script":"<script> [1562 bytes]","args":[{"selector":{"id":"application-managehandovers-display-component---AddNewHO--ObjectPageLayout-anchBar-application-managehandovers-display-component---AddNewHO--section4-anchor","interaction":{"idSuffix":"BDI-content"}},"wdio_ui5_key":"applicationmanagehandovers-display-component---AddNewHO--ObjectPageLayout-anchBar-application-managehandovers-display-component---AddNewHO--section4-anchor"}]}
RESULT: {"script":"<script> [1562 bytes]","args":[{"selector":{"id":"application-managehandovers-display-component---AddNewHO--ObjectPageLayout-anchBar-application-managehandovers-display-component---AddNewHO--section4-anchor","interaction":{"idSuffix":"BDI-content"}},"wdio_ui5_key":"applicationmanagehandovers-display-component---AddNewHO--ObjectPageLayout-anchBar-application-managehandovers-display-component---AddNewHO--section4-anchor"}]}
RESULT: undefined
COMMAND: POST /session/ece92b1f4222754886f18140a6c28eee/element - {"using":"xpath","value":"//*[@id=\"application-managehandovers-display-component---AddNewHO--ObjectPageLayout-anchBar-application-managehandovers-display-component---AddNewHO--section4-anchor\"]"}
RESULT: {"using":"xpath","value":"//*[@id=\"application-managehandovers-display-component---AddNewHO--ObjectPageLayout-anchBar-application-managehandovers-display-component---AddNewHO--section4-anchor\"]"}
COMMAND: POST /session/ece92b1f4222754886f18140a6c28eee/element/f.3741161919B21A173E9EEDF3DB720710.d.D092713F6C1C36BF3C7D4734F664A6D8.e.2097/click - {}
RESULT: {}
COMMAND: POST /session/ece92b1f4222754886f18140a6c28eee/execute/async - {"script":"<script> [1562 bytes]","args":[{"selector":{"controlType":"sap.ui.core.Icon","viewName":"etm.portal.ui.managehandovers.view.AddNewHO","viewId":"application-managehandovers-display-component---AddNewHO","properties":{"src":{"regex":{"source":"add"}}}},"wdio_ui5_key":"etmportal.ui.managehandovers.view.AddNewHOsap.ui.core.Icon{\"src\":{\"regex\":{\"source\":\"add\"}}}"}]}
COMMAND: GET /session/ece92b1f4222754886f18140a6c28eee/screenshot - {}
RESULT: {"script":"<script> [1562 bytes]","args":[{"selector":{"controlType":"sap.ui.core.Icon","viewName":"etm.portal.ui.managehandovers.view.AddNewHO","viewId":"application-managehandovers-display-component---AddNewHO","properties":{"src":{"regex":{"source":"add"}}}},"wdio_ui5_key":"etmportal.ui.managehandovers.view.AddNewHOsap.ui.core.Icon{\"src\":{\"regex\":{\"source\":\"add\"}}}"}]}
RESULT: undefined
COMMAND: POST /session/ece92b1f4222754886f18140a6c28eee/element - {"using":"xpath","value":"//*[@id=\"__button158-img\"]"}
RESULT: {}
RESULT: {"using":"xpath","value":"//*[@id=\"__button158-img\"]"}
COMMAND: POST /session/ece92b1f4222754886f18140a6c28eee/element/f.3741161919B21A173E9EEDF3DB720710.d.D092713F6C1C36BF3C7D4734F664A6D8.e.2100/click - {}
RESULT: {}
COMMAND: POST /session/ece92b1f4222754886f18140a6c28eee/execute/async - {"script":"<script> [1562 bytes]","args":[{"selector":{"id":"application-managehandovers-display-component---AddNewHO--smartFilterBar-btnBasicSearch","searchOpenDialogs":true,"interaction":{"idSuffix":"I"}},"wdio_ui5_key":"applicationmanagehandovers-display-component---AddNewHO--smartFilterBar-btnBasicSearch"}]}
COMMAND: GET /session/ece92b1f4222754886f18140a6c28eee/screenshot - {}
RESULT: {"script":"<script> [1562 bytes]","args":[{"selector":{"id":"application-managehandovers-display-component---AddNewHO--smartFilterBar-btnBasicSearch","searchOpenDialogs":true,"interaction":{"idSuffix":"I"}},"wdio_ui5_key":"applicationmanagehandovers-display-component---AddNewHO--smartFilterBar-btnBasicSearch"}]}
RESULT: undefined
COMMAND: POST /session/ece92b1f4222754886f18140a6c28eee/execute/async - {"script":"<script> [776 bytes]","args":[{"enterText":"y7RABZyJG_","selector":{"id":"application-managehandovers-display-component---AddNewHO--smartFilterBar-btnBasicSearch","searchOpenDialogs":true,"interaction":{"idSuffix":"I"}},"clearTextFirst":true,"interactionType":"ENTER_TEXT"}]}
RESULT: {}
RESULT: {"script":"<script> [776 bytes]","args":[{"enterText":"y7RABZyJG_","selector":{"id":"application-managehandovers-display-component---AddNewHO--smartFilterBar-btnBasicSearch","searchOpenDialogs":true,"interaction":{"idSuffix":"I"}},"clearTextFirst":true,"interactionType":"ENTER_TEXT"}]}
COMMAND: POST /session/ece92b1f4222754886f18140a6c28eee/actions - {"actions":[{"id":"action3","type":"key","parameters":{},"actions":[{"type":"keyDown","value":"î€‡"},{"type":"pause","duration":10},{"type":"keyUp","value":"î€‡"}]}]}
RESULT: {"actions":[{"id":"action3","type":"key","parameters":{},"actions":[{"type":"keyDown","value":"î€‡"},{"type":"pause","duration":10},{"type":"keyUp","value":"î€‡"}]}]}
COMMAND: POST /session/ece92b1f4222754886f18140a6c28eee/execute/async - {"script":"<script> [1562 bytes]","args":[{"selector":{"id":"application-managehandovers-display-component---AddNewHO--popup-sa","searchOpenDialogs":true,"interaction":{"idSuffix":"CbBg"}},"wdio_ui5_key":"applicationmanagehandovers-display-component---AddNewHO--popup-sa"}]}
COMMAND: GET /session/ece92b1f4222754886f18140a6c28eee/screenshot - {}
RESULT: {"script":"<script> [1562 bytes]","args":[{"selector":{"id":"application-managehandovers-display-component---AddNewHO--popup-sa","searchOpenDialogs":true,"interaction":{"idSuffix":"CbBg"}},"wdio_ui5_key":"applicationmanagehandovers-display-component---AddNewHO--popup-sa"}]}
RESULT: undefined
COMMAND: POST /session/ece92b1f4222754886f18140a6c28eee/element - {"using":"xpath","value":"//*[@id=\"application-managehandovers-display-component---AddNewHO--popup-sa\"]"}
RESULT: {}
RESULT: {"using":"xpath","value":"//*[@id=\"application-managehandovers-display-component---AddNewHO--popup-sa\"]"}
COMMAND: POST /session/ece92b1f4222754886f18140a6c28eee/element/f.3741161919B21A173E9EEDF3DB720710.d.D092713F6C1C36BF3C7D4734F664A6D8.e.2257/click - {}
RESULT: {}
COMMAND: POST /session/ece92b1f4222754886f18140a6c28eee/execute/async - {"script":"<script> [1562 bytes]","args":[{"selector":{"controlType":"sap.m.Button","viewName":"etm.portal.ui.managehandovers.view.AddNewHO","viewId":"application-managehandovers-display-component---AddNewHO","i18NText":{"propertyName":"text","key":"select"},"searchOpenDialogs":true,"interaction":{"idSuffix":"BDI-content"}},"wdio_ui5_key":"etmportal.ui.managehandovers.view.AddNewHOsap.m.Button{\"propertyName\":\"text\",\"key\":\"select\"}"}]}
COMMAND: GET /session/ece92b1f4222754886f18140a6c28eee/screenshot - {}
RESULT: {"script":"<script> [1562 bytes]","args":[{"selector":{"controlType":"sap.m.Button","viewName":"etm.portal.ui.managehandovers.view.AddNewHO","viewId":"application-managehandovers-display-component---AddNewHO","i18NText":{"propertyName":"text","key":"select"},"searchOpenDialogs":true,"interaction":{"idSuffix":"BDI-content"}},"wdio_ui5_key":"etmportal.ui.managehandovers.view.AddNewHOsap.m.Button{\"propertyName\":\"text\",\"key\":\"select\"}"}]}
RESULT: undefined
COMMAND: POST /session/ece92b1f4222754886f18140a6c28eee/element - {"using":"xpath","value":"//*[@id=\"__button161\"]"}
RESULT: {}
RESULT: {"using":"xpath","value":"//*[@id=\"__button161\"]"}
COMMAND: POST /session/ece92b1f4222754886f18140a6c28eee/element/f.3741161919B21A173E9EEDF3DB720710.d.D092713F6C1C36BF3C7D4734F664A6D8.e.2259/click - {}
RESULT: {}
COMMAND: POST /session/ece92b1f4222754886f18140a6c28eee/execute/async - {"script":"<script> [1562 bytes]","args":[{"selector":{"id":"application-managehandovers-display-component---AddNewHO--confirmCreationButton","interaction":{"idSuffix":"BDI-content"}},"wdio_ui5_key":"applicationmanagehandovers-display-component---AddNewHO--confirmCreationButton"}]}
COMMAND: GET /session/ece92b1f4222754886f18140a6c28eee/screenshot - {}
RESULT: {"script":"<script> [1562 bytes]","args":[{"selector":{"id":"application-managehandovers-display-component---AddNewHO--confirmCreationButton","interaction":{"idSuffix":"BDI-content"}},"wdio_ui5_key":"applicationmanagehandovers-display-component---AddNewHO--confirmCreationButton"}]}
RESULT: undefined
COMMAND: POST /session/ece92b1f4222754886f18140a6c28eee/element - {"using":"xpath","value":"//*[@id=\"application-managehandovers-display-component---AddNewHO--confirmCreationButton\"]"}
RESULT: {}
RESULT: {"using":"xpath","value":"//*[@id=\"application-managehandovers-display-component---AddNewHO--confirmCreationButton\"]"}
COMMAND: POST /session/ece92b1f4222754886f18140a6c28eee/element/f.3741161919B21A173E9EEDF3DB720710.d.D092713F6C1C36BF3C7D4734F664A6D8.e.2265/click - {}
RESULT: {}
COMMAND: GET /session/ece92b1f4222754886f18140a6c28eee/screenshot - {}
RESULT: {}
COMMAND: POST /session/ece92b1f4222754886f18140a6c28eee/execute/async - {"script":"<script> [1562 bytes]","args":[{"selector":{"id":"receiptDatePicker","viewName":"etm.portal.ui.managehandovers.view.DetailExecuteHO","interaction":{"idSuffix":"inner"}},"wdio_ui5_key":"receiptDatePickeretmportal.ui.managehandovers.view.DetailExecuteHO"}]}
RESULT: {"script":"<script> [1562 bytes]","args":[{"selector":{"id":"receiptDatePicker","viewName":"etm.portal.ui.managehandovers.view.DetailExecuteHO","interaction":{"idSuffix":"inner"}},"wdio_ui5_key":"receiptDatePickeretmportal.ui.managehandovers.view.DetailExecuteHO"}]}
RESULT: undefined
COMMAND: POST /session/ece92b1f4222754886f18140a6c28eee/execute/async - {"script":"<script> [6424 bytes]","args":[{"element-6066-11e4-a52e-4f735466cecf":"f.3741161919B21A173E9EEDF3DB720710.d.D092713F6C1C36BF3C7D4734F664A6D8.e.2285"},"setValue",["05/18/25"]]}
RESULT: {"script":"<script> [6424 bytes]","args":[{"element-6066-11e4-a52e-4f735466cecf":"f.3741161919B21A173E9EEDF3DB720710.d.D092713F6C1C36BF3C7D4734F664A6D8.e.2285"},"setValue",["05/18/25"]]}
COMMAND: POST /session/ece92b1f4222754886f18140a6c28eee/execute/async - {"script":"<script> [1562 bytes]","args":[{"selector":{"controlType":"sap.m.Button","viewName":"etm.portal.ui.managehandovers.view.DetailExecuteHO","i18NText":{"propertyName":"text","key":"confirmAll"},"interaction":{"idSuffix":"BDI-content"}},"wdio_ui5_key":"etmportal.ui.managehandovers.view.DetailExecuteHOsap.m.Button{\"propertyName\":\"text\",\"key\":\"confirmAll\"}"}]}
RESULT: {"script":"<script> [1562 bytes]","args":[{"selector":{"controlType":"sap.m.Button","viewName":"etm.portal.ui.managehandovers.view.DetailExecuteHO","i18NText":{"propertyName":"text","key":"confirmAll"},"interaction":{"idSuffix":"BDI-content"}},"wdio_ui5_key":"etmportal.ui.managehandovers.view.DetailExecuteHOsap.m.Button{\"propertyName\":\"text\",\"key\":\"confirmAll\"}"}]}
RESULT: undefined
COMMAND: POST /session/ece92b1f4222754886f18140a6c28eee/element - {"using":"xpath","value":"//*[@id=\"__button189\"]"}
RESULT: {"using":"xpath","value":"//*[@id=\"__button189\"]"}
COMMAND: POST /session/ece92b1f4222754886f18140a6c28eee/element/f.3741161919B21A173E9EEDF3DB720710.d.D092713F6C1C36BF3C7D4734F664A6D8.e.2307/click - {}
RESULT: {}
COMMAND: POST /session/ece92b1f4222754886f18140a6c28eee/execute/async - {"script":"<script> [1562 bytes]","args":[{"selector":{"controlType":"sap.m.Button","properties":{"text":"OK"},"searchOpenDialogs":true,"interaction":{"idSuffix":"BDI-content"}},"wdio_ui5_key":"sapm.Button{\"text\":\"OK\"}"}]}
COMMAND: GET /session/ece92b1f4222754886f18140a6c28eee/screenshot - {}
RESULT: {"script":"<script> [1562 bytes]","args":[{"selector":{"controlType":"sap.m.Button","properties":{"text":"OK"},"searchOpenDialogs":true,"interaction":{"idSuffix":"BDI-content"}},"wdio_ui5_key":"sapm.Button{\"text\":\"OK\"}"}]}
RESULT: undefined
COMMAND: POST /session/ece92b1f4222754886f18140a6c28eee/element - {"using":"xpath","value":"//*[@id=\"__mbox-btn-2\"]"}
RESULT: {}
RESULT: {"using":"xpath","value":"//*[@id=\"__mbox-btn-2\"]"}
COMMAND: POST /session/ece92b1f4222754886f18140a6c28eee/element/f.3741161919B21A173E9EEDF3DB720710.d.D092713F6C1C36BF3C7D4734F664A6D8.e.2308/click - {}
RESULT: {}
COMMAND: GET /session/ece92b1f4222754886f18140a6c28eee/screenshot - {}
RESULT: {}
COMMAND: POST /session/ece92b1f4222754886f18140a6c28eee/execute/async - {"script":"<script> [1562 bytes]","args":[{"selector":{"id":"confirmationButton","viewName":"etm.portal.ui.managehandovers.view.DetailExecuteHO","interaction":{"idSuffix":"BDI-content"}},"wdio_ui5_key":"confirmationButtonetmportal.ui.managehandovers.view.DetailExecuteHO"}]}
RESULT: {"script":"<script> [1562 bytes]","args":[{"selector":{"id":"confirmationButton","viewName":"etm.portal.ui.managehandovers.view.DetailExecuteHO","interaction":{"idSuffix":"BDI-content"}},"wdio_ui5_key":"confirmationButtonetmportal.ui.managehandovers.view.DetailExecuteHO"}]}
RESULT: undefined
COMMAND: POST /session/ece92b1f4222754886f18140a6c28eee/element - {"using":"xpath","value":"(//bdi[contains(text(), \"Receive\")])[2]"}
RESULT: {"using":"xpath","value":"(//bdi[contains(text(), \"Receive\")])[2]"}
COMMAND: POST /session/ece92b1f4222754886f18140a6c28eee/element/f.3741161919B21A173E9EEDF3DB720710.d.D092713F6C1C36BF3C7D4734F664A6D8.e.2311/click - {}
RESULT: {}
COMMAND: GET /session/ece92b1f4222754886f18140a6c28eee/screenshot - {}
RESULT: {}
COMMAND: POST /session/ece92b1f4222754886f18140a6c28eee/element - {"using":"css selector","value":"#shell-header-logo"}
RESULT: {"using":"css selector","value":"#shell-header-logo"}
COMMAND: POST /session/ece92b1f4222754886f18140a6c28eee/element/f.3741161919B21A173E9EEDF3DB720710.d.D092713F6C1C36BF3C7D4734F664A6D8.e.1680/click - {}
RESULT: {}
COMMAND: GET /session/ece92b1f4222754886f18140a6c28eee/screenshot - {}
RESULT: {}
]]></system-out>
    </testcase>
    <testcase classname="chrome.136_0_7103_93.windows.Bill_of_Resources_tests_for_bundle_creation_&amp;_replenishment_US131067_US131070" name="Should create a new bundle with the 2 RUs using onto first one US131067" time="69.955">
      <system-out><![CDATA[
COMMAND: POST /session/ece92b1f4222754886f18140a6c28eee/execute/async - {"script":"<script> [1562 bytes]","args":[{"selector":{"controlType":"sap.m.GenericTile","properties":{"header":"Bill Of Resources"}},"wdio_ui5_key":"sapm.GenericTile{\"header\":\"Bill Of Resources\"}"}]}
RESULT: {"script":"<script> [1562 bytes]","args":[{"selector":{"controlType":"sap.m.GenericTile","properties":{"header":"Bill Of Resources"}},"wdio_ui5_key":"sapm.GenericTile{\"header\":\"Bill Of Resources\"}"}]}
RESULT: undefined
COMMAND: POST /session/ece92b1f4222754886f18140a6c28eee/element - {"using":"xpath","value":"//*[@id=\"__tile34\"]"}
RESULT: {"using":"xpath","value":"//*[@id=\"__tile34\"]"}
COMMAND: POST /session/ece92b1f4222754886f18140a6c28eee/element/f.3741161919B21A173E9EEDF3DB720710.d.D092713F6C1C36BF3C7D4734F664A6D8.e.172/click - {}
RESULT: {}
COMMAND: GET /session/ece92b1f4222754886f18140a6c28eee/screenshot - {}
RESULT: {}
COMMAND: POST /session/ece92b1f4222754886f18140a6c28eee/elements - {"using":"xpath","value":"//span[text()='Error']"}
RESULT: {"using":"xpath","value":"//span[text()='Error']"}
COMMAND: POST /session/ece92b1f4222754886f18140a6c28eee/element - {"using":"xpath","value":"//button[@data-kt=\"addBorMasterButton\"]"}
RESULT: {"using":"xpath","value":"//button[@data-kt=\"addBorMasterButton\"]"}
COMMAND: POST /session/ece92b1f4222754886f18140a6c28eee/elements - {"using":"xpath","value":"//button[@data-kt=\"addBorMasterButton\"]"}
RESULT: {"using":"xpath","value":"//button[@data-kt=\"addBorMasterButton\"]"}
COMMAND: POST /session/ece92b1f4222754886f18140a6c28eee/execute/sync - {"script":"<script> [8489 bytes]","args":[{"element-6066-11e4-a52e-4f735466cecf":"f.3741161919B21A173E9EEDF3DB720710.d.D092713F6C1C36BF3C7D4734F664A6D8.e.2531","ELEMENT":"f.3741161919B21A173E9EEDF3DB720710.d.D092713F6C1C36BF3C7D4734F664A6D8.e.2531"}]}
RESULT: {"script":"<script> [8489 bytes]","args":[{"element-6066-11e4-a52e-4f735466cecf":"f.3741161919B21A173E9EEDF3DB720710.d.D092713F6C1C36BF3C7D4734F664A6D8.e.2531","ELEMENT":"f.3741161919B21A173E9EEDF3DB720710.d.D092713F6C1C36BF3C7D4734F664A6D8.e.2531"}]}
COMMAND: GET /session/ece92b1f4222754886f18140a6c28eee/element/f.3741161919B21A173E9EEDF3DB720710.d.D092713F6C1C36BF3C7D4734F664A6D8.e.2531/enabled - {}
COMMAND: GET /session/ece92b1f4222754886f18140a6c28eee/screenshot - {}
RESULT: {}
COMMAND: POST /session/ece92b1f4222754886f18140a6c28eee/execute/sync - {"script":"<script> [8489 bytes]","args":[{"element-6066-11e4-a52e-4f735466cecf":"f.3741161919B21A173E9EEDF3DB720710.d.D092713F6C1C36BF3C7D4734F664A6D8.e.2531","ELEMENT":"f.3741161919B21A173E9EEDF3DB720710.d.D092713F6C1C36BF3C7D4734F664A6D8.e.2531"}]}
COMMAND: GET /session/ece92b1f4222754886f18140a6c28eee/screenshot - {}
RESULT: {}
RESULT: {"script":"<script> [8489 bytes]","args":[{"element-6066-11e4-a52e-4f735466cecf":"f.3741161919B21A173E9EEDF3DB720710.d.D092713F6C1C36BF3C7D4734F664A6D8.e.2531","ELEMENT":"f.3741161919B21A173E9EEDF3DB720710.d.D092713F6C1C36BF3C7D4734F664A6D8.e.2531"}]}
COMMAND: POST /session/ece92b1f4222754886f18140a6c28eee/execute/sync - {"script":"<script> [5351 bytes]","args":[{"element-6066-11e4-a52e-4f735466cecf":"f.3741161919B21A173E9EEDF3DB720710.d.D092713F6C1C36BF3C7D4734F664A6D8.e.2531","ELEMENT":"f.3741161919B21A173E9EEDF3DB720710.d.D092713F6C1C36BF3C7D4734F664A6D8.e.2531"}]}
COMMAND: GET /session/ece92b1f4222754886f18140a6c28eee/screenshot - {}
RESULT: {}
RESULT: {"script":"<script> [5351 bytes]","args":[{"element-6066-11e4-a52e-4f735466cecf":"f.3741161919B21A173E9EEDF3DB720710.d.D092713F6C1C36BF3C7D4734F664A6D8.e.2531","ELEMENT":"f.3741161919B21A173E9EEDF3DB720710.d.D092713F6C1C36BF3C7D4734F664A6D8.e.2531"}]}
COMMAND: POST /session/ece92b1f4222754886f18140a6c28eee/element/f.3741161919B21A173E9EEDF3DB720710.d.D092713F6C1C36BF3C7D4734F664A6D8.e.2531/click - {}
COMMAND: GET /session/ece92b1f4222754886f18140a6c28eee/screenshot - {}
RESULT: {}
RESULT: {}
COMMAND: GET /session/ece92b1f4222754886f18140a6c28eee/screenshot - {}
RESULT: {}
RESULT: {}
COMMAND: POST /session/ece92b1f4222754886f18140a6c28eee/execute/async - {"script":"<script> [1562 bytes]","args":[{"selector":{"id":"application-billofresources-display-component---newBoR--typeSelect","interaction":{"idSuffix":"arrow"}},"wdio_ui5_key":"applicationbillofresources-display-component---newBoR--typeSelect"}]}
RESULT: {"script":"<script> [1562 bytes]","args":[{"selector":{"id":"application-billofresources-display-component---newBoR--typeSelect","interaction":{"idSuffix":"arrow"}},"wdio_ui5_key":"applicationbillofresources-display-component---newBoR--typeSelect"}]}
RESULT: undefined
COMMAND: POST /session/ece92b1f4222754886f18140a6c28eee/element - {"using":"xpath","value":"//*[@id=\"application-billofresources-display-component---newBoR--typeSelect\"]"}
RESULT: {"using":"xpath","value":"//*[@id=\"application-billofresources-display-component---newBoR--typeSelect\"]"}
COMMAND: POST /session/ece92b1f4222754886f18140a6c28eee/element/f.3741161919B21A173E9EEDF3DB720710.d.D092713F6C1C36BF3C7D4734F664A6D8.e.2805/click - {}
RESULT: {}
COMMAND: POST /session/ece92b1f4222754886f18140a6c28eee/execute/async - {"script":"<script> [1562 bytes]","args":[{"selector":{"controlType":"sap.ui.core.Item","viewName":"etm.portal.ui.billofresources.view.NewBoR","viewId":"application-billofresources-display-component---newBoR","bindingPath":{"path":"/BoRHeaderTypes('50')","propertyPath":"TYPE","modelName":"catalogModel"},"searchOpenDialogs":true},"wdio_ui5_key":"etmportal.ui.billofresources.view.NewBoRsap.ui.core.Item{\"path\":\"/BoRHeaderTypes('50')\",\"propertyPath\":\"TYPE\",\"modelName\":\"catalogModel\"}"}]}
COMMAND: GET /session/ece92b1f4222754886f18140a6c28eee/screenshot - {}
RESULT: {"script":"<script> [1562 bytes]","args":[{"selector":{"controlType":"sap.ui.core.Item","viewName":"etm.portal.ui.billofresources.view.NewBoR","viewId":"application-billofresources-display-component---newBoR","bindingPath":{"path":"/BoRHeaderTypes('50')","propertyPath":"TYPE","modelName":"catalogModel"},"searchOpenDialogs":true},"wdio_ui5_key":"etmportal.ui.billofresources.view.NewBoRsap.ui.core.Item{\"path\":\"/BoRHeaderTypes('50')\",\"propertyPath\":\"TYPE\",\"modelName\":\"catalogModel\"}"}]}
RESULT: undefined
COMMAND: POST /session/ece92b1f4222754886f18140a6c28eee/element - {"using":"xpath","value":"//*[@id=\"__item1432-application-billofresources-display-component---newBoR--typeSelect-4\"]"}
RESULT: {}
RESULT: {"using":"xpath","value":"//*[@id=\"__item1432-application-billofresources-display-component---newBoR--typeSelect-4\"]"}
COMMAND: POST /session/ece92b1f4222754886f18140a6c28eee/element/f.3741161919B21A173E9EEDF3DB720710.d.D092713F6C1C36BF3C7D4734F664A6D8.e.2919/click - {}
RESULT: {}
COMMAND: POST /session/ece92b1f4222754886f18140a6c28eee/execute/async - {"script":"<script> [1562 bytes]","args":[{"selector":{"id":"application-billofresources-display-component---newBoR--headerRUInput-vhi"},"wdio_ui5_key":"applicationbillofresources-display-component---newBoR--headerRUInput-vhi"}]}
COMMAND: GET /session/ece92b1f4222754886f18140a6c28eee/screenshot - {}
RESULT: {"script":"<script> [1562 bytes]","args":[{"selector":{"id":"application-billofresources-display-component---newBoR--headerRUInput-vhi"},"wdio_ui5_key":"applicationbillofresources-display-component---newBoR--headerRUInput-vhi"}]}
RESULT: undefined
COMMAND: POST /session/ece92b1f4222754886f18140a6c28eee/element - {"using":"xpath","value":"//*[@id=\"application-billofresources-display-component---newBoR--headerRUInput-vhi\"]"}
RESULT: {}
RESULT: {"using":"xpath","value":"//*[@id=\"application-billofresources-display-component---newBoR--headerRUInput-vhi\"]"}
COMMAND: POST /session/ece92b1f4222754886f18140a6c28eee/element/f.3741161919B21A173E9EEDF3DB720710.d.D092713F6C1C36BF3C7D4734F664A6D8.e.2953/click - {}
RESULT: {}
COMMAND: POST /session/ece92b1f4222754886f18140a6c28eee/execute/async - {"script":"<script> [1562 bytes]","args":[{"selector":{"id":"application-billofresources-display-component---newBoR--ruDialogSearchField","searchOpenDialogs":true,"interaction":{"idSuffix":"I"}},"wdio_ui5_key":"applicationbillofresources-display-component---newBoR--ruDialogSearchField"}]}
COMMAND: GET /session/ece92b1f4222754886f18140a6c28eee/screenshot - {}
RESULT: {"script":"<script> [1562 bytes]","args":[{"selector":{"id":"application-billofresources-display-component---newBoR--ruDialogSearchField","searchOpenDialogs":true,"interaction":{"idSuffix":"I"}},"wdio_ui5_key":"applicationbillofresources-display-component---newBoR--ruDialogSearchField"}]}
RESULT: undefined
COMMAND: POST /session/ece92b1f4222754886f18140a6c28eee/execute/async - {"script":"<script> [6424 bytes]","args":[{"element-6066-11e4-a52e-4f735466cecf":"f.3741161919B21A173E9EEDF3DB720710.d.D092713F6C1C36BF3C7D4734F664A6D8.e.2957"},"setValue",["y7RABZyJG_1"]]}
RESULT: {}
RESULT: {"script":"<script> [6424 bytes]","args":[{"element-6066-11e4-a52e-4f735466cecf":"f.3741161919B21A173E9EEDF3DB720710.d.D092713F6C1C36BF3C7D4734F664A6D8.e.2957"},"setValue",["y7RABZyJG_1"]]}
COMMAND: POST /session/ece92b1f4222754886f18140a6c28eee/element - {"using":"xpath","value":"//div[@id=\"application-billofresources-display-component---newBoR--ruDialogSearchField-search\"]"}
RESULT: {"using":"xpath","value":"//div[@id=\"application-billofresources-display-component---newBoR--ruDialogSearchField-search\"]"}
COMMAND: POST /session/ece92b1f4222754886f18140a6c28eee/element/f.3741161919B21A173E9EEDF3DB720710.d.D092713F6C1C36BF3C7D4734F664A6D8.e.2974/click - {}
RESULT: {}
COMMAND: GET /session/ece92b1f4222754886f18140a6c28eee/screenshot - {}
RESULT: {}
COMMAND: POST /session/ece92b1f4222754886f18140a6c28eee/execute/async - {"script":"<script> [1562 bytes]","args":[{"selector":{"controlType":"sap.m.Text","viewName":"etm.portal.ui.billofresources.view.NewBoR","viewId":"application-billofresources-display-component---newBoR","bindingPath":{"propertyPath":"YARD_ADMIN_ID","modelName":"catalogModel"},"searchOpenDialogs":true},"wdio_ui5_key":"etmportal.ui.billofresources.view.NewBoRsap.m.Text{\"propertyPath\":\"YARD_ADMIN_ID\",\"modelName\":\"catalogModel\"}"}]}
RESULT: {"script":"<script> [1562 bytes]","args":[{"selector":{"controlType":"sap.m.Text","viewName":"etm.portal.ui.billofresources.view.NewBoR","viewId":"application-billofresources-display-component---newBoR","bindingPath":{"propertyPath":"YARD_ADMIN_ID","modelName":"catalogModel"},"searchOpenDialogs":true},"wdio_ui5_key":"etmportal.ui.billofresources.view.NewBoRsap.m.Text{\"propertyPath\":\"YARD_ADMIN_ID\",\"modelName\":\"catalogModel\"}"}]}
RESULT: undefined
COMMAND: POST /session/ece92b1f4222754886f18140a6c28eee/element - {"using":"xpath","value":"//*[@id=\"__text1876\"]"}
RESULT: {"using":"xpath","value":"//*[@id=\"__text1876\"]"}
COMMAND: POST /session/ece92b1f4222754886f18140a6c28eee/element/f.3741161919B21A173E9EEDF3DB720710.d.D092713F6C1C36BF3C7D4734F664A6D8.e.2978/click - {}
RESULT: {}
COMMAND: POST /session/ece92b1f4222754886f18140a6c28eee/execute/async - {"script":"<script> [1562 bytes]","args":[{"selector":{"controlType":"sap.m.Button","viewName":"etm.portal.ui.billofresources.view.NewBoR","viewId":"application-billofresources-display-component---newBoR","i18NText":{"propertyName":"text","key":"ok"},"searchOpenDialogs":true,"interaction":{"idSuffix":"BDI-content"}},"wdio_ui5_key":"etmportal.ui.billofresources.view.NewBoRsap.m.Button{\"propertyName\":\"text\",\"key\":\"ok\"}"}]}
COMMAND: GET /session/ece92b1f4222754886f18140a6c28eee/screenshot - {}
RESULT: {"script":"<script> [1562 bytes]","args":[{"selector":{"controlType":"sap.m.Button","viewName":"etm.portal.ui.billofresources.view.NewBoR","viewId":"application-billofresources-display-component---newBoR","i18NText":{"propertyName":"text","key":"ok"},"searchOpenDialogs":true,"interaction":{"idSuffix":"BDI-content"}},"wdio_ui5_key":"etmportal.ui.billofresources.view.NewBoRsap.m.Button{\"propertyName\":\"text\",\"key\":\"ok\"}"}]}
RESULT: undefined
COMMAND: POST /session/ece92b1f4222754886f18140a6c28eee/element - {"using":"xpath","value":"//*[@id=\"__button227\"]"}
RESULT: {}
RESULT: {"using":"xpath","value":"//*[@id=\"__button227\"]"}
COMMAND: POST /session/ece92b1f4222754886f18140a6c28eee/element/f.3741161919B21A173E9EEDF3DB720710.d.D092713F6C1C36BF3C7D4734F664A6D8.e.2981/click - {}
RESULT: {}
COMMAND: GET /session/ece92b1f4222754886f18140a6c28eee/screenshot - {}
RESULT: {}
COMMAND: POST /session/ece92b1f4222754886f18140a6c28eee/execute/async - {"script":"<script> [1562 bytes]","args":[{"selector":{"id":"application-billofresources-display-component---newBoR--borDescInput","interaction":{"idSuffix":"inner"}},"wdio_ui5_key":"applicationbillofresources-display-component---newBoR--borDescInput"}]}
RESULT: {"script":"<script> [1562 bytes]","args":[{"selector":{"id":"application-billofresources-display-component---newBoR--borDescInput","interaction":{"idSuffix":"inner"}},"wdio_ui5_key":"applicationbillofresources-display-component---newBoR--borDescInput"}]}
RESULT: undefined
COMMAND: POST /session/ece92b1f4222754886f18140a6c28eee/execute/async - {"script":"<script> [776 bytes]","args":[{"enterText":"y7RABZyJG_1","selector":{"id":"application-billofresources-display-component---newBoR--borDescInput","interaction":{"idSuffix":"inner"}},"clearTextFirst":true,"interactionType":"ENTER_TEXT"}]}
RESULT: {"script":"<script> [776 bytes]","args":[{"enterText":"y7RABZyJG_1","selector":{"id":"application-billofresources-display-component---newBoR--borDescInput","interaction":{"idSuffix":"inner"}},"clearTextFirst":true,"interactionType":"ENTER_TEXT"}]}
COMMAND: POST /session/ece92b1f4222754886f18140a6c28eee/execute/async - {"script":"<script> [1562 bytes]","args":[{"selector":{"controlType":"sap.ui.core.Icon","viewName":"etm.portal.ui.billofresources.view.NewBoR","viewId":"application-billofresources-display-component---newBoR","properties":{"src":{"regex":{"source":"add"}}},"ancestor":{"controlType":"sap.m.Button","viewName":"etm.portal.ui.billofresources.view.NewBoR","viewId":"application-billofresources-display-component---newBoR","bindingPath":{"path":"","propertyPath":"/isSelectionGroup","modelName":"tableConfig"}}},"wdio_ui5_key":"etmportal.ui.billofresources.view.NewBoRsap.ui.core.Icon{\"src\":{\"regex\":{\"source\":\"add\"}}}{\"controlType\":\"sap.m.Button\",\"viewName\":\"etm.portal.ui.billofresources.view.NewBoR\",\"viewId\":\"application-billofresources-display-component---newBoR\",\"bindingPath\":{\"path\":\"\",\"propertyPath\":\"/isSelectionGroup\",\"modelName\":\"tableConfig\"}}"}]}
RESULT: {"script":"<script> [1562 bytes]","args":[{"selector":{"controlType":"sap.ui.core.Icon","viewName":"etm.portal.ui.billofresources.view.NewBoR","viewId":"application-billofresources-display-component---newBoR","properties":{"src":{"regex":{"source":"add"}}},"ancestor":{"controlType":"sap.m.Button","viewName":"etm.portal.ui.billofresources.view.NewBoR","viewId":"application-billofresources-display-component---newBoR","bindingPath":{"path":"","propertyPath":"/isSelectionGroup","modelName":"tableConfig"}}},"wdio_ui5_key":"etmportal.ui.billofresources.view.NewBoRsap.ui.core.Icon{\"src\":{\"regex\":{\"source\":\"add\"}}}{\"controlType\":\"sap.m.Button\",\"viewName\":\"etm.portal.ui.billofresources.view.NewBoR\",\"viewId\":\"application-billofresources-display-component---newBoR\",\"bindingPath\":{\"path\":\"\",\"propertyPath\":\"/isSelectionGroup\",\"modelName\":\"tableConfig\"}}"}]}
RESULT: undefined
COMMAND: POST /session/ece92b1f4222754886f18140a6c28eee/element - {"using":"xpath","value":"//*[@id=\"__button213-img\"]"}
RESULT: {"using":"xpath","value":"//*[@id=\"__button213-img\"]"}
COMMAND: POST /session/ece92b1f4222754886f18140a6c28eee/element/f.3741161919B21A173E9EEDF3DB720710.d.D092713F6C1C36BF3C7D4734F664A6D8.e.2822/click - {}
RESULT: {}
COMMAND: POST /session/ece92b1f4222754886f18140a6c28eee/execute/async - {"script":"<script> [1562 bytes]","args":[{"selector":{"controlType":"sap.m.Input","viewName":"etm.portal.ui.billofresources.view.NewBoR","viewId":"application-billofresources-display-component---newBoR","bindingPath":{"path":"/ITEMS/0","propertyPath":"ITEM","modelName":"BoRModel"},"interaction":{"idSuffix":"inner"}},"wdio_ui5_key":"etmportal.ui.billofresources.view.NewBoRsap.m.Input{\"path\":\"/ITEMS/0\",\"propertyPath\":\"ITEM\",\"modelName\":\"BoRModel\"}"}]}
COMMAND: GET /session/ece92b1f4222754886f18140a6c28eee/screenshot - {}
RESULT: {"script":"<script> [1562 bytes]","args":[{"selector":{"controlType":"sap.m.Input","viewName":"etm.portal.ui.billofresources.view.NewBoR","viewId":"application-billofresources-display-component---newBoR","bindingPath":{"path":"/ITEMS/0","propertyPath":"ITEM","modelName":"BoRModel"},"interaction":{"idSuffix":"inner"}},"wdio_ui5_key":"etmportal.ui.billofresources.view.NewBoRsap.m.Input{\"path\":\"/ITEMS/0\",\"propertyPath\":\"ITEM\",\"modelName\":\"BoRModel\"}"}]}
RESULT: undefined
COMMAND: POST /session/ece92b1f4222754886f18140a6c28eee/execute/async - {"script":"<script> [776 bytes]","args":[{"enterText":"10","selector":{"controlType":"sap.m.Input","viewName":"etm.portal.ui.billofresources.view.NewBoR","viewId":"application-billofresources-display-component---newBoR","bindingPath":{"path":"/ITEMS/0","propertyPath":"ITEM","modelName":"BoRModel"},"interaction":{"idSuffix":"inner"}},"clearTextFirst":true,"interactionType":"ENTER_TEXT"}]}
RESULT: {}
RESULT: {"script":"<script> [776 bytes]","args":[{"enterText":"10","selector":{"controlType":"sap.m.Input","viewName":"etm.portal.ui.billofresources.view.NewBoR","viewId":"application-billofresources-display-component---newBoR","bindingPath":{"path":"/ITEMS/0","propertyPath":"ITEM","modelName":"BoRModel"},"interaction":{"idSuffix":"inner"}},"clearTextFirst":true,"interactionType":"ENTER_TEXT"}]}
COMMAND: POST /session/ece92b1f4222754886f18140a6c28eee/element - {"using":"xpath","value":"//input[@aria-labelledby=\"application-billofresources-display-component---newBoR--itemRUComboBoxCol\"][1]"}
RESULT: {"using":"xpath","value":"//input[@aria-labelledby=\"application-billofresources-display-component---newBoR--itemRUComboBoxCol\"][1]"}
COMMAND: POST /session/ece92b1f4222754886f18140a6c28eee/element/f.3741161919B21A173E9EEDF3DB720710.d.D092713F6C1C36BF3C7D4734F664A6D8.e.2982/clear - {}
RESULT: {}
COMMAND: POST /session/ece92b1f4222754886f18140a6c28eee/element/f.3741161919B21A173E9EEDF3DB720710.d.D092713F6C1C36BF3C7D4734F664A6D8.e.2982/value - {"text":"y7RABZyJG_2"}
COMMAND: GET /session/ece92b1f4222754886f18140a6c28eee/screenshot - {}
RESULT: {"text":"y7RABZyJG_2"}
COMMAND: GET /session/ece92b1f4222754886f18140a6c28eee/screenshot - {}
RESULT: {}
RESULT: {}
COMMAND: POST /session/ece92b1f4222754886f18140a6c28eee/actions - {"actions":[{"id":"action4","type":"key","parameters":{},"actions":[{"type":"keyDown","value":"î€‡"},{"type":"pause","duration":10},{"type":"keyUp","value":"î€‡"}]}]}
RESULT: {"actions":[{"id":"action4","type":"key","parameters":{},"actions":[{"type":"keyDown","value":"î€‡"},{"type":"pause","duration":10},{"type":"keyUp","value":"î€‡"}]}]}
COMMAND: POST /session/ece92b1f4222754886f18140a6c28eee/execute/async - {"script":"<script> [1562 bytes]","args":[{"selector":{"controlType":"sap.m.Button","viewName":"etm.portal.ui.billofresources.view.NewBoR","viewId":"application-billofresources-display-component---newBoR","i18NText":{"propertyName":"text","key":"save"},"interaction":{"idSuffix":"BDI-content"}},"wdio_ui5_key":"etmportal.ui.billofresources.view.NewBoRsap.m.Button{\"propertyName\":\"text\",\"key\":\"save\"}"}]}
COMMAND: GET /session/ece92b1f4222754886f18140a6c28eee/screenshot - {}
RESULT: {"script":"<script> [1562 bytes]","args":[{"selector":{"controlType":"sap.m.Button","viewName":"etm.portal.ui.billofresources.view.NewBoR","viewId":"application-billofresources-display-component---newBoR","i18NText":{"propertyName":"text","key":"save"},"interaction":{"idSuffix":"BDI-content"}},"wdio_ui5_key":"etmportal.ui.billofresources.view.NewBoRsap.m.Button{\"propertyName\":\"text\",\"key\":\"save\"}"}]}
RESULT: undefined
COMMAND: POST /session/ece92b1f4222754886f18140a6c28eee/element - {"using":"xpath","value":"//*[@id=\"__button219\"]"}
RESULT: {}
RESULT: {"using":"xpath","value":"//*[@id=\"__button219\"]"}
COMMAND: POST /session/ece92b1f4222754886f18140a6c28eee/element/f.3741161919B21A173E9EEDF3DB720710.d.D092713F6C1C36BF3C7D4734F664A6D8.e.2717/click - {}
RESULT: {}
COMMAND: GET /session/ece92b1f4222754886f18140a6c28eee/screenshot - {}
RESULT: {}
COMMAND: POST /session/ece92b1f4222754886f18140a6c28eee/execute/async - {"script":"<script> [1562 bytes]","args":[{"selector":{"controlType":"sap.m.Text","viewName":"etm.portal.ui.billofresources.view.DetailBoR","viewId":"application-billofresources-display-component---detailBoR","bindingPath":{"propertyPath":"LINK_TO_RESOURCE_UNITS/LINK_TO_RU_STATE/STATE_DESCR","modelName":"catalogModel"}},"wdio_ui5_key":"etmportal.ui.billofresources.view.DetailBoRsap.m.Text{\"propertyPath\":\"LINK_TO_RESOURCE_UNITS/LINK_TO_RU_STATE/STATE_DESCR\",\"modelName\":\"catalogModel\"}"}]}
RESULT: {"script":"<script> [1562 bytes]","args":[{"selector":{"controlType":"sap.m.Text","viewName":"etm.portal.ui.billofresources.view.DetailBoR","viewId":"application-billofresources-display-component---detailBoR","bindingPath":{"propertyPath":"LINK_TO_RESOURCE_UNITS/LINK_TO_RU_STATE/STATE_DESCR","modelName":"catalogModel"}},"wdio_ui5_key":"etmportal.ui.billofresources.view.DetailBoRsap.m.Text{\"propertyPath\":\"LINK_TO_RESOURCE_UNITS/LINK_TO_RU_STATE/STATE_DESCR\",\"modelName\":\"catalogModel\"}"}]}
RESULT: undefined
COMMAND: POST /session/ece92b1f4222754886f18140a6c28eee/execute/async - {"script":"<script> [6424 bytes]","args":[{"element-6066-11e4-a52e-4f735466cecf":"f.3741161919B21A173E9EEDF3DB720710.d.D092713F6C1C36BF3C7D4734F664A6D8.e.3271"},"getText",[]]}
RESULT: {"script":"<script> [6424 bytes]","args":[{"element-6066-11e4-a52e-4f735466cecf":"f.3741161919B21A173E9EEDF3DB720710.d.D092713F6C1C36BF3C7D4734F664A6D8.e.3271"},"getText",[]]}
]]></system-out>
    </testcase>
    <testcase classname="chrome.136_0_7103_93.windows.Bill_of_Resources_tests_for_bundle_creation_&amp;_replenishment_US131067_US131070" name="Should create replenishment handover from BOR US131070" time="80.251">
      <system-out><![CDATA[
COMMAND: POST /session/ece92b1f4222754886f18140a6c28eee/execute/async - {"script":"<script> [1562 bytes]","args":[{"selector":{"controlType":"sap.m.Button","viewName":"etm.portal.ui.billofresources.view.DetailBoR","viewId":"application-billofresources-display-component---detailBoR","i18NText":{"propertyName":"text","key":"replenish"},"interaction":{"idSuffix":"BDI-content"}},"wdio_ui5_key":"etmportal.ui.billofresources.view.DetailBoRsap.m.Button{\"propertyName\":\"text\",\"key\":\"replenish\"}"}]}
RESULT: {"script":"<script> [1562 bytes]","args":[{"selector":{"controlType":"sap.m.Button","viewName":"etm.portal.ui.billofresources.view.DetailBoR","viewId":"application-billofresources-display-component---detailBoR","i18NText":{"propertyName":"text","key":"replenish"},"interaction":{"idSuffix":"BDI-content"}},"wdio_ui5_key":"etmportal.ui.billofresources.view.DetailBoRsap.m.Button{\"propertyName\":\"text\",\"key\":\"replenish\"}"}]}
RESULT: undefined
COMMAND: POST /session/ece92b1f4222754886f18140a6c28eee/element - {"using":"xpath","value":"//*[@id=\"__button231\"]"}
RESULT: {"using":"xpath","value":"//*[@id=\"__button231\"]"}
COMMAND: POST /session/ece92b1f4222754886f18140a6c28eee/element/f.3741161919B21A173E9EEDF3DB720710.d.D092713F6C1C36BF3C7D4734F664A6D8.e.3273/click - {}
RESULT: {}
COMMAND: GET /session/ece92b1f4222754886f18140a6c28eee/screenshot - {}
RESULT: {}
COMMAND: POST /session/ece92b1f4222754886f18140a6c28eee/execute/async - {"script":"<script> [1562 bytes]","args":[{"selector":{"controlType":"sap.m.Button","viewName":"etm.portal.ui.billofresources.view.DetailBoR","viewId":"application-billofresources-display-component---detailBoR","i18NText":{"propertyName":"text","key":"execute"},"interaction":{"idSuffix":"BDI-content"}},"wdio_ui5_key":"etmportal.ui.billofresources.view.DetailBoRsap.m.Button{\"propertyName\":\"text\",\"key\":\"execute\"}"}]}
RESULT: {"script":"<script> [1562 bytes]","args":[{"selector":{"controlType":"sap.m.Button","viewName":"etm.portal.ui.billofresources.view.DetailBoR","viewId":"application-billofresources-display-component---detailBoR","i18NText":{"propertyName":"text","key":"execute"},"interaction":{"idSuffix":"BDI-content"}},"wdio_ui5_key":"etmportal.ui.billofresources.view.DetailBoRsap.m.Button{\"propertyName\":\"text\",\"key\":\"execute\"}"}]}
RESULT: undefined
COMMAND: POST /session/ece92b1f4222754886f18140a6c28eee/element - {"using":"xpath","value":"//*[@id=\"__button247\"]"}
RESULT: {"using":"xpath","value":"//*[@id=\"__button247\"]"}
COMMAND: POST /session/ece92b1f4222754886f18140a6c28eee/element/f.3741161919B21A173E9EEDF3DB720710.d.D092713F6C1C36BF3C7D4734F664A6D8.e.3292/click - {}
RESULT: {}
COMMAND: GET /session/ece92b1f4222754886f18140a6c28eee/screenshot - {}
RESULT: {}
COMMAND: POST /session/ece92b1f4222754886f18140a6c28eee/execute/async - {"script":"<script> [1562 bytes]","args":[{"selector":{"controlType":"sap.m.Text","viewName":"etm.portal.ui.managehandovers.view.DetailExecuteHO","bindingPath":{"path":"","propertyPath":"NO","modelName":"catalogModel"}},"wdio_ui5_key":"etmportal.ui.managehandovers.view.DetailExecuteHOsap.m.Text{\"path\":\"\",\"propertyPath\":\"NO\",\"modelName\":\"catalogModel\"}"}]}
RESULT: {"script":"<script> [1562 bytes]","args":[{"selector":{"controlType":"sap.m.Text","viewName":"etm.portal.ui.managehandovers.view.DetailExecuteHO","bindingPath":{"path":"","propertyPath":"NO","modelName":"catalogModel"}},"wdio_ui5_key":"etmportal.ui.managehandovers.view.DetailExecuteHOsap.m.Text{\"path\":\"\",\"propertyPath\":\"NO\",\"modelName\":\"catalogModel\"}"}]}
RESULT: undefined
COMMAND: POST /session/ece92b1f4222754886f18140a6c28eee/execute/async - {"script":"<script> [6424 bytes]","args":[{"element-6066-11e4-a52e-4f735466cecf":"f.3741161919B21A173E9EEDF3DB720710.d.D092713F6C1C36BF3C7D4734F664A6D8.e.3600"},"getText",[]]}
RESULT: {"script":"<script> [6424 bytes]","args":[{"element-6066-11e4-a52e-4f735466cecf":"f.3741161919B21A173E9EEDF3DB720710.d.D092713F6C1C36BF3C7D4734F664A6D8.e.3600"},"getText",[]]}
COMMAND: POST /session/ece92b1f4222754886f18140a6c28eee/element - {"using":"xpath","value":"//button[@data-kt=\"PickingTableConfirmAllButton\"]"}
RESULT: {"using":"xpath","value":"//button[@data-kt=\"PickingTableConfirmAllButton\"]"}
COMMAND: POST /session/ece92b1f4222754886f18140a6c28eee/element/f.3741161919B21A173E9EEDF3DB720710.d.D092713F6C1C36BF3C7D4734F664A6D8.e.3601/click - {}
RESULT: {}
COMMAND: GET /session/ece92b1f4222754886f18140a6c28eee/screenshot - {}
RESULT: {}
COMMAND: POST /session/ece92b1f4222754886f18140a6c28eee/element - {"using":"xpath","value":"//bdi[contains(text(), \"OK\")]"}
RESULT: {"using":"xpath","value":"//bdi[contains(text(), \"OK\")]"}
COMMAND: POST /session/ece92b1f4222754886f18140a6c28eee/element/f.3741161919B21A173E9EEDF3DB720710.d.D092713F6C1C36BF3C7D4734F664A6D8.e.3603/click - {}
RESULT: {}
COMMAND: GET /session/ece92b1f4222754886f18140a6c28eee/screenshot - {}
RESULT: {}
COMMAND: POST /session/ece92b1f4222754886f18140a6c28eee/element - {"using":"xpath","value":"(//bdi[contains(text(), \"Pick\")])[1]"}
RESULT: {"using":"xpath","value":"(//bdi[contains(text(), \"Pick\")])[1]"}
COMMAND: POST /session/ece92b1f4222754886f18140a6c28eee/element/f.3741161919B21A173E9EEDF3DB720710.d.D092713F6C1C36BF3C7D4734F664A6D8.e.3605/click - {}
RESULT: {}
COMMAND: GET /session/ece92b1f4222754886f18140a6c28eee/screenshot - {}
RESULT: {}
COMMAND: POST /session/ece92b1f4222754886f18140a6c28eee/execute/async - {"script":"<script> [1562 bytes]","args":[{"selector":{"controlType":"sap.m.SearchField","viewName":"etm.portal.ui.managehandovers.view.MasterHO","bindingPath":{"propertyPath":"/_BASIC_SEARCH_FIELD","modelName":"fi1t3rM0d31"},"interaction":{"idSuffix":"I"}},"wdio_ui5_key":"etmportal.ui.managehandovers.view.MasterHOsap.m.SearchField{\"propertyPath\":\"/_BASIC_SEARCH_FIELD\",\"modelName\":\"fi1t3rM0d31\"}"}]}
RESULT: {"script":"<script> [1562 bytes]","args":[{"selector":{"controlType":"sap.m.SearchField","viewName":"etm.portal.ui.managehandovers.view.MasterHO","bindingPath":{"propertyPath":"/_BASIC_SEARCH_FIELD","modelName":"fi1t3rM0d31"},"interaction":{"idSuffix":"I"}},"wdio_ui5_key":"etmportal.ui.managehandovers.view.MasterHOsap.m.SearchField{\"propertyPath\":\"/_BASIC_SEARCH_FIELD\",\"modelName\":\"fi1t3rM0d31\"}"}]}
RESULT: undefined
COMMAND: POST /session/ece92b1f4222754886f18140a6c28eee/execute/async - {"script":"<script> [776 bytes]","args":[{"enterText":"30670","selector":{"controlType":"sap.m.SearchField","viewName":"etm.portal.ui.managehandovers.view.MasterHO","bindingPath":{"propertyPath":"/_BASIC_SEARCH_FIELD","modelName":"fi1t3rM0d31"},"interaction":{"idSuffix":"I"}},"clearTextFirst":true,"interactionType":"ENTER_TEXT"}]}
RESULT: {"script":"<script> [776 bytes]","args":[{"enterText":"30670","selector":{"controlType":"sap.m.SearchField","viewName":"etm.portal.ui.managehandovers.view.MasterHO","bindingPath":{"propertyPath":"/_BASIC_SEARCH_FIELD","modelName":"fi1t3rM0d31"},"interaction":{"idSuffix":"I"}},"clearTextFirst":true,"interactionType":"ENTER_TEXT"}]}
COMMAND: POST /session/ece92b1f4222754886f18140a6c28eee/actions - {"actions":[{"id":"action5","type":"key","parameters":{},"actions":[{"type":"keyDown","value":"î€‡"},{"type":"pause","duration":10},{"type":"keyUp","value":"î€‡"}]}]}
RESULT: {"actions":[{"id":"action5","type":"key","parameters":{},"actions":[{"type":"keyDown","value":"î€‡"},{"type":"pause","duration":10},{"type":"keyUp","value":"î€‡"}]}]}
COMMAND: GET /session/ece92b1f4222754886f18140a6c28eee/screenshot - {}
RESULT: {}
COMMAND: POST /session/ece92b1f4222754886f18140a6c28eee/execute/async - {"script":"<script> [1562 bytes]","args":[{"selector":{"controlType":"sap.ui.core.Icon","viewName":"etm.portal.ui.managehandovers.view.MasterHO","properties":{"src":{"regex":{"source":"slim\\-arrow\\-right"}}}},"wdio_ui5_key":"etmportal.ui.managehandovers.view.MasterHOsap.ui.core.Icon{\"src\":{\"regex\":{\"source\":\"slim\\\\-arrow\\\\-right\"}}}"}]}
RESULT: {"script":"<script> [1562 bytes]","args":[{"selector":{"controlType":"sap.ui.core.Icon","viewName":"etm.portal.ui.managehandovers.view.MasterHO","properties":{"src":{"regex":{"source":"slim\\-arrow\\-right"}}}},"wdio_ui5_key":"etmportal.ui.managehandovers.view.MasterHOsap.ui.core.Icon{\"src\":{\"regex\":{\"source\":\"slim\\\\-arrow\\\\-right\"}}}"}]}
RESULT: undefined
COMMAND: POST /session/ece92b1f4222754886f18140a6c28eee/element - {"using":"xpath","value":"//*[@id=\"__item1686-__clone4511-imgNav\"]"}
RESULT: {"using":"xpath","value":"//*[@id=\"__item1686-__clone4511-imgNav\"]"}
COMMAND: POST /session/ece92b1f4222754886f18140a6c28eee/element/f.3741161919B21A173E9EEDF3DB720710.d.D092713F6C1C36BF3C7D4734F664A6D8.e.3688/click - {}
RESULT: {}
COMMAND: POST /session/ece92b1f4222754886f18140a6c28eee/execute/async - {"script":"<script> [1562 bytes]","args":[{"selector":{"controlType":"sap.m.ObjectStatus","viewName":"etm.portal.ui.managehandovers.view.DetailExecuteHO","bindingPath":{"path":"","propertyPath":"LINK_TO_STATUS/DESCRIPTION","modelName":"catalogModel"}},"wdio_ui5_key":"etmportal.ui.managehandovers.view.DetailExecuteHOsap.m.ObjectStatus{\"path\":\"\",\"propertyPath\":\"LINK_TO_STATUS/DESCRIPTION\",\"modelName\":\"catalogModel\"}"}]}
COMMAND: GET /session/ece92b1f4222754886f18140a6c28eee/screenshot - {}
RESULT: {"script":"<script> [1562 bytes]","args":[{"selector":{"controlType":"sap.m.ObjectStatus","viewName":"etm.portal.ui.managehandovers.view.DetailExecuteHO","bindingPath":{"path":"","propertyPath":"LINK_TO_STATUS/DESCRIPTION","modelName":"catalogModel"}},"wdio_ui5_key":"etmportal.ui.managehandovers.view.DetailExecuteHOsap.m.ObjectStatus{\"path\":\"\",\"propertyPath\":\"LINK_TO_STATUS/DESCRIPTION\",\"modelName\":\"catalogModel\"}"}]}
RESULT: undefined
COMMAND: POST /session/ece92b1f4222754886f18140a6c28eee/execute/async - {"script":"<script> [6424 bytes]","args":[{"element-6066-11e4-a52e-4f735466cecf":"f.3741161919B21A173E9EEDF3DB720710.d.D092713F6C1C36BF3C7D4734F664A6D8.e.3723"},"getText",[]]}
RESULT: {}
RESULT: {"script":"<script> [6424 bytes]","args":[{"element-6066-11e4-a52e-4f735466cecf":"f.3741161919B21A173E9EEDF3DB720710.d.D092713F6C1C36BF3C7D4734F664A6D8.e.3723"},"getText",[]]}
COMMAND: POST /session/ece92b1f4222754886f18140a6c28eee/element - {"using":"xpath","value":"//button[@data-kt=\"PickingTableConfirmAllButton\"]"}
RESULT: {"using":"xpath","value":"//button[@data-kt=\"PickingTableConfirmAllButton\"]"}
COMMAND: POST /session/ece92b1f4222754886f18140a6c28eee/element/f.3741161919B21A173E9EEDF3DB720710.d.D092713F6C1C36BF3C7D4734F664A6D8.e.3711/click - {}
RESULT: {}
COMMAND: GET /session/ece92b1f4222754886f18140a6c28eee/screenshot - {}
RESULT: {}
COMMAND: POST /session/ece92b1f4222754886f18140a6c28eee/element - {"using":"xpath","value":"//bdi[contains(text(), \"OK\")]"}
RESULT: {"using":"xpath","value":"//bdi[contains(text(), \"OK\")]"}
COMMAND: POST /session/ece92b1f4222754886f18140a6c28eee/element/f.3741161919B21A173E9EEDF3DB720710.d.D092713F6C1C36BF3C7D4734F664A6D8.e.3727/click - {}
RESULT: {}
COMMAND: GET /session/ece92b1f4222754886f18140a6c28eee/screenshot - {}
RESULT: {}
COMMAND: POST /session/ece92b1f4222754886f18140a6c28eee/element - {"using":"xpath","value":"(//bdi[contains(text(), \"Issue\")])[1]"}
RESULT: {"using":"xpath","value":"(//bdi[contains(text(), \"Issue\")])[1]"}
COMMAND: POST /session/ece92b1f4222754886f18140a6c28eee/element/f.3741161919B21A173E9EEDF3DB720710.d.D092713F6C1C36BF3C7D4734F664A6D8.e.3728/click - {}
RESULT: {}
COMMAND: GET /session/ece92b1f4222754886f18140a6c28eee/screenshot - {}
RESULT: {}
COMMAND: POST /session/ece92b1f4222754886f18140a6c28eee/element - {"using":"xpath","value":"//span[contains(@id, \"smartTable-header-inner\")]"}
RESULT: {"using":"xpath","value":"//span[contains(@id, \"smartTable-header-inner\")]"}
COMMAND: POST /session/ece92b1f4222754886f18140a6c28eee/elements - {"using":"xpath","value":"//span[contains(@id, \"smartTable-header-inner\")]"}
RESULT: {"using":"xpath","value":"//span[contains(@id, \"smartTable-header-inner\")]"}
COMMAND: POST /session/ece92b1f4222754886f18140a6c28eee/execute/sync - {"script":"<script> [56 bytes]","args":[{"element-6066-11e4-a52e-4f735466cecf":"f.3741161919B21A173E9EEDF3DB720710.d.D092713F6C1C36BF3C7D4734F664A6D8.e.3765","ELEMENT":"f.3741161919B21A173E9EEDF3DB720710.d.D092713F6C1C36BF3C7D4734F664A6D8.e.3765"}]}
RESULT: {"script":"<script> [56 bytes]","args":[{"element-6066-11e4-a52e-4f735466cecf":"f.3741161919B21A173E9EEDF3DB720710.d.D092713F6C1C36BF3C7D4734F664A6D8.e.3765","ELEMENT":"f.3741161919B21A173E9EEDF3DB720710.d.D092713F6C1C36BF3C7D4734F664A6D8.e.3765"}]}
COMMAND: POST /session/ece92b1f4222754886f18140a6c28eee/elements - {"using":"xpath","value":"//thead[contains(@class, \"sapMTableTH\")]/tr/th"}
COMMAND: GET /session/ece92b1f4222754886f18140a6c28eee/screenshot - {}
RESULT: {"using":"xpath","value":"//thead[contains(@class, \"sapMTableTH\")]/tr/th"}
COMMAND: GET /session/ece92b1f4222754886f18140a6c28eee/element/f.3741161919B21A173E9EEDF3DB720710.d.D092713F6C1C36BF3C7D4734F664A6D8.e.3766/text - {}
RESULT: {}
RESULT: {}
COMMAND: GET /session/ece92b1f4222754886f18140a6c28eee/element/f.3741161919B21A173E9EEDF3DB720710.d.D092713F6C1C36BF3C7D4734F664A6D8.e.3767/text - {}
RESULT: {}
COMMAND: GET /session/ece92b1f4222754886f18140a6c28eee/element/f.3741161919B21A173E9EEDF3DB720710.d.D092713F6C1C36BF3C7D4734F664A6D8.e.3403/text - {}
RESULT: {}
COMMAND: GET /session/ece92b1f4222754886f18140a6c28eee/element/f.3741161919B21A173E9EEDF3DB720710.d.D092713F6C1C36BF3C7D4734F664A6D8.e.3405/text - {}
RESULT: {}
COMMAND: GET /session/ece92b1f4222754886f18140a6c28eee/element/f.3741161919B21A173E9EEDF3DB720710.d.D092713F6C1C36BF3C7D4734F664A6D8.e.3746/text - {}
RESULT: {}
COMMAND: GET /session/ece92b1f4222754886f18140a6c28eee/element/f.3741161919B21A173E9EEDF3DB720710.d.D092713F6C1C36BF3C7D4734F664A6D8.e.3747/text - {}
RESULT: {}
COMMAND: GET /session/ece92b1f4222754886f18140a6c28eee/element/f.3741161919B21A173E9EEDF3DB720710.d.D092713F6C1C36BF3C7D4734F664A6D8.e.3748/text - {}
RESULT: {}
COMMAND: GET /session/ece92b1f4222754886f18140a6c28eee/element/f.3741161919B21A173E9EEDF3DB720710.d.D092713F6C1C36BF3C7D4734F664A6D8.e.3749/text - {}
RESULT: {}
COMMAND: GET /session/ece92b1f4222754886f18140a6c28eee/element/f.3741161919B21A173E9EEDF3DB720710.d.D092713F6C1C36BF3C7D4734F664A6D8.e.3750/text - {}
RESULT: {}
COMMAND: GET /session/ece92b1f4222754886f18140a6c28eee/element/f.3741161919B21A173E9EEDF3DB720710.d.D092713F6C1C36BF3C7D4734F664A6D8.e.3751/text - {}
RESULT: {}
COMMAND: GET /session/ece92b1f4222754886f18140a6c28eee/element/f.3741161919B21A173E9EEDF3DB720710.d.D092713F6C1C36BF3C7D4734F664A6D8.e.3752/text - {}
RESULT: {}
COMMAND: GET /session/ece92b1f4222754886f18140a6c28eee/element/f.3741161919B21A173E9EEDF3DB720710.d.D092713F6C1C36BF3C7D4734F664A6D8.e.3753/text - {}
RESULT: {}
COMMAND: GET /session/ece92b1f4222754886f18140a6c28eee/element/f.3741161919B21A173E9EEDF3DB720710.d.D092713F6C1C36BF3C7D4734F664A6D8.e.3754/text - {}
RESULT: {}
COMMAND: GET /session/ece92b1f4222754886f18140a6c28eee/element/f.3741161919B21A173E9EEDF3DB720710.d.D092713F6C1C36BF3C7D4734F664A6D8.e.3406/text - {}
RESULT: {}
COMMAND: POST /session/ece92b1f4222754886f18140a6c28eee/element - {"using":"xpath","value":"//tbody[contains(@id, \"customHandoversTable-tblBody\")]/tr[1]/td[14]/div/span"}
RESULT: {"using":"xpath","value":"//tbody[contains(@id, \"customHandoversTable-tblBody\")]/tr[1]/td[14]/div/span"}
COMMAND: POST /session/ece92b1f4222754886f18140a6c28eee/execute/sync - {"script":"<script> [56 bytes]","args":[{"element-6066-11e4-a52e-4f735466cecf":"f.3741161919B21A173E9EEDF3DB720710.d.D092713F6C1C36BF3C7D4734F664A6D8.e.3804","ELEMENT":"f.3741161919B21A173E9EEDF3DB720710.d.D092713F6C1C36BF3C7D4734F664A6D8.e.3804"}]}
RESULT: {"script":"<script> [56 bytes]","args":[{"element-6066-11e4-a52e-4f735466cecf":"f.3741161919B21A173E9EEDF3DB720710.d.D092713F6C1C36BF3C7D4734F664A6D8.e.3804","ELEMENT":"f.3741161919B21A173E9EEDF3DB720710.d.D092713F6C1C36BF3C7D4734F664A6D8.e.3804"}]}
COMMAND: POST /session/ece92b1f4222754886f18140a6c28eee/element - {"using":"css selector","value":"#shell-header-logo"}
COMMAND: GET /session/ece92b1f4222754886f18140a6c28eee/screenshot - {}
RESULT: {"using":"css selector","value":"#shell-header-logo"}
COMMAND: POST /session/ece92b1f4222754886f18140a6c28eee/element/f.3741161919B21A173E9EEDF3DB720710.d.D092713F6C1C36BF3C7D4734F664A6D8.e.2487/click - {}
RESULT: {}
RESULT: {}
COMMAND: GET /session/ece92b1f4222754886f18140a6c28eee/screenshot - {}
RESULT: {}
COMMAND: POST /session/ece92b1f4222754886f18140a6c28eee/element - {"using":"css selector","value":"#j_username"}
COMMAND: POST /session/ece92b1f4222754886f18140a6c28eee/url - {"url":"https://qa-testing-00-live-etm-ui.cfapps.eu10-004.hana.ondemand.com/"}
RESULT: {"using":"css selector","value":"#j_username"}
COMMAND: POST /session/ece92b1f4222754886f18140a6c28eee/element - {"using":"css selector","value":"#j_username"}
RESULT: {"url":"https://qa-testing-00-live-etm-ui.cfapps.eu10-004.hana.ondemand.com/"}
RESULT: undefined
COMMAND: GET /session/ece92b1f4222754886f18140a6c28eee/screenshot - {}
RESULT: {"using":"css selector","value":"#j_username"}
COMMAND: POST /session/ece92b1f4222754886f18140a6c28eee/element - {"using":"css selector","value":"#shell-header-logo"}
RESULT: {}
RESULT: {"using":"css selector","value":"#shell-header-logo"}
COMMAND: POST /session/ece92b1f4222754886f18140a6c28eee/execute/sync - {"script":"<script> [8489 bytes]","args":[{"element-6066-11e4-a52e-4f735466cecf":"f.3741161919B21A173E9EEDF3DB720710.d.8A2F60794237C57C18A722078E412E5E.e.3820","ELEMENT":"f.3741161919B21A173E9EEDF3DB720710.d.8A2F60794237C57C18A722078E412E5E.e.3820"}]}
RESULT: {"script":"<script> [8489 bytes]","args":[{"element-6066-11e4-a52e-4f735466cecf":"f.3741161919B21A173E9EEDF3DB720710.d.8A2F60794237C57C18A722078E412E5E.e.3820","ELEMENT":"f.3741161919B21A173E9EEDF3DB720710.d.8A2F60794237C57C18A722078E412E5E.e.3820"}]}
COMMAND: POST /session/ece92b1f4222754886f18140a6c28eee/element - {"using":"css selector","value":"#shell-header-logo"}
COMMAND: GET /session/ece92b1f4222754886f18140a6c28eee/screenshot - {}
RESULT: {"using":"css selector","value":"#shell-header-logo"}
COMMAND: POST /session/ece92b1f4222754886f18140a6c28eee/execute/sync - {"script":"<script> [8489 bytes]","args":[{"element-6066-11e4-a52e-4f735466cecf":"f.3741161919B21A173E9EEDF3DB720710.d.8A2F60794237C57C18A722078E412E5E.e.3820","ELEMENT":"f.3741161919B21A173E9EEDF3DB720710.d.8A2F60794237C57C18A722078E412E5E.e.3820"}]}
RESULT: {}
RESULT: {"script":"<script> [8489 bytes]","args":[{"element-6066-11e4-a52e-4f735466cecf":"f.3741161919B21A173E9EEDF3DB720710.d.8A2F60794237C57C18A722078E412E5E.e.3820","ELEMENT":"f.3741161919B21A173E9EEDF3DB720710.d.8A2F60794237C57C18A722078E412E5E.e.3820"}]}
COMMAND: POST /session/ece92b1f4222754886f18140a6c28eee/execute/sync - {"script":"<script> [5351 bytes]","args":[{"element-6066-11e4-a52e-4f735466cecf":"f.3741161919B21A173E9EEDF3DB720710.d.8A2F60794237C57C18A722078E412E5E.e.3820","ELEMENT":"f.3741161919B21A173E9EEDF3DB720710.d.8A2F60794237C57C18A722078E412E5E.e.3820"}]}
COMMAND: GET /session/ece92b1f4222754886f18140a6c28eee/screenshot - {}
RESULT: {"script":"<script> [5351 bytes]","args":[{"element-6066-11e4-a52e-4f735466cecf":"f.3741161919B21A173E9EEDF3DB720710.d.8A2F60794237C57C18A722078E412E5E.e.3820","ELEMENT":"f.3741161919B21A173E9EEDF3DB720710.d.8A2F60794237C57C18A722078E412E5E.e.3820"}]}
COMMAND: POST /session/ece92b1f4222754886f18140a6c28eee/element - {"using":"css selector","value":"#shell-header-logo"}
COMMAND: GET /session/ece92b1f4222754886f18140a6c28eee/screenshot - {}
RESULT: {}
RESULT: {"using":"css selector","value":"#shell-header-logo"}
COMMAND: POST /session/ece92b1f4222754886f18140a6c28eee/element/f.3741161919B21A173E9EEDF3DB720710.d.8A2F60794237C57C18A722078E412E5E.e.3820/click - {}
RESULT: {}
RESULT: {}
COMMAND: GET /session/ece92b1f4222754886f18140a6c28eee/screenshot - {}
RESULT: {}
COMMAND: POST /session/ece92b1f4222754886f18140a6c28eee/execute/async - {"script":"<script> [189 bytes]","args":[]}
RESULT: {"script":"<script> [189 bytes]","args":[]}
COMMAND: POST /session/ece92b1f4222754886f18140a6c28eee/execute/async - {"script":"<script> [123 bytes]","args":[]}
RESULT: {"script":"<script> [123 bytes]","args":[]}
COMMAND: POST /session/ece92b1f4222754886f18140a6c28eee/timeouts - {"script":"<number>"}
RESULT: {"script":"<number>"}
COMMAND: GET /session/ece92b1f4222754886f18140a6c28eee/timeouts - {}
RESULT: {}
RESULT: undefined
COMMAND: POST /session/ece92b1f4222754886f18140a6c28eee/execute/async - {"script":"<script> [2676 bytes]","args":[]}
RESULT: {"script":"<script> [2676 bytes]","args":[]}
COMMAND: POST /session/ece92b1f4222754886f18140a6c28eee/execute/async - {"script":"<script> [2342 bytes]","args":[{"protocol":"http","hostname":"0.0.0.0","path":"/","capabilities":{"browserName":"chrome","goog:chromeOptions":{"binary":"C:\\Program Files\\Google\\Chrome\\Application\\chrome.exe","args":["--start-maximized"]}},"logLevel":"warn","connectionRetryTimeout":120000,"connectionRetryCount":3,"logLevels":{},"enableDirectConnect":true,"strictSSL":true,"_":"65 more keys: [\"cacheDir\",\"port\",\"requestedCapabilities\",\"automationProtocol\",\"baseUrl\",\"waitforInterval\",\"waitforTimeout\",\"onReload\",\"beforeCommand\",\"afterCommand\",\"rootDir\",\"specs\",\"suites\",\"exclude\",\"groupLogsByTestSpec\",\"excludeDriverLogs\",\"bail\",\"framework\",\"reporters\",\"services\",\"maxInstances\",\"maxInstancesPerCapability\",\"injectGlobals\",\"filesToWatch\",\"execArgv\",\"runnerEnv\",\"runner\",\"shard\",\"specFileRetries\",\"specFileRetriesDelay\",\"specFileRetriesDeferred\",\"reporterSyncInterval\",\"reporterSyncTimeout\",\"cucumberFeaturesWithLineNumbers\",\"autoCompileOpts\",\"mochaOpts\",\"jasmineOpts\",\"cucumberOpts\",\"onPrepare\",\"onWorkerStart\",\"onWorkerEnd\",\"before\",\"beforeSession\",\"beforeSuite\",\"beforeHook\",\"beforeTest\",\"afterTest\",\"afterHook\",\"afterSuite\",\"afterSession\",\"after\",\"onComplete\",\"beforeAssertion\",\"afterAssertion\",\"beforeFeature\",\"beforeScenario\",\"beforeStep\",\"afterStep\",\"afterScenario\",\"afterFeature\",\"_\",\"suite\",\"$0\",\"ignoredWorkerServices\",\"wdi5\"]"}]}
RESULT: {"script":"<script> [2342 bytes]","args":[{"protocol":"http","hostname":"0.0.0.0","path":"/","capabilities":{"browserName":"chrome","goog:chromeOptions":{"binary":"C:\\Program Files\\Google\\Chrome\\Application\\chrome.exe","args":["--start-maximized"]}},"logLevel":"warn","connectionRetryTimeout":120000,"connectionRetryCount":3,"logLevels":{},"enableDirectConnect":true,"strictSSL":true,"_":"65 more keys: [\"cacheDir\",\"port\",\"requestedCapabilities\",\"automationProtocol\",\"baseUrl\",\"waitforInterval\",\"waitforTimeout\",\"onReload\",\"beforeCommand\",\"afterCommand\",\"rootDir\",\"specs\",\"suites\",\"exclude\",\"groupLogsByTestSpec\",\"excludeDriverLogs\",\"bail\",\"framework\",\"reporters\",\"services\",\"maxInstances\",\"maxInstancesPerCapability\",\"injectGlobals\",\"filesToWatch\",\"execArgv\",\"runnerEnv\",\"runner\",\"shard\",\"specFileRetries\",\"specFileRetriesDelay\",\"specFileRetriesDeferred\",\"reporterSyncInterval\",\"reporterSyncTimeout\",\"cucumberFeaturesWithLineNumbers\",\"autoCompileOpts\",\"mochaOpts\",\"jasmineOpts\",\"cucumberOpts\",\"onPrepare\",\"onWorkerStart\",\"onWorkerEnd\",\"before\",\"beforeSession\",\"beforeSuite\",\"beforeHook\",\"beforeTest\",\"afterTest\",\"afterHook\",\"afterSuite\",\"afterSession\",\"after\",\"onComplete\",\"beforeAssertion\",\"afterAssertion\",\"beforeFeature\",\"beforeScenario\",\"beforeStep\",\"afterStep\",\"afterScenario\",\"afterFeature\",\"_\",\"suite\",\"$0\",\"ignoredWorkerServices\",\"wdi5\"]"}]}
COMMAND: POST /session/ece92b1f4222754886f18140a6c28eee/execute/async - {"script":"<script> [21126 bytes]","args":[35000]}
RESULT: {"script":"<script> [21126 bytes]","args":[35000]}
COMMAND: POST /session/ece92b1f4222754886f18140a6c28eee/window/maximize - {}
RESULT: {}
COMMAND: POST /session/ece92b1f4222754886f18140a6c28eee/execute/async - {"script":"<script> [1562 bytes]","args":[{"selector":{"id":"shell-header","interaction":{"idSuffix":"icon"}},"wdio_ui5_key":"shellheader"}]}
COMMAND: GET /session/ece92b1f4222754886f18140a6c28eee/screenshot - {}
RESULT: {"script":"<script> [1562 bytes]","args":[{"selector":{"id":"shell-header","interaction":{"idSuffix":"icon"}},"wdio_ui5_key":"shellheader"}]}
RESULT: undefined
COMMAND: POST /session/ece92b1f4222754886f18140a6c28eee/window/fullscreen - {}
RESULT: {}
RESULT: {}
]]></system-out>
    </testcase>
  </testsuite>
  <testsuite timestamp="2025-05-18T16:37:12" time="128.41" tests="1" failures="1" errors="1" skipped="0">
    <properties>
      <property name="specId" value="0" />
      <property name="suiteName" value="Bill of Resources Completeness check of created bundle US131059" />
      <property name="capabilities" value="chrome.136_0_7103_93.windows" />
      <property name="file" value="file:///D:/a/1/s/test/specs/HTR/bor-completeness-check.spec.js" />
    </properties>
  </testsuite>
</testsuites>