<?xml version="1.0" encoding="UTF-8"?>
<testsuites tests="24" failures="2" errors="2" skipped="0">
  <testsuite timestamp="2025-05-23T15:39:39" time="704.154" tests="5" failures="0" errors="0" skipped="0">
    <properties>
      <property name="specId" value="0"/>
      <property name="suiteName" value="Manage Requests Tags Tests US120163"/>
      <property name="capabilities" value="chrome.136_0_7103_93.windows"/>
      <property name="file" value="file:///D:/a/1/s/test/specs/R2C/create-request-Tags.spec.js"/>
    </properties>
    <testcase classname="chrome.136_0_7103_93.windows.Manage_Requests_Tags_Tests_US120163" name="Should create a new yard" time="149.499">
      <system-out><![CDATA[
COMMAND: POST /session/f7dda4deea86e37c44fc2a10a2b2b70a/execute/async - {"script":"<script> [1562 bytes]","args":[{"selector":{"controlType":"sap.m.GenericTile","properties":{"header":"Manage Yards"}},"wdio_ui5_key":"sapm.GenericTile{\"header\":\"Manage Yards\"}"}]}
RESULT: {"script":"<script> [1562 bytes]","args":[{"selector":{"controlType":"sap.m.GenericTile","properties":{"header":"Manage Yards"}},"wdio_ui5_key":"sapm.GenericTile{\"header\":\"Manage Yards\"}"}]}
RESULT: undefined
COMMAND: POST /session/f7dda4deea86e37c44fc2a10a2b2b70a/element - {"using":"xpath","value":"//*[@id=\"__tile41\"]"}
RESULT: {"using":"xpath","value":"//*[@id=\"__tile41\"]"}
COMMAND: POST /session/f7dda4deea86e37c44fc2a10a2b2b70a/element/f.30820BDFF87FD38C1A457C97C4719E16.d.DA4467B70C0A1CC10C9C3C8D2225992D.e.121/click - {}
RESULT: {}
COMMAND: GET /session/f7dda4deea86e37c44fc2a10a2b2b70a/screenshot - {}
RESULT: {}
COMMAND: POST /session/f7dda4deea86e37c44fc2a10a2b2b70a/elements - {"using":"xpath","value":"//span[text()='Error']"}
RESULT: {"using":"xpath","value":"//span[text()='Error']"}
COMMAND: POST /session/f7dda4deea86e37c44fc2a10a2b2b70a/execute/async - {"script":"<script> [1562 bytes]","args":[{"selector":{"controlType":"sap.ui.core.Icon","viewName":"etm.portal.ui.manageyards.view.Master","viewId":"application-manageyards-display-component---masterYard","properties":{"src":{"regex":{"source":"add"}}}},"wdio_ui5_key":"etmportal.ui.manageyards.view.Mastersap.ui.core.Icon{\"src\":{\"regex\":{\"source\":\"add\"}}}"}]}
RESULT: {"script":"<script> [1562 bytes]","args":[{"selector":{"controlType":"sap.ui.core.Icon","viewName":"etm.portal.ui.manageyards.view.Master","viewId":"application-manageyards-display-component---masterYard","properties":{"src":{"regex":{"source":"add"}}}},"wdio_ui5_key":"etmportal.ui.manageyards.view.Mastersap.ui.core.Icon{\"src\":{\"regex\":{\"source\":\"add\"}}}"}]}
RESULT: undefined
COMMAND: POST /session/f7dda4deea86e37c44fc2a10a2b2b70a/element - {"using":"xpath","value":"//*[@id=\"__button4-img\"]"}
RESULT: {"using":"xpath","value":"//*[@id=\"__button4-img\"]"}
COMMAND: POST /session/f7dda4deea86e37c44fc2a10a2b2b70a/element/f.30820BDFF87FD38C1A457C97C4719E16.d.DA4467B70C0A1CC10C9C3C8D2225992D.e.168/click - {}
RESULT: {}
COMMAND: GET /session/f7dda4deea86e37c44fc2a10a2b2b70a/screenshot - {}
RESULT: {}
COMMAND: POST /session/f7dda4deea86e37c44fc2a10a2b2b70a/execute/async - {"script":"<script> [1562 bytes]","args":[{"selector":{"id":"application-manageyards-display-component---NewYard--yardId","interaction":{"idSuffix":"inner"}},"wdio_ui5_key":"applicationmanageyards-display-component---NewYard--yardId"}]}
RESULT: {"script":"<script> [1562 bytes]","args":[{"selector":{"id":"application-manageyards-display-component---NewYard--yardId","interaction":{"idSuffix":"inner"}},"wdio_ui5_key":"applicationmanageyards-display-component---NewYard--yardId"}]}
RESULT: undefined
COMMAND: POST /session/f7dda4deea86e37c44fc2a10a2b2b70a/element - {"using":"xpath","value":"//*[@id=\"application-manageyards-display-component---NewYard--addressDetailDetailsName1-inner\"]"}
RESULT: {"using":"xpath","value":"//*[@id=\"application-manageyards-display-component---NewYard--addressDetailDetailsName1-inner\"]"}
COMMAND: POST /session/f7dda4deea86e37c44fc2a10a2b2b70a/element/f.30820BDFF87FD38C1A457C97C4719E16.d.DA4467B70C0A1CC10C9C3C8D2225992D.e.380/clear - {}
RESULT: {}
COMMAND: POST /session/f7dda4deea86e37c44fc2a10a2b2b70a/element/f.30820BDFF87FD38C1A457C97C4719E16.d.DA4467B70C0A1CC10C9C3C8D2225992D.e.380/value - {"text":"WebdriverYard3mpceg"}
COMMAND: GET /session/f7dda4deea86e37c44fc2a10a2b2b70a/screenshot - {}
RESULT: {"text":"WebdriverYard3mpceg"}
COMMAND: POST /session/f7dda4deea86e37c44fc2a10a2b2b70a/element - {"using":"xpath","value":"//*[@id=\"application-manageyards-display-component---NewYard--addressDetailDetailsLanguage-inner\"]"}
COMMAND: GET /session/f7dda4deea86e37c44fc2a10a2b2b70a/screenshot - {}
RESULT: {}
RESULT: {"using":"xpath","value":"//*[@id=\"application-manageyards-display-component---NewYard--addressDetailDetailsLanguage-inner\"]"}
COMMAND: POST /session/f7dda4deea86e37c44fc2a10a2b2b70a/element/f.30820BDFF87FD38C1A457C97C4719E16.d.DA4467B70C0A1CC10C9C3C8D2225992D.e.381/clear - {}
RESULT: {}
RESULT: {}
COMMAND: POST /session/f7dda4deea86e37c44fc2a10a2b2b70a/element/f.30820BDFF87FD38C1A457C97C4719E16.d.DA4467B70C0A1CC10C9C3C8D2225992D.e.381/value - {"text":"Romanian"}
COMMAND: GET /session/f7dda4deea86e37c44fc2a10a2b2b70a/screenshot - {}
RESULT: {"text":"Romanian"}
COMMAND: POST /session/f7dda4deea86e37c44fc2a10a2b2b70a/element - {"using":"xpath","value":"//input[contains(@id ,\"application-manageyards-display-component---NewYard--addressDetailDetailsName1-inner\")]"}
COMMAND: GET /session/f7dda4deea86e37c44fc2a10a2b2b70a/screenshot - {}
RESULT: {}
RESULT: {"using":"xpath","value":"//input[contains(@id ,\"application-manageyards-display-component---NewYard--addressDetailDetailsName1-inner\")]"}
COMMAND: GET /session/f7dda4deea86e37c44fc2a10a2b2b70a/element/f.30820BDFF87FD38C1A457C97C4719E16.d.DA4467B70C0A1CC10C9C3C8D2225992D.e.380/property/value - {}
RESULT: {}
RESULT: {}
COMMAND: GET /session/f7dda4deea86e37c44fc2a10a2b2b70a/screenshot - {}
RESULT: {}
COMMAND: POST /session/f7dda4deea86e37c44fc2a10a2b2b70a/element - {"using":"xpath","value":"//*[@id=\"application-manageyards-display-component---NewYard--addressDetailDetailsCity1-inner\"]"}
RESULT: {"using":"xpath","value":"//*[@id=\"application-manageyards-display-component---NewYard--addressDetailDetailsCity1-inner\"]"}
COMMAND: POST /session/f7dda4deea86e37c44fc2a10a2b2b70a/element/f.30820BDFF87FD38C1A457C97C4719E16.d.DA4467B70C0A1CC10C9C3C8D2225992D.e.383/clear - {}
RESULT: {}
COMMAND: POST /session/f7dda4deea86e37c44fc2a10a2b2b70a/element/f.30820BDFF87FD38C1A457C97C4719E16.d.DA4467B70C0A1CC10C9C3C8D2225992D.e.383/value - {"text":"Bucuresti"}
COMMAND: GET /session/f7dda4deea86e37c44fc2a10a2b2b70a/screenshot - {}
RESULT: {"text":"Bucuresti"}
COMMAND: GET /session/f7dda4deea86e37c44fc2a10a2b2b70a/screenshot - {}
RESULT: {}
RESULT: {}
COMMAND: POST /session/f7dda4deea86e37c44fc2a10a2b2b70a/element - {"using":"xpath","value":"//*[@id=\"application-manageyards-display-component---NewYard--addressDetailDetailsCountry-inner\"]"}
RESULT: {"using":"xpath","value":"//*[@id=\"application-manageyards-display-component---NewYard--addressDetailDetailsCountry-inner\"]"}
COMMAND: POST /session/f7dda4deea86e37c44fc2a10a2b2b70a/element/f.30820BDFF87FD38C1A457C97C4719E16.d.DA4467B70C0A1CC10C9C3C8D2225992D.e.387/clear - {}
RESULT: {}
COMMAND: POST /session/f7dda4deea86e37c44fc2a10a2b2b70a/element/f.30820BDFF87FD38C1A457C97C4719E16.d.DA4467B70C0A1CC10C9C3C8D2225992D.e.387/value - {"text":"Romania"}
COMMAND: GET /session/f7dda4deea86e37c44fc2a10a2b2b70a/screenshot - {}
RESULT: {"text":"Romania"}
COMMAND: GET /session/f7dda4deea86e37c44fc2a10a2b2b70a/screenshot - {}
RESULT: {}
RESULT: {}
COMMAND: POST /session/f7dda4deea86e37c44fc2a10a2b2b70a/element - {"using":"xpath","value":"//div[contains(text(), \"Commercial\")]"}
RESULT: {"using":"xpath","value":"//div[contains(text(), \"Commercial\")]"}
COMMAND: GET /session/f7dda4deea86e37c44fc2a10a2b2b70a/element/f.30820BDFF87FD38C1A457C97C4719E16.d.DA4467B70C0A1CC10C9C3C8D2225992D.e.565/rect - {}
RESULT: {}
COMMAND: GET /session/f7dda4deea86e37c44fc2a10a2b2b70a/window/rect - {}
RESULT: {}
COMMAND: POST /session/f7dda4deea86e37c44fc2a10a2b2b70a/execute/sync - {"script":"<script> [92 bytes]","args":[]}
RESULT: {"script":"<script> [92 bytes]","args":[]}
COMMAND: POST /session/f7dda4deea86e37c44fc2a10a2b2b70a/actions - {"actions":[{"id":"action1","type":"wheel","parameters":{},"actions":[{"type":"scroll","x":-1841,"y":-44,"deltaX":0,"deltaY":0,"duration":0,"origin":{"element-6066-11e4-a52e-4f735466cecf":"f.30820BDFF87FD38C1A457C97C4719E16.d.DA4467B70C0A1CC10C9C3C8D2225992D.e.565"}}]}]}
COMMAND: GET /session/f7dda4deea86e37c44fc2a10a2b2b70a/screenshot - {}
RESULT: {}
COMMAND: POST /session/f7dda4deea86e37c44fc2a10a2b2b70a/execute/sync - {"script":"<script> [79 bytes]","args":[{"element-6066-11e4-a52e-4f735466cecf":"f.30820BDFF87FD38C1A457C97C4719E16.d.DA4467B70C0A1CC10C9C3C8D2225992D.e.565","ELEMENT":"f.30820BDFF87FD38C1A457C97C4719E16.d.DA4467B70C0A1CC10C9C3C8D2225992D.e.565"},{"block":"start","inline":"nearest"}]}
RESULT: {"script":"<script> [79 bytes]","args":[{"element-6066-11e4-a52e-4f735466cecf":"f.30820BDFF87FD38C1A457C97C4719E16.d.DA4467B70C0A1CC10C9C3C8D2225992D.e.565","ELEMENT":"f.30820BDFF87FD38C1A457C97C4719E16.d.DA4467B70C0A1CC10C9C3C8D2225992D.e.565"},{"block":"start","inline":"nearest"}]}
COMMAND: GET /session/f7dda4deea86e37c44fc2a10a2b2b70a/screenshot - {}
RESULT: {}
COMMAND: POST /session/f7dda4deea86e37c44fc2a10a2b2b70a/execute/async - {"script":"<script> [1562 bytes]","args":[{"selector":{"id":"application-manageyards-display-component---NewYard--addressEditDetailsCostObjectCstType-arrow"},"wdio_ui5_key":"applicationmanageyards-display-component---NewYard--addressEditDetailsCostObjectCstType-arrow"}]}
RESULT: {"script":"<script> [1562 bytes]","args":[{"selector":{"id":"application-manageyards-display-component---NewYard--addressEditDetailsCostObjectCstType-arrow"},"wdio_ui5_key":"applicationmanageyards-display-component---NewYard--addressEditDetailsCostObjectCstType-arrow"}]}
RESULT: undefined
COMMAND: POST /session/f7dda4deea86e37c44fc2a10a2b2b70a/element - {"using":"xpath","value":"//*[@id=\"application-manageyards-display-component---NewYard--addressEditDetailsCostObjectCstType-arrow\"]"}
RESULT: {"using":"xpath","value":"//*[@id=\"application-manageyards-display-component---NewYard--addressEditDetailsCostObjectCstType-arrow\"]"}
COMMAND: POST /session/f7dda4deea86e37c44fc2a10a2b2b70a/element/f.30820BDFF87FD38C1A457C97C4719E16.d.DA4467B70C0A1CC10C9C3C8D2225992D.e.573/click - {}
RESULT: {}
COMMAND: POST /session/f7dda4deea86e37c44fc2a10a2b2b70a/element - {"using":"xpath","value":"//span[contains(text(), \"Cost Center\")]"}
COMMAND: GET /session/f7dda4deea86e37c44fc2a10a2b2b70a/screenshot - {}
RESULT: {"using":"xpath","value":"//span[contains(text(), \"Cost Center\")]"}
COMMAND: POST /session/f7dda4deea86e37c44fc2a10a2b2b70a/element/f.30820BDFF87FD38C1A457C97C4719E16.d.DA4467B70C0A1CC10C9C3C8D2225992D.e.574/click - {}
RESULT: {}
RESULT: {}
COMMAND: GET /session/f7dda4deea86e37c44fc2a10a2b2b70a/screenshot - {}
RESULT: {}
COMMAND: POST /session/f7dda4deea86e37c44fc2a10a2b2b70a/execute/async - {"script":"<script> [1562 bytes]","args":[{"selector":{"id":"application-manageyards-display-component---NewYard--addressNewCostObjectCstID-vhi"},"wdio_ui5_key":"applicationmanageyards-display-component---NewYard--addressNewCostObjectCstID-vhi"}]}
RESULT: {"script":"<script> [1562 bytes]","args":[{"selector":{"id":"application-manageyards-display-component---NewYard--addressNewCostObjectCstID-vhi"},"wdio_ui5_key":"applicationmanageyards-display-component---NewYard--addressNewCostObjectCstID-vhi"}]}
RESULT: undefined
COMMAND: POST /session/f7dda4deea86e37c44fc2a10a2b2b70a/element - {"using":"xpath","value":"//*[@id=\"application-manageyards-display-component---NewYard--addressNewCostObjectCstID-vhi\"]"}
RESULT: {"using":"xpath","value":"//*[@id=\"application-manageyards-display-component---NewYard--addressNewCostObjectCstID-vhi\"]"}
COMMAND: POST /session/f7dda4deea86e37c44fc2a10a2b2b70a/element/f.30820BDFF87FD38C1A457C97C4719E16.d.DA4467B70C0A1CC10C9C3C8D2225992D.e.578/click - {}
RESULT: {}
COMMAND: GET /session/f7dda4deea86e37c44fc2a10a2b2b70a/screenshot - {}
RESULT: {}
COMMAND: POST /session/f7dda4deea86e37c44fc2a10a2b2b70a/execute/async - {"script":"<script> [1562 bytes]","args":[{"selector":{"controlType":"sap.m.SearchField","properties":{"placeholder":"Search"},"searchOpenDialogs":true,"interaction":{"idSuffix":"I"}},"wdio_ui5_key":"sapm.SearchField{\"placeholder\":\"Search\"}"}]}
RESULT: {"script":"<script> [1562 bytes]","args":[{"selector":{"controlType":"sap.m.SearchField","properties":{"placeholder":"Search"},"searchOpenDialogs":true,"interaction":{"idSuffix":"I"}},"wdio_ui5_key":"sapm.SearchField{\"placeholder\":\"Search\"}"}]}
RESULT: undefined
COMMAND: POST /session/f7dda4deea86e37c44fc2a10a2b2b70a/execute/async - {"script":"<script> [776 bytes]","args":[{"enterText":"10001013","selector":{"controlType":"sap.m.SearchField","properties":{"placeholder":"Search"},"searchOpenDialogs":true,"interaction":{"idSuffix":"I"}},"clearTextFirst":true,"interactionType":"ENTER_TEXT"}]}
RESULT: {"script":"<script> [776 bytes]","args":[{"enterText":"10001013","selector":{"controlType":"sap.m.SearchField","properties":{"placeholder":"Search"},"searchOpenDialogs":true,"interaction":{"idSuffix":"I"}},"clearTextFirst":true,"interactionType":"ENTER_TEXT"}]}
COMMAND: POST /session/f7dda4deea86e37c44fc2a10a2b2b70a/actions - {"actions":[{"id":"action2","type":"key","parameters":{},"actions":[{"type":"keyDown","value":""},{"type":"pause","duration":10},{"type":"keyUp","value":""}]}]}
RESULT: {"actions":[{"id":"action2","type":"key","parameters":{},"actions":[{"type":"keyDown","value":""},{"type":"pause","duration":10},{"type":"keyUp","value":""}]}]}
COMMAND: GET /session/f7dda4deea86e37c44fc2a10a2b2b70a/screenshot - {}
RESULT: {}
COMMAND: POST /session/f7dda4deea86e37c44fc2a10a2b2b70a/element - {"using":"xpath","value":"//span[contains(text(), \"General Management\")]"}
RESULT: {"using":"xpath","value":"//span[contains(text(), \"General Management\")]"}
COMMAND: POST /session/f7dda4deea86e37c44fc2a10a2b2b70a/element/f.30820BDFF87FD38C1A457C97C4719E16.d.DA4467B70C0A1CC10C9C3C8D2225992D.e.620/click - {}
RESULT: {}
COMMAND: GET /session/f7dda4deea86e37c44fc2a10a2b2b70a/screenshot - {}
RESULT: {}
COMMAND: POST /session/f7dda4deea86e37c44fc2a10a2b2b70a/element - {"using":"xpath","value":"//bdi[contains(text(), \"OK\")]"}
RESULT: {"using":"xpath","value":"//bdi[contains(text(), \"OK\")]"}
COMMAND: POST /session/f7dda4deea86e37c44fc2a10a2b2b70a/element/f.30820BDFF87FD38C1A457C97C4719E16.d.DA4467B70C0A1CC10C9C3C8D2225992D.e.621/click - {}
RESULT: {}
COMMAND: GET /session/f7dda4deea86e37c44fc2a10a2b2b70a/screenshot - {}
RESULT: {}
COMMAND: POST /session/f7dda4deea86e37c44fc2a10a2b2b70a/execute/async - {"script":"<script> [1562 bytes]","args":[{"selector":{"controlType":"sap.m.Button","viewName":"etm.portal.ui.manageyards.view.New","viewId":"application-manageyards-display-component---NewYard","i18NText":{"propertyName":"text","key":"save"},"interaction":{"idSuffix":"inner"}},"wdio_ui5_key":"etmportal.ui.manageyards.view.Newsap.m.Button{\"propertyName\":\"text\",\"key\":\"save\"}"}]}
RESULT: {"script":"<script> [1562 bytes]","args":[{"selector":{"controlType":"sap.m.Button","viewName":"etm.portal.ui.manageyards.view.New","viewId":"application-manageyards-display-component---NewYard","i18NText":{"propertyName":"text","key":"save"},"interaction":{"idSuffix":"inner"}},"wdio_ui5_key":"etmportal.ui.manageyards.view.Newsap.m.Button{\"propertyName\":\"text\",\"key\":\"save\"}"}]}
RESULT: undefined
COMMAND: POST /session/f7dda4deea86e37c44fc2a10a2b2b70a/element - {"using":"xpath","value":"//*[@id=\"__button18\"]"}
RESULT: {"using":"xpath","value":"//*[@id=\"__button18\"]"}
COMMAND: POST /session/f7dda4deea86e37c44fc2a10a2b2b70a/element/f.30820BDFF87FD38C1A457C97C4719E16.d.DA4467B70C0A1CC10C9C3C8D2225992D.e.543/click - {}
RESULT: {}
COMMAND: GET /session/f7dda4deea86e37c44fc2a10a2b2b70a/screenshot - {}
RESULT: {}
COMMAND: POST /session/f7dda4deea86e37c44fc2a10a2b2b70a/element - {"using":"xpath","value":"//header/div/div[2]/div[2]/span"}
RESULT: {"using":"xpath","value":"//header/div/div[2]/div[2]/span"}
COMMAND: GET /session/f7dda4deea86e37c44fc2a10a2b2b70a/element/f.30820BDFF87FD38C1A457C97C4719E16.d.DA4467B70C0A1CC10C9C3C8D2225992D.e.818/text - {}
RESULT: {}
COMMAND: POST /session/f7dda4deea86e37c44fc2a10a2b2b70a/execute/async - {"script":"<script> [1562 bytes]","args":[{"selector":{"controlType":"sap.m.OverflowToolbarButton","viewName":"etm.portal.ui.manageyards.view.Detail","viewId":"application-manageyards-display-component---detailYard","i18NText":{"propertyName":"tooltip","key":"closeColumn"},"interaction":{"idSuffix":"inner"}},"wdio_ui5_key":"etmportal.ui.manageyards.view.Detailsap.m.OverflowToolbarButton{\"propertyName\":\"tooltip\",\"key\":\"closeColumn\"}"}]}
RESULT: {"script":"<script> [1562 bytes]","args":[{"selector":{"controlType":"sap.m.OverflowToolbarButton","viewName":"etm.portal.ui.manageyards.view.Detail","viewId":"application-manageyards-display-component---detailYard","i18NText":{"propertyName":"tooltip","key":"closeColumn"},"interaction":{"idSuffix":"inner"}},"wdio_ui5_key":"etmportal.ui.manageyards.view.Detailsap.m.OverflowToolbarButton{\"propertyName\":\"tooltip\",\"key\":\"closeColumn\"}"}]}
RESULT: undefined
COMMAND: POST /session/f7dda4deea86e37c44fc2a10a2b2b70a/element - {"using":"xpath","value":"//*[@id=\"__button42\"]"}
RESULT: {"using":"xpath","value":"//*[@id=\"__button42\"]"}
COMMAND: POST /session/f7dda4deea86e37c44fc2a10a2b2b70a/element/f.30820BDFF87FD38C1A457C97C4719E16.d.DA4467B70C0A1CC10C9C3C8D2225992D.e.820/click - {}
RESULT: {}
COMMAND: GET /session/f7dda4deea86e37c44fc2a10a2b2b70a/screenshot - {}
RESULT: {}
COMMAND: POST /session/f7dda4deea86e37c44fc2a10a2b2b70a/element - {"using":"css selector","value":"#shell-header-logo"}
RESULT: {"using":"css selector","value":"#shell-header-logo"}
COMMAND: POST /session/f7dda4deea86e37c44fc2a10a2b2b70a/element/f.30820BDFF87FD38C1A457C97C4719E16.d.DA4467B70C0A1CC10C9C3C8D2225992D.e.124/click - {}
RESULT: {}
COMMAND: GET /session/f7dda4deea86e37c44fc2a10a2b2b70a/screenshot - {}
RESULT: {}
COMMAND: POST /session/f7dda4deea86e37c44fc2a10a2b2b70a/refresh - {}
RESULT: {}
COMMAND: GET /session/f7dda4deea86e37c44fc2a10a2b2b70a/screenshot - {}
RESULT: {}
COMMAND: POST /session/f7dda4deea86e37c44fc2a10a2b2b70a/execute/async - {"script":"<script> [189 bytes]","args":[]}
RESULT: {"script":"<script> [189 bytes]","args":[]}
COMMAND: POST /session/f7dda4deea86e37c44fc2a10a2b2b70a/execute/async - {"script":"<script> [123 bytes]","args":[]}
RESULT: {"script":"<script> [123 bytes]","args":[]}
COMMAND: POST /session/f7dda4deea86e37c44fc2a10a2b2b70a/timeouts - {"script":"<number>"}
RESULT: {"script":"<number>"}
COMMAND: GET /session/f7dda4deea86e37c44fc2a10a2b2b70a/timeouts - {}
RESULT: {}
RESULT: undefined
COMMAND: POST /session/f7dda4deea86e37c44fc2a10a2b2b70a/execute/async - {"script":"<script> [2676 bytes]","args":[]}
RESULT: {"script":"<script> [2676 bytes]","args":[]}
COMMAND: POST /session/f7dda4deea86e37c44fc2a10a2b2b70a/execute/async - {"script":"<script> [2342 bytes]","args":[{"protocol":"http","hostname":"0.0.0.0","path":"/","capabilities":{"browserName":"chrome","goog:chromeOptions":{"binary":"C:\\Program Files\\Google\\Chrome\\Application\\chrome.exe","args":["--start-maximized"]}},"logLevel":"warn","connectionRetryTimeout":120000,"connectionRetryCount":3,"logLevels":{},"enableDirectConnect":true,"strictSSL":true,"_":"65 more keys: [\"cacheDir\",\"port\",\"requestedCapabilities\",\"automationProtocol\",\"baseUrl\",\"waitforInterval\",\"waitforTimeout\",\"onReload\",\"beforeCommand\",\"afterCommand\",\"rootDir\",\"specs\",\"suites\",\"exclude\",\"groupLogsByTestSpec\",\"excludeDriverLogs\",\"bail\",\"framework\",\"reporters\",\"services\",\"maxInstances\",\"maxInstancesPerCapability\",\"injectGlobals\",\"filesToWatch\",\"execArgv\",\"runnerEnv\",\"runner\",\"shard\",\"specFileRetries\",\"specFileRetriesDelay\",\"specFileRetriesDeferred\",\"reporterSyncInterval\",\"reporterSyncTimeout\",\"cucumberFeaturesWithLineNumbers\",\"autoCompileOpts\",\"mochaOpts\",\"jasmineOpts\",\"cucumberOpts\",\"onPrepare\",\"onWorkerStart\",\"onWorkerEnd\",\"before\",\"beforeSession\",\"beforeSuite\",\"beforeHook\",\"beforeTest\",\"afterTest\",\"afterHook\",\"afterSuite\",\"afterSession\",\"after\",\"onComplete\",\"beforeAssertion\",\"afterAssertion\",\"beforeFeature\",\"beforeScenario\",\"beforeStep\",\"afterStep\",\"afterScenario\",\"afterFeature\",\"_\",\"suite\",\"$0\",\"ignoredWorkerServices\",\"wdi5\"]"}]}
RESULT: {"script":"<script> [2342 bytes]","args":[{"protocol":"http","hostname":"0.0.0.0","path":"/","capabilities":{"browserName":"chrome","goog:chromeOptions":{"binary":"C:\\Program Files\\Google\\Chrome\\Application\\chrome.exe","args":["--start-maximized"]}},"logLevel":"warn","connectionRetryTimeout":120000,"connectionRetryCount":3,"logLevels":{},"enableDirectConnect":true,"strictSSL":true,"_":"65 more keys: [\"cacheDir\",\"port\",\"requestedCapabilities\",\"automationProtocol\",\"baseUrl\",\"waitforInterval\",\"waitforTimeout\",\"onReload\",\"beforeCommand\",\"afterCommand\",\"rootDir\",\"specs\",\"suites\",\"exclude\",\"groupLogsByTestSpec\",\"excludeDriverLogs\",\"bail\",\"framework\",\"reporters\",\"services\",\"maxInstances\",\"maxInstancesPerCapability\",\"injectGlobals\",\"filesToWatch\",\"execArgv\",\"runnerEnv\",\"runner\",\"shard\",\"specFileRetries\",\"specFileRetriesDelay\",\"specFileRetriesDeferred\",\"reporterSyncInterval\",\"reporterSyncTimeout\",\"cucumberFeaturesWithLineNumbers\",\"autoCompileOpts\",\"mochaOpts\",\"jasmineOpts\",\"cucumberOpts\",\"onPrepare\",\"onWorkerStart\",\"onWorkerEnd\",\"before\",\"beforeSession\",\"beforeSuite\",\"beforeHook\",\"beforeTest\",\"afterTest\",\"afterHook\",\"afterSuite\",\"afterSession\",\"after\",\"onComplete\",\"beforeAssertion\",\"afterAssertion\",\"beforeFeature\",\"beforeScenario\",\"beforeStep\",\"afterStep\",\"afterScenario\",\"afterFeature\",\"_\",\"suite\",\"$0\",\"ignoredWorkerServices\",\"wdi5\"]"}]}
COMMAND: POST /session/f7dda4deea86e37c44fc2a10a2b2b70a/execute/async - {"script":"<script> [21126 bytes]","args":[35000]}
RESULT: {"script":"<script> [21126 bytes]","args":[35000]}
]]></system-out>
    </testcase>
    <testcase classname="chrome.136_0_7103_93.windows.Manage_Requests_Tags_Tests_US120163" name="Should create a new partner" time="81.909">
      <system-out><![CDATA[
COMMAND: POST /session/f7dda4deea86e37c44fc2a10a2b2b70a/execute/async - {"script":"<script> [1562 bytes]","args":[{"selector":{"controlType":"sap.m.GenericTile","properties":{"header":"Manage Partners"}},"wdio_ui5_key":"sapm.GenericTile{\"header\":\"Manage Partners\"}"}]}
RESULT: {"script":"<script> [1562 bytes]","args":[{"selector":{"controlType":"sap.m.GenericTile","properties":{"header":"Manage Partners"}},"wdio_ui5_key":"sapm.GenericTile{\"header\":\"Manage Partners\"}"}]}
RESULT: undefined
COMMAND: POST /session/f7dda4deea86e37c44fc2a10a2b2b70a/element - {"using":"xpath","value":"//*[@id=\"__tile38\"]"}
RESULT: {"using":"xpath","value":"//*[@id=\"__tile38\"]"}
COMMAND: POST /session/f7dda4deea86e37c44fc2a10a2b2b70a/element/f.30820BDFF87FD38C1A457C97C4719E16.d.E6F3C111B3881D465680EB6583D53445.e.1173/click - {}
RESULT: {}
COMMAND: GET /session/f7dda4deea86e37c44fc2a10a2b2b70a/screenshot - {}
RESULT: {}
COMMAND: POST /session/f7dda4deea86e37c44fc2a10a2b2b70a/elements - {"using":"xpath","value":"//span[text()='Error']"}
RESULT: {"using":"xpath","value":"//span[text()='Error']"}
COMMAND: POST /session/f7dda4deea86e37c44fc2a10a2b2b70a/execute/async - {"script":"<script> [1562 bytes]","args":[{"selector":{"controlType":"sap.ui.core.Icon","viewName":"etm.portal.ui.managepartners.view.Master","viewId":"application-managepartners-display-component---masterPtm","properties":{"src":{"regex":{"source":"add"}}}},"wdio_ui5_key":"etmportal.ui.managepartners.view.Mastersap.ui.core.Icon{\"src\":{\"regex\":{\"source\":\"add\"}}}"}]}
RESULT: {"script":"<script> [1562 bytes]","args":[{"selector":{"controlType":"sap.ui.core.Icon","viewName":"etm.portal.ui.managepartners.view.Master","viewId":"application-managepartners-display-component---masterPtm","properties":{"src":{"regex":{"source":"add"}}}},"wdio_ui5_key":"etmportal.ui.managepartners.view.Mastersap.ui.core.Icon{\"src\":{\"regex\":{\"source\":\"add\"}}}"}]}
RESULT: undefined
COMMAND: POST /session/f7dda4deea86e37c44fc2a10a2b2b70a/element - {"using":"xpath","value":"//*[@id=\"__button4-img\"]"}
RESULT: {"using":"xpath","value":"//*[@id=\"__button4-img\"]"}
COMMAND: POST /session/f7dda4deea86e37c44fc2a10a2b2b70a/element/f.30820BDFF87FD38C1A457C97C4719E16.d.E6F3C111B3881D465680EB6583D53445.e.1226/click - {}
RESULT: {}
COMMAND: GET /session/f7dda4deea86e37c44fc2a10a2b2b70a/screenshot - {}
RESULT: {}
COMMAND: POST /session/f7dda4deea86e37c44fc2a10a2b2b70a/execute/async - {"script":"<script> [1562 bytes]","args":[{"selector":{"id":"application-managepartners-display-component---NewPartner--partnerId","interaction":{"idSuffix":"inner"}},"wdio_ui5_key":"applicationmanagepartners-display-component---NewPartner--partnerId"}]}
RESULT: {"script":"<script> [1562 bytes]","args":[{"selector":{"id":"application-managepartners-display-component---NewPartner--partnerId","interaction":{"idSuffix":"inner"}},"wdio_ui5_key":"applicationmanagepartners-display-component---NewPartner--partnerId"}]}
RESULT: undefined
COMMAND: POST /session/f7dda4deea86e37c44fc2a10a2b2b70a/execute/async - {"script":"<script> [1562 bytes]","args":[{"selector":{"id":"application-managepartners-display-component---NewPartner--addressDetailDetailsName1","interaction":{"idSuffix":"inner"}},"wdio_ui5_key":"applicationmanagepartners-display-component---NewPartner--addressDetailDetailsName1"}]}
RESULT: {"script":"<script> [1562 bytes]","args":[{"selector":{"id":"application-managepartners-display-component---NewPartner--addressDetailDetailsName1","interaction":{"idSuffix":"inner"}},"wdio_ui5_key":"applicationmanagepartners-display-component---NewPartner--addressDetailDetailsName1"}]}
RESULT: undefined
COMMAND: POST /session/f7dda4deea86e37c44fc2a10a2b2b70a/execute/async - {"script":"<script> [776 bytes]","args":[{"enterText":"WebdriverPartneribxbz","selector":{"id":"application-managepartners-display-component---NewPartner--addressDetailDetailsName1","interaction":{"idSuffix":"inner"}},"clearTextFirst":true,"interactionType":"ENTER_TEXT"}]}
RESULT: {"script":"<script> [776 bytes]","args":[{"enterText":"WebdriverPartneribxbz","selector":{"id":"application-managepartners-display-component---NewPartner--addressDetailDetailsName1","interaction":{"idSuffix":"inner"}},"clearTextFirst":true,"interactionType":"ENTER_TEXT"}]}
COMMAND: POST /session/f7dda4deea86e37c44fc2a10a2b2b70a/execute/async - {"script":"<script> [1562 bytes]","args":[{"selector":{"id":"application-managepartners-display-component---NewPartner--addressDetailDetailsLanguage","interaction":{"idSuffix":"inner"}},"wdio_ui5_key":"applicationmanagepartners-display-component---NewPartner--addressDetailDetailsLanguage"}]}
RESULT: {"script":"<script> [1562 bytes]","args":[{"selector":{"id":"application-managepartners-display-component---NewPartner--addressDetailDetailsLanguage","interaction":{"idSuffix":"inner"}},"wdio_ui5_key":"applicationmanagepartners-display-component---NewPartner--addressDetailDetailsLanguage"}]}
RESULT: undefined
COMMAND: POST /session/f7dda4deea86e37c44fc2a10a2b2b70a/execute/async - {"script":"<script> [776 bytes]","args":[{"enterText":"Romanian","selector":{"id":"application-managepartners-display-component---NewPartner--addressDetailDetailsLanguage","interaction":{"idSuffix":"inner"}},"clearTextFirst":true,"interactionType":"ENTER_TEXT"}]}
RESULT: {"script":"<script> [776 bytes]","args":[{"enterText":"Romanian","selector":{"id":"application-managepartners-display-component---NewPartner--addressDetailDetailsLanguage","interaction":{"idSuffix":"inner"}},"clearTextFirst":true,"interactionType":"ENTER_TEXT"}]}
COMMAND: POST /session/f7dda4deea86e37c44fc2a10a2b2b70a/element - {"using":"xpath","value":"//input[contains(@id ,\"application-managepartners-display-component---NewPartner--addressDetailDetailsName1-inner\")]"}
RESULT: {"using":"xpath","value":"//input[contains(@id ,\"application-managepartners-display-component---NewPartner--addressDetailDetailsName1-inner\")]"}
COMMAND: GET /session/f7dda4deea86e37c44fc2a10a2b2b70a/element/f.30820BDFF87FD38C1A457C97C4719E16.d.E6F3C111B3881D465680EB6583D53445.e.1366/property/value - {}
RESULT: {}
COMMAND: POST /session/f7dda4deea86e37c44fc2a10a2b2b70a/execute/async - {"script":"<script> [1562 bytes]","args":[{"selector":{"id":"application-managepartners-display-component---NewPartner--addressDetailDetailsCity1","interaction":{"idSuffix":"inner"}},"wdio_ui5_key":"applicationmanagepartners-display-component---NewPartner--addressDetailDetailsCity1"}]}
COMMAND: GET /session/f7dda4deea86e37c44fc2a10a2b2b70a/screenshot - {}
RESULT: {"script":"<script> [1562 bytes]","args":[{"selector":{"id":"application-managepartners-display-component---NewPartner--addressDetailDetailsCity1","interaction":{"idSuffix":"inner"}},"wdio_ui5_key":"applicationmanagepartners-display-component---NewPartner--addressDetailDetailsCity1"}]}
RESULT: undefined
COMMAND: POST /session/f7dda4deea86e37c44fc2a10a2b2b70a/execute/async - {"script":"<script> [776 bytes]","args":[{"enterText":"Bucharest","selector":{"id":"application-managepartners-display-component---NewPartner--addressDetailDetailsCity1","interaction":{"idSuffix":"inner"}},"clearTextFirst":true,"interactionType":"ENTER_TEXT"}]}
RESULT: {}
RESULT: {"script":"<script> [776 bytes]","args":[{"enterText":"Bucharest","selector":{"id":"application-managepartners-display-component---NewPartner--addressDetailDetailsCity1","interaction":{"idSuffix":"inner"}},"clearTextFirst":true,"interactionType":"ENTER_TEXT"}]}
COMMAND: POST /session/f7dda4deea86e37c44fc2a10a2b2b70a/execute/async - {"script":"<script> [1562 bytes]","args":[{"selector":{"id":"application-managepartners-display-component---NewPartner--addressDetailDetailsCountry","interaction":{"idSuffix":"inner"}},"wdio_ui5_key":"applicationmanagepartners-display-component---NewPartner--addressDetailDetailsCountry"}]}
RESULT: {"script":"<script> [1562 bytes]","args":[{"selector":{"id":"application-managepartners-display-component---NewPartner--addressDetailDetailsCountry","interaction":{"idSuffix":"inner"}},"wdio_ui5_key":"applicationmanagepartners-display-component---NewPartner--addressDetailDetailsCountry"}]}
RESULT: undefined
COMMAND: POST /session/f7dda4deea86e37c44fc2a10a2b2b70a/execute/async - {"script":"<script> [6424 bytes]","args":[{"element-6066-11e4-a52e-4f735466cecf":"f.30820BDFF87FD38C1A457C97C4719E16.d.E6F3C111B3881D465680EB6583D53445.e.1373"},"setValue",["Romania"]]}
RESULT: {"script":"<script> [6424 bytes]","args":[{"element-6066-11e4-a52e-4f735466cecf":"f.30820BDFF87FD38C1A457C97C4719E16.d.E6F3C111B3881D465680EB6583D53445.e.1373"},"setValue",["Romania"]]}
COMMAND: POST /session/f7dda4deea86e37c44fc2a10a2b2b70a/execute/async - {"script":"<script> [1562 bytes]","args":[{"selector":{"id":"application-managepartners-display-component---NewPartner--partnerDetailInternal","interaction":{"idSuffix":"inner"}},"wdio_ui5_key":"applicationmanagepartners-display-component---NewPartner--partnerDetailInternal"}]}
RESULT: {"script":"<script> [1562 bytes]","args":[{"selector":{"id":"application-managepartners-display-component---NewPartner--partnerDetailInternal","interaction":{"idSuffix":"inner"}},"wdio_ui5_key":"applicationmanagepartners-display-component---NewPartner--partnerDetailInternal"}]}
RESULT: undefined
COMMAND: POST /session/f7dda4deea86e37c44fc2a10a2b2b70a/execute/async - {"script":"<script> [776 bytes]","args":[{"enterText":"External partner","selector":{"id":"application-managepartners-display-component---NewPartner--partnerDetailInternal","interaction":{"idSuffix":"inner"}},"clearTextFirst":true,"interactionType":"ENTER_TEXT"}]}
RESULT: {"script":"<script> [776 bytes]","args":[{"enterText":"External partner","selector":{"id":"application-managepartners-display-component---NewPartner--partnerDetailInternal","interaction":{"idSuffix":"inner"}},"clearTextFirst":true,"interactionType":"ENTER_TEXT"}]}
COMMAND: POST /session/f7dda4deea86e37c44fc2a10a2b2b70a/execute/async - {"script":"<script> [1562 bytes]","args":[{"selector":{"id":"application-managepartners-display-component---NewPartner--partnerDetailsCurrency","interaction":{"idSuffix":"inner"}},"wdio_ui5_key":"applicationmanagepartners-display-component---NewPartner--partnerDetailsCurrency"}]}
RESULT: {"script":"<script> [1562 bytes]","args":[{"selector":{"id":"application-managepartners-display-component---NewPartner--partnerDetailsCurrency","interaction":{"idSuffix":"inner"}},"wdio_ui5_key":"applicationmanagepartners-display-component---NewPartner--partnerDetailsCurrency"}]}
RESULT: undefined
COMMAND: POST /session/f7dda4deea86e37c44fc2a10a2b2b70a/execute/async - {"script":"<script> [776 bytes]","args":[{"enterText":"Euro","selector":{"id":"application-managepartners-display-component---NewPartner--partnerDetailsCurrency","interaction":{"idSuffix":"inner"}},"clearTextFirst":true,"interactionType":"ENTER_TEXT"}]}
RESULT: {"script":"<script> [776 bytes]","args":[{"enterText":"Euro","selector":{"id":"application-managepartners-display-component---NewPartner--partnerDetailsCurrency","interaction":{"idSuffix":"inner"}},"clearTextFirst":true,"interactionType":"ENTER_TEXT"}]}
COMMAND: POST /session/f7dda4deea86e37c44fc2a10a2b2b70a/execute/async - {"script":"<script> [1562 bytes]","args":[{"selector":{"controlType":"sap.m.Button","viewName":"etm.portal.ui.managepartners.view.NewPartner","viewId":"application-managepartners-display-component---NewPartner","properties":{"text":"Commercial"},"interaction":{"idSuffix":"BDI-content"}},"wdio_ui5_key":"etmportal.ui.managepartners.view.NewPartnersap.m.Button{\"text\":\"Commercial\"}"}]}
RESULT: {"script":"<script> [1562 bytes]","args":[{"selector":{"controlType":"sap.m.Button","viewName":"etm.portal.ui.managepartners.view.NewPartner","viewId":"application-managepartners-display-component---NewPartner","properties":{"text":"Commercial"},"interaction":{"idSuffix":"BDI-content"}},"wdio_ui5_key":"etmportal.ui.managepartners.view.NewPartnersap.m.Button{\"text\":\"Commercial\"}"}]}
RESULT: undefined
COMMAND: POST /session/f7dda4deea86e37c44fc2a10a2b2b70a/element - {"using":"xpath","value":"//*[@id=\"application-managepartners-display-component---NewPartner--ObjectPageLayout-anchBar-__section5-anchor\"]"}
RESULT: {"using":"xpath","value":"//*[@id=\"application-managepartners-display-component---NewPartner--ObjectPageLayout-anchBar-__section5-anchor\"]"}
COMMAND: POST /session/f7dda4deea86e37c44fc2a10a2b2b70a/element/f.30820BDFF87FD38C1A457C97C4719E16.d.E6F3C111B3881D465680EB6583D53445.e.1586/click - {}
RESULT: {}
COMMAND: GET /session/f7dda4deea86e37c44fc2a10a2b2b70a/screenshot - {}
RESULT: {}
COMMAND: POST /session/f7dda4deea86e37c44fc2a10a2b2b70a/execute/async - {"script":"<script> [1562 bytes]","args":[{"selector":{"id":"application-managepartners-display-component---NewPartner--btnAddTableRow-img"},"wdio_ui5_key":"applicationmanagepartners-display-component---NewPartner--btnAddTableRow-img"}]}
RESULT: {"script":"<script> [1562 bytes]","args":[{"selector":{"id":"application-managepartners-display-component---NewPartner--btnAddTableRow-img"},"wdio_ui5_key":"applicationmanagepartners-display-component---NewPartner--btnAddTableRow-img"}]}
RESULT: undefined
COMMAND: POST /session/f7dda4deea86e37c44fc2a10a2b2b70a/element - {"using":"xpath","value":"//*[@id=\"application-managepartners-display-component---NewPartner--btnAddTableRow-img\"]"}
RESULT: {"using":"xpath","value":"//*[@id=\"application-managepartners-display-component---NewPartner--btnAddTableRow-img\"]"}
COMMAND: POST /session/f7dda4deea86e37c44fc2a10a2b2b70a/element/f.30820BDFF87FD38C1A457C97C4719E16.d.E6F3C111B3881D465680EB6583D53445.e.1592/click - {}
RESULT: {}
COMMAND: POST /session/f7dda4deea86e37c44fc2a10a2b2b70a/element - {"using":"xpath","value":"//input[contains(@id ,\"application-managepartners-display-component---NewPartner--assignmentYard-application-managepartners-display-component---NewPartner\")]"}
COMMAND: GET /session/f7dda4deea86e37c44fc2a10a2b2b70a/screenshot - {}
RESULT: {"using":"xpath","value":"//input[contains(@id ,\"application-managepartners-display-component---NewPartner--assignmentYard-application-managepartners-display-component---NewPartner\")]"}
COMMAND: POST /session/f7dda4deea86e37c44fc2a10a2b2b70a/element/f.30820BDFF87FD38C1A457C97C4719E16.d.E6F3C111B3881D465680EB6583D53445.e.1596/clear - {}
RESULT: {}
RESULT: {}
COMMAND: POST /session/f7dda4deea86e37c44fc2a10a2b2b70a/element/f.30820BDFF87FD38C1A457C97C4719E16.d.E6F3C111B3881D465680EB6583D53445.e.1596/value - {"text":"WebdriverYard3mpceg"}
COMMAND: GET /session/f7dda4deea86e37c44fc2a10a2b2b70a/screenshot - {}
RESULT: {"text":"WebdriverYard3mpceg"}
COMMAND: GET /session/f7dda4deea86e37c44fc2a10a2b2b70a/screenshot - {}
RESULT: {}
RESULT: {}
COMMAND: POST /session/f7dda4deea86e37c44fc2a10a2b2b70a/execute/async - {"script":"<script> [1562 bytes]","args":[{"selector":{"controlType":"sap.m.Button","viewName":"etm.portal.ui.managepartners.view.NewPartner","viewId":"application-managepartners-display-component---NewPartner","i18NText":{"propertyName":"text","key":"save"},"interaction":{"idSuffix":"BDI-content"}},"wdio_ui5_key":"etmportal.ui.managepartners.view.NewPartnersap.m.Button{\"propertyName\":\"text\",\"key\":\"save\"}"}]}
RESULT: {"script":"<script> [1562 bytes]","args":[{"selector":{"controlType":"sap.m.Button","viewName":"etm.portal.ui.managepartners.view.NewPartner","viewId":"application-managepartners-display-component---NewPartner","i18NText":{"propertyName":"text","key":"save"},"interaction":{"idSuffix":"BDI-content"}},"wdio_ui5_key":"etmportal.ui.managepartners.view.NewPartnersap.m.Button{\"propertyName\":\"text\",\"key\":\"save\"}"}]}
RESULT: undefined
COMMAND: POST /session/f7dda4deea86e37c44fc2a10a2b2b70a/element - {"using":"xpath","value":"//*[@id=\"__button12\"]"}
RESULT: {"using":"xpath","value":"//*[@id=\"__button12\"]"}
COMMAND: POST /session/f7dda4deea86e37c44fc2a10a2b2b70a/element/f.30820BDFF87FD38C1A457C97C4719E16.d.E6F3C111B3881D465680EB6583D53445.e.1563/click - {}
RESULT: {}
COMMAND: GET /session/f7dda4deea86e37c44fc2a10a2b2b70a/screenshot - {}
RESULT: {}
COMMAND: POST /session/f7dda4deea86e37c44fc2a10a2b2b70a/element - {"using":"xpath","value":"//header/div/div[2]/div[2]/span"}
RESULT: {"using":"xpath","value":"//header/div/div[2]/div[2]/span"}
COMMAND: GET /session/f7dda4deea86e37c44fc2a10a2b2b70a/element/f.30820BDFF87FD38C1A457C97C4719E16.d.E6F3C111B3881D465680EB6583D53445.e.1731/text - {}
RESULT: {}
COMMAND: POST /session/f7dda4deea86e37c44fc2a10a2b2b70a/element - {"using":"xpath","value":"//header/div/div/div/div/div/div[2]/div/span"}
RESULT: {"using":"xpath","value":"//header/div/div/div/div/div/div[2]/div/span"}
COMMAND: GET /session/f7dda4deea86e37c44fc2a10a2b2b70a/element/f.30820BDFF87FD38C1A457C97C4719E16.d.E6F3C111B3881D465680EB6583D53445.e.1732/text - {}
RESULT: {}
COMMAND: POST /session/f7dda4deea86e37c44fc2a10a2b2b70a/execute/async - {"script":"<script> [1562 bytes]","args":[{"selector":{"id":"application-managepartners-display-component---detailPtm--partnerType"},"wdio_ui5_key":"applicationmanagepartners-display-component---detailPtm--partnerType"}]}
RESULT: {"script":"<script> [1562 bytes]","args":[{"selector":{"id":"application-managepartners-display-component---detailPtm--partnerType"},"wdio_ui5_key":"applicationmanagepartners-display-component---detailPtm--partnerType"}]}
RESULT: undefined
COMMAND: POST /session/f7dda4deea86e37c44fc2a10a2b2b70a/execute/async - {"script":"<script> [6424 bytes]","args":[{"element-6066-11e4-a52e-4f735466cecf":"f.30820BDFF87FD38C1A457C97C4719E16.d.E6F3C111B3881D465680EB6583D53445.e.1733"},"getText",[]]}
RESULT: {"script":"<script> [6424 bytes]","args":[{"element-6066-11e4-a52e-4f735466cecf":"f.30820BDFF87FD38C1A457C97C4719E16.d.E6F3C111B3881D465680EB6583D53445.e.1733"},"getText",[]]}
COMMAND: POST /session/f7dda4deea86e37c44fc2a10a2b2b70a/element - {"using":"css selector","value":"#shell-header-logo"}
RESULT: {"using":"css selector","value":"#shell-header-logo"}
COMMAND: POST /session/f7dda4deea86e37c44fc2a10a2b2b70a/element/f.30820BDFF87FD38C1A457C97C4719E16.d.E6F3C111B3881D465680EB6583D53445.e.1177/click - {}
RESULT: {}
COMMAND: GET /session/f7dda4deea86e37c44fc2a10a2b2b70a/screenshot - {}
RESULT: {}
]]></system-out>
    </testcase>
    <testcase classname="chrome.136_0_7103_93.windows.Manage_Requests_Tags_Tests_US120163" name="Should create a new site" time="115.48">
      <system-out><![CDATA[
COMMAND: POST /session/f7dda4deea86e37c44fc2a10a2b2b70a/execute/async - {"script":"<script> [1562 bytes]","args":[{"selector":{"controlType":"sap.m.GenericTile","properties":{"header":"Manage Sites"}},"wdio_ui5_key":"sapm.GenericTile{\"header\":\"Manage Sites\"}"}]}
RESULT: {"script":"<script> [1562 bytes]","args":[{"selector":{"controlType":"sap.m.GenericTile","properties":{"header":"Manage Sites"}},"wdio_ui5_key":"sapm.GenericTile{\"header\":\"Manage Sites\"}"}]}
RESULT: undefined
COMMAND: POST /session/f7dda4deea86e37c44fc2a10a2b2b70a/element - {"using":"xpath","value":"//*[@id=\"__tile40\"]"}
RESULT: {"using":"xpath","value":"//*[@id=\"__tile40\"]"}
COMMAND: POST /session/f7dda4deea86e37c44fc2a10a2b2b70a/element/f.30820BDFF87FD38C1A457C97C4719E16.d.E6F3C111B3881D465680EB6583D53445.e.1735/click - {}
RESULT: {}
COMMAND: GET /session/f7dda4deea86e37c44fc2a10a2b2b70a/screenshot - {}
RESULT: {}
COMMAND: POST /session/f7dda4deea86e37c44fc2a10a2b2b70a/elements - {"using":"xpath","value":"//span[text()='Error']"}
RESULT: {"using":"xpath","value":"//span[text()='Error']"}
COMMAND: POST /session/f7dda4deea86e37c44fc2a10a2b2b70a/execute/async - {"script":"<script> [1562 bytes]","args":[{"selector":{"controlType":"sap.ui.core.Icon","viewName":"etm.portal.ui.managesites.view.Master","viewId":"application-managesites-display-component---masterSite","properties":{"src":{"regex":{"source":"add"}}}},"wdio_ui5_key":"etmportal.ui.managesites.view.Mastersap.ui.core.Icon{\"src\":{\"regex\":{\"source\":\"add\"}}}"}]}
RESULT: {"script":"<script> [1562 bytes]","args":[{"selector":{"controlType":"sap.ui.core.Icon","viewName":"etm.portal.ui.managesites.view.Master","viewId":"application-managesites-display-component---masterSite","properties":{"src":{"regex":{"source":"add"}}}},"wdio_ui5_key":"etmportal.ui.managesites.view.Mastersap.ui.core.Icon{\"src\":{\"regex\":{\"source\":\"add\"}}}"}]}
RESULT: undefined
COMMAND: POST /session/f7dda4deea86e37c44fc2a10a2b2b70a/element - {"using":"xpath","value":"//*[@id=\"__button52-img\"]"}
RESULT: {"using":"xpath","value":"//*[@id=\"__button52-img\"]"}
COMMAND: POST /session/f7dda4deea86e37c44fc2a10a2b2b70a/element/f.30820BDFF87FD38C1A457C97C4719E16.d.E6F3C111B3881D465680EB6583D53445.e.1784/click - {}
RESULT: {}
COMMAND: POST /session/f7dda4deea86e37c44fc2a10a2b2b70a/execute/async - {"script":"<script> [1562 bytes]","args":[{"selector":{"id":"application-managesites-display-component---NewSite--siteId","interaction":{"idSuffix":"inner"}},"wdio_ui5_key":"applicationmanagesites-display-component---NewSite--siteId"}]}
COMMAND: GET /session/f7dda4deea86e37c44fc2a10a2b2b70a/screenshot - {}
RESULT: {"script":"<script> [1562 bytes]","args":[{"selector":{"id":"application-managesites-display-component---NewSite--siteId","interaction":{"idSuffix":"inner"}},"wdio_ui5_key":"applicationmanagesites-display-component---NewSite--siteId"}]}
RESULT: undefined
COMMAND: POST /session/f7dda4deea86e37c44fc2a10a2b2b70a/execute/async - {"script":"<script> [1562 bytes]","args":[{"selector":{"id":"application-managesites-display-component---NewSite--addressDetailDetailsName1","interaction":{"idSuffix":"inner"}},"wdio_ui5_key":"applicationmanagesites-display-component---NewSite--addressDetailDetailsName1"}]}
RESULT: {}
RESULT: {"script":"<script> [1562 bytes]","args":[{"selector":{"id":"application-managesites-display-component---NewSite--addressDetailDetailsName1","interaction":{"idSuffix":"inner"}},"wdio_ui5_key":"applicationmanagesites-display-component---NewSite--addressDetailDetailsName1"}]}
RESULT: undefined
COMMAND: POST /session/f7dda4deea86e37c44fc2a10a2b2b70a/execute/async - {"script":"<script> [776 bytes]","args":[{"enterText":"WebdriverSiten0blx","selector":{"id":"application-managesites-display-component---NewSite--addressDetailDetailsName1","interaction":{"idSuffix":"inner"}},"clearTextFirst":true,"interactionType":"ENTER_TEXT"}]}
RESULT: {"script":"<script> [776 bytes]","args":[{"enterText":"WebdriverSiten0blx","selector":{"id":"application-managesites-display-component---NewSite--addressDetailDetailsName1","interaction":{"idSuffix":"inner"}},"clearTextFirst":true,"interactionType":"ENTER_TEXT"}]}
COMMAND: POST /session/f7dda4deea86e37c44fc2a10a2b2b70a/execute/async - {"script":"<script> [1562 bytes]","args":[{"selector":{"id":"application-managesites-display-component---NewSite--addressDetailDetailsLanguage","interaction":{"idSuffix":"inner"}},"wdio_ui5_key":"applicationmanagesites-display-component---NewSite--addressDetailDetailsLanguage"}]}
RESULT: {"script":"<script> [1562 bytes]","args":[{"selector":{"id":"application-managesites-display-component---NewSite--addressDetailDetailsLanguage","interaction":{"idSuffix":"inner"}},"wdio_ui5_key":"applicationmanagesites-display-component---NewSite--addressDetailDetailsLanguage"}]}
RESULT: undefined
COMMAND: POST /session/f7dda4deea86e37c44fc2a10a2b2b70a/execute/async - {"script":"<script> [776 bytes]","args":[{"enterText":"Romanian","selector":{"id":"application-managesites-display-component---NewSite--addressDetailDetailsLanguage","interaction":{"idSuffix":"inner"}},"clearTextFirst":true,"interactionType":"ENTER_TEXT"}]}
RESULT: {"script":"<script> [776 bytes]","args":[{"enterText":"Romanian","selector":{"id":"application-managesites-display-component---NewSite--addressDetailDetailsLanguage","interaction":{"idSuffix":"inner"}},"clearTextFirst":true,"interactionType":"ENTER_TEXT"}]}
COMMAND: POST /session/f7dda4deea86e37c44fc2a10a2b2b70a/execute/async - {"script":"<script> [1562 bytes]","args":[{"selector":{"id":"application-managesites-display-component---NewSite--addressDetailDetailsCity1","interaction":{"idSuffix":"inner"}},"wdio_ui5_key":"applicationmanagesites-display-component---NewSite--addressDetailDetailsCity1"}]}
RESULT: {"script":"<script> [1562 bytes]","args":[{"selector":{"id":"application-managesites-display-component---NewSite--addressDetailDetailsCity1","interaction":{"idSuffix":"inner"}},"wdio_ui5_key":"applicationmanagesites-display-component---NewSite--addressDetailDetailsCity1"}]}
RESULT: undefined
COMMAND: POST /session/f7dda4deea86e37c44fc2a10a2b2b70a/execute/async - {"script":"<script> [776 bytes]","args":[{"enterText":"Bucharest","selector":{"id":"application-managesites-display-component---NewSite--addressDetailDetailsCity1","interaction":{"idSuffix":"inner"}},"clearTextFirst":true,"interactionType":"ENTER_TEXT"}]}
RESULT: {"script":"<script> [776 bytes]","args":[{"enterText":"Bucharest","selector":{"id":"application-managesites-display-component---NewSite--addressDetailDetailsCity1","interaction":{"idSuffix":"inner"}},"clearTextFirst":true,"interactionType":"ENTER_TEXT"}]}
COMMAND: POST /session/f7dda4deea86e37c44fc2a10a2b2b70a/execute/async - {"script":"<script> [1562 bytes]","args":[{"selector":{"id":"application-managesites-display-component---NewSite--addressDetailDetailsCountry","interaction":{"idSuffix":"inner"}},"wdio_ui5_key":"applicationmanagesites-display-component---NewSite--addressDetailDetailsCountry"}]}
RESULT: {"script":"<script> [1562 bytes]","args":[{"selector":{"id":"application-managesites-display-component---NewSite--addressDetailDetailsCountry","interaction":{"idSuffix":"inner"}},"wdio_ui5_key":"applicationmanagesites-display-component---NewSite--addressDetailDetailsCountry"}]}
RESULT: undefined
COMMAND: POST /session/f7dda4deea86e37c44fc2a10a2b2b70a/execute/async - {"script":"<script> [776 bytes]","args":[{"enterText":"Romania","selector":{"id":"application-managesites-display-component---NewSite--addressDetailDetailsCountry","interaction":{"idSuffix":"inner"}},"clearTextFirst":true,"interactionType":"ENTER_TEXT"}]}
RESULT: {"script":"<script> [776 bytes]","args":[{"enterText":"Romania","selector":{"id":"application-managesites-display-component---NewSite--addressDetailDetailsCountry","interaction":{"idSuffix":"inner"}},"clearTextFirst":true,"interactionType":"ENTER_TEXT"}]}
COMMAND: POST /session/f7dda4deea86e37c44fc2a10a2b2b70a/element - {"using":"css selector","value":"#application-managesites-display-component---NewSite--addressDetailDetailsCalendar-inner"}
RESULT: {"using":"css selector","value":"#application-managesites-display-component---NewSite--addressDetailDetailsCalendar-inner"}
COMMAND: POST /session/f7dda4deea86e37c44fc2a10a2b2b70a/element/f.30820BDFF87FD38C1A457C97C4719E16.d.E6F3C111B3881D465680EB6583D53445.e.2002/clear - {}
RESULT: {}
COMMAND: POST /session/f7dda4deea86e37c44fc2a10a2b2b70a/element/f.30820BDFF87FD38C1A457C97C4719E16.d.E6F3C111B3881D465680EB6583D53445.e.2002/value - {"text":"Germany"}
COMMAND: GET /session/f7dda4deea86e37c44fc2a10a2b2b70a/screenshot - {}
RESULT: {"text":"Germany"}
COMMAND: POST /session/f7dda4deea86e37c44fc2a10a2b2b70a/execute/async - {"script":"<script> [1562 bytes]","args":[{"selector":{"id":"application-managesites-display-component---NewSite--addressEditDetailsCostObjectCstType-arrow"},"wdio_ui5_key":"applicationmanagesites-display-component---NewSite--addressEditDetailsCostObjectCstType-arrow"}]}
COMMAND: GET /session/f7dda4deea86e37c44fc2a10a2b2b70a/screenshot - {}
RESULT: {}
RESULT: {"script":"<script> [1562 bytes]","args":[{"selector":{"id":"application-managesites-display-component---NewSite--addressEditDetailsCostObjectCstType-arrow"},"wdio_ui5_key":"applicationmanagesites-display-component---NewSite--addressEditDetailsCostObjectCstType-arrow"}]}
RESULT: undefined
COMMAND: POST /session/f7dda4deea86e37c44fc2a10a2b2b70a/element - {"using":"xpath","value":"//*[@id=\"application-managesites-display-component---NewSite--addressEditDetailsCostObjectCstType-arrow\"]"}
RESULT: {}
RESULT: {"using":"xpath","value":"//*[@id=\"application-managesites-display-component---NewSite--addressEditDetailsCostObjectCstType-arrow\"]"}
COMMAND: POST /session/f7dda4deea86e37c44fc2a10a2b2b70a/element/f.30820BDFF87FD38C1A457C97C4719E16.d.E6F3C111B3881D465680EB6583D53445.e.2121/click - {}
RESULT: {}
COMMAND: POST /session/f7dda4deea86e37c44fc2a10a2b2b70a/element - {"using":"xpath","value":"//span[contains(text(), \"Work Breakdown Structure\")]"}
COMMAND: GET /session/f7dda4deea86e37c44fc2a10a2b2b70a/screenshot - {}
RESULT: {"using":"xpath","value":"//span[contains(text(), \"Work Breakdown Structure\")]"}
COMMAND: POST /session/f7dda4deea86e37c44fc2a10a2b2b70a/element/f.30820BDFF87FD38C1A457C97C4719E16.d.E6F3C111B3881D465680EB6583D53445.e.2122/click - {}
RESULT: {}
RESULT: {}
COMMAND: GET /session/f7dda4deea86e37c44fc2a10a2b2b70a/screenshot - {}
RESULT: {}
COMMAND: POST /session/f7dda4deea86e37c44fc2a10a2b2b70a/execute/async - {"script":"<script> [1562 bytes]","args":[{"selector":{"id":"application-managesites-display-component---NewSite--addressNewCostObjectCstID-vhi"},"wdio_ui5_key":"applicationmanagesites-display-component---NewSite--addressNewCostObjectCstID-vhi"}]}
RESULT: {"script":"<script> [1562 bytes]","args":[{"selector":{"id":"application-managesites-display-component---NewSite--addressNewCostObjectCstID-vhi"},"wdio_ui5_key":"applicationmanagesites-display-component---NewSite--addressNewCostObjectCstID-vhi"}]}
RESULT: undefined
COMMAND: POST /session/f7dda4deea86e37c44fc2a10a2b2b70a/element - {"using":"xpath","value":"//*[@id=\"application-managesites-display-component---NewSite--addressNewCostObjectCstID-vhi\"]"}
RESULT: {"using":"xpath","value":"//*[@id=\"application-managesites-display-component---NewSite--addressNewCostObjectCstID-vhi\"]"}
COMMAND: POST /session/f7dda4deea86e37c44fc2a10a2b2b70a/element/f.30820BDFF87FD38C1A457C97C4719E16.d.E6F3C111B3881D465680EB6583D53445.e.2127/click - {}
RESULT: {}
COMMAND: GET /session/f7dda4deea86e37c44fc2a10a2b2b70a/screenshot - {}
RESULT: {}
COMMAND: POST /session/f7dda4deea86e37c44fc2a10a2b2b70a/execute/async - {"script":"<script> [1562 bytes]","args":[{"selector":{"controlType":"sap.m.SearchField","properties":{"placeholder":"Search"},"searchOpenDialogs":true,"interaction":{"idSuffix":"I"}},"wdio_ui5_key":"sapm.SearchField{\"placeholder\":\"Search\"}"}]}
RESULT: {"script":"<script> [1562 bytes]","args":[{"selector":{"controlType":"sap.m.SearchField","properties":{"placeholder":"Search"},"searchOpenDialogs":true,"interaction":{"idSuffix":"I"}},"wdio_ui5_key":"sapm.SearchField{\"placeholder\":\"Search\"}"}]}
RESULT: undefined
COMMAND: POST /session/f7dda4deea86e37c44fc2a10a2b2b70a/execute/async - {"script":"<script> [776 bytes]","args":[{"enterText":"A1-000100-01","selector":{"controlType":"sap.m.SearchField","properties":{"placeholder":"Search"},"searchOpenDialogs":true,"interaction":{"idSuffix":"I"}},"clearTextFirst":true,"interactionType":"ENTER_TEXT"}]}
RESULT: {"script":"<script> [776 bytes]","args":[{"enterText":"A1-000100-01","selector":{"controlType":"sap.m.SearchField","properties":{"placeholder":"Search"},"searchOpenDialogs":true,"interaction":{"idSuffix":"I"}},"clearTextFirst":true,"interactionType":"ENTER_TEXT"}]}
COMMAND: POST /session/f7dda4deea86e37c44fc2a10a2b2b70a/actions - {"actions":[{"id":"action3","type":"key","parameters":{},"actions":[{"type":"keyDown","value":""},{"type":"pause","duration":10},{"type":"keyUp","value":""}]}]}
RESULT: {"actions":[{"id":"action3","type":"key","parameters":{},"actions":[{"type":"keyDown","value":""},{"type":"pause","duration":10},{"type":"keyUp","value":""}]}]}
COMMAND: GET /session/f7dda4deea86e37c44fc2a10a2b2b70a/screenshot - {}
RESULT: {}
COMMAND: POST /session/f7dda4deea86e37c44fc2a10a2b2b70a/element - {"using":"xpath","value":"//span[contains(text(), \"Template for ETO-Process\")]"}
RESULT: {"using":"xpath","value":"//span[contains(text(), \"Template for ETO-Process\")]"}
COMMAND: POST /session/f7dda4deea86e37c44fc2a10a2b2b70a/element/f.30820BDFF87FD38C1A457C97C4719E16.d.E6F3C111B3881D465680EB6583D53445.e.2147/click - {}
RESULT: {}
COMMAND: GET /session/f7dda4deea86e37c44fc2a10a2b2b70a/screenshot - {}
RESULT: {}
COMMAND: POST /session/f7dda4deea86e37c44fc2a10a2b2b70a/element - {"using":"xpath","value":"//bdi[contains(text(), \"OK\")]"}
RESULT: {"using":"xpath","value":"//bdi[contains(text(), \"OK\")]"}
COMMAND: POST /session/f7dda4deea86e37c44fc2a10a2b2b70a/element/f.30820BDFF87FD38C1A457C97C4719E16.d.E6F3C111B3881D465680EB6583D53445.e.2148/click - {}
RESULT: {}
COMMAND: GET /session/f7dda4deea86e37c44fc2a10a2b2b70a/screenshot - {}
RESULT: {}
COMMAND: POST /session/f7dda4deea86e37c44fc2a10a2b2b70a/element - {"using":"xpath","value":"//input[@id=\"application-managesites-display-component---NewSite--addressDetailDetailsYard-inner\"]"}
RESULT: {"using":"xpath","value":"//input[@id=\"application-managesites-display-component---NewSite--addressDetailDetailsYard-inner\"]"}
COMMAND: POST /session/f7dda4deea86e37c44fc2a10a2b2b70a/element/f.30820BDFF87FD38C1A457C97C4719E16.d.E6F3C111B3881D465680EB6583D53445.e.2003/value - {"text":"WebdriverYard3mpceg"}
RESULT: {"text":"WebdriverYard3mpceg"}
COMMAND: GET /session/f7dda4deea86e37c44fc2a10a2b2b70a/screenshot - {}
RESULT: {}
COMMAND: POST /session/f7dda4deea86e37c44fc2a10a2b2b70a/actions - {"actions":[{"id":"action4","type":"key","parameters":{},"actions":[{"type":"keyDown","value":""},{"type":"pause","duration":10},{"type":"keyUp","value":""}]}]}
RESULT: {"actions":[{"id":"action4","type":"key","parameters":{},"actions":[{"type":"keyDown","value":""},{"type":"pause","duration":10},{"type":"keyUp","value":""}]}]}
COMMAND: GET /session/f7dda4deea86e37c44fc2a10a2b2b70a/screenshot - {}
RESULT: {}
COMMAND: POST /session/f7dda4deea86e37c44fc2a10a2b2b70a/element - {"using":"xpath","value":"//input[@id=\"application-managesites-display-component---NewSite--addressDetailDetailsPartner-inner\"]"}
RESULT: {"using":"xpath","value":"//input[@id=\"application-managesites-display-component---NewSite--addressDetailDetailsPartner-inner\"]"}
COMMAND: POST /session/f7dda4deea86e37c44fc2a10a2b2b70a/elements - {"using":"xpath","value":"//input[@id=\"application-managesites-display-component---NewSite--addressDetailDetailsPartner-inner\"]"}
RESULT: {"using":"xpath","value":"//input[@id=\"application-managesites-display-component---NewSite--addressDetailDetailsPartner-inner\"]"}
COMMAND: POST /session/f7dda4deea86e37c44fc2a10a2b2b70a/execute/async - {"script":"<script> [1562 bytes]","args":[{"selector":{"controlType":"sap.m.Button","viewName":"etm.portal.ui.managesites.view.NewSmartSite","viewId":"application-managesites-display-component---NewSite","properties":{"text":"Commercial"},"interaction":{"idSuffix":"BDI-content"}},"wdio_ui5_key":"etmportal.ui.managesites.view.NewSmartSitesap.m.Button{\"text\":\"Commercial\"}"}]}
RESULT: {"script":"<script> [1562 bytes]","args":[{"selector":{"controlType":"sap.m.Button","viewName":"etm.portal.ui.managesites.view.NewSmartSite","viewId":"application-managesites-display-component---NewSite","properties":{"text":"Commercial"},"interaction":{"idSuffix":"BDI-content"}},"wdio_ui5_key":"etmportal.ui.managesites.view.NewSmartSitesap.m.Button{\"text\":\"Commercial\"}"}]}
RESULT: undefined
COMMAND: POST /session/f7dda4deea86e37c44fc2a10a2b2b70a/element - {"using":"xpath","value":"//*[@id=\"application-managesites-display-component---NewSite--ObjectPageLayout-anchBar-__section31-anchor\"]"}
RESULT: {"using":"xpath","value":"//*[@id=\"application-managesites-display-component---NewSite--ObjectPageLayout-anchBar-__section31-anchor\"]"}
COMMAND: POST /session/f7dda4deea86e37c44fc2a10a2b2b70a/element/f.30820BDFF87FD38C1A457C97C4719E16.d.E6F3C111B3881D465680EB6583D53445.e.2176/click - {}
RESULT: {}
COMMAND: POST /session/f7dda4deea86e37c44fc2a10a2b2b70a/execute/async - {"script":"<script> [1562 bytes]","args":[{"selector":{"controlType":"sap.m.Button","viewName":"etm.portal.ui.managesites.view.NewSmartSite","viewId":"application-managesites-display-component---NewSite","i18NText":{"propertyName":"text","key":"save"},"interaction":{"idSuffix":"BDI-content"}},"wdio_ui5_key":"etmportal.ui.managesites.view.NewSmartSitesap.m.Button{\"propertyName\":\"text\",\"key\":\"save\"}"}]}
COMMAND: GET /session/f7dda4deea86e37c44fc2a10a2b2b70a/screenshot - {}
RESULT: {"script":"<script> [1562 bytes]","args":[{"selector":{"controlType":"sap.m.Button","viewName":"etm.portal.ui.managesites.view.NewSmartSite","viewId":"application-managesites-display-component---NewSite","i18NText":{"propertyName":"text","key":"save"},"interaction":{"idSuffix":"BDI-content"}},"wdio_ui5_key":"etmportal.ui.managesites.view.NewSmartSitesap.m.Button{\"propertyName\":\"text\",\"key\":\"save\"}"}]}
RESULT: undefined
COMMAND: POST /session/f7dda4deea86e37c44fc2a10a2b2b70a/element - {"using":"xpath","value":"//*[@id=\"__button64\"]"}
RESULT: {}
RESULT: {"using":"xpath","value":"//*[@id=\"__button64\"]"}
COMMAND: POST /session/f7dda4deea86e37c44fc2a10a2b2b70a/element/f.30820BDFF87FD38C1A457C97C4719E16.d.E6F3C111B3881D465680EB6583D53445.e.2097/click - {}
RESULT: {}
COMMAND: GET /session/f7dda4deea86e37c44fc2a10a2b2b70a/screenshot - {}
RESULT: {}
COMMAND: POST /session/f7dda4deea86e37c44fc2a10a2b2b70a/execute/async - {"script":"<script> [1562 bytes]","args":[{"selector":{"id":"application-managesites-display-component---detailSite--addressDetailDetailsYardText"},"wdio_ui5_key":"applicationmanagesites-display-component---detailSite--addressDetailDetailsYardText"}]}
RESULT: {"script":"<script> [1562 bytes]","args":[{"selector":{"id":"application-managesites-display-component---detailSite--addressDetailDetailsYardText"},"wdio_ui5_key":"applicationmanagesites-display-component---detailSite--addressDetailDetailsYardText"}]}
RESULT: undefined
COMMAND: POST /session/f7dda4deea86e37c44fc2a10a2b2b70a/element - {"using":"xpath","value":"//header/div/div[2]/div[2]/span"}
RESULT: {"using":"xpath","value":"//header/div/div[2]/div[2]/span"}
COMMAND: GET /session/f7dda4deea86e37c44fc2a10a2b2b70a/element/f.30820BDFF87FD38C1A457C97C4719E16.d.E6F3C111B3881D465680EB6583D53445.e.2357/text - {}
RESULT: {}
COMMAND: POST /session/f7dda4deea86e37c44fc2a10a2b2b70a/element - {"using":"xpath","value":"//header/div/div/div/div/div/div[2]/div/span"}
RESULT: {"using":"xpath","value":"//header/div/div/div/div/div/div[2]/div/span"}
COMMAND: GET /session/f7dda4deea86e37c44fc2a10a2b2b70a/element/f.30820BDFF87FD38C1A457C97C4719E16.d.E6F3C111B3881D465680EB6583D53445.e.2358/text - {}
RESULT: {}
COMMAND: POST /session/f7dda4deea86e37c44fc2a10a2b2b70a/element - {"using":"css selector","value":"#shell-header-logo"}
RESULT: {"using":"css selector","value":"#shell-header-logo"}
COMMAND: POST /session/f7dda4deea86e37c44fc2a10a2b2b70a/element/f.30820BDFF87FD38C1A457C97C4719E16.d.E6F3C111B3881D465680EB6583D53445.e.1740/click - {}
RESULT: {}
COMMAND: GET /session/f7dda4deea86e37c44fc2a10a2b2b70a/screenshot - {}
RESULT: {}
]]></system-out>
    </testcase>
    <testcase classname="chrome.136_0_7103_93.windows.Manage_Requests_Tags_Tests_US120163" name="Should Create New Request Tags" time="222.727">
      <system-out><![CDATA[
COMMAND: POST /session/f7dda4deea86e37c44fc2a10a2b2b70a/execute/async - {"script":"<script> [1562 bytes]","args":[{"selector":{"controlType":"sap.m.GenericTile","properties":{"header":"Manage Requests"}},"wdio_ui5_key":"sapm.GenericTile{\"header\":\"Manage Requests\"}"}]}
RESULT: {"script":"<script> [1562 bytes]","args":[{"selector":{"controlType":"sap.m.GenericTile","properties":{"header":"Manage Requests"}},"wdio_ui5_key":"sapm.GenericTile{\"header\":\"Manage Requests\"}"}]}
RESULT: undefined
COMMAND: POST /session/f7dda4deea86e37c44fc2a10a2b2b70a/element - {"using":"xpath","value":"//*[@id=\"__tile47\"]"}
RESULT: {"using":"xpath","value":"//*[@id=\"__tile47\"]"}
COMMAND: POST /session/f7dda4deea86e37c44fc2a10a2b2b70a/element/f.30820BDFF87FD38C1A457C97C4719E16.d.E6F3C111B3881D465680EB6583D53445.e.2360/click - {}
RESULT: {}
COMMAND: GET /session/f7dda4deea86e37c44fc2a10a2b2b70a/screenshot - {}
RESULT: {}
COMMAND: POST /session/f7dda4deea86e37c44fc2a10a2b2b70a/elements - {"using":"xpath","value":"//span[text()='Error']"}
RESULT: {"using":"xpath","value":"//span[text()='Error']"}
COMMAND: POST /session/f7dda4deea86e37c44fc2a10a2b2b70a/element - {"using":"xpath","value":"//button[contains(@data-kt ,\"btnCreateNewOverflowToolbarButton\")]"}
COMMAND: POST /session/f7dda4deea86e37c44fc2a10a2b2b70a/element - {"using":"xpath","value":"(//span[contains(@class ,\"sapMObjStatusText\")])[1]"}
RESULT: {"using":"xpath","value":"//button[contains(@data-kt ,\"btnCreateNewOverflowToolbarButton\")]"}
COMMAND: POST /session/f7dda4deea86e37c44fc2a10a2b2b70a/element/f.30820BDFF87FD38C1A457C97C4719E16.d.E6F3C111B3881D465680EB6583D53445.e.2417/click - {}
RESULT: {"using":"xpath","value":"(//span[contains(@class ,\"sapMObjStatusText\")])[1]"}
COMMAND: POST /session/f7dda4deea86e37c44fc2a10a2b2b70a/execute/sync - {"script":"<script> [8489 bytes]","args":[{"element-6066-11e4-a52e-4f735466cecf":"f.30820BDFF87FD38C1A457C97C4719E16.d.E6F3C111B3881D465680EB6583D53445.e.2453","ELEMENT":"f.30820BDFF87FD38C1A457C97C4719E16.d.E6F3C111B3881D465680EB6583D53445.e.2453"}]}
RESULT: {}
COMMAND: GET /session/f7dda4deea86e37c44fc2a10a2b2b70a/screenshot - {}
RESULT: {"script":"<script> [8489 bytes]","args":[{"element-6066-11e4-a52e-4f735466cecf":"f.30820BDFF87FD38C1A457C97C4719E16.d.E6F3C111B3881D465680EB6583D53445.e.2453","ELEMENT":"f.30820BDFF87FD38C1A457C97C4719E16.d.E6F3C111B3881D465680EB6583D53445.e.2453"}]}
COMMAND: GET /session/f7dda4deea86e37c44fc2a10a2b2b70a/screenshot - {}
RESULT: {}
RESULT: {}
COMMAND: POST /session/f7dda4deea86e37c44fc2a10a2b2b70a/element - {"using":"xpath","value":"//input[contains(@id ,\"yardId-inner\")]"}
RESULT: {"using":"xpath","value":"//input[contains(@id ,\"yardId-inner\")]"}
COMMAND: POST /session/f7dda4deea86e37c44fc2a10a2b2b70a/execute/sync - {"script":"<script> [8489 bytes]","args":[{"element-6066-11e4-a52e-4f735466cecf":"f.30820BDFF87FD38C1A457C97C4719E16.d.E6F3C111B3881D465680EB6583D53445.e.2555","ELEMENT":"f.30820BDFF87FD38C1A457C97C4719E16.d.E6F3C111B3881D465680EB6583D53445.e.2555"}]}
RESULT: {"script":"<script> [8489 bytes]","args":[{"element-6066-11e4-a52e-4f735466cecf":"f.30820BDFF87FD38C1A457C97C4719E16.d.E6F3C111B3881D465680EB6583D53445.e.2555","ELEMENT":"f.30820BDFF87FD38C1A457C97C4719E16.d.E6F3C111B3881D465680EB6583D53445.e.2555"}]}
COMMAND: POST /session/f7dda4deea86e37c44fc2a10a2b2b70a/element - {"using":"xpath","value":"//input[contains(@id ,\"yardId-inner\")]"}
COMMAND: GET /session/f7dda4deea86e37c44fc2a10a2b2b70a/screenshot - {}
RESULT: {"using":"xpath","value":"//input[contains(@id ,\"yardId-inner\")]"}
COMMAND: GET /session/f7dda4deea86e37c44fc2a10a2b2b70a/element/f.30820BDFF87FD38C1A457C97C4719E16.d.E6F3C111B3881D465680EB6583D53445.e.2555/enabled - {}
RESULT: {}
RESULT: {}
COMMAND: POST /session/f7dda4deea86e37c44fc2a10a2b2b70a/element/f.30820BDFF87FD38C1A457C97C4719E16.d.E6F3C111B3881D465680EB6583D53445.e.2555/clear - {}
RESULT: {}
COMMAND: POST /session/f7dda4deea86e37c44fc2a10a2b2b70a/element/f.30820BDFF87FD38C1A457C97C4719E16.d.E6F3C111B3881D465680EB6583D53445.e.2555/value - {"text":"WebdriverYard3mpceg"}
COMMAND: POST /session/f7dda4deea86e37c44fc2a10a2b2b70a/element - {"using":"xpath","value":"//input[contains(@id ,\"customerNumber-inner\")]"}
COMMAND: GET /session/f7dda4deea86e37c44fc2a10a2b2b70a/screenshot - {}
COMMAND: GET /session/f7dda4deea86e37c44fc2a10a2b2b70a/screenshot - {}
RESULT: {"text":"WebdriverYard3mpceg"}
COMMAND: GET /session/f7dda4deea86e37c44fc2a10a2b2b70a/screenshot - {}
RESULT: {"using":"xpath","value":"//input[contains(@id ,\"customerNumber-inner\")]"}
COMMAND: POST /session/f7dda4deea86e37c44fc2a10a2b2b70a/element/f.30820BDFF87FD38C1A457C97C4719E16.d.E6F3C111B3881D465680EB6583D53445.e.2549/value - {"text":"WebdriverPartneribxbz"}
RESULT: {}
RESULT: {}
RESULT: {}
RESULT: {"text":"WebdriverPartneribxbz"}
COMMAND: GET /session/f7dda4deea86e37c44fc2a10a2b2b70a/screenshot - {}
RESULT: {}
COMMAND: POST /session/f7dda4deea86e37c44fc2a10a2b2b70a/actions - {"actions":[{"id":"action5","type":"key","parameters":{},"actions":[{"type":"keyDown","value":""},{"type":"pause","duration":10},{"type":"keyUp","value":""}]}]}
RESULT: {"actions":[{"id":"action5","type":"key","parameters":{},"actions":[{"type":"keyDown","value":""},{"type":"pause","duration":10},{"type":"keyUp","value":""}]}]}
COMMAND: GET /session/f7dda4deea86e37c44fc2a10a2b2b70a/screenshot - {}
RESULT: {}
COMMAND: POST /session/f7dda4deea86e37c44fc2a10a2b2b70a/element/f.30820BDFF87FD38C1A457C97C4719E16.d.E6F3C111B3881D465680EB6583D53445.e.2555/clear - {}
RESULT: {}
COMMAND: POST /session/f7dda4deea86e37c44fc2a10a2b2b70a/element/f.30820BDFF87FD38C1A457C97C4719E16.d.E6F3C111B3881D465680EB6583D53445.e.2555/clear - {}
COMMAND: GET /session/f7dda4deea86e37c44fc2a10a2b2b70a/screenshot - {}
RESULT: {}
COMMAND: POST /session/f7dda4deea86e37c44fc2a10a2b2b70a/element/f.30820BDFF87FD38C1A457C97C4719E16.d.E6F3C111B3881D465680EB6583D53445.e.2555/value - {"text":"WebdriverYard3mpceg"}
COMMAND: GET /session/f7dda4deea86e37c44fc2a10a2b2b70a/screenshot - {}
RESULT: {}
RESULT: {"text":"WebdriverYard3mpceg"}
COMMAND: GET /session/f7dda4deea86e37c44fc2a10a2b2b70a/screenshot - {}
RESULT: {}
RESULT: {}
COMMAND: POST /session/f7dda4deea86e37c44fc2a10a2b2b70a/actions - {"actions":[{"id":"action6","type":"key","parameters":{},"actions":[{"type":"keyDown","value":""},{"type":"pause","duration":10},{"type":"keyUp","value":""}]}]}
RESULT: {"actions":[{"id":"action6","type":"key","parameters":{},"actions":[{"type":"keyDown","value":""},{"type":"pause","duration":10},{"type":"keyUp","value":""}]}]}
COMMAND: GET /session/f7dda4deea86e37c44fc2a10a2b2b70a/screenshot - {}
RESULT: {}
COMMAND: GET /session/f7dda4deea86e37c44fc2a10a2b2b70a/element/f.30820BDFF87FD38C1A457C97C4719E16.d.E6F3C111B3881D465680EB6583D53445.e.2549/property/value - {}
RESULT: {}
COMMAND: POST /session/f7dda4deea86e37c44fc2a10a2b2b70a/element/f.30820BDFF87FD38C1A457C97C4719E16.d.E6F3C111B3881D465680EB6583D53445.e.2549/clear - {}
COMMAND: GET /session/f7dda4deea86e37c44fc2a10a2b2b70a/screenshot - {}
RESULT: {}
COMMAND: GET /session/f7dda4deea86e37c44fc2a10a2b2b70a/screenshot - {}
COMMAND: POST /session/f7dda4deea86e37c44fc2a10a2b2b70a/actions - {"actions":[{"id":"action7","type":"key","parameters":{},"actions":[{"type":"keyDown","value":""},{"type":"pause","duration":10},{"type":"keyUp","value":""}]}]}
RESULT: {}
RESULT: {}
RESULT: {"actions":[{"id":"action7","type":"key","parameters":{},"actions":[{"type":"keyDown","value":""},{"type":"pause","duration":10},{"type":"keyUp","value":""}]}]}
COMMAND: GET /session/f7dda4deea86e37c44fc2a10a2b2b70a/screenshot - {}
RESULT: {}
COMMAND: POST /session/f7dda4deea86e37c44fc2a10a2b2b70a/element/f.30820BDFF87FD38C1A457C97C4719E16.d.E6F3C111B3881D465680EB6583D53445.e.2549/value - {"text":"WebdriverPartneribxbz"}
RESULT: {"text":"WebdriverPartneribxbz"}
COMMAND: GET /session/f7dda4deea86e37c44fc2a10a2b2b70a/screenshot - {}
RESULT: {}
COMMAND: POST /session/f7dda4deea86e37c44fc2a10a2b2b70a/actions - {"actions":[{"id":"action8","type":"key","parameters":{},"actions":[{"type":"keyDown","value":""},{"type":"pause","duration":10},{"type":"keyUp","value":""}]}]}
RESULT: {"actions":[{"id":"action8","type":"key","parameters":{},"actions":[{"type":"keyDown","value":""},{"type":"pause","duration":10},{"type":"keyUp","value":""}]}]}
COMMAND: GET /session/f7dda4deea86e37c44fc2a10a2b2b70a/screenshot - {}
RESULT: {}
COMMAND: POST /session/f7dda4deea86e37c44fc2a10a2b2b70a/element - {"using":"xpath","value":"//input[contains(@id ,\"requestSiteId-inner\")]"}
RESULT: {"using":"xpath","value":"//input[contains(@id ,\"requestSiteId-inner\")]"}
COMMAND: POST /session/f7dda4deea86e37c44fc2a10a2b2b70a/element/f.30820BDFF87FD38C1A457C97C4719E16.d.E6F3C111B3881D465680EB6583D53445.e.2548/value - {"text":"WebdriverSiten0blx"}
RESULT: {"text":"WebdriverSiten0blx"}
COMMAND: GET /session/f7dda4deea86e37c44fc2a10a2b2b70a/screenshot - {}
RESULT: {}
COMMAND: POST /session/f7dda4deea86e37c44fc2a10a2b2b70a/actions - {"actions":[{"id":"action9","type":"key","parameters":{},"actions":[{"type":"keyDown","value":""},{"type":"pause","duration":10},{"type":"keyUp","value":""}]}]}
RESULT: {"actions":[{"id":"action9","type":"key","parameters":{},"actions":[{"type":"keyDown","value":""},{"type":"pause","duration":10},{"type":"keyUp","value":""}]}]}
COMMAND: GET /session/f7dda4deea86e37c44fc2a10a2b2b70a/screenshot - {}
RESULT: {}
COMMAND: POST /session/f7dda4deea86e37c44fc2a10a2b2b70a/execute/async - {"script":"<script> [1562 bytes]","args":[{"selector":{"controlType":"sap.m.Input","viewName":"etm.portal.ui.managerequests.view.NewRequest","bindingPath":{"path":"","propertyPath":"/DESCRIPTION","modelName":"oNewRequestModel"},"interaction":{"idSuffix":"inner"}},"wdio_ui5_key":"etmportal.ui.managerequests.view.NewRequestsap.m.Input{\"path\":\"\",\"propertyPath\":\"/DESCRIPTION\",\"modelName\":\"oNewRequestModel\"}"}]}
RESULT: {"script":"<script> [1562 bytes]","args":[{"selector":{"controlType":"sap.m.Input","viewName":"etm.portal.ui.managerequests.view.NewRequest","bindingPath":{"path":"","propertyPath":"/DESCRIPTION","modelName":"oNewRequestModel"},"interaction":{"idSuffix":"inner"}},"wdio_ui5_key":"etmportal.ui.managerequests.view.NewRequestsap.m.Input{\"path\":\"\",\"propertyPath\":\"/DESCRIPTION\",\"modelName\":\"oNewRequestModel\"}"}]}
RESULT: undefined
COMMAND: POST /session/f7dda4deea86e37c44fc2a10a2b2b70a/execute/async - {"script":"<script> [776 bytes]","args":[{"enterText":"Wdi5 Tags Test","selector":{"controlType":"sap.m.Input","viewName":"etm.portal.ui.managerequests.view.NewRequest","bindingPath":{"path":"","propertyPath":"/DESCRIPTION","modelName":"oNewRequestModel"},"interaction":{"idSuffix":"inner"}},"clearTextFirst":true,"interactionType":"ENTER_TEXT"}]}
RESULT: {"script":"<script> [776 bytes]","args":[{"enterText":"Wdi5 Tags Test","selector":{"controlType":"sap.m.Input","viewName":"etm.portal.ui.managerequests.view.NewRequest","bindingPath":{"path":"","propertyPath":"/DESCRIPTION","modelName":"oNewRequestModel"},"interaction":{"idSuffix":"inner"}},"clearTextFirst":true,"interactionType":"ENTER_TEXT"}]}
COMMAND: POST /session/f7dda4deea86e37c44fc2a10a2b2b70a/execute/async - {"script":"<script> [1562 bytes]","args":[{"selector":{"id":"tagInputAdd","viewName":"etm.portal.ui.managerequests.view.NewRequest","interaction":{"idSuffix":"inner"}},"wdio_ui5_key":"tagInputAddetmportal.ui.managerequests.view.NewRequest"}]}
RESULT: {"script":"<script> [1562 bytes]","args":[{"selector":{"id":"tagInputAdd","viewName":"etm.portal.ui.managerequests.view.NewRequest","interaction":{"idSuffix":"inner"}},"wdio_ui5_key":"tagInputAddetmportal.ui.managerequests.view.NewRequest"}]}
RESULT: undefined
COMMAND: POST /session/f7dda4deea86e37c44fc2a10a2b2b70a/execute/async - {"script":"<script> [776 bytes]","args":[{"enterText":"RefTag","selector":{"id":"tagInputAdd","viewName":"etm.portal.ui.managerequests.view.NewRequest","interaction":{"idSuffix":"inner"}},"clearTextFirst":true,"interactionType":"ENTER_TEXT"}]}
RESULT: {"script":"<script> [776 bytes]","args":[{"enterText":"RefTag","selector":{"id":"tagInputAdd","viewName":"etm.portal.ui.managerequests.view.NewRequest","interaction":{"idSuffix":"inner"}},"clearTextFirst":true,"interactionType":"ENTER_TEXT"}]}
COMMAND: POST /session/f7dda4deea86e37c44fc2a10a2b2b70a/actions - {"actions":[{"id":"action10","type":"key","parameters":{},"actions":[{"type":"keyDown","value":""},{"type":"pause","duration":10},{"type":"keyUp","value":""}]}]}
RESULT: {"actions":[{"id":"action10","type":"key","parameters":{},"actions":[{"type":"keyDown","value":""},{"type":"pause","duration":10},{"type":"keyUp","value":""}]}]}
COMMAND: GET /session/f7dda4deea86e37c44fc2a10a2b2b70a/screenshot - {}
RESULT: {}
RESULT: undefined
COMMAND: POST /session/f7dda4deea86e37c44fc2a10a2b2b70a/execute/async - {"script":"<script> [776 bytes]","args":[{"enterText":"tag-header","selector":{"id":"tagInputAdd","viewName":"etm.portal.ui.managerequests.view.NewRequest","interaction":{"idSuffix":"inner"}},"clearTextFirst":true,"interactionType":"ENTER_TEXT"}]}
RESULT: {"script":"<script> [776 bytes]","args":[{"enterText":"tag-header","selector":{"id":"tagInputAdd","viewName":"etm.portal.ui.managerequests.view.NewRequest","interaction":{"idSuffix":"inner"}},"clearTextFirst":true,"interactionType":"ENTER_TEXT"}]}
COMMAND: POST /session/f7dda4deea86e37c44fc2a10a2b2b70a/actions - {"actions":[{"id":"action11","type":"key","parameters":{},"actions":[{"type":"keyDown","value":""},{"type":"pause","duration":10},{"type":"keyUp","value":""}]}]}
RESULT: {"actions":[{"id":"action11","type":"key","parameters":{},"actions":[{"type":"keyDown","value":""},{"type":"pause","duration":10},{"type":"keyUp","value":""}]}]}
COMMAND: GET /session/f7dda4deea86e37c44fc2a10a2b2b70a/screenshot - {}
RESULT: {}
RESULT: undefined
COMMAND: POST /session/f7dda4deea86e37c44fc2a10a2b2b70a/execute/async - {"script":"<script> [776 bytes]","args":[{"enterText":"tag-duplicate","selector":{"id":"tagInputAdd","viewName":"etm.portal.ui.managerequests.view.NewRequest","interaction":{"idSuffix":"inner"}},"clearTextFirst":true,"interactionType":"ENTER_TEXT"}]}
RESULT: {"script":"<script> [776 bytes]","args":[{"enterText":"tag-duplicate","selector":{"id":"tagInputAdd","viewName":"etm.portal.ui.managerequests.view.NewRequest","interaction":{"idSuffix":"inner"}},"clearTextFirst":true,"interactionType":"ENTER_TEXT"}]}
COMMAND: POST /session/f7dda4deea86e37c44fc2a10a2b2b70a/actions - {"actions":[{"id":"action12","type":"key","parameters":{},"actions":[{"type":"keyDown","value":""},{"type":"pause","duration":10},{"type":"keyUp","value":""}]}]}
RESULT: {"actions":[{"id":"action12","type":"key","parameters":{},"actions":[{"type":"keyDown","value":""},{"type":"pause","duration":10},{"type":"keyUp","value":""}]}]}
COMMAND: GET /session/f7dda4deea86e37c44fc2a10a2b2b70a/screenshot - {}
RESULT: {}
COMMAND: POST /session/f7dda4deea86e37c44fc2a10a2b2b70a/execute/async - {"script":"<script> [1562 bytes]","args":[{"selector":{"id":"tagsLayoutAdd","viewName":"etm.portal.ui.managerequests.view.NewRequest"},"wdio_ui5_key":"tagsLayoutAddetmportal.ui.managerequests.view.NewRequest"}]}
RESULT: {"script":"<script> [1562 bytes]","args":[{"selector":{"id":"tagsLayoutAdd","viewName":"etm.portal.ui.managerequests.view.NewRequest"},"wdio_ui5_key":"tagsLayoutAddetmportal.ui.managerequests.view.NewRequest"}]}
RESULT: undefined
COMMAND: POST /session/f7dda4deea86e37c44fc2a10a2b2b70a/execute/async - {"script":"<script> [6424 bytes]","args":[{"element-6066-11e4-a52e-4f735466cecf":"f.30820BDFF87FD38C1A457C97C4719E16.d.E6F3C111B3881D465680EB6583D53445.e.2678"},"getTokens",[]]}
RESULT: {"script":"<script> [6424 bytes]","args":[{"element-6066-11e4-a52e-4f735466cecf":"f.30820BDFF87FD38C1A457C97C4719E16.d.E6F3C111B3881D465680EB6583D53445.e.2678"},"getTokens",[]]}
COMMAND: POST /session/f7dda4deea86e37c44fc2a10a2b2b70a/execute/async - {"script":"<script> [1562 bytes]","args":[{"wdio_ui5_key":"__token9","selector":{"id":"__token9"}}]}
COMMAND: POST /session/f7dda4deea86e37c44fc2a10a2b2b70a/execute/async - {"script":"<script> [1562 bytes]","args":[{"wdio_ui5_key":"__token10","selector":{"id":"__token10"}}]}
COMMAND: POST /session/f7dda4deea86e37c44fc2a10a2b2b70a/execute/async - {"script":"<script> [1562 bytes]","args":[{"wdio_ui5_key":"__token8","selector":{"id":"__token8"}}]}
RESULT: {"script":"<script> [1562 bytes]","args":[{"wdio_ui5_key":"__token9","selector":{"id":"__token9"}}]}
RESULT: undefined
RESULT: {"script":"<script> [1562 bytes]","args":[{"wdio_ui5_key":"__token10","selector":{"id":"__token10"}}]}
RESULT: undefined
RESULT: {"script":"<script> [1562 bytes]","args":[{"wdio_ui5_key":"__token8","selector":{"id":"__token8"}}]}
RESULT: undefined
COMMAND: POST /session/f7dda4deea86e37c44fc2a10a2b2b70a/execute/async - {"script":"<script> [1562 bytes]","args":[{"selector":{"controlType":"sap.ui.core.Icon","viewName":"etm.portal.ui.managerequests.view.NewRequest","properties":{"src":{"regex":{"source":"decline"}}},"ancestor":{"controlType":"sap.m.Token","viewName":"etm.portal.ui.managerequests.view.NewRequest","properties":{"text":"tag-duplicate"}}},"wdio_ui5_key":"etmportal.ui.managerequests.view.NewRequestsap.ui.core.Icon{\"src\":{\"regex\":{\"source\":\"decline\"}}}{\"controlType\":\"sap.m.Token\",\"viewName\":\"etm.portal.ui.managerequests.view.NewRequest\",\"properties\":{\"text\":\"tag-duplicate\"}}"}]}
RESULT: {"script":"<script> [1562 bytes]","args":[{"selector":{"controlType":"sap.ui.core.Icon","viewName":"etm.portal.ui.managerequests.view.NewRequest","properties":{"src":{"regex":{"source":"decline"}}},"ancestor":{"controlType":"sap.m.Token","viewName":"etm.portal.ui.managerequests.view.NewRequest","properties":{"text":"tag-duplicate"}}},"wdio_ui5_key":"etmportal.ui.managerequests.view.NewRequestsap.ui.core.Icon{\"src\":{\"regex\":{\"source\":\"decline\"}}}{\"controlType\":\"sap.m.Token\",\"viewName\":\"etm.portal.ui.managerequests.view.NewRequest\",\"properties\":{\"text\":\"tag-duplicate\"}}"}]}
RESULT: undefined
COMMAND: POST /session/f7dda4deea86e37c44fc2a10a2b2b70a/element - {"using":"xpath","value":"//*[@id=\"__token10-icon\"]"}
RESULT: {"using":"xpath","value":"//*[@id=\"__token10-icon\"]"}
COMMAND: POST /session/f7dda4deea86e37c44fc2a10a2b2b70a/element/f.30820BDFF87FD38C1A457C97C4719E16.d.E6F3C111B3881D465680EB6583D53445.e.2708/click - {}
RESULT: {}
COMMAND: POST /session/f7dda4deea86e37c44fc2a10a2b2b70a/execute/async - {"script":"<script> [1562 bytes]","args":[{"selector":{"controlType":"sap.ui.core.Icon","viewName":"etm.portal.ui.managerequests.view.NewRequest","properties":{"src":{"regex":{"source":"decline"}}},"ancestor":{"controlType":"sap.m.Token","viewName":"etm.portal.ui.managerequests.view.NewRequest","properties":{"text":"tag1"}}},"wdio_ui5_key":"etmportal.ui.managerequests.view.NewRequestsap.ui.core.Icon{\"src\":{\"regex\":{\"source\":\"decline\"}}}{\"controlType\":\"sap.m.Token\",\"viewName\":\"etm.portal.ui.managerequests.view.NewRequest\",\"properties\":{\"text\":\"tag1\"}}"}]}
COMMAND: GET /session/f7dda4deea86e37c44fc2a10a2b2b70a/screenshot - {}
RESULT: {"script":"<script> [1562 bytes]","args":[{"selector":{"controlType":"sap.ui.core.Icon","viewName":"etm.portal.ui.managerequests.view.NewRequest","properties":{"src":{"regex":{"source":"decline"}}},"ancestor":{"controlType":"sap.m.Token","viewName":"etm.portal.ui.managerequests.view.NewRequest","properties":{"text":"tag1"}}},"wdio_ui5_key":"etmportal.ui.managerequests.view.NewRequestsap.ui.core.Icon{\"src\":{\"regex\":{\"source\":\"decline\"}}}{\"controlType\":\"sap.m.Token\",\"viewName\":\"etm.portal.ui.managerequests.view.NewRequest\",\"properties\":{\"text\":\"tag1\"}}"}]}
RESULT: undefined
RESULT: {}
COMMAND: POST /session/f7dda4deea86e37c44fc2a10a2b2b70a/actions - {"actions":[{"id":"action13","type":"key","parameters":{},"actions":[{"type":"keyDown","value":""},{"type":"pause","duration":10},{"type":"keyUp","value":""}]}]}
RESULT: {"actions":[{"id":"action13","type":"key","parameters":{},"actions":[{"type":"keyDown","value":""},{"type":"pause","duration":10},{"type":"keyUp","value":""}]}]}
COMMAND: GET /session/f7dda4deea86e37c44fc2a10a2b2b70a/screenshot - {}
RESULT: {}
RESULT: undefined
COMMAND: POST /session/f7dda4deea86e37c44fc2a10a2b2b70a/execute/async - {"script":"<script> [6424 bytes]","args":[{"element-6066-11e4-a52e-4f735466cecf":"f.30820BDFF87FD38C1A457C97C4719E16.d.E6F3C111B3881D465680EB6583D53445.e.2678"},"getTokens",[]]}
RESULT: {"script":"<script> [6424 bytes]","args":[{"element-6066-11e4-a52e-4f735466cecf":"f.30820BDFF87FD38C1A457C97C4719E16.d.E6F3C111B3881D465680EB6583D53445.e.2678"},"getTokens",[]]}
RESULT: undefined
RESULT: undefined
COMMAND: POST /session/f7dda4deea86e37c44fc2a10a2b2b70a/execute/async - {"script":"<script> [1562 bytes]","args":[{"selector":{"controlType":"sap.m.Button","viewName":"etm.portal.ui.managerequests.view.NewRequest","properties":{"text":"Items"},"interaction":{"idSuffix":"BDI-content"}},"wdio_ui5_key":"etmportal.ui.managerequests.view.NewRequestsap.m.Button{\"text\":\"Items\"}"}]}
RESULT: {"script":"<script> [1562 bytes]","args":[{"selector":{"controlType":"sap.m.Button","viewName":"etm.portal.ui.managerequests.view.NewRequest","properties":{"text":"Items"},"interaction":{"idSuffix":"BDI-content"}},"wdio_ui5_key":"etmportal.ui.managerequests.view.NewRequestsap.m.Button{\"text\":\"Items\"}"}]}
RESULT: undefined
COMMAND: POST /session/f7dda4deea86e37c44fc2a10a2b2b70a/element - {"using":"xpath","value":"//*[@id=\"__xmlview59--newRequestPage-anchBar-__xmlview59--requestItemsSection-anchor\"]"}
RESULT: {"using":"xpath","value":"//*[@id=\"__xmlview59--newRequestPage-anchBar-__xmlview59--requestItemsSection-anchor\"]"}
COMMAND: POST /session/f7dda4deea86e37c44fc2a10a2b2b70a/element/f.30820BDFF87FD38C1A457C97C4719E16.d.E6F3C111B3881D465680EB6583D53445.e.2715/click - {}
RESULT: {}
COMMAND: GET /session/f7dda4deea86e37c44fc2a10a2b2b70a/screenshot - {}
RESULT: {}
COMMAND: POST /session/f7dda4deea86e37c44fc2a10a2b2b70a/execute/async - {"script":"<script> [1562 bytes]","args":[{"selector":{"controlType":"sap.ui.core.Icon","viewName":"etm.portal.ui.managerequests.view.NewRequest","properties":{"src":{"regex":{"source":"inspect"}}}},"wdio_ui5_key":"etmportal.ui.managerequests.view.NewRequestsap.ui.core.Icon{\"src\":{\"regex\":{\"source\":\"inspect\"}}}"}]}
RESULT: {"script":"<script> [1562 bytes]","args":[{"selector":{"controlType":"sap.ui.core.Icon","viewName":"etm.portal.ui.managerequests.view.NewRequest","properties":{"src":{"regex":{"source":"inspect"}}}},"wdio_ui5_key":"etmportal.ui.managerequests.view.NewRequestsap.ui.core.Icon{\"src\":{\"regex\":{\"source\":\"inspect\"}}}"}]}
RESULT: undefined
COMMAND: POST /session/f7dda4deea86e37c44fc2a10a2b2b70a/element - {"using":"xpath","value":"//*[@id=\"__button114-img\"]"}
RESULT: {"using":"xpath","value":"//*[@id=\"__button114-img\"]"}
COMMAND: POST /session/f7dda4deea86e37c44fc2a10a2b2b70a/element/f.30820BDFF87FD38C1A457C97C4719E16.d.E6F3C111B3881D465680EB6583D53445.e.2720/click - {}
RESULT: {}
COMMAND: GET /session/f7dda4deea86e37c44fc2a10a2b2b70a/screenshot - {}
RESULT: {}
COMMAND: POST /session/f7dda4deea86e37c44fc2a10a2b2b70a/execute/async - {"script":"<script> [1562 bytes]","args":[{"selector":{"controlType":"sap.ui.core.Icon","viewName":"etm.portal.ui.managerequests.view.NewRequest","properties":{"src":{"regex":{"source":"add"}}}},"wdio_ui5_key":"etmportal.ui.managerequests.view.NewRequestsap.ui.core.Icon{\"src\":{\"regex\":{\"source\":\"add\"}}}"}]}
RESULT: {"script":"<script> [1562 bytes]","args":[{"selector":{"controlType":"sap.ui.core.Icon","viewName":"etm.portal.ui.managerequests.view.NewRequest","properties":{"src":{"regex":{"source":"add"}}}},"wdio_ui5_key":"etmportal.ui.managerequests.view.NewRequestsap.ui.core.Icon{\"src\":{\"regex\":{\"source\":\"add\"}}}"}]}
RESULT: undefined
COMMAND: POST /session/f7dda4deea86e37c44fc2a10a2b2b70a/element - {"using":"xpath","value":"//*[@id=\"__xmlview59--btnAddTableRow-img\"]"}
RESULT: {"using":"xpath","value":"//*[@id=\"__xmlview59--btnAddTableRow-img\"]"}
COMMAND: POST /session/f7dda4deea86e37c44fc2a10a2b2b70a/element/f.30820BDFF87FD38C1A457C97C4719E16.d.E6F3C111B3881D465680EB6583D53445.e.2728/click - {}
RESULT: {}
COMMAND: GET /session/f7dda4deea86e37c44fc2a10a2b2b70a/screenshot - {}
RESULT: {}
COMMAND: POST /session/f7dda4deea86e37c44fc2a10a2b2b70a/execute/async - {"script":"<script> [1562 bytes]","args":[{"selector":{"controlType":"sap.ui.unified.MenuItem","viewName":"etm.portal.ui.managerequests.view.NewRequest","i18NText":{"propertyName":"text","key":"standardEntry"},"searchOpenDialogs":true,"interaction":{"idSuffix":"txt"}},"wdio_ui5_key":"etmportal.ui.managerequests.view.NewRequestsap.ui.unified.MenuItem{\"propertyName\":\"text\",\"key\":\"standardEntry\"}"}]}
RESULT: {"script":"<script> [1562 bytes]","args":[{"selector":{"controlType":"sap.ui.unified.MenuItem","viewName":"etm.portal.ui.managerequests.view.NewRequest","i18NText":{"propertyName":"text","key":"standardEntry"},"searchOpenDialogs":true,"interaction":{"idSuffix":"txt"}},"wdio_ui5_key":"etmportal.ui.managerequests.view.NewRequestsap.ui.unified.MenuItem{\"propertyName\":\"text\",\"key\":\"standardEntry\"}"}]}
RESULT: undefined
COMMAND: POST /session/f7dda4deea86e37c44fc2a10a2b2b70a/element - {"using":"xpath","value":"//*[@id=\"__item980\"]"}
RESULT: {"using":"xpath","value":"//*[@id=\"__item980\"]"}
COMMAND: POST /session/f7dda4deea86e37c44fc2a10a2b2b70a/element/f.30820BDFF87FD38C1A457C97C4719E16.d.E6F3C111B3881D465680EB6583D53445.e.2731/click - {}
RESULT: {}
COMMAND: GET /session/f7dda4deea86e37c44fc2a10a2b2b70a/screenshot - {}
RESULT: {}
RESULT: undefined
COMMAND: POST /session/f7dda4deea86e37c44fc2a10a2b2b70a/element - {"using":"xpath","value":"//*[@id=\"__xmlview59--btnAddTableRow-img\"]"}
RESULT: {"using":"xpath","value":"//*[@id=\"__xmlview59--btnAddTableRow-img\"]"}
COMMAND: POST /session/f7dda4deea86e37c44fc2a10a2b2b70a/element/f.30820BDFF87FD38C1A457C97C4719E16.d.E6F3C111B3881D465680EB6583D53445.e.2728/click - {}
RESULT: {}
COMMAND: GET /session/f7dda4deea86e37c44fc2a10a2b2b70a/screenshot - {}
RESULT: {}
RESULT: undefined
COMMAND: POST /session/f7dda4deea86e37c44fc2a10a2b2b70a/element - {"using":"xpath","value":"//*[@id=\"__item980\"]"}
RESULT: {"using":"xpath","value":"//*[@id=\"__item980\"]"}
COMMAND: POST /session/f7dda4deea86e37c44fc2a10a2b2b70a/element/f.30820BDFF87FD38C1A457C97C4719E16.d.E6F3C111B3881D465680EB6583D53445.e.2752/click - {}
RESULT: {}
COMMAND: GET /session/f7dda4deea86e37c44fc2a10a2b2b70a/screenshot - {}
RESULT: {}
COMMAND: POST /session/f7dda4deea86e37c44fc2a10a2b2b70a/element - {"using":"xpath","value":"(//input[contains(@id ,\"requestItemsTable-0-inner\")])[5]"}
RESULT: {"using":"xpath","value":"(//input[contains(@id ,\"requestItemsTable-0-inner\")])[5]"}
COMMAND: POST /session/f7dda4deea86e37c44fc2a10a2b2b70a/element/f.30820BDFF87FD38C1A457C97C4719E16.d.E6F3C111B3881D465680EB6583D53445.e.2743/clear - {}
RESULT: {}
COMMAND: POST /session/f7dda4deea86e37c44fc2a10a2b2b70a/element/f.30820BDFF87FD38C1A457C97C4719E16.d.E6F3C111B3881D465680EB6583D53445.e.2743/value - {"text":"1000001"}
COMMAND: GET /session/f7dda4deea86e37c44fc2a10a2b2b70a/screenshot - {}
RESULT: {"text":"1000001"}
COMMAND: GET /session/f7dda4deea86e37c44fc2a10a2b2b70a/screenshot - {}
RESULT: {}
RESULT: {}
COMMAND: POST /session/f7dda4deea86e37c44fc2a10a2b2b70a/actions - {"actions":[{"id":"action14","type":"key","parameters":{},"actions":[{"type":"keyDown","value":""},{"type":"pause","duration":10},{"type":"keyUp","value":""}]}]}
RESULT: {"actions":[{"id":"action14","type":"key","parameters":{},"actions":[{"type":"keyDown","value":""},{"type":"pause","duration":10},{"type":"keyUp","value":""}]}]}
COMMAND: POST /session/f7dda4deea86e37c44fc2a10a2b2b70a/element - {"using":"xpath","value":"(//input[contains(@id ,\"requestItemsTable-1-inner\")])[5]"}
COMMAND: GET /session/f7dda4deea86e37c44fc2a10a2b2b70a/screenshot - {}
RESULT: {"using":"xpath","value":"(//input[contains(@id ,\"requestItemsTable-1-inner\")])[5]"}
COMMAND: POST /session/f7dda4deea86e37c44fc2a10a2b2b70a/element/f.30820BDFF87FD38C1A457C97C4719E16.d.E6F3C111B3881D465680EB6583D53445.e.2758/clear - {}
RESULT: {}
RESULT: {}
COMMAND: POST /session/f7dda4deea86e37c44fc2a10a2b2b70a/element/f.30820BDFF87FD38C1A457C97C4719E16.d.E6F3C111B3881D465680EB6583D53445.e.2758/value - {"text":"1000002"}
COMMAND: GET /session/f7dda4deea86e37c44fc2a10a2b2b70a/screenshot - {}
RESULT: {"text":"1000002"}
COMMAND: GET /session/f7dda4deea86e37c44fc2a10a2b2b70a/screenshot - {}
RESULT: {}
RESULT: {}
COMMAND: POST /session/f7dda4deea86e37c44fc2a10a2b2b70a/actions - {"actions":[{"id":"action15","type":"key","parameters":{},"actions":[{"type":"keyDown","value":""},{"type":"pause","duration":10},{"type":"keyUp","value":""}]}]}
RESULT: {"actions":[{"id":"action15","type":"key","parameters":{},"actions":[{"type":"keyDown","value":""},{"type":"pause","duration":10},{"type":"keyUp","value":""}]}]}
COMMAND: POST /session/f7dda4deea86e37c44fc2a10a2b2b70a/execute/async - {"script":"<script> [1562 bytes]","args":[{"selector":{"controlType":"sap.m.Input","viewName":"etm.portal.ui.managerequests.view.NewRequest","bindingPath":{"path":"","propertyPath":"/Tags","modelName":"catalogModel"},"ancestor":{"controlType":"sap.m.ColumnListItem","viewName":"etm.portal.ui.managerequests.view.NewRequest","bindingPath":{"modelName":"newRequestItems","path":"/RequestItems/0"},"ancestor":{"id":"requestItemsTable","viewName":"etm.portal.ui.managerequests.view.NewRequest"}},"interaction":{"idSuffix":"inner"}},"wdio_ui5_key":"etmportal.ui.managerequests.view.NewRequestsap.m.Input{\"path\":\"\",\"propertyPath\":\"/Tags\",\"modelName\":\"catalogModel\"}{\"controlType\":\"sap.m.ColumnListItem\",\"viewName\":\"etm.portal.ui.managerequests.view.NewRequest\",\"bindingPath\":{\"modelName\":\"newRequestItems\",\"path\":\"/RequestItems/0\"},\"ancestor\":{\"id\":\"requestItemsTable\",\"viewName\":\"etm.portal.ui.managerequests.view.NewRequest\"}}"}]}
COMMAND: GET /session/f7dda4deea86e37c44fc2a10a2b2b70a/screenshot - {}
RESULT: {"script":"<script> [1562 bytes]","args":[{"selector":{"controlType":"sap.m.Input","viewName":"etm.portal.ui.managerequests.view.NewRequest","bindingPath":{"path":"","propertyPath":"/Tags","modelName":"catalogModel"},"ancestor":{"controlType":"sap.m.ColumnListItem","viewName":"etm.portal.ui.managerequests.view.NewRequest","bindingPath":{"modelName":"newRequestItems","path":"/RequestItems/0"},"ancestor":{"id":"requestItemsTable","viewName":"etm.portal.ui.managerequests.view.NewRequest"}},"interaction":{"idSuffix":"inner"}},"wdio_ui5_key":"etmportal.ui.managerequests.view.NewRequestsap.m.Input{\"path\":\"\",\"propertyPath\":\"/Tags\",\"modelName\":\"catalogModel\"}{\"controlType\":\"sap.m.ColumnListItem\",\"viewName\":\"etm.portal.ui.managerequests.view.NewRequest\",\"bindingPath\":{\"modelName\":\"newRequestItems\",\"path\":\"/RequestItems/0\"},\"ancestor\":{\"id\":\"requestItemsTable\",\"viewName\":\"etm.portal.ui.managerequests.view.NewRequest\"}}"}]}
RESULT: undefined
COMMAND: POST /session/f7dda4deea86e37c44fc2a10a2b2b70a/execute/async - {"script":"<script> [776 bytes]","args":[{"enterText":"tag1","selector":{"controlType":"sap.m.Input","viewName":"etm.portal.ui.managerequests.view.NewRequest","bindingPath":{"path":"","propertyPath":"/Tags","modelName":"catalogModel"},"ancestor":{"controlType":"sap.m.ColumnListItem","viewName":"etm.portal.ui.managerequests.view.NewRequest","bindingPath":{"modelName":"newRequestItems","path":"/RequestItems/0"},"ancestor":{"id":"requestItemsTable","viewName":"etm.portal.ui.managerequests.view.NewRequest"}},"interaction":{"idSuffix":"inner"}},"clearTextFirst":true,"interactionType":"ENTER_TEXT"}]}
RESULT: {}
RESULT: {"script":"<script> [776 bytes]","args":[{"enterText":"tag1","selector":{"controlType":"sap.m.Input","viewName":"etm.portal.ui.managerequests.view.NewRequest","bindingPath":{"path":"","propertyPath":"/Tags","modelName":"catalogModel"},"ancestor":{"controlType":"sap.m.ColumnListItem","viewName":"etm.portal.ui.managerequests.view.NewRequest","bindingPath":{"modelName":"newRequestItems","path":"/RequestItems/0"},"ancestor":{"id":"requestItemsTable","viewName":"etm.portal.ui.managerequests.view.NewRequest"}},"interaction":{"idSuffix":"inner"}},"clearTextFirst":true,"interactionType":"ENTER_TEXT"}]}
COMMAND: POST /session/f7dda4deea86e37c44fc2a10a2b2b70a/actions - {"actions":[{"id":"action16","type":"key","parameters":{},"actions":[{"type":"keyDown","value":""},{"type":"pause","duration":10},{"type":"keyUp","value":""}]}]}
RESULT: {"actions":[{"id":"action16","type":"key","parameters":{},"actions":[{"type":"keyDown","value":""},{"type":"pause","duration":10},{"type":"keyUp","value":""}]}]}
RESULT: undefined
COMMAND: POST /session/f7dda4deea86e37c44fc2a10a2b2b70a/execute/async - {"script":"<script> [776 bytes]","args":[{"enterText":"tag-duplicate","selector":{"controlType":"sap.m.Input","viewName":"etm.portal.ui.managerequests.view.NewRequest","bindingPath":{"path":"","propertyPath":"/Tags","modelName":"catalogModel"},"ancestor":{"controlType":"sap.m.ColumnListItem","viewName":"etm.portal.ui.managerequests.view.NewRequest","bindingPath":{"modelName":"newRequestItems","path":"/RequestItems/0"},"ancestor":{"id":"requestItemsTable","viewName":"etm.portal.ui.managerequests.view.NewRequest"}},"interaction":{"idSuffix":"inner"}},"clearTextFirst":true,"interactionType":"ENTER_TEXT"}]}
COMMAND: GET /session/f7dda4deea86e37c44fc2a10a2b2b70a/screenshot - {}
RESULT: {"script":"<script> [776 bytes]","args":[{"enterText":"tag-duplicate","selector":{"controlType":"sap.m.Input","viewName":"etm.portal.ui.managerequests.view.NewRequest","bindingPath":{"path":"","propertyPath":"/Tags","modelName":"catalogModel"},"ancestor":{"controlType":"sap.m.ColumnListItem","viewName":"etm.portal.ui.managerequests.view.NewRequest","bindingPath":{"modelName":"newRequestItems","path":"/RequestItems/0"},"ancestor":{"id":"requestItemsTable","viewName":"etm.portal.ui.managerequests.view.NewRequest"}},"interaction":{"idSuffix":"inner"}},"clearTextFirst":true,"interactionType":"ENTER_TEXT"}]}
RESULT: {}
COMMAND: POST /session/f7dda4deea86e37c44fc2a10a2b2b70a/actions - {"actions":[{"id":"action17","type":"key","parameters":{},"actions":[{"type":"keyDown","value":""},{"type":"pause","duration":10},{"type":"keyUp","value":""}]}]}
RESULT: {"actions":[{"id":"action17","type":"key","parameters":{},"actions":[{"type":"keyDown","value":""},{"type":"pause","duration":10},{"type":"keyUp","value":""}]}]}
COMMAND: GET /session/f7dda4deea86e37c44fc2a10a2b2b70a/screenshot - {}
RESULT: {}
COMMAND: POST /session/f7dda4deea86e37c44fc2a10a2b2b70a/execute/async - {"script":"<script> [1562 bytes]","args":[{"selector":{"controlType":"sap.m.Input","viewName":"etm.portal.ui.managerequests.view.NewRequest","bindingPath":{"path":"","propertyPath":"/Tags","modelName":"catalogModel"},"ancestor":{"controlType":"sap.m.ColumnListItem","viewName":"etm.portal.ui.managerequests.view.NewRequest","bindingPath":{"modelName":"newRequestItems","path":"/RequestItems/1"},"ancestor":{"id":"requestItemsTable","viewName":"etm.portal.ui.managerequests.view.NewRequest"}},"interaction":{"idSuffix":"inner"}},"wdio_ui5_key":"etmportal.ui.managerequests.view.NewRequestsap.m.Input{\"path\":\"\",\"propertyPath\":\"/Tags\",\"modelName\":\"catalogModel\"}{\"controlType\":\"sap.m.ColumnListItem\",\"viewName\":\"etm.portal.ui.managerequests.view.NewRequest\",\"bindingPath\":{\"modelName\":\"newRequestItems\",\"path\":\"/RequestItems/1\"},\"ancestor\":{\"id\":\"requestItemsTable\",\"viewName\":\"etm.portal.ui.managerequests.view.NewRequest\"}}"}]}
RESULT: {"script":"<script> [1562 bytes]","args":[{"selector":{"controlType":"sap.m.Input","viewName":"etm.portal.ui.managerequests.view.NewRequest","bindingPath":{"path":"","propertyPath":"/Tags","modelName":"catalogModel"},"ancestor":{"controlType":"sap.m.ColumnListItem","viewName":"etm.portal.ui.managerequests.view.NewRequest","bindingPath":{"modelName":"newRequestItems","path":"/RequestItems/1"},"ancestor":{"id":"requestItemsTable","viewName":"etm.portal.ui.managerequests.view.NewRequest"}},"interaction":{"idSuffix":"inner"}},"wdio_ui5_key":"etmportal.ui.managerequests.view.NewRequestsap.m.Input{\"path\":\"\",\"propertyPath\":\"/Tags\",\"modelName\":\"catalogModel\"}{\"controlType\":\"sap.m.ColumnListItem\",\"viewName\":\"etm.portal.ui.managerequests.view.NewRequest\",\"bindingPath\":{\"modelName\":\"newRequestItems\",\"path\":\"/RequestItems/1\"},\"ancestor\":{\"id\":\"requestItemsTable\",\"viewName\":\"etm.portal.ui.managerequests.view.NewRequest\"}}"}]}
RESULT: undefined
COMMAND: POST /session/f7dda4deea86e37c44fc2a10a2b2b70a/execute/async - {"script":"<script> [776 bytes]","args":[{"enterText":"tag1","selector":{"controlType":"sap.m.Input","viewName":"etm.portal.ui.managerequests.view.NewRequest","bindingPath":{"path":"","propertyPath":"/Tags","modelName":"catalogModel"},"ancestor":{"controlType":"sap.m.ColumnListItem","viewName":"etm.portal.ui.managerequests.view.NewRequest","bindingPath":{"modelName":"newRequestItems","path":"/RequestItems/1"},"ancestor":{"id":"requestItemsTable","viewName":"etm.portal.ui.managerequests.view.NewRequest"}},"interaction":{"idSuffix":"inner"}},"clearTextFirst":true,"interactionType":"ENTER_TEXT"}]}
RESULT: {"script":"<script> [776 bytes]","args":[{"enterText":"tag1","selector":{"controlType":"sap.m.Input","viewName":"etm.portal.ui.managerequests.view.NewRequest","bindingPath":{"path":"","propertyPath":"/Tags","modelName":"catalogModel"},"ancestor":{"controlType":"sap.m.ColumnListItem","viewName":"etm.portal.ui.managerequests.view.NewRequest","bindingPath":{"modelName":"newRequestItems","path":"/RequestItems/1"},"ancestor":{"id":"requestItemsTable","viewName":"etm.portal.ui.managerequests.view.NewRequest"}},"interaction":{"idSuffix":"inner"}},"clearTextFirst":true,"interactionType":"ENTER_TEXT"}]}
COMMAND: POST /session/f7dda4deea86e37c44fc2a10a2b2b70a/actions - {"actions":[{"id":"action18","type":"key","parameters":{},"actions":[{"type":"keyDown","value":""},{"type":"pause","duration":10},{"type":"keyUp","value":""}]}]}
RESULT: {"actions":[{"id":"action18","type":"key","parameters":{},"actions":[{"type":"keyDown","value":""},{"type":"pause","duration":10},{"type":"keyUp","value":""}]}]}
RESULT: undefined
COMMAND: POST /session/f7dda4deea86e37c44fc2a10a2b2b70a/execute/async - {"script":"<script> [776 bytes]","args":[{"enterText":"tag-duplicate","selector":{"controlType":"sap.m.Input","viewName":"etm.portal.ui.managerequests.view.NewRequest","bindingPath":{"path":"","propertyPath":"/Tags","modelName":"catalogModel"},"ancestor":{"controlType":"sap.m.ColumnListItem","viewName":"etm.portal.ui.managerequests.view.NewRequest","bindingPath":{"modelName":"newRequestItems","path":"/RequestItems/1"},"ancestor":{"id":"requestItemsTable","viewName":"etm.portal.ui.managerequests.view.NewRequest"}},"interaction":{"idSuffix":"inner"}},"clearTextFirst":true,"interactionType":"ENTER_TEXT"}]}
COMMAND: GET /session/f7dda4deea86e37c44fc2a10a2b2b70a/screenshot - {}
RESULT: {"script":"<script> [776 bytes]","args":[{"enterText":"tag-duplicate","selector":{"controlType":"sap.m.Input","viewName":"etm.portal.ui.managerequests.view.NewRequest","bindingPath":{"path":"","propertyPath":"/Tags","modelName":"catalogModel"},"ancestor":{"controlType":"sap.m.ColumnListItem","viewName":"etm.portal.ui.managerequests.view.NewRequest","bindingPath":{"modelName":"newRequestItems","path":"/RequestItems/1"},"ancestor":{"id":"requestItemsTable","viewName":"etm.portal.ui.managerequests.view.NewRequest"}},"interaction":{"idSuffix":"inner"}},"clearTextFirst":true,"interactionType":"ENTER_TEXT"}]}
RESULT: {}
COMMAND: POST /session/f7dda4deea86e37c44fc2a10a2b2b70a/actions - {"actions":[{"id":"action19","type":"key","parameters":{},"actions":[{"type":"keyDown","value":""},{"type":"pause","duration":10},{"type":"keyUp","value":""}]}]}
RESULT: {"actions":[{"id":"action19","type":"key","parameters":{},"actions":[{"type":"keyDown","value":""},{"type":"pause","duration":10},{"type":"keyUp","value":""}]}]}
COMMAND: GET /session/f7dda4deea86e37c44fc2a10a2b2b70a/screenshot - {}
RESULT: {}
COMMAND: POST /session/f7dda4deea86e37c44fc2a10a2b2b70a/execute/async - {"script":"<script> [1562 bytes]","args":[{"selector":{"controlType":"sap.ui.core.Icon","viewName":"etm.portal.ui.managerequests.view.NewRequest","properties":{"src":{"regex":{"source":"slim\\-arrow\\-down"}}},"ancestor":{"controlType":"sap.m.Button","viewName":"etm.portal.ui.managerequests.view.NewRequest","properties":{"icon":"sap-icon://slim-arrow-down"}}},"wdio_ui5_key":"etmportal.ui.managerequests.view.NewRequestsap.ui.core.Icon{\"src\":{\"regex\":{\"source\":\"slim\\\\-arrow\\\\-down\"}}}{\"controlType\":\"sap.m.Button\",\"viewName\":\"etm.portal.ui.managerequests.view.NewRequest\",\"properties\":{\"icon\":\"sap-icon://slim-arrow-down\"}}"}]}
RESULT: {"script":"<script> [1562 bytes]","args":[{"selector":{"controlType":"sap.ui.core.Icon","viewName":"etm.portal.ui.managerequests.view.NewRequest","properties":{"src":{"regex":{"source":"slim\\-arrow\\-down"}}},"ancestor":{"controlType":"sap.m.Button","viewName":"etm.portal.ui.managerequests.view.NewRequest","properties":{"icon":"sap-icon://slim-arrow-down"}}},"wdio_ui5_key":"etmportal.ui.managerequests.view.NewRequestsap.ui.core.Icon{\"src\":{\"regex\":{\"source\":\"slim\\\\-arrow\\\\-down\"}}}{\"controlType\":\"sap.m.Button\",\"viewName\":\"etm.portal.ui.managerequests.view.NewRequest\",\"properties\":{\"icon\":\"sap-icon://slim-arrow-down\"}}"}]}
RESULT: undefined
COMMAND: POST /session/f7dda4deea86e37c44fc2a10a2b2b70a/element - {"using":"xpath","value":"//*[@id=\"__title25-expandBtn-img\"]"}
RESULT: {"using":"xpath","value":"//*[@id=\"__title25-expandBtn-img\"]"}
COMMAND: POST /session/f7dda4deea86e37c44fc2a10a2b2b70a/element/f.30820BDFF87FD38C1A457C97C4719E16.d.E6F3C111B3881D465680EB6583D53445.e.2804/click - {}
RESULT: {}
COMMAND: GET /session/f7dda4deea86e37c44fc2a10a2b2b70a/screenshot - {}
RESULT: {}
COMMAND: POST /session/f7dda4deea86e37c44fc2a10a2b2b70a/element - {"using":"xpath","value":"//div[contains(@data-kt ,\"splitAllocationObjectStatus\")]"}
RESULT: {"using":"xpath","value":"//div[contains(@data-kt ,\"splitAllocationObjectStatus\")]"}
COMMAND: POST /session/f7dda4deea86e37c44fc2a10a2b2b70a/elements - {"using":"xpath","value":"//div[contains(@data-kt ,\"splitAllocationObjectStatus\")]"}
RESULT: {"using":"xpath","value":"//div[contains(@data-kt ,\"splitAllocationObjectStatus\")]"}
COMMAND: POST /session/f7dda4deea86e37c44fc2a10a2b2b70a/execute/async - {"script":"<script> [1562 bytes]","args":[{"selector":{"controlType":"sap.ui.core.Icon","viewName":"etm.portal.ui.managerequests.view.NewRequest","properties":{"src":{"regex":{"source":"message\\-error"}}},"ancestor":{"controlType":"sap.m.ColumnListItem","viewName":"etm.portal.ui.managerequests.view.NewRequest","bindingPath":{"modelName":"newRequestItems","path":"/RequestItems/0"},"ancestor":{"id":"requestItemsTable","viewName":"etm.portal.ui.managerequests.view.NewRequest"}}},"wdio_ui5_key":"etmportal.ui.managerequests.view.NewRequestsap.ui.core.Icon{\"src\":{\"regex\":{\"source\":\"message\\\\-error\"}}}{\"controlType\":\"sap.m.ColumnListItem\",\"viewName\":\"etm.portal.ui.managerequests.view.NewRequest\",\"bindingPath\":{\"modelName\":\"newRequestItems\",\"path\":\"/RequestItems/0\"},\"ancestor\":{\"id\":\"requestItemsTable\",\"viewName\":\"etm.portal.ui.managerequests.view.NewRequest\"}}"}]}
RESULT: {"script":"<script> [1562 bytes]","args":[{"selector":{"controlType":"sap.ui.core.Icon","viewName":"etm.portal.ui.managerequests.view.NewRequest","properties":{"src":{"regex":{"source":"message\\-error"}}},"ancestor":{"controlType":"sap.m.ColumnListItem","viewName":"etm.portal.ui.managerequests.view.NewRequest","bindingPath":{"modelName":"newRequestItems","path":"/RequestItems/0"},"ancestor":{"id":"requestItemsTable","viewName":"etm.portal.ui.managerequests.view.NewRequest"}}},"wdio_ui5_key":"etmportal.ui.managerequests.view.NewRequestsap.ui.core.Icon{\"src\":{\"regex\":{\"source\":\"message\\\\-error\"}}}{\"controlType\":\"sap.m.ColumnListItem\",\"viewName\":\"etm.portal.ui.managerequests.view.NewRequest\",\"bindingPath\":{\"modelName\":\"newRequestItems\",\"path\":\"/RequestItems/0\"},\"ancestor\":{\"id\":\"requestItemsTable\",\"viewName\":\"etm.portal.ui.managerequests.view.NewRequest\"}}"}]}
RESULT: undefined
COMMAND: POST /session/f7dda4deea86e37c44fc2a10a2b2b70a/element - {"using":"xpath","value":"//*[@id=\"__status6-__xmlview59--requestItemsTable-0-icon\"]"}
RESULT: {"using":"xpath","value":"//*[@id=\"__status6-__xmlview59--requestItemsTable-0-icon\"]"}
COMMAND: POST /session/f7dda4deea86e37c44fc2a10a2b2b70a/element/f.30820BDFF87FD38C1A457C97C4719E16.d.E6F3C111B3881D465680EB6583D53445.e.2785/click - {}
RESULT: {}
COMMAND: GET /session/f7dda4deea86e37c44fc2a10a2b2b70a/screenshot - {}
RESULT: {}
COMMAND: POST /session/f7dda4deea86e37c44fc2a10a2b2b70a/execute/async - {"script":"<script> [1562 bytes]","args":[{"selector":{"id":"costObjectAdminTypeComboBox","viewName":"etm.portal.ui.managerequests.view.NewRequest","searchOpenDialogs":true,"interaction":{"idSuffix":"inner"}},"wdio_ui5_key":"costObjectAdminTypeComboBoxetmportal.ui.managerequests.view.NewRequest"}]}
RESULT: {"script":"<script> [1562 bytes]","args":[{"selector":{"id":"costObjectAdminTypeComboBox","viewName":"etm.portal.ui.managerequests.view.NewRequest","searchOpenDialogs":true,"interaction":{"idSuffix":"inner"}},"wdio_ui5_key":"costObjectAdminTypeComboBoxetmportal.ui.managerequests.view.NewRequest"}]}
RESULT: undefined
COMMAND: POST /session/f7dda4deea86e37c44fc2a10a2b2b70a/execute/async - {"script":"<script> [776 bytes]","args":[{"enterText":"Cost Center","selector":{"id":"costObjectAdminTypeComboBox","viewName":"etm.portal.ui.managerequests.view.NewRequest","searchOpenDialogs":true,"interaction":{"idSuffix":"inner"}},"clearTextFirst":true,"interactionType":"ENTER_TEXT"}]}
RESULT: {"script":"<script> [776 bytes]","args":[{"enterText":"Cost Center","selector":{"id":"costObjectAdminTypeComboBox","viewName":"etm.portal.ui.managerequests.view.NewRequest","searchOpenDialogs":true,"interaction":{"idSuffix":"inner"}},"clearTextFirst":true,"interactionType":"ENTER_TEXT"}]}
COMMAND: POST /session/f7dda4deea86e37c44fc2a10a2b2b70a/actions - {"actions":[{"id":"action20","type":"key","parameters":{},"actions":[{"type":"keyDown","value":""},{"type":"pause","duration":10},{"type":"keyUp","value":""}]}]}
RESULT: {"actions":[{"id":"action20","type":"key","parameters":{},"actions":[{"type":"keyDown","value":""},{"type":"pause","duration":10},{"type":"keyUp","value":""}]}]}
COMMAND: GET /session/f7dda4deea86e37c44fc2a10a2b2b70a/screenshot - {}
RESULT: {}
COMMAND: POST /session/f7dda4deea86e37c44fc2a10a2b2b70a/execute/async - {"script":"<script> [1562 bytes]","args":[{"selector":{"id":"costObjectIdComboBox","viewName":"etm.portal.ui.managerequests.view.NewRequest","searchOpenDialogs":true,"interaction":{"idSuffix":"inner"}},"wdio_ui5_key":"costObjectIdComboBoxetmportal.ui.managerequests.view.NewRequest"}]}
RESULT: {"script":"<script> [1562 bytes]","args":[{"selector":{"id":"costObjectIdComboBox","viewName":"etm.portal.ui.managerequests.view.NewRequest","searchOpenDialogs":true,"interaction":{"idSuffix":"inner"}},"wdio_ui5_key":"costObjectIdComboBoxetmportal.ui.managerequests.view.NewRequest"}]}
RESULT: undefined
COMMAND: POST /session/f7dda4deea86e37c44fc2a10a2b2b70a/execute/async - {"script":"<script> [776 bytes]","args":[{"enterText":"1001 - 1001","selector":{"id":"costObjectIdComboBox","viewName":"etm.portal.ui.managerequests.view.NewRequest","searchOpenDialogs":true,"interaction":{"idSuffix":"inner"}},"clearTextFirst":true,"interactionType":"ENTER_TEXT"}]}
RESULT: {"script":"<script> [776 bytes]","args":[{"enterText":"1001 - 1001","selector":{"id":"costObjectIdComboBox","viewName":"etm.portal.ui.managerequests.view.NewRequest","searchOpenDialogs":true,"interaction":{"idSuffix":"inner"}},"clearTextFirst":true,"interactionType":"ENTER_TEXT"}]}
COMMAND: POST /session/f7dda4deea86e37c44fc2a10a2b2b70a/actions - {"actions":[{"id":"action21","type":"key","parameters":{},"actions":[{"type":"keyDown","value":""},{"type":"pause","duration":10},{"type":"keyUp","value":""}]}]}
RESULT: {"actions":[{"id":"action21","type":"key","parameters":{},"actions":[{"type":"keyDown","value":""},{"type":"pause","duration":10},{"type":"keyUp","value":""}]}]}
COMMAND: GET /session/f7dda4deea86e37c44fc2a10a2b2b70a/screenshot - {}
RESULT: {}
COMMAND: POST /session/f7dda4deea86e37c44fc2a10a2b2b70a/element - {"using":"xpath","value":"(//bdi[(text() = 'Save' or . = 'Save')])[1]"}
RESULT: {"using":"xpath","value":"(//bdi[(text() = 'Save' or . = 'Save')])[1]"}
COMMAND: POST /session/f7dda4deea86e37c44fc2a10a2b2b70a/element/f.30820BDFF87FD38C1A457C97C4719E16.d.E6F3C111B3881D465680EB6583D53445.e.2823/click - {}
RESULT: {}
COMMAND: POST /session/f7dda4deea86e37c44fc2a10a2b2b70a/execute/async - {"script":"<script> [1562 bytes]","args":[{"selector":{"controlType":"sap.ui.core.Icon","viewName":"etm.portal.ui.managerequests.view.NewRequest","properties":{"src":{"regex":{"source":"message\\-error"}}},"ancestor":{"controlType":"sap.m.ColumnListItem","viewName":"etm.portal.ui.managerequests.view.NewRequest","bindingPath":{"modelName":"newRequestItems","path":"/RequestItems/1"},"ancestor":{"id":"requestItemsTable","viewName":"etm.portal.ui.managerequests.view.NewRequest"}}},"wdio_ui5_key":"etmportal.ui.managerequests.view.NewRequestsap.ui.core.Icon{\"src\":{\"regex\":{\"source\":\"message\\\\-error\"}}}{\"controlType\":\"sap.m.ColumnListItem\",\"viewName\":\"etm.portal.ui.managerequests.view.NewRequest\",\"bindingPath\":{\"modelName\":\"newRequestItems\",\"path\":\"/RequestItems/1\"},\"ancestor\":{\"id\":\"requestItemsTable\",\"viewName\":\"etm.portal.ui.managerequests.view.NewRequest\"}}"}]}
COMMAND: GET /session/f7dda4deea86e37c44fc2a10a2b2b70a/screenshot - {}
RESULT: {"script":"<script> [1562 bytes]","args":[{"selector":{"controlType":"sap.ui.core.Icon","viewName":"etm.portal.ui.managerequests.view.NewRequest","properties":{"src":{"regex":{"source":"message\\-error"}}},"ancestor":{"controlType":"sap.m.ColumnListItem","viewName":"etm.portal.ui.managerequests.view.NewRequest","bindingPath":{"modelName":"newRequestItems","path":"/RequestItems/1"},"ancestor":{"id":"requestItemsTable","viewName":"etm.portal.ui.managerequests.view.NewRequest"}}},"wdio_ui5_key":"etmportal.ui.managerequests.view.NewRequestsap.ui.core.Icon{\"src\":{\"regex\":{\"source\":\"message\\\\-error\"}}}{\"controlType\":\"sap.m.ColumnListItem\",\"viewName\":\"etm.portal.ui.managerequests.view.NewRequest\",\"bindingPath\":{\"modelName\":\"newRequestItems\",\"path\":\"/RequestItems/1\"},\"ancestor\":{\"id\":\"requestItemsTable\",\"viewName\":\"etm.portal.ui.managerequests.view.NewRequest\"}}"}]}
RESULT: undefined
COMMAND: POST /session/f7dda4deea86e37c44fc2a10a2b2b70a/element - {"using":"xpath","value":"//*[@id=\"__status6-__xmlview59--requestItemsTable-1-icon\"]"}
RESULT: {}
RESULT: {"using":"xpath","value":"//*[@id=\"__status6-__xmlview59--requestItemsTable-1-icon\"]"}
COMMAND: POST /session/f7dda4deea86e37c44fc2a10a2b2b70a/element/f.30820BDFF87FD38C1A457C97C4719E16.d.E6F3C111B3881D465680EB6583D53445.e.2802/click - {}
RESULT: {}
COMMAND: GET /session/f7dda4deea86e37c44fc2a10a2b2b70a/screenshot - {}
RESULT: {}
RESULT: undefined
COMMAND: POST /session/f7dda4deea86e37c44fc2a10a2b2b70a/execute/async - {"script":"<script> [776 bytes]","args":[{"enterText":"Cost Center","selector":{"id":"costObjectAdminTypeComboBox","viewName":"etm.portal.ui.managerequests.view.NewRequest","searchOpenDialogs":true,"interaction":{"idSuffix":"inner"}},"clearTextFirst":true,"interactionType":"ENTER_TEXT"}]}
RESULT: {"script":"<script> [776 bytes]","args":[{"enterText":"Cost Center","selector":{"id":"costObjectAdminTypeComboBox","viewName":"etm.portal.ui.managerequests.view.NewRequest","searchOpenDialogs":true,"interaction":{"idSuffix":"inner"}},"clearTextFirst":true,"interactionType":"ENTER_TEXT"}]}
COMMAND: POST /session/f7dda4deea86e37c44fc2a10a2b2b70a/actions - {"actions":[{"id":"action22","type":"key","parameters":{},"actions":[{"type":"keyDown","value":""},{"type":"pause","duration":10},{"type":"keyUp","value":""}]}]}
RESULT: {"actions":[{"id":"action22","type":"key","parameters":{},"actions":[{"type":"keyDown","value":""},{"type":"pause","duration":10},{"type":"keyUp","value":""}]}]}
COMMAND: GET /session/f7dda4deea86e37c44fc2a10a2b2b70a/screenshot - {}
RESULT: {}
RESULT: undefined
COMMAND: POST /session/f7dda4deea86e37c44fc2a10a2b2b70a/execute/async - {"script":"<script> [776 bytes]","args":[{"enterText":"1001 - 1001","selector":{"id":"costObjectIdComboBox","viewName":"etm.portal.ui.managerequests.view.NewRequest","searchOpenDialogs":true,"interaction":{"idSuffix":"inner"}},"clearTextFirst":true,"interactionType":"ENTER_TEXT"}]}
RESULT: {"script":"<script> [776 bytes]","args":[{"enterText":"1001 - 1001","selector":{"id":"costObjectIdComboBox","viewName":"etm.portal.ui.managerequests.view.NewRequest","searchOpenDialogs":true,"interaction":{"idSuffix":"inner"}},"clearTextFirst":true,"interactionType":"ENTER_TEXT"}]}
COMMAND: POST /session/f7dda4deea86e37c44fc2a10a2b2b70a/actions - {"actions":[{"id":"action23","type":"key","parameters":{},"actions":[{"type":"keyDown","value":""},{"type":"pause","duration":10},{"type":"keyUp","value":""}]}]}
RESULT: {"actions":[{"id":"action23","type":"key","parameters":{},"actions":[{"type":"keyDown","value":""},{"type":"pause","duration":10},{"type":"keyUp","value":""}]}]}
COMMAND: GET /session/f7dda4deea86e37c44fc2a10a2b2b70a/screenshot - {}
RESULT: {}
COMMAND: POST /session/f7dda4deea86e37c44fc2a10a2b2b70a/element - {"using":"xpath","value":"(//bdi[(text() = 'Save' or . = 'Save')])[1]"}
RESULT: {"using":"xpath","value":"(//bdi[(text() = 'Save' or . = 'Save')])[1]"}
COMMAND: POST /session/f7dda4deea86e37c44fc2a10a2b2b70a/element/f.30820BDFF87FD38C1A457C97C4719E16.d.E6F3C111B3881D465680EB6583D53445.e.2838/click - {}
RESULT: {}
COMMAND: POST /session/f7dda4deea86e37c44fc2a10a2b2b70a/execute/async - {"script":"<script> [1562 bytes]","args":[{"selector":{"controlType":"sap.ui.core.Icon","viewName":"etm.portal.ui.managerequests.view.NewRequest","properties":{"src":{"regex":{"source":"decline"}}},"ancestor":{"controlType":"sap.m.Token","viewName":"etm.portal.ui.managerequests.view.NewRequest","bindingPath":{"path":"/RequestItems/0/TOKENS/0","propertyPath":"TAG","modelName":"newRequestItems"}}},"wdio_ui5_key":"etmportal.ui.managerequests.view.NewRequestsap.ui.core.Icon{\"src\":{\"regex\":{\"source\":\"decline\"}}}{\"controlType\":\"sap.m.Token\",\"viewName\":\"etm.portal.ui.managerequests.view.NewRequest\",\"bindingPath\":{\"path\":\"/RequestItems/0/TOKENS/0\",\"propertyPath\":\"TAG\",\"modelName\":\"newRequestItems\"}}"}]}
COMMAND: GET /session/f7dda4deea86e37c44fc2a10a2b2b70a/screenshot - {}
RESULT: {"script":"<script> [1562 bytes]","args":[{"selector":{"controlType":"sap.ui.core.Icon","viewName":"etm.portal.ui.managerequests.view.NewRequest","properties":{"src":{"regex":{"source":"decline"}}},"ancestor":{"controlType":"sap.m.Token","viewName":"etm.portal.ui.managerequests.view.NewRequest","bindingPath":{"path":"/RequestItems/0/TOKENS/0","propertyPath":"TAG","modelName":"newRequestItems"}}},"wdio_ui5_key":"etmportal.ui.managerequests.view.NewRequestsap.ui.core.Icon{\"src\":{\"regex\":{\"source\":\"decline\"}}}{\"controlType\":\"sap.m.Token\",\"viewName\":\"etm.portal.ui.managerequests.view.NewRequest\",\"bindingPath\":{\"path\":\"/RequestItems/0/TOKENS/0\",\"propertyPath\":\"TAG\",\"modelName\":\"newRequestItems\"}}"}]}
RESULT: undefined
COMMAND: POST /session/f7dda4deea86e37c44fc2a10a2b2b70a/element - {"using":"xpath","value":"//*[@id=\"__token7-__tokenizer62-__xmlview59--requestItemsTable-0-0-icon\"]"}
RESULT: {}
RESULT: {"using":"xpath","value":"//*[@id=\"__token7-__tokenizer62-__xmlview59--requestItemsTable-0-0-icon\"]"}
COMMAND: POST /session/f7dda4deea86e37c44fc2a10a2b2b70a/element/f.30820BDFF87FD38C1A457C97C4719E16.d.E6F3C111B3881D465680EB6583D53445.e.2840/click - {}
RESULT: {}
COMMAND: GET /session/f7dda4deea86e37c44fc2a10a2b2b70a/screenshot - {}
RESULT: {}
COMMAND: POST /session/f7dda4deea86e37c44fc2a10a2b2b70a/actions - {"actions":[{"id":"action24","type":"key","parameters":{},"actions":[{"type":"keyDown","value":""},{"type":"pause","duration":10},{"type":"keyUp","value":""}]}]}
RESULT: {"actions":[{"id":"action24","type":"key","parameters":{},"actions":[{"type":"keyDown","value":""},{"type":"pause","duration":10},{"type":"keyUp","value":""}]}]}
COMMAND: GET /session/f7dda4deea86e37c44fc2a10a2b2b70a/screenshot - {}
RESULT: {}
COMMAND: POST /session/f7dda4deea86e37c44fc2a10a2b2b70a/execute/async - {"script":"<script> [1562 bytes]","args":[{"selector":{"controlType":"sap.m.Tokenizer","viewName":"etm.portal.ui.managerequests.view.NewRequest","bindingPath":{"path":"/RequestItems/0","propertyPath":"TOKENS","modelName":"newRequestItems"}},"wdio_ui5_key":"etmportal.ui.managerequests.view.NewRequestsap.m.Tokenizer{\"path\":\"/RequestItems/0\",\"propertyPath\":\"TOKENS\",\"modelName\":\"newRequestItems\"}"}]}
RESULT: {"script":"<script> [1562 bytes]","args":[{"selector":{"controlType":"sap.m.Tokenizer","viewName":"etm.portal.ui.managerequests.view.NewRequest","bindingPath":{"path":"/RequestItems/0","propertyPath":"TOKENS","modelName":"newRequestItems"}},"wdio_ui5_key":"etmportal.ui.managerequests.view.NewRequestsap.m.Tokenizer{\"path\":\"/RequestItems/0\",\"propertyPath\":\"TOKENS\",\"modelName\":\"newRequestItems\"}"}]}
RESULT: undefined
COMMAND: POST /session/f7dda4deea86e37c44fc2a10a2b2b70a/execute/async - {"script":"<script> [6424 bytes]","args":[{"element-6066-11e4-a52e-4f735466cecf":"f.30820BDFF87FD38C1A457C97C4719E16.d.E6F3C111B3881D465680EB6583D53445.e.2846"},"getTokens",[]]}
RESULT: {"script":"<script> [6424 bytes]","args":[{"element-6066-11e4-a52e-4f735466cecf":"f.30820BDFF87FD38C1A457C97C4719E16.d.E6F3C111B3881D465680EB6583D53445.e.2846"},"getTokens",[]]}
COMMAND: POST /session/f7dda4deea86e37c44fc2a10a2b2b70a/execute/async - {"script":"<script> [1562 bytes]","args":[{"wdio_ui5_key":"__token7-__tokenizer62-__xmlview59--requestItemsTable-0-0","selector":{"id":"__token7-__tokenizer62-__xmlview59--requestItemsTable-0-0"}}]}
RESULT: {"script":"<script> [1562 bytes]","args":[{"wdio_ui5_key":"__token7-__tokenizer62-__xmlview59--requestItemsTable-0-0","selector":{"id":"__token7-__tokenizer62-__xmlview59--requestItemsTable-0-0"}}]}
RESULT: undefined
RESULT: undefined
COMMAND: POST /session/f7dda4deea86e37c44fc2a10a2b2b70a/execute/async - {"script":"<script> [776 bytes]","args":[{"enterText":"tagRequest1","selector":{"controlType":"sap.m.Input","viewName":"etm.portal.ui.managerequests.view.NewRequest","bindingPath":{"path":"","propertyPath":"/Tags","modelName":"catalogModel"},"ancestor":{"controlType":"sap.m.ColumnListItem","viewName":"etm.portal.ui.managerequests.view.NewRequest","bindingPath":{"modelName":"newRequestItems","path":"/RequestItems/0"},"ancestor":{"id":"requestItemsTable","viewName":"etm.portal.ui.managerequests.view.NewRequest"}},"interaction":{"idSuffix":"inner"}},"clearTextFirst":true,"interactionType":"ENTER_TEXT"}]}
RESULT: {"script":"<script> [776 bytes]","args":[{"enterText":"tagRequest1","selector":{"controlType":"sap.m.Input","viewName":"etm.portal.ui.managerequests.view.NewRequest","bindingPath":{"path":"","propertyPath":"/Tags","modelName":"catalogModel"},"ancestor":{"controlType":"sap.m.ColumnListItem","viewName":"etm.portal.ui.managerequests.view.NewRequest","bindingPath":{"modelName":"newRequestItems","path":"/RequestItems/0"},"ancestor":{"id":"requestItemsTable","viewName":"etm.portal.ui.managerequests.view.NewRequest"}},"interaction":{"idSuffix":"inner"}},"clearTextFirst":true,"interactionType":"ENTER_TEXT"}]}
COMMAND: POST /session/f7dda4deea86e37c44fc2a10a2b2b70a/actions - {"actions":[{"id":"action25","type":"key","parameters":{},"actions":[{"type":"keyDown","value":""},{"type":"pause","duration":10},{"type":"keyUp","value":""}]}]}
RESULT: {"actions":[{"id":"action25","type":"key","parameters":{},"actions":[{"type":"keyDown","value":""},{"type":"pause","duration":10},{"type":"keyUp","value":""}]}]}
COMMAND: GET /session/f7dda4deea86e37c44fc2a10a2b2b70a/screenshot - {}
RESULT: {}
RESULT: undefined
COMMAND: POST /session/f7dda4deea86e37c44fc2a10a2b2b70a/execute/async - {"script":"<script> [6424 bytes]","args":[{"element-6066-11e4-a52e-4f735466cecf":"f.30820BDFF87FD38C1A457C97C4719E16.d.E6F3C111B3881D465680EB6583D53445.e.2846"},"getTokens",[]]}
RESULT: {"script":"<script> [6424 bytes]","args":[{"element-6066-11e4-a52e-4f735466cecf":"f.30820BDFF87FD38C1A457C97C4719E16.d.E6F3C111B3881D465680EB6583D53445.e.2846"},"getTokens",[]]}
COMMAND: POST /session/f7dda4deea86e37c44fc2a10a2b2b70a/execute/async - {"script":"<script> [1562 bytes]","args":[{"wdio_ui5_key":"__token7-__tokenizer62-__xmlview59--requestItemsTable-0-1","selector":{"id":"__token7-__tokenizer62-__xmlview59--requestItemsTable-0-1"}}]}
RESULT: undefined
RESULT: {"script":"<script> [1562 bytes]","args":[{"wdio_ui5_key":"__token7-__tokenizer62-__xmlview59--requestItemsTable-0-1","selector":{"id":"__token7-__tokenizer62-__xmlview59--requestItemsTable-0-1"}}]}
RESULT: undefined
COMMAND: POST /session/f7dda4deea86e37c44fc2a10a2b2b70a/execute/async - {"script":"<script> [1562 bytes]","args":[{"selector":{"controlType":"sap.ui.core.Icon","viewName":"etm.portal.ui.managerequests.view.NewRequest","properties":{"src":{"regex":{"source":"decline"}}},"ancestor":{"controlType":"sap.m.Token","viewName":"etm.portal.ui.managerequests.view.NewRequest","bindingPath":{"path":"/RequestItems/1/TOKENS/0","propertyPath":"TAG","modelName":"newRequestItems"}}},"wdio_ui5_key":"etmportal.ui.managerequests.view.NewRequestsap.ui.core.Icon{\"src\":{\"regex\":{\"source\":\"decline\"}}}{\"controlType\":\"sap.m.Token\",\"viewName\":\"etm.portal.ui.managerequests.view.NewRequest\",\"bindingPath\":{\"path\":\"/RequestItems/1/TOKENS/0\",\"propertyPath\":\"TAG\",\"modelName\":\"newRequestItems\"}}"}]}
RESULT: {"script":"<script> [1562 bytes]","args":[{"selector":{"controlType":"sap.ui.core.Icon","viewName":"etm.portal.ui.managerequests.view.NewRequest","properties":{"src":{"regex":{"source":"decline"}}},"ancestor":{"controlType":"sap.m.Token","viewName":"etm.portal.ui.managerequests.view.NewRequest","bindingPath":{"path":"/RequestItems/1/TOKENS/0","propertyPath":"TAG","modelName":"newRequestItems"}}},"wdio_ui5_key":"etmportal.ui.managerequests.view.NewRequestsap.ui.core.Icon{\"src\":{\"regex\":{\"source\":\"decline\"}}}{\"controlType\":\"sap.m.Token\",\"viewName\":\"etm.portal.ui.managerequests.view.NewRequest\",\"bindingPath\":{\"path\":\"/RequestItems/1/TOKENS/0\",\"propertyPath\":\"TAG\",\"modelName\":\"newRequestItems\"}}"}]}
RESULT: undefined
COMMAND: POST /session/f7dda4deea86e37c44fc2a10a2b2b70a/element - {"using":"xpath","value":"//*[@id=\"__token7-__tokenizer62-__xmlview59--requestItemsTable-1-0-icon\"]"}
RESULT: {"using":"xpath","value":"//*[@id=\"__token7-__tokenizer62-__xmlview59--requestItemsTable-1-0-icon\"]"}
COMMAND: POST /session/f7dda4deea86e37c44fc2a10a2b2b70a/element/f.30820BDFF87FD38C1A457C97C4719E16.d.E6F3C111B3881D465680EB6583D53445.e.2848/click - {}
RESULT: {}
COMMAND: GET /session/f7dda4deea86e37c44fc2a10a2b2b70a/screenshot - {}
RESULT: {}
COMMAND: POST /session/f7dda4deea86e37c44fc2a10a2b2b70a/actions - {"actions":[{"id":"action26","type":"key","parameters":{},"actions":[{"type":"keyDown","value":""},{"type":"pause","duration":10},{"type":"keyUp","value":""}]}]}
RESULT: {"actions":[{"id":"action26","type":"key","parameters":{},"actions":[{"type":"keyDown","value":""},{"type":"pause","duration":10},{"type":"keyUp","value":""}]}]}
COMMAND: GET /session/f7dda4deea86e37c44fc2a10a2b2b70a/screenshot - {}
RESULT: {}
COMMAND: POST /session/f7dda4deea86e37c44fc2a10a2b2b70a/execute/async - {"script":"<script> [1562 bytes]","args":[{"selector":{"controlType":"sap.m.Tokenizer","viewName":"etm.portal.ui.managerequests.view.NewRequest","bindingPath":{"path":"/RequestItems/1","propertyPath":"TOKENS","modelName":"newRequestItems"}},"wdio_ui5_key":"etmportal.ui.managerequests.view.NewRequestsap.m.Tokenizer{\"path\":\"/RequestItems/1\",\"propertyPath\":\"TOKENS\",\"modelName\":\"newRequestItems\"}"}]}
RESULT: {"script":"<script> [1562 bytes]","args":[{"selector":{"controlType":"sap.m.Tokenizer","viewName":"etm.portal.ui.managerequests.view.NewRequest","bindingPath":{"path":"/RequestItems/1","propertyPath":"TOKENS","modelName":"newRequestItems"}},"wdio_ui5_key":"etmportal.ui.managerequests.view.NewRequestsap.m.Tokenizer{\"path\":\"/RequestItems/1\",\"propertyPath\":\"TOKENS\",\"modelName\":\"newRequestItems\"}"}]}
RESULT: undefined
COMMAND: POST /session/f7dda4deea86e37c44fc2a10a2b2b70a/execute/async - {"script":"<script> [6424 bytes]","args":[{"element-6066-11e4-a52e-4f735466cecf":"f.30820BDFF87FD38C1A457C97C4719E16.d.E6F3C111B3881D465680EB6583D53445.e.2854"},"getTokens",[]]}
RESULT: {"script":"<script> [6424 bytes]","args":[{"element-6066-11e4-a52e-4f735466cecf":"f.30820BDFF87FD38C1A457C97C4719E16.d.E6F3C111B3881D465680EB6583D53445.e.2854"},"getTokens",[]]}
COMMAND: POST /session/f7dda4deea86e37c44fc2a10a2b2b70a/execute/async - {"script":"<script> [1562 bytes]","args":[{"wdio_ui5_key":"__token7-__tokenizer62-__xmlview59--requestItemsTable-1-0","selector":{"id":"__token7-__tokenizer62-__xmlview59--requestItemsTable-1-0"}}]}
RESULT: {"script":"<script> [1562 bytes]","args":[{"wdio_ui5_key":"__token7-__tokenizer62-__xmlview59--requestItemsTable-1-0","selector":{"id":"__token7-__tokenizer62-__xmlview59--requestItemsTable-1-0"}}]}
RESULT: undefined
RESULT: undefined
COMMAND: POST /session/f7dda4deea86e37c44fc2a10a2b2b70a/execute/async - {"script":"<script> [776 bytes]","args":[{"enterText":"tagRequest1","selector":{"controlType":"sap.m.Input","viewName":"etm.portal.ui.managerequests.view.NewRequest","bindingPath":{"path":"","propertyPath":"/Tags","modelName":"catalogModel"},"ancestor":{"controlType":"sap.m.ColumnListItem","viewName":"etm.portal.ui.managerequests.view.NewRequest","bindingPath":{"modelName":"newRequestItems","path":"/RequestItems/1"},"ancestor":{"id":"requestItemsTable","viewName":"etm.portal.ui.managerequests.view.NewRequest"}},"interaction":{"idSuffix":"inner"}},"clearTextFirst":true,"interactionType":"ENTER_TEXT"}]}
RESULT: {"script":"<script> [776 bytes]","args":[{"enterText":"tagRequest1","selector":{"controlType":"sap.m.Input","viewName":"etm.portal.ui.managerequests.view.NewRequest","bindingPath":{"path":"","propertyPath":"/Tags","modelName":"catalogModel"},"ancestor":{"controlType":"sap.m.ColumnListItem","viewName":"etm.portal.ui.managerequests.view.NewRequest","bindingPath":{"modelName":"newRequestItems","path":"/RequestItems/1"},"ancestor":{"id":"requestItemsTable","viewName":"etm.portal.ui.managerequests.view.NewRequest"}},"interaction":{"idSuffix":"inner"}},"clearTextFirst":true,"interactionType":"ENTER_TEXT"}]}
COMMAND: POST /session/f7dda4deea86e37c44fc2a10a2b2b70a/actions - {"actions":[{"id":"action27","type":"key","parameters":{},"actions":[{"type":"keyDown","value":""},{"type":"pause","duration":10},{"type":"keyUp","value":""}]}]}
RESULT: {"actions":[{"id":"action27","type":"key","parameters":{},"actions":[{"type":"keyDown","value":""},{"type":"pause","duration":10},{"type":"keyUp","value":""}]}]}
COMMAND: GET /session/f7dda4deea86e37c44fc2a10a2b2b70a/screenshot - {}
RESULT: {}
RESULT: undefined
COMMAND: POST /session/f7dda4deea86e37c44fc2a10a2b2b70a/execute/async - {"script":"<script> [6424 bytes]","args":[{"element-6066-11e4-a52e-4f735466cecf":"f.30820BDFF87FD38C1A457C97C4719E16.d.E6F3C111B3881D465680EB6583D53445.e.2854"},"getTokens",[]]}
RESULT: {"script":"<script> [6424 bytes]","args":[{"element-6066-11e4-a52e-4f735466cecf":"f.30820BDFF87FD38C1A457C97C4719E16.d.E6F3C111B3881D465680EB6583D53445.e.2854"},"getTokens",[]]}
COMMAND: POST /session/f7dda4deea86e37c44fc2a10a2b2b70a/execute/async - {"script":"<script> [1562 bytes]","args":[{"wdio_ui5_key":"__token7-__tokenizer62-__xmlview59--requestItemsTable-1-1","selector":{"id":"__token7-__tokenizer62-__xmlview59--requestItemsTable-1-1"}}]}
RESULT: undefined
RESULT: {"script":"<script> [1562 bytes]","args":[{"wdio_ui5_key":"__token7-__tokenizer62-__xmlview59--requestItemsTable-1-1","selector":{"id":"__token7-__tokenizer62-__xmlview59--requestItemsTable-1-1"}}]}
RESULT: undefined
COMMAND: POST /session/f7dda4deea86e37c44fc2a10a2b2b70a/execute/async - {"script":"<script> [1562 bytes]","args":[{"selector":{"controlType":"sap.m.Button","viewName":"etm.portal.ui.managerequests.view.NewRequest","properties":{"text":"Save"},"i18NText":{"propertyName":"tooltip","key":"save"},"interaction":{"idSuffix":"BDI-content"}},"wdio_ui5_key":"etmportal.ui.managerequests.view.NewRequestsap.m.Button{\"propertyName\":\"tooltip\",\"key\":\"save\"}{\"text\":\"Save\"}"}]}
RESULT: {"script":"<script> [1562 bytes]","args":[{"selector":{"controlType":"sap.m.Button","viewName":"etm.portal.ui.managerequests.view.NewRequest","properties":{"text":"Save"},"i18NText":{"propertyName":"tooltip","key":"save"},"interaction":{"idSuffix":"BDI-content"}},"wdio_ui5_key":"etmportal.ui.managerequests.view.NewRequestsap.m.Button{\"propertyName\":\"tooltip\",\"key\":\"save\"}{\"text\":\"Save\"}"}]}
RESULT: undefined
COMMAND: POST /session/f7dda4deea86e37c44fc2a10a2b2b70a/element - {"using":"xpath","value":"//*[@id=\"__button117\"]"}
RESULT: {"using":"xpath","value":"//*[@id=\"__button117\"]"}
COMMAND: POST /session/f7dda4deea86e37c44fc2a10a2b2b70a/element/f.30820BDFF87FD38C1A457C97C4719E16.d.E6F3C111B3881D465680EB6583D53445.e.2615/click - {}
RESULT: {}
COMMAND: GET /session/f7dda4deea86e37c44fc2a10a2b2b70a/screenshot - {}
RESULT: {}
COMMAND: POST /session/f7dda4deea86e37c44fc2a10a2b2b70a/element - {"using":"xpath","value":"//bdi[contains(@id ,\"BDI-content\")][contains(text(), \"Close\")]"}
RESULT: {"using":"xpath","value":"//bdi[contains(@id ,\"BDI-content\")][contains(text(), \"Close\")]"}
COMMAND: POST /session/f7dda4deea86e37c44fc2a10a2b2b70a/element/f.30820BDFF87FD38C1A457C97C4719E16.d.E6F3C111B3881D465680EB6583D53445.e.2862/click - {}
RESULT: {}
COMMAND: GET /session/f7dda4deea86e37c44fc2a10a2b2b70a/screenshot - {}
RESULT: {}
]]></system-out>
    </testcase>
    <testcase classname="chrome.136_0_7103_93.windows.Manage_Requests_Tags_Tests_US120163" name="Should Edit Request Tags" time="102.314">
      <system-out><![CDATA[
COMMAND: POST /session/f7dda4deea86e37c44fc2a10a2b2b70a/execute/async - {"script":"<script> [1562 bytes]","args":[{"selector":{"controlType":"sap.ui.core.Icon","viewName":"etm.portal.ui.managerequests.view.Detail","properties":{"src":{"regex":{"source":"overflow"}}}},"wdio_ui5_key":"etmportal.ui.managerequests.view.Detailsap.ui.core.Icon{\"src\":{\"regex\":{\"source\":\"overflow\"}}}"}]}
RESULT: {"script":"<script> [1562 bytes]","args":[{"selector":{"controlType":"sap.ui.core.Icon","viewName":"etm.portal.ui.managerequests.view.Detail","properties":{"src":{"regex":{"source":"overflow"}}}},"wdio_ui5_key":"etmportal.ui.managerequests.view.Detailsap.ui.core.Icon{\"src\":{\"regex\":{\"source\":\"overflow\"}}}"}]}
RESULT: undefined
COMMAND: POST /session/f7dda4deea86e37c44fc2a10a2b2b70a/element - {"using":"xpath","value":"//*[@id=\"__xmlview60--detailHeaderTitle-_actionsToolbar-overflowButton-img\"]"}
RESULT: {"using":"xpath","value":"//*[@id=\"__xmlview60--detailHeaderTitle-_actionsToolbar-overflowButton-img\"]"}
COMMAND: POST /session/f7dda4deea86e37c44fc2a10a2b2b70a/element/f.30820BDFF87FD38C1A457C97C4719E16.d.E6F3C111B3881D465680EB6583D53445.e.2986/click - {}
RESULT: {}
COMMAND: GET /session/f7dda4deea86e37c44fc2a10a2b2b70a/screenshot - {}
RESULT: {}
COMMAND: POST /session/f7dda4deea86e37c44fc2a10a2b2b70a/execute/async - {"script":"<script> [1562 bytes]","args":[{"selector":{"controlType":"sap.uxap.ObjectPageHeaderActionButton","viewName":"etm.portal.ui.managerequests.view.Detail","i18NText":{"propertyName":"text","key":"edit"},"searchOpenDialogs":true,"interaction":{"idSuffix":"inner"}},"wdio_ui5_key":"etmportal.ui.managerequests.view.Detailsap.uxap.ObjectPageHeaderActionButton{\"propertyName\":\"text\",\"key\":\"edit\"}"}]}
RESULT: {"script":"<script> [1562 bytes]","args":[{"selector":{"controlType":"sap.uxap.ObjectPageHeaderActionButton","viewName":"etm.portal.ui.managerequests.view.Detail","i18NText":{"propertyName":"text","key":"edit"},"searchOpenDialogs":true,"interaction":{"idSuffix":"inner"}},"wdio_ui5_key":"etmportal.ui.managerequests.view.Detailsap.uxap.ObjectPageHeaderActionButton{\"propertyName\":\"text\",\"key\":\"edit\"}"}]}
RESULT: undefined
COMMAND: POST /session/f7dda4deea86e37c44fc2a10a2b2b70a/element - {"using":"xpath","value":"//*[@id=\"__button138\"]"}
RESULT: {"using":"xpath","value":"//*[@id=\"__button138\"]"}
COMMAND: POST /session/f7dda4deea86e37c44fc2a10a2b2b70a/element/f.30820BDFF87FD38C1A457C97C4719E16.d.E6F3C111B3881D465680EB6583D53445.e.2988/click - {}
RESULT: {}
COMMAND: GET /session/f7dda4deea86e37c44fc2a10a2b2b70a/screenshot - {}
RESULT: {}
COMMAND: POST /session/f7dda4deea86e37c44fc2a10a2b2b70a/execute/async - {"script":"<script> [1562 bytes]","args":[{"selector":{"controlType":"sap.ui.core.Icon","viewName":"etm.portal.ui.managerequests.view.Edit","properties":{"src":{"regex":{"source":"decline"}}},"ancestor":{"controlType":"sap.m.Token","viewName":"etm.portal.ui.managerequests.view.Edit","bindingPath":{"propertyPath":"TAG","modelName":"catalogModel"},"properties":{"text":"RefTag"}}},"wdio_ui5_key":"etmportal.ui.managerequests.view.Editsap.ui.core.Icon{\"src\":{\"regex\":{\"source\":\"decline\"}}}{\"controlType\":\"sap.m.Token\",\"viewName\":\"etm.portal.ui.managerequests.view.Edit\",\"bindingPath\":{\"propertyPath\":\"TAG\",\"modelName\":\"catalogModel\"},\"properties\":{\"text\":\"RefTag\"}}"}]}
RESULT: {"script":"<script> [1562 bytes]","args":[{"selector":{"controlType":"sap.ui.core.Icon","viewName":"etm.portal.ui.managerequests.view.Edit","properties":{"src":{"regex":{"source":"decline"}}},"ancestor":{"controlType":"sap.m.Token","viewName":"etm.portal.ui.managerequests.view.Edit","bindingPath":{"propertyPath":"TAG","modelName":"catalogModel"},"properties":{"text":"RefTag"}}},"wdio_ui5_key":"etmportal.ui.managerequests.view.Editsap.ui.core.Icon{\"src\":{\"regex\":{\"source\":\"decline\"}}}{\"controlType\":\"sap.m.Token\",\"viewName\":\"etm.portal.ui.managerequests.view.Edit\",\"bindingPath\":{\"propertyPath\":\"TAG\",\"modelName\":\"catalogModel\"},\"properties\":{\"text\":\"RefTag\"}}"}]}
RESULT: undefined
COMMAND: POST /session/f7dda4deea86e37c44fc2a10a2b2b70a/element - {"using":"xpath","value":"//*[@id=\"__token13-__tokenizer64-0-icon\"]"}
RESULT: {"using":"xpath","value":"//*[@id=\"__token13-__tokenizer64-0-icon\"]"}
COMMAND: POST /session/f7dda4deea86e37c44fc2a10a2b2b70a/element/f.30820BDFF87FD38C1A457C97C4719E16.d.E6F3C111B3881D465680EB6583D53445.e.3097/click - {}
RESULT: {}
COMMAND: POST /session/f7dda4deea86e37c44fc2a10a2b2b70a/execute/async - {"script":"<script> [1562 bytes]","args":[{"selector":{"id":"tagMultiInputRequests","viewName":"etm.portal.ui.managerequests.view.Edit","interaction":{"idSuffix":"inner"}},"wdio_ui5_key":"tagMultiInputRequestsetmportal.ui.managerequests.view.Edit"}]}
COMMAND: GET /session/f7dda4deea86e37c44fc2a10a2b2b70a/screenshot - {}
RESULT: {"script":"<script> [1562 bytes]","args":[{"selector":{"id":"tagMultiInputRequests","viewName":"etm.portal.ui.managerequests.view.Edit","interaction":{"idSuffix":"inner"}},"wdio_ui5_key":"tagMultiInputRequestsetmportal.ui.managerequests.view.Edit"}]}
RESULT: undefined
COMMAND: POST /session/f7dda4deea86e37c44fc2a10a2b2b70a/execute/async - {"script":"<script> [6424 bytes]","args":[{"element-6066-11e4-a52e-4f735466cecf":"f.30820BDFF87FD38C1A457C97C4719E16.d.E6F3C111B3881D465680EB6583D53445.e.3022"},"getTokens",[]]}
RESULT: {}
RESULT: {"script":"<script> [6424 bytes]","args":[{"element-6066-11e4-a52e-4f735466cecf":"f.30820BDFF87FD38C1A457C97C4719E16.d.E6F3C111B3881D465680EB6583D53445.e.3022"},"getTokens",[]]}
COMMAND: POST /session/f7dda4deea86e37c44fc2a10a2b2b70a/execute/async - {"script":"<script> [1562 bytes]","args":[{"wdio_ui5_key":"__token13-__tokenizer64-1","selector":{"id":"__token13-__tokenizer64-1"}}]}
RESULT: {"script":"<script> [1562 bytes]","args":[{"wdio_ui5_key":"__token13-__tokenizer64-1","selector":{"id":"__token13-__tokenizer64-1"}}]}
RESULT: undefined
RESULT: undefined
COMMAND: POST /session/f7dda4deea86e37c44fc2a10a2b2b70a/execute/async - {"script":"<script> [776 bytes]","args":[{"enterText":"RefTag","selector":{"id":"tagMultiInputRequests","viewName":"etm.portal.ui.managerequests.view.Edit","interaction":{"idSuffix":"inner"}},"clearTextFirst":true,"interactionType":"ENTER_TEXT"}]}
RESULT: {"script":"<script> [776 bytes]","args":[{"enterText":"RefTag","selector":{"id":"tagMultiInputRequests","viewName":"etm.portal.ui.managerequests.view.Edit","interaction":{"idSuffix":"inner"}},"clearTextFirst":true,"interactionType":"ENTER_TEXT"}]}
COMMAND: POST /session/f7dda4deea86e37c44fc2a10a2b2b70a/actions - {"actions":[{"id":"action28","type":"key","parameters":{},"actions":[{"type":"keyDown","value":""},{"type":"pause","duration":10},{"type":"keyUp","value":""}]}]}
RESULT: {"actions":[{"id":"action28","type":"key","parameters":{},"actions":[{"type":"keyDown","value":""},{"type":"pause","duration":10},{"type":"keyUp","value":""}]}]}
COMMAND: GET /session/f7dda4deea86e37c44fc2a10a2b2b70a/screenshot - {}
RESULT: {}
RESULT: undefined
COMMAND: POST /session/f7dda4deea86e37c44fc2a10a2b2b70a/execute/async - {"script":"<script> [6424 bytes]","args":[{"element-6066-11e4-a52e-4f735466cecf":"f.30820BDFF87FD38C1A457C97C4719E16.d.E6F3C111B3881D465680EB6583D53445.e.3022"},"getTokens",[]]}
RESULT: {"script":"<script> [6424 bytes]","args":[{"element-6066-11e4-a52e-4f735466cecf":"f.30820BDFF87FD38C1A457C97C4719E16.d.E6F3C111B3881D465680EB6583D53445.e.3022"},"getTokens",[]]}
COMMAND: POST /session/f7dda4deea86e37c44fc2a10a2b2b70a/execute/async - {"script":"<script> [1562 bytes]","args":[{"wdio_ui5_key":"__token16","selector":{"id":"__token16"}}]}
RESULT: undefined
RESULT: {"script":"<script> [1562 bytes]","args":[{"wdio_ui5_key":"__token16","selector":{"id":"__token16"}}]}
RESULT: undefined
COMMAND: POST /session/f7dda4deea86e37c44fc2a10a2b2b70a/execute/async - {"script":"<script> [1562 bytes]","args":[{"selector":{"controlType":"sap.m.Button","viewName":"etm.portal.ui.managerequests.view.Edit","properties":{"text":"Items (2)"},"interaction":{"idSuffix":"BDI-content"}},"wdio_ui5_key":"etmportal.ui.managerequests.view.Editsap.m.Button{\"text\":\"Items (2)\"}"}]}
RESULT: {"script":"<script> [1562 bytes]","args":[{"selector":{"controlType":"sap.m.Button","viewName":"etm.portal.ui.managerequests.view.Edit","properties":{"text":"Items (2)"},"interaction":{"idSuffix":"BDI-content"}},"wdio_ui5_key":"etmportal.ui.managerequests.view.Editsap.m.Button{\"text\":\"Items (2)\"}"}]}
RESULT: undefined
COMMAND: POST /session/f7dda4deea86e37c44fc2a10a2b2b70a/element - {"using":"xpath","value":"//*[@id=\"__xmlview61--editRequestPage-anchBar-__xmlview61--requestItemsSection-anchor\"]"}
RESULT: {"using":"xpath","value":"//*[@id=\"__xmlview61--editRequestPage-anchBar-__xmlview61--requestItemsSection-anchor\"]"}
COMMAND: POST /session/f7dda4deea86e37c44fc2a10a2b2b70a/element/f.30820BDFF87FD38C1A457C97C4719E16.d.E6F3C111B3881D465680EB6583D53445.e.3102/click - {}
RESULT: {}
COMMAND: GET /session/f7dda4deea86e37c44fc2a10a2b2b70a/screenshot - {}
RESULT: {}
COMMAND: POST /session/f7dda4deea86e37c44fc2a10a2b2b70a/execute/async - {"script":"<script> [1562 bytes]","args":[{"selector":{"controlType":"sap.ui.core.Icon","viewName":"etm.portal.ui.managerequests.view.Edit","properties":{"src":{"regex":{"source":"inspect"}}}},"wdio_ui5_key":"etmportal.ui.managerequests.view.Editsap.ui.core.Icon{\"src\":{\"regex\":{\"source\":\"inspect\"}}}"}]}
RESULT: {"script":"<script> [1562 bytes]","args":[{"selector":{"controlType":"sap.ui.core.Icon","viewName":"etm.portal.ui.managerequests.view.Edit","properties":{"src":{"regex":{"source":"inspect"}}}},"wdio_ui5_key":"etmportal.ui.managerequests.view.Editsap.ui.core.Icon{\"src\":{\"regex\":{\"source\":\"inspect\"}}}"}]}
RESULT: undefined
COMMAND: POST /session/f7dda4deea86e37c44fc2a10a2b2b70a/element - {"using":"xpath","value":"//*[@id=\"__button165-img\"]"}
RESULT: {"using":"xpath","value":"//*[@id=\"__button165-img\"]"}
COMMAND: POST /session/f7dda4deea86e37c44fc2a10a2b2b70a/element/f.30820BDFF87FD38C1A457C97C4719E16.d.E6F3C111B3881D465680EB6583D53445.e.3108/click - {}
RESULT: {}
COMMAND: GET /session/f7dda4deea86e37c44fc2a10a2b2b70a/screenshot - {}
RESULT: {}
COMMAND: POST /session/f7dda4deea86e37c44fc2a10a2b2b70a/execute/async - {"script":"<script> [1562 bytes]","args":[{"selector":{"controlType":"sap.m.Tokenizer","viewName":"etm.portal.ui.managerequests.view.Edit","bindingPath":{"path":"/RequestItems/0","propertyPath":"LINK_TO_TAGS","modelName":"RequestItemsModel"}},"wdio_ui5_key":"etmportal.ui.managerequests.view.Editsap.m.Tokenizer{\"path\":\"/RequestItems/0\",\"propertyPath\":\"LINK_TO_TAGS\",\"modelName\":\"RequestItemsModel\"}"}]}
RESULT: {"script":"<script> [1562 bytes]","args":[{"selector":{"controlType":"sap.m.Tokenizer","viewName":"etm.portal.ui.managerequests.view.Edit","bindingPath":{"path":"/RequestItems/0","propertyPath":"LINK_TO_TAGS","modelName":"RequestItemsModel"}},"wdio_ui5_key":"etmportal.ui.managerequests.view.Editsap.m.Tokenizer{\"path\":\"/RequestItems/0\",\"propertyPath\":\"LINK_TO_TAGS\",\"modelName\":\"RequestItemsModel\"}"}]}
RESULT: undefined
COMMAND: POST /session/f7dda4deea86e37c44fc2a10a2b2b70a/element - {"using":"xpath","value":"//*[@id=\"__tokenizer66\"]"}
RESULT: {"using":"xpath","value":"//*[@id=\"__tokenizer66\"]"}
COMMAND: POST /session/f7dda4deea86e37c44fc2a10a2b2b70a/element/f.30820BDFF87FD38C1A457C97C4719E16.d.E6F3C111B3881D465680EB6583D53445.e.3110/click - {}
RESULT: {}
COMMAND: GET /session/f7dda4deea86e37c44fc2a10a2b2b70a/screenshot - {}
RESULT: {}
COMMAND: POST /session/f7dda4deea86e37c44fc2a10a2b2b70a/execute/async - {"script":"<script> [1562 bytes]","args":[{"selector":{"controlType":"sap.ui.core.Icon","viewName":"etm.portal.ui.managerequests.view.Edit","properties":{"src":{"regex":{"source":"decline"}}},"searchOpenDialogs":true,"ancestor":{"controlType":"sap.m.StandardListItem","viewName":"etm.portal.ui.managerequests.view.Edit","properties":{"title":"tag-duplicate"},"searchOpenDialogs":true}},"wdio_ui5_key":"etmportal.ui.managerequests.view.Editsap.ui.core.Icon{\"src\":{\"regex\":{\"source\":\"decline\"}}}{\"controlType\":\"sap.m.StandardListItem\",\"viewName\":\"etm.portal.ui.managerequests.view.Edit\",\"properties\":{\"title\":\"tag-duplicate\"},\"searchOpenDialogs\":true}"}]}
RESULT: {"script":"<script> [1562 bytes]","args":[{"selector":{"controlType":"sap.ui.core.Icon","viewName":"etm.portal.ui.managerequests.view.Edit","properties":{"src":{"regex":{"source":"decline"}}},"searchOpenDialogs":true,"ancestor":{"controlType":"sap.m.StandardListItem","viewName":"etm.portal.ui.managerequests.view.Edit","properties":{"title":"tag-duplicate"},"searchOpenDialogs":true}},"wdio_ui5_key":"etmportal.ui.managerequests.view.Editsap.ui.core.Icon{\"src\":{\"regex\":{\"source\":\"decline\"}}}{\"controlType\":\"sap.m.StandardListItem\",\"viewName\":\"etm.portal.ui.managerequests.view.Edit\",\"properties\":{\"title\":\"tag-duplicate\"},\"searchOpenDialogs\":true}"}]}
RESULT: undefined
COMMAND: POST /session/f7dda4deea86e37c44fc2a10a2b2b70a/element - {"using":"xpath","value":"//*[@id=\"__item1331-imgDel-img\"]"}
RESULT: {"using":"xpath","value":"//*[@id=\"__item1331-imgDel-img\"]"}
COMMAND: POST /session/f7dda4deea86e37c44fc2a10a2b2b70a/element/f.30820BDFF87FD38C1A457C97C4719E16.d.E6F3C111B3881D465680EB6583D53445.e.3113/click - {}
RESULT: {}
COMMAND: GET /session/f7dda4deea86e37c44fc2a10a2b2b70a/screenshot - {}
RESULT: {}
COMMAND: POST /session/f7dda4deea86e37c44fc2a10a2b2b70a/actions - {"actions":[{"id":"action29","type":"key","parameters":{},"actions":[{"type":"keyDown","value":""},{"type":"pause","duration":10},{"type":"keyUp","value":""}]}]}
RESULT: {"actions":[{"id":"action29","type":"key","parameters":{},"actions":[{"type":"keyDown","value":""},{"type":"pause","duration":10},{"type":"keyUp","value":""}]}]}
COMMAND: POST /session/f7dda4deea86e37c44fc2a10a2b2b70a/execute/async - {"script":"<script> [1562 bytes]","args":[{"selector":{"controlType":"sap.m.Tokenizer","viewName":"etm.portal.ui.managerequests.view.Edit","bindingPath":{"path":"/RequestItems/1","propertyPath":"LINK_TO_TAGS","modelName":"RequestItemsModel"}},"wdio_ui5_key":"etmportal.ui.managerequests.view.Editsap.m.Tokenizer{\"path\":\"/RequestItems/1\",\"propertyPath\":\"LINK_TO_TAGS\",\"modelName\":\"RequestItemsModel\"}"}]}
COMMAND: GET /session/f7dda4deea86e37c44fc2a10a2b2b70a/screenshot - {}
RESULT: {"script":"<script> [1562 bytes]","args":[{"selector":{"controlType":"sap.m.Tokenizer","viewName":"etm.portal.ui.managerequests.view.Edit","bindingPath":{"path":"/RequestItems/1","propertyPath":"LINK_TO_TAGS","modelName":"RequestItemsModel"}},"wdio_ui5_key":"etmportal.ui.managerequests.view.Editsap.m.Tokenizer{\"path\":\"/RequestItems/1\",\"propertyPath\":\"LINK_TO_TAGS\",\"modelName\":\"RequestItemsModel\"}"}]}
RESULT: undefined
COMMAND: POST /session/f7dda4deea86e37c44fc2a10a2b2b70a/element - {"using":"xpath","value":"//*[@id=\"__tokenizer67\"]"}
RESULT: {}
RESULT: {"using":"xpath","value":"//*[@id=\"__tokenizer67\"]"}
COMMAND: POST /session/f7dda4deea86e37c44fc2a10a2b2b70a/element/f.30820BDFF87FD38C1A457C97C4719E16.d.E6F3C111B3881D465680EB6583D53445.e.3116/click - {}
RESULT: {}
COMMAND: GET /session/f7dda4deea86e37c44fc2a10a2b2b70a/screenshot - {}
RESULT: {}
COMMAND: POST /session/f7dda4deea86e37c44fc2a10a2b2b70a/execute/async - {"script":"<script> [1562 bytes]","args":[{"selector":{"controlType":"sap.ui.core.Icon","viewName":"etm.portal.ui.managerequests.view.Edit","properties":{"src":{"regex":{"source":"decline"}}},"searchOpenDialogs":true,"ancestor":{"controlType":"sap.m.StandardListItem","viewName":"etm.portal.ui.managerequests.view.Edit","properties":{"title":"tagRequest1"},"searchOpenDialogs":true}},"wdio_ui5_key":"etmportal.ui.managerequests.view.Editsap.ui.core.Icon{\"src\":{\"regex\":{\"source\":\"decline\"}}}{\"controlType\":\"sap.m.StandardListItem\",\"viewName\":\"etm.portal.ui.managerequests.view.Edit\",\"properties\":{\"title\":\"tagRequest1\"},\"searchOpenDialogs\":true}"}]}
RESULT: {"script":"<script> [1562 bytes]","args":[{"selector":{"controlType":"sap.ui.core.Icon","viewName":"etm.portal.ui.managerequests.view.Edit","properties":{"src":{"regex":{"source":"decline"}}},"searchOpenDialogs":true,"ancestor":{"controlType":"sap.m.StandardListItem","viewName":"etm.portal.ui.managerequests.view.Edit","properties":{"title":"tagRequest1"},"searchOpenDialogs":true}},"wdio_ui5_key":"etmportal.ui.managerequests.view.Editsap.ui.core.Icon{\"src\":{\"regex\":{\"source\":\"decline\"}}}{\"controlType\":\"sap.m.StandardListItem\",\"viewName\":\"etm.portal.ui.managerequests.view.Edit\",\"properties\":{\"title\":\"tagRequest1\"},\"searchOpenDialogs\":true}"}]}
RESULT: undefined
COMMAND: POST /session/f7dda4deea86e37c44fc2a10a2b2b70a/element - {"using":"xpath","value":"//*[@id=\"__item1339-imgDel-img\"]"}
RESULT: {"using":"xpath","value":"//*[@id=\"__item1339-imgDel-img\"]"}
COMMAND: POST /session/f7dda4deea86e37c44fc2a10a2b2b70a/element/f.30820BDFF87FD38C1A457C97C4719E16.d.E6F3C111B3881D465680EB6583D53445.e.3119/click - {}
RESULT: {}
COMMAND: GET /session/f7dda4deea86e37c44fc2a10a2b2b70a/screenshot - {}
RESULT: {}
COMMAND: POST /session/f7dda4deea86e37c44fc2a10a2b2b70a/execute/async - {"script":"<script> [1562 bytes]","args":[{"selector":{"controlType":"sap.ui.core.Icon","viewName":"etm.portal.ui.managerequests.view.Edit","properties":{"src":{"regex":{"source":"decline"}}},"searchOpenDialogs":true,"ancestor":{"controlType":"sap.m.StandardListItem","viewName":"etm.portal.ui.managerequests.view.Edit","properties":{"title":"RefTag"},"searchOpenDialogs":true}},"wdio_ui5_key":"etmportal.ui.managerequests.view.Editsap.ui.core.Icon{\"src\":{\"regex\":{\"source\":\"decline\"}}}{\"controlType\":\"sap.m.StandardListItem\",\"viewName\":\"etm.portal.ui.managerequests.view.Edit\",\"properties\":{\"title\":\"RefTag\"},\"searchOpenDialogs\":true}"}]}
RESULT: {"script":"<script> [1562 bytes]","args":[{"selector":{"controlType":"sap.ui.core.Icon","viewName":"etm.portal.ui.managerequests.view.Edit","properties":{"src":{"regex":{"source":"decline"}}},"searchOpenDialogs":true,"ancestor":{"controlType":"sap.m.StandardListItem","viewName":"etm.portal.ui.managerequests.view.Edit","properties":{"title":"RefTag"},"searchOpenDialogs":true}},"wdio_ui5_key":"etmportal.ui.managerequests.view.Editsap.ui.core.Icon{\"src\":{\"regex\":{\"source\":\"decline\"}}}{\"controlType\":\"sap.m.StandardListItem\",\"viewName\":\"etm.portal.ui.managerequests.view.Edit\",\"properties\":{\"title\":\"RefTag\"},\"searchOpenDialogs\":true}"}]}
RESULT: undefined
COMMAND: POST /session/f7dda4deea86e37c44fc2a10a2b2b70a/element - {"using":"xpath","value":"//*[@id=\"__item1343-imgDel-img\"]"}
RESULT: {"using":"xpath","value":"//*[@id=\"__item1343-imgDel-img\"]"}
COMMAND: POST /session/f7dda4deea86e37c44fc2a10a2b2b70a/element/f.30820BDFF87FD38C1A457C97C4719E16.d.E6F3C111B3881D465680EB6583D53445.e.3122/click - {}
RESULT: {}
COMMAND: GET /session/f7dda4deea86e37c44fc2a10a2b2b70a/screenshot - {}
RESULT: {}
COMMAND: POST /session/f7dda4deea86e37c44fc2a10a2b2b70a/execute/async - {"script":"<script> [1562 bytes]","args":[{"selector":{"controlType":"sap.ui.core.Icon","viewName":"etm.portal.ui.managerequests.view.Edit","properties":{"src":{"regex":{"source":"decline"}}},"searchOpenDialogs":true,"ancestor":{"controlType":"sap.m.StandardListItem","viewName":"etm.portal.ui.managerequests.view.Edit","properties":{"title":"tag-header"},"searchOpenDialogs":true}},"wdio_ui5_key":"etmportal.ui.managerequests.view.Editsap.ui.core.Icon{\"src\":{\"regex\":{\"source\":\"decline\"}}}{\"controlType\":\"sap.m.StandardListItem\",\"viewName\":\"etm.portal.ui.managerequests.view.Edit\",\"properties\":{\"title\":\"tag-header\"},\"searchOpenDialogs\":true}"}]}
RESULT: {"script":"<script> [1562 bytes]","args":[{"selector":{"controlType":"sap.ui.core.Icon","viewName":"etm.portal.ui.managerequests.view.Edit","properties":{"src":{"regex":{"source":"decline"}}},"searchOpenDialogs":true,"ancestor":{"controlType":"sap.m.StandardListItem","viewName":"etm.portal.ui.managerequests.view.Edit","properties":{"title":"tag-header"},"searchOpenDialogs":true}},"wdio_ui5_key":"etmportal.ui.managerequests.view.Editsap.ui.core.Icon{\"src\":{\"regex\":{\"source\":\"decline\"}}}{\"controlType\":\"sap.m.StandardListItem\",\"viewName\":\"etm.portal.ui.managerequests.view.Edit\",\"properties\":{\"title\":\"tag-header\"},\"searchOpenDialogs\":true}"}]}
RESULT: undefined
COMMAND: POST /session/f7dda4deea86e37c44fc2a10a2b2b70a/element - {"using":"xpath","value":"//*[@id=\"__item1346-imgDel-img\"]"}
RESULT: {"using":"xpath","value":"//*[@id=\"__item1346-imgDel-img\"]"}
COMMAND: POST /session/f7dda4deea86e37c44fc2a10a2b2b70a/element/f.30820BDFF87FD38C1A457C97C4719E16.d.E6F3C111B3881D465680EB6583D53445.e.3125/click - {}
RESULT: {}
COMMAND: GET /session/f7dda4deea86e37c44fc2a10a2b2b70a/screenshot - {}
RESULT: {}
COMMAND: POST /session/f7dda4deea86e37c44fc2a10a2b2b70a/actions - {"actions":[{"id":"action30","type":"key","parameters":{},"actions":[{"type":"keyDown","value":""},{"type":"pause","duration":10},{"type":"keyUp","value":""}]}]}
RESULT: {"actions":[{"id":"action30","type":"key","parameters":{},"actions":[{"type":"keyDown","value":""},{"type":"pause","duration":10},{"type":"keyUp","value":""}]}]}
COMMAND: POST /session/f7dda4deea86e37c44fc2a10a2b2b70a/actions - {"actions":[{"id":"action31","type":"key","parameters":{},"actions":[{"type":"keyDown","value":""},{"type":"pause","duration":10},{"type":"keyUp","value":""}]}]}
COMMAND: GET /session/f7dda4deea86e37c44fc2a10a2b2b70a/screenshot - {}
RESULT: {"actions":[{"id":"action31","type":"key","parameters":{},"actions":[{"type":"keyDown","value":""},{"type":"pause","duration":10},{"type":"keyUp","value":""}]}]}
COMMAND: GET /session/f7dda4deea86e37c44fc2a10a2b2b70a/screenshot - {}
RESULT: {}
RESULT: {}
COMMAND: POST /session/f7dda4deea86e37c44fc2a10a2b2b70a/execute/async - {"script":"<script> [1562 bytes]","args":[{"selector":{"controlType":"sap.m.Button","viewName":"etm.portal.ui.managerequests.view.Edit","i18NText":{"propertyName":"tooltip","key":"save"},"interaction":{"idSuffix":"BDI-content"}},"wdio_ui5_key":"etmportal.ui.managerequests.view.Editsap.m.Button{\"propertyName\":\"tooltip\",\"key\":\"save\"}"}]}
RESULT: {"script":"<script> [1562 bytes]","args":[{"selector":{"controlType":"sap.m.Button","viewName":"etm.portal.ui.managerequests.view.Edit","i18NText":{"propertyName":"tooltip","key":"save"},"interaction":{"idSuffix":"BDI-content"}},"wdio_ui5_key":"etmportal.ui.managerequests.view.Editsap.m.Button{\"propertyName\":\"tooltip\",\"key\":\"save\"}"}]}
RESULT: undefined
COMMAND: POST /session/f7dda4deea86e37c44fc2a10a2b2b70a/element - {"using":"xpath","value":"//*[@id=\"__xmlview61--saveButtonId\"]"}
RESULT: {"using":"xpath","value":"//*[@id=\"__xmlview61--saveButtonId\"]"}
COMMAND: POST /session/f7dda4deea86e37c44fc2a10a2b2b70a/element/f.30820BDFF87FD38C1A457C97C4719E16.d.E6F3C111B3881D465680EB6583D53445.e.3031/click - {}
RESULT: {}
COMMAND: GET /session/f7dda4deea86e37c44fc2a10a2b2b70a/screenshot - {}
RESULT: {}
COMMAND: POST /session/f7dda4deea86e37c44fc2a10a2b2b70a/execute/async - {"script":"<script> [1562 bytes]","args":[{"selector":{"id":"tagsLayoutViewMode","viewName":"etm.portal.ui.managerequests.view.Detail"},"wdio_ui5_key":"tagsLayoutViewModeetmportal.ui.managerequests.view.Detail"}]}
RESULT: {"script":"<script> [1562 bytes]","args":[{"selector":{"id":"tagsLayoutViewMode","viewName":"etm.portal.ui.managerequests.view.Detail"},"wdio_ui5_key":"tagsLayoutViewModeetmportal.ui.managerequests.view.Detail"}]}
RESULT: undefined
COMMAND: POST /session/f7dda4deea86e37c44fc2a10a2b2b70a/execute/async - {"script":"<script> [6424 bytes]","args":[{"element-6066-11e4-a52e-4f735466cecf":"f.30820BDFF87FD38C1A457C97C4719E16.d.E6F3C111B3881D465680EB6583D53445.e.3253"},"getTokens",[]]}
RESULT: {"script":"<script> [6424 bytes]","args":[{"element-6066-11e4-a52e-4f735466cecf":"f.30820BDFF87FD38C1A457C97C4719E16.d.E6F3C111B3881D465680EB6583D53445.e.3253"},"getTokens",[]]}
COMMAND: POST /session/f7dda4deea86e37c44fc2a10a2b2b70a/execute/async - {"script":"<script> [1562 bytes]","args":[{"wdio_ui5_key":"__token11-__xmlview60--tagsLayoutViewMode-1","selector":{"id":"__token11-__xmlview60--tagsLayoutViewMode-1"}}]}
COMMAND: POST /session/f7dda4deea86e37c44fc2a10a2b2b70a/execute/async - {"script":"<script> [1562 bytes]","args":[{"wdio_ui5_key":"__token11-__xmlview60--tagsLayoutViewMode-0","selector":{"id":"__token11-__xmlview60--tagsLayoutViewMode-0"}}]}
RESULT: {"script":"<script> [1562 bytes]","args":[{"wdio_ui5_key":"__token11-__xmlview60--tagsLayoutViewMode-1","selector":{"id":"__token11-__xmlview60--tagsLayoutViewMode-1"}}]}
RESULT: undefined
RESULT: {"script":"<script> [1562 bytes]","args":[{"wdio_ui5_key":"__token11-__xmlview60--tagsLayoutViewMode-0","selector":{"id":"__token11-__xmlview60--tagsLayoutViewMode-0"}}]}
RESULT: undefined
COMMAND: POST /session/f7dda4deea86e37c44fc2a10a2b2b70a/execute/async - {"script":"<script> [1562 bytes]","args":[{"selector":{"controlType":"sap.m.OverflowToolbarButton","viewName":"etm.portal.ui.managerequests.view.Detail","properties":{"text":"Settings"},"interaction":{"idSuffix":"inner"}},"wdio_ui5_key":"etmportal.ui.managerequests.view.Detailsap.m.OverflowToolbarButton{\"text\":\"Settings\"}"}]}
RESULT: {"script":"<script> [1562 bytes]","args":[{"selector":{"controlType":"sap.m.OverflowToolbarButton","viewName":"etm.portal.ui.managerequests.view.Detail","properties":{"text":"Settings"},"interaction":{"idSuffix":"inner"}},"wdio_ui5_key":"etmportal.ui.managerequests.view.Detailsap.m.OverflowToolbarButton{\"text\":\"Settings\"}"}]}
RESULT: undefined
COMMAND: POST /session/f7dda4deea86e37c44fc2a10a2b2b70a/element - {"using":"xpath","value":"//*[@id=\"__xmlview60--smartTableRequestItems-btnPersonalisation\"]"}
RESULT: {"using":"xpath","value":"//*[@id=\"__xmlview60--smartTableRequestItems-btnPersonalisation\"]"}
COMMAND: POST /session/f7dda4deea86e37c44fc2a10a2b2b70a/element/f.30820BDFF87FD38C1A457C97C4719E16.d.E6F3C111B3881D465680EB6583D53445.e.3257/click - {}
RESULT: {}
COMMAND: POST /session/f7dda4deea86e37c44fc2a10a2b2b70a/execute/async - {"script":"<script> [1562 bytes]","args":[{"selector":{"controlType":"sap.m.SearchField","viewName":"etm.portal.ui.managerequests.view.Detail","searchOpenDialogs":true,"interaction":{"idSuffix":"I"}},"wdio_ui5_key":"etmportal.ui.managerequests.view.Detailsap.m.SearchField"}]}
COMMAND: GET /session/f7dda4deea86e37c44fc2a10a2b2b70a/screenshot - {}
RESULT: {"script":"<script> [1562 bytes]","args":[{"selector":{"controlType":"sap.m.SearchField","viewName":"etm.portal.ui.managerequests.view.Detail","searchOpenDialogs":true,"interaction":{"idSuffix":"I"}},"wdio_ui5_key":"etmportal.ui.managerequests.view.Detailsap.m.SearchField"}]}
RESULT: undefined
COMMAND: POST /session/f7dda4deea86e37c44fc2a10a2b2b70a/execute/async - {"script":"<script> [776 bytes]","args":[{"enterText":"tag","selector":{"controlType":"sap.m.SearchField","viewName":"etm.portal.ui.managerequests.view.Detail","searchOpenDialogs":true,"interaction":{"idSuffix":"I"}},"clearTextFirst":true,"interactionType":"ENTER_TEXT"}]}
RESULT: {}
RESULT: {"script":"<script> [776 bytes]","args":[{"enterText":"tag","selector":{"controlType":"sap.m.SearchField","viewName":"etm.portal.ui.managerequests.view.Detail","searchOpenDialogs":true,"interaction":{"idSuffix":"I"}},"clearTextFirst":true,"interactionType":"ENTER_TEXT"}]}
COMMAND: POST /session/f7dda4deea86e37c44fc2a10a2b2b70a/element - {"using":"xpath","value":"//div[contains(@id ,\"innerSelectionPanelTable-0-selectMulti-CbBg\")]"}
RESULT: {"using":"xpath","value":"//div[contains(@id ,\"innerSelectionPanelTable-0-selectMulti-CbBg\")]"}
COMMAND: POST /session/f7dda4deea86e37c44fc2a10a2b2b70a/element/f.30820BDFF87FD38C1A457C97C4719E16.d.E6F3C111B3881D465680EB6583D53445.e.3294/click - {}
RESULT: {}
COMMAND: POST /session/f7dda4deea86e37c44fc2a10a2b2b70a/execute/async - {"script":"<script> [1562 bytes]","args":[{"selector":{"controlType":"sap.m.Button","viewName":"etm.portal.ui.managerequests.view.Detail","properties":{"text":"OK"},"searchOpenDialogs":true,"interaction":{"idSuffix":"BDI-content"}},"wdio_ui5_key":"etmportal.ui.managerequests.view.Detailsap.m.Button{\"text\":\"OK\"}"}]}
COMMAND: GET /session/f7dda4deea86e37c44fc2a10a2b2b70a/screenshot - {}
RESULT: {"script":"<script> [1562 bytes]","args":[{"selector":{"controlType":"sap.m.Button","viewName":"etm.portal.ui.managerequests.view.Detail","properties":{"text":"OK"},"searchOpenDialogs":true,"interaction":{"idSuffix":"BDI-content"}},"wdio_ui5_key":"etmportal.ui.managerequests.view.Detailsap.m.Button{\"text\":\"OK\"}"}]}
RESULT: undefined
COMMAND: POST /session/f7dda4deea86e37c44fc2a10a2b2b70a/element - {"using":"xpath","value":"//*[@id=\"__popup378-confirmBtn\"]"}
RESULT: {}
RESULT: {"using":"xpath","value":"//*[@id=\"__popup378-confirmBtn\"]"}
COMMAND: POST /session/f7dda4deea86e37c44fc2a10a2b2b70a/element/f.30820BDFF87FD38C1A457C97C4719E16.d.E6F3C111B3881D465680EB6583D53445.e.3299/click - {}
RESULT: {}
COMMAND: GET /session/f7dda4deea86e37c44fc2a10a2b2b70a/screenshot - {}
RESULT: {}
COMMAND: POST /session/f7dda4deea86e37c44fc2a10a2b2b70a/execute/async - {"script":"<script> [1562 bytes]","args":[{"selector":{"controlType":"sap.m.Text","viewName":"etm.portal.ui.managerequests.view.Detail","bindingPath":{"propertyPath":"NO","modelName":"catalogModel"}},"wdio_ui5_key":"etmportal.ui.managerequests.view.Detailsap.m.Text{\"propertyPath\":\"NO\",\"modelName\":\"catalogModel\"}"}]}
RESULT: {"script":"<script> [1562 bytes]","args":[{"selector":{"controlType":"sap.m.Text","viewName":"etm.portal.ui.managerequests.view.Detail","bindingPath":{"propertyPath":"NO","modelName":"catalogModel"}},"wdio_ui5_key":"etmportal.ui.managerequests.view.Detailsap.m.Text{\"propertyPath\":\"NO\",\"modelName\":\"catalogModel\"}"}]}
RESULT: undefined
COMMAND: POST /session/f7dda4deea86e37c44fc2a10a2b2b70a/execute/async - {"script":"<script> [6424 bytes]","args":[{"element-6066-11e4-a52e-4f735466cecf":"f.30820BDFF87FD38C1A457C97C4719E16.d.E6F3C111B3881D465680EB6583D53445.e.3311"},"getText",[]]}
RESULT: {"script":"<script> [6424 bytes]","args":[{"element-6066-11e4-a52e-4f735466cecf":"f.30820BDFF87FD38C1A457C97C4719E16.d.E6F3C111B3881D465680EB6583D53445.e.3311"},"getText",[]]}
COMMAND: POST /session/f7dda4deea86e37c44fc2a10a2b2b70a/execute/async - {"script":"<script> [1562 bytes]","args":[{"selector":{"controlType":"sap.m.Tokenizer","viewName":"etm.portal.ui.managerequests.view.Detail","bindingPath":{"path":"/SmartRequestItemsPlanningBoard(ITEM=10m,REQUEST='20079')","propertyPath":"LINK_TO_TAGS"}},"wdio_ui5_key":"etmportal.ui.managerequests.view.Detailsap.m.Tokenizer{\"path\":\"/SmartRequestItemsPlanningBoard(ITEM=10m,REQUEST='20079')\",\"propertyPath\":\"LINK_TO_TAGS\"}"}]}
RESULT: {"script":"<script> [1562 bytes]","args":[{"selector":{"controlType":"sap.m.Tokenizer","viewName":"etm.portal.ui.managerequests.view.Detail","bindingPath":{"path":"/SmartRequestItemsPlanningBoard(ITEM=10m,REQUEST='20079')","propertyPath":"LINK_TO_TAGS"}},"wdio_ui5_key":"etmportal.ui.managerequests.view.Detailsap.m.Tokenizer{\"path\":\"/SmartRequestItemsPlanningBoard(ITEM=10m,REQUEST='20079')\",\"propertyPath\":\"LINK_TO_TAGS\"}"}]}
RESULT: undefined
COMMAND: POST /session/f7dda4deea86e37c44fc2a10a2b2b70a/execute/async - {"script":"<script> [6424 bytes]","args":[{"element-6066-11e4-a52e-4f735466cecf":"f.30820BDFF87FD38C1A457C97C4719E16.d.E6F3C111B3881D465680EB6583D53445.e.3312"},"getTokens",[]]}
RESULT: {"script":"<script> [6424 bytes]","args":[{"element-6066-11e4-a52e-4f735466cecf":"f.30820BDFF87FD38C1A457C97C4719E16.d.E6F3C111B3881D465680EB6583D53445.e.3312"},"getTokens",[]]}
COMMAND: POST /session/f7dda4deea86e37c44fc2a10a2b2b70a/execute/async - {"script":"<script> [1562 bytes]","args":[{"wdio_ui5_key":"__token12-__tokenizer63-__clone3582-1","selector":{"id":"__token12-__tokenizer63-__clone3582-1"}}]}
COMMAND: POST /session/f7dda4deea86e37c44fc2a10a2b2b70a/execute/async - {"script":"<script> [1562 bytes]","args":[{"wdio_ui5_key":"__token12-__tokenizer63-__clone3582-2","selector":{"id":"__token12-__tokenizer63-__clone3582-2"}}]}
COMMAND: POST /session/f7dda4deea86e37c44fc2a10a2b2b70a/execute/async - {"script":"<script> [1562 bytes]","args":[{"wdio_ui5_key":"__token12-__tokenizer63-__clone3582-0","selector":{"id":"__token12-__tokenizer63-__clone3582-0"}}]}
RESULT: {"script":"<script> [1562 bytes]","args":[{"wdio_ui5_key":"__token12-__tokenizer63-__clone3582-1","selector":{"id":"__token12-__tokenizer63-__clone3582-1"}}]}
RESULT: undefined
RESULT: {"script":"<script> [1562 bytes]","args":[{"wdio_ui5_key":"__token12-__tokenizer63-__clone3582-0","selector":{"id":"__token12-__tokenizer63-__clone3582-0"}}]}
RESULT: undefined
RESULT: {"script":"<script> [1562 bytes]","args":[{"wdio_ui5_key":"__token12-__tokenizer63-__clone3582-2","selector":{"id":"__token12-__tokenizer63-__clone3582-2"}}]}
RESULT: undefined
COMMAND: POST /session/f7dda4deea86e37c44fc2a10a2b2b70a/element - {"using":"xpath","value":"(//span[contains(text(), \"tag-header\")])[2]"}
RESULT: {"using":"xpath","value":"(//span[contains(text(), \"tag-header\")])[2]"}
COMMAND: POST /session/f7dda4deea86e37c44fc2a10a2b2b70a/elements - {"using":"xpath","value":"(//span[contains(text(), \"tag-header\")])[2]"}
RESULT: {"using":"xpath","value":"(//span[contains(text(), \"tag-header\")])[2]"}
COMMAND: POST /session/f7dda4deea86e37c44fc2a10a2b2b70a/execute/async - {"script":"<script> [1562 bytes]","args":[{"selector":{"controlType":"sap.m.Tokenizer","viewName":"etm.portal.ui.managerequests.view.Detail","bindingPath":{"path":"/SmartRequestItemsPlanningBoard(ITEM=20m,REQUEST='20079')","propertyPath":"LINK_TO_TAGS"}},"wdio_ui5_key":"etmportal.ui.managerequests.view.Detailsap.m.Tokenizer{\"path\":\"/SmartRequestItemsPlanningBoard(ITEM=20m,REQUEST='20079')\",\"propertyPath\":\"LINK_TO_TAGS\"}"}]}
RESULT: {"script":"<script> [1562 bytes]","args":[{"selector":{"controlType":"sap.m.Tokenizer","viewName":"etm.portal.ui.managerequests.view.Detail","bindingPath":{"path":"/SmartRequestItemsPlanningBoard(ITEM=20m,REQUEST='20079')","propertyPath":"LINK_TO_TAGS"}},"wdio_ui5_key":"etmportal.ui.managerequests.view.Detailsap.m.Tokenizer{\"path\":\"/SmartRequestItemsPlanningBoard(ITEM=20m,REQUEST='20079')\",\"propertyPath\":\"LINK_TO_TAGS\"}"}]}
RESULT: undefined
COMMAND: POST /session/f7dda4deea86e37c44fc2a10a2b2b70a/execute/async - {"script":"<script> [6424 bytes]","args":[{"element-6066-11e4-a52e-4f735466cecf":"f.30820BDFF87FD38C1A457C97C4719E16.d.E6F3C111B3881D465680EB6583D53445.e.3317"},"getTokens",[]]}
RESULT: {"script":"<script> [6424 bytes]","args":[{"element-6066-11e4-a52e-4f735466cecf":"f.30820BDFF87FD38C1A457C97C4719E16.d.E6F3C111B3881D465680EB6583D53445.e.3317"},"getTokens",[]]}
COMMAND: POST /session/f7dda4deea86e37c44fc2a10a2b2b70a/element - {"using":"css selector","value":"#shell-header-logo"}
RESULT: {"using":"css selector","value":"#shell-header-logo"}
COMMAND: POST /session/f7dda4deea86e37c44fc2a10a2b2b70a/element/f.30820BDFF87FD38C1A457C97C4719E16.d.E6F3C111B3881D465680EB6583D53445.e.2363/click - {}
RESULT: {}
COMMAND: GET /session/f7dda4deea86e37c44fc2a10a2b2b70a/screenshot - {}
RESULT: {}
]]></system-out>
    </testcase>
  </testsuite>
  <testsuite timestamp="2025-05-23T15:51:24" time="619.889" tests="4" failures="0" errors="0" skipped="0">
    <properties>
      <property name="specId" value="0"/>
      <property name="suiteName" value="Manage request + Contract processing pick up option US120163 "/>
      <property name="capabilities" value="chrome.136_0_7103_93.windows"/>
      <property name="file" value="file:///D:/a/1/s/test/specs/R2C/create-request-Pickup.spec.js"/>
    </properties>
    <testcase classname="chrome.136_0_7103_93.windows.Manage_request_+_Contract_processing_pick_up_option_US120163_" name="Should create a new contract" time="72.48">
      <system-out><![CDATA[
COMMAND: POST /session/f7dda4deea86e37c44fc2a10a2b2b70a/execute/async - {"script":"<script> [1562 bytes]","args":[{"selector":{"controlType":"sap.m.Text","viewName":"etm.portal.ui.managecontractstile.view.Master","properties":{"text":"Manage Contracts"},"interaction":{"idSuffix":"inner"}},"wdio_ui5_key":"etmportal.ui.managecontractstile.view.Mastersap.m.Text{\"text\":\"Manage Contracts\"}"}]}
RESULT: {"script":"<script> [1562 bytes]","args":[{"selector":{"controlType":"sap.m.Text","viewName":"etm.portal.ui.managecontractstile.view.Master","properties":{"text":"Manage Contracts"},"interaction":{"idSuffix":"inner"}},"wdio_ui5_key":"etmportal.ui.managecontractstile.view.Mastersap.m.Text{\"text\":\"Manage Contracts\"}"}]}
RESULT: undefined
COMMAND: POST /session/f7dda4deea86e37c44fc2a10a2b2b70a/element - {"using":"xpath","value":"//*[@id=\"__tile132-title\"]"}
RESULT: {"using":"xpath","value":"//*[@id=\"__tile132-title\"]"}
COMMAND: POST /session/f7dda4deea86e37c44fc2a10a2b2b70a/element/f.30820BDFF87FD38C1A457C97C4719E16.d.E6F3C111B3881D465680EB6583D53445.e.3322/click - {}
RESULT: {}
COMMAND: GET /session/f7dda4deea86e37c44fc2a10a2b2b70a/screenshot - {}
RESULT: {}
COMMAND: POST /session/f7dda4deea86e37c44fc2a10a2b2b70a/execute/async - {"script":"<script> [1562 bytes]","args":[{"selector":{"controlType":"sap.ui.core.Icon","viewName":"etm.portal.ui.managecontracts.view.Master","properties":{"src":{"regex":{"source":"add"}}}},"wdio_ui5_key":"etmportal.ui.managecontracts.view.Mastersap.ui.core.Icon{\"src\":{\"regex\":{\"source\":\"add\"}}}"}]}
RESULT: {"script":"<script> [1562 bytes]","args":[{"selector":{"controlType":"sap.ui.core.Icon","viewName":"etm.portal.ui.managecontracts.view.Master","properties":{"src":{"regex":{"source":"add"}}}},"wdio_ui5_key":"etmportal.ui.managecontracts.view.Mastersap.ui.core.Icon{\"src\":{\"regex\":{\"source\":\"add\"}}}"}]}
RESULT: undefined
COMMAND: POST /session/f7dda4deea86e37c44fc2a10a2b2b70a/element - {"using":"xpath","value":"//*[@id=\"__button187-img\"]"}
RESULT: {"using":"xpath","value":"//*[@id=\"__button187-img\"]"}
COMMAND: POST /session/f7dda4deea86e37c44fc2a10a2b2b70a/element/f.30820BDFF87FD38C1A457C97C4719E16.d.E6F3C111B3881D465680EB6583D53445.e.3377/click - {}
RESULT: {}
COMMAND: POST /session/f7dda4deea86e37c44fc2a10a2b2b70a/execute/async - {"script":"<script> [1562 bytes]","args":[{"selector":{"id":"application-managecontracts-display-component---AddNewContract--projectDescription","interaction":{"idSuffix":"inner"}},"wdio_ui5_key":"applicationmanagecontracts-display-component---AddNewContract--projectDescription"}]}
COMMAND: GET /session/f7dda4deea86e37c44fc2a10a2b2b70a/screenshot - {}
RESULT: {"script":"<script> [1562 bytes]","args":[{"selector":{"id":"application-managecontracts-display-component---AddNewContract--projectDescription","interaction":{"idSuffix":"inner"}},"wdio_ui5_key":"applicationmanagecontracts-display-component---AddNewContract--projectDescription"}]}
RESULT: undefined
COMMAND: POST /session/f7dda4deea86e37c44fc2a10a2b2b70a/execute/async - {"script":"<script> [776 bytes]","args":[{"enterText":"PickupContractqlrhn","selector":{"id":"application-managecontracts-display-component---AddNewContract--projectDescription","interaction":{"idSuffix":"inner"}},"clearTextFirst":true,"interactionType":"ENTER_TEXT"}]}
RESULT: {}
RESULT: {"script":"<script> [776 bytes]","args":[{"enterText":"PickupContractqlrhn","selector":{"id":"application-managecontracts-display-component---AddNewContract--projectDescription","interaction":{"idSuffix":"inner"}},"clearTextFirst":true,"interactionType":"ENTER_TEXT"}]}
COMMAND: POST /session/f7dda4deea86e37c44fc2a10a2b2b70a/element - {"using":"xpath","value":"//input[contains(@id ,\"application-managecontracts-display-component---AddNewContract--yardId-inner\")]"}
RESULT: {"using":"xpath","value":"//input[contains(@id ,\"application-managecontracts-display-component---AddNewContract--yardId-inner\")]"}
COMMAND: POST /session/f7dda4deea86e37c44fc2a10a2b2b70a/element/f.30820BDFF87FD38C1A457C97C4719E16.d.E6F3C111B3881D465680EB6583D53445.e.3641/value - {"text":"WebdriverYard3mpceg"}
RESULT: {"text":"WebdriverYard3mpceg"}
COMMAND: GET /session/f7dda4deea86e37c44fc2a10a2b2b70a/screenshot - {}
RESULT: {}
COMMAND: POST /session/f7dda4deea86e37c44fc2a10a2b2b70a/actions - {"actions":[{"id":"action32","type":"key","parameters":{},"actions":[{"type":"keyDown","value":""},{"type":"pause","duration":10},{"type":"keyUp","value":""}]}]}
RESULT: {"actions":[{"id":"action32","type":"key","parameters":{},"actions":[{"type":"keyDown","value":""},{"type":"pause","duration":10},{"type":"keyUp","value":""}]}]}
COMMAND: GET /session/f7dda4deea86e37c44fc2a10a2b2b70a/screenshot - {}
RESULT: {}
COMMAND: POST /session/f7dda4deea86e37c44fc2a10a2b2b70a/element - {"using":"xpath","value":"//input[contains(@id ,\"application-managecontracts-display-component---AddNewContract--customerSelect-inner\")]"}
RESULT: {"using":"xpath","value":"//input[contains(@id ,\"application-managecontracts-display-component---AddNewContract--customerSelect-inner\")]"}
COMMAND: POST /session/f7dda4deea86e37c44fc2a10a2b2b70a/element/f.30820BDFF87FD38C1A457C97C4719E16.d.E6F3C111B3881D465680EB6583D53445.e.3639/value - {"text":"WebdriverPartneribxbz"}
RESULT: {"text":"WebdriverPartneribxbz"}
COMMAND: GET /session/f7dda4deea86e37c44fc2a10a2b2b70a/screenshot - {}
RESULT: {}
COMMAND: POST /session/f7dda4deea86e37c44fc2a10a2b2b70a/actions - {"actions":[{"id":"action33","type":"key","parameters":{},"actions":[{"type":"keyDown","value":""},{"type":"pause","duration":10},{"type":"keyUp","value":""}]}]}
RESULT: {"actions":[{"id":"action33","type":"key","parameters":{},"actions":[{"type":"keyDown","value":""},{"type":"pause","duration":10},{"type":"keyUp","value":""}]}]}
COMMAND: GET /session/f7dda4deea86e37c44fc2a10a2b2b70a/screenshot - {}
RESULT: {}
COMMAND: POST /session/f7dda4deea86e37c44fc2a10a2b2b70a/element - {"using":"xpath","value":"//input[contains(@id ,\"application-managecontracts-display-component---AddNewContract--site-inner\")]"}
RESULT: {"using":"xpath","value":"//input[contains(@id ,\"application-managecontracts-display-component---AddNewContract--site-inner\")]"}
COMMAND: POST /session/f7dda4deea86e37c44fc2a10a2b2b70a/element/f.30820BDFF87FD38C1A457C97C4719E16.d.E6F3C111B3881D465680EB6583D53445.e.3640/value - {"text":"WebdriverSiten0blx"}
RESULT: {"text":"WebdriverSiten0blx"}
COMMAND: GET /session/f7dda4deea86e37c44fc2a10a2b2b70a/screenshot - {}
RESULT: {}
COMMAND: POST /session/f7dda4deea86e37c44fc2a10a2b2b70a/actions - {"actions":[{"id":"action34","type":"key","parameters":{},"actions":[{"type":"keyDown","value":""},{"type":"pause","duration":10},{"type":"keyUp","value":""}]}]}
RESULT: {"actions":[{"id":"action34","type":"key","parameters":{},"actions":[{"type":"keyDown","value":""},{"type":"pause","duration":10},{"type":"keyUp","value":""}]}]}
COMMAND: GET /session/f7dda4deea86e37c44fc2a10a2b2b70a/screenshot - {}
RESULT: {}
COMMAND: POST /session/f7dda4deea86e37c44fc2a10a2b2b70a/execute/async - {"script":"<script> [1562 bytes]","args":[{"selector":{"id":"application-managecontracts-display-component---AddNewContract--saveBtn","interaction":{"idSuffix":"BDI-content"}},"wdio_ui5_key":"applicationmanagecontracts-display-component---AddNewContract--saveBtn"}]}
RESULT: {"script":"<script> [1562 bytes]","args":[{"selector":{"id":"application-managecontracts-display-component---AddNewContract--saveBtn","interaction":{"idSuffix":"BDI-content"}},"wdio_ui5_key":"applicationmanagecontracts-display-component---AddNewContract--saveBtn"}]}
RESULT: undefined
COMMAND: POST /session/f7dda4deea86e37c44fc2a10a2b2b70a/element - {"using":"xpath","value":"//*[@id=\"application-managecontracts-display-component---AddNewContract--saveBtn\"]"}
RESULT: {"using":"xpath","value":"//*[@id=\"application-managecontracts-display-component---AddNewContract--saveBtn\"]"}
COMMAND: POST /session/f7dda4deea86e37c44fc2a10a2b2b70a/element/f.30820BDFF87FD38C1A457C97C4719E16.d.E6F3C111B3881D465680EB6583D53445.e.3714/click - {}
RESULT: {}
COMMAND: GET /session/f7dda4deea86e37c44fc2a10a2b2b70a/screenshot - {}
RESULT: {}
COMMAND: POST /session/f7dda4deea86e37c44fc2a10a2b2b70a/element - {"using":"xpath","value":"//span[contains(@id ,\"contractDetailTitleNoExpanded\")]"}
RESULT: {"using":"xpath","value":"//span[contains(@id ,\"contractDetailTitleNoExpanded\")]"}
COMMAND: GET /session/f7dda4deea86e37c44fc2a10a2b2b70a/element/f.30820BDFF87FD38C1A457C97C4719E16.d.E6F3C111B3881D465680EB6583D53445.e.3732/text - {}
RESULT: {}
COMMAND: POST /session/f7dda4deea86e37c44fc2a10a2b2b70a/element - {"using":"css selector","value":"#shell-header-logo"}
RESULT: {"using":"css selector","value":"#shell-header-logo"}
COMMAND: POST /session/f7dda4deea86e37c44fc2a10a2b2b70a/element/f.30820BDFF87FD38C1A457C97C4719E16.d.E6F3C111B3881D465680EB6583D53445.e.3325/click - {}
RESULT: {}
COMMAND: GET /session/f7dda4deea86e37c44fc2a10a2b2b70a/screenshot - {}
RESULT: {}
]]></system-out>
    </testcase>
    <testcase classname="chrome.136_0_7103_93.windows.Manage_request_+_Contract_processing_pick_up_option_US120163_" name="Should create a new material" time="148.332">
      <system-out><![CDATA[
COMMAND: POST /session/f7dda4deea86e37c44fc2a10a2b2b70a/execute/async - {"script":"<script> [1562 bytes]","args":[{"selector":{"controlType":"sap.m.GenericTile","properties":{"header":"Manage Resources"}},"wdio_ui5_key":"sapm.GenericTile{\"header\":\"Manage Resources\"}"}]}
RESULT: {"script":"<script> [1562 bytes]","args":[{"selector":{"controlType":"sap.m.GenericTile","properties":{"header":"Manage Resources"}},"wdio_ui5_key":"sapm.GenericTile{\"header\":\"Manage Resources\"}"}]}
RESULT: undefined
COMMAND: POST /session/f7dda4deea86e37c44fc2a10a2b2b70a/element - {"using":"xpath","value":"//*[@id=\"__tile39\"]"}
RESULT: {"using":"xpath","value":"//*[@id=\"__tile39\"]"}
COMMAND: POST /session/f7dda4deea86e37c44fc2a10a2b2b70a/element/f.30820BDFF87FD38C1A457C97C4719E16.d.E6F3C111B3881D465680EB6583D53445.e.3736/click - {}
RESULT: {}
COMMAND: GET /session/f7dda4deea86e37c44fc2a10a2b2b70a/screenshot - {}
RESULT: {}
COMMAND: POST /session/f7dda4deea86e37c44fc2a10a2b2b70a/elements - {"using":"xpath","value":"//span[text()='Error']"}
RESULT: {"using":"xpath","value":"//span[text()='Error']"}
COMMAND: POST /session/f7dda4deea86e37c44fc2a10a2b2b70a/element - {"using":"xpath","value":"//button[@data-kt=\"addNewRUOverflowToolbarButton\"]"}
RESULT: {"using":"xpath","value":"//button[@data-kt=\"addNewRUOverflowToolbarButton\"]"}
COMMAND: POST /session/f7dda4deea86e37c44fc2a10a2b2b70a/execute/sync - {"script":"<script> [8489 bytes]","args":[{"element-6066-11e4-a52e-4f735466cecf":"f.30820BDFF87FD38C1A457C97C4719E16.d.E6F3C111B3881D465680EB6583D53445.e.3777","ELEMENT":"f.30820BDFF87FD38C1A457C97C4719E16.d.E6F3C111B3881D465680EB6583D53445.e.3777"}]}
RESULT: {"script":"<script> [8489 bytes]","args":[{"element-6066-11e4-a52e-4f735466cecf":"f.30820BDFF87FD38C1A457C97C4719E16.d.E6F3C111B3881D465680EB6583D53445.e.3777","ELEMENT":"f.30820BDFF87FD38C1A457C97C4719E16.d.E6F3C111B3881D465680EB6583D53445.e.3777"}]}
COMMAND: POST /session/f7dda4deea86e37c44fc2a10a2b2b70a/element/f.30820BDFF87FD38C1A457C97C4719E16.d.E6F3C111B3881D465680EB6583D53445.e.3777/click - {}
COMMAND: GET /session/f7dda4deea86e37c44fc2a10a2b2b70a/screenshot - {}
RESULT: {}
COMMAND: POST /session/f7dda4deea86e37c44fc2a10a2b2b70a/execute/async - {"script":"<script> [1562 bytes]","args":[{"selector":{"id":"application-manageresources-display-component---newResourceUnit--TYPE-arrow"},"wdio_ui5_key":"applicationmanageresources-display-component---newResourceUnit--TYPE-arrow"}]}
COMMAND: GET /session/f7dda4deea86e37c44fc2a10a2b2b70a/screenshot - {}
RESULT: {}
RESULT: {"script":"<script> [1562 bytes]","args":[{"selector":{"id":"application-manageresources-display-component---newResourceUnit--TYPE-arrow"},"wdio_ui5_key":"applicationmanageresources-display-component---newResourceUnit--TYPE-arrow"}]}
RESULT: undefined
COMMAND: POST /session/f7dda4deea86e37c44fc2a10a2b2b70a/element - {"using":"xpath","value":"//*[@id=\"application-manageresources-display-component---newResourceUnit--TYPE-arrow\"]"}
RESULT: {}
RESULT: {"using":"xpath","value":"//*[@id=\"application-manageresources-display-component---newResourceUnit--TYPE-arrow\"]"}
COMMAND: POST /session/f7dda4deea86e37c44fc2a10a2b2b70a/element/f.30820BDFF87FD38C1A457C97C4719E16.d.E6F3C111B3881D465680EB6583D53445.e.4093/click - {}
RESULT: {}
COMMAND: POST /session/f7dda4deea86e37c44fc2a10a2b2b70a/execute/async - {"script":"<script> [1562 bytes]","args":[{"selector":{"controlType":"sap.m.StandardListItem","viewName":"reusables.view.manageresources.NewResourceUnit","viewId":"application-manageresources-display-component---newResourceUnit","properties":{"title":"Material"},"searchOpenDialogs":true,"interaction":{"idSuffix":"titleText"}},"wdio_ui5_key":"reusablesview.manageresources.NewResourceUnitsap.m.StandardListItem{\"title\":\"Material\"}"}]}
COMMAND: GET /session/f7dda4deea86e37c44fc2a10a2b2b70a/screenshot - {}
RESULT: {"script":"<script> [1562 bytes]","args":[{"selector":{"controlType":"sap.m.StandardListItem","viewName":"reusables.view.manageresources.NewResourceUnit","viewId":"application-manageresources-display-component---newResourceUnit","properties":{"title":"Material"},"searchOpenDialogs":true,"interaction":{"idSuffix":"titleText"}},"wdio_ui5_key":"reusablesview.manageresources.NewResourceUnitsap.m.StandardListItem{\"title\":\"Material\"}"}]}
RESULT: undefined
COMMAND: POST /session/f7dda4deea86e37c44fc2a10a2b2b70a/element - {"using":"xpath","value":"//*[@id=\"__item1983\"]"}
RESULT: {}
RESULT: {"using":"xpath","value":"//*[@id=\"__item1983\"]"}
COMMAND: POST /session/f7dda4deea86e37c44fc2a10a2b2b70a/element/f.30820BDFF87FD38C1A457C97C4719E16.d.E6F3C111B3881D465680EB6583D53445.e.4096/click - {}
RESULT: {}
COMMAND: POST /session/f7dda4deea86e37c44fc2a10a2b2b70a/execute/async - {"script":"<script> [1562 bytes]","args":[{"selector":{"id":"application-manageresources-display-component---newResourceUnit--SHORT_TEXT","interaction":{"idSuffix":"inner"}},"wdio_ui5_key":"applicationmanageresources-display-component---newResourceUnit--SHORT_TEXT"}]}
COMMAND: GET /session/f7dda4deea86e37c44fc2a10a2b2b70a/screenshot - {}
RESULT: {"script":"<script> [1562 bytes]","args":[{"selector":{"id":"application-manageresources-display-component---newResourceUnit--SHORT_TEXT","interaction":{"idSuffix":"inner"}},"wdio_ui5_key":"applicationmanageresources-display-component---newResourceUnit--SHORT_TEXT"}]}
RESULT: undefined
COMMAND: POST /session/f7dda4deea86e37c44fc2a10a2b2b70a/execute/async - {"script":"<script> [776 bytes]","args":[{"enterText":"WebdriverRUR2C99st3","selector":{"id":"application-manageresources-display-component---newResourceUnit--SHORT_TEXT","interaction":{"idSuffix":"inner"}},"clearTextFirst":true,"interactionType":"ENTER_TEXT"}]}
RESULT: {}
RESULT: {"script":"<script> [776 bytes]","args":[{"enterText":"WebdriverRUR2C99st3","selector":{"id":"application-manageresources-display-component---newResourceUnit--SHORT_TEXT","interaction":{"idSuffix":"inner"}},"clearTextFirst":true,"interactionType":"ENTER_TEXT"}]}
COMMAND: POST /session/f7dda4deea86e37c44fc2a10a2b2b70a/execute/async - {"script":"<script> [1562 bytes]","args":[{"selector":{"id":"application-manageresources-display-component---newResourceUnit--BASE_UNIT_OF_MEASURE-arrow"},"wdio_ui5_key":"applicationmanageresources-display-component---newResourceUnit--BASE_UNIT_OF_MEASURE-arrow"}]}
RESULT: {"script":"<script> [1562 bytes]","args":[{"selector":{"id":"application-manageresources-display-component---newResourceUnit--BASE_UNIT_OF_MEASURE-arrow"},"wdio_ui5_key":"applicationmanageresources-display-component---newResourceUnit--BASE_UNIT_OF_MEASURE-arrow"}]}
RESULT: undefined
COMMAND: POST /session/f7dda4deea86e37c44fc2a10a2b2b70a/element - {"using":"xpath","value":"//*[@id=\"application-manageresources-display-component---newResourceUnit--BASE_UNIT_OF_MEASURE-arrow\"]"}
RESULT: {"using":"xpath","value":"//*[@id=\"application-manageresources-display-component---newResourceUnit--BASE_UNIT_OF_MEASURE-arrow\"]"}
COMMAND: POST /session/f7dda4deea86e37c44fc2a10a2b2b70a/element/f.30820BDFF87FD38C1A457C97C4719E16.d.E6F3C111B3881D465680EB6583D53445.e.4216/click - {}
RESULT: {}
COMMAND: POST /session/f7dda4deea86e37c44fc2a10a2b2b70a/execute/async - {"script":"<script> [1562 bytes]","args":[{"selector":{"controlType":"sap.m.StandardListItem","viewName":"reusables.view.manageresources.NewResourceUnit","viewId":"application-manageresources-display-component---newResourceUnit","properties":{"title":"Piece"},"searchOpenDialogs":true,"interaction":{"idSuffix":"titleText"}},"wdio_ui5_key":"reusablesview.manageresources.NewResourceUnitsap.m.StandardListItem{\"title\":\"Piece\"}"}]}
COMMAND: GET /session/f7dda4deea86e37c44fc2a10a2b2b70a/screenshot - {}
RESULT: {"script":"<script> [1562 bytes]","args":[{"selector":{"controlType":"sap.m.StandardListItem","viewName":"reusables.view.manageresources.NewResourceUnit","viewId":"application-manageresources-display-component---newResourceUnit","properties":{"title":"Piece"},"searchOpenDialogs":true,"interaction":{"idSuffix":"titleText"}},"wdio_ui5_key":"reusablesview.manageresources.NewResourceUnitsap.m.StandardListItem{\"title\":\"Piece\"}"}]}
RESULT: undefined
COMMAND: POST /session/f7dda4deea86e37c44fc2a10a2b2b70a/element - {"using":"xpath","value":"//*[@id=\"__item2036\"]"}
RESULT: {}
RESULT: {"using":"xpath","value":"//*[@id=\"__item2036\"]"}
COMMAND: POST /session/f7dda4deea86e37c44fc2a10a2b2b70a/element/f.30820BDFF87FD38C1A457C97C4719E16.d.E6F3C111B3881D465680EB6583D53445.e.4218/click - {}
RESULT: {}
COMMAND: POST /session/f7dda4deea86e37c44fc2a10a2b2b70a/element - {"using":"xpath","value":"//input[contains(@id ,\"application-manageresources-display-component---newResourceUnit--SHORT_TEXT-inner\")]"}
COMMAND: GET /session/f7dda4deea86e37c44fc2a10a2b2b70a/screenshot - {}
RESULT: {"using":"xpath","value":"//input[contains(@id ,\"application-manageresources-display-component---newResourceUnit--SHORT_TEXT-inner\")]"}
COMMAND: GET /session/f7dda4deea86e37c44fc2a10a2b2b70a/element/f.30820BDFF87FD38C1A457C97C4719E16.d.E6F3C111B3881D465680EB6583D53445.e.4113/property/value - {}
RESULT: {}
RESULT: {}
COMMAND: POST /session/f7dda4deea86e37c44fc2a10a2b2b70a/execute/async - {"script":"<script> [1562 bytes]","args":[{"selector":{"id":"application-manageresources-display-component---newResourceUnit--WEIGHT_UNIT-arrow"},"wdio_ui5_key":"applicationmanageresources-display-component---newResourceUnit--WEIGHT_UNIT-arrow"}]}
COMMAND: GET /session/f7dda4deea86e37c44fc2a10a2b2b70a/screenshot - {}
RESULT: {"script":"<script> [1562 bytes]","args":[{"selector":{"id":"application-manageresources-display-component---newResourceUnit--WEIGHT_UNIT-arrow"},"wdio_ui5_key":"applicationmanageresources-display-component---newResourceUnit--WEIGHT_UNIT-arrow"}]}
RESULT: undefined
COMMAND: POST /session/f7dda4deea86e37c44fc2a10a2b2b70a/element - {"using":"xpath","value":"//*[@id=\"application-manageresources-display-component---newResourceUnit--WEIGHT_UNIT-arrow\"]"}
RESULT: {}
RESULT: {"using":"xpath","value":"//*[@id=\"application-manageresources-display-component---newResourceUnit--WEIGHT_UNIT-arrow\"]"}
COMMAND: POST /session/f7dda4deea86e37c44fc2a10a2b2b70a/element/f.30820BDFF87FD38C1A457C97C4719E16.d.E6F3C111B3881D465680EB6583D53445.e.4219/click - {}
RESULT: {}
COMMAND: POST /session/f7dda4deea86e37c44fc2a10a2b2b70a/execute/async - {"script":"<script> [1562 bytes]","args":[{"selector":{"controlType":"sap.m.StandardListItem","viewName":"reusables.view.manageresources.NewResourceUnit","viewId":"application-manageresources-display-component---newResourceUnit","properties":{"title":"Gram"},"searchOpenDialogs":true,"interaction":{"idSuffix":"content"}},"wdio_ui5_key":"reusablesview.manageresources.NewResourceUnitsap.m.StandardListItem{\"title\":\"Gram\"}"}]}
COMMAND: GET /session/f7dda4deea86e37c44fc2a10a2b2b70a/screenshot - {}
RESULT: {"script":"<script> [1562 bytes]","args":[{"selector":{"controlType":"sap.m.StandardListItem","viewName":"reusables.view.manageresources.NewResourceUnit","viewId":"application-manageresources-display-component---newResourceUnit","properties":{"title":"Gram"},"searchOpenDialogs":true,"interaction":{"idSuffix":"content"}},"wdio_ui5_key":"reusablesview.manageresources.NewResourceUnitsap.m.StandardListItem{\"title\":\"Gram\"}"}]}
RESULT: undefined
COMMAND: POST /session/f7dda4deea86e37c44fc2a10a2b2b70a/element - {"using":"xpath","value":"//*[@id=\"__item2101\"]"}
RESULT: {}
RESULT: {"using":"xpath","value":"//*[@id=\"__item2101\"]"}
COMMAND: POST /session/f7dda4deea86e37c44fc2a10a2b2b70a/element/f.30820BDFF87FD38C1A457C97C4719E16.d.E6F3C111B3881D465680EB6583D53445.e.4221/click - {}
RESULT: {}
COMMAND: POST /session/f7dda4deea86e37c44fc2a10a2b2b70a/execute/async - {"script":"<script> [1562 bytes]","args":[{"selector":{"id":"application-manageresources-display-component---newResourceUnit--newRRUPage-OPHeaderContent-collapseBtn-img"},"wdio_ui5_key":"applicationmanageresources-display-component---newResourceUnit--newRRUPage-OPHeaderContent-collapseBtn-img"}]}
COMMAND: GET /session/f7dda4deea86e37c44fc2a10a2b2b70a/screenshot - {}
RESULT: {"script":"<script> [1562 bytes]","args":[{"selector":{"id":"application-manageresources-display-component---newResourceUnit--newRRUPage-OPHeaderContent-collapseBtn-img"},"wdio_ui5_key":"applicationmanageresources-display-component---newResourceUnit--newRRUPage-OPHeaderContent-collapseBtn-img"}]}
RESULT: undefined
COMMAND: POST /session/f7dda4deea86e37c44fc2a10a2b2b70a/element - {"using":"xpath","value":"//*[@id=\"application-manageresources-display-component---newResourceUnit--newRRUPage-OPHeaderContent-collapseBtn-img\"]"}
RESULT: {}
RESULT: {"using":"xpath","value":"//*[@id=\"application-manageresources-display-component---newResourceUnit--newRRUPage-OPHeaderContent-collapseBtn-img\"]"}
COMMAND: POST /session/f7dda4deea86e37c44fc2a10a2b2b70a/element/f.30820BDFF87FD38C1A457C97C4719E16.d.E6F3C111B3881D465680EB6583D53445.e.4103/click - {}
RESULT: {}
COMMAND: GET /session/f7dda4deea86e37c44fc2a10a2b2b70a/screenshot - {}
RESULT: {}
COMMAND: POST /session/f7dda4deea86e37c44fc2a10a2b2b70a/element - {"using":"xpath","value":"(//span[contains(@id ,\"application-manageresources-display-component---newResourceUnit--DIMENSION_UNIT-arrow\")])[1]"}
RESULT: {"using":"xpath","value":"(//span[contains(@id ,\"application-manageresources-display-component---newResourceUnit--DIMENSION_UNIT-arrow\")])[1]"}
COMMAND: POST /session/f7dda4deea86e37c44fc2a10a2b2b70a/element/f.30820BDFF87FD38C1A457C97C4719E16.d.E6F3C111B3881D465680EB6583D53445.e.4227/click - {}
RESULT: {}
COMMAND: GET /session/f7dda4deea86e37c44fc2a10a2b2b70a/screenshot - {}
RESULT: {}
COMMAND: POST /session/f7dda4deea86e37c44fc2a10a2b2b70a/execute/async - {"script":"<script> [1562 bytes]","args":[{"selector":{"controlType":"sap.m.StandardListItem","viewName":"reusables.view.manageresources.NewResourceUnit","viewId":"application-manageresources-display-component---newResourceUnit","properties":{"title":"Centimeter"},"searchOpenDialogs":true,"interaction":{"idSuffix":"titleText"}},"wdio_ui5_key":"reusablesview.manageresources.NewResourceUnitsap.m.StandardListItem{\"title\":\"Centimeter\"}"}]}
RESULT: {"script":"<script> [1562 bytes]","args":[{"selector":{"controlType":"sap.m.StandardListItem","viewName":"reusables.view.manageresources.NewResourceUnit","viewId":"application-manageresources-display-component---newResourceUnit","properties":{"title":"Centimeter"},"searchOpenDialogs":true,"interaction":{"idSuffix":"titleText"}},"wdio_ui5_key":"reusablesview.manageresources.NewResourceUnitsap.m.StandardListItem{\"title\":\"Centimeter\"}"}]}
RESULT: undefined
COMMAND: POST /session/f7dda4deea86e37c44fc2a10a2b2b70a/element - {"using":"xpath","value":"//*[@id=\"__item2104\"]"}
RESULT: {"using":"xpath","value":"//*[@id=\"__item2104\"]"}
COMMAND: POST /session/f7dda4deea86e37c44fc2a10a2b2b70a/element/f.30820BDFF87FD38C1A457C97C4719E16.d.E6F3C111B3881D465680EB6583D53445.e.4229/click - {}
RESULT: {}
COMMAND: POST /session/f7dda4deea86e37c44fc2a10a2b2b70a/execute/async - {"script":"<script> [1562 bytes]","args":[{"selector":{"id":"application-manageresources-display-component---newResourceUnit--newRRUPage-anchBar-application-manageresources-display-component---newResourceUnit--reference-anchor","interaction":{"idSuffix":"BDI-content"}},"wdio_ui5_key":"applicationmanageresources-display-component---newResourceUnit--newRRUPage-anchBar-application-manageresources-display-component---newResourceUnit--reference-anchor"}]}
COMMAND: GET /session/f7dda4deea86e37c44fc2a10a2b2b70a/screenshot - {}
RESULT: {"script":"<script> [1562 bytes]","args":[{"selector":{"id":"application-manageresources-display-component---newResourceUnit--newRRUPage-anchBar-application-manageresources-display-component---newResourceUnit--reference-anchor","interaction":{"idSuffix":"BDI-content"}},"wdio_ui5_key":"applicationmanageresources-display-component---newResourceUnit--newRRUPage-anchBar-application-manageresources-display-component---newResourceUnit--reference-anchor"}]}
RESULT: undefined
COMMAND: POST /session/f7dda4deea86e37c44fc2a10a2b2b70a/element - {"using":"xpath","value":"//*[@id=\"application-manageresources-display-component---newResourceUnit--newRRUPage-anchBar-application-manageresources-display-component---newResourceUnit--reference-anchor\"]"}
RESULT: {}
RESULT: {"using":"xpath","value":"//*[@id=\"application-manageresources-display-component---newResourceUnit--newRRUPage-anchBar-application-manageresources-display-component---newResourceUnit--reference-anchor\"]"}
COMMAND: POST /session/f7dda4deea86e37c44fc2a10a2b2b70a/element/f.30820BDFF87FD38C1A457C97C4719E16.d.E6F3C111B3881D465680EB6583D53445.e.4231/click - {}
RESULT: {}
COMMAND: POST /session/f7dda4deea86e37c44fc2a10a2b2b70a/execute/async - {"script":"<script> [1562 bytes]","args":[{"selector":{"id":"application-manageresources-display-component---newResourceUnit--PLANNING_GROUP-arrow"},"wdio_ui5_key":"applicationmanageresources-display-component---newResourceUnit--PLANNING_GROUP-arrow"}]}
COMMAND: GET /session/f7dda4deea86e37c44fc2a10a2b2b70a/screenshot - {}
RESULT: {"script":"<script> [1562 bytes]","args":[{"selector":{"id":"application-manageresources-display-component---newResourceUnit--PLANNING_GROUP-arrow"},"wdio_ui5_key":"applicationmanageresources-display-component---newResourceUnit--PLANNING_GROUP-arrow"}]}
RESULT: undefined
COMMAND: POST /session/f7dda4deea86e37c44fc2a10a2b2b70a/element - {"using":"xpath","value":"//*[@id=\"application-manageresources-display-component---newResourceUnit--PLANNING_GROUP-arrow\"]"}
RESULT: {}
RESULT: {"using":"xpath","value":"//*[@id=\"application-manageresources-display-component---newResourceUnit--PLANNING_GROUP-arrow\"]"}
COMMAND: POST /session/f7dda4deea86e37c44fc2a10a2b2b70a/element/f.30820BDFF87FD38C1A457C97C4719E16.d.E6F3C111B3881D465680EB6583D53445.e.4235/click - {}
RESULT: {}
COMMAND: POST /session/f7dda4deea86e37c44fc2a10a2b2b70a/execute/async - {"script":"<script> [1562 bytes]","args":[{"selector":{"controlType":"sap.m.StandardListItem","viewName":"reusables.view.manageresources.NewResourceUnit","viewId":"application-manageresources-display-component---newResourceUnit","properties":{"title":"Heavy Equi"},"searchOpenDialogs":true,"interaction":{"idSuffix":"content"}},"wdio_ui5_key":"reusablesview.manageresources.NewResourceUnitsap.m.StandardListItem{\"title\":\"Heavy Equi\"}"}]}
COMMAND: GET /session/f7dda4deea86e37c44fc2a10a2b2b70a/screenshot - {}
RESULT: {"script":"<script> [1562 bytes]","args":[{"selector":{"controlType":"sap.m.StandardListItem","viewName":"reusables.view.manageresources.NewResourceUnit","viewId":"application-manageresources-display-component---newResourceUnit","properties":{"title":"Heavy Equi"},"searchOpenDialogs":true,"interaction":{"idSuffix":"content"}},"wdio_ui5_key":"reusablesview.manageresources.NewResourceUnitsap.m.StandardListItem{\"title\":\"Heavy Equi\"}"}]}
RESULT: undefined
COMMAND: POST /session/f7dda4deea86e37c44fc2a10a2b2b70a/element - {"using":"xpath","value":"//*[@id=\"__item2112\"]"}
RESULT: {}
RESULT: {"using":"xpath","value":"//*[@id=\"__item2112\"]"}
COMMAND: POST /session/f7dda4deea86e37c44fc2a10a2b2b70a/element/f.30820BDFF87FD38C1A457C97C4719E16.d.E6F3C111B3881D465680EB6583D53445.e.4239/click - {}
RESULT: {}
COMMAND: GET /session/f7dda4deea86e37c44fc2a10a2b2b70a/screenshot - {}
RESULT: {}
COMMAND: POST /session/f7dda4deea86e37c44fc2a10a2b2b70a/execute/async - {"script":"<script> [1562 bytes]","args":[{"selector":{"id":"application-manageresources-display-component---newResourceUnit--PLANNING_INDICATOR-arrow"},"wdio_ui5_key":"applicationmanageresources-display-component---newResourceUnit--PLANNING_INDICATOR-arrow"}]}
RESULT: {"script":"<script> [1562 bytes]","args":[{"selector":{"id":"application-manageresources-display-component---newResourceUnit--PLANNING_INDICATOR-arrow"},"wdio_ui5_key":"applicationmanageresources-display-component---newResourceUnit--PLANNING_INDICATOR-arrow"}]}
RESULT: undefined
COMMAND: POST /session/f7dda4deea86e37c44fc2a10a2b2b70a/element - {"using":"xpath","value":"//*[@id=\"application-manageresources-display-component---newResourceUnit--PLANNING_INDICATOR-arrow\"]"}
RESULT: {"using":"xpath","value":"//*[@id=\"application-manageresources-display-component---newResourceUnit--PLANNING_INDICATOR-arrow\"]"}
COMMAND: POST /session/f7dda4deea86e37c44fc2a10a2b2b70a/element/f.30820BDFF87FD38C1A457C97C4719E16.d.E6F3C111B3881D465680EB6583D53445.e.4240/click - {}
RESULT: {}
COMMAND: POST /session/f7dda4deea86e37c44fc2a10a2b2b70a/execute/async - {"script":"<script> [1562 bytes]","args":[{"selector":{"controlType":"sap.m.StandardListItem","viewName":"reusables.view.manageresources.NewResourceUnit","viewId":"application-manageresources-display-component---newResourceUnit","properties":{"title":"10 - infinite"},"searchOpenDialogs":true,"interaction":{"idSuffix":"content"}},"wdio_ui5_key":"reusablesview.manageresources.NewResourceUnitsap.m.StandardListItem{\"title\":\"10 - infinite\"}"}]}
COMMAND: GET /session/f7dda4deea86e37c44fc2a10a2b2b70a/screenshot - {}
RESULT: {"script":"<script> [1562 bytes]","args":[{"selector":{"controlType":"sap.m.StandardListItem","viewName":"reusables.view.manageresources.NewResourceUnit","viewId":"application-manageresources-display-component---newResourceUnit","properties":{"title":"10 - infinite"},"searchOpenDialogs":true,"interaction":{"idSuffix":"content"}},"wdio_ui5_key":"reusablesview.manageresources.NewResourceUnitsap.m.StandardListItem{\"title\":\"10 - infinite\"}"}]}
RESULT: undefined
COMMAND: POST /session/f7dda4deea86e37c44fc2a10a2b2b70a/element - {"using":"xpath","value":"//*[@id=\"__item2122\"]"}
RESULT: {}
RESULT: {"using":"xpath","value":"//*[@id=\"__item2122\"]"}
COMMAND: POST /session/f7dda4deea86e37c44fc2a10a2b2b70a/element/f.30820BDFF87FD38C1A457C97C4719E16.d.E6F3C111B3881D465680EB6583D53445.e.4242/click - {}
RESULT: {}
COMMAND: GET /session/f7dda4deea86e37c44fc2a10a2b2b70a/screenshot - {}
RESULT: {}
COMMAND: POST /session/f7dda4deea86e37c44fc2a10a2b2b70a/element - {"using":"xpath","value":"//bdi[contains(text(), \"Time Segment\")]"}
RESULT: {"using":"xpath","value":"//bdi[contains(text(), \"Time Segment\")]"}
COMMAND: GET /session/f7dda4deea86e37c44fc2a10a2b2b70a/element/f.30820BDFF87FD38C1A457C97C4719E16.d.E6F3C111B3881D465680EB6583D53445.e.4243/rect - {}
RESULT: {}
COMMAND: GET /session/f7dda4deea86e37c44fc2a10a2b2b70a/window/rect - {}
RESULT: {}
COMMAND: POST /session/f7dda4deea86e37c44fc2a10a2b2b70a/execute/sync - {"script":"<script> [92 bytes]","args":[]}
RESULT: {"script":"<script> [92 bytes]","args":[]}
COMMAND: POST /session/f7dda4deea86e37c44fc2a10a2b2b70a/actions - {"actions":[{"id":"action35","type":"wheel","parameters":{},"actions":[{"type":"scroll","x":-1820,"y":-21,"deltaX":0,"deltaY":0,"duration":0,"origin":{"element-6066-11e4-a52e-4f735466cecf":"f.30820BDFF87FD38C1A457C97C4719E16.d.E6F3C111B3881D465680EB6583D53445.e.4243"}}]}]}
COMMAND: GET /session/f7dda4deea86e37c44fc2a10a2b2b70a/screenshot - {}
RESULT: {}
COMMAND: POST /session/f7dda4deea86e37c44fc2a10a2b2b70a/execute/sync - {"script":"<script> [79 bytes]","args":[{"element-6066-11e4-a52e-4f735466cecf":"f.30820BDFF87FD38C1A457C97C4719E16.d.E6F3C111B3881D465680EB6583D53445.e.4243","ELEMENT":"f.30820BDFF87FD38C1A457C97C4719E16.d.E6F3C111B3881D465680EB6583D53445.e.4243"},{"block":"start","inline":"nearest"}]}
RESULT: {"script":"<script> [79 bytes]","args":[{"element-6066-11e4-a52e-4f735466cecf":"f.30820BDFF87FD38C1A457C97C4719E16.d.E6F3C111B3881D465680EB6583D53445.e.4243","ELEMENT":"f.30820BDFF87FD38C1A457C97C4719E16.d.E6F3C111B3881D465680EB6583D53445.e.4243"},{"block":"start","inline":"nearest"}]}
COMMAND: GET /session/f7dda4deea86e37c44fc2a10a2b2b70a/screenshot - {}
RESULT: {}
COMMAND: POST /session/f7dda4deea86e37c44fc2a10a2b2b70a/element - {"using":"xpath","value":"//span[@id=\"application-manageresources-display-component---newResourceUnit--btnAddTimeSegment-img\"]"}
RESULT: {"using":"xpath","value":"//span[@id=\"application-manageresources-display-component---newResourceUnit--btnAddTimeSegment-img\"]"}
COMMAND: POST /session/f7dda4deea86e37c44fc2a10a2b2b70a/execute/sync - {"script":"<script> [8489 bytes]","args":[{"element-6066-11e4-a52e-4f735466cecf":"f.30820BDFF87FD38C1A457C97C4719E16.d.E6F3C111B3881D465680EB6583D53445.e.4246","ELEMENT":"f.30820BDFF87FD38C1A457C97C4719E16.d.E6F3C111B3881D465680EB6583D53445.e.4246"}]}
RESULT: {"script":"<script> [8489 bytes]","args":[{"element-6066-11e4-a52e-4f735466cecf":"f.30820BDFF87FD38C1A457C97C4719E16.d.E6F3C111B3881D465680EB6583D53445.e.4246","ELEMENT":"f.30820BDFF87FD38C1A457C97C4719E16.d.E6F3C111B3881D465680EB6583D53445.e.4246"}]}
COMMAND: POST /session/f7dda4deea86e37c44fc2a10a2b2b70a/element/f.30820BDFF87FD38C1A457C97C4719E16.d.E6F3C111B3881D465680EB6583D53445.e.4246/click - {}
COMMAND: GET /session/f7dda4deea86e37c44fc2a10a2b2b70a/screenshot - {}
RESULT: {}
COMMAND: GET /session/f7dda4deea86e37c44fc2a10a2b2b70a/screenshot - {}
RESULT: {}
COMMAND: POST /session/f7dda4deea86e37c44fc2a10a2b2b70a/element - {"using":"xpath","value":"//input[@id=\"application-manageresources-display-component---newResourceUnit--idRuTSAdmin-application-manageresources-display-component---newResourceUnit--RUTimeSegment-0-inner\"]"}
RESULT: {}
RESULT: {"using":"xpath","value":"//input[@id=\"application-manageresources-display-component---newResourceUnit--idRuTSAdmin-application-manageresources-display-component---newResourceUnit--RUTimeSegment-0-inner\"]"}
COMMAND: POST /session/f7dda4deea86e37c44fc2a10a2b2b70a/element/f.30820BDFF87FD38C1A457C97C4719E16.d.E6F3C111B3881D465680EB6583D53445.e.4249/clear - {}
RESULT: {}
COMMAND: POST /session/f7dda4deea86e37c44fc2a10a2b2b70a/element/f.30820BDFF87FD38C1A457C97C4719E16.d.E6F3C111B3881D465680EB6583D53445.e.4249/value - {"text":"WebdriverYard3mpceg"}
COMMAND: GET /session/f7dda4deea86e37c44fc2a10a2b2b70a/screenshot - {}
RESULT: {"text":"WebdriverYard3mpceg"}
COMMAND: GET /session/f7dda4deea86e37c44fc2a10a2b2b70a/screenshot - {}
RESULT: {}
RESULT: {}
COMMAND: POST /session/f7dda4deea86e37c44fc2a10a2b2b70a/actions - {"actions":[{"id":"action36","type":"key","parameters":{},"actions":[{"type":"keyDown","value":""},{"type":"pause","duration":10},{"type":"keyUp","value":""}]}]}
RESULT: {"actions":[{"id":"action36","type":"key","parameters":{},"actions":[{"type":"keyDown","value":""},{"type":"pause","duration":10},{"type":"keyUp","value":""}]}]}
COMMAND: GET /session/f7dda4deea86e37c44fc2a10a2b2b70a/screenshot - {}
RESULT: {}
COMMAND: POST /session/f7dda4deea86e37c44fc2a10a2b2b70a/execute/async - {"script":"<script> [1562 bytes]","args":[{"selector":{"controlType":"sap.m.Button","viewName":"reusables.view.manageresources.NewResourceUnit","viewId":"application-manageresources-display-component---newResourceUnit","i18NText":{"propertyName":"tooltip","key":"save"},"interaction":{"idSuffix":"BDI-content"}},"wdio_ui5_key":"reusablesview.manageresources.NewResourceUnitsap.m.Button{\"propertyName\":\"tooltip\",\"key\":\"save\"}"}]}
RESULT: {"script":"<script> [1562 bytes]","args":[{"selector":{"controlType":"sap.m.Button","viewName":"reusables.view.manageresources.NewResourceUnit","viewId":"application-manageresources-display-component---newResourceUnit","i18NText":{"propertyName":"tooltip","key":"save"},"interaction":{"idSuffix":"BDI-content"}},"wdio_ui5_key":"reusablesview.manageresources.NewResourceUnitsap.m.Button{\"propertyName\":\"tooltip\",\"key\":\"save\"}"}]}
RESULT: undefined
COMMAND: POST /session/f7dda4deea86e37c44fc2a10a2b2b70a/element - {"using":"xpath","value":"//*[@id=\"application-manageresources-display-component---newResourceUnit--createRuButton\"]"}
RESULT: {"using":"xpath","value":"//*[@id=\"application-manageresources-display-component---newResourceUnit--createRuButton\"]"}
COMMAND: POST /session/f7dda4deea86e37c44fc2a10a2b2b70a/element/f.30820BDFF87FD38C1A457C97C4719E16.d.E6F3C111B3881D465680EB6583D53445.e.4109/click - {}
RESULT: {}
COMMAND: GET /session/f7dda4deea86e37c44fc2a10a2b2b70a/screenshot - {}
RESULT: {}
COMMAND: POST /session/f7dda4deea86e37c44fc2a10a2b2b70a/execute/async - {"script":"<script> [1562 bytes]","args":[{"selector":{"controlType":"sap.m.Title","properties":{"text":"Success"},"searchOpenDialogs":true},"wdio_ui5_key":"sapm.Title{\"text\":\"Success\"}"}]}
RESULT: {"script":"<script> [1562 bytes]","args":[{"selector":{"controlType":"sap.m.Title","properties":{"text":"Success"},"searchOpenDialogs":true},"wdio_ui5_key":"sapm.Title{\"text\":\"Success\"}"}]}
RESULT: undefined
COMMAND: POST /session/f7dda4deea86e37c44fc2a10a2b2b70a/execute/async - {"script":"<script> [6424 bytes]","args":[{"element-6066-11e4-a52e-4f735466cecf":"f.30820BDFF87FD38C1A457C97C4719E16.d.E6F3C111B3881D465680EB6583D53445.e.4263"},"getText",[]]}
RESULT: {"script":"<script> [6424 bytes]","args":[{"element-6066-11e4-a52e-4f735466cecf":"f.30820BDFF87FD38C1A457C97C4719E16.d.E6F3C111B3881D465680EB6583D53445.e.4263"},"getText",[]]}
COMMAND: POST /session/f7dda4deea86e37c44fc2a10a2b2b70a/element - {"using":"xpath","value":"//*[contains(@id, '__text') and (contains(text(), 'successfully created') or contains(., 'successfully created'))]"}
RESULT: {"using":"xpath","value":"//*[contains(@id, '__text') and (contains(text(), 'successfully created') or contains(., 'successfully created'))]"}
COMMAND: GET /session/f7dda4deea86e37c44fc2a10a2b2b70a/element/f.30820BDFF87FD38C1A457C97C4719E16.d.E6F3C111B3881D465680EB6583D53445.e.4262/text - {}
RESULT: {}
COMMAND: POST /session/f7dda4deea86e37c44fc2a10a2b2b70a/execute/async - {"script":"<script> [1562 bytes]","args":[{"selector":{"controlType":"sap.m.Button","properties":{"text":"Close"},"searchOpenDialogs":true,"interaction":{"idSuffix":"BDI-content"}},"wdio_ui5_key":"sapm.Button{\"text\":\"Close\"}"}]}
RESULT: {"script":"<script> [1562 bytes]","args":[{"selector":{"controlType":"sap.m.Button","properties":{"text":"Close"},"searchOpenDialogs":true,"interaction":{"idSuffix":"BDI-content"}},"wdio_ui5_key":"sapm.Button{\"text\":\"Close\"}"}]}
RESULT: undefined
COMMAND: POST /session/f7dda4deea86e37c44fc2a10a2b2b70a/element - {"using":"xpath","value":"//*[@id=\"__mbox-btn-1\"]"}
RESULT: {"using":"xpath","value":"//*[@id=\"__mbox-btn-1\"]"}
COMMAND: POST /session/f7dda4deea86e37c44fc2a10a2b2b70a/element/f.30820BDFF87FD38C1A457C97C4719E16.d.E6F3C111B3881D465680EB6583D53445.e.4260/click - {}
RESULT: {}
COMMAND: GET /session/f7dda4deea86e37c44fc2a10a2b2b70a/screenshot - {}
RESULT: {}
COMMAND: POST /session/f7dda4deea86e37c44fc2a10a2b2b70a/execute/async - {"script":"<script> [1562 bytes]","args":[{"selector":{"controlType":"sap.ui.core.Icon","viewName":"etm.portal.ui.manageresources.view.Detail","viewId":"application-manageresources-display-component---detailRU","properties":{"src":{"regex":{"source":"overflow"}}}},"wdio_ui5_key":"etmportal.ui.manageresources.view.Detailsap.ui.core.Icon{\"src\":{\"regex\":{\"source\":\"overflow\"}}}"}]}
RESULT: {"script":"<script> [1562 bytes]","args":[{"selector":{"controlType":"sap.ui.core.Icon","viewName":"etm.portal.ui.manageresources.view.Detail","viewId":"application-manageresources-display-component---detailRU","properties":{"src":{"regex":{"source":"overflow"}}}},"wdio_ui5_key":"etmportal.ui.manageresources.view.Detailsap.ui.core.Icon{\"src\":{\"regex\":{\"source\":\"overflow\"}}}"}]}
RESULT: undefined
COMMAND: POST /session/f7dda4deea86e37c44fc2a10a2b2b70a/element - {"using":"xpath","value":"//*[@id=\"__title81-_actionsToolbar-overflowButton-img\"]"}
RESULT: {"using":"xpath","value":"//*[@id=\"__title81-_actionsToolbar-overflowButton-img\"]"}
COMMAND: POST /session/f7dda4deea86e37c44fc2a10a2b2b70a/element/f.30820BDFF87FD38C1A457C97C4719E16.d.E6F3C111B3881D465680EB6583D53445.e.4293/click - {}
RESULT: {}
COMMAND: POST /session/f7dda4deea86e37c44fc2a10a2b2b70a/execute/async - {"script":"<script> [1562 bytes]","args":[{"selector":{"controlType":"sap.m.Button","viewName":"etm.portal.ui.manageresources.view.Detail","viewId":"application-manageresources-display-component---detailRU","i18NText":{"propertyName":"tooltip","key":"closeColumn"},"searchOpenDialogs":true,"interaction":{"idSuffix":"inner"}},"wdio_ui5_key":"etmportal.ui.manageresources.view.Detailsap.m.Button{\"propertyName\":\"tooltip\",\"key\":\"closeColumn\"}"}]}
COMMAND: GET /session/f7dda4deea86e37c44fc2a10a2b2b70a/screenshot - {}
RESULT: {"script":"<script> [1562 bytes]","args":[{"selector":{"controlType":"sap.m.Button","viewName":"etm.portal.ui.manageresources.view.Detail","viewId":"application-manageresources-display-component---detailRU","i18NText":{"propertyName":"tooltip","key":"closeColumn"},"searchOpenDialogs":true,"interaction":{"idSuffix":"inner"}},"wdio_ui5_key":"etmportal.ui.manageresources.view.Detailsap.m.Button{\"propertyName\":\"tooltip\",\"key\":\"closeColumn\"}"}]}
RESULT: undefined
COMMAND: POST /session/f7dda4deea86e37c44fc2a10a2b2b70a/element - {"using":"xpath","value":"//*[@id=\"__button257\"]"}
RESULT: {}
RESULT: {"using":"xpath","value":"//*[@id=\"__button257\"]"}
COMMAND: POST /session/f7dda4deea86e37c44fc2a10a2b2b70a/element/f.30820BDFF87FD38C1A457C97C4719E16.d.E6F3C111B3881D465680EB6583D53445.e.4295/click - {}
RESULT: {}
COMMAND: GET /session/f7dda4deea86e37c44fc2a10a2b2b70a/screenshot - {}
RESULT: {}
COMMAND: POST /session/f7dda4deea86e37c44fc2a10a2b2b70a/refresh - {}
RESULT: {}
COMMAND: GET /session/f7dda4deea86e37c44fc2a10a2b2b70a/screenshot - {}
RESULT: {}
COMMAND: POST /session/f7dda4deea86e37c44fc2a10a2b2b70a/execute/async - {"script":"<script> [189 bytes]","args":[]}
RESULT: {"script":"<script> [189 bytes]","args":[]}
COMMAND: POST /session/f7dda4deea86e37c44fc2a10a2b2b70a/execute/async - {"script":"<script> [123 bytes]","args":[]}
RESULT: {"script":"<script> [123 bytes]","args":[]}
COMMAND: POST /session/f7dda4deea86e37c44fc2a10a2b2b70a/timeouts - {"script":"<number>"}
RESULT: {"script":"<number>"}
COMMAND: GET /session/f7dda4deea86e37c44fc2a10a2b2b70a/timeouts - {}
RESULT: {}
RESULT: undefined
COMMAND: POST /session/f7dda4deea86e37c44fc2a10a2b2b70a/execute/async - {"script":"<script> [2676 bytes]","args":[]}
RESULT: {"script":"<script> [2676 bytes]","args":[]}
COMMAND: POST /session/f7dda4deea86e37c44fc2a10a2b2b70a/execute/async - {"script":"<script> [2342 bytes]","args":[{"protocol":"http","hostname":"0.0.0.0","path":"/","capabilities":{"browserName":"chrome","goog:chromeOptions":{"binary":"C:\\Program Files\\Google\\Chrome\\Application\\chrome.exe","args":["--start-maximized"]}},"logLevel":"warn","connectionRetryTimeout":120000,"connectionRetryCount":3,"logLevels":{},"enableDirectConnect":true,"strictSSL":true,"_":"65 more keys: [\"cacheDir\",\"port\",\"requestedCapabilities\",\"automationProtocol\",\"baseUrl\",\"waitforInterval\",\"waitforTimeout\",\"onReload\",\"beforeCommand\",\"afterCommand\",\"rootDir\",\"specs\",\"suites\",\"exclude\",\"groupLogsByTestSpec\",\"excludeDriverLogs\",\"bail\",\"framework\",\"reporters\",\"services\",\"maxInstances\",\"maxInstancesPerCapability\",\"injectGlobals\",\"filesToWatch\",\"execArgv\",\"runnerEnv\",\"runner\",\"shard\",\"specFileRetries\",\"specFileRetriesDelay\",\"specFileRetriesDeferred\",\"reporterSyncInterval\",\"reporterSyncTimeout\",\"cucumberFeaturesWithLineNumbers\",\"autoCompileOpts\",\"mochaOpts\",\"jasmineOpts\",\"cucumberOpts\",\"onPrepare\",\"onWorkerStart\",\"onWorkerEnd\",\"before\",\"beforeSession\",\"beforeSuite\",\"beforeHook\",\"beforeTest\",\"afterTest\",\"afterHook\",\"afterSuite\",\"afterSession\",\"after\",\"onComplete\",\"beforeAssertion\",\"afterAssertion\",\"beforeFeature\",\"beforeScenario\",\"beforeStep\",\"afterStep\",\"afterScenario\",\"afterFeature\",\"_\",\"suite\",\"$0\",\"ignoredWorkerServices\",\"wdi5\"]"}]}
RESULT: {"script":"<script> [2342 bytes]","args":[{"protocol":"http","hostname":"0.0.0.0","path":"/","capabilities":{"browserName":"chrome","goog:chromeOptions":{"binary":"C:\\Program Files\\Google\\Chrome\\Application\\chrome.exe","args":["--start-maximized"]}},"logLevel":"warn","connectionRetryTimeout":120000,"connectionRetryCount":3,"logLevels":{},"enableDirectConnect":true,"strictSSL":true,"_":"65 more keys: [\"cacheDir\",\"port\",\"requestedCapabilities\",\"automationProtocol\",\"baseUrl\",\"waitforInterval\",\"waitforTimeout\",\"onReload\",\"beforeCommand\",\"afterCommand\",\"rootDir\",\"specs\",\"suites\",\"exclude\",\"groupLogsByTestSpec\",\"excludeDriverLogs\",\"bail\",\"framework\",\"reporters\",\"services\",\"maxInstances\",\"maxInstancesPerCapability\",\"injectGlobals\",\"filesToWatch\",\"execArgv\",\"runnerEnv\",\"runner\",\"shard\",\"specFileRetries\",\"specFileRetriesDelay\",\"specFileRetriesDeferred\",\"reporterSyncInterval\",\"reporterSyncTimeout\",\"cucumberFeaturesWithLineNumbers\",\"autoCompileOpts\",\"mochaOpts\",\"jasmineOpts\",\"cucumberOpts\",\"onPrepare\",\"onWorkerStart\",\"onWorkerEnd\",\"before\",\"beforeSession\",\"beforeSuite\",\"beforeHook\",\"beforeTest\",\"afterTest\",\"afterHook\",\"afterSuite\",\"afterSession\",\"after\",\"onComplete\",\"beforeAssertion\",\"afterAssertion\",\"beforeFeature\",\"beforeScenario\",\"beforeStep\",\"afterStep\",\"afterScenario\",\"afterFeature\",\"_\",\"suite\",\"$0\",\"ignoredWorkerServices\",\"wdi5\"]"}]}
COMMAND: POST /session/f7dda4deea86e37c44fc2a10a2b2b70a/execute/async - {"script":"<script> [21126 bytes]","args":[35000]}
RESULT: {"script":"<script> [21126 bytes]","args":[35000]}
COMMAND: POST /session/f7dda4deea86e37c44fc2a10a2b2b70a/element - {"using":"css selector","value":"#shell-header-logo"}
RESULT: {"using":"css selector","value":"#shell-header-logo"}
COMMAND: POST /session/f7dda4deea86e37c44fc2a10a2b2b70a/element/f.30820BDFF87FD38C1A457C97C4719E16.d.816F4D2414A3E3AB90A3715A48EB535D.e.4375/click - {}
RESULT: {}
COMMAND: GET /session/f7dda4deea86e37c44fc2a10a2b2b70a/screenshot - {}
RESULT: {}
COMMAND: POST /session/f7dda4deea86e37c44fc2a10a2b2b70a/element - {"using":"css selector","value":"#shell-header-logo"}
RESULT: {"using":"css selector","value":"#shell-header-logo"}
COMMAND: POST /session/f7dda4deea86e37c44fc2a10a2b2b70a/element/f.30820BDFF87FD38C1A457C97C4719E16.d.816F4D2414A3E3AB90A3715A48EB535D.e.4541/click - {}
RESULT: {}
COMMAND: GET /session/f7dda4deea86e37c44fc2a10a2b2b70a/screenshot - {}
RESULT: {}
]]></system-out>
    </testcase>
    <testcase classname="chrome.136_0_7103_93.windows.Manage_request_+_Contract_processing_pick_up_option_US120163_" name="Should Create New Request pick up option" time="203.82">
      <system-out><![CDATA[
COMMAND: POST /session/f7dda4deea86e37c44fc2a10a2b2b70a/element - {"using":"css selector","value":"#shell-header-logo"}
RESULT: {"using":"css selector","value":"#shell-header-logo"}
COMMAND: POST /session/f7dda4deea86e37c44fc2a10a2b2b70a/element/f.30820BDFF87FD38C1A457C97C4719E16.d.816F4D2414A3E3AB90A3715A48EB535D.e.4541/click - {}
RESULT: {}
COMMAND: GET /session/f7dda4deea86e37c44fc2a10a2b2b70a/screenshot - {}
RESULT: {}
COMMAND: POST /session/f7dda4deea86e37c44fc2a10a2b2b70a/execute/async - {"script":"<script> [1562 bytes]","args":[{"selector":{"controlType":"sap.m.GenericTile","properties":{"header":"Manage Requests"}},"wdio_ui5_key":"sapm.GenericTile{\"header\":\"Manage Requests\"}"}]}
RESULT: {"script":"<script> [1562 bytes]","args":[{"selector":{"controlType":"sap.m.GenericTile","properties":{"header":"Manage Requests"}},"wdio_ui5_key":"sapm.GenericTile{\"header\":\"Manage Requests\"}"}]}
RESULT: undefined
COMMAND: POST /session/f7dda4deea86e37c44fc2a10a2b2b70a/element - {"using":"xpath","value":"//*[@id=\"__tile47\"]"}
RESULT: {"using":"xpath","value":"//*[@id=\"__tile47\"]"}
COMMAND: POST /session/f7dda4deea86e37c44fc2a10a2b2b70a/element/f.30820BDFF87FD38C1A457C97C4719E16.d.816F4D2414A3E3AB90A3715A48EB535D.e.4550/click - {}
RESULT: {}
COMMAND: GET /session/f7dda4deea86e37c44fc2a10a2b2b70a/screenshot - {}
RESULT: {}
COMMAND: POST /session/f7dda4deea86e37c44fc2a10a2b2b70a/elements - {"using":"xpath","value":"//span[text()='Error']"}
RESULT: {"using":"xpath","value":"//span[text()='Error']"}
COMMAND: POST /session/f7dda4deea86e37c44fc2a10a2b2b70a/refresh - {}
RESULT: {}
COMMAND: GET /session/f7dda4deea86e37c44fc2a10a2b2b70a/screenshot - {}
RESULT: {}
COMMAND: POST /session/f7dda4deea86e37c44fc2a10a2b2b70a/execute/async - {"script":"<script> [189 bytes]","args":[]}
RESULT: {"script":"<script> [189 bytes]","args":[]}
COMMAND: POST /session/f7dda4deea86e37c44fc2a10a2b2b70a/execute/async - {"script":"<script> [123 bytes]","args":[]}
RESULT: {"script":"<script> [123 bytes]","args":[]}
COMMAND: POST /session/f7dda4deea86e37c44fc2a10a2b2b70a/timeouts - {"script":"<number>"}
RESULT: {"script":"<number>"}
COMMAND: GET /session/f7dda4deea86e37c44fc2a10a2b2b70a/timeouts - {}
RESULT: {}
RESULT: undefined
COMMAND: POST /session/f7dda4deea86e37c44fc2a10a2b2b70a/execute/async - {"script":"<script> [2676 bytes]","args":[]}
RESULT: {"script":"<script> [2676 bytes]","args":[]}
COMMAND: POST /session/f7dda4deea86e37c44fc2a10a2b2b70a/execute/async - {"script":"<script> [2342 bytes]","args":[{"protocol":"http","hostname":"0.0.0.0","path":"/","capabilities":{"browserName":"chrome","goog:chromeOptions":{"binary":"C:\\Program Files\\Google\\Chrome\\Application\\chrome.exe","args":["--start-maximized"]}},"logLevel":"warn","connectionRetryTimeout":120000,"connectionRetryCount":3,"logLevels":{},"enableDirectConnect":true,"strictSSL":true,"_":"65 more keys: [\"cacheDir\",\"port\",\"requestedCapabilities\",\"automationProtocol\",\"baseUrl\",\"waitforInterval\",\"waitforTimeout\",\"onReload\",\"beforeCommand\",\"afterCommand\",\"rootDir\",\"specs\",\"suites\",\"exclude\",\"groupLogsByTestSpec\",\"excludeDriverLogs\",\"bail\",\"framework\",\"reporters\",\"services\",\"maxInstances\",\"maxInstancesPerCapability\",\"injectGlobals\",\"filesToWatch\",\"execArgv\",\"runnerEnv\",\"runner\",\"shard\",\"specFileRetries\",\"specFileRetriesDelay\",\"specFileRetriesDeferred\",\"reporterSyncInterval\",\"reporterSyncTimeout\",\"cucumberFeaturesWithLineNumbers\",\"autoCompileOpts\",\"mochaOpts\",\"jasmineOpts\",\"cucumberOpts\",\"onPrepare\",\"onWorkerStart\",\"onWorkerEnd\",\"before\",\"beforeSession\",\"beforeSuite\",\"beforeHook\",\"beforeTest\",\"afterTest\",\"afterHook\",\"afterSuite\",\"afterSession\",\"after\",\"onComplete\",\"beforeAssertion\",\"afterAssertion\",\"beforeFeature\",\"beforeScenario\",\"beforeStep\",\"afterStep\",\"afterScenario\",\"afterFeature\",\"_\",\"suite\",\"$0\",\"ignoredWorkerServices\",\"wdi5\"]"}]}
RESULT: {"script":"<script> [2342 bytes]","args":[{"protocol":"http","hostname":"0.0.0.0","path":"/","capabilities":{"browserName":"chrome","goog:chromeOptions":{"binary":"C:\\Program Files\\Google\\Chrome\\Application\\chrome.exe","args":["--start-maximized"]}},"logLevel":"warn","connectionRetryTimeout":120000,"connectionRetryCount":3,"logLevels":{},"enableDirectConnect":true,"strictSSL":true,"_":"65 more keys: [\"cacheDir\",\"port\",\"requestedCapabilities\",\"automationProtocol\",\"baseUrl\",\"waitforInterval\",\"waitforTimeout\",\"onReload\",\"beforeCommand\",\"afterCommand\",\"rootDir\",\"specs\",\"suites\",\"exclude\",\"groupLogsByTestSpec\",\"excludeDriverLogs\",\"bail\",\"framework\",\"reporters\",\"services\",\"maxInstances\",\"maxInstancesPerCapability\",\"injectGlobals\",\"filesToWatch\",\"execArgv\",\"runnerEnv\",\"runner\",\"shard\",\"specFileRetries\",\"specFileRetriesDelay\",\"specFileRetriesDeferred\",\"reporterSyncInterval\",\"reporterSyncTimeout\",\"cucumberFeaturesWithLineNumbers\",\"autoCompileOpts\",\"mochaOpts\",\"jasmineOpts\",\"cucumberOpts\",\"onPrepare\",\"onWorkerStart\",\"onWorkerEnd\",\"before\",\"beforeSession\",\"beforeSuite\",\"beforeHook\",\"beforeTest\",\"afterTest\",\"afterHook\",\"afterSuite\",\"afterSession\",\"after\",\"onComplete\",\"beforeAssertion\",\"afterAssertion\",\"beforeFeature\",\"beforeScenario\",\"beforeStep\",\"afterStep\",\"afterScenario\",\"afterFeature\",\"_\",\"suite\",\"$0\",\"ignoredWorkerServices\",\"wdi5\"]"}]}
COMMAND: POST /session/f7dda4deea86e37c44fc2a10a2b2b70a/execute/async - {"script":"<script> [21126 bytes]","args":[35000]}
RESULT: {"script":"<script> [21126 bytes]","args":[35000]}
COMMAND: POST /session/f7dda4deea86e37c44fc2a10a2b2b70a/element - {"using":"xpath","value":"//button[contains(@data-kt ,\"btnCreateNewOverflowToolbarButton\")]"}
COMMAND: POST /session/f7dda4deea86e37c44fc2a10a2b2b70a/element - {"using":"xpath","value":"(//span[contains(@class ,\"sapMObjStatusText\")])[1]"}
RESULT: {"using":"xpath","value":"//button[contains(@data-kt ,\"btnCreateNewOverflowToolbarButton\")]"}
COMMAND: POST /session/f7dda4deea86e37c44fc2a10a2b2b70a/elements - {"using":"xpath","value":"//button[contains(@data-kt ,\"btnCreateNewOverflowToolbarButton\")]"}
RESULT: {"using":"xpath","value":"(//span[contains(@class ,\"sapMObjStatusText\")])[1]"}
COMMAND: POST /session/f7dda4deea86e37c44fc2a10a2b2b70a/element - {"using":"xpath","value":"(//span[contains(@class ,\"sapMObjStatusText\")])[1]"}
RESULT: {"using":"xpath","value":"//button[contains(@data-kt ,\"btnCreateNewOverflowToolbarButton\")]"}
COMMAND: POST /session/f7dda4deea86e37c44fc2a10a2b2b70a/elements - {"using":"xpath","value":"//button[contains(@data-kt ,\"btnCreateNewOverflowToolbarButton\")]"}
RESULT: {"using":"xpath","value":"(//span[contains(@class ,\"sapMObjStatusText\")])[1]"}
COMMAND: POST /session/f7dda4deea86e37c44fc2a10a2b2b70a/element - {"using":"xpath","value":"(//span[contains(@class ,\"sapMObjStatusText\")])[1]"}
RESULT: {"using":"xpath","value":"//button[contains(@data-kt ,\"btnCreateNewOverflowToolbarButton\")]"}
RESULT: {"using":"xpath","value":"(//span[contains(@class ,\"sapMObjStatusText\")])[1]"}
COMMAND: POST /session/f7dda4deea86e37c44fc2a10a2b2b70a/elements - {"using":"xpath","value":"//button[contains(@data-kt ,\"btnCreateNewOverflowToolbarButton\")]"}
RESULT: {"using":"xpath","value":"//button[contains(@data-kt ,\"btnCreateNewOverflowToolbarButton\")]"}
COMMAND: POST /session/f7dda4deea86e37c44fc2a10a2b2b70a/element - {"using":"xpath","value":"(//span[contains(@class ,\"sapMObjStatusText\")])[1]"}
RESULT: {"using":"xpath","value":"(//span[contains(@class ,\"sapMObjStatusText\")])[1]"}
COMMAND: POST /session/f7dda4deea86e37c44fc2a10a2b2b70a/elements - {"using":"xpath","value":"//button[contains(@data-kt ,\"btnCreateNewOverflowToolbarButton\")]"}
COMMAND: POST /session/f7dda4deea86e37c44fc2a10a2b2b70a/element - {"using":"xpath","value":"(//span[contains(@class ,\"sapMObjStatusText\")])[1]"}
RESULT: {"using":"xpath","value":"//button[contains(@data-kt ,\"btnCreateNewOverflowToolbarButton\")]"}
COMMAND: POST /session/f7dda4deea86e37c44fc2a10a2b2b70a/elements - {"using":"xpath","value":"//button[contains(@data-kt ,\"btnCreateNewOverflowToolbarButton\")]"}
RESULT: {"using":"xpath","value":"(//span[contains(@class ,\"sapMObjStatusText\")])[1]"}
COMMAND: POST /session/f7dda4deea86e37c44fc2a10a2b2b70a/execute/sync - {"script":"<script> [8489 bytes]","args":[{"element-6066-11e4-a52e-4f735466cecf":"f.30820BDFF87FD38C1A457C97C4719E16.d.E55310B677922D0861C5C4BA905234D9.e.4743","ELEMENT":"f.30820BDFF87FD38C1A457C97C4719E16.d.E55310B677922D0861C5C4BA905234D9.e.4743"}]}
RESULT: {"using":"xpath","value":"//button[contains(@data-kt ,\"btnCreateNewOverflowToolbarButton\")]"}
COMMAND: POST /session/f7dda4deea86e37c44fc2a10a2b2b70a/element - {"using":"xpath","value":"//button[contains(@data-kt ,\"btnCreateNewOverflowToolbarButton\")]"}
RESULT: {"script":"<script> [8489 bytes]","args":[{"element-6066-11e4-a52e-4f735466cecf":"f.30820BDFF87FD38C1A457C97C4719E16.d.E55310B677922D0861C5C4BA905234D9.e.4743","ELEMENT":"f.30820BDFF87FD38C1A457C97C4719E16.d.E55310B677922D0861C5C4BA905234D9.e.4743"}]}
COMMAND: GET /session/f7dda4deea86e37c44fc2a10a2b2b70a/screenshot - {}
RESULT: {"using":"xpath","value":"//button[contains(@data-kt ,\"btnCreateNewOverflowToolbarButton\")]"}
COMMAND: POST /session/f7dda4deea86e37c44fc2a10a2b2b70a/element/f.30820BDFF87FD38C1A457C97C4719E16.d.E55310B677922D0861C5C4BA905234D9.e.4704/click - {}
RESULT: {}
RESULT: {}
COMMAND: GET /session/f7dda4deea86e37c44fc2a10a2b2b70a/screenshot - {}
RESULT: {}
COMMAND: POST /session/f7dda4deea86e37c44fc2a10a2b2b70a/element - {"using":"xpath","value":"//input[contains(@id ,\"yardId-inner\")]"}
RESULT: {"using":"xpath","value":"//input[contains(@id ,\"yardId-inner\")]"}
COMMAND: POST /session/f7dda4deea86e37c44fc2a10a2b2b70a/execute/sync - {"script":"<script> [8489 bytes]","args":[{"element-6066-11e4-a52e-4f735466cecf":"f.30820BDFF87FD38C1A457C97C4719E16.d.E55310B677922D0861C5C4BA905234D9.e.4845","ELEMENT":"f.30820BDFF87FD38C1A457C97C4719E16.d.E55310B677922D0861C5C4BA905234D9.e.4845"}]}
RESULT: {"script":"<script> [8489 bytes]","args":[{"element-6066-11e4-a52e-4f735466cecf":"f.30820BDFF87FD38C1A457C97C4719E16.d.E55310B677922D0861C5C4BA905234D9.e.4845","ELEMENT":"f.30820BDFF87FD38C1A457C97C4719E16.d.E55310B677922D0861C5C4BA905234D9.e.4845"}]}
COMMAND: POST /session/f7dda4deea86e37c44fc2a10a2b2b70a/element - {"using":"xpath","value":"//input[contains(@id ,\"requestContractNo-inner\")]"}
COMMAND: POST /session/f7dda4deea86e37c44fc2a10a2b2b70a/element - {"using":"xpath","value":"//input[contains(@id ,\"yardId-inner\")]"}
COMMAND: GET /session/f7dda4deea86e37c44fc2a10a2b2b70a/screenshot - {}
RESULT: {"using":"xpath","value":"//input[contains(@id ,\"requestContractNo-inner\")]"}
COMMAND: POST /session/f7dda4deea86e37c44fc2a10a2b2b70a/element/f.30820BDFF87FD38C1A457C97C4719E16.d.E55310B677922D0861C5C4BA905234D9.e.4840/value - {"text":"10157"}
RESULT: {"using":"xpath","value":"//input[contains(@id ,\"yardId-inner\")]"}
COMMAND: GET /session/f7dda4deea86e37c44fc2a10a2b2b70a/element/f.30820BDFF87FD38C1A457C97C4719E16.d.E55310B677922D0861C5C4BA905234D9.e.4845/enabled - {}
RESULT: {}
RESULT: {"text":"10157"}
RESULT: {}
COMMAND: GET /session/f7dda4deea86e37c44fc2a10a2b2b70a/screenshot - {}
COMMAND: GET /session/f7dda4deea86e37c44fc2a10a2b2b70a/screenshot - {}
RESULT: {}
RESULT: {}
COMMAND: POST /session/f7dda4deea86e37c44fc2a10a2b2b70a/actions - {"actions":[{"id":"action37","type":"key","parameters":{},"actions":[{"type":"keyDown","value":""},{"type":"pause","duration":10},{"type":"keyUp","value":""}]}]}
RESULT: {"actions":[{"id":"action37","type":"key","parameters":{},"actions":[{"type":"keyDown","value":""},{"type":"pause","duration":10},{"type":"keyUp","value":""}]}]}
COMMAND: GET /session/f7dda4deea86e37c44fc2a10a2b2b70a/screenshot - {}
RESULT: {}
COMMAND: POST /session/f7dda4deea86e37c44fc2a10a2b2b70a/execute/async - {"script":"<script> [1562 bytes]","args":[{"selector":{"controlType":"sap.m.Button","viewName":"etm.portal.ui.managerequests.view.NewRequest","properties":{"text":"Items"},"interaction":{"idSuffix":"BDI-content"}},"wdio_ui5_key":"etmportal.ui.managerequests.view.NewRequestsap.m.Button{\"text\":\"Items\"}"}]}
RESULT: {"script":"<script> [1562 bytes]","args":[{"selector":{"controlType":"sap.m.Button","viewName":"etm.portal.ui.managerequests.view.NewRequest","properties":{"text":"Items"},"interaction":{"idSuffix":"BDI-content"}},"wdio_ui5_key":"etmportal.ui.managerequests.view.NewRequestsap.m.Button{\"text\":\"Items\"}"}]}
RESULT: undefined
COMMAND: POST /session/f7dda4deea86e37c44fc2a10a2b2b70a/element - {"using":"xpath","value":"//*[@id=\"__xmlview1--newRequestPage-anchBar-__xmlview1--requestItemsSection-anchor\"]"}
RESULT: {"using":"xpath","value":"//*[@id=\"__xmlview1--newRequestPage-anchBar-__xmlview1--requestItemsSection-anchor\"]"}
COMMAND: POST /session/f7dda4deea86e37c44fc2a10a2b2b70a/element/f.30820BDFF87FD38C1A457C97C4719E16.d.E55310B677922D0861C5C4BA905234D9.e.4994/click - {}
RESULT: {}
COMMAND: GET /session/f7dda4deea86e37c44fc2a10a2b2b70a/screenshot - {}
RESULT: {}
COMMAND: POST /session/f7dda4deea86e37c44fc2a10a2b2b70a/execute/async - {"script":"<script> [1562 bytes]","args":[{"selector":{"controlType":"sap.ui.core.Icon","viewName":"etm.portal.ui.managerequests.view.NewRequest","properties":{"src":{"regex":{"source":"inspect"}}}},"wdio_ui5_key":"etmportal.ui.managerequests.view.NewRequestsap.ui.core.Icon{\"src\":{\"regex\":{\"source\":\"inspect\"}}}"}]}
RESULT: {"script":"<script> [1562 bytes]","args":[{"selector":{"controlType":"sap.ui.core.Icon","viewName":"etm.portal.ui.managerequests.view.NewRequest","properties":{"src":{"regex":{"source":"inspect"}}}},"wdio_ui5_key":"etmportal.ui.managerequests.view.NewRequestsap.ui.core.Icon{\"src\":{\"regex\":{\"source\":\"inspect\"}}}"}]}
RESULT: undefined
COMMAND: POST /session/f7dda4deea86e37c44fc2a10a2b2b70a/element - {"using":"xpath","value":"//*[@id=\"__button8-img\"]"}
RESULT: {"using":"xpath","value":"//*[@id=\"__button8-img\"]"}
COMMAND: POST /session/f7dda4deea86e37c44fc2a10a2b2b70a/element/f.30820BDFF87FD38C1A457C97C4719E16.d.E55310B677922D0861C5C4BA905234D9.e.4999/click - {}
RESULT: {}
COMMAND: GET /session/f7dda4deea86e37c44fc2a10a2b2b70a/screenshot - {}
RESULT: {}
COMMAND: POST /session/f7dda4deea86e37c44fc2a10a2b2b70a/execute/async - {"script":"<script> [1562 bytes]","args":[{"selector":{"controlType":"sap.ui.core.Icon","viewName":"etm.portal.ui.managerequests.view.NewRequest","properties":{"src":{"regex":{"source":"add"}}}},"wdio_ui5_key":"etmportal.ui.managerequests.view.NewRequestsap.ui.core.Icon{\"src\":{\"regex\":{\"source\":\"add\"}}}"}]}
RESULT: {"script":"<script> [1562 bytes]","args":[{"selector":{"controlType":"sap.ui.core.Icon","viewName":"etm.portal.ui.managerequests.view.NewRequest","properties":{"src":{"regex":{"source":"add"}}}},"wdio_ui5_key":"etmportal.ui.managerequests.view.NewRequestsap.ui.core.Icon{\"src\":{\"regex\":{\"source\":\"add\"}}}"}]}
RESULT: undefined
COMMAND: POST /session/f7dda4deea86e37c44fc2a10a2b2b70a/element - {"using":"xpath","value":"//*[@id=\"__xmlview1--btnAddTableRow-img\"]"}
RESULT: {"using":"xpath","value":"//*[@id=\"__xmlview1--btnAddTableRow-img\"]"}
COMMAND: POST /session/f7dda4deea86e37c44fc2a10a2b2b70a/element/f.30820BDFF87FD38C1A457C97C4719E16.d.E55310B677922D0861C5C4BA905234D9.e.5007/click - {}
RESULT: {}
COMMAND: GET /session/f7dda4deea86e37c44fc2a10a2b2b70a/screenshot - {}
RESULT: {}
COMMAND: POST /session/f7dda4deea86e37c44fc2a10a2b2b70a/execute/async - {"script":"<script> [1562 bytes]","args":[{"selector":{"controlType":"sap.ui.unified.MenuItem","viewName":"etm.portal.ui.managerequests.view.NewRequest","i18NText":{"propertyName":"text","key":"standardEntry"},"searchOpenDialogs":true,"interaction":{"idSuffix":"txt"}},"wdio_ui5_key":"etmportal.ui.managerequests.view.NewRequestsap.ui.unified.MenuItem{\"propertyName\":\"text\",\"key\":\"standardEntry\"}"}]}
RESULT: {"script":"<script> [1562 bytes]","args":[{"selector":{"controlType":"sap.ui.unified.MenuItem","viewName":"etm.portal.ui.managerequests.view.NewRequest","i18NText":{"propertyName":"text","key":"standardEntry"},"searchOpenDialogs":true,"interaction":{"idSuffix":"txt"}},"wdio_ui5_key":"etmportal.ui.managerequests.view.NewRequestsap.ui.unified.MenuItem{\"propertyName\":\"text\",\"key\":\"standardEntry\"}"}]}
RESULT: undefined
COMMAND: POST /session/f7dda4deea86e37c44fc2a10a2b2b70a/element - {"using":"xpath","value":"//*[@id=\"__item177\"]"}
RESULT: {"using":"xpath","value":"//*[@id=\"__item177\"]"}
COMMAND: POST /session/f7dda4deea86e37c44fc2a10a2b2b70a/element/f.30820BDFF87FD38C1A457C97C4719E16.d.E55310B677922D0861C5C4BA905234D9.e.5011/click - {}
RESULT: {}
COMMAND: GET /session/f7dda4deea86e37c44fc2a10a2b2b70a/screenshot - {}
RESULT: {}
RESULT: undefined
COMMAND: POST /session/f7dda4deea86e37c44fc2a10a2b2b70a/element - {"using":"xpath","value":"//*[@id=\"__xmlview1--btnAddTableRow-img\"]"}
RESULT: {"using":"xpath","value":"//*[@id=\"__xmlview1--btnAddTableRow-img\"]"}
COMMAND: POST /session/f7dda4deea86e37c44fc2a10a2b2b70a/element/f.30820BDFF87FD38C1A457C97C4719E16.d.E55310B677922D0861C5C4BA905234D9.e.5007/click - {}
RESULT: {}
COMMAND: GET /session/f7dda4deea86e37c44fc2a10a2b2b70a/screenshot - {}
RESULT: {}
RESULT: undefined
COMMAND: POST /session/f7dda4deea86e37c44fc2a10a2b2b70a/element - {"using":"xpath","value":"//*[@id=\"__item177\"]"}
RESULT: {"using":"xpath","value":"//*[@id=\"__item177\"]"}
COMMAND: POST /session/f7dda4deea86e37c44fc2a10a2b2b70a/element/f.30820BDFF87FD38C1A457C97C4719E16.d.E55310B677922D0861C5C4BA905234D9.e.5032/click - {}
RESULT: {}
COMMAND: GET /session/f7dda4deea86e37c44fc2a10a2b2b70a/screenshot - {}
RESULT: {}
COMMAND: POST /session/f7dda4deea86e37c44fc2a10a2b2b70a/element - {"using":"xpath","value":"(//input[contains(@id ,\"requestItemsTable-0-inner\")])[5]"}
RESULT: {"using":"xpath","value":"(//input[contains(@id ,\"requestItemsTable-0-inner\")])[5]"}
COMMAND: POST /session/f7dda4deea86e37c44fc2a10a2b2b70a/element/f.30820BDFF87FD38C1A457C97C4719E16.d.E55310B677922D0861C5C4BA905234D9.e.5023/clear - {}
RESULT: {}
COMMAND: POST /session/f7dda4deea86e37c44fc2a10a2b2b70a/element/f.30820BDFF87FD38C1A457C97C4719E16.d.E55310B677922D0861C5C4BA905234D9.e.5023/value - {"text":"1000001"}
COMMAND: GET /session/f7dda4deea86e37c44fc2a10a2b2b70a/screenshot - {}
RESULT: {"text":"1000001"}
COMMAND: GET /session/f7dda4deea86e37c44fc2a10a2b2b70a/screenshot - {}
RESULT: {}
RESULT: {}
COMMAND: POST /session/f7dda4deea86e37c44fc2a10a2b2b70a/actions - {"actions":[{"id":"action38","type":"key","parameters":{},"actions":[{"type":"keyDown","value":""},{"type":"pause","duration":10},{"type":"keyUp","value":""}]}]}
RESULT: {"actions":[{"id":"action38","type":"key","parameters":{},"actions":[{"type":"keyDown","value":""},{"type":"pause","duration":10},{"type":"keyUp","value":""}]}]}
COMMAND: POST /session/f7dda4deea86e37c44fc2a10a2b2b70a/element - {"using":"xpath","value":"(//input[contains(@id ,\"requestItemsTable-1-inner\")])[5]"}
COMMAND: GET /session/f7dda4deea86e37c44fc2a10a2b2b70a/screenshot - {}
RESULT: {"using":"xpath","value":"(//input[contains(@id ,\"requestItemsTable-1-inner\")])[5]"}
COMMAND: POST /session/f7dda4deea86e37c44fc2a10a2b2b70a/element/f.30820BDFF87FD38C1A457C97C4719E16.d.E55310B677922D0861C5C4BA905234D9.e.5038/clear - {}
RESULT: {}
RESULT: {}
COMMAND: POST /session/f7dda4deea86e37c44fc2a10a2b2b70a/element/f.30820BDFF87FD38C1A457C97C4719E16.d.E55310B677922D0861C5C4BA905234D9.e.5038/value - {"text":"200083"}
COMMAND: GET /session/f7dda4deea86e37c44fc2a10a2b2b70a/screenshot - {}
RESULT: {"text":"200083"}
COMMAND: GET /session/f7dda4deea86e37c44fc2a10a2b2b70a/screenshot - {}
RESULT: {}
RESULT: {}
COMMAND: POST /session/f7dda4deea86e37c44fc2a10a2b2b70a/actions - {"actions":[{"id":"action39","type":"key","parameters":{},"actions":[{"type":"keyDown","value":""},{"type":"pause","duration":10},{"type":"keyUp","value":""}]}]}
RESULT: {"actions":[{"id":"action39","type":"key","parameters":{},"actions":[{"type":"keyDown","value":""},{"type":"pause","duration":10},{"type":"keyUp","value":""}]}]}
COMMAND: POST /session/f7dda4deea86e37c44fc2a10a2b2b70a/element - {"using":"xpath","value":"//div[contains(@data-kt ,\"splitAllocationObjectStatus\")]"}
COMMAND: GET /session/f7dda4deea86e37c44fc2a10a2b2b70a/screenshot - {}
RESULT: {"using":"xpath","value":"//div[contains(@data-kt ,\"splitAllocationObjectStatus\")]"}
COMMAND: POST /session/f7dda4deea86e37c44fc2a10a2b2b70a/elements - {"using":"xpath","value":"//div[contains(@data-kt ,\"splitAllocationObjectStatus\")]"}
RESULT: {}
RESULT: {"using":"xpath","value":"//div[contains(@data-kt ,\"splitAllocationObjectStatus\")]"}
COMMAND: POST /session/f7dda4deea86e37c44fc2a10a2b2b70a/execute/async - {"script":"<script> [1562 bytes]","args":[{"selector":{"controlType":"sap.ui.core.Icon","viewName":"etm.portal.ui.managerequests.view.NewRequest","properties":{"src":{"regex":{"source":"message\\-error"}}},"ancestor":{"controlType":"sap.m.ColumnListItem","viewName":"etm.portal.ui.managerequests.view.NewRequest","bindingPath":{"modelName":"newRequestItems","path":"/RequestItems/0"},"ancestor":{"id":"requestItemsTable","viewName":"etm.portal.ui.managerequests.view.NewRequest"}}},"wdio_ui5_key":"etmportal.ui.managerequests.view.NewRequestsap.ui.core.Icon{\"src\":{\"regex\":{\"source\":\"message\\\\-error\"}}}{\"controlType\":\"sap.m.ColumnListItem\",\"viewName\":\"etm.portal.ui.managerequests.view.NewRequest\",\"bindingPath\":{\"modelName\":\"newRequestItems\",\"path\":\"/RequestItems/0\"},\"ancestor\":{\"id\":\"requestItemsTable\",\"viewName\":\"etm.portal.ui.managerequests.view.NewRequest\"}}"}]}
RESULT: {"script":"<script> [1562 bytes]","args":[{"selector":{"controlType":"sap.ui.core.Icon","viewName":"etm.portal.ui.managerequests.view.NewRequest","properties":{"src":{"regex":{"source":"message\\-error"}}},"ancestor":{"controlType":"sap.m.ColumnListItem","viewName":"etm.portal.ui.managerequests.view.NewRequest","bindingPath":{"modelName":"newRequestItems","path":"/RequestItems/0"},"ancestor":{"id":"requestItemsTable","viewName":"etm.portal.ui.managerequests.view.NewRequest"}}},"wdio_ui5_key":"etmportal.ui.managerequests.view.NewRequestsap.ui.core.Icon{\"src\":{\"regex\":{\"source\":\"message\\\\-error\"}}}{\"controlType\":\"sap.m.ColumnListItem\",\"viewName\":\"etm.portal.ui.managerequests.view.NewRequest\",\"bindingPath\":{\"modelName\":\"newRequestItems\",\"path\":\"/RequestItems/0\"},\"ancestor\":{\"id\":\"requestItemsTable\",\"viewName\":\"etm.portal.ui.managerequests.view.NewRequest\"}}"}]}
RESULT: undefined
COMMAND: POST /session/f7dda4deea86e37c44fc2a10a2b2b70a/element - {"using":"xpath","value":"//*[@id=\"__status4-__xmlview1--requestItemsTable-0-icon\"]"}
RESULT: {"using":"xpath","value":"//*[@id=\"__status4-__xmlview1--requestItemsTable-0-icon\"]"}
COMMAND: POST /session/f7dda4deea86e37c44fc2a10a2b2b70a/element/f.30820BDFF87FD38C1A457C97C4719E16.d.E55310B677922D0861C5C4BA905234D9.e.5050/click - {}
RESULT: {}
COMMAND: GET /session/f7dda4deea86e37c44fc2a10a2b2b70a/screenshot - {}
RESULT: {}
COMMAND: POST /session/f7dda4deea86e37c44fc2a10a2b2b70a/execute/async - {"script":"<script> [1562 bytes]","args":[{"selector":{"id":"costObjectAdminTypeComboBox","viewName":"etm.portal.ui.managerequests.view.NewRequest","searchOpenDialogs":true,"interaction":{"idSuffix":"inner"}},"wdio_ui5_key":"costObjectAdminTypeComboBoxetmportal.ui.managerequests.view.NewRequest"}]}
RESULT: {"script":"<script> [1562 bytes]","args":[{"selector":{"id":"costObjectAdminTypeComboBox","viewName":"etm.portal.ui.managerequests.view.NewRequest","searchOpenDialogs":true,"interaction":{"idSuffix":"inner"}},"wdio_ui5_key":"costObjectAdminTypeComboBoxetmportal.ui.managerequests.view.NewRequest"}]}
RESULT: undefined
COMMAND: POST /session/f7dda4deea86e37c44fc2a10a2b2b70a/execute/async - {"script":"<script> [776 bytes]","args":[{"enterText":"Cost Center","selector":{"id":"costObjectAdminTypeComboBox","viewName":"etm.portal.ui.managerequests.view.NewRequest","searchOpenDialogs":true,"interaction":{"idSuffix":"inner"}},"clearTextFirst":true,"interactionType":"ENTER_TEXT"}]}
RESULT: {"script":"<script> [776 bytes]","args":[{"enterText":"Cost Center","selector":{"id":"costObjectAdminTypeComboBox","viewName":"etm.portal.ui.managerequests.view.NewRequest","searchOpenDialogs":true,"interaction":{"idSuffix":"inner"}},"clearTextFirst":true,"interactionType":"ENTER_TEXT"}]}
COMMAND: POST /session/f7dda4deea86e37c44fc2a10a2b2b70a/actions - {"actions":[{"id":"action40","type":"key","parameters":{},"actions":[{"type":"keyDown","value":""},{"type":"pause","duration":10},{"type":"keyUp","value":""}]}]}
RESULT: {"actions":[{"id":"action40","type":"key","parameters":{},"actions":[{"type":"keyDown","value":""},{"type":"pause","duration":10},{"type":"keyUp","value":""}]}]}
COMMAND: GET /session/f7dda4deea86e37c44fc2a10a2b2b70a/screenshot - {}
RESULT: {}
COMMAND: POST /session/f7dda4deea86e37c44fc2a10a2b2b70a/execute/async - {"script":"<script> [1562 bytes]","args":[{"selector":{"id":"costObjectIdComboBox","viewName":"etm.portal.ui.managerequests.view.NewRequest","searchOpenDialogs":true,"interaction":{"idSuffix":"inner"}},"wdio_ui5_key":"costObjectIdComboBoxetmportal.ui.managerequests.view.NewRequest"}]}
RESULT: {"script":"<script> [1562 bytes]","args":[{"selector":{"id":"costObjectIdComboBox","viewName":"etm.portal.ui.managerequests.view.NewRequest","searchOpenDialogs":true,"interaction":{"idSuffix":"inner"}},"wdio_ui5_key":"costObjectIdComboBoxetmportal.ui.managerequests.view.NewRequest"}]}
RESULT: undefined
COMMAND: POST /session/f7dda4deea86e37c44fc2a10a2b2b70a/execute/async - {"script":"<script> [776 bytes]","args":[{"enterText":"1001 - 1001","selector":{"id":"costObjectIdComboBox","viewName":"etm.portal.ui.managerequests.view.NewRequest","searchOpenDialogs":true,"interaction":{"idSuffix":"inner"}},"clearTextFirst":true,"interactionType":"ENTER_TEXT"}]}
RESULT: {"script":"<script> [776 bytes]","args":[{"enterText":"1001 - 1001","selector":{"id":"costObjectIdComboBox","viewName":"etm.portal.ui.managerequests.view.NewRequest","searchOpenDialogs":true,"interaction":{"idSuffix":"inner"}},"clearTextFirst":true,"interactionType":"ENTER_TEXT"}]}
COMMAND: POST /session/f7dda4deea86e37c44fc2a10a2b2b70a/actions - {"actions":[{"id":"action41","type":"key","parameters":{},"actions":[{"type":"keyDown","value":""},{"type":"pause","duration":10},{"type":"keyUp","value":""}]}]}
RESULT: {"actions":[{"id":"action41","type":"key","parameters":{},"actions":[{"type":"keyDown","value":""},{"type":"pause","duration":10},{"type":"keyUp","value":""}]}]}
COMMAND: GET /session/f7dda4deea86e37c44fc2a10a2b2b70a/screenshot - {}
RESULT: {}
COMMAND: POST /session/f7dda4deea86e37c44fc2a10a2b2b70a/element - {"using":"xpath","value":"(//bdi[(text() = 'Save' or . = 'Save')])[1]"}
RESULT: {"using":"xpath","value":"(//bdi[(text() = 'Save' or . = 'Save')])[1]"}
COMMAND: POST /session/f7dda4deea86e37c44fc2a10a2b2b70a/element/f.30820BDFF87FD38C1A457C97C4719E16.d.E55310B677922D0861C5C4BA905234D9.e.5064/click - {}
RESULT: {}
COMMAND: POST /session/f7dda4deea86e37c44fc2a10a2b2b70a/execute/async - {"script":"<script> [1562 bytes]","args":[{"selector":{"controlType":"sap.ui.core.Icon","viewName":"etm.portal.ui.managerequests.view.NewRequest","properties":{"src":{"regex":{"source":"message\\-error"}}},"ancestor":{"controlType":"sap.m.ColumnListItem","viewName":"etm.portal.ui.managerequests.view.NewRequest","bindingPath":{"modelName":"newRequestItems","path":"/RequestItems/1"},"ancestor":{"id":"requestItemsTable","viewName":"etm.portal.ui.managerequests.view.NewRequest"}}},"wdio_ui5_key":"etmportal.ui.managerequests.view.NewRequestsap.ui.core.Icon{\"src\":{\"regex\":{\"source\":\"message\\\\-error\"}}}{\"controlType\":\"sap.m.ColumnListItem\",\"viewName\":\"etm.portal.ui.managerequests.view.NewRequest\",\"bindingPath\":{\"modelName\":\"newRequestItems\",\"path\":\"/RequestItems/1\"},\"ancestor\":{\"id\":\"requestItemsTable\",\"viewName\":\"etm.portal.ui.managerequests.view.NewRequest\"}}"}]}
COMMAND: GET /session/f7dda4deea86e37c44fc2a10a2b2b70a/screenshot - {}
RESULT: {"script":"<script> [1562 bytes]","args":[{"selector":{"controlType":"sap.ui.core.Icon","viewName":"etm.portal.ui.managerequests.view.NewRequest","properties":{"src":{"regex":{"source":"message\\-error"}}},"ancestor":{"controlType":"sap.m.ColumnListItem","viewName":"etm.portal.ui.managerequests.view.NewRequest","bindingPath":{"modelName":"newRequestItems","path":"/RequestItems/1"},"ancestor":{"id":"requestItemsTable","viewName":"etm.portal.ui.managerequests.view.NewRequest"}}},"wdio_ui5_key":"etmportal.ui.managerequests.view.NewRequestsap.ui.core.Icon{\"src\":{\"regex\":{\"source\":\"message\\\\-error\"}}}{\"controlType\":\"sap.m.ColumnListItem\",\"viewName\":\"etm.portal.ui.managerequests.view.NewRequest\",\"bindingPath\":{\"modelName\":\"newRequestItems\",\"path\":\"/RequestItems/1\"},\"ancestor\":{\"id\":\"requestItemsTable\",\"viewName\":\"etm.portal.ui.managerequests.view.NewRequest\"}}"}]}
RESULT: undefined
COMMAND: POST /session/f7dda4deea86e37c44fc2a10a2b2b70a/element - {"using":"xpath","value":"//*[@id=\"__status4-__xmlview1--requestItemsTable-1-icon\"]"}
RESULT: {}
RESULT: {"using":"xpath","value":"//*[@id=\"__status4-__xmlview1--requestItemsTable-1-icon\"]"}
COMMAND: POST /session/f7dda4deea86e37c44fc2a10a2b2b70a/element/f.30820BDFF87FD38C1A457C97C4719E16.d.E55310B677922D0861C5C4BA905234D9.e.5067/click - {}
RESULT: {}
COMMAND: GET /session/f7dda4deea86e37c44fc2a10a2b2b70a/screenshot - {}
RESULT: {}
RESULT: undefined
COMMAND: POST /session/f7dda4deea86e37c44fc2a10a2b2b70a/execute/async - {"script":"<script> [776 bytes]","args":[{"enterText":"Cost Center","selector":{"id":"costObjectAdminTypeComboBox","viewName":"etm.portal.ui.managerequests.view.NewRequest","searchOpenDialogs":true,"interaction":{"idSuffix":"inner"}},"clearTextFirst":true,"interactionType":"ENTER_TEXT"}]}
RESULT: {"script":"<script> [776 bytes]","args":[{"enterText":"Cost Center","selector":{"id":"costObjectAdminTypeComboBox","viewName":"etm.portal.ui.managerequests.view.NewRequest","searchOpenDialogs":true,"interaction":{"idSuffix":"inner"}},"clearTextFirst":true,"interactionType":"ENTER_TEXT"}]}
COMMAND: POST /session/f7dda4deea86e37c44fc2a10a2b2b70a/actions - {"actions":[{"id":"action42","type":"key","parameters":{},"actions":[{"type":"keyDown","value":""},{"type":"pause","duration":10},{"type":"keyUp","value":""}]}]}
RESULT: {"actions":[{"id":"action42","type":"key","parameters":{},"actions":[{"type":"keyDown","value":""},{"type":"pause","duration":10},{"type":"keyUp","value":""}]}]}
COMMAND: GET /session/f7dda4deea86e37c44fc2a10a2b2b70a/screenshot - {}
RESULT: {}
RESULT: undefined
COMMAND: POST /session/f7dda4deea86e37c44fc2a10a2b2b70a/execute/async - {"script":"<script> [776 bytes]","args":[{"enterText":"1001 - 1001","selector":{"id":"costObjectIdComboBox","viewName":"etm.portal.ui.managerequests.view.NewRequest","searchOpenDialogs":true,"interaction":{"idSuffix":"inner"}},"clearTextFirst":true,"interactionType":"ENTER_TEXT"}]}
RESULT: {"script":"<script> [776 bytes]","args":[{"enterText":"1001 - 1001","selector":{"id":"costObjectIdComboBox","viewName":"etm.portal.ui.managerequests.view.NewRequest","searchOpenDialogs":true,"interaction":{"idSuffix":"inner"}},"clearTextFirst":true,"interactionType":"ENTER_TEXT"}]}
COMMAND: POST /session/f7dda4deea86e37c44fc2a10a2b2b70a/actions - {"actions":[{"id":"action43","type":"key","parameters":{},"actions":[{"type":"keyDown","value":""},{"type":"pause","duration":10},{"type":"keyUp","value":""}]}]}
RESULT: {"actions":[{"id":"action43","type":"key","parameters":{},"actions":[{"type":"keyDown","value":""},{"type":"pause","duration":10},{"type":"keyUp","value":""}]}]}
COMMAND: GET /session/f7dda4deea86e37c44fc2a10a2b2b70a/screenshot - {}
RESULT: {}
COMMAND: POST /session/f7dda4deea86e37c44fc2a10a2b2b70a/element - {"using":"xpath","value":"(//bdi[(text() = 'Save' or . = 'Save')])[1]"}
RESULT: {"using":"xpath","value":"(//bdi[(text() = 'Save' or . = 'Save')])[1]"}
COMMAND: POST /session/f7dda4deea86e37c44fc2a10a2b2b70a/element/f.30820BDFF87FD38C1A457C97C4719E16.d.E55310B677922D0861C5C4BA905234D9.e.5079/click - {}
RESULT: {}
COMMAND: GET /session/f7dda4deea86e37c44fc2a10a2b2b70a/screenshot - {}
RESULT: {}
COMMAND: POST /session/f7dda4deea86e37c44fc2a10a2b2b70a/execute/async - {"script":"<script> [1562 bytes]","args":[{"selector":{"controlType":"sap.m.Button","viewName":"etm.portal.ui.managerequests.view.NewRequest","bindingPath":{"path":"/RequestItems/0","propertyPath":"PICK_UP","modelName":"newRequestItems"},"interaction":{"idSuffix":"BDI-content"}},"wdio_ui5_key":"etmportal.ui.managerequests.view.NewRequestsap.m.Button{\"path\":\"/RequestItems/0\",\"propertyPath\":\"PICK_UP\",\"modelName\":\"newRequestItems\"}"}]}
RESULT: {"script":"<script> [1562 bytes]","args":[{"selector":{"controlType":"sap.m.Button","viewName":"etm.portal.ui.managerequests.view.NewRequest","bindingPath":{"path":"/RequestItems/0","propertyPath":"PICK_UP","modelName":"newRequestItems"},"interaction":{"idSuffix":"BDI-content"}},"wdio_ui5_key":"etmportal.ui.managerequests.view.NewRequestsap.m.Button{\"path\":\"/RequestItems/0\",\"propertyPath\":\"PICK_UP\",\"modelName\":\"newRequestItems\"}"}]}
RESULT: undefined
COMMAND: POST /session/f7dda4deea86e37c44fc2a10a2b2b70a/element - {"using":"xpath","value":"//*[@id=\"__xmlview1--pickUpItemButton-__xmlview1--requestItemsTable-0\"]"}
RESULT: {"using":"xpath","value":"//*[@id=\"__xmlview1--pickUpItemButton-__xmlview1--requestItemsTable-0\"]"}
COMMAND: POST /session/f7dda4deea86e37c44fc2a10a2b2b70a/element/f.30820BDFF87FD38C1A457C97C4719E16.d.E55310B677922D0861C5C4BA905234D9.e.5083/click - {}
RESULT: {}
COMMAND: GET /session/f7dda4deea86e37c44fc2a10a2b2b70a/screenshot - {}
RESULT: {}
COMMAND: POST /session/f7dda4deea86e37c44fc2a10a2b2b70a/execute/async - {"script":"<script> [1562 bytes]","args":[{"selector":{"controlType":"sap.m.Button","viewName":"etm.portal.ui.managerequests.view.NewRequest","properties":{"text":"Save"},"i18NText":{"propertyName":"tooltip","key":"save"},"interaction":{"idSuffix":"BDI-content"}},"wdio_ui5_key":"etmportal.ui.managerequests.view.NewRequestsap.m.Button{\"propertyName\":\"tooltip\",\"key\":\"save\"}{\"text\":\"Save\"}"}]}
RESULT: {"script":"<script> [1562 bytes]","args":[{"selector":{"controlType":"sap.m.Button","viewName":"etm.portal.ui.managerequests.view.NewRequest","properties":{"text":"Save"},"i18NText":{"propertyName":"tooltip","key":"save"},"interaction":{"idSuffix":"BDI-content"}},"wdio_ui5_key":"etmportal.ui.managerequests.view.NewRequestsap.m.Button{\"propertyName\":\"tooltip\",\"key\":\"save\"}{\"text\":\"Save\"}"}]}
RESULT: undefined
COMMAND: POST /session/f7dda4deea86e37c44fc2a10a2b2b70a/element - {"using":"xpath","value":"//*[@id=\"__button11\"]"}
RESULT: {"using":"xpath","value":"//*[@id=\"__button11\"]"}
COMMAND: POST /session/f7dda4deea86e37c44fc2a10a2b2b70a/element/f.30820BDFF87FD38C1A457C97C4719E16.d.E55310B677922D0861C5C4BA905234D9.e.4905/click - {}
RESULT: {}
COMMAND: GET /session/f7dda4deea86e37c44fc2a10a2b2b70a/screenshot - {}
RESULT: {}
COMMAND: POST /session/f7dda4deea86e37c44fc2a10a2b2b70a/execute/async - {"script":"<script> [1562 bytes]","args":[{"selector":{"controlType":"sap.m.Text","searchOpenDialogs":true},"wdio_ui5_key":"sapm.Text"}]}
RESULT: {"script":"<script> [1562 bytes]","args":[{"selector":{"controlType":"sap.m.Text","searchOpenDialogs":true},"wdio_ui5_key":"sapm.Text"}]}
RESULT: undefined
COMMAND: POST /session/f7dda4deea86e37c44fc2a10a2b2b70a/execute/async - {"script":"<script> [6424 bytes]","args":[{"element-6066-11e4-a52e-4f735466cecf":"f.30820BDFF87FD38C1A457C97C4719E16.d.E55310B677922D0861C5C4BA905234D9.e.5087"},"getText",[]]}
RESULT: {"script":"<script> [6424 bytes]","args":[{"element-6066-11e4-a52e-4f735466cecf":"f.30820BDFF87FD38C1A457C97C4719E16.d.E55310B677922D0861C5C4BA905234D9.e.5087"},"getText",[]]}
COMMAND: POST /session/f7dda4deea86e37c44fc2a10a2b2b70a/execute/async - {"script":"<script> [1562 bytes]","args":[{"selector":{"controlType":"sap.m.Button","properties":{"text":"Close"},"searchOpenDialogs":true,"interaction":{"idSuffix":"BDI-content"}},"wdio_ui5_key":"sapm.Button{\"text\":\"Close\"}"}]}
RESULT: {"script":"<script> [1562 bytes]","args":[{"selector":{"controlType":"sap.m.Button","properties":{"text":"Close"},"searchOpenDialogs":true,"interaction":{"idSuffix":"BDI-content"}},"wdio_ui5_key":"sapm.Button{\"text\":\"Close\"}"}]}
RESULT: undefined
COMMAND: POST /session/f7dda4deea86e37c44fc2a10a2b2b70a/element - {"using":"xpath","value":"//*[@id=\"__mbox-btn-0\"]"}
RESULT: {"using":"xpath","value":"//*[@id=\"__mbox-btn-0\"]"}
COMMAND: POST /session/f7dda4deea86e37c44fc2a10a2b2b70a/element/f.30820BDFF87FD38C1A457C97C4719E16.d.E55310B677922D0861C5C4BA905234D9.e.5086/click - {}
RESULT: {}
COMMAND: GET /session/f7dda4deea86e37c44fc2a10a2b2b70a/screenshot - {}
RESULT: {}
COMMAND: POST /session/f7dda4deea86e37c44fc2a10a2b2b70a/execute/async - {"script":"<script> [1562 bytes]","args":[{"selector":{"controlType":"sap.m.Button","viewName":"etm.portal.ui.managerequests.view.Detail","bindingPath":{"path":"/SmartRequestItemsPlanningBoard(ITEM=10m,REQUEST='20081')","propertyPath":"PICK_UP"}},"wdio_ui5_key":"etmportal.ui.managerequests.view.Detailsap.m.Button{\"path\":\"/SmartRequestItemsPlanningBoard(ITEM=10m,REQUEST='20081')\",\"propertyPath\":\"PICK_UP\"}"}]}
RESULT: {"script":"<script> [1562 bytes]","args":[{"selector":{"controlType":"sap.m.Button","viewName":"etm.portal.ui.managerequests.view.Detail","bindingPath":{"path":"/SmartRequestItemsPlanningBoard(ITEM=10m,REQUEST='20081')","propertyPath":"PICK_UP"}},"wdio_ui5_key":"etmportal.ui.managerequests.view.Detailsap.m.Button{\"path\":\"/SmartRequestItemsPlanningBoard(ITEM=10m,REQUEST='20081')\",\"propertyPath\":\"PICK_UP\"}"}]}
RESULT: undefined
COMMAND: POST /session/f7dda4deea86e37c44fc2a10a2b2b70a/execute/async - {"script":"<script> [6424 bytes]","args":[{"element-6066-11e4-a52e-4f735466cecf":"f.30820BDFF87FD38C1A457C97C4719E16.d.E55310B677922D0861C5C4BA905234D9.e.5195"},"getType",[]]}
RESULT: {"script":"<script> [6424 bytes]","args":[{"element-6066-11e4-a52e-4f735466cecf":"f.30820BDFF87FD38C1A457C97C4719E16.d.E55310B677922D0861C5C4BA905234D9.e.5195"},"getType",[]]}
COMMAND: POST /session/f7dda4deea86e37c44fc2a10a2b2b70a/execute/async - {"script":"<script> [1562 bytes]","args":[{"selector":{"controlType":"sap.m.Button","viewName":"etm.portal.ui.managerequests.view.Detail","bindingPath":{"path":"/SmartRequestItemsPlanningBoard(ITEM=20m,REQUEST='20081')","propertyPath":"PICK_UP"}},"wdio_ui5_key":"etmportal.ui.managerequests.view.Detailsap.m.Button{\"path\":\"/SmartRequestItemsPlanningBoard(ITEM=20m,REQUEST='20081')\",\"propertyPath\":\"PICK_UP\"}"}]}
RESULT: {"script":"<script> [1562 bytes]","args":[{"selector":{"controlType":"sap.m.Button","viewName":"etm.portal.ui.managerequests.view.Detail","bindingPath":{"path":"/SmartRequestItemsPlanningBoard(ITEM=20m,REQUEST='20081')","propertyPath":"PICK_UP"}},"wdio_ui5_key":"etmportal.ui.managerequests.view.Detailsap.m.Button{\"path\":\"/SmartRequestItemsPlanningBoard(ITEM=20m,REQUEST='20081')\",\"propertyPath\":\"PICK_UP\"}"}]}
RESULT: undefined
COMMAND: POST /session/f7dda4deea86e37c44fc2a10a2b2b70a/execute/async - {"script":"<script> [6424 bytes]","args":[{"element-6066-11e4-a52e-4f735466cecf":"f.30820BDFF87FD38C1A457C97C4719E16.d.E55310B677922D0861C5C4BA905234D9.e.5212"},"getType",[]]}
RESULT: {"script":"<script> [6424 bytes]","args":[{"element-6066-11e4-a52e-4f735466cecf":"f.30820BDFF87FD38C1A457C97C4719E16.d.E55310B677922D0861C5C4BA905234D9.e.5212"},"getType",[]]}
COMMAND: POST /session/f7dda4deea86e37c44fc2a10a2b2b70a/execute/async - {"script":"<script> [1562 bytes]","args":[{"selector":{"id":"pickUpSwitchHeader","viewName":"etm.portal.ui.managerequests.view.Detail","interaction":{"idSuffix":"handle"}},"wdio_ui5_key":"pickUpSwitchHeaderetmportal.ui.managerequests.view.Detail"}]}
RESULT: {"script":"<script> [1562 bytes]","args":[{"selector":{"id":"pickUpSwitchHeader","viewName":"etm.portal.ui.managerequests.view.Detail","interaction":{"idSuffix":"handle"}},"wdio_ui5_key":"pickUpSwitchHeaderetmportal.ui.managerequests.view.Detail"}]}
RESULT: undefined
COMMAND: POST /session/f7dda4deea86e37c44fc2a10a2b2b70a/element - {"using":"xpath","value":"//*[@id=\"__xmlview2--pickUpSwitchHeader\"]"}
RESULT: {"using":"xpath","value":"//*[@id=\"__xmlview2--pickUpSwitchHeader\"]"}
COMMAND: POST /session/f7dda4deea86e37c44fc2a10a2b2b70a/element/f.30820BDFF87FD38C1A457C97C4719E16.d.E55310B677922D0861C5C4BA905234D9.e.5164/click - {}
RESULT: {}
COMMAND: POST /session/f7dda4deea86e37c44fc2a10a2b2b70a/execute/async - {"script":"<script> [1562 bytes]","args":[{"selector":{"controlType":"sap.ui.core.Icon","viewName":"etm.portal.ui.managerequests.view.Detail","properties":{"src":{"regex":{"source":"pushpin\\-off"}}}},"wdio_ui5_key":"etmportal.ui.managerequests.view.Detailsap.ui.core.Icon{\"src\":{\"regex\":{\"source\":\"pushpin\\\\-off\"}}}"}]}
COMMAND: GET /session/f7dda4deea86e37c44fc2a10a2b2b70a/screenshot - {}
RESULT: {"script":"<script> [1562 bytes]","args":[{"selector":{"controlType":"sap.ui.core.Icon","viewName":"etm.portal.ui.managerequests.view.Detail","properties":{"src":{"regex":{"source":"pushpin\\-off"}}}},"wdio_ui5_key":"etmportal.ui.managerequests.view.Detailsap.ui.core.Icon{\"src\":{\"regex\":{\"source\":\"pushpin\\\\-off\"}}}"}]}
RESULT: undefined
COMMAND: POST /session/f7dda4deea86e37c44fc2a10a2b2b70a/element - {"using":"xpath","value":"//*[@id=\"__xmlview2--detailRequestPage-OPHeaderContent-pinBtn-img\"]"}
RESULT: {}
RESULT: {"using":"xpath","value":"//*[@id=\"__xmlview2--detailRequestPage-OPHeaderContent-pinBtn-img\"]"}
COMMAND: POST /session/f7dda4deea86e37c44fc2a10a2b2b70a/element/f.30820BDFF87FD38C1A457C97C4719E16.d.E55310B677922D0861C5C4BA905234D9.e.5172/click - {}
RESULT: {}
RESULT: undefined
COMMAND: POST /session/f7dda4deea86e37c44fc2a10a2b2b70a/execute/async - {"script":"<script> [6424 bytes]","args":[{"element-6066-11e4-a52e-4f735466cecf":"f.30820BDFF87FD38C1A457C97C4719E16.d.E55310B677922D0861C5C4BA905234D9.e.5195"},"getType",[]]}
COMMAND: GET /session/f7dda4deea86e37c44fc2a10a2b2b70a/screenshot - {}
RESULT: {"script":"<script> [6424 bytes]","args":[{"element-6066-11e4-a52e-4f735466cecf":"f.30820BDFF87FD38C1A457C97C4719E16.d.E55310B677922D0861C5C4BA905234D9.e.5195"},"getType",[]]}
RESULT: undefined
COMMAND: POST /session/f7dda4deea86e37c44fc2a10a2b2b70a/execute/async - {"script":"<script> [6424 bytes]","args":[{"element-6066-11e4-a52e-4f735466cecf":"f.30820BDFF87FD38C1A457C97C4719E16.d.E55310B677922D0861C5C4BA905234D9.e.5212"},"getType",[]]}
RESULT: {}
RESULT: {"script":"<script> [6424 bytes]","args":[{"element-6066-11e4-a52e-4f735466cecf":"f.30820BDFF87FD38C1A457C97C4719E16.d.E55310B677922D0861C5C4BA905234D9.e.5212"},"getType",[]]}
COMMAND: POST /session/f7dda4deea86e37c44fc2a10a2b2b70a/execute/async - {"script":"<script> [1562 bytes]","args":[{"selector":{"controlType":"sap.ui.core.Icon","viewName":"etm.portal.ui.managerequests.view.Detail","properties":{"src":{"regex":{"source":"date\\-time"}}},"ancestor":{"controlType":"sap.m.ColumnListItem","viewName":"etm.portal.ui.managerequests.view.Detail","bindingPath":{"path":"/SmartRequestItemsPlanningBoard(ITEM=10m,REQUEST='20081')"},"ancestor":{"id":"requestItemsTable","viewName":"etm.portal.ui.managerequests.view.Detail"}}},"wdio_ui5_key":"etmportal.ui.managerequests.view.Detailsap.ui.core.Icon{\"src\":{\"regex\":{\"source\":\"date\\\\-time\"}}}{\"controlType\":\"sap.m.ColumnListItem\",\"viewName\":\"etm.portal.ui.managerequests.view.Detail\",\"bindingPath\":{\"path\":\"/SmartRequestItemsPlanningBoard(ITEM=10m,REQUEST='20081')\"},\"ancestor\":{\"id\":\"requestItemsTable\",\"viewName\":\"etm.portal.ui.managerequests.view.Detail\"}}"}]}
RESULT: {"script":"<script> [1562 bytes]","args":[{"selector":{"controlType":"sap.ui.core.Icon","viewName":"etm.portal.ui.managerequests.view.Detail","properties":{"src":{"regex":{"source":"date\\-time"}}},"ancestor":{"controlType":"sap.m.ColumnListItem","viewName":"etm.portal.ui.managerequests.view.Detail","bindingPath":{"path":"/SmartRequestItemsPlanningBoard(ITEM=10m,REQUEST='20081')"},"ancestor":{"id":"requestItemsTable","viewName":"etm.portal.ui.managerequests.view.Detail"}}},"wdio_ui5_key":"etmportal.ui.managerequests.view.Detailsap.ui.core.Icon{\"src\":{\"regex\":{\"source\":\"date\\\\-time\"}}}{\"controlType\":\"sap.m.ColumnListItem\",\"viewName\":\"etm.portal.ui.managerequests.view.Detail\",\"bindingPath\":{\"path\":\"/SmartRequestItemsPlanningBoard(ITEM=10m,REQUEST='20081')\"},\"ancestor\":{\"id\":\"requestItemsTable\",\"viewName\":\"etm.portal.ui.managerequests.view.Detail\"}}"}]}
RESULT: undefined
COMMAND: POST /session/f7dda4deea86e37c44fc2a10a2b2b70a/element - {"using":"xpath","value":"//*[@id=\"__button39-__clone1825-img\"]"}
RESULT: {"using":"xpath","value":"//*[@id=\"__button39-__clone1825-img\"]"}
COMMAND: POST /session/f7dda4deea86e37c44fc2a10a2b2b70a/element/f.30820BDFF87FD38C1A457C97C4719E16.d.E55310B677922D0861C5C4BA905234D9.e.5220/click - {}
RESULT: {}
COMMAND: POST /session/f7dda4deea86e37c44fc2a10a2b2b70a/execute/async - {"script":"<script> [1562 bytes]","args":[{"selector":{"controlType":"sap.m.Button","viewName":"etm.portal.ui.managerequests.view.Detail","properties":{"text":"Close"},"searchOpenDialogs":true,"interaction":{"idSuffix":"inner"}},"wdio_ui5_key":"etmportal.ui.managerequests.view.Detailsap.m.Button{\"text\":\"Close\"}"}]}
COMMAND: GET /session/f7dda4deea86e37c44fc2a10a2b2b70a/screenshot - {}
RESULT: {"script":"<script> [1562 bytes]","args":[{"selector":{"controlType":"sap.m.Button","viewName":"etm.portal.ui.managerequests.view.Detail","properties":{"text":"Close"},"searchOpenDialogs":true,"interaction":{"idSuffix":"inner"}},"wdio_ui5_key":"etmportal.ui.managerequests.view.Detailsap.m.Button{\"text\":\"Close\"}"}]}
RESULT: undefined
COMMAND: POST /session/f7dda4deea86e37c44fc2a10a2b2b70a/element - {"using":"xpath","value":"//*[@id=\"__button49\"]"}
RESULT: {}
RESULT: {"using":"xpath","value":"//*[@id=\"__button49\"]"}
COMMAND: POST /session/f7dda4deea86e37c44fc2a10a2b2b70a/element/f.30820BDFF87FD38C1A457C97C4719E16.d.E55310B677922D0861C5C4BA905234D9.e.5222/click - {}
RESULT: {}
COMMAND: POST /session/f7dda4deea86e37c44fc2a10a2b2b70a/execute/async - {"script":"<script> [1562 bytes]","args":[{"selector":{"controlType":"sap.ui.core.Icon","viewName":"etm.portal.ui.managerequests.view.Detail","properties":{"src":{"regex":{"source":"date\\-time"}}},"ancestor":{"controlType":"sap.m.ColumnListItem","viewName":"etm.portal.ui.managerequests.view.Detail","bindingPath":{"path":"/SmartRequestItemsPlanningBoard(ITEM=20m,REQUEST='20081')"},"ancestor":{"id":"requestItemsTable","viewName":"etm.portal.ui.managerequests.view.Detail"}}},"wdio_ui5_key":"etmportal.ui.managerequests.view.Detailsap.ui.core.Icon{\"src\":{\"regex\":{\"source\":\"date\\\\-time\"}}}{\"controlType\":\"sap.m.ColumnListItem\",\"viewName\":\"etm.portal.ui.managerequests.view.Detail\",\"bindingPath\":{\"path\":\"/SmartRequestItemsPlanningBoard(ITEM=20m,REQUEST='20081')\"},\"ancestor\":{\"id\":\"requestItemsTable\",\"viewName\":\"etm.portal.ui.managerequests.view.Detail\"}}"}]}
COMMAND: GET /session/f7dda4deea86e37c44fc2a10a2b2b70a/screenshot - {}
RESULT: {"script":"<script> [1562 bytes]","args":[{"selector":{"controlType":"sap.ui.core.Icon","viewName":"etm.portal.ui.managerequests.view.Detail","properties":{"src":{"regex":{"source":"date\\-time"}}},"ancestor":{"controlType":"sap.m.ColumnListItem","viewName":"etm.portal.ui.managerequests.view.Detail","bindingPath":{"path":"/SmartRequestItemsPlanningBoard(ITEM=20m,REQUEST='20081')"},"ancestor":{"id":"requestItemsTable","viewName":"etm.portal.ui.managerequests.view.Detail"}}},"wdio_ui5_key":"etmportal.ui.managerequests.view.Detailsap.ui.core.Icon{\"src\":{\"regex\":{\"source\":\"date\\\\-time\"}}}{\"controlType\":\"sap.m.ColumnListItem\",\"viewName\":\"etm.portal.ui.managerequests.view.Detail\",\"bindingPath\":{\"path\":\"/SmartRequestItemsPlanningBoard(ITEM=20m,REQUEST='20081')\"},\"ancestor\":{\"id\":\"requestItemsTable\",\"viewName\":\"etm.portal.ui.managerequests.view.Detail\"}}"}]}
RESULT: undefined
COMMAND: POST /session/f7dda4deea86e37c44fc2a10a2b2b70a/element - {"using":"xpath","value":"//*[@id=\"__button39-__clone1826-img\"]"}
RESULT: {}
RESULT: {"using":"xpath","value":"//*[@id=\"__button39-__clone1826-img\"]"}
COMMAND: POST /session/f7dda4deea86e37c44fc2a10a2b2b70a/element/f.30820BDFF87FD38C1A457C97C4719E16.d.E55310B677922D0861C5C4BA905234D9.e.5229/click - {}
RESULT: {}
RESULT: undefined
COMMAND: POST /session/f7dda4deea86e37c44fc2a10a2b2b70a/element - {"using":"xpath","value":"//*[@id=\"__button49\"]"}
COMMAND: GET /session/f7dda4deea86e37c44fc2a10a2b2b70a/screenshot - {}
RESULT: {"using":"xpath","value":"//*[@id=\"__button49\"]"}
COMMAND: POST /session/f7dda4deea86e37c44fc2a10a2b2b70a/elements - {"using":"xpath","value":"//*[@id=\"__button49\"]"}
RESULT: {}
RESULT: {"using":"xpath","value":"//*[@id=\"__button49\"]"}
COMMAND: POST /session/f7dda4deea86e37c44fc2a10a2b2b70a/elements - {"using":"xpath","value":"//*[@id=\"__button49\"]"}
RESULT: {"using":"xpath","value":"//*[@id=\"__button49\"]"}
COMMAND: POST /session/f7dda4deea86e37c44fc2a10a2b2b70a/element - {"using":"xpath","value":"//*[@id=\"__button49\"]"}
RESULT: {"using":"xpath","value":"//*[@id=\"__button49\"]"}
COMMAND: POST /session/f7dda4deea86e37c44fc2a10a2b2b70a/element/f.30820BDFF87FD38C1A457C97C4719E16.d.E55310B677922D0861C5C4BA905234D9.e.5235/click - {}
RESULT: {}
COMMAND: POST /session/f7dda4deea86e37c44fc2a10a2b2b70a/execute/async - {"script":"<script> [189 bytes]","args":[]}
COMMAND: GET /session/f7dda4deea86e37c44fc2a10a2b2b70a/screenshot - {}
RESULT: {"script":"<script> [189 bytes]","args":[]}
COMMAND: POST /session/f7dda4deea86e37c44fc2a10a2b2b70a/execute/async - {"script":"<script> [123 bytes]","args":[]}
RESULT: {}
RESULT: {"script":"<script> [123 bytes]","args":[]}
COMMAND: POST /session/f7dda4deea86e37c44fc2a10a2b2b70a/timeouts - {"script":"<number>"}
RESULT: {"script":"<number>"}
COMMAND: GET /session/f7dda4deea86e37c44fc2a10a2b2b70a/timeouts - {}
RESULT: {}
RESULT: undefined
COMMAND: POST /session/f7dda4deea86e37c44fc2a10a2b2b70a/execute/async - {"script":"<script> [2676 bytes]","args":[]}
RESULT: {"script":"<script> [2676 bytes]","args":[]}
COMMAND: POST /session/f7dda4deea86e37c44fc2a10a2b2b70a/execute/async - {"script":"<script> [2342 bytes]","args":[{"protocol":"http","hostname":"0.0.0.0","path":"/","capabilities":{"browserName":"chrome","goog:chromeOptions":{"binary":"C:\\Program Files\\Google\\Chrome\\Application\\chrome.exe","args":["--start-maximized"]}},"logLevel":"warn","connectionRetryTimeout":120000,"connectionRetryCount":3,"logLevels":{},"enableDirectConnect":true,"strictSSL":true,"_":"65 more keys: [\"cacheDir\",\"port\",\"requestedCapabilities\",\"automationProtocol\",\"baseUrl\",\"waitforInterval\",\"waitforTimeout\",\"onReload\",\"beforeCommand\",\"afterCommand\",\"rootDir\",\"specs\",\"suites\",\"exclude\",\"groupLogsByTestSpec\",\"excludeDriverLogs\",\"bail\",\"framework\",\"reporters\",\"services\",\"maxInstances\",\"maxInstancesPerCapability\",\"injectGlobals\",\"filesToWatch\",\"execArgv\",\"runnerEnv\",\"runner\",\"shard\",\"specFileRetries\",\"specFileRetriesDelay\",\"specFileRetriesDeferred\",\"reporterSyncInterval\",\"reporterSyncTimeout\",\"cucumberFeaturesWithLineNumbers\",\"autoCompileOpts\",\"mochaOpts\",\"jasmineOpts\",\"cucumberOpts\",\"onPrepare\",\"onWorkerStart\",\"onWorkerEnd\",\"before\",\"beforeSession\",\"beforeSuite\",\"beforeHook\",\"beforeTest\",\"afterTest\",\"afterHook\",\"afterSuite\",\"afterSession\",\"after\",\"onComplete\",\"beforeAssertion\",\"afterAssertion\",\"beforeFeature\",\"beforeScenario\",\"beforeStep\",\"afterStep\",\"afterScenario\",\"afterFeature\",\"_\",\"suite\",\"$0\",\"ignoredWorkerServices\",\"wdi5\"]"}]}
RESULT: {"script":"<script> [2342 bytes]","args":[{"protocol":"http","hostname":"0.0.0.0","path":"/","capabilities":{"browserName":"chrome","goog:chromeOptions":{"binary":"C:\\Program Files\\Google\\Chrome\\Application\\chrome.exe","args":["--start-maximized"]}},"logLevel":"warn","connectionRetryTimeout":120000,"connectionRetryCount":3,"logLevels":{},"enableDirectConnect":true,"strictSSL":true,"_":"65 more keys: [\"cacheDir\",\"port\",\"requestedCapabilities\",\"automationProtocol\",\"baseUrl\",\"waitforInterval\",\"waitforTimeout\",\"onReload\",\"beforeCommand\",\"afterCommand\",\"rootDir\",\"specs\",\"suites\",\"exclude\",\"groupLogsByTestSpec\",\"excludeDriverLogs\",\"bail\",\"framework\",\"reporters\",\"services\",\"maxInstances\",\"maxInstancesPerCapability\",\"injectGlobals\",\"filesToWatch\",\"execArgv\",\"runnerEnv\",\"runner\",\"shard\",\"specFileRetries\",\"specFileRetriesDelay\",\"specFileRetriesDeferred\",\"reporterSyncInterval\",\"reporterSyncTimeout\",\"cucumberFeaturesWithLineNumbers\",\"autoCompileOpts\",\"mochaOpts\",\"jasmineOpts\",\"cucumberOpts\",\"onPrepare\",\"onWorkerStart\",\"onWorkerEnd\",\"before\",\"beforeSession\",\"beforeSuite\",\"beforeHook\",\"beforeTest\",\"afterTest\",\"afterHook\",\"afterSuite\",\"afterSession\",\"after\",\"onComplete\",\"beforeAssertion\",\"afterAssertion\",\"beforeFeature\",\"beforeScenario\",\"beforeStep\",\"afterStep\",\"afterScenario\",\"afterFeature\",\"_\",\"suite\",\"$0\",\"ignoredWorkerServices\",\"wdi5\"]"}]}
COMMAND: POST /session/f7dda4deea86e37c44fc2a10a2b2b70a/execute/async - {"script":"<script> [21126 bytes]","args":[35000]}
RESULT: {"script":"<script> [21126 bytes]","args":[35000]}
COMMAND: POST /session/f7dda4deea86e37c44fc2a10a2b2b70a/execute/async - {"script":"<script> [1562 bytes]","args":[{"selector":{"controlType":"sap.m.Button","viewName":"etm.portal.ui.managerequests.view.Detail","bindingPath":{"path":"/SmartRequestItemsPlanningBoard(ITEM=10m,REQUEST='20081')","propertyPath":"PICK_UP"}},"wdio_ui5_key":"etmportal.ui.managerequests.view.Detailsap.m.Button{\"path\":\"/SmartRequestItemsPlanningBoard(ITEM=10m,REQUEST='20081')\",\"propertyPath\":\"PICK_UP\"}"}]}
RESULT: {"script":"<script> [1562 bytes]","args":[{"selector":{"controlType":"sap.m.Button","viewName":"etm.portal.ui.managerequests.view.Detail","bindingPath":{"path":"/SmartRequestItemsPlanningBoard(ITEM=10m,REQUEST='20081')","propertyPath":"PICK_UP"}},"wdio_ui5_key":"etmportal.ui.managerequests.view.Detailsap.m.Button{\"path\":\"/SmartRequestItemsPlanningBoard(ITEM=10m,REQUEST='20081')\",\"propertyPath\":\"PICK_UP\"}"}]}
RESULT: undefined
COMMAND: POST /session/f7dda4deea86e37c44fc2a10a2b2b70a/execute/async - {"script":"<script> [6424 bytes]","args":[{"element-6066-11e4-a52e-4f735466cecf":"f.30820BDFF87FD38C1A457C97C4719E16.d.E55310B677922D0861C5C4BA905234D9.e.5195"},"getType",[]]}
RESULT: {"script":"<script> [6424 bytes]","args":[{"element-6066-11e4-a52e-4f735466cecf":"f.30820BDFF87FD38C1A457C97C4719E16.d.E55310B677922D0861C5C4BA905234D9.e.5195"},"getType",[]]}
COMMAND: POST /session/f7dda4deea86e37c44fc2a10a2b2b70a/execute/async - {"script":"<script> [1562 bytes]","args":[{"selector":{"controlType":"sap.m.Button","viewName":"etm.portal.ui.managerequests.view.Detail","bindingPath":{"path":"/SmartRequestItemsPlanningBoard(ITEM=20m,REQUEST='20081')","propertyPath":"PICK_UP"}},"wdio_ui5_key":"etmportal.ui.managerequests.view.Detailsap.m.Button{\"path\":\"/SmartRequestItemsPlanningBoard(ITEM=20m,REQUEST='20081')\",\"propertyPath\":\"PICK_UP\"}"}]}
RESULT: {"script":"<script> [1562 bytes]","args":[{"selector":{"controlType":"sap.m.Button","viewName":"etm.portal.ui.managerequests.view.Detail","bindingPath":{"path":"/SmartRequestItemsPlanningBoard(ITEM=20m,REQUEST='20081')","propertyPath":"PICK_UP"}},"wdio_ui5_key":"etmportal.ui.managerequests.view.Detailsap.m.Button{\"path\":\"/SmartRequestItemsPlanningBoard(ITEM=20m,REQUEST='20081')\",\"propertyPath\":\"PICK_UP\"}"}]}
RESULT: undefined
COMMAND: POST /session/f7dda4deea86e37c44fc2a10a2b2b70a/execute/async - {"script":"<script> [6424 bytes]","args":[{"element-6066-11e4-a52e-4f735466cecf":"f.30820BDFF87FD38C1A457C97C4719E16.d.E55310B677922D0861C5C4BA905234D9.e.5212"},"getType",[]]}
RESULT: {"script":"<script> [6424 bytes]","args":[{"element-6066-11e4-a52e-4f735466cecf":"f.30820BDFF87FD38C1A457C97C4719E16.d.E55310B677922D0861C5C4BA905234D9.e.5212"},"getType",[]]}
]]></system-out>
    </testcase>
    <testcase classname="chrome.136_0_7103_93.windows.Manage_request_+_Contract_processing_pick_up_option_US120163_" name="Should Contract processing pick up option" time="187.705">
      <system-out><![CDATA[
COMMAND: POST /session/f7dda4deea86e37c44fc2a10a2b2b70a/execute/async - {"script":"<script> [1562 bytes]","args":[{"selector":{"id":"requestContractNo","viewName":"etm.portal.ui.managerequests.view.Detail"},"wdio_ui5_key":"requestContractNoetmportal.ui.managerequests.view.Detail"}]}
RESULT: {"script":"<script> [1562 bytes]","args":[{"selector":{"id":"requestContractNo","viewName":"etm.portal.ui.managerequests.view.Detail"},"wdio_ui5_key":"requestContractNoetmportal.ui.managerequests.view.Detail"}]}
RESULT: undefined
COMMAND: POST /session/f7dda4deea86e37c44fc2a10a2b2b70a/element - {"using":"xpath","value":"//*[@id=\"__xmlview2--requestContractNo\"]"}
RESULT: {"using":"xpath","value":"//*[@id=\"__xmlview2--requestContractNo\"]"}
COMMAND: POST /session/f7dda4deea86e37c44fc2a10a2b2b70a/element/f.30820BDFF87FD38C1A457C97C4719E16.d.E55310B677922D0861C5C4BA905234D9.e.5241/click - {}
RESULT: {}
COMMAND: POST /session/f7dda4deea86e37c44fc2a10a2b2b70a/execute/async - {"script":"<script> [1562 bytes]","args":[{"selector":{"controlType":"sap.m.Link","viewName":"etm.portal.ui.managerequests.view.Detail","properties":{"text":"Contract Overview"},"searchOpenDialogs":true},"wdio_ui5_key":"etmportal.ui.managerequests.view.Detailsap.m.Link{\"text\":\"Contract Overview\"}"}]}
COMMAND: GET /session/f7dda4deea86e37c44fc2a10a2b2b70a/screenshot - {}
RESULT: {"script":"<script> [1562 bytes]","args":[{"selector":{"controlType":"sap.m.Link","viewName":"etm.portal.ui.managerequests.view.Detail","properties":{"text":"Contract Overview"},"searchOpenDialogs":true},"wdio_ui5_key":"etmportal.ui.managerequests.view.Detailsap.m.Link{\"text\":\"Contract Overview\"}"}]}
RESULT: undefined
COMMAND: POST /session/f7dda4deea86e37c44fc2a10a2b2b70a/element - {"using":"xpath","value":"//*[@id=\"__link8\"]"}
RESULT: {}
RESULT: {"using":"xpath","value":"//*[@id=\"__link8\"]"}
COMMAND: POST /session/f7dda4deea86e37c44fc2a10a2b2b70a/element/f.30820BDFF87FD38C1A457C97C4719E16.d.E55310B677922D0861C5C4BA905234D9.e.5243/click - {}
RESULT: {}
COMMAND: GET /session/f7dda4deea86e37c44fc2a10a2b2b70a/screenshot - {}
RESULT: {}
COMMAND: POST /session/f7dda4deea86e37c44fc2a10a2b2b70a/element - {"using":"xpath","value":"//div[contains(@id ,\"headerBillingItemsTabFilter-text\")]"}
RESULT: {"using":"xpath","value":"//div[contains(@id ,\"headerBillingItemsTabFilter-text\")]"}
COMMAND: POST /session/f7dda4deea86e37c44fc2a10a2b2b70a/element/f.30820BDFF87FD38C1A457C97C4719E16.d.E55310B677922D0861C5C4BA905234D9.e.5388/click - {}
RESULT: {}
COMMAND: GET /session/f7dda4deea86e37c44fc2a10a2b2b70a/screenshot - {}
RESULT: {}
COMMAND: POST /session/f7dda4deea86e37c44fc2a10a2b2b70a/execute/async - {"script":"<script> [1562 bytes]","args":[{"selector":{"id":"addRequestItemBtn","viewName":"etm.portal.ui.managecontracts.view.Detail","interaction":{"idSuffix":"BDI-content"}},"wdio_ui5_key":"addRequestItemBtnetmportal.ui.managecontracts.view.Detail"}]}
RESULT: {"script":"<script> [1562 bytes]","args":[{"selector":{"id":"addRequestItemBtn","viewName":"etm.portal.ui.managecontracts.view.Detail","interaction":{"idSuffix":"BDI-content"}},"wdio_ui5_key":"addRequestItemBtnetmportal.ui.managecontracts.view.Detail"}]}
RESULT: undefined
COMMAND: POST /session/f7dda4deea86e37c44fc2a10a2b2b70a/element - {"using":"xpath","value":"//*[@id=\"__xmlview4--addRequestItemBtn\"]"}
RESULT: {"using":"xpath","value":"//*[@id=\"__xmlview4--addRequestItemBtn\"]"}
COMMAND: POST /session/f7dda4deea86e37c44fc2a10a2b2b70a/element/f.30820BDFF87FD38C1A457C97C4719E16.d.E55310B677922D0861C5C4BA905234D9.e.5335/click - {}
RESULT: {}
COMMAND: GET /session/f7dda4deea86e37c44fc2a10a2b2b70a/screenshot - {}
RESULT: {}
COMMAND: POST /session/f7dda4deea86e37c44fc2a10a2b2b70a/element - {"using":"xpath","value":"//div[contains(@id ,\"popupRequestTable-sa-CbBg\")]"}
RESULT: {"using":"xpath","value":"//div[contains(@id ,\"popupRequestTable-sa-CbBg\")]"}
COMMAND: POST /session/f7dda4deea86e37c44fc2a10a2b2b70a/element/f.30820BDFF87FD38C1A457C97C4719E16.d.E55310B677922D0861C5C4BA905234D9.e.5476/click - {}
RESULT: {}
COMMAND: GET /session/f7dda4deea86e37c44fc2a10a2b2b70a/screenshot - {}
RESULT: {}
COMMAND: POST /session/f7dda4deea86e37c44fc2a10a2b2b70a/execute/async - {"script":"<script> [1562 bytes]","args":[{"selector":{"controlType":"sap.m.Button","viewName":"etm.portal.ui.managecontracts.view.Detail","i18NText":{"propertyName":"text","key":"selectionDone"},"searchOpenDialogs":true,"interaction":{"idSuffix":"content"}},"wdio_ui5_key":"etmportal.ui.managecontracts.view.Detailsap.m.Button{\"propertyName\":\"text\",\"key\":\"selectionDone\"}"}]}
RESULT: {"script":"<script> [1562 bytes]","args":[{"selector":{"controlType":"sap.m.Button","viewName":"etm.portal.ui.managecontracts.view.Detail","i18NText":{"propertyName":"text","key":"selectionDone"},"searchOpenDialogs":true,"interaction":{"idSuffix":"content"}},"wdio_ui5_key":"etmportal.ui.managecontracts.view.Detailsap.m.Button{\"propertyName\":\"text\",\"key\":\"selectionDone\"}"}]}
RESULT: undefined
COMMAND: POST /session/f7dda4deea86e37c44fc2a10a2b2b70a/element - {"using":"xpath","value":"//*[@id=\"__button64\"]"}
RESULT: {"using":"xpath","value":"//*[@id=\"__button64\"]"}
COMMAND: POST /session/f7dda4deea86e37c44fc2a10a2b2b70a/element/f.30820BDFF87FD38C1A457C97C4719E16.d.E55310B677922D0861C5C4BA905234D9.e.5479/click - {}
RESULT: {}
COMMAND: POST /session/f7dda4deea86e37c44fc2a10a2b2b70a/execute/async - {"script":"<script> [1562 bytes]","args":[{"selector":{"controlType":"sap.m.Button","properties":{"text":"OK"},"searchOpenDialogs":true,"interaction":{"idSuffix":"inner"}},"wdio_ui5_key":"sapm.Button{\"text\":\"OK\"}"}]}
COMMAND: GET /session/f7dda4deea86e37c44fc2a10a2b2b70a/screenshot - {}
RESULT: {"script":"<script> [1562 bytes]","args":[{"selector":{"controlType":"sap.m.Button","properties":{"text":"OK"},"searchOpenDialogs":true,"interaction":{"idSuffix":"inner"}},"wdio_ui5_key":"sapm.Button{\"text\":\"OK\"}"}]}
RESULT: undefined
COMMAND: POST /session/f7dda4deea86e37c44fc2a10a2b2b70a/element - {"using":"xpath","value":"//*[@id=\"__mbox-btn-1\"]"}
RESULT: {}
RESULT: {"using":"xpath","value":"//*[@id=\"__mbox-btn-1\"]"}
COMMAND: POST /session/f7dda4deea86e37c44fc2a10a2b2b70a/element/f.30820BDFF87FD38C1A457C97C4719E16.d.E55310B677922D0861C5C4BA905234D9.e.5480/click - {}
RESULT: {}
COMMAND: GET /session/f7dda4deea86e37c44fc2a10a2b2b70a/screenshot - {}
RESULT: {}
COMMAND: POST /session/f7dda4deea86e37c44fc2a10a2b2b70a/element - {"using":"xpath","value":"//div[contains(@id ,\"headerBillingItemsTabFilter-text\")]"}
RESULT: {"using":"xpath","value":"//div[contains(@id ,\"headerBillingItemsTabFilter-text\")]"}
COMMAND: POST /session/f7dda4deea86e37c44fc2a10a2b2b70a/element/f.30820BDFF87FD38C1A457C97C4719E16.d.E55310B677922D0861C5C4BA905234D9.e.5388/click - {}
RESULT: {}
COMMAND: GET /session/f7dda4deea86e37c44fc2a10a2b2b70a/screenshot - {}
RESULT: {}
COMMAND: POST /session/f7dda4deea86e37c44fc2a10a2b2b70a/element - {"using":"xpath","value":"//button[contains(@data-kt ,\"refreshButton\")]"}
RESULT: {"using":"xpath","value":"//button[contains(@data-kt ,\"refreshButton\")]"}
COMMAND: POST /session/f7dda4deea86e37c44fc2a10a2b2b70a/element/f.30820BDFF87FD38C1A457C97C4719E16.d.E55310B677922D0861C5C4BA905234D9.e.5332/click - {}
RESULT: {}
COMMAND: GET /session/f7dda4deea86e37c44fc2a10a2b2b70a/screenshot - {}
RESULT: {}
COMMAND: POST /session/f7dda4deea86e37c44fc2a10a2b2b70a/element - {"using":"xpath","value":"//div[contains(@id ,\"headerBillingItemsTabFilter-text\")]"}
RESULT: {"using":"xpath","value":"//div[contains(@id ,\"headerBillingItemsTabFilter-text\")]"}
COMMAND: POST /session/f7dda4deea86e37c44fc2a10a2b2b70a/element/f.30820BDFF87FD38C1A457C97C4719E16.d.E55310B677922D0861C5C4BA905234D9.e.5388/click - {}
RESULT: {}
COMMAND: GET /session/f7dda4deea86e37c44fc2a10a2b2b70a/screenshot - {}
RESULT: {}
COMMAND: POST /session/f7dda4deea86e37c44fc2a10a2b2b70a/execute/async - {"script":"<script> [1562 bytes]","args":[{"selector":{"id":"contractDetailProvideButton","viewName":"etm.portal.ui.managecontracts.view.Detail","interaction":{"idSuffix":"BDI-content"}},"wdio_ui5_key":"contractDetailProvideButtonetmportal.ui.managecontracts.view.Detail"}]}
RESULT: {"script":"<script> [1562 bytes]","args":[{"selector":{"id":"contractDetailProvideButton","viewName":"etm.portal.ui.managecontracts.view.Detail","interaction":{"idSuffix":"BDI-content"}},"wdio_ui5_key":"contractDetailProvideButtonetmportal.ui.managecontracts.view.Detail"}]}
RESULT: undefined
COMMAND: POST /session/f7dda4deea86e37c44fc2a10a2b2b70a/element - {"using":"xpath","value":"//*[@id=\"__xmlview4--contractDetailProvideButton\"]"}
RESULT: {"using":"xpath","value":"//*[@id=\"__xmlview4--contractDetailProvideButton\"]"}
COMMAND: POST /session/f7dda4deea86e37c44fc2a10a2b2b70a/element/f.30820BDFF87FD38C1A457C97C4719E16.d.E55310B677922D0861C5C4BA905234D9.e.5341/click - {}
RESULT: {}
COMMAND: GET /session/f7dda4deea86e37c44fc2a10a2b2b70a/screenshot - {}
RESULT: {}
COMMAND: POST /session/f7dda4deea86e37c44fc2a10a2b2b70a/execute/async - {"script":"<script> [1562 bytes]","args":[{"selector":{"id":"application-managehandovers-display-component---AddNewHO--pickUpCheckbox","interaction":{"idSuffix":"CbBg"}},"wdio_ui5_key":"applicationmanagehandovers-display-component---AddNewHO--pickUpCheckbox"}]}
RESULT: {"script":"<script> [1562 bytes]","args":[{"selector":{"id":"application-managehandovers-display-component---AddNewHO--pickUpCheckbox","interaction":{"idSuffix":"CbBg"}},"wdio_ui5_key":"applicationmanagehandovers-display-component---AddNewHO--pickUpCheckbox"}]}
RESULT: undefined
COMMAND: POST /session/f7dda4deea86e37c44fc2a10a2b2b70a/element - {"using":"xpath","value":"//*[@id=\"application-managehandovers-display-component---AddNewHO--pickUpCheckbox\"]"}
RESULT: {"using":"xpath","value":"//*[@id=\"application-managehandovers-display-component---AddNewHO--pickUpCheckbox\"]"}
COMMAND: POST /session/f7dda4deea86e37c44fc2a10a2b2b70a/element/f.30820BDFF87FD38C1A457C97C4719E16.d.E55310B677922D0861C5C4BA905234D9.e.5685/click - {}
RESULT: {}
COMMAND: POST /session/f7dda4deea86e37c44fc2a10a2b2b70a/execute/async - {"script":"<script> [1562 bytes]","args":[{"selector":{"id":"application-managehandovers-display-component---AddNewHO--ObjectPageLayout-anchBar-application-managehandovers-display-component---AddNewHO--section4-anchor","interaction":{"idSuffix":"content"}},"wdio_ui5_key":"applicationmanagehandovers-display-component---AddNewHO--ObjectPageLayout-anchBar-application-managehandovers-display-component---AddNewHO--section4-anchor"}]}
COMMAND: GET /session/f7dda4deea86e37c44fc2a10a2b2b70a/screenshot - {}
RESULT: {"script":"<script> [1562 bytes]","args":[{"selector":{"id":"application-managehandovers-display-component---AddNewHO--ObjectPageLayout-anchBar-application-managehandovers-display-component---AddNewHO--section4-anchor","interaction":{"idSuffix":"content"}},"wdio_ui5_key":"applicationmanagehandovers-display-component---AddNewHO--ObjectPageLayout-anchBar-application-managehandovers-display-component---AddNewHO--section4-anchor"}]}
RESULT: undefined
COMMAND: POST /session/f7dda4deea86e37c44fc2a10a2b2b70a/element - {"using":"xpath","value":"//*[@id=\"application-managehandovers-display-component---AddNewHO--ObjectPageLayout-anchBar-application-managehandovers-display-component---AddNewHO--section4-anchor\"]"}
RESULT: {}
RESULT: {"using":"xpath","value":"//*[@id=\"application-managehandovers-display-component---AddNewHO--ObjectPageLayout-anchBar-application-managehandovers-display-component---AddNewHO--section4-anchor\"]"}
COMMAND: POST /session/f7dda4deea86e37c44fc2a10a2b2b70a/element/f.30820BDFF87FD38C1A457C97C4719E16.d.E55310B677922D0861C5C4BA905234D9.e.5689/click - {}
RESULT: {}
COMMAND: POST /session/f7dda4deea86e37c44fc2a10a2b2b70a/execute/async - {"script":"<script> [1562 bytes]","args":[{"selector":{"controlType":"sap.m.Button","viewName":"etm.portal.ui.managehandovers.view.AddNewHO","viewId":"application-managehandovers-display-component---AddNewHO","i18NText":{"propertyName":"tooltip","key":"addItems"},"interaction":{"idSuffix":"inner"}},"wdio_ui5_key":"etmportal.ui.managehandovers.view.AddNewHOsap.m.Button{\"propertyName\":\"tooltip\",\"key\":\"addItems\"}"}]}
COMMAND: GET /session/f7dda4deea86e37c44fc2a10a2b2b70a/screenshot - {}
RESULT: {"script":"<script> [1562 bytes]","args":[{"selector":{"controlType":"sap.m.Button","viewName":"etm.portal.ui.managehandovers.view.AddNewHO","viewId":"application-managehandovers-display-component---AddNewHO","i18NText":{"propertyName":"tooltip","key":"addItems"},"interaction":{"idSuffix":"inner"}},"wdio_ui5_key":"etmportal.ui.managehandovers.view.AddNewHOsap.m.Button{\"propertyName\":\"tooltip\",\"key\":\"addItems\"}"}]}
RESULT: undefined
COMMAND: POST /session/f7dda4deea86e37c44fc2a10a2b2b70a/element - {"using":"xpath","value":"//*[@id=\"__button81\"]"}
RESULT: {}
RESULT: {"using":"xpath","value":"//*[@id=\"__button81\"]"}
COMMAND: POST /session/f7dda4deea86e37c44fc2a10a2b2b70a/element/f.30820BDFF87FD38C1A457C97C4719E16.d.E55310B677922D0861C5C4BA905234D9.e.5693/click - {}
RESULT: {}
COMMAND: POST /session/f7dda4deea86e37c44fc2a10a2b2b70a/execute/async - {"script":"<script> [1562 bytes]","args":[{"selector":{"id":"application-managehandovers-display-component---AddNewHO--smartTableHOPopup-header","searchOpenDialogs":true},"wdio_ui5_key":"applicationmanagehandovers-display-component---AddNewHO--smartTableHOPopup-header"}]}
COMMAND: GET /session/f7dda4deea86e37c44fc2a10a2b2b70a/screenshot - {}
RESULT: {"script":"<script> [1562 bytes]","args":[{"selector":{"id":"application-managehandovers-display-component---AddNewHO--smartTableHOPopup-header","searchOpenDialogs":true},"wdio_ui5_key":"applicationmanagehandovers-display-component---AddNewHO--smartTableHOPopup-header"}]}
RESULT: undefined
COMMAND: POST /session/f7dda4deea86e37c44fc2a10a2b2b70a/execute/async - {"script":"<script> [6424 bytes]","args":[{"element-6066-11e4-a52e-4f735466cecf":"f.30820BDFF87FD38C1A457C97C4719E16.d.E55310B677922D0861C5C4BA905234D9.e.5703"},"getText",[]]}
RESULT: {}
RESULT: {"script":"<script> [6424 bytes]","args":[{"element-6066-11e4-a52e-4f735466cecf":"f.30820BDFF87FD38C1A457C97C4719E16.d.E55310B677922D0861C5C4BA905234D9.e.5703"},"getText",[]]}
COMMAND: POST /session/f7dda4deea86e37c44fc2a10a2b2b70a/actions - {"actions":[{"id":"action44","type":"key","parameters":{},"actions":[{"type":"keyDown","value":""},{"type":"pause","duration":10},{"type":"keyUp","value":""}]}]}
RESULT: {"actions":[{"id":"action44","type":"key","parameters":{},"actions":[{"type":"keyDown","value":""},{"type":"pause","duration":10},{"type":"keyUp","value":""}]}]}
COMMAND: GET /session/f7dda4deea86e37c44fc2a10a2b2b70a/screenshot - {}
RESULT: {}
COMMAND: POST /session/f7dda4deea86e37c44fc2a10a2b2b70a/execute/async - {"script":"<script> [1562 bytes]","args":[{"selector":{"id":"backBtn"},"wdio_ui5_key":"backBtn"}]}
RESULT: {"script":"<script> [1562 bytes]","args":[{"selector":{"id":"backBtn"},"wdio_ui5_key":"backBtn"}]}
RESULT: undefined
COMMAND: POST /session/f7dda4deea86e37c44fc2a10a2b2b70a/element - {"using":"xpath","value":"//*[@id=\"backBtn\"]"}
RESULT: {"using":"xpath","value":"//*[@id=\"backBtn\"]"}
COMMAND: POST /session/f7dda4deea86e37c44fc2a10a2b2b70a/element/f.30820BDFF87FD38C1A457C97C4719E16.d.E55310B677922D0861C5C4BA905234D9.e.5705/click - {}
RESULT: {}
COMMAND: GET /session/f7dda4deea86e37c44fc2a10a2b2b70a/screenshot - {}
RESULT: {}
COMMAND: POST /session/f7dda4deea86e37c44fc2a10a2b2b70a/refresh - {}
RESULT: {}
COMMAND: GET /session/f7dda4deea86e37c44fc2a10a2b2b70a/screenshot - {}
RESULT: {}
COMMAND: POST /session/f7dda4deea86e37c44fc2a10a2b2b70a/execute/async - {"script":"<script> [189 bytes]","args":[]}
RESULT: {"script":"<script> [189 bytes]","args":[]}
COMMAND: POST /session/f7dda4deea86e37c44fc2a10a2b2b70a/execute/async - {"script":"<script> [123 bytes]","args":[]}
RESULT: {"script":"<script> [123 bytes]","args":[]}
COMMAND: POST /session/f7dda4deea86e37c44fc2a10a2b2b70a/timeouts - {"script":"<number>"}
RESULT: {"script":"<number>"}
COMMAND: GET /session/f7dda4deea86e37c44fc2a10a2b2b70a/timeouts - {}
RESULT: {}
RESULT: undefined
COMMAND: POST /session/f7dda4deea86e37c44fc2a10a2b2b70a/execute/async - {"script":"<script> [2676 bytes]","args":[]}
RESULT: {"script":"<script> [2676 bytes]","args":[]}
COMMAND: POST /session/f7dda4deea86e37c44fc2a10a2b2b70a/execute/async - {"script":"<script> [2342 bytes]","args":[{"protocol":"http","hostname":"0.0.0.0","path":"/","capabilities":{"browserName":"chrome","goog:chromeOptions":{"binary":"C:\\Program Files\\Google\\Chrome\\Application\\chrome.exe","args":["--start-maximized"]}},"logLevel":"warn","connectionRetryTimeout":120000,"connectionRetryCount":3,"logLevels":{},"enableDirectConnect":true,"strictSSL":true,"_":"65 more keys: [\"cacheDir\",\"port\",\"requestedCapabilities\",\"automationProtocol\",\"baseUrl\",\"waitforInterval\",\"waitforTimeout\",\"onReload\",\"beforeCommand\",\"afterCommand\",\"rootDir\",\"specs\",\"suites\",\"exclude\",\"groupLogsByTestSpec\",\"excludeDriverLogs\",\"bail\",\"framework\",\"reporters\",\"services\",\"maxInstances\",\"maxInstancesPerCapability\",\"injectGlobals\",\"filesToWatch\",\"execArgv\",\"runnerEnv\",\"runner\",\"shard\",\"specFileRetries\",\"specFileRetriesDelay\",\"specFileRetriesDeferred\",\"reporterSyncInterval\",\"reporterSyncTimeout\",\"cucumberFeaturesWithLineNumbers\",\"autoCompileOpts\",\"mochaOpts\",\"jasmineOpts\",\"cucumberOpts\",\"onPrepare\",\"onWorkerStart\",\"onWorkerEnd\",\"before\",\"beforeSession\",\"beforeSuite\",\"beforeHook\",\"beforeTest\",\"afterTest\",\"afterHook\",\"afterSuite\",\"afterSession\",\"after\",\"onComplete\",\"beforeAssertion\",\"afterAssertion\",\"beforeFeature\",\"beforeScenario\",\"beforeStep\",\"afterStep\",\"afterScenario\",\"afterFeature\",\"_\",\"suite\",\"$0\",\"ignoredWorkerServices\",\"wdi5\"]"}]}
RESULT: {"script":"<script> [2342 bytes]","args":[{"protocol":"http","hostname":"0.0.0.0","path":"/","capabilities":{"browserName":"chrome","goog:chromeOptions":{"binary":"C:\\Program Files\\Google\\Chrome\\Application\\chrome.exe","args":["--start-maximized"]}},"logLevel":"warn","connectionRetryTimeout":120000,"connectionRetryCount":3,"logLevels":{},"enableDirectConnect":true,"strictSSL":true,"_":"65 more keys: [\"cacheDir\",\"port\",\"requestedCapabilities\",\"automationProtocol\",\"baseUrl\",\"waitforInterval\",\"waitforTimeout\",\"onReload\",\"beforeCommand\",\"afterCommand\",\"rootDir\",\"specs\",\"suites\",\"exclude\",\"groupLogsByTestSpec\",\"excludeDriverLogs\",\"bail\",\"framework\",\"reporters\",\"services\",\"maxInstances\",\"maxInstancesPerCapability\",\"injectGlobals\",\"filesToWatch\",\"execArgv\",\"runnerEnv\",\"runner\",\"shard\",\"specFileRetries\",\"specFileRetriesDelay\",\"specFileRetriesDeferred\",\"reporterSyncInterval\",\"reporterSyncTimeout\",\"cucumberFeaturesWithLineNumbers\",\"autoCompileOpts\",\"mochaOpts\",\"jasmineOpts\",\"cucumberOpts\",\"onPrepare\",\"onWorkerStart\",\"onWorkerEnd\",\"before\",\"beforeSession\",\"beforeSuite\",\"beforeHook\",\"beforeTest\",\"afterTest\",\"afterHook\",\"afterSuite\",\"afterSession\",\"after\",\"onComplete\",\"beforeAssertion\",\"afterAssertion\",\"beforeFeature\",\"beforeScenario\",\"beforeStep\",\"afterStep\",\"afterScenario\",\"afterFeature\",\"_\",\"suite\",\"$0\",\"ignoredWorkerServices\",\"wdi5\"]"}]}
COMMAND: POST /session/f7dda4deea86e37c44fc2a10a2b2b70a/execute/async - {"script":"<script> [21126 bytes]","args":[35000]}
RESULT: {"script":"<script> [21126 bytes]","args":[35000]}
COMMAND: POST /session/f7dda4deea86e37c44fc2a10a2b2b70a/element - {"using":"xpath","value":"//div[contains(@id ,\"headerBillingItemsTabFilter-text\")]"}
RESULT: {"using":"xpath","value":"//div[contains(@id ,\"headerBillingItemsTabFilter-text\")]"}
COMMAND: POST /session/f7dda4deea86e37c44fc2a10a2b2b70a/element/f.30820BDFF87FD38C1A457C97C4719E16.d.A078F59F48FF418D7C88F0BC07F9B3D6.e.6063/click - {}
RESULT: {}
COMMAND: GET /session/f7dda4deea86e37c44fc2a10a2b2b70a/screenshot - {}
RESULT: {}
COMMAND: POST /session/f7dda4deea86e37c44fc2a10a2b2b70a/execute/async - {"script":"<script> [1562 bytes]","args":[{"selector":{"id":"revertPlanningBtn","viewName":"etm.portal.ui.managecontracts.view.Detail","interaction":{"idSuffix":"BDI-content"}},"wdio_ui5_key":"revertPlanningBtnetmportal.ui.managecontracts.view.Detail"}]}
RESULT: {"script":"<script> [1562 bytes]","args":[{"selector":{"id":"revertPlanningBtn","viewName":"etm.portal.ui.managecontracts.view.Detail","interaction":{"idSuffix":"BDI-content"}},"wdio_ui5_key":"revertPlanningBtnetmportal.ui.managecontracts.view.Detail"}]}
RESULT: undefined
COMMAND: POST /session/f7dda4deea86e37c44fc2a10a2b2b70a/element - {"using":"xpath","value":"//*[@id=\"__xmlview1--revertPlanningBtn\"]"}
RESULT: {"using":"xpath","value":"//*[@id=\"__xmlview1--revertPlanningBtn\"]"}
COMMAND: POST /session/f7dda4deea86e37c44fc2a10a2b2b70a/element/f.30820BDFF87FD38C1A457C97C4719E16.d.A078F59F48FF418D7C88F0BC07F9B3D6.e.5974/click - {}
RESULT: {}
COMMAND: GET /session/f7dda4deea86e37c44fc2a10a2b2b70a/screenshot - {}
RESULT: {}
COMMAND: POST /session/f7dda4deea86e37c44fc2a10a2b2b70a/actions - {"actions":[{"id":"action45","type":"key","parameters":{},"actions":[{"type":"keyDown","value":""},{"type":"pause","duration":10},{"type":"keyUp","value":""}]}]}
RESULT: {"actions":[{"id":"action45","type":"key","parameters":{},"actions":[{"type":"keyDown","value":""},{"type":"pause","duration":10},{"type":"keyUp","value":""}]}]}
COMMAND: GET /session/f7dda4deea86e37c44fc2a10a2b2b70a/screenshot - {}
RESULT: {}
COMMAND: POST /session/f7dda4deea86e37c44fc2a10a2b2b70a/element - {"using":"xpath","value":"//div[contains(@id ,\"ProductsTable-sa-CbBg\")]"}
RESULT: {"using":"xpath","value":"//div[contains(@id ,\"ProductsTable-sa-CbBg\")]"}
COMMAND: POST /session/f7dda4deea86e37c44fc2a10a2b2b70a/element/f.30820BDFF87FD38C1A457C97C4719E16.d.A078F59F48FF418D7C88F0BC07F9B3D6.e.6113/click - {}
RESULT: {}
COMMAND: GET /session/f7dda4deea86e37c44fc2a10a2b2b70a/screenshot - {}
RESULT: {}
COMMAND: POST /session/f7dda4deea86e37c44fc2a10a2b2b70a/execute/async - {"script":"<script> [1562 bytes]","args":[{"selector":{"id":"executeRevertPlanningBtn","viewName":"etm.portal.ui.managecontracts.view.Detail","interaction":{"idSuffix":"BDI-content"}},"wdio_ui5_key":"executeRevertPlanningBtnetmportal.ui.managecontracts.view.Detail"}]}
RESULT: {"script":"<script> [1562 bytes]","args":[{"selector":{"id":"executeRevertPlanningBtn","viewName":"etm.portal.ui.managecontracts.view.Detail","interaction":{"idSuffix":"BDI-content"}},"wdio_ui5_key":"executeRevertPlanningBtnetmportal.ui.managecontracts.view.Detail"}]}
RESULT: undefined
COMMAND: POST /session/f7dda4deea86e37c44fc2a10a2b2b70a/element - {"using":"xpath","value":"//*[@id=\"__xmlview1--executeRevertPlanningBtn\"]"}
RESULT: {"using":"xpath","value":"//*[@id=\"__xmlview1--executeRevertPlanningBtn\"]"}
COMMAND: POST /session/f7dda4deea86e37c44fc2a10a2b2b70a/element/f.30820BDFF87FD38C1A457C97C4719E16.d.A078F59F48FF418D7C88F0BC07F9B3D6.e.6112/click - {}
RESULT: {}
COMMAND: GET /session/f7dda4deea86e37c44fc2a10a2b2b70a/screenshot - {}
RESULT: {}
COMMAND: POST /session/f7dda4deea86e37c44fc2a10a2b2b70a/actions - {"actions":[{"id":"action46","type":"key","parameters":{},"actions":[{"type":"keyDown","value":""},{"type":"pause","duration":10},{"type":"keyUp","value":""}]}]}
RESULT: {"actions":[{"id":"action46","type":"key","parameters":{},"actions":[{"type":"keyDown","value":""},{"type":"pause","duration":10},{"type":"keyUp","value":""}]}]}
COMMAND: POST /session/f7dda4deea86e37c44fc2a10a2b2b70a/execute/async - {"script":"<script> [1562 bytes]","args":[{"selector":{"id":"backBtn"},"wdio_ui5_key":"backBtn"}]}
COMMAND: GET /session/f7dda4deea86e37c44fc2a10a2b2b70a/screenshot - {}
RESULT: {"script":"<script> [1562 bytes]","args":[{"selector":{"id":"backBtn"},"wdio_ui5_key":"backBtn"}]}
RESULT: undefined
COMMAND: POST /session/f7dda4deea86e37c44fc2a10a2b2b70a/element - {"using":"xpath","value":"//*[@id=\"backBtn\"]"}
RESULT: {}
RESULT: {"using":"xpath","value":"//*[@id=\"backBtn\"]"}
COMMAND: POST /session/f7dda4deea86e37c44fc2a10a2b2b70a/element/f.30820BDFF87FD38C1A457C97C4719E16.d.A078F59F48FF418D7C88F0BC07F9B3D6.e.6126/click - {}
RESULT: {}
COMMAND: GET /session/f7dda4deea86e37c44fc2a10a2b2b70a/screenshot - {}
RESULT: {}
COMMAND: POST /session/f7dda4deea86e37c44fc2a10a2b2b70a/refresh - {}
RESULT: {}
COMMAND: GET /session/f7dda4deea86e37c44fc2a10a2b2b70a/screenshot - {}
RESULT: {}
COMMAND: POST /session/f7dda4deea86e37c44fc2a10a2b2b70a/execute/async - {"script":"<script> [189 bytes]","args":[]}
RESULT: {"script":"<script> [189 bytes]","args":[]}
COMMAND: POST /session/f7dda4deea86e37c44fc2a10a2b2b70a/execute/async - {"script":"<script> [123 bytes]","args":[]}
RESULT: {"script":"<script> [123 bytes]","args":[]}
COMMAND: POST /session/f7dda4deea86e37c44fc2a10a2b2b70a/timeouts - {"script":"<number>"}
RESULT: {"script":"<number>"}
COMMAND: GET /session/f7dda4deea86e37c44fc2a10a2b2b70a/timeouts - {}
RESULT: {}
RESULT: undefined
COMMAND: POST /session/f7dda4deea86e37c44fc2a10a2b2b70a/execute/async - {"script":"<script> [2676 bytes]","args":[]}
RESULT: {"script":"<script> [2676 bytes]","args":[]}
COMMAND: POST /session/f7dda4deea86e37c44fc2a10a2b2b70a/execute/async - {"script":"<script> [2342 bytes]","args":[{"protocol":"http","hostname":"0.0.0.0","path":"/","capabilities":{"browserName":"chrome","goog:chromeOptions":{"binary":"C:\\Program Files\\Google\\Chrome\\Application\\chrome.exe","args":["--start-maximized"]}},"logLevel":"warn","connectionRetryTimeout":120000,"connectionRetryCount":3,"logLevels":{},"enableDirectConnect":true,"strictSSL":true,"_":"65 more keys: [\"cacheDir\",\"port\",\"requestedCapabilities\",\"automationProtocol\",\"baseUrl\",\"waitforInterval\",\"waitforTimeout\",\"onReload\",\"beforeCommand\",\"afterCommand\",\"rootDir\",\"specs\",\"suites\",\"exclude\",\"groupLogsByTestSpec\",\"excludeDriverLogs\",\"bail\",\"framework\",\"reporters\",\"services\",\"maxInstances\",\"maxInstancesPerCapability\",\"injectGlobals\",\"filesToWatch\",\"execArgv\",\"runnerEnv\",\"runner\",\"shard\",\"specFileRetries\",\"specFileRetriesDelay\",\"specFileRetriesDeferred\",\"reporterSyncInterval\",\"reporterSyncTimeout\",\"cucumberFeaturesWithLineNumbers\",\"autoCompileOpts\",\"mochaOpts\",\"jasmineOpts\",\"cucumberOpts\",\"onPrepare\",\"onWorkerStart\",\"onWorkerEnd\",\"before\",\"beforeSession\",\"beforeSuite\",\"beforeHook\",\"beforeTest\",\"afterTest\",\"afterHook\",\"afterSuite\",\"afterSession\",\"after\",\"onComplete\",\"beforeAssertion\",\"afterAssertion\",\"beforeFeature\",\"beforeScenario\",\"beforeStep\",\"afterStep\",\"afterScenario\",\"afterFeature\",\"_\",\"suite\",\"$0\",\"ignoredWorkerServices\",\"wdi5\"]"}]}
RESULT: {"script":"<script> [2342 bytes]","args":[{"protocol":"http","hostname":"0.0.0.0","path":"/","capabilities":{"browserName":"chrome","goog:chromeOptions":{"binary":"C:\\Program Files\\Google\\Chrome\\Application\\chrome.exe","args":["--start-maximized"]}},"logLevel":"warn","connectionRetryTimeout":120000,"connectionRetryCount":3,"logLevels":{},"enableDirectConnect":true,"strictSSL":true,"_":"65 more keys: [\"cacheDir\",\"port\",\"requestedCapabilities\",\"automationProtocol\",\"baseUrl\",\"waitforInterval\",\"waitforTimeout\",\"onReload\",\"beforeCommand\",\"afterCommand\",\"rootDir\",\"specs\",\"suites\",\"exclude\",\"groupLogsByTestSpec\",\"excludeDriverLogs\",\"bail\",\"framework\",\"reporters\",\"services\",\"maxInstances\",\"maxInstancesPerCapability\",\"injectGlobals\",\"filesToWatch\",\"execArgv\",\"runnerEnv\",\"runner\",\"shard\",\"specFileRetries\",\"specFileRetriesDelay\",\"specFileRetriesDeferred\",\"reporterSyncInterval\",\"reporterSyncTimeout\",\"cucumberFeaturesWithLineNumbers\",\"autoCompileOpts\",\"mochaOpts\",\"jasmineOpts\",\"cucumberOpts\",\"onPrepare\",\"onWorkerStart\",\"onWorkerEnd\",\"before\",\"beforeSession\",\"beforeSuite\",\"beforeHook\",\"beforeTest\",\"afterTest\",\"afterHook\",\"afterSuite\",\"afterSession\",\"after\",\"onComplete\",\"beforeAssertion\",\"afterAssertion\",\"beforeFeature\",\"beforeScenario\",\"beforeStep\",\"afterStep\",\"afterScenario\",\"afterFeature\",\"_\",\"suite\",\"$0\",\"ignoredWorkerServices\",\"wdi5\"]"}]}
COMMAND: POST /session/f7dda4deea86e37c44fc2a10a2b2b70a/execute/async - {"script":"<script> [21126 bytes]","args":[35000]}
RESULT: {"script":"<script> [21126 bytes]","args":[35000]}
COMMAND: POST /session/f7dda4deea86e37c44fc2a10a2b2b70a/execute/async - {"script":"<script> [1562 bytes]","args":[{"selector":{"controlType":"sap.m.ObjectStatus","viewName":"etm.portal.ui.managerequests.view.Detail","bindingPath":{"path":"/RequestHeaders('20081')","propertyPath":"LINK_TO_STATUS/DESCRIPTION","modelName":"catalogModel"}},"wdio_ui5_key":"etmportal.ui.managerequests.view.Detailsap.m.ObjectStatus{\"path\":\"/RequestHeaders('20081')\",\"propertyPath\":\"LINK_TO_STATUS/DESCRIPTION\",\"modelName\":\"catalogModel\"}"}]}
RESULT: {"script":"<script> [1562 bytes]","args":[{"selector":{"controlType":"sap.m.ObjectStatus","viewName":"etm.portal.ui.managerequests.view.Detail","bindingPath":{"path":"/RequestHeaders('20081')","propertyPath":"LINK_TO_STATUS/DESCRIPTION","modelName":"catalogModel"}},"wdio_ui5_key":"etmportal.ui.managerequests.view.Detailsap.m.ObjectStatus{\"path\":\"/RequestHeaders('20081')\",\"propertyPath\":\"LINK_TO_STATUS/DESCRIPTION\",\"modelName\":\"catalogModel\"}"}]}
RESULT: undefined
COMMAND: POST /session/f7dda4deea86e37c44fc2a10a2b2b70a/execute/async - {"script":"<script> [6424 bytes]","args":[{"element-6066-11e4-a52e-4f735466cecf":"f.30820BDFF87FD38C1A457C97C4719E16.d.8E3ED5E4A7F4C2293195862A7EDA5B1F.e.6419"},"getText",[]]}
RESULT: {"script":"<script> [6424 bytes]","args":[{"element-6066-11e4-a52e-4f735466cecf":"f.30820BDFF87FD38C1A457C97C4719E16.d.8E3ED5E4A7F4C2293195862A7EDA5B1F.e.6419"},"getText",[]]}
COMMAND: POST /session/f7dda4deea86e37c44fc2a10a2b2b70a/execute/async - {"script":"<script> [1562 bytes]","args":[{"selector":{"controlType":"sap.m.Button","viewName":"etm.portal.ui.managerequests.view.Detail","bindingPath":{"path":"/SmartRequestItemsPlanningBoard(ITEM=10m,REQUEST='20081')","propertyPath":"PICK_UP"}},"wdio_ui5_key":"etmportal.ui.managerequests.view.Detailsap.m.Button{\"path\":\"/SmartRequestItemsPlanningBoard(ITEM=10m,REQUEST='20081')\",\"propertyPath\":\"PICK_UP\"}"}]}
RESULT: {"script":"<script> [1562 bytes]","args":[{"selector":{"controlType":"sap.m.Button","viewName":"etm.portal.ui.managerequests.view.Detail","bindingPath":{"path":"/SmartRequestItemsPlanningBoard(ITEM=10m,REQUEST='20081')","propertyPath":"PICK_UP"}},"wdio_ui5_key":"etmportal.ui.managerequests.view.Detailsap.m.Button{\"path\":\"/SmartRequestItemsPlanningBoard(ITEM=10m,REQUEST='20081')\",\"propertyPath\":\"PICK_UP\"}"}]}
RESULT: undefined
COMMAND: POST /session/f7dda4deea86e37c44fc2a10a2b2b70a/execute/async - {"script":"<script> [6424 bytes]","args":[{"element-6066-11e4-a52e-4f735466cecf":"f.30820BDFF87FD38C1A457C97C4719E16.d.8E3ED5E4A7F4C2293195862A7EDA5B1F.e.6336"},"getType",[]]}
RESULT: {"script":"<script> [6424 bytes]","args":[{"element-6066-11e4-a52e-4f735466cecf":"f.30820BDFF87FD38C1A457C97C4719E16.d.8E3ED5E4A7F4C2293195862A7EDA5B1F.e.6336"},"getType",[]]}
COMMAND: POST /session/f7dda4deea86e37c44fc2a10a2b2b70a/execute/async - {"script":"<script> [1562 bytes]","args":[{"selector":{"controlType":"sap.m.Button","viewName":"etm.portal.ui.managerequests.view.Detail","bindingPath":{"path":"/SmartRequestItemsPlanningBoard(ITEM=20m,REQUEST='20081')","propertyPath":"PICK_UP"}},"wdio_ui5_key":"etmportal.ui.managerequests.view.Detailsap.m.Button{\"path\":\"/SmartRequestItemsPlanningBoard(ITEM=20m,REQUEST='20081')\",\"propertyPath\":\"PICK_UP\"}"}]}
RESULT: {"script":"<script> [1562 bytes]","args":[{"selector":{"controlType":"sap.m.Button","viewName":"etm.portal.ui.managerequests.view.Detail","bindingPath":{"path":"/SmartRequestItemsPlanningBoard(ITEM=20m,REQUEST='20081')","propertyPath":"PICK_UP"}},"wdio_ui5_key":"etmportal.ui.managerequests.view.Detailsap.m.Button{\"path\":\"/SmartRequestItemsPlanningBoard(ITEM=20m,REQUEST='20081')\",\"propertyPath\":\"PICK_UP\"}"}]}
RESULT: undefined
COMMAND: POST /session/f7dda4deea86e37c44fc2a10a2b2b70a/execute/async - {"script":"<script> [6424 bytes]","args":[{"element-6066-11e4-a52e-4f735466cecf":"f.30820BDFF87FD38C1A457C97C4719E16.d.8E3ED5E4A7F4C2293195862A7EDA5B1F.e.6420"},"getType",[]]}
RESULT: {"script":"<script> [6424 bytes]","args":[{"element-6066-11e4-a52e-4f735466cecf":"f.30820BDFF87FD38C1A457C97C4719E16.d.8E3ED5E4A7F4C2293195862A7EDA5B1F.e.6420"},"getType",[]]}
COMMAND: POST /session/f7dda4deea86e37c44fc2a10a2b2b70a/element - {"using":"css selector","value":"#shell-header-logo"}
RESULT: {"using":"css selector","value":"#shell-header-logo"}
COMMAND: POST /session/f7dda4deea86e37c44fc2a10a2b2b70a/element/f.30820BDFF87FD38C1A457C97C4719E16.d.8E3ED5E4A7F4C2293195862A7EDA5B1F.e.6223/click - {}
RESULT: {}
COMMAND: GET /session/f7dda4deea86e37c44fc2a10a2b2b70a/screenshot - {}
RESULT: {}
COMMAND: POST /session/f7dda4deea86e37c44fc2a10a2b2b70a/execute/async - {"script":"<script> [1562 bytes]","args":[{"selector":{"controlType":"sap.m.GenericTile","properties":{"header":"Manage Classifications"}},"wdio_ui5_key":"sapm.GenericTile{\"header\":\"Manage Classifications\"}"}]}
RESULT: {"script":"<script> [1562 bytes]","args":[{"selector":{"controlType":"sap.m.GenericTile","properties":{"header":"Manage Classifications"}},"wdio_ui5_key":"sapm.GenericTile{\"header\":\"Manage Classifications\"}"}]}
RESULT: undefined
COMMAND: POST /session/f7dda4deea86e37c44fc2a10a2b2b70a/element - {"using":"xpath","value":"//*[@id=\"__tile115\"]"}
RESULT: {"using":"xpath","value":"//*[@id=\"__tile115\"]"}
COMMAND: POST /session/f7dda4deea86e37c44fc2a10a2b2b70a/element/f.30820BDFF87FD38C1A457C97C4719E16.d.8E3ED5E4A7F4C2293195862A7EDA5B1F.e.6436/click - {}
RESULT: {}
COMMAND: GET /session/f7dda4deea86e37c44fc2a10a2b2b70a/screenshot - {}
RESULT: {}
COMMAND: POST /session/f7dda4deea86e37c44fc2a10a2b2b70a/elements - {"using":"xpath","value":"//span[text()='Error']"}
RESULT: {"using":"xpath","value":"//span[text()='Error']"}
]]></system-out>
    </testcase>
  </testsuite>
  <testsuite timestamp="2025-05-23T16:01:44" time="420.249" tests="4" failures="0" errors="0" skipped="0">
    <properties>
      <property name="specId" value="0"/>
      <property name="suiteName" value="Manage requests - requests specifications US141095"/>
      <property name="capabilities" value="chrome.136_0_7103_93.windows"/>
      <property name="file" value="file:///D:/a/1/s/test/specs/R2C/manage-requests-request-specifications.spec.js"/>
    </properties>
    <testcase classname="chrome.136_0_7103_93.windows.Manage_requests_-_requests_specifications_US141095" name="Should create a new classification of type request item" time="45.999">
      <system-out><![CDATA[
COMMAND: POST /session/f7dda4deea86e37c44fc2a10a2b2b70a/execute/async - {"script":"<script> [1562 bytes]","args":[{"selector":{"controlType":"sap.ui.core.Icon","viewName":"etm.portal.ui.manageclassifications.view.Master","viewId":"application-manageclassifications-display-component---classificationMaster","properties":{"src":{"regex":{"source":"add"}}}},"wdio_ui5_key":"etmportal.ui.manageclassifications.view.Mastersap.ui.core.Icon{\"src\":{\"regex\":{\"source\":\"add\"}}}"}]}
RESULT: {"script":"<script> [1562 bytes]","args":[{"selector":{"controlType":"sap.ui.core.Icon","viewName":"etm.portal.ui.manageclassifications.view.Master","viewId":"application-manageclassifications-display-component---classificationMaster","properties":{"src":{"regex":{"source":"add"}}}},"wdio_ui5_key":"etmportal.ui.manageclassifications.view.Mastersap.ui.core.Icon{\"src\":{\"regex\":{\"source\":\"add\"}}}"}]}
RESULT: undefined
COMMAND: POST /session/f7dda4deea86e37c44fc2a10a2b2b70a/element - {"using":"xpath","value":"//*[@id=\"__button27-img\"]"}
RESULT: {"using":"xpath","value":"//*[@id=\"__button27-img\"]"}
COMMAND: POST /session/f7dda4deea86e37c44fc2a10a2b2b70a/element/f.30820BDFF87FD38C1A457C97C4719E16.d.8E3ED5E4A7F4C2293195862A7EDA5B1F.e.6474/click - {}
RESULT: {}
COMMAND: POST /session/f7dda4deea86e37c44fc2a10a2b2b70a/execute/async - {"script":"<script> [1562 bytes]","args":[{"selector":{"id":"application-manageclassifications-display-component---classificationCreate--classHeaderName","interaction":{"idSuffix":"inner"}},"wdio_ui5_key":"applicationmanageclassifications-display-component---classificationCreate--classHeaderName"}]}
COMMAND: GET /session/f7dda4deea86e37c44fc2a10a2b2b70a/screenshot - {}
RESULT: {"script":"<script> [1562 bytes]","args":[{"selector":{"id":"application-manageclassifications-display-component---classificationCreate--classHeaderName","interaction":{"idSuffix":"inner"}},"wdio_ui5_key":"applicationmanageclassifications-display-component---classificationCreate--classHeaderName"}]}
RESULT: undefined
COMMAND: POST /session/f7dda4deea86e37c44fc2a10a2b2b70a/execute/async - {"script":"<script> [776 bytes]","args":[{"enterText":"WebdriverItemClassn1wdc","selector":{"id":"application-manageclassifications-display-component---classificationCreate--classHeaderName","interaction":{"idSuffix":"inner"}},"clearTextFirst":true,"interactionType":"ENTER_TEXT"}]}
RESULT: {}
RESULT: {"script":"<script> [776 bytes]","args":[{"enterText":"WebdriverItemClassn1wdc","selector":{"id":"application-manageclassifications-display-component---classificationCreate--classHeaderName","interaction":{"idSuffix":"inner"}},"clearTextFirst":true,"interactionType":"ENTER_TEXT"}]}
COMMAND: POST /session/f7dda4deea86e37c44fc2a10a2b2b70a/execute/async - {"script":"<script> [1562 bytes]","args":[{"selector":{"controlType":"sap.ui.core.Icon","viewName":"etm.portal.ui.manageclassifications.view.Create","viewId":"application-manageclassifications-display-component---classificationCreate","properties":{"src":{"regex":{"source":"slim\\-arrow\\-down"}}}},"wdio_ui5_key":"etmportal.ui.manageclassifications.view.Createsap.ui.core.Icon{\"src\":{\"regex\":{\"source\":\"slim\\\\-arrow\\\\-down\"}}}"}]}
RESULT: {"script":"<script> [1562 bytes]","args":[{"selector":{"controlType":"sap.ui.core.Icon","viewName":"etm.portal.ui.manageclassifications.view.Create","viewId":"application-manageclassifications-display-component---classificationCreate","properties":{"src":{"regex":{"source":"slim\\-arrow\\-down"}}}},"wdio_ui5_key":"etmportal.ui.manageclassifications.view.Createsap.ui.core.Icon{\"src\":{\"regex\":{\"source\":\"slim\\\\-arrow\\\\-down\"}}}"}]}
RESULT: undefined
COMMAND: POST /session/f7dda4deea86e37c44fc2a10a2b2b70a/element - {"using":"xpath","value":"//*[@id=\"__box12-arrow\"]"}
RESULT: {"using":"xpath","value":"//*[@id=\"__box12-arrow\"]"}
COMMAND: POST /session/f7dda4deea86e37c44fc2a10a2b2b70a/element/f.30820BDFF87FD38C1A457C97C4719E16.d.8E3ED5E4A7F4C2293195862A7EDA5B1F.e.6733/click - {}
RESULT: {}
COMMAND: POST /session/f7dda4deea86e37c44fc2a10a2b2b70a/execute/async - {"script":"<script> [1562 bytes]","args":[{"selector":{"controlType":"sap.m.StandardListItem","viewName":"etm.portal.ui.manageclassifications.view.Create","viewId":"application-manageclassifications-display-component---classificationCreate","properties":{"title":"Request Item Specifications"},"searchOpenDialogs":true,"interaction":{"idSuffix":"titleText"}},"wdio_ui5_key":"etmportal.ui.manageclassifications.view.Createsap.m.StandardListItem{\"title\":\"Request Item Specifications\"}"}]}
COMMAND: GET /session/f7dda4deea86e37c44fc2a10a2b2b70a/screenshot - {}
RESULT: {"script":"<script> [1562 bytes]","args":[{"selector":{"controlType":"sap.m.StandardListItem","viewName":"etm.portal.ui.manageclassifications.view.Create","viewId":"application-manageclassifications-display-component---classificationCreate","properties":{"title":"Request Item Specifications"},"searchOpenDialogs":true,"interaction":{"idSuffix":"titleText"}},"wdio_ui5_key":"etmportal.ui.manageclassifications.view.Createsap.m.StandardListItem{\"title\":\"Request Item Specifications\"}"}]}
RESULT: undefined
COMMAND: POST /session/f7dda4deea86e37c44fc2a10a2b2b70a/element - {"using":"xpath","value":"//*[@id=\"__item85\"]"}
RESULT: {}
RESULT: {"using":"xpath","value":"//*[@id=\"__item85\"]"}
COMMAND: POST /session/f7dda4deea86e37c44fc2a10a2b2b70a/element/f.30820BDFF87FD38C1A457C97C4719E16.d.8E3ED5E4A7F4C2293195862A7EDA5B1F.e.6792/click - {}
RESULT: {}
COMMAND: POST /session/f7dda4deea86e37c44fc2a10a2b2b70a/execute/async - {"script":"<script> [1562 bytes]","args":[{"selector":{"controlType":"sap.ui.core.Icon","viewName":"etm.portal.ui.manageclassifications.view.Create","viewId":"application-manageclassifications-display-component---classificationCreate","properties":{"src":{"regex":{"source":"add"}}}},"wdio_ui5_key":"etmportal.ui.manageclassifications.view.Createsap.ui.core.Icon{\"src\":{\"regex\":{\"source\":\"add\"}}}"}]}
COMMAND: GET /session/f7dda4deea86e37c44fc2a10a2b2b70a/screenshot - {}
RESULT: {"script":"<script> [1562 bytes]","args":[{"selector":{"controlType":"sap.ui.core.Icon","viewName":"etm.portal.ui.manageclassifications.view.Create","viewId":"application-manageclassifications-display-component---classificationCreate","properties":{"src":{"regex":{"source":"add"}}}},"wdio_ui5_key":"etmportal.ui.manageclassifications.view.Createsap.ui.core.Icon{\"src\":{\"regex\":{\"source\":\"add\"}}}"}]}
RESULT: undefined
COMMAND: POST /session/f7dda4deea86e37c44fc2a10a2b2b70a/element - {"using":"xpath","value":"//*[@id=\"__button32-img\"]"}
RESULT: {}
RESULT: {"using":"xpath","value":"//*[@id=\"__button32-img\"]"}
COMMAND: POST /session/f7dda4deea86e37c44fc2a10a2b2b70a/element/f.30820BDFF87FD38C1A457C97C4719E16.d.8E3ED5E4A7F4C2293195862A7EDA5B1F.e.6736/click - {}
RESULT: {}
COMMAND: POST /session/f7dda4deea86e37c44fc2a10a2b2b70a/execute/async - {"script":"<script> [1562 bytes]","args":[{"selector":{"controlType":"sap.m.Input","viewName":"etm.portal.ui.manageclassifications.view.Create","viewId":"application-manageclassifications-display-component---classificationCreate","bindingPath":{"path":"/0","propertyPath":"PROPERTY","modelName":"newConfigModel"},"interaction":{"idSuffix":"inner"}},"wdio_ui5_key":"etmportal.ui.manageclassifications.view.Createsap.m.Input{\"path\":\"/0\",\"propertyPath\":\"PROPERTY\",\"modelName\":\"newConfigModel\"}"}]}
COMMAND: GET /session/f7dda4deea86e37c44fc2a10a2b2b70a/screenshot - {}
RESULT: {"script":"<script> [1562 bytes]","args":[{"selector":{"controlType":"sap.m.Input","viewName":"etm.portal.ui.manageclassifications.view.Create","viewId":"application-manageclassifications-display-component---classificationCreate","bindingPath":{"path":"/0","propertyPath":"PROPERTY","modelName":"newConfigModel"},"interaction":{"idSuffix":"inner"}},"wdio_ui5_key":"etmportal.ui.manageclassifications.view.Createsap.m.Input{\"path\":\"/0\",\"propertyPath\":\"PROPERTY\",\"modelName\":\"newConfigModel\"}"}]}
RESULT: undefined
COMMAND: POST /session/f7dda4deea86e37c44fc2a10a2b2b70a/execute/async - {"script":"<script> [776 bytes]","args":[{"enterText":"Color","selector":{"controlType":"sap.m.Input","viewName":"etm.portal.ui.manageclassifications.view.Create","viewId":"application-manageclassifications-display-component---classificationCreate","bindingPath":{"path":"/0","propertyPath":"PROPERTY","modelName":"newConfigModel"},"interaction":{"idSuffix":"inner"}},"clearTextFirst":true,"interactionType":"ENTER_TEXT"}]}
RESULT: {}
RESULT: {"script":"<script> [776 bytes]","args":[{"enterText":"Color","selector":{"controlType":"sap.m.Input","viewName":"etm.portal.ui.manageclassifications.view.Create","viewId":"application-manageclassifications-display-component---classificationCreate","bindingPath":{"path":"/0","propertyPath":"PROPERTY","modelName":"newConfigModel"},"interaction":{"idSuffix":"inner"}},"clearTextFirst":true,"interactionType":"ENTER_TEXT"}]}
COMMAND: POST /session/f7dda4deea86e37c44fc2a10a2b2b70a/execute/async - {"script":"<script> [1562 bytes]","args":[{"selector":{"controlType":"sap.m.Input","viewName":"etm.portal.ui.manageclassifications.view.Create","viewId":"application-manageclassifications-display-component---classificationCreate","bindingPath":{"path":"/0","propertyPath":"DESCRIPTION","modelName":"newConfigModel"},"interaction":{"idSuffix":"inner"}},"wdio_ui5_key":"etmportal.ui.manageclassifications.view.Createsap.m.Input{\"path\":\"/0\",\"propertyPath\":\"DESCRIPTION\",\"modelName\":\"newConfigModel\"}"}]}
RESULT: {"script":"<script> [1562 bytes]","args":[{"selector":{"controlType":"sap.m.Input","viewName":"etm.portal.ui.manageclassifications.view.Create","viewId":"application-manageclassifications-display-component---classificationCreate","bindingPath":{"path":"/0","propertyPath":"DESCRIPTION","modelName":"newConfigModel"},"interaction":{"idSuffix":"inner"}},"wdio_ui5_key":"etmportal.ui.manageclassifications.view.Createsap.m.Input{\"path\":\"/0\",\"propertyPath\":\"DESCRIPTION\",\"modelName\":\"newConfigModel\"}"}]}
RESULT: undefined
COMMAND: POST /session/f7dda4deea86e37c44fc2a10a2b2b70a/execute/async - {"script":"<script> [776 bytes]","args":[{"enterText":"Color","selector":{"controlType":"sap.m.Input","viewName":"etm.portal.ui.manageclassifications.view.Create","viewId":"application-manageclassifications-display-component---classificationCreate","bindingPath":{"path":"/0","propertyPath":"DESCRIPTION","modelName":"newConfigModel"},"interaction":{"idSuffix":"inner"}},"clearTextFirst":true,"interactionType":"ENTER_TEXT"}]}
RESULT: {"script":"<script> [776 bytes]","args":[{"enterText":"Color","selector":{"controlType":"sap.m.Input","viewName":"etm.portal.ui.manageclassifications.view.Create","viewId":"application-manageclassifications-display-component---classificationCreate","bindingPath":{"path":"/0","propertyPath":"DESCRIPTION","modelName":"newConfigModel"},"interaction":{"idSuffix":"inner"}},"clearTextFirst":true,"interactionType":"ENTER_TEXT"}]}
COMMAND: POST /session/f7dda4deea86e37c44fc2a10a2b2b70a/execute/async - {"script":"<script> [1562 bytes]","args":[{"selector":{"controlType":"sap.ui.core.Icon","viewName":"etm.portal.ui.manageclassifications.view.Create","viewId":"application-manageclassifications-display-component---classificationCreate","properties":{"src":{"regex":{"source":"slim\\-arrow\\-down"}}},"ancestor":{"controlType":"sap.m.ComboBox","viewName":"etm.portal.ui.manageclassifications.view.Create","viewId":"application-manageclassifications-display-component---classificationCreate","bindingPath":{"path":"/0","propertyPath":"VALUE_TYPE","modelName":"newConfigModel"}}},"wdio_ui5_key":"etmportal.ui.manageclassifications.view.Createsap.ui.core.Icon{\"src\":{\"regex\":{\"source\":\"slim\\\\-arrow\\\\-down\"}}}{\"controlType\":\"sap.m.ComboBox\",\"viewName\":\"etm.portal.ui.manageclassifications.view.Create\",\"viewId\":\"application-manageclassifications-display-component---classificationCreate\",\"bindingPath\":{\"path\":\"/0\",\"propertyPath\":\"VALUE_TYPE\",\"modelName\":\"newConfigModel\"}}"}]}
RESULT: {"script":"<script> [1562 bytes]","args":[{"selector":{"controlType":"sap.ui.core.Icon","viewName":"etm.portal.ui.manageclassifications.view.Create","viewId":"application-manageclassifications-display-component---classificationCreate","properties":{"src":{"regex":{"source":"slim\\-arrow\\-down"}}},"ancestor":{"controlType":"sap.m.ComboBox","viewName":"etm.portal.ui.manageclassifications.view.Create","viewId":"application-manageclassifications-display-component---classificationCreate","bindingPath":{"path":"/0","propertyPath":"VALUE_TYPE","modelName":"newConfigModel"}}},"wdio_ui5_key":"etmportal.ui.manageclassifications.view.Createsap.ui.core.Icon{\"src\":{\"regex\":{\"source\":\"slim\\\\-arrow\\\\-down\"}}}{\"controlType\":\"sap.m.ComboBox\",\"viewName\":\"etm.portal.ui.manageclassifications.view.Create\",\"viewId\":\"application-manageclassifications-display-component---classificationCreate\",\"bindingPath\":{\"path\":\"/0\",\"propertyPath\":\"VALUE_TYPE\",\"modelName\":\"newConfigModel\"}}"}]}
RESULT: undefined
COMMAND: POST /session/f7dda4deea86e37c44fc2a10a2b2b70a/element - {"using":"xpath","value":"//*[@id=\"__box13-application-manageclassifications-display-component---classificationCreate--configurationList-0-arrow\"]"}
RESULT: {"using":"xpath","value":"//*[@id=\"__box13-application-manageclassifications-display-component---classificationCreate--configurationList-0-arrow\"]"}
COMMAND: POST /session/f7dda4deea86e37c44fc2a10a2b2b70a/element/f.30820BDFF87FD38C1A457C97C4719E16.d.8E3ED5E4A7F4C2293195862A7EDA5B1F.e.6801/click - {}
RESULT: {}
COMMAND: POST /session/f7dda4deea86e37c44fc2a10a2b2b70a/execute/async - {"script":"<script> [1562 bytes]","args":[{"selector":{"controlType":"sap.m.StandardListItem","viewName":"etm.portal.ui.manageclassifications.view.Create","viewId":"application-manageclassifications-display-component---classificationCreate","properties":{"title":"Dropdown"},"searchOpenDialogs":true,"interaction":{"idSuffix":"titleText"}},"wdio_ui5_key":"etmportal.ui.manageclassifications.view.Createsap.m.StandardListItem{\"title\":\"Dropdown\"}"}]}
COMMAND: GET /session/f7dda4deea86e37c44fc2a10a2b2b70a/screenshot - {}
RESULT: {"script":"<script> [1562 bytes]","args":[{"selector":{"controlType":"sap.m.StandardListItem","viewName":"etm.portal.ui.manageclassifications.view.Create","viewId":"application-manageclassifications-display-component---classificationCreate","properties":{"title":"Dropdown"},"searchOpenDialogs":true,"interaction":{"idSuffix":"titleText"}},"wdio_ui5_key":"etmportal.ui.manageclassifications.view.Createsap.m.StandardListItem{\"title\":\"Dropdown\"}"}]}
RESULT: undefined
COMMAND: POST /session/f7dda4deea86e37c44fc2a10a2b2b70a/element - {"using":"xpath","value":"//*[@id=\"__item93\"]"}
RESULT: {}
RESULT: {"using":"xpath","value":"//*[@id=\"__item93\"]"}
COMMAND: POST /session/f7dda4deea86e37c44fc2a10a2b2b70a/element/f.30820BDFF87FD38C1A457C97C4719E16.d.8E3ED5E4A7F4C2293195862A7EDA5B1F.e.6803/click - {}
RESULT: {}
COMMAND: POST /session/f7dda4deea86e37c44fc2a10a2b2b70a/execute/async - {"script":"<script> [1562 bytes]","args":[{"selector":{"controlType":"sap.ui.core.Icon","viewName":"etm.portal.ui.manageclassifications.view.Create","viewId":"application-manageclassifications-display-component---classificationCreate","properties":{"src":{"regex":{"source":"crm\\-service\\-manager"}}}},"wdio_ui5_key":"etmportal.ui.manageclassifications.view.Createsap.ui.core.Icon{\"src\":{\"regex\":{\"source\":\"crm\\\\-service\\\\-manager\"}}}"}]}
COMMAND: GET /session/f7dda4deea86e37c44fc2a10a2b2b70a/screenshot - {}
RESULT: {"script":"<script> [1562 bytes]","args":[{"selector":{"controlType":"sap.ui.core.Icon","viewName":"etm.portal.ui.manageclassifications.view.Create","viewId":"application-manageclassifications-display-component---classificationCreate","properties":{"src":{"regex":{"source":"crm\\-service\\-manager"}}}},"wdio_ui5_key":"etmportal.ui.manageclassifications.view.Createsap.ui.core.Icon{\"src\":{\"regex\":{\"source\":\"crm\\\\-service\\\\-manager\"}}}"}]}
RESULT: undefined
COMMAND: POST /session/f7dda4deea86e37c44fc2a10a2b2b70a/element - {"using":"xpath","value":"//*[@id=\"__button34-application-manageclassifications-display-component---classificationCreate--configurationList-0-img\"]"}
RESULT: {}
RESULT: {"using":"xpath","value":"//*[@id=\"__button34-application-manageclassifications-display-component---classificationCreate--configurationList-0-img\"]"}
COMMAND: POST /session/f7dda4deea86e37c44fc2a10a2b2b70a/element/f.30820BDFF87FD38C1A457C97C4719E16.d.8E3ED5E4A7F4C2293195862A7EDA5B1F.e.6805/click - {}
RESULT: {}
COMMAND: POST /session/f7dda4deea86e37c44fc2a10a2b2b70a/element - {"using":"xpath","value":"//button[@title=\"Add additional value\"]"}
COMMAND: GET /session/f7dda4deea86e37c44fc2a10a2b2b70a/screenshot - {}
RESULT: {"using":"xpath","value":"//button[@title=\"Add additional value\"]"}
COMMAND: POST /session/f7dda4deea86e37c44fc2a10a2b2b70a/element/f.30820BDFF87FD38C1A457C97C4719E16.d.8E3ED5E4A7F4C2293195862A7EDA5B1F.e.6806/click - {}
RESULT: {}
RESULT: {}
COMMAND: POST /session/f7dda4deea86e37c44fc2a10a2b2b70a/execute/async - {"script":"<script> [1562 bytes]","args":[{"selector":{"controlType":"sap.m.Input","viewName":"etm.portal.ui.manageclassifications.view.Create","viewId":"application-manageclassifications-display-component---classificationCreate","bindingPath":{"path":"/VALUES/0","propertyPath":"VALUE","modelName":"dropdownValuesModel"},"searchOpenDialogs":true,"interaction":{"idSuffix":"inner"}},"wdio_ui5_key":"etmportal.ui.manageclassifications.view.Createsap.m.Input{\"path\":\"/VALUES/0\",\"propertyPath\":\"VALUE\",\"modelName\":\"dropdownValuesModel\"}"}]}
COMMAND: GET /session/f7dda4deea86e37c44fc2a10a2b2b70a/screenshot - {}
RESULT: {"script":"<script> [1562 bytes]","args":[{"selector":{"controlType":"sap.m.Input","viewName":"etm.portal.ui.manageclassifications.view.Create","viewId":"application-manageclassifications-display-component---classificationCreate","bindingPath":{"path":"/VALUES/0","propertyPath":"VALUE","modelName":"dropdownValuesModel"},"searchOpenDialogs":true,"interaction":{"idSuffix":"inner"}},"wdio_ui5_key":"etmportal.ui.manageclassifications.view.Createsap.m.Input{\"path\":\"/VALUES/0\",\"propertyPath\":\"VALUE\",\"modelName\":\"dropdownValuesModel\"}"}]}
RESULT: undefined
COMMAND: POST /session/f7dda4deea86e37c44fc2a10a2b2b70a/execute/async - {"script":"<script> [776 bytes]","args":[{"enterText":"1","selector":{"controlType":"sap.m.Input","viewName":"etm.portal.ui.manageclassifications.view.Create","viewId":"application-manageclassifications-display-component---classificationCreate","bindingPath":{"path":"/VALUES/0","propertyPath":"VALUE","modelName":"dropdownValuesModel"},"searchOpenDialogs":true,"interaction":{"idSuffix":"inner"}},"clearTextFirst":true,"interactionType":"ENTER_TEXT"}]}
RESULT: {}
RESULT: {"script":"<script> [776 bytes]","args":[{"enterText":"1","selector":{"controlType":"sap.m.Input","viewName":"etm.portal.ui.manageclassifications.view.Create","viewId":"application-manageclassifications-display-component---classificationCreate","bindingPath":{"path":"/VALUES/0","propertyPath":"VALUE","modelName":"dropdownValuesModel"},"searchOpenDialogs":true,"interaction":{"idSuffix":"inner"}},"clearTextFirst":true,"interactionType":"ENTER_TEXT"}]}
COMMAND: POST /session/f7dda4deea86e37c44fc2a10a2b2b70a/execute/async - {"script":"<script> [1562 bytes]","args":[{"selector":{"controlType":"sap.m.Input","viewName":"etm.portal.ui.manageclassifications.view.Create","viewId":"application-manageclassifications-display-component---classificationCreate","bindingPath":{"path":"/VALUES/0","propertyPath":"TEXT","modelName":"dropdownValuesModel"},"searchOpenDialogs":true,"interaction":{"idSuffix":"inner"}},"wdio_ui5_key":"etmportal.ui.manageclassifications.view.Createsap.m.Input{\"path\":\"/VALUES/0\",\"propertyPath\":\"TEXT\",\"modelName\":\"dropdownValuesModel\"}"}]}
RESULT: {"script":"<script> [1562 bytes]","args":[{"selector":{"controlType":"sap.m.Input","viewName":"etm.portal.ui.manageclassifications.view.Create","viewId":"application-manageclassifications-display-component---classificationCreate","bindingPath":{"path":"/VALUES/0","propertyPath":"TEXT","modelName":"dropdownValuesModel"},"searchOpenDialogs":true,"interaction":{"idSuffix":"inner"}},"wdio_ui5_key":"etmportal.ui.manageclassifications.view.Createsap.m.Input{\"path\":\"/VALUES/0\",\"propertyPath\":\"TEXT\",\"modelName\":\"dropdownValuesModel\"}"}]}
RESULT: undefined
COMMAND: POST /session/f7dda4deea86e37c44fc2a10a2b2b70a/execute/async - {"script":"<script> [776 bytes]","args":[{"enterText":"blue","selector":{"controlType":"sap.m.Input","viewName":"etm.portal.ui.manageclassifications.view.Create","viewId":"application-manageclassifications-display-component---classificationCreate","bindingPath":{"path":"/VALUES/0","propertyPath":"TEXT","modelName":"dropdownValuesModel"},"searchOpenDialogs":true,"interaction":{"idSuffix":"inner"}},"clearTextFirst":true,"interactionType":"ENTER_TEXT"}]}
RESULT: {"script":"<script> [776 bytes]","args":[{"enterText":"blue","selector":{"controlType":"sap.m.Input","viewName":"etm.portal.ui.manageclassifications.view.Create","viewId":"application-manageclassifications-display-component---classificationCreate","bindingPath":{"path":"/VALUES/0","propertyPath":"TEXT","modelName":"dropdownValuesModel"},"searchOpenDialogs":true,"interaction":{"idSuffix":"inner"}},"clearTextFirst":true,"interactionType":"ENTER_TEXT"}]}
COMMAND: POST /session/f7dda4deea86e37c44fc2a10a2b2b70a/element - {"using":"xpath","value":"//button[@title=\"Add additional value\"]"}
RESULT: {"using":"xpath","value":"//button[@title=\"Add additional value\"]"}
COMMAND: POST /session/f7dda4deea86e37c44fc2a10a2b2b70a/element/f.30820BDFF87FD38C1A457C97C4719E16.d.8E3ED5E4A7F4C2293195862A7EDA5B1F.e.6806/click - {}
RESULT: {}
COMMAND: POST /session/f7dda4deea86e37c44fc2a10a2b2b70a/execute/async - {"script":"<script> [1562 bytes]","args":[{"selector":{"controlType":"sap.m.Input","viewName":"etm.portal.ui.manageclassifications.view.Create","viewId":"application-manageclassifications-display-component---classificationCreate","bindingPath":{"path":"/VALUES/1","propertyPath":"VALUE","modelName":"dropdownValuesModel"},"searchOpenDialogs":true,"interaction":{"idSuffix":"inner"}},"wdio_ui5_key":"etmportal.ui.manageclassifications.view.Createsap.m.Input{\"path\":\"/VALUES/1\",\"propertyPath\":\"VALUE\",\"modelName\":\"dropdownValuesModel\"}"}]}
COMMAND: GET /session/f7dda4deea86e37c44fc2a10a2b2b70a/screenshot - {}
RESULT: {"script":"<script> [1562 bytes]","args":[{"selector":{"controlType":"sap.m.Input","viewName":"etm.portal.ui.manageclassifications.view.Create","viewId":"application-manageclassifications-display-component---classificationCreate","bindingPath":{"path":"/VALUES/1","propertyPath":"VALUE","modelName":"dropdownValuesModel"},"searchOpenDialogs":true,"interaction":{"idSuffix":"inner"}},"wdio_ui5_key":"etmportal.ui.manageclassifications.view.Createsap.m.Input{\"path\":\"/VALUES/1\",\"propertyPath\":\"VALUE\",\"modelName\":\"dropdownValuesModel\"}"}]}
RESULT: undefined
COMMAND: POST /session/f7dda4deea86e37c44fc2a10a2b2b70a/execute/async - {"script":"<script> [776 bytes]","args":[{"enterText":"2","selector":{"controlType":"sap.m.Input","viewName":"etm.portal.ui.manageclassifications.view.Create","viewId":"application-manageclassifications-display-component---classificationCreate","bindingPath":{"path":"/VALUES/1","propertyPath":"VALUE","modelName":"dropdownValuesModel"},"searchOpenDialogs":true,"interaction":{"idSuffix":"inner"}},"clearTextFirst":true,"interactionType":"ENTER_TEXT"}]}
RESULT: {}
RESULT: {"script":"<script> [776 bytes]","args":[{"enterText":"2","selector":{"controlType":"sap.m.Input","viewName":"etm.portal.ui.manageclassifications.view.Create","viewId":"application-manageclassifications-display-component---classificationCreate","bindingPath":{"path":"/VALUES/1","propertyPath":"VALUE","modelName":"dropdownValuesModel"},"searchOpenDialogs":true,"interaction":{"idSuffix":"inner"}},"clearTextFirst":true,"interactionType":"ENTER_TEXT"}]}
COMMAND: POST /session/f7dda4deea86e37c44fc2a10a2b2b70a/execute/async - {"script":"<script> [1562 bytes]","args":[{"selector":{"controlType":"sap.m.Input","viewName":"etm.portal.ui.manageclassifications.view.Create","viewId":"application-manageclassifications-display-component---classificationCreate","bindingPath":{"path":"/VALUES/1","propertyPath":"TEXT","modelName":"dropdownValuesModel"},"searchOpenDialogs":true,"interaction":{"idSuffix":"inner"}},"wdio_ui5_key":"etmportal.ui.manageclassifications.view.Createsap.m.Input{\"path\":\"/VALUES/1\",\"propertyPath\":\"TEXT\",\"modelName\":\"dropdownValuesModel\"}"}]}
RESULT: {"script":"<script> [1562 bytes]","args":[{"selector":{"controlType":"sap.m.Input","viewName":"etm.portal.ui.manageclassifications.view.Create","viewId":"application-manageclassifications-display-component---classificationCreate","bindingPath":{"path":"/VALUES/1","propertyPath":"TEXT","modelName":"dropdownValuesModel"},"searchOpenDialogs":true,"interaction":{"idSuffix":"inner"}},"wdio_ui5_key":"etmportal.ui.manageclassifications.view.Createsap.m.Input{\"path\":\"/VALUES/1\",\"propertyPath\":\"TEXT\",\"modelName\":\"dropdownValuesModel\"}"}]}
RESULT: undefined
COMMAND: POST /session/f7dda4deea86e37c44fc2a10a2b2b70a/execute/async - {"script":"<script> [776 bytes]","args":[{"enterText":"red","selector":{"controlType":"sap.m.Input","viewName":"etm.portal.ui.manageclassifications.view.Create","viewId":"application-manageclassifications-display-component---classificationCreate","bindingPath":{"path":"/VALUES/1","propertyPath":"TEXT","modelName":"dropdownValuesModel"},"searchOpenDialogs":true,"interaction":{"idSuffix":"inner"}},"clearTextFirst":true,"interactionType":"ENTER_TEXT"}]}
RESULT: {"script":"<script> [776 bytes]","args":[{"enterText":"red","selector":{"controlType":"sap.m.Input","viewName":"etm.portal.ui.manageclassifications.view.Create","viewId":"application-manageclassifications-display-component---classificationCreate","bindingPath":{"path":"/VALUES/1","propertyPath":"TEXT","modelName":"dropdownValuesModel"},"searchOpenDialogs":true,"interaction":{"idSuffix":"inner"}},"clearTextFirst":true,"interactionType":"ENTER_TEXT"}]}
COMMAND: POST /session/f7dda4deea86e37c44fc2a10a2b2b70a/execute/async - {"script":"<script> [1562 bytes]","args":[{"selector":{"controlType":"sap.m.Button","viewName":"etm.portal.ui.manageclassifications.view.Create","viewId":"application-manageclassifications-display-component---classificationCreate","i18NText":{"propertyName":"text","key":"save"},"searchOpenDialogs":true,"interaction":{"idSuffix":"BDI-content"}},"wdio_ui5_key":"etmportal.ui.manageclassifications.view.Createsap.m.Button{\"propertyName\":\"text\",\"key\":\"save\"}"}]}
RESULT: {"script":"<script> [1562 bytes]","args":[{"selector":{"controlType":"sap.m.Button","viewName":"etm.portal.ui.manageclassifications.view.Create","viewId":"application-manageclassifications-display-component---classificationCreate","i18NText":{"propertyName":"text","key":"save"},"searchOpenDialogs":true,"interaction":{"idSuffix":"BDI-content"}},"wdio_ui5_key":"etmportal.ui.manageclassifications.view.Createsap.m.Button{\"propertyName\":\"text\",\"key\":\"save\"}"}]}
RESULT: undefined
COMMAND: POST /session/f7dda4deea86e37c44fc2a10a2b2b70a/element - {"using":"xpath","value":"//*[@id=\"__button44\"]"}
RESULT: {"using":"xpath","value":"//*[@id=\"__button44\"]"}
COMMAND: POST /session/f7dda4deea86e37c44fc2a10a2b2b70a/element/f.30820BDFF87FD38C1A457C97C4719E16.d.8E3ED5E4A7F4C2293195862A7EDA5B1F.e.6827/click - {}
RESULT: {}
COMMAND: GET /session/f7dda4deea86e37c44fc2a10a2b2b70a/screenshot - {}
RESULT: {}
COMMAND: POST /session/f7dda4deea86e37c44fc2a10a2b2b70a/element - {"using":"xpath","value":"//button[@title=\"Save\"]"}
RESULT: {"using":"xpath","value":"//button[@title=\"Save\"]"}
COMMAND: POST /session/f7dda4deea86e37c44fc2a10a2b2b70a/element/f.30820BDFF87FD38C1A457C97C4719E16.d.8E3ED5E4A7F4C2293195862A7EDA5B1F.e.6744/click - {}
RESULT: {}
COMMAND: GET /session/f7dda4deea86e37c44fc2a10a2b2b70a/screenshot - {}
RESULT: {}
COMMAND: POST /session/f7dda4deea86e37c44fc2a10a2b2b70a/execute/async - {"script":"<script> [1562 bytes]","args":[{"selector":{"id":"application-manageclassifications-display-component---classificationMaster--smartFilterBar-btnBasicSearch","interaction":{"idSuffix":"I"}},"wdio_ui5_key":"applicationmanageclassifications-display-component---classificationMaster--smartFilterBar-btnBasicSearch"}]}
RESULT: {"script":"<script> [1562 bytes]","args":[{"selector":{"id":"application-manageclassifications-display-component---classificationMaster--smartFilterBar-btnBasicSearch","interaction":{"idSuffix":"I"}},"wdio_ui5_key":"applicationmanageclassifications-display-component---classificationMaster--smartFilterBar-btnBasicSearch"}]}
RESULT: undefined
COMMAND: POST /session/f7dda4deea86e37c44fc2a10a2b2b70a/execute/async - {"script":"<script> [776 bytes]","args":[{"enterText":"WebdriverItemClassn1wdc","selector":{"id":"application-manageclassifications-display-component---classificationMaster--smartFilterBar-btnBasicSearch","interaction":{"idSuffix":"I"}},"clearTextFirst":true,"interactionType":"ENTER_TEXT"}]}
RESULT: {"script":"<script> [776 bytes]","args":[{"enterText":"WebdriverItemClassn1wdc","selector":{"id":"application-manageclassifications-display-component---classificationMaster--smartFilterBar-btnBasicSearch","interaction":{"idSuffix":"I"}},"clearTextFirst":true,"interactionType":"ENTER_TEXT"}]}
COMMAND: POST /session/f7dda4deea86e37c44fc2a10a2b2b70a/actions - {"actions":[{"id":"action47","type":"key","parameters":{},"actions":[{"type":"keyDown","value":""},{"type":"pause","duration":10},{"type":"keyUp","value":""}]}]}
RESULT: {"actions":[{"id":"action47","type":"key","parameters":{},"actions":[{"type":"keyDown","value":""},{"type":"pause","duration":10},{"type":"keyUp","value":""}]}]}
COMMAND: POST /session/f7dda4deea86e37c44fc2a10a2b2b70a/execute/async - {"script":"<script> [1562 bytes]","args":[{"selector":{"id":"application-manageclassifications-display-component---classificationMaster--smartTable-header"},"wdio_ui5_key":"applicationmanageclassifications-display-component---classificationMaster--smartTable-header"}]}
COMMAND: GET /session/f7dda4deea86e37c44fc2a10a2b2b70a/screenshot - {}
RESULT: {"script":"<script> [1562 bytes]","args":[{"selector":{"id":"application-manageclassifications-display-component---classificationMaster--smartTable-header"},"wdio_ui5_key":"applicationmanageclassifications-display-component---classificationMaster--smartTable-header"}]}
RESULT: undefined
COMMAND: POST /session/f7dda4deea86e37c44fc2a10a2b2b70a/execute/async - {"script":"<script> [6424 bytes]","args":[{"element-6066-11e4-a52e-4f735466cecf":"f.30820BDFF87FD38C1A457C97C4719E16.d.8E3ED5E4A7F4C2293195862A7EDA5B1F.e.6990"},"getText",[]]}
RESULT: {}
RESULT: {"script":"<script> [6424 bytes]","args":[{"element-6066-11e4-a52e-4f735466cecf":"f.30820BDFF87FD38C1A457C97C4719E16.d.8E3ED5E4A7F4C2293195862A7EDA5B1F.e.6990"},"getText",[]]}
COMMAND: POST /session/f7dda4deea86e37c44fc2a10a2b2b70a/element - {"using":"css selector","value":"#shell-header-logo"}
RESULT: {"using":"css selector","value":"#shell-header-logo"}
COMMAND: POST /session/f7dda4deea86e37c44fc2a10a2b2b70a/element/f.30820BDFF87FD38C1A457C97C4719E16.d.8E3ED5E4A7F4C2293195862A7EDA5B1F.e.6440/click - {}
RESULT: {}
COMMAND: GET /session/f7dda4deea86e37c44fc2a10a2b2b70a/screenshot - {}
RESULT: {}
]]></system-out>
    </testcase>
    <testcase classname="chrome.136_0_7103_93.windows.Manage_requests_-_requests_specifications_US141095" name="Should create a new section and a catalog item" time="151.487">
      <system-out><![CDATA[
COMMAND: POST /session/f7dda4deea86e37c44fc2a10a2b2b70a/execute/async - {"script":"<script> [1562 bytes]","args":[{"selector":{"controlType":"sap.m.GenericTile","properties":{"header":"Manage Catalogs"}},"wdio_ui5_key":"sapm.GenericTile{\"header\":\"Manage Catalogs\"}"}]}
RESULT: {"script":"<script> [1562 bytes]","args":[{"selector":{"controlType":"sap.m.GenericTile","properties":{"header":"Manage Catalogs"}},"wdio_ui5_key":"sapm.GenericTile{\"header\":\"Manage Catalogs\"}"}]}
RESULT: undefined
COMMAND: POST /session/f7dda4deea86e37c44fc2a10a2b2b70a/element - {"using":"xpath","value":"//*[@id=\"__tile37\"]"}
RESULT: {"using":"xpath","value":"//*[@id=\"__tile37\"]"}
COMMAND: POST /session/f7dda4deea86e37c44fc2a10a2b2b70a/element/f.30820BDFF87FD38C1A457C97C4719E16.d.8E3ED5E4A7F4C2293195862A7EDA5B1F.e.6994/click - {}
RESULT: {}
COMMAND: GET /session/f7dda4deea86e37c44fc2a10a2b2b70a/screenshot - {}
RESULT: {}
COMMAND: POST /session/f7dda4deea86e37c44fc2a10a2b2b70a/elements - {"using":"xpath","value":"//span[text()='Error']"}
RESULT: {"using":"xpath","value":"//span[text()='Error']"}
COMMAND: POST /session/f7dda4deea86e37c44fc2a10a2b2b70a/execute/async - {"script":"<script> [1562 bytes]","args":[{"selector":{"controlType":"sap.m.Text","viewName":"etm.portal.ui.managecatalogs.view.MasterCatalogs","viewId":"application-managecatalogs-display-component---masterCatalogs","bindingPath":{"path":"/Catalogs('0D7502D073D53A0F1700BE067B89AFF9')","propertyPath":"DESCRIPTION","modelName":"catalogModel"}},"wdio_ui5_key":"etmportal.ui.managecatalogs.view.MasterCatalogssap.m.Text{\"path\":\"/Catalogs('0D7502D073D53A0F1700BE067B89AFF9')\",\"propertyPath\":\"DESCRIPTION\",\"modelName\":\"catalogModel\"}"}]}
RESULT: {"script":"<script> [1562 bytes]","args":[{"selector":{"controlType":"sap.m.Text","viewName":"etm.portal.ui.managecatalogs.view.MasterCatalogs","viewId":"application-managecatalogs-display-component---masterCatalogs","bindingPath":{"path":"/Catalogs('0D7502D073D53A0F1700BE067B89AFF9')","propertyPath":"DESCRIPTION","modelName":"catalogModel"}},"wdio_ui5_key":"etmportal.ui.managecatalogs.view.MasterCatalogssap.m.Text{\"path\":\"/Catalogs('0D7502D073D53A0F1700BE067B89AFF9')\",\"propertyPath\":\"DESCRIPTION\",\"modelName\":\"catalogModel\"}"}]}
RESULT: undefined
COMMAND: POST /session/f7dda4deea86e37c44fc2a10a2b2b70a/element - {"using":"xpath","value":"//*[@id=\"__text434-application-managecatalogs-display-component---masterCatalogs--CatalogsTable-11\"]"}
RESULT: {"using":"xpath","value":"//*[@id=\"__text434-application-managecatalogs-display-component---masterCatalogs--CatalogsTable-11\"]"}
COMMAND: POST /session/f7dda4deea86e37c44fc2a10a2b2b70a/element/f.30820BDFF87FD38C1A457C97C4719E16.d.8E3ED5E4A7F4C2293195862A7EDA5B1F.e.7064/click - {}
RESULT: {}
COMMAND: POST /session/f7dda4deea86e37c44fc2a10a2b2b70a/execute/async - {"script":"<script> [1562 bytes]","args":[{"selector":{"controlType":"sap.ui.layout.HorizontalLayout","viewName":"etm.portal.ui.managecatalogs.view.MasterItems","viewId":"application-managecatalogs-display-component---masterCatalogItems","ancestor":{"id":"application-managecatalogs-display-component---masterCatalogItems--idCatalogItemsTree-rows-row0"}},"wdio_ui5_key":"etmportal.ui.managecatalogs.view.MasterItemssap.ui.layout.HorizontalLayout{\"id\":\"application-managecatalogs-display-component---masterCatalogItems--idCatalogItemsTree-rows-row0\"}"}]}
COMMAND: GET /session/f7dda4deea86e37c44fc2a10a2b2b70a/screenshot - {}
RESULT: {"script":"<script> [1562 bytes]","args":[{"selector":{"controlType":"sap.ui.layout.HorizontalLayout","viewName":"etm.portal.ui.managecatalogs.view.MasterItems","viewId":"application-managecatalogs-display-component---masterCatalogItems","ancestor":{"id":"application-managecatalogs-display-component---masterCatalogItems--idCatalogItemsTree-rows-row0"}},"wdio_ui5_key":"etmportal.ui.managecatalogs.view.MasterItemssap.ui.layout.HorizontalLayout{\"id\":\"application-managecatalogs-display-component---masterCatalogItems--idCatalogItemsTree-rows-row0\"}"}]}
RESULT: undefined
COMMAND: POST /session/f7dda4deea86e37c44fc2a10a2b2b70a/element - {"using":"xpath","value":"//*[@id=\"__layout40-__clone388\"]"}
RESULT: {}
RESULT: {"using":"xpath","value":"//*[@id=\"__layout40-__clone388\"]"}
COMMAND: POST /session/f7dda4deea86e37c44fc2a10a2b2b70a/element/f.30820BDFF87FD38C1A457C97C4719E16.d.8E3ED5E4A7F4C2293195862A7EDA5B1F.e.7074/click - {}
RESULT: {}
COMMAND: GET /session/f7dda4deea86e37c44fc2a10a2b2b70a/screenshot - {}
COMMAND: POST /session/f7dda4deea86e37c44fc2a10a2b2b70a/execute/async - {"script":"<script> [1562 bytes]","args":[{"selector":{"controlType":"sap.m.Button","viewName":"etm.portal.ui.managecatalogs.view.Detail","viewId":"application-managecatalogs-display-component---detailCatalog","i18NText":{"propertyName":"text","key":"edit"},"interaction":{"idSuffix":"BDI-content"}},"wdio_ui5_key":"etmportal.ui.managecatalogs.view.Detailsap.m.Button{\"propertyName\":\"text\",\"key\":\"edit\"}"}]}
RESULT: {}
RESULT: {"script":"<script> [1562 bytes]","args":[{"selector":{"controlType":"sap.m.Button","viewName":"etm.portal.ui.managecatalogs.view.Detail","viewId":"application-managecatalogs-display-component---detailCatalog","i18NText":{"propertyName":"text","key":"edit"},"interaction":{"idSuffix":"BDI-content"}},"wdio_ui5_key":"etmportal.ui.managecatalogs.view.Detailsap.m.Button{\"propertyName\":\"text\",\"key\":\"edit\"}"}]}
RESULT: undefined
COMMAND: POST /session/f7dda4deea86e37c44fc2a10a2b2b70a/element - {"using":"xpath","value":"//*[@id=\"__button88\"]"}
RESULT: {"using":"xpath","value":"//*[@id=\"__button88\"]"}
COMMAND: POST /session/f7dda4deea86e37c44fc2a10a2b2b70a/element/f.30820BDFF87FD38C1A457C97C4719E16.d.8E3ED5E4A7F4C2293195862A7EDA5B1F.e.7157/click - {}
RESULT: {}
COMMAND: GET /session/f7dda4deea86e37c44fc2a10a2b2b70a/screenshot - {}
RESULT: {}
COMMAND: POST /session/f7dda4deea86e37c44fc2a10a2b2b70a/element - {"using":"xpath","value":"//bdi[contains(text(), \"Unlock\")]"}
RESULT: {"using":"xpath","value":"//bdi[contains(text(), \"Unlock\")]"}
COMMAND: POST /session/f7dda4deea86e37c44fc2a10a2b2b70a/elements - {"using":"xpath","value":"//bdi[contains(text(), \"Unlock\")]"}
RESULT: {"using":"xpath","value":"//bdi[contains(text(), \"Unlock\")]"}
COMMAND: POST /session/f7dda4deea86e37c44fc2a10a2b2b70a/execute/async - {"script":"<script> [1562 bytes]","args":[{"selector":{"controlType":"sap.ui.core.Icon","viewName":"etm.portal.ui.managecatalogs.view.Detail","viewId":"application-managecatalogs-display-component---detailCatalog","properties":{"src":{"regex":{"source":"add\\-folder"}}}},"wdio_ui5_key":"etmportal.ui.managecatalogs.view.Detailsap.ui.core.Icon{\"src\":{\"regex\":{\"source\":\"add\\\\-folder\"}}}"}]}
RESULT: {"script":"<script> [1562 bytes]","args":[{"selector":{"controlType":"sap.ui.core.Icon","viewName":"etm.portal.ui.managecatalogs.view.Detail","viewId":"application-managecatalogs-display-component---detailCatalog","properties":{"src":{"regex":{"source":"add\\-folder"}}}},"wdio_ui5_key":"etmportal.ui.managecatalogs.view.Detailsap.ui.core.Icon{\"src\":{\"regex\":{\"source\":\"add\\\\-folder\"}}}"}]}
RESULT: undefined
COMMAND: POST /session/f7dda4deea86e37c44fc2a10a2b2b70a/element - {"using":"xpath","value":"//*[@id=\"__button96-img\"]"}
RESULT: {"using":"xpath","value":"//*[@id=\"__button96-img\"]"}
COMMAND: POST /session/f7dda4deea86e37c44fc2a10a2b2b70a/element/f.30820BDFF87FD38C1A457C97C4719E16.d.8E3ED5E4A7F4C2293195862A7EDA5B1F.e.7166/click - {}
RESULT: {}
COMMAND: GET /session/f7dda4deea86e37c44fc2a10a2b2b70a/screenshot - {}
RESULT: {}
COMMAND: POST /session/f7dda4deea86e37c44fc2a10a2b2b70a/execute/async - {"script":"<script> [1562 bytes]","args":[{"selector":{"id":"application-managecatalogs-display-component---detailCatalog--numberInput","searchOpenDialogs":true,"interaction":{"idSuffix":"inner"}},"wdio_ui5_key":"applicationmanagecatalogs-display-component---detailCatalog--numberInput"}]}
RESULT: {"script":"<script> [1562 bytes]","args":[{"selector":{"id":"application-managecatalogs-display-component---detailCatalog--numberInput","searchOpenDialogs":true,"interaction":{"idSuffix":"inner"}},"wdio_ui5_key":"applicationmanagecatalogs-display-component---detailCatalog--numberInput"}]}
RESULT: undefined
COMMAND: POST /session/f7dda4deea86e37c44fc2a10a2b2b70a/execute/async - {"script":"<script> [776 bytes]","args":[{"enterText":"Sectionsvmzxj","selector":{"id":"application-managecatalogs-display-component---detailCatalog--numberInput","searchOpenDialogs":true,"interaction":{"idSuffix":"inner"}},"clearTextFirst":true,"interactionType":"ENTER_TEXT"}]}
RESULT: {"script":"<script> [776 bytes]","args":[{"enterText":"Sectionsvmzxj","selector":{"id":"application-managecatalogs-display-component---detailCatalog--numberInput","searchOpenDialogs":true,"interaction":{"idSuffix":"inner"}},"clearTextFirst":true,"interactionType":"ENTER_TEXT"}]}
COMMAND: POST /session/f7dda4deea86e37c44fc2a10a2b2b70a/element - {"using":"css selector","value":"#application-managecatalogs-display-component---detailCatalog--nameInput-inner"}
RESULT: {"using":"css selector","value":"#application-managecatalogs-display-component---detailCatalog--nameInput-inner"}
COMMAND: POST /session/f7dda4deea86e37c44fc2a10a2b2b70a/elements - {"using":"css selector","value":"#application-managecatalogs-display-component---detailCatalog--nameInput-inner"}
RESULT: {"using":"css selector","value":"#application-managecatalogs-display-component---detailCatalog--nameInput-inner"}
COMMAND: POST /session/f7dda4deea86e37c44fc2a10a2b2b70a/element/f.30820BDFF87FD38C1A457C97C4719E16.d.8E3ED5E4A7F4C2293195862A7EDA5B1F.e.7170/clear - {}
RESULT: {}
COMMAND: POST /session/f7dda4deea86e37c44fc2a10a2b2b70a/element/f.30820BDFF87FD38C1A457C97C4719E16.d.8E3ED5E4A7F4C2293195862A7EDA5B1F.e.7170/value - {"text":"Webdriverp5o0m"}
COMMAND: GET /session/f7dda4deea86e37c44fc2a10a2b2b70a/screenshot - {}
RESULT: {"text":"Webdriverp5o0m"}
COMMAND: POST /session/f7dda4deea86e37c44fc2a10a2b2b70a/execute/async - {"script":"<script> [1562 bytes]","args":[{"selector":{"controlType":"sap.m.Button","viewName":"etm.portal.ui.managecatalogs.view.Detail","viewId":"application-managecatalogs-display-component---detailCatalog","i18NText":{"propertyName":"text","key":"create"},"searchOpenDialogs":true,"interaction":{"idSuffix":"BDI-content"}},"wdio_ui5_key":"etmportal.ui.managecatalogs.view.Detailsap.m.Button{\"propertyName\":\"text\",\"key\":\"create\"}"}]}
COMMAND: GET /session/f7dda4deea86e37c44fc2a10a2b2b70a/screenshot - {}
RESULT: {}
RESULT: {"script":"<script> [1562 bytes]","args":[{"selector":{"controlType":"sap.m.Button","viewName":"etm.portal.ui.managecatalogs.view.Detail","viewId":"application-managecatalogs-display-component---detailCatalog","i18NText":{"propertyName":"text","key":"create"},"searchOpenDialogs":true,"interaction":{"idSuffix":"BDI-content"}},"wdio_ui5_key":"etmportal.ui.managecatalogs.view.Detailsap.m.Button{\"propertyName\":\"text\",\"key\":\"create\"}"}]}
RESULT: undefined
COMMAND: POST /session/f7dda4deea86e37c44fc2a10a2b2b70a/element - {"using":"xpath","value":"//*[@id=\"__button66\"]"}
RESULT: {}
RESULT: {"using":"xpath","value":"//*[@id=\"__button66\"]"}
COMMAND: POST /session/f7dda4deea86e37c44fc2a10a2b2b70a/element/f.30820BDFF87FD38C1A457C97C4719E16.d.8E3ED5E4A7F4C2293195862A7EDA5B1F.e.7175/click - {}
RESULT: {}
COMMAND: GET /session/f7dda4deea86e37c44fc2a10a2b2b70a/screenshot - {}
RESULT: {}
COMMAND: POST /session/f7dda4deea86e37c44fc2a10a2b2b70a/element - {"using":"xpath","value":"//button[@title=\"Save\"]"}
RESULT: {"using":"xpath","value":"//button[@title=\"Save\"]"}
COMMAND: POST /session/f7dda4deea86e37c44fc2a10a2b2b70a/element/f.30820BDFF87FD38C1A457C97C4719E16.d.8E3ED5E4A7F4C2293195862A7EDA5B1F.e.7176/click - {}
RESULT: {}
COMMAND: POST /session/f7dda4deea86e37c44fc2a10a2b2b70a/execute/async - {"script":"<script> [1562 bytes]","args":[{"selector":{"controlType":"sap.ui.core.Icon","viewName":"etm.portal.ui.managecatalogs.view.Detail","viewId":"application-managecatalogs-display-component---detailCatalog","properties":{"src":{"regex":{"source":"decline"}}}},"wdio_ui5_key":"etmportal.ui.managecatalogs.view.Detailsap.ui.core.Icon{\"src\":{\"regex\":{\"source\":\"decline\"}}}"}]}
COMMAND: GET /session/f7dda4deea86e37c44fc2a10a2b2b70a/screenshot - {}
RESULT: {"script":"<script> [1562 bytes]","args":[{"selector":{"controlType":"sap.ui.core.Icon","viewName":"etm.portal.ui.managecatalogs.view.Detail","viewId":"application-managecatalogs-display-component---detailCatalog","properties":{"src":{"regex":{"source":"decline"}}}},"wdio_ui5_key":"etmportal.ui.managecatalogs.view.Detailsap.ui.core.Icon{\"src\":{\"regex\":{\"source\":\"decline\"}}}"}]}
RESULT: undefined
COMMAND: POST /session/f7dda4deea86e37c44fc2a10a2b2b70a/element - {"using":"xpath","value":"//*[@id=\"__button91-img\"]"}
RESULT: {}
RESULT: {"using":"xpath","value":"//*[@id=\"__button91-img\"]"}
COMMAND: POST /session/f7dda4deea86e37c44fc2a10a2b2b70a/element/f.30820BDFF87FD38C1A457C97C4719E16.d.8E3ED5E4A7F4C2293195862A7EDA5B1F.e.7183/click - {}
RESULT: {}
COMMAND: GET /session/f7dda4deea86e37c44fc2a10a2b2b70a/screenshot - {}
RESULT: {}
COMMAND: POST /session/f7dda4deea86e37c44fc2a10a2b2b70a/execute/async - {"script":"<script> [1562 bytes]","args":[{"selector":{"controlType":"sap.ui.core.Icon","viewName":"etm.portal.ui.managecatalogs.view.MasterItems","viewId":"application-managecatalogs-display-component---masterCatalogItems","properties":{"src":{"regex":{"source":"refresh"}}}},"wdio_ui5_key":"etmportal.ui.managecatalogs.view.MasterItemssap.ui.core.Icon{\"src\":{\"regex\":{\"source\":\"refresh\"}}}"}]}
RESULT: {"script":"<script> [1562 bytes]","args":[{"selector":{"controlType":"sap.ui.core.Icon","viewName":"etm.portal.ui.managecatalogs.view.MasterItems","viewId":"application-managecatalogs-display-component---masterCatalogItems","properties":{"src":{"regex":{"source":"refresh"}}}},"wdio_ui5_key":"etmportal.ui.managecatalogs.view.MasterItemssap.ui.core.Icon{\"src\":{\"regex\":{\"source\":\"refresh\"}}}"}]}
RESULT: undefined
COMMAND: POST /session/f7dda4deea86e37c44fc2a10a2b2b70a/element - {"using":"xpath","value":"//*[@id=\"__button64-img\"]"}
RESULT: {"using":"xpath","value":"//*[@id=\"__button64-img\"]"}
COMMAND: POST /session/f7dda4deea86e37c44fc2a10a2b2b70a/element/f.30820BDFF87FD38C1A457C97C4719E16.d.8E3ED5E4A7F4C2293195862A7EDA5B1F.e.7216/click - {}
RESULT: {}
COMMAND: POST /session/f7dda4deea86e37c44fc2a10a2b2b70a/execute/async - {"script":"<script> [1562 bytes]","args":[{"selector":{"id":"application-managecatalogs-display-component---masterCatalogItems--searchItemsField","interaction":{"idSuffix":"I"}},"wdio_ui5_key":"applicationmanagecatalogs-display-component---masterCatalogItems--searchItemsField"}]}
COMMAND: GET /session/f7dda4deea86e37c44fc2a10a2b2b70a/screenshot - {}
RESULT: {"script":"<script> [1562 bytes]","args":[{"selector":{"id":"application-managecatalogs-display-component---masterCatalogItems--searchItemsField","interaction":{"idSuffix":"I"}},"wdio_ui5_key":"applicationmanagecatalogs-display-component---masterCatalogItems--searchItemsField"}]}
RESULT: undefined
COMMAND: POST /session/f7dda4deea86e37c44fc2a10a2b2b70a/execute/async - {"script":"<script> [776 bytes]","args":[{"enterText":"Webdriverp5o0m","selector":{"id":"application-managecatalogs-display-component---masterCatalogItems--searchItemsField","interaction":{"idSuffix":"I"}},"clearTextFirst":true,"interactionType":"ENTER_TEXT"}]}
RESULT: {}
RESULT: {"script":"<script> [776 bytes]","args":[{"enterText":"Webdriverp5o0m","selector":{"id":"application-managecatalogs-display-component---masterCatalogItems--searchItemsField","interaction":{"idSuffix":"I"}},"clearTextFirst":true,"interactionType":"ENTER_TEXT"}]}
COMMAND: POST /session/f7dda4deea86e37c44fc2a10a2b2b70a/actions - {"actions":[{"id":"action48","type":"key","parameters":{},"actions":[{"type":"keyDown","value":""},{"type":"pause","duration":10},{"type":"keyUp","value":""}]}]}
RESULT: {"actions":[{"id":"action48","type":"key","parameters":{},"actions":[{"type":"keyDown","value":""},{"type":"pause","duration":10},{"type":"keyUp","value":""}]}]}
COMMAND: POST /session/f7dda4deea86e37c44fc2a10a2b2b70a/element - {"using":"xpath","value":"(//span[contains(text(), \"Webdriverp5o0m\")])[1]"}
COMMAND: GET /session/f7dda4deea86e37c44fc2a10a2b2b70a/screenshot - {}
RESULT: {"using":"xpath","value":"(//span[contains(text(), \"Webdriverp5o0m\")])[1]"}
COMMAND: POST /session/f7dda4deea86e37c44fc2a10a2b2b70a/element/f.30820BDFF87FD38C1A457C97C4719E16.d.8E3ED5E4A7F4C2293195862A7EDA5B1F.e.7219/click - {}
RESULT: {}
RESULT: {}
COMMAND: GET /session/f7dda4deea86e37c44fc2a10a2b2b70a/screenshot - {}
RESULT: {}
RESULT: undefined
COMMAND: POST /session/f7dda4deea86e37c44fc2a10a2b2b70a/element - {"using":"xpath","value":"//*[@id=\"__button88\"]"}
RESULT: {"using":"xpath","value":"//*[@id=\"__button88\"]"}
COMMAND: POST /session/f7dda4deea86e37c44fc2a10a2b2b70a/element/f.30820BDFF87FD38C1A457C97C4719E16.d.8E3ED5E4A7F4C2293195862A7EDA5B1F.e.7256/click - {}
RESULT: {}
COMMAND: GET /session/f7dda4deea86e37c44fc2a10a2b2b70a/screenshot - {}
RESULT: {}
RESULT: undefined
COMMAND: POST /session/f7dda4deea86e37c44fc2a10a2b2b70a/element - {"using":"xpath","value":"//*[@id=\"__button96-img\"]"}
RESULT: {"using":"xpath","value":"//*[@id=\"__button96-img\"]"}
COMMAND: POST /session/f7dda4deea86e37c44fc2a10a2b2b70a/element/f.30820BDFF87FD38C1A457C97C4719E16.d.8E3ED5E4A7F4C2293195862A7EDA5B1F.e.7305/click - {}
RESULT: {}
COMMAND: GET /session/f7dda4deea86e37c44fc2a10a2b2b70a/screenshot - {}
RESULT: {}
RESULT: undefined
COMMAND: POST /session/f7dda4deea86e37c44fc2a10a2b2b70a/execute/async - {"script":"<script> [776 bytes]","args":[{"enterText":"SecondSectionnb2p7","selector":{"id":"application-managecatalogs-display-component---detailCatalog--numberInput","searchOpenDialogs":true,"interaction":{"idSuffix":"inner"}},"clearTextFirst":true,"interactionType":"ENTER_TEXT"}]}
RESULT: {"script":"<script> [776 bytes]","args":[{"enterText":"SecondSectionnb2p7","selector":{"id":"application-managecatalogs-display-component---detailCatalog--numberInput","searchOpenDialogs":true,"interaction":{"idSuffix":"inner"}},"clearTextFirst":true,"interactionType":"ENTER_TEXT"}]}
COMMAND: POST /session/f7dda4deea86e37c44fc2a10a2b2b70a/element - {"using":"xpath","value":"//input[contains(@id ,\"application-managecatalogs-display-component---detailCatalog--nameInput-inner\")]"}
RESULT: {"using":"xpath","value":"//input[contains(@id ,\"application-managecatalogs-display-component---detailCatalog--nameInput-inner\")]"}
COMMAND: POST /session/f7dda4deea86e37c44fc2a10a2b2b70a/elements - {"using":"xpath","value":"//input[contains(@id ,\"application-managecatalogs-display-component---detailCatalog--nameInput-inner\")]"}
RESULT: {"using":"xpath","value":"//input[contains(@id ,\"application-managecatalogs-display-component---detailCatalog--nameInput-inner\")]"}
COMMAND: POST /session/f7dda4deea86e37c44fc2a10a2b2b70a/element/f.30820BDFF87FD38C1A457C97C4719E16.d.8E3ED5E4A7F4C2293195862A7EDA5B1F.e.7309/clear - {}
RESULT: {}
COMMAND: POST /session/f7dda4deea86e37c44fc2a10a2b2b70a/element/f.30820BDFF87FD38C1A457C97C4719E16.d.8E3ED5E4A7F4C2293195862A7EDA5B1F.e.7309/value - {"text":"webdriversecond3q196"}
COMMAND: GET /session/f7dda4deea86e37c44fc2a10a2b2b70a/screenshot - {}
RESULT: {"text":"webdriversecond3q196"}
RESULT: undefined
COMMAND: POST /session/f7dda4deea86e37c44fc2a10a2b2b70a/element - {"using":"xpath","value":"//*[@id=\"__button66\"]"}
COMMAND: GET /session/f7dda4deea86e37c44fc2a10a2b2b70a/screenshot - {}
RESULT: {}
RESULT: {"using":"xpath","value":"//*[@id=\"__button66\"]"}
COMMAND: POST /session/f7dda4deea86e37c44fc2a10a2b2b70a/element/f.30820BDFF87FD38C1A457C97C4719E16.d.8E3ED5E4A7F4C2293195862A7EDA5B1F.e.7313/click - {}
RESULT: {}
RESULT: {}
COMMAND: GET /session/f7dda4deea86e37c44fc2a10a2b2b70a/screenshot - {}
RESULT: {}
COMMAND: POST /session/f7dda4deea86e37c44fc2a10a2b2b70a/element - {"using":"xpath","value":"//button[@title=\"Save\"]"}
RESULT: {"using":"xpath","value":"//button[@title=\"Save\"]"}
COMMAND: POST /session/f7dda4deea86e37c44fc2a10a2b2b70a/element/f.30820BDFF87FD38C1A457C97C4719E16.d.8E3ED5E4A7F4C2293195862A7EDA5B1F.e.7290/click - {}
RESULT: {}
COMMAND: GET /session/f7dda4deea86e37c44fc2a10a2b2b70a/screenshot - {}
RESULT: {}
RESULT: undefined
COMMAND: POST /session/f7dda4deea86e37c44fc2a10a2b2b70a/element - {"using":"xpath","value":"//*[@id=\"__button91-img\"]"}
RESULT: {"using":"xpath","value":"//*[@id=\"__button91-img\"]"}
COMMAND: POST /session/f7dda4deea86e37c44fc2a10a2b2b70a/element/f.30820BDFF87FD38C1A457C97C4719E16.d.8E3ED5E4A7F4C2293195862A7EDA5B1F.e.7263/click - {}
RESULT: {}
COMMAND: GET /session/f7dda4deea86e37c44fc2a10a2b2b70a/screenshot - {}
RESULT: {}
RESULT: undefined
COMMAND: POST /session/f7dda4deea86e37c44fc2a10a2b2b70a/element - {"using":"xpath","value":"//*[@id=\"__button64-img\"]"}
RESULT: {"using":"xpath","value":"//*[@id=\"__button64-img\"]"}
COMMAND: POST /session/f7dda4deea86e37c44fc2a10a2b2b70a/element/f.30820BDFF87FD38C1A457C97C4719E16.d.8E3ED5E4A7F4C2293195862A7EDA5B1F.e.7351/click - {}
RESULT: {}
COMMAND: GET /session/f7dda4deea86e37c44fc2a10a2b2b70a/screenshot - {}
RESULT: {}
RESULT: undefined
COMMAND: POST /session/f7dda4deea86e37c44fc2a10a2b2b70a/execute/async - {"script":"<script> [776 bytes]","args":[{"enterText":"SecondSectionnb2p7","selector":{"id":"application-managecatalogs-display-component---masterCatalogItems--searchItemsField","interaction":{"idSuffix":"I"}},"clearTextFirst":true,"interactionType":"ENTER_TEXT"}]}
RESULT: {"script":"<script> [776 bytes]","args":[{"enterText":"SecondSectionnb2p7","selector":{"id":"application-managecatalogs-display-component---masterCatalogItems--searchItemsField","interaction":{"idSuffix":"I"}},"clearTextFirst":true,"interactionType":"ENTER_TEXT"}]}
COMMAND: POST /session/f7dda4deea86e37c44fc2a10a2b2b70a/actions - {"actions":[{"id":"action49","type":"key","parameters":{},"actions":[{"type":"keyDown","value":""},{"type":"pause","duration":10},{"type":"keyUp","value":""}]}]}
RESULT: {"actions":[{"id":"action49","type":"key","parameters":{},"actions":[{"type":"keyDown","value":""},{"type":"pause","duration":10},{"type":"keyUp","value":""}]}]}
COMMAND: POST /session/f7dda4deea86e37c44fc2a10a2b2b70a/element - {"using":"xpath","value":"(//span[contains(text(), \"SecondSectionnb2p7\")])[1]"}
COMMAND: GET /session/f7dda4deea86e37c44fc2a10a2b2b70a/screenshot - {}
RESULT: {"using":"xpath","value":"(//span[contains(text(), \"SecondSectionnb2p7\")])[1]"}
COMMAND: POST /session/f7dda4deea86e37c44fc2a10a2b2b70a/element/f.30820BDFF87FD38C1A457C97C4719E16.d.8E3ED5E4A7F4C2293195862A7EDA5B1F.e.7354/click - {}
RESULT: {}
RESULT: {}
COMMAND: POST /session/f7dda4deea86e37c44fc2a10a2b2b70a/element - {"using":"xpath","value":"(//span[contains(text(), \"SecondSectionnb2p7\")])[1]"}
COMMAND: GET /session/f7dda4deea86e37c44fc2a10a2b2b70a/screenshot - {}
RESULT: {"using":"xpath","value":"(//span[contains(text(), \"SecondSectionnb2p7\")])[1]"}
COMMAND: GET /session/f7dda4deea86e37c44fc2a10a2b2b70a/element/f.30820BDFF87FD38C1A457C97C4719E16.d.8E3ED5E4A7F4C2293195862A7EDA5B1F.e.7354/text - {}
RESULT: {}
COMMAND: POST /session/f7dda4deea86e37c44fc2a10a2b2b70a/element - {"using":"xpath","value":"(//span[contains(text(), \"SecondSectionnb2p7\")])[1]"}
RESULT: {"using":"xpath","value":"(//span[contains(text(), \"SecondSectionnb2p7\")])[1]"}
COMMAND: GET /session/f7dda4deea86e37c44fc2a10a2b2b70a/element/f.30820BDFF87FD38C1A457C97C4719E16.d.8E3ED5E4A7F4C2293195862A7EDA5B1F.e.7354/text - {}
COMMAND: POST /session/f7dda4deea86e37c44fc2a10a2b2b70a/element - {"using":"xpath","value":"(//span[contains(text(), \"SecondSectionnb2p7\")])[1]"}
RESULT: {"using":"xpath","value":"(//span[contains(text(), \"SecondSectionnb2p7\")])[1]"}
COMMAND: GET /session/f7dda4deea86e37c44fc2a10a2b2b70a/element/f.30820BDFF87FD38C1A457C97C4719E16.d.8E3ED5E4A7F4C2293195862A7EDA5B1F.e.7406/text - {}
RESULT: {}
COMMAND: POST /session/f7dda4deea86e37c44fc2a10a2b2b70a/refresh - {}
RESULT: {}
COMMAND: GET /session/f7dda4deea86e37c44fc2a10a2b2b70a/screenshot - {}
RESULT: {}
COMMAND: POST /session/f7dda4deea86e37c44fc2a10a2b2b70a/execute/async - {"script":"<script> [189 bytes]","args":[]}
RESULT: {"script":"<script> [189 bytes]","args":[]}
COMMAND: POST /session/f7dda4deea86e37c44fc2a10a2b2b70a/execute/async - {"script":"<script> [123 bytes]","args":[]}
RESULT: {"script":"<script> [123 bytes]","args":[]}
COMMAND: POST /session/f7dda4deea86e37c44fc2a10a2b2b70a/timeouts - {"script":"<number>"}
RESULT: {"script":"<number>"}
COMMAND: GET /session/f7dda4deea86e37c44fc2a10a2b2b70a/timeouts - {}
RESULT: {}
RESULT: undefined
COMMAND: POST /session/f7dda4deea86e37c44fc2a10a2b2b70a/execute/async - {"script":"<script> [2676 bytes]","args":[]}
RESULT: {"script":"<script> [2676 bytes]","args":[]}
COMMAND: POST /session/f7dda4deea86e37c44fc2a10a2b2b70a/execute/async - {"script":"<script> [2342 bytes]","args":[{"protocol":"http","hostname":"0.0.0.0","path":"/","capabilities":{"browserName":"chrome","goog:chromeOptions":{"binary":"C:\\Program Files\\Google\\Chrome\\Application\\chrome.exe","args":["--start-maximized"]}},"logLevel":"warn","connectionRetryTimeout":120000,"connectionRetryCount":3,"logLevels":{},"enableDirectConnect":true,"strictSSL":true,"_":"65 more keys: [\"cacheDir\",\"port\",\"requestedCapabilities\",\"automationProtocol\",\"baseUrl\",\"waitforInterval\",\"waitforTimeout\",\"onReload\",\"beforeCommand\",\"afterCommand\",\"rootDir\",\"specs\",\"suites\",\"exclude\",\"groupLogsByTestSpec\",\"excludeDriverLogs\",\"bail\",\"framework\",\"reporters\",\"services\",\"maxInstances\",\"maxInstancesPerCapability\",\"injectGlobals\",\"filesToWatch\",\"execArgv\",\"runnerEnv\",\"runner\",\"shard\",\"specFileRetries\",\"specFileRetriesDelay\",\"specFileRetriesDeferred\",\"reporterSyncInterval\",\"reporterSyncTimeout\",\"cucumberFeaturesWithLineNumbers\",\"autoCompileOpts\",\"mochaOpts\",\"jasmineOpts\",\"cucumberOpts\",\"onPrepare\",\"onWorkerStart\",\"onWorkerEnd\",\"before\",\"beforeSession\",\"beforeSuite\",\"beforeHook\",\"beforeTest\",\"afterTest\",\"afterHook\",\"afterSuite\",\"afterSession\",\"after\",\"onComplete\",\"beforeAssertion\",\"afterAssertion\",\"beforeFeature\",\"beforeScenario\",\"beforeStep\",\"afterStep\",\"afterScenario\",\"afterFeature\",\"_\",\"suite\",\"$0\",\"ignoredWorkerServices\",\"wdi5\"]"}]}
RESULT: {"script":"<script> [2342 bytes]","args":[{"protocol":"http","hostname":"0.0.0.0","path":"/","capabilities":{"browserName":"chrome","goog:chromeOptions":{"binary":"C:\\Program Files\\Google\\Chrome\\Application\\chrome.exe","args":["--start-maximized"]}},"logLevel":"warn","connectionRetryTimeout":120000,"connectionRetryCount":3,"logLevels":{},"enableDirectConnect":true,"strictSSL":true,"_":"65 more keys: [\"cacheDir\",\"port\",\"requestedCapabilities\",\"automationProtocol\",\"baseUrl\",\"waitforInterval\",\"waitforTimeout\",\"onReload\",\"beforeCommand\",\"afterCommand\",\"rootDir\",\"specs\",\"suites\",\"exclude\",\"groupLogsByTestSpec\",\"excludeDriverLogs\",\"bail\",\"framework\",\"reporters\",\"services\",\"maxInstances\",\"maxInstancesPerCapability\",\"injectGlobals\",\"filesToWatch\",\"execArgv\",\"runnerEnv\",\"runner\",\"shard\",\"specFileRetries\",\"specFileRetriesDelay\",\"specFileRetriesDeferred\",\"reporterSyncInterval\",\"reporterSyncTimeout\",\"cucumberFeaturesWithLineNumbers\",\"autoCompileOpts\",\"mochaOpts\",\"jasmineOpts\",\"cucumberOpts\",\"onPrepare\",\"onWorkerStart\",\"onWorkerEnd\",\"before\",\"beforeSession\",\"beforeSuite\",\"beforeHook\",\"beforeTest\",\"afterTest\",\"afterHook\",\"afterSuite\",\"afterSession\",\"after\",\"onComplete\",\"beforeAssertion\",\"afterAssertion\",\"beforeFeature\",\"beforeScenario\",\"beforeStep\",\"afterStep\",\"afterScenario\",\"afterFeature\",\"_\",\"suite\",\"$0\",\"ignoredWorkerServices\",\"wdi5\"]"}]}
COMMAND: POST /session/f7dda4deea86e37c44fc2a10a2b2b70a/execute/async - {"script":"<script> [21126 bytes]","args":[35000]}
RESULT: {"script":"<script> [21126 bytes]","args":[35000]}
COMMAND: POST /session/f7dda4deea86e37c44fc2a10a2b2b70a/execute/async - {"script":"<script> [1562 bytes]","args":[{"selector":{"controlType":"sap.m.Button","viewName":"etm.portal.ui.managecatalogs.view.Detail","viewId":"application-managecatalogs-display-component---detailCatalog","i18NText":{"propertyName":"text","key":"edit"},"interaction":{"idSuffix":"BDI-content"}},"wdio_ui5_key":"etmportal.ui.managecatalogs.view.Detailsap.m.Button{\"propertyName\":\"text\",\"key\":\"edit\"}"}]}
RESULT: {"script":"<script> [1562 bytes]","args":[{"selector":{"controlType":"sap.m.Button","viewName":"etm.portal.ui.managecatalogs.view.Detail","viewId":"application-managecatalogs-display-component---detailCatalog","i18NText":{"propertyName":"text","key":"edit"},"interaction":{"idSuffix":"BDI-content"}},"wdio_ui5_key":"etmportal.ui.managecatalogs.view.Detailsap.m.Button{\"propertyName\":\"text\",\"key\":\"edit\"}"}]}
RESULT: undefined
COMMAND: POST /session/f7dda4deea86e37c44fc2a10a2b2b70a/element - {"using":"xpath","value":"//*[@id=\"__button25\"]"}
RESULT: {"using":"xpath","value":"//*[@id=\"__button25\"]"}
COMMAND: POST /session/f7dda4deea86e37c44fc2a10a2b2b70a/element/f.30820BDFF87FD38C1A457C97C4719E16.d.5EB930103EEAF6B1248CC4F73543E508.e.7463/click - {}
RESULT: {}
COMMAND: POST /session/f7dda4deea86e37c44fc2a10a2b2b70a/execute/async - {"script":"<script> [1562 bytes]","args":[{"selector":{"controlType":"sap.ui.core.Icon","viewName":"etm.portal.ui.managecatalogs.view.Detail","viewId":"application-managecatalogs-display-component---detailCatalog","properties":{"src":{"regex":{"source":"add\\-document"}}}},"wdio_ui5_key":"etmportal.ui.managecatalogs.view.Detailsap.ui.core.Icon{\"src\":{\"regex\":{\"source\":\"add\\\\-document\"}}}"}]}
COMMAND: GET /session/f7dda4deea86e37c44fc2a10a2b2b70a/screenshot - {}
RESULT: {"script":"<script> [1562 bytes]","args":[{"selector":{"controlType":"sap.ui.core.Icon","viewName":"etm.portal.ui.managecatalogs.view.Detail","viewId":"application-managecatalogs-display-component---detailCatalog","properties":{"src":{"regex":{"source":"add\\-document"}}}},"wdio_ui5_key":"etmportal.ui.managecatalogs.view.Detailsap.ui.core.Icon{\"src\":{\"regex\":{\"source\":\"add\\\\-document\"}}}"}]}
RESULT: undefined
COMMAND: POST /session/f7dda4deea86e37c44fc2a10a2b2b70a/element - {"using":"xpath","value":"//*[@id=\"__button34-img\"]"}
RESULT: {}
RESULT: {"using":"xpath","value":"//*[@id=\"__button34-img\"]"}
COMMAND: POST /session/f7dda4deea86e37c44fc2a10a2b2b70a/element/f.30820BDFF87FD38C1A457C97C4719E16.d.5EB930103EEAF6B1248CC4F73543E508.e.7470/click - {}
RESULT: {}
COMMAND: POST /session/f7dda4deea86e37c44fc2a10a2b2b70a/execute/async - {"script":"<script> [1562 bytes]","args":[{"selector":{"id":"application-managecatalogs-display-component---detailCatalog--newItemNumberInput","searchOpenDialogs":true,"interaction":{"idSuffix":"inner"}},"wdio_ui5_key":"applicationmanagecatalogs-display-component---detailCatalog--newItemNumberInput"}]}
COMMAND: GET /session/f7dda4deea86e37c44fc2a10a2b2b70a/screenshot - {}
RESULT: {"script":"<script> [1562 bytes]","args":[{"selector":{"id":"application-managecatalogs-display-component---detailCatalog--newItemNumberInput","searchOpenDialogs":true,"interaction":{"idSuffix":"inner"}},"wdio_ui5_key":"applicationmanagecatalogs-display-component---detailCatalog--newItemNumberInput"}]}
RESULT: undefined
COMMAND: POST /session/f7dda4deea86e37c44fc2a10a2b2b70a/execute/async - {"script":"<script> [776 bytes]","args":[{"enterText":"catalogItemoyipb","selector":{"id":"application-managecatalogs-display-component---detailCatalog--newItemNumberInput","searchOpenDialogs":true,"interaction":{"idSuffix":"inner"}},"clearTextFirst":true,"interactionType":"ENTER_TEXT"}]}
RESULT: {}
RESULT: {"script":"<script> [776 bytes]","args":[{"enterText":"catalogItemoyipb","selector":{"id":"application-managecatalogs-display-component---detailCatalog--newItemNumberInput","searchOpenDialogs":true,"interaction":{"idSuffix":"inner"}},"clearTextFirst":true,"interactionType":"ENTER_TEXT"}]}
COMMAND: POST /session/f7dda4deea86e37c44fc2a10a2b2b70a/execute/async - {"script":"<script> [1562 bytes]","args":[{"selector":{"controlType":"sap.m.Input","viewName":"etm.portal.ui.managecatalogs.view.Detail","viewId":"application-managecatalogs-display-component---detailCatalog","bindingPath":{"path":"","propertyPath":"/DESCRIPTION"},"searchOpenDialogs":true,"interaction":{"idSuffix":"inner"}},"wdio_ui5_key":"etmportal.ui.managecatalogs.view.Detailsap.m.Input{\"path\":\"\",\"propertyPath\":\"/DESCRIPTION\"}"}]}
RESULT: {"script":"<script> [1562 bytes]","args":[{"selector":{"controlType":"sap.m.Input","viewName":"etm.portal.ui.managecatalogs.view.Detail","viewId":"application-managecatalogs-display-component---detailCatalog","bindingPath":{"path":"","propertyPath":"/DESCRIPTION"},"searchOpenDialogs":true,"interaction":{"idSuffix":"inner"}},"wdio_ui5_key":"etmportal.ui.managecatalogs.view.Detailsap.m.Input{\"path\":\"\",\"propertyPath\":\"/DESCRIPTION\"}"}]}
RESULT: undefined
COMMAND: POST /session/f7dda4deea86e37c44fc2a10a2b2b70a/execute/async - {"script":"<script> [776 bytes]","args":[{"enterText":"catalogItemName8xj7jj","selector":{"controlType":"sap.m.Input","viewName":"etm.portal.ui.managecatalogs.view.Detail","viewId":"application-managecatalogs-display-component---detailCatalog","bindingPath":{"path":"","propertyPath":"/DESCRIPTION"},"searchOpenDialogs":true,"interaction":{"idSuffix":"inner"}},"clearTextFirst":true,"interactionType":"ENTER_TEXT"}]}
RESULT: {"script":"<script> [776 bytes]","args":[{"enterText":"catalogItemName8xj7jj","selector":{"controlType":"sap.m.Input","viewName":"etm.portal.ui.managecatalogs.view.Detail","viewId":"application-managecatalogs-display-component---detailCatalog","bindingPath":{"path":"","propertyPath":"/DESCRIPTION"},"searchOpenDialogs":true,"interaction":{"idSuffix":"inner"}},"clearTextFirst":true,"interactionType":"ENTER_TEXT"}]}
COMMAND: POST /session/f7dda4deea86e37c44fc2a10a2b2b70a/execute/async - {"script":"<script> [1562 bytes]","args":[{"selector":{"controlType":"sap.m.Button","viewName":"etm.portal.ui.managecatalogs.view.Detail","viewId":"application-managecatalogs-display-component---detailCatalog","i18NText":{"propertyName":"text","key":"create"},"searchOpenDialogs":true,"interaction":{"idSuffix":"BDI-content"}},"wdio_ui5_key":"etmportal.ui.managecatalogs.view.Detailsap.m.Button{\"propertyName\":\"text\",\"key\":\"create\"}"}]}
RESULT: {"script":"<script> [1562 bytes]","args":[{"selector":{"controlType":"sap.m.Button","viewName":"etm.portal.ui.managecatalogs.view.Detail","viewId":"application-managecatalogs-display-component---detailCatalog","i18NText":{"propertyName":"text","key":"create"},"searchOpenDialogs":true,"interaction":{"idSuffix":"BDI-content"}},"wdio_ui5_key":"etmportal.ui.managecatalogs.view.Detailsap.m.Button{\"propertyName\":\"text\",\"key\":\"create\"}"}]}
RESULT: undefined
COMMAND: POST /session/f7dda4deea86e37c44fc2a10a2b2b70a/element - {"using":"xpath","value":"//*[@id=\"__button9\"]"}
RESULT: {"using":"xpath","value":"//*[@id=\"__button9\"]"}
COMMAND: POST /session/f7dda4deea86e37c44fc2a10a2b2b70a/element/f.30820BDFF87FD38C1A457C97C4719E16.d.5EB930103EEAF6B1248CC4F73543E508.e.7479/click - {}
RESULT: {}
COMMAND: GET /session/f7dda4deea86e37c44fc2a10a2b2b70a/screenshot - {}
RESULT: {}
COMMAND: POST /session/f7dda4deea86e37c44fc2a10a2b2b70a/element - {"using":"xpath","value":"//button[@title=\"Save\"]"}
RESULT: {"using":"xpath","value":"//button[@title=\"Save\"]"}
COMMAND: POST /session/f7dda4deea86e37c44fc2a10a2b2b70a/element/f.30820BDFF87FD38C1A457C97C4719E16.d.5EB930103EEAF6B1248CC4F73543E508.e.7480/click - {}
RESULT: {}
COMMAND: GET /session/f7dda4deea86e37c44fc2a10a2b2b70a/screenshot - {}
RESULT: {}
COMMAND: POST /session/f7dda4deea86e37c44fc2a10a2b2b70a/execute/async - {"script":"<script> [1562 bytes]","args":[{"selector":{"controlType":"sap.ui.core.Icon","viewName":"etm.portal.ui.managecatalogs.view.Detail","viewId":"application-managecatalogs-display-component---detailCatalog","properties":{"src":{"regex":{"source":"decline"}}}},"wdio_ui5_key":"etmportal.ui.managecatalogs.view.Detailsap.ui.core.Icon{\"src\":{\"regex\":{\"source\":\"decline\"}}}"}]}
RESULT: {"script":"<script> [1562 bytes]","args":[{"selector":{"controlType":"sap.ui.core.Icon","viewName":"etm.portal.ui.managecatalogs.view.Detail","viewId":"application-managecatalogs-display-component---detailCatalog","properties":{"src":{"regex":{"source":"decline"}}}},"wdio_ui5_key":"etmportal.ui.managecatalogs.view.Detailsap.ui.core.Icon{\"src\":{\"regex\":{\"source\":\"decline\"}}}"}]}
RESULT: undefined
COMMAND: POST /session/f7dda4deea86e37c44fc2a10a2b2b70a/element - {"using":"xpath","value":"//*[@id=\"__button28-img\"]"}
RESULT: {"using":"xpath","value":"//*[@id=\"__button28-img\"]"}
COMMAND: POST /session/f7dda4deea86e37c44fc2a10a2b2b70a/element/f.30820BDFF87FD38C1A457C97C4719E16.d.5EB930103EEAF6B1248CC4F73543E508.e.7485/click - {}
RESULT: {}
COMMAND: GET /session/f7dda4deea86e37c44fc2a10a2b2b70a/screenshot - {}
RESULT: {}
COMMAND: POST /session/f7dda4deea86e37c44fc2a10a2b2b70a/execute/async - {"script":"<script> [1562 bytes]","args":[{"selector":{"controlType":"sap.ui.core.Icon","viewName":"etm.portal.ui.managecatalogs.view.MasterItems","viewId":"application-managecatalogs-display-component---masterCatalogItems","properties":{"src":{"regex":{"source":"refresh"}}}},"wdio_ui5_key":"etmportal.ui.managecatalogs.view.MasterItemssap.ui.core.Icon{\"src\":{\"regex\":{\"source\":\"refresh\"}}}"}]}
RESULT: {"script":"<script> [1562 bytes]","args":[{"selector":{"controlType":"sap.ui.core.Icon","viewName":"etm.portal.ui.managecatalogs.view.MasterItems","viewId":"application-managecatalogs-display-component---masterCatalogItems","properties":{"src":{"regex":{"source":"refresh"}}}},"wdio_ui5_key":"etmportal.ui.managecatalogs.view.MasterItemssap.ui.core.Icon{\"src\":{\"regex\":{\"source\":\"refresh\"}}}"}]}
RESULT: undefined
COMMAND: POST /session/f7dda4deea86e37c44fc2a10a2b2b70a/element - {"using":"xpath","value":"//*[@id=\"__button1-img\"]"}
RESULT: {"using":"xpath","value":"//*[@id=\"__button1-img\"]"}
COMMAND: POST /session/f7dda4deea86e37c44fc2a10a2b2b70a/element/f.30820BDFF87FD38C1A457C97C4719E16.d.5EB930103EEAF6B1248CC4F73543E508.e.7494/click - {}
RESULT: {}
COMMAND: GET /session/f7dda4deea86e37c44fc2a10a2b2b70a/screenshot - {}
RESULT: {}
COMMAND: POST /session/f7dda4deea86e37c44fc2a10a2b2b70a/execute/async - {"script":"<script> [1562 bytes]","args":[{"selector":{"id":"application-managecatalogs-display-component---masterCatalogItems--searchItemsField","interaction":{"idSuffix":"I"}},"wdio_ui5_key":"applicationmanagecatalogs-display-component---masterCatalogItems--searchItemsField"}]}
RESULT: {"script":"<script> [1562 bytes]","args":[{"selector":{"id":"application-managecatalogs-display-component---masterCatalogItems--searchItemsField","interaction":{"idSuffix":"I"}},"wdio_ui5_key":"applicationmanagecatalogs-display-component---masterCatalogItems--searchItemsField"}]}
RESULT: undefined
COMMAND: POST /session/f7dda4deea86e37c44fc2a10a2b2b70a/execute/async - {"script":"<script> [776 bytes]","args":[{"enterText":"catalogItemName8xj7jj","selector":{"id":"application-managecatalogs-display-component---masterCatalogItems--searchItemsField","interaction":{"idSuffix":"I"}},"clearTextFirst":true,"interactionType":"ENTER_TEXT"}]}
RESULT: {"script":"<script> [776 bytes]","args":[{"enterText":"catalogItemName8xj7jj","selector":{"id":"application-managecatalogs-display-component---masterCatalogItems--searchItemsField","interaction":{"idSuffix":"I"}},"clearTextFirst":true,"interactionType":"ENTER_TEXT"}]}
COMMAND: POST /session/f7dda4deea86e37c44fc2a10a2b2b70a/actions - {"actions":[{"id":"action50","type":"key","parameters":{},"actions":[{"type":"keyDown","value":""},{"type":"pause","duration":10},{"type":"keyUp","value":""}]}]}
RESULT: {"actions":[{"id":"action50","type":"key","parameters":{},"actions":[{"type":"keyDown","value":""},{"type":"pause","duration":10},{"type":"keyUp","value":""}]}]}
COMMAND: POST /session/f7dda4deea86e37c44fc2a10a2b2b70a/element - {"using":"xpath","value":"(//span[contains(text(), \"catalogItemName8xj7jj\")])[1]"}
COMMAND: GET /session/f7dda4deea86e37c44fc2a10a2b2b70a/screenshot - {}
RESULT: {"using":"xpath","value":"(//span[contains(text(), \"catalogItemName8xj7jj\")])[1]"}
COMMAND: POST /session/f7dda4deea86e37c44fc2a10a2b2b70a/element/f.30820BDFF87FD38C1A457C97C4719E16.d.5EB930103EEAF6B1248CC4F73543E508.e.7529/click - {}
RESULT: {}
RESULT: {}
COMMAND: GET /session/f7dda4deea86e37c44fc2a10a2b2b70a/screenshot - {}
RESULT: {}
COMMAND: POST /session/f7dda4deea86e37c44fc2a10a2b2b70a/element - {"using":"xpath","value":"//span[contains(text(), \"catalogItemoyipb\")]"}
RESULT: {"using":"xpath","value":"//span[contains(text(), \"catalogItemoyipb\")]"}
COMMAND: GET /session/f7dda4deea86e37c44fc2a10a2b2b70a/element/f.30820BDFF87FD38C1A457C97C4719E16.d.5EB930103EEAF6B1248CC4F73543E508.e.7583/text - {}
RESULT: {}
]]></system-out>
    </testcase>
    <testcase classname="chrome.136_0_7103_93.windows.Manage_requests_-_requests_specifications_US141095" name="Should add the classification to the catalog item" time="46.218">
      <system-out><![CDATA[
RESULT: undefined
COMMAND: POST /session/f7dda4deea86e37c44fc2a10a2b2b70a/element - {"using":"xpath","value":"//*[@id=\"__button25\"]"}
RESULT: {"using":"xpath","value":"//*[@id=\"__button25\"]"}
COMMAND: POST /session/f7dda4deea86e37c44fc2a10a2b2b70a/element/f.30820BDFF87FD38C1A457C97C4719E16.d.5EB930103EEAF6B1248CC4F73543E508.e.7593/click - {}
RESULT: {}
COMMAND: GET /session/f7dda4deea86e37c44fc2a10a2b2b70a/screenshot - {}
RESULT: {}
COMMAND: POST /session/f7dda4deea86e37c44fc2a10a2b2b70a/execute/async - {"script":"<script> [1562 bytes]","args":[{"selector":{"id":"application-managecatalogs-display-component---detailCatalog--BASE_UNIT_OF_MEASURE-arrow"},"wdio_ui5_key":"applicationmanagecatalogs-display-component---detailCatalog--BASE_UNIT_OF_MEASURE-arrow"}]}
RESULT: {"script":"<script> [1562 bytes]","args":[{"selector":{"id":"application-managecatalogs-display-component---detailCatalog--BASE_UNIT_OF_MEASURE-arrow"},"wdio_ui5_key":"applicationmanagecatalogs-display-component---detailCatalog--BASE_UNIT_OF_MEASURE-arrow"}]}
RESULT: undefined
COMMAND: POST /session/f7dda4deea86e37c44fc2a10a2b2b70a/element - {"using":"xpath","value":"//*[@id=\"application-managecatalogs-display-component---detailCatalog--BASE_UNIT_OF_MEASURE-arrow\"]"}
RESULT: {"using":"xpath","value":"//*[@id=\"application-managecatalogs-display-component---detailCatalog--BASE_UNIT_OF_MEASURE-arrow\"]"}
COMMAND: POST /session/f7dda4deea86e37c44fc2a10a2b2b70a/element/f.30820BDFF87FD38C1A457C97C4719E16.d.5EB930103EEAF6B1248CC4F73543E508.e.7621/click - {}
RESULT: {}
COMMAND: POST /session/f7dda4deea86e37c44fc2a10a2b2b70a/execute/async - {"script":"<script> [1562 bytes]","args":[{"selector":{"controlType":"sap.m.StandardListItem","viewName":"etm.portal.ui.managecatalogs.view.Detail","viewId":"application-managecatalogs-display-component---detailCatalog","properties":{"title":"Piece"},"searchOpenDialogs":true,"interaction":{"idSuffix":"titleText"}},"wdio_ui5_key":"etmportal.ui.managecatalogs.view.Detailsap.m.StandardListItem{\"title\":\"Piece\"}"}]}
COMMAND: GET /session/f7dda4deea86e37c44fc2a10a2b2b70a/screenshot - {}
RESULT: {"script":"<script> [1562 bytes]","args":[{"selector":{"controlType":"sap.m.StandardListItem","viewName":"etm.portal.ui.managecatalogs.view.Detail","viewId":"application-managecatalogs-display-component---detailCatalog","properties":{"title":"Piece"},"searchOpenDialogs":true,"interaction":{"idSuffix":"titleText"}},"wdio_ui5_key":"etmportal.ui.managecatalogs.view.Detailsap.m.StandardListItem{\"title\":\"Piece\"}"}]}
RESULT: undefined
COMMAND: POST /session/f7dda4deea86e37c44fc2a10a2b2b70a/element - {"using":"xpath","value":"//*[@id=\"__item218\"]"}
RESULT: {}
RESULT: {"using":"xpath","value":"//*[@id=\"__item218\"]"}
COMMAND: POST /session/f7dda4deea86e37c44fc2a10a2b2b70a/element/f.30820BDFF87FD38C1A457C97C4719E16.d.5EB930103EEAF6B1248CC4F73543E508.e.7625/click - {}
RESULT: {}
COMMAND: POST /session/f7dda4deea86e37c44fc2a10a2b2b70a/element - {"using":"xpath","value":"//button[contains(@data-kt ,\"ClassificationAddClassButton\")]"}
COMMAND: GET /session/f7dda4deea86e37c44fc2a10a2b2b70a/screenshot - {}
RESULT: {"using":"xpath","value":"//button[contains(@data-kt ,\"ClassificationAddClassButton\")]"}
COMMAND: POST /session/f7dda4deea86e37c44fc2a10a2b2b70a/element/f.30820BDFF87FD38C1A457C97C4719E16.d.5EB930103EEAF6B1248CC4F73543E508.e.7626/click - {}
RESULT: {}
RESULT: {}
COMMAND: GET /session/f7dda4deea86e37c44fc2a10a2b2b70a/screenshot - {}
RESULT: {}
COMMAND: POST /session/f7dda4deea86e37c44fc2a10a2b2b70a/element - {"using":"xpath","value":"//input[contains(@id ,\"searchField-I\")]"}
RESULT: {"using":"xpath","value":"//input[contains(@id ,\"searchField-I\")]"}
COMMAND: POST /session/f7dda4deea86e37c44fc2a10a2b2b70a/element/f.30820BDFF87FD38C1A457C97C4719E16.d.5EB930103EEAF6B1248CC4F73543E508.e.7629/value - {"text":"WebdriverItemClassn1wdc"}
RESULT: {"text":"WebdriverItemClassn1wdc"}
COMMAND: POST /session/f7dda4deea86e37c44fc2a10a2b2b70a/actions - {"actions":[{"id":"action51","type":"key","parameters":{},"actions":[{"type":"keyDown","value":""},{"type":"pause","duration":10},{"type":"keyUp","value":""}]}]}
COMMAND: GET /session/f7dda4deea86e37c44fc2a10a2b2b70a/screenshot - {}
RESULT: {"actions":[{"id":"action51","type":"key","parameters":{},"actions":[{"type":"keyDown","value":""},{"type":"pause","duration":10},{"type":"keyUp","value":""}]}]}
COMMAND: GET /session/f7dda4deea86e37c44fc2a10a2b2b70a/screenshot - {}
RESULT: {}
RESULT: {}
COMMAND: POST /session/f7dda4deea86e37c44fc2a10a2b2b70a/element - {"using":"xpath","value":"//span[contains(text(), \"WebdriverItemClassn1wdc\")]"}
RESULT: {"using":"xpath","value":"//span[contains(text(), \"WebdriverItemClassn1wdc\")]"}
COMMAND: POST /session/f7dda4deea86e37c44fc2a10a2b2b70a/element/f.30820BDFF87FD38C1A457C97C4719E16.d.5EB930103EEAF6B1248CC4F73543E508.e.7661/click - {}
RESULT: {}
COMMAND: GET /session/f7dda4deea86e37c44fc2a10a2b2b70a/screenshot - {}
RESULT: {}
COMMAND: POST /session/f7dda4deea86e37c44fc2a10a2b2b70a/execute/async - {"script":"<script> [1562 bytes]","args":[{"selector":{"controlType":"sap.m.Button","viewName":"etm.portal.ui.managecatalogs.view.Detail","viewId":"application-managecatalogs-display-component---detailCatalog","properties":{"text":"Classification"},"interaction":{"idSuffix":"BDI-content"}},"wdio_ui5_key":"etmportal.ui.managecatalogs.view.Detailsap.m.Button{\"text\":\"Classification\"}"}]}
RESULT: {"script":"<script> [1562 bytes]","args":[{"selector":{"controlType":"sap.m.Button","viewName":"etm.portal.ui.managecatalogs.view.Detail","viewId":"application-managecatalogs-display-component---detailCatalog","properties":{"text":"Classification"},"interaction":{"idSuffix":"BDI-content"}},"wdio_ui5_key":"etmportal.ui.managecatalogs.view.Detailsap.m.Button{\"text\":\"Classification\"}"}]}
RESULT: undefined
COMMAND: POST /session/f7dda4deea86e37c44fc2a10a2b2b70a/element - {"using":"xpath","value":"//*[@id=\"application-managecatalogs-display-component---detailCatalog--ObjectPageLayout-anchBar-__section3-anchor\"]"}
RESULT: {"using":"xpath","value":"//*[@id=\"application-managecatalogs-display-component---detailCatalog--ObjectPageLayout-anchBar-__section3-anchor\"]"}
COMMAND: POST /session/f7dda4deea86e37c44fc2a10a2b2b70a/element/f.30820BDFF87FD38C1A457C97C4719E16.d.5EB930103EEAF6B1248CC4F73543E508.e.7666/click - {}
RESULT: {}
COMMAND: POST /session/f7dda4deea86e37c44fc2a10a2b2b70a/execute/async - {"script":"<script> [1562 bytes]","args":[{"selector":{"controlType":"sap.ui.core.Icon","viewName":"etm.portal.ui.managecatalogs.view.Detail","viewId":"application-managecatalogs-display-component---detailCatalog","properties":{"src":{"regex":{"source":"slim\\-arrow\\-right"}}},"ancestor":{"controlType":"sap.m.Panel","viewName":"etm.portal.ui.managecatalogs.view.Detail","viewId":"application-managecatalogs-display-component---detailCatalog"}},"wdio_ui5_key":"etmportal.ui.managecatalogs.view.Detailsap.ui.core.Icon{\"src\":{\"regex\":{\"source\":\"slim\\\\-arrow\\\\-right\"}}}{\"controlType\":\"sap.m.Panel\",\"viewName\":\"etm.portal.ui.managecatalogs.view.Detail\",\"viewId\":\"application-managecatalogs-display-component---detailCatalog\"}"}]}
COMMAND: GET /session/f7dda4deea86e37c44fc2a10a2b2b70a/screenshot - {}
RESULT: {"script":"<script> [1562 bytes]","args":[{"selector":{"controlType":"sap.ui.core.Icon","viewName":"etm.portal.ui.managecatalogs.view.Detail","viewId":"application-managecatalogs-display-component---detailCatalog","properties":{"src":{"regex":{"source":"slim\\-arrow\\-right"}}},"ancestor":{"controlType":"sap.m.Panel","viewName":"etm.portal.ui.managecatalogs.view.Detail","viewId":"application-managecatalogs-display-component---detailCatalog"}},"wdio_ui5_key":"etmportal.ui.managecatalogs.view.Detailsap.ui.core.Icon{\"src\":{\"regex\":{\"source\":\"slim\\\\-arrow\\\\-right\"}}}{\"controlType\":\"sap.m.Panel\",\"viewName\":\"etm.portal.ui.managecatalogs.view.Detail\",\"viewId\":\"application-managecatalogs-display-component---detailCatalog\"}"}]}
RESULT: undefined
COMMAND: POST /session/f7dda4deea86e37c44fc2a10a2b2b70a/element - {"using":"xpath","value":"//*[@id=\"__panel0-__layout17-0-expandButton-img\"]"}
RESULT: {}
RESULT: {"using":"xpath","value":"//*[@id=\"__panel0-__layout17-0-expandButton-img\"]"}
COMMAND: POST /session/f7dda4deea86e37c44fc2a10a2b2b70a/element/f.30820BDFF87FD38C1A457C97C4719E16.d.5EB930103EEAF6B1248CC4F73543E508.e.7672/click - {}
RESULT: {}
COMMAND: POST /session/f7dda4deea86e37c44fc2a10a2b2b70a/execute/async - {"script":"<script> [1562 bytes]","args":[{"selector":{"controlType":"sap.ui.core.Icon","viewName":"etm.portal.ui.managecatalogs.view.Detail","viewId":"application-managecatalogs-display-component---detailCatalog","properties":{"src":{"regex":{"source":"slim\\-arrow\\-down"}}},"ancestor":{"controlType":"sap.m.ColumnListItem","viewName":"etm.portal.ui.managecatalogs.view.Detail","viewId":"application-managecatalogs-display-component---detailCatalog","bindingPath":{"modelName":"classModel","path":"/data/0/PROPERTIES/0"},"ancestor":{"controlType":"sap.m.Table","viewName":"etm.portal.ui.managecatalogs.view.Detail","viewId":"application-managecatalogs-display-component---detailCatalog","bindingPath":{"path":"/data/0","propertyPath":"PROPERTIES","modelName":"classModel"}}}},"wdio_ui5_key":"etmportal.ui.managecatalogs.view.Detailsap.ui.core.Icon{\"src\":{\"regex\":{\"source\":\"slim\\\\-arrow\\\\-down\"}}}{\"controlType\":\"sap.m.ColumnListItem\",\"viewName\":\"etm.portal.ui.managecatalogs.view.Detail\",\"viewId\":\"application-managecatalogs-display-component---detailCatalog\",\"bindingPath\":{\"modelName\":\"classModel\",\"path\":\"/data/0/PROPERTIES/0\"},\"ancestor\":{\"controlType\":\"sap.m.Table\",\"viewName\":\"etm.portal.ui.managecatalogs.view.Detail\",\"viewId\":\"application-managecatalogs-display-component---detailCatalog\",\"bindingPath\":{\"path\":\"/data/0\",\"propertyPath\":\"PROPERTIES\",\"modelName\":\"classModel\"}}}"}]}
COMMAND: GET /session/f7dda4deea86e37c44fc2a10a2b2b70a/screenshot - {}
RESULT: {"script":"<script> [1562 bytes]","args":[{"selector":{"controlType":"sap.ui.core.Icon","viewName":"etm.portal.ui.managecatalogs.view.Detail","viewId":"application-managecatalogs-display-component---detailCatalog","properties":{"src":{"regex":{"source":"slim\\-arrow\\-down"}}},"ancestor":{"controlType":"sap.m.ColumnListItem","viewName":"etm.portal.ui.managecatalogs.view.Detail","viewId":"application-managecatalogs-display-component---detailCatalog","bindingPath":{"modelName":"classModel","path":"/data/0/PROPERTIES/0"},"ancestor":{"controlType":"sap.m.Table","viewName":"etm.portal.ui.managecatalogs.view.Detail","viewId":"application-managecatalogs-display-component---detailCatalog","bindingPath":{"path":"/data/0","propertyPath":"PROPERTIES","modelName":"classModel"}}}},"wdio_ui5_key":"etmportal.ui.managecatalogs.view.Detailsap.ui.core.Icon{\"src\":{\"regex\":{\"source\":\"slim\\\\-arrow\\\\-down\"}}}{\"controlType\":\"sap.m.ColumnListItem\",\"viewName\":\"etm.portal.ui.managecatalogs.view.Detail\",\"viewId\":\"application-managecatalogs-display-component---detailCatalog\",\"bindingPath\":{\"modelName\":\"classModel\",\"path\":\"/data/0/PROPERTIES/0\"},\"ancestor\":{\"controlType\":\"sap.m.Table\",\"viewName\":\"etm.portal.ui.managecatalogs.view.Detail\",\"viewId\":\"application-managecatalogs-display-component---detailCatalog\",\"bindingPath\":{\"path\":\"/data/0\",\"propertyPath\":\"PROPERTIES\",\"modelName\":\"classModel\"}}}"}]}
RESULT: undefined
COMMAND: POST /session/f7dda4deea86e37c44fc2a10a2b2b70a/element - {"using":"xpath","value":"//*[@id=\"__box31-arrow\"]"}
RESULT: {}
RESULT: {"using":"xpath","value":"//*[@id=\"__box31-arrow\"]"}
COMMAND: POST /session/f7dda4deea86e37c44fc2a10a2b2b70a/element/f.30820BDFF87FD38C1A457C97C4719E16.d.5EB930103EEAF6B1248CC4F73543E508.e.7685/click - {}
RESULT: {}
COMMAND: POST /session/f7dda4deea86e37c44fc2a10a2b2b70a/execute/async - {"script":"<script> [1562 bytes]","args":[{"selector":{"controlType":"sap.m.StandardListItem","viewName":"etm.portal.ui.managecatalogs.view.Detail","viewId":"application-managecatalogs-display-component---detailCatalog","properties":{"title":"red"},"searchOpenDialogs":true,"interaction":{"idSuffix":"content"}},"wdio_ui5_key":"etmportal.ui.managecatalogs.view.Detailsap.m.StandardListItem{\"title\":\"red\"}"}]}
COMMAND: GET /session/f7dda4deea86e37c44fc2a10a2b2b70a/screenshot - {}
RESULT: {"script":"<script> [1562 bytes]","args":[{"selector":{"controlType":"sap.m.StandardListItem","viewName":"etm.portal.ui.managecatalogs.view.Detail","viewId":"application-managecatalogs-display-component---detailCatalog","properties":{"title":"red"},"searchOpenDialogs":true,"interaction":{"idSuffix":"content"}},"wdio_ui5_key":"etmportal.ui.managecatalogs.view.Detailsap.m.StandardListItem{\"title\":\"red\"}"}]}
RESULT: undefined
COMMAND: POST /session/f7dda4deea86e37c44fc2a10a2b2b70a/element - {"using":"xpath","value":"//*[@id=\"__item226\"]"}
RESULT: {}
RESULT: {"using":"xpath","value":"//*[@id=\"__item226\"]"}
COMMAND: POST /session/f7dda4deea86e37c44fc2a10a2b2b70a/element/f.30820BDFF87FD38C1A457C97C4719E16.d.5EB930103EEAF6B1248CC4F73543E508.e.7688/click - {}
RESULT: {}
COMMAND: GET /session/f7dda4deea86e37c44fc2a10a2b2b70a/screenshot - {}
RESULT: {}
COMMAND: POST /session/f7dda4deea86e37c44fc2a10a2b2b70a/execute/async - {"script":"<script> [1562 bytes]","args":[{"selector":{"controlType":"sap.m.Button","viewName":"etm.portal.ui.managecatalogs.view.Detail","viewId":"application-managecatalogs-display-component---detailCatalog","i18NText":{"propertyName":"text","key":"save"},"interaction":{"idSuffix":"BDI-content"}},"wdio_ui5_key":"etmportal.ui.managecatalogs.view.Detailsap.m.Button{\"propertyName\":\"text\",\"key\":\"save\"}"}]}
RESULT: {"script":"<script> [1562 bytes]","args":[{"selector":{"controlType":"sap.m.Button","viewName":"etm.portal.ui.managecatalogs.view.Detail","viewId":"application-managecatalogs-display-component---detailCatalog","i18NText":{"propertyName":"text","key":"save"},"interaction":{"idSuffix":"BDI-content"}},"wdio_ui5_key":"etmportal.ui.managecatalogs.view.Detailsap.m.Button{\"propertyName\":\"text\",\"key\":\"save\"}"}]}
RESULT: undefined
COMMAND: POST /session/f7dda4deea86e37c44fc2a10a2b2b70a/element - {"using":"xpath","value":"//*[@id=\"__button43\"]"}
RESULT: {"using":"xpath","value":"//*[@id=\"__button43\"]"}
COMMAND: POST /session/f7dda4deea86e37c44fc2a10a2b2b70a/element/f.30820BDFF87FD38C1A457C97C4719E16.d.5EB930103EEAF6B1248CC4F73543E508.e.7595/click - {}
RESULT: {}
COMMAND: GET /session/f7dda4deea86e37c44fc2a10a2b2b70a/screenshot - {}
RESULT: {}
COMMAND: POST /session/f7dda4deea86e37c44fc2a10a2b2b70a/element - {"using":"css selector","value":"#shell-header-logo"}
RESULT: {"using":"css selector","value":"#shell-header-logo"}
COMMAND: POST /session/f7dda4deea86e37c44fc2a10a2b2b70a/element/f.30820BDFF87FD38C1A457C97C4719E16.d.5EB930103EEAF6B1248CC4F73543E508.e.7429/click - {}
RESULT: {}
COMMAND: GET /session/f7dda4deea86e37c44fc2a10a2b2b70a/screenshot - {}
RESULT: {}
]]></system-out>
    </testcase>
    <testcase classname="chrome.136_0_7103_93.windows.Manage_requests_-_requests_specifications_US141095" name="Should create a new request and add the catalog item with the specifications" time="146.188">
      <system-out><![CDATA[
COMMAND: POST /session/f7dda4deea86e37c44fc2a10a2b2b70a/execute/async - {"script":"<script> [1562 bytes]","args":[{"selector":{"controlType":"sap.m.GenericTile","properties":{"header":"Manage Requests"}},"wdio_ui5_key":"sapm.GenericTile{\"header\":\"Manage Requests\"}"}]}
RESULT: {"script":"<script> [1562 bytes]","args":[{"selector":{"controlType":"sap.m.GenericTile","properties":{"header":"Manage Requests"}},"wdio_ui5_key":"sapm.GenericTile{\"header\":\"Manage Requests\"}"}]}
RESULT: undefined
COMMAND: POST /session/f7dda4deea86e37c44fc2a10a2b2b70a/element - {"using":"xpath","value":"//*[@id=\"__tile47\"]"}
RESULT: {"using":"xpath","value":"//*[@id=\"__tile47\"]"}
COMMAND: POST /session/f7dda4deea86e37c44fc2a10a2b2b70a/element/f.30820BDFF87FD38C1A457C97C4719E16.d.5EB930103EEAF6B1248CC4F73543E508.e.7722/click - {}
RESULT: {}
COMMAND: GET /session/f7dda4deea86e37c44fc2a10a2b2b70a/screenshot - {}
RESULT: {}
COMMAND: POST /session/f7dda4deea86e37c44fc2a10a2b2b70a/elements - {"using":"xpath","value":"//span[text()='Error']"}
RESULT: {"using":"xpath","value":"//span[text()='Error']"}
COMMAND: POST /session/f7dda4deea86e37c44fc2a10a2b2b70a/element - {"using":"xpath","value":"//button[contains(@data-kt ,\"btnCreateNewOverflowToolbarButton\")]"}
COMMAND: POST /session/f7dda4deea86e37c44fc2a10a2b2b70a/element - {"using":"xpath","value":"(//span[contains(@class ,\"sapMObjStatusText\")])[1]"}
RESULT: {"using":"xpath","value":"(//span[contains(@class ,\"sapMObjStatusText\")])[1]"}
COMMAND: POST /session/f7dda4deea86e37c44fc2a10a2b2b70a/execute/sync - {"script":"<script> [8489 bytes]","args":[{"element-6066-11e4-a52e-4f735466cecf":"f.30820BDFF87FD38C1A457C97C4719E16.d.5EB930103EEAF6B1248CC4F73543E508.e.7815","ELEMENT":"f.30820BDFF87FD38C1A457C97C4719E16.d.5EB930103EEAF6B1248CC4F73543E508.e.7815"}]}
RESULT: {"using":"xpath","value":"//button[contains(@data-kt ,\"btnCreateNewOverflowToolbarButton\")]"}
COMMAND: POST /session/f7dda4deea86e37c44fc2a10a2b2b70a/element/f.30820BDFF87FD38C1A457C97C4719E16.d.5EB930103EEAF6B1248CC4F73543E508.e.7778/click - {}
RESULT: {"script":"<script> [8489 bytes]","args":[{"element-6066-11e4-a52e-4f735466cecf":"f.30820BDFF87FD38C1A457C97C4719E16.d.5EB930103EEAF6B1248CC4F73543E508.e.7815","ELEMENT":"f.30820BDFF87FD38C1A457C97C4719E16.d.5EB930103EEAF6B1248CC4F73543E508.e.7815"}]}
COMMAND: GET /session/f7dda4deea86e37c44fc2a10a2b2b70a/screenshot - {}
RESULT: {}
COMMAND: GET /session/f7dda4deea86e37c44fc2a10a2b2b70a/screenshot - {}
RESULT: {}
RESULT: {}
COMMAND: POST /session/f7dda4deea86e37c44fc2a10a2b2b70a/element - {"using":"xpath","value":"//input[contains(@id ,\"yardId-inner\")]"}
RESULT: {"using":"xpath","value":"//input[contains(@id ,\"yardId-inner\")]"}
COMMAND: POST /session/f7dda4deea86e37c44fc2a10a2b2b70a/execute/sync - {"script":"<script> [8489 bytes]","args":[{"element-6066-11e4-a52e-4f735466cecf":"f.30820BDFF87FD38C1A457C97C4719E16.d.5EB930103EEAF6B1248CC4F73543E508.e.7917","ELEMENT":"f.30820BDFF87FD38C1A457C97C4719E16.d.5EB930103EEAF6B1248CC4F73543E508.e.7917"}]}
RESULT: {"script":"<script> [8489 bytes]","args":[{"element-6066-11e4-a52e-4f735466cecf":"f.30820BDFF87FD38C1A457C97C4719E16.d.5EB930103EEAF6B1248CC4F73543E508.e.7917","ELEMENT":"f.30820BDFF87FD38C1A457C97C4719E16.d.5EB930103EEAF6B1248CC4F73543E508.e.7917"}]}
COMMAND: POST /session/f7dda4deea86e37c44fc2a10a2b2b70a/element - {"using":"xpath","value":"//input[contains(@id ,\"yardId-inner\")]"}
COMMAND: GET /session/f7dda4deea86e37c44fc2a10a2b2b70a/screenshot - {}
RESULT: {"using":"xpath","value":"//input[contains(@id ,\"yardId-inner\")]"}
COMMAND: GET /session/f7dda4deea86e37c44fc2a10a2b2b70a/element/f.30820BDFF87FD38C1A457C97C4719E16.d.5EB930103EEAF6B1248CC4F73543E508.e.7917/enabled - {}
RESULT: {}
RESULT: {}
COMMAND: POST /session/f7dda4deea86e37c44fc2a10a2b2b70a/element/f.30820BDFF87FD38C1A457C97C4719E16.d.5EB930103EEAF6B1248CC4F73543E508.e.7917/clear - {}
COMMAND: GET /session/f7dda4deea86e37c44fc2a10a2b2b70a/screenshot - {}
RESULT: {}
COMMAND: POST /session/f7dda4deea86e37c44fc2a10a2b2b70a/element/f.30820BDFF87FD38C1A457C97C4719E16.d.5EB930103EEAF6B1248CC4F73543E508.e.7917/value - {"text":"WebdriverYard3mpceg"}
RESULT: {}
COMMAND: GET /session/f7dda4deea86e37c44fc2a10a2b2b70a/screenshot - {}
RESULT: {"text":"WebdriverYard3mpceg"}
COMMAND: GET /session/f7dda4deea86e37c44fc2a10a2b2b70a/screenshot - {}
RESULT: {}
RESULT: {}
COMMAND: POST /session/f7dda4deea86e37c44fc2a10a2b2b70a/actions - {"actions":[{"id":"action52","type":"key","parameters":{},"actions":[{"type":"keyDown","value":""},{"type":"pause","duration":10},{"type":"keyUp","value":""}]}]}
COMMAND: POST /session/f7dda4deea86e37c44fc2a10a2b2b70a/element - {"using":"xpath","value":"//input[contains(@id ,\"customerNumber-inner\")]"}
RESULT: {"actions":[{"id":"action52","type":"key","parameters":{},"actions":[{"type":"keyDown","value":""},{"type":"pause","duration":10},{"type":"keyUp","value":""}]}]}
COMMAND: GET /session/f7dda4deea86e37c44fc2a10a2b2b70a/screenshot - {}
RESULT: {"using":"xpath","value":"//input[contains(@id ,\"customerNumber-inner\")]"}
COMMAND: POST /session/f7dda4deea86e37c44fc2a10a2b2b70a/element/f.30820BDFF87FD38C1A457C97C4719E16.d.5EB930103EEAF6B1248CC4F73543E508.e.7911/value - {"text":"WebdriverPartneribxbz"}
RESULT: {}
RESULT: {"text":"WebdriverPartneribxbz"}
COMMAND: GET /session/f7dda4deea86e37c44fc2a10a2b2b70a/screenshot - {}
RESULT: {}
COMMAND: POST /session/f7dda4deea86e37c44fc2a10a2b2b70a/actions - {"actions":[{"id":"action53","type":"key","parameters":{},"actions":[{"type":"keyDown","value":""},{"type":"pause","duration":10},{"type":"keyUp","value":""}]}]}
RESULT: {"actions":[{"id":"action53","type":"key","parameters":{},"actions":[{"type":"keyDown","value":""},{"type":"pause","duration":10},{"type":"keyUp","value":""}]}]}
COMMAND: GET /session/f7dda4deea86e37c44fc2a10a2b2b70a/screenshot - {}
RESULT: {}
COMMAND: POST /session/f7dda4deea86e37c44fc2a10a2b2b70a/element - {"using":"xpath","value":"//input[contains(@id ,\"requestSiteId-inner\")]"}
RESULT: {"using":"xpath","value":"//input[contains(@id ,\"requestSiteId-inner\")]"}
COMMAND: POST /session/f7dda4deea86e37c44fc2a10a2b2b70a/element/f.30820BDFF87FD38C1A457C97C4719E16.d.5EB930103EEAF6B1248CC4F73543E508.e.7910/value - {"text":"WebdriverSiten0blx"}
RESULT: {"text":"WebdriverSiten0blx"}
COMMAND: GET /session/f7dda4deea86e37c44fc2a10a2b2b70a/screenshot - {}
RESULT: {}
COMMAND: POST /session/f7dda4deea86e37c44fc2a10a2b2b70a/actions - {"actions":[{"id":"action54","type":"key","parameters":{},"actions":[{"type":"keyDown","value":""},{"type":"pause","duration":10},{"type":"keyUp","value":""}]}]}
RESULT: {"actions":[{"id":"action54","type":"key","parameters":{},"actions":[{"type":"keyDown","value":""},{"type":"pause","duration":10},{"type":"keyUp","value":""}]}]}
COMMAND: POST /session/f7dda4deea86e37c44fc2a10a2b2b70a/execute/async - {"script":"<script> [1562 bytes]","args":[{"selector":{"controlType":"sap.ui.core.Icon","viewName":"etm.portal.ui.managerequests.view.NewRequest","properties":{"src":{"regex":{"source":"add"}}}},"wdio_ui5_key":"etmportal.ui.managerequests.view.NewRequestsap.ui.core.Icon{\"src\":{\"regex\":{\"source\":\"add\"}}}"}]}
COMMAND: GET /session/f7dda4deea86e37c44fc2a10a2b2b70a/screenshot - {}
RESULT: {"script":"<script> [1562 bytes]","args":[{"selector":{"controlType":"sap.ui.core.Icon","viewName":"etm.portal.ui.managerequests.view.NewRequest","properties":{"src":{"regex":{"source":"add"}}}},"wdio_ui5_key":"etmportal.ui.managerequests.view.NewRequestsap.ui.core.Icon{\"src\":{\"regex\":{\"source\":\"add\"}}}"}]}
RESULT: undefined
COMMAND: POST /session/f7dda4deea86e37c44fc2a10a2b2b70a/element - {"using":"xpath","value":"//*[@id=\"__xmlview59--btnAddTableRow-img\"]"}
RESULT: {}
RESULT: {"using":"xpath","value":"//*[@id=\"__xmlview59--btnAddTableRow-img\"]"}
COMMAND: POST /session/f7dda4deea86e37c44fc2a10a2b2b70a/element/f.30820BDFF87FD38C1A457C97C4719E16.d.5EB930103EEAF6B1248CC4F73543E508.e.8075/click - {}
RESULT: {}
COMMAND: GET /session/f7dda4deea86e37c44fc2a10a2b2b70a/screenshot - {}
RESULT: {}
COMMAND: POST /session/f7dda4deea86e37c44fc2a10a2b2b70a/actions - {"actions":[{"id":"action55","type":"key","parameters":{},"actions":[{"type":"keyDown","value":""},{"type":"pause","duration":10},{"type":"keyUp","value":""}]}]}
RESULT: {"actions":[{"id":"action55","type":"key","parameters":{},"actions":[{"type":"keyDown","value":""},{"type":"pause","duration":10},{"type":"keyUp","value":""}]}]}
COMMAND: POST /session/f7dda4deea86e37c44fc2a10a2b2b70a/actions - {"actions":[{"id":"action56","type":"key","parameters":{},"actions":[{"type":"keyDown","value":""},{"type":"pause","duration":10},{"type":"keyUp","value":""}]}]}
COMMAND: GET /session/f7dda4deea86e37c44fc2a10a2b2b70a/screenshot - {}
RESULT: {"actions":[{"id":"action56","type":"key","parameters":{},"actions":[{"type":"keyDown","value":""},{"type":"pause","duration":10},{"type":"keyUp","value":""}]}]}
COMMAND: POST /session/f7dda4deea86e37c44fc2a10a2b2b70a/element - {"using":"xpath","value":"(//input[contains(@id ,\"requestItemsTable-0-inner\")])[1]"}
COMMAND: GET /session/f7dda4deea86e37c44fc2a10a2b2b70a/screenshot - {}
RESULT: {}
RESULT: {"using":"xpath","value":"(//input[contains(@id ,\"requestItemsTable-0-inner\")])[1]"}
COMMAND: POST /session/f7dda4deea86e37c44fc2a10a2b2b70a/element/f.30820BDFF87FD38C1A457C97C4719E16.d.5EB930103EEAF6B1248CC4F73543E508.e.8080/clear - {}
RESULT: {}
RESULT: {}
COMMAND: POST /session/f7dda4deea86e37c44fc2a10a2b2b70a/element/f.30820BDFF87FD38C1A457C97C4719E16.d.5EB930103EEAF6B1248CC4F73543E508.e.8080/value - {"text":"catalogItemName8xj7jj"}
COMMAND: GET /session/f7dda4deea86e37c44fc2a10a2b2b70a/screenshot - {}
RESULT: {"text":"catalogItemName8xj7jj"}
COMMAND: GET /session/f7dda4deea86e37c44fc2a10a2b2b70a/screenshot - {}
RESULT: {}
RESULT: {}
COMMAND: POST /session/f7dda4deea86e37c44fc2a10a2b2b70a/actions - {"actions":[{"id":"action57","type":"key","parameters":{},"actions":[{"type":"keyDown","value":""},{"type":"pause","duration":10},{"type":"keyUp","value":""}]}]}
RESULT: {"actions":[{"id":"action57","type":"key","parameters":{},"actions":[{"type":"keyDown","value":""},{"type":"pause","duration":10},{"type":"keyUp","value":""}]}]}
COMMAND: GET /session/f7dda4deea86e37c44fc2a10a2b2b70a/screenshot - {}
RESULT: {}
COMMAND: POST /session/f7dda4deea86e37c44fc2a10a2b2b70a/execute/async - {"script":"<script> [1562 bytes]","args":[{"selector":{"controlType":"sap.m.Button","viewName":"etm.portal.ui.managerequests.view.NewRequest","i18NText":{"propertyName":"text","key":"requestSpecifications"},"interaction":{"idSuffix":"BDI-content"}},"wdio_ui5_key":"etmportal.ui.managerequests.view.NewRequestsap.m.Button{\"propertyName\":\"text\",\"key\":\"requestSpecifications\"}"}]}
RESULT: {"script":"<script> [1562 bytes]","args":[{"selector":{"controlType":"sap.m.Button","viewName":"etm.portal.ui.managerequests.view.NewRequest","i18NText":{"propertyName":"text","key":"requestSpecifications"},"interaction":{"idSuffix":"BDI-content"}},"wdio_ui5_key":"etmportal.ui.managerequests.view.NewRequestsap.m.Button{\"propertyName\":\"text\",\"key\":\"requestSpecifications\"}"}]}
RESULT: undefined
COMMAND: POST /session/f7dda4deea86e37c44fc2a10a2b2b70a/element - {"using":"xpath","value":"//*[@id=\"__button78-__xmlview59--requestItemsTable-0\"]"}
RESULT: {"using":"xpath","value":"//*[@id=\"__button78-__xmlview59--requestItemsTable-0\"]"}
COMMAND: POST /session/f7dda4deea86e37c44fc2a10a2b2b70a/element/f.30820BDFF87FD38C1A457C97C4719E16.d.5EB930103EEAF6B1248CC4F73543E508.e.8094/click - {}
RESULT: {}
COMMAND: GET /session/f7dda4deea86e37c44fc2a10a2b2b70a/screenshot - {}
RESULT: {}
COMMAND: POST /session/f7dda4deea86e37c44fc2a10a2b2b70a/element - {"using":"xpath","value":"//input[@value=\"red\"]"}
RESULT: {"using":"xpath","value":"//input[@value=\"red\"]"}
COMMAND: POST /session/f7dda4deea86e37c44fc2a10a2b2b70a/elements - {"using":"xpath","value":"//input[@value=\"red\"]"}
RESULT: {"using":"xpath","value":"//input[@value=\"red\"]"}
COMMAND: POST /session/f7dda4deea86e37c44fc2a10a2b2b70a/execute/async - {"script":"<script> [1562 bytes]","args":[{"selector":{"controlType":"sap.m.Text","viewName":"etm.portal.ui.managerequests.view.NewRequest","bindingPath":{"path":"/currentEntries/0/PROPERTIES/0","propertyPath":"DESCRIPTION","modelName":"techSpecsClassificationModel"},"searchOpenDialogs":true},"wdio_ui5_key":"etmportal.ui.managerequests.view.NewRequestsap.m.Text{\"path\":\"/currentEntries/0/PROPERTIES/0\",\"propertyPath\":\"DESCRIPTION\",\"modelName\":\"techSpecsClassificationModel\"}"}]}
RESULT: {"script":"<script> [1562 bytes]","args":[{"selector":{"controlType":"sap.m.Text","viewName":"etm.portal.ui.managerequests.view.NewRequest","bindingPath":{"path":"/currentEntries/0/PROPERTIES/0","propertyPath":"DESCRIPTION","modelName":"techSpecsClassificationModel"},"searchOpenDialogs":true},"wdio_ui5_key":"etmportal.ui.managerequests.view.NewRequestsap.m.Text{\"path\":\"/currentEntries/0/PROPERTIES/0\",\"propertyPath\":\"DESCRIPTION\",\"modelName\":\"techSpecsClassificationModel\"}"}]}
RESULT: undefined
COMMAND: POST /session/f7dda4deea86e37c44fc2a10a2b2b70a/execute/async - {"script":"<script> [6424 bytes]","args":[{"element-6066-11e4-a52e-4f735466cecf":"f.30820BDFF87FD38C1A457C97C4719E16.d.5EB930103EEAF6B1248CC4F73543E508.e.8102"},"getText",[]]}
RESULT: {"script":"<script> [6424 bytes]","args":[{"element-6066-11e4-a52e-4f735466cecf":"f.30820BDFF87FD38C1A457C97C4719E16.d.5EB930103EEAF6B1248CC4F73543E508.e.8102"},"getText",[]]}
COMMAND: POST /session/f7dda4deea86e37c44fc2a10a2b2b70a/execute/async - {"script":"<script> [1562 bytes]","args":[{"selector":{"controlType":"sap.ui.core.Icon","viewName":"etm.portal.ui.managerequests.view.NewRequest","properties":{"src":{"regex":{"source":"slim\\-arrow\\-down"}}},"searchOpenDialogs":true},"wdio_ui5_key":"etmportal.ui.managerequests.view.NewRequestsap.ui.core.Icon{\"src\":{\"regex\":{\"source\":\"slim\\\\-arrow\\\\-down\"}}}"}]}
RESULT: {"script":"<script> [1562 bytes]","args":[{"selector":{"controlType":"sap.ui.core.Icon","viewName":"etm.portal.ui.managerequests.view.NewRequest","properties":{"src":{"regex":{"source":"slim\\-arrow\\-down"}}},"searchOpenDialogs":true},"wdio_ui5_key":"etmportal.ui.managerequests.view.NewRequestsap.ui.core.Icon{\"src\":{\"regex\":{\"source\":\"slim\\\\-arrow\\\\-down\"}}}"}]}
RESULT: undefined
COMMAND: POST /session/f7dda4deea86e37c44fc2a10a2b2b70a/element - {"using":"xpath","value":"//*[@id=\"__box58-arrow\"]"}
RESULT: {"using":"xpath","value":"//*[@id=\"__box58-arrow\"]"}
COMMAND: POST /session/f7dda4deea86e37c44fc2a10a2b2b70a/element/f.30820BDFF87FD38C1A457C97C4719E16.d.5EB930103EEAF6B1248CC4F73543E508.e.8103/click - {}
RESULT: {}
COMMAND: POST /session/f7dda4deea86e37c44fc2a10a2b2b70a/execute/async - {"script":"<script> [1562 bytes]","args":[{"selector":{"controlType":"sap.m.StandardListItem","viewName":"etm.portal.ui.managerequests.view.NewRequest","properties":{"title":"blue"},"searchOpenDialogs":true,"interaction":{"idSuffix":"content"}},"wdio_ui5_key":"etmportal.ui.managerequests.view.NewRequestsap.m.StandardListItem{\"title\":\"blue\"}"}]}
COMMAND: GET /session/f7dda4deea86e37c44fc2a10a2b2b70a/screenshot - {}
RESULT: {"script":"<script> [1562 bytes]","args":[{"selector":{"controlType":"sap.m.StandardListItem","viewName":"etm.portal.ui.managerequests.view.NewRequest","properties":{"title":"blue"},"searchOpenDialogs":true,"interaction":{"idSuffix":"content"}},"wdio_ui5_key":"etmportal.ui.managerequests.view.NewRequestsap.m.StandardListItem{\"title\":\"blue\"}"}]}
RESULT: undefined
COMMAND: POST /session/f7dda4deea86e37c44fc2a10a2b2b70a/element - {"using":"xpath","value":"//*[@id=\"__item608\"]"}
RESULT: {}
RESULT: {"using":"xpath","value":"//*[@id=\"__item608\"]"}
COMMAND: POST /session/f7dda4deea86e37c44fc2a10a2b2b70a/element/f.30820BDFF87FD38C1A457C97C4719E16.d.5EB930103EEAF6B1248CC4F73543E508.e.8106/click - {}
RESULT: {}
COMMAND: GET /session/f7dda4deea86e37c44fc2a10a2b2b70a/screenshot - {}
RESULT: {}
COMMAND: POST /session/f7dda4deea86e37c44fc2a10a2b2b70a/execute/async - {"script":"<script> [1562 bytes]","args":[{"selector":{"id":"saveButton","viewName":"etm.portal.ui.managerequests.view.NewRequest","searchOpenDialogs":true,"interaction":{"idSuffix":"BDI-content"}},"wdio_ui5_key":"saveButtonetmportal.ui.managerequests.view.NewRequest"}]}
RESULT: {"script":"<script> [1562 bytes]","args":[{"selector":{"id":"saveButton","viewName":"etm.portal.ui.managerequests.view.NewRequest","searchOpenDialogs":true,"interaction":{"idSuffix":"BDI-content"}},"wdio_ui5_key":"saveButtonetmportal.ui.managerequests.view.NewRequest"}]}
RESULT: undefined
COMMAND: POST /session/f7dda4deea86e37c44fc2a10a2b2b70a/element - {"using":"xpath","value":"//*[@id=\"__xmlview59--saveButton\"]"}
RESULT: {"using":"xpath","value":"//*[@id=\"__xmlview59--saveButton\"]"}
COMMAND: POST /session/f7dda4deea86e37c44fc2a10a2b2b70a/element/f.30820BDFF87FD38C1A457C97C4719E16.d.5EB930103EEAF6B1248CC4F73543E508.e.8100/click - {}
RESULT: {}
COMMAND: POST /session/f7dda4deea86e37c44fc2a10a2b2b70a/execute/async - {"script":"<script> [1562 bytes]","args":[{"selector":{"controlType":"sap.ui.core.Icon","viewName":"etm.portal.ui.managerequests.view.NewRequest","properties":{"src":{"regex":{"source":"slim\\-arrow\\-down"}}},"ancestor":{"controlType":"sap.m.Button","viewName":"etm.portal.ui.managerequests.view.NewRequest","properties":{"icon":"sap-icon://slim-arrow-down"}}},"wdio_ui5_key":"etmportal.ui.managerequests.view.NewRequestsap.ui.core.Icon{\"src\":{\"regex\":{\"source\":\"slim\\\\-arrow\\\\-down\"}}}{\"controlType\":\"sap.m.Button\",\"viewName\":\"etm.portal.ui.managerequests.view.NewRequest\",\"properties\":{\"icon\":\"sap-icon://slim-arrow-down\"}}"}]}
COMMAND: GET /session/f7dda4deea86e37c44fc2a10a2b2b70a/screenshot - {}
RESULT: {"script":"<script> [1562 bytes]","args":[{"selector":{"controlType":"sap.ui.core.Icon","viewName":"etm.portal.ui.managerequests.view.NewRequest","properties":{"src":{"regex":{"source":"slim\\-arrow\\-down"}}},"ancestor":{"controlType":"sap.m.Button","viewName":"etm.portal.ui.managerequests.view.NewRequest","properties":{"icon":"sap-icon://slim-arrow-down"}}},"wdio_ui5_key":"etmportal.ui.managerequests.view.NewRequestsap.ui.core.Icon{\"src\":{\"regex\":{\"source\":\"slim\\\\-arrow\\\\-down\"}}}{\"controlType\":\"sap.m.Button\",\"viewName\":\"etm.portal.ui.managerequests.view.NewRequest\",\"properties\":{\"icon\":\"sap-icon://slim-arrow-down\"}}"}]}
RESULT: undefined
RESULT: {}
COMMAND: POST /session/f7dda4deea86e37c44fc2a10a2b2b70a/element - {"using":"xpath","value":"//div[contains(@data-kt ,\"splitAllocationObjectStatus\")]"}
RESULT: {"using":"xpath","value":"//div[contains(@data-kt ,\"splitAllocationObjectStatus\")]"}
COMMAND: POST /session/f7dda4deea86e37c44fc2a10a2b2b70a/elements - {"using":"xpath","value":"//div[contains(@data-kt ,\"splitAllocationObjectStatus\")]"}
RESULT: {"using":"xpath","value":"//div[contains(@data-kt ,\"splitAllocationObjectStatus\")]"}
COMMAND: POST /session/f7dda4deea86e37c44fc2a10a2b2b70a/execute/async - {"script":"<script> [1562 bytes]","args":[{"selector":{"controlType":"sap.ui.core.Icon","viewName":"etm.portal.ui.managerequests.view.NewRequest","properties":{"src":{"regex":{"source":"message\\-error"}}}},"wdio_ui5_key":"etmportal.ui.managerequests.view.NewRequestsap.ui.core.Icon{\"src\":{\"regex\":{\"source\":\"message\\\\-error\"}}}"}]}
RESULT: {"script":"<script> [1562 bytes]","args":[{"selector":{"controlType":"sap.ui.core.Icon","viewName":"etm.portal.ui.managerequests.view.NewRequest","properties":{"src":{"regex":{"source":"message\\-error"}}}},"wdio_ui5_key":"etmportal.ui.managerequests.view.NewRequestsap.ui.core.Icon{\"src\":{\"regex\":{\"source\":\"message\\\\-error\"}}}"}]}
RESULT: undefined
COMMAND: POST /session/f7dda4deea86e37c44fc2a10a2b2b70a/element - {"using":"xpath","value":"//*[@id=\"__status4-__xmlview59--requestItemsTable-0-icon\"]"}
RESULT: {"using":"xpath","value":"//*[@id=\"__status4-__xmlview59--requestItemsTable-0-icon\"]"}
COMMAND: POST /session/f7dda4deea86e37c44fc2a10a2b2b70a/element/f.30820BDFF87FD38C1A457C97C4719E16.d.5EB930103EEAF6B1248CC4F73543E508.e.8109/click - {}
RESULT: {}
COMMAND: POST /session/f7dda4deea86e37c44fc2a10a2b2b70a/execute/async - {"script":"<script> [1562 bytes]","args":[{"selector":{"controlType":"sap.ui.core.Icon","viewName":"etm.portal.ui.managerequests.view.NewRequest","properties":{"src":{"regex":{"source":"slim\\-arrow\\-down"}}},"searchOpenDialogs":true,"ancestor":{"id":"costObjectAdminTypeComboBox","viewName":"etm.portal.ui.managerequests.view.NewRequest","searchOpenDialogs":true}},"wdio_ui5_key":"etmportal.ui.managerequests.view.NewRequestsap.ui.core.Icon{\"src\":{\"regex\":{\"source\":\"slim\\\\-arrow\\\\-down\"}}}{\"id\":\"costObjectAdminTypeComboBox\",\"viewName\":\"etm.portal.ui.managerequests.view.NewRequest\",\"searchOpenDialogs\":true}"}]}
COMMAND: GET /session/f7dda4deea86e37c44fc2a10a2b2b70a/screenshot - {}
RESULT: {"script":"<script> [1562 bytes]","args":[{"selector":{"controlType":"sap.ui.core.Icon","viewName":"etm.portal.ui.managerequests.view.NewRequest","properties":{"src":{"regex":{"source":"slim\\-arrow\\-down"}}},"searchOpenDialogs":true,"ancestor":{"id":"costObjectAdminTypeComboBox","viewName":"etm.portal.ui.managerequests.view.NewRequest","searchOpenDialogs":true}},"wdio_ui5_key":"etmportal.ui.managerequests.view.NewRequestsap.ui.core.Icon{\"src\":{\"regex\":{\"source\":\"slim\\\\-arrow\\\\-down\"}}}{\"id\":\"costObjectAdminTypeComboBox\",\"viewName\":\"etm.portal.ui.managerequests.view.NewRequest\",\"searchOpenDialogs\":true}"}]}
RESULT: undefined
COMMAND: POST /session/f7dda4deea86e37c44fc2a10a2b2b70a/element - {"using":"xpath","value":"//*[@id=\"__xmlview59--costObjectAdminTypeComboBox-arrow\"]"}
RESULT: {}
RESULT: {"using":"xpath","value":"//*[@id=\"__xmlview59--costObjectAdminTypeComboBox-arrow\"]"}
COMMAND: POST /session/f7dda4deea86e37c44fc2a10a2b2b70a/element/f.30820BDFF87FD38C1A457C97C4719E16.d.5EB930103EEAF6B1248CC4F73543E508.e.8113/click - {}
RESULT: {}
COMMAND: POST /session/f7dda4deea86e37c44fc2a10a2b2b70a/execute/async - {"script":"<script> [1562 bytes]","args":[{"selector":{"controlType":"sap.m.StandardListItem","viewName":"etm.portal.ui.managerequests.view.NewRequest","properties":{"title":"Cost Center"},"searchOpenDialogs":true,"interaction":{"idSuffix":"titleText"}},"wdio_ui5_key":"etmportal.ui.managerequests.view.NewRequestsap.m.StandardListItem{\"title\":\"Cost Center\"}"}]}
COMMAND: GET /session/f7dda4deea86e37c44fc2a10a2b2b70a/screenshot - {}
RESULT: {"script":"<script> [1562 bytes]","args":[{"selector":{"controlType":"sap.m.StandardListItem","viewName":"etm.portal.ui.managerequests.view.NewRequest","properties":{"title":"Cost Center"},"searchOpenDialogs":true,"interaction":{"idSuffix":"titleText"}},"wdio_ui5_key":"etmportal.ui.managerequests.view.NewRequestsap.m.StandardListItem{\"title\":\"Cost Center\"}"}]}
RESULT: undefined
COMMAND: POST /session/f7dda4deea86e37c44fc2a10a2b2b70a/element - {"using":"xpath","value":"//*[@id=\"__item611\"]"}
RESULT: {}
RESULT: {"using":"xpath","value":"//*[@id=\"__item611\"]"}
COMMAND: POST /session/f7dda4deea86e37c44fc2a10a2b2b70a/element/f.30820BDFF87FD38C1A457C97C4719E16.d.5EB930103EEAF6B1248CC4F73543E508.e.8116/click - {}
RESULT: {}
COMMAND: GET /session/f7dda4deea86e37c44fc2a10a2b2b70a/screenshot - {}
RESULT: {}
COMMAND: POST /session/f7dda4deea86e37c44fc2a10a2b2b70a/execute/async - {"script":"<script> [1562 bytes]","args":[{"selector":{"controlType":"sap.ui.core.Icon","viewName":"etm.portal.ui.managerequests.view.NewRequest","properties":{"src":{"regex":{"source":"value\\-help"}}},"searchOpenDialogs":true},"wdio_ui5_key":"etmportal.ui.managerequests.view.NewRequestsap.ui.core.Icon{\"src\":{\"regex\":{\"source\":\"value\\\\-help\"}}}"}]}
RESULT: {"script":"<script> [1562 bytes]","args":[{"selector":{"controlType":"sap.ui.core.Icon","viewName":"etm.portal.ui.managerequests.view.NewRequest","properties":{"src":{"regex":{"source":"value\\-help"}}},"searchOpenDialogs":true},"wdio_ui5_key":"etmportal.ui.managerequests.view.NewRequestsap.ui.core.Icon{\"src\":{\"regex\":{\"source\":\"value\\\\-help\"}}}"}]}
RESULT: undefined
COMMAND: POST /session/f7dda4deea86e37c44fc2a10a2b2b70a/element - {"using":"xpath","value":"//*[@id=\"__xmlview59--costObjectIdComboBox-vhi\"]"}
RESULT: {"using":"xpath","value":"//*[@id=\"__xmlview59--costObjectIdComboBox-vhi\"]"}
COMMAND: POST /session/f7dda4deea86e37c44fc2a10a2b2b70a/element/f.30820BDFF87FD38C1A457C97C4719E16.d.5EB930103EEAF6B1248CC4F73543E508.e.8123/click - {}
RESULT: {}
COMMAND: POST /session/f7dda4deea86e37c44fc2a10a2b2b70a/execute/async - {"script":"<script> [1562 bytes]","args":[{"selector":{"controlType":"sap.m.SearchField","properties":{"placeholder":"Search"},"searchOpenDialogs":true,"interaction":{"idSuffix":"I"}},"wdio_ui5_key":"sapm.SearchField{\"placeholder\":\"Search\"}"}]}
COMMAND: GET /session/f7dda4deea86e37c44fc2a10a2b2b70a/screenshot - {}
RESULT: {"script":"<script> [1562 bytes]","args":[{"selector":{"controlType":"sap.m.SearchField","properties":{"placeholder":"Search"},"searchOpenDialogs":true,"interaction":{"idSuffix":"I"}},"wdio_ui5_key":"sapm.SearchField{\"placeholder\":\"Search\"}"}]}
RESULT: undefined
COMMAND: POST /session/f7dda4deea86e37c44fc2a10a2b2b70a/execute/async - {"script":"<script> [776 bytes]","args":[{"enterText":"10001010","selector":{"controlType":"sap.m.SearchField","properties":{"placeholder":"Search"},"searchOpenDialogs":true,"interaction":{"idSuffix":"I"}},"clearTextFirst":true,"interactionType":"ENTER_TEXT"}]}
RESULT: {}
RESULT: {"script":"<script> [776 bytes]","args":[{"enterText":"10001010","selector":{"controlType":"sap.m.SearchField","properties":{"placeholder":"Search"},"searchOpenDialogs":true,"interaction":{"idSuffix":"I"}},"clearTextFirst":true,"interactionType":"ENTER_TEXT"}]}
COMMAND: POST /session/f7dda4deea86e37c44fc2a10a2b2b70a/actions - {"actions":[{"id":"action58","type":"key","parameters":{},"actions":[{"type":"keyDown","value":""},{"type":"pause","duration":10},{"type":"keyUp","value":""}]}]}
RESULT: {"actions":[{"id":"action58","type":"key","parameters":{},"actions":[{"type":"keyDown","value":""},{"type":"pause","duration":10},{"type":"keyUp","value":""}]}]}
COMMAND: GET /session/f7dda4deea86e37c44fc2a10a2b2b70a/screenshot - {}
RESULT: {}
COMMAND: POST /session/f7dda4deea86e37c44fc2a10a2b2b70a/execute/async - {"script":"<script> [1562 bytes]","args":[{"selector":{"controlType":"sap.m.Text","bindingPath":{"path":"/C_CostCtrValueHelp(CostCenter='10001010',ControllingArea='Z001')","propertyPath":"CostCenterName","modelName":"CostCenterModel"},"searchOpenDialogs":true},"wdio_ui5_key":"sapm.Text{\"path\":\"/C_CostCtrValueHelp(CostCenter='10001010',ControllingArea='Z001')\",\"propertyPath\":\"CostCenterName\",\"modelName\":\"CostCenterModel\"}"}]}
RESULT: {"script":"<script> [1562 bytes]","args":[{"selector":{"controlType":"sap.m.Text","bindingPath":{"path":"/C_CostCtrValueHelp(CostCenter='10001010',ControllingArea='Z001')","propertyPath":"CostCenterName","modelName":"CostCenterModel"},"searchOpenDialogs":true},"wdio_ui5_key":"sapm.Text{\"path\":\"/C_CostCtrValueHelp(CostCenter='10001010',ControllingArea='Z001')\",\"propertyPath\":\"CostCenterName\",\"modelName\":\"CostCenterModel\"}"}]}
RESULT: undefined
COMMAND: POST /session/f7dda4deea86e37c44fc2a10a2b2b70a/element - {"using":"xpath","value":"//*[@id=\"__text550-__clone799\"]"}
RESULT: {"using":"xpath","value":"//*[@id=\"__text550-__clone799\"]"}
COMMAND: POST /session/f7dda4deea86e37c44fc2a10a2b2b70a/element/f.30820BDFF87FD38C1A457C97C4719E16.d.5EB930103EEAF6B1248CC4F73543E508.e.8163/click - {}
RESULT: {}
COMMAND: POST /session/f7dda4deea86e37c44fc2a10a2b2b70a/execute/async - {"script":"<script> [1562 bytes]","args":[{"selector":{"controlType":"sap.m.Button","properties":{"text":"OK"},"searchOpenDialogs":true,"interaction":{"idSuffix":"BDI-content"}},"wdio_ui5_key":"sapm.Button{\"text\":\"OK\"}"}]}
COMMAND: GET /session/f7dda4deea86e37c44fc2a10a2b2b70a/screenshot - {}
RESULT: {"script":"<script> [1562 bytes]","args":[{"selector":{"controlType":"sap.m.Button","properties":{"text":"OK"},"searchOpenDialogs":true,"interaction":{"idSuffix":"BDI-content"}},"wdio_ui5_key":"sapm.Button{\"text\":\"OK\"}"}]}
RESULT: undefined
COMMAND: POST /session/f7dda4deea86e37c44fc2a10a2b2b70a/element - {"using":"xpath","value":"//*[@id=\"__dialog2-ok\"]"}
RESULT: {}
RESULT: {"using":"xpath","value":"//*[@id=\"__dialog2-ok\"]"}
COMMAND: POST /session/f7dda4deea86e37c44fc2a10a2b2b70a/element/f.30820BDFF87FD38C1A457C97C4719E16.d.5EB930103EEAF6B1248CC4F73543E508.e.8165/click - {}
RESULT: {}
COMMAND: GET /session/f7dda4deea86e37c44fc2a10a2b2b70a/screenshot - {}
RESULT: {}
COMMAND: POST /session/f7dda4deea86e37c44fc2a10a2b2b70a/execute/async - {"script":"<script> [1562 bytes]","args":[{"selector":{"controlType":"sap.m.Button","viewName":"etm.portal.ui.managerequests.view.NewRequest","i18NText":{"propertyName":"text","key":"save"},"searchOpenDialogs":true,"interaction":{"idSuffix":"BDI-content"}},"wdio_ui5_key":"etmportal.ui.managerequests.view.NewRequestsap.m.Button{\"propertyName\":\"text\",\"key\":\"save\"}"}]}
RESULT: {"script":"<script> [1562 bytes]","args":[{"selector":{"controlType":"sap.m.Button","viewName":"etm.portal.ui.managerequests.view.NewRequest","i18NText":{"propertyName":"text","key":"save"},"searchOpenDialogs":true,"interaction":{"idSuffix":"BDI-content"}},"wdio_ui5_key":"etmportal.ui.managerequests.view.NewRequestsap.m.Button{\"propertyName\":\"text\",\"key\":\"save\"}"}]}
RESULT: undefined
COMMAND: POST /session/f7dda4deea86e37c44fc2a10a2b2b70a/element - {"using":"xpath","value":"//*[@id=\"__button91\"]"}
RESULT: {"using":"xpath","value":"//*[@id=\"__button91\"]"}
COMMAND: POST /session/f7dda4deea86e37c44fc2a10a2b2b70a/element/f.30820BDFF87FD38C1A457C97C4719E16.d.5EB930103EEAF6B1248CC4F73543E508.e.8169/click - {}
RESULT: {}
COMMAND: GET /session/f7dda4deea86e37c44fc2a10a2b2b70a/screenshot - {}
RESULT: {}
COMMAND: POST /session/f7dda4deea86e37c44fc2a10a2b2b70a/execute/async - {"script":"<script> [1562 bytes]","args":[{"selector":{"controlType":"sap.m.Button","viewName":"etm.portal.ui.managerequests.view.NewRequest","i18NText":{"propertyName":"tooltip","key":"save"},"interaction":{"idSuffix":"content"}},"wdio_ui5_key":"etmportal.ui.managerequests.view.NewRequestsap.m.Button{\"propertyName\":\"tooltip\",\"key\":\"save\"}"}]}
RESULT: {"script":"<script> [1562 bytes]","args":[{"selector":{"controlType":"sap.m.Button","viewName":"etm.portal.ui.managerequests.view.NewRequest","i18NText":{"propertyName":"tooltip","key":"save"},"interaction":{"idSuffix":"content"}},"wdio_ui5_key":"etmportal.ui.managerequests.view.NewRequestsap.m.Button{\"propertyName\":\"tooltip\",\"key\":\"save\"}"}]}
RESULT: undefined
COMMAND: POST /session/f7dda4deea86e37c44fc2a10a2b2b70a/element - {"using":"xpath","value":"//*[@id=\"__button80\"]"}
RESULT: {"using":"xpath","value":"//*[@id=\"__button80\"]"}
COMMAND: POST /session/f7dda4deea86e37c44fc2a10a2b2b70a/element/f.30820BDFF87FD38C1A457C97C4719E16.d.5EB930103EEAF6B1248CC4F73543E508.e.8004/click - {}
RESULT: {}
COMMAND: GET /session/f7dda4deea86e37c44fc2a10a2b2b70a/screenshot - {}
RESULT: {}
COMMAND: POST /session/f7dda4deea86e37c44fc2a10a2b2b70a/execute/async - {"script":"<script> [1562 bytes]","args":[{"selector":{"controlType":"sap.m.Title","properties":{"text":"Success"},"searchOpenDialogs":true},"wdio_ui5_key":"sapm.Title{\"text\":\"Success\"}"}]}
RESULT: {"script":"<script> [1562 bytes]","args":[{"selector":{"controlType":"sap.m.Title","properties":{"text":"Success"},"searchOpenDialogs":true},"wdio_ui5_key":"sapm.Title{\"text\":\"Success\"}"}]}
RESULT: undefined
COMMAND: POST /session/f7dda4deea86e37c44fc2a10a2b2b70a/execute/async - {"script":"<script> [6424 bytes]","args":[{"element-6066-11e4-a52e-4f735466cecf":"f.30820BDFF87FD38C1A457C97C4719E16.d.5EB930103EEAF6B1248CC4F73543E508.e.8174"},"getText",[]]}
RESULT: {"script":"<script> [6424 bytes]","args":[{"element-6066-11e4-a52e-4f735466cecf":"f.30820BDFF87FD38C1A457C97C4719E16.d.5EB930103EEAF6B1248CC4F73543E508.e.8174"},"getText",[]]}
COMMAND: POST /session/f7dda4deea86e37c44fc2a10a2b2b70a/execute/async - {"script":"<script> [1562 bytes]","args":[{"selector":{"controlType":"sap.m.Button","properties":{"text":"Close"},"searchOpenDialogs":true,"interaction":{"idSuffix":"BDI-content"}},"wdio_ui5_key":"sapm.Button{\"text\":\"Close\"}"}]}
RESULT: {"script":"<script> [1562 bytes]","args":[{"selector":{"controlType":"sap.m.Button","properties":{"text":"Close"},"searchOpenDialogs":true,"interaction":{"idSuffix":"BDI-content"}},"wdio_ui5_key":"sapm.Button{\"text\":\"Close\"}"}]}
RESULT: undefined
COMMAND: POST /session/f7dda4deea86e37c44fc2a10a2b2b70a/element - {"using":"xpath","value":"//*[@id=\"__mbox-btn-0\"]"}
RESULT: {"using":"xpath","value":"//*[@id=\"__mbox-btn-0\"]"}
COMMAND: POST /session/f7dda4deea86e37c44fc2a10a2b2b70a/element/f.30820BDFF87FD38C1A457C97C4719E16.d.5EB930103EEAF6B1248CC4F73543E508.e.8173/click - {}
RESULT: {}
COMMAND: GET /session/f7dda4deea86e37c44fc2a10a2b2b70a/screenshot - {}
RESULT: {}
COMMAND: POST /session/f7dda4deea86e37c44fc2a10a2b2b70a/execute/async - {"script":"<script> [1562 bytes]","args":[{"selector":{"controlType":"sap.m.Button","viewName":"etm.portal.ui.managerequests.view.Detail","i18NText":{"propertyName":"text","key":"requestSpecifications"},"interaction":{"idSuffix":"BDI-content"}},"wdio_ui5_key":"etmportal.ui.managerequests.view.Detailsap.m.Button{\"propertyName\":\"text\",\"key\":\"requestSpecifications\"}"}]}
RESULT: {"script":"<script> [1562 bytes]","args":[{"selector":{"controlType":"sap.m.Button","viewName":"etm.portal.ui.managerequests.view.Detail","i18NText":{"propertyName":"text","key":"requestSpecifications"},"interaction":{"idSuffix":"BDI-content"}},"wdio_ui5_key":"etmportal.ui.managerequests.view.Detailsap.m.Button{\"propertyName\":\"text\",\"key\":\"requestSpecifications\"}"}]}
RESULT: undefined
COMMAND: POST /session/f7dda4deea86e37c44fc2a10a2b2b70a/element - {"using":"xpath","value":"//*[@id=\"__button107-__clone838\"]"}
RESULT: {"using":"xpath","value":"//*[@id=\"__button107-__clone838\"]"}
COMMAND: POST /session/f7dda4deea86e37c44fc2a10a2b2b70a/element/f.30820BDFF87FD38C1A457C97C4719E16.d.5EB930103EEAF6B1248CC4F73543E508.e.8302/click - {}
RESULT: {}
COMMAND: GET /session/f7dda4deea86e37c44fc2a10a2b2b70a/screenshot - {}
RESULT: {}
COMMAND: POST /session/f7dda4deea86e37c44fc2a10a2b2b70a/element - {"using":"xpath","value":"//input[@value=\"blue\"]"}
RESULT: {"using":"xpath","value":"//input[@value=\"blue\"]"}
COMMAND: POST /session/f7dda4deea86e37c44fc2a10a2b2b70a/elements - {"using":"xpath","value":"//input[@value=\"blue\"]"}
RESULT: {"using":"xpath","value":"//input[@value=\"blue\"]"}
COMMAND: POST /session/f7dda4deea86e37c44fc2a10a2b2b70a/execute/async - {"script":"<script> [1562 bytes]","args":[{"selector":{"id":"cancelRequestSpecificationsButton","viewName":"etm.portal.ui.managerequests.view.Detail","searchOpenDialogs":true,"interaction":{"idSuffix":"BDI-content"}},"wdio_ui5_key":"cancelRequestSpecificationsButtonetmportal.ui.managerequests.view.Detail"}]}
RESULT: {"script":"<script> [1562 bytes]","args":[{"selector":{"id":"cancelRequestSpecificationsButton","viewName":"etm.portal.ui.managerequests.view.Detail","searchOpenDialogs":true,"interaction":{"idSuffix":"BDI-content"}},"wdio_ui5_key":"cancelRequestSpecificationsButtonetmportal.ui.managerequests.view.Detail"}]}
RESULT: undefined
COMMAND: POST /session/f7dda4deea86e37c44fc2a10a2b2b70a/element - {"using":"xpath","value":"//*[@id=\"__xmlview60--cancelRequestSpecificationsButton\"]"}
RESULT: {"using":"xpath","value":"//*[@id=\"__xmlview60--cancelRequestSpecificationsButton\"]"}
COMMAND: POST /session/f7dda4deea86e37c44fc2a10a2b2b70a/element/f.30820BDFF87FD38C1A457C97C4719E16.d.5EB930103EEAF6B1248CC4F73543E508.e.8303/click - {}
RESULT: {}
COMMAND: GET /session/f7dda4deea86e37c44fc2a10a2b2b70a/screenshot - {}
COMMAND: POST /session/f7dda4deea86e37c44fc2a10a2b2b70a/element - {"using":"css selector","value":"#shell-header-logo"}
RESULT: {}
RESULT: {"using":"css selector","value":"#shell-header-logo"}
COMMAND: POST /session/f7dda4deea86e37c44fc2a10a2b2b70a/element/f.30820BDFF87FD38C1A457C97C4719E16.d.5EB930103EEAF6B1248CC4F73543E508.e.7724/click - {}
RESULT: {}
COMMAND: GET /session/f7dda4deea86e37c44fc2a10a2b2b70a/screenshot - {}
RESULT: {}
]]></system-out>
    </testcase>
  </testsuite>
  <testsuite timestamp="2025-05-23T16:08:44" time="362.273" tests="3" failures="0" errors="0" skipped="0">
    <properties>
      <property name="specId" value="0"/>
      <property name="suiteName" value="Reserve/Unreserve request item via reserve option US139161"/>
      <property name="capabilities" value="chrome.136_0_7103_93.windows"/>
      <property name="file" value="file:///D:/a/1/s/test/specs/R2C/reserve-unreserve-request-item-via-reserve-option.spec.js"/>
    </properties>
    <testcase classname="chrome.136_0_7103_93.windows.Reserve/Unreserve_request_item_via_reserve_option_US139161" name="Should add the material to the catalog item" time="95.574">
      <system-out><![CDATA[
COMMAND: POST /session/f7dda4deea86e37c44fc2a10a2b2b70a/execute/async - {"script":"<script> [1562 bytes]","args":[{"selector":{"controlType":"sap.m.GenericTile","properties":{"header":"Manage Catalogs"}},"wdio_ui5_key":"sapm.GenericTile{\"header\":\"Manage Catalogs\"}"}]}
RESULT: {"script":"<script> [1562 bytes]","args":[{"selector":{"controlType":"sap.m.GenericTile","properties":{"header":"Manage Catalogs"}},"wdio_ui5_key":"sapm.GenericTile{\"header\":\"Manage Catalogs\"}"}]}
RESULT: undefined
COMMAND: POST /session/f7dda4deea86e37c44fc2a10a2b2b70a/element - {"using":"xpath","value":"//*[@id=\"__tile37\"]"}
RESULT: {"using":"xpath","value":"//*[@id=\"__tile37\"]"}
COMMAND: POST /session/f7dda4deea86e37c44fc2a10a2b2b70a/element/f.30820BDFF87FD38C1A457C97C4719E16.d.5EB930103EEAF6B1248CC4F73543E508.e.8310/click - {}
RESULT: {}
COMMAND: GET /session/f7dda4deea86e37c44fc2a10a2b2b70a/screenshot - {}
RESULT: {}
COMMAND: POST /session/f7dda4deea86e37c44fc2a10a2b2b70a/elements - {"using":"xpath","value":"//span[text()='Error']"}
RESULT: {"using":"xpath","value":"//span[text()='Error']"}
COMMAND: POST /session/f7dda4deea86e37c44fc2a10a2b2b70a/execute/async - {"script":"<script> [1562 bytes]","args":[{"selector":{"controlType":"sap.m.Text","viewName":"etm.portal.ui.managecatalogs.view.MasterCatalogs","viewId":"application-managecatalogs-display-component---masterCatalogs","bindingPath":{"path":"/Catalogs('0D7502D073D53A0F1700BE067B89AFF9')","propertyPath":"DESCRIPTION","modelName":"catalogModel"}},"wdio_ui5_key":"etmportal.ui.managecatalogs.view.MasterCatalogssap.m.Text{\"path\":\"/Catalogs('0D7502D073D53A0F1700BE067B89AFF9')\",\"propertyPath\":\"DESCRIPTION\",\"modelName\":\"catalogModel\"}"}]}
RESULT: {"script":"<script> [1562 bytes]","args":[{"selector":{"controlType":"sap.m.Text","viewName":"etm.portal.ui.managecatalogs.view.MasterCatalogs","viewId":"application-managecatalogs-display-component---masterCatalogs","bindingPath":{"path":"/Catalogs('0D7502D073D53A0F1700BE067B89AFF9')","propertyPath":"DESCRIPTION","modelName":"catalogModel"}},"wdio_ui5_key":"etmportal.ui.managecatalogs.view.MasterCatalogssap.m.Text{\"path\":\"/Catalogs('0D7502D073D53A0F1700BE067B89AFF9')\",\"propertyPath\":\"DESCRIPTION\",\"modelName\":\"catalogModel\"}"}]}
RESULT: undefined
COMMAND: POST /session/f7dda4deea86e37c44fc2a10a2b2b70a/element - {"using":"xpath","value":"//*[@id=\"__text685-application-managecatalogs-display-component---masterCatalogs--CatalogsTable-11\"]"}
RESULT: {"using":"xpath","value":"//*[@id=\"__text685-application-managecatalogs-display-component---masterCatalogs--CatalogsTable-11\"]"}
COMMAND: POST /session/f7dda4deea86e37c44fc2a10a2b2b70a/element/f.30820BDFF87FD38C1A457C97C4719E16.d.5EB930103EEAF6B1248CC4F73543E508.e.8378/click - {}
RESULT: {}
RESULT: undefined
COMMAND: POST /session/f7dda4deea86e37c44fc2a10a2b2b70a/execute/async - {"script":"<script> [776 bytes]","args":[{"enterText":"catalogItemoyipb","selector":{"id":"application-managecatalogs-display-component---masterCatalogItems--searchItemsField","interaction":{"idSuffix":"I"}},"clearTextFirst":true,"interactionType":"ENTER_TEXT"}]}
COMMAND: GET /session/f7dda4deea86e37c44fc2a10a2b2b70a/screenshot - {}
RESULT: {"script":"<script> [776 bytes]","args":[{"enterText":"catalogItemoyipb","selector":{"id":"application-managecatalogs-display-component---masterCatalogItems--searchItemsField","interaction":{"idSuffix":"I"}},"clearTextFirst":true,"interactionType":"ENTER_TEXT"}]}
COMMAND: POST /session/f7dda4deea86e37c44fc2a10a2b2b70a/actions - {"actions":[{"id":"action59","type":"key","parameters":{},"actions":[{"type":"keyDown","value":""},{"type":"pause","duration":10},{"type":"keyUp","value":""}]}]}
RESULT: {}
RESULT: {"actions":[{"id":"action59","type":"key","parameters":{},"actions":[{"type":"keyDown","value":""},{"type":"pause","duration":10},{"type":"keyUp","value":""}]}]}
COMMAND: POST /session/f7dda4deea86e37c44fc2a10a2b2b70a/element - {"using":"xpath","value":"(//span[contains(text(), \"catalogItemoyipb\")])[1]"}
COMMAND: GET /session/f7dda4deea86e37c44fc2a10a2b2b70a/screenshot - {}
RESULT: {"using":"xpath","value":"(//span[contains(text(), \"catalogItemoyipb\")])[1]"}
COMMAND: POST /session/f7dda4deea86e37c44fc2a10a2b2b70a/element/f.30820BDFF87FD38C1A457C97C4719E16.d.5EB930103EEAF6B1248CC4F73543E508.e.8395/click - {}
RESULT: {}
RESULT: {}
COMMAND: GET /session/f7dda4deea86e37c44fc2a10a2b2b70a/screenshot - {}
RESULT: {}
COMMAND: POST /session/f7dda4deea86e37c44fc2a10a2b2b70a/element - {"using":"xpath","value":"//*[contains(@id ,\"BDI-content\")][contains(text(), \"Edit\")]"}
RESULT: {"using":"xpath","value":"//*[contains(@id ,\"BDI-content\")][contains(text(), \"Edit\")]"}
COMMAND: POST /session/f7dda4deea86e37c44fc2a10a2b2b70a/element/f.30820BDFF87FD38C1A457C97C4719E16.d.5EB930103EEAF6B1248CC4F73543E508.e.8448/click - {}
RESULT: {}
COMMAND: GET /session/f7dda4deea86e37c44fc2a10a2b2b70a/screenshot - {}
RESULT: {}
COMMAND: POST /session/f7dda4deea86e37c44fc2a10a2b2b70a/element - {"using":"xpath","value":"//bdi[contains(text(), \"Assigned Resources\")]"}
RESULT: {"using":"xpath","value":"//bdi[contains(text(), \"Assigned Resources\")]"}
COMMAND: POST /session/f7dda4deea86e37c44fc2a10a2b2b70a/element/f.30820BDFF87FD38C1A457C97C4719E16.d.5EB930103EEAF6B1248CC4F73543E508.e.8474/click - {}
RESULT: {}
COMMAND: GET /session/f7dda4deea86e37c44fc2a10a2b2b70a/screenshot - {}
RESULT: {}
COMMAND: POST /session/f7dda4deea86e37c44fc2a10a2b2b70a/element - {"using":"xpath","value":"//button[contains(@data-kt ,\"catalogItemAssignRuButton\")]"}
RESULT: {"using":"xpath","value":"//button[contains(@data-kt ,\"catalogItemAssignRuButton\")]"}
COMMAND: POST /session/f7dda4deea86e37c44fc2a10a2b2b70a/element/f.30820BDFF87FD38C1A457C97C4719E16.d.5EB930103EEAF6B1248CC4F73543E508.e.8480/click - {}
RESULT: {}
COMMAND: GET /session/f7dda4deea86e37c44fc2a10a2b2b70a/screenshot - {}
RESULT: {}
COMMAND: POST /session/f7dda4deea86e37c44fc2a10a2b2b70a/actions - {"actions":[{"id":"action60","type":"key","parameters":{},"actions":[{"type":"keyDown","value":""},{"type":"pause","duration":10},{"type":"keyUp","value":""}]}]}
RESULT: {"actions":[{"id":"action60","type":"key","parameters":{},"actions":[{"type":"keyDown","value":""},{"type":"pause","duration":10},{"type":"keyUp","value":""}]}]}
COMMAND: GET /session/f7dda4deea86e37c44fc2a10a2b2b70a/screenshot - {}
RESULT: {}
COMMAND: POST /session/f7dda4deea86e37c44fc2a10a2b2b70a/execute/async - {"script":"<script> [1562 bytes]","args":[{"selector":{"id":"application-managecatalogs-display-component---detailCatalog--assignRUSearchField-vhi","searchOpenDialogs":true},"wdio_ui5_key":"applicationmanagecatalogs-display-component---detailCatalog--assignRUSearchField-vhi"}]}
RESULT: {"script":"<script> [1562 bytes]","args":[{"selector":{"id":"application-managecatalogs-display-component---detailCatalog--assignRUSearchField-vhi","searchOpenDialogs":true},"wdio_ui5_key":"applicationmanagecatalogs-display-component---detailCatalog--assignRUSearchField-vhi"}]}
RESULT: undefined
COMMAND: POST /session/f7dda4deea86e37c44fc2a10a2b2b70a/element - {"using":"xpath","value":"//*[@id=\"application-managecatalogs-display-component---detailCatalog--assignRUSearchField-vhi\"]"}
RESULT: {"using":"xpath","value":"//*[@id=\"application-managecatalogs-display-component---detailCatalog--assignRUSearchField-vhi\"]"}
COMMAND: POST /session/f7dda4deea86e37c44fc2a10a2b2b70a/element/f.30820BDFF87FD38C1A457C97C4719E16.d.5EB930103EEAF6B1248CC4F73543E508.e.8496/click - {}
RESULT: {}
COMMAND: GET /session/f7dda4deea86e37c44fc2a10a2b2b70a/screenshot - {}
RESULT: {}
COMMAND: POST /session/f7dda4deea86e37c44fc2a10a2b2b70a/element - {"using":"xpath","value":"//input[contains(@id ,\"searchField-I\")]"}
RESULT: {"using":"xpath","value":"//input[contains(@id ,\"searchField-I\")]"}
COMMAND: POST /session/f7dda4deea86e37c44fc2a10a2b2b70a/element/f.30820BDFF87FD38C1A457C97C4719E16.d.5EB930103EEAF6B1248CC4F73543E508.e.8500/clear - {}
RESULT: {}
COMMAND: POST /session/f7dda4deea86e37c44fc2a10a2b2b70a/element/f.30820BDFF87FD38C1A457C97C4719E16.d.5EB930103EEAF6B1248CC4F73543E508.e.8500/value - {"text":"WebdriverRUR2C99st3"}
COMMAND: GET /session/f7dda4deea86e37c44fc2a10a2b2b70a/screenshot - {}
RESULT: {"text":"WebdriverRUR2C99st3"}
COMMAND: GET /session/f7dda4deea86e37c44fc2a10a2b2b70a/screenshot - {}
RESULT: {}
RESULT: {}
COMMAND: POST /session/f7dda4deea86e37c44fc2a10a2b2b70a/actions - {"actions":[{"id":"action61","type":"key","parameters":{},"actions":[{"type":"keyDown","value":""},{"type":"pause","duration":10},{"type":"keyUp","value":""}]}]}
RESULT: {"actions":[{"id":"action61","type":"key","parameters":{},"actions":[{"type":"keyDown","value":""},{"type":"pause","duration":10},{"type":"keyUp","value":""}]}]}
COMMAND: GET /session/f7dda4deea86e37c44fc2a10a2b2b70a/screenshot - {}
RESULT: {}
COMMAND: POST /session/f7dda4deea86e37c44fc2a10a2b2b70a/actions - {"actions":[{"id":"action62","type":"key","parameters":{},"actions":[{"type":"keyDown","value":""},{"type":"pause","duration":10},{"type":"keyUp","value":""}]}]}
RESULT: {"actions":[{"id":"action62","type":"key","parameters":{},"actions":[{"type":"keyDown","value":""},{"type":"pause","duration":10},{"type":"keyUp","value":""}]}]}
COMMAND: GET /session/f7dda4deea86e37c44fc2a10a2b2b70a/screenshot - {}
RESULT: {}
COMMAND: POST /session/f7dda4deea86e37c44fc2a10a2b2b70a/actions - {"actions":[{"id":"action63","type":"key","parameters":{},"actions":[{"type":"keyDown","value":""},{"type":"pause","duration":10},{"type":"keyUp","value":""}]}]}
RESULT: {"actions":[{"id":"action63","type":"key","parameters":{},"actions":[{"type":"keyDown","value":""},{"type":"pause","duration":10},{"type":"keyUp","value":""}]}]}
COMMAND: GET /session/f7dda4deea86e37c44fc2a10a2b2b70a/screenshot - {}
RESULT: {}
COMMAND: POST /session/f7dda4deea86e37c44fc2a10a2b2b70a/element - {"using":"xpath","value":"//bdi[contains(@id ,\"application-managecatalogs-display-component---detailCatalog--RUAssignmentSaveButton-BDI-content\")]"}
RESULT: {"using":"xpath","value":"//bdi[contains(@id ,\"application-managecatalogs-display-component---detailCatalog--RUAssignmentSaveButton-BDI-content\")]"}
COMMAND: POST /session/f7dda4deea86e37c44fc2a10a2b2b70a/element/f.30820BDFF87FD38C1A457C97C4719E16.d.5EB930103EEAF6B1248CC4F73543E508.e.8530/click - {}
RESULT: {}
COMMAND: GET /session/f7dda4deea86e37c44fc2a10a2b2b70a/screenshot - {}
RESULT: {}
COMMAND: POST /session/f7dda4deea86e37c44fc2a10a2b2b70a/element - {"using":"xpath","value":"//bdi[contains(text(), \"Save\")]"}
RESULT: {"using":"xpath","value":"//bdi[contains(text(), \"Save\")]"}
COMMAND: POST /session/f7dda4deea86e37c44fc2a10a2b2b70a/element/f.30820BDFF87FD38C1A457C97C4719E16.d.5EB930103EEAF6B1248CC4F73543E508.e.8548/click - {}
RESULT: {}
COMMAND: GET /session/f7dda4deea86e37c44fc2a10a2b2b70a/screenshot - {}
RESULT: {}
COMMAND: POST /session/f7dda4deea86e37c44fc2a10a2b2b70a/element - {"using":"css selector","value":"#shell-header-logo"}
RESULT: {"using":"css selector","value":"#shell-header-logo"}
COMMAND: POST /session/f7dda4deea86e37c44fc2a10a2b2b70a/element/f.30820BDFF87FD38C1A457C97C4719E16.d.5EB930103EEAF6B1248CC4F73543E508.e.8314/click - {}
RESULT: {}
COMMAND: GET /session/f7dda4deea86e37c44fc2a10a2b2b70a/screenshot - {}
RESULT: {}
COMMAND: POST /session/f7dda4deea86e37c44fc2a10a2b2b70a/refresh - {}
RESULT: {}
COMMAND: GET /session/f7dda4deea86e37c44fc2a10a2b2b70a/screenshot - {}
RESULT: {}
COMMAND: POST /session/f7dda4deea86e37c44fc2a10a2b2b70a/execute/async - {"script":"<script> [189 bytes]","args":[]}
RESULT: {"script":"<script> [189 bytes]","args":[]}
COMMAND: POST /session/f7dda4deea86e37c44fc2a10a2b2b70a/execute/async - {"script":"<script> [123 bytes]","args":[]}
RESULT: {"script":"<script> [123 bytes]","args":[]}
COMMAND: POST /session/f7dda4deea86e37c44fc2a10a2b2b70a/timeouts - {"script":"<number>"}
RESULT: {"script":"<number>"}
COMMAND: GET /session/f7dda4deea86e37c44fc2a10a2b2b70a/timeouts - {}
RESULT: {}
RESULT: undefined
COMMAND: POST /session/f7dda4deea86e37c44fc2a10a2b2b70a/execute/async - {"script":"<script> [2676 bytes]","args":[]}
RESULT: {"script":"<script> [2676 bytes]","args":[]}
COMMAND: POST /session/f7dda4deea86e37c44fc2a10a2b2b70a/execute/async - {"script":"<script> [2342 bytes]","args":[{"protocol":"http","hostname":"0.0.0.0","path":"/","capabilities":{"browserName":"chrome","goog:chromeOptions":{"binary":"C:\\Program Files\\Google\\Chrome\\Application\\chrome.exe","args":["--start-maximized"]}},"logLevel":"warn","connectionRetryTimeout":120000,"connectionRetryCount":3,"logLevels":{},"enableDirectConnect":true,"strictSSL":true,"_":"65 more keys: [\"cacheDir\",\"port\",\"requestedCapabilities\",\"automationProtocol\",\"baseUrl\",\"waitforInterval\",\"waitforTimeout\",\"onReload\",\"beforeCommand\",\"afterCommand\",\"rootDir\",\"specs\",\"suites\",\"exclude\",\"groupLogsByTestSpec\",\"excludeDriverLogs\",\"bail\",\"framework\",\"reporters\",\"services\",\"maxInstances\",\"maxInstancesPerCapability\",\"injectGlobals\",\"filesToWatch\",\"execArgv\",\"runnerEnv\",\"runner\",\"shard\",\"specFileRetries\",\"specFileRetriesDelay\",\"specFileRetriesDeferred\",\"reporterSyncInterval\",\"reporterSyncTimeout\",\"cucumberFeaturesWithLineNumbers\",\"autoCompileOpts\",\"mochaOpts\",\"jasmineOpts\",\"cucumberOpts\",\"onPrepare\",\"onWorkerStart\",\"onWorkerEnd\",\"before\",\"beforeSession\",\"beforeSuite\",\"beforeHook\",\"beforeTest\",\"afterTest\",\"afterHook\",\"afterSuite\",\"afterSession\",\"after\",\"onComplete\",\"beforeAssertion\",\"afterAssertion\",\"beforeFeature\",\"beforeScenario\",\"beforeStep\",\"afterStep\",\"afterScenario\",\"afterFeature\",\"_\",\"suite\",\"$0\",\"ignoredWorkerServices\",\"wdi5\"]"}]}
RESULT: {"script":"<script> [2342 bytes]","args":[{"protocol":"http","hostname":"0.0.0.0","path":"/","capabilities":{"browserName":"chrome","goog:chromeOptions":{"binary":"C:\\Program Files\\Google\\Chrome\\Application\\chrome.exe","args":["--start-maximized"]}},"logLevel":"warn","connectionRetryTimeout":120000,"connectionRetryCount":3,"logLevels":{},"enableDirectConnect":true,"strictSSL":true,"_":"65 more keys: [\"cacheDir\",\"port\",\"requestedCapabilities\",\"automationProtocol\",\"baseUrl\",\"waitforInterval\",\"waitforTimeout\",\"onReload\",\"beforeCommand\",\"afterCommand\",\"rootDir\",\"specs\",\"suites\",\"exclude\",\"groupLogsByTestSpec\",\"excludeDriverLogs\",\"bail\",\"framework\",\"reporters\",\"services\",\"maxInstances\",\"maxInstancesPerCapability\",\"injectGlobals\",\"filesToWatch\",\"execArgv\",\"runnerEnv\",\"runner\",\"shard\",\"specFileRetries\",\"specFileRetriesDelay\",\"specFileRetriesDeferred\",\"reporterSyncInterval\",\"reporterSyncTimeout\",\"cucumberFeaturesWithLineNumbers\",\"autoCompileOpts\",\"mochaOpts\",\"jasmineOpts\",\"cucumberOpts\",\"onPrepare\",\"onWorkerStart\",\"onWorkerEnd\",\"before\",\"beforeSession\",\"beforeSuite\",\"beforeHook\",\"beforeTest\",\"afterTest\",\"afterHook\",\"afterSuite\",\"afterSession\",\"after\",\"onComplete\",\"beforeAssertion\",\"afterAssertion\",\"beforeFeature\",\"beforeScenario\",\"beforeStep\",\"afterStep\",\"afterScenario\",\"afterFeature\",\"_\",\"suite\",\"$0\",\"ignoredWorkerServices\",\"wdi5\"]"}]}
COMMAND: POST /session/f7dda4deea86e37c44fc2a10a2b2b70a/execute/async - {"script":"<script> [21126 bytes]","args":[35000]}
RESULT: {"script":"<script> [21126 bytes]","args":[35000]}
]]></system-out>
    </testcase>
    <testcase classname="chrome.136_0_7103_93.windows.Reserve/Unreserve_request_item_via_reserve_option_US139161" name="Should create a new request with a catalog item that can be planned" time="165.263">
      <system-out><![CDATA[
COMMAND: POST /session/f7dda4deea86e37c44fc2a10a2b2b70a/execute/async - {"script":"<script> [1562 bytes]","args":[{"selector":{"controlType":"sap.m.GenericTile","properties":{"header":"Manage Requests"}},"wdio_ui5_key":"sapm.GenericTile{\"header\":\"Manage Requests\"}"}]}
RESULT: {"script":"<script> [1562 bytes]","args":[{"selector":{"controlType":"sap.m.GenericTile","properties":{"header":"Manage Requests"}},"wdio_ui5_key":"sapm.GenericTile{\"header\":\"Manage Requests\"}"}]}
RESULT: undefined
COMMAND: POST /session/f7dda4deea86e37c44fc2a10a2b2b70a/element - {"using":"xpath","value":"//*[@id=\"__tile47\"]"}
RESULT: {"using":"xpath","value":"//*[@id=\"__tile47\"]"}
COMMAND: POST /session/f7dda4deea86e37c44fc2a10a2b2b70a/element/f.30820BDFF87FD38C1A457C97C4719E16.d.F4DB10F936D303BDA3312B41AB4F7A6E.e.8590/click - {}
RESULT: {}
COMMAND: GET /session/f7dda4deea86e37c44fc2a10a2b2b70a/screenshot - {}
RESULT: {}
COMMAND: POST /session/f7dda4deea86e37c44fc2a10a2b2b70a/elements - {"using":"xpath","value":"//span[text()='Error']"}
RESULT: {"using":"xpath","value":"//span[text()='Error']"}
COMMAND: POST /session/f7dda4deea86e37c44fc2a10a2b2b70a/element - {"using":"xpath","value":"//button[contains(@data-kt ,\"btnCreateNewOverflowToolbarButton\")]"}
COMMAND: POST /session/f7dda4deea86e37c44fc2a10a2b2b70a/element - {"using":"xpath","value":"(//span[contains(@class ,\"sapMObjStatusText\")])[1]"}
RESULT: {"using":"xpath","value":"//button[contains(@data-kt ,\"btnCreateNewOverflowToolbarButton\")]"}
COMMAND: POST /session/f7dda4deea86e37c44fc2a10a2b2b70a/element/f.30820BDFF87FD38C1A457C97C4719E16.d.F4DB10F936D303BDA3312B41AB4F7A6E.e.8649/click - {}
RESULT: {"using":"xpath","value":"(//span[contains(@class ,\"sapMObjStatusText\")])[1]"}
COMMAND: POST /session/f7dda4deea86e37c44fc2a10a2b2b70a/execute/sync - {"script":"<script> [8489 bytes]","args":[{"element-6066-11e4-a52e-4f735466cecf":"f.30820BDFF87FD38C1A457C97C4719E16.d.F4DB10F936D303BDA3312B41AB4F7A6E.e.8690","ELEMENT":"f.30820BDFF87FD38C1A457C97C4719E16.d.F4DB10F936D303BDA3312B41AB4F7A6E.e.8690"}]}
RESULT: {}
COMMAND: GET /session/f7dda4deea86e37c44fc2a10a2b2b70a/screenshot - {}
RESULT: {"script":"<script> [8489 bytes]","args":[{"element-6066-11e4-a52e-4f735466cecf":"f.30820BDFF87FD38C1A457C97C4719E16.d.F4DB10F936D303BDA3312B41AB4F7A6E.e.8690","ELEMENT":"f.30820BDFF87FD38C1A457C97C4719E16.d.F4DB10F936D303BDA3312B41AB4F7A6E.e.8690"}]}
COMMAND: GET /session/f7dda4deea86e37c44fc2a10a2b2b70a/screenshot - {}
RESULT: {}
RESULT: {}
COMMAND: POST /session/f7dda4deea86e37c44fc2a10a2b2b70a/element - {"using":"xpath","value":"//input[contains(@id ,\"yardId-inner\")]"}
RESULT: {"using":"xpath","value":"//input[contains(@id ,\"yardId-inner\")]"}
COMMAND: POST /session/f7dda4deea86e37c44fc2a10a2b2b70a/execute/sync - {"script":"<script> [8489 bytes]","args":[{"element-6066-11e4-a52e-4f735466cecf":"f.30820BDFF87FD38C1A457C97C4719E16.d.F4DB10F936D303BDA3312B41AB4F7A6E.e.8792","ELEMENT":"f.30820BDFF87FD38C1A457C97C4719E16.d.F4DB10F936D303BDA3312B41AB4F7A6E.e.8792"}]}
RESULT: {"script":"<script> [8489 bytes]","args":[{"element-6066-11e4-a52e-4f735466cecf":"f.30820BDFF87FD38C1A457C97C4719E16.d.F4DB10F936D303BDA3312B41AB4F7A6E.e.8792","ELEMENT":"f.30820BDFF87FD38C1A457C97C4719E16.d.F4DB10F936D303BDA3312B41AB4F7A6E.e.8792"}]}
COMMAND: POST /session/f7dda4deea86e37c44fc2a10a2b2b70a/element - {"using":"xpath","value":"//input[contains(@id ,\"yardId-inner\")]"}
COMMAND: GET /session/f7dda4deea86e37c44fc2a10a2b2b70a/screenshot - {}
RESULT: {"using":"xpath","value":"//input[contains(@id ,\"yardId-inner\")]"}
COMMAND: GET /session/f7dda4deea86e37c44fc2a10a2b2b70a/element/f.30820BDFF87FD38C1A457C97C4719E16.d.F4DB10F936D303BDA3312B41AB4F7A6E.e.8792/enabled - {}
RESULT: {}
RESULT: {}
COMMAND: POST /session/f7dda4deea86e37c44fc2a10a2b2b70a/element/f.30820BDFF87FD38C1A457C97C4719E16.d.F4DB10F936D303BDA3312B41AB4F7A6E.e.8792/clear - {}
COMMAND: GET /session/f7dda4deea86e37c44fc2a10a2b2b70a/screenshot - {}
RESULT: {}
COMMAND: POST /session/f7dda4deea86e37c44fc2a10a2b2b70a/element/f.30820BDFF87FD38C1A457C97C4719E16.d.F4DB10F936D303BDA3312B41AB4F7A6E.e.8792/value - {"text":"WebdriverYard3mpceg"}
COMMAND: GET /session/f7dda4deea86e37c44fc2a10a2b2b70a/screenshot - {}
RESULT: {}
RESULT: {"text":"WebdriverYard3mpceg"}
COMMAND: GET /session/f7dda4deea86e37c44fc2a10a2b2b70a/screenshot - {}
RESULT: {}
RESULT: {}
COMMAND: POST /session/f7dda4deea86e37c44fc2a10a2b2b70a/actions - {"actions":[{"id":"action64","type":"key","parameters":{},"actions":[{"type":"keyDown","value":""},{"type":"pause","duration":10},{"type":"keyUp","value":""}]}]}
COMMAND: POST /session/f7dda4deea86e37c44fc2a10a2b2b70a/element - {"using":"xpath","value":"//input[contains(@id ,\"customerNumber-inner\")]"}
RESULT: {"actions":[{"id":"action64","type":"key","parameters":{},"actions":[{"type":"keyDown","value":""},{"type":"pause","duration":10},{"type":"keyUp","value":""}]}]}
RESULT: {"using":"xpath","value":"//input[contains(@id ,\"customerNumber-inner\")]"}
COMMAND: POST /session/f7dda4deea86e37c44fc2a10a2b2b70a/element/f.30820BDFF87FD38C1A457C97C4719E16.d.F4DB10F936D303BDA3312B41AB4F7A6E.e.8786/value - {"text":"WebdriverPartneribxbz"}
COMMAND: GET /session/f7dda4deea86e37c44fc2a10a2b2b70a/screenshot - {}
RESULT: {"text":"WebdriverPartneribxbz"}
COMMAND: GET /session/f7dda4deea86e37c44fc2a10a2b2b70a/screenshot - {}
RESULT: {}
RESULT: {}
COMMAND: POST /session/f7dda4deea86e37c44fc2a10a2b2b70a/actions - {"actions":[{"id":"action65","type":"key","parameters":{},"actions":[{"type":"keyDown","value":""},{"type":"pause","duration":10},{"type":"keyUp","value":""}]}]}
RESULT: {"actions":[{"id":"action65","type":"key","parameters":{},"actions":[{"type":"keyDown","value":""},{"type":"pause","duration":10},{"type":"keyUp","value":""}]}]}
COMMAND: GET /session/f7dda4deea86e37c44fc2a10a2b2b70a/screenshot - {}
RESULT: {}
COMMAND: GET /session/f7dda4deea86e37c44fc2a10a2b2b70a/element/f.30820BDFF87FD38C1A457C97C4719E16.d.F4DB10F936D303BDA3312B41AB4F7A6E.e.8786/property/value - {}
RESULT: {}
COMMAND: GET /session/f7dda4deea86e37c44fc2a10a2b2b70a/screenshot - {}
RESULT: {}
COMMAND: POST /session/f7dda4deea86e37c44fc2a10a2b2b70a/element - {"using":"xpath","value":"//input[contains(@id ,\"requestSiteId-inner\")]"}
RESULT: {"using":"xpath","value":"//input[contains(@id ,\"requestSiteId-inner\")]"}
COMMAND: POST /session/f7dda4deea86e37c44fc2a10a2b2b70a/element/f.30820BDFF87FD38C1A457C97C4719E16.d.F4DB10F936D303BDA3312B41AB4F7A6E.e.8785/value - {"text":"WebdriverSiten0blx"}
RESULT: {"text":"WebdriverSiten0blx"}
COMMAND: GET /session/f7dda4deea86e37c44fc2a10a2b2b70a/screenshot - {}
RESULT: {}
COMMAND: POST /session/f7dda4deea86e37c44fc2a10a2b2b70a/actions - {"actions":[{"id":"action66","type":"key","parameters":{},"actions":[{"type":"keyDown","value":""},{"type":"pause","duration":10},{"type":"keyUp","value":""}]}]}
RESULT: {"actions":[{"id":"action66","type":"key","parameters":{},"actions":[{"type":"keyDown","value":""},{"type":"pause","duration":10},{"type":"keyUp","value":""}]}]}
COMMAND: GET /session/f7dda4deea86e37c44fc2a10a2b2b70a/screenshot - {}
RESULT: {}
COMMAND: POST /session/f7dda4deea86e37c44fc2a10a2b2b70a/element - {"using":"xpath","value":"//button[contains(@data-kt ,\"requestItemAddOverflowToolbarButton\")]"}
RESULT: {"using":"xpath","value":"//button[contains(@data-kt ,\"requestItemAddOverflowToolbarButton\")]"}
COMMAND: POST /session/f7dda4deea86e37c44fc2a10a2b2b70a/element/f.30820BDFF87FD38C1A457C97C4719E16.d.F4DB10F936D303BDA3312B41AB4F7A6E.e.8940/click - {}
RESULT: {}
COMMAND: GET /session/f7dda4deea86e37c44fc2a10a2b2b70a/screenshot - {}
RESULT: {}
COMMAND: POST /session/f7dda4deea86e37c44fc2a10a2b2b70a/actions - {"actions":[{"id":"action67","type":"key","parameters":{},"actions":[{"type":"keyDown","value":""},{"type":"pause","duration":10},{"type":"keyUp","value":""}]}]}
RESULT: {"actions":[{"id":"action67","type":"key","parameters":{},"actions":[{"type":"keyDown","value":""},{"type":"pause","duration":10},{"type":"keyUp","value":""}]}]}
COMMAND: POST /session/f7dda4deea86e37c44fc2a10a2b2b70a/actions - {"actions":[{"id":"action68","type":"key","parameters":{},"actions":[{"type":"keyDown","value":""},{"type":"pause","duration":10},{"type":"keyUp","value":""}]}]}
COMMAND: GET /session/f7dda4deea86e37c44fc2a10a2b2b70a/screenshot - {}
RESULT: {"actions":[{"id":"action68","type":"key","parameters":{},"actions":[{"type":"keyDown","value":""},{"type":"pause","duration":10},{"type":"keyUp","value":""}]}]}
COMMAND: POST /session/f7dda4deea86e37c44fc2a10a2b2b70a/element - {"using":"xpath","value":"(//input[contains(@id ,\"requestItemsTable-0-inner\")])[1]"}
COMMAND: GET /session/f7dda4deea86e37c44fc2a10a2b2b70a/screenshot - {}
RESULT: {}
RESULT: {"using":"xpath","value":"(//input[contains(@id ,\"requestItemsTable-0-inner\")])[1]"}
COMMAND: POST /session/f7dda4deea86e37c44fc2a10a2b2b70a/element/f.30820BDFF87FD38C1A457C97C4719E16.d.F4DB10F936D303BDA3312B41AB4F7A6E.e.8944/clear - {}
RESULT: {}
RESULT: {}
COMMAND: POST /session/f7dda4deea86e37c44fc2a10a2b2b70a/element/f.30820BDFF87FD38C1A457C97C4719E16.d.F4DB10F936D303BDA3312B41AB4F7A6E.e.8944/value - {"text":"catalogItemoyipb"}
COMMAND: GET /session/f7dda4deea86e37c44fc2a10a2b2b70a/screenshot - {}
RESULT: {"text":"catalogItemoyipb"}
COMMAND: GET /session/f7dda4deea86e37c44fc2a10a2b2b70a/screenshot - {}
RESULT: {}
RESULT: {}
COMMAND: POST /session/f7dda4deea86e37c44fc2a10a2b2b70a/actions - {"actions":[{"id":"action69","type":"key","parameters":{},"actions":[{"type":"keyDown","value":""},{"type":"pause","duration":10},{"type":"keyUp","value":""}]}]}
RESULT: {"actions":[{"id":"action69","type":"key","parameters":{},"actions":[{"type":"keyDown","value":""},{"type":"pause","duration":10},{"type":"keyUp","value":""}]}]}
COMMAND: GET /session/f7dda4deea86e37c44fc2a10a2b2b70a/screenshot - {}
RESULT: {}
COMMAND: POST /session/f7dda4deea86e37c44fc2a10a2b2b70a/execute/async - {"script":"<script> [1562 bytes]","args":[{"selector":{"controlType":"sap.ui.core.Icon","viewName":"etm.portal.ui.managerequests.view.NewRequest","properties":{"src":{"regex":{"source":"slim\\-arrow\\-down"}}},"ancestor":{"controlType":"sap.m.Button","viewName":"etm.portal.ui.managerequests.view.NewRequest","properties":{"icon":"sap-icon://slim-arrow-down"}}},"wdio_ui5_key":"etmportal.ui.managerequests.view.NewRequestsap.ui.core.Icon{\"src\":{\"regex\":{\"source\":\"slim\\\\-arrow\\\\-down\"}}}{\"controlType\":\"sap.m.Button\",\"viewName\":\"etm.portal.ui.managerequests.view.NewRequest\",\"properties\":{\"icon\":\"sap-icon://slim-arrow-down\"}}"}]}
RESULT: {"script":"<script> [1562 bytes]","args":[{"selector":{"controlType":"sap.ui.core.Icon","viewName":"etm.portal.ui.managerequests.view.NewRequest","properties":{"src":{"regex":{"source":"slim\\-arrow\\-down"}}},"ancestor":{"controlType":"sap.m.Button","viewName":"etm.portal.ui.managerequests.view.NewRequest","properties":{"icon":"sap-icon://slim-arrow-down"}}},"wdio_ui5_key":"etmportal.ui.managerequests.view.NewRequestsap.ui.core.Icon{\"src\":{\"regex\":{\"source\":\"slim\\\\-arrow\\\\-down\"}}}{\"controlType\":\"sap.m.Button\",\"viewName\":\"etm.portal.ui.managerequests.view.NewRequest\",\"properties\":{\"icon\":\"sap-icon://slim-arrow-down\"}}"}]}
RESULT: undefined
COMMAND: POST /session/f7dda4deea86e37c44fc2a10a2b2b70a/element - {"using":"xpath","value":"//div[contains(@data-kt ,\"splitAllocationObjectStatus\")]"}
RESULT: {"using":"xpath","value":"//div[contains(@data-kt ,\"splitAllocationObjectStatus\")]"}
COMMAND: POST /session/f7dda4deea86e37c44fc2a10a2b2b70a/elements - {"using":"xpath","value":"//div[contains(@data-kt ,\"splitAllocationObjectStatus\")]"}
RESULT: {"using":"xpath","value":"//div[contains(@data-kt ,\"splitAllocationObjectStatus\")]"}
COMMAND: POST /session/f7dda4deea86e37c44fc2a10a2b2b70a/execute/async - {"script":"<script> [1562 bytes]","args":[{"selector":{"controlType":"sap.ui.core.Icon","viewName":"etm.portal.ui.managerequests.view.NewRequest","properties":{"src":{"regex":{"source":"message\\-error"}}}},"wdio_ui5_key":"etmportal.ui.managerequests.view.NewRequestsap.ui.core.Icon{\"src\":{\"regex\":{\"source\":\"message\\\\-error\"}}}"}]}
RESULT: {"script":"<script> [1562 bytes]","args":[{"selector":{"controlType":"sap.ui.core.Icon","viewName":"etm.portal.ui.managerequests.view.NewRequest","properties":{"src":{"regex":{"source":"message\\-error"}}}},"wdio_ui5_key":"etmportal.ui.managerequests.view.NewRequestsap.ui.core.Icon{\"src\":{\"regex\":{\"source\":\"message\\\\-error\"}}}"}]}
RESULT: undefined
COMMAND: POST /session/f7dda4deea86e37c44fc2a10a2b2b70a/element - {"using":"xpath","value":"//*[@id=\"__status4-__xmlview59--requestItemsTable-0-icon\"]"}
RESULT: {"using":"xpath","value":"//*[@id=\"__status4-__xmlview59--requestItemsTable-0-icon\"]"}
COMMAND: POST /session/f7dda4deea86e37c44fc2a10a2b2b70a/element/f.30820BDFF87FD38C1A457C97C4719E16.d.F4DB10F936D303BDA3312B41AB4F7A6E.e.8959/click - {}
RESULT: {}
COMMAND: POST /session/f7dda4deea86e37c44fc2a10a2b2b70a/execute/async - {"script":"<script> [1562 bytes]","args":[{"selector":{"controlType":"sap.ui.core.Icon","viewName":"etm.portal.ui.managerequests.view.NewRequest","properties":{"src":{"regex":{"source":"slim\\-arrow\\-down"}}},"searchOpenDialogs":true,"ancestor":{"id":"costObjectAdminTypeComboBox","viewName":"etm.portal.ui.managerequests.view.NewRequest","searchOpenDialogs":true}},"wdio_ui5_key":"etmportal.ui.managerequests.view.NewRequestsap.ui.core.Icon{\"src\":{\"regex\":{\"source\":\"slim\\\\-arrow\\\\-down\"}}}{\"id\":\"costObjectAdminTypeComboBox\",\"viewName\":\"etm.portal.ui.managerequests.view.NewRequest\",\"searchOpenDialogs\":true}"}]}
COMMAND: GET /session/f7dda4deea86e37c44fc2a10a2b2b70a/screenshot - {}
RESULT: {"script":"<script> [1562 bytes]","args":[{"selector":{"controlType":"sap.ui.core.Icon","viewName":"etm.portal.ui.managerequests.view.NewRequest","properties":{"src":{"regex":{"source":"slim\\-arrow\\-down"}}},"searchOpenDialogs":true,"ancestor":{"id":"costObjectAdminTypeComboBox","viewName":"etm.portal.ui.managerequests.view.NewRequest","searchOpenDialogs":true}},"wdio_ui5_key":"etmportal.ui.managerequests.view.NewRequestsap.ui.core.Icon{\"src\":{\"regex\":{\"source\":\"slim\\\\-arrow\\\\-down\"}}}{\"id\":\"costObjectAdminTypeComboBox\",\"viewName\":\"etm.portal.ui.managerequests.view.NewRequest\",\"searchOpenDialogs\":true}"}]}
RESULT: undefined
COMMAND: POST /session/f7dda4deea86e37c44fc2a10a2b2b70a/element - {"using":"xpath","value":"//*[@id=\"__xmlview59--costObjectAdminTypeComboBox-arrow\"]"}
RESULT: {}
RESULT: {"using":"xpath","value":"//*[@id=\"__xmlview59--costObjectAdminTypeComboBox-arrow\"]"}
COMMAND: POST /session/f7dda4deea86e37c44fc2a10a2b2b70a/element/f.30820BDFF87FD38C1A457C97C4719E16.d.F4DB10F936D303BDA3312B41AB4F7A6E.e.8964/click - {}
RESULT: {}
COMMAND: POST /session/f7dda4deea86e37c44fc2a10a2b2b70a/execute/async - {"script":"<script> [1562 bytes]","args":[{"selector":{"controlType":"sap.m.StandardListItem","viewName":"etm.portal.ui.managerequests.view.NewRequest","properties":{"title":"Cost Center"},"searchOpenDialogs":true,"interaction":{"idSuffix":"titleText"}},"wdio_ui5_key":"etmportal.ui.managerequests.view.NewRequestsap.m.StandardListItem{\"title\":\"Cost Center\"}"}]}
COMMAND: GET /session/f7dda4deea86e37c44fc2a10a2b2b70a/screenshot - {}
RESULT: {"script":"<script> [1562 bytes]","args":[{"selector":{"controlType":"sap.m.StandardListItem","viewName":"etm.portal.ui.managerequests.view.NewRequest","properties":{"title":"Cost Center"},"searchOpenDialogs":true,"interaction":{"idSuffix":"titleText"}},"wdio_ui5_key":"etmportal.ui.managerequests.view.NewRequestsap.m.StandardListItem{\"title\":\"Cost Center\"}"}]}
RESULT: undefined
COMMAND: POST /session/f7dda4deea86e37c44fc2a10a2b2b70a/element - {"using":"xpath","value":"//*[@id=\"__item368\"]"}
RESULT: {}
RESULT: {"using":"xpath","value":"//*[@id=\"__item368\"]"}
COMMAND: POST /session/f7dda4deea86e37c44fc2a10a2b2b70a/element/f.30820BDFF87FD38C1A457C97C4719E16.d.F4DB10F936D303BDA3312B41AB4F7A6E.e.8966/click - {}
RESULT: {}
COMMAND: GET /session/f7dda4deea86e37c44fc2a10a2b2b70a/screenshot - {}
RESULT: {}
COMMAND: POST /session/f7dda4deea86e37c44fc2a10a2b2b70a/execute/async - {"script":"<script> [1562 bytes]","args":[{"selector":{"controlType":"sap.ui.core.Icon","viewName":"etm.portal.ui.managerequests.view.NewRequest","properties":{"src":{"regex":{"source":"value\\-help"}}},"searchOpenDialogs":true},"wdio_ui5_key":"etmportal.ui.managerequests.view.NewRequestsap.ui.core.Icon{\"src\":{\"regex\":{\"source\":\"value\\\\-help\"}}}"}]}
RESULT: {"script":"<script> [1562 bytes]","args":[{"selector":{"controlType":"sap.ui.core.Icon","viewName":"etm.portal.ui.managerequests.view.NewRequest","properties":{"src":{"regex":{"source":"value\\-help"}}},"searchOpenDialogs":true},"wdio_ui5_key":"etmportal.ui.managerequests.view.NewRequestsap.ui.core.Icon{\"src\":{\"regex\":{\"source\":\"value\\\\-help\"}}}"}]}
RESULT: undefined
COMMAND: POST /session/f7dda4deea86e37c44fc2a10a2b2b70a/element - {"using":"xpath","value":"//*[@id=\"__xmlview59--costObjectIdComboBox-vhi\"]"}
RESULT: {"using":"xpath","value":"//*[@id=\"__xmlview59--costObjectIdComboBox-vhi\"]"}
COMMAND: POST /session/f7dda4deea86e37c44fc2a10a2b2b70a/element/f.30820BDFF87FD38C1A457C97C4719E16.d.F4DB10F936D303BDA3312B41AB4F7A6E.e.8973/click - {}
RESULT: {}
COMMAND: POST /session/f7dda4deea86e37c44fc2a10a2b2b70a/execute/async - {"script":"<script> [1562 bytes]","args":[{"selector":{"controlType":"sap.m.SearchField","properties":{"placeholder":"Search"},"searchOpenDialogs":true,"interaction":{"idSuffix":"I"}},"wdio_ui5_key":"sapm.SearchField{\"placeholder\":\"Search\"}"}]}
COMMAND: GET /session/f7dda4deea86e37c44fc2a10a2b2b70a/screenshot - {}
RESULT: {"script":"<script> [1562 bytes]","args":[{"selector":{"controlType":"sap.m.SearchField","properties":{"placeholder":"Search"},"searchOpenDialogs":true,"interaction":{"idSuffix":"I"}},"wdio_ui5_key":"sapm.SearchField{\"placeholder\":\"Search\"}"}]}
RESULT: undefined
COMMAND: POST /session/f7dda4deea86e37c44fc2a10a2b2b70a/execute/async - {"script":"<script> [776 bytes]","args":[{"enterText":"10001010","selector":{"controlType":"sap.m.SearchField","properties":{"placeholder":"Search"},"searchOpenDialogs":true,"interaction":{"idSuffix":"I"}},"clearTextFirst":true,"interactionType":"ENTER_TEXT"}]}
RESULT: {}
RESULT: {"script":"<script> [776 bytes]","args":[{"enterText":"10001010","selector":{"controlType":"sap.m.SearchField","properties":{"placeholder":"Search"},"searchOpenDialogs":true,"interaction":{"idSuffix":"I"}},"clearTextFirst":true,"interactionType":"ENTER_TEXT"}]}
COMMAND: POST /session/f7dda4deea86e37c44fc2a10a2b2b70a/actions - {"actions":[{"id":"action70","type":"key","parameters":{},"actions":[{"type":"keyDown","value":""},{"type":"pause","duration":10},{"type":"keyUp","value":""}]}]}
RESULT: {"actions":[{"id":"action70","type":"key","parameters":{},"actions":[{"type":"keyDown","value":""},{"type":"pause","duration":10},{"type":"keyUp","value":""}]}]}
COMMAND: GET /session/f7dda4deea86e37c44fc2a10a2b2b70a/screenshot - {}
RESULT: {}
COMMAND: POST /session/f7dda4deea86e37c44fc2a10a2b2b70a/execute/async - {"script":"<script> [1562 bytes]","args":[{"selector":{"controlType":"sap.m.Text","bindingPath":{"path":"/C_CostCtrValueHelp(CostCenter='10001010',ControllingArea='Z001')","propertyPath":"CostCenterName","modelName":"CostCenterModel"},"searchOpenDialogs":true},"wdio_ui5_key":"sapm.Text{\"path\":\"/C_CostCtrValueHelp(CostCenter='10001010',ControllingArea='Z001')\",\"propertyPath\":\"CostCenterName\",\"modelName\":\"CostCenterModel\"}"}]}
RESULT: {"script":"<script> [1562 bytes]","args":[{"selector":{"controlType":"sap.m.Text","bindingPath":{"path":"/C_CostCtrValueHelp(CostCenter='10001010',ControllingArea='Z001')","propertyPath":"CostCenterName","modelName":"CostCenterModel"},"searchOpenDialogs":true},"wdio_ui5_key":"sapm.Text{\"path\":\"/C_CostCtrValueHelp(CostCenter='10001010',ControllingArea='Z001')\",\"propertyPath\":\"CostCenterName\",\"modelName\":\"CostCenterModel\"}"}]}
RESULT: undefined
COMMAND: POST /session/f7dda4deea86e37c44fc2a10a2b2b70a/element - {"using":"xpath","value":"//*[@id=\"__text291-__clone472\"]"}
RESULT: {"using":"xpath","value":"//*[@id=\"__text291-__clone472\"]"}
COMMAND: POST /session/f7dda4deea86e37c44fc2a10a2b2b70a/element/f.30820BDFF87FD38C1A457C97C4719E16.d.F4DB10F936D303BDA3312B41AB4F7A6E.e.9013/click - {}
RESULT: {}
COMMAND: POST /session/f7dda4deea86e37c44fc2a10a2b2b70a/execute/async - {"script":"<script> [1562 bytes]","args":[{"selector":{"controlType":"sap.m.Button","properties":{"text":"OK"},"searchOpenDialogs":true,"interaction":{"idSuffix":"BDI-content"}},"wdio_ui5_key":"sapm.Button{\"text\":\"OK\"}"}]}
COMMAND: GET /session/f7dda4deea86e37c44fc2a10a2b2b70a/screenshot - {}
RESULT: {"script":"<script> [1562 bytes]","args":[{"selector":{"controlType":"sap.m.Button","properties":{"text":"OK"},"searchOpenDialogs":true,"interaction":{"idSuffix":"BDI-content"}},"wdio_ui5_key":"sapm.Button{\"text\":\"OK\"}"}]}
RESULT: undefined
COMMAND: POST /session/f7dda4deea86e37c44fc2a10a2b2b70a/element - {"using":"xpath","value":"//*[@id=\"__dialog1-ok\"]"}
RESULT: {}
RESULT: {"using":"xpath","value":"//*[@id=\"__dialog1-ok\"]"}
COMMAND: POST /session/f7dda4deea86e37c44fc2a10a2b2b70a/element/f.30820BDFF87FD38C1A457C97C4719E16.d.F4DB10F936D303BDA3312B41AB4F7A6E.e.9015/click - {}
RESULT: {}
COMMAND: GET /session/f7dda4deea86e37c44fc2a10a2b2b70a/screenshot - {}
RESULT: {}
COMMAND: POST /session/f7dda4deea86e37c44fc2a10a2b2b70a/execute/async - {"script":"<script> [1562 bytes]","args":[{"selector":{"controlType":"sap.m.Button","viewName":"etm.portal.ui.managerequests.view.NewRequest","i18NText":{"propertyName":"text","key":"save"},"searchOpenDialogs":true,"interaction":{"idSuffix":"BDI-content"}},"wdio_ui5_key":"etmportal.ui.managerequests.view.NewRequestsap.m.Button{\"propertyName\":\"text\",\"key\":\"save\"}"}]}
RESULT: {"script":"<script> [1562 bytes]","args":[{"selector":{"controlType":"sap.m.Button","viewName":"etm.portal.ui.managerequests.view.NewRequest","i18NText":{"propertyName":"text","key":"save"},"searchOpenDialogs":true,"interaction":{"idSuffix":"BDI-content"}},"wdio_ui5_key":"etmportal.ui.managerequests.view.NewRequestsap.m.Button{\"propertyName\":\"text\",\"key\":\"save\"}"}]}
RESULT: undefined
COMMAND: POST /session/f7dda4deea86e37c44fc2a10a2b2b70a/element - {"using":"xpath","value":"//*[@id=\"__button24\"]"}
RESULT: {"using":"xpath","value":"//*[@id=\"__button24\"]"}
COMMAND: POST /session/f7dda4deea86e37c44fc2a10a2b2b70a/element/f.30820BDFF87FD38C1A457C97C4719E16.d.F4DB10F936D303BDA3312B41AB4F7A6E.e.9019/click - {}
RESULT: {}
COMMAND: GET /session/f7dda4deea86e37c44fc2a10a2b2b70a/screenshot - {}
RESULT: {}
COMMAND: POST /session/f7dda4deea86e37c44fc2a10a2b2b70a/element - {"using":"xpath","value":"(//bdi[contains(text() ,\"Save\")])[1]"}
RESULT: {"using":"xpath","value":"(//bdi[contains(text() ,\"Save\")])[1]"}
COMMAND: POST /session/f7dda4deea86e37c44fc2a10a2b2b70a/element/f.30820BDFF87FD38C1A457C97C4719E16.d.F4DB10F936D303BDA3312B41AB4F7A6E.e.9021/click - {}
RESULT: {}
COMMAND: GET /session/f7dda4deea86e37c44fc2a10a2b2b70a/screenshot - {}
RESULT: {}
COMMAND: POST /session/f7dda4deea86e37c44fc2a10a2b2b70a/execute/async - {"script":"<script> [1562 bytes]","args":[{"selector":{"controlType":"sap.m.Title","properties":{"text":"Success"},"searchOpenDialogs":true},"wdio_ui5_key":"sapm.Title{\"text\":\"Success\"}"}]}
RESULT: {"script":"<script> [1562 bytes]","args":[{"selector":{"controlType":"sap.m.Title","properties":{"text":"Success"},"searchOpenDialogs":true},"wdio_ui5_key":"sapm.Title{\"text\":\"Success\"}"}]}
RESULT: undefined
COMMAND: POST /session/f7dda4deea86e37c44fc2a10a2b2b70a/execute/async - {"script":"<script> [6424 bytes]","args":[{"element-6066-11e4-a52e-4f735466cecf":"f.30820BDFF87FD38C1A457C97C4719E16.d.F4DB10F936D303BDA3312B41AB4F7A6E.e.9025"},"getText",[]]}
RESULT: {"script":"<script> [6424 bytes]","args":[{"element-6066-11e4-a52e-4f735466cecf":"f.30820BDFF87FD38C1A457C97C4719E16.d.F4DB10F936D303BDA3312B41AB4F7A6E.e.9025"},"getText",[]]}
COMMAND: POST /session/f7dda4deea86e37c44fc2a10a2b2b70a/execute/async - {"script":"<script> [1562 bytes]","args":[{"selector":{"controlType":"sap.m.Button","properties":{"text":"Close"},"searchOpenDialogs":true,"interaction":{"idSuffix":"BDI-content"}},"wdio_ui5_key":"sapm.Button{\"text\":\"Close\"}"}]}
RESULT: {"script":"<script> [1562 bytes]","args":[{"selector":{"controlType":"sap.m.Button","properties":{"text":"Close"},"searchOpenDialogs":true,"interaction":{"idSuffix":"BDI-content"}},"wdio_ui5_key":"sapm.Button{\"text\":\"Close\"}"}]}
RESULT: undefined
COMMAND: POST /session/f7dda4deea86e37c44fc2a10a2b2b70a/element - {"using":"xpath","value":"//*[@id=\"__mbox-btn-0\"]"}
RESULT: {"using":"xpath","value":"//*[@id=\"__mbox-btn-0\"]"}
COMMAND: POST /session/f7dda4deea86e37c44fc2a10a2b2b70a/element/f.30820BDFF87FD38C1A457C97C4719E16.d.F4DB10F936D303BDA3312B41AB4F7A6E.e.9024/click - {}
RESULT: {}
COMMAND: GET /session/f7dda4deea86e37c44fc2a10a2b2b70a/screenshot - {}
RESULT: {}
]]></system-out>
    </testcase>
    <testcase classname="chrome.136_0_7103_93.windows.Reserve/Unreserve_request_item_via_reserve_option_US139161" name="Should navigate to planning board and reserve the resource" time="96.589">
      <system-out><![CDATA[
COMMAND: POST /session/f7dda4deea86e37c44fc2a10a2b2b70a/execute/async - {"script":"<script> [1562 bytes]","args":[{"selector":{"controlType":"sap.m.Button","viewName":"etm.portal.ui.managerequests.view.Detail","i18NText":{"propertyName":"text","key":"planningSituation"},"interaction":{"idSuffix":"BDI-content"}},"wdio_ui5_key":"etmportal.ui.managerequests.view.Detailsap.m.Button{\"propertyName\":\"text\",\"key\":\"planningSituation\"}"}]}
RESULT: {"script":"<script> [1562 bytes]","args":[{"selector":{"controlType":"sap.m.Button","viewName":"etm.portal.ui.managerequests.view.Detail","i18NText":{"propertyName":"text","key":"planningSituation"},"interaction":{"idSuffix":"BDI-content"}},"wdio_ui5_key":"etmportal.ui.managerequests.view.Detailsap.m.Button{\"propertyName\":\"text\",\"key\":\"planningSituation\"}"}]}
RESULT: undefined
COMMAND: POST /session/f7dda4deea86e37c44fc2a10a2b2b70a/element - {"using":"xpath","value":"//*[@id=\"__button27\"]"}
RESULT: {"using":"xpath","value":"//*[@id=\"__button27\"]"}
COMMAND: POST /session/f7dda4deea86e37c44fc2a10a2b2b70a/element/f.30820BDFF87FD38C1A457C97C4719E16.d.F4DB10F936D303BDA3312B41AB4F7A6E.e.9053/click - {}
RESULT: {}
COMMAND: GET /session/f7dda4deea86e37c44fc2a10a2b2b70a/screenshot - {}
RESULT: {}
COMMAND: POST /session/f7dda4deea86e37c44fc2a10a2b2b70a/element - {"using":"xpath","value":"(//span[contains(@title ,\"WebdriverYard3mpceg\")])[1]"}
RESULT: {"using":"xpath","value":"(//span[contains(@title ,\"WebdriverYard3mpceg\")])[1]"}
COMMAND: POST /session/f7dda4deea86e37c44fc2a10a2b2b70a/elements - {"using":"xpath","value":"(//span[contains(@title ,\"WebdriverYard3mpceg\")])[1]"}
RESULT: {"using":"xpath","value":"(//span[contains(@title ,\"WebdriverYard3mpceg\")])[1]"}
COMMAND: POST /session/f7dda4deea86e37c44fc2a10a2b2b70a/elements - {"using":"xpath","value":"(//span[contains(@title ,\"WebdriverYard3mpceg\")])[1]"}
RESULT: {"using":"xpath","value":"(//span[contains(@title ,\"WebdriverYard3mpceg\")])[1]"}
COMMAND: POST /session/f7dda4deea86e37c44fc2a10a2b2b70a/elements - {"using":"xpath","value":"(//span[contains(@title ,\"WebdriverYard3mpceg\")])[1]"}
RESULT: {"using":"xpath","value":"(//span[contains(@title ,\"WebdriverYard3mpceg\")])[1]"}
COMMAND: POST /session/f7dda4deea86e37c44fc2a10a2b2b70a/elements - {"using":"xpath","value":"(//span[contains(@title ,\"WebdriverYard3mpceg\")])[1]"}
RESULT: {"using":"xpath","value":"(//span[contains(@title ,\"WebdriverYard3mpceg\")])[1]"}
COMMAND: POST /session/f7dda4deea86e37c44fc2a10a2b2b70a/elements - {"using":"xpath","value":"(//span[contains(@title ,\"WebdriverYard3mpceg\")])[1]"}
RESULT: {"using":"xpath","value":"(//span[contains(@title ,\"WebdriverYard3mpceg\")])[1]"}
COMMAND: POST /session/f7dda4deea86e37c44fc2a10a2b2b70a/elements - {"using":"xpath","value":"(//span[contains(@title ,\"WebdriverYard3mpceg\")])[1]"}
RESULT: {"using":"xpath","value":"(//span[contains(@title ,\"WebdriverYard3mpceg\")])[1]"}
COMMAND: POST /session/f7dda4deea86e37c44fc2a10a2b2b70a/elements - {"using":"xpath","value":"(//span[contains(@title ,\"WebdriverYard3mpceg\")])[1]"}
RESULT: {"using":"xpath","value":"(//span[contains(@title ,\"WebdriverYard3mpceg\")])[1]"}
COMMAND: POST /session/f7dda4deea86e37c44fc2a10a2b2b70a/elements - {"using":"xpath","value":"(//span[contains(@title ,\"WebdriverYard3mpceg\")])[1]"}
RESULT: {"using":"xpath","value":"(//span[contains(@title ,\"WebdriverYard3mpceg\")])[1]"}
COMMAND: POST /session/f7dda4deea86e37c44fc2a10a2b2b70a/elements - {"using":"xpath","value":"(//span[contains(@title ,\"WebdriverYard3mpceg\")])[1]"}
RESULT: {"using":"xpath","value":"(//span[contains(@title ,\"WebdriverYard3mpceg\")])[1]"}
COMMAND: POST /session/f7dda4deea86e37c44fc2a10a2b2b70a/elements - {"using":"xpath","value":"(//span[contains(@title ,\"WebdriverYard3mpceg\")])[1]"}
RESULT: {"using":"xpath","value":"(//span[contains(@title ,\"WebdriverYard3mpceg\")])[1]"}
COMMAND: POST /session/f7dda4deea86e37c44fc2a10a2b2b70a/element - {"using":"xpath","value":"(//span[contains(@title ,\"WebdriverYard3mpceg\")])[1]"}
RESULT: {"using":"xpath","value":"(//span[contains(@title ,\"WebdriverYard3mpceg\")])[1]"}
COMMAND: POST /session/f7dda4deea86e37c44fc2a10a2b2b70a/execute/sync - {"script":"<script> [8489 bytes]","args":[{"element-6066-11e4-a52e-4f735466cecf":"f.30820BDFF87FD38C1A457C97C4719E16.d.F4DB10F936D303BDA3312B41AB4F7A6E.e.9435","ELEMENT":"f.30820BDFF87FD38C1A457C97C4719E16.d.F4DB10F936D303BDA3312B41AB4F7A6E.e.9435"}]}
RESULT: {"script":"<script> [8489 bytes]","args":[{"element-6066-11e4-a52e-4f735466cecf":"f.30820BDFF87FD38C1A457C97C4719E16.d.F4DB10F936D303BDA3312B41AB4F7A6E.e.9435","ELEMENT":"f.30820BDFF87FD38C1A457C97C4719E16.d.F4DB10F936D303BDA3312B41AB4F7A6E.e.9435"}]}
COMMAND: POST /session/f7dda4deea86e37c44fc2a10a2b2b70a/element - {"using":"xpath","value":"(//span[contains(@title ,\"WebdriverYard3mpceg\")])[1]"}
COMMAND: GET /session/f7dda4deea86e37c44fc2a10a2b2b70a/screenshot - {}
RESULT: {"using":"xpath","value":"(//span[contains(@title ,\"WebdriverYard3mpceg\")])[1]"}
COMMAND: POST /session/f7dda4deea86e37c44fc2a10a2b2b70a/actions - {"actions":[{"id":"action71","type":"pointer","parameters":{"pointerType":"mouse"},"actions":[{"type":"pointerMove","button":0,"width":0,"height":0,"pressure":0,"tangentialPressure":0,"tiltX":0,"tiltY":0,"twist":0,"altitudeAngle":0,"_":"5 more keys: [\"azimuthAngle\",\"x\",\"y\",\"duration\",\"origin\"]"},{"type":"pointerDown","button":2,"width":0,"height":0,"pressure":0,"tangentialPressure":0,"tiltX":0,"tiltY":0,"twist":0,"altitudeAngle":0,"_":"1 more keys: [\"azimuthAngle\"]"},{"type":"pointerUp","button":2}]}]}
RESULT: {}
RESULT: {"actions":[{"id":"action71","type":"pointer","parameters":{"pointerType":"mouse"},"actions":[{"type":"pointerMove","button":0,"width":0,"height":0,"pressure":0,"tangentialPressure":0,"tiltX":0,"tiltY":0,"twist":0,"altitudeAngle":0,"_":"5 more keys: [\"azimuthAngle\",\"x\",\"y\",\"duration\",\"origin\"]"},{"type":"pointerDown","button":2,"width":0,"height":0,"pressure":0,"tangentialPressure":0,"tiltX":0,"tiltY":0,"twist":0,"altitudeAngle":0,"_":"1 more keys: [\"azimuthAngle\"]"},{"type":"pointerUp","button":2}]}]}
COMMAND: DELETE /session/f7dda4deea86e37c44fc2a10a2b2b70a/actions - {}
COMMAND: GET /session/f7dda4deea86e37c44fc2a10a2b2b70a/screenshot - {}
RESULT: {}
COMMAND: GET /session/f7dda4deea86e37c44fc2a10a2b2b70a/screenshot - {}
RESULT: {}
RESULT: {}
COMMAND: POST /session/f7dda4deea86e37c44fc2a10a2b2b70a/actions - {"actions":[{"id":"action72","type":"key","parameters":{},"actions":[{"type":"keyDown","value":""},{"type":"pause","duration":10},{"type":"keyUp","value":""}]}]}
RESULT: {"actions":[{"id":"action72","type":"key","parameters":{},"actions":[{"type":"keyDown","value":""},{"type":"pause","duration":10},{"type":"keyUp","value":""}]}]}
COMMAND: GET /session/f7dda4deea86e37c44fc2a10a2b2b70a/screenshot - {}
RESULT: {}
COMMAND: POST /session/f7dda4deea86e37c44fc2a10a2b2b70a/actions - {"actions":[{"id":"action73","type":"key","parameters":{},"actions":[{"type":"keyDown","value":""},{"type":"pause","duration":10},{"type":"keyUp","value":""}]}]}
RESULT: {"actions":[{"id":"action73","type":"key","parameters":{},"actions":[{"type":"keyDown","value":""},{"type":"pause","duration":10},{"type":"keyUp","value":""}]}]}
COMMAND: GET /session/f7dda4deea86e37c44fc2a10a2b2b70a/screenshot - {}
RESULT: {}
COMMAND: POST /session/f7dda4deea86e37c44fc2a10a2b2b70a/execute/async - {"script":"<script> [1562 bytes]","args":[{"selector":{"id":"application-planningboard-display-component---pB_RequestHeader--RUreservationComment","searchOpenDialogs":true,"interaction":{"idSuffix":"inner"}},"wdio_ui5_key":"applicationplanningboard-display-component---pB_RequestHeader--RUreservationComment"}]}
RESULT: {"script":"<script> [1562 bytes]","args":[{"selector":{"id":"application-planningboard-display-component---pB_RequestHeader--RUreservationComment","searchOpenDialogs":true,"interaction":{"idSuffix":"inner"}},"wdio_ui5_key":"applicationplanningboard-display-component---pB_RequestHeader--RUreservationComment"}]}
RESULT: undefined
COMMAND: POST /session/f7dda4deea86e37c44fc2a10a2b2b70a/execute/async - {"script":"<script> [776 bytes]","args":[{"enterText":"WdIORes1n2ymp","selector":{"id":"application-planningboard-display-component---pB_RequestHeader--RUreservationComment","searchOpenDialogs":true,"interaction":{"idSuffix":"inner"}},"clearTextFirst":true,"interactionType":"ENTER_TEXT"}]}
RESULT: {"script":"<script> [776 bytes]","args":[{"enterText":"WdIORes1n2ymp","selector":{"id":"application-planningboard-display-component---pB_RequestHeader--RUreservationComment","searchOpenDialogs":true,"interaction":{"idSuffix":"inner"}},"clearTextFirst":true,"interactionType":"ENTER_TEXT"}]}
COMMAND: POST /session/f7dda4deea86e37c44fc2a10a2b2b70a/execute/async - {"script":"<script> [1562 bytes]","args":[{"selector":{"controlType":"sap.m.Button","viewName":"etm.portal.ui.planningboard.view.detail.RequestHeader","viewId":"application-planningboard-display-component---pB_RequestHeader","properties":{"text":"Ok"},"searchOpenDialogs":true,"interaction":{"idSuffix":"BDI-content"}},"wdio_ui5_key":"etmportal.ui.planningboard.view.detail.RequestHeadersap.m.Button{\"text\":\"Ok\"}"}]}
RESULT: {"script":"<script> [1562 bytes]","args":[{"selector":{"controlType":"sap.m.Button","viewName":"etm.portal.ui.planningboard.view.detail.RequestHeader","viewId":"application-planningboard-display-component---pB_RequestHeader","properties":{"text":"Ok"},"searchOpenDialogs":true,"interaction":{"idSuffix":"BDI-content"}},"wdio_ui5_key":"etmportal.ui.planningboard.view.detail.RequestHeadersap.m.Button{\"text\":\"Ok\"}"}]}
RESULT: undefined
COMMAND: POST /session/f7dda4deea86e37c44fc2a10a2b2b70a/element - {"using":"xpath","value":"//*[@id=\"__button192\"]"}
RESULT: {"using":"xpath","value":"//*[@id=\"__button192\"]"}
COMMAND: POST /session/f7dda4deea86e37c44fc2a10a2b2b70a/element/f.30820BDFF87FD38C1A457C97C4719E16.d.F4DB10F936D303BDA3312B41AB4F7A6E.e.9448/click - {}
RESULT: {}
COMMAND: GET /session/f7dda4deea86e37c44fc2a10a2b2b70a/screenshot - {}
RESULT: {}
COMMAND: POST /session/f7dda4deea86e37c44fc2a10a2b2b70a/element - {"using":"xpath","value":"//span[contains(@title ,\"WebdriverYard3mpceg\")]"}
RESULT: {"using":"xpath","value":"//span[contains(@title ,\"WebdriverYard3mpceg\")]"}
COMMAND: POST /session/f7dda4deea86e37c44fc2a10a2b2b70a/actions - {"actions":[{"id":"action74","type":"pointer","parameters":{"pointerType":"mouse"},"actions":[{"type":"pointerMove","button":0,"width":0,"height":0,"pressure":0,"tangentialPressure":0,"tiltX":0,"tiltY":0,"twist":0,"altitudeAngle":0,"_":"5 more keys: [\"azimuthAngle\",\"x\",\"y\",\"duration\",\"origin\"]"},{"type":"pointerDown","button":2,"width":0,"height":0,"pressure":0,"tangentialPressure":0,"tiltX":0,"tiltY":0,"twist":0,"altitudeAngle":0,"_":"1 more keys: [\"azimuthAngle\"]"},{"type":"pointerUp","button":2}]}]}
RESULT: {"actions":[{"id":"action74","type":"pointer","parameters":{"pointerType":"mouse"},"actions":[{"type":"pointerMove","button":0,"width":0,"height":0,"pressure":0,"tangentialPressure":0,"tiltX":0,"tiltY":0,"twist":0,"altitudeAngle":0,"_":"5 more keys: [\"azimuthAngle\",\"x\",\"y\",\"duration\",\"origin\"]"},{"type":"pointerDown","button":2,"width":0,"height":0,"pressure":0,"tangentialPressure":0,"tiltX":0,"tiltY":0,"twist":0,"altitudeAngle":0,"_":"1 more keys: [\"azimuthAngle\"]"},{"type":"pointerUp","button":2}]}]}
COMMAND: DELETE /session/f7dda4deea86e37c44fc2a10a2b2b70a/actions - {}
COMMAND: GET /session/f7dda4deea86e37c44fc2a10a2b2b70a/screenshot - {}
RESULT: {}
COMMAND: GET /session/f7dda4deea86e37c44fc2a10a2b2b70a/screenshot - {}
RESULT: {}
RESULT: {}
COMMAND: POST /session/f7dda4deea86e37c44fc2a10a2b2b70a/actions - {"actions":[{"id":"action75","type":"key","parameters":{},"actions":[{"type":"keyDown","value":""},{"type":"pause","duration":10},{"type":"keyUp","value":""}]}]}
RESULT: {"actions":[{"id":"action75","type":"key","parameters":{},"actions":[{"type":"keyDown","value":""},{"type":"pause","duration":10},{"type":"keyUp","value":""}]}]}
COMMAND: GET /session/f7dda4deea86e37c44fc2a10a2b2b70a/screenshot - {}
RESULT: {}
COMMAND: POST /session/f7dda4deea86e37c44fc2a10a2b2b70a/actions - {"actions":[{"id":"action76","type":"key","parameters":{},"actions":[{"type":"keyDown","value":""},{"type":"pause","duration":10},{"type":"keyUp","value":""}]}]}
RESULT: {"actions":[{"id":"action76","type":"key","parameters":{},"actions":[{"type":"keyDown","value":""},{"type":"pause","duration":10},{"type":"keyUp","value":""}]}]}
COMMAND: GET /session/f7dda4deea86e37c44fc2a10a2b2b70a/screenshot - {}
RESULT: {}
RESULT: undefined
COMMAND: POST /session/f7dda4deea86e37c44fc2a10a2b2b70a/execute/async - {"script":"<script> [776 bytes]","args":[{"enterText":"WdIORes224mr3","selector":{"id":"application-planningboard-display-component---pB_RequestHeader--RUreservationComment","searchOpenDialogs":true,"interaction":{"idSuffix":"inner"}},"clearTextFirst":true,"interactionType":"ENTER_TEXT"}]}
RESULT: {"script":"<script> [776 bytes]","args":[{"enterText":"WdIORes224mr3","selector":{"id":"application-planningboard-display-component---pB_RequestHeader--RUreservationComment","searchOpenDialogs":true,"interaction":{"idSuffix":"inner"}},"clearTextFirst":true,"interactionType":"ENTER_TEXT"}]}
RESULT: undefined
COMMAND: POST /session/f7dda4deea86e37c44fc2a10a2b2b70a/element - {"using":"xpath","value":"//*[@id=\"__button192\"]"}
RESULT: {"using":"xpath","value":"//*[@id=\"__button192\"]"}
COMMAND: POST /session/f7dda4deea86e37c44fc2a10a2b2b70a/element/f.30820BDFF87FD38C1A457C97C4719E16.d.F4DB10F936D303BDA3312B41AB4F7A6E.e.9534/click - {}
RESULT: {}
COMMAND: GET /session/f7dda4deea86e37c44fc2a10a2b2b70a/screenshot - {}
RESULT: {}
COMMAND: POST /session/f7dda4deea86e37c44fc2a10a2b2b70a/execute/async - {"script":"<script> [1562 bytes]","args":[{"selector":{"controlType":"sap.m.Button","viewName":"etm.portal.ui.planningboard.view.detail.RequestHeader","viewId":"application-planningboard-display-component---pB_RequestHeader","i18NText":{"propertyName":"text","key":"close"},"ancestor":{"id":"application-planningboard-display-component---pB_RequestHeader--requestItemDetails"},"interaction":{"idSuffix":"BDI-content"}},"wdio_ui5_key":"etmportal.ui.planningboard.view.detail.RequestHeadersap.m.Button{\"propertyName\":\"text\",\"key\":\"close\"}{\"id\":\"application-planningboard-display-component---pB_RequestHeader--requestItemDetails\"}"}]}
RESULT: {"script":"<script> [1562 bytes]","args":[{"selector":{"controlType":"sap.m.Button","viewName":"etm.portal.ui.planningboard.view.detail.RequestHeader","viewId":"application-planningboard-display-component---pB_RequestHeader","i18NText":{"propertyName":"text","key":"close"},"ancestor":{"id":"application-planningboard-display-component---pB_RequestHeader--requestItemDetails"},"interaction":{"idSuffix":"BDI-content"}},"wdio_ui5_key":"etmportal.ui.planningboard.view.detail.RequestHeadersap.m.Button{\"propertyName\":\"text\",\"key\":\"close\"}{\"id\":\"application-planningboard-display-component---pB_RequestHeader--requestItemDetails\"}"}]}
RESULT: undefined
COMMAND: POST /session/f7dda4deea86e37c44fc2a10a2b2b70a/element - {"using":"xpath","value":"//*[@id=\"__button68\"]"}
RESULT: {"using":"xpath","value":"//*[@id=\"__button68\"]"}
COMMAND: POST /session/f7dda4deea86e37c44fc2a10a2b2b70a/element/f.30820BDFF87FD38C1A457C97C4719E16.d.F4DB10F936D303BDA3312B41AB4F7A6E.e.9458/click - {}
RESULT: {}
COMMAND: GET /session/f7dda4deea86e37c44fc2a10a2b2b70a/screenshot - {}
RESULT: {}
COMMAND: POST /session/f7dda4deea86e37c44fc2a10a2b2b70a/execute/async - {"script":"<script> [1562 bytes]","args":[{"selector":{"id":"application-planningboard-display-component---pB_Master--selectView","interaction":{"idSuffix":"arrow"}},"wdio_ui5_key":"applicationplanningboard-display-component---pB_Master--selectView"}]}
RESULT: {"script":"<script> [1562 bytes]","args":[{"selector":{"id":"application-planningboard-display-component---pB_Master--selectView","interaction":{"idSuffix":"arrow"}},"wdio_ui5_key":"applicationplanningboard-display-component---pB_Master--selectView"}]}
RESULT: undefined
COMMAND: POST /session/f7dda4deea86e37c44fc2a10a2b2b70a/element - {"using":"xpath","value":"//*[@id=\"application-planningboard-display-component---pB_Master--selectView\"]"}
RESULT: {"using":"xpath","value":"//*[@id=\"application-planningboard-display-component---pB_Master--selectView\"]"}
COMMAND: POST /session/f7dda4deea86e37c44fc2a10a2b2b70a/element/f.30820BDFF87FD38C1A457C97C4719E16.d.F4DB10F936D303BDA3312B41AB4F7A6E.e.9681/click - {}
RESULT: {}
COMMAND: GET /session/f7dda4deea86e37c44fc2a10a2b2b70a/screenshot - {}
RESULT: {}
COMMAND: POST /session/f7dda4deea86e37c44fc2a10a2b2b70a/execute/async - {"script":"<script> [1562 bytes]","args":[{"selector":{"controlType":"sap.ui.core.Item","viewName":"etm.portal.ui.planningboard.view.Master","viewId":"application-planningboard-display-component---pB_Master","i18NText":{"propertyName":"text","key":"manageReservations"},"searchOpenDialogs":true},"wdio_ui5_key":"etmportal.ui.planningboard.view.Mastersap.ui.core.Item{\"propertyName\":\"text\",\"key\":\"manageReservations\"}"}]}
RESULT: {"script":"<script> [1562 bytes]","args":[{"selector":{"controlType":"sap.ui.core.Item","viewName":"etm.portal.ui.planningboard.view.Master","viewId":"application-planningboard-display-component---pB_Master","i18NText":{"propertyName":"text","key":"manageReservations"},"searchOpenDialogs":true},"wdio_ui5_key":"etmportal.ui.planningboard.view.Mastersap.ui.core.Item{\"propertyName\":\"text\",\"key\":\"manageReservations\"}"}]}
RESULT: undefined
COMMAND: POST /session/f7dda4deea86e37c44fc2a10a2b2b70a/element - {"using":"xpath","value":"//*[@id=\"__item415\"]"}
RESULT: {"using":"xpath","value":"//*[@id=\"__item415\"]"}
COMMAND: POST /session/f7dda4deea86e37c44fc2a10a2b2b70a/element/f.30820BDFF87FD38C1A457C97C4719E16.d.F4DB10F936D303BDA3312B41AB4F7A6E.e.9684/click - {}
RESULT: {}
COMMAND: GET /session/f7dda4deea86e37c44fc2a10a2b2b70a/screenshot - {}
RESULT: {}
COMMAND: POST /session/f7dda4deea86e37c44fc2a10a2b2b70a/element - {"using":"xpath","value":"//span[contains(@id ,\"clone\")][contains(text(), \"WdIORes1n2ymp\")]"}
RESULT: {"using":"xpath","value":"//span[contains(@id ,\"clone\")][contains(text(), \"WdIORes1n2ymp\")]"}
COMMAND: GET /session/f7dda4deea86e37c44fc2a10a2b2b70a/element/f.30820BDFF87FD38C1A457C97C4719E16.d.F4DB10F936D303BDA3312B41AB4F7A6E.e.9699/text - {}
RESULT: {}
COMMAND: POST /session/f7dda4deea86e37c44fc2a10a2b2b70a/element - {"using":"xpath","value":"//span[contains(@id ,\"clone\")][contains(text(), \"WdIORes224mr3\")]"}
RESULT: {"using":"xpath","value":"//span[contains(@id ,\"clone\")][contains(text(), \"WdIORes224mr3\")]"}
COMMAND: POST /session/f7dda4deea86e37c44fc2a10a2b2b70a/element/f.30820BDFF87FD38C1A457C97C4719E16.d.F4DB10F936D303BDA3312B41AB4F7A6E.e.9700/click - {}
RESULT: {}
COMMAND: GET /session/f7dda4deea86e37c44fc2a10a2b2b70a/screenshot - {}
RESULT: {}
COMMAND: POST /session/f7dda4deea86e37c44fc2a10a2b2b70a/actions - {"actions":[{"id":"action77","type":"key","parameters":{},"actions":[{"type":"keyDown","value":""},{"type":"pause","duration":10},{"type":"keyUp","value":""}]}]}
RESULT: {"actions":[{"id":"action77","type":"key","parameters":{},"actions":[{"type":"keyDown","value":""},{"type":"pause","duration":10},{"type":"keyUp","value":""}]}]}
COMMAND: GET /session/f7dda4deea86e37c44fc2a10a2b2b70a/screenshot - {}
RESULT: {}
COMMAND: POST /session/f7dda4deea86e37c44fc2a10a2b2b70a/execute/async - {"script":"<script> [1562 bytes]","args":[{"selector":{"controlType":"sap.m.Button","viewName":"etm.portal.ui.planningboard.view.detail.Planning","viewId":"application-planningboard-display-component---pB_Planning","i18NText":{"propertyName":"text","key":"unplan"},"interaction":{"idSuffix":"BDI-content"}},"wdio_ui5_key":"etmportal.ui.planningboard.view.detail.Planningsap.m.Button{\"propertyName\":\"text\",\"key\":\"unplan\"}"}]}
RESULT: {"script":"<script> [1562 bytes]","args":[{"selector":{"controlType":"sap.m.Button","viewName":"etm.portal.ui.planningboard.view.detail.Planning","viewId":"application-planningboard-display-component---pB_Planning","i18NText":{"propertyName":"text","key":"unplan"},"interaction":{"idSuffix":"BDI-content"}},"wdio_ui5_key":"etmportal.ui.planningboard.view.detail.Planningsap.m.Button{\"propertyName\":\"text\",\"key\":\"unplan\"}"}]}
RESULT: undefined
COMMAND: POST /session/f7dda4deea86e37c44fc2a10a2b2b70a/element - {"using":"xpath","value":"//*[@id=\"__button258\"]"}
RESULT: {"using":"xpath","value":"//*[@id=\"__button258\"]"}
COMMAND: POST /session/f7dda4deea86e37c44fc2a10a2b2b70a/element/f.30820BDFF87FD38C1A457C97C4719E16.d.F4DB10F936D303BDA3312B41AB4F7A6E.e.9763/click - {}
RESULT: {}
COMMAND: GET /session/f7dda4deea86e37c44fc2a10a2b2b70a/screenshot - {}
RESULT: {}
COMMAND: POST /session/f7dda4deea86e37c44fc2a10a2b2b70a/element - {"using":"xpath","value":"//span[contains(@id ,\"clone\")][contains(text(), \"WdIORes224mr3\")]"}
RESULT: {"using":"xpath","value":"//span[contains(@id ,\"clone\")][contains(text(), \"WdIORes224mr3\")]"}
COMMAND: POST /session/f7dda4deea86e37c44fc2a10a2b2b70a/element - {"using":"xpath","value":"//span[contains(@id ,\"clone\")][contains(text(), \"WdIORes224mr3\")]"}
RESULT: {"using":"xpath","value":"//span[contains(@id ,\"clone\")][contains(text(), \"WdIORes224mr3\")]"}
COMMAND: POST /session/f7dda4deea86e37c44fc2a10a2b2b70a/element - {"using":"xpath","value":"//span[contains(@id ,\"clone\")][contains(text(), \"WdIORes1n2ymp\")]"}
RESULT: {"using":"xpath","value":"//span[contains(@id ,\"clone\")][contains(text(), \"WdIORes1n2ymp\")]"}
COMMAND: POST /session/f7dda4deea86e37c44fc2a10a2b2b70a/element/f.30820BDFF87FD38C1A457C97C4719E16.d.F4DB10F936D303BDA3312B41AB4F7A6E.e.9828/click - {}
RESULT: {}
COMMAND: GET /session/f7dda4deea86e37c44fc2a10a2b2b70a/screenshot - {}
RESULT: {}
COMMAND: POST /session/f7dda4deea86e37c44fc2a10a2b2b70a/actions - {"actions":[{"id":"action78","type":"key","parameters":{},"actions":[{"type":"keyDown","value":""},{"type":"pause","duration":10},{"type":"keyUp","value":""}]}]}
RESULT: {"actions":[{"id":"action78","type":"key","parameters":{},"actions":[{"type":"keyDown","value":""},{"type":"pause","duration":10},{"type":"keyUp","value":""}]}]}
COMMAND: GET /session/f7dda4deea86e37c44fc2a10a2b2b70a/screenshot - {}
RESULT: {}
]]></system-out>
    </testcase>
  </testsuite>
  <testsuite timestamp="2025-05-23T16:14:46" time="31.101" tests="1" failures="0" errors="0" skipped="0">
    <properties>
      <property name="specId" value="0"/>
      <property name="suiteName" value="Reserve/Unreserve request item via reserve option US139161"/>
      <property name="capabilities" value="chrome.136_0_7103_93.windows"/>
      <property name="file" value="file:///D:/a/1/s/test/specs/R2C/manage-reservations-view-planning-board.spec.js"/>
    </properties>
    <testcase classname="chrome.136_0_7103_93.windows.Reserve/Unreserve_request_item_via_reserve_option_US139161" name="Should open a reservation to verify and edit the details" time="31.099">
      <system-out><![CDATA[
COMMAND: POST /session/f7dda4deea86e37c44fc2a10a2b2b70a/element - {"using":"xpath","value":"//button[contains(@data-kt, \"editButton\")]"}
RESULT: {"using":"xpath","value":"//button[contains(@data-kt, \"editButton\")]"}
COMMAND: POST /session/f7dda4deea86e37c44fc2a10a2b2b70a/execute/sync - {"script":"<script> [8489 bytes]","args":[{"element-6066-11e4-a52e-4f735466cecf":"f.30820BDFF87FD38C1A457C97C4719E16.d.F4DB10F936D303BDA3312B41AB4F7A6E.e.9879","ELEMENT":"f.30820BDFF87FD38C1A457C97C4719E16.d.F4DB10F936D303BDA3312B41AB4F7A6E.e.9879"}]}
RESULT: {"script":"<script> [8489 bytes]","args":[{"element-6066-11e4-a52e-4f735466cecf":"f.30820BDFF87FD38C1A457C97C4719E16.d.F4DB10F936D303BDA3312B41AB4F7A6E.e.9879","ELEMENT":"f.30820BDFF87FD38C1A457C97C4719E16.d.F4DB10F936D303BDA3312B41AB4F7A6E.e.9879"}]}
COMMAND: POST /session/f7dda4deea86e37c44fc2a10a2b2b70a/element - {"using":"xpath","value":"//button[contains(@data-kt, \"unplanButton\")]"}
COMMAND: GET /session/f7dda4deea86e37c44fc2a10a2b2b70a/screenshot - {}
RESULT: {"using":"xpath","value":"//button[contains(@data-kt, \"unplanButton\")]"}
COMMAND: POST /session/f7dda4deea86e37c44fc2a10a2b2b70a/execute/sync - {"script":"<script> [8489 bytes]","args":[{"element-6066-11e4-a52e-4f735466cecf":"f.30820BDFF87FD38C1A457C97C4719E16.d.F4DB10F936D303BDA3312B41AB4F7A6E.e.9880","ELEMENT":"f.30820BDFF87FD38C1A457C97C4719E16.d.F4DB10F936D303BDA3312B41AB4F7A6E.e.9880"}]}
RESULT: {}
RESULT: {"script":"<script> [8489 bytes]","args":[{"element-6066-11e4-a52e-4f735466cecf":"f.30820BDFF87FD38C1A457C97C4719E16.d.F4DB10F936D303BDA3312B41AB4F7A6E.e.9880","ELEMENT":"f.30820BDFF87FD38C1A457C97C4719E16.d.F4DB10F936D303BDA3312B41AB4F7A6E.e.9880"}]}
COMMAND: POST /session/f7dda4deea86e37c44fc2a10a2b2b70a/element - {"using":"xpath","value":"//button[contains(@data-kt, \"editButton\")]"}
COMMAND: GET /session/f7dda4deea86e37c44fc2a10a2b2b70a/screenshot - {}
RESULT: {"using":"xpath","value":"//button[contains(@data-kt, \"editButton\")]"}
COMMAND: POST /session/f7dda4deea86e37c44fc2a10a2b2b70a/element/f.30820BDFF87FD38C1A457C97C4719E16.d.F4DB10F936D303BDA3312B41AB4F7A6E.e.9879/click - {}
RESULT: {}
RESULT: {}
COMMAND: POST /session/f7dda4deea86e37c44fc2a10a2b2b70a/element - {"using":"xpath","value":"(//input[contains(@id ,\"picker\")][contains(@aria-roledescription ,\"Date Input\")])[4]"}
COMMAND: GET /session/f7dda4deea86e37c44fc2a10a2b2b70a/screenshot - {}
RESULT: {"using":"xpath","value":"(//input[contains(@id ,\"picker\")][contains(@aria-roledescription ,\"Date Input\")])[4]"}
COMMAND: POST /session/f7dda4deea86e37c44fc2a10a2b2b70a/element/f.30820BDFF87FD38C1A457C97C4719E16.d.F4DB10F936D303BDA3312B41AB4F7A6E.e.9848/clear - {}
RESULT: {}
RESULT: {}
COMMAND: POST /session/f7dda4deea86e37c44fc2a10a2b2b70a/element/f.30820BDFF87FD38C1A457C97C4719E16.d.F4DB10F936D303BDA3312B41AB4F7A6E.e.9848/value - {"text":"5/25/25"}
COMMAND: GET /session/f7dda4deea86e37c44fc2a10a2b2b70a/screenshot - {}
RESULT: {"text":"5/25/25"}
COMMAND: GET /session/f7dda4deea86e37c44fc2a10a2b2b70a/screenshot - {}
RESULT: {}
RESULT: {}
COMMAND: POST /session/f7dda4deea86e37c44fc2a10a2b2b70a/element - {"using":"xpath","value":"//bdi[contains(text(), \"Save\")]"}
RESULT: {"using":"xpath","value":"//bdi[contains(text(), \"Save\")]"}
COMMAND: POST /session/f7dda4deea86e37c44fc2a10a2b2b70a/element/f.30820BDFF87FD38C1A457C97C4719E16.d.F4DB10F936D303BDA3312B41AB4F7A6E.e.9903/click - {}
RESULT: {}
COMMAND: GET /session/f7dda4deea86e37c44fc2a10a2b2b70a/screenshot - {}
RESULT: {}
COMMAND: POST /session/f7dda4deea86e37c44fc2a10a2b2b70a/element - {"using":"xpath","value":"(//input[contains(@id ,\"picker\")][contains(@aria-roledescription ,\"Date Input\")])[4]"}
RESULT: {"using":"xpath","value":"(//input[contains(@id ,\"picker\")][contains(@aria-roledescription ,\"Date Input\")])[4]"}
COMMAND: GET /session/f7dda4deea86e37c44fc2a10a2b2b70a/element/f.30820BDFF87FD38C1A457C97C4719E16.d.F4DB10F936D303BDA3312B41AB4F7A6E.e.9848/property/value - {}
RESULT: {}
COMMAND: GET /session/f7dda4deea86e37c44fc2a10a2b2b70a/screenshot - {}
RESULT: {}
COMMAND: POST /session/f7dda4deea86e37c44fc2a10a2b2b70a/element - {"using":"xpath","value":"//bdi[contains(text(), \"Unplan\")]"}
RESULT: {"using":"xpath","value":"//bdi[contains(text(), \"Unplan\")]"}
COMMAND: POST /session/f7dda4deea86e37c44fc2a10a2b2b70a/element/f.30820BDFF87FD38C1A457C97C4719E16.d.F4DB10F936D303BDA3312B41AB4F7A6E.e.9915/click - {}
RESULT: {}
COMMAND: GET /session/f7dda4deea86e37c44fc2a10a2b2b70a/screenshot - {}
RESULT: {}
COMMAND: POST /session/f7dda4deea86e37c44fc2a10a2b2b70a/element - {"using":"css selector","value":"#shell-header-logo"}
RESULT: {"using":"css selector","value":"#shell-header-logo"}
COMMAND: POST /session/f7dda4deea86e37c44fc2a10a2b2b70a/element/f.30820BDFF87FD38C1A457C97C4719E16.d.F4DB10F936D303BDA3312B41AB4F7A6E.e.8593/click - {}
RESULT: {}
COMMAND: GET /session/f7dda4deea86e37c44fc2a10a2b2b70a/screenshot - {}
RESULT: {}
]]></system-out>
    </testcase>
  </testsuite>
  <testsuite timestamp="2025-05-23T16:15:17" time="484.256" tests="4" failures="0" errors="0" skipped="0">
    <properties>
      <property name="specId" value="0"/>
      <property name="suiteName" value="Process request items into an existing quotation US120163"/>
      <property name="capabilities" value="chrome.136_0_7103_93.windows"/>
      <property name="file" value="file:///D:/a/1/s/test/specs/R2C/process-request-items-into-existing-quotation.spec.js"/>
    </properties>
    <testcase classname="chrome.136_0_7103_93.windows.Process_request_items_into_an_existing_quotation_US120163" name="Should create a new quotation" time="103.911">
      <system-out><![CDATA[
COMMAND: POST /session/f7dda4deea86e37c44fc2a10a2b2b70a/execute/async - {"script":"<script> [1562 bytes]","args":[{"selector":{"controlType":"sap.m.GenericTile","properties":{"header":"Manage Quotations"}},"wdio_ui5_key":"sapm.GenericTile{\"header\":\"Manage Quotations\"}"}]}
RESULT: {"script":"<script> [1562 bytes]","args":[{"selector":{"controlType":"sap.m.GenericTile","properties":{"header":"Manage Quotations"}},"wdio_ui5_key":"sapm.GenericTile{\"header\":\"Manage Quotations\"}"}]}
RESULT: undefined
COMMAND: POST /session/f7dda4deea86e37c44fc2a10a2b2b70a/element - {"using":"xpath","value":"//*[@id=\"__tile131\"]"}
RESULT: {"using":"xpath","value":"//*[@id=\"__tile131\"]"}
COMMAND: POST /session/f7dda4deea86e37c44fc2a10a2b2b70a/element/f.30820BDFF87FD38C1A457C97C4719E16.d.F4DB10F936D303BDA3312B41AB4F7A6E.e.9970/click - {}
RESULT: {}
COMMAND: GET /session/f7dda4deea86e37c44fc2a10a2b2b70a/screenshot - {}
RESULT: {}
COMMAND: POST /session/f7dda4deea86e37c44fc2a10a2b2b70a/elements - {"using":"xpath","value":"//span[text()='Error']"}
RESULT: {"using":"xpath","value":"//span[text()='Error']"}
COMMAND: POST /session/f7dda4deea86e37c44fc2a10a2b2b70a/element - {"using":"xpath","value":"//button[contains(@title ,\"Add New Contract\")]"}
RESULT: {"using":"xpath","value":"//button[contains(@title ,\"Add New Contract\")]"}
COMMAND: POST /session/f7dda4deea86e37c44fc2a10a2b2b70a/element/f.30820BDFF87FD38C1A457C97C4719E16.d.F4DB10F936D303BDA3312B41AB4F7A6E.e.10011/click - {}
RESULT: {}
COMMAND: GET /session/f7dda4deea86e37c44fc2a10a2b2b70a/screenshot - {}
RESULT: {}
COMMAND: POST /session/f7dda4deea86e37c44fc2a10a2b2b70a/element - {"using":"xpath","value":"//input[contains(@id ,\"application-managequotations-display-component---AddNewContract--projectDescription-inner\")]"}
RESULT: {"using":"xpath","value":"//input[contains(@id ,\"application-managequotations-display-component---AddNewContract--projectDescription-inner\")]"}
COMMAND: POST /session/f7dda4deea86e37c44fc2a10a2b2b70a/element/f.30820BDFF87FD38C1A457C97C4719E16.d.F4DB10F936D303BDA3312B41AB4F7A6E.e.10276/value - {"text":"WdIOQuotationzxm4w"}
RESULT: {"text":"WdIOQuotationzxm4w"}
COMMAND: GET /session/f7dda4deea86e37c44fc2a10a2b2b70a/screenshot - {}
RESULT: {}
COMMAND: POST /session/f7dda4deea86e37c44fc2a10a2b2b70a/element - {"using":"xpath","value":"//input[contains(@id ,\"application-managequotations-display-component---AddNewContract--yardId-inner\")]"}
RESULT: {"using":"xpath","value":"//input[contains(@id ,\"application-managequotations-display-component---AddNewContract--yardId-inner\")]"}
COMMAND: POST /session/f7dda4deea86e37c44fc2a10a2b2b70a/element/f.30820BDFF87FD38C1A457C97C4719E16.d.F4DB10F936D303BDA3312B41AB4F7A6E.e.10279/value - {"text":"WebdriverYard3mpceg"}
RESULT: {"text":"WebdriverYard3mpceg"}
COMMAND: GET /session/f7dda4deea86e37c44fc2a10a2b2b70a/screenshot - {}
RESULT: {}
COMMAND: POST /session/f7dda4deea86e37c44fc2a10a2b2b70a/actions - {"actions":[{"id":"action79","type":"key","parameters":{},"actions":[{"type":"keyDown","value":""},{"type":"pause","duration":10},{"type":"keyUp","value":""}]}]}
RESULT: {"actions":[{"id":"action79","type":"key","parameters":{},"actions":[{"type":"keyDown","value":""},{"type":"pause","duration":10},{"type":"keyUp","value":""}]}]}
COMMAND: GET /session/f7dda4deea86e37c44fc2a10a2b2b70a/screenshot - {}
RESULT: {}
COMMAND: POST /session/f7dda4deea86e37c44fc2a10a2b2b70a/element - {"using":"xpath","value":"//input[contains(@id ,\"application-managequotations-display-component---AddNewContract--customerSelect-inner\")]"}
RESULT: {"using":"xpath","value":"//input[contains(@id ,\"application-managequotations-display-component---AddNewContract--customerSelect-inner\")]"}
COMMAND: POST /session/f7dda4deea86e37c44fc2a10a2b2b70a/element/f.30820BDFF87FD38C1A457C97C4719E16.d.F4DB10F936D303BDA3312B41AB4F7A6E.e.10277/value - {"text":"WebdriverPartneribxbz"}
RESULT: {"text":"WebdriverPartneribxbz"}
COMMAND: GET /session/f7dda4deea86e37c44fc2a10a2b2b70a/screenshot - {}
RESULT: {}
COMMAND: POST /session/f7dda4deea86e37c44fc2a10a2b2b70a/actions - {"actions":[{"id":"action80","type":"key","parameters":{},"actions":[{"type":"keyDown","value":""},{"type":"pause","duration":10},{"type":"keyUp","value":""}]}]}
RESULT: {"actions":[{"id":"action80","type":"key","parameters":{},"actions":[{"type":"keyDown","value":""},{"type":"pause","duration":10},{"type":"keyUp","value":""}]}]}
COMMAND: GET /session/f7dda4deea86e37c44fc2a10a2b2b70a/screenshot - {}
RESULT: {}
COMMAND: POST /session/f7dda4deea86e37c44fc2a10a2b2b70a/element - {"using":"xpath","value":"//input[contains(@id ,\"application-managequotations-display-component---AddNewContract--site-inner\")]"}
RESULT: {"using":"xpath","value":"//input[contains(@id ,\"application-managequotations-display-component---AddNewContract--site-inner\")]"}
COMMAND: POST /session/f7dda4deea86e37c44fc2a10a2b2b70a/element/f.30820BDFF87FD38C1A457C97C4719E16.d.F4DB10F936D303BDA3312B41AB4F7A6E.e.10278/value - {"text":"WebdriverSiten0blx"}
RESULT: {"text":"WebdriverSiten0blx"}
COMMAND: GET /session/f7dda4deea86e37c44fc2a10a2b2b70a/screenshot - {}
RESULT: {}
COMMAND: POST /session/f7dda4deea86e37c44fc2a10a2b2b70a/actions - {"actions":[{"id":"action81","type":"key","parameters":{},"actions":[{"type":"keyDown","value":""},{"type":"pause","duration":10},{"type":"keyUp","value":""}]}]}
RESULT: {"actions":[{"id":"action81","type":"key","parameters":{},"actions":[{"type":"keyDown","value":""},{"type":"pause","duration":10},{"type":"keyUp","value":""}]}]}
COMMAND: GET /session/f7dda4deea86e37c44fc2a10a2b2b70a/screenshot - {}
RESULT: {}
COMMAND: POST /session/f7dda4deea86e37c44fc2a10a2b2b70a/element - {"using":"xpath","value":"//bdi[contains(text(), \"Save\")]"}
RESULT: {"using":"xpath","value":"//bdi[contains(text(), \"Save\")]"}
COMMAND: POST /session/f7dda4deea86e37c44fc2a10a2b2b70a/element/f.30820BDFF87FD38C1A457C97C4719E16.d.F4DB10F936D303BDA3312B41AB4F7A6E.e.10371/click - {}
RESULT: {}
COMMAND: GET /session/f7dda4deea86e37c44fc2a10a2b2b70a/screenshot - {}
RESULT: {}
COMMAND: POST /session/f7dda4deea86e37c44fc2a10a2b2b70a/element - {"using":"css selector","value":"#shell-header-logo"}
RESULT: {"using":"css selector","value":"#shell-header-logo"}
COMMAND: POST /session/f7dda4deea86e37c44fc2a10a2b2b70a/element/f.30820BDFF87FD38C1A457C97C4719E16.d.F4DB10F936D303BDA3312B41AB4F7A6E.e.9972/click - {}
RESULT: {}
COMMAND: GET /session/f7dda4deea86e37c44fc2a10a2b2b70a/screenshot - {}
RESULT: {}
COMMAND: POST /session/f7dda4deea86e37c44fc2a10a2b2b70a/refresh - {}
RESULT: {}
COMMAND: GET /session/f7dda4deea86e37c44fc2a10a2b2b70a/screenshot - {}
RESULT: {}
COMMAND: POST /session/f7dda4deea86e37c44fc2a10a2b2b70a/execute/async - {"script":"<script> [189 bytes]","args":[]}
RESULT: {"script":"<script> [189 bytes]","args":[]}
COMMAND: POST /session/f7dda4deea86e37c44fc2a10a2b2b70a/execute/async - {"script":"<script> [123 bytes]","args":[]}
RESULT: {"script":"<script> [123 bytes]","args":[]}
COMMAND: POST /session/f7dda4deea86e37c44fc2a10a2b2b70a/timeouts - {"script":"<number>"}
RESULT: {"script":"<number>"}
COMMAND: GET /session/f7dda4deea86e37c44fc2a10a2b2b70a/timeouts - {}
RESULT: {}
RESULT: undefined
COMMAND: POST /session/f7dda4deea86e37c44fc2a10a2b2b70a/execute/async - {"script":"<script> [2676 bytes]","args":[]}
RESULT: {"script":"<script> [2676 bytes]","args":[]}
COMMAND: POST /session/f7dda4deea86e37c44fc2a10a2b2b70a/execute/async - {"script":"<script> [2342 bytes]","args":[{"protocol":"http","hostname":"0.0.0.0","path":"/","capabilities":{"browserName":"chrome","goog:chromeOptions":{"binary":"C:\\Program Files\\Google\\Chrome\\Application\\chrome.exe","args":["--start-maximized"]}},"logLevel":"warn","connectionRetryTimeout":120000,"connectionRetryCount":3,"logLevels":{},"enableDirectConnect":true,"strictSSL":true,"_":"65 more keys: [\"cacheDir\",\"port\",\"requestedCapabilities\",\"automationProtocol\",\"baseUrl\",\"waitforInterval\",\"waitforTimeout\",\"onReload\",\"beforeCommand\",\"afterCommand\",\"rootDir\",\"specs\",\"suites\",\"exclude\",\"groupLogsByTestSpec\",\"excludeDriverLogs\",\"bail\",\"framework\",\"reporters\",\"services\",\"maxInstances\",\"maxInstancesPerCapability\",\"injectGlobals\",\"filesToWatch\",\"execArgv\",\"runnerEnv\",\"runner\",\"shard\",\"specFileRetries\",\"specFileRetriesDelay\",\"specFileRetriesDeferred\",\"reporterSyncInterval\",\"reporterSyncTimeout\",\"cucumberFeaturesWithLineNumbers\",\"autoCompileOpts\",\"mochaOpts\",\"jasmineOpts\",\"cucumberOpts\",\"onPrepare\",\"onWorkerStart\",\"onWorkerEnd\",\"before\",\"beforeSession\",\"beforeSuite\",\"beforeHook\",\"beforeTest\",\"afterTest\",\"afterHook\",\"afterSuite\",\"afterSession\",\"after\",\"onComplete\",\"beforeAssertion\",\"afterAssertion\",\"beforeFeature\",\"beforeScenario\",\"beforeStep\",\"afterStep\",\"afterScenario\",\"afterFeature\",\"_\",\"suite\",\"$0\",\"ignoredWorkerServices\",\"wdi5\"]"}]}
RESULT: {"script":"<script> [2342 bytes]","args":[{"protocol":"http","hostname":"0.0.0.0","path":"/","capabilities":{"browserName":"chrome","goog:chromeOptions":{"binary":"C:\\Program Files\\Google\\Chrome\\Application\\chrome.exe","args":["--start-maximized"]}},"logLevel":"warn","connectionRetryTimeout":120000,"connectionRetryCount":3,"logLevels":{},"enableDirectConnect":true,"strictSSL":true,"_":"65 more keys: [\"cacheDir\",\"port\",\"requestedCapabilities\",\"automationProtocol\",\"baseUrl\",\"waitforInterval\",\"waitforTimeout\",\"onReload\",\"beforeCommand\",\"afterCommand\",\"rootDir\",\"specs\",\"suites\",\"exclude\",\"groupLogsByTestSpec\",\"excludeDriverLogs\",\"bail\",\"framework\",\"reporters\",\"services\",\"maxInstances\",\"maxInstancesPerCapability\",\"injectGlobals\",\"filesToWatch\",\"execArgv\",\"runnerEnv\",\"runner\",\"shard\",\"specFileRetries\",\"specFileRetriesDelay\",\"specFileRetriesDeferred\",\"reporterSyncInterval\",\"reporterSyncTimeout\",\"cucumberFeaturesWithLineNumbers\",\"autoCompileOpts\",\"mochaOpts\",\"jasmineOpts\",\"cucumberOpts\",\"onPrepare\",\"onWorkerStart\",\"onWorkerEnd\",\"before\",\"beforeSession\",\"beforeSuite\",\"beforeHook\",\"beforeTest\",\"afterTest\",\"afterHook\",\"afterSuite\",\"afterSession\",\"after\",\"onComplete\",\"beforeAssertion\",\"afterAssertion\",\"beforeFeature\",\"beforeScenario\",\"beforeStep\",\"afterStep\",\"afterScenario\",\"afterFeature\",\"_\",\"suite\",\"$0\",\"ignoredWorkerServices\",\"wdi5\"]"}]}
COMMAND: POST /session/f7dda4deea86e37c44fc2a10a2b2b70a/execute/async - {"script":"<script> [21126 bytes]","args":[35000]}
RESULT: {"script":"<script> [21126 bytes]","args":[35000]}
]]></system-out>
    </testcase>
    <testcase classname="chrome.136_0_7103_93.windows.Process_request_items_into_an_existing_quotation_US120163" name="Should create a new request with catalog items and plan it" time="250.116">
      <system-out><![CDATA[
COMMAND: POST /session/f7dda4deea86e37c44fc2a10a2b2b70a/execute/async - {"script":"<script> [1562 bytes]","args":[{"selector":{"controlType":"sap.m.GenericTile","properties":{"header":"Manage Requests"}},"wdio_ui5_key":"sapm.GenericTile{\"header\":\"Manage Requests\"}"}]}
RESULT: {"script":"<script> [1562 bytes]","args":[{"selector":{"controlType":"sap.m.GenericTile","properties":{"header":"Manage Requests"}},"wdio_ui5_key":"sapm.GenericTile{\"header\":\"Manage Requests\"}"}]}
RESULT: undefined
COMMAND: POST /session/f7dda4deea86e37c44fc2a10a2b2b70a/element - {"using":"xpath","value":"//*[@id=\"__tile47\"]"}
RESULT: {"using":"xpath","value":"//*[@id=\"__tile47\"]"}
COMMAND: POST /session/f7dda4deea86e37c44fc2a10a2b2b70a/element/f.30820BDFF87FD38C1A457C97C4719E16.d.427D748E0E6D6C38973FC4D2D96061C9.e.10454/click - {}
RESULT: {}
COMMAND: GET /session/f7dda4deea86e37c44fc2a10a2b2b70a/screenshot - {}
RESULT: {}
COMMAND: POST /session/f7dda4deea86e37c44fc2a10a2b2b70a/elements - {"using":"xpath","value":"//span[text()='Error']"}
RESULT: {"using":"xpath","value":"//span[text()='Error']"}
COMMAND: POST /session/f7dda4deea86e37c44fc2a10a2b2b70a/element - {"using":"xpath","value":"(//span[contains(@class ,\"sapMObjStatusText\")])[1]"}
RESULT: {"using":"xpath","value":"(//span[contains(@class ,\"sapMObjStatusText\")])[1]"}
COMMAND: POST /session/f7dda4deea86e37c44fc2a10a2b2b70a/execute/sync - {"script":"<script> [8489 bytes]","args":[{"element-6066-11e4-a52e-4f735466cecf":"f.30820BDFF87FD38C1A457C97C4719E16.d.427D748E0E6D6C38973FC4D2D96061C9.e.10547","ELEMENT":"f.30820BDFF87FD38C1A457C97C4719E16.d.427D748E0E6D6C38973FC4D2D96061C9.e.10547"}]}
RESULT: {"script":"<script> [8489 bytes]","args":[{"element-6066-11e4-a52e-4f735466cecf":"f.30820BDFF87FD38C1A457C97C4719E16.d.427D748E0E6D6C38973FC4D2D96061C9.e.10547","ELEMENT":"f.30820BDFF87FD38C1A457C97C4719E16.d.427D748E0E6D6C38973FC4D2D96061C9.e.10547"}]}
COMMAND: POST /session/f7dda4deea86e37c44fc2a10a2b2b70a/element - {"using":"xpath","value":"//button[contains(@data-kt ,\"btnCreateNewOverflowToolbarButton\")]"}
COMMAND: GET /session/f7dda4deea86e37c44fc2a10a2b2b70a/screenshot - {}
RESULT: {"using":"xpath","value":"//button[contains(@data-kt ,\"btnCreateNewOverflowToolbarButton\")]"}
COMMAND: POST /session/f7dda4deea86e37c44fc2a10a2b2b70a/element/f.30820BDFF87FD38C1A457C97C4719E16.d.427D748E0E6D6C38973FC4D2D96061C9.e.10511/click - {}
RESULT: {}
RESULT: {}
COMMAND: GET /session/f7dda4deea86e37c44fc2a10a2b2b70a/screenshot - {}
RESULT: {}
COMMAND: POST /session/f7dda4deea86e37c44fc2a10a2b2b70a/element - {"using":"xpath","value":"//input[contains(@id ,\"yardId-inner\")]"}
RESULT: {"using":"xpath","value":"//input[contains(@id ,\"yardId-inner\")]"}
COMMAND: POST /session/f7dda4deea86e37c44fc2a10a2b2b70a/execute/sync - {"script":"<script> [8489 bytes]","args":[{"element-6066-11e4-a52e-4f735466cecf":"f.30820BDFF87FD38C1A457C97C4719E16.d.427D748E0E6D6C38973FC4D2D96061C9.e.10639","ELEMENT":"f.30820BDFF87FD38C1A457C97C4719E16.d.427D748E0E6D6C38973FC4D2D96061C9.e.10639"}]}
RESULT: {"script":"<script> [8489 bytes]","args":[{"element-6066-11e4-a52e-4f735466cecf":"f.30820BDFF87FD38C1A457C97C4719E16.d.427D748E0E6D6C38973FC4D2D96061C9.e.10639","ELEMENT":"f.30820BDFF87FD38C1A457C97C4719E16.d.427D748E0E6D6C38973FC4D2D96061C9.e.10639"}]}
COMMAND: POST /session/f7dda4deea86e37c44fc2a10a2b2b70a/element - {"using":"xpath","value":"//input[contains(@id ,\"yardId-inner\")]"}
COMMAND: GET /session/f7dda4deea86e37c44fc2a10a2b2b70a/screenshot - {}
RESULT: {"using":"xpath","value":"//input[contains(@id ,\"yardId-inner\")]"}
COMMAND: GET /session/f7dda4deea86e37c44fc2a10a2b2b70a/element/f.30820BDFF87FD38C1A457C97C4719E16.d.427D748E0E6D6C38973FC4D2D96061C9.e.10639/enabled - {}
RESULT: {}
RESULT: {}
COMMAND: POST /session/f7dda4deea86e37c44fc2a10a2b2b70a/element/f.30820BDFF87FD38C1A457C97C4719E16.d.427D748E0E6D6C38973FC4D2D96061C9.e.10639/clear - {}
COMMAND: GET /session/f7dda4deea86e37c44fc2a10a2b2b70a/screenshot - {}
RESULT: {}
COMMAND: POST /session/f7dda4deea86e37c44fc2a10a2b2b70a/element/f.30820BDFF87FD38C1A457C97C4719E16.d.427D748E0E6D6C38973FC4D2D96061C9.e.10639/value - {"text":"WebdriverYard3mpceg"}
COMMAND: GET /session/f7dda4deea86e37c44fc2a10a2b2b70a/screenshot - {}
RESULT: {}
RESULT: {"text":"WebdriverYard3mpceg"}
COMMAND: GET /session/f7dda4deea86e37c44fc2a10a2b2b70a/screenshot - {}
RESULT: {}
RESULT: {}
COMMAND: POST /session/f7dda4deea86e37c44fc2a10a2b2b70a/actions - {"actions":[{"id":"action82","type":"key","parameters":{},"actions":[{"type":"keyDown","value":""},{"type":"pause","duration":10},{"type":"keyUp","value":""}]}]}
RESULT: {"actions":[{"id":"action82","type":"key","parameters":{},"actions":[{"type":"keyDown","value":""},{"type":"pause","duration":10},{"type":"keyUp","value":""}]}]}
COMMAND: GET /session/f7dda4deea86e37c44fc2a10a2b2b70a/screenshot - {}
RESULT: {}
COMMAND: POST /session/f7dda4deea86e37c44fc2a10a2b2b70a/element - {"using":"xpath","value":"//input[contains(@id ,\"customerNumber-inner\")]"}
RESULT: {"using":"xpath","value":"//input[contains(@id ,\"customerNumber-inner\")]"}
COMMAND: POST /session/f7dda4deea86e37c44fc2a10a2b2b70a/element/f.30820BDFF87FD38C1A457C97C4719E16.d.427D748E0E6D6C38973FC4D2D96061C9.e.10633/value - {"text":"WebdriverPartneribxbz"}
RESULT: {"text":"WebdriverPartneribxbz"}
COMMAND: GET /session/f7dda4deea86e37c44fc2a10a2b2b70a/screenshot - {}
RESULT: {}
COMMAND: POST /session/f7dda4deea86e37c44fc2a10a2b2b70a/actions - {"actions":[{"id":"action83","type":"key","parameters":{},"actions":[{"type":"keyDown","value":""},{"type":"pause","duration":10},{"type":"keyUp","value":""}]}]}
RESULT: {"actions":[{"id":"action83","type":"key","parameters":{},"actions":[{"type":"keyDown","value":""},{"type":"pause","duration":10},{"type":"keyUp","value":""}]}]}
COMMAND: GET /session/f7dda4deea86e37c44fc2a10a2b2b70a/screenshot - {}
RESULT: {}
COMMAND: GET /session/f7dda4deea86e37c44fc2a10a2b2b70a/element/f.30820BDFF87FD38C1A457C97C4719E16.d.427D748E0E6D6C38973FC4D2D96061C9.e.10633/property/value - {}
RESULT: {}
COMMAND: POST /session/f7dda4deea86e37c44fc2a10a2b2b70a/element/f.30820BDFF87FD38C1A457C97C4719E16.d.427D748E0E6D6C38973FC4D2D96061C9.e.10633/value - {"text":"WebdriverPartneribxbz"}
COMMAND: GET /session/f7dda4deea86e37c44fc2a10a2b2b70a/screenshot - {}
RESULT: {"text":"WebdriverPartneribxbz"}
COMMAND: GET /session/f7dda4deea86e37c44fc2a10a2b2b70a/screenshot - {}
RESULT: {}
RESULT: {}
COMMAND: POST /session/f7dda4deea86e37c44fc2a10a2b2b70a/actions - {"actions":[{"id":"action84","type":"key","parameters":{},"actions":[{"type":"keyDown","value":""},{"type":"pause","duration":10},{"type":"keyUp","value":""}]}]}
RESULT: {"actions":[{"id":"action84","type":"key","parameters":{},"actions":[{"type":"keyDown","value":""},{"type":"pause","duration":10},{"type":"keyUp","value":""}]}]}
COMMAND: GET /session/f7dda4deea86e37c44fc2a10a2b2b70a/screenshot - {}
RESULT: {}
COMMAND: POST /session/f7dda4deea86e37c44fc2a10a2b2b70a/element - {"using":"xpath","value":"//input[contains(@id ,\"requestSiteId-inner\")]"}
RESULT: {"using":"xpath","value":"//input[contains(@id ,\"requestSiteId-inner\")]"}
COMMAND: POST /session/f7dda4deea86e37c44fc2a10a2b2b70a/element/f.30820BDFF87FD38C1A457C97C4719E16.d.427D748E0E6D6C38973FC4D2D96061C9.e.10632/value - {"text":"WebdriverSiten0blx"}
RESULT: {"text":"WebdriverSiten0blx"}
COMMAND: GET /session/f7dda4deea86e37c44fc2a10a2b2b70a/screenshot - {}
RESULT: {}
COMMAND: POST /session/f7dda4deea86e37c44fc2a10a2b2b70a/actions - {"actions":[{"id":"action85","type":"key","parameters":{},"actions":[{"type":"keyDown","value":""},{"type":"pause","duration":10},{"type":"keyUp","value":""}]}]}
RESULT: {"actions":[{"id":"action85","type":"key","parameters":{},"actions":[{"type":"keyDown","value":""},{"type":"pause","duration":10},{"type":"keyUp","value":""}]}]}
COMMAND: GET /session/f7dda4deea86e37c44fc2a10a2b2b70a/screenshot - {}
RESULT: {}
COMMAND: POST /session/f7dda4deea86e37c44fc2a10a2b2b70a/element - {"using":"xpath","value":"//button[contains(@data-kt ,\"requestItemAddOverflowToolbarButton\")]"}
RESULT: {"using":"xpath","value":"//button[contains(@data-kt ,\"requestItemAddOverflowToolbarButton\")]"}
COMMAND: POST /session/f7dda4deea86e37c44fc2a10a2b2b70a/element/f.30820BDFF87FD38C1A457C97C4719E16.d.427D748E0E6D6C38973FC4D2D96061C9.e.10799/click - {}
RESULT: {}
COMMAND: GET /session/f7dda4deea86e37c44fc2a10a2b2b70a/screenshot - {}
RESULT: {}
COMMAND: POST /session/f7dda4deea86e37c44fc2a10a2b2b70a/actions - {"actions":[{"id":"action86","type":"key","parameters":{},"actions":[{"type":"keyDown","value":""},{"type":"pause","duration":10},{"type":"keyUp","value":""}]}]}
RESULT: {"actions":[{"id":"action86","type":"key","parameters":{},"actions":[{"type":"keyDown","value":""},{"type":"pause","duration":10},{"type":"keyUp","value":""}]}]}
COMMAND: POST /session/f7dda4deea86e37c44fc2a10a2b2b70a/actions - {"actions":[{"id":"action87","type":"key","parameters":{},"actions":[{"type":"keyDown","value":""},{"type":"pause","duration":10},{"type":"keyUp","value":""}]}]}
COMMAND: GET /session/f7dda4deea86e37c44fc2a10a2b2b70a/screenshot - {}
RESULT: {"actions":[{"id":"action87","type":"key","parameters":{},"actions":[{"type":"keyDown","value":""},{"type":"pause","duration":10},{"type":"keyUp","value":""}]}]}
COMMAND: GET /session/f7dda4deea86e37c44fc2a10a2b2b70a/screenshot - {}
RESULT: {}
RESULT: {}
COMMAND: POST /session/f7dda4deea86e37c44fc2a10a2b2b70a/element - {"using":"xpath","value":"(//input[contains(@id ,\"requestItemsTable-0-inner\")])[1]"}
RESULT: {"using":"xpath","value":"(//input[contains(@id ,\"requestItemsTable-0-inner\")])[1]"}
COMMAND: POST /session/f7dda4deea86e37c44fc2a10a2b2b70a/element/f.30820BDFF87FD38C1A457C97C4719E16.d.427D748E0E6D6C38973FC4D2D96061C9.e.10803/clear - {}
RESULT: {}
COMMAND: POST /session/f7dda4deea86e37c44fc2a10a2b2b70a/element/f.30820BDFF87FD38C1A457C97C4719E16.d.427D748E0E6D6C38973FC4D2D96061C9.e.10803/value - {"text":"catalogItemoyipb"}
COMMAND: GET /session/f7dda4deea86e37c44fc2a10a2b2b70a/screenshot - {}
RESULT: {"text":"catalogItemoyipb"}
COMMAND: GET /session/f7dda4deea86e37c44fc2a10a2b2b70a/screenshot - {}
RESULT: {}
RESULT: {}
COMMAND: POST /session/f7dda4deea86e37c44fc2a10a2b2b70a/actions - {"actions":[{"id":"action88","type":"key","parameters":{},"actions":[{"type":"keyDown","value":""},{"type":"pause","duration":10},{"type":"keyUp","value":""}]}]}
RESULT: {"actions":[{"id":"action88","type":"key","parameters":{},"actions":[{"type":"keyDown","value":""},{"type":"pause","duration":10},{"type":"keyUp","value":""}]}]}
COMMAND: GET /session/f7dda4deea86e37c44fc2a10a2b2b70a/screenshot - {}
RESULT: {}
COMMAND: POST /session/f7dda4deea86e37c44fc2a10a2b2b70a/execute/async - {"script":"<script> [1562 bytes]","args":[{"selector":{"controlType":"sap.ui.core.Icon","viewName":"etm.portal.ui.managerequests.view.NewRequest","properties":{"src":{"regex":{"source":"slim\\-arrow\\-down"}}},"ancestor":{"controlType":"sap.m.Button","viewName":"etm.portal.ui.managerequests.view.NewRequest","properties":{"icon":"sap-icon://slim-arrow-down"}}},"wdio_ui5_key":"etmportal.ui.managerequests.view.NewRequestsap.ui.core.Icon{\"src\":{\"regex\":{\"source\":\"slim\\\\-arrow\\\\-down\"}}}{\"controlType\":\"sap.m.Button\",\"viewName\":\"etm.portal.ui.managerequests.view.NewRequest\",\"properties\":{\"icon\":\"sap-icon://slim-arrow-down\"}}"}]}
RESULT: {"script":"<script> [1562 bytes]","args":[{"selector":{"controlType":"sap.ui.core.Icon","viewName":"etm.portal.ui.managerequests.view.NewRequest","properties":{"src":{"regex":{"source":"slim\\-arrow\\-down"}}},"ancestor":{"controlType":"sap.m.Button","viewName":"etm.portal.ui.managerequests.view.NewRequest","properties":{"icon":"sap-icon://slim-arrow-down"}}},"wdio_ui5_key":"etmportal.ui.managerequests.view.NewRequestsap.ui.core.Icon{\"src\":{\"regex\":{\"source\":\"slim\\\\-arrow\\\\-down\"}}}{\"controlType\":\"sap.m.Button\",\"viewName\":\"etm.portal.ui.managerequests.view.NewRequest\",\"properties\":{\"icon\":\"sap-icon://slim-arrow-down\"}}"}]}
RESULT: undefined
COMMAND: POST /session/f7dda4deea86e37c44fc2a10a2b2b70a/element - {"using":"xpath","value":"//div[contains(@data-kt ,\"splitAllocationObjectStatus\")]"}
RESULT: {"using":"xpath","value":"//div[contains(@data-kt ,\"splitAllocationObjectStatus\")]"}
COMMAND: POST /session/f7dda4deea86e37c44fc2a10a2b2b70a/elements - {"using":"xpath","value":"//div[contains(@data-kt ,\"splitAllocationObjectStatus\")]"}
RESULT: {"using":"xpath","value":"//div[contains(@data-kt ,\"splitAllocationObjectStatus\")]"}
COMMAND: POST /session/f7dda4deea86e37c44fc2a10a2b2b70a/execute/async - {"script":"<script> [1562 bytes]","args":[{"selector":{"controlType":"sap.ui.core.Icon","viewName":"etm.portal.ui.managerequests.view.NewRequest","properties":{"src":{"regex":{"source":"message\\-error"}}}},"wdio_ui5_key":"etmportal.ui.managerequests.view.NewRequestsap.ui.core.Icon{\"src\":{\"regex\":{\"source\":\"message\\\\-error\"}}}"}]}
RESULT: {"script":"<script> [1562 bytes]","args":[{"selector":{"controlType":"sap.ui.core.Icon","viewName":"etm.portal.ui.managerequests.view.NewRequest","properties":{"src":{"regex":{"source":"message\\-error"}}}},"wdio_ui5_key":"etmportal.ui.managerequests.view.NewRequestsap.ui.core.Icon{\"src\":{\"regex\":{\"source\":\"message\\\\-error\"}}}"}]}
RESULT: undefined
COMMAND: POST /session/f7dda4deea86e37c44fc2a10a2b2b70a/element - {"using":"xpath","value":"//*[@id=\"__status4-__xmlview59--requestItemsTable-0-icon\"]"}
RESULT: {"using":"xpath","value":"//*[@id=\"__status4-__xmlview59--requestItemsTable-0-icon\"]"}
COMMAND: POST /session/f7dda4deea86e37c44fc2a10a2b2b70a/element/f.30820BDFF87FD38C1A457C97C4719E16.d.427D748E0E6D6C38973FC4D2D96061C9.e.10818/click - {}
RESULT: {}
COMMAND: POST /session/f7dda4deea86e37c44fc2a10a2b2b70a/execute/async - {"script":"<script> [1562 bytes]","args":[{"selector":{"controlType":"sap.ui.core.Icon","viewName":"etm.portal.ui.managerequests.view.NewRequest","properties":{"src":{"regex":{"source":"slim\\-arrow\\-down"}}},"searchOpenDialogs":true,"ancestor":{"id":"costObjectAdminTypeComboBox","viewName":"etm.portal.ui.managerequests.view.NewRequest","searchOpenDialogs":true}},"wdio_ui5_key":"etmportal.ui.managerequests.view.NewRequestsap.ui.core.Icon{\"src\":{\"regex\":{\"source\":\"slim\\\\-arrow\\\\-down\"}}}{\"id\":\"costObjectAdminTypeComboBox\",\"viewName\":\"etm.portal.ui.managerequests.view.NewRequest\",\"searchOpenDialogs\":true}"}]}
COMMAND: GET /session/f7dda4deea86e37c44fc2a10a2b2b70a/screenshot - {}
RESULT: {"script":"<script> [1562 bytes]","args":[{"selector":{"controlType":"sap.ui.core.Icon","viewName":"etm.portal.ui.managerequests.view.NewRequest","properties":{"src":{"regex":{"source":"slim\\-arrow\\-down"}}},"searchOpenDialogs":true,"ancestor":{"id":"costObjectAdminTypeComboBox","viewName":"etm.portal.ui.managerequests.view.NewRequest","searchOpenDialogs":true}},"wdio_ui5_key":"etmportal.ui.managerequests.view.NewRequestsap.ui.core.Icon{\"src\":{\"regex\":{\"source\":\"slim\\\\-arrow\\\\-down\"}}}{\"id\":\"costObjectAdminTypeComboBox\",\"viewName\":\"etm.portal.ui.managerequests.view.NewRequest\",\"searchOpenDialogs\":true}"}]}
RESULT: undefined
COMMAND: POST /session/f7dda4deea86e37c44fc2a10a2b2b70a/element - {"using":"xpath","value":"//*[@id=\"__xmlview59--costObjectAdminTypeComboBox-arrow\"]"}
RESULT: {}
RESULT: {"using":"xpath","value":"//*[@id=\"__xmlview59--costObjectAdminTypeComboBox-arrow\"]"}
COMMAND: POST /session/f7dda4deea86e37c44fc2a10a2b2b70a/element/f.30820BDFF87FD38C1A457C97C4719E16.d.427D748E0E6D6C38973FC4D2D96061C9.e.10823/click - {}
RESULT: {}
COMMAND: POST /session/f7dda4deea86e37c44fc2a10a2b2b70a/execute/async - {"script":"<script> [1562 bytes]","args":[{"selector":{"controlType":"sap.m.StandardListItem","viewName":"etm.portal.ui.managerequests.view.NewRequest","properties":{"title":"Cost Center"},"searchOpenDialogs":true,"interaction":{"idSuffix":"titleText"}},"wdio_ui5_key":"etmportal.ui.managerequests.view.NewRequestsap.m.StandardListItem{\"title\":\"Cost Center\"}"}]}
COMMAND: GET /session/f7dda4deea86e37c44fc2a10a2b2b70a/screenshot - {}
RESULT: {"script":"<script> [1562 bytes]","args":[{"selector":{"controlType":"sap.m.StandardListItem","viewName":"etm.portal.ui.managerequests.view.NewRequest","properties":{"title":"Cost Center"},"searchOpenDialogs":true,"interaction":{"idSuffix":"titleText"}},"wdio_ui5_key":"etmportal.ui.managerequests.view.NewRequestsap.m.StandardListItem{\"title\":\"Cost Center\"}"}]}
RESULT: undefined
COMMAND: POST /session/f7dda4deea86e37c44fc2a10a2b2b70a/element - {"using":"xpath","value":"//*[@id=\"__item370\"]"}
RESULT: {}
RESULT: {"using":"xpath","value":"//*[@id=\"__item370\"]"}
COMMAND: POST /session/f7dda4deea86e37c44fc2a10a2b2b70a/element/f.30820BDFF87FD38C1A457C97C4719E16.d.427D748E0E6D6C38973FC4D2D96061C9.e.10825/click - {}
RESULT: {}
COMMAND: GET /session/f7dda4deea86e37c44fc2a10a2b2b70a/screenshot - {}
RESULT: {}
COMMAND: POST /session/f7dda4deea86e37c44fc2a10a2b2b70a/execute/async - {"script":"<script> [1562 bytes]","args":[{"selector":{"controlType":"sap.ui.core.Icon","viewName":"etm.portal.ui.managerequests.view.NewRequest","properties":{"src":{"regex":{"source":"value\\-help"}}},"searchOpenDialogs":true},"wdio_ui5_key":"etmportal.ui.managerequests.view.NewRequestsap.ui.core.Icon{\"src\":{\"regex\":{\"source\":\"value\\\\-help\"}}}"}]}
RESULT: {"script":"<script> [1562 bytes]","args":[{"selector":{"controlType":"sap.ui.core.Icon","viewName":"etm.portal.ui.managerequests.view.NewRequest","properties":{"src":{"regex":{"source":"value\\-help"}}},"searchOpenDialogs":true},"wdio_ui5_key":"etmportal.ui.managerequests.view.NewRequestsap.ui.core.Icon{\"src\":{\"regex\":{\"source\":\"value\\\\-help\"}}}"}]}
RESULT: undefined
COMMAND: POST /session/f7dda4deea86e37c44fc2a10a2b2b70a/element - {"using":"xpath","value":"//*[@id=\"__xmlview59--costObjectIdComboBox-vhi\"]"}
RESULT: {"using":"xpath","value":"//*[@id=\"__xmlview59--costObjectIdComboBox-vhi\"]"}
COMMAND: POST /session/f7dda4deea86e37c44fc2a10a2b2b70a/element/f.30820BDFF87FD38C1A457C97C4719E16.d.427D748E0E6D6C38973FC4D2D96061C9.e.10832/click - {}
RESULT: {}
COMMAND: POST /session/f7dda4deea86e37c44fc2a10a2b2b70a/execute/async - {"script":"<script> [1562 bytes]","args":[{"selector":{"controlType":"sap.m.SearchField","properties":{"placeholder":"Search"},"searchOpenDialogs":true,"interaction":{"idSuffix":"I"}},"wdio_ui5_key":"sapm.SearchField{\"placeholder\":\"Search\"}"}]}
COMMAND: GET /session/f7dda4deea86e37c44fc2a10a2b2b70a/screenshot - {}
RESULT: {"script":"<script> [1562 bytes]","args":[{"selector":{"controlType":"sap.m.SearchField","properties":{"placeholder":"Search"},"searchOpenDialogs":true,"interaction":{"idSuffix":"I"}},"wdio_ui5_key":"sapm.SearchField{\"placeholder\":\"Search\"}"}]}
RESULT: undefined
COMMAND: POST /session/f7dda4deea86e37c44fc2a10a2b2b70a/execute/async - {"script":"<script> [776 bytes]","args":[{"enterText":"10001010","selector":{"controlType":"sap.m.SearchField","properties":{"placeholder":"Search"},"searchOpenDialogs":true,"interaction":{"idSuffix":"I"}},"clearTextFirst":true,"interactionType":"ENTER_TEXT"}]}
RESULT: {}
RESULT: {"script":"<script> [776 bytes]","args":[{"enterText":"10001010","selector":{"controlType":"sap.m.SearchField","properties":{"placeholder":"Search"},"searchOpenDialogs":true,"interaction":{"idSuffix":"I"}},"clearTextFirst":true,"interactionType":"ENTER_TEXT"}]}
COMMAND: POST /session/f7dda4deea86e37c44fc2a10a2b2b70a/actions - {"actions":[{"id":"action89","type":"key","parameters":{},"actions":[{"type":"keyDown","value":""},{"type":"pause","duration":10},{"type":"keyUp","value":""}]}]}
RESULT: {"actions":[{"id":"action89","type":"key","parameters":{},"actions":[{"type":"keyDown","value":""},{"type":"pause","duration":10},{"type":"keyUp","value":""}]}]}
COMMAND: GET /session/f7dda4deea86e37c44fc2a10a2b2b70a/screenshot - {}
RESULT: {}
COMMAND: POST /session/f7dda4deea86e37c44fc2a10a2b2b70a/execute/async - {"script":"<script> [1562 bytes]","args":[{"selector":{"controlType":"sap.m.Text","bindingPath":{"path":"/C_CostCtrValueHelp(CostCenter='10001010',ControllingArea='Z001')","propertyPath":"CostCenterName","modelName":"CostCenterModel"},"searchOpenDialogs":true},"wdio_ui5_key":"sapm.Text{\"path\":\"/C_CostCtrValueHelp(CostCenter='10001010',ControllingArea='Z001')\",\"propertyPath\":\"CostCenterName\",\"modelName\":\"CostCenterModel\"}"}]}
RESULT: {"script":"<script> [1562 bytes]","args":[{"selector":{"controlType":"sap.m.Text","bindingPath":{"path":"/C_CostCtrValueHelp(CostCenter='10001010',ControllingArea='Z001')","propertyPath":"CostCenterName","modelName":"CostCenterModel"},"searchOpenDialogs":true},"wdio_ui5_key":"sapm.Text{\"path\":\"/C_CostCtrValueHelp(CostCenter='10001010',ControllingArea='Z001')\",\"propertyPath\":\"CostCenterName\",\"modelName\":\"CostCenterModel\"}"}]}
RESULT: undefined
COMMAND: POST /session/f7dda4deea86e37c44fc2a10a2b2b70a/element - {"using":"xpath","value":"//*[@id=\"__text291-__clone475\"]"}
RESULT: {"using":"xpath","value":"//*[@id=\"__text291-__clone475\"]"}
COMMAND: POST /session/f7dda4deea86e37c44fc2a10a2b2b70a/element/f.30820BDFF87FD38C1A457C97C4719E16.d.427D748E0E6D6C38973FC4D2D96061C9.e.10872/click - {}
RESULT: {}
COMMAND: POST /session/f7dda4deea86e37c44fc2a10a2b2b70a/execute/async - {"script":"<script> [1562 bytes]","args":[{"selector":{"controlType":"sap.m.Button","properties":{"text":"OK"},"searchOpenDialogs":true,"interaction":{"idSuffix":"BDI-content"}},"wdio_ui5_key":"sapm.Button{\"text\":\"OK\"}"}]}
COMMAND: GET /session/f7dda4deea86e37c44fc2a10a2b2b70a/screenshot - {}
RESULT: {"script":"<script> [1562 bytes]","args":[{"selector":{"controlType":"sap.m.Button","properties":{"text":"OK"},"searchOpenDialogs":true,"interaction":{"idSuffix":"BDI-content"}},"wdio_ui5_key":"sapm.Button{\"text\":\"OK\"}"}]}
RESULT: undefined
COMMAND: POST /session/f7dda4deea86e37c44fc2a10a2b2b70a/element - {"using":"xpath","value":"//*[@id=\"__dialog1-ok\"]"}
RESULT: {}
RESULT: {"using":"xpath","value":"//*[@id=\"__dialog1-ok\"]"}
COMMAND: POST /session/f7dda4deea86e37c44fc2a10a2b2b70a/element/f.30820BDFF87FD38C1A457C97C4719E16.d.427D748E0E6D6C38973FC4D2D96061C9.e.10874/click - {}
RESULT: {}
COMMAND: GET /session/f7dda4deea86e37c44fc2a10a2b2b70a/screenshot - {}
RESULT: {}
COMMAND: POST /session/f7dda4deea86e37c44fc2a10a2b2b70a/execute/async - {"script":"<script> [1562 bytes]","args":[{"selector":{"controlType":"sap.m.Button","viewName":"etm.portal.ui.managerequests.view.NewRequest","i18NText":{"propertyName":"text","key":"save"},"searchOpenDialogs":true,"interaction":{"idSuffix":"BDI-content"}},"wdio_ui5_key":"etmportal.ui.managerequests.view.NewRequestsap.m.Button{\"propertyName\":\"text\",\"key\":\"save\"}"}]}
RESULT: {"script":"<script> [1562 bytes]","args":[{"selector":{"controlType":"sap.m.Button","viewName":"etm.portal.ui.managerequests.view.NewRequest","i18NText":{"propertyName":"text","key":"save"},"searchOpenDialogs":true,"interaction":{"idSuffix":"BDI-content"}},"wdio_ui5_key":"etmportal.ui.managerequests.view.NewRequestsap.m.Button{\"propertyName\":\"text\",\"key\":\"save\"}"}]}
RESULT: undefined
COMMAND: POST /session/f7dda4deea86e37c44fc2a10a2b2b70a/element - {"using":"xpath","value":"//*[@id=\"__button24\"]"}
RESULT: {"using":"xpath","value":"//*[@id=\"__button24\"]"}
COMMAND: POST /session/f7dda4deea86e37c44fc2a10a2b2b70a/element/f.30820BDFF87FD38C1A457C97C4719E16.d.427D748E0E6D6C38973FC4D2D96061C9.e.10878/click - {}
RESULT: {}
COMMAND: GET /session/f7dda4deea86e37c44fc2a10a2b2b70a/screenshot - {}
RESULT: {}
COMMAND: POST /session/f7dda4deea86e37c44fc2a10a2b2b70a/element - {"using":"xpath","value":"(//bdi[contains(text() ,\"Save\")])[1]"}
RESULT: {"using":"xpath","value":"(//bdi[contains(text() ,\"Save\")])[1]"}
COMMAND: POST /session/f7dda4deea86e37c44fc2a10a2b2b70a/element/f.30820BDFF87FD38C1A457C97C4719E16.d.427D748E0E6D6C38973FC4D2D96061C9.e.10880/click - {}
RESULT: {}
COMMAND: GET /session/f7dda4deea86e37c44fc2a10a2b2b70a/screenshot - {}
RESULT: {}
COMMAND: POST /session/f7dda4deea86e37c44fc2a10a2b2b70a/execute/async - {"script":"<script> [1562 bytes]","args":[{"selector":{"controlType":"sap.m.Title","properties":{"text":"Success"},"searchOpenDialogs":true},"wdio_ui5_key":"sapm.Title{\"text\":\"Success\"}"}]}
RESULT: {"script":"<script> [1562 bytes]","args":[{"selector":{"controlType":"sap.m.Title","properties":{"text":"Success"},"searchOpenDialogs":true},"wdio_ui5_key":"sapm.Title{\"text\":\"Success\"}"}]}
RESULT: undefined
COMMAND: POST /session/f7dda4deea86e37c44fc2a10a2b2b70a/execute/async - {"script":"<script> [6424 bytes]","args":[{"element-6066-11e4-a52e-4f735466cecf":"f.30820BDFF87FD38C1A457C97C4719E16.d.427D748E0E6D6C38973FC4D2D96061C9.e.10884"},"getText",[]]}
RESULT: {"script":"<script> [6424 bytes]","args":[{"element-6066-11e4-a52e-4f735466cecf":"f.30820BDFF87FD38C1A457C97C4719E16.d.427D748E0E6D6C38973FC4D2D96061C9.e.10884"},"getText",[]]}
COMMAND: POST /session/f7dda4deea86e37c44fc2a10a2b2b70a/execute/async - {"script":"<script> [1562 bytes]","args":[{"selector":{"controlType":"sap.m.Button","properties":{"text":"Close"},"searchOpenDialogs":true,"interaction":{"idSuffix":"BDI-content"}},"wdio_ui5_key":"sapm.Button{\"text\":\"Close\"}"}]}
RESULT: {"script":"<script> [1562 bytes]","args":[{"selector":{"controlType":"sap.m.Button","properties":{"text":"Close"},"searchOpenDialogs":true,"interaction":{"idSuffix":"BDI-content"}},"wdio_ui5_key":"sapm.Button{\"text\":\"Close\"}"}]}
RESULT: undefined
COMMAND: POST /session/f7dda4deea86e37c44fc2a10a2b2b70a/element - {"using":"xpath","value":"//*[@id=\"__mbox-btn-0\"]"}
RESULT: {"using":"xpath","value":"//*[@id=\"__mbox-btn-0\"]"}
COMMAND: POST /session/f7dda4deea86e37c44fc2a10a2b2b70a/element/f.30820BDFF87FD38C1A457C97C4719E16.d.427D748E0E6D6C38973FC4D2D96061C9.e.10883/click - {}
RESULT: {}
COMMAND: GET /session/f7dda4deea86e37c44fc2a10a2b2b70a/screenshot - {}
RESULT: {}
COMMAND: POST /session/f7dda4deea86e37c44fc2a10a2b2b70a/execute/async - {"script":"<script> [1562 bytes]","args":[{"selector":{"controlType":"sap.m.Text","viewName":"etm.portal.ui.managerequests.view.Detail","bindingPath":{"propertyPath":"NO","modelName":"catalogModel"}},"wdio_ui5_key":"etmportal.ui.managerequests.view.Detailsap.m.Text{\"propertyPath\":\"NO\",\"modelName\":\"catalogModel\"}"}]}
RESULT: {"script":"<script> [1562 bytes]","args":[{"selector":{"controlType":"sap.m.Text","viewName":"etm.portal.ui.managerequests.view.Detail","bindingPath":{"propertyPath":"NO","modelName":"catalogModel"}},"wdio_ui5_key":"etmportal.ui.managerequests.view.Detailsap.m.Text{\"propertyPath\":\"NO\",\"modelName\":\"catalogModel\"}"}]}
RESULT: undefined
COMMAND: POST /session/f7dda4deea86e37c44fc2a10a2b2b70a/execute/async - {"script":"<script> [6424 bytes]","args":[{"element-6066-11e4-a52e-4f735466cecf":"f.30820BDFF87FD38C1A457C97C4719E16.d.427D748E0E6D6C38973FC4D2D96061C9.e.11009"},"getText",[]]}
RESULT: {"script":"<script> [6424 bytes]","args":[{"element-6066-11e4-a52e-4f735466cecf":"f.30820BDFF87FD38C1A457C97C4719E16.d.427D748E0E6D6C38973FC4D2D96061C9.e.11009"},"getText",[]]}
COMMAND: POST /session/f7dda4deea86e37c44fc2a10a2b2b70a/execute/async - {"script":"<script> [1562 bytes]","args":[{"selector":{"controlType":"sap.ui.core.Icon","viewName":"etm.portal.ui.managerequests.view.Detail","properties":{"src":{"regex":{"source":"date\\-time"}}},"ancestor":{"controlType":"sap.m.ColumnListItem","viewName":"etm.portal.ui.managerequests.view.Detail","bindingPath":{"path":"/SmartRequestItemsPlanningBoard(ITEM=10m,REQUEST='20084')"},"ancestor":{"id":"requestItemsTable","viewName":"etm.portal.ui.managerequests.view.Detail"}}},"wdio_ui5_key":"etmportal.ui.managerequests.view.Detailsap.ui.core.Icon{\"src\":{\"regex\":{\"source\":\"date\\\\-time\"}}}{\"controlType\":\"sap.m.ColumnListItem\",\"viewName\":\"etm.portal.ui.managerequests.view.Detail\",\"bindingPath\":{\"path\":\"/SmartRequestItemsPlanningBoard(ITEM=10m,REQUEST='20084')\"},\"ancestor\":{\"id\":\"requestItemsTable\",\"viewName\":\"etm.portal.ui.managerequests.view.Detail\"}}"}]}
RESULT: {"script":"<script> [1562 bytes]","args":[{"selector":{"controlType":"sap.ui.core.Icon","viewName":"etm.portal.ui.managerequests.view.Detail","properties":{"src":{"regex":{"source":"date\\-time"}}},"ancestor":{"controlType":"sap.m.ColumnListItem","viewName":"etm.portal.ui.managerequests.view.Detail","bindingPath":{"path":"/SmartRequestItemsPlanningBoard(ITEM=10m,REQUEST='20084')"},"ancestor":{"id":"requestItemsTable","viewName":"etm.portal.ui.managerequests.view.Detail"}}},"wdio_ui5_key":"etmportal.ui.managerequests.view.Detailsap.ui.core.Icon{\"src\":{\"regex\":{\"source\":\"date\\\\-time\"}}}{\"controlType\":\"sap.m.ColumnListItem\",\"viewName\":\"etm.portal.ui.managerequests.view.Detail\",\"bindingPath\":{\"path\":\"/SmartRequestItemsPlanningBoard(ITEM=10m,REQUEST='20084')\"},\"ancestor\":{\"id\":\"requestItemsTable\",\"viewName\":\"etm.portal.ui.managerequests.view.Detail\"}}"}]}
RESULT: undefined
COMMAND: POST /session/f7dda4deea86e37c44fc2a10a2b2b70a/element - {"using":"xpath","value":"//*[@id=\"__button39-__clone514-img\"]"}
RESULT: {"using":"xpath","value":"//*[@id=\"__button39-__clone514-img\"]"}
COMMAND: POST /session/f7dda4deea86e37c44fc2a10a2b2b70a/element/f.30820BDFF87FD38C1A457C97C4719E16.d.427D748E0E6D6C38973FC4D2D96061C9.e.11010/click - {}
RESULT: {}
COMMAND: POST /session/f7dda4deea86e37c44fc2a10a2b2b70a/execute/async - {"script":"<script> [1562 bytes]","args":[{"selector":{"controlType":"sap.m.Button","viewName":"etm.portal.ui.managerequests.view.Detail","properties":{"text":"Close"},"searchOpenDialogs":true,"interaction":{"idSuffix":"BDI-content"}},"wdio_ui5_key":"etmportal.ui.managerequests.view.Detailsap.m.Button{\"text\":\"Close\"}"}]}
COMMAND: GET /session/f7dda4deea86e37c44fc2a10a2b2b70a/screenshot - {}
RESULT: {"script":"<script> [1562 bytes]","args":[{"selector":{"controlType":"sap.m.Button","viewName":"etm.portal.ui.managerequests.view.Detail","properties":{"text":"Close"},"searchOpenDialogs":true,"interaction":{"idSuffix":"BDI-content"}},"wdio_ui5_key":"etmportal.ui.managerequests.view.Detailsap.m.Button{\"text\":\"Close\"}"}]}
RESULT: undefined
COMMAND: POST /session/f7dda4deea86e37c44fc2a10a2b2b70a/element - {"using":"xpath","value":"//*[@id=\"__button49\"]"}
RESULT: {}
RESULT: {"using":"xpath","value":"//*[@id=\"__button49\"]"}
COMMAND: POST /session/f7dda4deea86e37c44fc2a10a2b2b70a/element/f.30820BDFF87FD38C1A457C97C4719E16.d.427D748E0E6D6C38973FC4D2D96061C9.e.11013/click - {}
RESULT: {}
COMMAND: GET /session/f7dda4deea86e37c44fc2a10a2b2b70a/screenshot - {}
RESULT: {}
COMMAND: POST /session/f7dda4deea86e37c44fc2a10a2b2b70a/refresh - {}
RESULT: {}
COMMAND: GET /session/f7dda4deea86e37c44fc2a10a2b2b70a/screenshot - {}
RESULT: {}
COMMAND: POST /session/f7dda4deea86e37c44fc2a10a2b2b70a/execute/async - {"script":"<script> [189 bytes]","args":[]}
RESULT: {"script":"<script> [189 bytes]","args":[]}
COMMAND: POST /session/f7dda4deea86e37c44fc2a10a2b2b70a/execute/async - {"script":"<script> [123 bytes]","args":[]}
RESULT: {"script":"<script> [123 bytes]","args":[]}
COMMAND: POST /session/f7dda4deea86e37c44fc2a10a2b2b70a/timeouts - {"script":"<number>"}
RESULT: {"script":"<number>"}
COMMAND: GET /session/f7dda4deea86e37c44fc2a10a2b2b70a/timeouts - {}
RESULT: {}
RESULT: undefined
COMMAND: POST /session/f7dda4deea86e37c44fc2a10a2b2b70a/execute/async - {"script":"<script> [2676 bytes]","args":[]}
RESULT: {"script":"<script> [2676 bytes]","args":[]}
COMMAND: POST /session/f7dda4deea86e37c44fc2a10a2b2b70a/execute/async - {"script":"<script> [2342 bytes]","args":[{"protocol":"http","hostname":"0.0.0.0","path":"/","capabilities":{"browserName":"chrome","goog:chromeOptions":{"binary":"C:\\Program Files\\Google\\Chrome\\Application\\chrome.exe","args":["--start-maximized"]}},"logLevel":"warn","connectionRetryTimeout":120000,"connectionRetryCount":3,"logLevels":{},"enableDirectConnect":true,"strictSSL":true,"_":"65 more keys: [\"cacheDir\",\"port\",\"requestedCapabilities\",\"automationProtocol\",\"baseUrl\",\"waitforInterval\",\"waitforTimeout\",\"onReload\",\"beforeCommand\",\"afterCommand\",\"rootDir\",\"specs\",\"suites\",\"exclude\",\"groupLogsByTestSpec\",\"excludeDriverLogs\",\"bail\",\"framework\",\"reporters\",\"services\",\"maxInstances\",\"maxInstancesPerCapability\",\"injectGlobals\",\"filesToWatch\",\"execArgv\",\"runnerEnv\",\"runner\",\"shard\",\"specFileRetries\",\"specFileRetriesDelay\",\"specFileRetriesDeferred\",\"reporterSyncInterval\",\"reporterSyncTimeout\",\"cucumberFeaturesWithLineNumbers\",\"autoCompileOpts\",\"mochaOpts\",\"jasmineOpts\",\"cucumberOpts\",\"onPrepare\",\"onWorkerStart\",\"onWorkerEnd\",\"before\",\"beforeSession\",\"beforeSuite\",\"beforeHook\",\"beforeTest\",\"afterTest\",\"afterHook\",\"afterSuite\",\"afterSession\",\"after\",\"onComplete\",\"beforeAssertion\",\"afterAssertion\",\"beforeFeature\",\"beforeScenario\",\"beforeStep\",\"afterStep\",\"afterScenario\",\"afterFeature\",\"_\",\"suite\",\"$0\",\"ignoredWorkerServices\",\"wdi5\"]"}]}
RESULT: {"script":"<script> [2342 bytes]","args":[{"protocol":"http","hostname":"0.0.0.0","path":"/","capabilities":{"browserName":"chrome","goog:chromeOptions":{"binary":"C:\\Program Files\\Google\\Chrome\\Application\\chrome.exe","args":["--start-maximized"]}},"logLevel":"warn","connectionRetryTimeout":120000,"connectionRetryCount":3,"logLevels":{},"enableDirectConnect":true,"strictSSL":true,"_":"65 more keys: [\"cacheDir\",\"port\",\"requestedCapabilities\",\"automationProtocol\",\"baseUrl\",\"waitforInterval\",\"waitforTimeout\",\"onReload\",\"beforeCommand\",\"afterCommand\",\"rootDir\",\"specs\",\"suites\",\"exclude\",\"groupLogsByTestSpec\",\"excludeDriverLogs\",\"bail\",\"framework\",\"reporters\",\"services\",\"maxInstances\",\"maxInstancesPerCapability\",\"injectGlobals\",\"filesToWatch\",\"execArgv\",\"runnerEnv\",\"runner\",\"shard\",\"specFileRetries\",\"specFileRetriesDelay\",\"specFileRetriesDeferred\",\"reporterSyncInterval\",\"reporterSyncTimeout\",\"cucumberFeaturesWithLineNumbers\",\"autoCompileOpts\",\"mochaOpts\",\"jasmineOpts\",\"cucumberOpts\",\"onPrepare\",\"onWorkerStart\",\"onWorkerEnd\",\"before\",\"beforeSession\",\"beforeSuite\",\"beforeHook\",\"beforeTest\",\"afterTest\",\"afterHook\",\"afterSuite\",\"afterSession\",\"after\",\"onComplete\",\"beforeAssertion\",\"afterAssertion\",\"beforeFeature\",\"beforeScenario\",\"beforeStep\",\"afterStep\",\"afterScenario\",\"afterFeature\",\"_\",\"suite\",\"$0\",\"ignoredWorkerServices\",\"wdi5\"]"}]}
COMMAND: POST /session/f7dda4deea86e37c44fc2a10a2b2b70a/execute/async - {"script":"<script> [21126 bytes]","args":[35000]}
RESULT: {"script":"<script> [21126 bytes]","args":[35000]}
]]></system-out>
    </testcase>
    <testcase classname="chrome.136_0_7103_93.windows.Process_request_items_into_an_existing_quotation_US120163" name="Should process the request into an existing quotation" time="75.463">
      <system-out><![CDATA[
COMMAND: GET /session/f7dda4deea86e37c44fc2a10a2b2b70a/window - {}
RESULT: {}
COMMAND: POST /session/f7dda4deea86e37c44fc2a10a2b2b70a/element - {"using":"xpath","value":"//span[contains(@id ,\"detailHeaderTitle-_actionsToolbar-overflowButton-img\")]"}
RESULT: {"using":"xpath","value":"//span[contains(@id ,\"detailHeaderTitle-_actionsToolbar-overflowButton-img\")]"}
COMMAND: POST /session/f7dda4deea86e37c44fc2a10a2b2b70a/element/f.30820BDFF87FD38C1A457C97C4719E16.d.020FECA3C77920F3250DFB2A83BB60BB.e.11233/click - {}
RESULT: {}
COMMAND: GET /session/f7dda4deea86e37c44fc2a10a2b2b70a/screenshot - {}
RESULT: {}
COMMAND: POST /session/f7dda4deea86e37c44fc2a10a2b2b70a/element - {"using":"xpath","value":"//span[contains(@id ,\"actionsMenuButton-internalSplitBtn-arrowButton-img\")]"}
RESULT: {"using":"xpath","value":"//span[contains(@id ,\"actionsMenuButton-internalSplitBtn-arrowButton-img\")]"}
COMMAND: POST /session/f7dda4deea86e37c44fc2a10a2b2b70a/element/f.30820BDFF87FD38C1A457C97C4719E16.d.020FECA3C77920F3250DFB2A83BB60BB.e.11237/click - {}
RESULT: {}
COMMAND: GET /session/f7dda4deea86e37c44fc2a10a2b2b70a/screenshot - {}
RESULT: {}
COMMAND: POST /session/f7dda4deea86e37c44fc2a10a2b2b70a/actions - {"actions":[{"id":"action90","type":"key","parameters":{},"actions":[{"type":"keyDown","value":""},{"type":"pause","duration":10},{"type":"keyUp","value":""}]}]}
RESULT: {"actions":[{"id":"action90","type":"key","parameters":{},"actions":[{"type":"keyDown","value":""},{"type":"pause","duration":10},{"type":"keyUp","value":""}]}]}
COMMAND: GET /session/f7dda4deea86e37c44fc2a10a2b2b70a/screenshot - {}
RESULT: {}
COMMAND: POST /session/f7dda4deea86e37c44fc2a10a2b2b70a/actions - {"actions":[{"id":"action91","type":"key","parameters":{},"actions":[{"type":"keyDown","value":""},{"type":"pause","duration":10},{"type":"keyUp","value":""}]}]}
RESULT: {"actions":[{"id":"action91","type":"key","parameters":{},"actions":[{"type":"keyDown","value":""},{"type":"pause","duration":10},{"type":"keyUp","value":""}]}]}
COMMAND: GET /session/f7dda4deea86e37c44fc2a10a2b2b70a/screenshot - {}
RESULT: {}
COMMAND: POST /session/f7dda4deea86e37c44fc2a10a2b2b70a/actions - {"actions":[{"id":"action92","type":"key","parameters":{},"actions":[{"type":"keyDown","value":""},{"type":"pause","duration":10},{"type":"keyUp","value":""}]}]}
RESULT: {"actions":[{"id":"action92","type":"key","parameters":{},"actions":[{"type":"keyDown","value":""},{"type":"pause","duration":10},{"type":"keyUp","value":""}]}]}
COMMAND: GET /session/f7dda4deea86e37c44fc2a10a2b2b70a/screenshot - {}
RESULT: {}
COMMAND: POST /session/f7dda4deea86e37c44fc2a10a2b2b70a/actions - {"actions":[{"id":"action93","type":"key","parameters":{},"actions":[{"type":"keyDown","value":""},{"type":"pause","duration":10},{"type":"keyUp","value":""}]}]}
RESULT: {"actions":[{"id":"action93","type":"key","parameters":{},"actions":[{"type":"keyDown","value":""},{"type":"pause","duration":10},{"type":"keyUp","value":""}]}]}
COMMAND: GET /session/f7dda4deea86e37c44fc2a10a2b2b70a/screenshot - {}
RESULT: {}
COMMAND: POST /session/f7dda4deea86e37c44fc2a10a2b2b70a/element - {"using":"xpath","value":"//input[contains(@id ,\"quotationsSearchField-I\")]"}
RESULT: {"using":"xpath","value":"//input[contains(@id ,\"quotationsSearchField-I\")]"}
COMMAND: POST /session/f7dda4deea86e37c44fc2a10a2b2b70a/element/f.30820BDFF87FD38C1A457C97C4719E16.d.020FECA3C77920F3250DFB2A83BB60BB.e.11240/clear - {}
RESULT: {}
COMMAND: POST /session/f7dda4deea86e37c44fc2a10a2b2b70a/element/f.30820BDFF87FD38C1A457C97C4719E16.d.020FECA3C77920F3250DFB2A83BB60BB.e.11240/value - {"text":"WdIOQuotationzxm4w"}
COMMAND: GET /session/f7dda4deea86e37c44fc2a10a2b2b70a/screenshot - {}
RESULT: {"text":"WdIOQuotationzxm4w"}
COMMAND: GET /session/f7dda4deea86e37c44fc2a10a2b2b70a/screenshot - {}
RESULT: {}
RESULT: {}
COMMAND: POST /session/f7dda4deea86e37c44fc2a10a2b2b70a/actions - {"actions":[{"id":"action94","type":"key","parameters":{},"actions":[{"type":"keyDown","value":""},{"type":"pause","duration":10},{"type":"keyUp","value":""}]}]}
RESULT: {"actions":[{"id":"action94","type":"key","parameters":{},"actions":[{"type":"keyDown","value":""},{"type":"pause","duration":10},{"type":"keyUp","value":""}]}]}
COMMAND: GET /session/f7dda4deea86e37c44fc2a10a2b2b70a/screenshot - {}
RESULT: {}
COMMAND: POST /session/f7dda4deea86e37c44fc2a10a2b2b70a/element - {"using":"xpath","value":"//div[contains(@id ,\"selectSingle\")]"}
RESULT: {"using":"xpath","value":"//div[contains(@id ,\"selectSingle\")]"}
COMMAND: POST /session/f7dda4deea86e37c44fc2a10a2b2b70a/element/f.30820BDFF87FD38C1A457C97C4719E16.d.020FECA3C77920F3250DFB2A83BB60BB.e.11245/click - {}
RESULT: {}
COMMAND: GET /session/f7dda4deea86e37c44fc2a10a2b2b70a/screenshot - {}
RESULT: {}
COMMAND: POST /session/f7dda4deea86e37c44fc2a10a2b2b70a/element - {"using":"xpath","value":"//bdi[contains(text() ,\"Selection Done\")]"}
RESULT: {"using":"xpath","value":"//bdi[contains(text() ,\"Selection Done\")]"}
COMMAND: POST /session/f7dda4deea86e37c44fc2a10a2b2b70a/element/f.30820BDFF87FD38C1A457C97C4719E16.d.020FECA3C77920F3250DFB2A83BB60BB.e.11252/click - {}
RESULT: {}
COMMAND: GET /session/f7dda4deea86e37c44fc2a10a2b2b70a/screenshot - {}
RESULT: {}
COMMAND: POST /session/f7dda4deea86e37c44fc2a10a2b2b70a/actions - {"actions":[{"id":"action95","type":"key","parameters":{},"actions":[{"type":"keyDown","value":""},{"type":"pause","duration":10},{"type":"keyUp","value":""}]}]}
RESULT: {"actions":[{"id":"action95","type":"key","parameters":{},"actions":[{"type":"keyDown","value":""},{"type":"pause","duration":10},{"type":"keyUp","value":""}]}]}
COMMAND: GET /session/f7dda4deea86e37c44fc2a10a2b2b70a/screenshot - {}
RESULT: {}
COMMAND: POST /session/f7dda4deea86e37c44fc2a10a2b2b70a/actions - {"actions":[{"id":"action96","type":"key","parameters":{},"actions":[{"type":"keyDown","value":""},{"type":"pause","duration":10},{"type":"keyUp","value":""}]}]}
RESULT: {"actions":[{"id":"action96","type":"key","parameters":{},"actions":[{"type":"keyDown","value":""},{"type":"pause","duration":10},{"type":"keyUp","value":""}]}]}
COMMAND: GET /session/f7dda4deea86e37c44fc2a10a2b2b70a/screenshot - {}
RESULT: {}
COMMAND: GET /session/f7dda4deea86e37c44fc2a10a2b2b70a/window/handles - {}
RESULT: {}
COMMAND: GET /session/f7dda4deea86e37c44fc2a10a2b2b70a/window/handles - {}
RESULT: {}
COMMAND: POST /session/f7dda4deea86e37c44fc2a10a2b2b70a/window - {"handle":"A03E24317CC9CA3582D2CAB67C7E048F"}
RESULT: {"handle":"A03E24317CC9CA3582D2CAB67C7E048F"}
COMMAND: GET /session/f7dda4deea86e37c44fc2a10a2b2b70a/url - {}
RESULT: {}
COMMAND: GET /session/f7dda4deea86e37c44fc2a10a2b2b70a/screenshot - {}
RESULT: {}
COMMAND: POST /session/f7dda4deea86e37c44fc2a10a2b2b70a/element - {"using":"xpath","value":"//span[contains(text(), \"Header Billing Items\")]"}
RESULT: {"using":"xpath","value":"//span[contains(text(), \"Header Billing Items\")]"}
COMMAND: POST /session/f7dda4deea86e37c44fc2a10a2b2b70a/element/f.A03E24317CC9CA3582D2CAB67C7E048F.d.3C1237601648BCD51DAC3D32D0079DA9.e.11443/click - {}
RESULT: {}
COMMAND: GET /session/f7dda4deea86e37c44fc2a10a2b2b70a/screenshot - {}
RESULT: {}
COMMAND: POST /session/f7dda4deea86e37c44fc2a10a2b2b70a/element - {"using":"xpath","value":"//span[contains(@id ,\"contractItemsSmartTable-header-inner\")]"}
RESULT: {"using":"xpath","value":"//span[contains(@id ,\"contractItemsSmartTable-header-inner\")]"}
COMMAND: GET /session/f7dda4deea86e37c44fc2a10a2b2b70a/element/f.A03E24317CC9CA3582D2CAB67C7E048F.d.3C1237601648BCD51DAC3D32D0079DA9.e.11445/text - {}
RESULT: {}
COMMAND: POST /session/f7dda4deea86e37c44fc2a10a2b2b70a/element - {"using":"xpath","value":"//span[@class=\"sapMObjStatusText\"][contains(text(), \"proposed\")]"}
RESULT: {"using":"xpath","value":"//span[@class=\"sapMObjStatusText\"][contains(text(), \"proposed\")]"}
COMMAND: GET /session/f7dda4deea86e37c44fc2a10a2b2b70a/element/f.A03E24317CC9CA3582D2CAB67C7E048F.d.3C1237601648BCD51DAC3D32D0079DA9.e.11446/text - {}
RESULT: {}
COMMAND: DELETE /session/f7dda4deea86e37c44fc2a10a2b2b70a/window - {}
RESULT: {}
COMMAND: POST /session/f7dda4deea86e37c44fc2a10a2b2b70a/window - {"handle":"30820BDFF87FD38C1A457C97C4719E16"}
RESULT: {"handle":"30820BDFF87FD38C1A457C97C4719E16"}
COMMAND: GET /session/f7dda4deea86e37c44fc2a10a2b2b70a/url - {}
RESULT: {}
COMMAND: GET /session/f7dda4deea86e37c44fc2a10a2b2b70a/screenshot - {}
RESULT: {}
]]></system-out>
    </testcase>
    <testcase classname="chrome.136_0_7103_93.windows.Process_request_items_into_an_existing_quotation_US120163" name="Should navigate back to the request and check the request and item statuses" time="50.338">
      <system-out><![CDATA[
COMMAND: POST /session/f7dda4deea86e37c44fc2a10a2b2b70a/refresh - {}
RESULT: {}
COMMAND: GET /session/f7dda4deea86e37c44fc2a10a2b2b70a/screenshot - {}
RESULT: {}
COMMAND: POST /session/f7dda4deea86e37c44fc2a10a2b2b70a/execute/async - {"script":"<script> [189 bytes]","args":[]}
RESULT: {"script":"<script> [189 bytes]","args":[]}
COMMAND: POST /session/f7dda4deea86e37c44fc2a10a2b2b70a/execute/async - {"script":"<script> [123 bytes]","args":[]}
RESULT: {"script":"<script> [123 bytes]","args":[]}
COMMAND: POST /session/f7dda4deea86e37c44fc2a10a2b2b70a/timeouts - {"script":"<number>"}
RESULT: {"script":"<number>"}
COMMAND: GET /session/f7dda4deea86e37c44fc2a10a2b2b70a/timeouts - {}
RESULT: {}
RESULT: undefined
COMMAND: POST /session/f7dda4deea86e37c44fc2a10a2b2b70a/execute/async - {"script":"<script> [2676 bytes]","args":[]}
RESULT: {"script":"<script> [2676 bytes]","args":[]}
COMMAND: POST /session/f7dda4deea86e37c44fc2a10a2b2b70a/execute/async - {"script":"<script> [2342 bytes]","args":[{"protocol":"http","hostname":"0.0.0.0","path":"/","capabilities":{"browserName":"chrome","goog:chromeOptions":{"binary":"C:\\Program Files\\Google\\Chrome\\Application\\chrome.exe","args":["--start-maximized"]}},"logLevel":"warn","connectionRetryTimeout":120000,"connectionRetryCount":3,"logLevels":{},"enableDirectConnect":true,"strictSSL":true,"_":"65 more keys: [\"cacheDir\",\"port\",\"requestedCapabilities\",\"automationProtocol\",\"baseUrl\",\"waitforInterval\",\"waitforTimeout\",\"onReload\",\"beforeCommand\",\"afterCommand\",\"rootDir\",\"specs\",\"suites\",\"exclude\",\"groupLogsByTestSpec\",\"excludeDriverLogs\",\"bail\",\"framework\",\"reporters\",\"services\",\"maxInstances\",\"maxInstancesPerCapability\",\"injectGlobals\",\"filesToWatch\",\"execArgv\",\"runnerEnv\",\"runner\",\"shard\",\"specFileRetries\",\"specFileRetriesDelay\",\"specFileRetriesDeferred\",\"reporterSyncInterval\",\"reporterSyncTimeout\",\"cucumberFeaturesWithLineNumbers\",\"autoCompileOpts\",\"mochaOpts\",\"jasmineOpts\",\"cucumberOpts\",\"onPrepare\",\"onWorkerStart\",\"onWorkerEnd\",\"before\",\"beforeSession\",\"beforeSuite\",\"beforeHook\",\"beforeTest\",\"afterTest\",\"afterHook\",\"afterSuite\",\"afterSession\",\"after\",\"onComplete\",\"beforeAssertion\",\"afterAssertion\",\"beforeFeature\",\"beforeScenario\",\"beforeStep\",\"afterStep\",\"afterScenario\",\"afterFeature\",\"_\",\"suite\",\"$0\",\"ignoredWorkerServices\",\"wdi5\"]"}]}
RESULT: {"script":"<script> [2342 bytes]","args":[{"protocol":"http","hostname":"0.0.0.0","path":"/","capabilities":{"browserName":"chrome","goog:chromeOptions":{"binary":"C:\\Program Files\\Google\\Chrome\\Application\\chrome.exe","args":["--start-maximized"]}},"logLevel":"warn","connectionRetryTimeout":120000,"connectionRetryCount":3,"logLevels":{},"enableDirectConnect":true,"strictSSL":true,"_":"65 more keys: [\"cacheDir\",\"port\",\"requestedCapabilities\",\"automationProtocol\",\"baseUrl\",\"waitforInterval\",\"waitforTimeout\",\"onReload\",\"beforeCommand\",\"afterCommand\",\"rootDir\",\"specs\",\"suites\",\"exclude\",\"groupLogsByTestSpec\",\"excludeDriverLogs\",\"bail\",\"framework\",\"reporters\",\"services\",\"maxInstances\",\"maxInstancesPerCapability\",\"injectGlobals\",\"filesToWatch\",\"execArgv\",\"runnerEnv\",\"runner\",\"shard\",\"specFileRetries\",\"specFileRetriesDelay\",\"specFileRetriesDeferred\",\"reporterSyncInterval\",\"reporterSyncTimeout\",\"cucumberFeaturesWithLineNumbers\",\"autoCompileOpts\",\"mochaOpts\",\"jasmineOpts\",\"cucumberOpts\",\"onPrepare\",\"onWorkerStart\",\"onWorkerEnd\",\"before\",\"beforeSession\",\"beforeSuite\",\"beforeHook\",\"beforeTest\",\"afterTest\",\"afterHook\",\"afterSuite\",\"afterSession\",\"after\",\"onComplete\",\"beforeAssertion\",\"afterAssertion\",\"beforeFeature\",\"beforeScenario\",\"beforeStep\",\"afterStep\",\"afterScenario\",\"afterFeature\",\"_\",\"suite\",\"$0\",\"ignoredWorkerServices\",\"wdi5\"]"}]}
COMMAND: POST /session/f7dda4deea86e37c44fc2a10a2b2b70a/execute/async - {"script":"<script> [21126 bytes]","args":[35000]}
RESULT: {"script":"<script> [21126 bytes]","args":[35000]}
COMMAND: POST /session/f7dda4deea86e37c44fc2a10a2b2b70a/execute/async - {"script":"<script> [1562 bytes]","args":[{"selector":{"controlType":"sap.m.Text","viewName":"etm.portal.ui.managerequests.view.Detail","bindingPath":{"path":"/SmartRequestItemsPlanningBoard(ITEM=10m,REQUEST='20084')","propertyPath":"STATUS_DESC"}},"wdio_ui5_key":"etmportal.ui.managerequests.view.Detailsap.m.Text{\"path\":\"/SmartRequestItemsPlanningBoard(ITEM=10m,REQUEST='20084')\",\"propertyPath\":\"STATUS_DESC\"}"}]}
RESULT: {"script":"<script> [1562 bytes]","args":[{"selector":{"controlType":"sap.m.Text","viewName":"etm.portal.ui.managerequests.view.Detail","bindingPath":{"path":"/SmartRequestItemsPlanningBoard(ITEM=10m,REQUEST='20084')","propertyPath":"STATUS_DESC"}},"wdio_ui5_key":"etmportal.ui.managerequests.view.Detailsap.m.Text{\"path\":\"/SmartRequestItemsPlanningBoard(ITEM=10m,REQUEST='20084')\",\"propertyPath\":\"STATUS_DESC\"}"}]}
RESULT: undefined
COMMAND: POST /session/f7dda4deea86e37c44fc2a10a2b2b70a/execute/async - {"script":"<script> [6424 bytes]","args":[{"element-6066-11e4-a52e-4f735466cecf":"f.30820BDFF87FD38C1A457C97C4719E16.d.1BA2A6F1B8218C42B148FFB95B2B4A69.e.11643"},"getText",[]]}
RESULT: {"script":"<script> [6424 bytes]","args":[{"element-6066-11e4-a52e-4f735466cecf":"f.30820BDFF87FD38C1A457C97C4719E16.d.1BA2A6F1B8218C42B148FFB95B2B4A69.e.11643"},"getText",[]]}
COMMAND: POST /session/f7dda4deea86e37c44fc2a10a2b2b70a/execute/async - {"script":"<script> [1562 bytes]","args":[{"selector":{"controlType":"sap.m.ObjectStatus","viewName":"etm.portal.ui.managerequests.view.Detail","bindingPath":{"path":"/RequestHeaders('20084')","propertyPath":"LINK_TO_STATUS/DESCRIPTION","modelName":"catalogModel"}},"wdio_ui5_key":"etmportal.ui.managerequests.view.Detailsap.m.ObjectStatus{\"path\":\"/RequestHeaders('20084')\",\"propertyPath\":\"LINK_TO_STATUS/DESCRIPTION\",\"modelName\":\"catalogModel\"}"}]}
RESULT: {"script":"<script> [1562 bytes]","args":[{"selector":{"controlType":"sap.m.ObjectStatus","viewName":"etm.portal.ui.managerequests.view.Detail","bindingPath":{"path":"/RequestHeaders('20084')","propertyPath":"LINK_TO_STATUS/DESCRIPTION","modelName":"catalogModel"}},"wdio_ui5_key":"etmportal.ui.managerequests.view.Detailsap.m.ObjectStatus{\"path\":\"/RequestHeaders('20084')\",\"propertyPath\":\"LINK_TO_STATUS/DESCRIPTION\",\"modelName\":\"catalogModel\"}"}]}
RESULT: undefined
COMMAND: POST /session/f7dda4deea86e37c44fc2a10a2b2b70a/execute/async - {"script":"<script> [6424 bytes]","args":[{"element-6066-11e4-a52e-4f735466cecf":"f.30820BDFF87FD38C1A457C97C4719E16.d.1BA2A6F1B8218C42B148FFB95B2B4A69.e.11644"},"getText",[]]}
RESULT: {"script":"<script> [6424 bytes]","args":[{"element-6066-11e4-a52e-4f735466cecf":"f.30820BDFF87FD38C1A457C97C4719E16.d.1BA2A6F1B8218C42B148FFB95B2B4A69.e.11644"},"getText",[]]}
COMMAND: POST /session/f7dda4deea86e37c44fc2a10a2b2b70a/element - {"using":"css selector","value":"#shell-header-logo"}
RESULT: {"using":"css selector","value":"#shell-header-logo"}
COMMAND: POST /session/f7dda4deea86e37c44fc2a10a2b2b70a/element/f.30820BDFF87FD38C1A457C97C4719E16.d.1BA2A6F1B8218C42B148FFB95B2B4A69.e.11454/click - {}
RESULT: {}
COMMAND: GET /session/f7dda4deea86e37c44fc2a10a2b2b70a/screenshot - {}
COMMAND: POST /session/f7dda4deea86e37c44fc2a10a2b2b70a/refresh - {}
RESULT: {}
RESULT: {}
COMMAND: GET /session/f7dda4deea86e37c44fc2a10a2b2b70a/screenshot - {}
RESULT: {}
COMMAND: POST /session/f7dda4deea86e37c44fc2a10a2b2b70a/execute/async - {"script":"<script> [189 bytes]","args":[]}
RESULT: {"script":"<script> [189 bytes]","args":[]}
COMMAND: POST /session/f7dda4deea86e37c44fc2a10a2b2b70a/execute/async - {"script":"<script> [123 bytes]","args":[]}
RESULT: {"script":"<script> [123 bytes]","args":[]}
COMMAND: POST /session/f7dda4deea86e37c44fc2a10a2b2b70a/timeouts - {"script":"<number>"}
RESULT: {"script":"<number>"}
COMMAND: GET /session/f7dda4deea86e37c44fc2a10a2b2b70a/timeouts - {}
RESULT: {}
RESULT: undefined
COMMAND: POST /session/f7dda4deea86e37c44fc2a10a2b2b70a/execute/async - {"script":"<script> [2676 bytes]","args":[]}
RESULT: {"script":"<script> [2676 bytes]","args":[]}
COMMAND: POST /session/f7dda4deea86e37c44fc2a10a2b2b70a/execute/async - {"script":"<script> [2342 bytes]","args":[{"protocol":"http","hostname":"0.0.0.0","path":"/","capabilities":{"browserName":"chrome","goog:chromeOptions":{"binary":"C:\\Program Files\\Google\\Chrome\\Application\\chrome.exe","args":["--start-maximized"]}},"logLevel":"warn","connectionRetryTimeout":120000,"connectionRetryCount":3,"logLevels":{},"enableDirectConnect":true,"strictSSL":true,"_":"65 more keys: [\"cacheDir\",\"port\",\"requestedCapabilities\",\"automationProtocol\",\"baseUrl\",\"waitforInterval\",\"waitforTimeout\",\"onReload\",\"beforeCommand\",\"afterCommand\",\"rootDir\",\"specs\",\"suites\",\"exclude\",\"groupLogsByTestSpec\",\"excludeDriverLogs\",\"bail\",\"framework\",\"reporters\",\"services\",\"maxInstances\",\"maxInstancesPerCapability\",\"injectGlobals\",\"filesToWatch\",\"execArgv\",\"runnerEnv\",\"runner\",\"shard\",\"specFileRetries\",\"specFileRetriesDelay\",\"specFileRetriesDeferred\",\"reporterSyncInterval\",\"reporterSyncTimeout\",\"cucumberFeaturesWithLineNumbers\",\"autoCompileOpts\",\"mochaOpts\",\"jasmineOpts\",\"cucumberOpts\",\"onPrepare\",\"onWorkerStart\",\"onWorkerEnd\",\"before\",\"beforeSession\",\"beforeSuite\",\"beforeHook\",\"beforeTest\",\"afterTest\",\"afterHook\",\"afterSuite\",\"afterSession\",\"after\",\"onComplete\",\"beforeAssertion\",\"afterAssertion\",\"beforeFeature\",\"beforeScenario\",\"beforeStep\",\"afterStep\",\"afterScenario\",\"afterFeature\",\"_\",\"suite\",\"$0\",\"ignoredWorkerServices\",\"wdi5\"]"}]}
RESULT: {"script":"<script> [2342 bytes]","args":[{"protocol":"http","hostname":"0.0.0.0","path":"/","capabilities":{"browserName":"chrome","goog:chromeOptions":{"binary":"C:\\Program Files\\Google\\Chrome\\Application\\chrome.exe","args":["--start-maximized"]}},"logLevel":"warn","connectionRetryTimeout":120000,"connectionRetryCount":3,"logLevels":{},"enableDirectConnect":true,"strictSSL":true,"_":"65 more keys: [\"cacheDir\",\"port\",\"requestedCapabilities\",\"automationProtocol\",\"baseUrl\",\"waitforInterval\",\"waitforTimeout\",\"onReload\",\"beforeCommand\",\"afterCommand\",\"rootDir\",\"specs\",\"suites\",\"exclude\",\"groupLogsByTestSpec\",\"excludeDriverLogs\",\"bail\",\"framework\",\"reporters\",\"services\",\"maxInstances\",\"maxInstancesPerCapability\",\"injectGlobals\",\"filesToWatch\",\"execArgv\",\"runnerEnv\",\"runner\",\"shard\",\"specFileRetries\",\"specFileRetriesDelay\",\"specFileRetriesDeferred\",\"reporterSyncInterval\",\"reporterSyncTimeout\",\"cucumberFeaturesWithLineNumbers\",\"autoCompileOpts\",\"mochaOpts\",\"jasmineOpts\",\"cucumberOpts\",\"onPrepare\",\"onWorkerStart\",\"onWorkerEnd\",\"before\",\"beforeSession\",\"beforeSuite\",\"beforeHook\",\"beforeTest\",\"afterTest\",\"afterHook\",\"afterSuite\",\"afterSession\",\"after\",\"onComplete\",\"beforeAssertion\",\"afterAssertion\",\"beforeFeature\",\"beforeScenario\",\"beforeStep\",\"afterStep\",\"afterScenario\",\"afterFeature\",\"_\",\"suite\",\"$0\",\"ignoredWorkerServices\",\"wdi5\"]"}]}
COMMAND: POST /session/f7dda4deea86e37c44fc2a10a2b2b70a/execute/async - {"script":"<script> [21126 bytes]","args":[35000]}
RESULT: {"script":"<script> [21126 bytes]","args":[35000]}
]]></system-out>
    </testcase>
  </testsuite>
  <testsuite timestamp="2025-05-23T16:23:21" time="328.748" tests="3" failures="2" errors="2" skipped="0">
    <properties>
      <property name="specId" value="0"/>
      <property name="suiteName" value="Process request items into new quotation US120163"/>
      <property name="capabilities" value="chrome.136_0_7103_93.windows"/>
      <property name="file" value="file:///D:/a/1/s/test/specs/R2C/process-request-items-into-new-quotation.spec.js"/>
    </properties>
    <testcase classname="chrome.136_0_7103_93.windows.Process_request_items_into_new_quotation_US120163" name="Should create a new request with catalog items and plan it" time="201.232">
      <system-out><![CDATA[
COMMAND: POST /session/f7dda4deea86e37c44fc2a10a2b2b70a/execute/async - {"script":"<script> [1562 bytes]","args":[{"selector":{"controlType":"sap.m.GenericTile","properties":{"header":"Manage Requests"}},"wdio_ui5_key":"sapm.GenericTile{\"header\":\"Manage Requests\"}"}]}
RESULT: {"script":"<script> [1562 bytes]","args":[{"selector":{"controlType":"sap.m.GenericTile","properties":{"header":"Manage Requests"}},"wdio_ui5_key":"sapm.GenericTile{\"header\":\"Manage Requests\"}"}]}
RESULT: undefined
COMMAND: POST /session/f7dda4deea86e37c44fc2a10a2b2b70a/element - {"using":"xpath","value":"//*[@id=\"__tile47\"]"}
RESULT: {"using":"xpath","value":"//*[@id=\"__tile47\"]"}
COMMAND: POST /session/f7dda4deea86e37c44fc2a10a2b2b70a/element/f.30820BDFF87FD38C1A457C97C4719E16.d.3D53B23DF2FA046EB3F8FD3A2B180BE5.e.11679/click - {}
RESULT: {}
COMMAND: GET /session/f7dda4deea86e37c44fc2a10a2b2b70a/screenshot - {}
RESULT: {}
COMMAND: POST /session/f7dda4deea86e37c44fc2a10a2b2b70a/elements - {"using":"xpath","value":"//span[text()='Error']"}
RESULT: {"using":"xpath","value":"//span[text()='Error']"}
COMMAND: POST /session/f7dda4deea86e37c44fc2a10a2b2b70a/element - {"using":"xpath","value":"//button[contains(@data-kt ,\"btnCreateNewOverflowToolbarButton\")]"}
COMMAND: POST /session/f7dda4deea86e37c44fc2a10a2b2b70a/element - {"using":"xpath","value":"(//span[contains(@class ,\"sapMObjStatusText\")])[1]"}
RESULT: {"using":"xpath","value":"//button[contains(@data-kt ,\"btnCreateNewOverflowToolbarButton\")]"}
COMMAND: POST /session/f7dda4deea86e37c44fc2a10a2b2b70a/element/f.30820BDFF87FD38C1A457C97C4719E16.d.3D53B23DF2FA046EB3F8FD3A2B180BE5.e.11736/click - {}
RESULT: {"using":"xpath","value":"(//span[contains(@class ,\"sapMObjStatusText\")])[1]"}
COMMAND: POST /session/f7dda4deea86e37c44fc2a10a2b2b70a/execute/sync - {"script":"<script> [8489 bytes]","args":[{"element-6066-11e4-a52e-4f735466cecf":"f.30820BDFF87FD38C1A457C97C4719E16.d.3D53B23DF2FA046EB3F8FD3A2B180BE5.e.11775","ELEMENT":"f.30820BDFF87FD38C1A457C97C4719E16.d.3D53B23DF2FA046EB3F8FD3A2B180BE5.e.11775"}]}
RESULT: {}
COMMAND: GET /session/f7dda4deea86e37c44fc2a10a2b2b70a/screenshot - {}
RESULT: {"script":"<script> [8489 bytes]","args":[{"element-6066-11e4-a52e-4f735466cecf":"f.30820BDFF87FD38C1A457C97C4719E16.d.3D53B23DF2FA046EB3F8FD3A2B180BE5.e.11775","ELEMENT":"f.30820BDFF87FD38C1A457C97C4719E16.d.3D53B23DF2FA046EB3F8FD3A2B180BE5.e.11775"}]}
COMMAND: GET /session/f7dda4deea86e37c44fc2a10a2b2b70a/screenshot - {}
RESULT: {}
RESULT: {}
COMMAND: POST /session/f7dda4deea86e37c44fc2a10a2b2b70a/element - {"using":"xpath","value":"//input[contains(@id ,\"yardId-inner\")]"}
RESULT: {"using":"xpath","value":"//input[contains(@id ,\"yardId-inner\")]"}
COMMAND: POST /session/f7dda4deea86e37c44fc2a10a2b2b70a/execute/sync - {"script":"<script> [8489 bytes]","args":[{"element-6066-11e4-a52e-4f735466cecf":"f.30820BDFF87FD38C1A457C97C4719E16.d.3D53B23DF2FA046EB3F8FD3A2B180BE5.e.11867","ELEMENT":"f.30820BDFF87FD38C1A457C97C4719E16.d.3D53B23DF2FA046EB3F8FD3A2B180BE5.e.11867"}]}
RESULT: {"script":"<script> [8489 bytes]","args":[{"element-6066-11e4-a52e-4f735466cecf":"f.30820BDFF87FD38C1A457C97C4719E16.d.3D53B23DF2FA046EB3F8FD3A2B180BE5.e.11867","ELEMENT":"f.30820BDFF87FD38C1A457C97C4719E16.d.3D53B23DF2FA046EB3F8FD3A2B180BE5.e.11867"}]}
COMMAND: POST /session/f7dda4deea86e37c44fc2a10a2b2b70a/element - {"using":"xpath","value":"//input[contains(@id ,\"yardId-inner\")]"}
COMMAND: GET /session/f7dda4deea86e37c44fc2a10a2b2b70a/screenshot - {}
RESULT: {"using":"xpath","value":"//input[contains(@id ,\"yardId-inner\")]"}
COMMAND: GET /session/f7dda4deea86e37c44fc2a10a2b2b70a/element/f.30820BDFF87FD38C1A457C97C4719E16.d.3D53B23DF2FA046EB3F8FD3A2B180BE5.e.11867/enabled - {}
RESULT: {}
RESULT: {}
COMMAND: POST /session/f7dda4deea86e37c44fc2a10a2b2b70a/element/f.30820BDFF87FD38C1A457C97C4719E16.d.3D53B23DF2FA046EB3F8FD3A2B180BE5.e.11867/clear - {}
COMMAND: GET /session/f7dda4deea86e37c44fc2a10a2b2b70a/screenshot - {}
RESULT: {}
COMMAND: POST /session/f7dda4deea86e37c44fc2a10a2b2b70a/element/f.30820BDFF87FD38C1A457C97C4719E16.d.3D53B23DF2FA046EB3F8FD3A2B180BE5.e.11867/value - {"text":"WebdriverYard3mpceg"}
COMMAND: GET /session/f7dda4deea86e37c44fc2a10a2b2b70a/screenshot - {}
RESULT: {}
RESULT: {"text":"WebdriverYard3mpceg"}
COMMAND: GET /session/f7dda4deea86e37c44fc2a10a2b2b70a/screenshot - {}
RESULT: {}
RESULT: {}
COMMAND: POST /session/f7dda4deea86e37c44fc2a10a2b2b70a/element - {"using":"xpath","value":"//input[contains(@id ,\"customerNumber-inner\")]"}
RESULT: {"using":"xpath","value":"//input[contains(@id ,\"customerNumber-inner\")]"}
COMMAND: POST /session/f7dda4deea86e37c44fc2a10a2b2b70a/element/f.30820BDFF87FD38C1A457C97C4719E16.d.3D53B23DF2FA046EB3F8FD3A2B180BE5.e.11861/value - {"text":"WebdriverPartneribxbz"}
COMMAND: POST /session/f7dda4deea86e37c44fc2a10a2b2b70a/actions - {"actions":[{"id":"action97","type":"key","parameters":{},"actions":[{"type":"keyDown","value":""},{"type":"pause","duration":10},{"type":"keyUp","value":""}]}]}
RESULT: {"actions":[{"id":"action97","type":"key","parameters":{},"actions":[{"type":"keyDown","value":""},{"type":"pause","duration":10},{"type":"keyUp","value":""}]}]}
COMMAND: GET /session/f7dda4deea86e37c44fc2a10a2b2b70a/screenshot - {}
RESULT: {"text":"WebdriverPartneribxbz"}
COMMAND: GET /session/f7dda4deea86e37c44fc2a10a2b2b70a/screenshot - {}
RESULT: {}
RESULT: {}
COMMAND: POST /session/f7dda4deea86e37c44fc2a10a2b2b70a/element/f.30820BDFF87FD38C1A457C97C4719E16.d.3D53B23DF2FA046EB3F8FD3A2B180BE5.e.11867/clear - {}
RESULT: {}
COMMAND: POST /session/f7dda4deea86e37c44fc2a10a2b2b70a/element/f.30820BDFF87FD38C1A457C97C4719E16.d.3D53B23DF2FA046EB3F8FD3A2B180BE5.e.11867/clear - {}
COMMAND: GET /session/f7dda4deea86e37c44fc2a10a2b2b70a/screenshot - {}
RESULT: {}
COMMAND: POST /session/f7dda4deea86e37c44fc2a10a2b2b70a/element/f.30820BDFF87FD38C1A457C97C4719E16.d.3D53B23DF2FA046EB3F8FD3A2B180BE5.e.11867/value - {"text":"WebdriverYard3mpceg"}
COMMAND: GET /session/f7dda4deea86e37c44fc2a10a2b2b70a/screenshot - {}
RESULT: {}
RESULT: {"text":"WebdriverYard3mpceg"}
COMMAND: GET /session/f7dda4deea86e37c44fc2a10a2b2b70a/screenshot - {}
RESULT: {}
RESULT: {}
COMMAND: POST /session/f7dda4deea86e37c44fc2a10a2b2b70a/actions - {"actions":[{"id":"action98","type":"key","parameters":{},"actions":[{"type":"keyDown","value":""},{"type":"pause","duration":10},{"type":"keyUp","value":""}]}]}
RESULT: {"actions":[{"id":"action98","type":"key","parameters":{},"actions":[{"type":"keyDown","value":""},{"type":"pause","duration":10},{"type":"keyUp","value":""}]}]}
COMMAND: GET /session/f7dda4deea86e37c44fc2a10a2b2b70a/screenshot - {}
RESULT: {}
COMMAND: POST /session/f7dda4deea86e37c44fc2a10a2b2b70a/actions - {"actions":[{"id":"action99","type":"key","parameters":{},"actions":[{"type":"keyDown","value":""},{"type":"pause","duration":10},{"type":"keyUp","value":""}]}]}
RESULT: {"actions":[{"id":"action99","type":"key","parameters":{},"actions":[{"type":"keyDown","value":""},{"type":"pause","duration":10},{"type":"keyUp","value":""}]}]}
COMMAND: GET /session/f7dda4deea86e37c44fc2a10a2b2b70a/screenshot - {}
COMMAND: GET /session/f7dda4deea86e37c44fc2a10a2b2b70a/element/f.30820BDFF87FD38C1A457C97C4719E16.d.3D53B23DF2FA046EB3F8FD3A2B180BE5.e.11861/property/value - {}
RESULT: {}
RESULT: {}
COMMAND: POST /session/f7dda4deea86e37c44fc2a10a2b2b70a/element - {"using":"xpath","value":"//input[contains(@id ,\"requestSiteId-inner\")]"}
COMMAND: GET /session/f7dda4deea86e37c44fc2a10a2b2b70a/screenshot - {}
RESULT: {"using":"xpath","value":"//input[contains(@id ,\"requestSiteId-inner\")]"}
COMMAND: POST /session/f7dda4deea86e37c44fc2a10a2b2b70a/element/f.30820BDFF87FD38C1A457C97C4719E16.d.3D53B23DF2FA046EB3F8FD3A2B180BE5.e.11860/value - {"text":"WebdriverSiten0blx"}
RESULT: {}
RESULT: {"text":"WebdriverSiten0blx"}
COMMAND: GET /session/f7dda4deea86e37c44fc2a10a2b2b70a/screenshot - {}
RESULT: {}
COMMAND: POST /session/f7dda4deea86e37c44fc2a10a2b2b70a/actions - {"actions":[{"id":"action100","type":"key","parameters":{},"actions":[{"type":"keyDown","value":""},{"type":"pause","duration":10},{"type":"keyUp","value":""}]}]}
RESULT: {"actions":[{"id":"action100","type":"key","parameters":{},"actions":[{"type":"keyDown","value":""},{"type":"pause","duration":10},{"type":"keyUp","value":""}]}]}
COMMAND: GET /session/f7dda4deea86e37c44fc2a10a2b2b70a/screenshot - {}
RESULT: {}
COMMAND: POST /session/f7dda4deea86e37c44fc2a10a2b2b70a/element - {"using":"xpath","value":"//button[contains(@data-kt ,\"requestItemAddOverflowToolbarButton\")]"}
RESULT: {"using":"xpath","value":"//button[contains(@data-kt ,\"requestItemAddOverflowToolbarButton\")]"}
COMMAND: POST /session/f7dda4deea86e37c44fc2a10a2b2b70a/element/f.30820BDFF87FD38C1A457C97C4719E16.d.3D53B23DF2FA046EB3F8FD3A2B180BE5.e.12027/click - {}
RESULT: {}
COMMAND: GET /session/f7dda4deea86e37c44fc2a10a2b2b70a/screenshot - {}
RESULT: {}
COMMAND: POST /session/f7dda4deea86e37c44fc2a10a2b2b70a/actions - {"actions":[{"id":"action101","type":"key","parameters":{},"actions":[{"type":"keyDown","value":""},{"type":"pause","duration":10},{"type":"keyUp","value":""}]}]}
RESULT: {"actions":[{"id":"action101","type":"key","parameters":{},"actions":[{"type":"keyDown","value":""},{"type":"pause","duration":10},{"type":"keyUp","value":""}]}]}
COMMAND: POST /session/f7dda4deea86e37c44fc2a10a2b2b70a/actions - {"actions":[{"id":"action102","type":"key","parameters":{},"actions":[{"type":"keyDown","value":""},{"type":"pause","duration":10},{"type":"keyUp","value":""}]}]}
COMMAND: GET /session/f7dda4deea86e37c44fc2a10a2b2b70a/screenshot - {}
RESULT: {"actions":[{"id":"action102","type":"key","parameters":{},"actions":[{"type":"keyDown","value":""},{"type":"pause","duration":10},{"type":"keyUp","value":""}]}]}
COMMAND: GET /session/f7dda4deea86e37c44fc2a10a2b2b70a/screenshot - {}
RESULT: {}
RESULT: {}
COMMAND: POST /session/f7dda4deea86e37c44fc2a10a2b2b70a/element - {"using":"xpath","value":"(//input[contains(@id ,\"requestItemsTable-0-inner\")])[1]"}
RESULT: {"using":"xpath","value":"(//input[contains(@id ,\"requestItemsTable-0-inner\")])[1]"}
COMMAND: POST /session/f7dda4deea86e37c44fc2a10a2b2b70a/element/f.30820BDFF87FD38C1A457C97C4719E16.d.3D53B23DF2FA046EB3F8FD3A2B180BE5.e.12031/clear - {}
RESULT: {}
COMMAND: POST /session/f7dda4deea86e37c44fc2a10a2b2b70a/element/f.30820BDFF87FD38C1A457C97C4719E16.d.3D53B23DF2FA046EB3F8FD3A2B180BE5.e.12031/value - {"text":"catalogItemoyipb"}
COMMAND: GET /session/f7dda4deea86e37c44fc2a10a2b2b70a/screenshot - {}
RESULT: {"text":"catalogItemoyipb"}
COMMAND: GET /session/f7dda4deea86e37c44fc2a10a2b2b70a/screenshot - {}
RESULT: {}
RESULT: {}
COMMAND: POST /session/f7dda4deea86e37c44fc2a10a2b2b70a/actions - {"actions":[{"id":"action103","type":"key","parameters":{},"actions":[{"type":"keyDown","value":""},{"type":"pause","duration":10},{"type":"keyUp","value":""}]}]}
RESULT: {"actions":[{"id":"action103","type":"key","parameters":{},"actions":[{"type":"keyDown","value":""},{"type":"pause","duration":10},{"type":"keyUp","value":""}]}]}
COMMAND: GET /session/f7dda4deea86e37c44fc2a10a2b2b70a/screenshot - {}
RESULT: {}
COMMAND: POST /session/f7dda4deea86e37c44fc2a10a2b2b70a/execute/async - {"script":"<script> [1562 bytes]","args":[{"selector":{"controlType":"sap.ui.core.Icon","viewName":"etm.portal.ui.managerequests.view.NewRequest","properties":{"src":{"regex":{"source":"slim\\-arrow\\-down"}}},"ancestor":{"controlType":"sap.m.Button","viewName":"etm.portal.ui.managerequests.view.NewRequest","properties":{"icon":"sap-icon://slim-arrow-down"}}},"wdio_ui5_key":"etmportal.ui.managerequests.view.NewRequestsap.ui.core.Icon{\"src\":{\"regex\":{\"source\":\"slim\\\\-arrow\\\\-down\"}}}{\"controlType\":\"sap.m.Button\",\"viewName\":\"etm.portal.ui.managerequests.view.NewRequest\",\"properties\":{\"icon\":\"sap-icon://slim-arrow-down\"}}"}]}
RESULT: {"script":"<script> [1562 bytes]","args":[{"selector":{"controlType":"sap.ui.core.Icon","viewName":"etm.portal.ui.managerequests.view.NewRequest","properties":{"src":{"regex":{"source":"slim\\-arrow\\-down"}}},"ancestor":{"controlType":"sap.m.Button","viewName":"etm.portal.ui.managerequests.view.NewRequest","properties":{"icon":"sap-icon://slim-arrow-down"}}},"wdio_ui5_key":"etmportal.ui.managerequests.view.NewRequestsap.ui.core.Icon{\"src\":{\"regex\":{\"source\":\"slim\\\\-arrow\\\\-down\"}}}{\"controlType\":\"sap.m.Button\",\"viewName\":\"etm.portal.ui.managerequests.view.NewRequest\",\"properties\":{\"icon\":\"sap-icon://slim-arrow-down\"}}"}]}
RESULT: undefined
COMMAND: POST /session/f7dda4deea86e37c44fc2a10a2b2b70a/element - {"using":"xpath","value":"//div[contains(@data-kt ,\"splitAllocationObjectStatus\")]"}
RESULT: {"using":"xpath","value":"//div[contains(@data-kt ,\"splitAllocationObjectStatus\")]"}
COMMAND: POST /session/f7dda4deea86e37c44fc2a10a2b2b70a/elements - {"using":"xpath","value":"//div[contains(@data-kt ,\"splitAllocationObjectStatus\")]"}
RESULT: {"using":"xpath","value":"//div[contains(@data-kt ,\"splitAllocationObjectStatus\")]"}
COMMAND: POST /session/f7dda4deea86e37c44fc2a10a2b2b70a/execute/async - {"script":"<script> [1562 bytes]","args":[{"selector":{"controlType":"sap.ui.core.Icon","viewName":"etm.portal.ui.managerequests.view.NewRequest","properties":{"src":{"regex":{"source":"message\\-error"}}}},"wdio_ui5_key":"etmportal.ui.managerequests.view.NewRequestsap.ui.core.Icon{\"src\":{\"regex\":{\"source\":\"message\\\\-error\"}}}"}]}
RESULT: {"script":"<script> [1562 bytes]","args":[{"selector":{"controlType":"sap.ui.core.Icon","viewName":"etm.portal.ui.managerequests.view.NewRequest","properties":{"src":{"regex":{"source":"message\\-error"}}}},"wdio_ui5_key":"etmportal.ui.managerequests.view.NewRequestsap.ui.core.Icon{\"src\":{\"regex\":{\"source\":\"message\\\\-error\"}}}"}]}
RESULT: undefined
COMMAND: POST /session/f7dda4deea86e37c44fc2a10a2b2b70a/element - {"using":"xpath","value":"//*[@id=\"__status4-__xmlview59--requestItemsTable-0-icon\"]"}
RESULT: {"using":"xpath","value":"//*[@id=\"__status4-__xmlview59--requestItemsTable-0-icon\"]"}
COMMAND: POST /session/f7dda4deea86e37c44fc2a10a2b2b70a/element/f.30820BDFF87FD38C1A457C97C4719E16.d.3D53B23DF2FA046EB3F8FD3A2B180BE5.e.12045/click - {}
RESULT: {}
COMMAND: POST /session/f7dda4deea86e37c44fc2a10a2b2b70a/execute/async - {"script":"<script> [1562 bytes]","args":[{"selector":{"controlType":"sap.ui.core.Icon","viewName":"etm.portal.ui.managerequests.view.NewRequest","properties":{"src":{"regex":{"source":"slim\\-arrow\\-down"}}},"searchOpenDialogs":true,"ancestor":{"id":"costObjectAdminTypeComboBox","viewName":"etm.portal.ui.managerequests.view.NewRequest","searchOpenDialogs":true}},"wdio_ui5_key":"etmportal.ui.managerequests.view.NewRequestsap.ui.core.Icon{\"src\":{\"regex\":{\"source\":\"slim\\\\-arrow\\\\-down\"}}}{\"id\":\"costObjectAdminTypeComboBox\",\"viewName\":\"etm.portal.ui.managerequests.view.NewRequest\",\"searchOpenDialogs\":true}"}]}
COMMAND: GET /session/f7dda4deea86e37c44fc2a10a2b2b70a/screenshot - {}
RESULT: {"script":"<script> [1562 bytes]","args":[{"selector":{"controlType":"sap.ui.core.Icon","viewName":"etm.portal.ui.managerequests.view.NewRequest","properties":{"src":{"regex":{"source":"slim\\-arrow\\-down"}}},"searchOpenDialogs":true,"ancestor":{"id":"costObjectAdminTypeComboBox","viewName":"etm.portal.ui.managerequests.view.NewRequest","searchOpenDialogs":true}},"wdio_ui5_key":"etmportal.ui.managerequests.view.NewRequestsap.ui.core.Icon{\"src\":{\"regex\":{\"source\":\"slim\\\\-arrow\\\\-down\"}}}{\"id\":\"costObjectAdminTypeComboBox\",\"viewName\":\"etm.portal.ui.managerequests.view.NewRequest\",\"searchOpenDialogs\":true}"}]}
RESULT: undefined
COMMAND: POST /session/f7dda4deea86e37c44fc2a10a2b2b70a/element - {"using":"xpath","value":"//*[@id=\"__xmlview59--costObjectAdminTypeComboBox-arrow\"]"}
RESULT: {}
RESULT: {"using":"xpath","value":"//*[@id=\"__xmlview59--costObjectAdminTypeComboBox-arrow\"]"}
COMMAND: POST /session/f7dda4deea86e37c44fc2a10a2b2b70a/element/f.30820BDFF87FD38C1A457C97C4719E16.d.3D53B23DF2FA046EB3F8FD3A2B180BE5.e.12050/click - {}
RESULT: {}
COMMAND: POST /session/f7dda4deea86e37c44fc2a10a2b2b70a/execute/async - {"script":"<script> [1562 bytes]","args":[{"selector":{"controlType":"sap.m.StandardListItem","viewName":"etm.portal.ui.managerequests.view.NewRequest","properties":{"title":"Cost Center"},"searchOpenDialogs":true,"interaction":{"idSuffix":"titleText"}},"wdio_ui5_key":"etmportal.ui.managerequests.view.NewRequestsap.m.StandardListItem{\"title\":\"Cost Center\"}"}]}
COMMAND: GET /session/f7dda4deea86e37c44fc2a10a2b2b70a/screenshot - {}
RESULT: {"script":"<script> [1562 bytes]","args":[{"selector":{"controlType":"sap.m.StandardListItem","viewName":"etm.portal.ui.managerequests.view.NewRequest","properties":{"title":"Cost Center"},"searchOpenDialogs":true,"interaction":{"idSuffix":"titleText"}},"wdio_ui5_key":"etmportal.ui.managerequests.view.NewRequestsap.m.StandardListItem{\"title\":\"Cost Center\"}"}]}
RESULT: undefined
COMMAND: POST /session/f7dda4deea86e37c44fc2a10a2b2b70a/element - {"using":"xpath","value":"//*[@id=\"__item373\"]"}
RESULT: {}
RESULT: {"using":"xpath","value":"//*[@id=\"__item373\"]"}
COMMAND: POST /session/f7dda4deea86e37c44fc2a10a2b2b70a/element/f.30820BDFF87FD38C1A457C97C4719E16.d.3D53B23DF2FA046EB3F8FD3A2B180BE5.e.12053/click - {}
RESULT: {}
COMMAND: GET /session/f7dda4deea86e37c44fc2a10a2b2b70a/screenshot - {}
RESULT: {}
COMMAND: POST /session/f7dda4deea86e37c44fc2a10a2b2b70a/execute/async - {"script":"<script> [1562 bytes]","args":[{"selector":{"controlType":"sap.ui.core.Icon","viewName":"etm.portal.ui.managerequests.view.NewRequest","properties":{"src":{"regex":{"source":"value\\-help"}}},"searchOpenDialogs":true},"wdio_ui5_key":"etmportal.ui.managerequests.view.NewRequestsap.ui.core.Icon{\"src\":{\"regex\":{\"source\":\"value\\\\-help\"}}}"}]}
RESULT: {"script":"<script> [1562 bytes]","args":[{"selector":{"controlType":"sap.ui.core.Icon","viewName":"etm.portal.ui.managerequests.view.NewRequest","properties":{"src":{"regex":{"source":"value\\-help"}}},"searchOpenDialogs":true},"wdio_ui5_key":"etmportal.ui.managerequests.view.NewRequestsap.ui.core.Icon{\"src\":{\"regex\":{\"source\":\"value\\\\-help\"}}}"}]}
RESULT: undefined
COMMAND: POST /session/f7dda4deea86e37c44fc2a10a2b2b70a/element - {"using":"xpath","value":"//*[@id=\"__xmlview59--costObjectIdComboBox-vhi\"]"}
RESULT: {"using":"xpath","value":"//*[@id=\"__xmlview59--costObjectIdComboBox-vhi\"]"}
COMMAND: POST /session/f7dda4deea86e37c44fc2a10a2b2b70a/element/f.30820BDFF87FD38C1A457C97C4719E16.d.3D53B23DF2FA046EB3F8FD3A2B180BE5.e.12060/click - {}
RESULT: {}
COMMAND: POST /session/f7dda4deea86e37c44fc2a10a2b2b70a/execute/async - {"script":"<script> [1562 bytes]","args":[{"selector":{"controlType":"sap.m.SearchField","properties":{"placeholder":"Search"},"searchOpenDialogs":true,"interaction":{"idSuffix":"I"}},"wdio_ui5_key":"sapm.SearchField{\"placeholder\":\"Search\"}"}]}
COMMAND: GET /session/f7dda4deea86e37c44fc2a10a2b2b70a/screenshot - {}
RESULT: {"script":"<script> [1562 bytes]","args":[{"selector":{"controlType":"sap.m.SearchField","properties":{"placeholder":"Search"},"searchOpenDialogs":true,"interaction":{"idSuffix":"I"}},"wdio_ui5_key":"sapm.SearchField{\"placeholder\":\"Search\"}"}]}
RESULT: undefined
COMMAND: POST /session/f7dda4deea86e37c44fc2a10a2b2b70a/execute/async - {"script":"<script> [776 bytes]","args":[{"enterText":"10001010","selector":{"controlType":"sap.m.SearchField","properties":{"placeholder":"Search"},"searchOpenDialogs":true,"interaction":{"idSuffix":"I"}},"clearTextFirst":true,"interactionType":"ENTER_TEXT"}]}
RESULT: {}
RESULT: {"script":"<script> [776 bytes]","args":[{"enterText":"10001010","selector":{"controlType":"sap.m.SearchField","properties":{"placeholder":"Search"},"searchOpenDialogs":true,"interaction":{"idSuffix":"I"}},"clearTextFirst":true,"interactionType":"ENTER_TEXT"}]}
COMMAND: POST /session/f7dda4deea86e37c44fc2a10a2b2b70a/actions - {"actions":[{"id":"action104","type":"key","parameters":{},"actions":[{"type":"keyDown","value":""},{"type":"pause","duration":10},{"type":"keyUp","value":""}]}]}
RESULT: {"actions":[{"id":"action104","type":"key","parameters":{},"actions":[{"type":"keyDown","value":""},{"type":"pause","duration":10},{"type":"keyUp","value":""}]}]}
COMMAND: GET /session/f7dda4deea86e37c44fc2a10a2b2b70a/screenshot - {}
RESULT: {}
COMMAND: POST /session/f7dda4deea86e37c44fc2a10a2b2b70a/execute/async - {"script":"<script> [1562 bytes]","args":[{"selector":{"controlType":"sap.m.Text","bindingPath":{"path":"/C_CostCtrValueHelp(CostCenter='10001010',ControllingArea='Z001')","propertyPath":"CostCenterName","modelName":"CostCenterModel"},"searchOpenDialogs":true},"wdio_ui5_key":"sapm.Text{\"path\":\"/C_CostCtrValueHelp(CostCenter='10001010',ControllingArea='Z001')\",\"propertyPath\":\"CostCenterName\",\"modelName\":\"CostCenterModel\"}"}]}
RESULT: {"script":"<script> [1562 bytes]","args":[{"selector":{"controlType":"sap.m.Text","bindingPath":{"path":"/C_CostCtrValueHelp(CostCenter='10001010',ControllingArea='Z001')","propertyPath":"CostCenterName","modelName":"CostCenterModel"},"searchOpenDialogs":true},"wdio_ui5_key":"sapm.Text{\"path\":\"/C_CostCtrValueHelp(CostCenter='10001010',ControllingArea='Z001')\",\"propertyPath\":\"CostCenterName\",\"modelName\":\"CostCenterModel\"}"}]}
RESULT: undefined
COMMAND: POST /session/f7dda4deea86e37c44fc2a10a2b2b70a/element - {"using":"xpath","value":"//*[@id=\"__text291-__clone479\"]"}
RESULT: {"using":"xpath","value":"//*[@id=\"__text291-__clone479\"]"}
COMMAND: POST /session/f7dda4deea86e37c44fc2a10a2b2b70a/element/f.30820BDFF87FD38C1A457C97C4719E16.d.3D53B23DF2FA046EB3F8FD3A2B180BE5.e.12100/click - {}
RESULT: {}
COMMAND: POST /session/f7dda4deea86e37c44fc2a10a2b2b70a/execute/async - {"script":"<script> [1562 bytes]","args":[{"selector":{"controlType":"sap.m.Button","properties":{"text":"OK"},"searchOpenDialogs":true,"interaction":{"idSuffix":"BDI-content"}},"wdio_ui5_key":"sapm.Button{\"text\":\"OK\"}"}]}
COMMAND: GET /session/f7dda4deea86e37c44fc2a10a2b2b70a/screenshot - {}
RESULT: {"script":"<script> [1562 bytes]","args":[{"selector":{"controlType":"sap.m.Button","properties":{"text":"OK"},"searchOpenDialogs":true,"interaction":{"idSuffix":"BDI-content"}},"wdio_ui5_key":"sapm.Button{\"text\":\"OK\"}"}]}
RESULT: undefined
COMMAND: POST /session/f7dda4deea86e37c44fc2a10a2b2b70a/element - {"using":"xpath","value":"//*[@id=\"__dialog1-ok\"]"}
RESULT: {}
RESULT: {"using":"xpath","value":"//*[@id=\"__dialog1-ok\"]"}
COMMAND: POST /session/f7dda4deea86e37c44fc2a10a2b2b70a/element/f.30820BDFF87FD38C1A457C97C4719E16.d.3D53B23DF2FA046EB3F8FD3A2B180BE5.e.12102/click - {}
RESULT: {}
COMMAND: GET /session/f7dda4deea86e37c44fc2a10a2b2b70a/screenshot - {}
RESULT: {}
COMMAND: POST /session/f7dda4deea86e37c44fc2a10a2b2b70a/execute/async - {"script":"<script> [1562 bytes]","args":[{"selector":{"controlType":"sap.m.Button","viewName":"etm.portal.ui.managerequests.view.NewRequest","i18NText":{"propertyName":"text","key":"save"},"searchOpenDialogs":true,"interaction":{"idSuffix":"BDI-content"}},"wdio_ui5_key":"etmportal.ui.managerequests.view.NewRequestsap.m.Button{\"propertyName\":\"text\",\"key\":\"save\"}"}]}
RESULT: {"script":"<script> [1562 bytes]","args":[{"selector":{"controlType":"sap.m.Button","viewName":"etm.portal.ui.managerequests.view.NewRequest","i18NText":{"propertyName":"text","key":"save"},"searchOpenDialogs":true,"interaction":{"idSuffix":"BDI-content"}},"wdio_ui5_key":"etmportal.ui.managerequests.view.NewRequestsap.m.Button{\"propertyName\":\"text\",\"key\":\"save\"}"}]}
RESULT: undefined
COMMAND: POST /session/f7dda4deea86e37c44fc2a10a2b2b70a/element - {"using":"xpath","value":"//*[@id=\"__button24\"]"}
RESULT: {"using":"xpath","value":"//*[@id=\"__button24\"]"}
COMMAND: POST /session/f7dda4deea86e37c44fc2a10a2b2b70a/element/f.30820BDFF87FD38C1A457C97C4719E16.d.3D53B23DF2FA046EB3F8FD3A2B180BE5.e.12106/click - {}
RESULT: {}
COMMAND: GET /session/f7dda4deea86e37c44fc2a10a2b2b70a/screenshot - {}
RESULT: {}
COMMAND: POST /session/f7dda4deea86e37c44fc2a10a2b2b70a/element - {"using":"xpath","value":"(//bdi[contains(text() ,\"Save\")])[1]"}
RESULT: {"using":"xpath","value":"(//bdi[contains(text() ,\"Save\")])[1]"}
COMMAND: POST /session/f7dda4deea86e37c44fc2a10a2b2b70a/element/f.30820BDFF87FD38C1A457C97C4719E16.d.3D53B23DF2FA046EB3F8FD3A2B180BE5.e.12108/click - {}
RESULT: {}
COMMAND: GET /session/f7dda4deea86e37c44fc2a10a2b2b70a/screenshot - {}
RESULT: {}
COMMAND: POST /session/f7dda4deea86e37c44fc2a10a2b2b70a/execute/async - {"script":"<script> [1562 bytes]","args":[{"selector":{"controlType":"sap.m.Title","properties":{"text":"Success"},"searchOpenDialogs":true},"wdio_ui5_key":"sapm.Title{\"text\":\"Success\"}"}]}
RESULT: {"script":"<script> [1562 bytes]","args":[{"selector":{"controlType":"sap.m.Title","properties":{"text":"Success"},"searchOpenDialogs":true},"wdio_ui5_key":"sapm.Title{\"text\":\"Success\"}"}]}
RESULT: undefined
COMMAND: POST /session/f7dda4deea86e37c44fc2a10a2b2b70a/execute/async - {"script":"<script> [6424 bytes]","args":[{"element-6066-11e4-a52e-4f735466cecf":"f.30820BDFF87FD38C1A457C97C4719E16.d.3D53B23DF2FA046EB3F8FD3A2B180BE5.e.12111"},"getText",[]]}
RESULT: {"script":"<script> [6424 bytes]","args":[{"element-6066-11e4-a52e-4f735466cecf":"f.30820BDFF87FD38C1A457C97C4719E16.d.3D53B23DF2FA046EB3F8FD3A2B180BE5.e.12111"},"getText",[]]}
COMMAND: POST /session/f7dda4deea86e37c44fc2a10a2b2b70a/execute/async - {"script":"<script> [1562 bytes]","args":[{"selector":{"controlType":"sap.m.Button","properties":{"text":"Close"},"searchOpenDialogs":true,"interaction":{"idSuffix":"BDI-content"}},"wdio_ui5_key":"sapm.Button{\"text\":\"Close\"}"}]}
RESULT: {"script":"<script> [1562 bytes]","args":[{"selector":{"controlType":"sap.m.Button","properties":{"text":"Close"},"searchOpenDialogs":true,"interaction":{"idSuffix":"BDI-content"}},"wdio_ui5_key":"sapm.Button{\"text\":\"Close\"}"}]}
RESULT: undefined
COMMAND: POST /session/f7dda4deea86e37c44fc2a10a2b2b70a/element - {"using":"xpath","value":"//*[@id=\"__mbox-btn-0\"]"}
RESULT: {"using":"xpath","value":"//*[@id=\"__mbox-btn-0\"]"}
COMMAND: POST /session/f7dda4deea86e37c44fc2a10a2b2b70a/element/f.30820BDFF87FD38C1A457C97C4719E16.d.3D53B23DF2FA046EB3F8FD3A2B180BE5.e.12110/click - {}
RESULT: {}
COMMAND: GET /session/f7dda4deea86e37c44fc2a10a2b2b70a/screenshot - {}
RESULT: {}
COMMAND: POST /session/f7dda4deea86e37c44fc2a10a2b2b70a/execute/async - {"script":"<script> [1562 bytes]","args":[{"selector":{"controlType":"sap.m.Text","viewName":"etm.portal.ui.managerequests.view.Detail","bindingPath":{"propertyPath":"NO","modelName":"catalogModel"}},"wdio_ui5_key":"etmportal.ui.managerequests.view.Detailsap.m.Text{\"propertyPath\":\"NO\",\"modelName\":\"catalogModel\"}"}]}
RESULT: {"script":"<script> [1562 bytes]","args":[{"selector":{"controlType":"sap.m.Text","viewName":"etm.portal.ui.managerequests.view.Detail","bindingPath":{"propertyPath":"NO","modelName":"catalogModel"}},"wdio_ui5_key":"etmportal.ui.managerequests.view.Detailsap.m.Text{\"propertyPath\":\"NO\",\"modelName\":\"catalogModel\"}"}]}
RESULT: undefined
COMMAND: POST /session/f7dda4deea86e37c44fc2a10a2b2b70a/execute/async - {"script":"<script> [6424 bytes]","args":[{"element-6066-11e4-a52e-4f735466cecf":"f.30820BDFF87FD38C1A457C97C4719E16.d.3D53B23DF2FA046EB3F8FD3A2B180BE5.e.12238"},"getText",[]]}
RESULT: {"script":"<script> [6424 bytes]","args":[{"element-6066-11e4-a52e-4f735466cecf":"f.30820BDFF87FD38C1A457C97C4719E16.d.3D53B23DF2FA046EB3F8FD3A2B180BE5.e.12238"},"getText",[]]}
COMMAND: POST /session/f7dda4deea86e37c44fc2a10a2b2b70a/execute/async - {"script":"<script> [1562 bytes]","args":[{"selector":{"controlType":"sap.ui.core.Icon","viewName":"etm.portal.ui.managerequests.view.Detail","properties":{"src":{"regex":{"source":"date\\-time"}}},"ancestor":{"controlType":"sap.m.ColumnListItem","viewName":"etm.portal.ui.managerequests.view.Detail","bindingPath":{"path":"/SmartRequestItemsPlanningBoard(ITEM=10m,REQUEST='20086')"},"ancestor":{"id":"requestItemsTable","viewName":"etm.portal.ui.managerequests.view.Detail"}}},"wdio_ui5_key":"etmportal.ui.managerequests.view.Detailsap.ui.core.Icon{\"src\":{\"regex\":{\"source\":\"date\\\\-time\"}}}{\"controlType\":\"sap.m.ColumnListItem\",\"viewName\":\"etm.portal.ui.managerequests.view.Detail\",\"bindingPath\":{\"path\":\"/SmartRequestItemsPlanningBoard(ITEM=10m,REQUEST='20086')\"},\"ancestor\":{\"id\":\"requestItemsTable\",\"viewName\":\"etm.portal.ui.managerequests.view.Detail\"}}"}]}
RESULT: {"script":"<script> [1562 bytes]","args":[{"selector":{"controlType":"sap.ui.core.Icon","viewName":"etm.portal.ui.managerequests.view.Detail","properties":{"src":{"regex":{"source":"date\\-time"}}},"ancestor":{"controlType":"sap.m.ColumnListItem","viewName":"etm.portal.ui.managerequests.view.Detail","bindingPath":{"path":"/SmartRequestItemsPlanningBoard(ITEM=10m,REQUEST='20086')"},"ancestor":{"id":"requestItemsTable","viewName":"etm.portal.ui.managerequests.view.Detail"}}},"wdio_ui5_key":"etmportal.ui.managerequests.view.Detailsap.ui.core.Icon{\"src\":{\"regex\":{\"source\":\"date\\\\-time\"}}}{\"controlType\":\"sap.m.ColumnListItem\",\"viewName\":\"etm.portal.ui.managerequests.view.Detail\",\"bindingPath\":{\"path\":\"/SmartRequestItemsPlanningBoard(ITEM=10m,REQUEST='20086')\"},\"ancestor\":{\"id\":\"requestItemsTable\",\"viewName\":\"etm.portal.ui.managerequests.view.Detail\"}}"}]}
RESULT: undefined
COMMAND: POST /session/f7dda4deea86e37c44fc2a10a2b2b70a/element - {"using":"xpath","value":"//*[@id=\"__button39-__clone518-img\"]"}
RESULT: {"using":"xpath","value":"//*[@id=\"__button39-__clone518-img\"]"}
COMMAND: POST /session/f7dda4deea86e37c44fc2a10a2b2b70a/element/f.30820BDFF87FD38C1A457C97C4719E16.d.3D53B23DF2FA046EB3F8FD3A2B180BE5.e.12239/click - {}
RESULT: {}
COMMAND: POST /session/f7dda4deea86e37c44fc2a10a2b2b70a/execute/async - {"script":"<script> [1562 bytes]","args":[{"selector":{"controlType":"sap.m.Button","viewName":"etm.portal.ui.managerequests.view.Detail","properties":{"text":"Close"},"searchOpenDialogs":true,"interaction":{"idSuffix":"BDI-content"}},"wdio_ui5_key":"etmportal.ui.managerequests.view.Detailsap.m.Button{\"text\":\"Close\"}"}]}
COMMAND: GET /session/f7dda4deea86e37c44fc2a10a2b2b70a/screenshot - {}
RESULT: {"script":"<script> [1562 bytes]","args":[{"selector":{"controlType":"sap.m.Button","viewName":"etm.portal.ui.managerequests.view.Detail","properties":{"text":"Close"},"searchOpenDialogs":true,"interaction":{"idSuffix":"BDI-content"}},"wdio_ui5_key":"etmportal.ui.managerequests.view.Detailsap.m.Button{\"text\":\"Close\"}"}]}
RESULT: undefined
COMMAND: POST /session/f7dda4deea86e37c44fc2a10a2b2b70a/element - {"using":"xpath","value":"//*[@id=\"__button49\"]"}
RESULT: {}
RESULT: {"using":"xpath","value":"//*[@id=\"__button49\"]"}
COMMAND: POST /session/f7dda4deea86e37c44fc2a10a2b2b70a/element/f.30820BDFF87FD38C1A457C97C4719E16.d.3D53B23DF2FA046EB3F8FD3A2B180BE5.e.12242/click - {}
RESULT: {}
COMMAND: POST /session/f7dda4deea86e37c44fc2a10a2b2b70a/refresh - {}
COMMAND: GET /session/f7dda4deea86e37c44fc2a10a2b2b70a/screenshot - {}
RESULT: {}
COMMAND: GET /session/f7dda4deea86e37c44fc2a10a2b2b70a/screenshot - {}
RESULT: {}
RESULT: {}
COMMAND: POST /session/f7dda4deea86e37c44fc2a10a2b2b70a/execute/async - {"script":"<script> [189 bytes]","args":[]}
RESULT: {"script":"<script> [189 bytes]","args":[]}
COMMAND: POST /session/f7dda4deea86e37c44fc2a10a2b2b70a/execute/async - {"script":"<script> [123 bytes]","args":[]}
RESULT: {"script":"<script> [123 bytes]","args":[]}
COMMAND: POST /session/f7dda4deea86e37c44fc2a10a2b2b70a/timeouts - {"script":"<number>"}
RESULT: {"script":"<number>"}
COMMAND: GET /session/f7dda4deea86e37c44fc2a10a2b2b70a/timeouts - {}
RESULT: {}
RESULT: undefined
COMMAND: POST /session/f7dda4deea86e37c44fc2a10a2b2b70a/execute/async - {"script":"<script> [2676 bytes]","args":[]}
RESULT: {"script":"<script> [2676 bytes]","args":[]}
COMMAND: POST /session/f7dda4deea86e37c44fc2a10a2b2b70a/execute/async - {"script":"<script> [2342 bytes]","args":[{"protocol":"http","hostname":"0.0.0.0","path":"/","capabilities":{"browserName":"chrome","goog:chromeOptions":{"binary":"C:\\Program Files\\Google\\Chrome\\Application\\chrome.exe","args":["--start-maximized"]}},"logLevel":"warn","connectionRetryTimeout":120000,"connectionRetryCount":3,"logLevels":{},"enableDirectConnect":true,"strictSSL":true,"_":"65 more keys: [\"cacheDir\",\"port\",\"requestedCapabilities\",\"automationProtocol\",\"baseUrl\",\"waitforInterval\",\"waitforTimeout\",\"onReload\",\"beforeCommand\",\"afterCommand\",\"rootDir\",\"specs\",\"suites\",\"exclude\",\"groupLogsByTestSpec\",\"excludeDriverLogs\",\"bail\",\"framework\",\"reporters\",\"services\",\"maxInstances\",\"maxInstancesPerCapability\",\"injectGlobals\",\"filesToWatch\",\"execArgv\",\"runnerEnv\",\"runner\",\"shard\",\"specFileRetries\",\"specFileRetriesDelay\",\"specFileRetriesDeferred\",\"reporterSyncInterval\",\"reporterSyncTimeout\",\"cucumberFeaturesWithLineNumbers\",\"autoCompileOpts\",\"mochaOpts\",\"jasmineOpts\",\"cucumberOpts\",\"onPrepare\",\"onWorkerStart\",\"onWorkerEnd\",\"before\",\"beforeSession\",\"beforeSuite\",\"beforeHook\",\"beforeTest\",\"afterTest\",\"afterHook\",\"afterSuite\",\"afterSession\",\"after\",\"onComplete\",\"beforeAssertion\",\"afterAssertion\",\"beforeFeature\",\"beforeScenario\",\"beforeStep\",\"afterStep\",\"afterScenario\",\"afterFeature\",\"_\",\"suite\",\"$0\",\"ignoredWorkerServices\",\"wdi5\"]"}]}
RESULT: {"script":"<script> [2342 bytes]","args":[{"protocol":"http","hostname":"0.0.0.0","path":"/","capabilities":{"browserName":"chrome","goog:chromeOptions":{"binary":"C:\\Program Files\\Google\\Chrome\\Application\\chrome.exe","args":["--start-maximized"]}},"logLevel":"warn","connectionRetryTimeout":120000,"connectionRetryCount":3,"logLevels":{},"enableDirectConnect":true,"strictSSL":true,"_":"65 more keys: [\"cacheDir\",\"port\",\"requestedCapabilities\",\"automationProtocol\",\"baseUrl\",\"waitforInterval\",\"waitforTimeout\",\"onReload\",\"beforeCommand\",\"afterCommand\",\"rootDir\",\"specs\",\"suites\",\"exclude\",\"groupLogsByTestSpec\",\"excludeDriverLogs\",\"bail\",\"framework\",\"reporters\",\"services\",\"maxInstances\",\"maxInstancesPerCapability\",\"injectGlobals\",\"filesToWatch\",\"execArgv\",\"runnerEnv\",\"runner\",\"shard\",\"specFileRetries\",\"specFileRetriesDelay\",\"specFileRetriesDeferred\",\"reporterSyncInterval\",\"reporterSyncTimeout\",\"cucumberFeaturesWithLineNumbers\",\"autoCompileOpts\",\"mochaOpts\",\"jasmineOpts\",\"cucumberOpts\",\"onPrepare\",\"onWorkerStart\",\"onWorkerEnd\",\"before\",\"beforeSession\",\"beforeSuite\",\"beforeHook\",\"beforeTest\",\"afterTest\",\"afterHook\",\"afterSuite\",\"afterSession\",\"after\",\"onComplete\",\"beforeAssertion\",\"afterAssertion\",\"beforeFeature\",\"beforeScenario\",\"beforeStep\",\"afterStep\",\"afterScenario\",\"afterFeature\",\"_\",\"suite\",\"$0\",\"ignoredWorkerServices\",\"wdi5\"]"}]}
COMMAND: POST /session/f7dda4deea86e37c44fc2a10a2b2b70a/execute/async - {"script":"<script> [21126 bytes]","args":[35000]}
RESULT: {"script":"<script> [21126 bytes]","args":[35000]}
]]></system-out>
    </testcase>
    <testcase classname="chrome.136_0_7103_93.windows.Process_request_items_into_new_quotation_US120163" name="Should process the request into a new quotation" time="70.773">
      <failure/>
      <error message="Can't call elementClick on element with selector &quot;//span[contains(@id ,&quot;actionsMenuButton-internalSplitBtn-arrowButton-img&quot;)]&quot; because element wasn't found"/>
      <system-out><![CDATA[
COMMAND: GET /session/f7dda4deea86e37c44fc2a10a2b2b70a/window - {}
RESULT: {}
COMMAND: POST /session/f7dda4deea86e37c44fc2a10a2b2b70a/element - {"using":"xpath","value":"//span[contains(@id ,\"detailHeaderTitle-_actionsToolbar-overflowButton-img\")]"}
RESULT: {"using":"xpath","value":"//span[contains(@id ,\"detailHeaderTitle-_actionsToolbar-overflowButton-img\")]"}
COMMAND: POST /session/f7dda4deea86e37c44fc2a10a2b2b70a/elements - {"using":"xpath","value":"//span[contains(@id ,\"detailHeaderTitle-_actionsToolbar-overflowButton-img\")]"}
RESULT: {"using":"xpath","value":"//span[contains(@id ,\"detailHeaderTitle-_actionsToolbar-overflowButton-img\")]"}
COMMAND: POST /session/f7dda4deea86e37c44fc2a10a2b2b70a/elements - {"using":"xpath","value":"//span[contains(@id ,\"detailHeaderTitle-_actionsToolbar-overflowButton-img\")]"}
RESULT: {"using":"xpath","value":"//span[contains(@id ,\"detailHeaderTitle-_actionsToolbar-overflowButton-img\")]"}
COMMAND: POST /session/f7dda4deea86e37c44fc2a10a2b2b70a/elements - {"using":"xpath","value":"//span[contains(@id ,\"detailHeaderTitle-_actionsToolbar-overflowButton-img\")]"}
RESULT: {"using":"xpath","value":"//span[contains(@id ,\"detailHeaderTitle-_actionsToolbar-overflowButton-img\")]"}
COMMAND: POST /session/f7dda4deea86e37c44fc2a10a2b2b70a/elements - {"using":"xpath","value":"//span[contains(@id ,\"detailHeaderTitle-_actionsToolbar-overflowButton-img\")]"}
RESULT: {"using":"xpath","value":"//span[contains(@id ,\"detailHeaderTitle-_actionsToolbar-overflowButton-img\")]"}
COMMAND: POST /session/f7dda4deea86e37c44fc2a10a2b2b70a/elements - {"using":"xpath","value":"//span[contains(@id ,\"detailHeaderTitle-_actionsToolbar-overflowButton-img\")]"}
RESULT: {"using":"xpath","value":"//span[contains(@id ,\"detailHeaderTitle-_actionsToolbar-overflowButton-img\")]"}
COMMAND: POST /session/f7dda4deea86e37c44fc2a10a2b2b70a/elements - {"using":"xpath","value":"//span[contains(@id ,\"detailHeaderTitle-_actionsToolbar-overflowButton-img\")]"}
RESULT: {"using":"xpath","value":"//span[contains(@id ,\"detailHeaderTitle-_actionsToolbar-overflowButton-img\")]"}
COMMAND: POST /session/f7dda4deea86e37c44fc2a10a2b2b70a/elements - {"using":"xpath","value":"//span[contains(@id ,\"detailHeaderTitle-_actionsToolbar-overflowButton-img\")]"}
RESULT: {"using":"xpath","value":"//span[contains(@id ,\"detailHeaderTitle-_actionsToolbar-overflowButton-img\")]"}
COMMAND: POST /session/f7dda4deea86e37c44fc2a10a2b2b70a/elements - {"using":"xpath","value":"//span[contains(@id ,\"detailHeaderTitle-_actionsToolbar-overflowButton-img\")]"}
RESULT: {"using":"xpath","value":"//span[contains(@id ,\"detailHeaderTitle-_actionsToolbar-overflowButton-img\")]"}
COMMAND: POST /session/f7dda4deea86e37c44fc2a10a2b2b70a/elements - {"using":"xpath","value":"//span[contains(@id ,\"detailHeaderTitle-_actionsToolbar-overflowButton-img\")]"}
RESULT: {"using":"xpath","value":"//span[contains(@id ,\"detailHeaderTitle-_actionsToolbar-overflowButton-img\")]"}
COMMAND: POST /session/f7dda4deea86e37c44fc2a10a2b2b70a/elements - {"using":"xpath","value":"//span[contains(@id ,\"detailHeaderTitle-_actionsToolbar-overflowButton-img\")]"}
RESULT: {"using":"xpath","value":"//span[contains(@id ,\"detailHeaderTitle-_actionsToolbar-overflowButton-img\")]"}
COMMAND: POST /session/f7dda4deea86e37c44fc2a10a2b2b70a/elements - {"using":"xpath","value":"//span[contains(@id ,\"detailHeaderTitle-_actionsToolbar-overflowButton-img\")]"}
RESULT: {"using":"xpath","value":"//span[contains(@id ,\"detailHeaderTitle-_actionsToolbar-overflowButton-img\")]"}
COMMAND: POST /session/f7dda4deea86e37c44fc2a10a2b2b70a/elements - {"using":"xpath","value":"//span[contains(@id ,\"detailHeaderTitle-_actionsToolbar-overflowButton-img\")]"}
RESULT: {"using":"xpath","value":"//span[contains(@id ,\"detailHeaderTitle-_actionsToolbar-overflowButton-img\")]"}
COMMAND: POST /session/f7dda4deea86e37c44fc2a10a2b2b70a/element - {"using":"xpath","value":"//span[contains(@id ,\"detailHeaderTitle-_actionsToolbar-overflowButton-img\")]"}
RESULT: {"using":"xpath","value":"//span[contains(@id ,\"detailHeaderTitle-_actionsToolbar-overflowButton-img\")]"}
COMMAND: POST /session/f7dda4deea86e37c44fc2a10a2b2b70a/element/f.30820BDFF87FD38C1A457C97C4719E16.d.8034965094DE99CC2AC8BDDC76839C66.e.12358/click - {}
RESULT: {}
COMMAND: GET /session/f7dda4deea86e37c44fc2a10a2b2b70a/screenshot - {}
RESULT: {}
COMMAND: POST /session/f7dda4deea86e37c44fc2a10a2b2b70a/element - {"using":"xpath","value":"//span[contains(@id ,\"actionsMenuButton-internalSplitBtn-arrowButton-img\")]"}
RESULT: {"using":"xpath","value":"//span[contains(@id ,\"actionsMenuButton-internalSplitBtn-arrowButton-img\")]"}
COMMAND: POST /session/f7dda4deea86e37c44fc2a10a2b2b70a/element/f.30820BDFF87FD38C1A457C97C4719E16.d.8034965094DE99CC2AC8BDDC76839C66.e.12393/click - {}
COMMAND: POST /session/f7dda4deea86e37c44fc2a10a2b2b70a/element - {"using":"xpath","value":"//span[contains(@id ,\"actionsMenuButton-internalSplitBtn-arrowButton-img\")]"}
RESULT: {"using":"xpath","value":"//span[contains(@id ,\"actionsMenuButton-internalSplitBtn-arrowButton-img\")]"}
COMMAND: POST /session/f7dda4deea86e37c44fc2a10a2b2b70a/elements - {"using":"xpath","value":"//span[contains(@id ,\"actionsMenuButton-internalSplitBtn-arrowButton-img\")]"}
RESULT: {"using":"xpath","value":"//span[contains(@id ,\"actionsMenuButton-internalSplitBtn-arrowButton-img\")]"}
COMMAND: POST /session/f7dda4deea86e37c44fc2a10a2b2b70a/elements - {"using":"xpath","value":"//span[contains(@id ,\"actionsMenuButton-internalSplitBtn-arrowButton-img\")]"}
RESULT: {"using":"xpath","value":"//span[contains(@id ,\"actionsMenuButton-internalSplitBtn-arrowButton-img\")]"}
COMMAND: POST /session/f7dda4deea86e37c44fc2a10a2b2b70a/elements - {"using":"xpath","value":"//span[contains(@id ,\"actionsMenuButton-internalSplitBtn-arrowButton-img\")]"}
RESULT: {"using":"xpath","value":"//span[contains(@id ,\"actionsMenuButton-internalSplitBtn-arrowButton-img\")]"}
COMMAND: POST /session/f7dda4deea86e37c44fc2a10a2b2b70a/elements - {"using":"xpath","value":"//span[contains(@id ,\"actionsMenuButton-internalSplitBtn-arrowButton-img\")]"}
RESULT: {"using":"xpath","value":"//span[contains(@id ,\"actionsMenuButton-internalSplitBtn-arrowButton-img\")]"}
COMMAND: POST /session/f7dda4deea86e37c44fc2a10a2b2b70a/elements - {"using":"xpath","value":"//span[contains(@id ,\"actionsMenuButton-internalSplitBtn-arrowButton-img\")]"}
RESULT: {"using":"xpath","value":"//span[contains(@id ,\"actionsMenuButton-internalSplitBtn-arrowButton-img\")]"}
COMMAND: POST /session/f7dda4deea86e37c44fc2a10a2b2b70a/elements - {"using":"xpath","value":"//span[contains(@id ,\"actionsMenuButton-internalSplitBtn-arrowButton-img\")]"}
RESULT: {"using":"xpath","value":"//span[contains(@id ,\"actionsMenuButton-internalSplitBtn-arrowButton-img\")]"}
COMMAND: POST /session/f7dda4deea86e37c44fc2a10a2b2b70a/elements - {"using":"xpath","value":"//span[contains(@id ,\"actionsMenuButton-internalSplitBtn-arrowButton-img\")]"}
RESULT: {"using":"xpath","value":"//span[contains(@id ,\"actionsMenuButton-internalSplitBtn-arrowButton-img\")]"}
COMMAND: POST /session/f7dda4deea86e37c44fc2a10a2b2b70a/elements - {"using":"xpath","value":"//span[contains(@id ,\"actionsMenuButton-internalSplitBtn-arrowButton-img\")]"}
RESULT: {"using":"xpath","value":"//span[contains(@id ,\"actionsMenuButton-internalSplitBtn-arrowButton-img\")]"}
COMMAND: POST /session/f7dda4deea86e37c44fc2a10a2b2b70a/elements - {"using":"xpath","value":"//span[contains(@id ,\"actionsMenuButton-internalSplitBtn-arrowButton-img\")]"}
RESULT: {"using":"xpath","value":"//span[contains(@id ,\"actionsMenuButton-internalSplitBtn-arrowButton-img\")]"}
COMMAND: POST /session/f7dda4deea86e37c44fc2a10a2b2b70a/elements - {"using":"xpath","value":"//span[contains(@id ,\"actionsMenuButton-internalSplitBtn-arrowButton-img\")]"}
RESULT: {"using":"xpath","value":"//span[contains(@id ,\"actionsMenuButton-internalSplitBtn-arrowButton-img\")]"}
COMMAND: POST /session/f7dda4deea86e37c44fc2a10a2b2b70a/elements - {"using":"xpath","value":"//span[contains(@id ,\"actionsMenuButton-internalSplitBtn-arrowButton-img\")]"}
RESULT: {"using":"xpath","value":"//span[contains(@id ,\"actionsMenuButton-internalSplitBtn-arrowButton-img\")]"}
COMMAND: POST /session/f7dda4deea86e37c44fc2a10a2b2b70a/elements - {"using":"xpath","value":"//span[contains(@id ,\"actionsMenuButton-internalSplitBtn-arrowButton-img\")]"}
RESULT: {"using":"xpath","value":"//span[contains(@id ,\"actionsMenuButton-internalSplitBtn-arrowButton-img\")]"}
COMMAND: POST /session/f7dda4deea86e37c44fc2a10a2b2b70a/elements - {"using":"xpath","value":"//span[contains(@id ,\"actionsMenuButton-internalSplitBtn-arrowButton-img\")]"}
RESULT: {"using":"xpath","value":"//span[contains(@id ,\"actionsMenuButton-internalSplitBtn-arrowButton-img\")]"}
COMMAND: POST /session/f7dda4deea86e37c44fc2a10a2b2b70a/elements - {"using":"xpath","value":"//span[contains(@id ,\"actionsMenuButton-internalSplitBtn-arrowButton-img\")]"}
RESULT: {"using":"xpath","value":"//span[contains(@id ,\"actionsMenuButton-internalSplitBtn-arrowButton-img\")]"}
COMMAND: POST /session/f7dda4deea86e37c44fc2a10a2b2b70a/elements - {"using":"xpath","value":"//span[contains(@id ,\"actionsMenuButton-internalSplitBtn-arrowButton-img\")]"}
RESULT: {"using":"xpath","value":"//span[contains(@id ,\"actionsMenuButton-internalSplitBtn-arrowButton-img\")]"}
COMMAND: POST /session/f7dda4deea86e37c44fc2a10a2b2b70a/elements - {"using":"xpath","value":"//span[contains(@id ,\"actionsMenuButton-internalSplitBtn-arrowButton-img\")]"}
RESULT: {"using":"xpath","value":"//span[contains(@id ,\"actionsMenuButton-internalSplitBtn-arrowButton-img\")]"}
COMMAND: POST /session/f7dda4deea86e37c44fc2a10a2b2b70a/elements - {"using":"xpath","value":"//span[contains(@id ,\"actionsMenuButton-internalSplitBtn-arrowButton-img\")]"}
RESULT: {"using":"xpath","value":"//span[contains(@id ,\"actionsMenuButton-internalSplitBtn-arrowButton-img\")]"}
COMMAND: POST /session/f7dda4deea86e37c44fc2a10a2b2b70a/elements - {"using":"xpath","value":"//span[contains(@id ,\"actionsMenuButton-internalSplitBtn-arrowButton-img\")]"}
RESULT: {"using":"xpath","value":"//span[contains(@id ,\"actionsMenuButton-internalSplitBtn-arrowButton-img\")]"}
COMMAND: POST /session/f7dda4deea86e37c44fc2a10a2b2b70a/elements - {"using":"xpath","value":"//span[contains(@id ,\"actionsMenuButton-internalSplitBtn-arrowButton-img\")]"}
RESULT: {"using":"xpath","value":"//span[contains(@id ,\"actionsMenuButton-internalSplitBtn-arrowButton-img\")]"}
COMMAND: POST /session/f7dda4deea86e37c44fc2a10a2b2b70a/elements - {"using":"xpath","value":"//span[contains(@id ,\"actionsMenuButton-internalSplitBtn-arrowButton-img\")]"}
RESULT: {"using":"xpath","value":"//span[contains(@id ,\"actionsMenuButton-internalSplitBtn-arrowButton-img\")]"}
COMMAND: POST /session/f7dda4deea86e37c44fc2a10a2b2b70a/elements - {"using":"xpath","value":"//span[contains(@id ,\"actionsMenuButton-internalSplitBtn-arrowButton-img\")]"}
RESULT: {"using":"xpath","value":"//span[contains(@id ,\"actionsMenuButton-internalSplitBtn-arrowButton-img\")]"}
COMMAND: POST /session/f7dda4deea86e37c44fc2a10a2b2b70a/elements - {"using":"xpath","value":"//span[contains(@id ,\"actionsMenuButton-internalSplitBtn-arrowButton-img\")]"}
RESULT: {"using":"xpath","value":"//span[contains(@id ,\"actionsMenuButton-internalSplitBtn-arrowButton-img\")]"}
COMMAND: POST /session/f7dda4deea86e37c44fc2a10a2b2b70a/elements - {"using":"xpath","value":"//span[contains(@id ,\"actionsMenuButton-internalSplitBtn-arrowButton-img\")]"}
RESULT: {"using":"xpath","value":"//span[contains(@id ,\"actionsMenuButton-internalSplitBtn-arrowButton-img\")]"}
COMMAND: POST /session/f7dda4deea86e37c44fc2a10a2b2b70a/elements - {"using":"xpath","value":"//span[contains(@id ,\"actionsMenuButton-internalSplitBtn-arrowButton-img\")]"}
RESULT: {"using":"xpath","value":"//span[contains(@id ,\"actionsMenuButton-internalSplitBtn-arrowButton-img\")]"}
COMMAND: POST /session/f7dda4deea86e37c44fc2a10a2b2b70a/elements - {"using":"xpath","value":"//span[contains(@id ,\"actionsMenuButton-internalSplitBtn-arrowButton-img\")]"}
RESULT: {"using":"xpath","value":"//span[contains(@id ,\"actionsMenuButton-internalSplitBtn-arrowButton-img\")]"}
COMMAND: POST /session/f7dda4deea86e37c44fc2a10a2b2b70a/elements - {"using":"xpath","value":"//span[contains(@id ,\"actionsMenuButton-internalSplitBtn-arrowButton-img\")]"}
RESULT: {"using":"xpath","value":"//span[contains(@id ,\"actionsMenuButton-internalSplitBtn-arrowButton-img\")]"}
COMMAND: POST /session/f7dda4deea86e37c44fc2a10a2b2b70a/elements - {"using":"xpath","value":"//span[contains(@id ,\"actionsMenuButton-internalSplitBtn-arrowButton-img\")]"}
RESULT: {"using":"xpath","value":"//span[contains(@id ,\"actionsMenuButton-internalSplitBtn-arrowButton-img\")]"}
COMMAND: POST /session/f7dda4deea86e37c44fc2a10a2b2b70a/elements - {"using":"xpath","value":"//span[contains(@id ,\"actionsMenuButton-internalSplitBtn-arrowButton-img\")]"}
RESULT: {"using":"xpath","value":"//span[contains(@id ,\"actionsMenuButton-internalSplitBtn-arrowButton-img\")]"}
COMMAND: POST /session/f7dda4deea86e37c44fc2a10a2b2b70a/elements - {"using":"xpath","value":"//span[contains(@id ,\"actionsMenuButton-internalSplitBtn-arrowButton-img\")]"}
RESULT: {"using":"xpath","value":"//span[contains(@id ,\"actionsMenuButton-internalSplitBtn-arrowButton-img\")]"}
COMMAND: POST /session/f7dda4deea86e37c44fc2a10a2b2b70a/elements - {"using":"xpath","value":"//span[contains(@id ,\"actionsMenuButton-internalSplitBtn-arrowButton-img\")]"}
RESULT: {"using":"xpath","value":"//span[contains(@id ,\"actionsMenuButton-internalSplitBtn-arrowButton-img\")]"}
COMMAND: POST /session/f7dda4deea86e37c44fc2a10a2b2b70a/elements - {"using":"xpath","value":"//span[contains(@id ,\"actionsMenuButton-internalSplitBtn-arrowButton-img\")]"}
RESULT: {"using":"xpath","value":"//span[contains(@id ,\"actionsMenuButton-internalSplitBtn-arrowButton-img\")]"}
COMMAND: POST /session/f7dda4deea86e37c44fc2a10a2b2b70a/elements - {"using":"xpath","value":"//span[contains(@id ,\"actionsMenuButton-internalSplitBtn-arrowButton-img\")]"}
RESULT: {"using":"xpath","value":"//span[contains(@id ,\"actionsMenuButton-internalSplitBtn-arrowButton-img\")]"}
COMMAND: POST /session/f7dda4deea86e37c44fc2a10a2b2b70a/elements - {"using":"xpath","value":"//span[contains(@id ,\"actionsMenuButton-internalSplitBtn-arrowButton-img\")]"}
RESULT: {"using":"xpath","value":"//span[contains(@id ,\"actionsMenuButton-internalSplitBtn-arrowButton-img\")]"}
COMMAND: POST /session/f7dda4deea86e37c44fc2a10a2b2b70a/elements - {"using":"xpath","value":"//span[contains(@id ,\"actionsMenuButton-internalSplitBtn-arrowButton-img\")]"}
RESULT: {"using":"xpath","value":"//span[contains(@id ,\"actionsMenuButton-internalSplitBtn-arrowButton-img\")]"}
COMMAND: POST /session/f7dda4deea86e37c44fc2a10a2b2b70a/elements - {"using":"xpath","value":"//span[contains(@id ,\"actionsMenuButton-internalSplitBtn-arrowButton-img\")]"}
RESULT: {"using":"xpath","value":"//span[contains(@id ,\"actionsMenuButton-internalSplitBtn-arrowButton-img\")]"}
COMMAND: POST /session/f7dda4deea86e37c44fc2a10a2b2b70a/elements - {"using":"xpath","value":"//span[contains(@id ,\"actionsMenuButton-internalSplitBtn-arrowButton-img\")]"}
RESULT: {"using":"xpath","value":"//span[contains(@id ,\"actionsMenuButton-internalSplitBtn-arrowButton-img\")]"}
COMMAND: POST /session/f7dda4deea86e37c44fc2a10a2b2b70a/elements - {"using":"xpath","value":"//span[contains(@id ,\"actionsMenuButton-internalSplitBtn-arrowButton-img\")]"}
RESULT: {"using":"xpath","value":"//span[contains(@id ,\"actionsMenuButton-internalSplitBtn-arrowButton-img\")]"}
COMMAND: POST /session/f7dda4deea86e37c44fc2a10a2b2b70a/elements - {"using":"xpath","value":"//span[contains(@id ,\"actionsMenuButton-internalSplitBtn-arrowButton-img\")]"}
RESULT: {"using":"xpath","value":"//span[contains(@id ,\"actionsMenuButton-internalSplitBtn-arrowButton-img\")]"}
COMMAND: POST /session/f7dda4deea86e37c44fc2a10a2b2b70a/elements - {"using":"xpath","value":"//span[contains(@id ,\"actionsMenuButton-internalSplitBtn-arrowButton-img\")]"}
RESULT: {"using":"xpath","value":"//span[contains(@id ,\"actionsMenuButton-internalSplitBtn-arrowButton-img\")]"}
COMMAND: POST /session/f7dda4deea86e37c44fc2a10a2b2b70a/elements - {"using":"xpath","value":"//span[contains(@id ,\"actionsMenuButton-internalSplitBtn-arrowButton-img\")]"}
RESULT: {"using":"xpath","value":"//span[contains(@id ,\"actionsMenuButton-internalSplitBtn-arrowButton-img\")]"}
COMMAND: POST /session/f7dda4deea86e37c44fc2a10a2b2b70a/elements - {"using":"xpath","value":"//span[contains(@id ,\"actionsMenuButton-internalSplitBtn-arrowButton-img\")]"}
RESULT: {"using":"xpath","value":"//span[contains(@id ,\"actionsMenuButton-internalSplitBtn-arrowButton-img\")]"}
COMMAND: POST /session/f7dda4deea86e37c44fc2a10a2b2b70a/elements - {"using":"xpath","value":"//span[contains(@id ,\"actionsMenuButton-internalSplitBtn-arrowButton-img\")]"}
RESULT: {"using":"xpath","value":"//span[contains(@id ,\"actionsMenuButton-internalSplitBtn-arrowButton-img\")]"}
COMMAND: POST /session/f7dda4deea86e37c44fc2a10a2b2b70a/elements - {"using":"xpath","value":"//span[contains(@id ,\"actionsMenuButton-internalSplitBtn-arrowButton-img\")]"}
RESULT: {"using":"xpath","value":"//span[contains(@id ,\"actionsMenuButton-internalSplitBtn-arrowButton-img\")]"}
COMMAND: POST /session/f7dda4deea86e37c44fc2a10a2b2b70a/elements - {"using":"xpath","value":"//span[contains(@id ,\"actionsMenuButton-internalSplitBtn-arrowButton-img\")]"}
RESULT: {"using":"xpath","value":"//span[contains(@id ,\"actionsMenuButton-internalSplitBtn-arrowButton-img\")]"}
COMMAND: POST /session/f7dda4deea86e37c44fc2a10a2b2b70a/elements - {"using":"xpath","value":"//span[contains(@id ,\"actionsMenuButton-internalSplitBtn-arrowButton-img\")]"}
RESULT: {"using":"xpath","value":"//span[contains(@id ,\"actionsMenuButton-internalSplitBtn-arrowButton-img\")]"}
COMMAND: POST /session/f7dda4deea86e37c44fc2a10a2b2b70a/elements - {"using":"xpath","value":"//span[contains(@id ,\"actionsMenuButton-internalSplitBtn-arrowButton-img\")]"}
RESULT: {"using":"xpath","value":"//span[contains(@id ,\"actionsMenuButton-internalSplitBtn-arrowButton-img\")]"}
COMMAND: POST /session/f7dda4deea86e37c44fc2a10a2b2b70a/elements - {"using":"xpath","value":"//span[contains(@id ,\"actionsMenuButton-internalSplitBtn-arrowButton-img\")]"}
RESULT: {"using":"xpath","value":"//span[contains(@id ,\"actionsMenuButton-internalSplitBtn-arrowButton-img\")]"}
COMMAND: POST /session/f7dda4deea86e37c44fc2a10a2b2b70a/elements - {"using":"xpath","value":"//span[contains(@id ,\"actionsMenuButton-internalSplitBtn-arrowButton-img\")]"}
RESULT: {"using":"xpath","value":"//span[contains(@id ,\"actionsMenuButton-internalSplitBtn-arrowButton-img\")]"}
COMMAND: POST /session/f7dda4deea86e37c44fc2a10a2b2b70a/elements - {"using":"xpath","value":"//span[contains(@id ,\"actionsMenuButton-internalSplitBtn-arrowButton-img\")]"}
RESULT: {"using":"xpath","value":"//span[contains(@id ,\"actionsMenuButton-internalSplitBtn-arrowButton-img\")]"}
COMMAND: POST /session/f7dda4deea86e37c44fc2a10a2b2b70a/elements - {"using":"xpath","value":"//span[contains(@id ,\"actionsMenuButton-internalSplitBtn-arrowButton-img\")]"}
RESULT: {"using":"xpath","value":"//span[contains(@id ,\"actionsMenuButton-internalSplitBtn-arrowButton-img\")]"}
COMMAND: POST /session/f7dda4deea86e37c44fc2a10a2b2b70a/elements - {"using":"xpath","value":"//span[contains(@id ,\"actionsMenuButton-internalSplitBtn-arrowButton-img\")]"}
RESULT: {"using":"xpath","value":"//span[contains(@id ,\"actionsMenuButton-internalSplitBtn-arrowButton-img\")]"}
COMMAND: POST /session/f7dda4deea86e37c44fc2a10a2b2b70a/elements - {"using":"xpath","value":"//span[contains(@id ,\"actionsMenuButton-internalSplitBtn-arrowButton-img\")]"}
RESULT: {"using":"xpath","value":"//span[contains(@id ,\"actionsMenuButton-internalSplitBtn-arrowButton-img\")]"}
COMMAND: POST /session/f7dda4deea86e37c44fc2a10a2b2b70a/elements - {"using":"xpath","value":"//span[contains(@id ,\"actionsMenuButton-internalSplitBtn-arrowButton-img\")]"}
RESULT: {"using":"xpath","value":"//span[contains(@id ,\"actionsMenuButton-internalSplitBtn-arrowButton-img\")]"}
COMMAND: POST /session/f7dda4deea86e37c44fc2a10a2b2b70a/elements - {"using":"xpath","value":"//span[contains(@id ,\"actionsMenuButton-internalSplitBtn-arrowButton-img\")]"}
RESULT: {"using":"xpath","value":"//span[contains(@id ,\"actionsMenuButton-internalSplitBtn-arrowButton-img\")]"}
COMMAND: POST /session/f7dda4deea86e37c44fc2a10a2b2b70a/elements - {"using":"xpath","value":"//span[contains(@id ,\"actionsMenuButton-internalSplitBtn-arrowButton-img\")]"}
RESULT: {"using":"xpath","value":"//span[contains(@id ,\"actionsMenuButton-internalSplitBtn-arrowButton-img\")]"}
COMMAND: POST /session/f7dda4deea86e37c44fc2a10a2b2b70a/elements - {"using":"xpath","value":"//span[contains(@id ,\"actionsMenuButton-internalSplitBtn-arrowButton-img\")]"}
RESULT: {"using":"xpath","value":"//span[contains(@id ,\"actionsMenuButton-internalSplitBtn-arrowButton-img\")]"}
COMMAND: POST /session/f7dda4deea86e37c44fc2a10a2b2b70a/elements - {"using":"xpath","value":"//span[contains(@id ,\"actionsMenuButton-internalSplitBtn-arrowButton-img\")]"}
RESULT: {"using":"xpath","value":"//span[contains(@id ,\"actionsMenuButton-internalSplitBtn-arrowButton-img\")]"}
COMMAND: POST /session/f7dda4deea86e37c44fc2a10a2b2b70a/elements - {"using":"xpath","value":"//span[contains(@id ,\"actionsMenuButton-internalSplitBtn-arrowButton-img\")]"}
RESULT: {"using":"xpath","value":"//span[contains(@id ,\"actionsMenuButton-internalSplitBtn-arrowButton-img\")]"}
COMMAND: POST /session/f7dda4deea86e37c44fc2a10a2b2b70a/elements - {"using":"xpath","value":"//span[contains(@id ,\"actionsMenuButton-internalSplitBtn-arrowButton-img\")]"}
RESULT: {"using":"xpath","value":"//span[contains(@id ,\"actionsMenuButton-internalSplitBtn-arrowButton-img\")]"}
COMMAND: POST /session/f7dda4deea86e37c44fc2a10a2b2b70a/elements - {"using":"xpath","value":"//span[contains(@id ,\"actionsMenuButton-internalSplitBtn-arrowButton-img\")]"}
RESULT: {"using":"xpath","value":"//span[contains(@id ,\"actionsMenuButton-internalSplitBtn-arrowButton-img\")]"}
COMMAND: POST /session/f7dda4deea86e37c44fc2a10a2b2b70a/elements - {"using":"xpath","value":"//span[contains(@id ,\"actionsMenuButton-internalSplitBtn-arrowButton-img\")]"}
RESULT: {"using":"xpath","value":"//span[contains(@id ,\"actionsMenuButton-internalSplitBtn-arrowButton-img\")]"}
COMMAND: POST /session/f7dda4deea86e37c44fc2a10a2b2b70a/elements - {"using":"xpath","value":"//span[contains(@id ,\"actionsMenuButton-internalSplitBtn-arrowButton-img\")]"}
RESULT: {"using":"xpath","value":"//span[contains(@id ,\"actionsMenuButton-internalSplitBtn-arrowButton-img\")]"}
COMMAND: POST /session/f7dda4deea86e37c44fc2a10a2b2b70a/elements - {"using":"xpath","value":"//span[contains(@id ,\"actionsMenuButton-internalSplitBtn-arrowButton-img\")]"}
RESULT: {"using":"xpath","value":"//span[contains(@id ,\"actionsMenuButton-internalSplitBtn-arrowButton-img\")]"}
COMMAND: POST /session/f7dda4deea86e37c44fc2a10a2b2b70a/elements - {"using":"xpath","value":"//span[contains(@id ,\"actionsMenuButton-internalSplitBtn-arrowButton-img\")]"}
RESULT: {"using":"xpath","value":"//span[contains(@id ,\"actionsMenuButton-internalSplitBtn-arrowButton-img\")]"}
COMMAND: POST /session/f7dda4deea86e37c44fc2a10a2b2b70a/elements - {"using":"xpath","value":"//span[contains(@id ,\"actionsMenuButton-internalSplitBtn-arrowButton-img\")]"}
RESULT: {"using":"xpath","value":"//span[contains(@id ,\"actionsMenuButton-internalSplitBtn-arrowButton-img\")]"}
COMMAND: POST /session/f7dda4deea86e37c44fc2a10a2b2b70a/elements - {"using":"xpath","value":"//span[contains(@id ,\"actionsMenuButton-internalSplitBtn-arrowButton-img\")]"}
RESULT: {"using":"xpath","value":"//span[contains(@id ,\"actionsMenuButton-internalSplitBtn-arrowButton-img\")]"}
COMMAND: POST /session/f7dda4deea86e37c44fc2a10a2b2b70a/elements - {"using":"xpath","value":"//span[contains(@id ,\"actionsMenuButton-internalSplitBtn-arrowButton-img\")]"}
RESULT: {"using":"xpath","value":"//span[contains(@id ,\"actionsMenuButton-internalSplitBtn-arrowButton-img\")]"}
COMMAND: POST /session/f7dda4deea86e37c44fc2a10a2b2b70a/elements - {"using":"xpath","value":"//span[contains(@id ,\"actionsMenuButton-internalSplitBtn-arrowButton-img\")]"}
RESULT: {"using":"xpath","value":"//span[contains(@id ,\"actionsMenuButton-internalSplitBtn-arrowButton-img\")]"}
COMMAND: POST /session/f7dda4deea86e37c44fc2a10a2b2b70a/elements - {"using":"xpath","value":"//span[contains(@id ,\"actionsMenuButton-internalSplitBtn-arrowButton-img\")]"}
RESULT: {"using":"xpath","value":"//span[contains(@id ,\"actionsMenuButton-internalSplitBtn-arrowButton-img\")]"}
COMMAND: POST /session/f7dda4deea86e37c44fc2a10a2b2b70a/elements - {"using":"xpath","value":"//span[contains(@id ,\"actionsMenuButton-internalSplitBtn-arrowButton-img\")]"}
RESULT: {"using":"xpath","value":"//span[contains(@id ,\"actionsMenuButton-internalSplitBtn-arrowButton-img\")]"}
COMMAND: POST /session/f7dda4deea86e37c44fc2a10a2b2b70a/elements - {"using":"xpath","value":"//span[contains(@id ,\"actionsMenuButton-internalSplitBtn-arrowButton-img\")]"}
RESULT: {"using":"xpath","value":"//span[contains(@id ,\"actionsMenuButton-internalSplitBtn-arrowButton-img\")]"}
COMMAND: POST /session/f7dda4deea86e37c44fc2a10a2b2b70a/elements - {"using":"xpath","value":"//span[contains(@id ,\"actionsMenuButton-internalSplitBtn-arrowButton-img\")]"}
RESULT: {"using":"xpath","value":"//span[contains(@id ,\"actionsMenuButton-internalSplitBtn-arrowButton-img\")]"}
COMMAND: POST /session/f7dda4deea86e37c44fc2a10a2b2b70a/elements - {"using":"xpath","value":"//span[contains(@id ,\"actionsMenuButton-internalSplitBtn-arrowButton-img\")]"}
RESULT: {"using":"xpath","value":"//span[contains(@id ,\"actionsMenuButton-internalSplitBtn-arrowButton-img\")]"}
COMMAND: POST /session/f7dda4deea86e37c44fc2a10a2b2b70a/elements - {"using":"xpath","value":"//span[contains(@id ,\"actionsMenuButton-internalSplitBtn-arrowButton-img\")]"}
RESULT: {"using":"xpath","value":"//span[contains(@id ,\"actionsMenuButton-internalSplitBtn-arrowButton-img\")]"}
COMMAND: POST /session/f7dda4deea86e37c44fc2a10a2b2b70a/elements - {"using":"xpath","value":"//span[contains(@id ,\"actionsMenuButton-internalSplitBtn-arrowButton-img\")]"}
RESULT: {"using":"xpath","value":"//span[contains(@id ,\"actionsMenuButton-internalSplitBtn-arrowButton-img\")]"}
COMMAND: POST /session/f7dda4deea86e37c44fc2a10a2b2b70a/elements - {"using":"xpath","value":"//span[contains(@id ,\"actionsMenuButton-internalSplitBtn-arrowButton-img\")]"}
RESULT: {"using":"xpath","value":"//span[contains(@id ,\"actionsMenuButton-internalSplitBtn-arrowButton-img\")]"}
COMMAND: POST /session/f7dda4deea86e37c44fc2a10a2b2b70a/elements - {"using":"xpath","value":"//span[contains(@id ,\"actionsMenuButton-internalSplitBtn-arrowButton-img\")]"}
RESULT: {"using":"xpath","value":"//span[contains(@id ,\"actionsMenuButton-internalSplitBtn-arrowButton-img\")]"}
COMMAND: POST /session/f7dda4deea86e37c44fc2a10a2b2b70a/elements - {"using":"xpath","value":"//span[contains(@id ,\"actionsMenuButton-internalSplitBtn-arrowButton-img\")]"}
RESULT: {"using":"xpath","value":"//span[contains(@id ,\"actionsMenuButton-internalSplitBtn-arrowButton-img\")]"}
COMMAND: POST /session/f7dda4deea86e37c44fc2a10a2b2b70a/elements - {"using":"xpath","value":"//span[contains(@id ,\"actionsMenuButton-internalSplitBtn-arrowButton-img\")]"}
RESULT: {"using":"xpath","value":"//span[contains(@id ,\"actionsMenuButton-internalSplitBtn-arrowButton-img\")]"}
COMMAND: POST /session/f7dda4deea86e37c44fc2a10a2b2b70a/elements - {"using":"xpath","value":"//span[contains(@id ,\"actionsMenuButton-internalSplitBtn-arrowButton-img\")]"}
RESULT: {"using":"xpath","value":"//span[contains(@id ,\"actionsMenuButton-internalSplitBtn-arrowButton-img\")]"}
COMMAND: POST /session/f7dda4deea86e37c44fc2a10a2b2b70a/elements - {"using":"xpath","value":"//span[contains(@id ,\"actionsMenuButton-internalSplitBtn-arrowButton-img\")]"}
RESULT: {"using":"xpath","value":"//span[contains(@id ,\"actionsMenuButton-internalSplitBtn-arrowButton-img\")]"}
COMMAND: POST /session/f7dda4deea86e37c44fc2a10a2b2b70a/elements - {"using":"xpath","value":"//span[contains(@id ,\"actionsMenuButton-internalSplitBtn-arrowButton-img\")]"}
RESULT: {"using":"xpath","value":"//span[contains(@id ,\"actionsMenuButton-internalSplitBtn-arrowButton-img\")]"}
COMMAND: POST /session/f7dda4deea86e37c44fc2a10a2b2b70a/elements - {"using":"xpath","value":"//span[contains(@id ,\"actionsMenuButton-internalSplitBtn-arrowButton-img\")]"}
RESULT: {"using":"xpath","value":"//span[contains(@id ,\"actionsMenuButton-internalSplitBtn-arrowButton-img\")]"}
COMMAND: POST /session/f7dda4deea86e37c44fc2a10a2b2b70a/elements - {"using":"xpath","value":"//span[contains(@id ,\"actionsMenuButton-internalSplitBtn-arrowButton-img\")]"}
RESULT: {"using":"xpath","value":"//span[contains(@id ,\"actionsMenuButton-internalSplitBtn-arrowButton-img\")]"}
COMMAND: POST /session/f7dda4deea86e37c44fc2a10a2b2b70a/elements - {"using":"xpath","value":"//span[contains(@id ,\"actionsMenuButton-internalSplitBtn-arrowButton-img\")]"}
RESULT: {"using":"xpath","value":"//span[contains(@id ,\"actionsMenuButton-internalSplitBtn-arrowButton-img\")]"}
COMMAND: POST /session/f7dda4deea86e37c44fc2a10a2b2b70a/elements - {"using":"xpath","value":"//span[contains(@id ,\"actionsMenuButton-internalSplitBtn-arrowButton-img\")]"}
RESULT: {"using":"xpath","value":"//span[contains(@id ,\"actionsMenuButton-internalSplitBtn-arrowButton-img\")]"}
COMMAND: POST /session/f7dda4deea86e37c44fc2a10a2b2b70a/elements - {"using":"xpath","value":"//span[contains(@id ,\"actionsMenuButton-internalSplitBtn-arrowButton-img\")]"}
RESULT: {"using":"xpath","value":"//span[contains(@id ,\"actionsMenuButton-internalSplitBtn-arrowButton-img\")]"}
COMMAND: POST /session/f7dda4deea86e37c44fc2a10a2b2b70a/elements - {"using":"xpath","value":"//span[contains(@id ,\"actionsMenuButton-internalSplitBtn-arrowButton-img\")]"}
RESULT: {"using":"xpath","value":"//span[contains(@id ,\"actionsMenuButton-internalSplitBtn-arrowButton-img\")]"}
COMMAND: POST /session/f7dda4deea86e37c44fc2a10a2b2b70a/elements - {"using":"xpath","value":"//span[contains(@id ,\"actionsMenuButton-internalSplitBtn-arrowButton-img\")]"}
RESULT: {"using":"xpath","value":"//span[contains(@id ,\"actionsMenuButton-internalSplitBtn-arrowButton-img\")]"}
COMMAND: POST /session/f7dda4deea86e37c44fc2a10a2b2b70a/elements - {"using":"xpath","value":"//span[contains(@id ,\"actionsMenuButton-internalSplitBtn-arrowButton-img\")]"}
RESULT: {"using":"xpath","value":"//span[contains(@id ,\"actionsMenuButton-internalSplitBtn-arrowButton-img\")]"}
COMMAND: POST /session/f7dda4deea86e37c44fc2a10a2b2b70a/elements - {"using":"xpath","value":"//span[contains(@id ,\"actionsMenuButton-internalSplitBtn-arrowButton-img\")]"}
RESULT: {"using":"xpath","value":"//span[contains(@id ,\"actionsMenuButton-internalSplitBtn-arrowButton-img\")]"}
COMMAND: POST /session/f7dda4deea86e37c44fc2a10a2b2b70a/elements - {"using":"xpath","value":"//span[contains(@id ,\"actionsMenuButton-internalSplitBtn-arrowButton-img\")]"}
RESULT: {"using":"xpath","value":"//span[contains(@id ,\"actionsMenuButton-internalSplitBtn-arrowButton-img\")]"}
COMMAND: POST /session/f7dda4deea86e37c44fc2a10a2b2b70a/elements - {"using":"xpath","value":"//span[contains(@id ,\"actionsMenuButton-internalSplitBtn-arrowButton-img\")]"}
RESULT: {"using":"xpath","value":"//span[contains(@id ,\"actionsMenuButton-internalSplitBtn-arrowButton-img\")]"}
COMMAND: POST /session/f7dda4deea86e37c44fc2a10a2b2b70a/elements - {"using":"xpath","value":"//span[contains(@id ,\"actionsMenuButton-internalSplitBtn-arrowButton-img\")]"}
RESULT: {"using":"xpath","value":"//span[contains(@id ,\"actionsMenuButton-internalSplitBtn-arrowButton-img\")]"}
COMMAND: POST /session/f7dda4deea86e37c44fc2a10a2b2b70a/elements - {"using":"xpath","value":"//span[contains(@id ,\"actionsMenuButton-internalSplitBtn-arrowButton-img\")]"}
RESULT: {"using":"xpath","value":"//span[contains(@id ,\"actionsMenuButton-internalSplitBtn-arrowButton-img\")]"}
COMMAND: POST /session/f7dda4deea86e37c44fc2a10a2b2b70a/elements - {"using":"xpath","value":"//span[contains(@id ,\"actionsMenuButton-internalSplitBtn-arrowButton-img\")]"}
RESULT: {"using":"xpath","value":"//span[contains(@id ,\"actionsMenuButton-internalSplitBtn-arrowButton-img\")]"}
COMMAND: POST /session/f7dda4deea86e37c44fc2a10a2b2b70a/elements - {"using":"xpath","value":"//span[contains(@id ,\"actionsMenuButton-internalSplitBtn-arrowButton-img\")]"}
RESULT: {"using":"xpath","value":"//span[contains(@id ,\"actionsMenuButton-internalSplitBtn-arrowButton-img\")]"}
COMMAND: POST /session/f7dda4deea86e37c44fc2a10a2b2b70a/elements - {"using":"xpath","value":"//span[contains(@id ,\"actionsMenuButton-internalSplitBtn-arrowButton-img\")]"}
RESULT: {"using":"xpath","value":"//span[contains(@id ,\"actionsMenuButton-internalSplitBtn-arrowButton-img\")]"}
COMMAND: POST /session/f7dda4deea86e37c44fc2a10a2b2b70a/elements - {"using":"xpath","value":"//span[contains(@id ,\"actionsMenuButton-internalSplitBtn-arrowButton-img\")]"}
RESULT: {"using":"xpath","value":"//span[contains(@id ,\"actionsMenuButton-internalSplitBtn-arrowButton-img\")]"}
COMMAND: POST /session/f7dda4deea86e37c44fc2a10a2b2b70a/elements - {"using":"xpath","value":"//span[contains(@id ,\"actionsMenuButton-internalSplitBtn-arrowButton-img\")]"}
RESULT: {"using":"xpath","value":"//span[contains(@id ,\"actionsMenuButton-internalSplitBtn-arrowButton-img\")]"}
COMMAND: POST /session/f7dda4deea86e37c44fc2a10a2b2b70a/elements - {"using":"xpath","value":"//span[contains(@id ,\"actionsMenuButton-internalSplitBtn-arrowButton-img\")]"}
RESULT: {"using":"xpath","value":"//span[contains(@id ,\"actionsMenuButton-internalSplitBtn-arrowButton-img\")]"}
COMMAND: POST /session/f7dda4deea86e37c44fc2a10a2b2b70a/elements - {"using":"xpath","value":"//span[contains(@id ,\"actionsMenuButton-internalSplitBtn-arrowButton-img\")]"}
RESULT: {"using":"xpath","value":"//span[contains(@id ,\"actionsMenuButton-internalSplitBtn-arrowButton-img\")]"}
COMMAND: POST /session/f7dda4deea86e37c44fc2a10a2b2b70a/elements - {"using":"xpath","value":"//span[contains(@id ,\"actionsMenuButton-internalSplitBtn-arrowButton-img\")]"}
RESULT: {"using":"xpath","value":"//span[contains(@id ,\"actionsMenuButton-internalSplitBtn-arrowButton-img\")]"}
COMMAND: POST /session/f7dda4deea86e37c44fc2a10a2b2b70a/elements - {"using":"xpath","value":"//span[contains(@id ,\"actionsMenuButton-internalSplitBtn-arrowButton-img\")]"}
RESULT: {"using":"xpath","value":"//span[contains(@id ,\"actionsMenuButton-internalSplitBtn-arrowButton-img\")]"}
COMMAND: POST /session/f7dda4deea86e37c44fc2a10a2b2b70a/elements - {"using":"xpath","value":"//span[contains(@id ,\"actionsMenuButton-internalSplitBtn-arrowButton-img\")]"}
RESULT: {"using":"xpath","value":"//span[contains(@id ,\"actionsMenuButton-internalSplitBtn-arrowButton-img\")]"}
COMMAND: POST /session/f7dda4deea86e37c44fc2a10a2b2b70a/elements - {"using":"xpath","value":"//span[contains(@id ,\"actionsMenuButton-internalSplitBtn-arrowButton-img\")]"}
RESULT: {"using":"xpath","value":"//span[contains(@id ,\"actionsMenuButton-internalSplitBtn-arrowButton-img\")]"}
COMMAND: POST /session/f7dda4deea86e37c44fc2a10a2b2b70a/elements - {"using":"xpath","value":"//span[contains(@id ,\"actionsMenuButton-internalSplitBtn-arrowButton-img\")]"}
RESULT: {"using":"xpath","value":"//span[contains(@id ,\"actionsMenuButton-internalSplitBtn-arrowButton-img\")]"}
COMMAND: POST /session/f7dda4deea86e37c44fc2a10a2b2b70a/elements - {"using":"xpath","value":"//span[contains(@id ,\"actionsMenuButton-internalSplitBtn-arrowButton-img\")]"}
RESULT: {"using":"xpath","value":"//span[contains(@id ,\"actionsMenuButton-internalSplitBtn-arrowButton-img\")]"}
COMMAND: POST /session/f7dda4deea86e37c44fc2a10a2b2b70a/elements - {"using":"xpath","value":"//span[contains(@id ,\"actionsMenuButton-internalSplitBtn-arrowButton-img\")]"}
RESULT: {"using":"xpath","value":"//span[contains(@id ,\"actionsMenuButton-internalSplitBtn-arrowButton-img\")]"}
COMMAND: POST /session/f7dda4deea86e37c44fc2a10a2b2b70a/elements - {"using":"xpath","value":"//span[contains(@id ,\"actionsMenuButton-internalSplitBtn-arrowButton-img\")]"}
RESULT: {"using":"xpath","value":"//span[contains(@id ,\"actionsMenuButton-internalSplitBtn-arrowButton-img\")]"}
COMMAND: POST /session/f7dda4deea86e37c44fc2a10a2b2b70a/elements - {"using":"xpath","value":"//span[contains(@id ,\"actionsMenuButton-internalSplitBtn-arrowButton-img\")]"}
RESULT: {"using":"xpath","value":"//span[contains(@id ,\"actionsMenuButton-internalSplitBtn-arrowButton-img\")]"}
COMMAND: POST /session/f7dda4deea86e37c44fc2a10a2b2b70a/elements - {"using":"xpath","value":"//span[contains(@id ,\"actionsMenuButton-internalSplitBtn-arrowButton-img\")]"}
RESULT: {"using":"xpath","value":"//span[contains(@id ,\"actionsMenuButton-internalSplitBtn-arrowButton-img\")]"}
COMMAND: POST /session/f7dda4deea86e37c44fc2a10a2b2b70a/elements - {"using":"xpath","value":"//span[contains(@id ,\"actionsMenuButton-internalSplitBtn-arrowButton-img\")]"}
RESULT: {"using":"xpath","value":"//span[contains(@id ,\"actionsMenuButton-internalSplitBtn-arrowButton-img\")]"}
COMMAND: POST /session/f7dda4deea86e37c44fc2a10a2b2b70a/elements - {"using":"xpath","value":"//span[contains(@id ,\"actionsMenuButton-internalSplitBtn-arrowButton-img\")]"}
RESULT: {"using":"xpath","value":"//span[contains(@id ,\"actionsMenuButton-internalSplitBtn-arrowButton-img\")]"}
COMMAND: POST /session/f7dda4deea86e37c44fc2a10a2b2b70a/elements - {"using":"xpath","value":"//span[contains(@id ,\"actionsMenuButton-internalSplitBtn-arrowButton-img\")]"}
RESULT: {"using":"xpath","value":"//span[contains(@id ,\"actionsMenuButton-internalSplitBtn-arrowButton-img\")]"}
COMMAND: POST /session/f7dda4deea86e37c44fc2a10a2b2b70a/elements - {"using":"xpath","value":"//span[contains(@id ,\"actionsMenuButton-internalSplitBtn-arrowButton-img\")]"}
RESULT: {"using":"xpath","value":"//span[contains(@id ,\"actionsMenuButton-internalSplitBtn-arrowButton-img\")]"}
COMMAND: POST /session/f7dda4deea86e37c44fc2a10a2b2b70a/elements - {"using":"xpath","value":"//span[contains(@id ,\"actionsMenuButton-internalSplitBtn-arrowButton-img\")]"}
RESULT: {"using":"xpath","value":"//span[contains(@id ,\"actionsMenuButton-internalSplitBtn-arrowButton-img\")]"}
COMMAND: POST /session/f7dda4deea86e37c44fc2a10a2b2b70a/elements - {"using":"xpath","value":"//span[contains(@id ,\"actionsMenuButton-internalSplitBtn-arrowButton-img\")]"}
RESULT: {"using":"xpath","value":"//span[contains(@id ,\"actionsMenuButton-internalSplitBtn-arrowButton-img\")]"}
COMMAND: POST /session/f7dda4deea86e37c44fc2a10a2b2b70a/elements - {"using":"xpath","value":"//span[contains(@id ,\"actionsMenuButton-internalSplitBtn-arrowButton-img\")]"}
RESULT: {"using":"xpath","value":"//span[contains(@id ,\"actionsMenuButton-internalSplitBtn-arrowButton-img\")]"}
COMMAND: POST /session/f7dda4deea86e37c44fc2a10a2b2b70a/elements - {"using":"xpath","value":"//span[contains(@id ,\"actionsMenuButton-internalSplitBtn-arrowButton-img\")]"}
RESULT: {"using":"xpath","value":"//span[contains(@id ,\"actionsMenuButton-internalSplitBtn-arrowButton-img\")]"}
COMMAND: GET /session/f7dda4deea86e37c44fc2a10a2b2b70a/screenshot - {}
RESULT: {}
]]></system-out>
      <system-err><![CDATA[
Error: Can't call elementClick on element with selector "//span[contains(@id ,"actionsMenuButton-internalSplitBtn-arrowButton-img")]" because element wasn't found
    at async Context.<anonymous> (D:\a\1\s\test\specs\R2C\process-request-items-into-new-quotation.spec.js:456:9)
]]></system-err>
    </testcase>
    <testcase classname="chrome.136_0_7103_93.windows.Process_request_items_into_new_quotation_US120163" name="Should navigate back to the request and check the request and item statuses" time="25.529">
      <failure/>
      <error message="expect(received).toEqual(expected) // deep equality&#xA;&#xA;Expected: &quot;proposed&quot;&#xA;Received: &quot;planned&quot;"/>
      <system-out><![CDATA[
COMMAND: POST /session/f7dda4deea86e37c44fc2a10a2b2b70a/refresh - {}
COMMAND: GET /session/f7dda4deea86e37c44fc2a10a2b2b70a/screenshot - {}
RESULT: {}
COMMAND: GET /session/f7dda4deea86e37c44fc2a10a2b2b70a/screenshot - {}
RESULT: {}
RESULT: {}
COMMAND: POST /session/f7dda4deea86e37c44fc2a10a2b2b70a/execute/async - {"script":"<script> [189 bytes]","args":[]}
RESULT: {"script":"<script> [189 bytes]","args":[]}
COMMAND: POST /session/f7dda4deea86e37c44fc2a10a2b2b70a/execute/async - {"script":"<script> [123 bytes]","args":[]}
RESULT: {"script":"<script> [123 bytes]","args":[]}
COMMAND: POST /session/f7dda4deea86e37c44fc2a10a2b2b70a/timeouts - {"script":"<number>"}
RESULT: {"script":"<number>"}
COMMAND: GET /session/f7dda4deea86e37c44fc2a10a2b2b70a/timeouts - {}
RESULT: {}
RESULT: undefined
COMMAND: POST /session/f7dda4deea86e37c44fc2a10a2b2b70a/execute/async - {"script":"<script> [2676 bytes]","args":[]}
RESULT: {"script":"<script> [2676 bytes]","args":[]}
COMMAND: POST /session/f7dda4deea86e37c44fc2a10a2b2b70a/execute/async - {"script":"<script> [2342 bytes]","args":[{"protocol":"http","hostname":"0.0.0.0","path":"/","capabilities":{"browserName":"chrome","goog:chromeOptions":{"binary":"C:\\Program Files\\Google\\Chrome\\Application\\chrome.exe","args":["--start-maximized"]}},"logLevel":"warn","connectionRetryTimeout":120000,"connectionRetryCount":3,"logLevels":{},"enableDirectConnect":true,"strictSSL":true,"_":"65 more keys: [\"cacheDir\",\"port\",\"requestedCapabilities\",\"automationProtocol\",\"baseUrl\",\"waitforInterval\",\"waitforTimeout\",\"onReload\",\"beforeCommand\",\"afterCommand\",\"rootDir\",\"specs\",\"suites\",\"exclude\",\"groupLogsByTestSpec\",\"excludeDriverLogs\",\"bail\",\"framework\",\"reporters\",\"services\",\"maxInstances\",\"maxInstancesPerCapability\",\"injectGlobals\",\"filesToWatch\",\"execArgv\",\"runnerEnv\",\"runner\",\"shard\",\"specFileRetries\",\"specFileRetriesDelay\",\"specFileRetriesDeferred\",\"reporterSyncInterval\",\"reporterSyncTimeout\",\"cucumberFeaturesWithLineNumbers\",\"autoCompileOpts\",\"mochaOpts\",\"jasmineOpts\",\"cucumberOpts\",\"onPrepare\",\"onWorkerStart\",\"onWorkerEnd\",\"before\",\"beforeSession\",\"beforeSuite\",\"beforeHook\",\"beforeTest\",\"afterTest\",\"afterHook\",\"afterSuite\",\"afterSession\",\"after\",\"onComplete\",\"beforeAssertion\",\"afterAssertion\",\"beforeFeature\",\"beforeScenario\",\"beforeStep\",\"afterStep\",\"afterScenario\",\"afterFeature\",\"_\",\"suite\",\"$0\",\"ignoredWorkerServices\",\"wdi5\"]"}]}
RESULT: {"script":"<script> [2342 bytes]","args":[{"protocol":"http","hostname":"0.0.0.0","path":"/","capabilities":{"browserName":"chrome","goog:chromeOptions":{"binary":"C:\\Program Files\\Google\\Chrome\\Application\\chrome.exe","args":["--start-maximized"]}},"logLevel":"warn","connectionRetryTimeout":120000,"connectionRetryCount":3,"logLevels":{},"enableDirectConnect":true,"strictSSL":true,"_":"65 more keys: [\"cacheDir\",\"port\",\"requestedCapabilities\",\"automationProtocol\",\"baseUrl\",\"waitforInterval\",\"waitforTimeout\",\"onReload\",\"beforeCommand\",\"afterCommand\",\"rootDir\",\"specs\",\"suites\",\"exclude\",\"groupLogsByTestSpec\",\"excludeDriverLogs\",\"bail\",\"framework\",\"reporters\",\"services\",\"maxInstances\",\"maxInstancesPerCapability\",\"injectGlobals\",\"filesToWatch\",\"execArgv\",\"runnerEnv\",\"runner\",\"shard\",\"specFileRetries\",\"specFileRetriesDelay\",\"specFileRetriesDeferred\",\"reporterSyncInterval\",\"reporterSyncTimeout\",\"cucumberFeaturesWithLineNumbers\",\"autoCompileOpts\",\"mochaOpts\",\"jasmineOpts\",\"cucumberOpts\",\"onPrepare\",\"onWorkerStart\",\"onWorkerEnd\",\"before\",\"beforeSession\",\"beforeSuite\",\"beforeHook\",\"beforeTest\",\"afterTest\",\"afterHook\",\"afterSuite\",\"afterSession\",\"after\",\"onComplete\",\"beforeAssertion\",\"afterAssertion\",\"beforeFeature\",\"beforeScenario\",\"beforeStep\",\"afterStep\",\"afterScenario\",\"afterFeature\",\"_\",\"suite\",\"$0\",\"ignoredWorkerServices\",\"wdi5\"]"}]}
COMMAND: POST /session/f7dda4deea86e37c44fc2a10a2b2b70a/execute/async - {"script":"<script> [21126 bytes]","args":[35000]}
RESULT: {"script":"<script> [21126 bytes]","args":[35000]}
COMMAND: POST /session/f7dda4deea86e37c44fc2a10a2b2b70a/execute/async - {"script":"<script> [1562 bytes]","args":[{"selector":{"controlType":"sap.m.Text","viewName":"etm.portal.ui.managerequests.view.Detail","bindingPath":{"path":"/SmartRequestItemsPlanningBoard(ITEM=10m,REQUEST='20086')","propertyPath":"STATUS_DESC"}},"wdio_ui5_key":"etmportal.ui.managerequests.view.Detailsap.m.Text{\"path\":\"/SmartRequestItemsPlanningBoard(ITEM=10m,REQUEST='20086')\",\"propertyPath\":\"STATUS_DESC\"}"}]}
RESULT: {"script":"<script> [1562 bytes]","args":[{"selector":{"controlType":"sap.m.Text","viewName":"etm.portal.ui.managerequests.view.Detail","bindingPath":{"path":"/SmartRequestItemsPlanningBoard(ITEM=10m,REQUEST='20086')","propertyPath":"STATUS_DESC"}},"wdio_ui5_key":"etmportal.ui.managerequests.view.Detailsap.m.Text{\"path\":\"/SmartRequestItemsPlanningBoard(ITEM=10m,REQUEST='20086')\",\"propertyPath\":\"STATUS_DESC\"}"}]}
RESULT: undefined
COMMAND: POST /session/f7dda4deea86e37c44fc2a10a2b2b70a/execute/async - {"script":"<script> [6424 bytes]","args":[{"element-6066-11e4-a52e-4f735466cecf":"f.30820BDFF87FD38C1A457C97C4719E16.d.59DC4E0636B30177FFC5B88B48684C8F.e.12663"},"getText",[]]}
RESULT: {"script":"<script> [6424 bytes]","args":[{"element-6066-11e4-a52e-4f735466cecf":"f.30820BDFF87FD38C1A457C97C4719E16.d.59DC4E0636B30177FFC5B88B48684C8F.e.12663"},"getText",[]]}
COMMAND: GET /session/f7dda4deea86e37c44fc2a10a2b2b70a/screenshot - {}
RESULT: {}
COMMAND: GET /session/f7dda4deea86e37c44fc2a10a2b2b70a/screenshot - {}
COMMAND: GET /session/f7dda4deea86e37c44fc2a10a2b2b70a/screenshot - {}
RESULT: {}
RESULT: {}
COMMAND: DELETE /session/f7dda4deea86e37c44fc2a10a2b2b70a - {}
RESULT: {}
]]></system-out>
      <system-err><![CDATA[
Error: expect(received).toEqual(expected) // deep equality

Expected: "proposed"
Received: "planned"
    at Context.<anonymous> (D:\a\1\s\test\specs\R2C\process-request-items-into-new-quotation.spec.js:540:31)
]]></system-err>
    </testcase>
  </testsuite>
</testsuites>