<?xml version="1.0" encoding="UTF-8"?>
<testsuites tests="11" failures="0" errors="0" skipped="0">
  <testsuite timestamp="2025-04-15T17:27:30" time="1238.326" tests="11" failures="0" errors="0" skipped="0">
    <properties>
      <property name="specId" value="0"/>
      <property name="suiteName" value="Partner specific tests US150819 US151080 US151654 US151176 US103444 US151078 US151079 US151109 US151174 US151175 US151189"/>
      <property name="capabilities" value="chrome.135_0_7049_42.windows"/>
      <property name="file" value="file:///D:/a/1/s/test/specs/BTS/manage-partners.spec.js"/>
    </properties>
    <testcase classname="chrome.135_0_7049_42.windows.Partner_specific_tests_US150819_US151080_US151654_US151176_US103444_US151078_US151079_US151109_US151174_US151175_US151189" name="Should create a new yard prerequisite" time="105.148">
      <system-out><![CDATA[
COMMAND: POST /session/276af0ab14c8f1c47b44a918c5eb4f66/window/fullscreen - {}
RESULT: {}
COMMAND: POST /session/276af0ab14c8f1c47b44a918c5eb4f66/element - {"using":"xpath","value":"//li[.//span[text()=\"Manage Partners\"]]"}
RESULT: {"using":"xpath","value":"//li[.//span[text()=\"Manage Partners\"]]"}
COMMAND: POST /session/276af0ab14c8f1c47b44a918c5eb4f66/element - {"using":"xpath","value":"//li[.//span[text()=\"Manage Partners\"]]"}
RESULT: {"using":"xpath","value":"//li[.//span[text()=\"Manage Partners\"]]"}
COMMAND: POST /session/276af0ab14c8f1c47b44a918c5eb4f66/element - {"using":"css selector","value":"#shell-header-logo"}
RESULT: {"using":"css selector","value":"#shell-header-logo"}
COMMAND: POST /session/276af0ab14c8f1c47b44a918c5eb4f66/element/f.5C77A6788F2F180DC89ED0F4DCB2CDCA.d.211ACC915FC816F61604A6C21BD5F976.e.257/click - {}
COMMAND: POST /session/276af0ab14c8f1c47b44a918c5eb4f66/execute/sync - {"script":"<script> [8489 bytes]","args":[{"element-6066-11e4-a52e-4f735466cecf":"f.5C77A6788F2F180DC89ED0F4DCB2CDCA.d.211ACC915FC816F61604A6C21BD5F976.e.257","ELEMENT":"f.5C77A6788F2F180DC89ED0F4DCB2CDCA.d.211ACC915FC816F61604A6C21BD5F976.e.257"}]}
RESULT: {"script":"<script> [8489 bytes]","args":[{"element-6066-11e4-a52e-4f735466cecf":"f.5C77A6788F2F180DC89ED0F4DCB2CDCA.d.211ACC915FC816F61604A6C21BD5F976.e.257","ELEMENT":"f.5C77A6788F2F180DC89ED0F4DCB2CDCA.d.211ACC915FC816F61604A6C21BD5F976.e.257"}]}
COMMAND: POST /session/276af0ab14c8f1c47b44a918c5eb4f66/execute/sync - {"script":"<script> [5351 bytes]","args":[{"element-6066-11e4-a52e-4f735466cecf":"f.5C77A6788F2F180DC89ED0F4DCB2CDCA.d.211ACC915FC816F61604A6C21BD5F976.e.257","ELEMENT":"f.5C77A6788F2F180DC89ED0F4DCB2CDCA.d.211ACC915FC816F61604A6C21BD5F976.e.257"}]}
COMMAND: GET /session/276af0ab14c8f1c47b44a918c5eb4f66/screenshot - {}
RESULT: {}
COMMAND: GET /session/276af0ab14c8f1c47b44a918c5eb4f66/screenshot - {}
RESULT: {"script":"<script> [5351 bytes]","args":[{"element-6066-11e4-a52e-4f735466cecf":"f.5C77A6788F2F180DC89ED0F4DCB2CDCA.d.211ACC915FC816F61604A6C21BD5F976.e.257","ELEMENT":"f.5C77A6788F2F180DC89ED0F4DCB2CDCA.d.211ACC915FC816F61604A6C21BD5F976.e.257"}]}
COMMAND: GET /session/276af0ab14c8f1c47b44a918c5eb4f66/screenshot - {}
RESULT: {}
RESULT: {}
RESULT: {}
COMMAND: POST /session/276af0ab14c8f1c47b44a918c5eb4f66/execute/async - {"script":"<script> [1562 bytes]","args":[{"selector":{"controlType":"sap.m.GenericTile","properties":{"header":"Manage Yards"}},"wdio_ui5_key":"sapm.GenericTile{\"header\":\"Manage Yards\"}"}]}
RESULT: {"script":"<script> [1562 bytes]","args":[{"selector":{"controlType":"sap.m.GenericTile","properties":{"header":"Manage Yards"}},"wdio_ui5_key":"sapm.GenericTile{\"header\":\"Manage Yards\"}"}]}
RESULT: undefined
COMMAND: POST /session/276af0ab14c8f1c47b44a918c5eb4f66/element - {"using":"xpath","value":"//*[@id=\"__tile41\"]"}
RESULT: {"using":"xpath","value":"//*[@id=\"__tile41\"]"}
COMMAND: POST /session/276af0ab14c8f1c47b44a918c5eb4f66/element/f.5C77A6788F2F180DC89ED0F4DCB2CDCA.d.211ACC915FC816F61604A6C21BD5F976.e.157/click - {}
RESULT: {}
COMMAND: POST /session/276af0ab14c8f1c47b44a918c5eb4f66/element - {"using":"xpath","value":"//button[@data-kt=\"addNewYardOverflowToolbarButton\"]"}
COMMAND: GET /session/276af0ab14c8f1c47b44a918c5eb4f66/screenshot - {}
RESULT: {"using":"xpath","value":"//button[@data-kt=\"addNewYardOverflowToolbarButton\"]"}
COMMAND: POST /session/276af0ab14c8f1c47b44a918c5eb4f66/elements - {"using":"xpath","value":"//button[@data-kt=\"addNewYardOverflowToolbarButton\"]"}
RESULT: {}
RESULT: {"using":"xpath","value":"//button[@data-kt=\"addNewYardOverflowToolbarButton\"]"}
COMMAND: POST /session/276af0ab14c8f1c47b44a918c5eb4f66/elements - {"using":"xpath","value":"//button[@data-kt=\"addNewYardOverflowToolbarButton\"]"}
RESULT: {"using":"xpath","value":"//button[@data-kt=\"addNewYardOverflowToolbarButton\"]"}
COMMAND: POST /session/276af0ab14c8f1c47b44a918c5eb4f66/elements - {"using":"xpath","value":"//button[@data-kt=\"addNewYardOverflowToolbarButton\"]"}
RESULT: {"using":"xpath","value":"//button[@data-kt=\"addNewYardOverflowToolbarButton\"]"}
COMMAND: POST /session/276af0ab14c8f1c47b44a918c5eb4f66/elements - {"using":"xpath","value":"//button[@data-kt=\"addNewYardOverflowToolbarButton\"]"}
RESULT: {"using":"xpath","value":"//button[@data-kt=\"addNewYardOverflowToolbarButton\"]"}
COMMAND: POST /session/276af0ab14c8f1c47b44a918c5eb4f66/elements - {"using":"xpath","value":"//button[@data-kt=\"addNewYardOverflowToolbarButton\"]"}
RESULT: {"using":"xpath","value":"//button[@data-kt=\"addNewYardOverflowToolbarButton\"]"}
COMMAND: POST /session/276af0ab14c8f1c47b44a918c5eb4f66/elements - {"using":"xpath","value":"//button[@data-kt=\"addNewYardOverflowToolbarButton\"]"}
RESULT: {"using":"xpath","value":"//button[@data-kt=\"addNewYardOverflowToolbarButton\"]"}
COMMAND: POST /session/276af0ab14c8f1c47b44a918c5eb4f66/elements - {"using":"xpath","value":"//button[@data-kt=\"addNewYardOverflowToolbarButton\"]"}
RESULT: {"using":"xpath","value":"//button[@data-kt=\"addNewYardOverflowToolbarButton\"]"}
COMMAND: POST /session/276af0ab14c8f1c47b44a918c5eb4f66/elements - {"using":"xpath","value":"//button[@data-kt=\"addNewYardOverflowToolbarButton\"]"}
RESULT: {"using":"xpath","value":"//button[@data-kt=\"addNewYardOverflowToolbarButton\"]"}
COMMAND: POST /session/276af0ab14c8f1c47b44a918c5eb4f66/elements - {"using":"xpath","value":"//button[@data-kt=\"addNewYardOverflowToolbarButton\"]"}
RESULT: {"using":"xpath","value":"//button[@data-kt=\"addNewYardOverflowToolbarButton\"]"}
COMMAND: POST /session/276af0ab14c8f1c47b44a918c5eb4f66/elements - {"using":"xpath","value":"//button[@data-kt=\"addNewYardOverflowToolbarButton\"]"}
RESULT: {"using":"xpath","value":"//button[@data-kt=\"addNewYardOverflowToolbarButton\"]"}
COMMAND: POST /session/276af0ab14c8f1c47b44a918c5eb4f66/elements - {"using":"xpath","value":"//button[@data-kt=\"addNewYardOverflowToolbarButton\"]"}
RESULT: {"using":"xpath","value":"//button[@data-kt=\"addNewYardOverflowToolbarButton\"]"}
COMMAND: POST /session/276af0ab14c8f1c47b44a918c5eb4f66/elements - {"using":"xpath","value":"//button[@data-kt=\"addNewYardOverflowToolbarButton\"]"}
RESULT: {"using":"xpath","value":"//button[@data-kt=\"addNewYardOverflowToolbarButton\"]"}
COMMAND: POST /session/276af0ab14c8f1c47b44a918c5eb4f66/elements - {"using":"xpath","value":"//button[@data-kt=\"addNewYardOverflowToolbarButton\"]"}
RESULT: {"using":"xpath","value":"//button[@data-kt=\"addNewYardOverflowToolbarButton\"]"}
COMMAND: POST /session/276af0ab14c8f1c47b44a918c5eb4f66/elements - {"using":"xpath","value":"//button[@data-kt=\"addNewYardOverflowToolbarButton\"]"}
RESULT: {"using":"xpath","value":"//button[@data-kt=\"addNewYardOverflowToolbarButton\"]"}
COMMAND: POST /session/276af0ab14c8f1c47b44a918c5eb4f66/elements - {"using":"xpath","value":"//button[@data-kt=\"addNewYardOverflowToolbarButton\"]"}
RESULT: {"using":"xpath","value":"//button[@data-kt=\"addNewYardOverflowToolbarButton\"]"}
COMMAND: POST /session/276af0ab14c8f1c47b44a918c5eb4f66/elements - {"using":"xpath","value":"//button[@data-kt=\"addNewYardOverflowToolbarButton\"]"}
RESULT: {"using":"xpath","value":"//button[@data-kt=\"addNewYardOverflowToolbarButton\"]"}
COMMAND: POST /session/276af0ab14c8f1c47b44a918c5eb4f66/elements - {"using":"xpath","value":"//button[@data-kt=\"addNewYardOverflowToolbarButton\"]"}
RESULT: {"using":"xpath","value":"//button[@data-kt=\"addNewYardOverflowToolbarButton\"]"}
COMMAND: POST /session/276af0ab14c8f1c47b44a918c5eb4f66/elements - {"using":"xpath","value":"//button[@data-kt=\"addNewYardOverflowToolbarButton\"]"}
RESULT: {"using":"xpath","value":"//button[@data-kt=\"addNewYardOverflowToolbarButton\"]"}
COMMAND: POST /session/276af0ab14c8f1c47b44a918c5eb4f66/elements - {"using":"xpath","value":"//button[@data-kt=\"addNewYardOverflowToolbarButton\"]"}
RESULT: {"using":"xpath","value":"//button[@data-kt=\"addNewYardOverflowToolbarButton\"]"}
COMMAND: POST /session/276af0ab14c8f1c47b44a918c5eb4f66/elements - {"using":"xpath","value":"//button[@data-kt=\"addNewYardOverflowToolbarButton\"]"}
RESULT: {"using":"xpath","value":"//button[@data-kt=\"addNewYardOverflowToolbarButton\"]"}
COMMAND: POST /session/276af0ab14c8f1c47b44a918c5eb4f66/elements - {"using":"xpath","value":"//button[@data-kt=\"addNewYardOverflowToolbarButton\"]"}
RESULT: {"using":"xpath","value":"//button[@data-kt=\"addNewYardOverflowToolbarButton\"]"}
COMMAND: POST /session/276af0ab14c8f1c47b44a918c5eb4f66/element - {"using":"xpath","value":"//button[@data-kt=\"addNewYardOverflowToolbarButton\"]"}
RESULT: {"using":"xpath","value":"//button[@data-kt=\"addNewYardOverflowToolbarButton\"]"}
COMMAND: POST /session/276af0ab14c8f1c47b44a918c5eb4f66/execute/sync - {"script":"<script> [8489 bytes]","args":[{"element-6066-11e4-a52e-4f735466cecf":"f.5C77A6788F2F180DC89ED0F4DCB2CDCA.d.211ACC915FC816F61604A6C21BD5F976.e.292","ELEMENT":"f.5C77A6788F2F180DC89ED0F4DCB2CDCA.d.211ACC915FC816F61604A6C21BD5F976.e.292"}]}
RESULT: {"script":"<script> [8489 bytes]","args":[{"element-6066-11e4-a52e-4f735466cecf":"f.5C77A6788F2F180DC89ED0F4DCB2CDCA.d.211ACC915FC816F61604A6C21BD5F976.e.292","ELEMENT":"f.5C77A6788F2F180DC89ED0F4DCB2CDCA.d.211ACC915FC816F61604A6C21BD5F976.e.292"}]}
COMMAND: GET /session/276af0ab14c8f1c47b44a918c5eb4f66/element/f.5C77A6788F2F180DC89ED0F4DCB2CDCA.d.211ACC915FC816F61604A6C21BD5F976.e.292/enabled - {}
COMMAND: GET /session/276af0ab14c8f1c47b44a918c5eb4f66/screenshot - {}
RESULT: {}
COMMAND: POST /session/276af0ab14c8f1c47b44a918c5eb4f66/execute/sync - {"script":"<script> [8489 bytes]","args":[{"element-6066-11e4-a52e-4f735466cecf":"f.5C77A6788F2F180DC89ED0F4DCB2CDCA.d.211ACC915FC816F61604A6C21BD5F976.e.292","ELEMENT":"f.5C77A6788F2F180DC89ED0F4DCB2CDCA.d.211ACC915FC816F61604A6C21BD5F976.e.292"}]}
COMMAND: GET /session/276af0ab14c8f1c47b44a918c5eb4f66/screenshot - {}
RESULT: {}
RESULT: {"script":"<script> [8489 bytes]","args":[{"element-6066-11e4-a52e-4f735466cecf":"f.5C77A6788F2F180DC89ED0F4DCB2CDCA.d.211ACC915FC816F61604A6C21BD5F976.e.292","ELEMENT":"f.5C77A6788F2F180DC89ED0F4DCB2CDCA.d.211ACC915FC816F61604A6C21BD5F976.e.292"}]}
COMMAND: POST /session/276af0ab14c8f1c47b44a918c5eb4f66/execute/sync - {"script":"<script> [5351 bytes]","args":[{"element-6066-11e4-a52e-4f735466cecf":"f.5C77A6788F2F180DC89ED0F4DCB2CDCA.d.211ACC915FC816F61604A6C21BD5F976.e.292","ELEMENT":"f.5C77A6788F2F180DC89ED0F4DCB2CDCA.d.211ACC915FC816F61604A6C21BD5F976.e.292"}]}
COMMAND: GET /session/276af0ab14c8f1c47b44a918c5eb4f66/screenshot - {}
RESULT: {}
RESULT: {"script":"<script> [5351 bytes]","args":[{"element-6066-11e4-a52e-4f735466cecf":"f.5C77A6788F2F180DC89ED0F4DCB2CDCA.d.211ACC915FC816F61604A6C21BD5F976.e.292","ELEMENT":"f.5C77A6788F2F180DC89ED0F4DCB2CDCA.d.211ACC915FC816F61604A6C21BD5F976.e.292"}]}
COMMAND: POST /session/276af0ab14c8f1c47b44a918c5eb4f66/element/f.5C77A6788F2F180DC89ED0F4DCB2CDCA.d.211ACC915FC816F61604A6C21BD5F976.e.292/click - {}
COMMAND: GET /session/276af0ab14c8f1c47b44a918c5eb4f66/screenshot - {}
RESULT: {}
RESULT: {}
COMMAND: GET /session/276af0ab14c8f1c47b44a918c5eb4f66/screenshot - {}
COMMAND: POST /session/276af0ab14c8f1c47b44a918c5eb4f66/element - {"using":"xpath","value":"//input[@id=\"application-manageyards-display-component---NewYard--yardId-inner\"]"}
RESULT: {}
RESULT: {}
RESULT: {"using":"xpath","value":"//input[@id=\"application-manageyards-display-component---NewYard--yardId-inner\"]"}
COMMAND: POST /session/276af0ab14c8f1c47b44a918c5eb4f66/element - {"using":"xpath","value":"//input[@id=\"application-manageyards-display-component---NewYard--yardId-inner\"]"}
RESULT: {"using":"xpath","value":"//input[@id=\"application-manageyards-display-component---NewYard--yardId-inner\"]"}
COMMAND: POST /session/276af0ab14c8f1c47b44a918c5eb4f66/execute/async - {"script":"<script> [1562 bytes]","args":[{"selector":{"id":"application-manageyards-display-component---NewYard--addressDetailDetailsName1","interaction":{"idSuffix":"inner"}},"wdio_ui5_key":"applicationmanageyards-display-component---NewYard--addressDetailDetailsName1"}]}
RESULT: {"script":"<script> [1562 bytes]","args":[{"selector":{"id":"application-manageyards-display-component---NewYard--addressDetailDetailsName1","interaction":{"idSuffix":"inner"}},"wdio_ui5_key":"applicationmanageyards-display-component---NewYard--addressDetailDetailsName1"}]}
RESULT: undefined
COMMAND: POST /session/276af0ab14c8f1c47b44a918c5eb4f66/execute/async - {"script":"<script> [776 bytes]","args":[{"enterText":"Intracompany Yard wdIO","selector":{"id":"application-manageyards-display-component---NewYard--addressDetailDetailsName1","interaction":{"idSuffix":"inner"}},"clearTextFirst":true,"interactionType":"ENTER_TEXT"}]}
RESULT: {"script":"<script> [776 bytes]","args":[{"enterText":"Intracompany Yard wdIO","selector":{"id":"application-manageyards-display-component---NewYard--addressDetailDetailsName1","interaction":{"idSuffix":"inner"}},"clearTextFirst":true,"interactionType":"ENTER_TEXT"}]}
COMMAND: POST /session/276af0ab14c8f1c47b44a918c5eb4f66/execute/async - {"script":"<script> [1562 bytes]","args":[{"selector":{"id":"application-manageyards-display-component---NewYard--addressDetailDetailsLanguage-arrow"},"wdio_ui5_key":"applicationmanageyards-display-component---NewYard--addressDetailDetailsLanguage-arrow"}]}
RESULT: {"script":"<script> [1562 bytes]","args":[{"selector":{"id":"application-manageyards-display-component---NewYard--addressDetailDetailsLanguage-arrow"},"wdio_ui5_key":"applicationmanageyards-display-component---NewYard--addressDetailDetailsLanguage-arrow"}]}
RESULT: undefined
COMMAND: POST /session/276af0ab14c8f1c47b44a918c5eb4f66/element - {"using":"xpath","value":"//*[@id=\"application-manageyards-display-component---NewYard--addressDetailDetailsLanguage-arrow\"]"}
RESULT: {"using":"xpath","value":"//*[@id=\"application-manageyards-display-component---NewYard--addressDetailDetailsLanguage-arrow\"]"}
COMMAND: POST /session/276af0ab14c8f1c47b44a918c5eb4f66/element/f.5C77A6788F2F180DC89ED0F4DCB2CDCA.d.211ACC915FC816F61604A6C21BD5F976.e.735/click - {}
RESULT: {}
COMMAND: POST /session/276af0ab14c8f1c47b44a918c5eb4f66/element - {"using":"xpath","value":"//span[contains(text(), \"English\")]"}
COMMAND: GET /session/276af0ab14c8f1c47b44a918c5eb4f66/screenshot - {}
RESULT: {"using":"xpath","value":"//span[contains(text(), \"English\")]"}
COMMAND: POST /session/276af0ab14c8f1c47b44a918c5eb4f66/element/f.5C77A6788F2F180DC89ED0F4DCB2CDCA.d.211ACC915FC816F61604A6C21BD5F976.e.736/click - {}
RESULT: {}
RESULT: {}
COMMAND: POST /session/276af0ab14c8f1c47b44a918c5eb4f66/execute/async - {"script":"<script> [1562 bytes]","args":[{"selector":{"id":"application-manageyards-display-component---NewYard--addressDetailDetailsCity1","interaction":{"idSuffix":"inner"}},"wdio_ui5_key":"applicationmanageyards-display-component---NewYard--addressDetailDetailsCity1"}]}
COMMAND: GET /session/276af0ab14c8f1c47b44a918c5eb4f66/screenshot - {}
RESULT: {"script":"<script> [1562 bytes]","args":[{"selector":{"id":"application-manageyards-display-component---NewYard--addressDetailDetailsCity1","interaction":{"idSuffix":"inner"}},"wdio_ui5_key":"applicationmanageyards-display-component---NewYard--addressDetailDetailsCity1"}]}
RESULT: undefined
COMMAND: POST /session/276af0ab14c8f1c47b44a918c5eb4f66/execute/async - {"script":"<script> [776 bytes]","args":[{"enterText":"Rosario","selector":{"id":"application-manageyards-display-component---NewYard--addressDetailDetailsCity1","interaction":{"idSuffix":"inner"}},"clearTextFirst":true,"interactionType":"ENTER_TEXT"}]}
RESULT: {}
RESULT: {"script":"<script> [776 bytes]","args":[{"enterText":"Rosario","selector":{"id":"application-manageyards-display-component---NewYard--addressDetailDetailsCity1","interaction":{"idSuffix":"inner"}},"clearTextFirst":true,"interactionType":"ENTER_TEXT"}]}
COMMAND: POST /session/276af0ab14c8f1c47b44a918c5eb4f66/execute/async - {"script":"<script> [1562 bytes]","args":[{"selector":{"id":"application-manageyards-display-component---NewYard--addressDetailDetailsCountry-arrow"},"wdio_ui5_key":"applicationmanageyards-display-component---NewYard--addressDetailDetailsCountry-arrow"}]}
RESULT: {"script":"<script> [1562 bytes]","args":[{"selector":{"id":"application-manageyards-display-component---NewYard--addressDetailDetailsCountry-arrow"},"wdio_ui5_key":"applicationmanageyards-display-component---NewYard--addressDetailDetailsCountry-arrow"}]}
RESULT: undefined
COMMAND: POST /session/276af0ab14c8f1c47b44a918c5eb4f66/element - {"using":"xpath","value":"//*[@id=\"application-manageyards-display-component---NewYard--addressDetailDetailsCountry-arrow\"]"}
RESULT: {"using":"xpath","value":"//*[@id=\"application-manageyards-display-component---NewYard--addressDetailDetailsCountry-arrow\"]"}
COMMAND: POST /session/276af0ab14c8f1c47b44a918c5eb4f66/element/f.5C77A6788F2F180DC89ED0F4DCB2CDCA.d.211ACC915FC816F61604A6C21BD5F976.e.738/click - {}
RESULT: {}
COMMAND: POST /session/276af0ab14c8f1c47b44a918c5eb4f66/element - {"using":"xpath","value":"//span[contains(text(), \"Argentina\")]"}
COMMAND: GET /session/276af0ab14c8f1c47b44a918c5eb4f66/screenshot - {}
RESULT: {"using":"xpath","value":"//span[contains(text(), \"Argentina\")]"}
COMMAND: POST /session/276af0ab14c8f1c47b44a918c5eb4f66/element/f.5C77A6788F2F180DC89ED0F4DCB2CDCA.d.211ACC915FC816F61604A6C21BD5F976.e.739/click - {}
RESULT: {}
RESULT: {}
COMMAND: POST /session/276af0ab14c8f1c47b44a918c5eb4f66/execute/async - {"script":"<script> [1562 bytes]","args":[{"selector":{"id":"application-manageyards-display-component---NewYard--addressEditDetailsCostObjectCstType-arrow"},"wdio_ui5_key":"applicationmanageyards-display-component---NewYard--addressEditDetailsCostObjectCstType-arrow"}]}
COMMAND: GET /session/276af0ab14c8f1c47b44a918c5eb4f66/screenshot - {}
RESULT: {"script":"<script> [1562 bytes]","args":[{"selector":{"id":"application-manageyards-display-component---NewYard--addressEditDetailsCostObjectCstType-arrow"},"wdio_ui5_key":"applicationmanageyards-display-component---NewYard--addressEditDetailsCostObjectCstType-arrow"}]}
RESULT: undefined
COMMAND: POST /session/276af0ab14c8f1c47b44a918c5eb4f66/element - {"using":"xpath","value":"//*[@id=\"application-manageyards-display-component---NewYard--addressEditDetailsCostObjectCstType-arrow\"]"}
RESULT: {}
RESULT: {"using":"xpath","value":"//*[@id=\"application-manageyards-display-component---NewYard--addressEditDetailsCostObjectCstType-arrow\"]"}
COMMAND: POST /session/276af0ab14c8f1c47b44a918c5eb4f66/element/f.5C77A6788F2F180DC89ED0F4DCB2CDCA.d.211ACC915FC816F61604A6C21BD5F976.e.741/click - {}
RESULT: {}
COMMAND: POST /session/276af0ab14c8f1c47b44a918c5eb4f66/element - {"using":"xpath","value":"//span[contains(text(), \"Cost Center\")]"}
COMMAND: GET /session/276af0ab14c8f1c47b44a918c5eb4f66/screenshot - {}
RESULT: {"using":"xpath","value":"//span[contains(text(), \"Cost Center\")]"}
COMMAND: POST /session/276af0ab14c8f1c47b44a918c5eb4f66/element/f.5C77A6788F2F180DC89ED0F4DCB2CDCA.d.211ACC915FC816F61604A6C21BD5F976.e.742/click - {}
RESULT: {}
RESULT: {}
COMMAND: GET /session/276af0ab14c8f1c47b44a918c5eb4f66/screenshot - {}
RESULT: {}
COMMAND: POST /session/276af0ab14c8f1c47b44a918c5eb4f66/element - {"using":"xpath","value":"//span[@id=\"application-manageyards-display-component---NewYard--addressNewCostObjectCstID-vhi\"]"}
RESULT: {"using":"xpath","value":"//span[@id=\"application-manageyards-display-component---NewYard--addressNewCostObjectCstID-vhi\"]"}
COMMAND: POST /session/276af0ab14c8f1c47b44a918c5eb4f66/execute/sync - {"script":"<script> [8489 bytes]","args":[{"element-6066-11e4-a52e-4f735466cecf":"f.5C77A6788F2F180DC89ED0F4DCB2CDCA.d.211ACC915FC816F61604A6C21BD5F976.e.745","ELEMENT":"f.5C77A6788F2F180DC89ED0F4DCB2CDCA.d.211ACC915FC816F61604A6C21BD5F976.e.745"}]}
RESULT: {"script":"<script> [8489 bytes]","args":[{"element-6066-11e4-a52e-4f735466cecf":"f.5C77A6788F2F180DC89ED0F4DCB2CDCA.d.211ACC915FC816F61604A6C21BD5F976.e.745","ELEMENT":"f.5C77A6788F2F180DC89ED0F4DCB2CDCA.d.211ACC915FC816F61604A6C21BD5F976.e.745"}]}
COMMAND: POST /session/276af0ab14c8f1c47b44a918c5eb4f66/execute/async - {"script":"<script> [1562 bytes]","args":[{"selector":{"id":"application-manageyards-display-component---NewYard--addressNewCostObjectCstID-vhi"},"wdio_ui5_key":"applicationmanageyards-display-component---NewYard--addressNewCostObjectCstID-vhi"}]}
COMMAND: GET /session/276af0ab14c8f1c47b44a918c5eb4f66/screenshot - {}
RESULT: {"script":"<script> [1562 bytes]","args":[{"selector":{"id":"application-manageyards-display-component---NewYard--addressNewCostObjectCstID-vhi"},"wdio_ui5_key":"applicationmanageyards-display-component---NewYard--addressNewCostObjectCstID-vhi"}]}
RESULT: undefined
COMMAND: POST /session/276af0ab14c8f1c47b44a918c5eb4f66/element - {"using":"xpath","value":"//*[@id=\"application-manageyards-display-component---NewYard--addressNewCostObjectCstID-vhi\"]"}
RESULT: {}
RESULT: {"using":"xpath","value":"//*[@id=\"application-manageyards-display-component---NewYard--addressNewCostObjectCstID-vhi\"]"}
COMMAND: POST /session/276af0ab14c8f1c47b44a918c5eb4f66/element/f.5C77A6788F2F180DC89ED0F4DCB2CDCA.d.211ACC915FC816F61604A6C21BD5F976.e.745/click - {}
RESULT: {}
COMMAND: GET /session/276af0ab14c8f1c47b44a918c5eb4f66/screenshot - {}
RESULT: {}
COMMAND: POST /session/276af0ab14c8f1c47b44a918c5eb4f66/execute/async - {"script":"<script> [1562 bytes]","args":[{"selector":{"controlType":"sap.m.SearchField","properties":{"placeholder":"Search"},"searchOpenDialogs":true,"interaction":{"idSuffix":"I"}},"wdio_ui5_key":"sapm.SearchField{\"placeholder\":\"Search\"}"}]}
RESULT: {"script":"<script> [1562 bytes]","args":[{"selector":{"controlType":"sap.m.SearchField","properties":{"placeholder":"Search"},"searchOpenDialogs":true,"interaction":{"idSuffix":"I"}},"wdio_ui5_key":"sapm.SearchField{\"placeholder\":\"Search\"}"}]}
RESULT: undefined
COMMAND: POST /session/276af0ab14c8f1c47b44a918c5eb4f66/execute/async - {"script":"<script> [776 bytes]","args":[{"enterText":"10001013","selector":{"controlType":"sap.m.SearchField","properties":{"placeholder":"Search"},"searchOpenDialogs":true,"interaction":{"idSuffix":"I"}},"clearTextFirst":true,"interactionType":"ENTER_TEXT"}]}
RESULT: {"script":"<script> [776 bytes]","args":[{"enterText":"10001013","selector":{"controlType":"sap.m.SearchField","properties":{"placeholder":"Search"},"searchOpenDialogs":true,"interaction":{"idSuffix":"I"}},"clearTextFirst":true,"interactionType":"ENTER_TEXT"}]}
COMMAND: POST /session/276af0ab14c8f1c47b44a918c5eb4f66/actions - {"actions":[{"id":"action1","type":"key","parameters":{},"actions":[{"type":"keyDown","value":""},{"type":"pause","duration":10},{"type":"keyUp","value":""}]}]}
RESULT: {"actions":[{"id":"action1","type":"key","parameters":{},"actions":[{"type":"keyDown","value":""},{"type":"pause","duration":10},{"type":"keyUp","value":""}]}]}
COMMAND: GET /session/276af0ab14c8f1c47b44a918c5eb4f66/screenshot - {}
RESULT: {}
COMMAND: POST /session/276af0ab14c8f1c47b44a918c5eb4f66/element - {"using":"xpath","value":"//span[contains(text(), \"General Management\")]"}
RESULT: {"using":"xpath","value":"//span[contains(text(), \"General Management\")]"}
COMMAND: POST /session/276af0ab14c8f1c47b44a918c5eb4f66/element/f.5C77A6788F2F180DC89ED0F4DCB2CDCA.d.211ACC915FC816F61604A6C21BD5F976.e.754/click - {}
RESULT: {}
COMMAND: GET /session/276af0ab14c8f1c47b44a918c5eb4f66/screenshot - {}
RESULT: {}
COMMAND: POST /session/276af0ab14c8f1c47b44a918c5eb4f66/element - {"using":"xpath","value":"//bdi[contains(text(), \"OK\")]"}
RESULT: {"using":"xpath","value":"//bdi[contains(text(), \"OK\")]"}
COMMAND: POST /session/276af0ab14c8f1c47b44a918c5eb4f66/element/f.5C77A6788F2F180DC89ED0F4DCB2CDCA.d.211ACC915FC816F61604A6C21BD5F976.e.756/click - {}
RESULT: {}
COMMAND: GET /session/276af0ab14c8f1c47b44a918c5eb4f66/screenshot - {}
RESULT: {}
COMMAND: POST /session/276af0ab14c8f1c47b44a918c5eb4f66/execute/async - {"script":"<script> [1562 bytes]","args":[{"selector":{"id":"application-manageyards-display-component---NewYard--addressEditDetailsCurrency-arrow"},"wdio_ui5_key":"applicationmanageyards-display-component---NewYard--addressEditDetailsCurrency-arrow"}]}
RESULT: {"script":"<script> [1562 bytes]","args":[{"selector":{"id":"application-manageyards-display-component---NewYard--addressEditDetailsCurrency-arrow"},"wdio_ui5_key":"applicationmanageyards-display-component---NewYard--addressEditDetailsCurrency-arrow"}]}
RESULT: undefined
COMMAND: POST /session/276af0ab14c8f1c47b44a918c5eb4f66/element - {"using":"xpath","value":"//*[@id=\"application-manageyards-display-component---NewYard--addressEditDetailsCurrency-arrow\"]"}
RESULT: {"using":"xpath","value":"//*[@id=\"application-manageyards-display-component---NewYard--addressEditDetailsCurrency-arrow\"]"}
COMMAND: POST /session/276af0ab14c8f1c47b44a918c5eb4f66/element/f.5C77A6788F2F180DC89ED0F4DCB2CDCA.d.211ACC915FC816F61604A6C21BD5F976.e.759/click - {}
RESULT: {}
COMMAND: POST /session/276af0ab14c8f1c47b44a918c5eb4f66/element - {"using":"xpath","value":"//span[contains(text(), \"Euro\")]"}
COMMAND: GET /session/276af0ab14c8f1c47b44a918c5eb4f66/screenshot - {}
RESULT: {"using":"xpath","value":"//span[contains(text(), \"Euro\")]"}
COMMAND: POST /session/276af0ab14c8f1c47b44a918c5eb4f66/element/f.5C77A6788F2F180DC89ED0F4DCB2CDCA.d.211ACC915FC816F61604A6C21BD5F976.e.760/click - {}
RESULT: {}
RESULT: {}
COMMAND: POST /session/276af0ab14c8f1c47b44a918c5eb4f66/execute/async - {"script":"<script> [1562 bytes]","args":[{"selector":{"controlType":"sap.m.Input","viewName":"etm.portal.ui.manageyards.view.New","viewId":"application-manageyards-display-component---NewYard","bindingPath":{"path":"","propertyPath":"/CONTROLLING_AREA","modelName":"NewYardModel"},"interaction":{"idSuffix":"inner"}},"wdio_ui5_key":"etmportal.ui.manageyards.view.Newsap.m.Input{\"path\":\"\",\"propertyPath\":\"/CONTROLLING_AREA\",\"modelName\":\"NewYardModel\"}"}]}
COMMAND: GET /session/276af0ab14c8f1c47b44a918c5eb4f66/screenshot - {}
RESULT: {"script":"<script> [1562 bytes]","args":[{"selector":{"controlType":"sap.m.Input","viewName":"etm.portal.ui.manageyards.view.New","viewId":"application-manageyards-display-component---NewYard","bindingPath":{"path":"","propertyPath":"/CONTROLLING_AREA","modelName":"NewYardModel"},"interaction":{"idSuffix":"inner"}},"wdio_ui5_key":"etmportal.ui.manageyards.view.Newsap.m.Input{\"path\":\"\",\"propertyPath\":\"/CONTROLLING_AREA\",\"modelName\":\"NewYardModel\"}"}]}
RESULT: undefined
COMMAND: POST /session/276af0ab14c8f1c47b44a918c5eb4f66/execute/async - {"script":"<script> [776 bytes]","args":[{"enterText":"Z001","selector":{"controlType":"sap.m.Input","viewName":"etm.portal.ui.manageyards.view.New","viewId":"application-manageyards-display-component---NewYard","bindingPath":{"path":"","propertyPath":"/CONTROLLING_AREA","modelName":"NewYardModel"},"interaction":{"idSuffix":"inner"}},"clearTextFirst":true,"interactionType":"ENTER_TEXT"}]}
RESULT: {}
RESULT: {"script":"<script> [776 bytes]","args":[{"enterText":"Z001","selector":{"controlType":"sap.m.Input","viewName":"etm.portal.ui.manageyards.view.New","viewId":"application-manageyards-display-component---NewYard","bindingPath":{"path":"","propertyPath":"/CONTROLLING_AREA","modelName":"NewYardModel"},"interaction":{"idSuffix":"inner"}},"clearTextFirst":true,"interactionType":"ENTER_TEXT"}]}
COMMAND: POST /session/276af0ab14c8f1c47b44a918c5eb4f66/execute/async - {"script":"<script> [1562 bytes]","args":[{"selector":{"id":"application-manageyards-display-component---NewYard--companyCodeComboBox","interaction":{"idSuffix":"inner"}},"wdio_ui5_key":"applicationmanageyards-display-component---NewYard--companyCodeComboBox"}]}
RESULT: {"script":"<script> [1562 bytes]","args":[{"selector":{"id":"application-manageyards-display-component---NewYard--companyCodeComboBox","interaction":{"idSuffix":"inner"}},"wdio_ui5_key":"applicationmanageyards-display-component---NewYard--companyCodeComboBox"}]}
RESULT: undefined
COMMAND: POST /session/276af0ab14c8f1c47b44a918c5eb4f66/execute/async - {"script":"<script> [776 bytes]","args":[{"enterText":"1000","selector":{"id":"application-manageyards-display-component---NewYard--companyCodeComboBox","interaction":{"idSuffix":"inner"}},"clearTextFirst":true,"interactionType":"ENTER_TEXT"}]}
RESULT: {"script":"<script> [776 bytes]","args":[{"enterText":"1000","selector":{"id":"application-manageyards-display-component---NewYard--companyCodeComboBox","interaction":{"idSuffix":"inner"}},"clearTextFirst":true,"interactionType":"ENTER_TEXT"}]}
COMMAND: POST /session/276af0ab14c8f1c47b44a918c5eb4f66/execute/async - {"script":"<script> [1562 bytes]","args":[{"selector":{"controlType":"sap.m.Input","viewName":"etm.portal.ui.manageyards.view.New","viewId":"application-manageyards-display-component---NewYard","bindingPath":{"path":"","propertyPath":"/PLANT","modelName":"NewYardModel"},"interaction":{"idSuffix":"inner"}},"wdio_ui5_key":"etmportal.ui.manageyards.view.Newsap.m.Input{\"path\":\"\",\"propertyPath\":\"/PLANT\",\"modelName\":\"NewYardModel\"}"}]}
RESULT: {"script":"<script> [1562 bytes]","args":[{"selector":{"controlType":"sap.m.Input","viewName":"etm.portal.ui.manageyards.view.New","viewId":"application-manageyards-display-component---NewYard","bindingPath":{"path":"","propertyPath":"/PLANT","modelName":"NewYardModel"},"interaction":{"idSuffix":"inner"}},"wdio_ui5_key":"etmportal.ui.manageyards.view.Newsap.m.Input{\"path\":\"\",\"propertyPath\":\"/PLANT\",\"modelName\":\"NewYardModel\"}"}]}
RESULT: undefined
COMMAND: POST /session/276af0ab14c8f1c47b44a918c5eb4f66/execute/async - {"script":"<script> [776 bytes]","args":[{"enterText":"1001","selector":{"controlType":"sap.m.Input","viewName":"etm.portal.ui.manageyards.view.New","viewId":"application-manageyards-display-component---NewYard","bindingPath":{"path":"","propertyPath":"/PLANT","modelName":"NewYardModel"},"interaction":{"idSuffix":"inner"}},"clearTextFirst":true,"interactionType":"ENTER_TEXT"}]}
RESULT: {"script":"<script> [776 bytes]","args":[{"enterText":"1001","selector":{"controlType":"sap.m.Input","viewName":"etm.portal.ui.manageyards.view.New","viewId":"application-manageyards-display-component---NewYard","bindingPath":{"path":"","propertyPath":"/PLANT","modelName":"NewYardModel"},"interaction":{"idSuffix":"inner"}},"clearTextFirst":true,"interactionType":"ENTER_TEXT"}]}
COMMAND: POST /session/276af0ab14c8f1c47b44a918c5eb4f66/execute/async - {"script":"<script> [1562 bytes]","args":[{"selector":{"controlType":"sap.m.Input","viewName":"etm.portal.ui.manageyards.view.New","viewId":"application-manageyards-display-component---NewYard","bindingPath":{"path":"","propertyPath":"/SALES_AREA_VKORG","modelName":"NewYardModel"},"interaction":{"idSuffix":"inner"}},"wdio_ui5_key":"etmportal.ui.manageyards.view.Newsap.m.Input{\"path\":\"\",\"propertyPath\":\"/SALES_AREA_VKORG\",\"modelName\":\"NewYardModel\"}"}]}
RESULT: {"script":"<script> [1562 bytes]","args":[{"selector":{"controlType":"sap.m.Input","viewName":"etm.portal.ui.manageyards.view.New","viewId":"application-manageyards-display-component---NewYard","bindingPath":{"path":"","propertyPath":"/SALES_AREA_VKORG","modelName":"NewYardModel"},"interaction":{"idSuffix":"inner"}},"wdio_ui5_key":"etmportal.ui.manageyards.view.Newsap.m.Input{\"path\":\"\",\"propertyPath\":\"/SALES_AREA_VKORG\",\"modelName\":\"NewYardModel\"}"}]}
RESULT: undefined
COMMAND: POST /session/276af0ab14c8f1c47b44a918c5eb4f66/execute/async - {"script":"<script> [776 bytes]","args":[{"enterText":"C002","selector":{"controlType":"sap.m.Input","viewName":"etm.portal.ui.manageyards.view.New","viewId":"application-manageyards-display-component---NewYard","bindingPath":{"path":"","propertyPath":"/SALES_AREA_VKORG","modelName":"NewYardModel"},"interaction":{"idSuffix":"inner"}},"clearTextFirst":true,"interactionType":"ENTER_TEXT"}]}
RESULT: {"script":"<script> [776 bytes]","args":[{"enterText":"C002","selector":{"controlType":"sap.m.Input","viewName":"etm.portal.ui.manageyards.view.New","viewId":"application-manageyards-display-component---NewYard","bindingPath":{"path":"","propertyPath":"/SALES_AREA_VKORG","modelName":"NewYardModel"},"interaction":{"idSuffix":"inner"}},"clearTextFirst":true,"interactionType":"ENTER_TEXT"}]}
COMMAND: POST /session/276af0ab14c8f1c47b44a918c5eb4f66/execute/async - {"script":"<script> [1562 bytes]","args":[{"selector":{"controlType":"sap.m.Input","viewName":"etm.portal.ui.manageyards.view.New","viewId":"application-manageyards-display-component---NewYard","bindingPath":{"path":"","propertyPath":"/SALES_AREA_VTWEG","modelName":"NewYardModel"},"interaction":{"idSuffix":"inner"}},"wdio_ui5_key":"etmportal.ui.manageyards.view.Newsap.m.Input{\"path\":\"\",\"propertyPath\":\"/SALES_AREA_VTWEG\",\"modelName\":\"NewYardModel\"}"}]}
RESULT: {"script":"<script> [1562 bytes]","args":[{"selector":{"controlType":"sap.m.Input","viewName":"etm.portal.ui.manageyards.view.New","viewId":"application-manageyards-display-component---NewYard","bindingPath":{"path":"","propertyPath":"/SALES_AREA_VTWEG","modelName":"NewYardModel"},"interaction":{"idSuffix":"inner"}},"wdio_ui5_key":"etmportal.ui.manageyards.view.Newsap.m.Input{\"path\":\"\",\"propertyPath\":\"/SALES_AREA_VTWEG\",\"modelName\":\"NewYardModel\"}"}]}
RESULT: undefined
COMMAND: POST /session/276af0ab14c8f1c47b44a918c5eb4f66/execute/async - {"script":"<script> [776 bytes]","args":[{"enterText":"C2","selector":{"controlType":"sap.m.Input","viewName":"etm.portal.ui.manageyards.view.New","viewId":"application-manageyards-display-component---NewYard","bindingPath":{"path":"","propertyPath":"/SALES_AREA_VTWEG","modelName":"NewYardModel"},"interaction":{"idSuffix":"inner"}},"clearTextFirst":true,"interactionType":"ENTER_TEXT"}]}
RESULT: {"script":"<script> [776 bytes]","args":[{"enterText":"C2","selector":{"controlType":"sap.m.Input","viewName":"etm.portal.ui.manageyards.view.New","viewId":"application-manageyards-display-component---NewYard","bindingPath":{"path":"","propertyPath":"/SALES_AREA_VTWEG","modelName":"NewYardModel"},"interaction":{"idSuffix":"inner"}},"clearTextFirst":true,"interactionType":"ENTER_TEXT"}]}
COMMAND: POST /session/276af0ab14c8f1c47b44a918c5eb4f66/execute/async - {"script":"<script> [1562 bytes]","args":[{"selector":{"controlType":"sap.m.Input","viewName":"etm.portal.ui.manageyards.view.New","viewId":"application-manageyards-display-component---NewYard","bindingPath":{"path":"","propertyPath":"/SALES_AREA_SPART","modelName":"NewYardModel"},"interaction":{"idSuffix":"inner"}},"wdio_ui5_key":"etmportal.ui.manageyards.view.Newsap.m.Input{\"path\":\"\",\"propertyPath\":\"/SALES_AREA_SPART\",\"modelName\":\"NewYardModel\"}"}]}
RESULT: {"script":"<script> [1562 bytes]","args":[{"selector":{"controlType":"sap.m.Input","viewName":"etm.portal.ui.manageyards.view.New","viewId":"application-manageyards-display-component---NewYard","bindingPath":{"path":"","propertyPath":"/SALES_AREA_SPART","modelName":"NewYardModel"},"interaction":{"idSuffix":"inner"}},"wdio_ui5_key":"etmportal.ui.manageyards.view.Newsap.m.Input{\"path\":\"\",\"propertyPath\":\"/SALES_AREA_SPART\",\"modelName\":\"NewYardModel\"}"}]}
RESULT: undefined
COMMAND: POST /session/276af0ab14c8f1c47b44a918c5eb4f66/execute/async - {"script":"<script> [776 bytes]","args":[{"enterText":"C2","selector":{"controlType":"sap.m.Input","viewName":"etm.portal.ui.manageyards.view.New","viewId":"application-manageyards-display-component---NewYard","bindingPath":{"path":"","propertyPath":"/SALES_AREA_SPART","modelName":"NewYardModel"},"interaction":{"idSuffix":"inner"}},"clearTextFirst":true,"interactionType":"ENTER_TEXT"}]}
RESULT: {"script":"<script> [776 bytes]","args":[{"enterText":"C2","selector":{"controlType":"sap.m.Input","viewName":"etm.portal.ui.manageyards.view.New","viewId":"application-manageyards-display-component---NewYard","bindingPath":{"path":"","propertyPath":"/SALES_AREA_SPART","modelName":"NewYardModel"},"interaction":{"idSuffix":"inner"}},"clearTextFirst":true,"interactionType":"ENTER_TEXT"}]}
COMMAND: POST /session/276af0ab14c8f1c47b44a918c5eb4f66/execute/async - {"script":"<script> [1562 bytes]","args":[{"selector":{"controlType":"sap.m.Input","viewName":"etm.portal.ui.manageyards.view.New","viewId":"application-manageyards-display-component---NewYard","bindingPath":{"path":"","propertyPath":"/SHIP_POINT","modelName":"NewYardModel"},"interaction":{"idSuffix":"inner"}},"wdio_ui5_key":"etmportal.ui.manageyards.view.Newsap.m.Input{\"path\":\"\",\"propertyPath\":\"/SHIP_POINT\",\"modelName\":\"NewYardModel\"}"}]}
RESULT: {"script":"<script> [1562 bytes]","args":[{"selector":{"controlType":"sap.m.Input","viewName":"etm.portal.ui.manageyards.view.New","viewId":"application-manageyards-display-component---NewYard","bindingPath":{"path":"","propertyPath":"/SHIP_POINT","modelName":"NewYardModel"},"interaction":{"idSuffix":"inner"}},"wdio_ui5_key":"etmportal.ui.manageyards.view.Newsap.m.Input{\"path\":\"\",\"propertyPath\":\"/SHIP_POINT\",\"modelName\":\"NewYardModel\"}"}]}
RESULT: undefined
COMMAND: POST /session/276af0ab14c8f1c47b44a918c5eb4f66/execute/async - {"script":"<script> [776 bytes]","args":[{"enterText":"1710","selector":{"controlType":"sap.m.Input","viewName":"etm.portal.ui.manageyards.view.New","viewId":"application-manageyards-display-component---NewYard","bindingPath":{"path":"","propertyPath":"/SHIP_POINT","modelName":"NewYardModel"},"interaction":{"idSuffix":"inner"}},"clearTextFirst":true,"interactionType":"ENTER_TEXT"}]}
RESULT: {"script":"<script> [776 bytes]","args":[{"enterText":"1710","selector":{"controlType":"sap.m.Input","viewName":"etm.portal.ui.manageyards.view.New","viewId":"application-manageyards-display-component---NewYard","bindingPath":{"path":"","propertyPath":"/SHIP_POINT","modelName":"NewYardModel"},"interaction":{"idSuffix":"inner"}},"clearTextFirst":true,"interactionType":"ENTER_TEXT"}]}
COMMAND: POST /session/276af0ab14c8f1c47b44a918c5eb4f66/execute/async - {"script":"<script> [1562 bytes]","args":[{"selector":{"controlType":"sap.m.Input","viewName":"etm.portal.ui.manageyards.view.New","viewId":"application-manageyards-display-component---NewYard","bindingPath":{"path":"","propertyPath":"/DELIVERY_TYPE","modelName":"NewYardModel"},"interaction":{"idSuffix":"inner"}},"wdio_ui5_key":"etmportal.ui.manageyards.view.Newsap.m.Input{\"path\":\"\",\"propertyPath\":\"/DELIVERY_TYPE\",\"modelName\":\"NewYardModel\"}"}]}
RESULT: {"script":"<script> [1562 bytes]","args":[{"selector":{"controlType":"sap.m.Input","viewName":"etm.portal.ui.manageyards.view.New","viewId":"application-manageyards-display-component---NewYard","bindingPath":{"path":"","propertyPath":"/DELIVERY_TYPE","modelName":"NewYardModel"},"interaction":{"idSuffix":"inner"}},"wdio_ui5_key":"etmportal.ui.manageyards.view.Newsap.m.Input{\"path\":\"\",\"propertyPath\":\"/DELIVERY_TYPE\",\"modelName\":\"NewYardModel\"}"}]}
RESULT: undefined
COMMAND: POST /session/276af0ab14c8f1c47b44a918c5eb4f66/execute/async - {"script":"<script> [776 bytes]","args":[{"enterText":"ZL01","selector":{"controlType":"sap.m.Input","viewName":"etm.portal.ui.manageyards.view.New","viewId":"application-manageyards-display-component---NewYard","bindingPath":{"path":"","propertyPath":"/DELIVERY_TYPE","modelName":"NewYardModel"},"interaction":{"idSuffix":"inner"}},"clearTextFirst":true,"interactionType":"ENTER_TEXT"}]}
RESULT: {"script":"<script> [776 bytes]","args":[{"enterText":"ZL01","selector":{"controlType":"sap.m.Input","viewName":"etm.portal.ui.manageyards.view.New","viewId":"application-manageyards-display-component---NewYard","bindingPath":{"path":"","propertyPath":"/DELIVERY_TYPE","modelName":"NewYardModel"},"interaction":{"idSuffix":"inner"}},"clearTextFirst":true,"interactionType":"ENTER_TEXT"}]}
COMMAND: POST /session/276af0ab14c8f1c47b44a918c5eb4f66/execute/async - {"script":"<script> [1562 bytes]","args":[{"selector":{"controlType":"sap.m.Input","viewName":"etm.portal.ui.manageyards.view.New","viewId":"application-manageyards-display-component---NewYard","bindingPath":{"path":"","propertyPath":"/AUART","modelName":"NewYardModel"},"interaction":{"idSuffix":"inner"}},"wdio_ui5_key":"etmportal.ui.manageyards.view.Newsap.m.Input{\"path\":\"\",\"propertyPath\":\"/AUART\",\"modelName\":\"NewYardModel\"}"}]}
RESULT: {"script":"<script> [1562 bytes]","args":[{"selector":{"controlType":"sap.m.Input","viewName":"etm.portal.ui.manageyards.view.New","viewId":"application-manageyards-display-component---NewYard","bindingPath":{"path":"","propertyPath":"/AUART","modelName":"NewYardModel"},"interaction":{"idSuffix":"inner"}},"wdio_ui5_key":"etmportal.ui.manageyards.view.Newsap.m.Input{\"path\":\"\",\"propertyPath\":\"/AUART\",\"modelName\":\"NewYardModel\"}"}]}
RESULT: undefined
COMMAND: POST /session/276af0ab14c8f1c47b44a918c5eb4f66/execute/async - {"script":"<script> [776 bytes]","args":[{"enterText":"TA","selector":{"controlType":"sap.m.Input","viewName":"etm.portal.ui.manageyards.view.New","viewId":"application-manageyards-display-component---NewYard","bindingPath":{"path":"","propertyPath":"/AUART","modelName":"NewYardModel"},"interaction":{"idSuffix":"inner"}},"clearTextFirst":true,"interactionType":"ENTER_TEXT"}]}
RESULT: {"script":"<script> [776 bytes]","args":[{"enterText":"TA","selector":{"controlType":"sap.m.Input","viewName":"etm.portal.ui.manageyards.view.New","viewId":"application-manageyards-display-component---NewYard","bindingPath":{"path":"","propertyPath":"/AUART","modelName":"NewYardModel"},"interaction":{"idSuffix":"inner"}},"clearTextFirst":true,"interactionType":"ENTER_TEXT"}]}
COMMAND: POST /session/276af0ab14c8f1c47b44a918c5eb4f66/element - {"using":"xpath","value":"//button[@data-kt=\"newYardSaveButton\"]"}
RESULT: {"using":"xpath","value":"//button[@data-kt=\"newYardSaveButton\"]"}
COMMAND: POST /session/276af0ab14c8f1c47b44a918c5eb4f66/element/f.5C77A6788F2F180DC89ED0F4DCB2CDCA.d.211ACC915FC816F61604A6C21BD5F976.e.719/click - {}
RESULT: {}
COMMAND: GET /session/276af0ab14c8f1c47b44a918c5eb4f66/screenshot - {}
RESULT: {}
COMMAND: POST /session/276af0ab14c8f1c47b44a918c5eb4f66/element - {"using":"xpath","value":"//header[contains(@id, 'ObjectPageLayout-headerTitle')]/div[1]/div[2]/div[1]/span[1]"}
RESULT: {"using":"xpath","value":"//header[contains(@id, 'ObjectPageLayout-headerTitle')]/div[1]/div[2]/div[1]/span[1]"}
COMMAND: POST /session/276af0ab14c8f1c47b44a918c5eb4f66/elements - {"using":"xpath","value":"//header[contains(@id, 'ObjectPageLayout-headerTitle')]/div[1]/div[2]/div[1]/span[1]"}
RESULT: {"using":"xpath","value":"//header[contains(@id, 'ObjectPageLayout-headerTitle')]/div[1]/div[2]/div[1]/span[1]"}
COMMAND: POST /session/276af0ab14c8f1c47b44a918c5eb4f66/execute/sync - {"script":"<script> [56 bytes]","args":[{"element-6066-11e4-a52e-4f735466cecf":"f.5C77A6788F2F180DC89ED0F4DCB2CDCA.d.211ACC915FC816F61604A6C21BD5F976.e.987","ELEMENT":"f.5C77A6788F2F180DC89ED0F4DCB2CDCA.d.211ACC915FC816F61604A6C21BD5F976.e.987"}]}
RESULT: {"script":"<script> [56 bytes]","args":[{"element-6066-11e4-a52e-4f735466cecf":"f.5C77A6788F2F180DC89ED0F4DCB2CDCA.d.211ACC915FC816F61604A6C21BD5F976.e.987","ELEMENT":"f.5C77A6788F2F180DC89ED0F4DCB2CDCA.d.211ACC915FC816F61604A6C21BD5F976.e.987"}]}
COMMAND: GET /session/276af0ab14c8f1c47b44a918c5eb4f66/screenshot - {}
RESULT: {}
COMMAND: POST /session/276af0ab14c8f1c47b44a918c5eb4f66/element - {"using":"css selector","value":"#shell-header-logo"}
RESULT: {"using":"css selector","value":"#shell-header-logo"}
COMMAND: POST /session/276af0ab14c8f1c47b44a918c5eb4f66/element/f.5C77A6788F2F180DC89ED0F4DCB2CDCA.d.211ACC915FC816F61604A6C21BD5F976.e.257/click - {}
RESULT: {}
COMMAND: GET /session/276af0ab14c8f1c47b44a918c5eb4f66/screenshot - {}
RESULT: {}
]]></system-out>
    </testcase>
    <testcase classname="chrome.135_0_7049_42.windows.Partner_specific_tests_US150819_US151080_US151654_US151176_US103444_US151078_US151079_US151109_US151174_US151175_US151189" name="Should create new external partner US150819" time="113.462">
      <system-out><![CDATA[
COMMAND: POST /session/276af0ab14c8f1c47b44a918c5eb4f66/element - {"using":"xpath","value":"//li[.//span[text()=\"Manage Partners\"]]"}
RESULT: {"using":"xpath","value":"//li[.//span[text()=\"Manage Partners\"]]"}
COMMAND: POST /session/276af0ab14c8f1c47b44a918c5eb4f66/element - {"using":"xpath","value":"//li[.//span[text()=\"Manage Partners\"]]"}
RESULT: {"using":"xpath","value":"//li[.//span[text()=\"Manage Partners\"]]"}
COMMAND: POST /session/276af0ab14c8f1c47b44a918c5eb4f66/element - {"using":"css selector","value":"#shell-header-logo"}
RESULT: {"using":"css selector","value":"#shell-header-logo"}
COMMAND: POST /session/276af0ab14c8f1c47b44a918c5eb4f66/element/f.5C77A6788F2F180DC89ED0F4DCB2CDCA.d.211ACC915FC816F61604A6C21BD5F976.e.989/click - {}
COMMAND: POST /session/276af0ab14c8f1c47b44a918c5eb4f66/execute/sync - {"script":"<script> [8489 bytes]","args":[{"element-6066-11e4-a52e-4f735466cecf":"f.5C77A6788F2F180DC89ED0F4DCB2CDCA.d.211ACC915FC816F61604A6C21BD5F976.e.989","ELEMENT":"f.5C77A6788F2F180DC89ED0F4DCB2CDCA.d.211ACC915FC816F61604A6C21BD5F976.e.989"}]}
RESULT: {}
COMMAND: GET /session/276af0ab14c8f1c47b44a918c5eb4f66/screenshot - {}
RESULT: {"script":"<script> [8489 bytes]","args":[{"element-6066-11e4-a52e-4f735466cecf":"f.5C77A6788F2F180DC89ED0F4DCB2CDCA.d.211ACC915FC816F61604A6C21BD5F976.e.989","ELEMENT":"f.5C77A6788F2F180DC89ED0F4DCB2CDCA.d.211ACC915FC816F61604A6C21BD5F976.e.989"}]}
COMMAND: POST /session/276af0ab14c8f1c47b44a918c5eb4f66/execute/sync - {"script":"<script> [5351 bytes]","args":[{"element-6066-11e4-a52e-4f735466cecf":"f.5C77A6788F2F180DC89ED0F4DCB2CDCA.d.211ACC915FC816F61604A6C21BD5F976.e.989","ELEMENT":"f.5C77A6788F2F180DC89ED0F4DCB2CDCA.d.211ACC915FC816F61604A6C21BD5F976.e.989"}]}
COMMAND: GET /session/276af0ab14c8f1c47b44a918c5eb4f66/screenshot - {}
RESULT: {}
RESULT: {"script":"<script> [5351 bytes]","args":[{"element-6066-11e4-a52e-4f735466cecf":"f.5C77A6788F2F180DC89ED0F4DCB2CDCA.d.211ACC915FC816F61604A6C21BD5F976.e.989","ELEMENT":"f.5C77A6788F2F180DC89ED0F4DCB2CDCA.d.211ACC915FC816F61604A6C21BD5F976.e.989"}]}
COMMAND: GET /session/276af0ab14c8f1c47b44a918c5eb4f66/screenshot - {}
RESULT: {}
RESULT: {}
COMMAND: POST /session/276af0ab14c8f1c47b44a918c5eb4f66/window/fullscreen - {}
RESULT: {}
COMMAND: POST /session/276af0ab14c8f1c47b44a918c5eb4f66/execute/async - {"script":"<script> [1562 bytes]","args":[{"selector":{"controlType":"sap.m.GenericTile","properties":{"header":"Manage Partners"}},"wdio_ui5_key":"sapm.GenericTile{\"header\":\"Manage Partners\"}"}]}
RESULT: {"script":"<script> [1562 bytes]","args":[{"selector":{"controlType":"sap.m.GenericTile","properties":{"header":"Manage Partners"}},"wdio_ui5_key":"sapm.GenericTile{\"header\":\"Manage Partners\"}"}]}
RESULT: undefined
COMMAND: POST /session/276af0ab14c8f1c47b44a918c5eb4f66/element - {"using":"xpath","value":"//*[@id=\"__tile38\"]"}
RESULT: {"using":"xpath","value":"//*[@id=\"__tile38\"]"}
COMMAND: POST /session/276af0ab14c8f1c47b44a918c5eb4f66/element/f.5C77A6788F2F180DC89ED0F4DCB2CDCA.d.211ACC915FC816F61604A6C21BD5F976.e.148/click - {}
RESULT: {}
COMMAND: POST /session/276af0ab14c8f1c47b44a918c5eb4f66/element - {"using":"xpath","value":"//button[@data-kt=\"addButton\"]"}
COMMAND: GET /session/276af0ab14c8f1c47b44a918c5eb4f66/screenshot - {}
RESULT: {"using":"xpath","value":"//button[@data-kt=\"addButton\"]"}
COMMAND: POST /session/276af0ab14c8f1c47b44a918c5eb4f66/elements - {"using":"xpath","value":"//button[@data-kt=\"addButton\"]"}
RESULT: {}
RESULT: {"using":"xpath","value":"//button[@data-kt=\"addButton\"]"}
COMMAND: POST /session/276af0ab14c8f1c47b44a918c5eb4f66/elements - {"using":"xpath","value":"//button[@data-kt=\"addButton\"]"}
RESULT: {"using":"xpath","value":"//button[@data-kt=\"addButton\"]"}
COMMAND: POST /session/276af0ab14c8f1c47b44a918c5eb4f66/elements - {"using":"xpath","value":"//button[@data-kt=\"addButton\"]"}
RESULT: {"using":"xpath","value":"//button[@data-kt=\"addButton\"]"}
COMMAND: POST /session/276af0ab14c8f1c47b44a918c5eb4f66/elements - {"using":"xpath","value":"//button[@data-kt=\"addButton\"]"}
RESULT: {"using":"xpath","value":"//button[@data-kt=\"addButton\"]"}
COMMAND: POST /session/276af0ab14c8f1c47b44a918c5eb4f66/elements - {"using":"xpath","value":"//button[@data-kt=\"addButton\"]"}
RESULT: {"using":"xpath","value":"//button[@data-kt=\"addButton\"]"}
COMMAND: POST /session/276af0ab14c8f1c47b44a918c5eb4f66/elements - {"using":"xpath","value":"//button[@data-kt=\"addButton\"]"}
RESULT: {"using":"xpath","value":"//button[@data-kt=\"addButton\"]"}
COMMAND: POST /session/276af0ab14c8f1c47b44a918c5eb4f66/elements - {"using":"xpath","value":"//button[@data-kt=\"addButton\"]"}
RESULT: {"using":"xpath","value":"//button[@data-kt=\"addButton\"]"}
COMMAND: POST /session/276af0ab14c8f1c47b44a918c5eb4f66/elements - {"using":"xpath","value":"//button[@data-kt=\"addButton\"]"}
RESULT: {"using":"xpath","value":"//button[@data-kt=\"addButton\"]"}
COMMAND: POST /session/276af0ab14c8f1c47b44a918c5eb4f66/elements - {"using":"xpath","value":"//button[@data-kt=\"addButton\"]"}
RESULT: {"using":"xpath","value":"//button[@data-kt=\"addButton\"]"}
COMMAND: POST /session/276af0ab14c8f1c47b44a918c5eb4f66/elements - {"using":"xpath","value":"//button[@data-kt=\"addButton\"]"}
RESULT: {"using":"xpath","value":"//button[@data-kt=\"addButton\"]"}
COMMAND: POST /session/276af0ab14c8f1c47b44a918c5eb4f66/elements - {"using":"xpath","value":"//button[@data-kt=\"addButton\"]"}
RESULT: {"using":"xpath","value":"//button[@data-kt=\"addButton\"]"}
COMMAND: POST /session/276af0ab14c8f1c47b44a918c5eb4f66/elements - {"using":"xpath","value":"//button[@data-kt=\"addButton\"]"}
RESULT: {"using":"xpath","value":"//button[@data-kt=\"addButton\"]"}
COMMAND: POST /session/276af0ab14c8f1c47b44a918c5eb4f66/elements - {"using":"xpath","value":"//button[@data-kt=\"addButton\"]"}
RESULT: {"using":"xpath","value":"//button[@data-kt=\"addButton\"]"}
COMMAND: POST /session/276af0ab14c8f1c47b44a918c5eb4f66/elements - {"using":"xpath","value":"//button[@data-kt=\"addButton\"]"}
RESULT: {"using":"xpath","value":"//button[@data-kt=\"addButton\"]"}
COMMAND: POST /session/276af0ab14c8f1c47b44a918c5eb4f66/elements - {"using":"xpath","value":"//button[@data-kt=\"addButton\"]"}
RESULT: {"using":"xpath","value":"//button[@data-kt=\"addButton\"]"}
COMMAND: POST /session/276af0ab14c8f1c47b44a918c5eb4f66/elements - {"using":"xpath","value":"//button[@data-kt=\"addButton\"]"}
RESULT: {"using":"xpath","value":"//button[@data-kt=\"addButton\"]"}
COMMAND: POST /session/276af0ab14c8f1c47b44a918c5eb4f66/elements - {"using":"xpath","value":"//button[@data-kt=\"addButton\"]"}
RESULT: {"using":"xpath","value":"//button[@data-kt=\"addButton\"]"}
COMMAND: POST /session/276af0ab14c8f1c47b44a918c5eb4f66/elements - {"using":"xpath","value":"//button[@data-kt=\"addButton\"]"}
RESULT: {"using":"xpath","value":"//button[@data-kt=\"addButton\"]"}
COMMAND: POST /session/276af0ab14c8f1c47b44a918c5eb4f66/elements - {"using":"xpath","value":"//button[@data-kt=\"addButton\"]"}
RESULT: {"using":"xpath","value":"//button[@data-kt=\"addButton\"]"}
COMMAND: POST /session/276af0ab14c8f1c47b44a918c5eb4f66/elements - {"using":"xpath","value":"//button[@data-kt=\"addButton\"]"}
RESULT: {"using":"xpath","value":"//button[@data-kt=\"addButton\"]"}
COMMAND: POST /session/276af0ab14c8f1c47b44a918c5eb4f66/element - {"using":"xpath","value":"//button[@data-kt=\"addButton\"]"}
RESULT: {"using":"xpath","value":"//button[@data-kt=\"addButton\"]"}
COMMAND: POST /session/276af0ab14c8f1c47b44a918c5eb4f66/execute/sync - {"script":"<script> [8489 bytes]","args":[{"element-6066-11e4-a52e-4f735466cecf":"f.5C77A6788F2F180DC89ED0F4DCB2CDCA.d.211ACC915FC816F61604A6C21BD5F976.e.1035","ELEMENT":"f.5C77A6788F2F180DC89ED0F4DCB2CDCA.d.211ACC915FC816F61604A6C21BD5F976.e.1035"}]}
RESULT: {"script":"<script> [8489 bytes]","args":[{"element-6066-11e4-a52e-4f735466cecf":"f.5C77A6788F2F180DC89ED0F4DCB2CDCA.d.211ACC915FC816F61604A6C21BD5F976.e.1035","ELEMENT":"f.5C77A6788F2F180DC89ED0F4DCB2CDCA.d.211ACC915FC816F61604A6C21BD5F976.e.1035"}]}
COMMAND: GET /session/276af0ab14c8f1c47b44a918c5eb4f66/element/f.5C77A6788F2F180DC89ED0F4DCB2CDCA.d.211ACC915FC816F61604A6C21BD5F976.e.1035/enabled - {}
COMMAND: GET /session/276af0ab14c8f1c47b44a918c5eb4f66/screenshot - {}
RESULT: {}
COMMAND: POST /session/276af0ab14c8f1c47b44a918c5eb4f66/execute/sync - {"script":"<script> [8489 bytes]","args":[{"element-6066-11e4-a52e-4f735466cecf":"f.5C77A6788F2F180DC89ED0F4DCB2CDCA.d.211ACC915FC816F61604A6C21BD5F976.e.1035","ELEMENT":"f.5C77A6788F2F180DC89ED0F4DCB2CDCA.d.211ACC915FC816F61604A6C21BD5F976.e.1035"}]}
COMMAND: GET /session/276af0ab14c8f1c47b44a918c5eb4f66/screenshot - {}
RESULT: {}
RESULT: {"script":"<script> [8489 bytes]","args":[{"element-6066-11e4-a52e-4f735466cecf":"f.5C77A6788F2F180DC89ED0F4DCB2CDCA.d.211ACC915FC816F61604A6C21BD5F976.e.1035","ELEMENT":"f.5C77A6788F2F180DC89ED0F4DCB2CDCA.d.211ACC915FC816F61604A6C21BD5F976.e.1035"}]}
COMMAND: POST /session/276af0ab14c8f1c47b44a918c5eb4f66/execute/sync - {"script":"<script> [5351 bytes]","args":[{"element-6066-11e4-a52e-4f735466cecf":"f.5C77A6788F2F180DC89ED0F4DCB2CDCA.d.211ACC915FC816F61604A6C21BD5F976.e.1035","ELEMENT":"f.5C77A6788F2F180DC89ED0F4DCB2CDCA.d.211ACC915FC816F61604A6C21BD5F976.e.1035"}]}
COMMAND: GET /session/276af0ab14c8f1c47b44a918c5eb4f66/screenshot - {}
RESULT: {}
RESULT: {"script":"<script> [5351 bytes]","args":[{"element-6066-11e4-a52e-4f735466cecf":"f.5C77A6788F2F180DC89ED0F4DCB2CDCA.d.211ACC915FC816F61604A6C21BD5F976.e.1035","ELEMENT":"f.5C77A6788F2F180DC89ED0F4DCB2CDCA.d.211ACC915FC816F61604A6C21BD5F976.e.1035"}]}
COMMAND: POST /session/276af0ab14c8f1c47b44a918c5eb4f66/element/f.5C77A6788F2F180DC89ED0F4DCB2CDCA.d.211ACC915FC816F61604A6C21BD5F976.e.1035/click - {}
COMMAND: GET /session/276af0ab14c8f1c47b44a918c5eb4f66/screenshot - {}
RESULT: {}
RESULT: {}
COMMAND: GET /session/276af0ab14c8f1c47b44a918c5eb4f66/screenshot - {}
RESULT: {}
COMMAND: POST /session/276af0ab14c8f1c47b44a918c5eb4f66/execute/async - {"script":"<script> [1562 bytes]","args":[{"selector":{"id":"application-managepartners-display-component---NewPartner--addressDetailDetailsName1","interaction":{"idSuffix":"inner"}},"wdio_ui5_key":"applicationmanagepartners-display-component---NewPartner--addressDetailDetailsName1"}]}
RESULT: {}
RESULT: {"script":"<script> [1562 bytes]","args":[{"selector":{"id":"application-managepartners-display-component---NewPartner--addressDetailDetailsName1","interaction":{"idSuffix":"inner"}},"wdio_ui5_key":"applicationmanagepartners-display-component---NewPartner--addressDetailDetailsName1"}]}
RESULT: undefined
COMMAND: POST /session/276af0ab14c8f1c47b44a918c5eb4f66/execute/async - {"script":"<script> [776 bytes]","args":[{"enterText":"External Partner WDIO","selector":{"id":"application-managepartners-display-component---NewPartner--addressDetailDetailsName1","interaction":{"idSuffix":"inner"}},"clearTextFirst":true,"interactionType":"ENTER_TEXT"}]}
RESULT: {"script":"<script> [776 bytes]","args":[{"enterText":"External Partner WDIO","selector":{"id":"application-managepartners-display-component---NewPartner--addressDetailDetailsName1","interaction":{"idSuffix":"inner"}},"clearTextFirst":true,"interactionType":"ENTER_TEXT"}]}
COMMAND: POST /session/276af0ab14c8f1c47b44a918c5eb4f66/execute/async - {"script":"<script> [1562 bytes]","args":[{"selector":{"id":"application-managepartners-display-component---NewPartner--addressDetailDetailsLanguage-arrow"},"wdio_ui5_key":"applicationmanagepartners-display-component---NewPartner--addressDetailDetailsLanguage-arrow"}]}
RESULT: {"script":"<script> [1562 bytes]","args":[{"selector":{"id":"application-managepartners-display-component---NewPartner--addressDetailDetailsLanguage-arrow"},"wdio_ui5_key":"applicationmanagepartners-display-component---NewPartner--addressDetailDetailsLanguage-arrow"}]}
RESULT: undefined
COMMAND: POST /session/276af0ab14c8f1c47b44a918c5eb4f66/element - {"using":"xpath","value":"//*[@id=\"application-managepartners-display-component---NewPartner--addressDetailDetailsLanguage-arrow\"]"}
RESULT: {"using":"xpath","value":"//*[@id=\"application-managepartners-display-component---NewPartner--addressDetailDetailsLanguage-arrow\"]"}
COMMAND: POST /session/276af0ab14c8f1c47b44a918c5eb4f66/element/f.5C77A6788F2F180DC89ED0F4DCB2CDCA.d.211ACC915FC816F61604A6C21BD5F976.e.1467/click - {}
RESULT: {}
COMMAND: POST /session/276af0ab14c8f1c47b44a918c5eb4f66/element - {"using":"xpath","value":"//span[contains(text(), \"English\")]"}
COMMAND: GET /session/276af0ab14c8f1c47b44a918c5eb4f66/screenshot - {}
RESULT: {"using":"xpath","value":"//span[contains(text(), \"English\")]"}
COMMAND: POST /session/276af0ab14c8f1c47b44a918c5eb4f66/element/f.5C77A6788F2F180DC89ED0F4DCB2CDCA.d.211ACC915FC816F61604A6C21BD5F976.e.1468/click - {}
RESULT: {}
RESULT: {}
COMMAND: GET /session/276af0ab14c8f1c47b44a918c5eb4f66/screenshot - {}
RESULT: {}
COMMAND: POST /session/276af0ab14c8f1c47b44a918c5eb4f66/execute/async - {"script":"<script> [1562 bytes]","args":[{"selector":{"id":"application-managepartners-display-component---NewPartner--addressDetailDetailsCity1","interaction":{"idSuffix":"inner"}},"wdio_ui5_key":"applicationmanagepartners-display-component---NewPartner--addressDetailDetailsCity1"}]}
RESULT: {"script":"<script> [1562 bytes]","args":[{"selector":{"id":"application-managepartners-display-component---NewPartner--addressDetailDetailsCity1","interaction":{"idSuffix":"inner"}},"wdio_ui5_key":"applicationmanagepartners-display-component---NewPartner--addressDetailDetailsCity1"}]}
RESULT: undefined
COMMAND: POST /session/276af0ab14c8f1c47b44a918c5eb4f66/execute/async - {"script":"<script> [776 bytes]","args":[{"enterText":"Rosario","selector":{"id":"application-managepartners-display-component---NewPartner--addressDetailDetailsCity1","interaction":{"idSuffix":"inner"}},"clearTextFirst":true,"interactionType":"ENTER_TEXT"}]}
RESULT: {"script":"<script> [776 bytes]","args":[{"enterText":"Rosario","selector":{"id":"application-managepartners-display-component---NewPartner--addressDetailDetailsCity1","interaction":{"idSuffix":"inner"}},"clearTextFirst":true,"interactionType":"ENTER_TEXT"}]}
COMMAND: POST /session/276af0ab14c8f1c47b44a918c5eb4f66/execute/async - {"script":"<script> [1562 bytes]","args":[{"selector":{"id":"application-managepartners-display-component---NewPartner--addressDetailDetailsCountry-arrow"},"wdio_ui5_key":"applicationmanagepartners-display-component---NewPartner--addressDetailDetailsCountry-arrow"}]}
RESULT: {"script":"<script> [1562 bytes]","args":[{"selector":{"id":"application-managepartners-display-component---NewPartner--addressDetailDetailsCountry-arrow"},"wdio_ui5_key":"applicationmanagepartners-display-component---NewPartner--addressDetailDetailsCountry-arrow"}]}
RESULT: undefined
COMMAND: POST /session/276af0ab14c8f1c47b44a918c5eb4f66/element - {"using":"xpath","value":"//*[@id=\"application-managepartners-display-component---NewPartner--addressDetailDetailsCountry-arrow\"]"}
RESULT: {"using":"xpath","value":"//*[@id=\"application-managepartners-display-component---NewPartner--addressDetailDetailsCountry-arrow\"]"}
COMMAND: POST /session/276af0ab14c8f1c47b44a918c5eb4f66/element/f.5C77A6788F2F180DC89ED0F4DCB2CDCA.d.211ACC915FC816F61604A6C21BD5F976.e.1456/click - {}
RESULT: {}
COMMAND: POST /session/276af0ab14c8f1c47b44a918c5eb4f66/element - {"using":"xpath","value":"//span[contains(text(), \"Argentina\")]"}
COMMAND: GET /session/276af0ab14c8f1c47b44a918c5eb4f66/screenshot - {}
RESULT: {"using":"xpath","value":"//span[contains(text(), \"Argentina\")]"}
COMMAND: POST /session/276af0ab14c8f1c47b44a918c5eb4f66/element/f.5C77A6788F2F180DC89ED0F4DCB2CDCA.d.211ACC915FC816F61604A6C21BD5F976.e.1470/click - {}
RESULT: {}
RESULT: {}
COMMAND: GET /session/276af0ab14c8f1c47b44a918c5eb4f66/screenshot - {}
RESULT: {}
COMMAND: POST /session/276af0ab14c8f1c47b44a918c5eb4f66/element - {"using":"xpath","value":"//bdi[contains(text(), \"Commercial\")]"}
RESULT: {"using":"xpath","value":"//bdi[contains(text(), \"Commercial\")]"}
COMMAND: POST /session/276af0ab14c8f1c47b44a918c5eb4f66/element/f.5C77A6788F2F180DC89ED0F4DCB2CDCA.d.211ACC915FC816F61604A6C21BD5F976.e.1471/click - {}
RESULT: {}
COMMAND: GET /session/276af0ab14c8f1c47b44a918c5eb4f66/screenshot - {}
RESULT: {}
COMMAND: POST /session/276af0ab14c8f1c47b44a918c5eb4f66/execute/async - {"script":"<script> [1562 bytes]","args":[{"selector":{"id":"application-managepartners-display-component---NewPartner--partnerDetailInternal-arrow"},"wdio_ui5_key":"applicationmanagepartners-display-component---NewPartner--partnerDetailInternal-arrow"}]}
RESULT: {"script":"<script> [1562 bytes]","args":[{"selector":{"id":"application-managepartners-display-component---NewPartner--partnerDetailInternal-arrow"},"wdio_ui5_key":"applicationmanagepartners-display-component---NewPartner--partnerDetailInternal-arrow"}]}
RESULT: undefined
COMMAND: POST /session/276af0ab14c8f1c47b44a918c5eb4f66/element - {"using":"xpath","value":"//*[@id=\"application-managepartners-display-component---NewPartner--partnerDetailInternal-arrow\"]"}
RESULT: {"using":"xpath","value":"//*[@id=\"application-managepartners-display-component---NewPartner--partnerDetailInternal-arrow\"]"}
COMMAND: POST /session/276af0ab14c8f1c47b44a918c5eb4f66/element/f.5C77A6788F2F180DC89ED0F4DCB2CDCA.d.211ACC915FC816F61604A6C21BD5F976.e.1477/click - {}
RESULT: {}
COMMAND: POST /session/276af0ab14c8f1c47b44a918c5eb4f66/element - {"using":"xpath","value":"//span[contains(text(), \"External partner\")]"}
COMMAND: GET /session/276af0ab14c8f1c47b44a918c5eb4f66/screenshot - {}
RESULT: {"using":"xpath","value":"//span[contains(text(), \"External partner\")]"}
COMMAND: POST /session/276af0ab14c8f1c47b44a918c5eb4f66/element/f.5C77A6788F2F180DC89ED0F4DCB2CDCA.d.211ACC915FC816F61604A6C21BD5F976.e.1480/click - {}
RESULT: {}
RESULT: {}
COMMAND: POST /session/276af0ab14c8f1c47b44a918c5eb4f66/execute/async - {"script":"<script> [1562 bytes]","args":[{"selector":{"id":"application-managepartners-display-component---NewPartner--partnerDetailsCurrency-arrow"},"wdio_ui5_key":"applicationmanagepartners-display-component---NewPartner--partnerDetailsCurrency-arrow"}]}
COMMAND: GET /session/276af0ab14c8f1c47b44a918c5eb4f66/screenshot - {}
RESULT: {"script":"<script> [1562 bytes]","args":[{"selector":{"id":"application-managepartners-display-component---NewPartner--partnerDetailsCurrency-arrow"},"wdio_ui5_key":"applicationmanagepartners-display-component---NewPartner--partnerDetailsCurrency-arrow"}]}
RESULT: undefined
COMMAND: POST /session/276af0ab14c8f1c47b44a918c5eb4f66/element - {"using":"xpath","value":"//*[@id=\"application-managepartners-display-component---NewPartner--partnerDetailsCurrency-arrow\"]"}
RESULT: {}
RESULT: {"using":"xpath","value":"//*[@id=\"application-managepartners-display-component---NewPartner--partnerDetailsCurrency-arrow\"]"}
COMMAND: POST /session/276af0ab14c8f1c47b44a918c5eb4f66/element/f.5C77A6788F2F180DC89ED0F4DCB2CDCA.d.211ACC915FC816F61604A6C21BD5F976.e.1485/click - {}
RESULT: {}
COMMAND: POST /session/276af0ab14c8f1c47b44a918c5eb4f66/element - {"using":"xpath","value":"//span[contains(text(), \"US Dollar\")]"}
COMMAND: GET /session/276af0ab14c8f1c47b44a918c5eb4f66/screenshot - {}
RESULT: {"using":"xpath","value":"//span[contains(text(), \"US Dollar\")]"}
COMMAND: POST /session/276af0ab14c8f1c47b44a918c5eb4f66/element/f.5C77A6788F2F180DC89ED0F4DCB2CDCA.d.211ACC915FC816F61604A6C21BD5F976.e.1486/click - {}
RESULT: {}
RESULT: {}
COMMAND: GET /session/276af0ab14c8f1c47b44a918c5eb4f66/screenshot - {}
RESULT: {}
COMMAND: POST /session/276af0ab14c8f1c47b44a918c5eb4f66/element - {"using":"xpath","value":"//input[@id=\"application-managepartners-display-component---NewPartner--companyCodeComboBox-inner\"]"}
RESULT: {"using":"xpath","value":"//input[@id=\"application-managepartners-display-component---NewPartner--companyCodeComboBox-inner\"]"}
COMMAND: POST /session/276af0ab14c8f1c47b44a918c5eb4f66/element/f.5C77A6788F2F180DC89ED0F4DCB2CDCA.d.211ACC915FC816F61604A6C21BD5F976.e.1335/clear - {}
RESULT: {}
COMMAND: POST /session/276af0ab14c8f1c47b44a918c5eb4f66/element/f.5C77A6788F2F180DC89ED0F4DCB2CDCA.d.211ACC915FC816F61604A6C21BD5F976.e.1335/value - {"text":"C002"}
COMMAND: GET /session/276af0ab14c8f1c47b44a918c5eb4f66/screenshot - {}
RESULT: {"text":"C002"}
COMMAND: GET /session/276af0ab14c8f1c47b44a918c5eb4f66/screenshot - {}
RESULT: {}
RESULT: {}
COMMAND: POST /session/276af0ab14c8f1c47b44a918c5eb4f66/element - {"using":"xpath","value":"//span[contains(text(), \"C002\")]"}
RESULT: {"using":"xpath","value":"//span[contains(text(), \"C002\")]"}
COMMAND: POST /session/276af0ab14c8f1c47b44a918c5eb4f66/element/f.5C77A6788F2F180DC89ED0F4DCB2CDCA.d.211ACC915FC816F61604A6C21BD5F976.e.1490/click - {}
RESULT: {}
COMMAND: GET /session/276af0ab14c8f1c47b44a918c5eb4f66/screenshot - {}
RESULT: {}
COMMAND: POST /session/276af0ab14c8f1c47b44a918c5eb4f66/execute/async - {"script":"<script> [1562 bytes]","args":[{"selector":{"id":"application-managepartners-display-component---NewPartner--btnAddTableRow-img"},"wdio_ui5_key":"applicationmanagepartners-display-component---NewPartner--btnAddTableRow-img"}]}
RESULT: {"script":"<script> [1562 bytes]","args":[{"selector":{"id":"application-managepartners-display-component---NewPartner--btnAddTableRow-img"},"wdio_ui5_key":"applicationmanagepartners-display-component---NewPartner--btnAddTableRow-img"}]}
RESULT: undefined
COMMAND: POST /session/276af0ab14c8f1c47b44a918c5eb4f66/element - {"using":"xpath","value":"//*[@id=\"application-managepartners-display-component---NewPartner--btnAddTableRow-img\"]"}
RESULT: {"using":"xpath","value":"//*[@id=\"application-managepartners-display-component---NewPartner--btnAddTableRow-img\"]"}
COMMAND: POST /session/276af0ab14c8f1c47b44a918c5eb4f66/element/f.5C77A6788F2F180DC89ED0F4DCB2CDCA.d.211ACC915FC816F61604A6C21BD5F976.e.1491/click - {}
RESULT: {}
COMMAND: GET /session/276af0ab14c8f1c47b44a918c5eb4f66/screenshot - {}
RESULT: {}
RESULT: undefined
RESULT: undefined
COMMAND: POST /session/276af0ab14c8f1c47b44a918c5eb4f66/element - {"using":"xpath","value":"//input[@id=\"application-managepartners-display-component---NewPartner--assignmentYard-application-managepartners-display-component---NewPartner--assignmentsTable-0-inner\"]"}
RESULT: {"using":"xpath","value":"//input[@id=\"application-managepartners-display-component---NewPartner--assignmentYard-application-managepartners-display-component---NewPartner--assignmentsTable-0-inner\"]"}
COMMAND: POST /session/276af0ab14c8f1c47b44a918c5eb4f66/element/f.5C77A6788F2F180DC89ED0F4DCB2CDCA.d.211ACC915FC816F61604A6C21BD5F976.e.1494/clear - {}
RESULT: {}
COMMAND: POST /session/276af0ab14c8f1c47b44a918c5eb4f66/element/f.5C77A6788F2F180DC89ED0F4DCB2CDCA.d.211ACC915FC816F61604A6C21BD5F976.e.1494/value - {"text":"372"}
COMMAND: GET /session/276af0ab14c8f1c47b44a918c5eb4f66/screenshot - {}
RESULT: {"text":"372"}
COMMAND: GET /session/276af0ab14c8f1c47b44a918c5eb4f66/screenshot - {}
RESULT: {}
RESULT: {}
COMMAND: POST /session/276af0ab14c8f1c47b44a918c5eb4f66/element - {"using":"xpath","value":"//li[.//span[text()='372']]"}
RESULT: {"using":"xpath","value":"//li[.//span[text()='372']]"}
COMMAND: POST /session/276af0ab14c8f1c47b44a918c5eb4f66/element/f.5C77A6788F2F180DC89ED0F4DCB2CDCA.d.211ACC915FC816F61604A6C21BD5F976.e.1502/click - {}
RESULT: {}
COMMAND: GET /session/276af0ab14c8f1c47b44a918c5eb4f66/screenshot - {}
RESULT: {}
COMMAND: POST /session/276af0ab14c8f1c47b44a918c5eb4f66/actions - {"actions":[{"id":"action2","type":"key","parameters":{},"actions":[{"type":"keyDown","value":""},{"type":"pause","duration":10},{"type":"keyUp","value":""}]}]}
RESULT: {"actions":[{"id":"action2","type":"key","parameters":{},"actions":[{"type":"keyDown","value":""},{"type":"pause","duration":10},{"type":"keyUp","value":""}]}]}
COMMAND: POST /session/276af0ab14c8f1c47b44a918c5eb4f66/element - {"using":"xpath","value":"//td[contains(@id, \"assignmentsTable-0-cell2\")]/div/div"}
COMMAND: GET /session/276af0ab14c8f1c47b44a918c5eb4f66/screenshot - {}
RESULT: {"using":"xpath","value":"//td[contains(@id, \"assignmentsTable-0-cell2\")]/div/div"}
COMMAND: POST /session/276af0ab14c8f1c47b44a918c5eb4f66/element/f.5C77A6788F2F180DC89ED0F4DCB2CDCA.d.211ACC915FC816F61604A6C21BD5F976.e.1505/click - {}
RESULT: {}
RESULT: {}
COMMAND: GET /session/276af0ab14c8f1c47b44a918c5eb4f66/screenshot - {}
RESULT: {}
COMMAND: POST /session/276af0ab14c8f1c47b44a918c5eb4f66/execute/async - {"script":"<script> [1562 bytes]","args":[{"selector":{"id":"application-managepartners-display-component---NewPartner--externalCustomerComboBox-application-managepartners-display-component---NewPartner--assignmentsTable-0-vhi"},"wdio_ui5_key":"applicationmanagepartners-display-component---NewPartner--externalCustomerComboBox-application-managepartners-display-component---NewPartner--assignmentsTable-0-vhi"}]}
RESULT: {"script":"<script> [1562 bytes]","args":[{"selector":{"id":"application-managepartners-display-component---NewPartner--externalCustomerComboBox-application-managepartners-display-component---NewPartner--assignmentsTable-0-vhi"},"wdio_ui5_key":"applicationmanagepartners-display-component---NewPartner--externalCustomerComboBox-application-managepartners-display-component---NewPartner--assignmentsTable-0-vhi"}]}
RESULT: undefined
COMMAND: POST /session/276af0ab14c8f1c47b44a918c5eb4f66/element - {"using":"xpath","value":"//*[@id=\"application-managepartners-display-component---NewPartner--externalCustomerComboBox-application-managepartners-display-component---NewPartner--assignmentsTable-0-vhi\"]"}
RESULT: {"using":"xpath","value":"//*[@id=\"application-managepartners-display-component---NewPartner--externalCustomerComboBox-application-managepartners-display-component---NewPartner--assignmentsTable-0-vhi\"]"}
COMMAND: POST /session/276af0ab14c8f1c47b44a918c5eb4f66/element/f.5C77A6788F2F180DC89ED0F4DCB2CDCA.d.211ACC915FC816F61604A6C21BD5F976.e.1506/click - {}
RESULT: {}
RESULT: undefined
COMMAND: POST /session/276af0ab14c8f1c47b44a918c5eb4f66/execute/async - {"script":"<script> [776 bytes]","args":[{"enterText":"300003","selector":{"controlType":"sap.m.SearchField","properties":{"placeholder":"Search"},"searchOpenDialogs":true,"interaction":{"idSuffix":"I"}},"clearTextFirst":true,"interactionType":"ENTER_TEXT"}]}
COMMAND: GET /session/276af0ab14c8f1c47b44a918c5eb4f66/screenshot - {}
RESULT: {"script":"<script> [776 bytes]","args":[{"enterText":"300003","selector":{"controlType":"sap.m.SearchField","properties":{"placeholder":"Search"},"searchOpenDialogs":true,"interaction":{"idSuffix":"I"}},"clearTextFirst":true,"interactionType":"ENTER_TEXT"}]}
COMMAND: POST /session/276af0ab14c8f1c47b44a918c5eb4f66/actions - {"actions":[{"id":"action3","type":"key","parameters":{},"actions":[{"type":"keyDown","value":""},{"type":"pause","duration":10},{"type":"keyUp","value":""}]}]}
RESULT: {}
RESULT: {"actions":[{"id":"action3","type":"key","parameters":{},"actions":[{"type":"keyDown","value":""},{"type":"pause","duration":10},{"type":"keyUp","value":""}]}]}
COMMAND: GET /session/276af0ab14c8f1c47b44a918c5eb4f66/screenshot - {}
RESULT: {}
COMMAND: POST /session/276af0ab14c8f1c47b44a918c5eb4f66/element - {"using":"xpath","value":"//span[contains(text(), \"300003\")]"}
RESULT: {"using":"xpath","value":"//span[contains(text(), \"300003\")]"}
COMMAND: POST /session/276af0ab14c8f1c47b44a918c5eb4f66/element/f.5C77A6788F2F180DC89ED0F4DCB2CDCA.d.211ACC915FC816F61604A6C21BD5F976.e.1523/click - {}
RESULT: {}
COMMAND: GET /session/276af0ab14c8f1c47b44a918c5eb4f66/screenshot - {}
RESULT: {}
COMMAND: POST /session/276af0ab14c8f1c47b44a918c5eb4f66/element - {"using":"xpath","value":"//bdi[contains(text(), \"OK\")]"}
RESULT: {"using":"xpath","value":"//bdi[contains(text(), \"OK\")]"}
COMMAND: POST /session/276af0ab14c8f1c47b44a918c5eb4f66/element/f.5C77A6788F2F180DC89ED0F4DCB2CDCA.d.211ACC915FC816F61604A6C21BD5F976.e.1525/click - {}
RESULT: {}
COMMAND: GET /session/276af0ab14c8f1c47b44a918c5eb4f66/screenshot - {}
RESULT: {}
COMMAND: POST /session/276af0ab14c8f1c47b44a918c5eb4f66/execute/async - {"script":"<script> [1562 bytes]","args":[{"selector":{"id":"application-managepartners-display-component---NewPartner--externalVendorComboBox-application-managepartners-display-component---NewPartner--assignmentsTable-0-vhi"},"wdio_ui5_key":"applicationmanagepartners-display-component---NewPartner--externalVendorComboBox-application-managepartners-display-component---NewPartner--assignmentsTable-0-vhi"}]}
RESULT: {"script":"<script> [1562 bytes]","args":[{"selector":{"id":"application-managepartners-display-component---NewPartner--externalVendorComboBox-application-managepartners-display-component---NewPartner--assignmentsTable-0-vhi"},"wdio_ui5_key":"applicationmanagepartners-display-component---NewPartner--externalVendorComboBox-application-managepartners-display-component---NewPartner--assignmentsTable-0-vhi"}]}
RESULT: undefined
COMMAND: POST /session/276af0ab14c8f1c47b44a918c5eb4f66/element - {"using":"xpath","value":"//*[@id=\"application-managepartners-display-component---NewPartner--externalVendorComboBox-application-managepartners-display-component---NewPartner--assignmentsTable-0-vhi\"]"}
RESULT: {"using":"xpath","value":"//*[@id=\"application-managepartners-display-component---NewPartner--externalVendorComboBox-application-managepartners-display-component---NewPartner--assignmentsTable-0-vhi\"]"}
COMMAND: POST /session/276af0ab14c8f1c47b44a918c5eb4f66/element/f.5C77A6788F2F180DC89ED0F4DCB2CDCA.d.211ACC915FC816F61604A6C21BD5F976.e.1528/click - {}
RESULT: {}
RESULT: undefined
COMMAND: POST /session/276af0ab14c8f1c47b44a918c5eb4f66/execute/async - {"script":"<script> [776 bytes]","args":[{"enterText":"100005","selector":{"controlType":"sap.m.SearchField","properties":{"placeholder":"Search"},"searchOpenDialogs":true,"interaction":{"idSuffix":"I"}},"clearTextFirst":true,"interactionType":"ENTER_TEXT"}]}
COMMAND: GET /session/276af0ab14c8f1c47b44a918c5eb4f66/screenshot - {}
RESULT: {"script":"<script> [776 bytes]","args":[{"enterText":"100005","selector":{"controlType":"sap.m.SearchField","properties":{"placeholder":"Search"},"searchOpenDialogs":true,"interaction":{"idSuffix":"I"}},"clearTextFirst":true,"interactionType":"ENTER_TEXT"}]}
COMMAND: POST /session/276af0ab14c8f1c47b44a918c5eb4f66/actions - {"actions":[{"id":"action4","type":"key","parameters":{},"actions":[{"type":"keyDown","value":""},{"type":"pause","duration":10},{"type":"keyUp","value":""}]}]}
RESULT: {}
RESULT: {"actions":[{"id":"action4","type":"key","parameters":{},"actions":[{"type":"keyDown","value":""},{"type":"pause","duration":10},{"type":"keyUp","value":""}]}]}
COMMAND: GET /session/276af0ab14c8f1c47b44a918c5eb4f66/screenshot - {}
RESULT: {}
COMMAND: POST /session/276af0ab14c8f1c47b44a918c5eb4f66/element - {"using":"xpath","value":"//span[contains(text(), \"Penguins - Field/12345 Berlin\")]"}
RESULT: {"using":"xpath","value":"//span[contains(text(), \"Penguins - Field/12345 Berlin\")]"}
COMMAND: POST /session/276af0ab14c8f1c47b44a918c5eb4f66/element/f.5C77A6788F2F180DC89ED0F4DCB2CDCA.d.211ACC915FC816F61604A6C21BD5F976.e.1545/click - {}
RESULT: {}
COMMAND: GET /session/276af0ab14c8f1c47b44a918c5eb4f66/screenshot - {}
RESULT: {}
COMMAND: POST /session/276af0ab14c8f1c47b44a918c5eb4f66/element - {"using":"xpath","value":"//bdi[contains(text(), \"OK\")]"}
RESULT: {"using":"xpath","value":"//bdi[contains(text(), \"OK\")]"}
COMMAND: POST /session/276af0ab14c8f1c47b44a918c5eb4f66/element/f.5C77A6788F2F180DC89ED0F4DCB2CDCA.d.211ACC915FC816F61604A6C21BD5F976.e.1546/click - {}
RESULT: {}
COMMAND: GET /session/276af0ab14c8f1c47b44a918c5eb4f66/screenshot - {}
RESULT: {}
COMMAND: POST /session/276af0ab14c8f1c47b44a918c5eb4f66/element - {"using":"xpath","value":"//button[@data-kt=\"saveButton\"]"}
RESULT: {"using":"xpath","value":"//button[@data-kt=\"saveButton\"]"}
COMMAND: POST /session/276af0ab14c8f1c47b44a918c5eb4f66/element/f.5C77A6788F2F180DC89ED0F4DCB2CDCA.d.211ACC915FC816F61604A6C21BD5F976.e.1406/click - {}
RESULT: {}
COMMAND: GET /session/276af0ab14c8f1c47b44a918c5eb4f66/screenshot - {}
RESULT: {}
RESULT: undefined
RESULT: undefined
COMMAND: POST /session/276af0ab14c8f1c47b44a918c5eb4f66/element - {"using":"xpath","value":"//header[contains(@id, 'ObjectPageLayout-headerTitle')]/div[1]/div[2]/div[2]/span[1]"}
RESULT: {"using":"xpath","value":"//header[contains(@id, 'ObjectPageLayout-headerTitle')]/div[1]/div[2]/div[2]/span[1]"}
COMMAND: POST /session/276af0ab14c8f1c47b44a918c5eb4f66/elements - {"using":"xpath","value":"//header[contains(@id, 'ObjectPageLayout-headerTitle')]/div[1]/div[2]/div[2]/span[1]"}
RESULT: {"using":"xpath","value":"//header[contains(@id, 'ObjectPageLayout-headerTitle')]/div[1]/div[2]/div[2]/span[1]"}
COMMAND: POST /session/276af0ab14c8f1c47b44a918c5eb4f66/execute/sync - {"script":"<script> [56 bytes]","args":[{"element-6066-11e4-a52e-4f735466cecf":"f.5C77A6788F2F180DC89ED0F4DCB2CDCA.d.211ACC915FC816F61604A6C21BD5F976.e.1707","ELEMENT":"f.5C77A6788F2F180DC89ED0F4DCB2CDCA.d.211ACC915FC816F61604A6C21BD5F976.e.1707"}]}
RESULT: {"script":"<script> [56 bytes]","args":[{"element-6066-11e4-a52e-4f735466cecf":"f.5C77A6788F2F180DC89ED0F4DCB2CDCA.d.211ACC915FC816F61604A6C21BD5F976.e.1707","ELEMENT":"f.5C77A6788F2F180DC89ED0F4DCB2CDCA.d.211ACC915FC816F61604A6C21BD5F976.e.1707"}]}
COMMAND: POST /session/276af0ab14c8f1c47b44a918c5eb4f66/element - {"using":"css selector","value":"#shell-header-logo"}
COMMAND: GET /session/276af0ab14c8f1c47b44a918c5eb4f66/screenshot - {}
RESULT: {"using":"css selector","value":"#shell-header-logo"}
COMMAND: POST /session/276af0ab14c8f1c47b44a918c5eb4f66/element/f.5C77A6788F2F180DC89ED0F4DCB2CDCA.d.211ACC915FC816F61604A6C21BD5F976.e.989/click - {}
RESULT: {}
RESULT: {}
COMMAND: GET /session/276af0ab14c8f1c47b44a918c5eb4f66/screenshot - {}
RESULT: {}
]]></system-out>
    </testcase>
    <testcase classname="chrome.135_0_7049_42.windows.Partner_specific_tests_US150819_US151080_US151654_US151176_US103444_US151078_US151079_US151109_US151174_US151175_US151189" name="Should filter and search partners US151080" time="87.084">
      <system-out><![CDATA[
COMMAND: POST /session/276af0ab14c8f1c47b44a918c5eb4f66/element - {"using":"xpath","value":"//li[.//span[text()=\"Manage Partners\"]]"}
RESULT: {"using":"xpath","value":"//li[.//span[text()=\"Manage Partners\"]]"}
COMMAND: POST /session/276af0ab14c8f1c47b44a918c5eb4f66/element - {"using":"xpath","value":"//li[.//span[text()=\"Manage Partners\"]]"}
RESULT: {"using":"xpath","value":"//li[.//span[text()=\"Manage Partners\"]]"}
COMMAND: POST /session/276af0ab14c8f1c47b44a918c5eb4f66/element - {"using":"css selector","value":"#shell-header-logo"}
RESULT: {"using":"css selector","value":"#shell-header-logo"}
COMMAND: POST /session/276af0ab14c8f1c47b44a918c5eb4f66/element/f.5C77A6788F2F180DC89ED0F4DCB2CDCA.d.211ACC915FC816F61604A6C21BD5F976.e.1709/click - {}
COMMAND: POST /session/276af0ab14c8f1c47b44a918c5eb4f66/execute/sync - {"script":"<script> [8489 bytes]","args":[{"element-6066-11e4-a52e-4f735466cecf":"f.5C77A6788F2F180DC89ED0F4DCB2CDCA.d.211ACC915FC816F61604A6C21BD5F976.e.1709","ELEMENT":"f.5C77A6788F2F180DC89ED0F4DCB2CDCA.d.211ACC915FC816F61604A6C21BD5F976.e.1709"}]}
RESULT: {}
COMMAND: GET /session/276af0ab14c8f1c47b44a918c5eb4f66/screenshot - {}
RESULT: {"script":"<script> [8489 bytes]","args":[{"element-6066-11e4-a52e-4f735466cecf":"f.5C77A6788F2F180DC89ED0F4DCB2CDCA.d.211ACC915FC816F61604A6C21BD5F976.e.1709","ELEMENT":"f.5C77A6788F2F180DC89ED0F4DCB2CDCA.d.211ACC915FC816F61604A6C21BD5F976.e.1709"}]}
COMMAND: POST /session/276af0ab14c8f1c47b44a918c5eb4f66/execute/sync - {"script":"<script> [5351 bytes]","args":[{"element-6066-11e4-a52e-4f735466cecf":"f.5C77A6788F2F180DC89ED0F4DCB2CDCA.d.211ACC915FC816F61604A6C21BD5F976.e.1709","ELEMENT":"f.5C77A6788F2F180DC89ED0F4DCB2CDCA.d.211ACC915FC816F61604A6C21BD5F976.e.1709"}]}
COMMAND: GET /session/276af0ab14c8f1c47b44a918c5eb4f66/screenshot - {}
RESULT: {}
RESULT: {"script":"<script> [5351 bytes]","args":[{"element-6066-11e4-a52e-4f735466cecf":"f.5C77A6788F2F180DC89ED0F4DCB2CDCA.d.211ACC915FC816F61604A6C21BD5F976.e.1709","ELEMENT":"f.5C77A6788F2F180DC89ED0F4DCB2CDCA.d.211ACC915FC816F61604A6C21BD5F976.e.1709"}]}
COMMAND: GET /session/276af0ab14c8f1c47b44a918c5eb4f66/screenshot - {}
RESULT: {}
RESULT: {}
RESULT: undefined
COMMAND: POST /session/276af0ab14c8f1c47b44a918c5eb4f66/element - {"using":"xpath","value":"//*[@id=\"__tile38\"]"}
RESULT: {"using":"xpath","value":"//*[@id=\"__tile38\"]"}
COMMAND: POST /session/276af0ab14c8f1c47b44a918c5eb4f66/element/f.5C77A6788F2F180DC89ED0F4DCB2CDCA.d.211ACC915FC816F61604A6C21BD5F976.e.148/click - {}
RESULT: {}
COMMAND: POST /session/276af0ab14c8f1c47b44a918c5eb4f66/element - {"using":"xpath","value":"//button[@data-kt=\"addButton\"]"}
COMMAND: GET /session/276af0ab14c8f1c47b44a918c5eb4f66/screenshot - {}
RESULT: {"using":"xpath","value":"//button[@data-kt=\"addButton\"]"}
COMMAND: POST /session/276af0ab14c8f1c47b44a918c5eb4f66/elements - {"using":"xpath","value":"//button[@data-kt=\"addButton\"]"}
RESULT: {}
RESULT: {"using":"xpath","value":"//button[@data-kt=\"addButton\"]"}
COMMAND: POST /session/276af0ab14c8f1c47b44a918c5eb4f66/elements - {"using":"xpath","value":"//button[@data-kt=\"addButton\"]"}
RESULT: {"using":"xpath","value":"//button[@data-kt=\"addButton\"]"}
COMMAND: POST /session/276af0ab14c8f1c47b44a918c5eb4f66/elements - {"using":"xpath","value":"//button[@data-kt=\"addButton\"]"}
RESULT: {"using":"xpath","value":"//button[@data-kt=\"addButton\"]"}
COMMAND: POST /session/276af0ab14c8f1c47b44a918c5eb4f66/elements - {"using":"xpath","value":"//button[@data-kt=\"addButton\"]"}
RESULT: {"using":"xpath","value":"//button[@data-kt=\"addButton\"]"}
COMMAND: POST /session/276af0ab14c8f1c47b44a918c5eb4f66/elements - {"using":"xpath","value":"//button[@data-kt=\"addButton\"]"}
RESULT: {"using":"xpath","value":"//button[@data-kt=\"addButton\"]"}
COMMAND: POST /session/276af0ab14c8f1c47b44a918c5eb4f66/elements - {"using":"xpath","value":"//button[@data-kt=\"addButton\"]"}
RESULT: {"using":"xpath","value":"//button[@data-kt=\"addButton\"]"}
COMMAND: POST /session/276af0ab14c8f1c47b44a918c5eb4f66/elements - {"using":"xpath","value":"//button[@data-kt=\"addButton\"]"}
RESULT: {"using":"xpath","value":"//button[@data-kt=\"addButton\"]"}
COMMAND: POST /session/276af0ab14c8f1c47b44a918c5eb4f66/elements - {"using":"xpath","value":"//button[@data-kt=\"addButton\"]"}
RESULT: {"using":"xpath","value":"//button[@data-kt=\"addButton\"]"}
COMMAND: POST /session/276af0ab14c8f1c47b44a918c5eb4f66/elements - {"using":"xpath","value":"//button[@data-kt=\"addButton\"]"}
RESULT: {"using":"xpath","value":"//button[@data-kt=\"addButton\"]"}
COMMAND: POST /session/276af0ab14c8f1c47b44a918c5eb4f66/elements - {"using":"xpath","value":"//button[@data-kt=\"addButton\"]"}
RESULT: {"using":"xpath","value":"//button[@data-kt=\"addButton\"]"}
COMMAND: POST /session/276af0ab14c8f1c47b44a918c5eb4f66/elements - {"using":"xpath","value":"//button[@data-kt=\"addButton\"]"}
RESULT: {"using":"xpath","value":"//button[@data-kt=\"addButton\"]"}
COMMAND: POST /session/276af0ab14c8f1c47b44a918c5eb4f66/element - {"using":"xpath","value":"//button[@data-kt=\"addButton\"]"}
RESULT: {"using":"xpath","value":"//button[@data-kt=\"addButton\"]"}
COMMAND: POST /session/276af0ab14c8f1c47b44a918c5eb4f66/execute/sync - {"script":"<script> [8489 bytes]","args":[{"element-6066-11e4-a52e-4f735466cecf":"f.5C77A6788F2F180DC89ED0F4DCB2CDCA.d.211ACC915FC816F61604A6C21BD5F976.e.1754","ELEMENT":"f.5C77A6788F2F180DC89ED0F4DCB2CDCA.d.211ACC915FC816F61604A6C21BD5F976.e.1754"}]}
RESULT: {"script":"<script> [8489 bytes]","args":[{"element-6066-11e4-a52e-4f735466cecf":"f.5C77A6788F2F180DC89ED0F4DCB2CDCA.d.211ACC915FC816F61604A6C21BD5F976.e.1754","ELEMENT":"f.5C77A6788F2F180DC89ED0F4DCB2CDCA.d.211ACC915FC816F61604A6C21BD5F976.e.1754"}]}
COMMAND: GET /session/276af0ab14c8f1c47b44a918c5eb4f66/element/f.5C77A6788F2F180DC89ED0F4DCB2CDCA.d.211ACC915FC816F61604A6C21BD5F976.e.1754/enabled - {}
COMMAND: GET /session/276af0ab14c8f1c47b44a918c5eb4f66/screenshot - {}
RESULT: {}
COMMAND: POST /session/276af0ab14c8f1c47b44a918c5eb4f66/execute/sync - {"script":"<script> [8489 bytes]","args":[{"element-6066-11e4-a52e-4f735466cecf":"f.5C77A6788F2F180DC89ED0F4DCB2CDCA.d.211ACC915FC816F61604A6C21BD5F976.e.1754","ELEMENT":"f.5C77A6788F2F180DC89ED0F4DCB2CDCA.d.211ACC915FC816F61604A6C21BD5F976.e.1754"}]}
COMMAND: GET /session/276af0ab14c8f1c47b44a918c5eb4f66/screenshot - {}
RESULT: {}
RESULT: {"script":"<script> [8489 bytes]","args":[{"element-6066-11e4-a52e-4f735466cecf":"f.5C77A6788F2F180DC89ED0F4DCB2CDCA.d.211ACC915FC816F61604A6C21BD5F976.e.1754","ELEMENT":"f.5C77A6788F2F180DC89ED0F4DCB2CDCA.d.211ACC915FC816F61604A6C21BD5F976.e.1754"}]}
COMMAND: POST /session/276af0ab14c8f1c47b44a918c5eb4f66/execute/sync - {"script":"<script> [5351 bytes]","args":[{"element-6066-11e4-a52e-4f735466cecf":"f.5C77A6788F2F180DC89ED0F4DCB2CDCA.d.211ACC915FC816F61604A6C21BD5F976.e.1754","ELEMENT":"f.5C77A6788F2F180DC89ED0F4DCB2CDCA.d.211ACC915FC816F61604A6C21BD5F976.e.1754"}]}
COMMAND: GET /session/276af0ab14c8f1c47b44a918c5eb4f66/screenshot - {}
RESULT: {}
RESULT: {"script":"<script> [5351 bytes]","args":[{"element-6066-11e4-a52e-4f735466cecf":"f.5C77A6788F2F180DC89ED0F4DCB2CDCA.d.211ACC915FC816F61604A6C21BD5F976.e.1754","ELEMENT":"f.5C77A6788F2F180DC89ED0F4DCB2CDCA.d.211ACC915FC816F61604A6C21BD5F976.e.1754"}]}
COMMAND: GET /session/276af0ab14c8f1c47b44a918c5eb4f66/screenshot - {}
RESULT: {}
RESULT: {}
COMMAND: POST /session/276af0ab14c8f1c47b44a918c5eb4f66/execute/async - {"script":"<script> [1562 bytes]","args":[{"selector":{"id":"application-managepartners-display-component---masterPtm--smartTable-btnPersonalisation-img"},"wdio_ui5_key":"applicationmanagepartners-display-component---masterPtm--smartTable-btnPersonalisation-img"}]}
RESULT: {"script":"<script> [1562 bytes]","args":[{"selector":{"id":"application-managepartners-display-component---masterPtm--smartTable-btnPersonalisation-img"},"wdio_ui5_key":"applicationmanagepartners-display-component---masterPtm--smartTable-btnPersonalisation-img"}]}
RESULT: undefined
COMMAND: POST /session/276af0ab14c8f1c47b44a918c5eb4f66/element - {"using":"xpath","value":"//*[@id=\"application-managepartners-display-component---masterPtm--smartTable-btnPersonalisation-img\"]"}
RESULT: {"using":"xpath","value":"//*[@id=\"application-managepartners-display-component---masterPtm--smartTable-btnPersonalisation-img\"]"}
COMMAND: POST /session/276af0ab14c8f1c47b44a918c5eb4f66/element/f.5C77A6788F2F180DC89ED0F4DCB2CDCA.d.211ACC915FC816F61604A6C21BD5F976.e.1759/click - {}
RESULT: {}
COMMAND: GET /session/276af0ab14c8f1c47b44a918c5eb4f66/screenshot - {}
RESULT: {}
COMMAND: POST /session/276af0ab14c8f1c47b44a918c5eb4f66/execute/async - {"script":"<script> [1562 bytes]","args":[{"selector":{"controlType":"sap.m.IconTabFilter","viewName":"etm.portal.ui.managepartners.view.Master","viewId":"application-managepartners-display-component---masterPtm","properties":{"text":"Sort"},"searchOpenDialogs":true,"interaction":{"idSuffix":"text"}},"wdio_ui5_key":"etmportal.ui.managepartners.view.Mastersap.m.IconTabFilter{\"text\":\"Sort\"}"}]}
RESULT: {"script":"<script> [1562 bytes]","args":[{"selector":{"controlType":"sap.m.IconTabFilter","viewName":"etm.portal.ui.managepartners.view.Master","viewId":"application-managepartners-display-component---masterPtm","properties":{"text":"Sort"},"searchOpenDialogs":true,"interaction":{"idSuffix":"text"}},"wdio_ui5_key":"etmportal.ui.managepartners.view.Mastersap.m.IconTabFilter{\"text\":\"Sort\"}"}]}
RESULT: undefined
COMMAND: POST /session/276af0ab14c8f1c47b44a918c5eb4f66/element - {"using":"xpath","value":"//*[@id=\"__filter1\"]"}
RESULT: {"using":"xpath","value":"//*[@id=\"__filter1\"]"}
COMMAND: POST /session/276af0ab14c8f1c47b44a918c5eb4f66/element/f.5C77A6788F2F180DC89ED0F4DCB2CDCA.d.211ACC915FC816F61604A6C21BD5F976.e.1898/click - {}
RESULT: {}
COMMAND: GET /session/276af0ab14c8f1c47b44a918c5eb4f66/screenshot - {}
RESULT: {}
COMMAND: POST /session/276af0ab14c8f1c47b44a918c5eb4f66/element - {"using":"xpath","value":"//input[@placeholder=\"Sort by\"]/following-sibling::div//span"}
RESULT: {"using":"xpath","value":"//input[@placeholder=\"Sort by\"]/following-sibling::div//span"}
COMMAND: POST /session/276af0ab14c8f1c47b44a918c5eb4f66/element/f.5C77A6788F2F180DC89ED0F4DCB2CDCA.d.211ACC915FC816F61604A6C21BD5F976.e.1900/click - {}
RESULT: {}
COMMAND: GET /session/276af0ab14c8f1c47b44a918c5eb4f66/screenshot - {}
RESULT: {}
COMMAND: POST /session/276af0ab14c8f1c47b44a918c5eb4f66/element - {"using":"xpath","value":"//li[.//span[text()=\"Language\"]]"}
RESULT: {"using":"xpath","value":"//li[.//span[text()=\"Language\"]]"}
COMMAND: POST /session/276af0ab14c8f1c47b44a918c5eb4f66/element/f.5C77A6788F2F180DC89ED0F4DCB2CDCA.d.211ACC915FC816F61604A6C21BD5F976.e.1901/click - {}
RESULT: {}
COMMAND: GET /session/276af0ab14c8f1c47b44a918c5eb4f66/screenshot - {}
RESULT: {}
COMMAND: POST /session/276af0ab14c8f1c47b44a918c5eb4f66/element - {"using":"xpath","value":"//bdi[contains(text(), \"OK\")]"}
RESULT: {"using":"xpath","value":"//bdi[contains(text(), \"OK\")]"}
COMMAND: POST /session/276af0ab14c8f1c47b44a918c5eb4f66/element/f.5C77A6788F2F180DC89ED0F4DCB2CDCA.d.211ACC915FC816F61604A6C21BD5F976.e.1905/click - {}
RESULT: {}
COMMAND: GET /session/276af0ab14c8f1c47b44a918c5eb4f66/screenshot - {}
RESULT: {}
COMMAND: POST /session/276af0ab14c8f1c47b44a918c5eb4f66/element - {"using":"xpath","value":"//table[contains(@id, \"customPartnersTable\")]//tbody/tr[1]/td[3]/span"}
RESULT: {"using":"xpath","value":"//table[contains(@id, \"customPartnersTable\")]//tbody/tr[1]/td[3]/span"}
COMMAND: POST /session/276af0ab14c8f1c47b44a918c5eb4f66/execute/sync - {"script":"<script> [56 bytes]","args":[{"element-6066-11e4-a52e-4f735466cecf":"f.5C77A6788F2F180DC89ED0F4DCB2CDCA.d.211ACC915FC816F61604A6C21BD5F976.e.2039","ELEMENT":"f.5C77A6788F2F180DC89ED0F4DCB2CDCA.d.211ACC915FC816F61604A6C21BD5F976.e.2039"}]}
RESULT: {"script":"<script> [56 bytes]","args":[{"element-6066-11e4-a52e-4f735466cecf":"f.5C77A6788F2F180DC89ED0F4DCB2CDCA.d.211ACC915FC816F61604A6C21BD5F976.e.2039","ELEMENT":"f.5C77A6788F2F180DC89ED0F4DCB2CDCA.d.211ACC915FC816F61604A6C21BD5F976.e.2039"}]}
RESULT: undefined
COMMAND: POST /session/276af0ab14c8f1c47b44a918c5eb4f66/element - {"using":"xpath","value":"//*[@id=\"application-managepartners-display-component---masterPtm--smartTable-btnPersonalisation-img\"]"}
COMMAND: GET /session/276af0ab14c8f1c47b44a918c5eb4f66/screenshot - {}
RESULT: {"using":"xpath","value":"//*[@id=\"application-managepartners-display-component---masterPtm--smartTable-btnPersonalisation-img\"]"}
COMMAND: POST /session/276af0ab14c8f1c47b44a918c5eb4f66/element/f.5C77A6788F2F180DC89ED0F4DCB2CDCA.d.211ACC915FC816F61604A6C21BD5F976.e.1759/click - {}
RESULT: {}
RESULT: {}
COMMAND: GET /session/276af0ab14c8f1c47b44a918c5eb4f66/screenshot - {}
RESULT: {}
COMMAND: POST /session/276af0ab14c8f1c47b44a918c5eb4f66/element - {"using":"xpath","value":"//bdi[contains(text(), \"Reset\")]"}
RESULT: {"using":"xpath","value":"//bdi[contains(text(), \"Reset\")]"}
COMMAND: POST /session/276af0ab14c8f1c47b44a918c5eb4f66/element/f.5C77A6788F2F180DC89ED0F4DCB2CDCA.d.211ACC915FC816F61604A6C21BD5F976.e.2044/click - {}
RESULT: {}
COMMAND: GET /session/276af0ab14c8f1c47b44a918c5eb4f66/screenshot - {}
RESULT: {}
COMMAND: POST /session/276af0ab14c8f1c47b44a918c5eb4f66/element - {"using":"xpath","value":"(//bdi[contains(text(), \"OK\")])[2]"}
RESULT: {"using":"xpath","value":"(//bdi[contains(text(), \"OK\")])[2]"}
COMMAND: POST /session/276af0ab14c8f1c47b44a918c5eb4f66/element/f.5C77A6788F2F180DC89ED0F4DCB2CDCA.d.211ACC915FC816F61604A6C21BD5F976.e.2047/click - {}
RESULT: {}
COMMAND: GET /session/276af0ab14c8f1c47b44a918c5eb4f66/screenshot - {}
RESULT: {}
COMMAND: POST /session/276af0ab14c8f1c47b44a918c5eb4f66/element - {"using":"xpath","value":"//bdi[contains(text(), \"OK\")]"}
RESULT: {"using":"xpath","value":"//bdi[contains(text(), \"OK\")]"}
COMMAND: POST /session/276af0ab14c8f1c47b44a918c5eb4f66/element/f.5C77A6788F2F180DC89ED0F4DCB2CDCA.d.211ACC915FC816F61604A6C21BD5F976.e.2104/click - {}
RESULT: {}
COMMAND: GET /session/276af0ab14c8f1c47b44a918c5eb4f66/screenshot - {}
RESULT: {}
COMMAND: POST /session/276af0ab14c8f1c47b44a918c5eb4f66/element - {"using":"xpath","value":"//table[contains(@id, \"customPartnersTable\")]//tbody/tr[1]/td[3]/span"}
RESULT: {"using":"xpath","value":"//table[contains(@id, \"customPartnersTable\")]//tbody/tr[1]/td[3]/span"}
COMMAND: POST /session/276af0ab14c8f1c47b44a918c5eb4f66/execute/sync - {"script":"<script> [56 bytes]","args":[{"element-6066-11e4-a52e-4f735466cecf":"f.5C77A6788F2F180DC89ED0F4DCB2CDCA.d.211ACC915FC816F61604A6C21BD5F976.e.2106","ELEMENT":"f.5C77A6788F2F180DC89ED0F4DCB2CDCA.d.211ACC915FC816F61604A6C21BD5F976.e.2106"}]}
RESULT: {"script":"<script> [56 bytes]","args":[{"element-6066-11e4-a52e-4f735466cecf":"f.5C77A6788F2F180DC89ED0F4DCB2CDCA.d.211ACC915FC816F61604A6C21BD5F976.e.2106","ELEMENT":"f.5C77A6788F2F180DC89ED0F4DCB2CDCA.d.211ACC915FC816F61604A6C21BD5F976.e.2106"}]}
RESULT: undefined
COMMAND: POST /session/276af0ab14c8f1c47b44a918c5eb4f66/element - {"using":"xpath","value":"//*[@id=\"application-managepartners-display-component---masterPtm--smartTable-btnPersonalisation-img\"]"}
COMMAND: GET /session/276af0ab14c8f1c47b44a918c5eb4f66/screenshot - {}
RESULT: {"using":"xpath","value":"//*[@id=\"application-managepartners-display-component---masterPtm--smartTable-btnPersonalisation-img\"]"}
COMMAND: POST /session/276af0ab14c8f1c47b44a918c5eb4f66/element/f.5C77A6788F2F180DC89ED0F4DCB2CDCA.d.211ACC915FC816F61604A6C21BD5F976.e.1759/click - {}
RESULT: {}
RESULT: {}
COMMAND: GET /session/276af0ab14c8f1c47b44a918c5eb4f66/screenshot - {}
RESULT: {}
COMMAND: POST /session/276af0ab14c8f1c47b44a918c5eb4f66/execute/async - {"script":"<script> [1562 bytes]","args":[{"selector":{"controlType":"sap.m.IconTabFilter","viewName":"etm.portal.ui.managepartners.view.Master","viewId":"application-managepartners-display-component---masterPtm","properties":{"text":"Filter"},"searchOpenDialogs":true,"interaction":{"idSuffix":"text"}},"wdio_ui5_key":"etmportal.ui.managepartners.view.Mastersap.m.IconTabFilter{\"text\":\"Filter\"}"}]}
RESULT: {"script":"<script> [1562 bytes]","args":[{"selector":{"controlType":"sap.m.IconTabFilter","viewName":"etm.portal.ui.managepartners.view.Master","viewId":"application-managepartners-display-component---masterPtm","properties":{"text":"Filter"},"searchOpenDialogs":true,"interaction":{"idSuffix":"text"}},"wdio_ui5_key":"etmportal.ui.managepartners.view.Mastersap.m.IconTabFilter{\"text\":\"Filter\"}"}]}
RESULT: undefined
COMMAND: POST /session/276af0ab14c8f1c47b44a918c5eb4f66/element - {"using":"xpath","value":"//*[@id=\"__filter10\"]"}
RESULT: {"using":"xpath","value":"//*[@id=\"__filter10\"]"}
COMMAND: POST /session/276af0ab14c8f1c47b44a918c5eb4f66/element/f.5C77A6788F2F180DC89ED0F4DCB2CDCA.d.211ACC915FC816F61604A6C21BD5F976.e.2110/click - {}
RESULT: {}
COMMAND: GET /session/276af0ab14c8f1c47b44a918c5eb4f66/screenshot - {}
RESULT: {}
COMMAND: POST /session/276af0ab14c8f1c47b44a918c5eb4f66/element - {"using":"xpath","value":"//input[@placeholder=\"Filter by\"]/following-sibling::div//span"}
RESULT: {"using":"xpath","value":"//input[@placeholder=\"Filter by\"]/following-sibling::div//span"}
COMMAND: POST /session/276af0ab14c8f1c47b44a918c5eb4f66/element/f.5C77A6788F2F180DC89ED0F4DCB2CDCA.d.211ACC915FC816F61604A6C21BD5F976.e.2113/click - {}
RESULT: {}
COMMAND: GET /session/276af0ab14c8f1c47b44a918c5eb4f66/screenshot - {}
RESULT: {}
COMMAND: POST /session/276af0ab14c8f1c47b44a918c5eb4f66/element - {"using":"xpath","value":"//li[.//span[text()=\"Preferred Yard\"]]"}
RESULT: {"using":"xpath","value":"//li[.//span[text()=\"Preferred Yard\"]]"}
COMMAND: POST /session/276af0ab14c8f1c47b44a918c5eb4f66/element/f.5C77A6788F2F180DC89ED0F4DCB2CDCA.d.211ACC915FC816F61604A6C21BD5F976.e.2114/click - {}
RESULT: {}
COMMAND: GET /session/276af0ab14c8f1c47b44a918c5eb4f66/screenshot - {}
RESULT: {}
COMMAND: POST /session/276af0ab14c8f1c47b44a918c5eb4f66/execute/async - {"script":"<script> [1562 bytes]","args":[{"selector":{"id":"FilterPanel-filterItemControl_BASIC-application-managepartners-display-component---masterPtm--smartTable-YARDYARD-vhi","searchOpenDialogs":true},"wdio_ui5_key":"FilterPanelfilterItemControl_BASIC-application-managepartners-display-component---masterPtm--smartTable-YARDYARD-vhi"}]}
RESULT: {"script":"<script> [1562 bytes]","args":[{"selector":{"id":"FilterPanel-filterItemControl_BASIC-application-managepartners-display-component---masterPtm--smartTable-YARDYARD-vhi","searchOpenDialogs":true},"wdio_ui5_key":"FilterPanelfilterItemControl_BASIC-application-managepartners-display-component---masterPtm--smartTable-YARDYARD-vhi"}]}
RESULT: undefined
COMMAND: POST /session/276af0ab14c8f1c47b44a918c5eb4f66/element - {"using":"xpath","value":"//*[@id=\"FilterPanel-filterItemControl_BASIC-application-managepartners-display-component---masterPtm--smartTable-YARDYARD-vhi\"]"}
RESULT: {"using":"xpath","value":"//*[@id=\"FilterPanel-filterItemControl_BASIC-application-managepartners-display-component---masterPtm--smartTable-YARDYARD-vhi\"]"}
COMMAND: POST /session/276af0ab14c8f1c47b44a918c5eb4f66/element/f.5C77A6788F2F180DC89ED0F4DCB2CDCA.d.211ACC915FC816F61604A6C21BD5F976.e.2117/click - {}
RESULT: {}
COMMAND: GET /session/276af0ab14c8f1c47b44a918c5eb4f66/screenshot - {}
RESULT: {}
COMMAND: POST /session/276af0ab14c8f1c47b44a918c5eb4f66/execute/async - {"script":"<script> [1562 bytes]","args":[{"selector":{"id":"FilterPanel-filterItemControl_BASIC-application-managepartners-display-component---masterPtm--smartTable-YARDYARD-valueHelpDialog-smartFilterBar-btnBasicSearch","searchOpenDialogs":true,"interaction":{"idSuffix":"I"}},"wdio_ui5_key":"FilterPanelfilterItemControl_BASIC-application-managepartners-display-component---masterPtm--smartTable-YARDYARD-valueHelpDialog-smartFilterBar-btnBasicSearch"}]}
RESULT: {"script":"<script> [1562 bytes]","args":[{"selector":{"id":"FilterPanel-filterItemControl_BASIC-application-managepartners-display-component---masterPtm--smartTable-YARDYARD-valueHelpDialog-smartFilterBar-btnBasicSearch","searchOpenDialogs":true,"interaction":{"idSuffix":"I"}},"wdio_ui5_key":"FilterPanelfilterItemControl_BASIC-application-managepartners-display-component---masterPtm--smartTable-YARDYARD-valueHelpDialog-smartFilterBar-btnBasicSearch"}]}
RESULT: undefined
COMMAND: POST /session/276af0ab14c8f1c47b44a918c5eb4f66/execute/async - {"script":"<script> [776 bytes]","args":[{"enterText":"372","selector":{"id":"FilterPanel-filterItemControl_BASIC-application-managepartners-display-component---masterPtm--smartTable-YARDYARD-valueHelpDialog-smartFilterBar-btnBasicSearch","searchOpenDialogs":true,"interaction":{"idSuffix":"I"}},"clearTextFirst":true,"interactionType":"ENTER_TEXT"}]}
RESULT: {"script":"<script> [776 bytes]","args":[{"enterText":"372","selector":{"id":"FilterPanel-filterItemControl_BASIC-application-managepartners-display-component---masterPtm--smartTable-YARDYARD-valueHelpDialog-smartFilterBar-btnBasicSearch","searchOpenDialogs":true,"interaction":{"idSuffix":"I"}},"clearTextFirst":true,"interactionType":"ENTER_TEXT"}]}
COMMAND: POST /session/276af0ab14c8f1c47b44a918c5eb4f66/actions - {"actions":[{"id":"action5","type":"key","parameters":{},"actions":[{"type":"keyDown","value":""},{"type":"pause","duration":10},{"type":"keyUp","value":""}]}]}
RESULT: {"actions":[{"id":"action5","type":"key","parameters":{},"actions":[{"type":"keyDown","value":""},{"type":"pause","duration":10},{"type":"keyUp","value":""}]}]}
COMMAND: GET /session/276af0ab14c8f1c47b44a918c5eb4f66/screenshot - {}
RESULT: {}
COMMAND: POST /session/276af0ab14c8f1c47b44a918c5eb4f66/elements - {"using":"xpath","value":"//table[contains(@id, \"smartTable-YARDYARD-valueHelpDialog-table-table\")]/tbody/tr"}
RESULT: {"using":"xpath","value":"//table[contains(@id, \"smartTable-YARDYARD-valueHelpDialog-table-table\")]/tbody/tr"}
COMMAND: POST /session/276af0ab14c8f1c47b44a918c5eb4f66/element - {"using":"xpath","value":"//table[contains(@id, \"smartTable-YARDYARD-valueHelpDialog-table-table\")]/tbody/tr[1]/td[1]/div/span"}
RESULT: {"using":"xpath","value":"//table[contains(@id, \"smartTable-YARDYARD-valueHelpDialog-table-table\")]/tbody/tr[1]/td[1]/div/span"}
COMMAND: POST /session/276af0ab14c8f1c47b44a918c5eb4f66/elements - {"using":"xpath","value":"//table[contains(@id, \"smartTable-YARDYARD-valueHelpDialog-table-table\")]/tbody/tr[1]/td[1]/div/span"}
RESULT: {"using":"xpath","value":"//table[contains(@id, \"smartTable-YARDYARD-valueHelpDialog-table-table\")]/tbody/tr[1]/td[1]/div/span"}
COMMAND: POST /session/276af0ab14c8f1c47b44a918c5eb4f66/execute/sync - {"script":"<script> [56 bytes]","args":[{"element-6066-11e4-a52e-4f735466cecf":"f.5C77A6788F2F180DC89ED0F4DCB2CDCA.d.211ACC915FC816F61604A6C21BD5F976.e.2136","ELEMENT":"f.5C77A6788F2F180DC89ED0F4DCB2CDCA.d.211ACC915FC816F61604A6C21BD5F976.e.2136"}]}
RESULT: {"script":"<script> [56 bytes]","args":[{"element-6066-11e4-a52e-4f735466cecf":"f.5C77A6788F2F180DC89ED0F4DCB2CDCA.d.211ACC915FC816F61604A6C21BD5F976.e.2136","ELEMENT":"f.5C77A6788F2F180DC89ED0F4DCB2CDCA.d.211ACC915FC816F61604A6C21BD5F976.e.2136"}]}
COMMAND: POST /session/276af0ab14c8f1c47b44a918c5eb4f66/element - {"using":"xpath","value":"//div[contains(@id, \"YARDYARD-valueHelpDialog-table-rowsel0\")]"}
COMMAND: GET /session/276af0ab14c8f1c47b44a918c5eb4f66/screenshot - {}
RESULT: {"using":"xpath","value":"//div[contains(@id, \"YARDYARD-valueHelpDialog-table-rowsel0\")]"}
COMMAND: POST /session/276af0ab14c8f1c47b44a918c5eb4f66/element/f.5C77A6788F2F180DC89ED0F4DCB2CDCA.d.211ACC915FC816F61604A6C21BD5F976.e.2137/click - {}
RESULT: {}
RESULT: {}
COMMAND: GET /session/276af0ab14c8f1c47b44a918c5eb4f66/screenshot - {}
RESULT: {}
COMMAND: POST /session/276af0ab14c8f1c47b44a918c5eb4f66/element - {"using":"xpath","value":"(//bdi[contains(text(), \"OK\")])[2]"}
RESULT: {"using":"xpath","value":"(//bdi[contains(text(), \"OK\")])[2]"}
COMMAND: POST /session/276af0ab14c8f1c47b44a918c5eb4f66/element/f.5C77A6788F2F180DC89ED0F4DCB2CDCA.d.211ACC915FC816F61604A6C21BD5F976.e.2139/click - {}
RESULT: {}
COMMAND: GET /session/276af0ab14c8f1c47b44a918c5eb4f66/screenshot - {}
RESULT: {}
COMMAND: POST /session/276af0ab14c8f1c47b44a918c5eb4f66/element - {"using":"xpath","value":"//bdi[contains(text(), \"OK\")]"}
RESULT: {"using":"xpath","value":"//bdi[contains(text(), \"OK\")]"}
COMMAND: POST /session/276af0ab14c8f1c47b44a918c5eb4f66/element/f.5C77A6788F2F180DC89ED0F4DCB2CDCA.d.211ACC915FC816F61604A6C21BD5F976.e.2142/click - {}
RESULT: {}
COMMAND: GET /session/276af0ab14c8f1c47b44a918c5eb4f66/screenshot - {}
RESULT: {}
COMMAND: POST /session/276af0ab14c8f1c47b44a918c5eb4f66/element - {"using":"xpath","value":"//table[contains(@id, \"customPartnersTable\")]//tbody/tr[1]/td[3]/span"}
RESULT: {"using":"xpath","value":"//table[contains(@id, \"customPartnersTable\")]//tbody/tr[1]/td[3]/span"}
COMMAND: POST /session/276af0ab14c8f1c47b44a918c5eb4f66/execute/sync - {"script":"<script> [56 bytes]","args":[{"element-6066-11e4-a52e-4f735466cecf":"f.5C77A6788F2F180DC89ED0F4DCB2CDCA.d.211ACC915FC816F61604A6C21BD5F976.e.2106","ELEMENT":"f.5C77A6788F2F180DC89ED0F4DCB2CDCA.d.211ACC915FC816F61604A6C21BD5F976.e.2106"}]}
RESULT: {"script":"<script> [56 bytes]","args":[{"element-6066-11e4-a52e-4f735466cecf":"f.5C77A6788F2F180DC89ED0F4DCB2CDCA.d.211ACC915FC816F61604A6C21BD5F976.e.2106","ELEMENT":"f.5C77A6788F2F180DC89ED0F4DCB2CDCA.d.211ACC915FC816F61604A6C21BD5F976.e.2106"}]}
COMMAND: POST /session/276af0ab14c8f1c47b44a918c5eb4f66/element - {"using":"css selector","value":"#shell-header-logo"}
COMMAND: GET /session/276af0ab14c8f1c47b44a918c5eb4f66/screenshot - {}
RESULT: {"using":"css selector","value":"#shell-header-logo"}
COMMAND: POST /session/276af0ab14c8f1c47b44a918c5eb4f66/element/f.5C77A6788F2F180DC89ED0F4DCB2CDCA.d.211ACC915FC816F61604A6C21BD5F976.e.1709/click - {}
RESULT: {}
RESULT: {}
COMMAND: GET /session/276af0ab14c8f1c47b44a918c5eb4f66/screenshot - {}
RESULT: {}
]]></system-out>
    </testcase>
    <testcase classname="chrome.135_0_7049_42.windows.Partner_specific_tests_US150819_US151080_US151654_US151176_US103444_US151078_US151079_US151109_US151174_US151175_US151189" name="Should deactivate the created partner in earlier step US151654" time="50.762">
      <system-out><![CDATA[
COMMAND: POST /session/276af0ab14c8f1c47b44a918c5eb4f66/element - {"using":"xpath","value":"//li[.//span[text()=\"Manage Partners\"]]"}
RESULT: {"using":"xpath","value":"//li[.//span[text()=\"Manage Partners\"]]"}
COMMAND: POST /session/276af0ab14c8f1c47b44a918c5eb4f66/element - {"using":"xpath","value":"//li[.//span[text()=\"Manage Partners\"]]"}
RESULT: {"using":"xpath","value":"//li[.//span[text()=\"Manage Partners\"]]"}
COMMAND: POST /session/276af0ab14c8f1c47b44a918c5eb4f66/element - {"using":"css selector","value":"#shell-header-logo"}
RESULT: {"using":"css selector","value":"#shell-header-logo"}
COMMAND: POST /session/276af0ab14c8f1c47b44a918c5eb4f66/element/f.5C77A6788F2F180DC89ED0F4DCB2CDCA.d.211ACC915FC816F61604A6C21BD5F976.e.2192/click - {}
COMMAND: POST /session/276af0ab14c8f1c47b44a918c5eb4f66/execute/sync - {"script":"<script> [8489 bytes]","args":[{"element-6066-11e4-a52e-4f735466cecf":"f.5C77A6788F2F180DC89ED0F4DCB2CDCA.d.211ACC915FC816F61604A6C21BD5F976.e.2192","ELEMENT":"f.5C77A6788F2F180DC89ED0F4DCB2CDCA.d.211ACC915FC816F61604A6C21BD5F976.e.2192"}]}
RESULT: {}
COMMAND: GET /session/276af0ab14c8f1c47b44a918c5eb4f66/screenshot - {}
RESULT: {"script":"<script> [8489 bytes]","args":[{"element-6066-11e4-a52e-4f735466cecf":"f.5C77A6788F2F180DC89ED0F4DCB2CDCA.d.211ACC915FC816F61604A6C21BD5F976.e.2192","ELEMENT":"f.5C77A6788F2F180DC89ED0F4DCB2CDCA.d.211ACC915FC816F61604A6C21BD5F976.e.2192"}]}
COMMAND: POST /session/276af0ab14c8f1c47b44a918c5eb4f66/execute/sync - {"script":"<script> [5351 bytes]","args":[{"element-6066-11e4-a52e-4f735466cecf":"f.5C77A6788F2F180DC89ED0F4DCB2CDCA.d.211ACC915FC816F61604A6C21BD5F976.e.2192","ELEMENT":"f.5C77A6788F2F180DC89ED0F4DCB2CDCA.d.211ACC915FC816F61604A6C21BD5F976.e.2192"}]}
COMMAND: GET /session/276af0ab14c8f1c47b44a918c5eb4f66/screenshot - {}
RESULT: {}
RESULT: {"script":"<script> [5351 bytes]","args":[{"element-6066-11e4-a52e-4f735466cecf":"f.5C77A6788F2F180DC89ED0F4DCB2CDCA.d.211ACC915FC816F61604A6C21BD5F976.e.2192","ELEMENT":"f.5C77A6788F2F180DC89ED0F4DCB2CDCA.d.211ACC915FC816F61604A6C21BD5F976.e.2192"}]}
COMMAND: GET /session/276af0ab14c8f1c47b44a918c5eb4f66/screenshot - {}
RESULT: {}
RESULT: {}
RESULT: undefined
COMMAND: POST /session/276af0ab14c8f1c47b44a918c5eb4f66/element - {"using":"xpath","value":"//*[@id=\"__tile38\"]"}
RESULT: {"using":"xpath","value":"//*[@id=\"__tile38\"]"}
COMMAND: POST /session/276af0ab14c8f1c47b44a918c5eb4f66/element/f.5C77A6788F2F180DC89ED0F4DCB2CDCA.d.211ACC915FC816F61604A6C21BD5F976.e.148/click - {}
RESULT: {}
COMMAND: POST /session/276af0ab14c8f1c47b44a918c5eb4f66/element - {"using":"xpath","value":"//button[@data-kt=\"addButton\"]"}
COMMAND: GET /session/276af0ab14c8f1c47b44a918c5eb4f66/screenshot - {}
RESULT: {"using":"xpath","value":"//button[@data-kt=\"addButton\"]"}
COMMAND: POST /session/276af0ab14c8f1c47b44a918c5eb4f66/elements - {"using":"xpath","value":"//button[@data-kt=\"addButton\"]"}
RESULT: {}
RESULT: {"using":"xpath","value":"//button[@data-kt=\"addButton\"]"}
COMMAND: POST /session/276af0ab14c8f1c47b44a918c5eb4f66/elements - {"using":"xpath","value":"//button[@data-kt=\"addButton\"]"}
RESULT: {"using":"xpath","value":"//button[@data-kt=\"addButton\"]"}
COMMAND: POST /session/276af0ab14c8f1c47b44a918c5eb4f66/elements - {"using":"xpath","value":"//button[@data-kt=\"addButton\"]"}
RESULT: {"using":"xpath","value":"//button[@data-kt=\"addButton\"]"}
COMMAND: POST /session/276af0ab14c8f1c47b44a918c5eb4f66/elements - {"using":"xpath","value":"//button[@data-kt=\"addButton\"]"}
RESULT: {"using":"xpath","value":"//button[@data-kt=\"addButton\"]"}
COMMAND: POST /session/276af0ab14c8f1c47b44a918c5eb4f66/elements - {"using":"xpath","value":"//button[@data-kt=\"addButton\"]"}
RESULT: {"using":"xpath","value":"//button[@data-kt=\"addButton\"]"}
COMMAND: POST /session/276af0ab14c8f1c47b44a918c5eb4f66/elements - {"using":"xpath","value":"//button[@data-kt=\"addButton\"]"}
RESULT: {"using":"xpath","value":"//button[@data-kt=\"addButton\"]"}
COMMAND: POST /session/276af0ab14c8f1c47b44a918c5eb4f66/elements - {"using":"xpath","value":"//button[@data-kt=\"addButton\"]"}
RESULT: {"using":"xpath","value":"//button[@data-kt=\"addButton\"]"}
COMMAND: POST /session/276af0ab14c8f1c47b44a918c5eb4f66/elements - {"using":"xpath","value":"//button[@data-kt=\"addButton\"]"}
RESULT: {"using":"xpath","value":"//button[@data-kt=\"addButton\"]"}
COMMAND: POST /session/276af0ab14c8f1c47b44a918c5eb4f66/elements - {"using":"xpath","value":"//button[@data-kt=\"addButton\"]"}
RESULT: {"using":"xpath","value":"//button[@data-kt=\"addButton\"]"}
COMMAND: POST /session/276af0ab14c8f1c47b44a918c5eb4f66/elements - {"using":"xpath","value":"//button[@data-kt=\"addButton\"]"}
RESULT: {"using":"xpath","value":"//button[@data-kt=\"addButton\"]"}
COMMAND: POST /session/276af0ab14c8f1c47b44a918c5eb4f66/elements - {"using":"xpath","value":"//button[@data-kt=\"addButton\"]"}
RESULT: {"using":"xpath","value":"//button[@data-kt=\"addButton\"]"}
COMMAND: POST /session/276af0ab14c8f1c47b44a918c5eb4f66/elements - {"using":"xpath","value":"//button[@data-kt=\"addButton\"]"}
RESULT: {"using":"xpath","value":"//button[@data-kt=\"addButton\"]"}
COMMAND: POST /session/276af0ab14c8f1c47b44a918c5eb4f66/elements - {"using":"xpath","value":"//button[@data-kt=\"addButton\"]"}
RESULT: {"using":"xpath","value":"//button[@data-kt=\"addButton\"]"}
COMMAND: POST /session/276af0ab14c8f1c47b44a918c5eb4f66/elements - {"using":"xpath","value":"//button[@data-kt=\"addButton\"]"}
RESULT: {"using":"xpath","value":"//button[@data-kt=\"addButton\"]"}
COMMAND: POST /session/276af0ab14c8f1c47b44a918c5eb4f66/elements - {"using":"xpath","value":"//button[@data-kt=\"addButton\"]"}
RESULT: {"using":"xpath","value":"//button[@data-kt=\"addButton\"]"}
COMMAND: POST /session/276af0ab14c8f1c47b44a918c5eb4f66/elements - {"using":"xpath","value":"//button[@data-kt=\"addButton\"]"}
RESULT: {"using":"xpath","value":"//button[@data-kt=\"addButton\"]"}
COMMAND: POST /session/276af0ab14c8f1c47b44a918c5eb4f66/elements - {"using":"xpath","value":"//button[@data-kt=\"addButton\"]"}
RESULT: {"using":"xpath","value":"//button[@data-kt=\"addButton\"]"}
COMMAND: POST /session/276af0ab14c8f1c47b44a918c5eb4f66/element - {"using":"xpath","value":"//button[@data-kt=\"addButton\"]"}
RESULT: {"using":"xpath","value":"//button[@data-kt=\"addButton\"]"}
COMMAND: POST /session/276af0ab14c8f1c47b44a918c5eb4f66/execute/sync - {"script":"<script> [8489 bytes]","args":[{"element-6066-11e4-a52e-4f735466cecf":"f.5C77A6788F2F180DC89ED0F4DCB2CDCA.d.211ACC915FC816F61604A6C21BD5F976.e.2238","ELEMENT":"f.5C77A6788F2F180DC89ED0F4DCB2CDCA.d.211ACC915FC816F61604A6C21BD5F976.e.2238"}]}
RESULT: {"script":"<script> [8489 bytes]","args":[{"element-6066-11e4-a52e-4f735466cecf":"f.5C77A6788F2F180DC89ED0F4DCB2CDCA.d.211ACC915FC816F61604A6C21BD5F976.e.2238","ELEMENT":"f.5C77A6788F2F180DC89ED0F4DCB2CDCA.d.211ACC915FC816F61604A6C21BD5F976.e.2238"}]}
COMMAND: GET /session/276af0ab14c8f1c47b44a918c5eb4f66/element/f.5C77A6788F2F180DC89ED0F4DCB2CDCA.d.211ACC915FC816F61604A6C21BD5F976.e.2238/enabled - {}
COMMAND: GET /session/276af0ab14c8f1c47b44a918c5eb4f66/screenshot - {}
RESULT: {}
COMMAND: POST /session/276af0ab14c8f1c47b44a918c5eb4f66/execute/sync - {"script":"<script> [8489 bytes]","args":[{"element-6066-11e4-a52e-4f735466cecf":"f.5C77A6788F2F180DC89ED0F4DCB2CDCA.d.211ACC915FC816F61604A6C21BD5F976.e.2238","ELEMENT":"f.5C77A6788F2F180DC89ED0F4DCB2CDCA.d.211ACC915FC816F61604A6C21BD5F976.e.2238"}]}
COMMAND: GET /session/276af0ab14c8f1c47b44a918c5eb4f66/screenshot - {}
RESULT: {}
RESULT: {"script":"<script> [8489 bytes]","args":[{"element-6066-11e4-a52e-4f735466cecf":"f.5C77A6788F2F180DC89ED0F4DCB2CDCA.d.211ACC915FC816F61604A6C21BD5F976.e.2238","ELEMENT":"f.5C77A6788F2F180DC89ED0F4DCB2CDCA.d.211ACC915FC816F61604A6C21BD5F976.e.2238"}]}
COMMAND: POST /session/276af0ab14c8f1c47b44a918c5eb4f66/execute/sync - {"script":"<script> [5351 bytes]","args":[{"element-6066-11e4-a52e-4f735466cecf":"f.5C77A6788F2F180DC89ED0F4DCB2CDCA.d.211ACC915FC816F61604A6C21BD5F976.e.2238","ELEMENT":"f.5C77A6788F2F180DC89ED0F4DCB2CDCA.d.211ACC915FC816F61604A6C21BD5F976.e.2238"}]}
COMMAND: GET /session/276af0ab14c8f1c47b44a918c5eb4f66/screenshot - {}
RESULT: {}
RESULT: {"script":"<script> [5351 bytes]","args":[{"element-6066-11e4-a52e-4f735466cecf":"f.5C77A6788F2F180DC89ED0F4DCB2CDCA.d.211ACC915FC816F61604A6C21BD5F976.e.2238","ELEMENT":"f.5C77A6788F2F180DC89ED0F4DCB2CDCA.d.211ACC915FC816F61604A6C21BD5F976.e.2238"}]}
COMMAND: GET /session/276af0ab14c8f1c47b44a918c5eb4f66/screenshot - {}
RESULT: {}
RESULT: {}
COMMAND: POST /session/276af0ab14c8f1c47b44a918c5eb4f66/execute/async - {"script":"<script> [1562 bytes]","args":[{"selector":{"id":"application-managepartners-display-component---masterPtm--smartFilterBar-btnBasicSearch","interaction":{"idSuffix":"I"}},"wdio_ui5_key":"applicationmanagepartners-display-component---masterPtm--smartFilterBar-btnBasicSearch"}]}
RESULT: {"script":"<script> [1562 bytes]","args":[{"selector":{"id":"application-managepartners-display-component---masterPtm--smartFilterBar-btnBasicSearch","interaction":{"idSuffix":"I"}},"wdio_ui5_key":"applicationmanagepartners-display-component---masterPtm--smartFilterBar-btnBasicSearch"}]}
RESULT: undefined
COMMAND: POST /session/276af0ab14c8f1c47b44a918c5eb4f66/execute/async - {"script":"<script> [776 bytes]","args":[{"enterText":"1237","selector":{"id":"application-managepartners-display-component---masterPtm--smartFilterBar-btnBasicSearch","interaction":{"idSuffix":"I"}},"clearTextFirst":true,"interactionType":"ENTER_TEXT"}]}
RESULT: {"script":"<script> [776 bytes]","args":[{"enterText":"1237","selector":{"id":"application-managepartners-display-component---masterPtm--smartFilterBar-btnBasicSearch","interaction":{"idSuffix":"I"}},"clearTextFirst":true,"interactionType":"ENTER_TEXT"}]}
COMMAND: POST /session/276af0ab14c8f1c47b44a918c5eb4f66/actions - {"actions":[{"id":"action6","type":"key","parameters":{},"actions":[{"type":"keyDown","value":""},{"type":"pause","duration":10},{"type":"keyUp","value":""}]}]}
RESULT: {"actions":[{"id":"action6","type":"key","parameters":{},"actions":[{"type":"keyDown","value":""},{"type":"pause","duration":10},{"type":"keyUp","value":""}]}]}
COMMAND: GET /session/276af0ab14c8f1c47b44a918c5eb4f66/screenshot - {}
RESULT: {}
COMMAND: POST /session/276af0ab14c8f1c47b44a918c5eb4f66/elements - {"using":"xpath","value":"//table[contains(@id, \"customPartnersTable-listUl\")]/tbody/tr"}
RESULT: {"using":"xpath","value":"//table[contains(@id, \"customPartnersTable-listUl\")]/tbody/tr"}
COMMAND: POST /session/276af0ab14c8f1c47b44a918c5eb4f66/element - {"using":"xpath","value":"//table[contains(@id, \"customPartnersTable-listUl\")]/tbody/tr[1]/td[3]/span"}
RESULT: {"using":"xpath","value":"//table[contains(@id, \"customPartnersTable-listUl\")]/tbody/tr[1]/td[3]/span"}
COMMAND: POST /session/276af0ab14c8f1c47b44a918c5eb4f66/elements - {"using":"xpath","value":"//table[contains(@id, \"customPartnersTable-listUl\")]/tbody/tr[1]/td[3]/span"}
RESULT: {"using":"xpath","value":"//table[contains(@id, \"customPartnersTable-listUl\")]/tbody/tr[1]/td[3]/span"}
COMMAND: POST /session/276af0ab14c8f1c47b44a918c5eb4f66/execute/sync - {"script":"<script> [56 bytes]","args":[{"element-6066-11e4-a52e-4f735466cecf":"f.5C77A6788F2F180DC89ED0F4DCB2CDCA.d.211ACC915FC816F61604A6C21BD5F976.e.2372","ELEMENT":"f.5C77A6788F2F180DC89ED0F4DCB2CDCA.d.211ACC915FC816F61604A6C21BD5F976.e.2372"}]}
RESULT: {"script":"<script> [56 bytes]","args":[{"element-6066-11e4-a52e-4f735466cecf":"f.5C77A6788F2F180DC89ED0F4DCB2CDCA.d.211ACC915FC816F61604A6C21BD5F976.e.2372","ELEMENT":"f.5C77A6788F2F180DC89ED0F4DCB2CDCA.d.211ACC915FC816F61604A6C21BD5F976.e.2372"}]}
COMMAND: POST /session/276af0ab14c8f1c47b44a918c5eb4f66/element - {"using":"xpath","value":"//table[contains(@id, \"customPartnersTable-listUl\")]/tbody/tr[1]/td[7]/div/span"}
COMMAND: GET /session/276af0ab14c8f1c47b44a918c5eb4f66/screenshot - {}
RESULT: {"using":"xpath","value":"//table[contains(@id, \"customPartnersTable-listUl\")]/tbody/tr[1]/td[7]/div/span"}
COMMAND: POST /session/276af0ab14c8f1c47b44a918c5eb4f66/execute/sync - {"script":"<script> [56 bytes]","args":[{"element-6066-11e4-a52e-4f735466cecf":"f.5C77A6788F2F180DC89ED0F4DCB2CDCA.d.211ACC915FC816F61604A6C21BD5F976.e.2373","ELEMENT":"f.5C77A6788F2F180DC89ED0F4DCB2CDCA.d.211ACC915FC816F61604A6C21BD5F976.e.2373"}]}
RESULT: {}
RESULT: {"script":"<script> [56 bytes]","args":[{"element-6066-11e4-a52e-4f735466cecf":"f.5C77A6788F2F180DC89ED0F4DCB2CDCA.d.211ACC915FC816F61604A6C21BD5F976.e.2373","ELEMENT":"f.5C77A6788F2F180DC89ED0F4DCB2CDCA.d.211ACC915FC816F61604A6C21BD5F976.e.2373"}]}
COMMAND: POST /session/276af0ab14c8f1c47b44a918c5eb4f66/element - {"using":"xpath","value":"//table[contains(@id, \"customPartnersTable-listUl\")]/tbody/tr[1]/td[2]/div/div"}
COMMAND: GET /session/276af0ab14c8f1c47b44a918c5eb4f66/screenshot - {}
RESULT: {"using":"xpath","value":"//table[contains(@id, \"customPartnersTable-listUl\")]/tbody/tr[1]/td[2]/div/div"}
COMMAND: POST /session/276af0ab14c8f1c47b44a918c5eb4f66/element/f.5C77A6788F2F180DC89ED0F4DCB2CDCA.d.211ACC915FC816F61604A6C21BD5F976.e.2374/click - {}
RESULT: {}
RESULT: {}
COMMAND: GET /session/276af0ab14c8f1c47b44a918c5eb4f66/screenshot - {}
RESULT: {}
COMMAND: POST /session/276af0ab14c8f1c47b44a918c5eb4f66/element - {"using":"xpath","value":"//bdi[contains(text(), \"Deactivate\")]"}
RESULT: {"using":"xpath","value":"//bdi[contains(text(), \"Deactivate\")]"}
COMMAND: POST /session/276af0ab14c8f1c47b44a918c5eb4f66/element/f.5C77A6788F2F180DC89ED0F4DCB2CDCA.d.211ACC915FC816F61604A6C21BD5F976.e.2375/click - {}
RESULT: {}
COMMAND: GET /session/276af0ab14c8f1c47b44a918c5eb4f66/screenshot - {}
RESULT: {}
COMMAND: POST /session/276af0ab14c8f1c47b44a918c5eb4f66/element - {"using":"xpath","value":"//bdi[contains(text(), \"Yes\")]"}
RESULT: {"using":"xpath","value":"//bdi[contains(text(), \"Yes\")]"}
COMMAND: POST /session/276af0ab14c8f1c47b44a918c5eb4f66/element/f.5C77A6788F2F180DC89ED0F4DCB2CDCA.d.211ACC915FC816F61604A6C21BD5F976.e.2377/click - {}
RESULT: {}
COMMAND: GET /session/276af0ab14c8f1c47b44a918c5eb4f66/screenshot - {}
RESULT: {}
COMMAND: POST /session/276af0ab14c8f1c47b44a918c5eb4f66/element - {"using":"xpath","value":"//table[contains(@id, \"customPartnersTable-listUl\")]/tbody/tr[1]/td[7]/div/span"}
RESULT: {"using":"xpath","value":"//table[contains(@id, \"customPartnersTable-listUl\")]/tbody/tr[1]/td[7]/div/span"}
COMMAND: POST /session/276af0ab14c8f1c47b44a918c5eb4f66/execute/sync - {"script":"<script> [56 bytes]","args":[{"element-6066-11e4-a52e-4f735466cecf":"f.5C77A6788F2F180DC89ED0F4DCB2CDCA.d.211ACC915FC816F61604A6C21BD5F976.e.2373","ELEMENT":"f.5C77A6788F2F180DC89ED0F4DCB2CDCA.d.211ACC915FC816F61604A6C21BD5F976.e.2373"}]}
RESULT: {"script":"<script> [56 bytes]","args":[{"element-6066-11e4-a52e-4f735466cecf":"f.5C77A6788F2F180DC89ED0F4DCB2CDCA.d.211ACC915FC816F61604A6C21BD5F976.e.2373","ELEMENT":"f.5C77A6788F2F180DC89ED0F4DCB2CDCA.d.211ACC915FC816F61604A6C21BD5F976.e.2373"}]}
COMMAND: GET /session/276af0ab14c8f1c47b44a918c5eb4f66/screenshot - {}
RESULT: {}
COMMAND: POST /session/276af0ab14c8f1c47b44a918c5eb4f66/element - {"using":"css selector","value":"#shell-header-logo"}
RESULT: {"using":"css selector","value":"#shell-header-logo"}
COMMAND: POST /session/276af0ab14c8f1c47b44a918c5eb4f66/element/f.5C77A6788F2F180DC89ED0F4DCB2CDCA.d.211ACC915FC816F61604A6C21BD5F976.e.2192/click - {}
RESULT: {}
COMMAND: GET /session/276af0ab14c8f1c47b44a918c5eb4f66/screenshot - {}
RESULT: {}
]]></system-out>
    </testcase>
    <testcase classname="chrome.135_0_7049_42.windows.Partner_specific_tests_US150819_US151080_US151654_US151176_US103444_US151078_US151079_US151109_US151174_US151175_US151189" name="Should activate the created partner again US151176" time="50.439">
      <system-out><![CDATA[
COMMAND: POST /session/276af0ab14c8f1c47b44a918c5eb4f66/element - {"using":"xpath","value":"//li[.//span[text()=\"Manage Partners\"]]"}
RESULT: {"using":"xpath","value":"//li[.//span[text()=\"Manage Partners\"]]"}
COMMAND: POST /session/276af0ab14c8f1c47b44a918c5eb4f66/element - {"using":"xpath","value":"//li[.//span[text()=\"Manage Partners\"]]"}
RESULT: {"using":"xpath","value":"//li[.//span[text()=\"Manage Partners\"]]"}
COMMAND: POST /session/276af0ab14c8f1c47b44a918c5eb4f66/element - {"using":"css selector","value":"#shell-header-logo"}
RESULT: {"using":"css selector","value":"#shell-header-logo"}
COMMAND: POST /session/276af0ab14c8f1c47b44a918c5eb4f66/element/f.5C77A6788F2F180DC89ED0F4DCB2CDCA.d.211ACC915FC816F61604A6C21BD5F976.e.2381/click - {}
COMMAND: POST /session/276af0ab14c8f1c47b44a918c5eb4f66/execute/sync - {"script":"<script> [8489 bytes]","args":[{"element-6066-11e4-a52e-4f735466cecf":"f.5C77A6788F2F180DC89ED0F4DCB2CDCA.d.211ACC915FC816F61604A6C21BD5F976.e.2381","ELEMENT":"f.5C77A6788F2F180DC89ED0F4DCB2CDCA.d.211ACC915FC816F61604A6C21BD5F976.e.2381"}]}
RESULT: {"script":"<script> [8489 bytes]","args":[{"element-6066-11e4-a52e-4f735466cecf":"f.5C77A6788F2F180DC89ED0F4DCB2CDCA.d.211ACC915FC816F61604A6C21BD5F976.e.2381","ELEMENT":"f.5C77A6788F2F180DC89ED0F4DCB2CDCA.d.211ACC915FC816F61604A6C21BD5F976.e.2381"}]}
COMMAND: POST /session/276af0ab14c8f1c47b44a918c5eb4f66/execute/sync - {"script":"<script> [5351 bytes]","args":[{"element-6066-11e4-a52e-4f735466cecf":"f.5C77A6788F2F180DC89ED0F4DCB2CDCA.d.211ACC915FC816F61604A6C21BD5F976.e.2381","ELEMENT":"f.5C77A6788F2F180DC89ED0F4DCB2CDCA.d.211ACC915FC816F61604A6C21BD5F976.e.2381"}]}
COMMAND: GET /session/276af0ab14c8f1c47b44a918c5eb4f66/screenshot - {}
RESULT: {}
COMMAND: GET /session/276af0ab14c8f1c47b44a918c5eb4f66/screenshot - {}
RESULT: {"script":"<script> [5351 bytes]","args":[{"element-6066-11e4-a52e-4f735466cecf":"f.5C77A6788F2F180DC89ED0F4DCB2CDCA.d.211ACC915FC816F61604A6C21BD5F976.e.2381","ELEMENT":"f.5C77A6788F2F180DC89ED0F4DCB2CDCA.d.211ACC915FC816F61604A6C21BD5F976.e.2381"}]}
COMMAND: GET /session/276af0ab14c8f1c47b44a918c5eb4f66/screenshot - {}
RESULT: {}
RESULT: {}
RESULT: {}
RESULT: undefined
COMMAND: POST /session/276af0ab14c8f1c47b44a918c5eb4f66/element - {"using":"xpath","value":"//*[@id=\"__tile38\"]"}
RESULT: {"using":"xpath","value":"//*[@id=\"__tile38\"]"}
COMMAND: POST /session/276af0ab14c8f1c47b44a918c5eb4f66/element/f.5C77A6788F2F180DC89ED0F4DCB2CDCA.d.211ACC915FC816F61604A6C21BD5F976.e.148/click - {}
RESULT: {}
COMMAND: POST /session/276af0ab14c8f1c47b44a918c5eb4f66/element - {"using":"xpath","value":"//button[@data-kt=\"addButton\"]"}
COMMAND: GET /session/276af0ab14c8f1c47b44a918c5eb4f66/screenshot - {}
RESULT: {"using":"xpath","value":"//button[@data-kt=\"addButton\"]"}
COMMAND: POST /session/276af0ab14c8f1c47b44a918c5eb4f66/elements - {"using":"xpath","value":"//button[@data-kt=\"addButton\"]"}
RESULT: {}
RESULT: {"using":"xpath","value":"//button[@data-kt=\"addButton\"]"}
COMMAND: POST /session/276af0ab14c8f1c47b44a918c5eb4f66/elements - {"using":"xpath","value":"//button[@data-kt=\"addButton\"]"}
RESULT: {"using":"xpath","value":"//button[@data-kt=\"addButton\"]"}
COMMAND: POST /session/276af0ab14c8f1c47b44a918c5eb4f66/elements - {"using":"xpath","value":"//button[@data-kt=\"addButton\"]"}
RESULT: {"using":"xpath","value":"//button[@data-kt=\"addButton\"]"}
COMMAND: POST /session/276af0ab14c8f1c47b44a918c5eb4f66/elements - {"using":"xpath","value":"//button[@data-kt=\"addButton\"]"}
RESULT: {"using":"xpath","value":"//button[@data-kt=\"addButton\"]"}
COMMAND: POST /session/276af0ab14c8f1c47b44a918c5eb4f66/element - {"using":"xpath","value":"//button[@data-kt=\"addButton\"]"}
RESULT: {"using":"xpath","value":"//button[@data-kt=\"addButton\"]"}
COMMAND: POST /session/276af0ab14c8f1c47b44a918c5eb4f66/execute/sync - {"script":"<script> [8489 bytes]","args":[{"element-6066-11e4-a52e-4f735466cecf":"f.5C77A6788F2F180DC89ED0F4DCB2CDCA.d.211ACC915FC816F61604A6C21BD5F976.e.2416","ELEMENT":"f.5C77A6788F2F180DC89ED0F4DCB2CDCA.d.211ACC915FC816F61604A6C21BD5F976.e.2416"}]}
RESULT: {"script":"<script> [8489 bytes]","args":[{"element-6066-11e4-a52e-4f735466cecf":"f.5C77A6788F2F180DC89ED0F4DCB2CDCA.d.211ACC915FC816F61604A6C21BD5F976.e.2416","ELEMENT":"f.5C77A6788F2F180DC89ED0F4DCB2CDCA.d.211ACC915FC816F61604A6C21BD5F976.e.2416"}]}
COMMAND: GET /session/276af0ab14c8f1c47b44a918c5eb4f66/element/f.5C77A6788F2F180DC89ED0F4DCB2CDCA.d.211ACC915FC816F61604A6C21BD5F976.e.2416/enabled - {}
COMMAND: GET /session/276af0ab14c8f1c47b44a918c5eb4f66/screenshot - {}
RESULT: {}
COMMAND: POST /session/276af0ab14c8f1c47b44a918c5eb4f66/execute/sync - {"script":"<script> [8489 bytes]","args":[{"element-6066-11e4-a52e-4f735466cecf":"f.5C77A6788F2F180DC89ED0F4DCB2CDCA.d.211ACC915FC816F61604A6C21BD5F976.e.2416","ELEMENT":"f.5C77A6788F2F180DC89ED0F4DCB2CDCA.d.211ACC915FC816F61604A6C21BD5F976.e.2416"}]}
COMMAND: GET /session/276af0ab14c8f1c47b44a918c5eb4f66/screenshot - {}
RESULT: {}
RESULT: {"script":"<script> [8489 bytes]","args":[{"element-6066-11e4-a52e-4f735466cecf":"f.5C77A6788F2F180DC89ED0F4DCB2CDCA.d.211ACC915FC816F61604A6C21BD5F976.e.2416","ELEMENT":"f.5C77A6788F2F180DC89ED0F4DCB2CDCA.d.211ACC915FC816F61604A6C21BD5F976.e.2416"}]}
COMMAND: POST /session/276af0ab14c8f1c47b44a918c5eb4f66/execute/sync - {"script":"<script> [5351 bytes]","args":[{"element-6066-11e4-a52e-4f735466cecf":"f.5C77A6788F2F180DC89ED0F4DCB2CDCA.d.211ACC915FC816F61604A6C21BD5F976.e.2416","ELEMENT":"f.5C77A6788F2F180DC89ED0F4DCB2CDCA.d.211ACC915FC816F61604A6C21BD5F976.e.2416"}]}
COMMAND: GET /session/276af0ab14c8f1c47b44a918c5eb4f66/screenshot - {}
RESULT: {}
RESULT: {"script":"<script> [5351 bytes]","args":[{"element-6066-11e4-a52e-4f735466cecf":"f.5C77A6788F2F180DC89ED0F4DCB2CDCA.d.211ACC915FC816F61604A6C21BD5F976.e.2416","ELEMENT":"f.5C77A6788F2F180DC89ED0F4DCB2CDCA.d.211ACC915FC816F61604A6C21BD5F976.e.2416"}]}
COMMAND: GET /session/276af0ab14c8f1c47b44a918c5eb4f66/screenshot - {}
RESULT: {}
RESULT: {}
RESULT: undefined
COMMAND: POST /session/276af0ab14c8f1c47b44a918c5eb4f66/execute/async - {"script":"<script> [776 bytes]","args":[{"enterText":"1237","selector":{"id":"application-managepartners-display-component---masterPtm--smartFilterBar-btnBasicSearch","interaction":{"idSuffix":"I"}},"clearTextFirst":true,"interactionType":"ENTER_TEXT"}]}
RESULT: {"script":"<script> [776 bytes]","args":[{"enterText":"1237","selector":{"id":"application-managepartners-display-component---masterPtm--smartFilterBar-btnBasicSearch","interaction":{"idSuffix":"I"}},"clearTextFirst":true,"interactionType":"ENTER_TEXT"}]}
COMMAND: POST /session/276af0ab14c8f1c47b44a918c5eb4f66/actions - {"actions":[{"id":"action7","type":"key","parameters":{},"actions":[{"type":"keyDown","value":""},{"type":"pause","duration":10},{"type":"keyUp","value":""}]}]}
RESULT: {"actions":[{"id":"action7","type":"key","parameters":{},"actions":[{"type":"keyDown","value":""},{"type":"pause","duration":10},{"type":"keyUp","value":""}]}]}
COMMAND: GET /session/276af0ab14c8f1c47b44a918c5eb4f66/screenshot - {}
RESULT: {}
COMMAND: POST /session/276af0ab14c8f1c47b44a918c5eb4f66/elements - {"using":"xpath","value":"//table[contains(@id, \"customPartnersTable-listUl\")]/tbody/tr"}
RESULT: {"using":"xpath","value":"//table[contains(@id, \"customPartnersTable-listUl\")]/tbody/tr"}
COMMAND: POST /session/276af0ab14c8f1c47b44a918c5eb4f66/element - {"using":"xpath","value":"//table[contains(@id, \"customPartnersTable-listUl\")]/tbody/tr[1]/td[3]/span"}
RESULT: {"using":"xpath","value":"//table[contains(@id, \"customPartnersTable-listUl\")]/tbody/tr[1]/td[3]/span"}
COMMAND: POST /session/276af0ab14c8f1c47b44a918c5eb4f66/elements - {"using":"xpath","value":"//table[contains(@id, \"customPartnersTable-listUl\")]/tbody/tr[1]/td[3]/span"}
RESULT: {"using":"xpath","value":"//table[contains(@id, \"customPartnersTable-listUl\")]/tbody/tr[1]/td[3]/span"}
COMMAND: POST /session/276af0ab14c8f1c47b44a918c5eb4f66/execute/sync - {"script":"<script> [56 bytes]","args":[{"element-6066-11e4-a52e-4f735466cecf":"f.5C77A6788F2F180DC89ED0F4DCB2CDCA.d.211ACC915FC816F61604A6C21BD5F976.e.2562","ELEMENT":"f.5C77A6788F2F180DC89ED0F4DCB2CDCA.d.211ACC915FC816F61604A6C21BD5F976.e.2562"}]}
RESULT: {"script":"<script> [56 bytes]","args":[{"element-6066-11e4-a52e-4f735466cecf":"f.5C77A6788F2F180DC89ED0F4DCB2CDCA.d.211ACC915FC816F61604A6C21BD5F976.e.2562","ELEMENT":"f.5C77A6788F2F180DC89ED0F4DCB2CDCA.d.211ACC915FC816F61604A6C21BD5F976.e.2562"}]}
COMMAND: POST /session/276af0ab14c8f1c47b44a918c5eb4f66/element - {"using":"xpath","value":"//table[contains(@id, \"customPartnersTable-listUl\")]/tbody/tr[1]/td[7]/div/span"}
COMMAND: GET /session/276af0ab14c8f1c47b44a918c5eb4f66/screenshot - {}
RESULT: {"using":"xpath","value":"//table[contains(@id, \"customPartnersTable-listUl\")]/tbody/tr[1]/td[7]/div/span"}
COMMAND: POST /session/276af0ab14c8f1c47b44a918c5eb4f66/execute/sync - {"script":"<script> [56 bytes]","args":[{"element-6066-11e4-a52e-4f735466cecf":"f.5C77A6788F2F180DC89ED0F4DCB2CDCA.d.211ACC915FC816F61604A6C21BD5F976.e.2563","ELEMENT":"f.5C77A6788F2F180DC89ED0F4DCB2CDCA.d.211ACC915FC816F61604A6C21BD5F976.e.2563"}]}
RESULT: {}
RESULT: {"script":"<script> [56 bytes]","args":[{"element-6066-11e4-a52e-4f735466cecf":"f.5C77A6788F2F180DC89ED0F4DCB2CDCA.d.211ACC915FC816F61604A6C21BD5F976.e.2563","ELEMENT":"f.5C77A6788F2F180DC89ED0F4DCB2CDCA.d.211ACC915FC816F61604A6C21BD5F976.e.2563"}]}
COMMAND: POST /session/276af0ab14c8f1c47b44a918c5eb4f66/element - {"using":"xpath","value":"//table[contains(@id, \"customPartnersTable-listUl\")]/tbody/tr[1]/td[2]/div/div"}
COMMAND: GET /session/276af0ab14c8f1c47b44a918c5eb4f66/screenshot - {}
RESULT: {"using":"xpath","value":"//table[contains(@id, \"customPartnersTable-listUl\")]/tbody/tr[1]/td[2]/div/div"}
COMMAND: POST /session/276af0ab14c8f1c47b44a918c5eb4f66/element/f.5C77A6788F2F180DC89ED0F4DCB2CDCA.d.211ACC915FC816F61604A6C21BD5F976.e.2564/click - {}
RESULT: {}
RESULT: {}
COMMAND: GET /session/276af0ab14c8f1c47b44a918c5eb4f66/screenshot - {}
RESULT: {}
COMMAND: POST /session/276af0ab14c8f1c47b44a918c5eb4f66/element - {"using":"xpath","value":"//bdi[contains(text(), \"Activate\")]"}
RESULT: {"using":"xpath","value":"//bdi[contains(text(), \"Activate\")]"}
COMMAND: POST /session/276af0ab14c8f1c47b44a918c5eb4f66/element/f.5C77A6788F2F180DC89ED0F4DCB2CDCA.d.211ACC915FC816F61604A6C21BD5F976.e.2565/click - {}
RESULT: {}
COMMAND: GET /session/276af0ab14c8f1c47b44a918c5eb4f66/screenshot - {}
RESULT: {}
COMMAND: POST /session/276af0ab14c8f1c47b44a918c5eb4f66/element - {"using":"xpath","value":"//bdi[contains(text(), \"Yes\")]"}
RESULT: {"using":"xpath","value":"//bdi[contains(text(), \"Yes\")]"}
COMMAND: POST /session/276af0ab14c8f1c47b44a918c5eb4f66/element/f.5C77A6788F2F180DC89ED0F4DCB2CDCA.d.211ACC915FC816F61604A6C21BD5F976.e.2567/click - {}
RESULT: {}
COMMAND: GET /session/276af0ab14c8f1c47b44a918c5eb4f66/screenshot - {}
RESULT: {}
COMMAND: POST /session/276af0ab14c8f1c47b44a918c5eb4f66/element - {"using":"xpath","value":"//table[contains(@id, \"customPartnersTable-listUl\")]/tbody/tr[1]/td[7]/div/span"}
RESULT: {"using":"xpath","value":"//table[contains(@id, \"customPartnersTable-listUl\")]/tbody/tr[1]/td[7]/div/span"}
COMMAND: POST /session/276af0ab14c8f1c47b44a918c5eb4f66/execute/sync - {"script":"<script> [56 bytes]","args":[{"element-6066-11e4-a52e-4f735466cecf":"f.5C77A6788F2F180DC89ED0F4DCB2CDCA.d.211ACC915FC816F61604A6C21BD5F976.e.2563","ELEMENT":"f.5C77A6788F2F180DC89ED0F4DCB2CDCA.d.211ACC915FC816F61604A6C21BD5F976.e.2563"}]}
RESULT: {"script":"<script> [56 bytes]","args":[{"element-6066-11e4-a52e-4f735466cecf":"f.5C77A6788F2F180DC89ED0F4DCB2CDCA.d.211ACC915FC816F61604A6C21BD5F976.e.2563","ELEMENT":"f.5C77A6788F2F180DC89ED0F4DCB2CDCA.d.211ACC915FC816F61604A6C21BD5F976.e.2563"}]}
COMMAND: GET /session/276af0ab14c8f1c47b44a918c5eb4f66/screenshot - {}
RESULT: {}
COMMAND: POST /session/276af0ab14c8f1c47b44a918c5eb4f66/element - {"using":"css selector","value":"#shell-header-logo"}
RESULT: {"using":"css selector","value":"#shell-header-logo"}
COMMAND: POST /session/276af0ab14c8f1c47b44a918c5eb4f66/element/f.5C77A6788F2F180DC89ED0F4DCB2CDCA.d.211ACC915FC816F61604A6C21BD5F976.e.2381/click - {}
RESULT: {}
COMMAND: GET /session/276af0ab14c8f1c47b44a918c5eb4f66/screenshot - {}
RESULT: {}
]]></system-out>
    </testcase>
    <testcase classname="chrome.135_0_7049_42.windows.Partner_specific_tests_US150819_US151080_US151654_US151176_US103444_US151078_US151079_US151109_US151174_US151175_US151189" name="Should edit the created external partner and save it and check its content US103444" time="56.681">
      <system-out><![CDATA[
COMMAND: POST /session/276af0ab14c8f1c47b44a918c5eb4f66/element - {"using":"xpath","value":"//li[.//span[text()=\"Manage Partners\"]]"}
RESULT: {"using":"xpath","value":"//li[.//span[text()=\"Manage Partners\"]]"}
COMMAND: POST /session/276af0ab14c8f1c47b44a918c5eb4f66/element - {"using":"xpath","value":"//li[.//span[text()=\"Manage Partners\"]]"}
RESULT: {"using":"xpath","value":"//li[.//span[text()=\"Manage Partners\"]]"}
COMMAND: POST /session/276af0ab14c8f1c47b44a918c5eb4f66/element - {"using":"css selector","value":"#shell-header-logo"}
RESULT: {"using":"css selector","value":"#shell-header-logo"}
COMMAND: POST /session/276af0ab14c8f1c47b44a918c5eb4f66/element/f.5C77A6788F2F180DC89ED0F4DCB2CDCA.d.211ACC915FC816F61604A6C21BD5F976.e.2571/click - {}
COMMAND: POST /session/276af0ab14c8f1c47b44a918c5eb4f66/execute/sync - {"script":"<script> [8489 bytes]","args":[{"element-6066-11e4-a52e-4f735466cecf":"f.5C77A6788F2F180DC89ED0F4DCB2CDCA.d.211ACC915FC816F61604A6C21BD5F976.e.2571","ELEMENT":"f.5C77A6788F2F180DC89ED0F4DCB2CDCA.d.211ACC915FC816F61604A6C21BD5F976.e.2571"}]}
RESULT: {"script":"<script> [8489 bytes]","args":[{"element-6066-11e4-a52e-4f735466cecf":"f.5C77A6788F2F180DC89ED0F4DCB2CDCA.d.211ACC915FC816F61604A6C21BD5F976.e.2571","ELEMENT":"f.5C77A6788F2F180DC89ED0F4DCB2CDCA.d.211ACC915FC816F61604A6C21BD5F976.e.2571"}]}
COMMAND: POST /session/276af0ab14c8f1c47b44a918c5eb4f66/execute/sync - {"script":"<script> [5351 bytes]","args":[{"element-6066-11e4-a52e-4f735466cecf":"f.5C77A6788F2F180DC89ED0F4DCB2CDCA.d.211ACC915FC816F61604A6C21BD5F976.e.2571","ELEMENT":"f.5C77A6788F2F180DC89ED0F4DCB2CDCA.d.211ACC915FC816F61604A6C21BD5F976.e.2571"}]}
COMMAND: GET /session/276af0ab14c8f1c47b44a918c5eb4f66/screenshot - {}
RESULT: {}
COMMAND: GET /session/276af0ab14c8f1c47b44a918c5eb4f66/screenshot - {}
RESULT: {"script":"<script> [5351 bytes]","args":[{"element-6066-11e4-a52e-4f735466cecf":"f.5C77A6788F2F180DC89ED0F4DCB2CDCA.d.211ACC915FC816F61604A6C21BD5F976.e.2571","ELEMENT":"f.5C77A6788F2F180DC89ED0F4DCB2CDCA.d.211ACC915FC816F61604A6C21BD5F976.e.2571"}]}
COMMAND: GET /session/276af0ab14c8f1c47b44a918c5eb4f66/screenshot - {}
RESULT: {}
RESULT: {}
RESULT: {}
RESULT: undefined
COMMAND: POST /session/276af0ab14c8f1c47b44a918c5eb4f66/element - {"using":"xpath","value":"//*[@id=\"__tile38\"]"}
RESULT: {"using":"xpath","value":"//*[@id=\"__tile38\"]"}
COMMAND: POST /session/276af0ab14c8f1c47b44a918c5eb4f66/element/f.5C77A6788F2F180DC89ED0F4DCB2CDCA.d.211ACC915FC816F61604A6C21BD5F976.e.148/click - {}
RESULT: {}
COMMAND: POST /session/276af0ab14c8f1c47b44a918c5eb4f66/element - {"using":"xpath","value":"//button[@data-kt=\"addButton\"]"}
COMMAND: GET /session/276af0ab14c8f1c47b44a918c5eb4f66/screenshot - {}
RESULT: {"using":"xpath","value":"//button[@data-kt=\"addButton\"]"}
COMMAND: POST /session/276af0ab14c8f1c47b44a918c5eb4f66/elements - {"using":"xpath","value":"//button[@data-kt=\"addButton\"]"}
RESULT: {}
RESULT: {"using":"xpath","value":"//button[@data-kt=\"addButton\"]"}
COMMAND: POST /session/276af0ab14c8f1c47b44a918c5eb4f66/elements - {"using":"xpath","value":"//button[@data-kt=\"addButton\"]"}
RESULT: {"using":"xpath","value":"//button[@data-kt=\"addButton\"]"}
COMMAND: POST /session/276af0ab14c8f1c47b44a918c5eb4f66/elements - {"using":"xpath","value":"//button[@data-kt=\"addButton\"]"}
RESULT: {"using":"xpath","value":"//button[@data-kt=\"addButton\"]"}
COMMAND: POST /session/276af0ab14c8f1c47b44a918c5eb4f66/elements - {"using":"xpath","value":"//button[@data-kt=\"addButton\"]"}
RESULT: {"using":"xpath","value":"//button[@data-kt=\"addButton\"]"}
COMMAND: POST /session/276af0ab14c8f1c47b44a918c5eb4f66/elements - {"using":"xpath","value":"//button[@data-kt=\"addButton\"]"}
RESULT: {"using":"xpath","value":"//button[@data-kt=\"addButton\"]"}
COMMAND: POST /session/276af0ab14c8f1c47b44a918c5eb4f66/elements - {"using":"xpath","value":"//button[@data-kt=\"addButton\"]"}
RESULT: {"using":"xpath","value":"//button[@data-kt=\"addButton\"]"}
COMMAND: POST /session/276af0ab14c8f1c47b44a918c5eb4f66/elements - {"using":"xpath","value":"//button[@data-kt=\"addButton\"]"}
RESULT: {"using":"xpath","value":"//button[@data-kt=\"addButton\"]"}
COMMAND: POST /session/276af0ab14c8f1c47b44a918c5eb4f66/elements - {"using":"xpath","value":"//button[@data-kt=\"addButton\"]"}
RESULT: {"using":"xpath","value":"//button[@data-kt=\"addButton\"]"}
COMMAND: POST /session/276af0ab14c8f1c47b44a918c5eb4f66/elements - {"using":"xpath","value":"//button[@data-kt=\"addButton\"]"}
RESULT: {"using":"xpath","value":"//button[@data-kt=\"addButton\"]"}
COMMAND: POST /session/276af0ab14c8f1c47b44a918c5eb4f66/elements - {"using":"xpath","value":"//button[@data-kt=\"addButton\"]"}
RESULT: {"using":"xpath","value":"//button[@data-kt=\"addButton\"]"}
COMMAND: POST /session/276af0ab14c8f1c47b44a918c5eb4f66/elements - {"using":"xpath","value":"//button[@data-kt=\"addButton\"]"}
RESULT: {"using":"xpath","value":"//button[@data-kt=\"addButton\"]"}
COMMAND: POST /session/276af0ab14c8f1c47b44a918c5eb4f66/elements - {"using":"xpath","value":"//button[@data-kt=\"addButton\"]"}
RESULT: {"using":"xpath","value":"//button[@data-kt=\"addButton\"]"}
COMMAND: POST /session/276af0ab14c8f1c47b44a918c5eb4f66/elements - {"using":"xpath","value":"//button[@data-kt=\"addButton\"]"}
RESULT: {"using":"xpath","value":"//button[@data-kt=\"addButton\"]"}
COMMAND: POST /session/276af0ab14c8f1c47b44a918c5eb4f66/elements - {"using":"xpath","value":"//button[@data-kt=\"addButton\"]"}
RESULT: {"using":"xpath","value":"//button[@data-kt=\"addButton\"]"}
COMMAND: POST /session/276af0ab14c8f1c47b44a918c5eb4f66/element - {"using":"xpath","value":"//button[@data-kt=\"addButton\"]"}
RESULT: {"using":"xpath","value":"//button[@data-kt=\"addButton\"]"}
COMMAND: POST /session/276af0ab14c8f1c47b44a918c5eb4f66/execute/sync - {"script":"<script> [8489 bytes]","args":[{"element-6066-11e4-a52e-4f735466cecf":"f.5C77A6788F2F180DC89ED0F4DCB2CDCA.d.211ACC915FC816F61604A6C21BD5F976.e.2605","ELEMENT":"f.5C77A6788F2F180DC89ED0F4DCB2CDCA.d.211ACC915FC816F61604A6C21BD5F976.e.2605"}]}
RESULT: {"script":"<script> [8489 bytes]","args":[{"element-6066-11e4-a52e-4f735466cecf":"f.5C77A6788F2F180DC89ED0F4DCB2CDCA.d.211ACC915FC816F61604A6C21BD5F976.e.2605","ELEMENT":"f.5C77A6788F2F180DC89ED0F4DCB2CDCA.d.211ACC915FC816F61604A6C21BD5F976.e.2605"}]}
COMMAND: GET /session/276af0ab14c8f1c47b44a918c5eb4f66/element/f.5C77A6788F2F180DC89ED0F4DCB2CDCA.d.211ACC915FC816F61604A6C21BD5F976.e.2605/enabled - {}
COMMAND: GET /session/276af0ab14c8f1c47b44a918c5eb4f66/screenshot - {}
RESULT: {}
COMMAND: POST /session/276af0ab14c8f1c47b44a918c5eb4f66/execute/sync - {"script":"<script> [8489 bytes]","args":[{"element-6066-11e4-a52e-4f735466cecf":"f.5C77A6788F2F180DC89ED0F4DCB2CDCA.d.211ACC915FC816F61604A6C21BD5F976.e.2605","ELEMENT":"f.5C77A6788F2F180DC89ED0F4DCB2CDCA.d.211ACC915FC816F61604A6C21BD5F976.e.2605"}]}
COMMAND: GET /session/276af0ab14c8f1c47b44a918c5eb4f66/screenshot - {}
RESULT: {}
RESULT: {"script":"<script> [8489 bytes]","args":[{"element-6066-11e4-a52e-4f735466cecf":"f.5C77A6788F2F180DC89ED0F4DCB2CDCA.d.211ACC915FC816F61604A6C21BD5F976.e.2605","ELEMENT":"f.5C77A6788F2F180DC89ED0F4DCB2CDCA.d.211ACC915FC816F61604A6C21BD5F976.e.2605"}]}
COMMAND: POST /session/276af0ab14c8f1c47b44a918c5eb4f66/execute/sync - {"script":"<script> [5351 bytes]","args":[{"element-6066-11e4-a52e-4f735466cecf":"f.5C77A6788F2F180DC89ED0F4DCB2CDCA.d.211ACC915FC816F61604A6C21BD5F976.e.2605","ELEMENT":"f.5C77A6788F2F180DC89ED0F4DCB2CDCA.d.211ACC915FC816F61604A6C21BD5F976.e.2605"}]}
COMMAND: GET /session/276af0ab14c8f1c47b44a918c5eb4f66/screenshot - {}
RESULT: {}
RESULT: {"script":"<script> [5351 bytes]","args":[{"element-6066-11e4-a52e-4f735466cecf":"f.5C77A6788F2F180DC89ED0F4DCB2CDCA.d.211ACC915FC816F61604A6C21BD5F976.e.2605","ELEMENT":"f.5C77A6788F2F180DC89ED0F4DCB2CDCA.d.211ACC915FC816F61604A6C21BD5F976.e.2605"}]}
COMMAND: GET /session/276af0ab14c8f1c47b44a918c5eb4f66/screenshot - {}
RESULT: {}
RESULT: {}
RESULT: undefined
COMMAND: POST /session/276af0ab14c8f1c47b44a918c5eb4f66/execute/async - {"script":"<script> [776 bytes]","args":[{"enterText":"1237","selector":{"id":"application-managepartners-display-component---masterPtm--smartFilterBar-btnBasicSearch","interaction":{"idSuffix":"I"}},"clearTextFirst":true,"interactionType":"ENTER_TEXT"}]}
RESULT: {"script":"<script> [776 bytes]","args":[{"enterText":"1237","selector":{"id":"application-managepartners-display-component---masterPtm--smartFilterBar-btnBasicSearch","interaction":{"idSuffix":"I"}},"clearTextFirst":true,"interactionType":"ENTER_TEXT"}]}
COMMAND: POST /session/276af0ab14c8f1c47b44a918c5eb4f66/actions - {"actions":[{"id":"action8","type":"key","parameters":{},"actions":[{"type":"keyDown","value":""},{"type":"pause","duration":10},{"type":"keyUp","value":""}]}]}
RESULT: {"actions":[{"id":"action8","type":"key","parameters":{},"actions":[{"type":"keyDown","value":""},{"type":"pause","duration":10},{"type":"keyUp","value":""}]}]}
COMMAND: GET /session/276af0ab14c8f1c47b44a918c5eb4f66/screenshot - {}
RESULT: {}
COMMAND: POST /session/276af0ab14c8f1c47b44a918c5eb4f66/elements - {"using":"xpath","value":"//table[contains(@id, \"customPartnersTable-listUl\")]/tbody/tr"}
RESULT: {"using":"xpath","value":"//table[contains(@id, \"customPartnersTable-listUl\")]/tbody/tr"}
COMMAND: POST /session/276af0ab14c8f1c47b44a918c5eb4f66/element - {"using":"xpath","value":"//table[contains(@id, \"customPartnersTable-listUl\")]/tbody/tr[1]/td[3]/span"}
RESULT: {"using":"xpath","value":"//table[contains(@id, \"customPartnersTable-listUl\")]/tbody/tr[1]/td[3]/span"}
COMMAND: POST /session/276af0ab14c8f1c47b44a918c5eb4f66/elements - {"using":"xpath","value":"//table[contains(@id, \"customPartnersTable-listUl\")]/tbody/tr[1]/td[3]/span"}
RESULT: {"using":"xpath","value":"//table[contains(@id, \"customPartnersTable-listUl\")]/tbody/tr[1]/td[3]/span"}
COMMAND: POST /session/276af0ab14c8f1c47b44a918c5eb4f66/execute/sync - {"script":"<script> [56 bytes]","args":[{"element-6066-11e4-a52e-4f735466cecf":"f.5C77A6788F2F180DC89ED0F4DCB2CDCA.d.211ACC915FC816F61604A6C21BD5F976.e.2753","ELEMENT":"f.5C77A6788F2F180DC89ED0F4DCB2CDCA.d.211ACC915FC816F61604A6C21BD5F976.e.2753"}]}
RESULT: {"script":"<script> [56 bytes]","args":[{"element-6066-11e4-a52e-4f735466cecf":"f.5C77A6788F2F180DC89ED0F4DCB2CDCA.d.211ACC915FC816F61604A6C21BD5F976.e.2753","ELEMENT":"f.5C77A6788F2F180DC89ED0F4DCB2CDCA.d.211ACC915FC816F61604A6C21BD5F976.e.2753"}]}
COMMAND: POST /session/276af0ab14c8f1c47b44a918c5eb4f66/element - {"using":"xpath","value":"(//span[contains(@id, \"imgNav\")])[1]"}
COMMAND: GET /session/276af0ab14c8f1c47b44a918c5eb4f66/screenshot - {}
RESULT: {"using":"xpath","value":"(//span[contains(@id, \"imgNav\")])[1]"}
COMMAND: POST /session/276af0ab14c8f1c47b44a918c5eb4f66/element/f.5C77A6788F2F180DC89ED0F4DCB2CDCA.d.211ACC915FC816F61604A6C21BD5F976.e.2751/click - {}
RESULT: {}
RESULT: {}
COMMAND: GET /session/276af0ab14c8f1c47b44a918c5eb4f66/screenshot - {}
RESULT: {}
COMMAND: POST /session/276af0ab14c8f1c47b44a918c5eb4f66/element - {"using":"xpath","value":"//bdi[contains(text(), \"Edit\")]"}
RESULT: {"using":"xpath","value":"//bdi[contains(text(), \"Edit\")]"}
COMMAND: POST /session/276af0ab14c8f1c47b44a918c5eb4f66/element/f.5C77A6788F2F180DC89ED0F4DCB2CDCA.d.211ACC915FC816F61604A6C21BD5F976.e.2894/click - {}
RESULT: {}
COMMAND: GET /session/276af0ab14c8f1c47b44a918c5eb4f66/screenshot - {}
RESULT: {}
COMMAND: POST /session/276af0ab14c8f1c47b44a918c5eb4f66/execute/async - {"script":"<script> [1562 bytes]","args":[{"selector":{"controlType":"sap.m.Input","viewName":"etm.portal.ui.managepartners.view.EditDetail","labelFor":{"text":"Name"},"interaction":{"idSuffix":"inner"}},"wdio_ui5_key":"etmportal.ui.managepartners.view.EditDetailsap.m.Input{\"text\":\"Name\"}"}]}
RESULT: {"script":"<script> [1562 bytes]","args":[{"selector":{"controlType":"sap.m.Input","viewName":"etm.portal.ui.managepartners.view.EditDetail","labelFor":{"text":"Name"},"interaction":{"idSuffix":"inner"}},"wdio_ui5_key":"etmportal.ui.managepartners.view.EditDetailsap.m.Input{\"text\":\"Name\"}"}]}
RESULT: undefined
COMMAND: POST /session/276af0ab14c8f1c47b44a918c5eb4f66/execute/async - {"script":"<script> [776 bytes]","args":[{"enterText":"External EDIT","selector":{"controlType":"sap.m.Input","viewName":"etm.portal.ui.managepartners.view.EditDetail","labelFor":{"text":"Name"},"interaction":{"idSuffix":"inner"}},"clearTextFirst":true,"interactionType":"ENTER_TEXT"}]}
RESULT: {"script":"<script> [776 bytes]","args":[{"enterText":"External EDIT","selector":{"controlType":"sap.m.Input","viewName":"etm.portal.ui.managepartners.view.EditDetail","labelFor":{"text":"Name"},"interaction":{"idSuffix":"inner"}},"clearTextFirst":true,"interactionType":"ENTER_TEXT"}]}
COMMAND: POST /session/276af0ab14c8f1c47b44a918c5eb4f66/element - {"using":"xpath","value":"(//span[contains(@id,\"addressDetailDetailsLanguage-arrow\")])[1]"}
RESULT: {"using":"xpath","value":"(//span[contains(@id,\"addressDetailDetailsLanguage-arrow\")])[1]"}
COMMAND: POST /session/276af0ab14c8f1c47b44a918c5eb4f66/element/f.5C77A6788F2F180DC89ED0F4DCB2CDCA.d.211ACC915FC816F61604A6C21BD5F976.e.2972/click - {}
RESULT: {}
COMMAND: POST /session/276af0ab14c8f1c47b44a918c5eb4f66/element - {"using":"xpath","value":"//span[contains(text(), \"Chinese\")]"}
COMMAND: GET /session/276af0ab14c8f1c47b44a918c5eb4f66/screenshot - {}
RESULT: {"using":"xpath","value":"//span[contains(text(), \"Chinese\")]"}
COMMAND: POST /session/276af0ab14c8f1c47b44a918c5eb4f66/element/f.5C77A6788F2F180DC89ED0F4DCB2CDCA.d.211ACC915FC816F61604A6C21BD5F976.e.2973/click - {}
RESULT: {}
RESULT: {}
COMMAND: GET /session/276af0ab14c8f1c47b44a918c5eb4f66/screenshot - {}
RESULT: {}
COMMAND: POST /session/276af0ab14c8f1c47b44a918c5eb4f66/execute/async - {"script":"<script> [1562 bytes]","args":[{"selector":{"controlType":"sap.m.Input","viewName":"etm.portal.ui.managepartners.view.EditDetail","labelFor":{"text":"City"},"interaction":{"idSuffix":"inner"}},"wdio_ui5_key":"etmportal.ui.managepartners.view.EditDetailsap.m.Input{\"text\":\"City\"}"}]}
RESULT: {"script":"<script> [1562 bytes]","args":[{"selector":{"controlType":"sap.m.Input","viewName":"etm.portal.ui.managepartners.view.EditDetail","labelFor":{"text":"City"},"interaction":{"idSuffix":"inner"}},"wdio_ui5_key":"etmportal.ui.managepartners.view.EditDetailsap.m.Input{\"text\":\"City\"}"}]}
RESULT: undefined
COMMAND: POST /session/276af0ab14c8f1c47b44a918c5eb4f66/execute/async - {"script":"<script> [776 bytes]","args":[{"enterText":"Clooj-Napoca","selector":{"controlType":"sap.m.Input","viewName":"etm.portal.ui.managepartners.view.EditDetail","labelFor":{"text":"City"},"interaction":{"idSuffix":"inner"}},"clearTextFirst":true,"interactionType":"ENTER_TEXT"}]}
RESULT: {"script":"<script> [776 bytes]","args":[{"enterText":"Clooj-Napoca","selector":{"controlType":"sap.m.Input","viewName":"etm.portal.ui.managepartners.view.EditDetail","labelFor":{"text":"City"},"interaction":{"idSuffix":"inner"}},"clearTextFirst":true,"interactionType":"ENTER_TEXT"}]}
COMMAND: POST /session/276af0ab14c8f1c47b44a918c5eb4f66/element - {"using":"xpath","value":"//button[@data-kt=\"saveButton\"]"}
RESULT: {"using":"xpath","value":"//button[@data-kt=\"saveButton\"]"}
COMMAND: POST /session/276af0ab14c8f1c47b44a918c5eb4f66/element/f.5C77A6788F2F180DC89ED0F4DCB2CDCA.d.211ACC915FC816F61604A6C21BD5F976.e.2957/click - {}
RESULT: {}
COMMAND: GET /session/276af0ab14c8f1c47b44a918c5eb4f66/screenshot - {}
RESULT: {}
COMMAND: POST /session/276af0ab14c8f1c47b44a918c5eb4f66/execute/async - {"script":"<script> [1562 bytes]","args":[{"selector":{"id":"application-managepartners-display-component---detailPtm--addressDetailDetailsName1"},"wdio_ui5_key":"applicationmanagepartners-display-component---detailPtm--addressDetailDetailsName1"}]}
RESULT: {"script":"<script> [1562 bytes]","args":[{"selector":{"id":"application-managepartners-display-component---detailPtm--addressDetailDetailsName1"},"wdio_ui5_key":"applicationmanagepartners-display-component---detailPtm--addressDetailDetailsName1"}]}
RESULT: undefined
COMMAND: POST /session/276af0ab14c8f1c47b44a918c5eb4f66/execute/async - {"script":"<script> [6424 bytes]","args":[{"element-6066-11e4-a52e-4f735466cecf":"f.5C77A6788F2F180DC89ED0F4DCB2CDCA.d.211ACC915FC816F61604A6C21BD5F976.e.3004"},"getValue",[]]}
RESULT: {"script":"<script> [6424 bytes]","args":[{"element-6066-11e4-a52e-4f735466cecf":"f.5C77A6788F2F180DC89ED0F4DCB2CDCA.d.211ACC915FC816F61604A6C21BD5F976.e.3004"},"getValue",[]]}
COMMAND: POST /session/276af0ab14c8f1c47b44a918c5eb4f66/element - {"using":"xpath","value":"//input[@id = \"application-managepartners-display-component---detailPtm--addressDetailDetailsLanguage-inner\"]"}
RESULT: {"using":"xpath","value":"//input[@id = \"application-managepartners-display-component---detailPtm--addressDetailDetailsLanguage-inner\"]"}
COMMAND: GET /session/276af0ab14c8f1c47b44a918c5eb4f66/element/f.5C77A6788F2F180DC89ED0F4DCB2CDCA.d.211ACC915FC816F61604A6C21BD5F976.e.3005/property/value - {}
RESULT: {}
COMMAND: POST /session/276af0ab14c8f1c47b44a918c5eb4f66/execute/async - {"script":"<script> [1562 bytes]","args":[{"selector":{"id":"application-managepartners-display-component---detailPtm--addressDetailDetailsCity1"},"wdio_ui5_key":"applicationmanagepartners-display-component---detailPtm--addressDetailDetailsCity1"}]}
COMMAND: GET /session/276af0ab14c8f1c47b44a918c5eb4f66/screenshot - {}
RESULT: {"script":"<script> [1562 bytes]","args":[{"selector":{"id":"application-managepartners-display-component---detailPtm--addressDetailDetailsCity1"},"wdio_ui5_key":"applicationmanagepartners-display-component---detailPtm--addressDetailDetailsCity1"}]}
RESULT: undefined
COMMAND: POST /session/276af0ab14c8f1c47b44a918c5eb4f66/execute/async - {"script":"<script> [6424 bytes]","args":[{"element-6066-11e4-a52e-4f735466cecf":"f.5C77A6788F2F180DC89ED0F4DCB2CDCA.d.211ACC915FC816F61604A6C21BD5F976.e.3006"},"getValue",[]]}
RESULT: {}
RESULT: {"script":"<script> [6424 bytes]","args":[{"element-6066-11e4-a52e-4f735466cecf":"f.5C77A6788F2F180DC89ED0F4DCB2CDCA.d.211ACC915FC816F61604A6C21BD5F976.e.3006"},"getValue",[]]}
COMMAND: POST /session/276af0ab14c8f1c47b44a918c5eb4f66/element - {"using":"css selector","value":"#shell-header-logo"}
RESULT: {"using":"css selector","value":"#shell-header-logo"}
COMMAND: POST /session/276af0ab14c8f1c47b44a918c5eb4f66/element/f.5C77A6788F2F180DC89ED0F4DCB2CDCA.d.211ACC915FC816F61604A6C21BD5F976.e.2571/click - {}
RESULT: {}
COMMAND: GET /session/276af0ab14c8f1c47b44a918c5eb4f66/screenshot - {}
RESULT: {}
]]></system-out>
    </testcase>
    <testcase classname="chrome.135_0_7049_42.windows.Partner_specific_tests_US150819_US151080_US151654_US151176_US103444_US151078_US151079_US151109_US151174_US151175_US151189" name="Should create a new intercompany partner edit some of its fields US151078" time="203.619">
      <system-out><![CDATA[
COMMAND: POST /session/276af0ab14c8f1c47b44a918c5eb4f66/element - {"using":"xpath","value":"//li[.//span[text()=\"Manage Partners\"]]"}
RESULT: {"using":"xpath","value":"//li[.//span[text()=\"Manage Partners\"]]"}
COMMAND: POST /session/276af0ab14c8f1c47b44a918c5eb4f66/element - {"using":"xpath","value":"//li[.//span[text()=\"Manage Partners\"]]"}
RESULT: {"using":"xpath","value":"//li[.//span[text()=\"Manage Partners\"]]"}
COMMAND: POST /session/276af0ab14c8f1c47b44a918c5eb4f66/element - {"using":"css selector","value":"#shell-header-logo"}
RESULT: {"using":"css selector","value":"#shell-header-logo"}
COMMAND: POST /session/276af0ab14c8f1c47b44a918c5eb4f66/element/f.5C77A6788F2F180DC89ED0F4DCB2CDCA.d.211ACC915FC816F61604A6C21BD5F976.e.3036/click - {}
COMMAND: POST /session/276af0ab14c8f1c47b44a918c5eb4f66/execute/sync - {"script":"<script> [8489 bytes]","args":[{"element-6066-11e4-a52e-4f735466cecf":"f.5C77A6788F2F180DC89ED0F4DCB2CDCA.d.211ACC915FC816F61604A6C21BD5F976.e.3036","ELEMENT":"f.5C77A6788F2F180DC89ED0F4DCB2CDCA.d.211ACC915FC816F61604A6C21BD5F976.e.3036"}]}
RESULT: {}
COMMAND: GET /session/276af0ab14c8f1c47b44a918c5eb4f66/screenshot - {}
RESULT: {"script":"<script> [8489 bytes]","args":[{"element-6066-11e4-a52e-4f735466cecf":"f.5C77A6788F2F180DC89ED0F4DCB2CDCA.d.211ACC915FC816F61604A6C21BD5F976.e.3036","ELEMENT":"f.5C77A6788F2F180DC89ED0F4DCB2CDCA.d.211ACC915FC816F61604A6C21BD5F976.e.3036"}]}
COMMAND: POST /session/276af0ab14c8f1c47b44a918c5eb4f66/execute/sync - {"script":"<script> [5351 bytes]","args":[{"element-6066-11e4-a52e-4f735466cecf":"f.5C77A6788F2F180DC89ED0F4DCB2CDCA.d.211ACC915FC816F61604A6C21BD5F976.e.3036","ELEMENT":"f.5C77A6788F2F180DC89ED0F4DCB2CDCA.d.211ACC915FC816F61604A6C21BD5F976.e.3036"}]}
COMMAND: GET /session/276af0ab14c8f1c47b44a918c5eb4f66/screenshot - {}
RESULT: {}
RESULT: {"script":"<script> [5351 bytes]","args":[{"element-6066-11e4-a52e-4f735466cecf":"f.5C77A6788F2F180DC89ED0F4DCB2CDCA.d.211ACC915FC816F61604A6C21BD5F976.e.3036","ELEMENT":"f.5C77A6788F2F180DC89ED0F4DCB2CDCA.d.211ACC915FC816F61604A6C21BD5F976.e.3036"}]}
COMMAND: GET /session/276af0ab14c8f1c47b44a918c5eb4f66/screenshot - {}
RESULT: {}
RESULT: {}
COMMAND: POST /session/276af0ab14c8f1c47b44a918c5eb4f66/refresh - {}
RESULT: {}
COMMAND: GET /session/276af0ab14c8f1c47b44a918c5eb4f66/screenshot - {}
RESULT: {}
COMMAND: POST /session/276af0ab14c8f1c47b44a918c5eb4f66/refresh - {}
RESULT: {}
COMMAND: GET /session/276af0ab14c8f1c47b44a918c5eb4f66/screenshot - {}
RESULT: {}
COMMAND: POST /session/276af0ab14c8f1c47b44a918c5eb4f66/execute/async - {"script":"<script> [189 bytes]","args":[]}
RESULT: {"script":"<script> [189 bytes]","args":[]}
COMMAND: POST /session/276af0ab14c8f1c47b44a918c5eb4f66/execute/async - {"script":"<script> [123 bytes]","args":[]}
RESULT: {"script":"<script> [123 bytes]","args":[]}
COMMAND: POST /session/276af0ab14c8f1c47b44a918c5eb4f66/timeouts - {"script":"<number>"}
RESULT: {"script":"<number>"}
COMMAND: GET /session/276af0ab14c8f1c47b44a918c5eb4f66/timeouts - {}
RESULT: {}
RESULT: undefined
COMMAND: POST /session/276af0ab14c8f1c47b44a918c5eb4f66/execute/async - {"script":"<script> [2676 bytes]","args":[]}
RESULT: {"script":"<script> [2676 bytes]","args":[]}
COMMAND: POST /session/276af0ab14c8f1c47b44a918c5eb4f66/execute/async - {"script":"<script> [2342 bytes]","args":[{"protocol":"http","hostname":"0.0.0.0","path":"/","capabilities":{"browserName":"chrome","goog:chromeOptions":{"binary":"C:\\Program Files\\Google\\Chrome\\Application\\chrome.exe","args":["--start-maximized"]}},"logLevel":"warn","connectionRetryTimeout":120000,"connectionRetryCount":3,"logLevels":{},"enableDirectConnect":true,"strictSSL":true,"_":"65 more keys: [\"cacheDir\",\"port\",\"requestedCapabilities\",\"automationProtocol\",\"baseUrl\",\"waitforInterval\",\"waitforTimeout\",\"onReload\",\"beforeCommand\",\"afterCommand\",\"rootDir\",\"specs\",\"suites\",\"exclude\",\"groupLogsByTestSpec\",\"excludeDriverLogs\",\"bail\",\"framework\",\"reporters\",\"services\",\"maxInstances\",\"maxInstancesPerCapability\",\"injectGlobals\",\"filesToWatch\",\"execArgv\",\"runnerEnv\",\"runner\",\"shard\",\"specFileRetries\",\"specFileRetriesDelay\",\"specFileRetriesDeferred\",\"reporterSyncInterval\",\"reporterSyncTimeout\",\"cucumberFeaturesWithLineNumbers\",\"autoCompileOpts\",\"mochaOpts\",\"jasmineOpts\",\"cucumberOpts\",\"onPrepare\",\"onWorkerStart\",\"onWorkerEnd\",\"before\",\"beforeSession\",\"beforeSuite\",\"beforeHook\",\"beforeTest\",\"afterTest\",\"afterHook\",\"afterSuite\",\"afterSession\",\"after\",\"onComplete\",\"beforeAssertion\",\"afterAssertion\",\"beforeFeature\",\"beforeScenario\",\"beforeStep\",\"afterStep\",\"afterScenario\",\"afterFeature\",\"_\",\"suite\",\"$0\",\"ignoredWorkerServices\",\"wdi5\"]"}]}
RESULT: {"script":"<script> [2342 bytes]","args":[{"protocol":"http","hostname":"0.0.0.0","path":"/","capabilities":{"browserName":"chrome","goog:chromeOptions":{"binary":"C:\\Program Files\\Google\\Chrome\\Application\\chrome.exe","args":["--start-maximized"]}},"logLevel":"warn","connectionRetryTimeout":120000,"connectionRetryCount":3,"logLevels":{},"enableDirectConnect":true,"strictSSL":true,"_":"65 more keys: [\"cacheDir\",\"port\",\"requestedCapabilities\",\"automationProtocol\",\"baseUrl\",\"waitforInterval\",\"waitforTimeout\",\"onReload\",\"beforeCommand\",\"afterCommand\",\"rootDir\",\"specs\",\"suites\",\"exclude\",\"groupLogsByTestSpec\",\"excludeDriverLogs\",\"bail\",\"framework\",\"reporters\",\"services\",\"maxInstances\",\"maxInstancesPerCapability\",\"injectGlobals\",\"filesToWatch\",\"execArgv\",\"runnerEnv\",\"runner\",\"shard\",\"specFileRetries\",\"specFileRetriesDelay\",\"specFileRetriesDeferred\",\"reporterSyncInterval\",\"reporterSyncTimeout\",\"cucumberFeaturesWithLineNumbers\",\"autoCompileOpts\",\"mochaOpts\",\"jasmineOpts\",\"cucumberOpts\",\"onPrepare\",\"onWorkerStart\",\"onWorkerEnd\",\"before\",\"beforeSession\",\"beforeSuite\",\"beforeHook\",\"beforeTest\",\"afterTest\",\"afterHook\",\"afterSuite\",\"afterSession\",\"after\",\"onComplete\",\"beforeAssertion\",\"afterAssertion\",\"beforeFeature\",\"beforeScenario\",\"beforeStep\",\"afterStep\",\"afterScenario\",\"afterFeature\",\"_\",\"suite\",\"$0\",\"ignoredWorkerServices\",\"wdi5\"]"}]}
COMMAND: POST /session/276af0ab14c8f1c47b44a918c5eb4f66/execute/async - {"script":"<script> [21126 bytes]","args":[35000]}
RESULT: {"script":"<script> [21126 bytes]","args":[35000]}
COMMAND: POST /session/276af0ab14c8f1c47b44a918c5eb4f66/window/fullscreen - {}
RESULT: {}
COMMAND: POST /session/276af0ab14c8f1c47b44a918c5eb4f66/window/fullscreen - {}
RESULT: {}
COMMAND: POST /session/276af0ab14c8f1c47b44a918c5eb4f66/execute/async - {"script":"<script> [1562 bytes]","args":[{"selector":{"controlType":"sap.m.GenericTile","properties":{"header":"Manage Partners"}},"wdio_ui5_key":"sapm.GenericTile{\"header\":\"Manage Partners\"}"}]}
RESULT: {"script":"<script> [1562 bytes]","args":[{"selector":{"controlType":"sap.m.GenericTile","properties":{"header":"Manage Partners"}},"wdio_ui5_key":"sapm.GenericTile{\"header\":\"Manage Partners\"}"}]}
RESULT: undefined
COMMAND: POST /session/276af0ab14c8f1c47b44a918c5eb4f66/element - {"using":"xpath","value":"//*[@id=\"__tile30\"]"}
RESULT: {"using":"xpath","value":"//*[@id=\"__tile30\"]"}
COMMAND: POST /session/276af0ab14c8f1c47b44a918c5eb4f66/element/f.5C77A6788F2F180DC89ED0F4DCB2CDCA.d.89CAD332507EBC6BC71A6A93BF13E926.e.3104/click - {}
RESULT: {}
COMMAND: POST /session/276af0ab14c8f1c47b44a918c5eb4f66/element - {"using":"xpath","value":"//button[@data-kt=\"addButton\"]"}
COMMAND: GET /session/276af0ab14c8f1c47b44a918c5eb4f66/screenshot - {}
RESULT: {"using":"xpath","value":"//button[@data-kt=\"addButton\"]"}
COMMAND: POST /session/276af0ab14c8f1c47b44a918c5eb4f66/elements - {"using":"xpath","value":"//button[@data-kt=\"addButton\"]"}
RESULT: {}
RESULT: {"using":"xpath","value":"//button[@data-kt=\"addButton\"]"}
COMMAND: POST /session/276af0ab14c8f1c47b44a918c5eb4f66/elements - {"using":"xpath","value":"//button[@data-kt=\"addButton\"]"}
RESULT: {"using":"xpath","value":"//button[@data-kt=\"addButton\"]"}
COMMAND: POST /session/276af0ab14c8f1c47b44a918c5eb4f66/elements - {"using":"xpath","value":"//button[@data-kt=\"addButton\"]"}
RESULT: {"using":"xpath","value":"//button[@data-kt=\"addButton\"]"}
COMMAND: POST /session/276af0ab14c8f1c47b44a918c5eb4f66/elements - {"using":"xpath","value":"//button[@data-kt=\"addButton\"]"}
RESULT: {"using":"xpath","value":"//button[@data-kt=\"addButton\"]"}
COMMAND: POST /session/276af0ab14c8f1c47b44a918c5eb4f66/elements - {"using":"xpath","value":"//button[@data-kt=\"addButton\"]"}
RESULT: {"using":"xpath","value":"//button[@data-kt=\"addButton\"]"}
COMMAND: POST /session/276af0ab14c8f1c47b44a918c5eb4f66/elements - {"using":"xpath","value":"//button[@data-kt=\"addButton\"]"}
RESULT: {"using":"xpath","value":"//button[@data-kt=\"addButton\"]"}
COMMAND: POST /session/276af0ab14c8f1c47b44a918c5eb4f66/elements - {"using":"xpath","value":"//button[@data-kt=\"addButton\"]"}
RESULT: {"using":"xpath","value":"//button[@data-kt=\"addButton\"]"}
COMMAND: POST /session/276af0ab14c8f1c47b44a918c5eb4f66/elements - {"using":"xpath","value":"//button[@data-kt=\"addButton\"]"}
RESULT: {"using":"xpath","value":"//button[@data-kt=\"addButton\"]"}
COMMAND: POST /session/276af0ab14c8f1c47b44a918c5eb4f66/elements - {"using":"xpath","value":"//button[@data-kt=\"addButton\"]"}
RESULT: {"using":"xpath","value":"//button[@data-kt=\"addButton\"]"}
COMMAND: POST /session/276af0ab14c8f1c47b44a918c5eb4f66/elements - {"using":"xpath","value":"//button[@data-kt=\"addButton\"]"}
RESULT: {"using":"xpath","value":"//button[@data-kt=\"addButton\"]"}
COMMAND: POST /session/276af0ab14c8f1c47b44a918c5eb4f66/elements - {"using":"xpath","value":"//button[@data-kt=\"addButton\"]"}
RESULT: {"using":"xpath","value":"//button[@data-kt=\"addButton\"]"}
COMMAND: POST /session/276af0ab14c8f1c47b44a918c5eb4f66/elements - {"using":"xpath","value":"//button[@data-kt=\"addButton\"]"}
RESULT: {"using":"xpath","value":"//button[@data-kt=\"addButton\"]"}
COMMAND: POST /session/276af0ab14c8f1c47b44a918c5eb4f66/elements - {"using":"xpath","value":"//button[@data-kt=\"addButton\"]"}
RESULT: {"using":"xpath","value":"//button[@data-kt=\"addButton\"]"}
COMMAND: POST /session/276af0ab14c8f1c47b44a918c5eb4f66/elements - {"using":"xpath","value":"//button[@data-kt=\"addButton\"]"}
RESULT: {"using":"xpath","value":"//button[@data-kt=\"addButton\"]"}
COMMAND: POST /session/276af0ab14c8f1c47b44a918c5eb4f66/elements - {"using":"xpath","value":"//button[@data-kt=\"addButton\"]"}
RESULT: {"using":"xpath","value":"//button[@data-kt=\"addButton\"]"}
COMMAND: POST /session/276af0ab14c8f1c47b44a918c5eb4f66/elements - {"using":"xpath","value":"//button[@data-kt=\"addButton\"]"}
RESULT: {"using":"xpath","value":"//button[@data-kt=\"addButton\"]"}
COMMAND: POST /session/276af0ab14c8f1c47b44a918c5eb4f66/elements - {"using":"xpath","value":"//button[@data-kt=\"addButton\"]"}
RESULT: {"using":"xpath","value":"//button[@data-kt=\"addButton\"]"}
COMMAND: POST /session/276af0ab14c8f1c47b44a918c5eb4f66/elements - {"using":"xpath","value":"//button[@data-kt=\"addButton\"]"}
RESULT: {"using":"xpath","value":"//button[@data-kt=\"addButton\"]"}
COMMAND: POST /session/276af0ab14c8f1c47b44a918c5eb4f66/elements - {"using":"xpath","value":"//button[@data-kt=\"addButton\"]"}
RESULT: {"using":"xpath","value":"//button[@data-kt=\"addButton\"]"}
COMMAND: POST /session/276af0ab14c8f1c47b44a918c5eb4f66/elements - {"using":"xpath","value":"//button[@data-kt=\"addButton\"]"}
RESULT: {"using":"xpath","value":"//button[@data-kt=\"addButton\"]"}
COMMAND: POST /session/276af0ab14c8f1c47b44a918c5eb4f66/elements - {"using":"xpath","value":"//button[@data-kt=\"addButton\"]"}
RESULT: {"using":"xpath","value":"//button[@data-kt=\"addButton\"]"}
COMMAND: POST /session/276af0ab14c8f1c47b44a918c5eb4f66/elements - {"using":"xpath","value":"//button[@data-kt=\"addButton\"]"}
RESULT: {"using":"xpath","value":"//button[@data-kt=\"addButton\"]"}
COMMAND: POST /session/276af0ab14c8f1c47b44a918c5eb4f66/elements - {"using":"xpath","value":"//button[@data-kt=\"addButton\"]"}
RESULT: {"using":"xpath","value":"//button[@data-kt=\"addButton\"]"}
COMMAND: POST /session/276af0ab14c8f1c47b44a918c5eb4f66/elements - {"using":"xpath","value":"//button[@data-kt=\"addButton\"]"}
RESULT: {"using":"xpath","value":"//button[@data-kt=\"addButton\"]"}
COMMAND: POST /session/276af0ab14c8f1c47b44a918c5eb4f66/elements - {"using":"xpath","value":"//button[@data-kt=\"addButton\"]"}
RESULT: {"using":"xpath","value":"//button[@data-kt=\"addButton\"]"}
COMMAND: POST /session/276af0ab14c8f1c47b44a918c5eb4f66/elements - {"using":"xpath","value":"//button[@data-kt=\"addButton\"]"}
RESULT: {"using":"xpath","value":"//button[@data-kt=\"addButton\"]"}
COMMAND: POST /session/276af0ab14c8f1c47b44a918c5eb4f66/elements - {"using":"xpath","value":"//button[@data-kt=\"addButton\"]"}
RESULT: {"using":"xpath","value":"//button[@data-kt=\"addButton\"]"}
COMMAND: POST /session/276af0ab14c8f1c47b44a918c5eb4f66/elements - {"using":"xpath","value":"//button[@data-kt=\"addButton\"]"}
RESULT: {"using":"xpath","value":"//button[@data-kt=\"addButton\"]"}
COMMAND: POST /session/276af0ab14c8f1c47b44a918c5eb4f66/elements - {"using":"xpath","value":"//button[@data-kt=\"addButton\"]"}
RESULT: {"using":"xpath","value":"//button[@data-kt=\"addButton\"]"}
COMMAND: POST /session/276af0ab14c8f1c47b44a918c5eb4f66/elements - {"using":"xpath","value":"//button[@data-kt=\"addButton\"]"}
RESULT: {"using":"xpath","value":"//button[@data-kt=\"addButton\"]"}
COMMAND: POST /session/276af0ab14c8f1c47b44a918c5eb4f66/elements - {"using":"xpath","value":"//button[@data-kt=\"addButton\"]"}
RESULT: {"using":"xpath","value":"//button[@data-kt=\"addButton\"]"}
COMMAND: POST /session/276af0ab14c8f1c47b44a918c5eb4f66/elements - {"using":"xpath","value":"//button[@data-kt=\"addButton\"]"}
RESULT: {"using":"xpath","value":"//button[@data-kt=\"addButton\"]"}
COMMAND: POST /session/276af0ab14c8f1c47b44a918c5eb4f66/elements - {"using":"xpath","value":"//button[@data-kt=\"addButton\"]"}
RESULT: {"using":"xpath","value":"//button[@data-kt=\"addButton\"]"}
COMMAND: POST /session/276af0ab14c8f1c47b44a918c5eb4f66/elements - {"using":"xpath","value":"//button[@data-kt=\"addButton\"]"}
RESULT: {"using":"xpath","value":"//button[@data-kt=\"addButton\"]"}
COMMAND: POST /session/276af0ab14c8f1c47b44a918c5eb4f66/elements - {"using":"xpath","value":"//button[@data-kt=\"addButton\"]"}
RESULT: {"using":"xpath","value":"//button[@data-kt=\"addButton\"]"}
COMMAND: POST /session/276af0ab14c8f1c47b44a918c5eb4f66/elements - {"using":"xpath","value":"//button[@data-kt=\"addButton\"]"}
RESULT: {"using":"xpath","value":"//button[@data-kt=\"addButton\"]"}
COMMAND: POST /session/276af0ab14c8f1c47b44a918c5eb4f66/elements - {"using":"xpath","value":"//button[@data-kt=\"addButton\"]"}
RESULT: {"using":"xpath","value":"//button[@data-kt=\"addButton\"]"}
COMMAND: POST /session/276af0ab14c8f1c47b44a918c5eb4f66/elements - {"using":"xpath","value":"//button[@data-kt=\"addButton\"]"}
RESULT: {"using":"xpath","value":"//button[@data-kt=\"addButton\"]"}
COMMAND: POST /session/276af0ab14c8f1c47b44a918c5eb4f66/elements - {"using":"xpath","value":"//button[@data-kt=\"addButton\"]"}
RESULT: {"using":"xpath","value":"//button[@data-kt=\"addButton\"]"}
COMMAND: POST /session/276af0ab14c8f1c47b44a918c5eb4f66/elements - {"using":"xpath","value":"//button[@data-kt=\"addButton\"]"}
RESULT: {"using":"xpath","value":"//button[@data-kt=\"addButton\"]"}
COMMAND: POST /session/276af0ab14c8f1c47b44a918c5eb4f66/element - {"using":"xpath","value":"//button[@data-kt=\"addButton\"]"}
RESULT: {"using":"xpath","value":"//button[@data-kt=\"addButton\"]"}
COMMAND: POST /session/276af0ab14c8f1c47b44a918c5eb4f66/execute/sync - {"script":"<script> [8489 bytes]","args":[{"element-6066-11e4-a52e-4f735466cecf":"f.5C77A6788F2F180DC89ED0F4DCB2CDCA.d.89CAD332507EBC6BC71A6A93BF13E926.e.3217","ELEMENT":"f.5C77A6788F2F180DC89ED0F4DCB2CDCA.d.89CAD332507EBC6BC71A6A93BF13E926.e.3217"}]}
RESULT: {"script":"<script> [8489 bytes]","args":[{"element-6066-11e4-a52e-4f735466cecf":"f.5C77A6788F2F180DC89ED0F4DCB2CDCA.d.89CAD332507EBC6BC71A6A93BF13E926.e.3217","ELEMENT":"f.5C77A6788F2F180DC89ED0F4DCB2CDCA.d.89CAD332507EBC6BC71A6A93BF13E926.e.3217"}]}
COMMAND: GET /session/276af0ab14c8f1c47b44a918c5eb4f66/element/f.5C77A6788F2F180DC89ED0F4DCB2CDCA.d.89CAD332507EBC6BC71A6A93BF13E926.e.3217/enabled - {}
COMMAND: GET /session/276af0ab14c8f1c47b44a918c5eb4f66/screenshot - {}
RESULT: {}
COMMAND: POST /session/276af0ab14c8f1c47b44a918c5eb4f66/execute/sync - {"script":"<script> [8489 bytes]","args":[{"element-6066-11e4-a52e-4f735466cecf":"f.5C77A6788F2F180DC89ED0F4DCB2CDCA.d.89CAD332507EBC6BC71A6A93BF13E926.e.3217","ELEMENT":"f.5C77A6788F2F180DC89ED0F4DCB2CDCA.d.89CAD332507EBC6BC71A6A93BF13E926.e.3217"}]}
COMMAND: GET /session/276af0ab14c8f1c47b44a918c5eb4f66/screenshot - {}
RESULT: {}
RESULT: {"script":"<script> [8489 bytes]","args":[{"element-6066-11e4-a52e-4f735466cecf":"f.5C77A6788F2F180DC89ED0F4DCB2CDCA.d.89CAD332507EBC6BC71A6A93BF13E926.e.3217","ELEMENT":"f.5C77A6788F2F180DC89ED0F4DCB2CDCA.d.89CAD332507EBC6BC71A6A93BF13E926.e.3217"}]}
COMMAND: POST /session/276af0ab14c8f1c47b44a918c5eb4f66/execute/sync - {"script":"<script> [5351 bytes]","args":[{"element-6066-11e4-a52e-4f735466cecf":"f.5C77A6788F2F180DC89ED0F4DCB2CDCA.d.89CAD332507EBC6BC71A6A93BF13E926.e.3217","ELEMENT":"f.5C77A6788F2F180DC89ED0F4DCB2CDCA.d.89CAD332507EBC6BC71A6A93BF13E926.e.3217"}]}
COMMAND: GET /session/276af0ab14c8f1c47b44a918c5eb4f66/screenshot - {}
RESULT: {}
RESULT: {"script":"<script> [5351 bytes]","args":[{"element-6066-11e4-a52e-4f735466cecf":"f.5C77A6788F2F180DC89ED0F4DCB2CDCA.d.89CAD332507EBC6BC71A6A93BF13E926.e.3217","ELEMENT":"f.5C77A6788F2F180DC89ED0F4DCB2CDCA.d.89CAD332507EBC6BC71A6A93BF13E926.e.3217"}]}
COMMAND: POST /session/276af0ab14c8f1c47b44a918c5eb4f66/element/f.5C77A6788F2F180DC89ED0F4DCB2CDCA.d.89CAD332507EBC6BC71A6A93BF13E926.e.3217/click - {}
COMMAND: GET /session/276af0ab14c8f1c47b44a918c5eb4f66/screenshot - {}
RESULT: {}
RESULT: {}
COMMAND: GET /session/276af0ab14c8f1c47b44a918c5eb4f66/screenshot - {}
RESULT: {}
COMMAND: POST /session/276af0ab14c8f1c47b44a918c5eb4f66/execute/async - {"script":"<script> [1562 bytes]","args":[{"selector":{"id":"application-managepartners-display-component---NewPartner--addressDetailDetailsName1","interaction":{"idSuffix":"inner"}},"wdio_ui5_key":"applicationmanagepartners-display-component---NewPartner--addressDetailDetailsName1"}]}
RESULT: {}
RESULT: {"script":"<script> [1562 bytes]","args":[{"selector":{"id":"application-managepartners-display-component---NewPartner--addressDetailDetailsName1","interaction":{"idSuffix":"inner"}},"wdio_ui5_key":"applicationmanagepartners-display-component---NewPartner--addressDetailDetailsName1"}]}
RESULT: undefined
COMMAND: POST /session/276af0ab14c8f1c47b44a918c5eb4f66/execute/async - {"script":"<script> [776 bytes]","args":[{"enterText":"Intercompany Partner WDIO","selector":{"id":"application-managepartners-display-component---NewPartner--addressDetailDetailsName1","interaction":{"idSuffix":"inner"}},"clearTextFirst":true,"interactionType":"ENTER_TEXT"}]}
RESULT: {"script":"<script> [776 bytes]","args":[{"enterText":"Intercompany Partner WDIO","selector":{"id":"application-managepartners-display-component---NewPartner--addressDetailDetailsName1","interaction":{"idSuffix":"inner"}},"clearTextFirst":true,"interactionType":"ENTER_TEXT"}]}
COMMAND: POST /session/276af0ab14c8f1c47b44a918c5eb4f66/execute/async - {"script":"<script> [1562 bytes]","args":[{"selector":{"id":"application-managepartners-display-component---NewPartner--addressDetailDetailsLanguage-arrow"},"wdio_ui5_key":"applicationmanagepartners-display-component---NewPartner--addressDetailDetailsLanguage-arrow"}]}
RESULT: {"script":"<script> [1562 bytes]","args":[{"selector":{"id":"application-managepartners-display-component---NewPartner--addressDetailDetailsLanguage-arrow"},"wdio_ui5_key":"applicationmanagepartners-display-component---NewPartner--addressDetailDetailsLanguage-arrow"}]}
RESULT: undefined
COMMAND: POST /session/276af0ab14c8f1c47b44a918c5eb4f66/element - {"using":"xpath","value":"//*[@id=\"application-managepartners-display-component---NewPartner--addressDetailDetailsLanguage-arrow\"]"}
RESULT: {"using":"xpath","value":"//*[@id=\"application-managepartners-display-component---NewPartner--addressDetailDetailsLanguage-arrow\"]"}
COMMAND: POST /session/276af0ab14c8f1c47b44a918c5eb4f66/element/f.5C77A6788F2F180DC89ED0F4DCB2CDCA.d.89CAD332507EBC6BC71A6A93BF13E926.e.3518/click - {}
RESULT: {}
COMMAND: POST /session/276af0ab14c8f1c47b44a918c5eb4f66/element - {"using":"xpath","value":"//span[contains(text(), \"English\")]"}
COMMAND: GET /session/276af0ab14c8f1c47b44a918c5eb4f66/screenshot - {}
RESULT: {"using":"xpath","value":"//span[contains(text(), \"English\")]"}
COMMAND: POST /session/276af0ab14c8f1c47b44a918c5eb4f66/element/f.5C77A6788F2F180DC89ED0F4DCB2CDCA.d.89CAD332507EBC6BC71A6A93BF13E926.e.3519/click - {}
RESULT: {}
RESULT: {}
COMMAND: GET /session/276af0ab14c8f1c47b44a918c5eb4f66/screenshot - {}
RESULT: {}
COMMAND: POST /session/276af0ab14c8f1c47b44a918c5eb4f66/execute/async - {"script":"<script> [1562 bytes]","args":[{"selector":{"id":"application-managepartners-display-component---NewPartner--addressDetailDetailsCity1","interaction":{"idSuffix":"inner"}},"wdio_ui5_key":"applicationmanagepartners-display-component---NewPartner--addressDetailDetailsCity1"}]}
RESULT: {"script":"<script> [1562 bytes]","args":[{"selector":{"id":"application-managepartners-display-component---NewPartner--addressDetailDetailsCity1","interaction":{"idSuffix":"inner"}},"wdio_ui5_key":"applicationmanagepartners-display-component---NewPartner--addressDetailDetailsCity1"}]}
RESULT: undefined
COMMAND: POST /session/276af0ab14c8f1c47b44a918c5eb4f66/execute/async - {"script":"<script> [776 bytes]","args":[{"enterText":"Rosario","selector":{"id":"application-managepartners-display-component---NewPartner--addressDetailDetailsCity1","interaction":{"idSuffix":"inner"}},"clearTextFirst":true,"interactionType":"ENTER_TEXT"}]}
RESULT: {"script":"<script> [776 bytes]","args":[{"enterText":"Rosario","selector":{"id":"application-managepartners-display-component---NewPartner--addressDetailDetailsCity1","interaction":{"idSuffix":"inner"}},"clearTextFirst":true,"interactionType":"ENTER_TEXT"}]}
COMMAND: POST /session/276af0ab14c8f1c47b44a918c5eb4f66/execute/async - {"script":"<script> [1562 bytes]","args":[{"selector":{"id":"application-managepartners-display-component---NewPartner--addressDetailDetailsCountry-arrow"},"wdio_ui5_key":"applicationmanagepartners-display-component---NewPartner--addressDetailDetailsCountry-arrow"}]}
RESULT: {"script":"<script> [1562 bytes]","args":[{"selector":{"id":"application-managepartners-display-component---NewPartner--addressDetailDetailsCountry-arrow"},"wdio_ui5_key":"applicationmanagepartners-display-component---NewPartner--addressDetailDetailsCountry-arrow"}]}
RESULT: undefined
COMMAND: POST /session/276af0ab14c8f1c47b44a918c5eb4f66/element - {"using":"xpath","value":"//*[@id=\"application-managepartners-display-component---NewPartner--addressDetailDetailsCountry-arrow\"]"}
RESULT: {"using":"xpath","value":"//*[@id=\"application-managepartners-display-component---NewPartner--addressDetailDetailsCountry-arrow\"]"}
COMMAND: POST /session/276af0ab14c8f1c47b44a918c5eb4f66/element/f.5C77A6788F2F180DC89ED0F4DCB2CDCA.d.89CAD332507EBC6BC71A6A93BF13E926.e.3319/click - {}
RESULT: {}
COMMAND: POST /session/276af0ab14c8f1c47b44a918c5eb4f66/element - {"using":"xpath","value":"//span[contains(text(), \"Argentina\")]"}
COMMAND: GET /session/276af0ab14c8f1c47b44a918c5eb4f66/screenshot - {}
RESULT: {"using":"xpath","value":"//span[contains(text(), \"Argentina\")]"}
COMMAND: POST /session/276af0ab14c8f1c47b44a918c5eb4f66/element/f.5C77A6788F2F180DC89ED0F4DCB2CDCA.d.89CAD332507EBC6BC71A6A93BF13E926.e.3521/click - {}
RESULT: {}
RESULT: {}
COMMAND: GET /session/276af0ab14c8f1c47b44a918c5eb4f66/screenshot - {}
RESULT: {}
COMMAND: POST /session/276af0ab14c8f1c47b44a918c5eb4f66/element - {"using":"xpath","value":"//bdi[contains(text(), \"Commercial\")]"}
RESULT: {"using":"xpath","value":"//bdi[contains(text(), \"Commercial\")]"}
COMMAND: POST /session/276af0ab14c8f1c47b44a918c5eb4f66/element/f.5C77A6788F2F180DC89ED0F4DCB2CDCA.d.89CAD332507EBC6BC71A6A93BF13E926.e.3522/click - {}
RESULT: {}
COMMAND: GET /session/276af0ab14c8f1c47b44a918c5eb4f66/screenshot - {}
RESULT: {}
COMMAND: POST /session/276af0ab14c8f1c47b44a918c5eb4f66/execute/async - {"script":"<script> [1562 bytes]","args":[{"selector":{"id":"application-managepartners-display-component---NewPartner--partnerDetailInternal-arrow"},"wdio_ui5_key":"applicationmanagepartners-display-component---NewPartner--partnerDetailInternal-arrow"}]}
RESULT: {"script":"<script> [1562 bytes]","args":[{"selector":{"id":"application-managepartners-display-component---NewPartner--partnerDetailInternal-arrow"},"wdio_ui5_key":"applicationmanagepartners-display-component---NewPartner--partnerDetailInternal-arrow"}]}
RESULT: undefined
COMMAND: POST /session/276af0ab14c8f1c47b44a918c5eb4f66/element - {"using":"xpath","value":"//*[@id=\"application-managepartners-display-component---NewPartner--partnerDetailInternal-arrow\"]"}
RESULT: {"using":"xpath","value":"//*[@id=\"application-managepartners-display-component---NewPartner--partnerDetailInternal-arrow\"]"}
COMMAND: POST /session/276af0ab14c8f1c47b44a918c5eb4f66/element/f.5C77A6788F2F180DC89ED0F4DCB2CDCA.d.89CAD332507EBC6BC71A6A93BF13E926.e.3528/click - {}
RESULT: {}
COMMAND: POST /session/276af0ab14c8f1c47b44a918c5eb4f66/element - {"using":"xpath","value":"//span[contains(text(), \"Affiliated company\")]"}
COMMAND: GET /session/276af0ab14c8f1c47b44a918c5eb4f66/screenshot - {}
RESULT: {"using":"xpath","value":"//span[contains(text(), \"Affiliated company\")]"}
COMMAND: POST /session/276af0ab14c8f1c47b44a918c5eb4f66/element/f.5C77A6788F2F180DC89ED0F4DCB2CDCA.d.89CAD332507EBC6BC71A6A93BF13E926.e.3531/click - {}
RESULT: {}
RESULT: {}
COMMAND: POST /session/276af0ab14c8f1c47b44a918c5eb4f66/execute/async - {"script":"<script> [1562 bytes]","args":[{"selector":{"id":"application-managepartners-display-component---NewPartner--partnerDetailsCurrency-arrow"},"wdio_ui5_key":"applicationmanagepartners-display-component---NewPartner--partnerDetailsCurrency-arrow"}]}
COMMAND: GET /session/276af0ab14c8f1c47b44a918c5eb4f66/screenshot - {}
RESULT: {"script":"<script> [1562 bytes]","args":[{"selector":{"id":"application-managepartners-display-component---NewPartner--partnerDetailsCurrency-arrow"},"wdio_ui5_key":"applicationmanagepartners-display-component---NewPartner--partnerDetailsCurrency-arrow"}]}
RESULT: undefined
COMMAND: POST /session/276af0ab14c8f1c47b44a918c5eb4f66/element - {"using":"xpath","value":"//*[@id=\"application-managepartners-display-component---NewPartner--partnerDetailsCurrency-arrow\"]"}
RESULT: {}
RESULT: {"using":"xpath","value":"//*[@id=\"application-managepartners-display-component---NewPartner--partnerDetailsCurrency-arrow\"]"}
COMMAND: POST /session/276af0ab14c8f1c47b44a918c5eb4f66/element/f.5C77A6788F2F180DC89ED0F4DCB2CDCA.d.89CAD332507EBC6BC71A6A93BF13E926.e.3538/click - {}
RESULT: {}
COMMAND: POST /session/276af0ab14c8f1c47b44a918c5eb4f66/element - {"using":"xpath","value":"//span[contains(text(), \"Euro\")]"}
COMMAND: GET /session/276af0ab14c8f1c47b44a918c5eb4f66/screenshot - {}
RESULT: {"using":"xpath","value":"//span[contains(text(), \"Euro\")]"}
COMMAND: POST /session/276af0ab14c8f1c47b44a918c5eb4f66/element/f.5C77A6788F2F180DC89ED0F4DCB2CDCA.d.89CAD332507EBC6BC71A6A93BF13E926.e.3539/click - {}
RESULT: {}
RESULT: {}
COMMAND: POST /session/276af0ab14c8f1c47b44a918c5eb4f66/execute/async - {"script":"<script> [1562 bytes]","args":[{"selector":{"id":"application-managepartners-display-component---NewPartner--addressEditDetailsCostObjectCstType-arrow"},"wdio_ui5_key":"applicationmanagepartners-display-component---NewPartner--addressEditDetailsCostObjectCstType-arrow"}]}
COMMAND: GET /session/276af0ab14c8f1c47b44a918c5eb4f66/screenshot - {}
RESULT: {"script":"<script> [1562 bytes]","args":[{"selector":{"id":"application-managepartners-display-component---NewPartner--addressEditDetailsCostObjectCstType-arrow"},"wdio_ui5_key":"applicationmanagepartners-display-component---NewPartner--addressEditDetailsCostObjectCstType-arrow"}]}
RESULT: undefined
COMMAND: POST /session/276af0ab14c8f1c47b44a918c5eb4f66/element - {"using":"xpath","value":"//*[@id=\"application-managepartners-display-component---NewPartner--addressEditDetailsCostObjectCstType-arrow\"]"}
RESULT: {}
RESULT: {"using":"xpath","value":"//*[@id=\"application-managepartners-display-component---NewPartner--addressEditDetailsCostObjectCstType-arrow\"]"}
COMMAND: POST /session/276af0ab14c8f1c47b44a918c5eb4f66/element/f.5C77A6788F2F180DC89ED0F4DCB2CDCA.d.89CAD332507EBC6BC71A6A93BF13E926.e.3540/click - {}
RESULT: {}
COMMAND: POST /session/276af0ab14c8f1c47b44a918c5eb4f66/element - {"using":"xpath","value":"//span[contains(text(), \"Cost Center\")]"}
COMMAND: GET /session/276af0ab14c8f1c47b44a918c5eb4f66/screenshot - {}
RESULT: {"using":"xpath","value":"//span[contains(text(), \"Cost Center\")]"}
COMMAND: POST /session/276af0ab14c8f1c47b44a918c5eb4f66/element/f.5C77A6788F2F180DC89ED0F4DCB2CDCA.d.89CAD332507EBC6BC71A6A93BF13E926.e.3541/click - {}
RESULT: {}
RESULT: {}
COMMAND: GET /session/276af0ab14c8f1c47b44a918c5eb4f66/screenshot - {}
RESULT: {}
COMMAND: POST /session/276af0ab14c8f1c47b44a918c5eb4f66/element - {"using":"xpath","value":"//span[@id=\"application-managepartners-display-component---NewPartner--addressNewCostObjectCstID-vhi\"]"}
RESULT: {"using":"xpath","value":"//span[@id=\"application-managepartners-display-component---NewPartner--addressNewCostObjectCstID-vhi\"]"}
COMMAND: POST /session/276af0ab14c8f1c47b44a918c5eb4f66/execute/sync - {"script":"<script> [8489 bytes]","args":[{"element-6066-11e4-a52e-4f735466cecf":"f.5C77A6788F2F180DC89ED0F4DCB2CDCA.d.89CAD332507EBC6BC71A6A93BF13E926.e.3544","ELEMENT":"f.5C77A6788F2F180DC89ED0F4DCB2CDCA.d.89CAD332507EBC6BC71A6A93BF13E926.e.3544"}]}
RESULT: {"script":"<script> [8489 bytes]","args":[{"element-6066-11e4-a52e-4f735466cecf":"f.5C77A6788F2F180DC89ED0F4DCB2CDCA.d.89CAD332507EBC6BC71A6A93BF13E926.e.3544","ELEMENT":"f.5C77A6788F2F180DC89ED0F4DCB2CDCA.d.89CAD332507EBC6BC71A6A93BF13E926.e.3544"}]}
COMMAND: POST /session/276af0ab14c8f1c47b44a918c5eb4f66/execute/async - {"script":"<script> [1562 bytes]","args":[{"selector":{"id":"application-managepartners-display-component---NewPartner--addressNewCostObjectCstID-vhi"},"wdio_ui5_key":"applicationmanagepartners-display-component---NewPartner--addressNewCostObjectCstID-vhi"}]}
COMMAND: GET /session/276af0ab14c8f1c47b44a918c5eb4f66/screenshot - {}
RESULT: {"script":"<script> [1562 bytes]","args":[{"selector":{"id":"application-managepartners-display-component---NewPartner--addressNewCostObjectCstID-vhi"},"wdio_ui5_key":"applicationmanagepartners-display-component---NewPartner--addressNewCostObjectCstID-vhi"}]}
RESULT: undefined
COMMAND: POST /session/276af0ab14c8f1c47b44a918c5eb4f66/element - {"using":"xpath","value":"//*[@id=\"application-managepartners-display-component---NewPartner--addressNewCostObjectCstID-vhi\"]"}
RESULT: {}
RESULT: {"using":"xpath","value":"//*[@id=\"application-managepartners-display-component---NewPartner--addressNewCostObjectCstID-vhi\"]"}
COMMAND: POST /session/276af0ab14c8f1c47b44a918c5eb4f66/element/f.5C77A6788F2F180DC89ED0F4DCB2CDCA.d.89CAD332507EBC6BC71A6A93BF13E926.e.3544/click - {}
RESULT: {}
COMMAND: GET /session/276af0ab14c8f1c47b44a918c5eb4f66/screenshot - {}
RESULT: {}
COMMAND: POST /session/276af0ab14c8f1c47b44a918c5eb4f66/execute/async - {"script":"<script> [1562 bytes]","args":[{"selector":{"controlType":"sap.m.SearchField","properties":{"placeholder":"Search"},"searchOpenDialogs":true,"interaction":{"idSuffix":"I"}},"wdio_ui5_key":"sapm.SearchField{\"placeholder\":\"Search\"}"}]}
RESULT: {"script":"<script> [1562 bytes]","args":[{"selector":{"controlType":"sap.m.SearchField","properties":{"placeholder":"Search"},"searchOpenDialogs":true,"interaction":{"idSuffix":"I"}},"wdio_ui5_key":"sapm.SearchField{\"placeholder\":\"Search\"}"}]}
RESULT: undefined
COMMAND: POST /session/276af0ab14c8f1c47b44a918c5eb4f66/execute/async - {"script":"<script> [776 bytes]","args":[{"enterText":"10001013","selector":{"controlType":"sap.m.SearchField","properties":{"placeholder":"Search"},"searchOpenDialogs":true,"interaction":{"idSuffix":"I"}},"clearTextFirst":true,"interactionType":"ENTER_TEXT"}]}
RESULT: {"script":"<script> [776 bytes]","args":[{"enterText":"10001013","selector":{"controlType":"sap.m.SearchField","properties":{"placeholder":"Search"},"searchOpenDialogs":true,"interaction":{"idSuffix":"I"}},"clearTextFirst":true,"interactionType":"ENTER_TEXT"}]}
COMMAND: POST /session/276af0ab14c8f1c47b44a918c5eb4f66/actions - {"actions":[{"id":"action9","type":"key","parameters":{},"actions":[{"type":"keyDown","value":""},{"type":"pause","duration":10},{"type":"keyUp","value":""}]}]}
RESULT: {"actions":[{"id":"action9","type":"key","parameters":{},"actions":[{"type":"keyDown","value":""},{"type":"pause","duration":10},{"type":"keyUp","value":""}]}]}
COMMAND: GET /session/276af0ab14c8f1c47b44a918c5eb4f66/screenshot - {}
RESULT: {}
COMMAND: POST /session/276af0ab14c8f1c47b44a918c5eb4f66/element - {"using":"xpath","value":"//span[contains(text(), \"General Management\")]"}
RESULT: {"using":"xpath","value":"//span[contains(text(), \"General Management\")]"}
COMMAND: POST /session/276af0ab14c8f1c47b44a918c5eb4f66/element/f.5C77A6788F2F180DC89ED0F4DCB2CDCA.d.89CAD332507EBC6BC71A6A93BF13E926.e.3586/click - {}
RESULT: {}
COMMAND: GET /session/276af0ab14c8f1c47b44a918c5eb4f66/screenshot - {}
RESULT: {}
COMMAND: POST /session/276af0ab14c8f1c47b44a918c5eb4f66/element - {"using":"xpath","value":"//bdi[contains(text(), \"OK\")]"}
RESULT: {"using":"xpath","value":"//bdi[contains(text(), \"OK\")]"}
COMMAND: POST /session/276af0ab14c8f1c47b44a918c5eb4f66/element/f.5C77A6788F2F180DC89ED0F4DCB2CDCA.d.89CAD332507EBC6BC71A6A93BF13E926.e.3587/click - {}
RESULT: {}
COMMAND: GET /session/276af0ab14c8f1c47b44a918c5eb4f66/screenshot - {}
RESULT: {}
COMMAND: POST /session/276af0ab14c8f1c47b44a918c5eb4f66/element - {"using":"xpath","value":"//input[@id=\"application-managepartners-display-component---NewPartner--companyCodeComboBox-inner\"]"}
RESULT: {"using":"xpath","value":"//input[@id=\"application-managepartners-display-component---NewPartner--companyCodeComboBox-inner\"]"}
COMMAND: POST /session/276af0ab14c8f1c47b44a918c5eb4f66/element/f.5C77A6788F2F180DC89ED0F4DCB2CDCA.d.89CAD332507EBC6BC71A6A93BF13E926.e.3456/clear - {}
RESULT: {}
COMMAND: POST /session/276af0ab14c8f1c47b44a918c5eb4f66/element/f.5C77A6788F2F180DC89ED0F4DCB2CDCA.d.89CAD332507EBC6BC71A6A93BF13E926.e.3456/value - {"text":"C002"}
COMMAND: GET /session/276af0ab14c8f1c47b44a918c5eb4f66/screenshot - {}
RESULT: {"text":"C002"}
COMMAND: GET /session/276af0ab14c8f1c47b44a918c5eb4f66/screenshot - {}
RESULT: {}
RESULT: {}
COMMAND: POST /session/276af0ab14c8f1c47b44a918c5eb4f66/element - {"using":"xpath","value":"//span[contains(text(), \"C002\")]"}
RESULT: {"using":"xpath","value":"//span[contains(text(), \"C002\")]"}
COMMAND: POST /session/276af0ab14c8f1c47b44a918c5eb4f66/element/f.5C77A6788F2F180DC89ED0F4DCB2CDCA.d.89CAD332507EBC6BC71A6A93BF13E926.e.3593/click - {}
RESULT: {}
COMMAND: GET /session/276af0ab14c8f1c47b44a918c5eb4f66/screenshot - {}
RESULT: {}
COMMAND: POST /session/276af0ab14c8f1c47b44a918c5eb4f66/execute/async - {"script":"<script> [1562 bytes]","args":[{"selector":{"id":"application-managepartners-display-component---NewPartner--btnAddTableRow-img"},"wdio_ui5_key":"applicationmanagepartners-display-component---NewPartner--btnAddTableRow-img"}]}
RESULT: {"script":"<script> [1562 bytes]","args":[{"selector":{"id":"application-managepartners-display-component---NewPartner--btnAddTableRow-img"},"wdio_ui5_key":"applicationmanagepartners-display-component---NewPartner--btnAddTableRow-img"}]}
RESULT: undefined
COMMAND: POST /session/276af0ab14c8f1c47b44a918c5eb4f66/element - {"using":"xpath","value":"//*[@id=\"application-managepartners-display-component---NewPartner--btnAddTableRow-img\"]"}
RESULT: {"using":"xpath","value":"//*[@id=\"application-managepartners-display-component---NewPartner--btnAddTableRow-img\"]"}
COMMAND: POST /session/276af0ab14c8f1c47b44a918c5eb4f66/element/f.5C77A6788F2F180DC89ED0F4DCB2CDCA.d.89CAD332507EBC6BC71A6A93BF13E926.e.3594/click - {}
RESULT: {}
COMMAND: GET /session/276af0ab14c8f1c47b44a918c5eb4f66/screenshot - {}
RESULT: {}
COMMAND: POST /session/276af0ab14c8f1c47b44a918c5eb4f66/element - {"using":"xpath","value":"//input[@id=\"application-managepartners-display-component---NewPartner--assignmentYard-application-managepartners-display-component---NewPartner--assignmentsTable-0-inner\"]"}
RESULT: {"using":"xpath","value":"//input[@id=\"application-managepartners-display-component---NewPartner--assignmentYard-application-managepartners-display-component---NewPartner--assignmentsTable-0-inner\"]"}
COMMAND: POST /session/276af0ab14c8f1c47b44a918c5eb4f66/element/f.5C77A6788F2F180DC89ED0F4DCB2CDCA.d.89CAD332507EBC6BC71A6A93BF13E926.e.3597/clear - {}
RESULT: {}
COMMAND: POST /session/276af0ab14c8f1c47b44a918c5eb4f66/element/f.5C77A6788F2F180DC89ED0F4DCB2CDCA.d.89CAD332507EBC6BC71A6A93BF13E926.e.3597/value - {"text":"372"}
COMMAND: GET /session/276af0ab14c8f1c47b44a918c5eb4f66/screenshot - {}
RESULT: {"text":"372"}
COMMAND: GET /session/276af0ab14c8f1c47b44a918c5eb4f66/screenshot - {}
RESULT: {}
RESULT: {}
COMMAND: POST /session/276af0ab14c8f1c47b44a918c5eb4f66/element - {"using":"xpath","value":"//li[.//span[text()='372']]"}
RESULT: {"using":"xpath","value":"//li[.//span[text()='372']]"}
COMMAND: POST /session/276af0ab14c8f1c47b44a918c5eb4f66/element/f.5C77A6788F2F180DC89ED0F4DCB2CDCA.d.89CAD332507EBC6BC71A6A93BF13E926.e.3606/click - {}
RESULT: {}
COMMAND: GET /session/276af0ab14c8f1c47b44a918c5eb4f66/screenshot - {}
RESULT: {}
COMMAND: POST /session/276af0ab14c8f1c47b44a918c5eb4f66/actions - {"actions":[{"id":"action10","type":"key","parameters":{},"actions":[{"type":"keyDown","value":""},{"type":"pause","duration":10},{"type":"keyUp","value":""}]}]}
RESULT: {"actions":[{"id":"action10","type":"key","parameters":{},"actions":[{"type":"keyDown","value":""},{"type":"pause","duration":10},{"type":"keyUp","value":""}]}]}
COMMAND: POST /session/276af0ab14c8f1c47b44a918c5eb4f66/execute/async - {"script":"<script> [1562 bytes]","args":[{"selector":{"id":"application-managepartners-display-component---NewPartner--externalCustomerComboBox-application-managepartners-display-component---NewPartner--assignmentsTable-0-vhi"},"wdio_ui5_key":"applicationmanagepartners-display-component---NewPartner--externalCustomerComboBox-application-managepartners-display-component---NewPartner--assignmentsTable-0-vhi"}]}
COMMAND: GET /session/276af0ab14c8f1c47b44a918c5eb4f66/screenshot - {}
RESULT: {"script":"<script> [1562 bytes]","args":[{"selector":{"id":"application-managepartners-display-component---NewPartner--externalCustomerComboBox-application-managepartners-display-component---NewPartner--assignmentsTable-0-vhi"},"wdio_ui5_key":"applicationmanagepartners-display-component---NewPartner--externalCustomerComboBox-application-managepartners-display-component---NewPartner--assignmentsTable-0-vhi"}]}
RESULT: undefined
COMMAND: POST /session/276af0ab14c8f1c47b44a918c5eb4f66/element - {"using":"xpath","value":"//*[@id=\"application-managepartners-display-component---NewPartner--externalCustomerComboBox-application-managepartners-display-component---NewPartner--assignmentsTable-0-vhi\"]"}
RESULT: {}
RESULT: {"using":"xpath","value":"//*[@id=\"application-managepartners-display-component---NewPartner--externalCustomerComboBox-application-managepartners-display-component---NewPartner--assignmentsTable-0-vhi\"]"}
COMMAND: POST /session/276af0ab14c8f1c47b44a918c5eb4f66/element/f.5C77A6788F2F180DC89ED0F4DCB2CDCA.d.89CAD332507EBC6BC71A6A93BF13E926.e.3610/click - {}
RESULT: {}
RESULT: undefined
COMMAND: POST /session/276af0ab14c8f1c47b44a918c5eb4f66/execute/async - {"script":"<script> [776 bytes]","args":[{"enterText":"300003","selector":{"controlType":"sap.m.SearchField","properties":{"placeholder":"Search"},"searchOpenDialogs":true,"interaction":{"idSuffix":"I"}},"clearTextFirst":true,"interactionType":"ENTER_TEXT"}]}
COMMAND: GET /session/276af0ab14c8f1c47b44a918c5eb4f66/screenshot - {}
RESULT: {"script":"<script> [776 bytes]","args":[{"enterText":"300003","selector":{"controlType":"sap.m.SearchField","properties":{"placeholder":"Search"},"searchOpenDialogs":true,"interaction":{"idSuffix":"I"}},"clearTextFirst":true,"interactionType":"ENTER_TEXT"}]}
COMMAND: POST /session/276af0ab14c8f1c47b44a918c5eb4f66/actions - {"actions":[{"id":"action11","type":"key","parameters":{},"actions":[{"type":"keyDown","value":""},{"type":"pause","duration":10},{"type":"keyUp","value":""}]}]}
RESULT: {}
RESULT: {"actions":[{"id":"action11","type":"key","parameters":{},"actions":[{"type":"keyDown","value":""},{"type":"pause","duration":10},{"type":"keyUp","value":""}]}]}
COMMAND: GET /session/276af0ab14c8f1c47b44a918c5eb4f66/screenshot - {}
RESULT: {}
COMMAND: POST /session/276af0ab14c8f1c47b44a918c5eb4f66/element - {"using":"xpath","value":"//span[contains(text(), \"300003\")]"}
RESULT: {"using":"xpath","value":"//span[contains(text(), \"300003\")]"}
COMMAND: POST /session/276af0ab14c8f1c47b44a918c5eb4f66/element/f.5C77A6788F2F180DC89ED0F4DCB2CDCA.d.89CAD332507EBC6BC71A6A93BF13E926.e.3627/click - {}
RESULT: {}
COMMAND: GET /session/276af0ab14c8f1c47b44a918c5eb4f66/screenshot - {}
RESULT: {}
COMMAND: POST /session/276af0ab14c8f1c47b44a918c5eb4f66/element - {"using":"xpath","value":"//bdi[contains(text(), \"OK\")]"}
RESULT: {"using":"xpath","value":"//bdi[contains(text(), \"OK\")]"}
COMMAND: POST /session/276af0ab14c8f1c47b44a918c5eb4f66/element/f.5C77A6788F2F180DC89ED0F4DCB2CDCA.d.89CAD332507EBC6BC71A6A93BF13E926.e.3629/click - {}
RESULT: {}
COMMAND: GET /session/276af0ab14c8f1c47b44a918c5eb4f66/screenshot - {}
RESULT: {}
COMMAND: POST /session/276af0ab14c8f1c47b44a918c5eb4f66/execute/async - {"script":"<script> [1562 bytes]","args":[{"selector":{"id":"application-managepartners-display-component---NewPartner--intercompVendorComboBox-application-managepartners-display-component---NewPartner--assignmentsTable-0-vhi"},"wdio_ui5_key":"applicationmanagepartners-display-component---NewPartner--intercompVendorComboBox-application-managepartners-display-component---NewPartner--assignmentsTable-0-vhi"}]}
RESULT: {"script":"<script> [1562 bytes]","args":[{"selector":{"id":"application-managepartners-display-component---NewPartner--intercompVendorComboBox-application-managepartners-display-component---NewPartner--assignmentsTable-0-vhi"},"wdio_ui5_key":"applicationmanagepartners-display-component---NewPartner--intercompVendorComboBox-application-managepartners-display-component---NewPartner--assignmentsTable-0-vhi"}]}
RESULT: undefined
COMMAND: POST /session/276af0ab14c8f1c47b44a918c5eb4f66/element - {"using":"xpath","value":"//*[@id=\"application-managepartners-display-component---NewPartner--intercompVendorComboBox-application-managepartners-display-component---NewPartner--assignmentsTable-0-vhi\"]"}
RESULT: {"using":"xpath","value":"//*[@id=\"application-managepartners-display-component---NewPartner--intercompVendorComboBox-application-managepartners-display-component---NewPartner--assignmentsTable-0-vhi\"]"}
COMMAND: POST /session/276af0ab14c8f1c47b44a918c5eb4f66/element/f.5C77A6788F2F180DC89ED0F4DCB2CDCA.d.89CAD332507EBC6BC71A6A93BF13E926.e.3632/click - {}
RESULT: {}
RESULT: undefined
COMMAND: POST /session/276af0ab14c8f1c47b44a918c5eb4f66/execute/async - {"script":"<script> [776 bytes]","args":[{"enterText":"100005","selector":{"controlType":"sap.m.SearchField","properties":{"placeholder":"Search"},"searchOpenDialogs":true,"interaction":{"idSuffix":"I"}},"clearTextFirst":true,"interactionType":"ENTER_TEXT"}]}
COMMAND: GET /session/276af0ab14c8f1c47b44a918c5eb4f66/screenshot - {}
RESULT: {"script":"<script> [776 bytes]","args":[{"enterText":"100005","selector":{"controlType":"sap.m.SearchField","properties":{"placeholder":"Search"},"searchOpenDialogs":true,"interaction":{"idSuffix":"I"}},"clearTextFirst":true,"interactionType":"ENTER_TEXT"}]}
COMMAND: POST /session/276af0ab14c8f1c47b44a918c5eb4f66/actions - {"actions":[{"id":"action12","type":"key","parameters":{},"actions":[{"type":"keyDown","value":""},{"type":"pause","duration":10},{"type":"keyUp","value":""}]}]}
RESULT: {}
RESULT: {"actions":[{"id":"action12","type":"key","parameters":{},"actions":[{"type":"keyDown","value":""},{"type":"pause","duration":10},{"type":"keyUp","value":""}]}]}
COMMAND: GET /session/276af0ab14c8f1c47b44a918c5eb4f66/screenshot - {}
RESULT: {}
COMMAND: POST /session/276af0ab14c8f1c47b44a918c5eb4f66/element - {"using":"xpath","value":"//span[contains(text(), \"Penguins - Field/12345 Berlin\")]"}
RESULT: {"using":"xpath","value":"//span[contains(text(), \"Penguins - Field/12345 Berlin\")]"}
COMMAND: POST /session/276af0ab14c8f1c47b44a918c5eb4f66/element/f.5C77A6788F2F180DC89ED0F4DCB2CDCA.d.89CAD332507EBC6BC71A6A93BF13E926.e.3650/click - {}
RESULT: {}
COMMAND: GET /session/276af0ab14c8f1c47b44a918c5eb4f66/screenshot - {}
RESULT: {}
COMMAND: POST /session/276af0ab14c8f1c47b44a918c5eb4f66/element - {"using":"xpath","value":"//bdi[contains(text(), \"OK\")]"}
RESULT: {"using":"xpath","value":"//bdi[contains(text(), \"OK\")]"}
COMMAND: POST /session/276af0ab14c8f1c47b44a918c5eb4f66/element/f.5C77A6788F2F180DC89ED0F4DCB2CDCA.d.89CAD332507EBC6BC71A6A93BF13E926.e.3651/click - {}
RESULT: {}
COMMAND: GET /session/276af0ab14c8f1c47b44a918c5eb4f66/screenshot - {}
RESULT: {}
COMMAND: POST /session/276af0ab14c8f1c47b44a918c5eb4f66/element - {"using":"xpath","value":"//button[@data-kt=\"saveButton\"]"}
RESULT: {"using":"xpath","value":"//button[@data-kt=\"saveButton\"]"}
COMMAND: POST /session/276af0ab14c8f1c47b44a918c5eb4f66/element/f.5C77A6788F2F180DC89ED0F4DCB2CDCA.d.89CAD332507EBC6BC71A6A93BF13E926.e.3510/click - {}
RESULT: {}
COMMAND: GET /session/276af0ab14c8f1c47b44a918c5eb4f66/screenshot - {}
RESULT: {}
COMMAND: POST /session/276af0ab14c8f1c47b44a918c5eb4f66/element - {"using":"xpath","value":"//header[contains(@id, 'ObjectPageLayout-headerTitle')]/div[1]/div[2]/div[2]/span[1]"}
RESULT: {"using":"xpath","value":"//header[contains(@id, 'ObjectPageLayout-headerTitle')]/div[1]/div[2]/div[2]/span[1]"}
COMMAND: POST /session/276af0ab14c8f1c47b44a918c5eb4f66/elements - {"using":"xpath","value":"//header[contains(@id, 'ObjectPageLayout-headerTitle')]/div[1]/div[2]/div[2]/span[1]"}
RESULT: {"using":"xpath","value":"//header[contains(@id, 'ObjectPageLayout-headerTitle')]/div[1]/div[2]/div[2]/span[1]"}
COMMAND: POST /session/276af0ab14c8f1c47b44a918c5eb4f66/execute/sync - {"script":"<script> [56 bytes]","args":[{"element-6066-11e4-a52e-4f735466cecf":"f.5C77A6788F2F180DC89ED0F4DCB2CDCA.d.89CAD332507EBC6BC71A6A93BF13E926.e.3815","ELEMENT":"f.5C77A6788F2F180DC89ED0F4DCB2CDCA.d.89CAD332507EBC6BC71A6A93BF13E926.e.3815"}]}
RESULT: {"script":"<script> [56 bytes]","args":[{"element-6066-11e4-a52e-4f735466cecf":"f.5C77A6788F2F180DC89ED0F4DCB2CDCA.d.89CAD332507EBC6BC71A6A93BF13E926.e.3815","ELEMENT":"f.5C77A6788F2F180DC89ED0F4DCB2CDCA.d.89CAD332507EBC6BC71A6A93BF13E926.e.3815"}]}
COMMAND: POST /session/276af0ab14c8f1c47b44a918c5eb4f66/element - {"using":"css selector","value":"#shell-header-logo"}
COMMAND: GET /session/276af0ab14c8f1c47b44a918c5eb4f66/screenshot - {}
RESULT: {"using":"css selector","value":"#shell-header-logo"}
COMMAND: POST /session/276af0ab14c8f1c47b44a918c5eb4f66/element/f.5C77A6788F2F180DC89ED0F4DCB2CDCA.d.89CAD332507EBC6BC71A6A93BF13E926.e.3183/click - {}
RESULT: {}
RESULT: {}
COMMAND: GET /session/276af0ab14c8f1c47b44a918c5eb4f66/screenshot - {}
RESULT: {}
RESULT: undefined
COMMAND: POST /session/276af0ab14c8f1c47b44a918c5eb4f66/element - {"using":"xpath","value":"//*[@id=\"__tile30\"]"}
RESULT: {"using":"xpath","value":"//*[@id=\"__tile30\"]"}
COMMAND: POST /session/276af0ab14c8f1c47b44a918c5eb4f66/element/f.5C77A6788F2F180DC89ED0F4DCB2CDCA.d.89CAD332507EBC6BC71A6A93BF13E926.e.3104/click - {}
RESULT: {}
COMMAND: POST /session/276af0ab14c8f1c47b44a918c5eb4f66/element - {"using":"xpath","value":"//button[@data-kt=\"addButton\"]"}
COMMAND: GET /session/276af0ab14c8f1c47b44a918c5eb4f66/screenshot - {}
RESULT: {"using":"xpath","value":"//button[@data-kt=\"addButton\"]"}
COMMAND: POST /session/276af0ab14c8f1c47b44a918c5eb4f66/elements - {"using":"xpath","value":"//button[@data-kt=\"addButton\"]"}
RESULT: {}
RESULT: {"using":"xpath","value":"//button[@data-kt=\"addButton\"]"}
COMMAND: POST /session/276af0ab14c8f1c47b44a918c5eb4f66/execute/sync - {"script":"<script> [8489 bytes]","args":[{"element-6066-11e4-a52e-4f735466cecf":"f.5C77A6788F2F180DC89ED0F4DCB2CDCA.d.89CAD332507EBC6BC71A6A93BF13E926.e.3963","ELEMENT":"f.5C77A6788F2F180DC89ED0F4DCB2CDCA.d.89CAD332507EBC6BC71A6A93BF13E926.e.3963"}]}
RESULT: {"script":"<script> [8489 bytes]","args":[{"element-6066-11e4-a52e-4f735466cecf":"f.5C77A6788F2F180DC89ED0F4DCB2CDCA.d.89CAD332507EBC6BC71A6A93BF13E926.e.3963","ELEMENT":"f.5C77A6788F2F180DC89ED0F4DCB2CDCA.d.89CAD332507EBC6BC71A6A93BF13E926.e.3963"}]}
COMMAND: GET /session/276af0ab14c8f1c47b44a918c5eb4f66/element/f.5C77A6788F2F180DC89ED0F4DCB2CDCA.d.89CAD332507EBC6BC71A6A93BF13E926.e.3963/enabled - {}
COMMAND: GET /session/276af0ab14c8f1c47b44a918c5eb4f66/screenshot - {}
RESULT: {}
COMMAND: POST /session/276af0ab14c8f1c47b44a918c5eb4f66/execute/sync - {"script":"<script> [8489 bytes]","args":[{"element-6066-11e4-a52e-4f735466cecf":"f.5C77A6788F2F180DC89ED0F4DCB2CDCA.d.89CAD332507EBC6BC71A6A93BF13E926.e.3963","ELEMENT":"f.5C77A6788F2F180DC89ED0F4DCB2CDCA.d.89CAD332507EBC6BC71A6A93BF13E926.e.3963"}]}
COMMAND: GET /session/276af0ab14c8f1c47b44a918c5eb4f66/screenshot - {}
RESULT: {}
RESULT: {"script":"<script> [8489 bytes]","args":[{"element-6066-11e4-a52e-4f735466cecf":"f.5C77A6788F2F180DC89ED0F4DCB2CDCA.d.89CAD332507EBC6BC71A6A93BF13E926.e.3963","ELEMENT":"f.5C77A6788F2F180DC89ED0F4DCB2CDCA.d.89CAD332507EBC6BC71A6A93BF13E926.e.3963"}]}
COMMAND: POST /session/276af0ab14c8f1c47b44a918c5eb4f66/execute/sync - {"script":"<script> [5351 bytes]","args":[{"element-6066-11e4-a52e-4f735466cecf":"f.5C77A6788F2F180DC89ED0F4DCB2CDCA.d.89CAD332507EBC6BC71A6A93BF13E926.e.3963","ELEMENT":"f.5C77A6788F2F180DC89ED0F4DCB2CDCA.d.89CAD332507EBC6BC71A6A93BF13E926.e.3963"}]}
COMMAND: GET /session/276af0ab14c8f1c47b44a918c5eb4f66/screenshot - {}
RESULT: {}
RESULT: {"script":"<script> [5351 bytes]","args":[{"element-6066-11e4-a52e-4f735466cecf":"f.5C77A6788F2F180DC89ED0F4DCB2CDCA.d.89CAD332507EBC6BC71A6A93BF13E926.e.3963","ELEMENT":"f.5C77A6788F2F180DC89ED0F4DCB2CDCA.d.89CAD332507EBC6BC71A6A93BF13E926.e.3963"}]}
COMMAND: GET /session/276af0ab14c8f1c47b44a918c5eb4f66/screenshot - {}
RESULT: {}
RESULT: {}
COMMAND: POST /session/276af0ab14c8f1c47b44a918c5eb4f66/execute/async - {"script":"<script> [1562 bytes]","args":[{"selector":{"id":"application-managepartners-display-component---masterPtm--smartFilterBar-btnBasicSearch","interaction":{"idSuffix":"I"}},"wdio_ui5_key":"applicationmanagepartners-display-component---masterPtm--smartFilterBar-btnBasicSearch"}]}
RESULT: {"script":"<script> [1562 bytes]","args":[{"selector":{"id":"application-managepartners-display-component---masterPtm--smartFilterBar-btnBasicSearch","interaction":{"idSuffix":"I"}},"wdio_ui5_key":"applicationmanagepartners-display-component---masterPtm--smartFilterBar-btnBasicSearch"}]}
RESULT: undefined
COMMAND: POST /session/276af0ab14c8f1c47b44a918c5eb4f66/execute/async - {"script":"<script> [776 bytes]","args":[{"enterText":"1239","selector":{"id":"application-managepartners-display-component---masterPtm--smartFilterBar-btnBasicSearch","interaction":{"idSuffix":"I"}},"clearTextFirst":true,"interactionType":"ENTER_TEXT"}]}
RESULT: {"script":"<script> [776 bytes]","args":[{"enterText":"1239","selector":{"id":"application-managepartners-display-component---masterPtm--smartFilterBar-btnBasicSearch","interaction":{"idSuffix":"I"}},"clearTextFirst":true,"interactionType":"ENTER_TEXT"}]}
COMMAND: POST /session/276af0ab14c8f1c47b44a918c5eb4f66/actions - {"actions":[{"id":"action13","type":"key","parameters":{},"actions":[{"type":"keyDown","value":""},{"type":"pause","duration":10},{"type":"keyUp","value":""}]}]}
RESULT: {"actions":[{"id":"action13","type":"key","parameters":{},"actions":[{"type":"keyDown","value":""},{"type":"pause","duration":10},{"type":"keyUp","value":""}]}]}
COMMAND: GET /session/276af0ab14c8f1c47b44a918c5eb4f66/screenshot - {}
RESULT: {}
COMMAND: POST /session/276af0ab14c8f1c47b44a918c5eb4f66/elements - {"using":"xpath","value":"//table[contains(@id, \"customPartnersTable-listUl\")]/tbody/tr"}
RESULT: {"using":"xpath","value":"//table[contains(@id, \"customPartnersTable-listUl\")]/tbody/tr"}
COMMAND: POST /session/276af0ab14c8f1c47b44a918c5eb4f66/element - {"using":"xpath","value":"//table[contains(@id, \"customPartnersTable-listUl\")]/tbody/tr[1]/td[3]/span"}
RESULT: {"using":"xpath","value":"//table[contains(@id, \"customPartnersTable-listUl\")]/tbody/tr[1]/td[3]/span"}
COMMAND: POST /session/276af0ab14c8f1c47b44a918c5eb4f66/elements - {"using":"xpath","value":"//table[contains(@id, \"customPartnersTable-listUl\")]/tbody/tr[1]/td[3]/span"}
RESULT: {"using":"xpath","value":"//table[contains(@id, \"customPartnersTable-listUl\")]/tbody/tr[1]/td[3]/span"}
COMMAND: POST /session/276af0ab14c8f1c47b44a918c5eb4f66/execute/sync - {"script":"<script> [56 bytes]","args":[{"element-6066-11e4-a52e-4f735466cecf":"f.5C77A6788F2F180DC89ED0F4DCB2CDCA.d.89CAD332507EBC6BC71A6A93BF13E926.e.4001","ELEMENT":"f.5C77A6788F2F180DC89ED0F4DCB2CDCA.d.89CAD332507EBC6BC71A6A93BF13E926.e.4001"}]}
RESULT: {"script":"<script> [56 bytes]","args":[{"element-6066-11e4-a52e-4f735466cecf":"f.5C77A6788F2F180DC89ED0F4DCB2CDCA.d.89CAD332507EBC6BC71A6A93BF13E926.e.4001","ELEMENT":"f.5C77A6788F2F180DC89ED0F4DCB2CDCA.d.89CAD332507EBC6BC71A6A93BF13E926.e.4001"}]}
COMMAND: POST /session/276af0ab14c8f1c47b44a918c5eb4f66/element - {"using":"xpath","value":"(//span[contains(@id, \"imgNav\")])[1]"}
COMMAND: GET /session/276af0ab14c8f1c47b44a918c5eb4f66/screenshot - {}
RESULT: {"using":"xpath","value":"(//span[contains(@id, \"imgNav\")])[1]"}
COMMAND: POST /session/276af0ab14c8f1c47b44a918c5eb4f66/element/f.5C77A6788F2F180DC89ED0F4DCB2CDCA.d.89CAD332507EBC6BC71A6A93BF13E926.e.3999/click - {}
RESULT: {}
RESULT: {}
COMMAND: GET /session/276af0ab14c8f1c47b44a918c5eb4f66/screenshot - {}
RESULT: {}
COMMAND: POST /session/276af0ab14c8f1c47b44a918c5eb4f66/element - {"using":"xpath","value":"//bdi[contains(text(), \"Edit\")]"}
RESULT: {"using":"xpath","value":"//bdi[contains(text(), \"Edit\")]"}
COMMAND: POST /session/276af0ab14c8f1c47b44a918c5eb4f66/element/f.5C77A6788F2F180DC89ED0F4DCB2CDCA.d.89CAD332507EBC6BC71A6A93BF13E926.e.4147/click - {}
RESULT: {}
COMMAND: GET /session/276af0ab14c8f1c47b44a918c5eb4f66/screenshot - {}
RESULT: {}
COMMAND: POST /session/276af0ab14c8f1c47b44a918c5eb4f66/execute/async - {"script":"<script> [1562 bytes]","args":[{"selector":{"controlType":"sap.m.Input","viewName":"etm.portal.ui.managepartners.view.EditDetail","labelFor":{"text":"Name"},"interaction":{"idSuffix":"inner"}},"wdio_ui5_key":"etmportal.ui.managepartners.view.EditDetailsap.m.Input{\"text\":\"Name\"}"}]}
RESULT: {"script":"<script> [1562 bytes]","args":[{"selector":{"controlType":"sap.m.Input","viewName":"etm.portal.ui.managepartners.view.EditDetail","labelFor":{"text":"Name"},"interaction":{"idSuffix":"inner"}},"wdio_ui5_key":"etmportal.ui.managepartners.view.EditDetailsap.m.Input{\"text\":\"Name\"}"}]}
RESULT: undefined
COMMAND: POST /session/276af0ab14c8f1c47b44a918c5eb4f66/execute/async - {"script":"<script> [776 bytes]","args":[{"enterText":"Intercompany EDIT","selector":{"controlType":"sap.m.Input","viewName":"etm.portal.ui.managepartners.view.EditDetail","labelFor":{"text":"Name"},"interaction":{"idSuffix":"inner"}},"clearTextFirst":true,"interactionType":"ENTER_TEXT"}]}
RESULT: {"script":"<script> [776 bytes]","args":[{"enterText":"Intercompany EDIT","selector":{"controlType":"sap.m.Input","viewName":"etm.portal.ui.managepartners.view.EditDetail","labelFor":{"text":"Name"},"interaction":{"idSuffix":"inner"}},"clearTextFirst":true,"interactionType":"ENTER_TEXT"}]}
COMMAND: POST /session/276af0ab14c8f1c47b44a918c5eb4f66/element - {"using":"xpath","value":"(//span[contains(@id,\"addressDetailDetailsLanguage-arrow\")])[1]"}
RESULT: {"using":"xpath","value":"(//span[contains(@id,\"addressDetailDetailsLanguage-arrow\")])[1]"}
COMMAND: POST /session/276af0ab14c8f1c47b44a918c5eb4f66/element/f.5C77A6788F2F180DC89ED0F4DCB2CDCA.d.89CAD332507EBC6BC71A6A93BF13E926.e.4230/click - {}
RESULT: {}
COMMAND: POST /session/276af0ab14c8f1c47b44a918c5eb4f66/element - {"using":"xpath","value":"//span[contains(text(), \"Chinese\")]"}
COMMAND: GET /session/276af0ab14c8f1c47b44a918c5eb4f66/screenshot - {}
RESULT: {"using":"xpath","value":"//span[contains(text(), \"Chinese\")]"}
COMMAND: POST /session/276af0ab14c8f1c47b44a918c5eb4f66/element/f.5C77A6788F2F180DC89ED0F4DCB2CDCA.d.89CAD332507EBC6BC71A6A93BF13E926.e.4231/click - {}
RESULT: {}
RESULT: {}
COMMAND: GET /session/276af0ab14c8f1c47b44a918c5eb4f66/screenshot - {}
RESULT: {}
COMMAND: POST /session/276af0ab14c8f1c47b44a918c5eb4f66/execute/async - {"script":"<script> [1562 bytes]","args":[{"selector":{"controlType":"sap.m.Input","viewName":"etm.portal.ui.managepartners.view.EditDetail","labelFor":{"text":"City"},"interaction":{"idSuffix":"inner"}},"wdio_ui5_key":"etmportal.ui.managepartners.view.EditDetailsap.m.Input{\"text\":\"City\"}"}]}
RESULT: {"script":"<script> [1562 bytes]","args":[{"selector":{"controlType":"sap.m.Input","viewName":"etm.portal.ui.managepartners.view.EditDetail","labelFor":{"text":"City"},"interaction":{"idSuffix":"inner"}},"wdio_ui5_key":"etmportal.ui.managepartners.view.EditDetailsap.m.Input{\"text\":\"City\"}"}]}
RESULT: undefined
COMMAND: POST /session/276af0ab14c8f1c47b44a918c5eb4f66/execute/async - {"script":"<script> [776 bytes]","args":[{"enterText":"Clooj-Napoca","selector":{"controlType":"sap.m.Input","viewName":"etm.portal.ui.managepartners.view.EditDetail","labelFor":{"text":"City"},"interaction":{"idSuffix":"inner"}},"clearTextFirst":true,"interactionType":"ENTER_TEXT"}]}
RESULT: {"script":"<script> [776 bytes]","args":[{"enterText":"Clooj-Napoca","selector":{"controlType":"sap.m.Input","viewName":"etm.portal.ui.managepartners.view.EditDetail","labelFor":{"text":"City"},"interaction":{"idSuffix":"inner"}},"clearTextFirst":true,"interactionType":"ENTER_TEXT"}]}
COMMAND: POST /session/276af0ab14c8f1c47b44a918c5eb4f66/element - {"using":"xpath","value":"//button[@data-kt=\"saveButton\"]"}
RESULT: {"using":"xpath","value":"//button[@data-kt=\"saveButton\"]"}
COMMAND: POST /session/276af0ab14c8f1c47b44a918c5eb4f66/element/f.5C77A6788F2F180DC89ED0F4DCB2CDCA.d.89CAD332507EBC6BC71A6A93BF13E926.e.4209/click - {}
RESULT: {}
COMMAND: GET /session/276af0ab14c8f1c47b44a918c5eb4f66/screenshot - {}
RESULT: {}
COMMAND: POST /session/276af0ab14c8f1c47b44a918c5eb4f66/execute/async - {"script":"<script> [1562 bytes]","args":[{"selector":{"id":"application-managepartners-display-component---detailPtm--addressDetailDetailsName1"},"wdio_ui5_key":"applicationmanagepartners-display-component---detailPtm--addressDetailDetailsName1"}]}
RESULT: {"script":"<script> [1562 bytes]","args":[{"selector":{"id":"application-managepartners-display-component---detailPtm--addressDetailDetailsName1"},"wdio_ui5_key":"applicationmanagepartners-display-component---detailPtm--addressDetailDetailsName1"}]}
RESULT: undefined
COMMAND: POST /session/276af0ab14c8f1c47b44a918c5eb4f66/execute/async - {"script":"<script> [6424 bytes]","args":[{"element-6066-11e4-a52e-4f735466cecf":"f.5C77A6788F2F180DC89ED0F4DCB2CDCA.d.89CAD332507EBC6BC71A6A93BF13E926.e.4262"},"getValue",[]]}
RESULT: {"script":"<script> [6424 bytes]","args":[{"element-6066-11e4-a52e-4f735466cecf":"f.5C77A6788F2F180DC89ED0F4DCB2CDCA.d.89CAD332507EBC6BC71A6A93BF13E926.e.4262"},"getValue",[]]}
COMMAND: POST /session/276af0ab14c8f1c47b44a918c5eb4f66/element - {"using":"xpath","value":"//input[@id = \"application-managepartners-display-component---detailPtm--addressDetailDetailsLanguage-inner\"]"}
RESULT: {"using":"xpath","value":"//input[@id = \"application-managepartners-display-component---detailPtm--addressDetailDetailsLanguage-inner\"]"}
COMMAND: GET /session/276af0ab14c8f1c47b44a918c5eb4f66/element/f.5C77A6788F2F180DC89ED0F4DCB2CDCA.d.89CAD332507EBC6BC71A6A93BF13E926.e.4263/property/value - {}
RESULT: {}
COMMAND: POST /session/276af0ab14c8f1c47b44a918c5eb4f66/execute/async - {"script":"<script> [1562 bytes]","args":[{"selector":{"id":"application-managepartners-display-component---detailPtm--addressDetailDetailsCity1"},"wdio_ui5_key":"applicationmanagepartners-display-component---detailPtm--addressDetailDetailsCity1"}]}
COMMAND: GET /session/276af0ab14c8f1c47b44a918c5eb4f66/screenshot - {}
RESULT: {"script":"<script> [1562 bytes]","args":[{"selector":{"id":"application-managepartners-display-component---detailPtm--addressDetailDetailsCity1"},"wdio_ui5_key":"applicationmanagepartners-display-component---detailPtm--addressDetailDetailsCity1"}]}
RESULT: undefined
COMMAND: POST /session/276af0ab14c8f1c47b44a918c5eb4f66/execute/async - {"script":"<script> [6424 bytes]","args":[{"element-6066-11e4-a52e-4f735466cecf":"f.5C77A6788F2F180DC89ED0F4DCB2CDCA.d.89CAD332507EBC6BC71A6A93BF13E926.e.4264"},"getValue",[]]}
RESULT: {}
RESULT: {"script":"<script> [6424 bytes]","args":[{"element-6066-11e4-a52e-4f735466cecf":"f.5C77A6788F2F180DC89ED0F4DCB2CDCA.d.89CAD332507EBC6BC71A6A93BF13E926.e.4264"},"getValue",[]]}
COMMAND: POST /session/276af0ab14c8f1c47b44a918c5eb4f66/element - {"using":"css selector","value":"#shell-header-logo"}
RESULT: {"using":"css selector","value":"#shell-header-logo"}
COMMAND: POST /session/276af0ab14c8f1c47b44a918c5eb4f66/element/f.5C77A6788F2F180DC89ED0F4DCB2CDCA.d.89CAD332507EBC6BC71A6A93BF13E926.e.3820/click - {}
RESULT: {}
COMMAND: GET /session/276af0ab14c8f1c47b44a918c5eb4f66/screenshot - {}
RESULT: {}
]]></system-out>
    </testcase>
    <testcase classname="chrome.135_0_7049_42.windows.Partner_specific_tests_US150819_US151080_US151654_US151176_US103444_US151078_US151079_US151109_US151174_US151175_US151189" name="Should create a new intracompany partner edit some of its fields US151079" time="206.5">
      <system-out><![CDATA[
COMMAND: POST /session/276af0ab14c8f1c47b44a918c5eb4f66/element - {"using":"xpath","value":"//li[.//span[text()=\"Manage Partners\"]]"}
RESULT: {"using":"xpath","value":"//li[.//span[text()=\"Manage Partners\"]]"}
COMMAND: POST /session/276af0ab14c8f1c47b44a918c5eb4f66/element - {"using":"xpath","value":"//li[.//span[text()=\"Manage Partners\"]]"}
RESULT: {"using":"xpath","value":"//li[.//span[text()=\"Manage Partners\"]]"}
COMMAND: POST /session/276af0ab14c8f1c47b44a918c5eb4f66/element - {"using":"css selector","value":"#shell-header-logo"}
RESULT: {"using":"css selector","value":"#shell-header-logo"}
COMMAND: POST /session/276af0ab14c8f1c47b44a918c5eb4f66/element/f.5C77A6788F2F180DC89ED0F4DCB2CDCA.d.89CAD332507EBC6BC71A6A93BF13E926.e.4294/click - {}
COMMAND: POST /session/276af0ab14c8f1c47b44a918c5eb4f66/execute/sync - {"script":"<script> [8489 bytes]","args":[{"element-6066-11e4-a52e-4f735466cecf":"f.5C77A6788F2F180DC89ED0F4DCB2CDCA.d.89CAD332507EBC6BC71A6A93BF13E926.e.4294","ELEMENT":"f.5C77A6788F2F180DC89ED0F4DCB2CDCA.d.89CAD332507EBC6BC71A6A93BF13E926.e.4294"}]}
RESULT: {}
COMMAND: GET /session/276af0ab14c8f1c47b44a918c5eb4f66/screenshot - {}
RESULT: {"script":"<script> [8489 bytes]","args":[{"element-6066-11e4-a52e-4f735466cecf":"f.5C77A6788F2F180DC89ED0F4DCB2CDCA.d.89CAD332507EBC6BC71A6A93BF13E926.e.4294","ELEMENT":"f.5C77A6788F2F180DC89ED0F4DCB2CDCA.d.89CAD332507EBC6BC71A6A93BF13E926.e.4294"}]}
COMMAND: POST /session/276af0ab14c8f1c47b44a918c5eb4f66/execute/sync - {"script":"<script> [5351 bytes]","args":[{"element-6066-11e4-a52e-4f735466cecf":"f.5C77A6788F2F180DC89ED0F4DCB2CDCA.d.89CAD332507EBC6BC71A6A93BF13E926.e.4294","ELEMENT":"f.5C77A6788F2F180DC89ED0F4DCB2CDCA.d.89CAD332507EBC6BC71A6A93BF13E926.e.4294"}]}
COMMAND: GET /session/276af0ab14c8f1c47b44a918c5eb4f66/screenshot - {}
RESULT: {}
RESULT: {"script":"<script> [5351 bytes]","args":[{"element-6066-11e4-a52e-4f735466cecf":"f.5C77A6788F2F180DC89ED0F4DCB2CDCA.d.89CAD332507EBC6BC71A6A93BF13E926.e.4294","ELEMENT":"f.5C77A6788F2F180DC89ED0F4DCB2CDCA.d.89CAD332507EBC6BC71A6A93BF13E926.e.4294"}]}
COMMAND: GET /session/276af0ab14c8f1c47b44a918c5eb4f66/screenshot - {}
RESULT: {}
RESULT: {}
COMMAND: POST /session/276af0ab14c8f1c47b44a918c5eb4f66/refresh - {}
RESULT: {}
COMMAND: GET /session/276af0ab14c8f1c47b44a918c5eb4f66/screenshot - {}
RESULT: {}
COMMAND: POST /session/276af0ab14c8f1c47b44a918c5eb4f66/refresh - {}
RESULT: {}
COMMAND: GET /session/276af0ab14c8f1c47b44a918c5eb4f66/screenshot - {}
RESULT: {}
COMMAND: POST /session/276af0ab14c8f1c47b44a918c5eb4f66/execute/async - {"script":"<script> [189 bytes]","args":[]}
RESULT: {"script":"<script> [189 bytes]","args":[]}
COMMAND: POST /session/276af0ab14c8f1c47b44a918c5eb4f66/execute/async - {"script":"<script> [123 bytes]","args":[]}
RESULT: {"script":"<script> [123 bytes]","args":[]}
COMMAND: POST /session/276af0ab14c8f1c47b44a918c5eb4f66/timeouts - {"script":"<number>"}
RESULT: {"script":"<number>"}
COMMAND: GET /session/276af0ab14c8f1c47b44a918c5eb4f66/timeouts - {}
RESULT: {}
RESULT: undefined
COMMAND: POST /session/276af0ab14c8f1c47b44a918c5eb4f66/execute/async - {"script":"<script> [2676 bytes]","args":[]}
RESULT: {"script":"<script> [2676 bytes]","args":[]}
COMMAND: POST /session/276af0ab14c8f1c47b44a918c5eb4f66/execute/async - {"script":"<script> [2342 bytes]","args":[{"protocol":"http","hostname":"0.0.0.0","path":"/","capabilities":{"browserName":"chrome","goog:chromeOptions":{"binary":"C:\\Program Files\\Google\\Chrome\\Application\\chrome.exe","args":["--start-maximized"]}},"logLevel":"warn","connectionRetryTimeout":120000,"connectionRetryCount":3,"logLevels":{},"enableDirectConnect":true,"strictSSL":true,"_":"65 more keys: [\"cacheDir\",\"port\",\"requestedCapabilities\",\"automationProtocol\",\"baseUrl\",\"waitforInterval\",\"waitforTimeout\",\"onReload\",\"beforeCommand\",\"afterCommand\",\"rootDir\",\"specs\",\"suites\",\"exclude\",\"groupLogsByTestSpec\",\"excludeDriverLogs\",\"bail\",\"framework\",\"reporters\",\"services\",\"maxInstances\",\"maxInstancesPerCapability\",\"injectGlobals\",\"filesToWatch\",\"execArgv\",\"runnerEnv\",\"runner\",\"shard\",\"specFileRetries\",\"specFileRetriesDelay\",\"specFileRetriesDeferred\",\"reporterSyncInterval\",\"reporterSyncTimeout\",\"cucumberFeaturesWithLineNumbers\",\"autoCompileOpts\",\"mochaOpts\",\"jasmineOpts\",\"cucumberOpts\",\"onPrepare\",\"onWorkerStart\",\"onWorkerEnd\",\"before\",\"beforeSession\",\"beforeSuite\",\"beforeHook\",\"beforeTest\",\"afterTest\",\"afterHook\",\"afterSuite\",\"afterSession\",\"after\",\"onComplete\",\"beforeAssertion\",\"afterAssertion\",\"beforeFeature\",\"beforeScenario\",\"beforeStep\",\"afterStep\",\"afterScenario\",\"afterFeature\",\"_\",\"suite\",\"$0\",\"ignoredWorkerServices\",\"wdi5\"]"}]}
RESULT: {"script":"<script> [2342 bytes]","args":[{"protocol":"http","hostname":"0.0.0.0","path":"/","capabilities":{"browserName":"chrome","goog:chromeOptions":{"binary":"C:\\Program Files\\Google\\Chrome\\Application\\chrome.exe","args":["--start-maximized"]}},"logLevel":"warn","connectionRetryTimeout":120000,"connectionRetryCount":3,"logLevels":{},"enableDirectConnect":true,"strictSSL":true,"_":"65 more keys: [\"cacheDir\",\"port\",\"requestedCapabilities\",\"automationProtocol\",\"baseUrl\",\"waitforInterval\",\"waitforTimeout\",\"onReload\",\"beforeCommand\",\"afterCommand\",\"rootDir\",\"specs\",\"suites\",\"exclude\",\"groupLogsByTestSpec\",\"excludeDriverLogs\",\"bail\",\"framework\",\"reporters\",\"services\",\"maxInstances\",\"maxInstancesPerCapability\",\"injectGlobals\",\"filesToWatch\",\"execArgv\",\"runnerEnv\",\"runner\",\"shard\",\"specFileRetries\",\"specFileRetriesDelay\",\"specFileRetriesDeferred\",\"reporterSyncInterval\",\"reporterSyncTimeout\",\"cucumberFeaturesWithLineNumbers\",\"autoCompileOpts\",\"mochaOpts\",\"jasmineOpts\",\"cucumberOpts\",\"onPrepare\",\"onWorkerStart\",\"onWorkerEnd\",\"before\",\"beforeSession\",\"beforeSuite\",\"beforeHook\",\"beforeTest\",\"afterTest\",\"afterHook\",\"afterSuite\",\"afterSession\",\"after\",\"onComplete\",\"beforeAssertion\",\"afterAssertion\",\"beforeFeature\",\"beforeScenario\",\"beforeStep\",\"afterStep\",\"afterScenario\",\"afterFeature\",\"_\",\"suite\",\"$0\",\"ignoredWorkerServices\",\"wdi5\"]"}]}
COMMAND: POST /session/276af0ab14c8f1c47b44a918c5eb4f66/execute/async - {"script":"<script> [21126 bytes]","args":[35000]}
RESULT: {"script":"<script> [21126 bytes]","args":[35000]}
COMMAND: POST /session/276af0ab14c8f1c47b44a918c5eb4f66/window/fullscreen - {}
RESULT: {}
COMMAND: POST /session/276af0ab14c8f1c47b44a918c5eb4f66/window/fullscreen - {}
RESULT: {}
COMMAND: POST /session/276af0ab14c8f1c47b44a918c5eb4f66/execute/async - {"script":"<script> [1562 bytes]","args":[{"selector":{"controlType":"sap.m.GenericTile","properties":{"header":"Manage Partners"}},"wdio_ui5_key":"sapm.GenericTile{\"header\":\"Manage Partners\"}"}]}
RESULT: {"script":"<script> [1562 bytes]","args":[{"selector":{"controlType":"sap.m.GenericTile","properties":{"header":"Manage Partners"}},"wdio_ui5_key":"sapm.GenericTile{\"header\":\"Manage Partners\"}"}]}
RESULT: undefined
COMMAND: POST /session/276af0ab14c8f1c47b44a918c5eb4f66/element - {"using":"xpath","value":"//*[@id=\"__tile30\"]"}
RESULT: {"using":"xpath","value":"//*[@id=\"__tile30\"]"}
COMMAND: POST /session/276af0ab14c8f1c47b44a918c5eb4f66/element/f.5C77A6788F2F180DC89ED0F4DCB2CDCA.d.BB0BB3512281F3483302E5344791A15B.e.4360/click - {}
RESULT: {}
COMMAND: POST /session/276af0ab14c8f1c47b44a918c5eb4f66/element - {"using":"xpath","value":"//button[@data-kt=\"addButton\"]"}
COMMAND: GET /session/276af0ab14c8f1c47b44a918c5eb4f66/screenshot - {}
RESULT: {"using":"xpath","value":"//button[@data-kt=\"addButton\"]"}
COMMAND: POST /session/276af0ab14c8f1c47b44a918c5eb4f66/elements - {"using":"xpath","value":"//button[@data-kt=\"addButton\"]"}
RESULT: {}
RESULT: {"using":"xpath","value":"//button[@data-kt=\"addButton\"]"}
COMMAND: POST /session/276af0ab14c8f1c47b44a918c5eb4f66/elements - {"using":"xpath","value":"//button[@data-kt=\"addButton\"]"}
RESULT: {"using":"xpath","value":"//button[@data-kt=\"addButton\"]"}
COMMAND: POST /session/276af0ab14c8f1c47b44a918c5eb4f66/elements - {"using":"xpath","value":"//button[@data-kt=\"addButton\"]"}
RESULT: {"using":"xpath","value":"//button[@data-kt=\"addButton\"]"}
COMMAND: POST /session/276af0ab14c8f1c47b44a918c5eb4f66/elements - {"using":"xpath","value":"//button[@data-kt=\"addButton\"]"}
RESULT: {"using":"xpath","value":"//button[@data-kt=\"addButton\"]"}
COMMAND: POST /session/276af0ab14c8f1c47b44a918c5eb4f66/elements - {"using":"xpath","value":"//button[@data-kt=\"addButton\"]"}
RESULT: {"using":"xpath","value":"//button[@data-kt=\"addButton\"]"}
COMMAND: POST /session/276af0ab14c8f1c47b44a918c5eb4f66/elements - {"using":"xpath","value":"//button[@data-kt=\"addButton\"]"}
RESULT: {"using":"xpath","value":"//button[@data-kt=\"addButton\"]"}
COMMAND: POST /session/276af0ab14c8f1c47b44a918c5eb4f66/elements - {"using":"xpath","value":"//button[@data-kt=\"addButton\"]"}
RESULT: {"using":"xpath","value":"//button[@data-kt=\"addButton\"]"}
COMMAND: POST /session/276af0ab14c8f1c47b44a918c5eb4f66/elements - {"using":"xpath","value":"//button[@data-kt=\"addButton\"]"}
RESULT: {"using":"xpath","value":"//button[@data-kt=\"addButton\"]"}
COMMAND: POST /session/276af0ab14c8f1c47b44a918c5eb4f66/elements - {"using":"xpath","value":"//button[@data-kt=\"addButton\"]"}
RESULT: {"using":"xpath","value":"//button[@data-kt=\"addButton\"]"}
COMMAND: POST /session/276af0ab14c8f1c47b44a918c5eb4f66/elements - {"using":"xpath","value":"//button[@data-kt=\"addButton\"]"}
RESULT: {"using":"xpath","value":"//button[@data-kt=\"addButton\"]"}
COMMAND: POST /session/276af0ab14c8f1c47b44a918c5eb4f66/elements - {"using":"xpath","value":"//button[@data-kt=\"addButton\"]"}
RESULT: {"using":"xpath","value":"//button[@data-kt=\"addButton\"]"}
COMMAND: POST /session/276af0ab14c8f1c47b44a918c5eb4f66/element - {"using":"xpath","value":"//button[@data-kt=\"addButton\"]"}
RESULT: {"using":"xpath","value":"//button[@data-kt=\"addButton\"]"}
COMMAND: POST /session/276af0ab14c8f1c47b44a918c5eb4f66/execute/sync - {"script":"<script> [8489 bytes]","args":[{"element-6066-11e4-a52e-4f735466cecf":"f.5C77A6788F2F180DC89ED0F4DCB2CDCA.d.BB0BB3512281F3483302E5344791A15B.e.4474","ELEMENT":"f.5C77A6788F2F180DC89ED0F4DCB2CDCA.d.BB0BB3512281F3483302E5344791A15B.e.4474"}]}
RESULT: {"script":"<script> [8489 bytes]","args":[{"element-6066-11e4-a52e-4f735466cecf":"f.5C77A6788F2F180DC89ED0F4DCB2CDCA.d.BB0BB3512281F3483302E5344791A15B.e.4474","ELEMENT":"f.5C77A6788F2F180DC89ED0F4DCB2CDCA.d.BB0BB3512281F3483302E5344791A15B.e.4474"}]}
COMMAND: GET /session/276af0ab14c8f1c47b44a918c5eb4f66/element/f.5C77A6788F2F180DC89ED0F4DCB2CDCA.d.BB0BB3512281F3483302E5344791A15B.e.4474/enabled - {}
COMMAND: GET /session/276af0ab14c8f1c47b44a918c5eb4f66/screenshot - {}
RESULT: {}
COMMAND: POST /session/276af0ab14c8f1c47b44a918c5eb4f66/execute/sync - {"script":"<script> [8489 bytes]","args":[{"element-6066-11e4-a52e-4f735466cecf":"f.5C77A6788F2F180DC89ED0F4DCB2CDCA.d.BB0BB3512281F3483302E5344791A15B.e.4474","ELEMENT":"f.5C77A6788F2F180DC89ED0F4DCB2CDCA.d.BB0BB3512281F3483302E5344791A15B.e.4474"}]}
COMMAND: GET /session/276af0ab14c8f1c47b44a918c5eb4f66/screenshot - {}
RESULT: {}
RESULT: {"script":"<script> [8489 bytes]","args":[{"element-6066-11e4-a52e-4f735466cecf":"f.5C77A6788F2F180DC89ED0F4DCB2CDCA.d.BB0BB3512281F3483302E5344791A15B.e.4474","ELEMENT":"f.5C77A6788F2F180DC89ED0F4DCB2CDCA.d.BB0BB3512281F3483302E5344791A15B.e.4474"}]}
COMMAND: POST /session/276af0ab14c8f1c47b44a918c5eb4f66/execute/sync - {"script":"<script> [5351 bytes]","args":[{"element-6066-11e4-a52e-4f735466cecf":"f.5C77A6788F2F180DC89ED0F4DCB2CDCA.d.BB0BB3512281F3483302E5344791A15B.e.4474","ELEMENT":"f.5C77A6788F2F180DC89ED0F4DCB2CDCA.d.BB0BB3512281F3483302E5344791A15B.e.4474"}]}
COMMAND: GET /session/276af0ab14c8f1c47b44a918c5eb4f66/screenshot - {}
RESULT: {}
RESULT: {"script":"<script> [5351 bytes]","args":[{"element-6066-11e4-a52e-4f735466cecf":"f.5C77A6788F2F180DC89ED0F4DCB2CDCA.d.BB0BB3512281F3483302E5344791A15B.e.4474","ELEMENT":"f.5C77A6788F2F180DC89ED0F4DCB2CDCA.d.BB0BB3512281F3483302E5344791A15B.e.4474"}]}
COMMAND: POST /session/276af0ab14c8f1c47b44a918c5eb4f66/element/f.5C77A6788F2F180DC89ED0F4DCB2CDCA.d.BB0BB3512281F3483302E5344791A15B.e.4474/click - {}
COMMAND: GET /session/276af0ab14c8f1c47b44a918c5eb4f66/screenshot - {}
RESULT: {}
RESULT: {}
COMMAND: GET /session/276af0ab14c8f1c47b44a918c5eb4f66/screenshot - {}
RESULT: {}
COMMAND: POST /session/276af0ab14c8f1c47b44a918c5eb4f66/execute/async - {"script":"<script> [1562 bytes]","args":[{"selector":{"id":"application-managepartners-display-component---NewPartner--addressDetailDetailsName1","interaction":{"idSuffix":"inner"}},"wdio_ui5_key":"applicationmanagepartners-display-component---NewPartner--addressDetailDetailsName1"}]}
RESULT: {}
RESULT: {"script":"<script> [1562 bytes]","args":[{"selector":{"id":"application-managepartners-display-component---NewPartner--addressDetailDetailsName1","interaction":{"idSuffix":"inner"}},"wdio_ui5_key":"applicationmanagepartners-display-component---NewPartner--addressDetailDetailsName1"}]}
RESULT: undefined
COMMAND: POST /session/276af0ab14c8f1c47b44a918c5eb4f66/execute/async - {"script":"<script> [776 bytes]","args":[{"enterText":"Intracompany Partner WDIO","selector":{"id":"application-managepartners-display-component---NewPartner--addressDetailDetailsName1","interaction":{"idSuffix":"inner"}},"clearTextFirst":true,"interactionType":"ENTER_TEXT"}]}
RESULT: {"script":"<script> [776 bytes]","args":[{"enterText":"Intracompany Partner WDIO","selector":{"id":"application-managepartners-display-component---NewPartner--addressDetailDetailsName1","interaction":{"idSuffix":"inner"}},"clearTextFirst":true,"interactionType":"ENTER_TEXT"}]}
COMMAND: POST /session/276af0ab14c8f1c47b44a918c5eb4f66/execute/async - {"script":"<script> [1562 bytes]","args":[{"selector":{"id":"application-managepartners-display-component---NewPartner--addressDetailDetailsLanguage-arrow"},"wdio_ui5_key":"applicationmanagepartners-display-component---NewPartner--addressDetailDetailsLanguage-arrow"}]}
RESULT: {"script":"<script> [1562 bytes]","args":[{"selector":{"id":"application-managepartners-display-component---NewPartner--addressDetailDetailsLanguage-arrow"},"wdio_ui5_key":"applicationmanagepartners-display-component---NewPartner--addressDetailDetailsLanguage-arrow"}]}
RESULT: undefined
COMMAND: POST /session/276af0ab14c8f1c47b44a918c5eb4f66/element - {"using":"xpath","value":"//*[@id=\"application-managepartners-display-component---NewPartner--addressDetailDetailsLanguage-arrow\"]"}
RESULT: {"using":"xpath","value":"//*[@id=\"application-managepartners-display-component---NewPartner--addressDetailDetailsLanguage-arrow\"]"}
COMMAND: POST /session/276af0ab14c8f1c47b44a918c5eb4f66/element/f.5C77A6788F2F180DC89ED0F4DCB2CDCA.d.BB0BB3512281F3483302E5344791A15B.e.4897/click - {}
RESULT: {}
COMMAND: POST /session/276af0ab14c8f1c47b44a918c5eb4f66/element - {"using":"xpath","value":"//span[contains(text(), \"English\")]"}
COMMAND: GET /session/276af0ab14c8f1c47b44a918c5eb4f66/screenshot - {}
RESULT: {"using":"xpath","value":"//span[contains(text(), \"English\")]"}
COMMAND: POST /session/276af0ab14c8f1c47b44a918c5eb4f66/element/f.5C77A6788F2F180DC89ED0F4DCB2CDCA.d.BB0BB3512281F3483302E5344791A15B.e.4898/click - {}
RESULT: {}
RESULT: {}
COMMAND: GET /session/276af0ab14c8f1c47b44a918c5eb4f66/screenshot - {}
RESULT: {}
COMMAND: POST /session/276af0ab14c8f1c47b44a918c5eb4f66/execute/async - {"script":"<script> [1562 bytes]","args":[{"selector":{"id":"application-managepartners-display-component---NewPartner--addressDetailDetailsCity1","interaction":{"idSuffix":"inner"}},"wdio_ui5_key":"applicationmanagepartners-display-component---NewPartner--addressDetailDetailsCity1"}]}
RESULT: {"script":"<script> [1562 bytes]","args":[{"selector":{"id":"application-managepartners-display-component---NewPartner--addressDetailDetailsCity1","interaction":{"idSuffix":"inner"}},"wdio_ui5_key":"applicationmanagepartners-display-component---NewPartner--addressDetailDetailsCity1"}]}
RESULT: undefined
COMMAND: POST /session/276af0ab14c8f1c47b44a918c5eb4f66/execute/async - {"script":"<script> [776 bytes]","args":[{"enterText":"Rosario","selector":{"id":"application-managepartners-display-component---NewPartner--addressDetailDetailsCity1","interaction":{"idSuffix":"inner"}},"clearTextFirst":true,"interactionType":"ENTER_TEXT"}]}
RESULT: {"script":"<script> [776 bytes]","args":[{"enterText":"Rosario","selector":{"id":"application-managepartners-display-component---NewPartner--addressDetailDetailsCity1","interaction":{"idSuffix":"inner"}},"clearTextFirst":true,"interactionType":"ENTER_TEXT"}]}
COMMAND: POST /session/276af0ab14c8f1c47b44a918c5eb4f66/execute/async - {"script":"<script> [1562 bytes]","args":[{"selector":{"id":"application-managepartners-display-component---NewPartner--addressDetailDetailsCountry-arrow"},"wdio_ui5_key":"applicationmanagepartners-display-component---NewPartner--addressDetailDetailsCountry-arrow"}]}
RESULT: {"script":"<script> [1562 bytes]","args":[{"selector":{"id":"application-managepartners-display-component---NewPartner--addressDetailDetailsCountry-arrow"},"wdio_ui5_key":"applicationmanagepartners-display-component---NewPartner--addressDetailDetailsCountry-arrow"}]}
RESULT: undefined
COMMAND: POST /session/276af0ab14c8f1c47b44a918c5eb4f66/element - {"using":"xpath","value":"//*[@id=\"application-managepartners-display-component---NewPartner--addressDetailDetailsCountry-arrow\"]"}
RESULT: {"using":"xpath","value":"//*[@id=\"application-managepartners-display-component---NewPartner--addressDetailDetailsCountry-arrow\"]"}
COMMAND: POST /session/276af0ab14c8f1c47b44a918c5eb4f66/element/f.5C77A6788F2F180DC89ED0F4DCB2CDCA.d.BB0BB3512281F3483302E5344791A15B.e.4872/click - {}
RESULT: {}
COMMAND: POST /session/276af0ab14c8f1c47b44a918c5eb4f66/element - {"using":"xpath","value":"//span[contains(text(), \"Argentina\")]"}
COMMAND: GET /session/276af0ab14c8f1c47b44a918c5eb4f66/screenshot - {}
RESULT: {"using":"xpath","value":"//span[contains(text(), \"Argentina\")]"}
COMMAND: POST /session/276af0ab14c8f1c47b44a918c5eb4f66/element/f.5C77A6788F2F180DC89ED0F4DCB2CDCA.d.BB0BB3512281F3483302E5344791A15B.e.4900/click - {}
RESULT: {}
RESULT: {}
COMMAND: GET /session/276af0ab14c8f1c47b44a918c5eb4f66/screenshot - {}
RESULT: {}
COMMAND: POST /session/276af0ab14c8f1c47b44a918c5eb4f66/element - {"using":"xpath","value":"//bdi[contains(text(), \"Commercial\")]"}
RESULT: {"using":"xpath","value":"//bdi[contains(text(), \"Commercial\")]"}
COMMAND: POST /session/276af0ab14c8f1c47b44a918c5eb4f66/element/f.5C77A6788F2F180DC89ED0F4DCB2CDCA.d.BB0BB3512281F3483302E5344791A15B.e.4901/click - {}
RESULT: {}
COMMAND: GET /session/276af0ab14c8f1c47b44a918c5eb4f66/screenshot - {}
RESULT: {}
COMMAND: POST /session/276af0ab14c8f1c47b44a918c5eb4f66/execute/async - {"script":"<script> [1562 bytes]","args":[{"selector":{"id":"application-managepartners-display-component---NewPartner--partnerDetailInternal-arrow"},"wdio_ui5_key":"applicationmanagepartners-display-component---NewPartner--partnerDetailInternal-arrow"}]}
RESULT: {"script":"<script> [1562 bytes]","args":[{"selector":{"id":"application-managepartners-display-component---NewPartner--partnerDetailInternal-arrow"},"wdio_ui5_key":"applicationmanagepartners-display-component---NewPartner--partnerDetailInternal-arrow"}]}
RESULT: undefined
COMMAND: POST /session/276af0ab14c8f1c47b44a918c5eb4f66/element - {"using":"xpath","value":"//*[@id=\"application-managepartners-display-component---NewPartner--partnerDetailInternal-arrow\"]"}
RESULT: {"using":"xpath","value":"//*[@id=\"application-managepartners-display-component---NewPartner--partnerDetailInternal-arrow\"]"}
COMMAND: POST /session/276af0ab14c8f1c47b44a918c5eb4f66/element/f.5C77A6788F2F180DC89ED0F4DCB2CDCA.d.BB0BB3512281F3483302E5344791A15B.e.4907/click - {}
RESULT: {}
COMMAND: POST /session/276af0ab14c8f1c47b44a918c5eb4f66/element - {"using":"xpath","value":"//span[contains(text(), \"Affiliated company\")]"}
COMMAND: GET /session/276af0ab14c8f1c47b44a918c5eb4f66/screenshot - {}
RESULT: {"using":"xpath","value":"//span[contains(text(), \"Affiliated company\")]"}
COMMAND: POST /session/276af0ab14c8f1c47b44a918c5eb4f66/element/f.5C77A6788F2F180DC89ED0F4DCB2CDCA.d.BB0BB3512281F3483302E5344791A15B.e.4908/click - {}
RESULT: {}
RESULT: {}
COMMAND: POST /session/276af0ab14c8f1c47b44a918c5eb4f66/execute/async - {"script":"<script> [1562 bytes]","args":[{"selector":{"id":"application-managepartners-display-component---NewPartner--partnerDetailsCurrency-arrow"},"wdio_ui5_key":"applicationmanagepartners-display-component---NewPartner--partnerDetailsCurrency-arrow"}]}
COMMAND: GET /session/276af0ab14c8f1c47b44a918c5eb4f66/screenshot - {}
RESULT: {"script":"<script> [1562 bytes]","args":[{"selector":{"id":"application-managepartners-display-component---NewPartner--partnerDetailsCurrency-arrow"},"wdio_ui5_key":"applicationmanagepartners-display-component---NewPartner--partnerDetailsCurrency-arrow"}]}
RESULT: undefined
COMMAND: POST /session/276af0ab14c8f1c47b44a918c5eb4f66/element - {"using":"xpath","value":"//*[@id=\"application-managepartners-display-component---NewPartner--partnerDetailsCurrency-arrow\"]"}
RESULT: {}
RESULT: {"using":"xpath","value":"//*[@id=\"application-managepartners-display-component---NewPartner--partnerDetailsCurrency-arrow\"]"}
COMMAND: POST /session/276af0ab14c8f1c47b44a918c5eb4f66/element/f.5C77A6788F2F180DC89ED0F4DCB2CDCA.d.BB0BB3512281F3483302E5344791A15B.e.4915/click - {}
RESULT: {}
COMMAND: POST /session/276af0ab14c8f1c47b44a918c5eb4f66/element - {"using":"xpath","value":"//span[contains(text(), \"Euro\")]"}
COMMAND: GET /session/276af0ab14c8f1c47b44a918c5eb4f66/screenshot - {}
RESULT: {"using":"xpath","value":"//span[contains(text(), \"Euro\")]"}
COMMAND: POST /session/276af0ab14c8f1c47b44a918c5eb4f66/element/f.5C77A6788F2F180DC89ED0F4DCB2CDCA.d.BB0BB3512281F3483302E5344791A15B.e.4916/click - {}
RESULT: {}
RESULT: {}
COMMAND: POST /session/276af0ab14c8f1c47b44a918c5eb4f66/execute/async - {"script":"<script> [1562 bytes]","args":[{"selector":{"id":"application-managepartners-display-component---NewPartner--addressEditDetailsCostObjectCstType-arrow"},"wdio_ui5_key":"applicationmanagepartners-display-component---NewPartner--addressEditDetailsCostObjectCstType-arrow"}]}
COMMAND: GET /session/276af0ab14c8f1c47b44a918c5eb4f66/screenshot - {}
RESULT: {"script":"<script> [1562 bytes]","args":[{"selector":{"id":"application-managepartners-display-component---NewPartner--addressEditDetailsCostObjectCstType-arrow"},"wdio_ui5_key":"applicationmanagepartners-display-component---NewPartner--addressEditDetailsCostObjectCstType-arrow"}]}
RESULT: undefined
COMMAND: POST /session/276af0ab14c8f1c47b44a918c5eb4f66/element - {"using":"xpath","value":"//*[@id=\"application-managepartners-display-component---NewPartner--addressEditDetailsCostObjectCstType-arrow\"]"}
RESULT: {}
RESULT: {"using":"xpath","value":"//*[@id=\"application-managepartners-display-component---NewPartner--addressEditDetailsCostObjectCstType-arrow\"]"}
COMMAND: POST /session/276af0ab14c8f1c47b44a918c5eb4f66/element/f.5C77A6788F2F180DC89ED0F4DCB2CDCA.d.BB0BB3512281F3483302E5344791A15B.e.4917/click - {}
RESULT: {}
COMMAND: POST /session/276af0ab14c8f1c47b44a918c5eb4f66/element - {"using":"xpath","value":"//span[contains(text(), \"Cost Center\")]"}
COMMAND: GET /session/276af0ab14c8f1c47b44a918c5eb4f66/screenshot - {}
RESULT: {"using":"xpath","value":"//span[contains(text(), \"Cost Center\")]"}
COMMAND: POST /session/276af0ab14c8f1c47b44a918c5eb4f66/element/f.5C77A6788F2F180DC89ED0F4DCB2CDCA.d.BB0BB3512281F3483302E5344791A15B.e.4918/click - {}
RESULT: {}
RESULT: {}
COMMAND: GET /session/276af0ab14c8f1c47b44a918c5eb4f66/screenshot - {}
RESULT: {}
COMMAND: POST /session/276af0ab14c8f1c47b44a918c5eb4f66/element - {"using":"xpath","value":"//span[@id=\"application-managepartners-display-component---NewPartner--addressNewCostObjectCstID-vhi\"]"}
RESULT: {"using":"xpath","value":"//span[@id=\"application-managepartners-display-component---NewPartner--addressNewCostObjectCstID-vhi\"]"}
COMMAND: POST /session/276af0ab14c8f1c47b44a918c5eb4f66/execute/sync - {"script":"<script> [8489 bytes]","args":[{"element-6066-11e4-a52e-4f735466cecf":"f.5C77A6788F2F180DC89ED0F4DCB2CDCA.d.BB0BB3512281F3483302E5344791A15B.e.4921","ELEMENT":"f.5C77A6788F2F180DC89ED0F4DCB2CDCA.d.BB0BB3512281F3483302E5344791A15B.e.4921"}]}
RESULT: {"script":"<script> [8489 bytes]","args":[{"element-6066-11e4-a52e-4f735466cecf":"f.5C77A6788F2F180DC89ED0F4DCB2CDCA.d.BB0BB3512281F3483302E5344791A15B.e.4921","ELEMENT":"f.5C77A6788F2F180DC89ED0F4DCB2CDCA.d.BB0BB3512281F3483302E5344791A15B.e.4921"}]}
COMMAND: POST /session/276af0ab14c8f1c47b44a918c5eb4f66/execute/async - {"script":"<script> [1562 bytes]","args":[{"selector":{"id":"application-managepartners-display-component---NewPartner--addressNewCostObjectCstID-vhi"},"wdio_ui5_key":"applicationmanagepartners-display-component---NewPartner--addressNewCostObjectCstID-vhi"}]}
COMMAND: GET /session/276af0ab14c8f1c47b44a918c5eb4f66/screenshot - {}
RESULT: {"script":"<script> [1562 bytes]","args":[{"selector":{"id":"application-managepartners-display-component---NewPartner--addressNewCostObjectCstID-vhi"},"wdio_ui5_key":"applicationmanagepartners-display-component---NewPartner--addressNewCostObjectCstID-vhi"}]}
RESULT: undefined
COMMAND: POST /session/276af0ab14c8f1c47b44a918c5eb4f66/element - {"using":"xpath","value":"//*[@id=\"application-managepartners-display-component---NewPartner--addressNewCostObjectCstID-vhi\"]"}
RESULT: {}
RESULT: {"using":"xpath","value":"//*[@id=\"application-managepartners-display-component---NewPartner--addressNewCostObjectCstID-vhi\"]"}
COMMAND: POST /session/276af0ab14c8f1c47b44a918c5eb4f66/element/f.5C77A6788F2F180DC89ED0F4DCB2CDCA.d.BB0BB3512281F3483302E5344791A15B.e.4921/click - {}
RESULT: {}
COMMAND: GET /session/276af0ab14c8f1c47b44a918c5eb4f66/screenshot - {}
RESULT: {}
COMMAND: POST /session/276af0ab14c8f1c47b44a918c5eb4f66/execute/async - {"script":"<script> [1562 bytes]","args":[{"selector":{"controlType":"sap.m.SearchField","properties":{"placeholder":"Search"},"searchOpenDialogs":true,"interaction":{"idSuffix":"I"}},"wdio_ui5_key":"sapm.SearchField{\"placeholder\":\"Search\"}"}]}
RESULT: {"script":"<script> [1562 bytes]","args":[{"selector":{"controlType":"sap.m.SearchField","properties":{"placeholder":"Search"},"searchOpenDialogs":true,"interaction":{"idSuffix":"I"}},"wdio_ui5_key":"sapm.SearchField{\"placeholder\":\"Search\"}"}]}
RESULT: undefined
COMMAND: POST /session/276af0ab14c8f1c47b44a918c5eb4f66/execute/async - {"script":"<script> [776 bytes]","args":[{"enterText":"10001013","selector":{"controlType":"sap.m.SearchField","properties":{"placeholder":"Search"},"searchOpenDialogs":true,"interaction":{"idSuffix":"I"}},"clearTextFirst":true,"interactionType":"ENTER_TEXT"}]}
RESULT: {"script":"<script> [776 bytes]","args":[{"enterText":"10001013","selector":{"controlType":"sap.m.SearchField","properties":{"placeholder":"Search"},"searchOpenDialogs":true,"interaction":{"idSuffix":"I"}},"clearTextFirst":true,"interactionType":"ENTER_TEXT"}]}
COMMAND: POST /session/276af0ab14c8f1c47b44a918c5eb4f66/actions - {"actions":[{"id":"action14","type":"key","parameters":{},"actions":[{"type":"keyDown","value":""},{"type":"pause","duration":10},{"type":"keyUp","value":""}]}]}
RESULT: {"actions":[{"id":"action14","type":"key","parameters":{},"actions":[{"type":"keyDown","value":""},{"type":"pause","duration":10},{"type":"keyUp","value":""}]}]}
COMMAND: GET /session/276af0ab14c8f1c47b44a918c5eb4f66/screenshot - {}
RESULT: {}
COMMAND: POST /session/276af0ab14c8f1c47b44a918c5eb4f66/element - {"using":"xpath","value":"//span[contains(text(), \"General Management\")]"}
RESULT: {"using":"xpath","value":"//span[contains(text(), \"General Management\")]"}
COMMAND: POST /session/276af0ab14c8f1c47b44a918c5eb4f66/element/f.5C77A6788F2F180DC89ED0F4DCB2CDCA.d.BB0BB3512281F3483302E5344791A15B.e.4962/click - {}
RESULT: {}
COMMAND: GET /session/276af0ab14c8f1c47b44a918c5eb4f66/screenshot - {}
RESULT: {}
COMMAND: POST /session/276af0ab14c8f1c47b44a918c5eb4f66/element - {"using":"xpath","value":"//bdi[contains(text(), \"OK\")]"}
RESULT: {"using":"xpath","value":"//bdi[contains(text(), \"OK\")]"}
COMMAND: POST /session/276af0ab14c8f1c47b44a918c5eb4f66/element/f.5C77A6788F2F180DC89ED0F4DCB2CDCA.d.BB0BB3512281F3483302E5344791A15B.e.4963/click - {}
RESULT: {}
COMMAND: GET /session/276af0ab14c8f1c47b44a918c5eb4f66/screenshot - {}
RESULT: {}
COMMAND: POST /session/276af0ab14c8f1c47b44a918c5eb4f66/element - {"using":"xpath","value":"//input[@id=\"application-managepartners-display-component---NewPartner--companyCodeComboBox-inner\"]"}
RESULT: {"using":"xpath","value":"//input[@id=\"application-managepartners-display-component---NewPartner--companyCodeComboBox-inner\"]"}
COMMAND: POST /session/276af0ab14c8f1c47b44a918c5eb4f66/element/f.5C77A6788F2F180DC89ED0F4DCB2CDCA.d.BB0BB3512281F3483302E5344791A15B.e.4791/clear - {}
RESULT: {}
COMMAND: POST /session/276af0ab14c8f1c47b44a918c5eb4f66/element/f.5C77A6788F2F180DC89ED0F4DCB2CDCA.d.BB0BB3512281F3483302E5344791A15B.e.4791/value - {"text":"1000"}
COMMAND: GET /session/276af0ab14c8f1c47b44a918c5eb4f66/screenshot - {}
RESULT: {"text":"1000"}
COMMAND: GET /session/276af0ab14c8f1c47b44a918c5eb4f66/screenshot - {}
RESULT: {}
RESULT: {}
COMMAND: POST /session/276af0ab14c8f1c47b44a918c5eb4f66/element - {"using":"xpath","value":"//span[contains(text(), \"1000\")]"}
RESULT: {"using":"xpath","value":"//span[contains(text(), \"1000\")]"}
COMMAND: POST /session/276af0ab14c8f1c47b44a918c5eb4f66/element/f.5C77A6788F2F180DC89ED0F4DCB2CDCA.d.BB0BB3512281F3483302E5344791A15B.e.4969/click - {}
RESULT: {}
COMMAND: GET /session/276af0ab14c8f1c47b44a918c5eb4f66/screenshot - {}
RESULT: {}
COMMAND: POST /session/276af0ab14c8f1c47b44a918c5eb4f66/execute/async - {"script":"<script> [1562 bytes]","args":[{"selector":{"id":"application-managepartners-display-component---NewPartner--btnAddTableRow-img"},"wdio_ui5_key":"applicationmanagepartners-display-component---NewPartner--btnAddTableRow-img"}]}
RESULT: {"script":"<script> [1562 bytes]","args":[{"selector":{"id":"application-managepartners-display-component---NewPartner--btnAddTableRow-img"},"wdio_ui5_key":"applicationmanagepartners-display-component---NewPartner--btnAddTableRow-img"}]}
RESULT: undefined
COMMAND: POST /session/276af0ab14c8f1c47b44a918c5eb4f66/element - {"using":"xpath","value":"//*[@id=\"application-managepartners-display-component---NewPartner--btnAddTableRow-img\"]"}
RESULT: {"using":"xpath","value":"//*[@id=\"application-managepartners-display-component---NewPartner--btnAddTableRow-img\"]"}
COMMAND: POST /session/276af0ab14c8f1c47b44a918c5eb4f66/element/f.5C77A6788F2F180DC89ED0F4DCB2CDCA.d.BB0BB3512281F3483302E5344791A15B.e.4970/click - {}
RESULT: {}
COMMAND: GET /session/276af0ab14c8f1c47b44a918c5eb4f66/screenshot - {}
RESULT: {}
COMMAND: POST /session/276af0ab14c8f1c47b44a918c5eb4f66/element - {"using":"xpath","value":"//input[@id=\"application-managepartners-display-component---NewPartner--assignmentYard-application-managepartners-display-component---NewPartner--assignmentsTable-0-inner\"]"}
RESULT: {"using":"xpath","value":"//input[@id=\"application-managepartners-display-component---NewPartner--assignmentYard-application-managepartners-display-component---NewPartner--assignmentsTable-0-inner\"]"}
COMMAND: POST /session/276af0ab14c8f1c47b44a918c5eb4f66/element/f.5C77A6788F2F180DC89ED0F4DCB2CDCA.d.BB0BB3512281F3483302E5344791A15B.e.4973/clear - {}
RESULT: {}
COMMAND: POST /session/276af0ab14c8f1c47b44a918c5eb4f66/element/f.5C77A6788F2F180DC89ED0F4DCB2CDCA.d.BB0BB3512281F3483302E5344791A15B.e.4973/value - {"text":"372"}
COMMAND: GET /session/276af0ab14c8f1c47b44a918c5eb4f66/screenshot - {}
RESULT: {"text":"372"}
COMMAND: GET /session/276af0ab14c8f1c47b44a918c5eb4f66/screenshot - {}
RESULT: {}
RESULT: {}
COMMAND: POST /session/276af0ab14c8f1c47b44a918c5eb4f66/element - {"using":"xpath","value":"//li[.//span[text()='372']]"}
RESULT: {"using":"xpath","value":"//li[.//span[text()='372']]"}
COMMAND: POST /session/276af0ab14c8f1c47b44a918c5eb4f66/element/f.5C77A6788F2F180DC89ED0F4DCB2CDCA.d.BB0BB3512281F3483302E5344791A15B.e.4982/click - {}
RESULT: {}
COMMAND: GET /session/276af0ab14c8f1c47b44a918c5eb4f66/screenshot - {}
RESULT: {}
COMMAND: POST /session/276af0ab14c8f1c47b44a918c5eb4f66/actions - {"actions":[{"id":"action15","type":"key","parameters":{},"actions":[{"type":"keyDown","value":""},{"type":"pause","duration":10},{"type":"keyUp","value":""}]}]}
RESULT: {"actions":[{"id":"action15","type":"key","parameters":{},"actions":[{"type":"keyDown","value":""},{"type":"pause","duration":10},{"type":"keyUp","value":""}]}]}
COMMAND: POST /session/276af0ab14c8f1c47b44a918c5eb4f66/execute/async - {"script":"<script> [1562 bytes]","args":[{"selector":{"id":"application-managepartners-display-component---NewPartner--externalCustomerComboBox-application-managepartners-display-component---NewPartner--assignmentsTable-0-vhi"},"wdio_ui5_key":"applicationmanagepartners-display-component---NewPartner--externalCustomerComboBox-application-managepartners-display-component---NewPartner--assignmentsTable-0-vhi"}]}
COMMAND: GET /session/276af0ab14c8f1c47b44a918c5eb4f66/screenshot - {}
RESULT: {"script":"<script> [1562 bytes]","args":[{"selector":{"id":"application-managepartners-display-component---NewPartner--externalCustomerComboBox-application-managepartners-display-component---NewPartner--assignmentsTable-0-vhi"},"wdio_ui5_key":"applicationmanagepartners-display-component---NewPartner--externalCustomerComboBox-application-managepartners-display-component---NewPartner--assignmentsTable-0-vhi"}]}
RESULT: undefined
COMMAND: POST /session/276af0ab14c8f1c47b44a918c5eb4f66/element - {"using":"xpath","value":"//*[@id=\"application-managepartners-display-component---NewPartner--externalCustomerComboBox-application-managepartners-display-component---NewPartner--assignmentsTable-0-vhi\"]"}
RESULT: {}
RESULT: {"using":"xpath","value":"//*[@id=\"application-managepartners-display-component---NewPartner--externalCustomerComboBox-application-managepartners-display-component---NewPartner--assignmentsTable-0-vhi\"]"}
COMMAND: POST /session/276af0ab14c8f1c47b44a918c5eb4f66/element/f.5C77A6788F2F180DC89ED0F4DCB2CDCA.d.BB0BB3512281F3483302E5344791A15B.e.4986/click - {}
RESULT: {}
RESULT: undefined
COMMAND: POST /session/276af0ab14c8f1c47b44a918c5eb4f66/execute/async - {"script":"<script> [776 bytes]","args":[{"enterText":"300003","selector":{"controlType":"sap.m.SearchField","properties":{"placeholder":"Search"},"searchOpenDialogs":true,"interaction":{"idSuffix":"I"}},"clearTextFirst":true,"interactionType":"ENTER_TEXT"}]}
COMMAND: GET /session/276af0ab14c8f1c47b44a918c5eb4f66/screenshot - {}
RESULT: {"script":"<script> [776 bytes]","args":[{"enterText":"300003","selector":{"controlType":"sap.m.SearchField","properties":{"placeholder":"Search"},"searchOpenDialogs":true,"interaction":{"idSuffix":"I"}},"clearTextFirst":true,"interactionType":"ENTER_TEXT"}]}
COMMAND: POST /session/276af0ab14c8f1c47b44a918c5eb4f66/actions - {"actions":[{"id":"action16","type":"key","parameters":{},"actions":[{"type":"keyDown","value":""},{"type":"pause","duration":10},{"type":"keyUp","value":""}]}]}
RESULT: {}
RESULT: {"actions":[{"id":"action16","type":"key","parameters":{},"actions":[{"type":"keyDown","value":""},{"type":"pause","duration":10},{"type":"keyUp","value":""}]}]}
COMMAND: GET /session/276af0ab14c8f1c47b44a918c5eb4f66/screenshot - {}
RESULT: {}
COMMAND: POST /session/276af0ab14c8f1c47b44a918c5eb4f66/element - {"using":"xpath","value":"//span[contains(text(), \"300003\")]"}
RESULT: {"using":"xpath","value":"//span[contains(text(), \"300003\")]"}
COMMAND: POST /session/276af0ab14c8f1c47b44a918c5eb4f66/element/f.5C77A6788F2F180DC89ED0F4DCB2CDCA.d.BB0BB3512281F3483302E5344791A15B.e.5003/click - {}
RESULT: {}
COMMAND: GET /session/276af0ab14c8f1c47b44a918c5eb4f66/screenshot - {}
RESULT: {}
COMMAND: POST /session/276af0ab14c8f1c47b44a918c5eb4f66/element - {"using":"xpath","value":"//bdi[contains(text(), \"OK\")]"}
RESULT: {"using":"xpath","value":"//bdi[contains(text(), \"OK\")]"}
COMMAND: POST /session/276af0ab14c8f1c47b44a918c5eb4f66/element/f.5C77A6788F2F180DC89ED0F4DCB2CDCA.d.BB0BB3512281F3483302E5344791A15B.e.5005/click - {}
RESULT: {}
COMMAND: GET /session/276af0ab14c8f1c47b44a918c5eb4f66/screenshot - {}
RESULT: {}
COMMAND: POST /session/276af0ab14c8f1c47b44a918c5eb4f66/execute/async - {"script":"<script> [1562 bytes]","args":[{"selector":{"id":"application-managepartners-display-component---NewPartner--intercompVendorComboBox-application-managepartners-display-component---NewPartner--assignmentsTable-0-vhi"},"wdio_ui5_key":"applicationmanagepartners-display-component---NewPartner--intercompVendorComboBox-application-managepartners-display-component---NewPartner--assignmentsTable-0-vhi"}]}
RESULT: {"script":"<script> [1562 bytes]","args":[{"selector":{"id":"application-managepartners-display-component---NewPartner--intercompVendorComboBox-application-managepartners-display-component---NewPartner--assignmentsTable-0-vhi"},"wdio_ui5_key":"applicationmanagepartners-display-component---NewPartner--intercompVendorComboBox-application-managepartners-display-component---NewPartner--assignmentsTable-0-vhi"}]}
RESULT: undefined
COMMAND: POST /session/276af0ab14c8f1c47b44a918c5eb4f66/element - {"using":"xpath","value":"//*[@id=\"application-managepartners-display-component---NewPartner--intercompVendorComboBox-application-managepartners-display-component---NewPartner--assignmentsTable-0-vhi\"]"}
RESULT: {"using":"xpath","value":"//*[@id=\"application-managepartners-display-component---NewPartner--intercompVendorComboBox-application-managepartners-display-component---NewPartner--assignmentsTable-0-vhi\"]"}
COMMAND: POST /session/276af0ab14c8f1c47b44a918c5eb4f66/element/f.5C77A6788F2F180DC89ED0F4DCB2CDCA.d.BB0BB3512281F3483302E5344791A15B.e.5009/click - {}
RESULT: {}
RESULT: undefined
COMMAND: POST /session/276af0ab14c8f1c47b44a918c5eb4f66/execute/async - {"script":"<script> [776 bytes]","args":[{"enterText":"100005","selector":{"controlType":"sap.m.SearchField","properties":{"placeholder":"Search"},"searchOpenDialogs":true,"interaction":{"idSuffix":"I"}},"clearTextFirst":true,"interactionType":"ENTER_TEXT"}]}
COMMAND: GET /session/276af0ab14c8f1c47b44a918c5eb4f66/screenshot - {}
RESULT: {"script":"<script> [776 bytes]","args":[{"enterText":"100005","selector":{"controlType":"sap.m.SearchField","properties":{"placeholder":"Search"},"searchOpenDialogs":true,"interaction":{"idSuffix":"I"}},"clearTextFirst":true,"interactionType":"ENTER_TEXT"}]}
COMMAND: POST /session/276af0ab14c8f1c47b44a918c5eb4f66/actions - {"actions":[{"id":"action17","type":"key","parameters":{},"actions":[{"type":"keyDown","value":""},{"type":"pause","duration":10},{"type":"keyUp","value":""}]}]}
RESULT: {}
RESULT: {"actions":[{"id":"action17","type":"key","parameters":{},"actions":[{"type":"keyDown","value":""},{"type":"pause","duration":10},{"type":"keyUp","value":""}]}]}
COMMAND: GET /session/276af0ab14c8f1c47b44a918c5eb4f66/screenshot - {}
RESULT: {}
COMMAND: POST /session/276af0ab14c8f1c47b44a918c5eb4f66/element - {"using":"xpath","value":"//span[contains(text(), \"Penguins - Field/12345 Berlin\")]"}
RESULT: {"using":"xpath","value":"//span[contains(text(), \"Penguins - Field/12345 Berlin\")]"}
COMMAND: POST /session/276af0ab14c8f1c47b44a918c5eb4f66/element/f.5C77A6788F2F180DC89ED0F4DCB2CDCA.d.BB0BB3512281F3483302E5344791A15B.e.5027/click - {}
RESULT: {}
COMMAND: GET /session/276af0ab14c8f1c47b44a918c5eb4f66/screenshot - {}
RESULT: {}
COMMAND: POST /session/276af0ab14c8f1c47b44a918c5eb4f66/element - {"using":"xpath","value":"//bdi[contains(text(), \"OK\")]"}
RESULT: {"using":"xpath","value":"//bdi[contains(text(), \"OK\")]"}
COMMAND: POST /session/276af0ab14c8f1c47b44a918c5eb4f66/element/f.5C77A6788F2F180DC89ED0F4DCB2CDCA.d.BB0BB3512281F3483302E5344791A15B.e.5028/click - {}
RESULT: {}
COMMAND: GET /session/276af0ab14c8f1c47b44a918c5eb4f66/screenshot - {}
RESULT: {}
COMMAND: POST /session/276af0ab14c8f1c47b44a918c5eb4f66/element - {"using":"xpath","value":"//button[@data-kt=\"saveButton\"]"}
RESULT: {"using":"xpath","value":"//button[@data-kt=\"saveButton\"]"}
COMMAND: POST /session/276af0ab14c8f1c47b44a918c5eb4f66/element/f.5C77A6788F2F180DC89ED0F4DCB2CDCA.d.BB0BB3512281F3483302E5344791A15B.e.4874/click - {}
RESULT: {}
COMMAND: GET /session/276af0ab14c8f1c47b44a918c5eb4f66/screenshot - {}
RESULT: {}
COMMAND: POST /session/276af0ab14c8f1c47b44a918c5eb4f66/element - {"using":"xpath","value":"//header[contains(@id, 'ObjectPageLayout-headerTitle')]/div[1]/div[2]/div[2]/span[1]"}
RESULT: {"using":"xpath","value":"//header[contains(@id, 'ObjectPageLayout-headerTitle')]/div[1]/div[2]/div[2]/span[1]"}
COMMAND: POST /session/276af0ab14c8f1c47b44a918c5eb4f66/elements - {"using":"xpath","value":"//header[contains(@id, 'ObjectPageLayout-headerTitle')]/div[1]/div[2]/div[2]/span[1]"}
RESULT: {"using":"xpath","value":"//header[contains(@id, 'ObjectPageLayout-headerTitle')]/div[1]/div[2]/div[2]/span[1]"}
COMMAND: POST /session/276af0ab14c8f1c47b44a918c5eb4f66/execute/sync - {"script":"<script> [56 bytes]","args":[{"element-6066-11e4-a52e-4f735466cecf":"f.5C77A6788F2F180DC89ED0F4DCB2CDCA.d.BB0BB3512281F3483302E5344791A15B.e.5192","ELEMENT":"f.5C77A6788F2F180DC89ED0F4DCB2CDCA.d.BB0BB3512281F3483302E5344791A15B.e.5192"}]}
RESULT: {"script":"<script> [56 bytes]","args":[{"element-6066-11e4-a52e-4f735466cecf":"f.5C77A6788F2F180DC89ED0F4DCB2CDCA.d.BB0BB3512281F3483302E5344791A15B.e.5192","ELEMENT":"f.5C77A6788F2F180DC89ED0F4DCB2CDCA.d.BB0BB3512281F3483302E5344791A15B.e.5192"}]}
COMMAND: POST /session/276af0ab14c8f1c47b44a918c5eb4f66/element - {"using":"css selector","value":"#shell-header-logo"}
COMMAND: GET /session/276af0ab14c8f1c47b44a918c5eb4f66/screenshot - {}
RESULT: {"using":"css selector","value":"#shell-header-logo"}
COMMAND: POST /session/276af0ab14c8f1c47b44a918c5eb4f66/element/f.5C77A6788F2F180DC89ED0F4DCB2CDCA.d.BB0BB3512281F3483302E5344791A15B.e.4439/click - {}
RESULT: {}
RESULT: {}
COMMAND: GET /session/276af0ab14c8f1c47b44a918c5eb4f66/screenshot - {}
RESULT: {}
RESULT: undefined
COMMAND: POST /session/276af0ab14c8f1c47b44a918c5eb4f66/element - {"using":"xpath","value":"//*[@id=\"__tile30\"]"}
RESULT: {"using":"xpath","value":"//*[@id=\"__tile30\"]"}
COMMAND: POST /session/276af0ab14c8f1c47b44a918c5eb4f66/element/f.5C77A6788F2F180DC89ED0F4DCB2CDCA.d.BB0BB3512281F3483302E5344791A15B.e.4360/click - {}
RESULT: {}
COMMAND: POST /session/276af0ab14c8f1c47b44a918c5eb4f66/element - {"using":"xpath","value":"//button[@data-kt=\"addButton\"]"}
COMMAND: GET /session/276af0ab14c8f1c47b44a918c5eb4f66/screenshot - {}
RESULT: {"using":"xpath","value":"//button[@data-kt=\"addButton\"]"}
COMMAND: POST /session/276af0ab14c8f1c47b44a918c5eb4f66/elements - {"using":"xpath","value":"//button[@data-kt=\"addButton\"]"}
RESULT: {}
RESULT: {"using":"xpath","value":"//button[@data-kt=\"addButton\"]"}
COMMAND: POST /session/276af0ab14c8f1c47b44a918c5eb4f66/elements - {"using":"xpath","value":"//button[@data-kt=\"addButton\"]"}
RESULT: {"using":"xpath","value":"//button[@data-kt=\"addButton\"]"}
COMMAND: POST /session/276af0ab14c8f1c47b44a918c5eb4f66/element - {"using":"xpath","value":"//button[@data-kt=\"addButton\"]"}
RESULT: {"using":"xpath","value":"//button[@data-kt=\"addButton\"]"}
COMMAND: POST /session/276af0ab14c8f1c47b44a918c5eb4f66/execute/sync - {"script":"<script> [8489 bytes]","args":[{"element-6066-11e4-a52e-4f735466cecf":"f.5C77A6788F2F180DC89ED0F4DCB2CDCA.d.BB0BB3512281F3483302E5344791A15B.e.5242","ELEMENT":"f.5C77A6788F2F180DC89ED0F4DCB2CDCA.d.BB0BB3512281F3483302E5344791A15B.e.5242"}]}
RESULT: {"script":"<script> [8489 bytes]","args":[{"element-6066-11e4-a52e-4f735466cecf":"f.5C77A6788F2F180DC89ED0F4DCB2CDCA.d.BB0BB3512281F3483302E5344791A15B.e.5242","ELEMENT":"f.5C77A6788F2F180DC89ED0F4DCB2CDCA.d.BB0BB3512281F3483302E5344791A15B.e.5242"}]}
COMMAND: GET /session/276af0ab14c8f1c47b44a918c5eb4f66/element/f.5C77A6788F2F180DC89ED0F4DCB2CDCA.d.BB0BB3512281F3483302E5344791A15B.e.5242/enabled - {}
COMMAND: GET /session/276af0ab14c8f1c47b44a918c5eb4f66/screenshot - {}
RESULT: {}
COMMAND: POST /session/276af0ab14c8f1c47b44a918c5eb4f66/execute/sync - {"script":"<script> [8489 bytes]","args":[{"element-6066-11e4-a52e-4f735466cecf":"f.5C77A6788F2F180DC89ED0F4DCB2CDCA.d.BB0BB3512281F3483302E5344791A15B.e.5242","ELEMENT":"f.5C77A6788F2F180DC89ED0F4DCB2CDCA.d.BB0BB3512281F3483302E5344791A15B.e.5242"}]}
COMMAND: GET /session/276af0ab14c8f1c47b44a918c5eb4f66/screenshot - {}
RESULT: {}
RESULT: {"script":"<script> [8489 bytes]","args":[{"element-6066-11e4-a52e-4f735466cecf":"f.5C77A6788F2F180DC89ED0F4DCB2CDCA.d.BB0BB3512281F3483302E5344791A15B.e.5242","ELEMENT":"f.5C77A6788F2F180DC89ED0F4DCB2CDCA.d.BB0BB3512281F3483302E5344791A15B.e.5242"}]}
COMMAND: POST /session/276af0ab14c8f1c47b44a918c5eb4f66/execute/sync - {"script":"<script> [5351 bytes]","args":[{"element-6066-11e4-a52e-4f735466cecf":"f.5C77A6788F2F180DC89ED0F4DCB2CDCA.d.BB0BB3512281F3483302E5344791A15B.e.5242","ELEMENT":"f.5C77A6788F2F180DC89ED0F4DCB2CDCA.d.BB0BB3512281F3483302E5344791A15B.e.5242"}]}
COMMAND: GET /session/276af0ab14c8f1c47b44a918c5eb4f66/screenshot - {}
RESULT: {}
RESULT: {"script":"<script> [5351 bytes]","args":[{"element-6066-11e4-a52e-4f735466cecf":"f.5C77A6788F2F180DC89ED0F4DCB2CDCA.d.BB0BB3512281F3483302E5344791A15B.e.5242","ELEMENT":"f.5C77A6788F2F180DC89ED0F4DCB2CDCA.d.BB0BB3512281F3483302E5344791A15B.e.5242"}]}
COMMAND: GET /session/276af0ab14c8f1c47b44a918c5eb4f66/screenshot - {}
RESULT: {}
RESULT: {}
COMMAND: POST /session/276af0ab14c8f1c47b44a918c5eb4f66/execute/async - {"script":"<script> [1562 bytes]","args":[{"selector":{"id":"application-managepartners-display-component---masterPtm--smartFilterBar-btnBasicSearch","interaction":{"idSuffix":"I"}},"wdio_ui5_key":"applicationmanagepartners-display-component---masterPtm--smartFilterBar-btnBasicSearch"}]}
RESULT: {"script":"<script> [1562 bytes]","args":[{"selector":{"id":"application-managepartners-display-component---masterPtm--smartFilterBar-btnBasicSearch","interaction":{"idSuffix":"I"}},"wdio_ui5_key":"applicationmanagepartners-display-component---masterPtm--smartFilterBar-btnBasicSearch"}]}
RESULT: undefined
COMMAND: POST /session/276af0ab14c8f1c47b44a918c5eb4f66/execute/async - {"script":"<script> [776 bytes]","args":[{"enterText":"1240","selector":{"id":"application-managepartners-display-component---masterPtm--smartFilterBar-btnBasicSearch","interaction":{"idSuffix":"I"}},"clearTextFirst":true,"interactionType":"ENTER_TEXT"}]}
RESULT: {"script":"<script> [776 bytes]","args":[{"enterText":"1240","selector":{"id":"application-managepartners-display-component---masterPtm--smartFilterBar-btnBasicSearch","interaction":{"idSuffix":"I"}},"clearTextFirst":true,"interactionType":"ENTER_TEXT"}]}
COMMAND: POST /session/276af0ab14c8f1c47b44a918c5eb4f66/actions - {"actions":[{"id":"action18","type":"key","parameters":{},"actions":[{"type":"keyDown","value":""},{"type":"pause","duration":10},{"type":"keyUp","value":""}]}]}
RESULT: {"actions":[{"id":"action18","type":"key","parameters":{},"actions":[{"type":"keyDown","value":""},{"type":"pause","duration":10},{"type":"keyUp","value":""}]}]}
COMMAND: GET /session/276af0ab14c8f1c47b44a918c5eb4f66/screenshot - {}
RESULT: {}
COMMAND: POST /session/276af0ab14c8f1c47b44a918c5eb4f66/elements - {"using":"xpath","value":"//table[contains(@id, \"customPartnersTable-listUl\")]/tbody/tr"}
RESULT: {"using":"xpath","value":"//table[contains(@id, \"customPartnersTable-listUl\")]/tbody/tr"}
COMMAND: POST /session/276af0ab14c8f1c47b44a918c5eb4f66/element - {"using":"xpath","value":"//table[contains(@id, \"customPartnersTable-listUl\")]/tbody/tr[1]/td[3]/span"}
RESULT: {"using":"xpath","value":"//table[contains(@id, \"customPartnersTable-listUl\")]/tbody/tr[1]/td[3]/span"}
COMMAND: POST /session/276af0ab14c8f1c47b44a918c5eb4f66/elements - {"using":"xpath","value":"//table[contains(@id, \"customPartnersTable-listUl\")]/tbody/tr[1]/td[3]/span"}
RESULT: {"using":"xpath","value":"//table[contains(@id, \"customPartnersTable-listUl\")]/tbody/tr[1]/td[3]/span"}
COMMAND: POST /session/276af0ab14c8f1c47b44a918c5eb4f66/execute/sync - {"script":"<script> [56 bytes]","args":[{"element-6066-11e4-a52e-4f735466cecf":"f.5C77A6788F2F180DC89ED0F4DCB2CDCA.d.BB0BB3512281F3483302E5344791A15B.e.5382","ELEMENT":"f.5C77A6788F2F180DC89ED0F4DCB2CDCA.d.BB0BB3512281F3483302E5344791A15B.e.5382"}]}
RESULT: {"script":"<script> [56 bytes]","args":[{"element-6066-11e4-a52e-4f735466cecf":"f.5C77A6788F2F180DC89ED0F4DCB2CDCA.d.BB0BB3512281F3483302E5344791A15B.e.5382","ELEMENT":"f.5C77A6788F2F180DC89ED0F4DCB2CDCA.d.BB0BB3512281F3483302E5344791A15B.e.5382"}]}
COMMAND: POST /session/276af0ab14c8f1c47b44a918c5eb4f66/element - {"using":"xpath","value":"(//span[contains(@id, \"imgNav\")])[1]"}
COMMAND: GET /session/276af0ab14c8f1c47b44a918c5eb4f66/screenshot - {}
RESULT: {"using":"xpath","value":"(//span[contains(@id, \"imgNav\")])[1]"}
COMMAND: POST /session/276af0ab14c8f1c47b44a918c5eb4f66/element/f.5C77A6788F2F180DC89ED0F4DCB2CDCA.d.BB0BB3512281F3483302E5344791A15B.e.5380/click - {}
RESULT: {}
RESULT: {}
COMMAND: GET /session/276af0ab14c8f1c47b44a918c5eb4f66/screenshot - {}
RESULT: {}
COMMAND: POST /session/276af0ab14c8f1c47b44a918c5eb4f66/element - {"using":"xpath","value":"//bdi[contains(text(), \"Edit\")]"}
RESULT: {"using":"xpath","value":"//bdi[contains(text(), \"Edit\")]"}
COMMAND: POST /session/276af0ab14c8f1c47b44a918c5eb4f66/element/f.5C77A6788F2F180DC89ED0F4DCB2CDCA.d.BB0BB3512281F3483302E5344791A15B.e.5527/click - {}
RESULT: {}
COMMAND: GET /session/276af0ab14c8f1c47b44a918c5eb4f66/screenshot - {}
RESULT: {}
COMMAND: POST /session/276af0ab14c8f1c47b44a918c5eb4f66/execute/async - {"script":"<script> [1562 bytes]","args":[{"selector":{"controlType":"sap.m.Input","viewName":"etm.portal.ui.managepartners.view.EditDetail","labelFor":{"text":"Name"},"interaction":{"idSuffix":"inner"}},"wdio_ui5_key":"etmportal.ui.managepartners.view.EditDetailsap.m.Input{\"text\":\"Name\"}"}]}
RESULT: {"script":"<script> [1562 bytes]","args":[{"selector":{"controlType":"sap.m.Input","viewName":"etm.portal.ui.managepartners.view.EditDetail","labelFor":{"text":"Name"},"interaction":{"idSuffix":"inner"}},"wdio_ui5_key":"etmportal.ui.managepartners.view.EditDetailsap.m.Input{\"text\":\"Name\"}"}]}
RESULT: undefined
COMMAND: POST /session/276af0ab14c8f1c47b44a918c5eb4f66/execute/async - {"script":"<script> [776 bytes]","args":[{"enterText":"Intracompany EDIT","selector":{"controlType":"sap.m.Input","viewName":"etm.portal.ui.managepartners.view.EditDetail","labelFor":{"text":"Name"},"interaction":{"idSuffix":"inner"}},"clearTextFirst":true,"interactionType":"ENTER_TEXT"}]}
RESULT: {"script":"<script> [776 bytes]","args":[{"enterText":"Intracompany EDIT","selector":{"controlType":"sap.m.Input","viewName":"etm.portal.ui.managepartners.view.EditDetail","labelFor":{"text":"Name"},"interaction":{"idSuffix":"inner"}},"clearTextFirst":true,"interactionType":"ENTER_TEXT"}]}
COMMAND: POST /session/276af0ab14c8f1c47b44a918c5eb4f66/element - {"using":"xpath","value":"(//span[contains(@id,\"addressDetailDetailsLanguage-arrow\")])[1]"}
RESULT: {"using":"xpath","value":"(//span[contains(@id,\"addressDetailDetailsLanguage-arrow\")])[1]"}
COMMAND: POST /session/276af0ab14c8f1c47b44a918c5eb4f66/element/f.5C77A6788F2F180DC89ED0F4DCB2CDCA.d.BB0BB3512281F3483302E5344791A15B.e.5609/click - {}
RESULT: {}
COMMAND: POST /session/276af0ab14c8f1c47b44a918c5eb4f66/element - {"using":"xpath","value":"//span[contains(text(), \"Chinese\")]"}
COMMAND: GET /session/276af0ab14c8f1c47b44a918c5eb4f66/screenshot - {}
RESULT: {"using":"xpath","value":"//span[contains(text(), \"Chinese\")]"}
COMMAND: POST /session/276af0ab14c8f1c47b44a918c5eb4f66/element/f.5C77A6788F2F180DC89ED0F4DCB2CDCA.d.BB0BB3512281F3483302E5344791A15B.e.5610/click - {}
RESULT: {}
RESULT: {}
COMMAND: GET /session/276af0ab14c8f1c47b44a918c5eb4f66/screenshot - {}
RESULT: {}
COMMAND: POST /session/276af0ab14c8f1c47b44a918c5eb4f66/execute/async - {"script":"<script> [1562 bytes]","args":[{"selector":{"controlType":"sap.m.Input","viewName":"etm.portal.ui.managepartners.view.EditDetail","labelFor":{"text":"City"},"interaction":{"idSuffix":"inner"}},"wdio_ui5_key":"etmportal.ui.managepartners.view.EditDetailsap.m.Input{\"text\":\"City\"}"}]}
RESULT: {"script":"<script> [1562 bytes]","args":[{"selector":{"controlType":"sap.m.Input","viewName":"etm.portal.ui.managepartners.view.EditDetail","labelFor":{"text":"City"},"interaction":{"idSuffix":"inner"}},"wdio_ui5_key":"etmportal.ui.managepartners.view.EditDetailsap.m.Input{\"text\":\"City\"}"}]}
RESULT: undefined
COMMAND: POST /session/276af0ab14c8f1c47b44a918c5eb4f66/execute/async - {"script":"<script> [776 bytes]","args":[{"enterText":"Clooj-Napoca","selector":{"controlType":"sap.m.Input","viewName":"etm.portal.ui.managepartners.view.EditDetail","labelFor":{"text":"City"},"interaction":{"idSuffix":"inner"}},"clearTextFirst":true,"interactionType":"ENTER_TEXT"}]}
RESULT: {"script":"<script> [776 bytes]","args":[{"enterText":"Clooj-Napoca","selector":{"controlType":"sap.m.Input","viewName":"etm.portal.ui.managepartners.view.EditDetail","labelFor":{"text":"City"},"interaction":{"idSuffix":"inner"}},"clearTextFirst":true,"interactionType":"ENTER_TEXT"}]}
COMMAND: POST /session/276af0ab14c8f1c47b44a918c5eb4f66/element - {"using":"xpath","value":"//button[@data-kt=\"saveButton\"]"}
RESULT: {"using":"xpath","value":"//button[@data-kt=\"saveButton\"]"}
COMMAND: POST /session/276af0ab14c8f1c47b44a918c5eb4f66/element/f.5C77A6788F2F180DC89ED0F4DCB2CDCA.d.BB0BB3512281F3483302E5344791A15B.e.5590/click - {}
RESULT: {}
COMMAND: GET /session/276af0ab14c8f1c47b44a918c5eb4f66/screenshot - {}
RESULT: {}
COMMAND: POST /session/276af0ab14c8f1c47b44a918c5eb4f66/execute/async - {"script":"<script> [1562 bytes]","args":[{"selector":{"id":"application-managepartners-display-component---detailPtm--addressDetailDetailsName1"},"wdio_ui5_key":"applicationmanagepartners-display-component---detailPtm--addressDetailDetailsName1"}]}
RESULT: {"script":"<script> [1562 bytes]","args":[{"selector":{"id":"application-managepartners-display-component---detailPtm--addressDetailDetailsName1"},"wdio_ui5_key":"applicationmanagepartners-display-component---detailPtm--addressDetailDetailsName1"}]}
RESULT: undefined
COMMAND: POST /session/276af0ab14c8f1c47b44a918c5eb4f66/execute/async - {"script":"<script> [6424 bytes]","args":[{"element-6066-11e4-a52e-4f735466cecf":"f.5C77A6788F2F180DC89ED0F4DCB2CDCA.d.BB0BB3512281F3483302E5344791A15B.e.5641"},"getValue",[]]}
RESULT: {"script":"<script> [6424 bytes]","args":[{"element-6066-11e4-a52e-4f735466cecf":"f.5C77A6788F2F180DC89ED0F4DCB2CDCA.d.BB0BB3512281F3483302E5344791A15B.e.5641"},"getValue",[]]}
COMMAND: POST /session/276af0ab14c8f1c47b44a918c5eb4f66/element - {"using":"xpath","value":"//input[@id = \"application-managepartners-display-component---detailPtm--addressDetailDetailsLanguage-inner\"]"}
RESULT: {"using":"xpath","value":"//input[@id = \"application-managepartners-display-component---detailPtm--addressDetailDetailsLanguage-inner\"]"}
COMMAND: GET /session/276af0ab14c8f1c47b44a918c5eb4f66/element/f.5C77A6788F2F180DC89ED0F4DCB2CDCA.d.BB0BB3512281F3483302E5344791A15B.e.5642/property/value - {}
RESULT: {}
COMMAND: POST /session/276af0ab14c8f1c47b44a918c5eb4f66/execute/async - {"script":"<script> [1562 bytes]","args":[{"selector":{"id":"application-managepartners-display-component---detailPtm--addressDetailDetailsCity1"},"wdio_ui5_key":"applicationmanagepartners-display-component---detailPtm--addressDetailDetailsCity1"}]}
COMMAND: GET /session/276af0ab14c8f1c47b44a918c5eb4f66/screenshot - {}
RESULT: {"script":"<script> [1562 bytes]","args":[{"selector":{"id":"application-managepartners-display-component---detailPtm--addressDetailDetailsCity1"},"wdio_ui5_key":"applicationmanagepartners-display-component---detailPtm--addressDetailDetailsCity1"}]}
RESULT: undefined
COMMAND: POST /session/276af0ab14c8f1c47b44a918c5eb4f66/execute/async - {"script":"<script> [6424 bytes]","args":[{"element-6066-11e4-a52e-4f735466cecf":"f.5C77A6788F2F180DC89ED0F4DCB2CDCA.d.BB0BB3512281F3483302E5344791A15B.e.5643"},"getValue",[]]}
RESULT: {}
RESULT: {"script":"<script> [6424 bytes]","args":[{"element-6066-11e4-a52e-4f735466cecf":"f.5C77A6788F2F180DC89ED0F4DCB2CDCA.d.BB0BB3512281F3483302E5344791A15B.e.5643"},"getValue",[]]}
COMMAND: POST /session/276af0ab14c8f1c47b44a918c5eb4f66/element - {"using":"css selector","value":"#shell-header-logo"}
RESULT: {"using":"css selector","value":"#shell-header-logo"}
COMMAND: POST /session/276af0ab14c8f1c47b44a918c5eb4f66/element/f.5C77A6788F2F180DC89ED0F4DCB2CDCA.d.BB0BB3512281F3483302E5344791A15B.e.5198/click - {}
RESULT: {}
COMMAND: GET /session/276af0ab14c8f1c47b44a918c5eb4f66/screenshot - {}
RESULT: {}
]]></system-out>
    </testcase>
    <testcase classname="chrome.135_0_7049_42.windows.Partner_specific_tests_US150819_US151080_US151654_US151176_US103444_US151078_US151079_US151109_US151174_US151175_US151189" name="Should do filtering and navigation tests US151109" time="142.771">
      <system-out><![CDATA[
COMMAND: POST /session/276af0ab14c8f1c47b44a918c5eb4f66/element - {"using":"xpath","value":"//li[.//span[text()=\"Manage Partners\"]]"}
RESULT: {"using":"xpath","value":"//li[.//span[text()=\"Manage Partners\"]]"}
COMMAND: POST /session/276af0ab14c8f1c47b44a918c5eb4f66/element - {"using":"xpath","value":"//li[.//span[text()=\"Manage Partners\"]]"}
RESULT: {"using":"xpath","value":"//li[.//span[text()=\"Manage Partners\"]]"}
COMMAND: POST /session/276af0ab14c8f1c47b44a918c5eb4f66/element - {"using":"css selector","value":"#shell-header-logo"}
RESULT: {"using":"css selector","value":"#shell-header-logo"}
COMMAND: POST /session/276af0ab14c8f1c47b44a918c5eb4f66/element/f.5C77A6788F2F180DC89ED0F4DCB2CDCA.d.BB0BB3512281F3483302E5344791A15B.e.5673/click - {}
COMMAND: POST /session/276af0ab14c8f1c47b44a918c5eb4f66/execute/sync - {"script":"<script> [8489 bytes]","args":[{"element-6066-11e4-a52e-4f735466cecf":"f.5C77A6788F2F180DC89ED0F4DCB2CDCA.d.BB0BB3512281F3483302E5344791A15B.e.5673","ELEMENT":"f.5C77A6788F2F180DC89ED0F4DCB2CDCA.d.BB0BB3512281F3483302E5344791A15B.e.5673"}]}
RESULT: {}
COMMAND: GET /session/276af0ab14c8f1c47b44a918c5eb4f66/screenshot - {}
RESULT: {"script":"<script> [8489 bytes]","args":[{"element-6066-11e4-a52e-4f735466cecf":"f.5C77A6788F2F180DC89ED0F4DCB2CDCA.d.BB0BB3512281F3483302E5344791A15B.e.5673","ELEMENT":"f.5C77A6788F2F180DC89ED0F4DCB2CDCA.d.BB0BB3512281F3483302E5344791A15B.e.5673"}]}
COMMAND: POST /session/276af0ab14c8f1c47b44a918c5eb4f66/execute/sync - {"script":"<script> [5351 bytes]","args":[{"element-6066-11e4-a52e-4f735466cecf":"f.5C77A6788F2F180DC89ED0F4DCB2CDCA.d.BB0BB3512281F3483302E5344791A15B.e.5673","ELEMENT":"f.5C77A6788F2F180DC89ED0F4DCB2CDCA.d.BB0BB3512281F3483302E5344791A15B.e.5673"}]}
COMMAND: GET /session/276af0ab14c8f1c47b44a918c5eb4f66/screenshot - {}
RESULT: {}
RESULT: {"script":"<script> [5351 bytes]","args":[{"element-6066-11e4-a52e-4f735466cecf":"f.5C77A6788F2F180DC89ED0F4DCB2CDCA.d.BB0BB3512281F3483302E5344791A15B.e.5673","ELEMENT":"f.5C77A6788F2F180DC89ED0F4DCB2CDCA.d.BB0BB3512281F3483302E5344791A15B.e.5673"}]}
COMMAND: GET /session/276af0ab14c8f1c47b44a918c5eb4f66/screenshot - {}
RESULT: {}
RESULT: {}
RESULT: undefined
COMMAND: POST /session/276af0ab14c8f1c47b44a918c5eb4f66/element - {"using":"xpath","value":"//*[@id=\"__tile30\"]"}
RESULT: {"using":"xpath","value":"//*[@id=\"__tile30\"]"}
COMMAND: POST /session/276af0ab14c8f1c47b44a918c5eb4f66/element/f.5C77A6788F2F180DC89ED0F4DCB2CDCA.d.BB0BB3512281F3483302E5344791A15B.e.4360/click - {}
RESULT: {}
COMMAND: POST /session/276af0ab14c8f1c47b44a918c5eb4f66/element - {"using":"xpath","value":"//button[@data-kt=\"addButton\"]"}
COMMAND: GET /session/276af0ab14c8f1c47b44a918c5eb4f66/screenshot - {}
RESULT: {"using":"xpath","value":"//button[@data-kt=\"addButton\"]"}
COMMAND: POST /session/276af0ab14c8f1c47b44a918c5eb4f66/elements - {"using":"xpath","value":"//button[@data-kt=\"addButton\"]"}
RESULT: {}
RESULT: {"using":"xpath","value":"//button[@data-kt=\"addButton\"]"}
COMMAND: POST /session/276af0ab14c8f1c47b44a918c5eb4f66/element - {"using":"xpath","value":"//button[@data-kt=\"addButton\"]"}
RESULT: {"using":"xpath","value":"//button[@data-kt=\"addButton\"]"}
COMMAND: POST /session/276af0ab14c8f1c47b44a918c5eb4f66/execute/sync - {"script":"<script> [8489 bytes]","args":[{"element-6066-11e4-a52e-4f735466cecf":"f.5C77A6788F2F180DC89ED0F4DCB2CDCA.d.BB0BB3512281F3483302E5344791A15B.e.5718","ELEMENT":"f.5C77A6788F2F180DC89ED0F4DCB2CDCA.d.BB0BB3512281F3483302E5344791A15B.e.5718"}]}
RESULT: {"script":"<script> [8489 bytes]","args":[{"element-6066-11e4-a52e-4f735466cecf":"f.5C77A6788F2F180DC89ED0F4DCB2CDCA.d.BB0BB3512281F3483302E5344791A15B.e.5718","ELEMENT":"f.5C77A6788F2F180DC89ED0F4DCB2CDCA.d.BB0BB3512281F3483302E5344791A15B.e.5718"}]}
COMMAND: GET /session/276af0ab14c8f1c47b44a918c5eb4f66/element/f.5C77A6788F2F180DC89ED0F4DCB2CDCA.d.BB0BB3512281F3483302E5344791A15B.e.5718/enabled - {}
COMMAND: GET /session/276af0ab14c8f1c47b44a918c5eb4f66/screenshot - {}
RESULT: {}
COMMAND: POST /session/276af0ab14c8f1c47b44a918c5eb4f66/execute/sync - {"script":"<script> [8489 bytes]","args":[{"element-6066-11e4-a52e-4f735466cecf":"f.5C77A6788F2F180DC89ED0F4DCB2CDCA.d.BB0BB3512281F3483302E5344791A15B.e.5718","ELEMENT":"f.5C77A6788F2F180DC89ED0F4DCB2CDCA.d.BB0BB3512281F3483302E5344791A15B.e.5718"}]}
COMMAND: GET /session/276af0ab14c8f1c47b44a918c5eb4f66/screenshot - {}
RESULT: {}
RESULT: {"script":"<script> [8489 bytes]","args":[{"element-6066-11e4-a52e-4f735466cecf":"f.5C77A6788F2F180DC89ED0F4DCB2CDCA.d.BB0BB3512281F3483302E5344791A15B.e.5718","ELEMENT":"f.5C77A6788F2F180DC89ED0F4DCB2CDCA.d.BB0BB3512281F3483302E5344791A15B.e.5718"}]}
COMMAND: POST /session/276af0ab14c8f1c47b44a918c5eb4f66/execute/sync - {"script":"<script> [5351 bytes]","args":[{"element-6066-11e4-a52e-4f735466cecf":"f.5C77A6788F2F180DC89ED0F4DCB2CDCA.d.BB0BB3512281F3483302E5344791A15B.e.5718","ELEMENT":"f.5C77A6788F2F180DC89ED0F4DCB2CDCA.d.BB0BB3512281F3483302E5344791A15B.e.5718"}]}
COMMAND: GET /session/276af0ab14c8f1c47b44a918c5eb4f66/screenshot - {}
RESULT: {}
RESULT: {"script":"<script> [5351 bytes]","args":[{"element-6066-11e4-a52e-4f735466cecf":"f.5C77A6788F2F180DC89ED0F4DCB2CDCA.d.BB0BB3512281F3483302E5344791A15B.e.5718","ELEMENT":"f.5C77A6788F2F180DC89ED0F4DCB2CDCA.d.BB0BB3512281F3483302E5344791A15B.e.5718"}]}
COMMAND: GET /session/276af0ab14c8f1c47b44a918c5eb4f66/screenshot - {}
RESULT: {}
RESULT: {}
COMMAND: POST /session/276af0ab14c8f1c47b44a918c5eb4f66/element - {"using":"xpath","value":"//span[@id=\"application-managepartners-display-component---masterPtm--smartTable-header-inner\"]"}
RESULT: {"using":"xpath","value":"//span[@id=\"application-managepartners-display-component---masterPtm--smartTable-header-inner\"]"}
COMMAND: POST /session/276af0ab14c8f1c47b44a918c5eb4f66/elements - {"using":"xpath","value":"//span[@id=\"application-managepartners-display-component---masterPtm--smartTable-header-inner\"]"}
RESULT: {"using":"xpath","value":"//span[@id=\"application-managepartners-display-component---masterPtm--smartTable-header-inner\"]"}
COMMAND: POST /session/276af0ab14c8f1c47b44a918c5eb4f66/execute/sync - {"script":"<script> [56 bytes]","args":[{"element-6066-11e4-a52e-4f735466cecf":"f.5C77A6788F2F180DC89ED0F4DCB2CDCA.d.BB0BB3512281F3483302E5344791A15B.e.5841","ELEMENT":"f.5C77A6788F2F180DC89ED0F4DCB2CDCA.d.BB0BB3512281F3483302E5344791A15B.e.5841"}]}
RESULT: {"script":"<script> [56 bytes]","args":[{"element-6066-11e4-a52e-4f735466cecf":"f.5C77A6788F2F180DC89ED0F4DCB2CDCA.d.BB0BB3512281F3483302E5344791A15B.e.5841","ELEMENT":"f.5C77A6788F2F180DC89ED0F4DCB2CDCA.d.BB0BB3512281F3483302E5344791A15B.e.5841"}]}
RESULT: undefined
COMMAND: POST /session/276af0ab14c8f1c47b44a918c5eb4f66/execute/async - {"script":"<script> [776 bytes]","args":[{"enterText":"External Partner WDIO","selector":{"id":"application-managepartners-display-component---masterPtm--smartFilterBar-btnBasicSearch","interaction":{"idSuffix":"I"}},"clearTextFirst":true,"interactionType":"ENTER_TEXT"}]}
COMMAND: GET /session/276af0ab14c8f1c47b44a918c5eb4f66/screenshot - {}
RESULT: {"script":"<script> [776 bytes]","args":[{"enterText":"External Partner WDIO","selector":{"id":"application-managepartners-display-component---masterPtm--smartFilterBar-btnBasicSearch","interaction":{"idSuffix":"I"}},"clearTextFirst":true,"interactionType":"ENTER_TEXT"}]}
RESULT: {}
COMMAND: POST /session/276af0ab14c8f1c47b44a918c5eb4f66/actions - {"actions":[{"id":"action19","type":"key","parameters":{},"actions":[{"type":"keyDown","value":""},{"type":"pause","duration":10},{"type":"keyUp","value":""}]}]}
RESULT: {"actions":[{"id":"action19","type":"key","parameters":{},"actions":[{"type":"keyDown","value":""},{"type":"pause","duration":10},{"type":"keyUp","value":""}]}]}
COMMAND: GET /session/276af0ab14c8f1c47b44a918c5eb4f66/screenshot - {}
RESULT: {}
COMMAND: POST /session/276af0ab14c8f1c47b44a918c5eb4f66/element - {"using":"xpath","value":"//span[@id=\"application-managepartners-display-component---masterPtm--smartTable-header-inner\"]"}
RESULT: {"using":"xpath","value":"//span[@id=\"application-managepartners-display-component---masterPtm--smartTable-header-inner\"]"}
COMMAND: POST /session/276af0ab14c8f1c47b44a918c5eb4f66/elements - {"using":"xpath","value":"//span[@id=\"application-managepartners-display-component---masterPtm--smartTable-header-inner\"]"}
RESULT: {"using":"xpath","value":"//span[@id=\"application-managepartners-display-component---masterPtm--smartTable-header-inner\"]"}
COMMAND: POST /session/276af0ab14c8f1c47b44a918c5eb4f66/execute/sync - {"script":"<script> [56 bytes]","args":[{"element-6066-11e4-a52e-4f735466cecf":"f.5C77A6788F2F180DC89ED0F4DCB2CDCA.d.BB0BB3512281F3483302E5344791A15B.e.5841","ELEMENT":"f.5C77A6788F2F180DC89ED0F4DCB2CDCA.d.BB0BB3512281F3483302E5344791A15B.e.5841"}]}
RESULT: {"script":"<script> [56 bytes]","args":[{"element-6066-11e4-a52e-4f735466cecf":"f.5C77A6788F2F180DC89ED0F4DCB2CDCA.d.BB0BB3512281F3483302E5344791A15B.e.5841","ELEMENT":"f.5C77A6788F2F180DC89ED0F4DCB2CDCA.d.BB0BB3512281F3483302E5344791A15B.e.5841"}]}
COMMAND: POST /session/276af0ab14c8f1c47b44a918c5eb4f66/element - {"using":"xpath","value":"//div[contains(@id, \"managepartners-display-component---masterPtm--smartFilterBar-btnBasicSearch-reset\")]"}
COMMAND: GET /session/276af0ab14c8f1c47b44a918c5eb4f66/screenshot - {}
RESULT: {"using":"xpath","value":"//div[contains(@id, \"managepartners-display-component---masterPtm--smartFilterBar-btnBasicSearch-reset\")]"}
COMMAND: POST /session/276af0ab14c8f1c47b44a918c5eb4f66/element/f.5C77A6788F2F180DC89ED0F4DCB2CDCA.d.BB0BB3512281F3483302E5344791A15B.e.5926/click - {}
RESULT: {}
RESULT: {}
COMMAND: GET /session/276af0ab14c8f1c47b44a918c5eb4f66/screenshot - {}
RESULT: {}
COMMAND: POST /session/276af0ab14c8f1c47b44a918c5eb4f66/execute/async - {"script":"<script> [1562 bytes]","args":[{"selector":{"id":"application-managepartners-display-component---masterPtm--smartFilterBar-filterItemControl_BASIC-MAIN_ADDRESS-vhi"},"wdio_ui5_key":"applicationmanagepartners-display-component---masterPtm--smartFilterBar-filterItemControl_BASIC-MAIN_ADDRESS-vhi"}]}
RESULT: {"script":"<script> [1562 bytes]","args":[{"selector":{"id":"application-managepartners-display-component---masterPtm--smartFilterBar-filterItemControl_BASIC-MAIN_ADDRESS-vhi"},"wdio_ui5_key":"applicationmanagepartners-display-component---masterPtm--smartFilterBar-filterItemControl_BASIC-MAIN_ADDRESS-vhi"}]}
RESULT: undefined
COMMAND: POST /session/276af0ab14c8f1c47b44a918c5eb4f66/element - {"using":"xpath","value":"//*[@id=\"application-managepartners-display-component---masterPtm--smartFilterBar-filterItemControl_BASIC-MAIN_ADDRESS-vhi\"]"}
RESULT: {"using":"xpath","value":"//*[@id=\"application-managepartners-display-component---masterPtm--smartFilterBar-filterItemControl_BASIC-MAIN_ADDRESS-vhi\"]"}
COMMAND: POST /session/276af0ab14c8f1c47b44a918c5eb4f66/element/f.5C77A6788F2F180DC89ED0F4DCB2CDCA.d.BB0BB3512281F3483302E5344791A15B.e.6026/click - {}
RESULT: {}
COMMAND: GET /session/276af0ab14c8f1c47b44a918c5eb4f66/screenshot - {}
RESULT: {}
COMMAND: POST /session/276af0ab14c8f1c47b44a918c5eb4f66/execute/async - {"script":"<script> [1562 bytes]","args":[{"selector":{"id":"application-managepartners-display-component---masterPtm--smartFilterBar-filterItemControl_BASIC-MAIN_ADDRESS-valueHelpDialog-smartFilterBar-btnBasicSearch","searchOpenDialogs":true,"interaction":{"idSuffix":"I"}},"wdio_ui5_key":"applicationmanagepartners-display-component---masterPtm--smartFilterBar-filterItemControl_BASIC-MAIN_ADDRESS-valueHelpDialog-smartFilterBar-btnBasicSearch"}]}
RESULT: {"script":"<script> [1562 bytes]","args":[{"selector":{"id":"application-managepartners-display-component---masterPtm--smartFilterBar-filterItemControl_BASIC-MAIN_ADDRESS-valueHelpDialog-smartFilterBar-btnBasicSearch","searchOpenDialogs":true,"interaction":{"idSuffix":"I"}},"wdio_ui5_key":"applicationmanagepartners-display-component---masterPtm--smartFilterBar-filterItemControl_BASIC-MAIN_ADDRESS-valueHelpDialog-smartFilterBar-btnBasicSearch"}]}
RESULT: undefined
COMMAND: POST /session/276af0ab14c8f1c47b44a918c5eb4f66/execute/async - {"script":"<script> [776 bytes]","args":[{"enterText":"Romania","selector":{"id":"application-managepartners-display-component---masterPtm--smartFilterBar-filterItemControl_BASIC-MAIN_ADDRESS-valueHelpDialog-smartFilterBar-btnBasicSearch","searchOpenDialogs":true,"interaction":{"idSuffix":"I"}},"clearTextFirst":true,"interactionType":"ENTER_TEXT"}]}
RESULT: {"script":"<script> [776 bytes]","args":[{"enterText":"Romania","selector":{"id":"application-managepartners-display-component---masterPtm--smartFilterBar-filterItemControl_BASIC-MAIN_ADDRESS-valueHelpDialog-smartFilterBar-btnBasicSearch","searchOpenDialogs":true,"interaction":{"idSuffix":"I"}},"clearTextFirst":true,"interactionType":"ENTER_TEXT"}]}
COMMAND: POST /session/276af0ab14c8f1c47b44a918c5eb4f66/actions - {"actions":[{"id":"action20","type":"key","parameters":{},"actions":[{"type":"keyDown","value":""},{"type":"pause","duration":10},{"type":"keyUp","value":""}]}]}
RESULT: {"actions":[{"id":"action20","type":"key","parameters":{},"actions":[{"type":"keyDown","value":""},{"type":"pause","duration":10},{"type":"keyUp","value":""}]}]}
COMMAND: POST /session/276af0ab14c8f1c47b44a918c5eb4f66/elements - {"using":"xpath","value":"//table[contains(@id, \"smartFilterBar-filterItemControl_BASIC-MAIN_ADDRESS-valueHelpDialog-table-table\")]/tbody/tr"}
COMMAND: GET /session/276af0ab14c8f1c47b44a918c5eb4f66/screenshot - {}
RESULT: {"using":"xpath","value":"//table[contains(@id, \"smartFilterBar-filterItemControl_BASIC-MAIN_ADDRESS-valueHelpDialog-table-table\")]/tbody/tr"}
COMMAND: POST /session/276af0ab14c8f1c47b44a918c5eb4f66/element - {"using":"xpath","value":"//table[contains(@id, \"smartFilterBar-filterItemControl_BASIC-MAIN_ADDRESS-valueHelpDialog-table-table\")]/tbody/tr[1]/td[1]/div/span"}
RESULT: {}
RESULT: {"using":"xpath","value":"//table[contains(@id, \"smartFilterBar-filterItemControl_BASIC-MAIN_ADDRESS-valueHelpDialog-table-table\")]/tbody/tr[1]/td[1]/div/span"}
COMMAND: POST /session/276af0ab14c8f1c47b44a918c5eb4f66/elements - {"using":"xpath","value":"//table[contains(@id, \"smartFilterBar-filterItemControl_BASIC-MAIN_ADDRESS-valueHelpDialog-table-table\")]/tbody/tr[1]/td[1]/div/span"}
RESULT: {"using":"xpath","value":"//table[contains(@id, \"smartFilterBar-filterItemControl_BASIC-MAIN_ADDRESS-valueHelpDialog-table-table\")]/tbody/tr[1]/td[1]/div/span"}
COMMAND: POST /session/276af0ab14c8f1c47b44a918c5eb4f66/execute/sync - {"script":"<script> [56 bytes]","args":[{"element-6066-11e4-a52e-4f735466cecf":"f.5C77A6788F2F180DC89ED0F4DCB2CDCA.d.BB0BB3512281F3483302E5344791A15B.e.6047","ELEMENT":"f.5C77A6788F2F180DC89ED0F4DCB2CDCA.d.BB0BB3512281F3483302E5344791A15B.e.6047"}]}
RESULT: {"script":"<script> [56 bytes]","args":[{"element-6066-11e4-a52e-4f735466cecf":"f.5C77A6788F2F180DC89ED0F4DCB2CDCA.d.BB0BB3512281F3483302E5344791A15B.e.6047","ELEMENT":"f.5C77A6788F2F180DC89ED0F4DCB2CDCA.d.BB0BB3512281F3483302E5344791A15B.e.6047"}]}
COMMAND: POST /session/276af0ab14c8f1c47b44a918c5eb4f66/element - {"using":"xpath","value":"//div[contains(@id, \"filterItemControl_BASIC-MAIN_ADDRESS-valueHelpDialog-table-rowsel0\")]"}
COMMAND: GET /session/276af0ab14c8f1c47b44a918c5eb4f66/screenshot - {}
RESULT: {"using":"xpath","value":"//div[contains(@id, \"filterItemControl_BASIC-MAIN_ADDRESS-valueHelpDialog-table-rowsel0\")]"}
COMMAND: POST /session/276af0ab14c8f1c47b44a918c5eb4f66/element/f.5C77A6788F2F180DC89ED0F4DCB2CDCA.d.BB0BB3512281F3483302E5344791A15B.e.6048/click - {}
RESULT: {}
RESULT: {}
COMMAND: GET /session/276af0ab14c8f1c47b44a918c5eb4f66/screenshot - {}
RESULT: {}
COMMAND: POST /session/276af0ab14c8f1c47b44a918c5eb4f66/element - {"using":"xpath","value":"(//bdi[contains(text(), \"OK\")])[1]"}
RESULT: {"using":"xpath","value":"(//bdi[contains(text(), \"OK\")])[1]"}
COMMAND: POST /session/276af0ab14c8f1c47b44a918c5eb4f66/element/f.5C77A6788F2F180DC89ED0F4DCB2CDCA.d.BB0BB3512281F3483302E5344791A15B.e.6050/click - {}
RESULT: {}
COMMAND: GET /session/276af0ab14c8f1c47b44a918c5eb4f66/screenshot - {}
RESULT: {}
COMMAND: POST /session/276af0ab14c8f1c47b44a918c5eb4f66/element - {"using":"xpath","value":"//span[@id=\"application-managepartners-display-component---masterPtm--smartTable-header-inner\"]"}
RESULT: {"using":"xpath","value":"//span[@id=\"application-managepartners-display-component---masterPtm--smartTable-header-inner\"]"}
COMMAND: POST /session/276af0ab14c8f1c47b44a918c5eb4f66/elements - {"using":"xpath","value":"//span[@id=\"application-managepartners-display-component---masterPtm--smartTable-header-inner\"]"}
RESULT: {"using":"xpath","value":"//span[@id=\"application-managepartners-display-component---masterPtm--smartTable-header-inner\"]"}
COMMAND: POST /session/276af0ab14c8f1c47b44a918c5eb4f66/execute/sync - {"script":"<script> [56 bytes]","args":[{"element-6066-11e4-a52e-4f735466cecf":"f.5C77A6788F2F180DC89ED0F4DCB2CDCA.d.BB0BB3512281F3483302E5344791A15B.e.5841","ELEMENT":"f.5C77A6788F2F180DC89ED0F4DCB2CDCA.d.BB0BB3512281F3483302E5344791A15B.e.5841"}]}
RESULT: {"script":"<script> [56 bytes]","args":[{"element-6066-11e4-a52e-4f735466cecf":"f.5C77A6788F2F180DC89ED0F4DCB2CDCA.d.BB0BB3512281F3483302E5344791A15B.e.5841","ELEMENT":"f.5C77A6788F2F180DC89ED0F4DCB2CDCA.d.BB0BB3512281F3483302E5344791A15B.e.5841"}]}
COMMAND: POST /session/276af0ab14c8f1c47b44a918c5eb4f66/element - {"using":"xpath","value":"//span[contains(@title, \"Remove\")]"}
COMMAND: GET /session/276af0ab14c8f1c47b44a918c5eb4f66/screenshot - {}
RESULT: {"using":"xpath","value":"//span[contains(@title, \"Remove\")]"}
COMMAND: POST /session/276af0ab14c8f1c47b44a918c5eb4f66/element/f.5C77A6788F2F180DC89ED0F4DCB2CDCA.d.BB0BB3512281F3483302E5344791A15B.e.6063/click - {}
RESULT: {}
RESULT: {}
COMMAND: GET /session/276af0ab14c8f1c47b44a918c5eb4f66/screenshot - {}
RESULT: {}
COMMAND: POST /session/276af0ab14c8f1c47b44a918c5eb4f66/element - {"using":"xpath","value":"//span[@id=\"application-managepartners-display-component---masterPtm--smartTable-header-inner\"]"}
RESULT: {"using":"xpath","value":"//span[@id=\"application-managepartners-display-component---masterPtm--smartTable-header-inner\"]"}
COMMAND: POST /session/276af0ab14c8f1c47b44a918c5eb4f66/elements - {"using":"xpath","value":"//span[@id=\"application-managepartners-display-component---masterPtm--smartTable-header-inner\"]"}
RESULT: {"using":"xpath","value":"//span[@id=\"application-managepartners-display-component---masterPtm--smartTable-header-inner\"]"}
COMMAND: POST /session/276af0ab14c8f1c47b44a918c5eb4f66/execute/sync - {"script":"<script> [56 bytes]","args":[{"element-6066-11e4-a52e-4f735466cecf":"f.5C77A6788F2F180DC89ED0F4DCB2CDCA.d.BB0BB3512281F3483302E5344791A15B.e.5841","ELEMENT":"f.5C77A6788F2F180DC89ED0F4DCB2CDCA.d.BB0BB3512281F3483302E5344791A15B.e.5841"}]}
RESULT: {"script":"<script> [56 bytes]","args":[{"element-6066-11e4-a52e-4f735466cecf":"f.5C77A6788F2F180DC89ED0F4DCB2CDCA.d.BB0BB3512281F3483302E5344791A15B.e.5841","ELEMENT":"f.5C77A6788F2F180DC89ED0F4DCB2CDCA.d.BB0BB3512281F3483302E5344791A15B.e.5841"}]}
COMMAND: POST /session/276af0ab14c8f1c47b44a918c5eb4f66/execute/async - {"script":"<script> [1562 bytes]","args":[{"selector":{"id":"application-managepartners-display-component---masterPtm--smartFilterBar-filterItemControl_BASIC-YARD-vhi"},"wdio_ui5_key":"applicationmanagepartners-display-component---masterPtm--smartFilterBar-filterItemControl_BASIC-YARD-vhi"}]}
COMMAND: GET /session/276af0ab14c8f1c47b44a918c5eb4f66/screenshot - {}
RESULT: {"script":"<script> [1562 bytes]","args":[{"selector":{"id":"application-managepartners-display-component---masterPtm--smartFilterBar-filterItemControl_BASIC-YARD-vhi"},"wdio_ui5_key":"applicationmanagepartners-display-component---masterPtm--smartFilterBar-filterItemControl_BASIC-YARD-vhi"}]}
RESULT: undefined
COMMAND: POST /session/276af0ab14c8f1c47b44a918c5eb4f66/element - {"using":"xpath","value":"//*[@id=\"application-managepartners-display-component---masterPtm--smartFilterBar-filterItemControl_BASIC-YARD-vhi\"]"}
RESULT: {}
RESULT: {"using":"xpath","value":"//*[@id=\"application-managepartners-display-component---masterPtm--smartFilterBar-filterItemControl_BASIC-YARD-vhi\"]"}
COMMAND: POST /session/276af0ab14c8f1c47b44a918c5eb4f66/element/f.5C77A6788F2F180DC89ED0F4DCB2CDCA.d.BB0BB3512281F3483302E5344791A15B.e.6167/click - {}
RESULT: {}
COMMAND: GET /session/276af0ab14c8f1c47b44a918c5eb4f66/screenshot - {}
RESULT: {}
COMMAND: POST /session/276af0ab14c8f1c47b44a918c5eb4f66/execute/async - {"script":"<script> [1562 bytes]","args":[{"selector":{"id":"application-managepartners-display-component---masterPtm--smartFilterBar-filterItemControl_BASIC-YARD-valueHelpDialog-smartFilterBar-btnBasicSearch","searchOpenDialogs":true,"interaction":{"idSuffix":"I"}},"wdio_ui5_key":"applicationmanagepartners-display-component---masterPtm--smartFilterBar-filterItemControl_BASIC-YARD-valueHelpDialog-smartFilterBar-btnBasicSearch"}]}
RESULT: {"script":"<script> [1562 bytes]","args":[{"selector":{"id":"application-managepartners-display-component---masterPtm--smartFilterBar-filterItemControl_BASIC-YARD-valueHelpDialog-smartFilterBar-btnBasicSearch","searchOpenDialogs":true,"interaction":{"idSuffix":"I"}},"wdio_ui5_key":"applicationmanagepartners-display-component---masterPtm--smartFilterBar-filterItemControl_BASIC-YARD-valueHelpDialog-smartFilterBar-btnBasicSearch"}]}
RESULT: undefined
COMMAND: POST /session/276af0ab14c8f1c47b44a918c5eb4f66/execute/async - {"script":"<script> [776 bytes]","args":[{"enterText":"Test","selector":{"id":"application-managepartners-display-component---masterPtm--smartFilterBar-filterItemControl_BASIC-YARD-valueHelpDialog-smartFilterBar-btnBasicSearch","searchOpenDialogs":true,"interaction":{"idSuffix":"I"}},"clearTextFirst":true,"interactionType":"ENTER_TEXT"}]}
RESULT: {"script":"<script> [776 bytes]","args":[{"enterText":"Test","selector":{"id":"application-managepartners-display-component---masterPtm--smartFilterBar-filterItemControl_BASIC-YARD-valueHelpDialog-smartFilterBar-btnBasicSearch","searchOpenDialogs":true,"interaction":{"idSuffix":"I"}},"clearTextFirst":true,"interactionType":"ENTER_TEXT"}]}
COMMAND: POST /session/276af0ab14c8f1c47b44a918c5eb4f66/actions - {"actions":[{"id":"action21","type":"key","parameters":{},"actions":[{"type":"keyDown","value":""},{"type":"pause","duration":10},{"type":"keyUp","value":""}]}]}
RESULT: {"actions":[{"id":"action21","type":"key","parameters":{},"actions":[{"type":"keyDown","value":""},{"type":"pause","duration":10},{"type":"keyUp","value":""}]}]}
COMMAND: POST /session/276af0ab14c8f1c47b44a918c5eb4f66/elements - {"using":"xpath","value":"//table[contains(@id, \"smartFilterBar-filterItemControl_BASIC-YARD-valueHelpDialog-table-table\")]/tbody/tr"}
COMMAND: GET /session/276af0ab14c8f1c47b44a918c5eb4f66/screenshot - {}
RESULT: {"using":"xpath","value":"//table[contains(@id, \"smartFilterBar-filterItemControl_BASIC-YARD-valueHelpDialog-table-table\")]/tbody/tr"}
COMMAND: POST /session/276af0ab14c8f1c47b44a918c5eb4f66/element - {"using":"xpath","value":"//table[contains(@id, \"smartFilterBar-filterItemControl_BASIC-YARD-valueHelpDialog-table-table\")]/tbody/tr[1]/td[1]/div/span"}
RESULT: {}
RESULT: {"using":"xpath","value":"//table[contains(@id, \"smartFilterBar-filterItemControl_BASIC-YARD-valueHelpDialog-table-table\")]/tbody/tr[1]/td[1]/div/span"}
COMMAND: POST /session/276af0ab14c8f1c47b44a918c5eb4f66/elements - {"using":"xpath","value":"//table[contains(@id, \"smartFilterBar-filterItemControl_BASIC-YARD-valueHelpDialog-table-table\")]/tbody/tr[1]/td[1]/div/span"}
RESULT: {"using":"xpath","value":"//table[contains(@id, \"smartFilterBar-filterItemControl_BASIC-YARD-valueHelpDialog-table-table\")]/tbody/tr[1]/td[1]/div/span"}
COMMAND: POST /session/276af0ab14c8f1c47b44a918c5eb4f66/execute/sync - {"script":"<script> [56 bytes]","args":[{"element-6066-11e4-a52e-4f735466cecf":"f.5C77A6788F2F180DC89ED0F4DCB2CDCA.d.BB0BB3512281F3483302E5344791A15B.e.6188","ELEMENT":"f.5C77A6788F2F180DC89ED0F4DCB2CDCA.d.BB0BB3512281F3483302E5344791A15B.e.6188"}]}
RESULT: {"script":"<script> [56 bytes]","args":[{"element-6066-11e4-a52e-4f735466cecf":"f.5C77A6788F2F180DC89ED0F4DCB2CDCA.d.BB0BB3512281F3483302E5344791A15B.e.6188","ELEMENT":"f.5C77A6788F2F180DC89ED0F4DCB2CDCA.d.BB0BB3512281F3483302E5344791A15B.e.6188"}]}
COMMAND: POST /session/276af0ab14c8f1c47b44a918c5eb4f66/element - {"using":"xpath","value":"//table[contains(@id, \"smartFilterBar-filterItemControl_BASIC-YARD-valueHelpDialog-table-table\")]/tbody/tr[2]/td[1]/div/span"}
COMMAND: GET /session/276af0ab14c8f1c47b44a918c5eb4f66/screenshot - {}
RESULT: {"using":"xpath","value":"//table[contains(@id, \"smartFilterBar-filterItemControl_BASIC-YARD-valueHelpDialog-table-table\")]/tbody/tr[2]/td[1]/div/span"}
COMMAND: POST /session/276af0ab14c8f1c47b44a918c5eb4f66/elements - {"using":"xpath","value":"//table[contains(@id, \"smartFilterBar-filterItemControl_BASIC-YARD-valueHelpDialog-table-table\")]/tbody/tr[2]/td[1]/div/span"}
RESULT: {}
RESULT: {"using":"xpath","value":"//table[contains(@id, \"smartFilterBar-filterItemControl_BASIC-YARD-valueHelpDialog-table-table\")]/tbody/tr[2]/td[1]/div/span"}
COMMAND: POST /session/276af0ab14c8f1c47b44a918c5eb4f66/execute/sync - {"script":"<script> [56 bytes]","args":[{"element-6066-11e4-a52e-4f735466cecf":"f.5C77A6788F2F180DC89ED0F4DCB2CDCA.d.BB0BB3512281F3483302E5344791A15B.e.6189","ELEMENT":"f.5C77A6788F2F180DC89ED0F4DCB2CDCA.d.BB0BB3512281F3483302E5344791A15B.e.6189"}]}
RESULT: {"script":"<script> [56 bytes]","args":[{"element-6066-11e4-a52e-4f735466cecf":"f.5C77A6788F2F180DC89ED0F4DCB2CDCA.d.BB0BB3512281F3483302E5344791A15B.e.6189","ELEMENT":"f.5C77A6788F2F180DC89ED0F4DCB2CDCA.d.BB0BB3512281F3483302E5344791A15B.e.6189"}]}
COMMAND: POST /session/276af0ab14c8f1c47b44a918c5eb4f66/element - {"using":"xpath","value":"//table[contains(@id, \"smartFilterBar-filterItemControl_BASIC-YARD-valueHelpDialog-table-table\")]/tbody/tr[3]/td[1]/div/span"}
COMMAND: GET /session/276af0ab14c8f1c47b44a918c5eb4f66/screenshot - {}
RESULT: {"using":"xpath","value":"//table[contains(@id, \"smartFilterBar-filterItemControl_BASIC-YARD-valueHelpDialog-table-table\")]/tbody/tr[3]/td[1]/div/span"}
COMMAND: POST /session/276af0ab14c8f1c47b44a918c5eb4f66/elements - {"using":"xpath","value":"//table[contains(@id, \"smartFilterBar-filterItemControl_BASIC-YARD-valueHelpDialog-table-table\")]/tbody/tr[3]/td[1]/div/span"}
RESULT: {}
RESULT: {"using":"xpath","value":"//table[contains(@id, \"smartFilterBar-filterItemControl_BASIC-YARD-valueHelpDialog-table-table\")]/tbody/tr[3]/td[1]/div/span"}
COMMAND: POST /session/276af0ab14c8f1c47b44a918c5eb4f66/execute/sync - {"script":"<script> [56 bytes]","args":[{"element-6066-11e4-a52e-4f735466cecf":"f.5C77A6788F2F180DC89ED0F4DCB2CDCA.d.BB0BB3512281F3483302E5344791A15B.e.6190","ELEMENT":"f.5C77A6788F2F180DC89ED0F4DCB2CDCA.d.BB0BB3512281F3483302E5344791A15B.e.6190"}]}
RESULT: {"script":"<script> [56 bytes]","args":[{"element-6066-11e4-a52e-4f735466cecf":"f.5C77A6788F2F180DC89ED0F4DCB2CDCA.d.BB0BB3512281F3483302E5344791A15B.e.6190","ELEMENT":"f.5C77A6788F2F180DC89ED0F4DCB2CDCA.d.BB0BB3512281F3483302E5344791A15B.e.6190"}]}
COMMAND: POST /session/276af0ab14c8f1c47b44a918c5eb4f66/element - {"using":"xpath","value":"//div[contains(@id, \"filterItemControl_BASIC-YARD-valueHelpDialog-table-rowsel2\")]"}
COMMAND: GET /session/276af0ab14c8f1c47b44a918c5eb4f66/screenshot - {}
RESULT: {"using":"xpath","value":"//div[contains(@id, \"filterItemControl_BASIC-YARD-valueHelpDialog-table-rowsel2\")]"}
COMMAND: POST /session/276af0ab14c8f1c47b44a918c5eb4f66/element/f.5C77A6788F2F180DC89ED0F4DCB2CDCA.d.BB0BB3512281F3483302E5344791A15B.e.6191/click - {}
RESULT: {}
RESULT: {}
COMMAND: GET /session/276af0ab14c8f1c47b44a918c5eb4f66/screenshot - {}
RESULT: {}
COMMAND: POST /session/276af0ab14c8f1c47b44a918c5eb4f66/element - {"using":"xpath","value":"(//bdi[contains(text(), \"OK\")])[1]"}
RESULT: {"using":"xpath","value":"(//bdi[contains(text(), \"OK\")])[1]"}
COMMAND: POST /session/276af0ab14c8f1c47b44a918c5eb4f66/element/f.5C77A6788F2F180DC89ED0F4DCB2CDCA.d.BB0BB3512281F3483302E5344791A15B.e.6193/click - {}
RESULT: {}
COMMAND: GET /session/276af0ab14c8f1c47b44a918c5eb4f66/screenshot - {}
RESULT: {}
COMMAND: POST /session/276af0ab14c8f1c47b44a918c5eb4f66/element - {"using":"xpath","value":"//span[@id=\"application-managepartners-display-component---masterPtm--smartTable-header-inner\"]"}
RESULT: {"using":"xpath","value":"//span[@id=\"application-managepartners-display-component---masterPtm--smartTable-header-inner\"]"}
COMMAND: POST /session/276af0ab14c8f1c47b44a918c5eb4f66/elements - {"using":"xpath","value":"//span[@id=\"application-managepartners-display-component---masterPtm--smartTable-header-inner\"]"}
RESULT: {"using":"xpath","value":"//span[@id=\"application-managepartners-display-component---masterPtm--smartTable-header-inner\"]"}
COMMAND: POST /session/276af0ab14c8f1c47b44a918c5eb4f66/execute/sync - {"script":"<script> [56 bytes]","args":[{"element-6066-11e4-a52e-4f735466cecf":"f.5C77A6788F2F180DC89ED0F4DCB2CDCA.d.BB0BB3512281F3483302E5344791A15B.e.5841","ELEMENT":"f.5C77A6788F2F180DC89ED0F4DCB2CDCA.d.BB0BB3512281F3483302E5344791A15B.e.5841"}]}
RESULT: {"script":"<script> [56 bytes]","args":[{"element-6066-11e4-a52e-4f735466cecf":"f.5C77A6788F2F180DC89ED0F4DCB2CDCA.d.BB0BB3512281F3483302E5344791A15B.e.5841","ELEMENT":"f.5C77A6788F2F180DC89ED0F4DCB2CDCA.d.BB0BB3512281F3483302E5344791A15B.e.5841"}]}
COMMAND: POST /session/276af0ab14c8f1c47b44a918c5eb4f66/element - {"using":"xpath","value":"//span[contains(@title, \"Remove\")]"}
COMMAND: GET /session/276af0ab14c8f1c47b44a918c5eb4f66/screenshot - {}
RESULT: {"using":"xpath","value":"//span[contains(@title, \"Remove\")]"}
COMMAND: POST /session/276af0ab14c8f1c47b44a918c5eb4f66/element/f.5C77A6788F2F180DC89ED0F4DCB2CDCA.d.BB0BB3512281F3483302E5344791A15B.e.6207/click - {}
RESULT: {}
RESULT: {}
COMMAND: GET /session/276af0ab14c8f1c47b44a918c5eb4f66/screenshot - {}
RESULT: {}
COMMAND: POST /session/276af0ab14c8f1c47b44a918c5eb4f66/element - {"using":"xpath","value":"//span[@id=\"application-managepartners-display-component---masterPtm--smartTable-header-inner\"]"}
RESULT: {"using":"xpath","value":"//span[@id=\"application-managepartners-display-component---masterPtm--smartTable-header-inner\"]"}
COMMAND: POST /session/276af0ab14c8f1c47b44a918c5eb4f66/elements - {"using":"xpath","value":"//span[@id=\"application-managepartners-display-component---masterPtm--smartTable-header-inner\"]"}
RESULT: {"using":"xpath","value":"//span[@id=\"application-managepartners-display-component---masterPtm--smartTable-header-inner\"]"}
COMMAND: POST /session/276af0ab14c8f1c47b44a918c5eb4f66/execute/sync - {"script":"<script> [56 bytes]","args":[{"element-6066-11e4-a52e-4f735466cecf":"f.5C77A6788F2F180DC89ED0F4DCB2CDCA.d.BB0BB3512281F3483302E5344791A15B.e.5841","ELEMENT":"f.5C77A6788F2F180DC89ED0F4DCB2CDCA.d.BB0BB3512281F3483302E5344791A15B.e.5841"}]}
RESULT: {"script":"<script> [56 bytes]","args":[{"element-6066-11e4-a52e-4f735466cecf":"f.5C77A6788F2F180DC89ED0F4DCB2CDCA.d.BB0BB3512281F3483302E5344791A15B.e.5841","ELEMENT":"f.5C77A6788F2F180DC89ED0F4DCB2CDCA.d.BB0BB3512281F3483302E5344791A15B.e.5841"}]}
COMMAND: POST /session/276af0ab14c8f1c47b44a918c5eb4f66/execute/async - {"script":"<script> [1562 bytes]","args":[{"selector":{"id":"application-managepartners-display-component---masterPtm--smartFilterBar-filterItemControl_BASIC-ALL_TAGS-vhi"},"wdio_ui5_key":"applicationmanagepartners-display-component---masterPtm--smartFilterBar-filterItemControl_BASIC-ALL_TAGS-vhi"}]}
COMMAND: GET /session/276af0ab14c8f1c47b44a918c5eb4f66/screenshot - {}
RESULT: {"script":"<script> [1562 bytes]","args":[{"selector":{"id":"application-managepartners-display-component---masterPtm--smartFilterBar-filterItemControl_BASIC-ALL_TAGS-vhi"},"wdio_ui5_key":"applicationmanagepartners-display-component---masterPtm--smartFilterBar-filterItemControl_BASIC-ALL_TAGS-vhi"}]}
RESULT: undefined
COMMAND: POST /session/276af0ab14c8f1c47b44a918c5eb4f66/element - {"using":"xpath","value":"//*[@id=\"application-managepartners-display-component---masterPtm--smartFilterBar-filterItemControl_BASIC-ALL_TAGS-vhi\"]"}
RESULT: {}
RESULT: {"using":"xpath","value":"//*[@id=\"application-managepartners-display-component---masterPtm--smartFilterBar-filterItemControl_BASIC-ALL_TAGS-vhi\"]"}
COMMAND: POST /session/276af0ab14c8f1c47b44a918c5eb4f66/element/f.5C77A6788F2F180DC89ED0F4DCB2CDCA.d.BB0BB3512281F3483302E5344791A15B.e.6313/click - {}
RESULT: {}
COMMAND: GET /session/276af0ab14c8f1c47b44a918c5eb4f66/screenshot - {}
RESULT: {}
COMMAND: POST /session/276af0ab14c8f1c47b44a918c5eb4f66/execute/async - {"script":"<script> [1562 bytes]","args":[{"selector":{"id":"application-managepartners-display-component---masterPtm--smartFilterBar-filterItemControl_BASIC-ALL_TAGS-valueHelpDialog-smartFilterBar-btnBasicSearch","searchOpenDialogs":true,"interaction":{"idSuffix":"I"}},"wdio_ui5_key":"applicationmanagepartners-display-component---masterPtm--smartFilterBar-filterItemControl_BASIC-ALL_TAGS-valueHelpDialog-smartFilterBar-btnBasicSearch"}]}
RESULT: {"script":"<script> [1562 bytes]","args":[{"selector":{"id":"application-managepartners-display-component---masterPtm--smartFilterBar-filterItemControl_BASIC-ALL_TAGS-valueHelpDialog-smartFilterBar-btnBasicSearch","searchOpenDialogs":true,"interaction":{"idSuffix":"I"}},"wdio_ui5_key":"applicationmanagepartners-display-component---masterPtm--smartFilterBar-filterItemControl_BASIC-ALL_TAGS-valueHelpDialog-smartFilterBar-btnBasicSearch"}]}
RESULT: undefined
COMMAND: POST /session/276af0ab14c8f1c47b44a918c5eb4f66/execute/async - {"script":"<script> [776 bytes]","args":[{"enterText":"test-tag-1","selector":{"id":"application-managepartners-display-component---masterPtm--smartFilterBar-filterItemControl_BASIC-ALL_TAGS-valueHelpDialog-smartFilterBar-btnBasicSearch","searchOpenDialogs":true,"interaction":{"idSuffix":"I"}},"clearTextFirst":true,"interactionType":"ENTER_TEXT"}]}
RESULT: {"script":"<script> [776 bytes]","args":[{"enterText":"test-tag-1","selector":{"id":"application-managepartners-display-component---masterPtm--smartFilterBar-filterItemControl_BASIC-ALL_TAGS-valueHelpDialog-smartFilterBar-btnBasicSearch","searchOpenDialogs":true,"interaction":{"idSuffix":"I"}},"clearTextFirst":true,"interactionType":"ENTER_TEXT"}]}
COMMAND: POST /session/276af0ab14c8f1c47b44a918c5eb4f66/actions - {"actions":[{"id":"action22","type":"key","parameters":{},"actions":[{"type":"keyDown","value":""},{"type":"pause","duration":10},{"type":"keyUp","value":""}]}]}
RESULT: {"actions":[{"id":"action22","type":"key","parameters":{},"actions":[{"type":"keyDown","value":""},{"type":"pause","duration":10},{"type":"keyUp","value":""}]}]}
COMMAND: POST /session/276af0ab14c8f1c47b44a918c5eb4f66/elements - {"using":"xpath","value":"//table[contains(@id, \"smartFilterBar-filterItemControl_BASIC-ALL_TAGS-valueHelpDialog-table-table\")]/tbody/tr"}
COMMAND: GET /session/276af0ab14c8f1c47b44a918c5eb4f66/screenshot - {}
RESULT: {"using":"xpath","value":"//table[contains(@id, \"smartFilterBar-filterItemControl_BASIC-ALL_TAGS-valueHelpDialog-table-table\")]/tbody/tr"}
COMMAND: POST /session/276af0ab14c8f1c47b44a918c5eb4f66/element - {"using":"xpath","value":"//table[contains(@id, \"smartFilterBar-filterItemControl_BASIC-ALL_TAGS-valueHelpDialog-table-table\")]/tbody/tr[1]/td[1]/div/span"}
RESULT: {}
RESULT: {"using":"xpath","value":"//table[contains(@id, \"smartFilterBar-filterItemControl_BASIC-ALL_TAGS-valueHelpDialog-table-table\")]/tbody/tr[1]/td[1]/div/span"}
COMMAND: POST /session/276af0ab14c8f1c47b44a918c5eb4f66/elements - {"using":"xpath","value":"//table[contains(@id, \"smartFilterBar-filterItemControl_BASIC-ALL_TAGS-valueHelpDialog-table-table\")]/tbody/tr[1]/td[1]/div/span"}
RESULT: {"using":"xpath","value":"//table[contains(@id, \"smartFilterBar-filterItemControl_BASIC-ALL_TAGS-valueHelpDialog-table-table\")]/tbody/tr[1]/td[1]/div/span"}
COMMAND: POST /session/276af0ab14c8f1c47b44a918c5eb4f66/execute/sync - {"script":"<script> [56 bytes]","args":[{"element-6066-11e4-a52e-4f735466cecf":"f.5C77A6788F2F180DC89ED0F4DCB2CDCA.d.BB0BB3512281F3483302E5344791A15B.e.6333","ELEMENT":"f.5C77A6788F2F180DC89ED0F4DCB2CDCA.d.BB0BB3512281F3483302E5344791A15B.e.6333"}]}
RESULT: {"script":"<script> [56 bytes]","args":[{"element-6066-11e4-a52e-4f735466cecf":"f.5C77A6788F2F180DC89ED0F4DCB2CDCA.d.BB0BB3512281F3483302E5344791A15B.e.6333","ELEMENT":"f.5C77A6788F2F180DC89ED0F4DCB2CDCA.d.BB0BB3512281F3483302E5344791A15B.e.6333"}]}
COMMAND: POST /session/276af0ab14c8f1c47b44a918c5eb4f66/element - {"using":"xpath","value":"//div[contains(@id, \"filterItemControl_BASIC-ALL_TAGS-valueHelpDialog-table-rowsel0\")]"}
COMMAND: GET /session/276af0ab14c8f1c47b44a918c5eb4f66/screenshot - {}
RESULT: {"using":"xpath","value":"//div[contains(@id, \"filterItemControl_BASIC-ALL_TAGS-valueHelpDialog-table-rowsel0\")]"}
COMMAND: POST /session/276af0ab14c8f1c47b44a918c5eb4f66/element/f.5C77A6788F2F180DC89ED0F4DCB2CDCA.d.BB0BB3512281F3483302E5344791A15B.e.6334/click - {}
RESULT: {}
RESULT: {}
COMMAND: GET /session/276af0ab14c8f1c47b44a918c5eb4f66/screenshot - {}
RESULT: {}
COMMAND: POST /session/276af0ab14c8f1c47b44a918c5eb4f66/element - {"using":"xpath","value":"(//bdi[contains(text(), \"OK\")])[1]"}
RESULT: {"using":"xpath","value":"(//bdi[contains(text(), \"OK\")])[1]"}
COMMAND: POST /session/276af0ab14c8f1c47b44a918c5eb4f66/element/f.5C77A6788F2F180DC89ED0F4DCB2CDCA.d.BB0BB3512281F3483302E5344791A15B.e.6336/click - {}
RESULT: {}
COMMAND: GET /session/276af0ab14c8f1c47b44a918c5eb4f66/screenshot - {}
RESULT: {}
COMMAND: POST /session/276af0ab14c8f1c47b44a918c5eb4f66/element - {"using":"xpath","value":"//span[@id=\"application-managepartners-display-component---masterPtm--smartTable-header-inner\"]"}
RESULT: {"using":"xpath","value":"//span[@id=\"application-managepartners-display-component---masterPtm--smartTable-header-inner\"]"}
COMMAND: POST /session/276af0ab14c8f1c47b44a918c5eb4f66/elements - {"using":"xpath","value":"//span[@id=\"application-managepartners-display-component---masterPtm--smartTable-header-inner\"]"}
RESULT: {"using":"xpath","value":"//span[@id=\"application-managepartners-display-component---masterPtm--smartTable-header-inner\"]"}
COMMAND: POST /session/276af0ab14c8f1c47b44a918c5eb4f66/execute/sync - {"script":"<script> [56 bytes]","args":[{"element-6066-11e4-a52e-4f735466cecf":"f.5C77A6788F2F180DC89ED0F4DCB2CDCA.d.BB0BB3512281F3483302E5344791A15B.e.5841","ELEMENT":"f.5C77A6788F2F180DC89ED0F4DCB2CDCA.d.BB0BB3512281F3483302E5344791A15B.e.5841"}]}
RESULT: {"script":"<script> [56 bytes]","args":[{"element-6066-11e4-a52e-4f735466cecf":"f.5C77A6788F2F180DC89ED0F4DCB2CDCA.d.BB0BB3512281F3483302E5344791A15B.e.5841","ELEMENT":"f.5C77A6788F2F180DC89ED0F4DCB2CDCA.d.BB0BB3512281F3483302E5344791A15B.e.5841"}]}
COMMAND: POST /session/276af0ab14c8f1c47b44a918c5eb4f66/element - {"using":"xpath","value":"//span[contains(@title, \"Remove\")]"}
COMMAND: GET /session/276af0ab14c8f1c47b44a918c5eb4f66/screenshot - {}
RESULT: {"using":"xpath","value":"//span[contains(@title, \"Remove\")]"}
COMMAND: POST /session/276af0ab14c8f1c47b44a918c5eb4f66/element/f.5C77A6788F2F180DC89ED0F4DCB2CDCA.d.BB0BB3512281F3483302E5344791A15B.e.6358/click - {}
RESULT: {}
RESULT: {}
COMMAND: GET /session/276af0ab14c8f1c47b44a918c5eb4f66/screenshot - {}
RESULT: {}
COMMAND: POST /session/276af0ab14c8f1c47b44a918c5eb4f66/execute/async - {"script":"<script> [1562 bytes]","args":[{"selector":{"id":"application-managepartners-display-component---masterPtm--partnerTypes-arrow"},"wdio_ui5_key":"applicationmanagepartners-display-component---masterPtm--partnerTypes-arrow"}]}
RESULT: {"script":"<script> [1562 bytes]","args":[{"selector":{"id":"application-managepartners-display-component---masterPtm--partnerTypes-arrow"},"wdio_ui5_key":"applicationmanagepartners-display-component---masterPtm--partnerTypes-arrow"}]}
RESULT: undefined
COMMAND: POST /session/276af0ab14c8f1c47b44a918c5eb4f66/element - {"using":"xpath","value":"//*[@id=\"application-managepartners-display-component---masterPtm--partnerTypes-arrow\"]"}
RESULT: {"using":"xpath","value":"//*[@id=\"application-managepartners-display-component---masterPtm--partnerTypes-arrow\"]"}
COMMAND: POST /session/276af0ab14c8f1c47b44a918c5eb4f66/element/f.5C77A6788F2F180DC89ED0F4DCB2CDCA.d.BB0BB3512281F3483302E5344791A15B.e.6462/click - {}
RESULT: {}
COMMAND: GET /session/276af0ab14c8f1c47b44a918c5eb4f66/screenshot - {}
RESULT: {}
COMMAND: POST /session/276af0ab14c8f1c47b44a918c5eb4f66/element - {"using":"xpath","value":"//li[.//span[text()=\"External partner\"]]//div[contains(@class,\"sapMCbBg\")]"}
RESULT: {"using":"xpath","value":"//li[.//span[text()=\"External partner\"]]//div[contains(@class,\"sapMCbBg\")]"}
COMMAND: POST /session/276af0ab14c8f1c47b44a918c5eb4f66/element/f.5C77A6788F2F180DC89ED0F4DCB2CDCA.d.BB0BB3512281F3483302E5344791A15B.e.6465/click - {}
RESULT: {}
COMMAND: GET /session/276af0ab14c8f1c47b44a918c5eb4f66/screenshot - {}
RESULT: {}
COMMAND: POST /session/276af0ab14c8f1c47b44a918c5eb4f66/element - {"using":"xpath","value":"//span[@id=\"application-managepartners-display-component---masterPtm--smartTable-header-inner\"]"}
RESULT: {"using":"xpath","value":"//span[@id=\"application-managepartners-display-component---masterPtm--smartTable-header-inner\"]"}
COMMAND: POST /session/276af0ab14c8f1c47b44a918c5eb4f66/elements - {"using":"xpath","value":"//span[@id=\"application-managepartners-display-component---masterPtm--smartTable-header-inner\"]"}
RESULT: {"using":"xpath","value":"//span[@id=\"application-managepartners-display-component---masterPtm--smartTable-header-inner\"]"}
COMMAND: POST /session/276af0ab14c8f1c47b44a918c5eb4f66/execute/sync - {"script":"<script> [56 bytes]","args":[{"element-6066-11e4-a52e-4f735466cecf":"f.5C77A6788F2F180DC89ED0F4DCB2CDCA.d.BB0BB3512281F3483302E5344791A15B.e.5841","ELEMENT":"f.5C77A6788F2F180DC89ED0F4DCB2CDCA.d.BB0BB3512281F3483302E5344791A15B.e.5841"}]}
RESULT: {"script":"<script> [56 bytes]","args":[{"element-6066-11e4-a52e-4f735466cecf":"f.5C77A6788F2F180DC89ED0F4DCB2CDCA.d.BB0BB3512281F3483302E5344791A15B.e.5841","ELEMENT":"f.5C77A6788F2F180DC89ED0F4DCB2CDCA.d.BB0BB3512281F3483302E5344791A15B.e.5841"}]}
COMMAND: POST /session/276af0ab14c8f1c47b44a918c5eb4f66/element - {"using":"xpath","value":"//span[contains(@title, \"Remove\")]"}
COMMAND: GET /session/276af0ab14c8f1c47b44a918c5eb4f66/screenshot - {}
RESULT: {"using":"xpath","value":"//span[contains(@title, \"Remove\")]"}
COMMAND: POST /session/276af0ab14c8f1c47b44a918c5eb4f66/element/f.5C77A6788F2F180DC89ED0F4DCB2CDCA.d.BB0BB3512281F3483302E5344791A15B.e.6541/click - {}
RESULT: {}
RESULT: {}
COMMAND: GET /session/276af0ab14c8f1c47b44a918c5eb4f66/screenshot - {}
RESULT: {}
COMMAND: POST /session/276af0ab14c8f1c47b44a918c5eb4f66/execute/async - {"script":"<script> [1562 bytes]","args":[{"selector":{"id":"application-managepartners-display-component---masterPtm--smartFilterBar-btnFilters","interaction":{"idSuffix":"BDI-content"}},"wdio_ui5_key":"applicationmanagepartners-display-component---masterPtm--smartFilterBar-btnFilters"}]}
RESULT: {"script":"<script> [1562 bytes]","args":[{"selector":{"id":"application-managepartners-display-component---masterPtm--smartFilterBar-btnFilters","interaction":{"idSuffix":"BDI-content"}},"wdio_ui5_key":"applicationmanagepartners-display-component---masterPtm--smartFilterBar-btnFilters"}]}
RESULT: undefined
COMMAND: POST /session/276af0ab14c8f1c47b44a918c5eb4f66/element - {"using":"xpath","value":"//*[@id=\"application-managepartners-display-component---masterPtm--smartFilterBar-btnFilters\"]"}
RESULT: {"using":"xpath","value":"//*[@id=\"application-managepartners-display-component---masterPtm--smartFilterBar-btnFilters\"]"}
COMMAND: POST /session/276af0ab14c8f1c47b44a918c5eb4f66/element/f.5C77A6788F2F180DC89ED0F4DCB2CDCA.d.BB0BB3512281F3483302E5344791A15B.e.5695/click - {}
RESULT: {}
COMMAND: GET /session/276af0ab14c8f1c47b44a918c5eb4f66/screenshot - {}
RESULT: {}
COMMAND: POST /session/276af0ab14c8f1c47b44a918c5eb4f66/elements - {"using":"xpath","value":"//table[contains(@id, \"listView-innerSelectionPanelTable-listUl\")]/tbody/tr"}
RESULT: {"using":"xpath","value":"//table[contains(@id, \"listView-innerSelectionPanelTable-listUl\")]/tbody/tr"}
COMMAND: POST /session/276af0ab14c8f1c47b44a918c5eb4f66/element - {"using":"xpath","value":"//table[contains(@id, \"listView-innerSelectionPanelTable-listUl\")]/tbody/tr[2]/td[2]/div/div"}
RESULT: {"using":"xpath","value":"//table[contains(@id, \"listView-innerSelectionPanelTable-listUl\")]/tbody/tr[2]/td[2]/div/div"}
COMMAND: POST /session/276af0ab14c8f1c47b44a918c5eb4f66/element - {"using":"xpath","value":"//table[contains(@id, \"listView-innerSelectionPanelTable-listUl\")]/tbody/tr[2]/td[2]/div"}
RESULT: {"using":"xpath","value":"//table[contains(@id, \"listView-innerSelectionPanelTable-listUl\")]/tbody/tr[2]/td[2]/div"}
COMMAND: POST /session/276af0ab14c8f1c47b44a918c5eb4f66/element - {"using":"xpath","value":"//table[contains(@id, \"listView-innerSelectionPanelTable-listUl\")]/tbody/tr[2]/td[3]/div/div/span/span[1]/bdi"}
RESULT: {"using":"xpath","value":"//table[contains(@id, \"listView-innerSelectionPanelTable-listUl\")]/tbody/tr[2]/td[3]/div/div/span/span[1]/bdi"}
COMMAND: POST /session/276af0ab14c8f1c47b44a918c5eb4f66/execute/sync - {"script":"<script> [56 bytes]","args":[{"element-6066-11e4-a52e-4f735466cecf":"f.5C77A6788F2F180DC89ED0F4DCB2CDCA.d.BB0BB3512281F3483302E5344791A15B.e.6646","ELEMENT":"f.5C77A6788F2F180DC89ED0F4DCB2CDCA.d.BB0BB3512281F3483302E5344791A15B.e.6646"}]}
RESULT: {"script":"<script> [56 bytes]","args":[{"element-6066-11e4-a52e-4f735466cecf":"f.5C77A6788F2F180DC89ED0F4DCB2CDCA.d.BB0BB3512281F3483302E5344791A15B.e.6646","ELEMENT":"f.5C77A6788F2F180DC89ED0F4DCB2CDCA.d.BB0BB3512281F3483302E5344791A15B.e.6646"}]}
COMMAND: GET /session/276af0ab14c8f1c47b44a918c5eb4f66/element/f.5C77A6788F2F180DC89ED0F4DCB2CDCA.d.BB0BB3512281F3483302E5344791A15B.e.6645/attribute/aria-checked - {}
COMMAND: GET /session/276af0ab14c8f1c47b44a918c5eb4f66/screenshot - {}
RESULT: {}
COMMAND: POST /session/276af0ab14c8f1c47b44a918c5eb4f66/element - {"using":"xpath","value":"//table[contains(@id, \"listView-innerSelectionPanelTable-listUl\")]/tbody/tr[3]/td[2]/div/div"}
RESULT: {}
RESULT: {"using":"xpath","value":"//table[contains(@id, \"listView-innerSelectionPanelTable-listUl\")]/tbody/tr[3]/td[2]/div/div"}
COMMAND: POST /session/276af0ab14c8f1c47b44a918c5eb4f66/element - {"using":"xpath","value":"//table[contains(@id, \"listView-innerSelectionPanelTable-listUl\")]/tbody/tr[3]/td[2]/div"}
RESULT: {"using":"xpath","value":"//table[contains(@id, \"listView-innerSelectionPanelTable-listUl\")]/tbody/tr[3]/td[2]/div"}
COMMAND: POST /session/276af0ab14c8f1c47b44a918c5eb4f66/element - {"using":"xpath","value":"//table[contains(@id, \"listView-innerSelectionPanelTable-listUl\")]/tbody/tr[3]/td[3]/div/div/span/span[1]/bdi"}
RESULT: {"using":"xpath","value":"//table[contains(@id, \"listView-innerSelectionPanelTable-listUl\")]/tbody/tr[3]/td[3]/div/div/span/span[1]/bdi"}
COMMAND: POST /session/276af0ab14c8f1c47b44a918c5eb4f66/execute/sync - {"script":"<script> [56 bytes]","args":[{"element-6066-11e4-a52e-4f735466cecf":"f.5C77A6788F2F180DC89ED0F4DCB2CDCA.d.BB0BB3512281F3483302E5344791A15B.e.6649","ELEMENT":"f.5C77A6788F2F180DC89ED0F4DCB2CDCA.d.BB0BB3512281F3483302E5344791A15B.e.6649"}]}
RESULT: {"script":"<script> [56 bytes]","args":[{"element-6066-11e4-a52e-4f735466cecf":"f.5C77A6788F2F180DC89ED0F4DCB2CDCA.d.BB0BB3512281F3483302E5344791A15B.e.6649","ELEMENT":"f.5C77A6788F2F180DC89ED0F4DCB2CDCA.d.BB0BB3512281F3483302E5344791A15B.e.6649"}]}
COMMAND: GET /session/276af0ab14c8f1c47b44a918c5eb4f66/element/f.5C77A6788F2F180DC89ED0F4DCB2CDCA.d.BB0BB3512281F3483302E5344791A15B.e.6648/attribute/aria-checked - {}
COMMAND: GET /session/276af0ab14c8f1c47b44a918c5eb4f66/screenshot - {}
RESULT: {}
COMMAND: POST /session/276af0ab14c8f1c47b44a918c5eb4f66/element - {"using":"xpath","value":"//table[contains(@id, \"listView-innerSelectionPanelTable-listUl\")]/tbody/tr[4]/td[2]/div/div"}
RESULT: {}
RESULT: {"using":"xpath","value":"//table[contains(@id, \"listView-innerSelectionPanelTable-listUl\")]/tbody/tr[4]/td[2]/div/div"}
COMMAND: POST /session/276af0ab14c8f1c47b44a918c5eb4f66/element - {"using":"xpath","value":"//table[contains(@id, \"listView-innerSelectionPanelTable-listUl\")]/tbody/tr[4]/td[2]/div"}
RESULT: {"using":"xpath","value":"//table[contains(@id, \"listView-innerSelectionPanelTable-listUl\")]/tbody/tr[4]/td[2]/div"}
COMMAND: POST /session/276af0ab14c8f1c47b44a918c5eb4f66/element - {"using":"xpath","value":"//table[contains(@id, \"listView-innerSelectionPanelTable-listUl\")]/tbody/tr[4]/td[3]/div/div/span/span[1]/bdi"}
RESULT: {"using":"xpath","value":"//table[contains(@id, \"listView-innerSelectionPanelTable-listUl\")]/tbody/tr[4]/td[3]/div/div/span/span[1]/bdi"}
COMMAND: POST /session/276af0ab14c8f1c47b44a918c5eb4f66/execute/sync - {"script":"<script> [56 bytes]","args":[{"element-6066-11e4-a52e-4f735466cecf":"f.5C77A6788F2F180DC89ED0F4DCB2CDCA.d.BB0BB3512281F3483302E5344791A15B.e.6652","ELEMENT":"f.5C77A6788F2F180DC89ED0F4DCB2CDCA.d.BB0BB3512281F3483302E5344791A15B.e.6652"}]}
RESULT: {"script":"<script> [56 bytes]","args":[{"element-6066-11e4-a52e-4f735466cecf":"f.5C77A6788F2F180DC89ED0F4DCB2CDCA.d.BB0BB3512281F3483302E5344791A15B.e.6652","ELEMENT":"f.5C77A6788F2F180DC89ED0F4DCB2CDCA.d.BB0BB3512281F3483302E5344791A15B.e.6652"}]}
COMMAND: GET /session/276af0ab14c8f1c47b44a918c5eb4f66/element/f.5C77A6788F2F180DC89ED0F4DCB2CDCA.d.BB0BB3512281F3483302E5344791A15B.e.6651/attribute/aria-checked - {}
COMMAND: GET /session/276af0ab14c8f1c47b44a918c5eb4f66/screenshot - {}
RESULT: {}
COMMAND: POST /session/276af0ab14c8f1c47b44a918c5eb4f66/element - {"using":"xpath","value":"//table[contains(@id, \"listView-innerSelectionPanelTable-listUl\")]/tbody/tr[5]/td[2]/div/div"}
RESULT: {}
RESULT: {"using":"xpath","value":"//table[contains(@id, \"listView-innerSelectionPanelTable-listUl\")]/tbody/tr[5]/td[2]/div/div"}
COMMAND: POST /session/276af0ab14c8f1c47b44a918c5eb4f66/element - {"using":"xpath","value":"//table[contains(@id, \"listView-innerSelectionPanelTable-listUl\")]/tbody/tr[5]/td[2]/div"}
RESULT: {"using":"xpath","value":"//table[contains(@id, \"listView-innerSelectionPanelTable-listUl\")]/tbody/tr[5]/td[2]/div"}
COMMAND: POST /session/276af0ab14c8f1c47b44a918c5eb4f66/element - {"using":"xpath","value":"//table[contains(@id, \"listView-innerSelectionPanelTable-listUl\")]/tbody/tr[5]/td[3]/div/div/span/span[1]/bdi"}
RESULT: {"using":"xpath","value":"//table[contains(@id, \"listView-innerSelectionPanelTable-listUl\")]/tbody/tr[5]/td[3]/div/div/span/span[1]/bdi"}
COMMAND: POST /session/276af0ab14c8f1c47b44a918c5eb4f66/execute/sync - {"script":"<script> [56 bytes]","args":[{"element-6066-11e4-a52e-4f735466cecf":"f.5C77A6788F2F180DC89ED0F4DCB2CDCA.d.BB0BB3512281F3483302E5344791A15B.e.6655","ELEMENT":"f.5C77A6788F2F180DC89ED0F4DCB2CDCA.d.BB0BB3512281F3483302E5344791A15B.e.6655"}]}
RESULT: {"script":"<script> [56 bytes]","args":[{"element-6066-11e4-a52e-4f735466cecf":"f.5C77A6788F2F180DC89ED0F4DCB2CDCA.d.BB0BB3512281F3483302E5344791A15B.e.6655","ELEMENT":"f.5C77A6788F2F180DC89ED0F4DCB2CDCA.d.BB0BB3512281F3483302E5344791A15B.e.6655"}]}
COMMAND: GET /session/276af0ab14c8f1c47b44a918c5eb4f66/element/f.5C77A6788F2F180DC89ED0F4DCB2CDCA.d.BB0BB3512281F3483302E5344791A15B.e.6654/attribute/aria-checked - {}
COMMAND: GET /session/276af0ab14c8f1c47b44a918c5eb4f66/screenshot - {}
RESULT: {}
COMMAND: POST /session/276af0ab14c8f1c47b44a918c5eb4f66/element - {"using":"xpath","value":"//table[contains(@id, \"listView-innerSelectionPanelTable-listUl\")]/tbody/tr[6]/td[2]/div/div"}
RESULT: {}
RESULT: {"using":"xpath","value":"//table[contains(@id, \"listView-innerSelectionPanelTable-listUl\")]/tbody/tr[6]/td[2]/div/div"}
COMMAND: POST /session/276af0ab14c8f1c47b44a918c5eb4f66/element - {"using":"xpath","value":"//table[contains(@id, \"listView-innerSelectionPanelTable-listUl\")]/tbody/tr[6]/td[2]/div"}
RESULT: {"using":"xpath","value":"//table[contains(@id, \"listView-innerSelectionPanelTable-listUl\")]/tbody/tr[6]/td[2]/div"}
COMMAND: POST /session/276af0ab14c8f1c47b44a918c5eb4f66/element - {"using":"xpath","value":"//table[contains(@id, \"listView-innerSelectionPanelTable-listUl\")]/tbody/tr[6]/td[3]/div/div/span/span[1]/bdi"}
RESULT: {"using":"xpath","value":"//table[contains(@id, \"listView-innerSelectionPanelTable-listUl\")]/tbody/tr[6]/td[3]/div/div/span/span[1]/bdi"}
COMMAND: POST /session/276af0ab14c8f1c47b44a918c5eb4f66/execute/sync - {"script":"<script> [56 bytes]","args":[{"element-6066-11e4-a52e-4f735466cecf":"f.5C77A6788F2F180DC89ED0F4DCB2CDCA.d.BB0BB3512281F3483302E5344791A15B.e.6658","ELEMENT":"f.5C77A6788F2F180DC89ED0F4DCB2CDCA.d.BB0BB3512281F3483302E5344791A15B.e.6658"}]}
RESULT: {"script":"<script> [56 bytes]","args":[{"element-6066-11e4-a52e-4f735466cecf":"f.5C77A6788F2F180DC89ED0F4DCB2CDCA.d.BB0BB3512281F3483302E5344791A15B.e.6658","ELEMENT":"f.5C77A6788F2F180DC89ED0F4DCB2CDCA.d.BB0BB3512281F3483302E5344791A15B.e.6658"}]}
COMMAND: GET /session/276af0ab14c8f1c47b44a918c5eb4f66/element/f.5C77A6788F2F180DC89ED0F4DCB2CDCA.d.BB0BB3512281F3483302E5344791A15B.e.6657/attribute/aria-checked - {}
COMMAND: GET /session/276af0ab14c8f1c47b44a918c5eb4f66/screenshot - {}
RESULT: {}
COMMAND: POST /session/276af0ab14c8f1c47b44a918c5eb4f66/element - {"using":"xpath","value":"//table[contains(@id, \"listView-innerSelectionPanelTable-listUl\")]/tbody/tr[7]/td[2]/div/div"}
RESULT: {}
RESULT: {"using":"xpath","value":"//table[contains(@id, \"listView-innerSelectionPanelTable-listUl\")]/tbody/tr[7]/td[2]/div/div"}
COMMAND: POST /session/276af0ab14c8f1c47b44a918c5eb4f66/element - {"using":"xpath","value":"//table[contains(@id, \"listView-innerSelectionPanelTable-listUl\")]/tbody/tr[7]/td[2]/div"}
RESULT: {"using":"xpath","value":"//table[contains(@id, \"listView-innerSelectionPanelTable-listUl\")]/tbody/tr[7]/td[2]/div"}
COMMAND: POST /session/276af0ab14c8f1c47b44a918c5eb4f66/element - {"using":"xpath","value":"//table[contains(@id, \"listView-innerSelectionPanelTable-listUl\")]/tbody/tr[7]/td[3]/div/div/span/span[1]/bdi"}
RESULT: {"using":"xpath","value":"//table[contains(@id, \"listView-innerSelectionPanelTable-listUl\")]/tbody/tr[7]/td[3]/div/div/span/span[1]/bdi"}
COMMAND: POST /session/276af0ab14c8f1c47b44a918c5eb4f66/execute/sync - {"script":"<script> [56 bytes]","args":[{"element-6066-11e4-a52e-4f735466cecf":"f.5C77A6788F2F180DC89ED0F4DCB2CDCA.d.BB0BB3512281F3483302E5344791A15B.e.6661","ELEMENT":"f.5C77A6788F2F180DC89ED0F4DCB2CDCA.d.BB0BB3512281F3483302E5344791A15B.e.6661"}]}
RESULT: {"script":"<script> [56 bytes]","args":[{"element-6066-11e4-a52e-4f735466cecf":"f.5C77A6788F2F180DC89ED0F4DCB2CDCA.d.BB0BB3512281F3483302E5344791A15B.e.6661","ELEMENT":"f.5C77A6788F2F180DC89ED0F4DCB2CDCA.d.BB0BB3512281F3483302E5344791A15B.e.6661"}]}
COMMAND: GET /session/276af0ab14c8f1c47b44a918c5eb4f66/element/f.5C77A6788F2F180DC89ED0F4DCB2CDCA.d.BB0BB3512281F3483302E5344791A15B.e.6660/attribute/aria-checked - {}
COMMAND: GET /session/276af0ab14c8f1c47b44a918c5eb4f66/screenshot - {}
RESULT: {}
COMMAND: POST /session/276af0ab14c8f1c47b44a918c5eb4f66/element - {"using":"xpath","value":"//table[contains(@id, \"listView-innerSelectionPanelTable-listUl\")]/tbody/tr[8]/td[2]/div/div"}
RESULT: {}
RESULT: {"using":"xpath","value":"//table[contains(@id, \"listView-innerSelectionPanelTable-listUl\")]/tbody/tr[8]/td[2]/div/div"}
COMMAND: POST /session/276af0ab14c8f1c47b44a918c5eb4f66/element - {"using":"xpath","value":"//table[contains(@id, \"listView-innerSelectionPanelTable-listUl\")]/tbody/tr[8]/td[2]/div"}
RESULT: {"using":"xpath","value":"//table[contains(@id, \"listView-innerSelectionPanelTable-listUl\")]/tbody/tr[8]/td[2]/div"}
COMMAND: POST /session/276af0ab14c8f1c47b44a918c5eb4f66/element - {"using":"xpath","value":"//table[contains(@id, \"listView-innerSelectionPanelTable-listUl\")]/tbody/tr[8]/td[3]/div/div/span/span[1]/bdi"}
RESULT: {"using":"xpath","value":"//table[contains(@id, \"listView-innerSelectionPanelTable-listUl\")]/tbody/tr[8]/td[3]/div/div/span/span[1]/bdi"}
COMMAND: POST /session/276af0ab14c8f1c47b44a918c5eb4f66/execute/sync - {"script":"<script> [56 bytes]","args":[{"element-6066-11e4-a52e-4f735466cecf":"f.5C77A6788F2F180DC89ED0F4DCB2CDCA.d.BB0BB3512281F3483302E5344791A15B.e.6664","ELEMENT":"f.5C77A6788F2F180DC89ED0F4DCB2CDCA.d.BB0BB3512281F3483302E5344791A15B.e.6664"}]}
RESULT: {"script":"<script> [56 bytes]","args":[{"element-6066-11e4-a52e-4f735466cecf":"f.5C77A6788F2F180DC89ED0F4DCB2CDCA.d.BB0BB3512281F3483302E5344791A15B.e.6664","ELEMENT":"f.5C77A6788F2F180DC89ED0F4DCB2CDCA.d.BB0BB3512281F3483302E5344791A15B.e.6664"}]}
COMMAND: GET /session/276af0ab14c8f1c47b44a918c5eb4f66/element/f.5C77A6788F2F180DC89ED0F4DCB2CDCA.d.BB0BB3512281F3483302E5344791A15B.e.6663/attribute/aria-checked - {}
COMMAND: GET /session/276af0ab14c8f1c47b44a918c5eb4f66/screenshot - {}
RESULT: {}
COMMAND: POST /session/276af0ab14c8f1c47b44a918c5eb4f66/element - {"using":"xpath","value":"//table[contains(@id, \"listView-innerSelectionPanelTable-listUl\")]/tbody/tr[9]/td[2]/div/div"}
RESULT: {}
RESULT: {"using":"xpath","value":"//table[contains(@id, \"listView-innerSelectionPanelTable-listUl\")]/tbody/tr[9]/td[2]/div/div"}
COMMAND: POST /session/276af0ab14c8f1c47b44a918c5eb4f66/element - {"using":"xpath","value":"//table[contains(@id, \"listView-innerSelectionPanelTable-listUl\")]/tbody/tr[9]/td[2]/div"}
RESULT: {"using":"xpath","value":"//table[contains(@id, \"listView-innerSelectionPanelTable-listUl\")]/tbody/tr[9]/td[2]/div"}
COMMAND: POST /session/276af0ab14c8f1c47b44a918c5eb4f66/element - {"using":"xpath","value":"//table[contains(@id, \"listView-innerSelectionPanelTable-listUl\")]/tbody/tr[9]/td[3]/div/div/span/span[1]/bdi"}
RESULT: {"using":"xpath","value":"//table[contains(@id, \"listView-innerSelectionPanelTable-listUl\")]/tbody/tr[9]/td[3]/div/div/span/span[1]/bdi"}
COMMAND: POST /session/276af0ab14c8f1c47b44a918c5eb4f66/execute/sync - {"script":"<script> [56 bytes]","args":[{"element-6066-11e4-a52e-4f735466cecf":"f.5C77A6788F2F180DC89ED0F4DCB2CDCA.d.BB0BB3512281F3483302E5344791A15B.e.6667","ELEMENT":"f.5C77A6788F2F180DC89ED0F4DCB2CDCA.d.BB0BB3512281F3483302E5344791A15B.e.6667"}]}
RESULT: {"script":"<script> [56 bytes]","args":[{"element-6066-11e4-a52e-4f735466cecf":"f.5C77A6788F2F180DC89ED0F4DCB2CDCA.d.BB0BB3512281F3483302E5344791A15B.e.6667","ELEMENT":"f.5C77A6788F2F180DC89ED0F4DCB2CDCA.d.BB0BB3512281F3483302E5344791A15B.e.6667"}]}
COMMAND: GET /session/276af0ab14c8f1c47b44a918c5eb4f66/element/f.5C77A6788F2F180DC89ED0F4DCB2CDCA.d.BB0BB3512281F3483302E5344791A15B.e.6666/attribute/aria-checked - {}
COMMAND: GET /session/276af0ab14c8f1c47b44a918c5eb4f66/screenshot - {}
RESULT: {}
COMMAND: POST /session/276af0ab14c8f1c47b44a918c5eb4f66/element - {"using":"xpath","value":"//table[contains(@id, \"listView-innerSelectionPanelTable-listUl\")]/tbody/tr[10]/td[2]/div/div"}
RESULT: {}
RESULT: {"using":"xpath","value":"//table[contains(@id, \"listView-innerSelectionPanelTable-listUl\")]/tbody/tr[10]/td[2]/div/div"}
COMMAND: POST /session/276af0ab14c8f1c47b44a918c5eb4f66/element - {"using":"xpath","value":"//table[contains(@id, \"listView-innerSelectionPanelTable-listUl\")]/tbody/tr[10]/td[2]/div"}
RESULT: {"using":"xpath","value":"//table[contains(@id, \"listView-innerSelectionPanelTable-listUl\")]/tbody/tr[10]/td[2]/div"}
COMMAND: POST /session/276af0ab14c8f1c47b44a918c5eb4f66/element - {"using":"xpath","value":"//table[contains(@id, \"listView-innerSelectionPanelTable-listUl\")]/tbody/tr[10]/td[3]/div/div/span/span[1]/bdi"}
RESULT: {"using":"xpath","value":"//table[contains(@id, \"listView-innerSelectionPanelTable-listUl\")]/tbody/tr[10]/td[3]/div/div/span/span[1]/bdi"}
COMMAND: POST /session/276af0ab14c8f1c47b44a918c5eb4f66/execute/sync - {"script":"<script> [56 bytes]","args":[{"element-6066-11e4-a52e-4f735466cecf":"f.5C77A6788F2F180DC89ED0F4DCB2CDCA.d.BB0BB3512281F3483302E5344791A15B.e.6670","ELEMENT":"f.5C77A6788F2F180DC89ED0F4DCB2CDCA.d.BB0BB3512281F3483302E5344791A15B.e.6670"}]}
RESULT: {"script":"<script> [56 bytes]","args":[{"element-6066-11e4-a52e-4f735466cecf":"f.5C77A6788F2F180DC89ED0F4DCB2CDCA.d.BB0BB3512281F3483302E5344791A15B.e.6670","ELEMENT":"f.5C77A6788F2F180DC89ED0F4DCB2CDCA.d.BB0BB3512281F3483302E5344791A15B.e.6670"}]}
COMMAND: GET /session/276af0ab14c8f1c47b44a918c5eb4f66/element/f.5C77A6788F2F180DC89ED0F4DCB2CDCA.d.BB0BB3512281F3483302E5344791A15B.e.6669/attribute/aria-checked - {}
COMMAND: GET /session/276af0ab14c8f1c47b44a918c5eb4f66/screenshot - {}
RESULT: {}
COMMAND: POST /session/276af0ab14c8f1c47b44a918c5eb4f66/element - {"using":"xpath","value":"//table[contains(@id, \"listView-innerSelectionPanelTable-listUl\")]/tbody/tr[11]/td[2]/div/div"}
RESULT: {}
RESULT: {"using":"xpath","value":"//table[contains(@id, \"listView-innerSelectionPanelTable-listUl\")]/tbody/tr[11]/td[2]/div/div"}
COMMAND: POST /session/276af0ab14c8f1c47b44a918c5eb4f66/element - {"using":"xpath","value":"//table[contains(@id, \"listView-innerSelectionPanelTable-listUl\")]/tbody/tr[11]/td[2]/div"}
RESULT: {"using":"xpath","value":"//table[contains(@id, \"listView-innerSelectionPanelTable-listUl\")]/tbody/tr[11]/td[2]/div"}
COMMAND: POST /session/276af0ab14c8f1c47b44a918c5eb4f66/element - {"using":"xpath","value":"//table[contains(@id, \"listView-innerSelectionPanelTable-listUl\")]/tbody/tr[11]/td[3]/div/div/span/span[1]/bdi"}
RESULT: {"using":"xpath","value":"//table[contains(@id, \"listView-innerSelectionPanelTable-listUl\")]/tbody/tr[11]/td[3]/div/div/span/span[1]/bdi"}
COMMAND: POST /session/276af0ab14c8f1c47b44a918c5eb4f66/execute/sync - {"script":"<script> [56 bytes]","args":[{"element-6066-11e4-a52e-4f735466cecf":"f.5C77A6788F2F180DC89ED0F4DCB2CDCA.d.BB0BB3512281F3483302E5344791A15B.e.6673","ELEMENT":"f.5C77A6788F2F180DC89ED0F4DCB2CDCA.d.BB0BB3512281F3483302E5344791A15B.e.6673"}]}
RESULT: {"script":"<script> [56 bytes]","args":[{"element-6066-11e4-a52e-4f735466cecf":"f.5C77A6788F2F180DC89ED0F4DCB2CDCA.d.BB0BB3512281F3483302E5344791A15B.e.6673","ELEMENT":"f.5C77A6788F2F180DC89ED0F4DCB2CDCA.d.BB0BB3512281F3483302E5344791A15B.e.6673"}]}
COMMAND: GET /session/276af0ab14c8f1c47b44a918c5eb4f66/element/f.5C77A6788F2F180DC89ED0F4DCB2CDCA.d.BB0BB3512281F3483302E5344791A15B.e.6672/attribute/aria-checked - {}
COMMAND: GET /session/276af0ab14c8f1c47b44a918c5eb4f66/screenshot - {}
RESULT: {}
COMMAND: POST /session/276af0ab14c8f1c47b44a918c5eb4f66/element - {"using":"xpath","value":"//table[contains(@id, \"listView-innerSelectionPanelTable-listUl\")]/tbody/tr[12]/td[2]/div/div"}
RESULT: {}
RESULT: {"using":"xpath","value":"//table[contains(@id, \"listView-innerSelectionPanelTable-listUl\")]/tbody/tr[12]/td[2]/div/div"}
COMMAND: POST /session/276af0ab14c8f1c47b44a918c5eb4f66/element - {"using":"xpath","value":"//table[contains(@id, \"listView-innerSelectionPanelTable-listUl\")]/tbody/tr[12]/td[2]/div"}
RESULT: {"using":"xpath","value":"//table[contains(@id, \"listView-innerSelectionPanelTable-listUl\")]/tbody/tr[12]/td[2]/div"}
COMMAND: POST /session/276af0ab14c8f1c47b44a918c5eb4f66/element - {"using":"xpath","value":"//table[contains(@id, \"listView-innerSelectionPanelTable-listUl\")]/tbody/tr[12]/td[3]/div/div/span/span[1]/bdi"}
RESULT: {"using":"xpath","value":"//table[contains(@id, \"listView-innerSelectionPanelTable-listUl\")]/tbody/tr[12]/td[3]/div/div/span/span[1]/bdi"}
COMMAND: POST /session/276af0ab14c8f1c47b44a918c5eb4f66/execute/sync - {"script":"<script> [56 bytes]","args":[{"element-6066-11e4-a52e-4f735466cecf":"f.5C77A6788F2F180DC89ED0F4DCB2CDCA.d.BB0BB3512281F3483302E5344791A15B.e.6676","ELEMENT":"f.5C77A6788F2F180DC89ED0F4DCB2CDCA.d.BB0BB3512281F3483302E5344791A15B.e.6676"}]}
RESULT: {"script":"<script> [56 bytes]","args":[{"element-6066-11e4-a52e-4f735466cecf":"f.5C77A6788F2F180DC89ED0F4DCB2CDCA.d.BB0BB3512281F3483302E5344791A15B.e.6676","ELEMENT":"f.5C77A6788F2F180DC89ED0F4DCB2CDCA.d.BB0BB3512281F3483302E5344791A15B.e.6676"}]}
COMMAND: GET /session/276af0ab14c8f1c47b44a918c5eb4f66/element/f.5C77A6788F2F180DC89ED0F4DCB2CDCA.d.BB0BB3512281F3483302E5344791A15B.e.6675/attribute/aria-checked - {}
COMMAND: GET /session/276af0ab14c8f1c47b44a918c5eb4f66/screenshot - {}
RESULT: {}
COMMAND: POST /session/276af0ab14c8f1c47b44a918c5eb4f66/element - {"using":"xpath","value":"//table[contains(@id, \"listView-innerSelectionPanelTable-listUl\")]/tbody/tr[13]/td[2]/div/div"}
RESULT: {}
RESULT: {"using":"xpath","value":"//table[contains(@id, \"listView-innerSelectionPanelTable-listUl\")]/tbody/tr[13]/td[2]/div/div"}
COMMAND: POST /session/276af0ab14c8f1c47b44a918c5eb4f66/element - {"using":"xpath","value":"//table[contains(@id, \"listView-innerSelectionPanelTable-listUl\")]/tbody/tr[13]/td[2]/div"}
RESULT: {"using":"xpath","value":"//table[contains(@id, \"listView-innerSelectionPanelTable-listUl\")]/tbody/tr[13]/td[2]/div"}
COMMAND: POST /session/276af0ab14c8f1c47b44a918c5eb4f66/element - {"using":"xpath","value":"//table[contains(@id, \"listView-innerSelectionPanelTable-listUl\")]/tbody/tr[13]/td[3]/div/div/span/span[1]/bdi"}
RESULT: {"using":"xpath","value":"//table[contains(@id, \"listView-innerSelectionPanelTable-listUl\")]/tbody/tr[13]/td[3]/div/div/span/span[1]/bdi"}
COMMAND: POST /session/276af0ab14c8f1c47b44a918c5eb4f66/execute/sync - {"script":"<script> [56 bytes]","args":[{"element-6066-11e4-a52e-4f735466cecf":"f.5C77A6788F2F180DC89ED0F4DCB2CDCA.d.BB0BB3512281F3483302E5344791A15B.e.6679","ELEMENT":"f.5C77A6788F2F180DC89ED0F4DCB2CDCA.d.BB0BB3512281F3483302E5344791A15B.e.6679"}]}
RESULT: {"script":"<script> [56 bytes]","args":[{"element-6066-11e4-a52e-4f735466cecf":"f.5C77A6788F2F180DC89ED0F4DCB2CDCA.d.BB0BB3512281F3483302E5344791A15B.e.6679","ELEMENT":"f.5C77A6788F2F180DC89ED0F4DCB2CDCA.d.BB0BB3512281F3483302E5344791A15B.e.6679"}]}
COMMAND: GET /session/276af0ab14c8f1c47b44a918c5eb4f66/element/f.5C77A6788F2F180DC89ED0F4DCB2CDCA.d.BB0BB3512281F3483302E5344791A15B.e.6678/attribute/aria-checked - {}
COMMAND: GET /session/276af0ab14c8f1c47b44a918c5eb4f66/screenshot - {}
RESULT: {}
COMMAND: POST /session/276af0ab14c8f1c47b44a918c5eb4f66/element - {"using":"xpath","value":"//table[contains(@id, \"listView-innerSelectionPanelTable-listUl\")]/tbody/tr[14]/td[2]/div/div"}
COMMAND: POST /session/276af0ab14c8f1c47b44a918c5eb4f66/element/f.5C77A6788F2F180DC89ED0F4DCB2CDCA.d.BB0BB3512281F3483302E5344791A15B.e.6677/click - {}
RESULT: {}
RESULT: {"using":"xpath","value":"//table[contains(@id, \"listView-innerSelectionPanelTable-listUl\")]/tbody/tr[14]/td[2]/div/div"}
COMMAND: POST /session/276af0ab14c8f1c47b44a918c5eb4f66/element - {"using":"xpath","value":"//table[contains(@id, \"listView-innerSelectionPanelTable-listUl\")]/tbody/tr[14]/td[2]/div"}
RESULT: {}
COMMAND: GET /session/276af0ab14c8f1c47b44a918c5eb4f66/screenshot - {}
RESULT: {"using":"xpath","value":"//table[contains(@id, \"listView-innerSelectionPanelTable-listUl\")]/tbody/tr[14]/td[2]/div"}
COMMAND: POST /session/276af0ab14c8f1c47b44a918c5eb4f66/element - {"using":"xpath","value":"//table[contains(@id, \"listView-innerSelectionPanelTable-listUl\")]/tbody/tr[14]/td[3]/div/div/span/span[1]/bdi"}
RESULT: {}
RESULT: {"using":"xpath","value":"//table[contains(@id, \"listView-innerSelectionPanelTable-listUl\")]/tbody/tr[14]/td[3]/div/div/span/span[1]/bdi"}
COMMAND: POST /session/276af0ab14c8f1c47b44a918c5eb4f66/execute/sync - {"script":"<script> [56 bytes]","args":[{"element-6066-11e4-a52e-4f735466cecf":"f.5C77A6788F2F180DC89ED0F4DCB2CDCA.d.BB0BB3512281F3483302E5344791A15B.e.6683","ELEMENT":"f.5C77A6788F2F180DC89ED0F4DCB2CDCA.d.BB0BB3512281F3483302E5344791A15B.e.6683"}]}
RESULT: {"script":"<script> [56 bytes]","args":[{"element-6066-11e4-a52e-4f735466cecf":"f.5C77A6788F2F180DC89ED0F4DCB2CDCA.d.BB0BB3512281F3483302E5344791A15B.e.6683","ELEMENT":"f.5C77A6788F2F180DC89ED0F4DCB2CDCA.d.BB0BB3512281F3483302E5344791A15B.e.6683"}]}
COMMAND: GET /session/276af0ab14c8f1c47b44a918c5eb4f66/element/f.5C77A6788F2F180DC89ED0F4DCB2CDCA.d.BB0BB3512281F3483302E5344791A15B.e.6682/attribute/aria-checked - {}
COMMAND: GET /session/276af0ab14c8f1c47b44a918c5eb4f66/screenshot - {}
RESULT: {}
COMMAND: POST /session/276af0ab14c8f1c47b44a918c5eb4f66/element - {"using":"xpath","value":"//table[contains(@id, \"listView-innerSelectionPanelTable-listUl\")]/tbody/tr[15]/td[2]/div/div"}
RESULT: {}
RESULT: {"using":"xpath","value":"//table[contains(@id, \"listView-innerSelectionPanelTable-listUl\")]/tbody/tr[15]/td[2]/div/div"}
COMMAND: POST /session/276af0ab14c8f1c47b44a918c5eb4f66/element - {"using":"xpath","value":"//table[contains(@id, \"listView-innerSelectionPanelTable-listUl\")]/tbody/tr[15]/td[2]/div"}
RESULT: {"using":"xpath","value":"//table[contains(@id, \"listView-innerSelectionPanelTable-listUl\")]/tbody/tr[15]/td[2]/div"}
COMMAND: POST /session/276af0ab14c8f1c47b44a918c5eb4f66/element - {"using":"xpath","value":"//table[contains(@id, \"listView-innerSelectionPanelTable-listUl\")]/tbody/tr[15]/td[3]/div/div/span/span[1]/bdi"}
RESULT: {"using":"xpath","value":"//table[contains(@id, \"listView-innerSelectionPanelTable-listUl\")]/tbody/tr[15]/td[3]/div/div/span/span[1]/bdi"}
COMMAND: POST /session/276af0ab14c8f1c47b44a918c5eb4f66/execute/sync - {"script":"<script> [56 bytes]","args":[{"element-6066-11e4-a52e-4f735466cecf":"f.5C77A6788F2F180DC89ED0F4DCB2CDCA.d.BB0BB3512281F3483302E5344791A15B.e.6686","ELEMENT":"f.5C77A6788F2F180DC89ED0F4DCB2CDCA.d.BB0BB3512281F3483302E5344791A15B.e.6686"}]}
RESULT: {"script":"<script> [56 bytes]","args":[{"element-6066-11e4-a52e-4f735466cecf":"f.5C77A6788F2F180DC89ED0F4DCB2CDCA.d.BB0BB3512281F3483302E5344791A15B.e.6686","ELEMENT":"f.5C77A6788F2F180DC89ED0F4DCB2CDCA.d.BB0BB3512281F3483302E5344791A15B.e.6686"}]}
COMMAND: GET /session/276af0ab14c8f1c47b44a918c5eb4f66/element/f.5C77A6788F2F180DC89ED0F4DCB2CDCA.d.BB0BB3512281F3483302E5344791A15B.e.6685/attribute/aria-checked - {}
COMMAND: GET /session/276af0ab14c8f1c47b44a918c5eb4f66/screenshot - {}
RESULT: {}
COMMAND: POST /session/276af0ab14c8f1c47b44a918c5eb4f66/element - {"using":"xpath","value":"//table[contains(@id, \"listView-innerSelectionPanelTable-listUl\")]/tbody/tr[16]/td[2]/div/div"}
RESULT: {}
RESULT: {"using":"xpath","value":"//table[contains(@id, \"listView-innerSelectionPanelTable-listUl\")]/tbody/tr[16]/td[2]/div/div"}
COMMAND: POST /session/276af0ab14c8f1c47b44a918c5eb4f66/element - {"using":"xpath","value":"//table[contains(@id, \"listView-innerSelectionPanelTable-listUl\")]/tbody/tr[16]/td[2]/div"}
RESULT: {"using":"xpath","value":"//table[contains(@id, \"listView-innerSelectionPanelTable-listUl\")]/tbody/tr[16]/td[2]/div"}
COMMAND: POST /session/276af0ab14c8f1c47b44a918c5eb4f66/element - {"using":"xpath","value":"//table[contains(@id, \"listView-innerSelectionPanelTable-listUl\")]/tbody/tr[16]/td[3]/div/div/span/span[1]/bdi"}
RESULT: {"using":"xpath","value":"//table[contains(@id, \"listView-innerSelectionPanelTable-listUl\")]/tbody/tr[16]/td[3]/div/div/span/span[1]/bdi"}
COMMAND: POST /session/276af0ab14c8f1c47b44a918c5eb4f66/execute/sync - {"script":"<script> [56 bytes]","args":[{"element-6066-11e4-a52e-4f735466cecf":"f.5C77A6788F2F180DC89ED0F4DCB2CDCA.d.BB0BB3512281F3483302E5344791A15B.e.6689","ELEMENT":"f.5C77A6788F2F180DC89ED0F4DCB2CDCA.d.BB0BB3512281F3483302E5344791A15B.e.6689"}]}
RESULT: {"script":"<script> [56 bytes]","args":[{"element-6066-11e4-a52e-4f735466cecf":"f.5C77A6788F2F180DC89ED0F4DCB2CDCA.d.BB0BB3512281F3483302E5344791A15B.e.6689","ELEMENT":"f.5C77A6788F2F180DC89ED0F4DCB2CDCA.d.BB0BB3512281F3483302E5344791A15B.e.6689"}]}
COMMAND: GET /session/276af0ab14c8f1c47b44a918c5eb4f66/element/f.5C77A6788F2F180DC89ED0F4DCB2CDCA.d.BB0BB3512281F3483302E5344791A15B.e.6688/attribute/aria-checked - {}
COMMAND: GET /session/276af0ab14c8f1c47b44a918c5eb4f66/screenshot - {}
RESULT: {}
COMMAND: POST /session/276af0ab14c8f1c47b44a918c5eb4f66/element - {"using":"xpath","value":"//table[contains(@id, \"listView-innerSelectionPanelTable-listUl\")]/tbody/tr[17]/td[2]/div/div"}
RESULT: {}
RESULT: {"using":"xpath","value":"//table[contains(@id, \"listView-innerSelectionPanelTable-listUl\")]/tbody/tr[17]/td[2]/div/div"}
COMMAND: POST /session/276af0ab14c8f1c47b44a918c5eb4f66/element - {"using":"xpath","value":"//table[contains(@id, \"listView-innerSelectionPanelTable-listUl\")]/tbody/tr[17]/td[2]/div"}
RESULT: {"using":"xpath","value":"//table[contains(@id, \"listView-innerSelectionPanelTable-listUl\")]/tbody/tr[17]/td[2]/div"}
COMMAND: POST /session/276af0ab14c8f1c47b44a918c5eb4f66/element - {"using":"xpath","value":"//table[contains(@id, \"listView-innerSelectionPanelTable-listUl\")]/tbody/tr[17]/td[3]/div/div/span/span[1]/bdi"}
RESULT: {"using":"xpath","value":"//table[contains(@id, \"listView-innerSelectionPanelTable-listUl\")]/tbody/tr[17]/td[3]/div/div/span/span[1]/bdi"}
COMMAND: POST /session/276af0ab14c8f1c47b44a918c5eb4f66/execute/sync - {"script":"<script> [56 bytes]","args":[{"element-6066-11e4-a52e-4f735466cecf":"f.5C77A6788F2F180DC89ED0F4DCB2CDCA.d.BB0BB3512281F3483302E5344791A15B.e.6692","ELEMENT":"f.5C77A6788F2F180DC89ED0F4DCB2CDCA.d.BB0BB3512281F3483302E5344791A15B.e.6692"}]}
RESULT: {"script":"<script> [56 bytes]","args":[{"element-6066-11e4-a52e-4f735466cecf":"f.5C77A6788F2F180DC89ED0F4DCB2CDCA.d.BB0BB3512281F3483302E5344791A15B.e.6692","ELEMENT":"f.5C77A6788F2F180DC89ED0F4DCB2CDCA.d.BB0BB3512281F3483302E5344791A15B.e.6692"}]}
COMMAND: GET /session/276af0ab14c8f1c47b44a918c5eb4f66/element/f.5C77A6788F2F180DC89ED0F4DCB2CDCA.d.BB0BB3512281F3483302E5344791A15B.e.6691/attribute/aria-checked - {}
COMMAND: GET /session/276af0ab14c8f1c47b44a918c5eb4f66/screenshot - {}
RESULT: {}
COMMAND: POST /session/276af0ab14c8f1c47b44a918c5eb4f66/element - {"using":"xpath","value":"//table[contains(@id, \"listView-innerSelectionPanelTable-listUl\")]/tbody/tr[18]/td[2]/div/div"}
RESULT: {}
RESULT: {"using":"xpath","value":"//table[contains(@id, \"listView-innerSelectionPanelTable-listUl\")]/tbody/tr[18]/td[2]/div/div"}
COMMAND: POST /session/276af0ab14c8f1c47b44a918c5eb4f66/element - {"using":"xpath","value":"//table[contains(@id, \"listView-innerSelectionPanelTable-listUl\")]/tbody/tr[18]/td[2]/div"}
RESULT: {"using":"xpath","value":"//table[contains(@id, \"listView-innerSelectionPanelTable-listUl\")]/tbody/tr[18]/td[2]/div"}
COMMAND: POST /session/276af0ab14c8f1c47b44a918c5eb4f66/element - {"using":"xpath","value":"//table[contains(@id, \"listView-innerSelectionPanelTable-listUl\")]/tbody/tr[18]/td[3]/div/div/span/span[1]/bdi"}
RESULT: {"using":"xpath","value":"//table[contains(@id, \"listView-innerSelectionPanelTable-listUl\")]/tbody/tr[18]/td[3]/div/div/span/span[1]/bdi"}
COMMAND: POST /session/276af0ab14c8f1c47b44a918c5eb4f66/execute/sync - {"script":"<script> [56 bytes]","args":[{"element-6066-11e4-a52e-4f735466cecf":"f.5C77A6788F2F180DC89ED0F4DCB2CDCA.d.BB0BB3512281F3483302E5344791A15B.e.6695","ELEMENT":"f.5C77A6788F2F180DC89ED0F4DCB2CDCA.d.BB0BB3512281F3483302E5344791A15B.e.6695"}]}
RESULT: {"script":"<script> [56 bytes]","args":[{"element-6066-11e4-a52e-4f735466cecf":"f.5C77A6788F2F180DC89ED0F4DCB2CDCA.d.BB0BB3512281F3483302E5344791A15B.e.6695","ELEMENT":"f.5C77A6788F2F180DC89ED0F4DCB2CDCA.d.BB0BB3512281F3483302E5344791A15B.e.6695"}]}
COMMAND: GET /session/276af0ab14c8f1c47b44a918c5eb4f66/element/f.5C77A6788F2F180DC89ED0F4DCB2CDCA.d.BB0BB3512281F3483302E5344791A15B.e.6694/attribute/aria-checked - {}
COMMAND: GET /session/276af0ab14c8f1c47b44a918c5eb4f66/screenshot - {}
RESULT: {}
COMMAND: POST /session/276af0ab14c8f1c47b44a918c5eb4f66/element - {"using":"xpath","value":"//table[contains(@id, \"listView-innerSelectionPanelTable-listUl\")]/tbody/tr[19]/td[2]/div/div"}
RESULT: {}
RESULT: {"using":"xpath","value":"//table[contains(@id, \"listView-innerSelectionPanelTable-listUl\")]/tbody/tr[19]/td[2]/div/div"}
COMMAND: POST /session/276af0ab14c8f1c47b44a918c5eb4f66/element - {"using":"xpath","value":"//table[contains(@id, \"listView-innerSelectionPanelTable-listUl\")]/tbody/tr[19]/td[2]/div"}
RESULT: {"using":"xpath","value":"//table[contains(@id, \"listView-innerSelectionPanelTable-listUl\")]/tbody/tr[19]/td[2]/div"}
COMMAND: POST /session/276af0ab14c8f1c47b44a918c5eb4f66/element - {"using":"xpath","value":"//table[contains(@id, \"listView-innerSelectionPanelTable-listUl\")]/tbody/tr[19]/td[3]/div/div/span/span[1]/bdi"}
RESULT: {"using":"xpath","value":"//table[contains(@id, \"listView-innerSelectionPanelTable-listUl\")]/tbody/tr[19]/td[3]/div/div/span/span[1]/bdi"}
COMMAND: POST /session/276af0ab14c8f1c47b44a918c5eb4f66/execute/sync - {"script":"<script> [56 bytes]","args":[{"element-6066-11e4-a52e-4f735466cecf":"f.5C77A6788F2F180DC89ED0F4DCB2CDCA.d.BB0BB3512281F3483302E5344791A15B.e.6698","ELEMENT":"f.5C77A6788F2F180DC89ED0F4DCB2CDCA.d.BB0BB3512281F3483302E5344791A15B.e.6698"}]}
RESULT: {"script":"<script> [56 bytes]","args":[{"element-6066-11e4-a52e-4f735466cecf":"f.5C77A6788F2F180DC89ED0F4DCB2CDCA.d.BB0BB3512281F3483302E5344791A15B.e.6698","ELEMENT":"f.5C77A6788F2F180DC89ED0F4DCB2CDCA.d.BB0BB3512281F3483302E5344791A15B.e.6698"}]}
COMMAND: GET /session/276af0ab14c8f1c47b44a918c5eb4f66/element/f.5C77A6788F2F180DC89ED0F4DCB2CDCA.d.BB0BB3512281F3483302E5344791A15B.e.6697/attribute/aria-checked - {}
COMMAND: GET /session/276af0ab14c8f1c47b44a918c5eb4f66/screenshot - {}
RESULT: {}
COMMAND: POST /session/276af0ab14c8f1c47b44a918c5eb4f66/element - {"using":"xpath","value":"//table[contains(@id, \"listView-innerSelectionPanelTable-listUl\")]/tbody/tr[20]/td[2]/div/div"}
RESULT: {}
RESULT: {"using":"xpath","value":"//table[contains(@id, \"listView-innerSelectionPanelTable-listUl\")]/tbody/tr[20]/td[2]/div/div"}
COMMAND: POST /session/276af0ab14c8f1c47b44a918c5eb4f66/element - {"using":"xpath","value":"//table[contains(@id, \"listView-innerSelectionPanelTable-listUl\")]/tbody/tr[20]/td[2]/div"}
RESULT: {"using":"xpath","value":"//table[contains(@id, \"listView-innerSelectionPanelTable-listUl\")]/tbody/tr[20]/td[2]/div"}
COMMAND: POST /session/276af0ab14c8f1c47b44a918c5eb4f66/element - {"using":"xpath","value":"//table[contains(@id, \"listView-innerSelectionPanelTable-listUl\")]/tbody/tr[20]/td[3]/div/div/span/span[1]/bdi"}
RESULT: {"using":"xpath","value":"//table[contains(@id, \"listView-innerSelectionPanelTable-listUl\")]/tbody/tr[20]/td[3]/div/div/span/span[1]/bdi"}
COMMAND: POST /session/276af0ab14c8f1c47b44a918c5eb4f66/execute/sync - {"script":"<script> [56 bytes]","args":[{"element-6066-11e4-a52e-4f735466cecf":"f.5C77A6788F2F180DC89ED0F4DCB2CDCA.d.BB0BB3512281F3483302E5344791A15B.e.6701","ELEMENT":"f.5C77A6788F2F180DC89ED0F4DCB2CDCA.d.BB0BB3512281F3483302E5344791A15B.e.6701"}]}
RESULT: {"script":"<script> [56 bytes]","args":[{"element-6066-11e4-a52e-4f735466cecf":"f.5C77A6788F2F180DC89ED0F4DCB2CDCA.d.BB0BB3512281F3483302E5344791A15B.e.6701","ELEMENT":"f.5C77A6788F2F180DC89ED0F4DCB2CDCA.d.BB0BB3512281F3483302E5344791A15B.e.6701"}]}
COMMAND: GET /session/276af0ab14c8f1c47b44a918c5eb4f66/element/f.5C77A6788F2F180DC89ED0F4DCB2CDCA.d.BB0BB3512281F3483302E5344791A15B.e.6700/attribute/aria-checked - {}
COMMAND: GET /session/276af0ab14c8f1c47b44a918c5eb4f66/screenshot - {}
RESULT: {}
COMMAND: POST /session/276af0ab14c8f1c47b44a918c5eb4f66/element - {"using":"xpath","value":"//table[contains(@id, \"listView-innerSelectionPanelTable-listUl\")]/tbody/tr[21]/td[2]/div/div"}
RESULT: {}
RESULT: {"using":"xpath","value":"//table[contains(@id, \"listView-innerSelectionPanelTable-listUl\")]/tbody/tr[21]/td[2]/div/div"}
COMMAND: POST /session/276af0ab14c8f1c47b44a918c5eb4f66/element - {"using":"xpath","value":"//table[contains(@id, \"listView-innerSelectionPanelTable-listUl\")]/tbody/tr[21]/td[2]/div"}
RESULT: {"using":"xpath","value":"//table[contains(@id, \"listView-innerSelectionPanelTable-listUl\")]/tbody/tr[21]/td[2]/div"}
COMMAND: POST /session/276af0ab14c8f1c47b44a918c5eb4f66/element - {"using":"xpath","value":"//table[contains(@id, \"listView-innerSelectionPanelTable-listUl\")]/tbody/tr[21]/td[3]/div/div/span/span[1]/bdi"}
RESULT: {"using":"xpath","value":"//table[contains(@id, \"listView-innerSelectionPanelTable-listUl\")]/tbody/tr[21]/td[3]/div/div/span/span[1]/bdi"}
COMMAND: POST /session/276af0ab14c8f1c47b44a918c5eb4f66/execute/sync - {"script":"<script> [56 bytes]","args":[{"element-6066-11e4-a52e-4f735466cecf":"f.5C77A6788F2F180DC89ED0F4DCB2CDCA.d.BB0BB3512281F3483302E5344791A15B.e.6704","ELEMENT":"f.5C77A6788F2F180DC89ED0F4DCB2CDCA.d.BB0BB3512281F3483302E5344791A15B.e.6704"}]}
RESULT: {"script":"<script> [56 bytes]","args":[{"element-6066-11e4-a52e-4f735466cecf":"f.5C77A6788F2F180DC89ED0F4DCB2CDCA.d.BB0BB3512281F3483302E5344791A15B.e.6704","ELEMENT":"f.5C77A6788F2F180DC89ED0F4DCB2CDCA.d.BB0BB3512281F3483302E5344791A15B.e.6704"}]}
COMMAND: GET /session/276af0ab14c8f1c47b44a918c5eb4f66/element/f.5C77A6788F2F180DC89ED0F4DCB2CDCA.d.BB0BB3512281F3483302E5344791A15B.e.6703/attribute/aria-checked - {}
COMMAND: GET /session/276af0ab14c8f1c47b44a918c5eb4f66/screenshot - {}
RESULT: {}
COMMAND: POST /session/276af0ab14c8f1c47b44a918c5eb4f66/element - {"using":"xpath","value":"//table[contains(@id, \"listView-innerSelectionPanelTable-listUl\")]/tbody/tr[22]/td[2]/div/div"}
RESULT: {}
RESULT: {"using":"xpath","value":"//table[contains(@id, \"listView-innerSelectionPanelTable-listUl\")]/tbody/tr[22]/td[2]/div/div"}
COMMAND: POST /session/276af0ab14c8f1c47b44a918c5eb4f66/element - {"using":"xpath","value":"//table[contains(@id, \"listView-innerSelectionPanelTable-listUl\")]/tbody/tr[22]/td[2]/div"}
RESULT: {"using":"xpath","value":"//table[contains(@id, \"listView-innerSelectionPanelTable-listUl\")]/tbody/tr[22]/td[2]/div"}
COMMAND: POST /session/276af0ab14c8f1c47b44a918c5eb4f66/element - {"using":"xpath","value":"//table[contains(@id, \"listView-innerSelectionPanelTable-listUl\")]/tbody/tr[22]/td[3]/div/div/span/span[1]/bdi"}
RESULT: {"using":"xpath","value":"//table[contains(@id, \"listView-innerSelectionPanelTable-listUl\")]/tbody/tr[22]/td[3]/div/div/span/span[1]/bdi"}
COMMAND: POST /session/276af0ab14c8f1c47b44a918c5eb4f66/execute/sync - {"script":"<script> [56 bytes]","args":[{"element-6066-11e4-a52e-4f735466cecf":"f.5C77A6788F2F180DC89ED0F4DCB2CDCA.d.BB0BB3512281F3483302E5344791A15B.e.6707","ELEMENT":"f.5C77A6788F2F180DC89ED0F4DCB2CDCA.d.BB0BB3512281F3483302E5344791A15B.e.6707"}]}
RESULT: {"script":"<script> [56 bytes]","args":[{"element-6066-11e4-a52e-4f735466cecf":"f.5C77A6788F2F180DC89ED0F4DCB2CDCA.d.BB0BB3512281F3483302E5344791A15B.e.6707","ELEMENT":"f.5C77A6788F2F180DC89ED0F4DCB2CDCA.d.BB0BB3512281F3483302E5344791A15B.e.6707"}]}
COMMAND: GET /session/276af0ab14c8f1c47b44a918c5eb4f66/element/f.5C77A6788F2F180DC89ED0F4DCB2CDCA.d.BB0BB3512281F3483302E5344791A15B.e.6706/attribute/aria-checked - {}
COMMAND: GET /session/276af0ab14c8f1c47b44a918c5eb4f66/screenshot - {}
RESULT: {}
COMMAND: POST /session/276af0ab14c8f1c47b44a918c5eb4f66/element - {"using":"xpath","value":"//table[contains(@id, \"listView-innerSelectionPanelTable-listUl\")]/tbody/tr[23]/td[2]/div/div"}
RESULT: {}
RESULT: {"using":"xpath","value":"//table[contains(@id, \"listView-innerSelectionPanelTable-listUl\")]/tbody/tr[23]/td[2]/div/div"}
COMMAND: POST /session/276af0ab14c8f1c47b44a918c5eb4f66/element - {"using":"xpath","value":"//table[contains(@id, \"listView-innerSelectionPanelTable-listUl\")]/tbody/tr[23]/td[2]/div"}
RESULT: {"using":"xpath","value":"//table[contains(@id, \"listView-innerSelectionPanelTable-listUl\")]/tbody/tr[23]/td[2]/div"}
COMMAND: POST /session/276af0ab14c8f1c47b44a918c5eb4f66/element - {"using":"xpath","value":"//table[contains(@id, \"listView-innerSelectionPanelTable-listUl\")]/tbody/tr[23]/td[3]/div/div/span/span[1]/bdi"}
RESULT: {"using":"xpath","value":"//table[contains(@id, \"listView-innerSelectionPanelTable-listUl\")]/tbody/tr[23]/td[3]/div/div/span/span[1]/bdi"}
COMMAND: POST /session/276af0ab14c8f1c47b44a918c5eb4f66/execute/sync - {"script":"<script> [56 bytes]","args":[{"element-6066-11e4-a52e-4f735466cecf":"f.5C77A6788F2F180DC89ED0F4DCB2CDCA.d.BB0BB3512281F3483302E5344791A15B.e.6710","ELEMENT":"f.5C77A6788F2F180DC89ED0F4DCB2CDCA.d.BB0BB3512281F3483302E5344791A15B.e.6710"}]}
RESULT: {"script":"<script> [56 bytes]","args":[{"element-6066-11e4-a52e-4f735466cecf":"f.5C77A6788F2F180DC89ED0F4DCB2CDCA.d.BB0BB3512281F3483302E5344791A15B.e.6710","ELEMENT":"f.5C77A6788F2F180DC89ED0F4DCB2CDCA.d.BB0BB3512281F3483302E5344791A15B.e.6710"}]}
COMMAND: GET /session/276af0ab14c8f1c47b44a918c5eb4f66/element/f.5C77A6788F2F180DC89ED0F4DCB2CDCA.d.BB0BB3512281F3483302E5344791A15B.e.6709/attribute/aria-checked - {}
COMMAND: GET /session/276af0ab14c8f1c47b44a918c5eb4f66/screenshot - {}
RESULT: {}
COMMAND: POST /session/276af0ab14c8f1c47b44a918c5eb4f66/element - {"using":"xpath","value":"//table[contains(@id, \"listView-innerSelectionPanelTable-listUl\")]/tbody/tr[24]/td[2]/div/div"}
RESULT: {}
RESULT: {"using":"xpath","value":"//table[contains(@id, \"listView-innerSelectionPanelTable-listUl\")]/tbody/tr[24]/td[2]/div/div"}
COMMAND: POST /session/276af0ab14c8f1c47b44a918c5eb4f66/element - {"using":"xpath","value":"//table[contains(@id, \"listView-innerSelectionPanelTable-listUl\")]/tbody/tr[24]/td[2]/div"}
RESULT: {"using":"xpath","value":"//table[contains(@id, \"listView-innerSelectionPanelTable-listUl\")]/tbody/tr[24]/td[2]/div"}
COMMAND: POST /session/276af0ab14c8f1c47b44a918c5eb4f66/element - {"using":"xpath","value":"//table[contains(@id, \"listView-innerSelectionPanelTable-listUl\")]/tbody/tr[24]/td[3]/div/div/span/span[1]/bdi"}
RESULT: {"using":"xpath","value":"//table[contains(@id, \"listView-innerSelectionPanelTable-listUl\")]/tbody/tr[24]/td[3]/div/div/span/span[1]/bdi"}
COMMAND: POST /session/276af0ab14c8f1c47b44a918c5eb4f66/execute/sync - {"script":"<script> [56 bytes]","args":[{"element-6066-11e4-a52e-4f735466cecf":"f.5C77A6788F2F180DC89ED0F4DCB2CDCA.d.BB0BB3512281F3483302E5344791A15B.e.6713","ELEMENT":"f.5C77A6788F2F180DC89ED0F4DCB2CDCA.d.BB0BB3512281F3483302E5344791A15B.e.6713"}]}
RESULT: {"script":"<script> [56 bytes]","args":[{"element-6066-11e4-a52e-4f735466cecf":"f.5C77A6788F2F180DC89ED0F4DCB2CDCA.d.BB0BB3512281F3483302E5344791A15B.e.6713","ELEMENT":"f.5C77A6788F2F180DC89ED0F4DCB2CDCA.d.BB0BB3512281F3483302E5344791A15B.e.6713"}]}
COMMAND: GET /session/276af0ab14c8f1c47b44a918c5eb4f66/element/f.5C77A6788F2F180DC89ED0F4DCB2CDCA.d.BB0BB3512281F3483302E5344791A15B.e.6712/attribute/aria-checked - {}
COMMAND: GET /session/276af0ab14c8f1c47b44a918c5eb4f66/screenshot - {}
RESULT: {}
COMMAND: POST /session/276af0ab14c8f1c47b44a918c5eb4f66/element - {"using":"xpath","value":"//table[contains(@id, \"listView-innerSelectionPanelTable-listUl\")]/tbody/tr[25]/td[2]/div/div"}
RESULT: {}
RESULT: {"using":"xpath","value":"//table[contains(@id, \"listView-innerSelectionPanelTable-listUl\")]/tbody/tr[25]/td[2]/div/div"}
COMMAND: POST /session/276af0ab14c8f1c47b44a918c5eb4f66/element - {"using":"xpath","value":"//table[contains(@id, \"listView-innerSelectionPanelTable-listUl\")]/tbody/tr[25]/td[2]/div"}
RESULT: {"using":"xpath","value":"//table[contains(@id, \"listView-innerSelectionPanelTable-listUl\")]/tbody/tr[25]/td[2]/div"}
COMMAND: POST /session/276af0ab14c8f1c47b44a918c5eb4f66/element - {"using":"xpath","value":"//table[contains(@id, \"listView-innerSelectionPanelTable-listUl\")]/tbody/tr[25]/td[3]/div/div/span/span[1]/bdi"}
RESULT: {"using":"xpath","value":"//table[contains(@id, \"listView-innerSelectionPanelTable-listUl\")]/tbody/tr[25]/td[3]/div/div/span/span[1]/bdi"}
COMMAND: POST /session/276af0ab14c8f1c47b44a918c5eb4f66/execute/sync - {"script":"<script> [56 bytes]","args":[{"element-6066-11e4-a52e-4f735466cecf":"f.5C77A6788F2F180DC89ED0F4DCB2CDCA.d.BB0BB3512281F3483302E5344791A15B.e.6716","ELEMENT":"f.5C77A6788F2F180DC89ED0F4DCB2CDCA.d.BB0BB3512281F3483302E5344791A15B.e.6716"}]}
RESULT: {"script":"<script> [56 bytes]","args":[{"element-6066-11e4-a52e-4f735466cecf":"f.5C77A6788F2F180DC89ED0F4DCB2CDCA.d.BB0BB3512281F3483302E5344791A15B.e.6716","ELEMENT":"f.5C77A6788F2F180DC89ED0F4DCB2CDCA.d.BB0BB3512281F3483302E5344791A15B.e.6716"}]}
COMMAND: GET /session/276af0ab14c8f1c47b44a918c5eb4f66/element/f.5C77A6788F2F180DC89ED0F4DCB2CDCA.d.BB0BB3512281F3483302E5344791A15B.e.6715/attribute/aria-checked - {}
COMMAND: GET /session/276af0ab14c8f1c47b44a918c5eb4f66/screenshot - {}
RESULT: {}
COMMAND: POST /session/276af0ab14c8f1c47b44a918c5eb4f66/element - {"using":"xpath","value":"//bdi[contains(text(), \"OK\")]"}
RESULT: {}
RESULT: {"using":"xpath","value":"//bdi[contains(text(), \"OK\")]"}
COMMAND: POST /session/276af0ab14c8f1c47b44a918c5eb4f66/element/f.5C77A6788F2F180DC89ED0F4DCB2CDCA.d.BB0BB3512281F3483302E5344791A15B.e.6717/click - {}
RESULT: {}
COMMAND: GET /session/276af0ab14c8f1c47b44a918c5eb4f66/screenshot - {}
RESULT: {}
COMMAND: POST /session/276af0ab14c8f1c47b44a918c5eb4f66/execute/async - {"script":"<script> [1562 bytes]","args":[{"selector":{"id":"application-managepartners-display-component---masterPtm--smartFilterBar-filterItemControlA_-LINK_TO_ADDRESSES_MAIN.CITY1-vhi"},"wdio_ui5_key":"applicationmanagepartners-display-component---masterPtm--smartFilterBar-filterItemControlA_-LINK_TO_ADDRESSES_MAIN.CITY1-vhi"}]}
RESULT: {"script":"<script> [1562 bytes]","args":[{"selector":{"id":"application-managepartners-display-component---masterPtm--smartFilterBar-filterItemControlA_-LINK_TO_ADDRESSES_MAIN.CITY1-vhi"},"wdio_ui5_key":"applicationmanagepartners-display-component---masterPtm--smartFilterBar-filterItemControlA_-LINK_TO_ADDRESSES_MAIN.CITY1-vhi"}]}
RESULT: undefined
COMMAND: POST /session/276af0ab14c8f1c47b44a918c5eb4f66/element - {"using":"xpath","value":"//*[@id=\"application-managepartners-display-component---masterPtm--smartFilterBar-filterItemControlA_-LINK_TO_ADDRESSES_MAIN.CITY1-vhi\"]"}
RESULT: {"using":"xpath","value":"//*[@id=\"application-managepartners-display-component---masterPtm--smartFilterBar-filterItemControlA_-LINK_TO_ADDRESSES_MAIN.CITY1-vhi\"]"}
COMMAND: POST /session/276af0ab14c8f1c47b44a918c5eb4f66/element/f.5C77A6788F2F180DC89ED0F4DCB2CDCA.d.BB0BB3512281F3483302E5344791A15B.e.6731/click - {}
RESULT: {}
COMMAND: GET /session/276af0ab14c8f1c47b44a918c5eb4f66/screenshot - {}
RESULT: {}
COMMAND: POST /session/276af0ab14c8f1c47b44a918c5eb4f66/execute/async - {"script":"<script> [1562 bytes]","args":[{"selector":{"controlType":"sap.m.Input","viewName":"etm.portal.ui.managepartners.view.Master","viewId":"application-managepartners-display-component---masterPtm","properties":{"valueState":"None"},"searchOpenDialogs":true,"interaction":{"idSuffix":"inner"}},"wdio_ui5_key":"etmportal.ui.managepartners.view.Mastersap.m.Input{\"valueState\":\"None\"}"}]}
RESULT: {"script":"<script> [1562 bytes]","args":[{"selector":{"controlType":"sap.m.Input","viewName":"etm.portal.ui.managepartners.view.Master","viewId":"application-managepartners-display-component---masterPtm","properties":{"valueState":"None"},"searchOpenDialogs":true,"interaction":{"idSuffix":"inner"}},"wdio_ui5_key":"etmportal.ui.managepartners.view.Mastersap.m.Input{\"valueState\":\"None\"}"}]}
RESULT: undefined
COMMAND: POST /session/276af0ab14c8f1c47b44a918c5eb4f66/execute/async - {"script":"<script> [776 bytes]","args":[{"enterText":"Bangalore","selector":{"controlType":"sap.m.Input","viewName":"etm.portal.ui.managepartners.view.Master","viewId":"application-managepartners-display-component---masterPtm","properties":{"valueState":"None"},"searchOpenDialogs":true,"interaction":{"idSuffix":"inner"}},"clearTextFirst":true,"interactionType":"ENTER_TEXT"}]}
RESULT: {"script":"<script> [776 bytes]","args":[{"enterText":"Bangalore","selector":{"controlType":"sap.m.Input","viewName":"etm.portal.ui.managepartners.view.Master","viewId":"application-managepartners-display-component---masterPtm","properties":{"valueState":"None"},"searchOpenDialogs":true,"interaction":{"idSuffix":"inner"}},"clearTextFirst":true,"interactionType":"ENTER_TEXT"}]}
COMMAND: POST /session/276af0ab14c8f1c47b44a918c5eb4f66/actions - {"actions":[{"id":"action23","type":"key","parameters":{},"actions":[{"type":"keyDown","value":""},{"type":"pause","duration":10},{"type":"keyUp","value":""}]}]}
RESULT: {"actions":[{"id":"action23","type":"key","parameters":{},"actions":[{"type":"keyDown","value":""},{"type":"pause","duration":10},{"type":"keyUp","value":""}]}]}
COMMAND: GET /session/276af0ab14c8f1c47b44a918c5eb4f66/screenshot - {}
RESULT: {}
COMMAND: POST /session/276af0ab14c8f1c47b44a918c5eb4f66/element - {"using":"xpath","value":"(//bdi[contains(text(), \"OK\")])[1]"}
RESULT: {"using":"xpath","value":"(//bdi[contains(text(), \"OK\")])[1]"}
COMMAND: POST /session/276af0ab14c8f1c47b44a918c5eb4f66/element/f.5C77A6788F2F180DC89ED0F4DCB2CDCA.d.BB0BB3512281F3483302E5344791A15B.e.6737/click - {}
RESULT: {}
COMMAND: GET /session/276af0ab14c8f1c47b44a918c5eb4f66/screenshot - {}
RESULT: {}
COMMAND: POST /session/276af0ab14c8f1c47b44a918c5eb4f66/element - {"using":"xpath","value":"//span[@id=\"application-managepartners-display-component---masterPtm--smartTable-header-inner\"]"}
RESULT: {"using":"xpath","value":"//span[@id=\"application-managepartners-display-component---masterPtm--smartTable-header-inner\"]"}
COMMAND: POST /session/276af0ab14c8f1c47b44a918c5eb4f66/elements - {"using":"xpath","value":"//span[@id=\"application-managepartners-display-component---masterPtm--smartTable-header-inner\"]"}
RESULT: {"using":"xpath","value":"//span[@id=\"application-managepartners-display-component---masterPtm--smartTable-header-inner\"]"}
COMMAND: POST /session/276af0ab14c8f1c47b44a918c5eb4f66/execute/sync - {"script":"<script> [56 bytes]","args":[{"element-6066-11e4-a52e-4f735466cecf":"f.5C77A6788F2F180DC89ED0F4DCB2CDCA.d.BB0BB3512281F3483302E5344791A15B.e.5841","ELEMENT":"f.5C77A6788F2F180DC89ED0F4DCB2CDCA.d.BB0BB3512281F3483302E5344791A15B.e.5841"}]}
RESULT: {"script":"<script> [56 bytes]","args":[{"element-6066-11e4-a52e-4f735466cecf":"f.5C77A6788F2F180DC89ED0F4DCB2CDCA.d.BB0BB3512281F3483302E5344791A15B.e.5841","ELEMENT":"f.5C77A6788F2F180DC89ED0F4DCB2CDCA.d.BB0BB3512281F3483302E5344791A15B.e.5841"}]}
COMMAND: POST /session/276af0ab14c8f1c47b44a918c5eb4f66/element - {"using":"xpath","value":"//span[contains(@title, \"Remove\")]"}
COMMAND: GET /session/276af0ab14c8f1c47b44a918c5eb4f66/screenshot - {}
RESULT: {"using":"xpath","value":"//span[contains(@title, \"Remove\")]"}
COMMAND: POST /session/276af0ab14c8f1c47b44a918c5eb4f66/element/f.5C77A6788F2F180DC89ED0F4DCB2CDCA.d.BB0BB3512281F3483302E5344791A15B.e.6871/click - {}
RESULT: {}
RESULT: {}
COMMAND: GET /session/276af0ab14c8f1c47b44a918c5eb4f66/screenshot - {}
RESULT: {}
COMMAND: POST /session/276af0ab14c8f1c47b44a918c5eb4f66/element - {"using":"xpath","value":"//span[@id=\"application-managepartners-display-component---masterPtm--smartTable-header-inner\"]"}
RESULT: {"using":"xpath","value":"//span[@id=\"application-managepartners-display-component---masterPtm--smartTable-header-inner\"]"}
COMMAND: POST /session/276af0ab14c8f1c47b44a918c5eb4f66/elements - {"using":"xpath","value":"//span[@id=\"application-managepartners-display-component---masterPtm--smartTable-header-inner\"]"}
RESULT: {"using":"xpath","value":"//span[@id=\"application-managepartners-display-component---masterPtm--smartTable-header-inner\"]"}
COMMAND: POST /session/276af0ab14c8f1c47b44a918c5eb4f66/execute/sync - {"script":"<script> [56 bytes]","args":[{"element-6066-11e4-a52e-4f735466cecf":"f.5C77A6788F2F180DC89ED0F4DCB2CDCA.d.BB0BB3512281F3483302E5344791A15B.e.5841","ELEMENT":"f.5C77A6788F2F180DC89ED0F4DCB2CDCA.d.BB0BB3512281F3483302E5344791A15B.e.5841"}]}
RESULT: {"script":"<script> [56 bytes]","args":[{"element-6066-11e4-a52e-4f735466cecf":"f.5C77A6788F2F180DC89ED0F4DCB2CDCA.d.BB0BB3512281F3483302E5344791A15B.e.5841","ELEMENT":"f.5C77A6788F2F180DC89ED0F4DCB2CDCA.d.BB0BB3512281F3483302E5344791A15B.e.5841"}]}
COMMAND: POST /session/276af0ab14c8f1c47b44a918c5eb4f66/element - {"using":"css selector","value":"#shell-header-logo"}
COMMAND: GET /session/276af0ab14c8f1c47b44a918c5eb4f66/screenshot - {}
RESULT: {"using":"css selector","value":"#shell-header-logo"}
COMMAND: POST /session/276af0ab14c8f1c47b44a918c5eb4f66/element/f.5C77A6788F2F180DC89ED0F4DCB2CDCA.d.BB0BB3512281F3483302E5344791A15B.e.5673/click - {}
RESULT: {}
RESULT: {}
COMMAND: GET /session/276af0ab14c8f1c47b44a918c5eb4f66/screenshot - {}
RESULT: {}
]]></system-out>
    </testcase>
    <testcase classname="chrome.135_0_7049_42.windows.Partner_specific_tests_US150819_US151080_US151654_US151176_US103444_US151078_US151079_US151109_US151174_US151175_US151189" name="Should try to save empty partner US151174" time="38.714">
      <system-out><![CDATA[
COMMAND: POST /session/276af0ab14c8f1c47b44a918c5eb4f66/element - {"using":"xpath","value":"//li[.//span[text()=\"Manage Partners\"]]"}
RESULT: {"using":"xpath","value":"//li[.//span[text()=\"Manage Partners\"]]"}
COMMAND: POST /session/276af0ab14c8f1c47b44a918c5eb4f66/element - {"using":"xpath","value":"//li[.//span[text()=\"Manage Partners\"]]"}
RESULT: {"using":"xpath","value":"//li[.//span[text()=\"Manage Partners\"]]"}
COMMAND: POST /session/276af0ab14c8f1c47b44a918c5eb4f66/element - {"using":"css selector","value":"#shell-header-logo"}
RESULT: {"using":"css selector","value":"#shell-header-logo"}
COMMAND: POST /session/276af0ab14c8f1c47b44a918c5eb4f66/element/f.5C77A6788F2F180DC89ED0F4DCB2CDCA.d.BB0BB3512281F3483302E5344791A15B.e.6960/click - {}
COMMAND: POST /session/276af0ab14c8f1c47b44a918c5eb4f66/execute/sync - {"script":"<script> [8489 bytes]","args":[{"element-6066-11e4-a52e-4f735466cecf":"f.5C77A6788F2F180DC89ED0F4DCB2CDCA.d.BB0BB3512281F3483302E5344791A15B.e.6960","ELEMENT":"f.5C77A6788F2F180DC89ED0F4DCB2CDCA.d.BB0BB3512281F3483302E5344791A15B.e.6960"}]}
RESULT: {"script":"<script> [8489 bytes]","args":[{"element-6066-11e4-a52e-4f735466cecf":"f.5C77A6788F2F180DC89ED0F4DCB2CDCA.d.BB0BB3512281F3483302E5344791A15B.e.6960","ELEMENT":"f.5C77A6788F2F180DC89ED0F4DCB2CDCA.d.BB0BB3512281F3483302E5344791A15B.e.6960"}]}
COMMAND: POST /session/276af0ab14c8f1c47b44a918c5eb4f66/execute/sync - {"script":"<script> [5351 bytes]","args":[{"element-6066-11e4-a52e-4f735466cecf":"f.5C77A6788F2F180DC89ED0F4DCB2CDCA.d.BB0BB3512281F3483302E5344791A15B.e.6960","ELEMENT":"f.5C77A6788F2F180DC89ED0F4DCB2CDCA.d.BB0BB3512281F3483302E5344791A15B.e.6960"}]}
COMMAND: GET /session/276af0ab14c8f1c47b44a918c5eb4f66/screenshot - {}
RESULT: {}
COMMAND: GET /session/276af0ab14c8f1c47b44a918c5eb4f66/screenshot - {}
RESULT: {"script":"<script> [5351 bytes]","args":[{"element-6066-11e4-a52e-4f735466cecf":"f.5C77A6788F2F180DC89ED0F4DCB2CDCA.d.BB0BB3512281F3483302E5344791A15B.e.6960","ELEMENT":"f.5C77A6788F2F180DC89ED0F4DCB2CDCA.d.BB0BB3512281F3483302E5344791A15B.e.6960"}]}
COMMAND: GET /session/276af0ab14c8f1c47b44a918c5eb4f66/screenshot - {}
RESULT: {}
RESULT: {}
RESULT: {}
RESULT: undefined
COMMAND: POST /session/276af0ab14c8f1c47b44a918c5eb4f66/element - {"using":"xpath","value":"//*[@id=\"__tile30\"]"}
RESULT: {"using":"xpath","value":"//*[@id=\"__tile30\"]"}
COMMAND: POST /session/276af0ab14c8f1c47b44a918c5eb4f66/element/f.5C77A6788F2F180DC89ED0F4DCB2CDCA.d.BB0BB3512281F3483302E5344791A15B.e.4360/click - {}
RESULT: {}
COMMAND: POST /session/276af0ab14c8f1c47b44a918c5eb4f66/element - {"using":"xpath","value":"//button[@data-kt=\"addButton\"]"}
COMMAND: GET /session/276af0ab14c8f1c47b44a918c5eb4f66/screenshot - {}
RESULT: {"using":"xpath","value":"//button[@data-kt=\"addButton\"]"}
COMMAND: POST /session/276af0ab14c8f1c47b44a918c5eb4f66/elements - {"using":"xpath","value":"//button[@data-kt=\"addButton\"]"}
RESULT: {}
RESULT: {"using":"xpath","value":"//button[@data-kt=\"addButton\"]"}
COMMAND: POST /session/276af0ab14c8f1c47b44a918c5eb4f66/elements - {"using":"xpath","value":"//button[@data-kt=\"addButton\"]"}
RESULT: {"using":"xpath","value":"//button[@data-kt=\"addButton\"]"}
COMMAND: POST /session/276af0ab14c8f1c47b44a918c5eb4f66/element - {"using":"xpath","value":"//button[@data-kt=\"addButton\"]"}
RESULT: {"using":"xpath","value":"//button[@data-kt=\"addButton\"]"}
COMMAND: POST /session/276af0ab14c8f1c47b44a918c5eb4f66/execute/sync - {"script":"<script> [8489 bytes]","args":[{"element-6066-11e4-a52e-4f735466cecf":"f.5C77A6788F2F180DC89ED0F4DCB2CDCA.d.BB0BB3512281F3483302E5344791A15B.e.6994","ELEMENT":"f.5C77A6788F2F180DC89ED0F4DCB2CDCA.d.BB0BB3512281F3483302E5344791A15B.e.6994"}]}
RESULT: {"script":"<script> [8489 bytes]","args":[{"element-6066-11e4-a52e-4f735466cecf":"f.5C77A6788F2F180DC89ED0F4DCB2CDCA.d.BB0BB3512281F3483302E5344791A15B.e.6994","ELEMENT":"f.5C77A6788F2F180DC89ED0F4DCB2CDCA.d.BB0BB3512281F3483302E5344791A15B.e.6994"}]}
COMMAND: GET /session/276af0ab14c8f1c47b44a918c5eb4f66/element/f.5C77A6788F2F180DC89ED0F4DCB2CDCA.d.BB0BB3512281F3483302E5344791A15B.e.6994/enabled - {}
COMMAND: GET /session/276af0ab14c8f1c47b44a918c5eb4f66/screenshot - {}
RESULT: {}
COMMAND: POST /session/276af0ab14c8f1c47b44a918c5eb4f66/execute/sync - {"script":"<script> [8489 bytes]","args":[{"element-6066-11e4-a52e-4f735466cecf":"f.5C77A6788F2F180DC89ED0F4DCB2CDCA.d.BB0BB3512281F3483302E5344791A15B.e.6994","ELEMENT":"f.5C77A6788F2F180DC89ED0F4DCB2CDCA.d.BB0BB3512281F3483302E5344791A15B.e.6994"}]}
COMMAND: GET /session/276af0ab14c8f1c47b44a918c5eb4f66/screenshot - {}
RESULT: {}
RESULT: {"script":"<script> [8489 bytes]","args":[{"element-6066-11e4-a52e-4f735466cecf":"f.5C77A6788F2F180DC89ED0F4DCB2CDCA.d.BB0BB3512281F3483302E5344791A15B.e.6994","ELEMENT":"f.5C77A6788F2F180DC89ED0F4DCB2CDCA.d.BB0BB3512281F3483302E5344791A15B.e.6994"}]}
COMMAND: POST /session/276af0ab14c8f1c47b44a918c5eb4f66/execute/sync - {"script":"<script> [5351 bytes]","args":[{"element-6066-11e4-a52e-4f735466cecf":"f.5C77A6788F2F180DC89ED0F4DCB2CDCA.d.BB0BB3512281F3483302E5344791A15B.e.6994","ELEMENT":"f.5C77A6788F2F180DC89ED0F4DCB2CDCA.d.BB0BB3512281F3483302E5344791A15B.e.6994"}]}
COMMAND: GET /session/276af0ab14c8f1c47b44a918c5eb4f66/screenshot - {}
RESULT: {}
RESULT: {"script":"<script> [5351 bytes]","args":[{"element-6066-11e4-a52e-4f735466cecf":"f.5C77A6788F2F180DC89ED0F4DCB2CDCA.d.BB0BB3512281F3483302E5344791A15B.e.6994","ELEMENT":"f.5C77A6788F2F180DC89ED0F4DCB2CDCA.d.BB0BB3512281F3483302E5344791A15B.e.6994"}]}
COMMAND: POST /session/276af0ab14c8f1c47b44a918c5eb4f66/element/f.5C77A6788F2F180DC89ED0F4DCB2CDCA.d.BB0BB3512281F3483302E5344791A15B.e.6994/click - {}
COMMAND: GET /session/276af0ab14c8f1c47b44a918c5eb4f66/screenshot - {}
RESULT: {}
RESULT: {}
COMMAND: GET /session/276af0ab14c8f1c47b44a918c5eb4f66/screenshot - {}
RESULT: {}
RESULT: {}
COMMAND: POST /session/276af0ab14c8f1c47b44a918c5eb4f66/element - {"using":"xpath","value":"//button[@data-kt=\"saveButton\"]"}
RESULT: {"using":"xpath","value":"//button[@data-kt=\"saveButton\"]"}
COMMAND: POST /session/276af0ab14c8f1c47b44a918c5eb4f66/element/f.5C77A6788F2F180DC89ED0F4DCB2CDCA.d.BB0BB3512281F3483302E5344791A15B.e.7362/click - {}
RESULT: {}
COMMAND: GET /session/276af0ab14c8f1c47b44a918c5eb4f66/screenshot - {}
RESULT: {}
COMMAND: POST /session/276af0ab14c8f1c47b44a918c5eb4f66/element - {"using":"xpath","value":"//span[contains(@class, \"sapMMsgBoxText\")]"}
RESULT: {"using":"xpath","value":"//span[contains(@class, \"sapMMsgBoxText\")]"}
COMMAND: POST /session/276af0ab14c8f1c47b44a918c5eb4f66/execute/sync - {"script":"<script> [56 bytes]","args":[{"element-6066-11e4-a52e-4f735466cecf":"f.5C77A6788F2F180DC89ED0F4DCB2CDCA.d.BB0BB3512281F3483302E5344791A15B.e.7449","ELEMENT":"f.5C77A6788F2F180DC89ED0F4DCB2CDCA.d.BB0BB3512281F3483302E5344791A15B.e.7449"}]}
RESULT: {"script":"<script> [56 bytes]","args":[{"element-6066-11e4-a52e-4f735466cecf":"f.5C77A6788F2F180DC89ED0F4DCB2CDCA.d.BB0BB3512281F3483302E5344791A15B.e.7449","ELEMENT":"f.5C77A6788F2F180DC89ED0F4DCB2CDCA.d.BB0BB3512281F3483302E5344791A15B.e.7449"}]}
COMMAND: POST /session/276af0ab14c8f1c47b44a918c5eb4f66/element - {"using":"xpath","value":"(//bdi[contains(text(), \"Close\")])[1]"}
COMMAND: POST /session/276af0ab14c8f1c47b44a918c5eb4f66/elements - {"using":"xpath","value":"//span[contains(@class, \"sapMMsgBoxText\")]"}
COMMAND: GET /session/276af0ab14c8f1c47b44a918c5eb4f66/screenshot - {}
RESULT: {"using":"xpath","value":"(//bdi[contains(text(), \"Close\")])[1]"}
COMMAND: POST /session/276af0ab14c8f1c47b44a918c5eb4f66/element/f.5C77A6788F2F180DC89ED0F4DCB2CDCA.d.BB0BB3512281F3483302E5344791A15B.e.7450/click - {}
RESULT: {"using":"xpath","value":"//span[contains(@class, \"sapMMsgBoxText\")]"}
RESULT: {}
RESULT: {}
COMMAND: GET /session/276af0ab14c8f1c47b44a918c5eb4f66/screenshot - {}
RESULT: {}
COMMAND: POST /session/276af0ab14c8f1c47b44a918c5eb4f66/element - {"using":"css selector","value":"#shell-header-logo"}
RESULT: {"using":"css selector","value":"#shell-header-logo"}
COMMAND: POST /session/276af0ab14c8f1c47b44a918c5eb4f66/element/f.5C77A6788F2F180DC89ED0F4DCB2CDCA.d.BB0BB3512281F3483302E5344791A15B.e.6960/click - {}
RESULT: {}
COMMAND: GET /session/276af0ab14c8f1c47b44a918c5eb4f66/screenshot - {}
RESULT: {}
]]></system-out>
    </testcase>
    <testcase classname="chrome.135_0_7049_42.windows.Partner_specific_tests_US150819_US151080_US151654_US151176_US103444_US151078_US151079_US151109_US151174_US151175_US151189" name="Should do various searches US151175" time="140.443">
      <system-out><![CDATA[
COMMAND: POST /session/276af0ab14c8f1c47b44a918c5eb4f66/element - {"using":"xpath","value":"//li[.//span[text()=\"Manage Partners\"]]"}
RESULT: {"using":"xpath","value":"//li[.//span[text()=\"Manage Partners\"]]"}
COMMAND: POST /session/276af0ab14c8f1c47b44a918c5eb4f66/element - {"using":"xpath","value":"//li[.//span[text()=\"Manage Partners\"]]"}
RESULT: {"using":"xpath","value":"//li[.//span[text()=\"Manage Partners\"]]"}
COMMAND: POST /session/276af0ab14c8f1c47b44a918c5eb4f66/element - {"using":"css selector","value":"#shell-header-logo"}
RESULT: {"using":"css selector","value":"#shell-header-logo"}
COMMAND: POST /session/276af0ab14c8f1c47b44a918c5eb4f66/element/f.5C77A6788F2F180DC89ED0F4DCB2CDCA.d.BB0BB3512281F3483302E5344791A15B.e.7452/click - {}
COMMAND: POST /session/276af0ab14c8f1c47b44a918c5eb4f66/execute/sync - {"script":"<script> [8489 bytes]","args":[{"element-6066-11e4-a52e-4f735466cecf":"f.5C77A6788F2F180DC89ED0F4DCB2CDCA.d.BB0BB3512281F3483302E5344791A15B.e.7452","ELEMENT":"f.5C77A6788F2F180DC89ED0F4DCB2CDCA.d.BB0BB3512281F3483302E5344791A15B.e.7452"}]}
RESULT: {"script":"<script> [8489 bytes]","args":[{"element-6066-11e4-a52e-4f735466cecf":"f.5C77A6788F2F180DC89ED0F4DCB2CDCA.d.BB0BB3512281F3483302E5344791A15B.e.7452","ELEMENT":"f.5C77A6788F2F180DC89ED0F4DCB2CDCA.d.BB0BB3512281F3483302E5344791A15B.e.7452"}]}
COMMAND: POST /session/276af0ab14c8f1c47b44a918c5eb4f66/execute/sync - {"script":"<script> [5351 bytes]","args":[{"element-6066-11e4-a52e-4f735466cecf":"f.5C77A6788F2F180DC89ED0F4DCB2CDCA.d.BB0BB3512281F3483302E5344791A15B.e.7452","ELEMENT":"f.5C77A6788F2F180DC89ED0F4DCB2CDCA.d.BB0BB3512281F3483302E5344791A15B.e.7452"}]}
COMMAND: GET /session/276af0ab14c8f1c47b44a918c5eb4f66/screenshot - {}
RESULT: {}
COMMAND: GET /session/276af0ab14c8f1c47b44a918c5eb4f66/screenshot - {}
RESULT: {"script":"<script> [5351 bytes]","args":[{"element-6066-11e4-a52e-4f735466cecf":"f.5C77A6788F2F180DC89ED0F4DCB2CDCA.d.BB0BB3512281F3483302E5344791A15B.e.7452","ELEMENT":"f.5C77A6788F2F180DC89ED0F4DCB2CDCA.d.BB0BB3512281F3483302E5344791A15B.e.7452"}]}
COMMAND: GET /session/276af0ab14c8f1c47b44a918c5eb4f66/screenshot - {}
RESULT: {}
RESULT: {}
RESULT: {}
RESULT: undefined
COMMAND: POST /session/276af0ab14c8f1c47b44a918c5eb4f66/element - {"using":"xpath","value":"//*[@id=\"__tile30\"]"}
RESULT: {"using":"xpath","value":"//*[@id=\"__tile30\"]"}
COMMAND: POST /session/276af0ab14c8f1c47b44a918c5eb4f66/element/f.5C77A6788F2F180DC89ED0F4DCB2CDCA.d.BB0BB3512281F3483302E5344791A15B.e.4360/click - {}
RESULT: {}
COMMAND: POST /session/276af0ab14c8f1c47b44a918c5eb4f66/element - {"using":"xpath","value":"//button[@data-kt=\"addButton\"]"}
COMMAND: GET /session/276af0ab14c8f1c47b44a918c5eb4f66/screenshot - {}
RESULT: {"using":"xpath","value":"//button[@data-kt=\"addButton\"]"}
COMMAND: POST /session/276af0ab14c8f1c47b44a918c5eb4f66/elements - {"using":"xpath","value":"//button[@data-kt=\"addButton\"]"}
RESULT: {}
RESULT: {"using":"xpath","value":"//button[@data-kt=\"addButton\"]"}
COMMAND: POST /session/276af0ab14c8f1c47b44a918c5eb4f66/execute/sync - {"script":"<script> [8489 bytes]","args":[{"element-6066-11e4-a52e-4f735466cecf":"f.5C77A6788F2F180DC89ED0F4DCB2CDCA.d.BB0BB3512281F3483302E5344791A15B.e.7497","ELEMENT":"f.5C77A6788F2F180DC89ED0F4DCB2CDCA.d.BB0BB3512281F3483302E5344791A15B.e.7497"}]}
RESULT: {"script":"<script> [8489 bytes]","args":[{"element-6066-11e4-a52e-4f735466cecf":"f.5C77A6788F2F180DC89ED0F4DCB2CDCA.d.BB0BB3512281F3483302E5344791A15B.e.7497","ELEMENT":"f.5C77A6788F2F180DC89ED0F4DCB2CDCA.d.BB0BB3512281F3483302E5344791A15B.e.7497"}]}
COMMAND: GET /session/276af0ab14c8f1c47b44a918c5eb4f66/element/f.5C77A6788F2F180DC89ED0F4DCB2CDCA.d.BB0BB3512281F3483302E5344791A15B.e.7497/enabled - {}
COMMAND: GET /session/276af0ab14c8f1c47b44a918c5eb4f66/screenshot - {}
RESULT: {}
COMMAND: POST /session/276af0ab14c8f1c47b44a918c5eb4f66/execute/sync - {"script":"<script> [8489 bytes]","args":[{"element-6066-11e4-a52e-4f735466cecf":"f.5C77A6788F2F180DC89ED0F4DCB2CDCA.d.BB0BB3512281F3483302E5344791A15B.e.7497","ELEMENT":"f.5C77A6788F2F180DC89ED0F4DCB2CDCA.d.BB0BB3512281F3483302E5344791A15B.e.7497"}]}
COMMAND: GET /session/276af0ab14c8f1c47b44a918c5eb4f66/screenshot - {}
RESULT: {}
RESULT: {"script":"<script> [8489 bytes]","args":[{"element-6066-11e4-a52e-4f735466cecf":"f.5C77A6788F2F180DC89ED0F4DCB2CDCA.d.BB0BB3512281F3483302E5344791A15B.e.7497","ELEMENT":"f.5C77A6788F2F180DC89ED0F4DCB2CDCA.d.BB0BB3512281F3483302E5344791A15B.e.7497"}]}
COMMAND: POST /session/276af0ab14c8f1c47b44a918c5eb4f66/execute/sync - {"script":"<script> [5351 bytes]","args":[{"element-6066-11e4-a52e-4f735466cecf":"f.5C77A6788F2F180DC89ED0F4DCB2CDCA.d.BB0BB3512281F3483302E5344791A15B.e.7497","ELEMENT":"f.5C77A6788F2F180DC89ED0F4DCB2CDCA.d.BB0BB3512281F3483302E5344791A15B.e.7497"}]}
COMMAND: GET /session/276af0ab14c8f1c47b44a918c5eb4f66/screenshot - {}
RESULT: {}
RESULT: {"script":"<script> [5351 bytes]","args":[{"element-6066-11e4-a52e-4f735466cecf":"f.5C77A6788F2F180DC89ED0F4DCB2CDCA.d.BB0BB3512281F3483302E5344791A15B.e.7497","ELEMENT":"f.5C77A6788F2F180DC89ED0F4DCB2CDCA.d.BB0BB3512281F3483302E5344791A15B.e.7497"}]}
COMMAND: GET /session/276af0ab14c8f1c47b44a918c5eb4f66/screenshot - {}
RESULT: {}
RESULT: {}
COMMAND: POST /session/276af0ab14c8f1c47b44a918c5eb4f66/element - {"using":"xpath","value":"//span[@id=\"application-managepartners-display-component---masterPtm--smartTable-header-inner\"]"}
RESULT: {"using":"xpath","value":"//span[@id=\"application-managepartners-display-component---masterPtm--smartTable-header-inner\"]"}
COMMAND: POST /session/276af0ab14c8f1c47b44a918c5eb4f66/elements - {"using":"xpath","value":"//span[@id=\"application-managepartners-display-component---masterPtm--smartTable-header-inner\"]"}
RESULT: {"using":"xpath","value":"//span[@id=\"application-managepartners-display-component---masterPtm--smartTable-header-inner\"]"}
COMMAND: POST /session/276af0ab14c8f1c47b44a918c5eb4f66/execute/sync - {"script":"<script> [56 bytes]","args":[{"element-6066-11e4-a52e-4f735466cecf":"f.5C77A6788F2F180DC89ED0F4DCB2CDCA.d.BB0BB3512281F3483302E5344791A15B.e.7623","ELEMENT":"f.5C77A6788F2F180DC89ED0F4DCB2CDCA.d.BB0BB3512281F3483302E5344791A15B.e.7623"}]}
RESULT: {"script":"<script> [56 bytes]","args":[{"element-6066-11e4-a52e-4f735466cecf":"f.5C77A6788F2F180DC89ED0F4DCB2CDCA.d.BB0BB3512281F3483302E5344791A15B.e.7623","ELEMENT":"f.5C77A6788F2F180DC89ED0F4DCB2CDCA.d.BB0BB3512281F3483302E5344791A15B.e.7623"}]}
RESULT: undefined
COMMAND: POST /session/276af0ab14c8f1c47b44a918c5eb4f66/element - {"using":"xpath","value":"//*[@id=\"application-managepartners-display-component---masterPtm--smartFilterBar-btnFilters\"]"}
COMMAND: GET /session/276af0ab14c8f1c47b44a918c5eb4f66/screenshot - {}
RESULT: {"using":"xpath","value":"//*[@id=\"application-managepartners-display-component---masterPtm--smartFilterBar-btnFilters\"]"}
COMMAND: POST /session/276af0ab14c8f1c47b44a918c5eb4f66/element/f.5C77A6788F2F180DC89ED0F4DCB2CDCA.d.BB0BB3512281F3483302E5344791A15B.e.7474/click - {}
RESULT: {}
RESULT: {}
COMMAND: GET /session/276af0ab14c8f1c47b44a918c5eb4f66/screenshot - {}
RESULT: {}
COMMAND: POST /session/276af0ab14c8f1c47b44a918c5eb4f66/elements - {"using":"xpath","value":"//table[contains(@id, \"listView-innerSelectionPanelTable-listUl\")]/tbody/tr"}
RESULT: {"using":"xpath","value":"//table[contains(@id, \"listView-innerSelectionPanelTable-listUl\")]/tbody/tr"}
COMMAND: POST /session/276af0ab14c8f1c47b44a918c5eb4f66/element - {"using":"xpath","value":"//table[contains(@id, \"listView-innerSelectionPanelTable-listUl\")]/tbody/tr[2]/td[2]/div/div"}
RESULT: {"using":"xpath","value":"//table[contains(@id, \"listView-innerSelectionPanelTable-listUl\")]/tbody/tr[2]/td[2]/div/div"}
COMMAND: POST /session/276af0ab14c8f1c47b44a918c5eb4f66/element - {"using":"xpath","value":"//table[contains(@id, \"listView-innerSelectionPanelTable-listUl\")]/tbody/tr[2]/td[2]/div"}
RESULT: {"using":"xpath","value":"//table[contains(@id, \"listView-innerSelectionPanelTable-listUl\")]/tbody/tr[2]/td[2]/div"}
COMMAND: POST /session/276af0ab14c8f1c47b44a918c5eb4f66/element - {"using":"xpath","value":"//table[contains(@id, \"listView-innerSelectionPanelTable-listUl\")]/tbody/tr[2]/td[3]/div/div/span/span[1]/bdi"}
RESULT: {"using":"xpath","value":"//table[contains(@id, \"listView-innerSelectionPanelTable-listUl\")]/tbody/tr[2]/td[3]/div/div/span/span[1]/bdi"}
COMMAND: POST /session/276af0ab14c8f1c47b44a918c5eb4f66/execute/sync - {"script":"<script> [56 bytes]","args":[{"element-6066-11e4-a52e-4f735466cecf":"f.5C77A6788F2F180DC89ED0F4DCB2CDCA.d.BB0BB3512281F3483302E5344791A15B.e.7691","ELEMENT":"f.5C77A6788F2F180DC89ED0F4DCB2CDCA.d.BB0BB3512281F3483302E5344791A15B.e.7691"}]}
RESULT: {"script":"<script> [56 bytes]","args":[{"element-6066-11e4-a52e-4f735466cecf":"f.5C77A6788F2F180DC89ED0F4DCB2CDCA.d.BB0BB3512281F3483302E5344791A15B.e.7691","ELEMENT":"f.5C77A6788F2F180DC89ED0F4DCB2CDCA.d.BB0BB3512281F3483302E5344791A15B.e.7691"}]}
COMMAND: GET /session/276af0ab14c8f1c47b44a918c5eb4f66/element/f.5C77A6788F2F180DC89ED0F4DCB2CDCA.d.BB0BB3512281F3483302E5344791A15B.e.7690/attribute/aria-checked - {}
COMMAND: GET /session/276af0ab14c8f1c47b44a918c5eb4f66/screenshot - {}
RESULT: {}
COMMAND: POST /session/276af0ab14c8f1c47b44a918c5eb4f66/element - {"using":"xpath","value":"//table[contains(@id, \"listView-innerSelectionPanelTable-listUl\")]/tbody/tr[3]/td[2]/div/div"}
RESULT: {}
RESULT: {"using":"xpath","value":"//table[contains(@id, \"listView-innerSelectionPanelTable-listUl\")]/tbody/tr[3]/td[2]/div/div"}
COMMAND: POST /session/276af0ab14c8f1c47b44a918c5eb4f66/element - {"using":"xpath","value":"//table[contains(@id, \"listView-innerSelectionPanelTable-listUl\")]/tbody/tr[3]/td[2]/div"}
RESULT: {"using":"xpath","value":"//table[contains(@id, \"listView-innerSelectionPanelTable-listUl\")]/tbody/tr[3]/td[2]/div"}
COMMAND: POST /session/276af0ab14c8f1c47b44a918c5eb4f66/element - {"using":"xpath","value":"//table[contains(@id, \"listView-innerSelectionPanelTable-listUl\")]/tbody/tr[3]/td[3]/div/div/span/span[1]/bdi"}
RESULT: {"using":"xpath","value":"//table[contains(@id, \"listView-innerSelectionPanelTable-listUl\")]/tbody/tr[3]/td[3]/div/div/span/span[1]/bdi"}
COMMAND: POST /session/276af0ab14c8f1c47b44a918c5eb4f66/execute/sync - {"script":"<script> [56 bytes]","args":[{"element-6066-11e4-a52e-4f735466cecf":"f.5C77A6788F2F180DC89ED0F4DCB2CDCA.d.BB0BB3512281F3483302E5344791A15B.e.7694","ELEMENT":"f.5C77A6788F2F180DC89ED0F4DCB2CDCA.d.BB0BB3512281F3483302E5344791A15B.e.7694"}]}
RESULT: {"script":"<script> [56 bytes]","args":[{"element-6066-11e4-a52e-4f735466cecf":"f.5C77A6788F2F180DC89ED0F4DCB2CDCA.d.BB0BB3512281F3483302E5344791A15B.e.7694","ELEMENT":"f.5C77A6788F2F180DC89ED0F4DCB2CDCA.d.BB0BB3512281F3483302E5344791A15B.e.7694"}]}
COMMAND: GET /session/276af0ab14c8f1c47b44a918c5eb4f66/element/f.5C77A6788F2F180DC89ED0F4DCB2CDCA.d.BB0BB3512281F3483302E5344791A15B.e.7693/attribute/aria-checked - {}
COMMAND: GET /session/276af0ab14c8f1c47b44a918c5eb4f66/screenshot - {}
RESULT: {}
COMMAND: POST /session/276af0ab14c8f1c47b44a918c5eb4f66/element - {"using":"xpath","value":"//table[contains(@id, \"listView-innerSelectionPanelTable-listUl\")]/tbody/tr[4]/td[2]/div/div"}
RESULT: {}
RESULT: {"using":"xpath","value":"//table[contains(@id, \"listView-innerSelectionPanelTable-listUl\")]/tbody/tr[4]/td[2]/div/div"}
COMMAND: POST /session/276af0ab14c8f1c47b44a918c5eb4f66/element - {"using":"xpath","value":"//table[contains(@id, \"listView-innerSelectionPanelTable-listUl\")]/tbody/tr[4]/td[2]/div"}
RESULT: {"using":"xpath","value":"//table[contains(@id, \"listView-innerSelectionPanelTable-listUl\")]/tbody/tr[4]/td[2]/div"}
COMMAND: POST /session/276af0ab14c8f1c47b44a918c5eb4f66/element - {"using":"xpath","value":"//table[contains(@id, \"listView-innerSelectionPanelTable-listUl\")]/tbody/tr[4]/td[3]/div/div/span/span[1]/bdi"}
RESULT: {"using":"xpath","value":"//table[contains(@id, \"listView-innerSelectionPanelTable-listUl\")]/tbody/tr[4]/td[3]/div/div/span/span[1]/bdi"}
COMMAND: POST /session/276af0ab14c8f1c47b44a918c5eb4f66/execute/sync - {"script":"<script> [56 bytes]","args":[{"element-6066-11e4-a52e-4f735466cecf":"f.5C77A6788F2F180DC89ED0F4DCB2CDCA.d.BB0BB3512281F3483302E5344791A15B.e.7697","ELEMENT":"f.5C77A6788F2F180DC89ED0F4DCB2CDCA.d.BB0BB3512281F3483302E5344791A15B.e.7697"}]}
RESULT: {"script":"<script> [56 bytes]","args":[{"element-6066-11e4-a52e-4f735466cecf":"f.5C77A6788F2F180DC89ED0F4DCB2CDCA.d.BB0BB3512281F3483302E5344791A15B.e.7697","ELEMENT":"f.5C77A6788F2F180DC89ED0F4DCB2CDCA.d.BB0BB3512281F3483302E5344791A15B.e.7697"}]}
COMMAND: GET /session/276af0ab14c8f1c47b44a918c5eb4f66/element/f.5C77A6788F2F180DC89ED0F4DCB2CDCA.d.BB0BB3512281F3483302E5344791A15B.e.7696/attribute/aria-checked - {}
COMMAND: GET /session/276af0ab14c8f1c47b44a918c5eb4f66/screenshot - {}
RESULT: {}
COMMAND: POST /session/276af0ab14c8f1c47b44a918c5eb4f66/element - {"using":"xpath","value":"//table[contains(@id, \"listView-innerSelectionPanelTable-listUl\")]/tbody/tr[5]/td[2]/div/div"}
RESULT: {}
RESULT: {"using":"xpath","value":"//table[contains(@id, \"listView-innerSelectionPanelTable-listUl\")]/tbody/tr[5]/td[2]/div/div"}
COMMAND: POST /session/276af0ab14c8f1c47b44a918c5eb4f66/element - {"using":"xpath","value":"//table[contains(@id, \"listView-innerSelectionPanelTable-listUl\")]/tbody/tr[5]/td[2]/div"}
RESULT: {"using":"xpath","value":"//table[contains(@id, \"listView-innerSelectionPanelTable-listUl\")]/tbody/tr[5]/td[2]/div"}
COMMAND: POST /session/276af0ab14c8f1c47b44a918c5eb4f66/element - {"using":"xpath","value":"//table[contains(@id, \"listView-innerSelectionPanelTable-listUl\")]/tbody/tr[5]/td[3]/div/div/span/span[1]/bdi"}
RESULT: {"using":"xpath","value":"//table[contains(@id, \"listView-innerSelectionPanelTable-listUl\")]/tbody/tr[5]/td[3]/div/div/span/span[1]/bdi"}
COMMAND: POST /session/276af0ab14c8f1c47b44a918c5eb4f66/execute/sync - {"script":"<script> [56 bytes]","args":[{"element-6066-11e4-a52e-4f735466cecf":"f.5C77A6788F2F180DC89ED0F4DCB2CDCA.d.BB0BB3512281F3483302E5344791A15B.e.7700","ELEMENT":"f.5C77A6788F2F180DC89ED0F4DCB2CDCA.d.BB0BB3512281F3483302E5344791A15B.e.7700"}]}
RESULT: {"script":"<script> [56 bytes]","args":[{"element-6066-11e4-a52e-4f735466cecf":"f.5C77A6788F2F180DC89ED0F4DCB2CDCA.d.BB0BB3512281F3483302E5344791A15B.e.7700","ELEMENT":"f.5C77A6788F2F180DC89ED0F4DCB2CDCA.d.BB0BB3512281F3483302E5344791A15B.e.7700"}]}
COMMAND: GET /session/276af0ab14c8f1c47b44a918c5eb4f66/element/f.5C77A6788F2F180DC89ED0F4DCB2CDCA.d.BB0BB3512281F3483302E5344791A15B.e.7699/attribute/aria-checked - {}
COMMAND: GET /session/276af0ab14c8f1c47b44a918c5eb4f66/screenshot - {}
RESULT: {}
COMMAND: POST /session/276af0ab14c8f1c47b44a918c5eb4f66/element - {"using":"xpath","value":"//table[contains(@id, \"listView-innerSelectionPanelTable-listUl\")]/tbody/tr[6]/td[2]/div/div"}
RESULT: {}
RESULT: {"using":"xpath","value":"//table[contains(@id, \"listView-innerSelectionPanelTable-listUl\")]/tbody/tr[6]/td[2]/div/div"}
COMMAND: POST /session/276af0ab14c8f1c47b44a918c5eb4f66/element - {"using":"xpath","value":"//table[contains(@id, \"listView-innerSelectionPanelTable-listUl\")]/tbody/tr[6]/td[2]/div"}
RESULT: {"using":"xpath","value":"//table[contains(@id, \"listView-innerSelectionPanelTable-listUl\")]/tbody/tr[6]/td[2]/div"}
COMMAND: POST /session/276af0ab14c8f1c47b44a918c5eb4f66/element - {"using":"xpath","value":"//table[contains(@id, \"listView-innerSelectionPanelTable-listUl\")]/tbody/tr[6]/td[3]/div/div/span/span[1]/bdi"}
RESULT: {"using":"xpath","value":"//table[contains(@id, \"listView-innerSelectionPanelTable-listUl\")]/tbody/tr[6]/td[3]/div/div/span/span[1]/bdi"}
COMMAND: POST /session/276af0ab14c8f1c47b44a918c5eb4f66/execute/sync - {"script":"<script> [56 bytes]","args":[{"element-6066-11e4-a52e-4f735466cecf":"f.5C77A6788F2F180DC89ED0F4DCB2CDCA.d.BB0BB3512281F3483302E5344791A15B.e.7703","ELEMENT":"f.5C77A6788F2F180DC89ED0F4DCB2CDCA.d.BB0BB3512281F3483302E5344791A15B.e.7703"}]}
RESULT: {"script":"<script> [56 bytes]","args":[{"element-6066-11e4-a52e-4f735466cecf":"f.5C77A6788F2F180DC89ED0F4DCB2CDCA.d.BB0BB3512281F3483302E5344791A15B.e.7703","ELEMENT":"f.5C77A6788F2F180DC89ED0F4DCB2CDCA.d.BB0BB3512281F3483302E5344791A15B.e.7703"}]}
COMMAND: GET /session/276af0ab14c8f1c47b44a918c5eb4f66/element/f.5C77A6788F2F180DC89ED0F4DCB2CDCA.d.BB0BB3512281F3483302E5344791A15B.e.7702/attribute/aria-checked - {}
COMMAND: GET /session/276af0ab14c8f1c47b44a918c5eb4f66/screenshot - {}
RESULT: {}
COMMAND: POST /session/276af0ab14c8f1c47b44a918c5eb4f66/element - {"using":"xpath","value":"//table[contains(@id, \"listView-innerSelectionPanelTable-listUl\")]/tbody/tr[7]/td[2]/div/div"}
RESULT: {}
RESULT: {"using":"xpath","value":"//table[contains(@id, \"listView-innerSelectionPanelTable-listUl\")]/tbody/tr[7]/td[2]/div/div"}
COMMAND: POST /session/276af0ab14c8f1c47b44a918c5eb4f66/element - {"using":"xpath","value":"//table[contains(@id, \"listView-innerSelectionPanelTable-listUl\")]/tbody/tr[7]/td[2]/div"}
RESULT: {"using":"xpath","value":"//table[contains(@id, \"listView-innerSelectionPanelTable-listUl\")]/tbody/tr[7]/td[2]/div"}
COMMAND: POST /session/276af0ab14c8f1c47b44a918c5eb4f66/element - {"using":"xpath","value":"//table[contains(@id, \"listView-innerSelectionPanelTable-listUl\")]/tbody/tr[7]/td[3]/div/div/span/span[1]/bdi"}
RESULT: {"using":"xpath","value":"//table[contains(@id, \"listView-innerSelectionPanelTable-listUl\")]/tbody/tr[7]/td[3]/div/div/span/span[1]/bdi"}
COMMAND: POST /session/276af0ab14c8f1c47b44a918c5eb4f66/execute/sync - {"script":"<script> [56 bytes]","args":[{"element-6066-11e4-a52e-4f735466cecf":"f.5C77A6788F2F180DC89ED0F4DCB2CDCA.d.BB0BB3512281F3483302E5344791A15B.e.7706","ELEMENT":"f.5C77A6788F2F180DC89ED0F4DCB2CDCA.d.BB0BB3512281F3483302E5344791A15B.e.7706"}]}
RESULT: {"script":"<script> [56 bytes]","args":[{"element-6066-11e4-a52e-4f735466cecf":"f.5C77A6788F2F180DC89ED0F4DCB2CDCA.d.BB0BB3512281F3483302E5344791A15B.e.7706","ELEMENT":"f.5C77A6788F2F180DC89ED0F4DCB2CDCA.d.BB0BB3512281F3483302E5344791A15B.e.7706"}]}
COMMAND: GET /session/276af0ab14c8f1c47b44a918c5eb4f66/element/f.5C77A6788F2F180DC89ED0F4DCB2CDCA.d.BB0BB3512281F3483302E5344791A15B.e.7705/attribute/aria-checked - {}
COMMAND: GET /session/276af0ab14c8f1c47b44a918c5eb4f66/screenshot - {}
RESULT: {}
COMMAND: POST /session/276af0ab14c8f1c47b44a918c5eb4f66/element - {"using":"xpath","value":"//table[contains(@id, \"listView-innerSelectionPanelTable-listUl\")]/tbody/tr[8]/td[2]/div/div"}
RESULT: {}
RESULT: {"using":"xpath","value":"//table[contains(@id, \"listView-innerSelectionPanelTable-listUl\")]/tbody/tr[8]/td[2]/div/div"}
COMMAND: POST /session/276af0ab14c8f1c47b44a918c5eb4f66/element - {"using":"xpath","value":"//table[contains(@id, \"listView-innerSelectionPanelTable-listUl\")]/tbody/tr[8]/td[2]/div"}
RESULT: {"using":"xpath","value":"//table[contains(@id, \"listView-innerSelectionPanelTable-listUl\")]/tbody/tr[8]/td[2]/div"}
COMMAND: POST /session/276af0ab14c8f1c47b44a918c5eb4f66/element - {"using":"xpath","value":"//table[contains(@id, \"listView-innerSelectionPanelTable-listUl\")]/tbody/tr[8]/td[3]/div/div/span/span[1]/bdi"}
RESULT: {"using":"xpath","value":"//table[contains(@id, \"listView-innerSelectionPanelTable-listUl\")]/tbody/tr[8]/td[3]/div/div/span/span[1]/bdi"}
COMMAND: POST /session/276af0ab14c8f1c47b44a918c5eb4f66/execute/sync - {"script":"<script> [56 bytes]","args":[{"element-6066-11e4-a52e-4f735466cecf":"f.5C77A6788F2F180DC89ED0F4DCB2CDCA.d.BB0BB3512281F3483302E5344791A15B.e.7709","ELEMENT":"f.5C77A6788F2F180DC89ED0F4DCB2CDCA.d.BB0BB3512281F3483302E5344791A15B.e.7709"}]}
RESULT: {"script":"<script> [56 bytes]","args":[{"element-6066-11e4-a52e-4f735466cecf":"f.5C77A6788F2F180DC89ED0F4DCB2CDCA.d.BB0BB3512281F3483302E5344791A15B.e.7709","ELEMENT":"f.5C77A6788F2F180DC89ED0F4DCB2CDCA.d.BB0BB3512281F3483302E5344791A15B.e.7709"}]}
COMMAND: GET /session/276af0ab14c8f1c47b44a918c5eb4f66/element/f.5C77A6788F2F180DC89ED0F4DCB2CDCA.d.BB0BB3512281F3483302E5344791A15B.e.7708/attribute/aria-checked - {}
COMMAND: GET /session/276af0ab14c8f1c47b44a918c5eb4f66/screenshot - {}
RESULT: {}
COMMAND: POST /session/276af0ab14c8f1c47b44a918c5eb4f66/element - {"using":"xpath","value":"//table[contains(@id, \"listView-innerSelectionPanelTable-listUl\")]/tbody/tr[9]/td[2]/div/div"}
RESULT: {}
RESULT: {"using":"xpath","value":"//table[contains(@id, \"listView-innerSelectionPanelTable-listUl\")]/tbody/tr[9]/td[2]/div/div"}
COMMAND: POST /session/276af0ab14c8f1c47b44a918c5eb4f66/element - {"using":"xpath","value":"//table[contains(@id, \"listView-innerSelectionPanelTable-listUl\")]/tbody/tr[9]/td[2]/div"}
RESULT: {"using":"xpath","value":"//table[contains(@id, \"listView-innerSelectionPanelTable-listUl\")]/tbody/tr[9]/td[2]/div"}
COMMAND: POST /session/276af0ab14c8f1c47b44a918c5eb4f66/element - {"using":"xpath","value":"//table[contains(@id, \"listView-innerSelectionPanelTable-listUl\")]/tbody/tr[9]/td[3]/div/div/span/span[1]/bdi"}
RESULT: {"using":"xpath","value":"//table[contains(@id, \"listView-innerSelectionPanelTable-listUl\")]/tbody/tr[9]/td[3]/div/div/span/span[1]/bdi"}
COMMAND: POST /session/276af0ab14c8f1c47b44a918c5eb4f66/execute/sync - {"script":"<script> [56 bytes]","args":[{"element-6066-11e4-a52e-4f735466cecf":"f.5C77A6788F2F180DC89ED0F4DCB2CDCA.d.BB0BB3512281F3483302E5344791A15B.e.7712","ELEMENT":"f.5C77A6788F2F180DC89ED0F4DCB2CDCA.d.BB0BB3512281F3483302E5344791A15B.e.7712"}]}
RESULT: {"script":"<script> [56 bytes]","args":[{"element-6066-11e4-a52e-4f735466cecf":"f.5C77A6788F2F180DC89ED0F4DCB2CDCA.d.BB0BB3512281F3483302E5344791A15B.e.7712","ELEMENT":"f.5C77A6788F2F180DC89ED0F4DCB2CDCA.d.BB0BB3512281F3483302E5344791A15B.e.7712"}]}
COMMAND: GET /session/276af0ab14c8f1c47b44a918c5eb4f66/element/f.5C77A6788F2F180DC89ED0F4DCB2CDCA.d.BB0BB3512281F3483302E5344791A15B.e.7711/attribute/aria-checked - {}
COMMAND: GET /session/276af0ab14c8f1c47b44a918c5eb4f66/screenshot - {}
RESULT: {}
COMMAND: POST /session/276af0ab14c8f1c47b44a918c5eb4f66/element - {"using":"xpath","value":"//table[contains(@id, \"listView-innerSelectionPanelTable-listUl\")]/tbody/tr[10]/td[2]/div/div"}
RESULT: {}
RESULT: {"using":"xpath","value":"//table[contains(@id, \"listView-innerSelectionPanelTable-listUl\")]/tbody/tr[10]/td[2]/div/div"}
COMMAND: POST /session/276af0ab14c8f1c47b44a918c5eb4f66/element - {"using":"xpath","value":"//table[contains(@id, \"listView-innerSelectionPanelTable-listUl\")]/tbody/tr[10]/td[2]/div"}
RESULT: {"using":"xpath","value":"//table[contains(@id, \"listView-innerSelectionPanelTable-listUl\")]/tbody/tr[10]/td[2]/div"}
COMMAND: POST /session/276af0ab14c8f1c47b44a918c5eb4f66/element - {"using":"xpath","value":"//table[contains(@id, \"listView-innerSelectionPanelTable-listUl\")]/tbody/tr[10]/td[3]/div/div/span/span[1]/bdi"}
RESULT: {"using":"xpath","value":"//table[contains(@id, \"listView-innerSelectionPanelTable-listUl\")]/tbody/tr[10]/td[3]/div/div/span/span[1]/bdi"}
COMMAND: POST /session/276af0ab14c8f1c47b44a918c5eb4f66/execute/sync - {"script":"<script> [56 bytes]","args":[{"element-6066-11e4-a52e-4f735466cecf":"f.5C77A6788F2F180DC89ED0F4DCB2CDCA.d.BB0BB3512281F3483302E5344791A15B.e.7715","ELEMENT":"f.5C77A6788F2F180DC89ED0F4DCB2CDCA.d.BB0BB3512281F3483302E5344791A15B.e.7715"}]}
RESULT: {"script":"<script> [56 bytes]","args":[{"element-6066-11e4-a52e-4f735466cecf":"f.5C77A6788F2F180DC89ED0F4DCB2CDCA.d.BB0BB3512281F3483302E5344791A15B.e.7715","ELEMENT":"f.5C77A6788F2F180DC89ED0F4DCB2CDCA.d.BB0BB3512281F3483302E5344791A15B.e.7715"}]}
COMMAND: GET /session/276af0ab14c8f1c47b44a918c5eb4f66/element/f.5C77A6788F2F180DC89ED0F4DCB2CDCA.d.BB0BB3512281F3483302E5344791A15B.e.7714/attribute/aria-checked - {}
COMMAND: GET /session/276af0ab14c8f1c47b44a918c5eb4f66/screenshot - {}
RESULT: {}
COMMAND: POST /session/276af0ab14c8f1c47b44a918c5eb4f66/element - {"using":"xpath","value":"//table[contains(@id, \"listView-innerSelectionPanelTable-listUl\")]/tbody/tr[11]/td[2]/div/div"}
RESULT: {}
RESULT: {"using":"xpath","value":"//table[contains(@id, \"listView-innerSelectionPanelTable-listUl\")]/tbody/tr[11]/td[2]/div/div"}
COMMAND: POST /session/276af0ab14c8f1c47b44a918c5eb4f66/element - {"using":"xpath","value":"//table[contains(@id, \"listView-innerSelectionPanelTable-listUl\")]/tbody/tr[11]/td[2]/div"}
RESULT: {"using":"xpath","value":"//table[contains(@id, \"listView-innerSelectionPanelTable-listUl\")]/tbody/tr[11]/td[2]/div"}
COMMAND: POST /session/276af0ab14c8f1c47b44a918c5eb4f66/element - {"using":"xpath","value":"//table[contains(@id, \"listView-innerSelectionPanelTable-listUl\")]/tbody/tr[11]/td[3]/div/div/span/span[1]/bdi"}
RESULT: {"using":"xpath","value":"//table[contains(@id, \"listView-innerSelectionPanelTable-listUl\")]/tbody/tr[11]/td[3]/div/div/span/span[1]/bdi"}
COMMAND: POST /session/276af0ab14c8f1c47b44a918c5eb4f66/execute/sync - {"script":"<script> [56 bytes]","args":[{"element-6066-11e4-a52e-4f735466cecf":"f.5C77A6788F2F180DC89ED0F4DCB2CDCA.d.BB0BB3512281F3483302E5344791A15B.e.7718","ELEMENT":"f.5C77A6788F2F180DC89ED0F4DCB2CDCA.d.BB0BB3512281F3483302E5344791A15B.e.7718"}]}
RESULT: {"script":"<script> [56 bytes]","args":[{"element-6066-11e4-a52e-4f735466cecf":"f.5C77A6788F2F180DC89ED0F4DCB2CDCA.d.BB0BB3512281F3483302E5344791A15B.e.7718","ELEMENT":"f.5C77A6788F2F180DC89ED0F4DCB2CDCA.d.BB0BB3512281F3483302E5344791A15B.e.7718"}]}
COMMAND: GET /session/276af0ab14c8f1c47b44a918c5eb4f66/element/f.5C77A6788F2F180DC89ED0F4DCB2CDCA.d.BB0BB3512281F3483302E5344791A15B.e.7717/attribute/aria-checked - {}
COMMAND: GET /session/276af0ab14c8f1c47b44a918c5eb4f66/screenshot - {}
RESULT: {}
COMMAND: POST /session/276af0ab14c8f1c47b44a918c5eb4f66/element - {"using":"xpath","value":"//table[contains(@id, \"listView-innerSelectionPanelTable-listUl\")]/tbody/tr[12]/td[2]/div/div"}
RESULT: {}
RESULT: {"using":"xpath","value":"//table[contains(@id, \"listView-innerSelectionPanelTable-listUl\")]/tbody/tr[12]/td[2]/div/div"}
COMMAND: POST /session/276af0ab14c8f1c47b44a918c5eb4f66/element - {"using":"xpath","value":"//table[contains(@id, \"listView-innerSelectionPanelTable-listUl\")]/tbody/tr[12]/td[2]/div"}
RESULT: {"using":"xpath","value":"//table[contains(@id, \"listView-innerSelectionPanelTable-listUl\")]/tbody/tr[12]/td[2]/div"}
COMMAND: POST /session/276af0ab14c8f1c47b44a918c5eb4f66/element - {"using":"xpath","value":"//table[contains(@id, \"listView-innerSelectionPanelTable-listUl\")]/tbody/tr[12]/td[3]/div/div/span/span[1]/bdi"}
RESULT: {"using":"xpath","value":"//table[contains(@id, \"listView-innerSelectionPanelTable-listUl\")]/tbody/tr[12]/td[3]/div/div/span/span[1]/bdi"}
COMMAND: POST /session/276af0ab14c8f1c47b44a918c5eb4f66/execute/sync - {"script":"<script> [56 bytes]","args":[{"element-6066-11e4-a52e-4f735466cecf":"f.5C77A6788F2F180DC89ED0F4DCB2CDCA.d.BB0BB3512281F3483302E5344791A15B.e.7721","ELEMENT":"f.5C77A6788F2F180DC89ED0F4DCB2CDCA.d.BB0BB3512281F3483302E5344791A15B.e.7721"}]}
RESULT: {"script":"<script> [56 bytes]","args":[{"element-6066-11e4-a52e-4f735466cecf":"f.5C77A6788F2F180DC89ED0F4DCB2CDCA.d.BB0BB3512281F3483302E5344791A15B.e.7721","ELEMENT":"f.5C77A6788F2F180DC89ED0F4DCB2CDCA.d.BB0BB3512281F3483302E5344791A15B.e.7721"}]}
COMMAND: GET /session/276af0ab14c8f1c47b44a918c5eb4f66/element/f.5C77A6788F2F180DC89ED0F4DCB2CDCA.d.BB0BB3512281F3483302E5344791A15B.e.7720/attribute/aria-checked - {}
COMMAND: GET /session/276af0ab14c8f1c47b44a918c5eb4f66/screenshot - {}
RESULT: {}
COMMAND: POST /session/276af0ab14c8f1c47b44a918c5eb4f66/element - {"using":"xpath","value":"//table[contains(@id, \"listView-innerSelectionPanelTable-listUl\")]/tbody/tr[13]/td[2]/div/div"}
RESULT: {}
RESULT: {"using":"xpath","value":"//table[contains(@id, \"listView-innerSelectionPanelTable-listUl\")]/tbody/tr[13]/td[2]/div/div"}
COMMAND: POST /session/276af0ab14c8f1c47b44a918c5eb4f66/element - {"using":"xpath","value":"//table[contains(@id, \"listView-innerSelectionPanelTable-listUl\")]/tbody/tr[13]/td[2]/div"}
RESULT: {"using":"xpath","value":"//table[contains(@id, \"listView-innerSelectionPanelTable-listUl\")]/tbody/tr[13]/td[2]/div"}
COMMAND: POST /session/276af0ab14c8f1c47b44a918c5eb4f66/element - {"using":"xpath","value":"//table[contains(@id, \"listView-innerSelectionPanelTable-listUl\")]/tbody/tr[13]/td[3]/div/div/span/span[1]/bdi"}
RESULT: {"using":"xpath","value":"//table[contains(@id, \"listView-innerSelectionPanelTable-listUl\")]/tbody/tr[13]/td[3]/div/div/span/span[1]/bdi"}
COMMAND: POST /session/276af0ab14c8f1c47b44a918c5eb4f66/execute/sync - {"script":"<script> [56 bytes]","args":[{"element-6066-11e4-a52e-4f735466cecf":"f.5C77A6788F2F180DC89ED0F4DCB2CDCA.d.BB0BB3512281F3483302E5344791A15B.e.7724","ELEMENT":"f.5C77A6788F2F180DC89ED0F4DCB2CDCA.d.BB0BB3512281F3483302E5344791A15B.e.7724"}]}
RESULT: {"script":"<script> [56 bytes]","args":[{"element-6066-11e4-a52e-4f735466cecf":"f.5C77A6788F2F180DC89ED0F4DCB2CDCA.d.BB0BB3512281F3483302E5344791A15B.e.7724","ELEMENT":"f.5C77A6788F2F180DC89ED0F4DCB2CDCA.d.BB0BB3512281F3483302E5344791A15B.e.7724"}]}
COMMAND: GET /session/276af0ab14c8f1c47b44a918c5eb4f66/element/f.5C77A6788F2F180DC89ED0F4DCB2CDCA.d.BB0BB3512281F3483302E5344791A15B.e.7723/attribute/aria-checked - {}
COMMAND: GET /session/276af0ab14c8f1c47b44a918c5eb4f66/screenshot - {}
RESULT: {}
COMMAND: POST /session/276af0ab14c8f1c47b44a918c5eb4f66/element - {"using":"xpath","value":"//table[contains(@id, \"listView-innerSelectionPanelTable-listUl\")]/tbody/tr[14]/td[2]/div/div"}
RESULT: {}
RESULT: {"using":"xpath","value":"//table[contains(@id, \"listView-innerSelectionPanelTable-listUl\")]/tbody/tr[14]/td[2]/div/div"}
COMMAND: POST /session/276af0ab14c8f1c47b44a918c5eb4f66/element - {"using":"xpath","value":"//table[contains(@id, \"listView-innerSelectionPanelTable-listUl\")]/tbody/tr[14]/td[2]/div"}
RESULT: {"using":"xpath","value":"//table[contains(@id, \"listView-innerSelectionPanelTable-listUl\")]/tbody/tr[14]/td[2]/div"}
COMMAND: POST /session/276af0ab14c8f1c47b44a918c5eb4f66/element - {"using":"xpath","value":"//table[contains(@id, \"listView-innerSelectionPanelTable-listUl\")]/tbody/tr[14]/td[3]/div/div/span/span[1]/bdi"}
RESULT: {"using":"xpath","value":"//table[contains(@id, \"listView-innerSelectionPanelTable-listUl\")]/tbody/tr[14]/td[3]/div/div/span/span[1]/bdi"}
COMMAND: POST /session/276af0ab14c8f1c47b44a918c5eb4f66/execute/sync - {"script":"<script> [56 bytes]","args":[{"element-6066-11e4-a52e-4f735466cecf":"f.5C77A6788F2F180DC89ED0F4DCB2CDCA.d.BB0BB3512281F3483302E5344791A15B.e.7727","ELEMENT":"f.5C77A6788F2F180DC89ED0F4DCB2CDCA.d.BB0BB3512281F3483302E5344791A15B.e.7727"}]}
RESULT: {"script":"<script> [56 bytes]","args":[{"element-6066-11e4-a52e-4f735466cecf":"f.5C77A6788F2F180DC89ED0F4DCB2CDCA.d.BB0BB3512281F3483302E5344791A15B.e.7727","ELEMENT":"f.5C77A6788F2F180DC89ED0F4DCB2CDCA.d.BB0BB3512281F3483302E5344791A15B.e.7727"}]}
COMMAND: GET /session/276af0ab14c8f1c47b44a918c5eb4f66/element/f.5C77A6788F2F180DC89ED0F4DCB2CDCA.d.BB0BB3512281F3483302E5344791A15B.e.7726/attribute/aria-checked - {}
COMMAND: GET /session/276af0ab14c8f1c47b44a918c5eb4f66/screenshot - {}
RESULT: {}
RESULT: {}
COMMAND: POST /session/276af0ab14c8f1c47b44a918c5eb4f66/element - {"using":"xpath","value":"//table[contains(@id, \"listView-innerSelectionPanelTable-listUl\")]/tbody/tr[15]/td[2]/div/div"}
RESULT: {"using":"xpath","value":"//table[contains(@id, \"listView-innerSelectionPanelTable-listUl\")]/tbody/tr[15]/td[2]/div/div"}
COMMAND: POST /session/276af0ab14c8f1c47b44a918c5eb4f66/element - {"using":"xpath","value":"//table[contains(@id, \"listView-innerSelectionPanelTable-listUl\")]/tbody/tr[15]/td[2]/div"}
RESULT: {"using":"xpath","value":"//table[contains(@id, \"listView-innerSelectionPanelTable-listUl\")]/tbody/tr[15]/td[2]/div"}
COMMAND: POST /session/276af0ab14c8f1c47b44a918c5eb4f66/element - {"using":"xpath","value":"//table[contains(@id, \"listView-innerSelectionPanelTable-listUl\")]/tbody/tr[15]/td[3]/div/div/span/span[1]/bdi"}
RESULT: {"using":"xpath","value":"//table[contains(@id, \"listView-innerSelectionPanelTable-listUl\")]/tbody/tr[15]/td[3]/div/div/span/span[1]/bdi"}
COMMAND: POST /session/276af0ab14c8f1c47b44a918c5eb4f66/execute/sync - {"script":"<script> [56 bytes]","args":[{"element-6066-11e4-a52e-4f735466cecf":"f.5C77A6788F2F180DC89ED0F4DCB2CDCA.d.BB0BB3512281F3483302E5344791A15B.e.7730","ELEMENT":"f.5C77A6788F2F180DC89ED0F4DCB2CDCA.d.BB0BB3512281F3483302E5344791A15B.e.7730"}]}
RESULT: {"script":"<script> [56 bytes]","args":[{"element-6066-11e4-a52e-4f735466cecf":"f.5C77A6788F2F180DC89ED0F4DCB2CDCA.d.BB0BB3512281F3483302E5344791A15B.e.7730","ELEMENT":"f.5C77A6788F2F180DC89ED0F4DCB2CDCA.d.BB0BB3512281F3483302E5344791A15B.e.7730"}]}
COMMAND: GET /session/276af0ab14c8f1c47b44a918c5eb4f66/element/f.5C77A6788F2F180DC89ED0F4DCB2CDCA.d.BB0BB3512281F3483302E5344791A15B.e.7729/attribute/aria-checked - {}
COMMAND: GET /session/276af0ab14c8f1c47b44a918c5eb4f66/screenshot - {}
RESULT: {}
COMMAND: POST /session/276af0ab14c8f1c47b44a918c5eb4f66/element - {"using":"xpath","value":"//table[contains(@id, \"listView-innerSelectionPanelTable-listUl\")]/tbody/tr[16]/td[2]/div/div"}
RESULT: {}
RESULT: {"using":"xpath","value":"//table[contains(@id, \"listView-innerSelectionPanelTable-listUl\")]/tbody/tr[16]/td[2]/div/div"}
COMMAND: POST /session/276af0ab14c8f1c47b44a918c5eb4f66/element - {"using":"xpath","value":"//table[contains(@id, \"listView-innerSelectionPanelTable-listUl\")]/tbody/tr[16]/td[2]/div"}
RESULT: {"using":"xpath","value":"//table[contains(@id, \"listView-innerSelectionPanelTable-listUl\")]/tbody/tr[16]/td[2]/div"}
COMMAND: POST /session/276af0ab14c8f1c47b44a918c5eb4f66/element - {"using":"xpath","value":"//table[contains(@id, \"listView-innerSelectionPanelTable-listUl\")]/tbody/tr[16]/td[3]/div/div/span/span[1]/bdi"}
RESULT: {"using":"xpath","value":"//table[contains(@id, \"listView-innerSelectionPanelTable-listUl\")]/tbody/tr[16]/td[3]/div/div/span/span[1]/bdi"}
COMMAND: POST /session/276af0ab14c8f1c47b44a918c5eb4f66/execute/sync - {"script":"<script> [56 bytes]","args":[{"element-6066-11e4-a52e-4f735466cecf":"f.5C77A6788F2F180DC89ED0F4DCB2CDCA.d.BB0BB3512281F3483302E5344791A15B.e.7733","ELEMENT":"f.5C77A6788F2F180DC89ED0F4DCB2CDCA.d.BB0BB3512281F3483302E5344791A15B.e.7733"}]}
RESULT: {"script":"<script> [56 bytes]","args":[{"element-6066-11e4-a52e-4f735466cecf":"f.5C77A6788F2F180DC89ED0F4DCB2CDCA.d.BB0BB3512281F3483302E5344791A15B.e.7733","ELEMENT":"f.5C77A6788F2F180DC89ED0F4DCB2CDCA.d.BB0BB3512281F3483302E5344791A15B.e.7733"}]}
COMMAND: GET /session/276af0ab14c8f1c47b44a918c5eb4f66/element/f.5C77A6788F2F180DC89ED0F4DCB2CDCA.d.BB0BB3512281F3483302E5344791A15B.e.7732/attribute/aria-checked - {}
COMMAND: GET /session/276af0ab14c8f1c47b44a918c5eb4f66/screenshot - {}
RESULT: {}
COMMAND: POST /session/276af0ab14c8f1c47b44a918c5eb4f66/element - {"using":"xpath","value":"//table[contains(@id, \"listView-innerSelectionPanelTable-listUl\")]/tbody/tr[17]/td[2]/div/div"}
RESULT: {}
RESULT: {"using":"xpath","value":"//table[contains(@id, \"listView-innerSelectionPanelTable-listUl\")]/tbody/tr[17]/td[2]/div/div"}
COMMAND: POST /session/276af0ab14c8f1c47b44a918c5eb4f66/element - {"using":"xpath","value":"//table[contains(@id, \"listView-innerSelectionPanelTable-listUl\")]/tbody/tr[17]/td[2]/div"}
RESULT: {"using":"xpath","value":"//table[contains(@id, \"listView-innerSelectionPanelTable-listUl\")]/tbody/tr[17]/td[2]/div"}
COMMAND: POST /session/276af0ab14c8f1c47b44a918c5eb4f66/element - {"using":"xpath","value":"//table[contains(@id, \"listView-innerSelectionPanelTable-listUl\")]/tbody/tr[17]/td[3]/div/div/span/span[1]/bdi"}
RESULT: {"using":"xpath","value":"//table[contains(@id, \"listView-innerSelectionPanelTable-listUl\")]/tbody/tr[17]/td[3]/div/div/span/span[1]/bdi"}
COMMAND: POST /session/276af0ab14c8f1c47b44a918c5eb4f66/execute/sync - {"script":"<script> [56 bytes]","args":[{"element-6066-11e4-a52e-4f735466cecf":"f.5C77A6788F2F180DC89ED0F4DCB2CDCA.d.BB0BB3512281F3483302E5344791A15B.e.7736","ELEMENT":"f.5C77A6788F2F180DC89ED0F4DCB2CDCA.d.BB0BB3512281F3483302E5344791A15B.e.7736"}]}
RESULT: {"script":"<script> [56 bytes]","args":[{"element-6066-11e4-a52e-4f735466cecf":"f.5C77A6788F2F180DC89ED0F4DCB2CDCA.d.BB0BB3512281F3483302E5344791A15B.e.7736","ELEMENT":"f.5C77A6788F2F180DC89ED0F4DCB2CDCA.d.BB0BB3512281F3483302E5344791A15B.e.7736"}]}
COMMAND: GET /session/276af0ab14c8f1c47b44a918c5eb4f66/element/f.5C77A6788F2F180DC89ED0F4DCB2CDCA.d.BB0BB3512281F3483302E5344791A15B.e.7735/attribute/aria-checked - {}
COMMAND: GET /session/276af0ab14c8f1c47b44a918c5eb4f66/screenshot - {}
RESULT: {}
COMMAND: POST /session/276af0ab14c8f1c47b44a918c5eb4f66/element - {"using":"xpath","value":"//table[contains(@id, \"listView-innerSelectionPanelTable-listUl\")]/tbody/tr[18]/td[2]/div/div"}
RESULT: {}
RESULT: {"using":"xpath","value":"//table[contains(@id, \"listView-innerSelectionPanelTable-listUl\")]/tbody/tr[18]/td[2]/div/div"}
COMMAND: POST /session/276af0ab14c8f1c47b44a918c5eb4f66/element - {"using":"xpath","value":"//table[contains(@id, \"listView-innerSelectionPanelTable-listUl\")]/tbody/tr[18]/td[2]/div"}
RESULT: {"using":"xpath","value":"//table[contains(@id, \"listView-innerSelectionPanelTable-listUl\")]/tbody/tr[18]/td[2]/div"}
COMMAND: POST /session/276af0ab14c8f1c47b44a918c5eb4f66/element - {"using":"xpath","value":"//table[contains(@id, \"listView-innerSelectionPanelTable-listUl\")]/tbody/tr[18]/td[3]/div/div/span/span[1]/bdi"}
RESULT: {"using":"xpath","value":"//table[contains(@id, \"listView-innerSelectionPanelTable-listUl\")]/tbody/tr[18]/td[3]/div/div/span/span[1]/bdi"}
COMMAND: POST /session/276af0ab14c8f1c47b44a918c5eb4f66/execute/sync - {"script":"<script> [56 bytes]","args":[{"element-6066-11e4-a52e-4f735466cecf":"f.5C77A6788F2F180DC89ED0F4DCB2CDCA.d.BB0BB3512281F3483302E5344791A15B.e.7739","ELEMENT":"f.5C77A6788F2F180DC89ED0F4DCB2CDCA.d.BB0BB3512281F3483302E5344791A15B.e.7739"}]}
RESULT: {"script":"<script> [56 bytes]","args":[{"element-6066-11e4-a52e-4f735466cecf":"f.5C77A6788F2F180DC89ED0F4DCB2CDCA.d.BB0BB3512281F3483302E5344791A15B.e.7739","ELEMENT":"f.5C77A6788F2F180DC89ED0F4DCB2CDCA.d.BB0BB3512281F3483302E5344791A15B.e.7739"}]}
COMMAND: GET /session/276af0ab14c8f1c47b44a918c5eb4f66/element/f.5C77A6788F2F180DC89ED0F4DCB2CDCA.d.BB0BB3512281F3483302E5344791A15B.e.7738/attribute/aria-checked - {}
COMMAND: GET /session/276af0ab14c8f1c47b44a918c5eb4f66/screenshot - {}
RESULT: {}
COMMAND: POST /session/276af0ab14c8f1c47b44a918c5eb4f66/element - {"using":"xpath","value":"//table[contains(@id, \"listView-innerSelectionPanelTable-listUl\")]/tbody/tr[19]/td[2]/div/div"}
RESULT: {}
RESULT: {"using":"xpath","value":"//table[contains(@id, \"listView-innerSelectionPanelTable-listUl\")]/tbody/tr[19]/td[2]/div/div"}
COMMAND: POST /session/276af0ab14c8f1c47b44a918c5eb4f66/element - {"using":"xpath","value":"//table[contains(@id, \"listView-innerSelectionPanelTable-listUl\")]/tbody/tr[19]/td[2]/div"}
RESULT: {"using":"xpath","value":"//table[contains(@id, \"listView-innerSelectionPanelTable-listUl\")]/tbody/tr[19]/td[2]/div"}
COMMAND: POST /session/276af0ab14c8f1c47b44a918c5eb4f66/element - {"using":"xpath","value":"//table[contains(@id, \"listView-innerSelectionPanelTable-listUl\")]/tbody/tr[19]/td[3]/div/div/span/span[1]/bdi"}
RESULT: {"using":"xpath","value":"//table[contains(@id, \"listView-innerSelectionPanelTable-listUl\")]/tbody/tr[19]/td[3]/div/div/span/span[1]/bdi"}
COMMAND: POST /session/276af0ab14c8f1c47b44a918c5eb4f66/execute/sync - {"script":"<script> [56 bytes]","args":[{"element-6066-11e4-a52e-4f735466cecf":"f.5C77A6788F2F180DC89ED0F4DCB2CDCA.d.BB0BB3512281F3483302E5344791A15B.e.7742","ELEMENT":"f.5C77A6788F2F180DC89ED0F4DCB2CDCA.d.BB0BB3512281F3483302E5344791A15B.e.7742"}]}
RESULT: {"script":"<script> [56 bytes]","args":[{"element-6066-11e4-a52e-4f735466cecf":"f.5C77A6788F2F180DC89ED0F4DCB2CDCA.d.BB0BB3512281F3483302E5344791A15B.e.7742","ELEMENT":"f.5C77A6788F2F180DC89ED0F4DCB2CDCA.d.BB0BB3512281F3483302E5344791A15B.e.7742"}]}
COMMAND: GET /session/276af0ab14c8f1c47b44a918c5eb4f66/element/f.5C77A6788F2F180DC89ED0F4DCB2CDCA.d.BB0BB3512281F3483302E5344791A15B.e.7741/attribute/aria-checked - {}
COMMAND: GET /session/276af0ab14c8f1c47b44a918c5eb4f66/screenshot - {}
RESULT: {}
COMMAND: POST /session/276af0ab14c8f1c47b44a918c5eb4f66/element - {"using":"xpath","value":"//table[contains(@id, \"listView-innerSelectionPanelTable-listUl\")]/tbody/tr[20]/td[2]/div/div"}
RESULT: {}
RESULT: {"using":"xpath","value":"//table[contains(@id, \"listView-innerSelectionPanelTable-listUl\")]/tbody/tr[20]/td[2]/div/div"}
COMMAND: POST /session/276af0ab14c8f1c47b44a918c5eb4f66/element - {"using":"xpath","value":"//table[contains(@id, \"listView-innerSelectionPanelTable-listUl\")]/tbody/tr[20]/td[2]/div"}
RESULT: {"using":"xpath","value":"//table[contains(@id, \"listView-innerSelectionPanelTable-listUl\")]/tbody/tr[20]/td[2]/div"}
COMMAND: POST /session/276af0ab14c8f1c47b44a918c5eb4f66/element - {"using":"xpath","value":"//table[contains(@id, \"listView-innerSelectionPanelTable-listUl\")]/tbody/tr[20]/td[3]/div/div/span/span[1]/bdi"}
RESULT: {"using":"xpath","value":"//table[contains(@id, \"listView-innerSelectionPanelTable-listUl\")]/tbody/tr[20]/td[3]/div/div/span/span[1]/bdi"}
COMMAND: POST /session/276af0ab14c8f1c47b44a918c5eb4f66/execute/sync - {"script":"<script> [56 bytes]","args":[{"element-6066-11e4-a52e-4f735466cecf":"f.5C77A6788F2F180DC89ED0F4DCB2CDCA.d.BB0BB3512281F3483302E5344791A15B.e.7745","ELEMENT":"f.5C77A6788F2F180DC89ED0F4DCB2CDCA.d.BB0BB3512281F3483302E5344791A15B.e.7745"}]}
RESULT: {"script":"<script> [56 bytes]","args":[{"element-6066-11e4-a52e-4f735466cecf":"f.5C77A6788F2F180DC89ED0F4DCB2CDCA.d.BB0BB3512281F3483302E5344791A15B.e.7745","ELEMENT":"f.5C77A6788F2F180DC89ED0F4DCB2CDCA.d.BB0BB3512281F3483302E5344791A15B.e.7745"}]}
COMMAND: GET /session/276af0ab14c8f1c47b44a918c5eb4f66/element/f.5C77A6788F2F180DC89ED0F4DCB2CDCA.d.BB0BB3512281F3483302E5344791A15B.e.7744/attribute/aria-checked - {}
COMMAND: GET /session/276af0ab14c8f1c47b44a918c5eb4f66/screenshot - {}
RESULT: {}
COMMAND: POST /session/276af0ab14c8f1c47b44a918c5eb4f66/element - {"using":"xpath","value":"//table[contains(@id, \"listView-innerSelectionPanelTable-listUl\")]/tbody/tr[21]/td[2]/div/div"}
COMMAND: POST /session/276af0ab14c8f1c47b44a918c5eb4f66/element/f.5C77A6788F2F180DC89ED0F4DCB2CDCA.d.BB0BB3512281F3483302E5344791A15B.e.7743/click - {}
RESULT: {}
RESULT: {"using":"xpath","value":"//table[contains(@id, \"listView-innerSelectionPanelTable-listUl\")]/tbody/tr[21]/td[2]/div/div"}
COMMAND: POST /session/276af0ab14c8f1c47b44a918c5eb4f66/element - {"using":"xpath","value":"//table[contains(@id, \"listView-innerSelectionPanelTable-listUl\")]/tbody/tr[21]/td[2]/div"}
RESULT: {}
COMMAND: GET /session/276af0ab14c8f1c47b44a918c5eb4f66/screenshot - {}
RESULT: {"using":"xpath","value":"//table[contains(@id, \"listView-innerSelectionPanelTable-listUl\")]/tbody/tr[21]/td[2]/div"}
COMMAND: POST /session/276af0ab14c8f1c47b44a918c5eb4f66/element - {"using":"xpath","value":"//table[contains(@id, \"listView-innerSelectionPanelTable-listUl\")]/tbody/tr[21]/td[3]/div/div/span/span[1]/bdi"}
RESULT: {}
RESULT: {"using":"xpath","value":"//table[contains(@id, \"listView-innerSelectionPanelTable-listUl\")]/tbody/tr[21]/td[3]/div/div/span/span[1]/bdi"}
COMMAND: POST /session/276af0ab14c8f1c47b44a918c5eb4f66/execute/sync - {"script":"<script> [56 bytes]","args":[{"element-6066-11e4-a52e-4f735466cecf":"f.5C77A6788F2F180DC89ED0F4DCB2CDCA.d.BB0BB3512281F3483302E5344791A15B.e.7751","ELEMENT":"f.5C77A6788F2F180DC89ED0F4DCB2CDCA.d.BB0BB3512281F3483302E5344791A15B.e.7751"}]}
RESULT: {"script":"<script> [56 bytes]","args":[{"element-6066-11e4-a52e-4f735466cecf":"f.5C77A6788F2F180DC89ED0F4DCB2CDCA.d.BB0BB3512281F3483302E5344791A15B.e.7751","ELEMENT":"f.5C77A6788F2F180DC89ED0F4DCB2CDCA.d.BB0BB3512281F3483302E5344791A15B.e.7751"}]}
COMMAND: GET /session/276af0ab14c8f1c47b44a918c5eb4f66/element/f.5C77A6788F2F180DC89ED0F4DCB2CDCA.d.BB0BB3512281F3483302E5344791A15B.e.7750/attribute/aria-checked - {}
COMMAND: GET /session/276af0ab14c8f1c47b44a918c5eb4f66/screenshot - {}
RESULT: {}
COMMAND: POST /session/276af0ab14c8f1c47b44a918c5eb4f66/element - {"using":"xpath","value":"//table[contains(@id, \"listView-innerSelectionPanelTable-listUl\")]/tbody/tr[22]/td[2]/div/div"}
COMMAND: POST /session/276af0ab14c8f1c47b44a918c5eb4f66/element/f.5C77A6788F2F180DC89ED0F4DCB2CDCA.d.BB0BB3512281F3483302E5344791A15B.e.7746/click - {}
RESULT: {}
RESULT: {"using":"xpath","value":"//table[contains(@id, \"listView-innerSelectionPanelTable-listUl\")]/tbody/tr[22]/td[2]/div/div"}
COMMAND: POST /session/276af0ab14c8f1c47b44a918c5eb4f66/element - {"using":"xpath","value":"//table[contains(@id, \"listView-innerSelectionPanelTable-listUl\")]/tbody/tr[22]/td[2]/div"}
RESULT: {}
COMMAND: GET /session/276af0ab14c8f1c47b44a918c5eb4f66/screenshot - {}
RESULT: {"using":"xpath","value":"//table[contains(@id, \"listView-innerSelectionPanelTable-listUl\")]/tbody/tr[22]/td[2]/div"}
COMMAND: POST /session/276af0ab14c8f1c47b44a918c5eb4f66/element - {"using":"xpath","value":"//table[contains(@id, \"listView-innerSelectionPanelTable-listUl\")]/tbody/tr[22]/td[3]/div/div/span/span[1]/bdi"}
RESULT: {}
RESULT: {"using":"xpath","value":"//table[contains(@id, \"listView-innerSelectionPanelTable-listUl\")]/tbody/tr[22]/td[3]/div/div/span/span[1]/bdi"}
COMMAND: POST /session/276af0ab14c8f1c47b44a918c5eb4f66/execute/sync - {"script":"<script> [56 bytes]","args":[{"element-6066-11e4-a52e-4f735466cecf":"f.5C77A6788F2F180DC89ED0F4DCB2CDCA.d.BB0BB3512281F3483302E5344791A15B.e.7755","ELEMENT":"f.5C77A6788F2F180DC89ED0F4DCB2CDCA.d.BB0BB3512281F3483302E5344791A15B.e.7755"}]}
RESULT: {"script":"<script> [56 bytes]","args":[{"element-6066-11e4-a52e-4f735466cecf":"f.5C77A6788F2F180DC89ED0F4DCB2CDCA.d.BB0BB3512281F3483302E5344791A15B.e.7755","ELEMENT":"f.5C77A6788F2F180DC89ED0F4DCB2CDCA.d.BB0BB3512281F3483302E5344791A15B.e.7755"}]}
COMMAND: GET /session/276af0ab14c8f1c47b44a918c5eb4f66/element/f.5C77A6788F2F180DC89ED0F4DCB2CDCA.d.BB0BB3512281F3483302E5344791A15B.e.7754/attribute/aria-checked - {}
COMMAND: GET /session/276af0ab14c8f1c47b44a918c5eb4f66/screenshot - {}
RESULT: {}
COMMAND: POST /session/276af0ab14c8f1c47b44a918c5eb4f66/element - {"using":"xpath","value":"//table[contains(@id, \"listView-innerSelectionPanelTable-listUl\")]/tbody/tr[23]/td[2]/div/div"}
RESULT: {}
RESULT: {"using":"xpath","value":"//table[contains(@id, \"listView-innerSelectionPanelTable-listUl\")]/tbody/tr[23]/td[2]/div/div"}
COMMAND: POST /session/276af0ab14c8f1c47b44a918c5eb4f66/element - {"using":"xpath","value":"//table[contains(@id, \"listView-innerSelectionPanelTable-listUl\")]/tbody/tr[23]/td[2]/div"}
RESULT: {"using":"xpath","value":"//table[contains(@id, \"listView-innerSelectionPanelTable-listUl\")]/tbody/tr[23]/td[2]/div"}
COMMAND: POST /session/276af0ab14c8f1c47b44a918c5eb4f66/element - {"using":"xpath","value":"//table[contains(@id, \"listView-innerSelectionPanelTable-listUl\")]/tbody/tr[23]/td[3]/div/div/span/span[1]/bdi"}
RESULT: {"using":"xpath","value":"//table[contains(@id, \"listView-innerSelectionPanelTable-listUl\")]/tbody/tr[23]/td[3]/div/div/span/span[1]/bdi"}
COMMAND: POST /session/276af0ab14c8f1c47b44a918c5eb4f66/execute/sync - {"script":"<script> [56 bytes]","args":[{"element-6066-11e4-a52e-4f735466cecf":"f.5C77A6788F2F180DC89ED0F4DCB2CDCA.d.BB0BB3512281F3483302E5344791A15B.e.7758","ELEMENT":"f.5C77A6788F2F180DC89ED0F4DCB2CDCA.d.BB0BB3512281F3483302E5344791A15B.e.7758"}]}
RESULT: {"script":"<script> [56 bytes]","args":[{"element-6066-11e4-a52e-4f735466cecf":"f.5C77A6788F2F180DC89ED0F4DCB2CDCA.d.BB0BB3512281F3483302E5344791A15B.e.7758","ELEMENT":"f.5C77A6788F2F180DC89ED0F4DCB2CDCA.d.BB0BB3512281F3483302E5344791A15B.e.7758"}]}
COMMAND: GET /session/276af0ab14c8f1c47b44a918c5eb4f66/element/f.5C77A6788F2F180DC89ED0F4DCB2CDCA.d.BB0BB3512281F3483302E5344791A15B.e.7757/attribute/aria-checked - {}
COMMAND: GET /session/276af0ab14c8f1c47b44a918c5eb4f66/screenshot - {}
RESULT: {}
COMMAND: POST /session/276af0ab14c8f1c47b44a918c5eb4f66/element - {"using":"xpath","value":"//table[contains(@id, \"listView-innerSelectionPanelTable-listUl\")]/tbody/tr[24]/td[2]/div/div"}
RESULT: {}
RESULT: {"using":"xpath","value":"//table[contains(@id, \"listView-innerSelectionPanelTable-listUl\")]/tbody/tr[24]/td[2]/div/div"}
COMMAND: POST /session/276af0ab14c8f1c47b44a918c5eb4f66/element - {"using":"xpath","value":"//table[contains(@id, \"listView-innerSelectionPanelTable-listUl\")]/tbody/tr[24]/td[2]/div"}
RESULT: {"using":"xpath","value":"//table[contains(@id, \"listView-innerSelectionPanelTable-listUl\")]/tbody/tr[24]/td[2]/div"}
COMMAND: POST /session/276af0ab14c8f1c47b44a918c5eb4f66/element - {"using":"xpath","value":"//table[contains(@id, \"listView-innerSelectionPanelTable-listUl\")]/tbody/tr[24]/td[3]/div/div/span/span[1]/bdi"}
RESULT: {"using":"xpath","value":"//table[contains(@id, \"listView-innerSelectionPanelTable-listUl\")]/tbody/tr[24]/td[3]/div/div/span/span[1]/bdi"}
COMMAND: POST /session/276af0ab14c8f1c47b44a918c5eb4f66/execute/sync - {"script":"<script> [56 bytes]","args":[{"element-6066-11e4-a52e-4f735466cecf":"f.5C77A6788F2F180DC89ED0F4DCB2CDCA.d.BB0BB3512281F3483302E5344791A15B.e.7761","ELEMENT":"f.5C77A6788F2F180DC89ED0F4DCB2CDCA.d.BB0BB3512281F3483302E5344791A15B.e.7761"}]}
RESULT: {"script":"<script> [56 bytes]","args":[{"element-6066-11e4-a52e-4f735466cecf":"f.5C77A6788F2F180DC89ED0F4DCB2CDCA.d.BB0BB3512281F3483302E5344791A15B.e.7761","ELEMENT":"f.5C77A6788F2F180DC89ED0F4DCB2CDCA.d.BB0BB3512281F3483302E5344791A15B.e.7761"}]}
COMMAND: GET /session/276af0ab14c8f1c47b44a918c5eb4f66/element/f.5C77A6788F2F180DC89ED0F4DCB2CDCA.d.BB0BB3512281F3483302E5344791A15B.e.7760/attribute/aria-checked - {}
COMMAND: GET /session/276af0ab14c8f1c47b44a918c5eb4f66/screenshot - {}
RESULT: {}
COMMAND: POST /session/276af0ab14c8f1c47b44a918c5eb4f66/element - {"using":"xpath","value":"//table[contains(@id, \"listView-innerSelectionPanelTable-listUl\")]/tbody/tr[25]/td[2]/div/div"}
RESULT: {}
RESULT: {"using":"xpath","value":"//table[contains(@id, \"listView-innerSelectionPanelTable-listUl\")]/tbody/tr[25]/td[2]/div/div"}
COMMAND: POST /session/276af0ab14c8f1c47b44a918c5eb4f66/element - {"using":"xpath","value":"//table[contains(@id, \"listView-innerSelectionPanelTable-listUl\")]/tbody/tr[25]/td[2]/div"}
RESULT: {"using":"xpath","value":"//table[contains(@id, \"listView-innerSelectionPanelTable-listUl\")]/tbody/tr[25]/td[2]/div"}
COMMAND: POST /session/276af0ab14c8f1c47b44a918c5eb4f66/element - {"using":"xpath","value":"//table[contains(@id, \"listView-innerSelectionPanelTable-listUl\")]/tbody/tr[25]/td[3]/div/div/span/span[1]/bdi"}
RESULT: {"using":"xpath","value":"//table[contains(@id, \"listView-innerSelectionPanelTable-listUl\")]/tbody/tr[25]/td[3]/div/div/span/span[1]/bdi"}
COMMAND: POST /session/276af0ab14c8f1c47b44a918c5eb4f66/execute/sync - {"script":"<script> [56 bytes]","args":[{"element-6066-11e4-a52e-4f735466cecf":"f.5C77A6788F2F180DC89ED0F4DCB2CDCA.d.BB0BB3512281F3483302E5344791A15B.e.7764","ELEMENT":"f.5C77A6788F2F180DC89ED0F4DCB2CDCA.d.BB0BB3512281F3483302E5344791A15B.e.7764"}]}
RESULT: {"script":"<script> [56 bytes]","args":[{"element-6066-11e4-a52e-4f735466cecf":"f.5C77A6788F2F180DC89ED0F4DCB2CDCA.d.BB0BB3512281F3483302E5344791A15B.e.7764","ELEMENT":"f.5C77A6788F2F180DC89ED0F4DCB2CDCA.d.BB0BB3512281F3483302E5344791A15B.e.7764"}]}
COMMAND: GET /session/276af0ab14c8f1c47b44a918c5eb4f66/element/f.5C77A6788F2F180DC89ED0F4DCB2CDCA.d.BB0BB3512281F3483302E5344791A15B.e.7763/attribute/aria-checked - {}
COMMAND: GET /session/276af0ab14c8f1c47b44a918c5eb4f66/screenshot - {}
RESULT: {}
COMMAND: POST /session/276af0ab14c8f1c47b44a918c5eb4f66/element - {"using":"xpath","value":"//bdi[contains(text(), \"OK\")]"}
RESULT: {}
RESULT: {"using":"xpath","value":"//bdi[contains(text(), \"OK\")]"}
COMMAND: POST /session/276af0ab14c8f1c47b44a918c5eb4f66/element/f.5C77A6788F2F180DC89ED0F4DCB2CDCA.d.BB0BB3512281F3483302E5344791A15B.e.7765/click - {}
RESULT: {}
COMMAND: GET /session/276af0ab14c8f1c47b44a918c5eb4f66/screenshot - {}
RESULT: {}
COMMAND: POST /session/276af0ab14c8f1c47b44a918c5eb4f66/execute/async - {"script":"<script> [1562 bytes]","args":[{"selector":{"id":"application-managepartners-display-component---masterPtm--smartFilterBar-filterItemControlA_-LINK_TO_ADDRESSES_MAIN.ID-vhi"},"wdio_ui5_key":"applicationmanagepartners-display-component---masterPtm--smartFilterBar-filterItemControlA_-LINK_TO_ADDRESSES_MAIN.ID-vhi"}]}
RESULT: {"script":"<script> [1562 bytes]","args":[{"selector":{"id":"application-managepartners-display-component---masterPtm--smartFilterBar-filterItemControlA_-LINK_TO_ADDRESSES_MAIN.ID-vhi"},"wdio_ui5_key":"applicationmanagepartners-display-component---masterPtm--smartFilterBar-filterItemControlA_-LINK_TO_ADDRESSES_MAIN.ID-vhi"}]}
RESULT: undefined
COMMAND: POST /session/276af0ab14c8f1c47b44a918c5eb4f66/element - {"using":"xpath","value":"//*[@id=\"application-managepartners-display-component---masterPtm--smartFilterBar-filterItemControlA_-LINK_TO_ADDRESSES_MAIN.ID-vhi\"]"}
RESULT: {"using":"xpath","value":"//*[@id=\"application-managepartners-display-component---masterPtm--smartFilterBar-filterItemControlA_-LINK_TO_ADDRESSES_MAIN.ID-vhi\"]"}
COMMAND: POST /session/276af0ab14c8f1c47b44a918c5eb4f66/element/f.5C77A6788F2F180DC89ED0F4DCB2CDCA.d.BB0BB3512281F3483302E5344791A15B.e.7778/click - {}
RESULT: {}
COMMAND: GET /session/276af0ab14c8f1c47b44a918c5eb4f66/screenshot - {}
RESULT: {}
COMMAND: POST /session/276af0ab14c8f1c47b44a918c5eb4f66/execute/async - {"script":"<script> [1562 bytes]","args":[{"selector":{"controlType":"sap.ui.core.Icon","viewName":"etm.portal.ui.managepartners.view.Master","viewId":"application-managepartners-display-component---masterPtm","properties":{"src":{"regex":{"source":"slim\\-arrow\\-down"}}},"searchOpenDialogs":true},"wdio_ui5_key":"etmportal.ui.managepartners.view.Mastersap.ui.core.Icon{\"src\":{\"regex\":{\"source\":\"slim\\\\-arrow\\\\-down\"}}}"}]}
RESULT: {"script":"<script> [1562 bytes]","args":[{"selector":{"controlType":"sap.ui.core.Icon","viewName":"etm.portal.ui.managepartners.view.Master","viewId":"application-managepartners-display-component---masterPtm","properties":{"src":{"regex":{"source":"slim\\-arrow\\-down"}}},"searchOpenDialogs":true},"wdio_ui5_key":"etmportal.ui.managepartners.view.Mastersap.ui.core.Icon{\"src\":{\"regex\":{\"source\":\"slim\\\\-arrow\\\\-down\"}}}"}]}
RESULT: undefined
COMMAND: POST /session/276af0ab14c8f1c47b44a918c5eb4f66/element - {"using":"xpath","value":"//*[@id=\"__box77-arrow\"]"}
RESULT: {"using":"xpath","value":"//*[@id=\"__box77-arrow\"]"}
COMMAND: POST /session/276af0ab14c8f1c47b44a918c5eb4f66/element/f.5C77A6788F2F180DC89ED0F4DCB2CDCA.d.BB0BB3512281F3483302E5344791A15B.e.7783/click - {}
RESULT: {}
COMMAND: GET /session/276af0ab14c8f1c47b44a918c5eb4f66/screenshot - {}
RESULT: {}
COMMAND: POST /session/276af0ab14c8f1c47b44a918c5eb4f66/element - {"using":"xpath","value":"//li[.//span[text()='equal to']]"}
RESULT: {"using":"xpath","value":"//li[.//span[text()='equal to']]"}
COMMAND: POST /session/276af0ab14c8f1c47b44a918c5eb4f66/element/f.5C77A6788F2F180DC89ED0F4DCB2CDCA.d.BB0BB3512281F3483302E5344791A15B.e.7784/click - {}
RESULT: {}
COMMAND: GET /session/276af0ab14c8f1c47b44a918c5eb4f66/screenshot - {}
RESULT: {}
RESULT: undefined
COMMAND: POST /session/276af0ab14c8f1c47b44a918c5eb4f66/execute/async - {"script":"<script> [776 bytes]","args":[{"enterText":"1006","selector":{"controlType":"sap.m.Input","viewName":"etm.portal.ui.managepartners.view.Master","viewId":"application-managepartners-display-component---masterPtm","properties":{"valueState":"None"},"searchOpenDialogs":true,"interaction":{"idSuffix":"inner"}},"clearTextFirst":true,"interactionType":"ENTER_TEXT"}]}
RESULT: {"script":"<script> [776 bytes]","args":[{"enterText":"1006","selector":{"controlType":"sap.m.Input","viewName":"etm.portal.ui.managepartners.view.Master","viewId":"application-managepartners-display-component---masterPtm","properties":{"valueState":"None"},"searchOpenDialogs":true,"interaction":{"idSuffix":"inner"}},"clearTextFirst":true,"interactionType":"ENTER_TEXT"}]}
COMMAND: POST /session/276af0ab14c8f1c47b44a918c5eb4f66/actions - {"actions":[{"id":"action24","type":"key","parameters":{},"actions":[{"type":"keyDown","value":""},{"type":"pause","duration":10},{"type":"keyUp","value":""}]}]}
RESULT: {"actions":[{"id":"action24","type":"key","parameters":{},"actions":[{"type":"keyDown","value":""},{"type":"pause","duration":10},{"type":"keyUp","value":""}]}]}
COMMAND: GET /session/276af0ab14c8f1c47b44a918c5eb4f66/screenshot - {}
RESULT: {}
COMMAND: POST /session/276af0ab14c8f1c47b44a918c5eb4f66/element - {"using":"xpath","value":"(//bdi[contains(text(), \"OK\")])[1]"}
RESULT: {"using":"xpath","value":"(//bdi[contains(text(), \"OK\")])[1]"}
COMMAND: POST /session/276af0ab14c8f1c47b44a918c5eb4f66/element/f.5C77A6788F2F180DC89ED0F4DCB2CDCA.d.BB0BB3512281F3483302E5344791A15B.e.7785/click - {}
RESULT: {}
COMMAND: GET /session/276af0ab14c8f1c47b44a918c5eb4f66/screenshot - {}
COMMAND: POST /session/276af0ab14c8f1c47b44a918c5eb4f66/element - {"using":"xpath","value":"//span[@id=\"application-managepartners-display-component---masterPtm--smartTable-header-inner\"]"}
RESULT: {}
RESULT: {"using":"xpath","value":"//span[@id=\"application-managepartners-display-component---masterPtm--smartTable-header-inner\"]"}
COMMAND: POST /session/276af0ab14c8f1c47b44a918c5eb4f66/elements - {"using":"xpath","value":"//span[@id=\"application-managepartners-display-component---masterPtm--smartTable-header-inner\"]"}
RESULT: {"using":"xpath","value":"//span[@id=\"application-managepartners-display-component---masterPtm--smartTable-header-inner\"]"}
COMMAND: POST /session/276af0ab14c8f1c47b44a918c5eb4f66/execute/sync - {"script":"<script> [56 bytes]","args":[{"element-6066-11e4-a52e-4f735466cecf":"f.5C77A6788F2F180DC89ED0F4DCB2CDCA.d.BB0BB3512281F3483302E5344791A15B.e.7623","ELEMENT":"f.5C77A6788F2F180DC89ED0F4DCB2CDCA.d.BB0BB3512281F3483302E5344791A15B.e.7623"}]}
RESULT: {"script":"<script> [56 bytes]","args":[{"element-6066-11e4-a52e-4f735466cecf":"f.5C77A6788F2F180DC89ED0F4DCB2CDCA.d.BB0BB3512281F3483302E5344791A15B.e.7623","ELEMENT":"f.5C77A6788F2F180DC89ED0F4DCB2CDCA.d.BB0BB3512281F3483302E5344791A15B.e.7623"}]}
COMMAND: POST /session/276af0ab14c8f1c47b44a918c5eb4f66/element - {"using":"xpath","value":"//span[contains(@title, \"Remove\")]"}
COMMAND: GET /session/276af0ab14c8f1c47b44a918c5eb4f66/screenshot - {}
RESULT: {"using":"xpath","value":"//span[contains(@title, \"Remove\")]"}
COMMAND: POST /session/276af0ab14c8f1c47b44a918c5eb4f66/element/f.5C77A6788F2F180DC89ED0F4DCB2CDCA.d.BB0BB3512281F3483302E5344791A15B.e.7790/click - {}
RESULT: {}
RESULT: {}
COMMAND: GET /session/276af0ab14c8f1c47b44a918c5eb4f66/screenshot - {}
RESULT: {}
RESULT: undefined
COMMAND: POST /session/276af0ab14c8f1c47b44a918c5eb4f66/element - {"using":"xpath","value":"//*[@id=\"application-managepartners-display-component---masterPtm--smartFilterBar-filterItemControl_BASIC-YARD-vhi\"]"}
RESULT: {"using":"xpath","value":"//*[@id=\"application-managepartners-display-component---masterPtm--smartFilterBar-filterItemControl_BASIC-YARD-vhi\"]"}
COMMAND: POST /session/276af0ab14c8f1c47b44a918c5eb4f66/element/f.5C77A6788F2F180DC89ED0F4DCB2CDCA.d.BB0BB3512281F3483302E5344791A15B.e.7895/click - {}
RESULT: {}
COMMAND: GET /session/276af0ab14c8f1c47b44a918c5eb4f66/screenshot - {}
RESULT: {}
RESULT: undefined
COMMAND: POST /session/276af0ab14c8f1c47b44a918c5eb4f66/execute/async - {"script":"<script> [776 bytes]","args":[{"enterText":"Test","selector":{"id":"application-managepartners-display-component---masterPtm--smartFilterBar-filterItemControl_BASIC-YARD-valueHelpDialog-smartFilterBar-btnBasicSearch","searchOpenDialogs":true,"interaction":{"idSuffix":"I"}},"clearTextFirst":true,"interactionType":"ENTER_TEXT"}]}
RESULT: {"script":"<script> [776 bytes]","args":[{"enterText":"Test","selector":{"id":"application-managepartners-display-component---masterPtm--smartFilterBar-filterItemControl_BASIC-YARD-valueHelpDialog-smartFilterBar-btnBasicSearch","searchOpenDialogs":true,"interaction":{"idSuffix":"I"}},"clearTextFirst":true,"interactionType":"ENTER_TEXT"}]}
COMMAND: POST /session/276af0ab14c8f1c47b44a918c5eb4f66/actions - {"actions":[{"id":"action25","type":"key","parameters":{},"actions":[{"type":"keyDown","value":""},{"type":"pause","duration":10},{"type":"keyUp","value":""}]}]}
RESULT: {"actions":[{"id":"action25","type":"key","parameters":{},"actions":[{"type":"keyDown","value":""},{"type":"pause","duration":10},{"type":"keyUp","value":""}]}]}
COMMAND: POST /session/276af0ab14c8f1c47b44a918c5eb4f66/elements - {"using":"xpath","value":"//table[contains(@id, \"smartFilterBar-filterItemControl_BASIC-YARD-valueHelpDialog-table-table\")]/tbody/tr"}
COMMAND: GET /session/276af0ab14c8f1c47b44a918c5eb4f66/screenshot - {}
RESULT: {"using":"xpath","value":"//table[contains(@id, \"smartFilterBar-filterItemControl_BASIC-YARD-valueHelpDialog-table-table\")]/tbody/tr"}
COMMAND: POST /session/276af0ab14c8f1c47b44a918c5eb4f66/element - {"using":"xpath","value":"//table[contains(@id, \"smartFilterBar-filterItemControl_BASIC-YARD-valueHelpDialog-table-table\")]/tbody/tr[1]/td[1]/div/span"}
RESULT: {}
RESULT: {"using":"xpath","value":"//table[contains(@id, \"smartFilterBar-filterItemControl_BASIC-YARD-valueHelpDialog-table-table\")]/tbody/tr[1]/td[1]/div/span"}
COMMAND: POST /session/276af0ab14c8f1c47b44a918c5eb4f66/elements - {"using":"xpath","value":"//table[contains(@id, \"smartFilterBar-filterItemControl_BASIC-YARD-valueHelpDialog-table-table\")]/tbody/tr[1]/td[1]/div/span"}
RESULT: {"using":"xpath","value":"//table[contains(@id, \"smartFilterBar-filterItemControl_BASIC-YARD-valueHelpDialog-table-table\")]/tbody/tr[1]/td[1]/div/span"}
COMMAND: POST /session/276af0ab14c8f1c47b44a918c5eb4f66/execute/sync - {"script":"<script> [56 bytes]","args":[{"element-6066-11e4-a52e-4f735466cecf":"f.5C77A6788F2F180DC89ED0F4DCB2CDCA.d.BB0BB3512281F3483302E5344791A15B.e.7914","ELEMENT":"f.5C77A6788F2F180DC89ED0F4DCB2CDCA.d.BB0BB3512281F3483302E5344791A15B.e.7914"}]}
RESULT: {"script":"<script> [56 bytes]","args":[{"element-6066-11e4-a52e-4f735466cecf":"f.5C77A6788F2F180DC89ED0F4DCB2CDCA.d.BB0BB3512281F3483302E5344791A15B.e.7914","ELEMENT":"f.5C77A6788F2F180DC89ED0F4DCB2CDCA.d.BB0BB3512281F3483302E5344791A15B.e.7914"}]}
COMMAND: POST /session/276af0ab14c8f1c47b44a918c5eb4f66/element - {"using":"xpath","value":"//table[contains(@id, \"smartFilterBar-filterItemControl_BASIC-YARD-valueHelpDialog-table-table\")]/tbody/tr[2]/td[1]/div/span"}
COMMAND: GET /session/276af0ab14c8f1c47b44a918c5eb4f66/screenshot - {}
RESULT: {"using":"xpath","value":"//table[contains(@id, \"smartFilterBar-filterItemControl_BASIC-YARD-valueHelpDialog-table-table\")]/tbody/tr[2]/td[1]/div/span"}
COMMAND: POST /session/276af0ab14c8f1c47b44a918c5eb4f66/elements - {"using":"xpath","value":"//table[contains(@id, \"smartFilterBar-filterItemControl_BASIC-YARD-valueHelpDialog-table-table\")]/tbody/tr[2]/td[1]/div/span"}
RESULT: {}
RESULT: {"using":"xpath","value":"//table[contains(@id, \"smartFilterBar-filterItemControl_BASIC-YARD-valueHelpDialog-table-table\")]/tbody/tr[2]/td[1]/div/span"}
COMMAND: POST /session/276af0ab14c8f1c47b44a918c5eb4f66/execute/sync - {"script":"<script> [56 bytes]","args":[{"element-6066-11e4-a52e-4f735466cecf":"f.5C77A6788F2F180DC89ED0F4DCB2CDCA.d.BB0BB3512281F3483302E5344791A15B.e.7915","ELEMENT":"f.5C77A6788F2F180DC89ED0F4DCB2CDCA.d.BB0BB3512281F3483302E5344791A15B.e.7915"}]}
RESULT: {"script":"<script> [56 bytes]","args":[{"element-6066-11e4-a52e-4f735466cecf":"f.5C77A6788F2F180DC89ED0F4DCB2CDCA.d.BB0BB3512281F3483302E5344791A15B.e.7915","ELEMENT":"f.5C77A6788F2F180DC89ED0F4DCB2CDCA.d.BB0BB3512281F3483302E5344791A15B.e.7915"}]}
COMMAND: POST /session/276af0ab14c8f1c47b44a918c5eb4f66/element - {"using":"xpath","value":"//table[contains(@id, \"smartFilterBar-filterItemControl_BASIC-YARD-valueHelpDialog-table-table\")]/tbody/tr[3]/td[1]/div/span"}
COMMAND: GET /session/276af0ab14c8f1c47b44a918c5eb4f66/screenshot - {}
RESULT: {"using":"xpath","value":"//table[contains(@id, \"smartFilterBar-filterItemControl_BASIC-YARD-valueHelpDialog-table-table\")]/tbody/tr[3]/td[1]/div/span"}
COMMAND: POST /session/276af0ab14c8f1c47b44a918c5eb4f66/elements - {"using":"xpath","value":"//table[contains(@id, \"smartFilterBar-filterItemControl_BASIC-YARD-valueHelpDialog-table-table\")]/tbody/tr[3]/td[1]/div/span"}
RESULT: {}
RESULT: {"using":"xpath","value":"//table[contains(@id, \"smartFilterBar-filterItemControl_BASIC-YARD-valueHelpDialog-table-table\")]/tbody/tr[3]/td[1]/div/span"}
COMMAND: POST /session/276af0ab14c8f1c47b44a918c5eb4f66/execute/sync - {"script":"<script> [56 bytes]","args":[{"element-6066-11e4-a52e-4f735466cecf":"f.5C77A6788F2F180DC89ED0F4DCB2CDCA.d.BB0BB3512281F3483302E5344791A15B.e.7916","ELEMENT":"f.5C77A6788F2F180DC89ED0F4DCB2CDCA.d.BB0BB3512281F3483302E5344791A15B.e.7916"}]}
RESULT: {"script":"<script> [56 bytes]","args":[{"element-6066-11e4-a52e-4f735466cecf":"f.5C77A6788F2F180DC89ED0F4DCB2CDCA.d.BB0BB3512281F3483302E5344791A15B.e.7916","ELEMENT":"f.5C77A6788F2F180DC89ED0F4DCB2CDCA.d.BB0BB3512281F3483302E5344791A15B.e.7916"}]}
COMMAND: POST /session/276af0ab14c8f1c47b44a918c5eb4f66/element - {"using":"xpath","value":"//div[contains(@id, \"filterItemControl_BASIC-YARD-valueHelpDialog-table-rowsel2\")]"}
COMMAND: GET /session/276af0ab14c8f1c47b44a918c5eb4f66/screenshot - {}
RESULT: {"using":"xpath","value":"//div[contains(@id, \"filterItemControl_BASIC-YARD-valueHelpDialog-table-rowsel2\")]"}
COMMAND: POST /session/276af0ab14c8f1c47b44a918c5eb4f66/element/f.5C77A6788F2F180DC89ED0F4DCB2CDCA.d.BB0BB3512281F3483302E5344791A15B.e.7917/click - {}
RESULT: {}
RESULT: {}
COMMAND: GET /session/276af0ab14c8f1c47b44a918c5eb4f66/screenshot - {}
RESULT: {}
COMMAND: POST /session/276af0ab14c8f1c47b44a918c5eb4f66/element - {"using":"xpath","value":"(//bdi[contains(text(), \"OK\")])[1]"}
RESULT: {"using":"xpath","value":"(//bdi[contains(text(), \"OK\")])[1]"}
COMMAND: POST /session/276af0ab14c8f1c47b44a918c5eb4f66/element/f.5C77A6788F2F180DC89ED0F4DCB2CDCA.d.BB0BB3512281F3483302E5344791A15B.e.7919/click - {}
RESULT: {}
COMMAND: GET /session/276af0ab14c8f1c47b44a918c5eb4f66/screenshot - {}
RESULT: {}
COMMAND: POST /session/276af0ab14c8f1c47b44a918c5eb4f66/element - {"using":"xpath","value":"//span[@id=\"application-managepartners-display-component---masterPtm--smartTable-header-inner\"]"}
RESULT: {"using":"xpath","value":"//span[@id=\"application-managepartners-display-component---masterPtm--smartTable-header-inner\"]"}
COMMAND: POST /session/276af0ab14c8f1c47b44a918c5eb4f66/elements - {"using":"xpath","value":"//span[@id=\"application-managepartners-display-component---masterPtm--smartTable-header-inner\"]"}
RESULT: {"using":"xpath","value":"//span[@id=\"application-managepartners-display-component---masterPtm--smartTable-header-inner\"]"}
COMMAND: POST /session/276af0ab14c8f1c47b44a918c5eb4f66/execute/sync - {"script":"<script> [56 bytes]","args":[{"element-6066-11e4-a52e-4f735466cecf":"f.5C77A6788F2F180DC89ED0F4DCB2CDCA.d.BB0BB3512281F3483302E5344791A15B.e.7623","ELEMENT":"f.5C77A6788F2F180DC89ED0F4DCB2CDCA.d.BB0BB3512281F3483302E5344791A15B.e.7623"}]}
RESULT: {"script":"<script> [56 bytes]","args":[{"element-6066-11e4-a52e-4f735466cecf":"f.5C77A6788F2F180DC89ED0F4DCB2CDCA.d.BB0BB3512281F3483302E5344791A15B.e.7623","ELEMENT":"f.5C77A6788F2F180DC89ED0F4DCB2CDCA.d.BB0BB3512281F3483302E5344791A15B.e.7623"}]}
COMMAND: POST /session/276af0ab14c8f1c47b44a918c5eb4f66/element - {"using":"xpath","value":"//span[contains(@title, \"Remove\")]"}
COMMAND: GET /session/276af0ab14c8f1c47b44a918c5eb4f66/screenshot - {}
RESULT: {"using":"xpath","value":"//span[contains(@title, \"Remove\")]"}
COMMAND: POST /session/276af0ab14c8f1c47b44a918c5eb4f66/element/f.5C77A6788F2F180DC89ED0F4DCB2CDCA.d.BB0BB3512281F3483302E5344791A15B.e.7932/click - {}
RESULT: {}
RESULT: {}
COMMAND: GET /session/276af0ab14c8f1c47b44a918c5eb4f66/screenshot - {}
RESULT: {}
RESULT: undefined
COMMAND: POST /session/276af0ab14c8f1c47b44a918c5eb4f66/element - {"using":"xpath","value":"//*[@id=\"application-managepartners-display-component---masterPtm--smartFilterBar-filterItemControl_BASIC-MAIN_ADDRESS-vhi\"]"}
RESULT: {"using":"xpath","value":"//*[@id=\"application-managepartners-display-component---masterPtm--smartFilterBar-filterItemControl_BASIC-MAIN_ADDRESS-vhi\"]"}
COMMAND: POST /session/276af0ab14c8f1c47b44a918c5eb4f66/element/f.5C77A6788F2F180DC89ED0F4DCB2CDCA.d.BB0BB3512281F3483302E5344791A15B.e.8039/click - {}
RESULT: {}
COMMAND: GET /session/276af0ab14c8f1c47b44a918c5eb4f66/screenshot - {}
RESULT: {}
RESULT: undefined
COMMAND: POST /session/276af0ab14c8f1c47b44a918c5eb4f66/execute/async - {"script":"<script> [776 bytes]","args":[{"enterText":"Romania","selector":{"id":"application-managepartners-display-component---masterPtm--smartFilterBar-filterItemControl_BASIC-MAIN_ADDRESS-valueHelpDialog-smartFilterBar-btnBasicSearch","searchOpenDialogs":true,"interaction":{"idSuffix":"I"}},"clearTextFirst":true,"interactionType":"ENTER_TEXT"}]}
RESULT: {"script":"<script> [776 bytes]","args":[{"enterText":"Romania","selector":{"id":"application-managepartners-display-component---masterPtm--smartFilterBar-filterItemControl_BASIC-MAIN_ADDRESS-valueHelpDialog-smartFilterBar-btnBasicSearch","searchOpenDialogs":true,"interaction":{"idSuffix":"I"}},"clearTextFirst":true,"interactionType":"ENTER_TEXT"}]}
COMMAND: POST /session/276af0ab14c8f1c47b44a918c5eb4f66/actions - {"actions":[{"id":"action26","type":"key","parameters":{},"actions":[{"type":"keyDown","value":""},{"type":"pause","duration":10},{"type":"keyUp","value":""}]}]}
RESULT: {"actions":[{"id":"action26","type":"key","parameters":{},"actions":[{"type":"keyDown","value":""},{"type":"pause","duration":10},{"type":"keyUp","value":""}]}]}
COMMAND: POST /session/276af0ab14c8f1c47b44a918c5eb4f66/elements - {"using":"xpath","value":"//table[contains(@id, \"smartFilterBar-filterItemControl_BASIC-MAIN_ADDRESS-valueHelpDialog-table-table\")]/tbody/tr"}
COMMAND: GET /session/276af0ab14c8f1c47b44a918c5eb4f66/screenshot - {}
RESULT: {"using":"xpath","value":"//table[contains(@id, \"smartFilterBar-filterItemControl_BASIC-MAIN_ADDRESS-valueHelpDialog-table-table\")]/tbody/tr"}
COMMAND: POST /session/276af0ab14c8f1c47b44a918c5eb4f66/element - {"using":"xpath","value":"//table[contains(@id, \"smartFilterBar-filterItemControl_BASIC-MAIN_ADDRESS-valueHelpDialog-table-table\")]/tbody/tr[1]/td[1]/div/span"}
RESULT: {}
RESULT: {"using":"xpath","value":"//table[contains(@id, \"smartFilterBar-filterItemControl_BASIC-MAIN_ADDRESS-valueHelpDialog-table-table\")]/tbody/tr[1]/td[1]/div/span"}
COMMAND: POST /session/276af0ab14c8f1c47b44a918c5eb4f66/elements - {"using":"xpath","value":"//table[contains(@id, \"smartFilterBar-filterItemControl_BASIC-MAIN_ADDRESS-valueHelpDialog-table-table\")]/tbody/tr[1]/td[1]/div/span"}
RESULT: {"using":"xpath","value":"//table[contains(@id, \"smartFilterBar-filterItemControl_BASIC-MAIN_ADDRESS-valueHelpDialog-table-table\")]/tbody/tr[1]/td[1]/div/span"}
COMMAND: POST /session/276af0ab14c8f1c47b44a918c5eb4f66/execute/sync - {"script":"<script> [56 bytes]","args":[{"element-6066-11e4-a52e-4f735466cecf":"f.5C77A6788F2F180DC89ED0F4DCB2CDCA.d.BB0BB3512281F3483302E5344791A15B.e.8057","ELEMENT":"f.5C77A6788F2F180DC89ED0F4DCB2CDCA.d.BB0BB3512281F3483302E5344791A15B.e.8057"}]}
RESULT: {"script":"<script> [56 bytes]","args":[{"element-6066-11e4-a52e-4f735466cecf":"f.5C77A6788F2F180DC89ED0F4DCB2CDCA.d.BB0BB3512281F3483302E5344791A15B.e.8057","ELEMENT":"f.5C77A6788F2F180DC89ED0F4DCB2CDCA.d.BB0BB3512281F3483302E5344791A15B.e.8057"}]}
COMMAND: POST /session/276af0ab14c8f1c47b44a918c5eb4f66/element - {"using":"xpath","value":"//div[contains(@id, \"filterItemControl_BASIC-MAIN_ADDRESS-valueHelpDialog-table-rowsel0\")]"}
COMMAND: GET /session/276af0ab14c8f1c47b44a918c5eb4f66/screenshot - {}
RESULT: {"using":"xpath","value":"//div[contains(@id, \"filterItemControl_BASIC-MAIN_ADDRESS-valueHelpDialog-table-rowsel0\")]"}
COMMAND: POST /session/276af0ab14c8f1c47b44a918c5eb4f66/element/f.5C77A6788F2F180DC89ED0F4DCB2CDCA.d.BB0BB3512281F3483302E5344791A15B.e.8058/click - {}
RESULT: {}
RESULT: {}
COMMAND: GET /session/276af0ab14c8f1c47b44a918c5eb4f66/screenshot - {}
RESULT: {}
COMMAND: POST /session/276af0ab14c8f1c47b44a918c5eb4f66/element - {"using":"xpath","value":"(//bdi[contains(text(), \"OK\")])[1]"}
RESULT: {"using":"xpath","value":"(//bdi[contains(text(), \"OK\")])[1]"}
COMMAND: POST /session/276af0ab14c8f1c47b44a918c5eb4f66/element/f.5C77A6788F2F180DC89ED0F4DCB2CDCA.d.BB0BB3512281F3483302E5344791A15B.e.8060/click - {}
RESULT: {}
COMMAND: GET /session/276af0ab14c8f1c47b44a918c5eb4f66/screenshot - {}
RESULT: {}
COMMAND: POST /session/276af0ab14c8f1c47b44a918c5eb4f66/element - {"using":"xpath","value":"//span[@id=\"application-managepartners-display-component---masterPtm--smartTable-header-inner\"]"}
RESULT: {"using":"xpath","value":"//span[@id=\"application-managepartners-display-component---masterPtm--smartTable-header-inner\"]"}
COMMAND: POST /session/276af0ab14c8f1c47b44a918c5eb4f66/elements - {"using":"xpath","value":"//span[@id=\"application-managepartners-display-component---masterPtm--smartTable-header-inner\"]"}
RESULT: {"using":"xpath","value":"//span[@id=\"application-managepartners-display-component---masterPtm--smartTable-header-inner\"]"}
COMMAND: POST /session/276af0ab14c8f1c47b44a918c5eb4f66/execute/sync - {"script":"<script> [56 bytes]","args":[{"element-6066-11e4-a52e-4f735466cecf":"f.5C77A6788F2F180DC89ED0F4DCB2CDCA.d.BB0BB3512281F3483302E5344791A15B.e.7623","ELEMENT":"f.5C77A6788F2F180DC89ED0F4DCB2CDCA.d.BB0BB3512281F3483302E5344791A15B.e.7623"}]}
RESULT: {"script":"<script> [56 bytes]","args":[{"element-6066-11e4-a52e-4f735466cecf":"f.5C77A6788F2F180DC89ED0F4DCB2CDCA.d.BB0BB3512281F3483302E5344791A15B.e.7623","ELEMENT":"f.5C77A6788F2F180DC89ED0F4DCB2CDCA.d.BB0BB3512281F3483302E5344791A15B.e.7623"}]}
COMMAND: POST /session/276af0ab14c8f1c47b44a918c5eb4f66/element - {"using":"xpath","value":"//span[contains(@title, \"Remove\")]"}
COMMAND: GET /session/276af0ab14c8f1c47b44a918c5eb4f66/screenshot - {}
RESULT: {"using":"xpath","value":"//span[contains(@title, \"Remove\")]"}
COMMAND: POST /session/276af0ab14c8f1c47b44a918c5eb4f66/element/f.5C77A6788F2F180DC89ED0F4DCB2CDCA.d.BB0BB3512281F3483302E5344791A15B.e.8072/click - {}
RESULT: {}
RESULT: {}
COMMAND: GET /session/276af0ab14c8f1c47b44a918c5eb4f66/screenshot - {}
RESULT: {}
COMMAND: POST /session/276af0ab14c8f1c47b44a918c5eb4f66/execute/async - {"script":"<script> [1562 bytes]","args":[{"selector":{"id":"application-managepartners-display-component---masterPtm--catalogs-arrow"},"wdio_ui5_key":"applicationmanagepartners-display-component---masterPtm--catalogs-arrow"}]}
RESULT: {"script":"<script> [1562 bytes]","args":[{"selector":{"id":"application-managepartners-display-component---masterPtm--catalogs-arrow"},"wdio_ui5_key":"applicationmanagepartners-display-component---masterPtm--catalogs-arrow"}]}
RESULT: undefined
COMMAND: POST /session/276af0ab14c8f1c47b44a918c5eb4f66/element - {"using":"xpath","value":"//*[@id=\"application-managepartners-display-component---masterPtm--catalogs-arrow\"]"}
RESULT: {"using":"xpath","value":"//*[@id=\"application-managepartners-display-component---masterPtm--catalogs-arrow\"]"}
COMMAND: POST /session/276af0ab14c8f1c47b44a918c5eb4f66/element/f.5C77A6788F2F180DC89ED0F4DCB2CDCA.d.BB0BB3512281F3483302E5344791A15B.e.8178/click - {}
RESULT: {}
COMMAND: GET /session/276af0ab14c8f1c47b44a918c5eb4f66/screenshot - {}
RESULT: {}
COMMAND: POST /session/276af0ab14c8f1c47b44a918c5eb4f66/element - {"using":"xpath","value":"//li[.//span[text()=\"Webshop Catalog\"]]//div[contains(@class,\"sapMCbBg\")]"}
RESULT: {"using":"xpath","value":"//li[.//span[text()=\"Webshop Catalog\"]]//div[contains(@class,\"sapMCbBg\")]"}
COMMAND: POST /session/276af0ab14c8f1c47b44a918c5eb4f66/element/f.5C77A6788F2F180DC89ED0F4DCB2CDCA.d.BB0BB3512281F3483302E5344791A15B.e.8190/click - {}
RESULT: {}
COMMAND: GET /session/276af0ab14c8f1c47b44a918c5eb4f66/screenshot - {}
RESULT: {}
RESULT: undefined
COMMAND: POST /session/276af0ab14c8f1c47b44a918c5eb4f66/element - {"using":"xpath","value":"//*[@id=\"application-managepartners-display-component---masterPtm--catalogs-arrow\"]"}
RESULT: {"using":"xpath","value":"//*[@id=\"application-managepartners-display-component---masterPtm--catalogs-arrow\"]"}
COMMAND: POST /session/276af0ab14c8f1c47b44a918c5eb4f66/element/f.5C77A6788F2F180DC89ED0F4DCB2CDCA.d.BB0BB3512281F3483302E5344791A15B.e.8178/click - {}
RESULT: {}
COMMAND: POST /session/276af0ab14c8f1c47b44a918c5eb4f66/element - {"using":"xpath","value":"//span[@id=\"application-managepartners-display-component---masterPtm--smartTable-header-inner\"]"}
COMMAND: GET /session/276af0ab14c8f1c47b44a918c5eb4f66/screenshot - {}
RESULT: {"using":"xpath","value":"//span[@id=\"application-managepartners-display-component---masterPtm--smartTable-header-inner\"]"}
COMMAND: POST /session/276af0ab14c8f1c47b44a918c5eb4f66/elements - {"using":"xpath","value":"//span[@id=\"application-managepartners-display-component---masterPtm--smartTable-header-inner\"]"}
RESULT: {}
RESULT: {"using":"xpath","value":"//span[@id=\"application-managepartners-display-component---masterPtm--smartTable-header-inner\"]"}
COMMAND: POST /session/276af0ab14c8f1c47b44a918c5eb4f66/execute/sync - {"script":"<script> [56 bytes]","args":[{"element-6066-11e4-a52e-4f735466cecf":"f.5C77A6788F2F180DC89ED0F4DCB2CDCA.d.BB0BB3512281F3483302E5344791A15B.e.7623","ELEMENT":"f.5C77A6788F2F180DC89ED0F4DCB2CDCA.d.BB0BB3512281F3483302E5344791A15B.e.7623"}]}
RESULT: {"script":"<script> [56 bytes]","args":[{"element-6066-11e4-a52e-4f735466cecf":"f.5C77A6788F2F180DC89ED0F4DCB2CDCA.d.BB0BB3512281F3483302E5344791A15B.e.7623","ELEMENT":"f.5C77A6788F2F180DC89ED0F4DCB2CDCA.d.BB0BB3512281F3483302E5344791A15B.e.7623"}]}
COMMAND: POST /session/276af0ab14c8f1c47b44a918c5eb4f66/element - {"using":"xpath","value":"//span[contains(@title, \"Remove\")]"}
COMMAND: GET /session/276af0ab14c8f1c47b44a918c5eb4f66/screenshot - {}
RESULT: {"using":"xpath","value":"//span[contains(@title, \"Remove\")]"}
COMMAND: POST /session/276af0ab14c8f1c47b44a918c5eb4f66/element/f.5C77A6788F2F180DC89ED0F4DCB2CDCA.d.BB0BB3512281F3483302E5344791A15B.e.8213/click - {}
RESULT: {}
RESULT: {}
COMMAND: GET /session/276af0ab14c8f1c47b44a918c5eb4f66/screenshot - {}
RESULT: {}
COMMAND: POST /session/276af0ab14c8f1c47b44a918c5eb4f66/execute/async - {"script":"<script> [1562 bytes]","args":[{"selector":{"id":"application-managepartners-display-component---masterPtm--currencies-arrow"},"wdio_ui5_key":"applicationmanagepartners-display-component---masterPtm--currencies-arrow"}]}
RESULT: {"script":"<script> [1562 bytes]","args":[{"selector":{"id":"application-managepartners-display-component---masterPtm--currencies-arrow"},"wdio_ui5_key":"applicationmanagepartners-display-component---masterPtm--currencies-arrow"}]}
RESULT: undefined
COMMAND: POST /session/276af0ab14c8f1c47b44a918c5eb4f66/element - {"using":"xpath","value":"//*[@id=\"application-managepartners-display-component---masterPtm--currencies-arrow\"]"}
RESULT: {"using":"xpath","value":"//*[@id=\"application-managepartners-display-component---masterPtm--currencies-arrow\"]"}
COMMAND: POST /session/276af0ab14c8f1c47b44a918c5eb4f66/element/f.5C77A6788F2F180DC89ED0F4DCB2CDCA.d.BB0BB3512281F3483302E5344791A15B.e.8330/click - {}
RESULT: {}
COMMAND: GET /session/276af0ab14c8f1c47b44a918c5eb4f66/screenshot - {}
RESULT: {}
COMMAND: POST /session/276af0ab14c8f1c47b44a918c5eb4f66/element - {"using":"xpath","value":"//li[.//span[text()=\"US Dollar\"]]//div[contains(@class,\"sapMCbBg\")]"}
RESULT: {"using":"xpath","value":"//li[.//span[text()=\"US Dollar\"]]//div[contains(@class,\"sapMCbBg\")]"}
COMMAND: POST /session/276af0ab14c8f1c47b44a918c5eb4f66/element/f.5C77A6788F2F180DC89ED0F4DCB2CDCA.d.BB0BB3512281F3483302E5344791A15B.e.8333/click - {}
RESULT: {}
COMMAND: GET /session/276af0ab14c8f1c47b44a918c5eb4f66/screenshot - {}
RESULT: {}
RESULT: undefined
COMMAND: POST /session/276af0ab14c8f1c47b44a918c5eb4f66/element - {"using":"xpath","value":"//*[@id=\"application-managepartners-display-component---masterPtm--currencies-arrow\"]"}
RESULT: {"using":"xpath","value":"//*[@id=\"application-managepartners-display-component---masterPtm--currencies-arrow\"]"}
COMMAND: POST /session/276af0ab14c8f1c47b44a918c5eb4f66/element/f.5C77A6788F2F180DC89ED0F4DCB2CDCA.d.BB0BB3512281F3483302E5344791A15B.e.8330/click - {}
RESULT: {}
COMMAND: POST /session/276af0ab14c8f1c47b44a918c5eb4f66/element - {"using":"xpath","value":"//span[@id=\"application-managepartners-display-component---masterPtm--smartTable-header-inner\"]"}
COMMAND: GET /session/276af0ab14c8f1c47b44a918c5eb4f66/screenshot - {}
RESULT: {"using":"xpath","value":"//span[@id=\"application-managepartners-display-component---masterPtm--smartTable-header-inner\"]"}
COMMAND: POST /session/276af0ab14c8f1c47b44a918c5eb4f66/elements - {"using":"xpath","value":"//span[@id=\"application-managepartners-display-component---masterPtm--smartTable-header-inner\"]"}
RESULT: {}
RESULT: {"using":"xpath","value":"//span[@id=\"application-managepartners-display-component---masterPtm--smartTable-header-inner\"]"}
COMMAND: POST /session/276af0ab14c8f1c47b44a918c5eb4f66/execute/sync - {"script":"<script> [56 bytes]","args":[{"element-6066-11e4-a52e-4f735466cecf":"f.5C77A6788F2F180DC89ED0F4DCB2CDCA.d.BB0BB3512281F3483302E5344791A15B.e.7623","ELEMENT":"f.5C77A6788F2F180DC89ED0F4DCB2CDCA.d.BB0BB3512281F3483302E5344791A15B.e.7623"}]}
RESULT: {"script":"<script> [56 bytes]","args":[{"element-6066-11e4-a52e-4f735466cecf":"f.5C77A6788F2F180DC89ED0F4DCB2CDCA.d.BB0BB3512281F3483302E5344791A15B.e.7623","ELEMENT":"f.5C77A6788F2F180DC89ED0F4DCB2CDCA.d.BB0BB3512281F3483302E5344791A15B.e.7623"}]}
COMMAND: POST /session/276af0ab14c8f1c47b44a918c5eb4f66/element - {"using":"xpath","value":"//span[contains(@title, \"Remove\")]"}
COMMAND: GET /session/276af0ab14c8f1c47b44a918c5eb4f66/screenshot - {}
RESULT: {"using":"xpath","value":"//span[contains(@title, \"Remove\")]"}
COMMAND: POST /session/276af0ab14c8f1c47b44a918c5eb4f66/element/f.5C77A6788F2F180DC89ED0F4DCB2CDCA.d.BB0BB3512281F3483302E5344791A15B.e.8386/click - {}
RESULT: {}
RESULT: {}
COMMAND: GET /session/276af0ab14c8f1c47b44a918c5eb4f66/screenshot - {}
RESULT: {}
COMMAND: POST /session/276af0ab14c8f1c47b44a918c5eb4f66/execute/async - {"script":"<script> [1562 bytes]","args":[{"selector":{"id":"application-managepartners-display-component---masterPtm--languages-arrow"},"wdio_ui5_key":"applicationmanagepartners-display-component---masterPtm--languages-arrow"}]}
RESULT: {"script":"<script> [1562 bytes]","args":[{"selector":{"id":"application-managepartners-display-component---masterPtm--languages-arrow"},"wdio_ui5_key":"applicationmanagepartners-display-component---masterPtm--languages-arrow"}]}
RESULT: undefined
COMMAND: POST /session/276af0ab14c8f1c47b44a918c5eb4f66/element - {"using":"xpath","value":"//*[@id=\"application-managepartners-display-component---masterPtm--languages-arrow\"]"}
RESULT: {"using":"xpath","value":"//*[@id=\"application-managepartners-display-component---masterPtm--languages-arrow\"]"}
COMMAND: POST /session/276af0ab14c8f1c47b44a918c5eb4f66/element/f.5C77A6788F2F180DC89ED0F4DCB2CDCA.d.BB0BB3512281F3483302E5344791A15B.e.8485/click - {}
RESULT: {}
COMMAND: GET /session/276af0ab14c8f1c47b44a918c5eb4f66/screenshot - {}
RESULT: {}
COMMAND: POST /session/276af0ab14c8f1c47b44a918c5eb4f66/element - {"using":"xpath","value":"//li[.//span[text()=\"German\"]]//div[contains(@class,\"sapMCbBg\")]"}
RESULT: {"using":"xpath","value":"//li[.//span[text()=\"German\"]]//div[contains(@class,\"sapMCbBg\")]"}
COMMAND: POST /session/276af0ab14c8f1c47b44a918c5eb4f66/element/f.5C77A6788F2F180DC89ED0F4DCB2CDCA.d.BB0BB3512281F3483302E5344791A15B.e.8529/click - {}
RESULT: {}
COMMAND: GET /session/276af0ab14c8f1c47b44a918c5eb4f66/screenshot - {}
RESULT: {}
RESULT: undefined
COMMAND: POST /session/276af0ab14c8f1c47b44a918c5eb4f66/element - {"using":"xpath","value":"//*[@id=\"application-managepartners-display-component---masterPtm--languages-arrow\"]"}
RESULT: {"using":"xpath","value":"//*[@id=\"application-managepartners-display-component---masterPtm--languages-arrow\"]"}
COMMAND: POST /session/276af0ab14c8f1c47b44a918c5eb4f66/element/f.5C77A6788F2F180DC89ED0F4DCB2CDCA.d.BB0BB3512281F3483302E5344791A15B.e.8485/click - {}
RESULT: {}
COMMAND: POST /session/276af0ab14c8f1c47b44a918c5eb4f66/element - {"using":"xpath","value":"//span[@id=\"application-managepartners-display-component---masterPtm--smartTable-header-inner\"]"}
COMMAND: GET /session/276af0ab14c8f1c47b44a918c5eb4f66/screenshot - {}
RESULT: {"using":"xpath","value":"//span[@id=\"application-managepartners-display-component---masterPtm--smartTable-header-inner\"]"}
COMMAND: POST /session/276af0ab14c8f1c47b44a918c5eb4f66/elements - {"using":"xpath","value":"//span[@id=\"application-managepartners-display-component---masterPtm--smartTable-header-inner\"]"}
RESULT: {}
RESULT: {"using":"xpath","value":"//span[@id=\"application-managepartners-display-component---masterPtm--smartTable-header-inner\"]"}
COMMAND: POST /session/276af0ab14c8f1c47b44a918c5eb4f66/execute/sync - {"script":"<script> [56 bytes]","args":[{"element-6066-11e4-a52e-4f735466cecf":"f.5C77A6788F2F180DC89ED0F4DCB2CDCA.d.BB0BB3512281F3483302E5344791A15B.e.7623","ELEMENT":"f.5C77A6788F2F180DC89ED0F4DCB2CDCA.d.BB0BB3512281F3483302E5344791A15B.e.7623"}]}
RESULT: {"script":"<script> [56 bytes]","args":[{"element-6066-11e4-a52e-4f735466cecf":"f.5C77A6788F2F180DC89ED0F4DCB2CDCA.d.BB0BB3512281F3483302E5344791A15B.e.7623","ELEMENT":"f.5C77A6788F2F180DC89ED0F4DCB2CDCA.d.BB0BB3512281F3483302E5344791A15B.e.7623"}]}
COMMAND: POST /session/276af0ab14c8f1c47b44a918c5eb4f66/element - {"using":"css selector","value":"#shell-header-logo"}
COMMAND: GET /session/276af0ab14c8f1c47b44a918c5eb4f66/screenshot - {}
RESULT: {"using":"css selector","value":"#shell-header-logo"}
COMMAND: POST /session/276af0ab14c8f1c47b44a918c5eb4f66/element/f.5C77A6788F2F180DC89ED0F4DCB2CDCA.d.BB0BB3512281F3483302E5344791A15B.e.7452/click - {}
RESULT: {}
RESULT: {}
COMMAND: GET /session/276af0ab14c8f1c47b44a918c5eb4f66/screenshot - {}
RESULT: {}
COMMAND: DELETE /session/276af0ab14c8f1c47b44a918c5eb4f66 - {}
RESULT: {}
]]></system-out>
    </testcase>
  </testsuite>
</testsuites>