<?xml version="1.0" encoding="UTF-8"?>
<testsuites tests="9" failures="0" errors="0" skipped="0">
  <testsuite timestamp="2025-05-25T17:57:16" time="858.241" tests="9" failures="0" errors="0" skipped="0">
    <properties>
      <property name="specId" value="0"/>
      <property name="suiteName" value="Tests for Mass State Change on Manage States &amp; Performances US104416 US"/>
      <property name="capabilities" value="chrome.136_0_7103_93.windows"/>
      <property name="file" value="file:///D:/a/1/s/test/specs/HTR/create-mass-state-change.spec.js"/>
    </properties>
    <testcase classname="chrome.136_0_7103_93.windows.Tests_for_Mass_State_Change_on_Manage_States_&amp;_Performances_US104416_US" name="Prereq Should create a new yard used for all following tests" time="115.819">
      <system-out><![CDATA[
COMMAND: POST /session/91c831240bf0af8018f09264486ab218/window/fullscreen - {}
RESULT: {}
COMMAND: POST /session/91c831240bf0af8018f09264486ab218/execute/async - {"script":"<script> [1562 bytes]","args":[{"selector":{"controlType":"sap.m.GenericTile","properties":{"header":"Manage Yards"}},"wdio_ui5_key":"sapm.GenericTile{\"header\":\"Manage Yards\"}"}]}
RESULT: {"script":"<script> [1562 bytes]","args":[{"selector":{"controlType":"sap.m.GenericTile","properties":{"header":"Manage Yards"}},"wdio_ui5_key":"sapm.GenericTile{\"header\":\"Manage Yards\"}"}]}
RESULT: undefined
COMMAND: POST /session/91c831240bf0af8018f09264486ab218/element - {"using":"xpath","value":"//*[@id=\"__tile41\"]"}
RESULT: {"using":"xpath","value":"//*[@id=\"__tile41\"]"}
COMMAND: POST /session/91c831240bf0af8018f09264486ab218/element/f.D0212D211F1205B79C5F6C51E540BEF2.d.174AB0CE28E8CD71E3F337935164EF7B.e.165/click - {}
RESULT: {}
COMMAND: GET /session/91c831240bf0af8018f09264486ab218/screenshot - {}
RESULT: {}
COMMAND: POST /session/91c831240bf0af8018f09264486ab218/elements - {"using":"xpath","value":"//span[text()='Error']"}
RESULT: {"using":"xpath","value":"//span[text()='Error']"}
COMMAND: POST /session/91c831240bf0af8018f09264486ab218/element - {"using":"xpath","value":"//button[@data-kt=\"addNewYardOverflowToolbarButton\"]"}
RESULT: {"using":"xpath","value":"//button[@data-kt=\"addNewYardOverflowToolbarButton\"]"}
COMMAND: POST /session/91c831240bf0af8018f09264486ab218/elements - {"using":"xpath","value":"//button[@data-kt=\"addNewYardOverflowToolbarButton\"]"}
RESULT: {"using":"xpath","value":"//button[@data-kt=\"addNewYardOverflowToolbarButton\"]"}
COMMAND: POST /session/91c831240bf0af8018f09264486ab218/elements - {"using":"xpath","value":"//button[@data-kt=\"addNewYardOverflowToolbarButton\"]"}
RESULT: {"using":"xpath","value":"//button[@data-kt=\"addNewYardOverflowToolbarButton\"]"}
COMMAND: POST /session/91c831240bf0af8018f09264486ab218/element - {"using":"xpath","value":"//button[@data-kt=\"addNewYardOverflowToolbarButton\"]"}
RESULT: {"using":"xpath","value":"//button[@data-kt=\"addNewYardOverflowToolbarButton\"]"}
COMMAND: POST /session/91c831240bf0af8018f09264486ab218/execute/sync - {"script":"<script> [8489 bytes]","args":[{"element-6066-11e4-a52e-4f735466cecf":"f.D0212D211F1205B79C5F6C51E540BEF2.d.174AB0CE28E8CD71E3F337935164EF7B.e.292","ELEMENT":"f.D0212D211F1205B79C5F6C51E540BEF2.d.174AB0CE28E8CD71E3F337935164EF7B.e.292"}]}
RESULT: {"script":"<script> [8489 bytes]","args":[{"element-6066-11e4-a52e-4f735466cecf":"f.D0212D211F1205B79C5F6C51E540BEF2.d.174AB0CE28E8CD71E3F337935164EF7B.e.292","ELEMENT":"f.D0212D211F1205B79C5F6C51E540BEF2.d.174AB0CE28E8CD71E3F337935164EF7B.e.292"}]}
COMMAND: GET /session/91c831240bf0af8018f09264486ab218/element/f.D0212D211F1205B79C5F6C51E540BEF2.d.174AB0CE28E8CD71E3F337935164EF7B.e.292/enabled - {}
COMMAND: GET /session/91c831240bf0af8018f09264486ab218/screenshot - {}
RESULT: {}
COMMAND: POST /session/91c831240bf0af8018f09264486ab218/execute/sync - {"script":"<script> [8489 bytes]","args":[{"element-6066-11e4-a52e-4f735466cecf":"f.D0212D211F1205B79C5F6C51E540BEF2.d.174AB0CE28E8CD71E3F337935164EF7B.e.292","ELEMENT":"f.D0212D211F1205B79C5F6C51E540BEF2.d.174AB0CE28E8CD71E3F337935164EF7B.e.292"}]}
COMMAND: GET /session/91c831240bf0af8018f09264486ab218/screenshot - {}
RESULT: {}
RESULT: {"script":"<script> [8489 bytes]","args":[{"element-6066-11e4-a52e-4f735466cecf":"f.D0212D211F1205B79C5F6C51E540BEF2.d.174AB0CE28E8CD71E3F337935164EF7B.e.292","ELEMENT":"f.D0212D211F1205B79C5F6C51E540BEF2.d.174AB0CE28E8CD71E3F337935164EF7B.e.292"}]}
COMMAND: POST /session/91c831240bf0af8018f09264486ab218/execute/sync - {"script":"<script> [5351 bytes]","args":[{"element-6066-11e4-a52e-4f735466cecf":"f.D0212D211F1205B79C5F6C51E540BEF2.d.174AB0CE28E8CD71E3F337935164EF7B.e.292","ELEMENT":"f.D0212D211F1205B79C5F6C51E540BEF2.d.174AB0CE28E8CD71E3F337935164EF7B.e.292"}]}
COMMAND: GET /session/91c831240bf0af8018f09264486ab218/screenshot - {}
RESULT: {}
RESULT: {"script":"<script> [5351 bytes]","args":[{"element-6066-11e4-a52e-4f735466cecf":"f.D0212D211F1205B79C5F6C51E540BEF2.d.174AB0CE28E8CD71E3F337935164EF7B.e.292","ELEMENT":"f.D0212D211F1205B79C5F6C51E540BEF2.d.174AB0CE28E8CD71E3F337935164EF7B.e.292"}]}
COMMAND: POST /session/91c831240bf0af8018f09264486ab218/element/f.D0212D211F1205B79C5F6C51E540BEF2.d.174AB0CE28E8CD71E3F337935164EF7B.e.292/click - {}
COMMAND: GET /session/91c831240bf0af8018f09264486ab218/screenshot - {}
RESULT: {}
RESULT: {}
COMMAND: GET /session/91c831240bf0af8018f09264486ab218/screenshot - {}
RESULT: {}
RESULT: {}
COMMAND: POST /session/91c831240bf0af8018f09264486ab218/element - {"using":"xpath","value":"//input[@id=\"application-manageyards-display-component---NewYard--yardId-inner\"]"}
RESULT: {"using":"xpath","value":"//input[@id=\"application-manageyards-display-component---NewYard--yardId-inner\"]"}
COMMAND: POST /session/91c831240bf0af8018f09264486ab218/element - {"using":"xpath","value":"//input[@id=\"application-manageyards-display-component---NewYard--yardId-inner\"]"}
RESULT: {"using":"xpath","value":"//input[@id=\"application-manageyards-display-component---NewYard--yardId-inner\"]"}
COMMAND: POST /session/91c831240bf0af8018f09264486ab218/execute/async - {"script":"<script> [1562 bytes]","args":[{"selector":{"id":"application-manageyards-display-component---NewYard--addressDetailDetailsName1","interaction":{"idSuffix":"inner"}},"wdio_ui5_key":"applicationmanageyards-display-component---NewYard--addressDetailDetailsName1"}]}
RESULT: {"script":"<script> [1562 bytes]","args":[{"selector":{"id":"application-manageyards-display-component---NewYard--addressDetailDetailsName1","interaction":{"idSuffix":"inner"}},"wdio_ui5_key":"applicationmanageyards-display-component---NewYard--addressDetailDetailsName1"}]}
RESULT: undefined
COMMAND: POST /session/91c831240bf0af8018f09264486ab218/execute/async - {"script":"<script> [776 bytes]","args":[{"enterText":"Other Yard WDIO","selector":{"id":"application-manageyards-display-component---NewYard--addressDetailDetailsName1","interaction":{"idSuffix":"inner"}},"clearTextFirst":true,"interactionType":"ENTER_TEXT"}]}
RESULT: {"script":"<script> [776 bytes]","args":[{"enterText":"Other Yard WDIO","selector":{"id":"application-manageyards-display-component---NewYard--addressDetailDetailsName1","interaction":{"idSuffix":"inner"}},"clearTextFirst":true,"interactionType":"ENTER_TEXT"}]}
COMMAND: POST /session/91c831240bf0af8018f09264486ab218/execute/async - {"script":"<script> [1562 bytes]","args":[{"selector":{"id":"application-manageyards-display-component---NewYard--addressDetailDetailsLanguage-arrow"},"wdio_ui5_key":"applicationmanageyards-display-component---NewYard--addressDetailDetailsLanguage-arrow"}]}
RESULT: {"script":"<script> [1562 bytes]","args":[{"selector":{"id":"application-manageyards-display-component---NewYard--addressDetailDetailsLanguage-arrow"},"wdio_ui5_key":"applicationmanageyards-display-component---NewYard--addressDetailDetailsLanguage-arrow"}]}
RESULT: undefined
COMMAND: POST /session/91c831240bf0af8018f09264486ab218/element - {"using":"xpath","value":"//*[@id=\"application-manageyards-display-component---NewYard--addressDetailDetailsLanguage-arrow\"]"}
RESULT: {"using":"xpath","value":"//*[@id=\"application-manageyards-display-component---NewYard--addressDetailDetailsLanguage-arrow\"]"}
COMMAND: POST /session/91c831240bf0af8018f09264486ab218/element/f.D0212D211F1205B79C5F6C51E540BEF2.d.174AB0CE28E8CD71E3F337935164EF7B.e.721/click - {}
RESULT: {}
COMMAND: POST /session/91c831240bf0af8018f09264486ab218/element - {"using":"xpath","value":"//span[contains(text(), \"English\")]"}
COMMAND: GET /session/91c831240bf0af8018f09264486ab218/screenshot - {}
RESULT: {"using":"xpath","value":"//span[contains(text(), \"English\")]"}
COMMAND: POST /session/91c831240bf0af8018f09264486ab218/element/f.D0212D211F1205B79C5F6C51E540BEF2.d.174AB0CE28E8CD71E3F337935164EF7B.e.722/click - {}
RESULT: {}
RESULT: {}
COMMAND: POST /session/91c831240bf0af8018f09264486ab218/execute/async - {"script":"<script> [1562 bytes]","args":[{"selector":{"id":"application-manageyards-display-component---NewYard--addressDetailDetailsCity1","interaction":{"idSuffix":"inner"}},"wdio_ui5_key":"applicationmanageyards-display-component---NewYard--addressDetailDetailsCity1"}]}
COMMAND: GET /session/91c831240bf0af8018f09264486ab218/screenshot - {}
RESULT: {"script":"<script> [1562 bytes]","args":[{"selector":{"id":"application-manageyards-display-component---NewYard--addressDetailDetailsCity1","interaction":{"idSuffix":"inner"}},"wdio_ui5_key":"applicationmanageyards-display-component---NewYard--addressDetailDetailsCity1"}]}
RESULT: undefined
COMMAND: POST /session/91c831240bf0af8018f09264486ab218/execute/async - {"script":"<script> [776 bytes]","args":[{"enterText":"Rosario","selector":{"id":"application-manageyards-display-component---NewYard--addressDetailDetailsCity1","interaction":{"idSuffix":"inner"}},"clearTextFirst":true,"interactionType":"ENTER_TEXT"}]}
RESULT: {}
RESULT: {"script":"<script> [776 bytes]","args":[{"enterText":"Rosario","selector":{"id":"application-manageyards-display-component---NewYard--addressDetailDetailsCity1","interaction":{"idSuffix":"inner"}},"clearTextFirst":true,"interactionType":"ENTER_TEXT"}]}
COMMAND: POST /session/91c831240bf0af8018f09264486ab218/execute/async - {"script":"<script> [1562 bytes]","args":[{"selector":{"id":"application-manageyards-display-component---NewYard--addressDetailDetailsCountry-arrow"},"wdio_ui5_key":"applicationmanageyards-display-component---NewYard--addressDetailDetailsCountry-arrow"}]}
RESULT: {"script":"<script> [1562 bytes]","args":[{"selector":{"id":"application-manageyards-display-component---NewYard--addressDetailDetailsCountry-arrow"},"wdio_ui5_key":"applicationmanageyards-display-component---NewYard--addressDetailDetailsCountry-arrow"}]}
RESULT: undefined
COMMAND: POST /session/91c831240bf0af8018f09264486ab218/element - {"using":"xpath","value":"//*[@id=\"application-manageyards-display-component---NewYard--addressDetailDetailsCountry-arrow\"]"}
RESULT: {"using":"xpath","value":"//*[@id=\"application-manageyards-display-component---NewYard--addressDetailDetailsCountry-arrow\"]"}
COMMAND: POST /session/91c831240bf0af8018f09264486ab218/element/f.D0212D211F1205B79C5F6C51E540BEF2.d.174AB0CE28E8CD71E3F337935164EF7B.e.724/click - {}
RESULT: {}
COMMAND: POST /session/91c831240bf0af8018f09264486ab218/element - {"using":"xpath","value":"//span[contains(text(), \"Argentina\")]"}
COMMAND: GET /session/91c831240bf0af8018f09264486ab218/screenshot - {}
RESULT: {"using":"xpath","value":"//span[contains(text(), \"Argentina\")]"}
COMMAND: POST /session/91c831240bf0af8018f09264486ab218/element/f.D0212D211F1205B79C5F6C51E540BEF2.d.174AB0CE28E8CD71E3F337935164EF7B.e.726/click - {}
RESULT: {}
RESULT: {}
COMMAND: POST /session/91c831240bf0af8018f09264486ab218/execute/async - {"script":"<script> [1562 bytes]","args":[{"selector":{"id":"application-manageyards-display-component---NewYard--addressEditDetailsCostObjectCstType-arrow"},"wdio_ui5_key":"applicationmanageyards-display-component---NewYard--addressEditDetailsCostObjectCstType-arrow"}]}
COMMAND: GET /session/91c831240bf0af8018f09264486ab218/screenshot - {}
RESULT: {"script":"<script> [1562 bytes]","args":[{"selector":{"id":"application-manageyards-display-component---NewYard--addressEditDetailsCostObjectCstType-arrow"},"wdio_ui5_key":"applicationmanageyards-display-component---NewYard--addressEditDetailsCostObjectCstType-arrow"}]}
RESULT: undefined
COMMAND: POST /session/91c831240bf0af8018f09264486ab218/element - {"using":"xpath","value":"//*[@id=\"application-manageyards-display-component---NewYard--addressEditDetailsCostObjectCstType-arrow\"]"}
RESULT: {}
RESULT: {"using":"xpath","value":"//*[@id=\"application-manageyards-display-component---NewYard--addressEditDetailsCostObjectCstType-arrow\"]"}
COMMAND: POST /session/91c831240bf0af8018f09264486ab218/element/f.D0212D211F1205B79C5F6C51E540BEF2.d.174AB0CE28E8CD71E3F337935164EF7B.e.727/click - {}
RESULT: {}
COMMAND: POST /session/91c831240bf0af8018f09264486ab218/element - {"using":"xpath","value":"//span[contains(text(), \"Cost Center\")]"}
COMMAND: GET /session/91c831240bf0af8018f09264486ab218/screenshot - {}
RESULT: {"using":"xpath","value":"//span[contains(text(), \"Cost Center\")]"}
COMMAND: POST /session/91c831240bf0af8018f09264486ab218/element/f.D0212D211F1205B79C5F6C51E540BEF2.d.174AB0CE28E8CD71E3F337935164EF7B.e.728/click - {}
RESULT: {}
RESULT: {}
COMMAND: GET /session/91c831240bf0af8018f09264486ab218/screenshot - {}
RESULT: {}
COMMAND: POST /session/91c831240bf0af8018f09264486ab218/element - {"using":"xpath","value":"//span[@id=\"application-manageyards-display-component---NewYard--addressNewCostObjectCstID-vhi\"]"}
RESULT: {"using":"xpath","value":"//span[@id=\"application-manageyards-display-component---NewYard--addressNewCostObjectCstID-vhi\"]"}
COMMAND: POST /session/91c831240bf0af8018f09264486ab218/execute/sync - {"script":"<script> [8489 bytes]","args":[{"element-6066-11e4-a52e-4f735466cecf":"f.D0212D211F1205B79C5F6C51E540BEF2.d.174AB0CE28E8CD71E3F337935164EF7B.e.732","ELEMENT":"f.D0212D211F1205B79C5F6C51E540BEF2.d.174AB0CE28E8CD71E3F337935164EF7B.e.732"}]}
RESULT: {"script":"<script> [8489 bytes]","args":[{"element-6066-11e4-a52e-4f735466cecf":"f.D0212D211F1205B79C5F6C51E540BEF2.d.174AB0CE28E8CD71E3F337935164EF7B.e.732","ELEMENT":"f.D0212D211F1205B79C5F6C51E540BEF2.d.174AB0CE28E8CD71E3F337935164EF7B.e.732"}]}
COMMAND: POST /session/91c831240bf0af8018f09264486ab218/execute/async - {"script":"<script> [1562 bytes]","args":[{"selector":{"id":"application-manageyards-display-component---NewYard--addressNewCostObjectCstID-vhi"},"wdio_ui5_key":"applicationmanageyards-display-component---NewYard--addressNewCostObjectCstID-vhi"}]}
COMMAND: GET /session/91c831240bf0af8018f09264486ab218/screenshot - {}
RESULT: {"script":"<script> [1562 bytes]","args":[{"selector":{"id":"application-manageyards-display-component---NewYard--addressNewCostObjectCstID-vhi"},"wdio_ui5_key":"applicationmanageyards-display-component---NewYard--addressNewCostObjectCstID-vhi"}]}
RESULT: undefined
COMMAND: POST /session/91c831240bf0af8018f09264486ab218/element - {"using":"xpath","value":"//*[@id=\"application-manageyards-display-component---NewYard--addressNewCostObjectCstID-vhi\"]"}
RESULT: {}
RESULT: {"using":"xpath","value":"//*[@id=\"application-manageyards-display-component---NewYard--addressNewCostObjectCstID-vhi\"]"}
COMMAND: POST /session/91c831240bf0af8018f09264486ab218/element/f.D0212D211F1205B79C5F6C51E540BEF2.d.174AB0CE28E8CD71E3F337935164EF7B.e.732/click - {}
RESULT: {}
COMMAND: GET /session/91c831240bf0af8018f09264486ab218/screenshot - {}
RESULT: {}
COMMAND: POST /session/91c831240bf0af8018f09264486ab218/execute/async - {"script":"<script> [1562 bytes]","args":[{"selector":{"controlType":"sap.m.SearchField","properties":{"placeholder":"Search"},"searchOpenDialogs":true,"interaction":{"idSuffix":"I"}},"wdio_ui5_key":"sapm.SearchField{\"placeholder\":\"Search\"}"}]}
RESULT: {"script":"<script> [1562 bytes]","args":[{"selector":{"controlType":"sap.m.SearchField","properties":{"placeholder":"Search"},"searchOpenDialogs":true,"interaction":{"idSuffix":"I"}},"wdio_ui5_key":"sapm.SearchField{\"placeholder\":\"Search\"}"}]}
RESULT: undefined
COMMAND: POST /session/91c831240bf0af8018f09264486ab218/execute/async - {"script":"<script> [776 bytes]","args":[{"enterText":"bauh_b","selector":{"controlType":"sap.m.SearchField","properties":{"placeholder":"Search"},"searchOpenDialogs":true,"interaction":{"idSuffix":"I"}},"clearTextFirst":true,"interactionType":"ENTER_TEXT"}]}
RESULT: {"script":"<script> [776 bytes]","args":[{"enterText":"bauh_b","selector":{"controlType":"sap.m.SearchField","properties":{"placeholder":"Search"},"searchOpenDialogs":true,"interaction":{"idSuffix":"I"}},"clearTextFirst":true,"interactionType":"ENTER_TEXT"}]}
COMMAND: POST /session/91c831240bf0af8018f09264486ab218/actions - {"actions":[{"id":"action1","type":"key","parameters":{},"actions":[{"type":"keyDown","value":""},{"type":"pause","duration":10},{"type":"keyUp","value":""}]}]}
RESULT: {"actions":[{"id":"action1","type":"key","parameters":{},"actions":[{"type":"keyDown","value":""},{"type":"pause","duration":10},{"type":"keyUp","value":""}]}]}
COMMAND: GET /session/91c831240bf0af8018f09264486ab218/screenshot - {}
RESULT: {}
COMMAND: POST /session/91c831240bf0af8018f09264486ab218/element - {"using":"xpath","value":"//span[contains(text(), \"Demo Yard\")]"}
RESULT: {"using":"xpath","value":"//span[contains(text(), \"Demo Yard\")]"}
COMMAND: POST /session/91c831240bf0af8018f09264486ab218/element/f.D0212D211F1205B79C5F6C51E540BEF2.d.174AB0CE28E8CD71E3F337935164EF7B.e.773/click - {}
RESULT: {}
COMMAND: GET /session/91c831240bf0af8018f09264486ab218/screenshot - {}
RESULT: {}
COMMAND: POST /session/91c831240bf0af8018f09264486ab218/element - {"using":"xpath","value":"//bdi[contains(text(), \"OK\")]"}
RESULT: {"using":"xpath","value":"//bdi[contains(text(), \"OK\")]"}
COMMAND: POST /session/91c831240bf0af8018f09264486ab218/element/f.D0212D211F1205B79C5F6C51E540BEF2.d.174AB0CE28E8CD71E3F337935164EF7B.e.774/click - {}
RESULT: {}
COMMAND: GET /session/91c831240bf0af8018f09264486ab218/screenshot - {}
RESULT: {}
COMMAND: POST /session/91c831240bf0af8018f09264486ab218/execute/async - {"script":"<script> [1562 bytes]","args":[{"selector":{"id":"application-manageyards-display-component---NewYard--addressEditDetailsCurrency-arrow"},"wdio_ui5_key":"applicationmanageyards-display-component---NewYard--addressEditDetailsCurrency-arrow"}]}
RESULT: {"script":"<script> [1562 bytes]","args":[{"selector":{"id":"application-manageyards-display-component---NewYard--addressEditDetailsCurrency-arrow"},"wdio_ui5_key":"applicationmanageyards-display-component---NewYard--addressEditDetailsCurrency-arrow"}]}
RESULT: undefined
COMMAND: POST /session/91c831240bf0af8018f09264486ab218/element - {"using":"xpath","value":"//*[@id=\"application-manageyards-display-component---NewYard--addressEditDetailsCurrency-arrow\"]"}
RESULT: {"using":"xpath","value":"//*[@id=\"application-manageyards-display-component---NewYard--addressEditDetailsCurrency-arrow\"]"}
COMMAND: POST /session/91c831240bf0af8018f09264486ab218/element/f.D0212D211F1205B79C5F6C51E540BEF2.d.174AB0CE28E8CD71E3F337935164EF7B.e.777/click - {}
RESULT: {}
COMMAND: POST /session/91c831240bf0af8018f09264486ab218/element - {"using":"xpath","value":"//span[contains(text(), \"Euro\")]"}
COMMAND: GET /session/91c831240bf0af8018f09264486ab218/screenshot - {}
RESULT: {"using":"xpath","value":"//span[contains(text(), \"Euro\")]"}
COMMAND: POST /session/91c831240bf0af8018f09264486ab218/element/f.D0212D211F1205B79C5F6C51E540BEF2.d.174AB0CE28E8CD71E3F337935164EF7B.e.778/click - {}
RESULT: {}
RESULT: {}
COMMAND: POST /session/91c831240bf0af8018f09264486ab218/execute/async - {"script":"<script> [1562 bytes]","args":[{"selector":{"controlType":"sap.m.Input","viewName":"etm.portal.ui.manageyards.view.New","viewId":"application-manageyards-display-component---NewYard","bindingPath":{"path":"","propertyPath":"/CONTROLLING_AREA","modelName":"NewYardModel"},"interaction":{"idSuffix":"inner"}},"wdio_ui5_key":"etmportal.ui.manageyards.view.Newsap.m.Input{\"path\":\"\",\"propertyPath\":\"/CONTROLLING_AREA\",\"modelName\":\"NewYardModel\"}"}]}
COMMAND: GET /session/91c831240bf0af8018f09264486ab218/screenshot - {}
RESULT: {"script":"<script> [1562 bytes]","args":[{"selector":{"controlType":"sap.m.Input","viewName":"etm.portal.ui.manageyards.view.New","viewId":"application-manageyards-display-component---NewYard","bindingPath":{"path":"","propertyPath":"/CONTROLLING_AREA","modelName":"NewYardModel"},"interaction":{"idSuffix":"inner"}},"wdio_ui5_key":"etmportal.ui.manageyards.view.Newsap.m.Input{\"path\":\"\",\"propertyPath\":\"/CONTROLLING_AREA\",\"modelName\":\"NewYardModel\"}"}]}
RESULT: undefined
COMMAND: POST /session/91c831240bf0af8018f09264486ab218/execute/async - {"script":"<script> [776 bytes]","args":[{"enterText":"Z001","selector":{"controlType":"sap.m.Input","viewName":"etm.portal.ui.manageyards.view.New","viewId":"application-manageyards-display-component---NewYard","bindingPath":{"path":"","propertyPath":"/CONTROLLING_AREA","modelName":"NewYardModel"},"interaction":{"idSuffix":"inner"}},"clearTextFirst":true,"interactionType":"ENTER_TEXT"}]}
RESULT: {}
RESULT: {"script":"<script> [776 bytes]","args":[{"enterText":"Z001","selector":{"controlType":"sap.m.Input","viewName":"etm.portal.ui.manageyards.view.New","viewId":"application-manageyards-display-component---NewYard","bindingPath":{"path":"","propertyPath":"/CONTROLLING_AREA","modelName":"NewYardModel"},"interaction":{"idSuffix":"inner"}},"clearTextFirst":true,"interactionType":"ENTER_TEXT"}]}
COMMAND: POST /session/91c831240bf0af8018f09264486ab218/execute/async - {"script":"<script> [1562 bytes]","args":[{"selector":{"id":"application-manageyards-display-component---NewYard--companyCodeComboBox","interaction":{"idSuffix":"inner"}},"wdio_ui5_key":"applicationmanageyards-display-component---NewYard--companyCodeComboBox"}]}
RESULT: {"script":"<script> [1562 bytes]","args":[{"selector":{"id":"application-manageyards-display-component---NewYard--companyCodeComboBox","interaction":{"idSuffix":"inner"}},"wdio_ui5_key":"applicationmanageyards-display-component---NewYard--companyCodeComboBox"}]}
RESULT: undefined
COMMAND: POST /session/91c831240bf0af8018f09264486ab218/execute/async - {"script":"<script> [776 bytes]","args":[{"enterText":"1000","selector":{"id":"application-manageyards-display-component---NewYard--companyCodeComboBox","interaction":{"idSuffix":"inner"}},"clearTextFirst":true,"interactionType":"ENTER_TEXT"}]}
RESULT: {"script":"<script> [776 bytes]","args":[{"enterText":"1000","selector":{"id":"application-manageyards-display-component---NewYard--companyCodeComboBox","interaction":{"idSuffix":"inner"}},"clearTextFirst":true,"interactionType":"ENTER_TEXT"}]}
COMMAND: POST /session/91c831240bf0af8018f09264486ab218/execute/async - {"script":"<script> [1562 bytes]","args":[{"selector":{"controlType":"sap.m.Input","viewName":"etm.portal.ui.manageyards.view.New","viewId":"application-manageyards-display-component---NewYard","bindingPath":{"path":"","propertyPath":"/PLANT","modelName":"NewYardModel"},"interaction":{"idSuffix":"inner"}},"wdio_ui5_key":"etmportal.ui.manageyards.view.Newsap.m.Input{\"path\":\"\",\"propertyPath\":\"/PLANT\",\"modelName\":\"NewYardModel\"}"}]}
RESULT: {"script":"<script> [1562 bytes]","args":[{"selector":{"controlType":"sap.m.Input","viewName":"etm.portal.ui.manageyards.view.New","viewId":"application-manageyards-display-component---NewYard","bindingPath":{"path":"","propertyPath":"/PLANT","modelName":"NewYardModel"},"interaction":{"idSuffix":"inner"}},"wdio_ui5_key":"etmportal.ui.manageyards.view.Newsap.m.Input{\"path\":\"\",\"propertyPath\":\"/PLANT\",\"modelName\":\"NewYardModel\"}"}]}
RESULT: undefined
COMMAND: POST /session/91c831240bf0af8018f09264486ab218/execute/async - {"script":"<script> [776 bytes]","args":[{"enterText":"1001","selector":{"controlType":"sap.m.Input","viewName":"etm.portal.ui.manageyards.view.New","viewId":"application-manageyards-display-component---NewYard","bindingPath":{"path":"","propertyPath":"/PLANT","modelName":"NewYardModel"},"interaction":{"idSuffix":"inner"}},"clearTextFirst":true,"interactionType":"ENTER_TEXT"}]}
RESULT: {"script":"<script> [776 bytes]","args":[{"enterText":"1001","selector":{"controlType":"sap.m.Input","viewName":"etm.portal.ui.manageyards.view.New","viewId":"application-manageyards-display-component---NewYard","bindingPath":{"path":"","propertyPath":"/PLANT","modelName":"NewYardModel"},"interaction":{"idSuffix":"inner"}},"clearTextFirst":true,"interactionType":"ENTER_TEXT"}]}
COMMAND: POST /session/91c831240bf0af8018f09264486ab218/execute/async - {"script":"<script> [1562 bytes]","args":[{"selector":{"controlType":"sap.m.Input","viewName":"etm.portal.ui.manageyards.view.New","viewId":"application-manageyards-display-component---NewYard","bindingPath":{"path":"","propertyPath":"/SALES_AREA_VKORG","modelName":"NewYardModel"},"interaction":{"idSuffix":"inner"}},"wdio_ui5_key":"etmportal.ui.manageyards.view.Newsap.m.Input{\"path\":\"\",\"propertyPath\":\"/SALES_AREA_VKORG\",\"modelName\":\"NewYardModel\"}"}]}
RESULT: {"script":"<script> [1562 bytes]","args":[{"selector":{"controlType":"sap.m.Input","viewName":"etm.portal.ui.manageyards.view.New","viewId":"application-manageyards-display-component---NewYard","bindingPath":{"path":"","propertyPath":"/SALES_AREA_VKORG","modelName":"NewYardModel"},"interaction":{"idSuffix":"inner"}},"wdio_ui5_key":"etmportal.ui.manageyards.view.Newsap.m.Input{\"path\":\"\",\"propertyPath\":\"/SALES_AREA_VKORG\",\"modelName\":\"NewYardModel\"}"}]}
RESULT: undefined
COMMAND: POST /session/91c831240bf0af8018f09264486ab218/execute/async - {"script":"<script> [776 bytes]","args":[{"enterText":"C002","selector":{"controlType":"sap.m.Input","viewName":"etm.portal.ui.manageyards.view.New","viewId":"application-manageyards-display-component---NewYard","bindingPath":{"path":"","propertyPath":"/SALES_AREA_VKORG","modelName":"NewYardModel"},"interaction":{"idSuffix":"inner"}},"clearTextFirst":true,"interactionType":"ENTER_TEXT"}]}
RESULT: {"script":"<script> [776 bytes]","args":[{"enterText":"C002","selector":{"controlType":"sap.m.Input","viewName":"etm.portal.ui.manageyards.view.New","viewId":"application-manageyards-display-component---NewYard","bindingPath":{"path":"","propertyPath":"/SALES_AREA_VKORG","modelName":"NewYardModel"},"interaction":{"idSuffix":"inner"}},"clearTextFirst":true,"interactionType":"ENTER_TEXT"}]}
COMMAND: POST /session/91c831240bf0af8018f09264486ab218/execute/async - {"script":"<script> [1562 bytes]","args":[{"selector":{"controlType":"sap.m.Input","viewName":"etm.portal.ui.manageyards.view.New","viewId":"application-manageyards-display-component---NewYard","bindingPath":{"path":"","propertyPath":"/SALES_AREA_VTWEG","modelName":"NewYardModel"},"interaction":{"idSuffix":"inner"}},"wdio_ui5_key":"etmportal.ui.manageyards.view.Newsap.m.Input{\"path\":\"\",\"propertyPath\":\"/SALES_AREA_VTWEG\",\"modelName\":\"NewYardModel\"}"}]}
RESULT: {"script":"<script> [1562 bytes]","args":[{"selector":{"controlType":"sap.m.Input","viewName":"etm.portal.ui.manageyards.view.New","viewId":"application-manageyards-display-component---NewYard","bindingPath":{"path":"","propertyPath":"/SALES_AREA_VTWEG","modelName":"NewYardModel"},"interaction":{"idSuffix":"inner"}},"wdio_ui5_key":"etmportal.ui.manageyards.view.Newsap.m.Input{\"path\":\"\",\"propertyPath\":\"/SALES_AREA_VTWEG\",\"modelName\":\"NewYardModel\"}"}]}
RESULT: undefined
COMMAND: POST /session/91c831240bf0af8018f09264486ab218/execute/async - {"script":"<script> [776 bytes]","args":[{"enterText":"C2","selector":{"controlType":"sap.m.Input","viewName":"etm.portal.ui.manageyards.view.New","viewId":"application-manageyards-display-component---NewYard","bindingPath":{"path":"","propertyPath":"/SALES_AREA_VTWEG","modelName":"NewYardModel"},"interaction":{"idSuffix":"inner"}},"clearTextFirst":true,"interactionType":"ENTER_TEXT"}]}
RESULT: {"script":"<script> [776 bytes]","args":[{"enterText":"C2","selector":{"controlType":"sap.m.Input","viewName":"etm.portal.ui.manageyards.view.New","viewId":"application-manageyards-display-component---NewYard","bindingPath":{"path":"","propertyPath":"/SALES_AREA_VTWEG","modelName":"NewYardModel"},"interaction":{"idSuffix":"inner"}},"clearTextFirst":true,"interactionType":"ENTER_TEXT"}]}
COMMAND: POST /session/91c831240bf0af8018f09264486ab218/execute/async - {"script":"<script> [1562 bytes]","args":[{"selector":{"controlType":"sap.m.Input","viewName":"etm.portal.ui.manageyards.view.New","viewId":"application-manageyards-display-component---NewYard","bindingPath":{"path":"","propertyPath":"/SALES_AREA_SPART","modelName":"NewYardModel"},"interaction":{"idSuffix":"inner"}},"wdio_ui5_key":"etmportal.ui.manageyards.view.Newsap.m.Input{\"path\":\"\",\"propertyPath\":\"/SALES_AREA_SPART\",\"modelName\":\"NewYardModel\"}"}]}
RESULT: {"script":"<script> [1562 bytes]","args":[{"selector":{"controlType":"sap.m.Input","viewName":"etm.portal.ui.manageyards.view.New","viewId":"application-manageyards-display-component---NewYard","bindingPath":{"path":"","propertyPath":"/SALES_AREA_SPART","modelName":"NewYardModel"},"interaction":{"idSuffix":"inner"}},"wdio_ui5_key":"etmportal.ui.manageyards.view.Newsap.m.Input{\"path\":\"\",\"propertyPath\":\"/SALES_AREA_SPART\",\"modelName\":\"NewYardModel\"}"}]}
RESULT: undefined
COMMAND: POST /session/91c831240bf0af8018f09264486ab218/execute/async - {"script":"<script> [776 bytes]","args":[{"enterText":"C2","selector":{"controlType":"sap.m.Input","viewName":"etm.portal.ui.manageyards.view.New","viewId":"application-manageyards-display-component---NewYard","bindingPath":{"path":"","propertyPath":"/SALES_AREA_SPART","modelName":"NewYardModel"},"interaction":{"idSuffix":"inner"}},"clearTextFirst":true,"interactionType":"ENTER_TEXT"}]}
RESULT: {"script":"<script> [776 bytes]","args":[{"enterText":"C2","selector":{"controlType":"sap.m.Input","viewName":"etm.portal.ui.manageyards.view.New","viewId":"application-manageyards-display-component---NewYard","bindingPath":{"path":"","propertyPath":"/SALES_AREA_SPART","modelName":"NewYardModel"},"interaction":{"idSuffix":"inner"}},"clearTextFirst":true,"interactionType":"ENTER_TEXT"}]}
COMMAND: POST /session/91c831240bf0af8018f09264486ab218/execute/async - {"script":"<script> [1562 bytes]","args":[{"selector":{"controlType":"sap.m.Input","viewName":"etm.portal.ui.manageyards.view.New","viewId":"application-manageyards-display-component---NewYard","bindingPath":{"path":"","propertyPath":"/SHIP_POINT","modelName":"NewYardModel"},"interaction":{"idSuffix":"inner"}},"wdio_ui5_key":"etmportal.ui.manageyards.view.Newsap.m.Input{\"path\":\"\",\"propertyPath\":\"/SHIP_POINT\",\"modelName\":\"NewYardModel\"}"}]}
RESULT: {"script":"<script> [1562 bytes]","args":[{"selector":{"controlType":"sap.m.Input","viewName":"etm.portal.ui.manageyards.view.New","viewId":"application-manageyards-display-component---NewYard","bindingPath":{"path":"","propertyPath":"/SHIP_POINT","modelName":"NewYardModel"},"interaction":{"idSuffix":"inner"}},"wdio_ui5_key":"etmportal.ui.manageyards.view.Newsap.m.Input{\"path\":\"\",\"propertyPath\":\"/SHIP_POINT\",\"modelName\":\"NewYardModel\"}"}]}
RESULT: undefined
COMMAND: POST /session/91c831240bf0af8018f09264486ab218/execute/async - {"script":"<script> [776 bytes]","args":[{"enterText":"1710","selector":{"controlType":"sap.m.Input","viewName":"etm.portal.ui.manageyards.view.New","viewId":"application-manageyards-display-component---NewYard","bindingPath":{"path":"","propertyPath":"/SHIP_POINT","modelName":"NewYardModel"},"interaction":{"idSuffix":"inner"}},"clearTextFirst":true,"interactionType":"ENTER_TEXT"}]}
RESULT: {"script":"<script> [776 bytes]","args":[{"enterText":"1710","selector":{"controlType":"sap.m.Input","viewName":"etm.portal.ui.manageyards.view.New","viewId":"application-manageyards-display-component---NewYard","bindingPath":{"path":"","propertyPath":"/SHIP_POINT","modelName":"NewYardModel"},"interaction":{"idSuffix":"inner"}},"clearTextFirst":true,"interactionType":"ENTER_TEXT"}]}
COMMAND: POST /session/91c831240bf0af8018f09264486ab218/execute/async - {"script":"<script> [1562 bytes]","args":[{"selector":{"controlType":"sap.m.Input","viewName":"etm.portal.ui.manageyards.view.New","viewId":"application-manageyards-display-component---NewYard","bindingPath":{"path":"","propertyPath":"/DELIVERY_TYPE","modelName":"NewYardModel"},"interaction":{"idSuffix":"inner"}},"wdio_ui5_key":"etmportal.ui.manageyards.view.Newsap.m.Input{\"path\":\"\",\"propertyPath\":\"/DELIVERY_TYPE\",\"modelName\":\"NewYardModel\"}"}]}
RESULT: {"script":"<script> [1562 bytes]","args":[{"selector":{"controlType":"sap.m.Input","viewName":"etm.portal.ui.manageyards.view.New","viewId":"application-manageyards-display-component---NewYard","bindingPath":{"path":"","propertyPath":"/DELIVERY_TYPE","modelName":"NewYardModel"},"interaction":{"idSuffix":"inner"}},"wdio_ui5_key":"etmportal.ui.manageyards.view.Newsap.m.Input{\"path\":\"\",\"propertyPath\":\"/DELIVERY_TYPE\",\"modelName\":\"NewYardModel\"}"}]}
RESULT: undefined
COMMAND: POST /session/91c831240bf0af8018f09264486ab218/execute/async - {"script":"<script> [776 bytes]","args":[{"enterText":"ZL01","selector":{"controlType":"sap.m.Input","viewName":"etm.portal.ui.manageyards.view.New","viewId":"application-manageyards-display-component---NewYard","bindingPath":{"path":"","propertyPath":"/DELIVERY_TYPE","modelName":"NewYardModel"},"interaction":{"idSuffix":"inner"}},"clearTextFirst":true,"interactionType":"ENTER_TEXT"}]}
RESULT: {"script":"<script> [776 bytes]","args":[{"enterText":"ZL01","selector":{"controlType":"sap.m.Input","viewName":"etm.portal.ui.manageyards.view.New","viewId":"application-manageyards-display-component---NewYard","bindingPath":{"path":"","propertyPath":"/DELIVERY_TYPE","modelName":"NewYardModel"},"interaction":{"idSuffix":"inner"}},"clearTextFirst":true,"interactionType":"ENTER_TEXT"}]}
COMMAND: POST /session/91c831240bf0af8018f09264486ab218/execute/async - {"script":"<script> [1562 bytes]","args":[{"selector":{"controlType":"sap.m.Input","viewName":"etm.portal.ui.manageyards.view.New","viewId":"application-manageyards-display-component---NewYard","bindingPath":{"path":"","propertyPath":"/AUART","modelName":"NewYardModel"},"interaction":{"idSuffix":"inner"}},"wdio_ui5_key":"etmportal.ui.manageyards.view.Newsap.m.Input{\"path\":\"\",\"propertyPath\":\"/AUART\",\"modelName\":\"NewYardModel\"}"}]}
RESULT: {"script":"<script> [1562 bytes]","args":[{"selector":{"controlType":"sap.m.Input","viewName":"etm.portal.ui.manageyards.view.New","viewId":"application-manageyards-display-component---NewYard","bindingPath":{"path":"","propertyPath":"/AUART","modelName":"NewYardModel"},"interaction":{"idSuffix":"inner"}},"wdio_ui5_key":"etmportal.ui.manageyards.view.Newsap.m.Input{\"path\":\"\",\"propertyPath\":\"/AUART\",\"modelName\":\"NewYardModel\"}"}]}
RESULT: undefined
COMMAND: POST /session/91c831240bf0af8018f09264486ab218/execute/async - {"script":"<script> [776 bytes]","args":[{"enterText":"TA","selector":{"controlType":"sap.m.Input","viewName":"etm.portal.ui.manageyards.view.New","viewId":"application-manageyards-display-component---NewYard","bindingPath":{"path":"","propertyPath":"/AUART","modelName":"NewYardModel"},"interaction":{"idSuffix":"inner"}},"clearTextFirst":true,"interactionType":"ENTER_TEXT"}]}
RESULT: {"script":"<script> [776 bytes]","args":[{"enterText":"TA","selector":{"controlType":"sap.m.Input","viewName":"etm.portal.ui.manageyards.view.New","viewId":"application-manageyards-display-component---NewYard","bindingPath":{"path":"","propertyPath":"/AUART","modelName":"NewYardModel"},"interaction":{"idSuffix":"inner"}},"clearTextFirst":true,"interactionType":"ENTER_TEXT"}]}
COMMAND: POST /session/91c831240bf0af8018f09264486ab218/element - {"using":"xpath","value":"//button[@data-kt=\"newYardSaveButton\"]"}
RESULT: {"using":"xpath","value":"//button[@data-kt=\"newYardSaveButton\"]"}
COMMAND: POST /session/91c831240bf0af8018f09264486ab218/element/f.D0212D211F1205B79C5F6C51E540BEF2.d.174AB0CE28E8CD71E3F337935164EF7B.e.690/click - {}
RESULT: {}
COMMAND: GET /session/91c831240bf0af8018f09264486ab218/screenshot - {}
RESULT: {}
COMMAND: POST /session/91c831240bf0af8018f09264486ab218/element - {"using":"xpath","value":"//header[contains(@id, 'ObjectPageLayout-headerTitle')]/div[1]/div[2]/div[1]/span[1]"}
RESULT: {"using":"xpath","value":"//header[contains(@id, 'ObjectPageLayout-headerTitle')]/div[1]/div[2]/div[1]/span[1]"}
COMMAND: POST /session/91c831240bf0af8018f09264486ab218/elements - {"using":"xpath","value":"//header[contains(@id, 'ObjectPageLayout-headerTitle')]/div[1]/div[2]/div[1]/span[1]"}
RESULT: {"using":"xpath","value":"//header[contains(@id, 'ObjectPageLayout-headerTitle')]/div[1]/div[2]/div[1]/span[1]"}
COMMAND: POST /session/91c831240bf0af8018f09264486ab218/execute/sync - {"script":"<script> [56 bytes]","args":[{"element-6066-11e4-a52e-4f735466cecf":"f.D0212D211F1205B79C5F6C51E540BEF2.d.174AB0CE28E8CD71E3F337935164EF7B.e.998","ELEMENT":"f.D0212D211F1205B79C5F6C51E540BEF2.d.174AB0CE28E8CD71E3F337935164EF7B.e.998"}]}
RESULT: {"script":"<script> [56 bytes]","args":[{"element-6066-11e4-a52e-4f735466cecf":"f.D0212D211F1205B79C5F6C51E540BEF2.d.174AB0CE28E8CD71E3F337935164EF7B.e.998","ELEMENT":"f.D0212D211F1205B79C5F6C51E540BEF2.d.174AB0CE28E8CD71E3F337935164EF7B.e.998"}]}
COMMAND: GET /session/91c831240bf0af8018f09264486ab218/screenshot - {}
RESULT: {}
COMMAND: POST /session/91c831240bf0af8018f09264486ab218/element - {"using":"css selector","value":"#shell-header-logo"}
RESULT: {"using":"css selector","value":"#shell-header-logo"}
COMMAND: POST /session/91c831240bf0af8018f09264486ab218/element/f.D0212D211F1205B79C5F6C51E540BEF2.d.174AB0CE28E8CD71E3F337935164EF7B.e.259/click - {}
RESULT: {}
COMMAND: GET /session/91c831240bf0af8018f09264486ab218/screenshot - {}
RESULT: {}
COMMAND: POST /session/91c831240bf0af8018f09264486ab218/execute/sync - {"script":"<script> [299 bytes]","args":[["getModel","getResource"]]}
RESULT: {"script":"<script> [299 bytes]","args":[["getModel","getResource"]]}
]]></system-out>
    </testcase>
    <testcase classname="chrome.136_0_7103_93.windows.Tests_for_Mass_State_Change_on_Manage_States_&amp;_Performances_US104416_US" name="Prereq Should create a new partner" time="133.259">
      <system-out><![CDATA[
COMMAND: POST /session/91c831240bf0af8018f09264486ab218/window/fullscreen - {}
COMMAND: GET /session/91c831240bf0af8018f09264486ab218/screenshot - {}
RESULT: {}
COMMAND: POST /session/91c831240bf0af8018f09264486ab218/execute/async - {"script":"<script> [1562 bytes]","args":[{"selector":{"controlType":"sap.m.GenericTile","properties":{"header":"Manage Partners"}},"wdio_ui5_key":"sapm.GenericTile{\"header\":\"Manage Partners\"}"}]}
RESULT: {}
RESULT: {"script":"<script> [1562 bytes]","args":[{"selector":{"controlType":"sap.m.GenericTile","properties":{"header":"Manage Partners"}},"wdio_ui5_key":"sapm.GenericTile{\"header\":\"Manage Partners\"}"}]}
RESULT: undefined
COMMAND: POST /session/91c831240bf0af8018f09264486ab218/element - {"using":"xpath","value":"//*[@id=\"__tile38\"]"}
RESULT: {"using":"xpath","value":"//*[@id=\"__tile38\"]"}
COMMAND: POST /session/91c831240bf0af8018f09264486ab218/element/f.D0212D211F1205B79C5F6C51E540BEF2.d.174AB0CE28E8CD71E3F337935164EF7B.e.156/click - {}
RESULT: {}
COMMAND: GET /session/91c831240bf0af8018f09264486ab218/screenshot - {}
RESULT: {}
COMMAND: POST /session/91c831240bf0af8018f09264486ab218/elements - {"using":"xpath","value":"//span[text()='Error']"}
RESULT: {"using":"xpath","value":"//span[text()='Error']"}
COMMAND: POST /session/91c831240bf0af8018f09264486ab218/element - {"using":"xpath","value":"//button[@data-kt=\"addButton\"]"}
RESULT: {"using":"xpath","value":"//button[@data-kt=\"addButton\"]"}
COMMAND: POST /session/91c831240bf0af8018f09264486ab218/elements - {"using":"xpath","value":"//button[@data-kt=\"addButton\"]"}
RESULT: {"using":"xpath","value":"//button[@data-kt=\"addButton\"]"}
COMMAND: POST /session/91c831240bf0af8018f09264486ab218/execute/sync - {"script":"<script> [8489 bytes]","args":[{"element-6066-11e4-a52e-4f735466cecf":"f.D0212D211F1205B79C5F6C51E540BEF2.d.174AB0CE28E8CD71E3F337935164EF7B.e.1047","ELEMENT":"f.D0212D211F1205B79C5F6C51E540BEF2.d.174AB0CE28E8CD71E3F337935164EF7B.e.1047"}]}
RESULT: {"script":"<script> [8489 bytes]","args":[{"element-6066-11e4-a52e-4f735466cecf":"f.D0212D211F1205B79C5F6C51E540BEF2.d.174AB0CE28E8CD71E3F337935164EF7B.e.1047","ELEMENT":"f.D0212D211F1205B79C5F6C51E540BEF2.d.174AB0CE28E8CD71E3F337935164EF7B.e.1047"}]}
COMMAND: GET /session/91c831240bf0af8018f09264486ab218/element/f.D0212D211F1205B79C5F6C51E540BEF2.d.174AB0CE28E8CD71E3F337935164EF7B.e.1047/enabled - {}
COMMAND: GET /session/91c831240bf0af8018f09264486ab218/screenshot - {}
RESULT: {}
COMMAND: POST /session/91c831240bf0af8018f09264486ab218/execute/sync - {"script":"<script> [8489 bytes]","args":[{"element-6066-11e4-a52e-4f735466cecf":"f.D0212D211F1205B79C5F6C51E540BEF2.d.174AB0CE28E8CD71E3F337935164EF7B.e.1047","ELEMENT":"f.D0212D211F1205B79C5F6C51E540BEF2.d.174AB0CE28E8CD71E3F337935164EF7B.e.1047"}]}
COMMAND: GET /session/91c831240bf0af8018f09264486ab218/screenshot - {}
RESULT: {}
RESULT: {"script":"<script> [8489 bytes]","args":[{"element-6066-11e4-a52e-4f735466cecf":"f.D0212D211F1205B79C5F6C51E540BEF2.d.174AB0CE28E8CD71E3F337935164EF7B.e.1047","ELEMENT":"f.D0212D211F1205B79C5F6C51E540BEF2.d.174AB0CE28E8CD71E3F337935164EF7B.e.1047"}]}
COMMAND: POST /session/91c831240bf0af8018f09264486ab218/execute/sync - {"script":"<script> [5351 bytes]","args":[{"element-6066-11e4-a52e-4f735466cecf":"f.D0212D211F1205B79C5F6C51E540BEF2.d.174AB0CE28E8CD71E3F337935164EF7B.e.1047","ELEMENT":"f.D0212D211F1205B79C5F6C51E540BEF2.d.174AB0CE28E8CD71E3F337935164EF7B.e.1047"}]}
COMMAND: GET /session/91c831240bf0af8018f09264486ab218/screenshot - {}
RESULT: {}
RESULT: {"script":"<script> [5351 bytes]","args":[{"element-6066-11e4-a52e-4f735466cecf":"f.D0212D211F1205B79C5F6C51E540BEF2.d.174AB0CE28E8CD71E3F337935164EF7B.e.1047","ELEMENT":"f.D0212D211F1205B79C5F6C51E540BEF2.d.174AB0CE28E8CD71E3F337935164EF7B.e.1047"}]}
COMMAND: POST /session/91c831240bf0af8018f09264486ab218/element/f.D0212D211F1205B79C5F6C51E540BEF2.d.174AB0CE28E8CD71E3F337935164EF7B.e.1047/click - {}
COMMAND: GET /session/91c831240bf0af8018f09264486ab218/screenshot - {}
RESULT: {}
RESULT: {}
COMMAND: GET /session/91c831240bf0af8018f09264486ab218/screenshot - {}
RESULT: {}
RESULT: {}
COMMAND: POST /session/91c831240bf0af8018f09264486ab218/execute/async - {"script":"<script> [1562 bytes]","args":[{"selector":{"id":"application-managepartners-display-component---NewPartner--addressDetailDetailsName1","interaction":{"idSuffix":"inner"}},"wdio_ui5_key":"applicationmanagepartners-display-component---NewPartner--addressDetailDetailsName1"}]}
RESULT: {"script":"<script> [1562 bytes]","args":[{"selector":{"id":"application-managepartners-display-component---NewPartner--addressDetailDetailsName1","interaction":{"idSuffix":"inner"}},"wdio_ui5_key":"applicationmanagepartners-display-component---NewPartner--addressDetailDetailsName1"}]}
RESULT: undefined
COMMAND: POST /session/91c831240bf0af8018f09264486ab218/execute/async - {"script":"<script> [776 bytes]","args":[{"enterText":"Intracompany Partner WDIO","selector":{"id":"application-managepartners-display-component---NewPartner--addressDetailDetailsName1","interaction":{"idSuffix":"inner"}},"clearTextFirst":true,"interactionType":"ENTER_TEXT"}]}
RESULT: {"script":"<script> [776 bytes]","args":[{"enterText":"Intracompany Partner WDIO","selector":{"id":"application-managepartners-display-component---NewPartner--addressDetailDetailsName1","interaction":{"idSuffix":"inner"}},"clearTextFirst":true,"interactionType":"ENTER_TEXT"}]}
COMMAND: POST /session/91c831240bf0af8018f09264486ab218/execute/async - {"script":"<script> [1562 bytes]","args":[{"selector":{"id":"application-managepartners-display-component---NewPartner--addressDetailDetailsLanguage-arrow"},"wdio_ui5_key":"applicationmanagepartners-display-component---NewPartner--addressDetailDetailsLanguage-arrow"}]}
RESULT: {"script":"<script> [1562 bytes]","args":[{"selector":{"id":"application-managepartners-display-component---NewPartner--addressDetailDetailsLanguage-arrow"},"wdio_ui5_key":"applicationmanagepartners-display-component---NewPartner--addressDetailDetailsLanguage-arrow"}]}
RESULT: undefined
COMMAND: POST /session/91c831240bf0af8018f09264486ab218/element - {"using":"xpath","value":"//*[@id=\"application-managepartners-display-component---NewPartner--addressDetailDetailsLanguage-arrow\"]"}
RESULT: {"using":"xpath","value":"//*[@id=\"application-managepartners-display-component---NewPartner--addressDetailDetailsLanguage-arrow\"]"}
COMMAND: POST /session/91c831240bf0af8018f09264486ab218/element/f.D0212D211F1205B79C5F6C51E540BEF2.d.174AB0CE28E8CD71E3F337935164EF7B.e.1490/click - {}
RESULT: {}
COMMAND: POST /session/91c831240bf0af8018f09264486ab218/element - {"using":"xpath","value":"//span[contains(text(), \"English\")]"}
COMMAND: GET /session/91c831240bf0af8018f09264486ab218/screenshot - {}
RESULT: {"using":"xpath","value":"//span[contains(text(), \"English\")]"}
COMMAND: POST /session/91c831240bf0af8018f09264486ab218/element/f.D0212D211F1205B79C5F6C51E540BEF2.d.174AB0CE28E8CD71E3F337935164EF7B.e.1491/click - {}
RESULT: {}
RESULT: {}
COMMAND: GET /session/91c831240bf0af8018f09264486ab218/screenshot - {}
RESULT: {}
COMMAND: POST /session/91c831240bf0af8018f09264486ab218/execute/async - {"script":"<script> [1562 bytes]","args":[{"selector":{"id":"application-managepartners-display-component---NewPartner--addressDetailDetailsCity1","interaction":{"idSuffix":"inner"}},"wdio_ui5_key":"applicationmanagepartners-display-component---NewPartner--addressDetailDetailsCity1"}]}
RESULT: {"script":"<script> [1562 bytes]","args":[{"selector":{"id":"application-managepartners-display-component---NewPartner--addressDetailDetailsCity1","interaction":{"idSuffix":"inner"}},"wdio_ui5_key":"applicationmanagepartners-display-component---NewPartner--addressDetailDetailsCity1"}]}
RESULT: undefined
COMMAND: POST /session/91c831240bf0af8018f09264486ab218/execute/async - {"script":"<script> [776 bytes]","args":[{"enterText":"Rosario","selector":{"id":"application-managepartners-display-component---NewPartner--addressDetailDetailsCity1","interaction":{"idSuffix":"inner"}},"clearTextFirst":true,"interactionType":"ENTER_TEXT"}]}
RESULT: {"script":"<script> [776 bytes]","args":[{"enterText":"Rosario","selector":{"id":"application-managepartners-display-component---NewPartner--addressDetailDetailsCity1","interaction":{"idSuffix":"inner"}},"clearTextFirst":true,"interactionType":"ENTER_TEXT"}]}
COMMAND: POST /session/91c831240bf0af8018f09264486ab218/execute/async - {"script":"<script> [1562 bytes]","args":[{"selector":{"id":"application-managepartners-display-component---NewPartner--addressDetailDetailsCountry-arrow"},"wdio_ui5_key":"applicationmanagepartners-display-component---NewPartner--addressDetailDetailsCountry-arrow"}]}
RESULT: {"script":"<script> [1562 bytes]","args":[{"selector":{"id":"application-managepartners-display-component---NewPartner--addressDetailDetailsCountry-arrow"},"wdio_ui5_key":"applicationmanagepartners-display-component---NewPartner--addressDetailDetailsCountry-arrow"}]}
RESULT: undefined
COMMAND: POST /session/91c831240bf0af8018f09264486ab218/element - {"using":"xpath","value":"//*[@id=\"application-managepartners-display-component---NewPartner--addressDetailDetailsCountry-arrow\"]"}
RESULT: {"using":"xpath","value":"//*[@id=\"application-managepartners-display-component---NewPartner--addressDetailDetailsCountry-arrow\"]"}
COMMAND: POST /session/91c831240bf0af8018f09264486ab218/element/f.D0212D211F1205B79C5F6C51E540BEF2.d.174AB0CE28E8CD71E3F337935164EF7B.e.1477/click - {}
RESULT: {}
COMMAND: POST /session/91c831240bf0af8018f09264486ab218/element - {"using":"xpath","value":"//span[contains(text(), \"Argentina\")]"}
COMMAND: GET /session/91c831240bf0af8018f09264486ab218/screenshot - {}
RESULT: {"using":"xpath","value":"//span[contains(text(), \"Argentina\")]"}
COMMAND: POST /session/91c831240bf0af8018f09264486ab218/element/f.D0212D211F1205B79C5F6C51E540BEF2.d.174AB0CE28E8CD71E3F337935164EF7B.e.1493/click - {}
RESULT: {}
RESULT: {}
COMMAND: GET /session/91c831240bf0af8018f09264486ab218/screenshot - {}
RESULT: {}
COMMAND: POST /session/91c831240bf0af8018f09264486ab218/element - {"using":"xpath","value":"//bdi[contains(text(), \"Commercial\")]"}
RESULT: {"using":"xpath","value":"//bdi[contains(text(), \"Commercial\")]"}
COMMAND: POST /session/91c831240bf0af8018f09264486ab218/element/f.D0212D211F1205B79C5F6C51E540BEF2.d.174AB0CE28E8CD71E3F337935164EF7B.e.1494/click - {}
RESULT: {}
COMMAND: GET /session/91c831240bf0af8018f09264486ab218/screenshot - {}
RESULT: {}
COMMAND: POST /session/91c831240bf0af8018f09264486ab218/execute/async - {"script":"<script> [1562 bytes]","args":[{"selector":{"id":"application-managepartners-display-component---NewPartner--partnerDetailInternal-arrow"},"wdio_ui5_key":"applicationmanagepartners-display-component---NewPartner--partnerDetailInternal-arrow"}]}
RESULT: {"script":"<script> [1562 bytes]","args":[{"selector":{"id":"application-managepartners-display-component---NewPartner--partnerDetailInternal-arrow"},"wdio_ui5_key":"applicationmanagepartners-display-component---NewPartner--partnerDetailInternal-arrow"}]}
RESULT: undefined
COMMAND: POST /session/91c831240bf0af8018f09264486ab218/element - {"using":"xpath","value":"//*[@id=\"application-managepartners-display-component---NewPartner--partnerDetailInternal-arrow\"]"}
RESULT: {"using":"xpath","value":"//*[@id=\"application-managepartners-display-component---NewPartner--partnerDetailInternal-arrow\"]"}
COMMAND: POST /session/91c831240bf0af8018f09264486ab218/element/f.D0212D211F1205B79C5F6C51E540BEF2.d.174AB0CE28E8CD71E3F337935164EF7B.e.1498/click - {}
RESULT: {}
COMMAND: POST /session/91c831240bf0af8018f09264486ab218/element - {"using":"xpath","value":"//span[contains(text(), \"Affiliated company\")]"}
COMMAND: GET /session/91c831240bf0af8018f09264486ab218/screenshot - {}
RESULT: {"using":"xpath","value":"//span[contains(text(), \"Affiliated company\")]"}
COMMAND: POST /session/91c831240bf0af8018f09264486ab218/element/f.D0212D211F1205B79C5F6C51E540BEF2.d.174AB0CE28E8CD71E3F337935164EF7B.e.1502/click - {}
RESULT: {}
RESULT: {}
COMMAND: POST /session/91c831240bf0af8018f09264486ab218/execute/async - {"script":"<script> [1562 bytes]","args":[{"selector":{"id":"application-managepartners-display-component---NewPartner--partnerDetailsCurrency-arrow"},"wdio_ui5_key":"applicationmanagepartners-display-component---NewPartner--partnerDetailsCurrency-arrow"}]}
COMMAND: GET /session/91c831240bf0af8018f09264486ab218/screenshot - {}
RESULT: {"script":"<script> [1562 bytes]","args":[{"selector":{"id":"application-managepartners-display-component---NewPartner--partnerDetailsCurrency-arrow"},"wdio_ui5_key":"applicationmanagepartners-display-component---NewPartner--partnerDetailsCurrency-arrow"}]}
RESULT: undefined
COMMAND: POST /session/91c831240bf0af8018f09264486ab218/element - {"using":"xpath","value":"//*[@id=\"application-managepartners-display-component---NewPartner--partnerDetailsCurrency-arrow\"]"}
RESULT: {}
RESULT: {"using":"xpath","value":"//*[@id=\"application-managepartners-display-component---NewPartner--partnerDetailsCurrency-arrow\"]"}
COMMAND: POST /session/91c831240bf0af8018f09264486ab218/element/f.D0212D211F1205B79C5F6C51E540BEF2.d.174AB0CE28E8CD71E3F337935164EF7B.e.1509/click - {}
RESULT: {}
COMMAND: POST /session/91c831240bf0af8018f09264486ab218/element - {"using":"xpath","value":"//span[contains(text(), \"Euro\")]"}
COMMAND: GET /session/91c831240bf0af8018f09264486ab218/screenshot - {}
RESULT: {"using":"xpath","value":"//span[contains(text(), \"Euro\")]"}
COMMAND: POST /session/91c831240bf0af8018f09264486ab218/element/f.D0212D211F1205B79C5F6C51E540BEF2.d.174AB0CE28E8CD71E3F337935164EF7B.e.1510/click - {}
RESULT: {}
RESULT: {}
COMMAND: POST /session/91c831240bf0af8018f09264486ab218/execute/async - {"script":"<script> [1562 bytes]","args":[{"selector":{"id":"application-managepartners-display-component---NewPartner--addressEditDetailsCostObjectCstType-arrow"},"wdio_ui5_key":"applicationmanagepartners-display-component---NewPartner--addressEditDetailsCostObjectCstType-arrow"}]}
COMMAND: GET /session/91c831240bf0af8018f09264486ab218/screenshot - {}
RESULT: {"script":"<script> [1562 bytes]","args":[{"selector":{"id":"application-managepartners-display-component---NewPartner--addressEditDetailsCostObjectCstType-arrow"},"wdio_ui5_key":"applicationmanagepartners-display-component---NewPartner--addressEditDetailsCostObjectCstType-arrow"}]}
RESULT: undefined
COMMAND: POST /session/91c831240bf0af8018f09264486ab218/element - {"using":"xpath","value":"//*[@id=\"application-managepartners-display-component---NewPartner--addressEditDetailsCostObjectCstType-arrow\"]"}
RESULT: {}
RESULT: {"using":"xpath","value":"//*[@id=\"application-managepartners-display-component---NewPartner--addressEditDetailsCostObjectCstType-arrow\"]"}
COMMAND: POST /session/91c831240bf0af8018f09264486ab218/element/f.D0212D211F1205B79C5F6C51E540BEF2.d.174AB0CE28E8CD71E3F337935164EF7B.e.1511/click - {}
RESULT: {}
COMMAND: POST /session/91c831240bf0af8018f09264486ab218/element - {"using":"xpath","value":"//span[contains(text(), \"Cost Center\")]"}
COMMAND: GET /session/91c831240bf0af8018f09264486ab218/screenshot - {}
RESULT: {"using":"xpath","value":"//span[contains(text(), \"Cost Center\")]"}
COMMAND: POST /session/91c831240bf0af8018f09264486ab218/element/f.D0212D211F1205B79C5F6C51E540BEF2.d.174AB0CE28E8CD71E3F337935164EF7B.e.1512/click - {}
RESULT: {}
RESULT: {}
COMMAND: GET /session/91c831240bf0af8018f09264486ab218/screenshot - {}
RESULT: {}
COMMAND: POST /session/91c831240bf0af8018f09264486ab218/element - {"using":"xpath","value":"//span[@id=\"application-managepartners-display-component---NewPartner--addressNewCostObjectCstID-vhi\"]"}
RESULT: {"using":"xpath","value":"//span[@id=\"application-managepartners-display-component---NewPartner--addressNewCostObjectCstID-vhi\"]"}
COMMAND: POST /session/91c831240bf0af8018f09264486ab218/execute/sync - {"script":"<script> [8489 bytes]","args":[{"element-6066-11e4-a52e-4f735466cecf":"f.D0212D211F1205B79C5F6C51E540BEF2.d.174AB0CE28E8CD71E3F337935164EF7B.e.1516","ELEMENT":"f.D0212D211F1205B79C5F6C51E540BEF2.d.174AB0CE28E8CD71E3F337935164EF7B.e.1516"}]}
RESULT: {"script":"<script> [8489 bytes]","args":[{"element-6066-11e4-a52e-4f735466cecf":"f.D0212D211F1205B79C5F6C51E540BEF2.d.174AB0CE28E8CD71E3F337935164EF7B.e.1516","ELEMENT":"f.D0212D211F1205B79C5F6C51E540BEF2.d.174AB0CE28E8CD71E3F337935164EF7B.e.1516"}]}
COMMAND: POST /session/91c831240bf0af8018f09264486ab218/execute/async - {"script":"<script> [1562 bytes]","args":[{"selector":{"id":"application-managepartners-display-component---NewPartner--addressNewCostObjectCstID-vhi"},"wdio_ui5_key":"applicationmanagepartners-display-component---NewPartner--addressNewCostObjectCstID-vhi"}]}
COMMAND: GET /session/91c831240bf0af8018f09264486ab218/screenshot - {}
RESULT: {"script":"<script> [1562 bytes]","args":[{"selector":{"id":"application-managepartners-display-component---NewPartner--addressNewCostObjectCstID-vhi"},"wdio_ui5_key":"applicationmanagepartners-display-component---NewPartner--addressNewCostObjectCstID-vhi"}]}
RESULT: undefined
COMMAND: POST /session/91c831240bf0af8018f09264486ab218/element - {"using":"xpath","value":"//*[@id=\"application-managepartners-display-component---NewPartner--addressNewCostObjectCstID-vhi\"]"}
RESULT: {}
RESULT: {"using":"xpath","value":"//*[@id=\"application-managepartners-display-component---NewPartner--addressNewCostObjectCstID-vhi\"]"}
COMMAND: POST /session/91c831240bf0af8018f09264486ab218/element/f.D0212D211F1205B79C5F6C51E540BEF2.d.174AB0CE28E8CD71E3F337935164EF7B.e.1516/click - {}
RESULT: {}
COMMAND: GET /session/91c831240bf0af8018f09264486ab218/screenshot - {}
RESULT: {}
RESULT: undefined
COMMAND: POST /session/91c831240bf0af8018f09264486ab218/execute/async - {"script":"<script> [776 bytes]","args":[{"enterText":"10001013","selector":{"controlType":"sap.m.SearchField","properties":{"placeholder":"Search"},"searchOpenDialogs":true,"interaction":{"idSuffix":"I"}},"clearTextFirst":true,"interactionType":"ENTER_TEXT"}]}
RESULT: {"script":"<script> [776 bytes]","args":[{"enterText":"10001013","selector":{"controlType":"sap.m.SearchField","properties":{"placeholder":"Search"},"searchOpenDialogs":true,"interaction":{"idSuffix":"I"}},"clearTextFirst":true,"interactionType":"ENTER_TEXT"}]}
COMMAND: POST /session/91c831240bf0af8018f09264486ab218/actions - {"actions":[{"id":"action2","type":"key","parameters":{},"actions":[{"type":"keyDown","value":""},{"type":"pause","duration":10},{"type":"keyUp","value":""}]}]}
RESULT: {"actions":[{"id":"action2","type":"key","parameters":{},"actions":[{"type":"keyDown","value":""},{"type":"pause","duration":10},{"type":"keyUp","value":""}]}]}
COMMAND: GET /session/91c831240bf0af8018f09264486ab218/screenshot - {}
RESULT: {}
COMMAND: POST /session/91c831240bf0af8018f09264486ab218/element - {"using":"xpath","value":"//span[contains(text(), \"General Management\")]"}
RESULT: {"using":"xpath","value":"//span[contains(text(), \"General Management\")]"}
COMMAND: POST /session/91c831240bf0af8018f09264486ab218/element/f.D0212D211F1205B79C5F6C51E540BEF2.d.174AB0CE28E8CD71E3F337935164EF7B.e.1554/click - {}
RESULT: {}
COMMAND: GET /session/91c831240bf0af8018f09264486ab218/screenshot - {}
RESULT: {}
COMMAND: POST /session/91c831240bf0af8018f09264486ab218/element - {"using":"xpath","value":"//bdi[contains(text(), \"OK\")]"}
RESULT: {"using":"xpath","value":"//bdi[contains(text(), \"OK\")]"}
COMMAND: POST /session/91c831240bf0af8018f09264486ab218/element/f.D0212D211F1205B79C5F6C51E540BEF2.d.174AB0CE28E8CD71E3F337935164EF7B.e.1555/click - {}
RESULT: {}
COMMAND: GET /session/91c831240bf0af8018f09264486ab218/screenshot - {}
RESULT: {}
COMMAND: POST /session/91c831240bf0af8018f09264486ab218/element - {"using":"xpath","value":"//input[@id=\"application-managepartners-display-component---NewPartner--companyCodeComboBox-inner\"]"}
RESULT: {"using":"xpath","value":"//input[@id=\"application-managepartners-display-component---NewPartner--companyCodeComboBox-inner\"]"}
COMMAND: POST /session/91c831240bf0af8018f09264486ab218/element/f.D0212D211F1205B79C5F6C51E540BEF2.d.174AB0CE28E8CD71E3F337935164EF7B.e.1349/clear - {}
RESULT: {}
COMMAND: POST /session/91c831240bf0af8018f09264486ab218/element/f.D0212D211F1205B79C5F6C51E540BEF2.d.174AB0CE28E8CD71E3F337935164EF7B.e.1349/value - {"text":"1000"}
COMMAND: GET /session/91c831240bf0af8018f09264486ab218/screenshot - {}
RESULT: {"text":"1000"}
COMMAND: GET /session/91c831240bf0af8018f09264486ab218/screenshot - {}
RESULT: {}
RESULT: {}
COMMAND: POST /session/91c831240bf0af8018f09264486ab218/element - {"using":"xpath","value":"//li[.//span[text()= \"1000\"]]"}
RESULT: {"using":"xpath","value":"//li[.//span[text()= \"1000\"]]"}
COMMAND: POST /session/91c831240bf0af8018f09264486ab218/element/f.D0212D211F1205B79C5F6C51E540BEF2.d.174AB0CE28E8CD71E3F337935164EF7B.e.1561/click - {}
RESULT: {}
COMMAND: GET /session/91c831240bf0af8018f09264486ab218/screenshot - {}
RESULT: {}
COMMAND: POST /session/91c831240bf0af8018f09264486ab218/execute/async - {"script":"<script> [1562 bytes]","args":[{"selector":{"id":"application-managepartners-display-component---NewPartner--btnAddTableRow-img"},"wdio_ui5_key":"applicationmanagepartners-display-component---NewPartner--btnAddTableRow-img"}]}
RESULT: {"script":"<script> [1562 bytes]","args":[{"selector":{"id":"application-managepartners-display-component---NewPartner--btnAddTableRow-img"},"wdio_ui5_key":"applicationmanagepartners-display-component---NewPartner--btnAddTableRow-img"}]}
RESULT: undefined
COMMAND: POST /session/91c831240bf0af8018f09264486ab218/element - {"using":"xpath","value":"//*[@id=\"application-managepartners-display-component---NewPartner--btnAddTableRow-img\"]"}
RESULT: {"using":"xpath","value":"//*[@id=\"application-managepartners-display-component---NewPartner--btnAddTableRow-img\"]"}
COMMAND: POST /session/91c831240bf0af8018f09264486ab218/element/f.D0212D211F1205B79C5F6C51E540BEF2.d.174AB0CE28E8CD71E3F337935164EF7B.e.1562/click - {}
RESULT: {}
COMMAND: GET /session/91c831240bf0af8018f09264486ab218/screenshot - {}
RESULT: {}
COMMAND: POST /session/91c831240bf0af8018f09264486ab218/element - {"using":"xpath","value":"//input[@id=\"application-managepartners-display-component---NewPartner--assignmentYard-application-managepartners-display-component---NewPartner--assignmentsTable-0-inner\"]"}
RESULT: {"using":"xpath","value":"//input[@id=\"application-managepartners-display-component---NewPartner--assignmentYard-application-managepartners-display-component---NewPartner--assignmentsTable-0-inner\"]"}
COMMAND: POST /session/91c831240bf0af8018f09264486ab218/element/f.D0212D211F1205B79C5F6C51E540BEF2.d.174AB0CE28E8CD71E3F337935164EF7B.e.1565/clear - {}
RESULT: {}
COMMAND: POST /session/91c831240bf0af8018f09264486ab218/element/f.D0212D211F1205B79C5F6C51E540BEF2.d.174AB0CE28E8CD71E3F337935164EF7B.e.1565/value - {"text":"288"}
COMMAND: GET /session/91c831240bf0af8018f09264486ab218/screenshot - {}
RESULT: {"text":"288"}
COMMAND: GET /session/91c831240bf0af8018f09264486ab218/screenshot - {}
RESULT: {}
RESULT: {}
COMMAND: POST /session/91c831240bf0af8018f09264486ab218/element - {"using":"xpath","value":"//li[.//span[text()='288']]"}
RESULT: {"using":"xpath","value":"//li[.//span[text()='288']]"}
COMMAND: POST /session/91c831240bf0af8018f09264486ab218/element/f.D0212D211F1205B79C5F6C51E540BEF2.d.174AB0CE28E8CD71E3F337935164EF7B.e.1574/click - {}
RESULT: {}
COMMAND: GET /session/91c831240bf0af8018f09264486ab218/screenshot - {}
RESULT: {}
COMMAND: POST /session/91c831240bf0af8018f09264486ab218/actions - {"actions":[{"id":"action3","type":"key","parameters":{},"actions":[{"type":"keyDown","value":""},{"type":"pause","duration":10},{"type":"keyUp","value":""}]}]}
RESULT: {"actions":[{"id":"action3","type":"key","parameters":{},"actions":[{"type":"keyDown","value":""},{"type":"pause","duration":10},{"type":"keyUp","value":""}]}]}
COMMAND: POST /session/91c831240bf0af8018f09264486ab218/execute/async - {"script":"<script> [1562 bytes]","args":[{"selector":{"id":"application-managepartners-display-component---NewPartner--externalCustomerComboBox-application-managepartners-display-component---NewPartner--assignmentsTable-0-vhi"},"wdio_ui5_key":"applicationmanagepartners-display-component---NewPartner--externalCustomerComboBox-application-managepartners-display-component---NewPartner--assignmentsTable-0-vhi"}]}
COMMAND: GET /session/91c831240bf0af8018f09264486ab218/screenshot - {}
RESULT: {"script":"<script> [1562 bytes]","args":[{"selector":{"id":"application-managepartners-display-component---NewPartner--externalCustomerComboBox-application-managepartners-display-component---NewPartner--assignmentsTable-0-vhi"},"wdio_ui5_key":"applicationmanagepartners-display-component---NewPartner--externalCustomerComboBox-application-managepartners-display-component---NewPartner--assignmentsTable-0-vhi"}]}
RESULT: undefined
COMMAND: POST /session/91c831240bf0af8018f09264486ab218/element - {"using":"xpath","value":"//*[@id=\"application-managepartners-display-component---NewPartner--externalCustomerComboBox-application-managepartners-display-component---NewPartner--assignmentsTable-0-vhi\"]"}
RESULT: {}
RESULT: {"using":"xpath","value":"//*[@id=\"application-managepartners-display-component---NewPartner--externalCustomerComboBox-application-managepartners-display-component---NewPartner--assignmentsTable-0-vhi\"]"}
COMMAND: POST /session/91c831240bf0af8018f09264486ab218/element/f.D0212D211F1205B79C5F6C51E540BEF2.d.174AB0CE28E8CD71E3F337935164EF7B.e.1578/click - {}
RESULT: {}
RESULT: undefined
COMMAND: POST /session/91c831240bf0af8018f09264486ab218/execute/async - {"script":"<script> [776 bytes]","args":[{"enterText":"300003","selector":{"controlType":"sap.m.SearchField","properties":{"placeholder":"Search"},"searchOpenDialogs":true,"interaction":{"idSuffix":"I"}},"clearTextFirst":true,"interactionType":"ENTER_TEXT"}]}
COMMAND: GET /session/91c831240bf0af8018f09264486ab218/screenshot - {}
RESULT: {"script":"<script> [776 bytes]","args":[{"enterText":"300003","selector":{"controlType":"sap.m.SearchField","properties":{"placeholder":"Search"},"searchOpenDialogs":true,"interaction":{"idSuffix":"I"}},"clearTextFirst":true,"interactionType":"ENTER_TEXT"}]}
COMMAND: POST /session/91c831240bf0af8018f09264486ab218/actions - {"actions":[{"id":"action4","type":"key","parameters":{},"actions":[{"type":"keyDown","value":""},{"type":"pause","duration":10},{"type":"keyUp","value":""}]}]}
RESULT: {}
RESULT: {"actions":[{"id":"action4","type":"key","parameters":{},"actions":[{"type":"keyDown","value":""},{"type":"pause","duration":10},{"type":"keyUp","value":""}]}]}
COMMAND: GET /session/91c831240bf0af8018f09264486ab218/screenshot - {}
RESULT: {}
COMMAND: POST /session/91c831240bf0af8018f09264486ab218/element - {"using":"xpath","value":"//span[contains(text(), \"300003\")]"}
RESULT: {"using":"xpath","value":"//span[contains(text(), \"300003\")]"}
COMMAND: POST /session/91c831240bf0af8018f09264486ab218/element/f.D0212D211F1205B79C5F6C51E540BEF2.d.174AB0CE28E8CD71E3F337935164EF7B.e.1595/click - {}
RESULT: {}
COMMAND: GET /session/91c831240bf0af8018f09264486ab218/screenshot - {}
RESULT: {}
COMMAND: POST /session/91c831240bf0af8018f09264486ab218/element - {"using":"xpath","value":"//bdi[contains(text(), \"OK\")]"}
RESULT: {"using":"xpath","value":"//bdi[contains(text(), \"OK\")]"}
COMMAND: POST /session/91c831240bf0af8018f09264486ab218/element/f.D0212D211F1205B79C5F6C51E540BEF2.d.174AB0CE28E8CD71E3F337935164EF7B.e.1597/click - {}
RESULT: {}
COMMAND: GET /session/91c831240bf0af8018f09264486ab218/screenshot - {}
RESULT: {}
COMMAND: POST /session/91c831240bf0af8018f09264486ab218/execute/async - {"script":"<script> [1562 bytes]","args":[{"selector":{"id":"application-managepartners-display-component---NewPartner--intercompVendorComboBox-application-managepartners-display-component---NewPartner--assignmentsTable-0-vhi"},"wdio_ui5_key":"applicationmanagepartners-display-component---NewPartner--intercompVendorComboBox-application-managepartners-display-component---NewPartner--assignmentsTable-0-vhi"}]}
RESULT: {"script":"<script> [1562 bytes]","args":[{"selector":{"id":"application-managepartners-display-component---NewPartner--intercompVendorComboBox-application-managepartners-display-component---NewPartner--assignmentsTable-0-vhi"},"wdio_ui5_key":"applicationmanagepartners-display-component---NewPartner--intercompVendorComboBox-application-managepartners-display-component---NewPartner--assignmentsTable-0-vhi"}]}
RESULT: undefined
COMMAND: POST /session/91c831240bf0af8018f09264486ab218/element - {"using":"xpath","value":"//*[@id=\"application-managepartners-display-component---NewPartner--intercompVendorComboBox-application-managepartners-display-component---NewPartner--assignmentsTable-0-vhi\"]"}
RESULT: {"using":"xpath","value":"//*[@id=\"application-managepartners-display-component---NewPartner--intercompVendorComboBox-application-managepartners-display-component---NewPartner--assignmentsTable-0-vhi\"]"}
COMMAND: POST /session/91c831240bf0af8018f09264486ab218/element/f.D0212D211F1205B79C5F6C51E540BEF2.d.174AB0CE28E8CD71E3F337935164EF7B.e.1600/click - {}
RESULT: {}
RESULT: undefined
COMMAND: POST /session/91c831240bf0af8018f09264486ab218/execute/async - {"script":"<script> [776 bytes]","args":[{"enterText":"100005","selector":{"controlType":"sap.m.SearchField","properties":{"placeholder":"Search"},"searchOpenDialogs":true,"interaction":{"idSuffix":"I"}},"clearTextFirst":true,"interactionType":"ENTER_TEXT"}]}
COMMAND: GET /session/91c831240bf0af8018f09264486ab218/screenshot - {}
RESULT: {"script":"<script> [776 bytes]","args":[{"enterText":"100005","selector":{"controlType":"sap.m.SearchField","properties":{"placeholder":"Search"},"searchOpenDialogs":true,"interaction":{"idSuffix":"I"}},"clearTextFirst":true,"interactionType":"ENTER_TEXT"}]}
COMMAND: POST /session/91c831240bf0af8018f09264486ab218/actions - {"actions":[{"id":"action5","type":"key","parameters":{},"actions":[{"type":"keyDown","value":""},{"type":"pause","duration":10},{"type":"keyUp","value":""}]}]}
RESULT: {}
RESULT: {"actions":[{"id":"action5","type":"key","parameters":{},"actions":[{"type":"keyDown","value":""},{"type":"pause","duration":10},{"type":"keyUp","value":""}]}]}
COMMAND: GET /session/91c831240bf0af8018f09264486ab218/screenshot - {}
RESULT: {}
COMMAND: POST /session/91c831240bf0af8018f09264486ab218/element - {"using":"xpath","value":"//span[contains(text(), \"Penguins - Field/12345 Berlin\")]"}
RESULT: {"using":"xpath","value":"//span[contains(text(), \"Penguins - Field/12345 Berlin\")]"}
COMMAND: POST /session/91c831240bf0af8018f09264486ab218/element/f.D0212D211F1205B79C5F6C51E540BEF2.d.174AB0CE28E8CD71E3F337935164EF7B.e.1619/click - {}
RESULT: {}
COMMAND: GET /session/91c831240bf0af8018f09264486ab218/screenshot - {}
RESULT: {}
COMMAND: POST /session/91c831240bf0af8018f09264486ab218/element - {"using":"xpath","value":"//bdi[contains(text(), \"OK\")]"}
RESULT: {"using":"xpath","value":"//bdi[contains(text(), \"OK\")]"}
COMMAND: POST /session/91c831240bf0af8018f09264486ab218/element/f.D0212D211F1205B79C5F6C51E540BEF2.d.174AB0CE28E8CD71E3F337935164EF7B.e.1620/click - {}
RESULT: {}
COMMAND: GET /session/91c831240bf0af8018f09264486ab218/screenshot - {}
RESULT: {}
COMMAND: POST /session/91c831240bf0af8018f09264486ab218/element - {"using":"xpath","value":"//button[@data-kt=\"saveButton\"]"}
RESULT: {"using":"xpath","value":"//button[@data-kt=\"saveButton\"]"}
COMMAND: POST /session/91c831240bf0af8018f09264486ab218/element/f.D0212D211F1205B79C5F6C51E540BEF2.d.174AB0CE28E8CD71E3F337935164EF7B.e.1427/click - {}
RESULT: {}
COMMAND: GET /session/91c831240bf0af8018f09264486ab218/screenshot - {}
RESULT: {}
COMMAND: POST /session/91c831240bf0af8018f09264486ab218/element - {"using":"xpath","value":"//header[contains(@id, 'ObjectPageLayout-headerTitle')]/div[1]/div[2]/div[2]/span[1]"}
RESULT: {"using":"xpath","value":"//header[contains(@id, 'ObjectPageLayout-headerTitle')]/div[1]/div[2]/div[2]/span[1]"}
COMMAND: POST /session/91c831240bf0af8018f09264486ab218/elements - {"using":"xpath","value":"//header[contains(@id, 'ObjectPageLayout-headerTitle')]/div[1]/div[2]/div[2]/span[1]"}
RESULT: {"using":"xpath","value":"//header[contains(@id, 'ObjectPageLayout-headerTitle')]/div[1]/div[2]/div[2]/span[1]"}
COMMAND: POST /session/91c831240bf0af8018f09264486ab218/execute/sync - {"script":"<script> [56 bytes]","args":[{"element-6066-11e4-a52e-4f735466cecf":"f.D0212D211F1205B79C5F6C51E540BEF2.d.174AB0CE28E8CD71E3F337935164EF7B.e.1783","ELEMENT":"f.D0212D211F1205B79C5F6C51E540BEF2.d.174AB0CE28E8CD71E3F337935164EF7B.e.1783"}]}
RESULT: {"script":"<script> [56 bytes]","args":[{"element-6066-11e4-a52e-4f735466cecf":"f.D0212D211F1205B79C5F6C51E540BEF2.d.174AB0CE28E8CD71E3F337935164EF7B.e.1783","ELEMENT":"f.D0212D211F1205B79C5F6C51E540BEF2.d.174AB0CE28E8CD71E3F337935164EF7B.e.1783"}]}
COMMAND: POST /session/91c831240bf0af8018f09264486ab218/element - {"using":"css selector","value":"#shell-header-logo"}
COMMAND: GET /session/91c831240bf0af8018f09264486ab218/screenshot - {}
RESULT: {"using":"css selector","value":"#shell-header-logo"}
COMMAND: POST /session/91c831240bf0af8018f09264486ab218/element/f.D0212D211F1205B79C5F6C51E540BEF2.d.174AB0CE28E8CD71E3F337935164EF7B.e.1002/click - {}
RESULT: {}
RESULT: {}
COMMAND: GET /session/91c831240bf0af8018f09264486ab218/screenshot - {}
RESULT: {}
COMMAND: POST /session/91c831240bf0af8018f09264486ab218/execute/sync - {"script":"<script> [299 bytes]","args":[["getModel","getResource"]]}
RESULT: {"script":"<script> [299 bytes]","args":[["getModel","getResource"]]}
]]></system-out>
    </testcase>
    <testcase classname="chrome.136_0_7103_93.windows.Tests_for_Mass_State_Change_on_Manage_States_&amp;_Performances_US104416_US" name="Prereq Should create a new site" time="104.524">
      <system-out><![CDATA[
COMMAND: GET /session/91c831240bf0af8018f09264486ab218/screenshot - {}
COMMAND: POST /session/91c831240bf0af8018f09264486ab218/execute/async - {"script":"<script> [1562 bytes]","args":[{"selector":{"controlType":"sap.m.GenericTile","properties":{"header":"Manage Sites"}},"wdio_ui5_key":"sapm.GenericTile{\"header\":\"Manage Sites\"}"}]}
RESULT: {}
RESULT: {"script":"<script> [1562 bytes]","args":[{"selector":{"controlType":"sap.m.GenericTile","properties":{"header":"Manage Sites"}},"wdio_ui5_key":"sapm.GenericTile{\"header\":\"Manage Sites\"}"}]}
RESULT: undefined
COMMAND: POST /session/91c831240bf0af8018f09264486ab218/element - {"using":"xpath","value":"//*[@id=\"__tile40\"]"}
RESULT: {"using":"xpath","value":"//*[@id=\"__tile40\"]"}
COMMAND: POST /session/91c831240bf0af8018f09264486ab218/element/f.D0212D211F1205B79C5F6C51E540BEF2.d.174AB0CE28E8CD71E3F337935164EF7B.e.162/click - {}
RESULT: {}
COMMAND: GET /session/91c831240bf0af8018f09264486ab218/screenshot - {}
RESULT: {}
COMMAND: POST /session/91c831240bf0af8018f09264486ab218/elements - {"using":"xpath","value":"//span[text()='Error']"}
RESULT: {"using":"xpath","value":"//span[text()='Error']"}
COMMAND: POST /session/91c831240bf0af8018f09264486ab218/element - {"using":"xpath","value":"//button[@data-kt=\"addOverflowToolbarButton\"]"}
RESULT: {"using":"xpath","value":"//button[@data-kt=\"addOverflowToolbarButton\"]"}
COMMAND: POST /session/91c831240bf0af8018f09264486ab218/elements - {"using":"xpath","value":"//button[@data-kt=\"addOverflowToolbarButton\"]"}
RESULT: {"using":"xpath","value":"//button[@data-kt=\"addOverflowToolbarButton\"]"}
COMMAND: POST /session/91c831240bf0af8018f09264486ab218/execute/sync - {"script":"<script> [8489 bytes]","args":[{"element-6066-11e4-a52e-4f735466cecf":"f.D0212D211F1205B79C5F6C51E540BEF2.d.174AB0CE28E8CD71E3F337935164EF7B.e.1830","ELEMENT":"f.D0212D211F1205B79C5F6C51E540BEF2.d.174AB0CE28E8CD71E3F337935164EF7B.e.1830"}]}
RESULT: {"script":"<script> [8489 bytes]","args":[{"element-6066-11e4-a52e-4f735466cecf":"f.D0212D211F1205B79C5F6C51E540BEF2.d.174AB0CE28E8CD71E3F337935164EF7B.e.1830","ELEMENT":"f.D0212D211F1205B79C5F6C51E540BEF2.d.174AB0CE28E8CD71E3F337935164EF7B.e.1830"}]}
COMMAND: GET /session/91c831240bf0af8018f09264486ab218/element/f.D0212D211F1205B79C5F6C51E540BEF2.d.174AB0CE28E8CD71E3F337935164EF7B.e.1830/enabled - {}
COMMAND: GET /session/91c831240bf0af8018f09264486ab218/screenshot - {}
RESULT: {}
COMMAND: POST /session/91c831240bf0af8018f09264486ab218/execute/sync - {"script":"<script> [8489 bytes]","args":[{"element-6066-11e4-a52e-4f735466cecf":"f.D0212D211F1205B79C5F6C51E540BEF2.d.174AB0CE28E8CD71E3F337935164EF7B.e.1830","ELEMENT":"f.D0212D211F1205B79C5F6C51E540BEF2.d.174AB0CE28E8CD71E3F337935164EF7B.e.1830"}]}
COMMAND: GET /session/91c831240bf0af8018f09264486ab218/screenshot - {}
RESULT: {}
RESULT: {"script":"<script> [8489 bytes]","args":[{"element-6066-11e4-a52e-4f735466cecf":"f.D0212D211F1205B79C5F6C51E540BEF2.d.174AB0CE28E8CD71E3F337935164EF7B.e.1830","ELEMENT":"f.D0212D211F1205B79C5F6C51E540BEF2.d.174AB0CE28E8CD71E3F337935164EF7B.e.1830"}]}
COMMAND: POST /session/91c831240bf0af8018f09264486ab218/execute/sync - {"script":"<script> [5351 bytes]","args":[{"element-6066-11e4-a52e-4f735466cecf":"f.D0212D211F1205B79C5F6C51E540BEF2.d.174AB0CE28E8CD71E3F337935164EF7B.e.1830","ELEMENT":"f.D0212D211F1205B79C5F6C51E540BEF2.d.174AB0CE28E8CD71E3F337935164EF7B.e.1830"}]}
COMMAND: GET /session/91c831240bf0af8018f09264486ab218/screenshot - {}
RESULT: {}
RESULT: {"script":"<script> [5351 bytes]","args":[{"element-6066-11e4-a52e-4f735466cecf":"f.D0212D211F1205B79C5F6C51E540BEF2.d.174AB0CE28E8CD71E3F337935164EF7B.e.1830","ELEMENT":"f.D0212D211F1205B79C5F6C51E540BEF2.d.174AB0CE28E8CD71E3F337935164EF7B.e.1830"}]}
COMMAND: POST /session/91c831240bf0af8018f09264486ab218/element/f.D0212D211F1205B79C5F6C51E540BEF2.d.174AB0CE28E8CD71E3F337935164EF7B.e.1830/click - {}
COMMAND: GET /session/91c831240bf0af8018f09264486ab218/screenshot - {}
RESULT: {}
RESULT: {}
COMMAND: GET /session/91c831240bf0af8018f09264486ab218/screenshot - {}
RESULT: {}
RESULT: {}
COMMAND: POST /session/91c831240bf0af8018f09264486ab218/element - {"using":"xpath","value":"//input[@id=\"application-managesites-display-component---NewSite--siteId-inner\"]"}
RESULT: {"using":"xpath","value":"//input[@id=\"application-managesites-display-component---NewSite--siteId-inner\"]"}
COMMAND: POST /session/91c831240bf0af8018f09264486ab218/element - {"using":"xpath","value":"//input[@id=\"application-managesites-display-component---NewSite--siteId-inner\"]"}
RESULT: {"using":"xpath","value":"//input[@id=\"application-managesites-display-component---NewSite--siteId-inner\"]"}
COMMAND: POST /session/91c831240bf0af8018f09264486ab218/execute/async - {"script":"<script> [1562 bytes]","args":[{"selector":{"id":"application-managesites-display-component---NewSite--addressDetailDetailsName1","interaction":{"idSuffix":"inner"}},"wdio_ui5_key":"applicationmanagesites-display-component---NewSite--addressDetailDetailsName1"}]}
RESULT: {"script":"<script> [1562 bytes]","args":[{"selector":{"id":"application-managesites-display-component---NewSite--addressDetailDetailsName1","interaction":{"idSuffix":"inner"}},"wdio_ui5_key":"applicationmanagesites-display-component---NewSite--addressDetailDetailsName1"}]}
RESULT: undefined
COMMAND: POST /session/91c831240bf0af8018f09264486ab218/execute/async - {"script":"<script> [776 bytes]","args":[{"enterText":"Intracompany Site wdIO","selector":{"id":"application-managesites-display-component---NewSite--addressDetailDetailsName1","interaction":{"idSuffix":"inner"}},"clearTextFirst":true,"interactionType":"ENTER_TEXT"}]}
RESULT: {"script":"<script> [776 bytes]","args":[{"enterText":"Intracompany Site wdIO","selector":{"id":"application-managesites-display-component---NewSite--addressDetailDetailsName1","interaction":{"idSuffix":"inner"}},"clearTextFirst":true,"interactionType":"ENTER_TEXT"}]}
COMMAND: POST /session/91c831240bf0af8018f09264486ab218/execute/async - {"script":"<script> [1562 bytes]","args":[{"selector":{"id":"application-managesites-display-component---NewSite--addressDetailDetailsLanguage-arrow"},"wdio_ui5_key":"applicationmanagesites-display-component---NewSite--addressDetailDetailsLanguage-arrow"}]}
RESULT: {"script":"<script> [1562 bytes]","args":[{"selector":{"id":"application-managesites-display-component---NewSite--addressDetailDetailsLanguage-arrow"},"wdio_ui5_key":"applicationmanagesites-display-component---NewSite--addressDetailDetailsLanguage-arrow"}]}
RESULT: undefined
COMMAND: POST /session/91c831240bf0af8018f09264486ab218/element - {"using":"xpath","value":"//*[@id=\"application-managesites-display-component---NewSite--addressDetailDetailsLanguage-arrow\"]"}
RESULT: {"using":"xpath","value":"//*[@id=\"application-managesites-display-component---NewSite--addressDetailDetailsLanguage-arrow\"]"}
COMMAND: POST /session/91c831240bf0af8018f09264486ab218/element/f.D0212D211F1205B79C5F6C51E540BEF2.d.174AB0CE28E8CD71E3F337935164EF7B.e.2234/click - {}
RESULT: {}
COMMAND: POST /session/91c831240bf0af8018f09264486ab218/element - {"using":"xpath","value":"//span[contains(text(), \"English\")]"}
COMMAND: GET /session/91c831240bf0af8018f09264486ab218/screenshot - {}
RESULT: {"using":"xpath","value":"//span[contains(text(), \"English\")]"}
COMMAND: POST /session/91c831240bf0af8018f09264486ab218/element/f.D0212D211F1205B79C5F6C51E540BEF2.d.174AB0CE28E8CD71E3F337935164EF7B.e.2235/click - {}
RESULT: {}
RESULT: {}
COMMAND: POST /session/91c831240bf0af8018f09264486ab218/execute/async - {"script":"<script> [1562 bytes]","args":[{"selector":{"id":"application-managesites-display-component---NewSite--addressDetailDetailsCity1","interaction":{"idSuffix":"inner"}},"wdio_ui5_key":"applicationmanagesites-display-component---NewSite--addressDetailDetailsCity1"}]}
COMMAND: GET /session/91c831240bf0af8018f09264486ab218/screenshot - {}
RESULT: {"script":"<script> [1562 bytes]","args":[{"selector":{"id":"application-managesites-display-component---NewSite--addressDetailDetailsCity1","interaction":{"idSuffix":"inner"}},"wdio_ui5_key":"applicationmanagesites-display-component---NewSite--addressDetailDetailsCity1"}]}
RESULT: undefined
COMMAND: POST /session/91c831240bf0af8018f09264486ab218/execute/async - {"script":"<script> [776 bytes]","args":[{"enterText":"Rosario","selector":{"id":"application-managesites-display-component---NewSite--addressDetailDetailsCity1","interaction":{"idSuffix":"inner"}},"clearTextFirst":true,"interactionType":"ENTER_TEXT"}]}
RESULT: {}
RESULT: {"script":"<script> [776 bytes]","args":[{"enterText":"Rosario","selector":{"id":"application-managesites-display-component---NewSite--addressDetailDetailsCity1","interaction":{"idSuffix":"inner"}},"clearTextFirst":true,"interactionType":"ENTER_TEXT"}]}
COMMAND: POST /session/91c831240bf0af8018f09264486ab218/execute/async - {"script":"<script> [1562 bytes]","args":[{"selector":{"id":"application-managesites-display-component---NewSite--addressDetailDetailsCountry-arrow"},"wdio_ui5_key":"applicationmanagesites-display-component---NewSite--addressDetailDetailsCountry-arrow"}]}
RESULT: {"script":"<script> [1562 bytes]","args":[{"selector":{"id":"application-managesites-display-component---NewSite--addressDetailDetailsCountry-arrow"},"wdio_ui5_key":"applicationmanagesites-display-component---NewSite--addressDetailDetailsCountry-arrow"}]}
RESULT: undefined
COMMAND: POST /session/91c831240bf0af8018f09264486ab218/element - {"using":"xpath","value":"//*[@id=\"application-managesites-display-component---NewSite--addressDetailDetailsCountry-arrow\"]"}
RESULT: {"using":"xpath","value":"//*[@id=\"application-managesites-display-component---NewSite--addressDetailDetailsCountry-arrow\"]"}
COMMAND: POST /session/91c831240bf0af8018f09264486ab218/element/f.D0212D211F1205B79C5F6C51E540BEF2.d.174AB0CE28E8CD71E3F337935164EF7B.e.2237/click - {}
RESULT: {}
COMMAND: POST /session/91c831240bf0af8018f09264486ab218/element - {"using":"xpath","value":"//span[contains(text(), \"Argentina\")]"}
COMMAND: GET /session/91c831240bf0af8018f09264486ab218/screenshot - {}
RESULT: {"using":"xpath","value":"//span[contains(text(), \"Argentina\")]"}
COMMAND: POST /session/91c831240bf0af8018f09264486ab218/element/f.D0212D211F1205B79C5F6C51E540BEF2.d.174AB0CE28E8CD71E3F337935164EF7B.e.2238/click - {}
RESULT: {}
RESULT: {}
COMMAND: GET /session/91c831240bf0af8018f09264486ab218/screenshot - {}
RESULT: {}
COMMAND: POST /session/91c831240bf0af8018f09264486ab218/execute/async - {"script":"<script> [1562 bytes]","args":[{"selector":{"id":"application-managesites-display-component---NewSite--addressEditDetailsCostObjectCstType-arrow"},"wdio_ui5_key":"applicationmanagesites-display-component---NewSite--addressEditDetailsCostObjectCstType-arrow"}]}
RESULT: {"script":"<script> [1562 bytes]","args":[{"selector":{"id":"application-managesites-display-component---NewSite--addressEditDetailsCostObjectCstType-arrow"},"wdio_ui5_key":"applicationmanagesites-display-component---NewSite--addressEditDetailsCostObjectCstType-arrow"}]}
RESULT: undefined
COMMAND: POST /session/91c831240bf0af8018f09264486ab218/element - {"using":"xpath","value":"//*[@id=\"application-managesites-display-component---NewSite--addressEditDetailsCostObjectCstType-arrow\"]"}
RESULT: {"using":"xpath","value":"//*[@id=\"application-managesites-display-component---NewSite--addressEditDetailsCostObjectCstType-arrow\"]"}
COMMAND: POST /session/91c831240bf0af8018f09264486ab218/element/f.D0212D211F1205B79C5F6C51E540BEF2.d.174AB0CE28E8CD71E3F337935164EF7B.e.2240/click - {}
RESULT: {}
COMMAND: POST /session/91c831240bf0af8018f09264486ab218/element - {"using":"xpath","value":"//span[contains(text(), \"Cost Center\")]"}
COMMAND: GET /session/91c831240bf0af8018f09264486ab218/screenshot - {}
RESULT: {"using":"xpath","value":"//span[contains(text(), \"Cost Center\")]"}
COMMAND: POST /session/91c831240bf0af8018f09264486ab218/element/f.D0212D211F1205B79C5F6C51E540BEF2.d.174AB0CE28E8CD71E3F337935164EF7B.e.2242/click - {}
RESULT: {}
RESULT: {}
COMMAND: GET /session/91c831240bf0af8018f09264486ab218/screenshot - {}
RESULT: {}
COMMAND: POST /session/91c831240bf0af8018f09264486ab218/element - {"using":"xpath","value":"//span[@id=\"application-managesites-display-component---NewSite--addressNewCostObjectCstID-vhi\"]"}
RESULT: {"using":"xpath","value":"//span[@id=\"application-managesites-display-component---NewSite--addressNewCostObjectCstID-vhi\"]"}
COMMAND: POST /session/91c831240bf0af8018f09264486ab218/execute/sync - {"script":"<script> [8489 bytes]","args":[{"element-6066-11e4-a52e-4f735466cecf":"f.D0212D211F1205B79C5F6C51E540BEF2.d.174AB0CE28E8CD71E3F337935164EF7B.e.2246","ELEMENT":"f.D0212D211F1205B79C5F6C51E540BEF2.d.174AB0CE28E8CD71E3F337935164EF7B.e.2246"}]}
RESULT: {"script":"<script> [8489 bytes]","args":[{"element-6066-11e4-a52e-4f735466cecf":"f.D0212D211F1205B79C5F6C51E540BEF2.d.174AB0CE28E8CD71E3F337935164EF7B.e.2246","ELEMENT":"f.D0212D211F1205B79C5F6C51E540BEF2.d.174AB0CE28E8CD71E3F337935164EF7B.e.2246"}]}
COMMAND: POST /session/91c831240bf0af8018f09264486ab218/execute/async - {"script":"<script> [1562 bytes]","args":[{"selector":{"id":"application-managesites-display-component---NewSite--addressNewCostObjectCstID-vhi"},"wdio_ui5_key":"applicationmanagesites-display-component---NewSite--addressNewCostObjectCstID-vhi"}]}
COMMAND: GET /session/91c831240bf0af8018f09264486ab218/screenshot - {}
RESULT: {"script":"<script> [1562 bytes]","args":[{"selector":{"id":"application-managesites-display-component---NewSite--addressNewCostObjectCstID-vhi"},"wdio_ui5_key":"applicationmanagesites-display-component---NewSite--addressNewCostObjectCstID-vhi"}]}
RESULT: undefined
COMMAND: POST /session/91c831240bf0af8018f09264486ab218/element - {"using":"xpath","value":"//*[@id=\"application-managesites-display-component---NewSite--addressNewCostObjectCstID-vhi\"]"}
RESULT: {}
RESULT: {"using":"xpath","value":"//*[@id=\"application-managesites-display-component---NewSite--addressNewCostObjectCstID-vhi\"]"}
COMMAND: POST /session/91c831240bf0af8018f09264486ab218/element/f.D0212D211F1205B79C5F6C51E540BEF2.d.174AB0CE28E8CD71E3F337935164EF7B.e.2246/click - {}
RESULT: {}
COMMAND: GET /session/91c831240bf0af8018f09264486ab218/screenshot - {}
RESULT: {}
RESULT: undefined
COMMAND: POST /session/91c831240bf0af8018f09264486ab218/execute/async - {"script":"<script> [776 bytes]","args":[{"enterText":"10001013","selector":{"controlType":"sap.m.SearchField","properties":{"placeholder":"Search"},"searchOpenDialogs":true,"interaction":{"idSuffix":"I"}},"clearTextFirst":true,"interactionType":"ENTER_TEXT"}]}
RESULT: {"script":"<script> [776 bytes]","args":[{"enterText":"10001013","selector":{"controlType":"sap.m.SearchField","properties":{"placeholder":"Search"},"searchOpenDialogs":true,"interaction":{"idSuffix":"I"}},"clearTextFirst":true,"interactionType":"ENTER_TEXT"}]}
COMMAND: POST /session/91c831240bf0af8018f09264486ab218/actions - {"actions":[{"id":"action6","type":"key","parameters":{},"actions":[{"type":"keyDown","value":""},{"type":"pause","duration":10},{"type":"keyUp","value":""}]}]}
RESULT: {"actions":[{"id":"action6","type":"key","parameters":{},"actions":[{"type":"keyDown","value":""},{"type":"pause","duration":10},{"type":"keyUp","value":""}]}]}
COMMAND: GET /session/91c831240bf0af8018f09264486ab218/screenshot - {}
RESULT: {}
COMMAND: POST /session/91c831240bf0af8018f09264486ab218/element - {"using":"xpath","value":"//span[contains(text(), \"General Management\")]"}
RESULT: {"using":"xpath","value":"//span[contains(text(), \"General Management\")]"}
COMMAND: POST /session/91c831240bf0af8018f09264486ab218/element/f.D0212D211F1205B79C5F6C51E540BEF2.d.174AB0CE28E8CD71E3F337935164EF7B.e.2285/click - {}
RESULT: {}
COMMAND: GET /session/91c831240bf0af8018f09264486ab218/screenshot - {}
RESULT: {}
COMMAND: POST /session/91c831240bf0af8018f09264486ab218/element - {"using":"xpath","value":"//bdi[contains(text(), \"OK\")]"}
RESULT: {"using":"xpath","value":"//bdi[contains(text(), \"OK\")]"}
COMMAND: POST /session/91c831240bf0af8018f09264486ab218/element/f.D0212D211F1205B79C5F6C51E540BEF2.d.174AB0CE28E8CD71E3F337935164EF7B.e.2286/click - {}
RESULT: {}
COMMAND: GET /session/91c831240bf0af8018f09264486ab218/screenshot - {}
RESULT: {}
COMMAND: POST /session/91c831240bf0af8018f09264486ab218/element - {"using":"xpath","value":"//input[@id=\"application-managesites-display-component---NewSite--addressDetailDetailsCalendar-inner\"]"}
RESULT: {"using":"xpath","value":"//input[@id=\"application-managesites-display-component---NewSite--addressDetailDetailsCalendar-inner\"]"}
COMMAND: POST /session/91c831240bf0af8018f09264486ab218/element/f.D0212D211F1205B79C5F6C51E540BEF2.d.174AB0CE28E8CD71E3F337935164EF7B.e.2029/clear - {}
RESULT: {}
COMMAND: POST /session/91c831240bf0af8018f09264486ab218/element/f.D0212D211F1205B79C5F6C51E540BEF2.d.174AB0CE28E8CD71E3F337935164EF7B.e.2029/value - {"text":"Unit"}
COMMAND: GET /session/91c831240bf0af8018f09264486ab218/screenshot - {}
RESULT: {"text":"Unit"}
COMMAND: GET /session/91c831240bf0af8018f09264486ab218/screenshot - {}
RESULT: {}
RESULT: {}
COMMAND: POST /session/91c831240bf0af8018f09264486ab218/actions - {"actions":[{"id":"action7","type":"key","parameters":{},"actions":[{"type":"keyDown","value":""},{"type":"pause","duration":10},{"type":"keyUp","value":""}]}]}
RESULT: {"actions":[{"id":"action7","type":"key","parameters":{},"actions":[{"type":"keyDown","value":""},{"type":"pause","duration":10},{"type":"keyUp","value":""}]}]}
COMMAND: POST /session/91c831240bf0af8018f09264486ab218/element - {"using":"xpath","value":"//input[@id=\"application-managesites-display-component---NewSite--addressDetailDetailsYard-inner\"]"}
COMMAND: GET /session/91c831240bf0af8018f09264486ab218/screenshot - {}
RESULT: {"using":"xpath","value":"//input[@id=\"application-managesites-display-component---NewSite--addressDetailDetailsYard-inner\"]"}
COMMAND: POST /session/91c831240bf0af8018f09264486ab218/element/f.D0212D211F1205B79C5F6C51E540BEF2.d.174AB0CE28E8CD71E3F337935164EF7B.e.2030/clear - {}
RESULT: {}
RESULT: {}
COMMAND: POST /session/91c831240bf0af8018f09264486ab218/element/f.D0212D211F1205B79C5F6C51E540BEF2.d.174AB0CE28E8CD71E3F337935164EF7B.e.2030/value - {"text":"288"}
COMMAND: GET /session/91c831240bf0af8018f09264486ab218/screenshot - {}
RESULT: {"text":"288"}
COMMAND: GET /session/91c831240bf0af8018f09264486ab218/screenshot - {}
RESULT: {}
RESULT: {}
COMMAND: POST /session/91c831240bf0af8018f09264486ab218/element - {"using":"xpath","value":"//li[.//span[text()='288']]"}
RESULT: {"using":"xpath","value":"//li[.//span[text()='288']]"}
COMMAND: POST /session/91c831240bf0af8018f09264486ab218/element/f.D0212D211F1205B79C5F6C51E540BEF2.d.174AB0CE28E8CD71E3F337935164EF7B.e.2294/click - {}
RESULT: {}
COMMAND: GET /session/91c831240bf0af8018f09264486ab218/screenshot - {}
RESULT: {}
COMMAND: POST /session/91c831240bf0af8018f09264486ab218/element - {"using":"xpath","value":"//input[@id=\"application-managesites-display-component---NewSite--addressDetailDetailsPartner-inner\"]"}
RESULT: {"using":"xpath","value":"//input[@id=\"application-managesites-display-component---NewSite--addressDetailDetailsPartner-inner\"]"}
COMMAND: POST /session/91c831240bf0af8018f09264486ab218/element - {"using":"xpath","value":"//input[@id=\"application-managesites-display-component---NewSite--addressDetailDetailsPartner-inner\"]"}
RESULT: {"using":"xpath","value":"//input[@id=\"application-managesites-display-component---NewSite--addressDetailDetailsPartner-inner\"]"}
COMMAND: POST /session/91c831240bf0af8018f09264486ab218/element - {"using":"xpath","value":"//button[@data-kt=\"saveButton\"]"}
RESULT: {"using":"xpath","value":"//button[@data-kt=\"saveButton\"]"}
COMMAND: POST /session/91c831240bf0af8018f09264486ab218/element/f.D0212D211F1205B79C5F6C51E540BEF2.d.174AB0CE28E8CD71E3F337935164EF7B.e.2219/click - {}
RESULT: {}
COMMAND: GET /session/91c831240bf0af8018f09264486ab218/screenshot - {}
RESULT: {}
COMMAND: POST /session/91c831240bf0af8018f09264486ab218/element - {"using":"xpath","value":"//header[contains(@id, 'ObjectPageLayout-headerTitle')]/div[1]/div[2]/div[2]/span[1]"}
RESULT: {"using":"xpath","value":"//header[contains(@id, 'ObjectPageLayout-headerTitle')]/div[1]/div[2]/div[2]/span[1]"}
COMMAND: POST /session/91c831240bf0af8018f09264486ab218/elements - {"using":"xpath","value":"//header[contains(@id, 'ObjectPageLayout-headerTitle')]/div[1]/div[2]/div[2]/span[1]"}
RESULT: {"using":"xpath","value":"//header[contains(@id, 'ObjectPageLayout-headerTitle')]/div[1]/div[2]/div[2]/span[1]"}
COMMAND: POST /session/91c831240bf0af8018f09264486ab218/execute/sync - {"script":"<script> [56 bytes]","args":[{"element-6066-11e4-a52e-4f735466cecf":"f.D0212D211F1205B79C5F6C51E540BEF2.d.174AB0CE28E8CD71E3F337935164EF7B.e.2499","ELEMENT":"f.D0212D211F1205B79C5F6C51E540BEF2.d.174AB0CE28E8CD71E3F337935164EF7B.e.2499"}]}
RESULT: {"script":"<script> [56 bytes]","args":[{"element-6066-11e4-a52e-4f735466cecf":"f.D0212D211F1205B79C5F6C51E540BEF2.d.174AB0CE28E8CD71E3F337935164EF7B.e.2499","ELEMENT":"f.D0212D211F1205B79C5F6C51E540BEF2.d.174AB0CE28E8CD71E3F337935164EF7B.e.2499"}]}
COMMAND: POST /session/91c831240bf0af8018f09264486ab218/element - {"using":"css selector","value":"#shell-header-logo"}
COMMAND: GET /session/91c831240bf0af8018f09264486ab218/screenshot - {}
RESULT: {"using":"css selector","value":"#shell-header-logo"}
COMMAND: POST /session/91c831240bf0af8018f09264486ab218/element/f.D0212D211F1205B79C5F6C51E540BEF2.d.174AB0CE28E8CD71E3F337935164EF7B.e.1788/click - {}
RESULT: {}
RESULT: {}
COMMAND: GET /session/91c831240bf0af8018f09264486ab218/screenshot - {}
RESULT: {}
COMMAND: POST /session/91c831240bf0af8018f09264486ab218/execute/sync - {"script":"<script> [299 bytes]","args":[["getModel","getResource"]]}
RESULT: {"script":"<script> [299 bytes]","args":[["getModel","getResource"]]}
COMMAND: GET /session/91c831240bf0af8018f09264486ab218/screenshot - {}
]]></system-out>
    </testcase>
    <testcase classname="chrome.136_0_7103_93.windows.Tests_for_Mass_State_Change_on_Manage_States_&amp;_Performances_US104416_US" name="Prereq Should create a new equipment multipart" time="121.472">
      <system-out><![CDATA[
COMMAND: POST /session/91c831240bf0af8018f09264486ab218/execute/async - {"script":"<script> [1562 bytes]","args":[{"selector":{"controlType":"sap.m.GenericTile","properties":{"header":"Manage Resources"}},"wdio_ui5_key":"sapm.GenericTile{\"header\":\"Manage Resources\"}"}]}
RESULT: {}
RESULT: {"script":"<script> [1562 bytes]","args":[{"selector":{"controlType":"sap.m.GenericTile","properties":{"header":"Manage Resources"}},"wdio_ui5_key":"sapm.GenericTile{\"header\":\"Manage Resources\"}"}]}
RESULT: undefined
COMMAND: POST /session/91c831240bf0af8018f09264486ab218/element - {"using":"xpath","value":"//*[@id=\"__tile39\"]"}
RESULT: {"using":"xpath","value":"//*[@id=\"__tile39\"]"}
COMMAND: POST /session/91c831240bf0af8018f09264486ab218/element/f.D0212D211F1205B79C5F6C51E540BEF2.d.174AB0CE28E8CD71E3F337935164EF7B.e.159/click - {}
RESULT: {}
COMMAND: GET /session/91c831240bf0af8018f09264486ab218/screenshot - {}
RESULT: {}
COMMAND: POST /session/91c831240bf0af8018f09264486ab218/elements - {"using":"xpath","value":"//span[text()='Error']"}
RESULT: {"using":"xpath","value":"//span[text()='Error']"}
COMMAND: POST /session/91c831240bf0af8018f09264486ab218/element - {"using":"xpath","value":"//button[@data-kt=\"addNewRUOverflowToolbarButton\"]"}
RESULT: {"using":"xpath","value":"//button[@data-kt=\"addNewRUOverflowToolbarButton\"]"}
COMMAND: POST /session/91c831240bf0af8018f09264486ab218/elements - {"using":"xpath","value":"//button[@data-kt=\"addNewRUOverflowToolbarButton\"]"}
RESULT: {"using":"xpath","value":"//button[@data-kt=\"addNewRUOverflowToolbarButton\"]"}
COMMAND: POST /session/91c831240bf0af8018f09264486ab218/execute/sync - {"script":"<script> [8489 bytes]","args":[{"element-6066-11e4-a52e-4f735466cecf":"f.D0212D211F1205B79C5F6C51E540BEF2.d.174AB0CE28E8CD71E3F337935164EF7B.e.2541","ELEMENT":"f.D0212D211F1205B79C5F6C51E540BEF2.d.174AB0CE28E8CD71E3F337935164EF7B.e.2541"}]}
RESULT: {"script":"<script> [8489 bytes]","args":[{"element-6066-11e4-a52e-4f735466cecf":"f.D0212D211F1205B79C5F6C51E540BEF2.d.174AB0CE28E8CD71E3F337935164EF7B.e.2541","ELEMENT":"f.D0212D211F1205B79C5F6C51E540BEF2.d.174AB0CE28E8CD71E3F337935164EF7B.e.2541"}]}
COMMAND: GET /session/91c831240bf0af8018f09264486ab218/element/f.D0212D211F1205B79C5F6C51E540BEF2.d.174AB0CE28E8CD71E3F337935164EF7B.e.2541/enabled - {}
COMMAND: GET /session/91c831240bf0af8018f09264486ab218/screenshot - {}
RESULT: {}
COMMAND: POST /session/91c831240bf0af8018f09264486ab218/execute/sync - {"script":"<script> [8489 bytes]","args":[{"element-6066-11e4-a52e-4f735466cecf":"f.D0212D211F1205B79C5F6C51E540BEF2.d.174AB0CE28E8CD71E3F337935164EF7B.e.2541","ELEMENT":"f.D0212D211F1205B79C5F6C51E540BEF2.d.174AB0CE28E8CD71E3F337935164EF7B.e.2541"}]}
COMMAND: GET /session/91c831240bf0af8018f09264486ab218/screenshot - {}
RESULT: {}
RESULT: {"script":"<script> [8489 bytes]","args":[{"element-6066-11e4-a52e-4f735466cecf":"f.D0212D211F1205B79C5F6C51E540BEF2.d.174AB0CE28E8CD71E3F337935164EF7B.e.2541","ELEMENT":"f.D0212D211F1205B79C5F6C51E540BEF2.d.174AB0CE28E8CD71E3F337935164EF7B.e.2541"}]}
COMMAND: POST /session/91c831240bf0af8018f09264486ab218/execute/sync - {"script":"<script> [5351 bytes]","args":[{"element-6066-11e4-a52e-4f735466cecf":"f.D0212D211F1205B79C5F6C51E540BEF2.d.174AB0CE28E8CD71E3F337935164EF7B.e.2541","ELEMENT":"f.D0212D211F1205B79C5F6C51E540BEF2.d.174AB0CE28E8CD71E3F337935164EF7B.e.2541"}]}
COMMAND: GET /session/91c831240bf0af8018f09264486ab218/screenshot - {}
RESULT: {}
RESULT: {"script":"<script> [5351 bytes]","args":[{"element-6066-11e4-a52e-4f735466cecf":"f.D0212D211F1205B79C5F6C51E540BEF2.d.174AB0CE28E8CD71E3F337935164EF7B.e.2541","ELEMENT":"f.D0212D211F1205B79C5F6C51E540BEF2.d.174AB0CE28E8CD71E3F337935164EF7B.e.2541"}]}
COMMAND: POST /session/91c831240bf0af8018f09264486ab218/element/f.D0212D211F1205B79C5F6C51E540BEF2.d.174AB0CE28E8CD71E3F337935164EF7B.e.2541/click - {}
COMMAND: GET /session/91c831240bf0af8018f09264486ab218/screenshot - {}
RESULT: {}
RESULT: {}
COMMAND: GET /session/91c831240bf0af8018f09264486ab218/screenshot - {}
COMMAND: POST /session/91c831240bf0af8018f09264486ab218/execute/async - {"script":"<script> [1562 bytes]","args":[{"selector":{"id":"application-manageresources-display-component---newResourceUnit--TYPE-arrow"},"wdio_ui5_key":"applicationmanageresources-display-component---newResourceUnit--TYPE-arrow"}]}
RESULT: {}
RESULT: {}
RESULT: {"script":"<script> [1562 bytes]","args":[{"selector":{"id":"application-manageresources-display-component---newResourceUnit--TYPE-arrow"},"wdio_ui5_key":"applicationmanageresources-display-component---newResourceUnit--TYPE-arrow"}]}
RESULT: undefined
COMMAND: POST /session/91c831240bf0af8018f09264486ab218/element - {"using":"xpath","value":"//*[@id=\"application-manageresources-display-component---newResourceUnit--TYPE-arrow\"]"}
RESULT: {"using":"xpath","value":"//*[@id=\"application-manageresources-display-component---newResourceUnit--TYPE-arrow\"]"}
COMMAND: POST /session/91c831240bf0af8018f09264486ab218/element/f.D0212D211F1205B79C5F6C51E540BEF2.d.174AB0CE28E8CD71E3F337935164EF7B.e.2896/click - {}
RESULT: {}
COMMAND: POST /session/91c831240bf0af8018f09264486ab218/element - {"using":"xpath","value":"//input[@id=\"application-manageresources-display-component---newResourceUnit--TYPE-inner\"]"}
COMMAND: GET /session/91c831240bf0af8018f09264486ab218/screenshot - {}
RESULT: {"using":"xpath","value":"//input[@id=\"application-manageresources-display-component---newResourceUnit--TYPE-inner\"]"}
COMMAND: POST /session/91c831240bf0af8018f09264486ab218/element/f.D0212D211F1205B79C5F6C51E540BEF2.d.174AB0CE28E8CD71E3F337935164EF7B.e.2879/clear - {}
RESULT: {}
RESULT: {}
COMMAND: POST /session/91c831240bf0af8018f09264486ab218/element/f.D0212D211F1205B79C5F6C51E540BEF2.d.174AB0CE28E8CD71E3F337935164EF7B.e.2879/value - {"text":"Equi Multipart"}
COMMAND: GET /session/91c831240bf0af8018f09264486ab218/screenshot - {}
RESULT: {"text":"Equi Multipart"}
COMMAND: GET /session/91c831240bf0af8018f09264486ab218/screenshot - {}
RESULT: {}
RESULT: {}
COMMAND: POST /session/91c831240bf0af8018f09264486ab218/actions - {"actions":[{"id":"action8","type":"key","parameters":{},"actions":[{"type":"keyDown","value":""},{"type":"pause","duration":10},{"type":"keyUp","value":""}]}]}
RESULT: {"actions":[{"id":"action8","type":"key","parameters":{},"actions":[{"type":"keyDown","value":""},{"type":"pause","duration":10},{"type":"keyUp","value":""}]}]}
COMMAND: POST /session/91c831240bf0af8018f09264486ab218/execute/async - {"script":"<script> [1562 bytes]","args":[{"selector":{"id":"application-manageresources-display-component---newResourceUnit--SHORT_TEXT","interaction":{"idSuffix":"inner"}},"wdio_ui5_key":"applicationmanageresources-display-component---newResourceUnit--SHORT_TEXT"}]}
COMMAND: GET /session/91c831240bf0af8018f09264486ab218/screenshot - {}
RESULT: {"script":"<script> [1562 bytes]","args":[{"selector":{"id":"application-manageresources-display-component---newResourceUnit--SHORT_TEXT","interaction":{"idSuffix":"inner"}},"wdio_ui5_key":"applicationmanageresources-display-component---newResourceUnit--SHORT_TEXT"}]}
RESULT: undefined
COMMAND: POST /session/91c831240bf0af8018f09264486ab218/execute/async - {"script":"<script> [776 bytes]","args":[{"enterText":"Equipment Multipart WDIO","selector":{"id":"application-manageresources-display-component---newResourceUnit--SHORT_TEXT","interaction":{"idSuffix":"inner"}},"clearTextFirst":true,"interactionType":"ENTER_TEXT"}]}
RESULT: {}
RESULT: {"script":"<script> [776 bytes]","args":[{"enterText":"Equipment Multipart WDIO","selector":{"id":"application-manageresources-display-component---newResourceUnit--SHORT_TEXT","interaction":{"idSuffix":"inner"}},"clearTextFirst":true,"interactionType":"ENTER_TEXT"}]}
COMMAND: POST /session/91c831240bf0af8018f09264486ab218/execute/async - {"script":"<script> [1562 bytes]","args":[{"selector":{"id":"application-manageresources-display-component---newResourceUnit--BASE_UNIT_OF_MEASURE","interaction":{"idSuffix":"inner"}},"wdio_ui5_key":"applicationmanageresources-display-component---newResourceUnit--BASE_UNIT_OF_MEASURE"}]}
RESULT: {"script":"<script> [1562 bytes]","args":[{"selector":{"id":"application-manageresources-display-component---newResourceUnit--BASE_UNIT_OF_MEASURE","interaction":{"idSuffix":"inner"}},"wdio_ui5_key":"applicationmanageresources-display-component---newResourceUnit--BASE_UNIT_OF_MEASURE"}]}
RESULT: undefined
COMMAND: POST /session/91c831240bf0af8018f09264486ab218/execute/async - {"script":"<script> [776 bytes]","args":[{"enterText":"Piece","selector":{"id":"application-manageresources-display-component---newResourceUnit--BASE_UNIT_OF_MEASURE","interaction":{"idSuffix":"inner"}},"clearTextFirst":true,"interactionType":"ENTER_TEXT"}]}
RESULT: {"script":"<script> [776 bytes]","args":[{"enterText":"Piece","selector":{"id":"application-manageresources-display-component---newResourceUnit--BASE_UNIT_OF_MEASURE","interaction":{"idSuffix":"inner"}},"clearTextFirst":true,"interactionType":"ENTER_TEXT"}]}
COMMAND: POST /session/91c831240bf0af8018f09264486ab218/execute/async - {"script":"<script> [1562 bytes]","args":[{"selector":{"id":"application-manageresources-display-component---newResourceUnit--WEIGHT_UNIT","interaction":{"idSuffix":"inner"}},"wdio_ui5_key":"applicationmanageresources-display-component---newResourceUnit--WEIGHT_UNIT"}]}
RESULT: {"script":"<script> [1562 bytes]","args":[{"selector":{"id":"application-manageresources-display-component---newResourceUnit--WEIGHT_UNIT","interaction":{"idSuffix":"inner"}},"wdio_ui5_key":"applicationmanageresources-display-component---newResourceUnit--WEIGHT_UNIT"}]}
RESULT: undefined
COMMAND: POST /session/91c831240bf0af8018f09264486ab218/execute/async - {"script":"<script> [776 bytes]","args":[{"enterText":"Gram","selector":{"id":"application-manageresources-display-component---newResourceUnit--WEIGHT_UNIT","interaction":{"idSuffix":"inner"}},"clearTextFirst":true,"interactionType":"ENTER_TEXT"}]}
RESULT: {"script":"<script> [776 bytes]","args":[{"enterText":"Gram","selector":{"id":"application-manageresources-display-component---newResourceUnit--WEIGHT_UNIT","interaction":{"idSuffix":"inner"}},"clearTextFirst":true,"interactionType":"ENTER_TEXT"}]}
COMMAND: POST /session/91c831240bf0af8018f09264486ab218/execute/async - {"script":"<script> [1562 bytes]","args":[{"selector":{"id":"application-manageresources-display-component---newResourceUnit--DIMENSION_UNIT","interaction":{"idSuffix":"inner"}},"wdio_ui5_key":"applicationmanageresources-display-component---newResourceUnit--DIMENSION_UNIT"}]}
RESULT: {"script":"<script> [1562 bytes]","args":[{"selector":{"id":"application-manageresources-display-component---newResourceUnit--DIMENSION_UNIT","interaction":{"idSuffix":"inner"}},"wdio_ui5_key":"applicationmanageresources-display-component---newResourceUnit--DIMENSION_UNIT"}]}
RESULT: undefined
COMMAND: POST /session/91c831240bf0af8018f09264486ab218/execute/async - {"script":"<script> [776 bytes]","args":[{"enterText":"Meter","selector":{"id":"application-manageresources-display-component---newResourceUnit--DIMENSION_UNIT","interaction":{"idSuffix":"inner"}},"clearTextFirst":true,"interactionType":"ENTER_TEXT"}]}
RESULT: {"script":"<script> [776 bytes]","args":[{"enterText":"Meter","selector":{"id":"application-manageresources-display-component---newResourceUnit--DIMENSION_UNIT","interaction":{"idSuffix":"inner"}},"clearTextFirst":true,"interactionType":"ENTER_TEXT"}]}
COMMAND: POST /session/91c831240bf0af8018f09264486ab218/execute/async - {"script":"<script> [1562 bytes]","args":[{"selector":{"id":"application-manageresources-display-component---newResourceUnit--newRRUPage-anchBar-application-manageresources-display-component---newResourceUnit--control-anchor","interaction":{"idSuffix":"BDI-content"}},"wdio_ui5_key":"applicationmanageresources-display-component---newResourceUnit--newRRUPage-anchBar-application-manageresources-display-component---newResourceUnit--control-anchor"}]}
RESULT: {"script":"<script> [1562 bytes]","args":[{"selector":{"id":"application-manageresources-display-component---newResourceUnit--newRRUPage-anchBar-application-manageresources-display-component---newResourceUnit--control-anchor","interaction":{"idSuffix":"BDI-content"}},"wdio_ui5_key":"applicationmanageresources-display-component---newResourceUnit--newRRUPage-anchBar-application-manageresources-display-component---newResourceUnit--control-anchor"}]}
RESULT: undefined
COMMAND: POST /session/91c831240bf0af8018f09264486ab218/element - {"using":"xpath","value":"//*[@id=\"application-manageresources-display-component---newResourceUnit--newRRUPage-anchBar-application-manageresources-display-component---newResourceUnit--control-anchor\"]"}
RESULT: {"using":"xpath","value":"//*[@id=\"application-manageresources-display-component---newResourceUnit--newRRUPage-anchBar-application-manageresources-display-component---newResourceUnit--control-anchor\"]"}
COMMAND: POST /session/91c831240bf0af8018f09264486ab218/element/f.D0212D211F1205B79C5F6C51E540BEF2.d.174AB0CE28E8CD71E3F337935164EF7B.e.3029/click - {}
RESULT: {}
COMMAND: POST /session/91c831240bf0af8018f09264486ab218/execute/async - {"script":"<script> [1562 bytes]","args":[{"selector":{"id":"application-manageresources-display-component---newResourceUnit--PLANNING_GROUP","interaction":{"idSuffix":"inner"}},"wdio_ui5_key":"applicationmanageresources-display-component---newResourceUnit--PLANNING_GROUP"}]}
COMMAND: GET /session/91c831240bf0af8018f09264486ab218/screenshot - {}
RESULT: {"script":"<script> [1562 bytes]","args":[{"selector":{"id":"application-manageresources-display-component---newResourceUnit--PLANNING_GROUP","interaction":{"idSuffix":"inner"}},"wdio_ui5_key":"applicationmanageresources-display-component---newResourceUnit--PLANNING_GROUP"}]}
RESULT: undefined
COMMAND: POST /session/91c831240bf0af8018f09264486ab218/execute/async - {"script":"<script> [776 bytes]","args":[{"enterText":"Heavy Equi","selector":{"id":"application-manageresources-display-component---newResourceUnit--PLANNING_GROUP","interaction":{"idSuffix":"inner"}},"clearTextFirst":true,"interactionType":"ENTER_TEXT"}]}
RESULT: {}
RESULT: {"script":"<script> [776 bytes]","args":[{"enterText":"Heavy Equi","selector":{"id":"application-manageresources-display-component---newResourceUnit--PLANNING_GROUP","interaction":{"idSuffix":"inner"}},"clearTextFirst":true,"interactionType":"ENTER_TEXT"}]}
COMMAND: POST /session/91c831240bf0af8018f09264486ab218/execute/async - {"script":"<script> [1562 bytes]","args":[{"selector":{"id":"application-manageresources-display-component---newResourceUnit--PLANNING_INDICATOR","interaction":{"idSuffix":"inner"}},"wdio_ui5_key":"applicationmanageresources-display-component---newResourceUnit--PLANNING_INDICATOR"}]}
RESULT: {"script":"<script> [1562 bytes]","args":[{"selector":{"id":"application-manageresources-display-component---newResourceUnit--PLANNING_INDICATOR","interaction":{"idSuffix":"inner"}},"wdio_ui5_key":"applicationmanageresources-display-component---newResourceUnit--PLANNING_INDICATOR"}]}
RESULT: undefined
COMMAND: POST /session/91c831240bf0af8018f09264486ab218/execute/async - {"script":"<script> [776 bytes]","args":[{"enterText":"10 - infinite","selector":{"id":"application-manageresources-display-component---newResourceUnit--PLANNING_INDICATOR","interaction":{"idSuffix":"inner"}},"clearTextFirst":true,"interactionType":"ENTER_TEXT"}]}
RESULT: {"script":"<script> [776 bytes]","args":[{"enterText":"10 - infinite","selector":{"id":"application-manageresources-display-component---newResourceUnit--PLANNING_INDICATOR","interaction":{"idSuffix":"inner"}},"clearTextFirst":true,"interactionType":"ENTER_TEXT"}]}
COMMAND: POST /session/91c831240bf0af8018f09264486ab218/execute/async - {"script":"<script> [1562 bytes]","args":[{"selector":{"id":"application-manageresources-display-component---newResourceUnit--ITEM_TYPE-arrow"},"wdio_ui5_key":"applicationmanageresources-display-component---newResourceUnit--ITEM_TYPE-arrow"}]}
RESULT: {"script":"<script> [1562 bytes]","args":[{"selector":{"id":"application-manageresources-display-component---newResourceUnit--ITEM_TYPE-arrow"},"wdio_ui5_key":"applicationmanageresources-display-component---newResourceUnit--ITEM_TYPE-arrow"}]}
RESULT: undefined
COMMAND: POST /session/91c831240bf0af8018f09264486ab218/element - {"using":"xpath","value":"//*[@id=\"application-manageresources-display-component---newResourceUnit--ITEM_TYPE-arrow\"]"}
RESULT: {"using":"xpath","value":"//*[@id=\"application-manageresources-display-component---newResourceUnit--ITEM_TYPE-arrow\"]"}
COMMAND: POST /session/91c831240bf0af8018f09264486ab218/element/f.D0212D211F1205B79C5F6C51E540BEF2.d.174AB0CE28E8CD71E3F337935164EF7B.e.3037/click - {}
RESULT: {}
COMMAND: GET /session/91c831240bf0af8018f09264486ab218/screenshot - {}
RESULT: {}
COMMAND: POST /session/91c831240bf0af8018f09264486ab218/execute/async - {"script":"<script> [1562 bytes]","args":[{"selector":{"controlType":"sap.m.StandardListItem","viewName":"reusables.view.manageresources.NewResourceUnit","viewId":"application-manageresources-display-component---newResourceUnit","properties":{"title":"Pool Equipment"},"searchOpenDialogs":true,"interaction":{"idSuffix":"content"}},"wdio_ui5_key":"reusablesview.manageresources.NewResourceUnitsap.m.StandardListItem{\"title\":\"Pool Equipment\"}"}]}
RESULT: {"script":"<script> [1562 bytes]","args":[{"selector":{"controlType":"sap.m.StandardListItem","viewName":"reusables.view.manageresources.NewResourceUnit","viewId":"application-manageresources-display-component---newResourceUnit","properties":{"title":"Pool Equipment"},"searchOpenDialogs":true,"interaction":{"idSuffix":"content"}},"wdio_ui5_key":"reusablesview.manageresources.NewResourceUnitsap.m.StandardListItem{\"title\":\"Pool Equipment\"}"}]}
RESULT: undefined
COMMAND: POST /session/91c831240bf0af8018f09264486ab218/element - {"using":"xpath","value":"//*[@id=\"__item1525\"]"}
RESULT: {"using":"xpath","value":"//*[@id=\"__item1525\"]"}
COMMAND: POST /session/91c831240bf0af8018f09264486ab218/element/f.D0212D211F1205B79C5F6C51E540BEF2.d.174AB0CE28E8CD71E3F337935164EF7B.e.3039/click - {}
RESULT: {}
COMMAND: GET /session/91c831240bf0af8018f09264486ab218/screenshot - {}
RESULT: {}
COMMAND: POST /session/91c831240bf0af8018f09264486ab218/element - {"using":"css selector","value":"#application-manageresources-display-component---newResourceUnit--btnAddTimeSegment"}
RESULT: {"using":"css selector","value":"#application-manageresources-display-component---newResourceUnit--btnAddTimeSegment"}
COMMAND: GET /session/91c831240bf0af8018f09264486ab218/element/f.D0212D211F1205B79C5F6C51E540BEF2.d.174AB0CE28E8CD71E3F337935164EF7B.e.3101/rect - {}
RESULT: {}
COMMAND: GET /session/91c831240bf0af8018f09264486ab218/window/rect - {}
RESULT: {}
COMMAND: POST /session/91c831240bf0af8018f09264486ab218/execute/sync - {"script":"<script> [92 bytes]","args":[]}
RESULT: {"script":"<script> [92 bytes]","args":[]}
COMMAND: POST /session/91c831240bf0af8018f09264486ab218/actions - {"actions":[{"id":"action9","type":"wheel","parameters":{},"actions":[{"type":"scroll","x":-1888,"y":-32,"deltaX":0,"deltaY":0,"duration":0,"origin":{"element-6066-11e4-a52e-4f735466cecf":"f.D0212D211F1205B79C5F6C51E540BEF2.d.174AB0CE28E8CD71E3F337935164EF7B.e.3101"}}]}]}
COMMAND: GET /session/91c831240bf0af8018f09264486ab218/screenshot - {}
RESULT: {}
COMMAND: POST /session/91c831240bf0af8018f09264486ab218/execute/sync - {"script":"<script> [79 bytes]","args":[{"element-6066-11e4-a52e-4f735466cecf":"f.D0212D211F1205B79C5F6C51E540BEF2.d.174AB0CE28E8CD71E3F337935164EF7B.e.3101","ELEMENT":"f.D0212D211F1205B79C5F6C51E540BEF2.d.174AB0CE28E8CD71E3F337935164EF7B.e.3101"},{"block":"start","inline":"nearest"}]}
RESULT: {"script":"<script> [79 bytes]","args":[{"element-6066-11e4-a52e-4f735466cecf":"f.D0212D211F1205B79C5F6C51E540BEF2.d.174AB0CE28E8CD71E3F337935164EF7B.e.3101","ELEMENT":"f.D0212D211F1205B79C5F6C51E540BEF2.d.174AB0CE28E8CD71E3F337935164EF7B.e.3101"},{"block":"start","inline":"nearest"}]}
COMMAND: POST /session/91c831240bf0af8018f09264486ab218/execute/async - {"script":"<script> [1562 bytes]","args":[{"selector":{"id":"application-manageresources-display-component---newResourceUnit--btnAddTimeSegment","interaction":{"idSuffix":"inner"}},"wdio_ui5_key":"applicationmanageresources-display-component---newResourceUnit--btnAddTimeSegment"}]}
COMMAND: GET /session/91c831240bf0af8018f09264486ab218/screenshot - {}
RESULT: {"script":"<script> [1562 bytes]","args":[{"selector":{"id":"application-manageresources-display-component---newResourceUnit--btnAddTimeSegment","interaction":{"idSuffix":"inner"}},"wdio_ui5_key":"applicationmanageresources-display-component---newResourceUnit--btnAddTimeSegment"}]}
RESULT: undefined
COMMAND: POST /session/91c831240bf0af8018f09264486ab218/element - {"using":"xpath","value":"//*[@id=\"application-manageresources-display-component---newResourceUnit--btnAddTimeSegment\"]"}
RESULT: {}
RESULT: {"using":"xpath","value":"//*[@id=\"application-manageresources-display-component---newResourceUnit--btnAddTimeSegment\"]"}
COMMAND: POST /session/91c831240bf0af8018f09264486ab218/element/f.D0212D211F1205B79C5F6C51E540BEF2.d.174AB0CE28E8CD71E3F337935164EF7B.e.3101/click - {}
RESULT: {}
COMMAND: GET /session/91c831240bf0af8018f09264486ab218/screenshot - {}
RESULT: {}
COMMAND: POST /session/91c831240bf0af8018f09264486ab218/element - {"using":"xpath","value":"//input[@id=\"application-manageresources-display-component---newResourceUnit--idRuTSAdmin-application-manageresources-display-component---newResourceUnit--RUTimeSegment-0-inner\"]"}
RESULT: {"using":"xpath","value":"//input[@id=\"application-manageresources-display-component---newResourceUnit--idRuTSAdmin-application-manageresources-display-component---newResourceUnit--RUTimeSegment-0-inner\"]"}
COMMAND: POST /session/91c831240bf0af8018f09264486ab218/element/f.D0212D211F1205B79C5F6C51E540BEF2.d.174AB0CE28E8CD71E3F337935164EF7B.e.3107/clear - {}
RESULT: {}
COMMAND: POST /session/91c831240bf0af8018f09264486ab218/element/f.D0212D211F1205B79C5F6C51E540BEF2.d.174AB0CE28E8CD71E3F337935164EF7B.e.3107/value - {"text":"288"}
COMMAND: GET /session/91c831240bf0af8018f09264486ab218/screenshot - {}
RESULT: {"text":"288"}
COMMAND: GET /session/91c831240bf0af8018f09264486ab218/screenshot - {}
RESULT: {}
RESULT: {}
COMMAND: POST /session/91c831240bf0af8018f09264486ab218/element - {"using":"xpath","value":"//li[.//span[text()='288']]"}
RESULT: {"using":"xpath","value":"//li[.//span[text()='288']]"}
COMMAND: POST /session/91c831240bf0af8018f09264486ab218/element/f.D0212D211F1205B79C5F6C51E540BEF2.d.174AB0CE28E8CD71E3F337935164EF7B.e.3120/click - {}
RESULT: {}
COMMAND: GET /session/91c831240bf0af8018f09264486ab218/screenshot - {}
RESULT: {}
COMMAND: POST /session/91c831240bf0af8018f09264486ab218/element - {"using":"xpath","value":"(//span[contains(@id, \"-application-manageresources-display-component---newResourceUnit--RUTimeSegment-0-arrow\")])[5]"}
RESULT: {"using":"xpath","value":"(//span[contains(@id, \"-application-manageresources-display-component---newResourceUnit--RUTimeSegment-0-arrow\")])[5]"}
COMMAND: POST /session/91c831240bf0af8018f09264486ab218/element/f.D0212D211F1205B79C5F6C51E540BEF2.d.174AB0CE28E8CD71E3F337935164EF7B.e.3121/click - {}
RESULT: {}
COMMAND: GET /session/91c831240bf0af8018f09264486ab218/screenshot - {}
RESULT: {}
COMMAND: POST /session/91c831240bf0af8018f09264486ab218/element - {"using":"xpath","value":"//span[contains(text(), \"PM Order\")]"}
RESULT: {"using":"xpath","value":"//span[contains(text(), \"PM Order\")]"}
COMMAND: POST /session/91c831240bf0af8018f09264486ab218/element/f.D0212D211F1205B79C5F6C51E540BEF2.d.174AB0CE28E8CD71E3F337935164EF7B.e.3122/click - {}
RESULT: {}
COMMAND: GET /session/91c831240bf0af8018f09264486ab218/screenshot - {}
RESULT: {}
COMMAND: POST /session/91c831240bf0af8018f09264486ab218/element - {"using":"xpath","value":"(//span[contains(@id ,\"manageresources-display-component---newResourceUnit--RUTimeSegment-0-vhi\")])[1]"}
RESULT: {"using":"xpath","value":"(//span[contains(@id ,\"manageresources-display-component---newResourceUnit--RUTimeSegment-0-vhi\")])[1]"}
COMMAND: GET /session/91c831240bf0af8018f09264486ab218/element/f.D0212D211F1205B79C5F6C51E540BEF2.d.174AB0CE28E8CD71E3F337935164EF7B.e.3126/rect - {}
RESULT: {}
COMMAND: GET /session/91c831240bf0af8018f09264486ab218/window/rect - {}
RESULT: {}
COMMAND: POST /session/91c831240bf0af8018f09264486ab218/execute/sync - {"script":"<script> [92 bytes]","args":[]}
RESULT: {"script":"<script> [92 bytes]","args":[]}
COMMAND: POST /session/91c831240bf0af8018f09264486ab218/actions - {"actions":[{"id":"action10","type":"wheel","parameters":{},"actions":[{"type":"scroll","x":-1888,"y":-24,"deltaX":0,"deltaY":0,"duration":0,"origin":{"element-6066-11e4-a52e-4f735466cecf":"f.D0212D211F1205B79C5F6C51E540BEF2.d.174AB0CE28E8CD71E3F337935164EF7B.e.3126"}}]}]}
COMMAND: GET /session/91c831240bf0af8018f09264486ab218/screenshot - {}
RESULT: {}
COMMAND: POST /session/91c831240bf0af8018f09264486ab218/execute/sync - {"script":"<script> [79 bytes]","args":[{"element-6066-11e4-a52e-4f735466cecf":"f.D0212D211F1205B79C5F6C51E540BEF2.d.174AB0CE28E8CD71E3F337935164EF7B.e.3126","ELEMENT":"f.D0212D211F1205B79C5F6C51E540BEF2.d.174AB0CE28E8CD71E3F337935164EF7B.e.3126"},{"block":"start","inline":"nearest"}]}
RESULT: {"script":"<script> [79 bytes]","args":[{"element-6066-11e4-a52e-4f735466cecf":"f.D0212D211F1205B79C5F6C51E540BEF2.d.174AB0CE28E8CD71E3F337935164EF7B.e.3126","ELEMENT":"f.D0212D211F1205B79C5F6C51E540BEF2.d.174AB0CE28E8CD71E3F337935164EF7B.e.3126"},{"block":"start","inline":"nearest"}]}
COMMAND: GET /session/91c831240bf0af8018f09264486ab218/screenshot - {}
RESULT: {}
COMMAND: POST /session/91c831240bf0af8018f09264486ab218/element/f.D0212D211F1205B79C5F6C51E540BEF2.d.174AB0CE28E8CD71E3F337935164EF7B.e.3126/click - {}
RESULT: {}
COMMAND: GET /session/91c831240bf0af8018f09264486ab218/screenshot - {}
RESULT: {}
RESULT: undefined
COMMAND: POST /session/91c831240bf0af8018f09264486ab218/execute/async - {"script":"<script> [776 bytes]","args":[{"enterText":"4000360","selector":{"controlType":"sap.m.SearchField","properties":{"placeholder":"Search"},"searchOpenDialogs":true,"interaction":{"idSuffix":"I"}},"clearTextFirst":true,"interactionType":"ENTER_TEXT"}]}
RESULT: {"script":"<script> [776 bytes]","args":[{"enterText":"4000360","selector":{"controlType":"sap.m.SearchField","properties":{"placeholder":"Search"},"searchOpenDialogs":true,"interaction":{"idSuffix":"I"}},"clearTextFirst":true,"interactionType":"ENTER_TEXT"}]}
COMMAND: POST /session/91c831240bf0af8018f09264486ab218/actions - {"actions":[{"id":"action11","type":"key","parameters":{},"actions":[{"type":"keyDown","value":""},{"type":"pause","duration":10},{"type":"keyUp","value":""}]}]}
RESULT: {"actions":[{"id":"action11","type":"key","parameters":{},"actions":[{"type":"keyDown","value":""},{"type":"pause","duration":10},{"type":"keyUp","value":""}]}]}
COMMAND: GET /session/91c831240bf0af8018f09264486ab218/screenshot - {}
RESULT: {}
COMMAND: POST /session/91c831240bf0af8018f09264486ab218/element - {"using":"xpath","value":"//td/div/span[contains(text(), \"BGL Vehicles\")]"}
RESULT: {"using":"xpath","value":"//td/div/span[contains(text(), \"BGL Vehicles\")]"}
COMMAND: POST /session/91c831240bf0af8018f09264486ab218/element/f.D0212D211F1205B79C5F6C51E540BEF2.d.174AB0CE28E8CD71E3F337935164EF7B.e.3145/click - {}
RESULT: {}
COMMAND: GET /session/91c831240bf0af8018f09264486ab218/screenshot - {}
RESULT: {}
COMMAND: POST /session/91c831240bf0af8018f09264486ab218/element - {"using":"xpath","value":"//bdi[contains(text(), \"OK\")]"}
RESULT: {"using":"xpath","value":"//bdi[contains(text(), \"OK\")]"}
COMMAND: POST /session/91c831240bf0af8018f09264486ab218/element/f.D0212D211F1205B79C5F6C51E540BEF2.d.174AB0CE28E8CD71E3F337935164EF7B.e.3146/click - {}
RESULT: {}
COMMAND: GET /session/91c831240bf0af8018f09264486ab218/screenshot - {}
RESULT: {}
COMMAND: POST /session/91c831240bf0af8018f09264486ab218/element - {"using":"xpath","value":"//label[contains(@class, 'sapMLabelRequired') and .//bdi[contains(text(), 'Planned Retirement')]]"}
RESULT: {"using":"xpath","value":"//label[contains(@class, 'sapMLabelRequired') and .//bdi[contains(text(), 'Planned Retirement')]]"}
COMMAND: POST /session/91c831240bf0af8018f09264486ab218/elements - {"using":"xpath","value":"//label[contains(@class, 'sapMLabelRequired') and .//bdi[contains(text(), 'Planned Retirement')]]"}
RESULT: {"using":"xpath","value":"//label[contains(@class, 'sapMLabelRequired') and .//bdi[contains(text(), 'Planned Retirement')]]"}
COMMAND: POST /session/91c831240bf0af8018f09264486ab218/element - {"using":"xpath","value":"//button[@data-kt=\"resourceUnitSaveButton\"]"}
RESULT: {"using":"xpath","value":"//button[@data-kt=\"resourceUnitSaveButton\"]"}
COMMAND: POST /session/91c831240bf0af8018f09264486ab218/element/f.D0212D211F1205B79C5F6C51E540BEF2.d.174AB0CE28E8CD71E3F337935164EF7B.e.2912/click - {}
RESULT: {}
COMMAND: GET /session/91c831240bf0af8018f09264486ab218/screenshot - {}
RESULT: {}
COMMAND: POST /session/91c831240bf0af8018f09264486ab218/element - {"using":"xpath","value":"//bdi[contains(text(), \"Close\")]"}
RESULT: {"using":"xpath","value":"//bdi[contains(text(), \"Close\")]"}
COMMAND: POST /session/91c831240bf0af8018f09264486ab218/element/f.D0212D211F1205B79C5F6C51E540BEF2.d.174AB0CE28E8CD71E3F337935164EF7B.e.3152/click - {}
RESULT: {}
COMMAND: GET /session/91c831240bf0af8018f09264486ab218/screenshot - {}
RESULT: {}
COMMAND: POST /session/91c831240bf0af8018f09264486ab218/element - {"using":"xpath","value":"//header[contains(@id, 'detailRruPage-headerTitle')]/div[1]/div[2]/div[2]/span[1]"}
RESULT: {"using":"xpath","value":"//header[contains(@id, 'detailRruPage-headerTitle')]/div[1]/div[2]/div[2]/span[1]"}
COMMAND: POST /session/91c831240bf0af8018f09264486ab218/elements - {"using":"xpath","value":"//header[contains(@id, 'detailRruPage-headerTitle')]/div[1]/div[2]/div[2]/span[1]"}
RESULT: {"using":"xpath","value":"//header[contains(@id, 'detailRruPage-headerTitle')]/div[1]/div[2]/div[2]/span[1]"}
COMMAND: POST /session/91c831240bf0af8018f09264486ab218/execute/sync - {"script":"<script> [56 bytes]","args":[{"element-6066-11e4-a52e-4f735466cecf":"f.D0212D211F1205B79C5F6C51E540BEF2.d.174AB0CE28E8CD71E3F337935164EF7B.e.3183","ELEMENT":"f.D0212D211F1205B79C5F6C51E540BEF2.d.174AB0CE28E8CD71E3F337935164EF7B.e.3183"}]}
RESULT: {"script":"<script> [56 bytes]","args":[{"element-6066-11e4-a52e-4f735466cecf":"f.D0212D211F1205B79C5F6C51E540BEF2.d.174AB0CE28E8CD71E3F337935164EF7B.e.3183","ELEMENT":"f.D0212D211F1205B79C5F6C51E540BEF2.d.174AB0CE28E8CD71E3F337935164EF7B.e.3183"}]}
COMMAND: POST /session/91c831240bf0af8018f09264486ab218/element - {"using":"css selector","value":"#shell-header-logo"}
COMMAND: GET /session/91c831240bf0af8018f09264486ab218/screenshot - {}
RESULT: {"using":"css selector","value":"#shell-header-logo"}
COMMAND: POST /session/91c831240bf0af8018f09264486ab218/element/f.D0212D211F1205B79C5F6C51E540BEF2.d.174AB0CE28E8CD71E3F337935164EF7B.e.2502/click - {}
RESULT: {}
RESULT: {}
COMMAND: GET /session/91c831240bf0af8018f09264486ab218/screenshot - {}
RESULT: {}
]]></system-out>
    </testcase>
    <testcase classname="chrome.136_0_7103_93.windows.Tests_for_Mass_State_Change_on_Manage_States_&amp;_Performances_US104416_US" name="Prereq Should do stock increase" time="90.826">
      <system-out><![CDATA[
COMMAND: POST /session/91c831240bf0af8018f09264486ab218/execute/async - {"script":"<script> [1562 bytes]","args":[{"selector":{"controlType":"sap.m.GenericTile","properties":{"header":"Manage Handovers"}},"wdio_ui5_key":"sapm.GenericTile{\"header\":\"Manage Handovers\"}"}]}
RESULT: {"script":"<script> [1562 bytes]","args":[{"selector":{"controlType":"sap.m.GenericTile","properties":{"header":"Manage Handovers"}},"wdio_ui5_key":"sapm.GenericTile{\"header\":\"Manage Handovers\"}"}]}
RESULT: undefined
COMMAND: POST /session/91c831240bf0af8018f09264486ab218/element - {"using":"xpath","value":"//*[@id=\"__tile132\"]"}
RESULT: {"using":"xpath","value":"//*[@id=\"__tile132\"]"}
COMMAND: POST /session/91c831240bf0af8018f09264486ab218/element/f.D0212D211F1205B79C5F6C51E540BEF2.d.174AB0CE28E8CD71E3F337935164EF7B.e.234/click - {}
RESULT: {}
COMMAND: GET /session/91c831240bf0af8018f09264486ab218/screenshot - {}
RESULT: {}
COMMAND: POST /session/91c831240bf0af8018f09264486ab218/elements - {"using":"xpath","value":"//span[text()='Error']"}
RESULT: {"using":"xpath","value":"//span[text()='Error']"}
COMMAND: POST /session/91c831240bf0af8018f09264486ab218/element - {"using":"xpath","value":"//button[@data-kt=\"masterHOAddButton\"]"}
RESULT: {"using":"xpath","value":"//button[@data-kt=\"masterHOAddButton\"]"}
COMMAND: POST /session/91c831240bf0af8018f09264486ab218/elements - {"using":"xpath","value":"//button[@data-kt=\"masterHOAddButton\"]"}
RESULT: {"using":"xpath","value":"//button[@data-kt=\"masterHOAddButton\"]"}
COMMAND: POST /session/91c831240bf0af8018f09264486ab218/execute/sync - {"script":"<script> [8489 bytes]","args":[{"element-6066-11e4-a52e-4f735466cecf":"f.D0212D211F1205B79C5F6C51E540BEF2.d.174AB0CE28E8CD71E3F337935164EF7B.e.3225","ELEMENT":"f.D0212D211F1205B79C5F6C51E540BEF2.d.174AB0CE28E8CD71E3F337935164EF7B.e.3225"}]}
RESULT: {"script":"<script> [8489 bytes]","args":[{"element-6066-11e4-a52e-4f735466cecf":"f.D0212D211F1205B79C5F6C51E540BEF2.d.174AB0CE28E8CD71E3F337935164EF7B.e.3225","ELEMENT":"f.D0212D211F1205B79C5F6C51E540BEF2.d.174AB0CE28E8CD71E3F337935164EF7B.e.3225"}]}
COMMAND: GET /session/91c831240bf0af8018f09264486ab218/element/f.D0212D211F1205B79C5F6C51E540BEF2.d.174AB0CE28E8CD71E3F337935164EF7B.e.3225/enabled - {}
COMMAND: GET /session/91c831240bf0af8018f09264486ab218/screenshot - {}
RESULT: {}
COMMAND: POST /session/91c831240bf0af8018f09264486ab218/execute/sync - {"script":"<script> [8489 bytes]","args":[{"element-6066-11e4-a52e-4f735466cecf":"f.D0212D211F1205B79C5F6C51E540BEF2.d.174AB0CE28E8CD71E3F337935164EF7B.e.3225","ELEMENT":"f.D0212D211F1205B79C5F6C51E540BEF2.d.174AB0CE28E8CD71E3F337935164EF7B.e.3225"}]}
COMMAND: GET /session/91c831240bf0af8018f09264486ab218/screenshot - {}
RESULT: {}
RESULT: {"script":"<script> [8489 bytes]","args":[{"element-6066-11e4-a52e-4f735466cecf":"f.D0212D211F1205B79C5F6C51E540BEF2.d.174AB0CE28E8CD71E3F337935164EF7B.e.3225","ELEMENT":"f.D0212D211F1205B79C5F6C51E540BEF2.d.174AB0CE28E8CD71E3F337935164EF7B.e.3225"}]}
COMMAND: POST /session/91c831240bf0af8018f09264486ab218/execute/sync - {"script":"<script> [5351 bytes]","args":[{"element-6066-11e4-a52e-4f735466cecf":"f.D0212D211F1205B79C5F6C51E540BEF2.d.174AB0CE28E8CD71E3F337935164EF7B.e.3225","ELEMENT":"f.D0212D211F1205B79C5F6C51E540BEF2.d.174AB0CE28E8CD71E3F337935164EF7B.e.3225"}]}
COMMAND: GET /session/91c831240bf0af8018f09264486ab218/screenshot - {}
RESULT: {}
RESULT: {"script":"<script> [5351 bytes]","args":[{"element-6066-11e4-a52e-4f735466cecf":"f.D0212D211F1205B79C5F6C51E540BEF2.d.174AB0CE28E8CD71E3F337935164EF7B.e.3225","ELEMENT":"f.D0212D211F1205B79C5F6C51E540BEF2.d.174AB0CE28E8CD71E3F337935164EF7B.e.3225"}]}
COMMAND: POST /session/91c831240bf0af8018f09264486ab218/element/f.D0212D211F1205B79C5F6C51E540BEF2.d.174AB0CE28E8CD71E3F337935164EF7B.e.3225/click - {}
COMMAND: GET /session/91c831240bf0af8018f09264486ab218/screenshot - {}
RESULT: {}
RESULT: {}
COMMAND: GET /session/91c831240bf0af8018f09264486ab218/screenshot - {}
RESULT: {}
RESULT: {}
COMMAND: POST /session/91c831240bf0af8018f09264486ab218/element - {"using":"xpath","value":"//span[contains(@id ,\"AddNewHO--typeSelect-arrow\")]"}
RESULT: {"using":"xpath","value":"//span[contains(@id ,\"AddNewHO--typeSelect-arrow\")]"}
COMMAND: POST /session/91c831240bf0af8018f09264486ab218/element/f.D0212D211F1205B79C5F6C51E540BEF2.d.174AB0CE28E8CD71E3F337935164EF7B.e.3583/click - {}
RESULT: {}
COMMAND: GET /session/91c831240bf0af8018f09264486ab218/screenshot - {}
RESULT: {}
COMMAND: POST /session/91c831240bf0af8018f09264486ab218/element - {"using":"xpath","value":"(//li[contains(text(), \"stock increase yard\")])[1]"}
RESULT: {"using":"xpath","value":"(//li[contains(text(), \"stock increase yard\")])[1]"}
COMMAND: POST /session/91c831240bf0af8018f09264486ab218/element/f.D0212D211F1205B79C5F6C51E540BEF2.d.174AB0CE28E8CD71E3F337935164EF7B.e.3584/click - {}
RESULT: {}
COMMAND: GET /session/91c831240bf0af8018f09264486ab218/screenshot - {}
RESULT: {}
COMMAND: POST /session/91c831240bf0af8018f09264486ab218/execute/async - {"script":"<script> [1562 bytes]","args":[{"selector":{"id":"application-managehandovers-display-component---AddNewHO--dueDate","interaction":{"idSuffix":"inner"}},"wdio_ui5_key":"applicationmanagehandovers-display-component---AddNewHO--dueDate"}]}
RESULT: {"script":"<script> [1562 bytes]","args":[{"selector":{"id":"application-managehandovers-display-component---AddNewHO--dueDate","interaction":{"idSuffix":"inner"}},"wdio_ui5_key":"applicationmanagehandovers-display-component---AddNewHO--dueDate"}]}
RESULT: undefined
COMMAND: POST /session/91c831240bf0af8018f09264486ab218/execute/async - {"script":"<script> [6424 bytes]","args":[{"element-6066-11e4-a52e-4f735466cecf":"f.D0212D211F1205B79C5F6C51E540BEF2.d.174AB0CE28E8CD71E3F337935164EF7B.e.3586"},"setValue",["5/25/25"]]}
RESULT: {"script":"<script> [6424 bytes]","args":[{"element-6066-11e4-a52e-4f735466cecf":"f.D0212D211F1205B79C5F6C51E540BEF2.d.174AB0CE28E8CD71E3F337935164EF7B.e.3586"},"setValue",["5/25/25"]]}
COMMAND: POST /session/91c831240bf0af8018f09264486ab218/element - {"using":"xpath","value":"//input[@id=\"generalSectionFrg--receiveYard-inner\"]"}
RESULT: {"using":"xpath","value":"//input[@id=\"generalSectionFrg--receiveYard-inner\"]"}
COMMAND: POST /session/91c831240bf0af8018f09264486ab218/element/f.D0212D211F1205B79C5F6C51E540BEF2.d.174AB0CE28E8CD71E3F337935164EF7B.e.3592/clear - {}
RESULT: {}
COMMAND: POST /session/91c831240bf0af8018f09264486ab218/element/f.D0212D211F1205B79C5F6C51E540BEF2.d.174AB0CE28E8CD71E3F337935164EF7B.e.3592/value - {"text":"288"}
COMMAND: GET /session/91c831240bf0af8018f09264486ab218/screenshot - {}
RESULT: {"text":"288"}
COMMAND: GET /session/91c831240bf0af8018f09264486ab218/screenshot - {}
RESULT: {}
RESULT: {}
COMMAND: POST /session/91c831240bf0af8018f09264486ab218/element - {"using":"xpath","value":"//li[.//span[text()='288']]"}
RESULT: {"using":"xpath","value":"//li[.//span[text()='288']]"}
COMMAND: POST /session/91c831240bf0af8018f09264486ab218/element/f.D0212D211F1205B79C5F6C51E540BEF2.d.174AB0CE28E8CD71E3F337935164EF7B.e.3611/click - {}
RESULT: {}
COMMAND: GET /session/91c831240bf0af8018f09264486ab218/screenshot - {}
RESULT: {}
COMMAND: POST /session/91c831240bf0af8018f09264486ab218/execute/async - {"script":"<script> [1562 bytes]","args":[{"selector":{"id":"application-managehandovers-display-component---AddNewHO--ObjectPageLayout-anchBar-application-managehandovers-display-component---AddNewHO--section4-anchor","interaction":{"idSuffix":"BDI-content"}},"wdio_ui5_key":"applicationmanagehandovers-display-component---AddNewHO--ObjectPageLayout-anchBar-application-managehandovers-display-component---AddNewHO--section4-anchor"}]}
RESULT: {"script":"<script> [1562 bytes]","args":[{"selector":{"id":"application-managehandovers-display-component---AddNewHO--ObjectPageLayout-anchBar-application-managehandovers-display-component---AddNewHO--section4-anchor","interaction":{"idSuffix":"BDI-content"}},"wdio_ui5_key":"applicationmanagehandovers-display-component---AddNewHO--ObjectPageLayout-anchBar-application-managehandovers-display-component---AddNewHO--section4-anchor"}]}
RESULT: undefined
COMMAND: POST /session/91c831240bf0af8018f09264486ab218/element - {"using":"xpath","value":"//*[@id=\"application-managehandovers-display-component---AddNewHO--ObjectPageLayout-anchBar-application-managehandovers-display-component---AddNewHO--section4-anchor\"]"}
RESULT: {"using":"xpath","value":"//*[@id=\"application-managehandovers-display-component---AddNewHO--ObjectPageLayout-anchBar-application-managehandovers-display-component---AddNewHO--section4-anchor\"]"}
COMMAND: POST /session/91c831240bf0af8018f09264486ab218/element/f.D0212D211F1205B79C5F6C51E540BEF2.d.174AB0CE28E8CD71E3F337935164EF7B.e.3613/click - {}
RESULT: {}
COMMAND: POST /session/91c831240bf0af8018f09264486ab218/element - {"using":"xpath","value":"//button[@aria-label=\"Add\"]"}
COMMAND: GET /session/91c831240bf0af8018f09264486ab218/screenshot - {}
RESULT: {"using":"xpath","value":"//button[@aria-label=\"Add\"]"}
COMMAND: POST /session/91c831240bf0af8018f09264486ab218/element/f.D0212D211F1205B79C5F6C51E540BEF2.d.174AB0CE28E8CD71E3F337935164EF7B.e.3617/click - {}
RESULT: {}
RESULT: {}
COMMAND: GET /session/91c831240bf0af8018f09264486ab218/screenshot - {}
RESULT: {}
COMMAND: POST /session/91c831240bf0af8018f09264486ab218/execute/async - {"script":"<script> [1562 bytes]","args":[{"selector":{"id":"application-managehandovers-display-component---AddNewHO--smartFilterBar-btnBasicSearch","searchOpenDialogs":true,"interaction":{"idSuffix":"I"}},"wdio_ui5_key":"applicationmanagehandovers-display-component---AddNewHO--smartFilterBar-btnBasicSearch"}]}
RESULT: {"script":"<script> [1562 bytes]","args":[{"selector":{"id":"application-managehandovers-display-component---AddNewHO--smartFilterBar-btnBasicSearch","searchOpenDialogs":true,"interaction":{"idSuffix":"I"}},"wdio_ui5_key":"applicationmanagehandovers-display-component---AddNewHO--smartFilterBar-btnBasicSearch"}]}
RESULT: undefined
COMMAND: POST /session/91c831240bf0af8018f09264486ab218/execute/async - {"script":"<script> [776 bytes]","args":[{"enterText":"400012","selector":{"id":"application-managehandovers-display-component---AddNewHO--smartFilterBar-btnBasicSearch","searchOpenDialogs":true,"interaction":{"idSuffix":"I"}},"clearTextFirst":true,"interactionType":"ENTER_TEXT"}]}
RESULT: {"script":"<script> [776 bytes]","args":[{"enterText":"400012","selector":{"id":"application-managehandovers-display-component---AddNewHO--smartFilterBar-btnBasicSearch","searchOpenDialogs":true,"interaction":{"idSuffix":"I"}},"clearTextFirst":true,"interactionType":"ENTER_TEXT"}]}
COMMAND: POST /session/91c831240bf0af8018f09264486ab218/actions - {"actions":[{"id":"action12","type":"key","parameters":{},"actions":[{"type":"keyDown","value":""},{"type":"pause","duration":10},{"type":"keyUp","value":""}]}]}
RESULT: {"actions":[{"id":"action12","type":"key","parameters":{},"actions":[{"type":"keyDown","value":""},{"type":"pause","duration":10},{"type":"keyUp","value":""}]}]}
COMMAND: GET /session/91c831240bf0af8018f09264486ab218/screenshot - {}
RESULT: {}
COMMAND: POST /session/91c831240bf0af8018f09264486ab218/execute/async - {"script":"<script> [1562 bytes]","args":[{"selector":{"id":"application-managehandovers-display-component---AddNewHO--popup-sa","searchOpenDialogs":true,"interaction":{"idSuffix":"CbBg"}},"wdio_ui5_key":"applicationmanagehandovers-display-component---AddNewHO--popup-sa"}]}
RESULT: {"script":"<script> [1562 bytes]","args":[{"selector":{"id":"application-managehandovers-display-component---AddNewHO--popup-sa","searchOpenDialogs":true,"interaction":{"idSuffix":"CbBg"}},"wdio_ui5_key":"applicationmanagehandovers-display-component---AddNewHO--popup-sa"}]}
RESULT: undefined
COMMAND: POST /session/91c831240bf0af8018f09264486ab218/element - {"using":"xpath","value":"//*[@id=\"application-managehandovers-display-component---AddNewHO--popup-sa\"]"}
RESULT: {"using":"xpath","value":"//*[@id=\"application-managehandovers-display-component---AddNewHO--popup-sa\"]"}
COMMAND: POST /session/91c831240bf0af8018f09264486ab218/element/f.D0212D211F1205B79C5F6C51E540BEF2.d.174AB0CE28E8CD71E3F337935164EF7B.e.3767/click - {}
RESULT: {}
COMMAND: GET /session/91c831240bf0af8018f09264486ab218/screenshot - {}
RESULT: {}
COMMAND: POST /session/91c831240bf0af8018f09264486ab218/element - {"using":"xpath","value":"//bdi[contains(text(), \"Select\")]"}
RESULT: {"using":"xpath","value":"//bdi[contains(text(), \"Select\")]"}
COMMAND: POST /session/91c831240bf0af8018f09264486ab218/element/f.D0212D211F1205B79C5F6C51E540BEF2.d.174AB0CE28E8CD71E3F337935164EF7B.e.3768/click - {}
RESULT: {}
COMMAND: GET /session/91c831240bf0af8018f09264486ab218/screenshot - {}
RESULT: {}
COMMAND: POST /session/91c831240bf0af8018f09264486ab218/element - {"using":"xpath","value":"//button[@data-kt=\"AddNewHOSaveButton\"]"}
RESULT: {"using":"xpath","value":"//button[@data-kt=\"AddNewHOSaveButton\"]"}
COMMAND: POST /session/91c831240bf0af8018f09264486ab218/element/f.D0212D211F1205B79C5F6C51E540BEF2.d.174AB0CE28E8CD71E3F337935164EF7B.e.3772/click - {}
RESULT: {}
COMMAND: GET /session/91c831240bf0af8018f09264486ab218/screenshot - {}
RESULT: {}
COMMAND: POST /session/91c831240bf0af8018f09264486ab218/execute/async - {"script":"<script> [1562 bytes]","args":[{"selector":{"id":"receiptDatePicker","viewName":"etm.portal.ui.managehandovers.view.DetailExecuteHO","interaction":{"idSuffix":"inner"}},"wdio_ui5_key":"receiptDatePickeretmportal.ui.managehandovers.view.DetailExecuteHO"}]}
RESULT: {"script":"<script> [1562 bytes]","args":[{"selector":{"id":"receiptDatePicker","viewName":"etm.portal.ui.managehandovers.view.DetailExecuteHO","interaction":{"idSuffix":"inner"}},"wdio_ui5_key":"receiptDatePickeretmportal.ui.managehandovers.view.DetailExecuteHO"}]}
RESULT: undefined
COMMAND: POST /session/91c831240bf0af8018f09264486ab218/execute/async - {"script":"<script> [6424 bytes]","args":[{"element-6066-11e4-a52e-4f735466cecf":"f.D0212D211F1205B79C5F6C51E540BEF2.d.174AB0CE28E8CD71E3F337935164EF7B.e.3798"},"setValue",["5/25/25"]]}
RESULT: {"script":"<script> [6424 bytes]","args":[{"element-6066-11e4-a52e-4f735466cecf":"f.D0212D211F1205B79C5F6C51E540BEF2.d.174AB0CE28E8CD71E3F337935164EF7B.e.3798"},"setValue",["5/25/25"]]}
COMMAND: POST /session/91c831240bf0af8018f09264486ab218/element - {"using":"xpath","value":"//button[@data-kt=\"ReceivingTableConfirmAllButton\"]"}
RESULT: {"using":"xpath","value":"//button[@data-kt=\"ReceivingTableConfirmAllButton\"]"}
COMMAND: POST /session/91c831240bf0af8018f09264486ab218/element/f.D0212D211F1205B79C5F6C51E540BEF2.d.174AB0CE28E8CD71E3F337935164EF7B.e.3814/click - {}
RESULT: {}
COMMAND: GET /session/91c831240bf0af8018f09264486ab218/screenshot - {}
RESULT: {}
COMMAND: POST /session/91c831240bf0af8018f09264486ab218/element - {"using":"xpath","value":"//bdi[contains(text(), \"OK\")]"}
RESULT: {"using":"xpath","value":"//bdi[contains(text(), \"OK\")]"}
COMMAND: POST /session/91c831240bf0af8018f09264486ab218/element/f.D0212D211F1205B79C5F6C51E540BEF2.d.174AB0CE28E8CD71E3F337935164EF7B.e.3816/click - {}
RESULT: {}
COMMAND: GET /session/91c831240bf0af8018f09264486ab218/screenshot - {}
RESULT: {}
COMMAND: POST /session/91c831240bf0af8018f09264486ab218/element - {"using":"xpath","value":"(//bdi[contains(text(), \"Receive\")])[2]"}
RESULT: {"using":"xpath","value":"(//bdi[contains(text(), \"Receive\")])[2]"}
COMMAND: POST /session/91c831240bf0af8018f09264486ab218/element/f.D0212D211F1205B79C5F6C51E540BEF2.d.174AB0CE28E8CD71E3F337935164EF7B.e.3818/click - {}
RESULT: {}
COMMAND: GET /session/91c831240bf0af8018f09264486ab218/screenshot - {}
RESULT: {}
COMMAND: POST /session/91c831240bf0af8018f09264486ab218/element - {"using":"css selector","value":"#shell-header-logo"}
RESULT: {"using":"css selector","value":"#shell-header-logo"}
COMMAND: POST /session/91c831240bf0af8018f09264486ab218/element/f.D0212D211F1205B79C5F6C51E540BEF2.d.174AB0CE28E8CD71E3F337935164EF7B.e.3188/click - {}
RESULT: {}
COMMAND: GET /session/91c831240bf0af8018f09264486ab218/screenshot - {}
RESULT: {}
]]></system-out>
    </testcase>
    <testcase classname="chrome.136_0_7103_93.windows.Tests_for_Mass_State_Change_on_Manage_States_&amp;_Performances_US104416_US" name="Prereq Should create a new contract" time="60.716">
      <system-out><![CDATA[
COMMAND: POST /session/91c831240bf0af8018f09264486ab218/execute/async - {"script":"<script> [1562 bytes]","args":[{"selector":{"controlType":"sap.m.GenericTile","properties":{"header":"Manage Contracts"}},"wdio_ui5_key":"sapm.GenericTile{\"header\":\"Manage Contracts\"}"}]}
RESULT: {"script":"<script> [1562 bytes]","args":[{"selector":{"controlType":"sap.m.GenericTile","properties":{"header":"Manage Contracts"}},"wdio_ui5_key":"sapm.GenericTile{\"header\":\"Manage Contracts\"}"}]}
RESULT: undefined
COMMAND: POST /session/91c831240bf0af8018f09264486ab218/element - {"using":"xpath","value":"//*[@id=\"__tile130\"]"}
RESULT: {"using":"xpath","value":"//*[@id=\"__tile130\"]"}
COMMAND: POST /session/91c831240bf0af8018f09264486ab218/element/f.D0212D211F1205B79C5F6C51E540BEF2.d.174AB0CE28E8CD71E3F337935164EF7B.e.175/click - {}
RESULT: {}
COMMAND: GET /session/91c831240bf0af8018f09264486ab218/screenshot - {}
RESULT: {}
COMMAND: POST /session/91c831240bf0af8018f09264486ab218/elements - {"using":"xpath","value":"//span[text()='Error']"}
RESULT: {"using":"xpath","value":"//span[text()='Error']"}
COMMAND: POST /session/91c831240bf0af8018f09264486ab218/element - {"using":"xpath","value":"//button[@data-kt=\"addButton\"]"}
RESULT: {"using":"xpath","value":"//button[@data-kt=\"addButton\"]"}
COMMAND: POST /session/91c831240bf0af8018f09264486ab218/elements - {"using":"xpath","value":"//button[@data-kt=\"addButton\"]"}
RESULT: {"using":"xpath","value":"//button[@data-kt=\"addButton\"]"}
COMMAND: POST /session/91c831240bf0af8018f09264486ab218/execute/sync - {"script":"<script> [8489 bytes]","args":[{"element-6066-11e4-a52e-4f735466cecf":"f.D0212D211F1205B79C5F6C51E540BEF2.d.174AB0CE28E8CD71E3F337935164EF7B.e.4143","ELEMENT":"f.D0212D211F1205B79C5F6C51E540BEF2.d.174AB0CE28E8CD71E3F337935164EF7B.e.4143"}]}
RESULT: {"script":"<script> [8489 bytes]","args":[{"element-6066-11e4-a52e-4f735466cecf":"f.D0212D211F1205B79C5F6C51E540BEF2.d.174AB0CE28E8CD71E3F337935164EF7B.e.4143","ELEMENT":"f.D0212D211F1205B79C5F6C51E540BEF2.d.174AB0CE28E8CD71E3F337935164EF7B.e.4143"}]}
COMMAND: GET /session/91c831240bf0af8018f09264486ab218/element/f.D0212D211F1205B79C5F6C51E540BEF2.d.174AB0CE28E8CD71E3F337935164EF7B.e.4143/enabled - {}
COMMAND: GET /session/91c831240bf0af8018f09264486ab218/screenshot - {}
RESULT: {}
COMMAND: POST /session/91c831240bf0af8018f09264486ab218/execute/sync - {"script":"<script> [8489 bytes]","args":[{"element-6066-11e4-a52e-4f735466cecf":"f.D0212D211F1205B79C5F6C51E540BEF2.d.174AB0CE28E8CD71E3F337935164EF7B.e.4143","ELEMENT":"f.D0212D211F1205B79C5F6C51E540BEF2.d.174AB0CE28E8CD71E3F337935164EF7B.e.4143"}]}
COMMAND: GET /session/91c831240bf0af8018f09264486ab218/screenshot - {}
RESULT: {}
RESULT: {"script":"<script> [8489 bytes]","args":[{"element-6066-11e4-a52e-4f735466cecf":"f.D0212D211F1205B79C5F6C51E540BEF2.d.174AB0CE28E8CD71E3F337935164EF7B.e.4143","ELEMENT":"f.D0212D211F1205B79C5F6C51E540BEF2.d.174AB0CE28E8CD71E3F337935164EF7B.e.4143"}]}
COMMAND: POST /session/91c831240bf0af8018f09264486ab218/execute/sync - {"script":"<script> [5351 bytes]","args":[{"element-6066-11e4-a52e-4f735466cecf":"f.D0212D211F1205B79C5F6C51E540BEF2.d.174AB0CE28E8CD71E3F337935164EF7B.e.4143","ELEMENT":"f.D0212D211F1205B79C5F6C51E540BEF2.d.174AB0CE28E8CD71E3F337935164EF7B.e.4143"}]}
COMMAND: GET /session/91c831240bf0af8018f09264486ab218/screenshot - {}
RESULT: {}
RESULT: {"script":"<script> [5351 bytes]","args":[{"element-6066-11e4-a52e-4f735466cecf":"f.D0212D211F1205B79C5F6C51E540BEF2.d.174AB0CE28E8CD71E3F337935164EF7B.e.4143","ELEMENT":"f.D0212D211F1205B79C5F6C51E540BEF2.d.174AB0CE28E8CD71E3F337935164EF7B.e.4143"}]}
COMMAND: GET /session/91c831240bf0af8018f09264486ab218/screenshot - {}
RESULT: {}
RESULT: {}
COMMAND: POST /session/91c831240bf0af8018f09264486ab218/element/f.D0212D211F1205B79C5F6C51E540BEF2.d.174AB0CE28E8CD71E3F337935164EF7B.e.4143/click - {}
RESULT: {}
COMMAND: GET /session/91c831240bf0af8018f09264486ab218/screenshot - {}
RESULT: {}
COMMAND: POST /session/91c831240bf0af8018f09264486ab218/execute/async - {"script":"<script> [1562 bytes]","args":[{"selector":{"id":"application-managecontracts-display-component---AddNewContract--projectDescription","interaction":{"idSuffix":"inner"}},"wdio_ui5_key":"applicationmanagecontracts-display-component---AddNewContract--projectDescription"}]}
RESULT: {"script":"<script> [1562 bytes]","args":[{"selector":{"id":"application-managecontracts-display-component---AddNewContract--projectDescription","interaction":{"idSuffix":"inner"}},"wdio_ui5_key":"applicationmanagecontracts-display-component---AddNewContract--projectDescription"}]}
RESULT: undefined
COMMAND: POST /session/91c831240bf0af8018f09264486ab218/execute/async - {"script":"<script> [776 bytes]","args":[{"enterText":"Contract WDIO","selector":{"id":"application-managecontracts-display-component---AddNewContract--projectDescription","interaction":{"idSuffix":"inner"}},"clearTextFirst":true,"interactionType":"ENTER_TEXT"}]}
RESULT: {"script":"<script> [776 bytes]","args":[{"enterText":"Contract WDIO","selector":{"id":"application-managecontracts-display-component---AddNewContract--projectDescription","interaction":{"idSuffix":"inner"}},"clearTextFirst":true,"interactionType":"ENTER_TEXT"}]}
COMMAND: POST /session/91c831240bf0af8018f09264486ab218/element - {"using":"xpath","value":"//input[@id=\"application-managecontracts-display-component---AddNewContract--site-inner\"]"}
RESULT: {"using":"xpath","value":"//input[@id=\"application-managecontracts-display-component---AddNewContract--site-inner\"]"}
COMMAND: POST /session/91c831240bf0af8018f09264486ab218/element/f.D0212D211F1205B79C5F6C51E540BEF2.d.174AB0CE28E8CD71E3F337935164EF7B.e.4467/clear - {}
RESULT: {}
COMMAND: POST /session/91c831240bf0af8018f09264486ab218/element/f.D0212D211F1205B79C5F6C51E540BEF2.d.174AB0CE28E8CD71E3F337935164EF7B.e.4467/value - {"text":"2122"}
COMMAND: GET /session/91c831240bf0af8018f09264486ab218/screenshot - {}
RESULT: {"text":"2122"}
COMMAND: GET /session/91c831240bf0af8018f09264486ab218/screenshot - {}
RESULT: {}
RESULT: {}
COMMAND: POST /session/91c831240bf0af8018f09264486ab218/element - {"using":"xpath","value":"//li[.//span[text()='2122']]"}
RESULT: {"using":"xpath","value":"//li[.//span[text()='2122']]"}
COMMAND: POST /session/91c831240bf0af8018f09264486ab218/element/f.D0212D211F1205B79C5F6C51E540BEF2.d.174AB0CE28E8CD71E3F337935164EF7B.e.4549/click - {}
RESULT: {}
COMMAND: GET /session/91c831240bf0af8018f09264486ab218/screenshot - {}
RESULT: {}
COMMAND: POST /session/91c831240bf0af8018f09264486ab218/element - {"using":"xpath","value":"//input[@id=\"application-managecontracts-display-component---AddNewContract--yardId-inner\"]"}
RESULT: {"using":"xpath","value":"//input[@id=\"application-managecontracts-display-component---AddNewContract--yardId-inner\"]"}
COMMAND: GET /session/91c831240bf0af8018f09264486ab218/element/f.D0212D211F1205B79C5F6C51E540BEF2.d.174AB0CE28E8CD71E3F337935164EF7B.e.4468/property/value - {}
RESULT: {}
COMMAND: POST /session/91c831240bf0af8018f09264486ab218/element - {"using":"xpath","value":"//input[@id=\"application-managecontracts-display-component---AddNewContract--customerSelect-inner\"]"}
COMMAND: GET /session/91c831240bf0af8018f09264486ab218/screenshot - {}
RESULT: {"using":"xpath","value":"//input[@id=\"application-managecontracts-display-component---AddNewContract--customerSelect-inner\"]"}
COMMAND: POST /session/91c831240bf0af8018f09264486ab218/element/f.D0212D211F1205B79C5F6C51E540BEF2.d.174AB0CE28E8CD71E3F337935164EF7B.e.4466/clear - {}
RESULT: {}
RESULT: {}
COMMAND: POST /session/91c831240bf0af8018f09264486ab218/element/f.D0212D211F1205B79C5F6C51E540BEF2.d.174AB0CE28E8CD71E3F337935164EF7B.e.4466/value - {"text":"1134"}
COMMAND: GET /session/91c831240bf0af8018f09264486ab218/screenshot - {}
RESULT: {"text":"1134"}
COMMAND: GET /session/91c831240bf0af8018f09264486ab218/screenshot - {}
RESULT: {}
RESULT: {}
COMMAND: POST /session/91c831240bf0af8018f09264486ab218/element - {"using":"xpath","value":"//li[.//span[text()='1134']]"}
RESULT: {"using":"xpath","value":"//li[.//span[text()='1134']]"}
COMMAND: POST /session/91c831240bf0af8018f09264486ab218/element/f.D0212D211F1205B79C5F6C51E540BEF2.d.174AB0CE28E8CD71E3F337935164EF7B.e.4552/click - {}
RESULT: {}
COMMAND: GET /session/91c831240bf0af8018f09264486ab218/screenshot - {}
RESULT: {}
COMMAND: POST /session/91c831240bf0af8018f09264486ab218/element - {"using":"xpath","value":"//button[@data-kt=\"saveButton\"]"}
RESULT: {"using":"xpath","value":"//button[@data-kt=\"saveButton\"]"}
COMMAND: POST /session/91c831240bf0af8018f09264486ab218/element/f.D0212D211F1205B79C5F6C51E540BEF2.d.174AB0CE28E8CD71E3F337935164EF7B.e.4542/click - {}
RESULT: {}
COMMAND: GET /session/91c831240bf0af8018f09264486ab218/screenshot - {}
RESULT: {}
COMMAND: POST /session/91c831240bf0af8018f09264486ab218/element - {"using":"xpath","value":"//span[contains(@id ,\"contractDetailTitleNoExpanded\")]"}
RESULT: {"using":"xpath","value":"//span[contains(@id ,\"contractDetailTitleNoExpanded\")]"}
COMMAND: POST /session/91c831240bf0af8018f09264486ab218/elements - {"using":"xpath","value":"//span[contains(@id ,\"contractDetailTitleNoExpanded\")]"}
RESULT: {"using":"xpath","value":"//span[contains(@id ,\"contractDetailTitleNoExpanded\")]"}
COMMAND: POST /session/91c831240bf0af8018f09264486ab218/execute/sync - {"script":"<script> [56 bytes]","args":[{"element-6066-11e4-a52e-4f735466cecf":"f.D0212D211F1205B79C5F6C51E540BEF2.d.174AB0CE28E8CD71E3F337935164EF7B.e.4562","ELEMENT":"f.D0212D211F1205B79C5F6C51E540BEF2.d.174AB0CE28E8CD71E3F337935164EF7B.e.4562"}]}
RESULT: {"script":"<script> [56 bytes]","args":[{"element-6066-11e4-a52e-4f735466cecf":"f.D0212D211F1205B79C5F6C51E540BEF2.d.174AB0CE28E8CD71E3F337935164EF7B.e.4562","ELEMENT":"f.D0212D211F1205B79C5F6C51E540BEF2.d.174AB0CE28E8CD71E3F337935164EF7B.e.4562"}]}
COMMAND: GET /session/91c831240bf0af8018f09264486ab218/screenshot - {}
RESULT: {}
]]></system-out>
    </testcase>
    <testcase classname="chrome.136_0_7103_93.windows.Tests_for_Mass_State_Change_on_Manage_States_&amp;_Performances_US104416_US" name="Prereq Should add created equipment to contract but to have the item 2 days earlier" time="62.432">
      <system-out><![CDATA[
COMMAND: POST /session/91c831240bf0af8018f09264486ab218/element - {"using":"xpath","value":"//button[@data-kt=\"contractDetailEditBtnButton\"]"}
RESULT: {"using":"xpath","value":"//button[@data-kt=\"contractDetailEditBtnButton\"]"}
COMMAND: POST /session/91c831240bf0af8018f09264486ab218/element/f.D0212D211F1205B79C5F6C51E540BEF2.d.174AB0CE28E8CD71E3F337935164EF7B.e.4565/click - {}
RESULT: {}
COMMAND: GET /session/91c831240bf0af8018f09264486ab218/screenshot - {}
RESULT: {}
COMMAND: POST /session/91c831240bf0af8018f09264486ab218/element - {"using":"xpath","value":"(//span[contains(text(), \"Additional Addresses\")])[2]"}
RESULT: {"using":"xpath","value":"(//span[contains(text(), \"Additional Addresses\")])[2]"}
COMMAND: POST /session/91c831240bf0af8018f09264486ab218/element/f.D0212D211F1205B79C5F6C51E540BEF2.d.174AB0CE28E8CD71E3F337935164EF7B.e.4620/click - {}
RESULT: {}
COMMAND: GET /session/91c831240bf0af8018f09264486ab218/screenshot - {}
RESULT: {}
COMMAND: POST /session/91c831240bf0af8018f09264486ab218/element - {"using":"xpath","value":"//button[@data-kt=\"btnAddTableRowOverflowToolbarButton\"]"}
RESULT: {"using":"xpath","value":"//button[@data-kt=\"btnAddTableRowOverflowToolbarButton\"]"}
COMMAND: POST /session/91c831240bf0af8018f09264486ab218/element/f.D0212D211F1205B79C5F6C51E540BEF2.d.174AB0CE28E8CD71E3F337935164EF7B.e.4623/click - {}
RESULT: {}
COMMAND: GET /session/91c831240bf0af8018f09264486ab218/screenshot - {}
RESULT: {}
COMMAND: POST /session/91c831240bf0af8018f09264486ab218/element - {"using":"xpath","value":"//div[(text() = 'Standard Entry' or . = 'Standard Entry')]"}
RESULT: {"using":"xpath","value":"//div[(text() = 'Standard Entry' or . = 'Standard Entry')]"}
COMMAND: POST /session/91c831240bf0af8018f09264486ab218/element/f.D0212D211F1205B79C5F6C51E540BEF2.d.174AB0CE28E8CD71E3F337935164EF7B.e.4625/click - {}
RESULT: {}
COMMAND: GET /session/91c831240bf0af8018f09264486ab218/screenshot - {}
RESULT: {}
COMMAND: POST /session/91c831240bf0af8018f09264486ab218/element - {"using":"xpath","value":"//td[6]/div/div/div/span"}
RESULT: {"using":"xpath","value":"//td[6]/div/div/div/span"}
COMMAND: POST /session/91c831240bf0af8018f09264486ab218/element/f.D0212D211F1205B79C5F6C51E540BEF2.d.174AB0CE28E8CD71E3F337935164EF7B.e.4637/click - {}
RESULT: {}
COMMAND: GET /session/91c831240bf0af8018f09264486ab218/screenshot - {}
RESULT: {}
COMMAND: POST /session/91c831240bf0af8018f09264486ab218/element - {"using":"xpath","value":"(//span[contains(text(), \"Equi Multipart\")])"}
RESULT: {"using":"xpath","value":"(//span[contains(text(), \"Equi Multipart\")])"}
COMMAND: POST /session/91c831240bf0af8018f09264486ab218/element/f.D0212D211F1205B79C5F6C51E540BEF2.d.174AB0CE28E8CD71E3F337935164EF7B.e.4638/click - {}
RESULT: {}
COMMAND: GET /session/91c831240bf0af8018f09264486ab218/screenshot - {}
RESULT: {}
COMMAND: POST /session/91c831240bf0af8018f09264486ab218/element - {"using":"xpath","value":"//td[7]/div/div/input"}
RESULT: {"using":"xpath","value":"//td[7]/div/div/input"}
COMMAND: POST /session/91c831240bf0af8018f09264486ab218/element/f.D0212D211F1205B79C5F6C51E540BEF2.d.174AB0CE28E8CD71E3F337935164EF7B.e.4642/clear - {}
RESULT: {}
COMMAND: POST /session/91c831240bf0af8018f09264486ab218/element/f.D0212D211F1205B79C5F6C51E540BEF2.d.174AB0CE28E8CD71E3F337935164EF7B.e.4642/value - {"text":"400012"}
COMMAND: GET /session/91c831240bf0af8018f09264486ab218/screenshot - {}
RESULT: {"text":"400012"}
COMMAND: GET /session/91c831240bf0af8018f09264486ab218/screenshot - {}
RESULT: {}
RESULT: {}
COMMAND: POST /session/91c831240bf0af8018f09264486ab218/actions - {"actions":[{"id":"action13","type":"key","parameters":{},"actions":[{"type":"keyDown","value":""},{"type":"pause","duration":10},{"type":"keyUp","value":""}]}]}
RESULT: {"actions":[{"id":"action13","type":"key","parameters":{},"actions":[{"type":"keyDown","value":""},{"type":"pause","duration":10},{"type":"keyUp","value":""}]}]}
COMMAND: GET /session/91c831240bf0af8018f09264486ab218/screenshot - {}
RESULT: {}
COMMAND: POST /session/91c831240bf0af8018f09264486ab218/execute/sync - {"script":"<script> [276 bytes]","args":["No pricing information was found"]}
RESULT: {"script":"<script> [276 bytes]","args":["No pricing information was found"]}
COMMAND: POST /session/91c831240bf0af8018f09264486ab218/element - {"using":"xpath","value":"//bdi[contains(text(), \"OK\")]"}
COMMAND: GET /session/91c831240bf0af8018f09264486ab218/screenshot - {}
RESULT: {"using":"xpath","value":"//bdi[contains(text(), \"OK\")]"}
COMMAND: POST /session/91c831240bf0af8018f09264486ab218/element/f.D0212D211F1205B79C5F6C51E540BEF2.d.174AB0CE28E8CD71E3F337935164EF7B.e.4668/click - {}
RESULT: {}
RESULT: {}
COMMAND: GET /session/91c831240bf0af8018f09264486ab218/screenshot - {}
RESULT: {}
COMMAND: POST /session/91c831240bf0af8018f09264486ab218/element - {"using":"xpath","value":"//td[19]/div/div/input"}
RESULT: {"using":"xpath","value":"//td[19]/div/div/input"}
COMMAND: POST /session/91c831240bf0af8018f09264486ab218/element/f.D0212D211F1205B79C5F6C51E540BEF2.d.174AB0CE28E8CD71E3F337935164EF7B.e.4665/clear - {}
RESULT: {}
COMMAND: POST /session/91c831240bf0af8018f09264486ab218/element/f.D0212D211F1205B79C5F6C51E540BEF2.d.174AB0CE28E8CD71E3F337935164EF7B.e.4665/value - {"text":"5/23/25"}
COMMAND: GET /session/91c831240bf0af8018f09264486ab218/screenshot - {}
RESULT: {"text":"5/23/25"}
COMMAND: GET /session/91c831240bf0af8018f09264486ab218/screenshot - {}
RESULT: {}
RESULT: {}
COMMAND: POST /session/91c831240bf0af8018f09264486ab218/element - {"using":"xpath","value":"(//button[@data-kt=\"saveButton\"])[2]"}
RESULT: {"using":"xpath","value":"(//button[@data-kt=\"saveButton\"])[2]"}
COMMAND: POST /session/91c831240bf0af8018f09264486ab218/element/f.D0212D211F1205B79C5F6C51E540BEF2.d.174AB0CE28E8CD71E3F337935164EF7B.e.4670/click - {}
RESULT: {}
COMMAND: GET /session/91c831240bf0af8018f09264486ab218/screenshot - {}
RESULT: {}
COMMAND: POST /session/91c831240bf0af8018f09264486ab218/execute/sync - {"script":"<script> [276 bytes]","args":["Some contract items are having rental validity exceeding header rental validity"]}
RESULT: {"script":"<script> [276 bytes]","args":["Some contract items are having rental validity exceeding header rental validity"]}
COMMAND: POST /session/91c831240bf0af8018f09264486ab218/element - {"using":"xpath","value":"//bdi[contains(text(), \"OK\")]"}
COMMAND: GET /session/91c831240bf0af8018f09264486ab218/screenshot - {}
RESULT: {"using":"xpath","value":"//bdi[contains(text(), \"OK\")]"}
COMMAND: POST /session/91c831240bf0af8018f09264486ab218/element/f.D0212D211F1205B79C5F6C51E540BEF2.d.174AB0CE28E8CD71E3F337935164EF7B.e.4673/click - {}
RESULT: {}
RESULT: {}
COMMAND: GET /session/91c831240bf0af8018f09264486ab218/screenshot - {}
RESULT: {}
COMMAND: POST /session/91c831240bf0af8018f09264486ab218/element - {"using":"xpath","value":"//span[contains(@id ,\"contractItemsSmartTable-header-inner\")]"}
RESULT: {"using":"xpath","value":"//span[contains(@id ,\"contractItemsSmartTable-header-inner\")]"}
COMMAND: POST /session/91c831240bf0af8018f09264486ab218/elements - {"using":"xpath","value":"//span[contains(@id ,\"contractItemsSmartTable-header-inner\")]"}
RESULT: {"using":"xpath","value":"//span[contains(@id ,\"contractItemsSmartTable-header-inner\")]"}
COMMAND: POST /session/91c831240bf0af8018f09264486ab218/execute/sync - {"script":"<script> [56 bytes]","args":[{"element-6066-11e4-a52e-4f735466cecf":"f.D0212D211F1205B79C5F6C51E540BEF2.d.174AB0CE28E8CD71E3F337935164EF7B.e.4679","ELEMENT":"f.D0212D211F1205B79C5F6C51E540BEF2.d.174AB0CE28E8CD71E3F337935164EF7B.e.4679"}]}
RESULT: {"script":"<script> [56 bytes]","args":[{"element-6066-11e4-a52e-4f735466cecf":"f.D0212D211F1205B79C5F6C51E540BEF2.d.174AB0CE28E8CD71E3F337935164EF7B.e.4679","ELEMENT":"f.D0212D211F1205B79C5F6C51E540BEF2.d.174AB0CE28E8CD71E3F337935164EF7B.e.4679"}]}
COMMAND: GET /session/91c831240bf0af8018f09264486ab218/screenshot - {}
]]></system-out>
    </testcase>
    <testcase classname="chrome.136_0_7103_93.windows.Tests_for_Mass_State_Change_on_Manage_States_&amp;_Performances_US104416_US" name="Prereq Should do a provide to site handover for today" time="57.828">
      <system-out><![CDATA[
COMMAND: POST /session/91c831240bf0af8018f09264486ab218/element - {"using":"xpath","value":"//button[@data-kt=\"provideButton\"]"}
RESULT: {}
RESULT: {"using":"xpath","value":"//button[@data-kt=\"provideButton\"]"}
COMMAND: POST /session/91c831240bf0af8018f09264486ab218/element/f.D0212D211F1205B79C5F6C51E540BEF2.d.174AB0CE28E8CD71E3F337935164EF7B.e.4681/click - {}
RESULT: {}
COMMAND: GET /session/91c831240bf0af8018f09264486ab218/screenshot - {}
RESULT: {}
RESULT: undefined
COMMAND: POST /session/91c831240bf0af8018f09264486ab218/execute/async - {"script":"<script> [6424 bytes]","args":[{"element-6066-11e4-a52e-4f735466cecf":"f.D0212D211F1205B79C5F6C51E540BEF2.d.174AB0CE28E8CD71E3F337935164EF7B.e.3586"},"setValue",["5/25/25"]]}
COMMAND: POST /session/91c831240bf0af8018f09264486ab218/execute/async - {"script":"<script> [1562 bytes]","args":[{"selector":{"id":"application-managehandovers-display-component---AddNewHO--dueDate","interaction":{"idSuffix":"inner"}},"wdio_ui5_key":"applicationmanagehandovers-display-component---AddNewHO--dueDate"}]}
RESULT: {"script":"<script> [1562 bytes]","args":[{"selector":{"id":"application-managehandovers-display-component---AddNewHO--dueDate","interaction":{"idSuffix":"inner"}},"wdio_ui5_key":"applicationmanagehandovers-display-component---AddNewHO--dueDate"}]}
COMMAND: POST /session/91c831240bf0af8018f09264486ab218/execute/async - {"script":"<script> [6424 bytes]","args":[{"element-6066-11e4-a52e-4f735466cecf":"f.D0212D211F1205B79C5F6C51E540BEF2.d.174AB0CE28E8CD71E3F337935164EF7B.e.4771"},"setValue",["5/25/25"]]}
RESULT: {"script":"<script> [6424 bytes]","args":[{"element-6066-11e4-a52e-4f735466cecf":"f.D0212D211F1205B79C5F6C51E540BEF2.d.174AB0CE28E8CD71E3F337935164EF7B.e.4771"},"setValue",["5/25/25"]]}
COMMAND: POST /session/91c831240bf0af8018f09264486ab218/element - {"using":"xpath","value":"//bdi[contains(text(), \"Instructions\")]"}
RESULT: {"using":"xpath","value":"//bdi[contains(text(), \"Instructions\")]"}
COMMAND: POST /session/91c831240bf0af8018f09264486ab218/element/f.D0212D211F1205B79C5F6C51E540BEF2.d.174AB0CE28E8CD71E3F337935164EF7B.e.5002/click - {}
RESULT: {}
COMMAND: GET /session/91c831240bf0af8018f09264486ab218/screenshot - {}
RESULT: {}
COMMAND: POST /session/91c831240bf0af8018f09264486ab218/element - {"using":"xpath","value":"//button[@data-kt=\"AddNewHOProvideAddItemsButton\"]"}
RESULT: {"using":"xpath","value":"//button[@data-kt=\"AddNewHOProvideAddItemsButton\"]"}
COMMAND: POST /session/91c831240bf0af8018f09264486ab218/element/f.D0212D211F1205B79C5F6C51E540BEF2.d.174AB0CE28E8CD71E3F337935164EF7B.e.5006/click - {}
RESULT: {}
COMMAND: GET /session/91c831240bf0af8018f09264486ab218/screenshot - {}
RESULT: {}
RESULT: undefined
COMMAND: POST /session/91c831240bf0af8018f09264486ab218/element - {"using":"xpath","value":"//*[@id=\"application-managehandovers-display-component---AddNewHO--popup-sa\"]"}
RESULT: {"using":"xpath","value":"//*[@id=\"application-managehandovers-display-component---AddNewHO--popup-sa\"]"}
COMMAND: POST /session/91c831240bf0af8018f09264486ab218/element/f.D0212D211F1205B79C5F6C51E540BEF2.d.174AB0CE28E8CD71E3F337935164EF7B.e.5015/click - {}
RESULT: {}
COMMAND: GET /session/91c831240bf0af8018f09264486ab218/screenshot - {}
RESULT: {}
COMMAND: POST /session/91c831240bf0af8018f09264486ab218/element - {"using":"xpath","value":"//*[contains(@id ,\"BDI-content\")][contains(text(), \"Select\")]"}
RESULT: {"using":"xpath","value":"//*[contains(@id ,\"BDI-content\")][contains(text(), \"Select\")]"}
COMMAND: POST /session/91c831240bf0af8018f09264486ab218/element/f.D0212D211F1205B79C5F6C51E540BEF2.d.174AB0CE28E8CD71E3F337935164EF7B.e.5017/click - {}
RESULT: {}
COMMAND: GET /session/91c831240bf0af8018f09264486ab218/screenshot - {}
RESULT: {}
COMMAND: POST /session/91c831240bf0af8018f09264486ab218/execute/async - {"script":"<script> [1562 bytes]","args":[{"selector":{"id":"application-managehandovers-display-component---AddNewHO--confirmCreationButton","interaction":{"idSuffix":"BDI-content"}},"wdio_ui5_key":"applicationmanagehandovers-display-component---AddNewHO--confirmCreationButton"}]}
RESULT: {"script":"<script> [1562 bytes]","args":[{"selector":{"id":"application-managehandovers-display-component---AddNewHO--confirmCreationButton","interaction":{"idSuffix":"BDI-content"}},"wdio_ui5_key":"applicationmanagehandovers-display-component---AddNewHO--confirmCreationButton"}]}
RESULT: undefined
COMMAND: POST /session/91c831240bf0af8018f09264486ab218/element - {"using":"xpath","value":"//*[@id=\"application-managehandovers-display-component---AddNewHO--confirmCreationButton\"]"}
RESULT: {"using":"xpath","value":"//*[@id=\"application-managehandovers-display-component---AddNewHO--confirmCreationButton\"]"}
COMMAND: POST /session/91c831240bf0af8018f09264486ab218/element/f.D0212D211F1205B79C5F6C51E540BEF2.d.174AB0CE28E8CD71E3F337935164EF7B.e.4818/click - {}
RESULT: {}
COMMAND: GET /session/91c831240bf0af8018f09264486ab218/screenshot - {}
RESULT: {}
COMMAND: POST /session/91c831240bf0af8018f09264486ab218/execute/async - {"script":"<script> [1562 bytes]","args":[{"selector":{"id":"issueDatePicker","viewName":"etm.portal.ui.managehandovers.view.DetailExecuteHO","interaction":{"idSuffix":"inner"}},"wdio_ui5_key":"issueDatePickeretmportal.ui.managehandovers.view.DetailExecuteHO"}]}
RESULT: {"script":"<script> [1562 bytes]","args":[{"selector":{"id":"issueDatePicker","viewName":"etm.portal.ui.managehandovers.view.DetailExecuteHO","interaction":{"idSuffix":"inner"}},"wdio_ui5_key":"issueDatePickeretmportal.ui.managehandovers.view.DetailExecuteHO"}]}
RESULT: undefined
COMMAND: POST /session/91c831240bf0af8018f09264486ab218/execute/async - {"script":"<script> [776 bytes]","args":[{"enterText":"5/25/25","selector":{"id":"issueDatePicker","viewName":"etm.portal.ui.managehandovers.view.DetailExecuteHO","interaction":{"idSuffix":"inner"}},"clearTextFirst":true,"interactionType":"ENTER_TEXT"}]}
RESULT: {"script":"<script> [776 bytes]","args":[{"enterText":"5/25/25","selector":{"id":"issueDatePicker","viewName":"etm.portal.ui.managehandovers.view.DetailExecuteHO","interaction":{"idSuffix":"inner"}},"clearTextFirst":true,"interactionType":"ENTER_TEXT"}]}
COMMAND: POST /session/91c831240bf0af8018f09264486ab218/element - {"using":"xpath","value":"//button[@data-kt=\"PickingTableConfirmAllButton\"]"}
RESULT: {"using":"xpath","value":"//button[@data-kt=\"PickingTableConfirmAllButton\"]"}
COMMAND: POST /session/91c831240bf0af8018f09264486ab218/element/f.D0212D211F1205B79C5F6C51E540BEF2.d.174AB0CE28E8CD71E3F337935164EF7B.e.5074/click - {}
RESULT: {}
COMMAND: GET /session/91c831240bf0af8018f09264486ab218/screenshot - {}
RESULT: {}
COMMAND: POST /session/91c831240bf0af8018f09264486ab218/element - {"using":"xpath","value":"//bdi[contains(text(), \"OK\")]"}
RESULT: {"using":"xpath","value":"//bdi[contains(text(), \"OK\")]"}
COMMAND: POST /session/91c831240bf0af8018f09264486ab218/element/f.D0212D211F1205B79C5F6C51E540BEF2.d.174AB0CE28E8CD71E3F337935164EF7B.e.5077/click - {}
RESULT: {}
COMMAND: GET /session/91c831240bf0af8018f09264486ab218/screenshot - {}
RESULT: {}
COMMAND: POST /session/91c831240bf0af8018f09264486ab218/element - {"using":"xpath","value":"//bdi[contains(text(), \"Issue\")]"}
RESULT: {"using":"xpath","value":"//bdi[contains(text(), \"Issue\")]"}
COMMAND: POST /session/91c831240bf0af8018f09264486ab218/element/f.D0212D211F1205B79C5F6C51E540BEF2.d.174AB0CE28E8CD71E3F337935164EF7B.e.5079/click - {}
RESULT: {}
COMMAND: GET /session/91c831240bf0af8018f09264486ab218/screenshot - {}
RESULT: {}
COMMAND: POST /session/91c831240bf0af8018f09264486ab218/element - {"using":"css selector","value":"#shell-header-logo"}
RESULT: {"using":"css selector","value":"#shell-header-logo"}
COMMAND: POST /session/91c831240bf0af8018f09264486ab218/element/f.D0212D211F1205B79C5F6C51E540BEF2.d.174AB0CE28E8CD71E3F337935164EF7B.e.4100/click - {}
RESULT: {}
COMMAND: GET /session/91c831240bf0af8018f09264486ab218/screenshot - {}
RESULT: {}
]]></system-out>
    </testcase>
    <testcase classname="chrome.136_0_7103_93.windows.Tests_for_Mass_State_Change_on_Manage_States_&amp;_Performances_US104416_US" name="Should do mass state change on the RU equip multipart 2 days in the future US104416" time="62.019">
      <system-out><![CDATA[
COMMAND: POST /session/91c831240bf0af8018f09264486ab218/execute/async - {"script":"<script> [1562 bytes]","args":[{"selector":{"controlType":"sap.m.GenericTile","properties":{"header":"Manage States & Performance"}},"wdio_ui5_key":"sapm.GenericTile{\"header\":\"Manage States & Performance\"}"}]}
RESULT: {"script":"<script> [1562 bytes]","args":[{"selector":{"controlType":"sap.m.GenericTile","properties":{"header":"Manage States & Performance"}},"wdio_ui5_key":"sapm.GenericTile{\"header\":\"Manage States & Performance\"}"}]}
RESULT: undefined
COMMAND: POST /session/91c831240bf0af8018f09264486ab218/element - {"using":"xpath","value":"//*[@id=\"__tile56\"]"}
RESULT: {"using":"xpath","value":"//*[@id=\"__tile56\"]"}
COMMAND: POST /session/91c831240bf0af8018f09264486ab218/element/f.D0212D211F1205B79C5F6C51E540BEF2.d.174AB0CE28E8CD71E3F337935164EF7B.e.255/click - {}
RESULT: {}
COMMAND: GET /session/91c831240bf0af8018f09264486ab218/screenshot - {}
RESULT: {}
COMMAND: POST /session/91c831240bf0af8018f09264486ab218/elements - {"using":"xpath","value":"//span[text()='Error']"}
RESULT: {"using":"xpath","value":"//span[text()='Error']"}
COMMAND: POST /session/91c831240bf0af8018f09264486ab218/element - {"using":"xpath","value":"//button[contains(@id, \"btnMassStateChange\")]"}
RESULT: {"using":"xpath","value":"//button[contains(@id, \"btnMassStateChange\")]"}
COMMAND: POST /session/91c831240bf0af8018f09264486ab218/elements - {"using":"xpath","value":"//button[contains(@id, \"btnMassStateChange\")]"}
RESULT: {"using":"xpath","value":"//button[contains(@id, \"btnMassStateChange\")]"}
COMMAND: POST /session/91c831240bf0af8018f09264486ab218/execute/sync - {"script":"<script> [8489 bytes]","args":[{"element-6066-11e4-a52e-4f735466cecf":"f.D0212D211F1205B79C5F6C51E540BEF2.d.174AB0CE28E8CD71E3F337935164EF7B.e.5430","ELEMENT":"f.D0212D211F1205B79C5F6C51E540BEF2.d.174AB0CE28E8CD71E3F337935164EF7B.e.5430"}]}
RESULT: {"script":"<script> [8489 bytes]","args":[{"element-6066-11e4-a52e-4f735466cecf":"f.D0212D211F1205B79C5F6C51E540BEF2.d.174AB0CE28E8CD71E3F337935164EF7B.e.5430","ELEMENT":"f.D0212D211F1205B79C5F6C51E540BEF2.d.174AB0CE28E8CD71E3F337935164EF7B.e.5430"}]}
COMMAND: GET /session/91c831240bf0af8018f09264486ab218/element/f.D0212D211F1205B79C5F6C51E540BEF2.d.174AB0CE28E8CD71E3F337935164EF7B.e.5430/enabled - {}
COMMAND: GET /session/91c831240bf0af8018f09264486ab218/screenshot - {}
RESULT: {}
COMMAND: POST /session/91c831240bf0af8018f09264486ab218/execute/sync - {"script":"<script> [8489 bytes]","args":[{"element-6066-11e4-a52e-4f735466cecf":"f.D0212D211F1205B79C5F6C51E540BEF2.d.174AB0CE28E8CD71E3F337935164EF7B.e.5430","ELEMENT":"f.D0212D211F1205B79C5F6C51E540BEF2.d.174AB0CE28E8CD71E3F337935164EF7B.e.5430"}]}
COMMAND: GET /session/91c831240bf0af8018f09264486ab218/screenshot - {}
RESULT: {}
RESULT: {"script":"<script> [8489 bytes]","args":[{"element-6066-11e4-a52e-4f735466cecf":"f.D0212D211F1205B79C5F6C51E540BEF2.d.174AB0CE28E8CD71E3F337935164EF7B.e.5430","ELEMENT":"f.D0212D211F1205B79C5F6C51E540BEF2.d.174AB0CE28E8CD71E3F337935164EF7B.e.5430"}]}
COMMAND: POST /session/91c831240bf0af8018f09264486ab218/execute/sync - {"script":"<script> [5351 bytes]","args":[{"element-6066-11e4-a52e-4f735466cecf":"f.D0212D211F1205B79C5F6C51E540BEF2.d.174AB0CE28E8CD71E3F337935164EF7B.e.5430","ELEMENT":"f.D0212D211F1205B79C5F6C51E540BEF2.d.174AB0CE28E8CD71E3F337935164EF7B.e.5430"}]}
COMMAND: GET /session/91c831240bf0af8018f09264486ab218/screenshot - {}
RESULT: {}
RESULT: {"script":"<script> [5351 bytes]","args":[{"element-6066-11e4-a52e-4f735466cecf":"f.D0212D211F1205B79C5F6C51E540BEF2.d.174AB0CE28E8CD71E3F337935164EF7B.e.5430","ELEMENT":"f.D0212D211F1205B79C5F6C51E540BEF2.d.174AB0CE28E8CD71E3F337935164EF7B.e.5430"}]}
COMMAND: GET /session/91c831240bf0af8018f09264486ab218/screenshot - {}
RESULT: {}
RESULT: {}
COMMAND: POST /session/91c831240bf0af8018f09264486ab218/execute/async - {"script":"<script> [1562 bytes]","args":[{"selector":{"controlType":"sap.ui.core.Icon","viewName":"etm.portal.ui.managestatesandperformance.view.Master","viewId":"application-managestatesandperformance-display-component---stateAndPerform","properties":{"src":{"regex":{"source":"chart\\-table\\-view"}}}},"wdio_ui5_key":"etmportal.ui.managestatesandperformance.view.Mastersap.ui.core.Icon{\"src\":{\"regex\":{\"source\":\"chart\\\\-table\\\\-view\"}}}"}]}
RESULT: {"script":"<script> [1562 bytes]","args":[{"selector":{"controlType":"sap.ui.core.Icon","viewName":"etm.portal.ui.managestatesandperformance.view.Master","viewId":"application-managestatesandperformance-display-component---stateAndPerform","properties":{"src":{"regex":{"source":"chart\\-table\\-view"}}}},"wdio_ui5_key":"etmportal.ui.managestatesandperformance.view.Mastersap.ui.core.Icon{\"src\":{\"regex\":{\"source\":\"chart\\\\-table\\\\-view\"}}}"}]}
RESULT: undefined
COMMAND: POST /session/91c831240bf0af8018f09264486ab218/element - {"using":"xpath","value":"//*[@id=\"__filter61-icon\"]"}
RESULT: {"using":"xpath","value":"//*[@id=\"__filter61-icon\"]"}
COMMAND: POST /session/91c831240bf0af8018f09264486ab218/element/f.D0212D211F1205B79C5F6C51E540BEF2.d.174AB0CE28E8CD71E3F337935164EF7B.e.5433/click - {}
RESULT: {}
COMMAND: POST /session/91c831240bf0af8018f09264486ab218/element/f.D0212D211F1205B79C5F6C51E540BEF2.d.174AB0CE28E8CD71E3F337935164EF7B.e.5430/click - {}
COMMAND: GET /session/91c831240bf0af8018f09264486ab218/screenshot - {}
COMMAND: POST /session/91c831240bf0af8018f09264486ab218/element - {"using":"xpath","value":"//button[contains(@id, \"btnMassStateChange\")]"}
RESULT: {}
RESULT: {"using":"xpath","value":"//button[contains(@id, \"btnMassStateChange\")]"}
COMMAND: POST /session/91c831240bf0af8018f09264486ab218/element/f.D0212D211F1205B79C5F6C51E540BEF2.d.174AB0CE28E8CD71E3F337935164EF7B.e.5430/click - {}
COMMAND: POST /session/91c831240bf0af8018f09264486ab218/element - {"using":"xpath","value":"//button[contains(@id, \"btnMassStateChange\")]"}
RESULT: {"using":"xpath","value":"//button[contains(@id, \"btnMassStateChange\")]"}
COMMAND: POST /session/91c831240bf0af8018f09264486ab218/element/f.D0212D211F1205B79C5F6C51E540BEF2.d.174AB0CE28E8CD71E3F337935164EF7B.e.5450/click - {}
RESULT: {}
COMMAND: GET /session/91c831240bf0af8018f09264486ab218/screenshot - {}
RESULT: {}
COMMAND: POST /session/91c831240bf0af8018f09264486ab218/execute/async - {"script":"<script> [1562 bytes]","args":[{"selector":{"id":"application-managestatesandperformance-display-component---stateAndPerform--smartFilterBarContracts-btnBasicSearch","interaction":{"idSuffix":"I"}},"wdio_ui5_key":"applicationmanagestatesandperformance-display-component---stateAndPerform--smartFilterBarContracts-btnBasicSearch"}]}
RESULT: {"script":"<script> [1562 bytes]","args":[{"selector":{"id":"application-managestatesandperformance-display-component---stateAndPerform--smartFilterBarContracts-btnBasicSearch","interaction":{"idSuffix":"I"}},"wdio_ui5_key":"applicationmanagestatesandperformance-display-component---stateAndPerform--smartFilterBarContracts-btnBasicSearch"}]}
RESULT: undefined
COMMAND: POST /session/91c831240bf0af8018f09264486ab218/execute/async - {"script":"<script> [776 bytes]","args":[{"enterText":"400012","selector":{"id":"application-managestatesandperformance-display-component---stateAndPerform--smartFilterBarContracts-btnBasicSearch","interaction":{"idSuffix":"I"}},"clearTextFirst":true,"interactionType":"ENTER_TEXT"}]}
RESULT: {"script":"<script> [776 bytes]","args":[{"enterText":"400012","selector":{"id":"application-managestatesandperformance-display-component---stateAndPerform--smartFilterBarContracts-btnBasicSearch","interaction":{"idSuffix":"I"}},"clearTextFirst":true,"interactionType":"ENTER_TEXT"}]}
COMMAND: POST /session/91c831240bf0af8018f09264486ab218/actions - {"actions":[{"id":"action14","type":"key","parameters":{},"actions":[{"type":"keyDown","value":""},{"type":"pause","duration":10},{"type":"keyUp","value":""}]}]}
RESULT: {"actions":[{"id":"action14","type":"key","parameters":{},"actions":[{"type":"keyDown","value":""},{"type":"pause","duration":10},{"type":"keyUp","value":""}]}]}
COMMAND: GET /session/91c831240bf0af8018f09264486ab218/screenshot - {}
RESULT: {}
COMMAND: POST /session/91c831240bf0af8018f09264486ab218/element - {"using":"xpath","value":"//span[@id=\"application-managestatesandperformance-display-component---stateAndPerform--stateAndPerformContractItemsSmartTable-header-inner\"]"}
RESULT: {"using":"xpath","value":"//span[@id=\"application-managestatesandperformance-display-component---stateAndPerform--stateAndPerformContractItemsSmartTable-header-inner\"]"}
COMMAND: POST /session/91c831240bf0af8018f09264486ab218/elements - {"using":"xpath","value":"//span[@id=\"application-managestatesandperformance-display-component---stateAndPerform--stateAndPerformContractItemsSmartTable-header-inner\"]"}
RESULT: {"using":"xpath","value":"//span[@id=\"application-managestatesandperformance-display-component---stateAndPerform--stateAndPerformContractItemsSmartTable-header-inner\"]"}
COMMAND: POST /session/91c831240bf0af8018f09264486ab218/execute/sync - {"script":"<script> [56 bytes]","args":[{"element-6066-11e4-a52e-4f735466cecf":"f.D0212D211F1205B79C5F6C51E540BEF2.d.174AB0CE28E8CD71E3F337935164EF7B.e.5619","ELEMENT":"f.D0212D211F1205B79C5F6C51E540BEF2.d.174AB0CE28E8CD71E3F337935164EF7B.e.5619"}]}
RESULT: {"script":"<script> [56 bytes]","args":[{"element-6066-11e4-a52e-4f735466cecf":"f.D0212D211F1205B79C5F6C51E540BEF2.d.174AB0CE28E8CD71E3F337935164EF7B.e.5619","ELEMENT":"f.D0212D211F1205B79C5F6C51E540BEF2.d.174AB0CE28E8CD71E3F337935164EF7B.e.5619"}]}
COMMAND: POST /session/91c831240bf0af8018f09264486ab218/element - {"using":"xpath","value":"//table[contains(@id, \"stateAndPerform--stateAndPerformContractItemsTable-listUl\")]/tbody/tr[1]/td[2]/div/div"}
COMMAND: GET /session/91c831240bf0af8018f09264486ab218/screenshot - {}
RESULT: {"using":"xpath","value":"//table[contains(@id, \"stateAndPerform--stateAndPerformContractItemsTable-listUl\")]/tbody/tr[1]/td[2]/div/div"}
COMMAND: POST /session/91c831240bf0af8018f09264486ab218/element/f.D0212D211F1205B79C5F6C51E540BEF2.d.174AB0CE28E8CD71E3F337935164EF7B.e.5620/click - {}
RESULT: {}
RESULT: {}
COMMAND: GET /session/91c831240bf0af8018f09264486ab218/screenshot - {}
RESULT: {}
COMMAND: POST /session/91c831240bf0af8018f09264486ab218/element/f.D0212D211F1205B79C5F6C51E540BEF2.d.174AB0CE28E8CD71E3F337935164EF7B.e.5450/click - {}
RESULT: {}
COMMAND: GET /session/91c831240bf0af8018f09264486ab218/screenshot - {}
RESULT: {}
COMMAND: POST /session/91c831240bf0af8018f09264486ab218/execute/async - {"script":"<script> [1562 bytes]","args":[{"selector":{"id":"application-managestatesandperformance-display-component---stateAndPerform--ruStateTypes-arrow","searchOpenDialogs":true},"wdio_ui5_key":"applicationmanagestatesandperformance-display-component---stateAndPerform--ruStateTypes-arrow"}]}
RESULT: {"script":"<script> [1562 bytes]","args":[{"selector":{"id":"application-managestatesandperformance-display-component---stateAndPerform--ruStateTypes-arrow","searchOpenDialogs":true},"wdio_ui5_key":"applicationmanagestatesandperformance-display-component---stateAndPerform--ruStateTypes-arrow"}]}
RESULT: undefined
COMMAND: POST /session/91c831240bf0af8018f09264486ab218/element - {"using":"xpath","value":"//*[@id=\"application-managestatesandperformance-display-component---stateAndPerform--ruStateTypes-arrow\"]"}
RESULT: {"using":"xpath","value":"//*[@id=\"application-managestatesandperformance-display-component---stateAndPerform--ruStateTypes-arrow\"]"}
COMMAND: POST /session/91c831240bf0af8018f09264486ab218/element/f.D0212D211F1205B79C5F6C51E540BEF2.d.174AB0CE28E8CD71E3F337935164EF7B.e.5629/click - {}
RESULT: {}
COMMAND: GET /session/91c831240bf0af8018f09264486ab218/screenshot - {}
RESULT: {}
COMMAND: POST /session/91c831240bf0af8018f09264486ab218/element - {"using":"xpath","value":"//li[.//span[text()=\"defect\"]]"}
RESULT: {"using":"xpath","value":"//li[.//span[text()=\"defect\"]]"}
COMMAND: POST /session/91c831240bf0af8018f09264486ab218/element/f.D0212D211F1205B79C5F6C51E540BEF2.d.174AB0CE28E8CD71E3F337935164EF7B.e.5630/click - {}
RESULT: {}
COMMAND: GET /session/91c831240bf0af8018f09264486ab218/screenshot - {}
RESULT: {}
COMMAND: POST /session/91c831240bf0af8018f09264486ab218/execute/async - {"script":"<script> [1562 bytes]","args":[{"selector":{"id":"application-managestatesandperformance-display-component---stateAndPerform--effectiveDate","searchOpenDialogs":true,"interaction":{"idSuffix":"inner"}},"wdio_ui5_key":"applicationmanagestatesandperformance-display-component---stateAndPerform--effectiveDate"}]}
RESULT: {"script":"<script> [1562 bytes]","args":[{"selector":{"id":"application-managestatesandperformance-display-component---stateAndPerform--effectiveDate","searchOpenDialogs":true,"interaction":{"idSuffix":"inner"}},"wdio_ui5_key":"applicationmanagestatesandperformance-display-component---stateAndPerform--effectiveDate"}]}
RESULT: undefined
COMMAND: POST /session/91c831240bf0af8018f09264486ab218/execute/async - {"script":"<script> [776 bytes]","args":[{"enterText":"05/28/25","selector":{"id":"application-managestatesandperformance-display-component---stateAndPerform--effectiveDate","searchOpenDialogs":true,"interaction":{"idSuffix":"inner"}},"clearTextFirst":true,"interactionType":"ENTER_TEXT"}]}
RESULT: {"script":"<script> [776 bytes]","args":[{"enterText":"05/28/25","selector":{"id":"application-managestatesandperformance-display-component---stateAndPerform--effectiveDate","searchOpenDialogs":true,"interaction":{"idSuffix":"inner"}},"clearTextFirst":true,"interactionType":"ENTER_TEXT"}]}
COMMAND: POST /session/91c831240bf0af8018f09264486ab218/element - {"using":"xpath","value":"(//bdi[contains(text(), \"OK\")])[1]"}
RESULT: {"using":"xpath","value":"(//bdi[contains(text(), \"OK\")])[1]"}
COMMAND: POST /session/91c831240bf0af8018f09264486ab218/element/f.D0212D211F1205B79C5F6C51E540BEF2.d.174AB0CE28E8CD71E3F337935164EF7B.e.5633/click - {}
RESULT: {}
COMMAND: GET /session/91c831240bf0af8018f09264486ab218/screenshot - {}
RESULT: {}
COMMAND: POST /session/91c831240bf0af8018f09264486ab218/element - {"using":"xpath","value":"(//bdi[contains(text(), \"OK\")])[2]"}
RESULT: {"using":"xpath","value":"(//bdi[contains(text(), \"OK\")])[2]"}
COMMAND: POST /session/91c831240bf0af8018f09264486ab218/element/f.D0212D211F1205B79C5F6C51E540BEF2.d.174AB0CE28E8CD71E3F337935164EF7B.e.5638/click - {}
RESULT: {}
COMMAND: GET /session/91c831240bf0af8018f09264486ab218/screenshot - {}
RESULT: {}
COMMAND: POST /session/91c831240bf0af8018f09264486ab218/element - {"using":"css selector","value":"#shell-header-logo"}
RESULT: {"using":"css selector","value":"#shell-header-logo"}
COMMAND: POST /session/91c831240bf0af8018f09264486ab218/element/f.D0212D211F1205B79C5F6C51E540BEF2.d.174AB0CE28E8CD71E3F337935164EF7B.e.5366/click - {}
RESULT: {}
COMMAND: GET /session/91c831240bf0af8018f09264486ab218/screenshot - {}
RESULT: {}
COMMAND: DELETE /session/91c831240bf0af8018f09264486ab218 - {}
RESULT: {}
]]></system-out>
    </testcase>
  </testsuite>
</testsuites>