<?xml version="1.0" encoding="UTF-8"?>
<testsuites tests="15" failures="0" errors="0" skipped="0">
  <testsuite timestamp="2025-05-06T05:55:57" time="955.675" tests="9" failures="0" errors="0" skipped="0">
    <properties>
      <property name="specId" value="0" />
      <property name="suiteName" value="Prerequisites &amp; test for yard mass return on Yard Overview US131057" />
      <property name="capabilities" value="chrome.135_0_7049_115.windows" />
      <property name="file" value="file:///D:/a/1/s/test/specs/HTR/yard-mass-return.spec.js" />
    </properties>
    <testcase classname="chrome.135_0_7049_115.windows.Prerequisites_&amp;_test_for_yard_mass_return_on_Yard_Overview_US131057" name="Prereq Should create a new yard used for all following tests" time="126.744">
      <system-out><![CDATA[
COMMAND: POST /session/05d205f2c704c8761cd4c7880ec388f1/window/fullscreen - {}
RESULT: {}
COMMAND: POST /session/05d205f2c704c8761cd4c7880ec388f1/execute/async - {"script":"<script> [1562 bytes]","args":[{"selector":{"controlType":"sap.m.GenericTile","properties":{"header":"Manage Yards"}},"wdio_ui5_key":"sapm.GenericTile{\"header\":\"Manage Yards\"}"}]}
RESULT: {"script":"<script> [1562 bytes]","args":[{"selector":{"controlType":"sap.m.GenericTile","properties":{"header":"Manage Yards"}},"wdio_ui5_key":"sapm.GenericTile{\"header\":\"Manage Yards\"}"}]}
RESULT: undefined
COMMAND: POST /session/05d205f2c704c8761cd4c7880ec388f1/element - {"using":"xpath","value":"//*[@id=\"__tile41\"]"}
RESULT: {"using":"xpath","value":"//*[@id=\"__tile41\"]"}
COMMAND: POST /session/05d205f2c704c8761cd4c7880ec388f1/element/f.78DE901C7A9CD016362FC0FAB4BAF19C.d.52B7D5CCDC5C382B8BA6FBA0B953AA06.e.158/click - {}
RESULT: {}
COMMAND: POST /session/05d205f2c704c8761cd4c7880ec388f1/element - {"using":"xpath","value":"//button[@data-kt=\"addNewYardOverflowToolbarButton\"]"}
COMMAND: GET /session/05d205f2c704c8761cd4c7880ec388f1/screenshot - {}
RESULT: {"using":"xpath","value":"//button[@data-kt=\"addNewYardOverflowToolbarButton\"]"}
COMMAND: POST /session/05d205f2c704c8761cd4c7880ec388f1/elements - {"using":"xpath","value":"//button[@data-kt=\"addNewYardOverflowToolbarButton\"]"}
RESULT: {}
RESULT: {"using":"xpath","value":"//button[@data-kt=\"addNewYardOverflowToolbarButton\"]"}
COMMAND: POST /session/05d205f2c704c8761cd4c7880ec388f1/elements - {"using":"xpath","value":"//button[@data-kt=\"addNewYardOverflowToolbarButton\"]"}
RESULT: {"using":"xpath","value":"//button[@data-kt=\"addNewYardOverflowToolbarButton\"]"}
COMMAND: POST /session/05d205f2c704c8761cd4c7880ec388f1/elements - {"using":"xpath","value":"//button[@data-kt=\"addNewYardOverflowToolbarButton\"]"}
RESULT: {"using":"xpath","value":"//button[@data-kt=\"addNewYardOverflowToolbarButton\"]"}
COMMAND: POST /session/05d205f2c704c8761cd4c7880ec388f1/elements - {"using":"xpath","value":"//button[@data-kt=\"addNewYardOverflowToolbarButton\"]"}
RESULT: {"using":"xpath","value":"//button[@data-kt=\"addNewYardOverflowToolbarButton\"]"}
COMMAND: POST /session/05d205f2c704c8761cd4c7880ec388f1/elements - {"using":"xpath","value":"//button[@data-kt=\"addNewYardOverflowToolbarButton\"]"}
RESULT: {"using":"xpath","value":"//button[@data-kt=\"addNewYardOverflowToolbarButton\"]"}
COMMAND: POST /session/05d205f2c704c8761cd4c7880ec388f1/elements - {"using":"xpath","value":"//button[@data-kt=\"addNewYardOverflowToolbarButton\"]"}
RESULT: {"using":"xpath","value":"//button[@data-kt=\"addNewYardOverflowToolbarButton\"]"}
COMMAND: POST /session/05d205f2c704c8761cd4c7880ec388f1/elements - {"using":"xpath","value":"//button[@data-kt=\"addNewYardOverflowToolbarButton\"]"}
RESULT: {"using":"xpath","value":"//button[@data-kt=\"addNewYardOverflowToolbarButton\"]"}
COMMAND: POST /session/05d205f2c704c8761cd4c7880ec388f1/elements - {"using":"xpath","value":"//button[@data-kt=\"addNewYardOverflowToolbarButton\"]"}
RESULT: {"using":"xpath","value":"//button[@data-kt=\"addNewYardOverflowToolbarButton\"]"}
COMMAND: POST /session/05d205f2c704c8761cd4c7880ec388f1/elements - {"using":"xpath","value":"//button[@data-kt=\"addNewYardOverflowToolbarButton\"]"}
RESULT: {"using":"xpath","value":"//button[@data-kt=\"addNewYardOverflowToolbarButton\"]"}
COMMAND: POST /session/05d205f2c704c8761cd4c7880ec388f1/elements - {"using":"xpath","value":"//button[@data-kt=\"addNewYardOverflowToolbarButton\"]"}
RESULT: {"using":"xpath","value":"//button[@data-kt=\"addNewYardOverflowToolbarButton\"]"}
COMMAND: POST /session/05d205f2c704c8761cd4c7880ec388f1/elements - {"using":"xpath","value":"//button[@data-kt=\"addNewYardOverflowToolbarButton\"]"}
RESULT: {"using":"xpath","value":"//button[@data-kt=\"addNewYardOverflowToolbarButton\"]"}
COMMAND: POST /session/05d205f2c704c8761cd4c7880ec388f1/elements - {"using":"xpath","value":"//button[@data-kt=\"addNewYardOverflowToolbarButton\"]"}
RESULT: {"using":"xpath","value":"//button[@data-kt=\"addNewYardOverflowToolbarButton\"]"}
COMMAND: POST /session/05d205f2c704c8761cd4c7880ec388f1/elements - {"using":"xpath","value":"//button[@data-kt=\"addNewYardOverflowToolbarButton\"]"}
RESULT: {"using":"xpath","value":"//button[@data-kt=\"addNewYardOverflowToolbarButton\"]"}
COMMAND: POST /session/05d205f2c704c8761cd4c7880ec388f1/elements - {"using":"xpath","value":"//button[@data-kt=\"addNewYardOverflowToolbarButton\"]"}
RESULT: {"using":"xpath","value":"//button[@data-kt=\"addNewYardOverflowToolbarButton\"]"}
COMMAND: POST /session/05d205f2c704c8761cd4c7880ec388f1/elements - {"using":"xpath","value":"//button[@data-kt=\"addNewYardOverflowToolbarButton\"]"}
RESULT: {"using":"xpath","value":"//button[@data-kt=\"addNewYardOverflowToolbarButton\"]"}
COMMAND: POST /session/05d205f2c704c8761cd4c7880ec388f1/elements - {"using":"xpath","value":"//button[@data-kt=\"addNewYardOverflowToolbarButton\"]"}
RESULT: {"using":"xpath","value":"//button[@data-kt=\"addNewYardOverflowToolbarButton\"]"}
COMMAND: POST /session/05d205f2c704c8761cd4c7880ec388f1/elements - {"using":"xpath","value":"//button[@data-kt=\"addNewYardOverflowToolbarButton\"]"}
RESULT: {"using":"xpath","value":"//button[@data-kt=\"addNewYardOverflowToolbarButton\"]"}
COMMAND: POST /session/05d205f2c704c8761cd4c7880ec388f1/elements - {"using":"xpath","value":"//button[@data-kt=\"addNewYardOverflowToolbarButton\"]"}
RESULT: {"using":"xpath","value":"//button[@data-kt=\"addNewYardOverflowToolbarButton\"]"}
COMMAND: POST /session/05d205f2c704c8761cd4c7880ec388f1/elements - {"using":"xpath","value":"//button[@data-kt=\"addNewYardOverflowToolbarButton\"]"}
RESULT: {"using":"xpath","value":"//button[@data-kt=\"addNewYardOverflowToolbarButton\"]"}
COMMAND: POST /session/05d205f2c704c8761cd4c7880ec388f1/elements - {"using":"xpath","value":"//button[@data-kt=\"addNewYardOverflowToolbarButton\"]"}
RESULT: {"using":"xpath","value":"//button[@data-kt=\"addNewYardOverflowToolbarButton\"]"}
COMMAND: POST /session/05d205f2c704c8761cd4c7880ec388f1/elements - {"using":"xpath","value":"//button[@data-kt=\"addNewYardOverflowToolbarButton\"]"}
RESULT: {"using":"xpath","value":"//button[@data-kt=\"addNewYardOverflowToolbarButton\"]"}
COMMAND: POST /session/05d205f2c704c8761cd4c7880ec388f1/elements - {"using":"xpath","value":"//button[@data-kt=\"addNewYardOverflowToolbarButton\"]"}
RESULT: {"using":"xpath","value":"//button[@data-kt=\"addNewYardOverflowToolbarButton\"]"}
COMMAND: POST /session/05d205f2c704c8761cd4c7880ec388f1/elements - {"using":"xpath","value":"//button[@data-kt=\"addNewYardOverflowToolbarButton\"]"}
RESULT: {"using":"xpath","value":"//button[@data-kt=\"addNewYardOverflowToolbarButton\"]"}
COMMAND: POST /session/05d205f2c704c8761cd4c7880ec388f1/elements - {"using":"xpath","value":"//button[@data-kt=\"addNewYardOverflowToolbarButton\"]"}
RESULT: {"using":"xpath","value":"//button[@data-kt=\"addNewYardOverflowToolbarButton\"]"}
COMMAND: POST /session/05d205f2c704c8761cd4c7880ec388f1/elements - {"using":"xpath","value":"//button[@data-kt=\"addNewYardOverflowToolbarButton\"]"}
RESULT: {"using":"xpath","value":"//button[@data-kt=\"addNewYardOverflowToolbarButton\"]"}
COMMAND: POST /session/05d205f2c704c8761cd4c7880ec388f1/elements - {"using":"xpath","value":"//button[@data-kt=\"addNewYardOverflowToolbarButton\"]"}
RESULT: {"using":"xpath","value":"//button[@data-kt=\"addNewYardOverflowToolbarButton\"]"}
COMMAND: POST /session/05d205f2c704c8761cd4c7880ec388f1/elements - {"using":"xpath","value":"//button[@data-kt=\"addNewYardOverflowToolbarButton\"]"}
RESULT: {"using":"xpath","value":"//button[@data-kt=\"addNewYardOverflowToolbarButton\"]"}
COMMAND: POST /session/05d205f2c704c8761cd4c7880ec388f1/elements - {"using":"xpath","value":"//button[@data-kt=\"addNewYardOverflowToolbarButton\"]"}
RESULT: {"using":"xpath","value":"//button[@data-kt=\"addNewYardOverflowToolbarButton\"]"}
COMMAND: POST /session/05d205f2c704c8761cd4c7880ec388f1/elements - {"using":"xpath","value":"//button[@data-kt=\"addNewYardOverflowToolbarButton\"]"}
RESULT: {"using":"xpath","value":"//button[@data-kt=\"addNewYardOverflowToolbarButton\"]"}
COMMAND: POST /session/05d205f2c704c8761cd4c7880ec388f1/elements - {"using":"xpath","value":"//button[@data-kt=\"addNewYardOverflowToolbarButton\"]"}
RESULT: {"using":"xpath","value":"//button[@data-kt=\"addNewYardOverflowToolbarButton\"]"}
COMMAND: POST /session/05d205f2c704c8761cd4c7880ec388f1/elements - {"using":"xpath","value":"//button[@data-kt=\"addNewYardOverflowToolbarButton\"]"}
RESULT: {"using":"xpath","value":"//button[@data-kt=\"addNewYardOverflowToolbarButton\"]"}
COMMAND: POST /session/05d205f2c704c8761cd4c7880ec388f1/elements - {"using":"xpath","value":"//button[@data-kt=\"addNewYardOverflowToolbarButton\"]"}
RESULT: {"using":"xpath","value":"//button[@data-kt=\"addNewYardOverflowToolbarButton\"]"}
COMMAND: POST /session/05d205f2c704c8761cd4c7880ec388f1/elements - {"using":"xpath","value":"//button[@data-kt=\"addNewYardOverflowToolbarButton\"]"}
RESULT: {"using":"xpath","value":"//button[@data-kt=\"addNewYardOverflowToolbarButton\"]"}
COMMAND: POST /session/05d205f2c704c8761cd4c7880ec388f1/elements - {"using":"xpath","value":"//button[@data-kt=\"addNewYardOverflowToolbarButton\"]"}
RESULT: {"using":"xpath","value":"//button[@data-kt=\"addNewYardOverflowToolbarButton\"]"}
COMMAND: POST /session/05d205f2c704c8761cd4c7880ec388f1/elements - {"using":"xpath","value":"//button[@data-kt=\"addNewYardOverflowToolbarButton\"]"}
RESULT: {"using":"xpath","value":"//button[@data-kt=\"addNewYardOverflowToolbarButton\"]"}
COMMAND: POST /session/05d205f2c704c8761cd4c7880ec388f1/elements - {"using":"xpath","value":"//button[@data-kt=\"addNewYardOverflowToolbarButton\"]"}
RESULT: {"using":"xpath","value":"//button[@data-kt=\"addNewYardOverflowToolbarButton\"]"}
COMMAND: POST /session/05d205f2c704c8761cd4c7880ec388f1/elements - {"using":"xpath","value":"//button[@data-kt=\"addNewYardOverflowToolbarButton\"]"}
RESULT: {"using":"xpath","value":"//button[@data-kt=\"addNewYardOverflowToolbarButton\"]"}
COMMAND: POST /session/05d205f2c704c8761cd4c7880ec388f1/elements - {"using":"xpath","value":"//button[@data-kt=\"addNewYardOverflowToolbarButton\"]"}
RESULT: {"using":"xpath","value":"//button[@data-kt=\"addNewYardOverflowToolbarButton\"]"}
COMMAND: POST /session/05d205f2c704c8761cd4c7880ec388f1/elements - {"using":"xpath","value":"//button[@data-kt=\"addNewYardOverflowToolbarButton\"]"}
RESULT: {"using":"xpath","value":"//button[@data-kt=\"addNewYardOverflowToolbarButton\"]"}
COMMAND: POST /session/05d205f2c704c8761cd4c7880ec388f1/elements - {"using":"xpath","value":"//button[@data-kt=\"addNewYardOverflowToolbarButton\"]"}
RESULT: {"using":"xpath","value":"//button[@data-kt=\"addNewYardOverflowToolbarButton\"]"}
COMMAND: POST /session/05d205f2c704c8761cd4c7880ec388f1/elements - {"using":"xpath","value":"//button[@data-kt=\"addNewYardOverflowToolbarButton\"]"}
RESULT: {"using":"xpath","value":"//button[@data-kt=\"addNewYardOverflowToolbarButton\"]"}
COMMAND: POST /session/05d205f2c704c8761cd4c7880ec388f1/elements - {"using":"xpath","value":"//button[@data-kt=\"addNewYardOverflowToolbarButton\"]"}
RESULT: {"using":"xpath","value":"//button[@data-kt=\"addNewYardOverflowToolbarButton\"]"}
COMMAND: POST /session/05d205f2c704c8761cd4c7880ec388f1/elements - {"using":"xpath","value":"//button[@data-kt=\"addNewYardOverflowToolbarButton\"]"}
RESULT: {"using":"xpath","value":"//button[@data-kt=\"addNewYardOverflowToolbarButton\"]"}
COMMAND: POST /session/05d205f2c704c8761cd4c7880ec388f1/elements - {"using":"xpath","value":"//button[@data-kt=\"addNewYardOverflowToolbarButton\"]"}
RESULT: {"using":"xpath","value":"//button[@data-kt=\"addNewYardOverflowToolbarButton\"]"}
COMMAND: POST /session/05d205f2c704c8761cd4c7880ec388f1/elements - {"using":"xpath","value":"//button[@data-kt=\"addNewYardOverflowToolbarButton\"]"}
RESULT: {"using":"xpath","value":"//button[@data-kt=\"addNewYardOverflowToolbarButton\"]"}
COMMAND: POST /session/05d205f2c704c8761cd4c7880ec388f1/elements - {"using":"xpath","value":"//button[@data-kt=\"addNewYardOverflowToolbarButton\"]"}
RESULT: {"using":"xpath","value":"//button[@data-kt=\"addNewYardOverflowToolbarButton\"]"}
COMMAND: POST /session/05d205f2c704c8761cd4c7880ec388f1/elements - {"using":"xpath","value":"//button[@data-kt=\"addNewYardOverflowToolbarButton\"]"}
RESULT: {"using":"xpath","value":"//button[@data-kt=\"addNewYardOverflowToolbarButton\"]"}
COMMAND: POST /session/05d205f2c704c8761cd4c7880ec388f1/elements - {"using":"xpath","value":"//button[@data-kt=\"addNewYardOverflowToolbarButton\"]"}
RESULT: {"using":"xpath","value":"//button[@data-kt=\"addNewYardOverflowToolbarButton\"]"}
COMMAND: POST /session/05d205f2c704c8761cd4c7880ec388f1/elements - {"using":"xpath","value":"//button[@data-kt=\"addNewYardOverflowToolbarButton\"]"}
RESULT: {"using":"xpath","value":"//button[@data-kt=\"addNewYardOverflowToolbarButton\"]"}
COMMAND: POST /session/05d205f2c704c8761cd4c7880ec388f1/elements - {"using":"xpath","value":"//button[@data-kt=\"addNewYardOverflowToolbarButton\"]"}
RESULT: {"using":"xpath","value":"//button[@data-kt=\"addNewYardOverflowToolbarButton\"]"}
COMMAND: POST /session/05d205f2c704c8761cd4c7880ec388f1/elements - {"using":"xpath","value":"//button[@data-kt=\"addNewYardOverflowToolbarButton\"]"}
RESULT: {"using":"xpath","value":"//button[@data-kt=\"addNewYardOverflowToolbarButton\"]"}
COMMAND: POST /session/05d205f2c704c8761cd4c7880ec388f1/elements - {"using":"xpath","value":"//button[@data-kt=\"addNewYardOverflowToolbarButton\"]"}
RESULT: {"using":"xpath","value":"//button[@data-kt=\"addNewYardOverflowToolbarButton\"]"}
COMMAND: POST /session/05d205f2c704c8761cd4c7880ec388f1/elements - {"using":"xpath","value":"//button[@data-kt=\"addNewYardOverflowToolbarButton\"]"}
RESULT: {"using":"xpath","value":"//button[@data-kt=\"addNewYardOverflowToolbarButton\"]"}
COMMAND: POST /session/05d205f2c704c8761cd4c7880ec388f1/elements - {"using":"xpath","value":"//button[@data-kt=\"addNewYardOverflowToolbarButton\"]"}
RESULT: {"using":"xpath","value":"//button[@data-kt=\"addNewYardOverflowToolbarButton\"]"}
COMMAND: POST /session/05d205f2c704c8761cd4c7880ec388f1/elements - {"using":"xpath","value":"//button[@data-kt=\"addNewYardOverflowToolbarButton\"]"}
RESULT: {"using":"xpath","value":"//button[@data-kt=\"addNewYardOverflowToolbarButton\"]"}
COMMAND: POST /session/05d205f2c704c8761cd4c7880ec388f1/elements - {"using":"xpath","value":"//button[@data-kt=\"addNewYardOverflowToolbarButton\"]"}
RESULT: {"using":"xpath","value":"//button[@data-kt=\"addNewYardOverflowToolbarButton\"]"}
COMMAND: POST /session/05d205f2c704c8761cd4c7880ec388f1/elements - {"using":"xpath","value":"//button[@data-kt=\"addNewYardOverflowToolbarButton\"]"}
RESULT: {"using":"xpath","value":"//button[@data-kt=\"addNewYardOverflowToolbarButton\"]"}
COMMAND: POST /session/05d205f2c704c8761cd4c7880ec388f1/elements - {"using":"xpath","value":"//button[@data-kt=\"addNewYardOverflowToolbarButton\"]"}
RESULT: {"using":"xpath","value":"//button[@data-kt=\"addNewYardOverflowToolbarButton\"]"}
COMMAND: POST /session/05d205f2c704c8761cd4c7880ec388f1/elements - {"using":"xpath","value":"//button[@data-kt=\"addNewYardOverflowToolbarButton\"]"}
RESULT: {"using":"xpath","value":"//button[@data-kt=\"addNewYardOverflowToolbarButton\"]"}
COMMAND: POST /session/05d205f2c704c8761cd4c7880ec388f1/element - {"using":"xpath","value":"//button[@data-kt=\"addNewYardOverflowToolbarButton\"]"}
RESULT: {"using":"xpath","value":"//button[@data-kt=\"addNewYardOverflowToolbarButton\"]"}
COMMAND: POST /session/05d205f2c704c8761cd4c7880ec388f1/execute/sync - {"script":"<script> [8489 bytes]","args":[{"element-6066-11e4-a52e-4f735466cecf":"f.78DE901C7A9CD016362FC0FAB4BAF19C.d.52B7D5CCDC5C382B8BA6FBA0B953AA06.e.296","ELEMENT":"f.78DE901C7A9CD016362FC0FAB4BAF19C.d.52B7D5CCDC5C382B8BA6FBA0B953AA06.e.296"}]}
RESULT: {"script":"<script> [8489 bytes]","args":[{"element-6066-11e4-a52e-4f735466cecf":"f.78DE901C7A9CD016362FC0FAB4BAF19C.d.52B7D5CCDC5C382B8BA6FBA0B953AA06.e.296","ELEMENT":"f.78DE901C7A9CD016362FC0FAB4BAF19C.d.52B7D5CCDC5C382B8BA6FBA0B953AA06.e.296"}]}
COMMAND: GET /session/05d205f2c704c8761cd4c7880ec388f1/element/f.78DE901C7A9CD016362FC0FAB4BAF19C.d.52B7D5CCDC5C382B8BA6FBA0B953AA06.e.296/enabled - {}
COMMAND: GET /session/05d205f2c704c8761cd4c7880ec388f1/screenshot - {}
RESULT: {}
COMMAND: POST /session/05d205f2c704c8761cd4c7880ec388f1/execute/sync - {"script":"<script> [8489 bytes]","args":[{"element-6066-11e4-a52e-4f735466cecf":"f.78DE901C7A9CD016362FC0FAB4BAF19C.d.52B7D5CCDC5C382B8BA6FBA0B953AA06.e.296","ELEMENT":"f.78DE901C7A9CD016362FC0FAB4BAF19C.d.52B7D5CCDC5C382B8BA6FBA0B953AA06.e.296"}]}
COMMAND: GET /session/05d205f2c704c8761cd4c7880ec388f1/screenshot - {}
RESULT: {}
RESULT: {"script":"<script> [8489 bytes]","args":[{"element-6066-11e4-a52e-4f735466cecf":"f.78DE901C7A9CD016362FC0FAB4BAF19C.d.52B7D5CCDC5C382B8BA6FBA0B953AA06.e.296","ELEMENT":"f.78DE901C7A9CD016362FC0FAB4BAF19C.d.52B7D5CCDC5C382B8BA6FBA0B953AA06.e.296"}]}
COMMAND: POST /session/05d205f2c704c8761cd4c7880ec388f1/execute/sync - {"script":"<script> [5351 bytes]","args":[{"element-6066-11e4-a52e-4f735466cecf":"f.78DE901C7A9CD016362FC0FAB4BAF19C.d.52B7D5CCDC5C382B8BA6FBA0B953AA06.e.296","ELEMENT":"f.78DE901C7A9CD016362FC0FAB4BAF19C.d.52B7D5CCDC5C382B8BA6FBA0B953AA06.e.296"}]}
COMMAND: GET /session/05d205f2c704c8761cd4c7880ec388f1/screenshot - {}
RESULT: {}
RESULT: {"script":"<script> [5351 bytes]","args":[{"element-6066-11e4-a52e-4f735466cecf":"f.78DE901C7A9CD016362FC0FAB4BAF19C.d.52B7D5CCDC5C382B8BA6FBA0B953AA06.e.296","ELEMENT":"f.78DE901C7A9CD016362FC0FAB4BAF19C.d.52B7D5CCDC5C382B8BA6FBA0B953AA06.e.296"}]}
COMMAND: POST /session/05d205f2c704c8761cd4c7880ec388f1/element/f.78DE901C7A9CD016362FC0FAB4BAF19C.d.52B7D5CCDC5C382B8BA6FBA0B953AA06.e.296/click - {}
COMMAND: GET /session/05d205f2c704c8761cd4c7880ec388f1/screenshot - {}
RESULT: {}
RESULT: {}
COMMAND: GET /session/05d205f2c704c8761cd4c7880ec388f1/screenshot - {}
COMMAND: POST /session/05d205f2c704c8761cd4c7880ec388f1/element - {"using":"xpath","value":"//input[@id=\"application-manageyards-display-component---NewYard--yardId-inner\"]"}
RESULT: {}
RESULT: {}
RESULT: {"using":"xpath","value":"//input[@id=\"application-manageyards-display-component---NewYard--yardId-inner\"]"}
COMMAND: POST /session/05d205f2c704c8761cd4c7880ec388f1/element - {"using":"xpath","value":"//input[@id=\"application-manageyards-display-component---NewYard--yardId-inner\"]"}
RESULT: {"using":"xpath","value":"//input[@id=\"application-manageyards-display-component---NewYard--yardId-inner\"]"}
COMMAND: POST /session/05d205f2c704c8761cd4c7880ec388f1/execute/async - {"script":"<script> [1562 bytes]","args":[{"selector":{"id":"application-manageyards-display-component---NewYard--addressDetailDetailsName1","interaction":{"idSuffix":"inner"}},"wdio_ui5_key":"applicationmanageyards-display-component---NewYard--addressDetailDetailsName1"}]}
RESULT: {"script":"<script> [1562 bytes]","args":[{"selector":{"id":"application-manageyards-display-component---NewYard--addressDetailDetailsName1","interaction":{"idSuffix":"inner"}},"wdio_ui5_key":"applicationmanageyards-display-component---NewYard--addressDetailDetailsName1"}]}
RESULT: undefined
COMMAND: POST /session/05d205f2c704c8761cd4c7880ec388f1/execute/async - {"script":"<script> [776 bytes]","args":[{"enterText":"Other Yard WDIO","selector":{"id":"application-manageyards-display-component---NewYard--addressDetailDetailsName1","interaction":{"idSuffix":"inner"}},"clearTextFirst":true,"interactionType":"ENTER_TEXT"}]}
RESULT: {"script":"<script> [776 bytes]","args":[{"enterText":"Other Yard WDIO","selector":{"id":"application-manageyards-display-component---NewYard--addressDetailDetailsName1","interaction":{"idSuffix":"inner"}},"clearTextFirst":true,"interactionType":"ENTER_TEXT"}]}
COMMAND: POST /session/05d205f2c704c8761cd4c7880ec388f1/execute/async - {"script":"<script> [1562 bytes]","args":[{"selector":{"id":"application-manageyards-display-component---NewYard--addressDetailDetailsLanguage-arrow"},"wdio_ui5_key":"applicationmanageyards-display-component---NewYard--addressDetailDetailsLanguage-arrow"}]}
RESULT: {"script":"<script> [1562 bytes]","args":[{"selector":{"id":"application-manageyards-display-component---NewYard--addressDetailDetailsLanguage-arrow"},"wdio_ui5_key":"applicationmanageyards-display-component---NewYard--addressDetailDetailsLanguage-arrow"}]}
RESULT: undefined
COMMAND: POST /session/05d205f2c704c8761cd4c7880ec388f1/element - {"using":"xpath","value":"//*[@id=\"application-manageyards-display-component---NewYard--addressDetailDetailsLanguage-arrow\"]"}
RESULT: {"using":"xpath","value":"//*[@id=\"application-manageyards-display-component---NewYard--addressDetailDetailsLanguage-arrow\"]"}
COMMAND: POST /session/05d205f2c704c8761cd4c7880ec388f1/element/f.78DE901C7A9CD016362FC0FAB4BAF19C.d.52B7D5CCDC5C382B8BA6FBA0B953AA06.e.726/click - {}
RESULT: {}
COMMAND: POST /session/05d205f2c704c8761cd4c7880ec388f1/element - {"using":"xpath","value":"//span[contains(text(), \"English\")]"}
COMMAND: GET /session/05d205f2c704c8761cd4c7880ec388f1/screenshot - {}
RESULT: {"using":"xpath","value":"//span[contains(text(), \"English\")]"}
COMMAND: POST /session/05d205f2c704c8761cd4c7880ec388f1/element/f.78DE901C7A9CD016362FC0FAB4BAF19C.d.52B7D5CCDC5C382B8BA6FBA0B953AA06.e.727/click - {}
RESULT: {}
RESULT: {}
COMMAND: POST /session/05d205f2c704c8761cd4c7880ec388f1/execute/async - {"script":"<script> [1562 bytes]","args":[{"selector":{"id":"application-manageyards-display-component---NewYard--addressDetailDetailsCity1","interaction":{"idSuffix":"inner"}},"wdio_ui5_key":"applicationmanageyards-display-component---NewYard--addressDetailDetailsCity1"}]}
COMMAND: GET /session/05d205f2c704c8761cd4c7880ec388f1/screenshot - {}
RESULT: {"script":"<script> [1562 bytes]","args":[{"selector":{"id":"application-manageyards-display-component---NewYard--addressDetailDetailsCity1","interaction":{"idSuffix":"inner"}},"wdio_ui5_key":"applicationmanageyards-display-component---NewYard--addressDetailDetailsCity1"}]}
RESULT: undefined
COMMAND: POST /session/05d205f2c704c8761cd4c7880ec388f1/execute/async - {"script":"<script> [776 bytes]","args":[{"enterText":"Rosario","selector":{"id":"application-manageyards-display-component---NewYard--addressDetailDetailsCity1","interaction":{"idSuffix":"inner"}},"clearTextFirst":true,"interactionType":"ENTER_TEXT"}]}
RESULT: {}
RESULT: {"script":"<script> [776 bytes]","args":[{"enterText":"Rosario","selector":{"id":"application-manageyards-display-component---NewYard--addressDetailDetailsCity1","interaction":{"idSuffix":"inner"}},"clearTextFirst":true,"interactionType":"ENTER_TEXT"}]}
COMMAND: POST /session/05d205f2c704c8761cd4c7880ec388f1/execute/async - {"script":"<script> [1562 bytes]","args":[{"selector":{"id":"application-manageyards-display-component---NewYard--addressDetailDetailsCountry-arrow"},"wdio_ui5_key":"applicationmanageyards-display-component---NewYard--addressDetailDetailsCountry-arrow"}]}
RESULT: {"script":"<script> [1562 bytes]","args":[{"selector":{"id":"application-manageyards-display-component---NewYard--addressDetailDetailsCountry-arrow"},"wdio_ui5_key":"applicationmanageyards-display-component---NewYard--addressDetailDetailsCountry-arrow"}]}
RESULT: undefined
COMMAND: POST /session/05d205f2c704c8761cd4c7880ec388f1/element - {"using":"xpath","value":"//*[@id=\"application-manageyards-display-component---NewYard--addressDetailDetailsCountry-arrow\"]"}
RESULT: {"using":"xpath","value":"//*[@id=\"application-manageyards-display-component---NewYard--addressDetailDetailsCountry-arrow\"]"}
COMMAND: POST /session/05d205f2c704c8761cd4c7880ec388f1/element/f.78DE901C7A9CD016362FC0FAB4BAF19C.d.52B7D5CCDC5C382B8BA6FBA0B953AA06.e.729/click - {}
RESULT: {}
COMMAND: POST /session/05d205f2c704c8761cd4c7880ec388f1/element - {"using":"xpath","value":"//span[contains(text(), \"Argentina\")]"}
COMMAND: GET /session/05d205f2c704c8761cd4c7880ec388f1/screenshot - {}
RESULT: {"using":"xpath","value":"//span[contains(text(), \"Argentina\")]"}
COMMAND: POST /session/05d205f2c704c8761cd4c7880ec388f1/element/f.78DE901C7A9CD016362FC0FAB4BAF19C.d.52B7D5CCDC5C382B8BA6FBA0B953AA06.e.730/click - {}
RESULT: {}
RESULT: {}
COMMAND: POST /session/05d205f2c704c8761cd4c7880ec388f1/execute/async - {"script":"<script> [1562 bytes]","args":[{"selector":{"id":"application-manageyards-display-component---NewYard--addressEditDetailsCostObjectCstType-arrow"},"wdio_ui5_key":"applicationmanageyards-display-component---NewYard--addressEditDetailsCostObjectCstType-arrow"}]}
COMMAND: GET /session/05d205f2c704c8761cd4c7880ec388f1/screenshot - {}
RESULT: {"script":"<script> [1562 bytes]","args":[{"selector":{"id":"application-manageyards-display-component---NewYard--addressEditDetailsCostObjectCstType-arrow"},"wdio_ui5_key":"applicationmanageyards-display-component---NewYard--addressEditDetailsCostObjectCstType-arrow"}]}
RESULT: undefined
COMMAND: POST /session/05d205f2c704c8761cd4c7880ec388f1/element - {"using":"xpath","value":"//*[@id=\"application-manageyards-display-component---NewYard--addressEditDetailsCostObjectCstType-arrow\"]"}
RESULT: {}
RESULT: {"using":"xpath","value":"//*[@id=\"application-manageyards-display-component---NewYard--addressEditDetailsCostObjectCstType-arrow\"]"}
COMMAND: POST /session/05d205f2c704c8761cd4c7880ec388f1/element/f.78DE901C7A9CD016362FC0FAB4BAF19C.d.52B7D5CCDC5C382B8BA6FBA0B953AA06.e.732/click - {}
RESULT: {}
COMMAND: POST /session/05d205f2c704c8761cd4c7880ec388f1/element - {"using":"xpath","value":"//span[contains(text(), \"Cost Center\")]"}
COMMAND: GET /session/05d205f2c704c8761cd4c7880ec388f1/screenshot - {}
RESULT: {"using":"xpath","value":"//span[contains(text(), \"Cost Center\")]"}
COMMAND: POST /session/05d205f2c704c8761cd4c7880ec388f1/element/f.78DE901C7A9CD016362FC0FAB4BAF19C.d.52B7D5CCDC5C382B8BA6FBA0B953AA06.e.733/click - {}
RESULT: {}
RESULT: {}
COMMAND: GET /session/05d205f2c704c8761cd4c7880ec388f1/screenshot - {}
RESULT: {}
COMMAND: POST /session/05d205f2c704c8761cd4c7880ec388f1/element - {"using":"xpath","value":"//span[@id=\"application-manageyards-display-component---NewYard--addressNewCostObjectCstID-vhi\"]"}
RESULT: {"using":"xpath","value":"//span[@id=\"application-manageyards-display-component---NewYard--addressNewCostObjectCstID-vhi\"]"}
COMMAND: POST /session/05d205f2c704c8761cd4c7880ec388f1/execute/sync - {"script":"<script> [8489 bytes]","args":[{"element-6066-11e4-a52e-4f735466cecf":"f.78DE901C7A9CD016362FC0FAB4BAF19C.d.52B7D5CCDC5C382B8BA6FBA0B953AA06.e.737","ELEMENT":"f.78DE901C7A9CD016362FC0FAB4BAF19C.d.52B7D5CCDC5C382B8BA6FBA0B953AA06.e.737"}]}
RESULT: {"script":"<script> [8489 bytes]","args":[{"element-6066-11e4-a52e-4f735466cecf":"f.78DE901C7A9CD016362FC0FAB4BAF19C.d.52B7D5CCDC5C382B8BA6FBA0B953AA06.e.737","ELEMENT":"f.78DE901C7A9CD016362FC0FAB4BAF19C.d.52B7D5CCDC5C382B8BA6FBA0B953AA06.e.737"}]}
COMMAND: POST /session/05d205f2c704c8761cd4c7880ec388f1/execute/async - {"script":"<script> [1562 bytes]","args":[{"selector":{"id":"application-manageyards-display-component---NewYard--addressNewCostObjectCstID-vhi"},"wdio_ui5_key":"applicationmanageyards-display-component---NewYard--addressNewCostObjectCstID-vhi"}]}
COMMAND: GET /session/05d205f2c704c8761cd4c7880ec388f1/screenshot - {}
RESULT: {"script":"<script> [1562 bytes]","args":[{"selector":{"id":"application-manageyards-display-component---NewYard--addressNewCostObjectCstID-vhi"},"wdio_ui5_key":"applicationmanageyards-display-component---NewYard--addressNewCostObjectCstID-vhi"}]}
RESULT: undefined
COMMAND: POST /session/05d205f2c704c8761cd4c7880ec388f1/element - {"using":"xpath","value":"//*[@id=\"application-manageyards-display-component---NewYard--addressNewCostObjectCstID-vhi\"]"}
RESULT: {}
RESULT: {"using":"xpath","value":"//*[@id=\"application-manageyards-display-component---NewYard--addressNewCostObjectCstID-vhi\"]"}
COMMAND: POST /session/05d205f2c704c8761cd4c7880ec388f1/element/f.78DE901C7A9CD016362FC0FAB4BAF19C.d.52B7D5CCDC5C382B8BA6FBA0B953AA06.e.737/click - {}
RESULT: {}
COMMAND: GET /session/05d205f2c704c8761cd4c7880ec388f1/screenshot - {}
RESULT: {}
COMMAND: POST /session/05d205f2c704c8761cd4c7880ec388f1/execute/async - {"script":"<script> [1562 bytes]","args":[{"selector":{"controlType":"sap.m.SearchField","properties":{"placeholder":"Search"},"searchOpenDialogs":true,"interaction":{"idSuffix":"I"}},"wdio_ui5_key":"sapm.SearchField{\"placeholder\":\"Search\"}"}]}
RESULT: {"script":"<script> [1562 bytes]","args":[{"selector":{"controlType":"sap.m.SearchField","properties":{"placeholder":"Search"},"searchOpenDialogs":true,"interaction":{"idSuffix":"I"}},"wdio_ui5_key":"sapm.SearchField{\"placeholder\":\"Search\"}"}]}
RESULT: undefined
COMMAND: POST /session/05d205f2c704c8761cd4c7880ec388f1/execute/async - {"script":"<script> [776 bytes]","args":[{"enterText":"10001013","selector":{"controlType":"sap.m.SearchField","properties":{"placeholder":"Search"},"searchOpenDialogs":true,"interaction":{"idSuffix":"I"}},"clearTextFirst":true,"interactionType":"ENTER_TEXT"}]}
RESULT: {"script":"<script> [776 bytes]","args":[{"enterText":"10001013","selector":{"controlType":"sap.m.SearchField","properties":{"placeholder":"Search"},"searchOpenDialogs":true,"interaction":{"idSuffix":"I"}},"clearTextFirst":true,"interactionType":"ENTER_TEXT"}]}
COMMAND: POST /session/05d205f2c704c8761cd4c7880ec388f1/actions - {"actions":[{"id":"action1","type":"key","parameters":{},"actions":[{"type":"keyDown","value":"î€‡"},{"type":"pause","duration":10},{"type":"keyUp","value":"î€‡"}]}]}
RESULT: {"actions":[{"id":"action1","type":"key","parameters":{},"actions":[{"type":"keyDown","value":"î€‡"},{"type":"pause","duration":10},{"type":"keyUp","value":"î€‡"}]}]}
COMMAND: GET /session/05d205f2c704c8761cd4c7880ec388f1/screenshot - {}
RESULT: {}
COMMAND: POST /session/05d205f2c704c8761cd4c7880ec388f1/element - {"using":"xpath","value":"//span[contains(text(), \"General Management\")]"}
RESULT: {"using":"xpath","value":"//span[contains(text(), \"General Management\")]"}
COMMAND: POST /session/05d205f2c704c8761cd4c7880ec388f1/element/f.78DE901C7A9CD016362FC0FAB4BAF19C.d.52B7D5CCDC5C382B8BA6FBA0B953AA06.e.746/click - {}
RESULT: {}
COMMAND: GET /session/05d205f2c704c8761cd4c7880ec388f1/screenshot - {}
RESULT: {}
COMMAND: POST /session/05d205f2c704c8761cd4c7880ec388f1/element - {"using":"xpath","value":"//bdi[contains(text(), \"OK\")]"}
RESULT: {"using":"xpath","value":"//bdi[contains(text(), \"OK\")]"}
COMMAND: POST /session/05d205f2c704c8761cd4c7880ec388f1/element/f.78DE901C7A9CD016362FC0FAB4BAF19C.d.52B7D5CCDC5C382B8BA6FBA0B953AA06.e.748/click - {}
RESULT: {}
COMMAND: GET /session/05d205f2c704c8761cd4c7880ec388f1/screenshot - {}
RESULT: {}
COMMAND: POST /session/05d205f2c704c8761cd4c7880ec388f1/execute/async - {"script":"<script> [1562 bytes]","args":[{"selector":{"id":"application-manageyards-display-component---NewYard--addressEditDetailsCurrency-arrow"},"wdio_ui5_key":"applicationmanageyards-display-component---NewYard--addressEditDetailsCurrency-arrow"}]}
RESULT: {"script":"<script> [1562 bytes]","args":[{"selector":{"id":"application-manageyards-display-component---NewYard--addressEditDetailsCurrency-arrow"},"wdio_ui5_key":"applicationmanageyards-display-component---NewYard--addressEditDetailsCurrency-arrow"}]}
RESULT: undefined
COMMAND: POST /session/05d205f2c704c8761cd4c7880ec388f1/element - {"using":"xpath","value":"//*[@id=\"application-manageyards-display-component---NewYard--addressEditDetailsCurrency-arrow\"]"}
RESULT: {"using":"xpath","value":"//*[@id=\"application-manageyards-display-component---NewYard--addressEditDetailsCurrency-arrow\"]"}
COMMAND: POST /session/05d205f2c704c8761cd4c7880ec388f1/element/f.78DE901C7A9CD016362FC0FAB4BAF19C.d.52B7D5CCDC5C382B8BA6FBA0B953AA06.e.751/click - {}
RESULT: {}
COMMAND: POST /session/05d205f2c704c8761cd4c7880ec388f1/element - {"using":"xpath","value":"//span[contains(text(), \"Euro\")]"}
COMMAND: GET /session/05d205f2c704c8761cd4c7880ec388f1/screenshot - {}
RESULT: {"using":"xpath","value":"//span[contains(text(), \"Euro\")]"}
COMMAND: POST /session/05d205f2c704c8761cd4c7880ec388f1/element/f.78DE901C7A9CD016362FC0FAB4BAF19C.d.52B7D5CCDC5C382B8BA6FBA0B953AA06.e.752/click - {}
RESULT: {}
RESULT: {}
COMMAND: POST /session/05d205f2c704c8761cd4c7880ec388f1/execute/async - {"script":"<script> [1562 bytes]","args":[{"selector":{"controlType":"sap.m.Input","viewName":"etm.portal.ui.manageyards.view.New","viewId":"application-manageyards-display-component---NewYard","bindingPath":{"path":"","propertyPath":"/CONTROLLING_AREA","modelName":"NewYardModel"},"interaction":{"idSuffix":"inner"}},"wdio_ui5_key":"etmportal.ui.manageyards.view.Newsap.m.Input{\"path\":\"\",\"propertyPath\":\"/CONTROLLING_AREA\",\"modelName\":\"NewYardModel\"}"}]}
COMMAND: GET /session/05d205f2c704c8761cd4c7880ec388f1/screenshot - {}
RESULT: {"script":"<script> [1562 bytes]","args":[{"selector":{"controlType":"sap.m.Input","viewName":"etm.portal.ui.manageyards.view.New","viewId":"application-manageyards-display-component---NewYard","bindingPath":{"path":"","propertyPath":"/CONTROLLING_AREA","modelName":"NewYardModel"},"interaction":{"idSuffix":"inner"}},"wdio_ui5_key":"etmportal.ui.manageyards.view.Newsap.m.Input{\"path\":\"\",\"propertyPath\":\"/CONTROLLING_AREA\",\"modelName\":\"NewYardModel\"}"}]}
RESULT: undefined
COMMAND: POST /session/05d205f2c704c8761cd4c7880ec388f1/execute/async - {"script":"<script> [776 bytes]","args":[{"enterText":"Z001","selector":{"controlType":"sap.m.Input","viewName":"etm.portal.ui.manageyards.view.New","viewId":"application-manageyards-display-component---NewYard","bindingPath":{"path":"","propertyPath":"/CONTROLLING_AREA","modelName":"NewYardModel"},"interaction":{"idSuffix":"inner"}},"clearTextFirst":true,"interactionType":"ENTER_TEXT"}]}
RESULT: {}
RESULT: {"script":"<script> [776 bytes]","args":[{"enterText":"Z001","selector":{"controlType":"sap.m.Input","viewName":"etm.portal.ui.manageyards.view.New","viewId":"application-manageyards-display-component---NewYard","bindingPath":{"path":"","propertyPath":"/CONTROLLING_AREA","modelName":"NewYardModel"},"interaction":{"idSuffix":"inner"}},"clearTextFirst":true,"interactionType":"ENTER_TEXT"}]}
COMMAND: POST /session/05d205f2c704c8761cd4c7880ec388f1/execute/async - {"script":"<script> [1562 bytes]","args":[{"selector":{"id":"application-manageyards-display-component---NewYard--companyCodeComboBox","interaction":{"idSuffix":"inner"}},"wdio_ui5_key":"applicationmanageyards-display-component---NewYard--companyCodeComboBox"}]}
RESULT: {"script":"<script> [1562 bytes]","args":[{"selector":{"id":"application-manageyards-display-component---NewYard--companyCodeComboBox","interaction":{"idSuffix":"inner"}},"wdio_ui5_key":"applicationmanageyards-display-component---NewYard--companyCodeComboBox"}]}
RESULT: undefined
COMMAND: POST /session/05d205f2c704c8761cd4c7880ec388f1/execute/async - {"script":"<script> [776 bytes]","args":[{"enterText":"1000","selector":{"id":"application-manageyards-display-component---NewYard--companyCodeComboBox","interaction":{"idSuffix":"inner"}},"clearTextFirst":true,"interactionType":"ENTER_TEXT"}]}
RESULT: {"script":"<script> [776 bytes]","args":[{"enterText":"1000","selector":{"id":"application-manageyards-display-component---NewYard--companyCodeComboBox","interaction":{"idSuffix":"inner"}},"clearTextFirst":true,"interactionType":"ENTER_TEXT"}]}
COMMAND: POST /session/05d205f2c704c8761cd4c7880ec388f1/execute/async - {"script":"<script> [1562 bytes]","args":[{"selector":{"controlType":"sap.m.Input","viewName":"etm.portal.ui.manageyards.view.New","viewId":"application-manageyards-display-component---NewYard","bindingPath":{"path":"","propertyPath":"/PLANT","modelName":"NewYardModel"},"interaction":{"idSuffix":"inner"}},"wdio_ui5_key":"etmportal.ui.manageyards.view.Newsap.m.Input{\"path\":\"\",\"propertyPath\":\"/PLANT\",\"modelName\":\"NewYardModel\"}"}]}
RESULT: {"script":"<script> [1562 bytes]","args":[{"selector":{"controlType":"sap.m.Input","viewName":"etm.portal.ui.manageyards.view.New","viewId":"application-manageyards-display-component---NewYard","bindingPath":{"path":"","propertyPath":"/PLANT","modelName":"NewYardModel"},"interaction":{"idSuffix":"inner"}},"wdio_ui5_key":"etmportal.ui.manageyards.view.Newsap.m.Input{\"path\":\"\",\"propertyPath\":\"/PLANT\",\"modelName\":\"NewYardModel\"}"}]}
RESULT: undefined
COMMAND: POST /session/05d205f2c704c8761cd4c7880ec388f1/execute/async - {"script":"<script> [776 bytes]","args":[{"enterText":"1001","selector":{"controlType":"sap.m.Input","viewName":"etm.portal.ui.manageyards.view.New","viewId":"application-manageyards-display-component---NewYard","bindingPath":{"path":"","propertyPath":"/PLANT","modelName":"NewYardModel"},"interaction":{"idSuffix":"inner"}},"clearTextFirst":true,"interactionType":"ENTER_TEXT"}]}
RESULT: {"script":"<script> [776 bytes]","args":[{"enterText":"1001","selector":{"controlType":"sap.m.Input","viewName":"etm.portal.ui.manageyards.view.New","viewId":"application-manageyards-display-component---NewYard","bindingPath":{"path":"","propertyPath":"/PLANT","modelName":"NewYardModel"},"interaction":{"idSuffix":"inner"}},"clearTextFirst":true,"interactionType":"ENTER_TEXT"}]}
COMMAND: POST /session/05d205f2c704c8761cd4c7880ec388f1/execute/async - {"script":"<script> [1562 bytes]","args":[{"selector":{"controlType":"sap.m.Input","viewName":"etm.portal.ui.manageyards.view.New","viewId":"application-manageyards-display-component---NewYard","bindingPath":{"path":"","propertyPath":"/SALES_AREA_VKORG","modelName":"NewYardModel"},"interaction":{"idSuffix":"inner"}},"wdio_ui5_key":"etmportal.ui.manageyards.view.Newsap.m.Input{\"path\":\"\",\"propertyPath\":\"/SALES_AREA_VKORG\",\"modelName\":\"NewYardModel\"}"}]}
RESULT: {"script":"<script> [1562 bytes]","args":[{"selector":{"controlType":"sap.m.Input","viewName":"etm.portal.ui.manageyards.view.New","viewId":"application-manageyards-display-component---NewYard","bindingPath":{"path":"","propertyPath":"/SALES_AREA_VKORG","modelName":"NewYardModel"},"interaction":{"idSuffix":"inner"}},"wdio_ui5_key":"etmportal.ui.manageyards.view.Newsap.m.Input{\"path\":\"\",\"propertyPath\":\"/SALES_AREA_VKORG\",\"modelName\":\"NewYardModel\"}"}]}
RESULT: undefined
COMMAND: POST /session/05d205f2c704c8761cd4c7880ec388f1/execute/async - {"script":"<script> [776 bytes]","args":[{"enterText":"C002","selector":{"controlType":"sap.m.Input","viewName":"etm.portal.ui.manageyards.view.New","viewId":"application-manageyards-display-component---NewYard","bindingPath":{"path":"","propertyPath":"/SALES_AREA_VKORG","modelName":"NewYardModel"},"interaction":{"idSuffix":"inner"}},"clearTextFirst":true,"interactionType":"ENTER_TEXT"}]}
RESULT: {"script":"<script> [776 bytes]","args":[{"enterText":"C002","selector":{"controlType":"sap.m.Input","viewName":"etm.portal.ui.manageyards.view.New","viewId":"application-manageyards-display-component---NewYard","bindingPath":{"path":"","propertyPath":"/SALES_AREA_VKORG","modelName":"NewYardModel"},"interaction":{"idSuffix":"inner"}},"clearTextFirst":true,"interactionType":"ENTER_TEXT"}]}
COMMAND: POST /session/05d205f2c704c8761cd4c7880ec388f1/execute/async - {"script":"<script> [1562 bytes]","args":[{"selector":{"controlType":"sap.m.Input","viewName":"etm.portal.ui.manageyards.view.New","viewId":"application-manageyards-display-component---NewYard","bindingPath":{"path":"","propertyPath":"/SALES_AREA_VTWEG","modelName":"NewYardModel"},"interaction":{"idSuffix":"inner"}},"wdio_ui5_key":"etmportal.ui.manageyards.view.Newsap.m.Input{\"path\":\"\",\"propertyPath\":\"/SALES_AREA_VTWEG\",\"modelName\":\"NewYardModel\"}"}]}
RESULT: {"script":"<script> [1562 bytes]","args":[{"selector":{"controlType":"sap.m.Input","viewName":"etm.portal.ui.manageyards.view.New","viewId":"application-manageyards-display-component---NewYard","bindingPath":{"path":"","propertyPath":"/SALES_AREA_VTWEG","modelName":"NewYardModel"},"interaction":{"idSuffix":"inner"}},"wdio_ui5_key":"etmportal.ui.manageyards.view.Newsap.m.Input{\"path\":\"\",\"propertyPath\":\"/SALES_AREA_VTWEG\",\"modelName\":\"NewYardModel\"}"}]}
RESULT: undefined
COMMAND: POST /session/05d205f2c704c8761cd4c7880ec388f1/execute/async - {"script":"<script> [776 bytes]","args":[{"enterText":"C2","selector":{"controlType":"sap.m.Input","viewName":"etm.portal.ui.manageyards.view.New","viewId":"application-manageyards-display-component---NewYard","bindingPath":{"path":"","propertyPath":"/SALES_AREA_VTWEG","modelName":"NewYardModel"},"interaction":{"idSuffix":"inner"}},"clearTextFirst":true,"interactionType":"ENTER_TEXT"}]}
RESULT: {"script":"<script> [776 bytes]","args":[{"enterText":"C2","selector":{"controlType":"sap.m.Input","viewName":"etm.portal.ui.manageyards.view.New","viewId":"application-manageyards-display-component---NewYard","bindingPath":{"path":"","propertyPath":"/SALES_AREA_VTWEG","modelName":"NewYardModel"},"interaction":{"idSuffix":"inner"}},"clearTextFirst":true,"interactionType":"ENTER_TEXT"}]}
COMMAND: POST /session/05d205f2c704c8761cd4c7880ec388f1/execute/async - {"script":"<script> [1562 bytes]","args":[{"selector":{"controlType":"sap.m.Input","viewName":"etm.portal.ui.manageyards.view.New","viewId":"application-manageyards-display-component---NewYard","bindingPath":{"path":"","propertyPath":"/SALES_AREA_SPART","modelName":"NewYardModel"},"interaction":{"idSuffix":"inner"}},"wdio_ui5_key":"etmportal.ui.manageyards.view.Newsap.m.Input{\"path\":\"\",\"propertyPath\":\"/SALES_AREA_SPART\",\"modelName\":\"NewYardModel\"}"}]}
RESULT: {"script":"<script> [1562 bytes]","args":[{"selector":{"controlType":"sap.m.Input","viewName":"etm.portal.ui.manageyards.view.New","viewId":"application-manageyards-display-component---NewYard","bindingPath":{"path":"","propertyPath":"/SALES_AREA_SPART","modelName":"NewYardModel"},"interaction":{"idSuffix":"inner"}},"wdio_ui5_key":"etmportal.ui.manageyards.view.Newsap.m.Input{\"path\":\"\",\"propertyPath\":\"/SALES_AREA_SPART\",\"modelName\":\"NewYardModel\"}"}]}
RESULT: undefined
COMMAND: POST /session/05d205f2c704c8761cd4c7880ec388f1/execute/async - {"script":"<script> [776 bytes]","args":[{"enterText":"C2","selector":{"controlType":"sap.m.Input","viewName":"etm.portal.ui.manageyards.view.New","viewId":"application-manageyards-display-component---NewYard","bindingPath":{"path":"","propertyPath":"/SALES_AREA_SPART","modelName":"NewYardModel"},"interaction":{"idSuffix":"inner"}},"clearTextFirst":true,"interactionType":"ENTER_TEXT"}]}
RESULT: {"script":"<script> [776 bytes]","args":[{"enterText":"C2","selector":{"controlType":"sap.m.Input","viewName":"etm.portal.ui.manageyards.view.New","viewId":"application-manageyards-display-component---NewYard","bindingPath":{"path":"","propertyPath":"/SALES_AREA_SPART","modelName":"NewYardModel"},"interaction":{"idSuffix":"inner"}},"clearTextFirst":true,"interactionType":"ENTER_TEXT"}]}
COMMAND: POST /session/05d205f2c704c8761cd4c7880ec388f1/execute/async - {"script":"<script> [1562 bytes]","args":[{"selector":{"controlType":"sap.m.Input","viewName":"etm.portal.ui.manageyards.view.New","viewId":"application-manageyards-display-component---NewYard","bindingPath":{"path":"","propertyPath":"/SHIP_POINT","modelName":"NewYardModel"},"interaction":{"idSuffix":"inner"}},"wdio_ui5_key":"etmportal.ui.manageyards.view.Newsap.m.Input{\"path\":\"\",\"propertyPath\":\"/SHIP_POINT\",\"modelName\":\"NewYardModel\"}"}]}
RESULT: {"script":"<script> [1562 bytes]","args":[{"selector":{"controlType":"sap.m.Input","viewName":"etm.portal.ui.manageyards.view.New","viewId":"application-manageyards-display-component---NewYard","bindingPath":{"path":"","propertyPath":"/SHIP_POINT","modelName":"NewYardModel"},"interaction":{"idSuffix":"inner"}},"wdio_ui5_key":"etmportal.ui.manageyards.view.Newsap.m.Input{\"path\":\"\",\"propertyPath\":\"/SHIP_POINT\",\"modelName\":\"NewYardModel\"}"}]}
RESULT: undefined
COMMAND: POST /session/05d205f2c704c8761cd4c7880ec388f1/execute/async - {"script":"<script> [776 bytes]","args":[{"enterText":"1710","selector":{"controlType":"sap.m.Input","viewName":"etm.portal.ui.manageyards.view.New","viewId":"application-manageyards-display-component---NewYard","bindingPath":{"path":"","propertyPath":"/SHIP_POINT","modelName":"NewYardModel"},"interaction":{"idSuffix":"inner"}},"clearTextFirst":true,"interactionType":"ENTER_TEXT"}]}
RESULT: {"script":"<script> [776 bytes]","args":[{"enterText":"1710","selector":{"controlType":"sap.m.Input","viewName":"etm.portal.ui.manageyards.view.New","viewId":"application-manageyards-display-component---NewYard","bindingPath":{"path":"","propertyPath":"/SHIP_POINT","modelName":"NewYardModel"},"interaction":{"idSuffix":"inner"}},"clearTextFirst":true,"interactionType":"ENTER_TEXT"}]}
COMMAND: POST /session/05d205f2c704c8761cd4c7880ec388f1/execute/async - {"script":"<script> [1562 bytes]","args":[{"selector":{"controlType":"sap.m.Input","viewName":"etm.portal.ui.manageyards.view.New","viewId":"application-manageyards-display-component---NewYard","bindingPath":{"path":"","propertyPath":"/DELIVERY_TYPE","modelName":"NewYardModel"},"interaction":{"idSuffix":"inner"}},"wdio_ui5_key":"etmportal.ui.manageyards.view.Newsap.m.Input{\"path\":\"\",\"propertyPath\":\"/DELIVERY_TYPE\",\"modelName\":\"NewYardModel\"}"}]}
RESULT: {"script":"<script> [1562 bytes]","args":[{"selector":{"controlType":"sap.m.Input","viewName":"etm.portal.ui.manageyards.view.New","viewId":"application-manageyards-display-component---NewYard","bindingPath":{"path":"","propertyPath":"/DELIVERY_TYPE","modelName":"NewYardModel"},"interaction":{"idSuffix":"inner"}},"wdio_ui5_key":"etmportal.ui.manageyards.view.Newsap.m.Input{\"path\":\"\",\"propertyPath\":\"/DELIVERY_TYPE\",\"modelName\":\"NewYardModel\"}"}]}
RESULT: undefined
COMMAND: POST /session/05d205f2c704c8761cd4c7880ec388f1/execute/async - {"script":"<script> [776 bytes]","args":[{"enterText":"ZL01","selector":{"controlType":"sap.m.Input","viewName":"etm.portal.ui.manageyards.view.New","viewId":"application-manageyards-display-component---NewYard","bindingPath":{"path":"","propertyPath":"/DELIVERY_TYPE","modelName":"NewYardModel"},"interaction":{"idSuffix":"inner"}},"clearTextFirst":true,"interactionType":"ENTER_TEXT"}]}
RESULT: {"script":"<script> [776 bytes]","args":[{"enterText":"ZL01","selector":{"controlType":"sap.m.Input","viewName":"etm.portal.ui.manageyards.view.New","viewId":"application-manageyards-display-component---NewYard","bindingPath":{"path":"","propertyPath":"/DELIVERY_TYPE","modelName":"NewYardModel"},"interaction":{"idSuffix":"inner"}},"clearTextFirst":true,"interactionType":"ENTER_TEXT"}]}
COMMAND: POST /session/05d205f2c704c8761cd4c7880ec388f1/execute/async - {"script":"<script> [1562 bytes]","args":[{"selector":{"controlType":"sap.m.Input","viewName":"etm.portal.ui.manageyards.view.New","viewId":"application-manageyards-display-component---NewYard","bindingPath":{"path":"","propertyPath":"/AUART","modelName":"NewYardModel"},"interaction":{"idSuffix":"inner"}},"wdio_ui5_key":"etmportal.ui.manageyards.view.Newsap.m.Input{\"path\":\"\",\"propertyPath\":\"/AUART\",\"modelName\":\"NewYardModel\"}"}]}
RESULT: {"script":"<script> [1562 bytes]","args":[{"selector":{"controlType":"sap.m.Input","viewName":"etm.portal.ui.manageyards.view.New","viewId":"application-manageyards-display-component---NewYard","bindingPath":{"path":"","propertyPath":"/AUART","modelName":"NewYardModel"},"interaction":{"idSuffix":"inner"}},"wdio_ui5_key":"etmportal.ui.manageyards.view.Newsap.m.Input{\"path\":\"\",\"propertyPath\":\"/AUART\",\"modelName\":\"NewYardModel\"}"}]}
RESULT: undefined
COMMAND: POST /session/05d205f2c704c8761cd4c7880ec388f1/execute/async - {"script":"<script> [776 bytes]","args":[{"enterText":"TA","selector":{"controlType":"sap.m.Input","viewName":"etm.portal.ui.manageyards.view.New","viewId":"application-manageyards-display-component---NewYard","bindingPath":{"path":"","propertyPath":"/AUART","modelName":"NewYardModel"},"interaction":{"idSuffix":"inner"}},"clearTextFirst":true,"interactionType":"ENTER_TEXT"}]}
RESULT: {"script":"<script> [776 bytes]","args":[{"enterText":"TA","selector":{"controlType":"sap.m.Input","viewName":"etm.portal.ui.manageyards.view.New","viewId":"application-manageyards-display-component---NewYard","bindingPath":{"path":"","propertyPath":"/AUART","modelName":"NewYardModel"},"interaction":{"idSuffix":"inner"}},"clearTextFirst":true,"interactionType":"ENTER_TEXT"}]}
COMMAND: POST /session/05d205f2c704c8761cd4c7880ec388f1/element - {"using":"xpath","value":"//button[@data-kt=\"newYardSaveButton\"]"}
RESULT: {"using":"xpath","value":"//button[@data-kt=\"newYardSaveButton\"]"}
COMMAND: POST /session/05d205f2c704c8761cd4c7880ec388f1/element/f.78DE901C7A9CD016362FC0FAB4BAF19C.d.52B7D5CCDC5C382B8BA6FBA0B953AA06.e.711/click - {}
RESULT: {}
COMMAND: GET /session/05d205f2c704c8761cd4c7880ec388f1/screenshot - {}
RESULT: {}
COMMAND: POST /session/05d205f2c704c8761cd4c7880ec388f1/element - {"using":"xpath","value":"//header[contains(@id, 'ObjectPageLayout-headerTitle')]/div[1]/div[2]/div[1]/span[1]"}
RESULT: {"using":"xpath","value":"//header[contains(@id, 'ObjectPageLayout-headerTitle')]/div[1]/div[2]/div[1]/span[1]"}
COMMAND: POST /session/05d205f2c704c8761cd4c7880ec388f1/elements - {"using":"xpath","value":"//header[contains(@id, 'ObjectPageLayout-headerTitle')]/div[1]/div[2]/div[1]/span[1]"}
RESULT: {"using":"xpath","value":"//header[contains(@id, 'ObjectPageLayout-headerTitle')]/div[1]/div[2]/div[1]/span[1]"}
COMMAND: POST /session/05d205f2c704c8761cd4c7880ec388f1/execute/sync - {"script":"<script> [56 bytes]","args":[{"element-6066-11e4-a52e-4f735466cecf":"f.78DE901C7A9CD016362FC0FAB4BAF19C.d.52B7D5CCDC5C382B8BA6FBA0B953AA06.e.986","ELEMENT":"f.78DE901C7A9CD016362FC0FAB4BAF19C.d.52B7D5CCDC5C382B8BA6FBA0B953AA06.e.986"}]}
RESULT: {"script":"<script> [56 bytes]","args":[{"element-6066-11e4-a52e-4f735466cecf":"f.78DE901C7A9CD016362FC0FAB4BAF19C.d.52B7D5CCDC5C382B8BA6FBA0B953AA06.e.986","ELEMENT":"f.78DE901C7A9CD016362FC0FAB4BAF19C.d.52B7D5CCDC5C382B8BA6FBA0B953AA06.e.986"}]}
COMMAND: GET /session/05d205f2c704c8761cd4c7880ec388f1/screenshot - {}
RESULT: {}
COMMAND: POST /session/05d205f2c704c8761cd4c7880ec388f1/element - {"using":"css selector","value":"#shell-header-logo"}
RESULT: {"using":"css selector","value":"#shell-header-logo"}
COMMAND: POST /session/05d205f2c704c8761cd4c7880ec388f1/element/f.78DE901C7A9CD016362FC0FAB4BAF19C.d.52B7D5CCDC5C382B8BA6FBA0B953AA06.e.265/click - {}
RESULT: {}
COMMAND: GET /session/05d205f2c704c8761cd4c7880ec388f1/screenshot - {}
RESULT: {}
COMMAND: POST /session/05d205f2c704c8761cd4c7880ec388f1/execute/sync - {"script":"<script> [299 bytes]","args":[["getModel","getResource"]]}
RESULT: {"script":"<script> [299 bytes]","args":[["getModel","getResource"]]}
COMMAND: GET /session/05d205f2c704c8761cd4c7880ec388f1/screenshot - {}
]]></system-out>
    </testcase>
    <testcase classname="chrome.135_0_7049_115.windows.Prerequisites_&amp;_test_for_yard_mass_return_on_Yard_Overview_US131057" name="Prereq Should create a new partner" time="150.308">
      <system-out><![CDATA[
COMMAND: POST /session/05d205f2c704c8761cd4c7880ec388f1/window/fullscreen - {}
RESULT: {}
RESULT: {}
COMMAND: POST /session/05d205f2c704c8761cd4c7880ec388f1/execute/async - {"script":"<script> [1562 bytes]","args":[{"selector":{"controlType":"sap.m.GenericTile","properties":{"header":"Manage Partners"}},"wdio_ui5_key":"sapm.GenericTile{\"header\":\"Manage Partners\"}"}]}
RESULT: {"script":"<script> [1562 bytes]","args":[{"selector":{"controlType":"sap.m.GenericTile","properties":{"header":"Manage Partners"}},"wdio_ui5_key":"sapm.GenericTile{\"header\":\"Manage Partners\"}"}]}
RESULT: undefined
COMMAND: POST /session/05d205f2c704c8761cd4c7880ec388f1/element - {"using":"xpath","value":"//*[@id=\"__tile38\"]"}
RESULT: {"using":"xpath","value":"//*[@id=\"__tile38\"]"}
COMMAND: POST /session/05d205f2c704c8761cd4c7880ec388f1/element/f.78DE901C7A9CD016362FC0FAB4BAF19C.d.52B7D5CCDC5C382B8BA6FBA0B953AA06.e.149/click - {}
RESULT: {}
COMMAND: POST /session/05d205f2c704c8761cd4c7880ec388f1/element - {"using":"xpath","value":"//button[@data-kt=\"addButton\"]"}
COMMAND: GET /session/05d205f2c704c8761cd4c7880ec388f1/screenshot - {}
RESULT: {"using":"xpath","value":"//button[@data-kt=\"addButton\"]"}
COMMAND: POST /session/05d205f2c704c8761cd4c7880ec388f1/elements - {"using":"xpath","value":"//button[@data-kt=\"addButton\"]"}
RESULT: {}
RESULT: {"using":"xpath","value":"//button[@data-kt=\"addButton\"]"}
COMMAND: POST /session/05d205f2c704c8761cd4c7880ec388f1/elements - {"using":"xpath","value":"//button[@data-kt=\"addButton\"]"}
RESULT: {"using":"xpath","value":"//button[@data-kt=\"addButton\"]"}
COMMAND: POST /session/05d205f2c704c8761cd4c7880ec388f1/elements - {"using":"xpath","value":"//button[@data-kt=\"addButton\"]"}
RESULT: {"using":"xpath","value":"//button[@data-kt=\"addButton\"]"}
COMMAND: POST /session/05d205f2c704c8761cd4c7880ec388f1/elements - {"using":"xpath","value":"//button[@data-kt=\"addButton\"]"}
RESULT: {"using":"xpath","value":"//button[@data-kt=\"addButton\"]"}
COMMAND: POST /session/05d205f2c704c8761cd4c7880ec388f1/elements - {"using":"xpath","value":"//button[@data-kt=\"addButton\"]"}
RESULT: {"using":"xpath","value":"//button[@data-kt=\"addButton\"]"}
COMMAND: POST /session/05d205f2c704c8761cd4c7880ec388f1/element - {"using":"xpath","value":"//button[@data-kt=\"addButton\"]"}
RESULT: {"using":"xpath","value":"//button[@data-kt=\"addButton\"]"}
COMMAND: POST /session/05d205f2c704c8761cd4c7880ec388f1/execute/sync - {"script":"<script> [8489 bytes]","args":[{"element-6066-11e4-a52e-4f735466cecf":"f.78DE901C7A9CD016362FC0FAB4BAF19C.d.52B7D5CCDC5C382B8BA6FBA0B953AA06.e.1136","ELEMENT":"f.78DE901C7A9CD016362FC0FAB4BAF19C.d.52B7D5CCDC5C382B8BA6FBA0B953AA06.e.1136"}]}
RESULT: {"script":"<script> [8489 bytes]","args":[{"element-6066-11e4-a52e-4f735466cecf":"f.78DE901C7A9CD016362FC0FAB4BAF19C.d.52B7D5CCDC5C382B8BA6FBA0B953AA06.e.1136","ELEMENT":"f.78DE901C7A9CD016362FC0FAB4BAF19C.d.52B7D5CCDC5C382B8BA6FBA0B953AA06.e.1136"}]}
COMMAND: GET /session/05d205f2c704c8761cd4c7880ec388f1/element/f.78DE901C7A9CD016362FC0FAB4BAF19C.d.52B7D5CCDC5C382B8BA6FBA0B953AA06.e.1136/enabled - {}
COMMAND: GET /session/05d205f2c704c8761cd4c7880ec388f1/screenshot - {}
RESULT: {}
COMMAND: POST /session/05d205f2c704c8761cd4c7880ec388f1/execute/sync - {"script":"<script> [8489 bytes]","args":[{"element-6066-11e4-a52e-4f735466cecf":"f.78DE901C7A9CD016362FC0FAB4BAF19C.d.52B7D5CCDC5C382B8BA6FBA0B953AA06.e.1136","ELEMENT":"f.78DE901C7A9CD016362FC0FAB4BAF19C.d.52B7D5CCDC5C382B8BA6FBA0B953AA06.e.1136"}]}
COMMAND: GET /session/05d205f2c704c8761cd4c7880ec388f1/screenshot - {}
RESULT: {}
RESULT: {"script":"<script> [8489 bytes]","args":[{"element-6066-11e4-a52e-4f735466cecf":"f.78DE901C7A9CD016362FC0FAB4BAF19C.d.52B7D5CCDC5C382B8BA6FBA0B953AA06.e.1136","ELEMENT":"f.78DE901C7A9CD016362FC0FAB4BAF19C.d.52B7D5CCDC5C382B8BA6FBA0B953AA06.e.1136"}]}
COMMAND: POST /session/05d205f2c704c8761cd4c7880ec388f1/execute/sync - {"script":"<script> [5351 bytes]","args":[{"element-6066-11e4-a52e-4f735466cecf":"f.78DE901C7A9CD016362FC0FAB4BAF19C.d.52B7D5CCDC5C382B8BA6FBA0B953AA06.e.1136","ELEMENT":"f.78DE901C7A9CD016362FC0FAB4BAF19C.d.52B7D5CCDC5C382B8BA6FBA0B953AA06.e.1136"}]}
COMMAND: GET /session/05d205f2c704c8761cd4c7880ec388f1/screenshot - {}
RESULT: {}
RESULT: {"script":"<script> [5351 bytes]","args":[{"element-6066-11e4-a52e-4f735466cecf":"f.78DE901C7A9CD016362FC0FAB4BAF19C.d.52B7D5CCDC5C382B8BA6FBA0B953AA06.e.1136","ELEMENT":"f.78DE901C7A9CD016362FC0FAB4BAF19C.d.52B7D5CCDC5C382B8BA6FBA0B953AA06.e.1136"}]}
COMMAND: POST /session/05d205f2c704c8761cd4c7880ec388f1/element/f.78DE901C7A9CD016362FC0FAB4BAF19C.d.52B7D5CCDC5C382B8BA6FBA0B953AA06.e.1136/click - {}
COMMAND: GET /session/05d205f2c704c8761cd4c7880ec388f1/screenshot - {}
RESULT: {}
RESULT: {}
COMMAND: GET /session/05d205f2c704c8761cd4c7880ec388f1/screenshot - {}
RESULT: {}
RESULT: {}
COMMAND: POST /session/05d205f2c704c8761cd4c7880ec388f1/execute/async - {"script":"<script> [1562 bytes]","args":[{"selector":{"id":"application-managepartners-display-component---NewPartner--addressDetailDetailsName1","interaction":{"idSuffix":"inner"}},"wdio_ui5_key":"applicationmanagepartners-display-component---NewPartner--addressDetailDetailsName1"}]}
RESULT: {"script":"<script> [1562 bytes]","args":[{"selector":{"id":"application-managepartners-display-component---NewPartner--addressDetailDetailsName1","interaction":{"idSuffix":"inner"}},"wdio_ui5_key":"applicationmanagepartners-display-component---NewPartner--addressDetailDetailsName1"}]}
RESULT: undefined
COMMAND: POST /session/05d205f2c704c8761cd4c7880ec388f1/execute/async - {"script":"<script> [776 bytes]","args":[{"enterText":"Intracompany Partner WDIO","selector":{"id":"application-managepartners-display-component---NewPartner--addressDetailDetailsName1","interaction":{"idSuffix":"inner"}},"clearTextFirst":true,"interactionType":"ENTER_TEXT"}]}
RESULT: {"script":"<script> [776 bytes]","args":[{"enterText":"Intracompany Partner WDIO","selector":{"id":"application-managepartners-display-component---NewPartner--addressDetailDetailsName1","interaction":{"idSuffix":"inner"}},"clearTextFirst":true,"interactionType":"ENTER_TEXT"}]}
COMMAND: POST /session/05d205f2c704c8761cd4c7880ec388f1/execute/async - {"script":"<script> [1562 bytes]","args":[{"selector":{"id":"application-managepartners-display-component---NewPartner--addressDetailDetailsLanguage-arrow"},"wdio_ui5_key":"applicationmanagepartners-display-component---NewPartner--addressDetailDetailsLanguage-arrow"}]}
RESULT: {"script":"<script> [1562 bytes]","args":[{"selector":{"id":"application-managepartners-display-component---NewPartner--addressDetailDetailsLanguage-arrow"},"wdio_ui5_key":"applicationmanagepartners-display-component---NewPartner--addressDetailDetailsLanguage-arrow"}]}
RESULT: undefined
COMMAND: POST /session/05d205f2c704c8761cd4c7880ec388f1/element - {"using":"xpath","value":"//*[@id=\"application-managepartners-display-component---NewPartner--addressDetailDetailsLanguage-arrow\"]"}
RESULT: {"using":"xpath","value":"//*[@id=\"application-managepartners-display-component---NewPartner--addressDetailDetailsLanguage-arrow\"]"}
COMMAND: POST /session/05d205f2c704c8761cd4c7880ec388f1/element/f.78DE901C7A9CD016362FC0FAB4BAF19C.d.52B7D5CCDC5C382B8BA6FBA0B953AA06.e.1632/click - {}
RESULT: {}
COMMAND: POST /session/05d205f2c704c8761cd4c7880ec388f1/element - {"using":"xpath","value":"//span[contains(text(), \"English\")]"}
COMMAND: GET /session/05d205f2c704c8761cd4c7880ec388f1/screenshot - {}
RESULT: {"using":"xpath","value":"//span[contains(text(), \"English\")]"}
COMMAND: POST /session/05d205f2c704c8761cd4c7880ec388f1/element/f.78DE901C7A9CD016362FC0FAB4BAF19C.d.52B7D5CCDC5C382B8BA6FBA0B953AA06.e.1633/click - {}
RESULT: {}
RESULT: {}
COMMAND: GET /session/05d205f2c704c8761cd4c7880ec388f1/screenshot - {}
RESULT: {}
COMMAND: POST /session/05d205f2c704c8761cd4c7880ec388f1/execute/async - {"script":"<script> [1562 bytes]","args":[{"selector":{"id":"application-managepartners-display-component---NewPartner--addressDetailDetailsCity1","interaction":{"idSuffix":"inner"}},"wdio_ui5_key":"applicationmanagepartners-display-component---NewPartner--addressDetailDetailsCity1"}]}
RESULT: {"script":"<script> [1562 bytes]","args":[{"selector":{"id":"application-managepartners-display-component---NewPartner--addressDetailDetailsCity1","interaction":{"idSuffix":"inner"}},"wdio_ui5_key":"applicationmanagepartners-display-component---NewPartner--addressDetailDetailsCity1"}]}
RESULT: undefined
COMMAND: POST /session/05d205f2c704c8761cd4c7880ec388f1/execute/async - {"script":"<script> [776 bytes]","args":[{"enterText":"Rosario","selector":{"id":"application-managepartners-display-component---NewPartner--addressDetailDetailsCity1","interaction":{"idSuffix":"inner"}},"clearTextFirst":true,"interactionType":"ENTER_TEXT"}]}
RESULT: {"script":"<script> [776 bytes]","args":[{"enterText":"Rosario","selector":{"id":"application-managepartners-display-component---NewPartner--addressDetailDetailsCity1","interaction":{"idSuffix":"inner"}},"clearTextFirst":true,"interactionType":"ENTER_TEXT"}]}
COMMAND: POST /session/05d205f2c704c8761cd4c7880ec388f1/execute/async - {"script":"<script> [1562 bytes]","args":[{"selector":{"id":"application-managepartners-display-component---NewPartner--addressDetailDetailsCountry-arrow"},"wdio_ui5_key":"applicationmanagepartners-display-component---NewPartner--addressDetailDetailsCountry-arrow"}]}
RESULT: {"script":"<script> [1562 bytes]","args":[{"selector":{"id":"application-managepartners-display-component---NewPartner--addressDetailDetailsCountry-arrow"},"wdio_ui5_key":"applicationmanagepartners-display-component---NewPartner--addressDetailDetailsCountry-arrow"}]}
RESULT: undefined
COMMAND: POST /session/05d205f2c704c8761cd4c7880ec388f1/element - {"using":"xpath","value":"//*[@id=\"application-managepartners-display-component---NewPartner--addressDetailDetailsCountry-arrow\"]"}
RESULT: {"using":"xpath","value":"//*[@id=\"application-managepartners-display-component---NewPartner--addressDetailDetailsCountry-arrow\"]"}
COMMAND: POST /session/05d205f2c704c8761cd4c7880ec388f1/element/f.78DE901C7A9CD016362FC0FAB4BAF19C.d.52B7D5CCDC5C382B8BA6FBA0B953AA06.e.1456/click - {}
RESULT: {}
COMMAND: POST /session/05d205f2c704c8761cd4c7880ec388f1/element - {"using":"xpath","value":"//span[contains(text(), \"Argentina\")]"}
COMMAND: GET /session/05d205f2c704c8761cd4c7880ec388f1/screenshot - {}
RESULT: {"using":"xpath","value":"//span[contains(text(), \"Argentina\")]"}
COMMAND: POST /session/05d205f2c704c8761cd4c7880ec388f1/element/f.78DE901C7A9CD016362FC0FAB4BAF19C.d.52B7D5CCDC5C382B8BA6FBA0B953AA06.e.1635/click - {}
RESULT: {}
RESULT: {}
COMMAND: GET /session/05d205f2c704c8761cd4c7880ec388f1/screenshot - {}
RESULT: {}
COMMAND: POST /session/05d205f2c704c8761cd4c7880ec388f1/element - {"using":"xpath","value":"//bdi[contains(text(), \"Commercial\")]"}
RESULT: {"using":"xpath","value":"//bdi[contains(text(), \"Commercial\")]"}
COMMAND: POST /session/05d205f2c704c8761cd4c7880ec388f1/element/f.78DE901C7A9CD016362FC0FAB4BAF19C.d.52B7D5CCDC5C382B8BA6FBA0B953AA06.e.1636/click - {}
RESULT: {}
COMMAND: GET /session/05d205f2c704c8761cd4c7880ec388f1/screenshot - {}
RESULT: {}
COMMAND: POST /session/05d205f2c704c8761cd4c7880ec388f1/execute/async - {"script":"<script> [1562 bytes]","args":[{"selector":{"id":"application-managepartners-display-component---NewPartner--partnerDetailInternal-arrow"},"wdio_ui5_key":"applicationmanagepartners-display-component---NewPartner--partnerDetailInternal-arrow"}]}
RESULT: {"script":"<script> [1562 bytes]","args":[{"selector":{"id":"application-managepartners-display-component---NewPartner--partnerDetailInternal-arrow"},"wdio_ui5_key":"applicationmanagepartners-display-component---NewPartner--partnerDetailInternal-arrow"}]}
RESULT: undefined
COMMAND: POST /session/05d205f2c704c8761cd4c7880ec388f1/element - {"using":"xpath","value":"//*[@id=\"application-managepartners-display-component---NewPartner--partnerDetailInternal-arrow\"]"}
RESULT: {"using":"xpath","value":"//*[@id=\"application-managepartners-display-component---NewPartner--partnerDetailInternal-arrow\"]"}
COMMAND: POST /session/05d205f2c704c8761cd4c7880ec388f1/element/f.78DE901C7A9CD016362FC0FAB4BAF19C.d.52B7D5CCDC5C382B8BA6FBA0B953AA06.e.1642/click - {}
RESULT: {}
COMMAND: POST /session/05d205f2c704c8761cd4c7880ec388f1/element - {"using":"xpath","value":"//span[contains(text(), \"Affiliated company\")]"}
COMMAND: GET /session/05d205f2c704c8761cd4c7880ec388f1/screenshot - {}
RESULT: {"using":"xpath","value":"//span[contains(text(), \"Affiliated company\")]"}
COMMAND: POST /session/05d205f2c704c8761cd4c7880ec388f1/element/f.78DE901C7A9CD016362FC0FAB4BAF19C.d.52B7D5CCDC5C382B8BA6FBA0B953AA06.e.1643/click - {}
RESULT: {}
RESULT: {}
COMMAND: POST /session/05d205f2c704c8761cd4c7880ec388f1/execute/async - {"script":"<script> [1562 bytes]","args":[{"selector":{"id":"application-managepartners-display-component---NewPartner--partnerDetailsCurrency-arrow"},"wdio_ui5_key":"applicationmanagepartners-display-component---NewPartner--partnerDetailsCurrency-arrow"}]}
COMMAND: GET /session/05d205f2c704c8761cd4c7880ec388f1/screenshot - {}
RESULT: {"script":"<script> [1562 bytes]","args":[{"selector":{"id":"application-managepartners-display-component---NewPartner--partnerDetailsCurrency-arrow"},"wdio_ui5_key":"applicationmanagepartners-display-component---NewPartner--partnerDetailsCurrency-arrow"}]}
RESULT: undefined
COMMAND: POST /session/05d205f2c704c8761cd4c7880ec388f1/element - {"using":"xpath","value":"//*[@id=\"application-managepartners-display-component---NewPartner--partnerDetailsCurrency-arrow\"]"}
RESULT: {}
RESULT: {"using":"xpath","value":"//*[@id=\"application-managepartners-display-component---NewPartner--partnerDetailsCurrency-arrow\"]"}
COMMAND: POST /session/05d205f2c704c8761cd4c7880ec388f1/element/f.78DE901C7A9CD016362FC0FAB4BAF19C.d.52B7D5CCDC5C382B8BA6FBA0B953AA06.e.1650/click - {}
RESULT: {}
COMMAND: POST /session/05d205f2c704c8761cd4c7880ec388f1/element - {"using":"xpath","value":"//span[contains(text(), \"Euro\")]"}
COMMAND: GET /session/05d205f2c704c8761cd4c7880ec388f1/screenshot - {}
RESULT: {"using":"xpath","value":"//span[contains(text(), \"Euro\")]"}
COMMAND: POST /session/05d205f2c704c8761cd4c7880ec388f1/element/f.78DE901C7A9CD016362FC0FAB4BAF19C.d.52B7D5CCDC5C382B8BA6FBA0B953AA06.e.1651/click - {}
RESULT: {}
RESULT: {}
COMMAND: POST /session/05d205f2c704c8761cd4c7880ec388f1/execute/async - {"script":"<script> [1562 bytes]","args":[{"selector":{"id":"application-managepartners-display-component---NewPartner--addressEditDetailsCostObjectCstType-arrow"},"wdio_ui5_key":"applicationmanagepartners-display-component---NewPartner--addressEditDetailsCostObjectCstType-arrow"}]}
COMMAND: GET /session/05d205f2c704c8761cd4c7880ec388f1/screenshot - {}
RESULT: {"script":"<script> [1562 bytes]","args":[{"selector":{"id":"application-managepartners-display-component---NewPartner--addressEditDetailsCostObjectCstType-arrow"},"wdio_ui5_key":"applicationmanagepartners-display-component---NewPartner--addressEditDetailsCostObjectCstType-arrow"}]}
RESULT: undefined
COMMAND: POST /session/05d205f2c704c8761cd4c7880ec388f1/element - {"using":"xpath","value":"//*[@id=\"application-managepartners-display-component---NewPartner--addressEditDetailsCostObjectCstType-arrow\"]"}
RESULT: {}
RESULT: {"using":"xpath","value":"//*[@id=\"application-managepartners-display-component---NewPartner--addressEditDetailsCostObjectCstType-arrow\"]"}
COMMAND: POST /session/05d205f2c704c8761cd4c7880ec388f1/element/f.78DE901C7A9CD016362FC0FAB4BAF19C.d.52B7D5CCDC5C382B8BA6FBA0B953AA06.e.1652/click - {}
RESULT: {}
COMMAND: POST /session/05d205f2c704c8761cd4c7880ec388f1/element - {"using":"xpath","value":"//span[contains(text(), \"Cost Center\")]"}
COMMAND: GET /session/05d205f2c704c8761cd4c7880ec388f1/screenshot - {}
RESULT: {"using":"xpath","value":"//span[contains(text(), \"Cost Center\")]"}
COMMAND: POST /session/05d205f2c704c8761cd4c7880ec388f1/element/f.78DE901C7A9CD016362FC0FAB4BAF19C.d.52B7D5CCDC5C382B8BA6FBA0B953AA06.e.1653/click - {}
RESULT: {}
RESULT: {}
COMMAND: GET /session/05d205f2c704c8761cd4c7880ec388f1/screenshot - {}
RESULT: {}
COMMAND: POST /session/05d205f2c704c8761cd4c7880ec388f1/element - {"using":"xpath","value":"//span[@id=\"application-managepartners-display-component---NewPartner--addressNewCostObjectCstID-vhi\"]"}
RESULT: {"using":"xpath","value":"//span[@id=\"application-managepartners-display-component---NewPartner--addressNewCostObjectCstID-vhi\"]"}
COMMAND: POST /session/05d205f2c704c8761cd4c7880ec388f1/execute/sync - {"script":"<script> [8489 bytes]","args":[{"element-6066-11e4-a52e-4f735466cecf":"f.78DE901C7A9CD016362FC0FAB4BAF19C.d.52B7D5CCDC5C382B8BA6FBA0B953AA06.e.1657","ELEMENT":"f.78DE901C7A9CD016362FC0FAB4BAF19C.d.52B7D5CCDC5C382B8BA6FBA0B953AA06.e.1657"}]}
RESULT: {"script":"<script> [8489 bytes]","args":[{"element-6066-11e4-a52e-4f735466cecf":"f.78DE901C7A9CD016362FC0FAB4BAF19C.d.52B7D5CCDC5C382B8BA6FBA0B953AA06.e.1657","ELEMENT":"f.78DE901C7A9CD016362FC0FAB4BAF19C.d.52B7D5CCDC5C382B8BA6FBA0B953AA06.e.1657"}]}
COMMAND: POST /session/05d205f2c704c8761cd4c7880ec388f1/execute/async - {"script":"<script> [1562 bytes]","args":[{"selector":{"id":"application-managepartners-display-component---NewPartner--addressNewCostObjectCstID-vhi"},"wdio_ui5_key":"applicationmanagepartners-display-component---NewPartner--addressNewCostObjectCstID-vhi"}]}
COMMAND: GET /session/05d205f2c704c8761cd4c7880ec388f1/screenshot - {}
RESULT: {"script":"<script> [1562 bytes]","args":[{"selector":{"id":"application-managepartners-display-component---NewPartner--addressNewCostObjectCstID-vhi"},"wdio_ui5_key":"applicationmanagepartners-display-component---NewPartner--addressNewCostObjectCstID-vhi"}]}
RESULT: undefined
COMMAND: POST /session/05d205f2c704c8761cd4c7880ec388f1/element - {"using":"xpath","value":"//*[@id=\"application-managepartners-display-component---NewPartner--addressNewCostObjectCstID-vhi\"]"}
RESULT: {}
RESULT: {"using":"xpath","value":"//*[@id=\"application-managepartners-display-component---NewPartner--addressNewCostObjectCstID-vhi\"]"}
COMMAND: POST /session/05d205f2c704c8761cd4c7880ec388f1/element/f.78DE901C7A9CD016362FC0FAB4BAF19C.d.52B7D5CCDC5C382B8BA6FBA0B953AA06.e.1657/click - {}
RESULT: {}
COMMAND: GET /session/05d205f2c704c8761cd4c7880ec388f1/screenshot - {}
RESULT: {}
RESULT: undefined
COMMAND: POST /session/05d205f2c704c8761cd4c7880ec388f1/execute/async - {"script":"<script> [776 bytes]","args":[{"enterText":"10001013","selector":{"controlType":"sap.m.SearchField","properties":{"placeholder":"Search"},"searchOpenDialogs":true,"interaction":{"idSuffix":"I"}},"clearTextFirst":true,"interactionType":"ENTER_TEXT"}]}
RESULT: {"script":"<script> [776 bytes]","args":[{"enterText":"10001013","selector":{"controlType":"sap.m.SearchField","properties":{"placeholder":"Search"},"searchOpenDialogs":true,"interaction":{"idSuffix":"I"}},"clearTextFirst":true,"interactionType":"ENTER_TEXT"}]}
COMMAND: POST /session/05d205f2c704c8761cd4c7880ec388f1/actions - {"actions":[{"id":"action2","type":"key","parameters":{},"actions":[{"type":"keyDown","value":"î€‡"},{"type":"pause","duration":10},{"type":"keyUp","value":"î€‡"}]}]}
RESULT: {"actions":[{"id":"action2","type":"key","parameters":{},"actions":[{"type":"keyDown","value":"î€‡"},{"type":"pause","duration":10},{"type":"keyUp","value":"î€‡"}]}]}
COMMAND: GET /session/05d205f2c704c8761cd4c7880ec388f1/screenshot - {}
RESULT: {}
COMMAND: POST /session/05d205f2c704c8761cd4c7880ec388f1/element - {"using":"xpath","value":"//span[contains(text(), \"General Management\")]"}
RESULT: {"using":"xpath","value":"//span[contains(text(), \"General Management\")]"}
COMMAND: POST /session/05d205f2c704c8761cd4c7880ec388f1/element/f.78DE901C7A9CD016362FC0FAB4BAF19C.d.52B7D5CCDC5C382B8BA6FBA0B953AA06.e.1696/click - {}
RESULT: {}
COMMAND: GET /session/05d205f2c704c8761cd4c7880ec388f1/screenshot - {}
RESULT: {}
COMMAND: POST /session/05d205f2c704c8761cd4c7880ec388f1/element - {"using":"xpath","value":"//bdi[contains(text(), \"OK\")]"}
RESULT: {"using":"xpath","value":"//bdi[contains(text(), \"OK\")]"}
COMMAND: POST /session/05d205f2c704c8761cd4c7880ec388f1/element/f.78DE901C7A9CD016362FC0FAB4BAF19C.d.52B7D5CCDC5C382B8BA6FBA0B953AA06.e.1697/click - {}
RESULT: {}
COMMAND: GET /session/05d205f2c704c8761cd4c7880ec388f1/screenshot - {}
RESULT: {}
COMMAND: POST /session/05d205f2c704c8761cd4c7880ec388f1/element - {"using":"xpath","value":"//input[@id=\"application-managepartners-display-component---NewPartner--companyCodeComboBox-inner\"]"}
RESULT: {"using":"xpath","value":"//input[@id=\"application-managepartners-display-component---NewPartner--companyCodeComboBox-inner\"]"}
COMMAND: POST /session/05d205f2c704c8761cd4c7880ec388f1/element/f.78DE901C7A9CD016362FC0FAB4BAF19C.d.52B7D5CCDC5C382B8BA6FBA0B953AA06.e.1593/clear - {}
RESULT: {}
COMMAND: POST /session/05d205f2c704c8761cd4c7880ec388f1/element/f.78DE901C7A9CD016362FC0FAB4BAF19C.d.52B7D5CCDC5C382B8BA6FBA0B953AA06.e.1593/value - {"text":"1000"}
COMMAND: GET /session/05d205f2c704c8761cd4c7880ec388f1/screenshot - {}
RESULT: {"text":"1000"}
COMMAND: GET /session/05d205f2c704c8761cd4c7880ec388f1/screenshot - {}
RESULT: {}
RESULT: {}
COMMAND: POST /session/05d205f2c704c8761cd4c7880ec388f1/element - {"using":"xpath","value":"//span[contains(text(), \"1000\")]"}
RESULT: {"using":"xpath","value":"//span[contains(text(), \"1000\")]"}
COMMAND: POST /session/05d205f2c704c8761cd4c7880ec388f1/element/f.78DE901C7A9CD016362FC0FAB4BAF19C.d.52B7D5CCDC5C382B8BA6FBA0B953AA06.e.1703/click - {}
RESULT: {}
COMMAND: GET /session/05d205f2c704c8761cd4c7880ec388f1/screenshot - {}
RESULT: {}
COMMAND: POST /session/05d205f2c704c8761cd4c7880ec388f1/execute/async - {"script":"<script> [1562 bytes]","args":[{"selector":{"id":"application-managepartners-display-component---NewPartner--btnAddTableRow-img"},"wdio_ui5_key":"applicationmanagepartners-display-component---NewPartner--btnAddTableRow-img"}]}
RESULT: {"script":"<script> [1562 bytes]","args":[{"selector":{"id":"application-managepartners-display-component---NewPartner--btnAddTableRow-img"},"wdio_ui5_key":"applicationmanagepartners-display-component---NewPartner--btnAddTableRow-img"}]}
RESULT: undefined
COMMAND: POST /session/05d205f2c704c8761cd4c7880ec388f1/element - {"using":"xpath","value":"//*[@id=\"application-managepartners-display-component---NewPartner--btnAddTableRow-img\"]"}
RESULT: {"using":"xpath","value":"//*[@id=\"application-managepartners-display-component---NewPartner--btnAddTableRow-img\"]"}
COMMAND: POST /session/05d205f2c704c8761cd4c7880ec388f1/element/f.78DE901C7A9CD016362FC0FAB4BAF19C.d.52B7D5CCDC5C382B8BA6FBA0B953AA06.e.1704/click - {}
RESULT: {}
COMMAND: GET /session/05d205f2c704c8761cd4c7880ec388f1/screenshot - {}
RESULT: {}
COMMAND: POST /session/05d205f2c704c8761cd4c7880ec388f1/element - {"using":"xpath","value":"//input[@id=\"application-managepartners-display-component---NewPartner--assignmentYard-application-managepartners-display-component---NewPartner--assignmentsTable-0-inner\"]"}
RESULT: {"using":"xpath","value":"//input[@id=\"application-managepartners-display-component---NewPartner--assignmentYard-application-managepartners-display-component---NewPartner--assignmentsTable-0-inner\"]"}
COMMAND: POST /session/05d205f2c704c8761cd4c7880ec388f1/element/f.78DE901C7A9CD016362FC0FAB4BAF19C.d.52B7D5CCDC5C382B8BA6FBA0B953AA06.e.1707/clear - {}
RESULT: {}
COMMAND: POST /session/05d205f2c704c8761cd4c7880ec388f1/element/f.78DE901C7A9CD016362FC0FAB4BAF19C.d.52B7D5CCDC5C382B8BA6FBA0B953AA06.e.1707/value - {"text":"618"}
COMMAND: GET /session/05d205f2c704c8761cd4c7880ec388f1/screenshot - {}
RESULT: {"text":"618"}
COMMAND: GET /session/05d205f2c704c8761cd4c7880ec388f1/screenshot - {}
RESULT: {}
RESULT: {}
COMMAND: POST /session/05d205f2c704c8761cd4c7880ec388f1/element - {"using":"xpath","value":"//li[.//span[text()='618']]"}
RESULT: {"using":"xpath","value":"//li[.//span[text()='618']]"}
COMMAND: POST /session/05d205f2c704c8761cd4c7880ec388f1/element/f.78DE901C7A9CD016362FC0FAB4BAF19C.d.52B7D5CCDC5C382B8BA6FBA0B953AA06.e.1716/click - {}
RESULT: {}
COMMAND: GET /session/05d205f2c704c8761cd4c7880ec388f1/screenshot - {}
RESULT: {}
COMMAND: POST /session/05d205f2c704c8761cd4c7880ec388f1/actions - {"actions":[{"id":"action3","type":"key","parameters":{},"actions":[{"type":"keyDown","value":"î€‡"},{"type":"pause","duration":10},{"type":"keyUp","value":"î€‡"}]}]}
RESULT: {"actions":[{"id":"action3","type":"key","parameters":{},"actions":[{"type":"keyDown","value":"î€‡"},{"type":"pause","duration":10},{"type":"keyUp","value":"î€‡"}]}]}
COMMAND: POST /session/05d205f2c704c8761cd4c7880ec388f1/execute/async - {"script":"<script> [1562 bytes]","args":[{"selector":{"id":"application-managepartners-display-component---NewPartner--externalCustomerComboBox-application-managepartners-display-component---NewPartner--assignmentsTable-0-vhi"},"wdio_ui5_key":"applicationmanagepartners-display-component---NewPartner--externalCustomerComboBox-application-managepartners-display-component---NewPartner--assignmentsTable-0-vhi"}]}
COMMAND: GET /session/05d205f2c704c8761cd4c7880ec388f1/screenshot - {}
RESULT: {"script":"<script> [1562 bytes]","args":[{"selector":{"id":"application-managepartners-display-component---NewPartner--externalCustomerComboBox-application-managepartners-display-component---NewPartner--assignmentsTable-0-vhi"},"wdio_ui5_key":"applicationmanagepartners-display-component---NewPartner--externalCustomerComboBox-application-managepartners-display-component---NewPartner--assignmentsTable-0-vhi"}]}
RESULT: undefined
COMMAND: POST /session/05d205f2c704c8761cd4c7880ec388f1/element - {"using":"xpath","value":"//*[@id=\"application-managepartners-display-component---NewPartner--externalCustomerComboBox-application-managepartners-display-component---NewPartner--assignmentsTable-0-vhi\"]"}
RESULT: {}
RESULT: {"using":"xpath","value":"//*[@id=\"application-managepartners-display-component---NewPartner--externalCustomerComboBox-application-managepartners-display-component---NewPartner--assignmentsTable-0-vhi\"]"}
COMMAND: POST /session/05d205f2c704c8761cd4c7880ec388f1/element/f.78DE901C7A9CD016362FC0FAB4BAF19C.d.52B7D5CCDC5C382B8BA6FBA0B953AA06.e.1720/click - {}
RESULT: {}
RESULT: undefined
COMMAND: POST /session/05d205f2c704c8761cd4c7880ec388f1/execute/async - {"script":"<script> [776 bytes]","args":[{"enterText":"300003","selector":{"controlType":"sap.m.SearchField","properties":{"placeholder":"Search"},"searchOpenDialogs":true,"interaction":{"idSuffix":"I"}},"clearTextFirst":true,"interactionType":"ENTER_TEXT"}]}
COMMAND: GET /session/05d205f2c704c8761cd4c7880ec388f1/screenshot - {}
RESULT: {"script":"<script> [776 bytes]","args":[{"enterText":"300003","selector":{"controlType":"sap.m.SearchField","properties":{"placeholder":"Search"},"searchOpenDialogs":true,"interaction":{"idSuffix":"I"}},"clearTextFirst":true,"interactionType":"ENTER_TEXT"}]}
COMMAND: POST /session/05d205f2c704c8761cd4c7880ec388f1/actions - {"actions":[{"id":"action4","type":"key","parameters":{},"actions":[{"type":"keyDown","value":"î€‡"},{"type":"pause","duration":10},{"type":"keyUp","value":"î€‡"}]}]}
RESULT: {}
RESULT: {"actions":[{"id":"action4","type":"key","parameters":{},"actions":[{"type":"keyDown","value":"î€‡"},{"type":"pause","duration":10},{"type":"keyUp","value":"î€‡"}]}]}
COMMAND: GET /session/05d205f2c704c8761cd4c7880ec388f1/screenshot - {}
RESULT: {}
COMMAND: POST /session/05d205f2c704c8761cd4c7880ec388f1/element - {"using":"xpath","value":"//span[contains(text(), \"300003\")]"}
RESULT: {"using":"xpath","value":"//span[contains(text(), \"300003\")]"}
COMMAND: POST /session/05d205f2c704c8761cd4c7880ec388f1/element/f.78DE901C7A9CD016362FC0FAB4BAF19C.d.52B7D5CCDC5C382B8BA6FBA0B953AA06.e.1739/click - {}
RESULT: {}
COMMAND: GET /session/05d205f2c704c8761cd4c7880ec388f1/screenshot - {}
RESULT: {}
COMMAND: POST /session/05d205f2c704c8761cd4c7880ec388f1/element - {"using":"xpath","value":"//bdi[contains(text(), \"OK\")]"}
RESULT: {"using":"xpath","value":"//bdi[contains(text(), \"OK\")]"}
COMMAND: POST /session/05d205f2c704c8761cd4c7880ec388f1/element/f.78DE901C7A9CD016362FC0FAB4BAF19C.d.52B7D5CCDC5C382B8BA6FBA0B953AA06.e.1741/click - {}
RESULT: {}
COMMAND: GET /session/05d205f2c704c8761cd4c7880ec388f1/screenshot - {}
RESULT: {}
COMMAND: POST /session/05d205f2c704c8761cd4c7880ec388f1/execute/async - {"script":"<script> [1562 bytes]","args":[{"selector":{"id":"application-managepartners-display-component---NewPartner--intercompVendorComboBox-application-managepartners-display-component---NewPartner--assignmentsTable-0-vhi"},"wdio_ui5_key":"applicationmanagepartners-display-component---NewPartner--intercompVendorComboBox-application-managepartners-display-component---NewPartner--assignmentsTable-0-vhi"}]}
RESULT: {"script":"<script> [1562 bytes]","args":[{"selector":{"id":"application-managepartners-display-component---NewPartner--intercompVendorComboBox-application-managepartners-display-component---NewPartner--assignmentsTable-0-vhi"},"wdio_ui5_key":"applicationmanagepartners-display-component---NewPartner--intercompVendorComboBox-application-managepartners-display-component---NewPartner--assignmentsTable-0-vhi"}]}
RESULT: undefined
COMMAND: POST /session/05d205f2c704c8761cd4c7880ec388f1/element - {"using":"xpath","value":"//*[@id=\"application-managepartners-display-component---NewPartner--intercompVendorComboBox-application-managepartners-display-component---NewPartner--assignmentsTable-0-vhi\"]"}
RESULT: {"using":"xpath","value":"//*[@id=\"application-managepartners-display-component---NewPartner--intercompVendorComboBox-application-managepartners-display-component---NewPartner--assignmentsTable-0-vhi\"]"}
COMMAND: POST /session/05d205f2c704c8761cd4c7880ec388f1/element/f.78DE901C7A9CD016362FC0FAB4BAF19C.d.52B7D5CCDC5C382B8BA6FBA0B953AA06.e.1744/click - {}
RESULT: {}
RESULT: undefined
COMMAND: POST /session/05d205f2c704c8761cd4c7880ec388f1/execute/async - {"script":"<script> [776 bytes]","args":[{"enterText":"100005","selector":{"controlType":"sap.m.SearchField","properties":{"placeholder":"Search"},"searchOpenDialogs":true,"interaction":{"idSuffix":"I"}},"clearTextFirst":true,"interactionType":"ENTER_TEXT"}]}
COMMAND: GET /session/05d205f2c704c8761cd4c7880ec388f1/screenshot - {}
RESULT: {"script":"<script> [776 bytes]","args":[{"enterText":"100005","selector":{"controlType":"sap.m.SearchField","properties":{"placeholder":"Search"},"searchOpenDialogs":true,"interaction":{"idSuffix":"I"}},"clearTextFirst":true,"interactionType":"ENTER_TEXT"}]}
COMMAND: POST /session/05d205f2c704c8761cd4c7880ec388f1/actions - {"actions":[{"id":"action5","type":"key","parameters":{},"actions":[{"type":"keyDown","value":"î€‡"},{"type":"pause","duration":10},{"type":"keyUp","value":"î€‡"}]}]}
RESULT: {}
RESULT: {"actions":[{"id":"action5","type":"key","parameters":{},"actions":[{"type":"keyDown","value":"î€‡"},{"type":"pause","duration":10},{"type":"keyUp","value":"î€‡"}]}]}
COMMAND: GET /session/05d205f2c704c8761cd4c7880ec388f1/screenshot - {}
RESULT: {}
COMMAND: POST /session/05d205f2c704c8761cd4c7880ec388f1/element - {"using":"xpath","value":"//span[contains(text(), \"Penguins - Field/12345 Berlin\")]"}
RESULT: {"using":"xpath","value":"//span[contains(text(), \"Penguins - Field/12345 Berlin\")]"}
COMMAND: POST /session/05d205f2c704c8761cd4c7880ec388f1/element/f.78DE901C7A9CD016362FC0FAB4BAF19C.d.52B7D5CCDC5C382B8BA6FBA0B953AA06.e.1762/click - {}
RESULT: {}
COMMAND: GET /session/05d205f2c704c8761cd4c7880ec388f1/screenshot - {}
RESULT: {}
COMMAND: POST /session/05d205f2c704c8761cd4c7880ec388f1/element - {"using":"xpath","value":"//bdi[contains(text(), \"OK\")]"}
RESULT: {"using":"xpath","value":"//bdi[contains(text(), \"OK\")]"}
COMMAND: POST /session/05d205f2c704c8761cd4c7880ec388f1/element/f.78DE901C7A9CD016362FC0FAB4BAF19C.d.52B7D5CCDC5C382B8BA6FBA0B953AA06.e.1763/click - {}
RESULT: {}
COMMAND: GET /session/05d205f2c704c8761cd4c7880ec388f1/screenshot - {}
RESULT: {}
COMMAND: POST /session/05d205f2c704c8761cd4c7880ec388f1/element - {"using":"xpath","value":"//button[@data-kt=\"saveButton\"]"}
RESULT: {"using":"xpath","value":"//button[@data-kt=\"saveButton\"]"}
COMMAND: POST /session/05d205f2c704c8761cd4c7880ec388f1/element/f.78DE901C7A9CD016362FC0FAB4BAF19C.d.52B7D5CCDC5C382B8BA6FBA0B953AA06.e.1617/click - {}
RESULT: {}
COMMAND: GET /session/05d205f2c704c8761cd4c7880ec388f1/screenshot - {}
RESULT: {}
COMMAND: POST /session/05d205f2c704c8761cd4c7880ec388f1/element - {"using":"xpath","value":"//header[contains(@id, 'ObjectPageLayout-headerTitle')]/div[1]/div[2]/div[2]/span[1]"}
RESULT: {"using":"xpath","value":"//header[contains(@id, 'ObjectPageLayout-headerTitle')]/div[1]/div[2]/div[2]/span[1]"}
COMMAND: POST /session/05d205f2c704c8761cd4c7880ec388f1/elements - {"using":"xpath","value":"//header[contains(@id, 'ObjectPageLayout-headerTitle')]/div[1]/div[2]/div[2]/span[1]"}
RESULT: {"using":"xpath","value":"//header[contains(@id, 'ObjectPageLayout-headerTitle')]/div[1]/div[2]/div[2]/span[1]"}
COMMAND: POST /session/05d205f2c704c8761cd4c7880ec388f1/execute/sync - {"script":"<script> [56 bytes]","args":[{"element-6066-11e4-a52e-4f735466cecf":"f.78DE901C7A9CD016362FC0FAB4BAF19C.d.52B7D5CCDC5C382B8BA6FBA0B953AA06.e.1927","ELEMENT":"f.78DE901C7A9CD016362FC0FAB4BAF19C.d.52B7D5CCDC5C382B8BA6FBA0B953AA06.e.1927"}]}
RESULT: {"script":"<script> [56 bytes]","args":[{"element-6066-11e4-a52e-4f735466cecf":"f.78DE901C7A9CD016362FC0FAB4BAF19C.d.52B7D5CCDC5C382B8BA6FBA0B953AA06.e.1927","ELEMENT":"f.78DE901C7A9CD016362FC0FAB4BAF19C.d.52B7D5CCDC5C382B8BA6FBA0B953AA06.e.1927"}]}
COMMAND: POST /session/05d205f2c704c8761cd4c7880ec388f1/element - {"using":"css selector","value":"#shell-header-logo"}
COMMAND: GET /session/05d205f2c704c8761cd4c7880ec388f1/screenshot - {}
RESULT: {"using":"css selector","value":"#shell-header-logo"}
COMMAND: POST /session/05d205f2c704c8761cd4c7880ec388f1/element/f.78DE901C7A9CD016362FC0FAB4BAF19C.d.52B7D5CCDC5C382B8BA6FBA0B953AA06.e.991/click - {}
RESULT: {}
RESULT: {}
COMMAND: GET /session/05d205f2c704c8761cd4c7880ec388f1/screenshot - {}
RESULT: {}
COMMAND: POST /session/05d205f2c704c8761cd4c7880ec388f1/execute/sync - {"script":"<script> [299 bytes]","args":[["getModel","getResource"]]}
RESULT: {"script":"<script> [299 bytes]","args":[["getModel","getResource"]]}
]]></system-out>
    </testcase>
    <testcase classname="chrome.135_0_7049_115.windows.Prerequisites_&amp;_test_for_yard_mass_return_on_Yard_Overview_US131057" name="Prereq Should create a new site" time="114.043">
      <system-out><![CDATA[
COMMAND: GET /session/05d205f2c704c8761cd4c7880ec388f1/screenshot - {}
COMMAND: POST /session/05d205f2c704c8761cd4c7880ec388f1/execute/async - {"script":"<script> [1562 bytes]","args":[{"selector":{"controlType":"sap.m.TileContent","bindingPath":{"path":"","propertyPath":"/properties/info"},"ancestor":{"controlType":"sap.m.GenericTile","properties":{"header":"Manage Sites"}}},"wdio_ui5_key":"sapm.TileContent{\"path\":\"\",\"propertyPath\":\"/properties/info\"}{\"controlType\":\"sap.m.GenericTile\",\"properties\":{\"header\":\"Manage Sites\"}}"}]}
RESULT: {}
RESULT: {"script":"<script> [1562 bytes]","args":[{"selector":{"controlType":"sap.m.TileContent","bindingPath":{"path":"","propertyPath":"/properties/info"},"ancestor":{"controlType":"sap.m.GenericTile","properties":{"header":"Manage Sites"}}},"wdio_ui5_key":"sapm.TileContent{\"path\":\"\",\"propertyPath\":\"/properties/info\"}{\"controlType\":\"sap.m.GenericTile\",\"properties\":{\"header\":\"Manage Sites\"}}"}]}
RESULT: undefined
COMMAND: POST /session/05d205f2c704c8761cd4c7880ec388f1/element - {"using":"xpath","value":"//*[@id=\"__xmlview7--numericTileContent\"]"}
RESULT: {"using":"xpath","value":"//*[@id=\"__xmlview7--numericTileContent\"]"}
COMMAND: POST /session/05d205f2c704c8761cd4c7880ec388f1/element/f.78DE901C7A9CD016362FC0FAB4BAF19C.d.52B7D5CCDC5C382B8BA6FBA0B953AA06.e.1929/click - {}
RESULT: {}
COMMAND: POST /session/05d205f2c704c8761cd4c7880ec388f1/element - {"using":"xpath","value":"//button[@data-kt=\"addOverflowToolbarButton\"]"}
COMMAND: GET /session/05d205f2c704c8761cd4c7880ec388f1/screenshot - {}
RESULT: {"using":"xpath","value":"//button[@data-kt=\"addOverflowToolbarButton\"]"}
COMMAND: POST /session/05d205f2c704c8761cd4c7880ec388f1/elements - {"using":"xpath","value":"//button[@data-kt=\"addOverflowToolbarButton\"]"}
RESULT: {}
RESULT: {"using":"xpath","value":"//button[@data-kt=\"addOverflowToolbarButton\"]"}
COMMAND: POST /session/05d205f2c704c8761cd4c7880ec388f1/elements - {"using":"xpath","value":"//button[@data-kt=\"addOverflowToolbarButton\"]"}
RESULT: {"using":"xpath","value":"//button[@data-kt=\"addOverflowToolbarButton\"]"}
COMMAND: POST /session/05d205f2c704c8761cd4c7880ec388f1/elements - {"using":"xpath","value":"//button[@data-kt=\"addOverflowToolbarButton\"]"}
RESULT: {"using":"xpath","value":"//button[@data-kt=\"addOverflowToolbarButton\"]"}
COMMAND: POST /session/05d205f2c704c8761cd4c7880ec388f1/element - {"using":"xpath","value":"//button[@data-kt=\"addOverflowToolbarButton\"]"}
RESULT: {"using":"xpath","value":"//button[@data-kt=\"addOverflowToolbarButton\"]"}
COMMAND: POST /session/05d205f2c704c8761cd4c7880ec388f1/execute/sync - {"script":"<script> [8489 bytes]","args":[{"element-6066-11e4-a52e-4f735466cecf":"f.78DE901C7A9CD016362FC0FAB4BAF19C.d.52B7D5CCDC5C382B8BA6FBA0B953AA06.e.1976","ELEMENT":"f.78DE901C7A9CD016362FC0FAB4BAF19C.d.52B7D5CCDC5C382B8BA6FBA0B953AA06.e.1976"}]}
RESULT: {"script":"<script> [8489 bytes]","args":[{"element-6066-11e4-a52e-4f735466cecf":"f.78DE901C7A9CD016362FC0FAB4BAF19C.d.52B7D5CCDC5C382B8BA6FBA0B953AA06.e.1976","ELEMENT":"f.78DE901C7A9CD016362FC0FAB4BAF19C.d.52B7D5CCDC5C382B8BA6FBA0B953AA06.e.1976"}]}
COMMAND: GET /session/05d205f2c704c8761cd4c7880ec388f1/element/f.78DE901C7A9CD016362FC0FAB4BAF19C.d.52B7D5CCDC5C382B8BA6FBA0B953AA06.e.1976/enabled - {}
COMMAND: GET /session/05d205f2c704c8761cd4c7880ec388f1/screenshot - {}
RESULT: {}
COMMAND: POST /session/05d205f2c704c8761cd4c7880ec388f1/execute/sync - {"script":"<script> [8489 bytes]","args":[{"element-6066-11e4-a52e-4f735466cecf":"f.78DE901C7A9CD016362FC0FAB4BAF19C.d.52B7D5CCDC5C382B8BA6FBA0B953AA06.e.1976","ELEMENT":"f.78DE901C7A9CD016362FC0FAB4BAF19C.d.52B7D5CCDC5C382B8BA6FBA0B953AA06.e.1976"}]}
COMMAND: GET /session/05d205f2c704c8761cd4c7880ec388f1/screenshot - {}
RESULT: {}
RESULT: {"script":"<script> [8489 bytes]","args":[{"element-6066-11e4-a52e-4f735466cecf":"f.78DE901C7A9CD016362FC0FAB4BAF19C.d.52B7D5CCDC5C382B8BA6FBA0B953AA06.e.1976","ELEMENT":"f.78DE901C7A9CD016362FC0FAB4BAF19C.d.52B7D5CCDC5C382B8BA6FBA0B953AA06.e.1976"}]}
COMMAND: POST /session/05d205f2c704c8761cd4c7880ec388f1/execute/sync - {"script":"<script> [5351 bytes]","args":[{"element-6066-11e4-a52e-4f735466cecf":"f.78DE901C7A9CD016362FC0FAB4BAF19C.d.52B7D5CCDC5C382B8BA6FBA0B953AA06.e.1976","ELEMENT":"f.78DE901C7A9CD016362FC0FAB4BAF19C.d.52B7D5CCDC5C382B8BA6FBA0B953AA06.e.1976"}]}
COMMAND: GET /session/05d205f2c704c8761cd4c7880ec388f1/screenshot - {}
RESULT: {}
RESULT: {"script":"<script> [5351 bytes]","args":[{"element-6066-11e4-a52e-4f735466cecf":"f.78DE901C7A9CD016362FC0FAB4BAF19C.d.52B7D5CCDC5C382B8BA6FBA0B953AA06.e.1976","ELEMENT":"f.78DE901C7A9CD016362FC0FAB4BAF19C.d.52B7D5CCDC5C382B8BA6FBA0B953AA06.e.1976"}]}
COMMAND: POST /session/05d205f2c704c8761cd4c7880ec388f1/element/f.78DE901C7A9CD016362FC0FAB4BAF19C.d.52B7D5CCDC5C382B8BA6FBA0B953AA06.e.1976/click - {}
COMMAND: GET /session/05d205f2c704c8761cd4c7880ec388f1/screenshot - {}
RESULT: {}
RESULT: {}
COMMAND: GET /session/05d205f2c704c8761cd4c7880ec388f1/screenshot - {}
COMMAND: POST /session/05d205f2c704c8761cd4c7880ec388f1/execute/async - {"script":"<script> [1562 bytes]","args":[{"selector":{"id":"application-managesites-display-component---NewSite--addressDetailDetailsName1","interaction":{"idSuffix":"inner"}},"wdio_ui5_key":"applicationmanagesites-display-component---NewSite--addressDetailDetailsName1"}]}
RESULT: {}
RESULT: {}
RESULT: {"script":"<script> [1562 bytes]","args":[{"selector":{"id":"application-managesites-display-component---NewSite--addressDetailDetailsName1","interaction":{"idSuffix":"inner"}},"wdio_ui5_key":"applicationmanagesites-display-component---NewSite--addressDetailDetailsName1"}]}
RESULT: undefined
COMMAND: POST /session/05d205f2c704c8761cd4c7880ec388f1/execute/async - {"script":"<script> [776 bytes]","args":[{"enterText":"Intracompany Site wdIO","selector":{"id":"application-managesites-display-component---NewSite--addressDetailDetailsName1","interaction":{"idSuffix":"inner"}},"clearTextFirst":true,"interactionType":"ENTER_TEXT"}]}
RESULT: {"script":"<script> [776 bytes]","args":[{"enterText":"Intracompany Site wdIO","selector":{"id":"application-managesites-display-component---NewSite--addressDetailDetailsName1","interaction":{"idSuffix":"inner"}},"clearTextFirst":true,"interactionType":"ENTER_TEXT"}]}
COMMAND: POST /session/05d205f2c704c8761cd4c7880ec388f1/execute/async - {"script":"<script> [1562 bytes]","args":[{"selector":{"id":"application-managesites-display-component---NewSite--addressDetailDetailsLanguage-arrow"},"wdio_ui5_key":"applicationmanagesites-display-component---NewSite--addressDetailDetailsLanguage-arrow"}]}
RESULT: {"script":"<script> [1562 bytes]","args":[{"selector":{"id":"application-managesites-display-component---NewSite--addressDetailDetailsLanguage-arrow"},"wdio_ui5_key":"applicationmanagesites-display-component---NewSite--addressDetailDetailsLanguage-arrow"}]}
RESULT: undefined
COMMAND: POST /session/05d205f2c704c8761cd4c7880ec388f1/element - {"using":"xpath","value":"//*[@id=\"application-managesites-display-component---NewSite--addressDetailDetailsLanguage-arrow\"]"}
RESULT: {"using":"xpath","value":"//*[@id=\"application-managesites-display-component---NewSite--addressDetailDetailsLanguage-arrow\"]"}
COMMAND: POST /session/05d205f2c704c8761cd4c7880ec388f1/element/f.78DE901C7A9CD016362FC0FAB4BAF19C.d.52B7D5CCDC5C382B8BA6FBA0B953AA06.e.2378/click - {}
RESULT: {}
COMMAND: POST /session/05d205f2c704c8761cd4c7880ec388f1/element - {"using":"xpath","value":"//span[contains(text(), \"English\")]"}
COMMAND: GET /session/05d205f2c704c8761cd4c7880ec388f1/screenshot - {}
RESULT: {"using":"xpath","value":"//span[contains(text(), \"English\")]"}
COMMAND: POST /session/05d205f2c704c8761cd4c7880ec388f1/element/f.78DE901C7A9CD016362FC0FAB4BAF19C.d.52B7D5CCDC5C382B8BA6FBA0B953AA06.e.2379/click - {}
RESULT: {}
RESULT: {}
COMMAND: POST /session/05d205f2c704c8761cd4c7880ec388f1/execute/async - {"script":"<script> [1562 bytes]","args":[{"selector":{"id":"application-managesites-display-component---NewSite--addressDetailDetailsCity1","interaction":{"idSuffix":"inner"}},"wdio_ui5_key":"applicationmanagesites-display-component---NewSite--addressDetailDetailsCity1"}]}
COMMAND: GET /session/05d205f2c704c8761cd4c7880ec388f1/screenshot - {}
RESULT: {"script":"<script> [1562 bytes]","args":[{"selector":{"id":"application-managesites-display-component---NewSite--addressDetailDetailsCity1","interaction":{"idSuffix":"inner"}},"wdio_ui5_key":"applicationmanagesites-display-component---NewSite--addressDetailDetailsCity1"}]}
RESULT: undefined
COMMAND: POST /session/05d205f2c704c8761cd4c7880ec388f1/execute/async - {"script":"<script> [776 bytes]","args":[{"enterText":"Rosario","selector":{"id":"application-managesites-display-component---NewSite--addressDetailDetailsCity1","interaction":{"idSuffix":"inner"}},"clearTextFirst":true,"interactionType":"ENTER_TEXT"}]}
RESULT: {}
RESULT: {"script":"<script> [776 bytes]","args":[{"enterText":"Rosario","selector":{"id":"application-managesites-display-component---NewSite--addressDetailDetailsCity1","interaction":{"idSuffix":"inner"}},"clearTextFirst":true,"interactionType":"ENTER_TEXT"}]}
COMMAND: POST /session/05d205f2c704c8761cd4c7880ec388f1/execute/async - {"script":"<script> [1562 bytes]","args":[{"selector":{"id":"application-managesites-display-component---NewSite--addressDetailDetailsCountry-arrow"},"wdio_ui5_key":"applicationmanagesites-display-component---NewSite--addressDetailDetailsCountry-arrow"}]}
RESULT: {"script":"<script> [1562 bytes]","args":[{"selector":{"id":"application-managesites-display-component---NewSite--addressDetailDetailsCountry-arrow"},"wdio_ui5_key":"applicationmanagesites-display-component---NewSite--addressDetailDetailsCountry-arrow"}]}
RESULT: undefined
COMMAND: POST /session/05d205f2c704c8761cd4c7880ec388f1/element - {"using":"xpath","value":"//*[@id=\"application-managesites-display-component---NewSite--addressDetailDetailsCountry-arrow\"]"}
RESULT: {"using":"xpath","value":"//*[@id=\"application-managesites-display-component---NewSite--addressDetailDetailsCountry-arrow\"]"}
COMMAND: POST /session/05d205f2c704c8761cd4c7880ec388f1/element/f.78DE901C7A9CD016362FC0FAB4BAF19C.d.52B7D5CCDC5C382B8BA6FBA0B953AA06.e.2381/click - {}
RESULT: {}
COMMAND: POST /session/05d205f2c704c8761cd4c7880ec388f1/element - {"using":"xpath","value":"//span[contains(text(), \"Argentina\")]"}
COMMAND: GET /session/05d205f2c704c8761cd4c7880ec388f1/screenshot - {}
RESULT: {"using":"xpath","value":"//span[contains(text(), \"Argentina\")]"}
COMMAND: POST /session/05d205f2c704c8761cd4c7880ec388f1/element/f.78DE901C7A9CD016362FC0FAB4BAF19C.d.52B7D5CCDC5C382B8BA6FBA0B953AA06.e.2383/click - {}
RESULT: {}
RESULT: {}
COMMAND: GET /session/05d205f2c704c8761cd4c7880ec388f1/screenshot - {}
RESULT: {}
COMMAND: POST /session/05d205f2c704c8761cd4c7880ec388f1/execute/async - {"script":"<script> [1562 bytes]","args":[{"selector":{"id":"application-managesites-display-component---NewSite--addressEditDetailsCostObjectCstType-arrow"},"wdio_ui5_key":"applicationmanagesites-display-component---NewSite--addressEditDetailsCostObjectCstType-arrow"}]}
RESULT: {"script":"<script> [1562 bytes]","args":[{"selector":{"id":"application-managesites-display-component---NewSite--addressEditDetailsCostObjectCstType-arrow"},"wdio_ui5_key":"applicationmanagesites-display-component---NewSite--addressEditDetailsCostObjectCstType-arrow"}]}
RESULT: undefined
COMMAND: POST /session/05d205f2c704c8761cd4c7880ec388f1/element - {"using":"xpath","value":"//*[@id=\"application-managesites-display-component---NewSite--addressEditDetailsCostObjectCstType-arrow\"]"}
RESULT: {"using":"xpath","value":"//*[@id=\"application-managesites-display-component---NewSite--addressEditDetailsCostObjectCstType-arrow\"]"}
COMMAND: POST /session/05d205f2c704c8761cd4c7880ec388f1/element/f.78DE901C7A9CD016362FC0FAB4BAF19C.d.52B7D5CCDC5C382B8BA6FBA0B953AA06.e.2384/click - {}
RESULT: {}
COMMAND: POST /session/05d205f2c704c8761cd4c7880ec388f1/element - {"using":"xpath","value":"//span[contains(text(), \"Cost Center\")]"}
COMMAND: GET /session/05d205f2c704c8761cd4c7880ec388f1/screenshot - {}
RESULT: {"using":"xpath","value":"//span[contains(text(), \"Cost Center\")]"}
COMMAND: POST /session/05d205f2c704c8761cd4c7880ec388f1/element/f.78DE901C7A9CD016362FC0FAB4BAF19C.d.52B7D5CCDC5C382B8BA6FBA0B953AA06.e.2385/click - {}
RESULT: {}
RESULT: {}
COMMAND: GET /session/05d205f2c704c8761cd4c7880ec388f1/screenshot - {}
RESULT: {}
COMMAND: POST /session/05d205f2c704c8761cd4c7880ec388f1/element - {"using":"xpath","value":"//span[@id=\"application-managesites-display-component---NewSite--addressNewCostObjectCstID-vhi\"]"}
RESULT: {"using":"xpath","value":"//span[@id=\"application-managesites-display-component---NewSite--addressNewCostObjectCstID-vhi\"]"}
COMMAND: POST /session/05d205f2c704c8761cd4c7880ec388f1/execute/sync - {"script":"<script> [8489 bytes]","args":[{"element-6066-11e4-a52e-4f735466cecf":"f.78DE901C7A9CD016362FC0FAB4BAF19C.d.52B7D5CCDC5C382B8BA6FBA0B953AA06.e.2390","ELEMENT":"f.78DE901C7A9CD016362FC0FAB4BAF19C.d.52B7D5CCDC5C382B8BA6FBA0B953AA06.e.2390"}]}
RESULT: {"script":"<script> [8489 bytes]","args":[{"element-6066-11e4-a52e-4f735466cecf":"f.78DE901C7A9CD016362FC0FAB4BAF19C.d.52B7D5CCDC5C382B8BA6FBA0B953AA06.e.2390","ELEMENT":"f.78DE901C7A9CD016362FC0FAB4BAF19C.d.52B7D5CCDC5C382B8BA6FBA0B953AA06.e.2390"}]}
COMMAND: POST /session/05d205f2c704c8761cd4c7880ec388f1/execute/async - {"script":"<script> [1562 bytes]","args":[{"selector":{"id":"application-managesites-display-component---NewSite--addressNewCostObjectCstID-vhi"},"wdio_ui5_key":"applicationmanagesites-display-component---NewSite--addressNewCostObjectCstID-vhi"}]}
COMMAND: GET /session/05d205f2c704c8761cd4c7880ec388f1/screenshot - {}
RESULT: {"script":"<script> [1562 bytes]","args":[{"selector":{"id":"application-managesites-display-component---NewSite--addressNewCostObjectCstID-vhi"},"wdio_ui5_key":"applicationmanagesites-display-component---NewSite--addressNewCostObjectCstID-vhi"}]}
RESULT: undefined
COMMAND: POST /session/05d205f2c704c8761cd4c7880ec388f1/element - {"using":"xpath","value":"//*[@id=\"application-managesites-display-component---NewSite--addressNewCostObjectCstID-vhi\"]"}
RESULT: {}
RESULT: {"using":"xpath","value":"//*[@id=\"application-managesites-display-component---NewSite--addressNewCostObjectCstID-vhi\"]"}
COMMAND: POST /session/05d205f2c704c8761cd4c7880ec388f1/element/f.78DE901C7A9CD016362FC0FAB4BAF19C.d.52B7D5CCDC5C382B8BA6FBA0B953AA06.e.2390/click - {}
RESULT: {}
COMMAND: GET /session/05d205f2c704c8761cd4c7880ec388f1/screenshot - {}
RESULT: {}
RESULT: undefined
COMMAND: POST /session/05d205f2c704c8761cd4c7880ec388f1/execute/async - {"script":"<script> [776 bytes]","args":[{"enterText":"10001013","selector":{"controlType":"sap.m.SearchField","properties":{"placeholder":"Search"},"searchOpenDialogs":true,"interaction":{"idSuffix":"I"}},"clearTextFirst":true,"interactionType":"ENTER_TEXT"}]}
RESULT: {"script":"<script> [776 bytes]","args":[{"enterText":"10001013","selector":{"controlType":"sap.m.SearchField","properties":{"placeholder":"Search"},"searchOpenDialogs":true,"interaction":{"idSuffix":"I"}},"clearTextFirst":true,"interactionType":"ENTER_TEXT"}]}
COMMAND: POST /session/05d205f2c704c8761cd4c7880ec388f1/actions - {"actions":[{"id":"action6","type":"key","parameters":{},"actions":[{"type":"keyDown","value":"î€‡"},{"type":"pause","duration":10},{"type":"keyUp","value":"î€‡"}]}]}
RESULT: {"actions":[{"id":"action6","type":"key","parameters":{},"actions":[{"type":"keyDown","value":"î€‡"},{"type":"pause","duration":10},{"type":"keyUp","value":"î€‡"}]}]}
COMMAND: GET /session/05d205f2c704c8761cd4c7880ec388f1/screenshot - {}
RESULT: {}
COMMAND: POST /session/05d205f2c704c8761cd4c7880ec388f1/element - {"using":"xpath","value":"//span[contains(text(), \"General Management\")]"}
RESULT: {"using":"xpath","value":"//span[contains(text(), \"General Management\")]"}
COMMAND: POST /session/05d205f2c704c8761cd4c7880ec388f1/element/f.78DE901C7A9CD016362FC0FAB4BAF19C.d.52B7D5CCDC5C382B8BA6FBA0B953AA06.e.2428/click - {}
RESULT: {}
COMMAND: GET /session/05d205f2c704c8761cd4c7880ec388f1/screenshot - {}
RESULT: {}
COMMAND: POST /session/05d205f2c704c8761cd4c7880ec388f1/element - {"using":"xpath","value":"//bdi[contains(text(), \"OK\")]"}
RESULT: {"using":"xpath","value":"//bdi[contains(text(), \"OK\")]"}
COMMAND: POST /session/05d205f2c704c8761cd4c7880ec388f1/element/f.78DE901C7A9CD016362FC0FAB4BAF19C.d.52B7D5CCDC5C382B8BA6FBA0B953AA06.e.2429/click - {}
RESULT: {}
COMMAND: GET /session/05d205f2c704c8761cd4c7880ec388f1/screenshot - {}
RESULT: {}
COMMAND: POST /session/05d205f2c704c8761cd4c7880ec388f1/element - {"using":"xpath","value":"//input[@id=\"application-managesites-display-component---NewSite--addressDetailDetailsCalendar-inner\"]"}
RESULT: {"using":"xpath","value":"//input[@id=\"application-managesites-display-component---NewSite--addressDetailDetailsCalendar-inner\"]"}
COMMAND: POST /session/05d205f2c704c8761cd4c7880ec388f1/element/f.78DE901C7A9CD016362FC0FAB4BAF19C.d.52B7D5CCDC5C382B8BA6FBA0B953AA06.e.2221/clear - {}
RESULT: {}
COMMAND: POST /session/05d205f2c704c8761cd4c7880ec388f1/element/f.78DE901C7A9CD016362FC0FAB4BAF19C.d.52B7D5CCDC5C382B8BA6FBA0B953AA06.e.2221/value - {"text":"Unit"}
COMMAND: GET /session/05d205f2c704c8761cd4c7880ec388f1/screenshot - {}
RESULT: {"text":"Unit"}
COMMAND: GET /session/05d205f2c704c8761cd4c7880ec388f1/screenshot - {}
RESULT: {}
RESULT: {}
COMMAND: POST /session/05d205f2c704c8761cd4c7880ec388f1/actions - {"actions":[{"id":"action7","type":"key","parameters":{},"actions":[{"type":"keyDown","value":"î€‡"},{"type":"pause","duration":10},{"type":"keyUp","value":"î€‡"}]}]}
RESULT: {"actions":[{"id":"action7","type":"key","parameters":{},"actions":[{"type":"keyDown","value":"î€‡"},{"type":"pause","duration":10},{"type":"keyUp","value":"î€‡"}]}]}
COMMAND: POST /session/05d205f2c704c8761cd4c7880ec388f1/element - {"using":"xpath","value":"//input[@id=\"application-managesites-display-component---NewSite--addressDetailDetailsYard-inner\"]"}
COMMAND: GET /session/05d205f2c704c8761cd4c7880ec388f1/screenshot - {}
RESULT: {"using":"xpath","value":"//input[@id=\"application-managesites-display-component---NewSite--addressDetailDetailsYard-inner\"]"}
COMMAND: POST /session/05d205f2c704c8761cd4c7880ec388f1/element/f.78DE901C7A9CD016362FC0FAB4BAF19C.d.52B7D5CCDC5C382B8BA6FBA0B953AA06.e.2222/clear - {}
RESULT: {}
RESULT: {}
COMMAND: POST /session/05d205f2c704c8761cd4c7880ec388f1/element/f.78DE901C7A9CD016362FC0FAB4BAF19C.d.52B7D5CCDC5C382B8BA6FBA0B953AA06.e.2222/value - {"text":"618"}
COMMAND: GET /session/05d205f2c704c8761cd4c7880ec388f1/screenshot - {}
RESULT: {"text":"618"}
COMMAND: GET /session/05d205f2c704c8761cd4c7880ec388f1/screenshot - {}
RESULT: {}
RESULT: {}
COMMAND: POST /session/05d205f2c704c8761cd4c7880ec388f1/element - {"using":"xpath","value":"//li[.//span[text()='618']]"}
RESULT: {"using":"xpath","value":"//li[.//span[text()='618']]"}
COMMAND: POST /session/05d205f2c704c8761cd4c7880ec388f1/element/f.78DE901C7A9CD016362FC0FAB4BAF19C.d.52B7D5CCDC5C382B8BA6FBA0B953AA06.e.2437/click - {}
RESULT: {}
COMMAND: GET /session/05d205f2c704c8761cd4c7880ec388f1/screenshot - {}
RESULT: {}
COMMAND: POST /session/05d205f2c704c8761cd4c7880ec388f1/element - {"using":"xpath","value":"//input[@id=\"application-managesites-display-component---NewSite--addressDetailDetailsPartner-inner\"]"}
RESULT: {"using":"xpath","value":"//input[@id=\"application-managesites-display-component---NewSite--addressDetailDetailsPartner-inner\"]"}
COMMAND: POST /session/05d205f2c704c8761cd4c7880ec388f1/element - {"using":"xpath","value":"//input[@id=\"application-managesites-display-component---NewSite--addressDetailDetailsPartner-inner\"]"}
RESULT: {"using":"xpath","value":"//input[@id=\"application-managesites-display-component---NewSite--addressDetailDetailsPartner-inner\"]"}
COMMAND: POST /session/05d205f2c704c8761cd4c7880ec388f1/element - {"using":"xpath","value":"//button[@data-kt=\"saveButton\"]"}
RESULT: {"using":"xpath","value":"//button[@data-kt=\"saveButton\"]"}
COMMAND: POST /session/05d205f2c704c8761cd4c7880ec388f1/element/f.78DE901C7A9CD016362FC0FAB4BAF19C.d.52B7D5CCDC5C382B8BA6FBA0B953AA06.e.2371/click - {}
RESULT: {}
COMMAND: GET /session/05d205f2c704c8761cd4c7880ec388f1/screenshot - {}
RESULT: {}
COMMAND: POST /session/05d205f2c704c8761cd4c7880ec388f1/element - {"using":"xpath","value":"//header[contains(@id, 'ObjectPageLayout-headerTitle')]/div[1]/div[2]/div[2]/span[1]"}
RESULT: {"using":"xpath","value":"//header[contains(@id, 'ObjectPageLayout-headerTitle')]/div[1]/div[2]/div[2]/span[1]"}
COMMAND: POST /session/05d205f2c704c8761cd4c7880ec388f1/elements - {"using":"xpath","value":"//header[contains(@id, 'ObjectPageLayout-headerTitle')]/div[1]/div[2]/div[2]/span[1]"}
RESULT: {"using":"xpath","value":"//header[contains(@id, 'ObjectPageLayout-headerTitle')]/div[1]/div[2]/div[2]/span[1]"}
COMMAND: POST /session/05d205f2c704c8761cd4c7880ec388f1/execute/sync - {"script":"<script> [56 bytes]","args":[{"element-6066-11e4-a52e-4f735466cecf":"f.78DE901C7A9CD016362FC0FAB4BAF19C.d.52B7D5CCDC5C382B8BA6FBA0B953AA06.e.2641","ELEMENT":"f.78DE901C7A9CD016362FC0FAB4BAF19C.d.52B7D5CCDC5C382B8BA6FBA0B953AA06.e.2641"}]}
RESULT: {"script":"<script> [56 bytes]","args":[{"element-6066-11e4-a52e-4f735466cecf":"f.78DE901C7A9CD016362FC0FAB4BAF19C.d.52B7D5CCDC5C382B8BA6FBA0B953AA06.e.2641","ELEMENT":"f.78DE901C7A9CD016362FC0FAB4BAF19C.d.52B7D5CCDC5C382B8BA6FBA0B953AA06.e.2641"}]}
COMMAND: POST /session/05d205f2c704c8761cd4c7880ec388f1/element - {"using":"css selector","value":"#shell-header-logo"}
COMMAND: GET /session/05d205f2c704c8761cd4c7880ec388f1/screenshot - {}
RESULT: {"using":"css selector","value":"#shell-header-logo"}
COMMAND: POST /session/05d205f2c704c8761cd4c7880ec388f1/element/f.78DE901C7A9CD016362FC0FAB4BAF19C.d.52B7D5CCDC5C382B8BA6FBA0B953AA06.e.1932/click - {}
RESULT: {}
RESULT: {}
COMMAND: GET /session/05d205f2c704c8761cd4c7880ec388f1/screenshot - {}
RESULT: {}
COMMAND: POST /session/05d205f2c704c8761cd4c7880ec388f1/execute/sync - {"script":"<script> [299 bytes]","args":[["getModel","getResource"]]}
RESULT: {"script":"<script> [299 bytes]","args":[["getModel","getResource"]]}
COMMAND: GET /session/05d205f2c704c8761cd4c7880ec388f1/screenshot - {}
]]></system-out>
    </testcase>
    <testcase classname="chrome.135_0_7049_115.windows.Prerequisites_&amp;_test_for_yard_mass_return_on_Yard_Overview_US131057" name="Prereq Should create a new material" time="131.792">
      <system-out><![CDATA[
COMMAND: POST /session/05d205f2c704c8761cd4c7880ec388f1/execute/async - {"script":"<script> [1562 bytes]","args":[{"selector":{"controlType":"sap.m.GenericTile","properties":{"header":"Manage Resources"}},"wdio_ui5_key":"sapm.GenericTile{\"header\":\"Manage Resources\"}"}]}
RESULT: {}
RESULT: {"script":"<script> [1562 bytes]","args":[{"selector":{"controlType":"sap.m.GenericTile","properties":{"header":"Manage Resources"}},"wdio_ui5_key":"sapm.GenericTile{\"header\":\"Manage Resources\"}"}]}
RESULT: undefined
COMMAND: POST /session/05d205f2c704c8761cd4c7880ec388f1/element - {"using":"xpath","value":"//*[@id=\"__tile39\"]"}
RESULT: {"using":"xpath","value":"//*[@id=\"__tile39\"]"}
COMMAND: POST /session/05d205f2c704c8761cd4c7880ec388f1/element/f.78DE901C7A9CD016362FC0FAB4BAF19C.d.52B7D5CCDC5C382B8BA6FBA0B953AA06.e.152/click - {}
RESULT: {}
COMMAND: POST /session/05d205f2c704c8761cd4c7880ec388f1/element - {"using":"xpath","value":"//button[@data-kt=\"addNewRUOverflowToolbarButton\"]"}
COMMAND: GET /session/05d205f2c704c8761cd4c7880ec388f1/screenshot - {}
RESULT: {"using":"xpath","value":"//button[@data-kt=\"addNewRUOverflowToolbarButton\"]"}
COMMAND: POST /session/05d205f2c704c8761cd4c7880ec388f1/elements - {"using":"xpath","value":"//button[@data-kt=\"addNewRUOverflowToolbarButton\"]"}
RESULT: {}
RESULT: {"using":"xpath","value":"//button[@data-kt=\"addNewRUOverflowToolbarButton\"]"}
COMMAND: POST /session/05d205f2c704c8761cd4c7880ec388f1/elements - {"using":"xpath","value":"//button[@data-kt=\"addNewRUOverflowToolbarButton\"]"}
RESULT: {"using":"xpath","value":"//button[@data-kt=\"addNewRUOverflowToolbarButton\"]"}
COMMAND: POST /session/05d205f2c704c8761cd4c7880ec388f1/elements - {"using":"xpath","value":"//button[@data-kt=\"addNewRUOverflowToolbarButton\"]"}
RESULT: {"using":"xpath","value":"//button[@data-kt=\"addNewRUOverflowToolbarButton\"]"}
COMMAND: POST /session/05d205f2c704c8761cd4c7880ec388f1/elements - {"using":"xpath","value":"//button[@data-kt=\"addNewRUOverflowToolbarButton\"]"}
RESULT: {"using":"xpath","value":"//button[@data-kt=\"addNewRUOverflowToolbarButton\"]"}
COMMAND: POST /session/05d205f2c704c8761cd4c7880ec388f1/elements - {"using":"xpath","value":"//button[@data-kt=\"addNewRUOverflowToolbarButton\"]"}
RESULT: {"using":"xpath","value":"//button[@data-kt=\"addNewRUOverflowToolbarButton\"]"}
COMMAND: POST /session/05d205f2c704c8761cd4c7880ec388f1/elements - {"using":"xpath","value":"//button[@data-kt=\"addNewRUOverflowToolbarButton\"]"}
RESULT: {"using":"xpath","value":"//button[@data-kt=\"addNewRUOverflowToolbarButton\"]"}
COMMAND: POST /session/05d205f2c704c8761cd4c7880ec388f1/elements - {"using":"xpath","value":"//button[@data-kt=\"addNewRUOverflowToolbarButton\"]"}
RESULT: {"using":"xpath","value":"//button[@data-kt=\"addNewRUOverflowToolbarButton\"]"}
COMMAND: POST /session/05d205f2c704c8761cd4c7880ec388f1/elements - {"using":"xpath","value":"//button[@data-kt=\"addNewRUOverflowToolbarButton\"]"}
RESULT: {"using":"xpath","value":"//button[@data-kt=\"addNewRUOverflowToolbarButton\"]"}
COMMAND: POST /session/05d205f2c704c8761cd4c7880ec388f1/elements - {"using":"xpath","value":"//button[@data-kt=\"addNewRUOverflowToolbarButton\"]"}
RESULT: {"using":"xpath","value":"//button[@data-kt=\"addNewRUOverflowToolbarButton\"]"}
COMMAND: POST /session/05d205f2c704c8761cd4c7880ec388f1/elements - {"using":"xpath","value":"//button[@data-kt=\"addNewRUOverflowToolbarButton\"]"}
RESULT: {"using":"xpath","value":"//button[@data-kt=\"addNewRUOverflowToolbarButton\"]"}
COMMAND: POST /session/05d205f2c704c8761cd4c7880ec388f1/elements - {"using":"xpath","value":"//button[@data-kt=\"addNewRUOverflowToolbarButton\"]"}
RESULT: {"using":"xpath","value":"//button[@data-kt=\"addNewRUOverflowToolbarButton\"]"}
COMMAND: POST /session/05d205f2c704c8761cd4c7880ec388f1/elements - {"using":"xpath","value":"//button[@data-kt=\"addNewRUOverflowToolbarButton\"]"}
RESULT: {"using":"xpath","value":"//button[@data-kt=\"addNewRUOverflowToolbarButton\"]"}
COMMAND: POST /session/05d205f2c704c8761cd4c7880ec388f1/elements - {"using":"xpath","value":"//button[@data-kt=\"addNewRUOverflowToolbarButton\"]"}
RESULT: {"using":"xpath","value":"//button[@data-kt=\"addNewRUOverflowToolbarButton\"]"}
COMMAND: POST /session/05d205f2c704c8761cd4c7880ec388f1/elements - {"using":"xpath","value":"//button[@data-kt=\"addNewRUOverflowToolbarButton\"]"}
RESULT: {"using":"xpath","value":"//button[@data-kt=\"addNewRUOverflowToolbarButton\"]"}
COMMAND: POST /session/05d205f2c704c8761cd4c7880ec388f1/elements - {"using":"xpath","value":"//button[@data-kt=\"addNewRUOverflowToolbarButton\"]"}
RESULT: {"using":"xpath","value":"//button[@data-kt=\"addNewRUOverflowToolbarButton\"]"}
COMMAND: POST /session/05d205f2c704c8761cd4c7880ec388f1/elements - {"using":"xpath","value":"//button[@data-kt=\"addNewRUOverflowToolbarButton\"]"}
RESULT: {"using":"xpath","value":"//button[@data-kt=\"addNewRUOverflowToolbarButton\"]"}
COMMAND: POST /session/05d205f2c704c8761cd4c7880ec388f1/elements - {"using":"xpath","value":"//button[@data-kt=\"addNewRUOverflowToolbarButton\"]"}
RESULT: {"using":"xpath","value":"//button[@data-kt=\"addNewRUOverflowToolbarButton\"]"}
COMMAND: POST /session/05d205f2c704c8761cd4c7880ec388f1/elements - {"using":"xpath","value":"//button[@data-kt=\"addNewRUOverflowToolbarButton\"]"}
RESULT: {"using":"xpath","value":"//button[@data-kt=\"addNewRUOverflowToolbarButton\"]"}
COMMAND: POST /session/05d205f2c704c8761cd4c7880ec388f1/elements - {"using":"xpath","value":"//button[@data-kt=\"addNewRUOverflowToolbarButton\"]"}
RESULT: {"using":"xpath","value":"//button[@data-kt=\"addNewRUOverflowToolbarButton\"]"}
COMMAND: POST /session/05d205f2c704c8761cd4c7880ec388f1/elements - {"using":"xpath","value":"//button[@data-kt=\"addNewRUOverflowToolbarButton\"]"}
RESULT: {"using":"xpath","value":"//button[@data-kt=\"addNewRUOverflowToolbarButton\"]"}
COMMAND: POST /session/05d205f2c704c8761cd4c7880ec388f1/elements - {"using":"xpath","value":"//button[@data-kt=\"addNewRUOverflowToolbarButton\"]"}
RESULT: {"using":"xpath","value":"//button[@data-kt=\"addNewRUOverflowToolbarButton\"]"}
COMMAND: POST /session/05d205f2c704c8761cd4c7880ec388f1/elements - {"using":"xpath","value":"//button[@data-kt=\"addNewRUOverflowToolbarButton\"]"}
RESULT: {"using":"xpath","value":"//button[@data-kt=\"addNewRUOverflowToolbarButton\"]"}
COMMAND: POST /session/05d205f2c704c8761cd4c7880ec388f1/elements - {"using":"xpath","value":"//button[@data-kt=\"addNewRUOverflowToolbarButton\"]"}
RESULT: {"using":"xpath","value":"//button[@data-kt=\"addNewRUOverflowToolbarButton\"]"}
COMMAND: POST /session/05d205f2c704c8761cd4c7880ec388f1/elements - {"using":"xpath","value":"//button[@data-kt=\"addNewRUOverflowToolbarButton\"]"}
RESULT: {"using":"xpath","value":"//button[@data-kt=\"addNewRUOverflowToolbarButton\"]"}
COMMAND: POST /session/05d205f2c704c8761cd4c7880ec388f1/elements - {"using":"xpath","value":"//button[@data-kt=\"addNewRUOverflowToolbarButton\"]"}
RESULT: {"using":"xpath","value":"//button[@data-kt=\"addNewRUOverflowToolbarButton\"]"}
COMMAND: POST /session/05d205f2c704c8761cd4c7880ec388f1/elements - {"using":"xpath","value":"//button[@data-kt=\"addNewRUOverflowToolbarButton\"]"}
RESULT: {"using":"xpath","value":"//button[@data-kt=\"addNewRUOverflowToolbarButton\"]"}
COMMAND: POST /session/05d205f2c704c8761cd4c7880ec388f1/elements - {"using":"xpath","value":"//button[@data-kt=\"addNewRUOverflowToolbarButton\"]"}
RESULT: {"using":"xpath","value":"//button[@data-kt=\"addNewRUOverflowToolbarButton\"]"}
COMMAND: POST /session/05d205f2c704c8761cd4c7880ec388f1/elements - {"using":"xpath","value":"//button[@data-kt=\"addNewRUOverflowToolbarButton\"]"}
RESULT: {"using":"xpath","value":"//button[@data-kt=\"addNewRUOverflowToolbarButton\"]"}
COMMAND: POST /session/05d205f2c704c8761cd4c7880ec388f1/elements - {"using":"xpath","value":"//button[@data-kt=\"addNewRUOverflowToolbarButton\"]"}
RESULT: {"using":"xpath","value":"//button[@data-kt=\"addNewRUOverflowToolbarButton\"]"}
COMMAND: POST /session/05d205f2c704c8761cd4c7880ec388f1/elements - {"using":"xpath","value":"//button[@data-kt=\"addNewRUOverflowToolbarButton\"]"}
RESULT: {"using":"xpath","value":"//button[@data-kt=\"addNewRUOverflowToolbarButton\"]"}
COMMAND: POST /session/05d205f2c704c8761cd4c7880ec388f1/elements - {"using":"xpath","value":"//button[@data-kt=\"addNewRUOverflowToolbarButton\"]"}
RESULT: {"using":"xpath","value":"//button[@data-kt=\"addNewRUOverflowToolbarButton\"]"}
COMMAND: POST /session/05d205f2c704c8761cd4c7880ec388f1/elements - {"using":"xpath","value":"//button[@data-kt=\"addNewRUOverflowToolbarButton\"]"}
RESULT: {"using":"xpath","value":"//button[@data-kt=\"addNewRUOverflowToolbarButton\"]"}
COMMAND: POST /session/05d205f2c704c8761cd4c7880ec388f1/elements - {"using":"xpath","value":"//button[@data-kt=\"addNewRUOverflowToolbarButton\"]"}
RESULT: {"using":"xpath","value":"//button[@data-kt=\"addNewRUOverflowToolbarButton\"]"}
COMMAND: POST /session/05d205f2c704c8761cd4c7880ec388f1/elements - {"using":"xpath","value":"//button[@data-kt=\"addNewRUOverflowToolbarButton\"]"}
RESULT: {"using":"xpath","value":"//button[@data-kt=\"addNewRUOverflowToolbarButton\"]"}
COMMAND: POST /session/05d205f2c704c8761cd4c7880ec388f1/elements - {"using":"xpath","value":"//button[@data-kt=\"addNewRUOverflowToolbarButton\"]"}
RESULT: {"using":"xpath","value":"//button[@data-kt=\"addNewRUOverflowToolbarButton\"]"}
COMMAND: POST /session/05d205f2c704c8761cd4c7880ec388f1/elements - {"using":"xpath","value":"//button[@data-kt=\"addNewRUOverflowToolbarButton\"]"}
RESULT: {"using":"xpath","value":"//button[@data-kt=\"addNewRUOverflowToolbarButton\"]"}
COMMAND: POST /session/05d205f2c704c8761cd4c7880ec388f1/elements - {"using":"xpath","value":"//button[@data-kt=\"addNewRUOverflowToolbarButton\"]"}
RESULT: {"using":"xpath","value":"//button[@data-kt=\"addNewRUOverflowToolbarButton\"]"}
COMMAND: POST /session/05d205f2c704c8761cd4c7880ec388f1/elements - {"using":"xpath","value":"//button[@data-kt=\"addNewRUOverflowToolbarButton\"]"}
RESULT: {"using":"xpath","value":"//button[@data-kt=\"addNewRUOverflowToolbarButton\"]"}
COMMAND: POST /session/05d205f2c704c8761cd4c7880ec388f1/elements - {"using":"xpath","value":"//button[@data-kt=\"addNewRUOverflowToolbarButton\"]"}
RESULT: {"using":"xpath","value":"//button[@data-kt=\"addNewRUOverflowToolbarButton\"]"}
COMMAND: POST /session/05d205f2c704c8761cd4c7880ec388f1/elements - {"using":"xpath","value":"//button[@data-kt=\"addNewRUOverflowToolbarButton\"]"}
RESULT: {"using":"xpath","value":"//button[@data-kt=\"addNewRUOverflowToolbarButton\"]"}
COMMAND: POST /session/05d205f2c704c8761cd4c7880ec388f1/elements - {"using":"xpath","value":"//button[@data-kt=\"addNewRUOverflowToolbarButton\"]"}
RESULT: {"using":"xpath","value":"//button[@data-kt=\"addNewRUOverflowToolbarButton\"]"}
COMMAND: POST /session/05d205f2c704c8761cd4c7880ec388f1/elements - {"using":"xpath","value":"//button[@data-kt=\"addNewRUOverflowToolbarButton\"]"}
RESULT: {"using":"xpath","value":"//button[@data-kt=\"addNewRUOverflowToolbarButton\"]"}
COMMAND: POST /session/05d205f2c704c8761cd4c7880ec388f1/elements - {"using":"xpath","value":"//button[@data-kt=\"addNewRUOverflowToolbarButton\"]"}
RESULT: {"using":"xpath","value":"//button[@data-kt=\"addNewRUOverflowToolbarButton\"]"}
COMMAND: POST /session/05d205f2c704c8761cd4c7880ec388f1/elements - {"using":"xpath","value":"//button[@data-kt=\"addNewRUOverflowToolbarButton\"]"}
RESULT: {"using":"xpath","value":"//button[@data-kt=\"addNewRUOverflowToolbarButton\"]"}
COMMAND: POST /session/05d205f2c704c8761cd4c7880ec388f1/element - {"using":"xpath","value":"//button[@data-kt=\"addNewRUOverflowToolbarButton\"]"}
RESULT: {"using":"xpath","value":"//button[@data-kt=\"addNewRUOverflowToolbarButton\"]"}
COMMAND: POST /session/05d205f2c704c8761cd4c7880ec388f1/execute/sync - {"script":"<script> [8489 bytes]","args":[{"element-6066-11e4-a52e-4f735466cecf":"f.78DE901C7A9CD016362FC0FAB4BAF19C.d.52B7D5CCDC5C382B8BA6FBA0B953AA06.e.2675","ELEMENT":"f.78DE901C7A9CD016362FC0FAB4BAF19C.d.52B7D5CCDC5C382B8BA6FBA0B953AA06.e.2675"}]}
RESULT: {"script":"<script> [8489 bytes]","args":[{"element-6066-11e4-a52e-4f735466cecf":"f.78DE901C7A9CD016362FC0FAB4BAF19C.d.52B7D5CCDC5C382B8BA6FBA0B953AA06.e.2675","ELEMENT":"f.78DE901C7A9CD016362FC0FAB4BAF19C.d.52B7D5CCDC5C382B8BA6FBA0B953AA06.e.2675"}]}
COMMAND: GET /session/05d205f2c704c8761cd4c7880ec388f1/element/f.78DE901C7A9CD016362FC0FAB4BAF19C.d.52B7D5CCDC5C382B8BA6FBA0B953AA06.e.2675/enabled - {}
COMMAND: GET /session/05d205f2c704c8761cd4c7880ec388f1/screenshot - {}
RESULT: {}
COMMAND: POST /session/05d205f2c704c8761cd4c7880ec388f1/execute/sync - {"script":"<script> [8489 bytes]","args":[{"element-6066-11e4-a52e-4f735466cecf":"f.78DE901C7A9CD016362FC0FAB4BAF19C.d.52B7D5CCDC5C382B8BA6FBA0B953AA06.e.2675","ELEMENT":"f.78DE901C7A9CD016362FC0FAB4BAF19C.d.52B7D5CCDC5C382B8BA6FBA0B953AA06.e.2675"}]}
COMMAND: GET /session/05d205f2c704c8761cd4c7880ec388f1/screenshot - {}
RESULT: {}
RESULT: {"script":"<script> [8489 bytes]","args":[{"element-6066-11e4-a52e-4f735466cecf":"f.78DE901C7A9CD016362FC0FAB4BAF19C.d.52B7D5CCDC5C382B8BA6FBA0B953AA06.e.2675","ELEMENT":"f.78DE901C7A9CD016362FC0FAB4BAF19C.d.52B7D5CCDC5C382B8BA6FBA0B953AA06.e.2675"}]}
COMMAND: POST /session/05d205f2c704c8761cd4c7880ec388f1/execute/sync - {"script":"<script> [5351 bytes]","args":[{"element-6066-11e4-a52e-4f735466cecf":"f.78DE901C7A9CD016362FC0FAB4BAF19C.d.52B7D5CCDC5C382B8BA6FBA0B953AA06.e.2675","ELEMENT":"f.78DE901C7A9CD016362FC0FAB4BAF19C.d.52B7D5CCDC5C382B8BA6FBA0B953AA06.e.2675"}]}
COMMAND: GET /session/05d205f2c704c8761cd4c7880ec388f1/screenshot - {}
RESULT: {}
RESULT: {"script":"<script> [5351 bytes]","args":[{"element-6066-11e4-a52e-4f735466cecf":"f.78DE901C7A9CD016362FC0FAB4BAF19C.d.52B7D5CCDC5C382B8BA6FBA0B953AA06.e.2675","ELEMENT":"f.78DE901C7A9CD016362FC0FAB4BAF19C.d.52B7D5CCDC5C382B8BA6FBA0B953AA06.e.2675"}]}
COMMAND: POST /session/05d205f2c704c8761cd4c7880ec388f1/element/f.78DE901C7A9CD016362FC0FAB4BAF19C.d.52B7D5CCDC5C382B8BA6FBA0B953AA06.e.2675/click - {}
COMMAND: GET /session/05d205f2c704c8761cd4c7880ec388f1/screenshot - {}
RESULT: {}
RESULT: {}
COMMAND: GET /session/05d205f2c704c8761cd4c7880ec388f1/screenshot - {}
RESULT: {}
RESULT: {}
COMMAND: POST /session/05d205f2c704c8761cd4c7880ec388f1/execute/async - {"script":"<script> [1562 bytes]","args":[{"selector":{"id":"application-manageresources-display-component---newResourceUnit--TYPE-arrow"},"wdio_ui5_key":"applicationmanageresources-display-component---newResourceUnit--TYPE-arrow"}]}
RESULT: {"script":"<script> [1562 bytes]","args":[{"selector":{"id":"application-manageresources-display-component---newResourceUnit--TYPE-arrow"},"wdio_ui5_key":"applicationmanageresources-display-component---newResourceUnit--TYPE-arrow"}]}
RESULT: undefined
COMMAND: POST /session/05d205f2c704c8761cd4c7880ec388f1/element - {"using":"xpath","value":"//*[@id=\"application-manageresources-display-component---newResourceUnit--TYPE-arrow\"]"}
RESULT: {"using":"xpath","value":"//*[@id=\"application-manageresources-display-component---newResourceUnit--TYPE-arrow\"]"}
COMMAND: POST /session/05d205f2c704c8761cd4c7880ec388f1/element/f.78DE901C7A9CD016362FC0FAB4BAF19C.d.52B7D5CCDC5C382B8BA6FBA0B953AA06.e.2845/click - {}
RESULT: {}
COMMAND: POST /session/05d205f2c704c8761cd4c7880ec388f1/element - {"using":"xpath","value":"//input[@id=\"application-manageresources-display-component---newResourceUnit--TYPE-inner\"]"}
COMMAND: GET /session/05d205f2c704c8761cd4c7880ec388f1/screenshot - {}
RESULT: {"using":"xpath","value":"//input[@id=\"application-manageresources-display-component---newResourceUnit--TYPE-inner\"]"}
COMMAND: POST /session/05d205f2c704c8761cd4c7880ec388f1/element/f.78DE901C7A9CD016362FC0FAB4BAF19C.d.52B7D5CCDC5C382B8BA6FBA0B953AA06.e.2726/clear - {}
RESULT: {}
RESULT: {}
COMMAND: POST /session/05d205f2c704c8761cd4c7880ec388f1/element/f.78DE901C7A9CD016362FC0FAB4BAF19C.d.52B7D5CCDC5C382B8BA6FBA0B953AA06.e.2726/value - {"text":"Material"}
COMMAND: GET /session/05d205f2c704c8761cd4c7880ec388f1/screenshot - {}
RESULT: {"text":"Material"}
COMMAND: GET /session/05d205f2c704c8761cd4c7880ec388f1/screenshot - {}
RESULT: {}
RESULT: {}
COMMAND: POST /session/05d205f2c704c8761cd4c7880ec388f1/actions - {"actions":[{"id":"action8","type":"key","parameters":{},"actions":[{"type":"keyDown","value":"î€‡"},{"type":"pause","duration":10},{"type":"keyUp","value":"î€‡"}]}]}
RESULT: {"actions":[{"id":"action8","type":"key","parameters":{},"actions":[{"type":"keyDown","value":"î€‡"},{"type":"pause","duration":10},{"type":"keyUp","value":"î€‡"}]}]}
COMMAND: POST /session/05d205f2c704c8761cd4c7880ec388f1/execute/async - {"script":"<script> [1562 bytes]","args":[{"selector":{"id":"application-manageresources-display-component---newResourceUnit--SHORT_TEXT","interaction":{"idSuffix":"inner"}},"wdio_ui5_key":"applicationmanageresources-display-component---newResourceUnit--SHORT_TEXT"}]}
COMMAND: GET /session/05d205f2c704c8761cd4c7880ec388f1/screenshot - {}
RESULT: {"script":"<script> [1562 bytes]","args":[{"selector":{"id":"application-manageresources-display-component---newResourceUnit--SHORT_TEXT","interaction":{"idSuffix":"inner"}},"wdio_ui5_key":"applicationmanageresources-display-component---newResourceUnit--SHORT_TEXT"}]}
RESULT: undefined
COMMAND: POST /session/05d205f2c704c8761cd4c7880ec388f1/execute/async - {"script":"<script> [776 bytes]","args":[{"enterText":"Cement WDIO","selector":{"id":"application-manageresources-display-component---newResourceUnit--SHORT_TEXT","interaction":{"idSuffix":"inner"}},"clearTextFirst":true,"interactionType":"ENTER_TEXT"}]}
RESULT: {}
RESULT: {"script":"<script> [776 bytes]","args":[{"enterText":"Cement WDIO","selector":{"id":"application-manageresources-display-component---newResourceUnit--SHORT_TEXT","interaction":{"idSuffix":"inner"}},"clearTextFirst":true,"interactionType":"ENTER_TEXT"}]}
COMMAND: POST /session/05d205f2c704c8761cd4c7880ec388f1/execute/async - {"script":"<script> [1562 bytes]","args":[{"selector":{"id":"application-manageresources-display-component---newResourceUnit--BASE_UNIT_OF_MEASURE","interaction":{"idSuffix":"inner"}},"wdio_ui5_key":"applicationmanageresources-display-component---newResourceUnit--BASE_UNIT_OF_MEASURE"}]}
RESULT: {"script":"<script> [1562 bytes]","args":[{"selector":{"id":"application-manageresources-display-component---newResourceUnit--BASE_UNIT_OF_MEASURE","interaction":{"idSuffix":"inner"}},"wdio_ui5_key":"applicationmanageresources-display-component---newResourceUnit--BASE_UNIT_OF_MEASURE"}]}
RESULT: undefined
COMMAND: POST /session/05d205f2c704c8761cd4c7880ec388f1/execute/async - {"script":"<script> [776 bytes]","args":[{"enterText":"Piece","selector":{"id":"application-manageresources-display-component---newResourceUnit--BASE_UNIT_OF_MEASURE","interaction":{"idSuffix":"inner"}},"clearTextFirst":true,"interactionType":"ENTER_TEXT"}]}
RESULT: {"script":"<script> [776 bytes]","args":[{"enterText":"Piece","selector":{"id":"application-manageresources-display-component---newResourceUnit--BASE_UNIT_OF_MEASURE","interaction":{"idSuffix":"inner"}},"clearTextFirst":true,"interactionType":"ENTER_TEXT"}]}
COMMAND: POST /session/05d205f2c704c8761cd4c7880ec388f1/execute/async - {"script":"<script> [1562 bytes]","args":[{"selector":{"id":"application-manageresources-display-component---newResourceUnit--WEIGHT_UNIT","interaction":{"idSuffix":"inner"}},"wdio_ui5_key":"applicationmanageresources-display-component---newResourceUnit--WEIGHT_UNIT"}]}
RESULT: {"script":"<script> [1562 bytes]","args":[{"selector":{"id":"application-manageresources-display-component---newResourceUnit--WEIGHT_UNIT","interaction":{"idSuffix":"inner"}},"wdio_ui5_key":"applicationmanageresources-display-component---newResourceUnit--WEIGHT_UNIT"}]}
RESULT: undefined
COMMAND: POST /session/05d205f2c704c8761cd4c7880ec388f1/execute/async - {"script":"<script> [776 bytes]","args":[{"enterText":"Gram","selector":{"id":"application-manageresources-display-component---newResourceUnit--WEIGHT_UNIT","interaction":{"idSuffix":"inner"}},"clearTextFirst":true,"interactionType":"ENTER_TEXT"}]}
RESULT: {"script":"<script> [776 bytes]","args":[{"enterText":"Gram","selector":{"id":"application-manageresources-display-component---newResourceUnit--WEIGHT_UNIT","interaction":{"idSuffix":"inner"}},"clearTextFirst":true,"interactionType":"ENTER_TEXT"}]}
COMMAND: POST /session/05d205f2c704c8761cd4c7880ec388f1/execute/async - {"script":"<script> [1562 bytes]","args":[{"selector":{"id":"application-manageresources-display-component---newResourceUnit--DIMENSION_UNIT","interaction":{"idSuffix":"inner"}},"wdio_ui5_key":"applicationmanageresources-display-component---newResourceUnit--DIMENSION_UNIT"}]}
RESULT: {"script":"<script> [1562 bytes]","args":[{"selector":{"id":"application-manageresources-display-component---newResourceUnit--DIMENSION_UNIT","interaction":{"idSuffix":"inner"}},"wdio_ui5_key":"applicationmanageresources-display-component---newResourceUnit--DIMENSION_UNIT"}]}
RESULT: undefined
COMMAND: POST /session/05d205f2c704c8761cd4c7880ec388f1/execute/async - {"script":"<script> [776 bytes]","args":[{"enterText":"Meter","selector":{"id":"application-manageresources-display-component---newResourceUnit--DIMENSION_UNIT","interaction":{"idSuffix":"inner"}},"clearTextFirst":true,"interactionType":"ENTER_TEXT"}]}
RESULT: {"script":"<script> [776 bytes]","args":[{"enterText":"Meter","selector":{"id":"application-manageresources-display-component---newResourceUnit--DIMENSION_UNIT","interaction":{"idSuffix":"inner"}},"clearTextFirst":true,"interactionType":"ENTER_TEXT"}]}
COMMAND: POST /session/05d205f2c704c8761cd4c7880ec388f1/execute/async - {"script":"<script> [1562 bytes]","args":[{"selector":{"id":"application-manageresources-display-component---newResourceUnit--newRRUPage-anchBar-application-manageresources-display-component---newResourceUnit--control-anchor","interaction":{"idSuffix":"BDI-content"}},"wdio_ui5_key":"applicationmanageresources-display-component---newResourceUnit--newRRUPage-anchBar-application-manageresources-display-component---newResourceUnit--control-anchor"}]}
RESULT: {"script":"<script> [1562 bytes]","args":[{"selector":{"id":"application-manageresources-display-component---newResourceUnit--newRRUPage-anchBar-application-manageresources-display-component---newResourceUnit--control-anchor","interaction":{"idSuffix":"BDI-content"}},"wdio_ui5_key":"applicationmanageresources-display-component---newResourceUnit--newRRUPage-anchBar-application-manageresources-display-component---newResourceUnit--control-anchor"}]}
RESULT: undefined
COMMAND: POST /session/05d205f2c704c8761cd4c7880ec388f1/element - {"using":"xpath","value":"//*[@id=\"application-manageresources-display-component---newResourceUnit--newRRUPage-anchBar-application-manageresources-display-component---newResourceUnit--control-anchor\"]"}
RESULT: {"using":"xpath","value":"//*[@id=\"application-manageresources-display-component---newResourceUnit--newRRUPage-anchBar-application-manageresources-display-component---newResourceUnit--control-anchor\"]"}
COMMAND: POST /session/05d205f2c704c8761cd4c7880ec388f1/element/f.78DE901C7A9CD016362FC0FAB4BAF19C.d.52B7D5CCDC5C382B8BA6FBA0B953AA06.e.2911/click - {}
RESULT: {}
COMMAND: POST /session/05d205f2c704c8761cd4c7880ec388f1/execute/async - {"script":"<script> [1562 bytes]","args":[{"selector":{"id":"application-manageresources-display-component---newResourceUnit--PLANNING_GROUP","interaction":{"idSuffix":"inner"}},"wdio_ui5_key":"applicationmanageresources-display-component---newResourceUnit--PLANNING_GROUP"}]}
COMMAND: GET /session/05d205f2c704c8761cd4c7880ec388f1/screenshot - {}
RESULT: {"script":"<script> [1562 bytes]","args":[{"selector":{"id":"application-manageresources-display-component---newResourceUnit--PLANNING_GROUP","interaction":{"idSuffix":"inner"}},"wdio_ui5_key":"applicationmanageresources-display-component---newResourceUnit--PLANNING_GROUP"}]}
RESULT: undefined
COMMAND: POST /session/05d205f2c704c8761cd4c7880ec388f1/execute/async - {"script":"<script> [776 bytes]","args":[{"enterText":"Material","selector":{"id":"application-manageresources-display-component---newResourceUnit--PLANNING_GROUP","interaction":{"idSuffix":"inner"}},"clearTextFirst":true,"interactionType":"ENTER_TEXT"}]}
RESULT: {}
RESULT: {"script":"<script> [776 bytes]","args":[{"enterText":"Material","selector":{"id":"application-manageresources-display-component---newResourceUnit--PLANNING_GROUP","interaction":{"idSuffix":"inner"}},"clearTextFirst":true,"interactionType":"ENTER_TEXT"}]}
COMMAND: POST /session/05d205f2c704c8761cd4c7880ec388f1/execute/async - {"script":"<script> [1562 bytes]","args":[{"selector":{"id":"application-manageresources-display-component---newResourceUnit--PLANNING_INDICATOR","interaction":{"idSuffix":"inner"}},"wdio_ui5_key":"applicationmanageresources-display-component---newResourceUnit--PLANNING_INDICATOR"}]}
RESULT: {"script":"<script> [1562 bytes]","args":[{"selector":{"id":"application-manageresources-display-component---newResourceUnit--PLANNING_INDICATOR","interaction":{"idSuffix":"inner"}},"wdio_ui5_key":"applicationmanageresources-display-component---newResourceUnit--PLANNING_INDICATOR"}]}
RESULT: undefined
COMMAND: POST /session/05d205f2c704c8761cd4c7880ec388f1/execute/async - {"script":"<script> [776 bytes]","args":[{"enterText":"10 - infinite","selector":{"id":"application-manageresources-display-component---newResourceUnit--PLANNING_INDICATOR","interaction":{"idSuffix":"inner"}},"clearTextFirst":true,"interactionType":"ENTER_TEXT"}]}
RESULT: {"script":"<script> [776 bytes]","args":[{"enterText":"10 - infinite","selector":{"id":"application-manageresources-display-component---newResourceUnit--PLANNING_INDICATOR","interaction":{"idSuffix":"inner"}},"clearTextFirst":true,"interactionType":"ENTER_TEXT"}]}
COMMAND: POST /session/05d205f2c704c8761cd4c7880ec388f1/element - {"using":"css selector","value":"#application-manageresources-display-component---newResourceUnit--btnAddTimeSegment"}
RESULT: {"using":"css selector","value":"#application-manageresources-display-component---newResourceUnit--btnAddTimeSegment"}
COMMAND: GET /session/05d205f2c704c8761cd4c7880ec388f1/element/f.78DE901C7A9CD016362FC0FAB4BAF19C.d.52B7D5CCDC5C382B8BA6FBA0B953AA06.e.2921/rect - {}
RESULT: {}
COMMAND: GET /session/05d205f2c704c8761cd4c7880ec388f1/window/rect - {}
RESULT: {}
COMMAND: POST /session/05d205f2c704c8761cd4c7880ec388f1/execute/sync - {"script":"<script> [92 bytes]","args":[]}
RESULT: {"script":"<script> [92 bytes]","args":[]}
COMMAND: POST /session/05d205f2c704c8761cd4c7880ec388f1/actions - {"actions":[{"id":"action9","type":"wheel","parameters":{},"actions":[{"type":"scroll","x":-1888,"y":-32,"deltaX":0,"deltaY":0,"duration":0,"origin":{"element-6066-11e4-a52e-4f735466cecf":"f.78DE901C7A9CD016362FC0FAB4BAF19C.d.52B7D5CCDC5C382B8BA6FBA0B953AA06.e.2921"}}]}]}
COMMAND: GET /session/05d205f2c704c8761cd4c7880ec388f1/screenshot - {}
RESULT: {}
COMMAND: POST /session/05d205f2c704c8761cd4c7880ec388f1/execute/sync - {"script":"<script> [79 bytes]","args":[{"element-6066-11e4-a52e-4f735466cecf":"f.78DE901C7A9CD016362FC0FAB4BAF19C.d.52B7D5CCDC5C382B8BA6FBA0B953AA06.e.2921","ELEMENT":"f.78DE901C7A9CD016362FC0FAB4BAF19C.d.52B7D5CCDC5C382B8BA6FBA0B953AA06.e.2921"},{"block":"start","inline":"nearest"}]}
RESULT: {"script":"<script> [79 bytes]","args":[{"element-6066-11e4-a52e-4f735466cecf":"f.78DE901C7A9CD016362FC0FAB4BAF19C.d.52B7D5CCDC5C382B8BA6FBA0B953AA06.e.2921","ELEMENT":"f.78DE901C7A9CD016362FC0FAB4BAF19C.d.52B7D5CCDC5C382B8BA6FBA0B953AA06.e.2921"},{"block":"start","inline":"nearest"}]}
COMMAND: POST /session/05d205f2c704c8761cd4c7880ec388f1/execute/async - {"script":"<script> [1562 bytes]","args":[{"selector":{"id":"application-manageresources-display-component---newResourceUnit--btnAddTimeSegment","interaction":{"idSuffix":"inner"}},"wdio_ui5_key":"applicationmanageresources-display-component---newResourceUnit--btnAddTimeSegment"}]}
COMMAND: GET /session/05d205f2c704c8761cd4c7880ec388f1/screenshot - {}
RESULT: {"script":"<script> [1562 bytes]","args":[{"selector":{"id":"application-manageresources-display-component---newResourceUnit--btnAddTimeSegment","interaction":{"idSuffix":"inner"}},"wdio_ui5_key":"applicationmanageresources-display-component---newResourceUnit--btnAddTimeSegment"}]}
RESULT: undefined
COMMAND: POST /session/05d205f2c704c8761cd4c7880ec388f1/element - {"using":"xpath","value":"//*[@id=\"application-manageresources-display-component---newResourceUnit--btnAddTimeSegment\"]"}
RESULT: {}
RESULT: {"using":"xpath","value":"//*[@id=\"application-manageresources-display-component---newResourceUnit--btnAddTimeSegment\"]"}
COMMAND: POST /session/05d205f2c704c8761cd4c7880ec388f1/element/f.78DE901C7A9CD016362FC0FAB4BAF19C.d.52B7D5CCDC5C382B8BA6FBA0B953AA06.e.2921/click - {}
RESULT: {}
COMMAND: GET /session/05d205f2c704c8761cd4c7880ec388f1/screenshot - {}
RESULT: {}
COMMAND: POST /session/05d205f2c704c8761cd4c7880ec388f1/element - {"using":"xpath","value":"//input[@id=\"application-manageresources-display-component---newResourceUnit--idRuTSAdmin-application-manageresources-display-component---newResourceUnit--RUTimeSegment-0-inner\"]"}
RESULT: {"using":"xpath","value":"//input[@id=\"application-manageresources-display-component---newResourceUnit--idRuTSAdmin-application-manageresources-display-component---newResourceUnit--RUTimeSegment-0-inner\"]"}
COMMAND: POST /session/05d205f2c704c8761cd4c7880ec388f1/element/f.78DE901C7A9CD016362FC0FAB4BAF19C.d.52B7D5CCDC5C382B8BA6FBA0B953AA06.e.2926/clear - {}
RESULT: {}
COMMAND: POST /session/05d205f2c704c8761cd4c7880ec388f1/element/f.78DE901C7A9CD016362FC0FAB4BAF19C.d.52B7D5CCDC5C382B8BA6FBA0B953AA06.e.2926/value - {"text":"618"}
COMMAND: GET /session/05d205f2c704c8761cd4c7880ec388f1/screenshot - {}
RESULT: {"text":"618"}
COMMAND: GET /session/05d205f2c704c8761cd4c7880ec388f1/screenshot - {}
RESULT: {}
RESULT: {}
COMMAND: POST /session/05d205f2c704c8761cd4c7880ec388f1/element - {"using":"xpath","value":"//li[.//span[text()='618']]"}
RESULT: {"using":"xpath","value":"//li[.//span[text()='618']]"}
COMMAND: POST /session/05d205f2c704c8761cd4c7880ec388f1/element/f.78DE901C7A9CD016362FC0FAB4BAF19C.d.52B7D5CCDC5C382B8BA6FBA0B953AA06.e.2936/click - {}
RESULT: {}
COMMAND: GET /session/05d205f2c704c8761cd4c7880ec388f1/screenshot - {}
RESULT: {}
COMMAND: POST /session/05d205f2c704c8761cd4c7880ec388f1/element - {"using":"xpath","value":"(//span[contains(@id, \"-application-manageresources-display-component---newResourceUnit--RUTimeSegment-0-arrow\")])[2]"}
RESULT: {"using":"xpath","value":"(//span[contains(@id, \"-application-manageresources-display-component---newResourceUnit--RUTimeSegment-0-arrow\")])[2]"}
COMMAND: POST /session/05d205f2c704c8761cd4c7880ec388f1/element/f.78DE901C7A9CD016362FC0FAB4BAF19C.d.52B7D5CCDC5C382B8BA6FBA0B953AA06.e.2937/click - {}
RESULT: {}
COMMAND: POST /session/05d205f2c704c8761cd4c7880ec388f1/element - {"using":"xpath","value":"//span[contains(text(), \"PM Order\")]"}
COMMAND: GET /session/05d205f2c704c8761cd4c7880ec388f1/screenshot - {}
RESULT: {"using":"xpath","value":"//span[contains(text(), \"PM Order\")]"}
COMMAND: POST /session/05d205f2c704c8761cd4c7880ec388f1/element/f.78DE901C7A9CD016362FC0FAB4BAF19C.d.52B7D5CCDC5C382B8BA6FBA0B953AA06.e.2938/click - {}
RESULT: {}
RESULT: {}
COMMAND: GET /session/05d205f2c704c8761cd4c7880ec388f1/screenshot - {}
RESULT: {}
COMMAND: POST /session/05d205f2c704c8761cd4c7880ec388f1/element - {"using":"xpath","value":"//td/div/div/div/span[contains(@id, \"newResourceUnit--RUTimeSegment-0-vhi\")][1]"}
RESULT: {"using":"xpath","value":"//td/div/div/div/span[contains(@id, \"newResourceUnit--RUTimeSegment-0-vhi\")][1]"}
COMMAND: GET /session/05d205f2c704c8761cd4c7880ec388f1/element/f.78DE901C7A9CD016362FC0FAB4BAF19C.d.52B7D5CCDC5C382B8BA6FBA0B953AA06.e.2942/rect - {}
RESULT: {}
COMMAND: GET /session/05d205f2c704c8761cd4c7880ec388f1/window/rect - {}
RESULT: {}
COMMAND: POST /session/05d205f2c704c8761cd4c7880ec388f1/execute/sync - {"script":"<script> [92 bytes]","args":[]}
RESULT: {"script":"<script> [92 bytes]","args":[]}
COMMAND: POST /session/05d205f2c704c8761cd4c7880ec388f1/actions - {"actions":[{"id":"action10","type":"wheel","parameters":{},"actions":[{"type":"scroll","x":-1888,"y":-24,"deltaX":0,"deltaY":0,"duration":0,"origin":{"element-6066-11e4-a52e-4f735466cecf":"f.78DE901C7A9CD016362FC0FAB4BAF19C.d.52B7D5CCDC5C382B8BA6FBA0B953AA06.e.2942"}}]}]}
COMMAND: GET /session/05d205f2c704c8761cd4c7880ec388f1/screenshot - {}
RESULT: {}
COMMAND: POST /session/05d205f2c704c8761cd4c7880ec388f1/execute/sync - {"script":"<script> [79 bytes]","args":[{"element-6066-11e4-a52e-4f735466cecf":"f.78DE901C7A9CD016362FC0FAB4BAF19C.d.52B7D5CCDC5C382B8BA6FBA0B953AA06.e.2942","ELEMENT":"f.78DE901C7A9CD016362FC0FAB4BAF19C.d.52B7D5CCDC5C382B8BA6FBA0B953AA06.e.2942"},{"block":"start","inline":"nearest"}]}
RESULT: {"script":"<script> [79 bytes]","args":[{"element-6066-11e4-a52e-4f735466cecf":"f.78DE901C7A9CD016362FC0FAB4BAF19C.d.52B7D5CCDC5C382B8BA6FBA0B953AA06.e.2942","ELEMENT":"f.78DE901C7A9CD016362FC0FAB4BAF19C.d.52B7D5CCDC5C382B8BA6FBA0B953AA06.e.2942"},{"block":"start","inline":"nearest"}]}
COMMAND: GET /session/05d205f2c704c8761cd4c7880ec388f1/screenshot - {}
RESULT: {}
COMMAND: POST /session/05d205f2c704c8761cd4c7880ec388f1/element/f.78DE901C7A9CD016362FC0FAB4BAF19C.d.52B7D5CCDC5C382B8BA6FBA0B953AA06.e.2942/click - {}
RESULT: {}
COMMAND: GET /session/05d205f2c704c8761cd4c7880ec388f1/screenshot - {}
RESULT: {}
RESULT: undefined
COMMAND: POST /session/05d205f2c704c8761cd4c7880ec388f1/execute/async - {"script":"<script> [776 bytes]","args":[{"enterText":"4000360","selector":{"controlType":"sap.m.SearchField","properties":{"placeholder":"Search"},"searchOpenDialogs":true,"interaction":{"idSuffix":"I"}},"clearTextFirst":true,"interactionType":"ENTER_TEXT"}]}
RESULT: {"script":"<script> [776 bytes]","args":[{"enterText":"4000360","selector":{"controlType":"sap.m.SearchField","properties":{"placeholder":"Search"},"searchOpenDialogs":true,"interaction":{"idSuffix":"I"}},"clearTextFirst":true,"interactionType":"ENTER_TEXT"}]}
COMMAND: POST /session/05d205f2c704c8761cd4c7880ec388f1/actions - {"actions":[{"id":"action11","type":"key","parameters":{},"actions":[{"type":"keyDown","value":"î€‡"},{"type":"pause","duration":10},{"type":"keyUp","value":"î€‡"}]}]}
RESULT: {"actions":[{"id":"action11","type":"key","parameters":{},"actions":[{"type":"keyDown","value":"î€‡"},{"type":"pause","duration":10},{"type":"keyUp","value":"î€‡"}]}]}
COMMAND: GET /session/05d205f2c704c8761cd4c7880ec388f1/screenshot - {}
RESULT: {}
COMMAND: POST /session/05d205f2c704c8761cd4c7880ec388f1/element - {"using":"xpath","value":"//td/div/span[contains(text(), \"BGL Vehicles\")]"}
RESULT: {"using":"xpath","value":"//td/div/span[contains(text(), \"BGL Vehicles\")]"}
COMMAND: POST /session/05d205f2c704c8761cd4c7880ec388f1/element/f.78DE901C7A9CD016362FC0FAB4BAF19C.d.52B7D5CCDC5C382B8BA6FBA0B953AA06.e.2961/click - {}
RESULT: {}
COMMAND: GET /session/05d205f2c704c8761cd4c7880ec388f1/screenshot - {}
RESULT: {}
COMMAND: POST /session/05d205f2c704c8761cd4c7880ec388f1/element - {"using":"xpath","value":"//bdi[contains(text(), \"OK\")]"}
RESULT: {"using":"xpath","value":"//bdi[contains(text(), \"OK\")]"}
COMMAND: POST /session/05d205f2c704c8761cd4c7880ec388f1/element/f.78DE901C7A9CD016362FC0FAB4BAF19C.d.52B7D5CCDC5C382B8BA6FBA0B953AA06.e.2962/click - {}
RESULT: {}
COMMAND: GET /session/05d205f2c704c8761cd4c7880ec388f1/screenshot - {}
RESULT: {}
COMMAND: POST /session/05d205f2c704c8761cd4c7880ec388f1/element - {"using":"xpath","value":"//button[@data-kt=\"resourceUnitSaveButton\"]"}
RESULT: {"using":"xpath","value":"//button[@data-kt=\"resourceUnitSaveButton\"]"}
COMMAND: POST /session/05d205f2c704c8761cd4c7880ec388f1/element/f.78DE901C7A9CD016362FC0FAB4BAF19C.d.52B7D5CCDC5C382B8BA6FBA0B953AA06.e.2862/click - {}
RESULT: {}
COMMAND: GET /session/05d205f2c704c8761cd4c7880ec388f1/screenshot - {}
RESULT: {}
COMMAND: POST /session/05d205f2c704c8761cd4c7880ec388f1/element - {"using":"xpath","value":"//bdi[contains(text(), \"Close\")]"}
RESULT: {"using":"xpath","value":"//bdi[contains(text(), \"Close\")]"}
COMMAND: POST /session/05d205f2c704c8761cd4c7880ec388f1/element/f.78DE901C7A9CD016362FC0FAB4BAF19C.d.52B7D5CCDC5C382B8BA6FBA0B953AA06.e.2969/click - {}
RESULT: {}
COMMAND: GET /session/05d205f2c704c8761cd4c7880ec388f1/screenshot - {}
RESULT: {}
COMMAND: POST /session/05d205f2c704c8761cd4c7880ec388f1/element - {"using":"xpath","value":"//header[contains(@id, 'detailRruPage-headerTitle')]/div[1]/div[2]/div[2]/span[1]"}
RESULT: {"using":"xpath","value":"//header[contains(@id, 'detailRruPage-headerTitle')]/div[1]/div[2]/div[2]/span[1]"}
COMMAND: POST /session/05d205f2c704c8761cd4c7880ec388f1/elements - {"using":"xpath","value":"//header[contains(@id, 'detailRruPage-headerTitle')]/div[1]/div[2]/div[2]/span[1]"}
RESULT: {"using":"xpath","value":"//header[contains(@id, 'detailRruPage-headerTitle')]/div[1]/div[2]/div[2]/span[1]"}
COMMAND: POST /session/05d205f2c704c8761cd4c7880ec388f1/execute/sync - {"script":"<script> [56 bytes]","args":[{"element-6066-11e4-a52e-4f735466cecf":"f.78DE901C7A9CD016362FC0FAB4BAF19C.d.52B7D5CCDC5C382B8BA6FBA0B953AA06.e.3002","ELEMENT":"f.78DE901C7A9CD016362FC0FAB4BAF19C.d.52B7D5CCDC5C382B8BA6FBA0B953AA06.e.3002"}]}
RESULT: {"script":"<script> [56 bytes]","args":[{"element-6066-11e4-a52e-4f735466cecf":"f.78DE901C7A9CD016362FC0FAB4BAF19C.d.52B7D5CCDC5C382B8BA6FBA0B953AA06.e.3002","ELEMENT":"f.78DE901C7A9CD016362FC0FAB4BAF19C.d.52B7D5CCDC5C382B8BA6FBA0B953AA06.e.3002"}]}
COMMAND: POST /session/05d205f2c704c8761cd4c7880ec388f1/element - {"using":"css selector","value":"#shell-header-logo"}
COMMAND: GET /session/05d205f2c704c8761cd4c7880ec388f1/screenshot - {}
RESULT: {"using":"css selector","value":"#shell-header-logo"}
COMMAND: POST /session/05d205f2c704c8761cd4c7880ec388f1/element/f.78DE901C7A9CD016362FC0FAB4BAF19C.d.52B7D5CCDC5C382B8BA6FBA0B953AA06.e.2647/click - {}
RESULT: {}
RESULT: {}
COMMAND: GET /session/05d205f2c704c8761cd4c7880ec388f1/screenshot - {}
RESULT: {}
]]></system-out>
    </testcase>
    <testcase classname="chrome.135_0_7049_115.windows.Prerequisites_&amp;_test_for_yard_mass_return_on_Yard_Overview_US131057" name="Prereq Should do stock increase" time="100.528">
      <system-out><![CDATA[
COMMAND: POST /session/05d205f2c704c8761cd4c7880ec388f1/execute/async - {"script":"<script> [1562 bytes]","args":[{"selector":{"controlType":"sap.m.Text","viewName":"etm.portal.ui.managehandoverstile.view.Master","properties":{"text":"Manage Handovers"},"interaction":{"idSuffix":"inner"}},"wdio_ui5_key":"etmportal.ui.managehandoverstile.view.Mastersap.m.Text{\"text\":\"Manage Handovers\"}"}]}
RESULT: {"script":"<script> [1562 bytes]","args":[{"selector":{"controlType":"sap.m.Text","viewName":"etm.portal.ui.managehandoverstile.view.Master","properties":{"text":"Manage Handovers"},"interaction":{"idSuffix":"inner"}},"wdio_ui5_key":"etmportal.ui.managehandoverstile.view.Mastersap.m.Text{\"text\":\"Manage Handovers\"}"}]}
RESULT: undefined
COMMAND: POST /session/05d205f2c704c8761cd4c7880ec388f1/element - {"using":"xpath","value":"//*[@id=\"__tile132-title\"]"}
RESULT: {"using":"xpath","value":"//*[@id=\"__tile132-title\"]"}
COMMAND: POST /session/05d205f2c704c8761cd4c7880ec388f1/element/f.78DE901C7A9CD016362FC0FAB4BAF19C.d.52B7D5CCDC5C382B8BA6FBA0B953AA06.e.3005/click - {}
RESULT: {}
COMMAND: POST /session/05d205f2c704c8761cd4c7880ec388f1/element - {"using":"xpath","value":"//button[@data-kt=\"masterHOAddButton\"]"}
COMMAND: GET /session/05d205f2c704c8761cd4c7880ec388f1/screenshot - {}
RESULT: {"using":"xpath","value":"//button[@data-kt=\"masterHOAddButton\"]"}
COMMAND: POST /session/05d205f2c704c8761cd4c7880ec388f1/elements - {"using":"xpath","value":"//button[@data-kt=\"masterHOAddButton\"]"}
RESULT: {}
RESULT: {"using":"xpath","value":"//button[@data-kt=\"masterHOAddButton\"]"}
COMMAND: POST /session/05d205f2c704c8761cd4c7880ec388f1/elements - {"using":"xpath","value":"//button[@data-kt=\"masterHOAddButton\"]"}
RESULT: {"using":"xpath","value":"//button[@data-kt=\"masterHOAddButton\"]"}
COMMAND: POST /session/05d205f2c704c8761cd4c7880ec388f1/elements - {"using":"xpath","value":"//button[@data-kt=\"masterHOAddButton\"]"}
RESULT: {"using":"xpath","value":"//button[@data-kt=\"masterHOAddButton\"]"}
COMMAND: POST /session/05d205f2c704c8761cd4c7880ec388f1/elements - {"using":"xpath","value":"//button[@data-kt=\"masterHOAddButton\"]"}
RESULT: {"using":"xpath","value":"//button[@data-kt=\"masterHOAddButton\"]"}
COMMAND: POST /session/05d205f2c704c8761cd4c7880ec388f1/elements - {"using":"xpath","value":"//button[@data-kt=\"masterHOAddButton\"]"}
RESULT: {"using":"xpath","value":"//button[@data-kt=\"masterHOAddButton\"]"}
COMMAND: POST /session/05d205f2c704c8761cd4c7880ec388f1/elements - {"using":"xpath","value":"//button[@data-kt=\"masterHOAddButton\"]"}
RESULT: {"using":"xpath","value":"//button[@data-kt=\"masterHOAddButton\"]"}
COMMAND: POST /session/05d205f2c704c8761cd4c7880ec388f1/elements - {"using":"xpath","value":"//button[@data-kt=\"masterHOAddButton\"]"}
RESULT: {"using":"xpath","value":"//button[@data-kt=\"masterHOAddButton\"]"}
COMMAND: POST /session/05d205f2c704c8761cd4c7880ec388f1/elements - {"using":"xpath","value":"//button[@data-kt=\"masterHOAddButton\"]"}
RESULT: {"using":"xpath","value":"//button[@data-kt=\"masterHOAddButton\"]"}
COMMAND: POST /session/05d205f2c704c8761cd4c7880ec388f1/elements - {"using":"xpath","value":"//button[@data-kt=\"masterHOAddButton\"]"}
RESULT: {"using":"xpath","value":"//button[@data-kt=\"masterHOAddButton\"]"}
COMMAND: POST /session/05d205f2c704c8761cd4c7880ec388f1/elements - {"using":"xpath","value":"//button[@data-kt=\"masterHOAddButton\"]"}
RESULT: {"using":"xpath","value":"//button[@data-kt=\"masterHOAddButton\"]"}
COMMAND: POST /session/05d205f2c704c8761cd4c7880ec388f1/elements - {"using":"xpath","value":"//button[@data-kt=\"masterHOAddButton\"]"}
RESULT: {"using":"xpath","value":"//button[@data-kt=\"masterHOAddButton\"]"}
COMMAND: POST /session/05d205f2c704c8761cd4c7880ec388f1/elements - {"using":"xpath","value":"//button[@data-kt=\"masterHOAddButton\"]"}
RESULT: {"using":"xpath","value":"//button[@data-kt=\"masterHOAddButton\"]"}
COMMAND: POST /session/05d205f2c704c8761cd4c7880ec388f1/elements - {"using":"xpath","value":"//button[@data-kt=\"masterHOAddButton\"]"}
RESULT: {"using":"xpath","value":"//button[@data-kt=\"masterHOAddButton\"]"}
COMMAND: POST /session/05d205f2c704c8761cd4c7880ec388f1/elements - {"using":"xpath","value":"//button[@data-kt=\"masterHOAddButton\"]"}
RESULT: {"using":"xpath","value":"//button[@data-kt=\"masterHOAddButton\"]"}
COMMAND: POST /session/05d205f2c704c8761cd4c7880ec388f1/elements - {"using":"xpath","value":"//button[@data-kt=\"masterHOAddButton\"]"}
RESULT: {"using":"xpath","value":"//button[@data-kt=\"masterHOAddButton\"]"}
COMMAND: POST /session/05d205f2c704c8761cd4c7880ec388f1/elements - {"using":"xpath","value":"//button[@data-kt=\"masterHOAddButton\"]"}
RESULT: {"using":"xpath","value":"//button[@data-kt=\"masterHOAddButton\"]"}
COMMAND: POST /session/05d205f2c704c8761cd4c7880ec388f1/elements - {"using":"xpath","value":"//button[@data-kt=\"masterHOAddButton\"]"}
RESULT: {"using":"xpath","value":"//button[@data-kt=\"masterHOAddButton\"]"}
COMMAND: POST /session/05d205f2c704c8761cd4c7880ec388f1/element - {"using":"xpath","value":"//button[@data-kt=\"masterHOAddButton\"]"}
RESULT: {"using":"xpath","value":"//button[@data-kt=\"masterHOAddButton\"]"}
COMMAND: POST /session/05d205f2c704c8761cd4c7880ec388f1/execute/sync - {"script":"<script> [8489 bytes]","args":[{"element-6066-11e4-a52e-4f735466cecf":"f.78DE901C7A9CD016362FC0FAB4BAF19C.d.52B7D5CCDC5C382B8BA6FBA0B953AA06.e.3036","ELEMENT":"f.78DE901C7A9CD016362FC0FAB4BAF19C.d.52B7D5CCDC5C382B8BA6FBA0B953AA06.e.3036"}]}
RESULT: {"script":"<script> [8489 bytes]","args":[{"element-6066-11e4-a52e-4f735466cecf":"f.78DE901C7A9CD016362FC0FAB4BAF19C.d.52B7D5CCDC5C382B8BA6FBA0B953AA06.e.3036","ELEMENT":"f.78DE901C7A9CD016362FC0FAB4BAF19C.d.52B7D5CCDC5C382B8BA6FBA0B953AA06.e.3036"}]}
COMMAND: GET /session/05d205f2c704c8761cd4c7880ec388f1/element/f.78DE901C7A9CD016362FC0FAB4BAF19C.d.52B7D5CCDC5C382B8BA6FBA0B953AA06.e.3036/enabled - {}
COMMAND: GET /session/05d205f2c704c8761cd4c7880ec388f1/screenshot - {}
RESULT: {}
COMMAND: POST /session/05d205f2c704c8761cd4c7880ec388f1/execute/sync - {"script":"<script> [8489 bytes]","args":[{"element-6066-11e4-a52e-4f735466cecf":"f.78DE901C7A9CD016362FC0FAB4BAF19C.d.52B7D5CCDC5C382B8BA6FBA0B953AA06.e.3036","ELEMENT":"f.78DE901C7A9CD016362FC0FAB4BAF19C.d.52B7D5CCDC5C382B8BA6FBA0B953AA06.e.3036"}]}
COMMAND: GET /session/05d205f2c704c8761cd4c7880ec388f1/screenshot - {}
RESULT: {}
RESULT: {"script":"<script> [8489 bytes]","args":[{"element-6066-11e4-a52e-4f735466cecf":"f.78DE901C7A9CD016362FC0FAB4BAF19C.d.52B7D5CCDC5C382B8BA6FBA0B953AA06.e.3036","ELEMENT":"f.78DE901C7A9CD016362FC0FAB4BAF19C.d.52B7D5CCDC5C382B8BA6FBA0B953AA06.e.3036"}]}
COMMAND: POST /session/05d205f2c704c8761cd4c7880ec388f1/execute/sync - {"script":"<script> [5351 bytes]","args":[{"element-6066-11e4-a52e-4f735466cecf":"f.78DE901C7A9CD016362FC0FAB4BAF19C.d.52B7D5CCDC5C382B8BA6FBA0B953AA06.e.3036","ELEMENT":"f.78DE901C7A9CD016362FC0FAB4BAF19C.d.52B7D5CCDC5C382B8BA6FBA0B953AA06.e.3036"}]}
COMMAND: GET /session/05d205f2c704c8761cd4c7880ec388f1/screenshot - {}
RESULT: {}
RESULT: {"script":"<script> [5351 bytes]","args":[{"element-6066-11e4-a52e-4f735466cecf":"f.78DE901C7A9CD016362FC0FAB4BAF19C.d.52B7D5CCDC5C382B8BA6FBA0B953AA06.e.3036","ELEMENT":"f.78DE901C7A9CD016362FC0FAB4BAF19C.d.52B7D5CCDC5C382B8BA6FBA0B953AA06.e.3036"}]}
COMMAND: POST /session/05d205f2c704c8761cd4c7880ec388f1/element/f.78DE901C7A9CD016362FC0FAB4BAF19C.d.52B7D5CCDC5C382B8BA6FBA0B953AA06.e.3036/click - {}
COMMAND: GET /session/05d205f2c704c8761cd4c7880ec388f1/screenshot - {}
RESULT: {}
RESULT: {}
COMMAND: GET /session/05d205f2c704c8761cd4c7880ec388f1/screenshot - {}
RESULT: {}
COMMAND: POST /session/05d205f2c704c8761cd4c7880ec388f1/element - {"using":"xpath","value":"//span[contains(@id ,\"AddNewHO--typeSelect-arrow\")]"}
RESULT: {}
RESULT: {"using":"xpath","value":"//span[contains(@id ,\"AddNewHO--typeSelect-arrow\")]"}
COMMAND: POST /session/05d205f2c704c8761cd4c7880ec388f1/element/f.78DE901C7A9CD016362FC0FAB4BAF19C.d.52B7D5CCDC5C382B8BA6FBA0B953AA06.e.3403/click - {}
RESULT: {}
COMMAND: GET /session/05d205f2c704c8761cd4c7880ec388f1/screenshot - {}
RESULT: {}
COMMAND: POST /session/05d205f2c704c8761cd4c7880ec388f1/element - {"using":"xpath","value":"(//li[contains(text(), \"stock increase yard\")])[1]"}
RESULT: {"using":"xpath","value":"(//li[contains(text(), \"stock increase yard\")])[1]"}
COMMAND: POST /session/05d205f2c704c8761cd4c7880ec388f1/element/f.78DE901C7A9CD016362FC0FAB4BAF19C.d.52B7D5CCDC5C382B8BA6FBA0B953AA06.e.3404/click - {}
RESULT: {}
COMMAND: GET /session/05d205f2c704c8761cd4c7880ec388f1/screenshot - {}
RESULT: {}
COMMAND: POST /session/05d205f2c704c8761cd4c7880ec388f1/execute/async - {"script":"<script> [1562 bytes]","args":[{"selector":{"id":"application-managehandovers-display-component---AddNewHO--dueDate","interaction":{"idSuffix":"inner"}},"wdio_ui5_key":"applicationmanagehandovers-display-component---AddNewHO--dueDate"}]}
RESULT: {"script":"<script> [1562 bytes]","args":[{"selector":{"id":"application-managehandovers-display-component---AddNewHO--dueDate","interaction":{"idSuffix":"inner"}},"wdio_ui5_key":"applicationmanagehandovers-display-component---AddNewHO--dueDate"}]}
RESULT: undefined
COMMAND: POST /session/05d205f2c704c8761cd4c7880ec388f1/execute/async - {"script":"<script> [6424 bytes]","args":[{"element-6066-11e4-a52e-4f735466cecf":"f.78DE901C7A9CD016362FC0FAB4BAF19C.d.52B7D5CCDC5C382B8BA6FBA0B953AA06.e.3406"},"setValue",["05/06/2025"]]}
RESULT: {"script":"<script> [6424 bytes]","args":[{"element-6066-11e4-a52e-4f735466cecf":"f.78DE901C7A9CD016362FC0FAB4BAF19C.d.52B7D5CCDC5C382B8BA6FBA0B953AA06.e.3406"},"setValue",["05/06/2025"]]}
COMMAND: POST /session/05d205f2c704c8761cd4c7880ec388f1/element - {"using":"xpath","value":"//input[@id=\"generalSectionFrg--receiveYard-inner\"]"}
RESULT: {"using":"xpath","value":"//input[@id=\"generalSectionFrg--receiveYard-inner\"]"}
COMMAND: POST /session/05d205f2c704c8761cd4c7880ec388f1/element/f.78DE901C7A9CD016362FC0FAB4BAF19C.d.52B7D5CCDC5C382B8BA6FBA0B953AA06.e.3412/clear - {}
RESULT: {}
COMMAND: POST /session/05d205f2c704c8761cd4c7880ec388f1/element/f.78DE901C7A9CD016362FC0FAB4BAF19C.d.52B7D5CCDC5C382B8BA6FBA0B953AA06.e.3412/value - {"text":"618"}
COMMAND: GET /session/05d205f2c704c8761cd4c7880ec388f1/screenshot - {}
RESULT: {"text":"618"}
COMMAND: GET /session/05d205f2c704c8761cd4c7880ec388f1/screenshot - {}
RESULT: {}
RESULT: {}
COMMAND: POST /session/05d205f2c704c8761cd4c7880ec388f1/element - {"using":"xpath","value":"//li[.//span[text()='618']]"}
RESULT: {"using":"xpath","value":"//li[.//span[text()='618']]"}
COMMAND: POST /session/05d205f2c704c8761cd4c7880ec388f1/element/f.78DE901C7A9CD016362FC0FAB4BAF19C.d.52B7D5CCDC5C382B8BA6FBA0B953AA06.e.3430/click - {}
RESULT: {}
COMMAND: GET /session/05d205f2c704c8761cd4c7880ec388f1/screenshot - {}
RESULT: {}
COMMAND: POST /session/05d205f2c704c8761cd4c7880ec388f1/execute/async - {"script":"<script> [1562 bytes]","args":[{"selector":{"id":"application-managehandovers-display-component---AddNewHO--ObjectPageLayout-anchBar-application-managehandovers-display-component---AddNewHO--section4-anchor","interaction":{"idSuffix":"BDI-content"}},"wdio_ui5_key":"applicationmanagehandovers-display-component---AddNewHO--ObjectPageLayout-anchBar-application-managehandovers-display-component---AddNewHO--section4-anchor"}]}
RESULT: {"script":"<script> [1562 bytes]","args":[{"selector":{"id":"application-managehandovers-display-component---AddNewHO--ObjectPageLayout-anchBar-application-managehandovers-display-component---AddNewHO--section4-anchor","interaction":{"idSuffix":"BDI-content"}},"wdio_ui5_key":"applicationmanagehandovers-display-component---AddNewHO--ObjectPageLayout-anchBar-application-managehandovers-display-component---AddNewHO--section4-anchor"}]}
RESULT: undefined
COMMAND: POST /session/05d205f2c704c8761cd4c7880ec388f1/element - {"using":"xpath","value":"//*[@id=\"application-managehandovers-display-component---AddNewHO--ObjectPageLayout-anchBar-application-managehandovers-display-component---AddNewHO--section4-anchor\"]"}
RESULT: {"using":"xpath","value":"//*[@id=\"application-managehandovers-display-component---AddNewHO--ObjectPageLayout-anchBar-application-managehandovers-display-component---AddNewHO--section4-anchor\"]"}
COMMAND: POST /session/05d205f2c704c8761cd4c7880ec388f1/element/f.78DE901C7A9CD016362FC0FAB4BAF19C.d.52B7D5CCDC5C382B8BA6FBA0B953AA06.e.3432/click - {}
RESULT: {}
COMMAND: POST /session/05d205f2c704c8761cd4c7880ec388f1/element - {"using":"xpath","value":"//button[@aria-label=\"Add\"]"}
COMMAND: GET /session/05d205f2c704c8761cd4c7880ec388f1/screenshot - {}
RESULT: {"using":"xpath","value":"//button[@aria-label=\"Add\"]"}
COMMAND: POST /session/05d205f2c704c8761cd4c7880ec388f1/element/f.78DE901C7A9CD016362FC0FAB4BAF19C.d.52B7D5CCDC5C382B8BA6FBA0B953AA06.e.3436/click - {}
RESULT: {}
RESULT: {}
COMMAND: GET /session/05d205f2c704c8761cd4c7880ec388f1/screenshot - {}
RESULT: {}
COMMAND: POST /session/05d205f2c704c8761cd4c7880ec388f1/execute/async - {"script":"<script> [1562 bytes]","args":[{"selector":{"id":"application-managehandovers-display-component---AddNewHO--smartFilterBar-btnBasicSearch","searchOpenDialogs":true,"interaction":{"idSuffix":"I"}},"wdio_ui5_key":"applicationmanagehandovers-display-component---AddNewHO--smartFilterBar-btnBasicSearch"}]}
RESULT: {"script":"<script> [1562 bytes]","args":[{"selector":{"id":"application-managehandovers-display-component---AddNewHO--smartFilterBar-btnBasicSearch","searchOpenDialogs":true,"interaction":{"idSuffix":"I"}},"wdio_ui5_key":"applicationmanagehandovers-display-component---AddNewHO--smartFilterBar-btnBasicSearch"}]}
RESULT: undefined
COMMAND: POST /session/05d205f2c704c8761cd4c7880ec388f1/execute/async - {"script":"<script> [776 bytes]","args":[{"enterText":"200340","selector":{"id":"application-managehandovers-display-component---AddNewHO--smartFilterBar-btnBasicSearch","searchOpenDialogs":true,"interaction":{"idSuffix":"I"}},"clearTextFirst":true,"interactionType":"ENTER_TEXT"}]}
RESULT: {"script":"<script> [776 bytes]","args":[{"enterText":"200340","selector":{"id":"application-managehandovers-display-component---AddNewHO--smartFilterBar-btnBasicSearch","searchOpenDialogs":true,"interaction":{"idSuffix":"I"}},"clearTextFirst":true,"interactionType":"ENTER_TEXT"}]}
COMMAND: POST /session/05d205f2c704c8761cd4c7880ec388f1/actions - {"actions":[{"id":"action12","type":"key","parameters":{},"actions":[{"type":"keyDown","value":"î€‡"},{"type":"pause","duration":10},{"type":"keyUp","value":"î€‡"}]}]}
RESULT: {"actions":[{"id":"action12","type":"key","parameters":{},"actions":[{"type":"keyDown","value":"î€‡"},{"type":"pause","duration":10},{"type":"keyUp","value":"î€‡"}]}]}
COMMAND: GET /session/05d205f2c704c8761cd4c7880ec388f1/screenshot - {}
RESULT: {}
COMMAND: POST /session/05d205f2c704c8761cd4c7880ec388f1/execute/async - {"script":"<script> [1562 bytes]","args":[{"selector":{"id":"application-managehandovers-display-component---AddNewHO--popup-sa","searchOpenDialogs":true,"interaction":{"idSuffix":"CbBg"}},"wdio_ui5_key":"applicationmanagehandovers-display-component---AddNewHO--popup-sa"}]}
RESULT: {"script":"<script> [1562 bytes]","args":[{"selector":{"id":"application-managehandovers-display-component---AddNewHO--popup-sa","searchOpenDialogs":true,"interaction":{"idSuffix":"CbBg"}},"wdio_ui5_key":"applicationmanagehandovers-display-component---AddNewHO--popup-sa"}]}
RESULT: undefined
COMMAND: POST /session/05d205f2c704c8761cd4c7880ec388f1/element - {"using":"xpath","value":"//*[@id=\"application-managehandovers-display-component---AddNewHO--popup-sa\"]"}
RESULT: {"using":"xpath","value":"//*[@id=\"application-managehandovers-display-component---AddNewHO--popup-sa\"]"}
COMMAND: POST /session/05d205f2c704c8761cd4c7880ec388f1/element/f.78DE901C7A9CD016362FC0FAB4BAF19C.d.52B7D5CCDC5C382B8BA6FBA0B953AA06.e.3589/click - {}
RESULT: {}
COMMAND: GET /session/05d205f2c704c8761cd4c7880ec388f1/screenshot - {}
RESULT: {}
COMMAND: POST /session/05d205f2c704c8761cd4c7880ec388f1/element - {"using":"xpath","value":"//bdi[contains(text(), \"Select\")]"}
RESULT: {"using":"xpath","value":"//bdi[contains(text(), \"Select\")]"}
COMMAND: POST /session/05d205f2c704c8761cd4c7880ec388f1/element/f.78DE901C7A9CD016362FC0FAB4BAF19C.d.52B7D5CCDC5C382B8BA6FBA0B953AA06.e.3590/click - {}
RESULT: {}
COMMAND: GET /session/05d205f2c704c8761cd4c7880ec388f1/screenshot - {}
RESULT: {}
COMMAND: POST /session/05d205f2c704c8761cd4c7880ec388f1/element - {"using":"xpath","value":"//button[@data-kt=\"AddNewHOSaveButton\"]"}
RESULT: {"using":"xpath","value":"//button[@data-kt=\"AddNewHOSaveButton\"]"}
COMMAND: POST /session/05d205f2c704c8761cd4c7880ec388f1/element/f.78DE901C7A9CD016362FC0FAB4BAF19C.d.52B7D5CCDC5C382B8BA6FBA0B953AA06.e.3595/click - {}
RESULT: {}
COMMAND: GET /session/05d205f2c704c8761cd4c7880ec388f1/screenshot - {}
RESULT: {}
COMMAND: POST /session/05d205f2c704c8761cd4c7880ec388f1/execute/async - {"script":"<script> [1562 bytes]","args":[{"selector":{"id":"receiptDatePicker","viewName":"etm.portal.ui.managehandovers.view.DetailExecuteHO","interaction":{"idSuffix":"inner"}},"wdio_ui5_key":"receiptDatePickeretmportal.ui.managehandovers.view.DetailExecuteHO"}]}
RESULT: {"script":"<script> [1562 bytes]","args":[{"selector":{"id":"receiptDatePicker","viewName":"etm.portal.ui.managehandovers.view.DetailExecuteHO","interaction":{"idSuffix":"inner"}},"wdio_ui5_key":"receiptDatePickeretmportal.ui.managehandovers.view.DetailExecuteHO"}]}
RESULT: undefined
COMMAND: POST /session/05d205f2c704c8761cd4c7880ec388f1/execute/async - {"script":"<script> [6424 bytes]","args":[{"element-6066-11e4-a52e-4f735466cecf":"f.78DE901C7A9CD016362FC0FAB4BAF19C.d.52B7D5CCDC5C382B8BA6FBA0B953AA06.e.3626"},"setValue",["05/06/2025"]]}
RESULT: {"script":"<script> [6424 bytes]","args":[{"element-6066-11e4-a52e-4f735466cecf":"f.78DE901C7A9CD016362FC0FAB4BAF19C.d.52B7D5CCDC5C382B8BA6FBA0B953AA06.e.3626"},"setValue",["05/06/2025"]]}
COMMAND: POST /session/05d205f2c704c8761cd4c7880ec388f1/element - {"using":"xpath","value":"//button[@data-kt=\"PickingTableConfirmAllButton\"]"}
RESULT: {"using":"xpath","value":"//button[@data-kt=\"PickingTableConfirmAllButton\"]"}
COMMAND: POST /session/05d205f2c704c8761cd4c7880ec388f1/element/f.78DE901C7A9CD016362FC0FAB4BAF19C.d.52B7D5CCDC5C382B8BA6FBA0B953AA06.e.3641/click - {}
RESULT: {}
COMMAND: GET /session/05d205f2c704c8761cd4c7880ec388f1/screenshot - {}
RESULT: {}
COMMAND: POST /session/05d205f2c704c8761cd4c7880ec388f1/element - {"using":"xpath","value":"//bdi[contains(text(), \"OK\")]"}
RESULT: {"using":"xpath","value":"//bdi[contains(text(), \"OK\")]"}
COMMAND: POST /session/05d205f2c704c8761cd4c7880ec388f1/element/f.78DE901C7A9CD016362FC0FAB4BAF19C.d.52B7D5CCDC5C382B8BA6FBA0B953AA06.e.3643/click - {}
RESULT: {}
COMMAND: GET /session/05d205f2c704c8761cd4c7880ec388f1/screenshot - {}
RESULT: {}
COMMAND: POST /session/05d205f2c704c8761cd4c7880ec388f1/element - {"using":"xpath","value":"(//bdi[contains(text(), \"Receive\")])[2]"}
RESULT: {"using":"xpath","value":"(//bdi[contains(text(), \"Receive\")])[2]"}
COMMAND: POST /session/05d205f2c704c8761cd4c7880ec388f1/element/f.78DE901C7A9CD016362FC0FAB4BAF19C.d.52B7D5CCDC5C382B8BA6FBA0B953AA06.e.3645/click - {}
RESULT: {}
COMMAND: GET /session/05d205f2c704c8761cd4c7880ec388f1/screenshot - {}
RESULT: {}
COMMAND: POST /session/05d205f2c704c8761cd4c7880ec388f1/element - {"using":"css selector","value":"#shell-header-logo"}
RESULT: {"using":"css selector","value":"#shell-header-logo"}
COMMAND: POST /session/05d205f2c704c8761cd4c7880ec388f1/element/f.78DE901C7A9CD016362FC0FAB4BAF19C.d.52B7D5CCDC5C382B8BA6FBA0B953AA06.e.3008/click - {}
RESULT: {}
COMMAND: GET /session/05d205f2c704c8761cd4c7880ec388f1/screenshot - {}
RESULT: {}
]]></system-out>
    </testcase>
    <testcase classname="chrome.135_0_7049_115.windows.Prerequisites_&amp;_test_for_yard_mass_return_on_Yard_Overview_US131057" name="Prereq Should create a new contract" time="73.722">
      <system-out><![CDATA[
COMMAND: POST /session/05d205f2c704c8761cd4c7880ec388f1/execute/async - {"script":"<script> [1562 bytes]","args":[{"selector":{"controlType":"sap.m.Text","viewName":"etm.portal.ui.managecontractstile.view.Master","properties":{"text":"Manage Contracts"},"interaction":{"idSuffix":"inner"}},"wdio_ui5_key":"etmportal.ui.managecontractstile.view.Mastersap.m.Text{\"text\":\"Manage Contracts\"}"}]}
RESULT: {"script":"<script> [1562 bytes]","args":[{"selector":{"controlType":"sap.m.Text","viewName":"etm.portal.ui.managecontractstile.view.Master","properties":{"text":"Manage Contracts"},"interaction":{"idSuffix":"inner"}},"wdio_ui5_key":"etmportal.ui.managecontractstile.view.Mastersap.m.Text{\"text\":\"Manage Contracts\"}"}]}
RESULT: undefined
COMMAND: POST /session/05d205f2c704c8761cd4c7880ec388f1/element - {"using":"xpath","value":"//*[@id=\"__tile130-title\"]"}
RESULT: {"using":"xpath","value":"//*[@id=\"__tile130-title\"]"}
COMMAND: POST /session/05d205f2c704c8761cd4c7880ec388f1/element/f.78DE901C7A9CD016362FC0FAB4BAF19C.d.52B7D5CCDC5C382B8BA6FBA0B953AA06.e.3980/click - {}
RESULT: {}
COMMAND: GET /session/05d205f2c704c8761cd4c7880ec388f1/screenshot - {}
RESULT: {}
COMMAND: POST /session/05d205f2c704c8761cd4c7880ec388f1/element - {"using":"xpath","value":"//button[@data-kt=\"addButton\"]"}
RESULT: {"using":"xpath","value":"//button[@data-kt=\"addButton\"]"}
COMMAND: POST /session/05d205f2c704c8761cd4c7880ec388f1/elements - {"using":"xpath","value":"//button[@data-kt=\"addButton\"]"}
RESULT: {"using":"xpath","value":"//button[@data-kt=\"addButton\"]"}
COMMAND: POST /session/05d205f2c704c8761cd4c7880ec388f1/elements - {"using":"xpath","value":"//button[@data-kt=\"addButton\"]"}
RESULT: {"using":"xpath","value":"//button[@data-kt=\"addButton\"]"}
COMMAND: POST /session/05d205f2c704c8761cd4c7880ec388f1/element - {"using":"xpath","value":"//button[@data-kt=\"addButton\"]"}
RESULT: {"using":"xpath","value":"//button[@data-kt=\"addButton\"]"}
COMMAND: POST /session/05d205f2c704c8761cd4c7880ec388f1/execute/sync - {"script":"<script> [8489 bytes]","args":[{"element-6066-11e4-a52e-4f735466cecf":"f.78DE901C7A9CD016362FC0FAB4BAF19C.d.52B7D5CCDC5C382B8BA6FBA0B953AA06.e.4053","ELEMENT":"f.78DE901C7A9CD016362FC0FAB4BAF19C.d.52B7D5CCDC5C382B8BA6FBA0B953AA06.e.4053"}]}
RESULT: {"script":"<script> [8489 bytes]","args":[{"element-6066-11e4-a52e-4f735466cecf":"f.78DE901C7A9CD016362FC0FAB4BAF19C.d.52B7D5CCDC5C382B8BA6FBA0B953AA06.e.4053","ELEMENT":"f.78DE901C7A9CD016362FC0FAB4BAF19C.d.52B7D5CCDC5C382B8BA6FBA0B953AA06.e.4053"}]}
COMMAND: GET /session/05d205f2c704c8761cd4c7880ec388f1/element/f.78DE901C7A9CD016362FC0FAB4BAF19C.d.52B7D5CCDC5C382B8BA6FBA0B953AA06.e.4053/enabled - {}
COMMAND: GET /session/05d205f2c704c8761cd4c7880ec388f1/screenshot - {}
RESULT: {}
COMMAND: POST /session/05d205f2c704c8761cd4c7880ec388f1/execute/sync - {"script":"<script> [8489 bytes]","args":[{"element-6066-11e4-a52e-4f735466cecf":"f.78DE901C7A9CD016362FC0FAB4BAF19C.d.52B7D5CCDC5C382B8BA6FBA0B953AA06.e.4053","ELEMENT":"f.78DE901C7A9CD016362FC0FAB4BAF19C.d.52B7D5CCDC5C382B8BA6FBA0B953AA06.e.4053"}]}
COMMAND: GET /session/05d205f2c704c8761cd4c7880ec388f1/screenshot - {}
RESULT: {}
RESULT: {"script":"<script> [8489 bytes]","args":[{"element-6066-11e4-a52e-4f735466cecf":"f.78DE901C7A9CD016362FC0FAB4BAF19C.d.52B7D5CCDC5C382B8BA6FBA0B953AA06.e.4053","ELEMENT":"f.78DE901C7A9CD016362FC0FAB4BAF19C.d.52B7D5CCDC5C382B8BA6FBA0B953AA06.e.4053"}]}
COMMAND: POST /session/05d205f2c704c8761cd4c7880ec388f1/execute/sync - {"script":"<script> [5351 bytes]","args":[{"element-6066-11e4-a52e-4f735466cecf":"f.78DE901C7A9CD016362FC0FAB4BAF19C.d.52B7D5CCDC5C382B8BA6FBA0B953AA06.e.4053","ELEMENT":"f.78DE901C7A9CD016362FC0FAB4BAF19C.d.52B7D5CCDC5C382B8BA6FBA0B953AA06.e.4053"}]}
COMMAND: GET /session/05d205f2c704c8761cd4c7880ec388f1/screenshot - {}
RESULT: {}
RESULT: {"script":"<script> [5351 bytes]","args":[{"element-6066-11e4-a52e-4f735466cecf":"f.78DE901C7A9CD016362FC0FAB4BAF19C.d.52B7D5CCDC5C382B8BA6FBA0B953AA06.e.4053","ELEMENT":"f.78DE901C7A9CD016362FC0FAB4BAF19C.d.52B7D5CCDC5C382B8BA6FBA0B953AA06.e.4053"}]}
COMMAND: GET /session/05d205f2c704c8761cd4c7880ec388f1/screenshot - {}
RESULT: {}
RESULT: {}
COMMAND: POST /session/05d205f2c704c8761cd4c7880ec388f1/element/f.78DE901C7A9CD016362FC0FAB4BAF19C.d.52B7D5CCDC5C382B8BA6FBA0B953AA06.e.4053/click - {}
RESULT: {}
COMMAND: GET /session/05d205f2c704c8761cd4c7880ec388f1/screenshot - {}
COMMAND: POST /session/05d205f2c704c8761cd4c7880ec388f1/execute/async - {"script":"<script> [1562 bytes]","args":[{"selector":{"id":"application-managecontracts-display-component---AddNewContract--projectDescription","interaction":{"idSuffix":"inner"}},"wdio_ui5_key":"applicationmanagecontracts-display-component---AddNewContract--projectDescription"}]}
RESULT: {}
RESULT: {"script":"<script> [1562 bytes]","args":[{"selector":{"id":"application-managecontracts-display-component---AddNewContract--projectDescription","interaction":{"idSuffix":"inner"}},"wdio_ui5_key":"applicationmanagecontracts-display-component---AddNewContract--projectDescription"}]}
RESULT: undefined
COMMAND: POST /session/05d205f2c704c8761cd4c7880ec388f1/execute/async - {"script":"<script> [776 bytes]","args":[{"enterText":"Contract WDIO","selector":{"id":"application-managecontracts-display-component---AddNewContract--projectDescription","interaction":{"idSuffix":"inner"}},"clearTextFirst":true,"interactionType":"ENTER_TEXT"}]}
RESULT: {"script":"<script> [776 bytes]","args":[{"enterText":"Contract WDIO","selector":{"id":"application-managecontracts-display-component---AddNewContract--projectDescription","interaction":{"idSuffix":"inner"}},"clearTextFirst":true,"interactionType":"ENTER_TEXT"}]}
COMMAND: POST /session/05d205f2c704c8761cd4c7880ec388f1/element - {"using":"xpath","value":"//input[@id=\"application-managecontracts-display-component---AddNewContract--site-inner\"]"}
RESULT: {"using":"xpath","value":"//input[@id=\"application-managecontracts-display-component---AddNewContract--site-inner\"]"}
COMMAND: POST /session/05d205f2c704c8761cd4c7880ec388f1/element/f.78DE901C7A9CD016362FC0FAB4BAF19C.d.52B7D5CCDC5C382B8BA6FBA0B953AA06.e.4517/clear - {}
RESULT: {}
COMMAND: POST /session/05d205f2c704c8761cd4c7880ec388f1/element/f.78DE901C7A9CD016362FC0FAB4BAF19C.d.52B7D5CCDC5C382B8BA6FBA0B953AA06.e.4517/value - {"text":"2451"}
COMMAND: GET /session/05d205f2c704c8761cd4c7880ec388f1/screenshot - {}
RESULT: {"text":"2451"}
COMMAND: GET /session/05d205f2c704c8761cd4c7880ec388f1/screenshot - {}
RESULT: {}
RESULT: {}
COMMAND: POST /session/05d205f2c704c8761cd4c7880ec388f1/element - {"using":"xpath","value":"//li[.//span[text()='2451']]"}
RESULT: {"using":"xpath","value":"//li[.//span[text()='2451']]"}
COMMAND: POST /session/05d205f2c704c8761cd4c7880ec388f1/element/f.78DE901C7A9CD016362FC0FAB4BAF19C.d.52B7D5CCDC5C382B8BA6FBA0B953AA06.e.4540/click - {}
RESULT: {}
COMMAND: GET /session/05d205f2c704c8761cd4c7880ec388f1/screenshot - {}
RESULT: {}
COMMAND: POST /session/05d205f2c704c8761cd4c7880ec388f1/element - {"using":"xpath","value":"//input[@id=\"application-managecontracts-display-component---AddNewContract--yardId-inner\"]"}
RESULT: {"using":"xpath","value":"//input[@id=\"application-managecontracts-display-component---AddNewContract--yardId-inner\"]"}
COMMAND: GET /session/05d205f2c704c8761cd4c7880ec388f1/element/f.78DE901C7A9CD016362FC0FAB4BAF19C.d.52B7D5CCDC5C382B8BA6FBA0B953AA06.e.4518/property/value - {}
RESULT: {}
COMMAND: POST /session/05d205f2c704c8761cd4c7880ec388f1/element - {"using":"xpath","value":"//input[@id=\"application-managecontracts-display-component---AddNewContract--customerSelect-inner\"]"}
COMMAND: GET /session/05d205f2c704c8761cd4c7880ec388f1/screenshot - {}
RESULT: {"using":"xpath","value":"//input[@id=\"application-managecontracts-display-component---AddNewContract--customerSelect-inner\"]"}
COMMAND: POST /session/05d205f2c704c8761cd4c7880ec388f1/element/f.78DE901C7A9CD016362FC0FAB4BAF19C.d.52B7D5CCDC5C382B8BA6FBA0B953AA06.e.4516/clear - {}
RESULT: {}
RESULT: {}
COMMAND: POST /session/05d205f2c704c8761cd4c7880ec388f1/element/f.78DE901C7A9CD016362FC0FAB4BAF19C.d.52B7D5CCDC5C382B8BA6FBA0B953AA06.e.4516/value - {"text":"1494"}
COMMAND: GET /session/05d205f2c704c8761cd4c7880ec388f1/screenshot - {}
RESULT: {"text":"1494"}
COMMAND: GET /session/05d205f2c704c8761cd4c7880ec388f1/screenshot - {}
RESULT: {}
RESULT: {}
COMMAND: POST /session/05d205f2c704c8761cd4c7880ec388f1/element - {"using":"xpath","value":"//li[.//span[text()='1494']]"}
RESULT: {"using":"xpath","value":"//li[.//span[text()='1494']]"}
COMMAND: POST /session/05d205f2c704c8761cd4c7880ec388f1/element/f.78DE901C7A9CD016362FC0FAB4BAF19C.d.52B7D5CCDC5C382B8BA6FBA0B953AA06.e.4543/click - {}
RESULT: {}
COMMAND: GET /session/05d205f2c704c8761cd4c7880ec388f1/screenshot - {}
RESULT: {}
COMMAND: POST /session/05d205f2c704c8761cd4c7880ec388f1/element - {"using":"xpath","value":"//button[@data-kt=\"saveButton\"]"}
RESULT: {"using":"xpath","value":"//button[@data-kt=\"saveButton\"]"}
COMMAND: POST /session/05d205f2c704c8761cd4c7880ec388f1/element/f.78DE901C7A9CD016362FC0FAB4BAF19C.d.52B7D5CCDC5C382B8BA6FBA0B953AA06.e.4532/click - {}
RESULT: {}
COMMAND: GET /session/05d205f2c704c8761cd4c7880ec388f1/screenshot - {}
RESULT: {}
COMMAND: POST /session/05d205f2c704c8761cd4c7880ec388f1/element - {"using":"xpath","value":"//span[contains(@id ,\"contractDetailTitleNoExpanded\")]"}
RESULT: {"using":"xpath","value":"//span[contains(@id ,\"contractDetailTitleNoExpanded\")]"}
COMMAND: POST /session/05d205f2c704c8761cd4c7880ec388f1/elements - {"using":"xpath","value":"//span[contains(@id ,\"contractDetailTitleNoExpanded\")]"}
RESULT: {"using":"xpath","value":"//span[contains(@id ,\"contractDetailTitleNoExpanded\")]"}
COMMAND: POST /session/05d205f2c704c8761cd4c7880ec388f1/execute/sync - {"script":"<script> [56 bytes]","args":[{"element-6066-11e4-a52e-4f735466cecf":"f.78DE901C7A9CD016362FC0FAB4BAF19C.d.52B7D5CCDC5C382B8BA6FBA0B953AA06.e.4554","ELEMENT":"f.78DE901C7A9CD016362FC0FAB4BAF19C.d.52B7D5CCDC5C382B8BA6FBA0B953AA06.e.4554"}]}
RESULT: {"script":"<script> [56 bytes]","args":[{"element-6066-11e4-a52e-4f735466cecf":"f.78DE901C7A9CD016362FC0FAB4BAF19C.d.52B7D5CCDC5C382B8BA6FBA0B953AA06.e.4554","ELEMENT":"f.78DE901C7A9CD016362FC0FAB4BAF19C.d.52B7D5CCDC5C382B8BA6FBA0B953AA06.e.4554"}]}
COMMAND: GET /session/05d205f2c704c8761cd4c7880ec388f1/screenshot - {}
RESULT: {}
]]></system-out>
    </testcase>
    <testcase classname="chrome.135_0_7049_115.windows.Prerequisites_&amp;_test_for_yard_mass_return_on_Yard_Overview_US131057" name="Prereq Should add created material to contract" time="60.434">
      <system-out><![CDATA[
COMMAND: POST /session/05d205f2c704c8761cd4c7880ec388f1/element - {"using":"xpath","value":"//button[@data-kt=\"contractDetailEditBtnButton\"]"}
RESULT: {"using":"xpath","value":"//button[@data-kt=\"contractDetailEditBtnButton\"]"}
COMMAND: POST /session/05d205f2c704c8761cd4c7880ec388f1/element/f.78DE901C7A9CD016362FC0FAB4BAF19C.d.52B7D5CCDC5C382B8BA6FBA0B953AA06.e.4555/click - {}
RESULT: {}
COMMAND: GET /session/05d205f2c704c8761cd4c7880ec388f1/screenshot - {}
RESULT: {}
COMMAND: POST /session/05d205f2c704c8761cd4c7880ec388f1/element - {"using":"xpath","value":"(//span[contains(text(), \"Additional Addresses\")])[2]"}
RESULT: {"using":"xpath","value":"(//span[contains(text(), \"Additional Addresses\")])[2]"}
COMMAND: POST /session/05d205f2c704c8761cd4c7880ec388f1/element/f.78DE901C7A9CD016362FC0FAB4BAF19C.d.52B7D5CCDC5C382B8BA6FBA0B953AA06.e.4610/click - {}
RESULT: {}
COMMAND: GET /session/05d205f2c704c8761cd4c7880ec388f1/screenshot - {}
RESULT: {}
COMMAND: POST /session/05d205f2c704c8761cd4c7880ec388f1/element - {"using":"xpath","value":"//button[@data-kt=\"btnAddTableRowOverflowToolbarButton\"]"}
RESULT: {"using":"xpath","value":"//button[@data-kt=\"btnAddTableRowOverflowToolbarButton\"]"}
COMMAND: POST /session/05d205f2c704c8761cd4c7880ec388f1/element/f.78DE901C7A9CD016362FC0FAB4BAF19C.d.52B7D5CCDC5C382B8BA6FBA0B953AA06.e.4614/click - {}
RESULT: {}
COMMAND: GET /session/05d205f2c704c8761cd4c7880ec388f1/screenshot - {}
RESULT: {}
COMMAND: POST /session/05d205f2c704c8761cd4c7880ec388f1/element - {"using":"xpath","value":"//div[(text() = 'Standard Entry' or . = 'Standard Entry')]"}
RESULT: {"using":"xpath","value":"//div[(text() = 'Standard Entry' or . = 'Standard Entry')]"}
COMMAND: POST /session/05d205f2c704c8761cd4c7880ec388f1/element/f.78DE901C7A9CD016362FC0FAB4BAF19C.d.52B7D5CCDC5C382B8BA6FBA0B953AA06.e.4616/click - {}
RESULT: {}
COMMAND: GET /session/05d205f2c704c8761cd4c7880ec388f1/screenshot - {}
RESULT: {}
COMMAND: POST /session/05d205f2c704c8761cd4c7880ec388f1/element - {"using":"xpath","value":"//td[6]/div/div/div/span"}
RESULT: {"using":"xpath","value":"//td[6]/div/div/div/span"}
COMMAND: POST /session/05d205f2c704c8761cd4c7880ec388f1/element/f.78DE901C7A9CD016362FC0FAB4BAF19C.d.52B7D5CCDC5C382B8BA6FBA0B953AA06.e.4628/click - {}
RESULT: {}
COMMAND: GET /session/05d205f2c704c8761cd4c7880ec388f1/screenshot - {}
RESULT: {}
COMMAND: POST /session/05d205f2c704c8761cd4c7880ec388f1/element - {"using":"xpath","value":"(//span[contains(text(), \"Material\")])"}
RESULT: {"using":"xpath","value":"(//span[contains(text(), \"Material\")])"}
COMMAND: POST /session/05d205f2c704c8761cd4c7880ec388f1/element/f.78DE901C7A9CD016362FC0FAB4BAF19C.d.52B7D5CCDC5C382B8BA6FBA0B953AA06.e.4630/click - {}
RESULT: {}
COMMAND: GET /session/05d205f2c704c8761cd4c7880ec388f1/screenshot - {}
RESULT: {}
COMMAND: POST /session/05d205f2c704c8761cd4c7880ec388f1/element - {"using":"xpath","value":"//td[7]/div/div/input"}
RESULT: {"using":"xpath","value":"//td[7]/div/div/input"}
COMMAND: POST /session/05d205f2c704c8761cd4c7880ec388f1/element/f.78DE901C7A9CD016362FC0FAB4BAF19C.d.52B7D5CCDC5C382B8BA6FBA0B953AA06.e.4633/clear - {}
RESULT: {}
COMMAND: POST /session/05d205f2c704c8761cd4c7880ec388f1/element/f.78DE901C7A9CD016362FC0FAB4BAF19C.d.52B7D5CCDC5C382B8BA6FBA0B953AA06.e.4633/value - {"text":"200340"}
COMMAND: GET /session/05d205f2c704c8761cd4c7880ec388f1/screenshot - {}
RESULT: {"text":"200340"}
COMMAND: GET /session/05d205f2c704c8761cd4c7880ec388f1/screenshot - {}
RESULT: {}
RESULT: {}
COMMAND: POST /session/05d205f2c704c8761cd4c7880ec388f1/actions - {"actions":[{"id":"action13","type":"key","parameters":{},"actions":[{"type":"keyDown","value":"î€‡"},{"type":"pause","duration":10},{"type":"keyUp","value":"î€‡"}]}]}
RESULT: {"actions":[{"id":"action13","type":"key","parameters":{},"actions":[{"type":"keyDown","value":"î€‡"},{"type":"pause","duration":10},{"type":"keyUp","value":"î€‡"}]}]}
COMMAND: GET /session/05d205f2c704c8761cd4c7880ec388f1/screenshot - {}
RESULT: {}
COMMAND: POST /session/05d205f2c704c8761cd4c7880ec388f1/execute/sync - {"script":"<script> [276 bytes]","args":["No pricing information was found"]}
RESULT: {"script":"<script> [276 bytes]","args":["No pricing information was found"]}
COMMAND: POST /session/05d205f2c704c8761cd4c7880ec388f1/element - {"using":"xpath","value":"//bdi[contains(text(), \"OK\")]"}
COMMAND: GET /session/05d205f2c704c8761cd4c7880ec388f1/screenshot - {}
RESULT: {"using":"xpath","value":"//bdi[contains(text(), \"OK\")]"}
COMMAND: POST /session/05d205f2c704c8761cd4c7880ec388f1/element/f.78DE901C7A9CD016362FC0FAB4BAF19C.d.52B7D5CCDC5C382B8BA6FBA0B953AA06.e.4659/click - {}
RESULT: {}
RESULT: {}
COMMAND: GET /session/05d205f2c704c8761cd4c7880ec388f1/screenshot - {}
RESULT: {}
COMMAND: POST /session/05d205f2c704c8761cd4c7880ec388f1/element - {"using":"xpath","value":"(//button[@data-kt=\"saveButton\"])[2]"}
RESULT: {"using":"xpath","value":"(//button[@data-kt=\"saveButton\"])[2]"}
COMMAND: POST /session/05d205f2c704c8761cd4c7880ec388f1/element/f.78DE901C7A9CD016362FC0FAB4BAF19C.d.52B7D5CCDC5C382B8BA6FBA0B953AA06.e.4660/click - {}
RESULT: {}
COMMAND: GET /session/05d205f2c704c8761cd4c7880ec388f1/screenshot - {}
RESULT: {}
COMMAND: POST /session/05d205f2c704c8761cd4c7880ec388f1/execute/sync - {"script":"<script> [276 bytes]","args":["Some contract items are having rental validity exceeding header rental validity"]}
RESULT: {"script":"<script> [276 bytes]","args":["Some contract items are having rental validity exceeding header rental validity"]}
COMMAND: GET /session/05d205f2c704c8761cd4c7880ec388f1/screenshot - {}
RESULT: {}
COMMAND: POST /session/05d205f2c704c8761cd4c7880ec388f1/element - {"using":"xpath","value":"//span[contains(@id ,\"contractItemsSmartTable-header-inner\")]"}
RESULT: {"using":"xpath","value":"//span[contains(@id ,\"contractItemsSmartTable-header-inner\")]"}
COMMAND: POST /session/05d205f2c704c8761cd4c7880ec388f1/elements - {"using":"xpath","value":"//span[contains(@id ,\"contractItemsSmartTable-header-inner\")]"}
RESULT: {"using":"xpath","value":"//span[contains(@id ,\"contractItemsSmartTable-header-inner\")]"}
COMMAND: POST /session/05d205f2c704c8761cd4c7880ec388f1/execute/sync - {"script":"<script> [56 bytes]","args":[{"element-6066-11e4-a52e-4f735466cecf":"f.78DE901C7A9CD016362FC0FAB4BAF19C.d.52B7D5CCDC5C382B8BA6FBA0B953AA06.e.4665","ELEMENT":"f.78DE901C7A9CD016362FC0FAB4BAF19C.d.52B7D5CCDC5C382B8BA6FBA0B953AA06.e.4665"}]}
RESULT: {"script":"<script> [56 bytes]","args":[{"element-6066-11e4-a52e-4f735466cecf":"f.78DE901C7A9CD016362FC0FAB4BAF19C.d.52B7D5CCDC5C382B8BA6FBA0B953AA06.e.4665","ELEMENT":"f.78DE901C7A9CD016362FC0FAB4BAF19C.d.52B7D5CCDC5C382B8BA6FBA0B953AA06.e.4665"}]}
COMMAND: GET /session/05d205f2c704c8761cd4c7880ec388f1/screenshot - {}
]]></system-out>
    </testcase>
    <testcase classname="chrome.135_0_7049_115.windows.Prerequisites_&amp;_test_for_yard_mass_return_on_Yard_Overview_US131057" name="Prerq Should do a provide to site handover" time="64.991">
      <system-out><![CDATA[
COMMAND: POST /session/05d205f2c704c8761cd4c7880ec388f1/element - {"using":"xpath","value":"//button[@data-kt=\"provideButton\"]"}
RESULT: {}
RESULT: {"using":"xpath","value":"//button[@data-kt=\"provideButton\"]"}
COMMAND: POST /session/05d205f2c704c8761cd4c7880ec388f1/element/f.78DE901C7A9CD016362FC0FAB4BAF19C.d.52B7D5CCDC5C382B8BA6FBA0B953AA06.e.4666/click - {}
RESULT: {}
COMMAND: GET /session/05d205f2c704c8761cd4c7880ec388f1/screenshot - {}
RESULT: undefined
COMMAND: POST /session/05d205f2c704c8761cd4c7880ec388f1/execute/async - {"script":"<script> [6424 bytes]","args":[{"element-6066-11e4-a52e-4f735466cecf":"f.78DE901C7A9CD016362FC0FAB4BAF19C.d.52B7D5CCDC5C382B8BA6FBA0B953AA06.e.3406"},"setValue",["05/06/2025"]]}
RESULT: {}
COMMAND: POST /session/05d205f2c704c8761cd4c7880ec388f1/execute/async - {"script":"<script> [1562 bytes]","args":[{"selector":{"id":"application-managehandovers-display-component---AddNewHO--dueDate","interaction":{"idSuffix":"inner"}},"wdio_ui5_key":"applicationmanagehandovers-display-component---AddNewHO--dueDate"}]}
RESULT: {"script":"<script> [1562 bytes]","args":[{"selector":{"id":"application-managehandovers-display-component---AddNewHO--dueDate","interaction":{"idSuffix":"inner"}},"wdio_ui5_key":"applicationmanagehandovers-display-component---AddNewHO--dueDate"}]}
COMMAND: POST /session/05d205f2c704c8761cd4c7880ec388f1/execute/async - {"script":"<script> [6424 bytes]","args":[{"element-6066-11e4-a52e-4f735466cecf":"f.78DE901C7A9CD016362FC0FAB4BAF19C.d.52B7D5CCDC5C382B8BA6FBA0B953AA06.e.4742"},"setValue",["05/06/2025"]]}
RESULT: {"script":"<script> [6424 bytes]","args":[{"element-6066-11e4-a52e-4f735466cecf":"f.78DE901C7A9CD016362FC0FAB4BAF19C.d.52B7D5CCDC5C382B8BA6FBA0B953AA06.e.4742"},"setValue",["05/06/2025"]]}
COMMAND: POST /session/05d205f2c704c8761cd4c7880ec388f1/element - {"using":"xpath","value":"//bdi[contains(text(), \"Instructions\")]"}
RESULT: {"using":"xpath","value":"//bdi[contains(text(), \"Instructions\")]"}
COMMAND: POST /session/05d205f2c704c8761cd4c7880ec388f1/element/f.78DE901C7A9CD016362FC0FAB4BAF19C.d.52B7D5CCDC5C382B8BA6FBA0B953AA06.e.4986/click - {}
RESULT: {}
COMMAND: GET /session/05d205f2c704c8761cd4c7880ec388f1/screenshot - {}
RESULT: {}
COMMAND: POST /session/05d205f2c704c8761cd4c7880ec388f1/element - {"using":"xpath","value":"//button[@data-kt=\"AddNewHOProvideAddItemsButton\"]"}
RESULT: {"using":"xpath","value":"//button[@data-kt=\"AddNewHOProvideAddItemsButton\"]"}
COMMAND: POST /session/05d205f2c704c8761cd4c7880ec388f1/element/f.78DE901C7A9CD016362FC0FAB4BAF19C.d.52B7D5CCDC5C382B8BA6FBA0B953AA06.e.4992/click - {}
RESULT: {}
COMMAND: GET /session/05d205f2c704c8761cd4c7880ec388f1/screenshot - {}
RESULT: undefined
COMMAND: POST /session/05d205f2c704c8761cd4c7880ec388f1/element - {"using":"xpath","value":"//*[@id=\"application-managehandovers-display-component---AddNewHO--popup-sa\"]"}
RESULT: {}
RESULT: {"using":"xpath","value":"//*[@id=\"application-managehandovers-display-component---AddNewHO--popup-sa\"]"}
COMMAND: POST /session/05d205f2c704c8761cd4c7880ec388f1/element/f.78DE901C7A9CD016362FC0FAB4BAF19C.d.52B7D5CCDC5C382B8BA6FBA0B953AA06.e.5008/click - {}
RESULT: {}
COMMAND: GET /session/05d205f2c704c8761cd4c7880ec388f1/screenshot - {}
RESULT: {}
COMMAND: POST /session/05d205f2c704c8761cd4c7880ec388f1/element - {"using":"xpath","value":"//*[contains(@id ,\"BDI-content\")][contains(text(), \"Select\")]"}
RESULT: {"using":"xpath","value":"//*[contains(@id ,\"BDI-content\")][contains(text(), \"Select\")]"}
COMMAND: POST /session/05d205f2c704c8761cd4c7880ec388f1/element/f.78DE901C7A9CD016362FC0FAB4BAF19C.d.52B7D5CCDC5C382B8BA6FBA0B953AA06.e.5009/click - {}
RESULT: {}
COMMAND: GET /session/05d205f2c704c8761cd4c7880ec388f1/screenshot - {}
RESULT: {}
COMMAND: POST /session/05d205f2c704c8761cd4c7880ec388f1/execute/async - {"script":"<script> [1562 bytes]","args":[{"selector":{"id":"application-managehandovers-display-component---AddNewHO--confirmCreationButton","interaction":{"idSuffix":"BDI-content"}},"wdio_ui5_key":"applicationmanagehandovers-display-component---AddNewHO--confirmCreationButton"}]}
RESULT: {"script":"<script> [1562 bytes]","args":[{"selector":{"id":"application-managehandovers-display-component---AddNewHO--confirmCreationButton","interaction":{"idSuffix":"BDI-content"}},"wdio_ui5_key":"applicationmanagehandovers-display-component---AddNewHO--confirmCreationButton"}]}
RESULT: undefined
COMMAND: POST /session/05d205f2c704c8761cd4c7880ec388f1/element - {"using":"xpath","value":"//*[@id=\"application-managehandovers-display-component---AddNewHO--confirmCreationButton\"]"}
RESULT: {"using":"xpath","value":"//*[@id=\"application-managehandovers-display-component---AddNewHO--confirmCreationButton\"]"}
COMMAND: POST /session/05d205f2c704c8761cd4c7880ec388f1/element/f.78DE901C7A9CD016362FC0FAB4BAF19C.d.52B7D5CCDC5C382B8BA6FBA0B953AA06.e.4795/click - {}
RESULT: {}
COMMAND: GET /session/05d205f2c704c8761cd4c7880ec388f1/screenshot - {}
RESULT: {}
COMMAND: POST /session/05d205f2c704c8761cd4c7880ec388f1/element - {"using":"xpath","value":"//button[@data-kt=\"PickingTableConfirmAllButton\"]"}
RESULT: {"using":"xpath","value":"//button[@data-kt=\"PickingTableConfirmAllButton\"]"}
COMMAND: POST /session/05d205f2c704c8761cd4c7880ec388f1/elements - {"using":"xpath","value":"//button[@data-kt=\"PickingTableConfirmAllButton\"]"}
RESULT: {"using":"xpath","value":"//button[@data-kt=\"PickingTableConfirmAllButton\"]"}
COMMAND: POST /session/05d205f2c704c8761cd4c7880ec388f1/elements - {"using":"xpath","value":"//button[@data-kt=\"PickingTableConfirmAllButton\"]"}
RESULT: {"using":"xpath","value":"//button[@data-kt=\"PickingTableConfirmAllButton\"]"}
COMMAND: POST /session/05d205f2c704c8761cd4c7880ec388f1/elements - {"using":"xpath","value":"//button[@data-kt=\"PickingTableConfirmAllButton\"]"}
RESULT: {"using":"xpath","value":"//button[@data-kt=\"PickingTableConfirmAllButton\"]"}
COMMAND: POST /session/05d205f2c704c8761cd4c7880ec388f1/elements - {"using":"xpath","value":"//button[@data-kt=\"PickingTableConfirmAllButton\"]"}
RESULT: {"using":"xpath","value":"//button[@data-kt=\"PickingTableConfirmAllButton\"]"}
COMMAND: POST /session/05d205f2c704c8761cd4c7880ec388f1/element - {"using":"xpath","value":"//button[@data-kt=\"PickingTableConfirmAllButton\"]"}
RESULT: {"using":"xpath","value":"//button[@data-kt=\"PickingTableConfirmAllButton\"]"}
COMMAND: POST /session/05d205f2c704c8761cd4c7880ec388f1/element/f.78DE901C7A9CD016362FC0FAB4BAF19C.d.52B7D5CCDC5C382B8BA6FBA0B953AA06.e.5049/click - {}
COMMAND: POST /session/05d205f2c704c8761cd4c7880ec388f1/element - {"using":"xpath","value":"//button[@data-kt=\"PickingTableConfirmAllButton\"]"}
RESULT: {"using":"xpath","value":"//button[@data-kt=\"PickingTableConfirmAllButton\"]"}
COMMAND: POST /session/05d205f2c704c8761cd4c7880ec388f1/element/f.78DE901C7A9CD016362FC0FAB4BAF19C.d.52B7D5CCDC5C382B8BA6FBA0B953AA06.e.5049/click - {}
COMMAND: POST /session/05d205f2c704c8761cd4c7880ec388f1/element - {"using":"xpath","value":"//button[@data-kt=\"PickingTableConfirmAllButton\"]"}
RESULT: {"using":"xpath","value":"//button[@data-kt=\"PickingTableConfirmAllButton\"]"}
COMMAND: POST /session/05d205f2c704c8761cd4c7880ec388f1/element/f.78DE901C7A9CD016362FC0FAB4BAF19C.d.52B7D5CCDC5C382B8BA6FBA0B953AA06.e.5065/click - {}
RESULT: {}
COMMAND: GET /session/05d205f2c704c8761cd4c7880ec388f1/screenshot - {}
RESULT: {}
COMMAND: POST /session/05d205f2c704c8761cd4c7880ec388f1/element - {"using":"xpath","value":"//bdi[contains(text(), \"OK\")]"}
RESULT: {"using":"xpath","value":"//bdi[contains(text(), \"OK\")]"}
COMMAND: POST /session/05d205f2c704c8761cd4c7880ec388f1/element/f.78DE901C7A9CD016362FC0FAB4BAF19C.d.52B7D5CCDC5C382B8BA6FBA0B953AA06.e.5068/click - {}
RESULT: {}
COMMAND: GET /session/05d205f2c704c8761cd4c7880ec388f1/screenshot - {}
RESULT: {}
COMMAND: POST /session/05d205f2c704c8761cd4c7880ec388f1/element - {"using":"xpath","value":"//bdi[contains(text(), \"Issue\")]"}
RESULT: {"using":"xpath","value":"//bdi[contains(text(), \"Issue\")]"}
COMMAND: POST /session/05d205f2c704c8761cd4c7880ec388f1/element/f.78DE901C7A9CD016362FC0FAB4BAF19C.d.52B7D5CCDC5C382B8BA6FBA0B953AA06.e.5071/click - {}
RESULT: {}
COMMAND: GET /session/05d205f2c704c8761cd4c7880ec388f1/screenshot - {}
RESULT: {}
COMMAND: POST /session/05d205f2c704c8761cd4c7880ec388f1/element - {"using":"css selector","value":"#shell-header-logo"}
RESULT: {"using":"css selector","value":"#shell-header-logo"}
COMMAND: POST /session/05d205f2c704c8761cd4c7880ec388f1/element/f.78DE901C7A9CD016362FC0FAB4BAF19C.d.52B7D5CCDC5C382B8BA6FBA0B953AA06.e.3985/click - {}
RESULT: {}
COMMAND: GET /session/05d205f2c704c8761cd4c7880ec388f1/screenshot - {}
RESULT: {}
]]></system-out>
    </testcase>
    <testcase classname="chrome.135_0_7049_115.windows.Prerequisites_&amp;_test_for_yard_mass_return_on_Yard_Overview_US131057" name="Should do mass return on Yard Overview US131057" time="64.667">
      <system-out><![CDATA[
COMMAND: POST /session/05d205f2c704c8761cd4c7880ec388f1/execute/async - {"script":"<script> [1562 bytes]","args":[{"selector":{"controlType":"sap.m.GenericTile","properties":{"header":"Yard Overview"}},"wdio_ui5_key":"sapm.GenericTile{\"header\":\"Yard Overview\"}"}]}
RESULT: {"script":"<script> [1562 bytes]","args":[{"selector":{"controlType":"sap.m.GenericTile","properties":{"header":"Yard Overview"}},"wdio_ui5_key":"sapm.GenericTile{\"header\":\"Yard Overview\"}"}]}
RESULT: undefined
COMMAND: POST /session/05d205f2c704c8761cd4c7880ec388f1/element - {"using":"xpath","value":"//*[@id=\"__tile102\"]"}
RESULT: {"using":"xpath","value":"//*[@id=\"__tile102\"]"}
COMMAND: POST /session/05d205f2c704c8761cd4c7880ec388f1/element/f.78DE901C7A9CD016362FC0FAB4BAF19C.d.52B7D5CCDC5C382B8BA6FBA0B953AA06.e.5248/click - {}
RESULT: {}
COMMAND: GET /session/05d205f2c704c8761cd4c7880ec388f1/screenshot - {}
RESULT: {}
COMMAND: POST /session/05d205f2c704c8761cd4c7880ec388f1/element - {"using":"xpath","value":"//input[contains(@id,\"application-yardoverview-display-component---masterYardInventory--smartFilterBar-btnBasicSearch-I\")]"}
RESULT: {"using":"xpath","value":"//input[contains(@id,\"application-yardoverview-display-component---masterYardInventory--smartFilterBar-btnBasicSearch-I\")]"}
COMMAND: POST /session/05d205f2c704c8761cd4c7880ec388f1/elements - {"using":"xpath","value":"//input[contains(@id,\"application-yardoverview-display-component---masterYardInventory--smartFilterBar-btnBasicSearch-I\")]"}
RESULT: {"using":"xpath","value":"//input[contains(@id,\"application-yardoverview-display-component---masterYardInventory--smartFilterBar-btnBasicSearch-I\")]"}
COMMAND: POST /session/05d205f2c704c8761cd4c7880ec388f1/elements - {"using":"xpath","value":"//input[contains(@id,\"application-yardoverview-display-component---masterYardInventory--smartFilterBar-btnBasicSearch-I\")]"}
RESULT: {"using":"xpath","value":"//input[contains(@id,\"application-yardoverview-display-component---masterYardInventory--smartFilterBar-btnBasicSearch-I\")]"}
COMMAND: POST /session/05d205f2c704c8761cd4c7880ec388f1/element - {"using":"xpath","value":"//input[contains(@id,\"application-yardoverview-display-component---masterYardInventory--smartFilterBar-btnBasicSearch-I\")]"}
RESULT: {"using":"xpath","value":"//input[contains(@id,\"application-yardoverview-display-component---masterYardInventory--smartFilterBar-btnBasicSearch-I\")]"}
COMMAND: POST /session/05d205f2c704c8761cd4c7880ec388f1/execute/sync - {"script":"<script> [8489 bytes]","args":[{"element-6066-11e4-a52e-4f735466cecf":"f.78DE901C7A9CD016362FC0FAB4BAF19C.d.52B7D5CCDC5C382B8BA6FBA0B953AA06.e.5269","ELEMENT":"f.78DE901C7A9CD016362FC0FAB4BAF19C.d.52B7D5CCDC5C382B8BA6FBA0B953AA06.e.5269"}]}
RESULT: {"script":"<script> [8489 bytes]","args":[{"element-6066-11e4-a52e-4f735466cecf":"f.78DE901C7A9CD016362FC0FAB4BAF19C.d.52B7D5CCDC5C382B8BA6FBA0B953AA06.e.5269","ELEMENT":"f.78DE901C7A9CD016362FC0FAB4BAF19C.d.52B7D5CCDC5C382B8BA6FBA0B953AA06.e.5269"}]}
COMMAND: GET /session/05d205f2c704c8761cd4c7880ec388f1/element/f.78DE901C7A9CD016362FC0FAB4BAF19C.d.52B7D5CCDC5C382B8BA6FBA0B953AA06.e.5269/enabled - {}
COMMAND: GET /session/05d205f2c704c8761cd4c7880ec388f1/screenshot - {}
RESULT: {}
COMMAND: POST /session/05d205f2c704c8761cd4c7880ec388f1/execute/sync - {"script":"<script> [8489 bytes]","args":[{"element-6066-11e4-a52e-4f735466cecf":"f.78DE901C7A9CD016362FC0FAB4BAF19C.d.52B7D5CCDC5C382B8BA6FBA0B953AA06.e.5269","ELEMENT":"f.78DE901C7A9CD016362FC0FAB4BAF19C.d.52B7D5CCDC5C382B8BA6FBA0B953AA06.e.5269"}]}
COMMAND: GET /session/05d205f2c704c8761cd4c7880ec388f1/screenshot - {}
RESULT: {}
RESULT: {"script":"<script> [8489 bytes]","args":[{"element-6066-11e4-a52e-4f735466cecf":"f.78DE901C7A9CD016362FC0FAB4BAF19C.d.52B7D5CCDC5C382B8BA6FBA0B953AA06.e.5269","ELEMENT":"f.78DE901C7A9CD016362FC0FAB4BAF19C.d.52B7D5CCDC5C382B8BA6FBA0B953AA06.e.5269"}]}
COMMAND: POST /session/05d205f2c704c8761cd4c7880ec388f1/execute/sync - {"script":"<script> [5351 bytes]","args":[{"element-6066-11e4-a52e-4f735466cecf":"f.78DE901C7A9CD016362FC0FAB4BAF19C.d.52B7D5CCDC5C382B8BA6FBA0B953AA06.e.5269","ELEMENT":"f.78DE901C7A9CD016362FC0FAB4BAF19C.d.52B7D5CCDC5C382B8BA6FBA0B953AA06.e.5269"}]}
COMMAND: GET /session/05d205f2c704c8761cd4c7880ec388f1/screenshot - {}
RESULT: {}
RESULT: {"script":"<script> [5351 bytes]","args":[{"element-6066-11e4-a52e-4f735466cecf":"f.78DE901C7A9CD016362FC0FAB4BAF19C.d.52B7D5CCDC5C382B8BA6FBA0B953AA06.e.5269","ELEMENT":"f.78DE901C7A9CD016362FC0FAB4BAF19C.d.52B7D5CCDC5C382B8BA6FBA0B953AA06.e.5269"}]}
COMMAND: GET /session/05d205f2c704c8761cd4c7880ec388f1/screenshot - {}
RESULT: {}
RESULT: {}
COMMAND: POST /session/05d205f2c704c8761cd4c7880ec388f1/execute/async - {"script":"<script> [1562 bytes]","args":[{"selector":{"id":"application-yardoverview-display-component---masterYardInventory--smartFilterBar-btnBasicSearch","interaction":{"idSuffix":"I"}},"wdio_ui5_key":"applicationyardoverview-display-component---masterYardInventory--smartFilterBar-btnBasicSearch"}]}
RESULT: {"script":"<script> [1562 bytes]","args":[{"selector":{"id":"application-yardoverview-display-component---masterYardInventory--smartFilterBar-btnBasicSearch","interaction":{"idSuffix":"I"}},"wdio_ui5_key":"applicationyardoverview-display-component---masterYardInventory--smartFilterBar-btnBasicSearch"}]}
RESULT: undefined
COMMAND: POST /session/05d205f2c704c8761cd4c7880ec388f1/execute/async - {"script":"<script> [776 bytes]","args":[{"enterText":"618","selector":{"id":"application-yardoverview-display-component---masterYardInventory--smartFilterBar-btnBasicSearch","interaction":{"idSuffix":"I"}},"clearTextFirst":true,"interactionType":"ENTER_TEXT"}]}
RESULT: {"script":"<script> [776 bytes]","args":[{"enterText":"618","selector":{"id":"application-yardoverview-display-component---masterYardInventory--smartFilterBar-btnBasicSearch","interaction":{"idSuffix":"I"}},"clearTextFirst":true,"interactionType":"ENTER_TEXT"}]}
COMMAND: POST /session/05d205f2c704c8761cd4c7880ec388f1/actions - {"actions":[{"id":"action14","type":"key","parameters":{},"actions":[{"type":"keyDown","value":"î€‡"},{"type":"pause","duration":10},{"type":"keyUp","value":"î€‡"}]}]}
RESULT: {"actions":[{"id":"action14","type":"key","parameters":{},"actions":[{"type":"keyDown","value":"î€‡"},{"type":"pause","duration":10},{"type":"keyUp","value":"î€‡"}]}]}
COMMAND: GET /session/05d205f2c704c8761cd4c7880ec388f1/screenshot - {}
RESULT: {}
COMMAND: POST /session/05d205f2c704c8761cd4c7880ec388f1/element - {"using":"xpath","value":"(//span[contains(@id, \"imgNav\")])[1]"}
RESULT: {"using":"xpath","value":"(//span[contains(@id, \"imgNav\")])[1]"}
COMMAND: POST /session/05d205f2c704c8761cd4c7880ec388f1/element/f.78DE901C7A9CD016362FC0FAB4BAF19C.d.52B7D5CCDC5C382B8BA6FBA0B953AA06.e.5316/click - {}
RESULT: {}
COMMAND: GET /session/05d205f2c704c8761cd4c7880ec388f1/screenshot - {}
RESULT: {}
COMMAND: POST /session/05d205f2c704c8761cd4c7880ec388f1/execute/async - {"script":"<script> [1562 bytes]","args":[{"selector":{"id":"application-yardoverview-display-component---detailYardInventory--ObjectPageLayout-anchBar-application-yardoverview-display-component---detailYardInventory--openReturnsSection-anchor","interaction":{"idSuffix":"BDI-content"}},"wdio_ui5_key":"applicationyardoverview-display-component---detailYardInventory--ObjectPageLayout-anchBar-application-yardoverview-display-component---detailYardInventory--openReturnsSection-anchor"}]}
RESULT: {"script":"<script> [1562 bytes]","args":[{"selector":{"id":"application-yardoverview-display-component---detailYardInventory--ObjectPageLayout-anchBar-application-yardoverview-display-component---detailYardInventory--openReturnsSection-anchor","interaction":{"idSuffix":"BDI-content"}},"wdio_ui5_key":"applicationyardoverview-display-component---detailYardInventory--ObjectPageLayout-anchBar-application-yardoverview-display-component---detailYardInventory--openReturnsSection-anchor"}]}
RESULT: undefined
COMMAND: POST /session/05d205f2c704c8761cd4c7880ec388f1/element - {"using":"xpath","value":"//*[@id=\"application-yardoverview-display-component---detailYardInventory--ObjectPageLayout-anchBar-application-yardoverview-display-component---detailYardInventory--openReturnsSection-anchor\"]"}
RESULT: {"using":"xpath","value":"//*[@id=\"application-yardoverview-display-component---detailYardInventory--ObjectPageLayout-anchBar-application-yardoverview-display-component---detailYardInventory--openReturnsSection-anchor\"]"}
COMMAND: POST /session/05d205f2c704c8761cd4c7880ec388f1/element/f.78DE901C7A9CD016362FC0FAB4BAF19C.d.52B7D5CCDC5C382B8BA6FBA0B953AA06.e.5536/click - {}
RESULT: {}
COMMAND: GET /session/05d205f2c704c8761cd4c7880ec388f1/screenshot - {}
RESULT: {}
COMMAND: POST /session/05d205f2c704c8761cd4c7880ec388f1/execute/async - {"script":"<script> [1562 bytes]","args":[{"selector":{"id":"application-yardoverview-display-component---detailYardInventory--openReturns-triggerAction-returnBtn","interaction":{"idSuffix":"BDI-content"}},"wdio_ui5_key":"applicationyardoverview-display-component---detailYardInventory--openReturns-triggerAction-returnBtn"}]}
RESULT: {"script":"<script> [1562 bytes]","args":[{"selector":{"id":"application-yardoverview-display-component---detailYardInventory--openReturns-triggerAction-returnBtn","interaction":{"idSuffix":"BDI-content"}},"wdio_ui5_key":"applicationyardoverview-display-component---detailYardInventory--openReturns-triggerAction-returnBtn"}]}
RESULT: undefined
COMMAND: POST /session/05d205f2c704c8761cd4c7880ec388f1/element - {"using":"xpath","value":"//*[@id=\"application-yardoverview-display-component---detailYardInventory--openReturns-triggerAction-returnBtn\"]"}
RESULT: {"using":"xpath","value":"//*[@id=\"application-yardoverview-display-component---detailYardInventory--openReturns-triggerAction-returnBtn\"]"}
COMMAND: POST /session/05d205f2c704c8761cd4c7880ec388f1/element/f.78DE901C7A9CD016362FC0FAB4BAF19C.d.52B7D5CCDC5C382B8BA6FBA0B953AA06.e.5559/click - {}
RESULT: {}
COMMAND: GET /session/05d205f2c704c8761cd4c7880ec388f1/screenshot - {}
RESULT: {}
COMMAND: POST /session/05d205f2c704c8761cd4c7880ec388f1/element - {"using":"xpath","value":"//div[@id=\"application-yardoverview-display-component---detailYardInventory--customReturnsTable-sa-CbBg\"]"}
RESULT: {"using":"xpath","value":"//div[@id=\"application-yardoverview-display-component---detailYardInventory--customReturnsTable-sa-CbBg\"]"}
COMMAND: POST /session/05d205f2c704c8761cd4c7880ec388f1/execute/sync - {"script":"<script> [8489 bytes]","args":[{"element-6066-11e4-a52e-4f735466cecf":"f.78DE901C7A9CD016362FC0FAB4BAF19C.d.52B7D5CCDC5C382B8BA6FBA0B953AA06.e.5577","ELEMENT":"f.78DE901C7A9CD016362FC0FAB4BAF19C.d.52B7D5CCDC5C382B8BA6FBA0B953AA06.e.5577"}]}
RESULT: {"script":"<script> [8489 bytes]","args":[{"element-6066-11e4-a52e-4f735466cecf":"f.78DE901C7A9CD016362FC0FAB4BAF19C.d.52B7D5CCDC5C382B8BA6FBA0B953AA06.e.5577","ELEMENT":"f.78DE901C7A9CD016362FC0FAB4BAF19C.d.52B7D5CCDC5C382B8BA6FBA0B953AA06.e.5577"}]}
COMMAND: POST /session/05d205f2c704c8761cd4c7880ec388f1/execute/sync - {"script":"<script> [5351 bytes]","args":[{"element-6066-11e4-a52e-4f735466cecf":"f.78DE901C7A9CD016362FC0FAB4BAF19C.d.52B7D5CCDC5C382B8BA6FBA0B953AA06.e.5577","ELEMENT":"f.78DE901C7A9CD016362FC0FAB4BAF19C.d.52B7D5CCDC5C382B8BA6FBA0B953AA06.e.5577"}]}
COMMAND: GET /session/05d205f2c704c8761cd4c7880ec388f1/screenshot - {}
RESULT: {"script":"<script> [5351 bytes]","args":[{"element-6066-11e4-a52e-4f735466cecf":"f.78DE901C7A9CD016362FC0FAB4BAF19C.d.52B7D5CCDC5C382B8BA6FBA0B953AA06.e.5577","ELEMENT":"f.78DE901C7A9CD016362FC0FAB4BAF19C.d.52B7D5CCDC5C382B8BA6FBA0B953AA06.e.5577"}]}
COMMAND: POST /session/05d205f2c704c8761cd4c7880ec388f1/element/f.78DE901C7A9CD016362FC0FAB4BAF19C.d.52B7D5CCDC5C382B8BA6FBA0B953AA06.e.5577/click - {}
COMMAND: GET /session/05d205f2c704c8761cd4c7880ec388f1/screenshot - {}
RESULT: {}
RESULT: {}
COMMAND: GET /session/05d205f2c704c8761cd4c7880ec388f1/screenshot - {}
RESULT: {}
RESULT: {}
COMMAND: POST /session/05d205f2c704c8761cd4c7880ec388f1/actions - {"actions":[{"id":"action15","type":"key","parameters":{},"actions":[{"type":"keyDown","value":"î€‡"},{"type":"pause","duration":10},{"type":"keyUp","value":"î€‡"}]}]}
RESULT: {"actions":[{"id":"action15","type":"key","parameters":{},"actions":[{"type":"keyDown","value":"î€‡"},{"type":"pause","duration":10},{"type":"keyUp","value":"î€‡"}]}]}
COMMAND: POST /session/05d205f2c704c8761cd4c7880ec388f1/element - {"using":"xpath","value":"//bdi[text()=\"Return\"]"}
COMMAND: GET /session/05d205f2c704c8761cd4c7880ec388f1/screenshot - {}
RESULT: {"using":"xpath","value":"//bdi[text()=\"Return\"]"}
COMMAND: POST /session/05d205f2c704c8761cd4c7880ec388f1/execute/sync - {"script":"<script> [8489 bytes]","args":[{"element-6066-11e4-a52e-4f735466cecf":"f.78DE901C7A9CD016362FC0FAB4BAF19C.d.52B7D5CCDC5C382B8BA6FBA0B953AA06.e.5558","ELEMENT":"f.78DE901C7A9CD016362FC0FAB4BAF19C.d.52B7D5CCDC5C382B8BA6FBA0B953AA06.e.5558"}]}
RESULT: {}
RESULT: {"script":"<script> [8489 bytes]","args":[{"element-6066-11e4-a52e-4f735466cecf":"f.78DE901C7A9CD016362FC0FAB4BAF19C.d.52B7D5CCDC5C382B8BA6FBA0B953AA06.e.5558","ELEMENT":"f.78DE901C7A9CD016362FC0FAB4BAF19C.d.52B7D5CCDC5C382B8BA6FBA0B953AA06.e.5558"}]}
COMMAND: POST /session/05d205f2c704c8761cd4c7880ec388f1/execute/sync - {"script":"<script> [5351 bytes]","args":[{"element-6066-11e4-a52e-4f735466cecf":"f.78DE901C7A9CD016362FC0FAB4BAF19C.d.52B7D5CCDC5C382B8BA6FBA0B953AA06.e.5558","ELEMENT":"f.78DE901C7A9CD016362FC0FAB4BAF19C.d.52B7D5CCDC5C382B8BA6FBA0B953AA06.e.5558"}]}
COMMAND: GET /session/05d205f2c704c8761cd4c7880ec388f1/screenshot - {}
RESULT: {"script":"<script> [5351 bytes]","args":[{"element-6066-11e4-a52e-4f735466cecf":"f.78DE901C7A9CD016362FC0FAB4BAF19C.d.52B7D5CCDC5C382B8BA6FBA0B953AA06.e.5558","ELEMENT":"f.78DE901C7A9CD016362FC0FAB4BAF19C.d.52B7D5CCDC5C382B8BA6FBA0B953AA06.e.5558"}]}
COMMAND: POST /session/05d205f2c704c8761cd4c7880ec388f1/element/f.78DE901C7A9CD016362FC0FAB4BAF19C.d.52B7D5CCDC5C382B8BA6FBA0B953AA06.e.5558/click - {}
COMMAND: GET /session/05d205f2c704c8761cd4c7880ec388f1/screenshot - {}
RESULT: {}
RESULT: {}
COMMAND: POST /session/05d205f2c704c8761cd4c7880ec388f1/execute/async - {"script":"<script> [1562 bytes]","args":[{"selector":{"controlType":"sap.m.Text","properties":{"text":"Mass Create Handovers process was executed with success!"},"searchOpenDialogs":true},"wdio_ui5_key":"sapm.Text{\"text\":\"Mass Create Handovers process was executed with success!\"}"}]}
COMMAND: GET /session/05d205f2c704c8761cd4c7880ec388f1/screenshot - {}
RESULT: {}
RESULT: {"script":"<script> [1562 bytes]","args":[{"selector":{"controlType":"sap.m.Text","properties":{"text":"Mass Create Handovers process was executed with success!"},"searchOpenDialogs":true},"wdio_ui5_key":"sapm.Text{\"text\":\"Mass Create Handovers process was executed with success!\"}"}]}
RESULT: undefined
COMMAND: POST /session/05d205f2c704c8761cd4c7880ec388f1/execute/async - {"script":"<script> [6424 bytes]","args":[{"element-6066-11e4-a52e-4f735466cecf":"f.78DE901C7A9CD016362FC0FAB4BAF19C.d.52B7D5CCDC5C382B8BA6FBA0B953AA06.e.5580"},"getText",[]]}
RESULT: {}
RESULT: {"script":"<script> [6424 bytes]","args":[{"element-6066-11e4-a52e-4f735466cecf":"f.78DE901C7A9CD016362FC0FAB4BAF19C.d.52B7D5CCDC5C382B8BA6FBA0B953AA06.e.5580"},"getText",[]]}
COMMAND: POST /session/05d205f2c704c8761cd4c7880ec388f1/execute/async - {"script":"<script> [1562 bytes]","args":[{"selector":{"controlType":"sap.m.Button","properties":{"text":"OK"},"searchOpenDialogs":true,"interaction":{"idSuffix":"BDI-content"}},"wdio_ui5_key":"sapm.Button{\"text\":\"OK\"}"}]}
RESULT: {"script":"<script> [1562 bytes]","args":[{"selector":{"controlType":"sap.m.Button","properties":{"text":"OK"},"searchOpenDialogs":true,"interaction":{"idSuffix":"BDI-content"}},"wdio_ui5_key":"sapm.Button{\"text\":\"OK\"}"}]}
RESULT: undefined
COMMAND: POST /session/05d205f2c704c8761cd4c7880ec388f1/element - {"using":"xpath","value":"//*[@id=\"__mbox-btn-6\"]"}
RESULT: {"using":"xpath","value":"//*[@id=\"__mbox-btn-6\"]"}
COMMAND: POST /session/05d205f2c704c8761cd4c7880ec388f1/element/f.78DE901C7A9CD016362FC0FAB4BAF19C.d.52B7D5CCDC5C382B8BA6FBA0B953AA06.e.5579/click - {}
RESULT: {}
COMMAND: GET /session/05d205f2c704c8761cd4c7880ec388f1/screenshot - {}
RESULT: {}
COMMAND: POST /session/05d205f2c704c8761cd4c7880ec388f1/execute/async - {"script":"<script> [1562 bytes]","args":[{"selector":{"controlType":"sap.m.Text","viewName":"etm.portal.ui.yardoverview.view.Detail","viewId":"application-yardoverview-display-component---detailYardInventory","bindingPath":{"path":"","propertyPath":"STATUS_DESC"}},"wdio_ui5_key":"etmportal.ui.yardoverview.view.Detailsap.m.Text{\"path\":\"\",\"propertyPath\":\"STATUS_DESC\"}"}]}
RESULT: {"script":"<script> [1562 bytes]","args":[{"selector":{"controlType":"sap.m.Text","viewName":"etm.portal.ui.yardoverview.view.Detail","viewId":"application-yardoverview-display-component---detailYardInventory","bindingPath":{"path":"","propertyPath":"STATUS_DESC"}},"wdio_ui5_key":"etmportal.ui.yardoverview.view.Detailsap.m.Text{\"path\":\"\",\"propertyPath\":\"STATUS_DESC\"}"}]}
RESULT: undefined
COMMAND: POST /session/05d205f2c704c8761cd4c7880ec388f1/execute/async - {"script":"<script> [6424 bytes]","args":[{"element-6066-11e4-a52e-4f735466cecf":"f.78DE901C7A9CD016362FC0FAB4BAF19C.d.52B7D5CCDC5C382B8BA6FBA0B953AA06.e.5582"},"getText",[]]}
RESULT: {"script":"<script> [6424 bytes]","args":[{"element-6066-11e4-a52e-4f735466cecf":"f.78DE901C7A9CD016362FC0FAB4BAF19C.d.52B7D5CCDC5C382B8BA6FBA0B953AA06.e.5582"},"getText",[]]}
COMMAND: POST /session/05d205f2c704c8761cd4c7880ec388f1/element - {"using":"css selector","value":"#shell-header-logo"}
RESULT: {"using":"css selector","value":"#shell-header-logo"}
COMMAND: POST /session/05d205f2c704c8761cd4c7880ec388f1/element/f.78DE901C7A9CD016362FC0FAB4BAF19C.d.52B7D5CCDC5C382B8BA6FBA0B953AA06.e.5250/click - {}
RESULT: {}
COMMAND: GET /session/05d205f2c704c8761cd4c7880ec388f1/screenshot - {}
RESULT: {}
COMMAND: POST /session/05d205f2c704c8761cd4c7880ec388f1/element - {"using":"css selector","value":"#j_username"}
COMMAND: POST /session/05d205f2c704c8761cd4c7880ec388f1/url - {"url":"https://qa-testing-00-live-etm-ui.cfapps.eu10-004.hana.ondemand.com/"}
RESULT: {"using":"css selector","value":"#j_username"}
COMMAND: POST /session/05d205f2c704c8761cd4c7880ec388f1/element - {"using":"css selector","value":"#j_username"}
RESULT: {"url":"https://qa-testing-00-live-etm-ui.cfapps.eu10-004.hana.ondemand.com/"}
RESULT: undefined
COMMAND: GET /session/05d205f2c704c8761cd4c7880ec388f1/screenshot - {}
RESULT: {"using":"css selector","value":"#j_username"}
COMMAND: POST /session/05d205f2c704c8761cd4c7880ec388f1/element - {"using":"css selector","value":"#shell-header-logo"}
RESULT: {}
RESULT: {"using":"css selector","value":"#shell-header-logo"}
COMMAND: POST /session/05d205f2c704c8761cd4c7880ec388f1/execute/sync - {"script":"<script> [8489 bytes]","args":[{"element-6066-11e4-a52e-4f735466cecf":"f.78DE901C7A9CD016362FC0FAB4BAF19C.d.BDEA751026F911869122EE02608B95E7.e.5596","ELEMENT":"f.78DE901C7A9CD016362FC0FAB4BAF19C.d.BDEA751026F911869122EE02608B95E7.e.5596"}]}
RESULT: {"script":"<script> [8489 bytes]","args":[{"element-6066-11e4-a52e-4f735466cecf":"f.78DE901C7A9CD016362FC0FAB4BAF19C.d.BDEA751026F911869122EE02608B95E7.e.5596","ELEMENT":"f.78DE901C7A9CD016362FC0FAB4BAF19C.d.BDEA751026F911869122EE02608B95E7.e.5596"}]}
COMMAND: POST /session/05d205f2c704c8761cd4c7880ec388f1/element - {"using":"css selector","value":"#shell-header-logo"}
COMMAND: GET /session/05d205f2c704c8761cd4c7880ec388f1/screenshot - {}
RESULT: {"using":"css selector","value":"#shell-header-logo"}
COMMAND: POST /session/05d205f2c704c8761cd4c7880ec388f1/execute/sync - {"script":"<script> [8489 bytes]","args":[{"element-6066-11e4-a52e-4f735466cecf":"f.78DE901C7A9CD016362FC0FAB4BAF19C.d.BDEA751026F911869122EE02608B95E7.e.5596","ELEMENT":"f.78DE901C7A9CD016362FC0FAB4BAF19C.d.BDEA751026F911869122EE02608B95E7.e.5596"}]}
RESULT: {}
RESULT: {"script":"<script> [8489 bytes]","args":[{"element-6066-11e4-a52e-4f735466cecf":"f.78DE901C7A9CD016362FC0FAB4BAF19C.d.BDEA751026F911869122EE02608B95E7.e.5596","ELEMENT":"f.78DE901C7A9CD016362FC0FAB4BAF19C.d.BDEA751026F911869122EE02608B95E7.e.5596"}]}
COMMAND: POST /session/05d205f2c704c8761cd4c7880ec388f1/execute/sync - {"script":"<script> [5351 bytes]","args":[{"element-6066-11e4-a52e-4f735466cecf":"f.78DE901C7A9CD016362FC0FAB4BAF19C.d.BDEA751026F911869122EE02608B95E7.e.5596","ELEMENT":"f.78DE901C7A9CD016362FC0FAB4BAF19C.d.BDEA751026F911869122EE02608B95E7.e.5596"}]}
COMMAND: GET /session/05d205f2c704c8761cd4c7880ec388f1/screenshot - {}
RESULT: {"script":"<script> [5351 bytes]","args":[{"element-6066-11e4-a52e-4f735466cecf":"f.78DE901C7A9CD016362FC0FAB4BAF19C.d.BDEA751026F911869122EE02608B95E7.e.5596","ELEMENT":"f.78DE901C7A9CD016362FC0FAB4BAF19C.d.BDEA751026F911869122EE02608B95E7.e.5596"}]}
COMMAND: POST /session/05d205f2c704c8761cd4c7880ec388f1/element - {"using":"css selector","value":"#shell-header-logo"}
COMMAND: GET /session/05d205f2c704c8761cd4c7880ec388f1/screenshot - {}
RESULT: {}
RESULT: {"using":"css selector","value":"#shell-header-logo"}
COMMAND: POST /session/05d205f2c704c8761cd4c7880ec388f1/element/f.78DE901C7A9CD016362FC0FAB4BAF19C.d.BDEA751026F911869122EE02608B95E7.e.5596/click - {}
RESULT: {}
RESULT: {}
COMMAND: GET /session/05d205f2c704c8761cd4c7880ec388f1/screenshot - {}
RESULT: {}
COMMAND: POST /session/05d205f2c704c8761cd4c7880ec388f1/execute/async - {"script":"<script> [189 bytes]","args":[]}
RESULT: {"script":"<script> [189 bytes]","args":[]}
COMMAND: POST /session/05d205f2c704c8761cd4c7880ec388f1/execute/async - {"script":"<script> [123 bytes]","args":[]}
RESULT: {"script":"<script> [123 bytes]","args":[]}
COMMAND: POST /session/05d205f2c704c8761cd4c7880ec388f1/timeouts - {"script":"<number>"}
RESULT: {"script":"<number>"}
COMMAND: GET /session/05d205f2c704c8761cd4c7880ec388f1/timeouts - {}
RESULT: {}
RESULT: undefined
COMMAND: POST /session/05d205f2c704c8761cd4c7880ec388f1/execute/async - {"script":"<script> [2676 bytes]","args":[]}
RESULT: {"script":"<script> [2676 bytes]","args":[]}
COMMAND: POST /session/05d205f2c704c8761cd4c7880ec388f1/execute/async - {"script":"<script> [2342 bytes]","args":[{"protocol":"http","hostname":"0.0.0.0","path":"/","capabilities":{"browserName":"chrome","goog:chromeOptions":{"binary":"C:\\Program Files\\Google\\Chrome\\Application\\chrome.exe","args":["--start-maximized"]}},"logLevel":"warn","connectionRetryTimeout":120000,"connectionRetryCount":3,"logLevels":{},"enableDirectConnect":true,"strictSSL":true,"_":"65 more keys: [\"cacheDir\",\"port\",\"requestedCapabilities\",\"automationProtocol\",\"baseUrl\",\"waitforInterval\",\"waitforTimeout\",\"onReload\",\"beforeCommand\",\"afterCommand\",\"rootDir\",\"specs\",\"suites\",\"exclude\",\"groupLogsByTestSpec\",\"excludeDriverLogs\",\"bail\",\"framework\",\"reporters\",\"services\",\"maxInstances\",\"maxInstancesPerCapability\",\"injectGlobals\",\"filesToWatch\",\"execArgv\",\"runnerEnv\",\"runner\",\"shard\",\"specFileRetries\",\"specFileRetriesDelay\",\"specFileRetriesDeferred\",\"reporterSyncInterval\",\"reporterSyncTimeout\",\"cucumberFeaturesWithLineNumbers\",\"autoCompileOpts\",\"mochaOpts\",\"jasmineOpts\",\"cucumberOpts\",\"onPrepare\",\"onWorkerStart\",\"onWorkerEnd\",\"before\",\"beforeSession\",\"beforeSuite\",\"beforeHook\",\"beforeTest\",\"afterTest\",\"afterHook\",\"afterSuite\",\"afterSession\",\"after\",\"onComplete\",\"beforeAssertion\",\"afterAssertion\",\"beforeFeature\",\"beforeScenario\",\"beforeStep\",\"afterStep\",\"afterScenario\",\"afterFeature\",\"_\",\"suite\",\"$0\",\"ignoredWorkerServices\",\"wdi5\"]"}]}
RESULT: {"script":"<script> [2342 bytes]","args":[{"protocol":"http","hostname":"0.0.0.0","path":"/","capabilities":{"browserName":"chrome","goog:chromeOptions":{"binary":"C:\\Program Files\\Google\\Chrome\\Application\\chrome.exe","args":["--start-maximized"]}},"logLevel":"warn","connectionRetryTimeout":120000,"connectionRetryCount":3,"logLevels":{},"enableDirectConnect":true,"strictSSL":true,"_":"65 more keys: [\"cacheDir\",\"port\",\"requestedCapabilities\",\"automationProtocol\",\"baseUrl\",\"waitforInterval\",\"waitforTimeout\",\"onReload\",\"beforeCommand\",\"afterCommand\",\"rootDir\",\"specs\",\"suites\",\"exclude\",\"groupLogsByTestSpec\",\"excludeDriverLogs\",\"bail\",\"framework\",\"reporters\",\"services\",\"maxInstances\",\"maxInstancesPerCapability\",\"injectGlobals\",\"filesToWatch\",\"execArgv\",\"runnerEnv\",\"runner\",\"shard\",\"specFileRetries\",\"specFileRetriesDelay\",\"specFileRetriesDeferred\",\"reporterSyncInterval\",\"reporterSyncTimeout\",\"cucumberFeaturesWithLineNumbers\",\"autoCompileOpts\",\"mochaOpts\",\"jasmineOpts\",\"cucumberOpts\",\"onPrepare\",\"onWorkerStart\",\"onWorkerEnd\",\"before\",\"beforeSession\",\"beforeSuite\",\"beforeHook\",\"beforeTest\",\"afterTest\",\"afterHook\",\"afterSuite\",\"afterSession\",\"after\",\"onComplete\",\"beforeAssertion\",\"afterAssertion\",\"beforeFeature\",\"beforeScenario\",\"beforeStep\",\"afterStep\",\"afterScenario\",\"afterFeature\",\"_\",\"suite\",\"$0\",\"ignoredWorkerServices\",\"wdi5\"]"}]}
COMMAND: POST /session/05d205f2c704c8761cd4c7880ec388f1/execute/async - {"script":"<script> [21126 bytes]","args":[35000]}
RESULT: {"script":"<script> [21126 bytes]","args":[35000]}
COMMAND: POST /session/05d205f2c704c8761cd4c7880ec388f1/window/maximize - {}
RESULT: {}
COMMAND: POST /session/05d205f2c704c8761cd4c7880ec388f1/execute/async - {"script":"<script> [1562 bytes]","args":[{"selector":{"id":"shell-header","interaction":{"idSuffix":"icon"}},"wdio_ui5_key":"shellheader"}]}
COMMAND: GET /session/05d205f2c704c8761cd4c7880ec388f1/screenshot - {}
RESULT: {"script":"<script> [1562 bytes]","args":[{"selector":{"id":"shell-header","interaction":{"idSuffix":"icon"}},"wdio_ui5_key":"shellheader"}]}
RESULT: undefined
COMMAND: POST /session/05d205f2c704c8761cd4c7880ec388f1/refresh - {}
RESULT: {}
RESULT: {}
COMMAND: GET /session/05d205f2c704c8761cd4c7880ec388f1/screenshot - {}
RESULT: {}
COMMAND: POST /session/05d205f2c704c8761cd4c7880ec388f1/refresh - {}
RESULT: {}
COMMAND: GET /session/05d205f2c704c8761cd4c7880ec388f1/screenshot - {}
RESULT: {}
COMMAND: POST /session/05d205f2c704c8761cd4c7880ec388f1/window/fullscreen - {}
RESULT: {}
COMMAND: POST /session/05d205f2c704c8761cd4c7880ec388f1/execute/async - {"script":"<script> [189 bytes]","args":[]}
RESULT: {"script":"<script> [189 bytes]","args":[]}
COMMAND: POST /session/05d205f2c704c8761cd4c7880ec388f1/execute/async - {"script":"<script> [123 bytes]","args":[]}
RESULT: {"script":"<script> [123 bytes]","args":[]}
COMMAND: POST /session/05d205f2c704c8761cd4c7880ec388f1/timeouts - {"script":"<number>"}
RESULT: {"script":"<number>"}
COMMAND: GET /session/05d205f2c704c8761cd4c7880ec388f1/timeouts - {}
RESULT: {}
RESULT: undefined
COMMAND: POST /session/05d205f2c704c8761cd4c7880ec388f1/execute/async - {"script":"<script> [2676 bytes]","args":[]}
RESULT: {"script":"<script> [2676 bytes]","args":[]}
COMMAND: POST /session/05d205f2c704c8761cd4c7880ec388f1/execute/async - {"script":"<script> [2342 bytes]","args":[{"protocol":"http","hostname":"0.0.0.0","path":"/","capabilities":{"browserName":"chrome","goog:chromeOptions":{"binary":"C:\\Program Files\\Google\\Chrome\\Application\\chrome.exe","args":["--start-maximized"]}},"logLevel":"warn","connectionRetryTimeout":120000,"connectionRetryCount":3,"logLevels":{},"enableDirectConnect":true,"strictSSL":true,"_":"65 more keys: [\"cacheDir\",\"port\",\"requestedCapabilities\",\"automationProtocol\",\"baseUrl\",\"waitforInterval\",\"waitforTimeout\",\"onReload\",\"beforeCommand\",\"afterCommand\",\"rootDir\",\"specs\",\"suites\",\"exclude\",\"groupLogsByTestSpec\",\"excludeDriverLogs\",\"bail\",\"framework\",\"reporters\",\"services\",\"maxInstances\",\"maxInstancesPerCapability\",\"injectGlobals\",\"filesToWatch\",\"execArgv\",\"runnerEnv\",\"runner\",\"shard\",\"specFileRetries\",\"specFileRetriesDelay\",\"specFileRetriesDeferred\",\"reporterSyncInterval\",\"reporterSyncTimeout\",\"cucumberFeaturesWithLineNumbers\",\"autoCompileOpts\",\"mochaOpts\",\"jasmineOpts\",\"cucumberOpts\",\"onPrepare\",\"onWorkerStart\",\"onWorkerEnd\",\"before\",\"beforeSession\",\"beforeSuite\",\"beforeHook\",\"beforeTest\",\"afterTest\",\"afterHook\",\"afterSuite\",\"afterSession\",\"after\",\"onComplete\",\"beforeAssertion\",\"afterAssertion\",\"beforeFeature\",\"beforeScenario\",\"beforeStep\",\"afterStep\",\"afterScenario\",\"afterFeature\",\"_\",\"suite\",\"$0\",\"ignoredWorkerServices\",\"wdi5\"]"}]}
RESULT: {"script":"<script> [2342 bytes]","args":[{"protocol":"http","hostname":"0.0.0.0","path":"/","capabilities":{"browserName":"chrome","goog:chromeOptions":{"binary":"C:\\Program Files\\Google\\Chrome\\Application\\chrome.exe","args":["--start-maximized"]}},"logLevel":"warn","connectionRetryTimeout":120000,"connectionRetryCount":3,"logLevels":{},"enableDirectConnect":true,"strictSSL":true,"_":"65 more keys: [\"cacheDir\",\"port\",\"requestedCapabilities\",\"automationProtocol\",\"baseUrl\",\"waitforInterval\",\"waitforTimeout\",\"onReload\",\"beforeCommand\",\"afterCommand\",\"rootDir\",\"specs\",\"suites\",\"exclude\",\"groupLogsByTestSpec\",\"excludeDriverLogs\",\"bail\",\"framework\",\"reporters\",\"services\",\"maxInstances\",\"maxInstancesPerCapability\",\"injectGlobals\",\"filesToWatch\",\"execArgv\",\"runnerEnv\",\"runner\",\"shard\",\"specFileRetries\",\"specFileRetriesDelay\",\"specFileRetriesDeferred\",\"reporterSyncInterval\",\"reporterSyncTimeout\",\"cucumberFeaturesWithLineNumbers\",\"autoCompileOpts\",\"mochaOpts\",\"jasmineOpts\",\"cucumberOpts\",\"onPrepare\",\"onWorkerStart\",\"onWorkerEnd\",\"before\",\"beforeSession\",\"beforeSuite\",\"beforeHook\",\"beforeTest\",\"afterTest\",\"afterHook\",\"afterSuite\",\"afterSession\",\"after\",\"onComplete\",\"beforeAssertion\",\"afterAssertion\",\"beforeFeature\",\"beforeScenario\",\"beforeStep\",\"afterStep\",\"afterScenario\",\"afterFeature\",\"_\",\"suite\",\"$0\",\"ignoredWorkerServices\",\"wdi5\"]"}]}
COMMAND: POST /session/05d205f2c704c8761cd4c7880ec388f1/execute/async - {"script":"<script> [21126 bytes]","args":[35000]}
RESULT: {"script":"<script> [21126 bytes]","args":[35000]}
COMMAND: POST /session/05d205f2c704c8761cd4c7880ec388f1/window/fullscreen - {}
RESULT: {}
]]></system-out>
    </testcase>
  </testsuite>
  <testsuite timestamp="2025-05-06T06:11:53" time="411.777" tests="6" failures="0" errors="0" skipped="0">
    <properties>
      <property name="specId" value="0" />
      <property name="suiteName" value="Yard Overview Autoplanning US130989" />
      <property name="capabilities" value="chrome.135_0_7049_115.windows" />
      <property name="file" value="file:///D:/a/1/s/test/specs/HTR/yard-overview-autoplanning.spec.js" />
    </properties>
    <testcase classname="chrome.135_0_7049_115.windows.Yard_Overview_Autoplanning_US130989" name="Prereq Should create a new yard used for all following tests" time="0.014">
      <system-out><![CDATA[
COMMAND: POST /session/05d205f2c704c8761cd4c7880ec388f1/window/fullscreen - {}
RESULT: {}
]]></system-out>
    </testcase>
    <testcase classname="chrome.135_0_7049_115.windows.Yard_Overview_Autoplanning_US130989" name="Prereq Should create a new partner" time="0.005" />
    <testcase classname="chrome.135_0_7049_115.windows.Yard_Overview_Autoplanning_US130989" name="Prereq Should create a new site" time="0.003" />
    <testcase classname="chrome.135_0_7049_115.windows.Yard_Overview_Autoplanning_US130989" name="Prereq Should create a new material with catalog selection" time="130.575">
      <system-out><![CDATA[
COMMAND: POST /session/05d205f2c704c8761cd4c7880ec388f1/execute/async - {"script":"<script> [1562 bytes]","args":[{"selector":{"controlType":"sap.m.GenericTile","properties":{"header":"Manage Resources"}},"wdio_ui5_key":"sapm.GenericTile{\"header\":\"Manage Resources\"}"}]}
RESULT: {"script":"<script> [1562 bytes]","args":[{"selector":{"controlType":"sap.m.GenericTile","properties":{"header":"Manage Resources"}},"wdio_ui5_key":"sapm.GenericTile{\"header\":\"Manage Resources\"}"}]}
RESULT: undefined
COMMAND: POST /session/05d205f2c704c8761cd4c7880ec388f1/element - {"using":"xpath","value":"//*[@id=\"__tile39\"]"}
RESULT: {"using":"xpath","value":"//*[@id=\"__tile39\"]"}
COMMAND: POST /session/05d205f2c704c8761cd4c7880ec388f1/element/f.78DE901C7A9CD016362FC0FAB4BAF19C.d.FD07AE34E45E8E36524B275D9C93BA7B.e.5747/click - {}
RESULT: {}
COMMAND: POST /session/05d205f2c704c8761cd4c7880ec388f1/element - {"using":"xpath","value":"//button[@data-kt=\"addNewRUOverflowToolbarButton\"]"}
COMMAND: GET /session/05d205f2c704c8761cd4c7880ec388f1/screenshot - {}
RESULT: {"using":"xpath","value":"//button[@data-kt=\"addNewRUOverflowToolbarButton\"]"}
COMMAND: POST /session/05d205f2c704c8761cd4c7880ec388f1/elements - {"using":"xpath","value":"//button[@data-kt=\"addNewRUOverflowToolbarButton\"]"}
RESULT: {}
RESULT: {"using":"xpath","value":"//button[@data-kt=\"addNewRUOverflowToolbarButton\"]"}
COMMAND: POST /session/05d205f2c704c8761cd4c7880ec388f1/elements - {"using":"xpath","value":"//button[@data-kt=\"addNewRUOverflowToolbarButton\"]"}
RESULT: {"using":"xpath","value":"//button[@data-kt=\"addNewRUOverflowToolbarButton\"]"}
COMMAND: POST /session/05d205f2c704c8761cd4c7880ec388f1/elements - {"using":"xpath","value":"//button[@data-kt=\"addNewRUOverflowToolbarButton\"]"}
RESULT: {"using":"xpath","value":"//button[@data-kt=\"addNewRUOverflowToolbarButton\"]"}
COMMAND: POST /session/05d205f2c704c8761cd4c7880ec388f1/elements - {"using":"xpath","value":"//button[@data-kt=\"addNewRUOverflowToolbarButton\"]"}
RESULT: {"using":"xpath","value":"//button[@data-kt=\"addNewRUOverflowToolbarButton\"]"}
COMMAND: POST /session/05d205f2c704c8761cd4c7880ec388f1/elements - {"using":"xpath","value":"//button[@data-kt=\"addNewRUOverflowToolbarButton\"]"}
RESULT: {"using":"xpath","value":"//button[@data-kt=\"addNewRUOverflowToolbarButton\"]"}
COMMAND: POST /session/05d205f2c704c8761cd4c7880ec388f1/elements - {"using":"xpath","value":"//button[@data-kt=\"addNewRUOverflowToolbarButton\"]"}
RESULT: {"using":"xpath","value":"//button[@data-kt=\"addNewRUOverflowToolbarButton\"]"}
COMMAND: POST /session/05d205f2c704c8761cd4c7880ec388f1/elements - {"using":"xpath","value":"//button[@data-kt=\"addNewRUOverflowToolbarButton\"]"}
RESULT: {"using":"xpath","value":"//button[@data-kt=\"addNewRUOverflowToolbarButton\"]"}
COMMAND: POST /session/05d205f2c704c8761cd4c7880ec388f1/elements - {"using":"xpath","value":"//button[@data-kt=\"addNewRUOverflowToolbarButton\"]"}
RESULT: {"using":"xpath","value":"//button[@data-kt=\"addNewRUOverflowToolbarButton\"]"}
COMMAND: POST /session/05d205f2c704c8761cd4c7880ec388f1/elements - {"using":"xpath","value":"//button[@data-kt=\"addNewRUOverflowToolbarButton\"]"}
RESULT: {"using":"xpath","value":"//button[@data-kt=\"addNewRUOverflowToolbarButton\"]"}
COMMAND: POST /session/05d205f2c704c8761cd4c7880ec388f1/elements - {"using":"xpath","value":"//button[@data-kt=\"addNewRUOverflowToolbarButton\"]"}
RESULT: {"using":"xpath","value":"//button[@data-kt=\"addNewRUOverflowToolbarButton\"]"}
COMMAND: POST /session/05d205f2c704c8761cd4c7880ec388f1/elements - {"using":"xpath","value":"//button[@data-kt=\"addNewRUOverflowToolbarButton\"]"}
RESULT: {"using":"xpath","value":"//button[@data-kt=\"addNewRUOverflowToolbarButton\"]"}
COMMAND: POST /session/05d205f2c704c8761cd4c7880ec388f1/elements - {"using":"xpath","value":"//button[@data-kt=\"addNewRUOverflowToolbarButton\"]"}
RESULT: {"using":"xpath","value":"//button[@data-kt=\"addNewRUOverflowToolbarButton\"]"}
COMMAND: POST /session/05d205f2c704c8761cd4c7880ec388f1/elements - {"using":"xpath","value":"//button[@data-kt=\"addNewRUOverflowToolbarButton\"]"}
RESULT: {"using":"xpath","value":"//button[@data-kt=\"addNewRUOverflowToolbarButton\"]"}
COMMAND: POST /session/05d205f2c704c8761cd4c7880ec388f1/elements - {"using":"xpath","value":"//button[@data-kt=\"addNewRUOverflowToolbarButton\"]"}
RESULT: {"using":"xpath","value":"//button[@data-kt=\"addNewRUOverflowToolbarButton\"]"}
COMMAND: POST /session/05d205f2c704c8761cd4c7880ec388f1/elements - {"using":"xpath","value":"//button[@data-kt=\"addNewRUOverflowToolbarButton\"]"}
RESULT: {"using":"xpath","value":"//button[@data-kt=\"addNewRUOverflowToolbarButton\"]"}
COMMAND: POST /session/05d205f2c704c8761cd4c7880ec388f1/elements - {"using":"xpath","value":"//button[@data-kt=\"addNewRUOverflowToolbarButton\"]"}
RESULT: {"using":"xpath","value":"//button[@data-kt=\"addNewRUOverflowToolbarButton\"]"}
COMMAND: POST /session/05d205f2c704c8761cd4c7880ec388f1/element - {"using":"xpath","value":"//button[@data-kt=\"addNewRUOverflowToolbarButton\"]"}
RESULT: {"using":"xpath","value":"//button[@data-kt=\"addNewRUOverflowToolbarButton\"]"}
COMMAND: POST /session/05d205f2c704c8761cd4c7880ec388f1/execute/sync - {"script":"<script> [8489 bytes]","args":[{"element-6066-11e4-a52e-4f735466cecf":"f.78DE901C7A9CD016362FC0FAB4BAF19C.d.FD07AE34E45E8E36524B275D9C93BA7B.e.5898","ELEMENT":"f.78DE901C7A9CD016362FC0FAB4BAF19C.d.FD07AE34E45E8E36524B275D9C93BA7B.e.5898"}]}
RESULT: {"script":"<script> [8489 bytes]","args":[{"element-6066-11e4-a52e-4f735466cecf":"f.78DE901C7A9CD016362FC0FAB4BAF19C.d.FD07AE34E45E8E36524B275D9C93BA7B.e.5898","ELEMENT":"f.78DE901C7A9CD016362FC0FAB4BAF19C.d.FD07AE34E45E8E36524B275D9C93BA7B.e.5898"}]}
COMMAND: GET /session/05d205f2c704c8761cd4c7880ec388f1/element/f.78DE901C7A9CD016362FC0FAB4BAF19C.d.FD07AE34E45E8E36524B275D9C93BA7B.e.5898/enabled - {}
COMMAND: GET /session/05d205f2c704c8761cd4c7880ec388f1/screenshot - {}
RESULT: {}
COMMAND: POST /session/05d205f2c704c8761cd4c7880ec388f1/execute/sync - {"script":"<script> [8489 bytes]","args":[{"element-6066-11e4-a52e-4f735466cecf":"f.78DE901C7A9CD016362FC0FAB4BAF19C.d.FD07AE34E45E8E36524B275D9C93BA7B.e.5898","ELEMENT":"f.78DE901C7A9CD016362FC0FAB4BAF19C.d.FD07AE34E45E8E36524B275D9C93BA7B.e.5898"}]}
COMMAND: GET /session/05d205f2c704c8761cd4c7880ec388f1/screenshot - {}
RESULT: {}
RESULT: {"script":"<script> [8489 bytes]","args":[{"element-6066-11e4-a52e-4f735466cecf":"f.78DE901C7A9CD016362FC0FAB4BAF19C.d.FD07AE34E45E8E36524B275D9C93BA7B.e.5898","ELEMENT":"f.78DE901C7A9CD016362FC0FAB4BAF19C.d.FD07AE34E45E8E36524B275D9C93BA7B.e.5898"}]}
COMMAND: POST /session/05d205f2c704c8761cd4c7880ec388f1/execute/sync - {"script":"<script> [5351 bytes]","args":[{"element-6066-11e4-a52e-4f735466cecf":"f.78DE901C7A9CD016362FC0FAB4BAF19C.d.FD07AE34E45E8E36524B275D9C93BA7B.e.5898","ELEMENT":"f.78DE901C7A9CD016362FC0FAB4BAF19C.d.FD07AE34E45E8E36524B275D9C93BA7B.e.5898"}]}
COMMAND: GET /session/05d205f2c704c8761cd4c7880ec388f1/screenshot - {}
RESULT: {}
RESULT: {"script":"<script> [5351 bytes]","args":[{"element-6066-11e4-a52e-4f735466cecf":"f.78DE901C7A9CD016362FC0FAB4BAF19C.d.FD07AE34E45E8E36524B275D9C93BA7B.e.5898","ELEMENT":"f.78DE901C7A9CD016362FC0FAB4BAF19C.d.FD07AE34E45E8E36524B275D9C93BA7B.e.5898"}]}
COMMAND: POST /session/05d205f2c704c8761cd4c7880ec388f1/element/f.78DE901C7A9CD016362FC0FAB4BAF19C.d.FD07AE34E45E8E36524B275D9C93BA7B.e.5898/click - {}
COMMAND: GET /session/05d205f2c704c8761cd4c7880ec388f1/screenshot - {}
RESULT: {}
RESULT: {}
COMMAND: GET /session/05d205f2c704c8761cd4c7880ec388f1/screenshot - {}
COMMAND: POST /session/05d205f2c704c8761cd4c7880ec388f1/execute/async - {"script":"<script> [1562 bytes]","args":[{"selector":{"id":"application-manageresources-display-component---newResourceUnit--TYPE-arrow"},"wdio_ui5_key":"applicationmanageresources-display-component---newResourceUnit--TYPE-arrow"}]}
RESULT: {}
RESULT: {}
RESULT: {"script":"<script> [1562 bytes]","args":[{"selector":{"id":"application-manageresources-display-component---newResourceUnit--TYPE-arrow"},"wdio_ui5_key":"applicationmanageresources-display-component---newResourceUnit--TYPE-arrow"}]}
RESULT: undefined
COMMAND: POST /session/05d205f2c704c8761cd4c7880ec388f1/element - {"using":"xpath","value":"//*[@id=\"application-manageresources-display-component---newResourceUnit--TYPE-arrow\"]"}
RESULT: {"using":"xpath","value":"//*[@id=\"application-manageresources-display-component---newResourceUnit--TYPE-arrow\"]"}
COMMAND: POST /session/05d205f2c704c8761cd4c7880ec388f1/element/f.78DE901C7A9CD016362FC0FAB4BAF19C.d.FD07AE34E45E8E36524B275D9C93BA7B.e.6243/click - {}
RESULT: {}
COMMAND: POST /session/05d205f2c704c8761cd4c7880ec388f1/element - {"using":"xpath","value":"//input[@id=\"application-manageresources-display-component---newResourceUnit--TYPE-inner\"]"}
COMMAND: GET /session/05d205f2c704c8761cd4c7880ec388f1/screenshot - {}
RESULT: {"using":"xpath","value":"//input[@id=\"application-manageresources-display-component---newResourceUnit--TYPE-inner\"]"}
COMMAND: POST /session/05d205f2c704c8761cd4c7880ec388f1/element/f.78DE901C7A9CD016362FC0FAB4BAF19C.d.FD07AE34E45E8E36524B275D9C93BA7B.e.6238/clear - {}
RESULT: {}
RESULT: {}
COMMAND: POST /session/05d205f2c704c8761cd4c7880ec388f1/element/f.78DE901C7A9CD016362FC0FAB4BAF19C.d.FD07AE34E45E8E36524B275D9C93BA7B.e.6238/value - {"text":"Material"}
COMMAND: GET /session/05d205f2c704c8761cd4c7880ec388f1/screenshot - {}
RESULT: {"text":"Material"}
COMMAND: GET /session/05d205f2c704c8761cd4c7880ec388f1/screenshot - {}
RESULT: {}
RESULT: {}
COMMAND: POST /session/05d205f2c704c8761cd4c7880ec388f1/actions - {"actions":[{"id":"action16","type":"key","parameters":{},"actions":[{"type":"keyDown","value":"î€‡"},{"type":"pause","duration":10},{"type":"keyUp","value":"î€‡"}]}]}
RESULT: {"actions":[{"id":"action16","type":"key","parameters":{},"actions":[{"type":"keyDown","value":"î€‡"},{"type":"pause","duration":10},{"type":"keyUp","value":"î€‡"}]}]}
COMMAND: POST /session/05d205f2c704c8761cd4c7880ec388f1/execute/async - {"script":"<script> [1562 bytes]","args":[{"selector":{"id":"application-manageresources-display-component---newResourceUnit--SHORT_TEXT","interaction":{"idSuffix":"inner"}},"wdio_ui5_key":"applicationmanageresources-display-component---newResourceUnit--SHORT_TEXT"}]}
COMMAND: GET /session/05d205f2c704c8761cd4c7880ec388f1/screenshot - {}
RESULT: {"script":"<script> [1562 bytes]","args":[{"selector":{"id":"application-manageresources-display-component---newResourceUnit--SHORT_TEXT","interaction":{"idSuffix":"inner"}},"wdio_ui5_key":"applicationmanageresources-display-component---newResourceUnit--SHORT_TEXT"}]}
RESULT: undefined
COMMAND: POST /session/05d205f2c704c8761cd4c7880ec388f1/execute/async - {"script":"<script> [776 bytes]","args":[{"enterText":"Cement WDIO","selector":{"id":"application-manageresources-display-component---newResourceUnit--SHORT_TEXT","interaction":{"idSuffix":"inner"}},"clearTextFirst":true,"interactionType":"ENTER_TEXT"}]}
RESULT: {}
RESULT: {"script":"<script> [776 bytes]","args":[{"enterText":"Cement WDIO","selector":{"id":"application-manageresources-display-component---newResourceUnit--SHORT_TEXT","interaction":{"idSuffix":"inner"}},"clearTextFirst":true,"interactionType":"ENTER_TEXT"}]}
COMMAND: POST /session/05d205f2c704c8761cd4c7880ec388f1/execute/async - {"script":"<script> [1562 bytes]","args":[{"selector":{"id":"application-manageresources-display-component---newResourceUnit--BASE_UNIT_OF_MEASURE","interaction":{"idSuffix":"inner"}},"wdio_ui5_key":"applicationmanageresources-display-component---newResourceUnit--BASE_UNIT_OF_MEASURE"}]}
RESULT: {"script":"<script> [1562 bytes]","args":[{"selector":{"id":"application-manageresources-display-component---newResourceUnit--BASE_UNIT_OF_MEASURE","interaction":{"idSuffix":"inner"}},"wdio_ui5_key":"applicationmanageresources-display-component---newResourceUnit--BASE_UNIT_OF_MEASURE"}]}
RESULT: undefined
COMMAND: POST /session/05d205f2c704c8761cd4c7880ec388f1/execute/async - {"script":"<script> [776 bytes]","args":[{"enterText":"Piece","selector":{"id":"application-manageresources-display-component---newResourceUnit--BASE_UNIT_OF_MEASURE","interaction":{"idSuffix":"inner"}},"clearTextFirst":true,"interactionType":"ENTER_TEXT"}]}
RESULT: {"script":"<script> [776 bytes]","args":[{"enterText":"Piece","selector":{"id":"application-manageresources-display-component---newResourceUnit--BASE_UNIT_OF_MEASURE","interaction":{"idSuffix":"inner"}},"clearTextFirst":true,"interactionType":"ENTER_TEXT"}]}
COMMAND: POST /session/05d205f2c704c8761cd4c7880ec388f1/execute/async - {"script":"<script> [1562 bytes]","args":[{"selector":{"id":"application-manageresources-display-component---newResourceUnit--WEIGHT_UNIT","interaction":{"idSuffix":"inner"}},"wdio_ui5_key":"applicationmanageresources-display-component---newResourceUnit--WEIGHT_UNIT"}]}
RESULT: {"script":"<script> [1562 bytes]","args":[{"selector":{"id":"application-manageresources-display-component---newResourceUnit--WEIGHT_UNIT","interaction":{"idSuffix":"inner"}},"wdio_ui5_key":"applicationmanageresources-display-component---newResourceUnit--WEIGHT_UNIT"}]}
RESULT: undefined
COMMAND: POST /session/05d205f2c704c8761cd4c7880ec388f1/execute/async - {"script":"<script> [776 bytes]","args":[{"enterText":"Gram","selector":{"id":"application-manageresources-display-component---newResourceUnit--WEIGHT_UNIT","interaction":{"idSuffix":"inner"}},"clearTextFirst":true,"interactionType":"ENTER_TEXT"}]}
RESULT: {"script":"<script> [776 bytes]","args":[{"enterText":"Gram","selector":{"id":"application-manageresources-display-component---newResourceUnit--WEIGHT_UNIT","interaction":{"idSuffix":"inner"}},"clearTextFirst":true,"interactionType":"ENTER_TEXT"}]}
COMMAND: POST /session/05d205f2c704c8761cd4c7880ec388f1/execute/async - {"script":"<script> [1562 bytes]","args":[{"selector":{"id":"application-manageresources-display-component---newResourceUnit--DIMENSION_UNIT","interaction":{"idSuffix":"inner"}},"wdio_ui5_key":"applicationmanageresources-display-component---newResourceUnit--DIMENSION_UNIT"}]}
RESULT: {"script":"<script> [1562 bytes]","args":[{"selector":{"id":"application-manageresources-display-component---newResourceUnit--DIMENSION_UNIT","interaction":{"idSuffix":"inner"}},"wdio_ui5_key":"applicationmanageresources-display-component---newResourceUnit--DIMENSION_UNIT"}]}
RESULT: undefined
COMMAND: POST /session/05d205f2c704c8761cd4c7880ec388f1/execute/async - {"script":"<script> [776 bytes]","args":[{"enterText":"Meter","selector":{"id":"application-manageresources-display-component---newResourceUnit--DIMENSION_UNIT","interaction":{"idSuffix":"inner"}},"clearTextFirst":true,"interactionType":"ENTER_TEXT"}]}
RESULT: {"script":"<script> [776 bytes]","args":[{"enterText":"Meter","selector":{"id":"application-manageresources-display-component---newResourceUnit--DIMENSION_UNIT","interaction":{"idSuffix":"inner"}},"clearTextFirst":true,"interactionType":"ENTER_TEXT"}]}
COMMAND: POST /session/05d205f2c704c8761cd4c7880ec388f1/execute/async - {"script":"<script> [1562 bytes]","args":[{"selector":{"id":"application-manageresources-display-component---newResourceUnit--newRRUPage-anchBar-application-manageresources-display-component---newResourceUnit--control-anchor","interaction":{"idSuffix":"BDI-content"}},"wdio_ui5_key":"applicationmanageresources-display-component---newResourceUnit--newRRUPage-anchBar-application-manageresources-display-component---newResourceUnit--control-anchor"}]}
RESULT: {"script":"<script> [1562 bytes]","args":[{"selector":{"id":"application-manageresources-display-component---newResourceUnit--newRRUPage-anchBar-application-manageresources-display-component---newResourceUnit--control-anchor","interaction":{"idSuffix":"BDI-content"}},"wdio_ui5_key":"applicationmanageresources-display-component---newResourceUnit--newRRUPage-anchBar-application-manageresources-display-component---newResourceUnit--control-anchor"}]}
RESULT: undefined
COMMAND: POST /session/05d205f2c704c8761cd4c7880ec388f1/element - {"using":"xpath","value":"//*[@id=\"application-manageresources-display-component---newResourceUnit--newRRUPage-anchBar-application-manageresources-display-component---newResourceUnit--control-anchor\"]"}
RESULT: {"using":"xpath","value":"//*[@id=\"application-manageresources-display-component---newResourceUnit--newRRUPage-anchBar-application-manageresources-display-component---newResourceUnit--control-anchor\"]"}
COMMAND: POST /session/05d205f2c704c8761cd4c7880ec388f1/element/f.78DE901C7A9CD016362FC0FAB4BAF19C.d.FD07AE34E45E8E36524B275D9C93BA7B.e.6311/click - {}
RESULT: {}
COMMAND: POST /session/05d205f2c704c8761cd4c7880ec388f1/execute/async - {"script":"<script> [1562 bytes]","args":[{"selector":{"id":"application-manageresources-display-component---newResourceUnit--PLANNING_GROUP","interaction":{"idSuffix":"inner"}},"wdio_ui5_key":"applicationmanageresources-display-component---newResourceUnit--PLANNING_GROUP"}]}
COMMAND: GET /session/05d205f2c704c8761cd4c7880ec388f1/screenshot - {}
RESULT: {"script":"<script> [1562 bytes]","args":[{"selector":{"id":"application-manageresources-display-component---newResourceUnit--PLANNING_GROUP","interaction":{"idSuffix":"inner"}},"wdio_ui5_key":"applicationmanageresources-display-component---newResourceUnit--PLANNING_GROUP"}]}
RESULT: undefined
COMMAND: POST /session/05d205f2c704c8761cd4c7880ec388f1/execute/async - {"script":"<script> [776 bytes]","args":[{"enterText":"Material","selector":{"id":"application-manageresources-display-component---newResourceUnit--PLANNING_GROUP","interaction":{"idSuffix":"inner"}},"clearTextFirst":true,"interactionType":"ENTER_TEXT"}]}
RESULT: {}
RESULT: {"script":"<script> [776 bytes]","args":[{"enterText":"Material","selector":{"id":"application-manageresources-display-component---newResourceUnit--PLANNING_GROUP","interaction":{"idSuffix":"inner"}},"clearTextFirst":true,"interactionType":"ENTER_TEXT"}]}
COMMAND: POST /session/05d205f2c704c8761cd4c7880ec388f1/execute/async - {"script":"<script> [1562 bytes]","args":[{"selector":{"id":"application-manageresources-display-component---newResourceUnit--PLANNING_INDICATOR","interaction":{"idSuffix":"inner"}},"wdio_ui5_key":"applicationmanageresources-display-component---newResourceUnit--PLANNING_INDICATOR"}]}
RESULT: {"script":"<script> [1562 bytes]","args":[{"selector":{"id":"application-manageresources-display-component---newResourceUnit--PLANNING_INDICATOR","interaction":{"idSuffix":"inner"}},"wdio_ui5_key":"applicationmanageresources-display-component---newResourceUnit--PLANNING_INDICATOR"}]}
RESULT: undefined
COMMAND: POST /session/05d205f2c704c8761cd4c7880ec388f1/execute/async - {"script":"<script> [776 bytes]","args":[{"enterText":"10 - infinite","selector":{"id":"application-manageresources-display-component---newResourceUnit--PLANNING_INDICATOR","interaction":{"idSuffix":"inner"}},"clearTextFirst":true,"interactionType":"ENTER_TEXT"}]}
RESULT: {"script":"<script> [776 bytes]","args":[{"enterText":"10 - infinite","selector":{"id":"application-manageresources-display-component---newResourceUnit--PLANNING_INDICATOR","interaction":{"idSuffix":"inner"}},"clearTextFirst":true,"interactionType":"ENTER_TEXT"}]}
COMMAND: POST /session/05d205f2c704c8761cd4c7880ec388f1/element - {"using":"css selector","value":"#application-manageresources-display-component---newResourceUnit--btnAddTimeSegment"}
RESULT: {"using":"css selector","value":"#application-manageresources-display-component---newResourceUnit--btnAddTimeSegment"}
COMMAND: GET /session/05d205f2c704c8761cd4c7880ec388f1/element/f.78DE901C7A9CD016362FC0FAB4BAF19C.d.FD07AE34E45E8E36524B275D9C93BA7B.e.6319/rect - {}
RESULT: {}
COMMAND: GET /session/05d205f2c704c8761cd4c7880ec388f1/window/rect - {}
RESULT: {}
COMMAND: POST /session/05d205f2c704c8761cd4c7880ec388f1/execute/sync - {"script":"<script> [92 bytes]","args":[]}
RESULT: {"script":"<script> [92 bytes]","args":[]}
COMMAND: POST /session/05d205f2c704c8761cd4c7880ec388f1/actions - {"actions":[{"id":"action17","type":"wheel","parameters":{},"actions":[{"type":"scroll","x":-1888,"y":-32,"deltaX":0,"deltaY":0,"duration":0,"origin":{"element-6066-11e4-a52e-4f735466cecf":"f.78DE901C7A9CD016362FC0FAB4BAF19C.d.FD07AE34E45E8E36524B275D9C93BA7B.e.6319"}}]}]}
COMMAND: GET /session/05d205f2c704c8761cd4c7880ec388f1/screenshot - {}
RESULT: {}
COMMAND: POST /session/05d205f2c704c8761cd4c7880ec388f1/execute/sync - {"script":"<script> [79 bytes]","args":[{"element-6066-11e4-a52e-4f735466cecf":"f.78DE901C7A9CD016362FC0FAB4BAF19C.d.FD07AE34E45E8E36524B275D9C93BA7B.e.6319","ELEMENT":"f.78DE901C7A9CD016362FC0FAB4BAF19C.d.FD07AE34E45E8E36524B275D9C93BA7B.e.6319"},{"block":"start","inline":"nearest"}]}
RESULT: {"script":"<script> [79 bytes]","args":[{"element-6066-11e4-a52e-4f735466cecf":"f.78DE901C7A9CD016362FC0FAB4BAF19C.d.FD07AE34E45E8E36524B275D9C93BA7B.e.6319","ELEMENT":"f.78DE901C7A9CD016362FC0FAB4BAF19C.d.FD07AE34E45E8E36524B275D9C93BA7B.e.6319"},{"block":"start","inline":"nearest"}]}
COMMAND: POST /session/05d205f2c704c8761cd4c7880ec388f1/execute/async - {"script":"<script> [1562 bytes]","args":[{"selector":{"id":"application-manageresources-display-component---newResourceUnit--btnAddTimeSegment","interaction":{"idSuffix":"inner"}},"wdio_ui5_key":"applicationmanageresources-display-component---newResourceUnit--btnAddTimeSegment"}]}
COMMAND: GET /session/05d205f2c704c8761cd4c7880ec388f1/screenshot - {}
RESULT: {"script":"<script> [1562 bytes]","args":[{"selector":{"id":"application-manageresources-display-component---newResourceUnit--btnAddTimeSegment","interaction":{"idSuffix":"inner"}},"wdio_ui5_key":"applicationmanageresources-display-component---newResourceUnit--btnAddTimeSegment"}]}
RESULT: undefined
COMMAND: POST /session/05d205f2c704c8761cd4c7880ec388f1/element - {"using":"xpath","value":"//*[@id=\"application-manageresources-display-component---newResourceUnit--btnAddTimeSegment\"]"}
RESULT: {}
RESULT: {"using":"xpath","value":"//*[@id=\"application-manageresources-display-component---newResourceUnit--btnAddTimeSegment\"]"}
COMMAND: POST /session/05d205f2c704c8761cd4c7880ec388f1/element/f.78DE901C7A9CD016362FC0FAB4BAF19C.d.FD07AE34E45E8E36524B275D9C93BA7B.e.6319/click - {}
RESULT: {}
COMMAND: GET /session/05d205f2c704c8761cd4c7880ec388f1/screenshot - {}
RESULT: {}
COMMAND: POST /session/05d205f2c704c8761cd4c7880ec388f1/element - {"using":"xpath","value":"//input[@id=\"application-manageresources-display-component---newResourceUnit--idRuTSAdmin-application-manageresources-display-component---newResourceUnit--RUTimeSegment-0-inner\"]"}
RESULT: {"using":"xpath","value":"//input[@id=\"application-manageresources-display-component---newResourceUnit--idRuTSAdmin-application-manageresources-display-component---newResourceUnit--RUTimeSegment-0-inner\"]"}
COMMAND: POST /session/05d205f2c704c8761cd4c7880ec388f1/element/f.78DE901C7A9CD016362FC0FAB4BAF19C.d.FD07AE34E45E8E36524B275D9C93BA7B.e.6324/clear - {}
RESULT: {}
COMMAND: POST /session/05d205f2c704c8761cd4c7880ec388f1/element/f.78DE901C7A9CD016362FC0FAB4BAF19C.d.FD07AE34E45E8E36524B275D9C93BA7B.e.6324/value - {"text":"618"}
COMMAND: GET /session/05d205f2c704c8761cd4c7880ec388f1/screenshot - {}
RESULT: {"text":"618"}
COMMAND: GET /session/05d205f2c704c8761cd4c7880ec388f1/screenshot - {}
RESULT: {}
RESULT: {}
COMMAND: POST /session/05d205f2c704c8761cd4c7880ec388f1/element - {"using":"xpath","value":"//li[.//span[text()='618']]"}
RESULT: {"using":"xpath","value":"//li[.//span[text()='618']]"}
COMMAND: POST /session/05d205f2c704c8761cd4c7880ec388f1/element/f.78DE901C7A9CD016362FC0FAB4BAF19C.d.FD07AE34E45E8E36524B275D9C93BA7B.e.6335/click - {}
RESULT: {}
COMMAND: GET /session/05d205f2c704c8761cd4c7880ec388f1/screenshot - {}
RESULT: {}
COMMAND: POST /session/05d205f2c704c8761cd4c7880ec388f1/element - {"using":"xpath","value":"//*[contains(text(), \"Catalogs\")][contains(@id ,\"application-manageresources-display-component---newResourceUnit--newRRUPage-anchBar\")]"}
RESULT: {"using":"xpath","value":"//*[contains(text(), \"Catalogs\")][contains(@id ,\"application-manageresources-display-component---newResourceUnit--newRRUPage-anchBar\")]"}
COMMAND: POST /session/05d205f2c704c8761cd4c7880ec388f1/element/f.78DE901C7A9CD016362FC0FAB4BAF19C.d.FD07AE34E45E8E36524B275D9C93BA7B.e.6336/click - {}
RESULT: {}
COMMAND: GET /session/05d205f2c704c8761cd4c7880ec388f1/screenshot - {}
RESULT: {}
COMMAND: POST /session/05d205f2c704c8761cd4c7880ec388f1/element - {"using":"xpath","value":"//*[contains(text(), \"Assign\")][contains(@id ,\"button\")]"}
RESULT: {"using":"xpath","value":"//*[contains(text(), \"Assign\")][contains(@id ,\"button\")]"}
COMMAND: POST /session/05d205f2c704c8761cd4c7880ec388f1/element/f.78DE901C7A9CD016362FC0FAB4BAF19C.d.FD07AE34E45E8E36524B275D9C93BA7B.e.6340/click - {}
RESULT: {}
COMMAND: GET /session/05d205f2c704c8761cd4c7880ec388f1/screenshot - {}
RESULT: {}
COMMAND: POST /session/05d205f2c704c8761cd4c7880ec388f1/element - {"using":"xpath","value":"//span[@id = \"application-manageresources-display-component---newResourceUnit--catalogSelect-arrow\"]"}
RESULT: {"using":"xpath","value":"//span[@id = \"application-manageresources-display-component---newResourceUnit--catalogSelect-arrow\"]"}
COMMAND: POST /session/05d205f2c704c8761cd4c7880ec388f1/element/f.78DE901C7A9CD016362FC0FAB4BAF19C.d.FD07AE34E45E8E36524B275D9C93BA7B.e.6348/click - {}
RESULT: {}
COMMAND: GET /session/05d205f2c704c8761cd4c7880ec388f1/screenshot - {}
RESULT: {}
COMMAND: POST /session/05d205f2c704c8761cd4c7880ec388f1/element - {"using":"xpath","value":"//li[.//span[text()=\"Webshop Catalog\"]]"}
RESULT: {"using":"xpath","value":"//li[.//span[text()=\"Webshop Catalog\"]]"}
COMMAND: POST /session/05d205f2c704c8761cd4c7880ec388f1/element/f.78DE901C7A9CD016362FC0FAB4BAF19C.d.FD07AE34E45E8E36524B275D9C93BA7B.e.6349/click - {}
RESULT: {}
COMMAND: GET /session/05d205f2c704c8761cd4c7880ec388f1/screenshot - {}
RESULT: {}
COMMAND: POST /session/05d205f2c704c8761cd4c7880ec388f1/element - {"using":"xpath","value":"//span[@id = \"application-manageresources-display-component---newResourceUnit--catalogItemSelect-arrow\"]"}
RESULT: {"using":"xpath","value":"//span[@id = \"application-manageresources-display-component---newResourceUnit--catalogItemSelect-arrow\"]"}
COMMAND: POST /session/05d205f2c704c8761cd4c7880ec388f1/element/f.78DE901C7A9CD016362FC0FAB4BAF19C.d.FD07AE34E45E8E36524B275D9C93BA7B.e.6350/click - {}
RESULT: {}
COMMAND: GET /session/05d205f2c704c8761cd4c7880ec388f1/screenshot - {}
RESULT: {}
COMMAND: POST /session/05d205f2c704c8761cd4c7880ec388f1/element - {"using":"xpath","value":"//li[.//span[text()=\"Concert - Concert \"]]"}
RESULT: {"using":"xpath","value":"//li[.//span[text()=\"Concert - Concert \"]]"}
COMMAND: POST /session/05d205f2c704c8761cd4c7880ec388f1/element/f.78DE901C7A9CD016362FC0FAB4BAF19C.d.FD07AE34E45E8E36524B275D9C93BA7B.e.6351/click - {}
RESULT: {}
COMMAND: GET /session/05d205f2c704c8761cd4c7880ec388f1/screenshot - {}
RESULT: {}
COMMAND: POST /session/05d205f2c704c8761cd4c7880ec388f1/execute/async - {"script":"<script> [1562 bytes]","args":[{"selector":{"id":"application-manageresources-display-component---newResourceUnit--RUAssignmentSaveButton","searchOpenDialogs":true,"interaction":{"idSuffix":"BDI-content"}},"wdio_ui5_key":"applicationmanageresources-display-component---newResourceUnit--RUAssignmentSaveButton"}]}
RESULT: {"script":"<script> [1562 bytes]","args":[{"selector":{"id":"application-manageresources-display-component---newResourceUnit--RUAssignmentSaveButton","searchOpenDialogs":true,"interaction":{"idSuffix":"BDI-content"}},"wdio_ui5_key":"applicationmanageresources-display-component---newResourceUnit--RUAssignmentSaveButton"}]}
RESULT: undefined
COMMAND: POST /session/05d205f2c704c8761cd4c7880ec388f1/element - {"using":"xpath","value":"//*[@id=\"application-manageresources-display-component---newResourceUnit--RUAssignmentSaveButton\"]"}
RESULT: {"using":"xpath","value":"//*[@id=\"application-manageresources-display-component---newResourceUnit--RUAssignmentSaveButton\"]"}
COMMAND: POST /session/05d205f2c704c8761cd4c7880ec388f1/element/f.78DE901C7A9CD016362FC0FAB4BAF19C.d.FD07AE34E45E8E36524B275D9C93BA7B.e.6369/click - {}
RESULT: {}
COMMAND: GET /session/05d205f2c704c8761cd4c7880ec388f1/screenshot - {}
RESULT: {}
COMMAND: POST /session/05d205f2c704c8761cd4c7880ec388f1/element - {"using":"xpath","value":"//button[@data-kt=\"resourceUnitSaveButton\"]"}
RESULT: {"using":"xpath","value":"//button[@data-kt=\"resourceUnitSaveButton\"]"}
COMMAND: POST /session/05d205f2c704c8761cd4c7880ec388f1/element/f.78DE901C7A9CD016362FC0FAB4BAF19C.d.FD07AE34E45E8E36524B275D9C93BA7B.e.6261/click - {}
RESULT: {}
COMMAND: GET /session/05d205f2c704c8761cd4c7880ec388f1/screenshot - {}
RESULT: {}
COMMAND: POST /session/05d205f2c704c8761cd4c7880ec388f1/element - {"using":"xpath","value":"//bdi[contains(text(), \"Close\")]"}
RESULT: {"using":"xpath","value":"//bdi[contains(text(), \"Close\")]"}
COMMAND: POST /session/05d205f2c704c8761cd4c7880ec388f1/element/f.78DE901C7A9CD016362FC0FAB4BAF19C.d.FD07AE34E45E8E36524B275D9C93BA7B.e.6381/click - {}
RESULT: {}
COMMAND: GET /session/05d205f2c704c8761cd4c7880ec388f1/screenshot - {}
RESULT: {}
COMMAND: POST /session/05d205f2c704c8761cd4c7880ec388f1/element - {"using":"xpath","value":"//header[contains(@id, 'detailRruPage-headerTitle')]/div[1]/div[2]/div[2]/span[1]"}
RESULT: {"using":"xpath","value":"//header[contains(@id, 'detailRruPage-headerTitle')]/div[1]/div[2]/div[2]/span[1]"}
COMMAND: POST /session/05d205f2c704c8761cd4c7880ec388f1/elements - {"using":"xpath","value":"//header[contains(@id, 'detailRruPage-headerTitle')]/div[1]/div[2]/div[2]/span[1]"}
RESULT: {"using":"xpath","value":"//header[contains(@id, 'detailRruPage-headerTitle')]/div[1]/div[2]/div[2]/span[1]"}
COMMAND: POST /session/05d205f2c704c8761cd4c7880ec388f1/execute/sync - {"script":"<script> [56 bytes]","args":[{"element-6066-11e4-a52e-4f735466cecf":"f.78DE901C7A9CD016362FC0FAB4BAF19C.d.FD07AE34E45E8E36524B275D9C93BA7B.e.6409","ELEMENT":"f.78DE901C7A9CD016362FC0FAB4BAF19C.d.FD07AE34E45E8E36524B275D9C93BA7B.e.6409"}]}
RESULT: {"script":"<script> [56 bytes]","args":[{"element-6066-11e4-a52e-4f735466cecf":"f.78DE901C7A9CD016362FC0FAB4BAF19C.d.FD07AE34E45E8E36524B275D9C93BA7B.e.6409","ELEMENT":"f.78DE901C7A9CD016362FC0FAB4BAF19C.d.FD07AE34E45E8E36524B275D9C93BA7B.e.6409"}]}
COMMAND: POST /session/05d205f2c704c8761cd4c7880ec388f1/element - {"using":"css selector","value":"#shell-header-logo"}
COMMAND: GET /session/05d205f2c704c8761cd4c7880ec388f1/screenshot - {}
RESULT: {"using":"css selector","value":"#shell-header-logo"}
COMMAND: POST /session/05d205f2c704c8761cd4c7880ec388f1/element/f.78DE901C7A9CD016362FC0FAB4BAF19C.d.FD07AE34E45E8E36524B275D9C93BA7B.e.5856/click - {}
RESULT: {}
RESULT: {}
COMMAND: GET /session/05d205f2c704c8761cd4c7880ec388f1/screenshot - {}
RESULT: {}
]]></system-out>
    </testcase>
    <testcase classname="chrome.135_0_7049_115.windows.Yard_Overview_Autoplanning_US130989" name="Should create a new request and add the material" time="100.709">
      <system-out><![CDATA[
COMMAND: POST /session/05d205f2c704c8761cd4c7880ec388f1/execute/async - {"script":"<script> [1562 bytes]","args":[{"selector":{"controlType":"sap.m.Text","properties":{"text":"Manage Requests"},"interaction":{"idSuffix":"inner"}},"wdio_ui5_key":"sapm.Text{\"text\":\"Manage Requests\"}"}]}
RESULT: {"script":"<script> [1562 bytes]","args":[{"selector":{"controlType":"sap.m.Text","properties":{"text":"Manage Requests"},"interaction":{"idSuffix":"inner"}},"wdio_ui5_key":"sapm.Text{\"text\":\"Manage Requests\"}"}]}
RESULT: undefined
COMMAND: POST /session/05d205f2c704c8761cd4c7880ec388f1/element - {"using":"xpath","value":"//*[@id=\"__tile47-title\"]"}
RESULT: {"using":"xpath","value":"//*[@id=\"__tile47-title\"]"}
COMMAND: POST /session/05d205f2c704c8761cd4c7880ec388f1/element/f.78DE901C7A9CD016362FC0FAB4BAF19C.d.FD07AE34E45E8E36524B275D9C93BA7B.e.6412/click - {}
RESULT: {}
COMMAND: GET /session/05d205f2c704c8761cd4c7880ec388f1/screenshot - {}
RESULT: {}
COMMAND: POST /session/05d205f2c704c8761cd4c7880ec388f1/execute/async - {"script":"<script> [1562 bytes]","args":[{"selector":{"id":"btnCreateNew","viewName":"etm.portal.ui.managerequests.view.Master","interaction":{"idSuffix":"inner"}},"wdio_ui5_key":"btnCreateNewetmportal.ui.managerequests.view.Master"}]}
RESULT: {"script":"<script> [1562 bytes]","args":[{"selector":{"id":"btnCreateNew","viewName":"etm.portal.ui.managerequests.view.Master","interaction":{"idSuffix":"inner"}},"wdio_ui5_key":"btnCreateNewetmportal.ui.managerequests.view.Master"}]}
RESULT: undefined
COMMAND: POST /session/05d205f2c704c8761cd4c7880ec388f1/element - {"using":"xpath","value":"//*[@id=\"__xmlview58--btnCreateNew\"]"}
RESULT: {"using":"xpath","value":"//*[@id=\"__xmlview58--btnCreateNew\"]"}
COMMAND: POST /session/05d205f2c704c8761cd4c7880ec388f1/element/f.78DE901C7A9CD016362FC0FAB4BAF19C.d.FD07AE34E45E8E36524B275D9C93BA7B.e.6467/click - {}
RESULT: {}
COMMAND: GET /session/05d205f2c704c8761cd4c7880ec388f1/screenshot - {}
COMMAND: POST /session/05d205f2c704c8761cd4c7880ec388f1/execute/async - {"script":"<script> [1562 bytes]","args":[{"selector":{"controlType":"sap.ui.core.Icon","viewName":"etm.portal.ui.managerequests.view.NewRequest","properties":{"src":{"regex":{"source":"full\\-screen"}}}},"wdio_ui5_key":"etmportal.ui.managerequests.view.NewRequestsap.ui.core.Icon{\"src\":{\"regex\":{\"source\":\"full\\\\-screen\"}}}"}]}
RESULT: {}
RESULT: {"script":"<script> [1562 bytes]","args":[{"selector":{"controlType":"sap.ui.core.Icon","viewName":"etm.portal.ui.managerequests.view.NewRequest","properties":{"src":{"regex":{"source":"full\\-screen"}}}},"wdio_ui5_key":"etmportal.ui.managerequests.view.NewRequestsap.ui.core.Icon{\"src\":{\"regex\":{\"source\":\"full\\\\-screen\"}}}"}]}
RESULT: undefined
COMMAND: POST /session/05d205f2c704c8761cd4c7880ec388f1/element - {"using":"xpath","value":"//*[@id=\"__button75-img\"]"}
RESULT: {"using":"xpath","value":"//*[@id=\"__button75-img\"]"}
COMMAND: POST /session/05d205f2c704c8761cd4c7880ec388f1/element/f.78DE901C7A9CD016362FC0FAB4BAF19C.d.FD07AE34E45E8E36524B275D9C93BA7B.e.6876/click - {}
RESULT: {}
COMMAND: GET /session/05d205f2c704c8761cd4c7880ec388f1/screenshot - {}
RESULT: {}
COMMAND: POST /session/05d205f2c704c8761cd4c7880ec388f1/element - {"using":"xpath","value":"//input[contains(@id ,\"yardId-inner\")]"}
RESULT: {"using":"xpath","value":"//input[contains(@id ,\"yardId-inner\")]"}
COMMAND: POST /session/05d205f2c704c8761cd4c7880ec388f1/element/f.78DE901C7A9CD016362FC0FAB4BAF19C.d.FD07AE34E45E8E36524B275D9C93BA7B.e.6739/value - {"text":"618"}
RESULT: {"text":"618"}
COMMAND: GET /session/05d205f2c704c8761cd4c7880ec388f1/screenshot - {}
RESULT: {}
COMMAND: POST /session/05d205f2c704c8761cd4c7880ec388f1/element - {"using":"xpath","value":"//li[.//span[text()='618']]"}
RESULT: {"using":"xpath","value":"//li[.//span[text()='618']]"}
COMMAND: POST /session/05d205f2c704c8761cd4c7880ec388f1/element/f.78DE901C7A9CD016362FC0FAB4BAF19C.d.FD07AE34E45E8E36524B275D9C93BA7B.e.6920/click - {}
RESULT: {}
COMMAND: GET /session/05d205f2c704c8761cd4c7880ec388f1/screenshot - {}
RESULT: {}
COMMAND: POST /session/05d205f2c704c8761cd4c7880ec388f1/element - {"using":"xpath","value":"//input[contains(@id ,\"customerNumber-inner\")]"}
RESULT: {"using":"xpath","value":"//input[contains(@id ,\"customerNumber-inner\")]"}
COMMAND: POST /session/05d205f2c704c8761cd4c7880ec388f1/element/f.78DE901C7A9CD016362FC0FAB4BAF19C.d.FD07AE34E45E8E36524B275D9C93BA7B.e.6733/clear - {}
RESULT: {}
COMMAND: POST /session/05d205f2c704c8761cd4c7880ec388f1/element/f.78DE901C7A9CD016362FC0FAB4BAF19C.d.FD07AE34E45E8E36524B275D9C93BA7B.e.6733/value - {"text":"1494"}
COMMAND: GET /session/05d205f2c704c8761cd4c7880ec388f1/screenshot - {}
RESULT: {"text":"1494"}
COMMAND: GET /session/05d205f2c704c8761cd4c7880ec388f1/screenshot - {}
RESULT: {}
RESULT: {}
COMMAND: POST /session/05d205f2c704c8761cd4c7880ec388f1/element - {"using":"xpath","value":"//li[.//span[text()='1494']]"}
RESULT: {"using":"xpath","value":"//li[.//span[text()='1494']]"}
COMMAND: POST /session/05d205f2c704c8761cd4c7880ec388f1/element/f.78DE901C7A9CD016362FC0FAB4BAF19C.d.FD07AE34E45E8E36524B275D9C93BA7B.e.6922/click - {}
RESULT: {}
COMMAND: GET /session/05d205f2c704c8761cd4c7880ec388f1/screenshot - {}
RESULT: {}
COMMAND: POST /session/05d205f2c704c8761cd4c7880ec388f1/element - {"using":"xpath","value":"//button[contains(@id ,\"btnAddTableRow\")]"}
RESULT: {"using":"xpath","value":"//button[contains(@id ,\"btnAddTableRow\")]"}
COMMAND: POST /session/05d205f2c704c8761cd4c7880ec388f1/element/f.78DE901C7A9CD016362FC0FAB4BAF19C.d.FD07AE34E45E8E36524B275D9C93BA7B.e.6711/click - {}
RESULT: {}
COMMAND: GET /session/05d205f2c704c8761cd4c7880ec388f1/screenshot - {}
RESULT: {}
COMMAND: POST /session/05d205f2c704c8761cd4c7880ec388f1/actions - {"actions":[{"id":"action18","type":"key","parameters":{},"actions":[{"type":"keyDown","value":"î€•"},{"type":"pause","duration":10},{"type":"keyUp","value":"î€•"}]}]}
RESULT: {"actions":[{"id":"action18","type":"key","parameters":{},"actions":[{"type":"keyDown","value":"î€•"},{"type":"pause","duration":10},{"type":"keyUp","value":"î€•"}]}]}
COMMAND: POST /session/05d205f2c704c8761cd4c7880ec388f1/actions - {"actions":[{"id":"action19","type":"key","parameters":{},"actions":[{"type":"keyDown","value":"î€‡"},{"type":"pause","duration":10},{"type":"keyUp","value":"î€‡"}]}]}
COMMAND: GET /session/05d205f2c704c8761cd4c7880ec388f1/screenshot - {}
RESULT: {"actions":[{"id":"action19","type":"key","parameters":{},"actions":[{"type":"keyDown","value":"î€‡"},{"type":"pause","duration":10},{"type":"keyUp","value":"î€‡"}]}]}
COMMAND: GET /session/05d205f2c704c8761cd4c7880ec388f1/screenshot - {}
RESULT: {}
RESULT: {}
COMMAND: POST /session/05d205f2c704c8761cd4c7880ec388f1/element - {"using":"xpath","value":"//table[contains(@id, \"requestItemsTable-listUl\")]//tbody/tr[1]/td[3]/div/div/input"}
RESULT: {"using":"xpath","value":"//table[contains(@id, \"requestItemsTable-listUl\")]//tbody/tr[1]/td[3]/div/div/input"}
COMMAND: POST /session/05d205f2c704c8761cd4c7880ec388f1/element/f.78DE901C7A9CD016362FC0FAB4BAF19C.d.FD07AE34E45E8E36524B275D9C93BA7B.e.6926/clear - {}
RESULT: {}
COMMAND: POST /session/05d205f2c704c8761cd4c7880ec388f1/element/f.78DE901C7A9CD016362FC0FAB4BAF19C.d.FD07AE34E45E8E36524B275D9C93BA7B.e.6926/value - {"text":"Concert"}
COMMAND: GET /session/05d205f2c704c8761cd4c7880ec388f1/screenshot - {}
RESULT: {"text":"Concert"}
COMMAND: GET /session/05d205f2c704c8761cd4c7880ec388f1/screenshot - {}
RESULT: {}
RESULT: {}
COMMAND: POST /session/05d205f2c704c8761cd4c7880ec388f1/element - {"using":"xpath","value":"//li[.//span[contains(text(), \"Concert\")]]"}
RESULT: {"using":"xpath","value":"//li[.//span[contains(text(), \"Concert\")]]"}
COMMAND: POST /session/05d205f2c704c8761cd4c7880ec388f1/element/f.78DE901C7A9CD016362FC0FAB4BAF19C.d.FD07AE34E45E8E36524B275D9C93BA7B.e.6938/click - {}
RESULT: {}
COMMAND: GET /session/05d205f2c704c8761cd4c7880ec388f1/screenshot - {}
RESULT: {}
COMMAND: POST /session/05d205f2c704c8761cd4c7880ec388f1/execute/async - {"script":"<script> [1562 bytes]","args":[{"selector":{"controlType":"sap.ui.core.Icon","viewName":"etm.portal.ui.managerequests.view.NewRequest","properties":{"src":{"regex":{"source":"message\\-error"}}},"ancestor":{"controlType":"sap.m.ColumnListItem","viewName":"etm.portal.ui.managerequests.view.NewRequest","bindingPath":{"modelName":"newRequestItems","path":"/RequestItems/0"},"ancestor":{"id":"requestItemsTable","viewName":"etm.portal.ui.managerequests.view.NewRequest"}}},"wdio_ui5_key":"etmportal.ui.managerequests.view.NewRequestsap.ui.core.Icon{\"src\":{\"regex\":{\"source\":\"message\\\\-error\"}}}{\"controlType\":\"sap.m.ColumnListItem\",\"viewName\":\"etm.portal.ui.managerequests.view.NewRequest\",\"bindingPath\":{\"modelName\":\"newRequestItems\",\"path\":\"/RequestItems/0\"},\"ancestor\":{\"id\":\"requestItemsTable\",\"viewName\":\"etm.portal.ui.managerequests.view.NewRequest\"}}"}]}
RESULT: {"script":"<script> [1562 bytes]","args":[{"selector":{"controlType":"sap.ui.core.Icon","viewName":"etm.portal.ui.managerequests.view.NewRequest","properties":{"src":{"regex":{"source":"message\\-error"}}},"ancestor":{"controlType":"sap.m.ColumnListItem","viewName":"etm.portal.ui.managerequests.view.NewRequest","bindingPath":{"modelName":"newRequestItems","path":"/RequestItems/0"},"ancestor":{"id":"requestItemsTable","viewName":"etm.portal.ui.managerequests.view.NewRequest"}}},"wdio_ui5_key":"etmportal.ui.managerequests.view.NewRequestsap.ui.core.Icon{\"src\":{\"regex\":{\"source\":\"message\\\\-error\"}}}{\"controlType\":\"sap.m.ColumnListItem\",\"viewName\":\"etm.portal.ui.managerequests.view.NewRequest\",\"bindingPath\":{\"modelName\":\"newRequestItems\",\"path\":\"/RequestItems/0\"},\"ancestor\":{\"id\":\"requestItemsTable\",\"viewName\":\"etm.portal.ui.managerequests.view.NewRequest\"}}"}]}
RESULT: undefined
COMMAND: POST /session/05d205f2c704c8761cd4c7880ec388f1/element - {"using":"xpath","value":"//*[@id=\"__status10-__xmlview59--requestItemsTable-0-icon\"]"}
RESULT: {"using":"xpath","value":"//*[@id=\"__status10-__xmlview59--requestItemsTable-0-icon\"]"}
COMMAND: POST /session/05d205f2c704c8761cd4c7880ec388f1/element/f.78DE901C7A9CD016362FC0FAB4BAF19C.d.FD07AE34E45E8E36524B275D9C93BA7B.e.6939/click - {}
RESULT: {}
COMMAND: POST /session/05d205f2c704c8761cd4c7880ec388f1/execute/async - {"script":"<script> [1562 bytes]","args":[{"selector":{"controlType":"sap.ui.core.Icon","viewName":"etm.portal.ui.managerequests.view.NewRequest","properties":{"src":{"regex":{"source":"slim\\-arrow\\-down"}}},"searchOpenDialogs":true,"ancestor":{"id":"costObjectAdminTypeComboBox","viewName":"etm.portal.ui.managerequests.view.NewRequest","searchOpenDialogs":true}},"wdio_ui5_key":"etmportal.ui.managerequests.view.NewRequestsap.ui.core.Icon{\"src\":{\"regex\":{\"source\":\"slim\\\\-arrow\\\\-down\"}}}{\"id\":\"costObjectAdminTypeComboBox\",\"viewName\":\"etm.portal.ui.managerequests.view.NewRequest\",\"searchOpenDialogs\":true}"}]}
COMMAND: GET /session/05d205f2c704c8761cd4c7880ec388f1/screenshot - {}
RESULT: {"script":"<script> [1562 bytes]","args":[{"selector":{"controlType":"sap.ui.core.Icon","viewName":"etm.portal.ui.managerequests.view.NewRequest","properties":{"src":{"regex":{"source":"slim\\-arrow\\-down"}}},"searchOpenDialogs":true,"ancestor":{"id":"costObjectAdminTypeComboBox","viewName":"etm.portal.ui.managerequests.view.NewRequest","searchOpenDialogs":true}},"wdio_ui5_key":"etmportal.ui.managerequests.view.NewRequestsap.ui.core.Icon{\"src\":{\"regex\":{\"source\":\"slim\\\\-arrow\\\\-down\"}}}{\"id\":\"costObjectAdminTypeComboBox\",\"viewName\":\"etm.portal.ui.managerequests.view.NewRequest\",\"searchOpenDialogs\":true}"}]}
RESULT: undefined
COMMAND: POST /session/05d205f2c704c8761cd4c7880ec388f1/element - {"using":"xpath","value":"//*[@id=\"__xmlview59--costObjectAdminTypeComboBox-arrow\"]"}
RESULT: {}
RESULT: {"using":"xpath","value":"//*[@id=\"__xmlview59--costObjectAdminTypeComboBox-arrow\"]"}
COMMAND: POST /session/05d205f2c704c8761cd4c7880ec388f1/element/f.78DE901C7A9CD016362FC0FAB4BAF19C.d.FD07AE34E45E8E36524B275D9C93BA7B.e.6943/click - {}
RESULT: {}
COMMAND: GET /session/05d205f2c704c8761cd4c7880ec388f1/screenshot - {}
RESULT: {}
COMMAND: POST /session/05d205f2c704c8761cd4c7880ec388f1/execute/async - {"script":"<script> [1562 bytes]","args":[{"selector":{"controlType":"sap.m.StandardListItem","viewName":"etm.portal.ui.managerequests.view.NewRequest","properties":{"title":"Cost Center"},"searchOpenDialogs":true,"interaction":{"idSuffix":"content"}},"wdio_ui5_key":"etmportal.ui.managerequests.view.NewRequestsap.m.StandardListItem{\"title\":\"Cost Center\"}"}]}
RESULT: {"script":"<script> [1562 bytes]","args":[{"selector":{"controlType":"sap.m.StandardListItem","viewName":"etm.portal.ui.managerequests.view.NewRequest","properties":{"title":"Cost Center"},"searchOpenDialogs":true,"interaction":{"idSuffix":"content"}},"wdio_ui5_key":"etmportal.ui.managerequests.view.NewRequestsap.m.StandardListItem{\"title\":\"Cost Center\"}"}]}
RESULT: undefined
COMMAND: POST /session/05d205f2c704c8761cd4c7880ec388f1/element - {"using":"xpath","value":"//*[@id=\"__item1985\"]"}
RESULT: {"using":"xpath","value":"//*[@id=\"__item1985\"]"}
COMMAND: POST /session/05d205f2c704c8761cd4c7880ec388f1/element/f.78DE901C7A9CD016362FC0FAB4BAF19C.d.FD07AE34E45E8E36524B275D9C93BA7B.e.6947/click - {}
RESULT: {}
COMMAND: GET /session/05d205f2c704c8761cd4c7880ec388f1/screenshot - {}
RESULT: {}
COMMAND: POST /session/05d205f2c704c8761cd4c7880ec388f1/execute/async - {"script":"<script> [1562 bytes]","args":[{"selector":{"controlType":"sap.m.Button","viewName":"etm.portal.ui.managerequests.view.NewRequest","i18NText":{"propertyName":"text","key":"save"},"searchOpenDialogs":true,"interaction":{"idSuffix":"inner"}},"wdio_ui5_key":"etmportal.ui.managerequests.view.NewRequestsap.m.Button{\"propertyName\":\"text\",\"key\":\"save\"}"}]}
RESULT: {"script":"<script> [1562 bytes]","args":[{"selector":{"controlType":"sap.m.Button","viewName":"etm.portal.ui.managerequests.view.NewRequest","i18NText":{"propertyName":"text","key":"save"},"searchOpenDialogs":true,"interaction":{"idSuffix":"inner"}},"wdio_ui5_key":"etmportal.ui.managerequests.view.NewRequestsap.m.Button{\"propertyName\":\"text\",\"key\":\"save\"}"}]}
RESULT: undefined
COMMAND: POST /session/05d205f2c704c8761cd4c7880ec388f1/element - {"using":"xpath","value":"//*[@id=\"__button93\"]"}
RESULT: {"using":"xpath","value":"//*[@id=\"__button93\"]"}
COMMAND: POST /session/05d205f2c704c8761cd4c7880ec388f1/element/f.78DE901C7A9CD016362FC0FAB4BAF19C.d.FD07AE34E45E8E36524B275D9C93BA7B.e.6955/click - {}
RESULT: {}
COMMAND: GET /session/05d205f2c704c8761cd4c7880ec388f1/screenshot - {}
RESULT: {}
COMMAND: POST /session/05d205f2c704c8761cd4c7880ec388f1/execute/async - {"script":"<script> [1562 bytes]","args":[{"selector":{"controlType":"sap.m.Button","viewName":"etm.portal.ui.managerequests.view.NewRequest","i18NText":{"propertyName":"tooltip","key":"save"},"interaction":{"idSuffix":"BDI-content"}},"wdio_ui5_key":"etmportal.ui.managerequests.view.NewRequestsap.m.Button{\"propertyName\":\"tooltip\",\"key\":\"save\"}"}]}
RESULT: {"script":"<script> [1562 bytes]","args":[{"selector":{"controlType":"sap.m.Button","viewName":"etm.portal.ui.managerequests.view.NewRequest","i18NText":{"propertyName":"tooltip","key":"save"},"interaction":{"idSuffix":"BDI-content"}},"wdio_ui5_key":"etmportal.ui.managerequests.view.NewRequestsap.m.Button{\"propertyName\":\"tooltip\",\"key\":\"save\"}"}]}
RESULT: undefined
COMMAND: POST /session/05d205f2c704c8761cd4c7880ec388f1/element - {"using":"xpath","value":"//*[@id=\"__button82\"]"}
RESULT: {"using":"xpath","value":"//*[@id=\"__button82\"]"}
COMMAND: POST /session/05d205f2c704c8761cd4c7880ec388f1/element/f.78DE901C7A9CD016362FC0FAB4BAF19C.d.FD07AE34E45E8E36524B275D9C93BA7B.e.6817/click - {}
RESULT: {}
COMMAND: POST /session/05d205f2c704c8761cd4c7880ec388f1/execute/async - {"script":"<script> [1562 bytes]","args":[{"selector":{"controlType":"sap.m.Button","properties":{"text":"Close"},"searchOpenDialogs":true,"interaction":{"idSuffix":"inner"}},"wdio_ui5_key":"sapm.Button{\"text\":\"Close\"}"}]}
COMMAND: GET /session/05d205f2c704c8761cd4c7880ec388f1/screenshot - {}
RESULT: {"script":"<script> [1562 bytes]","args":[{"selector":{"controlType":"sap.m.Button","properties":{"text":"Close"},"searchOpenDialogs":true,"interaction":{"idSuffix":"inner"}},"wdio_ui5_key":"sapm.Button{\"text\":\"Close\"}"}]}
RESULT: undefined
COMMAND: POST /session/05d205f2c704c8761cd4c7880ec388f1/element - {"using":"xpath","value":"//*[@id=\"__mbox-btn-1\"]"}
RESULT: {}
RESULT: {"using":"xpath","value":"//*[@id=\"__mbox-btn-1\"]"}
COMMAND: POST /session/05d205f2c704c8761cd4c7880ec388f1/element/f.78DE901C7A9CD016362FC0FAB4BAF19C.d.FD07AE34E45E8E36524B275D9C93BA7B.e.6959/click - {}
RESULT: {}
COMMAND: GET /session/05d205f2c704c8761cd4c7880ec388f1/screenshot - {}
RESULT: {}
COMMAND: POST /session/05d205f2c704c8761cd4c7880ec388f1/execute/async - {"script":"<script> [1562 bytes]","args":[{"selector":{"controlType":"sap.m.Text","viewName":"etm.portal.ui.managerequests.view.Detail","bindingPath":{"propertyPath":"NO","modelName":"catalogModel"}},"wdio_ui5_key":"etmportal.ui.managerequests.view.Detailsap.m.Text{\"propertyPath\":\"NO\",\"modelName\":\"catalogModel\"}"}]}
RESULT: {"script":"<script> [1562 bytes]","args":[{"selector":{"controlType":"sap.m.Text","viewName":"etm.portal.ui.managerequests.view.Detail","bindingPath":{"propertyPath":"NO","modelName":"catalogModel"}},"wdio_ui5_key":"etmportal.ui.managerequests.view.Detailsap.m.Text{\"propertyPath\":\"NO\",\"modelName\":\"catalogModel\"}"}]}
RESULT: undefined
COMMAND: POST /session/05d205f2c704c8761cd4c7880ec388f1/execute/async - {"script":"<script> [6424 bytes]","args":[{"element-6066-11e4-a52e-4f735466cecf":"f.78DE901C7A9CD016362FC0FAB4BAF19C.d.FD07AE34E45E8E36524B275D9C93BA7B.e.7229"},"getText",[]]}
RESULT: {"script":"<script> [6424 bytes]","args":[{"element-6066-11e4-a52e-4f735466cecf":"f.78DE901C7A9CD016362FC0FAB4BAF19C.d.FD07AE34E45E8E36524B275D9C93BA7B.e.7229"},"getText",[]]}
COMMAND: POST /session/05d205f2c704c8761cd4c7880ec388f1/element - {"using":"css selector","value":"#shell-header-logo"}
RESULT: {"using":"css selector","value":"#shell-header-logo"}
COMMAND: POST /session/05d205f2c704c8761cd4c7880ec388f1/element/f.78DE901C7A9CD016362FC0FAB4BAF19C.d.FD07AE34E45E8E36524B275D9C93BA7B.e.6414/click - {}
RESULT: {}
COMMAND: GET /session/05d205f2c704c8761cd4c7880ec388f1/screenshot - {}
RESULT: {}
]]></system-out>
    </testcase>
    <testcase classname="chrome.135_0_7049_115.windows.Yard_Overview_Autoplanning_US130989" name="Should navigate to Yard overview and plan the request" time="121.426">
      <system-out><![CDATA[
COMMAND: POST /session/05d205f2c704c8761cd4c7880ec388f1/execute/async - {"script":"<script> [1562 bytes]","args":[{"selector":{"controlType":"sap.m.GenericTile","properties":{"header":"Yard Overview"}},"wdio_ui5_key":"sapm.GenericTile{\"header\":\"Yard Overview\"}"}]}
RESULT: {"script":"<script> [1562 bytes]","args":[{"selector":{"controlType":"sap.m.GenericTile","properties":{"header":"Yard Overview"}},"wdio_ui5_key":"sapm.GenericTile{\"header\":\"Yard Overview\"}"}]}
RESULT: undefined
COMMAND: POST /session/05d205f2c704c8761cd4c7880ec388f1/element - {"using":"xpath","value":"//*[@id=\"__tile102\"]"}
RESULT: {"using":"xpath","value":"//*[@id=\"__tile102\"]"}
COMMAND: POST /session/05d205f2c704c8761cd4c7880ec388f1/element/f.78DE901C7A9CD016362FC0FAB4BAF19C.d.FD07AE34E45E8E36524B275D9C93BA7B.e.7234/click - {}
RESULT: {}
COMMAND: GET /session/05d205f2c704c8761cd4c7880ec388f1/screenshot - {}
RESULT: {}
COMMAND: POST /session/05d205f2c704c8761cd4c7880ec388f1/execute/async - {"script":"<script> [1562 bytes]","args":[{"selector":{"id":"application-yardoverview-display-component---masterYardInventory--smartFilterBar-btnBasicSearch","interaction":{"idSuffix":"I"}},"wdio_ui5_key":"applicationyardoverview-display-component---masterYardInventory--smartFilterBar-btnBasicSearch"}]}
RESULT: {"script":"<script> [1562 bytes]","args":[{"selector":{"id":"application-yardoverview-display-component---masterYardInventory--smartFilterBar-btnBasicSearch","interaction":{"idSuffix":"I"}},"wdio_ui5_key":"applicationyardoverview-display-component---masterYardInventory--smartFilterBar-btnBasicSearch"}]}
RESULT: undefined
COMMAND: POST /session/05d205f2c704c8761cd4c7880ec388f1/execute/async - {"script":"<script> [776 bytes]","args":[{"enterText":"618","selector":{"id":"application-yardoverview-display-component---masterYardInventory--smartFilterBar-btnBasicSearch","interaction":{"idSuffix":"I"}},"clearTextFirst":true,"interactionType":"ENTER_TEXT"}]}
RESULT: {"script":"<script> [776 bytes]","args":[{"enterText":"618","selector":{"id":"application-yardoverview-display-component---masterYardInventory--smartFilterBar-btnBasicSearch","interaction":{"idSuffix":"I"}},"clearTextFirst":true,"interactionType":"ENTER_TEXT"}]}
COMMAND: POST /session/05d205f2c704c8761cd4c7880ec388f1/actions - {"actions":[{"id":"action20","type":"key","parameters":{},"actions":[{"type":"keyDown","value":"î€‡"},{"type":"pause","duration":10},{"type":"keyUp","value":"î€‡"}]}]}
RESULT: {"actions":[{"id":"action20","type":"key","parameters":{},"actions":[{"type":"keyDown","value":"î€‡"},{"type":"pause","duration":10},{"type":"keyUp","value":"î€‡"}]}]}
COMMAND: GET /session/05d205f2c704c8761cd4c7880ec388f1/screenshot - {}
RESULT: {}
COMMAND: POST /session/05d205f2c704c8761cd4c7880ec388f1/execute/async - {"script":"<script> [1562 bytes]","args":[{"selector":{"controlType":"sap.m.Text","viewName":"etm.portal.ui.yardoverview.view.Master","viewId":"application-yardoverview-display-component---masterYardInventory","bindingPath":{"propertyPath":"ID"}},"wdio_ui5_key":"etmportal.ui.yardoverview.view.Mastersap.m.Text{\"propertyPath\":\"ID\"}"}]}
RESULT: {"script":"<script> [1562 bytes]","args":[{"selector":{"controlType":"sap.m.Text","viewName":"etm.portal.ui.yardoverview.view.Master","viewId":"application-yardoverview-display-component---masterYardInventory","bindingPath":{"propertyPath":"ID"}},"wdio_ui5_key":"etmportal.ui.yardoverview.view.Mastersap.m.Text{\"propertyPath\":\"ID\"}"}]}
RESULT: undefined
COMMAND: POST /session/05d205f2c704c8761cd4c7880ec388f1/element - {"using":"xpath","value":"//*[@id=\"__text906-__clone3729\"]"}
RESULT: {"using":"xpath","value":"//*[@id=\"__text906-__clone3729\"]"}
COMMAND: POST /session/05d205f2c704c8761cd4c7880ec388f1/element/f.78DE901C7A9CD016362FC0FAB4BAF19C.d.FD07AE34E45E8E36524B275D9C93BA7B.e.7305/click - {}
RESULT: {}
COMMAND: GET /session/05d205f2c704c8761cd4c7880ec388f1/screenshot - {}
RESULT: {}
COMMAND: POST /session/05d205f2c704c8761cd4c7880ec388f1/execute/async - {"script":"<script> [1562 bytes]","args":[{"selector":{"id":"application-yardoverview-display-component---detailYardInventory--ObjectPageLayout-anchBar-application-yardoverview-display-component---detailYardInventory--openRequestsSection-anchor","interaction":{"idSuffix":"BDI-content"}},"wdio_ui5_key":"applicationyardoverview-display-component---detailYardInventory--ObjectPageLayout-anchBar-application-yardoverview-display-component---detailYardInventory--openRequestsSection-anchor"}]}
RESULT: {"script":"<script> [1562 bytes]","args":[{"selector":{"id":"application-yardoverview-display-component---detailYardInventory--ObjectPageLayout-anchBar-application-yardoverview-display-component---detailYardInventory--openRequestsSection-anchor","interaction":{"idSuffix":"BDI-content"}},"wdio_ui5_key":"applicationyardoverview-display-component---detailYardInventory--ObjectPageLayout-anchBar-application-yardoverview-display-component---detailYardInventory--openRequestsSection-anchor"}]}
RESULT: undefined
COMMAND: POST /session/05d205f2c704c8761cd4c7880ec388f1/element - {"using":"xpath","value":"//*[@id=\"application-yardoverview-display-component---detailYardInventory--ObjectPageLayout-anchBar-application-yardoverview-display-component---detailYardInventory--openRequestsSection-anchor\"]"}
RESULT: {"using":"xpath","value":"//*[@id=\"application-yardoverview-display-component---detailYardInventory--ObjectPageLayout-anchBar-application-yardoverview-display-component---detailYardInventory--openRequestsSection-anchor\"]"}
COMMAND: POST /session/05d205f2c704c8761cd4c7880ec388f1/element/f.78DE901C7A9CD016362FC0FAB4BAF19C.d.FD07AE34E45E8E36524B275D9C93BA7B.e.7395/click - {}
RESULT: {}
COMMAND: GET /session/05d205f2c704c8761cd4c7880ec388f1/screenshot - {}
RESULT: {}
COMMAND: POST /session/05d205f2c704c8761cd4c7880ec388f1/element - {"using":"xpath","value":"//input[contains(@aria-labelledby ,\"INTERNAL_GROUP-request\")]"}
RESULT: {"using":"xpath","value":"//input[contains(@aria-labelledby ,\"INTERNAL_GROUP-request\")]"}
COMMAND: POST /session/05d205f2c704c8761cd4c7880ec388f1/element/f.78DE901C7A9CD016362FC0FAB4BAF19C.d.FD07AE34E45E8E36524B275D9C93BA7B.e.7406/clear - {}
RESULT: {}
COMMAND: POST /session/05d205f2c704c8761cd4c7880ec388f1/element/f.78DE901C7A9CD016362FC0FAB4BAF19C.d.FD07AE34E45E8E36524B275D9C93BA7B.e.7406/value - {"text":"20370"}
COMMAND: GET /session/05d205f2c704c8761cd4c7880ec388f1/screenshot - {}
RESULT: {"text":"20370"}
COMMAND: GET /session/05d205f2c704c8761cd4c7880ec388f1/screenshot - {}
RESULT: {}
RESULT: {}
COMMAND: POST /session/05d205f2c704c8761cd4c7880ec388f1/actions - {"actions":[{"id":"action21","type":"key","parameters":{},"actions":[{"type":"keyDown","value":"î€‡"},{"type":"pause","duration":10},{"type":"keyUp","value":"î€‡"}]}]}
RESULT: {"actions":[{"id":"action21","type":"key","parameters":{},"actions":[{"type":"keyDown","value":"î€‡"},{"type":"pause","duration":10},{"type":"keyUp","value":"î€‡"}]}]}
COMMAND: POST /session/05d205f2c704c8761cd4c7880ec388f1/element - {"using":"xpath","value":"//button[contains(@id,\"openRequests-triggerAction-autoplanBtn\")]"}
COMMAND: GET /session/05d205f2c704c8761cd4c7880ec388f1/screenshot - {}
RESULT: {"using":"xpath","value":"//button[contains(@id,\"openRequests-triggerAction-autoplanBtn\")]"}
COMMAND: POST /session/05d205f2c704c8761cd4c7880ec388f1/element/f.78DE901C7A9CD016362FC0FAB4BAF19C.d.FD07AE34E45E8E36524B275D9C93BA7B.e.7427/click - {}
RESULT: {}
RESULT: {}
COMMAND: GET /session/05d205f2c704c8761cd4c7880ec388f1/screenshot - {}
RESULT: {}
COMMAND: POST /session/05d205f2c704c8761cd4c7880ec388f1/execute/async - {"script":"<script> [1562 bytes]","args":[{"selector":{"id":"application-yardoverview-display-component---detailYardInventory--customRequestsTable-sa","interaction":{"idSuffix":"CbBg"}},"wdio_ui5_key":"applicationyardoverview-display-component---detailYardInventory--customRequestsTable-sa"}]}
RESULT: {"script":"<script> [1562 bytes]","args":[{"selector":{"id":"application-yardoverview-display-component---detailYardInventory--customRequestsTable-sa","interaction":{"idSuffix":"CbBg"}},"wdio_ui5_key":"applicationyardoverview-display-component---detailYardInventory--customRequestsTable-sa"}]}
RESULT: undefined
COMMAND: POST /session/05d205f2c704c8761cd4c7880ec388f1/element - {"using":"xpath","value":"//*[@id=\"application-yardoverview-display-component---detailYardInventory--customRequestsTable-sa\"]"}
RESULT: {"using":"xpath","value":"//*[@id=\"application-yardoverview-display-component---detailYardInventory--customRequestsTable-sa\"]"}
COMMAND: POST /session/05d205f2c704c8761cd4c7880ec388f1/element/f.78DE901C7A9CD016362FC0FAB4BAF19C.d.FD07AE34E45E8E36524B275D9C93BA7B.e.7450/click - {}
RESULT: {}
COMMAND: GET /session/05d205f2c704c8761cd4c7880ec388f1/screenshot - {}
RESULT: {}
COMMAND: POST /session/05d205f2c704c8761cd4c7880ec388f1/element - {"using":"xpath","value":"//button[contains(@id,\"openRequests-triggerAction-autoplanBtn\")]"}
RESULT: {"using":"xpath","value":"//button[contains(@id,\"openRequests-triggerAction-autoplanBtn\")]"}
COMMAND: POST /session/05d205f2c704c8761cd4c7880ec388f1/element/f.78DE901C7A9CD016362FC0FAB4BAF19C.d.FD07AE34E45E8E36524B275D9C93BA7B.e.7427/click - {}
RESULT: {}
COMMAND: GET /session/05d205f2c704c8761cd4c7880ec388f1/screenshot - {}
RESULT: {}
COMMAND: POST /session/05d205f2c704c8761cd4c7880ec388f1/element - {"using":"xpath","value":"//button[.//bdi[contains(text(),\"OK\")]]"}
RESULT: {"using":"xpath","value":"//button[.//bdi[contains(text(),\"OK\")]]"}
COMMAND: POST /session/05d205f2c704c8761cd4c7880ec388f1/element/f.78DE901C7A9CD016362FC0FAB4BAF19C.d.FD07AE34E45E8E36524B275D9C93BA7B.e.7451/click - {}
RESULT: {}
COMMAND: GET /session/05d205f2c704c8761cd4c7880ec388f1/screenshot - {}
RESULT: {}
COMMAND: POST /session/05d205f2c704c8761cd4c7880ec388f1/execute/async - {"script":"<script> [1562 bytes]","args":[{"selector":{"id":"application-yardoverview-display-component---detailYardInventory--refreshOpenRequests-img"},"wdio_ui5_key":"applicationyardoverview-display-component---detailYardInventory--refreshOpenRequests-img"}]}
RESULT: {"script":"<script> [1562 bytes]","args":[{"selector":{"id":"application-yardoverview-display-component---detailYardInventory--refreshOpenRequests-img"},"wdio_ui5_key":"applicationyardoverview-display-component---detailYardInventory--refreshOpenRequests-img"}]}
RESULT: undefined
COMMAND: POST /session/05d205f2c704c8761cd4c7880ec388f1/element - {"using":"xpath","value":"//*[@id=\"application-yardoverview-display-component---detailYardInventory--refreshOpenRequests-img\"]"}
RESULT: {"using":"xpath","value":"//*[@id=\"application-yardoverview-display-component---detailYardInventory--refreshOpenRequests-img\"]"}
COMMAND: POST /session/05d205f2c704c8761cd4c7880ec388f1/element/f.78DE901C7A9CD016362FC0FAB4BAF19C.d.FD07AE34E45E8E36524B275D9C93BA7B.e.7453/click - {}
RESULT: {}
COMMAND: GET /session/05d205f2c704c8761cd4c7880ec388f1/screenshot - {}
RESULT: {}
COMMAND: POST /session/05d205f2c704c8761cd4c7880ec388f1/execute/async - {"script":"<script> [1562 bytes]","args":[{"selector":{"id":"application-yardoverview-display-component---detailYardInventory--ObjectPageLayout-anchBar-application-yardoverview-display-component---detailYardInventory--openProvidesSection-anchor","interaction":{"idSuffix":"BDI-content"}},"wdio_ui5_key":"applicationyardoverview-display-component---detailYardInventory--ObjectPageLayout-anchBar-application-yardoverview-display-component---detailYardInventory--openProvidesSection-anchor"}]}
RESULT: {"script":"<script> [1562 bytes]","args":[{"selector":{"id":"application-yardoverview-display-component---detailYardInventory--ObjectPageLayout-anchBar-application-yardoverview-display-component---detailYardInventory--openProvidesSection-anchor","interaction":{"idSuffix":"BDI-content"}},"wdio_ui5_key":"applicationyardoverview-display-component---detailYardInventory--ObjectPageLayout-anchBar-application-yardoverview-display-component---detailYardInventory--openProvidesSection-anchor"}]}
RESULT: undefined
COMMAND: POST /session/05d205f2c704c8761cd4c7880ec388f1/element - {"using":"xpath","value":"//*[@id=\"application-yardoverview-display-component---detailYardInventory--ObjectPageLayout-anchBar-application-yardoverview-display-component---detailYardInventory--openProvidesSection-anchor\"]"}
RESULT: {"using":"xpath","value":"//*[@id=\"application-yardoverview-display-component---detailYardInventory--ObjectPageLayout-anchBar-application-yardoverview-display-component---detailYardInventory--openProvidesSection-anchor\"]"}
COMMAND: POST /session/05d205f2c704c8761cd4c7880ec388f1/element/f.78DE901C7A9CD016362FC0FAB4BAF19C.d.FD07AE34E45E8E36524B275D9C93BA7B.e.7457/click - {}
RESULT: {}
COMMAND: GET /session/05d205f2c704c8761cd4c7880ec388f1/screenshot - {}
RESULT: {}
COMMAND: POST /session/05d205f2c704c8761cd4c7880ec388f1/element - {"using":"css selector","value":"#shell-header-logo"}
RESULT: {"using":"css selector","value":"#shell-header-logo"}
COMMAND: POST /session/05d205f2c704c8761cd4c7880ec388f1/element/f.78DE901C7A9CD016362FC0FAB4BAF19C.d.FD07AE34E45E8E36524B275D9C93BA7B.e.7236/click - {}
RESULT: {}
COMMAND: GET /session/05d205f2c704c8761cd4c7880ec388f1/screenshot - {}
RESULT: {}
RESULT: undefined
COMMAND: POST /session/05d205f2c704c8761cd4c7880ec388f1/element - {"using":"xpath","value":"//*[@id=\"__tile47-title\"]"}
RESULT: {"using":"xpath","value":"//*[@id=\"__tile47-title\"]"}
COMMAND: POST /session/05d205f2c704c8761cd4c7880ec388f1/element/f.78DE901C7A9CD016362FC0FAB4BAF19C.d.FD07AE34E45E8E36524B275D9C93BA7B.e.6412/click - {}
RESULT: {}
COMMAND: GET /session/05d205f2c704c8761cd4c7880ec388f1/screenshot - {}
RESULT: {}
COMMAND: POST /session/05d205f2c704c8761cd4c7880ec388f1/execute/async - {"script":"<script> [1562 bytes]","args":[{"selector":{"controlType":"sap.m.SearchField","viewName":"etm.portal.ui.managerequests.view.Master","bindingPath":{"path":"","propertyPath":"/_BASIC_SEARCH_FIELD","modelName":"fi1t3rM0d31"},"interaction":{"idSuffix":"I"}},"wdio_ui5_key":"etmportal.ui.managerequests.view.Mastersap.m.SearchField{\"path\":\"\",\"propertyPath\":\"/_BASIC_SEARCH_FIELD\",\"modelName\":\"fi1t3rM0d31\"}"}]}
RESULT: {"script":"<script> [1562 bytes]","args":[{"selector":{"controlType":"sap.m.SearchField","viewName":"etm.portal.ui.managerequests.view.Master","bindingPath":{"path":"","propertyPath":"/_BASIC_SEARCH_FIELD","modelName":"fi1t3rM0d31"},"interaction":{"idSuffix":"I"}},"wdio_ui5_key":"etmportal.ui.managerequests.view.Mastersap.m.SearchField{\"path\":\"\",\"propertyPath\":\"/_BASIC_SEARCH_FIELD\",\"modelName\":\"fi1t3rM0d31\"}"}]}
RESULT: undefined
COMMAND: POST /session/05d205f2c704c8761cd4c7880ec388f1/execute/async - {"script":"<script> [776 bytes]","args":[{"enterText":"20370","selector":{"controlType":"sap.m.SearchField","viewName":"etm.portal.ui.managerequests.view.Master","bindingPath":{"path":"","propertyPath":"/_BASIC_SEARCH_FIELD","modelName":"fi1t3rM0d31"},"interaction":{"idSuffix":"I"}},"clearTextFirst":true,"interactionType":"ENTER_TEXT"}]}
RESULT: {"script":"<script> [776 bytes]","args":[{"enterText":"20370","selector":{"controlType":"sap.m.SearchField","viewName":"etm.portal.ui.managerequests.view.Master","bindingPath":{"path":"","propertyPath":"/_BASIC_SEARCH_FIELD","modelName":"fi1t3rM0d31"},"interaction":{"idSuffix":"I"}},"clearTextFirst":true,"interactionType":"ENTER_TEXT"}]}
COMMAND: POST /session/05d205f2c704c8761cd4c7880ec388f1/actions - {"actions":[{"id":"action22","type":"key","parameters":{},"actions":[{"type":"keyDown","value":"î€‡"},{"type":"pause","duration":10},{"type":"keyUp","value":"î€‡"}]}]}
RESULT: {"actions":[{"id":"action22","type":"key","parameters":{},"actions":[{"type":"keyDown","value":"î€‡"},{"type":"pause","duration":10},{"type":"keyUp","value":"î€‡"}]}]}
COMMAND: GET /session/05d205f2c704c8761cd4c7880ec388f1/screenshot - {}
RESULT: {}
COMMAND: POST /session/05d205f2c704c8761cd4c7880ec388f1/execute/async - {"script":"<script> [1562 bytes]","args":[{"selector":{"controlType":"sap.m.ObjectNumber","viewName":"etm.portal.ui.managerequests.view.Master","bindingPath":{"propertyPath":"IN_USE_FOR"},"interaction":{"idSuffix":"number"}},"wdio_ui5_key":"etmportal.ui.managerequests.view.Mastersap.m.ObjectNumber{\"propertyPath\":\"IN_USE_FOR\"}"}]}
RESULT: {"script":"<script> [1562 bytes]","args":[{"selector":{"controlType":"sap.m.ObjectNumber","viewName":"etm.portal.ui.managerequests.view.Master","bindingPath":{"propertyPath":"IN_USE_FOR"},"interaction":{"idSuffix":"number"}},"wdio_ui5_key":"etmportal.ui.managerequests.view.Mastersap.m.ObjectNumber{\"propertyPath\":\"IN_USE_FOR\"}"}]}
RESULT: undefined
COMMAND: POST /session/05d205f2c704c8761cd4c7880ec388f1/element - {"using":"xpath","value":"//*[@id=\"__number8-__clone3870\"]"}
RESULT: {"using":"xpath","value":"//*[@id=\"__number8-__clone3870\"]"}
COMMAND: POST /session/05d205f2c704c8761cd4c7880ec388f1/element/f.78DE901C7A9CD016362FC0FAB4BAF19C.d.FD07AE34E45E8E36524B275D9C93BA7B.e.7592/click - {}
RESULT: {}
COMMAND: POST /session/05d205f2c704c8761cd4c7880ec388f1/execute/async - {"script":"<script> [1562 bytes]","args":[{"selector":{"controlType":"sap.m.ObjectStatus","viewName":"etm.portal.ui.managerequests.view.Detail","bindingPath":{"propertyPath":"LINK_TO_STATUS/DESCRIPTION","modelName":"catalogModel"}},"wdio_ui5_key":"etmportal.ui.managerequests.view.Detailsap.m.ObjectStatus{\"propertyPath\":\"LINK_TO_STATUS/DESCRIPTION\",\"modelName\":\"catalogModel\"}"}]}
COMMAND: GET /session/05d205f2c704c8761cd4c7880ec388f1/screenshot - {}
RESULT: {"script":"<script> [1562 bytes]","args":[{"selector":{"controlType":"sap.m.ObjectStatus","viewName":"etm.portal.ui.managerequests.view.Detail","bindingPath":{"propertyPath":"LINK_TO_STATUS/DESCRIPTION","modelName":"catalogModel"}},"wdio_ui5_key":"etmportal.ui.managerequests.view.Detailsap.m.ObjectStatus{\"propertyPath\":\"LINK_TO_STATUS/DESCRIPTION\",\"modelName\":\"catalogModel\"}"}]}
RESULT: undefined
COMMAND: POST /session/05d205f2c704c8761cd4c7880ec388f1/execute/async - {"script":"<script> [6424 bytes]","args":[{"element-6066-11e4-a52e-4f735466cecf":"f.78DE901C7A9CD016362FC0FAB4BAF19C.d.FD07AE34E45E8E36524B275D9C93BA7B.e.7791"},"getText",[]]}
RESULT: {}
RESULT: {"script":"<script> [6424 bytes]","args":[{"element-6066-11e4-a52e-4f735466cecf":"f.78DE901C7A9CD016362FC0FAB4BAF19C.d.FD07AE34E45E8E36524B275D9C93BA7B.e.7791"},"getText",[]]}
COMMAND: POST /session/05d205f2c704c8761cd4c7880ec388f1/element - {"using":"css selector","value":"#shell-header-logo"}
RESULT: {"using":"css selector","value":"#shell-header-logo"}
COMMAND: POST /session/05d205f2c704c8761cd4c7880ec388f1/element/f.78DE901C7A9CD016362FC0FAB4BAF19C.d.FD07AE34E45E8E36524B275D9C93BA7B.e.7474/click - {}
RESULT: {}
COMMAND: GET /session/05d205f2c704c8761cd4c7880ec388f1/screenshot - {}
RESULT: {}
COMMAND: DELETE /session/05d205f2c704c8761cd4c7880ec388f1 - {}
RESULT: {}
]]></system-out>
    </testcase>
  </testsuite>
</testsuites>