<?xml version="1.0" encoding="UTF-8"?>
<testsuites tests="3" failures="0" errors="0" skipped="0">
  <testsuite timestamp="2025-05-15T18:00:54" time="225.014" tests="3" failures="0" errors="0" skipped="0">
    <properties>
      <property name="specId" value="0" />
      <property name="suiteName" value="Address Management Tests US151165 US151160" />
      <property name="capabilities" value="chrome.136_0_7103_93.windows" />
      <property name="file" value="file:///D:/a/1/s/test/specs/BTS/address-management.spec.js" />
    </properties>
    <testcase classname="chrome.136_0_7103_93.windows.Address_Management_Tests_US151165_US151160" name="Step 1 Will check existence of address created with generated name if none then we create" time="76.632">
      <system-out><![CDATA[
COMMAND: POST /session/bde8f57e163ed1339e16b7406b16263c/execute/async - {"script":"<script> [1562 bytes]","args":[{"selector":{"controlType":"sap.m.GenericTile","properties":{"header":"Address Management"}},"wdio_ui5_key":"sapm.GenericTile{\"header\":\"Address Management\"}"}]}
RESULT: {"script":"<script> [1562 bytes]","args":[{"selector":{"controlType":"sap.m.GenericTile","properties":{"header":"Address Management"}},"wdio_ui5_key":"sapm.GenericTile{\"header\":\"Address Management\"}"}]}
RESULT: undefined
COMMAND: POST /session/bde8f57e163ed1339e16b7406b16263c/element - {"using":"xpath","value":"//*[@id=\"__tile33\"]"}
RESULT: {"using":"xpath","value":"//*[@id=\"__tile33\"]"}
COMMAND: POST /session/bde8f57e163ed1339e16b7406b16263c/element/f.AA5F3A6E407FCB0FE01BAA55857E5956.d.3D8F341B18B5CC929B7A87EDFD4F386C.e.217/click - {}
RESULT: {}
COMMAND: GET /session/bde8f57e163ed1339e16b7406b16263c/screenshot - {}
RESULT: {}
COMMAND: POST /session/bde8f57e163ed1339e16b7406b16263c/elements - {"using":"xpath","value":"//span[text()='Error']"}
RESULT: {"using":"xpath","value":"//span[text()='Error']"}
COMMAND: POST /session/bde8f57e163ed1339e16b7406b16263c/element - {"using":"xpath","value":"//button[@data-kt=\"addButton\"]"}
RESULT: {"using":"xpath","value":"//button[@data-kt=\"addButton\"]"}
COMMAND: POST /session/bde8f57e163ed1339e16b7406b16263c/elements - {"using":"xpath","value":"//button[@data-kt=\"addButton\"]"}
RESULT: {"using":"xpath","value":"//button[@data-kt=\"addButton\"]"}
COMMAND: POST /session/bde8f57e163ed1339e16b7406b16263c/elements - {"using":"xpath","value":"//button[@data-kt=\"addButton\"]"}
RESULT: {"using":"xpath","value":"//button[@data-kt=\"addButton\"]"}
COMMAND: POST /session/bde8f57e163ed1339e16b7406b16263c/element - {"using":"xpath","value":"//button[@data-kt=\"addButton\"]"}
RESULT: {"using":"xpath","value":"//button[@data-kt=\"addButton\"]"}
COMMAND: POST /session/bde8f57e163ed1339e16b7406b16263c/execute/sync - {"script":"<script> [8489 bytes]","args":[{"element-6066-11e4-a52e-4f735466cecf":"f.AA5F3A6E407FCB0FE01BAA55857E5956.d.3D8F341B18B5CC929B7A87EDFD4F386C.e.302","ELEMENT":"f.AA5F3A6E407FCB0FE01BAA55857E5956.d.3D8F341B18B5CC929B7A87EDFD4F386C.e.302"}]}
RESULT: {"script":"<script> [8489 bytes]","args":[{"element-6066-11e4-a52e-4f735466cecf":"f.AA5F3A6E407FCB0FE01BAA55857E5956.d.3D8F341B18B5CC929B7A87EDFD4F386C.e.302","ELEMENT":"f.AA5F3A6E407FCB0FE01BAA55857E5956.d.3D8F341B18B5CC929B7A87EDFD4F386C.e.302"}]}
COMMAND: GET /session/bde8f57e163ed1339e16b7406b16263c/element/f.AA5F3A6E407FCB0FE01BAA55857E5956.d.3D8F341B18B5CC929B7A87EDFD4F386C.e.302/enabled - {}
COMMAND: GET /session/bde8f57e163ed1339e16b7406b16263c/screenshot - {}
RESULT: {}
COMMAND: POST /session/bde8f57e163ed1339e16b7406b16263c/execute/sync - {"script":"<script> [8489 bytes]","args":[{"element-6066-11e4-a52e-4f735466cecf":"f.AA5F3A6E407FCB0FE01BAA55857E5956.d.3D8F341B18B5CC929B7A87EDFD4F386C.e.302","ELEMENT":"f.AA5F3A6E407FCB0FE01BAA55857E5956.d.3D8F341B18B5CC929B7A87EDFD4F386C.e.302"}]}
COMMAND: GET /session/bde8f57e163ed1339e16b7406b16263c/screenshot - {}
RESULT: {}
RESULT: {"script":"<script> [8489 bytes]","args":[{"element-6066-11e4-a52e-4f735466cecf":"f.AA5F3A6E407FCB0FE01BAA55857E5956.d.3D8F341B18B5CC929B7A87EDFD4F386C.e.302","ELEMENT":"f.AA5F3A6E407FCB0FE01BAA55857E5956.d.3D8F341B18B5CC929B7A87EDFD4F386C.e.302"}]}
COMMAND: POST /session/bde8f57e163ed1339e16b7406b16263c/execute/sync - {"script":"<script> [5351 bytes]","args":[{"element-6066-11e4-a52e-4f735466cecf":"f.AA5F3A6E407FCB0FE01BAA55857E5956.d.3D8F341B18B5CC929B7A87EDFD4F386C.e.302","ELEMENT":"f.AA5F3A6E407FCB0FE01BAA55857E5956.d.3D8F341B18B5CC929B7A87EDFD4F386C.e.302"}]}
RESULT: {}
RESULT: {"script":"<script> [5351 bytes]","args":[{"element-6066-11e4-a52e-4f735466cecf":"f.AA5F3A6E407FCB0FE01BAA55857E5956.d.3D8F341B18B5CC929B7A87EDFD4F386C.e.302","ELEMENT":"f.AA5F3A6E407FCB0FE01BAA55857E5956.d.3D8F341B18B5CC929B7A87EDFD4F386C.e.302"}]}
COMMAND: GET /session/bde8f57e163ed1339e16b7406b16263c/screenshot - {}
COMMAND: GET /session/bde8f57e163ed1339e16b7406b16263c/screenshot - {}
RESULT: {}
RESULT: {}
COMMAND: POST /session/bde8f57e163ed1339e16b7406b16263c/execute/async - {"script":"<script> [1562 bytes]","args":[{"selector":{"id":"application-addressmanagement-display-component---masterAdm--smartFilterBar-btnBasicSearch","interaction":{"idSuffix":"I"}},"wdio_ui5_key":"applicationaddressmanagement-display-component---masterAdm--smartFilterBar-btnBasicSearch"}]}
RESULT: {"script":"<script> [1562 bytes]","args":[{"selector":{"id":"application-addressmanagement-display-component---masterAdm--smartFilterBar-btnBasicSearch","interaction":{"idSuffix":"I"}},"wdio_ui5_key":"applicationaddressmanagement-display-component---masterAdm--smartFilterBar-btnBasicSearch"}]}
RESULT: undefined
COMMAND: POST /session/bde8f57e163ed1339e16b7406b16263c/execute/async - {"script":"<script> [776 bytes]","args":[{"enterText":"sqVmUdmJ3k","selector":{"id":"application-addressmanagement-display-component---masterAdm--smartFilterBar-btnBasicSearch","interaction":{"idSuffix":"I"}},"clearTextFirst":true,"interactionType":"ENTER_TEXT"}]}
RESULT: {"script":"<script> [776 bytes]","args":[{"enterText":"sqVmUdmJ3k","selector":{"id":"application-addressmanagement-display-component---masterAdm--smartFilterBar-btnBasicSearch","interaction":{"idSuffix":"I"}},"clearTextFirst":true,"interactionType":"ENTER_TEXT"}]}
COMMAND: POST /session/bde8f57e163ed1339e16b7406b16263c/actions - {"actions":[{"id":"action1","type":"key","parameters":{},"actions":[{"type":"keyDown","value":"î€‡"},{"type":"pause","duration":10},{"type":"keyUp","value":"î€‡"}]}]}
RESULT: {"actions":[{"id":"action1","type":"key","parameters":{},"actions":[{"type":"keyDown","value":"î€‡"},{"type":"pause","duration":10},{"type":"keyUp","value":"î€‡"}]}]}
COMMAND: GET /session/bde8f57e163ed1339e16b7406b16263c/screenshot - {}
RESULT: {}
COMMAND: POST /session/bde8f57e163ed1339e16b7406b16263c/elements - {"using":"xpath","value":"//table[contains(@id, \"customPersonsAddressesTable-listUl\")]/tbody/tr"}
RESULT: {"using":"xpath","value":"//table[contains(@id, \"customPersonsAddressesTable-listUl\")]/tbody/tr"}
COMMAND: POST /session/bde8f57e163ed1339e16b7406b16263c/element - {"using":"xpath","value":"//table[contains(@id, \"customPersonsAddressesTable-listUl\")]/tbody/tr[1]/td[5]/span/span"}
RESULT: {"using":"xpath","value":"//table[contains(@id, \"customPersonsAddressesTable-listUl\")]/tbody/tr[1]/td[5]/span/span"}
COMMAND: POST /session/bde8f57e163ed1339e16b7406b16263c/element - {"using":"xpath","value":"//table[contains(@id, \"customPersonsAddressesTable-listUl\")]/tbody/tr[1]/td[3]/span"}
RESULT: {"using":"xpath","value":"//table[contains(@id, \"customPersonsAddressesTable-listUl\")]/tbody/tr[1]/td[3]/span"}
COMMAND: POST /session/bde8f57e163ed1339e16b7406b16263c/elements - {"using":"xpath","value":"//table[contains(@id, \"customPersonsAddressesTable-listUl\")]/tbody/tr[1]/td[5]/span/span"}
RESULT: {"using":"xpath","value":"//table[contains(@id, \"customPersonsAddressesTable-listUl\")]/tbody/tr[1]/td[5]/span/span"}
COMMAND: POST /session/bde8f57e163ed1339e16b7406b16263c/element - {"using":"xpath","value":"//span[@id=\"application-addressmanagement-display-component---masterAdm--smartTable-header-inner\"]"}
RESULT: {"using":"xpath","value":"//span[@id=\"application-addressmanagement-display-component---masterAdm--smartTable-header-inner\"]"}
COMMAND: POST /session/bde8f57e163ed1339e16b7406b16263c/elements - {"using":"xpath","value":"//span[@id=\"application-addressmanagement-display-component---masterAdm--smartTable-header-inner\"]"}
RESULT: {"using":"xpath","value":"//span[@id=\"application-addressmanagement-display-component---masterAdm--smartTable-header-inner\"]"}
COMMAND: POST /session/bde8f57e163ed1339e16b7406b16263c/execute/sync - {"script":"<script> [56 bytes]","args":[{"element-6066-11e4-a52e-4f735466cecf":"f.AA5F3A6E407FCB0FE01BAA55857E5956.d.3D8F341B18B5CC929B7A87EDFD4F386C.e.444","ELEMENT":"f.AA5F3A6E407FCB0FE01BAA55857E5956.d.3D8F341B18B5CC929B7A87EDFD4F386C.e.444"}]}
RESULT: {"script":"<script> [56 bytes]","args":[{"element-6066-11e4-a52e-4f735466cecf":"f.AA5F3A6E407FCB0FE01BAA55857E5956.d.3D8F341B18B5CC929B7A87EDFD4F386C.e.444","ELEMENT":"f.AA5F3A6E407FCB0FE01BAA55857E5956.d.3D8F341B18B5CC929B7A87EDFD4F386C.e.444"}]}
COMMAND: POST /session/bde8f57e163ed1339e16b7406b16263c/element - {"using":"xpath","value":"//button[@data-kt=\"addButton\"]"}
COMMAND: GET /session/bde8f57e163ed1339e16b7406b16263c/screenshot - {}
RESULT: {"using":"xpath","value":"//button[@data-kt=\"addButton\"]"}
COMMAND: POST /session/bde8f57e163ed1339e16b7406b16263c/element/f.AA5F3A6E407FCB0FE01BAA55857E5956.d.3D8F341B18B5CC929B7A87EDFD4F386C.e.302/click - {}
RESULT: {}
RESULT: {}
COMMAND: GET /session/bde8f57e163ed1339e16b7406b16263c/screenshot - {}
RESULT: {}
COMMAND: POST /session/bde8f57e163ed1339e16b7406b16263c/execute/async - {"script":"<script> [1562 bytes]","args":[{"selector":{"controlType":"sap.ui.core.Icon","viewName":"etm.portal.ui.addressmanagement.view.NewAddress","properties":{"src":{"regex":{"source":"slim\\-arrow\\-down"}}},"ancestor":{"id":"addressTitle","viewName":"etm.portal.ui.addressmanagement.view.NewAddress"}},"wdio_ui5_key":"etmportal.ui.addressmanagement.view.NewAddresssap.ui.core.Icon{\"src\":{\"regex\":{\"source\":\"slim\\\\-arrow\\\\-down\"}}}{\"id\":\"addressTitle\",\"viewName\":\"etm.portal.ui.addressmanagement.view.NewAddress\"}"}]}
RESULT: {"script":"<script> [1562 bytes]","args":[{"selector":{"controlType":"sap.ui.core.Icon","viewName":"etm.portal.ui.addressmanagement.view.NewAddress","properties":{"src":{"regex":{"source":"slim\\-arrow\\-down"}}},"ancestor":{"id":"addressTitle","viewName":"etm.portal.ui.addressmanagement.view.NewAddress"}},"wdio_ui5_key":"etmportal.ui.addressmanagement.view.NewAddresssap.ui.core.Icon{\"src\":{\"regex\":{\"source\":\"slim\\\\-arrow\\\\-down\"}}}{\"id\":\"addressTitle\",\"viewName\":\"etm.portal.ui.addressmanagement.view.NewAddress\"}"}]}
RESULT: undefined
COMMAND: POST /session/bde8f57e163ed1339e16b7406b16263c/element - {"using":"xpath","value":"//*[@id=\"__xmlview58--addressTitle-arrow\"]"}
RESULT: {"using":"xpath","value":"//*[@id=\"__xmlview58--addressTitle-arrow\"]"}
COMMAND: POST /session/bde8f57e163ed1339e16b7406b16263c/element/f.AA5F3A6E407FCB0FE01BAA55857E5956.d.3D8F341B18B5CC929B7A87EDFD4F386C.e.503/click - {}
RESULT: {}
COMMAND: GET /session/bde8f57e163ed1339e16b7406b16263c/screenshot - {}
RESULT: {}
COMMAND: POST /session/bde8f57e163ed1339e16b7406b16263c/element - {"using":"xpath","value":"//li[.//span[text()=\"Dr.\"]]"}
RESULT: {"using":"xpath","value":"//li[.//span[text()=\"Dr.\"]]"}
COMMAND: POST /session/bde8f57e163ed1339e16b7406b16263c/element/f.AA5F3A6E407FCB0FE01BAA55857E5956.d.3D8F341B18B5CC929B7A87EDFD4F386C.e.581/click - {}
RESULT: {}
COMMAND: POST /session/bde8f57e163ed1339e16b7406b16263c/execute/async - {"script":"<script> [1562 bytes]","args":[{"selector":{"controlType":"sap.ui.core.Icon","viewName":"etm.portal.ui.addressmanagement.view.NewAddress","properties":{"src":{"regex":{"source":"slim\\-arrow\\-down"}}},"ancestor":{"id":"addressDetailDetailsLanguage","viewName":"etm.portal.ui.addressmanagement.view.NewAddress"}},"wdio_ui5_key":"etmportal.ui.addressmanagement.view.NewAddresssap.ui.core.Icon{\"src\":{\"regex\":{\"source\":\"slim\\\\-arrow\\\\-down\"}}}{\"id\":\"addressDetailDetailsLanguage\",\"viewName\":\"etm.portal.ui.addressmanagement.view.NewAddress\"}"}]}
COMMAND: GET /session/bde8f57e163ed1339e16b7406b16263c/screenshot - {}
RESULT: {"script":"<script> [1562 bytes]","args":[{"selector":{"controlType":"sap.ui.core.Icon","viewName":"etm.portal.ui.addressmanagement.view.NewAddress","properties":{"src":{"regex":{"source":"slim\\-arrow\\-down"}}},"ancestor":{"id":"addressDetailDetailsLanguage","viewName":"etm.portal.ui.addressmanagement.view.NewAddress"}},"wdio_ui5_key":"etmportal.ui.addressmanagement.view.NewAddresssap.ui.core.Icon{\"src\":{\"regex\":{\"source\":\"slim\\\\-arrow\\\\-down\"}}}{\"id\":\"addressDetailDetailsLanguage\",\"viewName\":\"etm.portal.ui.addressmanagement.view.NewAddress\"}"}]}
RESULT: undefined
COMMAND: POST /session/bde8f57e163ed1339e16b7406b16263c/element - {"using":"xpath","value":"//*[@id=\"__xmlview58--addressDetailDetailsLanguage-arrow\"]"}
RESULT: {}
RESULT: {"using":"xpath","value":"//*[@id=\"__xmlview58--addressDetailDetailsLanguage-arrow\"]"}
COMMAND: POST /session/bde8f57e163ed1339e16b7406b16263c/element/f.AA5F3A6E407FCB0FE01BAA55857E5956.d.3D8F341B18B5CC929B7A87EDFD4F386C.e.516/click - {}
RESULT: {}
COMMAND: GET /session/bde8f57e163ed1339e16b7406b16263c/screenshot - {}
RESULT: {}
COMMAND: POST /session/bde8f57e163ed1339e16b7406b16263c/element - {"using":"xpath","value":"//span[contains(text(), \"English\")]"}
RESULT: {"using":"xpath","value":"//span[contains(text(), \"English\")]"}
COMMAND: POST /session/bde8f57e163ed1339e16b7406b16263c/element/f.AA5F3A6E407FCB0FE01BAA55857E5956.d.3D8F341B18B5CC929B7A87EDFD4F386C.e.582/click - {}
RESULT: {}
COMMAND: POST /session/bde8f57e163ed1339e16b7406b16263c/execute/async - {"script":"<script> [1562 bytes]","args":[{"selector":{"controlType":"sap.m.Input","viewName":"etm.portal.ui.addressmanagement.view.NewAddress","labelFor":{"text":"Name"},"interaction":{"idSuffix":"inner"}},"wdio_ui5_key":"etmportal.ui.addressmanagement.view.NewAddresssap.m.Input{\"text\":\"Name\"}"}]}
COMMAND: GET /session/bde8f57e163ed1339e16b7406b16263c/screenshot - {}
RESULT: {"script":"<script> [1562 bytes]","args":[{"selector":{"controlType":"sap.m.Input","viewName":"etm.portal.ui.addressmanagement.view.NewAddress","labelFor":{"text":"Name"},"interaction":{"idSuffix":"inner"}},"wdio_ui5_key":"etmportal.ui.addressmanagement.view.NewAddresssap.m.Input{\"text\":\"Name\"}"}]}
RESULT: undefined
COMMAND: POST /session/bde8f57e163ed1339e16b7406b16263c/execute/async - {"script":"<script> [776 bytes]","args":[{"enterText":"sqVmUdmJ3k","selector":{"controlType":"sap.m.Input","viewName":"etm.portal.ui.addressmanagement.view.NewAddress","labelFor":{"text":"Name"},"interaction":{"idSuffix":"inner"}},"clearTextFirst":true,"interactionType":"ENTER_TEXT"}]}
RESULT: {}
RESULT: {"script":"<script> [776 bytes]","args":[{"enterText":"sqVmUdmJ3k","selector":{"controlType":"sap.m.Input","viewName":"etm.portal.ui.addressmanagement.view.NewAddress","labelFor":{"text":"Name"},"interaction":{"idSuffix":"inner"}},"clearTextFirst":true,"interactionType":"ENTER_TEXT"}]}
COMMAND: POST /session/bde8f57e163ed1339e16b7406b16263c/element - {"using":"xpath","value":"//button[@title=\"Save\"]"}
RESULT: {"using":"xpath","value":"//button[@title=\"Save\"]"}
COMMAND: POST /session/bde8f57e163ed1339e16b7406b16263c/element/f.AA5F3A6E407FCB0FE01BAA55857E5956.d.3D8F341B18B5CC929B7A87EDFD4F386C.e.569/click - {}
RESULT: {}
COMMAND: GET /session/bde8f57e163ed1339e16b7406b16263c/screenshot - {}
RESULT: {}
COMMAND: POST /session/bde8f57e163ed1339e16b7406b16263c/element - {"using":"xpath","value":"//header[contains(@id, \"application-addressmanagement-display-component---detailAdm--ObjectPageLayout-headerTitle\")]/div[1]/div[3]/div[2]/span"}
RESULT: {"using":"xpath","value":"//header[contains(@id, \"application-addressmanagement-display-component---detailAdm--ObjectPageLayout-headerTitle\")]/div[1]/div[3]/div[2]/span"}
COMMAND: POST /session/bde8f57e163ed1339e16b7406b16263c/elements - {"using":"xpath","value":"//header[contains(@id, \"application-addressmanagement-display-component---detailAdm--ObjectPageLayout-headerTitle\")]/div[1]/div[3]/div[2]/span"}
RESULT: {"using":"xpath","value":"//header[contains(@id, \"application-addressmanagement-display-component---detailAdm--ObjectPageLayout-headerTitle\")]/div[1]/div[3]/div[2]/span"}
COMMAND: POST /session/bde8f57e163ed1339e16b7406b16263c/execute/sync - {"script":"<script> [56 bytes]","args":[{"element-6066-11e4-a52e-4f735466cecf":"f.AA5F3A6E407FCB0FE01BAA55857E5956.d.3D8F341B18B5CC929B7A87EDFD4F386C.e.602","ELEMENT":"f.AA5F3A6E407FCB0FE01BAA55857E5956.d.3D8F341B18B5CC929B7A87EDFD4F386C.e.602"}]}
RESULT: {"script":"<script> [56 bytes]","args":[{"element-6066-11e4-a52e-4f735466cecf":"f.AA5F3A6E407FCB0FE01BAA55857E5956.d.3D8F341B18B5CC929B7A87EDFD4F386C.e.602","ELEMENT":"f.AA5F3A6E407FCB0FE01BAA55857E5956.d.3D8F341B18B5CC929B7A87EDFD4F386C.e.602"}]}
COMMAND: GET /session/bde8f57e163ed1339e16b7406b16263c/screenshot - {}
RESULT: {}
COMMAND: POST /session/bde8f57e163ed1339e16b7406b16263c/element - {"using":"css selector","value":"#shell-header-logo"}
RESULT: {"using":"css selector","value":"#shell-header-logo"}
COMMAND: POST /session/bde8f57e163ed1339e16b7406b16263c/element/f.AA5F3A6E407FCB0FE01BAA55857E5956.d.3D8F341B18B5CC929B7A87EDFD4F386C.e.266/click - {}
RESULT: {}
COMMAND: GET /session/bde8f57e163ed1339e16b7406b16263c/screenshot - {}
RESULT: {}
]]></system-out>
    </testcase>
    <testcase classname="chrome.136_0_7103_93.windows.Address_Management_Tests_US151165_US151160" name="Step 2 Should deactivate the created address in earlier step US151165" time="42.132">
      <system-out><![CDATA[
RESULT: undefined
COMMAND: POST /session/bde8f57e163ed1339e16b7406b16263c/element - {"using":"xpath","value":"//*[@id=\"__tile33\"]"}
RESULT: {"using":"xpath","value":"//*[@id=\"__tile33\"]"}
COMMAND: POST /session/bde8f57e163ed1339e16b7406b16263c/element/f.AA5F3A6E407FCB0FE01BAA55857E5956.d.3D8F341B18B5CC929B7A87EDFD4F386C.e.217/click - {}
RESULT: {}
COMMAND: GET /session/bde8f57e163ed1339e16b7406b16263c/screenshot - {}
RESULT: {}
COMMAND: POST /session/bde8f57e163ed1339e16b7406b16263c/elements - {"using":"xpath","value":"//span[text()='Error']"}
RESULT: {"using":"xpath","value":"//span[text()='Error']"}
COMMAND: POST /session/bde8f57e163ed1339e16b7406b16263c/element - {"using":"xpath","value":"//button[@data-kt=\"addButton\"]"}
RESULT: {"using":"xpath","value":"//button[@data-kt=\"addButton\"]"}
COMMAND: POST /session/bde8f57e163ed1339e16b7406b16263c/elements - {"using":"xpath","value":"//button[@data-kt=\"addButton\"]"}
RESULT: {"using":"xpath","value":"//button[@data-kt=\"addButton\"]"}
COMMAND: POST /session/bde8f57e163ed1339e16b7406b16263c/execute/sync - {"script":"<script> [8489 bytes]","args":[{"element-6066-11e4-a52e-4f735466cecf":"f.AA5F3A6E407FCB0FE01BAA55857E5956.d.3D8F341B18B5CC929B7A87EDFD4F386C.e.669","ELEMENT":"f.AA5F3A6E407FCB0FE01BAA55857E5956.d.3D8F341B18B5CC929B7A87EDFD4F386C.e.669"}]}
RESULT: {"script":"<script> [8489 bytes]","args":[{"element-6066-11e4-a52e-4f735466cecf":"f.AA5F3A6E407FCB0FE01BAA55857E5956.d.3D8F341B18B5CC929B7A87EDFD4F386C.e.669","ELEMENT":"f.AA5F3A6E407FCB0FE01BAA55857E5956.d.3D8F341B18B5CC929B7A87EDFD4F386C.e.669"}]}
COMMAND: GET /session/bde8f57e163ed1339e16b7406b16263c/element/f.AA5F3A6E407FCB0FE01BAA55857E5956.d.3D8F341B18B5CC929B7A87EDFD4F386C.e.669/enabled - {}
COMMAND: GET /session/bde8f57e163ed1339e16b7406b16263c/screenshot - {}
RESULT: {}
COMMAND: POST /session/bde8f57e163ed1339e16b7406b16263c/execute/sync - {"script":"<script> [8489 bytes]","args":[{"element-6066-11e4-a52e-4f735466cecf":"f.AA5F3A6E407FCB0FE01BAA55857E5956.d.3D8F341B18B5CC929B7A87EDFD4F386C.e.669","ELEMENT":"f.AA5F3A6E407FCB0FE01BAA55857E5956.d.3D8F341B18B5CC929B7A87EDFD4F386C.e.669"}]}
COMMAND: GET /session/bde8f57e163ed1339e16b7406b16263c/screenshot - {}
RESULT: {}
RESULT: {"script":"<script> [8489 bytes]","args":[{"element-6066-11e4-a52e-4f735466cecf":"f.AA5F3A6E407FCB0FE01BAA55857E5956.d.3D8F341B18B5CC929B7A87EDFD4F386C.e.669","ELEMENT":"f.AA5F3A6E407FCB0FE01BAA55857E5956.d.3D8F341B18B5CC929B7A87EDFD4F386C.e.669"}]}
COMMAND: POST /session/bde8f57e163ed1339e16b7406b16263c/execute/sync - {"script":"<script> [5351 bytes]","args":[{"element-6066-11e4-a52e-4f735466cecf":"f.AA5F3A6E407FCB0FE01BAA55857E5956.d.3D8F341B18B5CC929B7A87EDFD4F386C.e.669","ELEMENT":"f.AA5F3A6E407FCB0FE01BAA55857E5956.d.3D8F341B18B5CC929B7A87EDFD4F386C.e.669"}]}
COMMAND: GET /session/bde8f57e163ed1339e16b7406b16263c/screenshot - {}
RESULT: {}
RESULT: {"script":"<script> [5351 bytes]","args":[{"element-6066-11e4-a52e-4f735466cecf":"f.AA5F3A6E407FCB0FE01BAA55857E5956.d.3D8F341B18B5CC929B7A87EDFD4F386C.e.669","ELEMENT":"f.AA5F3A6E407FCB0FE01BAA55857E5956.d.3D8F341B18B5CC929B7A87EDFD4F386C.e.669"}]}
COMMAND: GET /session/bde8f57e163ed1339e16b7406b16263c/screenshot - {}
RESULT: {}
RESULT: {}
RESULT: undefined
COMMAND: POST /session/bde8f57e163ed1339e16b7406b16263c/execute/async - {"script":"<script> [776 bytes]","args":[{"enterText":"sqVmUdmJ3k","selector":{"id":"application-addressmanagement-display-component---masterAdm--smartFilterBar-btnBasicSearch","interaction":{"idSuffix":"I"}},"clearTextFirst":true,"interactionType":"ENTER_TEXT"}]}
RESULT: {"script":"<script> [776 bytes]","args":[{"enterText":"sqVmUdmJ3k","selector":{"id":"application-addressmanagement-display-component---masterAdm--smartFilterBar-btnBasicSearch","interaction":{"idSuffix":"I"}},"clearTextFirst":true,"interactionType":"ENTER_TEXT"}]}
COMMAND: POST /session/bde8f57e163ed1339e16b7406b16263c/actions - {"actions":[{"id":"action2","type":"key","parameters":{},"actions":[{"type":"keyDown","value":"î€‡"},{"type":"pause","duration":10},{"type":"keyUp","value":"î€‡"}]}]}
RESULT: {"actions":[{"id":"action2","type":"key","parameters":{},"actions":[{"type":"keyDown","value":"î€‡"},{"type":"pause","duration":10},{"type":"keyUp","value":"î€‡"}]}]}
COMMAND: GET /session/bde8f57e163ed1339e16b7406b16263c/screenshot - {}
RESULT: {}
COMMAND: POST /session/bde8f57e163ed1339e16b7406b16263c/elements - {"using":"xpath","value":"//table[contains(@id, \"customPersonsAddressesTable-listUl\")]/tbody/tr"}
RESULT: {"using":"xpath","value":"//table[contains(@id, \"customPersonsAddressesTable-listUl\")]/tbody/tr"}
COMMAND: POST /session/bde8f57e163ed1339e16b7406b16263c/element - {"using":"xpath","value":"//table[contains(@id, \"customPersonsAddressesTable-listUl\")]/tbody/tr[1]/td[5]/span/span"}
RESULT: {"using":"xpath","value":"//table[contains(@id, \"customPersonsAddressesTable-listUl\")]/tbody/tr[1]/td[5]/span/span"}
COMMAND: POST /session/bde8f57e163ed1339e16b7406b16263c/element - {"using":"xpath","value":"//table[contains(@id, \"customPersonsAddressesTable-listUl\")]/tbody/tr[1]/td[3]/span"}
RESULT: {"using":"xpath","value":"//table[contains(@id, \"customPersonsAddressesTable-listUl\")]/tbody/tr[1]/td[3]/span"}
COMMAND: POST /session/bde8f57e163ed1339e16b7406b16263c/elements - {"using":"xpath","value":"//table[contains(@id, \"customPersonsAddressesTable-listUl\")]/tbody/tr[1]/td[5]/span/span"}
RESULT: {"using":"xpath","value":"//table[contains(@id, \"customPersonsAddressesTable-listUl\")]/tbody/tr[1]/td[5]/span/span"}
COMMAND: POST /session/bde8f57e163ed1339e16b7406b16263c/execute/sync - {"script":"<script> [56 bytes]","args":[{"element-6066-11e4-a52e-4f735466cecf":"f.AA5F3A6E407FCB0FE01BAA55857E5956.d.3D8F341B18B5CC929B7A87EDFD4F386C.e.803","ELEMENT":"f.AA5F3A6E407FCB0FE01BAA55857E5956.d.3D8F341B18B5CC929B7A87EDFD4F386C.e.803"}]}
RESULT: {"script":"<script> [56 bytes]","args":[{"element-6066-11e4-a52e-4f735466cecf":"f.AA5F3A6E407FCB0FE01BAA55857E5956.d.3D8F341B18B5CC929B7A87EDFD4F386C.e.803","ELEMENT":"f.AA5F3A6E407FCB0FE01BAA55857E5956.d.3D8F341B18B5CC929B7A87EDFD4F386C.e.803"}]}
COMMAND: POST /session/bde8f57e163ed1339e16b7406b16263c/execute/sync - {"script":"<script> [56 bytes]","args":[{"element-6066-11e4-a52e-4f735466cecf":"f.AA5F3A6E407FCB0FE01BAA55857E5956.d.3D8F341B18B5CC929B7A87EDFD4F386C.e.804","ELEMENT":"f.AA5F3A6E407FCB0FE01BAA55857E5956.d.3D8F341B18B5CC929B7A87EDFD4F386C.e.804"}]}
COMMAND: GET /session/bde8f57e163ed1339e16b7406b16263c/screenshot - {}
RESULT: {"script":"<script> [56 bytes]","args":[{"element-6066-11e4-a52e-4f735466cecf":"f.AA5F3A6E407FCB0FE01BAA55857E5956.d.3D8F341B18B5CC929B7A87EDFD4F386C.e.804","ELEMENT":"f.AA5F3A6E407FCB0FE01BAA55857E5956.d.3D8F341B18B5CC929B7A87EDFD4F386C.e.804"}]}
COMMAND: POST /session/bde8f57e163ed1339e16b7406b16263c/element - {"using":"xpath","value":"//table[contains(@id, \"customPersonsAddressesTable-listUl\")]/tbody/tr[1]/td[10]/div/span"}
COMMAND: GET /session/bde8f57e163ed1339e16b7406b16263c/screenshot - {}
RESULT: {}
RESULT: {"using":"xpath","value":"//table[contains(@id, \"customPersonsAddressesTable-listUl\")]/tbody/tr[1]/td[10]/div/span"}
COMMAND: POST /session/bde8f57e163ed1339e16b7406b16263c/execute/sync - {"script":"<script> [56 bytes]","args":[{"element-6066-11e4-a52e-4f735466cecf":"f.AA5F3A6E407FCB0FE01BAA55857E5956.d.3D8F341B18B5CC929B7A87EDFD4F386C.e.805","ELEMENT":"f.AA5F3A6E407FCB0FE01BAA55857E5956.d.3D8F341B18B5CC929B7A87EDFD4F386C.e.805"}]}
RESULT: {}
RESULT: {"script":"<script> [56 bytes]","args":[{"element-6066-11e4-a52e-4f735466cecf":"f.AA5F3A6E407FCB0FE01BAA55857E5956.d.3D8F341B18B5CC929B7A87EDFD4F386C.e.805","ELEMENT":"f.AA5F3A6E407FCB0FE01BAA55857E5956.d.3D8F341B18B5CC929B7A87EDFD4F386C.e.805"}]}
COMMAND: POST /session/bde8f57e163ed1339e16b7406b16263c/element - {"using":"xpath","value":"//table[contains(@id, \"customPersonsAddressesTable-listUl\")]/tbody/tr[1]/td[2]/div/div"}
COMMAND: GET /session/bde8f57e163ed1339e16b7406b16263c/screenshot - {}
RESULT: {"using":"xpath","value":"//table[contains(@id, \"customPersonsAddressesTable-listUl\")]/tbody/tr[1]/td[2]/div/div"}
COMMAND: POST /session/bde8f57e163ed1339e16b7406b16263c/element/f.AA5F3A6E407FCB0FE01BAA55857E5956.d.3D8F341B18B5CC929B7A87EDFD4F386C.e.806/click - {}
RESULT: {}
RESULT: {}
COMMAND: GET /session/bde8f57e163ed1339e16b7406b16263c/screenshot - {}
RESULT: {}
COMMAND: POST /session/bde8f57e163ed1339e16b7406b16263c/element - {"using":"xpath","value":"//bdi[contains(text(), \"Deactivate\")]"}
RESULT: {"using":"xpath","value":"//bdi[contains(text(), \"Deactivate\")]"}
COMMAND: POST /session/bde8f57e163ed1339e16b7406b16263c/element/f.AA5F3A6E407FCB0FE01BAA55857E5956.d.3D8F341B18B5CC929B7A87EDFD4F386C.e.807/click - {}
RESULT: {}
COMMAND: GET /session/bde8f57e163ed1339e16b7406b16263c/screenshot - {}
RESULT: {}
COMMAND: POST /session/bde8f57e163ed1339e16b7406b16263c/element - {"using":"xpath","value":"//bdi[contains(text(), \"Yes\")]"}
RESULT: {"using":"xpath","value":"//bdi[contains(text(), \"Yes\")]"}
COMMAND: POST /session/bde8f57e163ed1339e16b7406b16263c/element/f.AA5F3A6E407FCB0FE01BAA55857E5956.d.3D8F341B18B5CC929B7A87EDFD4F386C.e.809/click - {}
RESULT: {}
COMMAND: GET /session/bde8f57e163ed1339e16b7406b16263c/screenshot - {}
RESULT: {}
COMMAND: POST /session/bde8f57e163ed1339e16b7406b16263c/element - {"using":"xpath","value":"//table[contains(@id, \"customPersonsAddressesTable-listUl\")]/tbody/tr[1]/td[10]/div/span"}
RESULT: {"using":"xpath","value":"//table[contains(@id, \"customPersonsAddressesTable-listUl\")]/tbody/tr[1]/td[10]/div/span"}
COMMAND: POST /session/bde8f57e163ed1339e16b7406b16263c/execute/sync - {"script":"<script> [56 bytes]","args":[{"element-6066-11e4-a52e-4f735466cecf":"f.AA5F3A6E407FCB0FE01BAA55857E5956.d.3D8F341B18B5CC929B7A87EDFD4F386C.e.805","ELEMENT":"f.AA5F3A6E407FCB0FE01BAA55857E5956.d.3D8F341B18B5CC929B7A87EDFD4F386C.e.805"}]}
RESULT: {"script":"<script> [56 bytes]","args":[{"element-6066-11e4-a52e-4f735466cecf":"f.AA5F3A6E407FCB0FE01BAA55857E5956.d.3D8F341B18B5CC929B7A87EDFD4F386C.e.805","ELEMENT":"f.AA5F3A6E407FCB0FE01BAA55857E5956.d.3D8F341B18B5CC929B7A87EDFD4F386C.e.805"}]}
COMMAND: GET /session/bde8f57e163ed1339e16b7406b16263c/screenshot - {}
RESULT: {}
COMMAND: POST /session/bde8f57e163ed1339e16b7406b16263c/element - {"using":"css selector","value":"#shell-header-logo"}
RESULT: {"using":"css selector","value":"#shell-header-logo"}
COMMAND: POST /session/bde8f57e163ed1339e16b7406b16263c/element/f.AA5F3A6E407FCB0FE01BAA55857E5956.d.3D8F341B18B5CC929B7A87EDFD4F386C.e.607/click - {}
RESULT: {}
COMMAND: GET /session/bde8f57e163ed1339e16b7406b16263c/screenshot - {}
RESULT: {}
]]></system-out>
    </testcase>
    <testcase classname="chrome.136_0_7103_93.windows.Address_Management_Tests_US151165_US151160" name="Step 3 Should activate the created address back again US151160" time="42.176">
      <system-out><![CDATA[
RESULT: undefined
COMMAND: POST /session/bde8f57e163ed1339e16b7406b16263c/element - {"using":"xpath","value":"//*[@id=\"__tile33\"]"}
RESULT: {"using":"xpath","value":"//*[@id=\"__tile33\"]"}
COMMAND: POST /session/bde8f57e163ed1339e16b7406b16263c/element/f.AA5F3A6E407FCB0FE01BAA55857E5956.d.3D8F341B18B5CC929B7A87EDFD4F386C.e.217/click - {}
RESULT: {}
COMMAND: GET /session/bde8f57e163ed1339e16b7406b16263c/screenshot - {}
RESULT: {}
COMMAND: POST /session/bde8f57e163ed1339e16b7406b16263c/elements - {"using":"xpath","value":"//span[text()='Error']"}
RESULT: {"using":"xpath","value":"//span[text()='Error']"}
COMMAND: POST /session/bde8f57e163ed1339e16b7406b16263c/element - {"using":"xpath","value":"//button[@data-kt=\"addButton\"]"}
RESULT: {"using":"xpath","value":"//button[@data-kt=\"addButton\"]"}
COMMAND: POST /session/bde8f57e163ed1339e16b7406b16263c/elements - {"using":"xpath","value":"//button[@data-kt=\"addButton\"]"}
RESULT: {"using":"xpath","value":"//button[@data-kt=\"addButton\"]"}
COMMAND: POST /session/bde8f57e163ed1339e16b7406b16263c/execute/sync - {"script":"<script> [8489 bytes]","args":[{"element-6066-11e4-a52e-4f735466cecf":"f.AA5F3A6E407FCB0FE01BAA55857E5956.d.3D8F341B18B5CC929B7A87EDFD4F386C.e.869","ELEMENT":"f.AA5F3A6E407FCB0FE01BAA55857E5956.d.3D8F341B18B5CC929B7A87EDFD4F386C.e.869"}]}
RESULT: {"script":"<script> [8489 bytes]","args":[{"element-6066-11e4-a52e-4f735466cecf":"f.AA5F3A6E407FCB0FE01BAA55857E5956.d.3D8F341B18B5CC929B7A87EDFD4F386C.e.869","ELEMENT":"f.AA5F3A6E407FCB0FE01BAA55857E5956.d.3D8F341B18B5CC929B7A87EDFD4F386C.e.869"}]}
COMMAND: GET /session/bde8f57e163ed1339e16b7406b16263c/element/f.AA5F3A6E407FCB0FE01BAA55857E5956.d.3D8F341B18B5CC929B7A87EDFD4F386C.e.869/enabled - {}
COMMAND: GET /session/bde8f57e163ed1339e16b7406b16263c/screenshot - {}
RESULT: {}
COMMAND: POST /session/bde8f57e163ed1339e16b7406b16263c/execute/sync - {"script":"<script> [8489 bytes]","args":[{"element-6066-11e4-a52e-4f735466cecf":"f.AA5F3A6E407FCB0FE01BAA55857E5956.d.3D8F341B18B5CC929B7A87EDFD4F386C.e.869","ELEMENT":"f.AA5F3A6E407FCB0FE01BAA55857E5956.d.3D8F341B18B5CC929B7A87EDFD4F386C.e.869"}]}
COMMAND: GET /session/bde8f57e163ed1339e16b7406b16263c/screenshot - {}
RESULT: {}
RESULT: {"script":"<script> [8489 bytes]","args":[{"element-6066-11e4-a52e-4f735466cecf":"f.AA5F3A6E407FCB0FE01BAA55857E5956.d.3D8F341B18B5CC929B7A87EDFD4F386C.e.869","ELEMENT":"f.AA5F3A6E407FCB0FE01BAA55857E5956.d.3D8F341B18B5CC929B7A87EDFD4F386C.e.869"}]}
COMMAND: POST /session/bde8f57e163ed1339e16b7406b16263c/execute/sync - {"script":"<script> [5351 bytes]","args":[{"element-6066-11e4-a52e-4f735466cecf":"f.AA5F3A6E407FCB0FE01BAA55857E5956.d.3D8F341B18B5CC929B7A87EDFD4F386C.e.869","ELEMENT":"f.AA5F3A6E407FCB0FE01BAA55857E5956.d.3D8F341B18B5CC929B7A87EDFD4F386C.e.869"}]}
COMMAND: GET /session/bde8f57e163ed1339e16b7406b16263c/screenshot - {}
RESULT: {}
RESULT: {"script":"<script> [5351 bytes]","args":[{"element-6066-11e4-a52e-4f735466cecf":"f.AA5F3A6E407FCB0FE01BAA55857E5956.d.3D8F341B18B5CC929B7A87EDFD4F386C.e.869","ELEMENT":"f.AA5F3A6E407FCB0FE01BAA55857E5956.d.3D8F341B18B5CC929B7A87EDFD4F386C.e.869"}]}
COMMAND: GET /session/bde8f57e163ed1339e16b7406b16263c/screenshot - {}
RESULT: {}
RESULT: {}
RESULT: undefined
COMMAND: POST /session/bde8f57e163ed1339e16b7406b16263c/execute/async - {"script":"<script> [776 bytes]","args":[{"enterText":"sqVmUdmJ3k","selector":{"id":"application-addressmanagement-display-component---masterAdm--smartFilterBar-btnBasicSearch","interaction":{"idSuffix":"I"}},"clearTextFirst":true,"interactionType":"ENTER_TEXT"}]}
RESULT: {"script":"<script> [776 bytes]","args":[{"enterText":"sqVmUdmJ3k","selector":{"id":"application-addressmanagement-display-component---masterAdm--smartFilterBar-btnBasicSearch","interaction":{"idSuffix":"I"}},"clearTextFirst":true,"interactionType":"ENTER_TEXT"}]}
COMMAND: POST /session/bde8f57e163ed1339e16b7406b16263c/actions - {"actions":[{"id":"action3","type":"key","parameters":{},"actions":[{"type":"keyDown","value":"î€‡"},{"type":"pause","duration":10},{"type":"keyUp","value":"î€‡"}]}]}
RESULT: {"actions":[{"id":"action3","type":"key","parameters":{},"actions":[{"type":"keyDown","value":"î€‡"},{"type":"pause","duration":10},{"type":"keyUp","value":"î€‡"}]}]}
COMMAND: GET /session/bde8f57e163ed1339e16b7406b16263c/screenshot - {}
RESULT: {}
COMMAND: POST /session/bde8f57e163ed1339e16b7406b16263c/elements - {"using":"xpath","value":"//table[contains(@id, \"customPersonsAddressesTable-listUl\")]/tbody/tr"}
RESULT: {"using":"xpath","value":"//table[contains(@id, \"customPersonsAddressesTable-listUl\")]/tbody/tr"}
COMMAND: POST /session/bde8f57e163ed1339e16b7406b16263c/element - {"using":"xpath","value":"//table[contains(@id, \"customPersonsAddressesTable-listUl\")]/tbody/tr[1]/td[5]/span/span"}
RESULT: {"using":"xpath","value":"//table[contains(@id, \"customPersonsAddressesTable-listUl\")]/tbody/tr[1]/td[5]/span/span"}
COMMAND: POST /session/bde8f57e163ed1339e16b7406b16263c/element - {"using":"xpath","value":"//table[contains(@id, \"customPersonsAddressesTable-listUl\")]/tbody/tr[1]/td[3]/span"}
RESULT: {"using":"xpath","value":"//table[contains(@id, \"customPersonsAddressesTable-listUl\")]/tbody/tr[1]/td[3]/span"}
COMMAND: POST /session/bde8f57e163ed1339e16b7406b16263c/elements - {"using":"xpath","value":"//table[contains(@id, \"customPersonsAddressesTable-listUl\")]/tbody/tr[1]/td[5]/span/span"}
RESULT: {"using":"xpath","value":"//table[contains(@id, \"customPersonsAddressesTable-listUl\")]/tbody/tr[1]/td[5]/span/span"}
COMMAND: POST /session/bde8f57e163ed1339e16b7406b16263c/execute/sync - {"script":"<script> [56 bytes]","args":[{"element-6066-11e4-a52e-4f735466cecf":"f.AA5F3A6E407FCB0FE01BAA55857E5956.d.3D8F341B18B5CC929B7A87EDFD4F386C.e.1011","ELEMENT":"f.AA5F3A6E407FCB0FE01BAA55857E5956.d.3D8F341B18B5CC929B7A87EDFD4F386C.e.1011"}]}
RESULT: {"script":"<script> [56 bytes]","args":[{"element-6066-11e4-a52e-4f735466cecf":"f.AA5F3A6E407FCB0FE01BAA55857E5956.d.3D8F341B18B5CC929B7A87EDFD4F386C.e.1011","ELEMENT":"f.AA5F3A6E407FCB0FE01BAA55857E5956.d.3D8F341B18B5CC929B7A87EDFD4F386C.e.1011"}]}
COMMAND: POST /session/bde8f57e163ed1339e16b7406b16263c/execute/sync - {"script":"<script> [56 bytes]","args":[{"element-6066-11e4-a52e-4f735466cecf":"f.AA5F3A6E407FCB0FE01BAA55857E5956.d.3D8F341B18B5CC929B7A87EDFD4F386C.e.1012","ELEMENT":"f.AA5F3A6E407FCB0FE01BAA55857E5956.d.3D8F341B18B5CC929B7A87EDFD4F386C.e.1012"}]}
COMMAND: GET /session/bde8f57e163ed1339e16b7406b16263c/screenshot - {}
RESULT: {"script":"<script> [56 bytes]","args":[{"element-6066-11e4-a52e-4f735466cecf":"f.AA5F3A6E407FCB0FE01BAA55857E5956.d.3D8F341B18B5CC929B7A87EDFD4F386C.e.1012","ELEMENT":"f.AA5F3A6E407FCB0FE01BAA55857E5956.d.3D8F341B18B5CC929B7A87EDFD4F386C.e.1012"}]}
COMMAND: POST /session/bde8f57e163ed1339e16b7406b16263c/element - {"using":"xpath","value":"//table[contains(@id, \"customPersonsAddressesTable-listUl\")]/tbody/tr[1]/td[10]/div/span"}
COMMAND: GET /session/bde8f57e163ed1339e16b7406b16263c/screenshot - {}
RESULT: {}
RESULT: {"using":"xpath","value":"//table[contains(@id, \"customPersonsAddressesTable-listUl\")]/tbody/tr[1]/td[10]/div/span"}
COMMAND: POST /session/bde8f57e163ed1339e16b7406b16263c/execute/sync - {"script":"<script> [56 bytes]","args":[{"element-6066-11e4-a52e-4f735466cecf":"f.AA5F3A6E407FCB0FE01BAA55857E5956.d.3D8F341B18B5CC929B7A87EDFD4F386C.e.1013","ELEMENT":"f.AA5F3A6E407FCB0FE01BAA55857E5956.d.3D8F341B18B5CC929B7A87EDFD4F386C.e.1013"}]}
RESULT: {}
RESULT: {"script":"<script> [56 bytes]","args":[{"element-6066-11e4-a52e-4f735466cecf":"f.AA5F3A6E407FCB0FE01BAA55857E5956.d.3D8F341B18B5CC929B7A87EDFD4F386C.e.1013","ELEMENT":"f.AA5F3A6E407FCB0FE01BAA55857E5956.d.3D8F341B18B5CC929B7A87EDFD4F386C.e.1013"}]}
COMMAND: POST /session/bde8f57e163ed1339e16b7406b16263c/element - {"using":"xpath","value":"//table[contains(@id, \"customPersonsAddressesTable-listUl\")]/tbody/tr[1]/td[2]/div/div"}
COMMAND: GET /session/bde8f57e163ed1339e16b7406b16263c/screenshot - {}
RESULT: {"using":"xpath","value":"//table[contains(@id, \"customPersonsAddressesTable-listUl\")]/tbody/tr[1]/td[2]/div/div"}
COMMAND: POST /session/bde8f57e163ed1339e16b7406b16263c/element/f.AA5F3A6E407FCB0FE01BAA55857E5956.d.3D8F341B18B5CC929B7A87EDFD4F386C.e.1014/click - {}
RESULT: {}
RESULT: {}
COMMAND: GET /session/bde8f57e163ed1339e16b7406b16263c/screenshot - {}
RESULT: {}
COMMAND: POST /session/bde8f57e163ed1339e16b7406b16263c/element - {"using":"xpath","value":"//bdi[contains(text(), \"Activate\")]"}
RESULT: {"using":"xpath","value":"//bdi[contains(text(), \"Activate\")]"}
COMMAND: POST /session/bde8f57e163ed1339e16b7406b16263c/element/f.AA5F3A6E407FCB0FE01BAA55857E5956.d.3D8F341B18B5CC929B7A87EDFD4F386C.e.1015/click - {}
RESULT: {}
COMMAND: GET /session/bde8f57e163ed1339e16b7406b16263c/screenshot - {}
RESULT: {}
COMMAND: POST /session/bde8f57e163ed1339e16b7406b16263c/element - {"using":"xpath","value":"//bdi[contains(text(), \"Yes\")]"}
RESULT: {"using":"xpath","value":"//bdi[contains(text(), \"Yes\")]"}
COMMAND: POST /session/bde8f57e163ed1339e16b7406b16263c/element/f.AA5F3A6E407FCB0FE01BAA55857E5956.d.3D8F341B18B5CC929B7A87EDFD4F386C.e.1017/click - {}
RESULT: {}
COMMAND: GET /session/bde8f57e163ed1339e16b7406b16263c/screenshot - {}
RESULT: {}
COMMAND: POST /session/bde8f57e163ed1339e16b7406b16263c/element - {"using":"xpath","value":"//table[contains(@id, \"customPersonsAddressesTable-listUl\")]/tbody/tr[1]/td[10]/div/span"}
RESULT: {"using":"xpath","value":"//table[contains(@id, \"customPersonsAddressesTable-listUl\")]/tbody/tr[1]/td[10]/div/span"}
COMMAND: POST /session/bde8f57e163ed1339e16b7406b16263c/execute/sync - {"script":"<script> [56 bytes]","args":[{"element-6066-11e4-a52e-4f735466cecf":"f.AA5F3A6E407FCB0FE01BAA55857E5956.d.3D8F341B18B5CC929B7A87EDFD4F386C.e.1013","ELEMENT":"f.AA5F3A6E407FCB0FE01BAA55857E5956.d.3D8F341B18B5CC929B7A87EDFD4F386C.e.1013"}]}
RESULT: {"script":"<script> [56 bytes]","args":[{"element-6066-11e4-a52e-4f735466cecf":"f.AA5F3A6E407FCB0FE01BAA55857E5956.d.3D8F341B18B5CC929B7A87EDFD4F386C.e.1013","ELEMENT":"f.AA5F3A6E407FCB0FE01BAA55857E5956.d.3D8F341B18B5CC929B7A87EDFD4F386C.e.1013"}]}
COMMAND: GET /session/bde8f57e163ed1339e16b7406b16263c/screenshot - {}
RESULT: {}
COMMAND: POST /session/bde8f57e163ed1339e16b7406b16263c/element - {"using":"css selector","value":"#shell-header-logo"}
RESULT: {"using":"css selector","value":"#shell-header-logo"}
COMMAND: POST /session/bde8f57e163ed1339e16b7406b16263c/element/f.AA5F3A6E407FCB0FE01BAA55857E5956.d.3D8F341B18B5CC929B7A87EDFD4F386C.e.817/click - {}
RESULT: {}
COMMAND: GET /session/bde8f57e163ed1339e16b7406b16263c/screenshot - {}
RESULT: {}
COMMAND: DELETE /session/bde8f57e163ed1339e16b7406b16263c - {}
RESULT: {}
]]></system-out>
    </testcase>
  </testsuite>
</testsuites>